{"(1, '0')": {"explain_plan": {"Plan": {"Node Type": "Aggregate", "Strategy": "Plain", "Startup Cost": 69341.41, "Total Cost": 69341.42, "Plan Rows": 1, "Plan Width": 49, "Plans": [{"Node Type": "Nested Loop", "Parent Relationship": "Outer", "Join Type": "Inner", "Startup Cost": 0.0, "Total Cost": 69336.61, "Plan Rows": 1919, "Plan Width": 17, "Inner Unique": true, "Plans": [{"Node Type": "Nested Loop", "Parent Relationship": "Outer", "Join Type": "Inner", "Startup Cost": 0.0, "Total Cost": 68799.18, "Plan Rows": 1919, "Plan Width": 21, "Inner Unique": false, "Plans": [{"Node Type": "Nested Loop", "Parent Relationship": "Outer", "Join Type": "Inner", "Startup Cost": 0.0, "Total Cost": 66519.89, "Plan Rows": 1869, "Plan Width": 25, "Inner Unique": true, "Plans": [{"Node Type": "Nested Loop", "Parent Relationship": "Outer", "Join Type": "Inner", "Startup Cost": 0.0, "Total Cost": 54902.47, "Plan Rows": 1540, "Plan Width": 4, "Inner Unique": false, "Join Filter": "(ct.id = mc.company_type_id)", "Plans": [{"Node Type": "Seq Scan", "Parent Relationship": "Outer", "Relation Name": "company_type", "Alias": "ct", "Startup Cost": 0.0, "Total Cost": 1.04, "Plan Rows": 1, "Plan Width": 4, "Filter": "((kind)::text = 'production companies'::text)"}, {"Node Type": "Seq Scan", "Parent Relationship": "Inner", "Relation Name": "movie_companies", "Alias": "mc", "Startup Cost": 0.0, "Total Cost": 54862.92, "Plan Rows": 3081, "Plan Width": 8, "Filter": "(((note)::text ~~ '%(theatrical)%'::text) AND ((note)::text ~~ '%(France)%'::text))"}]}, {"Node Type": "Index Scan", "Parent Relationship": "Inner", "Scan Direction": "Forward", "Index Name": "title_pkey", "Relation Name": "title", "Alias": "t", "Startup Cost": 0.0, "Total Cost": 7.53, "Plan Rows": 1, "Plan Width": 21, "Index Cond": "(id = mc.movie_id)", "Filter": "(production_year > 2005)"}]}, {"Node Type": "Index Scan", "Parent Relationship": "Inner", "Scan Direction": "Forward", "Index Name": "movie_id_movie_info", "Relation Name": "movie_info", "Alias": "mi", "Startup Cost": 0.0, "Total Cost": 1.21, "Plan Rows": 1, "Plan Width": 8, "Index Cond": "(movie_id = t.id)", "Filter": "((info)::text = ANY ('{Sweden,Norway,Germany,Denmark,Swedish,Denish,Norwegian,German}'::text[]))"}]}, {"Node Type": "Index Only Scan", "Parent Relationship": "Inner", "Scan Direction": "Forward", "Index Name": "info_type_pkey", "Relation Name": "info_type", "Alias": "it", "Startup Cost": 0.0, "Total Cost": 0.27, "Plan Rows": 1, "Plan Width": 4, "Index Cond": "(id = mi.info_type_id)"}]}]}, "Unique SQL Id": 2510907716, "Planner Runtime": 7}, "explain_analyze_plan": {"Plan": {"Node Type": "Aggregate", "Strategy": "Plain", "Startup Cost": 69341.41, "Total Cost": 69341.42, "Plan Rows": 1, "Plan Width": 49, "Actual Startup Time": 1042.689, "Actual Total Time": 1042.69, "Actual Rows": 1, "Actual Loops": 1, "Plans": [{"Node Type": "Nested Loop", "Parent Relationship": "Outer", "Join Type": "Inner", "Startup Cost": 0.0, "Total Cost": 69336.61, "Plan Rows": 1919, "Plan Width": 17, "Actual Startup Time": 1042.681, "Actual Total Time": 1042.681, "Actual Rows": 0, "Actual Loops": 1, "Inner Unique": true, "Plans": [{"Node Type": "Nested Loop", "Parent Relationship": "Outer", "Join Type": "Inner", "Startup Cost": 0.0, "Total Cost": 68799.18, "Plan Rows": 1919, "Plan Width": 21, "Actual Startup Time": 1042.679, "Actual Total Time": 1042.679, "Actual Rows": 0, "Actual Loops": 1, "Inner Unique": false, "Plans": [{"Node Type": "Nested Loop", "Parent Relationship": "Outer", "Join Type": "Inner", "Startup Cost": 0.0, "Total Cost": 66519.89, "Plan Rows": 1869, "Plan Width": 25, "Actual Startup Time": 1042.677, "Actual Total Time": 1042.677, "Actual Rows": 0, "Actual Loops": 1, "Inner Unique": true, "Plans": [{"Node Type": "Nested Loop", "Parent Relationship": "Outer", "Join Type": "Inner", "Startup Cost": 0.0, "Total Cost": 54902.47, "Plan Rows": 1540, "Plan Width": 4, "Actual Startup Time": 1042.676, "Actual Total Time": 1042.676, "Actual Rows": 0, "Actual Loops": 1, "Inner Unique": false, "Join Filter": "(ct.id = mc.company_type_id)", "Rows Removed by Join Filter": 24025, "Plans": [{"Node Type": "Seq Scan", "Parent Relationship": "Outer", "Relation Name": "company_type", "Alias": "ct", "Startup Cost": 0.0, "Total Cost": 1.04, "Plan Rows": 1, "Plan Width": 4, "Actual Startup Time": 0.02, "Actual Total Time": 0.027, "Actual Rows": 1, "Actual Loops": 1, "Filter": "((kind)::text = 'production companies'::text)", "Rows Removed by Filter": 2}, {"Node Type": "Seq Scan", "Parent Relationship": "Inner", "Relation Name": "movie_companies", "Alias": "mc", "Startup Cost": 0.0, "Total Cost": 54862.92, "Plan Rows": 3081, "Plan Width": 8, "Actual Startup Time": 8.674, "Actual Total Time": 1037.406, "Actual Rows": 24025, "Actual Loops": 1, "Filter": "(((note)::text ~~ '%(theatrical)%'::text) AND ((note)::text ~~ '%(France)%'::text))", "Rows Removed by Filter": 2585103}]}, {"Node Type": "Index Scan", "Parent Relationship": "Inner", "Scan Direction": "Forward", "Index Name": "title_pkey", "Relation Name": "title", "Alias": "t", "Startup Cost": 0.0, "Total Cost": 7.53, "Plan Rows": 1, "Plan Width": 21, "Actual Startup Time": 0.0, "Actual Total Time": 0.0, "Index Cond": "(id = mc.movie_id)", "Rows Removed by Index Recheck": 0, "Filter": "(production_year > 2005)", "Rows Removed by Filter": 0}]}, {"Node Type": "Index Scan", "Parent Relationship": "Inner", "Scan Direction": "Forward", "Index Name": "movie_id_movie_info", "Relation Name": "movie_info", "Alias": "mi", "Startup Cost": 0.0, "Total Cost": 1.21, "Plan Rows": 1, "Plan Width": 8, "Actual Startup Time": 0.0, "Actual Total Time": 0.0, "Index Cond": "(movie_id = t.id)", "Rows Removed by Index Recheck": 0, "Filter": "((info)::text = ANY ('{Sweden,Norway,Germany,Denmark,Swedish,Denish,Norwegian,German}'::text[]))", "Rows Removed by Filter": 0}]}, {"Node Type": "Index Only Scan", "Parent Relationship": "Inner", "Scan Direction": "Forward", "Index Name": "info_type_pkey", "Relation Name": "info_type", "Alias": "it", "Startup Cost": 0.0, "Total Cost": 0.27, "Plan Rows": 1, "Plan Width": 4, "Actual Startup Time": 0.0, "Actual Total Time": 0.0, "Index Cond": "(id = mi.info_type_id)", "Rows Removed by Index Recheck": 0, "Heap Fetches": 0}]}]}, "Triggers": [], "Planner Runtime": 7.451, "Total Runtime": 1043.05, "Unique SQL Id": 2510907716}}, "(1, '1')": {"explain_plan": {"Plan": {"Node Type": "Aggregate", "Strategy": "Plain", "Startup Cost": 74106.99, "Total Cost": 74107.0, "Plan Rows": 1, "Plan Width": 49, "Plans": [{"Node Type": "Nested Loop", "Parent Relationship": "Outer", "Join Type": "Inner", "Startup Cost": 0.0, "Total Cost": 74102.19, "Plan Rows": 1919, "Plan Width": 17, "Inner Unique": true, "Plans": [{"Node Type": "Nested Loop", "Parent Relationship": "Outer", "Join Type": "Inner", "Startup Cost": 0.0, "Total Cost": 73564.77, "Plan Rows": 1919, "Plan Width": 21, "Inner Unique": false, "Plans": [{"Node Type": "Nested Loop", "Parent Relationship": "Outer", "Join Type": "Inner", "Startup Cost": 0.0, "Total Cost": 71285.47, "Plan Rows": 1869, "Plan Width": 25, "Inner Unique": true, "Plans": [{"Node Type": "Nested Loop", "Parent Relationship": "Outer", "Join Type": "Inner", "Startup Cost": 0.0, "Total Cost": 59668.05, "Plan Rows": 1540, "Plan Width": 4, "Inner Unique": false, "Plans": [{"Node Type": "Index Scan", "Parent Relationship": "Outer", "Scan Direction": "Forward", "Index Name": "company_type_pkey", "Relation Name": "company_type", "Alias": "ct", "Startup Cost": 0.0, "Total Cost": 12.3, "Plan Rows": 1, "Plan Width": 4, "Filter": "((kind)::text = 'production companies'::text)"}, {"Node Type": "Index Scan", "Parent Relationship": "Inner", "Scan Direction": "Forward", "Index Name": "company_type_id_movie_companies", "Relation Name": "movie_companies", "Alias": "mc", "Startup Cost": 0.0, "Total Cost": 59640.35, "Plan Rows": 1540, "Plan Width": 8, "Index Cond": "(company_type_id = ct.id)", "Filter": "(((note)::text ~~ '%(theatrical)%'::text) AND ((note)::text ~~ '%(France)%'::text))"}]}, {"Node Type": "Index Scan", "Parent Relationship": "Inner", "Scan Direction": "Forward", "Index Name": "title_pkey", "Relation Name": "title", "Alias": "t", "Startup Cost": 0.0, "Total Cost": 7.53, "Plan Rows": 1, "Plan Width": 21, "Index Cond": "(id = mc.movie_id)", "Filter": "(production_year > 2005)"}]}, {"Node Type": "Index Scan", "Parent Relationship": "Inner", "Scan Direction": "Forward", "Index Name": "movie_id_movie_info", "Relation Name": "movie_info", "Alias": "mi", "Startup Cost": 0.0, "Total Cost": 1.21, "Plan Rows": 1, "Plan Width": 8, "Index Cond": "(movie_id = t.id)", "Filter": "((info)::text = ANY ('{Sweden,Norway,Germany,Denmark,Swedish,Denish,Norwegian,German}'::text[]))"}]}, {"Node Type": "Index Only Scan", "Parent Relationship": "Inner", "Scan Direction": "Forward", "Index Name": "info_type_pkey", "Relation Name": "info_type", "Alias": "it", "Startup Cost": 0.0, "Total Cost": 0.27, "Plan Rows": 1, "Plan Width": 4, "Index Cond": "(id = mi.info_type_id)"}]}]}, "Unique SQL Id": 2510907716, "Planner Runtime": 7}, "explain_analyze_plan": {"Plan": {"Node Type": "Aggregate", "Strategy": "Plain", "Startup Cost": 74106.99, "Total Cost": 74107.0, "Plan Rows": 1, "Plan Width": 49, "Actual Startup Time": 633.715, "Actual Total Time": 633.716, "Actual Rows": 1, "Actual Loops": 1, "Plans": [{"Node Type": "Nested Loop", "Parent Relationship": "Outer", "Join Type": "Inner", "Startup Cost": 0.0, "Total Cost": 74102.19, "Plan Rows": 1919, "Plan Width": 17, "Actual Startup Time": 633.706, "Actual Total Time": 633.706, "Actual Rows": 0, "Actual Loops": 1, "Inner Unique": true, "Plans": [{"Node Type": "Nested Loop", "Parent Relationship": "Outer", "Join Type": "Inner", "Startup Cost": 0.0, "Total Cost": 73564.77, "Plan Rows": 1919, "Plan Width": 21, "Actual Startup Time": 633.704, "Actual Total Time": 633.704, "Actual Rows": 0, "Actual Loops": 1, "Inner Unique": false, "Plans": [{"Node Type": "Nested Loop", "Parent Relationship": "Outer", "Join Type": "Inner", "Startup Cost": 0.0, "Total Cost": 71285.47, "Plan Rows": 1869, "Plan Width": 25, "Actual Startup Time": 633.703, "Actual Total Time": 633.703, "Actual Rows": 0, "Actual Loops": 1, "Inner Unique": true, "Plans": [{"Node Type": "Nested Loop", "Parent Relationship": "Outer", "Join Type": "Inner", "Startup Cost": 0.0, "Total Cost": 59668.05, "Plan Rows": 1540, "Plan Width": 4, "Actual Startup Time": 633.702, "Actual Total Time": 633.702, "Actual Rows": 0, "Actual Loops": 1, "Inner Unique": false, "Plans": [{"Node Type": "Index Scan", "Parent Relationship": "Outer", "Scan Direction": "Forward", "Index Name": "company_type_pkey", "Relation Name": "company_type", "Alias": "ct", "Startup Cost": 0.0, "Total Cost": 12.3, "Plan Rows": 1, "Plan Width": 4, "Actual Startup Time": 0.021, "Actual Total Time": 0.027, "Actual Rows": 1, "Actual Loops": 1, "Filter": "((kind)::text = 'production companies'::text)", "Rows Removed by Filter": 2}, {"Node Type": "Index Scan", "Parent Relationship": "Inner", "Scan Direction": "Forward", "Index Name": "company_type_id_movie_companies", "Relation Name": "movie_companies", "Alias": "mc", "Startup Cost": 0.0, "Total Cost": 59640.35, "Plan Rows": 1540, "Plan Width": 8, "Actual Startup Time": 633.668, "Actual Total Time": 633.668, "Actual Rows": 0, "Actual Loops": 1, "Index Cond": "(company_type_id = ct.id)", "Rows Removed by Index Recheck": 0, "Filter": "(((note)::text ~~ '%(theatrical)%'::text) AND ((note)::text ~~ '%(France)%'::text))", "Rows Removed by Filter": 1334883}]}, {"Node Type": "Index Scan", "Parent Relationship": "Inner", "Scan Direction": "Forward", "Index Name": "title_pkey", "Relation Name": "title", "Alias": "t", "Startup Cost": 0.0, "Total Cost": 7.53, "Plan Rows": 1, "Plan Width": 21, "Actual Startup Time": 0.0, "Actual Total Time": 0.0, "Index Cond": "(id = mc.movie_id)", "Rows Removed by Index Recheck": 0, "Filter": "(production_year > 2005)", "Rows Removed by Filter": 0}]}, {"Node Type": "Index Scan", "Parent Relationship": "Inner", "Scan Direction": "Forward", "Index Name": "movie_id_movie_info", "Relation Name": "movie_info", "Alias": "mi", "Startup Cost": 0.0, "Total Cost": 1.21, "Plan Rows": 1, "Plan Width": 8, "Actual Startup Time": 0.0, "Actual Total Time": 0.0, "Index Cond": "(movie_id = t.id)", "Rows Removed by Index Recheck": 0, "Filter": "((info)::text = ANY ('{Sweden,Norway,Germany,Denmark,Swedish,Denish,Norwegian,German}'::text[]))", "Rows Removed by Filter": 0}]}, {"Node Type": "Index Only Scan", "Parent Relationship": "Inner", "Scan Direction": "Forward", "Index Name": "info_type_pkey", "Relation Name": "info_type", "Alias": "it", "Startup Cost": 0.0, "Total Cost": 0.27, "Plan Rows": 1, "Plan Width": 4, "Actual Startup Time": 0.0, "Actual Total Time": 0.0, "Index Cond": "(id = mi.info_type_id)", "Rows Removed by Index Recheck": 0, "Heap Fetches": 0}]}]}, "Triggers": [], "Planner Runtime": 6.763, "Total Runtime": 633.955, "Unique SQL Id": 2510907716}}, "(1, '2')": {"explain_plan": {"Plan": {"Node Type": "Aggregate", "Strategy": "Plain", "Startup Cost": 75475.76, "Total Cost": 75475.77, "Plan Rows": 1, "Plan Width": 49, "Plans": [{"Node Type": "Hash Join", "Parent Relationship": "Outer", "Join Type": "Inner", "Startup Cost": 7.72, "Total Cost": 75470.96, "Plan Rows": 1919, "Plan Width": 17, "Inner Unique": true, "Hash Cond": "(mi.info_type_id = it.id)", "Plans": [{"Node Type": "Nested Loop", "Parent Relationship": "Outer", "Join Type": "Inner", "Startup Cost": 4.2, "Total Cost": 75442.11, "Plan Rows": 1919, "Plan Width": 21, "Inner Unique": false, "Plans": [{"Node Type": "Nested Loop", "Parent Relationship": "Outer", "Join Type": "Inner", "Startup Cost": 3.69, "Total Cost": 66780.19, "Plan Rows": 1869, "Plan Width": 25, "Inner Unique": true, "Plans": [{"Node Type": "Nested Loop", "Parent Relationship": "Outer", "Join Type": "Inner", "Startup Cost": 0.0, "Total Cost": 54902.47, "Plan Rows": 1540, "Plan Width": 4, "Inner Unique": false, "Join Filter": "(ct.id = mc.company_type_id)", "Plans": [{"Node Type": "Seq Scan", "Parent Relationship": "Outer", "Relation Name": "company_type", "Alias": "ct", "Startup Cost": 0.0, "Total Cost": 1.04, "Plan Rows": 1, "Plan Width": 4, "Filter": "((kind)::text = 'production companies'::text)"}, {"Node Type": "Seq Scan", "Parent Relationship": "Inner", "Relation Name": "movie_companies", "Alias": "mc", "Startup Cost": 0.0, "Total Cost": 54862.92, "Plan Rows": 3081, "Plan Width": 8, "Filter": "(((note)::text ~~ '%(theatrical)%'::text) AND ((note)::text ~~ '%(France)%'::text))"}]}, {"Node Type": "Bitmap Heap Scan", "Parent Relationship": "Inner", "Relation Name": "title", "Alias": "t", "Startup Cost": 3.69, "Total Cost": 7.7, "Plan Rows": 1, "Plan Width": 21, "Recheck Cond": "(id = mc.movie_id)", "Filter": "(production_year > 2005)", "Plans": [{"Node Type": "Bitmap Index Scan", "Parent Relationship": "Outer", "Index Name": "title_pkey", "Startup Cost": 0.0, "Total Cost": 3.69, "Plan Rows": 1, "Plan Width": 0, "Index Cond": "(id = mc.movie_id)"}]}]}, {"Node Type": "Bitmap Heap Scan", "Parent Relationship": "Inner", "Relation Name": "movie_info", "Alias": "mi", "Startup Cost": 0.51, "Total Cost": 4.62, "Plan Rows": 1, "Plan Width": 8, "Recheck Cond": "(movie_id = t.id)", "Filter": "((info)::text = ANY ('{Sweden,Norway,Germany,Denmark,Swedish,Denish,Norwegian,German}'::text[]))", "Plans": [{"Node Type": "Bitmap Index Scan", "Parent Relationship": "Outer", "Index Name": "movie_id_movie_info", "Startup Cost": 0.0, "Total Cost": 0.51, "Plan Rows": 5, "Plan Width": 0, "Index Cond": "(movie_id = t.id)"}]}]}, {"Node Type": "Hash", "Parent Relationship": "Inner", "Startup Cost": 2.12, "Total Cost": 2.12, "Plan Rows": 112, "Plan Width": 4, "Plans": [{"Node Type": "Seq Scan", "Parent Relationship": "Outer", "Relation Name": "info_type", "Alias": "it", "Startup Cost": 0.0, "Total Cost": 2.12, "Plan Rows": 112, "Plan Width": 4}]}]}]}, "Unique SQL Id": 2510907716, "Planner Runtime": 7}, "explain_analyze_plan": {"Plan": {"Node Type": "Aggregate", "Strategy": "Plain", "Startup Cost": 75475.76, "Total Cost": 75475.77, "Plan Rows": 1, "Plan Width": 49, "Actual Startup Time": 1057.144, "Actual Total Time": 1057.144, "Actual Rows": 1, "Actual Loops": 1, "Plans": [{"Node Type": "Hash Join", "Parent Relationship": "Outer", "Join Type": "Inner", "Startup Cost": 7.72, "Total Cost": 75470.96, "Plan Rows": 1919, "Plan Width": 17, "Actual Startup Time": 1057.137, "Actual Total Time": 1057.137, "Actual Rows": 0, "Actual Loops": 1, "Inner Unique": true, "Hash Cond": "(mi.info_type_id = it.id)", "Plans": [{"Node Type": "Nested Loop", "Parent Relationship": "Outer", "Join Type": "Inner", "Startup Cost": 4.2, "Total Cost": 75442.11, "Plan Rows": 1919, "Plan Width": 21, "Actual Startup Time": 1056.996, "Actual Total Time": 1056.996, "Actual Rows": 0, "Actual Loops": 1, "Inner Unique": false, "Plans": [{"Node Type": "Nested Loop", "Parent Relationship": "Outer", "Join Type": "Inner", "Startup Cost": 3.69, "Total Cost": 66780.19, "Plan Rows": 1869, "Plan Width": 25, "Actual Startup Time": 1056.993, "Actual Total Time": 1056.993, "Actual Rows": 0, "Actual Loops": 1, "Inner Unique": true, "Plans": [{"Node Type": "Nested Loop", "Parent Relationship": "Outer", "Join Type": "Inner", "Startup Cost": 0.0, "Total Cost": 54902.47, "Plan Rows": 1540, "Plan Width": 4, "Actual Startup Time": 1056.991, "Actual Total Time": 1056.991, "Actual Rows": 0, "Actual Loops": 1, "Inner Unique": false, "Join Filter": "(ct.id = mc.company_type_id)", "Rows Removed by Join Filter": 24025, "Plans": [{"Node Type": "Seq Scan", "Parent Relationship": "Outer", "Relation Name": "company_type", "Alias": "ct", "Startup Cost": 0.0, "Total Cost": 1.04, "Plan Rows": 1, "Plan Width": 4, "Actual Startup Time": 0.013, "Actual Total Time": 0.021, "Actual Rows": 1, "Actual Loops": 1, "Filter": "((kind)::text = 'production companies'::text)", "Rows Removed by Filter": 2}, {"Node Type": "Seq Scan", "Parent Relationship": "Inner", "Relation Name": "movie_companies", "Alias": "mc", "Startup Cost": 0.0, "Total Cost": 54862.92, "Plan Rows": 3081, "Plan Width": 8, "Actual Startup Time": 8.701, "Actual Total Time": 1051.748, "Actual Rows": 24025, "Actual Loops": 1, "Filter": "(((note)::text ~~ '%(theatrical)%'::text) AND ((note)::text ~~ '%(France)%'::text))", "Rows Removed by Filter": 2585103}]}, {"Node Type": "Bitmap Heap Scan", "Parent Relationship": "Inner", "Relation Name": "title", "Alias": "t", "Startup Cost": 3.69, "Total Cost": 7.7, "Plan Rows": 1, "Plan Width": 21, "Actual Startup Time": 0.0, "Actual Total Time": 0.0, "Recheck Cond": "(id = mc.movie_id)", "Rows Removed by Index Recheck": 0, "Filter": "(production_year > 2005)", "Rows Removed by Filter": 0, "Exact Heap Blocks": 0, "Lossy Heap Blocks": 0, "Plans": [{"Node Type": "Bitmap Index Scan", "Parent Relationship": "Outer", "Index Name": "title_pkey", "Startup Cost": 0.0, "Total Cost": 3.69, "Plan Rows": 1, "Plan Width": 0, "Actual Startup Time": 0.0, "Actual Total Time": 0.0, "Index Cond": "(id = mc.movie_id)"}]}]}, {"Node Type": "Bitmap Heap Scan", "Parent Relationship": "Inner", "Relation Name": "movie_info", "Alias": "mi", "Startup Cost": 0.51, "Total Cost": 4.62, "Plan Rows": 1, "Plan Width": 8, "Actual Startup Time": 0.0, "Actual Total Time": 0.0, "Recheck Cond": "(movie_id = t.id)", "Rows Removed by Index Recheck": 0, "Filter": "((info)::text = ANY ('{Sweden,Norway,Germany,Denmark,Swedish,Denish,Norwegian,German}'::text[]))", "Rows Removed by Filter": 0, "Exact Heap Blocks": 0, "Lossy Heap Blocks": 0, "Plans": [{"Node Type": "Bitmap Index Scan", "Parent Relationship": "Outer", "Index Name": "movie_id_movie_info", "Startup Cost": 0.0, "Total Cost": 0.51, "Plan Rows": 5, "Plan Width": 0, "Actual Startup Time": 0.0, "Actual Total Time": 0.0, "Index Cond": "(movie_id = t.id)"}]}]}, {"Node Type": "Hash", "Parent Relationship": "Inner", "Startup Cost": 2.12, "Total Cost": 2.12, "Plan Rows": 112, "Plan Width": 4, "Actual Startup Time": 0.101, "Actual Total Time": 0.101, "Actual Rows": 112, "Actual Loops": 1, "Hash Buckets": 32768, "Hash Batches": 1, "Original Hash Batches": 1, "Peak Memory Usage": 4, "Plans": [{"Node Type": "Seq Scan", "Parent Relationship": "Outer", "Relation Name": "info_type", "Alias": "it", "Startup Cost": 0.0, "Total Cost": 2.12, "Plan Rows": 112, "Plan Width": 4, "Actual Startup Time": 0.034, "Actual Total Time": 0.056, "Actual Rows": 112, "Actual Loops": 1}]}]}]}, "Triggers": [], "Planner Runtime": 7.513, "Total Runtime": 1057.425, "Unique SQL Id": 2510907716}}, "(1, '3')": {"explain_plan": {"Plan": {"Node Type": "Aggregate", "Strategy": "Plain", "Startup Cost": 1000010696765.6, "Total Cost": 1000010696765.61, "Plan Rows": 1, "Plan Width": 49, "Plans": [{"Node Type": "Nested Loop", "Parent Relationship": "Outer", "Join Type": "Inner", "Startup Cost": 10000000004.72, "Total Cost": 1000010696760.8, "Plan Rows": 1919, "Plan Width": 17, "Inner Unique": true, "Plans": [{"Node Type": "Nested Loop", "Parent Relationship": "Outer", "Join Type": "Inner", "Startup Cost": 10000000004.46, "Total Cost": 1000010680309.36, "Plan Rows": 3839, "Plan Width": 21, "Inner Unique": true, "Plans": [{"Node Type": "Nested Loop", "Parent Relationship": "Outer", "Join Type": "Inner", "Startup Cost": 10000000004.2, "Total Cost": 1000010663877.26, "Plan Rows": 3839, "Plan Width": 25, "Inner Unique": false, "Plans": [{"Node Type": "Nested Loop", "Parent Relationship": "Outer", "Join Type": "Inner", "Startup Cost": 10000000003.69, "Total Cost": 1000010646544.15, "Plan Rows": 3740, "Plan Width": 29, "Inner Unique": true, "Plans": [{"Node Type": "Index Scan", "Parent Relationship": "Outer", "Scan Direction": "Forward", "Index Name": "company_type_id_movie_companies", "Relation Name": "movie_companies", "Alias": "mc", "Startup Cost": 10000000000.0, "Total Cost": 1000010622781.0, "Plan Rows": 3081, "Plan Width": 8, "Filter": "(((note)::text ~~ '%(theatrical)%'::text) AND ((note)::text ~~ '%(France)%'::text))"}, {"Node Type": "Bitmap Heap Scan", "Parent Relationship": "Inner", "Relation Name": "title", "Alias": "t", "Startup Cost": 3.69, "Total Cost": 7.7, "Plan Rows": 1, "Plan Width": 21, "Recheck Cond": "(id = mc.movie_id)", "Filter": "(production_year > 2005)", "Plans": [{"Node Type": "Bitmap Index Scan", "Parent Relationship": "Outer", "Index Name": "title_pkey", "Startup Cost": 0.0, "Total Cost": 3.69, "Plan Rows": 1, "Plan Width": 0, "Index Cond": "(id = mc.movie_id)"}]}]}, {"Node Type": "Bitmap Heap Scan", "Parent Relationship": "Inner", "Relation Name": "movie_info", "Alias": "mi", "Startup Cost": 0.51, "Total Cost": 4.62, "Plan Rows": 1, "Plan Width": 8, "Recheck Cond": "(movie_id = t.id)", "Filter": "((info)::text = ANY ('{Sweden,Norway,Germany,Denmark,Swedish,Denish,Norwegian,German}'::text[]))", "Plans": [{"Node Type": "Bitmap Index Scan", "Parent Relationship": "Outer", "Index Name": "movie_id_movie_info", "Startup Cost": 0.0, "Total Cost": 0.51, "Plan Rows": 5, "Plan Width": 0, "Index Cond": "(movie_id = t.id)"}]}]}, {"Node Type": "Bitmap Heap Scan", "Parent Relationship": "Inner", "Relation Name": "info_type", "Alias": "it", "Startup Cost": 0.26, "Total Cost": 4.27, "Plan Rows": 1, "Plan Width": 4, "Recheck Cond": "(id = mi.info_type_id)", "Plans": [{"Node Type": "Bitmap Index Scan", "Parent Relationship": "Outer", "Index Name": "info_type_pkey", "Startup Cost": 0.0, "Total Cost": 0.26, "Plan Rows": 1, "Plan Width": 0, "Index Cond": "(id = mi.info_type_id)"}]}]}, {"Node Type": "Bitmap Heap Scan", "Parent Relationship": "Inner", "Relation Name": "company_type", "Alias": "ct", "Startup Cost": 0.26, "Total Cost": 4.28, "Plan Rows": 1, "Plan Width": 4, "Recheck Cond": "(id = mc.company_type_id)", "Filter": "((kind)::text = 'production companies'::text)", "Plans": [{"Node Type": "Bitmap Index Scan", "Parent Relationship": "Outer", "Index Name": "company_type_pkey", "Startup Cost": 0.0, "Total Cost": 0.26, "Plan Rows": 1, "Plan Width": 0, "Index Cond": "(id = mc.company_type_id)"}]}]}]}, "Unique SQL Id": 2510907716, "Planner Runtime": 5}, "explain_analyze_plan": null}, "(1, '4')": {"explain_plan": {"Plan": {"Node Type": "Aggregate", "Strategy": "Plain", "Startup Cost": 69341.46, "Total Cost": 69341.47, "Plan Rows": 1, "Plan Width": 49, "Plans": [{"Node Type": "Nested Loop", "Parent Relationship": "Outer", "Join Type": "Inner", "Startup Cost": 0.0, "Total Cost": 69336.67, "Plan Rows": 1919, "Plan Width": 17, "Inner Unique": true, "Plans": [{"Node Type": "Nested Loop", "Parent Relationship": "Outer", "Join Type": "Inner", "Startup Cost": 0.0, "Total Cost": 68799.18, "Plan Rows": 1919, "Plan Width": 21, "Inner Unique": false, "Plans": [{"Node Type": "Nested Loop", "Parent Relationship": "Outer", "Join Type": "Inner", "Startup Cost": 0.0, "Total Cost": 66519.89, "Plan Rows": 1869, "Plan Width": 25, "Inner Unique": true, "Plans": [{"Node Type": "Nested Loop", "Parent Relationship": "Outer", "Join Type": "Inner", "Startup Cost": 0.0, "Total Cost": 54902.47, "Plan Rows": 1540, "Plan Width": 4, "Inner Unique": false, "Join Filter": "(ct.id = mc.company_type_id)", "Plans": [{"Node Type": "Seq Scan", "Parent Relationship": "Outer", "Relation Name": "company_type", "Alias": "ct", "Startup Cost": 0.0, "Total Cost": 1.04, "Plan Rows": 1, "Plan Width": 4, "Filter": "((kind)::text = 'production companies'::text)"}, {"Node Type": "Seq Scan", "Parent Relationship": "Inner", "Relation Name": "movie_companies", "Alias": "mc", "Startup Cost": 0.0, "Total Cost": 54862.92, "Plan Rows": 3081, "Plan Width": 8, "Filter": "(((note)::text ~~ '%(theatrical)%'::text) AND ((note)::text ~~ '%(France)%'::text))"}]}, {"Node Type": "Index Scan", "Parent Relationship": "Inner", "Scan Direction": "Forward", "Index Name": "title_pkey", "Relation Name": "title", "Alias": "t", "Startup Cost": 0.0, "Total Cost": 7.53, "Plan Rows": 1, "Plan Width": 21, "Index Cond": "(id = mc.movie_id)", "Filter": "(production_year > 2005)"}]}, {"Node Type": "Index Scan", "Parent Relationship": "Inner", "Scan Direction": "Forward", "Index Name": "movie_id_movie_info", "Relation Name": "movie_info", "Alias": "mi", "Startup Cost": 0.0, "Total Cost": 1.21, "Plan Rows": 1, "Plan Width": 8, "Index Cond": "(movie_id = t.id)", "Filter": "((info)::text = ANY ('{Sweden,Norway,Germany,Denmark,Swedish,Denish,Norwegian,German}'::text[]))"}]}, {"Node Type": "Index Scan", "Parent Relationship": "Inner", "Scan Direction": "Forward", "Index Name": "info_type_pkey", "Relation Name": "info_type", "Alias": "it", "Startup Cost": 0.0, "Total Cost": 0.27, "Plan Rows": 1, "Plan Width": 4, "Index Cond": "(id = mi.info_type_id)"}]}]}, "Unique SQL Id": 2510907716, "Planner Runtime": 7}, "explain_analyze_plan": {"Plan": {"Node Type": "Aggregate", "Strategy": "Plain", "Startup Cost": 69341.46, "Total Cost": 69341.47, "Plan Rows": 1, "Plan Width": 49, "Actual Startup Time": 1050.618, "Actual Total Time": 1050.618, "Actual Rows": 1, "Actual Loops": 1, "Plans": [{"Node Type": "Nested Loop", "Parent Relationship": "Outer", "Join Type": "Inner", "Startup Cost": 0.0, "Total Cost": 69336.67, "Plan Rows": 1919, "Plan Width": 17, "Actual Startup Time": 1050.61, "Actual Total Time": 1050.61, "Actual Rows": 0, "Actual Loops": 1, "Inner Unique": true, "Plans": [{"Node Type": "Nested Loop", "Parent Relationship": "Outer", "Join Type": "Inner", "Startup Cost": 0.0, "Total Cost": 68799.18, "Plan Rows": 1919, "Plan Width": 21, "Actual Startup Time": 1050.608, "Actual Total Time": 1050.608, "Actual Rows": 0, "Actual Loops": 1, "Inner Unique": false, "Plans": [{"Node Type": "Nested Loop", "Parent Relationship": "Outer", "Join Type": "Inner", "Startup Cost": 0.0, "Total Cost": 66519.89, "Plan Rows": 1869, "Plan Width": 25, "Actual Startup Time": 1050.607, "Actual Total Time": 1050.607, "Actual Rows": 0, "Actual Loops": 1, "Inner Unique": true, "Plans": [{"Node Type": "Nested Loop", "Parent Relationship": "Outer", "Join Type": "Inner", "Startup Cost": 0.0, "Total Cost": 54902.47, "Plan Rows": 1540, "Plan Width": 4, "Actual Startup Time": 1050.606, "Actual Total Time": 1050.606, "Actual Rows": 0, "Actual Loops": 1, "Inner Unique": false, "Join Filter": "(ct.id = mc.company_type_id)", "Rows Removed by Join Filter": 24025, "Plans": [{"Node Type": "Seq Scan", "Parent Relationship": "Outer", "Relation Name": "company_type", "Alias": "ct", "Startup Cost": 0.0, "Total Cost": 1.04, "Plan Rows": 1, "Plan Width": 4, "Actual Startup Time": 0.023, "Actual Total Time": 0.032, "Actual Rows": 1, "Actual Loops": 1, "Filter": "((kind)::text = 'production companies'::text)", "Rows Removed by Filter": 2}, {"Node Type": "Seq Scan", "Parent Relationship": "Inner", "Relation Name": "movie_companies", "Alias": "mc", "Startup Cost": 0.0, "Total Cost": 54862.92, "Plan Rows": 3081, "Plan Width": 8, "Actual Startup Time": 8.677, "Actual Total Time": 1045.148, "Actual Rows": 24025, "Actual Loops": 1, "Filter": "(((note)::text ~~ '%(theatrical)%'::text) AND ((note)::text ~~ '%(France)%'::text))", "Rows Removed by Filter": 2585103}]}, {"Node Type": "Index Scan", "Parent Relationship": "Inner", "Scan Direction": "Forward", "Index Name": "title_pkey", "Relation Name": "title", "Alias": "t", "Startup Cost": 0.0, "Total Cost": 7.53, "Plan Rows": 1, "Plan Width": 21, "Actual Startup Time": 0.0, "Actual Total Time": 0.0, "Index Cond": "(id = mc.movie_id)", "Rows Removed by Index Recheck": 0, "Filter": "(production_year > 2005)", "Rows Removed by Filter": 0}]}, {"Node Type": "Index Scan", "Parent Relationship": "Inner", "Scan Direction": "Forward", "Index Name": "movie_id_movie_info", "Relation Name": "movie_info", "Alias": "mi", "Startup Cost": 0.0, "Total Cost": 1.21, "Plan Rows": 1, "Plan Width": 8, "Actual Startup Time": 0.0, "Actual Total Time": 0.0, "Index Cond": "(movie_id = t.id)", "Rows Removed by Index Recheck": 0, "Filter": "((info)::text = ANY ('{Sweden,Norway,Germany,Denmark,Swedish,Denish,Norwegian,German}'::text[]))", "Rows Removed by Filter": 0}]}, {"Node Type": "Index Scan", "Parent Relationship": "Inner", "Scan Direction": "Forward", "Index Name": "info_type_pkey", "Relation Name": "info_type", "Alias": "it", "Startup Cost": 0.0, "Total Cost": 0.27, "Plan Rows": 1, "Plan Width": 4, "Actual Startup Time": 0.0, "Actual Total Time": 0.0, "Index Cond": "(id = mi.info_type_id)", "Rows Removed by Index Recheck": 0}]}]}, "Triggers": [], "Planner Runtime": 7.429, "Total Runtime": 1050.883, "Unique SQL Id": 2510907716}}, "(1, '5')": {"explain_plan": {"Plan": {"Node Type": "Aggregate", "Strategy": "Plain", "Startup Cost": 74107.05, "Total Cost": 74107.06, "Plan Rows": 1, "Plan Width": 49, "Plans": [{"Node Type": "Nested Loop", "Parent Relationship": "Outer", "Join Type": "Inner", "Startup Cost": 0.0, "Total Cost": 74102.25, "Plan Rows": 1919, "Plan Width": 17, "Inner Unique": true, "Plans": [{"Node Type": "Nested Loop", "Parent Relationship": "Outer", "Join Type": "Inner", "Startup Cost": 0.0, "Total Cost": 73564.77, "Plan Rows": 1919, "Plan Width": 21, "Inner Unique": false, "Plans": [{"Node Type": "Nested Loop", "Parent Relationship": "Outer", "Join Type": "Inner", "Startup Cost": 0.0, "Total Cost": 71285.47, "Plan Rows": 1869, "Plan Width": 25, "Inner Unique": true, "Plans": [{"Node Type": "Nested Loop", "Parent Relationship": "Outer", "Join Type": "Inner", "Startup Cost": 0.0, "Total Cost": 59668.05, "Plan Rows": 1540, "Plan Width": 4, "Inner Unique": false, "Plans": [{"Node Type": "Index Scan", "Parent Relationship": "Outer", "Scan Direction": "Forward", "Index Name": "company_type_pkey", "Relation Name": "company_type", "Alias": "ct", "Startup Cost": 0.0, "Total Cost": 12.3, "Plan Rows": 1, "Plan Width": 4, "Filter": "((kind)::text = 'production companies'::text)"}, {"Node Type": "Index Scan", "Parent Relationship": "Inner", "Scan Direction": "Forward", "Index Name": "company_type_id_movie_companies", "Relation Name": "movie_companies", "Alias": "mc", "Startup Cost": 0.0, "Total Cost": 59640.35, "Plan Rows": 1540, "Plan Width": 8, "Index Cond": "(company_type_id = ct.id)", "Filter": "(((note)::text ~~ '%(theatrical)%'::text) AND ((note)::text ~~ '%(France)%'::text))"}]}, {"Node Type": "Index Scan", "Parent Relationship": "Inner", "Scan Direction": "Forward", "Index Name": "title_pkey", "Relation Name": "title", "Alias": "t", "Startup Cost": 0.0, "Total Cost": 7.53, "Plan Rows": 1, "Plan Width": 21, "Index Cond": "(id = mc.movie_id)", "Filter": "(production_year > 2005)"}]}, {"Node Type": "Index Scan", "Parent Relationship": "Inner", "Scan Direction": "Forward", "Index Name": "movie_id_movie_info", "Relation Name": "movie_info", "Alias": "mi", "Startup Cost": 0.0, "Total Cost": 1.21, "Plan Rows": 1, "Plan Width": 8, "Index Cond": "(movie_id = t.id)", "Filter": "((info)::text = ANY ('{Sweden,Norway,Germany,Denmark,Swedish,Denish,Norwegian,German}'::text[]))"}]}, {"Node Type": "Index Scan", "Parent Relationship": "Inner", "Scan Direction": "Forward", "Index Name": "info_type_pkey", "Relation Name": "info_type", "Alias": "it", "Startup Cost": 0.0, "Total Cost": 0.27, "Plan Rows": 1, "Plan Width": 4, "Index Cond": "(id = mi.info_type_id)"}]}]}, "Unique SQL Id": 2510907716, "Planner Runtime": 7}, "explain_analyze_plan": {"Plan": {"Node Type": "Aggregate", "Strategy": "Plain", "Startup Cost": 74107.05, "Total Cost": 74107.06, "Plan Rows": 1, "Plan Width": 49, "Actual Startup Time": 752.93, "Actual Total Time": 752.931, "Actual Rows": 1, "Actual Loops": 1, "Plans": [{"Node Type": "Nested Loop", "Parent Relationship": "Outer", "Join Type": "Inner", "Startup Cost": 0.0, "Total Cost": 74102.25, "Plan Rows": 1919, "Plan Width": 17, "Actual Startup Time": 752.924, "Actual Total Time": 752.924, "Actual Rows": 0, "Actual Loops": 1, "Inner Unique": true, "Plans": [{"Node Type": "Nested Loop", "Parent Relationship": "Outer", "Join Type": "Inner", "Startup Cost": 0.0, "Total Cost": 73564.77, "Plan Rows": 1919, "Plan Width": 21, "Actual Startup Time": 752.922, "Actual Total Time": 752.922, "Actual Rows": 0, "Actual Loops": 1, "Inner Unique": false, "Plans": [{"Node Type": "Nested Loop", "Parent Relationship": "Outer", "Join Type": "Inner", "Startup Cost": 0.0, "Total Cost": 71285.47, "Plan Rows": 1869, "Plan Width": 25, "Actual Startup Time": 752.921, "Actual Total Time": 752.921, "Actual Rows": 0, "Actual Loops": 1, "Inner Unique": true, "Plans": [{"Node Type": "Nested Loop", "Parent Relationship": "Outer", "Join Type": "Inner", "Startup Cost": 0.0, "Total Cost": 59668.05, "Plan Rows": 1540, "Plan Width": 4, "Actual Startup Time": 752.919, "Actual Total Time": 752.919, "Actual Rows": 0, "Actual Loops": 1, "Inner Unique": false, "Plans": [{"Node Type": "Index Scan", "Parent Relationship": "Outer", "Scan Direction": "Forward", "Index Name": "company_type_pkey", "Relation Name": "company_type", "Alias": "ct", "Startup Cost": 0.0, "Total Cost": 12.3, "Plan Rows": 1, "Plan Width": 4, "Actual Startup Time": 0.015, "Actual Total Time": 0.026, "Actual Rows": 1, "Actual Loops": 1, "Filter": "((kind)::text = 'production companies'::text)", "Rows Removed by Filter": 2}, {"Node Type": "Index Scan", "Parent Relationship": "Inner", "Scan Direction": "Forward", "Index Name": "company_type_id_movie_companies", "Relation Name": "movie_companies", "Alias": "mc", "Startup Cost": 0.0, "Total Cost": 59640.35, "Plan Rows": 1540, "Plan Width": 8, "Actual Startup Time": 752.888, "Actual Total Time": 752.888, "Actual Rows": 0, "Actual Loops": 1, "Index Cond": "(company_type_id = ct.id)", "Rows Removed by Index Recheck": 0, "Filter": "(((note)::text ~~ '%(theatrical)%'::text) AND ((note)::text ~~ '%(France)%'::text))", "Rows Removed by Filter": 1334883}]}, {"Node Type": "Index Scan", "Parent Relationship": "Inner", "Scan Direction": "Forward", "Index Name": "title_pkey", "Relation Name": "title", "Alias": "t", "Startup Cost": 0.0, "Total Cost": 7.53, "Plan Rows": 1, "Plan Width": 21, "Actual Startup Time": 0.0, "Actual Total Time": 0.0, "Index Cond": "(id = mc.movie_id)", "Rows Removed by Index Recheck": 0, "Filter": "(production_year > 2005)", "Rows Removed by Filter": 0}]}, {"Node Type": "Index Scan", "Parent Relationship": "Inner", "Scan Direction": "Forward", "Index Name": "movie_id_movie_info", "Relation Name": "movie_info", "Alias": "mi", "Startup Cost": 0.0, "Total Cost": 1.21, "Plan Rows": 1, "Plan Width": 8, "Actual Startup Time": 0.0, "Actual Total Time": 0.0, "Index Cond": "(movie_id = t.id)", "Rows Removed by Index Recheck": 0, "Filter": "((info)::text = ANY ('{Sweden,Norway,Germany,Denmark,Swedish,Denish,Norwegian,German}'::text[]))", "Rows Removed by Filter": 0}]}, {"Node Type": "Index Scan", "Parent Relationship": "Inner", "Scan Direction": "Forward", "Index Name": "info_type_pkey", "Relation Name": "info_type", "Alias": "it", "Startup Cost": 0.0, "Total Cost": 0.27, "Plan Rows": 1, "Plan Width": 4, "Actual Startup Time": 0.0, "Actual Total Time": 0.0, "Index Cond": "(id = mi.info_type_id)", "Rows Removed by Index Recheck": 0}]}]}, "Triggers": [], "Planner Runtime": 6.967, "Total Runtime": 753.211, "Unique SQL Id": 2510907716}}, "(1, '6')": {"explain_plan": {"Plan": {"Node Type": "Aggregate", "Strategy": "Plain", "Startup Cost": 75475.76, "Total Cost": 75475.77, "Plan Rows": 1, "Plan Width": 49, "Plans": [{"Node Type": "Hash Join", "Parent Relationship": "Outer", "Join Type": "Inner", "Startup Cost": 7.72, "Total Cost": 75470.96, "Plan Rows": 1919, "Plan Width": 17, "Inner Unique": true, "Hash Cond": "(mi.info_type_id = it.id)", "Plans": [{"Node Type": "Nested Loop", "Parent Relationship": "Outer", "Join Type": "Inner", "Startup Cost": 4.2, "Total Cost": 75442.11, "Plan Rows": 1919, "Plan Width": 21, "Inner Unique": false, "Plans": [{"Node Type": "Nested Loop", "Parent Relationship": "Outer", "Join Type": "Inner", "Startup Cost": 3.69, "Total Cost": 66780.19, "Plan Rows": 1869, "Plan Width": 25, "Inner Unique": true, "Plans": [{"Node Type": "Nested Loop", "Parent Relationship": "Outer", "Join Type": "Inner", "Startup Cost": 0.0, "Total Cost": 54902.47, "Plan Rows": 1540, "Plan Width": 4, "Inner Unique": false, "Join Filter": "(ct.id = mc.company_type_id)", "Plans": [{"Node Type": "Seq Scan", "Parent Relationship": "Outer", "Relation Name": "company_type", "Alias": "ct", "Startup Cost": 0.0, "Total Cost": 1.04, "Plan Rows": 1, "Plan Width": 4, "Filter": "((kind)::text = 'production companies'::text)"}, {"Node Type": "Seq Scan", "Parent Relationship": "Inner", "Relation Name": "movie_companies", "Alias": "mc", "Startup Cost": 0.0, "Total Cost": 54862.92, "Plan Rows": 3081, "Plan Width": 8, "Filter": "(((note)::text ~~ '%(theatrical)%'::text) AND ((note)::text ~~ '%(France)%'::text))"}]}, {"Node Type": "Bitmap Heap Scan", "Parent Relationship": "Inner", "Relation Name": "title", "Alias": "t", "Startup Cost": 3.69, "Total Cost": 7.7, "Plan Rows": 1, "Plan Width": 21, "Recheck Cond": "(id = mc.movie_id)", "Filter": "(production_year > 2005)", "Plans": [{"Node Type": "Bitmap Index Scan", "Parent Relationship": "Outer", "Index Name": "title_pkey", "Startup Cost": 0.0, "Total Cost": 3.69, "Plan Rows": 1, "Plan Width": 0, "Index Cond": "(id = mc.movie_id)"}]}]}, {"Node Type": "Bitmap Heap Scan", "Parent Relationship": "Inner", "Relation Name": "movie_info", "Alias": "mi", "Startup Cost": 0.51, "Total Cost": 4.62, "Plan Rows": 1, "Plan Width": 8, "Recheck Cond": "(movie_id = t.id)", "Filter": "((info)::text = ANY ('{Sweden,Norway,Germany,Denmark,Swedish,Denish,Norwegian,German}'::text[]))", "Plans": [{"Node Type": "Bitmap Index Scan", "Parent Relationship": "Outer", "Index Name": "movie_id_movie_info", "Startup Cost": 0.0, "Total Cost": 0.51, "Plan Rows": 5, "Plan Width": 0, "Index Cond": "(movie_id = t.id)"}]}]}, {"Node Type": "Hash", "Parent Relationship": "Inner", "Startup Cost": 2.12, "Total Cost": 2.12, "Plan Rows": 112, "Plan Width": 4, "Plans": [{"Node Type": "Seq Scan", "Parent Relationship": "Outer", "Relation Name": "info_type", "Alias": "it", "Startup Cost": 0.0, "Total Cost": 2.12, "Plan Rows": 112, "Plan Width": 4}]}]}]}, "Unique SQL Id": 2510907716, "Planner Runtime": 8}, "explain_analyze_plan": {"Plan": {"Node Type": "Aggregate", "Strategy": "Plain", "Startup Cost": 75475.76, "Total Cost": 75475.77, "Plan Rows": 1, "Plan Width": 49, "Actual Startup Time": 1057.144, "Actual Total Time": 1057.144, "Actual Rows": 1, "Actual Loops": 1, "Plans": [{"Node Type": "Hash Join", "Parent Relationship": "Outer", "Join Type": "Inner", "Startup Cost": 7.72, "Total Cost": 75470.96, "Plan Rows": 1919, "Plan Width": 17, "Actual Startup Time": 1057.137, "Actual Total Time": 1057.137, "Actual Rows": 0, "Actual Loops": 1, "Inner Unique": true, "Hash Cond": "(mi.info_type_id = it.id)", "Plans": [{"Node Type": "Nested Loop", "Parent Relationship": "Outer", "Join Type": "Inner", "Startup Cost": 4.2, "Total Cost": 75442.11, "Plan Rows": 1919, "Plan Width": 21, "Actual Startup Time": 1056.996, "Actual Total Time": 1056.996, "Actual Rows": 0, "Actual Loops": 1, "Inner Unique": false, "Plans": [{"Node Type": "Nested Loop", "Parent Relationship": "Outer", "Join Type": "Inner", "Startup Cost": 3.69, "Total Cost": 66780.19, "Plan Rows": 1869, "Plan Width": 25, "Actual Startup Time": 1056.993, "Actual Total Time": 1056.993, "Actual Rows": 0, "Actual Loops": 1, "Inner Unique": true, "Plans": [{"Node Type": "Nested Loop", "Parent Relationship": "Outer", "Join Type": "Inner", "Startup Cost": 0.0, "Total Cost": 54902.47, "Plan Rows": 1540, "Plan Width": 4, "Actual Startup Time": 1056.991, "Actual Total Time": 1056.991, "Actual Rows": 0, "Actual Loops": 1, "Inner Unique": false, "Join Filter": "(ct.id = mc.company_type_id)", "Rows Removed by Join Filter": 24025, "Plans": [{"Node Type": "Seq Scan", "Parent Relationship": "Outer", "Relation Name": "company_type", "Alias": "ct", "Startup Cost": 0.0, "Total Cost": 1.04, "Plan Rows": 1, "Plan Width": 4, "Actual Startup Time": 0.013, "Actual Total Time": 0.021, "Actual Rows": 1, "Actual Loops": 1, "Filter": "((kind)::text = 'production companies'::text)", "Rows Removed by Filter": 2}, {"Node Type": "Seq Scan", "Parent Relationship": "Inner", "Relation Name": "movie_companies", "Alias": "mc", "Startup Cost": 0.0, "Total Cost": 54862.92, "Plan Rows": 3081, "Plan Width": 8, "Actual Startup Time": 8.701, "Actual Total Time": 1051.748, "Actual Rows": 24025, "Actual Loops": 1, "Filter": "(((note)::text ~~ '%(theatrical)%'::text) AND ((note)::text ~~ '%(France)%'::text))", "Rows Removed by Filter": 2585103}]}, {"Node Type": "Bitmap Heap Scan", "Parent Relationship": "Inner", "Relation Name": "title", "Alias": "t", "Startup Cost": 3.69, "Total Cost": 7.7, "Plan Rows": 1, "Plan Width": 21, "Actual Startup Time": 0.0, "Actual Total Time": 0.0, "Recheck Cond": "(id = mc.movie_id)", "Rows Removed by Index Recheck": 0, "Filter": "(production_year > 2005)", "Rows Removed by Filter": 0, "Exact Heap Blocks": 0, "Lossy Heap Blocks": 0, "Plans": [{"Node Type": "Bitmap Index Scan", "Parent Relationship": "Outer", "Index Name": "title_pkey", "Startup Cost": 0.0, "Total Cost": 3.69, "Plan Rows": 1, "Plan Width": 0, "Actual Startup Time": 0.0, "Actual Total Time": 0.0, "Index Cond": "(id = mc.movie_id)"}]}]}, {"Node Type": "Bitmap Heap Scan", "Parent Relationship": "Inner", "Relation Name": "movie_info", "Alias": "mi", "Startup Cost": 0.51, "Total Cost": 4.62, "Plan Rows": 1, "Plan Width": 8, "Actual Startup Time": 0.0, "Actual Total Time": 0.0, "Recheck Cond": "(movie_id = t.id)", "Rows Removed by Index Recheck": 0, "Filter": "((info)::text = ANY ('{Sweden,Norway,Germany,Denmark,Swedish,Denish,Norwegian,German}'::text[]))", "Rows Removed by Filter": 0, "Exact Heap Blocks": 0, "Lossy Heap Blocks": 0, "Plans": [{"Node Type": "Bitmap Index Scan", "Parent Relationship": "Outer", "Index Name": "movie_id_movie_info", "Startup Cost": 0.0, "Total Cost": 0.51, "Plan Rows": 5, "Plan Width": 0, "Actual Startup Time": 0.0, "Actual Total Time": 0.0, "Index Cond": "(movie_id = t.id)"}]}]}, {"Node Type": "Hash", "Parent Relationship": "Inner", "Startup Cost": 2.12, "Total Cost": 2.12, "Plan Rows": 112, "Plan Width": 4, "Actual Startup Time": 0.101, "Actual Total Time": 0.101, "Actual Rows": 112, "Actual Loops": 1, "Hash Buckets": 32768, "Hash Batches": 1, "Original Hash Batches": 1, "Peak Memory Usage": 4, "Plans": [{"Node Type": "Seq Scan", "Parent Relationship": "Outer", "Relation Name": "info_type", "Alias": "it", "Startup Cost": 0.0, "Total Cost": 2.12, "Plan Rows": 112, "Plan Width": 4, "Actual Startup Time": 0.034, "Actual Total Time": 0.056, "Actual Rows": 112, "Actual Loops": 1}]}]}]}, "Triggers": [], "Planner Runtime": 7.513, "Total Runtime": 1057.425, "Unique SQL Id": 2510907716}}, "(1, '7')": {"explain_plan": {"Plan": {"Node Type": "Aggregate", "Strategy": "Plain", "Startup Cost": 1000010696765.6, "Total Cost": 1000010696765.61, "Plan Rows": 1, "Plan Width": 49, "Plans": [{"Node Type": "Nested Loop", "Parent Relationship": "Outer", "Join Type": "Inner", "Startup Cost": 10000000004.72, "Total Cost": 1000010696760.8, "Plan Rows": 1919, "Plan Width": 17, "Inner Unique": true, "Plans": [{"Node Type": "Nested Loop", "Parent Relationship": "Outer", "Join Type": "Inner", "Startup Cost": 10000000004.46, "Total Cost": 1000010680309.36, "Plan Rows": 3839, "Plan Width": 21, "Inner Unique": true, "Plans": [{"Node Type": "Nested Loop", "Parent Relationship": "Outer", "Join Type": "Inner", "Startup Cost": 10000000004.2, "Total Cost": 1000010663877.26, "Plan Rows": 3839, "Plan Width": 25, "Inner Unique": false, "Plans": [{"Node Type": "Nested Loop", "Parent Relationship": "Outer", "Join Type": "Inner", "Startup Cost": 10000000003.69, "Total Cost": 1000010646544.15, "Plan Rows": 3740, "Plan Width": 29, "Inner Unique": true, "Plans": [{"Node Type": "Index Scan", "Parent Relationship": "Outer", "Scan Direction": "Forward", "Index Name": "company_type_id_movie_companies", "Relation Name": "movie_companies", "Alias": "mc", "Startup Cost": 10000000000.0, "Total Cost": 1000010622781.0, "Plan Rows": 3081, "Plan Width": 8, "Filter": "(((note)::text ~~ '%(theatrical)%'::text) AND ((note)::text ~~ '%(France)%'::text))"}, {"Node Type": "Bitmap Heap Scan", "Parent Relationship": "Inner", "Relation Name": "title", "Alias": "t", "Startup Cost": 3.69, "Total Cost": 7.7, "Plan Rows": 1, "Plan Width": 21, "Recheck Cond": "(id = mc.movie_id)", "Filter": "(production_year > 2005)", "Plans": [{"Node Type": "Bitmap Index Scan", "Parent Relationship": "Outer", "Index Name": "title_pkey", "Startup Cost": 0.0, "Total Cost": 3.69, "Plan Rows": 1, "Plan Width": 0, "Index Cond": "(id = mc.movie_id)"}]}]}, {"Node Type": "Bitmap Heap Scan", "Parent Relationship": "Inner", "Relation Name": "movie_info", "Alias": "mi", "Startup Cost": 0.51, "Total Cost": 4.62, "Plan Rows": 1, "Plan Width": 8, "Recheck Cond": "(movie_id = t.id)", "Filter": "((info)::text = ANY ('{Sweden,Norway,Germany,Denmark,Swedish,Denish,Norwegian,German}'::text[]))", "Plans": [{"Node Type": "Bitmap Index Scan", "Parent Relationship": "Outer", "Index Name": "movie_id_movie_info", "Startup Cost": 0.0, "Total Cost": 0.51, "Plan Rows": 5, "Plan Width": 0, "Index Cond": "(movie_id = t.id)"}]}]}, {"Node Type": "Bitmap Heap Scan", "Parent Relationship": "Inner", "Relation Name": "info_type", "Alias": "it", "Startup Cost": 0.26, "Total Cost": 4.27, "Plan Rows": 1, "Plan Width": 4, "Recheck Cond": "(id = mi.info_type_id)", "Plans": [{"Node Type": "Bitmap Index Scan", "Parent Relationship": "Outer", "Index Name": "info_type_pkey", "Startup Cost": 0.0, "Total Cost": 0.26, "Plan Rows": 1, "Plan Width": 0, "Index Cond": "(id = mi.info_type_id)"}]}]}, {"Node Type": "Bitmap Heap Scan", "Parent Relationship": "Inner", "Relation Name": "company_type", "Alias": "ct", "Startup Cost": 0.26, "Total Cost": 4.28, "Plan Rows": 1, "Plan Width": 4, "Recheck Cond": "(id = mc.company_type_id)", "Filter": "((kind)::text = 'production companies'::text)", "Plans": [{"Node Type": "Bitmap Index Scan", "Parent Relationship": "Outer", "Index Name": "company_type_pkey", "Startup Cost": 0.0, "Total Cost": 0.26, "Plan Rows": 1, "Plan Width": 0, "Index Cond": "(id = mc.company_type_id)"}]}]}]}, "Unique SQL Id": 2510907716, "Planner Runtime": 4}, "explain_analyze_plan": null}, "(1, '8')": {"explain_plan": {"Plan": {"Node Type": "Aggregate", "Strategy": "Plain", "Startup Cost": 69341.41, "Total Cost": 69341.42, "Plan Rows": 1, "Plan Width": 49, "Plans": [{"Node Type": "Nested Loop", "Parent Relationship": "Outer", "Join Type": "Inner", "Startup Cost": 0.0, "Total Cost": 69336.61, "Plan Rows": 1919, "Plan Width": 17, "Inner Unique": true, "Plans": [{"Node Type": "Nested Loop", "Parent Relationship": "Outer", "Join Type": "Inner", "Startup Cost": 0.0, "Total Cost": 68799.18, "Plan Rows": 1919, "Plan Width": 21, "Inner Unique": false, "Plans": [{"Node Type": "Nested Loop", "Parent Relationship": "Outer", "Join Type": "Inner", "Startup Cost": 0.0, "Total Cost": 66519.89, "Plan Rows": 1869, "Plan Width": 25, "Inner Unique": true, "Plans": [{"Node Type": "Nested Loop", "Parent Relationship": "Outer", "Join Type": "Inner", "Startup Cost": 0.0, "Total Cost": 54902.47, "Plan Rows": 1540, "Plan Width": 4, "Inner Unique": false, "Join Filter": "(ct.id = mc.company_type_id)", "Plans": [{"Node Type": "Seq Scan", "Parent Relationship": "Outer", "Relation Name": "company_type", "Alias": "ct", "Startup Cost": 0.0, "Total Cost": 1.04, "Plan Rows": 1, "Plan Width": 4, "Filter": "((kind)::text = 'production companies'::text)"}, {"Node Type": "Seq Scan", "Parent Relationship": "Inner", "Relation Name": "movie_companies", "Alias": "mc", "Startup Cost": 0.0, "Total Cost": 54862.92, "Plan Rows": 3081, "Plan Width": 8, "Filter": "(((note)::text ~~ '%(theatrical)%'::text) AND ((note)::text ~~ '%(France)%'::text))"}]}, {"Node Type": "Index Scan", "Parent Relationship": "Inner", "Scan Direction": "Forward", "Index Name": "title_pkey", "Relation Name": "title", "Alias": "t", "Startup Cost": 0.0, "Total Cost": 7.53, "Plan Rows": 1, "Plan Width": 21, "Index Cond": "(id = mc.movie_id)", "Filter": "(production_year > 2005)"}]}, {"Node Type": "Index Scan", "Parent Relationship": "Inner", "Scan Direction": "Forward", "Index Name": "movie_id_movie_info", "Relation Name": "movie_info", "Alias": "mi", "Startup Cost": 0.0, "Total Cost": 1.21, "Plan Rows": 1, "Plan Width": 8, "Index Cond": "(movie_id = t.id)", "Filter": "((info)::text = ANY ('{Sweden,Norway,Germany,Denmark,Swedish,Denish,Norwegian,German}'::text[]))"}]}, {"Node Type": "Index Only Scan", "Parent Relationship": "Inner", "Scan Direction": "Forward", "Index Name": "info_type_pkey", "Relation Name": "info_type", "Alias": "it", "Startup Cost": 0.0, "Total Cost": 0.27, "Plan Rows": 1, "Plan Width": 4, "Index Cond": "(id = mi.info_type_id)"}]}]}, "Unique SQL Id": 2510907716, "Planner Runtime": 7}, "explain_analyze_plan": {"Plan": {"Node Type": "Aggregate", "Strategy": "Plain", "Startup Cost": 69341.41, "Total Cost": 69341.42, "Plan Rows": 1, "Plan Width": 49, "Actual Startup Time": 1042.689, "Actual Total Time": 1042.69, "Actual Rows": 1, "Actual Loops": 1, "Plans": [{"Node Type": "Nested Loop", "Parent Relationship": "Outer", "Join Type": "Inner", "Startup Cost": 0.0, "Total Cost": 69336.61, "Plan Rows": 1919, "Plan Width": 17, "Actual Startup Time": 1042.681, "Actual Total Time": 1042.681, "Actual Rows": 0, "Actual Loops": 1, "Inner Unique": true, "Plans": [{"Node Type": "Nested Loop", "Parent Relationship": "Outer", "Join Type": "Inner", "Startup Cost": 0.0, "Total Cost": 68799.18, "Plan Rows": 1919, "Plan Width": 21, "Actual Startup Time": 1042.679, "Actual Total Time": 1042.679, "Actual Rows": 0, "Actual Loops": 1, "Inner Unique": false, "Plans": [{"Node Type": "Nested Loop", "Parent Relationship": "Outer", "Join Type": "Inner", "Startup Cost": 0.0, "Total Cost": 66519.89, "Plan Rows": 1869, "Plan Width": 25, "Actual Startup Time": 1042.677, "Actual Total Time": 1042.677, "Actual Rows": 0, "Actual Loops": 1, "Inner Unique": true, "Plans": [{"Node Type": "Nested Loop", "Parent Relationship": "Outer", "Join Type": "Inner", "Startup Cost": 0.0, "Total Cost": 54902.47, "Plan Rows": 1540, "Plan Width": 4, "Actual Startup Time": 1042.676, "Actual Total Time": 1042.676, "Actual Rows": 0, "Actual Loops": 1, "Inner Unique": false, "Join Filter": "(ct.id = mc.company_type_id)", "Rows Removed by Join Filter": 24025, "Plans": [{"Node Type": "Seq Scan", "Parent Relationship": "Outer", "Relation Name": "company_type", "Alias": "ct", "Startup Cost": 0.0, "Total Cost": 1.04, "Plan Rows": 1, "Plan Width": 4, "Actual Startup Time": 0.02, "Actual Total Time": 0.027, "Actual Rows": 1, "Actual Loops": 1, "Filter": "((kind)::text = 'production companies'::text)", "Rows Removed by Filter": 2}, {"Node Type": "Seq Scan", "Parent Relationship": "Inner", "Relation Name": "movie_companies", "Alias": "mc", "Startup Cost": 0.0, "Total Cost": 54862.92, "Plan Rows": 3081, "Plan Width": 8, "Actual Startup Time": 8.674, "Actual Total Time": 1037.406, "Actual Rows": 24025, "Actual Loops": 1, "Filter": "(((note)::text ~~ '%(theatrical)%'::text) AND ((note)::text ~~ '%(France)%'::text))", "Rows Removed by Filter": 2585103}]}, {"Node Type": "Index Scan", "Parent Relationship": "Inner", "Scan Direction": "Forward", "Index Name": "title_pkey", "Relation Name": "title", "Alias": "t", "Startup Cost": 0.0, "Total Cost": 7.53, "Plan Rows": 1, "Plan Width": 21, "Actual Startup Time": 0.0, "Actual Total Time": 0.0, "Index Cond": "(id = mc.movie_id)", "Rows Removed by Index Recheck": 0, "Filter": "(production_year > 2005)", "Rows Removed by Filter": 0}]}, {"Node Type": "Index Scan", "Parent Relationship": "Inner", "Scan Direction": "Forward", "Index Name": "movie_id_movie_info", "Relation Name": "movie_info", "Alias": "mi", "Startup Cost": 0.0, "Total Cost": 1.21, "Plan Rows": 1, "Plan Width": 8, "Actual Startup Time": 0.0, "Actual Total Time": 0.0, "Index Cond": "(movie_id = t.id)", "Rows Removed by Index Recheck": 0, "Filter": "((info)::text = ANY ('{Sweden,Norway,Germany,Denmark,Swedish,Denish,Norwegian,German}'::text[]))", "Rows Removed by Filter": 0}]}, {"Node Type": "Index Only Scan", "Parent Relationship": "Inner", "Scan Direction": "Forward", "Index Name": "info_type_pkey", "Relation Name": "info_type", "Alias": "it", "Startup Cost": 0.0, "Total Cost": 0.27, "Plan Rows": 1, "Plan Width": 4, "Actual Startup Time": 0.0, "Actual Total Time": 0.0, "Index Cond": "(id = mi.info_type_id)", "Rows Removed by Index Recheck": 0, "Heap Fetches": 0}]}]}, "Triggers": [], "Planner Runtime": 7.451, "Total Runtime": 1043.05, "Unique SQL Id": 2510907716}}, "(1, '9')": {"explain_plan": {"Plan": {"Node Type": "Aggregate", "Strategy": "Plain", "Startup Cost": 74106.99, "Total Cost": 74107.0, "Plan Rows": 1, "Plan Width": 49, "Plans": [{"Node Type": "Nested Loop", "Parent Relationship": "Outer", "Join Type": "Inner", "Startup Cost": 0.0, "Total Cost": 74102.19, "Plan Rows": 1919, "Plan Width": 17, "Inner Unique": true, "Plans": [{"Node Type": "Nested Loop", "Parent Relationship": "Outer", "Join Type": "Inner", "Startup Cost": 0.0, "Total Cost": 73564.77, "Plan Rows": 1919, "Plan Width": 21, "Inner Unique": false, "Plans": [{"Node Type": "Nested Loop", "Parent Relationship": "Outer", "Join Type": "Inner", "Startup Cost": 0.0, "Total Cost": 71285.47, "Plan Rows": 1869, "Plan Width": 25, "Inner Unique": true, "Plans": [{"Node Type": "Nested Loop", "Parent Relationship": "Outer", "Join Type": "Inner", "Startup Cost": 0.0, "Total Cost": 59668.05, "Plan Rows": 1540, "Plan Width": 4, "Inner Unique": false, "Plans": [{"Node Type": "Index Scan", "Parent Relationship": "Outer", "Scan Direction": "Forward", "Index Name": "company_type_pkey", "Relation Name": "company_type", "Alias": "ct", "Startup Cost": 0.0, "Total Cost": 12.3, "Plan Rows": 1, "Plan Width": 4, "Filter": "((kind)::text = 'production companies'::text)"}, {"Node Type": "Index Scan", "Parent Relationship": "Inner", "Scan Direction": "Forward", "Index Name": "company_type_id_movie_companies", "Relation Name": "movie_companies", "Alias": "mc", "Startup Cost": 0.0, "Total Cost": 59640.35, "Plan Rows": 1540, "Plan Width": 8, "Index Cond": "(company_type_id = ct.id)", "Filter": "(((note)::text ~~ '%(theatrical)%'::text) AND ((note)::text ~~ '%(France)%'::text))"}]}, {"Node Type": "Index Scan", "Parent Relationship": "Inner", "Scan Direction": "Forward", "Index Name": "title_pkey", "Relation Name": "title", "Alias": "t", "Startup Cost": 0.0, "Total Cost": 7.53, "Plan Rows": 1, "Plan Width": 21, "Index Cond": "(id = mc.movie_id)", "Filter": "(production_year > 2005)"}]}, {"Node Type": "Index Scan", "Parent Relationship": "Inner", "Scan Direction": "Forward", "Index Name": "movie_id_movie_info", "Relation Name": "movie_info", "Alias": "mi", "Startup Cost": 0.0, "Total Cost": 1.21, "Plan Rows": 1, "Plan Width": 8, "Index Cond": "(movie_id = t.id)", "Filter": "((info)::text = ANY ('{Sweden,Norway,Germany,Denmark,Swedish,Denish,Norwegian,German}'::text[]))"}]}, {"Node Type": "Index Only Scan", "Parent Relationship": "Inner", "Scan Direction": "Forward", "Index Name": "info_type_pkey", "Relation Name": "info_type", "Alias": "it", "Startup Cost": 0.0, "Total Cost": 0.27, "Plan Rows": 1, "Plan Width": 4, "Index Cond": "(id = mi.info_type_id)"}]}]}, "Unique SQL Id": 2510907716, "Planner Runtime": 6}, "explain_analyze_plan": {"Plan": {"Node Type": "Aggregate", "Strategy": "Plain", "Startup Cost": 74106.99, "Total Cost": 74107.0, "Plan Rows": 1, "Plan Width": 49, "Actual Startup Time": 633.715, "Actual Total Time": 633.716, "Actual Rows": 1, "Actual Loops": 1, "Plans": [{"Node Type": "Nested Loop", "Parent Relationship": "Outer", "Join Type": "Inner", "Startup Cost": 0.0, "Total Cost": 74102.19, "Plan Rows": 1919, "Plan Width": 17, "Actual Startup Time": 633.706, "Actual Total Time": 633.706, "Actual Rows": 0, "Actual Loops": 1, "Inner Unique": true, "Plans": [{"Node Type": "Nested Loop", "Parent Relationship": "Outer", "Join Type": "Inner", "Startup Cost": 0.0, "Total Cost": 73564.77, "Plan Rows": 1919, "Plan Width": 21, "Actual Startup Time": 633.704, "Actual Total Time": 633.704, "Actual Rows": 0, "Actual Loops": 1, "Inner Unique": false, "Plans": [{"Node Type": "Nested Loop", "Parent Relationship": "Outer", "Join Type": "Inner", "Startup Cost": 0.0, "Total Cost": 71285.47, "Plan Rows": 1869, "Plan Width": 25, "Actual Startup Time": 633.703, "Actual Total Time": 633.703, "Actual Rows": 0, "Actual Loops": 1, "Inner Unique": true, "Plans": [{"Node Type": "Nested Loop", "Parent Relationship": "Outer", "Join Type": "Inner", "Startup Cost": 0.0, "Total Cost": 59668.05, "Plan Rows": 1540, "Plan Width": 4, "Actual Startup Time": 633.702, "Actual Total Time": 633.702, "Actual Rows": 0, "Actual Loops": 1, "Inner Unique": false, "Plans": [{"Node Type": "Index Scan", "Parent Relationship": "Outer", "Scan Direction": "Forward", "Index Name": "company_type_pkey", "Relation Name": "company_type", "Alias": "ct", "Startup Cost": 0.0, "Total Cost": 12.3, "Plan Rows": 1, "Plan Width": 4, "Actual Startup Time": 0.021, "Actual Total Time": 0.027, "Actual Rows": 1, "Actual Loops": 1, "Filter": "((kind)::text = 'production companies'::text)", "Rows Removed by Filter": 2}, {"Node Type": "Index Scan", "Parent Relationship": "Inner", "Scan Direction": "Forward", "Index Name": "company_type_id_movie_companies", "Relation Name": "movie_companies", "Alias": "mc", "Startup Cost": 0.0, "Total Cost": 59640.35, "Plan Rows": 1540, "Plan Width": 8, "Actual Startup Time": 633.668, "Actual Total Time": 633.668, "Actual Rows": 0, "Actual Loops": 1, "Index Cond": "(company_type_id = ct.id)", "Rows Removed by Index Recheck": 0, "Filter": "(((note)::text ~~ '%(theatrical)%'::text) AND ((note)::text ~~ '%(France)%'::text))", "Rows Removed by Filter": 1334883}]}, {"Node Type": "Index Scan", "Parent Relationship": "Inner", "Scan Direction": "Forward", "Index Name": "title_pkey", "Relation Name": "title", "Alias": "t", "Startup Cost": 0.0, "Total Cost": 7.53, "Plan Rows": 1, "Plan Width": 21, "Actual Startup Time": 0.0, "Actual Total Time": 0.0, "Index Cond": "(id = mc.movie_id)", "Rows Removed by Index Recheck": 0, "Filter": "(production_year > 2005)", "Rows Removed by Filter": 0}]}, {"Node Type": "Index Scan", "Parent Relationship": "Inner", "Scan Direction": "Forward", "Index Name": "movie_id_movie_info", "Relation Name": "movie_info", "Alias": "mi", "Startup Cost": 0.0, "Total Cost": 1.21, "Plan Rows": 1, "Plan Width": 8, "Actual Startup Time": 0.0, "Actual Total Time": 0.0, "Index Cond": "(movie_id = t.id)", "Rows Removed by Index Recheck": 0, "Filter": "((info)::text = ANY ('{Sweden,Norway,Germany,Denmark,Swedish,Denish,Norwegian,German}'::text[]))", "Rows Removed by Filter": 0}]}, {"Node Type": "Index Only Scan", "Parent Relationship": "Inner", "Scan Direction": "Forward", "Index Name": "info_type_pkey", "Relation Name": "info_type", "Alias": "it", "Startup Cost": 0.0, "Total Cost": 0.27, "Plan Rows": 1, "Plan Width": 4, "Actual Startup Time": 0.0, "Actual Total Time": 0.0, "Index Cond": "(id = mi.info_type_id)", "Rows Removed by Index Recheck": 0, "Heap Fetches": 0}]}]}, "Triggers": [], "Planner Runtime": 6.763, "Total Runtime": 633.955, "Unique SQL Id": 2510907716}}, "(1, '10')": {"explain_plan": {"Plan": {"Node Type": "Aggregate", "Strategy": "Plain", "Startup Cost": 583460.98, "Total Cost": 583460.99, "Plan Rows": 1, "Plan Width": 49, "Plans": [{"Node Type": "Nested Loop", "Parent Relationship": "Outer", "Join Type": "Inner", "Startup Cost": 134008.83, "Total Cost": 583456.19, "Plan Rows": 1919, "Plan Width": 17, "Inner Unique": true, "Join Filter": "(mi.info_type_id = it.id)", "Plans": [{"Node Type": "Hash Join", "Parent Relationship": "Outer", "Join Type": "Inner", "Startup Cost": 134008.83, "Total Cost": 580229.87, "Plan Rows": 1919, "Plan Width": 21, "Inner Unique": false, "Hash Cond": "(mi.movie_id = t.id)", "Plans": [{"Node Type": "Seq Scan", "Parent Relationship": "Outer", "Relation Name": "movie_info", "Alias": "mi", "Startup Cost": 0.0, "Total Cost": 445687.32, "Plan Rows": 141478, "Plan Width": 8, "Filter": "((info)::text = ANY ('{Sweden,Norway,Germany,Denmark,Swedish,Denish,Norwegian,German}'::text[]))"}, {"Node Type": "Hash", "Parent Relationship": "Inner", "Startup Cost": 133985.47, "Total Cost": 133985.47, "Plan Rows": 1869, "Plan Width": 25, "Plans": [{"Node Type": "Hash Join", "Parent Relationship": "Outer", "Join Type": "Inner", "Startup Cost": 79058.54, "Total Cost": 133985.47, "Plan Rows": 1869, "Plan Width": 25, "Inner Unique": true, "Hash Cond": "(mc.movie_id = t.id)", "Plans": [{"Node Type": "Nested Loop", "Parent Relationship": "Outer", "Join Type": "Inner", "Startup Cost": 0.0, "Total Cost": 54902.47, "Plan Rows": 1540, "Plan Width": 4, "Inner Unique": false, "Join Filter": "(ct.id = mc.company_type_id)", "Plans": [{"Node Type": "Seq Scan", "Parent Relationship": "Outer", "Relation Name": "company_type", "Alias": "ct", "Startup Cost": 0.0, "Total Cost": 1.04, "Plan Rows": 1, "Plan Width": 4, "Filter": "((kind)::text = 'production companies'::text)"}, {"Node Type": "Seq Scan", "Parent Relationship": "Inner", "Relation Name": "movie_companies", "Alias": "mc", "Startup Cost": 0.0, "Total Cost": 54862.92, "Plan Rows": 3081, "Plan Width": 8, "Filter": "(((note)::text ~~ '%(theatrical)%'::text) AND ((note)::text ~~ '%(France)%'::text))"}]}, {"Node Type": "Hash", "Parent Relationship": "Inner", "Startup Cost": 66389.89, "Total Cost": 66389.89, "Plan Rows": 1013492, "Plan Width": 21, "Plans": [{"Node Type": "Seq Scan", "Parent Relationship": "Outer", "Relation Name": "title", "Alias": "t", "Startup Cost": 0.0, "Total Cost": 66389.89, "Plan Rows": 1013492, "Plan Width": 21, "Filter": "(production_year > 2005), (LLVM Optimized)"}]}]}]}]}, {"Node Type": "Materialize", "Parent Relationship": "Inner", "Startup Cost": 0.0, "Total Cost": 2.68, "Plan Rows": 112, "Plan Width": 4, "Plans": [{"Node Type": "Seq Scan", "Parent Relationship": "Outer", "Relation Name": "info_type", "Alias": "it", "Startup Cost": 0.0, "Total Cost": 2.12, "Plan Rows": 112, "Plan Width": 4}]}]}]}, "Unique SQL Id": 2510907716, "Planner Runtime": 9}, "explain_analyze_plan": {"Plan": {"Node Type": "Aggregate", "Strategy": "Plain", "Startup Cost": 583460.98, "Total Cost": 583460.99, "Plan Rows": 1, "Plan Width": 49, "Actual Startup Time": 1039.724, "Actual Total Time": 1039.725, "Actual Rows": 1, "Actual Loops": 1, "Plans": [{"Node Type": "Nested Loop", "Parent Relationship": "Outer", "Join Type": "Inner", "Startup Cost": 134008.83, "Total Cost": 583456.19, "Plan Rows": 1919, "Plan Width": 17, "Actual Startup Time": 1039.714, "Actual Total Time": 1039.714, "Actual Rows": 0, "Actual Loops": 1, "Inner Unique": true, "Join Filter": "(mi.info_type_id = it.id)", "Rows Removed by Join Filter": 0, "Plans": [{"Node Type": "Hash Join", "Parent Relationship": "Outer", "Join Type": "Inner", "Startup Cost": 134008.83, "Total Cost": 580229.87, "Plan Rows": 1919, "Plan Width": 21, "Actual Startup Time": 1039.674, "Actual Total Time": 1039.674, "Actual Rows": 0, "Actual Loops": 1, "Inner Unique": false, "Hash Cond": "(mi.movie_id = t.id)", "Plans": [{"Node Type": "Seq Scan", "Parent Relationship": "Outer", "Relation Name": "movie_info", "Alias": "mi", "Startup Cost": 0.0, "Total Cost": 445687.32, "Plan Rows": 141478, "Plan Width": 8, "Actual Startup Time": 3.212, "Actual Total Time": 3.212, "Actual Rows": 1, "Actual Loops": 1, "Filter": "((info)::text = ANY ('{Sweden,Norway,Germany,Denmark,Swedish,Denish,Norwegian,German}'::text[]))", "Rows Removed by Filter": 5685}, {"Node Type": "Hash", "Parent Relationship": "Inner", "Startup Cost": 133985.47, "Total Cost": 133985.47, "Plan Rows": 1869, "Plan Width": 25, "Actual Startup Time": 1036.41, "Actual Total Time": 1036.41, "Actual Rows": 0, "Actual Loops": 1, "Hash Buckets": 32768, "Hash Batches": 1, "Original Hash Batches": 1, "Peak Memory Usage": 0, "Plans": [{"Node Type": "Hash Join", "Parent Relationship": "Outer", "Join Type": "Inner", "Startup Cost": 79058.54, "Total Cost": 133985.47, "Plan Rows": 1869, "Plan Width": 25, "Actual Startup Time": 1036.404, "Actual Total Time": 1036.404, "Actual Rows": 0, "Actual Loops": 1, "Inner Unique": true, "Hash Cond": "(mc.movie_id = t.id)", "Plans": [{"Node Type": "Nested Loop", "Parent Relationship": "Outer", "Join Type": "Inner", "Startup Cost": 0.0, "Total Cost": 54902.47, "Plan Rows": 1540, "Plan Width": 4, "Actual Startup Time": 1036.394, "Actual Total Time": 1036.394, "Actual Rows": 0, "Actual Loops": 1, "Inner Unique": false, "Join Filter": "(ct.id = mc.company_type_id)", "Rows Removed by Join Filter": 24025, "Plans": [{"Node Type": "Seq Scan", "Parent Relationship": "Outer", "Relation Name": "company_type", "Alias": "ct", "Startup Cost": 0.0, "Total Cost": 1.04, "Plan Rows": 1, "Plan Width": 4, "Actual Startup Time": 0.014, "Actual Total Time": 0.018, "Actual Rows": 1, "Actual Loops": 1, "Filter": "((kind)::text = 'production companies'::text)", "Rows Removed by Filter": 2}, {"Node Type": "Seq Scan", "Parent Relationship": "Inner", "Relation Name": "movie_companies", "Alias": "mc", "Startup Cost": 0.0, "Total Cost": 54862.92, "Plan Rows": 3081, "Plan Width": 8, "Actual Startup Time": 8.737, "Actual Total Time": 1030.99, "Actual Rows": 24025, "Actual Loops": 1, "Filter": "(((note)::text ~~ '%(theatrical)%'::text) AND ((note)::text ~~ '%(France)%'::text))", "Rows Removed by Filter": 2585103}]}, {"Node Type": "Hash", "Parent Relationship": "Inner", "Startup Cost": 66389.89, "Total Cost": 66389.89, "Plan Rows": 1013492, "Plan Width": 21, "Actual Startup Time": 0.0, "Actual Total Time": 0.0, "Hash Buckets": 0, "Hash Batches": 0, "Original Hash Batches": 0, "Peak Memory Usage": 0, "Plans": [{"Node Type": "Seq Scan", "Parent Relationship": "Outer", "Relation Name": "title", "Alias": "t", "Startup Cost": 0.0, "Total Cost": 66389.89, "Plan Rows": 1013492, "Plan Width": 21, "Actual Startup Time": 0.0, "Actual Total Time": 0.0, "Filter": "(production_year > 2005), (LLVM Optimized, Jit Execute)", "Rows Removed by Filter": 0}]}]}]}]}, {"Node Type": "Materialize", "Parent Relationship": "Inner", "Startup Cost": 0.0, "Total Cost": 2.68, "Plan Rows": 112, "Plan Width": 4, "Actual Startup Time": 0.0, "Actual Total Time": 0.0, "Plans": [{"Node Type": "Seq Scan", "Parent Relationship": "Outer", "Relation Name": "info_type", "Alias": "it", "Startup Cost": 0.0, "Total Cost": 2.12, "Plan Rows": 112, "Plan Width": 4, "Actual Startup Time": 0.0, "Actual Total Time": 0.0}]}]}]}, "Triggers": [], "Planner Runtime": 10.046, "Total Runtime": 1048.351, "Unique SQL Id": 2510907716}}, "(1, '11')": {"explain_plan": {"Plan": {"Node Type": "Aggregate", "Strategy": "Plain", "Startup Cost": 4997607846308.68, "Total Cost": 4997607846308.69, "Plan Rows": 1, "Plan Width": 49, "Plans": [{"Node Type": "Merge Join", "Parent Relationship": "Outer", "Join Type": "Inner", "Startup Cost": 50021490308.98, "Total Cost": 4997607846303.88, "Plan Rows": 1919, "Plan Width": 17, "Inner Unique": false, "Merge Cond": "(mi.movie_id = t.id)", "Plans": [{"Node Type": "Nested Loop", "Parent Relationship": "Outer", "Join Type": "Inner", "Startup Cost": 20000000000.0, "Total Cost": 2000118925554.54, "Plan Rows": 141478, "Plan Width": 4, "Inner Unique": true, "Join Filter": "(it.id = mi.info_type_id), (LLVM Optimized)", "Plans": [{"Node Type": "Index Scan", "Parent Relationship": "Outer", "Scan Direction": "Forward", "Index Name": "movie_id_movie_info", "Relation Name": "movie_info", "Alias": "mi", "Startup Cost": 10000000000.0, "Total Cost": 1000118686878.22, "Plan Rows": 141478, "Plan Width": 8, "Filter": "((info)::text = ANY ('{Sweden,Norway,Germany,Denmark,Swedish,Denish,Norwegian,German}'::text[]))"}, {"Node Type": "Materialize", "Parent Relationship": "Inner", "Startup Cost": 10000000000.0, "Total Cost": 1000000000993.56, "Plan Rows": 112, "Plan Width": 4, "Plans": [{"Node Type": "Index Only Scan", "Parent Relationship": "Outer", "Scan Direction": "Forward", "Index Name": "info_type_pkey", "Relation Name": "info_type", "Alias": "it", "Startup Cost": 10000000000.0, "Total Cost": 1000000000993.0, "Plan Rows": 112, "Plan Width": 4}]}]}, {"Node Type": "Materialize", "Parent Relationship": "Inner", "Startup Cost": 30021490308.98, "Total Cost": 2999077500382.5, "Plan Rows": 1869, "Plan Width": 25, "Plans": [{"Node Type": "Merge Join", "Parent Relationship": "Outer", "Join Type": "Inner", "Startup Cost": 30021490308.98, "Total Cost": 2999077500377.83, "Plan Rows": 1869, "Plan Width": 25, "Inner Unique": true, "Merge Cond": "(mc.movie_id = t.id)", "Plans": [{"Node Type": "Nested Loop", "Parent Relationship": "Outer", "Join Type": "Inner", "Startup Cost": 20000000000.0, "Total Cost": 2000014357786.6, "Plan Rows": 1540, "Plan Width": 4, "Inner Unique": true, "Join Filter": "(ct.id = mc.company_type_id)", "Plans": [{"Node Type": "Index Scan", "Parent Relationship": "Outer", "Scan Direction": "Forward", "Index Name": "movie_id_movie_companies", "Relation Name": "movie_companies", "Alias": "mc", "Startup Cost": 10000000000.0, "Total Cost": 1000014356510.13, "Plan Rows": 3081, "Plan Width": 8, "Filter": "(((note)::text ~~ '%(theatrical)%'::text) AND ((note)::text ~~ '%(France)%'::text))"}, {"Node Type": "Materialize", "Parent Relationship": "Inner", "Startup Cost": 10000000000.0, "Total Cost": 1000000001230.26, "Plan Rows": 1, "Plan Width": 4, "Plans": [{"Node Type": "Index Scan", "Parent Relationship": "Outer", "Scan Direction": "Forward", "Index Name": "company_type_pkey", "Relation Name": "company_type", "Alias": "ct", "Startup Cost": 10000000000.0, "Total Cost": 1000000001230.25, "Plan Rows": 1, "Plan Width": 4, "Filter": "((kind)::text = 'production companies'::text)"}]}]}, {"Node Type": "Index Scan", "Parent Relationship": "Inner", "Scan Direction": "Forward", "Index Name": "title_pkey", "Relation Name": "title", "Alias": "t", "Startup Cost": 10000000000.0, "Total Cost": 1000011644126.66, "Plan Rows": 1013492, "Plan Width": 21, "Filter": "(production_year > 2005), (LLVM Optimized)"}]}]}]}]}, "Unique SQL Id": 2510907716, "Planner Runtime": 10}, "explain_analyze_plan": {"Plan": {"Node Type": "Aggregate", "Strategy": "Plain", "Startup Cost": 4997607846308.68, "Total Cost": 4997607846308.69, "Plan Rows": 1, "Plan Width": 49, "Actual Startup Time": 2047.265, "Actual Total Time": 2047.265, "Actual Rows": 1, "Actual Loops": 1, "Plans": [{"Node Type": "Merge Join", "Parent Relationship": "Outer", "Join Type": "Inner", "Startup Cost": 50021490308.98, "Total Cost": 4997607846303.88, "Plan Rows": 1919, "Plan Width": 17, "Actual Startup Time": 2047.255, "Actual Total Time": 2047.255, "Actual Rows": 0, "Actual Loops": 1, "Inner Unique": false, "Merge Cond": "(mi.movie_id = t.id)", "Plans": [{"Node Type": "Nested Loop", "Parent Relationship": "Outer", "Join Type": "Inner", "Startup Cost": 20000000000.0, "Total Cost": 2000118925554.54, "Plan Rows": 141478, "Plan Width": 4, "Actual Startup Time": 2.234, "Actual Total Time": 2.234, "Actual Rows": 1, "Actual Loops": 1, "Inner Unique": true, "Join Filter": "(it.id = mi.info_type_id), (LLVM Optimized, Jit Execute)", "Rows Removed by Join Filter": 2, "Plans": [{"Node Type": "Index Scan", "Parent Relationship": "Outer", "Scan Direction": "Forward", "Index Name": "movie_id_movie_info", "Relation Name": "movie_info", "Alias": "mi", "Startup Cost": 10000000000.0, "Total Cost": 1000118686878.22, "Plan Rows": 141478, "Plan Width": 8, "Actual Startup Time": 2.207, "Actual Total Time": 2.207, "Actual Rows": 1, "Actual Loops": 1, "Filter": "((info)::text = ANY ('{Sweden,Norway,Germany,Denmark,Swedish,Denish,Norwegian,German}'::text[]))", "Rows Removed by Filter": 1998}, {"Node Type": "Materialize", "Parent Relationship": "Inner", "Startup Cost": 10000000000.0, "Total Cost": 1000000000993.56, "Plan Rows": 112, "Plan Width": 4, "Actual Startup Time": 0.015, "Actual Total Time": 0.017, "Actual Rows": 3, "Actual Loops": 1, "Plans": [{"Node Type": "Index Only Scan", "Parent Relationship": "Outer", "Scan Direction": "Forward", "Index Name": "info_type_pkey", "Relation Name": "info_type", "Alias": "it", "Startup Cost": 10000000000.0, "Total Cost": 1000000000993.0, "Plan Rows": 112, "Plan Width": 4, "Actual Startup Time": 0.011, "Actual Total Time": 0.011, "Actual Rows": 3, "Actual Loops": 1, "Heap Fetches": 0}]}]}, {"Node Type": "Materialize", "Parent Relationship": "Inner", "Startup Cost": 30021490308.98, "Total Cost": 2999077500382.5, "Plan Rows": 1869, "Plan Width": 25, "Actual Startup Time": 2045.011, "Actual Total Time": 2045.011, "Actual Rows": 0, "Actual Loops": 1, "Plans": [{"Node Type": "Merge Join", "Parent Relationship": "Outer", "Join Type": "Inner", "Startup Cost": 30021490308.98, "Total Cost": 2999077500377.83, "Plan Rows": 1869, "Plan Width": 25, "Actual Startup Time": 2045.005, "Actual Total Time": 2045.005, "Actual Rows": 0, "Actual Loops": 1, "Inner Unique": true, "Merge Cond": "(mc.movie_id = t.id)", "Plans": [{"Node Type": "Nested Loop", "Parent Relationship": "Outer", "Join Type": "Inner", "Startup Cost": 20000000000.0, "Total Cost": 2000014357786.6, "Plan Rows": 1540, "Plan Width": 4, "Actual Startup Time": 2044.991, "Actual Total Time": 2044.991, "Actual Rows": 0, "Actual Loops": 1, "Inner Unique": true, "Join Filter": "(ct.id = mc.company_type_id)", "Rows Removed by Join Filter": 24025, "Plans": [{"Node Type": "Index Scan", "Parent Relationship": "Outer", "Scan Direction": "Forward", "Index Name": "movie_id_movie_companies", "Relation Name": "movie_companies", "Alias": "mc", "Startup Cost": 10000000000.0, "Total Cost": 1000014356510.13, "Plan Rows": 3081, "Plan Width": 8, "Actual Startup Time": 27.246, "Actual Total Time": 2029.91, "Actual Rows": 24025, "Actual Loops": 1, "Filter": "(((note)::text ~~ '%(theatrical)%'::text) AND ((note)::text ~~ '%(France)%'::text))", "Rows Removed by Filter": 2585103}, {"Node Type": "Materialize", "Parent Relationship": "Inner", "Startup Cost": 10000000000.0, "Total Cost": 1000000001230.26, "Plan Rows": 1, "Plan Width": 4, "Actual Startup Time": 2.317, "Actual Total Time": 4.274, "Actual Rows": 24025, "Actual Loops": 24025, "Plans": [{"Node Type": "Index Scan", "Parent Relationship": "Outer", "Scan Direction": "Forward", "Index Name": "company_type_pkey", "Relation Name": "company_type", "Alias": "ct", "Startup Cost": 10000000000.0, "Total Cost": 1000000001230.25, "Plan Rows": 1, "Plan Width": 4, "Actual Startup Time": 0.011, "Actual Total Time": 0.014, "Actual Rows": 1, "Actual Loops": 1, "Filter": "((kind)::text = 'production companies'::text)", "Rows Removed by Filter": 2}]}]}, {"Node Type": "Index Scan", "Parent Relationship": "Inner", "Scan Direction": "Forward", "Index Name": "title_pkey", "Relation Name": "title", "Alias": "t", "Startup Cost": 10000000000.0, "Total Cost": 1000011644126.66, "Plan Rows": 1013492, "Plan Width": 21, "Actual Startup Time": 0.0, "Actual Total Time": 0.0, "Filter": "(production_year > 2005), (LLVM Optimized, Jit Execute)", "Rows Removed by Filter": 0}]}]}]}]}, "Triggers": [], "Planner Runtime": 9.655, "Total Runtime": 2056.116, "Unique SQL Id": 2510907716}}, "(1, '12')": {"explain_plan": {"Plan": {"Node Type": "Aggregate", "Strategy": "Plain", "Startup Cost": 69341.46, "Total Cost": 69341.47, "Plan Rows": 1, "Plan Width": 49, "Plans": [{"Node Type": "Nested Loop", "Parent Relationship": "Outer", "Join Type": "Inner", "Startup Cost": 0.0, "Total Cost": 69336.67, "Plan Rows": 1919, "Plan Width": 17, "Inner Unique": true, "Plans": [{"Node Type": "Nested Loop", "Parent Relationship": "Outer", "Join Type": "Inner", "Startup Cost": 0.0, "Total Cost": 68799.18, "Plan Rows": 1919, "Plan Width": 21, "Inner Unique": false, "Plans": [{"Node Type": "Nested Loop", "Parent Relationship": "Outer", "Join Type": "Inner", "Startup Cost": 0.0, "Total Cost": 66519.89, "Plan Rows": 1869, "Plan Width": 25, "Inner Unique": true, "Plans": [{"Node Type": "Nested Loop", "Parent Relationship": "Outer", "Join Type": "Inner", "Startup Cost": 0.0, "Total Cost": 54902.47, "Plan Rows": 1540, "Plan Width": 4, "Inner Unique": false, "Join Filter": "(ct.id = mc.company_type_id)", "Plans": [{"Node Type": "Seq Scan", "Parent Relationship": "Outer", "Relation Name": "company_type", "Alias": "ct", "Startup Cost": 0.0, "Total Cost": 1.04, "Plan Rows": 1, "Plan Width": 4, "Filter": "((kind)::text = 'production companies'::text)"}, {"Node Type": "Seq Scan", "Parent Relationship": "Inner", "Relation Name": "movie_companies", "Alias": "mc", "Startup Cost": 0.0, "Total Cost": 54862.92, "Plan Rows": 3081, "Plan Width": 8, "Filter": "(((note)::text ~~ '%(theatrical)%'::text) AND ((note)::text ~~ '%(France)%'::text))"}]}, {"Node Type": "Index Scan", "Parent Relationship": "Inner", "Scan Direction": "Forward", "Index Name": "title_pkey", "Relation Name": "title", "Alias": "t", "Startup Cost": 0.0, "Total Cost": 7.53, "Plan Rows": 1, "Plan Width": 21, "Index Cond": "(id = mc.movie_id)", "Filter": "(production_year > 2005)"}]}, {"Node Type": "Index Scan", "Parent Relationship": "Inner", "Scan Direction": "Forward", "Index Name": "movie_id_movie_info", "Relation Name": "movie_info", "Alias": "mi", "Startup Cost": 0.0, "Total Cost": 1.21, "Plan Rows": 1, "Plan Width": 8, "Index Cond": "(movie_id = t.id)", "Filter": "((info)::text = ANY ('{Sweden,Norway,Germany,Denmark,Swedish,Denish,Norwegian,German}'::text[]))"}]}, {"Node Type": "Index Scan", "Parent Relationship": "Inner", "Scan Direction": "Forward", "Index Name": "info_type_pkey", "Relation Name": "info_type", "Alias": "it", "Startup Cost": 0.0, "Total Cost": 0.27, "Plan Rows": 1, "Plan Width": 4, "Index Cond": "(id = mi.info_type_id)"}]}]}, "Unique SQL Id": 2510907716, "Planner Runtime": 7}, "explain_analyze_plan": {"Plan": {"Node Type": "Aggregate", "Strategy": "Plain", "Startup Cost": 69341.46, "Total Cost": 69341.47, "Plan Rows": 1, "Plan Width": 49, "Actual Startup Time": 1050.618, "Actual Total Time": 1050.618, "Actual Rows": 1, "Actual Loops": 1, "Plans": [{"Node Type": "Nested Loop", "Parent Relationship": "Outer", "Join Type": "Inner", "Startup Cost": 0.0, "Total Cost": 69336.67, "Plan Rows": 1919, "Plan Width": 17, "Actual Startup Time": 1050.61, "Actual Total Time": 1050.61, "Actual Rows": 0, "Actual Loops": 1, "Inner Unique": true, "Plans": [{"Node Type": "Nested Loop", "Parent Relationship": "Outer", "Join Type": "Inner", "Startup Cost": 0.0, "Total Cost": 68799.18, "Plan Rows": 1919, "Plan Width": 21, "Actual Startup Time": 1050.608, "Actual Total Time": 1050.608, "Actual Rows": 0, "Actual Loops": 1, "Inner Unique": false, "Plans": [{"Node Type": "Nested Loop", "Parent Relationship": "Outer", "Join Type": "Inner", "Startup Cost": 0.0, "Total Cost": 66519.89, "Plan Rows": 1869, "Plan Width": 25, "Actual Startup Time": 1050.607, "Actual Total Time": 1050.607, "Actual Rows": 0, "Actual Loops": 1, "Inner Unique": true, "Plans": [{"Node Type": "Nested Loop", "Parent Relationship": "Outer", "Join Type": "Inner", "Startup Cost": 0.0, "Total Cost": 54902.47, "Plan Rows": 1540, "Plan Width": 4, "Actual Startup Time": 1050.606, "Actual Total Time": 1050.606, "Actual Rows": 0, "Actual Loops": 1, "Inner Unique": false, "Join Filter": "(ct.id = mc.company_type_id)", "Rows Removed by Join Filter": 24025, "Plans": [{"Node Type": "Seq Scan", "Parent Relationship": "Outer", "Relation Name": "company_type", "Alias": "ct", "Startup Cost": 0.0, "Total Cost": 1.04, "Plan Rows": 1, "Plan Width": 4, "Actual Startup Time": 0.023, "Actual Total Time": 0.032, "Actual Rows": 1, "Actual Loops": 1, "Filter": "((kind)::text = 'production companies'::text)", "Rows Removed by Filter": 2}, {"Node Type": "Seq Scan", "Parent Relationship": "Inner", "Relation Name": "movie_companies", "Alias": "mc", "Startup Cost": 0.0, "Total Cost": 54862.92, "Plan Rows": 3081, "Plan Width": 8, "Actual Startup Time": 8.677, "Actual Total Time": 1045.148, "Actual Rows": 24025, "Actual Loops": 1, "Filter": "(((note)::text ~~ '%(theatrical)%'::text) AND ((note)::text ~~ '%(France)%'::text))", "Rows Removed by Filter": 2585103}]}, {"Node Type": "Index Scan", "Parent Relationship": "Inner", "Scan Direction": "Forward", "Index Name": "title_pkey", "Relation Name": "title", "Alias": "t", "Startup Cost": 0.0, "Total Cost": 7.53, "Plan Rows": 1, "Plan Width": 21, "Actual Startup Time": 0.0, "Actual Total Time": 0.0, "Index Cond": "(id = mc.movie_id)", "Rows Removed by Index Recheck": 0, "Filter": "(production_year > 2005)", "Rows Removed by Filter": 0}]}, {"Node Type": "Index Scan", "Parent Relationship": "Inner", "Scan Direction": "Forward", "Index Name": "movie_id_movie_info", "Relation Name": "movie_info", "Alias": "mi", "Startup Cost": 0.0, "Total Cost": 1.21, "Plan Rows": 1, "Plan Width": 8, "Actual Startup Time": 0.0, "Actual Total Time": 0.0, "Index Cond": "(movie_id = t.id)", "Rows Removed by Index Recheck": 0, "Filter": "((info)::text = ANY ('{Sweden,Norway,Germany,Denmark,Swedish,Denish,Norwegian,German}'::text[]))", "Rows Removed by Filter": 0}]}, {"Node Type": "Index Scan", "Parent Relationship": "Inner", "Scan Direction": "Forward", "Index Name": "info_type_pkey", "Relation Name": "info_type", "Alias": "it", "Startup Cost": 0.0, "Total Cost": 0.27, "Plan Rows": 1, "Plan Width": 4, "Actual Startup Time": 0.0, "Actual Total Time": 0.0, "Index Cond": "(id = mi.info_type_id)", "Rows Removed by Index Recheck": 0}]}]}, "Triggers": [], "Planner Runtime": 7.429, "Total Runtime": 1050.883, "Unique SQL Id": 2510907716}}, "(1, '13')": {"explain_plan": {"Plan": {"Node Type": "Aggregate", "Strategy": "Plain", "Startup Cost": 74107.05, "Total Cost": 74107.06, "Plan Rows": 1, "Plan Width": 49, "Plans": [{"Node Type": "Nested Loop", "Parent Relationship": "Outer", "Join Type": "Inner", "Startup Cost": 0.0, "Total Cost": 74102.25, "Plan Rows": 1919, "Plan Width": 17, "Inner Unique": true, "Plans": [{"Node Type": "Nested Loop", "Parent Relationship": "Outer", "Join Type": "Inner", "Startup Cost": 0.0, "Total Cost": 73564.77, "Plan Rows": 1919, "Plan Width": 21, "Inner Unique": false, "Plans": [{"Node Type": "Nested Loop", "Parent Relationship": "Outer", "Join Type": "Inner", "Startup Cost": 0.0, "Total Cost": 71285.47, "Plan Rows": 1869, "Plan Width": 25, "Inner Unique": true, "Plans": [{"Node Type": "Nested Loop", "Parent Relationship": "Outer", "Join Type": "Inner", "Startup Cost": 0.0, "Total Cost": 59668.05, "Plan Rows": 1540, "Plan Width": 4, "Inner Unique": false, "Plans": [{"Node Type": "Index Scan", "Parent Relationship": "Outer", "Scan Direction": "Forward", "Index Name": "company_type_pkey", "Relation Name": "company_type", "Alias": "ct", "Startup Cost": 0.0, "Total Cost": 12.3, "Plan Rows": 1, "Plan Width": 4, "Filter": "((kind)::text = 'production companies'::text)"}, {"Node Type": "Index Scan", "Parent Relationship": "Inner", "Scan Direction": "Forward", "Index Name": "company_type_id_movie_companies", "Relation Name": "movie_companies", "Alias": "mc", "Startup Cost": 0.0, "Total Cost": 59640.35, "Plan Rows": 1540, "Plan Width": 8, "Index Cond": "(company_type_id = ct.id)", "Filter": "(((note)::text ~~ '%(theatrical)%'::text) AND ((note)::text ~~ '%(France)%'::text))"}]}, {"Node Type": "Index Scan", "Parent Relationship": "Inner", "Scan Direction": "Forward", "Index Name": "title_pkey", "Relation Name": "title", "Alias": "t", "Startup Cost": 0.0, "Total Cost": 7.53, "Plan Rows": 1, "Plan Width": 21, "Index Cond": "(id = mc.movie_id)", "Filter": "(production_year > 2005)"}]}, {"Node Type": "Index Scan", "Parent Relationship": "Inner", "Scan Direction": "Forward", "Index Name": "movie_id_movie_info", "Relation Name": "movie_info", "Alias": "mi", "Startup Cost": 0.0, "Total Cost": 1.21, "Plan Rows": 1, "Plan Width": 8, "Index Cond": "(movie_id = t.id)", "Filter": "((info)::text = ANY ('{Sweden,Norway,Germany,Denmark,Swedish,Denish,Norwegian,German}'::text[]))"}]}, {"Node Type": "Index Scan", "Parent Relationship": "Inner", "Scan Direction": "Forward", "Index Name": "info_type_pkey", "Relation Name": "info_type", "Alias": "it", "Startup Cost": 0.0, "Total Cost": 0.27, "Plan Rows": 1, "Plan Width": 4, "Index Cond": "(id = mi.info_type_id)"}]}]}, "Unique SQL Id": 2510907716, "Planner Runtime": 6}, "explain_analyze_plan": {"Plan": {"Node Type": "Aggregate", "Strategy": "Plain", "Startup Cost": 74107.05, "Total Cost": 74107.06, "Plan Rows": 1, "Plan Width": 49, "Actual Startup Time": 752.93, "Actual Total Time": 752.931, "Actual Rows": 1, "Actual Loops": 1, "Plans": [{"Node Type": "Nested Loop", "Parent Relationship": "Outer", "Join Type": "Inner", "Startup Cost": 0.0, "Total Cost": 74102.25, "Plan Rows": 1919, "Plan Width": 17, "Actual Startup Time": 752.924, "Actual Total Time": 752.924, "Actual Rows": 0, "Actual Loops": 1, "Inner Unique": true, "Plans": [{"Node Type": "Nested Loop", "Parent Relationship": "Outer", "Join Type": "Inner", "Startup Cost": 0.0, "Total Cost": 73564.77, "Plan Rows": 1919, "Plan Width": 21, "Actual Startup Time": 752.922, "Actual Total Time": 752.922, "Actual Rows": 0, "Actual Loops": 1, "Inner Unique": false, "Plans": [{"Node Type": "Nested Loop", "Parent Relationship": "Outer", "Join Type": "Inner", "Startup Cost": 0.0, "Total Cost": 71285.47, "Plan Rows": 1869, "Plan Width": 25, "Actual Startup Time": 752.921, "Actual Total Time": 752.921, "Actual Rows": 0, "Actual Loops": 1, "Inner Unique": true, "Plans": [{"Node Type": "Nested Loop", "Parent Relationship": "Outer", "Join Type": "Inner", "Startup Cost": 0.0, "Total Cost": 59668.05, "Plan Rows": 1540, "Plan Width": 4, "Actual Startup Time": 752.919, "Actual Total Time": 752.919, "Actual Rows": 0, "Actual Loops": 1, "Inner Unique": false, "Plans": [{"Node Type": "Index Scan", "Parent Relationship": "Outer", "Scan Direction": "Forward", "Index Name": "company_type_pkey", "Relation Name": "company_type", "Alias": "ct", "Startup Cost": 0.0, "Total Cost": 12.3, "Plan Rows": 1, "Plan Width": 4, "Actual Startup Time": 0.015, "Actual Total Time": 0.026, "Actual Rows": 1, "Actual Loops": 1, "Filter": "((kind)::text = 'production companies'::text)", "Rows Removed by Filter": 2}, {"Node Type": "Index Scan", "Parent Relationship": "Inner", "Scan Direction": "Forward", "Index Name": "company_type_id_movie_companies", "Relation Name": "movie_companies", "Alias": "mc", "Startup Cost": 0.0, "Total Cost": 59640.35, "Plan Rows": 1540, "Plan Width": 8, "Actual Startup Time": 752.888, "Actual Total Time": 752.888, "Actual Rows": 0, "Actual Loops": 1, "Index Cond": "(company_type_id = ct.id)", "Rows Removed by Index Recheck": 0, "Filter": "(((note)::text ~~ '%(theatrical)%'::text) AND ((note)::text ~~ '%(France)%'::text))", "Rows Removed by Filter": 1334883}]}, {"Node Type": "Index Scan", "Parent Relationship": "Inner", "Scan Direction": "Forward", "Index Name": "title_pkey", "Relation Name": "title", "Alias": "t", "Startup Cost": 0.0, "Total Cost": 7.53, "Plan Rows": 1, "Plan Width": 21, "Actual Startup Time": 0.0, "Actual Total Time": 0.0, "Index Cond": "(id = mc.movie_id)", "Rows Removed by Index Recheck": 0, "Filter": "(production_year > 2005)", "Rows Removed by Filter": 0}]}, {"Node Type": "Index Scan", "Parent Relationship": "Inner", "Scan Direction": "Forward", "Index Name": "movie_id_movie_info", "Relation Name": "movie_info", "Alias": "mi", "Startup Cost": 0.0, "Total Cost": 1.21, "Plan Rows": 1, "Plan Width": 8, "Actual Startup Time": 0.0, "Actual Total Time": 0.0, "Index Cond": "(movie_id = t.id)", "Rows Removed by Index Recheck": 0, "Filter": "((info)::text = ANY ('{Sweden,Norway,Germany,Denmark,Swedish,Denish,Norwegian,German}'::text[]))", "Rows Removed by Filter": 0}]}, {"Node Type": "Index Scan", "Parent Relationship": "Inner", "Scan Direction": "Forward", "Index Name": "info_type_pkey", "Relation Name": "info_type", "Alias": "it", "Startup Cost": 0.0, "Total Cost": 0.27, "Plan Rows": 1, "Plan Width": 4, "Actual Startup Time": 0.0, "Actual Total Time": 0.0, "Index Cond": "(id = mi.info_type_id)", "Rows Removed by Index Recheck": 0}]}]}, "Triggers": [], "Planner Runtime": 6.967, "Total Runtime": 753.211, "Unique SQL Id": 2510907716}}, "(1, '14')": {"explain_plan": {"Plan": {"Node Type": "Aggregate", "Strategy": "Plain", "Startup Cost": 583460.98, "Total Cost": 583460.99, "Plan Rows": 1, "Plan Width": 49, "Plans": [{"Node Type": "Nested Loop", "Parent Relationship": "Outer", "Join Type": "Inner", "Startup Cost": 134008.83, "Total Cost": 583456.19, "Plan Rows": 1919, "Plan Width": 17, "Inner Unique": true, "Join Filter": "(mi.info_type_id = it.id)", "Plans": [{"Node Type": "Hash Join", "Parent Relationship": "Outer", "Join Type": "Inner", "Startup Cost": 134008.83, "Total Cost": 580229.87, "Plan Rows": 1919, "Plan Width": 21, "Inner Unique": false, "Hash Cond": "(mi.movie_id = t.id)", "Plans": [{"Node Type": "Seq Scan", "Parent Relationship": "Outer", "Relation Name": "movie_info", "Alias": "mi", "Startup Cost": 0.0, "Total Cost": 445687.32, "Plan Rows": 141478, "Plan Width": 8, "Filter": "((info)::text = ANY ('{Sweden,Norway,Germany,Denmark,Swedish,Denish,Norwegian,German}'::text[]))"}, {"Node Type": "Hash", "Parent Relationship": "Inner", "Startup Cost": 133985.47, "Total Cost": 133985.47, "Plan Rows": 1869, "Plan Width": 25, "Plans": [{"Node Type": "Hash Join", "Parent Relationship": "Outer", "Join Type": "Inner", "Startup Cost": 79058.54, "Total Cost": 133985.47, "Plan Rows": 1869, "Plan Width": 25, "Inner Unique": true, "Hash Cond": "(mc.movie_id = t.id)", "Plans": [{"Node Type": "Nested Loop", "Parent Relationship": "Outer", "Join Type": "Inner", "Startup Cost": 0.0, "Total Cost": 54902.47, "Plan Rows": 1540, "Plan Width": 4, "Inner Unique": false, "Join Filter": "(ct.id = mc.company_type_id)", "Plans": [{"Node Type": "Seq Scan", "Parent Relationship": "Outer", "Relation Name": "company_type", "Alias": "ct", "Startup Cost": 0.0, "Total Cost": 1.04, "Plan Rows": 1, "Plan Width": 4, "Filter": "((kind)::text = 'production companies'::text)"}, {"Node Type": "Seq Scan", "Parent Relationship": "Inner", "Relation Name": "movie_companies", "Alias": "mc", "Startup Cost": 0.0, "Total Cost": 54862.92, "Plan Rows": 3081, "Plan Width": 8, "Filter": "(((note)::text ~~ '%(theatrical)%'::text) AND ((note)::text ~~ '%(France)%'::text))"}]}, {"Node Type": "Hash", "Parent Relationship": "Inner", "Startup Cost": 66389.89, "Total Cost": 66389.89, "Plan Rows": 1013492, "Plan Width": 21, "Plans": [{"Node Type": "Seq Scan", "Parent Relationship": "Outer", "Relation Name": "title", "Alias": "t", "Startup Cost": 0.0, "Total Cost": 66389.89, "Plan Rows": 1013492, "Plan Width": 21, "Filter": "(production_year > 2005), (LLVM Optimized)"}]}]}]}]}, {"Node Type": "Materialize", "Parent Relationship": "Inner", "Startup Cost": 0.0, "Total Cost": 2.68, "Plan Rows": 112, "Plan Width": 4, "Plans": [{"Node Type": "Seq Scan", "Parent Relationship": "Outer", "Relation Name": "info_type", "Alias": "it", "Startup Cost": 0.0, "Total Cost": 2.12, "Plan Rows": 112, "Plan Width": 4}]}]}]}, "Unique SQL Id": 2510907716, "Planner Runtime": 9}, "explain_analyze_plan": {"Plan": {"Node Type": "Aggregate", "Strategy": "Plain", "Startup Cost": 583460.98, "Total Cost": 583460.99, "Plan Rows": 1, "Plan Width": 49, "Actual Startup Time": 1039.724, "Actual Total Time": 1039.725, "Actual Rows": 1, "Actual Loops": 1, "Plans": [{"Node Type": "Nested Loop", "Parent Relationship": "Outer", "Join Type": "Inner", "Startup Cost": 134008.83, "Total Cost": 583456.19, "Plan Rows": 1919, "Plan Width": 17, "Actual Startup Time": 1039.714, "Actual Total Time": 1039.714, "Actual Rows": 0, "Actual Loops": 1, "Inner Unique": true, "Join Filter": "(mi.info_type_id = it.id)", "Rows Removed by Join Filter": 0, "Plans": [{"Node Type": "Hash Join", "Parent Relationship": "Outer", "Join Type": "Inner", "Startup Cost": 134008.83, "Total Cost": 580229.87, "Plan Rows": 1919, "Plan Width": 21, "Actual Startup Time": 1039.674, "Actual Total Time": 1039.674, "Actual Rows": 0, "Actual Loops": 1, "Inner Unique": false, "Hash Cond": "(mi.movie_id = t.id)", "Plans": [{"Node Type": "Seq Scan", "Parent Relationship": "Outer", "Relation Name": "movie_info", "Alias": "mi", "Startup Cost": 0.0, "Total Cost": 445687.32, "Plan Rows": 141478, "Plan Width": 8, "Actual Startup Time": 3.212, "Actual Total Time": 3.212, "Actual Rows": 1, "Actual Loops": 1, "Filter": "((info)::text = ANY ('{Sweden,Norway,Germany,Denmark,Swedish,Denish,Norwegian,German}'::text[]))", "Rows Removed by Filter": 5685}, {"Node Type": "Hash", "Parent Relationship": "Inner", "Startup Cost": 133985.47, "Total Cost": 133985.47, "Plan Rows": 1869, "Plan Width": 25, "Actual Startup Time": 1036.41, "Actual Total Time": 1036.41, "Actual Rows": 0, "Actual Loops": 1, "Hash Buckets": 32768, "Hash Batches": 1, "Original Hash Batches": 1, "Peak Memory Usage": 0, "Plans": [{"Node Type": "Hash Join", "Parent Relationship": "Outer", "Join Type": "Inner", "Startup Cost": 79058.54, "Total Cost": 133985.47, "Plan Rows": 1869, "Plan Width": 25, "Actual Startup Time": 1036.404, "Actual Total Time": 1036.404, "Actual Rows": 0, "Actual Loops": 1, "Inner Unique": true, "Hash Cond": "(mc.movie_id = t.id)", "Plans": [{"Node Type": "Nested Loop", "Parent Relationship": "Outer", "Join Type": "Inner", "Startup Cost": 0.0, "Total Cost": 54902.47, "Plan Rows": 1540, "Plan Width": 4, "Actual Startup Time": 1036.394, "Actual Total Time": 1036.394, "Actual Rows": 0, "Actual Loops": 1, "Inner Unique": false, "Join Filter": "(ct.id = mc.company_type_id)", "Rows Removed by Join Filter": 24025, "Plans": [{"Node Type": "Seq Scan", "Parent Relationship": "Outer", "Relation Name": "company_type", "Alias": "ct", "Startup Cost": 0.0, "Total Cost": 1.04, "Plan Rows": 1, "Plan Width": 4, "Actual Startup Time": 0.014, "Actual Total Time": 0.018, "Actual Rows": 1, "Actual Loops": 1, "Filter": "((kind)::text = 'production companies'::text)", "Rows Removed by Filter": 2}, {"Node Type": "Seq Scan", "Parent Relationship": "Inner", "Relation Name": "movie_companies", "Alias": "mc", "Startup Cost": 0.0, "Total Cost": 54862.92, "Plan Rows": 3081, "Plan Width": 8, "Actual Startup Time": 8.737, "Actual Total Time": 1030.99, "Actual Rows": 24025, "Actual Loops": 1, "Filter": "(((note)::text ~~ '%(theatrical)%'::text) AND ((note)::text ~~ '%(France)%'::text))", "Rows Removed by Filter": 2585103}]}, {"Node Type": "Hash", "Parent Relationship": "Inner", "Startup Cost": 66389.89, "Total Cost": 66389.89, "Plan Rows": 1013492, "Plan Width": 21, "Actual Startup Time": 0.0, "Actual Total Time": 0.0, "Hash Buckets": 0, "Hash Batches": 0, "Original Hash Batches": 0, "Peak Memory Usage": 0, "Plans": [{"Node Type": "Seq Scan", "Parent Relationship": "Outer", "Relation Name": "title", "Alias": "t", "Startup Cost": 0.0, "Total Cost": 66389.89, "Plan Rows": 1013492, "Plan Width": 21, "Actual Startup Time": 0.0, "Actual Total Time": 0.0, "Filter": "(production_year > 2005), (LLVM Optimized, Jit Execute)", "Rows Removed by Filter": 0}]}]}]}]}, {"Node Type": "Materialize", "Parent Relationship": "Inner", "Startup Cost": 0.0, "Total Cost": 2.68, "Plan Rows": 112, "Plan Width": 4, "Actual Startup Time": 0.0, "Actual Total Time": 0.0, "Plans": [{"Node Type": "Seq Scan", "Parent Relationship": "Outer", "Relation Name": "info_type", "Alias": "it", "Startup Cost": 0.0, "Total Cost": 2.12, "Plan Rows": 112, "Plan Width": 4, "Actual Startup Time": 0.0, "Actual Total Time": 0.0}]}]}]}, "Triggers": [], "Planner Runtime": 10.046, "Total Runtime": 1048.351, "Unique SQL Id": 2510907716}}, "(1, '15')": {"explain_plan": {"Plan": {"Node Type": "Aggregate", "Strategy": "Plain", "Startup Cost": 4997607846708.68, "Total Cost": 4997607846708.69, "Plan Rows": 1, "Plan Width": 49, "Plans": [{"Node Type": "Merge Join", "Parent Relationship": "Outer", "Join Type": "Inner", "Startup Cost": 50021490308.98, "Total Cost": 4997607846703.88, "Plan Rows": 1919, "Plan Width": 17, "Inner Unique": false, "Merge Cond": "(mi.movie_id = t.id)", "Plans": [{"Node Type": "Nested Loop", "Parent Relationship": "Outer", "Join Type": "Inner", "Startup Cost": 20000000000.0, "Total Cost": 2000118925954.54, "Plan Rows": 141478, "Plan Width": 4, "Inner Unique": true, "Join Filter": "(it.id = mi.info_type_id), (LLVM Optimized)", "Plans": [{"Node Type": "Index Scan", "Parent Relationship": "Outer", "Scan Direction": "Forward", "Index Name": "movie_id_movie_info", "Relation Name": "movie_info", "Alias": "mi", "Startup Cost": 10000000000.0, "Total Cost": 1000118686878.22, "Plan Rows": 141478, "Plan Width": 8, "Filter": "((info)::text = ANY ('{Sweden,Norway,Germany,Denmark,Swedish,Denish,Norwegian,German}'::text[]))"}, {"Node Type": "Materialize", "Parent Relationship": "Inner", "Startup Cost": 10000000000.0, "Total Cost": 1000000001393.56, "Plan Rows": 112, "Plan Width": 4, "Plans": [{"Node Type": "Index Scan", "Parent Relationship": "Outer", "Scan Direction": "Forward", "Index Name": "info_type_pkey", "Relation Name": "info_type", "Alias": "it", "Startup Cost": 10000000000.0, "Total Cost": 1000000001393.0, "Plan Rows": 112, "Plan Width": 4}]}]}, {"Node Type": "Materialize", "Parent Relationship": "Inner", "Startup Cost": 30021490308.98, "Total Cost": 2999077500382.5, "Plan Rows": 1869, "Plan Width": 25, "Plans": [{"Node Type": "Merge Join", "Parent Relationship": "Outer", "Join Type": "Inner", "Startup Cost": 30021490308.98, "Total Cost": 2999077500377.83, "Plan Rows": 1869, "Plan Width": 25, "Inner Unique": true, "Merge Cond": "(mc.movie_id = t.id)", "Plans": [{"Node Type": "Nested Loop", "Parent Relationship": "Outer", "Join Type": "Inner", "Startup Cost": 20000000000.0, "Total Cost": 2000014357786.6, "Plan Rows": 1540, "Plan Width": 4, "Inner Unique": true, "Join Filter": "(ct.id = mc.company_type_id)", "Plans": [{"Node Type": "Index Scan", "Parent Relationship": "Outer", "Scan Direction": "Forward", "Index Name": "movie_id_movie_companies", "Relation Name": "movie_companies", "Alias": "mc", "Startup Cost": 10000000000.0, "Total Cost": 1000014356510.13, "Plan Rows": 3081, "Plan Width": 8, "Filter": "(((note)::text ~~ '%(theatrical)%'::text) AND ((note)::text ~~ '%(France)%'::text))"}, {"Node Type": "Materialize", "Parent Relationship": "Inner", "Startup Cost": 10000000000.0, "Total Cost": 1000000001230.26, "Plan Rows": 1, "Plan Width": 4, "Plans": [{"Node Type": "Index Scan", "Parent Relationship": "Outer", "Scan Direction": "Forward", "Index Name": "company_type_pkey", "Relation Name": "company_type", "Alias": "ct", "Startup Cost": 10000000000.0, "Total Cost": 1000000001230.25, "Plan Rows": 1, "Plan Width": 4, "Filter": "((kind)::text = 'production companies'::text)"}]}]}, {"Node Type": "Index Scan", "Parent Relationship": "Inner", "Scan Direction": "Forward", "Index Name": "title_pkey", "Relation Name": "title", "Alias": "t", "Startup Cost": 10000000000.0, "Total Cost": 1000011644126.66, "Plan Rows": 1013492, "Plan Width": 21, "Filter": "(production_year > 2005), (LLVM Optimized)"}]}]}]}]}, "Unique SQL Id": 2510907716, "Planner Runtime": 10}, "explain_analyze_plan": {"Plan": {"Node Type": "Aggregate", "Strategy": "Plain", "Startup Cost": 4997607846708.68, "Total Cost": 4997607846708.69, "Plan Rows": 1, "Plan Width": 49, "Actual Startup Time": 2036.004, "Actual Total Time": 2036.005, "Actual Rows": 1, "Actual Loops": 1, "Plans": [{"Node Type": "Merge Join", "Parent Relationship": "Outer", "Join Type": "Inner", "Startup Cost": 50021490308.98, "Total Cost": 4997607846703.88, "Plan Rows": 1919, "Plan Width": 17, "Actual Startup Time": 2035.995, "Actual Total Time": 2035.995, "Actual Rows": 0, "Actual Loops": 1, "Inner Unique": false, "Merge Cond": "(mi.movie_id = t.id)", "Plans": [{"Node Type": "Nested Loop", "Parent Relationship": "Outer", "Join Type": "Inner", "Startup Cost": 20000000000.0, "Total Cost": 2000118925954.54, "Plan Rows": 141478, "Plan Width": 4, "Actual Startup Time": 2.237, "Actual Total Time": 2.237, "Actual Rows": 1, "Actual Loops": 1, "Inner Unique": true, "Join Filter": "(it.id = mi.info_type_id), (LLVM Optimized, Jit Execute)", "Rows Removed by Join Filter": 2, "Plans": [{"Node Type": "Index Scan", "Parent Relationship": "Outer", "Scan Direction": "Forward", "Index Name": "movie_id_movie_info", "Relation Name": "movie_info", "Alias": "mi", "Startup Cost": 10000000000.0, "Total Cost": 1000118686878.22, "Plan Rows": 141478, "Plan Width": 8, "Actual Startup Time": 2.211, "Actual Total Time": 2.211, "Actual Rows": 1, "Actual Loops": 1, "Filter": "((info)::text = ANY ('{Sweden,Norway,Germany,Denmark,Swedish,Denish,Norwegian,German}'::text[]))", "Rows Removed by Filter": 1998}, {"Node Type": "Materialize", "Parent Relationship": "Inner", "Startup Cost": 10000000000.0, "Total Cost": 1000000001393.56, "Plan Rows": 112, "Plan Width": 4, "Actual Startup Time": 0.014, "Actual Total Time": 0.017, "Actual Rows": 3, "Actual Loops": 1, "Plans": [{"Node Type": "Index Scan", "Parent Relationship": "Outer", "Scan Direction": "Forward", "Index Name": "info_type_pkey", "Relation Name": "info_type", "Alias": "it", "Startup Cost": 10000000000.0, "Total Cost": 1000000001393.0, "Plan Rows": 112, "Plan Width": 4, "Actual Startup Time": 0.009, "Actual Total Time": 0.01, "Actual Rows": 3, "Actual Loops": 1}]}]}, {"Node Type": "Materialize", "Parent Relationship": "Inner", "Startup Cost": 30021490308.98, "Total Cost": 2999077500382.5, "Plan Rows": 1869, "Plan Width": 25, "Actual Startup Time": 2033.748, "Actual Total Time": 2033.748, "Actual Rows": 0, "Actual Loops": 1, "Plans": [{"Node Type": "Merge Join", "Parent Relationship": "Outer", "Join Type": "Inner", "Startup Cost": 30021490308.98, "Total Cost": 2999077500377.83, "Plan Rows": 1869, "Plan Width": 25, "Actual Startup Time": 2033.746, "Actual Total Time": 2033.746, "Actual Rows": 0, "Actual Loops": 1, "Inner Unique": true, "Merge Cond": "(mc.movie_id = t.id)", "Plans": [{"Node Type": "Nested Loop", "Parent Relationship": "Outer", "Join Type": "Inner", "Startup Cost": 20000000000.0, "Total Cost": 2000014357786.6, "Plan Rows": 1540, "Plan Width": 4, "Actual Startup Time": 2033.732, "Actual Total Time": 2033.732, "Actual Rows": 0, "Actual Loops": 1, "Inner Unique": true, "Join Filter": "(ct.id = mc.company_type_id)", "Rows Removed by Join Filter": 24025, "Plans": [{"Node Type": "Index Scan", "Parent Relationship": "Outer", "Scan Direction": "Forward", "Index Name": "movie_id_movie_companies", "Relation Name": "movie_companies", "Alias": "mc", "Startup Cost": 10000000000.0, "Total Cost": 1000014356510.13, "Plan Rows": 3081, "Plan Width": 8, "Actual Startup Time": 27.142, "Actual Total Time": 2018.718, "Actual Rows": 24025, "Actual Loops": 1, "Filter": "(((note)::text ~~ '%(theatrical)%'::text) AND ((note)::text ~~ '%(France)%'::text))", "Rows Removed by Filter": 2585103}, {"Node Type": "Materialize", "Parent Relationship": "Inner", "Startup Cost": 10000000000.0, "Total Cost": 1000000001230.26, "Plan Rows": 1, "Plan Width": 4, "Actual Startup Time": 2.218, "Actual Total Time": 4.17, "Actual Rows": 24025, "Actual Loops": 24025, "Plans": [{"Node Type": "Index Scan", "Parent Relationship": "Outer", "Scan Direction": "Forward", "Index Name": "company_type_pkey", "Relation Name": "company_type", "Alias": "ct", "Startup Cost": 10000000000.0, "Total Cost": 1000000001230.25, "Plan Rows": 1, "Plan Width": 4, "Actual Startup Time": 0.02, "Actual Total Time": 0.025, "Actual Rows": 1, "Actual Loops": 1, "Filter": "((kind)::text = 'production companies'::text)", "Rows Removed by Filter": 2}]}]}, {"Node Type": "Index Scan", "Parent Relationship": "Inner", "Scan Direction": "Forward", "Index Name": "title_pkey", "Relation Name": "title", "Alias": "t", "Startup Cost": 10000000000.0, "Total Cost": 1000011644126.66, "Plan Rows": 1013492, "Plan Width": 21, "Actual Startup Time": 0.0, "Actual Total Time": 0.0, "Filter": "(production_year > 2005), (LLVM Optimized, Jit Execute)", "Rows Removed by Filter": 0}]}]}]}]}, "Triggers": [], "Planner Runtime": 9.615, "Total Runtime": 2044.79, "Unique SQL Id": 2510907716}}, "(1, '16')": {"explain_plan": {"Plan": {"Node Type": "Aggregate", "Strategy": "Plain", "Startup Cost": 69341.41, "Total Cost": 69341.42, "Plan Rows": 1, "Plan Width": 49, "Plans": [{"Node Type": "Nested Loop", "Parent Relationship": "Outer", "Join Type": "Inner", "Startup Cost": 0.0, "Total Cost": 69336.61, "Plan Rows": 1919, "Plan Width": 17, "Inner Unique": true, "Plans": [{"Node Type": "Nested Loop", "Parent Relationship": "Outer", "Join Type": "Inner", "Startup Cost": 0.0, "Total Cost": 68799.18, "Plan Rows": 1919, "Plan Width": 21, "Inner Unique": false, "Plans": [{"Node Type": "Nested Loop", "Parent Relationship": "Outer", "Join Type": "Inner", "Startup Cost": 0.0, "Total Cost": 66519.89, "Plan Rows": 1869, "Plan Width": 25, "Inner Unique": true, "Plans": [{"Node Type": "Nested Loop", "Parent Relationship": "Outer", "Join Type": "Inner", "Startup Cost": 0.0, "Total Cost": 54902.47, "Plan Rows": 1540, "Plan Width": 4, "Inner Unique": false, "Join Filter": "(ct.id = mc.company_type_id)", "Plans": [{"Node Type": "Seq Scan", "Parent Relationship": "Outer", "Relation Name": "company_type", "Alias": "ct", "Startup Cost": 0.0, "Total Cost": 1.04, "Plan Rows": 1, "Plan Width": 4, "Filter": "((kind)::text = 'production companies'::text)"}, {"Node Type": "Seq Scan", "Parent Relationship": "Inner", "Relation Name": "movie_companies", "Alias": "mc", "Startup Cost": 0.0, "Total Cost": 54862.92, "Plan Rows": 3081, "Plan Width": 8, "Filter": "(((note)::text ~~ '%(theatrical)%'::text) AND ((note)::text ~~ '%(France)%'::text))"}]}, {"Node Type": "Index Scan", "Parent Relationship": "Inner", "Scan Direction": "Forward", "Index Name": "title_pkey", "Relation Name": "title", "Alias": "t", "Startup Cost": 0.0, "Total Cost": 7.53, "Plan Rows": 1, "Plan Width": 21, "Index Cond": "(id = mc.movie_id)", "Filter": "(production_year > 2005)"}]}, {"Node Type": "Index Scan", "Parent Relationship": "Inner", "Scan Direction": "Forward", "Index Name": "movie_id_movie_info", "Relation Name": "movie_info", "Alias": "mi", "Startup Cost": 0.0, "Total Cost": 1.21, "Plan Rows": 1, "Plan Width": 8, "Index Cond": "(movie_id = t.id)", "Filter": "((info)::text = ANY ('{Sweden,Norway,Germany,Denmark,Swedish,Denish,Norwegian,German}'::text[]))"}]}, {"Node Type": "Index Only Scan", "Parent Relationship": "Inner", "Scan Direction": "Forward", "Index Name": "info_type_pkey", "Relation Name": "info_type", "Alias": "it", "Startup Cost": 0.0, "Total Cost": 0.27, "Plan Rows": 1, "Plan Width": 4, "Index Cond": "(id = mi.info_type_id)"}]}]}, "Unique SQL Id": 2510907716, "Planner Runtime": 6}, "explain_analyze_plan": {"Plan": {"Node Type": "Aggregate", "Strategy": "Plain", "Startup Cost": 69341.41, "Total Cost": 69341.42, "Plan Rows": 1, "Plan Width": 49, "Actual Startup Time": 1042.689, "Actual Total Time": 1042.69, "Actual Rows": 1, "Actual Loops": 1, "Plans": [{"Node Type": "Nested Loop", "Parent Relationship": "Outer", "Join Type": "Inner", "Startup Cost": 0.0, "Total Cost": 69336.61, "Plan Rows": 1919, "Plan Width": 17, "Actual Startup Time": 1042.681, "Actual Total Time": 1042.681, "Actual Rows": 0, "Actual Loops": 1, "Inner Unique": true, "Plans": [{"Node Type": "Nested Loop", "Parent Relationship": "Outer", "Join Type": "Inner", "Startup Cost": 0.0, "Total Cost": 68799.18, "Plan Rows": 1919, "Plan Width": 21, "Actual Startup Time": 1042.679, "Actual Total Time": 1042.679, "Actual Rows": 0, "Actual Loops": 1, "Inner Unique": false, "Plans": [{"Node Type": "Nested Loop", "Parent Relationship": "Outer", "Join Type": "Inner", "Startup Cost": 0.0, "Total Cost": 66519.89, "Plan Rows": 1869, "Plan Width": 25, "Actual Startup Time": 1042.677, "Actual Total Time": 1042.677, "Actual Rows": 0, "Actual Loops": 1, "Inner Unique": true, "Plans": [{"Node Type": "Nested Loop", "Parent Relationship": "Outer", "Join Type": "Inner", "Startup Cost": 0.0, "Total Cost": 54902.47, "Plan Rows": 1540, "Plan Width": 4, "Actual Startup Time": 1042.676, "Actual Total Time": 1042.676, "Actual Rows": 0, "Actual Loops": 1, "Inner Unique": false, "Join Filter": "(ct.id = mc.company_type_id)", "Rows Removed by Join Filter": 24025, "Plans": [{"Node Type": "Seq Scan", "Parent Relationship": "Outer", "Relation Name": "company_type", "Alias": "ct", "Startup Cost": 0.0, "Total Cost": 1.04, "Plan Rows": 1, "Plan Width": 4, "Actual Startup Time": 0.02, "Actual Total Time": 0.027, "Actual Rows": 1, "Actual Loops": 1, "Filter": "((kind)::text = 'production companies'::text)", "Rows Removed by Filter": 2}, {"Node Type": "Seq Scan", "Parent Relationship": "Inner", "Relation Name": "movie_companies", "Alias": "mc", "Startup Cost": 0.0, "Total Cost": 54862.92, "Plan Rows": 3081, "Plan Width": 8, "Actual Startup Time": 8.674, "Actual Total Time": 1037.406, "Actual Rows": 24025, "Actual Loops": 1, "Filter": "(((note)::text ~~ '%(theatrical)%'::text) AND ((note)::text ~~ '%(France)%'::text))", "Rows Removed by Filter": 2585103}]}, {"Node Type": "Index Scan", "Parent Relationship": "Inner", "Scan Direction": "Forward", "Index Name": "title_pkey", "Relation Name": "title", "Alias": "t", "Startup Cost": 0.0, "Total Cost": 7.53, "Plan Rows": 1, "Plan Width": 21, "Actual Startup Time": 0.0, "Actual Total Time": 0.0, "Index Cond": "(id = mc.movie_id)", "Rows Removed by Index Recheck": 0, "Filter": "(production_year > 2005)", "Rows Removed by Filter": 0}]}, {"Node Type": "Index Scan", "Parent Relationship": "Inner", "Scan Direction": "Forward", "Index Name": "movie_id_movie_info", "Relation Name": "movie_info", "Alias": "mi", "Startup Cost": 0.0, "Total Cost": 1.21, "Plan Rows": 1, "Plan Width": 8, "Actual Startup Time": 0.0, "Actual Total Time": 0.0, "Index Cond": "(movie_id = t.id)", "Rows Removed by Index Recheck": 0, "Filter": "((info)::text = ANY ('{Sweden,Norway,Germany,Denmark,Swedish,Denish,Norwegian,German}'::text[]))", "Rows Removed by Filter": 0}]}, {"Node Type": "Index Only Scan", "Parent Relationship": "Inner", "Scan Direction": "Forward", "Index Name": "info_type_pkey", "Relation Name": "info_type", "Alias": "it", "Startup Cost": 0.0, "Total Cost": 0.27, "Plan Rows": 1, "Plan Width": 4, "Actual Startup Time": 0.0, "Actual Total Time": 0.0, "Index Cond": "(id = mi.info_type_id)", "Rows Removed by Index Recheck": 0, "Heap Fetches": 0}]}]}, "Triggers": [], "Planner Runtime": 7.451, "Total Runtime": 1043.05, "Unique SQL Id": 2510907716}}, "(1, '17')": {"explain_plan": {"Plan": {"Node Type": "Aggregate", "Strategy": "Plain", "Startup Cost": 74106.99, "Total Cost": 74107.0, "Plan Rows": 1, "Plan Width": 49, "Plans": [{"Node Type": "Nested Loop", "Parent Relationship": "Outer", "Join Type": "Inner", "Startup Cost": 0.0, "Total Cost": 74102.19, "Plan Rows": 1919, "Plan Width": 17, "Inner Unique": true, "Plans": [{"Node Type": "Nested Loop", "Parent Relationship": "Outer", "Join Type": "Inner", "Startup Cost": 0.0, "Total Cost": 73564.77, "Plan Rows": 1919, "Plan Width": 21, "Inner Unique": false, "Plans": [{"Node Type": "Nested Loop", "Parent Relationship": "Outer", "Join Type": "Inner", "Startup Cost": 0.0, "Total Cost": 71285.47, "Plan Rows": 1869, "Plan Width": 25, "Inner Unique": true, "Plans": [{"Node Type": "Nested Loop", "Parent Relationship": "Outer", "Join Type": "Inner", "Startup Cost": 0.0, "Total Cost": 59668.05, "Plan Rows": 1540, "Plan Width": 4, "Inner Unique": false, "Plans": [{"Node Type": "Index Scan", "Parent Relationship": "Outer", "Scan Direction": "Forward", "Index Name": "company_type_pkey", "Relation Name": "company_type", "Alias": "ct", "Startup Cost": 0.0, "Total Cost": 12.3, "Plan Rows": 1, "Plan Width": 4, "Filter": "((kind)::text = 'production companies'::text)"}, {"Node Type": "Index Scan", "Parent Relationship": "Inner", "Scan Direction": "Forward", "Index Name": "company_type_id_movie_companies", "Relation Name": "movie_companies", "Alias": "mc", "Startup Cost": 0.0, "Total Cost": 59640.35, "Plan Rows": 1540, "Plan Width": 8, "Index Cond": "(company_type_id = ct.id)", "Filter": "(((note)::text ~~ '%(theatrical)%'::text) AND ((note)::text ~~ '%(France)%'::text))"}]}, {"Node Type": "Index Scan", "Parent Relationship": "Inner", "Scan Direction": "Forward", "Index Name": "title_pkey", "Relation Name": "title", "Alias": "t", "Startup Cost": 0.0, "Total Cost": 7.53, "Plan Rows": 1, "Plan Width": 21, "Index Cond": "(id = mc.movie_id)", "Filter": "(production_year > 2005)"}]}, {"Node Type": "Index Scan", "Parent Relationship": "Inner", "Scan Direction": "Forward", "Index Name": "movie_id_movie_info", "Relation Name": "movie_info", "Alias": "mi", "Startup Cost": 0.0, "Total Cost": 1.21, "Plan Rows": 1, "Plan Width": 8, "Index Cond": "(movie_id = t.id)", "Filter": "((info)::text = ANY ('{Sweden,Norway,Germany,Denmark,Swedish,Denish,Norwegian,German}'::text[]))"}]}, {"Node Type": "Index Only Scan", "Parent Relationship": "Inner", "Scan Direction": "Forward", "Index Name": "info_type_pkey", "Relation Name": "info_type", "Alias": "it", "Startup Cost": 0.0, "Total Cost": 0.27, "Plan Rows": 1, "Plan Width": 4, "Index Cond": "(id = mi.info_type_id)"}]}]}, "Unique SQL Id": 2510907716, "Planner Runtime": 6}, "explain_analyze_plan": {"Plan": {"Node Type": "Aggregate", "Strategy": "Plain", "Startup Cost": 74106.99, "Total Cost": 74107.0, "Plan Rows": 1, "Plan Width": 49, "Actual Startup Time": 633.715, "Actual Total Time": 633.716, "Actual Rows": 1, "Actual Loops": 1, "Plans": [{"Node Type": "Nested Loop", "Parent Relationship": "Outer", "Join Type": "Inner", "Startup Cost": 0.0, "Total Cost": 74102.19, "Plan Rows": 1919, "Plan Width": 17, "Actual Startup Time": 633.706, "Actual Total Time": 633.706, "Actual Rows": 0, "Actual Loops": 1, "Inner Unique": true, "Plans": [{"Node Type": "Nested Loop", "Parent Relationship": "Outer", "Join Type": "Inner", "Startup Cost": 0.0, "Total Cost": 73564.77, "Plan Rows": 1919, "Plan Width": 21, "Actual Startup Time": 633.704, "Actual Total Time": 633.704, "Actual Rows": 0, "Actual Loops": 1, "Inner Unique": false, "Plans": [{"Node Type": "Nested Loop", "Parent Relationship": "Outer", "Join Type": "Inner", "Startup Cost": 0.0, "Total Cost": 71285.47, "Plan Rows": 1869, "Plan Width": 25, "Actual Startup Time": 633.703, "Actual Total Time": 633.703, "Actual Rows": 0, "Actual Loops": 1, "Inner Unique": true, "Plans": [{"Node Type": "Nested Loop", "Parent Relationship": "Outer", "Join Type": "Inner", "Startup Cost": 0.0, "Total Cost": 59668.05, "Plan Rows": 1540, "Plan Width": 4, "Actual Startup Time": 633.702, "Actual Total Time": 633.702, "Actual Rows": 0, "Actual Loops": 1, "Inner Unique": false, "Plans": [{"Node Type": "Index Scan", "Parent Relationship": "Outer", "Scan Direction": "Forward", "Index Name": "company_type_pkey", "Relation Name": "company_type", "Alias": "ct", "Startup Cost": 0.0, "Total Cost": 12.3, "Plan Rows": 1, "Plan Width": 4, "Actual Startup Time": 0.021, "Actual Total Time": 0.027, "Actual Rows": 1, "Actual Loops": 1, "Filter": "((kind)::text = 'production companies'::text)", "Rows Removed by Filter": 2}, {"Node Type": "Index Scan", "Parent Relationship": "Inner", "Scan Direction": "Forward", "Index Name": "company_type_id_movie_companies", "Relation Name": "movie_companies", "Alias": "mc", "Startup Cost": 0.0, "Total Cost": 59640.35, "Plan Rows": 1540, "Plan Width": 8, "Actual Startup Time": 633.668, "Actual Total Time": 633.668, "Actual Rows": 0, "Actual Loops": 1, "Index Cond": "(company_type_id = ct.id)", "Rows Removed by Index Recheck": 0, "Filter": "(((note)::text ~~ '%(theatrical)%'::text) AND ((note)::text ~~ '%(France)%'::text))", "Rows Removed by Filter": 1334883}]}, {"Node Type": "Index Scan", "Parent Relationship": "Inner", "Scan Direction": "Forward", "Index Name": "title_pkey", "Relation Name": "title", "Alias": "t", "Startup Cost": 0.0, "Total Cost": 7.53, "Plan Rows": 1, "Plan Width": 21, "Actual Startup Time": 0.0, "Actual Total Time": 0.0, "Index Cond": "(id = mc.movie_id)", "Rows Removed by Index Recheck": 0, "Filter": "(production_year > 2005)", "Rows Removed by Filter": 0}]}, {"Node Type": "Index Scan", "Parent Relationship": "Inner", "Scan Direction": "Forward", "Index Name": "movie_id_movie_info", "Relation Name": "movie_info", "Alias": "mi", "Startup Cost": 0.0, "Total Cost": 1.21, "Plan Rows": 1, "Plan Width": 8, "Actual Startup Time": 0.0, "Actual Total Time": 0.0, "Index Cond": "(movie_id = t.id)", "Rows Removed by Index Recheck": 0, "Filter": "((info)::text = ANY ('{Sweden,Norway,Germany,Denmark,Swedish,Denish,Norwegian,German}'::text[]))", "Rows Removed by Filter": 0}]}, {"Node Type": "Index Only Scan", "Parent Relationship": "Inner", "Scan Direction": "Forward", "Index Name": "info_type_pkey", "Relation Name": "info_type", "Alias": "it", "Startup Cost": 0.0, "Total Cost": 0.27, "Plan Rows": 1, "Plan Width": 4, "Actual Startup Time": 0.0, "Actual Total Time": 0.0, "Index Cond": "(id = mi.info_type_id)", "Rows Removed by Index Recheck": 0, "Heap Fetches": 0}]}]}, "Triggers": [], "Planner Runtime": 6.763, "Total Runtime": 633.955, "Unique SQL Id": 2510907716}}, "(1, '18')": {"explain_plan": {"Plan": {"Node Type": "Aggregate", "Strategy": "Plain", "Startup Cost": 75586.82, "Total Cost": 75586.83, "Plan Rows": 1, "Plan Width": 49, "Plans": [{"Node Type": "Merge Join", "Parent Relationship": "Outer", "Join Type": "Inner", "Startup Cost": 75553.2, "Total Cost": 75582.02, "Plan Rows": 1919, "Plan Width": 17, "Inner Unique": false, "Merge Cond": "(it.id = mi.info_type_id)", "Plans": [{"Node Type": "Sort", "Parent Relationship": "Outer", "Startup Cost": 5.93, "Total Cost": 6.21, "Plan Rows": 112, "Plan Width": 4, "Sort Key": ["it.id"], "Plans": [{"Node Type": "Seq Scan", "Parent Relationship": "Outer", "Relation Name": "info_type", "Alias": "it", "Startup Cost": 0.0, "Total Cost": 2.12, "Plan Rows": 112, "Plan Width": 4}]}, {"Node Type": "Sort", "Parent Relationship": "Inner", "Startup Cost": 75546.75, "Total Cost": 75551.55, "Plan Rows": 1919, "Plan Width": 21, "Sort Key": ["mi.info_type_id"], "Plans": [{"Node Type": "Nested Loop", "Parent Relationship": "Outer", "Join Type": "Inner", "Startup Cost": 4.2, "Total Cost": 75442.11, "Plan Rows": 1919, "Plan Width": 21, "Inner Unique": false, "Plans": [{"Node Type": "Nested Loop", "Parent Relationship": "Outer", "Join Type": "Inner", "Startup Cost": 3.69, "Total Cost": 66780.19, "Plan Rows": 1869, "Plan Width": 25, "Inner Unique": true, "Plans": [{"Node Type": "Nested Loop", "Parent Relationship": "Outer", "Join Type": "Inner", "Startup Cost": 0.0, "Total Cost": 54902.47, "Plan Rows": 1540, "Plan Width": 4, "Inner Unique": false, "Join Filter": "(ct.id = mc.company_type_id)", "Plans": [{"Node Type": "Seq Scan", "Parent Relationship": "Outer", "Relation Name": "company_type", "Alias": "ct", "Startup Cost": 0.0, "Total Cost": 1.04, "Plan Rows": 1, "Plan Width": 4, "Filter": "((kind)::text = 'production companies'::text)"}, {"Node Type": "Seq Scan", "Parent Relationship": "Inner", "Relation Name": "movie_companies", "Alias": "mc", "Startup Cost": 0.0, "Total Cost": 54862.92, "Plan Rows": 3081, "Plan Width": 8, "Filter": "(((note)::text ~~ '%(theatrical)%'::text) AND ((note)::text ~~ '%(France)%'::text))"}]}, {"Node Type": "Bitmap Heap Scan", "Parent Relationship": "Inner", "Relation Name": "title", "Alias": "t", "Startup Cost": 3.69, "Total Cost": 7.7, "Plan Rows": 1, "Plan Width": 21, "Recheck Cond": "(id = mc.movie_id)", "Filter": "(production_year > 2005)", "Plans": [{"Node Type": "Bitmap Index Scan", "Parent Relationship": "Outer", "Index Name": "title_pkey", "Startup Cost": 0.0, "Total Cost": 3.69, "Plan Rows": 1, "Plan Width": 0, "Index Cond": "(id = mc.movie_id)"}]}]}, {"Node Type": "Bitmap Heap Scan", "Parent Relationship": "Inner", "Relation Name": "movie_info", "Alias": "mi", "Startup Cost": 0.51, "Total Cost": 4.62, "Plan Rows": 1, "Plan Width": 8, "Recheck Cond": "(movie_id = t.id)", "Filter": "((info)::text = ANY ('{Sweden,Norway,Germany,Denmark,Swedish,Denish,Norwegian,German}'::text[]))", "Plans": [{"Node Type": "Bitmap Index Scan", "Parent Relationship": "Outer", "Index Name": "movie_id_movie_info", "Startup Cost": 0.0, "Total Cost": 0.51, "Plan Rows": 5, "Plan Width": 0, "Index Cond": "(movie_id = t.id)"}]}]}]}]}]}, "Unique SQL Id": 2510907716, "Planner Runtime": 5}, "explain_analyze_plan": {"Plan": {"Node Type": "Aggregate", "Strategy": "Plain", "Startup Cost": 75586.82, "Total Cost": 75586.83, "Plan Rows": 1, "Plan Width": 49, "Actual Startup Time": 1035.771, "Actual Total Time": 1035.773, "Actual Rows": 1, "Actual Loops": 1, "Plans": [{"Node Type": "Merge Join", "Parent Relationship": "Outer", "Join Type": "Inner", "Startup Cost": 75553.2, "Total Cost": 75582.02, "Plan Rows": 1919, "Plan Width": 17, "Actual Startup Time": 1035.759, "Actual Total Time": 1035.759, "Actual Rows": 0, "Actual Loops": 1, "Inner Unique": false, "Merge Cond": "(it.id = mi.info_type_id)", "Plans": [{"Node Type": "Sort", "Parent Relationship": "Outer", "Startup Cost": 5.93, "Total Cost": 6.21, "Plan Rows": 112, "Plan Width": 4, "Actual Startup Time": 0.09, "Actual Total Time": 0.09, "Actual Rows": 1, "Actual Loops": 1, "Sort Key": ["it.id"], "Sort Method": "quicksort", "Sort Space Used": 32, "Sort Space Type": "Memory", "Plans": [{"Node Type": "Seq Scan", "Parent Relationship": "Outer", "Relation Name": "info_type", "Alias": "it", "Startup Cost": 0.0, "Total Cost": 2.12, "Plan Rows": 112, "Plan Width": 4, "Actual Startup Time": 0.024, "Actual Total Time": 0.043, "Actual Rows": 112, "Actual Loops": 1}]}, {"Node Type": "Sort", "Parent Relationship": "Inner", "Startup Cost": 75546.75, "Total Cost": 75551.55, "Plan Rows": 1919, "Plan Width": 21, "Actual Startup Time": 1035.572, "Actual Total Time": 1035.572, "Actual Rows": 0, "Actual Loops": 1, "Sort Key": ["mi.info_type_id"], "Sort Method": "quicksort", "Sort Space Used": 25, "Sort Space Type": "Memory", "Plans": [{"Node Type": "Nested Loop", "Parent Relationship": "Outer", "Join Type": "Inner", "Startup Cost": 4.2, "Total Cost": 75442.11, "Plan Rows": 1919, "Plan Width": 21, "Actual Startup Time": 1035.564, "Actual Total Time": 1035.564, "Actual Rows": 0, "Actual Loops": 1, "Inner Unique": false, "Plans": [{"Node Type": "Nested Loop", "Parent Relationship": "Outer", "Join Type": "Inner", "Startup Cost": 3.69, "Total Cost": 66780.19, "Plan Rows": 1869, "Plan Width": 25, "Actual Startup Time": 1035.563, "Actual Total Time": 1035.563, "Actual Rows": 0, "Actual Loops": 1, "Inner Unique": true, "Plans": [{"Node Type": "Nested Loop", "Parent Relationship": "Outer", "Join Type": "Inner", "Startup Cost": 0.0, "Total Cost": 54902.47, "Plan Rows": 1540, "Plan Width": 4, "Actual Startup Time": 1035.561, "Actual Total Time": 1035.561, "Actual Rows": 0, "Actual Loops": 1, "Inner Unique": false, "Join Filter": "(ct.id = mc.company_type_id)", "Rows Removed by Join Filter": 24025, "Plans": [{"Node Type": "Seq Scan", "Parent Relationship": "Outer", "Relation Name": "company_type", "Alias": "ct", "Startup Cost": 0.0, "Total Cost": 1.04, "Plan Rows": 1, "Plan Width": 4, "Actual Startup Time": 0.011, "Actual Total Time": 0.017, "Actual Rows": 1, "Actual Loops": 1, "Filter": "((kind)::text = 'production companies'::text)", "Rows Removed by Filter": 2}, {"Node Type": "Seq Scan", "Parent Relationship": "Inner", "Relation Name": "movie_companies", "Alias": "mc", "Startup Cost": 0.0, "Total Cost": 54862.92, "Plan Rows": 3081, "Plan Width": 8, "Actual Startup Time": 8.657, "Actual Total Time": 1030.123, "Actual Rows": 24025, "Actual Loops": 1, "Filter": "(((note)::text ~~ '%(theatrical)%'::text) AND ((note)::text ~~ '%(France)%'::text))", "Rows Removed by Filter": 2585103}]}, {"Node Type": "Bitmap Heap Scan", "Parent Relationship": "Inner", "Relation Name": "title", "Alias": "t", "Startup Cost": 3.69, "Total Cost": 7.7, "Plan Rows": 1, "Plan Width": 21, "Actual Startup Time": 0.0, "Actual Total Time": 0.0, "Recheck Cond": "(id = mc.movie_id)", "Rows Removed by Index Recheck": 0, "Filter": "(production_year > 2005)", "Rows Removed by Filter": 0, "Exact Heap Blocks": 0, "Lossy Heap Blocks": 0, "Plans": [{"Node Type": "Bitmap Index Scan", "Parent Relationship": "Outer", "Index Name": "title_pkey", "Startup Cost": 0.0, "Total Cost": 3.69, "Plan Rows": 1, "Plan Width": 0, "Actual Startup Time": 0.0, "Actual Total Time": 0.0, "Index Cond": "(id = mc.movie_id)"}]}]}, {"Node Type": "Bitmap Heap Scan", "Parent Relationship": "Inner", "Relation Name": "movie_info", "Alias": "mi", "Startup Cost": 0.51, "Total Cost": 4.62, "Plan Rows": 1, "Plan Width": 8, "Actual Startup Time": 0.0, "Actual Total Time": 0.0, "Recheck Cond": "(movie_id = t.id)", "Rows Removed by Index Recheck": 0, "Filter": "((info)::text = ANY ('{Sweden,Norway,Germany,Denmark,Swedish,Denish,Norwegian,German}'::text[]))", "Rows Removed by Filter": 0, "Exact Heap Blocks": 0, "Lossy Heap Blocks": 0, "Plans": [{"Node Type": "Bitmap Index Scan", "Parent Relationship": "Outer", "Index Name": "movie_id_movie_info", "Startup Cost": 0.0, "Total Cost": 0.51, "Plan Rows": 5, "Plan Width": 0, "Actual Startup Time": 0.0, "Actual Total Time": 0.0, "Index Cond": "(movie_id = t.id)"}]}]}]}]}]}, "Triggers": [], "Planner Runtime": 5.874, "Total Runtime": 1036.002, "Unique SQL Id": 2510907716}}, "(1, '19')": {"explain_plan": {"Plan": {"Node Type": "Aggregate", "Strategy": "Plain", "Startup Cost": 1000010696765.6, "Total Cost": 1000010696765.61, "Plan Rows": 1, "Plan Width": 49, "Plans": [{"Node Type": "Nested Loop", "Parent Relationship": "Outer", "Join Type": "Inner", "Startup Cost": 10000000004.72, "Total Cost": 1000010696760.8, "Plan Rows": 1919, "Plan Width": 17, "Inner Unique": true, "Plans": [{"Node Type": "Nested Loop", "Parent Relationship": "Outer", "Join Type": "Inner", "Startup Cost": 10000000004.46, "Total Cost": 1000010680309.36, "Plan Rows": 3839, "Plan Width": 21, "Inner Unique": true, "Plans": [{"Node Type": "Nested Loop", "Parent Relationship": "Outer", "Join Type": "Inner", "Startup Cost": 10000000004.2, "Total Cost": 1000010663877.26, "Plan Rows": 3839, "Plan Width": 25, "Inner Unique": false, "Plans": [{"Node Type": "Nested Loop", "Parent Relationship": "Outer", "Join Type": "Inner", "Startup Cost": 10000000003.69, "Total Cost": 1000010646544.15, "Plan Rows": 3740, "Plan Width": 29, "Inner Unique": true, "Plans": [{"Node Type": "Index Scan", "Parent Relationship": "Outer", "Scan Direction": "Forward", "Index Name": "company_type_id_movie_companies", "Relation Name": "movie_companies", "Alias": "mc", "Startup Cost": 10000000000.0, "Total Cost": 1000010622781.0, "Plan Rows": 3081, "Plan Width": 8, "Filter": "(((note)::text ~~ '%(theatrical)%'::text) AND ((note)::text ~~ '%(France)%'::text))"}, {"Node Type": "Bitmap Heap Scan", "Parent Relationship": "Inner", "Relation Name": "title", "Alias": "t", "Startup Cost": 3.69, "Total Cost": 7.7, "Plan Rows": 1, "Plan Width": 21, "Recheck Cond": "(id = mc.movie_id)", "Filter": "(production_year > 2005)", "Plans": [{"Node Type": "Bitmap Index Scan", "Parent Relationship": "Outer", "Index Name": "title_pkey", "Startup Cost": 0.0, "Total Cost": 3.69, "Plan Rows": 1, "Plan Width": 0, "Index Cond": "(id = mc.movie_id)"}]}]}, {"Node Type": "Bitmap Heap Scan", "Parent Relationship": "Inner", "Relation Name": "movie_info", "Alias": "mi", "Startup Cost": 0.51, "Total Cost": 4.62, "Plan Rows": 1, "Plan Width": 8, "Recheck Cond": "(movie_id = t.id)", "Filter": "((info)::text = ANY ('{Sweden,Norway,Germany,Denmark,Swedish,Denish,Norwegian,German}'::text[]))", "Plans": [{"Node Type": "Bitmap Index Scan", "Parent Relationship": "Outer", "Index Name": "movie_id_movie_info", "Startup Cost": 0.0, "Total Cost": 0.51, "Plan Rows": 5, "Plan Width": 0, "Index Cond": "(movie_id = t.id)"}]}]}, {"Node Type": "Bitmap Heap Scan", "Parent Relationship": "Inner", "Relation Name": "info_type", "Alias": "it", "Startup Cost": 0.26, "Total Cost": 4.27, "Plan Rows": 1, "Plan Width": 4, "Recheck Cond": "(id = mi.info_type_id)", "Plans": [{"Node Type": "Bitmap Index Scan", "Parent Relationship": "Outer", "Index Name": "info_type_pkey", "Startup Cost": 0.0, "Total Cost": 0.26, "Plan Rows": 1, "Plan Width": 0, "Index Cond": "(id = mi.info_type_id)"}]}]}, {"Node Type": "Bitmap Heap Scan", "Parent Relationship": "Inner", "Relation Name": "company_type", "Alias": "ct", "Startup Cost": 0.26, "Total Cost": 4.28, "Plan Rows": 1, "Plan Width": 4, "Recheck Cond": "(id = mc.company_type_id)", "Filter": "((kind)::text = 'production companies'::text)", "Plans": [{"Node Type": "Bitmap Index Scan", "Parent Relationship": "Outer", "Index Name": "company_type_pkey", "Startup Cost": 0.0, "Total Cost": 0.26, "Plan Rows": 1, "Plan Width": 0, "Index Cond": "(id = mc.company_type_id)"}]}]}]}, "Unique SQL Id": 2510907716, "Planner Runtime": 5}, "explain_analyze_plan": null}, "(1, '20')": {"explain_plan": {"Plan": {"Node Type": "Aggregate", "Strategy": "Plain", "Startup Cost": 69341.46, "Total Cost": 69341.47, "Plan Rows": 1, "Plan Width": 49, "Plans": [{"Node Type": "Nested Loop", "Parent Relationship": "Outer", "Join Type": "Inner", "Startup Cost": 0.0, "Total Cost": 69336.67, "Plan Rows": 1919, "Plan Width": 17, "Inner Unique": true, "Plans": [{"Node Type": "Nested Loop", "Parent Relationship": "Outer", "Join Type": "Inner", "Startup Cost": 0.0, "Total Cost": 68799.18, "Plan Rows": 1919, "Plan Width": 21, "Inner Unique": false, "Plans": [{"Node Type": "Nested Loop", "Parent Relationship": "Outer", "Join Type": "Inner", "Startup Cost": 0.0, "Total Cost": 66519.89, "Plan Rows": 1869, "Plan Width": 25, "Inner Unique": true, "Plans": [{"Node Type": "Nested Loop", "Parent Relationship": "Outer", "Join Type": "Inner", "Startup Cost": 0.0, "Total Cost": 54902.47, "Plan Rows": 1540, "Plan Width": 4, "Inner Unique": false, "Join Filter": "(ct.id = mc.company_type_id)", "Plans": [{"Node Type": "Seq Scan", "Parent Relationship": "Outer", "Relation Name": "company_type", "Alias": "ct", "Startup Cost": 0.0, "Total Cost": 1.04, "Plan Rows": 1, "Plan Width": 4, "Filter": "((kind)::text = 'production companies'::text)"}, {"Node Type": "Seq Scan", "Parent Relationship": "Inner", "Relation Name": "movie_companies", "Alias": "mc", "Startup Cost": 0.0, "Total Cost": 54862.92, "Plan Rows": 3081, "Plan Width": 8, "Filter": "(((note)::text ~~ '%(theatrical)%'::text) AND ((note)::text ~~ '%(France)%'::text))"}]}, {"Node Type": "Index Scan", "Parent Relationship": "Inner", "Scan Direction": "Forward", "Index Name": "title_pkey", "Relation Name": "title", "Alias": "t", "Startup Cost": 0.0, "Total Cost": 7.53, "Plan Rows": 1, "Plan Width": 21, "Index Cond": "(id = mc.movie_id)", "Filter": "(production_year > 2005)"}]}, {"Node Type": "Index Scan", "Parent Relationship": "Inner", "Scan Direction": "Forward", "Index Name": "movie_id_movie_info", "Relation Name": "movie_info", "Alias": "mi", "Startup Cost": 0.0, "Total Cost": 1.21, "Plan Rows": 1, "Plan Width": 8, "Index Cond": "(movie_id = t.id)", "Filter": "((info)::text = ANY ('{Sweden,Norway,Germany,Denmark,Swedish,Denish,Norwegian,German}'::text[]))"}]}, {"Node Type": "Index Scan", "Parent Relationship": "Inner", "Scan Direction": "Forward", "Index Name": "info_type_pkey", "Relation Name": "info_type", "Alias": "it", "Startup Cost": 0.0, "Total Cost": 0.27, "Plan Rows": 1, "Plan Width": 4, "Index Cond": "(id = mi.info_type_id)"}]}]}, "Unique SQL Id": 2510907716, "Planner Runtime": 6}, "explain_analyze_plan": {"Plan": {"Node Type": "Aggregate", "Strategy": "Plain", "Startup Cost": 69341.46, "Total Cost": 69341.47, "Plan Rows": 1, "Plan Width": 49, "Actual Startup Time": 1050.618, "Actual Total Time": 1050.618, "Actual Rows": 1, "Actual Loops": 1, "Plans": [{"Node Type": "Nested Loop", "Parent Relationship": "Outer", "Join Type": "Inner", "Startup Cost": 0.0, "Total Cost": 69336.67, "Plan Rows": 1919, "Plan Width": 17, "Actual Startup Time": 1050.61, "Actual Total Time": 1050.61, "Actual Rows": 0, "Actual Loops": 1, "Inner Unique": true, "Plans": [{"Node Type": "Nested Loop", "Parent Relationship": "Outer", "Join Type": "Inner", "Startup Cost": 0.0, "Total Cost": 68799.18, "Plan Rows": 1919, "Plan Width": 21, "Actual Startup Time": 1050.608, "Actual Total Time": 1050.608, "Actual Rows": 0, "Actual Loops": 1, "Inner Unique": false, "Plans": [{"Node Type": "Nested Loop", "Parent Relationship": "Outer", "Join Type": "Inner", "Startup Cost": 0.0, "Total Cost": 66519.89, "Plan Rows": 1869, "Plan Width": 25, "Actual Startup Time": 1050.607, "Actual Total Time": 1050.607, "Actual Rows": 0, "Actual Loops": 1, "Inner Unique": true, "Plans": [{"Node Type": "Nested Loop", "Parent Relationship": "Outer", "Join Type": "Inner", "Startup Cost": 0.0, "Total Cost": 54902.47, "Plan Rows": 1540, "Plan Width": 4, "Actual Startup Time": 1050.606, "Actual Total Time": 1050.606, "Actual Rows": 0, "Actual Loops": 1, "Inner Unique": false, "Join Filter": "(ct.id = mc.company_type_id)", "Rows Removed by Join Filter": 24025, "Plans": [{"Node Type": "Seq Scan", "Parent Relationship": "Outer", "Relation Name": "company_type", "Alias": "ct", "Startup Cost": 0.0, "Total Cost": 1.04, "Plan Rows": 1, "Plan Width": 4, "Actual Startup Time": 0.023, "Actual Total Time": 0.032, "Actual Rows": 1, "Actual Loops": 1, "Filter": "((kind)::text = 'production companies'::text)", "Rows Removed by Filter": 2}, {"Node Type": "Seq Scan", "Parent Relationship": "Inner", "Relation Name": "movie_companies", "Alias": "mc", "Startup Cost": 0.0, "Total Cost": 54862.92, "Plan Rows": 3081, "Plan Width": 8, "Actual Startup Time": 8.677, "Actual Total Time": 1045.148, "Actual Rows": 24025, "Actual Loops": 1, "Filter": "(((note)::text ~~ '%(theatrical)%'::text) AND ((note)::text ~~ '%(France)%'::text))", "Rows Removed by Filter": 2585103}]}, {"Node Type": "Index Scan", "Parent Relationship": "Inner", "Scan Direction": "Forward", "Index Name": "title_pkey", "Relation Name": "title", "Alias": "t", "Startup Cost": 0.0, "Total Cost": 7.53, "Plan Rows": 1, "Plan Width": 21, "Actual Startup Time": 0.0, "Actual Total Time": 0.0, "Index Cond": "(id = mc.movie_id)", "Rows Removed by Index Recheck": 0, "Filter": "(production_year > 2005)", "Rows Removed by Filter": 0}]}, {"Node Type": "Index Scan", "Parent Relationship": "Inner", "Scan Direction": "Forward", "Index Name": "movie_id_movie_info", "Relation Name": "movie_info", "Alias": "mi", "Startup Cost": 0.0, "Total Cost": 1.21, "Plan Rows": 1, "Plan Width": 8, "Actual Startup Time": 0.0, "Actual Total Time": 0.0, "Index Cond": "(movie_id = t.id)", "Rows Removed by Index Recheck": 0, "Filter": "((info)::text = ANY ('{Sweden,Norway,Germany,Denmark,Swedish,Denish,Norwegian,German}'::text[]))", "Rows Removed by Filter": 0}]}, {"Node Type": "Index Scan", "Parent Relationship": "Inner", "Scan Direction": "Forward", "Index Name": "info_type_pkey", "Relation Name": "info_type", "Alias": "it", "Startup Cost": 0.0, "Total Cost": 0.27, "Plan Rows": 1, "Plan Width": 4, "Actual Startup Time": 0.0, "Actual Total Time": 0.0, "Index Cond": "(id = mi.info_type_id)", "Rows Removed by Index Recheck": 0}]}]}, "Triggers": [], "Planner Runtime": 7.429, "Total Runtime": 1050.883, "Unique SQL Id": 2510907716}}, "(1, '21')": {"explain_plan": {"Plan": {"Node Type": "Aggregate", "Strategy": "Plain", "Startup Cost": 74107.05, "Total Cost": 74107.06, "Plan Rows": 1, "Plan Width": 49, "Plans": [{"Node Type": "Nested Loop", "Parent Relationship": "Outer", "Join Type": "Inner", "Startup Cost": 0.0, "Total Cost": 74102.25, "Plan Rows": 1919, "Plan Width": 17, "Inner Unique": true, "Plans": [{"Node Type": "Nested Loop", "Parent Relationship": "Outer", "Join Type": "Inner", "Startup Cost": 0.0, "Total Cost": 73564.77, "Plan Rows": 1919, "Plan Width": 21, "Inner Unique": false, "Plans": [{"Node Type": "Nested Loop", "Parent Relationship": "Outer", "Join Type": "Inner", "Startup Cost": 0.0, "Total Cost": 71285.47, "Plan Rows": 1869, "Plan Width": 25, "Inner Unique": true, "Plans": [{"Node Type": "Nested Loop", "Parent Relationship": "Outer", "Join Type": "Inner", "Startup Cost": 0.0, "Total Cost": 59668.05, "Plan Rows": 1540, "Plan Width": 4, "Inner Unique": false, "Plans": [{"Node Type": "Index Scan", "Parent Relationship": "Outer", "Scan Direction": "Forward", "Index Name": "company_type_pkey", "Relation Name": "company_type", "Alias": "ct", "Startup Cost": 0.0, "Total Cost": 12.3, "Plan Rows": 1, "Plan Width": 4, "Filter": "((kind)::text = 'production companies'::text)"}, {"Node Type": "Index Scan", "Parent Relationship": "Inner", "Scan Direction": "Forward", "Index Name": "company_type_id_movie_companies", "Relation Name": "movie_companies", "Alias": "mc", "Startup Cost": 0.0, "Total Cost": 59640.35, "Plan Rows": 1540, "Plan Width": 8, "Index Cond": "(company_type_id = ct.id)", "Filter": "(((note)::text ~~ '%(theatrical)%'::text) AND ((note)::text ~~ '%(France)%'::text))"}]}, {"Node Type": "Index Scan", "Parent Relationship": "Inner", "Scan Direction": "Forward", "Index Name": "title_pkey", "Relation Name": "title", "Alias": "t", "Startup Cost": 0.0, "Total Cost": 7.53, "Plan Rows": 1, "Plan Width": 21, "Index Cond": "(id = mc.movie_id)", "Filter": "(production_year > 2005)"}]}, {"Node Type": "Index Scan", "Parent Relationship": "Inner", "Scan Direction": "Forward", "Index Name": "movie_id_movie_info", "Relation Name": "movie_info", "Alias": "mi", "Startup Cost": 0.0, "Total Cost": 1.21, "Plan Rows": 1, "Plan Width": 8, "Index Cond": "(movie_id = t.id)", "Filter": "((info)::text = ANY ('{Sweden,Norway,Germany,Denmark,Swedish,Denish,Norwegian,German}'::text[]))"}]}, {"Node Type": "Index Scan", "Parent Relationship": "Inner", "Scan Direction": "Forward", "Index Name": "info_type_pkey", "Relation Name": "info_type", "Alias": "it", "Startup Cost": 0.0, "Total Cost": 0.27, "Plan Rows": 1, "Plan Width": 4, "Index Cond": "(id = mi.info_type_id)"}]}]}, "Unique SQL Id": 2510907716, "Planner Runtime": 5}, "explain_analyze_plan": {"Plan": {"Node Type": "Aggregate", "Strategy": "Plain", "Startup Cost": 74107.05, "Total Cost": 74107.06, "Plan Rows": 1, "Plan Width": 49, "Actual Startup Time": 752.93, "Actual Total Time": 752.931, "Actual Rows": 1, "Actual Loops": 1, "Plans": [{"Node Type": "Nested Loop", "Parent Relationship": "Outer", "Join Type": "Inner", "Startup Cost": 0.0, "Total Cost": 74102.25, "Plan Rows": 1919, "Plan Width": 17, "Actual Startup Time": 752.924, "Actual Total Time": 752.924, "Actual Rows": 0, "Actual Loops": 1, "Inner Unique": true, "Plans": [{"Node Type": "Nested Loop", "Parent Relationship": "Outer", "Join Type": "Inner", "Startup Cost": 0.0, "Total Cost": 73564.77, "Plan Rows": 1919, "Plan Width": 21, "Actual Startup Time": 752.922, "Actual Total Time": 752.922, "Actual Rows": 0, "Actual Loops": 1, "Inner Unique": false, "Plans": [{"Node Type": "Nested Loop", "Parent Relationship": "Outer", "Join Type": "Inner", "Startup Cost": 0.0, "Total Cost": 71285.47, "Plan Rows": 1869, "Plan Width": 25, "Actual Startup Time": 752.921, "Actual Total Time": 752.921, "Actual Rows": 0, "Actual Loops": 1, "Inner Unique": true, "Plans": [{"Node Type": "Nested Loop", "Parent Relationship": "Outer", "Join Type": "Inner", "Startup Cost": 0.0, "Total Cost": 59668.05, "Plan Rows": 1540, "Plan Width": 4, "Actual Startup Time": 752.919, "Actual Total Time": 752.919, "Actual Rows": 0, "Actual Loops": 1, "Inner Unique": false, "Plans": [{"Node Type": "Index Scan", "Parent Relationship": "Outer", "Scan Direction": "Forward", "Index Name": "company_type_pkey", "Relation Name": "company_type", "Alias": "ct", "Startup Cost": 0.0, "Total Cost": 12.3, "Plan Rows": 1, "Plan Width": 4, "Actual Startup Time": 0.015, "Actual Total Time": 0.026, "Actual Rows": 1, "Actual Loops": 1, "Filter": "((kind)::text = 'production companies'::text)", "Rows Removed by Filter": 2}, {"Node Type": "Index Scan", "Parent Relationship": "Inner", "Scan Direction": "Forward", "Index Name": "company_type_id_movie_companies", "Relation Name": "movie_companies", "Alias": "mc", "Startup Cost": 0.0, "Total Cost": 59640.35, "Plan Rows": 1540, "Plan Width": 8, "Actual Startup Time": 752.888, "Actual Total Time": 752.888, "Actual Rows": 0, "Actual Loops": 1, "Index Cond": "(company_type_id = ct.id)", "Rows Removed by Index Recheck": 0, "Filter": "(((note)::text ~~ '%(theatrical)%'::text) AND ((note)::text ~~ '%(France)%'::text))", "Rows Removed by Filter": 1334883}]}, {"Node Type": "Index Scan", "Parent Relationship": "Inner", "Scan Direction": "Forward", "Index Name": "title_pkey", "Relation Name": "title", "Alias": "t", "Startup Cost": 0.0, "Total Cost": 7.53, "Plan Rows": 1, "Plan Width": 21, "Actual Startup Time": 0.0, "Actual Total Time": 0.0, "Index Cond": "(id = mc.movie_id)", "Rows Removed by Index Recheck": 0, "Filter": "(production_year > 2005)", "Rows Removed by Filter": 0}]}, {"Node Type": "Index Scan", "Parent Relationship": "Inner", "Scan Direction": "Forward", "Index Name": "movie_id_movie_info", "Relation Name": "movie_info", "Alias": "mi", "Startup Cost": 0.0, "Total Cost": 1.21, "Plan Rows": 1, "Plan Width": 8, "Actual Startup Time": 0.0, "Actual Total Time": 0.0, "Index Cond": "(movie_id = t.id)", "Rows Removed by Index Recheck": 0, "Filter": "((info)::text = ANY ('{Sweden,Norway,Germany,Denmark,Swedish,Denish,Norwegian,German}'::text[]))", "Rows Removed by Filter": 0}]}, {"Node Type": "Index Scan", "Parent Relationship": "Inner", "Scan Direction": "Forward", "Index Name": "info_type_pkey", "Relation Name": "info_type", "Alias": "it", "Startup Cost": 0.0, "Total Cost": 0.27, "Plan Rows": 1, "Plan Width": 4, "Actual Startup Time": 0.0, "Actual Total Time": 0.0, "Index Cond": "(id = mi.info_type_id)", "Rows Removed by Index Recheck": 0}]}]}, "Triggers": [], "Planner Runtime": 6.967, "Total Runtime": 753.211, "Unique SQL Id": 2510907716}}, "(1, '22')": {"explain_plan": {"Plan": {"Node Type": "Aggregate", "Strategy": "Plain", "Startup Cost": 75586.82, "Total Cost": 75586.83, "Plan Rows": 1, "Plan Width": 49, "Plans": [{"Node Type": "Merge Join", "Parent Relationship": "Outer", "Join Type": "Inner", "Startup Cost": 75553.2, "Total Cost": 75582.02, "Plan Rows": 1919, "Plan Width": 17, "Inner Unique": false, "Merge Cond": "(it.id = mi.info_type_id)", "Plans": [{"Node Type": "Sort", "Parent Relationship": "Outer", "Startup Cost": 5.93, "Total Cost": 6.21, "Plan Rows": 112, "Plan Width": 4, "Sort Key": ["it.id"], "Plans": [{"Node Type": "Seq Scan", "Parent Relationship": "Outer", "Relation Name": "info_type", "Alias": "it", "Startup Cost": 0.0, "Total Cost": 2.12, "Plan Rows": 112, "Plan Width": 4}]}, {"Node Type": "Sort", "Parent Relationship": "Inner", "Startup Cost": 75546.75, "Total Cost": 75551.55, "Plan Rows": 1919, "Plan Width": 21, "Sort Key": ["mi.info_type_id"], "Plans": [{"Node Type": "Nested Loop", "Parent Relationship": "Outer", "Join Type": "Inner", "Startup Cost": 4.2, "Total Cost": 75442.11, "Plan Rows": 1919, "Plan Width": 21, "Inner Unique": false, "Plans": [{"Node Type": "Nested Loop", "Parent Relationship": "Outer", "Join Type": "Inner", "Startup Cost": 3.69, "Total Cost": 66780.19, "Plan Rows": 1869, "Plan Width": 25, "Inner Unique": true, "Plans": [{"Node Type": "Nested Loop", "Parent Relationship": "Outer", "Join Type": "Inner", "Startup Cost": 0.0, "Total Cost": 54902.47, "Plan Rows": 1540, "Plan Width": 4, "Inner Unique": false, "Join Filter": "(ct.id = mc.company_type_id)", "Plans": [{"Node Type": "Seq Scan", "Parent Relationship": "Outer", "Relation Name": "company_type", "Alias": "ct", "Startup Cost": 0.0, "Total Cost": 1.04, "Plan Rows": 1, "Plan Width": 4, "Filter": "((kind)::text = 'production companies'::text)"}, {"Node Type": "Seq Scan", "Parent Relationship": "Inner", "Relation Name": "movie_companies", "Alias": "mc", "Startup Cost": 0.0, "Total Cost": 54862.92, "Plan Rows": 3081, "Plan Width": 8, "Filter": "(((note)::text ~~ '%(theatrical)%'::text) AND ((note)::text ~~ '%(France)%'::text))"}]}, {"Node Type": "Bitmap Heap Scan", "Parent Relationship": "Inner", "Relation Name": "title", "Alias": "t", "Startup Cost": 3.69, "Total Cost": 7.7, "Plan Rows": 1, "Plan Width": 21, "Recheck Cond": "(id = mc.movie_id)", "Filter": "(production_year > 2005)", "Plans": [{"Node Type": "Bitmap Index Scan", "Parent Relationship": "Outer", "Index Name": "title_pkey", "Startup Cost": 0.0, "Total Cost": 3.69, "Plan Rows": 1, "Plan Width": 0, "Index Cond": "(id = mc.movie_id)"}]}]}, {"Node Type": "Bitmap Heap Scan", "Parent Relationship": "Inner", "Relation Name": "movie_info", "Alias": "mi", "Startup Cost": 0.51, "Total Cost": 4.62, "Plan Rows": 1, "Plan Width": 8, "Recheck Cond": "(movie_id = t.id)", "Filter": "((info)::text = ANY ('{Sweden,Norway,Germany,Denmark,Swedish,Denish,Norwegian,German}'::text[]))", "Plans": [{"Node Type": "Bitmap Index Scan", "Parent Relationship": "Outer", "Index Name": "movie_id_movie_info", "Startup Cost": 0.0, "Total Cost": 0.51, "Plan Rows": 5, "Plan Width": 0, "Index Cond": "(movie_id = t.id)"}]}]}]}]}]}, "Unique SQL Id": 2510907716, "Planner Runtime": 5}, "explain_analyze_plan": {"Plan": {"Node Type": "Aggregate", "Strategy": "Plain", "Startup Cost": 75586.82, "Total Cost": 75586.83, "Plan Rows": 1, "Plan Width": 49, "Actual Startup Time": 1035.771, "Actual Total Time": 1035.773, "Actual Rows": 1, "Actual Loops": 1, "Plans": [{"Node Type": "Merge Join", "Parent Relationship": "Outer", "Join Type": "Inner", "Startup Cost": 75553.2, "Total Cost": 75582.02, "Plan Rows": 1919, "Plan Width": 17, "Actual Startup Time": 1035.759, "Actual Total Time": 1035.759, "Actual Rows": 0, "Actual Loops": 1, "Inner Unique": false, "Merge Cond": "(it.id = mi.info_type_id)", "Plans": [{"Node Type": "Sort", "Parent Relationship": "Outer", "Startup Cost": 5.93, "Total Cost": 6.21, "Plan Rows": 112, "Plan Width": 4, "Actual Startup Time": 0.09, "Actual Total Time": 0.09, "Actual Rows": 1, "Actual Loops": 1, "Sort Key": ["it.id"], "Sort Method": "quicksort", "Sort Space Used": 32, "Sort Space Type": "Memory", "Plans": [{"Node Type": "Seq Scan", "Parent Relationship": "Outer", "Relation Name": "info_type", "Alias": "it", "Startup Cost": 0.0, "Total Cost": 2.12, "Plan Rows": 112, "Plan Width": 4, "Actual Startup Time": 0.024, "Actual Total Time": 0.043, "Actual Rows": 112, "Actual Loops": 1}]}, {"Node Type": "Sort", "Parent Relationship": "Inner", "Startup Cost": 75546.75, "Total Cost": 75551.55, "Plan Rows": 1919, "Plan Width": 21, "Actual Startup Time": 1035.572, "Actual Total Time": 1035.572, "Actual Rows": 0, "Actual Loops": 1, "Sort Key": ["mi.info_type_id"], "Sort Method": "quicksort", "Sort Space Used": 25, "Sort Space Type": "Memory", "Plans": [{"Node Type": "Nested Loop", "Parent Relationship": "Outer", "Join Type": "Inner", "Startup Cost": 4.2, "Total Cost": 75442.11, "Plan Rows": 1919, "Plan Width": 21, "Actual Startup Time": 1035.564, "Actual Total Time": 1035.564, "Actual Rows": 0, "Actual Loops": 1, "Inner Unique": false, "Plans": [{"Node Type": "Nested Loop", "Parent Relationship": "Outer", "Join Type": "Inner", "Startup Cost": 3.69, "Total Cost": 66780.19, "Plan Rows": 1869, "Plan Width": 25, "Actual Startup Time": 1035.563, "Actual Total Time": 1035.563, "Actual Rows": 0, "Actual Loops": 1, "Inner Unique": true, "Plans": [{"Node Type": "Nested Loop", "Parent Relationship": "Outer", "Join Type": "Inner", "Startup Cost": 0.0, "Total Cost": 54902.47, "Plan Rows": 1540, "Plan Width": 4, "Actual Startup Time": 1035.561, "Actual Total Time": 1035.561, "Actual Rows": 0, "Actual Loops": 1, "Inner Unique": false, "Join Filter": "(ct.id = mc.company_type_id)", "Rows Removed by Join Filter": 24025, "Plans": [{"Node Type": "Seq Scan", "Parent Relationship": "Outer", "Relation Name": "company_type", "Alias": "ct", "Startup Cost": 0.0, "Total Cost": 1.04, "Plan Rows": 1, "Plan Width": 4, "Actual Startup Time": 0.011, "Actual Total Time": 0.017, "Actual Rows": 1, "Actual Loops": 1, "Filter": "((kind)::text = 'production companies'::text)", "Rows Removed by Filter": 2}, {"Node Type": "Seq Scan", "Parent Relationship": "Inner", "Relation Name": "movie_companies", "Alias": "mc", "Startup Cost": 0.0, "Total Cost": 54862.92, "Plan Rows": 3081, "Plan Width": 8, "Actual Startup Time": 8.657, "Actual Total Time": 1030.123, "Actual Rows": 24025, "Actual Loops": 1, "Filter": "(((note)::text ~~ '%(theatrical)%'::text) AND ((note)::text ~~ '%(France)%'::text))", "Rows Removed by Filter": 2585103}]}, {"Node Type": "Bitmap Heap Scan", "Parent Relationship": "Inner", "Relation Name": "title", "Alias": "t", "Startup Cost": 3.69, "Total Cost": 7.7, "Plan Rows": 1, "Plan Width": 21, "Actual Startup Time": 0.0, "Actual Total Time": 0.0, "Recheck Cond": "(id = mc.movie_id)", "Rows Removed by Index Recheck": 0, "Filter": "(production_year > 2005)", "Rows Removed by Filter": 0, "Exact Heap Blocks": 0, "Lossy Heap Blocks": 0, "Plans": [{"Node Type": "Bitmap Index Scan", "Parent Relationship": "Outer", "Index Name": "title_pkey", "Startup Cost": 0.0, "Total Cost": 3.69, "Plan Rows": 1, "Plan Width": 0, "Actual Startup Time": 0.0, "Actual Total Time": 0.0, "Index Cond": "(id = mc.movie_id)"}]}]}, {"Node Type": "Bitmap Heap Scan", "Parent Relationship": "Inner", "Relation Name": "movie_info", "Alias": "mi", "Startup Cost": 0.51, "Total Cost": 4.62, "Plan Rows": 1, "Plan Width": 8, "Actual Startup Time": 0.0, "Actual Total Time": 0.0, "Recheck Cond": "(movie_id = t.id)", "Rows Removed by Index Recheck": 0, "Filter": "((info)::text = ANY ('{Sweden,Norway,Germany,Denmark,Swedish,Denish,Norwegian,German}'::text[]))", "Rows Removed by Filter": 0, "Exact Heap Blocks": 0, "Lossy Heap Blocks": 0, "Plans": [{"Node Type": "Bitmap Index Scan", "Parent Relationship": "Outer", "Index Name": "movie_id_movie_info", "Startup Cost": 0.0, "Total Cost": 0.51, "Plan Rows": 5, "Plan Width": 0, "Actual Startup Time": 0.0, "Actual Total Time": 0.0, "Index Cond": "(movie_id = t.id)"}]}]}]}]}]}, "Triggers": [], "Planner Runtime": 5.874, "Total Runtime": 1036.002, "Unique SQL Id": 2510907716}}, "(1, '23')": {"explain_plan": {"Plan": {"Node Type": "Aggregate", "Strategy": "Plain", "Startup Cost": 1000010696765.6, "Total Cost": 1000010696765.61, "Plan Rows": 1, "Plan Width": 49, "Plans": [{"Node Type": "Nested Loop", "Parent Relationship": "Outer", "Join Type": "Inner", "Startup Cost": 10000000004.72, "Total Cost": 1000010696760.8, "Plan Rows": 1919, "Plan Width": 17, "Inner Unique": true, "Plans": [{"Node Type": "Nested Loop", "Parent Relationship": "Outer", "Join Type": "Inner", "Startup Cost": 10000000004.46, "Total Cost": 1000010680309.36, "Plan Rows": 3839, "Plan Width": 21, "Inner Unique": true, "Plans": [{"Node Type": "Nested Loop", "Parent Relationship": "Outer", "Join Type": "Inner", "Startup Cost": 10000000004.2, "Total Cost": 1000010663877.26, "Plan Rows": 3839, "Plan Width": 25, "Inner Unique": false, "Plans": [{"Node Type": "Nested Loop", "Parent Relationship": "Outer", "Join Type": "Inner", "Startup Cost": 10000000003.69, "Total Cost": 1000010646544.15, "Plan Rows": 3740, "Plan Width": 29, "Inner Unique": true, "Plans": [{"Node Type": "Index Scan", "Parent Relationship": "Outer", "Scan Direction": "Forward", "Index Name": "company_type_id_movie_companies", "Relation Name": "movie_companies", "Alias": "mc", "Startup Cost": 10000000000.0, "Total Cost": 1000010622781.0, "Plan Rows": 3081, "Plan Width": 8, "Filter": "(((note)::text ~~ '%(theatrical)%'::text) AND ((note)::text ~~ '%(France)%'::text))"}, {"Node Type": "Bitmap Heap Scan", "Parent Relationship": "Inner", "Relation Name": "title", "Alias": "t", "Startup Cost": 3.69, "Total Cost": 7.7, "Plan Rows": 1, "Plan Width": 21, "Recheck Cond": "(id = mc.movie_id)", "Filter": "(production_year > 2005)", "Plans": [{"Node Type": "Bitmap Index Scan", "Parent Relationship": "Outer", "Index Name": "title_pkey", "Startup Cost": 0.0, "Total Cost": 3.69, "Plan Rows": 1, "Plan Width": 0, "Index Cond": "(id = mc.movie_id)"}]}]}, {"Node Type": "Bitmap Heap Scan", "Parent Relationship": "Inner", "Relation Name": "movie_info", "Alias": "mi", "Startup Cost": 0.51, "Total Cost": 4.62, "Plan Rows": 1, "Plan Width": 8, "Recheck Cond": "(movie_id = t.id)", "Filter": "((info)::text = ANY ('{Sweden,Norway,Germany,Denmark,Swedish,Denish,Norwegian,German}'::text[]))", "Plans": [{"Node Type": "Bitmap Index Scan", "Parent Relationship": "Outer", "Index Name": "movie_id_movie_info", "Startup Cost": 0.0, "Total Cost": 0.51, "Plan Rows": 5, "Plan Width": 0, "Index Cond": "(movie_id = t.id)"}]}]}, {"Node Type": "Bitmap Heap Scan", "Parent Relationship": "Inner", "Relation Name": "info_type", "Alias": "it", "Startup Cost": 0.26, "Total Cost": 4.27, "Plan Rows": 1, "Plan Width": 4, "Recheck Cond": "(id = mi.info_type_id)", "Plans": [{"Node Type": "Bitmap Index Scan", "Parent Relationship": "Outer", "Index Name": "info_type_pkey", "Startup Cost": 0.0, "Total Cost": 0.26, "Plan Rows": 1, "Plan Width": 0, "Index Cond": "(id = mi.info_type_id)"}]}]}, {"Node Type": "Bitmap Heap Scan", "Parent Relationship": "Inner", "Relation Name": "company_type", "Alias": "ct", "Startup Cost": 0.26, "Total Cost": 4.28, "Plan Rows": 1, "Plan Width": 4, "Recheck Cond": "(id = mc.company_type_id)", "Filter": "((kind)::text = 'production companies'::text)", "Plans": [{"Node Type": "Bitmap Index Scan", "Parent Relationship": "Outer", "Index Name": "company_type_pkey", "Startup Cost": 0.0, "Total Cost": 0.26, "Plan Rows": 1, "Plan Width": 0, "Index Cond": "(id = mc.company_type_id)"}]}]}]}, "Unique SQL Id": 2510907716, "Planner Runtime": 4}, "explain_analyze_plan": null}, "(1, '24')": {"explain_plan": {"Plan": {"Node Type": "Aggregate", "Strategy": "Plain", "Startup Cost": 69341.41, "Total Cost": 69341.42, "Plan Rows": 1, "Plan Width": 49, "Plans": [{"Node Type": "Nested Loop", "Parent Relationship": "Outer", "Join Type": "Inner", "Startup Cost": 0.0, "Total Cost": 69336.61, "Plan Rows": 1919, "Plan Width": 17, "Inner Unique": true, "Plans": [{"Node Type": "Nested Loop", "Parent Relationship": "Outer", "Join Type": "Inner", "Startup Cost": 0.0, "Total Cost": 68799.18, "Plan Rows": 1919, "Plan Width": 21, "Inner Unique": false, "Plans": [{"Node Type": "Nested Loop", "Parent Relationship": "Outer", "Join Type": "Inner", "Startup Cost": 0.0, "Total Cost": 66519.89, "Plan Rows": 1869, "Plan Width": 25, "Inner Unique": true, "Plans": [{"Node Type": "Nested Loop", "Parent Relationship": "Outer", "Join Type": "Inner", "Startup Cost": 0.0, "Total Cost": 54902.47, "Plan Rows": 1540, "Plan Width": 4, "Inner Unique": false, "Join Filter": "(ct.id = mc.company_type_id)", "Plans": [{"Node Type": "Seq Scan", "Parent Relationship": "Outer", "Relation Name": "company_type", "Alias": "ct", "Startup Cost": 0.0, "Total Cost": 1.04, "Plan Rows": 1, "Plan Width": 4, "Filter": "((kind)::text = 'production companies'::text)"}, {"Node Type": "Seq Scan", "Parent Relationship": "Inner", "Relation Name": "movie_companies", "Alias": "mc", "Startup Cost": 0.0, "Total Cost": 54862.92, "Plan Rows": 3081, "Plan Width": 8, "Filter": "(((note)::text ~~ '%(theatrical)%'::text) AND ((note)::text ~~ '%(France)%'::text))"}]}, {"Node Type": "Index Scan", "Parent Relationship": "Inner", "Scan Direction": "Forward", "Index Name": "title_pkey", "Relation Name": "title", "Alias": "t", "Startup Cost": 0.0, "Total Cost": 7.53, "Plan Rows": 1, "Plan Width": 21, "Index Cond": "(id = mc.movie_id)", "Filter": "(production_year > 2005)"}]}, {"Node Type": "Index Scan", "Parent Relationship": "Inner", "Scan Direction": "Forward", "Index Name": "movie_id_movie_info", "Relation Name": "movie_info", "Alias": "mi", "Startup Cost": 0.0, "Total Cost": 1.21, "Plan Rows": 1, "Plan Width": 8, "Index Cond": "(movie_id = t.id)", "Filter": "((info)::text = ANY ('{Sweden,Norway,Germany,Denmark,Swedish,Denish,Norwegian,German}'::text[]))"}]}, {"Node Type": "Index Only Scan", "Parent Relationship": "Inner", "Scan Direction": "Forward", "Index Name": "info_type_pkey", "Relation Name": "info_type", "Alias": "it", "Startup Cost": 0.0, "Total Cost": 0.27, "Plan Rows": 1, "Plan Width": 4, "Index Cond": "(id = mi.info_type_id)"}]}]}, "Unique SQL Id": 2510907716, "Planner Runtime": 6}, "explain_analyze_plan": {"Plan": {"Node Type": "Aggregate", "Strategy": "Plain", "Startup Cost": 69341.41, "Total Cost": 69341.42, "Plan Rows": 1, "Plan Width": 49, "Actual Startup Time": 1042.689, "Actual Total Time": 1042.69, "Actual Rows": 1, "Actual Loops": 1, "Plans": [{"Node Type": "Nested Loop", "Parent Relationship": "Outer", "Join Type": "Inner", "Startup Cost": 0.0, "Total Cost": 69336.61, "Plan Rows": 1919, "Plan Width": 17, "Actual Startup Time": 1042.681, "Actual Total Time": 1042.681, "Actual Rows": 0, "Actual Loops": 1, "Inner Unique": true, "Plans": [{"Node Type": "Nested Loop", "Parent Relationship": "Outer", "Join Type": "Inner", "Startup Cost": 0.0, "Total Cost": 68799.18, "Plan Rows": 1919, "Plan Width": 21, "Actual Startup Time": 1042.679, "Actual Total Time": 1042.679, "Actual Rows": 0, "Actual Loops": 1, "Inner Unique": false, "Plans": [{"Node Type": "Nested Loop", "Parent Relationship": "Outer", "Join Type": "Inner", "Startup Cost": 0.0, "Total Cost": 66519.89, "Plan Rows": 1869, "Plan Width": 25, "Actual Startup Time": 1042.677, "Actual Total Time": 1042.677, "Actual Rows": 0, "Actual Loops": 1, "Inner Unique": true, "Plans": [{"Node Type": "Nested Loop", "Parent Relationship": "Outer", "Join Type": "Inner", "Startup Cost": 0.0, "Total Cost": 54902.47, "Plan Rows": 1540, "Plan Width": 4, "Actual Startup Time": 1042.676, "Actual Total Time": 1042.676, "Actual Rows": 0, "Actual Loops": 1, "Inner Unique": false, "Join Filter": "(ct.id = mc.company_type_id)", "Rows Removed by Join Filter": 24025, "Plans": [{"Node Type": "Seq Scan", "Parent Relationship": "Outer", "Relation Name": "company_type", "Alias": "ct", "Startup Cost": 0.0, "Total Cost": 1.04, "Plan Rows": 1, "Plan Width": 4, "Actual Startup Time": 0.02, "Actual Total Time": 0.027, "Actual Rows": 1, "Actual Loops": 1, "Filter": "((kind)::text = 'production companies'::text)", "Rows Removed by Filter": 2}, {"Node Type": "Seq Scan", "Parent Relationship": "Inner", "Relation Name": "movie_companies", "Alias": "mc", "Startup Cost": 0.0, "Total Cost": 54862.92, "Plan Rows": 3081, "Plan Width": 8, "Actual Startup Time": 8.674, "Actual Total Time": 1037.406, "Actual Rows": 24025, "Actual Loops": 1, "Filter": "(((note)::text ~~ '%(theatrical)%'::text) AND ((note)::text ~~ '%(France)%'::text))", "Rows Removed by Filter": 2585103}]}, {"Node Type": "Index Scan", "Parent Relationship": "Inner", "Scan Direction": "Forward", "Index Name": "title_pkey", "Relation Name": "title", "Alias": "t", "Startup Cost": 0.0, "Total Cost": 7.53, "Plan Rows": 1, "Plan Width": 21, "Actual Startup Time": 0.0, "Actual Total Time": 0.0, "Index Cond": "(id = mc.movie_id)", "Rows Removed by Index Recheck": 0, "Filter": "(production_year > 2005)", "Rows Removed by Filter": 0}]}, {"Node Type": "Index Scan", "Parent Relationship": "Inner", "Scan Direction": "Forward", "Index Name": "movie_id_movie_info", "Relation Name": "movie_info", "Alias": "mi", "Startup Cost": 0.0, "Total Cost": 1.21, "Plan Rows": 1, "Plan Width": 8, "Actual Startup Time": 0.0, "Actual Total Time": 0.0, "Index Cond": "(movie_id = t.id)", "Rows Removed by Index Recheck": 0, "Filter": "((info)::text = ANY ('{Sweden,Norway,Germany,Denmark,Swedish,Denish,Norwegian,German}'::text[]))", "Rows Removed by Filter": 0}]}, {"Node Type": "Index Only Scan", "Parent Relationship": "Inner", "Scan Direction": "Forward", "Index Name": "info_type_pkey", "Relation Name": "info_type", "Alias": "it", "Startup Cost": 0.0, "Total Cost": 0.27, "Plan Rows": 1, "Plan Width": 4, "Actual Startup Time": 0.0, "Actual Total Time": 0.0, "Index Cond": "(id = mi.info_type_id)", "Rows Removed by Index Recheck": 0, "Heap Fetches": 0}]}]}, "Triggers": [], "Planner Runtime": 7.451, "Total Runtime": 1043.05, "Unique SQL Id": 2510907716}}, "(1, '25')": {"explain_plan": {"Plan": {"Node Type": "Aggregate", "Strategy": "Plain", "Startup Cost": 74106.99, "Total Cost": 74107.0, "Plan Rows": 1, "Plan Width": 49, "Plans": [{"Node Type": "Nested Loop", "Parent Relationship": "Outer", "Join Type": "Inner", "Startup Cost": 0.0, "Total Cost": 74102.19, "Plan Rows": 1919, "Plan Width": 17, "Inner Unique": true, "Plans": [{"Node Type": "Nested Loop", "Parent Relationship": "Outer", "Join Type": "Inner", "Startup Cost": 0.0, "Total Cost": 73564.77, "Plan Rows": 1919, "Plan Width": 21, "Inner Unique": false, "Plans": [{"Node Type": "Nested Loop", "Parent Relationship": "Outer", "Join Type": "Inner", "Startup Cost": 0.0, "Total Cost": 71285.47, "Plan Rows": 1869, "Plan Width": 25, "Inner Unique": true, "Plans": [{"Node Type": "Nested Loop", "Parent Relationship": "Outer", "Join Type": "Inner", "Startup Cost": 0.0, "Total Cost": 59668.05, "Plan Rows": 1540, "Plan Width": 4, "Inner Unique": false, "Plans": [{"Node Type": "Index Scan", "Parent Relationship": "Outer", "Scan Direction": "Forward", "Index Name": "company_type_pkey", "Relation Name": "company_type", "Alias": "ct", "Startup Cost": 0.0, "Total Cost": 12.3, "Plan Rows": 1, "Plan Width": 4, "Filter": "((kind)::text = 'production companies'::text)"}, {"Node Type": "Index Scan", "Parent Relationship": "Inner", "Scan Direction": "Forward", "Index Name": "company_type_id_movie_companies", "Relation Name": "movie_companies", "Alias": "mc", "Startup Cost": 0.0, "Total Cost": 59640.35, "Plan Rows": 1540, "Plan Width": 8, "Index Cond": "(company_type_id = ct.id)", "Filter": "(((note)::text ~~ '%(theatrical)%'::text) AND ((note)::text ~~ '%(France)%'::text))"}]}, {"Node Type": "Index Scan", "Parent Relationship": "Inner", "Scan Direction": "Forward", "Index Name": "title_pkey", "Relation Name": "title", "Alias": "t", "Startup Cost": 0.0, "Total Cost": 7.53, "Plan Rows": 1, "Plan Width": 21, "Index Cond": "(id = mc.movie_id)", "Filter": "(production_year > 2005)"}]}, {"Node Type": "Index Scan", "Parent Relationship": "Inner", "Scan Direction": "Forward", "Index Name": "movie_id_movie_info", "Relation Name": "movie_info", "Alias": "mi", "Startup Cost": 0.0, "Total Cost": 1.21, "Plan Rows": 1, "Plan Width": 8, "Index Cond": "(movie_id = t.id)", "Filter": "((info)::text = ANY ('{Sweden,Norway,Germany,Denmark,Swedish,Denish,Norwegian,German}'::text[]))"}]}, {"Node Type": "Index Only Scan", "Parent Relationship": "Inner", "Scan Direction": "Forward", "Index Name": "info_type_pkey", "Relation Name": "info_type", "Alias": "it", "Startup Cost": 0.0, "Total Cost": 0.27, "Plan Rows": 1, "Plan Width": 4, "Index Cond": "(id = mi.info_type_id)"}]}]}, "Unique SQL Id": 2510907716, "Planner Runtime": 5}, "explain_analyze_plan": {"Plan": {"Node Type": "Aggregate", "Strategy": "Plain", "Startup Cost": 74106.99, "Total Cost": 74107.0, "Plan Rows": 1, "Plan Width": 49, "Actual Startup Time": 633.715, "Actual Total Time": 633.716, "Actual Rows": 1, "Actual Loops": 1, "Plans": [{"Node Type": "Nested Loop", "Parent Relationship": "Outer", "Join Type": "Inner", "Startup Cost": 0.0, "Total Cost": 74102.19, "Plan Rows": 1919, "Plan Width": 17, "Actual Startup Time": 633.706, "Actual Total Time": 633.706, "Actual Rows": 0, "Actual Loops": 1, "Inner Unique": true, "Plans": [{"Node Type": "Nested Loop", "Parent Relationship": "Outer", "Join Type": "Inner", "Startup Cost": 0.0, "Total Cost": 73564.77, "Plan Rows": 1919, "Plan Width": 21, "Actual Startup Time": 633.704, "Actual Total Time": 633.704, "Actual Rows": 0, "Actual Loops": 1, "Inner Unique": false, "Plans": [{"Node Type": "Nested Loop", "Parent Relationship": "Outer", "Join Type": "Inner", "Startup Cost": 0.0, "Total Cost": 71285.47, "Plan Rows": 1869, "Plan Width": 25, "Actual Startup Time": 633.703, "Actual Total Time": 633.703, "Actual Rows": 0, "Actual Loops": 1, "Inner Unique": true, "Plans": [{"Node Type": "Nested Loop", "Parent Relationship": "Outer", "Join Type": "Inner", "Startup Cost": 0.0, "Total Cost": 59668.05, "Plan Rows": 1540, "Plan Width": 4, "Actual Startup Time": 633.702, "Actual Total Time": 633.702, "Actual Rows": 0, "Actual Loops": 1, "Inner Unique": false, "Plans": [{"Node Type": "Index Scan", "Parent Relationship": "Outer", "Scan Direction": "Forward", "Index Name": "company_type_pkey", "Relation Name": "company_type", "Alias": "ct", "Startup Cost": 0.0, "Total Cost": 12.3, "Plan Rows": 1, "Plan Width": 4, "Actual Startup Time": 0.021, "Actual Total Time": 0.027, "Actual Rows": 1, "Actual Loops": 1, "Filter": "((kind)::text = 'production companies'::text)", "Rows Removed by Filter": 2}, {"Node Type": "Index Scan", "Parent Relationship": "Inner", "Scan Direction": "Forward", "Index Name": "company_type_id_movie_companies", "Relation Name": "movie_companies", "Alias": "mc", "Startup Cost": 0.0, "Total Cost": 59640.35, "Plan Rows": 1540, "Plan Width": 8, "Actual Startup Time": 633.668, "Actual Total Time": 633.668, "Actual Rows": 0, "Actual Loops": 1, "Index Cond": "(company_type_id = ct.id)", "Rows Removed by Index Recheck": 0, "Filter": "(((note)::text ~~ '%(theatrical)%'::text) AND ((note)::text ~~ '%(France)%'::text))", "Rows Removed by Filter": 1334883}]}, {"Node Type": "Index Scan", "Parent Relationship": "Inner", "Scan Direction": "Forward", "Index Name": "title_pkey", "Relation Name": "title", "Alias": "t", "Startup Cost": 0.0, "Total Cost": 7.53, "Plan Rows": 1, "Plan Width": 21, "Actual Startup Time": 0.0, "Actual Total Time": 0.0, "Index Cond": "(id = mc.movie_id)", "Rows Removed by Index Recheck": 0, "Filter": "(production_year > 2005)", "Rows Removed by Filter": 0}]}, {"Node Type": "Index Scan", "Parent Relationship": "Inner", "Scan Direction": "Forward", "Index Name": "movie_id_movie_info", "Relation Name": "movie_info", "Alias": "mi", "Startup Cost": 0.0, "Total Cost": 1.21, "Plan Rows": 1, "Plan Width": 8, "Actual Startup Time": 0.0, "Actual Total Time": 0.0, "Index Cond": "(movie_id = t.id)", "Rows Removed by Index Recheck": 0, "Filter": "((info)::text = ANY ('{Sweden,Norway,Germany,Denmark,Swedish,Denish,Norwegian,German}'::text[]))", "Rows Removed by Filter": 0}]}, {"Node Type": "Index Only Scan", "Parent Relationship": "Inner", "Scan Direction": "Forward", "Index Name": "info_type_pkey", "Relation Name": "info_type", "Alias": "it", "Startup Cost": 0.0, "Total Cost": 0.27, "Plan Rows": 1, "Plan Width": 4, "Actual Startup Time": 0.0, "Actual Total Time": 0.0, "Index Cond": "(id = mi.info_type_id)", "Rows Removed by Index Recheck": 0, "Heap Fetches": 0}]}]}, "Triggers": [], "Planner Runtime": 6.763, "Total Runtime": 633.955, "Unique SQL Id": 2510907716}}, "(1, '26')": {"explain_plan": {"Plan": {"Node Type": "Aggregate", "Strategy": "Plain", "Startup Cost": 688746.1, "Total Cost": 688746.11, "Plan Rows": 1, "Plan Width": 49, "Plans": [{"Node Type": "Merge Join", "Parent Relationship": "Outer", "Join Type": "Inner", "Startup Cost": 680265.34, "Total Cost": 688741.3, "Plan Rows": 1919, "Plan Width": 17, "Inner Unique": true, "Merge Cond": "(mi.movie_id = t.id)", "Plans": [{"Node Type": "Nested Loop", "Parent Relationship": "Outer", "Join Type": "Inner", "Startup Cost": 512774.92, "Total Cost": 516164.0, "Plan Rows": 1581, "Plan Width": 8, "Inner Unique": true, "Join Filter": "(mi.info_type_id = it.id)", "Plans": [{"Node Type": "Merge Join", "Parent Relationship": "Outer", "Join Type": "Inner", "Startup Cost": 512774.92, "Total Cost": 513505.52, "Plan Rows": 1581, "Plan Width": 12, "Inner Unique": false, "Merge Cond": "(mc.movie_id = mi.movie_id)", "Plans": [{"Node Type": "Sort", "Parent Relationship": "Outer", "Startup Cost": 54984.0, "Total Cost": 54987.85, "Plan Rows": 1540, "Plan Width": 4, "Sort Key": ["mc.movie_id"], "Plans": [{"Node Type": "Nested Loop", "Parent Relationship": "Outer", "Join Type": "Inner", "Startup Cost": 0.0, "Total Cost": 54902.47, "Plan Rows": 1540, "Plan Width": 4, "Inner Unique": false, "Join Filter": "(ct.id = mc.company_type_id)", "Plans": [{"Node Type": "Seq Scan", "Parent Relationship": "Outer", "Relation Name": "company_type", "Alias": "ct", "Startup Cost": 0.0, "Total Cost": 1.04, "Plan Rows": 1, "Plan Width": 4, "Filter": "((kind)::text = 'production companies'::text)"}, {"Node Type": "Seq Scan", "Parent Relationship": "Inner", "Relation Name": "movie_companies", "Alias": "mc", "Startup Cost": 0.0, "Total Cost": 54862.92, "Plan Rows": 3081, "Plan Width": 8, "Filter": "(((note)::text ~~ '%(theatrical)%'::text) AND ((note)::text ~~ '%(France)%'::text))"}]}]}, {"Node Type": "Sort", "Parent Relationship": "Inner", "Startup Cost": 457790.92, "Total Cost": 458144.61, "Plan Rows": 141478, "Plan Width": 8, "Sort Key": ["mi.movie_id"], "Plans": [{"Node Type": "Seq Scan", "Parent Relationship": "Outer", "Relation Name": "movie_info", "Alias": "mi", "Startup Cost": 0.0, "Total Cost": 445687.32, "Plan Rows": 141478, "Plan Width": 8, "Filter": "((info)::text = ANY ('{Sweden,Norway,Germany,Denmark,Swedish,Denish,Norwegian,German}'::text[]))"}]}]}, {"Node Type": "Materialize", "Parent Relationship": "Inner", "Startup Cost": 0.0, "Total Cost": 2.68, "Plan Rows": 112, "Plan Width": 4, "Plans": [{"Node Type": "Seq Scan", "Parent Relationship": "Outer", "Relation Name": "info_type", "Alias": "it", "Startup Cost": 0.0, "Total Cost": 2.12, "Plan Rows": 112, "Plan Width": 4}]}]}, {"Node Type": "Sort", "Parent Relationship": "Inner", "Startup Cost": 167490.29, "Total Cost": 170024.02, "Plan Rows": 1013492, "Plan Width": 21, "Sort Key": ["t.id"], "Plans": [{"Node Type": "Seq Scan", "Parent Relationship": "Outer", "Relation Name": "title", "Alias": "t", "Startup Cost": 0.0, "Total Cost": 66389.89, "Plan Rows": 1013492, "Plan Width": 21, "Filter": "(production_year > 2005), (LLVM Optimized)"}]}]}]}, "Unique SQL Id": 2510907716, "Planner Runtime": 5}, "explain_analyze_plan": {"Plan": {"Node Type": "Aggregate", "Strategy": "Plain", "Startup Cost": 688746.1, "Total Cost": 688746.11, "Plan Rows": 1, "Plan Width": 49, "Actual Startup Time": 1041.56, "Actual Total Time": 1041.56, "Actual Rows": 1, "Actual Loops": 1, "Plans": [{"Node Type": "Merge Join", "Parent Relationship": "Outer", "Join Type": "Inner", "Startup Cost": 680265.34, "Total Cost": 688741.3, "Plan Rows": 1919, "Plan Width": 17, "Actual Startup Time": 1041.553, "Actual Total Time": 1041.553, "Actual Rows": 0, "Actual Loops": 1, "Inner Unique": true, "Merge Cond": "(mi.movie_id = t.id)", "Plans": [{"Node Type": "Nested Loop", "Parent Relationship": "Outer", "Join Type": "Inner", "Startup Cost": 512774.92, "Total Cost": 516164.0, "Plan Rows": 1581, "Plan Width": 8, "Actual Startup Time": 1041.541, "Actual Total Time": 1041.541, "Actual Rows": 0, "Actual Loops": 1, "Inner Unique": true, "Join Filter": "(mi.info_type_id = it.id)", "Rows Removed by Join Filter": 0, "Plans": [{"Node Type": "Merge Join", "Parent Relationship": "Outer", "Join Type": "Inner", "Startup Cost": 512774.92, "Total Cost": 513505.52, "Plan Rows": 1581, "Plan Width": 12, "Actual Startup Time": 1041.537, "Actual Total Time": 1041.537, "Actual Rows": 0, "Actual Loops": 1, "Inner Unique": false, "Merge Cond": "(mc.movie_id = mi.movie_id)", "Plans": [{"Node Type": "Sort", "Parent Relationship": "Outer", "Startup Cost": 54984.0, "Total Cost": 54987.85, "Plan Rows": 1540, "Plan Width": 4, "Actual Startup Time": 1041.52, "Actual Total Time": 1041.52, "Actual Rows": 0, "Actual Loops": 1, "Sort Key": ["mc.movie_id"], "Sort Method": "quicksort", "Sort Space Used": 25, "Sort Space Type": "Memory", "Plans": [{"Node Type": "Nested Loop", "Parent Relationship": "Outer", "Join Type": "Inner", "Startup Cost": 0.0, "Total Cost": 54902.47, "Plan Rows": 1540, "Plan Width": 4, "Actual Startup Time": 1041.507, "Actual Total Time": 1041.507, "Actual Rows": 0, "Actual Loops": 1, "Inner Unique": false, "Join Filter": "(ct.id = mc.company_type_id)", "Rows Removed by Join Filter": 24025, "Plans": [{"Node Type": "Seq Scan", "Parent Relationship": "Outer", "Relation Name": "company_type", "Alias": "ct", "Startup Cost": 0.0, "Total Cost": 1.04, "Plan Rows": 1, "Plan Width": 4, "Actual Startup Time": 0.024, "Actual Total Time": 0.031, "Actual Rows": 1, "Actual Loops": 1, "Filter": "((kind)::text = 'production companies'::text)", "Rows Removed by Filter": 2}, {"Node Type": "Seq Scan", "Parent Relationship": "Inner", "Relation Name": "movie_companies", "Alias": "mc", "Startup Cost": 0.0, "Total Cost": 54862.92, "Plan Rows": 3081, "Plan Width": 8, "Actual Startup Time": 8.691, "Actual Total Time": 1035.97, "Actual Rows": 24025, "Actual Loops": 1, "Filter": "(((note)::text ~~ '%(theatrical)%'::text) AND ((note)::text ~~ '%(France)%'::text))", "Rows Removed by Filter": 2585103}]}]}, {"Node Type": "Sort", "Parent Relationship": "Inner", "Startup Cost": 457790.92, "Total Cost": 458144.61, "Plan Rows": 141478, "Plan Width": 8, "Actual Startup Time": 0.0, "Actual Total Time": 0.0, "Sort Key": ["mi.movie_id"], "Plans": [{"Node Type": "Seq Scan", "Parent Relationship": "Outer", "Relation Name": "movie_info", "Alias": "mi", "Startup Cost": 0.0, "Total Cost": 445687.32, "Plan Rows": 141478, "Plan Width": 8, "Actual Startup Time": 0.0, "Actual Total Time": 0.0, "Filter": "((info)::text = ANY ('{Sweden,Norway,Germany,Denmark,Swedish,Denish,Norwegian,German}'::text[]))", "Rows Removed by Filter": 0}]}]}, {"Node Type": "Materialize", "Parent Relationship": "Inner", "Startup Cost": 0.0, "Total Cost": 2.68, "Plan Rows": 112, "Plan Width": 4, "Actual Startup Time": 0.0, "Actual Total Time": 0.0, "Plans": [{"Node Type": "Seq Scan", "Parent Relationship": "Outer", "Relation Name": "info_type", "Alias": "it", "Startup Cost": 0.0, "Total Cost": 2.12, "Plan Rows": 112, "Plan Width": 4, "Actual Startup Time": 0.0, "Actual Total Time": 0.0}]}]}, {"Node Type": "Sort", "Parent Relationship": "Inner", "Startup Cost": 167490.29, "Total Cost": 170024.02, "Plan Rows": 1013492, "Plan Width": 21, "Actual Startup Time": 0.0, "Actual Total Time": 0.0, "Sort Key": ["t.id"], "Plans": [{"Node Type": "Seq Scan", "Parent Relationship": "Outer", "Relation Name": "title", "Alias": "t", "Startup Cost": 0.0, "Total Cost": 66389.89, "Plan Rows": 1013492, "Plan Width": 21, "Actual Startup Time": 0.0, "Actual Total Time": 0.0, "Filter": "(production_year > 2005), (LLVM Optimized, Jit Execute)", "Rows Removed by Filter": 0}]}]}]}, "Triggers": [], "Planner Runtime": 5.954, "Total Runtime": 1050.412, "Unique SQL Id": 2510907716}}, "(1, '27')": {"explain_plan": {"Plan": {"Node Type": "Aggregate", "Strategy": "Plain", "Startup Cost": 4997607846308.68, "Total Cost": 4997607846308.69, "Plan Rows": 1, "Plan Width": 49, "Plans": [{"Node Type": "Merge Join", "Parent Relationship": "Outer", "Join Type": "Inner", "Startup Cost": 50021490308.98, "Total Cost": 4997607846303.88, "Plan Rows": 1919, "Plan Width": 17, "Inner Unique": false, "Merge Cond": "(mi.movie_id = t.id)", "Plans": [{"Node Type": "Nested Loop", "Parent Relationship": "Outer", "Join Type": "Inner", "Startup Cost": 20000000000.0, "Total Cost": 2000118925554.54, "Plan Rows": 141478, "Plan Width": 4, "Inner Unique": true, "Join Filter": "(it.id = mi.info_type_id), (LLVM Optimized)", "Plans": [{"Node Type": "Index Scan", "Parent Relationship": "Outer", "Scan Direction": "Forward", "Index Name": "movie_id_movie_info", "Relation Name": "movie_info", "Alias": "mi", "Startup Cost": 10000000000.0, "Total Cost": 1000118686878.22, "Plan Rows": 141478, "Plan Width": 8, "Filter": "((info)::text = ANY ('{Sweden,Norway,Germany,Denmark,Swedish,Denish,Norwegian,German}'::text[]))"}, {"Node Type": "Materialize", "Parent Relationship": "Inner", "Startup Cost": 10000000000.0, "Total Cost": 1000000000993.56, "Plan Rows": 112, "Plan Width": 4, "Plans": [{"Node Type": "Index Only Scan", "Parent Relationship": "Outer", "Scan Direction": "Forward", "Index Name": "info_type_pkey", "Relation Name": "info_type", "Alias": "it", "Startup Cost": 10000000000.0, "Total Cost": 1000000000993.0, "Plan Rows": 112, "Plan Width": 4}]}]}, {"Node Type": "Materialize", "Parent Relationship": "Inner", "Startup Cost": 30021490308.98, "Total Cost": 2999077500382.5, "Plan Rows": 1869, "Plan Width": 25, "Plans": [{"Node Type": "Merge Join", "Parent Relationship": "Outer", "Join Type": "Inner", "Startup Cost": 30021490308.98, "Total Cost": 2999077500377.83, "Plan Rows": 1869, "Plan Width": 25, "Inner Unique": true, "Merge Cond": "(mc.movie_id = t.id)", "Plans": [{"Node Type": "Nested Loop", "Parent Relationship": "Outer", "Join Type": "Inner", "Startup Cost": 20000000000.0, "Total Cost": 2000014357786.6, "Plan Rows": 1540, "Plan Width": 4, "Inner Unique": true, "Join Filter": "(ct.id = mc.company_type_id)", "Plans": [{"Node Type": "Index Scan", "Parent Relationship": "Outer", "Scan Direction": "Forward", "Index Name": "movie_id_movie_companies", "Relation Name": "movie_companies", "Alias": "mc", "Startup Cost": 10000000000.0, "Total Cost": 1000014356510.13, "Plan Rows": 3081, "Plan Width": 8, "Filter": "(((note)::text ~~ '%(theatrical)%'::text) AND ((note)::text ~~ '%(France)%'::text))"}, {"Node Type": "Materialize", "Parent Relationship": "Inner", "Startup Cost": 10000000000.0, "Total Cost": 1000000001230.26, "Plan Rows": 1, "Plan Width": 4, "Plans": [{"Node Type": "Index Scan", "Parent Relationship": "Outer", "Scan Direction": "Forward", "Index Name": "company_type_pkey", "Relation Name": "company_type", "Alias": "ct", "Startup Cost": 10000000000.0, "Total Cost": 1000000001230.25, "Plan Rows": 1, "Plan Width": 4, "Filter": "((kind)::text = 'production companies'::text)"}]}]}, {"Node Type": "Index Scan", "Parent Relationship": "Inner", "Scan Direction": "Forward", "Index Name": "title_pkey", "Relation Name": "title", "Alias": "t", "Startup Cost": 10000000000.0, "Total Cost": 1000011644126.66, "Plan Rows": 1013492, "Plan Width": 21, "Filter": "(production_year > 2005), (LLVM Optimized)"}]}]}]}]}, "Unique SQL Id": 2510907716, "Planner Runtime": 9}, "explain_analyze_plan": {"Plan": {"Node Type": "Aggregate", "Strategy": "Plain", "Startup Cost": 4997607846308.68, "Total Cost": 4997607846308.69, "Plan Rows": 1, "Plan Width": 49, "Actual Startup Time": 2047.265, "Actual Total Time": 2047.265, "Actual Rows": 1, "Actual Loops": 1, "Plans": [{"Node Type": "Merge Join", "Parent Relationship": "Outer", "Join Type": "Inner", "Startup Cost": 50021490308.98, "Total Cost": 4997607846303.88, "Plan Rows": 1919, "Plan Width": 17, "Actual Startup Time": 2047.255, "Actual Total Time": 2047.255, "Actual Rows": 0, "Actual Loops": 1, "Inner Unique": false, "Merge Cond": "(mi.movie_id = t.id)", "Plans": [{"Node Type": "Nested Loop", "Parent Relationship": "Outer", "Join Type": "Inner", "Startup Cost": 20000000000.0, "Total Cost": 2000118925554.54, "Plan Rows": 141478, "Plan Width": 4, "Actual Startup Time": 2.234, "Actual Total Time": 2.234, "Actual Rows": 1, "Actual Loops": 1, "Inner Unique": true, "Join Filter": "(it.id = mi.info_type_id), (LLVM Optimized, Jit Execute)", "Rows Removed by Join Filter": 2, "Plans": [{"Node Type": "Index Scan", "Parent Relationship": "Outer", "Scan Direction": "Forward", "Index Name": "movie_id_movie_info", "Relation Name": "movie_info", "Alias": "mi", "Startup Cost": 10000000000.0, "Total Cost": 1000118686878.22, "Plan Rows": 141478, "Plan Width": 8, "Actual Startup Time": 2.207, "Actual Total Time": 2.207, "Actual Rows": 1, "Actual Loops": 1, "Filter": "((info)::text = ANY ('{Sweden,Norway,Germany,Denmark,Swedish,Denish,Norwegian,German}'::text[]))", "Rows Removed by Filter": 1998}, {"Node Type": "Materialize", "Parent Relationship": "Inner", "Startup Cost": 10000000000.0, "Total Cost": 1000000000993.56, "Plan Rows": 112, "Plan Width": 4, "Actual Startup Time": 0.015, "Actual Total Time": 0.017, "Actual Rows": 3, "Actual Loops": 1, "Plans": [{"Node Type": "Index Only Scan", "Parent Relationship": "Outer", "Scan Direction": "Forward", "Index Name": "info_type_pkey", "Relation Name": "info_type", "Alias": "it", "Startup Cost": 10000000000.0, "Total Cost": 1000000000993.0, "Plan Rows": 112, "Plan Width": 4, "Actual Startup Time": 0.011, "Actual Total Time": 0.011, "Actual Rows": 3, "Actual Loops": 1, "Heap Fetches": 0}]}]}, {"Node Type": "Materialize", "Parent Relationship": "Inner", "Startup Cost": 30021490308.98, "Total Cost": 2999077500382.5, "Plan Rows": 1869, "Plan Width": 25, "Actual Startup Time": 2045.011, "Actual Total Time": 2045.011, "Actual Rows": 0, "Actual Loops": 1, "Plans": [{"Node Type": "Merge Join", "Parent Relationship": "Outer", "Join Type": "Inner", "Startup Cost": 30021490308.98, "Total Cost": 2999077500377.83, "Plan Rows": 1869, "Plan Width": 25, "Actual Startup Time": 2045.005, "Actual Total Time": 2045.005, "Actual Rows": 0, "Actual Loops": 1, "Inner Unique": true, "Merge Cond": "(mc.movie_id = t.id)", "Plans": [{"Node Type": "Nested Loop", "Parent Relationship": "Outer", "Join Type": "Inner", "Startup Cost": 20000000000.0, "Total Cost": 2000014357786.6, "Plan Rows": 1540, "Plan Width": 4, "Actual Startup Time": 2044.991, "Actual Total Time": 2044.991, "Actual Rows": 0, "Actual Loops": 1, "Inner Unique": true, "Join Filter": "(ct.id = mc.company_type_id)", "Rows Removed by Join Filter": 24025, "Plans": [{"Node Type": "Index Scan", "Parent Relationship": "Outer", "Scan Direction": "Forward", "Index Name": "movie_id_movie_companies", "Relation Name": "movie_companies", "Alias": "mc", "Startup Cost": 10000000000.0, "Total Cost": 1000014356510.13, "Plan Rows": 3081, "Plan Width": 8, "Actual Startup Time": 27.246, "Actual Total Time": 2029.91, "Actual Rows": 24025, "Actual Loops": 1, "Filter": "(((note)::text ~~ '%(theatrical)%'::text) AND ((note)::text ~~ '%(France)%'::text))", "Rows Removed by Filter": 2585103}, {"Node Type": "Materialize", "Parent Relationship": "Inner", "Startup Cost": 10000000000.0, "Total Cost": 1000000001230.26, "Plan Rows": 1, "Plan Width": 4, "Actual Startup Time": 2.317, "Actual Total Time": 4.274, "Actual Rows": 24025, "Actual Loops": 24025, "Plans": [{"Node Type": "Index Scan", "Parent Relationship": "Outer", "Scan Direction": "Forward", "Index Name": "company_type_pkey", "Relation Name": "company_type", "Alias": "ct", "Startup Cost": 10000000000.0, "Total Cost": 1000000001230.25, "Plan Rows": 1, "Plan Width": 4, "Actual Startup Time": 0.011, "Actual Total Time": 0.014, "Actual Rows": 1, "Actual Loops": 1, "Filter": "((kind)::text = 'production companies'::text)", "Rows Removed by Filter": 2}]}]}, {"Node Type": "Index Scan", "Parent Relationship": "Inner", "Scan Direction": "Forward", "Index Name": "title_pkey", "Relation Name": "title", "Alias": "t", "Startup Cost": 10000000000.0, "Total Cost": 1000011644126.66, "Plan Rows": 1013492, "Plan Width": 21, "Actual Startup Time": 0.0, "Actual Total Time": 0.0, "Filter": "(production_year > 2005), (LLVM Optimized, Jit Execute)", "Rows Removed by Filter": 0}]}]}]}]}, "Triggers": [], "Planner Runtime": 9.655, "Total Runtime": 2056.116, "Unique SQL Id": 2510907716}}, "(1, '28')": {"explain_plan": {"Plan": {"Node Type": "Aggregate", "Strategy": "Plain", "Startup Cost": 69341.46, "Total Cost": 69341.47, "Plan Rows": 1, "Plan Width": 49, "Plans": [{"Node Type": "Nested Loop", "Parent Relationship": "Outer", "Join Type": "Inner", "Startup Cost": 0.0, "Total Cost": 69336.67, "Plan Rows": 1919, "Plan Width": 17, "Inner Unique": true, "Plans": [{"Node Type": "Nested Loop", "Parent Relationship": "Outer", "Join Type": "Inner", "Startup Cost": 0.0, "Total Cost": 68799.18, "Plan Rows": 1919, "Plan Width": 21, "Inner Unique": false, "Plans": [{"Node Type": "Nested Loop", "Parent Relationship": "Outer", "Join Type": "Inner", "Startup Cost": 0.0, "Total Cost": 66519.89, "Plan Rows": 1869, "Plan Width": 25, "Inner Unique": true, "Plans": [{"Node Type": "Nested Loop", "Parent Relationship": "Outer", "Join Type": "Inner", "Startup Cost": 0.0, "Total Cost": 54902.47, "Plan Rows": 1540, "Plan Width": 4, "Inner Unique": false, "Join Filter": "(ct.id = mc.company_type_id)", "Plans": [{"Node Type": "Seq Scan", "Parent Relationship": "Outer", "Relation Name": "company_type", "Alias": "ct", "Startup Cost": 0.0, "Total Cost": 1.04, "Plan Rows": 1, "Plan Width": 4, "Filter": "((kind)::text = 'production companies'::text)"}, {"Node Type": "Seq Scan", "Parent Relationship": "Inner", "Relation Name": "movie_companies", "Alias": "mc", "Startup Cost": 0.0, "Total Cost": 54862.92, "Plan Rows": 3081, "Plan Width": 8, "Filter": "(((note)::text ~~ '%(theatrical)%'::text) AND ((note)::text ~~ '%(France)%'::text))"}]}, {"Node Type": "Index Scan", "Parent Relationship": "Inner", "Scan Direction": "Forward", "Index Name": "title_pkey", "Relation Name": "title", "Alias": "t", "Startup Cost": 0.0, "Total Cost": 7.53, "Plan Rows": 1, "Plan Width": 21, "Index Cond": "(id = mc.movie_id)", "Filter": "(production_year > 2005)"}]}, {"Node Type": "Index Scan", "Parent Relationship": "Inner", "Scan Direction": "Forward", "Index Name": "movie_id_movie_info", "Relation Name": "movie_info", "Alias": "mi", "Startup Cost": 0.0, "Total Cost": 1.21, "Plan Rows": 1, "Plan Width": 8, "Index Cond": "(movie_id = t.id)", "Filter": "((info)::text = ANY ('{Sweden,Norway,Germany,Denmark,Swedish,Denish,Norwegian,German}'::text[]))"}]}, {"Node Type": "Index Scan", "Parent Relationship": "Inner", "Scan Direction": "Forward", "Index Name": "info_type_pkey", "Relation Name": "info_type", "Alias": "it", "Startup Cost": 0.0, "Total Cost": 0.27, "Plan Rows": 1, "Plan Width": 4, "Index Cond": "(id = mi.info_type_id)"}]}]}, "Unique SQL Id": 2510907716, "Planner Runtime": 6}, "explain_analyze_plan": {"Plan": {"Node Type": "Aggregate", "Strategy": "Plain", "Startup Cost": 69341.46, "Total Cost": 69341.47, "Plan Rows": 1, "Plan Width": 49, "Actual Startup Time": 1050.618, "Actual Total Time": 1050.618, "Actual Rows": 1, "Actual Loops": 1, "Plans": [{"Node Type": "Nested Loop", "Parent Relationship": "Outer", "Join Type": "Inner", "Startup Cost": 0.0, "Total Cost": 69336.67, "Plan Rows": 1919, "Plan Width": 17, "Actual Startup Time": 1050.61, "Actual Total Time": 1050.61, "Actual Rows": 0, "Actual Loops": 1, "Inner Unique": true, "Plans": [{"Node Type": "Nested Loop", "Parent Relationship": "Outer", "Join Type": "Inner", "Startup Cost": 0.0, "Total Cost": 68799.18, "Plan Rows": 1919, "Plan Width": 21, "Actual Startup Time": 1050.608, "Actual Total Time": 1050.608, "Actual Rows": 0, "Actual Loops": 1, "Inner Unique": false, "Plans": [{"Node Type": "Nested Loop", "Parent Relationship": "Outer", "Join Type": "Inner", "Startup Cost": 0.0, "Total Cost": 66519.89, "Plan Rows": 1869, "Plan Width": 25, "Actual Startup Time": 1050.607, "Actual Total Time": 1050.607, "Actual Rows": 0, "Actual Loops": 1, "Inner Unique": true, "Plans": [{"Node Type": "Nested Loop", "Parent Relationship": "Outer", "Join Type": "Inner", "Startup Cost": 0.0, "Total Cost": 54902.47, "Plan Rows": 1540, "Plan Width": 4, "Actual Startup Time": 1050.606, "Actual Total Time": 1050.606, "Actual Rows": 0, "Actual Loops": 1, "Inner Unique": false, "Join Filter": "(ct.id = mc.company_type_id)", "Rows Removed by Join Filter": 24025, "Plans": [{"Node Type": "Seq Scan", "Parent Relationship": "Outer", "Relation Name": "company_type", "Alias": "ct", "Startup Cost": 0.0, "Total Cost": 1.04, "Plan Rows": 1, "Plan Width": 4, "Actual Startup Time": 0.023, "Actual Total Time": 0.032, "Actual Rows": 1, "Actual Loops": 1, "Filter": "((kind)::text = 'production companies'::text)", "Rows Removed by Filter": 2}, {"Node Type": "Seq Scan", "Parent Relationship": "Inner", "Relation Name": "movie_companies", "Alias": "mc", "Startup Cost": 0.0, "Total Cost": 54862.92, "Plan Rows": 3081, "Plan Width": 8, "Actual Startup Time": 8.677, "Actual Total Time": 1045.148, "Actual Rows": 24025, "Actual Loops": 1, "Filter": "(((note)::text ~~ '%(theatrical)%'::text) AND ((note)::text ~~ '%(France)%'::text))", "Rows Removed by Filter": 2585103}]}, {"Node Type": "Index Scan", "Parent Relationship": "Inner", "Scan Direction": "Forward", "Index Name": "title_pkey", "Relation Name": "title", "Alias": "t", "Startup Cost": 0.0, "Total Cost": 7.53, "Plan Rows": 1, "Plan Width": 21, "Actual Startup Time": 0.0, "Actual Total Time": 0.0, "Index Cond": "(id = mc.movie_id)", "Rows Removed by Index Recheck": 0, "Filter": "(production_year > 2005)", "Rows Removed by Filter": 0}]}, {"Node Type": "Index Scan", "Parent Relationship": "Inner", "Scan Direction": "Forward", "Index Name": "movie_id_movie_info", "Relation Name": "movie_info", "Alias": "mi", "Startup Cost": 0.0, "Total Cost": 1.21, "Plan Rows": 1, "Plan Width": 8, "Actual Startup Time": 0.0, "Actual Total Time": 0.0, "Index Cond": "(movie_id = t.id)", "Rows Removed by Index Recheck": 0, "Filter": "((info)::text = ANY ('{Sweden,Norway,Germany,Denmark,Swedish,Denish,Norwegian,German}'::text[]))", "Rows Removed by Filter": 0}]}, {"Node Type": "Index Scan", "Parent Relationship": "Inner", "Scan Direction": "Forward", "Index Name": "info_type_pkey", "Relation Name": "info_type", "Alias": "it", "Startup Cost": 0.0, "Total Cost": 0.27, "Plan Rows": 1, "Plan Width": 4, "Actual Startup Time": 0.0, "Actual Total Time": 0.0, "Index Cond": "(id = mi.info_type_id)", "Rows Removed by Index Recheck": 0}]}]}, "Triggers": [], "Planner Runtime": 7.429, "Total Runtime": 1050.883, "Unique SQL Id": 2510907716}}, "(1, '29')": {"explain_plan": {"Plan": {"Node Type": "Aggregate", "Strategy": "Plain", "Startup Cost": 74107.05, "Total Cost": 74107.06, "Plan Rows": 1, "Plan Width": 49, "Plans": [{"Node Type": "Nested Loop", "Parent Relationship": "Outer", "Join Type": "Inner", "Startup Cost": 0.0, "Total Cost": 74102.25, "Plan Rows": 1919, "Plan Width": 17, "Inner Unique": true, "Plans": [{"Node Type": "Nested Loop", "Parent Relationship": "Outer", "Join Type": "Inner", "Startup Cost": 0.0, "Total Cost": 73564.77, "Plan Rows": 1919, "Plan Width": 21, "Inner Unique": false, "Plans": [{"Node Type": "Nested Loop", "Parent Relationship": "Outer", "Join Type": "Inner", "Startup Cost": 0.0, "Total Cost": 71285.47, "Plan Rows": 1869, "Plan Width": 25, "Inner Unique": true, "Plans": [{"Node Type": "Nested Loop", "Parent Relationship": "Outer", "Join Type": "Inner", "Startup Cost": 0.0, "Total Cost": 59668.05, "Plan Rows": 1540, "Plan Width": 4, "Inner Unique": false, "Plans": [{"Node Type": "Index Scan", "Parent Relationship": "Outer", "Scan Direction": "Forward", "Index Name": "company_type_pkey", "Relation Name": "company_type", "Alias": "ct", "Startup Cost": 0.0, "Total Cost": 12.3, "Plan Rows": 1, "Plan Width": 4, "Filter": "((kind)::text = 'production companies'::text)"}, {"Node Type": "Index Scan", "Parent Relationship": "Inner", "Scan Direction": "Forward", "Index Name": "company_type_id_movie_companies", "Relation Name": "movie_companies", "Alias": "mc", "Startup Cost": 0.0, "Total Cost": 59640.35, "Plan Rows": 1540, "Plan Width": 8, "Index Cond": "(company_type_id = ct.id)", "Filter": "(((note)::text ~~ '%(theatrical)%'::text) AND ((note)::text ~~ '%(France)%'::text))"}]}, {"Node Type": "Index Scan", "Parent Relationship": "Inner", "Scan Direction": "Forward", "Index Name": "title_pkey", "Relation Name": "title", "Alias": "t", "Startup Cost": 0.0, "Total Cost": 7.53, "Plan Rows": 1, "Plan Width": 21, "Index Cond": "(id = mc.movie_id)", "Filter": "(production_year > 2005)"}]}, {"Node Type": "Index Scan", "Parent Relationship": "Inner", "Scan Direction": "Forward", "Index Name": "movie_id_movie_info", "Relation Name": "movie_info", "Alias": "mi", "Startup Cost": 0.0, "Total Cost": 1.21, "Plan Rows": 1, "Plan Width": 8, "Index Cond": "(movie_id = t.id)", "Filter": "((info)::text = ANY ('{Sweden,Norway,Germany,Denmark,Swedish,Denish,Norwegian,German}'::text[]))"}]}, {"Node Type": "Index Scan", "Parent Relationship": "Inner", "Scan Direction": "Forward", "Index Name": "info_type_pkey", "Relation Name": "info_type", "Alias": "it", "Startup Cost": 0.0, "Total Cost": 0.27, "Plan Rows": 1, "Plan Width": 4, "Index Cond": "(id = mi.info_type_id)"}]}]}, "Unique SQL Id": 2510907716, "Planner Runtime": 6}, "explain_analyze_plan": {"Plan": {"Node Type": "Aggregate", "Strategy": "Plain", "Startup Cost": 74107.05, "Total Cost": 74107.06, "Plan Rows": 1, "Plan Width": 49, "Actual Startup Time": 752.93, "Actual Total Time": 752.931, "Actual Rows": 1, "Actual Loops": 1, "Plans": [{"Node Type": "Nested Loop", "Parent Relationship": "Outer", "Join Type": "Inner", "Startup Cost": 0.0, "Total Cost": 74102.25, "Plan Rows": 1919, "Plan Width": 17, "Actual Startup Time": 752.924, "Actual Total Time": 752.924, "Actual Rows": 0, "Actual Loops": 1, "Inner Unique": true, "Plans": [{"Node Type": "Nested Loop", "Parent Relationship": "Outer", "Join Type": "Inner", "Startup Cost": 0.0, "Total Cost": 73564.77, "Plan Rows": 1919, "Plan Width": 21, "Actual Startup Time": 752.922, "Actual Total Time": 752.922, "Actual Rows": 0, "Actual Loops": 1, "Inner Unique": false, "Plans": [{"Node Type": "Nested Loop", "Parent Relationship": "Outer", "Join Type": "Inner", "Startup Cost": 0.0, "Total Cost": 71285.47, "Plan Rows": 1869, "Plan Width": 25, "Actual Startup Time": 752.921, "Actual Total Time": 752.921, "Actual Rows": 0, "Actual Loops": 1, "Inner Unique": true, "Plans": [{"Node Type": "Nested Loop", "Parent Relationship": "Outer", "Join Type": "Inner", "Startup Cost": 0.0, "Total Cost": 59668.05, "Plan Rows": 1540, "Plan Width": 4, "Actual Startup Time": 752.919, "Actual Total Time": 752.919, "Actual Rows": 0, "Actual Loops": 1, "Inner Unique": false, "Plans": [{"Node Type": "Index Scan", "Parent Relationship": "Outer", "Scan Direction": "Forward", "Index Name": "company_type_pkey", "Relation Name": "company_type", "Alias": "ct", "Startup Cost": 0.0, "Total Cost": 12.3, "Plan Rows": 1, "Plan Width": 4, "Actual Startup Time": 0.015, "Actual Total Time": 0.026, "Actual Rows": 1, "Actual Loops": 1, "Filter": "((kind)::text = 'production companies'::text)", "Rows Removed by Filter": 2}, {"Node Type": "Index Scan", "Parent Relationship": "Inner", "Scan Direction": "Forward", "Index Name": "company_type_id_movie_companies", "Relation Name": "movie_companies", "Alias": "mc", "Startup Cost": 0.0, "Total Cost": 59640.35, "Plan Rows": 1540, "Plan Width": 8, "Actual Startup Time": 752.888, "Actual Total Time": 752.888, "Actual Rows": 0, "Actual Loops": 1, "Index Cond": "(company_type_id = ct.id)", "Rows Removed by Index Recheck": 0, "Filter": "(((note)::text ~~ '%(theatrical)%'::text) AND ((note)::text ~~ '%(France)%'::text))", "Rows Removed by Filter": 1334883}]}, {"Node Type": "Index Scan", "Parent Relationship": "Inner", "Scan Direction": "Forward", "Index Name": "title_pkey", "Relation Name": "title", "Alias": "t", "Startup Cost": 0.0, "Total Cost": 7.53, "Plan Rows": 1, "Plan Width": 21, "Actual Startup Time": 0.0, "Actual Total Time": 0.0, "Index Cond": "(id = mc.movie_id)", "Rows Removed by Index Recheck": 0, "Filter": "(production_year > 2005)", "Rows Removed by Filter": 0}]}, {"Node Type": "Index Scan", "Parent Relationship": "Inner", "Scan Direction": "Forward", "Index Name": "movie_id_movie_info", "Relation Name": "movie_info", "Alias": "mi", "Startup Cost": 0.0, "Total Cost": 1.21, "Plan Rows": 1, "Plan Width": 8, "Actual Startup Time": 0.0, "Actual Total Time": 0.0, "Index Cond": "(movie_id = t.id)", "Rows Removed by Index Recheck": 0, "Filter": "((info)::text = ANY ('{Sweden,Norway,Germany,Denmark,Swedish,Denish,Norwegian,German}'::text[]))", "Rows Removed by Filter": 0}]}, {"Node Type": "Index Scan", "Parent Relationship": "Inner", "Scan Direction": "Forward", "Index Name": "info_type_pkey", "Relation Name": "info_type", "Alias": "it", "Startup Cost": 0.0, "Total Cost": 0.27, "Plan Rows": 1, "Plan Width": 4, "Actual Startup Time": 0.0, "Actual Total Time": 0.0, "Index Cond": "(id = mi.info_type_id)", "Rows Removed by Index Recheck": 0}]}]}, "Triggers": [], "Planner Runtime": 6.967, "Total Runtime": 753.211, "Unique SQL Id": 2510907716}}, "(1, '30')": {"explain_plan": {"Plan": {"Node Type": "Aggregate", "Strategy": "Plain", "Startup Cost": 688746.1, "Total Cost": 688746.11, "Plan Rows": 1, "Plan Width": 49, "Plans": [{"Node Type": "Merge Join", "Parent Relationship": "Outer", "Join Type": "Inner", "Startup Cost": 680265.34, "Total Cost": 688741.3, "Plan Rows": 1919, "Plan Width": 17, "Inner Unique": true, "Merge Cond": "(mi.movie_id = t.id)", "Plans": [{"Node Type": "Nested Loop", "Parent Relationship": "Outer", "Join Type": "Inner", "Startup Cost": 512774.92, "Total Cost": 516164.0, "Plan Rows": 1581, "Plan Width": 8, "Inner Unique": true, "Join Filter": "(mi.info_type_id = it.id)", "Plans": [{"Node Type": "Merge Join", "Parent Relationship": "Outer", "Join Type": "Inner", "Startup Cost": 512774.92, "Total Cost": 513505.52, "Plan Rows": 1581, "Plan Width": 12, "Inner Unique": false, "Merge Cond": "(mc.movie_id = mi.movie_id)", "Plans": [{"Node Type": "Sort", "Parent Relationship": "Outer", "Startup Cost": 54984.0, "Total Cost": 54987.85, "Plan Rows": 1540, "Plan Width": 4, "Sort Key": ["mc.movie_id"], "Plans": [{"Node Type": "Nested Loop", "Parent Relationship": "Outer", "Join Type": "Inner", "Startup Cost": 0.0, "Total Cost": 54902.47, "Plan Rows": 1540, "Plan Width": 4, "Inner Unique": false, "Join Filter": "(ct.id = mc.company_type_id)", "Plans": [{"Node Type": "Seq Scan", "Parent Relationship": "Outer", "Relation Name": "company_type", "Alias": "ct", "Startup Cost": 0.0, "Total Cost": 1.04, "Plan Rows": 1, "Plan Width": 4, "Filter": "((kind)::text = 'production companies'::text)"}, {"Node Type": "Seq Scan", "Parent Relationship": "Inner", "Relation Name": "movie_companies", "Alias": "mc", "Startup Cost": 0.0, "Total Cost": 54862.92, "Plan Rows": 3081, "Plan Width": 8, "Filter": "(((note)::text ~~ '%(theatrical)%'::text) AND ((note)::text ~~ '%(France)%'::text))"}]}]}, {"Node Type": "Sort", "Parent Relationship": "Inner", "Startup Cost": 457790.92, "Total Cost": 458144.61, "Plan Rows": 141478, "Plan Width": 8, "Sort Key": ["mi.movie_id"], "Plans": [{"Node Type": "Seq Scan", "Parent Relationship": "Outer", "Relation Name": "movie_info", "Alias": "mi", "Startup Cost": 0.0, "Total Cost": 445687.32, "Plan Rows": 141478, "Plan Width": 8, "Filter": "((info)::text = ANY ('{Sweden,Norway,Germany,Denmark,Swedish,Denish,Norwegian,German}'::text[]))"}]}]}, {"Node Type": "Materialize", "Parent Relationship": "Inner", "Startup Cost": 0.0, "Total Cost": 2.68, "Plan Rows": 112, "Plan Width": 4, "Plans": [{"Node Type": "Seq Scan", "Parent Relationship": "Outer", "Relation Name": "info_type", "Alias": "it", "Startup Cost": 0.0, "Total Cost": 2.12, "Plan Rows": 112, "Plan Width": 4}]}]}, {"Node Type": "Sort", "Parent Relationship": "Inner", "Startup Cost": 167490.29, "Total Cost": 170024.02, "Plan Rows": 1013492, "Plan Width": 21, "Sort Key": ["t.id"], "Plans": [{"Node Type": "Seq Scan", "Parent Relationship": "Outer", "Relation Name": "title", "Alias": "t", "Startup Cost": 0.0, "Total Cost": 66389.89, "Plan Rows": 1013492, "Plan Width": 21, "Filter": "(production_year > 2005), (LLVM Optimized)"}]}]}]}, "Unique SQL Id": 2510907716, "Planner Runtime": 5}, "explain_analyze_plan": {"Plan": {"Node Type": "Aggregate", "Strategy": "Plain", "Startup Cost": 688746.1, "Total Cost": 688746.11, "Plan Rows": 1, "Plan Width": 49, "Actual Startup Time": 1041.56, "Actual Total Time": 1041.56, "Actual Rows": 1, "Actual Loops": 1, "Plans": [{"Node Type": "Merge Join", "Parent Relationship": "Outer", "Join Type": "Inner", "Startup Cost": 680265.34, "Total Cost": 688741.3, "Plan Rows": 1919, "Plan Width": 17, "Actual Startup Time": 1041.553, "Actual Total Time": 1041.553, "Actual Rows": 0, "Actual Loops": 1, "Inner Unique": true, "Merge Cond": "(mi.movie_id = t.id)", "Plans": [{"Node Type": "Nested Loop", "Parent Relationship": "Outer", "Join Type": "Inner", "Startup Cost": 512774.92, "Total Cost": 516164.0, "Plan Rows": 1581, "Plan Width": 8, "Actual Startup Time": 1041.541, "Actual Total Time": 1041.541, "Actual Rows": 0, "Actual Loops": 1, "Inner Unique": true, "Join Filter": "(mi.info_type_id = it.id)", "Rows Removed by Join Filter": 0, "Plans": [{"Node Type": "Merge Join", "Parent Relationship": "Outer", "Join Type": "Inner", "Startup Cost": 512774.92, "Total Cost": 513505.52, "Plan Rows": 1581, "Plan Width": 12, "Actual Startup Time": 1041.537, "Actual Total Time": 1041.537, "Actual Rows": 0, "Actual Loops": 1, "Inner Unique": false, "Merge Cond": "(mc.movie_id = mi.movie_id)", "Plans": [{"Node Type": "Sort", "Parent Relationship": "Outer", "Startup Cost": 54984.0, "Total Cost": 54987.85, "Plan Rows": 1540, "Plan Width": 4, "Actual Startup Time": 1041.52, "Actual Total Time": 1041.52, "Actual Rows": 0, "Actual Loops": 1, "Sort Key": ["mc.movie_id"], "Sort Method": "quicksort", "Sort Space Used": 25, "Sort Space Type": "Memory", "Plans": [{"Node Type": "Nested Loop", "Parent Relationship": "Outer", "Join Type": "Inner", "Startup Cost": 0.0, "Total Cost": 54902.47, "Plan Rows": 1540, "Plan Width": 4, "Actual Startup Time": 1041.507, "Actual Total Time": 1041.507, "Actual Rows": 0, "Actual Loops": 1, "Inner Unique": false, "Join Filter": "(ct.id = mc.company_type_id)", "Rows Removed by Join Filter": 24025, "Plans": [{"Node Type": "Seq Scan", "Parent Relationship": "Outer", "Relation Name": "company_type", "Alias": "ct", "Startup Cost": 0.0, "Total Cost": 1.04, "Plan Rows": 1, "Plan Width": 4, "Actual Startup Time": 0.024, "Actual Total Time": 0.031, "Actual Rows": 1, "Actual Loops": 1, "Filter": "((kind)::text = 'production companies'::text)", "Rows Removed by Filter": 2}, {"Node Type": "Seq Scan", "Parent Relationship": "Inner", "Relation Name": "movie_companies", "Alias": "mc", "Startup Cost": 0.0, "Total Cost": 54862.92, "Plan Rows": 3081, "Plan Width": 8, "Actual Startup Time": 8.691, "Actual Total Time": 1035.97, "Actual Rows": 24025, "Actual Loops": 1, "Filter": "(((note)::text ~~ '%(theatrical)%'::text) AND ((note)::text ~~ '%(France)%'::text))", "Rows Removed by Filter": 2585103}]}]}, {"Node Type": "Sort", "Parent Relationship": "Inner", "Startup Cost": 457790.92, "Total Cost": 458144.61, "Plan Rows": 141478, "Plan Width": 8, "Actual Startup Time": 0.0, "Actual Total Time": 0.0, "Sort Key": ["mi.movie_id"], "Plans": [{"Node Type": "Seq Scan", "Parent Relationship": "Outer", "Relation Name": "movie_info", "Alias": "mi", "Startup Cost": 0.0, "Total Cost": 445687.32, "Plan Rows": 141478, "Plan Width": 8, "Actual Startup Time": 0.0, "Actual Total Time": 0.0, "Filter": "((info)::text = ANY ('{Sweden,Norway,Germany,Denmark,Swedish,Denish,Norwegian,German}'::text[]))", "Rows Removed by Filter": 0}]}]}, {"Node Type": "Materialize", "Parent Relationship": "Inner", "Startup Cost": 0.0, "Total Cost": 2.68, "Plan Rows": 112, "Plan Width": 4, "Actual Startup Time": 0.0, "Actual Total Time": 0.0, "Plans": [{"Node Type": "Seq Scan", "Parent Relationship": "Outer", "Relation Name": "info_type", "Alias": "it", "Startup Cost": 0.0, "Total Cost": 2.12, "Plan Rows": 112, "Plan Width": 4, "Actual Startup Time": 0.0, "Actual Total Time": 0.0}]}]}, {"Node Type": "Sort", "Parent Relationship": "Inner", "Startup Cost": 167490.29, "Total Cost": 170024.02, "Plan Rows": 1013492, "Plan Width": 21, "Actual Startup Time": 0.0, "Actual Total Time": 0.0, "Sort Key": ["t.id"], "Plans": [{"Node Type": "Seq Scan", "Parent Relationship": "Outer", "Relation Name": "title", "Alias": "t", "Startup Cost": 0.0, "Total Cost": 66389.89, "Plan Rows": 1013492, "Plan Width": 21, "Actual Startup Time": 0.0, "Actual Total Time": 0.0, "Filter": "(production_year > 2005), (LLVM Optimized, Jit Execute)", "Rows Removed by Filter": 0}]}]}]}, "Triggers": [], "Planner Runtime": 5.954, "Total Runtime": 1050.412, "Unique SQL Id": 2510907716}}, "(1, '31')": {"explain_plan": {"Plan": {"Node Type": "Aggregate", "Strategy": "Plain", "Startup Cost": 4997607846708.68, "Total Cost": 4997607846708.69, "Plan Rows": 1, "Plan Width": 49, "Plans": [{"Node Type": "Merge Join", "Parent Relationship": "Outer", "Join Type": "Inner", "Startup Cost": 50021490308.98, "Total Cost": 4997607846703.88, "Plan Rows": 1919, "Plan Width": 17, "Inner Unique": false, "Merge Cond": "(mi.movie_id = t.id)", "Plans": [{"Node Type": "Nested Loop", "Parent Relationship": "Outer", "Join Type": "Inner", "Startup Cost": 20000000000.0, "Total Cost": 2000118925954.54, "Plan Rows": 141478, "Plan Width": 4, "Inner Unique": true, "Join Filter": "(it.id = mi.info_type_id), (LLVM Optimized)", "Plans": [{"Node Type": "Index Scan", "Parent Relationship": "Outer", "Scan Direction": "Forward", "Index Name": "movie_id_movie_info", "Relation Name": "movie_info", "Alias": "mi", "Startup Cost": 10000000000.0, "Total Cost": 1000118686878.22, "Plan Rows": 141478, "Plan Width": 8, "Filter": "((info)::text = ANY ('{Sweden,Norway,Germany,Denmark,Swedish,Denish,Norwegian,German}'::text[]))"}, {"Node Type": "Materialize", "Parent Relationship": "Inner", "Startup Cost": 10000000000.0, "Total Cost": 1000000001393.56, "Plan Rows": 112, "Plan Width": 4, "Plans": [{"Node Type": "Index Scan", "Parent Relationship": "Outer", "Scan Direction": "Forward", "Index Name": "info_type_pkey", "Relation Name": "info_type", "Alias": "it", "Startup Cost": 10000000000.0, "Total Cost": 1000000001393.0, "Plan Rows": 112, "Plan Width": 4}]}]}, {"Node Type": "Materialize", "Parent Relationship": "Inner", "Startup Cost": 30021490308.98, "Total Cost": 2999077500382.5, "Plan Rows": 1869, "Plan Width": 25, "Plans": [{"Node Type": "Merge Join", "Parent Relationship": "Outer", "Join Type": "Inner", "Startup Cost": 30021490308.98, "Total Cost": 2999077500377.83, "Plan Rows": 1869, "Plan Width": 25, "Inner Unique": true, "Merge Cond": "(mc.movie_id = t.id)", "Plans": [{"Node Type": "Nested Loop", "Parent Relationship": "Outer", "Join Type": "Inner", "Startup Cost": 20000000000.0, "Total Cost": 2000014357786.6, "Plan Rows": 1540, "Plan Width": 4, "Inner Unique": true, "Join Filter": "(ct.id = mc.company_type_id)", "Plans": [{"Node Type": "Index Scan", "Parent Relationship": "Outer", "Scan Direction": "Forward", "Index Name": "movie_id_movie_companies", "Relation Name": "movie_companies", "Alias": "mc", "Startup Cost": 10000000000.0, "Total Cost": 1000014356510.13, "Plan Rows": 3081, "Plan Width": 8, "Filter": "(((note)::text ~~ '%(theatrical)%'::text) AND ((note)::text ~~ '%(France)%'::text))"}, {"Node Type": "Materialize", "Parent Relationship": "Inner", "Startup Cost": 10000000000.0, "Total Cost": 1000000001230.26, "Plan Rows": 1, "Plan Width": 4, "Plans": [{"Node Type": "Index Scan", "Parent Relationship": "Outer", "Scan Direction": "Forward", "Index Name": "company_type_pkey", "Relation Name": "company_type", "Alias": "ct", "Startup Cost": 10000000000.0, "Total Cost": 1000000001230.25, "Plan Rows": 1, "Plan Width": 4, "Filter": "((kind)::text = 'production companies'::text)"}]}]}, {"Node Type": "Index Scan", "Parent Relationship": "Inner", "Scan Direction": "Forward", "Index Name": "title_pkey", "Relation Name": "title", "Alias": "t", "Startup Cost": 10000000000.0, "Total Cost": 1000011644126.66, "Plan Rows": 1013492, "Plan Width": 21, "Filter": "(production_year > 2005), (LLVM Optimized)"}]}]}]}]}, "Unique SQL Id": 2510907716, "Planner Runtime": 9}, "explain_analyze_plan": {"Plan": {"Node Type": "Aggregate", "Strategy": "Plain", "Startup Cost": 4997607846708.68, "Total Cost": 4997607846708.69, "Plan Rows": 1, "Plan Width": 49, "Actual Startup Time": 2036.004, "Actual Total Time": 2036.005, "Actual Rows": 1, "Actual Loops": 1, "Plans": [{"Node Type": "Merge Join", "Parent Relationship": "Outer", "Join Type": "Inner", "Startup Cost": 50021490308.98, "Total Cost": 4997607846703.88, "Plan Rows": 1919, "Plan Width": 17, "Actual Startup Time": 2035.995, "Actual Total Time": 2035.995, "Actual Rows": 0, "Actual Loops": 1, "Inner Unique": false, "Merge Cond": "(mi.movie_id = t.id)", "Plans": [{"Node Type": "Nested Loop", "Parent Relationship": "Outer", "Join Type": "Inner", "Startup Cost": 20000000000.0, "Total Cost": 2000118925954.54, "Plan Rows": 141478, "Plan Width": 4, "Actual Startup Time": 2.237, "Actual Total Time": 2.237, "Actual Rows": 1, "Actual Loops": 1, "Inner Unique": true, "Join Filter": "(it.id = mi.info_type_id), (LLVM Optimized, Jit Execute)", "Rows Removed by Join Filter": 2, "Plans": [{"Node Type": "Index Scan", "Parent Relationship": "Outer", "Scan Direction": "Forward", "Index Name": "movie_id_movie_info", "Relation Name": "movie_info", "Alias": "mi", "Startup Cost": 10000000000.0, "Total Cost": 1000118686878.22, "Plan Rows": 141478, "Plan Width": 8, "Actual Startup Time": 2.211, "Actual Total Time": 2.211, "Actual Rows": 1, "Actual Loops": 1, "Filter": "((info)::text = ANY ('{Sweden,Norway,Germany,Denmark,Swedish,Denish,Norwegian,German}'::text[]))", "Rows Removed by Filter": 1998}, {"Node Type": "Materialize", "Parent Relationship": "Inner", "Startup Cost": 10000000000.0, "Total Cost": 1000000001393.56, "Plan Rows": 112, "Plan Width": 4, "Actual Startup Time": 0.014, "Actual Total Time": 0.017, "Actual Rows": 3, "Actual Loops": 1, "Plans": [{"Node Type": "Index Scan", "Parent Relationship": "Outer", "Scan Direction": "Forward", "Index Name": "info_type_pkey", "Relation Name": "info_type", "Alias": "it", "Startup Cost": 10000000000.0, "Total Cost": 1000000001393.0, "Plan Rows": 112, "Plan Width": 4, "Actual Startup Time": 0.009, "Actual Total Time": 0.01, "Actual Rows": 3, "Actual Loops": 1}]}]}, {"Node Type": "Materialize", "Parent Relationship": "Inner", "Startup Cost": 30021490308.98, "Total Cost": 2999077500382.5, "Plan Rows": 1869, "Plan Width": 25, "Actual Startup Time": 2033.748, "Actual Total Time": 2033.748, "Actual Rows": 0, "Actual Loops": 1, "Plans": [{"Node Type": "Merge Join", "Parent Relationship": "Outer", "Join Type": "Inner", "Startup Cost": 30021490308.98, "Total Cost": 2999077500377.83, "Plan Rows": 1869, "Plan Width": 25, "Actual Startup Time": 2033.746, "Actual Total Time": 2033.746, "Actual Rows": 0, "Actual Loops": 1, "Inner Unique": true, "Merge Cond": "(mc.movie_id = t.id)", "Plans": [{"Node Type": "Nested Loop", "Parent Relationship": "Outer", "Join Type": "Inner", "Startup Cost": 20000000000.0, "Total Cost": 2000014357786.6, "Plan Rows": 1540, "Plan Width": 4, "Actual Startup Time": 2033.732, "Actual Total Time": 2033.732, "Actual Rows": 0, "Actual Loops": 1, "Inner Unique": true, "Join Filter": "(ct.id = mc.company_type_id)", "Rows Removed by Join Filter": 24025, "Plans": [{"Node Type": "Index Scan", "Parent Relationship": "Outer", "Scan Direction": "Forward", "Index Name": "movie_id_movie_companies", "Relation Name": "movie_companies", "Alias": "mc", "Startup Cost": 10000000000.0, "Total Cost": 1000014356510.13, "Plan Rows": 3081, "Plan Width": 8, "Actual Startup Time": 27.142, "Actual Total Time": 2018.718, "Actual Rows": 24025, "Actual Loops": 1, "Filter": "(((note)::text ~~ '%(theatrical)%'::text) AND ((note)::text ~~ '%(France)%'::text))", "Rows Removed by Filter": 2585103}, {"Node Type": "Materialize", "Parent Relationship": "Inner", "Startup Cost": 10000000000.0, "Total Cost": 1000000001230.26, "Plan Rows": 1, "Plan Width": 4, "Actual Startup Time": 2.218, "Actual Total Time": 4.17, "Actual Rows": 24025, "Actual Loops": 24025, "Plans": [{"Node Type": "Index Scan", "Parent Relationship": "Outer", "Scan Direction": "Forward", "Index Name": "company_type_pkey", "Relation Name": "company_type", "Alias": "ct", "Startup Cost": 10000000000.0, "Total Cost": 1000000001230.25, "Plan Rows": 1, "Plan Width": 4, "Actual Startup Time": 0.02, "Actual Total Time": 0.025, "Actual Rows": 1, "Actual Loops": 1, "Filter": "((kind)::text = 'production companies'::text)", "Rows Removed by Filter": 2}]}]}, {"Node Type": "Index Scan", "Parent Relationship": "Inner", "Scan Direction": "Forward", "Index Name": "title_pkey", "Relation Name": "title", "Alias": "t", "Startup Cost": 10000000000.0, "Total Cost": 1000011644126.66, "Plan Rows": 1013492, "Plan Width": 21, "Actual Startup Time": 0.0, "Actual Total Time": 0.0, "Filter": "(production_year > 2005), (LLVM Optimized, Jit Execute)", "Rows Removed by Filter": 0}]}]}]}]}, "Triggers": [], "Planner Runtime": 9.615, "Total Runtime": 2044.79, "Unique SQL Id": 2510907716}}, "(1, '32')": {"explain_plan": {"Plan": {"Node Type": "Aggregate", "Strategy": "Plain", "Startup Cost": 69341.41, "Total Cost": 69341.42, "Plan Rows": 1, "Plan Width": 49, "Plans": [{"Node Type": "Nested Loop", "Parent Relationship": "Outer", "Join Type": "Inner", "Startup Cost": 0.0, "Total Cost": 69336.61, "Plan Rows": 1919, "Plan Width": 17, "Inner Unique": true, "Plans": [{"Node Type": "Nested Loop", "Parent Relationship": "Outer", "Join Type": "Inner", "Startup Cost": 0.0, "Total Cost": 68799.18, "Plan Rows": 1919, "Plan Width": 21, "Inner Unique": false, "Plans": [{"Node Type": "Nested Loop", "Parent Relationship": "Outer", "Join Type": "Inner", "Startup Cost": 0.0, "Total Cost": 66519.89, "Plan Rows": 1869, "Plan Width": 25, "Inner Unique": true, "Plans": [{"Node Type": "Nested Loop", "Parent Relationship": "Outer", "Join Type": "Inner", "Startup Cost": 0.0, "Total Cost": 54902.47, "Plan Rows": 1540, "Plan Width": 4, "Inner Unique": false, "Join Filter": "(ct.id = mc.company_type_id)", "Plans": [{"Node Type": "Seq Scan", "Parent Relationship": "Outer", "Relation Name": "company_type", "Alias": "ct", "Startup Cost": 0.0, "Total Cost": 1.04, "Plan Rows": 1, "Plan Width": 4, "Filter": "((kind)::text = 'production companies'::text)"}, {"Node Type": "Seq Scan", "Parent Relationship": "Inner", "Relation Name": "movie_companies", "Alias": "mc", "Startup Cost": 0.0, "Total Cost": 54862.92, "Plan Rows": 3081, "Plan Width": 8, "Filter": "(((note)::text ~~ '%(theatrical)%'::text) AND ((note)::text ~~ '%(France)%'::text))"}]}, {"Node Type": "Index Scan", "Parent Relationship": "Inner", "Scan Direction": "Forward", "Index Name": "title_pkey", "Relation Name": "title", "Alias": "t", "Startup Cost": 0.0, "Total Cost": 7.53, "Plan Rows": 1, "Plan Width": 21, "Index Cond": "(id = mc.movie_id)", "Filter": "(production_year > 2005)"}]}, {"Node Type": "Index Scan", "Parent Relationship": "Inner", "Scan Direction": "Forward", "Index Name": "movie_id_movie_info", "Relation Name": "movie_info", "Alias": "mi", "Startup Cost": 0.0, "Total Cost": 1.21, "Plan Rows": 1, "Plan Width": 8, "Index Cond": "(movie_id = t.id)", "Filter": "((info)::text = ANY ('{Sweden,Norway,Germany,Denmark,Swedish,Denish,Norwegian,German}'::text[]))"}]}, {"Node Type": "Index Only Scan", "Parent Relationship": "Inner", "Scan Direction": "Forward", "Index Name": "info_type_pkey", "Relation Name": "info_type", "Alias": "it", "Startup Cost": 0.0, "Total Cost": 0.27, "Plan Rows": 1, "Plan Width": 4, "Index Cond": "(id = mi.info_type_id)"}]}]}, "Unique SQL Id": 2510907716, "Planner Runtime": 3}, "explain_analyze_plan": {"Plan": {"Node Type": "Aggregate", "Strategy": "Plain", "Startup Cost": 69341.41, "Total Cost": 69341.42, "Plan Rows": 1, "Plan Width": 49, "Actual Startup Time": 1042.689, "Actual Total Time": 1042.69, "Actual Rows": 1, "Actual Loops": 1, "Plans": [{"Node Type": "Nested Loop", "Parent Relationship": "Outer", "Join Type": "Inner", "Startup Cost": 0.0, "Total Cost": 69336.61, "Plan Rows": 1919, "Plan Width": 17, "Actual Startup Time": 1042.681, "Actual Total Time": 1042.681, "Actual Rows": 0, "Actual Loops": 1, "Inner Unique": true, "Plans": [{"Node Type": "Nested Loop", "Parent Relationship": "Outer", "Join Type": "Inner", "Startup Cost": 0.0, "Total Cost": 68799.18, "Plan Rows": 1919, "Plan Width": 21, "Actual Startup Time": 1042.679, "Actual Total Time": 1042.679, "Actual Rows": 0, "Actual Loops": 1, "Inner Unique": false, "Plans": [{"Node Type": "Nested Loop", "Parent Relationship": "Outer", "Join Type": "Inner", "Startup Cost": 0.0, "Total Cost": 66519.89, "Plan Rows": 1869, "Plan Width": 25, "Actual Startup Time": 1042.677, "Actual Total Time": 1042.677, "Actual Rows": 0, "Actual Loops": 1, "Inner Unique": true, "Plans": [{"Node Type": "Nested Loop", "Parent Relationship": "Outer", "Join Type": "Inner", "Startup Cost": 0.0, "Total Cost": 54902.47, "Plan Rows": 1540, "Plan Width": 4, "Actual Startup Time": 1042.676, "Actual Total Time": 1042.676, "Actual Rows": 0, "Actual Loops": 1, "Inner Unique": false, "Join Filter": "(ct.id = mc.company_type_id)", "Rows Removed by Join Filter": 24025, "Plans": [{"Node Type": "Seq Scan", "Parent Relationship": "Outer", "Relation Name": "company_type", "Alias": "ct", "Startup Cost": 0.0, "Total Cost": 1.04, "Plan Rows": 1, "Plan Width": 4, "Actual Startup Time": 0.02, "Actual Total Time": 0.027, "Actual Rows": 1, "Actual Loops": 1, "Filter": "((kind)::text = 'production companies'::text)", "Rows Removed by Filter": 2}, {"Node Type": "Seq Scan", "Parent Relationship": "Inner", "Relation Name": "movie_companies", "Alias": "mc", "Startup Cost": 0.0, "Total Cost": 54862.92, "Plan Rows": 3081, "Plan Width": 8, "Actual Startup Time": 8.674, "Actual Total Time": 1037.406, "Actual Rows": 24025, "Actual Loops": 1, "Filter": "(((note)::text ~~ '%(theatrical)%'::text) AND ((note)::text ~~ '%(France)%'::text))", "Rows Removed by Filter": 2585103}]}, {"Node Type": "Index Scan", "Parent Relationship": "Inner", "Scan Direction": "Forward", "Index Name": "title_pkey", "Relation Name": "title", "Alias": "t", "Startup Cost": 0.0, "Total Cost": 7.53, "Plan Rows": 1, "Plan Width": 21, "Actual Startup Time": 0.0, "Actual Total Time": 0.0, "Index Cond": "(id = mc.movie_id)", "Rows Removed by Index Recheck": 0, "Filter": "(production_year > 2005)", "Rows Removed by Filter": 0}]}, {"Node Type": "Index Scan", "Parent Relationship": "Inner", "Scan Direction": "Forward", "Index Name": "movie_id_movie_info", "Relation Name": "movie_info", "Alias": "mi", "Startup Cost": 0.0, "Total Cost": 1.21, "Plan Rows": 1, "Plan Width": 8, "Actual Startup Time": 0.0, "Actual Total Time": 0.0, "Index Cond": "(movie_id = t.id)", "Rows Removed by Index Recheck": 0, "Filter": "((info)::text = ANY ('{Sweden,Norway,Germany,Denmark,Swedish,Denish,Norwegian,German}'::text[]))", "Rows Removed by Filter": 0}]}, {"Node Type": "Index Only Scan", "Parent Relationship": "Inner", "Scan Direction": "Forward", "Index Name": "info_type_pkey", "Relation Name": "info_type", "Alias": "it", "Startup Cost": 0.0, "Total Cost": 0.27, "Plan Rows": 1, "Plan Width": 4, "Actual Startup Time": 0.0, "Actual Total Time": 0.0, "Index Cond": "(id = mi.info_type_id)", "Rows Removed by Index Recheck": 0, "Heap Fetches": 0}]}]}, "Triggers": [], "Planner Runtime": 7.451, "Total Runtime": 1043.05, "Unique SQL Id": 2510907716}}, "(1, '33')": {"explain_plan": {"Plan": {"Node Type": "Aggregate", "Strategy": "Plain", "Startup Cost": 74106.99, "Total Cost": 74107.0, "Plan Rows": 1, "Plan Width": 49, "Plans": [{"Node Type": "Nested Loop", "Parent Relationship": "Outer", "Join Type": "Inner", "Startup Cost": 0.0, "Total Cost": 74102.19, "Plan Rows": 1919, "Plan Width": 17, "Inner Unique": true, "Plans": [{"Node Type": "Nested Loop", "Parent Relationship": "Outer", "Join Type": "Inner", "Startup Cost": 0.0, "Total Cost": 73564.77, "Plan Rows": 1919, "Plan Width": 21, "Inner Unique": false, "Plans": [{"Node Type": "Nested Loop", "Parent Relationship": "Outer", "Join Type": "Inner", "Startup Cost": 0.0, "Total Cost": 71285.47, "Plan Rows": 1869, "Plan Width": 25, "Inner Unique": true, "Plans": [{"Node Type": "Nested Loop", "Parent Relationship": "Outer", "Join Type": "Inner", "Startup Cost": 0.0, "Total Cost": 59668.05, "Plan Rows": 1540, "Plan Width": 4, "Inner Unique": false, "Plans": [{"Node Type": "Index Scan", "Parent Relationship": "Outer", "Scan Direction": "Forward", "Index Name": "company_type_pkey", "Relation Name": "company_type", "Alias": "ct", "Startup Cost": 0.0, "Total Cost": 12.3, "Plan Rows": 1, "Plan Width": 4, "Filter": "((kind)::text = 'production companies'::text)"}, {"Node Type": "Index Scan", "Parent Relationship": "Inner", "Scan Direction": "Forward", "Index Name": "company_type_id_movie_companies", "Relation Name": "movie_companies", "Alias": "mc", "Startup Cost": 0.0, "Total Cost": 59640.35, "Plan Rows": 1540, "Plan Width": 8, "Index Cond": "(company_type_id = ct.id)", "Filter": "(((note)::text ~~ '%(theatrical)%'::text) AND ((note)::text ~~ '%(France)%'::text))"}]}, {"Node Type": "Index Scan", "Parent Relationship": "Inner", "Scan Direction": "Forward", "Index Name": "title_pkey", "Relation Name": "title", "Alias": "t", "Startup Cost": 0.0, "Total Cost": 7.53, "Plan Rows": 1, "Plan Width": 21, "Index Cond": "(id = mc.movie_id)", "Filter": "(production_year > 2005)"}]}, {"Node Type": "Index Scan", "Parent Relationship": "Inner", "Scan Direction": "Forward", "Index Name": "movie_id_movie_info", "Relation Name": "movie_info", "Alias": "mi", "Startup Cost": 0.0, "Total Cost": 1.21, "Plan Rows": 1, "Plan Width": 8, "Index Cond": "(movie_id = t.id)", "Filter": "((info)::text = ANY ('{Sweden,Norway,Germany,Denmark,Swedish,Denish,Norwegian,German}'::text[]))"}]}, {"Node Type": "Index Only Scan", "Parent Relationship": "Inner", "Scan Direction": "Forward", "Index Name": "info_type_pkey", "Relation Name": "info_type", "Alias": "it", "Startup Cost": 0.0, "Total Cost": 0.27, "Plan Rows": 1, "Plan Width": 4, "Index Cond": "(id = mi.info_type_id)"}]}]}, "Unique SQL Id": 2510907716, "Planner Runtime": 3}, "explain_analyze_plan": {"Plan": {"Node Type": "Aggregate", "Strategy": "Plain", "Startup Cost": 74106.99, "Total Cost": 74107.0, "Plan Rows": 1, "Plan Width": 49, "Actual Startup Time": 633.715, "Actual Total Time": 633.716, "Actual Rows": 1, "Actual Loops": 1, "Plans": [{"Node Type": "Nested Loop", "Parent Relationship": "Outer", "Join Type": "Inner", "Startup Cost": 0.0, "Total Cost": 74102.19, "Plan Rows": 1919, "Plan Width": 17, "Actual Startup Time": 633.706, "Actual Total Time": 633.706, "Actual Rows": 0, "Actual Loops": 1, "Inner Unique": true, "Plans": [{"Node Type": "Nested Loop", "Parent Relationship": "Outer", "Join Type": "Inner", "Startup Cost": 0.0, "Total Cost": 73564.77, "Plan Rows": 1919, "Plan Width": 21, "Actual Startup Time": 633.704, "Actual Total Time": 633.704, "Actual Rows": 0, "Actual Loops": 1, "Inner Unique": false, "Plans": [{"Node Type": "Nested Loop", "Parent Relationship": "Outer", "Join Type": "Inner", "Startup Cost": 0.0, "Total Cost": 71285.47, "Plan Rows": 1869, "Plan Width": 25, "Actual Startup Time": 633.703, "Actual Total Time": 633.703, "Actual Rows": 0, "Actual Loops": 1, "Inner Unique": true, "Plans": [{"Node Type": "Nested Loop", "Parent Relationship": "Outer", "Join Type": "Inner", "Startup Cost": 0.0, "Total Cost": 59668.05, "Plan Rows": 1540, "Plan Width": 4, "Actual Startup Time": 633.702, "Actual Total Time": 633.702, "Actual Rows": 0, "Actual Loops": 1, "Inner Unique": false, "Plans": [{"Node Type": "Index Scan", "Parent Relationship": "Outer", "Scan Direction": "Forward", "Index Name": "company_type_pkey", "Relation Name": "company_type", "Alias": "ct", "Startup Cost": 0.0, "Total Cost": 12.3, "Plan Rows": 1, "Plan Width": 4, "Actual Startup Time": 0.021, "Actual Total Time": 0.027, "Actual Rows": 1, "Actual Loops": 1, "Filter": "((kind)::text = 'production companies'::text)", "Rows Removed by Filter": 2}, {"Node Type": "Index Scan", "Parent Relationship": "Inner", "Scan Direction": "Forward", "Index Name": "company_type_id_movie_companies", "Relation Name": "movie_companies", "Alias": "mc", "Startup Cost": 0.0, "Total Cost": 59640.35, "Plan Rows": 1540, "Plan Width": 8, "Actual Startup Time": 633.668, "Actual Total Time": 633.668, "Actual Rows": 0, "Actual Loops": 1, "Index Cond": "(company_type_id = ct.id)", "Rows Removed by Index Recheck": 0, "Filter": "(((note)::text ~~ '%(theatrical)%'::text) AND ((note)::text ~~ '%(France)%'::text))", "Rows Removed by Filter": 1334883}]}, {"Node Type": "Index Scan", "Parent Relationship": "Inner", "Scan Direction": "Forward", "Index Name": "title_pkey", "Relation Name": "title", "Alias": "t", "Startup Cost": 0.0, "Total Cost": 7.53, "Plan Rows": 1, "Plan Width": 21, "Actual Startup Time": 0.0, "Actual Total Time": 0.0, "Index Cond": "(id = mc.movie_id)", "Rows Removed by Index Recheck": 0, "Filter": "(production_year > 2005)", "Rows Removed by Filter": 0}]}, {"Node Type": "Index Scan", "Parent Relationship": "Inner", "Scan Direction": "Forward", "Index Name": "movie_id_movie_info", "Relation Name": "movie_info", "Alias": "mi", "Startup Cost": 0.0, "Total Cost": 1.21, "Plan Rows": 1, "Plan Width": 8, "Actual Startup Time": 0.0, "Actual Total Time": 0.0, "Index Cond": "(movie_id = t.id)", "Rows Removed by Index Recheck": 0, "Filter": "((info)::text = ANY ('{Sweden,Norway,Germany,Denmark,Swedish,Denish,Norwegian,German}'::text[]))", "Rows Removed by Filter": 0}]}, {"Node Type": "Index Only Scan", "Parent Relationship": "Inner", "Scan Direction": "Forward", "Index Name": "info_type_pkey", "Relation Name": "info_type", "Alias": "it", "Startup Cost": 0.0, "Total Cost": 0.27, "Plan Rows": 1, "Plan Width": 4, "Actual Startup Time": 0.0, "Actual Total Time": 0.0, "Index Cond": "(id = mi.info_type_id)", "Rows Removed by Index Recheck": 0, "Heap Fetches": 0}]}]}, "Triggers": [], "Planner Runtime": 6.763, "Total Runtime": 633.955, "Unique SQL Id": 2510907716}}, "(1, '34')": {"explain_plan": {"Plan": {"Node Type": "Aggregate", "Strategy": "Plain", "Startup Cost": 75475.76, "Total Cost": 75475.77, "Plan Rows": 1, "Plan Width": 49, "Plans": [{"Node Type": "Hash Join", "Parent Relationship": "Outer", "Join Type": "Inner", "Startup Cost": 7.72, "Total Cost": 75470.96, "Plan Rows": 1919, "Plan Width": 17, "Inner Unique": true, "Hash Cond": "(mi.info_type_id = it.id)", "Plans": [{"Node Type": "Nested Loop", "Parent Relationship": "Outer", "Join Type": "Inner", "Startup Cost": 4.2, "Total Cost": 75442.11, "Plan Rows": 1919, "Plan Width": 21, "Inner Unique": false, "Plans": [{"Node Type": "Nested Loop", "Parent Relationship": "Outer", "Join Type": "Inner", "Startup Cost": 3.69, "Total Cost": 66780.19, "Plan Rows": 1869, "Plan Width": 25, "Inner Unique": true, "Plans": [{"Node Type": "Nested Loop", "Parent Relationship": "Outer", "Join Type": "Inner", "Startup Cost": 0.0, "Total Cost": 54902.47, "Plan Rows": 1540, "Plan Width": 4, "Inner Unique": false, "Join Filter": "(ct.id = mc.company_type_id)", "Plans": [{"Node Type": "Seq Scan", "Parent Relationship": "Outer", "Relation Name": "company_type", "Alias": "ct", "Startup Cost": 0.0, "Total Cost": 1.04, "Plan Rows": 1, "Plan Width": 4, "Filter": "((kind)::text = 'production companies'::text)"}, {"Node Type": "Seq Scan", "Parent Relationship": "Inner", "Relation Name": "movie_companies", "Alias": "mc", "Startup Cost": 0.0, "Total Cost": 54862.92, "Plan Rows": 3081, "Plan Width": 8, "Filter": "(((note)::text ~~ '%(theatrical)%'::text) AND ((note)::text ~~ '%(France)%'::text))"}]}, {"Node Type": "Bitmap Heap Scan", "Parent Relationship": "Inner", "Relation Name": "title", "Alias": "t", "Startup Cost": 3.69, "Total Cost": 7.7, "Plan Rows": 1, "Plan Width": 21, "Recheck Cond": "(id = mc.movie_id)", "Filter": "(production_year > 2005)", "Plans": [{"Node Type": "Bitmap Index Scan", "Parent Relationship": "Outer", "Index Name": "title_pkey", "Startup Cost": 0.0, "Total Cost": 3.69, "Plan Rows": 1, "Plan Width": 0, "Index Cond": "(id = mc.movie_id)"}]}]}, {"Node Type": "Bitmap Heap Scan", "Parent Relationship": "Inner", "Relation Name": "movie_info", "Alias": "mi", "Startup Cost": 0.51, "Total Cost": 4.62, "Plan Rows": 1, "Plan Width": 8, "Recheck Cond": "(movie_id = t.id)", "Filter": "((info)::text = ANY ('{Sweden,Norway,Germany,Denmark,Swedish,Denish,Norwegian,German}'::text[]))", "Plans": [{"Node Type": "Bitmap Index Scan", "Parent Relationship": "Outer", "Index Name": "movie_id_movie_info", "Startup Cost": 0.0, "Total Cost": 0.51, "Plan Rows": 5, "Plan Width": 0, "Index Cond": "(movie_id = t.id)"}]}]}, {"Node Type": "Hash", "Parent Relationship": "Inner", "Startup Cost": 2.12, "Total Cost": 2.12, "Plan Rows": 112, "Plan Width": 4, "Plans": [{"Node Type": "Seq Scan", "Parent Relationship": "Outer", "Relation Name": "info_type", "Alias": "it", "Startup Cost": 0.0, "Total Cost": 2.12, "Plan Rows": 112, "Plan Width": 4}]}]}]}, "Unique SQL Id": 2510907716, "Planner Runtime": 4}, "explain_analyze_plan": {"Plan": {"Node Type": "Aggregate", "Strategy": "Plain", "Startup Cost": 75475.76, "Total Cost": 75475.77, "Plan Rows": 1, "Plan Width": 49, "Actual Startup Time": 1057.144, "Actual Total Time": 1057.144, "Actual Rows": 1, "Actual Loops": 1, "Plans": [{"Node Type": "Hash Join", "Parent Relationship": "Outer", "Join Type": "Inner", "Startup Cost": 7.72, "Total Cost": 75470.96, "Plan Rows": 1919, "Plan Width": 17, "Actual Startup Time": 1057.137, "Actual Total Time": 1057.137, "Actual Rows": 0, "Actual Loops": 1, "Inner Unique": true, "Hash Cond": "(mi.info_type_id = it.id)", "Plans": [{"Node Type": "Nested Loop", "Parent Relationship": "Outer", "Join Type": "Inner", "Startup Cost": 4.2, "Total Cost": 75442.11, "Plan Rows": 1919, "Plan Width": 21, "Actual Startup Time": 1056.996, "Actual Total Time": 1056.996, "Actual Rows": 0, "Actual Loops": 1, "Inner Unique": false, "Plans": [{"Node Type": "Nested Loop", "Parent Relationship": "Outer", "Join Type": "Inner", "Startup Cost": 3.69, "Total Cost": 66780.19, "Plan Rows": 1869, "Plan Width": 25, "Actual Startup Time": 1056.993, "Actual Total Time": 1056.993, "Actual Rows": 0, "Actual Loops": 1, "Inner Unique": true, "Plans": [{"Node Type": "Nested Loop", "Parent Relationship": "Outer", "Join Type": "Inner", "Startup Cost": 0.0, "Total Cost": 54902.47, "Plan Rows": 1540, "Plan Width": 4, "Actual Startup Time": 1056.991, "Actual Total Time": 1056.991, "Actual Rows": 0, "Actual Loops": 1, "Inner Unique": false, "Join Filter": "(ct.id = mc.company_type_id)", "Rows Removed by Join Filter": 24025, "Plans": [{"Node Type": "Seq Scan", "Parent Relationship": "Outer", "Relation Name": "company_type", "Alias": "ct", "Startup Cost": 0.0, "Total Cost": 1.04, "Plan Rows": 1, "Plan Width": 4, "Actual Startup Time": 0.013, "Actual Total Time": 0.021, "Actual Rows": 1, "Actual Loops": 1, "Filter": "((kind)::text = 'production companies'::text)", "Rows Removed by Filter": 2}, {"Node Type": "Seq Scan", "Parent Relationship": "Inner", "Relation Name": "movie_companies", "Alias": "mc", "Startup Cost": 0.0, "Total Cost": 54862.92, "Plan Rows": 3081, "Plan Width": 8, "Actual Startup Time": 8.701, "Actual Total Time": 1051.748, "Actual Rows": 24025, "Actual Loops": 1, "Filter": "(((note)::text ~~ '%(theatrical)%'::text) AND ((note)::text ~~ '%(France)%'::text))", "Rows Removed by Filter": 2585103}]}, {"Node Type": "Bitmap Heap Scan", "Parent Relationship": "Inner", "Relation Name": "title", "Alias": "t", "Startup Cost": 3.69, "Total Cost": 7.7, "Plan Rows": 1, "Plan Width": 21, "Actual Startup Time": 0.0, "Actual Total Time": 0.0, "Recheck Cond": "(id = mc.movie_id)", "Rows Removed by Index Recheck": 0, "Filter": "(production_year > 2005)", "Rows Removed by Filter": 0, "Exact Heap Blocks": 0, "Lossy Heap Blocks": 0, "Plans": [{"Node Type": "Bitmap Index Scan", "Parent Relationship": "Outer", "Index Name": "title_pkey", "Startup Cost": 0.0, "Total Cost": 3.69, "Plan Rows": 1, "Plan Width": 0, "Actual Startup Time": 0.0, "Actual Total Time": 0.0, "Index Cond": "(id = mc.movie_id)"}]}]}, {"Node Type": "Bitmap Heap Scan", "Parent Relationship": "Inner", "Relation Name": "movie_info", "Alias": "mi", "Startup Cost": 0.51, "Total Cost": 4.62, "Plan Rows": 1, "Plan Width": 8, "Actual Startup Time": 0.0, "Actual Total Time": 0.0, "Recheck Cond": "(movie_id = t.id)", "Rows Removed by Index Recheck": 0, "Filter": "((info)::text = ANY ('{Sweden,Norway,Germany,Denmark,Swedish,Denish,Norwegian,German}'::text[]))", "Rows Removed by Filter": 0, "Exact Heap Blocks": 0, "Lossy Heap Blocks": 0, "Plans": [{"Node Type": "Bitmap Index Scan", "Parent Relationship": "Outer", "Index Name": "movie_id_movie_info", "Startup Cost": 0.0, "Total Cost": 0.51, "Plan Rows": 5, "Plan Width": 0, "Actual Startup Time": 0.0, "Actual Total Time": 0.0, "Index Cond": "(movie_id = t.id)"}]}]}, {"Node Type": "Hash", "Parent Relationship": "Inner", "Startup Cost": 2.12, "Total Cost": 2.12, "Plan Rows": 112, "Plan Width": 4, "Actual Startup Time": 0.101, "Actual Total Time": 0.101, "Actual Rows": 112, "Actual Loops": 1, "Hash Buckets": 32768, "Hash Batches": 1, "Original Hash Batches": 1, "Peak Memory Usage": 4, "Plans": [{"Node Type": "Seq Scan", "Parent Relationship": "Outer", "Relation Name": "info_type", "Alias": "it", "Startup Cost": 0.0, "Total Cost": 2.12, "Plan Rows": 112, "Plan Width": 4, "Actual Startup Time": 0.034, "Actual Total Time": 0.056, "Actual Rows": 112, "Actual Loops": 1}]}]}]}, "Triggers": [], "Planner Runtime": 7.513, "Total Runtime": 1057.425, "Unique SQL Id": 2510907716}}, "(1, '35')": {"explain_plan": {"Plan": {"Node Type": "Aggregate", "Strategy": "Plain", "Startup Cost": 1000010696765.6, "Total Cost": 1000010696765.61, "Plan Rows": 1, "Plan Width": 49, "Plans": [{"Node Type": "Nested Loop", "Parent Relationship": "Outer", "Join Type": "Inner", "Startup Cost": 10000000004.72, "Total Cost": 1000010696760.8, "Plan Rows": 1919, "Plan Width": 17, "Inner Unique": true, "Plans": [{"Node Type": "Nested Loop", "Parent Relationship": "Outer", "Join Type": "Inner", "Startup Cost": 10000000004.46, "Total Cost": 1000010680309.36, "Plan Rows": 3839, "Plan Width": 21, "Inner Unique": true, "Plans": [{"Node Type": "Nested Loop", "Parent Relationship": "Outer", "Join Type": "Inner", "Startup Cost": 10000000004.2, "Total Cost": 1000010663877.26, "Plan Rows": 3839, "Plan Width": 25, "Inner Unique": false, "Plans": [{"Node Type": "Nested Loop", "Parent Relationship": "Outer", "Join Type": "Inner", "Startup Cost": 10000000003.69, "Total Cost": 1000010646544.15, "Plan Rows": 3740, "Plan Width": 29, "Inner Unique": true, "Plans": [{"Node Type": "Index Scan", "Parent Relationship": "Outer", "Scan Direction": "Forward", "Index Name": "company_type_id_movie_companies", "Relation Name": "movie_companies", "Alias": "mc", "Startup Cost": 10000000000.0, "Total Cost": 1000010622781.0, "Plan Rows": 3081, "Plan Width": 8, "Filter": "(((note)::text ~~ '%(theatrical)%'::text) AND ((note)::text ~~ '%(France)%'::text))"}, {"Node Type": "Bitmap Heap Scan", "Parent Relationship": "Inner", "Relation Name": "title", "Alias": "t", "Startup Cost": 3.69, "Total Cost": 7.7, "Plan Rows": 1, "Plan Width": 21, "Recheck Cond": "(id = mc.movie_id)", "Filter": "(production_year > 2005)", "Plans": [{"Node Type": "Bitmap Index Scan", "Parent Relationship": "Outer", "Index Name": "title_pkey", "Startup Cost": 0.0, "Total Cost": 3.69, "Plan Rows": 1, "Plan Width": 0, "Index Cond": "(id = mc.movie_id)"}]}]}, {"Node Type": "Bitmap Heap Scan", "Parent Relationship": "Inner", "Relation Name": "movie_info", "Alias": "mi", "Startup Cost": 0.51, "Total Cost": 4.62, "Plan Rows": 1, "Plan Width": 8, "Recheck Cond": "(movie_id = t.id)", "Filter": "((info)::text = ANY ('{Sweden,Norway,Germany,Denmark,Swedish,Denish,Norwegian,German}'::text[]))", "Plans": [{"Node Type": "Bitmap Index Scan", "Parent Relationship": "Outer", "Index Name": "movie_id_movie_info", "Startup Cost": 0.0, "Total Cost": 0.51, "Plan Rows": 5, "Plan Width": 0, "Index Cond": "(movie_id = t.id)"}]}]}, {"Node Type": "Bitmap Heap Scan", "Parent Relationship": "Inner", "Relation Name": "info_type", "Alias": "it", "Startup Cost": 0.26, "Total Cost": 4.27, "Plan Rows": 1, "Plan Width": 4, "Recheck Cond": "(id = mi.info_type_id)", "Plans": [{"Node Type": "Bitmap Index Scan", "Parent Relationship": "Outer", "Index Name": "info_type_pkey", "Startup Cost": 0.0, "Total Cost": 0.26, "Plan Rows": 1, "Plan Width": 0, "Index Cond": "(id = mi.info_type_id)"}]}]}, {"Node Type": "Bitmap Heap Scan", "Parent Relationship": "Inner", "Relation Name": "company_type", "Alias": "ct", "Startup Cost": 0.26, "Total Cost": 4.28, "Plan Rows": 1, "Plan Width": 4, "Recheck Cond": "(id = mc.company_type_id)", "Filter": "((kind)::text = 'production companies'::text)", "Plans": [{"Node Type": "Bitmap Index Scan", "Parent Relationship": "Outer", "Index Name": "company_type_pkey", "Startup Cost": 0.0, "Total Cost": 0.26, "Plan Rows": 1, "Plan Width": 0, "Index Cond": "(id = mc.company_type_id)"}]}]}]}, "Unique SQL Id": 2510907716, "Planner Runtime": 2}, "explain_analyze_plan": null}, "(1, '36')": {"explain_plan": {"Plan": {"Node Type": "Aggregate", "Strategy": "Plain", "Startup Cost": 69341.46, "Total Cost": 69341.47, "Plan Rows": 1, "Plan Width": 49, "Plans": [{"Node Type": "Nested Loop", "Parent Relationship": "Outer", "Join Type": "Inner", "Startup Cost": 0.0, "Total Cost": 69336.67, "Plan Rows": 1919, "Plan Width": 17, "Inner Unique": true, "Plans": [{"Node Type": "Nested Loop", "Parent Relationship": "Outer", "Join Type": "Inner", "Startup Cost": 0.0, "Total Cost": 68799.18, "Plan Rows": 1919, "Plan Width": 21, "Inner Unique": false, "Plans": [{"Node Type": "Nested Loop", "Parent Relationship": "Outer", "Join Type": "Inner", "Startup Cost": 0.0, "Total Cost": 66519.89, "Plan Rows": 1869, "Plan Width": 25, "Inner Unique": true, "Plans": [{"Node Type": "Nested Loop", "Parent Relationship": "Outer", "Join Type": "Inner", "Startup Cost": 0.0, "Total Cost": 54902.47, "Plan Rows": 1540, "Plan Width": 4, "Inner Unique": false, "Join Filter": "(ct.id = mc.company_type_id)", "Plans": [{"Node Type": "Seq Scan", "Parent Relationship": "Outer", "Relation Name": "company_type", "Alias": "ct", "Startup Cost": 0.0, "Total Cost": 1.04, "Plan Rows": 1, "Plan Width": 4, "Filter": "((kind)::text = 'production companies'::text)"}, {"Node Type": "Seq Scan", "Parent Relationship": "Inner", "Relation Name": "movie_companies", "Alias": "mc", "Startup Cost": 0.0, "Total Cost": 54862.92, "Plan Rows": 3081, "Plan Width": 8, "Filter": "(((note)::text ~~ '%(theatrical)%'::text) AND ((note)::text ~~ '%(France)%'::text))"}]}, {"Node Type": "Index Scan", "Parent Relationship": "Inner", "Scan Direction": "Forward", "Index Name": "title_pkey", "Relation Name": "title", "Alias": "t", "Startup Cost": 0.0, "Total Cost": 7.53, "Plan Rows": 1, "Plan Width": 21, "Index Cond": "(id = mc.movie_id)", "Filter": "(production_year > 2005)"}]}, {"Node Type": "Index Scan", "Parent Relationship": "Inner", "Scan Direction": "Forward", "Index Name": "movie_id_movie_info", "Relation Name": "movie_info", "Alias": "mi", "Startup Cost": 0.0, "Total Cost": 1.21, "Plan Rows": 1, "Plan Width": 8, "Index Cond": "(movie_id = t.id)", "Filter": "((info)::text = ANY ('{Sweden,Norway,Germany,Denmark,Swedish,Denish,Norwegian,German}'::text[]))"}]}, {"Node Type": "Index Scan", "Parent Relationship": "Inner", "Scan Direction": "Forward", "Index Name": "info_type_pkey", "Relation Name": "info_type", "Alias": "it", "Startup Cost": 0.0, "Total Cost": 0.27, "Plan Rows": 1, "Plan Width": 4, "Index Cond": "(id = mi.info_type_id)"}]}]}, "Unique SQL Id": 2510907716, "Planner Runtime": 3}, "explain_analyze_plan": {"Plan": {"Node Type": "Aggregate", "Strategy": "Plain", "Startup Cost": 69341.46, "Total Cost": 69341.47, "Plan Rows": 1, "Plan Width": 49, "Actual Startup Time": 1050.618, "Actual Total Time": 1050.618, "Actual Rows": 1, "Actual Loops": 1, "Plans": [{"Node Type": "Nested Loop", "Parent Relationship": "Outer", "Join Type": "Inner", "Startup Cost": 0.0, "Total Cost": 69336.67, "Plan Rows": 1919, "Plan Width": 17, "Actual Startup Time": 1050.61, "Actual Total Time": 1050.61, "Actual Rows": 0, "Actual Loops": 1, "Inner Unique": true, "Plans": [{"Node Type": "Nested Loop", "Parent Relationship": "Outer", "Join Type": "Inner", "Startup Cost": 0.0, "Total Cost": 68799.18, "Plan Rows": 1919, "Plan Width": 21, "Actual Startup Time": 1050.608, "Actual Total Time": 1050.608, "Actual Rows": 0, "Actual Loops": 1, "Inner Unique": false, "Plans": [{"Node Type": "Nested Loop", "Parent Relationship": "Outer", "Join Type": "Inner", "Startup Cost": 0.0, "Total Cost": 66519.89, "Plan Rows": 1869, "Plan Width": 25, "Actual Startup Time": 1050.607, "Actual Total Time": 1050.607, "Actual Rows": 0, "Actual Loops": 1, "Inner Unique": true, "Plans": [{"Node Type": "Nested Loop", "Parent Relationship": "Outer", "Join Type": "Inner", "Startup Cost": 0.0, "Total Cost": 54902.47, "Plan Rows": 1540, "Plan Width": 4, "Actual Startup Time": 1050.606, "Actual Total Time": 1050.606, "Actual Rows": 0, "Actual Loops": 1, "Inner Unique": false, "Join Filter": "(ct.id = mc.company_type_id)", "Rows Removed by Join Filter": 24025, "Plans": [{"Node Type": "Seq Scan", "Parent Relationship": "Outer", "Relation Name": "company_type", "Alias": "ct", "Startup Cost": 0.0, "Total Cost": 1.04, "Plan Rows": 1, "Plan Width": 4, "Actual Startup Time": 0.023, "Actual Total Time": 0.032, "Actual Rows": 1, "Actual Loops": 1, "Filter": "((kind)::text = 'production companies'::text)", "Rows Removed by Filter": 2}, {"Node Type": "Seq Scan", "Parent Relationship": "Inner", "Relation Name": "movie_companies", "Alias": "mc", "Startup Cost": 0.0, "Total Cost": 54862.92, "Plan Rows": 3081, "Plan Width": 8, "Actual Startup Time": 8.677, "Actual Total Time": 1045.148, "Actual Rows": 24025, "Actual Loops": 1, "Filter": "(((note)::text ~~ '%(theatrical)%'::text) AND ((note)::text ~~ '%(France)%'::text))", "Rows Removed by Filter": 2585103}]}, {"Node Type": "Index Scan", "Parent Relationship": "Inner", "Scan Direction": "Forward", "Index Name": "title_pkey", "Relation Name": "title", "Alias": "t", "Startup Cost": 0.0, "Total Cost": 7.53, "Plan Rows": 1, "Plan Width": 21, "Actual Startup Time": 0.0, "Actual Total Time": 0.0, "Index Cond": "(id = mc.movie_id)", "Rows Removed by Index Recheck": 0, "Filter": "(production_year > 2005)", "Rows Removed by Filter": 0}]}, {"Node Type": "Index Scan", "Parent Relationship": "Inner", "Scan Direction": "Forward", "Index Name": "movie_id_movie_info", "Relation Name": "movie_info", "Alias": "mi", "Startup Cost": 0.0, "Total Cost": 1.21, "Plan Rows": 1, "Plan Width": 8, "Actual Startup Time": 0.0, "Actual Total Time": 0.0, "Index Cond": "(movie_id = t.id)", "Rows Removed by Index Recheck": 0, "Filter": "((info)::text = ANY ('{Sweden,Norway,Germany,Denmark,Swedish,Denish,Norwegian,German}'::text[]))", "Rows Removed by Filter": 0}]}, {"Node Type": "Index Scan", "Parent Relationship": "Inner", "Scan Direction": "Forward", "Index Name": "info_type_pkey", "Relation Name": "info_type", "Alias": "it", "Startup Cost": 0.0, "Total Cost": 0.27, "Plan Rows": 1, "Plan Width": 4, "Actual Startup Time": 0.0, "Actual Total Time": 0.0, "Index Cond": "(id = mi.info_type_id)", "Rows Removed by Index Recheck": 0}]}]}, "Triggers": [], "Planner Runtime": 7.429, "Total Runtime": 1050.883, "Unique SQL Id": 2510907716}}, "(1, '37')": {"explain_plan": {"Plan": {"Node Type": "Aggregate", "Strategy": "Plain", "Startup Cost": 74107.05, "Total Cost": 74107.06, "Plan Rows": 1, "Plan Width": 49, "Plans": [{"Node Type": "Nested Loop", "Parent Relationship": "Outer", "Join Type": "Inner", "Startup Cost": 0.0, "Total Cost": 74102.25, "Plan Rows": 1919, "Plan Width": 17, "Inner Unique": true, "Plans": [{"Node Type": "Nested Loop", "Parent Relationship": "Outer", "Join Type": "Inner", "Startup Cost": 0.0, "Total Cost": 73564.77, "Plan Rows": 1919, "Plan Width": 21, "Inner Unique": false, "Plans": [{"Node Type": "Nested Loop", "Parent Relationship": "Outer", "Join Type": "Inner", "Startup Cost": 0.0, "Total Cost": 71285.47, "Plan Rows": 1869, "Plan Width": 25, "Inner Unique": true, "Plans": [{"Node Type": "Nested Loop", "Parent Relationship": "Outer", "Join Type": "Inner", "Startup Cost": 0.0, "Total Cost": 59668.05, "Plan Rows": 1540, "Plan Width": 4, "Inner Unique": false, "Plans": [{"Node Type": "Index Scan", "Parent Relationship": "Outer", "Scan Direction": "Forward", "Index Name": "company_type_pkey", "Relation Name": "company_type", "Alias": "ct", "Startup Cost": 0.0, "Total Cost": 12.3, "Plan Rows": 1, "Plan Width": 4, "Filter": "((kind)::text = 'production companies'::text)"}, {"Node Type": "Index Scan", "Parent Relationship": "Inner", "Scan Direction": "Forward", "Index Name": "company_type_id_movie_companies", "Relation Name": "movie_companies", "Alias": "mc", "Startup Cost": 0.0, "Total Cost": 59640.35, "Plan Rows": 1540, "Plan Width": 8, "Index Cond": "(company_type_id = ct.id)", "Filter": "(((note)::text ~~ '%(theatrical)%'::text) AND ((note)::text ~~ '%(France)%'::text))"}]}, {"Node Type": "Index Scan", "Parent Relationship": "Inner", "Scan Direction": "Forward", "Index Name": "title_pkey", "Relation Name": "title", "Alias": "t", "Startup Cost": 0.0, "Total Cost": 7.53, "Plan Rows": 1, "Plan Width": 21, "Index Cond": "(id = mc.movie_id)", "Filter": "(production_year > 2005)"}]}, {"Node Type": "Index Scan", "Parent Relationship": "Inner", "Scan Direction": "Forward", "Index Name": "movie_id_movie_info", "Relation Name": "movie_info", "Alias": "mi", "Startup Cost": 0.0, "Total Cost": 1.21, "Plan Rows": 1, "Plan Width": 8, "Index Cond": "(movie_id = t.id)", "Filter": "((info)::text = ANY ('{Sweden,Norway,Germany,Denmark,Swedish,Denish,Norwegian,German}'::text[]))"}]}, {"Node Type": "Index Scan", "Parent Relationship": "Inner", "Scan Direction": "Forward", "Index Name": "info_type_pkey", "Relation Name": "info_type", "Alias": "it", "Startup Cost": 0.0, "Total Cost": 0.27, "Plan Rows": 1, "Plan Width": 4, "Index Cond": "(id = mi.info_type_id)"}]}]}, "Unique SQL Id": 2510907716, "Planner Runtime": 3}, "explain_analyze_plan": {"Plan": {"Node Type": "Aggregate", "Strategy": "Plain", "Startup Cost": 74107.05, "Total Cost": 74107.06, "Plan Rows": 1, "Plan Width": 49, "Actual Startup Time": 752.93, "Actual Total Time": 752.931, "Actual Rows": 1, "Actual Loops": 1, "Plans": [{"Node Type": "Nested Loop", "Parent Relationship": "Outer", "Join Type": "Inner", "Startup Cost": 0.0, "Total Cost": 74102.25, "Plan Rows": 1919, "Plan Width": 17, "Actual Startup Time": 752.924, "Actual Total Time": 752.924, "Actual Rows": 0, "Actual Loops": 1, "Inner Unique": true, "Plans": [{"Node Type": "Nested Loop", "Parent Relationship": "Outer", "Join Type": "Inner", "Startup Cost": 0.0, "Total Cost": 73564.77, "Plan Rows": 1919, "Plan Width": 21, "Actual Startup Time": 752.922, "Actual Total Time": 752.922, "Actual Rows": 0, "Actual Loops": 1, "Inner Unique": false, "Plans": [{"Node Type": "Nested Loop", "Parent Relationship": "Outer", "Join Type": "Inner", "Startup Cost": 0.0, "Total Cost": 71285.47, "Plan Rows": 1869, "Plan Width": 25, "Actual Startup Time": 752.921, "Actual Total Time": 752.921, "Actual Rows": 0, "Actual Loops": 1, "Inner Unique": true, "Plans": [{"Node Type": "Nested Loop", "Parent Relationship": "Outer", "Join Type": "Inner", "Startup Cost": 0.0, "Total Cost": 59668.05, "Plan Rows": 1540, "Plan Width": 4, "Actual Startup Time": 752.919, "Actual Total Time": 752.919, "Actual Rows": 0, "Actual Loops": 1, "Inner Unique": false, "Plans": [{"Node Type": "Index Scan", "Parent Relationship": "Outer", "Scan Direction": "Forward", "Index Name": "company_type_pkey", "Relation Name": "company_type", "Alias": "ct", "Startup Cost": 0.0, "Total Cost": 12.3, "Plan Rows": 1, "Plan Width": 4, "Actual Startup Time": 0.015, "Actual Total Time": 0.026, "Actual Rows": 1, "Actual Loops": 1, "Filter": "((kind)::text = 'production companies'::text)", "Rows Removed by Filter": 2}, {"Node Type": "Index Scan", "Parent Relationship": "Inner", "Scan Direction": "Forward", "Index Name": "company_type_id_movie_companies", "Relation Name": "movie_companies", "Alias": "mc", "Startup Cost": 0.0, "Total Cost": 59640.35, "Plan Rows": 1540, "Plan Width": 8, "Actual Startup Time": 752.888, "Actual Total Time": 752.888, "Actual Rows": 0, "Actual Loops": 1, "Index Cond": "(company_type_id = ct.id)", "Rows Removed by Index Recheck": 0, "Filter": "(((note)::text ~~ '%(theatrical)%'::text) AND ((note)::text ~~ '%(France)%'::text))", "Rows Removed by Filter": 1334883}]}, {"Node Type": "Index Scan", "Parent Relationship": "Inner", "Scan Direction": "Forward", "Index Name": "title_pkey", "Relation Name": "title", "Alias": "t", "Startup Cost": 0.0, "Total Cost": 7.53, "Plan Rows": 1, "Plan Width": 21, "Actual Startup Time": 0.0, "Actual Total Time": 0.0, "Index Cond": "(id = mc.movie_id)", "Rows Removed by Index Recheck": 0, "Filter": "(production_year > 2005)", "Rows Removed by Filter": 0}]}, {"Node Type": "Index Scan", "Parent Relationship": "Inner", "Scan Direction": "Forward", "Index Name": "movie_id_movie_info", "Relation Name": "movie_info", "Alias": "mi", "Startup Cost": 0.0, "Total Cost": 1.21, "Plan Rows": 1, "Plan Width": 8, "Actual Startup Time": 0.0, "Actual Total Time": 0.0, "Index Cond": "(movie_id = t.id)", "Rows Removed by Index Recheck": 0, "Filter": "((info)::text = ANY ('{Sweden,Norway,Germany,Denmark,Swedish,Denish,Norwegian,German}'::text[]))", "Rows Removed by Filter": 0}]}, {"Node Type": "Index Scan", "Parent Relationship": "Inner", "Scan Direction": "Forward", "Index Name": "info_type_pkey", "Relation Name": "info_type", "Alias": "it", "Startup Cost": 0.0, "Total Cost": 0.27, "Plan Rows": 1, "Plan Width": 4, "Actual Startup Time": 0.0, "Actual Total Time": 0.0, "Index Cond": "(id = mi.info_type_id)", "Rows Removed by Index Recheck": 0}]}]}, "Triggers": [], "Planner Runtime": 6.967, "Total Runtime": 753.211, "Unique SQL Id": 2510907716}}, "(1, '38')": {"explain_plan": {"Plan": {"Node Type": "Aggregate", "Strategy": "Plain", "Startup Cost": 75475.76, "Total Cost": 75475.77, "Plan Rows": 1, "Plan Width": 49, "Plans": [{"Node Type": "Hash Join", "Parent Relationship": "Outer", "Join Type": "Inner", "Startup Cost": 7.72, "Total Cost": 75470.96, "Plan Rows": 1919, "Plan Width": 17, "Inner Unique": true, "Hash Cond": "(mi.info_type_id = it.id)", "Plans": [{"Node Type": "Nested Loop", "Parent Relationship": "Outer", "Join Type": "Inner", "Startup Cost": 4.2, "Total Cost": 75442.11, "Plan Rows": 1919, "Plan Width": 21, "Inner Unique": false, "Plans": [{"Node Type": "Nested Loop", "Parent Relationship": "Outer", "Join Type": "Inner", "Startup Cost": 3.69, "Total Cost": 66780.19, "Plan Rows": 1869, "Plan Width": 25, "Inner Unique": true, "Plans": [{"Node Type": "Nested Loop", "Parent Relationship": "Outer", "Join Type": "Inner", "Startup Cost": 0.0, "Total Cost": 54902.47, "Plan Rows": 1540, "Plan Width": 4, "Inner Unique": false, "Join Filter": "(ct.id = mc.company_type_id)", "Plans": [{"Node Type": "Seq Scan", "Parent Relationship": "Outer", "Relation Name": "company_type", "Alias": "ct", "Startup Cost": 0.0, "Total Cost": 1.04, "Plan Rows": 1, "Plan Width": 4, "Filter": "((kind)::text = 'production companies'::text)"}, {"Node Type": "Seq Scan", "Parent Relationship": "Inner", "Relation Name": "movie_companies", "Alias": "mc", "Startup Cost": 0.0, "Total Cost": 54862.92, "Plan Rows": 3081, "Plan Width": 8, "Filter": "(((note)::text ~~ '%(theatrical)%'::text) AND ((note)::text ~~ '%(France)%'::text))"}]}, {"Node Type": "Bitmap Heap Scan", "Parent Relationship": "Inner", "Relation Name": "title", "Alias": "t", "Startup Cost": 3.69, "Total Cost": 7.7, "Plan Rows": 1, "Plan Width": 21, "Recheck Cond": "(id = mc.movie_id)", "Filter": "(production_year > 2005)", "Plans": [{"Node Type": "Bitmap Index Scan", "Parent Relationship": "Outer", "Index Name": "title_pkey", "Startup Cost": 0.0, "Total Cost": 3.69, "Plan Rows": 1, "Plan Width": 0, "Index Cond": "(id = mc.movie_id)"}]}]}, {"Node Type": "Bitmap Heap Scan", "Parent Relationship": "Inner", "Relation Name": "movie_info", "Alias": "mi", "Startup Cost": 0.51, "Total Cost": 4.62, "Plan Rows": 1, "Plan Width": 8, "Recheck Cond": "(movie_id = t.id)", "Filter": "((info)::text = ANY ('{Sweden,Norway,Germany,Denmark,Swedish,Denish,Norwegian,German}'::text[]))", "Plans": [{"Node Type": "Bitmap Index Scan", "Parent Relationship": "Outer", "Index Name": "movie_id_movie_info", "Startup Cost": 0.0, "Total Cost": 0.51, "Plan Rows": 5, "Plan Width": 0, "Index Cond": "(movie_id = t.id)"}]}]}, {"Node Type": "Hash", "Parent Relationship": "Inner", "Startup Cost": 2.12, "Total Cost": 2.12, "Plan Rows": 112, "Plan Width": 4, "Plans": [{"Node Type": "Seq Scan", "Parent Relationship": "Outer", "Relation Name": "info_type", "Alias": "it", "Startup Cost": 0.0, "Total Cost": 2.12, "Plan Rows": 112, "Plan Width": 4}]}]}]}, "Unique SQL Id": 2510907716, "Planner Runtime": 4}, "explain_analyze_plan": {"Plan": {"Node Type": "Aggregate", "Strategy": "Plain", "Startup Cost": 75475.76, "Total Cost": 75475.77, "Plan Rows": 1, "Plan Width": 49, "Actual Startup Time": 1057.144, "Actual Total Time": 1057.144, "Actual Rows": 1, "Actual Loops": 1, "Plans": [{"Node Type": "Hash Join", "Parent Relationship": "Outer", "Join Type": "Inner", "Startup Cost": 7.72, "Total Cost": 75470.96, "Plan Rows": 1919, "Plan Width": 17, "Actual Startup Time": 1057.137, "Actual Total Time": 1057.137, "Actual Rows": 0, "Actual Loops": 1, "Inner Unique": true, "Hash Cond": "(mi.info_type_id = it.id)", "Plans": [{"Node Type": "Nested Loop", "Parent Relationship": "Outer", "Join Type": "Inner", "Startup Cost": 4.2, "Total Cost": 75442.11, "Plan Rows": 1919, "Plan Width": 21, "Actual Startup Time": 1056.996, "Actual Total Time": 1056.996, "Actual Rows": 0, "Actual Loops": 1, "Inner Unique": false, "Plans": [{"Node Type": "Nested Loop", "Parent Relationship": "Outer", "Join Type": "Inner", "Startup Cost": 3.69, "Total Cost": 66780.19, "Plan Rows": 1869, "Plan Width": 25, "Actual Startup Time": 1056.993, "Actual Total Time": 1056.993, "Actual Rows": 0, "Actual Loops": 1, "Inner Unique": true, "Plans": [{"Node Type": "Nested Loop", "Parent Relationship": "Outer", "Join Type": "Inner", "Startup Cost": 0.0, "Total Cost": 54902.47, "Plan Rows": 1540, "Plan Width": 4, "Actual Startup Time": 1056.991, "Actual Total Time": 1056.991, "Actual Rows": 0, "Actual Loops": 1, "Inner Unique": false, "Join Filter": "(ct.id = mc.company_type_id)", "Rows Removed by Join Filter": 24025, "Plans": [{"Node Type": "Seq Scan", "Parent Relationship": "Outer", "Relation Name": "company_type", "Alias": "ct", "Startup Cost": 0.0, "Total Cost": 1.04, "Plan Rows": 1, "Plan Width": 4, "Actual Startup Time": 0.013, "Actual Total Time": 0.021, "Actual Rows": 1, "Actual Loops": 1, "Filter": "((kind)::text = 'production companies'::text)", "Rows Removed by Filter": 2}, {"Node Type": "Seq Scan", "Parent Relationship": "Inner", "Relation Name": "movie_companies", "Alias": "mc", "Startup Cost": 0.0, "Total Cost": 54862.92, "Plan Rows": 3081, "Plan Width": 8, "Actual Startup Time": 8.701, "Actual Total Time": 1051.748, "Actual Rows": 24025, "Actual Loops": 1, "Filter": "(((note)::text ~~ '%(theatrical)%'::text) AND ((note)::text ~~ '%(France)%'::text))", "Rows Removed by Filter": 2585103}]}, {"Node Type": "Bitmap Heap Scan", "Parent Relationship": "Inner", "Relation Name": "title", "Alias": "t", "Startup Cost": 3.69, "Total Cost": 7.7, "Plan Rows": 1, "Plan Width": 21, "Actual Startup Time": 0.0, "Actual Total Time": 0.0, "Recheck Cond": "(id = mc.movie_id)", "Rows Removed by Index Recheck": 0, "Filter": "(production_year > 2005)", "Rows Removed by Filter": 0, "Exact Heap Blocks": 0, "Lossy Heap Blocks": 0, "Plans": [{"Node Type": "Bitmap Index Scan", "Parent Relationship": "Outer", "Index Name": "title_pkey", "Startup Cost": 0.0, "Total Cost": 3.69, "Plan Rows": 1, "Plan Width": 0, "Actual Startup Time": 0.0, "Actual Total Time": 0.0, "Index Cond": "(id = mc.movie_id)"}]}]}, {"Node Type": "Bitmap Heap Scan", "Parent Relationship": "Inner", "Relation Name": "movie_info", "Alias": "mi", "Startup Cost": 0.51, "Total Cost": 4.62, "Plan Rows": 1, "Plan Width": 8, "Actual Startup Time": 0.0, "Actual Total Time": 0.0, "Recheck Cond": "(movie_id = t.id)", "Rows Removed by Index Recheck": 0, "Filter": "((info)::text = ANY ('{Sweden,Norway,Germany,Denmark,Swedish,Denish,Norwegian,German}'::text[]))", "Rows Removed by Filter": 0, "Exact Heap Blocks": 0, "Lossy Heap Blocks": 0, "Plans": [{"Node Type": "Bitmap Index Scan", "Parent Relationship": "Outer", "Index Name": "movie_id_movie_info", "Startup Cost": 0.0, "Total Cost": 0.51, "Plan Rows": 5, "Plan Width": 0, "Actual Startup Time": 0.0, "Actual Total Time": 0.0, "Index Cond": "(movie_id = t.id)"}]}]}, {"Node Type": "Hash", "Parent Relationship": "Inner", "Startup Cost": 2.12, "Total Cost": 2.12, "Plan Rows": 112, "Plan Width": 4, "Actual Startup Time": 0.101, "Actual Total Time": 0.101, "Actual Rows": 112, "Actual Loops": 1, "Hash Buckets": 32768, "Hash Batches": 1, "Original Hash Batches": 1, "Peak Memory Usage": 4, "Plans": [{"Node Type": "Seq Scan", "Parent Relationship": "Outer", "Relation Name": "info_type", "Alias": "it", "Startup Cost": 0.0, "Total Cost": 2.12, "Plan Rows": 112, "Plan Width": 4, "Actual Startup Time": 0.034, "Actual Total Time": 0.056, "Actual Rows": 112, "Actual Loops": 1}]}]}]}, "Triggers": [], "Planner Runtime": 7.513, "Total Runtime": 1057.425, "Unique SQL Id": 2510907716}}, "(1, '39')": {"explain_plan": {"Plan": {"Node Type": "Aggregate", "Strategy": "Plain", "Startup Cost": 1000010696765.6, "Total Cost": 1000010696765.61, "Plan Rows": 1, "Plan Width": 49, "Plans": [{"Node Type": "Nested Loop", "Parent Relationship": "Outer", "Join Type": "Inner", "Startup Cost": 10000000004.72, "Total Cost": 1000010696760.8, "Plan Rows": 1919, "Plan Width": 17, "Inner Unique": true, "Plans": [{"Node Type": "Nested Loop", "Parent Relationship": "Outer", "Join Type": "Inner", "Startup Cost": 10000000004.46, "Total Cost": 1000010680309.36, "Plan Rows": 3839, "Plan Width": 21, "Inner Unique": true, "Plans": [{"Node Type": "Nested Loop", "Parent Relationship": "Outer", "Join Type": "Inner", "Startup Cost": 10000000004.2, "Total Cost": 1000010663877.26, "Plan Rows": 3839, "Plan Width": 25, "Inner Unique": false, "Plans": [{"Node Type": "Nested Loop", "Parent Relationship": "Outer", "Join Type": "Inner", "Startup Cost": 10000000003.69, "Total Cost": 1000010646544.15, "Plan Rows": 3740, "Plan Width": 29, "Inner Unique": true, "Plans": [{"Node Type": "Index Scan", "Parent Relationship": "Outer", "Scan Direction": "Forward", "Index Name": "company_type_id_movie_companies", "Relation Name": "movie_companies", "Alias": "mc", "Startup Cost": 10000000000.0, "Total Cost": 1000010622781.0, "Plan Rows": 3081, "Plan Width": 8, "Filter": "(((note)::text ~~ '%(theatrical)%'::text) AND ((note)::text ~~ '%(France)%'::text))"}, {"Node Type": "Bitmap Heap Scan", "Parent Relationship": "Inner", "Relation Name": "title", "Alias": "t", "Startup Cost": 3.69, "Total Cost": 7.7, "Plan Rows": 1, "Plan Width": 21, "Recheck Cond": "(id = mc.movie_id)", "Filter": "(production_year > 2005)", "Plans": [{"Node Type": "Bitmap Index Scan", "Parent Relationship": "Outer", "Index Name": "title_pkey", "Startup Cost": 0.0, "Total Cost": 3.69, "Plan Rows": 1, "Plan Width": 0, "Index Cond": "(id = mc.movie_id)"}]}]}, {"Node Type": "Bitmap Heap Scan", "Parent Relationship": "Inner", "Relation Name": "movie_info", "Alias": "mi", "Startup Cost": 0.51, "Total Cost": 4.62, "Plan Rows": 1, "Plan Width": 8, "Recheck Cond": "(movie_id = t.id)", "Filter": "((info)::text = ANY ('{Sweden,Norway,Germany,Denmark,Swedish,Denish,Norwegian,German}'::text[]))", "Plans": [{"Node Type": "Bitmap Index Scan", "Parent Relationship": "Outer", "Index Name": "movie_id_movie_info", "Startup Cost": 0.0, "Total Cost": 0.51, "Plan Rows": 5, "Plan Width": 0, "Index Cond": "(movie_id = t.id)"}]}]}, {"Node Type": "Bitmap Heap Scan", "Parent Relationship": "Inner", "Relation Name": "info_type", "Alias": "it", "Startup Cost": 0.26, "Total Cost": 4.27, "Plan Rows": 1, "Plan Width": 4, "Recheck Cond": "(id = mi.info_type_id)", "Plans": [{"Node Type": "Bitmap Index Scan", "Parent Relationship": "Outer", "Index Name": "info_type_pkey", "Startup Cost": 0.0, "Total Cost": 0.26, "Plan Rows": 1, "Plan Width": 0, "Index Cond": "(id = mi.info_type_id)"}]}]}, {"Node Type": "Bitmap Heap Scan", "Parent Relationship": "Inner", "Relation Name": "company_type", "Alias": "ct", "Startup Cost": 0.26, "Total Cost": 4.28, "Plan Rows": 1, "Plan Width": 4, "Recheck Cond": "(id = mc.company_type_id)", "Filter": "((kind)::text = 'production companies'::text)", "Plans": [{"Node Type": "Bitmap Index Scan", "Parent Relationship": "Outer", "Index Name": "company_type_pkey", "Startup Cost": 0.0, "Total Cost": 0.26, "Plan Rows": 1, "Plan Width": 0, "Index Cond": "(id = mc.company_type_id)"}]}]}]}, "Unique SQL Id": 2510907716, "Planner Runtime": 2}, "explain_analyze_plan": null}, "(1, '40')": {"explain_plan": {"Plan": {"Node Type": "Aggregate", "Strategy": "Plain", "Startup Cost": 69341.41, "Total Cost": 69341.42, "Plan Rows": 1, "Plan Width": 49, "Plans": [{"Node Type": "Nested Loop", "Parent Relationship": "Outer", "Join Type": "Inner", "Startup Cost": 0.0, "Total Cost": 69336.61, "Plan Rows": 1919, "Plan Width": 17, "Inner Unique": true, "Plans": [{"Node Type": "Nested Loop", "Parent Relationship": "Outer", "Join Type": "Inner", "Startup Cost": 0.0, "Total Cost": 68799.18, "Plan Rows": 1919, "Plan Width": 21, "Inner Unique": false, "Plans": [{"Node Type": "Nested Loop", "Parent Relationship": "Outer", "Join Type": "Inner", "Startup Cost": 0.0, "Total Cost": 66519.89, "Plan Rows": 1869, "Plan Width": 25, "Inner Unique": true, "Plans": [{"Node Type": "Nested Loop", "Parent Relationship": "Outer", "Join Type": "Inner", "Startup Cost": 0.0, "Total Cost": 54902.47, "Plan Rows": 1540, "Plan Width": 4, "Inner Unique": false, "Join Filter": "(ct.id = mc.company_type_id)", "Plans": [{"Node Type": "Seq Scan", "Parent Relationship": "Outer", "Relation Name": "company_type", "Alias": "ct", "Startup Cost": 0.0, "Total Cost": 1.04, "Plan Rows": 1, "Plan Width": 4, "Filter": "((kind)::text = 'production companies'::text)"}, {"Node Type": "Seq Scan", "Parent Relationship": "Inner", "Relation Name": "movie_companies", "Alias": "mc", "Startup Cost": 0.0, "Total Cost": 54862.92, "Plan Rows": 3081, "Plan Width": 8, "Filter": "(((note)::text ~~ '%(theatrical)%'::text) AND ((note)::text ~~ '%(France)%'::text))"}]}, {"Node Type": "Index Scan", "Parent Relationship": "Inner", "Scan Direction": "Forward", "Index Name": "title_pkey", "Relation Name": "title", "Alias": "t", "Startup Cost": 0.0, "Total Cost": 7.53, "Plan Rows": 1, "Plan Width": 21, "Index Cond": "(id = mc.movie_id)", "Filter": "(production_year > 2005)"}]}, {"Node Type": "Index Scan", "Parent Relationship": "Inner", "Scan Direction": "Forward", "Index Name": "movie_id_movie_info", "Relation Name": "movie_info", "Alias": "mi", "Startup Cost": 0.0, "Total Cost": 1.21, "Plan Rows": 1, "Plan Width": 8, "Index Cond": "(movie_id = t.id)", "Filter": "((info)::text = ANY ('{Sweden,Norway,Germany,Denmark,Swedish,Denish,Norwegian,German}'::text[]))"}]}, {"Node Type": "Index Only Scan", "Parent Relationship": "Inner", "Scan Direction": "Forward", "Index Name": "info_type_pkey", "Relation Name": "info_type", "Alias": "it", "Startup Cost": 0.0, "Total Cost": 0.27, "Plan Rows": 1, "Plan Width": 4, "Index Cond": "(id = mi.info_type_id)"}]}]}, "Unique SQL Id": 2510907716, "Planner Runtime": 3}, "explain_analyze_plan": {"Plan": {"Node Type": "Aggregate", "Strategy": "Plain", "Startup Cost": 69341.41, "Total Cost": 69341.42, "Plan Rows": 1, "Plan Width": 49, "Actual Startup Time": 1042.689, "Actual Total Time": 1042.69, "Actual Rows": 1, "Actual Loops": 1, "Plans": [{"Node Type": "Nested Loop", "Parent Relationship": "Outer", "Join Type": "Inner", "Startup Cost": 0.0, "Total Cost": 69336.61, "Plan Rows": 1919, "Plan Width": 17, "Actual Startup Time": 1042.681, "Actual Total Time": 1042.681, "Actual Rows": 0, "Actual Loops": 1, "Inner Unique": true, "Plans": [{"Node Type": "Nested Loop", "Parent Relationship": "Outer", "Join Type": "Inner", "Startup Cost": 0.0, "Total Cost": 68799.18, "Plan Rows": 1919, "Plan Width": 21, "Actual Startup Time": 1042.679, "Actual Total Time": 1042.679, "Actual Rows": 0, "Actual Loops": 1, "Inner Unique": false, "Plans": [{"Node Type": "Nested Loop", "Parent Relationship": "Outer", "Join Type": "Inner", "Startup Cost": 0.0, "Total Cost": 66519.89, "Plan Rows": 1869, "Plan Width": 25, "Actual Startup Time": 1042.677, "Actual Total Time": 1042.677, "Actual Rows": 0, "Actual Loops": 1, "Inner Unique": true, "Plans": [{"Node Type": "Nested Loop", "Parent Relationship": "Outer", "Join Type": "Inner", "Startup Cost": 0.0, "Total Cost": 54902.47, "Plan Rows": 1540, "Plan Width": 4, "Actual Startup Time": 1042.676, "Actual Total Time": 1042.676, "Actual Rows": 0, "Actual Loops": 1, "Inner Unique": false, "Join Filter": "(ct.id = mc.company_type_id)", "Rows Removed by Join Filter": 24025, "Plans": [{"Node Type": "Seq Scan", "Parent Relationship": "Outer", "Relation Name": "company_type", "Alias": "ct", "Startup Cost": 0.0, "Total Cost": 1.04, "Plan Rows": 1, "Plan Width": 4, "Actual Startup Time": 0.02, "Actual Total Time": 0.027, "Actual Rows": 1, "Actual Loops": 1, "Filter": "((kind)::text = 'production companies'::text)", "Rows Removed by Filter": 2}, {"Node Type": "Seq Scan", "Parent Relationship": "Inner", "Relation Name": "movie_companies", "Alias": "mc", "Startup Cost": 0.0, "Total Cost": 54862.92, "Plan Rows": 3081, "Plan Width": 8, "Actual Startup Time": 8.674, "Actual Total Time": 1037.406, "Actual Rows": 24025, "Actual Loops": 1, "Filter": "(((note)::text ~~ '%(theatrical)%'::text) AND ((note)::text ~~ '%(France)%'::text))", "Rows Removed by Filter": 2585103}]}, {"Node Type": "Index Scan", "Parent Relationship": "Inner", "Scan Direction": "Forward", "Index Name": "title_pkey", "Relation Name": "title", "Alias": "t", "Startup Cost": 0.0, "Total Cost": 7.53, "Plan Rows": 1, "Plan Width": 21, "Actual Startup Time": 0.0, "Actual Total Time": 0.0, "Index Cond": "(id = mc.movie_id)", "Rows Removed by Index Recheck": 0, "Filter": "(production_year > 2005)", "Rows Removed by Filter": 0}]}, {"Node Type": "Index Scan", "Parent Relationship": "Inner", "Scan Direction": "Forward", "Index Name": "movie_id_movie_info", "Relation Name": "movie_info", "Alias": "mi", "Startup Cost": 0.0, "Total Cost": 1.21, "Plan Rows": 1, "Plan Width": 8, "Actual Startup Time": 0.0, "Actual Total Time": 0.0, "Index Cond": "(movie_id = t.id)", "Rows Removed by Index Recheck": 0, "Filter": "((info)::text = ANY ('{Sweden,Norway,Germany,Denmark,Swedish,Denish,Norwegian,German}'::text[]))", "Rows Removed by Filter": 0}]}, {"Node Type": "Index Only Scan", "Parent Relationship": "Inner", "Scan Direction": "Forward", "Index Name": "info_type_pkey", "Relation Name": "info_type", "Alias": "it", "Startup Cost": 0.0, "Total Cost": 0.27, "Plan Rows": 1, "Plan Width": 4, "Actual Startup Time": 0.0, "Actual Total Time": 0.0, "Index Cond": "(id = mi.info_type_id)", "Rows Removed by Index Recheck": 0, "Heap Fetches": 0}]}]}, "Triggers": [], "Planner Runtime": 7.451, "Total Runtime": 1043.05, "Unique SQL Id": 2510907716}}, "(1, '41')": {"explain_plan": {"Plan": {"Node Type": "Aggregate", "Strategy": "Plain", "Startup Cost": 74106.99, "Total Cost": 74107.0, "Plan Rows": 1, "Plan Width": 49, "Plans": [{"Node Type": "Nested Loop", "Parent Relationship": "Outer", "Join Type": "Inner", "Startup Cost": 0.0, "Total Cost": 74102.19, "Plan Rows": 1919, "Plan Width": 17, "Inner Unique": true, "Plans": [{"Node Type": "Nested Loop", "Parent Relationship": "Outer", "Join Type": "Inner", "Startup Cost": 0.0, "Total Cost": 73564.77, "Plan Rows": 1919, "Plan Width": 21, "Inner Unique": false, "Plans": [{"Node Type": "Nested Loop", "Parent Relationship": "Outer", "Join Type": "Inner", "Startup Cost": 0.0, "Total Cost": 71285.47, "Plan Rows": 1869, "Plan Width": 25, "Inner Unique": true, "Plans": [{"Node Type": "Nested Loop", "Parent Relationship": "Outer", "Join Type": "Inner", "Startup Cost": 0.0, "Total Cost": 59668.05, "Plan Rows": 1540, "Plan Width": 4, "Inner Unique": false, "Plans": [{"Node Type": "Index Scan", "Parent Relationship": "Outer", "Scan Direction": "Forward", "Index Name": "company_type_pkey", "Relation Name": "company_type", "Alias": "ct", "Startup Cost": 0.0, "Total Cost": 12.3, "Plan Rows": 1, "Plan Width": 4, "Filter": "((kind)::text = 'production companies'::text)"}, {"Node Type": "Index Scan", "Parent Relationship": "Inner", "Scan Direction": "Forward", "Index Name": "company_type_id_movie_companies", "Relation Name": "movie_companies", "Alias": "mc", "Startup Cost": 0.0, "Total Cost": 59640.35, "Plan Rows": 1540, "Plan Width": 8, "Index Cond": "(company_type_id = ct.id)", "Filter": "(((note)::text ~~ '%(theatrical)%'::text) AND ((note)::text ~~ '%(France)%'::text))"}]}, {"Node Type": "Index Scan", "Parent Relationship": "Inner", "Scan Direction": "Forward", "Index Name": "title_pkey", "Relation Name": "title", "Alias": "t", "Startup Cost": 0.0, "Total Cost": 7.53, "Plan Rows": 1, "Plan Width": 21, "Index Cond": "(id = mc.movie_id)", "Filter": "(production_year > 2005)"}]}, {"Node Type": "Index Scan", "Parent Relationship": "Inner", "Scan Direction": "Forward", "Index Name": "movie_id_movie_info", "Relation Name": "movie_info", "Alias": "mi", "Startup Cost": 0.0, "Total Cost": 1.21, "Plan Rows": 1, "Plan Width": 8, "Index Cond": "(movie_id = t.id)", "Filter": "((info)::text = ANY ('{Sweden,Norway,Germany,Denmark,Swedish,Denish,Norwegian,German}'::text[]))"}]}, {"Node Type": "Index Only Scan", "Parent Relationship": "Inner", "Scan Direction": "Forward", "Index Name": "info_type_pkey", "Relation Name": "info_type", "Alias": "it", "Startup Cost": 0.0, "Total Cost": 0.27, "Plan Rows": 1, "Plan Width": 4, "Index Cond": "(id = mi.info_type_id)"}]}]}, "Unique SQL Id": 2510907716, "Planner Runtime": 3}, "explain_analyze_plan": {"Plan": {"Node Type": "Aggregate", "Strategy": "Plain", "Startup Cost": 74106.99, "Total Cost": 74107.0, "Plan Rows": 1, "Plan Width": 49, "Actual Startup Time": 633.715, "Actual Total Time": 633.716, "Actual Rows": 1, "Actual Loops": 1, "Plans": [{"Node Type": "Nested Loop", "Parent Relationship": "Outer", "Join Type": "Inner", "Startup Cost": 0.0, "Total Cost": 74102.19, "Plan Rows": 1919, "Plan Width": 17, "Actual Startup Time": 633.706, "Actual Total Time": 633.706, "Actual Rows": 0, "Actual Loops": 1, "Inner Unique": true, "Plans": [{"Node Type": "Nested Loop", "Parent Relationship": "Outer", "Join Type": "Inner", "Startup Cost": 0.0, "Total Cost": 73564.77, "Plan Rows": 1919, "Plan Width": 21, "Actual Startup Time": 633.704, "Actual Total Time": 633.704, "Actual Rows": 0, "Actual Loops": 1, "Inner Unique": false, "Plans": [{"Node Type": "Nested Loop", "Parent Relationship": "Outer", "Join Type": "Inner", "Startup Cost": 0.0, "Total Cost": 71285.47, "Plan Rows": 1869, "Plan Width": 25, "Actual Startup Time": 633.703, "Actual Total Time": 633.703, "Actual Rows": 0, "Actual Loops": 1, "Inner Unique": true, "Plans": [{"Node Type": "Nested Loop", "Parent Relationship": "Outer", "Join Type": "Inner", "Startup Cost": 0.0, "Total Cost": 59668.05, "Plan Rows": 1540, "Plan Width": 4, "Actual Startup Time": 633.702, "Actual Total Time": 633.702, "Actual Rows": 0, "Actual Loops": 1, "Inner Unique": false, "Plans": [{"Node Type": "Index Scan", "Parent Relationship": "Outer", "Scan Direction": "Forward", "Index Name": "company_type_pkey", "Relation Name": "company_type", "Alias": "ct", "Startup Cost": 0.0, "Total Cost": 12.3, "Plan Rows": 1, "Plan Width": 4, "Actual Startup Time": 0.021, "Actual Total Time": 0.027, "Actual Rows": 1, "Actual Loops": 1, "Filter": "((kind)::text = 'production companies'::text)", "Rows Removed by Filter": 2}, {"Node Type": "Index Scan", "Parent Relationship": "Inner", "Scan Direction": "Forward", "Index Name": "company_type_id_movie_companies", "Relation Name": "movie_companies", "Alias": "mc", "Startup Cost": 0.0, "Total Cost": 59640.35, "Plan Rows": 1540, "Plan Width": 8, "Actual Startup Time": 633.668, "Actual Total Time": 633.668, "Actual Rows": 0, "Actual Loops": 1, "Index Cond": "(company_type_id = ct.id)", "Rows Removed by Index Recheck": 0, "Filter": "(((note)::text ~~ '%(theatrical)%'::text) AND ((note)::text ~~ '%(France)%'::text))", "Rows Removed by Filter": 1334883}]}, {"Node Type": "Index Scan", "Parent Relationship": "Inner", "Scan Direction": "Forward", "Index Name": "title_pkey", "Relation Name": "title", "Alias": "t", "Startup Cost": 0.0, "Total Cost": 7.53, "Plan Rows": 1, "Plan Width": 21, "Actual Startup Time": 0.0, "Actual Total Time": 0.0, "Index Cond": "(id = mc.movie_id)", "Rows Removed by Index Recheck": 0, "Filter": "(production_year > 2005)", "Rows Removed by Filter": 0}]}, {"Node Type": "Index Scan", "Parent Relationship": "Inner", "Scan Direction": "Forward", "Index Name": "movie_id_movie_info", "Relation Name": "movie_info", "Alias": "mi", "Startup Cost": 0.0, "Total Cost": 1.21, "Plan Rows": 1, "Plan Width": 8, "Actual Startup Time": 0.0, "Actual Total Time": 0.0, "Index Cond": "(movie_id = t.id)", "Rows Removed by Index Recheck": 0, "Filter": "((info)::text = ANY ('{Sweden,Norway,Germany,Denmark,Swedish,Denish,Norwegian,German}'::text[]))", "Rows Removed by Filter": 0}]}, {"Node Type": "Index Only Scan", "Parent Relationship": "Inner", "Scan Direction": "Forward", "Index Name": "info_type_pkey", "Relation Name": "info_type", "Alias": "it", "Startup Cost": 0.0, "Total Cost": 0.27, "Plan Rows": 1, "Plan Width": 4, "Actual Startup Time": 0.0, "Actual Total Time": 0.0, "Index Cond": "(id = mi.info_type_id)", "Rows Removed by Index Recheck": 0, "Heap Fetches": 0}]}]}, "Triggers": [], "Planner Runtime": 6.763, "Total Runtime": 633.955, "Unique SQL Id": 2510907716}}, "(1, '42')": {"explain_plan": {"Plan": {"Node Type": "Aggregate", "Strategy": "Plain", "Startup Cost": 583460.98, "Total Cost": 583460.99, "Plan Rows": 1, "Plan Width": 49, "Plans": [{"Node Type": "Nested Loop", "Parent Relationship": "Outer", "Join Type": "Inner", "Startup Cost": 134008.83, "Total Cost": 583456.19, "Plan Rows": 1919, "Plan Width": 17, "Inner Unique": true, "Join Filter": "(mi.info_type_id = it.id)", "Plans": [{"Node Type": "Hash Join", "Parent Relationship": "Outer", "Join Type": "Inner", "Startup Cost": 134008.83, "Total Cost": 580229.87, "Plan Rows": 1919, "Plan Width": 21, "Inner Unique": false, "Hash Cond": "(mi.movie_id = t.id)", "Plans": [{"Node Type": "Seq Scan", "Parent Relationship": "Outer", "Relation Name": "movie_info", "Alias": "mi", "Startup Cost": 0.0, "Total Cost": 445687.32, "Plan Rows": 141478, "Plan Width": 8, "Filter": "((info)::text = ANY ('{Sweden,Norway,Germany,Denmark,Swedish,Denish,Norwegian,German}'::text[]))"}, {"Node Type": "Hash", "Parent Relationship": "Inner", "Startup Cost": 133985.47, "Total Cost": 133985.47, "Plan Rows": 1869, "Plan Width": 25, "Plans": [{"Node Type": "Hash Join", "Parent Relationship": "Outer", "Join Type": "Inner", "Startup Cost": 79058.54, "Total Cost": 133985.47, "Plan Rows": 1869, "Plan Width": 25, "Inner Unique": true, "Hash Cond": "(mc.movie_id = t.id)", "Plans": [{"Node Type": "Nested Loop", "Parent Relationship": "Outer", "Join Type": "Inner", "Startup Cost": 0.0, "Total Cost": 54902.47, "Plan Rows": 1540, "Plan Width": 4, "Inner Unique": false, "Join Filter": "(ct.id = mc.company_type_id)", "Plans": [{"Node Type": "Seq Scan", "Parent Relationship": "Outer", "Relation Name": "company_type", "Alias": "ct", "Startup Cost": 0.0, "Total Cost": 1.04, "Plan Rows": 1, "Plan Width": 4, "Filter": "((kind)::text = 'production companies'::text)"}, {"Node Type": "Seq Scan", "Parent Relationship": "Inner", "Relation Name": "movie_companies", "Alias": "mc", "Startup Cost": 0.0, "Total Cost": 54862.92, "Plan Rows": 3081, "Plan Width": 8, "Filter": "(((note)::text ~~ '%(theatrical)%'::text) AND ((note)::text ~~ '%(France)%'::text))"}]}, {"Node Type": "Hash", "Parent Relationship": "Inner", "Startup Cost": 66389.89, "Total Cost": 66389.89, "Plan Rows": 1013492, "Plan Width": 21, "Plans": [{"Node Type": "Seq Scan", "Parent Relationship": "Outer", "Relation Name": "title", "Alias": "t", "Startup Cost": 0.0, "Total Cost": 66389.89, "Plan Rows": 1013492, "Plan Width": 21, "Filter": "(production_year > 2005), (LLVM Optimized)"}]}]}]}]}, {"Node Type": "Materialize", "Parent Relationship": "Inner", "Startup Cost": 0.0, "Total Cost": 2.68, "Plan Rows": 112, "Plan Width": 4, "Plans": [{"Node Type": "Seq Scan", "Parent Relationship": "Outer", "Relation Name": "info_type", "Alias": "it", "Startup Cost": 0.0, "Total Cost": 2.12, "Plan Rows": 112, "Plan Width": 4}]}]}]}, "Unique SQL Id": 2510907716, "Planner Runtime": 5}, "explain_analyze_plan": {"Plan": {"Node Type": "Aggregate", "Strategy": "Plain", "Startup Cost": 583460.98, "Total Cost": 583460.99, "Plan Rows": 1, "Plan Width": 49, "Actual Startup Time": 1039.724, "Actual Total Time": 1039.725, "Actual Rows": 1, "Actual Loops": 1, "Plans": [{"Node Type": "Nested Loop", "Parent Relationship": "Outer", "Join Type": "Inner", "Startup Cost": 134008.83, "Total Cost": 583456.19, "Plan Rows": 1919, "Plan Width": 17, "Actual Startup Time": 1039.714, "Actual Total Time": 1039.714, "Actual Rows": 0, "Actual Loops": 1, "Inner Unique": true, "Join Filter": "(mi.info_type_id = it.id)", "Rows Removed by Join Filter": 0, "Plans": [{"Node Type": "Hash Join", "Parent Relationship": "Outer", "Join Type": "Inner", "Startup Cost": 134008.83, "Total Cost": 580229.87, "Plan Rows": 1919, "Plan Width": 21, "Actual Startup Time": 1039.674, "Actual Total Time": 1039.674, "Actual Rows": 0, "Actual Loops": 1, "Inner Unique": false, "Hash Cond": "(mi.movie_id = t.id)", "Plans": [{"Node Type": "Seq Scan", "Parent Relationship": "Outer", "Relation Name": "movie_info", "Alias": "mi", "Startup Cost": 0.0, "Total Cost": 445687.32, "Plan Rows": 141478, "Plan Width": 8, "Actual Startup Time": 3.212, "Actual Total Time": 3.212, "Actual Rows": 1, "Actual Loops": 1, "Filter": "((info)::text = ANY ('{Sweden,Norway,Germany,Denmark,Swedish,Denish,Norwegian,German}'::text[]))", "Rows Removed by Filter": 5685}, {"Node Type": "Hash", "Parent Relationship": "Inner", "Startup Cost": 133985.47, "Total Cost": 133985.47, "Plan Rows": 1869, "Plan Width": 25, "Actual Startup Time": 1036.41, "Actual Total Time": 1036.41, "Actual Rows": 0, "Actual Loops": 1, "Hash Buckets": 32768, "Hash Batches": 1, "Original Hash Batches": 1, "Peak Memory Usage": 0, "Plans": [{"Node Type": "Hash Join", "Parent Relationship": "Outer", "Join Type": "Inner", "Startup Cost": 79058.54, "Total Cost": 133985.47, "Plan Rows": 1869, "Plan Width": 25, "Actual Startup Time": 1036.404, "Actual Total Time": 1036.404, "Actual Rows": 0, "Actual Loops": 1, "Inner Unique": true, "Hash Cond": "(mc.movie_id = t.id)", "Plans": [{"Node Type": "Nested Loop", "Parent Relationship": "Outer", "Join Type": "Inner", "Startup Cost": 0.0, "Total Cost": 54902.47, "Plan Rows": 1540, "Plan Width": 4, "Actual Startup Time": 1036.394, "Actual Total Time": 1036.394, "Actual Rows": 0, "Actual Loops": 1, "Inner Unique": false, "Join Filter": "(ct.id = mc.company_type_id)", "Rows Removed by Join Filter": 24025, "Plans": [{"Node Type": "Seq Scan", "Parent Relationship": "Outer", "Relation Name": "company_type", "Alias": "ct", "Startup Cost": 0.0, "Total Cost": 1.04, "Plan Rows": 1, "Plan Width": 4, "Actual Startup Time": 0.014, "Actual Total Time": 0.018, "Actual Rows": 1, "Actual Loops": 1, "Filter": "((kind)::text = 'production companies'::text)", "Rows Removed by Filter": 2}, {"Node Type": "Seq Scan", "Parent Relationship": "Inner", "Relation Name": "movie_companies", "Alias": "mc", "Startup Cost": 0.0, "Total Cost": 54862.92, "Plan Rows": 3081, "Plan Width": 8, "Actual Startup Time": 8.737, "Actual Total Time": 1030.99, "Actual Rows": 24025, "Actual Loops": 1, "Filter": "(((note)::text ~~ '%(theatrical)%'::text) AND ((note)::text ~~ '%(France)%'::text))", "Rows Removed by Filter": 2585103}]}, {"Node Type": "Hash", "Parent Relationship": "Inner", "Startup Cost": 66389.89, "Total Cost": 66389.89, "Plan Rows": 1013492, "Plan Width": 21, "Actual Startup Time": 0.0, "Actual Total Time": 0.0, "Hash Buckets": 0, "Hash Batches": 0, "Original Hash Batches": 0, "Peak Memory Usage": 0, "Plans": [{"Node Type": "Seq Scan", "Parent Relationship": "Outer", "Relation Name": "title", "Alias": "t", "Startup Cost": 0.0, "Total Cost": 66389.89, "Plan Rows": 1013492, "Plan Width": 21, "Actual Startup Time": 0.0, "Actual Total Time": 0.0, "Filter": "(production_year > 2005), (LLVM Optimized, Jit Execute)", "Rows Removed by Filter": 0}]}]}]}]}, {"Node Type": "Materialize", "Parent Relationship": "Inner", "Startup Cost": 0.0, "Total Cost": 2.68, "Plan Rows": 112, "Plan Width": 4, "Actual Startup Time": 0.0, "Actual Total Time": 0.0, "Plans": [{"Node Type": "Seq Scan", "Parent Relationship": "Outer", "Relation Name": "info_type", "Alias": "it", "Startup Cost": 0.0, "Total Cost": 2.12, "Plan Rows": 112, "Plan Width": 4, "Actual Startup Time": 0.0, "Actual Total Time": 0.0}]}]}]}, "Triggers": [], "Planner Runtime": 10.046, "Total Runtime": 1048.351, "Unique SQL Id": 2510907716}}, "(1, '43')": {"explain_plan": {"Plan": {"Node Type": "Aggregate", "Strategy": "Plain", "Startup Cost": 5000171402236.96, "Total Cost": 5000171402236.97, "Plan Rows": 1, "Plan Width": 49, "Plans": [{"Node Type": "Nested Loop", "Parent Relationship": "Outer", "Join Type": "Inner", "Startup Cost": 50000000000.0, "Total Cost": 5000171402232.16, "Plan Rows": 1919, "Plan Width": 17, "Inner Unique": true, "Join Filter": "(mi.info_type_id = it.id)", "Plans": [{"Node Type": "Nested Loop", "Parent Relationship": "Outer", "Join Type": "Inner", "Startup Cost": 40000000000.0, "Total Cost": 4000171398014.96, "Plan Rows": 1919, "Plan Width": 21, "Inner Unique": true, "Join Filter": "(mi.movie_id = t.id)", "Plans": [{"Node Type": "Nested Loop", "Parent Relationship": "Outer", "Join Type": "Inner", "Startup Cost": 30000000000.0, "Total Cost": 3000135716391.79, "Plan Rows": 1581, "Plan Width": 12, "Inner Unique": true, "Join Filter": "(mc.company_type_id = ct.id)", "Plans": [{"Node Type": "Nested Loop", "Parent Relationship": "Outer", "Join Type": "Inner", "Startup Cost": 20000000000.0, "Total Cost": 2000135715114.09, "Plan Rows": 3163, "Plan Width": 16, "Inner Unique": false, "Join Filter": "(mc.movie_id = mi.movie_id)", "Plans": [{"Node Type": "Index Scan", "Parent Relationship": "Outer", "Scan Direction": "Forward", "Index Name": "info_type_id_movie_info", "Relation Name": "movie_info", "Alias": "mi", "Startup Cost": 10000000000.0, "Total Cost": 1000118553919.62, "Plan Rows": 141478, "Plan Width": 8, "Filter": "((info)::text = ANY ('{Sweden,Norway,Germany,Denmark,Swedish,Denish,Norwegian,German}'::text[]))"}, {"Node Type": "Materialize", "Parent Relationship": "Inner", "Startup Cost": 10000000000.0, "Total Cost": 1000010622796.41, "Plan Rows": 3081, "Plan Width": 8, "Plans": [{"Node Type": "Index Scan", "Parent Relationship": "Outer", "Scan Direction": "Forward", "Index Name": "company_type_id_movie_companies", "Relation Name": "movie_companies", "Alias": "mc", "Startup Cost": 10000000000.0, "Total Cost": 1000010622781.0, "Plan Rows": 3081, "Plan Width": 8, "Filter": "(((note)::text ~~ '%(theatrical)%'::text) AND ((note)::text ~~ '%(France)%'::text))"}]}]}, {"Node Type": "Materialize", "Parent Relationship": "Inner", "Startup Cost": 10000000000.0, "Total Cost": 1000000001230.26, "Plan Rows": 1, "Plan Width": 4, "Plans": [{"Node Type": "Index Scan", "Parent Relationship": "Outer", "Scan Direction": "Forward", "Index Name": "company_type_pkey", "Relation Name": "company_type", "Alias": "ct", "Startup Cost": 10000000000.0, "Total Cost": 1000000001230.25, "Plan Rows": 1, "Plan Width": 4, "Filter": "((kind)::text = 'production companies'::text)"}]}]}, {"Node Type": "Materialize", "Parent Relationship": "Inner", "Startup Cost": 10000000000.0, "Total Cost": 1000011649194.12, "Plan Rows": 1013492, "Plan Width": 21, "Plans": [{"Node Type": "Index Scan", "Parent Relationship": "Outer", "Scan Direction": "Forward", "Index Name": "title_pkey", "Relation Name": "title", "Alias": "t", "Startup Cost": 10000000000.0, "Total Cost": 1000011644126.66, "Plan Rows": 1013492, "Plan Width": 21, "Filter": "(production_year > 2005), (LLVM Optimized)"}]}]}, {"Node Type": "Materialize", "Parent Relationship": "Inner", "Startup Cost": 10000000000.0, "Total Cost": 1000000000993.56, "Plan Rows": 112, "Plan Width": 4, "Plans": [{"Node Type": "Index Only Scan", "Parent Relationship": "Outer", "Scan Direction": "Forward", "Index Name": "info_type_pkey", "Relation Name": "info_type", "Alias": "it", "Startup Cost": 10000000000.0, "Total Cost": 1000000000993.0, "Plan Rows": 112, "Plan Width": 4}]}]}]}, "Unique SQL Id": 2510907716, "Planner Runtime": 5}, "explain_analyze_plan": null}, "(1, '44')": {"explain_plan": {"Plan": {"Node Type": "Aggregate", "Strategy": "Plain", "Startup Cost": 69341.46, "Total Cost": 69341.47, "Plan Rows": 1, "Plan Width": 49, "Plans": [{"Node Type": "Nested Loop", "Parent Relationship": "Outer", "Join Type": "Inner", "Startup Cost": 0.0, "Total Cost": 69336.67, "Plan Rows": 1919, "Plan Width": 17, "Inner Unique": true, "Plans": [{"Node Type": "Nested Loop", "Parent Relationship": "Outer", "Join Type": "Inner", "Startup Cost": 0.0, "Total Cost": 68799.18, "Plan Rows": 1919, "Plan Width": 21, "Inner Unique": false, "Plans": [{"Node Type": "Nested Loop", "Parent Relationship": "Outer", "Join Type": "Inner", "Startup Cost": 0.0, "Total Cost": 66519.89, "Plan Rows": 1869, "Plan Width": 25, "Inner Unique": true, "Plans": [{"Node Type": "Nested Loop", "Parent Relationship": "Outer", "Join Type": "Inner", "Startup Cost": 0.0, "Total Cost": 54902.47, "Plan Rows": 1540, "Plan Width": 4, "Inner Unique": false, "Join Filter": "(ct.id = mc.company_type_id)", "Plans": [{"Node Type": "Seq Scan", "Parent Relationship": "Outer", "Relation Name": "company_type", "Alias": "ct", "Startup Cost": 0.0, "Total Cost": 1.04, "Plan Rows": 1, "Plan Width": 4, "Filter": "((kind)::text = 'production companies'::text)"}, {"Node Type": "Seq Scan", "Parent Relationship": "Inner", "Relation Name": "movie_companies", "Alias": "mc", "Startup Cost": 0.0, "Total Cost": 54862.92, "Plan Rows": 3081, "Plan Width": 8, "Filter": "(((note)::text ~~ '%(theatrical)%'::text) AND ((note)::text ~~ '%(France)%'::text))"}]}, {"Node Type": "Index Scan", "Parent Relationship": "Inner", "Scan Direction": "Forward", "Index Name": "title_pkey", "Relation Name": "title", "Alias": "t", "Startup Cost": 0.0, "Total Cost": 7.53, "Plan Rows": 1, "Plan Width": 21, "Index Cond": "(id = mc.movie_id)", "Filter": "(production_year > 2005)"}]}, {"Node Type": "Index Scan", "Parent Relationship": "Inner", "Scan Direction": "Forward", "Index Name": "movie_id_movie_info", "Relation Name": "movie_info", "Alias": "mi", "Startup Cost": 0.0, "Total Cost": 1.21, "Plan Rows": 1, "Plan Width": 8, "Index Cond": "(movie_id = t.id)", "Filter": "((info)::text = ANY ('{Sweden,Norway,Germany,Denmark,Swedish,Denish,Norwegian,German}'::text[]))"}]}, {"Node Type": "Index Scan", "Parent Relationship": "Inner", "Scan Direction": "Forward", "Index Name": "info_type_pkey", "Relation Name": "info_type", "Alias": "it", "Startup Cost": 0.0, "Total Cost": 0.27, "Plan Rows": 1, "Plan Width": 4, "Index Cond": "(id = mi.info_type_id)"}]}]}, "Unique SQL Id": 2510907716, "Planner Runtime": 4}, "explain_analyze_plan": {"Plan": {"Node Type": "Aggregate", "Strategy": "Plain", "Startup Cost": 69341.46, "Total Cost": 69341.47, "Plan Rows": 1, "Plan Width": 49, "Actual Startup Time": 1050.618, "Actual Total Time": 1050.618, "Actual Rows": 1, "Actual Loops": 1, "Plans": [{"Node Type": "Nested Loop", "Parent Relationship": "Outer", "Join Type": "Inner", "Startup Cost": 0.0, "Total Cost": 69336.67, "Plan Rows": 1919, "Plan Width": 17, "Actual Startup Time": 1050.61, "Actual Total Time": 1050.61, "Actual Rows": 0, "Actual Loops": 1, "Inner Unique": true, "Plans": [{"Node Type": "Nested Loop", "Parent Relationship": "Outer", "Join Type": "Inner", "Startup Cost": 0.0, "Total Cost": 68799.18, "Plan Rows": 1919, "Plan Width": 21, "Actual Startup Time": 1050.608, "Actual Total Time": 1050.608, "Actual Rows": 0, "Actual Loops": 1, "Inner Unique": false, "Plans": [{"Node Type": "Nested Loop", "Parent Relationship": "Outer", "Join Type": "Inner", "Startup Cost": 0.0, "Total Cost": 66519.89, "Plan Rows": 1869, "Plan Width": 25, "Actual Startup Time": 1050.607, "Actual Total Time": 1050.607, "Actual Rows": 0, "Actual Loops": 1, "Inner Unique": true, "Plans": [{"Node Type": "Nested Loop", "Parent Relationship": "Outer", "Join Type": "Inner", "Startup Cost": 0.0, "Total Cost": 54902.47, "Plan Rows": 1540, "Plan Width": 4, "Actual Startup Time": 1050.606, "Actual Total Time": 1050.606, "Actual Rows": 0, "Actual Loops": 1, "Inner Unique": false, "Join Filter": "(ct.id = mc.company_type_id)", "Rows Removed by Join Filter": 24025, "Plans": [{"Node Type": "Seq Scan", "Parent Relationship": "Outer", "Relation Name": "company_type", "Alias": "ct", "Startup Cost": 0.0, "Total Cost": 1.04, "Plan Rows": 1, "Plan Width": 4, "Actual Startup Time": 0.023, "Actual Total Time": 0.032, "Actual Rows": 1, "Actual Loops": 1, "Filter": "((kind)::text = 'production companies'::text)", "Rows Removed by Filter": 2}, {"Node Type": "Seq Scan", "Parent Relationship": "Inner", "Relation Name": "movie_companies", "Alias": "mc", "Startup Cost": 0.0, "Total Cost": 54862.92, "Plan Rows": 3081, "Plan Width": 8, "Actual Startup Time": 8.677, "Actual Total Time": 1045.148, "Actual Rows": 24025, "Actual Loops": 1, "Filter": "(((note)::text ~~ '%(theatrical)%'::text) AND ((note)::text ~~ '%(France)%'::text))", "Rows Removed by Filter": 2585103}]}, {"Node Type": "Index Scan", "Parent Relationship": "Inner", "Scan Direction": "Forward", "Index Name": "title_pkey", "Relation Name": "title", "Alias": "t", "Startup Cost": 0.0, "Total Cost": 7.53, "Plan Rows": 1, "Plan Width": 21, "Actual Startup Time": 0.0, "Actual Total Time": 0.0, "Index Cond": "(id = mc.movie_id)", "Rows Removed by Index Recheck": 0, "Filter": "(production_year > 2005)", "Rows Removed by Filter": 0}]}, {"Node Type": "Index Scan", "Parent Relationship": "Inner", "Scan Direction": "Forward", "Index Name": "movie_id_movie_info", "Relation Name": "movie_info", "Alias": "mi", "Startup Cost": 0.0, "Total Cost": 1.21, "Plan Rows": 1, "Plan Width": 8, "Actual Startup Time": 0.0, "Actual Total Time": 0.0, "Index Cond": "(movie_id = t.id)", "Rows Removed by Index Recheck": 0, "Filter": "((info)::text = ANY ('{Sweden,Norway,Germany,Denmark,Swedish,Denish,Norwegian,German}'::text[]))", "Rows Removed by Filter": 0}]}, {"Node Type": "Index Scan", "Parent Relationship": "Inner", "Scan Direction": "Forward", "Index Name": "info_type_pkey", "Relation Name": "info_type", "Alias": "it", "Startup Cost": 0.0, "Total Cost": 0.27, "Plan Rows": 1, "Plan Width": 4, "Actual Startup Time": 0.0, "Actual Total Time": 0.0, "Index Cond": "(id = mi.info_type_id)", "Rows Removed by Index Recheck": 0}]}]}, "Triggers": [], "Planner Runtime": 7.429, "Total Runtime": 1050.883, "Unique SQL Id": 2510907716}}, "(1, '45')": {"explain_plan": {"Plan": {"Node Type": "Aggregate", "Strategy": "Plain", "Startup Cost": 74107.05, "Total Cost": 74107.06, "Plan Rows": 1, "Plan Width": 49, "Plans": [{"Node Type": "Nested Loop", "Parent Relationship": "Outer", "Join Type": "Inner", "Startup Cost": 0.0, "Total Cost": 74102.25, "Plan Rows": 1919, "Plan Width": 17, "Inner Unique": true, "Plans": [{"Node Type": "Nested Loop", "Parent Relationship": "Outer", "Join Type": "Inner", "Startup Cost": 0.0, "Total Cost": 73564.77, "Plan Rows": 1919, "Plan Width": 21, "Inner Unique": false, "Plans": [{"Node Type": "Nested Loop", "Parent Relationship": "Outer", "Join Type": "Inner", "Startup Cost": 0.0, "Total Cost": 71285.47, "Plan Rows": 1869, "Plan Width": 25, "Inner Unique": true, "Plans": [{"Node Type": "Nested Loop", "Parent Relationship": "Outer", "Join Type": "Inner", "Startup Cost": 0.0, "Total Cost": 59668.05, "Plan Rows": 1540, "Plan Width": 4, "Inner Unique": false, "Plans": [{"Node Type": "Index Scan", "Parent Relationship": "Outer", "Scan Direction": "Forward", "Index Name": "company_type_pkey", "Relation Name": "company_type", "Alias": "ct", "Startup Cost": 0.0, "Total Cost": 12.3, "Plan Rows": 1, "Plan Width": 4, "Filter": "((kind)::text = 'production companies'::text)"}, {"Node Type": "Index Scan", "Parent Relationship": "Inner", "Scan Direction": "Forward", "Index Name": "company_type_id_movie_companies", "Relation Name": "movie_companies", "Alias": "mc", "Startup Cost": 0.0, "Total Cost": 59640.35, "Plan Rows": 1540, "Plan Width": 8, "Index Cond": "(company_type_id = ct.id)", "Filter": "(((note)::text ~~ '%(theatrical)%'::text) AND ((note)::text ~~ '%(France)%'::text))"}]}, {"Node Type": "Index Scan", "Parent Relationship": "Inner", "Scan Direction": "Forward", "Index Name": "title_pkey", "Relation Name": "title", "Alias": "t", "Startup Cost": 0.0, "Total Cost": 7.53, "Plan Rows": 1, "Plan Width": 21, "Index Cond": "(id = mc.movie_id)", "Filter": "(production_year > 2005)"}]}, {"Node Type": "Index Scan", "Parent Relationship": "Inner", "Scan Direction": "Forward", "Index Name": "movie_id_movie_info", "Relation Name": "movie_info", "Alias": "mi", "Startup Cost": 0.0, "Total Cost": 1.21, "Plan Rows": 1, "Plan Width": 8, "Index Cond": "(movie_id = t.id)", "Filter": "((info)::text = ANY ('{Sweden,Norway,Germany,Denmark,Swedish,Denish,Norwegian,German}'::text[]))"}]}, {"Node Type": "Index Scan", "Parent Relationship": "Inner", "Scan Direction": "Forward", "Index Name": "info_type_pkey", "Relation Name": "info_type", "Alias": "it", "Startup Cost": 0.0, "Total Cost": 0.27, "Plan Rows": 1, "Plan Width": 4, "Index Cond": "(id = mi.info_type_id)"}]}]}, "Unique SQL Id": 2510907716, "Planner Runtime": 3}, "explain_analyze_plan": {"Plan": {"Node Type": "Aggregate", "Strategy": "Plain", "Startup Cost": 74107.05, "Total Cost": 74107.06, "Plan Rows": 1, "Plan Width": 49, "Actual Startup Time": 752.93, "Actual Total Time": 752.931, "Actual Rows": 1, "Actual Loops": 1, "Plans": [{"Node Type": "Nested Loop", "Parent Relationship": "Outer", "Join Type": "Inner", "Startup Cost": 0.0, "Total Cost": 74102.25, "Plan Rows": 1919, "Plan Width": 17, "Actual Startup Time": 752.924, "Actual Total Time": 752.924, "Actual Rows": 0, "Actual Loops": 1, "Inner Unique": true, "Plans": [{"Node Type": "Nested Loop", "Parent Relationship": "Outer", "Join Type": "Inner", "Startup Cost": 0.0, "Total Cost": 73564.77, "Plan Rows": 1919, "Plan Width": 21, "Actual Startup Time": 752.922, "Actual Total Time": 752.922, "Actual Rows": 0, "Actual Loops": 1, "Inner Unique": false, "Plans": [{"Node Type": "Nested Loop", "Parent Relationship": "Outer", "Join Type": "Inner", "Startup Cost": 0.0, "Total Cost": 71285.47, "Plan Rows": 1869, "Plan Width": 25, "Actual Startup Time": 752.921, "Actual Total Time": 752.921, "Actual Rows": 0, "Actual Loops": 1, "Inner Unique": true, "Plans": [{"Node Type": "Nested Loop", "Parent Relationship": "Outer", "Join Type": "Inner", "Startup Cost": 0.0, "Total Cost": 59668.05, "Plan Rows": 1540, "Plan Width": 4, "Actual Startup Time": 752.919, "Actual Total Time": 752.919, "Actual Rows": 0, "Actual Loops": 1, "Inner Unique": false, "Plans": [{"Node Type": "Index Scan", "Parent Relationship": "Outer", "Scan Direction": "Forward", "Index Name": "company_type_pkey", "Relation Name": "company_type", "Alias": "ct", "Startup Cost": 0.0, "Total Cost": 12.3, "Plan Rows": 1, "Plan Width": 4, "Actual Startup Time": 0.015, "Actual Total Time": 0.026, "Actual Rows": 1, "Actual Loops": 1, "Filter": "((kind)::text = 'production companies'::text)", "Rows Removed by Filter": 2}, {"Node Type": "Index Scan", "Parent Relationship": "Inner", "Scan Direction": "Forward", "Index Name": "company_type_id_movie_companies", "Relation Name": "movie_companies", "Alias": "mc", "Startup Cost": 0.0, "Total Cost": 59640.35, "Plan Rows": 1540, "Plan Width": 8, "Actual Startup Time": 752.888, "Actual Total Time": 752.888, "Actual Rows": 0, "Actual Loops": 1, "Index Cond": "(company_type_id = ct.id)", "Rows Removed by Index Recheck": 0, "Filter": "(((note)::text ~~ '%(theatrical)%'::text) AND ((note)::text ~~ '%(France)%'::text))", "Rows Removed by Filter": 1334883}]}, {"Node Type": "Index Scan", "Parent Relationship": "Inner", "Scan Direction": "Forward", "Index Name": "title_pkey", "Relation Name": "title", "Alias": "t", "Startup Cost": 0.0, "Total Cost": 7.53, "Plan Rows": 1, "Plan Width": 21, "Actual Startup Time": 0.0, "Actual Total Time": 0.0, "Index Cond": "(id = mc.movie_id)", "Rows Removed by Index Recheck": 0, "Filter": "(production_year > 2005)", "Rows Removed by Filter": 0}]}, {"Node Type": "Index Scan", "Parent Relationship": "Inner", "Scan Direction": "Forward", "Index Name": "movie_id_movie_info", "Relation Name": "movie_info", "Alias": "mi", "Startup Cost": 0.0, "Total Cost": 1.21, "Plan Rows": 1, "Plan Width": 8, "Actual Startup Time": 0.0, "Actual Total Time": 0.0, "Index Cond": "(movie_id = t.id)", "Rows Removed by Index Recheck": 0, "Filter": "((info)::text = ANY ('{Sweden,Norway,Germany,Denmark,Swedish,Denish,Norwegian,German}'::text[]))", "Rows Removed by Filter": 0}]}, {"Node Type": "Index Scan", "Parent Relationship": "Inner", "Scan Direction": "Forward", "Index Name": "info_type_pkey", "Relation Name": "info_type", "Alias": "it", "Startup Cost": 0.0, "Total Cost": 0.27, "Plan Rows": 1, "Plan Width": 4, "Actual Startup Time": 0.0, "Actual Total Time": 0.0, "Index Cond": "(id = mi.info_type_id)", "Rows Removed by Index Recheck": 0}]}]}, "Triggers": [], "Planner Runtime": 6.967, "Total Runtime": 753.211, "Unique SQL Id": 2510907716}}, "(1, '46')": {"explain_plan": {"Plan": {"Node Type": "Aggregate", "Strategy": "Plain", "Startup Cost": 583460.98, "Total Cost": 583460.99, "Plan Rows": 1, "Plan Width": 49, "Plans": [{"Node Type": "Nested Loop", "Parent Relationship": "Outer", "Join Type": "Inner", "Startup Cost": 134008.83, "Total Cost": 583456.19, "Plan Rows": 1919, "Plan Width": 17, "Inner Unique": true, "Join Filter": "(mi.info_type_id = it.id)", "Plans": [{"Node Type": "Hash Join", "Parent Relationship": "Outer", "Join Type": "Inner", "Startup Cost": 134008.83, "Total Cost": 580229.87, "Plan Rows": 1919, "Plan Width": 21, "Inner Unique": false, "Hash Cond": "(mi.movie_id = t.id)", "Plans": [{"Node Type": "Seq Scan", "Parent Relationship": "Outer", "Relation Name": "movie_info", "Alias": "mi", "Startup Cost": 0.0, "Total Cost": 445687.32, "Plan Rows": 141478, "Plan Width": 8, "Filter": "((info)::text = ANY ('{Sweden,Norway,Germany,Denmark,Swedish,Denish,Norwegian,German}'::text[]))"}, {"Node Type": "Hash", "Parent Relationship": "Inner", "Startup Cost": 133985.47, "Total Cost": 133985.47, "Plan Rows": 1869, "Plan Width": 25, "Plans": [{"Node Type": "Hash Join", "Parent Relationship": "Outer", "Join Type": "Inner", "Startup Cost": 79058.54, "Total Cost": 133985.47, "Plan Rows": 1869, "Plan Width": 25, "Inner Unique": true, "Hash Cond": "(mc.movie_id = t.id)", "Plans": [{"Node Type": "Nested Loop", "Parent Relationship": "Outer", "Join Type": "Inner", "Startup Cost": 0.0, "Total Cost": 54902.47, "Plan Rows": 1540, "Plan Width": 4, "Inner Unique": false, "Join Filter": "(ct.id = mc.company_type_id)", "Plans": [{"Node Type": "Seq Scan", "Parent Relationship": "Outer", "Relation Name": "company_type", "Alias": "ct", "Startup Cost": 0.0, "Total Cost": 1.04, "Plan Rows": 1, "Plan Width": 4, "Filter": "((kind)::text = 'production companies'::text)"}, {"Node Type": "Seq Scan", "Parent Relationship": "Inner", "Relation Name": "movie_companies", "Alias": "mc", "Startup Cost": 0.0, "Total Cost": 54862.92, "Plan Rows": 3081, "Plan Width": 8, "Filter": "(((note)::text ~~ '%(theatrical)%'::text) AND ((note)::text ~~ '%(France)%'::text))"}]}, {"Node Type": "Hash", "Parent Relationship": "Inner", "Startup Cost": 66389.89, "Total Cost": 66389.89, "Plan Rows": 1013492, "Plan Width": 21, "Plans": [{"Node Type": "Seq Scan", "Parent Relationship": "Outer", "Relation Name": "title", "Alias": "t", "Startup Cost": 0.0, "Total Cost": 66389.89, "Plan Rows": 1013492, "Plan Width": 21, "Filter": "(production_year > 2005), (LLVM Optimized)"}]}]}]}]}, {"Node Type": "Materialize", "Parent Relationship": "Inner", "Startup Cost": 0.0, "Total Cost": 2.68, "Plan Rows": 112, "Plan Width": 4, "Plans": [{"Node Type": "Seq Scan", "Parent Relationship": "Outer", "Relation Name": "info_type", "Alias": "it", "Startup Cost": 0.0, "Total Cost": 2.12, "Plan Rows": 112, "Plan Width": 4}]}]}]}, "Unique SQL Id": 2510907716, "Planner Runtime": 5}, "explain_analyze_plan": {"Plan": {"Node Type": "Aggregate", "Strategy": "Plain", "Startup Cost": 583460.98, "Total Cost": 583460.99, "Plan Rows": 1, "Plan Width": 49, "Actual Startup Time": 1039.724, "Actual Total Time": 1039.725, "Actual Rows": 1, "Actual Loops": 1, "Plans": [{"Node Type": "Nested Loop", "Parent Relationship": "Outer", "Join Type": "Inner", "Startup Cost": 134008.83, "Total Cost": 583456.19, "Plan Rows": 1919, "Plan Width": 17, "Actual Startup Time": 1039.714, "Actual Total Time": 1039.714, "Actual Rows": 0, "Actual Loops": 1, "Inner Unique": true, "Join Filter": "(mi.info_type_id = it.id)", "Rows Removed by Join Filter": 0, "Plans": [{"Node Type": "Hash Join", "Parent Relationship": "Outer", "Join Type": "Inner", "Startup Cost": 134008.83, "Total Cost": 580229.87, "Plan Rows": 1919, "Plan Width": 21, "Actual Startup Time": 1039.674, "Actual Total Time": 1039.674, "Actual Rows": 0, "Actual Loops": 1, "Inner Unique": false, "Hash Cond": "(mi.movie_id = t.id)", "Plans": [{"Node Type": "Seq Scan", "Parent Relationship": "Outer", "Relation Name": "movie_info", "Alias": "mi", "Startup Cost": 0.0, "Total Cost": 445687.32, "Plan Rows": 141478, "Plan Width": 8, "Actual Startup Time": 3.212, "Actual Total Time": 3.212, "Actual Rows": 1, "Actual Loops": 1, "Filter": "((info)::text = ANY ('{Sweden,Norway,Germany,Denmark,Swedish,Denish,Norwegian,German}'::text[]))", "Rows Removed by Filter": 5685}, {"Node Type": "Hash", "Parent Relationship": "Inner", "Startup Cost": 133985.47, "Total Cost": 133985.47, "Plan Rows": 1869, "Plan Width": 25, "Actual Startup Time": 1036.41, "Actual Total Time": 1036.41, "Actual Rows": 0, "Actual Loops": 1, "Hash Buckets": 32768, "Hash Batches": 1, "Original Hash Batches": 1, "Peak Memory Usage": 0, "Plans": [{"Node Type": "Hash Join", "Parent Relationship": "Outer", "Join Type": "Inner", "Startup Cost": 79058.54, "Total Cost": 133985.47, "Plan Rows": 1869, "Plan Width": 25, "Actual Startup Time": 1036.404, "Actual Total Time": 1036.404, "Actual Rows": 0, "Actual Loops": 1, "Inner Unique": true, "Hash Cond": "(mc.movie_id = t.id)", "Plans": [{"Node Type": "Nested Loop", "Parent Relationship": "Outer", "Join Type": "Inner", "Startup Cost": 0.0, "Total Cost": 54902.47, "Plan Rows": 1540, "Plan Width": 4, "Actual Startup Time": 1036.394, "Actual Total Time": 1036.394, "Actual Rows": 0, "Actual Loops": 1, "Inner Unique": false, "Join Filter": "(ct.id = mc.company_type_id)", "Rows Removed by Join Filter": 24025, "Plans": [{"Node Type": "Seq Scan", "Parent Relationship": "Outer", "Relation Name": "company_type", "Alias": "ct", "Startup Cost": 0.0, "Total Cost": 1.04, "Plan Rows": 1, "Plan Width": 4, "Actual Startup Time": 0.014, "Actual Total Time": 0.018, "Actual Rows": 1, "Actual Loops": 1, "Filter": "((kind)::text = 'production companies'::text)", "Rows Removed by Filter": 2}, {"Node Type": "Seq Scan", "Parent Relationship": "Inner", "Relation Name": "movie_companies", "Alias": "mc", "Startup Cost": 0.0, "Total Cost": 54862.92, "Plan Rows": 3081, "Plan Width": 8, "Actual Startup Time": 8.737, "Actual Total Time": 1030.99, "Actual Rows": 24025, "Actual Loops": 1, "Filter": "(((note)::text ~~ '%(theatrical)%'::text) AND ((note)::text ~~ '%(France)%'::text))", "Rows Removed by Filter": 2585103}]}, {"Node Type": "Hash", "Parent Relationship": "Inner", "Startup Cost": 66389.89, "Total Cost": 66389.89, "Plan Rows": 1013492, "Plan Width": 21, "Actual Startup Time": 0.0, "Actual Total Time": 0.0, "Hash Buckets": 0, "Hash Batches": 0, "Original Hash Batches": 0, "Peak Memory Usage": 0, "Plans": [{"Node Type": "Seq Scan", "Parent Relationship": "Outer", "Relation Name": "title", "Alias": "t", "Startup Cost": 0.0, "Total Cost": 66389.89, "Plan Rows": 1013492, "Plan Width": 21, "Actual Startup Time": 0.0, "Actual Total Time": 0.0, "Filter": "(production_year > 2005), (LLVM Optimized, Jit Execute)", "Rows Removed by Filter": 0}]}]}]}]}, {"Node Type": "Materialize", "Parent Relationship": "Inner", "Startup Cost": 0.0, "Total Cost": 2.68, "Plan Rows": 112, "Plan Width": 4, "Actual Startup Time": 0.0, "Actual Total Time": 0.0, "Plans": [{"Node Type": "Seq Scan", "Parent Relationship": "Outer", "Relation Name": "info_type", "Alias": "it", "Startup Cost": 0.0, "Total Cost": 2.12, "Plan Rows": 112, "Plan Width": 4, "Actual Startup Time": 0.0, "Actual Total Time": 0.0}]}]}]}, "Triggers": [], "Planner Runtime": 10.046, "Total Runtime": 1048.351, "Unique SQL Id": 2510907716}}, "(1, '47')": {"explain_plan": {"Plan": {"Node Type": "Aggregate", "Strategy": "Plain", "Startup Cost": 5000171402636.96, "Total Cost": 5000171402636.97, "Plan Rows": 1, "Plan Width": 49, "Plans": [{"Node Type": "Nested Loop", "Parent Relationship": "Outer", "Join Type": "Inner", "Startup Cost": 50000000000.0, "Total Cost": 5000171402632.16, "Plan Rows": 1919, "Plan Width": 17, "Inner Unique": true, "Join Filter": "(mi.info_type_id = it.id)", "Plans": [{"Node Type": "Nested Loop", "Parent Relationship": "Outer", "Join Type": "Inner", "Startup Cost": 40000000000.0, "Total Cost": 4000171398014.96, "Plan Rows": 1919, "Plan Width": 21, "Inner Unique": true, "Join Filter": "(mi.movie_id = t.id)", "Plans": [{"Node Type": "Nested Loop", "Parent Relationship": "Outer", "Join Type": "Inner", "Startup Cost": 30000000000.0, "Total Cost": 3000135716391.79, "Plan Rows": 1581, "Plan Width": 12, "Inner Unique": true, "Join Filter": "(mc.company_type_id = ct.id)", "Plans": [{"Node Type": "Nested Loop", "Parent Relationship": "Outer", "Join Type": "Inner", "Startup Cost": 20000000000.0, "Total Cost": 2000135715114.09, "Plan Rows": 3163, "Plan Width": 16, "Inner Unique": false, "Join Filter": "(mc.movie_id = mi.movie_id)", "Plans": [{"Node Type": "Index Scan", "Parent Relationship": "Outer", "Scan Direction": "Forward", "Index Name": "info_type_id_movie_info", "Relation Name": "movie_info", "Alias": "mi", "Startup Cost": 10000000000.0, "Total Cost": 1000118553919.62, "Plan Rows": 141478, "Plan Width": 8, "Filter": "((info)::text = ANY ('{Sweden,Norway,Germany,Denmark,Swedish,Denish,Norwegian,German}'::text[]))"}, {"Node Type": "Materialize", "Parent Relationship": "Inner", "Startup Cost": 10000000000.0, "Total Cost": 1000010622796.41, "Plan Rows": 3081, "Plan Width": 8, "Plans": [{"Node Type": "Index Scan", "Parent Relationship": "Outer", "Scan Direction": "Forward", "Index Name": "company_type_id_movie_companies", "Relation Name": "movie_companies", "Alias": "mc", "Startup Cost": 10000000000.0, "Total Cost": 1000010622781.0, "Plan Rows": 3081, "Plan Width": 8, "Filter": "(((note)::text ~~ '%(theatrical)%'::text) AND ((note)::text ~~ '%(France)%'::text))"}]}]}, {"Node Type": "Materialize", "Parent Relationship": "Inner", "Startup Cost": 10000000000.0, "Total Cost": 1000000001230.26, "Plan Rows": 1, "Plan Width": 4, "Plans": [{"Node Type": "Index Scan", "Parent Relationship": "Outer", "Scan Direction": "Forward", "Index Name": "company_type_pkey", "Relation Name": "company_type", "Alias": "ct", "Startup Cost": 10000000000.0, "Total Cost": 1000000001230.25, "Plan Rows": 1, "Plan Width": 4, "Filter": "((kind)::text = 'production companies'::text)"}]}]}, {"Node Type": "Materialize", "Parent Relationship": "Inner", "Startup Cost": 10000000000.0, "Total Cost": 1000011649194.12, "Plan Rows": 1013492, "Plan Width": 21, "Plans": [{"Node Type": "Index Scan", "Parent Relationship": "Outer", "Scan Direction": "Forward", "Index Name": "title_pkey", "Relation Name": "title", "Alias": "t", "Startup Cost": 10000000000.0, "Total Cost": 1000011644126.66, "Plan Rows": 1013492, "Plan Width": 21, "Filter": "(production_year > 2005), (LLVM Optimized)"}]}]}, {"Node Type": "Materialize", "Parent Relationship": "Inner", "Startup Cost": 10000000000.0, "Total Cost": 1000000001393.56, "Plan Rows": 112, "Plan Width": 4, "Plans": [{"Node Type": "Index Scan", "Parent Relationship": "Outer", "Scan Direction": "Forward", "Index Name": "info_type_pkey", "Relation Name": "info_type", "Alias": "it", "Startup Cost": 10000000000.0, "Total Cost": 1000000001393.0, "Plan Rows": 112, "Plan Width": 4}]}]}]}, "Unique SQL Id": 2510907716, "Planner Runtime": 5}, "explain_analyze_plan": null}, "(1, '48')": {"explain_plan": {"Plan": {"Node Type": "Aggregate", "Strategy": "Plain", "Startup Cost": 69341.41, "Total Cost": 69341.42, "Plan Rows": 1, "Plan Width": 49, "Plans": [{"Node Type": "Nested Loop", "Parent Relationship": "Outer", "Join Type": "Inner", "Startup Cost": 0.0, "Total Cost": 69336.61, "Plan Rows": 1919, "Plan Width": 17, "Inner Unique": true, "Plans": [{"Node Type": "Nested Loop", "Parent Relationship": "Outer", "Join Type": "Inner", "Startup Cost": 0.0, "Total Cost": 68799.18, "Plan Rows": 1919, "Plan Width": 21, "Inner Unique": false, "Plans": [{"Node Type": "Nested Loop", "Parent Relationship": "Outer", "Join Type": "Inner", "Startup Cost": 0.0, "Total Cost": 66519.89, "Plan Rows": 1869, "Plan Width": 25, "Inner Unique": true, "Plans": [{"Node Type": "Nested Loop", "Parent Relationship": "Outer", "Join Type": "Inner", "Startup Cost": 0.0, "Total Cost": 54902.47, "Plan Rows": 1540, "Plan Width": 4, "Inner Unique": false, "Join Filter": "(ct.id = mc.company_type_id)", "Plans": [{"Node Type": "Seq Scan", "Parent Relationship": "Outer", "Relation Name": "company_type", "Alias": "ct", "Startup Cost": 0.0, "Total Cost": 1.04, "Plan Rows": 1, "Plan Width": 4, "Filter": "((kind)::text = 'production companies'::text)"}, {"Node Type": "Seq Scan", "Parent Relationship": "Inner", "Relation Name": "movie_companies", "Alias": "mc", "Startup Cost": 0.0, "Total Cost": 54862.92, "Plan Rows": 3081, "Plan Width": 8, "Filter": "(((note)::text ~~ '%(theatrical)%'::text) AND ((note)::text ~~ '%(France)%'::text))"}]}, {"Node Type": "Index Scan", "Parent Relationship": "Inner", "Scan Direction": "Forward", "Index Name": "title_pkey", "Relation Name": "title", "Alias": "t", "Startup Cost": 0.0, "Total Cost": 7.53, "Plan Rows": 1, "Plan Width": 21, "Index Cond": "(id = mc.movie_id)", "Filter": "(production_year > 2005)"}]}, {"Node Type": "Index Scan", "Parent Relationship": "Inner", "Scan Direction": "Forward", "Index Name": "movie_id_movie_info", "Relation Name": "movie_info", "Alias": "mi", "Startup Cost": 0.0, "Total Cost": 1.21, "Plan Rows": 1, "Plan Width": 8, "Index Cond": "(movie_id = t.id)", "Filter": "((info)::text = ANY ('{Sweden,Norway,Germany,Denmark,Swedish,Denish,Norwegian,German}'::text[]))"}]}, {"Node Type": "Index Only Scan", "Parent Relationship": "Inner", "Scan Direction": "Forward", "Index Name": "info_type_pkey", "Relation Name": "info_type", "Alias": "it", "Startup Cost": 0.0, "Total Cost": 0.27, "Plan Rows": 1, "Plan Width": 4, "Index Cond": "(id = mi.info_type_id)"}]}]}, "Unique SQL Id": 2510907716, "Planner Runtime": 3}, "explain_analyze_plan": {"Plan": {"Node Type": "Aggregate", "Strategy": "Plain", "Startup Cost": 69341.41, "Total Cost": 69341.42, "Plan Rows": 1, "Plan Width": 49, "Actual Startup Time": 1042.689, "Actual Total Time": 1042.69, "Actual Rows": 1, "Actual Loops": 1, "Plans": [{"Node Type": "Nested Loop", "Parent Relationship": "Outer", "Join Type": "Inner", "Startup Cost": 0.0, "Total Cost": 69336.61, "Plan Rows": 1919, "Plan Width": 17, "Actual Startup Time": 1042.681, "Actual Total Time": 1042.681, "Actual Rows": 0, "Actual Loops": 1, "Inner Unique": true, "Plans": [{"Node Type": "Nested Loop", "Parent Relationship": "Outer", "Join Type": "Inner", "Startup Cost": 0.0, "Total Cost": 68799.18, "Plan Rows": 1919, "Plan Width": 21, "Actual Startup Time": 1042.679, "Actual Total Time": 1042.679, "Actual Rows": 0, "Actual Loops": 1, "Inner Unique": false, "Plans": [{"Node Type": "Nested Loop", "Parent Relationship": "Outer", "Join Type": "Inner", "Startup Cost": 0.0, "Total Cost": 66519.89, "Plan Rows": 1869, "Plan Width": 25, "Actual Startup Time": 1042.677, "Actual Total Time": 1042.677, "Actual Rows": 0, "Actual Loops": 1, "Inner Unique": true, "Plans": [{"Node Type": "Nested Loop", "Parent Relationship": "Outer", "Join Type": "Inner", "Startup Cost": 0.0, "Total Cost": 54902.47, "Plan Rows": 1540, "Plan Width": 4, "Actual Startup Time": 1042.676, "Actual Total Time": 1042.676, "Actual Rows": 0, "Actual Loops": 1, "Inner Unique": false, "Join Filter": "(ct.id = mc.company_type_id)", "Rows Removed by Join Filter": 24025, "Plans": [{"Node Type": "Seq Scan", "Parent Relationship": "Outer", "Relation Name": "company_type", "Alias": "ct", "Startup Cost": 0.0, "Total Cost": 1.04, "Plan Rows": 1, "Plan Width": 4, "Actual Startup Time": 0.02, "Actual Total Time": 0.027, "Actual Rows": 1, "Actual Loops": 1, "Filter": "((kind)::text = 'production companies'::text)", "Rows Removed by Filter": 2}, {"Node Type": "Seq Scan", "Parent Relationship": "Inner", "Relation Name": "movie_companies", "Alias": "mc", "Startup Cost": 0.0, "Total Cost": 54862.92, "Plan Rows": 3081, "Plan Width": 8, "Actual Startup Time": 8.674, "Actual Total Time": 1037.406, "Actual Rows": 24025, "Actual Loops": 1, "Filter": "(((note)::text ~~ '%(theatrical)%'::text) AND ((note)::text ~~ '%(France)%'::text))", "Rows Removed by Filter": 2585103}]}, {"Node Type": "Index Scan", "Parent Relationship": "Inner", "Scan Direction": "Forward", "Index Name": "title_pkey", "Relation Name": "title", "Alias": "t", "Startup Cost": 0.0, "Total Cost": 7.53, "Plan Rows": 1, "Plan Width": 21, "Actual Startup Time": 0.0, "Actual Total Time": 0.0, "Index Cond": "(id = mc.movie_id)", "Rows Removed by Index Recheck": 0, "Filter": "(production_year > 2005)", "Rows Removed by Filter": 0}]}, {"Node Type": "Index Scan", "Parent Relationship": "Inner", "Scan Direction": "Forward", "Index Name": "movie_id_movie_info", "Relation Name": "movie_info", "Alias": "mi", "Startup Cost": 0.0, "Total Cost": 1.21, "Plan Rows": 1, "Plan Width": 8, "Actual Startup Time": 0.0, "Actual Total Time": 0.0, "Index Cond": "(movie_id = t.id)", "Rows Removed by Index Recheck": 0, "Filter": "((info)::text = ANY ('{Sweden,Norway,Germany,Denmark,Swedish,Denish,Norwegian,German}'::text[]))", "Rows Removed by Filter": 0}]}, {"Node Type": "Index Only Scan", "Parent Relationship": "Inner", "Scan Direction": "Forward", "Index Name": "info_type_pkey", "Relation Name": "info_type", "Alias": "it", "Startup Cost": 0.0, "Total Cost": 0.27, "Plan Rows": 1, "Plan Width": 4, "Actual Startup Time": 0.0, "Actual Total Time": 0.0, "Index Cond": "(id = mi.info_type_id)", "Rows Removed by Index Recheck": 0, "Heap Fetches": 0}]}]}, "Triggers": [], "Planner Runtime": 7.451, "Total Runtime": 1043.05, "Unique SQL Id": 2510907716}}, "(1, '49')": {"explain_plan": {"Plan": {"Node Type": "Aggregate", "Strategy": "Plain", "Startup Cost": 74106.99, "Total Cost": 74107.0, "Plan Rows": 1, "Plan Width": 49, "Plans": [{"Node Type": "Nested Loop", "Parent Relationship": "Outer", "Join Type": "Inner", "Startup Cost": 0.0, "Total Cost": 74102.19, "Plan Rows": 1919, "Plan Width": 17, "Inner Unique": true, "Plans": [{"Node Type": "Nested Loop", "Parent Relationship": "Outer", "Join Type": "Inner", "Startup Cost": 0.0, "Total Cost": 73564.77, "Plan Rows": 1919, "Plan Width": 21, "Inner Unique": false, "Plans": [{"Node Type": "Nested Loop", "Parent Relationship": "Outer", "Join Type": "Inner", "Startup Cost": 0.0, "Total Cost": 71285.47, "Plan Rows": 1869, "Plan Width": 25, "Inner Unique": true, "Plans": [{"Node Type": "Nested Loop", "Parent Relationship": "Outer", "Join Type": "Inner", "Startup Cost": 0.0, "Total Cost": 59668.05, "Plan Rows": 1540, "Plan Width": 4, "Inner Unique": false, "Plans": [{"Node Type": "Index Scan", "Parent Relationship": "Outer", "Scan Direction": "Forward", "Index Name": "company_type_pkey", "Relation Name": "company_type", "Alias": "ct", "Startup Cost": 0.0, "Total Cost": 12.3, "Plan Rows": 1, "Plan Width": 4, "Filter": "((kind)::text = 'production companies'::text)"}, {"Node Type": "Index Scan", "Parent Relationship": "Inner", "Scan Direction": "Forward", "Index Name": "company_type_id_movie_companies", "Relation Name": "movie_companies", "Alias": "mc", "Startup Cost": 0.0, "Total Cost": 59640.35, "Plan Rows": 1540, "Plan Width": 8, "Index Cond": "(company_type_id = ct.id)", "Filter": "(((note)::text ~~ '%(theatrical)%'::text) AND ((note)::text ~~ '%(France)%'::text))"}]}, {"Node Type": "Index Scan", "Parent Relationship": "Inner", "Scan Direction": "Forward", "Index Name": "title_pkey", "Relation Name": "title", "Alias": "t", "Startup Cost": 0.0, "Total Cost": 7.53, "Plan Rows": 1, "Plan Width": 21, "Index Cond": "(id = mc.movie_id)", "Filter": "(production_year > 2005)"}]}, {"Node Type": "Index Scan", "Parent Relationship": "Inner", "Scan Direction": "Forward", "Index Name": "movie_id_movie_info", "Relation Name": "movie_info", "Alias": "mi", "Startup Cost": 0.0, "Total Cost": 1.21, "Plan Rows": 1, "Plan Width": 8, "Index Cond": "(movie_id = t.id)", "Filter": "((info)::text = ANY ('{Sweden,Norway,Germany,Denmark,Swedish,Denish,Norwegian,German}'::text[]))"}]}, {"Node Type": "Index Only Scan", "Parent Relationship": "Inner", "Scan Direction": "Forward", "Index Name": "info_type_pkey", "Relation Name": "info_type", "Alias": "it", "Startup Cost": 0.0, "Total Cost": 0.27, "Plan Rows": 1, "Plan Width": 4, "Index Cond": "(id = mi.info_type_id)"}]}]}, "Unique SQL Id": 2510907716, "Planner Runtime": 2}, "explain_analyze_plan": {"Plan": {"Node Type": "Aggregate", "Strategy": "Plain", "Startup Cost": 74106.99, "Total Cost": 74107.0, "Plan Rows": 1, "Plan Width": 49, "Actual Startup Time": 633.715, "Actual Total Time": 633.716, "Actual Rows": 1, "Actual Loops": 1, "Plans": [{"Node Type": "Nested Loop", "Parent Relationship": "Outer", "Join Type": "Inner", "Startup Cost": 0.0, "Total Cost": 74102.19, "Plan Rows": 1919, "Plan Width": 17, "Actual Startup Time": 633.706, "Actual Total Time": 633.706, "Actual Rows": 0, "Actual Loops": 1, "Inner Unique": true, "Plans": [{"Node Type": "Nested Loop", "Parent Relationship": "Outer", "Join Type": "Inner", "Startup Cost": 0.0, "Total Cost": 73564.77, "Plan Rows": 1919, "Plan Width": 21, "Actual Startup Time": 633.704, "Actual Total Time": 633.704, "Actual Rows": 0, "Actual Loops": 1, "Inner Unique": false, "Plans": [{"Node Type": "Nested Loop", "Parent Relationship": "Outer", "Join Type": "Inner", "Startup Cost": 0.0, "Total Cost": 71285.47, "Plan Rows": 1869, "Plan Width": 25, "Actual Startup Time": 633.703, "Actual Total Time": 633.703, "Actual Rows": 0, "Actual Loops": 1, "Inner Unique": true, "Plans": [{"Node Type": "Nested Loop", "Parent Relationship": "Outer", "Join Type": "Inner", "Startup Cost": 0.0, "Total Cost": 59668.05, "Plan Rows": 1540, "Plan Width": 4, "Actual Startup Time": 633.702, "Actual Total Time": 633.702, "Actual Rows": 0, "Actual Loops": 1, "Inner Unique": false, "Plans": [{"Node Type": "Index Scan", "Parent Relationship": "Outer", "Scan Direction": "Forward", "Index Name": "company_type_pkey", "Relation Name": "company_type", "Alias": "ct", "Startup Cost": 0.0, "Total Cost": 12.3, "Plan Rows": 1, "Plan Width": 4, "Actual Startup Time": 0.021, "Actual Total Time": 0.027, "Actual Rows": 1, "Actual Loops": 1, "Filter": "((kind)::text = 'production companies'::text)", "Rows Removed by Filter": 2}, {"Node Type": "Index Scan", "Parent Relationship": "Inner", "Scan Direction": "Forward", "Index Name": "company_type_id_movie_companies", "Relation Name": "movie_companies", "Alias": "mc", "Startup Cost": 0.0, "Total Cost": 59640.35, "Plan Rows": 1540, "Plan Width": 8, "Actual Startup Time": 633.668, "Actual Total Time": 633.668, "Actual Rows": 0, "Actual Loops": 1, "Index Cond": "(company_type_id = ct.id)", "Rows Removed by Index Recheck": 0, "Filter": "(((note)::text ~~ '%(theatrical)%'::text) AND ((note)::text ~~ '%(France)%'::text))", "Rows Removed by Filter": 1334883}]}, {"Node Type": "Index Scan", "Parent Relationship": "Inner", "Scan Direction": "Forward", "Index Name": "title_pkey", "Relation Name": "title", "Alias": "t", "Startup Cost": 0.0, "Total Cost": 7.53, "Plan Rows": 1, "Plan Width": 21, "Actual Startup Time": 0.0, "Actual Total Time": 0.0, "Index Cond": "(id = mc.movie_id)", "Rows Removed by Index Recheck": 0, "Filter": "(production_year > 2005)", "Rows Removed by Filter": 0}]}, {"Node Type": "Index Scan", "Parent Relationship": "Inner", "Scan Direction": "Forward", "Index Name": "movie_id_movie_info", "Relation Name": "movie_info", "Alias": "mi", "Startup Cost": 0.0, "Total Cost": 1.21, "Plan Rows": 1, "Plan Width": 8, "Actual Startup Time": 0.0, "Actual Total Time": 0.0, "Index Cond": "(movie_id = t.id)", "Rows Removed by Index Recheck": 0, "Filter": "((info)::text = ANY ('{Sweden,Norway,Germany,Denmark,Swedish,Denish,Norwegian,German}'::text[]))", "Rows Removed by Filter": 0}]}, {"Node Type": "Index Only Scan", "Parent Relationship": "Inner", "Scan Direction": "Forward", "Index Name": "info_type_pkey", "Relation Name": "info_type", "Alias": "it", "Startup Cost": 0.0, "Total Cost": 0.27, "Plan Rows": 1, "Plan Width": 4, "Actual Startup Time": 0.0, "Actual Total Time": 0.0, "Index Cond": "(id = mi.info_type_id)", "Rows Removed by Index Recheck": 0, "Heap Fetches": 0}]}]}, "Triggers": [], "Planner Runtime": 6.763, "Total Runtime": 633.955, "Unique SQL Id": 2510907716}}, "(1, '50')": {"explain_plan": {"Plan": {"Node Type": "Aggregate", "Strategy": "Plain", "Startup Cost": 78673.23, "Total Cost": 78673.24, "Plan Rows": 1, "Plan Width": 49, "Plans": [{"Node Type": "Nested Loop", "Parent Relationship": "Outer", "Join Type": "Inner", "Startup Cost": 4.2, "Total Cost": 78668.43, "Plan Rows": 1919, "Plan Width": 17, "Inner Unique": true, "Join Filter": "(mi.info_type_id = it.id)", "Plans": [{"Node Type": "Nested Loop", "Parent Relationship": "Outer", "Join Type": "Inner", "Startup Cost": 4.2, "Total Cost": 75442.11, "Plan Rows": 1919, "Plan Width": 21, "Inner Unique": false, "Plans": [{"Node Type": "Nested Loop", "Parent Relationship": "Outer", "Join Type": "Inner", "Startup Cost": 3.69, "Total Cost": 66780.19, "Plan Rows": 1869, "Plan Width": 25, "Inner Unique": true, "Plans": [{"Node Type": "Nested Loop", "Parent Relationship": "Outer", "Join Type": "Inner", "Startup Cost": 0.0, "Total Cost": 54902.47, "Plan Rows": 1540, "Plan Width": 4, "Inner Unique": false, "Join Filter": "(ct.id = mc.company_type_id)", "Plans": [{"Node Type": "Seq Scan", "Parent Relationship": "Outer", "Relation Name": "company_type", "Alias": "ct", "Startup Cost": 0.0, "Total Cost": 1.04, "Plan Rows": 1, "Plan Width": 4, "Filter": "((kind)::text = 'production companies'::text)"}, {"Node Type": "Seq Scan", "Parent Relationship": "Inner", "Relation Name": "movie_companies", "Alias": "mc", "Startup Cost": 0.0, "Total Cost": 54862.92, "Plan Rows": 3081, "Plan Width": 8, "Filter": "(((note)::text ~~ '%(theatrical)%'::text) AND ((note)::text ~~ '%(France)%'::text))"}]}, {"Node Type": "Bitmap Heap Scan", "Parent Relationship": "Inner", "Relation Name": "title", "Alias": "t", "Startup Cost": 3.69, "Total Cost": 7.7, "Plan Rows": 1, "Plan Width": 21, "Recheck Cond": "(id = mc.movie_id)", "Filter": "(production_year > 2005)", "Plans": [{"Node Type": "Bitmap Index Scan", "Parent Relationship": "Outer", "Index Name": "title_pkey", "Startup Cost": 0.0, "Total Cost": 3.69, "Plan Rows": 1, "Plan Width": 0, "Index Cond": "(id = mc.movie_id)"}]}]}, {"Node Type": "Bitmap Heap Scan", "Parent Relationship": "Inner", "Relation Name": "movie_info", "Alias": "mi", "Startup Cost": 0.51, "Total Cost": 4.62, "Plan Rows": 1, "Plan Width": 8, "Recheck Cond": "(movie_id = t.id)", "Filter": "((info)::text = ANY ('{Sweden,Norway,Germany,Denmark,Swedish,Denish,Norwegian,German}'::text[]))", "Plans": [{"Node Type": "Bitmap Index Scan", "Parent Relationship": "Outer", "Index Name": "movie_id_movie_info", "Startup Cost": 0.0, "Total Cost": 0.51, "Plan Rows": 5, "Plan Width": 0, "Index Cond": "(movie_id = t.id)"}]}]}, {"Node Type": "Materialize", "Parent Relationship": "Inner", "Startup Cost": 0.0, "Total Cost": 2.68, "Plan Rows": 112, "Plan Width": 4, "Plans": [{"Node Type": "Seq Scan", "Parent Relationship": "Outer", "Relation Name": "info_type", "Alias": "it", "Startup Cost": 0.0, "Total Cost": 2.12, "Plan Rows": 112, "Plan Width": 4}]}]}]}, "Unique SQL Id": 2510907716, "Planner Runtime": 3}, "explain_analyze_plan": {"Plan": {"Node Type": "Aggregate", "Strategy": "Plain", "Startup Cost": 78673.23, "Total Cost": 78673.24, "Plan Rows": 1, "Plan Width": 49, "Actual Startup Time": 1031.722, "Actual Total Time": 1031.722, "Actual Rows": 1, "Actual Loops": 1, "Plans": [{"Node Type": "Nested Loop", "Parent Relationship": "Outer", "Join Type": "Inner", "Startup Cost": 4.2, "Total Cost": 78668.43, "Plan Rows": 1919, "Plan Width": 17, "Actual Startup Time": 1031.712, "Actual Total Time": 1031.712, "Actual Rows": 0, "Actual Loops": 1, "Inner Unique": true, "Join Filter": "(mi.info_type_id = it.id)", "Rows Removed by Join Filter": 0, "Plans": [{"Node Type": "Nested Loop", "Parent Relationship": "Outer", "Join Type": "Inner", "Startup Cost": 4.2, "Total Cost": 75442.11, "Plan Rows": 1919, "Plan Width": 21, "Actual Startup Time": 1031.71, "Actual Total Time": 1031.71, "Actual Rows": 0, "Actual Loops": 1, "Inner Unique": false, "Plans": [{"Node Type": "Nested Loop", "Parent Relationship": "Outer", "Join Type": "Inner", "Startup Cost": 3.69, "Total Cost": 66780.19, "Plan Rows": 1869, "Plan Width": 25, "Actual Startup Time": 1031.709, "Actual Total Time": 1031.709, "Actual Rows": 0, "Actual Loops": 1, "Inner Unique": true, "Plans": [{"Node Type": "Nested Loop", "Parent Relationship": "Outer", "Join Type": "Inner", "Startup Cost": 0.0, "Total Cost": 54902.47, "Plan Rows": 1540, "Plan Width": 4, "Actual Startup Time": 1031.708, "Actual Total Time": 1031.708, "Actual Rows": 0, "Actual Loops": 1, "Inner Unique": false, "Join Filter": "(ct.id = mc.company_type_id)", "Rows Removed by Join Filter": 24025, "Plans": [{"Node Type": "Seq Scan", "Parent Relationship": "Outer", "Relation Name": "company_type", "Alias": "ct", "Startup Cost": 0.0, "Total Cost": 1.04, "Plan Rows": 1, "Plan Width": 4, "Actual Startup Time": 0.027, "Actual Total Time": 0.031, "Actual Rows": 1, "Actual Loops": 1, "Filter": "((kind)::text = 'production companies'::text)", "Rows Removed by Filter": 2}, {"Node Type": "Seq Scan", "Parent Relationship": "Inner", "Relation Name": "movie_companies", "Alias": "mc", "Startup Cost": 0.0, "Total Cost": 54862.92, "Plan Rows": 3081, "Plan Width": 8, "Actual Startup Time": 8.785, "Actual Total Time": 1026.296, "Actual Rows": 24025, "Actual Loops": 1, "Filter": "(((note)::text ~~ '%(theatrical)%'::text) AND ((note)::text ~~ '%(France)%'::text))", "Rows Removed by Filter": 2585103}]}, {"Node Type": "Bitmap Heap Scan", "Parent Relationship": "Inner", "Relation Name": "title", "Alias": "t", "Startup Cost": 3.69, "Total Cost": 7.7, "Plan Rows": 1, "Plan Width": 21, "Actual Startup Time": 0.0, "Actual Total Time": 0.0, "Recheck Cond": "(id = mc.movie_id)", "Rows Removed by Index Recheck": 0, "Filter": "(production_year > 2005)", "Rows Removed by Filter": 0, "Exact Heap Blocks": 0, "Lossy Heap Blocks": 0, "Plans": [{"Node Type": "Bitmap Index Scan", "Parent Relationship": "Outer", "Index Name": "title_pkey", "Startup Cost": 0.0, "Total Cost": 3.69, "Plan Rows": 1, "Plan Width": 0, "Actual Startup Time": 0.0, "Actual Total Time": 0.0, "Index Cond": "(id = mc.movie_id)"}]}]}, {"Node Type": "Bitmap Heap Scan", "Parent Relationship": "Inner", "Relation Name": "movie_info", "Alias": "mi", "Startup Cost": 0.51, "Total Cost": 4.62, "Plan Rows": 1, "Plan Width": 8, "Actual Startup Time": 0.0, "Actual Total Time": 0.0, "Recheck Cond": "(movie_id = t.id)", "Rows Removed by Index Recheck": 0, "Filter": "((info)::text = ANY ('{Sweden,Norway,Germany,Denmark,Swedish,Denish,Norwegian,German}'::text[]))", "Rows Removed by Filter": 0, "Exact Heap Blocks": 0, "Lossy Heap Blocks": 0, "Plans": [{"Node Type": "Bitmap Index Scan", "Parent Relationship": "Outer", "Index Name": "movie_id_movie_info", "Startup Cost": 0.0, "Total Cost": 0.51, "Plan Rows": 5, "Plan Width": 0, "Actual Startup Time": 0.0, "Actual Total Time": 0.0, "Index Cond": "(movie_id = t.id)"}]}]}, {"Node Type": "Materialize", "Parent Relationship": "Inner", "Startup Cost": 0.0, "Total Cost": 2.68, "Plan Rows": 112, "Plan Width": 4, "Actual Startup Time": 0.0, "Actual Total Time": 0.0, "Plans": [{"Node Type": "Seq Scan", "Parent Relationship": "Outer", "Relation Name": "info_type", "Alias": "it", "Startup Cost": 0.0, "Total Cost": 2.12, "Plan Rows": 112, "Plan Width": 4, "Actual Startup Time": 0.0, "Actual Total Time": 0.0}]}]}]}, "Triggers": [], "Planner Runtime": 2.982, "Total Runtime": 1031.979, "Unique SQL Id": 2510907716}}, "(1, '51')": {"explain_plan": {"Plan": {"Node Type": "Aggregate", "Strategy": "Plain", "Startup Cost": 1000010696765.6, "Total Cost": 1000010696765.61, "Plan Rows": 1, "Plan Width": 49, "Plans": [{"Node Type": "Nested Loop", "Parent Relationship": "Outer", "Join Type": "Inner", "Startup Cost": 10000000004.72, "Total Cost": 1000010696760.8, "Plan Rows": 1919, "Plan Width": 17, "Inner Unique": true, "Plans": [{"Node Type": "Nested Loop", "Parent Relationship": "Outer", "Join Type": "Inner", "Startup Cost": 10000000004.46, "Total Cost": 1000010680309.36, "Plan Rows": 3839, "Plan Width": 21, "Inner Unique": true, "Plans": [{"Node Type": "Nested Loop", "Parent Relationship": "Outer", "Join Type": "Inner", "Startup Cost": 10000000004.2, "Total Cost": 1000010663877.26, "Plan Rows": 3839, "Plan Width": 25, "Inner Unique": false, "Plans": [{"Node Type": "Nested Loop", "Parent Relationship": "Outer", "Join Type": "Inner", "Startup Cost": 10000000003.69, "Total Cost": 1000010646544.15, "Plan Rows": 3740, "Plan Width": 29, "Inner Unique": true, "Plans": [{"Node Type": "Index Scan", "Parent Relationship": "Outer", "Scan Direction": "Forward", "Index Name": "company_type_id_movie_companies", "Relation Name": "movie_companies", "Alias": "mc", "Startup Cost": 10000000000.0, "Total Cost": 1000010622781.0, "Plan Rows": 3081, "Plan Width": 8, "Filter": "(((note)::text ~~ '%(theatrical)%'::text) AND ((note)::text ~~ '%(France)%'::text))"}, {"Node Type": "Bitmap Heap Scan", "Parent Relationship": "Inner", "Relation Name": "title", "Alias": "t", "Startup Cost": 3.69, "Total Cost": 7.7, "Plan Rows": 1, "Plan Width": 21, "Recheck Cond": "(id = mc.movie_id)", "Filter": "(production_year > 2005)", "Plans": [{"Node Type": "Bitmap Index Scan", "Parent Relationship": "Outer", "Index Name": "title_pkey", "Startup Cost": 0.0, "Total Cost": 3.69, "Plan Rows": 1, "Plan Width": 0, "Index Cond": "(id = mc.movie_id)"}]}]}, {"Node Type": "Bitmap Heap Scan", "Parent Relationship": "Inner", "Relation Name": "movie_info", "Alias": "mi", "Startup Cost": 0.51, "Total Cost": 4.62, "Plan Rows": 1, "Plan Width": 8, "Recheck Cond": "(movie_id = t.id)", "Filter": "((info)::text = ANY ('{Sweden,Norway,Germany,Denmark,Swedish,Denish,Norwegian,German}'::text[]))", "Plans": [{"Node Type": "Bitmap Index Scan", "Parent Relationship": "Outer", "Index Name": "movie_id_movie_info", "Startup Cost": 0.0, "Total Cost": 0.51, "Plan Rows": 5, "Plan Width": 0, "Index Cond": "(movie_id = t.id)"}]}]}, {"Node Type": "Bitmap Heap Scan", "Parent Relationship": "Inner", "Relation Name": "info_type", "Alias": "it", "Startup Cost": 0.26, "Total Cost": 4.27, "Plan Rows": 1, "Plan Width": 4, "Recheck Cond": "(id = mi.info_type_id)", "Plans": [{"Node Type": "Bitmap Index Scan", "Parent Relationship": "Outer", "Index Name": "info_type_pkey", "Startup Cost": 0.0, "Total Cost": 0.26, "Plan Rows": 1, "Plan Width": 0, "Index Cond": "(id = mi.info_type_id)"}]}]}, {"Node Type": "Bitmap Heap Scan", "Parent Relationship": "Inner", "Relation Name": "company_type", "Alias": "ct", "Startup Cost": 0.26, "Total Cost": 4.28, "Plan Rows": 1, "Plan Width": 4, "Recheck Cond": "(id = mc.company_type_id)", "Filter": "((kind)::text = 'production companies'::text)", "Plans": [{"Node Type": "Bitmap Index Scan", "Parent Relationship": "Outer", "Index Name": "company_type_pkey", "Startup Cost": 0.0, "Total Cost": 0.26, "Plan Rows": 1, "Plan Width": 0, "Index Cond": "(id = mc.company_type_id)"}]}]}]}, "Unique SQL Id": 2510907716, "Planner Runtime": 3}, "explain_analyze_plan": null}, "(1, '52')": {"explain_plan": {"Plan": {"Node Type": "Aggregate", "Strategy": "Plain", "Startup Cost": 69341.46, "Total Cost": 69341.47, "Plan Rows": 1, "Plan Width": 49, "Plans": [{"Node Type": "Nested Loop", "Parent Relationship": "Outer", "Join Type": "Inner", "Startup Cost": 0.0, "Total Cost": 69336.67, "Plan Rows": 1919, "Plan Width": 17, "Inner Unique": true, "Plans": [{"Node Type": "Nested Loop", "Parent Relationship": "Outer", "Join Type": "Inner", "Startup Cost": 0.0, "Total Cost": 68799.18, "Plan Rows": 1919, "Plan Width": 21, "Inner Unique": false, "Plans": [{"Node Type": "Nested Loop", "Parent Relationship": "Outer", "Join Type": "Inner", "Startup Cost": 0.0, "Total Cost": 66519.89, "Plan Rows": 1869, "Plan Width": 25, "Inner Unique": true, "Plans": [{"Node Type": "Nested Loop", "Parent Relationship": "Outer", "Join Type": "Inner", "Startup Cost": 0.0, "Total Cost": 54902.47, "Plan Rows": 1540, "Plan Width": 4, "Inner Unique": false, "Join Filter": "(ct.id = mc.company_type_id)", "Plans": [{"Node Type": "Seq Scan", "Parent Relationship": "Outer", "Relation Name": "company_type", "Alias": "ct", "Startup Cost": 0.0, "Total Cost": 1.04, "Plan Rows": 1, "Plan Width": 4, "Filter": "((kind)::text = 'production companies'::text)"}, {"Node Type": "Seq Scan", "Parent Relationship": "Inner", "Relation Name": "movie_companies", "Alias": "mc", "Startup Cost": 0.0, "Total Cost": 54862.92, "Plan Rows": 3081, "Plan Width": 8, "Filter": "(((note)::text ~~ '%(theatrical)%'::text) AND ((note)::text ~~ '%(France)%'::text))"}]}, {"Node Type": "Index Scan", "Parent Relationship": "Inner", "Scan Direction": "Forward", "Index Name": "title_pkey", "Relation Name": "title", "Alias": "t", "Startup Cost": 0.0, "Total Cost": 7.53, "Plan Rows": 1, "Plan Width": 21, "Index Cond": "(id = mc.movie_id)", "Filter": "(production_year > 2005)"}]}, {"Node Type": "Index Scan", "Parent Relationship": "Inner", "Scan Direction": "Forward", "Index Name": "movie_id_movie_info", "Relation Name": "movie_info", "Alias": "mi", "Startup Cost": 0.0, "Total Cost": 1.21, "Plan Rows": 1, "Plan Width": 8, "Index Cond": "(movie_id = t.id)", "Filter": "((info)::text = ANY ('{Sweden,Norway,Germany,Denmark,Swedish,Denish,Norwegian,German}'::text[]))"}]}, {"Node Type": "Index Scan", "Parent Relationship": "Inner", "Scan Direction": "Forward", "Index Name": "info_type_pkey", "Relation Name": "info_type", "Alias": "it", "Startup Cost": 0.0, "Total Cost": 0.27, "Plan Rows": 1, "Plan Width": 4, "Index Cond": "(id = mi.info_type_id)"}]}]}, "Unique SQL Id": 2510907716, "Planner Runtime": 2}, "explain_analyze_plan": {"Plan": {"Node Type": "Aggregate", "Strategy": "Plain", "Startup Cost": 69341.46, "Total Cost": 69341.47, "Plan Rows": 1, "Plan Width": 49, "Actual Startup Time": 1050.618, "Actual Total Time": 1050.618, "Actual Rows": 1, "Actual Loops": 1, "Plans": [{"Node Type": "Nested Loop", "Parent Relationship": "Outer", "Join Type": "Inner", "Startup Cost": 0.0, "Total Cost": 69336.67, "Plan Rows": 1919, "Plan Width": 17, "Actual Startup Time": 1050.61, "Actual Total Time": 1050.61, "Actual Rows": 0, "Actual Loops": 1, "Inner Unique": true, "Plans": [{"Node Type": "Nested Loop", "Parent Relationship": "Outer", "Join Type": "Inner", "Startup Cost": 0.0, "Total Cost": 68799.18, "Plan Rows": 1919, "Plan Width": 21, "Actual Startup Time": 1050.608, "Actual Total Time": 1050.608, "Actual Rows": 0, "Actual Loops": 1, "Inner Unique": false, "Plans": [{"Node Type": "Nested Loop", "Parent Relationship": "Outer", "Join Type": "Inner", "Startup Cost": 0.0, "Total Cost": 66519.89, "Plan Rows": 1869, "Plan Width": 25, "Actual Startup Time": 1050.607, "Actual Total Time": 1050.607, "Actual Rows": 0, "Actual Loops": 1, "Inner Unique": true, "Plans": [{"Node Type": "Nested Loop", "Parent Relationship": "Outer", "Join Type": "Inner", "Startup Cost": 0.0, "Total Cost": 54902.47, "Plan Rows": 1540, "Plan Width": 4, "Actual Startup Time": 1050.606, "Actual Total Time": 1050.606, "Actual Rows": 0, "Actual Loops": 1, "Inner Unique": false, "Join Filter": "(ct.id = mc.company_type_id)", "Rows Removed by Join Filter": 24025, "Plans": [{"Node Type": "Seq Scan", "Parent Relationship": "Outer", "Relation Name": "company_type", "Alias": "ct", "Startup Cost": 0.0, "Total Cost": 1.04, "Plan Rows": 1, "Plan Width": 4, "Actual Startup Time": 0.023, "Actual Total Time": 0.032, "Actual Rows": 1, "Actual Loops": 1, "Filter": "((kind)::text = 'production companies'::text)", "Rows Removed by Filter": 2}, {"Node Type": "Seq Scan", "Parent Relationship": "Inner", "Relation Name": "movie_companies", "Alias": "mc", "Startup Cost": 0.0, "Total Cost": 54862.92, "Plan Rows": 3081, "Plan Width": 8, "Actual Startup Time": 8.677, "Actual Total Time": 1045.148, "Actual Rows": 24025, "Actual Loops": 1, "Filter": "(((note)::text ~~ '%(theatrical)%'::text) AND ((note)::text ~~ '%(France)%'::text))", "Rows Removed by Filter": 2585103}]}, {"Node Type": "Index Scan", "Parent Relationship": "Inner", "Scan Direction": "Forward", "Index Name": "title_pkey", "Relation Name": "title", "Alias": "t", "Startup Cost": 0.0, "Total Cost": 7.53, "Plan Rows": 1, "Plan Width": 21, "Actual Startup Time": 0.0, "Actual Total Time": 0.0, "Index Cond": "(id = mc.movie_id)", "Rows Removed by Index Recheck": 0, "Filter": "(production_year > 2005)", "Rows Removed by Filter": 0}]}, {"Node Type": "Index Scan", "Parent Relationship": "Inner", "Scan Direction": "Forward", "Index Name": "movie_id_movie_info", "Relation Name": "movie_info", "Alias": "mi", "Startup Cost": 0.0, "Total Cost": 1.21, "Plan Rows": 1, "Plan Width": 8, "Actual Startup Time": 0.0, "Actual Total Time": 0.0, "Index Cond": "(movie_id = t.id)", "Rows Removed by Index Recheck": 0, "Filter": "((info)::text = ANY ('{Sweden,Norway,Germany,Denmark,Swedish,Denish,Norwegian,German}'::text[]))", "Rows Removed by Filter": 0}]}, {"Node Type": "Index Scan", "Parent Relationship": "Inner", "Scan Direction": "Forward", "Index Name": "info_type_pkey", "Relation Name": "info_type", "Alias": "it", "Startup Cost": 0.0, "Total Cost": 0.27, "Plan Rows": 1, "Plan Width": 4, "Actual Startup Time": 0.0, "Actual Total Time": 0.0, "Index Cond": "(id = mi.info_type_id)", "Rows Removed by Index Recheck": 0}]}]}, "Triggers": [], "Planner Runtime": 7.429, "Total Runtime": 1050.883, "Unique SQL Id": 2510907716}}, "(1, '53')": {"explain_plan": {"Plan": {"Node Type": "Aggregate", "Strategy": "Plain", "Startup Cost": 74107.05, "Total Cost": 74107.06, "Plan Rows": 1, "Plan Width": 49, "Plans": [{"Node Type": "Nested Loop", "Parent Relationship": "Outer", "Join Type": "Inner", "Startup Cost": 0.0, "Total Cost": 74102.25, "Plan Rows": 1919, "Plan Width": 17, "Inner Unique": true, "Plans": [{"Node Type": "Nested Loop", "Parent Relationship": "Outer", "Join Type": "Inner", "Startup Cost": 0.0, "Total Cost": 73564.77, "Plan Rows": 1919, "Plan Width": 21, "Inner Unique": false, "Plans": [{"Node Type": "Nested Loop", "Parent Relationship": "Outer", "Join Type": "Inner", "Startup Cost": 0.0, "Total Cost": 71285.47, "Plan Rows": 1869, "Plan Width": 25, "Inner Unique": true, "Plans": [{"Node Type": "Nested Loop", "Parent Relationship": "Outer", "Join Type": "Inner", "Startup Cost": 0.0, "Total Cost": 59668.05, "Plan Rows": 1540, "Plan Width": 4, "Inner Unique": false, "Plans": [{"Node Type": "Index Scan", "Parent Relationship": "Outer", "Scan Direction": "Forward", "Index Name": "company_type_pkey", "Relation Name": "company_type", "Alias": "ct", "Startup Cost": 0.0, "Total Cost": 12.3, "Plan Rows": 1, "Plan Width": 4, "Filter": "((kind)::text = 'production companies'::text)"}, {"Node Type": "Index Scan", "Parent Relationship": "Inner", "Scan Direction": "Forward", "Index Name": "company_type_id_movie_companies", "Relation Name": "movie_companies", "Alias": "mc", "Startup Cost": 0.0, "Total Cost": 59640.35, "Plan Rows": 1540, "Plan Width": 8, "Index Cond": "(company_type_id = ct.id)", "Filter": "(((note)::text ~~ '%(theatrical)%'::text) AND ((note)::text ~~ '%(France)%'::text))"}]}, {"Node Type": "Index Scan", "Parent Relationship": "Inner", "Scan Direction": "Forward", "Index Name": "title_pkey", "Relation Name": "title", "Alias": "t", "Startup Cost": 0.0, "Total Cost": 7.53, "Plan Rows": 1, "Plan Width": 21, "Index Cond": "(id = mc.movie_id)", "Filter": "(production_year > 2005)"}]}, {"Node Type": "Index Scan", "Parent Relationship": "Inner", "Scan Direction": "Forward", "Index Name": "movie_id_movie_info", "Relation Name": "movie_info", "Alias": "mi", "Startup Cost": 0.0, "Total Cost": 1.21, "Plan Rows": 1, "Plan Width": 8, "Index Cond": "(movie_id = t.id)", "Filter": "((info)::text = ANY ('{Sweden,Norway,Germany,Denmark,Swedish,Denish,Norwegian,German}'::text[]))"}]}, {"Node Type": "Index Scan", "Parent Relationship": "Inner", "Scan Direction": "Forward", "Index Name": "info_type_pkey", "Relation Name": "info_type", "Alias": "it", "Startup Cost": 0.0, "Total Cost": 0.27, "Plan Rows": 1, "Plan Width": 4, "Index Cond": "(id = mi.info_type_id)"}]}]}, "Unique SQL Id": 2510907716, "Planner Runtime": 2}, "explain_analyze_plan": {"Plan": {"Node Type": "Aggregate", "Strategy": "Plain", "Startup Cost": 74107.05, "Total Cost": 74107.06, "Plan Rows": 1, "Plan Width": 49, "Actual Startup Time": 752.93, "Actual Total Time": 752.931, "Actual Rows": 1, "Actual Loops": 1, "Plans": [{"Node Type": "Nested Loop", "Parent Relationship": "Outer", "Join Type": "Inner", "Startup Cost": 0.0, "Total Cost": 74102.25, "Plan Rows": 1919, "Plan Width": 17, "Actual Startup Time": 752.924, "Actual Total Time": 752.924, "Actual Rows": 0, "Actual Loops": 1, "Inner Unique": true, "Plans": [{"Node Type": "Nested Loop", "Parent Relationship": "Outer", "Join Type": "Inner", "Startup Cost": 0.0, "Total Cost": 73564.77, "Plan Rows": 1919, "Plan Width": 21, "Actual Startup Time": 752.922, "Actual Total Time": 752.922, "Actual Rows": 0, "Actual Loops": 1, "Inner Unique": false, "Plans": [{"Node Type": "Nested Loop", "Parent Relationship": "Outer", "Join Type": "Inner", "Startup Cost": 0.0, "Total Cost": 71285.47, "Plan Rows": 1869, "Plan Width": 25, "Actual Startup Time": 752.921, "Actual Total Time": 752.921, "Actual Rows": 0, "Actual Loops": 1, "Inner Unique": true, "Plans": [{"Node Type": "Nested Loop", "Parent Relationship": "Outer", "Join Type": "Inner", "Startup Cost": 0.0, "Total Cost": 59668.05, "Plan Rows": 1540, "Plan Width": 4, "Actual Startup Time": 752.919, "Actual Total Time": 752.919, "Actual Rows": 0, "Actual Loops": 1, "Inner Unique": false, "Plans": [{"Node Type": "Index Scan", "Parent Relationship": "Outer", "Scan Direction": "Forward", "Index Name": "company_type_pkey", "Relation Name": "company_type", "Alias": "ct", "Startup Cost": 0.0, "Total Cost": 12.3, "Plan Rows": 1, "Plan Width": 4, "Actual Startup Time": 0.015, "Actual Total Time": 0.026, "Actual Rows": 1, "Actual Loops": 1, "Filter": "((kind)::text = 'production companies'::text)", "Rows Removed by Filter": 2}, {"Node Type": "Index Scan", "Parent Relationship": "Inner", "Scan Direction": "Forward", "Index Name": "company_type_id_movie_companies", "Relation Name": "movie_companies", "Alias": "mc", "Startup Cost": 0.0, "Total Cost": 59640.35, "Plan Rows": 1540, "Plan Width": 8, "Actual Startup Time": 752.888, "Actual Total Time": 752.888, "Actual Rows": 0, "Actual Loops": 1, "Index Cond": "(company_type_id = ct.id)", "Rows Removed by Index Recheck": 0, "Filter": "(((note)::text ~~ '%(theatrical)%'::text) AND ((note)::text ~~ '%(France)%'::text))", "Rows Removed by Filter": 1334883}]}, {"Node Type": "Index Scan", "Parent Relationship": "Inner", "Scan Direction": "Forward", "Index Name": "title_pkey", "Relation Name": "title", "Alias": "t", "Startup Cost": 0.0, "Total Cost": 7.53, "Plan Rows": 1, "Plan Width": 21, "Actual Startup Time": 0.0, "Actual Total Time": 0.0, "Index Cond": "(id = mc.movie_id)", "Rows Removed by Index Recheck": 0, "Filter": "(production_year > 2005)", "Rows Removed by Filter": 0}]}, {"Node Type": "Index Scan", "Parent Relationship": "Inner", "Scan Direction": "Forward", "Index Name": "movie_id_movie_info", "Relation Name": "movie_info", "Alias": "mi", "Startup Cost": 0.0, "Total Cost": 1.21, "Plan Rows": 1, "Plan Width": 8, "Actual Startup Time": 0.0, "Actual Total Time": 0.0, "Index Cond": "(movie_id = t.id)", "Rows Removed by Index Recheck": 0, "Filter": "((info)::text = ANY ('{Sweden,Norway,Germany,Denmark,Swedish,Denish,Norwegian,German}'::text[]))", "Rows Removed by Filter": 0}]}, {"Node Type": "Index Scan", "Parent Relationship": "Inner", "Scan Direction": "Forward", "Index Name": "info_type_pkey", "Relation Name": "info_type", "Alias": "it", "Startup Cost": 0.0, "Total Cost": 0.27, "Plan Rows": 1, "Plan Width": 4, "Actual Startup Time": 0.0, "Actual Total Time": 0.0, "Index Cond": "(id = mi.info_type_id)", "Rows Removed by Index Recheck": 0}]}]}, "Triggers": [], "Planner Runtime": 6.967, "Total Runtime": 753.211, "Unique SQL Id": 2510907716}}, "(1, '54')": {"explain_plan": {"Plan": {"Node Type": "Aggregate", "Strategy": "Plain", "Startup Cost": 78673.23, "Total Cost": 78673.24, "Plan Rows": 1, "Plan Width": 49, "Plans": [{"Node Type": "Nested Loop", "Parent Relationship": "Outer", "Join Type": "Inner", "Startup Cost": 4.2, "Total Cost": 78668.43, "Plan Rows": 1919, "Plan Width": 17, "Inner Unique": true, "Join Filter": "(mi.info_type_id = it.id)", "Plans": [{"Node Type": "Nested Loop", "Parent Relationship": "Outer", "Join Type": "Inner", "Startup Cost": 4.2, "Total Cost": 75442.11, "Plan Rows": 1919, "Plan Width": 21, "Inner Unique": false, "Plans": [{"Node Type": "Nested Loop", "Parent Relationship": "Outer", "Join Type": "Inner", "Startup Cost": 3.69, "Total Cost": 66780.19, "Plan Rows": 1869, "Plan Width": 25, "Inner Unique": true, "Plans": [{"Node Type": "Nested Loop", "Parent Relationship": "Outer", "Join Type": "Inner", "Startup Cost": 0.0, "Total Cost": 54902.47, "Plan Rows": 1540, "Plan Width": 4, "Inner Unique": false, "Join Filter": "(ct.id = mc.company_type_id)", "Plans": [{"Node Type": "Seq Scan", "Parent Relationship": "Outer", "Relation Name": "company_type", "Alias": "ct", "Startup Cost": 0.0, "Total Cost": 1.04, "Plan Rows": 1, "Plan Width": 4, "Filter": "((kind)::text = 'production companies'::text)"}, {"Node Type": "Seq Scan", "Parent Relationship": "Inner", "Relation Name": "movie_companies", "Alias": "mc", "Startup Cost": 0.0, "Total Cost": 54862.92, "Plan Rows": 3081, "Plan Width": 8, "Filter": "(((note)::text ~~ '%(theatrical)%'::text) AND ((note)::text ~~ '%(France)%'::text))"}]}, {"Node Type": "Bitmap Heap Scan", "Parent Relationship": "Inner", "Relation Name": "title", "Alias": "t", "Startup Cost": 3.69, "Total Cost": 7.7, "Plan Rows": 1, "Plan Width": 21, "Recheck Cond": "(id = mc.movie_id)", "Filter": "(production_year > 2005)", "Plans": [{"Node Type": "Bitmap Index Scan", "Parent Relationship": "Outer", "Index Name": "title_pkey", "Startup Cost": 0.0, "Total Cost": 3.69, "Plan Rows": 1, "Plan Width": 0, "Index Cond": "(id = mc.movie_id)"}]}]}, {"Node Type": "Bitmap Heap Scan", "Parent Relationship": "Inner", "Relation Name": "movie_info", "Alias": "mi", "Startup Cost": 0.51, "Total Cost": 4.62, "Plan Rows": 1, "Plan Width": 8, "Recheck Cond": "(movie_id = t.id)", "Filter": "((info)::text = ANY ('{Sweden,Norway,Germany,Denmark,Swedish,Denish,Norwegian,German}'::text[]))", "Plans": [{"Node Type": "Bitmap Index Scan", "Parent Relationship": "Outer", "Index Name": "movie_id_movie_info", "Startup Cost": 0.0, "Total Cost": 0.51, "Plan Rows": 5, "Plan Width": 0, "Index Cond": "(movie_id = t.id)"}]}]}, {"Node Type": "Materialize", "Parent Relationship": "Inner", "Startup Cost": 0.0, "Total Cost": 2.68, "Plan Rows": 112, "Plan Width": 4, "Plans": [{"Node Type": "Seq Scan", "Parent Relationship": "Outer", "Relation Name": "info_type", "Alias": "it", "Startup Cost": 0.0, "Total Cost": 2.12, "Plan Rows": 112, "Plan Width": 4}]}]}]}, "Unique SQL Id": 2510907716, "Planner Runtime": 3}, "explain_analyze_plan": {"Plan": {"Node Type": "Aggregate", "Strategy": "Plain", "Startup Cost": 78673.23, "Total Cost": 78673.24, "Plan Rows": 1, "Plan Width": 49, "Actual Startup Time": 1031.722, "Actual Total Time": 1031.722, "Actual Rows": 1, "Actual Loops": 1, "Plans": [{"Node Type": "Nested Loop", "Parent Relationship": "Outer", "Join Type": "Inner", "Startup Cost": 4.2, "Total Cost": 78668.43, "Plan Rows": 1919, "Plan Width": 17, "Actual Startup Time": 1031.712, "Actual Total Time": 1031.712, "Actual Rows": 0, "Actual Loops": 1, "Inner Unique": true, "Join Filter": "(mi.info_type_id = it.id)", "Rows Removed by Join Filter": 0, "Plans": [{"Node Type": "Nested Loop", "Parent Relationship": "Outer", "Join Type": "Inner", "Startup Cost": 4.2, "Total Cost": 75442.11, "Plan Rows": 1919, "Plan Width": 21, "Actual Startup Time": 1031.71, "Actual Total Time": 1031.71, "Actual Rows": 0, "Actual Loops": 1, "Inner Unique": false, "Plans": [{"Node Type": "Nested Loop", "Parent Relationship": "Outer", "Join Type": "Inner", "Startup Cost": 3.69, "Total Cost": 66780.19, "Plan Rows": 1869, "Plan Width": 25, "Actual Startup Time": 1031.709, "Actual Total Time": 1031.709, "Actual Rows": 0, "Actual Loops": 1, "Inner Unique": true, "Plans": [{"Node Type": "Nested Loop", "Parent Relationship": "Outer", "Join Type": "Inner", "Startup Cost": 0.0, "Total Cost": 54902.47, "Plan Rows": 1540, "Plan Width": 4, "Actual Startup Time": 1031.708, "Actual Total Time": 1031.708, "Actual Rows": 0, "Actual Loops": 1, "Inner Unique": false, "Join Filter": "(ct.id = mc.company_type_id)", "Rows Removed by Join Filter": 24025, "Plans": [{"Node Type": "Seq Scan", "Parent Relationship": "Outer", "Relation Name": "company_type", "Alias": "ct", "Startup Cost": 0.0, "Total Cost": 1.04, "Plan Rows": 1, "Plan Width": 4, "Actual Startup Time": 0.027, "Actual Total Time": 0.031, "Actual Rows": 1, "Actual Loops": 1, "Filter": "((kind)::text = 'production companies'::text)", "Rows Removed by Filter": 2}, {"Node Type": "Seq Scan", "Parent Relationship": "Inner", "Relation Name": "movie_companies", "Alias": "mc", "Startup Cost": 0.0, "Total Cost": 54862.92, "Plan Rows": 3081, "Plan Width": 8, "Actual Startup Time": 8.785, "Actual Total Time": 1026.296, "Actual Rows": 24025, "Actual Loops": 1, "Filter": "(((note)::text ~~ '%(theatrical)%'::text) AND ((note)::text ~~ '%(France)%'::text))", "Rows Removed by Filter": 2585103}]}, {"Node Type": "Bitmap Heap Scan", "Parent Relationship": "Inner", "Relation Name": "title", "Alias": "t", "Startup Cost": 3.69, "Total Cost": 7.7, "Plan Rows": 1, "Plan Width": 21, "Actual Startup Time": 0.0, "Actual Total Time": 0.0, "Recheck Cond": "(id = mc.movie_id)", "Rows Removed by Index Recheck": 0, "Filter": "(production_year > 2005)", "Rows Removed by Filter": 0, "Exact Heap Blocks": 0, "Lossy Heap Blocks": 0, "Plans": [{"Node Type": "Bitmap Index Scan", "Parent Relationship": "Outer", "Index Name": "title_pkey", "Startup Cost": 0.0, "Total Cost": 3.69, "Plan Rows": 1, "Plan Width": 0, "Actual Startup Time": 0.0, "Actual Total Time": 0.0, "Index Cond": "(id = mc.movie_id)"}]}]}, {"Node Type": "Bitmap Heap Scan", "Parent Relationship": "Inner", "Relation Name": "movie_info", "Alias": "mi", "Startup Cost": 0.51, "Total Cost": 4.62, "Plan Rows": 1, "Plan Width": 8, "Actual Startup Time": 0.0, "Actual Total Time": 0.0, "Recheck Cond": "(movie_id = t.id)", "Rows Removed by Index Recheck": 0, "Filter": "((info)::text = ANY ('{Sweden,Norway,Germany,Denmark,Swedish,Denish,Norwegian,German}'::text[]))", "Rows Removed by Filter": 0, "Exact Heap Blocks": 0, "Lossy Heap Blocks": 0, "Plans": [{"Node Type": "Bitmap Index Scan", "Parent Relationship": "Outer", "Index Name": "movie_id_movie_info", "Startup Cost": 0.0, "Total Cost": 0.51, "Plan Rows": 5, "Plan Width": 0, "Actual Startup Time": 0.0, "Actual Total Time": 0.0, "Index Cond": "(movie_id = t.id)"}]}]}, {"Node Type": "Materialize", "Parent Relationship": "Inner", "Startup Cost": 0.0, "Total Cost": 2.68, "Plan Rows": 112, "Plan Width": 4, "Actual Startup Time": 0.0, "Actual Total Time": 0.0, "Plans": [{"Node Type": "Seq Scan", "Parent Relationship": "Outer", "Relation Name": "info_type", "Alias": "it", "Startup Cost": 0.0, "Total Cost": 2.12, "Plan Rows": 112, "Plan Width": 4, "Actual Startup Time": 0.0, "Actual Total Time": 0.0}]}]}]}, "Triggers": [], "Planner Runtime": 2.982, "Total Runtime": 1031.979, "Unique SQL Id": 2510907716}}, "(1, '55')": {"explain_plan": {"Plan": {"Node Type": "Aggregate", "Strategy": "Plain", "Startup Cost": 1000010696765.6, "Total Cost": 1000010696765.61, "Plan Rows": 1, "Plan Width": 49, "Plans": [{"Node Type": "Nested Loop", "Parent Relationship": "Outer", "Join Type": "Inner", "Startup Cost": 10000000004.72, "Total Cost": 1000010696760.8, "Plan Rows": 1919, "Plan Width": 17, "Inner Unique": true, "Plans": [{"Node Type": "Nested Loop", "Parent Relationship": "Outer", "Join Type": "Inner", "Startup Cost": 10000000004.46, "Total Cost": 1000010680309.36, "Plan Rows": 3839, "Plan Width": 21, "Inner Unique": true, "Plans": [{"Node Type": "Nested Loop", "Parent Relationship": "Outer", "Join Type": "Inner", "Startup Cost": 10000000004.2, "Total Cost": 1000010663877.26, "Plan Rows": 3839, "Plan Width": 25, "Inner Unique": false, "Plans": [{"Node Type": "Nested Loop", "Parent Relationship": "Outer", "Join Type": "Inner", "Startup Cost": 10000000003.69, "Total Cost": 1000010646544.15, "Plan Rows": 3740, "Plan Width": 29, "Inner Unique": true, "Plans": [{"Node Type": "Index Scan", "Parent Relationship": "Outer", "Scan Direction": "Forward", "Index Name": "company_type_id_movie_companies", "Relation Name": "movie_companies", "Alias": "mc", "Startup Cost": 10000000000.0, "Total Cost": 1000010622781.0, "Plan Rows": 3081, "Plan Width": 8, "Filter": "(((note)::text ~~ '%(theatrical)%'::text) AND ((note)::text ~~ '%(France)%'::text))"}, {"Node Type": "Bitmap Heap Scan", "Parent Relationship": "Inner", "Relation Name": "title", "Alias": "t", "Startup Cost": 3.69, "Total Cost": 7.7, "Plan Rows": 1, "Plan Width": 21, "Recheck Cond": "(id = mc.movie_id)", "Filter": "(production_year > 2005)", "Plans": [{"Node Type": "Bitmap Index Scan", "Parent Relationship": "Outer", "Index Name": "title_pkey", "Startup Cost": 0.0, "Total Cost": 3.69, "Plan Rows": 1, "Plan Width": 0, "Index Cond": "(id = mc.movie_id)"}]}]}, {"Node Type": "Bitmap Heap Scan", "Parent Relationship": "Inner", "Relation Name": "movie_info", "Alias": "mi", "Startup Cost": 0.51, "Total Cost": 4.62, "Plan Rows": 1, "Plan Width": 8, "Recheck Cond": "(movie_id = t.id)", "Filter": "((info)::text = ANY ('{Sweden,Norway,Germany,Denmark,Swedish,Denish,Norwegian,German}'::text[]))", "Plans": [{"Node Type": "Bitmap Index Scan", "Parent Relationship": "Outer", "Index Name": "movie_id_movie_info", "Startup Cost": 0.0, "Total Cost": 0.51, "Plan Rows": 5, "Plan Width": 0, "Index Cond": "(movie_id = t.id)"}]}]}, {"Node Type": "Bitmap Heap Scan", "Parent Relationship": "Inner", "Relation Name": "info_type", "Alias": "it", "Startup Cost": 0.26, "Total Cost": 4.27, "Plan Rows": 1, "Plan Width": 4, "Recheck Cond": "(id = mi.info_type_id)", "Plans": [{"Node Type": "Bitmap Index Scan", "Parent Relationship": "Outer", "Index Name": "info_type_pkey", "Startup Cost": 0.0, "Total Cost": 0.26, "Plan Rows": 1, "Plan Width": 0, "Index Cond": "(id = mi.info_type_id)"}]}]}, {"Node Type": "Bitmap Heap Scan", "Parent Relationship": "Inner", "Relation Name": "company_type", "Alias": "ct", "Startup Cost": 0.26, "Total Cost": 4.28, "Plan Rows": 1, "Plan Width": 4, "Recheck Cond": "(id = mc.company_type_id)", "Filter": "((kind)::text = 'production companies'::text)", "Plans": [{"Node Type": "Bitmap Index Scan", "Parent Relationship": "Outer", "Index Name": "company_type_pkey", "Startup Cost": 0.0, "Total Cost": 0.26, "Plan Rows": 1, "Plan Width": 0, "Index Cond": "(id = mc.company_type_id)"}]}]}]}, "Unique SQL Id": 2510907716, "Planner Runtime": 2}, "explain_analyze_plan": null}, "(1, '56')": {"explain_plan": {"Plan": {"Node Type": "Aggregate", "Strategy": "Plain", "Startup Cost": 69341.41, "Total Cost": 69341.42, "Plan Rows": 1, "Plan Width": 49, "Plans": [{"Node Type": "Nested Loop", "Parent Relationship": "Outer", "Join Type": "Inner", "Startup Cost": 0.0, "Total Cost": 69336.61, "Plan Rows": 1919, "Plan Width": 17, "Inner Unique": true, "Plans": [{"Node Type": "Nested Loop", "Parent Relationship": "Outer", "Join Type": "Inner", "Startup Cost": 0.0, "Total Cost": 68799.18, "Plan Rows": 1919, "Plan Width": 21, "Inner Unique": false, "Plans": [{"Node Type": "Nested Loop", "Parent Relationship": "Outer", "Join Type": "Inner", "Startup Cost": 0.0, "Total Cost": 66519.89, "Plan Rows": 1869, "Plan Width": 25, "Inner Unique": true, "Plans": [{"Node Type": "Nested Loop", "Parent Relationship": "Outer", "Join Type": "Inner", "Startup Cost": 0.0, "Total Cost": 54902.47, "Plan Rows": 1540, "Plan Width": 4, "Inner Unique": false, "Join Filter": "(ct.id = mc.company_type_id)", "Plans": [{"Node Type": "Seq Scan", "Parent Relationship": "Outer", "Relation Name": "company_type", "Alias": "ct", "Startup Cost": 0.0, "Total Cost": 1.04, "Plan Rows": 1, "Plan Width": 4, "Filter": "((kind)::text = 'production companies'::text)"}, {"Node Type": "Seq Scan", "Parent Relationship": "Inner", "Relation Name": "movie_companies", "Alias": "mc", "Startup Cost": 0.0, "Total Cost": 54862.92, "Plan Rows": 3081, "Plan Width": 8, "Filter": "(((note)::text ~~ '%(theatrical)%'::text) AND ((note)::text ~~ '%(France)%'::text))"}]}, {"Node Type": "Index Scan", "Parent Relationship": "Inner", "Scan Direction": "Forward", "Index Name": "title_pkey", "Relation Name": "title", "Alias": "t", "Startup Cost": 0.0, "Total Cost": 7.53, "Plan Rows": 1, "Plan Width": 21, "Index Cond": "(id = mc.movie_id)", "Filter": "(production_year > 2005)"}]}, {"Node Type": "Index Scan", "Parent Relationship": "Inner", "Scan Direction": "Forward", "Index Name": "movie_id_movie_info", "Relation Name": "movie_info", "Alias": "mi", "Startup Cost": 0.0, "Total Cost": 1.21, "Plan Rows": 1, "Plan Width": 8, "Index Cond": "(movie_id = t.id)", "Filter": "((info)::text = ANY ('{Sweden,Norway,Germany,Denmark,Swedish,Denish,Norwegian,German}'::text[]))"}]}, {"Node Type": "Index Only Scan", "Parent Relationship": "Inner", "Scan Direction": "Forward", "Index Name": "info_type_pkey", "Relation Name": "info_type", "Alias": "it", "Startup Cost": 0.0, "Total Cost": 0.27, "Plan Rows": 1, "Plan Width": 4, "Index Cond": "(id = mi.info_type_id)"}]}]}, "Unique SQL Id": 2510907716, "Planner Runtime": 2}, "explain_analyze_plan": {"Plan": {"Node Type": "Aggregate", "Strategy": "Plain", "Startup Cost": 69341.41, "Total Cost": 69341.42, "Plan Rows": 1, "Plan Width": 49, "Actual Startup Time": 1042.689, "Actual Total Time": 1042.69, "Actual Rows": 1, "Actual Loops": 1, "Plans": [{"Node Type": "Nested Loop", "Parent Relationship": "Outer", "Join Type": "Inner", "Startup Cost": 0.0, "Total Cost": 69336.61, "Plan Rows": 1919, "Plan Width": 17, "Actual Startup Time": 1042.681, "Actual Total Time": 1042.681, "Actual Rows": 0, "Actual Loops": 1, "Inner Unique": true, "Plans": [{"Node Type": "Nested Loop", "Parent Relationship": "Outer", "Join Type": "Inner", "Startup Cost": 0.0, "Total Cost": 68799.18, "Plan Rows": 1919, "Plan Width": 21, "Actual Startup Time": 1042.679, "Actual Total Time": 1042.679, "Actual Rows": 0, "Actual Loops": 1, "Inner Unique": false, "Plans": [{"Node Type": "Nested Loop", "Parent Relationship": "Outer", "Join Type": "Inner", "Startup Cost": 0.0, "Total Cost": 66519.89, "Plan Rows": 1869, "Plan Width": 25, "Actual Startup Time": 1042.677, "Actual Total Time": 1042.677, "Actual Rows": 0, "Actual Loops": 1, "Inner Unique": true, "Plans": [{"Node Type": "Nested Loop", "Parent Relationship": "Outer", "Join Type": "Inner", "Startup Cost": 0.0, "Total Cost": 54902.47, "Plan Rows": 1540, "Plan Width": 4, "Actual Startup Time": 1042.676, "Actual Total Time": 1042.676, "Actual Rows": 0, "Actual Loops": 1, "Inner Unique": false, "Join Filter": "(ct.id = mc.company_type_id)", "Rows Removed by Join Filter": 24025, "Plans": [{"Node Type": "Seq Scan", "Parent Relationship": "Outer", "Relation Name": "company_type", "Alias": "ct", "Startup Cost": 0.0, "Total Cost": 1.04, "Plan Rows": 1, "Plan Width": 4, "Actual Startup Time": 0.02, "Actual Total Time": 0.027, "Actual Rows": 1, "Actual Loops": 1, "Filter": "((kind)::text = 'production companies'::text)", "Rows Removed by Filter": 2}, {"Node Type": "Seq Scan", "Parent Relationship": "Inner", "Relation Name": "movie_companies", "Alias": "mc", "Startup Cost": 0.0, "Total Cost": 54862.92, "Plan Rows": 3081, "Plan Width": 8, "Actual Startup Time": 8.674, "Actual Total Time": 1037.406, "Actual Rows": 24025, "Actual Loops": 1, "Filter": "(((note)::text ~~ '%(theatrical)%'::text) AND ((note)::text ~~ '%(France)%'::text))", "Rows Removed by Filter": 2585103}]}, {"Node Type": "Index Scan", "Parent Relationship": "Inner", "Scan Direction": "Forward", "Index Name": "title_pkey", "Relation Name": "title", "Alias": "t", "Startup Cost": 0.0, "Total Cost": 7.53, "Plan Rows": 1, "Plan Width": 21, "Actual Startup Time": 0.0, "Actual Total Time": 0.0, "Index Cond": "(id = mc.movie_id)", "Rows Removed by Index Recheck": 0, "Filter": "(production_year > 2005)", "Rows Removed by Filter": 0}]}, {"Node Type": "Index Scan", "Parent Relationship": "Inner", "Scan Direction": "Forward", "Index Name": "movie_id_movie_info", "Relation Name": "movie_info", "Alias": "mi", "Startup Cost": 0.0, "Total Cost": 1.21, "Plan Rows": 1, "Plan Width": 8, "Actual Startup Time": 0.0, "Actual Total Time": 0.0, "Index Cond": "(movie_id = t.id)", "Rows Removed by Index Recheck": 0, "Filter": "((info)::text = ANY ('{Sweden,Norway,Germany,Denmark,Swedish,Denish,Norwegian,German}'::text[]))", "Rows Removed by Filter": 0}]}, {"Node Type": "Index Only Scan", "Parent Relationship": "Inner", "Scan Direction": "Forward", "Index Name": "info_type_pkey", "Relation Name": "info_type", "Alias": "it", "Startup Cost": 0.0, "Total Cost": 0.27, "Plan Rows": 1, "Plan Width": 4, "Actual Startup Time": 0.0, "Actual Total Time": 0.0, "Index Cond": "(id = mi.info_type_id)", "Rows Removed by Index Recheck": 0, "Heap Fetches": 0}]}]}, "Triggers": [], "Planner Runtime": 7.451, "Total Runtime": 1043.05, "Unique SQL Id": 2510907716}}, "(1, '57')": {"explain_plan": {"Plan": {"Node Type": "Aggregate", "Strategy": "Plain", "Startup Cost": 74106.99, "Total Cost": 74107.0, "Plan Rows": 1, "Plan Width": 49, "Plans": [{"Node Type": "Nested Loop", "Parent Relationship": "Outer", "Join Type": "Inner", "Startup Cost": 0.0, "Total Cost": 74102.19, "Plan Rows": 1919, "Plan Width": 17, "Inner Unique": true, "Plans": [{"Node Type": "Nested Loop", "Parent Relationship": "Outer", "Join Type": "Inner", "Startup Cost": 0.0, "Total Cost": 73564.77, "Plan Rows": 1919, "Plan Width": 21, "Inner Unique": false, "Plans": [{"Node Type": "Nested Loop", "Parent Relationship": "Outer", "Join Type": "Inner", "Startup Cost": 0.0, "Total Cost": 71285.47, "Plan Rows": 1869, "Plan Width": 25, "Inner Unique": true, "Plans": [{"Node Type": "Nested Loop", "Parent Relationship": "Outer", "Join Type": "Inner", "Startup Cost": 0.0, "Total Cost": 59668.05, "Plan Rows": 1540, "Plan Width": 4, "Inner Unique": false, "Plans": [{"Node Type": "Index Scan", "Parent Relationship": "Outer", "Scan Direction": "Forward", "Index Name": "company_type_pkey", "Relation Name": "company_type", "Alias": "ct", "Startup Cost": 0.0, "Total Cost": 12.3, "Plan Rows": 1, "Plan Width": 4, "Filter": "((kind)::text = 'production companies'::text)"}, {"Node Type": "Index Scan", "Parent Relationship": "Inner", "Scan Direction": "Forward", "Index Name": "company_type_id_movie_companies", "Relation Name": "movie_companies", "Alias": "mc", "Startup Cost": 0.0, "Total Cost": 59640.35, "Plan Rows": 1540, "Plan Width": 8, "Index Cond": "(company_type_id = ct.id)", "Filter": "(((note)::text ~~ '%(theatrical)%'::text) AND ((note)::text ~~ '%(France)%'::text))"}]}, {"Node Type": "Index Scan", "Parent Relationship": "Inner", "Scan Direction": "Forward", "Index Name": "title_pkey", "Relation Name": "title", "Alias": "t", "Startup Cost": 0.0, "Total Cost": 7.53, "Plan Rows": 1, "Plan Width": 21, "Index Cond": "(id = mc.movie_id)", "Filter": "(production_year > 2005)"}]}, {"Node Type": "Index Scan", "Parent Relationship": "Inner", "Scan Direction": "Forward", "Index Name": "movie_id_movie_info", "Relation Name": "movie_info", "Alias": "mi", "Startup Cost": 0.0, "Total Cost": 1.21, "Plan Rows": 1, "Plan Width": 8, "Index Cond": "(movie_id = t.id)", "Filter": "((info)::text = ANY ('{Sweden,Norway,Germany,Denmark,Swedish,Denish,Norwegian,German}'::text[]))"}]}, {"Node Type": "Index Only Scan", "Parent Relationship": "Inner", "Scan Direction": "Forward", "Index Name": "info_type_pkey", "Relation Name": "info_type", "Alias": "it", "Startup Cost": 0.0, "Total Cost": 0.27, "Plan Rows": 1, "Plan Width": 4, "Index Cond": "(id = mi.info_type_id)"}]}]}, "Unique SQL Id": 2510907716, "Planner Runtime": 2}, "explain_analyze_plan": {"Plan": {"Node Type": "Aggregate", "Strategy": "Plain", "Startup Cost": 74106.99, "Total Cost": 74107.0, "Plan Rows": 1, "Plan Width": 49, "Actual Startup Time": 633.715, "Actual Total Time": 633.716, "Actual Rows": 1, "Actual Loops": 1, "Plans": [{"Node Type": "Nested Loop", "Parent Relationship": "Outer", "Join Type": "Inner", "Startup Cost": 0.0, "Total Cost": 74102.19, "Plan Rows": 1919, "Plan Width": 17, "Actual Startup Time": 633.706, "Actual Total Time": 633.706, "Actual Rows": 0, "Actual Loops": 1, "Inner Unique": true, "Plans": [{"Node Type": "Nested Loop", "Parent Relationship": "Outer", "Join Type": "Inner", "Startup Cost": 0.0, "Total Cost": 73564.77, "Plan Rows": 1919, "Plan Width": 21, "Actual Startup Time": 633.704, "Actual Total Time": 633.704, "Actual Rows": 0, "Actual Loops": 1, "Inner Unique": false, "Plans": [{"Node Type": "Nested Loop", "Parent Relationship": "Outer", "Join Type": "Inner", "Startup Cost": 0.0, "Total Cost": 71285.47, "Plan Rows": 1869, "Plan Width": 25, "Actual Startup Time": 633.703, "Actual Total Time": 633.703, "Actual Rows": 0, "Actual Loops": 1, "Inner Unique": true, "Plans": [{"Node Type": "Nested Loop", "Parent Relationship": "Outer", "Join Type": "Inner", "Startup Cost": 0.0, "Total Cost": 59668.05, "Plan Rows": 1540, "Plan Width": 4, "Actual Startup Time": 633.702, "Actual Total Time": 633.702, "Actual Rows": 0, "Actual Loops": 1, "Inner Unique": false, "Plans": [{"Node Type": "Index Scan", "Parent Relationship": "Outer", "Scan Direction": "Forward", "Index Name": "company_type_pkey", "Relation Name": "company_type", "Alias": "ct", "Startup Cost": 0.0, "Total Cost": 12.3, "Plan Rows": 1, "Plan Width": 4, "Actual Startup Time": 0.021, "Actual Total Time": 0.027, "Actual Rows": 1, "Actual Loops": 1, "Filter": "((kind)::text = 'production companies'::text)", "Rows Removed by Filter": 2}, {"Node Type": "Index Scan", "Parent Relationship": "Inner", "Scan Direction": "Forward", "Index Name": "company_type_id_movie_companies", "Relation Name": "movie_companies", "Alias": "mc", "Startup Cost": 0.0, "Total Cost": 59640.35, "Plan Rows": 1540, "Plan Width": 8, "Actual Startup Time": 633.668, "Actual Total Time": 633.668, "Actual Rows": 0, "Actual Loops": 1, "Index Cond": "(company_type_id = ct.id)", "Rows Removed by Index Recheck": 0, "Filter": "(((note)::text ~~ '%(theatrical)%'::text) AND ((note)::text ~~ '%(France)%'::text))", "Rows Removed by Filter": 1334883}]}, {"Node Type": "Index Scan", "Parent Relationship": "Inner", "Scan Direction": "Forward", "Index Name": "title_pkey", "Relation Name": "title", "Alias": "t", "Startup Cost": 0.0, "Total Cost": 7.53, "Plan Rows": 1, "Plan Width": 21, "Actual Startup Time": 0.0, "Actual Total Time": 0.0, "Index Cond": "(id = mc.movie_id)", "Rows Removed by Index Recheck": 0, "Filter": "(production_year > 2005)", "Rows Removed by Filter": 0}]}, {"Node Type": "Index Scan", "Parent Relationship": "Inner", "Scan Direction": "Forward", "Index Name": "movie_id_movie_info", "Relation Name": "movie_info", "Alias": "mi", "Startup Cost": 0.0, "Total Cost": 1.21, "Plan Rows": 1, "Plan Width": 8, "Actual Startup Time": 0.0, "Actual Total Time": 0.0, "Index Cond": "(movie_id = t.id)", "Rows Removed by Index Recheck": 0, "Filter": "((info)::text = ANY ('{Sweden,Norway,Germany,Denmark,Swedish,Denish,Norwegian,German}'::text[]))", "Rows Removed by Filter": 0}]}, {"Node Type": "Index Only Scan", "Parent Relationship": "Inner", "Scan Direction": "Forward", "Index Name": "info_type_pkey", "Relation Name": "info_type", "Alias": "it", "Startup Cost": 0.0, "Total Cost": 0.27, "Plan Rows": 1, "Plan Width": 4, "Actual Startup Time": 0.0, "Actual Total Time": 0.0, "Index Cond": "(id = mi.info_type_id)", "Rows Removed by Index Recheck": 0, "Heap Fetches": 0}]}]}, "Triggers": [], "Planner Runtime": 6.763, "Total Runtime": 633.955, "Unique SQL Id": 2510907716}}, "(1, '58')": {"explain_plan": {"Plan": {"Node Type": "Aggregate", "Strategy": "Plain", "Startup Cost": 27872755.34, "Total Cost": 27872755.35, "Plan Rows": 1, "Plan Width": 49, "Plans": [{"Node Type": "Nested Loop", "Parent Relationship": "Outer", "Join Type": "Inner", "Startup Cost": 0.0, "Total Cost": 27872750.54, "Plan Rows": 1919, "Plan Width": 17, "Inner Unique": false, "Join Filter": "(mi.movie_id = t.id)", "Plans": [{"Node Type": "Seq Scan", "Parent Relationship": "Outer", "Relation Name": "title", "Alias": "t", "Startup Cost": 0.0, "Total Cost": 66389.89, "Plan Rows": 1013492, "Plan Width": 21, "Filter": "(production_year > 2005), (LLVM Optimized)"}, {"Node Type": "Materialize", "Parent Relationship": "Inner", "Startup Cost": 0.0, "Total Cost": 3771401.82, "Plan Rows": 1581, "Plan Width": 8, "Plans": [{"Node Type": "Nested Loop", "Parent Relationship": "Outer", "Join Type": "Inner", "Startup Cost": 0.0, "Total Cost": 3771393.92, "Plan Rows": 1581, "Plan Width": 8, "Inner Unique": true, "Join Filter": "(mi.info_type_id = it.id)", "Plans": [{"Node Type": "Nested Loop", "Parent Relationship": "Outer", "Join Type": "Inner", "Startup Cost": 0.0, "Total Cost": 3768735.44, "Plan Rows": 1581, "Plan Width": 12, "Inner Unique": false, "Join Filter": "(mc.movie_id = mi.movie_id)", "Plans": [{"Node Type": "Seq Scan", "Parent Relationship": "Outer", "Relation Name": "movie_info", "Alias": "mi", "Startup Cost": 0.0, "Total Cost": 445687.32, "Plan Rows": 141478, "Plan Width": 8, "Filter": "((info)::text = ANY ('{Sweden,Norway,Germany,Denmark,Swedish,Denish,Norwegian,German}'::text[]))"}, {"Node Type": "Materialize", "Parent Relationship": "Inner", "Startup Cost": 0.0, "Total Cost": 54910.17, "Plan Rows": 1540, "Plan Width": 4, "Plans": [{"Node Type": "Nested Loop", "Parent Relationship": "Outer", "Join Type": "Inner", "Startup Cost": 0.0, "Total Cost": 54902.47, "Plan Rows": 1540, "Plan Width": 4, "Inner Unique": false, "Join Filter": "(ct.id = mc.company_type_id)", "Plans": [{"Node Type": "Seq Scan", "Parent Relationship": "Outer", "Relation Name": "company_type", "Alias": "ct", "Startup Cost": 0.0, "Total Cost": 1.04, "Plan Rows": 1, "Plan Width": 4, "Filter": "((kind)::text = 'production companies'::text)"}, {"Node Type": "Seq Scan", "Parent Relationship": "Inner", "Relation Name": "movie_companies", "Alias": "mc", "Startup Cost": 0.0, "Total Cost": 54862.92, "Plan Rows": 3081, "Plan Width": 8, "Filter": "(((note)::text ~~ '%(theatrical)%'::text) AND ((note)::text ~~ '%(France)%'::text))"}]}]}]}, {"Node Type": "Materialize", "Parent Relationship": "Inner", "Startup Cost": 0.0, "Total Cost": 2.68, "Plan Rows": 112, "Plan Width": 4, "Plans": [{"Node Type": "Seq Scan", "Parent Relationship": "Outer", "Relation Name": "info_type", "Alias": "it", "Startup Cost": 0.0, "Total Cost": 2.12, "Plan Rows": 112, "Plan Width": 4}]}]}]}]}]}, "Unique SQL Id": 2510907716, "Planner Runtime": 2}, "explain_analyze_plan": null}, "(1, '59')": {"explain_plan": {"Plan": {"Node Type": "Aggregate", "Strategy": "Plain", "Startup Cost": 5000171402236.96, "Total Cost": 5000171402236.97, "Plan Rows": 1, "Plan Width": 49, "Plans": [{"Node Type": "Nested Loop", "Parent Relationship": "Outer", "Join Type": "Inner", "Startup Cost": 50000000000.0, "Total Cost": 5000171402232.16, "Plan Rows": 1919, "Plan Width": 17, "Inner Unique": true, "Join Filter": "(mi.info_type_id = it.id)", "Plans": [{"Node Type": "Nested Loop", "Parent Relationship": "Outer", "Join Type": "Inner", "Startup Cost": 40000000000.0, "Total Cost": 4000171398014.96, "Plan Rows": 1919, "Plan Width": 21, "Inner Unique": true, "Join Filter": "(mi.movie_id = t.id)", "Plans": [{"Node Type": "Nested Loop", "Parent Relationship": "Outer", "Join Type": "Inner", "Startup Cost": 30000000000.0, "Total Cost": 3000135716391.79, "Plan Rows": 1581, "Plan Width": 12, "Inner Unique": true, "Join Filter": "(mc.company_type_id = ct.id)", "Plans": [{"Node Type": "Nested Loop", "Parent Relationship": "Outer", "Join Type": "Inner", "Startup Cost": 20000000000.0, "Total Cost": 2000135715114.09, "Plan Rows": 3163, "Plan Width": 16, "Inner Unique": false, "Join Filter": "(mc.movie_id = mi.movie_id)", "Plans": [{"Node Type": "Index Scan", "Parent Relationship": "Outer", "Scan Direction": "Forward", "Index Name": "info_type_id_movie_info", "Relation Name": "movie_info", "Alias": "mi", "Startup Cost": 10000000000.0, "Total Cost": 1000118553919.62, "Plan Rows": 141478, "Plan Width": 8, "Filter": "((info)::text = ANY ('{Sweden,Norway,Germany,Denmark,Swedish,Denish,Norwegian,German}'::text[]))"}, {"Node Type": "Materialize", "Parent Relationship": "Inner", "Startup Cost": 10000000000.0, "Total Cost": 1000010622796.41, "Plan Rows": 3081, "Plan Width": 8, "Plans": [{"Node Type": "Index Scan", "Parent Relationship": "Outer", "Scan Direction": "Forward", "Index Name": "company_type_id_movie_companies", "Relation Name": "movie_companies", "Alias": "mc", "Startup Cost": 10000000000.0, "Total Cost": 1000010622781.0, "Plan Rows": 3081, "Plan Width": 8, "Filter": "(((note)::text ~~ '%(theatrical)%'::text) AND ((note)::text ~~ '%(France)%'::text))"}]}]}, {"Node Type": "Materialize", "Parent Relationship": "Inner", "Startup Cost": 10000000000.0, "Total Cost": 1000000001230.26, "Plan Rows": 1, "Plan Width": 4, "Plans": [{"Node Type": "Index Scan", "Parent Relationship": "Outer", "Scan Direction": "Forward", "Index Name": "company_type_pkey", "Relation Name": "company_type", "Alias": "ct", "Startup Cost": 10000000000.0, "Total Cost": 1000000001230.25, "Plan Rows": 1, "Plan Width": 4, "Filter": "((kind)::text = 'production companies'::text)"}]}]}, {"Node Type": "Materialize", "Parent Relationship": "Inner", "Startup Cost": 10000000000.0, "Total Cost": 1000011649194.12, "Plan Rows": 1013492, "Plan Width": 21, "Plans": [{"Node Type": "Index Scan", "Parent Relationship": "Outer", "Scan Direction": "Forward", "Index Name": "title_pkey", "Relation Name": "title", "Alias": "t", "Startup Cost": 10000000000.0, "Total Cost": 1000011644126.66, "Plan Rows": 1013492, "Plan Width": 21, "Filter": "(production_year > 2005), (LLVM Optimized)"}]}]}, {"Node Type": "Materialize", "Parent Relationship": "Inner", "Startup Cost": 10000000000.0, "Total Cost": 1000000000993.56, "Plan Rows": 112, "Plan Width": 4, "Plans": [{"Node Type": "Index Only Scan", "Parent Relationship": "Outer", "Scan Direction": "Forward", "Index Name": "info_type_pkey", "Relation Name": "info_type", "Alias": "it", "Startup Cost": 10000000000.0, "Total Cost": 1000000000993.0, "Plan Rows": 112, "Plan Width": 4}]}]}]}, "Unique SQL Id": 2510907716, "Planner Runtime": 3}, "explain_analyze_plan": null}, "(1, '60')": {"explain_plan": {"Plan": {"Node Type": "Aggregate", "Strategy": "Plain", "Startup Cost": 69341.46, "Total Cost": 69341.47, "Plan Rows": 1, "Plan Width": 49, "Plans": [{"Node Type": "Nested Loop", "Parent Relationship": "Outer", "Join Type": "Inner", "Startup Cost": 0.0, "Total Cost": 69336.67, "Plan Rows": 1919, "Plan Width": 17, "Inner Unique": true, "Plans": [{"Node Type": "Nested Loop", "Parent Relationship": "Outer", "Join Type": "Inner", "Startup Cost": 0.0, "Total Cost": 68799.18, "Plan Rows": 1919, "Plan Width": 21, "Inner Unique": false, "Plans": [{"Node Type": "Nested Loop", "Parent Relationship": "Outer", "Join Type": "Inner", "Startup Cost": 0.0, "Total Cost": 66519.89, "Plan Rows": 1869, "Plan Width": 25, "Inner Unique": true, "Plans": [{"Node Type": "Nested Loop", "Parent Relationship": "Outer", "Join Type": "Inner", "Startup Cost": 0.0, "Total Cost": 54902.47, "Plan Rows": 1540, "Plan Width": 4, "Inner Unique": false, "Join Filter": "(ct.id = mc.company_type_id)", "Plans": [{"Node Type": "Seq Scan", "Parent Relationship": "Outer", "Relation Name": "company_type", "Alias": "ct", "Startup Cost": 0.0, "Total Cost": 1.04, "Plan Rows": 1, "Plan Width": 4, "Filter": "((kind)::text = 'production companies'::text)"}, {"Node Type": "Seq Scan", "Parent Relationship": "Inner", "Relation Name": "movie_companies", "Alias": "mc", "Startup Cost": 0.0, "Total Cost": 54862.92, "Plan Rows": 3081, "Plan Width": 8, "Filter": "(((note)::text ~~ '%(theatrical)%'::text) AND ((note)::text ~~ '%(France)%'::text))"}]}, {"Node Type": "Index Scan", "Parent Relationship": "Inner", "Scan Direction": "Forward", "Index Name": "title_pkey", "Relation Name": "title", "Alias": "t", "Startup Cost": 0.0, "Total Cost": 7.53, "Plan Rows": 1, "Plan Width": 21, "Index Cond": "(id = mc.movie_id)", "Filter": "(production_year > 2005)"}]}, {"Node Type": "Index Scan", "Parent Relationship": "Inner", "Scan Direction": "Forward", "Index Name": "movie_id_movie_info", "Relation Name": "movie_info", "Alias": "mi", "Startup Cost": 0.0, "Total Cost": 1.21, "Plan Rows": 1, "Plan Width": 8, "Index Cond": "(movie_id = t.id)", "Filter": "((info)::text = ANY ('{Sweden,Norway,Germany,Denmark,Swedish,Denish,Norwegian,German}'::text[]))"}]}, {"Node Type": "Index Scan", "Parent Relationship": "Inner", "Scan Direction": "Forward", "Index Name": "info_type_pkey", "Relation Name": "info_type", "Alias": "it", "Startup Cost": 0.0, "Total Cost": 0.27, "Plan Rows": 1, "Plan Width": 4, "Index Cond": "(id = mi.info_type_id)"}]}]}, "Unique SQL Id": 2510907716, "Planner Runtime": 2}, "explain_analyze_plan": {"Plan": {"Node Type": "Aggregate", "Strategy": "Plain", "Startup Cost": 69341.46, "Total Cost": 69341.47, "Plan Rows": 1, "Plan Width": 49, "Actual Startup Time": 1050.618, "Actual Total Time": 1050.618, "Actual Rows": 1, "Actual Loops": 1, "Plans": [{"Node Type": "Nested Loop", "Parent Relationship": "Outer", "Join Type": "Inner", "Startup Cost": 0.0, "Total Cost": 69336.67, "Plan Rows": 1919, "Plan Width": 17, "Actual Startup Time": 1050.61, "Actual Total Time": 1050.61, "Actual Rows": 0, "Actual Loops": 1, "Inner Unique": true, "Plans": [{"Node Type": "Nested Loop", "Parent Relationship": "Outer", "Join Type": "Inner", "Startup Cost": 0.0, "Total Cost": 68799.18, "Plan Rows": 1919, "Plan Width": 21, "Actual Startup Time": 1050.608, "Actual Total Time": 1050.608, "Actual Rows": 0, "Actual Loops": 1, "Inner Unique": false, "Plans": [{"Node Type": "Nested Loop", "Parent Relationship": "Outer", "Join Type": "Inner", "Startup Cost": 0.0, "Total Cost": 66519.89, "Plan Rows": 1869, "Plan Width": 25, "Actual Startup Time": 1050.607, "Actual Total Time": 1050.607, "Actual Rows": 0, "Actual Loops": 1, "Inner Unique": true, "Plans": [{"Node Type": "Nested Loop", "Parent Relationship": "Outer", "Join Type": "Inner", "Startup Cost": 0.0, "Total Cost": 54902.47, "Plan Rows": 1540, "Plan Width": 4, "Actual Startup Time": 1050.606, "Actual Total Time": 1050.606, "Actual Rows": 0, "Actual Loops": 1, "Inner Unique": false, "Join Filter": "(ct.id = mc.company_type_id)", "Rows Removed by Join Filter": 24025, "Plans": [{"Node Type": "Seq Scan", "Parent Relationship": "Outer", "Relation Name": "company_type", "Alias": "ct", "Startup Cost": 0.0, "Total Cost": 1.04, "Plan Rows": 1, "Plan Width": 4, "Actual Startup Time": 0.023, "Actual Total Time": 0.032, "Actual Rows": 1, "Actual Loops": 1, "Filter": "((kind)::text = 'production companies'::text)", "Rows Removed by Filter": 2}, {"Node Type": "Seq Scan", "Parent Relationship": "Inner", "Relation Name": "movie_companies", "Alias": "mc", "Startup Cost": 0.0, "Total Cost": 54862.92, "Plan Rows": 3081, "Plan Width": 8, "Actual Startup Time": 8.677, "Actual Total Time": 1045.148, "Actual Rows": 24025, "Actual Loops": 1, "Filter": "(((note)::text ~~ '%(theatrical)%'::text) AND ((note)::text ~~ '%(France)%'::text))", "Rows Removed by Filter": 2585103}]}, {"Node Type": "Index Scan", "Parent Relationship": "Inner", "Scan Direction": "Forward", "Index Name": "title_pkey", "Relation Name": "title", "Alias": "t", "Startup Cost": 0.0, "Total Cost": 7.53, "Plan Rows": 1, "Plan Width": 21, "Actual Startup Time": 0.0, "Actual Total Time": 0.0, "Index Cond": "(id = mc.movie_id)", "Rows Removed by Index Recheck": 0, "Filter": "(production_year > 2005)", "Rows Removed by Filter": 0}]}, {"Node Type": "Index Scan", "Parent Relationship": "Inner", "Scan Direction": "Forward", "Index Name": "movie_id_movie_info", "Relation Name": "movie_info", "Alias": "mi", "Startup Cost": 0.0, "Total Cost": 1.21, "Plan Rows": 1, "Plan Width": 8, "Actual Startup Time": 0.0, "Actual Total Time": 0.0, "Index Cond": "(movie_id = t.id)", "Rows Removed by Index Recheck": 0, "Filter": "((info)::text = ANY ('{Sweden,Norway,Germany,Denmark,Swedish,Denish,Norwegian,German}'::text[]))", "Rows Removed by Filter": 0}]}, {"Node Type": "Index Scan", "Parent Relationship": "Inner", "Scan Direction": "Forward", "Index Name": "info_type_pkey", "Relation Name": "info_type", "Alias": "it", "Startup Cost": 0.0, "Total Cost": 0.27, "Plan Rows": 1, "Plan Width": 4, "Actual Startup Time": 0.0, "Actual Total Time": 0.0, "Index Cond": "(id = mi.info_type_id)", "Rows Removed by Index Recheck": 0}]}]}, "Triggers": [], "Planner Runtime": 7.429, "Total Runtime": 1050.883, "Unique SQL Id": 2510907716}}, "(1, '61')": {"explain_plan": {"Plan": {"Node Type": "Aggregate", "Strategy": "Plain", "Startup Cost": 74107.05, "Total Cost": 74107.06, "Plan Rows": 1, "Plan Width": 49, "Plans": [{"Node Type": "Nested Loop", "Parent Relationship": "Outer", "Join Type": "Inner", "Startup Cost": 0.0, "Total Cost": 74102.25, "Plan Rows": 1919, "Plan Width": 17, "Inner Unique": true, "Plans": [{"Node Type": "Nested Loop", "Parent Relationship": "Outer", "Join Type": "Inner", "Startup Cost": 0.0, "Total Cost": 73564.77, "Plan Rows": 1919, "Plan Width": 21, "Inner Unique": false, "Plans": [{"Node Type": "Nested Loop", "Parent Relationship": "Outer", "Join Type": "Inner", "Startup Cost": 0.0, "Total Cost": 71285.47, "Plan Rows": 1869, "Plan Width": 25, "Inner Unique": true, "Plans": [{"Node Type": "Nested Loop", "Parent Relationship": "Outer", "Join Type": "Inner", "Startup Cost": 0.0, "Total Cost": 59668.05, "Plan Rows": 1540, "Plan Width": 4, "Inner Unique": false, "Plans": [{"Node Type": "Index Scan", "Parent Relationship": "Outer", "Scan Direction": "Forward", "Index Name": "company_type_pkey", "Relation Name": "company_type", "Alias": "ct", "Startup Cost": 0.0, "Total Cost": 12.3, "Plan Rows": 1, "Plan Width": 4, "Filter": "((kind)::text = 'production companies'::text)"}, {"Node Type": "Index Scan", "Parent Relationship": "Inner", "Scan Direction": "Forward", "Index Name": "company_type_id_movie_companies", "Relation Name": "movie_companies", "Alias": "mc", "Startup Cost": 0.0, "Total Cost": 59640.35, "Plan Rows": 1540, "Plan Width": 8, "Index Cond": "(company_type_id = ct.id)", "Filter": "(((note)::text ~~ '%(theatrical)%'::text) AND ((note)::text ~~ '%(France)%'::text))"}]}, {"Node Type": "Index Scan", "Parent Relationship": "Inner", "Scan Direction": "Forward", "Index Name": "title_pkey", "Relation Name": "title", "Alias": "t", "Startup Cost": 0.0, "Total Cost": 7.53, "Plan Rows": 1, "Plan Width": 21, "Index Cond": "(id = mc.movie_id)", "Filter": "(production_year > 2005)"}]}, {"Node Type": "Index Scan", "Parent Relationship": "Inner", "Scan Direction": "Forward", "Index Name": "movie_id_movie_info", "Relation Name": "movie_info", "Alias": "mi", "Startup Cost": 0.0, "Total Cost": 1.21, "Plan Rows": 1, "Plan Width": 8, "Index Cond": "(movie_id = t.id)", "Filter": "((info)::text = ANY ('{Sweden,Norway,Germany,Denmark,Swedish,Denish,Norwegian,German}'::text[]))"}]}, {"Node Type": "Index Scan", "Parent Relationship": "Inner", "Scan Direction": "Forward", "Index Name": "info_type_pkey", "Relation Name": "info_type", "Alias": "it", "Startup Cost": 0.0, "Total Cost": 0.27, "Plan Rows": 1, "Plan Width": 4, "Index Cond": "(id = mi.info_type_id)"}]}]}, "Unique SQL Id": 2510907716, "Planner Runtime": 2}, "explain_analyze_plan": {"Plan": {"Node Type": "Aggregate", "Strategy": "Plain", "Startup Cost": 74107.05, "Total Cost": 74107.06, "Plan Rows": 1, "Plan Width": 49, "Actual Startup Time": 752.93, "Actual Total Time": 752.931, "Actual Rows": 1, "Actual Loops": 1, "Plans": [{"Node Type": "Nested Loop", "Parent Relationship": "Outer", "Join Type": "Inner", "Startup Cost": 0.0, "Total Cost": 74102.25, "Plan Rows": 1919, "Plan Width": 17, "Actual Startup Time": 752.924, "Actual Total Time": 752.924, "Actual Rows": 0, "Actual Loops": 1, "Inner Unique": true, "Plans": [{"Node Type": "Nested Loop", "Parent Relationship": "Outer", "Join Type": "Inner", "Startup Cost": 0.0, "Total Cost": 73564.77, "Plan Rows": 1919, "Plan Width": 21, "Actual Startup Time": 752.922, "Actual Total Time": 752.922, "Actual Rows": 0, "Actual Loops": 1, "Inner Unique": false, "Plans": [{"Node Type": "Nested Loop", "Parent Relationship": "Outer", "Join Type": "Inner", "Startup Cost": 0.0, "Total Cost": 71285.47, "Plan Rows": 1869, "Plan Width": 25, "Actual Startup Time": 752.921, "Actual Total Time": 752.921, "Actual Rows": 0, "Actual Loops": 1, "Inner Unique": true, "Plans": [{"Node Type": "Nested Loop", "Parent Relationship": "Outer", "Join Type": "Inner", "Startup Cost": 0.0, "Total Cost": 59668.05, "Plan Rows": 1540, "Plan Width": 4, "Actual Startup Time": 752.919, "Actual Total Time": 752.919, "Actual Rows": 0, "Actual Loops": 1, "Inner Unique": false, "Plans": [{"Node Type": "Index Scan", "Parent Relationship": "Outer", "Scan Direction": "Forward", "Index Name": "company_type_pkey", "Relation Name": "company_type", "Alias": "ct", "Startup Cost": 0.0, "Total Cost": 12.3, "Plan Rows": 1, "Plan Width": 4, "Actual Startup Time": 0.015, "Actual Total Time": 0.026, "Actual Rows": 1, "Actual Loops": 1, "Filter": "((kind)::text = 'production companies'::text)", "Rows Removed by Filter": 2}, {"Node Type": "Index Scan", "Parent Relationship": "Inner", "Scan Direction": "Forward", "Index Name": "company_type_id_movie_companies", "Relation Name": "movie_companies", "Alias": "mc", "Startup Cost": 0.0, "Total Cost": 59640.35, "Plan Rows": 1540, "Plan Width": 8, "Actual Startup Time": 752.888, "Actual Total Time": 752.888, "Actual Rows": 0, "Actual Loops": 1, "Index Cond": "(company_type_id = ct.id)", "Rows Removed by Index Recheck": 0, "Filter": "(((note)::text ~~ '%(theatrical)%'::text) AND ((note)::text ~~ '%(France)%'::text))", "Rows Removed by Filter": 1334883}]}, {"Node Type": "Index Scan", "Parent Relationship": "Inner", "Scan Direction": "Forward", "Index Name": "title_pkey", "Relation Name": "title", "Alias": "t", "Startup Cost": 0.0, "Total Cost": 7.53, "Plan Rows": 1, "Plan Width": 21, "Actual Startup Time": 0.0, "Actual Total Time": 0.0, "Index Cond": "(id = mc.movie_id)", "Rows Removed by Index Recheck": 0, "Filter": "(production_year > 2005)", "Rows Removed by Filter": 0}]}, {"Node Type": "Index Scan", "Parent Relationship": "Inner", "Scan Direction": "Forward", "Index Name": "movie_id_movie_info", "Relation Name": "movie_info", "Alias": "mi", "Startup Cost": 0.0, "Total Cost": 1.21, "Plan Rows": 1, "Plan Width": 8, "Actual Startup Time": 0.0, "Actual Total Time": 0.0, "Index Cond": "(movie_id = t.id)", "Rows Removed by Index Recheck": 0, "Filter": "((info)::text = ANY ('{Sweden,Norway,Germany,Denmark,Swedish,Denish,Norwegian,German}'::text[]))", "Rows Removed by Filter": 0}]}, {"Node Type": "Index Scan", "Parent Relationship": "Inner", "Scan Direction": "Forward", "Index Name": "info_type_pkey", "Relation Name": "info_type", "Alias": "it", "Startup Cost": 0.0, "Total Cost": 0.27, "Plan Rows": 1, "Plan Width": 4, "Actual Startup Time": 0.0, "Actual Total Time": 0.0, "Index Cond": "(id = mi.info_type_id)", "Rows Removed by Index Recheck": 0}]}]}, "Triggers": [], "Planner Runtime": 6.967, "Total Runtime": 753.211, "Unique SQL Id": 2510907716}}, "(1, '62')": {"explain_plan": {"Plan": {"Node Type": "Aggregate", "Strategy": "Plain", "Startup Cost": 27872755.34, "Total Cost": 27872755.35, "Plan Rows": 1, "Plan Width": 49, "Plans": [{"Node Type": "Nested Loop", "Parent Relationship": "Outer", "Join Type": "Inner", "Startup Cost": 0.0, "Total Cost": 27872750.54, "Plan Rows": 1919, "Plan Width": 17, "Inner Unique": false, "Join Filter": "(mi.movie_id = t.id)", "Plans": [{"Node Type": "Seq Scan", "Parent Relationship": "Outer", "Relation Name": "title", "Alias": "t", "Startup Cost": 0.0, "Total Cost": 66389.89, "Plan Rows": 1013492, "Plan Width": 21, "Filter": "(production_year > 2005), (LLVM Optimized)"}, {"Node Type": "Materialize", "Parent Relationship": "Inner", "Startup Cost": 0.0, "Total Cost": 3771401.82, "Plan Rows": 1581, "Plan Width": 8, "Plans": [{"Node Type": "Nested Loop", "Parent Relationship": "Outer", "Join Type": "Inner", "Startup Cost": 0.0, "Total Cost": 3771393.92, "Plan Rows": 1581, "Plan Width": 8, "Inner Unique": true, "Join Filter": "(mi.info_type_id = it.id)", "Plans": [{"Node Type": "Nested Loop", "Parent Relationship": "Outer", "Join Type": "Inner", "Startup Cost": 0.0, "Total Cost": 3768735.44, "Plan Rows": 1581, "Plan Width": 12, "Inner Unique": false, "Join Filter": "(mc.movie_id = mi.movie_id)", "Plans": [{"Node Type": "Seq Scan", "Parent Relationship": "Outer", "Relation Name": "movie_info", "Alias": "mi", "Startup Cost": 0.0, "Total Cost": 445687.32, "Plan Rows": 141478, "Plan Width": 8, "Filter": "((info)::text = ANY ('{Sweden,Norway,Germany,Denmark,Swedish,Denish,Norwegian,German}'::text[]))"}, {"Node Type": "Materialize", "Parent Relationship": "Inner", "Startup Cost": 0.0, "Total Cost": 54910.17, "Plan Rows": 1540, "Plan Width": 4, "Plans": [{"Node Type": "Nested Loop", "Parent Relationship": "Outer", "Join Type": "Inner", "Startup Cost": 0.0, "Total Cost": 54902.47, "Plan Rows": 1540, "Plan Width": 4, "Inner Unique": false, "Join Filter": "(ct.id = mc.company_type_id)", "Plans": [{"Node Type": "Seq Scan", "Parent Relationship": "Outer", "Relation Name": "company_type", "Alias": "ct", "Startup Cost": 0.0, "Total Cost": 1.04, "Plan Rows": 1, "Plan Width": 4, "Filter": "((kind)::text = 'production companies'::text)"}, {"Node Type": "Seq Scan", "Parent Relationship": "Inner", "Relation Name": "movie_companies", "Alias": "mc", "Startup Cost": 0.0, "Total Cost": 54862.92, "Plan Rows": 3081, "Plan Width": 8, "Filter": "(((note)::text ~~ '%(theatrical)%'::text) AND ((note)::text ~~ '%(France)%'::text))"}]}]}]}, {"Node Type": "Materialize", "Parent Relationship": "Inner", "Startup Cost": 0.0, "Total Cost": 2.68, "Plan Rows": 112, "Plan Width": 4, "Plans": [{"Node Type": "Seq Scan", "Parent Relationship": "Outer", "Relation Name": "info_type", "Alias": "it", "Startup Cost": 0.0, "Total Cost": 2.12, "Plan Rows": 112, "Plan Width": 4}]}]}]}]}]}, "Unique SQL Id": 2510907716, "Planner Runtime": 2}, "explain_analyze_plan": null}, "(1, '63')": {"explain_plan": {"Plan": {"Node Type": "Aggregate", "Strategy": "Plain", "Startup Cost": 5000171402636.96, "Total Cost": 5000171402636.97, "Plan Rows": 1, "Plan Width": 49, "Plans": [{"Node Type": "Nested Loop", "Parent Relationship": "Outer", "Join Type": "Inner", "Startup Cost": 50000000000.0, "Total Cost": 5000171402632.16, "Plan Rows": 1919, "Plan Width": 17, "Inner Unique": true, "Join Filter": "(mi.info_type_id = it.id)", "Plans": [{"Node Type": "Nested Loop", "Parent Relationship": "Outer", "Join Type": "Inner", "Startup Cost": 40000000000.0, "Total Cost": 4000171398014.96, "Plan Rows": 1919, "Plan Width": 21, "Inner Unique": true, "Join Filter": "(mi.movie_id = t.id)", "Plans": [{"Node Type": "Nested Loop", "Parent Relationship": "Outer", "Join Type": "Inner", "Startup Cost": 30000000000.0, "Total Cost": 3000135716391.79, "Plan Rows": 1581, "Plan Width": 12, "Inner Unique": true, "Join Filter": "(mc.company_type_id = ct.id)", "Plans": [{"Node Type": "Nested Loop", "Parent Relationship": "Outer", "Join Type": "Inner", "Startup Cost": 20000000000.0, "Total Cost": 2000135715114.09, "Plan Rows": 3163, "Plan Width": 16, "Inner Unique": false, "Join Filter": "(mc.movie_id = mi.movie_id)", "Plans": [{"Node Type": "Index Scan", "Parent Relationship": "Outer", "Scan Direction": "Forward", "Index Name": "info_type_id_movie_info", "Relation Name": "movie_info", "Alias": "mi", "Startup Cost": 10000000000.0, "Total Cost": 1000118553919.62, "Plan Rows": 141478, "Plan Width": 8, "Filter": "((info)::text = ANY ('{Sweden,Norway,Germany,Denmark,Swedish,Denish,Norwegian,German}'::text[]))"}, {"Node Type": "Materialize", "Parent Relationship": "Inner", "Startup Cost": 10000000000.0, "Total Cost": 1000010622796.41, "Plan Rows": 3081, "Plan Width": 8, "Plans": [{"Node Type": "Index Scan", "Parent Relationship": "Outer", "Scan Direction": "Forward", "Index Name": "company_type_id_movie_companies", "Relation Name": "movie_companies", "Alias": "mc", "Startup Cost": 10000000000.0, "Total Cost": 1000010622781.0, "Plan Rows": 3081, "Plan Width": 8, "Filter": "(((note)::text ~~ '%(theatrical)%'::text) AND ((note)::text ~~ '%(France)%'::text))"}]}]}, {"Node Type": "Materialize", "Parent Relationship": "Inner", "Startup Cost": 10000000000.0, "Total Cost": 1000000001230.26, "Plan Rows": 1, "Plan Width": 4, "Plans": [{"Node Type": "Index Scan", "Parent Relationship": "Outer", "Scan Direction": "Forward", "Index Name": "company_type_pkey", "Relation Name": "company_type", "Alias": "ct", "Startup Cost": 10000000000.0, "Total Cost": 1000000001230.25, "Plan Rows": 1, "Plan Width": 4, "Filter": "((kind)::text = 'production companies'::text)"}]}]}, {"Node Type": "Materialize", "Parent Relationship": "Inner", "Startup Cost": 10000000000.0, "Total Cost": 1000011649194.12, "Plan Rows": 1013492, "Plan Width": 21, "Plans": [{"Node Type": "Index Scan", "Parent Relationship": "Outer", "Scan Direction": "Forward", "Index Name": "title_pkey", "Relation Name": "title", "Alias": "t", "Startup Cost": 10000000000.0, "Total Cost": 1000011644126.66, "Plan Rows": 1013492, "Plan Width": 21, "Filter": "(production_year > 2005), (LLVM Optimized)"}]}]}, {"Node Type": "Materialize", "Parent Relationship": "Inner", "Startup Cost": 10000000000.0, "Total Cost": 1000000001393.56, "Plan Rows": 112, "Plan Width": 4, "Plans": [{"Node Type": "Index Scan", "Parent Relationship": "Outer", "Scan Direction": "Forward", "Index Name": "info_type_pkey", "Relation Name": "info_type", "Alias": "it", "Startup Cost": 10000000000.0, "Total Cost": 1000000001393.0, "Plan Rows": 112, "Plan Width": 4}]}]}]}, "Unique SQL Id": 2510907716, "Planner Runtime": 2}, "explain_analyze_plan": null}, "(1, '64')": {"explain_plan": {"Plan": {"Node Type": "Aggregate", "Strategy": "Plain", "Startup Cost": 69326.03, "Total Cost": 69326.04, "Plan Rows": 1, "Plan Width": 49, "Plans": [{"Node Type": "Nested Loop", "Parent Relationship": "Outer", "Join Type": "Inner", "Startup Cost": 1.05, "Total Cost": 69321.23, "Plan Rows": 1919, "Plan Width": 17, "Inner Unique": true, "Plans": [{"Node Type": "Nested Loop", "Parent Relationship": "Outer", "Join Type": "Inner", "Startup Cost": 1.05, "Total Cost": 68783.8, "Plan Rows": 1919, "Plan Width": 21, "Inner Unique": false, "Plans": [{"Node Type": "Nested Loop", "Parent Relationship": "Outer", "Join Type": "Inner", "Startup Cost": 1.05, "Total Cost": 66504.51, "Plan Rows": 1869, "Plan Width": 25, "Inner Unique": true, "Plans": [{"Node Type": "Hash Join", "Parent Relationship": "Outer", "Join Type": "Inner", "Startup Cost": 1.05, "Total Cost": 54887.09, "Plan Rows": 1540, "Plan Width": 4, "Inner Unique": true, "Hash Cond": "(mc.company_type_id = ct.id)", "Plans": [{"Node Type": "Seq Scan", "Parent Relationship": "Outer", "Relation Name": "movie_companies", "Alias": "mc", "Startup Cost": 0.0, "Total Cost": 54862.92, "Plan Rows": 3081, "Plan Width": 8, "Filter": "(((note)::text ~~ '%(theatrical)%'::text) AND ((note)::text ~~ '%(France)%'::text))"}, {"Node Type": "Hash", "Parent Relationship": "Inner", "Startup Cost": 1.04, "Total Cost": 1.04, "Plan Rows": 1, "Plan Width": 4, "Plans": [{"Node Type": "Seq Scan", "Parent Relationship": "Outer", "Relation Name": "company_type", "Alias": "ct", "Startup Cost": 0.0, "Total Cost": 1.04, "Plan Rows": 1, "Plan Width": 4, "Filter": "((kind)::text = 'production companies'::text)"}]}]}, {"Node Type": "Index Scan", "Parent Relationship": "Inner", "Scan Direction": "Forward", "Index Name": "title_pkey", "Relation Name": "title", "Alias": "t", "Startup Cost": 0.0, "Total Cost": 7.53, "Plan Rows": 1, "Plan Width": 21, "Index Cond": "(id = mc.movie_id)", "Filter": "(production_year > 2005)"}]}, {"Node Type": "Index Scan", "Parent Relationship": "Inner", "Scan Direction": "Forward", "Index Name": "movie_id_movie_info", "Relation Name": "movie_info", "Alias": "mi", "Startup Cost": 0.0, "Total Cost": 1.21, "Plan Rows": 1, "Plan Width": 8, "Index Cond": "(movie_id = t.id)", "Filter": "((info)::text = ANY ('{Sweden,Norway,Germany,Denmark,Swedish,Denish,Norwegian,German}'::text[]))"}]}, {"Node Type": "Index Only Scan", "Parent Relationship": "Inner", "Scan Direction": "Forward", "Index Name": "info_type_pkey", "Relation Name": "info_type", "Alias": "it", "Startup Cost": 0.0, "Total Cost": 0.27, "Plan Rows": 1, "Plan Width": 4, "Index Cond": "(id = mi.info_type_id)"}]}]}, "Unique SQL Id": 2510907716, "Planner Runtime": 7}, "explain_analyze_plan": {"Plan": {"Node Type": "Aggregate", "Strategy": "Plain", "Startup Cost": 69326.03, "Total Cost": 69326.04, "Plan Rows": 1, "Plan Width": 49, "Actual Startup Time": 1037.545, "Actual Total Time": 1037.546, "Actual Rows": 1, "Actual Loops": 1, "Plans": [{"Node Type": "Nested Loop", "Parent Relationship": "Outer", "Join Type": "Inner", "Startup Cost": 1.05, "Total Cost": 69321.23, "Plan Rows": 1919, "Plan Width": 17, "Actual Startup Time": 1037.535, "Actual Total Time": 1037.535, "Actual Rows": 0, "Actual Loops": 1, "Inner Unique": true, "Plans": [{"Node Type": "Nested Loop", "Parent Relationship": "Outer", "Join Type": "Inner", "Startup Cost": 1.05, "Total Cost": 68783.8, "Plan Rows": 1919, "Plan Width": 21, "Actual Startup Time": 1037.533, "Actual Total Time": 1037.533, "Actual Rows": 0, "Actual Loops": 1, "Inner Unique": false, "Plans": [{"Node Type": "Nested Loop", "Parent Relationship": "Outer", "Join Type": "Inner", "Startup Cost": 1.05, "Total Cost": 66504.51, "Plan Rows": 1869, "Plan Width": 25, "Actual Startup Time": 1037.532, "Actual Total Time": 1037.532, "Actual Rows": 0, "Actual Loops": 1, "Inner Unique": true, "Plans": [{"Node Type": "Hash Join", "Parent Relationship": "Outer", "Join Type": "Inner", "Startup Cost": 1.05, "Total Cost": 54887.09, "Plan Rows": 1540, "Plan Width": 4, "Actual Startup Time": 1037.49, "Actual Total Time": 1037.49, "Actual Rows": 0, "Actual Loops": 1, "Inner Unique": true, "Hash Cond": "(mc.company_type_id = ct.id)", "Plans": [{"Node Type": "Seq Scan", "Parent Relationship": "Outer", "Relation Name": "movie_companies", "Alias": "mc", "Startup Cost": 0.0, "Total Cost": 54862.92, "Plan Rows": 3081, "Plan Width": 8, "Actual Startup Time": 8.801, "Actual Total Time": 1032.8, "Actual Rows": 24025, "Actual Loops": 1, "Filter": "(((note)::text ~~ '%(theatrical)%'::text) AND ((note)::text ~~ '%(France)%'::text))", "Rows Removed by Filter": 2585103}, {"Node Type": "Hash", "Parent Relationship": "Inner", "Startup Cost": 1.04, "Total Cost": 1.04, "Plan Rows": 1, "Plan Width": 4, "Actual Startup Time": 0.023, "Actual Total Time": 0.023, "Actual Rows": 1, "Actual Loops": 1, "Hash Buckets": 32768, "Hash Batches": 1, "Original Hash Batches": 1, "Peak Memory Usage": 1, "Plans": [{"Node Type": "Seq Scan", "Parent Relationship": "Outer", "Relation Name": "company_type", "Alias": "ct", "Startup Cost": 0.0, "Total Cost": 1.04, "Plan Rows": 1, "Plan Width": 4, "Actual Startup Time": 0.014, "Actual Total Time": 0.016, "Actual Rows": 1, "Actual Loops": 1, "Filter": "((kind)::text = 'production companies'::text)", "Rows Removed by Filter": 2}]}]}, {"Node Type": "Index Scan", "Parent Relationship": "Inner", "Scan Direction": "Forward", "Index Name": "title_pkey", "Relation Name": "title", "Alias": "t", "Startup Cost": 0.0, "Total Cost": 7.53, "Plan Rows": 1, "Plan Width": 21, "Actual Startup Time": 0.0, "Actual Total Time": 0.0, "Index Cond": "(id = mc.movie_id)", "Rows Removed by Index Recheck": 0, "Filter": "(production_year > 2005)", "Rows Removed by Filter": 0}]}, {"Node Type": "Index Scan", "Parent Relationship": "Inner", "Scan Direction": "Forward", "Index Name": "movie_id_movie_info", "Relation Name": "movie_info", "Alias": "mi", "Startup Cost": 0.0, "Total Cost": 1.21, "Plan Rows": 1, "Plan Width": 8, "Actual Startup Time": 0.0, "Actual Total Time": 0.0, "Index Cond": "(movie_id = t.id)", "Rows Removed by Index Recheck": 0, "Filter": "((info)::text = ANY ('{Sweden,Norway,Germany,Denmark,Swedish,Denish,Norwegian,German}'::text[]))", "Rows Removed by Filter": 0}]}, {"Node Type": "Index Only Scan", "Parent Relationship": "Inner", "Scan Direction": "Forward", "Index Name": "info_type_pkey", "Relation Name": "info_type", "Alias": "it", "Startup Cost": 0.0, "Total Cost": 0.27, "Plan Rows": 1, "Plan Width": 4, "Actual Startup Time": 0.0, "Actual Total Time": 0.0, "Index Cond": "(id = mi.info_type_id)", "Rows Removed by Index Recheck": 0, "Heap Fetches": 0}]}]}, "Triggers": [], "Planner Runtime": 7.43, "Total Runtime": 1037.794, "Unique SQL Id": 2510907716}}, "(1, '65')": {"explain_plan": {"Plan": {"Node Type": "Aggregate", "Strategy": "Plain", "Startup Cost": 74106.99, "Total Cost": 74107.0, "Plan Rows": 1, "Plan Width": 49, "Plans": [{"Node Type": "Nested Loop", "Parent Relationship": "Outer", "Join Type": "Inner", "Startup Cost": 0.0, "Total Cost": 74102.19, "Plan Rows": 1919, "Plan Width": 17, "Inner Unique": true, "Plans": [{"Node Type": "Nested Loop", "Parent Relationship": "Outer", "Join Type": "Inner", "Startup Cost": 0.0, "Total Cost": 73564.77, "Plan Rows": 1919, "Plan Width": 21, "Inner Unique": false, "Plans": [{"Node Type": "Nested Loop", "Parent Relationship": "Outer", "Join Type": "Inner", "Startup Cost": 0.0, "Total Cost": 71285.47, "Plan Rows": 1869, "Plan Width": 25, "Inner Unique": true, "Plans": [{"Node Type": "Nested Loop", "Parent Relationship": "Outer", "Join Type": "Inner", "Startup Cost": 0.0, "Total Cost": 59668.05, "Plan Rows": 1540, "Plan Width": 4, "Inner Unique": false, "Plans": [{"Node Type": "Index Scan", "Parent Relationship": "Outer", "Scan Direction": "Forward", "Index Name": "company_type_pkey", "Relation Name": "company_type", "Alias": "ct", "Startup Cost": 0.0, "Total Cost": 12.3, "Plan Rows": 1, "Plan Width": 4, "Filter": "((kind)::text = 'production companies'::text)"}, {"Node Type": "Index Scan", "Parent Relationship": "Inner", "Scan Direction": "Forward", "Index Name": "company_type_id_movie_companies", "Relation Name": "movie_companies", "Alias": "mc", "Startup Cost": 0.0, "Total Cost": 59640.35, "Plan Rows": 1540, "Plan Width": 8, "Index Cond": "(company_type_id = ct.id)", "Filter": "(((note)::text ~~ '%(theatrical)%'::text) AND ((note)::text ~~ '%(France)%'::text))"}]}, {"Node Type": "Index Scan", "Parent Relationship": "Inner", "Scan Direction": "Forward", "Index Name": "title_pkey", "Relation Name": "title", "Alias": "t", "Startup Cost": 0.0, "Total Cost": 7.53, "Plan Rows": 1, "Plan Width": 21, "Index Cond": "(id = mc.movie_id)", "Filter": "(production_year > 2005)"}]}, {"Node Type": "Index Scan", "Parent Relationship": "Inner", "Scan Direction": "Forward", "Index Name": "movie_id_movie_info", "Relation Name": "movie_info", "Alias": "mi", "Startup Cost": 0.0, "Total Cost": 1.21, "Plan Rows": 1, "Plan Width": 8, "Index Cond": "(movie_id = t.id)", "Filter": "((info)::text = ANY ('{Sweden,Norway,Germany,Denmark,Swedish,Denish,Norwegian,German}'::text[]))"}]}, {"Node Type": "Index Only Scan", "Parent Relationship": "Inner", "Scan Direction": "Forward", "Index Name": "info_type_pkey", "Relation Name": "info_type", "Alias": "it", "Startup Cost": 0.0, "Total Cost": 0.27, "Plan Rows": 1, "Plan Width": 4, "Index Cond": "(id = mi.info_type_id)"}]}]}, "Unique SQL Id": 2510907716, "Planner Runtime": 7}, "explain_analyze_plan": {"Plan": {"Node Type": "Aggregate", "Strategy": "Plain", "Startup Cost": 74106.99, "Total Cost": 74107.0, "Plan Rows": 1, "Plan Width": 49, "Actual Startup Time": 633.715, "Actual Total Time": 633.716, "Actual Rows": 1, "Actual Loops": 1, "Plans": [{"Node Type": "Nested Loop", "Parent Relationship": "Outer", "Join Type": "Inner", "Startup Cost": 0.0, "Total Cost": 74102.19, "Plan Rows": 1919, "Plan Width": 17, "Actual Startup Time": 633.706, "Actual Total Time": 633.706, "Actual Rows": 0, "Actual Loops": 1, "Inner Unique": true, "Plans": [{"Node Type": "Nested Loop", "Parent Relationship": "Outer", "Join Type": "Inner", "Startup Cost": 0.0, "Total Cost": 73564.77, "Plan Rows": 1919, "Plan Width": 21, "Actual Startup Time": 633.704, "Actual Total Time": 633.704, "Actual Rows": 0, "Actual Loops": 1, "Inner Unique": false, "Plans": [{"Node Type": "Nested Loop", "Parent Relationship": "Outer", "Join Type": "Inner", "Startup Cost": 0.0, "Total Cost": 71285.47, "Plan Rows": 1869, "Plan Width": 25, "Actual Startup Time": 633.703, "Actual Total Time": 633.703, "Actual Rows": 0, "Actual Loops": 1, "Inner Unique": true, "Plans": [{"Node Type": "Nested Loop", "Parent Relationship": "Outer", "Join Type": "Inner", "Startup Cost": 0.0, "Total Cost": 59668.05, "Plan Rows": 1540, "Plan Width": 4, "Actual Startup Time": 633.702, "Actual Total Time": 633.702, "Actual Rows": 0, "Actual Loops": 1, "Inner Unique": false, "Plans": [{"Node Type": "Index Scan", "Parent Relationship": "Outer", "Scan Direction": "Forward", "Index Name": "company_type_pkey", "Relation Name": "company_type", "Alias": "ct", "Startup Cost": 0.0, "Total Cost": 12.3, "Plan Rows": 1, "Plan Width": 4, "Actual Startup Time": 0.021, "Actual Total Time": 0.027, "Actual Rows": 1, "Actual Loops": 1, "Filter": "((kind)::text = 'production companies'::text)", "Rows Removed by Filter": 2}, {"Node Type": "Index Scan", "Parent Relationship": "Inner", "Scan Direction": "Forward", "Index Name": "company_type_id_movie_companies", "Relation Name": "movie_companies", "Alias": "mc", "Startup Cost": 0.0, "Total Cost": 59640.35, "Plan Rows": 1540, "Plan Width": 8, "Actual Startup Time": 633.668, "Actual Total Time": 633.668, "Actual Rows": 0, "Actual Loops": 1, "Index Cond": "(company_type_id = ct.id)", "Rows Removed by Index Recheck": 0, "Filter": "(((note)::text ~~ '%(theatrical)%'::text) AND ((note)::text ~~ '%(France)%'::text))", "Rows Removed by Filter": 1334883}]}, {"Node Type": "Index Scan", "Parent Relationship": "Inner", "Scan Direction": "Forward", "Index Name": "title_pkey", "Relation Name": "title", "Alias": "t", "Startup Cost": 0.0, "Total Cost": 7.53, "Plan Rows": 1, "Plan Width": 21, "Actual Startup Time": 0.0, "Actual Total Time": 0.0, "Index Cond": "(id = mc.movie_id)", "Rows Removed by Index Recheck": 0, "Filter": "(production_year > 2005)", "Rows Removed by Filter": 0}]}, {"Node Type": "Index Scan", "Parent Relationship": "Inner", "Scan Direction": "Forward", "Index Name": "movie_id_movie_info", "Relation Name": "movie_info", "Alias": "mi", "Startup Cost": 0.0, "Total Cost": 1.21, "Plan Rows": 1, "Plan Width": 8, "Actual Startup Time": 0.0, "Actual Total Time": 0.0, "Index Cond": "(movie_id = t.id)", "Rows Removed by Index Recheck": 0, "Filter": "((info)::text = ANY ('{Sweden,Norway,Germany,Denmark,Swedish,Denish,Norwegian,German}'::text[]))", "Rows Removed by Filter": 0}]}, {"Node Type": "Index Only Scan", "Parent Relationship": "Inner", "Scan Direction": "Forward", "Index Name": "info_type_pkey", "Relation Name": "info_type", "Alias": "it", "Startup Cost": 0.0, "Total Cost": 0.27, "Plan Rows": 1, "Plan Width": 4, "Actual Startup Time": 0.0, "Actual Total Time": 0.0, "Index Cond": "(id = mi.info_type_id)", "Rows Removed by Index Recheck": 0, "Heap Fetches": 0}]}]}, "Triggers": [], "Planner Runtime": 6.763, "Total Runtime": 633.955, "Unique SQL Id": 2510907716}}, "(1, '66')": {"explain_plan": {"Plan": {"Node Type": "Aggregate", "Strategy": "Plain", "Startup Cost": 75460.38, "Total Cost": 75460.39, "Plan Rows": 1, "Plan Width": 49, "Plans": [{"Node Type": "Hash Join", "Parent Relationship": "Outer", "Join Type": "Inner", "Startup Cost": 8.77, "Total Cost": 75455.58, "Plan Rows": 1919, "Plan Width": 17, "Inner Unique": true, "Hash Cond": "(mi.info_type_id = it.id)", "Plans": [{"Node Type": "Nested Loop", "Parent Relationship": "Outer", "Join Type": "Inner", "Startup Cost": 5.25, "Total Cost": 75426.73, "Plan Rows": 1919, "Plan Width": 21, "Inner Unique": false, "Plans": [{"Node Type": "Nested Loop", "Parent Relationship": "Outer", "Join Type": "Inner", "Startup Cost": 4.74, "Total Cost": 66764.81, "Plan Rows": 1869, "Plan Width": 25, "Inner Unique": true, "Plans": [{"Node Type": "Hash Join", "Parent Relationship": "Outer", "Join Type": "Inner", "Startup Cost": 1.05, "Total Cost": 54887.09, "Plan Rows": 1540, "Plan Width": 4, "Inner Unique": true, "Hash Cond": "(mc.company_type_id = ct.id)", "Plans": [{"Node Type": "Seq Scan", "Parent Relationship": "Outer", "Relation Name": "movie_companies", "Alias": "mc", "Startup Cost": 0.0, "Total Cost": 54862.92, "Plan Rows": 3081, "Plan Width": 8, "Filter": "(((note)::text ~~ '%(theatrical)%'::text) AND ((note)::text ~~ '%(France)%'::text))"}, {"Node Type": "Hash", "Parent Relationship": "Inner", "Startup Cost": 1.04, "Total Cost": 1.04, "Plan Rows": 1, "Plan Width": 4, "Plans": [{"Node Type": "Seq Scan", "Parent Relationship": "Outer", "Relation Name": "company_type", "Alias": "ct", "Startup Cost": 0.0, "Total Cost": 1.04, "Plan Rows": 1, "Plan Width": 4, "Filter": "((kind)::text = 'production companies'::text)"}]}]}, {"Node Type": "Bitmap Heap Scan", "Parent Relationship": "Inner", "Relation Name": "title", "Alias": "t", "Startup Cost": 3.69, "Total Cost": 7.7, "Plan Rows": 1, "Plan Width": 21, "Recheck Cond": "(id = mc.movie_id)", "Filter": "(production_year > 2005)", "Plans": [{"Node Type": "Bitmap Index Scan", "Parent Relationship": "Outer", "Index Name": "title_pkey", "Startup Cost": 0.0, "Total Cost": 3.69, "Plan Rows": 1, "Plan Width": 0, "Index Cond": "(id = mc.movie_id)"}]}]}, {"Node Type": "Bitmap Heap Scan", "Parent Relationship": "Inner", "Relation Name": "movie_info", "Alias": "mi", "Startup Cost": 0.51, "Total Cost": 4.62, "Plan Rows": 1, "Plan Width": 8, "Recheck Cond": "(movie_id = t.id)", "Filter": "((info)::text = ANY ('{Sweden,Norway,Germany,Denmark,Swedish,Denish,Norwegian,German}'::text[]))", "Plans": [{"Node Type": "Bitmap Index Scan", "Parent Relationship": "Outer", "Index Name": "movie_id_movie_info", "Startup Cost": 0.0, "Total Cost": 0.51, "Plan Rows": 5, "Plan Width": 0, "Index Cond": "(movie_id = t.id)"}]}]}, {"Node Type": "Hash", "Parent Relationship": "Inner", "Startup Cost": 2.12, "Total Cost": 2.12, "Plan Rows": 112, "Plan Width": 4, "Plans": [{"Node Type": "Seq Scan", "Parent Relationship": "Outer", "Relation Name": "info_type", "Alias": "it", "Startup Cost": 0.0, "Total Cost": 2.12, "Plan Rows": 112, "Plan Width": 4}]}]}]}, "Unique SQL Id": 2510907716, "Planner Runtime": 7}, "explain_analyze_plan": {"Plan": {"Node Type": "Aggregate", "Strategy": "Plain", "Startup Cost": 75460.38, "Total Cost": 75460.39, "Plan Rows": 1, "Plan Width": 49, "Actual Startup Time": 1032.561, "Actual Total Time": 1032.562, "Actual Rows": 1, "Actual Loops": 1, "Plans": [{"Node Type": "Hash Join", "Parent Relationship": "Outer", "Join Type": "Inner", "Startup Cost": 8.77, "Total Cost": 75455.58, "Plan Rows": 1919, "Plan Width": 17, "Actual Startup Time": 1032.551, "Actual Total Time": 1032.551, "Actual Rows": 0, "Actual Loops": 1, "Inner Unique": true, "Hash Cond": "(mi.info_type_id = it.id)", "Plans": [{"Node Type": "Nested Loop", "Parent Relationship": "Outer", "Join Type": "Inner", "Startup Cost": 5.25, "Total Cost": 75426.73, "Plan Rows": 1919, "Plan Width": 21, "Actual Startup Time": 1032.42, "Actual Total Time": 1032.42, "Actual Rows": 0, "Actual Loops": 1, "Inner Unique": false, "Plans": [{"Node Type": "Nested Loop", "Parent Relationship": "Outer", "Join Type": "Inner", "Startup Cost": 4.74, "Total Cost": 66764.81, "Plan Rows": 1869, "Plan Width": 25, "Actual Startup Time": 1032.418, "Actual Total Time": 1032.418, "Actual Rows": 0, "Actual Loops": 1, "Inner Unique": true, "Plans": [{"Node Type": "Hash Join", "Parent Relationship": "Outer", "Join Type": "Inner", "Startup Cost": 1.05, "Total Cost": 54887.09, "Plan Rows": 1540, "Plan Width": 4, "Actual Startup Time": 1032.371, "Actual Total Time": 1032.371, "Actual Rows": 0, "Actual Loops": 1, "Inner Unique": true, "Hash Cond": "(mc.company_type_id = ct.id)", "Plans": [{"Node Type": "Seq Scan", "Parent Relationship": "Outer", "Relation Name": "movie_companies", "Alias": "mc", "Startup Cost": 0.0, "Total Cost": 54862.92, "Plan Rows": 3081, "Plan Width": 8, "Actual Startup Time": 8.706, "Actual Total Time": 1027.604, "Actual Rows": 24025, "Actual Loops": 1, "Filter": "(((note)::text ~~ '%(theatrical)%'::text) AND ((note)::text ~~ '%(France)%'::text))", "Rows Removed by Filter": 2585103}, {"Node Type": "Hash", "Parent Relationship": "Inner", "Startup Cost": 1.04, "Total Cost": 1.04, "Plan Rows": 1, "Plan Width": 4, "Actual Startup Time": 0.02, "Actual Total Time": 0.02, "Actual Rows": 1, "Actual Loops": 1, "Hash Buckets": 32768, "Hash Batches": 1, "Original Hash Batches": 1, "Peak Memory Usage": 1, "Plans": [{"Node Type": "Seq Scan", "Parent Relationship": "Outer", "Relation Name": "company_type", "Alias": "ct", "Startup Cost": 0.0, "Total Cost": 1.04, "Plan Rows": 1, "Plan Width": 4, "Actual Startup Time": 0.014, "Actual Total Time": 0.015, "Actual Rows": 1, "Actual Loops": 1, "Filter": "((kind)::text = 'production companies'::text)", "Rows Removed by Filter": 2}]}]}, {"Node Type": "Bitmap Heap Scan", "Parent Relationship": "Inner", "Relation Name": "title", "Alias": "t", "Startup Cost": 3.69, "Total Cost": 7.7, "Plan Rows": 1, "Plan Width": 21, "Actual Startup Time": 0.0, "Actual Total Time": 0.0, "Recheck Cond": "(id = mc.movie_id)", "Rows Removed by Index Recheck": 0, "Filter": "(production_year > 2005)", "Rows Removed by Filter": 0, "Exact Heap Blocks": 0, "Lossy Heap Blocks": 0, "Plans": [{"Node Type": "Bitmap Index Scan", "Parent Relationship": "Outer", "Index Name": "title_pkey", "Startup Cost": 0.0, "Total Cost": 3.69, "Plan Rows": 1, "Plan Width": 0, "Actual Startup Time": 0.0, "Actual Total Time": 0.0, "Index Cond": "(id = mc.movie_id)"}]}]}, {"Node Type": "Bitmap Heap Scan", "Parent Relationship": "Inner", "Relation Name": "movie_info", "Alias": "mi", "Startup Cost": 0.51, "Total Cost": 4.62, "Plan Rows": 1, "Plan Width": 8, "Actual Startup Time": 0.0, "Actual Total Time": 0.0, "Recheck Cond": "(movie_id = t.id)", "Rows Removed by Index Recheck": 0, "Filter": "((info)::text = ANY ('{Sweden,Norway,Germany,Denmark,Swedish,Denish,Norwegian,German}'::text[]))", "Rows Removed by Filter": 0, "Exact Heap Blocks": 0, "Lossy Heap Blocks": 0, "Plans": [{"Node Type": "Bitmap Index Scan", "Parent Relationship": "Outer", "Index Name": "movie_id_movie_info", "Startup Cost": 0.0, "Total Cost": 0.51, "Plan Rows": 5, "Plan Width": 0, "Actual Startup Time": 0.0, "Actual Total Time": 0.0, "Index Cond": "(movie_id = t.id)"}]}]}, {"Node Type": "Hash", "Parent Relationship": "Inner", "Startup Cost": 2.12, "Total Cost": 2.12, "Plan Rows": 112, "Plan Width": 4, "Actual Startup Time": 0.09, "Actual Total Time": 0.09, "Actual Rows": 112, "Actual Loops": 1, "Hash Buckets": 32768, "Hash Batches": 1, "Original Hash Batches": 1, "Peak Memory Usage": 4, "Plans": [{"Node Type": "Seq Scan", "Parent Relationship": "Outer", "Relation Name": "info_type", "Alias": "it", "Startup Cost": 0.0, "Total Cost": 2.12, "Plan Rows": 112, "Plan Width": 4, "Actual Startup Time": 0.025, "Actual Total Time": 0.046, "Actual Rows": 112, "Actual Loops": 1}]}]}]}, "Triggers": [], "Planner Runtime": 7.186, "Total Runtime": 1032.827, "Unique SQL Id": 2510907716}}, "(1, '67')": {"explain_plan": {"Plan": {"Node Type": "Aggregate", "Strategy": "Plain", "Startup Cost": 1000010696765.6, "Total Cost": 1000010696765.61, "Plan Rows": 1, "Plan Width": 49, "Plans": [{"Node Type": "Nested Loop", "Parent Relationship": "Outer", "Join Type": "Inner", "Startup Cost": 10000000004.72, "Total Cost": 1000010696760.8, "Plan Rows": 1919, "Plan Width": 17, "Inner Unique": true, "Plans": [{"Node Type": "Nested Loop", "Parent Relationship": "Outer", "Join Type": "Inner", "Startup Cost": 10000000004.46, "Total Cost": 1000010680309.36, "Plan Rows": 3839, "Plan Width": 21, "Inner Unique": true, "Plans": [{"Node Type": "Nested Loop", "Parent Relationship": "Outer", "Join Type": "Inner", "Startup Cost": 10000000004.2, "Total Cost": 1000010663877.26, "Plan Rows": 3839, "Plan Width": 25, "Inner Unique": false, "Plans": [{"Node Type": "Nested Loop", "Parent Relationship": "Outer", "Join Type": "Inner", "Startup Cost": 10000000003.69, "Total Cost": 1000010646544.15, "Plan Rows": 3740, "Plan Width": 29, "Inner Unique": true, "Plans": [{"Node Type": "Index Scan", "Parent Relationship": "Outer", "Scan Direction": "Forward", "Index Name": "company_type_id_movie_companies", "Relation Name": "movie_companies", "Alias": "mc", "Startup Cost": 10000000000.0, "Total Cost": 1000010622781.0, "Plan Rows": 3081, "Plan Width": 8, "Filter": "(((note)::text ~~ '%(theatrical)%'::text) AND ((note)::text ~~ '%(France)%'::text))"}, {"Node Type": "Bitmap Heap Scan", "Parent Relationship": "Inner", "Relation Name": "title", "Alias": "t", "Startup Cost": 3.69, "Total Cost": 7.7, "Plan Rows": 1, "Plan Width": 21, "Recheck Cond": "(id = mc.movie_id)", "Filter": "(production_year > 2005)", "Plans": [{"Node Type": "Bitmap Index Scan", "Parent Relationship": "Outer", "Index Name": "title_pkey", "Startup Cost": 0.0, "Total Cost": 3.69, "Plan Rows": 1, "Plan Width": 0, "Index Cond": "(id = mc.movie_id)"}]}]}, {"Node Type": "Bitmap Heap Scan", "Parent Relationship": "Inner", "Relation Name": "movie_info", "Alias": "mi", "Startup Cost": 0.51, "Total Cost": 4.62, "Plan Rows": 1, "Plan Width": 8, "Recheck Cond": "(movie_id = t.id)", "Filter": "((info)::text = ANY ('{Sweden,Norway,Germany,Denmark,Swedish,Denish,Norwegian,German}'::text[]))", "Plans": [{"Node Type": "Bitmap Index Scan", "Parent Relationship": "Outer", "Index Name": "movie_id_movie_info", "Startup Cost": 0.0, "Total Cost": 0.51, "Plan Rows": 5, "Plan Width": 0, "Index Cond": "(movie_id = t.id)"}]}]}, {"Node Type": "Bitmap Heap Scan", "Parent Relationship": "Inner", "Relation Name": "info_type", "Alias": "it", "Startup Cost": 0.26, "Total Cost": 4.27, "Plan Rows": 1, "Plan Width": 4, "Recheck Cond": "(id = mi.info_type_id)", "Plans": [{"Node Type": "Bitmap Index Scan", "Parent Relationship": "Outer", "Index Name": "info_type_pkey", "Startup Cost": 0.0, "Total Cost": 0.26, "Plan Rows": 1, "Plan Width": 0, "Index Cond": "(id = mi.info_type_id)"}]}]}, {"Node Type": "Bitmap Heap Scan", "Parent Relationship": "Inner", "Relation Name": "company_type", "Alias": "ct", "Startup Cost": 0.26, "Total Cost": 4.28, "Plan Rows": 1, "Plan Width": 4, "Recheck Cond": "(id = mc.company_type_id)", "Filter": "((kind)::text = 'production companies'::text)", "Plans": [{"Node Type": "Bitmap Index Scan", "Parent Relationship": "Outer", "Index Name": "company_type_pkey", "Startup Cost": 0.0, "Total Cost": 0.26, "Plan Rows": 1, "Plan Width": 0, "Index Cond": "(id = mc.company_type_id)"}]}]}]}, "Unique SQL Id": 2510907716, "Planner Runtime": 5}, "explain_analyze_plan": null}, "(1, '68')": {"explain_plan": {"Plan": {"Node Type": "Aggregate", "Strategy": "Plain", "Startup Cost": 69326.08, "Total Cost": 69326.09, "Plan Rows": 1, "Plan Width": 49, "Plans": [{"Node Type": "Nested Loop", "Parent Relationship": "Outer", "Join Type": "Inner", "Startup Cost": 1.05, "Total Cost": 69321.29, "Plan Rows": 1919, "Plan Width": 17, "Inner Unique": true, "Plans": [{"Node Type": "Nested Loop", "Parent Relationship": "Outer", "Join Type": "Inner", "Startup Cost": 1.05, "Total Cost": 68783.8, "Plan Rows": 1919, "Plan Width": 21, "Inner Unique": false, "Plans": [{"Node Type": "Nested Loop", "Parent Relationship": "Outer", "Join Type": "Inner", "Startup Cost": 1.05, "Total Cost": 66504.51, "Plan Rows": 1869, "Plan Width": 25, "Inner Unique": true, "Plans": [{"Node Type": "Hash Join", "Parent Relationship": "Outer", "Join Type": "Inner", "Startup Cost": 1.05, "Total Cost": 54887.09, "Plan Rows": 1540, "Plan Width": 4, "Inner Unique": true, "Hash Cond": "(mc.company_type_id = ct.id)", "Plans": [{"Node Type": "Seq Scan", "Parent Relationship": "Outer", "Relation Name": "movie_companies", "Alias": "mc", "Startup Cost": 0.0, "Total Cost": 54862.92, "Plan Rows": 3081, "Plan Width": 8, "Filter": "(((note)::text ~~ '%(theatrical)%'::text) AND ((note)::text ~~ '%(France)%'::text))"}, {"Node Type": "Hash", "Parent Relationship": "Inner", "Startup Cost": 1.04, "Total Cost": 1.04, "Plan Rows": 1, "Plan Width": 4, "Plans": [{"Node Type": "Seq Scan", "Parent Relationship": "Outer", "Relation Name": "company_type", "Alias": "ct", "Startup Cost": 0.0, "Total Cost": 1.04, "Plan Rows": 1, "Plan Width": 4, "Filter": "((kind)::text = 'production companies'::text)"}]}]}, {"Node Type": "Index Scan", "Parent Relationship": "Inner", "Scan Direction": "Forward", "Index Name": "title_pkey", "Relation Name": "title", "Alias": "t", "Startup Cost": 0.0, "Total Cost": 7.53, "Plan Rows": 1, "Plan Width": 21, "Index Cond": "(id = mc.movie_id)", "Filter": "(production_year > 2005)"}]}, {"Node Type": "Index Scan", "Parent Relationship": "Inner", "Scan Direction": "Forward", "Index Name": "movie_id_movie_info", "Relation Name": "movie_info", "Alias": "mi", "Startup Cost": 0.0, "Total Cost": 1.21, "Plan Rows": 1, "Plan Width": 8, "Index Cond": "(movie_id = t.id)", "Filter": "((info)::text = ANY ('{Sweden,Norway,Germany,Denmark,Swedish,Denish,Norwegian,German}'::text[]))"}]}, {"Node Type": "Index Scan", "Parent Relationship": "Inner", "Scan Direction": "Forward", "Index Name": "info_type_pkey", "Relation Name": "info_type", "Alias": "it", "Startup Cost": 0.0, "Total Cost": 0.27, "Plan Rows": 1, "Plan Width": 4, "Index Cond": "(id = mi.info_type_id)"}]}]}, "Unique SQL Id": 2510907716, "Planner Runtime": 7}, "explain_analyze_plan": {"Plan": {"Node Type": "Aggregate", "Strategy": "Plain", "Startup Cost": 69326.08, "Total Cost": 69326.09, "Plan Rows": 1, "Plan Width": 49, "Actual Startup Time": 1028.362, "Actual Total Time": 1028.362, "Actual Rows": 1, "Actual Loops": 1, "Plans": [{"Node Type": "Nested Loop", "Parent Relationship": "Outer", "Join Type": "Inner", "Startup Cost": 1.05, "Total Cost": 69321.29, "Plan Rows": 1919, "Plan Width": 17, "Actual Startup Time": 1028.351, "Actual Total Time": 1028.351, "Actual Rows": 0, "Actual Loops": 1, "Inner Unique": true, "Plans": [{"Node Type": "Nested Loop", "Parent Relationship": "Outer", "Join Type": "Inner", "Startup Cost": 1.05, "Total Cost": 68783.8, "Plan Rows": 1919, "Plan Width": 21, "Actual Startup Time": 1028.35, "Actual Total Time": 1028.35, "Actual Rows": 0, "Actual Loops": 1, "Inner Unique": false, "Plans": [{"Node Type": "Nested Loop", "Parent Relationship": "Outer", "Join Type": "Inner", "Startup Cost": 1.05, "Total Cost": 66504.51, "Plan Rows": 1869, "Plan Width": 25, "Actual Startup Time": 1028.349, "Actual Total Time": 1028.349, "Actual Rows": 0, "Actual Loops": 1, "Inner Unique": true, "Plans": [{"Node Type": "Hash Join", "Parent Relationship": "Outer", "Join Type": "Inner", "Startup Cost": 1.05, "Total Cost": 54887.09, "Plan Rows": 1540, "Plan Width": 4, "Actual Startup Time": 1028.299, "Actual Total Time": 1028.299, "Actual Rows": 0, "Actual Loops": 1, "Inner Unique": true, "Hash Cond": "(mc.company_type_id = ct.id)", "Plans": [{"Node Type": "Seq Scan", "Parent Relationship": "Outer", "Relation Name": "movie_companies", "Alias": "mc", "Startup Cost": 0.0, "Total Cost": 54862.92, "Plan Rows": 3081, "Plan Width": 8, "Actual Startup Time": 8.695, "Actual Total Time": 1023.62, "Actual Rows": 24025, "Actual Loops": 1, "Filter": "(((note)::text ~~ '%(theatrical)%'::text) AND ((note)::text ~~ '%(France)%'::text))", "Rows Removed by Filter": 2585103}, {"Node Type": "Hash", "Parent Relationship": "Inner", "Startup Cost": 1.04, "Total Cost": 1.04, "Plan Rows": 1, "Plan Width": 4, "Actual Startup Time": 0.023, "Actual Total Time": 0.023, "Actual Rows": 1, "Actual Loops": 1, "Hash Buckets": 32768, "Hash Batches": 1, "Original Hash Batches": 1, "Peak Memory Usage": 1, "Plans": [{"Node Type": "Seq Scan", "Parent Relationship": "Outer", "Relation Name": "company_type", "Alias": "ct", "Startup Cost": 0.0, "Total Cost": 1.04, "Plan Rows": 1, "Plan Width": 4, "Actual Startup Time": 0.014, "Actual Total Time": 0.016, "Actual Rows": 1, "Actual Loops": 1, "Filter": "((kind)::text = 'production companies'::text)", "Rows Removed by Filter": 2}]}]}, {"Node Type": "Index Scan", "Parent Relationship": "Inner", "Scan Direction": "Forward", "Index Name": "title_pkey", "Relation Name": "title", "Alias": "t", "Startup Cost": 0.0, "Total Cost": 7.53, "Plan Rows": 1, "Plan Width": 21, "Actual Startup Time": 0.0, "Actual Total Time": 0.0, "Index Cond": "(id = mc.movie_id)", "Rows Removed by Index Recheck": 0, "Filter": "(production_year > 2005)", "Rows Removed by Filter": 0}]}, {"Node Type": "Index Scan", "Parent Relationship": "Inner", "Scan Direction": "Forward", "Index Name": "movie_id_movie_info", "Relation Name": "movie_info", "Alias": "mi", "Startup Cost": 0.0, "Total Cost": 1.21, "Plan Rows": 1, "Plan Width": 8, "Actual Startup Time": 0.0, "Actual Total Time": 0.0, "Index Cond": "(movie_id = t.id)", "Rows Removed by Index Recheck": 0, "Filter": "((info)::text = ANY ('{Sweden,Norway,Germany,Denmark,Swedish,Denish,Norwegian,German}'::text[]))", "Rows Removed by Filter": 0}]}, {"Node Type": "Index Scan", "Parent Relationship": "Inner", "Scan Direction": "Forward", "Index Name": "info_type_pkey", "Relation Name": "info_type", "Alias": "it", "Startup Cost": 0.0, "Total Cost": 0.27, "Plan Rows": 1, "Plan Width": 4, "Actual Startup Time": 0.0, "Actual Total Time": 0.0, "Index Cond": "(id = mi.info_type_id)", "Rows Removed by Index Recheck": 0}]}]}, "Triggers": [], "Planner Runtime": 7.427, "Total Runtime": 1028.635, "Unique SQL Id": 2510907716}}, "(1, '69')": {"explain_plan": {"Plan": {"Node Type": "Aggregate", "Strategy": "Plain", "Startup Cost": 74107.05, "Total Cost": 74107.06, "Plan Rows": 1, "Plan Width": 49, "Plans": [{"Node Type": "Nested Loop", "Parent Relationship": "Outer", "Join Type": "Inner", "Startup Cost": 0.0, "Total Cost": 74102.25, "Plan Rows": 1919, "Plan Width": 17, "Inner Unique": true, "Plans": [{"Node Type": "Nested Loop", "Parent Relationship": "Outer", "Join Type": "Inner", "Startup Cost": 0.0, "Total Cost": 73564.77, "Plan Rows": 1919, "Plan Width": 21, "Inner Unique": false, "Plans": [{"Node Type": "Nested Loop", "Parent Relationship": "Outer", "Join Type": "Inner", "Startup Cost": 0.0, "Total Cost": 71285.47, "Plan Rows": 1869, "Plan Width": 25, "Inner Unique": true, "Plans": [{"Node Type": "Nested Loop", "Parent Relationship": "Outer", "Join Type": "Inner", "Startup Cost": 0.0, "Total Cost": 59668.05, "Plan Rows": 1540, "Plan Width": 4, "Inner Unique": false, "Plans": [{"Node Type": "Index Scan", "Parent Relationship": "Outer", "Scan Direction": "Forward", "Index Name": "company_type_pkey", "Relation Name": "company_type", "Alias": "ct", "Startup Cost": 0.0, "Total Cost": 12.3, "Plan Rows": 1, "Plan Width": 4, "Filter": "((kind)::text = 'production companies'::text)"}, {"Node Type": "Index Scan", "Parent Relationship": "Inner", "Scan Direction": "Forward", "Index Name": "company_type_id_movie_companies", "Relation Name": "movie_companies", "Alias": "mc", "Startup Cost": 0.0, "Total Cost": 59640.35, "Plan Rows": 1540, "Plan Width": 8, "Index Cond": "(company_type_id = ct.id)", "Filter": "(((note)::text ~~ '%(theatrical)%'::text) AND ((note)::text ~~ '%(France)%'::text))"}]}, {"Node Type": "Index Scan", "Parent Relationship": "Inner", "Scan Direction": "Forward", "Index Name": "title_pkey", "Relation Name": "title", "Alias": "t", "Startup Cost": 0.0, "Total Cost": 7.53, "Plan Rows": 1, "Plan Width": 21, "Index Cond": "(id = mc.movie_id)", "Filter": "(production_year > 2005)"}]}, {"Node Type": "Index Scan", "Parent Relationship": "Inner", "Scan Direction": "Forward", "Index Name": "movie_id_movie_info", "Relation Name": "movie_info", "Alias": "mi", "Startup Cost": 0.0, "Total Cost": 1.21, "Plan Rows": 1, "Plan Width": 8, "Index Cond": "(movie_id = t.id)", "Filter": "((info)::text = ANY ('{Sweden,Norway,Germany,Denmark,Swedish,Denish,Norwegian,German}'::text[]))"}]}, {"Node Type": "Index Scan", "Parent Relationship": "Inner", "Scan Direction": "Forward", "Index Name": "info_type_pkey", "Relation Name": "info_type", "Alias": "it", "Startup Cost": 0.0, "Total Cost": 0.27, "Plan Rows": 1, "Plan Width": 4, "Index Cond": "(id = mi.info_type_id)"}]}]}, "Unique SQL Id": 2510907716, "Planner Runtime": 7}, "explain_analyze_plan": {"Plan": {"Node Type": "Aggregate", "Strategy": "Plain", "Startup Cost": 74107.05, "Total Cost": 74107.06, "Plan Rows": 1, "Plan Width": 49, "Actual Startup Time": 752.93, "Actual Total Time": 752.931, "Actual Rows": 1, "Actual Loops": 1, "Plans": [{"Node Type": "Nested Loop", "Parent Relationship": "Outer", "Join Type": "Inner", "Startup Cost": 0.0, "Total Cost": 74102.25, "Plan Rows": 1919, "Plan Width": 17, "Actual Startup Time": 752.924, "Actual Total Time": 752.924, "Actual Rows": 0, "Actual Loops": 1, "Inner Unique": true, "Plans": [{"Node Type": "Nested Loop", "Parent Relationship": "Outer", "Join Type": "Inner", "Startup Cost": 0.0, "Total Cost": 73564.77, "Plan Rows": 1919, "Plan Width": 21, "Actual Startup Time": 752.922, "Actual Total Time": 752.922, "Actual Rows": 0, "Actual Loops": 1, "Inner Unique": false, "Plans": [{"Node Type": "Nested Loop", "Parent Relationship": "Outer", "Join Type": "Inner", "Startup Cost": 0.0, "Total Cost": 71285.47, "Plan Rows": 1869, "Plan Width": 25, "Actual Startup Time": 752.921, "Actual Total Time": 752.921, "Actual Rows": 0, "Actual Loops": 1, "Inner Unique": true, "Plans": [{"Node Type": "Nested Loop", "Parent Relationship": "Outer", "Join Type": "Inner", "Startup Cost": 0.0, "Total Cost": 59668.05, "Plan Rows": 1540, "Plan Width": 4, "Actual Startup Time": 752.919, "Actual Total Time": 752.919, "Actual Rows": 0, "Actual Loops": 1, "Inner Unique": false, "Plans": [{"Node Type": "Index Scan", "Parent Relationship": "Outer", "Scan Direction": "Forward", "Index Name": "company_type_pkey", "Relation Name": "company_type", "Alias": "ct", "Startup Cost": 0.0, "Total Cost": 12.3, "Plan Rows": 1, "Plan Width": 4, "Actual Startup Time": 0.015, "Actual Total Time": 0.026, "Actual Rows": 1, "Actual Loops": 1, "Filter": "((kind)::text = 'production companies'::text)", "Rows Removed by Filter": 2}, {"Node Type": "Index Scan", "Parent Relationship": "Inner", "Scan Direction": "Forward", "Index Name": "company_type_id_movie_companies", "Relation Name": "movie_companies", "Alias": "mc", "Startup Cost": 0.0, "Total Cost": 59640.35, "Plan Rows": 1540, "Plan Width": 8, "Actual Startup Time": 752.888, "Actual Total Time": 752.888, "Actual Rows": 0, "Actual Loops": 1, "Index Cond": "(company_type_id = ct.id)", "Rows Removed by Index Recheck": 0, "Filter": "(((note)::text ~~ '%(theatrical)%'::text) AND ((note)::text ~~ '%(France)%'::text))", "Rows Removed by Filter": 1334883}]}, {"Node Type": "Index Scan", "Parent Relationship": "Inner", "Scan Direction": "Forward", "Index Name": "title_pkey", "Relation Name": "title", "Alias": "t", "Startup Cost": 0.0, "Total Cost": 7.53, "Plan Rows": 1, "Plan Width": 21, "Actual Startup Time": 0.0, "Actual Total Time": 0.0, "Index Cond": "(id = mc.movie_id)", "Rows Removed by Index Recheck": 0, "Filter": "(production_year > 2005)", "Rows Removed by Filter": 0}]}, {"Node Type": "Index Scan", "Parent Relationship": "Inner", "Scan Direction": "Forward", "Index Name": "movie_id_movie_info", "Relation Name": "movie_info", "Alias": "mi", "Startup Cost": 0.0, "Total Cost": 1.21, "Plan Rows": 1, "Plan Width": 8, "Actual Startup Time": 0.0, "Actual Total Time": 0.0, "Index Cond": "(movie_id = t.id)", "Rows Removed by Index Recheck": 0, "Filter": "((info)::text = ANY ('{Sweden,Norway,Germany,Denmark,Swedish,Denish,Norwegian,German}'::text[]))", "Rows Removed by Filter": 0}]}, {"Node Type": "Index Scan", "Parent Relationship": "Inner", "Scan Direction": "Forward", "Index Name": "info_type_pkey", "Relation Name": "info_type", "Alias": "it", "Startup Cost": 0.0, "Total Cost": 0.27, "Plan Rows": 1, "Plan Width": 4, "Actual Startup Time": 0.0, "Actual Total Time": 0.0, "Index Cond": "(id = mi.info_type_id)", "Rows Removed by Index Recheck": 0}]}]}, "Triggers": [], "Planner Runtime": 6.967, "Total Runtime": 753.211, "Unique SQL Id": 2510907716}}, "(1, '70')": {"explain_plan": {"Plan": {"Node Type": "Aggregate", "Strategy": "Plain", "Startup Cost": 75460.38, "Total Cost": 75460.39, "Plan Rows": 1, "Plan Width": 49, "Plans": [{"Node Type": "Hash Join", "Parent Relationship": "Outer", "Join Type": "Inner", "Startup Cost": 8.77, "Total Cost": 75455.58, "Plan Rows": 1919, "Plan Width": 17, "Inner Unique": true, "Hash Cond": "(mi.info_type_id = it.id)", "Plans": [{"Node Type": "Nested Loop", "Parent Relationship": "Outer", "Join Type": "Inner", "Startup Cost": 5.25, "Total Cost": 75426.73, "Plan Rows": 1919, "Plan Width": 21, "Inner Unique": false, "Plans": [{"Node Type": "Nested Loop", "Parent Relationship": "Outer", "Join Type": "Inner", "Startup Cost": 4.74, "Total Cost": 66764.81, "Plan Rows": 1869, "Plan Width": 25, "Inner Unique": true, "Plans": [{"Node Type": "Hash Join", "Parent Relationship": "Outer", "Join Type": "Inner", "Startup Cost": 1.05, "Total Cost": 54887.09, "Plan Rows": 1540, "Plan Width": 4, "Inner Unique": true, "Hash Cond": "(mc.company_type_id = ct.id)", "Plans": [{"Node Type": "Seq Scan", "Parent Relationship": "Outer", "Relation Name": "movie_companies", "Alias": "mc", "Startup Cost": 0.0, "Total Cost": 54862.92, "Plan Rows": 3081, "Plan Width": 8, "Filter": "(((note)::text ~~ '%(theatrical)%'::text) AND ((note)::text ~~ '%(France)%'::text))"}, {"Node Type": "Hash", "Parent Relationship": "Inner", "Startup Cost": 1.04, "Total Cost": 1.04, "Plan Rows": 1, "Plan Width": 4, "Plans": [{"Node Type": "Seq Scan", "Parent Relationship": "Outer", "Relation Name": "company_type", "Alias": "ct", "Startup Cost": 0.0, "Total Cost": 1.04, "Plan Rows": 1, "Plan Width": 4, "Filter": "((kind)::text = 'production companies'::text)"}]}]}, {"Node Type": "Bitmap Heap Scan", "Parent Relationship": "Inner", "Relation Name": "title", "Alias": "t", "Startup Cost": 3.69, "Total Cost": 7.7, "Plan Rows": 1, "Plan Width": 21, "Recheck Cond": "(id = mc.movie_id)", "Filter": "(production_year > 2005)", "Plans": [{"Node Type": "Bitmap Index Scan", "Parent Relationship": "Outer", "Index Name": "title_pkey", "Startup Cost": 0.0, "Total Cost": 3.69, "Plan Rows": 1, "Plan Width": 0, "Index Cond": "(id = mc.movie_id)"}]}]}, {"Node Type": "Bitmap Heap Scan", "Parent Relationship": "Inner", "Relation Name": "movie_info", "Alias": "mi", "Startup Cost": 0.51, "Total Cost": 4.62, "Plan Rows": 1, "Plan Width": 8, "Recheck Cond": "(movie_id = t.id)", "Filter": "((info)::text = ANY ('{Sweden,Norway,Germany,Denmark,Swedish,Denish,Norwegian,German}'::text[]))", "Plans": [{"Node Type": "Bitmap Index Scan", "Parent Relationship": "Outer", "Index Name": "movie_id_movie_info", "Startup Cost": 0.0, "Total Cost": 0.51, "Plan Rows": 5, "Plan Width": 0, "Index Cond": "(movie_id = t.id)"}]}]}, {"Node Type": "Hash", "Parent Relationship": "Inner", "Startup Cost": 2.12, "Total Cost": 2.12, "Plan Rows": 112, "Plan Width": 4, "Plans": [{"Node Type": "Seq Scan", "Parent Relationship": "Outer", "Relation Name": "info_type", "Alias": "it", "Startup Cost": 0.0, "Total Cost": 2.12, "Plan Rows": 112, "Plan Width": 4}]}]}]}, "Unique SQL Id": 2510907716, "Planner Runtime": 7}, "explain_analyze_plan": {"Plan": {"Node Type": "Aggregate", "Strategy": "Plain", "Startup Cost": 75460.38, "Total Cost": 75460.39, "Plan Rows": 1, "Plan Width": 49, "Actual Startup Time": 1032.561, "Actual Total Time": 1032.562, "Actual Rows": 1, "Actual Loops": 1, "Plans": [{"Node Type": "Hash Join", "Parent Relationship": "Outer", "Join Type": "Inner", "Startup Cost": 8.77, "Total Cost": 75455.58, "Plan Rows": 1919, "Plan Width": 17, "Actual Startup Time": 1032.551, "Actual Total Time": 1032.551, "Actual Rows": 0, "Actual Loops": 1, "Inner Unique": true, "Hash Cond": "(mi.info_type_id = it.id)", "Plans": [{"Node Type": "Nested Loop", "Parent Relationship": "Outer", "Join Type": "Inner", "Startup Cost": 5.25, "Total Cost": 75426.73, "Plan Rows": 1919, "Plan Width": 21, "Actual Startup Time": 1032.42, "Actual Total Time": 1032.42, "Actual Rows": 0, "Actual Loops": 1, "Inner Unique": false, "Plans": [{"Node Type": "Nested Loop", "Parent Relationship": "Outer", "Join Type": "Inner", "Startup Cost": 4.74, "Total Cost": 66764.81, "Plan Rows": 1869, "Plan Width": 25, "Actual Startup Time": 1032.418, "Actual Total Time": 1032.418, "Actual Rows": 0, "Actual Loops": 1, "Inner Unique": true, "Plans": [{"Node Type": "Hash Join", "Parent Relationship": "Outer", "Join Type": "Inner", "Startup Cost": 1.05, "Total Cost": 54887.09, "Plan Rows": 1540, "Plan Width": 4, "Actual Startup Time": 1032.371, "Actual Total Time": 1032.371, "Actual Rows": 0, "Actual Loops": 1, "Inner Unique": true, "Hash Cond": "(mc.company_type_id = ct.id)", "Plans": [{"Node Type": "Seq Scan", "Parent Relationship": "Outer", "Relation Name": "movie_companies", "Alias": "mc", "Startup Cost": 0.0, "Total Cost": 54862.92, "Plan Rows": 3081, "Plan Width": 8, "Actual Startup Time": 8.706, "Actual Total Time": 1027.604, "Actual Rows": 24025, "Actual Loops": 1, "Filter": "(((note)::text ~~ '%(theatrical)%'::text) AND ((note)::text ~~ '%(France)%'::text))", "Rows Removed by Filter": 2585103}, {"Node Type": "Hash", "Parent Relationship": "Inner", "Startup Cost": 1.04, "Total Cost": 1.04, "Plan Rows": 1, "Plan Width": 4, "Actual Startup Time": 0.02, "Actual Total Time": 0.02, "Actual Rows": 1, "Actual Loops": 1, "Hash Buckets": 32768, "Hash Batches": 1, "Original Hash Batches": 1, "Peak Memory Usage": 1, "Plans": [{"Node Type": "Seq Scan", "Parent Relationship": "Outer", "Relation Name": "company_type", "Alias": "ct", "Startup Cost": 0.0, "Total Cost": 1.04, "Plan Rows": 1, "Plan Width": 4, "Actual Startup Time": 0.014, "Actual Total Time": 0.015, "Actual Rows": 1, "Actual Loops": 1, "Filter": "((kind)::text = 'production companies'::text)", "Rows Removed by Filter": 2}]}]}, {"Node Type": "Bitmap Heap Scan", "Parent Relationship": "Inner", "Relation Name": "title", "Alias": "t", "Startup Cost": 3.69, "Total Cost": 7.7, "Plan Rows": 1, "Plan Width": 21, "Actual Startup Time": 0.0, "Actual Total Time": 0.0, "Recheck Cond": "(id = mc.movie_id)", "Rows Removed by Index Recheck": 0, "Filter": "(production_year > 2005)", "Rows Removed by Filter": 0, "Exact Heap Blocks": 0, "Lossy Heap Blocks": 0, "Plans": [{"Node Type": "Bitmap Index Scan", "Parent Relationship": "Outer", "Index Name": "title_pkey", "Startup Cost": 0.0, "Total Cost": 3.69, "Plan Rows": 1, "Plan Width": 0, "Actual Startup Time": 0.0, "Actual Total Time": 0.0, "Index Cond": "(id = mc.movie_id)"}]}]}, {"Node Type": "Bitmap Heap Scan", "Parent Relationship": "Inner", "Relation Name": "movie_info", "Alias": "mi", "Startup Cost": 0.51, "Total Cost": 4.62, "Plan Rows": 1, "Plan Width": 8, "Actual Startup Time": 0.0, "Actual Total Time": 0.0, "Recheck Cond": "(movie_id = t.id)", "Rows Removed by Index Recheck": 0, "Filter": "((info)::text = ANY ('{Sweden,Norway,Germany,Denmark,Swedish,Denish,Norwegian,German}'::text[]))", "Rows Removed by Filter": 0, "Exact Heap Blocks": 0, "Lossy Heap Blocks": 0, "Plans": [{"Node Type": "Bitmap Index Scan", "Parent Relationship": "Outer", "Index Name": "movie_id_movie_info", "Startup Cost": 0.0, "Total Cost": 0.51, "Plan Rows": 5, "Plan Width": 0, "Actual Startup Time": 0.0, "Actual Total Time": 0.0, "Index Cond": "(movie_id = t.id)"}]}]}, {"Node Type": "Hash", "Parent Relationship": "Inner", "Startup Cost": 2.12, "Total Cost": 2.12, "Plan Rows": 112, "Plan Width": 4, "Actual Startup Time": 0.09, "Actual Total Time": 0.09, "Actual Rows": 112, "Actual Loops": 1, "Hash Buckets": 32768, "Hash Batches": 1, "Original Hash Batches": 1, "Peak Memory Usage": 4, "Plans": [{"Node Type": "Seq Scan", "Parent Relationship": "Outer", "Relation Name": "info_type", "Alias": "it", "Startup Cost": 0.0, "Total Cost": 2.12, "Plan Rows": 112, "Plan Width": 4, "Actual Startup Time": 0.025, "Actual Total Time": 0.046, "Actual Rows": 112, "Actual Loops": 1}]}]}]}, "Triggers": [], "Planner Runtime": 7.186, "Total Runtime": 1032.827, "Unique SQL Id": 2510907716}}, "(1, '71')": {"explain_plan": {"Plan": {"Node Type": "Aggregate", "Strategy": "Plain", "Startup Cost": 1000010696765.6, "Total Cost": 1000010696765.61, "Plan Rows": 1, "Plan Width": 49, "Plans": [{"Node Type": "Nested Loop", "Parent Relationship": "Outer", "Join Type": "Inner", "Startup Cost": 10000000004.72, "Total Cost": 1000010696760.8, "Plan Rows": 1919, "Plan Width": 17, "Inner Unique": true, "Plans": [{"Node Type": "Nested Loop", "Parent Relationship": "Outer", "Join Type": "Inner", "Startup Cost": 10000000004.46, "Total Cost": 1000010680309.36, "Plan Rows": 3839, "Plan Width": 21, "Inner Unique": true, "Plans": [{"Node Type": "Nested Loop", "Parent Relationship": "Outer", "Join Type": "Inner", "Startup Cost": 10000000004.2, "Total Cost": 1000010663877.26, "Plan Rows": 3839, "Plan Width": 25, "Inner Unique": false, "Plans": [{"Node Type": "Nested Loop", "Parent Relationship": "Outer", "Join Type": "Inner", "Startup Cost": 10000000003.69, "Total Cost": 1000010646544.15, "Plan Rows": 3740, "Plan Width": 29, "Inner Unique": true, "Plans": [{"Node Type": "Index Scan", "Parent Relationship": "Outer", "Scan Direction": "Forward", "Index Name": "company_type_id_movie_companies", "Relation Name": "movie_companies", "Alias": "mc", "Startup Cost": 10000000000.0, "Total Cost": 1000010622781.0, "Plan Rows": 3081, "Plan Width": 8, "Filter": "(((note)::text ~~ '%(theatrical)%'::text) AND ((note)::text ~~ '%(France)%'::text))"}, {"Node Type": "Bitmap Heap Scan", "Parent Relationship": "Inner", "Relation Name": "title", "Alias": "t", "Startup Cost": 3.69, "Total Cost": 7.7, "Plan Rows": 1, "Plan Width": 21, "Recheck Cond": "(id = mc.movie_id)", "Filter": "(production_year > 2005)", "Plans": [{"Node Type": "Bitmap Index Scan", "Parent Relationship": "Outer", "Index Name": "title_pkey", "Startup Cost": 0.0, "Total Cost": 3.69, "Plan Rows": 1, "Plan Width": 0, "Index Cond": "(id = mc.movie_id)"}]}]}, {"Node Type": "Bitmap Heap Scan", "Parent Relationship": "Inner", "Relation Name": "movie_info", "Alias": "mi", "Startup Cost": 0.51, "Total Cost": 4.62, "Plan Rows": 1, "Plan Width": 8, "Recheck Cond": "(movie_id = t.id)", "Filter": "((info)::text = ANY ('{Sweden,Norway,Germany,Denmark,Swedish,Denish,Norwegian,German}'::text[]))", "Plans": [{"Node Type": "Bitmap Index Scan", "Parent Relationship": "Outer", "Index Name": "movie_id_movie_info", "Startup Cost": 0.0, "Total Cost": 0.51, "Plan Rows": 5, "Plan Width": 0, "Index Cond": "(movie_id = t.id)"}]}]}, {"Node Type": "Bitmap Heap Scan", "Parent Relationship": "Inner", "Relation Name": "info_type", "Alias": "it", "Startup Cost": 0.26, "Total Cost": 4.27, "Plan Rows": 1, "Plan Width": 4, "Recheck Cond": "(id = mi.info_type_id)", "Plans": [{"Node Type": "Bitmap Index Scan", "Parent Relationship": "Outer", "Index Name": "info_type_pkey", "Startup Cost": 0.0, "Total Cost": 0.26, "Plan Rows": 1, "Plan Width": 0, "Index Cond": "(id = mi.info_type_id)"}]}]}, {"Node Type": "Bitmap Heap Scan", "Parent Relationship": "Inner", "Relation Name": "company_type", "Alias": "ct", "Startup Cost": 0.26, "Total Cost": 4.28, "Plan Rows": 1, "Plan Width": 4, "Recheck Cond": "(id = mc.company_type_id)", "Filter": "((kind)::text = 'production companies'::text)", "Plans": [{"Node Type": "Bitmap Index Scan", "Parent Relationship": "Outer", "Index Name": "company_type_pkey", "Startup Cost": 0.0, "Total Cost": 0.26, "Plan Rows": 1, "Plan Width": 0, "Index Cond": "(id = mc.company_type_id)"}]}]}]}, "Unique SQL Id": 2510907716, "Planner Runtime": 4}, "explain_analyze_plan": null}, "(1, '72')": {"explain_plan": {"Plan": {"Node Type": "Aggregate", "Strategy": "Plain", "Startup Cost": 69326.03, "Total Cost": 69326.04, "Plan Rows": 1, "Plan Width": 49, "Plans": [{"Node Type": "Nested Loop", "Parent Relationship": "Outer", "Join Type": "Inner", "Startup Cost": 1.05, "Total Cost": 69321.23, "Plan Rows": 1919, "Plan Width": 17, "Inner Unique": true, "Plans": [{"Node Type": "Nested Loop", "Parent Relationship": "Outer", "Join Type": "Inner", "Startup Cost": 1.05, "Total Cost": 68783.8, "Plan Rows": 1919, "Plan Width": 21, "Inner Unique": false, "Plans": [{"Node Type": "Nested Loop", "Parent Relationship": "Outer", "Join Type": "Inner", "Startup Cost": 1.05, "Total Cost": 66504.51, "Plan Rows": 1869, "Plan Width": 25, "Inner Unique": true, "Plans": [{"Node Type": "Hash Join", "Parent Relationship": "Outer", "Join Type": "Inner", "Startup Cost": 1.05, "Total Cost": 54887.09, "Plan Rows": 1540, "Plan Width": 4, "Inner Unique": true, "Hash Cond": "(mc.company_type_id = ct.id)", "Plans": [{"Node Type": "Seq Scan", "Parent Relationship": "Outer", "Relation Name": "movie_companies", "Alias": "mc", "Startup Cost": 0.0, "Total Cost": 54862.92, "Plan Rows": 3081, "Plan Width": 8, "Filter": "(((note)::text ~~ '%(theatrical)%'::text) AND ((note)::text ~~ '%(France)%'::text))"}, {"Node Type": "Hash", "Parent Relationship": "Inner", "Startup Cost": 1.04, "Total Cost": 1.04, "Plan Rows": 1, "Plan Width": 4, "Plans": [{"Node Type": "Seq Scan", "Parent Relationship": "Outer", "Relation Name": "company_type", "Alias": "ct", "Startup Cost": 0.0, "Total Cost": 1.04, "Plan Rows": 1, "Plan Width": 4, "Filter": "((kind)::text = 'production companies'::text)"}]}]}, {"Node Type": "Index Scan", "Parent Relationship": "Inner", "Scan Direction": "Forward", "Index Name": "title_pkey", "Relation Name": "title", "Alias": "t", "Startup Cost": 0.0, "Total Cost": 7.53, "Plan Rows": 1, "Plan Width": 21, "Index Cond": "(id = mc.movie_id)", "Filter": "(production_year > 2005)"}]}, {"Node Type": "Index Scan", "Parent Relationship": "Inner", "Scan Direction": "Forward", "Index Name": "movie_id_movie_info", "Relation Name": "movie_info", "Alias": "mi", "Startup Cost": 0.0, "Total Cost": 1.21, "Plan Rows": 1, "Plan Width": 8, "Index Cond": "(movie_id = t.id)", "Filter": "((info)::text = ANY ('{Sweden,Norway,Germany,Denmark,Swedish,Denish,Norwegian,German}'::text[]))"}]}, {"Node Type": "Index Only Scan", "Parent Relationship": "Inner", "Scan Direction": "Forward", "Index Name": "info_type_pkey", "Relation Name": "info_type", "Alias": "it", "Startup Cost": 0.0, "Total Cost": 0.27, "Plan Rows": 1, "Plan Width": 4, "Index Cond": "(id = mi.info_type_id)"}]}]}, "Unique SQL Id": 2510907716, "Planner Runtime": 7}, "explain_analyze_plan": {"Plan": {"Node Type": "Aggregate", "Strategy": "Plain", "Startup Cost": 69326.03, "Total Cost": 69326.04, "Plan Rows": 1, "Plan Width": 49, "Actual Startup Time": 1037.545, "Actual Total Time": 1037.546, "Actual Rows": 1, "Actual Loops": 1, "Plans": [{"Node Type": "Nested Loop", "Parent Relationship": "Outer", "Join Type": "Inner", "Startup Cost": 1.05, "Total Cost": 69321.23, "Plan Rows": 1919, "Plan Width": 17, "Actual Startup Time": 1037.535, "Actual Total Time": 1037.535, "Actual Rows": 0, "Actual Loops": 1, "Inner Unique": true, "Plans": [{"Node Type": "Nested Loop", "Parent Relationship": "Outer", "Join Type": "Inner", "Startup Cost": 1.05, "Total Cost": 68783.8, "Plan Rows": 1919, "Plan Width": 21, "Actual Startup Time": 1037.533, "Actual Total Time": 1037.533, "Actual Rows": 0, "Actual Loops": 1, "Inner Unique": false, "Plans": [{"Node Type": "Nested Loop", "Parent Relationship": "Outer", "Join Type": "Inner", "Startup Cost": 1.05, "Total Cost": 66504.51, "Plan Rows": 1869, "Plan Width": 25, "Actual Startup Time": 1037.532, "Actual Total Time": 1037.532, "Actual Rows": 0, "Actual Loops": 1, "Inner Unique": true, "Plans": [{"Node Type": "Hash Join", "Parent Relationship": "Outer", "Join Type": "Inner", "Startup Cost": 1.05, "Total Cost": 54887.09, "Plan Rows": 1540, "Plan Width": 4, "Actual Startup Time": 1037.49, "Actual Total Time": 1037.49, "Actual Rows": 0, "Actual Loops": 1, "Inner Unique": true, "Hash Cond": "(mc.company_type_id = ct.id)", "Plans": [{"Node Type": "Seq Scan", "Parent Relationship": "Outer", "Relation Name": "movie_companies", "Alias": "mc", "Startup Cost": 0.0, "Total Cost": 54862.92, "Plan Rows": 3081, "Plan Width": 8, "Actual Startup Time": 8.801, "Actual Total Time": 1032.8, "Actual Rows": 24025, "Actual Loops": 1, "Filter": "(((note)::text ~~ '%(theatrical)%'::text) AND ((note)::text ~~ '%(France)%'::text))", "Rows Removed by Filter": 2585103}, {"Node Type": "Hash", "Parent Relationship": "Inner", "Startup Cost": 1.04, "Total Cost": 1.04, "Plan Rows": 1, "Plan Width": 4, "Actual Startup Time": 0.023, "Actual Total Time": 0.023, "Actual Rows": 1, "Actual Loops": 1, "Hash Buckets": 32768, "Hash Batches": 1, "Original Hash Batches": 1, "Peak Memory Usage": 1, "Plans": [{"Node Type": "Seq Scan", "Parent Relationship": "Outer", "Relation Name": "company_type", "Alias": "ct", "Startup Cost": 0.0, "Total Cost": 1.04, "Plan Rows": 1, "Plan Width": 4, "Actual Startup Time": 0.014, "Actual Total Time": 0.016, "Actual Rows": 1, "Actual Loops": 1, "Filter": "((kind)::text = 'production companies'::text)", "Rows Removed by Filter": 2}]}]}, {"Node Type": "Index Scan", "Parent Relationship": "Inner", "Scan Direction": "Forward", "Index Name": "title_pkey", "Relation Name": "title", "Alias": "t", "Startup Cost": 0.0, "Total Cost": 7.53, "Plan Rows": 1, "Plan Width": 21, "Actual Startup Time": 0.0, "Actual Total Time": 0.0, "Index Cond": "(id = mc.movie_id)", "Rows Removed by Index Recheck": 0, "Filter": "(production_year > 2005)", "Rows Removed by Filter": 0}]}, {"Node Type": "Index Scan", "Parent Relationship": "Inner", "Scan Direction": "Forward", "Index Name": "movie_id_movie_info", "Relation Name": "movie_info", "Alias": "mi", "Startup Cost": 0.0, "Total Cost": 1.21, "Plan Rows": 1, "Plan Width": 8, "Actual Startup Time": 0.0, "Actual Total Time": 0.0, "Index Cond": "(movie_id = t.id)", "Rows Removed by Index Recheck": 0, "Filter": "((info)::text = ANY ('{Sweden,Norway,Germany,Denmark,Swedish,Denish,Norwegian,German}'::text[]))", "Rows Removed by Filter": 0}]}, {"Node Type": "Index Only Scan", "Parent Relationship": "Inner", "Scan Direction": "Forward", "Index Name": "info_type_pkey", "Relation Name": "info_type", "Alias": "it", "Startup Cost": 0.0, "Total Cost": 0.27, "Plan Rows": 1, "Plan Width": 4, "Actual Startup Time": 0.0, "Actual Total Time": 0.0, "Index Cond": "(id = mi.info_type_id)", "Rows Removed by Index Recheck": 0, "Heap Fetches": 0}]}]}, "Triggers": [], "Planner Runtime": 7.43, "Total Runtime": 1037.794, "Unique SQL Id": 2510907716}}, "(1, '73')": {"explain_plan": {"Plan": {"Node Type": "Aggregate", "Strategy": "Plain", "Startup Cost": 74106.99, "Total Cost": 74107.0, "Plan Rows": 1, "Plan Width": 49, "Plans": [{"Node Type": "Nested Loop", "Parent Relationship": "Outer", "Join Type": "Inner", "Startup Cost": 0.0, "Total Cost": 74102.19, "Plan Rows": 1919, "Plan Width": 17, "Inner Unique": true, "Plans": [{"Node Type": "Nested Loop", "Parent Relationship": "Outer", "Join Type": "Inner", "Startup Cost": 0.0, "Total Cost": 73564.77, "Plan Rows": 1919, "Plan Width": 21, "Inner Unique": false, "Plans": [{"Node Type": "Nested Loop", "Parent Relationship": "Outer", "Join Type": "Inner", "Startup Cost": 0.0, "Total Cost": 71285.47, "Plan Rows": 1869, "Plan Width": 25, "Inner Unique": true, "Plans": [{"Node Type": "Nested Loop", "Parent Relationship": "Outer", "Join Type": "Inner", "Startup Cost": 0.0, "Total Cost": 59668.05, "Plan Rows": 1540, "Plan Width": 4, "Inner Unique": false, "Plans": [{"Node Type": "Index Scan", "Parent Relationship": "Outer", "Scan Direction": "Forward", "Index Name": "company_type_pkey", "Relation Name": "company_type", "Alias": "ct", "Startup Cost": 0.0, "Total Cost": 12.3, "Plan Rows": 1, "Plan Width": 4, "Filter": "((kind)::text = 'production companies'::text)"}, {"Node Type": "Index Scan", "Parent Relationship": "Inner", "Scan Direction": "Forward", "Index Name": "company_type_id_movie_companies", "Relation Name": "movie_companies", "Alias": "mc", "Startup Cost": 0.0, "Total Cost": 59640.35, "Plan Rows": 1540, "Plan Width": 8, "Index Cond": "(company_type_id = ct.id)", "Filter": "(((note)::text ~~ '%(theatrical)%'::text) AND ((note)::text ~~ '%(France)%'::text))"}]}, {"Node Type": "Index Scan", "Parent Relationship": "Inner", "Scan Direction": "Forward", "Index Name": "title_pkey", "Relation Name": "title", "Alias": "t", "Startup Cost": 0.0, "Total Cost": 7.53, "Plan Rows": 1, "Plan Width": 21, "Index Cond": "(id = mc.movie_id)", "Filter": "(production_year > 2005)"}]}, {"Node Type": "Index Scan", "Parent Relationship": "Inner", "Scan Direction": "Forward", "Index Name": "movie_id_movie_info", "Relation Name": "movie_info", "Alias": "mi", "Startup Cost": 0.0, "Total Cost": 1.21, "Plan Rows": 1, "Plan Width": 8, "Index Cond": "(movie_id = t.id)", "Filter": "((info)::text = ANY ('{Sweden,Norway,Germany,Denmark,Swedish,Denish,Norwegian,German}'::text[]))"}]}, {"Node Type": "Index Only Scan", "Parent Relationship": "Inner", "Scan Direction": "Forward", "Index Name": "info_type_pkey", "Relation Name": "info_type", "Alias": "it", "Startup Cost": 0.0, "Total Cost": 0.27, "Plan Rows": 1, "Plan Width": 4, "Index Cond": "(id = mi.info_type_id)"}]}]}, "Unique SQL Id": 2510907716, "Planner Runtime": 6}, "explain_analyze_plan": {"Plan": {"Node Type": "Aggregate", "Strategy": "Plain", "Startup Cost": 74106.99, "Total Cost": 74107.0, "Plan Rows": 1, "Plan Width": 49, "Actual Startup Time": 633.715, "Actual Total Time": 633.716, "Actual Rows": 1, "Actual Loops": 1, "Plans": [{"Node Type": "Nested Loop", "Parent Relationship": "Outer", "Join Type": "Inner", "Startup Cost": 0.0, "Total Cost": 74102.19, "Plan Rows": 1919, "Plan Width": 17, "Actual Startup Time": 633.706, "Actual Total Time": 633.706, "Actual Rows": 0, "Actual Loops": 1, "Inner Unique": true, "Plans": [{"Node Type": "Nested Loop", "Parent Relationship": "Outer", "Join Type": "Inner", "Startup Cost": 0.0, "Total Cost": 73564.77, "Plan Rows": 1919, "Plan Width": 21, "Actual Startup Time": 633.704, "Actual Total Time": 633.704, "Actual Rows": 0, "Actual Loops": 1, "Inner Unique": false, "Plans": [{"Node Type": "Nested Loop", "Parent Relationship": "Outer", "Join Type": "Inner", "Startup Cost": 0.0, "Total Cost": 71285.47, "Plan Rows": 1869, "Plan Width": 25, "Actual Startup Time": 633.703, "Actual Total Time": 633.703, "Actual Rows": 0, "Actual Loops": 1, "Inner Unique": true, "Plans": [{"Node Type": "Nested Loop", "Parent Relationship": "Outer", "Join Type": "Inner", "Startup Cost": 0.0, "Total Cost": 59668.05, "Plan Rows": 1540, "Plan Width": 4, "Actual Startup Time": 633.702, "Actual Total Time": 633.702, "Actual Rows": 0, "Actual Loops": 1, "Inner Unique": false, "Plans": [{"Node Type": "Index Scan", "Parent Relationship": "Outer", "Scan Direction": "Forward", "Index Name": "company_type_pkey", "Relation Name": "company_type", "Alias": "ct", "Startup Cost": 0.0, "Total Cost": 12.3, "Plan Rows": 1, "Plan Width": 4, "Actual Startup Time": 0.021, "Actual Total Time": 0.027, "Actual Rows": 1, "Actual Loops": 1, "Filter": "((kind)::text = 'production companies'::text)", "Rows Removed by Filter": 2}, {"Node Type": "Index Scan", "Parent Relationship": "Inner", "Scan Direction": "Forward", "Index Name": "company_type_id_movie_companies", "Relation Name": "movie_companies", "Alias": "mc", "Startup Cost": 0.0, "Total Cost": 59640.35, "Plan Rows": 1540, "Plan Width": 8, "Actual Startup Time": 633.668, "Actual Total Time": 633.668, "Actual Rows": 0, "Actual Loops": 1, "Index Cond": "(company_type_id = ct.id)", "Rows Removed by Index Recheck": 0, "Filter": "(((note)::text ~~ '%(theatrical)%'::text) AND ((note)::text ~~ '%(France)%'::text))", "Rows Removed by Filter": 1334883}]}, {"Node Type": "Index Scan", "Parent Relationship": "Inner", "Scan Direction": "Forward", "Index Name": "title_pkey", "Relation Name": "title", "Alias": "t", "Startup Cost": 0.0, "Total Cost": 7.53, "Plan Rows": 1, "Plan Width": 21, "Actual Startup Time": 0.0, "Actual Total Time": 0.0, "Index Cond": "(id = mc.movie_id)", "Rows Removed by Index Recheck": 0, "Filter": "(production_year > 2005)", "Rows Removed by Filter": 0}]}, {"Node Type": "Index Scan", "Parent Relationship": "Inner", "Scan Direction": "Forward", "Index Name": "movie_id_movie_info", "Relation Name": "movie_info", "Alias": "mi", "Startup Cost": 0.0, "Total Cost": 1.21, "Plan Rows": 1, "Plan Width": 8, "Actual Startup Time": 0.0, "Actual Total Time": 0.0, "Index Cond": "(movie_id = t.id)", "Rows Removed by Index Recheck": 0, "Filter": "((info)::text = ANY ('{Sweden,Norway,Germany,Denmark,Swedish,Denish,Norwegian,German}'::text[]))", "Rows Removed by Filter": 0}]}, {"Node Type": "Index Only Scan", "Parent Relationship": "Inner", "Scan Direction": "Forward", "Index Name": "info_type_pkey", "Relation Name": "info_type", "Alias": "it", "Startup Cost": 0.0, "Total Cost": 0.27, "Plan Rows": 1, "Plan Width": 4, "Actual Startup Time": 0.0, "Actual Total Time": 0.0, "Index Cond": "(id = mi.info_type_id)", "Rows Removed by Index Recheck": 0, "Heap Fetches": 0}]}]}, "Triggers": [], "Planner Runtime": 6.763, "Total Runtime": 633.955, "Unique SQL Id": 2510907716}}, "(1, '74')": {"explain_plan": {"Plan": {"Node Type": "Aggregate", "Strategy": "Plain", "Startup Cost": 580249.19, "Total Cost": 580249.2, "Plan Rows": 1, "Plan Width": 49, "Plans": [{"Node Type": "Hash Join", "Parent Relationship": "Outer", "Join Type": "Inner", "Startup Cost": 133996.98, "Total Cost": 580244.4, "Plan Rows": 1919, "Plan Width": 17, "Inner Unique": true, "Hash Cond": "(mi.info_type_id = it.id)", "Plans": [{"Node Type": "Hash Join", "Parent Relationship": "Outer", "Join Type": "Inner", "Startup Cost": 133993.46, "Total Cost": 580214.49, "Plan Rows": 1919, "Plan Width": 21, "Inner Unique": false, "Hash Cond": "(mi.movie_id = t.id)", "Plans": [{"Node Type": "Seq Scan", "Parent Relationship": "Outer", "Relation Name": "movie_info", "Alias": "mi", "Startup Cost": 0.0, "Total Cost": 445687.32, "Plan Rows": 141478, "Plan Width": 8, "Filter": "((info)::text = ANY ('{Sweden,Norway,Germany,Denmark,Swedish,Denish,Norwegian,German}'::text[]))"}, {"Node Type": "Hash", "Parent Relationship": "Inner", "Startup Cost": 133970.09, "Total Cost": 133970.09, "Plan Rows": 1869, "Plan Width": 25, "Plans": [{"Node Type": "Hash Join", "Parent Relationship": "Outer", "Join Type": "Inner", "Startup Cost": 79059.59, "Total Cost": 133970.09, "Plan Rows": 1869, "Plan Width": 25, "Inner Unique": true, "Hash Cond": "(mc.movie_id = t.id)", "Plans": [{"Node Type": "Hash Join", "Parent Relationship": "Outer", "Join Type": "Inner", "Startup Cost": 1.05, "Total Cost": 54887.09, "Plan Rows": 1540, "Plan Width": 4, "Inner Unique": true, "Hash Cond": "(mc.company_type_id = ct.id)", "Plans": [{"Node Type": "Seq Scan", "Parent Relationship": "Outer", "Relation Name": "movie_companies", "Alias": "mc", "Startup Cost": 0.0, "Total Cost": 54862.92, "Plan Rows": 3081, "Plan Width": 8, "Filter": "(((note)::text ~~ '%(theatrical)%'::text) AND ((note)::text ~~ '%(France)%'::text))"}, {"Node Type": "Hash", "Parent Relationship": "Inner", "Startup Cost": 1.04, "Total Cost": 1.04, "Plan Rows": 1, "Plan Width": 4, "Plans": [{"Node Type": "Seq Scan", "Parent Relationship": "Outer", "Relation Name": "company_type", "Alias": "ct", "Startup Cost": 0.0, "Total Cost": 1.04, "Plan Rows": 1, "Plan Width": 4, "Filter": "((kind)::text = 'production companies'::text)"}]}]}, {"Node Type": "Hash", "Parent Relationship": "Inner", "Startup Cost": 66389.89, "Total Cost": 66389.89, "Plan Rows": 1013492, "Plan Width": 21, "Plans": [{"Node Type": "Seq Scan", "Parent Relationship": "Outer", "Relation Name": "title", "Alias": "t", "Startup Cost": 0.0, "Total Cost": 66389.89, "Plan Rows": 1013492, "Plan Width": 21, "Filter": "(production_year > 2005), (LLVM Optimized)"}]}]}]}]}, {"Node Type": "Hash", "Parent Relationship": "Inner", "Startup Cost": 2.12, "Total Cost": 2.12, "Plan Rows": 112, "Plan Width": 4, "Plans": [{"Node Type": "Seq Scan", "Parent Relationship": "Outer", "Relation Name": "info_type", "Alias": "it", "Startup Cost": 0.0, "Total Cost": 2.12, "Plan Rows": 112, "Plan Width": 4}]}]}]}, "Unique SQL Id": 2510907716, "Planner Runtime": 8}, "explain_analyze_plan": {"Plan": {"Node Type": "Aggregate", "Strategy": "Plain", "Startup Cost": 580249.19, "Total Cost": 580249.2, "Plan Rows": 1, "Plan Width": 49, "Actual Startup Time": 1040.466, "Actual Total Time": 1040.468, "Actual Rows": 1, "Actual Loops": 1, "Plans": [{"Node Type": "Hash Join", "Parent Relationship": "Outer", "Join Type": "Inner", "Startup Cost": 133996.98, "Total Cost": 580244.4, "Plan Rows": 1919, "Plan Width": 17, "Actual Startup Time": 1040.455, "Actual Total Time": 1040.455, "Actual Rows": 0, "Actual Loops": 1, "Inner Unique": true, "Hash Cond": "(mi.info_type_id = it.id)", "Plans": [{"Node Type": "Hash Join", "Parent Relationship": "Outer", "Join Type": "Inner", "Startup Cost": 133993.46, "Total Cost": 580214.49, "Plan Rows": 1919, "Plan Width": 21, "Actual Startup Time": 1040.309, "Actual Total Time": 1040.309, "Actual Rows": 0, "Actual Loops": 1, "Inner Unique": false, "Hash Cond": "(mi.movie_id = t.id)", "Plans": [{"Node Type": "Seq Scan", "Parent Relationship": "Outer", "Relation Name": "movie_info", "Alias": "mi", "Startup Cost": 0.0, "Total Cost": 445687.32, "Plan Rows": 141478, "Plan Width": 8, "Actual Startup Time": 3.107, "Actual Total Time": 3.107, "Actual Rows": 1, "Actual Loops": 1, "Filter": "((info)::text = ANY ('{Sweden,Norway,Germany,Denmark,Swedish,Denish,Norwegian,German}'::text[]))", "Rows Removed by Filter": 5685}, {"Node Type": "Hash", "Parent Relationship": "Inner", "Startup Cost": 133970.09, "Total Cost": 133970.09, "Plan Rows": 1869, "Plan Width": 25, "Actual Startup Time": 1037.157, "Actual Total Time": 1037.157, "Actual Rows": 0, "Actual Loops": 1, "Hash Buckets": 32768, "Hash Batches": 1, "Original Hash Batches": 1, "Peak Memory Usage": 0, "Plans": [{"Node Type": "Hash Join", "Parent Relationship": "Outer", "Join Type": "Inner", "Startup Cost": 79059.59, "Total Cost": 133970.09, "Plan Rows": 1869, "Plan Width": 25, "Actual Startup Time": 1037.151, "Actual Total Time": 1037.151, "Actual Rows": 0, "Actual Loops": 1, "Inner Unique": true, "Hash Cond": "(mc.movie_id = t.id)", "Plans": [{"Node Type": "Hash Join", "Parent Relationship": "Outer", "Join Type": "Inner", "Startup Cost": 1.05, "Total Cost": 54887.09, "Plan Rows": 1540, "Plan Width": 4, "Actual Startup Time": 1037.09, "Actual Total Time": 1037.09, "Actual Rows": 0, "Actual Loops": 1, "Inner Unique": true, "Hash Cond": "(mc.company_type_id = ct.id)", "Plans": [{"Node Type": "Seq Scan", "Parent Relationship": "Outer", "Relation Name": "movie_companies", "Alias": "mc", "Startup Cost": 0.0, "Total Cost": 54862.92, "Plan Rows": 3081, "Plan Width": 8, "Actual Startup Time": 8.703, "Actual Total Time": 1032.468, "Actual Rows": 24025, "Actual Loops": 1, "Filter": "(((note)::text ~~ '%(theatrical)%'::text) AND ((note)::text ~~ '%(France)%'::text))", "Rows Removed by Filter": 2585103}, {"Node Type": "Hash", "Parent Relationship": "Inner", "Startup Cost": 1.04, "Total Cost": 1.04, "Plan Rows": 1, "Plan Width": 4, "Actual Startup Time": 0.017, "Actual Total Time": 0.017, "Actual Rows": 1, "Actual Loops": 1, "Hash Buckets": 32768, "Hash Batches": 1, "Original Hash Batches": 1, "Peak Memory Usage": 1, "Plans": [{"Node Type": "Seq Scan", "Parent Relationship": "Outer", "Relation Name": "company_type", "Alias": "ct", "Startup Cost": 0.0, "Total Cost": 1.04, "Plan Rows": 1, "Plan Width": 4, "Actual Startup Time": 0.012, "Actual Total Time": 0.014, "Actual Rows": 1, "Actual Loops": 1, "Filter": "((kind)::text = 'production companies'::text)", "Rows Removed by Filter": 2}]}]}, {"Node Type": "Hash", "Parent Relationship": "Inner", "Startup Cost": 66389.89, "Total Cost": 66389.89, "Plan Rows": 1013492, "Plan Width": 21, "Actual Startup Time": 0.0, "Actual Total Time": 0.0, "Hash Buckets": 0, "Hash Batches": 0, "Original Hash Batches": 0, "Peak Memory Usage": 0, "Plans": [{"Node Type": "Seq Scan", "Parent Relationship": "Outer", "Relation Name": "title", "Alias": "t", "Startup Cost": 0.0, "Total Cost": 66389.89, "Plan Rows": 1013492, "Plan Width": 21, "Actual Startup Time": 0.0, "Actual Total Time": 0.0, "Filter": "(production_year > 2005), (LLVM Optimized, Jit Execute)", "Rows Removed by Filter": 0}]}]}]}]}, {"Node Type": "Hash", "Parent Relationship": "Inner", "Startup Cost": 2.12, "Total Cost": 2.12, "Plan Rows": 112, "Plan Width": 4, "Actual Startup Time": 0.092, "Actual Total Time": 0.092, "Actual Rows": 112, "Actual Loops": 1, "Hash Buckets": 32768, "Hash Batches": 1, "Original Hash Batches": 1, "Peak Memory Usage": 4, "Plans": [{"Node Type": "Seq Scan", "Parent Relationship": "Outer", "Relation Name": "info_type", "Alias": "it", "Startup Cost": 0.0, "Total Cost": 2.12, "Plan Rows": 112, "Plan Width": 4, "Actual Startup Time": 0.028, "Actual Total Time": 0.047, "Actual Rows": 112, "Actual Loops": 1}]}]}]}, "Triggers": [], "Planner Runtime": 9.11, "Total Runtime": 1049.011, "Unique SQL Id": 2510907716}}, "(1, '75')": {"explain_plan": {"Plan": {"Node Type": "Aggregate", "Strategy": "Plain", "Startup Cost": 4997608710574.25, "Total Cost": 4997608710574.26, "Plan Rows": 1, "Plan Width": 49, "Plans": [{"Node Type": "Hash Join", "Parent Relationship": "Outer", "Join Type": "Inner", "Startup Cost": 2030021492533.64, "Total Cost": 4997608710569.45, "Plan Rows": 1919, "Plan Width": 17, "Inner Unique": true, "Hash Cond": "(mi.info_type_id = it.id)", "Plans": [{"Node Type": "Hash Join", "Parent Relationship": "Outer", "Join Type": "Inner", "Startup Cost": 1030021491539.24, "Total Cost": 3997608709548.66, "Plan Rows": 1919, "Plan Width": 21, "Inner Unique": true, "Hash Cond": "(mc.company_type_id = ct.id)", "Plans": [{"Node Type": "Merge Join", "Parent Relationship": "Outer", "Join Type": "Inner", "Startup Cost": 30021490308.98, "Total Cost": 2997608708289.58, "Plan Rows": 3839, "Plan Width": 25, "Inner Unique": false, "Merge Cond": "(t.id = mi.movie_id)", "Plans": [{"Node Type": "Merge Join", "Parent Relationship": "Outer", "Join Type": "Inner", "Startup Cost": 20021490308.98, "Total Cost": 1999077499123.92, "Plan Rows": 3740, "Plan Width": 29, "Inner Unique": true, "Merge Cond": "(mc.movie_id = t.id)", "Plans": [{"Node Type": "Index Scan", "Parent Relationship": "Outer", "Scan Direction": "Forward", "Index Name": "movie_id_movie_companies", "Relation Name": "movie_companies", "Alias": "mc", "Startup Cost": 10000000000.0, "Total Cost": 1000014356510.13, "Plan Rows": 3081, "Plan Width": 8, "Filter": "(((note)::text ~~ '%(theatrical)%'::text) AND ((note)::text ~~ '%(France)%'::text))"}, {"Node Type": "Index Scan", "Parent Relationship": "Inner", "Scan Direction": "Forward", "Index Name": "title_pkey", "Relation Name": "title", "Alias": "t", "Startup Cost": 10000000000.0, "Total Cost": 1000011644126.66, "Plan Rows": 1013492, "Plan Width": 21, "Filter": "(production_year > 2005), (LLVM Optimized)"}]}, {"Node Type": "Index Scan", "Parent Relationship": "Inner", "Scan Direction": "Forward", "Index Name": "movie_id_movie_info", "Relation Name": "movie_info", "Alias": "mi", "Startup Cost": 10000000000.0, "Total Cost": 1000118686878.22, "Plan Rows": 141478, "Plan Width": 8, "Filter": "((info)::text = ANY ('{Sweden,Norway,Germany,Denmark,Swedish,Denish,Norwegian,German}'::text[]))"}]}, {"Node Type": "Hash", "Parent Relationship": "Inner", "Startup Cost": 1000000001230.25, "Total Cost": 1000000001230.25, "Plan Rows": 1, "Plan Width": 4, "Plans": [{"Node Type": "Index Scan", "Parent Relationship": "Outer", "Scan Direction": "Forward", "Index Name": "company_type_pkey", "Relation Name": "company_type", "Alias": "ct", "Startup Cost": 10000000000.0, "Total Cost": 1000000001230.25, "Plan Rows": 1, "Plan Width": 4, "Filter": "((kind)::text = 'production companies'::text)"}]}]}, {"Node Type": "Hash", "Parent Relationship": "Inner", "Startup Cost": 1000000000993.0, "Total Cost": 1000000000993.0, "Plan Rows": 112, "Plan Width": 4, "Plans": [{"Node Type": "Index Only Scan", "Parent Relationship": "Outer", "Scan Direction": "Forward", "Index Name": "info_type_pkey", "Relation Name": "info_type", "Alias": "it", "Startup Cost": 10000000000.0, "Total Cost": 1000000000993.0, "Plan Rows": 112, "Plan Width": 4}]}]}]}, "Unique SQL Id": 2510907716, "Planner Runtime": 13}, "explain_analyze_plan": null}, "(1, '76')": {"explain_plan": {"Plan": {"Node Type": "Aggregate", "Strategy": "Plain", "Startup Cost": 69326.08, "Total Cost": 69326.09, "Plan Rows": 1, "Plan Width": 49, "Plans": [{"Node Type": "Nested Loop", "Parent Relationship": "Outer", "Join Type": "Inner", "Startup Cost": 1.05, "Total Cost": 69321.29, "Plan Rows": 1919, "Plan Width": 17, "Inner Unique": true, "Plans": [{"Node Type": "Nested Loop", "Parent Relationship": "Outer", "Join Type": "Inner", "Startup Cost": 1.05, "Total Cost": 68783.8, "Plan Rows": 1919, "Plan Width": 21, "Inner Unique": false, "Plans": [{"Node Type": "Nested Loop", "Parent Relationship": "Outer", "Join Type": "Inner", "Startup Cost": 1.05, "Total Cost": 66504.51, "Plan Rows": 1869, "Plan Width": 25, "Inner Unique": true, "Plans": [{"Node Type": "Hash Join", "Parent Relationship": "Outer", "Join Type": "Inner", "Startup Cost": 1.05, "Total Cost": 54887.09, "Plan Rows": 1540, "Plan Width": 4, "Inner Unique": true, "Hash Cond": "(mc.company_type_id = ct.id)", "Plans": [{"Node Type": "Seq Scan", "Parent Relationship": "Outer", "Relation Name": "movie_companies", "Alias": "mc", "Startup Cost": 0.0, "Total Cost": 54862.92, "Plan Rows": 3081, "Plan Width": 8, "Filter": "(((note)::text ~~ '%(theatrical)%'::text) AND ((note)::text ~~ '%(France)%'::text))"}, {"Node Type": "Hash", "Parent Relationship": "Inner", "Startup Cost": 1.04, "Total Cost": 1.04, "Plan Rows": 1, "Plan Width": 4, "Plans": [{"Node Type": "Seq Scan", "Parent Relationship": "Outer", "Relation Name": "company_type", "Alias": "ct", "Startup Cost": 0.0, "Total Cost": 1.04, "Plan Rows": 1, "Plan Width": 4, "Filter": "((kind)::text = 'production companies'::text)"}]}]}, {"Node Type": "Index Scan", "Parent Relationship": "Inner", "Scan Direction": "Forward", "Index Name": "title_pkey", "Relation Name": "title", "Alias": "t", "Startup Cost": 0.0, "Total Cost": 7.53, "Plan Rows": 1, "Plan Width": 21, "Index Cond": "(id = mc.movie_id)", "Filter": "(production_year > 2005)"}]}, {"Node Type": "Index Scan", "Parent Relationship": "Inner", "Scan Direction": "Forward", "Index Name": "movie_id_movie_info", "Relation Name": "movie_info", "Alias": "mi", "Startup Cost": 0.0, "Total Cost": 1.21, "Plan Rows": 1, "Plan Width": 8, "Index Cond": "(movie_id = t.id)", "Filter": "((info)::text = ANY ('{Sweden,Norway,Germany,Denmark,Swedish,Denish,Norwegian,German}'::text[]))"}]}, {"Node Type": "Index Scan", "Parent Relationship": "Inner", "Scan Direction": "Forward", "Index Name": "info_type_pkey", "Relation Name": "info_type", "Alias": "it", "Startup Cost": 0.0, "Total Cost": 0.27, "Plan Rows": 1, "Plan Width": 4, "Index Cond": "(id = mi.info_type_id)"}]}]}, "Unique SQL Id": 2510907716, "Planner Runtime": 7}, "explain_analyze_plan": {"Plan": {"Node Type": "Aggregate", "Strategy": "Plain", "Startup Cost": 69326.08, "Total Cost": 69326.09, "Plan Rows": 1, "Plan Width": 49, "Actual Startup Time": 1028.362, "Actual Total Time": 1028.362, "Actual Rows": 1, "Actual Loops": 1, "Plans": [{"Node Type": "Nested Loop", "Parent Relationship": "Outer", "Join Type": "Inner", "Startup Cost": 1.05, "Total Cost": 69321.29, "Plan Rows": 1919, "Plan Width": 17, "Actual Startup Time": 1028.351, "Actual Total Time": 1028.351, "Actual Rows": 0, "Actual Loops": 1, "Inner Unique": true, "Plans": [{"Node Type": "Nested Loop", "Parent Relationship": "Outer", "Join Type": "Inner", "Startup Cost": 1.05, "Total Cost": 68783.8, "Plan Rows": 1919, "Plan Width": 21, "Actual Startup Time": 1028.35, "Actual Total Time": 1028.35, "Actual Rows": 0, "Actual Loops": 1, "Inner Unique": false, "Plans": [{"Node Type": "Nested Loop", "Parent Relationship": "Outer", "Join Type": "Inner", "Startup Cost": 1.05, "Total Cost": 66504.51, "Plan Rows": 1869, "Plan Width": 25, "Actual Startup Time": 1028.349, "Actual Total Time": 1028.349, "Actual Rows": 0, "Actual Loops": 1, "Inner Unique": true, "Plans": [{"Node Type": "Hash Join", "Parent Relationship": "Outer", "Join Type": "Inner", "Startup Cost": 1.05, "Total Cost": 54887.09, "Plan Rows": 1540, "Plan Width": 4, "Actual Startup Time": 1028.299, "Actual Total Time": 1028.299, "Actual Rows": 0, "Actual Loops": 1, "Inner Unique": true, "Hash Cond": "(mc.company_type_id = ct.id)", "Plans": [{"Node Type": "Seq Scan", "Parent Relationship": "Outer", "Relation Name": "movie_companies", "Alias": "mc", "Startup Cost": 0.0, "Total Cost": 54862.92, "Plan Rows": 3081, "Plan Width": 8, "Actual Startup Time": 8.695, "Actual Total Time": 1023.62, "Actual Rows": 24025, "Actual Loops": 1, "Filter": "(((note)::text ~~ '%(theatrical)%'::text) AND ((note)::text ~~ '%(France)%'::text))", "Rows Removed by Filter": 2585103}, {"Node Type": "Hash", "Parent Relationship": "Inner", "Startup Cost": 1.04, "Total Cost": 1.04, "Plan Rows": 1, "Plan Width": 4, "Actual Startup Time": 0.023, "Actual Total Time": 0.023, "Actual Rows": 1, "Actual Loops": 1, "Hash Buckets": 32768, "Hash Batches": 1, "Original Hash Batches": 1, "Peak Memory Usage": 1, "Plans": [{"Node Type": "Seq Scan", "Parent Relationship": "Outer", "Relation Name": "company_type", "Alias": "ct", "Startup Cost": 0.0, "Total Cost": 1.04, "Plan Rows": 1, "Plan Width": 4, "Actual Startup Time": 0.014, "Actual Total Time": 0.016, "Actual Rows": 1, "Actual Loops": 1, "Filter": "((kind)::text = 'production companies'::text)", "Rows Removed by Filter": 2}]}]}, {"Node Type": "Index Scan", "Parent Relationship": "Inner", "Scan Direction": "Forward", "Index Name": "title_pkey", "Relation Name": "title", "Alias": "t", "Startup Cost": 0.0, "Total Cost": 7.53, "Plan Rows": 1, "Plan Width": 21, "Actual Startup Time": 0.0, "Actual Total Time": 0.0, "Index Cond": "(id = mc.movie_id)", "Rows Removed by Index Recheck": 0, "Filter": "(production_year > 2005)", "Rows Removed by Filter": 0}]}, {"Node Type": "Index Scan", "Parent Relationship": "Inner", "Scan Direction": "Forward", "Index Name": "movie_id_movie_info", "Relation Name": "movie_info", "Alias": "mi", "Startup Cost": 0.0, "Total Cost": 1.21, "Plan Rows": 1, "Plan Width": 8, "Actual Startup Time": 0.0, "Actual Total Time": 0.0, "Index Cond": "(movie_id = t.id)", "Rows Removed by Index Recheck": 0, "Filter": "((info)::text = ANY ('{Sweden,Norway,Germany,Denmark,Swedish,Denish,Norwegian,German}'::text[]))", "Rows Removed by Filter": 0}]}, {"Node Type": "Index Scan", "Parent Relationship": "Inner", "Scan Direction": "Forward", "Index Name": "info_type_pkey", "Relation Name": "info_type", "Alias": "it", "Startup Cost": 0.0, "Total Cost": 0.27, "Plan Rows": 1, "Plan Width": 4, "Actual Startup Time": 0.0, "Actual Total Time": 0.0, "Index Cond": "(id = mi.info_type_id)", "Rows Removed by Index Recheck": 0}]}]}, "Triggers": [], "Planner Runtime": 7.427, "Total Runtime": 1028.635, "Unique SQL Id": 2510907716}}, "(1, '77')": {"explain_plan": {"Plan": {"Node Type": "Aggregate", "Strategy": "Plain", "Startup Cost": 74107.05, "Total Cost": 74107.06, "Plan Rows": 1, "Plan Width": 49, "Plans": [{"Node Type": "Nested Loop", "Parent Relationship": "Outer", "Join Type": "Inner", "Startup Cost": 0.0, "Total Cost": 74102.25, "Plan Rows": 1919, "Plan Width": 17, "Inner Unique": true, "Plans": [{"Node Type": "Nested Loop", "Parent Relationship": "Outer", "Join Type": "Inner", "Startup Cost": 0.0, "Total Cost": 73564.77, "Plan Rows": 1919, "Plan Width": 21, "Inner Unique": false, "Plans": [{"Node Type": "Nested Loop", "Parent Relationship": "Outer", "Join Type": "Inner", "Startup Cost": 0.0, "Total Cost": 71285.47, "Plan Rows": 1869, "Plan Width": 25, "Inner Unique": true, "Plans": [{"Node Type": "Nested Loop", "Parent Relationship": "Outer", "Join Type": "Inner", "Startup Cost": 0.0, "Total Cost": 59668.05, "Plan Rows": 1540, "Plan Width": 4, "Inner Unique": false, "Plans": [{"Node Type": "Index Scan", "Parent Relationship": "Outer", "Scan Direction": "Forward", "Index Name": "company_type_pkey", "Relation Name": "company_type", "Alias": "ct", "Startup Cost": 0.0, "Total Cost": 12.3, "Plan Rows": 1, "Plan Width": 4, "Filter": "((kind)::text = 'production companies'::text)"}, {"Node Type": "Index Scan", "Parent Relationship": "Inner", "Scan Direction": "Forward", "Index Name": "company_type_id_movie_companies", "Relation Name": "movie_companies", "Alias": "mc", "Startup Cost": 0.0, "Total Cost": 59640.35, "Plan Rows": 1540, "Plan Width": 8, "Index Cond": "(company_type_id = ct.id)", "Filter": "(((note)::text ~~ '%(theatrical)%'::text) AND ((note)::text ~~ '%(France)%'::text))"}]}, {"Node Type": "Index Scan", "Parent Relationship": "Inner", "Scan Direction": "Forward", "Index Name": "title_pkey", "Relation Name": "title", "Alias": "t", "Startup Cost": 0.0, "Total Cost": 7.53, "Plan Rows": 1, "Plan Width": 21, "Index Cond": "(id = mc.movie_id)", "Filter": "(production_year > 2005)"}]}, {"Node Type": "Index Scan", "Parent Relationship": "Inner", "Scan Direction": "Forward", "Index Name": "movie_id_movie_info", "Relation Name": "movie_info", "Alias": "mi", "Startup Cost": 0.0, "Total Cost": 1.21, "Plan Rows": 1, "Plan Width": 8, "Index Cond": "(movie_id = t.id)", "Filter": "((info)::text = ANY ('{Sweden,Norway,Germany,Denmark,Swedish,Denish,Norwegian,German}'::text[]))"}]}, {"Node Type": "Index Scan", "Parent Relationship": "Inner", "Scan Direction": "Forward", "Index Name": "info_type_pkey", "Relation Name": "info_type", "Alias": "it", "Startup Cost": 0.0, "Total Cost": 0.27, "Plan Rows": 1, "Plan Width": 4, "Index Cond": "(id = mi.info_type_id)"}]}]}, "Unique SQL Id": 2510907716, "Planner Runtime": 6}, "explain_analyze_plan": {"Plan": {"Node Type": "Aggregate", "Strategy": "Plain", "Startup Cost": 74107.05, "Total Cost": 74107.06, "Plan Rows": 1, "Plan Width": 49, "Actual Startup Time": 752.93, "Actual Total Time": 752.931, "Actual Rows": 1, "Actual Loops": 1, "Plans": [{"Node Type": "Nested Loop", "Parent Relationship": "Outer", "Join Type": "Inner", "Startup Cost": 0.0, "Total Cost": 74102.25, "Plan Rows": 1919, "Plan Width": 17, "Actual Startup Time": 752.924, "Actual Total Time": 752.924, "Actual Rows": 0, "Actual Loops": 1, "Inner Unique": true, "Plans": [{"Node Type": "Nested Loop", "Parent Relationship": "Outer", "Join Type": "Inner", "Startup Cost": 0.0, "Total Cost": 73564.77, "Plan Rows": 1919, "Plan Width": 21, "Actual Startup Time": 752.922, "Actual Total Time": 752.922, "Actual Rows": 0, "Actual Loops": 1, "Inner Unique": false, "Plans": [{"Node Type": "Nested Loop", "Parent Relationship": "Outer", "Join Type": "Inner", "Startup Cost": 0.0, "Total Cost": 71285.47, "Plan Rows": 1869, "Plan Width": 25, "Actual Startup Time": 752.921, "Actual Total Time": 752.921, "Actual Rows": 0, "Actual Loops": 1, "Inner Unique": true, "Plans": [{"Node Type": "Nested Loop", "Parent Relationship": "Outer", "Join Type": "Inner", "Startup Cost": 0.0, "Total Cost": 59668.05, "Plan Rows": 1540, "Plan Width": 4, "Actual Startup Time": 752.919, "Actual Total Time": 752.919, "Actual Rows": 0, "Actual Loops": 1, "Inner Unique": false, "Plans": [{"Node Type": "Index Scan", "Parent Relationship": "Outer", "Scan Direction": "Forward", "Index Name": "company_type_pkey", "Relation Name": "company_type", "Alias": "ct", "Startup Cost": 0.0, "Total Cost": 12.3, "Plan Rows": 1, "Plan Width": 4, "Actual Startup Time": 0.015, "Actual Total Time": 0.026, "Actual Rows": 1, "Actual Loops": 1, "Filter": "((kind)::text = 'production companies'::text)", "Rows Removed by Filter": 2}, {"Node Type": "Index Scan", "Parent Relationship": "Inner", "Scan Direction": "Forward", "Index Name": "company_type_id_movie_companies", "Relation Name": "movie_companies", "Alias": "mc", "Startup Cost": 0.0, "Total Cost": 59640.35, "Plan Rows": 1540, "Plan Width": 8, "Actual Startup Time": 752.888, "Actual Total Time": 752.888, "Actual Rows": 0, "Actual Loops": 1, "Index Cond": "(company_type_id = ct.id)", "Rows Removed by Index Recheck": 0, "Filter": "(((note)::text ~~ '%(theatrical)%'::text) AND ((note)::text ~~ '%(France)%'::text))", "Rows Removed by Filter": 1334883}]}, {"Node Type": "Index Scan", "Parent Relationship": "Inner", "Scan Direction": "Forward", "Index Name": "title_pkey", "Relation Name": "title", "Alias": "t", "Startup Cost": 0.0, "Total Cost": 7.53, "Plan Rows": 1, "Plan Width": 21, "Actual Startup Time": 0.0, "Actual Total Time": 0.0, "Index Cond": "(id = mc.movie_id)", "Rows Removed by Index Recheck": 0, "Filter": "(production_year > 2005)", "Rows Removed by Filter": 0}]}, {"Node Type": "Index Scan", "Parent Relationship": "Inner", "Scan Direction": "Forward", "Index Name": "movie_id_movie_info", "Relation Name": "movie_info", "Alias": "mi", "Startup Cost": 0.0, "Total Cost": 1.21, "Plan Rows": 1, "Plan Width": 8, "Actual Startup Time": 0.0, "Actual Total Time": 0.0, "Index Cond": "(movie_id = t.id)", "Rows Removed by Index Recheck": 0, "Filter": "((info)::text = ANY ('{Sweden,Norway,Germany,Denmark,Swedish,Denish,Norwegian,German}'::text[]))", "Rows Removed by Filter": 0}]}, {"Node Type": "Index Scan", "Parent Relationship": "Inner", "Scan Direction": "Forward", "Index Name": "info_type_pkey", "Relation Name": "info_type", "Alias": "it", "Startup Cost": 0.0, "Total Cost": 0.27, "Plan Rows": 1, "Plan Width": 4, "Actual Startup Time": 0.0, "Actual Total Time": 0.0, "Index Cond": "(id = mi.info_type_id)", "Rows Removed by Index Recheck": 0}]}]}, "Triggers": [], "Planner Runtime": 6.967, "Total Runtime": 753.211, "Unique SQL Id": 2510907716}}, "(1, '78')": {"explain_plan": {"Plan": {"Node Type": "Aggregate", "Strategy": "Plain", "Startup Cost": 580249.19, "Total Cost": 580249.2, "Plan Rows": 1, "Plan Width": 49, "Plans": [{"Node Type": "Hash Join", "Parent Relationship": "Outer", "Join Type": "Inner", "Startup Cost": 133996.98, "Total Cost": 580244.4, "Plan Rows": 1919, "Plan Width": 17, "Inner Unique": true, "Hash Cond": "(mi.info_type_id = it.id)", "Plans": [{"Node Type": "Hash Join", "Parent Relationship": "Outer", "Join Type": "Inner", "Startup Cost": 133993.46, "Total Cost": 580214.49, "Plan Rows": 1919, "Plan Width": 21, "Inner Unique": false, "Hash Cond": "(mi.movie_id = t.id)", "Plans": [{"Node Type": "Seq Scan", "Parent Relationship": "Outer", "Relation Name": "movie_info", "Alias": "mi", "Startup Cost": 0.0, "Total Cost": 445687.32, "Plan Rows": 141478, "Plan Width": 8, "Filter": "((info)::text = ANY ('{Sweden,Norway,Germany,Denmark,Swedish,Denish,Norwegian,German}'::text[]))"}, {"Node Type": "Hash", "Parent Relationship": "Inner", "Startup Cost": 133970.09, "Total Cost": 133970.09, "Plan Rows": 1869, "Plan Width": 25, "Plans": [{"Node Type": "Hash Join", "Parent Relationship": "Outer", "Join Type": "Inner", "Startup Cost": 79059.59, "Total Cost": 133970.09, "Plan Rows": 1869, "Plan Width": 25, "Inner Unique": true, "Hash Cond": "(mc.movie_id = t.id)", "Plans": [{"Node Type": "Hash Join", "Parent Relationship": "Outer", "Join Type": "Inner", "Startup Cost": 1.05, "Total Cost": 54887.09, "Plan Rows": 1540, "Plan Width": 4, "Inner Unique": true, "Hash Cond": "(mc.company_type_id = ct.id)", "Plans": [{"Node Type": "Seq Scan", "Parent Relationship": "Outer", "Relation Name": "movie_companies", "Alias": "mc", "Startup Cost": 0.0, "Total Cost": 54862.92, "Plan Rows": 3081, "Plan Width": 8, "Filter": "(((note)::text ~~ '%(theatrical)%'::text) AND ((note)::text ~~ '%(France)%'::text))"}, {"Node Type": "Hash", "Parent Relationship": "Inner", "Startup Cost": 1.04, "Total Cost": 1.04, "Plan Rows": 1, "Plan Width": 4, "Plans": [{"Node Type": "Seq Scan", "Parent Relationship": "Outer", "Relation Name": "company_type", "Alias": "ct", "Startup Cost": 0.0, "Total Cost": 1.04, "Plan Rows": 1, "Plan Width": 4, "Filter": "((kind)::text = 'production companies'::text)"}]}]}, {"Node Type": "Hash", "Parent Relationship": "Inner", "Startup Cost": 66389.89, "Total Cost": 66389.89, "Plan Rows": 1013492, "Plan Width": 21, "Plans": [{"Node Type": "Seq Scan", "Parent Relationship": "Outer", "Relation Name": "title", "Alias": "t", "Startup Cost": 0.0, "Total Cost": 66389.89, "Plan Rows": 1013492, "Plan Width": 21, "Filter": "(production_year > 2005), (LLVM Optimized)"}]}]}]}]}, {"Node Type": "Hash", "Parent Relationship": "Inner", "Startup Cost": 2.12, "Total Cost": 2.12, "Plan Rows": 112, "Plan Width": 4, "Plans": [{"Node Type": "Seq Scan", "Parent Relationship": "Outer", "Relation Name": "info_type", "Alias": "it", "Startup Cost": 0.0, "Total Cost": 2.12, "Plan Rows": 112, "Plan Width": 4}]}]}]}, "Unique SQL Id": 2510907716, "Planner Runtime": 8}, "explain_analyze_plan": {"Plan": {"Node Type": "Aggregate", "Strategy": "Plain", "Startup Cost": 580249.19, "Total Cost": 580249.2, "Plan Rows": 1, "Plan Width": 49, "Actual Startup Time": 1040.466, "Actual Total Time": 1040.468, "Actual Rows": 1, "Actual Loops": 1, "Plans": [{"Node Type": "Hash Join", "Parent Relationship": "Outer", "Join Type": "Inner", "Startup Cost": 133996.98, "Total Cost": 580244.4, "Plan Rows": 1919, "Plan Width": 17, "Actual Startup Time": 1040.455, "Actual Total Time": 1040.455, "Actual Rows": 0, "Actual Loops": 1, "Inner Unique": true, "Hash Cond": "(mi.info_type_id = it.id)", "Plans": [{"Node Type": "Hash Join", "Parent Relationship": "Outer", "Join Type": "Inner", "Startup Cost": 133993.46, "Total Cost": 580214.49, "Plan Rows": 1919, "Plan Width": 21, "Actual Startup Time": 1040.309, "Actual Total Time": 1040.309, "Actual Rows": 0, "Actual Loops": 1, "Inner Unique": false, "Hash Cond": "(mi.movie_id = t.id)", "Plans": [{"Node Type": "Seq Scan", "Parent Relationship": "Outer", "Relation Name": "movie_info", "Alias": "mi", "Startup Cost": 0.0, "Total Cost": 445687.32, "Plan Rows": 141478, "Plan Width": 8, "Actual Startup Time": 3.107, "Actual Total Time": 3.107, "Actual Rows": 1, "Actual Loops": 1, "Filter": "((info)::text = ANY ('{Sweden,Norway,Germany,Denmark,Swedish,Denish,Norwegian,German}'::text[]))", "Rows Removed by Filter": 5685}, {"Node Type": "Hash", "Parent Relationship": "Inner", "Startup Cost": 133970.09, "Total Cost": 133970.09, "Plan Rows": 1869, "Plan Width": 25, "Actual Startup Time": 1037.157, "Actual Total Time": 1037.157, "Actual Rows": 0, "Actual Loops": 1, "Hash Buckets": 32768, "Hash Batches": 1, "Original Hash Batches": 1, "Peak Memory Usage": 0, "Plans": [{"Node Type": "Hash Join", "Parent Relationship": "Outer", "Join Type": "Inner", "Startup Cost": 79059.59, "Total Cost": 133970.09, "Plan Rows": 1869, "Plan Width": 25, "Actual Startup Time": 1037.151, "Actual Total Time": 1037.151, "Actual Rows": 0, "Actual Loops": 1, "Inner Unique": true, "Hash Cond": "(mc.movie_id = t.id)", "Plans": [{"Node Type": "Hash Join", "Parent Relationship": "Outer", "Join Type": "Inner", "Startup Cost": 1.05, "Total Cost": 54887.09, "Plan Rows": 1540, "Plan Width": 4, "Actual Startup Time": 1037.09, "Actual Total Time": 1037.09, "Actual Rows": 0, "Actual Loops": 1, "Inner Unique": true, "Hash Cond": "(mc.company_type_id = ct.id)", "Plans": [{"Node Type": "Seq Scan", "Parent Relationship": "Outer", "Relation Name": "movie_companies", "Alias": "mc", "Startup Cost": 0.0, "Total Cost": 54862.92, "Plan Rows": 3081, "Plan Width": 8, "Actual Startup Time": 8.703, "Actual Total Time": 1032.468, "Actual Rows": 24025, "Actual Loops": 1, "Filter": "(((note)::text ~~ '%(theatrical)%'::text) AND ((note)::text ~~ '%(France)%'::text))", "Rows Removed by Filter": 2585103}, {"Node Type": "Hash", "Parent Relationship": "Inner", "Startup Cost": 1.04, "Total Cost": 1.04, "Plan Rows": 1, "Plan Width": 4, "Actual Startup Time": 0.017, "Actual Total Time": 0.017, "Actual Rows": 1, "Actual Loops": 1, "Hash Buckets": 32768, "Hash Batches": 1, "Original Hash Batches": 1, "Peak Memory Usage": 1, "Plans": [{"Node Type": "Seq Scan", "Parent Relationship": "Outer", "Relation Name": "company_type", "Alias": "ct", "Startup Cost": 0.0, "Total Cost": 1.04, "Plan Rows": 1, "Plan Width": 4, "Actual Startup Time": 0.012, "Actual Total Time": 0.014, "Actual Rows": 1, "Actual Loops": 1, "Filter": "((kind)::text = 'production companies'::text)", "Rows Removed by Filter": 2}]}]}, {"Node Type": "Hash", "Parent Relationship": "Inner", "Startup Cost": 66389.89, "Total Cost": 66389.89, "Plan Rows": 1013492, "Plan Width": 21, "Actual Startup Time": 0.0, "Actual Total Time": 0.0, "Hash Buckets": 0, "Hash Batches": 0, "Original Hash Batches": 0, "Peak Memory Usage": 0, "Plans": [{"Node Type": "Seq Scan", "Parent Relationship": "Outer", "Relation Name": "title", "Alias": "t", "Startup Cost": 0.0, "Total Cost": 66389.89, "Plan Rows": 1013492, "Plan Width": 21, "Actual Startup Time": 0.0, "Actual Total Time": 0.0, "Filter": "(production_year > 2005), (LLVM Optimized, Jit Execute)", "Rows Removed by Filter": 0}]}]}]}]}, {"Node Type": "Hash", "Parent Relationship": "Inner", "Startup Cost": 2.12, "Total Cost": 2.12, "Plan Rows": 112, "Plan Width": 4, "Actual Startup Time": 0.092, "Actual Total Time": 0.092, "Actual Rows": 112, "Actual Loops": 1, "Hash Buckets": 32768, "Hash Batches": 1, "Original Hash Batches": 1, "Peak Memory Usage": 4, "Plans": [{"Node Type": "Seq Scan", "Parent Relationship": "Outer", "Relation Name": "info_type", "Alias": "it", "Startup Cost": 0.0, "Total Cost": 2.12, "Plan Rows": 112, "Plan Width": 4, "Actual Startup Time": 0.028, "Actual Total Time": 0.047, "Actual Rows": 112, "Actual Loops": 1}]}]}]}, "Triggers": [], "Planner Runtime": 9.11, "Total Runtime": 1049.011, "Unique SQL Id": 2510907716}}, "(1, '79')": {"explain_plan": {"Plan": {"Node Type": "Aggregate", "Strategy": "Plain", "Startup Cost": 4997608710974.25, "Total Cost": 4997608710974.26, "Plan Rows": 1, "Plan Width": 49, "Plans": [{"Node Type": "Hash Join", "Parent Relationship": "Outer", "Join Type": "Inner", "Startup Cost": 2030021492933.64, "Total Cost": 4997608710969.45, "Plan Rows": 1919, "Plan Width": 17, "Inner Unique": true, "Hash Cond": "(mi.info_type_id = it.id)", "Plans": [{"Node Type": "Hash Join", "Parent Relationship": "Outer", "Join Type": "Inner", "Startup Cost": 1030021491539.24, "Total Cost": 3997608709548.66, "Plan Rows": 1919, "Plan Width": 21, "Inner Unique": true, "Hash Cond": "(mc.company_type_id = ct.id)", "Plans": [{"Node Type": "Merge Join", "Parent Relationship": "Outer", "Join Type": "Inner", "Startup Cost": 30021490308.98, "Total Cost": 2997608708289.58, "Plan Rows": 3839, "Plan Width": 25, "Inner Unique": false, "Merge Cond": "(t.id = mi.movie_id)", "Plans": [{"Node Type": "Merge Join", "Parent Relationship": "Outer", "Join Type": "Inner", "Startup Cost": 20021490308.98, "Total Cost": 1999077499123.92, "Plan Rows": 3740, "Plan Width": 29, "Inner Unique": true, "Merge Cond": "(mc.movie_id = t.id)", "Plans": [{"Node Type": "Index Scan", "Parent Relationship": "Outer", "Scan Direction": "Forward", "Index Name": "movie_id_movie_companies", "Relation Name": "movie_companies", "Alias": "mc", "Startup Cost": 10000000000.0, "Total Cost": 1000014356510.13, "Plan Rows": 3081, "Plan Width": 8, "Filter": "(((note)::text ~~ '%(theatrical)%'::text) AND ((note)::text ~~ '%(France)%'::text))"}, {"Node Type": "Index Scan", "Parent Relationship": "Inner", "Scan Direction": "Forward", "Index Name": "title_pkey", "Relation Name": "title", "Alias": "t", "Startup Cost": 10000000000.0, "Total Cost": 1000011644126.66, "Plan Rows": 1013492, "Plan Width": 21, "Filter": "(production_year > 2005), (LLVM Optimized)"}]}, {"Node Type": "Index Scan", "Parent Relationship": "Inner", "Scan Direction": "Forward", "Index Name": "movie_id_movie_info", "Relation Name": "movie_info", "Alias": "mi", "Startup Cost": 10000000000.0, "Total Cost": 1000118686878.22, "Plan Rows": 141478, "Plan Width": 8, "Filter": "((info)::text = ANY ('{Sweden,Norway,Germany,Denmark,Swedish,Denish,Norwegian,German}'::text[]))"}]}, {"Node Type": "Hash", "Parent Relationship": "Inner", "Startup Cost": 1000000001230.25, "Total Cost": 1000000001230.25, "Plan Rows": 1, "Plan Width": 4, "Plans": [{"Node Type": "Index Scan", "Parent Relationship": "Outer", "Scan Direction": "Forward", "Index Name": "company_type_pkey", "Relation Name": "company_type", "Alias": "ct", "Startup Cost": 10000000000.0, "Total Cost": 1000000001230.25, "Plan Rows": 1, "Plan Width": 4, "Filter": "((kind)::text = 'production companies'::text)"}]}]}, {"Node Type": "Hash", "Parent Relationship": "Inner", "Startup Cost": 1000000001393.0, "Total Cost": 1000000001393.0, "Plan Rows": 112, "Plan Width": 4, "Plans": [{"Node Type": "Index Scan", "Parent Relationship": "Outer", "Scan Direction": "Forward", "Index Name": "info_type_pkey", "Relation Name": "info_type", "Alias": "it", "Startup Cost": 10000000000.0, "Total Cost": 1000000001393.0, "Plan Rows": 112, "Plan Width": 4}]}]}]}, "Unique SQL Id": 2510907716, "Planner Runtime": 13}, "explain_analyze_plan": null}, "(1, '80')": {"explain_plan": {"Plan": {"Node Type": "Aggregate", "Strategy": "Plain", "Startup Cost": 70184.24, "Total Cost": 70184.25, "Plan Rows": 1, "Plan Width": 49, "Plans": [{"Node Type": "Nested Loop", "Parent Relationship": "Outer", "Join Type": "Inner", "Startup Cost": 0.0, "Total Cost": 70179.44, "Plan Rows": 1919, "Plan Width": 17, "Inner Unique": true, "Plans": [{"Node Type": "Nested Loop", "Parent Relationship": "Outer", "Join Type": "Inner", "Startup Cost": 0.0, "Total Cost": 69642.02, "Plan Rows": 1919, "Plan Width": 21, "Inner Unique": false, "Plans": [{"Node Type": "Nested Loop", "Parent Relationship": "Outer", "Join Type": "Inner", "Startup Cost": 0.0, "Total Cost": 67362.72, "Plan Rows": 1869, "Plan Width": 25, "Inner Unique": true, "Plans": [{"Node Type": "Nested Loop", "Parent Relationship": "Outer", "Join Type": "Inner", "Startup Cost": 0.0, "Total Cost": 55745.3, "Plan Rows": 1540, "Plan Width": 4, "Inner Unique": true, "Plans": [{"Node Type": "Seq Scan", "Parent Relationship": "Outer", "Relation Name": "movie_companies", "Alias": "mc", "Startup Cost": 0.0, "Total Cost": 54862.92, "Plan Rows": 3081, "Plan Width": 8, "Filter": "(((note)::text ~~ '%(theatrical)%'::text) AND ((note)::text ~~ '%(France)%'::text))"}, {"Node Type": "Index Scan", "Parent Relationship": "Inner", "Scan Direction": "Forward", "Index Name": "company_type_pkey", "Relation Name": "company_type", "Alias": "ct", "Startup Cost": 0.0, "Total Cost": 0.28, "Plan Rows": 1, "Plan Width": 4, "Index Cond": "(id = mc.company_type_id)", "Filter": "((kind)::text = 'production companies'::text)"}]}, {"Node Type": "Index Scan", "Parent Relationship": "Inner", "Scan Direction": "Forward", "Index Name": "title_pkey", "Relation Name": "title", "Alias": "t", "Startup Cost": 0.0, "Total Cost": 7.53, "Plan Rows": 1, "Plan Width": 21, "Index Cond": "(id = mc.movie_id)", "Filter": "(production_year > 2005)"}]}, {"Node Type": "Index Scan", "Parent Relationship": "Inner", "Scan Direction": "Forward", "Index Name": "movie_id_movie_info", "Relation Name": "movie_info", "Alias": "mi", "Startup Cost": 0.0, "Total Cost": 1.21, "Plan Rows": 1, "Plan Width": 8, "Index Cond": "(movie_id = t.id)", "Filter": "((info)::text = ANY ('{Sweden,Norway,Germany,Denmark,Swedish,Denish,Norwegian,German}'::text[]))"}]}, {"Node Type": "Index Only Scan", "Parent Relationship": "Inner", "Scan Direction": "Forward", "Index Name": "info_type_pkey", "Relation Name": "info_type", "Alias": "it", "Startup Cost": 0.0, "Total Cost": 0.27, "Plan Rows": 1, "Plan Width": 4, "Index Cond": "(id = mi.info_type_id)"}]}]}, "Unique SQL Id": 2510907716, "Planner Runtime": 6}, "explain_analyze_plan": {"Plan": {"Node Type": "Aggregate", "Strategy": "Plain", "Startup Cost": 70184.24, "Total Cost": 70184.25, "Plan Rows": 1, "Plan Width": 49, "Actual Startup Time": 1058.823, "Actual Total Time": 1058.824, "Actual Rows": 1, "Actual Loops": 1, "Plans": [{"Node Type": "Nested Loop", "Parent Relationship": "Outer", "Join Type": "Inner", "Startup Cost": 0.0, "Total Cost": 70179.44, "Plan Rows": 1919, "Plan Width": 17, "Actual Startup Time": 1058.814, "Actual Total Time": 1058.814, "Actual Rows": 0, "Actual Loops": 1, "Inner Unique": true, "Plans": [{"Node Type": "Nested Loop", "Parent Relationship": "Outer", "Join Type": "Inner", "Startup Cost": 0.0, "Total Cost": 69642.02, "Plan Rows": 1919, "Plan Width": 21, "Actual Startup Time": 1058.812, "Actual Total Time": 1058.812, "Actual Rows": 0, "Actual Loops": 1, "Inner Unique": false, "Plans": [{"Node Type": "Nested Loop", "Parent Relationship": "Outer", "Join Type": "Inner", "Startup Cost": 0.0, "Total Cost": 67362.72, "Plan Rows": 1869, "Plan Width": 25, "Actual Startup Time": 1058.812, "Actual Total Time": 1058.812, "Actual Rows": 0, "Actual Loops": 1, "Inner Unique": true, "Plans": [{"Node Type": "Nested Loop", "Parent Relationship": "Outer", "Join Type": "Inner", "Startup Cost": 0.0, "Total Cost": 55745.3, "Plan Rows": 1540, "Plan Width": 4, "Actual Startup Time": 1058.811, "Actual Total Time": 1058.811, "Actual Rows": 0, "Actual Loops": 1, "Inner Unique": true, "Plans": [{"Node Type": "Seq Scan", "Parent Relationship": "Outer", "Relation Name": "movie_companies", "Alias": "mc", "Startup Cost": 0.0, "Total Cost": 54862.92, "Plan Rows": 3081, "Plan Width": 8, "Actual Startup Time": 8.748, "Actual Total Time": 1034.382, "Actual Rows": 24025, "Actual Loops": 1, "Filter": "(((note)::text ~~ '%(theatrical)%'::text) AND ((note)::text ~~ '%(France)%'::text))", "Rows Removed by Filter": 2585103}, {"Node Type": "Index Scan", "Parent Relationship": "Inner", "Scan Direction": "Forward", "Index Name": "company_type_pkey", "Relation Name": "company_type", "Alias": "ct", "Startup Cost": 0.0, "Total Cost": 0.28, "Plan Rows": 1, "Plan Width": 4, "Actual Startup Time": 13.397, "Actual Total Time": 13.397, "Actual Rows": 0, "Actual Loops": 24025, "Index Cond": "(id = mc.company_type_id)", "Rows Removed by Index Recheck": 0, "Filter": "((kind)::text = 'production companies'::text)", "Rows Removed by Filter": 0}]}, {"Node Type": "Index Scan", "Parent Relationship": "Inner", "Scan Direction": "Forward", "Index Name": "title_pkey", "Relation Name": "title", "Alias": "t", "Startup Cost": 0.0, "Total Cost": 7.53, "Plan Rows": 1, "Plan Width": 21, "Actual Startup Time": 0.0, "Actual Total Time": 0.0, "Index Cond": "(id = mc.movie_id)", "Rows Removed by Index Recheck": 0, "Filter": "(production_year > 2005)", "Rows Removed by Filter": 0}]}, {"Node Type": "Index Scan", "Parent Relationship": "Inner", "Scan Direction": "Forward", "Index Name": "movie_id_movie_info", "Relation Name": "movie_info", "Alias": "mi", "Startup Cost": 0.0, "Total Cost": 1.21, "Plan Rows": 1, "Plan Width": 8, "Actual Startup Time": 0.0, "Actual Total Time": 0.0, "Index Cond": "(movie_id = t.id)", "Rows Removed by Index Recheck": 0, "Filter": "((info)::text = ANY ('{Sweden,Norway,Germany,Denmark,Swedish,Denish,Norwegian,German}'::text[]))", "Rows Removed by Filter": 0}]}, {"Node Type": "Index Only Scan", "Parent Relationship": "Inner", "Scan Direction": "Forward", "Index Name": "info_type_pkey", "Relation Name": "info_type", "Alias": "it", "Startup Cost": 0.0, "Total Cost": 0.27, "Plan Rows": 1, "Plan Width": 4, "Actual Startup Time": 0.0, "Actual Total Time": 0.0, "Index Cond": "(id = mi.info_type_id)", "Rows Removed by Index Recheck": 0, "Heap Fetches": 0}]}]}, "Triggers": [], "Planner Runtime": 6.424, "Total Runtime": 1059.078, "Unique SQL Id": 2510907716}}, "(1, '81')": {"explain_plan": {"Plan": {"Node Type": "Aggregate", "Strategy": "Plain", "Startup Cost": 74106.99, "Total Cost": 74107.0, "Plan Rows": 1, "Plan Width": 49, "Plans": [{"Node Type": "Nested Loop", "Parent Relationship": "Outer", "Join Type": "Inner", "Startup Cost": 0.0, "Total Cost": 74102.19, "Plan Rows": 1919, "Plan Width": 17, "Inner Unique": true, "Plans": [{"Node Type": "Nested Loop", "Parent Relationship": "Outer", "Join Type": "Inner", "Startup Cost": 0.0, "Total Cost": 73564.77, "Plan Rows": 1919, "Plan Width": 21, "Inner Unique": false, "Plans": [{"Node Type": "Nested Loop", "Parent Relationship": "Outer", "Join Type": "Inner", "Startup Cost": 0.0, "Total Cost": 71285.47, "Plan Rows": 1869, "Plan Width": 25, "Inner Unique": true, "Plans": [{"Node Type": "Nested Loop", "Parent Relationship": "Outer", "Join Type": "Inner", "Startup Cost": 0.0, "Total Cost": 59668.05, "Plan Rows": 1540, "Plan Width": 4, "Inner Unique": false, "Plans": [{"Node Type": "Index Scan", "Parent Relationship": "Outer", "Scan Direction": "Forward", "Index Name": "company_type_pkey", "Relation Name": "company_type", "Alias": "ct", "Startup Cost": 0.0, "Total Cost": 12.3, "Plan Rows": 1, "Plan Width": 4, "Filter": "((kind)::text = 'production companies'::text)"}, {"Node Type": "Index Scan", "Parent Relationship": "Inner", "Scan Direction": "Forward", "Index Name": "company_type_id_movie_companies", "Relation Name": "movie_companies", "Alias": "mc", "Startup Cost": 0.0, "Total Cost": 59640.35, "Plan Rows": 1540, "Plan Width": 8, "Index Cond": "(company_type_id = ct.id)", "Filter": "(((note)::text ~~ '%(theatrical)%'::text) AND ((note)::text ~~ '%(France)%'::text))"}]}, {"Node Type": "Index Scan", "Parent Relationship": "Inner", "Scan Direction": "Forward", "Index Name": "title_pkey", "Relation Name": "title", "Alias": "t", "Startup Cost": 0.0, "Total Cost": 7.53, "Plan Rows": 1, "Plan Width": 21, "Index Cond": "(id = mc.movie_id)", "Filter": "(production_year > 2005)"}]}, {"Node Type": "Index Scan", "Parent Relationship": "Inner", "Scan Direction": "Forward", "Index Name": "movie_id_movie_info", "Relation Name": "movie_info", "Alias": "mi", "Startup Cost": 0.0, "Total Cost": 1.21, "Plan Rows": 1, "Plan Width": 8, "Index Cond": "(movie_id = t.id)", "Filter": "((info)::text = ANY ('{Sweden,Norway,Germany,Denmark,Swedish,Denish,Norwegian,German}'::text[]))"}]}, {"Node Type": "Index Only Scan", "Parent Relationship": "Inner", "Scan Direction": "Forward", "Index Name": "info_type_pkey", "Relation Name": "info_type", "Alias": "it", "Startup Cost": 0.0, "Total Cost": 0.27, "Plan Rows": 1, "Plan Width": 4, "Index Cond": "(id = mi.info_type_id)"}]}]}, "Unique SQL Id": 2510907716, "Planner Runtime": 6}, "explain_analyze_plan": {"Plan": {"Node Type": "Aggregate", "Strategy": "Plain", "Startup Cost": 74106.99, "Total Cost": 74107.0, "Plan Rows": 1, "Plan Width": 49, "Actual Startup Time": 633.715, "Actual Total Time": 633.716, "Actual Rows": 1, "Actual Loops": 1, "Plans": [{"Node Type": "Nested Loop", "Parent Relationship": "Outer", "Join Type": "Inner", "Startup Cost": 0.0, "Total Cost": 74102.19, "Plan Rows": 1919, "Plan Width": 17, "Actual Startup Time": 633.706, "Actual Total Time": 633.706, "Actual Rows": 0, "Actual Loops": 1, "Inner Unique": true, "Plans": [{"Node Type": "Nested Loop", "Parent Relationship": "Outer", "Join Type": "Inner", "Startup Cost": 0.0, "Total Cost": 73564.77, "Plan Rows": 1919, "Plan Width": 21, "Actual Startup Time": 633.704, "Actual Total Time": 633.704, "Actual Rows": 0, "Actual Loops": 1, "Inner Unique": false, "Plans": [{"Node Type": "Nested Loop", "Parent Relationship": "Outer", "Join Type": "Inner", "Startup Cost": 0.0, "Total Cost": 71285.47, "Plan Rows": 1869, "Plan Width": 25, "Actual Startup Time": 633.703, "Actual Total Time": 633.703, "Actual Rows": 0, "Actual Loops": 1, "Inner Unique": true, "Plans": [{"Node Type": "Nested Loop", "Parent Relationship": "Outer", "Join Type": "Inner", "Startup Cost": 0.0, "Total Cost": 59668.05, "Plan Rows": 1540, "Plan Width": 4, "Actual Startup Time": 633.702, "Actual Total Time": 633.702, "Actual Rows": 0, "Actual Loops": 1, "Inner Unique": false, "Plans": [{"Node Type": "Index Scan", "Parent Relationship": "Outer", "Scan Direction": "Forward", "Index Name": "company_type_pkey", "Relation Name": "company_type", "Alias": "ct", "Startup Cost": 0.0, "Total Cost": 12.3, "Plan Rows": 1, "Plan Width": 4, "Actual Startup Time": 0.021, "Actual Total Time": 0.027, "Actual Rows": 1, "Actual Loops": 1, "Filter": "((kind)::text = 'production companies'::text)", "Rows Removed by Filter": 2}, {"Node Type": "Index Scan", "Parent Relationship": "Inner", "Scan Direction": "Forward", "Index Name": "company_type_id_movie_companies", "Relation Name": "movie_companies", "Alias": "mc", "Startup Cost": 0.0, "Total Cost": 59640.35, "Plan Rows": 1540, "Plan Width": 8, "Actual Startup Time": 633.668, "Actual Total Time": 633.668, "Actual Rows": 0, "Actual Loops": 1, "Index Cond": "(company_type_id = ct.id)", "Rows Removed by Index Recheck": 0, "Filter": "(((note)::text ~~ '%(theatrical)%'::text) AND ((note)::text ~~ '%(France)%'::text))", "Rows Removed by Filter": 1334883}]}, {"Node Type": "Index Scan", "Parent Relationship": "Inner", "Scan Direction": "Forward", "Index Name": "title_pkey", "Relation Name": "title", "Alias": "t", "Startup Cost": 0.0, "Total Cost": 7.53, "Plan Rows": 1, "Plan Width": 21, "Actual Startup Time": 0.0, "Actual Total Time": 0.0, "Index Cond": "(id = mc.movie_id)", "Rows Removed by Index Recheck": 0, "Filter": "(production_year > 2005)", "Rows Removed by Filter": 0}]}, {"Node Type": "Index Scan", "Parent Relationship": "Inner", "Scan Direction": "Forward", "Index Name": "movie_id_movie_info", "Relation Name": "movie_info", "Alias": "mi", "Startup Cost": 0.0, "Total Cost": 1.21, "Plan Rows": 1, "Plan Width": 8, "Actual Startup Time": 0.0, "Actual Total Time": 0.0, "Index Cond": "(movie_id = t.id)", "Rows Removed by Index Recheck": 0, "Filter": "((info)::text = ANY ('{Sweden,Norway,Germany,Denmark,Swedish,Denish,Norwegian,German}'::text[]))", "Rows Removed by Filter": 0}]}, {"Node Type": "Index Only Scan", "Parent Relationship": "Inner", "Scan Direction": "Forward", "Index Name": "info_type_pkey", "Relation Name": "info_type", "Alias": "it", "Startup Cost": 0.0, "Total Cost": 0.27, "Plan Rows": 1, "Plan Width": 4, "Actual Startup Time": 0.0, "Actual Total Time": 0.0, "Index Cond": "(id = mi.info_type_id)", "Rows Removed by Index Recheck": 0, "Heap Fetches": 0}]}]}, "Triggers": [], "Planner Runtime": 6.763, "Total Runtime": 633.955, "Unique SQL Id": 2510907716}}, "(1, '82')": {"explain_plan": {"Plan": {"Node Type": "Aggregate", "Strategy": "Plain", "Startup Cost": 75757.66, "Total Cost": 75757.67, "Plan Rows": 1, "Plan Width": 49, "Plans": [{"Node Type": "Merge Join", "Parent Relationship": "Outer", "Join Type": "Inner", "Startup Cost": 75724.05, "Total Cost": 75752.86, "Plan Rows": 1919, "Plan Width": 17, "Inner Unique": false, "Merge Cond": "(it.id = mi.info_type_id)", "Plans": [{"Node Type": "Sort", "Parent Relationship": "Outer", "Startup Cost": 5.93, "Total Cost": 6.21, "Plan Rows": 112, "Plan Width": 4, "Sort Key": ["it.id"], "Plans": [{"Node Type": "Seq Scan", "Parent Relationship": "Outer", "Relation Name": "info_type", "Alias": "it", "Startup Cost": 0.0, "Total Cost": 2.12, "Plan Rows": 112, "Plan Width": 4}]}, {"Node Type": "Sort", "Parent Relationship": "Inner", "Startup Cost": 75717.59, "Total Cost": 75722.39, "Plan Rows": 1919, "Plan Width": 21, "Sort Key": ["mi.info_type_id"], "Plans": [{"Node Type": "Nested Loop", "Parent Relationship": "Outer", "Join Type": "Inner", "Startup Cost": 55054.24, "Total Cost": 75612.95, "Plan Rows": 1919, "Plan Width": 21, "Inner Unique": false, "Plans": [{"Node Type": "Nested Loop", "Parent Relationship": "Outer", "Join Type": "Inner", "Startup Cost": 55053.73, "Total Cost": 66951.03, "Plan Rows": 1869, "Plan Width": 25, "Inner Unique": true, "Plans": [{"Node Type": "Merge Join", "Parent Relationship": "Outer", "Join Type": "Inner", "Startup Cost": 55050.04, "Total Cost": 55073.31, "Plan Rows": 1540, "Plan Width": 4, "Inner Unique": false, "Merge Cond": "(ct.id = mc.company_type_id)", "Plans": [{"Node Type": "Sort", "Parent Relationship": "Outer", "Startup Cost": 1.05, "Total Cost": 1.05, "Plan Rows": 1, "Plan Width": 4, "Sort Key": ["ct.id"], "Plans": [{"Node Type": "Seq Scan", "Parent Relationship": "Outer", "Relation Name": "company_type", "Alias": "ct", "Startup Cost": 0.0, "Total Cost": 1.04, "Plan Rows": 1, "Plan Width": 4, "Filter": "((kind)::text = 'production companies'::text)"}]}, {"Node Type": "Sort", "Parent Relationship": "Inner", "Startup Cost": 55041.45, "Total Cost": 55049.15, "Plan Rows": 3081, "Plan Width": 8, "Sort Key": ["mc.company_type_id"], "Plans": [{"Node Type": "Seq Scan", "Parent Relationship": "Outer", "Relation Name": "movie_companies", "Alias": "mc", "Startup Cost": 0.0, "Total Cost": 54862.92, "Plan Rows": 3081, "Plan Width": 8, "Filter": "(((note)::text ~~ '%(theatrical)%'::text) AND ((note)::text ~~ '%(France)%'::text))"}]}]}, {"Node Type": "Bitmap Heap Scan", "Parent Relationship": "Inner", "Relation Name": "title", "Alias": "t", "Startup Cost": 3.69, "Total Cost": 7.7, "Plan Rows": 1, "Plan Width": 21, "Recheck Cond": "(id = mc.movie_id)", "Filter": "(production_year > 2005)", "Plans": [{"Node Type": "Bitmap Index Scan", "Parent Relationship": "Outer", "Index Name": "title_pkey", "Startup Cost": 0.0, "Total Cost": 3.69, "Plan Rows": 1, "Plan Width": 0, "Index Cond": "(id = mc.movie_id)"}]}]}, {"Node Type": "Bitmap Heap Scan", "Parent Relationship": "Inner", "Relation Name": "movie_info", "Alias": "mi", "Startup Cost": 0.51, "Total Cost": 4.62, "Plan Rows": 1, "Plan Width": 8, "Recheck Cond": "(movie_id = t.id)", "Filter": "((info)::text = ANY ('{Sweden,Norway,Germany,Denmark,Swedish,Denish,Norwegian,German}'::text[]))", "Plans": [{"Node Type": "Bitmap Index Scan", "Parent Relationship": "Outer", "Index Name": "movie_id_movie_info", "Startup Cost": 0.0, "Total Cost": 0.51, "Plan Rows": 5, "Plan Width": 0, "Index Cond": "(movie_id = t.id)"}]}]}]}]}]}, "Unique SQL Id": 2510907716, "Planner Runtime": 5}, "explain_analyze_plan": {"Plan": {"Node Type": "Aggregate", "Strategy": "Plain", "Startup Cost": 75757.66, "Total Cost": 75757.67, "Plan Rows": 1, "Plan Width": 49, "Actual Startup Time": 1058.83, "Actual Total Time": 1058.83, "Actual Rows": 1, "Actual Loops": 1, "Plans": [{"Node Type": "Merge Join", "Parent Relationship": "Outer", "Join Type": "Inner", "Startup Cost": 75724.05, "Total Cost": 75752.86, "Plan Rows": 1919, "Plan Width": 17, "Actual Startup Time": 1058.824, "Actual Total Time": 1058.824, "Actual Rows": 0, "Actual Loops": 1, "Inner Unique": false, "Merge Cond": "(it.id = mi.info_type_id)", "Plans": [{"Node Type": "Sort", "Parent Relationship": "Outer", "Startup Cost": 5.93, "Total Cost": 6.21, "Plan Rows": 112, "Plan Width": 4, "Actual Startup Time": 0.093, "Actual Total Time": 0.093, "Actual Rows": 1, "Actual Loops": 1, "Sort Key": ["it.id"], "Sort Method": "quicksort", "Sort Space Used": 32, "Sort Space Type": "Memory", "Plans": [{"Node Type": "Seq Scan", "Parent Relationship": "Outer", "Relation Name": "info_type", "Alias": "it", "Startup Cost": 0.0, "Total Cost": 2.12, "Plan Rows": 112, "Plan Width": 4, "Actual Startup Time": 0.027, "Actual Total Time": 0.05, "Actual Rows": 112, "Actual Loops": 1}]}, {"Node Type": "Sort", "Parent Relationship": "Inner", "Startup Cost": 75717.59, "Total Cost": 75722.39, "Plan Rows": 1919, "Plan Width": 21, "Actual Startup Time": 1058.713, "Actual Total Time": 1058.713, "Actual Rows": 0, "Actual Loops": 1, "Sort Key": ["mi.info_type_id"], "Sort Method": "quicksort", "Sort Space Used": 25, "Sort Space Type": "Memory", "Plans": [{"Node Type": "Nested Loop", "Parent Relationship": "Outer", "Join Type": "Inner", "Startup Cost": 55054.24, "Total Cost": 75612.95, "Plan Rows": 1919, "Plan Width": 21, "Actual Startup Time": 1058.707, "Actual Total Time": 1058.707, "Actual Rows": 0, "Actual Loops": 1, "Inner Unique": false, "Plans": [{"Node Type": "Nested Loop", "Parent Relationship": "Outer", "Join Type": "Inner", "Startup Cost": 55053.73, "Total Cost": 66951.03, "Plan Rows": 1869, "Plan Width": 25, "Actual Startup Time": 1058.706, "Actual Total Time": 1058.706, "Actual Rows": 0, "Actual Loops": 1, "Inner Unique": true, "Plans": [{"Node Type": "Merge Join", "Parent Relationship": "Outer", "Join Type": "Inner", "Startup Cost": 55050.04, "Total Cost": 55073.31, "Plan Rows": 1540, "Plan Width": 4, "Actual Startup Time": 1058.702, "Actual Total Time": 1058.702, "Actual Rows": 0, "Actual Loops": 1, "Inner Unique": false, "Merge Cond": "(ct.id = mc.company_type_id)", "Plans": [{"Node Type": "Sort", "Parent Relationship": "Outer", "Startup Cost": 1.05, "Total Cost": 1.05, "Plan Rows": 1, "Plan Width": 4, "Actual Startup Time": 0.019, "Actual Total Time": 0.019, "Actual Rows": 1, "Actual Loops": 1, "Sort Key": ["ct.id"], "Sort Method": "quicksort", "Sort Space Used": 25, "Sort Space Type": "Memory", "Plans": [{"Node Type": "Seq Scan", "Parent Relationship": "Outer", "Relation Name": "company_type", "Alias": "ct", "Startup Cost": 0.0, "Total Cost": 1.04, "Plan Rows": 1, "Plan Width": 4, "Actual Startup Time": 0.013, "Actual Total Time": 0.015, "Actual Rows": 1, "Actual Loops": 1, "Filter": "((kind)::text = 'production companies'::text)", "Rows Removed by Filter": 2}]}, {"Node Type": "Sort", "Parent Relationship": "Inner", "Startup Cost": 55041.45, "Total Cost": 55049.15, "Plan Rows": 3081, "Plan Width": 8, "Actual Startup Time": 1051.64, "Actual Total Time": 1055.173, "Actual Rows": 24025, "Actual Loops": 1, "Sort Key": ["mc.company_type_id"], "Sort Method": "quicksort", "Sort Space Used": 2270, "Sort Space Type": "Memory", "Plans": [{"Node Type": "Seq Scan", "Parent Relationship": "Outer", "Relation Name": "movie_companies", "Alias": "mc", "Startup Cost": 0.0, "Total Cost": 54862.92, "Plan Rows": 3081, "Plan Width": 8, "Actual Startup Time": 8.739, "Actual Total Time": 1045.116, "Actual Rows": 24025, "Actual Loops": 1, "Filter": "(((note)::text ~~ '%(theatrical)%'::text) AND ((note)::text ~~ '%(France)%'::text))", "Rows Removed by Filter": 2585103}]}]}, {"Node Type": "Bitmap Heap Scan", "Parent Relationship": "Inner", "Relation Name": "title", "Alias": "t", "Startup Cost": 3.69, "Total Cost": 7.7, "Plan Rows": 1, "Plan Width": 21, "Actual Startup Time": 0.0, "Actual Total Time": 0.0, "Recheck Cond": "(id = mc.movie_id)", "Rows Removed by Index Recheck": 0, "Filter": "(production_year > 2005)", "Rows Removed by Filter": 0, "Exact Heap Blocks": 0, "Lossy Heap Blocks": 0, "Plans": [{"Node Type": "Bitmap Index Scan", "Parent Relationship": "Outer", "Index Name": "title_pkey", "Startup Cost": 0.0, "Total Cost": 3.69, "Plan Rows": 1, "Plan Width": 0, "Actual Startup Time": 0.0, "Actual Total Time": 0.0, "Index Cond": "(id = mc.movie_id)"}]}]}, {"Node Type": "Bitmap Heap Scan", "Parent Relationship": "Inner", "Relation Name": "movie_info", "Alias": "mi", "Startup Cost": 0.51, "Total Cost": 4.62, "Plan Rows": 1, "Plan Width": 8, "Actual Startup Time": 0.0, "Actual Total Time": 0.0, "Recheck Cond": "(movie_id = t.id)", "Rows Removed by Index Recheck": 0, "Filter": "((info)::text = ANY ('{Sweden,Norway,Germany,Denmark,Swedish,Denish,Norwegian,German}'::text[]))", "Rows Removed by Filter": 0, "Exact Heap Blocks": 0, "Lossy Heap Blocks": 0, "Plans": [{"Node Type": "Bitmap Index Scan", "Parent Relationship": "Outer", "Index Name": "movie_id_movie_info", "Startup Cost": 0.0, "Total Cost": 0.51, "Plan Rows": 5, "Plan Width": 0, "Actual Startup Time": 0.0, "Actual Total Time": 0.0, "Index Cond": "(movie_id = t.id)"}]}]}]}]}]}, "Triggers": [], "Planner Runtime": 5.864, "Total Runtime": 1059.047, "Unique SQL Id": 2510907716}}, "(1, '83')": {"explain_plan": {"Plan": {"Node Type": "Aggregate", "Strategy": "Plain", "Startup Cost": 1000010696765.6, "Total Cost": 1000010696765.61, "Plan Rows": 1, "Plan Width": 49, "Plans": [{"Node Type": "Nested Loop", "Parent Relationship": "Outer", "Join Type": "Inner", "Startup Cost": 10000000004.72, "Total Cost": 1000010696760.8, "Plan Rows": 1919, "Plan Width": 17, "Inner Unique": true, "Plans": [{"Node Type": "Nested Loop", "Parent Relationship": "Outer", "Join Type": "Inner", "Startup Cost": 10000000004.46, "Total Cost": 1000010680309.36, "Plan Rows": 3839, "Plan Width": 21, "Inner Unique": true, "Plans": [{"Node Type": "Nested Loop", "Parent Relationship": "Outer", "Join Type": "Inner", "Startup Cost": 10000000004.2, "Total Cost": 1000010663877.26, "Plan Rows": 3839, "Plan Width": 25, "Inner Unique": false, "Plans": [{"Node Type": "Nested Loop", "Parent Relationship": "Outer", "Join Type": "Inner", "Startup Cost": 10000000003.69, "Total Cost": 1000010646544.15, "Plan Rows": 3740, "Plan Width": 29, "Inner Unique": true, "Plans": [{"Node Type": "Index Scan", "Parent Relationship": "Outer", "Scan Direction": "Forward", "Index Name": "company_type_id_movie_companies", "Relation Name": "movie_companies", "Alias": "mc", "Startup Cost": 10000000000.0, "Total Cost": 1000010622781.0, "Plan Rows": 3081, "Plan Width": 8, "Filter": "(((note)::text ~~ '%(theatrical)%'::text) AND ((note)::text ~~ '%(France)%'::text))"}, {"Node Type": "Bitmap Heap Scan", "Parent Relationship": "Inner", "Relation Name": "title", "Alias": "t", "Startup Cost": 3.69, "Total Cost": 7.7, "Plan Rows": 1, "Plan Width": 21, "Recheck Cond": "(id = mc.movie_id)", "Filter": "(production_year > 2005)", "Plans": [{"Node Type": "Bitmap Index Scan", "Parent Relationship": "Outer", "Index Name": "title_pkey", "Startup Cost": 0.0, "Total Cost": 3.69, "Plan Rows": 1, "Plan Width": 0, "Index Cond": "(id = mc.movie_id)"}]}]}, {"Node Type": "Bitmap Heap Scan", "Parent Relationship": "Inner", "Relation Name": "movie_info", "Alias": "mi", "Startup Cost": 0.51, "Total Cost": 4.62, "Plan Rows": 1, "Plan Width": 8, "Recheck Cond": "(movie_id = t.id)", "Filter": "((info)::text = ANY ('{Sweden,Norway,Germany,Denmark,Swedish,Denish,Norwegian,German}'::text[]))", "Plans": [{"Node Type": "Bitmap Index Scan", "Parent Relationship": "Outer", "Index Name": "movie_id_movie_info", "Startup Cost": 0.0, "Total Cost": 0.51, "Plan Rows": 5, "Plan Width": 0, "Index Cond": "(movie_id = t.id)"}]}]}, {"Node Type": "Bitmap Heap Scan", "Parent Relationship": "Inner", "Relation Name": "info_type", "Alias": "it", "Startup Cost": 0.26, "Total Cost": 4.27, "Plan Rows": 1, "Plan Width": 4, "Recheck Cond": "(id = mi.info_type_id)", "Plans": [{"Node Type": "Bitmap Index Scan", "Parent Relationship": "Outer", "Index Name": "info_type_pkey", "Startup Cost": 0.0, "Total Cost": 0.26, "Plan Rows": 1, "Plan Width": 0, "Index Cond": "(id = mi.info_type_id)"}]}]}, {"Node Type": "Bitmap Heap Scan", "Parent Relationship": "Inner", "Relation Name": "company_type", "Alias": "ct", "Startup Cost": 0.26, "Total Cost": 4.28, "Plan Rows": 1, "Plan Width": 4, "Recheck Cond": "(id = mc.company_type_id)", "Filter": "((kind)::text = 'production companies'::text)", "Plans": [{"Node Type": "Bitmap Index Scan", "Parent Relationship": "Outer", "Index Name": "company_type_pkey", "Startup Cost": 0.0, "Total Cost": 0.26, "Plan Rows": 1, "Plan Width": 0, "Index Cond": "(id = mc.company_type_id)"}]}]}]}, "Unique SQL Id": 2510907716, "Planner Runtime": 5}, "explain_analyze_plan": null}, "(1, '84')": {"explain_plan": {"Plan": {"Node Type": "Aggregate", "Strategy": "Plain", "Startup Cost": 70184.3, "Total Cost": 70184.31, "Plan Rows": 1, "Plan Width": 49, "Plans": [{"Node Type": "Nested Loop", "Parent Relationship": "Outer", "Join Type": "Inner", "Startup Cost": 0.0, "Total Cost": 70179.5, "Plan Rows": 1919, "Plan Width": 17, "Inner Unique": true, "Plans": [{"Node Type": "Nested Loop", "Parent Relationship": "Outer", "Join Type": "Inner", "Startup Cost": 0.0, "Total Cost": 69642.02, "Plan Rows": 1919, "Plan Width": 21, "Inner Unique": false, "Plans": [{"Node Type": "Nested Loop", "Parent Relationship": "Outer", "Join Type": "Inner", "Startup Cost": 0.0, "Total Cost": 67362.72, "Plan Rows": 1869, "Plan Width": 25, "Inner Unique": true, "Plans": [{"Node Type": "Nested Loop", "Parent Relationship": "Outer", "Join Type": "Inner", "Startup Cost": 0.0, "Total Cost": 55745.3, "Plan Rows": 1540, "Plan Width": 4, "Inner Unique": true, "Plans": [{"Node Type": "Seq Scan", "Parent Relationship": "Outer", "Relation Name": "movie_companies", "Alias": "mc", "Startup Cost": 0.0, "Total Cost": 54862.92, "Plan Rows": 3081, "Plan Width": 8, "Filter": "(((note)::text ~~ '%(theatrical)%'::text) AND ((note)::text ~~ '%(France)%'::text))"}, {"Node Type": "Index Scan", "Parent Relationship": "Inner", "Scan Direction": "Forward", "Index Name": "company_type_pkey", "Relation Name": "company_type", "Alias": "ct", "Startup Cost": 0.0, "Total Cost": 0.28, "Plan Rows": 1, "Plan Width": 4, "Index Cond": "(id = mc.company_type_id)", "Filter": "((kind)::text = 'production companies'::text)"}]}, {"Node Type": "Index Scan", "Parent Relationship": "Inner", "Scan Direction": "Forward", "Index Name": "title_pkey", "Relation Name": "title", "Alias": "t", "Startup Cost": 0.0, "Total Cost": 7.53, "Plan Rows": 1, "Plan Width": 21, "Index Cond": "(id = mc.movie_id)", "Filter": "(production_year > 2005)"}]}, {"Node Type": "Index Scan", "Parent Relationship": "Inner", "Scan Direction": "Forward", "Index Name": "movie_id_movie_info", "Relation Name": "movie_info", "Alias": "mi", "Startup Cost": 0.0, "Total Cost": 1.21, "Plan Rows": 1, "Plan Width": 8, "Index Cond": "(movie_id = t.id)", "Filter": "((info)::text = ANY ('{Sweden,Norway,Germany,Denmark,Swedish,Denish,Norwegian,German}'::text[]))"}]}, {"Node Type": "Index Scan", "Parent Relationship": "Inner", "Scan Direction": "Forward", "Index Name": "info_type_pkey", "Relation Name": "info_type", "Alias": "it", "Startup Cost": 0.0, "Total Cost": 0.27, "Plan Rows": 1, "Plan Width": 4, "Index Cond": "(id = mi.info_type_id)"}]}]}, "Unique SQL Id": 2510907716, "Planner Runtime": 6}, "explain_analyze_plan": {"Plan": {"Node Type": "Aggregate", "Strategy": "Plain", "Startup Cost": 70184.3, "Total Cost": 70184.31, "Plan Rows": 1, "Plan Width": 49, "Actual Startup Time": 1098.371, "Actual Total Time": 1098.371, "Actual Rows": 1, "Actual Loops": 1, "Plans": [{"Node Type": "Nested Loop", "Parent Relationship": "Outer", "Join Type": "Inner", "Startup Cost": 0.0, "Total Cost": 70179.5, "Plan Rows": 1919, "Plan Width": 17, "Actual Startup Time": 1098.363, "Actual Total Time": 1098.363, "Actual Rows": 0, "Actual Loops": 1, "Inner Unique": true, "Plans": [{"Node Type": "Nested Loop", "Parent Relationship": "Outer", "Join Type": "Inner", "Startup Cost": 0.0, "Total Cost": 69642.02, "Plan Rows": 1919, "Plan Width": 21, "Actual Startup Time": 1098.362, "Actual Total Time": 1098.362, "Actual Rows": 0, "Actual Loops": 1, "Inner Unique": false, "Plans": [{"Node Type": "Nested Loop", "Parent Relationship": "Outer", "Join Type": "Inner", "Startup Cost": 0.0, "Total Cost": 67362.72, "Plan Rows": 1869, "Plan Width": 25, "Actual Startup Time": 1098.359, "Actual Total Time": 1098.359, "Actual Rows": 0, "Actual Loops": 1, "Inner Unique": true, "Plans": [{"Node Type": "Nested Loop", "Parent Relationship": "Outer", "Join Type": "Inner", "Startup Cost": 0.0, "Total Cost": 55745.3, "Plan Rows": 1540, "Plan Width": 4, "Actual Startup Time": 1098.357, "Actual Total Time": 1098.357, "Actual Rows": 0, "Actual Loops": 1, "Inner Unique": true, "Plans": [{"Node Type": "Seq Scan", "Parent Relationship": "Outer", "Relation Name": "movie_companies", "Alias": "mc", "Startup Cost": 0.0, "Total Cost": 54862.92, "Plan Rows": 3081, "Plan Width": 8, "Actual Startup Time": 8.938, "Actual Total Time": 1074.189, "Actual Rows": 24025, "Actual Loops": 1, "Filter": "(((note)::text ~~ '%(theatrical)%'::text) AND ((note)::text ~~ '%(France)%'::text))", "Rows Removed by Filter": 2585103}, {"Node Type": "Index Scan", "Parent Relationship": "Inner", "Scan Direction": "Forward", "Index Name": "company_type_pkey", "Relation Name": "company_type", "Alias": "ct", "Startup Cost": 0.0, "Total Cost": 0.28, "Plan Rows": 1, "Plan Width": 4, "Actual Startup Time": 13.296, "Actual Total Time": 13.296, "Actual Rows": 0, "Actual Loops": 24025, "Index Cond": "(id = mc.company_type_id)", "Rows Removed by Index Recheck": 0, "Filter": "((kind)::text = 'production companies'::text)", "Rows Removed by Filter": 0}]}, {"Node Type": "Index Scan", "Parent Relationship": "Inner", "Scan Direction": "Forward", "Index Name": "title_pkey", "Relation Name": "title", "Alias": "t", "Startup Cost": 0.0, "Total Cost": 7.53, "Plan Rows": 1, "Plan Width": 21, "Actual Startup Time": 0.0, "Actual Total Time": 0.0, "Index Cond": "(id = mc.movie_id)", "Rows Removed by Index Recheck": 0, "Filter": "(production_year > 2005)", "Rows Removed by Filter": 0}]}, {"Node Type": "Index Scan", "Parent Relationship": "Inner", "Scan Direction": "Forward", "Index Name": "movie_id_movie_info", "Relation Name": "movie_info", "Alias": "mi", "Startup Cost": 0.0, "Total Cost": 1.21, "Plan Rows": 1, "Plan Width": 8, "Actual Startup Time": 0.0, "Actual Total Time": 0.0, "Index Cond": "(movie_id = t.id)", "Rows Removed by Index Recheck": 0, "Filter": "((info)::text = ANY ('{Sweden,Norway,Germany,Denmark,Swedish,Denish,Norwegian,German}'::text[]))", "Rows Removed by Filter": 0}]}, {"Node Type": "Index Scan", "Parent Relationship": "Inner", "Scan Direction": "Forward", "Index Name": "info_type_pkey", "Relation Name": "info_type", "Alias": "it", "Startup Cost": 0.0, "Total Cost": 0.27, "Plan Rows": 1, "Plan Width": 4, "Actual Startup Time": 0.0, "Actual Total Time": 0.0, "Index Cond": "(id = mi.info_type_id)", "Rows Removed by Index Recheck": 0}]}]}, "Triggers": [], "Planner Runtime": 6.398, "Total Runtime": 1098.728, "Unique SQL Id": 2510907716}}, "(1, '85')": {"explain_plan": {"Plan": {"Node Type": "Aggregate", "Strategy": "Plain", "Startup Cost": 74107.05, "Total Cost": 74107.06, "Plan Rows": 1, "Plan Width": 49, "Plans": [{"Node Type": "Nested Loop", "Parent Relationship": "Outer", "Join Type": "Inner", "Startup Cost": 0.0, "Total Cost": 74102.25, "Plan Rows": 1919, "Plan Width": 17, "Inner Unique": true, "Plans": [{"Node Type": "Nested Loop", "Parent Relationship": "Outer", "Join Type": "Inner", "Startup Cost": 0.0, "Total Cost": 73564.77, "Plan Rows": 1919, "Plan Width": 21, "Inner Unique": false, "Plans": [{"Node Type": "Nested Loop", "Parent Relationship": "Outer", "Join Type": "Inner", "Startup Cost": 0.0, "Total Cost": 71285.47, "Plan Rows": 1869, "Plan Width": 25, "Inner Unique": true, "Plans": [{"Node Type": "Nested Loop", "Parent Relationship": "Outer", "Join Type": "Inner", "Startup Cost": 0.0, "Total Cost": 59668.05, "Plan Rows": 1540, "Plan Width": 4, "Inner Unique": false, "Plans": [{"Node Type": "Index Scan", "Parent Relationship": "Outer", "Scan Direction": "Forward", "Index Name": "company_type_pkey", "Relation Name": "company_type", "Alias": "ct", "Startup Cost": 0.0, "Total Cost": 12.3, "Plan Rows": 1, "Plan Width": 4, "Filter": "((kind)::text = 'production companies'::text)"}, {"Node Type": "Index Scan", "Parent Relationship": "Inner", "Scan Direction": "Forward", "Index Name": "company_type_id_movie_companies", "Relation Name": "movie_companies", "Alias": "mc", "Startup Cost": 0.0, "Total Cost": 59640.35, "Plan Rows": 1540, "Plan Width": 8, "Index Cond": "(company_type_id = ct.id)", "Filter": "(((note)::text ~~ '%(theatrical)%'::text) AND ((note)::text ~~ '%(France)%'::text))"}]}, {"Node Type": "Index Scan", "Parent Relationship": "Inner", "Scan Direction": "Forward", "Index Name": "title_pkey", "Relation Name": "title", "Alias": "t", "Startup Cost": 0.0, "Total Cost": 7.53, "Plan Rows": 1, "Plan Width": 21, "Index Cond": "(id = mc.movie_id)", "Filter": "(production_year > 2005)"}]}, {"Node Type": "Index Scan", "Parent Relationship": "Inner", "Scan Direction": "Forward", "Index Name": "movie_id_movie_info", "Relation Name": "movie_info", "Alias": "mi", "Startup Cost": 0.0, "Total Cost": 1.21, "Plan Rows": 1, "Plan Width": 8, "Index Cond": "(movie_id = t.id)", "Filter": "((info)::text = ANY ('{Sweden,Norway,Germany,Denmark,Swedish,Denish,Norwegian,German}'::text[]))"}]}, {"Node Type": "Index Scan", "Parent Relationship": "Inner", "Scan Direction": "Forward", "Index Name": "info_type_pkey", "Relation Name": "info_type", "Alias": "it", "Startup Cost": 0.0, "Total Cost": 0.27, "Plan Rows": 1, "Plan Width": 4, "Index Cond": "(id = mi.info_type_id)"}]}]}, "Unique SQL Id": 2510907716, "Planner Runtime": 6}, "explain_analyze_plan": {"Plan": {"Node Type": "Aggregate", "Strategy": "Plain", "Startup Cost": 74107.05, "Total Cost": 74107.06, "Plan Rows": 1, "Plan Width": 49, "Actual Startup Time": 752.93, "Actual Total Time": 752.931, "Actual Rows": 1, "Actual Loops": 1, "Plans": [{"Node Type": "Nested Loop", "Parent Relationship": "Outer", "Join Type": "Inner", "Startup Cost": 0.0, "Total Cost": 74102.25, "Plan Rows": 1919, "Plan Width": 17, "Actual Startup Time": 752.924, "Actual Total Time": 752.924, "Actual Rows": 0, "Actual Loops": 1, "Inner Unique": true, "Plans": [{"Node Type": "Nested Loop", "Parent Relationship": "Outer", "Join Type": "Inner", "Startup Cost": 0.0, "Total Cost": 73564.77, "Plan Rows": 1919, "Plan Width": 21, "Actual Startup Time": 752.922, "Actual Total Time": 752.922, "Actual Rows": 0, "Actual Loops": 1, "Inner Unique": false, "Plans": [{"Node Type": "Nested Loop", "Parent Relationship": "Outer", "Join Type": "Inner", "Startup Cost": 0.0, "Total Cost": 71285.47, "Plan Rows": 1869, "Plan Width": 25, "Actual Startup Time": 752.921, "Actual Total Time": 752.921, "Actual Rows": 0, "Actual Loops": 1, "Inner Unique": true, "Plans": [{"Node Type": "Nested Loop", "Parent Relationship": "Outer", "Join Type": "Inner", "Startup Cost": 0.0, "Total Cost": 59668.05, "Plan Rows": 1540, "Plan Width": 4, "Actual Startup Time": 752.919, "Actual Total Time": 752.919, "Actual Rows": 0, "Actual Loops": 1, "Inner Unique": false, "Plans": [{"Node Type": "Index Scan", "Parent Relationship": "Outer", "Scan Direction": "Forward", "Index Name": "company_type_pkey", "Relation Name": "company_type", "Alias": "ct", "Startup Cost": 0.0, "Total Cost": 12.3, "Plan Rows": 1, "Plan Width": 4, "Actual Startup Time": 0.015, "Actual Total Time": 0.026, "Actual Rows": 1, "Actual Loops": 1, "Filter": "((kind)::text = 'production companies'::text)", "Rows Removed by Filter": 2}, {"Node Type": "Index Scan", "Parent Relationship": "Inner", "Scan Direction": "Forward", "Index Name": "company_type_id_movie_companies", "Relation Name": "movie_companies", "Alias": "mc", "Startup Cost": 0.0, "Total Cost": 59640.35, "Plan Rows": 1540, "Plan Width": 8, "Actual Startup Time": 752.888, "Actual Total Time": 752.888, "Actual Rows": 0, "Actual Loops": 1, "Index Cond": "(company_type_id = ct.id)", "Rows Removed by Index Recheck": 0, "Filter": "(((note)::text ~~ '%(theatrical)%'::text) AND ((note)::text ~~ '%(France)%'::text))", "Rows Removed by Filter": 1334883}]}, {"Node Type": "Index Scan", "Parent Relationship": "Inner", "Scan Direction": "Forward", "Index Name": "title_pkey", "Relation Name": "title", "Alias": "t", "Startup Cost": 0.0, "Total Cost": 7.53, "Plan Rows": 1, "Plan Width": 21, "Actual Startup Time": 0.0, "Actual Total Time": 0.0, "Index Cond": "(id = mc.movie_id)", "Rows Removed by Index Recheck": 0, "Filter": "(production_year > 2005)", "Rows Removed by Filter": 0}]}, {"Node Type": "Index Scan", "Parent Relationship": "Inner", "Scan Direction": "Forward", "Index Name": "movie_id_movie_info", "Relation Name": "movie_info", "Alias": "mi", "Startup Cost": 0.0, "Total Cost": 1.21, "Plan Rows": 1, "Plan Width": 8, "Actual Startup Time": 0.0, "Actual Total Time": 0.0, "Index Cond": "(movie_id = t.id)", "Rows Removed by Index Recheck": 0, "Filter": "((info)::text = ANY ('{Sweden,Norway,Germany,Denmark,Swedish,Denish,Norwegian,German}'::text[]))", "Rows Removed by Filter": 0}]}, {"Node Type": "Index Scan", "Parent Relationship": "Inner", "Scan Direction": "Forward", "Index Name": "info_type_pkey", "Relation Name": "info_type", "Alias": "it", "Startup Cost": 0.0, "Total Cost": 0.27, "Plan Rows": 1, "Plan Width": 4, "Actual Startup Time": 0.0, "Actual Total Time": 0.0, "Index Cond": "(id = mi.info_type_id)", "Rows Removed by Index Recheck": 0}]}]}, "Triggers": [], "Planner Runtime": 6.967, "Total Runtime": 753.211, "Unique SQL Id": 2510907716}}, "(1, '86')": {"explain_plan": {"Plan": {"Node Type": "Aggregate", "Strategy": "Plain", "Startup Cost": 75757.66, "Total Cost": 75757.67, "Plan Rows": 1, "Plan Width": 49, "Plans": [{"Node Type": "Merge Join", "Parent Relationship": "Outer", "Join Type": "Inner", "Startup Cost": 75724.05, "Total Cost": 75752.86, "Plan Rows": 1919, "Plan Width": 17, "Inner Unique": false, "Merge Cond": "(it.id = mi.info_type_id)", "Plans": [{"Node Type": "Sort", "Parent Relationship": "Outer", "Startup Cost": 5.93, "Total Cost": 6.21, "Plan Rows": 112, "Plan Width": 4, "Sort Key": ["it.id"], "Plans": [{"Node Type": "Seq Scan", "Parent Relationship": "Outer", "Relation Name": "info_type", "Alias": "it", "Startup Cost": 0.0, "Total Cost": 2.12, "Plan Rows": 112, "Plan Width": 4}]}, {"Node Type": "Sort", "Parent Relationship": "Inner", "Startup Cost": 75717.59, "Total Cost": 75722.39, "Plan Rows": 1919, "Plan Width": 21, "Sort Key": ["mi.info_type_id"], "Plans": [{"Node Type": "Nested Loop", "Parent Relationship": "Outer", "Join Type": "Inner", "Startup Cost": 55054.24, "Total Cost": 75612.95, "Plan Rows": 1919, "Plan Width": 21, "Inner Unique": false, "Plans": [{"Node Type": "Nested Loop", "Parent Relationship": "Outer", "Join Type": "Inner", "Startup Cost": 55053.73, "Total Cost": 66951.03, "Plan Rows": 1869, "Plan Width": 25, "Inner Unique": true, "Plans": [{"Node Type": "Merge Join", "Parent Relationship": "Outer", "Join Type": "Inner", "Startup Cost": 55050.04, "Total Cost": 55073.31, "Plan Rows": 1540, "Plan Width": 4, "Inner Unique": false, "Merge Cond": "(ct.id = mc.company_type_id)", "Plans": [{"Node Type": "Sort", "Parent Relationship": "Outer", "Startup Cost": 1.05, "Total Cost": 1.05, "Plan Rows": 1, "Plan Width": 4, "Sort Key": ["ct.id"], "Plans": [{"Node Type": "Seq Scan", "Parent Relationship": "Outer", "Relation Name": "company_type", "Alias": "ct", "Startup Cost": 0.0, "Total Cost": 1.04, "Plan Rows": 1, "Plan Width": 4, "Filter": "((kind)::text = 'production companies'::text)"}]}, {"Node Type": "Sort", "Parent Relationship": "Inner", "Startup Cost": 55041.45, "Total Cost": 55049.15, "Plan Rows": 3081, "Plan Width": 8, "Sort Key": ["mc.company_type_id"], "Plans": [{"Node Type": "Seq Scan", "Parent Relationship": "Outer", "Relation Name": "movie_companies", "Alias": "mc", "Startup Cost": 0.0, "Total Cost": 54862.92, "Plan Rows": 3081, "Plan Width": 8, "Filter": "(((note)::text ~~ '%(theatrical)%'::text) AND ((note)::text ~~ '%(France)%'::text))"}]}]}, {"Node Type": "Bitmap Heap Scan", "Parent Relationship": "Inner", "Relation Name": "title", "Alias": "t", "Startup Cost": 3.69, "Total Cost": 7.7, "Plan Rows": 1, "Plan Width": 21, "Recheck Cond": "(id = mc.movie_id)", "Filter": "(production_year > 2005)", "Plans": [{"Node Type": "Bitmap Index Scan", "Parent Relationship": "Outer", "Index Name": "title_pkey", "Startup Cost": 0.0, "Total Cost": 3.69, "Plan Rows": 1, "Plan Width": 0, "Index Cond": "(id = mc.movie_id)"}]}]}, {"Node Type": "Bitmap Heap Scan", "Parent Relationship": "Inner", "Relation Name": "movie_info", "Alias": "mi", "Startup Cost": 0.51, "Total Cost": 4.62, "Plan Rows": 1, "Plan Width": 8, "Recheck Cond": "(movie_id = t.id)", "Filter": "((info)::text = ANY ('{Sweden,Norway,Germany,Denmark,Swedish,Denish,Norwegian,German}'::text[]))", "Plans": [{"Node Type": "Bitmap Index Scan", "Parent Relationship": "Outer", "Index Name": "movie_id_movie_info", "Startup Cost": 0.0, "Total Cost": 0.51, "Plan Rows": 5, "Plan Width": 0, "Index Cond": "(movie_id = t.id)"}]}]}]}]}]}, "Unique SQL Id": 2510907716, "Planner Runtime": 5}, "explain_analyze_plan": {"Plan": {"Node Type": "Aggregate", "Strategy": "Plain", "Startup Cost": 75757.66, "Total Cost": 75757.67, "Plan Rows": 1, "Plan Width": 49, "Actual Startup Time": 1058.83, "Actual Total Time": 1058.83, "Actual Rows": 1, "Actual Loops": 1, "Plans": [{"Node Type": "Merge Join", "Parent Relationship": "Outer", "Join Type": "Inner", "Startup Cost": 75724.05, "Total Cost": 75752.86, "Plan Rows": 1919, "Plan Width": 17, "Actual Startup Time": 1058.824, "Actual Total Time": 1058.824, "Actual Rows": 0, "Actual Loops": 1, "Inner Unique": false, "Merge Cond": "(it.id = mi.info_type_id)", "Plans": [{"Node Type": "Sort", "Parent Relationship": "Outer", "Startup Cost": 5.93, "Total Cost": 6.21, "Plan Rows": 112, "Plan Width": 4, "Actual Startup Time": 0.093, "Actual Total Time": 0.093, "Actual Rows": 1, "Actual Loops": 1, "Sort Key": ["it.id"], "Sort Method": "quicksort", "Sort Space Used": 32, "Sort Space Type": "Memory", "Plans": [{"Node Type": "Seq Scan", "Parent Relationship": "Outer", "Relation Name": "info_type", "Alias": "it", "Startup Cost": 0.0, "Total Cost": 2.12, "Plan Rows": 112, "Plan Width": 4, "Actual Startup Time": 0.027, "Actual Total Time": 0.05, "Actual Rows": 112, "Actual Loops": 1}]}, {"Node Type": "Sort", "Parent Relationship": "Inner", "Startup Cost": 75717.59, "Total Cost": 75722.39, "Plan Rows": 1919, "Plan Width": 21, "Actual Startup Time": 1058.713, "Actual Total Time": 1058.713, "Actual Rows": 0, "Actual Loops": 1, "Sort Key": ["mi.info_type_id"], "Sort Method": "quicksort", "Sort Space Used": 25, "Sort Space Type": "Memory", "Plans": [{"Node Type": "Nested Loop", "Parent Relationship": "Outer", "Join Type": "Inner", "Startup Cost": 55054.24, "Total Cost": 75612.95, "Plan Rows": 1919, "Plan Width": 21, "Actual Startup Time": 1058.707, "Actual Total Time": 1058.707, "Actual Rows": 0, "Actual Loops": 1, "Inner Unique": false, "Plans": [{"Node Type": "Nested Loop", "Parent Relationship": "Outer", "Join Type": "Inner", "Startup Cost": 55053.73, "Total Cost": 66951.03, "Plan Rows": 1869, "Plan Width": 25, "Actual Startup Time": 1058.706, "Actual Total Time": 1058.706, "Actual Rows": 0, "Actual Loops": 1, "Inner Unique": true, "Plans": [{"Node Type": "Merge Join", "Parent Relationship": "Outer", "Join Type": "Inner", "Startup Cost": 55050.04, "Total Cost": 55073.31, "Plan Rows": 1540, "Plan Width": 4, "Actual Startup Time": 1058.702, "Actual Total Time": 1058.702, "Actual Rows": 0, "Actual Loops": 1, "Inner Unique": false, "Merge Cond": "(ct.id = mc.company_type_id)", "Plans": [{"Node Type": "Sort", "Parent Relationship": "Outer", "Startup Cost": 1.05, "Total Cost": 1.05, "Plan Rows": 1, "Plan Width": 4, "Actual Startup Time": 0.019, "Actual Total Time": 0.019, "Actual Rows": 1, "Actual Loops": 1, "Sort Key": ["ct.id"], "Sort Method": "quicksort", "Sort Space Used": 25, "Sort Space Type": "Memory", "Plans": [{"Node Type": "Seq Scan", "Parent Relationship": "Outer", "Relation Name": "company_type", "Alias": "ct", "Startup Cost": 0.0, "Total Cost": 1.04, "Plan Rows": 1, "Plan Width": 4, "Actual Startup Time": 0.013, "Actual Total Time": 0.015, "Actual Rows": 1, "Actual Loops": 1, "Filter": "((kind)::text = 'production companies'::text)", "Rows Removed by Filter": 2}]}, {"Node Type": "Sort", "Parent Relationship": "Inner", "Startup Cost": 55041.45, "Total Cost": 55049.15, "Plan Rows": 3081, "Plan Width": 8, "Actual Startup Time": 1051.64, "Actual Total Time": 1055.173, "Actual Rows": 24025, "Actual Loops": 1, "Sort Key": ["mc.company_type_id"], "Sort Method": "quicksort", "Sort Space Used": 2270, "Sort Space Type": "Memory", "Plans": [{"Node Type": "Seq Scan", "Parent Relationship": "Outer", "Relation Name": "movie_companies", "Alias": "mc", "Startup Cost": 0.0, "Total Cost": 54862.92, "Plan Rows": 3081, "Plan Width": 8, "Actual Startup Time": 8.739, "Actual Total Time": 1045.116, "Actual Rows": 24025, "Actual Loops": 1, "Filter": "(((note)::text ~~ '%(theatrical)%'::text) AND ((note)::text ~~ '%(France)%'::text))", "Rows Removed by Filter": 2585103}]}]}, {"Node Type": "Bitmap Heap Scan", "Parent Relationship": "Inner", "Relation Name": "title", "Alias": "t", "Startup Cost": 3.69, "Total Cost": 7.7, "Plan Rows": 1, "Plan Width": 21, "Actual Startup Time": 0.0, "Actual Total Time": 0.0, "Recheck Cond": "(id = mc.movie_id)", "Rows Removed by Index Recheck": 0, "Filter": "(production_year > 2005)", "Rows Removed by Filter": 0, "Exact Heap Blocks": 0, "Lossy Heap Blocks": 0, "Plans": [{"Node Type": "Bitmap Index Scan", "Parent Relationship": "Outer", "Index Name": "title_pkey", "Startup Cost": 0.0, "Total Cost": 3.69, "Plan Rows": 1, "Plan Width": 0, "Actual Startup Time": 0.0, "Actual Total Time": 0.0, "Index Cond": "(id = mc.movie_id)"}]}]}, {"Node Type": "Bitmap Heap Scan", "Parent Relationship": "Inner", "Relation Name": "movie_info", "Alias": "mi", "Startup Cost": 0.51, "Total Cost": 4.62, "Plan Rows": 1, "Plan Width": 8, "Actual Startup Time": 0.0, "Actual Total Time": 0.0, "Recheck Cond": "(movie_id = t.id)", "Rows Removed by Index Recheck": 0, "Filter": "((info)::text = ANY ('{Sweden,Norway,Germany,Denmark,Swedish,Denish,Norwegian,German}'::text[]))", "Rows Removed by Filter": 0, "Exact Heap Blocks": 0, "Lossy Heap Blocks": 0, "Plans": [{"Node Type": "Bitmap Index Scan", "Parent Relationship": "Outer", "Index Name": "movie_id_movie_info", "Startup Cost": 0.0, "Total Cost": 0.51, "Plan Rows": 5, "Plan Width": 0, "Actual Startup Time": 0.0, "Actual Total Time": 0.0, "Index Cond": "(movie_id = t.id)"}]}]}]}]}]}, "Triggers": [], "Planner Runtime": 5.864, "Total Runtime": 1059.047, "Unique SQL Id": 2510907716}}, "(1, '87')": {"explain_plan": {"Plan": {"Node Type": "Aggregate", "Strategy": "Plain", "Startup Cost": 1000010696765.6, "Total Cost": 1000010696765.61, "Plan Rows": 1, "Plan Width": 49, "Plans": [{"Node Type": "Nested Loop", "Parent Relationship": "Outer", "Join Type": "Inner", "Startup Cost": 10000000004.72, "Total Cost": 1000010696760.8, "Plan Rows": 1919, "Plan Width": 17, "Inner Unique": true, "Plans": [{"Node Type": "Nested Loop", "Parent Relationship": "Outer", "Join Type": "Inner", "Startup Cost": 10000000004.46, "Total Cost": 1000010680309.36, "Plan Rows": 3839, "Plan Width": 21, "Inner Unique": true, "Plans": [{"Node Type": "Nested Loop", "Parent Relationship": "Outer", "Join Type": "Inner", "Startup Cost": 10000000004.2, "Total Cost": 1000010663877.26, "Plan Rows": 3839, "Plan Width": 25, "Inner Unique": false, "Plans": [{"Node Type": "Nested Loop", "Parent Relationship": "Outer", "Join Type": "Inner", "Startup Cost": 10000000003.69, "Total Cost": 1000010646544.15, "Plan Rows": 3740, "Plan Width": 29, "Inner Unique": true, "Plans": [{"Node Type": "Index Scan", "Parent Relationship": "Outer", "Scan Direction": "Forward", "Index Name": "company_type_id_movie_companies", "Relation Name": "movie_companies", "Alias": "mc", "Startup Cost": 10000000000.0, "Total Cost": 1000010622781.0, "Plan Rows": 3081, "Plan Width": 8, "Filter": "(((note)::text ~~ '%(theatrical)%'::text) AND ((note)::text ~~ '%(France)%'::text))"}, {"Node Type": "Bitmap Heap Scan", "Parent Relationship": "Inner", "Relation Name": "title", "Alias": "t", "Startup Cost": 3.69, "Total Cost": 7.7, "Plan Rows": 1, "Plan Width": 21, "Recheck Cond": "(id = mc.movie_id)", "Filter": "(production_year > 2005)", "Plans": [{"Node Type": "Bitmap Index Scan", "Parent Relationship": "Outer", "Index Name": "title_pkey", "Startup Cost": 0.0, "Total Cost": 3.69, "Plan Rows": 1, "Plan Width": 0, "Index Cond": "(id = mc.movie_id)"}]}]}, {"Node Type": "Bitmap Heap Scan", "Parent Relationship": "Inner", "Relation Name": "movie_info", "Alias": "mi", "Startup Cost": 0.51, "Total Cost": 4.62, "Plan Rows": 1, "Plan Width": 8, "Recheck Cond": "(movie_id = t.id)", "Filter": "((info)::text = ANY ('{Sweden,Norway,Germany,Denmark,Swedish,Denish,Norwegian,German}'::text[]))", "Plans": [{"Node Type": "Bitmap Index Scan", "Parent Relationship": "Outer", "Index Name": "movie_id_movie_info", "Startup Cost": 0.0, "Total Cost": 0.51, "Plan Rows": 5, "Plan Width": 0, "Index Cond": "(movie_id = t.id)"}]}]}, {"Node Type": "Bitmap Heap Scan", "Parent Relationship": "Inner", "Relation Name": "info_type", "Alias": "it", "Startup Cost": 0.26, "Total Cost": 4.27, "Plan Rows": 1, "Plan Width": 4, "Recheck Cond": "(id = mi.info_type_id)", "Plans": [{"Node Type": "Bitmap Index Scan", "Parent Relationship": "Outer", "Index Name": "info_type_pkey", "Startup Cost": 0.0, "Total Cost": 0.26, "Plan Rows": 1, "Plan Width": 0, "Index Cond": "(id = mi.info_type_id)"}]}]}, {"Node Type": "Bitmap Heap Scan", "Parent Relationship": "Inner", "Relation Name": "company_type", "Alias": "ct", "Startup Cost": 0.26, "Total Cost": 4.28, "Plan Rows": 1, "Plan Width": 4, "Recheck Cond": "(id = mc.company_type_id)", "Filter": "((kind)::text = 'production companies'::text)", "Plans": [{"Node Type": "Bitmap Index Scan", "Parent Relationship": "Outer", "Index Name": "company_type_pkey", "Startup Cost": 0.0, "Total Cost": 0.26, "Plan Rows": 1, "Plan Width": 0, "Index Cond": "(id = mc.company_type_id)"}]}]}]}, "Unique SQL Id": 2510907716, "Planner Runtime": 4}, "explain_analyze_plan": null}, "(1, '88')": {"explain_plan": {"Plan": {"Node Type": "Aggregate", "Strategy": "Plain", "Startup Cost": 70184.24, "Total Cost": 70184.25, "Plan Rows": 1, "Plan Width": 49, "Plans": [{"Node Type": "Nested Loop", "Parent Relationship": "Outer", "Join Type": "Inner", "Startup Cost": 0.0, "Total Cost": 70179.44, "Plan Rows": 1919, "Plan Width": 17, "Inner Unique": true, "Plans": [{"Node Type": "Nested Loop", "Parent Relationship": "Outer", "Join Type": "Inner", "Startup Cost": 0.0, "Total Cost": 69642.02, "Plan Rows": 1919, "Plan Width": 21, "Inner Unique": false, "Plans": [{"Node Type": "Nested Loop", "Parent Relationship": "Outer", "Join Type": "Inner", "Startup Cost": 0.0, "Total Cost": 67362.72, "Plan Rows": 1869, "Plan Width": 25, "Inner Unique": true, "Plans": [{"Node Type": "Nested Loop", "Parent Relationship": "Outer", "Join Type": "Inner", "Startup Cost": 0.0, "Total Cost": 55745.3, "Plan Rows": 1540, "Plan Width": 4, "Inner Unique": true, "Plans": [{"Node Type": "Seq Scan", "Parent Relationship": "Outer", "Relation Name": "movie_companies", "Alias": "mc", "Startup Cost": 0.0, "Total Cost": 54862.92, "Plan Rows": 3081, "Plan Width": 8, "Filter": "(((note)::text ~~ '%(theatrical)%'::text) AND ((note)::text ~~ '%(France)%'::text))"}, {"Node Type": "Index Scan", "Parent Relationship": "Inner", "Scan Direction": "Forward", "Index Name": "company_type_pkey", "Relation Name": "company_type", "Alias": "ct", "Startup Cost": 0.0, "Total Cost": 0.28, "Plan Rows": 1, "Plan Width": 4, "Index Cond": "(id = mc.company_type_id)", "Filter": "((kind)::text = 'production companies'::text)"}]}, {"Node Type": "Index Scan", "Parent Relationship": "Inner", "Scan Direction": "Forward", "Index Name": "title_pkey", "Relation Name": "title", "Alias": "t", "Startup Cost": 0.0, "Total Cost": 7.53, "Plan Rows": 1, "Plan Width": 21, "Index Cond": "(id = mc.movie_id)", "Filter": "(production_year > 2005)"}]}, {"Node Type": "Index Scan", "Parent Relationship": "Inner", "Scan Direction": "Forward", "Index Name": "movie_id_movie_info", "Relation Name": "movie_info", "Alias": "mi", "Startup Cost": 0.0, "Total Cost": 1.21, "Plan Rows": 1, "Plan Width": 8, "Index Cond": "(movie_id = t.id)", "Filter": "((info)::text = ANY ('{Sweden,Norway,Germany,Denmark,Swedish,Denish,Norwegian,German}'::text[]))"}]}, {"Node Type": "Index Only Scan", "Parent Relationship": "Inner", "Scan Direction": "Forward", "Index Name": "info_type_pkey", "Relation Name": "info_type", "Alias": "it", "Startup Cost": 0.0, "Total Cost": 0.27, "Plan Rows": 1, "Plan Width": 4, "Index Cond": "(id = mi.info_type_id)"}]}]}, "Unique SQL Id": 2510907716, "Planner Runtime": 6}, "explain_analyze_plan": {"Plan": {"Node Type": "Aggregate", "Strategy": "Plain", "Startup Cost": 70184.24, "Total Cost": 70184.25, "Plan Rows": 1, "Plan Width": 49, "Actual Startup Time": 1058.823, "Actual Total Time": 1058.824, "Actual Rows": 1, "Actual Loops": 1, "Plans": [{"Node Type": "Nested Loop", "Parent Relationship": "Outer", "Join Type": "Inner", "Startup Cost": 0.0, "Total Cost": 70179.44, "Plan Rows": 1919, "Plan Width": 17, "Actual Startup Time": 1058.814, "Actual Total Time": 1058.814, "Actual Rows": 0, "Actual Loops": 1, "Inner Unique": true, "Plans": [{"Node Type": "Nested Loop", "Parent Relationship": "Outer", "Join Type": "Inner", "Startup Cost": 0.0, "Total Cost": 69642.02, "Plan Rows": 1919, "Plan Width": 21, "Actual Startup Time": 1058.812, "Actual Total Time": 1058.812, "Actual Rows": 0, "Actual Loops": 1, "Inner Unique": false, "Plans": [{"Node Type": "Nested Loop", "Parent Relationship": "Outer", "Join Type": "Inner", "Startup Cost": 0.0, "Total Cost": 67362.72, "Plan Rows": 1869, "Plan Width": 25, "Actual Startup Time": 1058.812, "Actual Total Time": 1058.812, "Actual Rows": 0, "Actual Loops": 1, "Inner Unique": true, "Plans": [{"Node Type": "Nested Loop", "Parent Relationship": "Outer", "Join Type": "Inner", "Startup Cost": 0.0, "Total Cost": 55745.3, "Plan Rows": 1540, "Plan Width": 4, "Actual Startup Time": 1058.811, "Actual Total Time": 1058.811, "Actual Rows": 0, "Actual Loops": 1, "Inner Unique": true, "Plans": [{"Node Type": "Seq Scan", "Parent Relationship": "Outer", "Relation Name": "movie_companies", "Alias": "mc", "Startup Cost": 0.0, "Total Cost": 54862.92, "Plan Rows": 3081, "Plan Width": 8, "Actual Startup Time": 8.748, "Actual Total Time": 1034.382, "Actual Rows": 24025, "Actual Loops": 1, "Filter": "(((note)::text ~~ '%(theatrical)%'::text) AND ((note)::text ~~ '%(France)%'::text))", "Rows Removed by Filter": 2585103}, {"Node Type": "Index Scan", "Parent Relationship": "Inner", "Scan Direction": "Forward", "Index Name": "company_type_pkey", "Relation Name": "company_type", "Alias": "ct", "Startup Cost": 0.0, "Total Cost": 0.28, "Plan Rows": 1, "Plan Width": 4, "Actual Startup Time": 13.397, "Actual Total Time": 13.397, "Actual Rows": 0, "Actual Loops": 24025, "Index Cond": "(id = mc.company_type_id)", "Rows Removed by Index Recheck": 0, "Filter": "((kind)::text = 'production companies'::text)", "Rows Removed by Filter": 0}]}, {"Node Type": "Index Scan", "Parent Relationship": "Inner", "Scan Direction": "Forward", "Index Name": "title_pkey", "Relation Name": "title", "Alias": "t", "Startup Cost": 0.0, "Total Cost": 7.53, "Plan Rows": 1, "Plan Width": 21, "Actual Startup Time": 0.0, "Actual Total Time": 0.0, "Index Cond": "(id = mc.movie_id)", "Rows Removed by Index Recheck": 0, "Filter": "(production_year > 2005)", "Rows Removed by Filter": 0}]}, {"Node Type": "Index Scan", "Parent Relationship": "Inner", "Scan Direction": "Forward", "Index Name": "movie_id_movie_info", "Relation Name": "movie_info", "Alias": "mi", "Startup Cost": 0.0, "Total Cost": 1.21, "Plan Rows": 1, "Plan Width": 8, "Actual Startup Time": 0.0, "Actual Total Time": 0.0, "Index Cond": "(movie_id = t.id)", "Rows Removed by Index Recheck": 0, "Filter": "((info)::text = ANY ('{Sweden,Norway,Germany,Denmark,Swedish,Denish,Norwegian,German}'::text[]))", "Rows Removed by Filter": 0}]}, {"Node Type": "Index Only Scan", "Parent Relationship": "Inner", "Scan Direction": "Forward", "Index Name": "info_type_pkey", "Relation Name": "info_type", "Alias": "it", "Startup Cost": 0.0, "Total Cost": 0.27, "Plan Rows": 1, "Plan Width": 4, "Actual Startup Time": 0.0, "Actual Total Time": 0.0, "Index Cond": "(id = mi.info_type_id)", "Rows Removed by Index Recheck": 0, "Heap Fetches": 0}]}]}, "Triggers": [], "Planner Runtime": 6.424, "Total Runtime": 1059.078, "Unique SQL Id": 2510907716}}, "(1, '89')": {"explain_plan": {"Plan": {"Node Type": "Aggregate", "Strategy": "Plain", "Startup Cost": 74106.99, "Total Cost": 74107.0, "Plan Rows": 1, "Plan Width": 49, "Plans": [{"Node Type": "Nested Loop", "Parent Relationship": "Outer", "Join Type": "Inner", "Startup Cost": 0.0, "Total Cost": 74102.19, "Plan Rows": 1919, "Plan Width": 17, "Inner Unique": true, "Plans": [{"Node Type": "Nested Loop", "Parent Relationship": "Outer", "Join Type": "Inner", "Startup Cost": 0.0, "Total Cost": 73564.77, "Plan Rows": 1919, "Plan Width": 21, "Inner Unique": false, "Plans": [{"Node Type": "Nested Loop", "Parent Relationship": "Outer", "Join Type": "Inner", "Startup Cost": 0.0, "Total Cost": 71285.47, "Plan Rows": 1869, "Plan Width": 25, "Inner Unique": true, "Plans": [{"Node Type": "Nested Loop", "Parent Relationship": "Outer", "Join Type": "Inner", "Startup Cost": 0.0, "Total Cost": 59668.05, "Plan Rows": 1540, "Plan Width": 4, "Inner Unique": false, "Plans": [{"Node Type": "Index Scan", "Parent Relationship": "Outer", "Scan Direction": "Forward", "Index Name": "company_type_pkey", "Relation Name": "company_type", "Alias": "ct", "Startup Cost": 0.0, "Total Cost": 12.3, "Plan Rows": 1, "Plan Width": 4, "Filter": "((kind)::text = 'production companies'::text)"}, {"Node Type": "Index Scan", "Parent Relationship": "Inner", "Scan Direction": "Forward", "Index Name": "company_type_id_movie_companies", "Relation Name": "movie_companies", "Alias": "mc", "Startup Cost": 0.0, "Total Cost": 59640.35, "Plan Rows": 1540, "Plan Width": 8, "Index Cond": "(company_type_id = ct.id)", "Filter": "(((note)::text ~~ '%(theatrical)%'::text) AND ((note)::text ~~ '%(France)%'::text))"}]}, {"Node Type": "Index Scan", "Parent Relationship": "Inner", "Scan Direction": "Forward", "Index Name": "title_pkey", "Relation Name": "title", "Alias": "t", "Startup Cost": 0.0, "Total Cost": 7.53, "Plan Rows": 1, "Plan Width": 21, "Index Cond": "(id = mc.movie_id)", "Filter": "(production_year > 2005)"}]}, {"Node Type": "Index Scan", "Parent Relationship": "Inner", "Scan Direction": "Forward", "Index Name": "movie_id_movie_info", "Relation Name": "movie_info", "Alias": "mi", "Startup Cost": 0.0, "Total Cost": 1.21, "Plan Rows": 1, "Plan Width": 8, "Index Cond": "(movie_id = t.id)", "Filter": "((info)::text = ANY ('{Sweden,Norway,Germany,Denmark,Swedish,Denish,Norwegian,German}'::text[]))"}]}, {"Node Type": "Index Only Scan", "Parent Relationship": "Inner", "Scan Direction": "Forward", "Index Name": "info_type_pkey", "Relation Name": "info_type", "Alias": "it", "Startup Cost": 0.0, "Total Cost": 0.27, "Plan Rows": 1, "Plan Width": 4, "Index Cond": "(id = mi.info_type_id)"}]}]}, "Unique SQL Id": 2510907716, "Planner Runtime": 5}, "explain_analyze_plan": {"Plan": {"Node Type": "Aggregate", "Strategy": "Plain", "Startup Cost": 74106.99, "Total Cost": 74107.0, "Plan Rows": 1, "Plan Width": 49, "Actual Startup Time": 633.715, "Actual Total Time": 633.716, "Actual Rows": 1, "Actual Loops": 1, "Plans": [{"Node Type": "Nested Loop", "Parent Relationship": "Outer", "Join Type": "Inner", "Startup Cost": 0.0, "Total Cost": 74102.19, "Plan Rows": 1919, "Plan Width": 17, "Actual Startup Time": 633.706, "Actual Total Time": 633.706, "Actual Rows": 0, "Actual Loops": 1, "Inner Unique": true, "Plans": [{"Node Type": "Nested Loop", "Parent Relationship": "Outer", "Join Type": "Inner", "Startup Cost": 0.0, "Total Cost": 73564.77, "Plan Rows": 1919, "Plan Width": 21, "Actual Startup Time": 633.704, "Actual Total Time": 633.704, "Actual Rows": 0, "Actual Loops": 1, "Inner Unique": false, "Plans": [{"Node Type": "Nested Loop", "Parent Relationship": "Outer", "Join Type": "Inner", "Startup Cost": 0.0, "Total Cost": 71285.47, "Plan Rows": 1869, "Plan Width": 25, "Actual Startup Time": 633.703, "Actual Total Time": 633.703, "Actual Rows": 0, "Actual Loops": 1, "Inner Unique": true, "Plans": [{"Node Type": "Nested Loop", "Parent Relationship": "Outer", "Join Type": "Inner", "Startup Cost": 0.0, "Total Cost": 59668.05, "Plan Rows": 1540, "Plan Width": 4, "Actual Startup Time": 633.702, "Actual Total Time": 633.702, "Actual Rows": 0, "Actual Loops": 1, "Inner Unique": false, "Plans": [{"Node Type": "Index Scan", "Parent Relationship": "Outer", "Scan Direction": "Forward", "Index Name": "company_type_pkey", "Relation Name": "company_type", "Alias": "ct", "Startup Cost": 0.0, "Total Cost": 12.3, "Plan Rows": 1, "Plan Width": 4, "Actual Startup Time": 0.021, "Actual Total Time": 0.027, "Actual Rows": 1, "Actual Loops": 1, "Filter": "((kind)::text = 'production companies'::text)", "Rows Removed by Filter": 2}, {"Node Type": "Index Scan", "Parent Relationship": "Inner", "Scan Direction": "Forward", "Index Name": "company_type_id_movie_companies", "Relation Name": "movie_companies", "Alias": "mc", "Startup Cost": 0.0, "Total Cost": 59640.35, "Plan Rows": 1540, "Plan Width": 8, "Actual Startup Time": 633.668, "Actual Total Time": 633.668, "Actual Rows": 0, "Actual Loops": 1, "Index Cond": "(company_type_id = ct.id)", "Rows Removed by Index Recheck": 0, "Filter": "(((note)::text ~~ '%(theatrical)%'::text) AND ((note)::text ~~ '%(France)%'::text))", "Rows Removed by Filter": 1334883}]}, {"Node Type": "Index Scan", "Parent Relationship": "Inner", "Scan Direction": "Forward", "Index Name": "title_pkey", "Relation Name": "title", "Alias": "t", "Startup Cost": 0.0, "Total Cost": 7.53, "Plan Rows": 1, "Plan Width": 21, "Actual Startup Time": 0.0, "Actual Total Time": 0.0, "Index Cond": "(id = mc.movie_id)", "Rows Removed by Index Recheck": 0, "Filter": "(production_year > 2005)", "Rows Removed by Filter": 0}]}, {"Node Type": "Index Scan", "Parent Relationship": "Inner", "Scan Direction": "Forward", "Index Name": "movie_id_movie_info", "Relation Name": "movie_info", "Alias": "mi", "Startup Cost": 0.0, "Total Cost": 1.21, "Plan Rows": 1, "Plan Width": 8, "Actual Startup Time": 0.0, "Actual Total Time": 0.0, "Index Cond": "(movie_id = t.id)", "Rows Removed by Index Recheck": 0, "Filter": "((info)::text = ANY ('{Sweden,Norway,Germany,Denmark,Swedish,Denish,Norwegian,German}'::text[]))", "Rows Removed by Filter": 0}]}, {"Node Type": "Index Only Scan", "Parent Relationship": "Inner", "Scan Direction": "Forward", "Index Name": "info_type_pkey", "Relation Name": "info_type", "Alias": "it", "Startup Cost": 0.0, "Total Cost": 0.27, "Plan Rows": 1, "Plan Width": 4, "Actual Startup Time": 0.0, "Actual Total Time": 0.0, "Index Cond": "(id = mi.info_type_id)", "Rows Removed by Index Recheck": 0, "Heap Fetches": 0}]}]}, "Triggers": [], "Planner Runtime": 6.763, "Total Runtime": 633.955, "Unique SQL Id": 2510907716}}, "(1, '90')": {"explain_plan": {"Plan": {"Node Type": "Aggregate", "Strategy": "Plain", "Startup Cost": 686460.62, "Total Cost": 686460.63, "Plan Rows": 1, "Plan Width": 49, "Plans": [{"Node Type": "Merge Join", "Parent Relationship": "Outer", "Join Type": "Inner", "Startup Cost": 681364.98, "Total Cost": 686455.82, "Plan Rows": 1919, "Plan Width": 17, "Inner Unique": true, "Merge Cond": "(mi.movie_id = t.id)", "Plans": [{"Node Type": "Sort", "Parent Relationship": "Outer", "Startup Cost": 513874.56, "Total Cost": 513878.51, "Plan Rows": 1581, "Plan Width": 8, "Sort Key": ["mc.movie_id"], "Plans": [{"Node Type": "Merge Join", "Parent Relationship": "Outer", "Join Type": "Inner", "Startup Cost": 513766.72, "Total Cost": 513790.56, "Plan Rows": 1581, "Plan Width": 8, "Inner Unique": false, "Merge Cond": "(it.id = mi.info_type_id)", "Plans": [{"Node Type": "Sort", "Parent Relationship": "Outer", "Startup Cost": 5.93, "Total Cost": 6.21, "Plan Rows": 112, "Plan Width": 4, "Sort Key": ["it.id"], "Plans": [{"Node Type": "Seq Scan", "Parent Relationship": "Outer", "Relation Name": "info_type", "Alias": "it", "Startup Cost": 0.0, "Total Cost": 2.12, "Plan Rows": 112, "Plan Width": 4}]}, {"Node Type": "Sort", "Parent Relationship": "Inner", "Startup Cost": 513760.36, "Total Cost": 513764.31, "Plan Rows": 1581, "Plan Width": 12, "Sort Key": ["mi.info_type_id"], "Plans": [{"Node Type": "Merge Join", "Parent Relationship": "Outer", "Join Type": "Inner", "Startup Cost": 512945.76, "Total Cost": 513676.36, "Plan Rows": 1581, "Plan Width": 12, "Inner Unique": false, "Merge Cond": "(mc.movie_id = mi.movie_id)", "Plans": [{"Node Type": "Sort", "Parent Relationship": "Outer", "Startup Cost": 55154.84, "Total Cost": 55158.69, "Plan Rows": 1540, "Plan Width": 4, "Sort Key": ["mc.movie_id"], "Plans": [{"Node Type": "Merge Join", "Parent Relationship": "Outer", "Join Type": "Inner", "Startup Cost": 55050.04, "Total Cost": 55073.31, "Plan Rows": 1540, "Plan Width": 4, "Inner Unique": false, "Merge Cond": "(ct.id = mc.company_type_id)", "Plans": [{"Node Type": "Sort", "Parent Relationship": "Outer", "Startup Cost": 1.05, "Total Cost": 1.05, "Plan Rows": 1, "Plan Width": 4, "Sort Key": ["ct.id"], "Plans": [{"Node Type": "Seq Scan", "Parent Relationship": "Outer", "Relation Name": "company_type", "Alias": "ct", "Startup Cost": 0.0, "Total Cost": 1.04, "Plan Rows": 1, "Plan Width": 4, "Filter": "((kind)::text = 'production companies'::text)"}]}, {"Node Type": "Sort", "Parent Relationship": "Inner", "Startup Cost": 55041.45, "Total Cost": 55049.15, "Plan Rows": 3081, "Plan Width": 8, "Sort Key": ["mc.company_type_id"], "Plans": [{"Node Type": "Seq Scan", "Parent Relationship": "Outer", "Relation Name": "movie_companies", "Alias": "mc", "Startup Cost": 0.0, "Total Cost": 54862.92, "Plan Rows": 3081, "Plan Width": 8, "Filter": "(((note)::text ~~ '%(theatrical)%'::text) AND ((note)::text ~~ '%(France)%'::text))"}]}]}]}, {"Node Type": "Sort", "Parent Relationship": "Inner", "Startup Cost": 457790.92, "Total Cost": 458144.61, "Plan Rows": 141478, "Plan Width": 8, "Sort Key": ["mi.movie_id"], "Plans": [{"Node Type": "Seq Scan", "Parent Relationship": "Outer", "Relation Name": "movie_info", "Alias": "mi", "Startup Cost": 0.0, "Total Cost": 445687.32, "Plan Rows": 141478, "Plan Width": 8, "Filter": "((info)::text = ANY ('{Sweden,Norway,Germany,Denmark,Swedish,Denish,Norwegian,German}'::text[]))"}]}]}]}]}]}, {"Node Type": "Sort", "Parent Relationship": "Inner", "Startup Cost": 167490.29, "Total Cost": 170024.02, "Plan Rows": 1013492, "Plan Width": 21, "Sort Key": ["t.id"], "Plans": [{"Node Type": "Seq Scan", "Parent Relationship": "Outer", "Relation Name": "title", "Alias": "t", "Startup Cost": 0.0, "Total Cost": 66389.89, "Plan Rows": 1013492, "Plan Width": 21, "Filter": "(production_year > 2005), (LLVM Optimized)"}]}]}]}, "Unique SQL Id": 2510907716, "Planner Runtime": 6}, "explain_analyze_plan": {"Plan": {"Node Type": "Aggregate", "Strategy": "Plain", "Startup Cost": 686460.62, "Total Cost": 686460.63, "Plan Rows": 1, "Plan Width": 49, "Actual Startup Time": 1055.767, "Actual Total Time": 1055.768, "Actual Rows": 1, "Actual Loops": 1, "Plans": [{"Node Type": "Merge Join", "Parent Relationship": "Outer", "Join Type": "Inner", "Startup Cost": 681364.98, "Total Cost": 686455.82, "Plan Rows": 1919, "Plan Width": 17, "Actual Startup Time": 1055.757, "Actual Total Time": 1055.757, "Actual Rows": 0, "Actual Loops": 1, "Inner Unique": true, "Merge Cond": "(mi.movie_id = t.id)", "Plans": [{"Node Type": "Sort", "Parent Relationship": "Outer", "Startup Cost": 513874.56, "Total Cost": 513878.51, "Plan Rows": 1581, "Plan Width": 8, "Actual Startup Time": 1055.751, "Actual Total Time": 1055.751, "Actual Rows": 0, "Actual Loops": 1, "Sort Key": ["mc.movie_id"], "Sort Method": "quicksort", "Sort Space Used": 25, "Sort Space Type": "Memory", "Plans": [{"Node Type": "Merge Join", "Parent Relationship": "Outer", "Join Type": "Inner", "Startup Cost": 513766.72, "Total Cost": 513790.56, "Plan Rows": 1581, "Plan Width": 8, "Actual Startup Time": 1055.74, "Actual Total Time": 1055.74, "Actual Rows": 0, "Actual Loops": 1, "Inner Unique": false, "Merge Cond": "(it.id = mi.info_type_id)", "Plans": [{"Node Type": "Sort", "Parent Relationship": "Outer", "Startup Cost": 5.93, "Total Cost": 6.21, "Plan Rows": 112, "Plan Width": 4, "Actual Startup Time": 0.085, "Actual Total Time": 0.085, "Actual Rows": 1, "Actual Loops": 1, "Sort Key": ["it.id"], "Sort Method": "quicksort", "Sort Space Used": 32, "Sort Space Type": "Memory", "Plans": [{"Node Type": "Seq Scan", "Parent Relationship": "Outer", "Relation Name": "info_type", "Alias": "it", "Startup Cost": 0.0, "Total Cost": 2.12, "Plan Rows": 112, "Plan Width": 4, "Actual Startup Time": 0.027, "Actual Total Time": 0.046, "Actual Rows": 112, "Actual Loops": 1}]}, {"Node Type": "Sort", "Parent Relationship": "Inner", "Startup Cost": 513760.36, "Total Cost": 513764.31, "Plan Rows": 1581, "Plan Width": 12, "Actual Startup Time": 1055.648, "Actual Total Time": 1055.648, "Actual Rows": 0, "Actual Loops": 1, "Sort Key": ["mi.info_type_id"], "Sort Method": "quicksort", "Sort Space Used": 25, "Sort Space Type": "Memory", "Plans": [{"Node Type": "Merge Join", "Parent Relationship": "Outer", "Join Type": "Inner", "Startup Cost": 512945.76, "Total Cost": 513676.36, "Plan Rows": 1581, "Plan Width": 12, "Actual Startup Time": 1055.644, "Actual Total Time": 1055.644, "Actual Rows": 0, "Actual Loops": 1, "Inner Unique": false, "Merge Cond": "(mc.movie_id = mi.movie_id)", "Plans": [{"Node Type": "Sort", "Parent Relationship": "Outer", "Startup Cost": 55154.84, "Total Cost": 55158.69, "Plan Rows": 1540, "Plan Width": 4, "Actual Startup Time": 1055.628, "Actual Total Time": 1055.628, "Actual Rows": 0, "Actual Loops": 1, "Sort Key": ["mc.movie_id"], "Sort Method": "quicksort", "Sort Space Used": 25, "Sort Space Type": "Memory", "Plans": [{"Node Type": "Merge Join", "Parent Relationship": "Outer", "Join Type": "Inner", "Startup Cost": 55050.04, "Total Cost": 55073.31, "Plan Rows": 1540, "Plan Width": 4, "Actual Startup Time": 1055.624, "Actual Total Time": 1055.624, "Actual Rows": 0, "Actual Loops": 1, "Inner Unique": false, "Merge Cond": "(ct.id = mc.company_type_id)", "Plans": [{"Node Type": "Sort", "Parent Relationship": "Outer", "Startup Cost": 1.05, "Total Cost": 1.05, "Plan Rows": 1, "Plan Width": 4, "Actual Startup Time": 0.025, "Actual Total Time": 0.025, "Actual Rows": 1, "Actual Loops": 1, "Sort Key": ["ct.id"], "Sort Method": "quicksort", "Sort Space Used": 25, "Sort Space Type": "Memory", "Plans": [{"Node Type": "Seq Scan", "Parent Relationship": "Outer", "Relation Name": "company_type", "Alias": "ct", "Startup Cost": 0.0, "Total Cost": 1.04, "Plan Rows": 1, "Plan Width": 4, "Actual Startup Time": 0.012, "Actual Total Time": 0.014, "Actual Rows": 1, "Actual Loops": 1, "Filter": "((kind)::text = 'production companies'::text)", "Rows Removed by Filter": 2}]}, {"Node Type": "Sort", "Parent Relationship": "Inner", "Startup Cost": 55041.45, "Total Cost": 55049.15, "Plan Rows": 3081, "Plan Width": 8, "Actual Startup Time": 1049.375, "Actual Total Time": 1052.182, "Actual Rows": 24025, "Actual Loops": 1, "Sort Key": ["mc.company_type_id"], "Sort Method": "quicksort", "Sort Space Used": 2270, "Sort Space Type": "Memory", "Plans": [{"Node Type": "Seq Scan", "Parent Relationship": "Outer", "Relation Name": "movie_companies", "Alias": "mc", "Startup Cost": 0.0, "Total Cost": 54862.92, "Plan Rows": 3081, "Plan Width": 8, "Actual Startup Time": 8.865, "Actual Total Time": 1042.676, "Actual Rows": 24025, "Actual Loops": 1, "Filter": "(((note)::text ~~ '%(theatrical)%'::text) AND ((note)::text ~~ '%(France)%'::text))", "Rows Removed by Filter": 2585103}]}]}]}, {"Node Type": "Sort", "Parent Relationship": "Inner", "Startup Cost": 457790.92, "Total Cost": 458144.61, "Plan Rows": 141478, "Plan Width": 8, "Actual Startup Time": 0.0, "Actual Total Time": 0.0, "Sort Key": ["mi.movie_id"], "Plans": [{"Node Type": "Seq Scan", "Parent Relationship": "Outer", "Relation Name": "movie_info", "Alias": "mi", "Startup Cost": 0.0, "Total Cost": 445687.32, "Plan Rows": 141478, "Plan Width": 8, "Actual Startup Time": 0.0, "Actual Total Time": 0.0, "Filter": "((info)::text = ANY ('{Sweden,Norway,Germany,Denmark,Swedish,Denish,Norwegian,German}'::text[]))", "Rows Removed by Filter": 0}]}]}]}]}]}, {"Node Type": "Sort", "Parent Relationship": "Inner", "Startup Cost": 167490.29, "Total Cost": 170024.02, "Plan Rows": 1013492, "Plan Width": 21, "Actual Startup Time": 0.0, "Actual Total Time": 0.0, "Sort Key": ["t.id"], "Plans": [{"Node Type": "Seq Scan", "Parent Relationship": "Outer", "Relation Name": "title", "Alias": "t", "Startup Cost": 0.0, "Total Cost": 66389.89, "Plan Rows": 1013492, "Plan Width": 21, "Actual Startup Time": 0.0, "Actual Total Time": 0.0, "Filter": "(production_year > 2005), (LLVM Optimized, Jit Execute)", "Rows Removed by Filter": 0}]}]}]}, "Triggers": [], "Planner Runtime": 6.495, "Total Runtime": 1064.361, "Unique SQL Id": 2510907716}}, "(1, '91')": {"explain_plan": {"Plan": {"Node Type": "Aggregate", "Strategy": "Plain", "Startup Cost": 4979930020624.66, "Total Cost": 4979930020624.67, "Plan Rows": 1, "Plan Width": 49, "Plans": [{"Node Type": "Merge Join", "Parent Relationship": "Outer", "Join Type": "Inner", "Startup Cost": 3989930019351.01, "Total Cost": 4979930020619.86, "Plan Rows": 1919, "Plan Width": 17, "Inner Unique": true, "Merge Cond": "(mc.company_type_id = ct.id)", "Plans": [{"Node Type": "Sort", "Parent Relationship": "Outer", "Startup Cost": 3979930019341.61, "Total Cost": 3979930019351.21, "Plan Rows": 3839, "Plan Width": 21, "Sort Key": ["mc.company_type_id"], "Plans": [{"Node Type": "Merge Join", "Parent Relationship": "Outer", "Join Type": "Inner", "Startup Cost": 2002461487647.64, "Total Cost": 3979930019113.07, "Plan Rows": 3839, "Plan Width": 21, "Inner Unique": false, "Merge Cond": "(mi.movie_id = t.id)", "Plans": [{"Node Type": "Sort", "Parent Relationship": "Outer", "Startup Cost": 1982439997338.66, "Total Cost": 1982439997692.36, "Plan Rows": 141478, "Plan Width": 4, "Sort Key": ["mi.movie_id"], "Plans": [{"Node Type": "Merge Join", "Parent Relationship": "Outer", "Join Type": "Inner", "Startup Cost": 73894619562.47, "Total Cost": 1982439985235.06, "Plan Rows": 141478, "Plan Width": 4, "Inner Unique": false, "Merge Cond": "(it.id = mi.info_type_id)", "Plans": [{"Node Type": "Index Only Scan", "Parent Relationship": "Outer", "Scan Direction": "Forward", "Index Name": "info_type_pkey", "Relation Name": "info_type", "Alias": "it", "Startup Cost": 10000000000.0, "Total Cost": 1000000000993.0, "Plan Rows": 112, "Plan Width": 4}, {"Node Type": "Index Scan", "Parent Relationship": "Inner", "Scan Direction": "Forward", "Index Name": "info_type_id_movie_info", "Relation Name": "movie_info", "Alias": "mi", "Startup Cost": 10000000000.0, "Total Cost": 1000118553919.62, "Plan Rows": 141478, "Plan Width": 8, "Filter": "((info)::text = ANY ('{Sweden,Norway,Germany,Denmark,Swedish,Denish,Norwegian,German}'::text[]))"}]}]}, {"Node Type": "Materialize", "Parent Relationship": "Inner", "Startup Cost": 20021490308.98, "Total Cost": 1999077499133.27, "Plan Rows": 3740, "Plan Width": 29, "Plans": [{"Node Type": "Merge Join", "Parent Relationship": "Outer", "Join Type": "Inner", "Startup Cost": 20021490308.98, "Total Cost": 1999077499123.92, "Plan Rows": 3740, "Plan Width": 29, "Inner Unique": true, "Merge Cond": "(mc.movie_id = t.id)", "Plans": [{"Node Type": "Index Scan", "Parent Relationship": "Outer", "Scan Direction": "Forward", "Index Name": "movie_id_movie_companies", "Relation Name": "movie_companies", "Alias": "mc", "Startup Cost": 10000000000.0, "Total Cost": 1000014356510.13, "Plan Rows": 3081, "Plan Width": 8, "Filter": "(((note)::text ~~ '%(theatrical)%'::text) AND ((note)::text ~~ '%(France)%'::text))"}, {"Node Type": "Index Scan", "Parent Relationship": "Inner", "Scan Direction": "Forward", "Index Name": "title_pkey", "Relation Name": "title", "Alias": "t", "Startup Cost": 10000000000.0, "Total Cost": 1000011644126.66, "Plan Rows": 1013492, "Plan Width": 21, "Filter": "(production_year > 2005), (LLVM Optimized)"}]}]}]}]}, {"Node Type": "Materialize", "Parent Relationship": "Inner", "Startup Cost": 10000000000.0, "Total Cost": 1000000001230.25, "Plan Rows": 1, "Plan Width": 4, "Plans": [{"Node Type": "Index Scan", "Parent Relationship": "Outer", "Scan Direction": "Forward", "Index Name": "company_type_pkey", "Relation Name": "company_type", "Alias": "ct", "Startup Cost": 10000000000.0, "Total Cost": 1000000001230.25, "Plan Rows": 1, "Plan Width": 4, "Filter": "((kind)::text = 'production companies'::text)"}]}]}]}, "Unique SQL Id": 2510907716, "Planner Runtime": 11}, "explain_analyze_plan": null}, "(1, '92')": {"explain_plan": {"Plan": {"Node Type": "Aggregate", "Strategy": "Plain", "Startup Cost": 70184.3, "Total Cost": 70184.31, "Plan Rows": 1, "Plan Width": 49, "Plans": [{"Node Type": "Nested Loop", "Parent Relationship": "Outer", "Join Type": "Inner", "Startup Cost": 0.0, "Total Cost": 70179.5, "Plan Rows": 1919, "Plan Width": 17, "Inner Unique": true, "Plans": [{"Node Type": "Nested Loop", "Parent Relationship": "Outer", "Join Type": "Inner", "Startup Cost": 0.0, "Total Cost": 69642.02, "Plan Rows": 1919, "Plan Width": 21, "Inner Unique": false, "Plans": [{"Node Type": "Nested Loop", "Parent Relationship": "Outer", "Join Type": "Inner", "Startup Cost": 0.0, "Total Cost": 67362.72, "Plan Rows": 1869, "Plan Width": 25, "Inner Unique": true, "Plans": [{"Node Type": "Nested Loop", "Parent Relationship": "Outer", "Join Type": "Inner", "Startup Cost": 0.0, "Total Cost": 55745.3, "Plan Rows": 1540, "Plan Width": 4, "Inner Unique": true, "Plans": [{"Node Type": "Seq Scan", "Parent Relationship": "Outer", "Relation Name": "movie_companies", "Alias": "mc", "Startup Cost": 0.0, "Total Cost": 54862.92, "Plan Rows": 3081, "Plan Width": 8, "Filter": "(((note)::text ~~ '%(theatrical)%'::text) AND ((note)::text ~~ '%(France)%'::text))"}, {"Node Type": "Index Scan", "Parent Relationship": "Inner", "Scan Direction": "Forward", "Index Name": "company_type_pkey", "Relation Name": "company_type", "Alias": "ct", "Startup Cost": 0.0, "Total Cost": 0.28, "Plan Rows": 1, "Plan Width": 4, "Index Cond": "(id = mc.company_type_id)", "Filter": "((kind)::text = 'production companies'::text)"}]}, {"Node Type": "Index Scan", "Parent Relationship": "Inner", "Scan Direction": "Forward", "Index Name": "title_pkey", "Relation Name": "title", "Alias": "t", "Startup Cost": 0.0, "Total Cost": 7.53, "Plan Rows": 1, "Plan Width": 21, "Index Cond": "(id = mc.movie_id)", "Filter": "(production_year > 2005)"}]}, {"Node Type": "Index Scan", "Parent Relationship": "Inner", "Scan Direction": "Forward", "Index Name": "movie_id_movie_info", "Relation Name": "movie_info", "Alias": "mi", "Startup Cost": 0.0, "Total Cost": 1.21, "Plan Rows": 1, "Plan Width": 8, "Index Cond": "(movie_id = t.id)", "Filter": "((info)::text = ANY ('{Sweden,Norway,Germany,Denmark,Swedish,Denish,Norwegian,German}'::text[]))"}]}, {"Node Type": "Index Scan", "Parent Relationship": "Inner", "Scan Direction": "Forward", "Index Name": "info_type_pkey", "Relation Name": "info_type", "Alias": "it", "Startup Cost": 0.0, "Total Cost": 0.27, "Plan Rows": 1, "Plan Width": 4, "Index Cond": "(id = mi.info_type_id)"}]}]}, "Unique SQL Id": 2510907716, "Planner Runtime": 6}, "explain_analyze_plan": {"Plan": {"Node Type": "Aggregate", "Strategy": "Plain", "Startup Cost": 70184.3, "Total Cost": 70184.31, "Plan Rows": 1, "Plan Width": 49, "Actual Startup Time": 1098.371, "Actual Total Time": 1098.371, "Actual Rows": 1, "Actual Loops": 1, "Plans": [{"Node Type": "Nested Loop", "Parent Relationship": "Outer", "Join Type": "Inner", "Startup Cost": 0.0, "Total Cost": 70179.5, "Plan Rows": 1919, "Plan Width": 17, "Actual Startup Time": 1098.363, "Actual Total Time": 1098.363, "Actual Rows": 0, "Actual Loops": 1, "Inner Unique": true, "Plans": [{"Node Type": "Nested Loop", "Parent Relationship": "Outer", "Join Type": "Inner", "Startup Cost": 0.0, "Total Cost": 69642.02, "Plan Rows": 1919, "Plan Width": 21, "Actual Startup Time": 1098.362, "Actual Total Time": 1098.362, "Actual Rows": 0, "Actual Loops": 1, "Inner Unique": false, "Plans": [{"Node Type": "Nested Loop", "Parent Relationship": "Outer", "Join Type": "Inner", "Startup Cost": 0.0, "Total Cost": 67362.72, "Plan Rows": 1869, "Plan Width": 25, "Actual Startup Time": 1098.359, "Actual Total Time": 1098.359, "Actual Rows": 0, "Actual Loops": 1, "Inner Unique": true, "Plans": [{"Node Type": "Nested Loop", "Parent Relationship": "Outer", "Join Type": "Inner", "Startup Cost": 0.0, "Total Cost": 55745.3, "Plan Rows": 1540, "Plan Width": 4, "Actual Startup Time": 1098.357, "Actual Total Time": 1098.357, "Actual Rows": 0, "Actual Loops": 1, "Inner Unique": true, "Plans": [{"Node Type": "Seq Scan", "Parent Relationship": "Outer", "Relation Name": "movie_companies", "Alias": "mc", "Startup Cost": 0.0, "Total Cost": 54862.92, "Plan Rows": 3081, "Plan Width": 8, "Actual Startup Time": 8.938, "Actual Total Time": 1074.189, "Actual Rows": 24025, "Actual Loops": 1, "Filter": "(((note)::text ~~ '%(theatrical)%'::text) AND ((note)::text ~~ '%(France)%'::text))", "Rows Removed by Filter": 2585103}, {"Node Type": "Index Scan", "Parent Relationship": "Inner", "Scan Direction": "Forward", "Index Name": "company_type_pkey", "Relation Name": "company_type", "Alias": "ct", "Startup Cost": 0.0, "Total Cost": 0.28, "Plan Rows": 1, "Plan Width": 4, "Actual Startup Time": 13.296, "Actual Total Time": 13.296, "Actual Rows": 0, "Actual Loops": 24025, "Index Cond": "(id = mc.company_type_id)", "Rows Removed by Index Recheck": 0, "Filter": "((kind)::text = 'production companies'::text)", "Rows Removed by Filter": 0}]}, {"Node Type": "Index Scan", "Parent Relationship": "Inner", "Scan Direction": "Forward", "Index Name": "title_pkey", "Relation Name": "title", "Alias": "t", "Startup Cost": 0.0, "Total Cost": 7.53, "Plan Rows": 1, "Plan Width": 21, "Actual Startup Time": 0.0, "Actual Total Time": 0.0, "Index Cond": "(id = mc.movie_id)", "Rows Removed by Index Recheck": 0, "Filter": "(production_year > 2005)", "Rows Removed by Filter": 0}]}, {"Node Type": "Index Scan", "Parent Relationship": "Inner", "Scan Direction": "Forward", "Index Name": "movie_id_movie_info", "Relation Name": "movie_info", "Alias": "mi", "Startup Cost": 0.0, "Total Cost": 1.21, "Plan Rows": 1, "Plan Width": 8, "Actual Startup Time": 0.0, "Actual Total Time": 0.0, "Index Cond": "(movie_id = t.id)", "Rows Removed by Index Recheck": 0, "Filter": "((info)::text = ANY ('{Sweden,Norway,Germany,Denmark,Swedish,Denish,Norwegian,German}'::text[]))", "Rows Removed by Filter": 0}]}, {"Node Type": "Index Scan", "Parent Relationship": "Inner", "Scan Direction": "Forward", "Index Name": "info_type_pkey", "Relation Name": "info_type", "Alias": "it", "Startup Cost": 0.0, "Total Cost": 0.27, "Plan Rows": 1, "Plan Width": 4, "Actual Startup Time": 0.0, "Actual Total Time": 0.0, "Index Cond": "(id = mi.info_type_id)", "Rows Removed by Index Recheck": 0}]}]}, "Triggers": [], "Planner Runtime": 6.398, "Total Runtime": 1098.728, "Unique SQL Id": 2510907716}}, "(1, '93')": {"explain_plan": {"Plan": {"Node Type": "Aggregate", "Strategy": "Plain", "Startup Cost": 74107.05, "Total Cost": 74107.06, "Plan Rows": 1, "Plan Width": 49, "Plans": [{"Node Type": "Nested Loop", "Parent Relationship": "Outer", "Join Type": "Inner", "Startup Cost": 0.0, "Total Cost": 74102.25, "Plan Rows": 1919, "Plan Width": 17, "Inner Unique": true, "Plans": [{"Node Type": "Nested Loop", "Parent Relationship": "Outer", "Join Type": "Inner", "Startup Cost": 0.0, "Total Cost": 73564.77, "Plan Rows": 1919, "Plan Width": 21, "Inner Unique": false, "Plans": [{"Node Type": "Nested Loop", "Parent Relationship": "Outer", "Join Type": "Inner", "Startup Cost": 0.0, "Total Cost": 71285.47, "Plan Rows": 1869, "Plan Width": 25, "Inner Unique": true, "Plans": [{"Node Type": "Nested Loop", "Parent Relationship": "Outer", "Join Type": "Inner", "Startup Cost": 0.0, "Total Cost": 59668.05, "Plan Rows": 1540, "Plan Width": 4, "Inner Unique": false, "Plans": [{"Node Type": "Index Scan", "Parent Relationship": "Outer", "Scan Direction": "Forward", "Index Name": "company_type_pkey", "Relation Name": "company_type", "Alias": "ct", "Startup Cost": 0.0, "Total Cost": 12.3, "Plan Rows": 1, "Plan Width": 4, "Filter": "((kind)::text = 'production companies'::text)"}, {"Node Type": "Index Scan", "Parent Relationship": "Inner", "Scan Direction": "Forward", "Index Name": "company_type_id_movie_companies", "Relation Name": "movie_companies", "Alias": "mc", "Startup Cost": 0.0, "Total Cost": 59640.35, "Plan Rows": 1540, "Plan Width": 8, "Index Cond": "(company_type_id = ct.id)", "Filter": "(((note)::text ~~ '%(theatrical)%'::text) AND ((note)::text ~~ '%(France)%'::text))"}]}, {"Node Type": "Index Scan", "Parent Relationship": "Inner", "Scan Direction": "Forward", "Index Name": "title_pkey", "Relation Name": "title", "Alias": "t", "Startup Cost": 0.0, "Total Cost": 7.53, "Plan Rows": 1, "Plan Width": 21, "Index Cond": "(id = mc.movie_id)", "Filter": "(production_year > 2005)"}]}, {"Node Type": "Index Scan", "Parent Relationship": "Inner", "Scan Direction": "Forward", "Index Name": "movie_id_movie_info", "Relation Name": "movie_info", "Alias": "mi", "Startup Cost": 0.0, "Total Cost": 1.21, "Plan Rows": 1, "Plan Width": 8, "Index Cond": "(movie_id = t.id)", "Filter": "((info)::text = ANY ('{Sweden,Norway,Germany,Denmark,Swedish,Denish,Norwegian,German}'::text[]))"}]}, {"Node Type": "Index Scan", "Parent Relationship": "Inner", "Scan Direction": "Forward", "Index Name": "info_type_pkey", "Relation Name": "info_type", "Alias": "it", "Startup Cost": 0.0, "Total Cost": 0.27, "Plan Rows": 1, "Plan Width": 4, "Index Cond": "(id = mi.info_type_id)"}]}]}, "Unique SQL Id": 2510907716, "Planner Runtime": 6}, "explain_analyze_plan": {"Plan": {"Node Type": "Aggregate", "Strategy": "Plain", "Startup Cost": 74107.05, "Total Cost": 74107.06, "Plan Rows": 1, "Plan Width": 49, "Actual Startup Time": 752.93, "Actual Total Time": 752.931, "Actual Rows": 1, "Actual Loops": 1, "Plans": [{"Node Type": "Nested Loop", "Parent Relationship": "Outer", "Join Type": "Inner", "Startup Cost": 0.0, "Total Cost": 74102.25, "Plan Rows": 1919, "Plan Width": 17, "Actual Startup Time": 752.924, "Actual Total Time": 752.924, "Actual Rows": 0, "Actual Loops": 1, "Inner Unique": true, "Plans": [{"Node Type": "Nested Loop", "Parent Relationship": "Outer", "Join Type": "Inner", "Startup Cost": 0.0, "Total Cost": 73564.77, "Plan Rows": 1919, "Plan Width": 21, "Actual Startup Time": 752.922, "Actual Total Time": 752.922, "Actual Rows": 0, "Actual Loops": 1, "Inner Unique": false, "Plans": [{"Node Type": "Nested Loop", "Parent Relationship": "Outer", "Join Type": "Inner", "Startup Cost": 0.0, "Total Cost": 71285.47, "Plan Rows": 1869, "Plan Width": 25, "Actual Startup Time": 752.921, "Actual Total Time": 752.921, "Actual Rows": 0, "Actual Loops": 1, "Inner Unique": true, "Plans": [{"Node Type": "Nested Loop", "Parent Relationship": "Outer", "Join Type": "Inner", "Startup Cost": 0.0, "Total Cost": 59668.05, "Plan Rows": 1540, "Plan Width": 4, "Actual Startup Time": 752.919, "Actual Total Time": 752.919, "Actual Rows": 0, "Actual Loops": 1, "Inner Unique": false, "Plans": [{"Node Type": "Index Scan", "Parent Relationship": "Outer", "Scan Direction": "Forward", "Index Name": "company_type_pkey", "Relation Name": "company_type", "Alias": "ct", "Startup Cost": 0.0, "Total Cost": 12.3, "Plan Rows": 1, "Plan Width": 4, "Actual Startup Time": 0.015, "Actual Total Time": 0.026, "Actual Rows": 1, "Actual Loops": 1, "Filter": "((kind)::text = 'production companies'::text)", "Rows Removed by Filter": 2}, {"Node Type": "Index Scan", "Parent Relationship": "Inner", "Scan Direction": "Forward", "Index Name": "company_type_id_movie_companies", "Relation Name": "movie_companies", "Alias": "mc", "Startup Cost": 0.0, "Total Cost": 59640.35, "Plan Rows": 1540, "Plan Width": 8, "Actual Startup Time": 752.888, "Actual Total Time": 752.888, "Actual Rows": 0, "Actual Loops": 1, "Index Cond": "(company_type_id = ct.id)", "Rows Removed by Index Recheck": 0, "Filter": "(((note)::text ~~ '%(theatrical)%'::text) AND ((note)::text ~~ '%(France)%'::text))", "Rows Removed by Filter": 1334883}]}, {"Node Type": "Index Scan", "Parent Relationship": "Inner", "Scan Direction": "Forward", "Index Name": "title_pkey", "Relation Name": "title", "Alias": "t", "Startup Cost": 0.0, "Total Cost": 7.53, "Plan Rows": 1, "Plan Width": 21, "Actual Startup Time": 0.0, "Actual Total Time": 0.0, "Index Cond": "(id = mc.movie_id)", "Rows Removed by Index Recheck": 0, "Filter": "(production_year > 2005)", "Rows Removed by Filter": 0}]}, {"Node Type": "Index Scan", "Parent Relationship": "Inner", "Scan Direction": "Forward", "Index Name": "movie_id_movie_info", "Relation Name": "movie_info", "Alias": "mi", "Startup Cost": 0.0, "Total Cost": 1.21, "Plan Rows": 1, "Plan Width": 8, "Actual Startup Time": 0.0, "Actual Total Time": 0.0, "Index Cond": "(movie_id = t.id)", "Rows Removed by Index Recheck": 0, "Filter": "((info)::text = ANY ('{Sweden,Norway,Germany,Denmark,Swedish,Denish,Norwegian,German}'::text[]))", "Rows Removed by Filter": 0}]}, {"Node Type": "Index Scan", "Parent Relationship": "Inner", "Scan Direction": "Forward", "Index Name": "info_type_pkey", "Relation Name": "info_type", "Alias": "it", "Startup Cost": 0.0, "Total Cost": 0.27, "Plan Rows": 1, "Plan Width": 4, "Actual Startup Time": 0.0, "Actual Total Time": 0.0, "Index Cond": "(id = mi.info_type_id)", "Rows Removed by Index Recheck": 0}]}]}, "Triggers": [], "Planner Runtime": 6.967, "Total Runtime": 753.211, "Unique SQL Id": 2510907716}}, "(1, '94')": {"explain_plan": {"Plan": {"Node Type": "Aggregate", "Strategy": "Plain", "Startup Cost": 686460.62, "Total Cost": 686460.63, "Plan Rows": 1, "Plan Width": 49, "Plans": [{"Node Type": "Merge Join", "Parent Relationship": "Outer", "Join Type": "Inner", "Startup Cost": 681364.98, "Total Cost": 686455.82, "Plan Rows": 1919, "Plan Width": 17, "Inner Unique": true, "Merge Cond": "(mi.movie_id = t.id)", "Plans": [{"Node Type": "Sort", "Parent Relationship": "Outer", "Startup Cost": 513874.56, "Total Cost": 513878.51, "Plan Rows": 1581, "Plan Width": 8, "Sort Key": ["mc.movie_id"], "Plans": [{"Node Type": "Merge Join", "Parent Relationship": "Outer", "Join Type": "Inner", "Startup Cost": 513766.72, "Total Cost": 513790.56, "Plan Rows": 1581, "Plan Width": 8, "Inner Unique": false, "Merge Cond": "(it.id = mi.info_type_id)", "Plans": [{"Node Type": "Sort", "Parent Relationship": "Outer", "Startup Cost": 5.93, "Total Cost": 6.21, "Plan Rows": 112, "Plan Width": 4, "Sort Key": ["it.id"], "Plans": [{"Node Type": "Seq Scan", "Parent Relationship": "Outer", "Relation Name": "info_type", "Alias": "it", "Startup Cost": 0.0, "Total Cost": 2.12, "Plan Rows": 112, "Plan Width": 4}]}, {"Node Type": "Sort", "Parent Relationship": "Inner", "Startup Cost": 513760.36, "Total Cost": 513764.31, "Plan Rows": 1581, "Plan Width": 12, "Sort Key": ["mi.info_type_id"], "Plans": [{"Node Type": "Merge Join", "Parent Relationship": "Outer", "Join Type": "Inner", "Startup Cost": 512945.76, "Total Cost": 513676.36, "Plan Rows": 1581, "Plan Width": 12, "Inner Unique": false, "Merge Cond": "(mc.movie_id = mi.movie_id)", "Plans": [{"Node Type": "Sort", "Parent Relationship": "Outer", "Startup Cost": 55154.84, "Total Cost": 55158.69, "Plan Rows": 1540, "Plan Width": 4, "Sort Key": ["mc.movie_id"], "Plans": [{"Node Type": "Merge Join", "Parent Relationship": "Outer", "Join Type": "Inner", "Startup Cost": 55050.04, "Total Cost": 55073.31, "Plan Rows": 1540, "Plan Width": 4, "Inner Unique": false, "Merge Cond": "(ct.id = mc.company_type_id)", "Plans": [{"Node Type": "Sort", "Parent Relationship": "Outer", "Startup Cost": 1.05, "Total Cost": 1.05, "Plan Rows": 1, "Plan Width": 4, "Sort Key": ["ct.id"], "Plans": [{"Node Type": "Seq Scan", "Parent Relationship": "Outer", "Relation Name": "company_type", "Alias": "ct", "Startup Cost": 0.0, "Total Cost": 1.04, "Plan Rows": 1, "Plan Width": 4, "Filter": "((kind)::text = 'production companies'::text)"}]}, {"Node Type": "Sort", "Parent Relationship": "Inner", "Startup Cost": 55041.45, "Total Cost": 55049.15, "Plan Rows": 3081, "Plan Width": 8, "Sort Key": ["mc.company_type_id"], "Plans": [{"Node Type": "Seq Scan", "Parent Relationship": "Outer", "Relation Name": "movie_companies", "Alias": "mc", "Startup Cost": 0.0, "Total Cost": 54862.92, "Plan Rows": 3081, "Plan Width": 8, "Filter": "(((note)::text ~~ '%(theatrical)%'::text) AND ((note)::text ~~ '%(France)%'::text))"}]}]}]}, {"Node Type": "Sort", "Parent Relationship": "Inner", "Startup Cost": 457790.92, "Total Cost": 458144.61, "Plan Rows": 141478, "Plan Width": 8, "Sort Key": ["mi.movie_id"], "Plans": [{"Node Type": "Seq Scan", "Parent Relationship": "Outer", "Relation Name": "movie_info", "Alias": "mi", "Startup Cost": 0.0, "Total Cost": 445687.32, "Plan Rows": 141478, "Plan Width": 8, "Filter": "((info)::text = ANY ('{Sweden,Norway,Germany,Denmark,Swedish,Denish,Norwegian,German}'::text[]))"}]}]}]}]}]}, {"Node Type": "Sort", "Parent Relationship": "Inner", "Startup Cost": 167490.29, "Total Cost": 170024.02, "Plan Rows": 1013492, "Plan Width": 21, "Sort Key": ["t.id"], "Plans": [{"Node Type": "Seq Scan", "Parent Relationship": "Outer", "Relation Name": "title", "Alias": "t", "Startup Cost": 0.0, "Total Cost": 66389.89, "Plan Rows": 1013492, "Plan Width": 21, "Filter": "(production_year > 2005), (LLVM Optimized)"}]}]}]}, "Unique SQL Id": 2510907716, "Planner Runtime": 6}, "explain_analyze_plan": {"Plan": {"Node Type": "Aggregate", "Strategy": "Plain", "Startup Cost": 686460.62, "Total Cost": 686460.63, "Plan Rows": 1, "Plan Width": 49, "Actual Startup Time": 1055.767, "Actual Total Time": 1055.768, "Actual Rows": 1, "Actual Loops": 1, "Plans": [{"Node Type": "Merge Join", "Parent Relationship": "Outer", "Join Type": "Inner", "Startup Cost": 681364.98, "Total Cost": 686455.82, "Plan Rows": 1919, "Plan Width": 17, "Actual Startup Time": 1055.757, "Actual Total Time": 1055.757, "Actual Rows": 0, "Actual Loops": 1, "Inner Unique": true, "Merge Cond": "(mi.movie_id = t.id)", "Plans": [{"Node Type": "Sort", "Parent Relationship": "Outer", "Startup Cost": 513874.56, "Total Cost": 513878.51, "Plan Rows": 1581, "Plan Width": 8, "Actual Startup Time": 1055.751, "Actual Total Time": 1055.751, "Actual Rows": 0, "Actual Loops": 1, "Sort Key": ["mc.movie_id"], "Sort Method": "quicksort", "Sort Space Used": 25, "Sort Space Type": "Memory", "Plans": [{"Node Type": "Merge Join", "Parent Relationship": "Outer", "Join Type": "Inner", "Startup Cost": 513766.72, "Total Cost": 513790.56, "Plan Rows": 1581, "Plan Width": 8, "Actual Startup Time": 1055.74, "Actual Total Time": 1055.74, "Actual Rows": 0, "Actual Loops": 1, "Inner Unique": false, "Merge Cond": "(it.id = mi.info_type_id)", "Plans": [{"Node Type": "Sort", "Parent Relationship": "Outer", "Startup Cost": 5.93, "Total Cost": 6.21, "Plan Rows": 112, "Plan Width": 4, "Actual Startup Time": 0.085, "Actual Total Time": 0.085, "Actual Rows": 1, "Actual Loops": 1, "Sort Key": ["it.id"], "Sort Method": "quicksort", "Sort Space Used": 32, "Sort Space Type": "Memory", "Plans": [{"Node Type": "Seq Scan", "Parent Relationship": "Outer", "Relation Name": "info_type", "Alias": "it", "Startup Cost": 0.0, "Total Cost": 2.12, "Plan Rows": 112, "Plan Width": 4, "Actual Startup Time": 0.027, "Actual Total Time": 0.046, "Actual Rows": 112, "Actual Loops": 1}]}, {"Node Type": "Sort", "Parent Relationship": "Inner", "Startup Cost": 513760.36, "Total Cost": 513764.31, "Plan Rows": 1581, "Plan Width": 12, "Actual Startup Time": 1055.648, "Actual Total Time": 1055.648, "Actual Rows": 0, "Actual Loops": 1, "Sort Key": ["mi.info_type_id"], "Sort Method": "quicksort", "Sort Space Used": 25, "Sort Space Type": "Memory", "Plans": [{"Node Type": "Merge Join", "Parent Relationship": "Outer", "Join Type": "Inner", "Startup Cost": 512945.76, "Total Cost": 513676.36, "Plan Rows": 1581, "Plan Width": 12, "Actual Startup Time": 1055.644, "Actual Total Time": 1055.644, "Actual Rows": 0, "Actual Loops": 1, "Inner Unique": false, "Merge Cond": "(mc.movie_id = mi.movie_id)", "Plans": [{"Node Type": "Sort", "Parent Relationship": "Outer", "Startup Cost": 55154.84, "Total Cost": 55158.69, "Plan Rows": 1540, "Plan Width": 4, "Actual Startup Time": 1055.628, "Actual Total Time": 1055.628, "Actual Rows": 0, "Actual Loops": 1, "Sort Key": ["mc.movie_id"], "Sort Method": "quicksort", "Sort Space Used": 25, "Sort Space Type": "Memory", "Plans": [{"Node Type": "Merge Join", "Parent Relationship": "Outer", "Join Type": "Inner", "Startup Cost": 55050.04, "Total Cost": 55073.31, "Plan Rows": 1540, "Plan Width": 4, "Actual Startup Time": 1055.624, "Actual Total Time": 1055.624, "Actual Rows": 0, "Actual Loops": 1, "Inner Unique": false, "Merge Cond": "(ct.id = mc.company_type_id)", "Plans": [{"Node Type": "Sort", "Parent Relationship": "Outer", "Startup Cost": 1.05, "Total Cost": 1.05, "Plan Rows": 1, "Plan Width": 4, "Actual Startup Time": 0.025, "Actual Total Time": 0.025, "Actual Rows": 1, "Actual Loops": 1, "Sort Key": ["ct.id"], "Sort Method": "quicksort", "Sort Space Used": 25, "Sort Space Type": "Memory", "Plans": [{"Node Type": "Seq Scan", "Parent Relationship": "Outer", "Relation Name": "company_type", "Alias": "ct", "Startup Cost": 0.0, "Total Cost": 1.04, "Plan Rows": 1, "Plan Width": 4, "Actual Startup Time": 0.012, "Actual Total Time": 0.014, "Actual Rows": 1, "Actual Loops": 1, "Filter": "((kind)::text = 'production companies'::text)", "Rows Removed by Filter": 2}]}, {"Node Type": "Sort", "Parent Relationship": "Inner", "Startup Cost": 55041.45, "Total Cost": 55049.15, "Plan Rows": 3081, "Plan Width": 8, "Actual Startup Time": 1049.375, "Actual Total Time": 1052.182, "Actual Rows": 24025, "Actual Loops": 1, "Sort Key": ["mc.company_type_id"], "Sort Method": "quicksort", "Sort Space Used": 2270, "Sort Space Type": "Memory", "Plans": [{"Node Type": "Seq Scan", "Parent Relationship": "Outer", "Relation Name": "movie_companies", "Alias": "mc", "Startup Cost": 0.0, "Total Cost": 54862.92, "Plan Rows": 3081, "Plan Width": 8, "Actual Startup Time": 8.865, "Actual Total Time": 1042.676, "Actual Rows": 24025, "Actual Loops": 1, "Filter": "(((note)::text ~~ '%(theatrical)%'::text) AND ((note)::text ~~ '%(France)%'::text))", "Rows Removed by Filter": 2585103}]}]}]}, {"Node Type": "Sort", "Parent Relationship": "Inner", "Startup Cost": 457790.92, "Total Cost": 458144.61, "Plan Rows": 141478, "Plan Width": 8, "Actual Startup Time": 0.0, "Actual Total Time": 0.0, "Sort Key": ["mi.movie_id"], "Plans": [{"Node Type": "Seq Scan", "Parent Relationship": "Outer", "Relation Name": "movie_info", "Alias": "mi", "Startup Cost": 0.0, "Total Cost": 445687.32, "Plan Rows": 141478, "Plan Width": 8, "Actual Startup Time": 0.0, "Actual Total Time": 0.0, "Filter": "((info)::text = ANY ('{Sweden,Norway,Germany,Denmark,Swedish,Denish,Norwegian,German}'::text[]))", "Rows Removed by Filter": 0}]}]}]}]}]}, {"Node Type": "Sort", "Parent Relationship": "Inner", "Startup Cost": 167490.29, "Total Cost": 170024.02, "Plan Rows": 1013492, "Plan Width": 21, "Actual Startup Time": 0.0, "Actual Total Time": 0.0, "Sort Key": ["t.id"], "Plans": [{"Node Type": "Seq Scan", "Parent Relationship": "Outer", "Relation Name": "title", "Alias": "t", "Startup Cost": 0.0, "Total Cost": 66389.89, "Plan Rows": 1013492, "Plan Width": 21, "Actual Startup Time": 0.0, "Actual Total Time": 0.0, "Filter": "(production_year > 2005), (LLVM Optimized, Jit Execute)", "Rows Removed by Filter": 0}]}]}]}, "Triggers": [], "Planner Runtime": 6.495, "Total Runtime": 1064.361, "Unique SQL Id": 2510907716}}, "(1, '95')": {"explain_plan": {"Plan": {"Node Type": "Aggregate", "Strategy": "Plain", "Startup Cost": 4979930021017.51, "Total Cost": 4979930021017.52, "Plan Rows": 1, "Plan Width": 49, "Plans": [{"Node Type": "Merge Join", "Parent Relationship": "Outer", "Join Type": "Inner", "Startup Cost": 3989930019743.87, "Total Cost": 4979930021012.72, "Plan Rows": 1919, "Plan Width": 17, "Inner Unique": true, "Merge Cond": "(mc.company_type_id = ct.id)", "Plans": [{"Node Type": "Sort", "Parent Relationship": "Outer", "Startup Cost": 3979930019734.47, "Total Cost": 3979930019744.07, "Plan Rows": 3839, "Plan Width": 21, "Sort Key": ["mc.company_type_id"], "Plans": [{"Node Type": "Merge Join", "Parent Relationship": "Outer", "Join Type": "Inner", "Startup Cost": 2002461488040.5, "Total Cost": 3979930019505.93, "Plan Rows": 3839, "Plan Width": 21, "Inner Unique": false, "Merge Cond": "(mi.movie_id = t.id)", "Plans": [{"Node Type": "Sort", "Parent Relationship": "Outer", "Startup Cost": 1982439997731.52, "Total Cost": 1982439998085.21, "Plan Rows": 141478, "Plan Width": 4, "Sort Key": ["mi.movie_id"], "Plans": [{"Node Type": "Merge Join", "Parent Relationship": "Outer", "Join Type": "Inner", "Startup Cost": 73894619562.47, "Total Cost": 1982439985627.92, "Plan Rows": 141478, "Plan Width": 4, "Inner Unique": false, "Merge Cond": "(it.id = mi.info_type_id)", "Plans": [{"Node Type": "Index Scan", "Parent Relationship": "Outer", "Scan Direction": "Forward", "Index Name": "info_type_pkey", "Relation Name": "info_type", "Alias": "it", "Startup Cost": 10000000000.0, "Total Cost": 1000000001393.0, "Plan Rows": 112, "Plan Width": 4}, {"Node Type": "Index Scan", "Parent Relationship": "Inner", "Scan Direction": "Forward", "Index Name": "info_type_id_movie_info", "Relation Name": "movie_info", "Alias": "mi", "Startup Cost": 10000000000.0, "Total Cost": 1000118553919.62, "Plan Rows": 141478, "Plan Width": 8, "Filter": "((info)::text = ANY ('{Sweden,Norway,Germany,Denmark,Swedish,Denish,Norwegian,German}'::text[]))"}]}]}, {"Node Type": "Materialize", "Parent Relationship": "Inner", "Startup Cost": 20021490308.98, "Total Cost": 1999077499133.27, "Plan Rows": 3740, "Plan Width": 29, "Plans": [{"Node Type": "Merge Join", "Parent Relationship": "Outer", "Join Type": "Inner", "Startup Cost": 20021490308.98, "Total Cost": 1999077499123.92, "Plan Rows": 3740, "Plan Width": 29, "Inner Unique": true, "Merge Cond": "(mc.movie_id = t.id)", "Plans": [{"Node Type": "Index Scan", "Parent Relationship": "Outer", "Scan Direction": "Forward", "Index Name": "movie_id_movie_companies", "Relation Name": "movie_companies", "Alias": "mc", "Startup Cost": 10000000000.0, "Total Cost": 1000014356510.13, "Plan Rows": 3081, "Plan Width": 8, "Filter": "(((note)::text ~~ '%(theatrical)%'::text) AND ((note)::text ~~ '%(France)%'::text))"}, {"Node Type": "Index Scan", "Parent Relationship": "Inner", "Scan Direction": "Forward", "Index Name": "title_pkey", "Relation Name": "title", "Alias": "t", "Startup Cost": 10000000000.0, "Total Cost": 1000011644126.66, "Plan Rows": 1013492, "Plan Width": 21, "Filter": "(production_year > 2005), (LLVM Optimized)"}]}]}]}]}, {"Node Type": "Materialize", "Parent Relationship": "Inner", "Startup Cost": 10000000000.0, "Total Cost": 1000000001230.25, "Plan Rows": 1, "Plan Width": 4, "Plans": [{"Node Type": "Index Scan", "Parent Relationship": "Outer", "Scan Direction": "Forward", "Index Name": "company_type_pkey", "Relation Name": "company_type", "Alias": "ct", "Startup Cost": 10000000000.0, "Total Cost": 1000000001230.25, "Plan Rows": 1, "Plan Width": 4, "Filter": "((kind)::text = 'production companies'::text)"}]}]}]}, "Unique SQL Id": 2510907716, "Planner Runtime": 11}, "explain_analyze_plan": null}, "(1, '96')": {"explain_plan": {"Plan": {"Node Type": "Aggregate", "Strategy": "Plain", "Startup Cost": 69326.03, "Total Cost": 69326.04, "Plan Rows": 1, "Plan Width": 49, "Plans": [{"Node Type": "Nested Loop", "Parent Relationship": "Outer", "Join Type": "Inner", "Startup Cost": 1.05, "Total Cost": 69321.23, "Plan Rows": 1919, "Plan Width": 17, "Inner Unique": true, "Plans": [{"Node Type": "Nested Loop", "Parent Relationship": "Outer", "Join Type": "Inner", "Startup Cost": 1.05, "Total Cost": 68783.8, "Plan Rows": 1919, "Plan Width": 21, "Inner Unique": false, "Plans": [{"Node Type": "Nested Loop", "Parent Relationship": "Outer", "Join Type": "Inner", "Startup Cost": 1.05, "Total Cost": 66504.51, "Plan Rows": 1869, "Plan Width": 25, "Inner Unique": true, "Plans": [{"Node Type": "Hash Join", "Parent Relationship": "Outer", "Join Type": "Inner", "Startup Cost": 1.05, "Total Cost": 54887.09, "Plan Rows": 1540, "Plan Width": 4, "Inner Unique": true, "Hash Cond": "(mc.company_type_id = ct.id)", "Plans": [{"Node Type": "Seq Scan", "Parent Relationship": "Outer", "Relation Name": "movie_companies", "Alias": "mc", "Startup Cost": 0.0, "Total Cost": 54862.92, "Plan Rows": 3081, "Plan Width": 8, "Filter": "(((note)::text ~~ '%(theatrical)%'::text) AND ((note)::text ~~ '%(France)%'::text))"}, {"Node Type": "Hash", "Parent Relationship": "Inner", "Startup Cost": 1.04, "Total Cost": 1.04, "Plan Rows": 1, "Plan Width": 4, "Plans": [{"Node Type": "Seq Scan", "Parent Relationship": "Outer", "Relation Name": "company_type", "Alias": "ct", "Startup Cost": 0.0, "Total Cost": 1.04, "Plan Rows": 1, "Plan Width": 4, "Filter": "((kind)::text = 'production companies'::text)"}]}]}, {"Node Type": "Index Scan", "Parent Relationship": "Inner", "Scan Direction": "Forward", "Index Name": "title_pkey", "Relation Name": "title", "Alias": "t", "Startup Cost": 0.0, "Total Cost": 7.53, "Plan Rows": 1, "Plan Width": 21, "Index Cond": "(id = mc.movie_id)", "Filter": "(production_year > 2005)"}]}, {"Node Type": "Index Scan", "Parent Relationship": "Inner", "Scan Direction": "Forward", "Index Name": "movie_id_movie_info", "Relation Name": "movie_info", "Alias": "mi", "Startup Cost": 0.0, "Total Cost": 1.21, "Plan Rows": 1, "Plan Width": 8, "Index Cond": "(movie_id = t.id)", "Filter": "((info)::text = ANY ('{Sweden,Norway,Germany,Denmark,Swedish,Denish,Norwegian,German}'::text[]))"}]}, {"Node Type": "Index Only Scan", "Parent Relationship": "Inner", "Scan Direction": "Forward", "Index Name": "info_type_pkey", "Relation Name": "info_type", "Alias": "it", "Startup Cost": 0.0, "Total Cost": 0.27, "Plan Rows": 1, "Plan Width": 4, "Index Cond": "(id = mi.info_type_id)"}]}]}, "Unique SQL Id": 2510907716, "Planner Runtime": 4}, "explain_analyze_plan": {"Plan": {"Node Type": "Aggregate", "Strategy": "Plain", "Startup Cost": 69326.03, "Total Cost": 69326.04, "Plan Rows": 1, "Plan Width": 49, "Actual Startup Time": 1037.545, "Actual Total Time": 1037.546, "Actual Rows": 1, "Actual Loops": 1, "Plans": [{"Node Type": "Nested Loop", "Parent Relationship": "Outer", "Join Type": "Inner", "Startup Cost": 1.05, "Total Cost": 69321.23, "Plan Rows": 1919, "Plan Width": 17, "Actual Startup Time": 1037.535, "Actual Total Time": 1037.535, "Actual Rows": 0, "Actual Loops": 1, "Inner Unique": true, "Plans": [{"Node Type": "Nested Loop", "Parent Relationship": "Outer", "Join Type": "Inner", "Startup Cost": 1.05, "Total Cost": 68783.8, "Plan Rows": 1919, "Plan Width": 21, "Actual Startup Time": 1037.533, "Actual Total Time": 1037.533, "Actual Rows": 0, "Actual Loops": 1, "Inner Unique": false, "Plans": [{"Node Type": "Nested Loop", "Parent Relationship": "Outer", "Join Type": "Inner", "Startup Cost": 1.05, "Total Cost": 66504.51, "Plan Rows": 1869, "Plan Width": 25, "Actual Startup Time": 1037.532, "Actual Total Time": 1037.532, "Actual Rows": 0, "Actual Loops": 1, "Inner Unique": true, "Plans": [{"Node Type": "Hash Join", "Parent Relationship": "Outer", "Join Type": "Inner", "Startup Cost": 1.05, "Total Cost": 54887.09, "Plan Rows": 1540, "Plan Width": 4, "Actual Startup Time": 1037.49, "Actual Total Time": 1037.49, "Actual Rows": 0, "Actual Loops": 1, "Inner Unique": true, "Hash Cond": "(mc.company_type_id = ct.id)", "Plans": [{"Node Type": "Seq Scan", "Parent Relationship": "Outer", "Relation Name": "movie_companies", "Alias": "mc", "Startup Cost": 0.0, "Total Cost": 54862.92, "Plan Rows": 3081, "Plan Width": 8, "Actual Startup Time": 8.801, "Actual Total Time": 1032.8, "Actual Rows": 24025, "Actual Loops": 1, "Filter": "(((note)::text ~~ '%(theatrical)%'::text) AND ((note)::text ~~ '%(France)%'::text))", "Rows Removed by Filter": 2585103}, {"Node Type": "Hash", "Parent Relationship": "Inner", "Startup Cost": 1.04, "Total Cost": 1.04, "Plan Rows": 1, "Plan Width": 4, "Actual Startup Time": 0.023, "Actual Total Time": 0.023, "Actual Rows": 1, "Actual Loops": 1, "Hash Buckets": 32768, "Hash Batches": 1, "Original Hash Batches": 1, "Peak Memory Usage": 1, "Plans": [{"Node Type": "Seq Scan", "Parent Relationship": "Outer", "Relation Name": "company_type", "Alias": "ct", "Startup Cost": 0.0, "Total Cost": 1.04, "Plan Rows": 1, "Plan Width": 4, "Actual Startup Time": 0.014, "Actual Total Time": 0.016, "Actual Rows": 1, "Actual Loops": 1, "Filter": "((kind)::text = 'production companies'::text)", "Rows Removed by Filter": 2}]}]}, {"Node Type": "Index Scan", "Parent Relationship": "Inner", "Scan Direction": "Forward", "Index Name": "title_pkey", "Relation Name": "title", "Alias": "t", "Startup Cost": 0.0, "Total Cost": 7.53, "Plan Rows": 1, "Plan Width": 21, "Actual Startup Time": 0.0, "Actual Total Time": 0.0, "Index Cond": "(id = mc.movie_id)", "Rows Removed by Index Recheck": 0, "Filter": "(production_year > 2005)", "Rows Removed by Filter": 0}]}, {"Node Type": "Index Scan", "Parent Relationship": "Inner", "Scan Direction": "Forward", "Index Name": "movie_id_movie_info", "Relation Name": "movie_info", "Alias": "mi", "Startup Cost": 0.0, "Total Cost": 1.21, "Plan Rows": 1, "Plan Width": 8, "Actual Startup Time": 0.0, "Actual Total Time": 0.0, "Index Cond": "(movie_id = t.id)", "Rows Removed by Index Recheck": 0, "Filter": "((info)::text = ANY ('{Sweden,Norway,Germany,Denmark,Swedish,Denish,Norwegian,German}'::text[]))", "Rows Removed by Filter": 0}]}, {"Node Type": "Index Only Scan", "Parent Relationship": "Inner", "Scan Direction": "Forward", "Index Name": "info_type_pkey", "Relation Name": "info_type", "Alias": "it", "Startup Cost": 0.0, "Total Cost": 0.27, "Plan Rows": 1, "Plan Width": 4, "Actual Startup Time": 0.0, "Actual Total Time": 0.0, "Index Cond": "(id = mi.info_type_id)", "Rows Removed by Index Recheck": 0, "Heap Fetches": 0}]}]}, "Triggers": [], "Planner Runtime": 7.43, "Total Runtime": 1037.794, "Unique SQL Id": 2510907716}}, "(1, '97')": {"explain_plan": {"Plan": {"Node Type": "Aggregate", "Strategy": "Plain", "Startup Cost": 74106.99, "Total Cost": 74107.0, "Plan Rows": 1, "Plan Width": 49, "Plans": [{"Node Type": "Nested Loop", "Parent Relationship": "Outer", "Join Type": "Inner", "Startup Cost": 0.0, "Total Cost": 74102.19, "Plan Rows": 1919, "Plan Width": 17, "Inner Unique": true, "Plans": [{"Node Type": "Nested Loop", "Parent Relationship": "Outer", "Join Type": "Inner", "Startup Cost": 0.0, "Total Cost": 73564.77, "Plan Rows": 1919, "Plan Width": 21, "Inner Unique": false, "Plans": [{"Node Type": "Nested Loop", "Parent Relationship": "Outer", "Join Type": "Inner", "Startup Cost": 0.0, "Total Cost": 71285.47, "Plan Rows": 1869, "Plan Width": 25, "Inner Unique": true, "Plans": [{"Node Type": "Nested Loop", "Parent Relationship": "Outer", "Join Type": "Inner", "Startup Cost": 0.0, "Total Cost": 59668.05, "Plan Rows": 1540, "Plan Width": 4, "Inner Unique": false, "Plans": [{"Node Type": "Index Scan", "Parent Relationship": "Outer", "Scan Direction": "Forward", "Index Name": "company_type_pkey", "Relation Name": "company_type", "Alias": "ct", "Startup Cost": 0.0, "Total Cost": 12.3, "Plan Rows": 1, "Plan Width": 4, "Filter": "((kind)::text = 'production companies'::text)"}, {"Node Type": "Index Scan", "Parent Relationship": "Inner", "Scan Direction": "Forward", "Index Name": "company_type_id_movie_companies", "Relation Name": "movie_companies", "Alias": "mc", "Startup Cost": 0.0, "Total Cost": 59640.35, "Plan Rows": 1540, "Plan Width": 8, "Index Cond": "(company_type_id = ct.id)", "Filter": "(((note)::text ~~ '%(theatrical)%'::text) AND ((note)::text ~~ '%(France)%'::text))"}]}, {"Node Type": "Index Scan", "Parent Relationship": "Inner", "Scan Direction": "Forward", "Index Name": "title_pkey", "Relation Name": "title", "Alias": "t", "Startup Cost": 0.0, "Total Cost": 7.53, "Plan Rows": 1, "Plan Width": 21, "Index Cond": "(id = mc.movie_id)", "Filter": "(production_year > 2005)"}]}, {"Node Type": "Index Scan", "Parent Relationship": "Inner", "Scan Direction": "Forward", "Index Name": "movie_id_movie_info", "Relation Name": "movie_info", "Alias": "mi", "Startup Cost": 0.0, "Total Cost": 1.21, "Plan Rows": 1, "Plan Width": 8, "Index Cond": "(movie_id = t.id)", "Filter": "((info)::text = ANY ('{Sweden,Norway,Germany,Denmark,Swedish,Denish,Norwegian,German}'::text[]))"}]}, {"Node Type": "Index Only Scan", "Parent Relationship": "Inner", "Scan Direction": "Forward", "Index Name": "info_type_pkey", "Relation Name": "info_type", "Alias": "it", "Startup Cost": 0.0, "Total Cost": 0.27, "Plan Rows": 1, "Plan Width": 4, "Index Cond": "(id = mi.info_type_id)"}]}]}, "Unique SQL Id": 2510907716, "Planner Runtime": 3}, "explain_analyze_plan": {"Plan": {"Node Type": "Aggregate", "Strategy": "Plain", "Startup Cost": 74106.99, "Total Cost": 74107.0, "Plan Rows": 1, "Plan Width": 49, "Actual Startup Time": 633.715, "Actual Total Time": 633.716, "Actual Rows": 1, "Actual Loops": 1, "Plans": [{"Node Type": "Nested Loop", "Parent Relationship": "Outer", "Join Type": "Inner", "Startup Cost": 0.0, "Total Cost": 74102.19, "Plan Rows": 1919, "Plan Width": 17, "Actual Startup Time": 633.706, "Actual Total Time": 633.706, "Actual Rows": 0, "Actual Loops": 1, "Inner Unique": true, "Plans": [{"Node Type": "Nested Loop", "Parent Relationship": "Outer", "Join Type": "Inner", "Startup Cost": 0.0, "Total Cost": 73564.77, "Plan Rows": 1919, "Plan Width": 21, "Actual Startup Time": 633.704, "Actual Total Time": 633.704, "Actual Rows": 0, "Actual Loops": 1, "Inner Unique": false, "Plans": [{"Node Type": "Nested Loop", "Parent Relationship": "Outer", "Join Type": "Inner", "Startup Cost": 0.0, "Total Cost": 71285.47, "Plan Rows": 1869, "Plan Width": 25, "Actual Startup Time": 633.703, "Actual Total Time": 633.703, "Actual Rows": 0, "Actual Loops": 1, "Inner Unique": true, "Plans": [{"Node Type": "Nested Loop", "Parent Relationship": "Outer", "Join Type": "Inner", "Startup Cost": 0.0, "Total Cost": 59668.05, "Plan Rows": 1540, "Plan Width": 4, "Actual Startup Time": 633.702, "Actual Total Time": 633.702, "Actual Rows": 0, "Actual Loops": 1, "Inner Unique": false, "Plans": [{"Node Type": "Index Scan", "Parent Relationship": "Outer", "Scan Direction": "Forward", "Index Name": "company_type_pkey", "Relation Name": "company_type", "Alias": "ct", "Startup Cost": 0.0, "Total Cost": 12.3, "Plan Rows": 1, "Plan Width": 4, "Actual Startup Time": 0.021, "Actual Total Time": 0.027, "Actual Rows": 1, "Actual Loops": 1, "Filter": "((kind)::text = 'production companies'::text)", "Rows Removed by Filter": 2}, {"Node Type": "Index Scan", "Parent Relationship": "Inner", "Scan Direction": "Forward", "Index Name": "company_type_id_movie_companies", "Relation Name": "movie_companies", "Alias": "mc", "Startup Cost": 0.0, "Total Cost": 59640.35, "Plan Rows": 1540, "Plan Width": 8, "Actual Startup Time": 633.668, "Actual Total Time": 633.668, "Actual Rows": 0, "Actual Loops": 1, "Index Cond": "(company_type_id = ct.id)", "Rows Removed by Index Recheck": 0, "Filter": "(((note)::text ~~ '%(theatrical)%'::text) AND ((note)::text ~~ '%(France)%'::text))", "Rows Removed by Filter": 1334883}]}, {"Node Type": "Index Scan", "Parent Relationship": "Inner", "Scan Direction": "Forward", "Index Name": "title_pkey", "Relation Name": "title", "Alias": "t", "Startup Cost": 0.0, "Total Cost": 7.53, "Plan Rows": 1, "Plan Width": 21, "Actual Startup Time": 0.0, "Actual Total Time": 0.0, "Index Cond": "(id = mc.movie_id)", "Rows Removed by Index Recheck": 0, "Filter": "(production_year > 2005)", "Rows Removed by Filter": 0}]}, {"Node Type": "Index Scan", "Parent Relationship": "Inner", "Scan Direction": "Forward", "Index Name": "movie_id_movie_info", "Relation Name": "movie_info", "Alias": "mi", "Startup Cost": 0.0, "Total Cost": 1.21, "Plan Rows": 1, "Plan Width": 8, "Actual Startup Time": 0.0, "Actual Total Time": 0.0, "Index Cond": "(movie_id = t.id)", "Rows Removed by Index Recheck": 0, "Filter": "((info)::text = ANY ('{Sweden,Norway,Germany,Denmark,Swedish,Denish,Norwegian,German}'::text[]))", "Rows Removed by Filter": 0}]}, {"Node Type": "Index Only Scan", "Parent Relationship": "Inner", "Scan Direction": "Forward", "Index Name": "info_type_pkey", "Relation Name": "info_type", "Alias": "it", "Startup Cost": 0.0, "Total Cost": 0.27, "Plan Rows": 1, "Plan Width": 4, "Actual Startup Time": 0.0, "Actual Total Time": 0.0, "Index Cond": "(id = mi.info_type_id)", "Rows Removed by Index Recheck": 0, "Heap Fetches": 0}]}]}, "Triggers": [], "Planner Runtime": 6.763, "Total Runtime": 633.955, "Unique SQL Id": 2510907716}}, "(1, '98')": {"explain_plan": {"Plan": {"Node Type": "Aggregate", "Strategy": "Plain", "Startup Cost": 75460.38, "Total Cost": 75460.39, "Plan Rows": 1, "Plan Width": 49, "Plans": [{"Node Type": "Hash Join", "Parent Relationship": "Outer", "Join Type": "Inner", "Startup Cost": 8.77, "Total Cost": 75455.58, "Plan Rows": 1919, "Plan Width": 17, "Inner Unique": true, "Hash Cond": "(mi.info_type_id = it.id)", "Plans": [{"Node Type": "Nested Loop", "Parent Relationship": "Outer", "Join Type": "Inner", "Startup Cost": 5.25, "Total Cost": 75426.73, "Plan Rows": 1919, "Plan Width": 21, "Inner Unique": false, "Plans": [{"Node Type": "Nested Loop", "Parent Relationship": "Outer", "Join Type": "Inner", "Startup Cost": 4.74, "Total Cost": 66764.81, "Plan Rows": 1869, "Plan Width": 25, "Inner Unique": true, "Plans": [{"Node Type": "Hash Join", "Parent Relationship": "Outer", "Join Type": "Inner", "Startup Cost": 1.05, "Total Cost": 54887.09, "Plan Rows": 1540, "Plan Width": 4, "Inner Unique": true, "Hash Cond": "(mc.company_type_id = ct.id)", "Plans": [{"Node Type": "Seq Scan", "Parent Relationship": "Outer", "Relation Name": "movie_companies", "Alias": "mc", "Startup Cost": 0.0, "Total Cost": 54862.92, "Plan Rows": 3081, "Plan Width": 8, "Filter": "(((note)::text ~~ '%(theatrical)%'::text) AND ((note)::text ~~ '%(France)%'::text))"}, {"Node Type": "Hash", "Parent Relationship": "Inner", "Startup Cost": 1.04, "Total Cost": 1.04, "Plan Rows": 1, "Plan Width": 4, "Plans": [{"Node Type": "Seq Scan", "Parent Relationship": "Outer", "Relation Name": "company_type", "Alias": "ct", "Startup Cost": 0.0, "Total Cost": 1.04, "Plan Rows": 1, "Plan Width": 4, "Filter": "((kind)::text = 'production companies'::text)"}]}]}, {"Node Type": "Bitmap Heap Scan", "Parent Relationship": "Inner", "Relation Name": "title", "Alias": "t", "Startup Cost": 3.69, "Total Cost": 7.7, "Plan Rows": 1, "Plan Width": 21, "Recheck Cond": "(id = mc.movie_id)", "Filter": "(production_year > 2005)", "Plans": [{"Node Type": "Bitmap Index Scan", "Parent Relationship": "Outer", "Index Name": "title_pkey", "Startup Cost": 0.0, "Total Cost": 3.69, "Plan Rows": 1, "Plan Width": 0, "Index Cond": "(id = mc.movie_id)"}]}]}, {"Node Type": "Bitmap Heap Scan", "Parent Relationship": "Inner", "Relation Name": "movie_info", "Alias": "mi", "Startup Cost": 0.51, "Total Cost": 4.62, "Plan Rows": 1, "Plan Width": 8, "Recheck Cond": "(movie_id = t.id)", "Filter": "((info)::text = ANY ('{Sweden,Norway,Germany,Denmark,Swedish,Denish,Norwegian,German}'::text[]))", "Plans": [{"Node Type": "Bitmap Index Scan", "Parent Relationship": "Outer", "Index Name": "movie_id_movie_info", "Startup Cost": 0.0, "Total Cost": 0.51, "Plan Rows": 5, "Plan Width": 0, "Index Cond": "(movie_id = t.id)"}]}]}, {"Node Type": "Hash", "Parent Relationship": "Inner", "Startup Cost": 2.12, "Total Cost": 2.12, "Plan Rows": 112, "Plan Width": 4, "Plans": [{"Node Type": "Seq Scan", "Parent Relationship": "Outer", "Relation Name": "info_type", "Alias": "it", "Startup Cost": 0.0, "Total Cost": 2.12, "Plan Rows": 112, "Plan Width": 4}]}]}]}, "Unique SQL Id": 2510907716, "Planner Runtime": 3}, "explain_analyze_plan": {"Plan": {"Node Type": "Aggregate", "Strategy": "Plain", "Startup Cost": 75460.38, "Total Cost": 75460.39, "Plan Rows": 1, "Plan Width": 49, "Actual Startup Time": 1032.561, "Actual Total Time": 1032.562, "Actual Rows": 1, "Actual Loops": 1, "Plans": [{"Node Type": "Hash Join", "Parent Relationship": "Outer", "Join Type": "Inner", "Startup Cost": 8.77, "Total Cost": 75455.58, "Plan Rows": 1919, "Plan Width": 17, "Actual Startup Time": 1032.551, "Actual Total Time": 1032.551, "Actual Rows": 0, "Actual Loops": 1, "Inner Unique": true, "Hash Cond": "(mi.info_type_id = it.id)", "Plans": [{"Node Type": "Nested Loop", "Parent Relationship": "Outer", "Join Type": "Inner", "Startup Cost": 5.25, "Total Cost": 75426.73, "Plan Rows": 1919, "Plan Width": 21, "Actual Startup Time": 1032.42, "Actual Total Time": 1032.42, "Actual Rows": 0, "Actual Loops": 1, "Inner Unique": false, "Plans": [{"Node Type": "Nested Loop", "Parent Relationship": "Outer", "Join Type": "Inner", "Startup Cost": 4.74, "Total Cost": 66764.81, "Plan Rows": 1869, "Plan Width": 25, "Actual Startup Time": 1032.418, "Actual Total Time": 1032.418, "Actual Rows": 0, "Actual Loops": 1, "Inner Unique": true, "Plans": [{"Node Type": "Hash Join", "Parent Relationship": "Outer", "Join Type": "Inner", "Startup Cost": 1.05, "Total Cost": 54887.09, "Plan Rows": 1540, "Plan Width": 4, "Actual Startup Time": 1032.371, "Actual Total Time": 1032.371, "Actual Rows": 0, "Actual Loops": 1, "Inner Unique": true, "Hash Cond": "(mc.company_type_id = ct.id)", "Plans": [{"Node Type": "Seq Scan", "Parent Relationship": "Outer", "Relation Name": "movie_companies", "Alias": "mc", "Startup Cost": 0.0, "Total Cost": 54862.92, "Plan Rows": 3081, "Plan Width": 8, "Actual Startup Time": 8.706, "Actual Total Time": 1027.604, "Actual Rows": 24025, "Actual Loops": 1, "Filter": "(((note)::text ~~ '%(theatrical)%'::text) AND ((note)::text ~~ '%(France)%'::text))", "Rows Removed by Filter": 2585103}, {"Node Type": "Hash", "Parent Relationship": "Inner", "Startup Cost": 1.04, "Total Cost": 1.04, "Plan Rows": 1, "Plan Width": 4, "Actual Startup Time": 0.02, "Actual Total Time": 0.02, "Actual Rows": 1, "Actual Loops": 1, "Hash Buckets": 32768, "Hash Batches": 1, "Original Hash Batches": 1, "Peak Memory Usage": 1, "Plans": [{"Node Type": "Seq Scan", "Parent Relationship": "Outer", "Relation Name": "company_type", "Alias": "ct", "Startup Cost": 0.0, "Total Cost": 1.04, "Plan Rows": 1, "Plan Width": 4, "Actual Startup Time": 0.014, "Actual Total Time": 0.015, "Actual Rows": 1, "Actual Loops": 1, "Filter": "((kind)::text = 'production companies'::text)", "Rows Removed by Filter": 2}]}]}, {"Node Type": "Bitmap Heap Scan", "Parent Relationship": "Inner", "Relation Name": "title", "Alias": "t", "Startup Cost": 3.69, "Total Cost": 7.7, "Plan Rows": 1, "Plan Width": 21, "Actual Startup Time": 0.0, "Actual Total Time": 0.0, "Recheck Cond": "(id = mc.movie_id)", "Rows Removed by Index Recheck": 0, "Filter": "(production_year > 2005)", "Rows Removed by Filter": 0, "Exact Heap Blocks": 0, "Lossy Heap Blocks": 0, "Plans": [{"Node Type": "Bitmap Index Scan", "Parent Relationship": "Outer", "Index Name": "title_pkey", "Startup Cost": 0.0, "Total Cost": 3.69, "Plan Rows": 1, "Plan Width": 0, "Actual Startup Time": 0.0, "Actual Total Time": 0.0, "Index Cond": "(id = mc.movie_id)"}]}]}, {"Node Type": "Bitmap Heap Scan", "Parent Relationship": "Inner", "Relation Name": "movie_info", "Alias": "mi", "Startup Cost": 0.51, "Total Cost": 4.62, "Plan Rows": 1, "Plan Width": 8, "Actual Startup Time": 0.0, "Actual Total Time": 0.0, "Recheck Cond": "(movie_id = t.id)", "Rows Removed by Index Recheck": 0, "Filter": "((info)::text = ANY ('{Sweden,Norway,Germany,Denmark,Swedish,Denish,Norwegian,German}'::text[]))", "Rows Removed by Filter": 0, "Exact Heap Blocks": 0, "Lossy Heap Blocks": 0, "Plans": [{"Node Type": "Bitmap Index Scan", "Parent Relationship": "Outer", "Index Name": "movie_id_movie_info", "Startup Cost": 0.0, "Total Cost": 0.51, "Plan Rows": 5, "Plan Width": 0, "Actual Startup Time": 0.0, "Actual Total Time": 0.0, "Index Cond": "(movie_id = t.id)"}]}]}, {"Node Type": "Hash", "Parent Relationship": "Inner", "Startup Cost": 2.12, "Total Cost": 2.12, "Plan Rows": 112, "Plan Width": 4, "Actual Startup Time": 0.09, "Actual Total Time": 0.09, "Actual Rows": 112, "Actual Loops": 1, "Hash Buckets": 32768, "Hash Batches": 1, "Original Hash Batches": 1, "Peak Memory Usage": 4, "Plans": [{"Node Type": "Seq Scan", "Parent Relationship": "Outer", "Relation Name": "info_type", "Alias": "it", "Startup Cost": 0.0, "Total Cost": 2.12, "Plan Rows": 112, "Plan Width": 4, "Actual Startup Time": 0.025, "Actual Total Time": 0.046, "Actual Rows": 112, "Actual Loops": 1}]}]}]}, "Triggers": [], "Planner Runtime": 7.186, "Total Runtime": 1032.827, "Unique SQL Id": 2510907716}}, "(1, '99')": {"explain_plan": {"Plan": {"Node Type": "Aggregate", "Strategy": "Plain", "Startup Cost": 1000010696765.6, "Total Cost": 1000010696765.61, "Plan Rows": 1, "Plan Width": 49, "Plans": [{"Node Type": "Nested Loop", "Parent Relationship": "Outer", "Join Type": "Inner", "Startup Cost": 10000000004.72, "Total Cost": 1000010696760.8, "Plan Rows": 1919, "Plan Width": 17, "Inner Unique": true, "Plans": [{"Node Type": "Nested Loop", "Parent Relationship": "Outer", "Join Type": "Inner", "Startup Cost": 10000000004.46, "Total Cost": 1000010680309.36, "Plan Rows": 3839, "Plan Width": 21, "Inner Unique": true, "Plans": [{"Node Type": "Nested Loop", "Parent Relationship": "Outer", "Join Type": "Inner", "Startup Cost": 10000000004.2, "Total Cost": 1000010663877.26, "Plan Rows": 3839, "Plan Width": 25, "Inner Unique": false, "Plans": [{"Node Type": "Nested Loop", "Parent Relationship": "Outer", "Join Type": "Inner", "Startup Cost": 10000000003.69, "Total Cost": 1000010646544.15, "Plan Rows": 3740, "Plan Width": 29, "Inner Unique": true, "Plans": [{"Node Type": "Index Scan", "Parent Relationship": "Outer", "Scan Direction": "Forward", "Index Name": "company_type_id_movie_companies", "Relation Name": "movie_companies", "Alias": "mc", "Startup Cost": 10000000000.0, "Total Cost": 1000010622781.0, "Plan Rows": 3081, "Plan Width": 8, "Filter": "(((note)::text ~~ '%(theatrical)%'::text) AND ((note)::text ~~ '%(France)%'::text))"}, {"Node Type": "Bitmap Heap Scan", "Parent Relationship": "Inner", "Relation Name": "title", "Alias": "t", "Startup Cost": 3.69, "Total Cost": 7.7, "Plan Rows": 1, "Plan Width": 21, "Recheck Cond": "(id = mc.movie_id)", "Filter": "(production_year > 2005)", "Plans": [{"Node Type": "Bitmap Index Scan", "Parent Relationship": "Outer", "Index Name": "title_pkey", "Startup Cost": 0.0, "Total Cost": 3.69, "Plan Rows": 1, "Plan Width": 0, "Index Cond": "(id = mc.movie_id)"}]}]}, {"Node Type": "Bitmap Heap Scan", "Parent Relationship": "Inner", "Relation Name": "movie_info", "Alias": "mi", "Startup Cost": 0.51, "Total Cost": 4.62, "Plan Rows": 1, "Plan Width": 8, "Recheck Cond": "(movie_id = t.id)", "Filter": "((info)::text = ANY ('{Sweden,Norway,Germany,Denmark,Swedish,Denish,Norwegian,German}'::text[]))", "Plans": [{"Node Type": "Bitmap Index Scan", "Parent Relationship": "Outer", "Index Name": "movie_id_movie_info", "Startup Cost": 0.0, "Total Cost": 0.51, "Plan Rows": 5, "Plan Width": 0, "Index Cond": "(movie_id = t.id)"}]}]}, {"Node Type": "Bitmap Heap Scan", "Parent Relationship": "Inner", "Relation Name": "info_type", "Alias": "it", "Startup Cost": 0.26, "Total Cost": 4.27, "Plan Rows": 1, "Plan Width": 4, "Recheck Cond": "(id = mi.info_type_id)", "Plans": [{"Node Type": "Bitmap Index Scan", "Parent Relationship": "Outer", "Index Name": "info_type_pkey", "Startup Cost": 0.0, "Total Cost": 0.26, "Plan Rows": 1, "Plan Width": 0, "Index Cond": "(id = mi.info_type_id)"}]}]}, {"Node Type": "Bitmap Heap Scan", "Parent Relationship": "Inner", "Relation Name": "company_type", "Alias": "ct", "Startup Cost": 0.26, "Total Cost": 4.28, "Plan Rows": 1, "Plan Width": 4, "Recheck Cond": "(id = mc.company_type_id)", "Filter": "((kind)::text = 'production companies'::text)", "Plans": [{"Node Type": "Bitmap Index Scan", "Parent Relationship": "Outer", "Index Name": "company_type_pkey", "Startup Cost": 0.0, "Total Cost": 0.26, "Plan Rows": 1, "Plan Width": 0, "Index Cond": "(id = mc.company_type_id)"}]}]}]}, "Unique SQL Id": 2510907716, "Planner Runtime": 2}, "explain_analyze_plan": null}, "(1, '100')": {"explain_plan": {"Plan": {"Node Type": "Aggregate", "Strategy": "Plain", "Startup Cost": 69326.08, "Total Cost": 69326.09, "Plan Rows": 1, "Plan Width": 49, "Plans": [{"Node Type": "Nested Loop", "Parent Relationship": "Outer", "Join Type": "Inner", "Startup Cost": 1.05, "Total Cost": 69321.29, "Plan Rows": 1919, "Plan Width": 17, "Inner Unique": true, "Plans": [{"Node Type": "Nested Loop", "Parent Relationship": "Outer", "Join Type": "Inner", "Startup Cost": 1.05, "Total Cost": 68783.8, "Plan Rows": 1919, "Plan Width": 21, "Inner Unique": false, "Plans": [{"Node Type": "Nested Loop", "Parent Relationship": "Outer", "Join Type": "Inner", "Startup Cost": 1.05, "Total Cost": 66504.51, "Plan Rows": 1869, "Plan Width": 25, "Inner Unique": true, "Plans": [{"Node Type": "Hash Join", "Parent Relationship": "Outer", "Join Type": "Inner", "Startup Cost": 1.05, "Total Cost": 54887.09, "Plan Rows": 1540, "Plan Width": 4, "Inner Unique": true, "Hash Cond": "(mc.company_type_id = ct.id)", "Plans": [{"Node Type": "Seq Scan", "Parent Relationship": "Outer", "Relation Name": "movie_companies", "Alias": "mc", "Startup Cost": 0.0, "Total Cost": 54862.92, "Plan Rows": 3081, "Plan Width": 8, "Filter": "(((note)::text ~~ '%(theatrical)%'::text) AND ((note)::text ~~ '%(France)%'::text))"}, {"Node Type": "Hash", "Parent Relationship": "Inner", "Startup Cost": 1.04, "Total Cost": 1.04, "Plan Rows": 1, "Plan Width": 4, "Plans": [{"Node Type": "Seq Scan", "Parent Relationship": "Outer", "Relation Name": "company_type", "Alias": "ct", "Startup Cost": 0.0, "Total Cost": 1.04, "Plan Rows": 1, "Plan Width": 4, "Filter": "((kind)::text = 'production companies'::text)"}]}]}, {"Node Type": "Index Scan", "Parent Relationship": "Inner", "Scan Direction": "Forward", "Index Name": "title_pkey", "Relation Name": "title", "Alias": "t", "Startup Cost": 0.0, "Total Cost": 7.53, "Plan Rows": 1, "Plan Width": 21, "Index Cond": "(id = mc.movie_id)", "Filter": "(production_year > 2005)"}]}, {"Node Type": "Index Scan", "Parent Relationship": "Inner", "Scan Direction": "Forward", "Index Name": "movie_id_movie_info", "Relation Name": "movie_info", "Alias": "mi", "Startup Cost": 0.0, "Total Cost": 1.21, "Plan Rows": 1, "Plan Width": 8, "Index Cond": "(movie_id = t.id)", "Filter": "((info)::text = ANY ('{Sweden,Norway,Germany,Denmark,Swedish,Denish,Norwegian,German}'::text[]))"}]}, {"Node Type": "Index Scan", "Parent Relationship": "Inner", "Scan Direction": "Forward", "Index Name": "info_type_pkey", "Relation Name": "info_type", "Alias": "it", "Startup Cost": 0.0, "Total Cost": 0.27, "Plan Rows": 1, "Plan Width": 4, "Index Cond": "(id = mi.info_type_id)"}]}]}, "Unique SQL Id": 2510907716, "Planner Runtime": 3}, "explain_analyze_plan": {"Plan": {"Node Type": "Aggregate", "Strategy": "Plain", "Startup Cost": 69326.08, "Total Cost": 69326.09, "Plan Rows": 1, "Plan Width": 49, "Actual Startup Time": 1028.362, "Actual Total Time": 1028.362, "Actual Rows": 1, "Actual Loops": 1, "Plans": [{"Node Type": "Nested Loop", "Parent Relationship": "Outer", "Join Type": "Inner", "Startup Cost": 1.05, "Total Cost": 69321.29, "Plan Rows": 1919, "Plan Width": 17, "Actual Startup Time": 1028.351, "Actual Total Time": 1028.351, "Actual Rows": 0, "Actual Loops": 1, "Inner Unique": true, "Plans": [{"Node Type": "Nested Loop", "Parent Relationship": "Outer", "Join Type": "Inner", "Startup Cost": 1.05, "Total Cost": 68783.8, "Plan Rows": 1919, "Plan Width": 21, "Actual Startup Time": 1028.35, "Actual Total Time": 1028.35, "Actual Rows": 0, "Actual Loops": 1, "Inner Unique": false, "Plans": [{"Node Type": "Nested Loop", "Parent Relationship": "Outer", "Join Type": "Inner", "Startup Cost": 1.05, "Total Cost": 66504.51, "Plan Rows": 1869, "Plan Width": 25, "Actual Startup Time": 1028.349, "Actual Total Time": 1028.349, "Actual Rows": 0, "Actual Loops": 1, "Inner Unique": true, "Plans": [{"Node Type": "Hash Join", "Parent Relationship": "Outer", "Join Type": "Inner", "Startup Cost": 1.05, "Total Cost": 54887.09, "Plan Rows": 1540, "Plan Width": 4, "Actual Startup Time": 1028.299, "Actual Total Time": 1028.299, "Actual Rows": 0, "Actual Loops": 1, "Inner Unique": true, "Hash Cond": "(mc.company_type_id = ct.id)", "Plans": [{"Node Type": "Seq Scan", "Parent Relationship": "Outer", "Relation Name": "movie_companies", "Alias": "mc", "Startup Cost": 0.0, "Total Cost": 54862.92, "Plan Rows": 3081, "Plan Width": 8, "Actual Startup Time": 8.695, "Actual Total Time": 1023.62, "Actual Rows": 24025, "Actual Loops": 1, "Filter": "(((note)::text ~~ '%(theatrical)%'::text) AND ((note)::text ~~ '%(France)%'::text))", "Rows Removed by Filter": 2585103}, {"Node Type": "Hash", "Parent Relationship": "Inner", "Startup Cost": 1.04, "Total Cost": 1.04, "Plan Rows": 1, "Plan Width": 4, "Actual Startup Time": 0.023, "Actual Total Time": 0.023, "Actual Rows": 1, "Actual Loops": 1, "Hash Buckets": 32768, "Hash Batches": 1, "Original Hash Batches": 1, "Peak Memory Usage": 1, "Plans": [{"Node Type": "Seq Scan", "Parent Relationship": "Outer", "Relation Name": "company_type", "Alias": "ct", "Startup Cost": 0.0, "Total Cost": 1.04, "Plan Rows": 1, "Plan Width": 4, "Actual Startup Time": 0.014, "Actual Total Time": 0.016, "Actual Rows": 1, "Actual Loops": 1, "Filter": "((kind)::text = 'production companies'::text)", "Rows Removed by Filter": 2}]}]}, {"Node Type": "Index Scan", "Parent Relationship": "Inner", "Scan Direction": "Forward", "Index Name": "title_pkey", "Relation Name": "title", "Alias": "t", "Startup Cost": 0.0, "Total Cost": 7.53, "Plan Rows": 1, "Plan Width": 21, "Actual Startup Time": 0.0, "Actual Total Time": 0.0, "Index Cond": "(id = mc.movie_id)", "Rows Removed by Index Recheck": 0, "Filter": "(production_year > 2005)", "Rows Removed by Filter": 0}]}, {"Node Type": "Index Scan", "Parent Relationship": "Inner", "Scan Direction": "Forward", "Index Name": "movie_id_movie_info", "Relation Name": "movie_info", "Alias": "mi", "Startup Cost": 0.0, "Total Cost": 1.21, "Plan Rows": 1, "Plan Width": 8, "Actual Startup Time": 0.0, "Actual Total Time": 0.0, "Index Cond": "(movie_id = t.id)", "Rows Removed by Index Recheck": 0, "Filter": "((info)::text = ANY ('{Sweden,Norway,Germany,Denmark,Swedish,Denish,Norwegian,German}'::text[]))", "Rows Removed by Filter": 0}]}, {"Node Type": "Index Scan", "Parent Relationship": "Inner", "Scan Direction": "Forward", "Index Name": "info_type_pkey", "Relation Name": "info_type", "Alias": "it", "Startup Cost": 0.0, "Total Cost": 0.27, "Plan Rows": 1, "Plan Width": 4, "Actual Startup Time": 0.0, "Actual Total Time": 0.0, "Index Cond": "(id = mi.info_type_id)", "Rows Removed by Index Recheck": 0}]}]}, "Triggers": [], "Planner Runtime": 7.427, "Total Runtime": 1028.635, "Unique SQL Id": 2510907716}}, "(1, '101')": {"explain_plan": {"Plan": {"Node Type": "Aggregate", "Strategy": "Plain", "Startup Cost": 74107.05, "Total Cost": 74107.06, "Plan Rows": 1, "Plan Width": 49, "Plans": [{"Node Type": "Nested Loop", "Parent Relationship": "Outer", "Join Type": "Inner", "Startup Cost": 0.0, "Total Cost": 74102.25, "Plan Rows": 1919, "Plan Width": 17, "Inner Unique": true, "Plans": [{"Node Type": "Nested Loop", "Parent Relationship": "Outer", "Join Type": "Inner", "Startup Cost": 0.0, "Total Cost": 73564.77, "Plan Rows": 1919, "Plan Width": 21, "Inner Unique": false, "Plans": [{"Node Type": "Nested Loop", "Parent Relationship": "Outer", "Join Type": "Inner", "Startup Cost": 0.0, "Total Cost": 71285.47, "Plan Rows": 1869, "Plan Width": 25, "Inner Unique": true, "Plans": [{"Node Type": "Nested Loop", "Parent Relationship": "Outer", "Join Type": "Inner", "Startup Cost": 0.0, "Total Cost": 59668.05, "Plan Rows": 1540, "Plan Width": 4, "Inner Unique": false, "Plans": [{"Node Type": "Index Scan", "Parent Relationship": "Outer", "Scan Direction": "Forward", "Index Name": "company_type_pkey", "Relation Name": "company_type", "Alias": "ct", "Startup Cost": 0.0, "Total Cost": 12.3, "Plan Rows": 1, "Plan Width": 4, "Filter": "((kind)::text = 'production companies'::text)"}, {"Node Type": "Index Scan", "Parent Relationship": "Inner", "Scan Direction": "Forward", "Index Name": "company_type_id_movie_companies", "Relation Name": "movie_companies", "Alias": "mc", "Startup Cost": 0.0, "Total Cost": 59640.35, "Plan Rows": 1540, "Plan Width": 8, "Index Cond": "(company_type_id = ct.id)", "Filter": "(((note)::text ~~ '%(theatrical)%'::text) AND ((note)::text ~~ '%(France)%'::text))"}]}, {"Node Type": "Index Scan", "Parent Relationship": "Inner", "Scan Direction": "Forward", "Index Name": "title_pkey", "Relation Name": "title", "Alias": "t", "Startup Cost": 0.0, "Total Cost": 7.53, "Plan Rows": 1, "Plan Width": 21, "Index Cond": "(id = mc.movie_id)", "Filter": "(production_year > 2005)"}]}, {"Node Type": "Index Scan", "Parent Relationship": "Inner", "Scan Direction": "Forward", "Index Name": "movie_id_movie_info", "Relation Name": "movie_info", "Alias": "mi", "Startup Cost": 0.0, "Total Cost": 1.21, "Plan Rows": 1, "Plan Width": 8, "Index Cond": "(movie_id = t.id)", "Filter": "((info)::text = ANY ('{Sweden,Norway,Germany,Denmark,Swedish,Denish,Norwegian,German}'::text[]))"}]}, {"Node Type": "Index Scan", "Parent Relationship": "Inner", "Scan Direction": "Forward", "Index Name": "info_type_pkey", "Relation Name": "info_type", "Alias": "it", "Startup Cost": 0.0, "Total Cost": 0.27, "Plan Rows": 1, "Plan Width": 4, "Index Cond": "(id = mi.info_type_id)"}]}]}, "Unique SQL Id": 2510907716, "Planner Runtime": 3}, "explain_analyze_plan": {"Plan": {"Node Type": "Aggregate", "Strategy": "Plain", "Startup Cost": 74107.05, "Total Cost": 74107.06, "Plan Rows": 1, "Plan Width": 49, "Actual Startup Time": 752.93, "Actual Total Time": 752.931, "Actual Rows": 1, "Actual Loops": 1, "Plans": [{"Node Type": "Nested Loop", "Parent Relationship": "Outer", "Join Type": "Inner", "Startup Cost": 0.0, "Total Cost": 74102.25, "Plan Rows": 1919, "Plan Width": 17, "Actual Startup Time": 752.924, "Actual Total Time": 752.924, "Actual Rows": 0, "Actual Loops": 1, "Inner Unique": true, "Plans": [{"Node Type": "Nested Loop", "Parent Relationship": "Outer", "Join Type": "Inner", "Startup Cost": 0.0, "Total Cost": 73564.77, "Plan Rows": 1919, "Plan Width": 21, "Actual Startup Time": 752.922, "Actual Total Time": 752.922, "Actual Rows": 0, "Actual Loops": 1, "Inner Unique": false, "Plans": [{"Node Type": "Nested Loop", "Parent Relationship": "Outer", "Join Type": "Inner", "Startup Cost": 0.0, "Total Cost": 71285.47, "Plan Rows": 1869, "Plan Width": 25, "Actual Startup Time": 752.921, "Actual Total Time": 752.921, "Actual Rows": 0, "Actual Loops": 1, "Inner Unique": true, "Plans": [{"Node Type": "Nested Loop", "Parent Relationship": "Outer", "Join Type": "Inner", "Startup Cost": 0.0, "Total Cost": 59668.05, "Plan Rows": 1540, "Plan Width": 4, "Actual Startup Time": 752.919, "Actual Total Time": 752.919, "Actual Rows": 0, "Actual Loops": 1, "Inner Unique": false, "Plans": [{"Node Type": "Index Scan", "Parent Relationship": "Outer", "Scan Direction": "Forward", "Index Name": "company_type_pkey", "Relation Name": "company_type", "Alias": "ct", "Startup Cost": 0.0, "Total Cost": 12.3, "Plan Rows": 1, "Plan Width": 4, "Actual Startup Time": 0.015, "Actual Total Time": 0.026, "Actual Rows": 1, "Actual Loops": 1, "Filter": "((kind)::text = 'production companies'::text)", "Rows Removed by Filter": 2}, {"Node Type": "Index Scan", "Parent Relationship": "Inner", "Scan Direction": "Forward", "Index Name": "company_type_id_movie_companies", "Relation Name": "movie_companies", "Alias": "mc", "Startup Cost": 0.0, "Total Cost": 59640.35, "Plan Rows": 1540, "Plan Width": 8, "Actual Startup Time": 752.888, "Actual Total Time": 752.888, "Actual Rows": 0, "Actual Loops": 1, "Index Cond": "(company_type_id = ct.id)", "Rows Removed by Index Recheck": 0, "Filter": "(((note)::text ~~ '%(theatrical)%'::text) AND ((note)::text ~~ '%(France)%'::text))", "Rows Removed by Filter": 1334883}]}, {"Node Type": "Index Scan", "Parent Relationship": "Inner", "Scan Direction": "Forward", "Index Name": "title_pkey", "Relation Name": "title", "Alias": "t", "Startup Cost": 0.0, "Total Cost": 7.53, "Plan Rows": 1, "Plan Width": 21, "Actual Startup Time": 0.0, "Actual Total Time": 0.0, "Index Cond": "(id = mc.movie_id)", "Rows Removed by Index Recheck": 0, "Filter": "(production_year > 2005)", "Rows Removed by Filter": 0}]}, {"Node Type": "Index Scan", "Parent Relationship": "Inner", "Scan Direction": "Forward", "Index Name": "movie_id_movie_info", "Relation Name": "movie_info", "Alias": "mi", "Startup Cost": 0.0, "Total Cost": 1.21, "Plan Rows": 1, "Plan Width": 8, "Actual Startup Time": 0.0, "Actual Total Time": 0.0, "Index Cond": "(movie_id = t.id)", "Rows Removed by Index Recheck": 0, "Filter": "((info)::text = ANY ('{Sweden,Norway,Germany,Denmark,Swedish,Denish,Norwegian,German}'::text[]))", "Rows Removed by Filter": 0}]}, {"Node Type": "Index Scan", "Parent Relationship": "Inner", "Scan Direction": "Forward", "Index Name": "info_type_pkey", "Relation Name": "info_type", "Alias": "it", "Startup Cost": 0.0, "Total Cost": 0.27, "Plan Rows": 1, "Plan Width": 4, "Actual Startup Time": 0.0, "Actual Total Time": 0.0, "Index Cond": "(id = mi.info_type_id)", "Rows Removed by Index Recheck": 0}]}]}, "Triggers": [], "Planner Runtime": 6.967, "Total Runtime": 753.211, "Unique SQL Id": 2510907716}}, "(1, '102')": {"explain_plan": {"Plan": {"Node Type": "Aggregate", "Strategy": "Plain", "Startup Cost": 75460.38, "Total Cost": 75460.39, "Plan Rows": 1, "Plan Width": 49, "Plans": [{"Node Type": "Hash Join", "Parent Relationship": "Outer", "Join Type": "Inner", "Startup Cost": 8.77, "Total Cost": 75455.58, "Plan Rows": 1919, "Plan Width": 17, "Inner Unique": true, "Hash Cond": "(mi.info_type_id = it.id)", "Plans": [{"Node Type": "Nested Loop", "Parent Relationship": "Outer", "Join Type": "Inner", "Startup Cost": 5.25, "Total Cost": 75426.73, "Plan Rows": 1919, "Plan Width": 21, "Inner Unique": false, "Plans": [{"Node Type": "Nested Loop", "Parent Relationship": "Outer", "Join Type": "Inner", "Startup Cost": 4.74, "Total Cost": 66764.81, "Plan Rows": 1869, "Plan Width": 25, "Inner Unique": true, "Plans": [{"Node Type": "Hash Join", "Parent Relationship": "Outer", "Join Type": "Inner", "Startup Cost": 1.05, "Total Cost": 54887.09, "Plan Rows": 1540, "Plan Width": 4, "Inner Unique": true, "Hash Cond": "(mc.company_type_id = ct.id)", "Plans": [{"Node Type": "Seq Scan", "Parent Relationship": "Outer", "Relation Name": "movie_companies", "Alias": "mc", "Startup Cost": 0.0, "Total Cost": 54862.92, "Plan Rows": 3081, "Plan Width": 8, "Filter": "(((note)::text ~~ '%(theatrical)%'::text) AND ((note)::text ~~ '%(France)%'::text))"}, {"Node Type": "Hash", "Parent Relationship": "Inner", "Startup Cost": 1.04, "Total Cost": 1.04, "Plan Rows": 1, "Plan Width": 4, "Plans": [{"Node Type": "Seq Scan", "Parent Relationship": "Outer", "Relation Name": "company_type", "Alias": "ct", "Startup Cost": 0.0, "Total Cost": 1.04, "Plan Rows": 1, "Plan Width": 4, "Filter": "((kind)::text = 'production companies'::text)"}]}]}, {"Node Type": "Bitmap Heap Scan", "Parent Relationship": "Inner", "Relation Name": "title", "Alias": "t", "Startup Cost": 3.69, "Total Cost": 7.7, "Plan Rows": 1, "Plan Width": 21, "Recheck Cond": "(id = mc.movie_id)", "Filter": "(production_year > 2005)", "Plans": [{"Node Type": "Bitmap Index Scan", "Parent Relationship": "Outer", "Index Name": "title_pkey", "Startup Cost": 0.0, "Total Cost": 3.69, "Plan Rows": 1, "Plan Width": 0, "Index Cond": "(id = mc.movie_id)"}]}]}, {"Node Type": "Bitmap Heap Scan", "Parent Relationship": "Inner", "Relation Name": "movie_info", "Alias": "mi", "Startup Cost": 0.51, "Total Cost": 4.62, "Plan Rows": 1, "Plan Width": 8, "Recheck Cond": "(movie_id = t.id)", "Filter": "((info)::text = ANY ('{Sweden,Norway,Germany,Denmark,Swedish,Denish,Norwegian,German}'::text[]))", "Plans": [{"Node Type": "Bitmap Index Scan", "Parent Relationship": "Outer", "Index Name": "movie_id_movie_info", "Startup Cost": 0.0, "Total Cost": 0.51, "Plan Rows": 5, "Plan Width": 0, "Index Cond": "(movie_id = t.id)"}]}]}, {"Node Type": "Hash", "Parent Relationship": "Inner", "Startup Cost": 2.12, "Total Cost": 2.12, "Plan Rows": 112, "Plan Width": 4, "Plans": [{"Node Type": "Seq Scan", "Parent Relationship": "Outer", "Relation Name": "info_type", "Alias": "it", "Startup Cost": 0.0, "Total Cost": 2.12, "Plan Rows": 112, "Plan Width": 4}]}]}]}, "Unique SQL Id": 2510907716, "Planner Runtime": 3}, "explain_analyze_plan": {"Plan": {"Node Type": "Aggregate", "Strategy": "Plain", "Startup Cost": 75460.38, "Total Cost": 75460.39, "Plan Rows": 1, "Plan Width": 49, "Actual Startup Time": 1032.561, "Actual Total Time": 1032.562, "Actual Rows": 1, "Actual Loops": 1, "Plans": [{"Node Type": "Hash Join", "Parent Relationship": "Outer", "Join Type": "Inner", "Startup Cost": 8.77, "Total Cost": 75455.58, "Plan Rows": 1919, "Plan Width": 17, "Actual Startup Time": 1032.551, "Actual Total Time": 1032.551, "Actual Rows": 0, "Actual Loops": 1, "Inner Unique": true, "Hash Cond": "(mi.info_type_id = it.id)", "Plans": [{"Node Type": "Nested Loop", "Parent Relationship": "Outer", "Join Type": "Inner", "Startup Cost": 5.25, "Total Cost": 75426.73, "Plan Rows": 1919, "Plan Width": 21, "Actual Startup Time": 1032.42, "Actual Total Time": 1032.42, "Actual Rows": 0, "Actual Loops": 1, "Inner Unique": false, "Plans": [{"Node Type": "Nested Loop", "Parent Relationship": "Outer", "Join Type": "Inner", "Startup Cost": 4.74, "Total Cost": 66764.81, "Plan Rows": 1869, "Plan Width": 25, "Actual Startup Time": 1032.418, "Actual Total Time": 1032.418, "Actual Rows": 0, "Actual Loops": 1, "Inner Unique": true, "Plans": [{"Node Type": "Hash Join", "Parent Relationship": "Outer", "Join Type": "Inner", "Startup Cost": 1.05, "Total Cost": 54887.09, "Plan Rows": 1540, "Plan Width": 4, "Actual Startup Time": 1032.371, "Actual Total Time": 1032.371, "Actual Rows": 0, "Actual Loops": 1, "Inner Unique": true, "Hash Cond": "(mc.company_type_id = ct.id)", "Plans": [{"Node Type": "Seq Scan", "Parent Relationship": "Outer", "Relation Name": "movie_companies", "Alias": "mc", "Startup Cost": 0.0, "Total Cost": 54862.92, "Plan Rows": 3081, "Plan Width": 8, "Actual Startup Time": 8.706, "Actual Total Time": 1027.604, "Actual Rows": 24025, "Actual Loops": 1, "Filter": "(((note)::text ~~ '%(theatrical)%'::text) AND ((note)::text ~~ '%(France)%'::text))", "Rows Removed by Filter": 2585103}, {"Node Type": "Hash", "Parent Relationship": "Inner", "Startup Cost": 1.04, "Total Cost": 1.04, "Plan Rows": 1, "Plan Width": 4, "Actual Startup Time": 0.02, "Actual Total Time": 0.02, "Actual Rows": 1, "Actual Loops": 1, "Hash Buckets": 32768, "Hash Batches": 1, "Original Hash Batches": 1, "Peak Memory Usage": 1, "Plans": [{"Node Type": "Seq Scan", "Parent Relationship": "Outer", "Relation Name": "company_type", "Alias": "ct", "Startup Cost": 0.0, "Total Cost": 1.04, "Plan Rows": 1, "Plan Width": 4, "Actual Startup Time": 0.014, "Actual Total Time": 0.015, "Actual Rows": 1, "Actual Loops": 1, "Filter": "((kind)::text = 'production companies'::text)", "Rows Removed by Filter": 2}]}]}, {"Node Type": "Bitmap Heap Scan", "Parent Relationship": "Inner", "Relation Name": "title", "Alias": "t", "Startup Cost": 3.69, "Total Cost": 7.7, "Plan Rows": 1, "Plan Width": 21, "Actual Startup Time": 0.0, "Actual Total Time": 0.0, "Recheck Cond": "(id = mc.movie_id)", "Rows Removed by Index Recheck": 0, "Filter": "(production_year > 2005)", "Rows Removed by Filter": 0, "Exact Heap Blocks": 0, "Lossy Heap Blocks": 0, "Plans": [{"Node Type": "Bitmap Index Scan", "Parent Relationship": "Outer", "Index Name": "title_pkey", "Startup Cost": 0.0, "Total Cost": 3.69, "Plan Rows": 1, "Plan Width": 0, "Actual Startup Time": 0.0, "Actual Total Time": 0.0, "Index Cond": "(id = mc.movie_id)"}]}]}, {"Node Type": "Bitmap Heap Scan", "Parent Relationship": "Inner", "Relation Name": "movie_info", "Alias": "mi", "Startup Cost": 0.51, "Total Cost": 4.62, "Plan Rows": 1, "Plan Width": 8, "Actual Startup Time": 0.0, "Actual Total Time": 0.0, "Recheck Cond": "(movie_id = t.id)", "Rows Removed by Index Recheck": 0, "Filter": "((info)::text = ANY ('{Sweden,Norway,Germany,Denmark,Swedish,Denish,Norwegian,German}'::text[]))", "Rows Removed by Filter": 0, "Exact Heap Blocks": 0, "Lossy Heap Blocks": 0, "Plans": [{"Node Type": "Bitmap Index Scan", "Parent Relationship": "Outer", "Index Name": "movie_id_movie_info", "Startup Cost": 0.0, "Total Cost": 0.51, "Plan Rows": 5, "Plan Width": 0, "Actual Startup Time": 0.0, "Actual Total Time": 0.0, "Index Cond": "(movie_id = t.id)"}]}]}, {"Node Type": "Hash", "Parent Relationship": "Inner", "Startup Cost": 2.12, "Total Cost": 2.12, "Plan Rows": 112, "Plan Width": 4, "Actual Startup Time": 0.09, "Actual Total Time": 0.09, "Actual Rows": 112, "Actual Loops": 1, "Hash Buckets": 32768, "Hash Batches": 1, "Original Hash Batches": 1, "Peak Memory Usage": 4, "Plans": [{"Node Type": "Seq Scan", "Parent Relationship": "Outer", "Relation Name": "info_type", "Alias": "it", "Startup Cost": 0.0, "Total Cost": 2.12, "Plan Rows": 112, "Plan Width": 4, "Actual Startup Time": 0.025, "Actual Total Time": 0.046, "Actual Rows": 112, "Actual Loops": 1}]}]}]}, "Triggers": [], "Planner Runtime": 7.186, "Total Runtime": 1032.827, "Unique SQL Id": 2510907716}}, "(1, '103')": {"explain_plan": {"Plan": {"Node Type": "Aggregate", "Strategy": "Plain", "Startup Cost": 1000010696765.6, "Total Cost": 1000010696765.61, "Plan Rows": 1, "Plan Width": 49, "Plans": [{"Node Type": "Nested Loop", "Parent Relationship": "Outer", "Join Type": "Inner", "Startup Cost": 10000000004.72, "Total Cost": 1000010696760.8, "Plan Rows": 1919, "Plan Width": 17, "Inner Unique": true, "Plans": [{"Node Type": "Nested Loop", "Parent Relationship": "Outer", "Join Type": "Inner", "Startup Cost": 10000000004.46, "Total Cost": 1000010680309.36, "Plan Rows": 3839, "Plan Width": 21, "Inner Unique": true, "Plans": [{"Node Type": "Nested Loop", "Parent Relationship": "Outer", "Join Type": "Inner", "Startup Cost": 10000000004.2, "Total Cost": 1000010663877.26, "Plan Rows": 3839, "Plan Width": 25, "Inner Unique": false, "Plans": [{"Node Type": "Nested Loop", "Parent Relationship": "Outer", "Join Type": "Inner", "Startup Cost": 10000000003.69, "Total Cost": 1000010646544.15, "Plan Rows": 3740, "Plan Width": 29, "Inner Unique": true, "Plans": [{"Node Type": "Index Scan", "Parent Relationship": "Outer", "Scan Direction": "Forward", "Index Name": "company_type_id_movie_companies", "Relation Name": "movie_companies", "Alias": "mc", "Startup Cost": 10000000000.0, "Total Cost": 1000010622781.0, "Plan Rows": 3081, "Plan Width": 8, "Filter": "(((note)::text ~~ '%(theatrical)%'::text) AND ((note)::text ~~ '%(France)%'::text))"}, {"Node Type": "Bitmap Heap Scan", "Parent Relationship": "Inner", "Relation Name": "title", "Alias": "t", "Startup Cost": 3.69, "Total Cost": 7.7, "Plan Rows": 1, "Plan Width": 21, "Recheck Cond": "(id = mc.movie_id)", "Filter": "(production_year > 2005)", "Plans": [{"Node Type": "Bitmap Index Scan", "Parent Relationship": "Outer", "Index Name": "title_pkey", "Startup Cost": 0.0, "Total Cost": 3.69, "Plan Rows": 1, "Plan Width": 0, "Index Cond": "(id = mc.movie_id)"}]}]}, {"Node Type": "Bitmap Heap Scan", "Parent Relationship": "Inner", "Relation Name": "movie_info", "Alias": "mi", "Startup Cost": 0.51, "Total Cost": 4.62, "Plan Rows": 1, "Plan Width": 8, "Recheck Cond": "(movie_id = t.id)", "Filter": "((info)::text = ANY ('{Sweden,Norway,Germany,Denmark,Swedish,Denish,Norwegian,German}'::text[]))", "Plans": [{"Node Type": "Bitmap Index Scan", "Parent Relationship": "Outer", "Index Name": "movie_id_movie_info", "Startup Cost": 0.0, "Total Cost": 0.51, "Plan Rows": 5, "Plan Width": 0, "Index Cond": "(movie_id = t.id)"}]}]}, {"Node Type": "Bitmap Heap Scan", "Parent Relationship": "Inner", "Relation Name": "info_type", "Alias": "it", "Startup Cost": 0.26, "Total Cost": 4.27, "Plan Rows": 1, "Plan Width": 4, "Recheck Cond": "(id = mi.info_type_id)", "Plans": [{"Node Type": "Bitmap Index Scan", "Parent Relationship": "Outer", "Index Name": "info_type_pkey", "Startup Cost": 0.0, "Total Cost": 0.26, "Plan Rows": 1, "Plan Width": 0, "Index Cond": "(id = mi.info_type_id)"}]}]}, {"Node Type": "Bitmap Heap Scan", "Parent Relationship": "Inner", "Relation Name": "company_type", "Alias": "ct", "Startup Cost": 0.26, "Total Cost": 4.28, "Plan Rows": 1, "Plan Width": 4, "Recheck Cond": "(id = mc.company_type_id)", "Filter": "((kind)::text = 'production companies'::text)", "Plans": [{"Node Type": "Bitmap Index Scan", "Parent Relationship": "Outer", "Index Name": "company_type_pkey", "Startup Cost": 0.0, "Total Cost": 0.26, "Plan Rows": 1, "Plan Width": 0, "Index Cond": "(id = mc.company_type_id)"}]}]}]}, "Unique SQL Id": 2510907716, "Planner Runtime": 2}, "explain_analyze_plan": null}, "(1, '104')": {"explain_plan": {"Plan": {"Node Type": "Aggregate", "Strategy": "Plain", "Startup Cost": 69326.03, "Total Cost": 69326.04, "Plan Rows": 1, "Plan Width": 49, "Plans": [{"Node Type": "Nested Loop", "Parent Relationship": "Outer", "Join Type": "Inner", "Startup Cost": 1.05, "Total Cost": 69321.23, "Plan Rows": 1919, "Plan Width": 17, "Inner Unique": true, "Plans": [{"Node Type": "Nested Loop", "Parent Relationship": "Outer", "Join Type": "Inner", "Startup Cost": 1.05, "Total Cost": 68783.8, "Plan Rows": 1919, "Plan Width": 21, "Inner Unique": false, "Plans": [{"Node Type": "Nested Loop", "Parent Relationship": "Outer", "Join Type": "Inner", "Startup Cost": 1.05, "Total Cost": 66504.51, "Plan Rows": 1869, "Plan Width": 25, "Inner Unique": true, "Plans": [{"Node Type": "Hash Join", "Parent Relationship": "Outer", "Join Type": "Inner", "Startup Cost": 1.05, "Total Cost": 54887.09, "Plan Rows": 1540, "Plan Width": 4, "Inner Unique": true, "Hash Cond": "(mc.company_type_id = ct.id)", "Plans": [{"Node Type": "Seq Scan", "Parent Relationship": "Outer", "Relation Name": "movie_companies", "Alias": "mc", "Startup Cost": 0.0, "Total Cost": 54862.92, "Plan Rows": 3081, "Plan Width": 8, "Filter": "(((note)::text ~~ '%(theatrical)%'::text) AND ((note)::text ~~ '%(France)%'::text))"}, {"Node Type": "Hash", "Parent Relationship": "Inner", "Startup Cost": 1.04, "Total Cost": 1.04, "Plan Rows": 1, "Plan Width": 4, "Plans": [{"Node Type": "Seq Scan", "Parent Relationship": "Outer", "Relation Name": "company_type", "Alias": "ct", "Startup Cost": 0.0, "Total Cost": 1.04, "Plan Rows": 1, "Plan Width": 4, "Filter": "((kind)::text = 'production companies'::text)"}]}]}, {"Node Type": "Index Scan", "Parent Relationship": "Inner", "Scan Direction": "Forward", "Index Name": "title_pkey", "Relation Name": "title", "Alias": "t", "Startup Cost": 0.0, "Total Cost": 7.53, "Plan Rows": 1, "Plan Width": 21, "Index Cond": "(id = mc.movie_id)", "Filter": "(production_year > 2005)"}]}, {"Node Type": "Index Scan", "Parent Relationship": "Inner", "Scan Direction": "Forward", "Index Name": "movie_id_movie_info", "Relation Name": "movie_info", "Alias": "mi", "Startup Cost": 0.0, "Total Cost": 1.21, "Plan Rows": 1, "Plan Width": 8, "Index Cond": "(movie_id = t.id)", "Filter": "((info)::text = ANY ('{Sweden,Norway,Germany,Denmark,Swedish,Denish,Norwegian,German}'::text[]))"}]}, {"Node Type": "Index Only Scan", "Parent Relationship": "Inner", "Scan Direction": "Forward", "Index Name": "info_type_pkey", "Relation Name": "info_type", "Alias": "it", "Startup Cost": 0.0, "Total Cost": 0.27, "Plan Rows": 1, "Plan Width": 4, "Index Cond": "(id = mi.info_type_id)"}]}]}, "Unique SQL Id": 2510907716, "Planner Runtime": 3}, "explain_analyze_plan": {"Plan": {"Node Type": "Aggregate", "Strategy": "Plain", "Startup Cost": 69326.03, "Total Cost": 69326.04, "Plan Rows": 1, "Plan Width": 49, "Actual Startup Time": 1037.545, "Actual Total Time": 1037.546, "Actual Rows": 1, "Actual Loops": 1, "Plans": [{"Node Type": "Nested Loop", "Parent Relationship": "Outer", "Join Type": "Inner", "Startup Cost": 1.05, "Total Cost": 69321.23, "Plan Rows": 1919, "Plan Width": 17, "Actual Startup Time": 1037.535, "Actual Total Time": 1037.535, "Actual Rows": 0, "Actual Loops": 1, "Inner Unique": true, "Plans": [{"Node Type": "Nested Loop", "Parent Relationship": "Outer", "Join Type": "Inner", "Startup Cost": 1.05, "Total Cost": 68783.8, "Plan Rows": 1919, "Plan Width": 21, "Actual Startup Time": 1037.533, "Actual Total Time": 1037.533, "Actual Rows": 0, "Actual Loops": 1, "Inner Unique": false, "Plans": [{"Node Type": "Nested Loop", "Parent Relationship": "Outer", "Join Type": "Inner", "Startup Cost": 1.05, "Total Cost": 66504.51, "Plan Rows": 1869, "Plan Width": 25, "Actual Startup Time": 1037.532, "Actual Total Time": 1037.532, "Actual Rows": 0, "Actual Loops": 1, "Inner Unique": true, "Plans": [{"Node Type": "Hash Join", "Parent Relationship": "Outer", "Join Type": "Inner", "Startup Cost": 1.05, "Total Cost": 54887.09, "Plan Rows": 1540, "Plan Width": 4, "Actual Startup Time": 1037.49, "Actual Total Time": 1037.49, "Actual Rows": 0, "Actual Loops": 1, "Inner Unique": true, "Hash Cond": "(mc.company_type_id = ct.id)", "Plans": [{"Node Type": "Seq Scan", "Parent Relationship": "Outer", "Relation Name": "movie_companies", "Alias": "mc", "Startup Cost": 0.0, "Total Cost": 54862.92, "Plan Rows": 3081, "Plan Width": 8, "Actual Startup Time": 8.801, "Actual Total Time": 1032.8, "Actual Rows": 24025, "Actual Loops": 1, "Filter": "(((note)::text ~~ '%(theatrical)%'::text) AND ((note)::text ~~ '%(France)%'::text))", "Rows Removed by Filter": 2585103}, {"Node Type": "Hash", "Parent Relationship": "Inner", "Startup Cost": 1.04, "Total Cost": 1.04, "Plan Rows": 1, "Plan Width": 4, "Actual Startup Time": 0.023, "Actual Total Time": 0.023, "Actual Rows": 1, "Actual Loops": 1, "Hash Buckets": 32768, "Hash Batches": 1, "Original Hash Batches": 1, "Peak Memory Usage": 1, "Plans": [{"Node Type": "Seq Scan", "Parent Relationship": "Outer", "Relation Name": "company_type", "Alias": "ct", "Startup Cost": 0.0, "Total Cost": 1.04, "Plan Rows": 1, "Plan Width": 4, "Actual Startup Time": 0.014, "Actual Total Time": 0.016, "Actual Rows": 1, "Actual Loops": 1, "Filter": "((kind)::text = 'production companies'::text)", "Rows Removed by Filter": 2}]}]}, {"Node Type": "Index Scan", "Parent Relationship": "Inner", "Scan Direction": "Forward", "Index Name": "title_pkey", "Relation Name": "title", "Alias": "t", "Startup Cost": 0.0, "Total Cost": 7.53, "Plan Rows": 1, "Plan Width": 21, "Actual Startup Time": 0.0, "Actual Total Time": 0.0, "Index Cond": "(id = mc.movie_id)", "Rows Removed by Index Recheck": 0, "Filter": "(production_year > 2005)", "Rows Removed by Filter": 0}]}, {"Node Type": "Index Scan", "Parent Relationship": "Inner", "Scan Direction": "Forward", "Index Name": "movie_id_movie_info", "Relation Name": "movie_info", "Alias": "mi", "Startup Cost": 0.0, "Total Cost": 1.21, "Plan Rows": 1, "Plan Width": 8, "Actual Startup Time": 0.0, "Actual Total Time": 0.0, "Index Cond": "(movie_id = t.id)", "Rows Removed by Index Recheck": 0, "Filter": "((info)::text = ANY ('{Sweden,Norway,Germany,Denmark,Swedish,Denish,Norwegian,German}'::text[]))", "Rows Removed by Filter": 0}]}, {"Node Type": "Index Only Scan", "Parent Relationship": "Inner", "Scan Direction": "Forward", "Index Name": "info_type_pkey", "Relation Name": "info_type", "Alias": "it", "Startup Cost": 0.0, "Total Cost": 0.27, "Plan Rows": 1, "Plan Width": 4, "Actual Startup Time": 0.0, "Actual Total Time": 0.0, "Index Cond": "(id = mi.info_type_id)", "Rows Removed by Index Recheck": 0, "Heap Fetches": 0}]}]}, "Triggers": [], "Planner Runtime": 7.43, "Total Runtime": 1037.794, "Unique SQL Id": 2510907716}}, "(1, '105')": {"explain_plan": {"Plan": {"Node Type": "Aggregate", "Strategy": "Plain", "Startup Cost": 74106.99, "Total Cost": 74107.0, "Plan Rows": 1, "Plan Width": 49, "Plans": [{"Node Type": "Nested Loop", "Parent Relationship": "Outer", "Join Type": "Inner", "Startup Cost": 0.0, "Total Cost": 74102.19, "Plan Rows": 1919, "Plan Width": 17, "Inner Unique": true, "Plans": [{"Node Type": "Nested Loop", "Parent Relationship": "Outer", "Join Type": "Inner", "Startup Cost": 0.0, "Total Cost": 73564.77, "Plan Rows": 1919, "Plan Width": 21, "Inner Unique": false, "Plans": [{"Node Type": "Nested Loop", "Parent Relationship": "Outer", "Join Type": "Inner", "Startup Cost": 0.0, "Total Cost": 71285.47, "Plan Rows": 1869, "Plan Width": 25, "Inner Unique": true, "Plans": [{"Node Type": "Nested Loop", "Parent Relationship": "Outer", "Join Type": "Inner", "Startup Cost": 0.0, "Total Cost": 59668.05, "Plan Rows": 1540, "Plan Width": 4, "Inner Unique": false, "Plans": [{"Node Type": "Index Scan", "Parent Relationship": "Outer", "Scan Direction": "Forward", "Index Name": "company_type_pkey", "Relation Name": "company_type", "Alias": "ct", "Startup Cost": 0.0, "Total Cost": 12.3, "Plan Rows": 1, "Plan Width": 4, "Filter": "((kind)::text = 'production companies'::text)"}, {"Node Type": "Index Scan", "Parent Relationship": "Inner", "Scan Direction": "Forward", "Index Name": "company_type_id_movie_companies", "Relation Name": "movie_companies", "Alias": "mc", "Startup Cost": 0.0, "Total Cost": 59640.35, "Plan Rows": 1540, "Plan Width": 8, "Index Cond": "(company_type_id = ct.id)", "Filter": "(((note)::text ~~ '%(theatrical)%'::text) AND ((note)::text ~~ '%(France)%'::text))"}]}, {"Node Type": "Index Scan", "Parent Relationship": "Inner", "Scan Direction": "Forward", "Index Name": "title_pkey", "Relation Name": "title", "Alias": "t", "Startup Cost": 0.0, "Total Cost": 7.53, "Plan Rows": 1, "Plan Width": 21, "Index Cond": "(id = mc.movie_id)", "Filter": "(production_year > 2005)"}]}, {"Node Type": "Index Scan", "Parent Relationship": "Inner", "Scan Direction": "Forward", "Index Name": "movie_id_movie_info", "Relation Name": "movie_info", "Alias": "mi", "Startup Cost": 0.0, "Total Cost": 1.21, "Plan Rows": 1, "Plan Width": 8, "Index Cond": "(movie_id = t.id)", "Filter": "((info)::text = ANY ('{Sweden,Norway,Germany,Denmark,Swedish,Denish,Norwegian,German}'::text[]))"}]}, {"Node Type": "Index Only Scan", "Parent Relationship": "Inner", "Scan Direction": "Forward", "Index Name": "info_type_pkey", "Relation Name": "info_type", "Alias": "it", "Startup Cost": 0.0, "Total Cost": 0.27, "Plan Rows": 1, "Plan Width": 4, "Index Cond": "(id = mi.info_type_id)"}]}]}, "Unique SQL Id": 2510907716, "Planner Runtime": 3}, "explain_analyze_plan": {"Plan": {"Node Type": "Aggregate", "Strategy": "Plain", "Startup Cost": 74106.99, "Total Cost": 74107.0, "Plan Rows": 1, "Plan Width": 49, "Actual Startup Time": 633.715, "Actual Total Time": 633.716, "Actual Rows": 1, "Actual Loops": 1, "Plans": [{"Node Type": "Nested Loop", "Parent Relationship": "Outer", "Join Type": "Inner", "Startup Cost": 0.0, "Total Cost": 74102.19, "Plan Rows": 1919, "Plan Width": 17, "Actual Startup Time": 633.706, "Actual Total Time": 633.706, "Actual Rows": 0, "Actual Loops": 1, "Inner Unique": true, "Plans": [{"Node Type": "Nested Loop", "Parent Relationship": "Outer", "Join Type": "Inner", "Startup Cost": 0.0, "Total Cost": 73564.77, "Plan Rows": 1919, "Plan Width": 21, "Actual Startup Time": 633.704, "Actual Total Time": 633.704, "Actual Rows": 0, "Actual Loops": 1, "Inner Unique": false, "Plans": [{"Node Type": "Nested Loop", "Parent Relationship": "Outer", "Join Type": "Inner", "Startup Cost": 0.0, "Total Cost": 71285.47, "Plan Rows": 1869, "Plan Width": 25, "Actual Startup Time": 633.703, "Actual Total Time": 633.703, "Actual Rows": 0, "Actual Loops": 1, "Inner Unique": true, "Plans": [{"Node Type": "Nested Loop", "Parent Relationship": "Outer", "Join Type": "Inner", "Startup Cost": 0.0, "Total Cost": 59668.05, "Plan Rows": 1540, "Plan Width": 4, "Actual Startup Time": 633.702, "Actual Total Time": 633.702, "Actual Rows": 0, "Actual Loops": 1, "Inner Unique": false, "Plans": [{"Node Type": "Index Scan", "Parent Relationship": "Outer", "Scan Direction": "Forward", "Index Name": "company_type_pkey", "Relation Name": "company_type", "Alias": "ct", "Startup Cost": 0.0, "Total Cost": 12.3, "Plan Rows": 1, "Plan Width": 4, "Actual Startup Time": 0.021, "Actual Total Time": 0.027, "Actual Rows": 1, "Actual Loops": 1, "Filter": "((kind)::text = 'production companies'::text)", "Rows Removed by Filter": 2}, {"Node Type": "Index Scan", "Parent Relationship": "Inner", "Scan Direction": "Forward", "Index Name": "company_type_id_movie_companies", "Relation Name": "movie_companies", "Alias": "mc", "Startup Cost": 0.0, "Total Cost": 59640.35, "Plan Rows": 1540, "Plan Width": 8, "Actual Startup Time": 633.668, "Actual Total Time": 633.668, "Actual Rows": 0, "Actual Loops": 1, "Index Cond": "(company_type_id = ct.id)", "Rows Removed by Index Recheck": 0, "Filter": "(((note)::text ~~ '%(theatrical)%'::text) AND ((note)::text ~~ '%(France)%'::text))", "Rows Removed by Filter": 1334883}]}, {"Node Type": "Index Scan", "Parent Relationship": "Inner", "Scan Direction": "Forward", "Index Name": "title_pkey", "Relation Name": "title", "Alias": "t", "Startup Cost": 0.0, "Total Cost": 7.53, "Plan Rows": 1, "Plan Width": 21, "Actual Startup Time": 0.0, "Actual Total Time": 0.0, "Index Cond": "(id = mc.movie_id)", "Rows Removed by Index Recheck": 0, "Filter": "(production_year > 2005)", "Rows Removed by Filter": 0}]}, {"Node Type": "Index Scan", "Parent Relationship": "Inner", "Scan Direction": "Forward", "Index Name": "movie_id_movie_info", "Relation Name": "movie_info", "Alias": "mi", "Startup Cost": 0.0, "Total Cost": 1.21, "Plan Rows": 1, "Plan Width": 8, "Actual Startup Time": 0.0, "Actual Total Time": 0.0, "Index Cond": "(movie_id = t.id)", "Rows Removed by Index Recheck": 0, "Filter": "((info)::text = ANY ('{Sweden,Norway,Germany,Denmark,Swedish,Denish,Norwegian,German}'::text[]))", "Rows Removed by Filter": 0}]}, {"Node Type": "Index Only Scan", "Parent Relationship": "Inner", "Scan Direction": "Forward", "Index Name": "info_type_pkey", "Relation Name": "info_type", "Alias": "it", "Startup Cost": 0.0, "Total Cost": 0.27, "Plan Rows": 1, "Plan Width": 4, "Actual Startup Time": 0.0, "Actual Total Time": 0.0, "Index Cond": "(id = mi.info_type_id)", "Rows Removed by Index Recheck": 0, "Heap Fetches": 0}]}]}, "Triggers": [], "Planner Runtime": 6.763, "Total Runtime": 633.955, "Unique SQL Id": 2510907716}}, "(1, '106')": {"explain_plan": {"Plan": {"Node Type": "Aggregate", "Strategy": "Plain", "Startup Cost": 580249.19, "Total Cost": 580249.2, "Plan Rows": 1, "Plan Width": 49, "Plans": [{"Node Type": "Hash Join", "Parent Relationship": "Outer", "Join Type": "Inner", "Startup Cost": 133996.98, "Total Cost": 580244.4, "Plan Rows": 1919, "Plan Width": 17, "Inner Unique": true, "Hash Cond": "(mi.info_type_id = it.id)", "Plans": [{"Node Type": "Hash Join", "Parent Relationship": "Outer", "Join Type": "Inner", "Startup Cost": 133993.46, "Total Cost": 580214.49, "Plan Rows": 1919, "Plan Width": 21, "Inner Unique": false, "Hash Cond": "(mi.movie_id = t.id)", "Plans": [{"Node Type": "Seq Scan", "Parent Relationship": "Outer", "Relation Name": "movie_info", "Alias": "mi", "Startup Cost": 0.0, "Total Cost": 445687.32, "Plan Rows": 141478, "Plan Width": 8, "Filter": "((info)::text = ANY ('{Sweden,Norway,Germany,Denmark,Swedish,Denish,Norwegian,German}'::text[]))"}, {"Node Type": "Hash", "Parent Relationship": "Inner", "Startup Cost": 133970.09, "Total Cost": 133970.09, "Plan Rows": 1869, "Plan Width": 25, "Plans": [{"Node Type": "Hash Join", "Parent Relationship": "Outer", "Join Type": "Inner", "Startup Cost": 79059.59, "Total Cost": 133970.09, "Plan Rows": 1869, "Plan Width": 25, "Inner Unique": true, "Hash Cond": "(mc.movie_id = t.id)", "Plans": [{"Node Type": "Hash Join", "Parent Relationship": "Outer", "Join Type": "Inner", "Startup Cost": 1.05, "Total Cost": 54887.09, "Plan Rows": 1540, "Plan Width": 4, "Inner Unique": true, "Hash Cond": "(mc.company_type_id = ct.id)", "Plans": [{"Node Type": "Seq Scan", "Parent Relationship": "Outer", "Relation Name": "movie_companies", "Alias": "mc", "Startup Cost": 0.0, "Total Cost": 54862.92, "Plan Rows": 3081, "Plan Width": 8, "Filter": "(((note)::text ~~ '%(theatrical)%'::text) AND ((note)::text ~~ '%(France)%'::text))"}, {"Node Type": "Hash", "Parent Relationship": "Inner", "Startup Cost": 1.04, "Total Cost": 1.04, "Plan Rows": 1, "Plan Width": 4, "Plans": [{"Node Type": "Seq Scan", "Parent Relationship": "Outer", "Relation Name": "company_type", "Alias": "ct", "Startup Cost": 0.0, "Total Cost": 1.04, "Plan Rows": 1, "Plan Width": 4, "Filter": "((kind)::text = 'production companies'::text)"}]}]}, {"Node Type": "Hash", "Parent Relationship": "Inner", "Startup Cost": 66389.89, "Total Cost": 66389.89, "Plan Rows": 1013492, "Plan Width": 21, "Plans": [{"Node Type": "Seq Scan", "Parent Relationship": "Outer", "Relation Name": "title", "Alias": "t", "Startup Cost": 0.0, "Total Cost": 66389.89, "Plan Rows": 1013492, "Plan Width": 21, "Filter": "(production_year > 2005), (LLVM Optimized)"}]}]}]}]}, {"Node Type": "Hash", "Parent Relationship": "Inner", "Startup Cost": 2.12, "Total Cost": 2.12, "Plan Rows": 112, "Plan Width": 4, "Plans": [{"Node Type": "Seq Scan", "Parent Relationship": "Outer", "Relation Name": "info_type", "Alias": "it", "Startup Cost": 0.0, "Total Cost": 2.12, "Plan Rows": 112, "Plan Width": 4}]}]}]}, "Unique SQL Id": 2510907716, "Planner Runtime": 5}, "explain_analyze_plan": {"Plan": {"Node Type": "Aggregate", "Strategy": "Plain", "Startup Cost": 580249.19, "Total Cost": 580249.2, "Plan Rows": 1, "Plan Width": 49, "Actual Startup Time": 1040.466, "Actual Total Time": 1040.468, "Actual Rows": 1, "Actual Loops": 1, "Plans": [{"Node Type": "Hash Join", "Parent Relationship": "Outer", "Join Type": "Inner", "Startup Cost": 133996.98, "Total Cost": 580244.4, "Plan Rows": 1919, "Plan Width": 17, "Actual Startup Time": 1040.455, "Actual Total Time": 1040.455, "Actual Rows": 0, "Actual Loops": 1, "Inner Unique": true, "Hash Cond": "(mi.info_type_id = it.id)", "Plans": [{"Node Type": "Hash Join", "Parent Relationship": "Outer", "Join Type": "Inner", "Startup Cost": 133993.46, "Total Cost": 580214.49, "Plan Rows": 1919, "Plan Width": 21, "Actual Startup Time": 1040.309, "Actual Total Time": 1040.309, "Actual Rows": 0, "Actual Loops": 1, "Inner Unique": false, "Hash Cond": "(mi.movie_id = t.id)", "Plans": [{"Node Type": "Seq Scan", "Parent Relationship": "Outer", "Relation Name": "movie_info", "Alias": "mi", "Startup Cost": 0.0, "Total Cost": 445687.32, "Plan Rows": 141478, "Plan Width": 8, "Actual Startup Time": 3.107, "Actual Total Time": 3.107, "Actual Rows": 1, "Actual Loops": 1, "Filter": "((info)::text = ANY ('{Sweden,Norway,Germany,Denmark,Swedish,Denish,Norwegian,German}'::text[]))", "Rows Removed by Filter": 5685}, {"Node Type": "Hash", "Parent Relationship": "Inner", "Startup Cost": 133970.09, "Total Cost": 133970.09, "Plan Rows": 1869, "Plan Width": 25, "Actual Startup Time": 1037.157, "Actual Total Time": 1037.157, "Actual Rows": 0, "Actual Loops": 1, "Hash Buckets": 32768, "Hash Batches": 1, "Original Hash Batches": 1, "Peak Memory Usage": 0, "Plans": [{"Node Type": "Hash Join", "Parent Relationship": "Outer", "Join Type": "Inner", "Startup Cost": 79059.59, "Total Cost": 133970.09, "Plan Rows": 1869, "Plan Width": 25, "Actual Startup Time": 1037.151, "Actual Total Time": 1037.151, "Actual Rows": 0, "Actual Loops": 1, "Inner Unique": true, "Hash Cond": "(mc.movie_id = t.id)", "Plans": [{"Node Type": "Hash Join", "Parent Relationship": "Outer", "Join Type": "Inner", "Startup Cost": 1.05, "Total Cost": 54887.09, "Plan Rows": 1540, "Plan Width": 4, "Actual Startup Time": 1037.09, "Actual Total Time": 1037.09, "Actual Rows": 0, "Actual Loops": 1, "Inner Unique": true, "Hash Cond": "(mc.company_type_id = ct.id)", "Plans": [{"Node Type": "Seq Scan", "Parent Relationship": "Outer", "Relation Name": "movie_companies", "Alias": "mc", "Startup Cost": 0.0, "Total Cost": 54862.92, "Plan Rows": 3081, "Plan Width": 8, "Actual Startup Time": 8.703, "Actual Total Time": 1032.468, "Actual Rows": 24025, "Actual Loops": 1, "Filter": "(((note)::text ~~ '%(theatrical)%'::text) AND ((note)::text ~~ '%(France)%'::text))", "Rows Removed by Filter": 2585103}, {"Node Type": "Hash", "Parent Relationship": "Inner", "Startup Cost": 1.04, "Total Cost": 1.04, "Plan Rows": 1, "Plan Width": 4, "Actual Startup Time": 0.017, "Actual Total Time": 0.017, "Actual Rows": 1, "Actual Loops": 1, "Hash Buckets": 32768, "Hash Batches": 1, "Original Hash Batches": 1, "Peak Memory Usage": 1, "Plans": [{"Node Type": "Seq Scan", "Parent Relationship": "Outer", "Relation Name": "company_type", "Alias": "ct", "Startup Cost": 0.0, "Total Cost": 1.04, "Plan Rows": 1, "Plan Width": 4, "Actual Startup Time": 0.012, "Actual Total Time": 0.014, "Actual Rows": 1, "Actual Loops": 1, "Filter": "((kind)::text = 'production companies'::text)", "Rows Removed by Filter": 2}]}]}, {"Node Type": "Hash", "Parent Relationship": "Inner", "Startup Cost": 66389.89, "Total Cost": 66389.89, "Plan Rows": 1013492, "Plan Width": 21, "Actual Startup Time": 0.0, "Actual Total Time": 0.0, "Hash Buckets": 0, "Hash Batches": 0, "Original Hash Batches": 0, "Peak Memory Usage": 0, "Plans": [{"Node Type": "Seq Scan", "Parent Relationship": "Outer", "Relation Name": "title", "Alias": "t", "Startup Cost": 0.0, "Total Cost": 66389.89, "Plan Rows": 1013492, "Plan Width": 21, "Actual Startup Time": 0.0, "Actual Total Time": 0.0, "Filter": "(production_year > 2005), (LLVM Optimized, Jit Execute)", "Rows Removed by Filter": 0}]}]}]}]}, {"Node Type": "Hash", "Parent Relationship": "Inner", "Startup Cost": 2.12, "Total Cost": 2.12, "Plan Rows": 112, "Plan Width": 4, "Actual Startup Time": 0.092, "Actual Total Time": 0.092, "Actual Rows": 112, "Actual Loops": 1, "Hash Buckets": 32768, "Hash Batches": 1, "Original Hash Batches": 1, "Peak Memory Usage": 4, "Plans": [{"Node Type": "Seq Scan", "Parent Relationship": "Outer", "Relation Name": "info_type", "Alias": "it", "Startup Cost": 0.0, "Total Cost": 2.12, "Plan Rows": 112, "Plan Width": 4, "Actual Startup Time": 0.028, "Actual Total Time": 0.047, "Actual Rows": 112, "Actual Loops": 1}]}]}]}, "Triggers": [], "Planner Runtime": 9.11, "Total Runtime": 1049.011, "Unique SQL Id": 2510907716}}, "(1, '107')": {"explain_plan": {"Plan": {"Node Type": "Aggregate", "Strategy": "Plain", "Startup Cost": 5000136184237.1, "Total Cost": 5000136184237.11, "Plan Rows": 1, "Plan Width": 49, "Plans": [{"Node Type": "Hash Join", "Parent Relationship": "Outer", "Join Type": "Inner", "Startup Cost": 3020130213477.81, "Total Cost": 5000136184232.3, "Plan Rows": 1919, "Plan Width": 17, "Inner Unique": true, "Hash Cond": "(mi.movie_id = t.id)", "Plans": [{"Node Type": "Hash Join", "Parent Relationship": "Outer", "Join Type": "Inner", "Startup Cost": 2020118556682.49, "Total Cost": 4000124527411.87, "Plan Rows": 1581, "Plan Width": 8, "Inner Unique": true, "Hash Cond": "(mi.info_type_id = it.id)", "Plans": [{"Node Type": "Hash Join", "Parent Relationship": "Outer", "Join Type": "Inner", "Startup Cost": 1020118555688.09, "Total Cost": 3000124526395.73, "Plan Rows": 1581, "Plan Width": 12, "Inner Unique": false, "Hash Cond": "(mc.movie_id = mi.movie_id)", "Plans": [{"Node Type": "Nested Loop", "Parent Relationship": "Outer", "Join Type": "Inner", "Startup Cost": 20000000000.0, "Total Cost": 2000005965280.65, "Plan Rows": 1540, "Plan Width": 4, "Inner Unique": false, "Plans": [{"Node Type": "Index Scan", "Parent Relationship": "Outer", "Scan Direction": "Forward", "Index Name": "company_type_pkey", "Relation Name": "company_type", "Alias": "ct", "Startup Cost": 10000000000.0, "Total Cost": 1000000001230.25, "Plan Rows": 1, "Plan Width": 4, "Filter": "((kind)::text = 'production companies'::text)"}, {"Node Type": "Index Scan", "Parent Relationship": "Inner", "Scan Direction": "Forward", "Index Name": "company_type_id_movie_companies", "Relation Name": "movie_companies", "Alias": "mc", "Startup Cost": 10000000000.0, "Total Cost": 1000005964035.0, "Plan Rows": 1540, "Plan Width": 8, "Index Cond": "(company_type_id = ct.id)", "Filter": "(((note)::text ~~ '%(theatrical)%'::text) AND ((note)::text ~~ '%(France)%'::text))"}]}, {"Node Type": "Hash", "Parent Relationship": "Inner", "Startup Cost": 1000118553919.62, "Total Cost": 1000118553919.62, "Plan Rows": 141478, "Plan Width": 8, "Plans": [{"Node Type": "Index Scan", "Parent Relationship": "Outer", "Scan Direction": "Forward", "Index Name": "info_type_id_movie_info", "Relation Name": "movie_info", "Alias": "mi", "Startup Cost": 10000000000.0, "Total Cost": 1000118553919.62, "Plan Rows": 141478, "Plan Width": 8, "Filter": "((info)::text = ANY ('{Sweden,Norway,Germany,Denmark,Swedish,Denish,Norwegian,German}'::text[]))"}]}]}, {"Node Type": "Hash", "Parent Relationship": "Inner", "Startup Cost": 1000000000993.0, "Total Cost": 1000000000993.0, "Plan Rows": 112, "Plan Width": 4, "Plans": [{"Node Type": "Index Only Scan", "Parent Relationship": "Outer", "Scan Direction": "Forward", "Index Name": "info_type_pkey", "Relation Name": "info_type", "Alias": "it", "Startup Cost": 10000000000.0, "Total Cost": 1000000000993.0, "Plan Rows": 112, "Plan Width": 4}]}]}, {"Node Type": "Hash", "Parent Relationship": "Inner", "Startup Cost": 1000011644126.66, "Total Cost": 1000011644126.66, "Plan Rows": 1013492, "Plan Width": 21, "Plans": [{"Node Type": "Index Scan", "Parent Relationship": "Outer", "Scan Direction": "Forward", "Index Name": "title_pkey", "Relation Name": "title", "Alias": "t", "Startup Cost": 10000000000.0, "Total Cost": 1000011644126.66, "Plan Rows": 1013492, "Plan Width": 21, "Filter": "(production_year > 2005), (LLVM Optimized)"}]}]}]}, "Unique SQL Id": 2510907716, "Planner Runtime": 5}, "explain_analyze_plan": null}, "(1, '108')": {"explain_plan": {"Plan": {"Node Type": "Aggregate", "Strategy": "Plain", "Startup Cost": 69326.08, "Total Cost": 69326.09, "Plan Rows": 1, "Plan Width": 49, "Plans": [{"Node Type": "Nested Loop", "Parent Relationship": "Outer", "Join Type": "Inner", "Startup Cost": 1.05, "Total Cost": 69321.29, "Plan Rows": 1919, "Plan Width": 17, "Inner Unique": true, "Plans": [{"Node Type": "Nested Loop", "Parent Relationship": "Outer", "Join Type": "Inner", "Startup Cost": 1.05, "Total Cost": 68783.8, "Plan Rows": 1919, "Plan Width": 21, "Inner Unique": false, "Plans": [{"Node Type": "Nested Loop", "Parent Relationship": "Outer", "Join Type": "Inner", "Startup Cost": 1.05, "Total Cost": 66504.51, "Plan Rows": 1869, "Plan Width": 25, "Inner Unique": true, "Plans": [{"Node Type": "Hash Join", "Parent Relationship": "Outer", "Join Type": "Inner", "Startup Cost": 1.05, "Total Cost": 54887.09, "Plan Rows": 1540, "Plan Width": 4, "Inner Unique": true, "Hash Cond": "(mc.company_type_id = ct.id)", "Plans": [{"Node Type": "Seq Scan", "Parent Relationship": "Outer", "Relation Name": "movie_companies", "Alias": "mc", "Startup Cost": 0.0, "Total Cost": 54862.92, "Plan Rows": 3081, "Plan Width": 8, "Filter": "(((note)::text ~~ '%(theatrical)%'::text) AND ((note)::text ~~ '%(France)%'::text))"}, {"Node Type": "Hash", "Parent Relationship": "Inner", "Startup Cost": 1.04, "Total Cost": 1.04, "Plan Rows": 1, "Plan Width": 4, "Plans": [{"Node Type": "Seq Scan", "Parent Relationship": "Outer", "Relation Name": "company_type", "Alias": "ct", "Startup Cost": 0.0, "Total Cost": 1.04, "Plan Rows": 1, "Plan Width": 4, "Filter": "((kind)::text = 'production companies'::text)"}]}]}, {"Node Type": "Index Scan", "Parent Relationship": "Inner", "Scan Direction": "Forward", "Index Name": "title_pkey", "Relation Name": "title", "Alias": "t", "Startup Cost": 0.0, "Total Cost": 7.53, "Plan Rows": 1, "Plan Width": 21, "Index Cond": "(id = mc.movie_id)", "Filter": "(production_year > 2005)"}]}, {"Node Type": "Index Scan", "Parent Relationship": "Inner", "Scan Direction": "Forward", "Index Name": "movie_id_movie_info", "Relation Name": "movie_info", "Alias": "mi", "Startup Cost": 0.0, "Total Cost": 1.21, "Plan Rows": 1, "Plan Width": 8, "Index Cond": "(movie_id = t.id)", "Filter": "((info)::text = ANY ('{Sweden,Norway,Germany,Denmark,Swedish,Denish,Norwegian,German}'::text[]))"}]}, {"Node Type": "Index Scan", "Parent Relationship": "Inner", "Scan Direction": "Forward", "Index Name": "info_type_pkey", "Relation Name": "info_type", "Alias": "it", "Startup Cost": 0.0, "Total Cost": 0.27, "Plan Rows": 1, "Plan Width": 4, "Index Cond": "(id = mi.info_type_id)"}]}]}, "Unique SQL Id": 2510907716, "Planner Runtime": 4}, "explain_analyze_plan": {"Plan": {"Node Type": "Aggregate", "Strategy": "Plain", "Startup Cost": 69326.08, "Total Cost": 69326.09, "Plan Rows": 1, "Plan Width": 49, "Actual Startup Time": 1028.362, "Actual Total Time": 1028.362, "Actual Rows": 1, "Actual Loops": 1, "Plans": [{"Node Type": "Nested Loop", "Parent Relationship": "Outer", "Join Type": "Inner", "Startup Cost": 1.05, "Total Cost": 69321.29, "Plan Rows": 1919, "Plan Width": 17, "Actual Startup Time": 1028.351, "Actual Total Time": 1028.351, "Actual Rows": 0, "Actual Loops": 1, "Inner Unique": true, "Plans": [{"Node Type": "Nested Loop", "Parent Relationship": "Outer", "Join Type": "Inner", "Startup Cost": 1.05, "Total Cost": 68783.8, "Plan Rows": 1919, "Plan Width": 21, "Actual Startup Time": 1028.35, "Actual Total Time": 1028.35, "Actual Rows": 0, "Actual Loops": 1, "Inner Unique": false, "Plans": [{"Node Type": "Nested Loop", "Parent Relationship": "Outer", "Join Type": "Inner", "Startup Cost": 1.05, "Total Cost": 66504.51, "Plan Rows": 1869, "Plan Width": 25, "Actual Startup Time": 1028.349, "Actual Total Time": 1028.349, "Actual Rows": 0, "Actual Loops": 1, "Inner Unique": true, "Plans": [{"Node Type": "Hash Join", "Parent Relationship": "Outer", "Join Type": "Inner", "Startup Cost": 1.05, "Total Cost": 54887.09, "Plan Rows": 1540, "Plan Width": 4, "Actual Startup Time": 1028.299, "Actual Total Time": 1028.299, "Actual Rows": 0, "Actual Loops": 1, "Inner Unique": true, "Hash Cond": "(mc.company_type_id = ct.id)", "Plans": [{"Node Type": "Seq Scan", "Parent Relationship": "Outer", "Relation Name": "movie_companies", "Alias": "mc", "Startup Cost": 0.0, "Total Cost": 54862.92, "Plan Rows": 3081, "Plan Width": 8, "Actual Startup Time": 8.695, "Actual Total Time": 1023.62, "Actual Rows": 24025, "Actual Loops": 1, "Filter": "(((note)::text ~~ '%(theatrical)%'::text) AND ((note)::text ~~ '%(France)%'::text))", "Rows Removed by Filter": 2585103}, {"Node Type": "Hash", "Parent Relationship": "Inner", "Startup Cost": 1.04, "Total Cost": 1.04, "Plan Rows": 1, "Plan Width": 4, "Actual Startup Time": 0.023, "Actual Total Time": 0.023, "Actual Rows": 1, "Actual Loops": 1, "Hash Buckets": 32768, "Hash Batches": 1, "Original Hash Batches": 1, "Peak Memory Usage": 1, "Plans": [{"Node Type": "Seq Scan", "Parent Relationship": "Outer", "Relation Name": "company_type", "Alias": "ct", "Startup Cost": 0.0, "Total Cost": 1.04, "Plan Rows": 1, "Plan Width": 4, "Actual Startup Time": 0.014, "Actual Total Time": 0.016, "Actual Rows": 1, "Actual Loops": 1, "Filter": "((kind)::text = 'production companies'::text)", "Rows Removed by Filter": 2}]}]}, {"Node Type": "Index Scan", "Parent Relationship": "Inner", "Scan Direction": "Forward", "Index Name": "title_pkey", "Relation Name": "title", "Alias": "t", "Startup Cost": 0.0, "Total Cost": 7.53, "Plan Rows": 1, "Plan Width": 21, "Actual Startup Time": 0.0, "Actual Total Time": 0.0, "Index Cond": "(id = mc.movie_id)", "Rows Removed by Index Recheck": 0, "Filter": "(production_year > 2005)", "Rows Removed by Filter": 0}]}, {"Node Type": "Index Scan", "Parent Relationship": "Inner", "Scan Direction": "Forward", "Index Name": "movie_id_movie_info", "Relation Name": "movie_info", "Alias": "mi", "Startup Cost": 0.0, "Total Cost": 1.21, "Plan Rows": 1, "Plan Width": 8, "Actual Startup Time": 0.0, "Actual Total Time": 0.0, "Index Cond": "(movie_id = t.id)", "Rows Removed by Index Recheck": 0, "Filter": "((info)::text = ANY ('{Sweden,Norway,Germany,Denmark,Swedish,Denish,Norwegian,German}'::text[]))", "Rows Removed by Filter": 0}]}, {"Node Type": "Index Scan", "Parent Relationship": "Inner", "Scan Direction": "Forward", "Index Name": "info_type_pkey", "Relation Name": "info_type", "Alias": "it", "Startup Cost": 0.0, "Total Cost": 0.27, "Plan Rows": 1, "Plan Width": 4, "Actual Startup Time": 0.0, "Actual Total Time": 0.0, "Index Cond": "(id = mi.info_type_id)", "Rows Removed by Index Recheck": 0}]}]}, "Triggers": [], "Planner Runtime": 7.427, "Total Runtime": 1028.635, "Unique SQL Id": 2510907716}}, "(1, '109')": {"explain_plan": {"Plan": {"Node Type": "Aggregate", "Strategy": "Plain", "Startup Cost": 74107.05, "Total Cost": 74107.06, "Plan Rows": 1, "Plan Width": 49, "Plans": [{"Node Type": "Nested Loop", "Parent Relationship": "Outer", "Join Type": "Inner", "Startup Cost": 0.0, "Total Cost": 74102.25, "Plan Rows": 1919, "Plan Width": 17, "Inner Unique": true, "Plans": [{"Node Type": "Nested Loop", "Parent Relationship": "Outer", "Join Type": "Inner", "Startup Cost": 0.0, "Total Cost": 73564.77, "Plan Rows": 1919, "Plan Width": 21, "Inner Unique": false, "Plans": [{"Node Type": "Nested Loop", "Parent Relationship": "Outer", "Join Type": "Inner", "Startup Cost": 0.0, "Total Cost": 71285.47, "Plan Rows": 1869, "Plan Width": 25, "Inner Unique": true, "Plans": [{"Node Type": "Nested Loop", "Parent Relationship": "Outer", "Join Type": "Inner", "Startup Cost": 0.0, "Total Cost": 59668.05, "Plan Rows": 1540, "Plan Width": 4, "Inner Unique": false, "Plans": [{"Node Type": "Index Scan", "Parent Relationship": "Outer", "Scan Direction": "Forward", "Index Name": "company_type_pkey", "Relation Name": "company_type", "Alias": "ct", "Startup Cost": 0.0, "Total Cost": 12.3, "Plan Rows": 1, "Plan Width": 4, "Filter": "((kind)::text = 'production companies'::text)"}, {"Node Type": "Index Scan", "Parent Relationship": "Inner", "Scan Direction": "Forward", "Index Name": "company_type_id_movie_companies", "Relation Name": "movie_companies", "Alias": "mc", "Startup Cost": 0.0, "Total Cost": 59640.35, "Plan Rows": 1540, "Plan Width": 8, "Index Cond": "(company_type_id = ct.id)", "Filter": "(((note)::text ~~ '%(theatrical)%'::text) AND ((note)::text ~~ '%(France)%'::text))"}]}, {"Node Type": "Index Scan", "Parent Relationship": "Inner", "Scan Direction": "Forward", "Index Name": "title_pkey", "Relation Name": "title", "Alias": "t", "Startup Cost": 0.0, "Total Cost": 7.53, "Plan Rows": 1, "Plan Width": 21, "Index Cond": "(id = mc.movie_id)", "Filter": "(production_year > 2005)"}]}, {"Node Type": "Index Scan", "Parent Relationship": "Inner", "Scan Direction": "Forward", "Index Name": "movie_id_movie_info", "Relation Name": "movie_info", "Alias": "mi", "Startup Cost": 0.0, "Total Cost": 1.21, "Plan Rows": 1, "Plan Width": 8, "Index Cond": "(movie_id = t.id)", "Filter": "((info)::text = ANY ('{Sweden,Norway,Germany,Denmark,Swedish,Denish,Norwegian,German}'::text[]))"}]}, {"Node Type": "Index Scan", "Parent Relationship": "Inner", "Scan Direction": "Forward", "Index Name": "info_type_pkey", "Relation Name": "info_type", "Alias": "it", "Startup Cost": 0.0, "Total Cost": 0.27, "Plan Rows": 1, "Plan Width": 4, "Index Cond": "(id = mi.info_type_id)"}]}]}, "Unique SQL Id": 2510907716, "Planner Runtime": 3}, "explain_analyze_plan": {"Plan": {"Node Type": "Aggregate", "Strategy": "Plain", "Startup Cost": 74107.05, "Total Cost": 74107.06, "Plan Rows": 1, "Plan Width": 49, "Actual Startup Time": 752.93, "Actual Total Time": 752.931, "Actual Rows": 1, "Actual Loops": 1, "Plans": [{"Node Type": "Nested Loop", "Parent Relationship": "Outer", "Join Type": "Inner", "Startup Cost": 0.0, "Total Cost": 74102.25, "Plan Rows": 1919, "Plan Width": 17, "Actual Startup Time": 752.924, "Actual Total Time": 752.924, "Actual Rows": 0, "Actual Loops": 1, "Inner Unique": true, "Plans": [{"Node Type": "Nested Loop", "Parent Relationship": "Outer", "Join Type": "Inner", "Startup Cost": 0.0, "Total Cost": 73564.77, "Plan Rows": 1919, "Plan Width": 21, "Actual Startup Time": 752.922, "Actual Total Time": 752.922, "Actual Rows": 0, "Actual Loops": 1, "Inner Unique": false, "Plans": [{"Node Type": "Nested Loop", "Parent Relationship": "Outer", "Join Type": "Inner", "Startup Cost": 0.0, "Total Cost": 71285.47, "Plan Rows": 1869, "Plan Width": 25, "Actual Startup Time": 752.921, "Actual Total Time": 752.921, "Actual Rows": 0, "Actual Loops": 1, "Inner Unique": true, "Plans": [{"Node Type": "Nested Loop", "Parent Relationship": "Outer", "Join Type": "Inner", "Startup Cost": 0.0, "Total Cost": 59668.05, "Plan Rows": 1540, "Plan Width": 4, "Actual Startup Time": 752.919, "Actual Total Time": 752.919, "Actual Rows": 0, "Actual Loops": 1, "Inner Unique": false, "Plans": [{"Node Type": "Index Scan", "Parent Relationship": "Outer", "Scan Direction": "Forward", "Index Name": "company_type_pkey", "Relation Name": "company_type", "Alias": "ct", "Startup Cost": 0.0, "Total Cost": 12.3, "Plan Rows": 1, "Plan Width": 4, "Actual Startup Time": 0.015, "Actual Total Time": 0.026, "Actual Rows": 1, "Actual Loops": 1, "Filter": "((kind)::text = 'production companies'::text)", "Rows Removed by Filter": 2}, {"Node Type": "Index Scan", "Parent Relationship": "Inner", "Scan Direction": "Forward", "Index Name": "company_type_id_movie_companies", "Relation Name": "movie_companies", "Alias": "mc", "Startup Cost": 0.0, "Total Cost": 59640.35, "Plan Rows": 1540, "Plan Width": 8, "Actual Startup Time": 752.888, "Actual Total Time": 752.888, "Actual Rows": 0, "Actual Loops": 1, "Index Cond": "(company_type_id = ct.id)", "Rows Removed by Index Recheck": 0, "Filter": "(((note)::text ~~ '%(theatrical)%'::text) AND ((note)::text ~~ '%(France)%'::text))", "Rows Removed by Filter": 1334883}]}, {"Node Type": "Index Scan", "Parent Relationship": "Inner", "Scan Direction": "Forward", "Index Name": "title_pkey", "Relation Name": "title", "Alias": "t", "Startup Cost": 0.0, "Total Cost": 7.53, "Plan Rows": 1, "Plan Width": 21, "Actual Startup Time": 0.0, "Actual Total Time": 0.0, "Index Cond": "(id = mc.movie_id)", "Rows Removed by Index Recheck": 0, "Filter": "(production_year > 2005)", "Rows Removed by Filter": 0}]}, {"Node Type": "Index Scan", "Parent Relationship": "Inner", "Scan Direction": "Forward", "Index Name": "movie_id_movie_info", "Relation Name": "movie_info", "Alias": "mi", "Startup Cost": 0.0, "Total Cost": 1.21, "Plan Rows": 1, "Plan Width": 8, "Actual Startup Time": 0.0, "Actual Total Time": 0.0, "Index Cond": "(movie_id = t.id)", "Rows Removed by Index Recheck": 0, "Filter": "((info)::text = ANY ('{Sweden,Norway,Germany,Denmark,Swedish,Denish,Norwegian,German}'::text[]))", "Rows Removed by Filter": 0}]}, {"Node Type": "Index Scan", "Parent Relationship": "Inner", "Scan Direction": "Forward", "Index Name": "info_type_pkey", "Relation Name": "info_type", "Alias": "it", "Startup Cost": 0.0, "Total Cost": 0.27, "Plan Rows": 1, "Plan Width": 4, "Actual Startup Time": 0.0, "Actual Total Time": 0.0, "Index Cond": "(id = mi.info_type_id)", "Rows Removed by Index Recheck": 0}]}]}, "Triggers": [], "Planner Runtime": 6.967, "Total Runtime": 753.211, "Unique SQL Id": 2510907716}}, "(1, '110')": {"explain_plan": {"Plan": {"Node Type": "Aggregate", "Strategy": "Plain", "Startup Cost": 580249.19, "Total Cost": 580249.2, "Plan Rows": 1, "Plan Width": 49, "Plans": [{"Node Type": "Hash Join", "Parent Relationship": "Outer", "Join Type": "Inner", "Startup Cost": 133996.98, "Total Cost": 580244.4, "Plan Rows": 1919, "Plan Width": 17, "Inner Unique": true, "Hash Cond": "(mi.info_type_id = it.id)", "Plans": [{"Node Type": "Hash Join", "Parent Relationship": "Outer", "Join Type": "Inner", "Startup Cost": 133993.46, "Total Cost": 580214.49, "Plan Rows": 1919, "Plan Width": 21, "Inner Unique": false, "Hash Cond": "(mi.movie_id = t.id)", "Plans": [{"Node Type": "Seq Scan", "Parent Relationship": "Outer", "Relation Name": "movie_info", "Alias": "mi", "Startup Cost": 0.0, "Total Cost": 445687.32, "Plan Rows": 141478, "Plan Width": 8, "Filter": "((info)::text = ANY ('{Sweden,Norway,Germany,Denmark,Swedish,Denish,Norwegian,German}'::text[]))"}, {"Node Type": "Hash", "Parent Relationship": "Inner", "Startup Cost": 133970.09, "Total Cost": 133970.09, "Plan Rows": 1869, "Plan Width": 25, "Plans": [{"Node Type": "Hash Join", "Parent Relationship": "Outer", "Join Type": "Inner", "Startup Cost": 79059.59, "Total Cost": 133970.09, "Plan Rows": 1869, "Plan Width": 25, "Inner Unique": true, "Hash Cond": "(mc.movie_id = t.id)", "Plans": [{"Node Type": "Hash Join", "Parent Relationship": "Outer", "Join Type": "Inner", "Startup Cost": 1.05, "Total Cost": 54887.09, "Plan Rows": 1540, "Plan Width": 4, "Inner Unique": true, "Hash Cond": "(mc.company_type_id = ct.id)", "Plans": [{"Node Type": "Seq Scan", "Parent Relationship": "Outer", "Relation Name": "movie_companies", "Alias": "mc", "Startup Cost": 0.0, "Total Cost": 54862.92, "Plan Rows": 3081, "Plan Width": 8, "Filter": "(((note)::text ~~ '%(theatrical)%'::text) AND ((note)::text ~~ '%(France)%'::text))"}, {"Node Type": "Hash", "Parent Relationship": "Inner", "Startup Cost": 1.04, "Total Cost": 1.04, "Plan Rows": 1, "Plan Width": 4, "Plans": [{"Node Type": "Seq Scan", "Parent Relationship": "Outer", "Relation Name": "company_type", "Alias": "ct", "Startup Cost": 0.0, "Total Cost": 1.04, "Plan Rows": 1, "Plan Width": 4, "Filter": "((kind)::text = 'production companies'::text)"}]}]}, {"Node Type": "Hash", "Parent Relationship": "Inner", "Startup Cost": 66389.89, "Total Cost": 66389.89, "Plan Rows": 1013492, "Plan Width": 21, "Plans": [{"Node Type": "Seq Scan", "Parent Relationship": "Outer", "Relation Name": "title", "Alias": "t", "Startup Cost": 0.0, "Total Cost": 66389.89, "Plan Rows": 1013492, "Plan Width": 21, "Filter": "(production_year > 2005), (LLVM Optimized)"}]}]}]}]}, {"Node Type": "Hash", "Parent Relationship": "Inner", "Startup Cost": 2.12, "Total Cost": 2.12, "Plan Rows": 112, "Plan Width": 4, "Plans": [{"Node Type": "Seq Scan", "Parent Relationship": "Outer", "Relation Name": "info_type", "Alias": "it", "Startup Cost": 0.0, "Total Cost": 2.12, "Plan Rows": 112, "Plan Width": 4}]}]}]}, "Unique SQL Id": 2510907716, "Planner Runtime": 5}, "explain_analyze_plan": {"Plan": {"Node Type": "Aggregate", "Strategy": "Plain", "Startup Cost": 580249.19, "Total Cost": 580249.2, "Plan Rows": 1, "Plan Width": 49, "Actual Startup Time": 1040.466, "Actual Total Time": 1040.468, "Actual Rows": 1, "Actual Loops": 1, "Plans": [{"Node Type": "Hash Join", "Parent Relationship": "Outer", "Join Type": "Inner", "Startup Cost": 133996.98, "Total Cost": 580244.4, "Plan Rows": 1919, "Plan Width": 17, "Actual Startup Time": 1040.455, "Actual Total Time": 1040.455, "Actual Rows": 0, "Actual Loops": 1, "Inner Unique": true, "Hash Cond": "(mi.info_type_id = it.id)", "Plans": [{"Node Type": "Hash Join", "Parent Relationship": "Outer", "Join Type": "Inner", "Startup Cost": 133993.46, "Total Cost": 580214.49, "Plan Rows": 1919, "Plan Width": 21, "Actual Startup Time": 1040.309, "Actual Total Time": 1040.309, "Actual Rows": 0, "Actual Loops": 1, "Inner Unique": false, "Hash Cond": "(mi.movie_id = t.id)", "Plans": [{"Node Type": "Seq Scan", "Parent Relationship": "Outer", "Relation Name": "movie_info", "Alias": "mi", "Startup Cost": 0.0, "Total Cost": 445687.32, "Plan Rows": 141478, "Plan Width": 8, "Actual Startup Time": 3.107, "Actual Total Time": 3.107, "Actual Rows": 1, "Actual Loops": 1, "Filter": "((info)::text = ANY ('{Sweden,Norway,Germany,Denmark,Swedish,Denish,Norwegian,German}'::text[]))", "Rows Removed by Filter": 5685}, {"Node Type": "Hash", "Parent Relationship": "Inner", "Startup Cost": 133970.09, "Total Cost": 133970.09, "Plan Rows": 1869, "Plan Width": 25, "Actual Startup Time": 1037.157, "Actual Total Time": 1037.157, "Actual Rows": 0, "Actual Loops": 1, "Hash Buckets": 32768, "Hash Batches": 1, "Original Hash Batches": 1, "Peak Memory Usage": 0, "Plans": [{"Node Type": "Hash Join", "Parent Relationship": "Outer", "Join Type": "Inner", "Startup Cost": 79059.59, "Total Cost": 133970.09, "Plan Rows": 1869, "Plan Width": 25, "Actual Startup Time": 1037.151, "Actual Total Time": 1037.151, "Actual Rows": 0, "Actual Loops": 1, "Inner Unique": true, "Hash Cond": "(mc.movie_id = t.id)", "Plans": [{"Node Type": "Hash Join", "Parent Relationship": "Outer", "Join Type": "Inner", "Startup Cost": 1.05, "Total Cost": 54887.09, "Plan Rows": 1540, "Plan Width": 4, "Actual Startup Time": 1037.09, "Actual Total Time": 1037.09, "Actual Rows": 0, "Actual Loops": 1, "Inner Unique": true, "Hash Cond": "(mc.company_type_id = ct.id)", "Plans": [{"Node Type": "Seq Scan", "Parent Relationship": "Outer", "Relation Name": "movie_companies", "Alias": "mc", "Startup Cost": 0.0, "Total Cost": 54862.92, "Plan Rows": 3081, "Plan Width": 8, "Actual Startup Time": 8.703, "Actual Total Time": 1032.468, "Actual Rows": 24025, "Actual Loops": 1, "Filter": "(((note)::text ~~ '%(theatrical)%'::text) AND ((note)::text ~~ '%(France)%'::text))", "Rows Removed by Filter": 2585103}, {"Node Type": "Hash", "Parent Relationship": "Inner", "Startup Cost": 1.04, "Total Cost": 1.04, "Plan Rows": 1, "Plan Width": 4, "Actual Startup Time": 0.017, "Actual Total Time": 0.017, "Actual Rows": 1, "Actual Loops": 1, "Hash Buckets": 32768, "Hash Batches": 1, "Original Hash Batches": 1, "Peak Memory Usage": 1, "Plans": [{"Node Type": "Seq Scan", "Parent Relationship": "Outer", "Relation Name": "company_type", "Alias": "ct", "Startup Cost": 0.0, "Total Cost": 1.04, "Plan Rows": 1, "Plan Width": 4, "Actual Startup Time": 0.012, "Actual Total Time": 0.014, "Actual Rows": 1, "Actual Loops": 1, "Filter": "((kind)::text = 'production companies'::text)", "Rows Removed by Filter": 2}]}]}, {"Node Type": "Hash", "Parent Relationship": "Inner", "Startup Cost": 66389.89, "Total Cost": 66389.89, "Plan Rows": 1013492, "Plan Width": 21, "Actual Startup Time": 0.0, "Actual Total Time": 0.0, "Hash Buckets": 0, "Hash Batches": 0, "Original Hash Batches": 0, "Peak Memory Usage": 0, "Plans": [{"Node Type": "Seq Scan", "Parent Relationship": "Outer", "Relation Name": "title", "Alias": "t", "Startup Cost": 0.0, "Total Cost": 66389.89, "Plan Rows": 1013492, "Plan Width": 21, "Actual Startup Time": 0.0, "Actual Total Time": 0.0, "Filter": "(production_year > 2005), (LLVM Optimized, Jit Execute)", "Rows Removed by Filter": 0}]}]}]}]}, {"Node Type": "Hash", "Parent Relationship": "Inner", "Startup Cost": 2.12, "Total Cost": 2.12, "Plan Rows": 112, "Plan Width": 4, "Actual Startup Time": 0.092, "Actual Total Time": 0.092, "Actual Rows": 112, "Actual Loops": 1, "Hash Buckets": 32768, "Hash Batches": 1, "Original Hash Batches": 1, "Peak Memory Usage": 4, "Plans": [{"Node Type": "Seq Scan", "Parent Relationship": "Outer", "Relation Name": "info_type", "Alias": "it", "Startup Cost": 0.0, "Total Cost": 2.12, "Plan Rows": 112, "Plan Width": 4, "Actual Startup Time": 0.028, "Actual Total Time": 0.047, "Actual Rows": 112, "Actual Loops": 1}]}]}]}, "Triggers": [], "Planner Runtime": 9.11, "Total Runtime": 1049.011, "Unique SQL Id": 2510907716}}, "(1, '111')": {"explain_plan": {"Plan": {"Node Type": "Aggregate", "Strategy": "Plain", "Startup Cost": 5000136184637.1, "Total Cost": 5000136184637.11, "Plan Rows": 1, "Plan Width": 49, "Plans": [{"Node Type": "Hash Join", "Parent Relationship": "Outer", "Join Type": "Inner", "Startup Cost": 3020130213877.81, "Total Cost": 5000136184632.3, "Plan Rows": 1919, "Plan Width": 17, "Inner Unique": true, "Hash Cond": "(mi.movie_id = t.id)", "Plans": [{"Node Type": "Hash Join", "Parent Relationship": "Outer", "Join Type": "Inner", "Startup Cost": 2020118557082.49, "Total Cost": 4000124527811.87, "Plan Rows": 1581, "Plan Width": 8, "Inner Unique": true, "Hash Cond": "(mi.info_type_id = it.id)", "Plans": [{"Node Type": "Hash Join", "Parent Relationship": "Outer", "Join Type": "Inner", "Startup Cost": 1020118555688.09, "Total Cost": 3000124526395.73, "Plan Rows": 1581, "Plan Width": 12, "Inner Unique": false, "Hash Cond": "(mc.movie_id = mi.movie_id)", "Plans": [{"Node Type": "Nested Loop", "Parent Relationship": "Outer", "Join Type": "Inner", "Startup Cost": 20000000000.0, "Total Cost": 2000005965280.65, "Plan Rows": 1540, "Plan Width": 4, "Inner Unique": false, "Plans": [{"Node Type": "Index Scan", "Parent Relationship": "Outer", "Scan Direction": "Forward", "Index Name": "company_type_pkey", "Relation Name": "company_type", "Alias": "ct", "Startup Cost": 10000000000.0, "Total Cost": 1000000001230.25, "Plan Rows": 1, "Plan Width": 4, "Filter": "((kind)::text = 'production companies'::text)"}, {"Node Type": "Index Scan", "Parent Relationship": "Inner", "Scan Direction": "Forward", "Index Name": "company_type_id_movie_companies", "Relation Name": "movie_companies", "Alias": "mc", "Startup Cost": 10000000000.0, "Total Cost": 1000005964035.0, "Plan Rows": 1540, "Plan Width": 8, "Index Cond": "(company_type_id = ct.id)", "Filter": "(((note)::text ~~ '%(theatrical)%'::text) AND ((note)::text ~~ '%(France)%'::text))"}]}, {"Node Type": "Hash", "Parent Relationship": "Inner", "Startup Cost": 1000118553919.62, "Total Cost": 1000118553919.62, "Plan Rows": 141478, "Plan Width": 8, "Plans": [{"Node Type": "Index Scan", "Parent Relationship": "Outer", "Scan Direction": "Forward", "Index Name": "info_type_id_movie_info", "Relation Name": "movie_info", "Alias": "mi", "Startup Cost": 10000000000.0, "Total Cost": 1000118553919.62, "Plan Rows": 141478, "Plan Width": 8, "Filter": "((info)::text = ANY ('{Sweden,Norway,Germany,Denmark,Swedish,Denish,Norwegian,German}'::text[]))"}]}]}, {"Node Type": "Hash", "Parent Relationship": "Inner", "Startup Cost": 1000000001393.0, "Total Cost": 1000000001393.0, "Plan Rows": 112, "Plan Width": 4, "Plans": [{"Node Type": "Index Scan", "Parent Relationship": "Outer", "Scan Direction": "Forward", "Index Name": "info_type_pkey", "Relation Name": "info_type", "Alias": "it", "Startup Cost": 10000000000.0, "Total Cost": 1000000001393.0, "Plan Rows": 112, "Plan Width": 4}]}]}, {"Node Type": "Hash", "Parent Relationship": "Inner", "Startup Cost": 1000011644126.66, "Total Cost": 1000011644126.66, "Plan Rows": 1013492, "Plan Width": 21, "Plans": [{"Node Type": "Index Scan", "Parent Relationship": "Outer", "Scan Direction": "Forward", "Index Name": "title_pkey", "Relation Name": "title", "Alias": "t", "Startup Cost": 10000000000.0, "Total Cost": 1000011644126.66, "Plan Rows": 1013492, "Plan Width": 21, "Filter": "(production_year > 2005), (LLVM Optimized)"}]}]}]}, "Unique SQL Id": 2510907716, "Planner Runtime": 5}, "explain_analyze_plan": null}, "(1, '112')": {"explain_plan": {"Plan": {"Node Type": "Aggregate", "Strategy": "Plain", "Startup Cost": 69341.41, "Total Cost": 69341.42, "Plan Rows": 1, "Plan Width": 49, "Plans": [{"Node Type": "Nested Loop", "Parent Relationship": "Outer", "Join Type": "Inner", "Startup Cost": 0.0, "Total Cost": 69336.61, "Plan Rows": 1919, "Plan Width": 17, "Inner Unique": true, "Plans": [{"Node Type": "Nested Loop", "Parent Relationship": "Outer", "Join Type": "Inner", "Startup Cost": 0.0, "Total Cost": 68799.18, "Plan Rows": 1919, "Plan Width": 21, "Inner Unique": false, "Plans": [{"Node Type": "Nested Loop", "Parent Relationship": "Outer", "Join Type": "Inner", "Startup Cost": 0.0, "Total Cost": 66519.89, "Plan Rows": 1869, "Plan Width": 25, "Inner Unique": true, "Plans": [{"Node Type": "Nested Loop", "Parent Relationship": "Outer", "Join Type": "Inner", "Startup Cost": 0.0, "Total Cost": 54902.47, "Plan Rows": 1540, "Plan Width": 4, "Inner Unique": false, "Join Filter": "(ct.id = mc.company_type_id)", "Plans": [{"Node Type": "Seq Scan", "Parent Relationship": "Outer", "Relation Name": "company_type", "Alias": "ct", "Startup Cost": 0.0, "Total Cost": 1.04, "Plan Rows": 1, "Plan Width": 4, "Filter": "((kind)::text = 'production companies'::text)"}, {"Node Type": "Seq Scan", "Parent Relationship": "Inner", "Relation Name": "movie_companies", "Alias": "mc", "Startup Cost": 0.0, "Total Cost": 54862.92, "Plan Rows": 3081, "Plan Width": 8, "Filter": "(((note)::text ~~ '%(theatrical)%'::text) AND ((note)::text ~~ '%(France)%'::text))"}]}, {"Node Type": "Index Scan", "Parent Relationship": "Inner", "Scan Direction": "Forward", "Index Name": "title_pkey", "Relation Name": "title", "Alias": "t", "Startup Cost": 0.0, "Total Cost": 7.53, "Plan Rows": 1, "Plan Width": 21, "Index Cond": "(id = mc.movie_id)", "Filter": "(production_year > 2005)"}]}, {"Node Type": "Index Scan", "Parent Relationship": "Inner", "Scan Direction": "Forward", "Index Name": "movie_id_movie_info", "Relation Name": "movie_info", "Alias": "mi", "Startup Cost": 0.0, "Total Cost": 1.21, "Plan Rows": 1, "Plan Width": 8, "Index Cond": "(movie_id = t.id)", "Filter": "((info)::text = ANY ('{Sweden,Norway,Germany,Denmark,Swedish,Denish,Norwegian,German}'::text[]))"}]}, {"Node Type": "Index Only Scan", "Parent Relationship": "Inner", "Scan Direction": "Forward", "Index Name": "info_type_pkey", "Relation Name": "info_type", "Alias": "it", "Startup Cost": 0.0, "Total Cost": 0.27, "Plan Rows": 1, "Plan Width": 4, "Index Cond": "(id = mi.info_type_id)"}]}]}, "Unique SQL Id": 2510907716, "Planner Runtime": 3}, "explain_analyze_plan": {"Plan": {"Node Type": "Aggregate", "Strategy": "Plain", "Startup Cost": 69341.41, "Total Cost": 69341.42, "Plan Rows": 1, "Plan Width": 49, "Actual Startup Time": 1042.689, "Actual Total Time": 1042.69, "Actual Rows": 1, "Actual Loops": 1, "Plans": [{"Node Type": "Nested Loop", "Parent Relationship": "Outer", "Join Type": "Inner", "Startup Cost": 0.0, "Total Cost": 69336.61, "Plan Rows": 1919, "Plan Width": 17, "Actual Startup Time": 1042.681, "Actual Total Time": 1042.681, "Actual Rows": 0, "Actual Loops": 1, "Inner Unique": true, "Plans": [{"Node Type": "Nested Loop", "Parent Relationship": "Outer", "Join Type": "Inner", "Startup Cost": 0.0, "Total Cost": 68799.18, "Plan Rows": 1919, "Plan Width": 21, "Actual Startup Time": 1042.679, "Actual Total Time": 1042.679, "Actual Rows": 0, "Actual Loops": 1, "Inner Unique": false, "Plans": [{"Node Type": "Nested Loop", "Parent Relationship": "Outer", "Join Type": "Inner", "Startup Cost": 0.0, "Total Cost": 66519.89, "Plan Rows": 1869, "Plan Width": 25, "Actual Startup Time": 1042.677, "Actual Total Time": 1042.677, "Actual Rows": 0, "Actual Loops": 1, "Inner Unique": true, "Plans": [{"Node Type": "Nested Loop", "Parent Relationship": "Outer", "Join Type": "Inner", "Startup Cost": 0.0, "Total Cost": 54902.47, "Plan Rows": 1540, "Plan Width": 4, "Actual Startup Time": 1042.676, "Actual Total Time": 1042.676, "Actual Rows": 0, "Actual Loops": 1, "Inner Unique": false, "Join Filter": "(ct.id = mc.company_type_id)", "Rows Removed by Join Filter": 24025, "Plans": [{"Node Type": "Seq Scan", "Parent Relationship": "Outer", "Relation Name": "company_type", "Alias": "ct", "Startup Cost": 0.0, "Total Cost": 1.04, "Plan Rows": 1, "Plan Width": 4, "Actual Startup Time": 0.02, "Actual Total Time": 0.027, "Actual Rows": 1, "Actual Loops": 1, "Filter": "((kind)::text = 'production companies'::text)", "Rows Removed by Filter": 2}, {"Node Type": "Seq Scan", "Parent Relationship": "Inner", "Relation Name": "movie_companies", "Alias": "mc", "Startup Cost": 0.0, "Total Cost": 54862.92, "Plan Rows": 3081, "Plan Width": 8, "Actual Startup Time": 8.674, "Actual Total Time": 1037.406, "Actual Rows": 24025, "Actual Loops": 1, "Filter": "(((note)::text ~~ '%(theatrical)%'::text) AND ((note)::text ~~ '%(France)%'::text))", "Rows Removed by Filter": 2585103}]}, {"Node Type": "Index Scan", "Parent Relationship": "Inner", "Scan Direction": "Forward", "Index Name": "title_pkey", "Relation Name": "title", "Alias": "t", "Startup Cost": 0.0, "Total Cost": 7.53, "Plan Rows": 1, "Plan Width": 21, "Actual Startup Time": 0.0, "Actual Total Time": 0.0, "Index Cond": "(id = mc.movie_id)", "Rows Removed by Index Recheck": 0, "Filter": "(production_year > 2005)", "Rows Removed by Filter": 0}]}, {"Node Type": "Index Scan", "Parent Relationship": "Inner", "Scan Direction": "Forward", "Index Name": "movie_id_movie_info", "Relation Name": "movie_info", "Alias": "mi", "Startup Cost": 0.0, "Total Cost": 1.21, "Plan Rows": 1, "Plan Width": 8, "Actual Startup Time": 0.0, "Actual Total Time": 0.0, "Index Cond": "(movie_id = t.id)", "Rows Removed by Index Recheck": 0, "Filter": "((info)::text = ANY ('{Sweden,Norway,Germany,Denmark,Swedish,Denish,Norwegian,German}'::text[]))", "Rows Removed by Filter": 0}]}, {"Node Type": "Index Only Scan", "Parent Relationship": "Inner", "Scan Direction": "Forward", "Index Name": "info_type_pkey", "Relation Name": "info_type", "Alias": "it", "Startup Cost": 0.0, "Total Cost": 0.27, "Plan Rows": 1, "Plan Width": 4, "Actual Startup Time": 0.0, "Actual Total Time": 0.0, "Index Cond": "(id = mi.info_type_id)", "Rows Removed by Index Recheck": 0, "Heap Fetches": 0}]}]}, "Triggers": [], "Planner Runtime": 7.451, "Total Runtime": 1043.05, "Unique SQL Id": 2510907716}}, "(1, '113')": {"explain_plan": {"Plan": {"Node Type": "Aggregate", "Strategy": "Plain", "Startup Cost": 74106.99, "Total Cost": 74107.0, "Plan Rows": 1, "Plan Width": 49, "Plans": [{"Node Type": "Nested Loop", "Parent Relationship": "Outer", "Join Type": "Inner", "Startup Cost": 0.0, "Total Cost": 74102.19, "Plan Rows": 1919, "Plan Width": 17, "Inner Unique": true, "Plans": [{"Node Type": "Nested Loop", "Parent Relationship": "Outer", "Join Type": "Inner", "Startup Cost": 0.0, "Total Cost": 73564.77, "Plan Rows": 1919, "Plan Width": 21, "Inner Unique": false, "Plans": [{"Node Type": "Nested Loop", "Parent Relationship": "Outer", "Join Type": "Inner", "Startup Cost": 0.0, "Total Cost": 71285.47, "Plan Rows": 1869, "Plan Width": 25, "Inner Unique": true, "Plans": [{"Node Type": "Nested Loop", "Parent Relationship": "Outer", "Join Type": "Inner", "Startup Cost": 0.0, "Total Cost": 59668.05, "Plan Rows": 1540, "Plan Width": 4, "Inner Unique": false, "Plans": [{"Node Type": "Index Scan", "Parent Relationship": "Outer", "Scan Direction": "Forward", "Index Name": "company_type_pkey", "Relation Name": "company_type", "Alias": "ct", "Startup Cost": 0.0, "Total Cost": 12.3, "Plan Rows": 1, "Plan Width": 4, "Filter": "((kind)::text = 'production companies'::text)"}, {"Node Type": "Index Scan", "Parent Relationship": "Inner", "Scan Direction": "Forward", "Index Name": "company_type_id_movie_companies", "Relation Name": "movie_companies", "Alias": "mc", "Startup Cost": 0.0, "Total Cost": 59640.35, "Plan Rows": 1540, "Plan Width": 8, "Index Cond": "(company_type_id = ct.id)", "Filter": "(((note)::text ~~ '%(theatrical)%'::text) AND ((note)::text ~~ '%(France)%'::text))"}]}, {"Node Type": "Index Scan", "Parent Relationship": "Inner", "Scan Direction": "Forward", "Index Name": "title_pkey", "Relation Name": "title", "Alias": "t", "Startup Cost": 0.0, "Total Cost": 7.53, "Plan Rows": 1, "Plan Width": 21, "Index Cond": "(id = mc.movie_id)", "Filter": "(production_year > 2005)"}]}, {"Node Type": "Index Scan", "Parent Relationship": "Inner", "Scan Direction": "Forward", "Index Name": "movie_id_movie_info", "Relation Name": "movie_info", "Alias": "mi", "Startup Cost": 0.0, "Total Cost": 1.21, "Plan Rows": 1, "Plan Width": 8, "Index Cond": "(movie_id = t.id)", "Filter": "((info)::text = ANY ('{Sweden,Norway,Germany,Denmark,Swedish,Denish,Norwegian,German}'::text[]))"}]}, {"Node Type": "Index Only Scan", "Parent Relationship": "Inner", "Scan Direction": "Forward", "Index Name": "info_type_pkey", "Relation Name": "info_type", "Alias": "it", "Startup Cost": 0.0, "Total Cost": 0.27, "Plan Rows": 1, "Plan Width": 4, "Index Cond": "(id = mi.info_type_id)"}]}]}, "Unique SQL Id": 2510907716, "Planner Runtime": 2}, "explain_analyze_plan": {"Plan": {"Node Type": "Aggregate", "Strategy": "Plain", "Startup Cost": 74106.99, "Total Cost": 74107.0, "Plan Rows": 1, "Plan Width": 49, "Actual Startup Time": 633.715, "Actual Total Time": 633.716, "Actual Rows": 1, "Actual Loops": 1, "Plans": [{"Node Type": "Nested Loop", "Parent Relationship": "Outer", "Join Type": "Inner", "Startup Cost": 0.0, "Total Cost": 74102.19, "Plan Rows": 1919, "Plan Width": 17, "Actual Startup Time": 633.706, "Actual Total Time": 633.706, "Actual Rows": 0, "Actual Loops": 1, "Inner Unique": true, "Plans": [{"Node Type": "Nested Loop", "Parent Relationship": "Outer", "Join Type": "Inner", "Startup Cost": 0.0, "Total Cost": 73564.77, "Plan Rows": 1919, "Plan Width": 21, "Actual Startup Time": 633.704, "Actual Total Time": 633.704, "Actual Rows": 0, "Actual Loops": 1, "Inner Unique": false, "Plans": [{"Node Type": "Nested Loop", "Parent Relationship": "Outer", "Join Type": "Inner", "Startup Cost": 0.0, "Total Cost": 71285.47, "Plan Rows": 1869, "Plan Width": 25, "Actual Startup Time": 633.703, "Actual Total Time": 633.703, "Actual Rows": 0, "Actual Loops": 1, "Inner Unique": true, "Plans": [{"Node Type": "Nested Loop", "Parent Relationship": "Outer", "Join Type": "Inner", "Startup Cost": 0.0, "Total Cost": 59668.05, "Plan Rows": 1540, "Plan Width": 4, "Actual Startup Time": 633.702, "Actual Total Time": 633.702, "Actual Rows": 0, "Actual Loops": 1, "Inner Unique": false, "Plans": [{"Node Type": "Index Scan", "Parent Relationship": "Outer", "Scan Direction": "Forward", "Index Name": "company_type_pkey", "Relation Name": "company_type", "Alias": "ct", "Startup Cost": 0.0, "Total Cost": 12.3, "Plan Rows": 1, "Plan Width": 4, "Actual Startup Time": 0.021, "Actual Total Time": 0.027, "Actual Rows": 1, "Actual Loops": 1, "Filter": "((kind)::text = 'production companies'::text)", "Rows Removed by Filter": 2}, {"Node Type": "Index Scan", "Parent Relationship": "Inner", "Scan Direction": "Forward", "Index Name": "company_type_id_movie_companies", "Relation Name": "movie_companies", "Alias": "mc", "Startup Cost": 0.0, "Total Cost": 59640.35, "Plan Rows": 1540, "Plan Width": 8, "Actual Startup Time": 633.668, "Actual Total Time": 633.668, "Actual Rows": 0, "Actual Loops": 1, "Index Cond": "(company_type_id = ct.id)", "Rows Removed by Index Recheck": 0, "Filter": "(((note)::text ~~ '%(theatrical)%'::text) AND ((note)::text ~~ '%(France)%'::text))", "Rows Removed by Filter": 1334883}]}, {"Node Type": "Index Scan", "Parent Relationship": "Inner", "Scan Direction": "Forward", "Index Name": "title_pkey", "Relation Name": "title", "Alias": "t", "Startup Cost": 0.0, "Total Cost": 7.53, "Plan Rows": 1, "Plan Width": 21, "Actual Startup Time": 0.0, "Actual Total Time": 0.0, "Index Cond": "(id = mc.movie_id)", "Rows Removed by Index Recheck": 0, "Filter": "(production_year > 2005)", "Rows Removed by Filter": 0}]}, {"Node Type": "Index Scan", "Parent Relationship": "Inner", "Scan Direction": "Forward", "Index Name": "movie_id_movie_info", "Relation Name": "movie_info", "Alias": "mi", "Startup Cost": 0.0, "Total Cost": 1.21, "Plan Rows": 1, "Plan Width": 8, "Actual Startup Time": 0.0, "Actual Total Time": 0.0, "Index Cond": "(movie_id = t.id)", "Rows Removed by Index Recheck": 0, "Filter": "((info)::text = ANY ('{Sweden,Norway,Germany,Denmark,Swedish,Denish,Norwegian,German}'::text[]))", "Rows Removed by Filter": 0}]}, {"Node Type": "Index Only Scan", "Parent Relationship": "Inner", "Scan Direction": "Forward", "Index Name": "info_type_pkey", "Relation Name": "info_type", "Alias": "it", "Startup Cost": 0.0, "Total Cost": 0.27, "Plan Rows": 1, "Plan Width": 4, "Actual Startup Time": 0.0, "Actual Total Time": 0.0, "Index Cond": "(id = mi.info_type_id)", "Rows Removed by Index Recheck": 0, "Heap Fetches": 0}]}]}, "Triggers": [], "Planner Runtime": 6.763, "Total Runtime": 633.955, "Unique SQL Id": 2510907716}}, "(1, '114')": {"explain_plan": {"Plan": {"Node Type": "Aggregate", "Strategy": "Plain", "Startup Cost": 78673.23, "Total Cost": 78673.24, "Plan Rows": 1, "Plan Width": 49, "Plans": [{"Node Type": "Nested Loop", "Parent Relationship": "Outer", "Join Type": "Inner", "Startup Cost": 4.2, "Total Cost": 78668.43, "Plan Rows": 1919, "Plan Width": 17, "Inner Unique": true, "Join Filter": "(mi.info_type_id = it.id)", "Plans": [{"Node Type": "Nested Loop", "Parent Relationship": "Outer", "Join Type": "Inner", "Startup Cost": 4.2, "Total Cost": 75442.11, "Plan Rows": 1919, "Plan Width": 21, "Inner Unique": false, "Plans": [{"Node Type": "Nested Loop", "Parent Relationship": "Outer", "Join Type": "Inner", "Startup Cost": 3.69, "Total Cost": 66780.19, "Plan Rows": 1869, "Plan Width": 25, "Inner Unique": true, "Plans": [{"Node Type": "Nested Loop", "Parent Relationship": "Outer", "Join Type": "Inner", "Startup Cost": 0.0, "Total Cost": 54902.47, "Plan Rows": 1540, "Plan Width": 4, "Inner Unique": false, "Join Filter": "(ct.id = mc.company_type_id)", "Plans": [{"Node Type": "Seq Scan", "Parent Relationship": "Outer", "Relation Name": "company_type", "Alias": "ct", "Startup Cost": 0.0, "Total Cost": 1.04, "Plan Rows": 1, "Plan Width": 4, "Filter": "((kind)::text = 'production companies'::text)"}, {"Node Type": "Seq Scan", "Parent Relationship": "Inner", "Relation Name": "movie_companies", "Alias": "mc", "Startup Cost": 0.0, "Total Cost": 54862.92, "Plan Rows": 3081, "Plan Width": 8, "Filter": "(((note)::text ~~ '%(theatrical)%'::text) AND ((note)::text ~~ '%(France)%'::text))"}]}, {"Node Type": "Bitmap Heap Scan", "Parent Relationship": "Inner", "Relation Name": "title", "Alias": "t", "Startup Cost": 3.69, "Total Cost": 7.7, "Plan Rows": 1, "Plan Width": 21, "Recheck Cond": "(id = mc.movie_id)", "Filter": "(production_year > 2005)", "Plans": [{"Node Type": "Bitmap Index Scan", "Parent Relationship": "Outer", "Index Name": "title_pkey", "Startup Cost": 0.0, "Total Cost": 3.69, "Plan Rows": 1, "Plan Width": 0, "Index Cond": "(id = mc.movie_id)"}]}]}, {"Node Type": "Bitmap Heap Scan", "Parent Relationship": "Inner", "Relation Name": "movie_info", "Alias": "mi", "Startup Cost": 0.51, "Total Cost": 4.62, "Plan Rows": 1, "Plan Width": 8, "Recheck Cond": "(movie_id = t.id)", "Filter": "((info)::text = ANY ('{Sweden,Norway,Germany,Denmark,Swedish,Denish,Norwegian,German}'::text[]))", "Plans": [{"Node Type": "Bitmap Index Scan", "Parent Relationship": "Outer", "Index Name": "movie_id_movie_info", "Startup Cost": 0.0, "Total Cost": 0.51, "Plan Rows": 5, "Plan Width": 0, "Index Cond": "(movie_id = t.id)"}]}]}, {"Node Type": "Materialize", "Parent Relationship": "Inner", "Startup Cost": 0.0, "Total Cost": 2.68, "Plan Rows": 112, "Plan Width": 4, "Plans": [{"Node Type": "Seq Scan", "Parent Relationship": "Outer", "Relation Name": "info_type", "Alias": "it", "Startup Cost": 0.0, "Total Cost": 2.12, "Plan Rows": 112, "Plan Width": 4}]}]}]}, "Unique SQL Id": 2510907716, "Planner Runtime": 3}, "explain_analyze_plan": {"Plan": {"Node Type": "Aggregate", "Strategy": "Plain", "Startup Cost": 78673.23, "Total Cost": 78673.24, "Plan Rows": 1, "Plan Width": 49, "Actual Startup Time": 1031.722, "Actual Total Time": 1031.722, "Actual Rows": 1, "Actual Loops": 1, "Plans": [{"Node Type": "Nested Loop", "Parent Relationship": "Outer", "Join Type": "Inner", "Startup Cost": 4.2, "Total Cost": 78668.43, "Plan Rows": 1919, "Plan Width": 17, "Actual Startup Time": 1031.712, "Actual Total Time": 1031.712, "Actual Rows": 0, "Actual Loops": 1, "Inner Unique": true, "Join Filter": "(mi.info_type_id = it.id)", "Rows Removed by Join Filter": 0, "Plans": [{"Node Type": "Nested Loop", "Parent Relationship": "Outer", "Join Type": "Inner", "Startup Cost": 4.2, "Total Cost": 75442.11, "Plan Rows": 1919, "Plan Width": 21, "Actual Startup Time": 1031.71, "Actual Total Time": 1031.71, "Actual Rows": 0, "Actual Loops": 1, "Inner Unique": false, "Plans": [{"Node Type": "Nested Loop", "Parent Relationship": "Outer", "Join Type": "Inner", "Startup Cost": 3.69, "Total Cost": 66780.19, "Plan Rows": 1869, "Plan Width": 25, "Actual Startup Time": 1031.709, "Actual Total Time": 1031.709, "Actual Rows": 0, "Actual Loops": 1, "Inner Unique": true, "Plans": [{"Node Type": "Nested Loop", "Parent Relationship": "Outer", "Join Type": "Inner", "Startup Cost": 0.0, "Total Cost": 54902.47, "Plan Rows": 1540, "Plan Width": 4, "Actual Startup Time": 1031.708, "Actual Total Time": 1031.708, "Actual Rows": 0, "Actual Loops": 1, "Inner Unique": false, "Join Filter": "(ct.id = mc.company_type_id)", "Rows Removed by Join Filter": 24025, "Plans": [{"Node Type": "Seq Scan", "Parent Relationship": "Outer", "Relation Name": "company_type", "Alias": "ct", "Startup Cost": 0.0, "Total Cost": 1.04, "Plan Rows": 1, "Plan Width": 4, "Actual Startup Time": 0.027, "Actual Total Time": 0.031, "Actual Rows": 1, "Actual Loops": 1, "Filter": "((kind)::text = 'production companies'::text)", "Rows Removed by Filter": 2}, {"Node Type": "Seq Scan", "Parent Relationship": "Inner", "Relation Name": "movie_companies", "Alias": "mc", "Startup Cost": 0.0, "Total Cost": 54862.92, "Plan Rows": 3081, "Plan Width": 8, "Actual Startup Time": 8.785, "Actual Total Time": 1026.296, "Actual Rows": 24025, "Actual Loops": 1, "Filter": "(((note)::text ~~ '%(theatrical)%'::text) AND ((note)::text ~~ '%(France)%'::text))", "Rows Removed by Filter": 2585103}]}, {"Node Type": "Bitmap Heap Scan", "Parent Relationship": "Inner", "Relation Name": "title", "Alias": "t", "Startup Cost": 3.69, "Total Cost": 7.7, "Plan Rows": 1, "Plan Width": 21, "Actual Startup Time": 0.0, "Actual Total Time": 0.0, "Recheck Cond": "(id = mc.movie_id)", "Rows Removed by Index Recheck": 0, "Filter": "(production_year > 2005)", "Rows Removed by Filter": 0, "Exact Heap Blocks": 0, "Lossy Heap Blocks": 0, "Plans": [{"Node Type": "Bitmap Index Scan", "Parent Relationship": "Outer", "Index Name": "title_pkey", "Startup Cost": 0.0, "Total Cost": 3.69, "Plan Rows": 1, "Plan Width": 0, "Actual Startup Time": 0.0, "Actual Total Time": 0.0, "Index Cond": "(id = mc.movie_id)"}]}]}, {"Node Type": "Bitmap Heap Scan", "Parent Relationship": "Inner", "Relation Name": "movie_info", "Alias": "mi", "Startup Cost": 0.51, "Total Cost": 4.62, "Plan Rows": 1, "Plan Width": 8, "Actual Startup Time": 0.0, "Actual Total Time": 0.0, "Recheck Cond": "(movie_id = t.id)", "Rows Removed by Index Recheck": 0, "Filter": "((info)::text = ANY ('{Sweden,Norway,Germany,Denmark,Swedish,Denish,Norwegian,German}'::text[]))", "Rows Removed by Filter": 0, "Exact Heap Blocks": 0, "Lossy Heap Blocks": 0, "Plans": [{"Node Type": "Bitmap Index Scan", "Parent Relationship": "Outer", "Index Name": "movie_id_movie_info", "Startup Cost": 0.0, "Total Cost": 0.51, "Plan Rows": 5, "Plan Width": 0, "Actual Startup Time": 0.0, "Actual Total Time": 0.0, "Index Cond": "(movie_id = t.id)"}]}]}, {"Node Type": "Materialize", "Parent Relationship": "Inner", "Startup Cost": 0.0, "Total Cost": 2.68, "Plan Rows": 112, "Plan Width": 4, "Actual Startup Time": 0.0, "Actual Total Time": 0.0, "Plans": [{"Node Type": "Seq Scan", "Parent Relationship": "Outer", "Relation Name": "info_type", "Alias": "it", "Startup Cost": 0.0, "Total Cost": 2.12, "Plan Rows": 112, "Plan Width": 4, "Actual Startup Time": 0.0, "Actual Total Time": 0.0}]}]}]}, "Triggers": [], "Planner Runtime": 2.982, "Total Runtime": 1031.979, "Unique SQL Id": 2510907716}}, "(1, '115')": {"explain_plan": {"Plan": {"Node Type": "Aggregate", "Strategy": "Plain", "Startup Cost": 1000010696765.6, "Total Cost": 1000010696765.61, "Plan Rows": 1, "Plan Width": 49, "Plans": [{"Node Type": "Nested Loop", "Parent Relationship": "Outer", "Join Type": "Inner", "Startup Cost": 10000000004.72, "Total Cost": 1000010696760.8, "Plan Rows": 1919, "Plan Width": 17, "Inner Unique": true, "Plans": [{"Node Type": "Nested Loop", "Parent Relationship": "Outer", "Join Type": "Inner", "Startup Cost": 10000000004.46, "Total Cost": 1000010680309.36, "Plan Rows": 3839, "Plan Width": 21, "Inner Unique": true, "Plans": [{"Node Type": "Nested Loop", "Parent Relationship": "Outer", "Join Type": "Inner", "Startup Cost": 10000000004.2, "Total Cost": 1000010663877.26, "Plan Rows": 3839, "Plan Width": 25, "Inner Unique": false, "Plans": [{"Node Type": "Nested Loop", "Parent Relationship": "Outer", "Join Type": "Inner", "Startup Cost": 10000000003.69, "Total Cost": 1000010646544.15, "Plan Rows": 3740, "Plan Width": 29, "Inner Unique": true, "Plans": [{"Node Type": "Index Scan", "Parent Relationship": "Outer", "Scan Direction": "Forward", "Index Name": "company_type_id_movie_companies", "Relation Name": "movie_companies", "Alias": "mc", "Startup Cost": 10000000000.0, "Total Cost": 1000010622781.0, "Plan Rows": 3081, "Plan Width": 8, "Filter": "(((note)::text ~~ '%(theatrical)%'::text) AND ((note)::text ~~ '%(France)%'::text))"}, {"Node Type": "Bitmap Heap Scan", "Parent Relationship": "Inner", "Relation Name": "title", "Alias": "t", "Startup Cost": 3.69, "Total Cost": 7.7, "Plan Rows": 1, "Plan Width": 21, "Recheck Cond": "(id = mc.movie_id)", "Filter": "(production_year > 2005)", "Plans": [{"Node Type": "Bitmap Index Scan", "Parent Relationship": "Outer", "Index Name": "title_pkey", "Startup Cost": 0.0, "Total Cost": 3.69, "Plan Rows": 1, "Plan Width": 0, "Index Cond": "(id = mc.movie_id)"}]}]}, {"Node Type": "Bitmap Heap Scan", "Parent Relationship": "Inner", "Relation Name": "movie_info", "Alias": "mi", "Startup Cost": 0.51, "Total Cost": 4.62, "Plan Rows": 1, "Plan Width": 8, "Recheck Cond": "(movie_id = t.id)", "Filter": "((info)::text = ANY ('{Sweden,Norway,Germany,Denmark,Swedish,Denish,Norwegian,German}'::text[]))", "Plans": [{"Node Type": "Bitmap Index Scan", "Parent Relationship": "Outer", "Index Name": "movie_id_movie_info", "Startup Cost": 0.0, "Total Cost": 0.51, "Plan Rows": 5, "Plan Width": 0, "Index Cond": "(movie_id = t.id)"}]}]}, {"Node Type": "Bitmap Heap Scan", "Parent Relationship": "Inner", "Relation Name": "info_type", "Alias": "it", "Startup Cost": 0.26, "Total Cost": 4.27, "Plan Rows": 1, "Plan Width": 4, "Recheck Cond": "(id = mi.info_type_id)", "Plans": [{"Node Type": "Bitmap Index Scan", "Parent Relationship": "Outer", "Index Name": "info_type_pkey", "Startup Cost": 0.0, "Total Cost": 0.26, "Plan Rows": 1, "Plan Width": 0, "Index Cond": "(id = mi.info_type_id)"}]}]}, {"Node Type": "Bitmap Heap Scan", "Parent Relationship": "Inner", "Relation Name": "company_type", "Alias": "ct", "Startup Cost": 0.26, "Total Cost": 4.28, "Plan Rows": 1, "Plan Width": 4, "Recheck Cond": "(id = mc.company_type_id)", "Filter": "((kind)::text = 'production companies'::text)", "Plans": [{"Node Type": "Bitmap Index Scan", "Parent Relationship": "Outer", "Index Name": "company_type_pkey", "Startup Cost": 0.0, "Total Cost": 0.26, "Plan Rows": 1, "Plan Width": 0, "Index Cond": "(id = mc.company_type_id)"}]}]}]}, "Unique SQL Id": 2510907716, "Planner Runtime": 2}, "explain_analyze_plan": null}, "(1, '116')": {"explain_plan": {"Plan": {"Node Type": "Aggregate", "Strategy": "Plain", "Startup Cost": 69341.46, "Total Cost": 69341.47, "Plan Rows": 1, "Plan Width": 49, "Plans": [{"Node Type": "Nested Loop", "Parent Relationship": "Outer", "Join Type": "Inner", "Startup Cost": 0.0, "Total Cost": 69336.67, "Plan Rows": 1919, "Plan Width": 17, "Inner Unique": true, "Plans": [{"Node Type": "Nested Loop", "Parent Relationship": "Outer", "Join Type": "Inner", "Startup Cost": 0.0, "Total Cost": 68799.18, "Plan Rows": 1919, "Plan Width": 21, "Inner Unique": false, "Plans": [{"Node Type": "Nested Loop", "Parent Relationship": "Outer", "Join Type": "Inner", "Startup Cost": 0.0, "Total Cost": 66519.89, "Plan Rows": 1869, "Plan Width": 25, "Inner Unique": true, "Plans": [{"Node Type": "Nested Loop", "Parent Relationship": "Outer", "Join Type": "Inner", "Startup Cost": 0.0, "Total Cost": 54902.47, "Plan Rows": 1540, "Plan Width": 4, "Inner Unique": false, "Join Filter": "(ct.id = mc.company_type_id)", "Plans": [{"Node Type": "Seq Scan", "Parent Relationship": "Outer", "Relation Name": "company_type", "Alias": "ct", "Startup Cost": 0.0, "Total Cost": 1.04, "Plan Rows": 1, "Plan Width": 4, "Filter": "((kind)::text = 'production companies'::text)"}, {"Node Type": "Seq Scan", "Parent Relationship": "Inner", "Relation Name": "movie_companies", "Alias": "mc", "Startup Cost": 0.0, "Total Cost": 54862.92, "Plan Rows": 3081, "Plan Width": 8, "Filter": "(((note)::text ~~ '%(theatrical)%'::text) AND ((note)::text ~~ '%(France)%'::text))"}]}, {"Node Type": "Index Scan", "Parent Relationship": "Inner", "Scan Direction": "Forward", "Index Name": "title_pkey", "Relation Name": "title", "Alias": "t", "Startup Cost": 0.0, "Total Cost": 7.53, "Plan Rows": 1, "Plan Width": 21, "Index Cond": "(id = mc.movie_id)", "Filter": "(production_year > 2005)"}]}, {"Node Type": "Index Scan", "Parent Relationship": "Inner", "Scan Direction": "Forward", "Index Name": "movie_id_movie_info", "Relation Name": "movie_info", "Alias": "mi", "Startup Cost": 0.0, "Total Cost": 1.21, "Plan Rows": 1, "Plan Width": 8, "Index Cond": "(movie_id = t.id)", "Filter": "((info)::text = ANY ('{Sweden,Norway,Germany,Denmark,Swedish,Denish,Norwegian,German}'::text[]))"}]}, {"Node Type": "Index Scan", "Parent Relationship": "Inner", "Scan Direction": "Forward", "Index Name": "info_type_pkey", "Relation Name": "info_type", "Alias": "it", "Startup Cost": 0.0, "Total Cost": 0.27, "Plan Rows": 1, "Plan Width": 4, "Index Cond": "(id = mi.info_type_id)"}]}]}, "Unique SQL Id": 2510907716, "Planner Runtime": 2}, "explain_analyze_plan": {"Plan": {"Node Type": "Aggregate", "Strategy": "Plain", "Startup Cost": 69341.46, "Total Cost": 69341.47, "Plan Rows": 1, "Plan Width": 49, "Actual Startup Time": 1050.618, "Actual Total Time": 1050.618, "Actual Rows": 1, "Actual Loops": 1, "Plans": [{"Node Type": "Nested Loop", "Parent Relationship": "Outer", "Join Type": "Inner", "Startup Cost": 0.0, "Total Cost": 69336.67, "Plan Rows": 1919, "Plan Width": 17, "Actual Startup Time": 1050.61, "Actual Total Time": 1050.61, "Actual Rows": 0, "Actual Loops": 1, "Inner Unique": true, "Plans": [{"Node Type": "Nested Loop", "Parent Relationship": "Outer", "Join Type": "Inner", "Startup Cost": 0.0, "Total Cost": 68799.18, "Plan Rows": 1919, "Plan Width": 21, "Actual Startup Time": 1050.608, "Actual Total Time": 1050.608, "Actual Rows": 0, "Actual Loops": 1, "Inner Unique": false, "Plans": [{"Node Type": "Nested Loop", "Parent Relationship": "Outer", "Join Type": "Inner", "Startup Cost": 0.0, "Total Cost": 66519.89, "Plan Rows": 1869, "Plan Width": 25, "Actual Startup Time": 1050.607, "Actual Total Time": 1050.607, "Actual Rows": 0, "Actual Loops": 1, "Inner Unique": true, "Plans": [{"Node Type": "Nested Loop", "Parent Relationship": "Outer", "Join Type": "Inner", "Startup Cost": 0.0, "Total Cost": 54902.47, "Plan Rows": 1540, "Plan Width": 4, "Actual Startup Time": 1050.606, "Actual Total Time": 1050.606, "Actual Rows": 0, "Actual Loops": 1, "Inner Unique": false, "Join Filter": "(ct.id = mc.company_type_id)", "Rows Removed by Join Filter": 24025, "Plans": [{"Node Type": "Seq Scan", "Parent Relationship": "Outer", "Relation Name": "company_type", "Alias": "ct", "Startup Cost": 0.0, "Total Cost": 1.04, "Plan Rows": 1, "Plan Width": 4, "Actual Startup Time": 0.023, "Actual Total Time": 0.032, "Actual Rows": 1, "Actual Loops": 1, "Filter": "((kind)::text = 'production companies'::text)", "Rows Removed by Filter": 2}, {"Node Type": "Seq Scan", "Parent Relationship": "Inner", "Relation Name": "movie_companies", "Alias": "mc", "Startup Cost": 0.0, "Total Cost": 54862.92, "Plan Rows": 3081, "Plan Width": 8, "Actual Startup Time": 8.677, "Actual Total Time": 1045.148, "Actual Rows": 24025, "Actual Loops": 1, "Filter": "(((note)::text ~~ '%(theatrical)%'::text) AND ((note)::text ~~ '%(France)%'::text))", "Rows Removed by Filter": 2585103}]}, {"Node Type": "Index Scan", "Parent Relationship": "Inner", "Scan Direction": "Forward", "Index Name": "title_pkey", "Relation Name": "title", "Alias": "t", "Startup Cost": 0.0, "Total Cost": 7.53, "Plan Rows": 1, "Plan Width": 21, "Actual Startup Time": 0.0, "Actual Total Time": 0.0, "Index Cond": "(id = mc.movie_id)", "Rows Removed by Index Recheck": 0, "Filter": "(production_year > 2005)", "Rows Removed by Filter": 0}]}, {"Node Type": "Index Scan", "Parent Relationship": "Inner", "Scan Direction": "Forward", "Index Name": "movie_id_movie_info", "Relation Name": "movie_info", "Alias": "mi", "Startup Cost": 0.0, "Total Cost": 1.21, "Plan Rows": 1, "Plan Width": 8, "Actual Startup Time": 0.0, "Actual Total Time": 0.0, "Index Cond": "(movie_id = t.id)", "Rows Removed by Index Recheck": 0, "Filter": "((info)::text = ANY ('{Sweden,Norway,Germany,Denmark,Swedish,Denish,Norwegian,German}'::text[]))", "Rows Removed by Filter": 0}]}, {"Node Type": "Index Scan", "Parent Relationship": "Inner", "Scan Direction": "Forward", "Index Name": "info_type_pkey", "Relation Name": "info_type", "Alias": "it", "Startup Cost": 0.0, "Total Cost": 0.27, "Plan Rows": 1, "Plan Width": 4, "Actual Startup Time": 0.0, "Actual Total Time": 0.0, "Index Cond": "(id = mi.info_type_id)", "Rows Removed by Index Recheck": 0}]}]}, "Triggers": [], "Planner Runtime": 7.429, "Total Runtime": 1050.883, "Unique SQL Id": 2510907716}}, "(1, '117')": {"explain_plan": {"Plan": {"Node Type": "Aggregate", "Strategy": "Plain", "Startup Cost": 74107.05, "Total Cost": 74107.06, "Plan Rows": 1, "Plan Width": 49, "Plans": [{"Node Type": "Nested Loop", "Parent Relationship": "Outer", "Join Type": "Inner", "Startup Cost": 0.0, "Total Cost": 74102.25, "Plan Rows": 1919, "Plan Width": 17, "Inner Unique": true, "Plans": [{"Node Type": "Nested Loop", "Parent Relationship": "Outer", "Join Type": "Inner", "Startup Cost": 0.0, "Total Cost": 73564.77, "Plan Rows": 1919, "Plan Width": 21, "Inner Unique": false, "Plans": [{"Node Type": "Nested Loop", "Parent Relationship": "Outer", "Join Type": "Inner", "Startup Cost": 0.0, "Total Cost": 71285.47, "Plan Rows": 1869, "Plan Width": 25, "Inner Unique": true, "Plans": [{"Node Type": "Nested Loop", "Parent Relationship": "Outer", "Join Type": "Inner", "Startup Cost": 0.0, "Total Cost": 59668.05, "Plan Rows": 1540, "Plan Width": 4, "Inner Unique": false, "Plans": [{"Node Type": "Index Scan", "Parent Relationship": "Outer", "Scan Direction": "Forward", "Index Name": "company_type_pkey", "Relation Name": "company_type", "Alias": "ct", "Startup Cost": 0.0, "Total Cost": 12.3, "Plan Rows": 1, "Plan Width": 4, "Filter": "((kind)::text = 'production companies'::text)"}, {"Node Type": "Index Scan", "Parent Relationship": "Inner", "Scan Direction": "Forward", "Index Name": "company_type_id_movie_companies", "Relation Name": "movie_companies", "Alias": "mc", "Startup Cost": 0.0, "Total Cost": 59640.35, "Plan Rows": 1540, "Plan Width": 8, "Index Cond": "(company_type_id = ct.id)", "Filter": "(((note)::text ~~ '%(theatrical)%'::text) AND ((note)::text ~~ '%(France)%'::text))"}]}, {"Node Type": "Index Scan", "Parent Relationship": "Inner", "Scan Direction": "Forward", "Index Name": "title_pkey", "Relation Name": "title", "Alias": "t", "Startup Cost": 0.0, "Total Cost": 7.53, "Plan Rows": 1, "Plan Width": 21, "Index Cond": "(id = mc.movie_id)", "Filter": "(production_year > 2005)"}]}, {"Node Type": "Index Scan", "Parent Relationship": "Inner", "Scan Direction": "Forward", "Index Name": "movie_id_movie_info", "Relation Name": "movie_info", "Alias": "mi", "Startup Cost": 0.0, "Total Cost": 1.21, "Plan Rows": 1, "Plan Width": 8, "Index Cond": "(movie_id = t.id)", "Filter": "((info)::text = ANY ('{Sweden,Norway,Germany,Denmark,Swedish,Denish,Norwegian,German}'::text[]))"}]}, {"Node Type": "Index Scan", "Parent Relationship": "Inner", "Scan Direction": "Forward", "Index Name": "info_type_pkey", "Relation Name": "info_type", "Alias": "it", "Startup Cost": 0.0, "Total Cost": 0.27, "Plan Rows": 1, "Plan Width": 4, "Index Cond": "(id = mi.info_type_id)"}]}]}, "Unique SQL Id": 2510907716, "Planner Runtime": 2}, "explain_analyze_plan": {"Plan": {"Node Type": "Aggregate", "Strategy": "Plain", "Startup Cost": 74107.05, "Total Cost": 74107.06, "Plan Rows": 1, "Plan Width": 49, "Actual Startup Time": 752.93, "Actual Total Time": 752.931, "Actual Rows": 1, "Actual Loops": 1, "Plans": [{"Node Type": "Nested Loop", "Parent Relationship": "Outer", "Join Type": "Inner", "Startup Cost": 0.0, "Total Cost": 74102.25, "Plan Rows": 1919, "Plan Width": 17, "Actual Startup Time": 752.924, "Actual Total Time": 752.924, "Actual Rows": 0, "Actual Loops": 1, "Inner Unique": true, "Plans": [{"Node Type": "Nested Loop", "Parent Relationship": "Outer", "Join Type": "Inner", "Startup Cost": 0.0, "Total Cost": 73564.77, "Plan Rows": 1919, "Plan Width": 21, "Actual Startup Time": 752.922, "Actual Total Time": 752.922, "Actual Rows": 0, "Actual Loops": 1, "Inner Unique": false, "Plans": [{"Node Type": "Nested Loop", "Parent Relationship": "Outer", "Join Type": "Inner", "Startup Cost": 0.0, "Total Cost": 71285.47, "Plan Rows": 1869, "Plan Width": 25, "Actual Startup Time": 752.921, "Actual Total Time": 752.921, "Actual Rows": 0, "Actual Loops": 1, "Inner Unique": true, "Plans": [{"Node Type": "Nested Loop", "Parent Relationship": "Outer", "Join Type": "Inner", "Startup Cost": 0.0, "Total Cost": 59668.05, "Plan Rows": 1540, "Plan Width": 4, "Actual Startup Time": 752.919, "Actual Total Time": 752.919, "Actual Rows": 0, "Actual Loops": 1, "Inner Unique": false, "Plans": [{"Node Type": "Index Scan", "Parent Relationship": "Outer", "Scan Direction": "Forward", "Index Name": "company_type_pkey", "Relation Name": "company_type", "Alias": "ct", "Startup Cost": 0.0, "Total Cost": 12.3, "Plan Rows": 1, "Plan Width": 4, "Actual Startup Time": 0.015, "Actual Total Time": 0.026, "Actual Rows": 1, "Actual Loops": 1, "Filter": "((kind)::text = 'production companies'::text)", "Rows Removed by Filter": 2}, {"Node Type": "Index Scan", "Parent Relationship": "Inner", "Scan Direction": "Forward", "Index Name": "company_type_id_movie_companies", "Relation Name": "movie_companies", "Alias": "mc", "Startup Cost": 0.0, "Total Cost": 59640.35, "Plan Rows": 1540, "Plan Width": 8, "Actual Startup Time": 752.888, "Actual Total Time": 752.888, "Actual Rows": 0, "Actual Loops": 1, "Index Cond": "(company_type_id = ct.id)", "Rows Removed by Index Recheck": 0, "Filter": "(((note)::text ~~ '%(theatrical)%'::text) AND ((note)::text ~~ '%(France)%'::text))", "Rows Removed by Filter": 1334883}]}, {"Node Type": "Index Scan", "Parent Relationship": "Inner", "Scan Direction": "Forward", "Index Name": "title_pkey", "Relation Name": "title", "Alias": "t", "Startup Cost": 0.0, "Total Cost": 7.53, "Plan Rows": 1, "Plan Width": 21, "Actual Startup Time": 0.0, "Actual Total Time": 0.0, "Index Cond": "(id = mc.movie_id)", "Rows Removed by Index Recheck": 0, "Filter": "(production_year > 2005)", "Rows Removed by Filter": 0}]}, {"Node Type": "Index Scan", "Parent Relationship": "Inner", "Scan Direction": "Forward", "Index Name": "movie_id_movie_info", "Relation Name": "movie_info", "Alias": "mi", "Startup Cost": 0.0, "Total Cost": 1.21, "Plan Rows": 1, "Plan Width": 8, "Actual Startup Time": 0.0, "Actual Total Time": 0.0, "Index Cond": "(movie_id = t.id)", "Rows Removed by Index Recheck": 0, "Filter": "((info)::text = ANY ('{Sweden,Norway,Germany,Denmark,Swedish,Denish,Norwegian,German}'::text[]))", "Rows Removed by Filter": 0}]}, {"Node Type": "Index Scan", "Parent Relationship": "Inner", "Scan Direction": "Forward", "Index Name": "info_type_pkey", "Relation Name": "info_type", "Alias": "it", "Startup Cost": 0.0, "Total Cost": 0.27, "Plan Rows": 1, "Plan Width": 4, "Actual Startup Time": 0.0, "Actual Total Time": 0.0, "Index Cond": "(id = mi.info_type_id)", "Rows Removed by Index Recheck": 0}]}]}, "Triggers": [], "Planner Runtime": 6.967, "Total Runtime": 753.211, "Unique SQL Id": 2510907716}}, "(1, '118')": {"explain_plan": {"Plan": {"Node Type": "Aggregate", "Strategy": "Plain", "Startup Cost": 78673.23, "Total Cost": 78673.24, "Plan Rows": 1, "Plan Width": 49, "Plans": [{"Node Type": "Nested Loop", "Parent Relationship": "Outer", "Join Type": "Inner", "Startup Cost": 4.2, "Total Cost": 78668.43, "Plan Rows": 1919, "Plan Width": 17, "Inner Unique": true, "Join Filter": "(mi.info_type_id = it.id)", "Plans": [{"Node Type": "Nested Loop", "Parent Relationship": "Outer", "Join Type": "Inner", "Startup Cost": 4.2, "Total Cost": 75442.11, "Plan Rows": 1919, "Plan Width": 21, "Inner Unique": false, "Plans": [{"Node Type": "Nested Loop", "Parent Relationship": "Outer", "Join Type": "Inner", "Startup Cost": 3.69, "Total Cost": 66780.19, "Plan Rows": 1869, "Plan Width": 25, "Inner Unique": true, "Plans": [{"Node Type": "Nested Loop", "Parent Relationship": "Outer", "Join Type": "Inner", "Startup Cost": 0.0, "Total Cost": 54902.47, "Plan Rows": 1540, "Plan Width": 4, "Inner Unique": false, "Join Filter": "(ct.id = mc.company_type_id)", "Plans": [{"Node Type": "Seq Scan", "Parent Relationship": "Outer", "Relation Name": "company_type", "Alias": "ct", "Startup Cost": 0.0, "Total Cost": 1.04, "Plan Rows": 1, "Plan Width": 4, "Filter": "((kind)::text = 'production companies'::text)"}, {"Node Type": "Seq Scan", "Parent Relationship": "Inner", "Relation Name": "movie_companies", "Alias": "mc", "Startup Cost": 0.0, "Total Cost": 54862.92, "Plan Rows": 3081, "Plan Width": 8, "Filter": "(((note)::text ~~ '%(theatrical)%'::text) AND ((note)::text ~~ '%(France)%'::text))"}]}, {"Node Type": "Bitmap Heap Scan", "Parent Relationship": "Inner", "Relation Name": "title", "Alias": "t", "Startup Cost": 3.69, "Total Cost": 7.7, "Plan Rows": 1, "Plan Width": 21, "Recheck Cond": "(id = mc.movie_id)", "Filter": "(production_year > 2005)", "Plans": [{"Node Type": "Bitmap Index Scan", "Parent Relationship": "Outer", "Index Name": "title_pkey", "Startup Cost": 0.0, "Total Cost": 3.69, "Plan Rows": 1, "Plan Width": 0, "Index Cond": "(id = mc.movie_id)"}]}]}, {"Node Type": "Bitmap Heap Scan", "Parent Relationship": "Inner", "Relation Name": "movie_info", "Alias": "mi", "Startup Cost": 0.51, "Total Cost": 4.62, "Plan Rows": 1, "Plan Width": 8, "Recheck Cond": "(movie_id = t.id)", "Filter": "((info)::text = ANY ('{Sweden,Norway,Germany,Denmark,Swedish,Denish,Norwegian,German}'::text[]))", "Plans": [{"Node Type": "Bitmap Index Scan", "Parent Relationship": "Outer", "Index Name": "movie_id_movie_info", "Startup Cost": 0.0, "Total Cost": 0.51, "Plan Rows": 5, "Plan Width": 0, "Index Cond": "(movie_id = t.id)"}]}]}, {"Node Type": "Materialize", "Parent Relationship": "Inner", "Startup Cost": 0.0, "Total Cost": 2.68, "Plan Rows": 112, "Plan Width": 4, "Plans": [{"Node Type": "Seq Scan", "Parent Relationship": "Outer", "Relation Name": "info_type", "Alias": "it", "Startup Cost": 0.0, "Total Cost": 2.12, "Plan Rows": 112, "Plan Width": 4}]}]}]}, "Unique SQL Id": 2510907716, "Planner Runtime": 3}, "explain_analyze_plan": {"Plan": {"Node Type": "Aggregate", "Strategy": "Plain", "Startup Cost": 78673.23, "Total Cost": 78673.24, "Plan Rows": 1, "Plan Width": 49, "Actual Startup Time": 1031.722, "Actual Total Time": 1031.722, "Actual Rows": 1, "Actual Loops": 1, "Plans": [{"Node Type": "Nested Loop", "Parent Relationship": "Outer", "Join Type": "Inner", "Startup Cost": 4.2, "Total Cost": 78668.43, "Plan Rows": 1919, "Plan Width": 17, "Actual Startup Time": 1031.712, "Actual Total Time": 1031.712, "Actual Rows": 0, "Actual Loops": 1, "Inner Unique": true, "Join Filter": "(mi.info_type_id = it.id)", "Rows Removed by Join Filter": 0, "Plans": [{"Node Type": "Nested Loop", "Parent Relationship": "Outer", "Join Type": "Inner", "Startup Cost": 4.2, "Total Cost": 75442.11, "Plan Rows": 1919, "Plan Width": 21, "Actual Startup Time": 1031.71, "Actual Total Time": 1031.71, "Actual Rows": 0, "Actual Loops": 1, "Inner Unique": false, "Plans": [{"Node Type": "Nested Loop", "Parent Relationship": "Outer", "Join Type": "Inner", "Startup Cost": 3.69, "Total Cost": 66780.19, "Plan Rows": 1869, "Plan Width": 25, "Actual Startup Time": 1031.709, "Actual Total Time": 1031.709, "Actual Rows": 0, "Actual Loops": 1, "Inner Unique": true, "Plans": [{"Node Type": "Nested Loop", "Parent Relationship": "Outer", "Join Type": "Inner", "Startup Cost": 0.0, "Total Cost": 54902.47, "Plan Rows": 1540, "Plan Width": 4, "Actual Startup Time": 1031.708, "Actual Total Time": 1031.708, "Actual Rows": 0, "Actual Loops": 1, "Inner Unique": false, "Join Filter": "(ct.id = mc.company_type_id)", "Rows Removed by Join Filter": 24025, "Plans": [{"Node Type": "Seq Scan", "Parent Relationship": "Outer", "Relation Name": "company_type", "Alias": "ct", "Startup Cost": 0.0, "Total Cost": 1.04, "Plan Rows": 1, "Plan Width": 4, "Actual Startup Time": 0.027, "Actual Total Time": 0.031, "Actual Rows": 1, "Actual Loops": 1, "Filter": "((kind)::text = 'production companies'::text)", "Rows Removed by Filter": 2}, {"Node Type": "Seq Scan", "Parent Relationship": "Inner", "Relation Name": "movie_companies", "Alias": "mc", "Startup Cost": 0.0, "Total Cost": 54862.92, "Plan Rows": 3081, "Plan Width": 8, "Actual Startup Time": 8.785, "Actual Total Time": 1026.296, "Actual Rows": 24025, "Actual Loops": 1, "Filter": "(((note)::text ~~ '%(theatrical)%'::text) AND ((note)::text ~~ '%(France)%'::text))", "Rows Removed by Filter": 2585103}]}, {"Node Type": "Bitmap Heap Scan", "Parent Relationship": "Inner", "Relation Name": "title", "Alias": "t", "Startup Cost": 3.69, "Total Cost": 7.7, "Plan Rows": 1, "Plan Width": 21, "Actual Startup Time": 0.0, "Actual Total Time": 0.0, "Recheck Cond": "(id = mc.movie_id)", "Rows Removed by Index Recheck": 0, "Filter": "(production_year > 2005)", "Rows Removed by Filter": 0, "Exact Heap Blocks": 0, "Lossy Heap Blocks": 0, "Plans": [{"Node Type": "Bitmap Index Scan", "Parent Relationship": "Outer", "Index Name": "title_pkey", "Startup Cost": 0.0, "Total Cost": 3.69, "Plan Rows": 1, "Plan Width": 0, "Actual Startup Time": 0.0, "Actual Total Time": 0.0, "Index Cond": "(id = mc.movie_id)"}]}]}, {"Node Type": "Bitmap Heap Scan", "Parent Relationship": "Inner", "Relation Name": "movie_info", "Alias": "mi", "Startup Cost": 0.51, "Total Cost": 4.62, "Plan Rows": 1, "Plan Width": 8, "Actual Startup Time": 0.0, "Actual Total Time": 0.0, "Recheck Cond": "(movie_id = t.id)", "Rows Removed by Index Recheck": 0, "Filter": "((info)::text = ANY ('{Sweden,Norway,Germany,Denmark,Swedish,Denish,Norwegian,German}'::text[]))", "Rows Removed by Filter": 0, "Exact Heap Blocks": 0, "Lossy Heap Blocks": 0, "Plans": [{"Node Type": "Bitmap Index Scan", "Parent Relationship": "Outer", "Index Name": "movie_id_movie_info", "Startup Cost": 0.0, "Total Cost": 0.51, "Plan Rows": 5, "Plan Width": 0, "Actual Startup Time": 0.0, "Actual Total Time": 0.0, "Index Cond": "(movie_id = t.id)"}]}]}, {"Node Type": "Materialize", "Parent Relationship": "Inner", "Startup Cost": 0.0, "Total Cost": 2.68, "Plan Rows": 112, "Plan Width": 4, "Actual Startup Time": 0.0, "Actual Total Time": 0.0, "Plans": [{"Node Type": "Seq Scan", "Parent Relationship": "Outer", "Relation Name": "info_type", "Alias": "it", "Startup Cost": 0.0, "Total Cost": 2.12, "Plan Rows": 112, "Plan Width": 4, "Actual Startup Time": 0.0, "Actual Total Time": 0.0}]}]}]}, "Triggers": [], "Planner Runtime": 2.982, "Total Runtime": 1031.979, "Unique SQL Id": 2510907716}}, "(1, '119')": {"explain_plan": {"Plan": {"Node Type": "Aggregate", "Strategy": "Plain", "Startup Cost": 1000010696765.6, "Total Cost": 1000010696765.61, "Plan Rows": 1, "Plan Width": 49, "Plans": [{"Node Type": "Nested Loop", "Parent Relationship": "Outer", "Join Type": "Inner", "Startup Cost": 10000000004.72, "Total Cost": 1000010696760.8, "Plan Rows": 1919, "Plan Width": 17, "Inner Unique": true, "Plans": [{"Node Type": "Nested Loop", "Parent Relationship": "Outer", "Join Type": "Inner", "Startup Cost": 10000000004.46, "Total Cost": 1000010680309.36, "Plan Rows": 3839, "Plan Width": 21, "Inner Unique": true, "Plans": [{"Node Type": "Nested Loop", "Parent Relationship": "Outer", "Join Type": "Inner", "Startup Cost": 10000000004.2, "Total Cost": 1000010663877.26, "Plan Rows": 3839, "Plan Width": 25, "Inner Unique": false, "Plans": [{"Node Type": "Nested Loop", "Parent Relationship": "Outer", "Join Type": "Inner", "Startup Cost": 10000000003.69, "Total Cost": 1000010646544.15, "Plan Rows": 3740, "Plan Width": 29, "Inner Unique": true, "Plans": [{"Node Type": "Index Scan", "Parent Relationship": "Outer", "Scan Direction": "Forward", "Index Name": "company_type_id_movie_companies", "Relation Name": "movie_companies", "Alias": "mc", "Startup Cost": 10000000000.0, "Total Cost": 1000010622781.0, "Plan Rows": 3081, "Plan Width": 8, "Filter": "(((note)::text ~~ '%(theatrical)%'::text) AND ((note)::text ~~ '%(France)%'::text))"}, {"Node Type": "Bitmap Heap Scan", "Parent Relationship": "Inner", "Relation Name": "title", "Alias": "t", "Startup Cost": 3.69, "Total Cost": 7.7, "Plan Rows": 1, "Plan Width": 21, "Recheck Cond": "(id = mc.movie_id)", "Filter": "(production_year > 2005)", "Plans": [{"Node Type": "Bitmap Index Scan", "Parent Relationship": "Outer", "Index Name": "title_pkey", "Startup Cost": 0.0, "Total Cost": 3.69, "Plan Rows": 1, "Plan Width": 0, "Index Cond": "(id = mc.movie_id)"}]}]}, {"Node Type": "Bitmap Heap Scan", "Parent Relationship": "Inner", "Relation Name": "movie_info", "Alias": "mi", "Startup Cost": 0.51, "Total Cost": 4.62, "Plan Rows": 1, "Plan Width": 8, "Recheck Cond": "(movie_id = t.id)", "Filter": "((info)::text = ANY ('{Sweden,Norway,Germany,Denmark,Swedish,Denish,Norwegian,German}'::text[]))", "Plans": [{"Node Type": "Bitmap Index Scan", "Parent Relationship": "Outer", "Index Name": "movie_id_movie_info", "Startup Cost": 0.0, "Total Cost": 0.51, "Plan Rows": 5, "Plan Width": 0, "Index Cond": "(movie_id = t.id)"}]}]}, {"Node Type": "Bitmap Heap Scan", "Parent Relationship": "Inner", "Relation Name": "info_type", "Alias": "it", "Startup Cost": 0.26, "Total Cost": 4.27, "Plan Rows": 1, "Plan Width": 4, "Recheck Cond": "(id = mi.info_type_id)", "Plans": [{"Node Type": "Bitmap Index Scan", "Parent Relationship": "Outer", "Index Name": "info_type_pkey", "Startup Cost": 0.0, "Total Cost": 0.26, "Plan Rows": 1, "Plan Width": 0, "Index Cond": "(id = mi.info_type_id)"}]}]}, {"Node Type": "Bitmap Heap Scan", "Parent Relationship": "Inner", "Relation Name": "company_type", "Alias": "ct", "Startup Cost": 0.26, "Total Cost": 4.28, "Plan Rows": 1, "Plan Width": 4, "Recheck Cond": "(id = mc.company_type_id)", "Filter": "((kind)::text = 'production companies'::text)", "Plans": [{"Node Type": "Bitmap Index Scan", "Parent Relationship": "Outer", "Index Name": "company_type_pkey", "Startup Cost": 0.0, "Total Cost": 0.26, "Plan Rows": 1, "Plan Width": 0, "Index Cond": "(id = mc.company_type_id)"}]}]}]}, "Unique SQL Id": 2510907716, "Planner Runtime": 2}, "explain_analyze_plan": null}, "(1, '120')": {"explain_plan": {"Plan": {"Node Type": "Aggregate", "Strategy": "Plain", "Startup Cost": 69341.41, "Total Cost": 69341.42, "Plan Rows": 1, "Plan Width": 49, "Plans": [{"Node Type": "Nested Loop", "Parent Relationship": "Outer", "Join Type": "Inner", "Startup Cost": 0.0, "Total Cost": 69336.61, "Plan Rows": 1919, "Plan Width": 17, "Inner Unique": true, "Plans": [{"Node Type": "Nested Loop", "Parent Relationship": "Outer", "Join Type": "Inner", "Startup Cost": 0.0, "Total Cost": 68799.18, "Plan Rows": 1919, "Plan Width": 21, "Inner Unique": false, "Plans": [{"Node Type": "Nested Loop", "Parent Relationship": "Outer", "Join Type": "Inner", "Startup Cost": 0.0, "Total Cost": 66519.89, "Plan Rows": 1869, "Plan Width": 25, "Inner Unique": true, "Plans": [{"Node Type": "Nested Loop", "Parent Relationship": "Outer", "Join Type": "Inner", "Startup Cost": 0.0, "Total Cost": 54902.47, "Plan Rows": 1540, "Plan Width": 4, "Inner Unique": false, "Join Filter": "(ct.id = mc.company_type_id)", "Plans": [{"Node Type": "Seq Scan", "Parent Relationship": "Outer", "Relation Name": "company_type", "Alias": "ct", "Startup Cost": 0.0, "Total Cost": 1.04, "Plan Rows": 1, "Plan Width": 4, "Filter": "((kind)::text = 'production companies'::text)"}, {"Node Type": "Seq Scan", "Parent Relationship": "Inner", "Relation Name": "movie_companies", "Alias": "mc", "Startup Cost": 0.0, "Total Cost": 54862.92, "Plan Rows": 3081, "Plan Width": 8, "Filter": "(((note)::text ~~ '%(theatrical)%'::text) AND ((note)::text ~~ '%(France)%'::text))"}]}, {"Node Type": "Index Scan", "Parent Relationship": "Inner", "Scan Direction": "Forward", "Index Name": "title_pkey", "Relation Name": "title", "Alias": "t", "Startup Cost": 0.0, "Total Cost": 7.53, "Plan Rows": 1, "Plan Width": 21, "Index Cond": "(id = mc.movie_id)", "Filter": "(production_year > 2005)"}]}, {"Node Type": "Index Scan", "Parent Relationship": "Inner", "Scan Direction": "Forward", "Index Name": "movie_id_movie_info", "Relation Name": "movie_info", "Alias": "mi", "Startup Cost": 0.0, "Total Cost": 1.21, "Plan Rows": 1, "Plan Width": 8, "Index Cond": "(movie_id = t.id)", "Filter": "((info)::text = ANY ('{Sweden,Norway,Germany,Denmark,Swedish,Denish,Norwegian,German}'::text[]))"}]}, {"Node Type": "Index Only Scan", "Parent Relationship": "Inner", "Scan Direction": "Forward", "Index Name": "info_type_pkey", "Relation Name": "info_type", "Alias": "it", "Startup Cost": 0.0, "Total Cost": 0.27, "Plan Rows": 1, "Plan Width": 4, "Index Cond": "(id = mi.info_type_id)"}]}]}, "Unique SQL Id": 2510907716, "Planner Runtime": 2}, "explain_analyze_plan": {"Plan": {"Node Type": "Aggregate", "Strategy": "Plain", "Startup Cost": 69341.41, "Total Cost": 69341.42, "Plan Rows": 1, "Plan Width": 49, "Actual Startup Time": 1042.689, "Actual Total Time": 1042.69, "Actual Rows": 1, "Actual Loops": 1, "Plans": [{"Node Type": "Nested Loop", "Parent Relationship": "Outer", "Join Type": "Inner", "Startup Cost": 0.0, "Total Cost": 69336.61, "Plan Rows": 1919, "Plan Width": 17, "Actual Startup Time": 1042.681, "Actual Total Time": 1042.681, "Actual Rows": 0, "Actual Loops": 1, "Inner Unique": true, "Plans": [{"Node Type": "Nested Loop", "Parent Relationship": "Outer", "Join Type": "Inner", "Startup Cost": 0.0, "Total Cost": 68799.18, "Plan Rows": 1919, "Plan Width": 21, "Actual Startup Time": 1042.679, "Actual Total Time": 1042.679, "Actual Rows": 0, "Actual Loops": 1, "Inner Unique": false, "Plans": [{"Node Type": "Nested Loop", "Parent Relationship": "Outer", "Join Type": "Inner", "Startup Cost": 0.0, "Total Cost": 66519.89, "Plan Rows": 1869, "Plan Width": 25, "Actual Startup Time": 1042.677, "Actual Total Time": 1042.677, "Actual Rows": 0, "Actual Loops": 1, "Inner Unique": true, "Plans": [{"Node Type": "Nested Loop", "Parent Relationship": "Outer", "Join Type": "Inner", "Startup Cost": 0.0, "Total Cost": 54902.47, "Plan Rows": 1540, "Plan Width": 4, "Actual Startup Time": 1042.676, "Actual Total Time": 1042.676, "Actual Rows": 0, "Actual Loops": 1, "Inner Unique": false, "Join Filter": "(ct.id = mc.company_type_id)", "Rows Removed by Join Filter": 24025, "Plans": [{"Node Type": "Seq Scan", "Parent Relationship": "Outer", "Relation Name": "company_type", "Alias": "ct", "Startup Cost": 0.0, "Total Cost": 1.04, "Plan Rows": 1, "Plan Width": 4, "Actual Startup Time": 0.02, "Actual Total Time": 0.027, "Actual Rows": 1, "Actual Loops": 1, "Filter": "((kind)::text = 'production companies'::text)", "Rows Removed by Filter": 2}, {"Node Type": "Seq Scan", "Parent Relationship": "Inner", "Relation Name": "movie_companies", "Alias": "mc", "Startup Cost": 0.0, "Total Cost": 54862.92, "Plan Rows": 3081, "Plan Width": 8, "Actual Startup Time": 8.674, "Actual Total Time": 1037.406, "Actual Rows": 24025, "Actual Loops": 1, "Filter": "(((note)::text ~~ '%(theatrical)%'::text) AND ((note)::text ~~ '%(France)%'::text))", "Rows Removed by Filter": 2585103}]}, {"Node Type": "Index Scan", "Parent Relationship": "Inner", "Scan Direction": "Forward", "Index Name": "title_pkey", "Relation Name": "title", "Alias": "t", "Startup Cost": 0.0, "Total Cost": 7.53, "Plan Rows": 1, "Plan Width": 21, "Actual Startup Time": 0.0, "Actual Total Time": 0.0, "Index Cond": "(id = mc.movie_id)", "Rows Removed by Index Recheck": 0, "Filter": "(production_year > 2005)", "Rows Removed by Filter": 0}]}, {"Node Type": "Index Scan", "Parent Relationship": "Inner", "Scan Direction": "Forward", "Index Name": "movie_id_movie_info", "Relation Name": "movie_info", "Alias": "mi", "Startup Cost": 0.0, "Total Cost": 1.21, "Plan Rows": 1, "Plan Width": 8, "Actual Startup Time": 0.0, "Actual Total Time": 0.0, "Index Cond": "(movie_id = t.id)", "Rows Removed by Index Recheck": 0, "Filter": "((info)::text = ANY ('{Sweden,Norway,Germany,Denmark,Swedish,Denish,Norwegian,German}'::text[]))", "Rows Removed by Filter": 0}]}, {"Node Type": "Index Only Scan", "Parent Relationship": "Inner", "Scan Direction": "Forward", "Index Name": "info_type_pkey", "Relation Name": "info_type", "Alias": "it", "Startup Cost": 0.0, "Total Cost": 0.27, "Plan Rows": 1, "Plan Width": 4, "Actual Startup Time": 0.0, "Actual Total Time": 0.0, "Index Cond": "(id = mi.info_type_id)", "Rows Removed by Index Recheck": 0, "Heap Fetches": 0}]}]}, "Triggers": [], "Planner Runtime": 7.451, "Total Runtime": 1043.05, "Unique SQL Id": 2510907716}}, "(1, '121')": {"explain_plan": {"Plan": {"Node Type": "Aggregate", "Strategy": "Plain", "Startup Cost": 74106.99, "Total Cost": 74107.0, "Plan Rows": 1, "Plan Width": 49, "Plans": [{"Node Type": "Nested Loop", "Parent Relationship": "Outer", "Join Type": "Inner", "Startup Cost": 0.0, "Total Cost": 74102.19, "Plan Rows": 1919, "Plan Width": 17, "Inner Unique": true, "Plans": [{"Node Type": "Nested Loop", "Parent Relationship": "Outer", "Join Type": "Inner", "Startup Cost": 0.0, "Total Cost": 73564.77, "Plan Rows": 1919, "Plan Width": 21, "Inner Unique": false, "Plans": [{"Node Type": "Nested Loop", "Parent Relationship": "Outer", "Join Type": "Inner", "Startup Cost": 0.0, "Total Cost": 71285.47, "Plan Rows": 1869, "Plan Width": 25, "Inner Unique": true, "Plans": [{"Node Type": "Nested Loop", "Parent Relationship": "Outer", "Join Type": "Inner", "Startup Cost": 0.0, "Total Cost": 59668.05, "Plan Rows": 1540, "Plan Width": 4, "Inner Unique": false, "Plans": [{"Node Type": "Index Scan", "Parent Relationship": "Outer", "Scan Direction": "Forward", "Index Name": "company_type_pkey", "Relation Name": "company_type", "Alias": "ct", "Startup Cost": 0.0, "Total Cost": 12.3, "Plan Rows": 1, "Plan Width": 4, "Filter": "((kind)::text = 'production companies'::text)"}, {"Node Type": "Index Scan", "Parent Relationship": "Inner", "Scan Direction": "Forward", "Index Name": "company_type_id_movie_companies", "Relation Name": "movie_companies", "Alias": "mc", "Startup Cost": 0.0, "Total Cost": 59640.35, "Plan Rows": 1540, "Plan Width": 8, "Index Cond": "(company_type_id = ct.id)", "Filter": "(((note)::text ~~ '%(theatrical)%'::text) AND ((note)::text ~~ '%(France)%'::text))"}]}, {"Node Type": "Index Scan", "Parent Relationship": "Inner", "Scan Direction": "Forward", "Index Name": "title_pkey", "Relation Name": "title", "Alias": "t", "Startup Cost": 0.0, "Total Cost": 7.53, "Plan Rows": 1, "Plan Width": 21, "Index Cond": "(id = mc.movie_id)", "Filter": "(production_year > 2005)"}]}, {"Node Type": "Index Scan", "Parent Relationship": "Inner", "Scan Direction": "Forward", "Index Name": "movie_id_movie_info", "Relation Name": "movie_info", "Alias": "mi", "Startup Cost": 0.0, "Total Cost": 1.21, "Plan Rows": 1, "Plan Width": 8, "Index Cond": "(movie_id = t.id)", "Filter": "((info)::text = ANY ('{Sweden,Norway,Germany,Denmark,Swedish,Denish,Norwegian,German}'::text[]))"}]}, {"Node Type": "Index Only Scan", "Parent Relationship": "Inner", "Scan Direction": "Forward", "Index Name": "info_type_pkey", "Relation Name": "info_type", "Alias": "it", "Startup Cost": 0.0, "Total Cost": 0.27, "Plan Rows": 1, "Plan Width": 4, "Index Cond": "(id = mi.info_type_id)"}]}]}, "Unique SQL Id": 2510907716, "Planner Runtime": 2}, "explain_analyze_plan": {"Plan": {"Node Type": "Aggregate", "Strategy": "Plain", "Startup Cost": 74106.99, "Total Cost": 74107.0, "Plan Rows": 1, "Plan Width": 49, "Actual Startup Time": 633.715, "Actual Total Time": 633.716, "Actual Rows": 1, "Actual Loops": 1, "Plans": [{"Node Type": "Nested Loop", "Parent Relationship": "Outer", "Join Type": "Inner", "Startup Cost": 0.0, "Total Cost": 74102.19, "Plan Rows": 1919, "Plan Width": 17, "Actual Startup Time": 633.706, "Actual Total Time": 633.706, "Actual Rows": 0, "Actual Loops": 1, "Inner Unique": true, "Plans": [{"Node Type": "Nested Loop", "Parent Relationship": "Outer", "Join Type": "Inner", "Startup Cost": 0.0, "Total Cost": 73564.77, "Plan Rows": 1919, "Plan Width": 21, "Actual Startup Time": 633.704, "Actual Total Time": 633.704, "Actual Rows": 0, "Actual Loops": 1, "Inner Unique": false, "Plans": [{"Node Type": "Nested Loop", "Parent Relationship": "Outer", "Join Type": "Inner", "Startup Cost": 0.0, "Total Cost": 71285.47, "Plan Rows": 1869, "Plan Width": 25, "Actual Startup Time": 633.703, "Actual Total Time": 633.703, "Actual Rows": 0, "Actual Loops": 1, "Inner Unique": true, "Plans": [{"Node Type": "Nested Loop", "Parent Relationship": "Outer", "Join Type": "Inner", "Startup Cost": 0.0, "Total Cost": 59668.05, "Plan Rows": 1540, "Plan Width": 4, "Actual Startup Time": 633.702, "Actual Total Time": 633.702, "Actual Rows": 0, "Actual Loops": 1, "Inner Unique": false, "Plans": [{"Node Type": "Index Scan", "Parent Relationship": "Outer", "Scan Direction": "Forward", "Index Name": "company_type_pkey", "Relation Name": "company_type", "Alias": "ct", "Startup Cost": 0.0, "Total Cost": 12.3, "Plan Rows": 1, "Plan Width": 4, "Actual Startup Time": 0.021, "Actual Total Time": 0.027, "Actual Rows": 1, "Actual Loops": 1, "Filter": "((kind)::text = 'production companies'::text)", "Rows Removed by Filter": 2}, {"Node Type": "Index Scan", "Parent Relationship": "Inner", "Scan Direction": "Forward", "Index Name": "company_type_id_movie_companies", "Relation Name": "movie_companies", "Alias": "mc", "Startup Cost": 0.0, "Total Cost": 59640.35, "Plan Rows": 1540, "Plan Width": 8, "Actual Startup Time": 633.668, "Actual Total Time": 633.668, "Actual Rows": 0, "Actual Loops": 1, "Index Cond": "(company_type_id = ct.id)", "Rows Removed by Index Recheck": 0, "Filter": "(((note)::text ~~ '%(theatrical)%'::text) AND ((note)::text ~~ '%(France)%'::text))", "Rows Removed by Filter": 1334883}]}, {"Node Type": "Index Scan", "Parent Relationship": "Inner", "Scan Direction": "Forward", "Index Name": "title_pkey", "Relation Name": "title", "Alias": "t", "Startup Cost": 0.0, "Total Cost": 7.53, "Plan Rows": 1, "Plan Width": 21, "Actual Startup Time": 0.0, "Actual Total Time": 0.0, "Index Cond": "(id = mc.movie_id)", "Rows Removed by Index Recheck": 0, "Filter": "(production_year > 2005)", "Rows Removed by Filter": 0}]}, {"Node Type": "Index Scan", "Parent Relationship": "Inner", "Scan Direction": "Forward", "Index Name": "movie_id_movie_info", "Relation Name": "movie_info", "Alias": "mi", "Startup Cost": 0.0, "Total Cost": 1.21, "Plan Rows": 1, "Plan Width": 8, "Actual Startup Time": 0.0, "Actual Total Time": 0.0, "Index Cond": "(movie_id = t.id)", "Rows Removed by Index Recheck": 0, "Filter": "((info)::text = ANY ('{Sweden,Norway,Germany,Denmark,Swedish,Denish,Norwegian,German}'::text[]))", "Rows Removed by Filter": 0}]}, {"Node Type": "Index Only Scan", "Parent Relationship": "Inner", "Scan Direction": "Forward", "Index Name": "info_type_pkey", "Relation Name": "info_type", "Alias": "it", "Startup Cost": 0.0, "Total Cost": 0.27, "Plan Rows": 1, "Plan Width": 4, "Actual Startup Time": 0.0, "Actual Total Time": 0.0, "Index Cond": "(id = mi.info_type_id)", "Rows Removed by Index Recheck": 0, "Heap Fetches": 0}]}]}, "Triggers": [], "Planner Runtime": 6.763, "Total Runtime": 633.955, "Unique SQL Id": 2510907716}}, "(1, '122')": {"explain_plan": {"Plan": {"Node Type": "Aggregate", "Strategy": "Plain", "Startup Cost": 27872755.34, "Total Cost": 27872755.35, "Plan Rows": 1, "Plan Width": 49, "Plans": [{"Node Type": "Nested Loop", "Parent Relationship": "Outer", "Join Type": "Inner", "Startup Cost": 0.0, "Total Cost": 27872750.54, "Plan Rows": 1919, "Plan Width": 17, "Inner Unique": false, "Join Filter": "(mi.movie_id = t.id)", "Plans": [{"Node Type": "Seq Scan", "Parent Relationship": "Outer", "Relation Name": "title", "Alias": "t", "Startup Cost": 0.0, "Total Cost": 66389.89, "Plan Rows": 1013492, "Plan Width": 21, "Filter": "(production_year > 2005), (LLVM Optimized)"}, {"Node Type": "Materialize", "Parent Relationship": "Inner", "Startup Cost": 0.0, "Total Cost": 3771401.82, "Plan Rows": 1581, "Plan Width": 8, "Plans": [{"Node Type": "Nested Loop", "Parent Relationship": "Outer", "Join Type": "Inner", "Startup Cost": 0.0, "Total Cost": 3771393.92, "Plan Rows": 1581, "Plan Width": 8, "Inner Unique": true, "Join Filter": "(mi.info_type_id = it.id)", "Plans": [{"Node Type": "Nested Loop", "Parent Relationship": "Outer", "Join Type": "Inner", "Startup Cost": 0.0, "Total Cost": 3768735.44, "Plan Rows": 1581, "Plan Width": 12, "Inner Unique": false, "Join Filter": "(mc.movie_id = mi.movie_id)", "Plans": [{"Node Type": "Seq Scan", "Parent Relationship": "Outer", "Relation Name": "movie_info", "Alias": "mi", "Startup Cost": 0.0, "Total Cost": 445687.32, "Plan Rows": 141478, "Plan Width": 8, "Filter": "((info)::text = ANY ('{Sweden,Norway,Germany,Denmark,Swedish,Denish,Norwegian,German}'::text[]))"}, {"Node Type": "Materialize", "Parent Relationship": "Inner", "Startup Cost": 0.0, "Total Cost": 54910.17, "Plan Rows": 1540, "Plan Width": 4, "Plans": [{"Node Type": "Nested Loop", "Parent Relationship": "Outer", "Join Type": "Inner", "Startup Cost": 0.0, "Total Cost": 54902.47, "Plan Rows": 1540, "Plan Width": 4, "Inner Unique": false, "Join Filter": "(ct.id = mc.company_type_id)", "Plans": [{"Node Type": "Seq Scan", "Parent Relationship": "Outer", "Relation Name": "company_type", "Alias": "ct", "Startup Cost": 0.0, "Total Cost": 1.04, "Plan Rows": 1, "Plan Width": 4, "Filter": "((kind)::text = 'production companies'::text)"}, {"Node Type": "Seq Scan", "Parent Relationship": "Inner", "Relation Name": "movie_companies", "Alias": "mc", "Startup Cost": 0.0, "Total Cost": 54862.92, "Plan Rows": 3081, "Plan Width": 8, "Filter": "(((note)::text ~~ '%(theatrical)%'::text) AND ((note)::text ~~ '%(France)%'::text))"}]}]}]}, {"Node Type": "Materialize", "Parent Relationship": "Inner", "Startup Cost": 0.0, "Total Cost": 2.68, "Plan Rows": 112, "Plan Width": 4, "Plans": [{"Node Type": "Seq Scan", "Parent Relationship": "Outer", "Relation Name": "info_type", "Alias": "it", "Startup Cost": 0.0, "Total Cost": 2.12, "Plan Rows": 112, "Plan Width": 4}]}]}]}]}]}, "Unique SQL Id": 2510907716, "Planner Runtime": 2}, "explain_analyze_plan": null}, "(1, '123')": {"explain_plan": {"Plan": {"Node Type": "Aggregate", "Strategy": "Plain", "Startup Cost": 5000171402236.96, "Total Cost": 5000171402236.97, "Plan Rows": 1, "Plan Width": 49, "Plans": [{"Node Type": "Nested Loop", "Parent Relationship": "Outer", "Join Type": "Inner", "Startup Cost": 50000000000.0, "Total Cost": 5000171402232.16, "Plan Rows": 1919, "Plan Width": 17, "Inner Unique": true, "Join Filter": "(mi.info_type_id = it.id)", "Plans": [{"Node Type": "Nested Loop", "Parent Relationship": "Outer", "Join Type": "Inner", "Startup Cost": 40000000000.0, "Total Cost": 4000171398014.96, "Plan Rows": 1919, "Plan Width": 21, "Inner Unique": true, "Join Filter": "(mi.movie_id = t.id)", "Plans": [{"Node Type": "Nested Loop", "Parent Relationship": "Outer", "Join Type": "Inner", "Startup Cost": 30000000000.0, "Total Cost": 3000135716391.79, "Plan Rows": 1581, "Plan Width": 12, "Inner Unique": true, "Join Filter": "(mc.company_type_id = ct.id)", "Plans": [{"Node Type": "Nested Loop", "Parent Relationship": "Outer", "Join Type": "Inner", "Startup Cost": 20000000000.0, "Total Cost": 2000135715114.09, "Plan Rows": 3163, "Plan Width": 16, "Inner Unique": false, "Join Filter": "(mc.movie_id = mi.movie_id)", "Plans": [{"Node Type": "Index Scan", "Parent Relationship": "Outer", "Scan Direction": "Forward", "Index Name": "info_type_id_movie_info", "Relation Name": "movie_info", "Alias": "mi", "Startup Cost": 10000000000.0, "Total Cost": 1000118553919.62, "Plan Rows": 141478, "Plan Width": 8, "Filter": "((info)::text = ANY ('{Sweden,Norway,Germany,Denmark,Swedish,Denish,Norwegian,German}'::text[]))"}, {"Node Type": "Materialize", "Parent Relationship": "Inner", "Startup Cost": 10000000000.0, "Total Cost": 1000010622796.41, "Plan Rows": 3081, "Plan Width": 8, "Plans": [{"Node Type": "Index Scan", "Parent Relationship": "Outer", "Scan Direction": "Forward", "Index Name": "company_type_id_movie_companies", "Relation Name": "movie_companies", "Alias": "mc", "Startup Cost": 10000000000.0, "Total Cost": 1000010622781.0, "Plan Rows": 3081, "Plan Width": 8, "Filter": "(((note)::text ~~ '%(theatrical)%'::text) AND ((note)::text ~~ '%(France)%'::text))"}]}]}, {"Node Type": "Materialize", "Parent Relationship": "Inner", "Startup Cost": 10000000000.0, "Total Cost": 1000000001230.26, "Plan Rows": 1, "Plan Width": 4, "Plans": [{"Node Type": "Index Scan", "Parent Relationship": "Outer", "Scan Direction": "Forward", "Index Name": "company_type_pkey", "Relation Name": "company_type", "Alias": "ct", "Startup Cost": 10000000000.0, "Total Cost": 1000000001230.25, "Plan Rows": 1, "Plan Width": 4, "Filter": "((kind)::text = 'production companies'::text)"}]}]}, {"Node Type": "Materialize", "Parent Relationship": "Inner", "Startup Cost": 10000000000.0, "Total Cost": 1000011649194.12, "Plan Rows": 1013492, "Plan Width": 21, "Plans": [{"Node Type": "Index Scan", "Parent Relationship": "Outer", "Scan Direction": "Forward", "Index Name": "title_pkey", "Relation Name": "title", "Alias": "t", "Startup Cost": 10000000000.0, "Total Cost": 1000011644126.66, "Plan Rows": 1013492, "Plan Width": 21, "Filter": "(production_year > 2005), (LLVM Optimized)"}]}]}, {"Node Type": "Materialize", "Parent Relationship": "Inner", "Startup Cost": 10000000000.0, "Total Cost": 1000000000993.56, "Plan Rows": 112, "Plan Width": 4, "Plans": [{"Node Type": "Index Only Scan", "Parent Relationship": "Outer", "Scan Direction": "Forward", "Index Name": "info_type_pkey", "Relation Name": "info_type", "Alias": "it", "Startup Cost": 10000000000.0, "Total Cost": 1000000000993.0, "Plan Rows": 112, "Plan Width": 4}]}]}]}, "Unique SQL Id": 2510907716, "Planner Runtime": 2}, "explain_analyze_plan": null}, "(1, '124')": {"explain_plan": {"Plan": {"Node Type": "Aggregate", "Strategy": "Plain", "Startup Cost": 69341.46, "Total Cost": 69341.47, "Plan Rows": 1, "Plan Width": 49, "Plans": [{"Node Type": "Nested Loop", "Parent Relationship": "Outer", "Join Type": "Inner", "Startup Cost": 0.0, "Total Cost": 69336.67, "Plan Rows": 1919, "Plan Width": 17, "Inner Unique": true, "Plans": [{"Node Type": "Nested Loop", "Parent Relationship": "Outer", "Join Type": "Inner", "Startup Cost": 0.0, "Total Cost": 68799.18, "Plan Rows": 1919, "Plan Width": 21, "Inner Unique": false, "Plans": [{"Node Type": "Nested Loop", "Parent Relationship": "Outer", "Join Type": "Inner", "Startup Cost": 0.0, "Total Cost": 66519.89, "Plan Rows": 1869, "Plan Width": 25, "Inner Unique": true, "Plans": [{"Node Type": "Nested Loop", "Parent Relationship": "Outer", "Join Type": "Inner", "Startup Cost": 0.0, "Total Cost": 54902.47, "Plan Rows": 1540, "Plan Width": 4, "Inner Unique": false, "Join Filter": "(ct.id = mc.company_type_id)", "Plans": [{"Node Type": "Seq Scan", "Parent Relationship": "Outer", "Relation Name": "company_type", "Alias": "ct", "Startup Cost": 0.0, "Total Cost": 1.04, "Plan Rows": 1, "Plan Width": 4, "Filter": "((kind)::text = 'production companies'::text)"}, {"Node Type": "Seq Scan", "Parent Relationship": "Inner", "Relation Name": "movie_companies", "Alias": "mc", "Startup Cost": 0.0, "Total Cost": 54862.92, "Plan Rows": 3081, "Plan Width": 8, "Filter": "(((note)::text ~~ '%(theatrical)%'::text) AND ((note)::text ~~ '%(France)%'::text))"}]}, {"Node Type": "Index Scan", "Parent Relationship": "Inner", "Scan Direction": "Forward", "Index Name": "title_pkey", "Relation Name": "title", "Alias": "t", "Startup Cost": 0.0, "Total Cost": 7.53, "Plan Rows": 1, "Plan Width": 21, "Index Cond": "(id = mc.movie_id)", "Filter": "(production_year > 2005)"}]}, {"Node Type": "Index Scan", "Parent Relationship": "Inner", "Scan Direction": "Forward", "Index Name": "movie_id_movie_info", "Relation Name": "movie_info", "Alias": "mi", "Startup Cost": 0.0, "Total Cost": 1.21, "Plan Rows": 1, "Plan Width": 8, "Index Cond": "(movie_id = t.id)", "Filter": "((info)::text = ANY ('{Sweden,Norway,Germany,Denmark,Swedish,Denish,Norwegian,German}'::text[]))"}]}, {"Node Type": "Index Scan", "Parent Relationship": "Inner", "Scan Direction": "Forward", "Index Name": "info_type_pkey", "Relation Name": "info_type", "Alias": "it", "Startup Cost": 0.0, "Total Cost": 0.27, "Plan Rows": 1, "Plan Width": 4, "Index Cond": "(id = mi.info_type_id)"}]}]}, "Unique SQL Id": 2510907716, "Planner Runtime": 2}, "explain_analyze_plan": {"Plan": {"Node Type": "Aggregate", "Strategy": "Plain", "Startup Cost": 69341.46, "Total Cost": 69341.47, "Plan Rows": 1, "Plan Width": 49, "Actual Startup Time": 1050.618, "Actual Total Time": 1050.618, "Actual Rows": 1, "Actual Loops": 1, "Plans": [{"Node Type": "Nested Loop", "Parent Relationship": "Outer", "Join Type": "Inner", "Startup Cost": 0.0, "Total Cost": 69336.67, "Plan Rows": 1919, "Plan Width": 17, "Actual Startup Time": 1050.61, "Actual Total Time": 1050.61, "Actual Rows": 0, "Actual Loops": 1, "Inner Unique": true, "Plans": [{"Node Type": "Nested Loop", "Parent Relationship": "Outer", "Join Type": "Inner", "Startup Cost": 0.0, "Total Cost": 68799.18, "Plan Rows": 1919, "Plan Width": 21, "Actual Startup Time": 1050.608, "Actual Total Time": 1050.608, "Actual Rows": 0, "Actual Loops": 1, "Inner Unique": false, "Plans": [{"Node Type": "Nested Loop", "Parent Relationship": "Outer", "Join Type": "Inner", "Startup Cost": 0.0, "Total Cost": 66519.89, "Plan Rows": 1869, "Plan Width": 25, "Actual Startup Time": 1050.607, "Actual Total Time": 1050.607, "Actual Rows": 0, "Actual Loops": 1, "Inner Unique": true, "Plans": [{"Node Type": "Nested Loop", "Parent Relationship": "Outer", "Join Type": "Inner", "Startup Cost": 0.0, "Total Cost": 54902.47, "Plan Rows": 1540, "Plan Width": 4, "Actual Startup Time": 1050.606, "Actual Total Time": 1050.606, "Actual Rows": 0, "Actual Loops": 1, "Inner Unique": false, "Join Filter": "(ct.id = mc.company_type_id)", "Rows Removed by Join Filter": 24025, "Plans": [{"Node Type": "Seq Scan", "Parent Relationship": "Outer", "Relation Name": "company_type", "Alias": "ct", "Startup Cost": 0.0, "Total Cost": 1.04, "Plan Rows": 1, "Plan Width": 4, "Actual Startup Time": 0.023, "Actual Total Time": 0.032, "Actual Rows": 1, "Actual Loops": 1, "Filter": "((kind)::text = 'production companies'::text)", "Rows Removed by Filter": 2}, {"Node Type": "Seq Scan", "Parent Relationship": "Inner", "Relation Name": "movie_companies", "Alias": "mc", "Startup Cost": 0.0, "Total Cost": 54862.92, "Plan Rows": 3081, "Plan Width": 8, "Actual Startup Time": 8.677, "Actual Total Time": 1045.148, "Actual Rows": 24025, "Actual Loops": 1, "Filter": "(((note)::text ~~ '%(theatrical)%'::text) AND ((note)::text ~~ '%(France)%'::text))", "Rows Removed by Filter": 2585103}]}, {"Node Type": "Index Scan", "Parent Relationship": "Inner", "Scan Direction": "Forward", "Index Name": "title_pkey", "Relation Name": "title", "Alias": "t", "Startup Cost": 0.0, "Total Cost": 7.53, "Plan Rows": 1, "Plan Width": 21, "Actual Startup Time": 0.0, "Actual Total Time": 0.0, "Index Cond": "(id = mc.movie_id)", "Rows Removed by Index Recheck": 0, "Filter": "(production_year > 2005)", "Rows Removed by Filter": 0}]}, {"Node Type": "Index Scan", "Parent Relationship": "Inner", "Scan Direction": "Forward", "Index Name": "movie_id_movie_info", "Relation Name": "movie_info", "Alias": "mi", "Startup Cost": 0.0, "Total Cost": 1.21, "Plan Rows": 1, "Plan Width": 8, "Actual Startup Time": 0.0, "Actual Total Time": 0.0, "Index Cond": "(movie_id = t.id)", "Rows Removed by Index Recheck": 0, "Filter": "((info)::text = ANY ('{Sweden,Norway,Germany,Denmark,Swedish,Denish,Norwegian,German}'::text[]))", "Rows Removed by Filter": 0}]}, {"Node Type": "Index Scan", "Parent Relationship": "Inner", "Scan Direction": "Forward", "Index Name": "info_type_pkey", "Relation Name": "info_type", "Alias": "it", "Startup Cost": 0.0, "Total Cost": 0.27, "Plan Rows": 1, "Plan Width": 4, "Actual Startup Time": 0.0, "Actual Total Time": 0.0, "Index Cond": "(id = mi.info_type_id)", "Rows Removed by Index Recheck": 0}]}]}, "Triggers": [], "Planner Runtime": 7.429, "Total Runtime": 1050.883, "Unique SQL Id": 2510907716}}, "(1, '125')": {"explain_plan": {"Plan": {"Node Type": "Aggregate", "Strategy": "Plain", "Startup Cost": 74107.05, "Total Cost": 74107.06, "Plan Rows": 1, "Plan Width": 49, "Plans": [{"Node Type": "Nested Loop", "Parent Relationship": "Outer", "Join Type": "Inner", "Startup Cost": 0.0, "Total Cost": 74102.25, "Plan Rows": 1919, "Plan Width": 17, "Inner Unique": true, "Plans": [{"Node Type": "Nested Loop", "Parent Relationship": "Outer", "Join Type": "Inner", "Startup Cost": 0.0, "Total Cost": 73564.77, "Plan Rows": 1919, "Plan Width": 21, "Inner Unique": false, "Plans": [{"Node Type": "Nested Loop", "Parent Relationship": "Outer", "Join Type": "Inner", "Startup Cost": 0.0, "Total Cost": 71285.47, "Plan Rows": 1869, "Plan Width": 25, "Inner Unique": true, "Plans": [{"Node Type": "Nested Loop", "Parent Relationship": "Outer", "Join Type": "Inner", "Startup Cost": 0.0, "Total Cost": 59668.05, "Plan Rows": 1540, "Plan Width": 4, "Inner Unique": false, "Plans": [{"Node Type": "Index Scan", "Parent Relationship": "Outer", "Scan Direction": "Forward", "Index Name": "company_type_pkey", "Relation Name": "company_type", "Alias": "ct", "Startup Cost": 0.0, "Total Cost": 12.3, "Plan Rows": 1, "Plan Width": 4, "Filter": "((kind)::text = 'production companies'::text)"}, {"Node Type": "Index Scan", "Parent Relationship": "Inner", "Scan Direction": "Forward", "Index Name": "company_type_id_movie_companies", "Relation Name": "movie_companies", "Alias": "mc", "Startup Cost": 0.0, "Total Cost": 59640.35, "Plan Rows": 1540, "Plan Width": 8, "Index Cond": "(company_type_id = ct.id)", "Filter": "(((note)::text ~~ '%(theatrical)%'::text) AND ((note)::text ~~ '%(France)%'::text))"}]}, {"Node Type": "Index Scan", "Parent Relationship": "Inner", "Scan Direction": "Forward", "Index Name": "title_pkey", "Relation Name": "title", "Alias": "t", "Startup Cost": 0.0, "Total Cost": 7.53, "Plan Rows": 1, "Plan Width": 21, "Index Cond": "(id = mc.movie_id)", "Filter": "(production_year > 2005)"}]}, {"Node Type": "Index Scan", "Parent Relationship": "Inner", "Scan Direction": "Forward", "Index Name": "movie_id_movie_info", "Relation Name": "movie_info", "Alias": "mi", "Startup Cost": 0.0, "Total Cost": 1.21, "Plan Rows": 1, "Plan Width": 8, "Index Cond": "(movie_id = t.id)", "Filter": "((info)::text = ANY ('{Sweden,Norway,Germany,Denmark,Swedish,Denish,Norwegian,German}'::text[]))"}]}, {"Node Type": "Index Scan", "Parent Relationship": "Inner", "Scan Direction": "Forward", "Index Name": "info_type_pkey", "Relation Name": "info_type", "Alias": "it", "Startup Cost": 0.0, "Total Cost": 0.27, "Plan Rows": 1, "Plan Width": 4, "Index Cond": "(id = mi.info_type_id)"}]}]}, "Unique SQL Id": 2510907716, "Planner Runtime": 2}, "explain_analyze_plan": {"Plan": {"Node Type": "Aggregate", "Strategy": "Plain", "Startup Cost": 74107.05, "Total Cost": 74107.06, "Plan Rows": 1, "Plan Width": 49, "Actual Startup Time": 752.93, "Actual Total Time": 752.931, "Actual Rows": 1, "Actual Loops": 1, "Plans": [{"Node Type": "Nested Loop", "Parent Relationship": "Outer", "Join Type": "Inner", "Startup Cost": 0.0, "Total Cost": 74102.25, "Plan Rows": 1919, "Plan Width": 17, "Actual Startup Time": 752.924, "Actual Total Time": 752.924, "Actual Rows": 0, "Actual Loops": 1, "Inner Unique": true, "Plans": [{"Node Type": "Nested Loop", "Parent Relationship": "Outer", "Join Type": "Inner", "Startup Cost": 0.0, "Total Cost": 73564.77, "Plan Rows": 1919, "Plan Width": 21, "Actual Startup Time": 752.922, "Actual Total Time": 752.922, "Actual Rows": 0, "Actual Loops": 1, "Inner Unique": false, "Plans": [{"Node Type": "Nested Loop", "Parent Relationship": "Outer", "Join Type": "Inner", "Startup Cost": 0.0, "Total Cost": 71285.47, "Plan Rows": 1869, "Plan Width": 25, "Actual Startup Time": 752.921, "Actual Total Time": 752.921, "Actual Rows": 0, "Actual Loops": 1, "Inner Unique": true, "Plans": [{"Node Type": "Nested Loop", "Parent Relationship": "Outer", "Join Type": "Inner", "Startup Cost": 0.0, "Total Cost": 59668.05, "Plan Rows": 1540, "Plan Width": 4, "Actual Startup Time": 752.919, "Actual Total Time": 752.919, "Actual Rows": 0, "Actual Loops": 1, "Inner Unique": false, "Plans": [{"Node Type": "Index Scan", "Parent Relationship": "Outer", "Scan Direction": "Forward", "Index Name": "company_type_pkey", "Relation Name": "company_type", "Alias": "ct", "Startup Cost": 0.0, "Total Cost": 12.3, "Plan Rows": 1, "Plan Width": 4, "Actual Startup Time": 0.015, "Actual Total Time": 0.026, "Actual Rows": 1, "Actual Loops": 1, "Filter": "((kind)::text = 'production companies'::text)", "Rows Removed by Filter": 2}, {"Node Type": "Index Scan", "Parent Relationship": "Inner", "Scan Direction": "Forward", "Index Name": "company_type_id_movie_companies", "Relation Name": "movie_companies", "Alias": "mc", "Startup Cost": 0.0, "Total Cost": 59640.35, "Plan Rows": 1540, "Plan Width": 8, "Actual Startup Time": 752.888, "Actual Total Time": 752.888, "Actual Rows": 0, "Actual Loops": 1, "Index Cond": "(company_type_id = ct.id)", "Rows Removed by Index Recheck": 0, "Filter": "(((note)::text ~~ '%(theatrical)%'::text) AND ((note)::text ~~ '%(France)%'::text))", "Rows Removed by Filter": 1334883}]}, {"Node Type": "Index Scan", "Parent Relationship": "Inner", "Scan Direction": "Forward", "Index Name": "title_pkey", "Relation Name": "title", "Alias": "t", "Startup Cost": 0.0, "Total Cost": 7.53, "Plan Rows": 1, "Plan Width": 21, "Actual Startup Time": 0.0, "Actual Total Time": 0.0, "Index Cond": "(id = mc.movie_id)", "Rows Removed by Index Recheck": 0, "Filter": "(production_year > 2005)", "Rows Removed by Filter": 0}]}, {"Node Type": "Index Scan", "Parent Relationship": "Inner", "Scan Direction": "Forward", "Index Name": "movie_id_movie_info", "Relation Name": "movie_info", "Alias": "mi", "Startup Cost": 0.0, "Total Cost": 1.21, "Plan Rows": 1, "Plan Width": 8, "Actual Startup Time": 0.0, "Actual Total Time": 0.0, "Index Cond": "(movie_id = t.id)", "Rows Removed by Index Recheck": 0, "Filter": "((info)::text = ANY ('{Sweden,Norway,Germany,Denmark,Swedish,Denish,Norwegian,German}'::text[]))", "Rows Removed by Filter": 0}]}, {"Node Type": "Index Scan", "Parent Relationship": "Inner", "Scan Direction": "Forward", "Index Name": "info_type_pkey", "Relation Name": "info_type", "Alias": "it", "Startup Cost": 0.0, "Total Cost": 0.27, "Plan Rows": 1, "Plan Width": 4, "Actual Startup Time": 0.0, "Actual Total Time": 0.0, "Index Cond": "(id = mi.info_type_id)", "Rows Removed by Index Recheck": 0}]}]}, "Triggers": [], "Planner Runtime": 6.967, "Total Runtime": 753.211, "Unique SQL Id": 2510907716}}, "(1, '126')": {"explain_plan": {"Plan": {"Node Type": "Aggregate", "Strategy": "Plain", "Startup Cost": 27872755.34, "Total Cost": 27872755.35, "Plan Rows": 1, "Plan Width": 49, "Plans": [{"Node Type": "Nested Loop", "Parent Relationship": "Outer", "Join Type": "Inner", "Startup Cost": 0.0, "Total Cost": 27872750.54, "Plan Rows": 1919, "Plan Width": 17, "Inner Unique": false, "Join Filter": "(mi.movie_id = t.id)", "Plans": [{"Node Type": "Seq Scan", "Parent Relationship": "Outer", "Relation Name": "title", "Alias": "t", "Startup Cost": 0.0, "Total Cost": 66389.89, "Plan Rows": 1013492, "Plan Width": 21, "Filter": "(production_year > 2005), (LLVM Optimized)"}, {"Node Type": "Materialize", "Parent Relationship": "Inner", "Startup Cost": 0.0, "Total Cost": 3771401.82, "Plan Rows": 1581, "Plan Width": 8, "Plans": [{"Node Type": "Nested Loop", "Parent Relationship": "Outer", "Join Type": "Inner", "Startup Cost": 0.0, "Total Cost": 3771393.92, "Plan Rows": 1581, "Plan Width": 8, "Inner Unique": true, "Join Filter": "(mi.info_type_id = it.id)", "Plans": [{"Node Type": "Nested Loop", "Parent Relationship": "Outer", "Join Type": "Inner", "Startup Cost": 0.0, "Total Cost": 3768735.44, "Plan Rows": 1581, "Plan Width": 12, "Inner Unique": false, "Join Filter": "(mc.movie_id = mi.movie_id)", "Plans": [{"Node Type": "Seq Scan", "Parent Relationship": "Outer", "Relation Name": "movie_info", "Alias": "mi", "Startup Cost": 0.0, "Total Cost": 445687.32, "Plan Rows": 141478, "Plan Width": 8, "Filter": "((info)::text = ANY ('{Sweden,Norway,Germany,Denmark,Swedish,Denish,Norwegian,German}'::text[]))"}, {"Node Type": "Materialize", "Parent Relationship": "Inner", "Startup Cost": 0.0, "Total Cost": 54910.17, "Plan Rows": 1540, "Plan Width": 4, "Plans": [{"Node Type": "Nested Loop", "Parent Relationship": "Outer", "Join Type": "Inner", "Startup Cost": 0.0, "Total Cost": 54902.47, "Plan Rows": 1540, "Plan Width": 4, "Inner Unique": false, "Join Filter": "(ct.id = mc.company_type_id)", "Plans": [{"Node Type": "Seq Scan", "Parent Relationship": "Outer", "Relation Name": "company_type", "Alias": "ct", "Startup Cost": 0.0, "Total Cost": 1.04, "Plan Rows": 1, "Plan Width": 4, "Filter": "((kind)::text = 'production companies'::text)"}, {"Node Type": "Seq Scan", "Parent Relationship": "Inner", "Relation Name": "movie_companies", "Alias": "mc", "Startup Cost": 0.0, "Total Cost": 54862.92, "Plan Rows": 3081, "Plan Width": 8, "Filter": "(((note)::text ~~ '%(theatrical)%'::text) AND ((note)::text ~~ '%(France)%'::text))"}]}]}]}, {"Node Type": "Materialize", "Parent Relationship": "Inner", "Startup Cost": 0.0, "Total Cost": 2.68, "Plan Rows": 112, "Plan Width": 4, "Plans": [{"Node Type": "Seq Scan", "Parent Relationship": "Outer", "Relation Name": "info_type", "Alias": "it", "Startup Cost": 0.0, "Total Cost": 2.12, "Plan Rows": 112, "Plan Width": 4}]}]}]}]}]}, "Unique SQL Id": 2510907716, "Planner Runtime": 2}, "explain_analyze_plan": null}, "(1, '127')": {"explain_plan": {"Plan": {"Node Type": "Aggregate", "Strategy": "Plain", "Startup Cost": 5000171402636.96, "Total Cost": 5000171402636.97, "Plan Rows": 1, "Plan Width": 49, "Plans": [{"Node Type": "Nested Loop", "Parent Relationship": "Outer", "Join Type": "Inner", "Startup Cost": 50000000000.0, "Total Cost": 5000171402632.16, "Plan Rows": 1919, "Plan Width": 17, "Inner Unique": true, "Join Filter": "(mi.info_type_id = it.id)", "Plans": [{"Node Type": "Nested Loop", "Parent Relationship": "Outer", "Join Type": "Inner", "Startup Cost": 40000000000.0, "Total Cost": 4000171398014.96, "Plan Rows": 1919, "Plan Width": 21, "Inner Unique": true, "Join Filter": "(mi.movie_id = t.id)", "Plans": [{"Node Type": "Nested Loop", "Parent Relationship": "Outer", "Join Type": "Inner", "Startup Cost": 30000000000.0, "Total Cost": 3000135716391.79, "Plan Rows": 1581, "Plan Width": 12, "Inner Unique": true, "Join Filter": "(mc.company_type_id = ct.id)", "Plans": [{"Node Type": "Nested Loop", "Parent Relationship": "Outer", "Join Type": "Inner", "Startup Cost": 20000000000.0, "Total Cost": 2000135715114.09, "Plan Rows": 3163, "Plan Width": 16, "Inner Unique": false, "Join Filter": "(mc.movie_id = mi.movie_id)", "Plans": [{"Node Type": "Index Scan", "Parent Relationship": "Outer", "Scan Direction": "Forward", "Index Name": "info_type_id_movie_info", "Relation Name": "movie_info", "Alias": "mi", "Startup Cost": 10000000000.0, "Total Cost": 1000118553919.62, "Plan Rows": 141478, "Plan Width": 8, "Filter": "((info)::text = ANY ('{Sweden,Norway,Germany,Denmark,Swedish,Denish,Norwegian,German}'::text[]))"}, {"Node Type": "Materialize", "Parent Relationship": "Inner", "Startup Cost": 10000000000.0, "Total Cost": 1000010622796.41, "Plan Rows": 3081, "Plan Width": 8, "Plans": [{"Node Type": "Index Scan", "Parent Relationship": "Outer", "Scan Direction": "Forward", "Index Name": "company_type_id_movie_companies", "Relation Name": "movie_companies", "Alias": "mc", "Startup Cost": 10000000000.0, "Total Cost": 1000010622781.0, "Plan Rows": 3081, "Plan Width": 8, "Filter": "(((note)::text ~~ '%(theatrical)%'::text) AND ((note)::text ~~ '%(France)%'::text))"}]}]}, {"Node Type": "Materialize", "Parent Relationship": "Inner", "Startup Cost": 10000000000.0, "Total Cost": 1000000001230.26, "Plan Rows": 1, "Plan Width": 4, "Plans": [{"Node Type": "Index Scan", "Parent Relationship": "Outer", "Scan Direction": "Forward", "Index Name": "company_type_pkey", "Relation Name": "company_type", "Alias": "ct", "Startup Cost": 10000000000.0, "Total Cost": 1000000001230.25, "Plan Rows": 1, "Plan Width": 4, "Filter": "((kind)::text = 'production companies'::text)"}]}]}, {"Node Type": "Materialize", "Parent Relationship": "Inner", "Startup Cost": 10000000000.0, "Total Cost": 1000011649194.12, "Plan Rows": 1013492, "Plan Width": 21, "Plans": [{"Node Type": "Index Scan", "Parent Relationship": "Outer", "Scan Direction": "Forward", "Index Name": "title_pkey", "Relation Name": "title", "Alias": "t", "Startup Cost": 10000000000.0, "Total Cost": 1000011644126.66, "Plan Rows": 1013492, "Plan Width": 21, "Filter": "(production_year > 2005), (LLVM Optimized)"}]}]}, {"Node Type": "Materialize", "Parent Relationship": "Inner", "Startup Cost": 10000000000.0, "Total Cost": 1000000001393.56, "Plan Rows": 112, "Plan Width": 4, "Plans": [{"Node Type": "Index Scan", "Parent Relationship": "Outer", "Scan Direction": "Forward", "Index Name": "info_type_pkey", "Relation Name": "info_type", "Alias": "it", "Startup Cost": 10000000000.0, "Total Cost": 1000000001393.0, "Plan Rows": 112, "Plan Width": 4}]}]}]}, "Unique SQL Id": 2510907716, "Planner Runtime": 2}, "explain_analyze_plan": null}, "(16, '0')": {"explain_plan": {"Plan": {"Node Type": "Aggregate", "Strategy": "Plain", "Startup Cost": 32465.34, "Total Cost": 32465.35, "Plan Rows": 1, "Plan Width": 49, "Plans": [{"Node Type": "Hash Join", "Parent Relationship": "Outer", "Join Type": "Inner", "Startup Cost": 3.52, "Total Cost": 32460.54, "Plan Rows": 1919, "Plan Width": 17, "Inner Unique": true, "Hash Cond": "(mi.info_type_id = it.id)", "Plans": [{"Node Type": "Nested Loop", "Parent Relationship": "Outer", "Join Type": "Inner", "Startup Cost": 0.0, "Total Cost": 32431.69, "Plan Rows": 1919, "Plan Width": 21, "Inner Unique": false, "Plans": [{"Node Type": "Nested Loop", "Parent Relationship": "Outer", "Join Type": "Inner", "Startup Cost": 0.0, "Total Cost": 30152.4, "Plan Rows": 1869, "Plan Width": 25, "Inner Unique": true, "Plans": [{"Node Type": "Nested Loop", "Parent Relationship": "Outer", "Join Type": "Inner", "Startup Cost": 0.0, "Total Cost": 18534.98, "Plan Rows": 1540, "Plan Width": 4, "Inner Unique": false, "Join Filter": "(ct.id = mc.company_type_id)", "Plans": [{"Node Type": "Seq Scan", "Parent Relationship": "Outer", "Relation Name": "company_type", "Alias": "ct", "Startup Cost": 0.0, "Total Cost": 1.04, "Plan Rows": 1, "Plan Width": 4, "Filter": "((kind)::text = 'production companies'::text)"}, {"Node Type": "Materialize", "Parent Relationship": "Inner", "Startup Cost": 0.0, "Total Cost": 18503.13, "Plan Rows": 3081, "Plan Width": 8, "Plans": [{"Node Type": "Streaming(type: LOCAL GATHER dop: 1/16)", "Parent Relationship": "Outer", "Startup Cost": 0.0, "Total Cost": 18495.43, "Plan Rows": 3081, "Plan Width": 8, "Plans": [{"Node Type": "Seq Scan", "Parent Relationship": "Outer", "Relation Name": "movie_companies", "Alias": "mc", "Startup Cost": 0.0, "Total Cost": 18428.93, "Plan Rows": 3081, "Plan Width": 8, "Filter": "(((note)::text ~~ '%(theatrical)%'::text) AND ((note)::text ~~ '%(France)%'::text))"}]}]}]}, {"Node Type": "Index Scan", "Parent Relationship": "Inner", "Scan Direction": "Forward", "Index Name": "title_pkey", "Relation Name": "title", "Alias": "t", "Startup Cost": 0.0, "Total Cost": 7.53, "Plan Rows": 1, "Plan Width": 21, "Index Cond": "(id = mc.movie_id)", "Filter": "(production_year > 2005)"}]}, {"Node Type": "Index Scan", "Parent Relationship": "Inner", "Scan Direction": "Forward", "Index Name": "movie_id_movie_info", "Relation Name": "movie_info", "Alias": "mi", "Startup Cost": 0.0, "Total Cost": 1.21, "Plan Rows": 1, "Plan Width": 8, "Index Cond": "(movie_id = t.id)", "Filter": "((info)::text = ANY ('{Sweden,Norway,Germany,Denmark,Swedish,Denish,Norwegian,German}'::text[]))"}]}, {"Node Type": "Hash", "Parent Relationship": "Inner", "Startup Cost": 2.12, "Total Cost": 2.12, "Plan Rows": 112, "Plan Width": 4, "Plans": [{"Node Type": "Index Only Scan", "Parent Relationship": "Outer", "Scan Direction": "Forward", "Index Name": "info_type_pkey", "Relation Name": "info_type", "Alias": "it", "Startup Cost": 0.0, "Total Cost": 2.12, "Plan Rows": 112, "Plan Width": 4}]}]}]}, "Unique SQL Id": 2510907716, "Planner Runtime": 13}, "explain_analyze_plan": {"Plan": {"Node Type": "Aggregate", "Strategy": "Plain", "Startup Cost": 32465.34, "Total Cost": 32465.35, "Plan Rows": 1, "Plan Width": 49, "Actual Min Startup Time": 94.928, "Actual Max Startup Time": 94.928, "Actual Min Total Time": 94.929, "Actual Max Total Time": 94.929, "Plans": [{"Node Type": "Hash Join", "Parent Relationship": "Outer", "Join Type": "Inner", "Startup Cost": 3.52, "Total Cost": 32460.54, "Plan Rows": 1919, "Plan Width": 17, "Actual Min Startup Time": 94.918, "Actual Max Startup Time": 94.918, "Actual Min Total Time": 94.918, "Actual Max Total Time": 94.918, "Inner Unique": true, "Hash Cond": "(mi.info_type_id = it.id)", "Plans": [{"Node Type": "Nested Loop", "Parent Relationship": "Outer", "Join Type": "Inner", "Startup Cost": 0.0, "Total Cost": 32431.69, "Plan Rows": 1919, "Plan Width": 21, "Actual Min Startup Time": 94.911, "Actual Max Startup Time": 94.911, "Actual Min Total Time": 94.911, "Actual Max Total Time": 94.911, "Inner Unique": false, "Plans": [{"Node Type": "Nested Loop", "Parent Relationship": "Outer", "Join Type": "Inner", "Startup Cost": 0.0, "Total Cost": 30152.4, "Plan Rows": 1869, "Plan Width": 25, "Actual Min Startup Time": 94.909, "Actual Max Startup Time": 94.909, "Actual Min Total Time": 94.909, "Actual Max Total Time": 94.909, "Inner Unique": true, "Plans": [{"Node Type": "Nested Loop", "Parent Relationship": "Outer", "Join Type": "Inner", "Startup Cost": 0.0, "Total Cost": 18534.98, "Plan Rows": 1540, "Plan Width": 4, "Actual Min Startup Time": 94.909, "Actual Max Startup Time": 94.909, "Actual Min Total Time": 94.909, "Actual Max Total Time": 94.909, "Inner Unique": false, "Join Filter": "(ct.id = mc.company_type_id)", "Rows Removed by Join Filter": 24025, "Plans": [{"Node Type": "Seq Scan", "Parent Relationship": "Outer", "Relation Name": "company_type", "Alias": "ct", "Startup Cost": 0.0, "Total Cost": 1.04, "Plan Rows": 1, "Plan Width": 4, "Actual Min Startup Time": 0.047, "Actual Max Startup Time": 0.047, "Actual Min Total Time": 0.051, "Actual Max Total Time": 0.051, "Filter": "((kind)::text = 'production companies'::text)", "Rows Removed by Filter": 2, "Actual Rows": 1}, {"Node Type": "Materialize", "Parent Relationship": "Inner", "Startup Cost": 0.0, "Total Cost": 18503.13, "Plan Rows": 3081, "Plan Width": 8, "Actual Min Startup Time": 86.712, "Actual Max Startup Time": 86.712, "Actual Min Total Time": 89.668, "Actual Max Total Time": 89.668, "Plans": [{"Node Type": "Streaming(type: LOCAL GATHER dop: 1/16)", "Parent Relationship": "Outer", "Startup Cost": 0.0, "Total Cost": 18495.43, "Plan Rows": 3081, "Plan Width": 8, "Actual Min Startup Time": 27.262, "Actual Max Startup Time": 27.262, "Actual Min Total Time": 82.9, "Actual Max Total Time": 82.9, "Plans": [{"Node Type": "Seq Scan", "Parent Relationship": "Outer", "Relation Name": "movie_companies", "Alias": "mc", "Startup Cost": 0.0, "Total Cost": 18428.93, "Plan Rows": 3081, "Plan Width": 8, "Actual Min Startup Time": 0.94, "Actual Max Startup Time": 12.847, "Actual Min Total Time": 60.15, "Actual Max Total Time": 66.525, "Filter": "(((note)::text ~~ '%(theatrical)%'::text) AND ((note)::text ~~ '%(France)%'::text))", "Rows Removed by Filter": 2585103, "Actual Rows": 24025}], "Actual Rows": 24025}], "Actual Rows": 24026}], "Actual Rows": 0}, {"Node Type": "Index Scan", "Parent Relationship": "Inner", "Scan Direction": "Forward", "Index Name": "title_pkey", "Relation Name": "title", "Alias": "t", "Startup Cost": 0.0, "Total Cost": 7.53, "Plan Rows": 1, "Plan Width": 21, "Actual Startup Time": 0.0, "Actual Total Time": 0.0, "Index Cond": "(id = mc.movie_id)", "Rows Removed by Index Recheck": 0, "Filter": "(production_year > 2005)", "Rows Removed by Filter": 0}], "Actual Rows": 0}, {"Node Type": "Index Scan", "Parent Relationship": "Inner", "Scan Direction": "Forward", "Index Name": "movie_id_movie_info", "Relation Name": "movie_info", "Alias": "mi", "Startup Cost": 0.0, "Total Cost": 1.21, "Plan Rows": 1, "Plan Width": 8, "Actual Startup Time": 0.0, "Actual Total Time": 0.0, "Index Cond": "(movie_id = t.id)", "Rows Removed by Index Recheck": 0, "Filter": "((info)::text = ANY ('{Sweden,Norway,Germany,Denmark,Swedish,Denish,Norwegian,German}'::text[]))", "Rows Removed by Filter": 0}], "Actual Rows": 0}, {"Node Type": "Hash", "Parent Relationship": "Inner", "Startup Cost": 2.12, "Total Cost": 2.12, "Plan Rows": 112, "Plan Width": 4, "Actual Startup Time": 0.0, "Actual Total Time": 0.0, "Max Hash Buckets": 0, "Min Hash Buckets": 0, "Max Hash Batches": 0, "Min Hash Batches": 0, "Max Original Hash Batches": 0, "Min Original Hash Batches": 0, "Max Peak Memory Usage": 0, "min Peak Memory Usage": 0, "Plans": [{"Node Type": "Index Only Scan", "Parent Relationship": "Outer", "Scan Direction": "Forward", "Index Name": "info_type_pkey", "Relation Name": "info_type", "Alias": "it", "Startup Cost": 0.0, "Total Cost": 2.12, "Plan Rows": 112, "Plan Width": 4, "Actual Startup Time": 0.0, "Actual Total Time": 0.0, "Heap Fetches": 0}]}], "Actual Rows": 0}], "Actual Rows": 1}, "Triggers": [], "Planner Runtime": 13.282, "Total Runtime": 97.512, "Unique SQL Id": 2510907716}}, "(16, '1')": {"explain_plan": {"Plan": {"Node Type": "Aggregate", "Strategy": "Plain", "Startup Cost": 99093.2, "Total Cost": 99093.21, "Plan Rows": 1, "Plan Width": 49, "Plans": [{"Node Type": "Nested Loop", "Parent Relationship": "Outer", "Join Type": "Inner", "Startup Cost": 0.0, "Total Cost": 99088.4, "Plan Rows": 1919, "Plan Width": 17, "Inner Unique": true, "Plans": [{"Node Type": "Nested Loop", "Parent Relationship": "Outer", "Join Type": "Inner", "Startup Cost": 0.0, "Total Cost": 98550.97, "Plan Rows": 1919, "Plan Width": 21, "Inner Unique": false, "Plans": [{"Node Type": "Nested Loop", "Parent Relationship": "Outer", "Join Type": "Inner", "Startup Cost": 0.0, "Total Cost": 96271.68, "Plan Rows": 1869, "Plan Width": 25, "Inner Unique": true, "Plans": [{"Node Type": "Nested Loop", "Parent Relationship": "Outer", "Join Type": "Inner", "Startup Cost": 0.0, "Total Cost": 84654.26, "Plan Rows": 1540, "Plan Width": 4, "Inner Unique": false, "Join Filter": "(ct.id = mc.company_type_id)", "Plans": [{"Node Type": "Index Scan", "Parent Relationship": "Outer", "Scan Direction": "Forward", "Index Name": "company_type_pkey", "Relation Name": "company_type", "Alias": "ct", "Startup Cost": 0.0, "Total Cost": 12.3, "Plan Rows": 1, "Plan Width": 4, "Filter": "((kind)::text = 'production companies'::text)"}, {"Node Type": "Materialize", "Parent Relationship": "Inner", "Startup Cost": 0.0, "Total Cost": 84611.14, "Plan Rows": 3081, "Plan Width": 8, "Plans": [{"Node Type": "Streaming(type: LOCAL GATHER dop: 1/16)", "Parent Relationship": "Outer", "Startup Cost": 0.0, "Total Cost": 84603.44, "Plan Rows": 3081, "Plan Width": 8, "Plans": [{"Node Type": "Index Scan", "Parent Relationship": "Outer", "Scan Direction": "Forward", "Index Name": "company_type_id_movie_companies", "Relation Name": "movie_companies", "Alias": "mc", "Startup Cost": 0.0, "Total Cost": 84536.95, "Plan Rows": 3081, "Plan Width": 8, "Filter": "(((note)::text ~~ '%(theatrical)%'::text) AND ((note)::text ~~ '%(France)%'::text))"}]}]}]}, {"Node Type": "Index Scan", "Parent Relationship": "Inner", "Scan Direction": "Forward", "Index Name": "title_pkey", "Relation Name": "title", "Alias": "t", "Startup Cost": 0.0, "Total Cost": 7.53, "Plan Rows": 1, "Plan Width": 21, "Index Cond": "(id = mc.movie_id)", "Filter": "(production_year > 2005)"}]}, {"Node Type": "Index Scan", "Parent Relationship": "Inner", "Scan Direction": "Forward", "Index Name": "movie_id_movie_info", "Relation Name": "movie_info", "Alias": "mi", "Startup Cost": 0.0, "Total Cost": 1.21, "Plan Rows": 1, "Plan Width": 8, "Index Cond": "(movie_id = t.id)", "Filter": "((info)::text = ANY ('{Sweden,Norway,Germany,Denmark,Swedish,Denish,Norwegian,German}'::text[]))"}]}, {"Node Type": "Index Only Scan", "Parent Relationship": "Inner", "Scan Direction": "Forward", "Index Name": "info_type_pkey", "Relation Name": "info_type", "Alias": "it", "Startup Cost": 0.0, "Total Cost": 0.27, "Plan Rows": 1, "Plan Width": 4, "Index Cond": "(id = mi.info_type_id)"}]}]}, "Unique SQL Id": 2510907716, "Planner Runtime": 9}, "explain_analyze_plan": {"Plan": {"Node Type": "Aggregate", "Strategy": "Plain", "Startup Cost": 99093.2, "Total Cost": 99093.21, "Plan Rows": 1, "Plan Width": 49, "Actual Min Startup Time": 178.703, "Actual Max Startup Time": 178.703, "Actual Min Total Time": 178.704, "Actual Max Total Time": 178.704, "Plans": [{"Node Type": "Nested Loop", "Parent Relationship": "Outer", "Join Type": "Inner", "Startup Cost": 0.0, "Total Cost": 99088.4, "Plan Rows": 1919, "Plan Width": 17, "Actual Min Startup Time": 178.694, "Actual Max Startup Time": 178.694, "Actual Min Total Time": 178.694, "Actual Max Total Time": 178.694, "Inner Unique": true, "Plans": [{"Node Type": "Nested Loop", "Parent Relationship": "Outer", "Join Type": "Inner", "Startup Cost": 0.0, "Total Cost": 98550.97, "Plan Rows": 1919, "Plan Width": 21, "Actual Min Startup Time": 178.693, "Actual Max Startup Time": 178.693, "Actual Min Total Time": 178.693, "Actual Max Total Time": 178.693, "Inner Unique": false, "Plans": [{"Node Type": "Nested Loop", "Parent Relationship": "Outer", "Join Type": "Inner", "Startup Cost": 0.0, "Total Cost": 96271.68, "Plan Rows": 1869, "Plan Width": 25, "Actual Min Startup Time": 178.691, "Actual Max Startup Time": 178.691, "Actual Min Total Time": 178.691, "Actual Max Total Time": 178.691, "Inner Unique": true, "Plans": [{"Node Type": "Nested Loop", "Parent Relationship": "Outer", "Join Type": "Inner", "Startup Cost": 0.0, "Total Cost": 84654.26, "Plan Rows": 1540, "Plan Width": 4, "Actual Min Startup Time": 178.691, "Actual Max Startup Time": 178.691, "Actual Min Total Time": 178.691, "Actual Max Total Time": 178.691, "Inner Unique": false, "Join Filter": "(ct.id = mc.company_type_id)", "Rows Removed by Join Filter": 24025, "Plans": [{"Node Type": "Index Scan", "Parent Relationship": "Outer", "Scan Direction": "Forward", "Index Name": "company_type_pkey", "Relation Name": "company_type", "Alias": "ct", "Startup Cost": 0.0, "Total Cost": 12.3, "Plan Rows": 1, "Plan Width": 4, "Actual Min Startup Time": 0.041, "Actual Max Startup Time": 0.041, "Actual Min Total Time": 0.049, "Actual Max Total Time": 0.049, "Filter": "((kind)::text = 'production companies'::text)", "Rows Removed by Filter": 2, "Actual Rows": 1}, {"Node Type": "Materialize", "Parent Relationship": "Inner", "Startup Cost": 0.0, "Total Cost": 84611.14, "Plan Rows": 3081, "Plan Width": 8, "Actual Min Startup Time": 170.586, "Actual Max Startup Time": 170.586, "Actual Min Total Time": 173.382, "Actual Max Total Time": 173.382, "Plans": [{"Node Type": "Streaming(type: LOCAL GATHER dop: 1/16)", "Parent Relationship": "Outer", "Startup Cost": 0.0, "Total Cost": 84603.44, "Plan Rows": 3081, "Plan Width": 8, "Actual Min Startup Time": 31.969, "Actual Max Startup Time": 31.969, "Actual Min Total Time": 166.687, "Actual Max Total Time": 166.687, "Plans": [{"Node Type": "Index Scan", "Parent Relationship": "Outer", "Scan Direction": "Forward", "Index Name": "company_type_id_movie_companies", "Relation Name": "movie_companies", "Alias": "mc", "Startup Cost": 0.0, "Total Cost": 84536.95, "Plan Rows": 3081, "Plan Width": 8, "Actual Min Startup Time": 13.763, "Actual Max Startup Time": 86.987, "Actual Min Total Time": 85.513, "Actual Max Total Time": 148.739, "Filter": "(((note)::text ~~ '%(theatrical)%'::text) AND ((note)::text ~~ '%(France)%'::text))", "Rows Removed by Filter": 2585103, "Actual Rows": 24025}], "Actual Rows": 24025}], "Actual Rows": 24026}], "Actual Rows": 0}, {"Node Type": "Index Scan", "Parent Relationship": "Inner", "Scan Direction": "Forward", "Index Name": "title_pkey", "Relation Name": "title", "Alias": "t", "Startup Cost": 0.0, "Total Cost": 7.53, "Plan Rows": 1, "Plan Width": 21, "Actual Startup Time": 0.0, "Actual Total Time": 0.0, "Index Cond": "(id = mc.movie_id)", "Rows Removed by Index Recheck": 0, "Filter": "(production_year > 2005)", "Rows Removed by Filter": 0}], "Actual Rows": 0}, {"Node Type": "Index Scan", "Parent Relationship": "Inner", "Scan Direction": "Forward", "Index Name": "movie_id_movie_info", "Relation Name": "movie_info", "Alias": "mi", "Startup Cost": 0.0, "Total Cost": 1.21, "Plan Rows": 1, "Plan Width": 8, "Actual Startup Time": 0.0, "Actual Total Time": 0.0, "Index Cond": "(movie_id = t.id)", "Rows Removed by Index Recheck": 0, "Filter": "((info)::text = ANY ('{Sweden,Norway,Germany,Denmark,Swedish,Denish,Norwegian,German}'::text[]))", "Rows Removed by Filter": 0}], "Actual Rows": 0}, {"Node Type": "Index Only Scan", "Parent Relationship": "Inner", "Scan Direction": "Forward", "Index Name": "info_type_pkey", "Relation Name": "info_type", "Alias": "it", "Startup Cost": 0.0, "Total Cost": 0.27, "Plan Rows": 1, "Plan Width": 4, "Actual Startup Time": 0.0, "Actual Total Time": 0.0, "Index Cond": "(id = mi.info_type_id)", "Rows Removed by Index Recheck": 0, "Heap Fetches": 0}], "Actual Rows": 0}], "Actual Rows": 1}, "Triggers": [], "Planner Runtime": 9.112, "Total Runtime": 181.21, "Unique SQL Id": 2510907716}}, "(16, '2')": {"explain_plan": {"Plan": {"Node Type": "Aggregate", "Strategy": "Plain", "Startup Cost": 39108.26, "Total Cost": 39108.27, "Plan Rows": 1, "Plan Width": 49, "Plans": [{"Node Type": "Hash Join", "Parent Relationship": "Outer", "Join Type": "Inner", "Startup Cost": 7.72, "Total Cost": 39103.47, "Plan Rows": 1919, "Plan Width": 17, "Inner Unique": true, "Hash Cond": "(mi.info_type_id = it.id)", "Plans": [{"Node Type": "Nested Loop", "Parent Relationship": "Outer", "Join Type": "Inner", "Startup Cost": 4.2, "Total Cost": 39074.61, "Plan Rows": 1919, "Plan Width": 21, "Inner Unique": false, "Plans": [{"Node Type": "Nested Loop", "Parent Relationship": "Outer", "Join Type": "Inner", "Startup Cost": 3.69, "Total Cost": 30412.7, "Plan Rows": 1869, "Plan Width": 25, "Inner Unique": true, "Plans": [{"Node Type": "Nested Loop", "Parent Relationship": "Outer", "Join Type": "Inner", "Startup Cost": 0.0, "Total Cost": 18534.98, "Plan Rows": 1540, "Plan Width": 4, "Inner Unique": false, "Join Filter": "(ct.id = mc.company_type_id)", "Plans": [{"Node Type": "Seq Scan", "Parent Relationship": "Outer", "Relation Name": "company_type", "Alias": "ct", "Startup Cost": 0.0, "Total Cost": 1.04, "Plan Rows": 1, "Plan Width": 4, "Filter": "((kind)::text = 'production companies'::text)"}, {"Node Type": "Materialize", "Parent Relationship": "Inner", "Startup Cost": 0.0, "Total Cost": 18503.13, "Plan Rows": 3081, "Plan Width": 8, "Plans": [{"Node Type": "Streaming(type: LOCAL GATHER dop: 1/16)", "Parent Relationship": "Outer", "Startup Cost": 0.0, "Total Cost": 18495.43, "Plan Rows": 3081, "Plan Width": 8, "Plans": [{"Node Type": "Seq Scan", "Parent Relationship": "Outer", "Relation Name": "movie_companies", "Alias": "mc", "Startup Cost": 0.0, "Total Cost": 18428.93, "Plan Rows": 3081, "Plan Width": 8, "Filter": "(((note)::text ~~ '%(theatrical)%'::text) AND ((note)::text ~~ '%(France)%'::text))"}]}]}]}, {"Node Type": "Bitmap Heap Scan", "Parent Relationship": "Inner", "Relation Name": "title", "Alias": "t", "Startup Cost": 3.69, "Total Cost": 7.7, "Plan Rows": 1, "Plan Width": 21, "Recheck Cond": "(id = mc.movie_id)", "Filter": "(production_year > 2005)", "Plans": [{"Node Type": "Bitmap Index Scan", "Parent Relationship": "Outer", "Index Name": "title_pkey", "Startup Cost": 0.0, "Total Cost": 3.69, "Plan Rows": 1, "Plan Width": 0, "Index Cond": "(id = mc.movie_id)"}]}]}, {"Node Type": "Bitmap Heap Scan", "Parent Relationship": "Inner", "Relation Name": "movie_info", "Alias": "mi", "Startup Cost": 0.51, "Total Cost": 4.62, "Plan Rows": 1, "Plan Width": 8, "Recheck Cond": "(movie_id = t.id)", "Filter": "((info)::text = ANY ('{Sweden,Norway,Germany,Denmark,Swedish,Denish,Norwegian,German}'::text[]))", "Plans": [{"Node Type": "Bitmap Index Scan", "Parent Relationship": "Outer", "Index Name": "movie_id_movie_info", "Startup Cost": 0.0, "Total Cost": 0.51, "Plan Rows": 5, "Plan Width": 0, "Index Cond": "(movie_id = t.id)"}]}]}, {"Node Type": "Hash", "Parent Relationship": "Inner", "Startup Cost": 2.12, "Total Cost": 2.12, "Plan Rows": 112, "Plan Width": 4, "Plans": [{"Node Type": "Seq Scan", "Parent Relationship": "Outer", "Relation Name": "info_type", "Alias": "it", "Startup Cost": 0.0, "Total Cost": 2.12, "Plan Rows": 112, "Plan Width": 4}]}]}]}, "Unique SQL Id": 2510907716, "Planner Runtime": 14}, "explain_analyze_plan": {"Plan": {"Node Type": "Aggregate", "Strategy": "Plain", "Startup Cost": 39108.26, "Total Cost": 39108.27, "Plan Rows": 1, "Plan Width": 49, "Actual Min Startup Time": 97.803, "Actual Max Startup Time": 97.803, "Actual Min Total Time": 97.804, "Actual Max Total Time": 97.804, "Plans": [{"Node Type": "Hash Join", "Parent Relationship": "Outer", "Join Type": "Inner", "Startup Cost": 7.72, "Total Cost": 39103.47, "Plan Rows": 1919, "Plan Width": 17, "Actual Min Startup Time": 97.792, "Actual Max Startup Time": 97.792, "Actual Min Total Time": 97.792, "Actual Max Total Time": 97.792, "Inner Unique": true, "Hash Cond": "(mi.info_type_id = it.id)", "Plans": [{"Node Type": "Nested Loop", "Parent Relationship": "Outer", "Join Type": "Inner", "Startup Cost": 4.2, "Total Cost": 39074.61, "Plan Rows": 1919, "Plan Width": 21, "Actual Min Startup Time": 97.642, "Actual Max Startup Time": 97.642, "Actual Min Total Time": 97.642, "Actual Max Total Time": 97.642, "Inner Unique": false, "Plans": [{"Node Type": "Nested Loop", "Parent Relationship": "Outer", "Join Type": "Inner", "Startup Cost": 3.69, "Total Cost": 30412.7, "Plan Rows": 1869, "Plan Width": 25, "Actual Min Startup Time": 97.64, "Actual Max Startup Time": 97.64, "Actual Min Total Time": 97.64, "Actual Max Total Time": 97.64, "Inner Unique": true, "Plans": [{"Node Type": "Nested Loop", "Parent Relationship": "Outer", "Join Type": "Inner", "Startup Cost": 0.0, "Total Cost": 18534.98, "Plan Rows": 1540, "Plan Width": 4, "Actual Min Startup Time": 97.64, "Actual Max Startup Time": 97.64, "Actual Min Total Time": 97.64, "Actual Max Total Time": 97.64, "Inner Unique": false, "Join Filter": "(ct.id = mc.company_type_id)", "Rows Removed by Join Filter": 24025, "Plans": [{"Node Type": "Seq Scan", "Parent Relationship": "Outer", "Relation Name": "company_type", "Alias": "ct", "Startup Cost": 0.0, "Total Cost": 1.04, "Plan Rows": 1, "Plan Width": 4, "Actual Min Startup Time": 0.037, "Actual Max Startup Time": 0.037, "Actual Min Total Time": 0.04, "Actual Max Total Time": 0.04, "Filter": "((kind)::text = 'production companies'::text)", "Rows Removed by Filter": 2, "Actual Rows": 1}, {"Node Type": "Materialize", "Parent Relationship": "Inner", "Startup Cost": 0.0, "Total Cost": 18503.13, "Plan Rows": 3081, "Plan Width": 8, "Actual Min Startup Time": 89.368, "Actual Max Startup Time": 89.368, "Actual Min Total Time": 92.275, "Actual Max Total Time": 92.275, "Plans": [{"Node Type": "Streaming(type: LOCAL GATHER dop: 1/16)", "Parent Relationship": "Outer", "Startup Cost": 0.0, "Total Cost": 18495.43, "Plan Rows": 3081, "Plan Width": 8, "Actual Min Startup Time": 28.844, "Actual Max Startup Time": 28.844, "Actual Min Total Time": 85.66, "Actual Max Total Time": 85.66, "Plans": [{"Node Type": "Seq Scan", "Parent Relationship": "Outer", "Relation Name": "movie_companies", "Alias": "mc", "Startup Cost": 0.0, "Total Cost": 18428.93, "Plan Rows": 3081, "Plan Width": 8, "Actual Min Startup Time": 0.921, "Actual Max Startup Time": 12.887, "Actual Min Total Time": 60.194, "Actual Max Total Time": 66.542, "Filter": "(((note)::text ~~ '%(theatrical)%'::text) AND ((note)::text ~~ '%(France)%'::text))", "Rows Removed by Filter": 2585103, "Actual Rows": 24025}], "Actual Rows": 24025}], "Actual Rows": 24026}], "Actual Rows": 0}, {"Node Type": "Bitmap Heap Scan", "Parent Relationship": "Inner", "Relation Name": "title", "Alias": "t", "Startup Cost": 3.69, "Total Cost": 7.7, "Plan Rows": 1, "Plan Width": 21, "Actual Startup Time": 0.0, "Actual Total Time": 0.0, "Recheck Cond": "(id = mc.movie_id)", "Rows Removed by Index Recheck": 0, "Filter": "(production_year > 2005)", "Rows Removed by Filter": 0, "Exact Heap Blocks": 0, "Lossy Heap Blocks": 0, "Plans": [{"Node Type": "Bitmap Index Scan", "Parent Relationship": "Outer", "Index Name": "title_pkey", "Startup Cost": 0.0, "Total Cost": 3.69, "Plan Rows": 1, "Plan Width": 0, "Actual Startup Time": 0.0, "Actual Total Time": 0.0, "Index Cond": "(id = mc.movie_id)"}]}], "Actual Rows": 0}, {"Node Type": "Bitmap Heap Scan", "Parent Relationship": "Inner", "Relation Name": "movie_info", "Alias": "mi", "Startup Cost": 0.51, "Total Cost": 4.62, "Plan Rows": 1, "Plan Width": 8, "Actual Startup Time": 0.0, "Actual Total Time": 0.0, "Recheck Cond": "(movie_id = t.id)", "Rows Removed by Index Recheck": 0, "Filter": "((info)::text = ANY ('{Sweden,Norway,Germany,Denmark,Swedish,Denish,Norwegian,German}'::text[]))", "Rows Removed by Filter": 0, "Exact Heap Blocks": 0, "Lossy Heap Blocks": 0, "Plans": [{"Node Type": "Bitmap Index Scan", "Parent Relationship": "Outer", "Index Name": "movie_id_movie_info", "Startup Cost": 0.0, "Total Cost": 0.51, "Plan Rows": 5, "Plan Width": 0, "Actual Startup Time": 0.0, "Actual Total Time": 0.0, "Index Cond": "(movie_id = t.id)"}]}], "Actual Rows": 0}, {"Node Type": "Hash", "Parent Relationship": "Inner", "Startup Cost": 2.12, "Total Cost": 2.12, "Plan Rows": 112, "Plan Width": 4, "Actual Min Startup Time": 0.101, "Actual Max Startup Time": 0.101, "Actual Min Total Time": 0.101, "Actual Max Total Time": 0.101, "Max Hash Buckets": 32768, "Min Hash Buckets": 32768, "Max Hash Batches": 1, "Min Hash Batches": 1, "Max Original Hash Batches": 1, "Min Original Hash Batches": 1, "Max Peak Memory Usage": 4, "min Peak Memory Usage": 4, "Plans": [{"Node Type": "Seq Scan", "Parent Relationship": "Outer", "Relation Name": "info_type", "Alias": "it", "Startup Cost": 0.0, "Total Cost": 2.12, "Plan Rows": 112, "Plan Width": 4, "Actual Min Startup Time": 0.028, "Actual Max Startup Time": 0.028, "Actual Min Total Time": 0.05, "Actual Max Total Time": 0.05, "Actual Rows": 112}], "Actual Rows": 112}], "Actual Rows": 0}], "Actual Rows": 1}, "Triggers": [], "Planner Runtime": 14.023, "Total Runtime": 100.363, "Unique SQL Id": 2510907716}}, "(16, '3')": {"explain_plan": {"Plan": {"Node Type": "Aggregate", "Strategy": "Plain", "Startup Cost": 88113.56, "Total Cost": 88113.57, "Plan Rows": 1, "Plan Width": 49, "Plans": [{"Node Type": "Hash Join", "Parent Relationship": "Outer", "Join Type": "Inner", "Startup Cost": 28972.69, "Total Cost": 88108.77, "Plan Rows": 1919, "Plan Width": 17, "Inner Unique": true, "Hash Cond": "(mi.info_type_id = it.id)", "Plans": [{"Node Type": "Nested Loop", "Parent Relationship": "Outer", "Join Type": "Inner", "Startup Cost": 28957.33, "Total Cost": 88068.08, "Plan Rows": 1919, "Plan Width": 21, "Inner Unique": false, "Plans": [{"Node Type": "Nested Loop", "Parent Relationship": "Outer", "Join Type": "Inner", "Startup Cost": 28956.82, "Total Cost": 79406.16, "Plan Rows": 1869, "Plan Width": 25, "Inner Unique": true, "Plans": [{"Node Type": "Nested Loop", "Parent Relationship": "Outer", "Join Type": "Inner", "Startup Cost": 28953.13, "Total Cost": 67528.44, "Plan Rows": 1540, "Plan Width": 4, "Inner Unique": false, "Plans": [{"Node Type": "Bitmap Heap Scan", "Parent Relationship": "Outer", "Relation Name": "company_type", "Alias": "ct", "Startup Cost": 8.27, "Total Cost": 12.3, "Plan Rows": 1, "Plan Width": 4, "Filter": "((kind)::text = 'production companies'::text)", "Plans": [{"Node Type": "Bitmap Index Scan", "Parent Relationship": "Outer", "Index Name": "company_type_pkey", "Startup Cost": 0.0, "Total Cost": 8.27, "Plan Rows": 3, "Plan Width": 0}]}, {"Node Type": "Bitmap Heap Scan", "Parent Relationship": "Inner", "Relation Name": "movie_companies", "Alias": "mc", "Startup Cost": 28944.86, "Total Cost": 67500.74, "Plan Rows": 1540, "Plan Width": 8, "Recheck Cond": "(company_type_id = ct.id)", "Filter": "(((note)::text ~~ '%(theatrical)%'::text) AND ((note)::text ~~ '%(France)%'::text))", "Plans": [{"Node Type": "Bitmap Index Scan", "Parent Relationship": "Outer", "Index Name": "company_type_id_movie_companies", "Startup Cost": 0.0, "Total Cost": 28944.48, "Plan Rows": 1304564, "Plan Width": 0, "Index Cond": "(company_type_id = ct.id)"}]}]}, {"Node Type": "Bitmap Heap Scan", "Parent Relationship": "Inner", "Relation Name": "title", "Alias": "t", "Startup Cost": 3.69, "Total Cost": 7.7, "Plan Rows": 1, "Plan Width": 21, "Recheck Cond": "(id = mc.movie_id)", "Filter": "(production_year > 2005)", "Plans": [{"Node Type": "Bitmap Index Scan", "Parent Relationship": "Outer", "Index Name": "title_pkey", "Startup Cost": 0.0, "Total Cost": 3.69, "Plan Rows": 1, "Plan Width": 0, "Index Cond": "(id = mc.movie_id)"}]}]}, {"Node Type": "Bitmap Heap Scan", "Parent Relationship": "Inner", "Relation Name": "movie_info", "Alias": "mi", "Startup Cost": 0.51, "Total Cost": 4.62, "Plan Rows": 1, "Plan Width": 8, "Recheck Cond": "(movie_id = t.id)", "Filter": "((info)::text = ANY ('{Sweden,Norway,Germany,Denmark,Swedish,Denish,Norwegian,German}'::text[]))", "Plans": [{"Node Type": "Bitmap Index Scan", "Parent Relationship": "Outer", "Index Name": "movie_id_movie_info", "Startup Cost": 0.0, "Total Cost": 0.51, "Plan Rows": 5, "Plan Width": 0, "Index Cond": "(movie_id = t.id)"}]}]}, {"Node Type": "Hash", "Parent Relationship": "Inner", "Startup Cost": 13.96, "Total Cost": 13.96, "Plan Rows": 112, "Plan Width": 4, "Plans": [{"Node Type": "Bitmap Heap Scan", "Parent Relationship": "Outer", "Relation Name": "info_type", "Alias": "it", "Startup Cost": 8.84, "Total Cost": 13.96, "Plan Rows": 112, "Plan Width": 4, "Plans": [{"Node Type": "Bitmap Index Scan", "Parent Relationship": "Outer", "Index Name": "info_type_pkey", "Startup Cost": 0.0, "Total Cost": 8.81, "Plan Rows": 112, "Plan Width": 0}]}]}]}]}, "Unique SQL Id": 2510907716, "Planner Runtime": 8}, "explain_analyze_plan": null}, "(16, '4')": {"explain_plan": {"Plan": {"Node Type": "Aggregate", "Strategy": "Plain", "Startup Cost": 32465.34, "Total Cost": 32465.35, "Plan Rows": 1, "Plan Width": 49, "Plans": [{"Node Type": "Hash Join", "Parent Relationship": "Outer", "Join Type": "Inner", "Startup Cost": 3.52, "Total Cost": 32460.54, "Plan Rows": 1919, "Plan Width": 17, "Inner Unique": true, "Hash Cond": "(mi.info_type_id = it.id)", "Plans": [{"Node Type": "Nested Loop", "Parent Relationship": "Outer", "Join Type": "Inner", "Startup Cost": 0.0, "Total Cost": 32431.69, "Plan Rows": 1919, "Plan Width": 21, "Inner Unique": false, "Plans": [{"Node Type": "Nested Loop", "Parent Relationship": "Outer", "Join Type": "Inner", "Startup Cost": 0.0, "Total Cost": 30152.4, "Plan Rows": 1869, "Plan Width": 25, "Inner Unique": true, "Plans": [{"Node Type": "Nested Loop", "Parent Relationship": "Outer", "Join Type": "Inner", "Startup Cost": 0.0, "Total Cost": 18534.98, "Plan Rows": 1540, "Plan Width": 4, "Inner Unique": false, "Join Filter": "(ct.id = mc.company_type_id)", "Plans": [{"Node Type": "Seq Scan", "Parent Relationship": "Outer", "Relation Name": "company_type", "Alias": "ct", "Startup Cost": 0.0, "Total Cost": 1.04, "Plan Rows": 1, "Plan Width": 4, "Filter": "((kind)::text = 'production companies'::text)"}, {"Node Type": "Materialize", "Parent Relationship": "Inner", "Startup Cost": 0.0, "Total Cost": 18503.13, "Plan Rows": 3081, "Plan Width": 8, "Plans": [{"Node Type": "Streaming(type: LOCAL GATHER dop: 1/16)", "Parent Relationship": "Outer", "Startup Cost": 0.0, "Total Cost": 18495.43, "Plan Rows": 3081, "Plan Width": 8, "Plans": [{"Node Type": "Seq Scan", "Parent Relationship": "Outer", "Relation Name": "movie_companies", "Alias": "mc", "Startup Cost": 0.0, "Total Cost": 18428.93, "Plan Rows": 3081, "Plan Width": 8, "Filter": "(((note)::text ~~ '%(theatrical)%'::text) AND ((note)::text ~~ '%(France)%'::text))"}]}]}]}, {"Node Type": "Index Scan", "Parent Relationship": "Inner", "Scan Direction": "Forward", "Index Name": "title_pkey", "Relation Name": "title", "Alias": "t", "Startup Cost": 0.0, "Total Cost": 7.53, "Plan Rows": 1, "Plan Width": 21, "Index Cond": "(id = mc.movie_id)", "Filter": "(production_year > 2005)"}]}, {"Node Type": "Index Scan", "Parent Relationship": "Inner", "Scan Direction": "Forward", "Index Name": "movie_id_movie_info", "Relation Name": "movie_info", "Alias": "mi", "Startup Cost": 0.0, "Total Cost": 1.21, "Plan Rows": 1, "Plan Width": 8, "Index Cond": "(movie_id = t.id)", "Filter": "((info)::text = ANY ('{Sweden,Norway,Germany,Denmark,Swedish,Denish,Norwegian,German}'::text[]))"}]}, {"Node Type": "Hash", "Parent Relationship": "Inner", "Startup Cost": 2.12, "Total Cost": 2.12, "Plan Rows": 112, "Plan Width": 4, "Plans": [{"Node Type": "Seq Scan", "Parent Relationship": "Outer", "Relation Name": "info_type", "Alias": "it", "Startup Cost": 0.0, "Total Cost": 2.12, "Plan Rows": 112, "Plan Width": 4}]}]}]}, "Unique SQL Id": 2510907716, "Planner Runtime": 13}, "explain_analyze_plan": {"Plan": {"Node Type": "Aggregate", "Strategy": "Plain", "Startup Cost": 32465.34, "Total Cost": 32465.35, "Plan Rows": 1, "Plan Width": 49, "Actual Min Startup Time": 95.587, "Actual Max Startup Time": 95.587, "Actual Min Total Time": 95.588, "Actual Max Total Time": 95.588, "Plans": [{"Node Type": "Hash Join", "Parent Relationship": "Outer", "Join Type": "Inner", "Startup Cost": 3.52, "Total Cost": 32460.54, "Plan Rows": 1919, "Plan Width": 17, "Actual Min Startup Time": 95.576, "Actual Max Startup Time": 95.576, "Actual Min Total Time": 95.576, "Actual Max Total Time": 95.576, "Inner Unique": true, "Hash Cond": "(mi.info_type_id = it.id)", "Plans": [{"Node Type": "Nested Loop", "Parent Relationship": "Outer", "Join Type": "Inner", "Startup Cost": 0.0, "Total Cost": 32431.69, "Plan Rows": 1919, "Plan Width": 21, "Actual Min Startup Time": 95.57, "Actual Max Startup Time": 95.57, "Actual Min Total Time": 95.57, "Actual Max Total Time": 95.57, "Inner Unique": false, "Plans": [{"Node Type": "Nested Loop", "Parent Relationship": "Outer", "Join Type": "Inner", "Startup Cost": 0.0, "Total Cost": 30152.4, "Plan Rows": 1869, "Plan Width": 25, "Actual Min Startup Time": 95.569, "Actual Max Startup Time": 95.569, "Actual Min Total Time": 95.569, "Actual Max Total Time": 95.569, "Inner Unique": true, "Plans": [{"Node Type": "Nested Loop", "Parent Relationship": "Outer", "Join Type": "Inner", "Startup Cost": 0.0, "Total Cost": 18534.98, "Plan Rows": 1540, "Plan Width": 4, "Actual Min Startup Time": 95.568, "Actual Max Startup Time": 95.568, "Actual Min Total Time": 95.568, "Actual Max Total Time": 95.568, "Inner Unique": false, "Join Filter": "(ct.id = mc.company_type_id)", "Rows Removed by Join Filter": 24025, "Plans": [{"Node Type": "Seq Scan", "Parent Relationship": "Outer", "Relation Name": "company_type", "Alias": "ct", "Startup Cost": 0.0, "Total Cost": 1.04, "Plan Rows": 1, "Plan Width": 4, "Actual Min Startup Time": 0.047, "Actual Max Startup Time": 0.047, "Actual Min Total Time": 0.051, "Actual Max Total Time": 0.051, "Filter": "((kind)::text = 'production companies'::text)", "Rows Removed by Filter": 2, "Actual Rows": 1}, {"Node Type": "Materialize", "Parent Relationship": "Inner", "Startup Cost": 0.0, "Total Cost": 18503.13, "Plan Rows": 3081, "Plan Width": 8, "Actual Min Startup Time": 87.301, "Actual Max Startup Time": 87.301, "Actual Min Total Time": 90.299, "Actual Max Total Time": 90.299, "Plans": [{"Node Type": "Streaming(type: LOCAL GATHER dop: 1/16)", "Parent Relationship": "Outer", "Startup Cost": 0.0, "Total Cost": 18495.43, "Plan Rows": 3081, "Plan Width": 8, "Actual Min Startup Time": 28.103, "Actual Max Startup Time": 28.103, "Actual Min Total Time": 83.565, "Actual Max Total Time": 83.565, "Plans": [{"Node Type": "Seq Scan", "Parent Relationship": "Outer", "Relation Name": "movie_companies", "Alias": "mc", "Startup Cost": 0.0, "Total Cost": 18428.93, "Plan Rows": 3081, "Plan Width": 8, "Actual Min Startup Time": 0.907, "Actual Max Startup Time": 12.859, "Actual Min Total Time": 60.123, "Actual Max Total Time": 66.571, "Filter": "(((note)::text ~~ '%(theatrical)%'::text) AND ((note)::text ~~ '%(France)%'::text))", "Rows Removed by Filter": 2585103, "Actual Rows": 24025}], "Actual Rows": 24025}], "Actual Rows": 24026}], "Actual Rows": 0}, {"Node Type": "Index Scan", "Parent Relationship": "Inner", "Scan Direction": "Forward", "Index Name": "title_pkey", "Relation Name": "title", "Alias": "t", "Startup Cost": 0.0, "Total Cost": 7.53, "Plan Rows": 1, "Plan Width": 21, "Actual Startup Time": 0.0, "Actual Total Time": 0.0, "Index Cond": "(id = mc.movie_id)", "Rows Removed by Index Recheck": 0, "Filter": "(production_year > 2005)", "Rows Removed by Filter": 0}], "Actual Rows": 0}, {"Node Type": "Index Scan", "Parent Relationship": "Inner", "Scan Direction": "Forward", "Index Name": "movie_id_movie_info", "Relation Name": "movie_info", "Alias": "mi", "Startup Cost": 0.0, "Total Cost": 1.21, "Plan Rows": 1, "Plan Width": 8, "Actual Startup Time": 0.0, "Actual Total Time": 0.0, "Index Cond": "(movie_id = t.id)", "Rows Removed by Index Recheck": 0, "Filter": "((info)::text = ANY ('{Sweden,Norway,Germany,Denmark,Swedish,Denish,Norwegian,German}'::text[]))", "Rows Removed by Filter": 0}], "Actual Rows": 0}, {"Node Type": "Hash", "Parent Relationship": "Inner", "Startup Cost": 2.12, "Total Cost": 2.12, "Plan Rows": 112, "Plan Width": 4, "Actual Startup Time": 0.0, "Actual Total Time": 0.0, "Max Hash Buckets": 0, "Min Hash Buckets": 0, "Max Hash Batches": 0, "Min Hash Batches": 0, "Max Original Hash Batches": 0, "Min Original Hash Batches": 0, "Max Peak Memory Usage": 0, "min Peak Memory Usage": 0, "Plans": [{"Node Type": "Seq Scan", "Parent Relationship": "Outer", "Relation Name": "info_type", "Alias": "it", "Startup Cost": 0.0, "Total Cost": 2.12, "Plan Rows": 112, "Plan Width": 4, "Actual Startup Time": 0.0, "Actual Total Time": 0.0}]}], "Actual Rows": 0}], "Actual Rows": 1}, "Triggers": [], "Planner Runtime": 13.322, "Total Runtime": 98.118, "Unique SQL Id": 2510907716}}, "(16, '5')": {"explain_plan": {"Plan": {"Node Type": "Aggregate", "Strategy": "Plain", "Startup Cost": 99093.25, "Total Cost": 99093.26, "Plan Rows": 1, "Plan Width": 49, "Plans": [{"Node Type": "Nested Loop", "Parent Relationship": "Outer", "Join Type": "Inner", "Startup Cost": 0.0, "Total Cost": 99088.45, "Plan Rows": 1919, "Plan Width": 17, "Inner Unique": true, "Plans": [{"Node Type": "Nested Loop", "Parent Relationship": "Outer", "Join Type": "Inner", "Startup Cost": 0.0, "Total Cost": 98550.97, "Plan Rows": 1919, "Plan Width": 21, "Inner Unique": false, "Plans": [{"Node Type": "Nested Loop", "Parent Relationship": "Outer", "Join Type": "Inner", "Startup Cost": 0.0, "Total Cost": 96271.68, "Plan Rows": 1869, "Plan Width": 25, "Inner Unique": true, "Plans": [{"Node Type": "Nested Loop", "Parent Relationship": "Outer", "Join Type": "Inner", "Startup Cost": 0.0, "Total Cost": 84654.26, "Plan Rows": 1540, "Plan Width": 4, "Inner Unique": false, "Join Filter": "(ct.id = mc.company_type_id)", "Plans": [{"Node Type": "Index Scan", "Parent Relationship": "Outer", "Scan Direction": "Forward", "Index Name": "company_type_pkey", "Relation Name": "company_type", "Alias": "ct", "Startup Cost": 0.0, "Total Cost": 12.3, "Plan Rows": 1, "Plan Width": 4, "Filter": "((kind)::text = 'production companies'::text)"}, {"Node Type": "Materialize", "Parent Relationship": "Inner", "Startup Cost": 0.0, "Total Cost": 84611.14, "Plan Rows": 3081, "Plan Width": 8, "Plans": [{"Node Type": "Streaming(type: LOCAL GATHER dop: 1/16)", "Parent Relationship": "Outer", "Startup Cost": 0.0, "Total Cost": 84603.44, "Plan Rows": 3081, "Plan Width": 8, "Plans": [{"Node Type": "Index Scan", "Parent Relationship": "Outer", "Scan Direction": "Forward", "Index Name": "company_type_id_movie_companies", "Relation Name": "movie_companies", "Alias": "mc", "Startup Cost": 0.0, "Total Cost": 84536.95, "Plan Rows": 3081, "Plan Width": 8, "Filter": "(((note)::text ~~ '%(theatrical)%'::text) AND ((note)::text ~~ '%(France)%'::text))"}]}]}]}, {"Node Type": "Index Scan", "Parent Relationship": "Inner", "Scan Direction": "Forward", "Index Name": "title_pkey", "Relation Name": "title", "Alias": "t", "Startup Cost": 0.0, "Total Cost": 7.53, "Plan Rows": 1, "Plan Width": 21, "Index Cond": "(id = mc.movie_id)", "Filter": "(production_year > 2005)"}]}, {"Node Type": "Index Scan", "Parent Relationship": "Inner", "Scan Direction": "Forward", "Index Name": "movie_id_movie_info", "Relation Name": "movie_info", "Alias": "mi", "Startup Cost": 0.0, "Total Cost": 1.21, "Plan Rows": 1, "Plan Width": 8, "Index Cond": "(movie_id = t.id)", "Filter": "((info)::text = ANY ('{Sweden,Norway,Germany,Denmark,Swedish,Denish,Norwegian,German}'::text[]))"}]}, {"Node Type": "Index Scan", "Parent Relationship": "Inner", "Scan Direction": "Forward", "Index Name": "info_type_pkey", "Relation Name": "info_type", "Alias": "it", "Startup Cost": 0.0, "Total Cost": 0.27, "Plan Rows": 1, "Plan Width": 4, "Index Cond": "(id = mi.info_type_id)"}]}]}, "Unique SQL Id": 2510907716, "Planner Runtime": 9}, "explain_analyze_plan": {"Plan": {"Node Type": "Aggregate", "Strategy": "Plain", "Startup Cost": 99093.25, "Total Cost": 99093.26, "Plan Rows": 1, "Plan Width": 49, "Actual Min Startup Time": 179.842, "Actual Max Startup Time": 179.842, "Actual Min Total Time": 179.843, "Actual Max Total Time": 179.843, "Plans": [{"Node Type": "Nested Loop", "Parent Relationship": "Outer", "Join Type": "Inner", "Startup Cost": 0.0, "Total Cost": 99088.45, "Plan Rows": 1919, "Plan Width": 17, "Actual Min Startup Time": 179.832, "Actual Max Startup Time": 179.832, "Actual Min Total Time": 179.832, "Actual Max Total Time": 179.832, "Inner Unique": true, "Plans": [{"Node Type": "Nested Loop", "Parent Relationship": "Outer", "Join Type": "Inner", "Startup Cost": 0.0, "Total Cost": 98550.97, "Plan Rows": 1919, "Plan Width": 21, "Actual Min Startup Time": 179.83, "Actual Max Startup Time": 179.83, "Actual Min Total Time": 179.83, "Actual Max Total Time": 179.83, "Inner Unique": false, "Plans": [{"Node Type": "Nested Loop", "Parent Relationship": "Outer", "Join Type": "Inner", "Startup Cost": 0.0, "Total Cost": 96271.68, "Plan Rows": 1869, "Plan Width": 25, "Actual Min Startup Time": 179.829, "Actual Max Startup Time": 179.829, "Actual Min Total Time": 179.829, "Actual Max Total Time": 179.829, "Inner Unique": true, "Plans": [{"Node Type": "Nested Loop", "Parent Relationship": "Outer", "Join Type": "Inner", "Startup Cost": 0.0, "Total Cost": 84654.26, "Plan Rows": 1540, "Plan Width": 4, "Actual Min Startup Time": 179.828, "Actual Max Startup Time": 179.828, "Actual Min Total Time": 179.828, "Actual Max Total Time": 179.828, "Inner Unique": false, "Join Filter": "(ct.id = mc.company_type_id)", "Rows Removed by Join Filter": 24025, "Plans": [{"Node Type": "Index Scan", "Parent Relationship": "Outer", "Scan Direction": "Forward", "Index Name": "company_type_pkey", "Relation Name": "company_type", "Alias": "ct", "Startup Cost": 0.0, "Total Cost": 12.3, "Plan Rows": 1, "Plan Width": 4, "Actual Min Startup Time": 0.042, "Actual Max Startup Time": 0.042, "Actual Min Total Time": 0.051, "Actual Max Total Time": 0.051, "Filter": "((kind)::text = 'production companies'::text)", "Rows Removed by Filter": 2, "Actual Rows": 1}, {"Node Type": "Materialize", "Parent Relationship": "Inner", "Startup Cost": 0.0, "Total Cost": 84611.14, "Plan Rows": 3081, "Plan Width": 8, "Actual Min Startup Time": 171.715, "Actual Max Startup Time": 171.715, "Actual Min Total Time": 174.54, "Actual Max Total Time": 174.54, "Plans": [{"Node Type": "Streaming(type: LOCAL GATHER dop: 1/16)", "Parent Relationship": "Outer", "Startup Cost": 0.0, "Total Cost": 84603.44, "Plan Rows": 3081, "Plan Width": 8, "Actual Min Startup Time": 33.606, "Actual Max Startup Time": 33.606, "Actual Min Total Time": 167.84, "Actual Max Total Time": 167.84, "Plans": [{"Node Type": "Index Scan", "Parent Relationship": "Outer", "Scan Direction": "Forward", "Index Name": "company_type_id_movie_companies", "Relation Name": "movie_companies", "Alias": "mc", "Startup Cost": 0.0, "Total Cost": 84536.95, "Plan Rows": 3081, "Plan Width": 8, "Actual Min Startup Time": 16.414, "Actual Max Startup Time": 89.105, "Actual Min Total Time": 85.898, "Actual Max Total Time": 151.015, "Filter": "(((note)::text ~~ '%(theatrical)%'::text) AND ((note)::text ~~ '%(France)%'::text))", "Rows Removed by Filter": 2585103, "Actual Rows": 24025}], "Actual Rows": 24025}], "Actual Rows": 24026}], "Actual Rows": 0}, {"Node Type": "Index Scan", "Parent Relationship": "Inner", "Scan Direction": "Forward", "Index Name": "title_pkey", "Relation Name": "title", "Alias": "t", "Startup Cost": 0.0, "Total Cost": 7.53, "Plan Rows": 1, "Plan Width": 21, "Actual Startup Time": 0.0, "Actual Total Time": 0.0, "Index Cond": "(id = mc.movie_id)", "Rows Removed by Index Recheck": 0, "Filter": "(production_year > 2005)", "Rows Removed by Filter": 0}], "Actual Rows": 0}, {"Node Type": "Index Scan", "Parent Relationship": "Inner", "Scan Direction": "Forward", "Index Name": "movie_id_movie_info", "Relation Name": "movie_info", "Alias": "mi", "Startup Cost": 0.0, "Total Cost": 1.21, "Plan Rows": 1, "Plan Width": 8, "Actual Startup Time": 0.0, "Actual Total Time": 0.0, "Index Cond": "(movie_id = t.id)", "Rows Removed by Index Recheck": 0, "Filter": "((info)::text = ANY ('{Sweden,Norway,Germany,Denmark,Swedish,Denish,Norwegian,German}'::text[]))", "Rows Removed by Filter": 0}], "Actual Rows": 0}, {"Node Type": "Index Scan", "Parent Relationship": "Inner", "Scan Direction": "Forward", "Index Name": "info_type_pkey", "Relation Name": "info_type", "Alias": "it", "Startup Cost": 0.0, "Total Cost": 0.27, "Plan Rows": 1, "Plan Width": 4, "Actual Startup Time": 0.0, "Actual Total Time": 0.0, "Index Cond": "(id = mi.info_type_id)", "Rows Removed by Index Recheck": 0}], "Actual Rows": 0}], "Actual Rows": 1}, "Triggers": [], "Planner Runtime": 9.053, "Total Runtime": 182.351, "Unique SQL Id": 2510907716}}, "(16, '6')": {"explain_plan": {"Plan": {"Node Type": "Aggregate", "Strategy": "Plain", "Startup Cost": 39108.26, "Total Cost": 39108.27, "Plan Rows": 1, "Plan Width": 49, "Plans": [{"Node Type": "Hash Join", "Parent Relationship": "Outer", "Join Type": "Inner", "Startup Cost": 7.72, "Total Cost": 39103.47, "Plan Rows": 1919, "Plan Width": 17, "Inner Unique": true, "Hash Cond": "(mi.info_type_id = it.id)", "Plans": [{"Node Type": "Nested Loop", "Parent Relationship": "Outer", "Join Type": "Inner", "Startup Cost": 4.2, "Total Cost": 39074.61, "Plan Rows": 1919, "Plan Width": 21, "Inner Unique": false, "Plans": [{"Node Type": "Nested Loop", "Parent Relationship": "Outer", "Join Type": "Inner", "Startup Cost": 3.69, "Total Cost": 30412.7, "Plan Rows": 1869, "Plan Width": 25, "Inner Unique": true, "Plans": [{"Node Type": "Nested Loop", "Parent Relationship": "Outer", "Join Type": "Inner", "Startup Cost": 0.0, "Total Cost": 18534.98, "Plan Rows": 1540, "Plan Width": 4, "Inner Unique": false, "Join Filter": "(ct.id = mc.company_type_id)", "Plans": [{"Node Type": "Seq Scan", "Parent Relationship": "Outer", "Relation Name": "company_type", "Alias": "ct", "Startup Cost": 0.0, "Total Cost": 1.04, "Plan Rows": 1, "Plan Width": 4, "Filter": "((kind)::text = 'production companies'::text)"}, {"Node Type": "Materialize", "Parent Relationship": "Inner", "Startup Cost": 0.0, "Total Cost": 18503.13, "Plan Rows": 3081, "Plan Width": 8, "Plans": [{"Node Type": "Streaming(type: LOCAL GATHER dop: 1/16)", "Parent Relationship": "Outer", "Startup Cost": 0.0, "Total Cost": 18495.43, "Plan Rows": 3081, "Plan Width": 8, "Plans": [{"Node Type": "Seq Scan", "Parent Relationship": "Outer", "Relation Name": "movie_companies", "Alias": "mc", "Startup Cost": 0.0, "Total Cost": 18428.93, "Plan Rows": 3081, "Plan Width": 8, "Filter": "(((note)::text ~~ '%(theatrical)%'::text) AND ((note)::text ~~ '%(France)%'::text))"}]}]}]}, {"Node Type": "Bitmap Heap Scan", "Parent Relationship": "Inner", "Relation Name": "title", "Alias": "t", "Startup Cost": 3.69, "Total Cost": 7.7, "Plan Rows": 1, "Plan Width": 21, "Recheck Cond": "(id = mc.movie_id)", "Filter": "(production_year > 2005)", "Plans": [{"Node Type": "Bitmap Index Scan", "Parent Relationship": "Outer", "Index Name": "title_pkey", "Startup Cost": 0.0, "Total Cost": 3.69, "Plan Rows": 1, "Plan Width": 0, "Index Cond": "(id = mc.movie_id)"}]}]}, {"Node Type": "Bitmap Heap Scan", "Parent Relationship": "Inner", "Relation Name": "movie_info", "Alias": "mi", "Startup Cost": 0.51, "Total Cost": 4.62, "Plan Rows": 1, "Plan Width": 8, "Recheck Cond": "(movie_id = t.id)", "Filter": "((info)::text = ANY ('{Sweden,Norway,Germany,Denmark,Swedish,Denish,Norwegian,German}'::text[]))", "Plans": [{"Node Type": "Bitmap Index Scan", "Parent Relationship": "Outer", "Index Name": "movie_id_movie_info", "Startup Cost": 0.0, "Total Cost": 0.51, "Plan Rows": 5, "Plan Width": 0, "Index Cond": "(movie_id = t.id)"}]}]}, {"Node Type": "Hash", "Parent Relationship": "Inner", "Startup Cost": 2.12, "Total Cost": 2.12, "Plan Rows": 112, "Plan Width": 4, "Plans": [{"Node Type": "Seq Scan", "Parent Relationship": "Outer", "Relation Name": "info_type", "Alias": "it", "Startup Cost": 0.0, "Total Cost": 2.12, "Plan Rows": 112, "Plan Width": 4}]}]}]}, "Unique SQL Id": 2510907716, "Planner Runtime": 14}, "explain_analyze_plan": {"Plan": {"Node Type": "Aggregate", "Strategy": "Plain", "Startup Cost": 39108.26, "Total Cost": 39108.27, "Plan Rows": 1, "Plan Width": 49, "Actual Min Startup Time": 97.803, "Actual Max Startup Time": 97.803, "Actual Min Total Time": 97.804, "Actual Max Total Time": 97.804, "Plans": [{"Node Type": "Hash Join", "Parent Relationship": "Outer", "Join Type": "Inner", "Startup Cost": 7.72, "Total Cost": 39103.47, "Plan Rows": 1919, "Plan Width": 17, "Actual Min Startup Time": 97.792, "Actual Max Startup Time": 97.792, "Actual Min Total Time": 97.792, "Actual Max Total Time": 97.792, "Inner Unique": true, "Hash Cond": "(mi.info_type_id = it.id)", "Plans": [{"Node Type": "Nested Loop", "Parent Relationship": "Outer", "Join Type": "Inner", "Startup Cost": 4.2, "Total Cost": 39074.61, "Plan Rows": 1919, "Plan Width": 21, "Actual Min Startup Time": 97.642, "Actual Max Startup Time": 97.642, "Actual Min Total Time": 97.642, "Actual Max Total Time": 97.642, "Inner Unique": false, "Plans": [{"Node Type": "Nested Loop", "Parent Relationship": "Outer", "Join Type": "Inner", "Startup Cost": 3.69, "Total Cost": 30412.7, "Plan Rows": 1869, "Plan Width": 25, "Actual Min Startup Time": 97.64, "Actual Max Startup Time": 97.64, "Actual Min Total Time": 97.64, "Actual Max Total Time": 97.64, "Inner Unique": true, "Plans": [{"Node Type": "Nested Loop", "Parent Relationship": "Outer", "Join Type": "Inner", "Startup Cost": 0.0, "Total Cost": 18534.98, "Plan Rows": 1540, "Plan Width": 4, "Actual Min Startup Time": 97.64, "Actual Max Startup Time": 97.64, "Actual Min Total Time": 97.64, "Actual Max Total Time": 97.64, "Inner Unique": false, "Join Filter": "(ct.id = mc.company_type_id)", "Rows Removed by Join Filter": 24025, "Plans": [{"Node Type": "Seq Scan", "Parent Relationship": "Outer", "Relation Name": "company_type", "Alias": "ct", "Startup Cost": 0.0, "Total Cost": 1.04, "Plan Rows": 1, "Plan Width": 4, "Actual Min Startup Time": 0.037, "Actual Max Startup Time": 0.037, "Actual Min Total Time": 0.04, "Actual Max Total Time": 0.04, "Filter": "((kind)::text = 'production companies'::text)", "Rows Removed by Filter": 2, "Actual Rows": 1}, {"Node Type": "Materialize", "Parent Relationship": "Inner", "Startup Cost": 0.0, "Total Cost": 18503.13, "Plan Rows": 3081, "Plan Width": 8, "Actual Min Startup Time": 89.368, "Actual Max Startup Time": 89.368, "Actual Min Total Time": 92.275, "Actual Max Total Time": 92.275, "Plans": [{"Node Type": "Streaming(type: LOCAL GATHER dop: 1/16)", "Parent Relationship": "Outer", "Startup Cost": 0.0, "Total Cost": 18495.43, "Plan Rows": 3081, "Plan Width": 8, "Actual Min Startup Time": 28.844, "Actual Max Startup Time": 28.844, "Actual Min Total Time": 85.66, "Actual Max Total Time": 85.66, "Plans": [{"Node Type": "Seq Scan", "Parent Relationship": "Outer", "Relation Name": "movie_companies", "Alias": "mc", "Startup Cost": 0.0, "Total Cost": 18428.93, "Plan Rows": 3081, "Plan Width": 8, "Actual Min Startup Time": 0.921, "Actual Max Startup Time": 12.887, "Actual Min Total Time": 60.194, "Actual Max Total Time": 66.542, "Filter": "(((note)::text ~~ '%(theatrical)%'::text) AND ((note)::text ~~ '%(France)%'::text))", "Rows Removed by Filter": 2585103, "Actual Rows": 24025}], "Actual Rows": 24025}], "Actual Rows": 24026}], "Actual Rows": 0}, {"Node Type": "Bitmap Heap Scan", "Parent Relationship": "Inner", "Relation Name": "title", "Alias": "t", "Startup Cost": 3.69, "Total Cost": 7.7, "Plan Rows": 1, "Plan Width": 21, "Actual Startup Time": 0.0, "Actual Total Time": 0.0, "Recheck Cond": "(id = mc.movie_id)", "Rows Removed by Index Recheck": 0, "Filter": "(production_year > 2005)", "Rows Removed by Filter": 0, "Exact Heap Blocks": 0, "Lossy Heap Blocks": 0, "Plans": [{"Node Type": "Bitmap Index Scan", "Parent Relationship": "Outer", "Index Name": "title_pkey", "Startup Cost": 0.0, "Total Cost": 3.69, "Plan Rows": 1, "Plan Width": 0, "Actual Startup Time": 0.0, "Actual Total Time": 0.0, "Index Cond": "(id = mc.movie_id)"}]}], "Actual Rows": 0}, {"Node Type": "Bitmap Heap Scan", "Parent Relationship": "Inner", "Relation Name": "movie_info", "Alias": "mi", "Startup Cost": 0.51, "Total Cost": 4.62, "Plan Rows": 1, "Plan Width": 8, "Actual Startup Time": 0.0, "Actual Total Time": 0.0, "Recheck Cond": "(movie_id = t.id)", "Rows Removed by Index Recheck": 0, "Filter": "((info)::text = ANY ('{Sweden,Norway,Germany,Denmark,Swedish,Denish,Norwegian,German}'::text[]))", "Rows Removed by Filter": 0, "Exact Heap Blocks": 0, "Lossy Heap Blocks": 0, "Plans": [{"Node Type": "Bitmap Index Scan", "Parent Relationship": "Outer", "Index Name": "movie_id_movie_info", "Startup Cost": 0.0, "Total Cost": 0.51, "Plan Rows": 5, "Plan Width": 0, "Actual Startup Time": 0.0, "Actual Total Time": 0.0, "Index Cond": "(movie_id = t.id)"}]}], "Actual Rows": 0}, {"Node Type": "Hash", "Parent Relationship": "Inner", "Startup Cost": 2.12, "Total Cost": 2.12, "Plan Rows": 112, "Plan Width": 4, "Actual Min Startup Time": 0.101, "Actual Max Startup Time": 0.101, "Actual Min Total Time": 0.101, "Actual Max Total Time": 0.101, "Max Hash Buckets": 32768, "Min Hash Buckets": 32768, "Max Hash Batches": 1, "Min Hash Batches": 1, "Max Original Hash Batches": 1, "Min Original Hash Batches": 1, "Max Peak Memory Usage": 4, "min Peak Memory Usage": 4, "Plans": [{"Node Type": "Seq Scan", "Parent Relationship": "Outer", "Relation Name": "info_type", "Alias": "it", "Startup Cost": 0.0, "Total Cost": 2.12, "Plan Rows": 112, "Plan Width": 4, "Actual Min Startup Time": 0.028, "Actual Max Startup Time": 0.028, "Actual Min Total Time": 0.05, "Actual Max Total Time": 0.05, "Actual Rows": 112}], "Actual Rows": 112}], "Actual Rows": 0}], "Actual Rows": 1}, "Triggers": [], "Planner Runtime": 14.023, "Total Runtime": 100.363, "Unique SQL Id": 2510907716}}, "(16, '7')": {"explain_plan": {"Plan": {"Node Type": "Aggregate", "Strategy": "Plain", "Startup Cost": 88113.56, "Total Cost": 88113.57, "Plan Rows": 1, "Plan Width": 49, "Plans": [{"Node Type": "Hash Join", "Parent Relationship": "Outer", "Join Type": "Inner", "Startup Cost": 28972.69, "Total Cost": 88108.77, "Plan Rows": 1919, "Plan Width": 17, "Inner Unique": true, "Hash Cond": "(mi.info_type_id = it.id)", "Plans": [{"Node Type": "Nested Loop", "Parent Relationship": "Outer", "Join Type": "Inner", "Startup Cost": 28957.33, "Total Cost": 88068.08, "Plan Rows": 1919, "Plan Width": 21, "Inner Unique": false, "Plans": [{"Node Type": "Nested Loop", "Parent Relationship": "Outer", "Join Type": "Inner", "Startup Cost": 28956.82, "Total Cost": 79406.16, "Plan Rows": 1869, "Plan Width": 25, "Inner Unique": true, "Plans": [{"Node Type": "Nested Loop", "Parent Relationship": "Outer", "Join Type": "Inner", "Startup Cost": 28953.13, "Total Cost": 67528.44, "Plan Rows": 1540, "Plan Width": 4, "Inner Unique": false, "Plans": [{"Node Type": "Bitmap Heap Scan", "Parent Relationship": "Outer", "Relation Name": "company_type", "Alias": "ct", "Startup Cost": 8.27, "Total Cost": 12.3, "Plan Rows": 1, "Plan Width": 4, "Filter": "((kind)::text = 'production companies'::text)", "Plans": [{"Node Type": "Bitmap Index Scan", "Parent Relationship": "Outer", "Index Name": "company_type_pkey", "Startup Cost": 0.0, "Total Cost": 8.27, "Plan Rows": 3, "Plan Width": 0}]}, {"Node Type": "Bitmap Heap Scan", "Parent Relationship": "Inner", "Relation Name": "movie_companies", "Alias": "mc", "Startup Cost": 28944.86, "Total Cost": 67500.74, "Plan Rows": 1540, "Plan Width": 8, "Recheck Cond": "(company_type_id = ct.id)", "Filter": "(((note)::text ~~ '%(theatrical)%'::text) AND ((note)::text ~~ '%(France)%'::text))", "Plans": [{"Node Type": "Bitmap Index Scan", "Parent Relationship": "Outer", "Index Name": "company_type_id_movie_companies", "Startup Cost": 0.0, "Total Cost": 28944.48, "Plan Rows": 1304564, "Plan Width": 0, "Index Cond": "(company_type_id = ct.id)"}]}]}, {"Node Type": "Bitmap Heap Scan", "Parent Relationship": "Inner", "Relation Name": "title", "Alias": "t", "Startup Cost": 3.69, "Total Cost": 7.7, "Plan Rows": 1, "Plan Width": 21, "Recheck Cond": "(id = mc.movie_id)", "Filter": "(production_year > 2005)", "Plans": [{"Node Type": "Bitmap Index Scan", "Parent Relationship": "Outer", "Index Name": "title_pkey", "Startup Cost": 0.0, "Total Cost": 3.69, "Plan Rows": 1, "Plan Width": 0, "Index Cond": "(id = mc.movie_id)"}]}]}, {"Node Type": "Bitmap Heap Scan", "Parent Relationship": "Inner", "Relation Name": "movie_info", "Alias": "mi", "Startup Cost": 0.51, "Total Cost": 4.62, "Plan Rows": 1, "Plan Width": 8, "Recheck Cond": "(movie_id = t.id)", "Filter": "((info)::text = ANY ('{Sweden,Norway,Germany,Denmark,Swedish,Denish,Norwegian,German}'::text[]))", "Plans": [{"Node Type": "Bitmap Index Scan", "Parent Relationship": "Outer", "Index Name": "movie_id_movie_info", "Startup Cost": 0.0, "Total Cost": 0.51, "Plan Rows": 5, "Plan Width": 0, "Index Cond": "(movie_id = t.id)"}]}]}, {"Node Type": "Hash", "Parent Relationship": "Inner", "Startup Cost": 13.96, "Total Cost": 13.96, "Plan Rows": 112, "Plan Width": 4, "Plans": [{"Node Type": "Bitmap Heap Scan", "Parent Relationship": "Outer", "Relation Name": "info_type", "Alias": "it", "Startup Cost": 8.84, "Total Cost": 13.96, "Plan Rows": 112, "Plan Width": 4, "Plans": [{"Node Type": "Bitmap Index Scan", "Parent Relationship": "Outer", "Index Name": "info_type_pkey", "Startup Cost": 0.0, "Total Cost": 8.81, "Plan Rows": 112, "Plan Width": 0}]}]}]}]}, "Unique SQL Id": 2510907716, "Planner Runtime": 8}, "explain_analyze_plan": null}, "(16, '8')": {"explain_plan": {"Plan": {"Node Type": "Aggregate", "Strategy": "Plain", "Startup Cost": 32465.34, "Total Cost": 32465.35, "Plan Rows": 1, "Plan Width": 49, "Plans": [{"Node Type": "Hash Join", "Parent Relationship": "Outer", "Join Type": "Inner", "Startup Cost": 3.52, "Total Cost": 32460.54, "Plan Rows": 1919, "Plan Width": 17, "Inner Unique": true, "Hash Cond": "(mi.info_type_id = it.id)", "Plans": [{"Node Type": "Nested Loop", "Parent Relationship": "Outer", "Join Type": "Inner", "Startup Cost": 0.0, "Total Cost": 32431.69, "Plan Rows": 1919, "Plan Width": 21, "Inner Unique": false, "Plans": [{"Node Type": "Nested Loop", "Parent Relationship": "Outer", "Join Type": "Inner", "Startup Cost": 0.0, "Total Cost": 30152.4, "Plan Rows": 1869, "Plan Width": 25, "Inner Unique": true, "Plans": [{"Node Type": "Nested Loop", "Parent Relationship": "Outer", "Join Type": "Inner", "Startup Cost": 0.0, "Total Cost": 18534.98, "Plan Rows": 1540, "Plan Width": 4, "Inner Unique": false, "Join Filter": "(ct.id = mc.company_type_id)", "Plans": [{"Node Type": "Seq Scan", "Parent Relationship": "Outer", "Relation Name": "company_type", "Alias": "ct", "Startup Cost": 0.0, "Total Cost": 1.04, "Plan Rows": 1, "Plan Width": 4, "Filter": "((kind)::text = 'production companies'::text)"}, {"Node Type": "Materialize", "Parent Relationship": "Inner", "Startup Cost": 0.0, "Total Cost": 18503.13, "Plan Rows": 3081, "Plan Width": 8, "Plans": [{"Node Type": "Streaming(type: LOCAL GATHER dop: 1/16)", "Parent Relationship": "Outer", "Startup Cost": 0.0, "Total Cost": 18495.43, "Plan Rows": 3081, "Plan Width": 8, "Plans": [{"Node Type": "Seq Scan", "Parent Relationship": "Outer", "Relation Name": "movie_companies", "Alias": "mc", "Startup Cost": 0.0, "Total Cost": 18428.93, "Plan Rows": 3081, "Plan Width": 8, "Filter": "(((note)::text ~~ '%(theatrical)%'::text) AND ((note)::text ~~ '%(France)%'::text))"}]}]}]}, {"Node Type": "Index Scan", "Parent Relationship": "Inner", "Scan Direction": "Forward", "Index Name": "title_pkey", "Relation Name": "title", "Alias": "t", "Startup Cost": 0.0, "Total Cost": 7.53, "Plan Rows": 1, "Plan Width": 21, "Index Cond": "(id = mc.movie_id)", "Filter": "(production_year > 2005)"}]}, {"Node Type": "Index Scan", "Parent Relationship": "Inner", "Scan Direction": "Forward", "Index Name": "movie_id_movie_info", "Relation Name": "movie_info", "Alias": "mi", "Startup Cost": 0.0, "Total Cost": 1.21, "Plan Rows": 1, "Plan Width": 8, "Index Cond": "(movie_id = t.id)", "Filter": "((info)::text = ANY ('{Sweden,Norway,Germany,Denmark,Swedish,Denish,Norwegian,German}'::text[]))"}]}, {"Node Type": "Hash", "Parent Relationship": "Inner", "Startup Cost": 2.12, "Total Cost": 2.12, "Plan Rows": 112, "Plan Width": 4, "Plans": [{"Node Type": "Index Only Scan", "Parent Relationship": "Outer", "Scan Direction": "Forward", "Index Name": "info_type_pkey", "Relation Name": "info_type", "Alias": "it", "Startup Cost": 0.0, "Total Cost": 2.12, "Plan Rows": 112, "Plan Width": 4}]}]}]}, "Unique SQL Id": 2510907716, "Planner Runtime": 13}, "explain_analyze_plan": {"Plan": {"Node Type": "Aggregate", "Strategy": "Plain", "Startup Cost": 32465.34, "Total Cost": 32465.35, "Plan Rows": 1, "Plan Width": 49, "Actual Min Startup Time": 94.928, "Actual Max Startup Time": 94.928, "Actual Min Total Time": 94.929, "Actual Max Total Time": 94.929, "Plans": [{"Node Type": "Hash Join", "Parent Relationship": "Outer", "Join Type": "Inner", "Startup Cost": 3.52, "Total Cost": 32460.54, "Plan Rows": 1919, "Plan Width": 17, "Actual Min Startup Time": 94.918, "Actual Max Startup Time": 94.918, "Actual Min Total Time": 94.918, "Actual Max Total Time": 94.918, "Inner Unique": true, "Hash Cond": "(mi.info_type_id = it.id)", "Plans": [{"Node Type": "Nested Loop", "Parent Relationship": "Outer", "Join Type": "Inner", "Startup Cost": 0.0, "Total Cost": 32431.69, "Plan Rows": 1919, "Plan Width": 21, "Actual Min Startup Time": 94.911, "Actual Max Startup Time": 94.911, "Actual Min Total Time": 94.911, "Actual Max Total Time": 94.911, "Inner Unique": false, "Plans": [{"Node Type": "Nested Loop", "Parent Relationship": "Outer", "Join Type": "Inner", "Startup Cost": 0.0, "Total Cost": 30152.4, "Plan Rows": 1869, "Plan Width": 25, "Actual Min Startup Time": 94.909, "Actual Max Startup Time": 94.909, "Actual Min Total Time": 94.909, "Actual Max Total Time": 94.909, "Inner Unique": true, "Plans": [{"Node Type": "Nested Loop", "Parent Relationship": "Outer", "Join Type": "Inner", "Startup Cost": 0.0, "Total Cost": 18534.98, "Plan Rows": 1540, "Plan Width": 4, "Actual Min Startup Time": 94.909, "Actual Max Startup Time": 94.909, "Actual Min Total Time": 94.909, "Actual Max Total Time": 94.909, "Inner Unique": false, "Join Filter": "(ct.id = mc.company_type_id)", "Rows Removed by Join Filter": 24025, "Plans": [{"Node Type": "Seq Scan", "Parent Relationship": "Outer", "Relation Name": "company_type", "Alias": "ct", "Startup Cost": 0.0, "Total Cost": 1.04, "Plan Rows": 1, "Plan Width": 4, "Actual Min Startup Time": 0.047, "Actual Max Startup Time": 0.047, "Actual Min Total Time": 0.051, "Actual Max Total Time": 0.051, "Filter": "((kind)::text = 'production companies'::text)", "Rows Removed by Filter": 2, "Actual Rows": 1}, {"Node Type": "Materialize", "Parent Relationship": "Inner", "Startup Cost": 0.0, "Total Cost": 18503.13, "Plan Rows": 3081, "Plan Width": 8, "Actual Min Startup Time": 86.712, "Actual Max Startup Time": 86.712, "Actual Min Total Time": 89.668, "Actual Max Total Time": 89.668, "Plans": [{"Node Type": "Streaming(type: LOCAL GATHER dop: 1/16)", "Parent Relationship": "Outer", "Startup Cost": 0.0, "Total Cost": 18495.43, "Plan Rows": 3081, "Plan Width": 8, "Actual Min Startup Time": 27.262, "Actual Max Startup Time": 27.262, "Actual Min Total Time": 82.9, "Actual Max Total Time": 82.9, "Plans": [{"Node Type": "Seq Scan", "Parent Relationship": "Outer", "Relation Name": "movie_companies", "Alias": "mc", "Startup Cost": 0.0, "Total Cost": 18428.93, "Plan Rows": 3081, "Plan Width": 8, "Actual Min Startup Time": 0.94, "Actual Max Startup Time": 12.847, "Actual Min Total Time": 60.15, "Actual Max Total Time": 66.525, "Filter": "(((note)::text ~~ '%(theatrical)%'::text) AND ((note)::text ~~ '%(France)%'::text))", "Rows Removed by Filter": 2585103, "Actual Rows": 24025}], "Actual Rows": 24025}], "Actual Rows": 24026}], "Actual Rows": 0}, {"Node Type": "Index Scan", "Parent Relationship": "Inner", "Scan Direction": "Forward", "Index Name": "title_pkey", "Relation Name": "title", "Alias": "t", "Startup Cost": 0.0, "Total Cost": 7.53, "Plan Rows": 1, "Plan Width": 21, "Actual Startup Time": 0.0, "Actual Total Time": 0.0, "Index Cond": "(id = mc.movie_id)", "Rows Removed by Index Recheck": 0, "Filter": "(production_year > 2005)", "Rows Removed by Filter": 0}], "Actual Rows": 0}, {"Node Type": "Index Scan", "Parent Relationship": "Inner", "Scan Direction": "Forward", "Index Name": "movie_id_movie_info", "Relation Name": "movie_info", "Alias": "mi", "Startup Cost": 0.0, "Total Cost": 1.21, "Plan Rows": 1, "Plan Width": 8, "Actual Startup Time": 0.0, "Actual Total Time": 0.0, "Index Cond": "(movie_id = t.id)", "Rows Removed by Index Recheck": 0, "Filter": "((info)::text = ANY ('{Sweden,Norway,Germany,Denmark,Swedish,Denish,Norwegian,German}'::text[]))", "Rows Removed by Filter": 0}], "Actual Rows": 0}, {"Node Type": "Hash", "Parent Relationship": "Inner", "Startup Cost": 2.12, "Total Cost": 2.12, "Plan Rows": 112, "Plan Width": 4, "Actual Startup Time": 0.0, "Actual Total Time": 0.0, "Max Hash Buckets": 0, "Min Hash Buckets": 0, "Max Hash Batches": 0, "Min Hash Batches": 0, "Max Original Hash Batches": 0, "Min Original Hash Batches": 0, "Max Peak Memory Usage": 0, "min Peak Memory Usage": 0, "Plans": [{"Node Type": "Index Only Scan", "Parent Relationship": "Outer", "Scan Direction": "Forward", "Index Name": "info_type_pkey", "Relation Name": "info_type", "Alias": "it", "Startup Cost": 0.0, "Total Cost": 2.12, "Plan Rows": 112, "Plan Width": 4, "Actual Startup Time": 0.0, "Actual Total Time": 0.0, "Heap Fetches": 0}]}], "Actual Rows": 0}], "Actual Rows": 1}, "Triggers": [], "Planner Runtime": 13.282, "Total Runtime": 97.512, "Unique SQL Id": 2510907716}}, "(16, '9')": {"explain_plan": {"Plan": {"Node Type": "Aggregate", "Strategy": "Plain", "Startup Cost": 99093.2, "Total Cost": 99093.21, "Plan Rows": 1, "Plan Width": 49, "Plans": [{"Node Type": "Nested Loop", "Parent Relationship": "Outer", "Join Type": "Inner", "Startup Cost": 0.0, "Total Cost": 99088.4, "Plan Rows": 1919, "Plan Width": 17, "Inner Unique": true, "Plans": [{"Node Type": "Nested Loop", "Parent Relationship": "Outer", "Join Type": "Inner", "Startup Cost": 0.0, "Total Cost": 98550.97, "Plan Rows": 1919, "Plan Width": 21, "Inner Unique": false, "Plans": [{"Node Type": "Nested Loop", "Parent Relationship": "Outer", "Join Type": "Inner", "Startup Cost": 0.0, "Total Cost": 96271.68, "Plan Rows": 1869, "Plan Width": 25, "Inner Unique": true, "Plans": [{"Node Type": "Nested Loop", "Parent Relationship": "Outer", "Join Type": "Inner", "Startup Cost": 0.0, "Total Cost": 84654.26, "Plan Rows": 1540, "Plan Width": 4, "Inner Unique": false, "Join Filter": "(ct.id = mc.company_type_id)", "Plans": [{"Node Type": "Index Scan", "Parent Relationship": "Outer", "Scan Direction": "Forward", "Index Name": "company_type_pkey", "Relation Name": "company_type", "Alias": "ct", "Startup Cost": 0.0, "Total Cost": 12.3, "Plan Rows": 1, "Plan Width": 4, "Filter": "((kind)::text = 'production companies'::text)"}, {"Node Type": "Materialize", "Parent Relationship": "Inner", "Startup Cost": 0.0, "Total Cost": 84611.14, "Plan Rows": 3081, "Plan Width": 8, "Plans": [{"Node Type": "Streaming(type: LOCAL GATHER dop: 1/16)", "Parent Relationship": "Outer", "Startup Cost": 0.0, "Total Cost": 84603.44, "Plan Rows": 3081, "Plan Width": 8, "Plans": [{"Node Type": "Index Scan", "Parent Relationship": "Outer", "Scan Direction": "Forward", "Index Name": "company_type_id_movie_companies", "Relation Name": "movie_companies", "Alias": "mc", "Startup Cost": 0.0, "Total Cost": 84536.95, "Plan Rows": 3081, "Plan Width": 8, "Filter": "(((note)::text ~~ '%(theatrical)%'::text) AND ((note)::text ~~ '%(France)%'::text))"}]}]}]}, {"Node Type": "Index Scan", "Parent Relationship": "Inner", "Scan Direction": "Forward", "Index Name": "title_pkey", "Relation Name": "title", "Alias": "t", "Startup Cost": 0.0, "Total Cost": 7.53, "Plan Rows": 1, "Plan Width": 21, "Index Cond": "(id = mc.movie_id)", "Filter": "(production_year > 2005)"}]}, {"Node Type": "Index Scan", "Parent Relationship": "Inner", "Scan Direction": "Forward", "Index Name": "movie_id_movie_info", "Relation Name": "movie_info", "Alias": "mi", "Startup Cost": 0.0, "Total Cost": 1.21, "Plan Rows": 1, "Plan Width": 8, "Index Cond": "(movie_id = t.id)", "Filter": "((info)::text = ANY ('{Sweden,Norway,Germany,Denmark,Swedish,Denish,Norwegian,German}'::text[]))"}]}, {"Node Type": "Index Only Scan", "Parent Relationship": "Inner", "Scan Direction": "Forward", "Index Name": "info_type_pkey", "Relation Name": "info_type", "Alias": "it", "Startup Cost": 0.0, "Total Cost": 0.27, "Plan Rows": 1, "Plan Width": 4, "Index Cond": "(id = mi.info_type_id)"}]}]}, "Unique SQL Id": 2510907716, "Planner Runtime": 9}, "explain_analyze_plan": {"Plan": {"Node Type": "Aggregate", "Strategy": "Plain", "Startup Cost": 99093.2, "Total Cost": 99093.21, "Plan Rows": 1, "Plan Width": 49, "Actual Min Startup Time": 178.703, "Actual Max Startup Time": 178.703, "Actual Min Total Time": 178.704, "Actual Max Total Time": 178.704, "Plans": [{"Node Type": "Nested Loop", "Parent Relationship": "Outer", "Join Type": "Inner", "Startup Cost": 0.0, "Total Cost": 99088.4, "Plan Rows": 1919, "Plan Width": 17, "Actual Min Startup Time": 178.694, "Actual Max Startup Time": 178.694, "Actual Min Total Time": 178.694, "Actual Max Total Time": 178.694, "Inner Unique": true, "Plans": [{"Node Type": "Nested Loop", "Parent Relationship": "Outer", "Join Type": "Inner", "Startup Cost": 0.0, "Total Cost": 98550.97, "Plan Rows": 1919, "Plan Width": 21, "Actual Min Startup Time": 178.693, "Actual Max Startup Time": 178.693, "Actual Min Total Time": 178.693, "Actual Max Total Time": 178.693, "Inner Unique": false, "Plans": [{"Node Type": "Nested Loop", "Parent Relationship": "Outer", "Join Type": "Inner", "Startup Cost": 0.0, "Total Cost": 96271.68, "Plan Rows": 1869, "Plan Width": 25, "Actual Min Startup Time": 178.691, "Actual Max Startup Time": 178.691, "Actual Min Total Time": 178.691, "Actual Max Total Time": 178.691, "Inner Unique": true, "Plans": [{"Node Type": "Nested Loop", "Parent Relationship": "Outer", "Join Type": "Inner", "Startup Cost": 0.0, "Total Cost": 84654.26, "Plan Rows": 1540, "Plan Width": 4, "Actual Min Startup Time": 178.691, "Actual Max Startup Time": 178.691, "Actual Min Total Time": 178.691, "Actual Max Total Time": 178.691, "Inner Unique": false, "Join Filter": "(ct.id = mc.company_type_id)", "Rows Removed by Join Filter": 24025, "Plans": [{"Node Type": "Index Scan", "Parent Relationship": "Outer", "Scan Direction": "Forward", "Index Name": "company_type_pkey", "Relation Name": "company_type", "Alias": "ct", "Startup Cost": 0.0, "Total Cost": 12.3, "Plan Rows": 1, "Plan Width": 4, "Actual Min Startup Time": 0.041, "Actual Max Startup Time": 0.041, "Actual Min Total Time": 0.049, "Actual Max Total Time": 0.049, "Filter": "((kind)::text = 'production companies'::text)", "Rows Removed by Filter": 2, "Actual Rows": 1}, {"Node Type": "Materialize", "Parent Relationship": "Inner", "Startup Cost": 0.0, "Total Cost": 84611.14, "Plan Rows": 3081, "Plan Width": 8, "Actual Min Startup Time": 170.586, "Actual Max Startup Time": 170.586, "Actual Min Total Time": 173.382, "Actual Max Total Time": 173.382, "Plans": [{"Node Type": "Streaming(type: LOCAL GATHER dop: 1/16)", "Parent Relationship": "Outer", "Startup Cost": 0.0, "Total Cost": 84603.44, "Plan Rows": 3081, "Plan Width": 8, "Actual Min Startup Time": 31.969, "Actual Max Startup Time": 31.969, "Actual Min Total Time": 166.687, "Actual Max Total Time": 166.687, "Plans": [{"Node Type": "Index Scan", "Parent Relationship": "Outer", "Scan Direction": "Forward", "Index Name": "company_type_id_movie_companies", "Relation Name": "movie_companies", "Alias": "mc", "Startup Cost": 0.0, "Total Cost": 84536.95, "Plan Rows": 3081, "Plan Width": 8, "Actual Min Startup Time": 13.763, "Actual Max Startup Time": 86.987, "Actual Min Total Time": 85.513, "Actual Max Total Time": 148.739, "Filter": "(((note)::text ~~ '%(theatrical)%'::text) AND ((note)::text ~~ '%(France)%'::text))", "Rows Removed by Filter": 2585103, "Actual Rows": 24025}], "Actual Rows": 24025}], "Actual Rows": 24026}], "Actual Rows": 0}, {"Node Type": "Index Scan", "Parent Relationship": "Inner", "Scan Direction": "Forward", "Index Name": "title_pkey", "Relation Name": "title", "Alias": "t", "Startup Cost": 0.0, "Total Cost": 7.53, "Plan Rows": 1, "Plan Width": 21, "Actual Startup Time": 0.0, "Actual Total Time": 0.0, "Index Cond": "(id = mc.movie_id)", "Rows Removed by Index Recheck": 0, "Filter": "(production_year > 2005)", "Rows Removed by Filter": 0}], "Actual Rows": 0}, {"Node Type": "Index Scan", "Parent Relationship": "Inner", "Scan Direction": "Forward", "Index Name": "movie_id_movie_info", "Relation Name": "movie_info", "Alias": "mi", "Startup Cost": 0.0, "Total Cost": 1.21, "Plan Rows": 1, "Plan Width": 8, "Actual Startup Time": 0.0, "Actual Total Time": 0.0, "Index Cond": "(movie_id = t.id)", "Rows Removed by Index Recheck": 0, "Filter": "((info)::text = ANY ('{Sweden,Norway,Germany,Denmark,Swedish,Denish,Norwegian,German}'::text[]))", "Rows Removed by Filter": 0}], "Actual Rows": 0}, {"Node Type": "Index Only Scan", "Parent Relationship": "Inner", "Scan Direction": "Forward", "Index Name": "info_type_pkey", "Relation Name": "info_type", "Alias": "it", "Startup Cost": 0.0, "Total Cost": 0.27, "Plan Rows": 1, "Plan Width": 4, "Actual Startup Time": 0.0, "Actual Total Time": 0.0, "Index Cond": "(id = mi.info_type_id)", "Rows Removed by Index Recheck": 0, "Heap Fetches": 0}], "Actual Rows": 0}], "Actual Rows": 1}, "Triggers": [], "Planner Runtime": 9.112, "Total Runtime": 181.21, "Unique SQL Id": 2510907716}}, "(16, '10')": {"explain_plan": {"Plan": {"Node Type": "Aggregate", "Strategy": "Plain", "Startup Cost": 100138.27, "Total Cost": 100138.28, "Plan Rows": 1, "Plan Width": 49, "Plans": [{"Node Type": "Hash Join", "Parent Relationship": "Outer", "Join Type": "Inner", "Startup Cost": 53664.54, "Total Cost": 100133.48, "Plan Rows": 1919, "Plan Width": 17, "Inner Unique": true, "Hash Cond": "(mi.info_type_id = it.id)", "Plans": [{"Node Type": "Hash Join", "Parent Relationship": "Outer", "Join Type": "Inner", "Startup Cost": 53661.02, "Total Cost": 100103.57, "Plan Rows": 1919, "Plan Width": 21, "Inner Unique": false, "Hash Cond": "(mi.movie_id = t.id)", "Plans": [{"Node Type": "Streaming(type: LOCAL GATHER dop: 1/16)", "Parent Relationship": "Outer", "Startup Cost": 0.0, "Total Cost": 45908.84, "Plan Rows": 141478, "Plan Width": 8, "Plans": [{"Node Type": "Seq Scan", "Parent Relationship": "Outer", "Relation Name": "movie_info", "Alias": "mi", "Startup Cost": 0.0, "Total Cost": 42855.46, "Plan Rows": 141478, "Plan Width": 8, "Filter": "((info)::text = ANY ('{Sweden,Norway,Germany,Denmark,Swedish,Denish,Norwegian,German}'::text[]))"}]}, {"Node Type": "Hash", "Parent Relationship": "Inner", "Startup Cost": 53637.65, "Total Cost": 53637.65, "Plan Rows": 1869, "Plan Width": 25, "Plans": [{"Node Type": "Nested Loop", "Parent Relationship": "Outer", "Join Type": "Inner", "Startup Cost": 19941.16, "Total Cost": 53637.65, "Plan Rows": 1869, "Plan Width": 25, "Inner Unique": false, "Join Filter": "(mc.company_type_id = ct.id)", "Plans": [{"Node Type": "Seq Scan", "Parent Relationship": "Outer", "Relation Name": "company_type", "Alias": "ct", "Startup Cost": 0.0, "Total Cost": 1.04, "Plan Rows": 1, "Plan Width": 4, "Filter": "((kind)::text = 'production companies'::text)"}, {"Node Type": "Materialize", "Parent Relationship": "Inner", "Startup Cost": 19941.16, "Total Cost": 53599.22, "Plan Rows": 3740, "Plan Width": 29, "Plans": [{"Node Type": "Streaming(type: LOCAL GATHER dop: 1/16)", "Parent Relationship": "Outer", "Startup Cost": 19941.16, "Total Cost": 53589.87, "Plan Rows": 3740, "Plan Width": 29, "Plans": [{"Node Type": "Hash Join", "Parent Relationship": "Outer", "Join Type": "Inner", "Startup Cost": 19941.16, "Total Cost": 53509.15, "Plan Rows": 3740, "Plan Width": 29, "Inner Unique": true, "Hash Cond": "(mc.movie_id = t.id)", "Plans": [{"Node Type": "Streaming(type: BROADCAST dop: 16/16)", "Parent Relationship": "Outer", "Startup Cost": 0.0, "Total Cost": 33554.1, "Plan Rows": 49296, "Plan Width": 8, "Plans": [{"Node Type": "Seq Scan", "Parent Relationship": "Outer", "Relation Name": "movie_companies", "Alias": "mc", "Startup Cost": 0.0, "Total Cost": 18428.93, "Plan Rows": 3081, "Plan Width": 8, "Filter": "(((note)::text ~~ '%(theatrical)%'::text) AND ((note)::text ~~ '%(France)%'::text))"}]}, {"Node Type": "Hash", "Parent Relationship": "Inner", "Startup Cost": 19149.37, "Total Cost": 19149.37, "Plan Rows": 1013492, "Plan Width": 21, "Plans": [{"Node Type": "Seq Scan", "Parent Relationship": "Outer", "Relation Name": "title", "Alias": "t", "Startup Cost": 0.0, "Total Cost": 19149.37, "Plan Rows": 1013492, "Plan Width": 21, "Filter": "(production_year > 2005), (LLVM Optimized)"}]}]}]}]}]}]}]}, {"Node Type": "Hash", "Parent Relationship": "Inner", "Startup Cost": 2.12, "Total Cost": 2.12, "Plan Rows": 112, "Plan Width": 4, "Plans": [{"Node Type": "Seq Scan", "Parent Relationship": "Outer", "Relation Name": "info_type", "Alias": "it", "Startup Cost": 0.0, "Total Cost": 2.12, "Plan Rows": 112, "Plan Width": 4}]}]}]}, "Unique SQL Id": 2510907716, "Planner Runtime": 19}, "explain_analyze_plan": null}, "(16, '11')": {"explain_plan": {"Plan": {"Node Type": "Aggregate", "Strategy": "Plain", "Startup Cost": 4997607846308.68, "Total Cost": 4997607846308.69, "Plan Rows": 1, "Plan Width": 49, "Plans": [{"Node Type": "Merge Join", "Parent Relationship": "Outer", "Join Type": "Inner", "Startup Cost": 50021490308.98, "Total Cost": 4997607846303.88, "Plan Rows": 1919, "Plan Width": 17, "Inner Unique": false, "Merge Cond": "(mi.movie_id = t.id)", "Plans": [{"Node Type": "Nested Loop", "Parent Relationship": "Outer", "Join Type": "Inner", "Startup Cost": 20000000000.0, "Total Cost": 2000118925554.54, "Plan Rows": 141478, "Plan Width": 4, "Inner Unique": true, "Join Filter": "(it.id = mi.info_type_id), (LLVM Optimized)", "Plans": [{"Node Type": "Index Scan", "Parent Relationship": "Outer", "Scan Direction": "Forward", "Index Name": "movie_id_movie_info", "Relation Name": "movie_info", "Alias": "mi", "Startup Cost": 10000000000.0, "Total Cost": 1000118686878.22, "Plan Rows": 141478, "Plan Width": 8, "Filter": "((info)::text = ANY ('{Sweden,Norway,Germany,Denmark,Swedish,Denish,Norwegian,German}'::text[]))"}, {"Node Type": "Materialize", "Parent Relationship": "Inner", "Startup Cost": 10000000000.0, "Total Cost": 1000000000993.56, "Plan Rows": 112, "Plan Width": 4, "Plans": [{"Node Type": "Index Only Scan", "Parent Relationship": "Outer", "Scan Direction": "Forward", "Index Name": "info_type_pkey", "Relation Name": "info_type", "Alias": "it", "Startup Cost": 10000000000.0, "Total Cost": 1000000000993.0, "Plan Rows": 112, "Plan Width": 4}]}]}, {"Node Type": "Materialize", "Parent Relationship": "Inner", "Startup Cost": 30021490308.98, "Total Cost": 2999077500382.5, "Plan Rows": 1869, "Plan Width": 25, "Plans": [{"Node Type": "Merge Join", "Parent Relationship": "Outer", "Join Type": "Inner", "Startup Cost": 30021490308.98, "Total Cost": 2999077500377.83, "Plan Rows": 1869, "Plan Width": 25, "Inner Unique": true, "Merge Cond": "(mc.movie_id = t.id)", "Plans": [{"Node Type": "Nested Loop", "Parent Relationship": "Outer", "Join Type": "Inner", "Startup Cost": 20000000000.0, "Total Cost": 2000014357786.6, "Plan Rows": 1540, "Plan Width": 4, "Inner Unique": true, "Join Filter": "(ct.id = mc.company_type_id)", "Plans": [{"Node Type": "Index Scan", "Parent Relationship": "Outer", "Scan Direction": "Forward", "Index Name": "movie_id_movie_companies", "Relation Name": "movie_companies", "Alias": "mc", "Startup Cost": 10000000000.0, "Total Cost": 1000014356510.13, "Plan Rows": 3081, "Plan Width": 8, "Filter": "(((note)::text ~~ '%(theatrical)%'::text) AND ((note)::text ~~ '%(France)%'::text))"}, {"Node Type": "Materialize", "Parent Relationship": "Inner", "Startup Cost": 10000000000.0, "Total Cost": 1000000001230.26, "Plan Rows": 1, "Plan Width": 4, "Plans": [{"Node Type": "Index Scan", "Parent Relationship": "Outer", "Scan Direction": "Forward", "Index Name": "company_type_pkey", "Relation Name": "company_type", "Alias": "ct", "Startup Cost": 10000000000.0, "Total Cost": 1000000001230.25, "Plan Rows": 1, "Plan Width": 4, "Filter": "((kind)::text = 'production companies'::text)"}]}]}, {"Node Type": "Index Scan", "Parent Relationship": "Inner", "Scan Direction": "Forward", "Index Name": "title_pkey", "Relation Name": "title", "Alias": "t", "Startup Cost": 10000000000.0, "Total Cost": 1000011644126.66, "Plan Rows": 1013492, "Plan Width": 21, "Filter": "(production_year > 2005), (LLVM Optimized)"}]}]}]}]}, "Unique SQL Id": 2510907716, "Planner Runtime": 14}, "explain_analyze_plan": null}, "(16, '12')": {"explain_plan": {"Plan": {"Node Type": "Aggregate", "Strategy": "Plain", "Startup Cost": 32465.34, "Total Cost": 32465.35, "Plan Rows": 1, "Plan Width": 49, "Plans": [{"Node Type": "Hash Join", "Parent Relationship": "Outer", "Join Type": "Inner", "Startup Cost": 3.52, "Total Cost": 32460.54, "Plan Rows": 1919, "Plan Width": 17, "Inner Unique": true, "Hash Cond": "(mi.info_type_id = it.id)", "Plans": [{"Node Type": "Nested Loop", "Parent Relationship": "Outer", "Join Type": "Inner", "Startup Cost": 0.0, "Total Cost": 32431.69, "Plan Rows": 1919, "Plan Width": 21, "Inner Unique": false, "Plans": [{"Node Type": "Nested Loop", "Parent Relationship": "Outer", "Join Type": "Inner", "Startup Cost": 0.0, "Total Cost": 30152.4, "Plan Rows": 1869, "Plan Width": 25, "Inner Unique": true, "Plans": [{"Node Type": "Nested Loop", "Parent Relationship": "Outer", "Join Type": "Inner", "Startup Cost": 0.0, "Total Cost": 18534.98, "Plan Rows": 1540, "Plan Width": 4, "Inner Unique": false, "Join Filter": "(ct.id = mc.company_type_id)", "Plans": [{"Node Type": "Seq Scan", "Parent Relationship": "Outer", "Relation Name": "company_type", "Alias": "ct", "Startup Cost": 0.0, "Total Cost": 1.04, "Plan Rows": 1, "Plan Width": 4, "Filter": "((kind)::text = 'production companies'::text)"}, {"Node Type": "Materialize", "Parent Relationship": "Inner", "Startup Cost": 0.0, "Total Cost": 18503.13, "Plan Rows": 3081, "Plan Width": 8, "Plans": [{"Node Type": "Streaming(type: LOCAL GATHER dop: 1/16)", "Parent Relationship": "Outer", "Startup Cost": 0.0, "Total Cost": 18495.43, "Plan Rows": 3081, "Plan Width": 8, "Plans": [{"Node Type": "Seq Scan", "Parent Relationship": "Outer", "Relation Name": "movie_companies", "Alias": "mc", "Startup Cost": 0.0, "Total Cost": 18428.93, "Plan Rows": 3081, "Plan Width": 8, "Filter": "(((note)::text ~~ '%(theatrical)%'::text) AND ((note)::text ~~ '%(France)%'::text))"}]}]}]}, {"Node Type": "Index Scan", "Parent Relationship": "Inner", "Scan Direction": "Forward", "Index Name": "title_pkey", "Relation Name": "title", "Alias": "t", "Startup Cost": 0.0, "Total Cost": 7.53, "Plan Rows": 1, "Plan Width": 21, "Index Cond": "(id = mc.movie_id)", "Filter": "(production_year > 2005)"}]}, {"Node Type": "Index Scan", "Parent Relationship": "Inner", "Scan Direction": "Forward", "Index Name": "movie_id_movie_info", "Relation Name": "movie_info", "Alias": "mi", "Startup Cost": 0.0, "Total Cost": 1.21, "Plan Rows": 1, "Plan Width": 8, "Index Cond": "(movie_id = t.id)", "Filter": "((info)::text = ANY ('{Sweden,Norway,Germany,Denmark,Swedish,Denish,Norwegian,German}'::text[]))"}]}, {"Node Type": "Hash", "Parent Relationship": "Inner", "Startup Cost": 2.12, "Total Cost": 2.12, "Plan Rows": 112, "Plan Width": 4, "Plans": [{"Node Type": "Seq Scan", "Parent Relationship": "Outer", "Relation Name": "info_type", "Alias": "it", "Startup Cost": 0.0, "Total Cost": 2.12, "Plan Rows": 112, "Plan Width": 4}]}]}]}, "Unique SQL Id": 2510907716, "Planner Runtime": 13}, "explain_analyze_plan": {"Plan": {"Node Type": "Aggregate", "Strategy": "Plain", "Startup Cost": 32465.34, "Total Cost": 32465.35, "Plan Rows": 1, "Plan Width": 49, "Actual Min Startup Time": 95.587, "Actual Max Startup Time": 95.587, "Actual Min Total Time": 95.588, "Actual Max Total Time": 95.588, "Plans": [{"Node Type": "Hash Join", "Parent Relationship": "Outer", "Join Type": "Inner", "Startup Cost": 3.52, "Total Cost": 32460.54, "Plan Rows": 1919, "Plan Width": 17, "Actual Min Startup Time": 95.576, "Actual Max Startup Time": 95.576, "Actual Min Total Time": 95.576, "Actual Max Total Time": 95.576, "Inner Unique": true, "Hash Cond": "(mi.info_type_id = it.id)", "Plans": [{"Node Type": "Nested Loop", "Parent Relationship": "Outer", "Join Type": "Inner", "Startup Cost": 0.0, "Total Cost": 32431.69, "Plan Rows": 1919, "Plan Width": 21, "Actual Min Startup Time": 95.57, "Actual Max Startup Time": 95.57, "Actual Min Total Time": 95.57, "Actual Max Total Time": 95.57, "Inner Unique": false, "Plans": [{"Node Type": "Nested Loop", "Parent Relationship": "Outer", "Join Type": "Inner", "Startup Cost": 0.0, "Total Cost": 30152.4, "Plan Rows": 1869, "Plan Width": 25, "Actual Min Startup Time": 95.569, "Actual Max Startup Time": 95.569, "Actual Min Total Time": 95.569, "Actual Max Total Time": 95.569, "Inner Unique": true, "Plans": [{"Node Type": "Nested Loop", "Parent Relationship": "Outer", "Join Type": "Inner", "Startup Cost": 0.0, "Total Cost": 18534.98, "Plan Rows": 1540, "Plan Width": 4, "Actual Min Startup Time": 95.568, "Actual Max Startup Time": 95.568, "Actual Min Total Time": 95.568, "Actual Max Total Time": 95.568, "Inner Unique": false, "Join Filter": "(ct.id = mc.company_type_id)", "Rows Removed by Join Filter": 24025, "Plans": [{"Node Type": "Seq Scan", "Parent Relationship": "Outer", "Relation Name": "company_type", "Alias": "ct", "Startup Cost": 0.0, "Total Cost": 1.04, "Plan Rows": 1, "Plan Width": 4, "Actual Min Startup Time": 0.047, "Actual Max Startup Time": 0.047, "Actual Min Total Time": 0.051, "Actual Max Total Time": 0.051, "Filter": "((kind)::text = 'production companies'::text)", "Rows Removed by Filter": 2, "Actual Rows": 1}, {"Node Type": "Materialize", "Parent Relationship": "Inner", "Startup Cost": 0.0, "Total Cost": 18503.13, "Plan Rows": 3081, "Plan Width": 8, "Actual Min Startup Time": 87.301, "Actual Max Startup Time": 87.301, "Actual Min Total Time": 90.299, "Actual Max Total Time": 90.299, "Plans": [{"Node Type": "Streaming(type: LOCAL GATHER dop: 1/16)", "Parent Relationship": "Outer", "Startup Cost": 0.0, "Total Cost": 18495.43, "Plan Rows": 3081, "Plan Width": 8, "Actual Min Startup Time": 28.103, "Actual Max Startup Time": 28.103, "Actual Min Total Time": 83.565, "Actual Max Total Time": 83.565, "Plans": [{"Node Type": "Seq Scan", "Parent Relationship": "Outer", "Relation Name": "movie_companies", "Alias": "mc", "Startup Cost": 0.0, "Total Cost": 18428.93, "Plan Rows": 3081, "Plan Width": 8, "Actual Min Startup Time": 0.907, "Actual Max Startup Time": 12.859, "Actual Min Total Time": 60.123, "Actual Max Total Time": 66.571, "Filter": "(((note)::text ~~ '%(theatrical)%'::text) AND ((note)::text ~~ '%(France)%'::text))", "Rows Removed by Filter": 2585103, "Actual Rows": 24025}], "Actual Rows": 24025}], "Actual Rows": 24026}], "Actual Rows": 0}, {"Node Type": "Index Scan", "Parent Relationship": "Inner", "Scan Direction": "Forward", "Index Name": "title_pkey", "Relation Name": "title", "Alias": "t", "Startup Cost": 0.0, "Total Cost": 7.53, "Plan Rows": 1, "Plan Width": 21, "Actual Startup Time": 0.0, "Actual Total Time": 0.0, "Index Cond": "(id = mc.movie_id)", "Rows Removed by Index Recheck": 0, "Filter": "(production_year > 2005)", "Rows Removed by Filter": 0}], "Actual Rows": 0}, {"Node Type": "Index Scan", "Parent Relationship": "Inner", "Scan Direction": "Forward", "Index Name": "movie_id_movie_info", "Relation Name": "movie_info", "Alias": "mi", "Startup Cost": 0.0, "Total Cost": 1.21, "Plan Rows": 1, "Plan Width": 8, "Actual Startup Time": 0.0, "Actual Total Time": 0.0, "Index Cond": "(movie_id = t.id)", "Rows Removed by Index Recheck": 0, "Filter": "((info)::text = ANY ('{Sweden,Norway,Germany,Denmark,Swedish,Denish,Norwegian,German}'::text[]))", "Rows Removed by Filter": 0}], "Actual Rows": 0}, {"Node Type": "Hash", "Parent Relationship": "Inner", "Startup Cost": 2.12, "Total Cost": 2.12, "Plan Rows": 112, "Plan Width": 4, "Actual Startup Time": 0.0, "Actual Total Time": 0.0, "Max Hash Buckets": 0, "Min Hash Buckets": 0, "Max Hash Batches": 0, "Min Hash Batches": 0, "Max Original Hash Batches": 0, "Min Original Hash Batches": 0, "Max Peak Memory Usage": 0, "min Peak Memory Usage": 0, "Plans": [{"Node Type": "Seq Scan", "Parent Relationship": "Outer", "Relation Name": "info_type", "Alias": "it", "Startup Cost": 0.0, "Total Cost": 2.12, "Plan Rows": 112, "Plan Width": 4, "Actual Startup Time": 0.0, "Actual Total Time": 0.0}]}], "Actual Rows": 0}], "Actual Rows": 1}, "Triggers": [], "Planner Runtime": 13.322, "Total Runtime": 98.118, "Unique SQL Id": 2510907716}}, "(16, '13')": {"explain_plan": {"Plan": {"Node Type": "Aggregate", "Strategy": "Plain", "Startup Cost": 99093.25, "Total Cost": 99093.26, "Plan Rows": 1, "Plan Width": 49, "Plans": [{"Node Type": "Nested Loop", "Parent Relationship": "Outer", "Join Type": "Inner", "Startup Cost": 0.0, "Total Cost": 99088.45, "Plan Rows": 1919, "Plan Width": 17, "Inner Unique": true, "Plans": [{"Node Type": "Nested Loop", "Parent Relationship": "Outer", "Join Type": "Inner", "Startup Cost": 0.0, "Total Cost": 98550.97, "Plan Rows": 1919, "Plan Width": 21, "Inner Unique": false, "Plans": [{"Node Type": "Nested Loop", "Parent Relationship": "Outer", "Join Type": "Inner", "Startup Cost": 0.0, "Total Cost": 96271.68, "Plan Rows": 1869, "Plan Width": 25, "Inner Unique": true, "Plans": [{"Node Type": "Nested Loop", "Parent Relationship": "Outer", "Join Type": "Inner", "Startup Cost": 0.0, "Total Cost": 84654.26, "Plan Rows": 1540, "Plan Width": 4, "Inner Unique": false, "Join Filter": "(ct.id = mc.company_type_id)", "Plans": [{"Node Type": "Index Scan", "Parent Relationship": "Outer", "Scan Direction": "Forward", "Index Name": "company_type_pkey", "Relation Name": "company_type", "Alias": "ct", "Startup Cost": 0.0, "Total Cost": 12.3, "Plan Rows": 1, "Plan Width": 4, "Filter": "((kind)::text = 'production companies'::text)"}, {"Node Type": "Materialize", "Parent Relationship": "Inner", "Startup Cost": 0.0, "Total Cost": 84611.14, "Plan Rows": 3081, "Plan Width": 8, "Plans": [{"Node Type": "Streaming(type: LOCAL GATHER dop: 1/16)", "Parent Relationship": "Outer", "Startup Cost": 0.0, "Total Cost": 84603.44, "Plan Rows": 3081, "Plan Width": 8, "Plans": [{"Node Type": "Index Scan", "Parent Relationship": "Outer", "Scan Direction": "Forward", "Index Name": "company_type_id_movie_companies", "Relation Name": "movie_companies", "Alias": "mc", "Startup Cost": 0.0, "Total Cost": 84536.95, "Plan Rows": 3081, "Plan Width": 8, "Filter": "(((note)::text ~~ '%(theatrical)%'::text) AND ((note)::text ~~ '%(France)%'::text))"}]}]}]}, {"Node Type": "Index Scan", "Parent Relationship": "Inner", "Scan Direction": "Forward", "Index Name": "title_pkey", "Relation Name": "title", "Alias": "t", "Startup Cost": 0.0, "Total Cost": 7.53, "Plan Rows": 1, "Plan Width": 21, "Index Cond": "(id = mc.movie_id)", "Filter": "(production_year > 2005)"}]}, {"Node Type": "Index Scan", "Parent Relationship": "Inner", "Scan Direction": "Forward", "Index Name": "movie_id_movie_info", "Relation Name": "movie_info", "Alias": "mi", "Startup Cost": 0.0, "Total Cost": 1.21, "Plan Rows": 1, "Plan Width": 8, "Index Cond": "(movie_id = t.id)", "Filter": "((info)::text = ANY ('{Sweden,Norway,Germany,Denmark,Swedish,Denish,Norwegian,German}'::text[]))"}]}, {"Node Type": "Index Scan", "Parent Relationship": "Inner", "Scan Direction": "Forward", "Index Name": "info_type_pkey", "Relation Name": "info_type", "Alias": "it", "Startup Cost": 0.0, "Total Cost": 0.27, "Plan Rows": 1, "Plan Width": 4, "Index Cond": "(id = mi.info_type_id)"}]}]}, "Unique SQL Id": 2510907716, "Planner Runtime": 10}, "explain_analyze_plan": {"Plan": {"Node Type": "Aggregate", "Strategy": "Plain", "Startup Cost": 99093.25, "Total Cost": 99093.26, "Plan Rows": 1, "Plan Width": 49, "Actual Min Startup Time": 179.842, "Actual Max Startup Time": 179.842, "Actual Min Total Time": 179.843, "Actual Max Total Time": 179.843, "Plans": [{"Node Type": "Nested Loop", "Parent Relationship": "Outer", "Join Type": "Inner", "Startup Cost": 0.0, "Total Cost": 99088.45, "Plan Rows": 1919, "Plan Width": 17, "Actual Min Startup Time": 179.832, "Actual Max Startup Time": 179.832, "Actual Min Total Time": 179.832, "Actual Max Total Time": 179.832, "Inner Unique": true, "Plans": [{"Node Type": "Nested Loop", "Parent Relationship": "Outer", "Join Type": "Inner", "Startup Cost": 0.0, "Total Cost": 98550.97, "Plan Rows": 1919, "Plan Width": 21, "Actual Min Startup Time": 179.83, "Actual Max Startup Time": 179.83, "Actual Min Total Time": 179.83, "Actual Max Total Time": 179.83, "Inner Unique": false, "Plans": [{"Node Type": "Nested Loop", "Parent Relationship": "Outer", "Join Type": "Inner", "Startup Cost": 0.0, "Total Cost": 96271.68, "Plan Rows": 1869, "Plan Width": 25, "Actual Min Startup Time": 179.829, "Actual Max Startup Time": 179.829, "Actual Min Total Time": 179.829, "Actual Max Total Time": 179.829, "Inner Unique": true, "Plans": [{"Node Type": "Nested Loop", "Parent Relationship": "Outer", "Join Type": "Inner", "Startup Cost": 0.0, "Total Cost": 84654.26, "Plan Rows": 1540, "Plan Width": 4, "Actual Min Startup Time": 179.828, "Actual Max Startup Time": 179.828, "Actual Min Total Time": 179.828, "Actual Max Total Time": 179.828, "Inner Unique": false, "Join Filter": "(ct.id = mc.company_type_id)", "Rows Removed by Join Filter": 24025, "Plans": [{"Node Type": "Index Scan", "Parent Relationship": "Outer", "Scan Direction": "Forward", "Index Name": "company_type_pkey", "Relation Name": "company_type", "Alias": "ct", "Startup Cost": 0.0, "Total Cost": 12.3, "Plan Rows": 1, "Plan Width": 4, "Actual Min Startup Time": 0.042, "Actual Max Startup Time": 0.042, "Actual Min Total Time": 0.051, "Actual Max Total Time": 0.051, "Filter": "((kind)::text = 'production companies'::text)", "Rows Removed by Filter": 2, "Actual Rows": 1}, {"Node Type": "Materialize", "Parent Relationship": "Inner", "Startup Cost": 0.0, "Total Cost": 84611.14, "Plan Rows": 3081, "Plan Width": 8, "Actual Min Startup Time": 171.715, "Actual Max Startup Time": 171.715, "Actual Min Total Time": 174.54, "Actual Max Total Time": 174.54, "Plans": [{"Node Type": "Streaming(type: LOCAL GATHER dop: 1/16)", "Parent Relationship": "Outer", "Startup Cost": 0.0, "Total Cost": 84603.44, "Plan Rows": 3081, "Plan Width": 8, "Actual Min Startup Time": 33.606, "Actual Max Startup Time": 33.606, "Actual Min Total Time": 167.84, "Actual Max Total Time": 167.84, "Plans": [{"Node Type": "Index Scan", "Parent Relationship": "Outer", "Scan Direction": "Forward", "Index Name": "company_type_id_movie_companies", "Relation Name": "movie_companies", "Alias": "mc", "Startup Cost": 0.0, "Total Cost": 84536.95, "Plan Rows": 3081, "Plan Width": 8, "Actual Min Startup Time": 16.414, "Actual Max Startup Time": 89.105, "Actual Min Total Time": 85.898, "Actual Max Total Time": 151.015, "Filter": "(((note)::text ~~ '%(theatrical)%'::text) AND ((note)::text ~~ '%(France)%'::text))", "Rows Removed by Filter": 2585103, "Actual Rows": 24025}], "Actual Rows": 24025}], "Actual Rows": 24026}], "Actual Rows": 0}, {"Node Type": "Index Scan", "Parent Relationship": "Inner", "Scan Direction": "Forward", "Index Name": "title_pkey", "Relation Name": "title", "Alias": "t", "Startup Cost": 0.0, "Total Cost": 7.53, "Plan Rows": 1, "Plan Width": 21, "Actual Startup Time": 0.0, "Actual Total Time": 0.0, "Index Cond": "(id = mc.movie_id)", "Rows Removed by Index Recheck": 0, "Filter": "(production_year > 2005)", "Rows Removed by Filter": 0}], "Actual Rows": 0}, {"Node Type": "Index Scan", "Parent Relationship": "Inner", "Scan Direction": "Forward", "Index Name": "movie_id_movie_info", "Relation Name": "movie_info", "Alias": "mi", "Startup Cost": 0.0, "Total Cost": 1.21, "Plan Rows": 1, "Plan Width": 8, "Actual Startup Time": 0.0, "Actual Total Time": 0.0, "Index Cond": "(movie_id = t.id)", "Rows Removed by Index Recheck": 0, "Filter": "((info)::text = ANY ('{Sweden,Norway,Germany,Denmark,Swedish,Denish,Norwegian,German}'::text[]))", "Rows Removed by Filter": 0}], "Actual Rows": 0}, {"Node Type": "Index Scan", "Parent Relationship": "Inner", "Scan Direction": "Forward", "Index Name": "info_type_pkey", "Relation Name": "info_type", "Alias": "it", "Startup Cost": 0.0, "Total Cost": 0.27, "Plan Rows": 1, "Plan Width": 4, "Actual Startup Time": 0.0, "Actual Total Time": 0.0, "Index Cond": "(id = mi.info_type_id)", "Rows Removed by Index Recheck": 0}], "Actual Rows": 0}], "Actual Rows": 1}, "Triggers": [], "Planner Runtime": 9.053, "Total Runtime": 182.351, "Unique SQL Id": 2510907716}}, "(16, '14')": {"explain_plan": {"Plan": {"Node Type": "Aggregate", "Strategy": "Plain", "Startup Cost": 100138.27, "Total Cost": 100138.28, "Plan Rows": 1, "Plan Width": 49, "Plans": [{"Node Type": "Hash Join", "Parent Relationship": "Outer", "Join Type": "Inner", "Startup Cost": 53664.54, "Total Cost": 100133.48, "Plan Rows": 1919, "Plan Width": 17, "Inner Unique": true, "Hash Cond": "(mi.info_type_id = it.id)", "Plans": [{"Node Type": "Hash Join", "Parent Relationship": "Outer", "Join Type": "Inner", "Startup Cost": 53661.02, "Total Cost": 100103.57, "Plan Rows": 1919, "Plan Width": 21, "Inner Unique": false, "Hash Cond": "(mi.movie_id = t.id)", "Plans": [{"Node Type": "Streaming(type: LOCAL GATHER dop: 1/16)", "Parent Relationship": "Outer", "Startup Cost": 0.0, "Total Cost": 45908.84, "Plan Rows": 141478, "Plan Width": 8, "Plans": [{"Node Type": "Seq Scan", "Parent Relationship": "Outer", "Relation Name": "movie_info", "Alias": "mi", "Startup Cost": 0.0, "Total Cost": 42855.46, "Plan Rows": 141478, "Plan Width": 8, "Filter": "((info)::text = ANY ('{Sweden,Norway,Germany,Denmark,Swedish,Denish,Norwegian,German}'::text[]))"}]}, {"Node Type": "Hash", "Parent Relationship": "Inner", "Startup Cost": 53637.65, "Total Cost": 53637.65, "Plan Rows": 1869, "Plan Width": 25, "Plans": [{"Node Type": "Nested Loop", "Parent Relationship": "Outer", "Join Type": "Inner", "Startup Cost": 19941.16, "Total Cost": 53637.65, "Plan Rows": 1869, "Plan Width": 25, "Inner Unique": false, "Join Filter": "(mc.company_type_id = ct.id)", "Plans": [{"Node Type": "Seq Scan", "Parent Relationship": "Outer", "Relation Name": "company_type", "Alias": "ct", "Startup Cost": 0.0, "Total Cost": 1.04, "Plan Rows": 1, "Plan Width": 4, "Filter": "((kind)::text = 'production companies'::text)"}, {"Node Type": "Materialize", "Parent Relationship": "Inner", "Startup Cost": 19941.16, "Total Cost": 53599.22, "Plan Rows": 3740, "Plan Width": 29, "Plans": [{"Node Type": "Streaming(type: LOCAL GATHER dop: 1/16)", "Parent Relationship": "Outer", "Startup Cost": 19941.16, "Total Cost": 53589.87, "Plan Rows": 3740, "Plan Width": 29, "Plans": [{"Node Type": "Hash Join", "Parent Relationship": "Outer", "Join Type": "Inner", "Startup Cost": 19941.16, "Total Cost": 53509.15, "Plan Rows": 3740, "Plan Width": 29, "Inner Unique": true, "Hash Cond": "(mc.movie_id = t.id)", "Plans": [{"Node Type": "Streaming(type: BROADCAST dop: 16/16)", "Parent Relationship": "Outer", "Startup Cost": 0.0, "Total Cost": 33554.1, "Plan Rows": 49296, "Plan Width": 8, "Plans": [{"Node Type": "Seq Scan", "Parent Relationship": "Outer", "Relation Name": "movie_companies", "Alias": "mc", "Startup Cost": 0.0, "Total Cost": 18428.93, "Plan Rows": 3081, "Plan Width": 8, "Filter": "(((note)::text ~~ '%(theatrical)%'::text) AND ((note)::text ~~ '%(France)%'::text))"}]}, {"Node Type": "Hash", "Parent Relationship": "Inner", "Startup Cost": 19149.37, "Total Cost": 19149.37, "Plan Rows": 1013492, "Plan Width": 21, "Plans": [{"Node Type": "Seq Scan", "Parent Relationship": "Outer", "Relation Name": "title", "Alias": "t", "Startup Cost": 0.0, "Total Cost": 19149.37, "Plan Rows": 1013492, "Plan Width": 21, "Filter": "(production_year > 2005), (LLVM Optimized)"}]}]}]}]}]}]}]}, {"Node Type": "Hash", "Parent Relationship": "Inner", "Startup Cost": 2.12, "Total Cost": 2.12, "Plan Rows": 112, "Plan Width": 4, "Plans": [{"Node Type": "Seq Scan", "Parent Relationship": "Outer", "Relation Name": "info_type", "Alias": "it", "Startup Cost": 0.0, "Total Cost": 2.12, "Plan Rows": 112, "Plan Width": 4}]}]}]}, "Unique SQL Id": 2510907716, "Planner Runtime": 19}, "explain_analyze_plan": null}, "(16, '15')": {"explain_plan": {"Plan": {"Node Type": "Aggregate", "Strategy": "Plain", "Startup Cost": 4997607846708.68, "Total Cost": 4997607846708.69, "Plan Rows": 1, "Plan Width": 49, "Plans": [{"Node Type": "Merge Join", "Parent Relationship": "Outer", "Join Type": "Inner", "Startup Cost": 50021490308.98, "Total Cost": 4997607846703.88, "Plan Rows": 1919, "Plan Width": 17, "Inner Unique": false, "Merge Cond": "(mi.movie_id = t.id)", "Plans": [{"Node Type": "Nested Loop", "Parent Relationship": "Outer", "Join Type": "Inner", "Startup Cost": 20000000000.0, "Total Cost": 2000118925954.54, "Plan Rows": 141478, "Plan Width": 4, "Inner Unique": true, "Join Filter": "(it.id = mi.info_type_id), (LLVM Optimized)", "Plans": [{"Node Type": "Index Scan", "Parent Relationship": "Outer", "Scan Direction": "Forward", "Index Name": "movie_id_movie_info", "Relation Name": "movie_info", "Alias": "mi", "Startup Cost": 10000000000.0, "Total Cost": 1000118686878.22, "Plan Rows": 141478, "Plan Width": 8, "Filter": "((info)::text = ANY ('{Sweden,Norway,Germany,Denmark,Swedish,Denish,Norwegian,German}'::text[]))"}, {"Node Type": "Materialize", "Parent Relationship": "Inner", "Startup Cost": 10000000000.0, "Total Cost": 1000000001393.56, "Plan Rows": 112, "Plan Width": 4, "Plans": [{"Node Type": "Index Scan", "Parent Relationship": "Outer", "Scan Direction": "Forward", "Index Name": "info_type_pkey", "Relation Name": "info_type", "Alias": "it", "Startup Cost": 10000000000.0, "Total Cost": 1000000001393.0, "Plan Rows": 112, "Plan Width": 4}]}]}, {"Node Type": "Materialize", "Parent Relationship": "Inner", "Startup Cost": 30021490308.98, "Total Cost": 2999077500382.5, "Plan Rows": 1869, "Plan Width": 25, "Plans": [{"Node Type": "Merge Join", "Parent Relationship": "Outer", "Join Type": "Inner", "Startup Cost": 30021490308.98, "Total Cost": 2999077500377.83, "Plan Rows": 1869, "Plan Width": 25, "Inner Unique": true, "Merge Cond": "(mc.movie_id = t.id)", "Plans": [{"Node Type": "Nested Loop", "Parent Relationship": "Outer", "Join Type": "Inner", "Startup Cost": 20000000000.0, "Total Cost": 2000014357786.6, "Plan Rows": 1540, "Plan Width": 4, "Inner Unique": true, "Join Filter": "(ct.id = mc.company_type_id)", "Plans": [{"Node Type": "Index Scan", "Parent Relationship": "Outer", "Scan Direction": "Forward", "Index Name": "movie_id_movie_companies", "Relation Name": "movie_companies", "Alias": "mc", "Startup Cost": 10000000000.0, "Total Cost": 1000014356510.13, "Plan Rows": 3081, "Plan Width": 8, "Filter": "(((note)::text ~~ '%(theatrical)%'::text) AND ((note)::text ~~ '%(France)%'::text))"}, {"Node Type": "Materialize", "Parent Relationship": "Inner", "Startup Cost": 10000000000.0, "Total Cost": 1000000001230.26, "Plan Rows": 1, "Plan Width": 4, "Plans": [{"Node Type": "Index Scan", "Parent Relationship": "Outer", "Scan Direction": "Forward", "Index Name": "company_type_pkey", "Relation Name": "company_type", "Alias": "ct", "Startup Cost": 10000000000.0, "Total Cost": 1000000001230.25, "Plan Rows": 1, "Plan Width": 4, "Filter": "((kind)::text = 'production companies'::text)"}]}]}, {"Node Type": "Index Scan", "Parent Relationship": "Inner", "Scan Direction": "Forward", "Index Name": "title_pkey", "Relation Name": "title", "Alias": "t", "Startup Cost": 10000000000.0, "Total Cost": 1000011644126.66, "Plan Rows": 1013492, "Plan Width": 21, "Filter": "(production_year > 2005), (LLVM Optimized)"}]}]}]}]}, "Unique SQL Id": 2510907716, "Planner Runtime": 13}, "explain_analyze_plan": null}, "(16, '16')": {"explain_plan": {"Plan": {"Node Type": "Aggregate", "Strategy": "Plain", "Startup Cost": 32572.27, "Total Cost": 32572.28, "Plan Rows": 1, "Plan Width": 49, "Plans": [{"Node Type": "Merge Join", "Parent Relationship": "Outer", "Join Type": "Inner", "Startup Cost": 32536.85, "Total Cost": 32567.48, "Plan Rows": 1919, "Plan Width": 17, "Inner Unique": false, "Merge Cond": "(it.id = mi.info_type_id)", "Plans": [{"Node Type": "Index Only Scan", "Parent Relationship": "Outer", "Scan Direction": "Forward", "Index Name": "info_type_pkey", "Relation Name": "info_type", "Alias": "it", "Startup Cost": 0.0, "Total Cost": 2.12, "Plan Rows": 112, "Plan Width": 4}, {"Node Type": "Sort", "Parent Relationship": "Inner", "Startup Cost": 32536.33, "Total Cost": 32541.13, "Plan Rows": 1919, "Plan Width": 21, "Sort Key": ["mi.info_type_id"], "Plans": [{"Node Type": "Nested Loop", "Parent Relationship": "Outer", "Join Type": "Inner", "Startup Cost": 0.0, "Total Cost": 32431.69, "Plan Rows": 1919, "Plan Width": 21, "Inner Unique": false, "Plans": [{"Node Type": "Nested Loop", "Parent Relationship": "Outer", "Join Type": "Inner", "Startup Cost": 0.0, "Total Cost": 30152.4, "Plan Rows": 1869, "Plan Width": 25, "Inner Unique": true, "Plans": [{"Node Type": "Nested Loop", "Parent Relationship": "Outer", "Join Type": "Inner", "Startup Cost": 0.0, "Total Cost": 18534.98, "Plan Rows": 1540, "Plan Width": 4, "Inner Unique": false, "Join Filter": "(ct.id = mc.company_type_id)", "Plans": [{"Node Type": "Seq Scan", "Parent Relationship": "Outer", "Relation Name": "company_type", "Alias": "ct", "Startup Cost": 0.0, "Total Cost": 1.04, "Plan Rows": 1, "Plan Width": 4, "Filter": "((kind)::text = 'production companies'::text)"}, {"Node Type": "Materialize", "Parent Relationship": "Inner", "Startup Cost": 0.0, "Total Cost": 18503.13, "Plan Rows": 3081, "Plan Width": 8, "Plans": [{"Node Type": "Streaming(type: LOCAL GATHER dop: 1/16)", "Parent Relationship": "Outer", "Startup Cost": 0.0, "Total Cost": 18495.43, "Plan Rows": 3081, "Plan Width": 8, "Plans": [{"Node Type": "Seq Scan", "Parent Relationship": "Outer", "Relation Name": "movie_companies", "Alias": "mc", "Startup Cost": 0.0, "Total Cost": 18428.93, "Plan Rows": 3081, "Plan Width": 8, "Filter": "(((note)::text ~~ '%(theatrical)%'::text) AND ((note)::text ~~ '%(France)%'::text))"}]}]}]}, {"Node Type": "Index Scan", "Parent Relationship": "Inner", "Scan Direction": "Forward", "Index Name": "title_pkey", "Relation Name": "title", "Alias": "t", "Startup Cost": 0.0, "Total Cost": 7.53, "Plan Rows": 1, "Plan Width": 21, "Index Cond": "(id = mc.movie_id)", "Filter": "(production_year > 2005)"}]}, {"Node Type": "Index Scan", "Parent Relationship": "Inner", "Scan Direction": "Forward", "Index Name": "movie_id_movie_info", "Relation Name": "movie_info", "Alias": "mi", "Startup Cost": 0.0, "Total Cost": 1.21, "Plan Rows": 1, "Plan Width": 8, "Index Cond": "(movie_id = t.id)", "Filter": "((info)::text = ANY ('{Sweden,Norway,Germany,Denmark,Swedish,Denish,Norwegian,German}'::text[]))"}]}]}]}]}, "Unique SQL Id": 2510907716, "Planner Runtime": 5}, "explain_analyze_plan": {"Plan": {"Node Type": "Aggregate", "Strategy": "Plain", "Startup Cost": 32572.27, "Total Cost": 32572.28, "Plan Rows": 1, "Plan Width": 49, "Actual Min Startup Time": 98.159, "Actual Max Startup Time": 98.159, "Actual Min Total Time": 98.16, "Actual Max Total Time": 98.16, "Plans": [{"Node Type": "Merge Join", "Parent Relationship": "Outer", "Join Type": "Inner", "Startup Cost": 32536.85, "Total Cost": 32567.48, "Plan Rows": 1919, "Plan Width": 17, "Actual Min Startup Time": 98.15, "Actual Max Startup Time": 98.15, "Actual Min Total Time": 98.15, "Actual Max Total Time": 98.15, "Inner Unique": false, "Merge Cond": "(it.id = mi.info_type_id)", "Plans": [{"Node Type": "Index Only Scan", "Parent Relationship": "Outer", "Scan Direction": "Forward", "Index Name": "info_type_pkey", "Relation Name": "info_type", "Alias": "it", "Startup Cost": 0.0, "Total Cost": 2.12, "Plan Rows": 112, "Plan Width": 4, "Actual Min Startup Time": 0.017, "Actual Max Startup Time": 0.017, "Actual Min Total Time": 0.017, "Actual Max Total Time": 0.017, "Heap Fetches": 0, "Actual Rows": 1}, {"Node Type": "Sort", "Parent Relationship": "Inner", "Startup Cost": 32536.33, "Total Cost": 32541.13, "Plan Rows": 1919, "Plan Width": 21, "Actual Min Startup Time": 98.118, "Actual Max Startup Time": 98.118, "Actual Min Total Time": 98.118, "Actual Max Total Time": 98.118, "Sort Key": ["mi.info_type_id"], "Sort Method": "quicksort", "Sort Space Min Used": 25, "Sort Space Max Used": 25, "Sort Space Type": "Memory", "Plans": [{"Node Type": "Nested Loop", "Parent Relationship": "Outer", "Join Type": "Inner", "Startup Cost": 0.0, "Total Cost": 32431.69, "Plan Rows": 1919, "Plan Width": 21, "Actual Min Startup Time": 98.101, "Actual Max Startup Time": 98.101, "Actual Min Total Time": 98.101, "Actual Max Total Time": 98.101, "Inner Unique": false, "Plans": [{"Node Type": "Nested Loop", "Parent Relationship": "Outer", "Join Type": "Inner", "Startup Cost": 0.0, "Total Cost": 30152.4, "Plan Rows": 1869, "Plan Width": 25, "Actual Min Startup Time": 98.1, "Actual Max Startup Time": 98.1, "Actual Min Total Time": 98.1, "Actual Max Total Time": 98.1, "Inner Unique": true, "Plans": [{"Node Type": "Nested Loop", "Parent Relationship": "Outer", "Join Type": "Inner", "Startup Cost": 0.0, "Total Cost": 18534.98, "Plan Rows": 1540, "Plan Width": 4, "Actual Min Startup Time": 98.1, "Actual Max Startup Time": 98.1, "Actual Min Total Time": 98.1, "Actual Max Total Time": 98.1, "Inner Unique": false, "Join Filter": "(ct.id = mc.company_type_id)", "Rows Removed by Join Filter": 24025, "Plans": [{"Node Type": "Seq Scan", "Parent Relationship": "Outer", "Relation Name": "company_type", "Alias": "ct", "Startup Cost": 0.0, "Total Cost": 1.04, "Plan Rows": 1, "Plan Width": 4, "Actual Min Startup Time": 0.044, "Actual Max Startup Time": 0.044, "Actual Min Total Time": 0.048, "Actual Max Total Time": 0.048, "Filter": "((kind)::text = 'production companies'::text)", "Rows Removed by Filter": 2, "Actual Rows": 1}, {"Node Type": "Materialize", "Parent Relationship": "Inner", "Startup Cost": 0.0, "Total Cost": 18503.13, "Plan Rows": 3081, "Plan Width": 8, "Actual Min Startup Time": 90.018, "Actual Max Startup Time": 90.018, "Actual Min Total Time": 92.853, "Actual Max Total Time": 92.853, "Plans": [{"Node Type": "Streaming(type: LOCAL GATHER dop: 1/16)", "Parent Relationship": "Outer", "Startup Cost": 0.0, "Total Cost": 18495.43, "Plan Rows": 3081, "Plan Width": 8, "Actual Min Startup Time": 30.799, "Actual Max Startup Time": 30.799, "Actual Min Total Time": 86.302, "Actual Max Total Time": 86.302, "Plans": [{"Node Type": "Seq Scan", "Parent Relationship": "Outer", "Relation Name": "movie_companies", "Alias": "mc", "Startup Cost": 0.0, "Total Cost": 18428.93, "Plan Rows": 3081, "Plan Width": 8, "Actual Min Startup Time": 0.916, "Actual Max Startup Time": 12.759, "Actual Min Total Time": 60.141, "Actual Max Total Time": 66.575, "Filter": "(((note)::text ~~ '%(theatrical)%'::text) AND ((note)::text ~~ '%(France)%'::text))", "Rows Removed by Filter": 2585103, "Actual Rows": 24025}], "Actual Rows": 24025}], "Actual Rows": 24026}], "Actual Rows": 0}, {"Node Type": "Index Scan", "Parent Relationship": "Inner", "Scan Direction": "Forward", "Index Name": "title_pkey", "Relation Name": "title", "Alias": "t", "Startup Cost": 0.0, "Total Cost": 7.53, "Plan Rows": 1, "Plan Width": 21, "Actual Startup Time": 0.0, "Actual Total Time": 0.0, "Index Cond": "(id = mc.movie_id)", "Rows Removed by Index Recheck": 0, "Filter": "(production_year > 2005)", "Rows Removed by Filter": 0}], "Actual Rows": 0}, {"Node Type": "Index Scan", "Parent Relationship": "Inner", "Scan Direction": "Forward", "Index Name": "movie_id_movie_info", "Relation Name": "movie_info", "Alias": "mi", "Startup Cost": 0.0, "Total Cost": 1.21, "Plan Rows": 1, "Plan Width": 8, "Actual Startup Time": 0.0, "Actual Total Time": 0.0, "Index Cond": "(movie_id = t.id)", "Rows Removed by Index Recheck": 0, "Filter": "((info)::text = ANY ('{Sweden,Norway,Germany,Denmark,Swedish,Denish,Norwegian,German}'::text[]))", "Rows Removed by Filter": 0}], "Actual Rows": 0}], "Actual Rows": 0}], "Actual Rows": 0}], "Actual Rows": 1}, "Triggers": [], "Planner Runtime": 5.667, "Total Runtime": 100.72, "Unique SQL Id": 2510907716}}, "(16, '17')": {"explain_plan": {"Plan": {"Node Type": "Aggregate", "Strategy": "Plain", "Startup Cost": 99093.2, "Total Cost": 99093.21, "Plan Rows": 1, "Plan Width": 49, "Plans": [{"Node Type": "Nested Loop", "Parent Relationship": "Outer", "Join Type": "Inner", "Startup Cost": 0.0, "Total Cost": 99088.4, "Plan Rows": 1919, "Plan Width": 17, "Inner Unique": true, "Plans": [{"Node Type": "Nested Loop", "Parent Relationship": "Outer", "Join Type": "Inner", "Startup Cost": 0.0, "Total Cost": 98550.97, "Plan Rows": 1919, "Plan Width": 21, "Inner Unique": false, "Plans": [{"Node Type": "Nested Loop", "Parent Relationship": "Outer", "Join Type": "Inner", "Startup Cost": 0.0, "Total Cost": 96271.68, "Plan Rows": 1869, "Plan Width": 25, "Inner Unique": true, "Plans": [{"Node Type": "Nested Loop", "Parent Relationship": "Outer", "Join Type": "Inner", "Startup Cost": 0.0, "Total Cost": 84654.26, "Plan Rows": 1540, "Plan Width": 4, "Inner Unique": false, "Join Filter": "(ct.id = mc.company_type_id)", "Plans": [{"Node Type": "Index Scan", "Parent Relationship": "Outer", "Scan Direction": "Forward", "Index Name": "company_type_pkey", "Relation Name": "company_type", "Alias": "ct", "Startup Cost": 0.0, "Total Cost": 12.3, "Plan Rows": 1, "Plan Width": 4, "Filter": "((kind)::text = 'production companies'::text)"}, {"Node Type": "Materialize", "Parent Relationship": "Inner", "Startup Cost": 0.0, "Total Cost": 84611.14, "Plan Rows": 3081, "Plan Width": 8, "Plans": [{"Node Type": "Streaming(type: LOCAL GATHER dop: 1/16)", "Parent Relationship": "Outer", "Startup Cost": 0.0, "Total Cost": 84603.44, "Plan Rows": 3081, "Plan Width": 8, "Plans": [{"Node Type": "Index Scan", "Parent Relationship": "Outer", "Scan Direction": "Forward", "Index Name": "company_type_id_movie_companies", "Relation Name": "movie_companies", "Alias": "mc", "Startup Cost": 0.0, "Total Cost": 84536.95, "Plan Rows": 3081, "Plan Width": 8, "Filter": "(((note)::text ~~ '%(theatrical)%'::text) AND ((note)::text ~~ '%(France)%'::text))"}]}]}]}, {"Node Type": "Index Scan", "Parent Relationship": "Inner", "Scan Direction": "Forward", "Index Name": "title_pkey", "Relation Name": "title", "Alias": "t", "Startup Cost": 0.0, "Total Cost": 7.53, "Plan Rows": 1, "Plan Width": 21, "Index Cond": "(id = mc.movie_id)", "Filter": "(production_year > 2005)"}]}, {"Node Type": "Index Scan", "Parent Relationship": "Inner", "Scan Direction": "Forward", "Index Name": "movie_id_movie_info", "Relation Name": "movie_info", "Alias": "mi", "Startup Cost": 0.0, "Total Cost": 1.21, "Plan Rows": 1, "Plan Width": 8, "Index Cond": "(movie_id = t.id)", "Filter": "((info)::text = ANY ('{Sweden,Norway,Germany,Denmark,Swedish,Denish,Norwegian,German}'::text[]))"}]}, {"Node Type": "Index Only Scan", "Parent Relationship": "Inner", "Scan Direction": "Forward", "Index Name": "info_type_pkey", "Relation Name": "info_type", "Alias": "it", "Startup Cost": 0.0, "Total Cost": 0.27, "Plan Rows": 1, "Plan Width": 4, "Index Cond": "(id = mi.info_type_id)"}]}]}, "Unique SQL Id": 2510907716, "Planner Runtime": 6}, "explain_analyze_plan": {"Plan": {"Node Type": "Aggregate", "Strategy": "Plain", "Startup Cost": 99093.2, "Total Cost": 99093.21, "Plan Rows": 1, "Plan Width": 49, "Actual Min Startup Time": 178.703, "Actual Max Startup Time": 178.703, "Actual Min Total Time": 178.704, "Actual Max Total Time": 178.704, "Plans": [{"Node Type": "Nested Loop", "Parent Relationship": "Outer", "Join Type": "Inner", "Startup Cost": 0.0, "Total Cost": 99088.4, "Plan Rows": 1919, "Plan Width": 17, "Actual Min Startup Time": 178.694, "Actual Max Startup Time": 178.694, "Actual Min Total Time": 178.694, "Actual Max Total Time": 178.694, "Inner Unique": true, "Plans": [{"Node Type": "Nested Loop", "Parent Relationship": "Outer", "Join Type": "Inner", "Startup Cost": 0.0, "Total Cost": 98550.97, "Plan Rows": 1919, "Plan Width": 21, "Actual Min Startup Time": 178.693, "Actual Max Startup Time": 178.693, "Actual Min Total Time": 178.693, "Actual Max Total Time": 178.693, "Inner Unique": false, "Plans": [{"Node Type": "Nested Loop", "Parent Relationship": "Outer", "Join Type": "Inner", "Startup Cost": 0.0, "Total Cost": 96271.68, "Plan Rows": 1869, "Plan Width": 25, "Actual Min Startup Time": 178.691, "Actual Max Startup Time": 178.691, "Actual Min Total Time": 178.691, "Actual Max Total Time": 178.691, "Inner Unique": true, "Plans": [{"Node Type": "Nested Loop", "Parent Relationship": "Outer", "Join Type": "Inner", "Startup Cost": 0.0, "Total Cost": 84654.26, "Plan Rows": 1540, "Plan Width": 4, "Actual Min Startup Time": 178.691, "Actual Max Startup Time": 178.691, "Actual Min Total Time": 178.691, "Actual Max Total Time": 178.691, "Inner Unique": false, "Join Filter": "(ct.id = mc.company_type_id)", "Rows Removed by Join Filter": 24025, "Plans": [{"Node Type": "Index Scan", "Parent Relationship": "Outer", "Scan Direction": "Forward", "Index Name": "company_type_pkey", "Relation Name": "company_type", "Alias": "ct", "Startup Cost": 0.0, "Total Cost": 12.3, "Plan Rows": 1, "Plan Width": 4, "Actual Min Startup Time": 0.041, "Actual Max Startup Time": 0.041, "Actual Min Total Time": 0.049, "Actual Max Total Time": 0.049, "Filter": "((kind)::text = 'production companies'::text)", "Rows Removed by Filter": 2, "Actual Rows": 1}, {"Node Type": "Materialize", "Parent Relationship": "Inner", "Startup Cost": 0.0, "Total Cost": 84611.14, "Plan Rows": 3081, "Plan Width": 8, "Actual Min Startup Time": 170.586, "Actual Max Startup Time": 170.586, "Actual Min Total Time": 173.382, "Actual Max Total Time": 173.382, "Plans": [{"Node Type": "Streaming(type: LOCAL GATHER dop: 1/16)", "Parent Relationship": "Outer", "Startup Cost": 0.0, "Total Cost": 84603.44, "Plan Rows": 3081, "Plan Width": 8, "Actual Min Startup Time": 31.969, "Actual Max Startup Time": 31.969, "Actual Min Total Time": 166.687, "Actual Max Total Time": 166.687, "Plans": [{"Node Type": "Index Scan", "Parent Relationship": "Outer", "Scan Direction": "Forward", "Index Name": "company_type_id_movie_companies", "Relation Name": "movie_companies", "Alias": "mc", "Startup Cost": 0.0, "Total Cost": 84536.95, "Plan Rows": 3081, "Plan Width": 8, "Actual Min Startup Time": 13.763, "Actual Max Startup Time": 86.987, "Actual Min Total Time": 85.513, "Actual Max Total Time": 148.739, "Filter": "(((note)::text ~~ '%(theatrical)%'::text) AND ((note)::text ~~ '%(France)%'::text))", "Rows Removed by Filter": 2585103, "Actual Rows": 24025}], "Actual Rows": 24025}], "Actual Rows": 24026}], "Actual Rows": 0}, {"Node Type": "Index Scan", "Parent Relationship": "Inner", "Scan Direction": "Forward", "Index Name": "title_pkey", "Relation Name": "title", "Alias": "t", "Startup Cost": 0.0, "Total Cost": 7.53, "Plan Rows": 1, "Plan Width": 21, "Actual Startup Time": 0.0, "Actual Total Time": 0.0, "Index Cond": "(id = mc.movie_id)", "Rows Removed by Index Recheck": 0, "Filter": "(production_year > 2005)", "Rows Removed by Filter": 0}], "Actual Rows": 0}, {"Node Type": "Index Scan", "Parent Relationship": "Inner", "Scan Direction": "Forward", "Index Name": "movie_id_movie_info", "Relation Name": "movie_info", "Alias": "mi", "Startup Cost": 0.0, "Total Cost": 1.21, "Plan Rows": 1, "Plan Width": 8, "Actual Startup Time": 0.0, "Actual Total Time": 0.0, "Index Cond": "(movie_id = t.id)", "Rows Removed by Index Recheck": 0, "Filter": "((info)::text = ANY ('{Sweden,Norway,Germany,Denmark,Swedish,Denish,Norwegian,German}'::text[]))", "Rows Removed by Filter": 0}], "Actual Rows": 0}, {"Node Type": "Index Only Scan", "Parent Relationship": "Inner", "Scan Direction": "Forward", "Index Name": "info_type_pkey", "Relation Name": "info_type", "Alias": "it", "Startup Cost": 0.0, "Total Cost": 0.27, "Plan Rows": 1, "Plan Width": 4, "Actual Startup Time": 0.0, "Actual Total Time": 0.0, "Index Cond": "(id = mi.info_type_id)", "Rows Removed by Index Recheck": 0, "Heap Fetches": 0}], "Actual Rows": 0}], "Actual Rows": 1}, "Triggers": [], "Planner Runtime": 9.112, "Total Runtime": 181.21, "Unique SQL Id": 2510907716}}, "(16, '18')": {"explain_plan": {"Plan": {"Node Type": "Aggregate", "Strategy": "Plain", "Startup Cost": 39219.32, "Total Cost": 39219.33, "Plan Rows": 1, "Plan Width": 49, "Plans": [{"Node Type": "Merge Join", "Parent Relationship": "Outer", "Join Type": "Inner", "Startup Cost": 39185.71, "Total Cost": 39214.53, "Plan Rows": 1919, "Plan Width": 17, "Inner Unique": false, "Merge Cond": "(it.id = mi.info_type_id)", "Plans": [{"Node Type": "Sort", "Parent Relationship": "Outer", "Startup Cost": 5.93, "Total Cost": 6.21, "Plan Rows": 112, "Plan Width": 4, "Sort Key": ["it.id"], "Plans": [{"Node Type": "Seq Scan", "Parent Relationship": "Outer", "Relation Name": "info_type", "Alias": "it", "Startup Cost": 0.0, "Total Cost": 2.12, "Plan Rows": 112, "Plan Width": 4}]}, {"Node Type": "Sort", "Parent Relationship": "Inner", "Startup Cost": 39179.26, "Total Cost": 39184.06, "Plan Rows": 1919, "Plan Width": 21, "Sort Key": ["mi.info_type_id"], "Plans": [{"Node Type": "Nested Loop", "Parent Relationship": "Outer", "Join Type": "Inner", "Startup Cost": 4.2, "Total Cost": 39074.61, "Plan Rows": 1919, "Plan Width": 21, "Inner Unique": false, "Plans": [{"Node Type": "Nested Loop", "Parent Relationship": "Outer", "Join Type": "Inner", "Startup Cost": 3.69, "Total Cost": 30412.7, "Plan Rows": 1869, "Plan Width": 25, "Inner Unique": true, "Plans": [{"Node Type": "Nested Loop", "Parent Relationship": "Outer", "Join Type": "Inner", "Startup Cost": 0.0, "Total Cost": 18534.98, "Plan Rows": 1540, "Plan Width": 4, "Inner Unique": false, "Join Filter": "(ct.id = mc.company_type_id)", "Plans": [{"Node Type": "Seq Scan", "Parent Relationship": "Outer", "Relation Name": "company_type", "Alias": "ct", "Startup Cost": 0.0, "Total Cost": 1.04, "Plan Rows": 1, "Plan Width": 4, "Filter": "((kind)::text = 'production companies'::text)"}, {"Node Type": "Materialize", "Parent Relationship": "Inner", "Startup Cost": 0.0, "Total Cost": 18503.13, "Plan Rows": 3081, "Plan Width": 8, "Plans": [{"Node Type": "Streaming(type: LOCAL GATHER dop: 1/16)", "Parent Relationship": "Outer", "Startup Cost": 0.0, "Total Cost": 18495.43, "Plan Rows": 3081, "Plan Width": 8, "Plans": [{"Node Type": "Seq Scan", "Parent Relationship": "Outer", "Relation Name": "movie_companies", "Alias": "mc", "Startup Cost": 0.0, "Total Cost": 18428.93, "Plan Rows": 3081, "Plan Width": 8, "Filter": "(((note)::text ~~ '%(theatrical)%'::text) AND ((note)::text ~~ '%(France)%'::text))"}]}]}]}, {"Node Type": "Bitmap Heap Scan", "Parent Relationship": "Inner", "Relation Name": "title", "Alias": "t", "Startup Cost": 3.69, "Total Cost": 7.7, "Plan Rows": 1, "Plan Width": 21, "Recheck Cond": "(id = mc.movie_id)", "Filter": "(production_year > 2005)", "Plans": [{"Node Type": "Bitmap Index Scan", "Parent Relationship": "Outer", "Index Name": "title_pkey", "Startup Cost": 0.0, "Total Cost": 3.69, "Plan Rows": 1, "Plan Width": 0, "Index Cond": "(id = mc.movie_id)"}]}]}, {"Node Type": "Bitmap Heap Scan", "Parent Relationship": "Inner", "Relation Name": "movie_info", "Alias": "mi", "Startup Cost": 0.51, "Total Cost": 4.62, "Plan Rows": 1, "Plan Width": 8, "Recheck Cond": "(movie_id = t.id)", "Filter": "((info)::text = ANY ('{Sweden,Norway,Germany,Denmark,Swedish,Denish,Norwegian,German}'::text[]))", "Plans": [{"Node Type": "Bitmap Index Scan", "Parent Relationship": "Outer", "Index Name": "movie_id_movie_info", "Startup Cost": 0.0, "Total Cost": 0.51, "Plan Rows": 5, "Plan Width": 0, "Index Cond": "(movie_id = t.id)"}]}]}]}]}]}, "Unique SQL Id": 2510907716, "Planner Runtime": 6}, "explain_analyze_plan": {"Plan": {"Node Type": "Aggregate", "Strategy": "Plain", "Startup Cost": 39219.32, "Total Cost": 39219.33, "Plan Rows": 1, "Plan Width": 49, "Actual Min Startup Time": 94.769, "Actual Max Startup Time": 94.769, "Actual Min Total Time": 94.769, "Actual Max Total Time": 94.769, "Plans": [{"Node Type": "Merge Join", "Parent Relationship": "Outer", "Join Type": "Inner", "Startup Cost": 39185.71, "Total Cost": 39214.53, "Plan Rows": 1919, "Plan Width": 17, "Actual Min Startup Time": 94.759, "Actual Max Startup Time": 94.759, "Actual Min Total Time": 94.759, "Actual Max Total Time": 94.759, "Inner Unique": false, "Merge Cond": "(it.id = mi.info_type_id)", "Plans": [{"Node Type": "Sort", "Parent Relationship": "Outer", "Startup Cost": 5.93, "Total Cost": 6.21, "Plan Rows": 112, "Plan Width": 4, "Actual Min Startup Time": 0.105, "Actual Max Startup Time": 0.105, "Actual Min Total Time": 0.105, "Actual Max Total Time": 0.105, "Sort Key": ["it.id"], "Sort Method": "quicksort", "Sort Space Min Used": 32, "Sort Space Max Used": 32, "Sort Space Type": "Memory", "Plans": [{"Node Type": "Seq Scan", "Parent Relationship": "Outer", "Relation Name": "info_type", "Alias": "it", "Startup Cost": 0.0, "Total Cost": 2.12, "Plan Rows": 112, "Plan Width": 4, "Actual Min Startup Time": 0.03, "Actual Max Startup Time": 0.03, "Actual Min Total Time": 0.05, "Actual Max Total Time": 0.05, "Actual Rows": 112}], "Actual Rows": 1}, {"Node Type": "Sort", "Parent Relationship": "Inner", "Startup Cost": 39179.26, "Total Cost": 39184.06, "Plan Rows": 1919, "Plan Width": 21, "Actual Min Startup Time": 94.641, "Actual Max Startup Time": 94.641, "Actual Min Total Time": 94.641, "Actual Max Total Time": 94.641, "Sort Key": ["mi.info_type_id"], "Sort Method": "quicksort", "Sort Space Min Used": 25, "Sort Space Max Used": 25, "Sort Space Type": "Memory", "Plans": [{"Node Type": "Nested Loop", "Parent Relationship": "Outer", "Join Type": "Inner", "Startup Cost": 4.2, "Total Cost": 39074.61, "Plan Rows": 1919, "Plan Width": 21, "Actual Min Startup Time": 94.63, "Actual Max Startup Time": 94.63, "Actual Min Total Time": 94.63, "Actual Max Total Time": 94.63, "Inner Unique": false, "Plans": [{"Node Type": "Nested Loop", "Parent Relationship": "Outer", "Join Type": "Inner", "Startup Cost": 3.69, "Total Cost": 30412.7, "Plan Rows": 1869, "Plan Width": 25, "Actual Min Startup Time": 94.629, "Actual Max Startup Time": 94.629, "Actual Min Total Time": 94.629, "Actual Max Total Time": 94.629, "Inner Unique": true, "Plans": [{"Node Type": "Nested Loop", "Parent Relationship": "Outer", "Join Type": "Inner", "Startup Cost": 0.0, "Total Cost": 18534.98, "Plan Rows": 1540, "Plan Width": 4, "Actual Min Startup Time": 94.628, "Actual Max Startup Time": 94.628, "Actual Min Total Time": 94.628, "Actual Max Total Time": 94.628, "Inner Unique": false, "Join Filter": "(ct.id = mc.company_type_id)", "Rows Removed by Join Filter": 24025, "Plans": [{"Node Type": "Seq Scan", "Parent Relationship": "Outer", "Relation Name": "company_type", "Alias": "ct", "Startup Cost": 0.0, "Total Cost": 1.04, "Plan Rows": 1, "Plan Width": 4, "Actual Min Startup Time": 0.045, "Actual Max Startup Time": 0.045, "Actual Min Total Time": 0.049, "Actual Max Total Time": 0.049, "Filter": "((kind)::text = 'production companies'::text)", "Rows Removed by Filter": 2, "Actual Rows": 1}, {"Node Type": "Materialize", "Parent Relationship": "Inner", "Startup Cost": 0.0, "Total Cost": 18503.13, "Plan Rows": 3081, "Plan Width": 8, "Actual Min Startup Time": 86.432, "Actual Max Startup Time": 86.432, "Actual Min Total Time": 89.405, "Actual Max Total Time": 89.405, "Plans": [{"Node Type": "Streaming(type: LOCAL GATHER dop: 1/16)", "Parent Relationship": "Outer", "Startup Cost": 0.0, "Total Cost": 18495.43, "Plan Rows": 3081, "Plan Width": 8, "Actual Min Startup Time": 27.622, "Actual Max Startup Time": 27.622, "Actual Min Total Time": 82.729, "Actual Max Total Time": 82.729, "Plans": [{"Node Type": "Seq Scan", "Parent Relationship": "Outer", "Relation Name": "movie_companies", "Alias": "mc", "Startup Cost": 0.0, "Total Cost": 18428.93, "Plan Rows": 3081, "Plan Width": 8, "Actual Min Startup Time": 0.906, "Actual Max Startup Time": 12.842, "Actual Min Total Time": 60.159, "Actual Max Total Time": 66.503, "Filter": "(((note)::text ~~ '%(theatrical)%'::text) AND ((note)::text ~~ '%(France)%'::text))", "Rows Removed by Filter": 2585103, "Actual Rows": 24025}], "Actual Rows": 24025}], "Actual Rows": 24026}], "Actual Rows": 0}, {"Node Type": "Bitmap Heap Scan", "Parent Relationship": "Inner", "Relation Name": "title", "Alias": "t", "Startup Cost": 3.69, "Total Cost": 7.7, "Plan Rows": 1, "Plan Width": 21, "Actual Startup Time": 0.0, "Actual Total Time": 0.0, "Recheck Cond": "(id = mc.movie_id)", "Rows Removed by Index Recheck": 0, "Filter": "(production_year > 2005)", "Rows Removed by Filter": 0, "Exact Heap Blocks": 0, "Lossy Heap Blocks": 0, "Plans": [{"Node Type": "Bitmap Index Scan", "Parent Relationship": "Outer", "Index Name": "title_pkey", "Startup Cost": 0.0, "Total Cost": 3.69, "Plan Rows": 1, "Plan Width": 0, "Actual Startup Time": 0.0, "Actual Total Time": 0.0, "Index Cond": "(id = mc.movie_id)"}]}], "Actual Rows": 0}, {"Node Type": "Bitmap Heap Scan", "Parent Relationship": "Inner", "Relation Name": "movie_info", "Alias": "mi", "Startup Cost": 0.51, "Total Cost": 4.62, "Plan Rows": 1, "Plan Width": 8, "Actual Startup Time": 0.0, "Actual Total Time": 0.0, "Recheck Cond": "(movie_id = t.id)", "Rows Removed by Index Recheck": 0, "Filter": "((info)::text = ANY ('{Sweden,Norway,Germany,Denmark,Swedish,Denish,Norwegian,German}'::text[]))", "Rows Removed by Filter": 0, "Exact Heap Blocks": 0, "Lossy Heap Blocks": 0, "Plans": [{"Node Type": "Bitmap Index Scan", "Parent Relationship": "Outer", "Index Name": "movie_id_movie_info", "Startup Cost": 0.0, "Total Cost": 0.51, "Plan Rows": 5, "Plan Width": 0, "Actual Startup Time": 0.0, "Actual Total Time": 0.0, "Index Cond": "(movie_id = t.id)"}]}], "Actual Rows": 0}], "Actual Rows": 0}], "Actual Rows": 0}], "Actual Rows": 1}, "Triggers": [], "Planner Runtime": 6.664, "Total Runtime": 97.357, "Unique SQL Id": 2510907716}}, "(16, '19')": {"explain_plan": {"Plan": {"Node Type": "Aggregate", "Strategy": "Plain", "Startup Cost": 88224.62, "Total Cost": 88224.63, "Plan Rows": 1, "Plan Width": 49, "Plans": [{"Node Type": "Merge Join", "Parent Relationship": "Outer", "Join Type": "Inner", "Startup Cost": 88191.01, "Total Cost": 88219.83, "Plan Rows": 1919, "Plan Width": 17, "Inner Unique": false, "Merge Cond": "(it.id = mi.info_type_id)", "Plans": [{"Node Type": "Sort", "Parent Relationship": "Outer", "Startup Cost": 17.77, "Total Cost": 18.05, "Plan Rows": 112, "Plan Width": 4, "Sort Key": ["it.id"], "Plans": [{"Node Type": "Bitmap Heap Scan", "Parent Relationship": "Outer", "Relation Name": "info_type", "Alias": "it", "Startup Cost": 8.84, "Total Cost": 13.96, "Plan Rows": 112, "Plan Width": 4, "Plans": [{"Node Type": "Bitmap Index Scan", "Parent Relationship": "Outer", "Index Name": "info_type_pkey", "Startup Cost": 0.0, "Total Cost": 8.81, "Plan Rows": 112, "Plan Width": 0}]}]}, {"Node Type": "Sort", "Parent Relationship": "Inner", "Startup Cost": 88172.72, "Total Cost": 88177.52, "Plan Rows": 1919, "Plan Width": 21, "Sort Key": ["mi.info_type_id"], "Plans": [{"Node Type": "Nested Loop", "Parent Relationship": "Outer", "Join Type": "Inner", "Startup Cost": 28957.33, "Total Cost": 88068.08, "Plan Rows": 1919, "Plan Width": 21, "Inner Unique": false, "Plans": [{"Node Type": "Nested Loop", "Parent Relationship": "Outer", "Join Type": "Inner", "Startup Cost": 28956.82, "Total Cost": 79406.16, "Plan Rows": 1869, "Plan Width": 25, "Inner Unique": true, "Plans": [{"Node Type": "Nested Loop", "Parent Relationship": "Outer", "Join Type": "Inner", "Startup Cost": 28953.13, "Total Cost": 67528.44, "Plan Rows": 1540, "Plan Width": 4, "Inner Unique": false, "Plans": [{"Node Type": "Bitmap Heap Scan", "Parent Relationship": "Outer", "Relation Name": "company_type", "Alias": "ct", "Startup Cost": 8.27, "Total Cost": 12.3, "Plan Rows": 1, "Plan Width": 4, "Filter": "((kind)::text = 'production companies'::text)", "Plans": [{"Node Type": "Bitmap Index Scan", "Parent Relationship": "Outer", "Index Name": "company_type_pkey", "Startup Cost": 0.0, "Total Cost": 8.27, "Plan Rows": 3, "Plan Width": 0}]}, {"Node Type": "Bitmap Heap Scan", "Parent Relationship": "Inner", "Relation Name": "movie_companies", "Alias": "mc", "Startup Cost": 28944.86, "Total Cost": 67500.74, "Plan Rows": 1540, "Plan Width": 8, "Recheck Cond": "(company_type_id = ct.id)", "Filter": "(((note)::text ~~ '%(theatrical)%'::text) AND ((note)::text ~~ '%(France)%'::text))", "Plans": [{"Node Type": "Bitmap Index Scan", "Parent Relationship": "Outer", "Index Name": "company_type_id_movie_companies", "Startup Cost": 0.0, "Total Cost": 28944.48, "Plan Rows": 1304564, "Plan Width": 0, "Index Cond": "(company_type_id = ct.id)"}]}]}, {"Node Type": "Bitmap Heap Scan", "Parent Relationship": "Inner", "Relation Name": "title", "Alias": "t", "Startup Cost": 3.69, "Total Cost": 7.7, "Plan Rows": 1, "Plan Width": 21, "Recheck Cond": "(id = mc.movie_id)", "Filter": "(production_year > 2005)", "Plans": [{"Node Type": "Bitmap Index Scan", "Parent Relationship": "Outer", "Index Name": "title_pkey", "Startup Cost": 0.0, "Total Cost": 3.69, "Plan Rows": 1, "Plan Width": 0, "Index Cond": "(id = mc.movie_id)"}]}]}, {"Node Type": "Bitmap Heap Scan", "Parent Relationship": "Inner", "Relation Name": "movie_info", "Alias": "mi", "Startup Cost": 0.51, "Total Cost": 4.62, "Plan Rows": 1, "Plan Width": 8, "Recheck Cond": "(movie_id = t.id)", "Filter": "((info)::text = ANY ('{Sweden,Norway,Germany,Denmark,Swedish,Denish,Norwegian,German}'::text[]))", "Plans": [{"Node Type": "Bitmap Index Scan", "Parent Relationship": "Outer", "Index Name": "movie_id_movie_info", "Startup Cost": 0.0, "Total Cost": 0.51, "Plan Rows": 5, "Plan Width": 0, "Index Cond": "(movie_id = t.id)"}]}]}]}]}]}, "Unique SQL Id": 2510907716, "Planner Runtime": 7}, "explain_analyze_plan": null}, "(16, '20')": {"explain_plan": {"Plan": {"Node Type": "Aggregate", "Strategy": "Plain", "Startup Cost": 32576.4, "Total Cost": 32576.41, "Plan Rows": 1, "Plan Width": 49, "Plans": [{"Node Type": "Merge Join", "Parent Relationship": "Outer", "Join Type": "Inner", "Startup Cost": 32542.79, "Total Cost": 32571.6, "Plan Rows": 1919, "Plan Width": 17, "Inner Unique": false, "Merge Cond": "(it.id = mi.info_type_id)", "Plans": [{"Node Type": "Sort", "Parent Relationship": "Outer", "Startup Cost": 5.93, "Total Cost": 6.21, "Plan Rows": 112, "Plan Width": 4, "Sort Key": ["it.id"], "Plans": [{"Node Type": "Seq Scan", "Parent Relationship": "Outer", "Relation Name": "info_type", "Alias": "it", "Startup Cost": 0.0, "Total Cost": 2.12, "Plan Rows": 112, "Plan Width": 4}]}, {"Node Type": "Sort", "Parent Relationship": "Inner", "Startup Cost": 32536.33, "Total Cost": 32541.13, "Plan Rows": 1919, "Plan Width": 21, "Sort Key": ["mi.info_type_id"], "Plans": [{"Node Type": "Nested Loop", "Parent Relationship": "Outer", "Join Type": "Inner", "Startup Cost": 0.0, "Total Cost": 32431.69, "Plan Rows": 1919, "Plan Width": 21, "Inner Unique": false, "Plans": [{"Node Type": "Nested Loop", "Parent Relationship": "Outer", "Join Type": "Inner", "Startup Cost": 0.0, "Total Cost": 30152.4, "Plan Rows": 1869, "Plan Width": 25, "Inner Unique": true, "Plans": [{"Node Type": "Nested Loop", "Parent Relationship": "Outer", "Join Type": "Inner", "Startup Cost": 0.0, "Total Cost": 18534.98, "Plan Rows": 1540, "Plan Width": 4, "Inner Unique": false, "Join Filter": "(ct.id = mc.company_type_id)", "Plans": [{"Node Type": "Seq Scan", "Parent Relationship": "Outer", "Relation Name": "company_type", "Alias": "ct", "Startup Cost": 0.0, "Total Cost": 1.04, "Plan Rows": 1, "Plan Width": 4, "Filter": "((kind)::text = 'production companies'::text)"}, {"Node Type": "Materialize", "Parent Relationship": "Inner", "Startup Cost": 0.0, "Total Cost": 18503.13, "Plan Rows": 3081, "Plan Width": 8, "Plans": [{"Node Type": "Streaming(type: LOCAL GATHER dop: 1/16)", "Parent Relationship": "Outer", "Startup Cost": 0.0, "Total Cost": 18495.43, "Plan Rows": 3081, "Plan Width": 8, "Plans": [{"Node Type": "Seq Scan", "Parent Relationship": "Outer", "Relation Name": "movie_companies", "Alias": "mc", "Startup Cost": 0.0, "Total Cost": 18428.93, "Plan Rows": 3081, "Plan Width": 8, "Filter": "(((note)::text ~~ '%(theatrical)%'::text) AND ((note)::text ~~ '%(France)%'::text))"}]}]}]}, {"Node Type": "Index Scan", "Parent Relationship": "Inner", "Scan Direction": "Forward", "Index Name": "title_pkey", "Relation Name": "title", "Alias": "t", "Startup Cost": 0.0, "Total Cost": 7.53, "Plan Rows": 1, "Plan Width": 21, "Index Cond": "(id = mc.movie_id)", "Filter": "(production_year > 2005)"}]}, {"Node Type": "Index Scan", "Parent Relationship": "Inner", "Scan Direction": "Forward", "Index Name": "movie_id_movie_info", "Relation Name": "movie_info", "Alias": "mi", "Startup Cost": 0.0, "Total Cost": 1.21, "Plan Rows": 1, "Plan Width": 8, "Index Cond": "(movie_id = t.id)", "Filter": "((info)::text = ANY ('{Sweden,Norway,Germany,Denmark,Swedish,Denish,Norwegian,German}'::text[]))"}]}]}]}]}, "Unique SQL Id": 2510907716, "Planner Runtime": 6}, "explain_analyze_plan": {"Plan": {"Node Type": "Aggregate", "Strategy": "Plain", "Startup Cost": 32576.4, "Total Cost": 32576.41, "Plan Rows": 1, "Plan Width": 49, "Actual Min Startup Time": 111.527, "Actual Max Startup Time": 111.527, "Actual Min Total Time": 111.527, "Actual Max Total Time": 111.527, "Plans": [{"Node Type": "Merge Join", "Parent Relationship": "Outer", "Join Type": "Inner", "Startup Cost": 32542.79, "Total Cost": 32571.6, "Plan Rows": 1919, "Plan Width": 17, "Actual Min Startup Time": 111.521, "Actual Max Startup Time": 111.521, "Actual Min Total Time": 111.521, "Actual Max Total Time": 111.521, "Inner Unique": false, "Merge Cond": "(it.id = mi.info_type_id)", "Plans": [{"Node Type": "Sort", "Parent Relationship": "Outer", "Startup Cost": 5.93, "Total Cost": 6.21, "Plan Rows": 112, "Plan Width": 4, "Actual Min Startup Time": 0.115, "Actual Max Startup Time": 0.115, "Actual Min Total Time": 0.115, "Actual Max Total Time": 0.115, "Sort Key": ["it.id"], "Sort Method": "quicksort", "Sort Space Min Used": 32, "Sort Space Max Used": 32, "Sort Space Type": "Memory", "Plans": [{"Node Type": "Seq Scan", "Parent Relationship": "Outer", "Relation Name": "info_type", "Alias": "it", "Startup Cost": 0.0, "Total Cost": 2.12, "Plan Rows": 112, "Plan Width": 4, "Actual Min Startup Time": 0.046, "Actual Max Startup Time": 0.046, "Actual Min Total Time": 0.058, "Actual Max Total Time": 0.058, "Actual Rows": 112}], "Actual Rows": 1}, {"Node Type": "Sort", "Parent Relationship": "Inner", "Startup Cost": 32536.33, "Total Cost": 32541.13, "Plan Rows": 1919, "Plan Width": 21, "Actual Min Startup Time": 111.388, "Actual Max Startup Time": 111.388, "Actual Min Total Time": 111.388, "Actual Max Total Time": 111.388, "Sort Key": ["mi.info_type_id"], "Sort Method": "quicksort", "Sort Space Min Used": 25, "Sort Space Max Used": 25, "Sort Space Type": "Memory", "Plans": [{"Node Type": "Nested Loop", "Parent Relationship": "Outer", "Join Type": "Inner", "Startup Cost": 0.0, "Total Cost": 32431.69, "Plan Rows": 1919, "Plan Width": 21, "Actual Min Startup Time": 111.382, "Actual Max Startup Time": 111.382, "Actual Min Total Time": 111.382, "Actual Max Total Time": 111.382, "Inner Unique": false, "Plans": [{"Node Type": "Nested Loop", "Parent Relationship": "Outer", "Join Type": "Inner", "Startup Cost": 0.0, "Total Cost": 30152.4, "Plan Rows": 1869, "Plan Width": 25, "Actual Min Startup Time": 111.38, "Actual Max Startup Time": 111.38, "Actual Min Total Time": 111.38, "Actual Max Total Time": 111.38, "Inner Unique": true, "Plans": [{"Node Type": "Nested Loop", "Parent Relationship": "Outer", "Join Type": "Inner", "Startup Cost": 0.0, "Total Cost": 18534.98, "Plan Rows": 1540, "Plan Width": 4, "Actual Min Startup Time": 111.379, "Actual Max Startup Time": 111.379, "Actual Min Total Time": 111.379, "Actual Max Total Time": 111.379, "Inner Unique": false, "Join Filter": "(ct.id = mc.company_type_id)", "Rows Removed by Join Filter": 24025, "Plans": [{"Node Type": "Seq Scan", "Parent Relationship": "Outer", "Relation Name": "company_type", "Alias": "ct", "Startup Cost": 0.0, "Total Cost": 1.04, "Plan Rows": 1, "Plan Width": 4, "Actual Min Startup Time": 0.035, "Actual Max Startup Time": 0.035, "Actual Min Total Time": 0.038, "Actual Max Total Time": 0.038, "Filter": "((kind)::text = 'production companies'::text)", "Rows Removed by Filter": 2, "Actual Rows": 1}, {"Node Type": "Materialize", "Parent Relationship": "Inner", "Startup Cost": 0.0, "Total Cost": 18503.13, "Plan Rows": 3081, "Plan Width": 8, "Actual Min Startup Time": 102.433, "Actual Max Startup Time": 102.433, "Actual Min Total Time": 106.02, "Actual Max Total Time": 106.02, "Plans": [{"Node Type": "Streaming(type: LOCAL GATHER dop: 1/16)", "Parent Relationship": "Outer", "Startup Cost": 0.0, "Total Cost": 18495.43, "Plan Rows": 3081, "Plan Width": 8, "Actual Min Startup Time": 27.916, "Actual Max Startup Time": 27.916, "Actual Min Total Time": 98.506, "Actual Max Total Time": 98.506, "Plans": [{"Node Type": "Seq Scan", "Parent Relationship": "Outer", "Relation Name": "movie_companies", "Alias": "mc", "Startup Cost": 0.0, "Total Cost": 18428.93, "Plan Rows": 3081, "Plan Width": 8, "Actual Min Startup Time": 0.943, "Actual Max Startup Time": 13.41, "Actual Min Total Time": 62.825, "Actual Max Total Time": 69.298, "Filter": "(((note)::text ~~ '%(theatrical)%'::text) AND ((note)::text ~~ '%(France)%'::text))", "Rows Removed by Filter": 2585103, "Actual Rows": 24025}], "Actual Rows": 24025}], "Actual Rows": 24026}], "Actual Rows": 0}, {"Node Type": "Index Scan", "Parent Relationship": "Inner", "Scan Direction": "Forward", "Index Name": "title_pkey", "Relation Name": "title", "Alias": "t", "Startup Cost": 0.0, "Total Cost": 7.53, "Plan Rows": 1, "Plan Width": 21, "Actual Startup Time": 0.0, "Actual Total Time": 0.0, "Index Cond": "(id = mc.movie_id)", "Rows Removed by Index Recheck": 0, "Filter": "(production_year > 2005)", "Rows Removed by Filter": 0}], "Actual Rows": 0}, {"Node Type": "Index Scan", "Parent Relationship": "Inner", "Scan Direction": "Forward", "Index Name": "movie_id_movie_info", "Relation Name": "movie_info", "Alias": "mi", "Startup Cost": 0.0, "Total Cost": 1.21, "Plan Rows": 1, "Plan Width": 8, "Actual Startup Time": 0.0, "Actual Total Time": 0.0, "Index Cond": "(movie_id = t.id)", "Rows Removed by Index Recheck": 0, "Filter": "((info)::text = ANY ('{Sweden,Norway,Germany,Denmark,Swedish,Denish,Norwegian,German}'::text[]))", "Rows Removed by Filter": 0}], "Actual Rows": 0}], "Actual Rows": 0}], "Actual Rows": 0}], "Actual Rows": 1}, "Triggers": [], "Planner Runtime": 5.622, "Total Runtime": 114.799, "Unique SQL Id": 2510907716}}, "(16, '21')": {"explain_plan": {"Plan": {"Node Type": "Aggregate", "Strategy": "Plain", "Startup Cost": 99093.25, "Total Cost": 99093.26, "Plan Rows": 1, "Plan Width": 49, "Plans": [{"Node Type": "Nested Loop", "Parent Relationship": "Outer", "Join Type": "Inner", "Startup Cost": 0.0, "Total Cost": 99088.45, "Plan Rows": 1919, "Plan Width": 17, "Inner Unique": true, "Plans": [{"Node Type": "Nested Loop", "Parent Relationship": "Outer", "Join Type": "Inner", "Startup Cost": 0.0, "Total Cost": 98550.97, "Plan Rows": 1919, "Plan Width": 21, "Inner Unique": false, "Plans": [{"Node Type": "Nested Loop", "Parent Relationship": "Outer", "Join Type": "Inner", "Startup Cost": 0.0, "Total Cost": 96271.68, "Plan Rows": 1869, "Plan Width": 25, "Inner Unique": true, "Plans": [{"Node Type": "Nested Loop", "Parent Relationship": "Outer", "Join Type": "Inner", "Startup Cost": 0.0, "Total Cost": 84654.26, "Plan Rows": 1540, "Plan Width": 4, "Inner Unique": false, "Join Filter": "(ct.id = mc.company_type_id)", "Plans": [{"Node Type": "Index Scan", "Parent Relationship": "Outer", "Scan Direction": "Forward", "Index Name": "company_type_pkey", "Relation Name": "company_type", "Alias": "ct", "Startup Cost": 0.0, "Total Cost": 12.3, "Plan Rows": 1, "Plan Width": 4, "Filter": "((kind)::text = 'production companies'::text)"}, {"Node Type": "Materialize", "Parent Relationship": "Inner", "Startup Cost": 0.0, "Total Cost": 84611.14, "Plan Rows": 3081, "Plan Width": 8, "Plans": [{"Node Type": "Streaming(type: LOCAL GATHER dop: 1/16)", "Parent Relationship": "Outer", "Startup Cost": 0.0, "Total Cost": 84603.44, "Plan Rows": 3081, "Plan Width": 8, "Plans": [{"Node Type": "Index Scan", "Parent Relationship": "Outer", "Scan Direction": "Forward", "Index Name": "company_type_id_movie_companies", "Relation Name": "movie_companies", "Alias": "mc", "Startup Cost": 0.0, "Total Cost": 84536.95, "Plan Rows": 3081, "Plan Width": 8, "Filter": "(((note)::text ~~ '%(theatrical)%'::text) AND ((note)::text ~~ '%(France)%'::text))"}]}]}]}, {"Node Type": "Index Scan", "Parent Relationship": "Inner", "Scan Direction": "Forward", "Index Name": "title_pkey", "Relation Name": "title", "Alias": "t", "Startup Cost": 0.0, "Total Cost": 7.53, "Plan Rows": 1, "Plan Width": 21, "Index Cond": "(id = mc.movie_id)", "Filter": "(production_year > 2005)"}]}, {"Node Type": "Index Scan", "Parent Relationship": "Inner", "Scan Direction": "Forward", "Index Name": "movie_id_movie_info", "Relation Name": "movie_info", "Alias": "mi", "Startup Cost": 0.0, "Total Cost": 1.21, "Plan Rows": 1, "Plan Width": 8, "Index Cond": "(movie_id = t.id)", "Filter": "((info)::text = ANY ('{Sweden,Norway,Germany,Denmark,Swedish,Denish,Norwegian,German}'::text[]))"}]}, {"Node Type": "Index Scan", "Parent Relationship": "Inner", "Scan Direction": "Forward", "Index Name": "info_type_pkey", "Relation Name": "info_type", "Alias": "it", "Startup Cost": 0.0, "Total Cost": 0.27, "Plan Rows": 1, "Plan Width": 4, "Index Cond": "(id = mi.info_type_id)"}]}]}, "Unique SQL Id": 2510907716, "Planner Runtime": 6}, "explain_analyze_plan": {"Plan": {"Node Type": "Aggregate", "Strategy": "Plain", "Startup Cost": 99093.25, "Total Cost": 99093.26, "Plan Rows": 1, "Plan Width": 49, "Actual Min Startup Time": 179.842, "Actual Max Startup Time": 179.842, "Actual Min Total Time": 179.843, "Actual Max Total Time": 179.843, "Plans": [{"Node Type": "Nested Loop", "Parent Relationship": "Outer", "Join Type": "Inner", "Startup Cost": 0.0, "Total Cost": 99088.45, "Plan Rows": 1919, "Plan Width": 17, "Actual Min Startup Time": 179.832, "Actual Max Startup Time": 179.832, "Actual Min Total Time": 179.832, "Actual Max Total Time": 179.832, "Inner Unique": true, "Plans": [{"Node Type": "Nested Loop", "Parent Relationship": "Outer", "Join Type": "Inner", "Startup Cost": 0.0, "Total Cost": 98550.97, "Plan Rows": 1919, "Plan Width": 21, "Actual Min Startup Time": 179.83, "Actual Max Startup Time": 179.83, "Actual Min Total Time": 179.83, "Actual Max Total Time": 179.83, "Inner Unique": false, "Plans": [{"Node Type": "Nested Loop", "Parent Relationship": "Outer", "Join Type": "Inner", "Startup Cost": 0.0, "Total Cost": 96271.68, "Plan Rows": 1869, "Plan Width": 25, "Actual Min Startup Time": 179.829, "Actual Max Startup Time": 179.829, "Actual Min Total Time": 179.829, "Actual Max Total Time": 179.829, "Inner Unique": true, "Plans": [{"Node Type": "Nested Loop", "Parent Relationship": "Outer", "Join Type": "Inner", "Startup Cost": 0.0, "Total Cost": 84654.26, "Plan Rows": 1540, "Plan Width": 4, "Actual Min Startup Time": 179.828, "Actual Max Startup Time": 179.828, "Actual Min Total Time": 179.828, "Actual Max Total Time": 179.828, "Inner Unique": false, "Join Filter": "(ct.id = mc.company_type_id)", "Rows Removed by Join Filter": 24025, "Plans": [{"Node Type": "Index Scan", "Parent Relationship": "Outer", "Scan Direction": "Forward", "Index Name": "company_type_pkey", "Relation Name": "company_type", "Alias": "ct", "Startup Cost": 0.0, "Total Cost": 12.3, "Plan Rows": 1, "Plan Width": 4, "Actual Min Startup Time": 0.042, "Actual Max Startup Time": 0.042, "Actual Min Total Time": 0.051, "Actual Max Total Time": 0.051, "Filter": "((kind)::text = 'production companies'::text)", "Rows Removed by Filter": 2, "Actual Rows": 1}, {"Node Type": "Materialize", "Parent Relationship": "Inner", "Startup Cost": 0.0, "Total Cost": 84611.14, "Plan Rows": 3081, "Plan Width": 8, "Actual Min Startup Time": 171.715, "Actual Max Startup Time": 171.715, "Actual Min Total Time": 174.54, "Actual Max Total Time": 174.54, "Plans": [{"Node Type": "Streaming(type: LOCAL GATHER dop: 1/16)", "Parent Relationship": "Outer", "Startup Cost": 0.0, "Total Cost": 84603.44, "Plan Rows": 3081, "Plan Width": 8, "Actual Min Startup Time": 33.606, "Actual Max Startup Time": 33.606, "Actual Min Total Time": 167.84, "Actual Max Total Time": 167.84, "Plans": [{"Node Type": "Index Scan", "Parent Relationship": "Outer", "Scan Direction": "Forward", "Index Name": "company_type_id_movie_companies", "Relation Name": "movie_companies", "Alias": "mc", "Startup Cost": 0.0, "Total Cost": 84536.95, "Plan Rows": 3081, "Plan Width": 8, "Actual Min Startup Time": 16.414, "Actual Max Startup Time": 89.105, "Actual Min Total Time": 85.898, "Actual Max Total Time": 151.015, "Filter": "(((note)::text ~~ '%(theatrical)%'::text) AND ((note)::text ~~ '%(France)%'::text))", "Rows Removed by Filter": 2585103, "Actual Rows": 24025}], "Actual Rows": 24025}], "Actual Rows": 24026}], "Actual Rows": 0}, {"Node Type": "Index Scan", "Parent Relationship": "Inner", "Scan Direction": "Forward", "Index Name": "title_pkey", "Relation Name": "title", "Alias": "t", "Startup Cost": 0.0, "Total Cost": 7.53, "Plan Rows": 1, "Plan Width": 21, "Actual Startup Time": 0.0, "Actual Total Time": 0.0, "Index Cond": "(id = mc.movie_id)", "Rows Removed by Index Recheck": 0, "Filter": "(production_year > 2005)", "Rows Removed by Filter": 0}], "Actual Rows": 0}, {"Node Type": "Index Scan", "Parent Relationship": "Inner", "Scan Direction": "Forward", "Index Name": "movie_id_movie_info", "Relation Name": "movie_info", "Alias": "mi", "Startup Cost": 0.0, "Total Cost": 1.21, "Plan Rows": 1, "Plan Width": 8, "Actual Startup Time": 0.0, "Actual Total Time": 0.0, "Index Cond": "(movie_id = t.id)", "Rows Removed by Index Recheck": 0, "Filter": "((info)::text = ANY ('{Sweden,Norway,Germany,Denmark,Swedish,Denish,Norwegian,German}'::text[]))", "Rows Removed by Filter": 0}], "Actual Rows": 0}, {"Node Type": "Index Scan", "Parent Relationship": "Inner", "Scan Direction": "Forward", "Index Name": "info_type_pkey", "Relation Name": "info_type", "Alias": "it", "Startup Cost": 0.0, "Total Cost": 0.27, "Plan Rows": 1, "Plan Width": 4, "Actual Startup Time": 0.0, "Actual Total Time": 0.0, "Index Cond": "(id = mi.info_type_id)", "Rows Removed by Index Recheck": 0}], "Actual Rows": 0}], "Actual Rows": 1}, "Triggers": [], "Planner Runtime": 9.053, "Total Runtime": 182.351, "Unique SQL Id": 2510907716}}, "(16, '22')": {"explain_plan": {"Plan": {"Node Type": "Aggregate", "Strategy": "Plain", "Startup Cost": 39219.32, "Total Cost": 39219.33, "Plan Rows": 1, "Plan Width": 49, "Plans": [{"Node Type": "Merge Join", "Parent Relationship": "Outer", "Join Type": "Inner", "Startup Cost": 39185.71, "Total Cost": 39214.53, "Plan Rows": 1919, "Plan Width": 17, "Inner Unique": false, "Merge Cond": "(it.id = mi.info_type_id)", "Plans": [{"Node Type": "Sort", "Parent Relationship": "Outer", "Startup Cost": 5.93, "Total Cost": 6.21, "Plan Rows": 112, "Plan Width": 4, "Sort Key": ["it.id"], "Plans": [{"Node Type": "Seq Scan", "Parent Relationship": "Outer", "Relation Name": "info_type", "Alias": "it", "Startup Cost": 0.0, "Total Cost": 2.12, "Plan Rows": 112, "Plan Width": 4}]}, {"Node Type": "Sort", "Parent Relationship": "Inner", "Startup Cost": 39179.26, "Total Cost": 39184.06, "Plan Rows": 1919, "Plan Width": 21, "Sort Key": ["mi.info_type_id"], "Plans": [{"Node Type": "Nested Loop", "Parent Relationship": "Outer", "Join Type": "Inner", "Startup Cost": 4.2, "Total Cost": 39074.61, "Plan Rows": 1919, "Plan Width": 21, "Inner Unique": false, "Plans": [{"Node Type": "Nested Loop", "Parent Relationship": "Outer", "Join Type": "Inner", "Startup Cost": 3.69, "Total Cost": 30412.7, "Plan Rows": 1869, "Plan Width": 25, "Inner Unique": true, "Plans": [{"Node Type": "Nested Loop", "Parent Relationship": "Outer", "Join Type": "Inner", "Startup Cost": 0.0, "Total Cost": 18534.98, "Plan Rows": 1540, "Plan Width": 4, "Inner Unique": false, "Join Filter": "(ct.id = mc.company_type_id)", "Plans": [{"Node Type": "Seq Scan", "Parent Relationship": "Outer", "Relation Name": "company_type", "Alias": "ct", "Startup Cost": 0.0, "Total Cost": 1.04, "Plan Rows": 1, "Plan Width": 4, "Filter": "((kind)::text = 'production companies'::text)"}, {"Node Type": "Materialize", "Parent Relationship": "Inner", "Startup Cost": 0.0, "Total Cost": 18503.13, "Plan Rows": 3081, "Plan Width": 8, "Plans": [{"Node Type": "Streaming(type: LOCAL GATHER dop: 1/16)", "Parent Relationship": "Outer", "Startup Cost": 0.0, "Total Cost": 18495.43, "Plan Rows": 3081, "Plan Width": 8, "Plans": [{"Node Type": "Seq Scan", "Parent Relationship": "Outer", "Relation Name": "movie_companies", "Alias": "mc", "Startup Cost": 0.0, "Total Cost": 18428.93, "Plan Rows": 3081, "Plan Width": 8, "Filter": "(((note)::text ~~ '%(theatrical)%'::text) AND ((note)::text ~~ '%(France)%'::text))"}]}]}]}, {"Node Type": "Bitmap Heap Scan", "Parent Relationship": "Inner", "Relation Name": "title", "Alias": "t", "Startup Cost": 3.69, "Total Cost": 7.7, "Plan Rows": 1, "Plan Width": 21, "Recheck Cond": "(id = mc.movie_id)", "Filter": "(production_year > 2005)", "Plans": [{"Node Type": "Bitmap Index Scan", "Parent Relationship": "Outer", "Index Name": "title_pkey", "Startup Cost": 0.0, "Total Cost": 3.69, "Plan Rows": 1, "Plan Width": 0, "Index Cond": "(id = mc.movie_id)"}]}]}, {"Node Type": "Bitmap Heap Scan", "Parent Relationship": "Inner", "Relation Name": "movie_info", "Alias": "mi", "Startup Cost": 0.51, "Total Cost": 4.62, "Plan Rows": 1, "Plan Width": 8, "Recheck Cond": "(movie_id = t.id)", "Filter": "((info)::text = ANY ('{Sweden,Norway,Germany,Denmark,Swedish,Denish,Norwegian,German}'::text[]))", "Plans": [{"Node Type": "Bitmap Index Scan", "Parent Relationship": "Outer", "Index Name": "movie_id_movie_info", "Startup Cost": 0.0, "Total Cost": 0.51, "Plan Rows": 5, "Plan Width": 0, "Index Cond": "(movie_id = t.id)"}]}]}]}]}]}, "Unique SQL Id": 2510907716, "Planner Runtime": 6}, "explain_analyze_plan": {"Plan": {"Node Type": "Aggregate", "Strategy": "Plain", "Startup Cost": 39219.32, "Total Cost": 39219.33, "Plan Rows": 1, "Plan Width": 49, "Actual Min Startup Time": 94.769, "Actual Max Startup Time": 94.769, "Actual Min Total Time": 94.769, "Actual Max Total Time": 94.769, "Plans": [{"Node Type": "Merge Join", "Parent Relationship": "Outer", "Join Type": "Inner", "Startup Cost": 39185.71, "Total Cost": 39214.53, "Plan Rows": 1919, "Plan Width": 17, "Actual Min Startup Time": 94.759, "Actual Max Startup Time": 94.759, "Actual Min Total Time": 94.759, "Actual Max Total Time": 94.759, "Inner Unique": false, "Merge Cond": "(it.id = mi.info_type_id)", "Plans": [{"Node Type": "Sort", "Parent Relationship": "Outer", "Startup Cost": 5.93, "Total Cost": 6.21, "Plan Rows": 112, "Plan Width": 4, "Actual Min Startup Time": 0.105, "Actual Max Startup Time": 0.105, "Actual Min Total Time": 0.105, "Actual Max Total Time": 0.105, "Sort Key": ["it.id"], "Sort Method": "quicksort", "Sort Space Min Used": 32, "Sort Space Max Used": 32, "Sort Space Type": "Memory", "Plans": [{"Node Type": "Seq Scan", "Parent Relationship": "Outer", "Relation Name": "info_type", "Alias": "it", "Startup Cost": 0.0, "Total Cost": 2.12, "Plan Rows": 112, "Plan Width": 4, "Actual Min Startup Time": 0.03, "Actual Max Startup Time": 0.03, "Actual Min Total Time": 0.05, "Actual Max Total Time": 0.05, "Actual Rows": 112}], "Actual Rows": 1}, {"Node Type": "Sort", "Parent Relationship": "Inner", "Startup Cost": 39179.26, "Total Cost": 39184.06, "Plan Rows": 1919, "Plan Width": 21, "Actual Min Startup Time": 94.641, "Actual Max Startup Time": 94.641, "Actual Min Total Time": 94.641, "Actual Max Total Time": 94.641, "Sort Key": ["mi.info_type_id"], "Sort Method": "quicksort", "Sort Space Min Used": 25, "Sort Space Max Used": 25, "Sort Space Type": "Memory", "Plans": [{"Node Type": "Nested Loop", "Parent Relationship": "Outer", "Join Type": "Inner", "Startup Cost": 4.2, "Total Cost": 39074.61, "Plan Rows": 1919, "Plan Width": 21, "Actual Min Startup Time": 94.63, "Actual Max Startup Time": 94.63, "Actual Min Total Time": 94.63, "Actual Max Total Time": 94.63, "Inner Unique": false, "Plans": [{"Node Type": "Nested Loop", "Parent Relationship": "Outer", "Join Type": "Inner", "Startup Cost": 3.69, "Total Cost": 30412.7, "Plan Rows": 1869, "Plan Width": 25, "Actual Min Startup Time": 94.629, "Actual Max Startup Time": 94.629, "Actual Min Total Time": 94.629, "Actual Max Total Time": 94.629, "Inner Unique": true, "Plans": [{"Node Type": "Nested Loop", "Parent Relationship": "Outer", "Join Type": "Inner", "Startup Cost": 0.0, "Total Cost": 18534.98, "Plan Rows": 1540, "Plan Width": 4, "Actual Min Startup Time": 94.628, "Actual Max Startup Time": 94.628, "Actual Min Total Time": 94.628, "Actual Max Total Time": 94.628, "Inner Unique": false, "Join Filter": "(ct.id = mc.company_type_id)", "Rows Removed by Join Filter": 24025, "Plans": [{"Node Type": "Seq Scan", "Parent Relationship": "Outer", "Relation Name": "company_type", "Alias": "ct", "Startup Cost": 0.0, "Total Cost": 1.04, "Plan Rows": 1, "Plan Width": 4, "Actual Min Startup Time": 0.045, "Actual Max Startup Time": 0.045, "Actual Min Total Time": 0.049, "Actual Max Total Time": 0.049, "Filter": "((kind)::text = 'production companies'::text)", "Rows Removed by Filter": 2, "Actual Rows": 1}, {"Node Type": "Materialize", "Parent Relationship": "Inner", "Startup Cost": 0.0, "Total Cost": 18503.13, "Plan Rows": 3081, "Plan Width": 8, "Actual Min Startup Time": 86.432, "Actual Max Startup Time": 86.432, "Actual Min Total Time": 89.405, "Actual Max Total Time": 89.405, "Plans": [{"Node Type": "Streaming(type: LOCAL GATHER dop: 1/16)", "Parent Relationship": "Outer", "Startup Cost": 0.0, "Total Cost": 18495.43, "Plan Rows": 3081, "Plan Width": 8, "Actual Min Startup Time": 27.622, "Actual Max Startup Time": 27.622, "Actual Min Total Time": 82.729, "Actual Max Total Time": 82.729, "Plans": [{"Node Type": "Seq Scan", "Parent Relationship": "Outer", "Relation Name": "movie_companies", "Alias": "mc", "Startup Cost": 0.0, "Total Cost": 18428.93, "Plan Rows": 3081, "Plan Width": 8, "Actual Min Startup Time": 0.906, "Actual Max Startup Time": 12.842, "Actual Min Total Time": 60.159, "Actual Max Total Time": 66.503, "Filter": "(((note)::text ~~ '%(theatrical)%'::text) AND ((note)::text ~~ '%(France)%'::text))", "Rows Removed by Filter": 2585103, "Actual Rows": 24025}], "Actual Rows": 24025}], "Actual Rows": 24026}], "Actual Rows": 0}, {"Node Type": "Bitmap Heap Scan", "Parent Relationship": "Inner", "Relation Name": "title", "Alias": "t", "Startup Cost": 3.69, "Total Cost": 7.7, "Plan Rows": 1, "Plan Width": 21, "Actual Startup Time": 0.0, "Actual Total Time": 0.0, "Recheck Cond": "(id = mc.movie_id)", "Rows Removed by Index Recheck": 0, "Filter": "(production_year > 2005)", "Rows Removed by Filter": 0, "Exact Heap Blocks": 0, "Lossy Heap Blocks": 0, "Plans": [{"Node Type": "Bitmap Index Scan", "Parent Relationship": "Outer", "Index Name": "title_pkey", "Startup Cost": 0.0, "Total Cost": 3.69, "Plan Rows": 1, "Plan Width": 0, "Actual Startup Time": 0.0, "Actual Total Time": 0.0, "Index Cond": "(id = mc.movie_id)"}]}], "Actual Rows": 0}, {"Node Type": "Bitmap Heap Scan", "Parent Relationship": "Inner", "Relation Name": "movie_info", "Alias": "mi", "Startup Cost": 0.51, "Total Cost": 4.62, "Plan Rows": 1, "Plan Width": 8, "Actual Startup Time": 0.0, "Actual Total Time": 0.0, "Recheck Cond": "(movie_id = t.id)", "Rows Removed by Index Recheck": 0, "Filter": "((info)::text = ANY ('{Sweden,Norway,Germany,Denmark,Swedish,Denish,Norwegian,German}'::text[]))", "Rows Removed by Filter": 0, "Exact Heap Blocks": 0, "Lossy Heap Blocks": 0, "Plans": [{"Node Type": "Bitmap Index Scan", "Parent Relationship": "Outer", "Index Name": "movie_id_movie_info", "Startup Cost": 0.0, "Total Cost": 0.51, "Plan Rows": 5, "Plan Width": 0, "Actual Startup Time": 0.0, "Actual Total Time": 0.0, "Index Cond": "(movie_id = t.id)"}]}], "Actual Rows": 0}], "Actual Rows": 0}], "Actual Rows": 0}], "Actual Rows": 1}, "Triggers": [], "Planner Runtime": 6.664, "Total Runtime": 97.357, "Unique SQL Id": 2510907716}}, "(16, '23')": {"explain_plan": {"Plan": {"Node Type": "Aggregate", "Strategy": "Plain", "Startup Cost": 88224.62, "Total Cost": 88224.63, "Plan Rows": 1, "Plan Width": 49, "Plans": [{"Node Type": "Merge Join", "Parent Relationship": "Outer", "Join Type": "Inner", "Startup Cost": 88191.01, "Total Cost": 88219.83, "Plan Rows": 1919, "Plan Width": 17, "Inner Unique": false, "Merge Cond": "(it.id = mi.info_type_id)", "Plans": [{"Node Type": "Sort", "Parent Relationship": "Outer", "Startup Cost": 17.77, "Total Cost": 18.05, "Plan Rows": 112, "Plan Width": 4, "Sort Key": ["it.id"], "Plans": [{"Node Type": "Bitmap Heap Scan", "Parent Relationship": "Outer", "Relation Name": "info_type", "Alias": "it", "Startup Cost": 8.84, "Total Cost": 13.96, "Plan Rows": 112, "Plan Width": 4, "Plans": [{"Node Type": "Bitmap Index Scan", "Parent Relationship": "Outer", "Index Name": "info_type_pkey", "Startup Cost": 0.0, "Total Cost": 8.81, "Plan Rows": 112, "Plan Width": 0}]}]}, {"Node Type": "Sort", "Parent Relationship": "Inner", "Startup Cost": 88172.72, "Total Cost": 88177.52, "Plan Rows": 1919, "Plan Width": 21, "Sort Key": ["mi.info_type_id"], "Plans": [{"Node Type": "Nested Loop", "Parent Relationship": "Outer", "Join Type": "Inner", "Startup Cost": 28957.33, "Total Cost": 88068.08, "Plan Rows": 1919, "Plan Width": 21, "Inner Unique": false, "Plans": [{"Node Type": "Nested Loop", "Parent Relationship": "Outer", "Join Type": "Inner", "Startup Cost": 28956.82, "Total Cost": 79406.16, "Plan Rows": 1869, "Plan Width": 25, "Inner Unique": true, "Plans": [{"Node Type": "Nested Loop", "Parent Relationship": "Outer", "Join Type": "Inner", "Startup Cost": 28953.13, "Total Cost": 67528.44, "Plan Rows": 1540, "Plan Width": 4, "Inner Unique": false, "Plans": [{"Node Type": "Bitmap Heap Scan", "Parent Relationship": "Outer", "Relation Name": "company_type", "Alias": "ct", "Startup Cost": 8.27, "Total Cost": 12.3, "Plan Rows": 1, "Plan Width": 4, "Filter": "((kind)::text = 'production companies'::text)", "Plans": [{"Node Type": "Bitmap Index Scan", "Parent Relationship": "Outer", "Index Name": "company_type_pkey", "Startup Cost": 0.0, "Total Cost": 8.27, "Plan Rows": 3, "Plan Width": 0}]}, {"Node Type": "Bitmap Heap Scan", "Parent Relationship": "Inner", "Relation Name": "movie_companies", "Alias": "mc", "Startup Cost": 28944.86, "Total Cost": 67500.74, "Plan Rows": 1540, "Plan Width": 8, "Recheck Cond": "(company_type_id = ct.id)", "Filter": "(((note)::text ~~ '%(theatrical)%'::text) AND ((note)::text ~~ '%(France)%'::text))", "Plans": [{"Node Type": "Bitmap Index Scan", "Parent Relationship": "Outer", "Index Name": "company_type_id_movie_companies", "Startup Cost": 0.0, "Total Cost": 28944.48, "Plan Rows": 1304564, "Plan Width": 0, "Index Cond": "(company_type_id = ct.id)"}]}]}, {"Node Type": "Bitmap Heap Scan", "Parent Relationship": "Inner", "Relation Name": "title", "Alias": "t", "Startup Cost": 3.69, "Total Cost": 7.7, "Plan Rows": 1, "Plan Width": 21, "Recheck Cond": "(id = mc.movie_id)", "Filter": "(production_year > 2005)", "Plans": [{"Node Type": "Bitmap Index Scan", "Parent Relationship": "Outer", "Index Name": "title_pkey", "Startup Cost": 0.0, "Total Cost": 3.69, "Plan Rows": 1, "Plan Width": 0, "Index Cond": "(id = mc.movie_id)"}]}]}, {"Node Type": "Bitmap Heap Scan", "Parent Relationship": "Inner", "Relation Name": "movie_info", "Alias": "mi", "Startup Cost": 0.51, "Total Cost": 4.62, "Plan Rows": 1, "Plan Width": 8, "Recheck Cond": "(movie_id = t.id)", "Filter": "((info)::text = ANY ('{Sweden,Norway,Germany,Denmark,Swedish,Denish,Norwegian,German}'::text[]))", "Plans": [{"Node Type": "Bitmap Index Scan", "Parent Relationship": "Outer", "Index Name": "movie_id_movie_info", "Startup Cost": 0.0, "Total Cost": 0.51, "Plan Rows": 5, "Plan Width": 0, "Index Cond": "(movie_id = t.id)"}]}]}]}]}]}, "Unique SQL Id": 2510907716, "Planner Runtime": 7}, "explain_analyze_plan": null}, "(16, '24')": {"explain_plan": {"Plan": {"Node Type": "Aggregate", "Strategy": "Plain", "Startup Cost": 32572.27, "Total Cost": 32572.28, "Plan Rows": 1, "Plan Width": 49, "Plans": [{"Node Type": "Merge Join", "Parent Relationship": "Outer", "Join Type": "Inner", "Startup Cost": 32536.85, "Total Cost": 32567.48, "Plan Rows": 1919, "Plan Width": 17, "Inner Unique": false, "Merge Cond": "(it.id = mi.info_type_id)", "Plans": [{"Node Type": "Index Only Scan", "Parent Relationship": "Outer", "Scan Direction": "Forward", "Index Name": "info_type_pkey", "Relation Name": "info_type", "Alias": "it", "Startup Cost": 0.0, "Total Cost": 2.12, "Plan Rows": 112, "Plan Width": 4}, {"Node Type": "Sort", "Parent Relationship": "Inner", "Startup Cost": 32536.33, "Total Cost": 32541.13, "Plan Rows": 1919, "Plan Width": 21, "Sort Key": ["mi.info_type_id"], "Plans": [{"Node Type": "Nested Loop", "Parent Relationship": "Outer", "Join Type": "Inner", "Startup Cost": 0.0, "Total Cost": 32431.69, "Plan Rows": 1919, "Plan Width": 21, "Inner Unique": false, "Plans": [{"Node Type": "Nested Loop", "Parent Relationship": "Outer", "Join Type": "Inner", "Startup Cost": 0.0, "Total Cost": 30152.4, "Plan Rows": 1869, "Plan Width": 25, "Inner Unique": true, "Plans": [{"Node Type": "Nested Loop", "Parent Relationship": "Outer", "Join Type": "Inner", "Startup Cost": 0.0, "Total Cost": 18534.98, "Plan Rows": 1540, "Plan Width": 4, "Inner Unique": false, "Join Filter": "(ct.id = mc.company_type_id)", "Plans": [{"Node Type": "Seq Scan", "Parent Relationship": "Outer", "Relation Name": "company_type", "Alias": "ct", "Startup Cost": 0.0, "Total Cost": 1.04, "Plan Rows": 1, "Plan Width": 4, "Filter": "((kind)::text = 'production companies'::text)"}, {"Node Type": "Materialize", "Parent Relationship": "Inner", "Startup Cost": 0.0, "Total Cost": 18503.13, "Plan Rows": 3081, "Plan Width": 8, "Plans": [{"Node Type": "Streaming(type: LOCAL GATHER dop: 1/16)", "Parent Relationship": "Outer", "Startup Cost": 0.0, "Total Cost": 18495.43, "Plan Rows": 3081, "Plan Width": 8, "Plans": [{"Node Type": "Seq Scan", "Parent Relationship": "Outer", "Relation Name": "movie_companies", "Alias": "mc", "Startup Cost": 0.0, "Total Cost": 18428.93, "Plan Rows": 3081, "Plan Width": 8, "Filter": "(((note)::text ~~ '%(theatrical)%'::text) AND ((note)::text ~~ '%(France)%'::text))"}]}]}]}, {"Node Type": "Index Scan", "Parent Relationship": "Inner", "Scan Direction": "Forward", "Index Name": "title_pkey", "Relation Name": "title", "Alias": "t", "Startup Cost": 0.0, "Total Cost": 7.53, "Plan Rows": 1, "Plan Width": 21, "Index Cond": "(id = mc.movie_id)", "Filter": "(production_year > 2005)"}]}, {"Node Type": "Index Scan", "Parent Relationship": "Inner", "Scan Direction": "Forward", "Index Name": "movie_id_movie_info", "Relation Name": "movie_info", "Alias": "mi", "Startup Cost": 0.0, "Total Cost": 1.21, "Plan Rows": 1, "Plan Width": 8, "Index Cond": "(movie_id = t.id)", "Filter": "((info)::text = ANY ('{Sweden,Norway,Germany,Denmark,Swedish,Denish,Norwegian,German}'::text[]))"}]}]}]}]}, "Unique SQL Id": 2510907716, "Planner Runtime": 5}, "explain_analyze_plan": {"Plan": {"Node Type": "Aggregate", "Strategy": "Plain", "Startup Cost": 32572.27, "Total Cost": 32572.28, "Plan Rows": 1, "Plan Width": 49, "Actual Min Startup Time": 98.159, "Actual Max Startup Time": 98.159, "Actual Min Total Time": 98.16, "Actual Max Total Time": 98.16, "Plans": [{"Node Type": "Merge Join", "Parent Relationship": "Outer", "Join Type": "Inner", "Startup Cost": 32536.85, "Total Cost": 32567.48, "Plan Rows": 1919, "Plan Width": 17, "Actual Min Startup Time": 98.15, "Actual Max Startup Time": 98.15, "Actual Min Total Time": 98.15, "Actual Max Total Time": 98.15, "Inner Unique": false, "Merge Cond": "(it.id = mi.info_type_id)", "Plans": [{"Node Type": "Index Only Scan", "Parent Relationship": "Outer", "Scan Direction": "Forward", "Index Name": "info_type_pkey", "Relation Name": "info_type", "Alias": "it", "Startup Cost": 0.0, "Total Cost": 2.12, "Plan Rows": 112, "Plan Width": 4, "Actual Min Startup Time": 0.017, "Actual Max Startup Time": 0.017, "Actual Min Total Time": 0.017, "Actual Max Total Time": 0.017, "Heap Fetches": 0, "Actual Rows": 1}, {"Node Type": "Sort", "Parent Relationship": "Inner", "Startup Cost": 32536.33, "Total Cost": 32541.13, "Plan Rows": 1919, "Plan Width": 21, "Actual Min Startup Time": 98.118, "Actual Max Startup Time": 98.118, "Actual Min Total Time": 98.118, "Actual Max Total Time": 98.118, "Sort Key": ["mi.info_type_id"], "Sort Method": "quicksort", "Sort Space Min Used": 25, "Sort Space Max Used": 25, "Sort Space Type": "Memory", "Plans": [{"Node Type": "Nested Loop", "Parent Relationship": "Outer", "Join Type": "Inner", "Startup Cost": 0.0, "Total Cost": 32431.69, "Plan Rows": 1919, "Plan Width": 21, "Actual Min Startup Time": 98.101, "Actual Max Startup Time": 98.101, "Actual Min Total Time": 98.101, "Actual Max Total Time": 98.101, "Inner Unique": false, "Plans": [{"Node Type": "Nested Loop", "Parent Relationship": "Outer", "Join Type": "Inner", "Startup Cost": 0.0, "Total Cost": 30152.4, "Plan Rows": 1869, "Plan Width": 25, "Actual Min Startup Time": 98.1, "Actual Max Startup Time": 98.1, "Actual Min Total Time": 98.1, "Actual Max Total Time": 98.1, "Inner Unique": true, "Plans": [{"Node Type": "Nested Loop", "Parent Relationship": "Outer", "Join Type": "Inner", "Startup Cost": 0.0, "Total Cost": 18534.98, "Plan Rows": 1540, "Plan Width": 4, "Actual Min Startup Time": 98.1, "Actual Max Startup Time": 98.1, "Actual Min Total Time": 98.1, "Actual Max Total Time": 98.1, "Inner Unique": false, "Join Filter": "(ct.id = mc.company_type_id)", "Rows Removed by Join Filter": 24025, "Plans": [{"Node Type": "Seq Scan", "Parent Relationship": "Outer", "Relation Name": "company_type", "Alias": "ct", "Startup Cost": 0.0, "Total Cost": 1.04, "Plan Rows": 1, "Plan Width": 4, "Actual Min Startup Time": 0.044, "Actual Max Startup Time": 0.044, "Actual Min Total Time": 0.048, "Actual Max Total Time": 0.048, "Filter": "((kind)::text = 'production companies'::text)", "Rows Removed by Filter": 2, "Actual Rows": 1}, {"Node Type": "Materialize", "Parent Relationship": "Inner", "Startup Cost": 0.0, "Total Cost": 18503.13, "Plan Rows": 3081, "Plan Width": 8, "Actual Min Startup Time": 90.018, "Actual Max Startup Time": 90.018, "Actual Min Total Time": 92.853, "Actual Max Total Time": 92.853, "Plans": [{"Node Type": "Streaming(type: LOCAL GATHER dop: 1/16)", "Parent Relationship": "Outer", "Startup Cost": 0.0, "Total Cost": 18495.43, "Plan Rows": 3081, "Plan Width": 8, "Actual Min Startup Time": 30.799, "Actual Max Startup Time": 30.799, "Actual Min Total Time": 86.302, "Actual Max Total Time": 86.302, "Plans": [{"Node Type": "Seq Scan", "Parent Relationship": "Outer", "Relation Name": "movie_companies", "Alias": "mc", "Startup Cost": 0.0, "Total Cost": 18428.93, "Plan Rows": 3081, "Plan Width": 8, "Actual Min Startup Time": 0.916, "Actual Max Startup Time": 12.759, "Actual Min Total Time": 60.141, "Actual Max Total Time": 66.575, "Filter": "(((note)::text ~~ '%(theatrical)%'::text) AND ((note)::text ~~ '%(France)%'::text))", "Rows Removed by Filter": 2585103, "Actual Rows": 24025}], "Actual Rows": 24025}], "Actual Rows": 24026}], "Actual Rows": 0}, {"Node Type": "Index Scan", "Parent Relationship": "Inner", "Scan Direction": "Forward", "Index Name": "title_pkey", "Relation Name": "title", "Alias": "t", "Startup Cost": 0.0, "Total Cost": 7.53, "Plan Rows": 1, "Plan Width": 21, "Actual Startup Time": 0.0, "Actual Total Time": 0.0, "Index Cond": "(id = mc.movie_id)", "Rows Removed by Index Recheck": 0, "Filter": "(production_year > 2005)", "Rows Removed by Filter": 0}], "Actual Rows": 0}, {"Node Type": "Index Scan", "Parent Relationship": "Inner", "Scan Direction": "Forward", "Index Name": "movie_id_movie_info", "Relation Name": "movie_info", "Alias": "mi", "Startup Cost": 0.0, "Total Cost": 1.21, "Plan Rows": 1, "Plan Width": 8, "Actual Startup Time": 0.0, "Actual Total Time": 0.0, "Index Cond": "(movie_id = t.id)", "Rows Removed by Index Recheck": 0, "Filter": "((info)::text = ANY ('{Sweden,Norway,Germany,Denmark,Swedish,Denish,Norwegian,German}'::text[]))", "Rows Removed by Filter": 0}], "Actual Rows": 0}], "Actual Rows": 0}], "Actual Rows": 0}], "Actual Rows": 1}, "Triggers": [], "Planner Runtime": 5.667, "Total Runtime": 100.72, "Unique SQL Id": 2510907716}}, "(16, '25')": {"explain_plan": {"Plan": {"Node Type": "Aggregate", "Strategy": "Plain", "Startup Cost": 99093.2, "Total Cost": 99093.21, "Plan Rows": 1, "Plan Width": 49, "Plans": [{"Node Type": "Nested Loop", "Parent Relationship": "Outer", "Join Type": "Inner", "Startup Cost": 0.0, "Total Cost": 99088.4, "Plan Rows": 1919, "Plan Width": 17, "Inner Unique": true, "Plans": [{"Node Type": "Nested Loop", "Parent Relationship": "Outer", "Join Type": "Inner", "Startup Cost": 0.0, "Total Cost": 98550.97, "Plan Rows": 1919, "Plan Width": 21, "Inner Unique": false, "Plans": [{"Node Type": "Nested Loop", "Parent Relationship": "Outer", "Join Type": "Inner", "Startup Cost": 0.0, "Total Cost": 96271.68, "Plan Rows": 1869, "Plan Width": 25, "Inner Unique": true, "Plans": [{"Node Type": "Nested Loop", "Parent Relationship": "Outer", "Join Type": "Inner", "Startup Cost": 0.0, "Total Cost": 84654.26, "Plan Rows": 1540, "Plan Width": 4, "Inner Unique": false, "Join Filter": "(ct.id = mc.company_type_id)", "Plans": [{"Node Type": "Index Scan", "Parent Relationship": "Outer", "Scan Direction": "Forward", "Index Name": "company_type_pkey", "Relation Name": "company_type", "Alias": "ct", "Startup Cost": 0.0, "Total Cost": 12.3, "Plan Rows": 1, "Plan Width": 4, "Filter": "((kind)::text = 'production companies'::text)"}, {"Node Type": "Materialize", "Parent Relationship": "Inner", "Startup Cost": 0.0, "Total Cost": 84611.14, "Plan Rows": 3081, "Plan Width": 8, "Plans": [{"Node Type": "Streaming(type: LOCAL GATHER dop: 1/16)", "Parent Relationship": "Outer", "Startup Cost": 0.0, "Total Cost": 84603.44, "Plan Rows": 3081, "Plan Width": 8, "Plans": [{"Node Type": "Index Scan", "Parent Relationship": "Outer", "Scan Direction": "Forward", "Index Name": "company_type_id_movie_companies", "Relation Name": "movie_companies", "Alias": "mc", "Startup Cost": 0.0, "Total Cost": 84536.95, "Plan Rows": 3081, "Plan Width": 8, "Filter": "(((note)::text ~~ '%(theatrical)%'::text) AND ((note)::text ~~ '%(France)%'::text))"}]}]}]}, {"Node Type": "Index Scan", "Parent Relationship": "Inner", "Scan Direction": "Forward", "Index Name": "title_pkey", "Relation Name": "title", "Alias": "t", "Startup Cost": 0.0, "Total Cost": 7.53, "Plan Rows": 1, "Plan Width": 21, "Index Cond": "(id = mc.movie_id)", "Filter": "(production_year > 2005)"}]}, {"Node Type": "Index Scan", "Parent Relationship": "Inner", "Scan Direction": "Forward", "Index Name": "movie_id_movie_info", "Relation Name": "movie_info", "Alias": "mi", "Startup Cost": 0.0, "Total Cost": 1.21, "Plan Rows": 1, "Plan Width": 8, "Index Cond": "(movie_id = t.id)", "Filter": "((info)::text = ANY ('{Sweden,Norway,Germany,Denmark,Swedish,Denish,Norwegian,German}'::text[]))"}]}, {"Node Type": "Index Only Scan", "Parent Relationship": "Inner", "Scan Direction": "Forward", "Index Name": "info_type_pkey", "Relation Name": "info_type", "Alias": "it", "Startup Cost": 0.0, "Total Cost": 0.27, "Plan Rows": 1, "Plan Width": 4, "Index Cond": "(id = mi.info_type_id)"}]}]}, "Unique SQL Id": 2510907716, "Planner Runtime": 5}, "explain_analyze_plan": {"Plan": {"Node Type": "Aggregate", "Strategy": "Plain", "Startup Cost": 99093.2, "Total Cost": 99093.21, "Plan Rows": 1, "Plan Width": 49, "Actual Min Startup Time": 178.703, "Actual Max Startup Time": 178.703, "Actual Min Total Time": 178.704, "Actual Max Total Time": 178.704, "Plans": [{"Node Type": "Nested Loop", "Parent Relationship": "Outer", "Join Type": "Inner", "Startup Cost": 0.0, "Total Cost": 99088.4, "Plan Rows": 1919, "Plan Width": 17, "Actual Min Startup Time": 178.694, "Actual Max Startup Time": 178.694, "Actual Min Total Time": 178.694, "Actual Max Total Time": 178.694, "Inner Unique": true, "Plans": [{"Node Type": "Nested Loop", "Parent Relationship": "Outer", "Join Type": "Inner", "Startup Cost": 0.0, "Total Cost": 98550.97, "Plan Rows": 1919, "Plan Width": 21, "Actual Min Startup Time": 178.693, "Actual Max Startup Time": 178.693, "Actual Min Total Time": 178.693, "Actual Max Total Time": 178.693, "Inner Unique": false, "Plans": [{"Node Type": "Nested Loop", "Parent Relationship": "Outer", "Join Type": "Inner", "Startup Cost": 0.0, "Total Cost": 96271.68, "Plan Rows": 1869, "Plan Width": 25, "Actual Min Startup Time": 178.691, "Actual Max Startup Time": 178.691, "Actual Min Total Time": 178.691, "Actual Max Total Time": 178.691, "Inner Unique": true, "Plans": [{"Node Type": "Nested Loop", "Parent Relationship": "Outer", "Join Type": "Inner", "Startup Cost": 0.0, "Total Cost": 84654.26, "Plan Rows": 1540, "Plan Width": 4, "Actual Min Startup Time": 178.691, "Actual Max Startup Time": 178.691, "Actual Min Total Time": 178.691, "Actual Max Total Time": 178.691, "Inner Unique": false, "Join Filter": "(ct.id = mc.company_type_id)", "Rows Removed by Join Filter": 24025, "Plans": [{"Node Type": "Index Scan", "Parent Relationship": "Outer", "Scan Direction": "Forward", "Index Name": "company_type_pkey", "Relation Name": "company_type", "Alias": "ct", "Startup Cost": 0.0, "Total Cost": 12.3, "Plan Rows": 1, "Plan Width": 4, "Actual Min Startup Time": 0.041, "Actual Max Startup Time": 0.041, "Actual Min Total Time": 0.049, "Actual Max Total Time": 0.049, "Filter": "((kind)::text = 'production companies'::text)", "Rows Removed by Filter": 2, "Actual Rows": 1}, {"Node Type": "Materialize", "Parent Relationship": "Inner", "Startup Cost": 0.0, "Total Cost": 84611.14, "Plan Rows": 3081, "Plan Width": 8, "Actual Min Startup Time": 170.586, "Actual Max Startup Time": 170.586, "Actual Min Total Time": 173.382, "Actual Max Total Time": 173.382, "Plans": [{"Node Type": "Streaming(type: LOCAL GATHER dop: 1/16)", "Parent Relationship": "Outer", "Startup Cost": 0.0, "Total Cost": 84603.44, "Plan Rows": 3081, "Plan Width": 8, "Actual Min Startup Time": 31.969, "Actual Max Startup Time": 31.969, "Actual Min Total Time": 166.687, "Actual Max Total Time": 166.687, "Plans": [{"Node Type": "Index Scan", "Parent Relationship": "Outer", "Scan Direction": "Forward", "Index Name": "company_type_id_movie_companies", "Relation Name": "movie_companies", "Alias": "mc", "Startup Cost": 0.0, "Total Cost": 84536.95, "Plan Rows": 3081, "Plan Width": 8, "Actual Min Startup Time": 13.763, "Actual Max Startup Time": 86.987, "Actual Min Total Time": 85.513, "Actual Max Total Time": 148.739, "Filter": "(((note)::text ~~ '%(theatrical)%'::text) AND ((note)::text ~~ '%(France)%'::text))", "Rows Removed by Filter": 2585103, "Actual Rows": 24025}], "Actual Rows": 24025}], "Actual Rows": 24026}], "Actual Rows": 0}, {"Node Type": "Index Scan", "Parent Relationship": "Inner", "Scan Direction": "Forward", "Index Name": "title_pkey", "Relation Name": "title", "Alias": "t", "Startup Cost": 0.0, "Total Cost": 7.53, "Plan Rows": 1, "Plan Width": 21, "Actual Startup Time": 0.0, "Actual Total Time": 0.0, "Index Cond": "(id = mc.movie_id)", "Rows Removed by Index Recheck": 0, "Filter": "(production_year > 2005)", "Rows Removed by Filter": 0}], "Actual Rows": 0}, {"Node Type": "Index Scan", "Parent Relationship": "Inner", "Scan Direction": "Forward", "Index Name": "movie_id_movie_info", "Relation Name": "movie_info", "Alias": "mi", "Startup Cost": 0.0, "Total Cost": 1.21, "Plan Rows": 1, "Plan Width": 8, "Actual Startup Time": 0.0, "Actual Total Time": 0.0, "Index Cond": "(movie_id = t.id)", "Rows Removed by Index Recheck": 0, "Filter": "((info)::text = ANY ('{Sweden,Norway,Germany,Denmark,Swedish,Denish,Norwegian,German}'::text[]))", "Rows Removed by Filter": 0}], "Actual Rows": 0}, {"Node Type": "Index Only Scan", "Parent Relationship": "Inner", "Scan Direction": "Forward", "Index Name": "info_type_pkey", "Relation Name": "info_type", "Alias": "it", "Startup Cost": 0.0, "Total Cost": 0.27, "Plan Rows": 1, "Plan Width": 4, "Actual Startup Time": 0.0, "Actual Total Time": 0.0, "Index Cond": "(id = mi.info_type_id)", "Rows Removed by Index Recheck": 0, "Heap Fetches": 0}], "Actual Rows": 0}], "Actual Rows": 1}, "Triggers": [], "Planner Runtime": 9.112, "Total Runtime": 181.21, "Unique SQL Id": 2510907716}}, "(16, '26')": {"explain_plan": {"Plan": {"Node Type": "Aggregate", "Strategy": "Plain", "Startup Cost": 254554.58, "Total Cost": 254554.6, "Plan Rows": 1, "Plan Width": 49, "Plans": [{"Node Type": "Streaming(type: LOCAL GATHER dop: 1/16)", "Parent Relationship": "Outer", "Startup Cost": 254554.58, "Total Cost": 254554.6, "Plan Rows": 1, "Plan Width": 49, "Plans": [{"Node Type": "Aggregate", "Strategy": "Plain", "Parent Relationship": "Outer", "Startup Cost": 254554.58, "Total Cost": 254554.59, "Plan Rows": 1, "Plan Width": 49, "Plans": [{"Node Type": "Nested Loop", "Parent Relationship": "Outer", "Join Type": "Inner", "Startup Cost": 0.0, "Total Cost": 254549.79, "Plan Rows": 1919, "Plan Width": 17, "Inner Unique": true, "Join Filter": "(mi.movie_id = t.id)", "Plans": [{"Node Type": "Streaming(type: LOCAL REDISTRIBUTE dop: 16/1)", "Parent Relationship": "Outer", "Startup Cost": 0.0, "Total Cost": 122515.3, "Plan Rows": 1581, "Plan Width": 8, "Plans": [{"Node Type": "Nested Loop", "Parent Relationship": "Outer", "Join Type": "Inner", "Startup Cost": 0.0, "Total Cost": 107449.56, "Plan Rows": 1581, "Plan Width": 8, "Inner Unique": true, "Join Filter": "(mi.info_type_id = it.id)", "Plans": [{"Node Type": "Streaming(type: LOCAL GATHER dop: 1/16)", "Parent Relationship": "Outer", "Startup Cost": 0.0, "Total Cost": 104791.08, "Plan Rows": 1581, "Plan Width": 12, "Plans": [{"Node Type": "Nested Loop", "Parent Relationship": "Outer", "Join Type": "Inner", "Startup Cost": 0.0, "Total Cost": 104756.96, "Plan Rows": 1581, "Plan Width": 12, "Inner Unique": false, "Join Filter": "(mc.movie_id = mi.movie_id)", "Plans": [{"Node Type": "Streaming(type: LOCAL REDISTRIBUTE dop: 16/16)", "Parent Relationship": "Outer", "Startup Cost": 0.0, "Total Cost": 58391.53, "Plan Rows": 141478, "Plan Width": 8, "Plans": [{"Node Type": "Seq Scan", "Parent Relationship": "Outer", "Relation Name": "movie_info", "Alias": "mi", "Startup Cost": 0.0, "Total Cost": 42855.46, "Plan Rows": 141478, "Plan Width": 8, "Filter": "((info)::text = ANY ('{Sweden,Norway,Germany,Denmark,Swedish,Denish,Norwegian,German}'::text[]))"}]}, {"Node Type": "Materialize", "Parent Relationship": "Inner", "Startup Cost": 0.0, "Total Cost": 33599.49, "Plan Rows": 1540, "Plan Width": 4, "Plans": [{"Node Type": "Streaming(type: LOCAL REDISTRIBUTE dop: 16/1)", "Parent Relationship": "Outer", "Startup Cost": 0.0, "Total Cost": 33599.01, "Plan Rows": 1540, "Plan Width": 4, "Plans": [{"Node Type": "Nested Loop", "Parent Relationship": "Outer", "Join Type": "Inner", "Startup Cost": 0.0, "Total Cost": 18534.98, "Plan Rows": 1540, "Plan Width": 4, "Inner Unique": false, "Join Filter": "(ct.id = mc.company_type_id)", "Plans": [{"Node Type": "Seq Scan", "Parent Relationship": "Outer", "Relation Name": "company_type", "Alias": "ct", "Startup Cost": 0.0, "Total Cost": 1.04, "Plan Rows": 1, "Plan Width": 4, "Filter": "((kind)::text = 'production companies'::text)"}, {"Node Type": "Materialize", "Parent Relationship": "Inner", "Startup Cost": 0.0, "Total Cost": 18503.13, "Plan Rows": 3081, "Plan Width": 8, "Plans": [{"Node Type": "Streaming(type: LOCAL GATHER dop: 1/16)", "Parent Relationship": "Outer", "Startup Cost": 0.0, "Total Cost": 18495.43, "Plan Rows": 3081, "Plan Width": 8, "Plans": [{"Node Type": "Seq Scan", "Parent Relationship": "Outer", "Relation Name": "movie_companies", "Alias": "mc", "Startup Cost": 0.0, "Total Cost": 18428.93, "Plan Rows": 3081, "Plan Width": 8, "Filter": "(((note)::text ~~ '%(theatrical)%'::text) AND ((note)::text ~~ '%(France)%'::text))"}]}]}]}]}]}]}]}, {"Node Type": "Materialize", "Parent Relationship": "Inner", "Startup Cost": 0.0, "Total Cost": 2.68, "Plan Rows": 112, "Plan Width": 4, "Plans": [{"Node Type": "Seq Scan", "Parent Relationship": "Outer", "Relation Name": "info_type", "Alias": "it", "Startup Cost": 0.0, "Total Cost": 2.12, "Plan Rows": 112, "Plan Width": 4}]}]}]}, {"Node Type": "Materialize", "Parent Relationship": "Inner", "Startup Cost": 0.0, "Total Cost": 38306.27, "Plan Rows": 1013492, "Plan Width": 21, "Plans": [{"Node Type": "Streaming(type: LOCAL REDISTRIBUTE dop: 16/16)", "Parent Relationship": "Outer", "Startup Cost": 0.0, "Total Cost": 37989.55, "Plan Rows": 1013492, "Plan Width": 21, "Plans": [{"Node Type": "Seq Scan", "Parent Relationship": "Outer", "Relation Name": "title", "Alias": "t", "Startup Cost": 0.0, "Total Cost": 19149.37, "Plan Rows": 1013492, "Plan Width": 21, "Filter": "(production_year > 2005), (LLVM Optimized)"}]}]}]}]}]}]}, "Unique SQL Id": 2510907716, "Planner Runtime": 6}, "explain_analyze_plan": null}, "(16, '27')": {"explain_plan": {"Plan": {"Node Type": "Aggregate", "Strategy": "Plain", "Startup Cost": 4997607846308.68, "Total Cost": 4997607846308.69, "Plan Rows": 1, "Plan Width": 49, "Plans": [{"Node Type": "Merge Join", "Parent Relationship": "Outer", "Join Type": "Inner", "Startup Cost": 50021490308.98, "Total Cost": 4997607846303.88, "Plan Rows": 1919, "Plan Width": 17, "Inner Unique": false, "Merge Cond": "(mi.movie_id = t.id)", "Plans": [{"Node Type": "Nested Loop", "Parent Relationship": "Outer", "Join Type": "Inner", "Startup Cost": 20000000000.0, "Total Cost": 2000118925554.54, "Plan Rows": 141478, "Plan Width": 4, "Inner Unique": true, "Join Filter": "(it.id = mi.info_type_id), (LLVM Optimized)", "Plans": [{"Node Type": "Index Scan", "Parent Relationship": "Outer", "Scan Direction": "Forward", "Index Name": "movie_id_movie_info", "Relation Name": "movie_info", "Alias": "mi", "Startup Cost": 10000000000.0, "Total Cost": 1000118686878.22, "Plan Rows": 141478, "Plan Width": 8, "Filter": "((info)::text = ANY ('{Sweden,Norway,Germany,Denmark,Swedish,Denish,Norwegian,German}'::text[]))"}, {"Node Type": "Materialize", "Parent Relationship": "Inner", "Startup Cost": 10000000000.0, "Total Cost": 1000000000993.56, "Plan Rows": 112, "Plan Width": 4, "Plans": [{"Node Type": "Index Only Scan", "Parent Relationship": "Outer", "Scan Direction": "Forward", "Index Name": "info_type_pkey", "Relation Name": "info_type", "Alias": "it", "Startup Cost": 10000000000.0, "Total Cost": 1000000000993.0, "Plan Rows": 112, "Plan Width": 4}]}]}, {"Node Type": "Materialize", "Parent Relationship": "Inner", "Startup Cost": 30021490308.98, "Total Cost": 2999077500382.5, "Plan Rows": 1869, "Plan Width": 25, "Plans": [{"Node Type": "Merge Join", "Parent Relationship": "Outer", "Join Type": "Inner", "Startup Cost": 30021490308.98, "Total Cost": 2999077500377.83, "Plan Rows": 1869, "Plan Width": 25, "Inner Unique": true, "Merge Cond": "(mc.movie_id = t.id)", "Plans": [{"Node Type": "Nested Loop", "Parent Relationship": "Outer", "Join Type": "Inner", "Startup Cost": 20000000000.0, "Total Cost": 2000014357786.6, "Plan Rows": 1540, "Plan Width": 4, "Inner Unique": true, "Join Filter": "(ct.id = mc.company_type_id)", "Plans": [{"Node Type": "Index Scan", "Parent Relationship": "Outer", "Scan Direction": "Forward", "Index Name": "movie_id_movie_companies", "Relation Name": "movie_companies", "Alias": "mc", "Startup Cost": 10000000000.0, "Total Cost": 1000014356510.13, "Plan Rows": 3081, "Plan Width": 8, "Filter": "(((note)::text ~~ '%(theatrical)%'::text) AND ((note)::text ~~ '%(France)%'::text))"}, {"Node Type": "Materialize", "Parent Relationship": "Inner", "Startup Cost": 10000000000.0, "Total Cost": 1000000001230.26, "Plan Rows": 1, "Plan Width": 4, "Plans": [{"Node Type": "Index Scan", "Parent Relationship": "Outer", "Scan Direction": "Forward", "Index Name": "company_type_pkey", "Relation Name": "company_type", "Alias": "ct", "Startup Cost": 10000000000.0, "Total Cost": 1000000001230.25, "Plan Rows": 1, "Plan Width": 4, "Filter": "((kind)::text = 'production companies'::text)"}]}]}, {"Node Type": "Index Scan", "Parent Relationship": "Inner", "Scan Direction": "Forward", "Index Name": "title_pkey", "Relation Name": "title", "Alias": "t", "Startup Cost": 10000000000.0, "Total Cost": 1000011644126.66, "Plan Rows": 1013492, "Plan Width": 21, "Filter": "(production_year > 2005), (LLVM Optimized)"}]}]}]}]}, "Unique SQL Id": 2510907716, "Planner Runtime": 11}, "explain_analyze_plan": null}, "(16, '28')": {"explain_plan": {"Plan": {"Node Type": "Aggregate", "Strategy": "Plain", "Startup Cost": 32576.4, "Total Cost": 32576.41, "Plan Rows": 1, "Plan Width": 49, "Plans": [{"Node Type": "Merge Join", "Parent Relationship": "Outer", "Join Type": "Inner", "Startup Cost": 32542.79, "Total Cost": 32571.6, "Plan Rows": 1919, "Plan Width": 17, "Inner Unique": false, "Merge Cond": "(it.id = mi.info_type_id)", "Plans": [{"Node Type": "Sort", "Parent Relationship": "Outer", "Startup Cost": 5.93, "Total Cost": 6.21, "Plan Rows": 112, "Plan Width": 4, "Sort Key": ["it.id"], "Plans": [{"Node Type": "Seq Scan", "Parent Relationship": "Outer", "Relation Name": "info_type", "Alias": "it", "Startup Cost": 0.0, "Total Cost": 2.12, "Plan Rows": 112, "Plan Width": 4}]}, {"Node Type": "Sort", "Parent Relationship": "Inner", "Startup Cost": 32536.33, "Total Cost": 32541.13, "Plan Rows": 1919, "Plan Width": 21, "Sort Key": ["mi.info_type_id"], "Plans": [{"Node Type": "Nested Loop", "Parent Relationship": "Outer", "Join Type": "Inner", "Startup Cost": 0.0, "Total Cost": 32431.69, "Plan Rows": 1919, "Plan Width": 21, "Inner Unique": false, "Plans": [{"Node Type": "Nested Loop", "Parent Relationship": "Outer", "Join Type": "Inner", "Startup Cost": 0.0, "Total Cost": 30152.4, "Plan Rows": 1869, "Plan Width": 25, "Inner Unique": true, "Plans": [{"Node Type": "Nested Loop", "Parent Relationship": "Outer", "Join Type": "Inner", "Startup Cost": 0.0, "Total Cost": 18534.98, "Plan Rows": 1540, "Plan Width": 4, "Inner Unique": false, "Join Filter": "(ct.id = mc.company_type_id)", "Plans": [{"Node Type": "Seq Scan", "Parent Relationship": "Outer", "Relation Name": "company_type", "Alias": "ct", "Startup Cost": 0.0, "Total Cost": 1.04, "Plan Rows": 1, "Plan Width": 4, "Filter": "((kind)::text = 'production companies'::text)"}, {"Node Type": "Materialize", "Parent Relationship": "Inner", "Startup Cost": 0.0, "Total Cost": 18503.13, "Plan Rows": 3081, "Plan Width": 8, "Plans": [{"Node Type": "Streaming(type: LOCAL GATHER dop: 1/16)", "Parent Relationship": "Outer", "Startup Cost": 0.0, "Total Cost": 18495.43, "Plan Rows": 3081, "Plan Width": 8, "Plans": [{"Node Type": "Seq Scan", "Parent Relationship": "Outer", "Relation Name": "movie_companies", "Alias": "mc", "Startup Cost": 0.0, "Total Cost": 18428.93, "Plan Rows": 3081, "Plan Width": 8, "Filter": "(((note)::text ~~ '%(theatrical)%'::text) AND ((note)::text ~~ '%(France)%'::text))"}]}]}]}, {"Node Type": "Index Scan", "Parent Relationship": "Inner", "Scan Direction": "Forward", "Index Name": "title_pkey", "Relation Name": "title", "Alias": "t", "Startup Cost": 0.0, "Total Cost": 7.53, "Plan Rows": 1, "Plan Width": 21, "Index Cond": "(id = mc.movie_id)", "Filter": "(production_year > 2005)"}]}, {"Node Type": "Index Scan", "Parent Relationship": "Inner", "Scan Direction": "Forward", "Index Name": "movie_id_movie_info", "Relation Name": "movie_info", "Alias": "mi", "Startup Cost": 0.0, "Total Cost": 1.21, "Plan Rows": 1, "Plan Width": 8, "Index Cond": "(movie_id = t.id)", "Filter": "((info)::text = ANY ('{Sweden,Norway,Germany,Denmark,Swedish,Denish,Norwegian,German}'::text[]))"}]}]}]}]}, "Unique SQL Id": 2510907716, "Planner Runtime": 5}, "explain_analyze_plan": {"Plan": {"Node Type": "Aggregate", "Strategy": "Plain", "Startup Cost": 32576.4, "Total Cost": 32576.41, "Plan Rows": 1, "Plan Width": 49, "Actual Min Startup Time": 111.527, "Actual Max Startup Time": 111.527, "Actual Min Total Time": 111.527, "Actual Max Total Time": 111.527, "Plans": [{"Node Type": "Merge Join", "Parent Relationship": "Outer", "Join Type": "Inner", "Startup Cost": 32542.79, "Total Cost": 32571.6, "Plan Rows": 1919, "Plan Width": 17, "Actual Min Startup Time": 111.521, "Actual Max Startup Time": 111.521, "Actual Min Total Time": 111.521, "Actual Max Total Time": 111.521, "Inner Unique": false, "Merge Cond": "(it.id = mi.info_type_id)", "Plans": [{"Node Type": "Sort", "Parent Relationship": "Outer", "Startup Cost": 5.93, "Total Cost": 6.21, "Plan Rows": 112, "Plan Width": 4, "Actual Min Startup Time": 0.115, "Actual Max Startup Time": 0.115, "Actual Min Total Time": 0.115, "Actual Max Total Time": 0.115, "Sort Key": ["it.id"], "Sort Method": "quicksort", "Sort Space Min Used": 32, "Sort Space Max Used": 32, "Sort Space Type": "Memory", "Plans": [{"Node Type": "Seq Scan", "Parent Relationship": "Outer", "Relation Name": "info_type", "Alias": "it", "Startup Cost": 0.0, "Total Cost": 2.12, "Plan Rows": 112, "Plan Width": 4, "Actual Min Startup Time": 0.046, "Actual Max Startup Time": 0.046, "Actual Min Total Time": 0.058, "Actual Max Total Time": 0.058, "Actual Rows": 112}], "Actual Rows": 1}, {"Node Type": "Sort", "Parent Relationship": "Inner", "Startup Cost": 32536.33, "Total Cost": 32541.13, "Plan Rows": 1919, "Plan Width": 21, "Actual Min Startup Time": 111.388, "Actual Max Startup Time": 111.388, "Actual Min Total Time": 111.388, "Actual Max Total Time": 111.388, "Sort Key": ["mi.info_type_id"], "Sort Method": "quicksort", "Sort Space Min Used": 25, "Sort Space Max Used": 25, "Sort Space Type": "Memory", "Plans": [{"Node Type": "Nested Loop", "Parent Relationship": "Outer", "Join Type": "Inner", "Startup Cost": 0.0, "Total Cost": 32431.69, "Plan Rows": 1919, "Plan Width": 21, "Actual Min Startup Time": 111.382, "Actual Max Startup Time": 111.382, "Actual Min Total Time": 111.382, "Actual Max Total Time": 111.382, "Inner Unique": false, "Plans": [{"Node Type": "Nested Loop", "Parent Relationship": "Outer", "Join Type": "Inner", "Startup Cost": 0.0, "Total Cost": 30152.4, "Plan Rows": 1869, "Plan Width": 25, "Actual Min Startup Time": 111.38, "Actual Max Startup Time": 111.38, "Actual Min Total Time": 111.38, "Actual Max Total Time": 111.38, "Inner Unique": true, "Plans": [{"Node Type": "Nested Loop", "Parent Relationship": "Outer", "Join Type": "Inner", "Startup Cost": 0.0, "Total Cost": 18534.98, "Plan Rows": 1540, "Plan Width": 4, "Actual Min Startup Time": 111.379, "Actual Max Startup Time": 111.379, "Actual Min Total Time": 111.379, "Actual Max Total Time": 111.379, "Inner Unique": false, "Join Filter": "(ct.id = mc.company_type_id)", "Rows Removed by Join Filter": 24025, "Plans": [{"Node Type": "Seq Scan", "Parent Relationship": "Outer", "Relation Name": "company_type", "Alias": "ct", "Startup Cost": 0.0, "Total Cost": 1.04, "Plan Rows": 1, "Plan Width": 4, "Actual Min Startup Time": 0.035, "Actual Max Startup Time": 0.035, "Actual Min Total Time": 0.038, "Actual Max Total Time": 0.038, "Filter": "((kind)::text = 'production companies'::text)", "Rows Removed by Filter": 2, "Actual Rows": 1}, {"Node Type": "Materialize", "Parent Relationship": "Inner", "Startup Cost": 0.0, "Total Cost": 18503.13, "Plan Rows": 3081, "Plan Width": 8, "Actual Min Startup Time": 102.433, "Actual Max Startup Time": 102.433, "Actual Min Total Time": 106.02, "Actual Max Total Time": 106.02, "Plans": [{"Node Type": "Streaming(type: LOCAL GATHER dop: 1/16)", "Parent Relationship": "Outer", "Startup Cost": 0.0, "Total Cost": 18495.43, "Plan Rows": 3081, "Plan Width": 8, "Actual Min Startup Time": 27.916, "Actual Max Startup Time": 27.916, "Actual Min Total Time": 98.506, "Actual Max Total Time": 98.506, "Plans": [{"Node Type": "Seq Scan", "Parent Relationship": "Outer", "Relation Name": "movie_companies", "Alias": "mc", "Startup Cost": 0.0, "Total Cost": 18428.93, "Plan Rows": 3081, "Plan Width": 8, "Actual Min Startup Time": 0.943, "Actual Max Startup Time": 13.41, "Actual Min Total Time": 62.825, "Actual Max Total Time": 69.298, "Filter": "(((note)::text ~~ '%(theatrical)%'::text) AND ((note)::text ~~ '%(France)%'::text))", "Rows Removed by Filter": 2585103, "Actual Rows": 24025}], "Actual Rows": 24025}], "Actual Rows": 24026}], "Actual Rows": 0}, {"Node Type": "Index Scan", "Parent Relationship": "Inner", "Scan Direction": "Forward", "Index Name": "title_pkey", "Relation Name": "title", "Alias": "t", "Startup Cost": 0.0, "Total Cost": 7.53, "Plan Rows": 1, "Plan Width": 21, "Actual Startup Time": 0.0, "Actual Total Time": 0.0, "Index Cond": "(id = mc.movie_id)", "Rows Removed by Index Recheck": 0, "Filter": "(production_year > 2005)", "Rows Removed by Filter": 0}], "Actual Rows": 0}, {"Node Type": "Index Scan", "Parent Relationship": "Inner", "Scan Direction": "Forward", "Index Name": "movie_id_movie_info", "Relation Name": "movie_info", "Alias": "mi", "Startup Cost": 0.0, "Total Cost": 1.21, "Plan Rows": 1, "Plan Width": 8, "Actual Startup Time": 0.0, "Actual Total Time": 0.0, "Index Cond": "(movie_id = t.id)", "Rows Removed by Index Recheck": 0, "Filter": "((info)::text = ANY ('{Sweden,Norway,Germany,Denmark,Swedish,Denish,Norwegian,German}'::text[]))", "Rows Removed by Filter": 0}], "Actual Rows": 0}], "Actual Rows": 0}], "Actual Rows": 0}], "Actual Rows": 1}, "Triggers": [], "Planner Runtime": 5.622, "Total Runtime": 114.799, "Unique SQL Id": 2510907716}}, "(16, '29')": {"explain_plan": {"Plan": {"Node Type": "Aggregate", "Strategy": "Plain", "Startup Cost": 99093.25, "Total Cost": 99093.26, "Plan Rows": 1, "Plan Width": 49, "Plans": [{"Node Type": "Nested Loop", "Parent Relationship": "Outer", "Join Type": "Inner", "Startup Cost": 0.0, "Total Cost": 99088.45, "Plan Rows": 1919, "Plan Width": 17, "Inner Unique": true, "Plans": [{"Node Type": "Nested Loop", "Parent Relationship": "Outer", "Join Type": "Inner", "Startup Cost": 0.0, "Total Cost": 98550.97, "Plan Rows": 1919, "Plan Width": 21, "Inner Unique": false, "Plans": [{"Node Type": "Nested Loop", "Parent Relationship": "Outer", "Join Type": "Inner", "Startup Cost": 0.0, "Total Cost": 96271.68, "Plan Rows": 1869, "Plan Width": 25, "Inner Unique": true, "Plans": [{"Node Type": "Nested Loop", "Parent Relationship": "Outer", "Join Type": "Inner", "Startup Cost": 0.0, "Total Cost": 84654.26, "Plan Rows": 1540, "Plan Width": 4, "Inner Unique": false, "Join Filter": "(ct.id = mc.company_type_id)", "Plans": [{"Node Type": "Index Scan", "Parent Relationship": "Outer", "Scan Direction": "Forward", "Index Name": "company_type_pkey", "Relation Name": "company_type", "Alias": "ct", "Startup Cost": 0.0, "Total Cost": 12.3, "Plan Rows": 1, "Plan Width": 4, "Filter": "((kind)::text = 'production companies'::text)"}, {"Node Type": "Materialize", "Parent Relationship": "Inner", "Startup Cost": 0.0, "Total Cost": 84611.14, "Plan Rows": 3081, "Plan Width": 8, "Plans": [{"Node Type": "Streaming(type: LOCAL GATHER dop: 1/16)", "Parent Relationship": "Outer", "Startup Cost": 0.0, "Total Cost": 84603.44, "Plan Rows": 3081, "Plan Width": 8, "Plans": [{"Node Type": "Index Scan", "Parent Relationship": "Outer", "Scan Direction": "Forward", "Index Name": "company_type_id_movie_companies", "Relation Name": "movie_companies", "Alias": "mc", "Startup Cost": 0.0, "Total Cost": 84536.95, "Plan Rows": 3081, "Plan Width": 8, "Filter": "(((note)::text ~~ '%(theatrical)%'::text) AND ((note)::text ~~ '%(France)%'::text))"}]}]}]}, {"Node Type": "Index Scan", "Parent Relationship": "Inner", "Scan Direction": "Forward", "Index Name": "title_pkey", "Relation Name": "title", "Alias": "t", "Startup Cost": 0.0, "Total Cost": 7.53, "Plan Rows": 1, "Plan Width": 21, "Index Cond": "(id = mc.movie_id)", "Filter": "(production_year > 2005)"}]}, {"Node Type": "Index Scan", "Parent Relationship": "Inner", "Scan Direction": "Forward", "Index Name": "movie_id_movie_info", "Relation Name": "movie_info", "Alias": "mi", "Startup Cost": 0.0, "Total Cost": 1.21, "Plan Rows": 1, "Plan Width": 8, "Index Cond": "(movie_id = t.id)", "Filter": "((info)::text = ANY ('{Sweden,Norway,Germany,Denmark,Swedish,Denish,Norwegian,German}'::text[]))"}]}, {"Node Type": "Index Scan", "Parent Relationship": "Inner", "Scan Direction": "Forward", "Index Name": "info_type_pkey", "Relation Name": "info_type", "Alias": "it", "Startup Cost": 0.0, "Total Cost": 0.27, "Plan Rows": 1, "Plan Width": 4, "Index Cond": "(id = mi.info_type_id)"}]}]}, "Unique SQL Id": 2510907716, "Planner Runtime": 5}, "explain_analyze_plan": {"Plan": {"Node Type": "Aggregate", "Strategy": "Plain", "Startup Cost": 99093.25, "Total Cost": 99093.26, "Plan Rows": 1, "Plan Width": 49, "Actual Min Startup Time": 179.842, "Actual Max Startup Time": 179.842, "Actual Min Total Time": 179.843, "Actual Max Total Time": 179.843, "Plans": [{"Node Type": "Nested Loop", "Parent Relationship": "Outer", "Join Type": "Inner", "Startup Cost": 0.0, "Total Cost": 99088.45, "Plan Rows": 1919, "Plan Width": 17, "Actual Min Startup Time": 179.832, "Actual Max Startup Time": 179.832, "Actual Min Total Time": 179.832, "Actual Max Total Time": 179.832, "Inner Unique": true, "Plans": [{"Node Type": "Nested Loop", "Parent Relationship": "Outer", "Join Type": "Inner", "Startup Cost": 0.0, "Total Cost": 98550.97, "Plan Rows": 1919, "Plan Width": 21, "Actual Min Startup Time": 179.83, "Actual Max Startup Time": 179.83, "Actual Min Total Time": 179.83, "Actual Max Total Time": 179.83, "Inner Unique": false, "Plans": [{"Node Type": "Nested Loop", "Parent Relationship": "Outer", "Join Type": "Inner", "Startup Cost": 0.0, "Total Cost": 96271.68, "Plan Rows": 1869, "Plan Width": 25, "Actual Min Startup Time": 179.829, "Actual Max Startup Time": 179.829, "Actual Min Total Time": 179.829, "Actual Max Total Time": 179.829, "Inner Unique": true, "Plans": [{"Node Type": "Nested Loop", "Parent Relationship": "Outer", "Join Type": "Inner", "Startup Cost": 0.0, "Total Cost": 84654.26, "Plan Rows": 1540, "Plan Width": 4, "Actual Min Startup Time": 179.828, "Actual Max Startup Time": 179.828, "Actual Min Total Time": 179.828, "Actual Max Total Time": 179.828, "Inner Unique": false, "Join Filter": "(ct.id = mc.company_type_id)", "Rows Removed by Join Filter": 24025, "Plans": [{"Node Type": "Index Scan", "Parent Relationship": "Outer", "Scan Direction": "Forward", "Index Name": "company_type_pkey", "Relation Name": "company_type", "Alias": "ct", "Startup Cost": 0.0, "Total Cost": 12.3, "Plan Rows": 1, "Plan Width": 4, "Actual Min Startup Time": 0.042, "Actual Max Startup Time": 0.042, "Actual Min Total Time": 0.051, "Actual Max Total Time": 0.051, "Filter": "((kind)::text = 'production companies'::text)", "Rows Removed by Filter": 2, "Actual Rows": 1}, {"Node Type": "Materialize", "Parent Relationship": "Inner", "Startup Cost": 0.0, "Total Cost": 84611.14, "Plan Rows": 3081, "Plan Width": 8, "Actual Min Startup Time": 171.715, "Actual Max Startup Time": 171.715, "Actual Min Total Time": 174.54, "Actual Max Total Time": 174.54, "Plans": [{"Node Type": "Streaming(type: LOCAL GATHER dop: 1/16)", "Parent Relationship": "Outer", "Startup Cost": 0.0, "Total Cost": 84603.44, "Plan Rows": 3081, "Plan Width": 8, "Actual Min Startup Time": 33.606, "Actual Max Startup Time": 33.606, "Actual Min Total Time": 167.84, "Actual Max Total Time": 167.84, "Plans": [{"Node Type": "Index Scan", "Parent Relationship": "Outer", "Scan Direction": "Forward", "Index Name": "company_type_id_movie_companies", "Relation Name": "movie_companies", "Alias": "mc", "Startup Cost": 0.0, "Total Cost": 84536.95, "Plan Rows": 3081, "Plan Width": 8, "Actual Min Startup Time": 16.414, "Actual Max Startup Time": 89.105, "Actual Min Total Time": 85.898, "Actual Max Total Time": 151.015, "Filter": "(((note)::text ~~ '%(theatrical)%'::text) AND ((note)::text ~~ '%(France)%'::text))", "Rows Removed by Filter": 2585103, "Actual Rows": 24025}], "Actual Rows": 24025}], "Actual Rows": 24026}], "Actual Rows": 0}, {"Node Type": "Index Scan", "Parent Relationship": "Inner", "Scan Direction": "Forward", "Index Name": "title_pkey", "Relation Name": "title", "Alias": "t", "Startup Cost": 0.0, "Total Cost": 7.53, "Plan Rows": 1, "Plan Width": 21, "Actual Startup Time": 0.0, "Actual Total Time": 0.0, "Index Cond": "(id = mc.movie_id)", "Rows Removed by Index Recheck": 0, "Filter": "(production_year > 2005)", "Rows Removed by Filter": 0}], "Actual Rows": 0}, {"Node Type": "Index Scan", "Parent Relationship": "Inner", "Scan Direction": "Forward", "Index Name": "movie_id_movie_info", "Relation Name": "movie_info", "Alias": "mi", "Startup Cost": 0.0, "Total Cost": 1.21, "Plan Rows": 1, "Plan Width": 8, "Actual Startup Time": 0.0, "Actual Total Time": 0.0, "Index Cond": "(movie_id = t.id)", "Rows Removed by Index Recheck": 0, "Filter": "((info)::text = ANY ('{Sweden,Norway,Germany,Denmark,Swedish,Denish,Norwegian,German}'::text[]))", "Rows Removed by Filter": 0}], "Actual Rows": 0}, {"Node Type": "Index Scan", "Parent Relationship": "Inner", "Scan Direction": "Forward", "Index Name": "info_type_pkey", "Relation Name": "info_type", "Alias": "it", "Startup Cost": 0.0, "Total Cost": 0.27, "Plan Rows": 1, "Plan Width": 4, "Actual Startup Time": 0.0, "Actual Total Time": 0.0, "Index Cond": "(id = mi.info_type_id)", "Rows Removed by Index Recheck": 0}], "Actual Rows": 0}], "Actual Rows": 1}, "Triggers": [], "Planner Runtime": 9.053, "Total Runtime": 182.351, "Unique SQL Id": 2510907716}}, "(16, '30')": {"explain_plan": {"Plan": {"Node Type": "Aggregate", "Strategy": "Plain", "Startup Cost": 254554.58, "Total Cost": 254554.6, "Plan Rows": 1, "Plan Width": 49, "Plans": [{"Node Type": "Streaming(type: LOCAL GATHER dop: 1/16)", "Parent Relationship": "Outer", "Startup Cost": 254554.58, "Total Cost": 254554.6, "Plan Rows": 1, "Plan Width": 49, "Plans": [{"Node Type": "Aggregate", "Strategy": "Plain", "Parent Relationship": "Outer", "Startup Cost": 254554.58, "Total Cost": 254554.59, "Plan Rows": 1, "Plan Width": 49, "Plans": [{"Node Type": "Nested Loop", "Parent Relationship": "Outer", "Join Type": "Inner", "Startup Cost": 0.0, "Total Cost": 254549.79, "Plan Rows": 1919, "Plan Width": 17, "Inner Unique": true, "Join Filter": "(mi.movie_id = t.id)", "Plans": [{"Node Type": "Streaming(type: LOCAL REDISTRIBUTE dop: 16/1)", "Parent Relationship": "Outer", "Startup Cost": 0.0, "Total Cost": 122515.3, "Plan Rows": 1581, "Plan Width": 8, "Plans": [{"Node Type": "Nested Loop", "Parent Relationship": "Outer", "Join Type": "Inner", "Startup Cost": 0.0, "Total Cost": 107449.56, "Plan Rows": 1581, "Plan Width": 8, "Inner Unique": true, "Join Filter": "(mi.info_type_id = it.id)", "Plans": [{"Node Type": "Streaming(type: LOCAL GATHER dop: 1/16)", "Parent Relationship": "Outer", "Startup Cost": 0.0, "Total Cost": 104791.08, "Plan Rows": 1581, "Plan Width": 12, "Plans": [{"Node Type": "Nested Loop", "Parent Relationship": "Outer", "Join Type": "Inner", "Startup Cost": 0.0, "Total Cost": 104756.96, "Plan Rows": 1581, "Plan Width": 12, "Inner Unique": false, "Join Filter": "(mc.movie_id = mi.movie_id)", "Plans": [{"Node Type": "Streaming(type: LOCAL REDISTRIBUTE dop: 16/16)", "Parent Relationship": "Outer", "Startup Cost": 0.0, "Total Cost": 58391.53, "Plan Rows": 141478, "Plan Width": 8, "Plans": [{"Node Type": "Seq Scan", "Parent Relationship": "Outer", "Relation Name": "movie_info", "Alias": "mi", "Startup Cost": 0.0, "Total Cost": 42855.46, "Plan Rows": 141478, "Plan Width": 8, "Filter": "((info)::text = ANY ('{Sweden,Norway,Germany,Denmark,Swedish,Denish,Norwegian,German}'::text[]))"}]}, {"Node Type": "Materialize", "Parent Relationship": "Inner", "Startup Cost": 0.0, "Total Cost": 33599.49, "Plan Rows": 1540, "Plan Width": 4, "Plans": [{"Node Type": "Streaming(type: LOCAL REDISTRIBUTE dop: 16/1)", "Parent Relationship": "Outer", "Startup Cost": 0.0, "Total Cost": 33599.01, "Plan Rows": 1540, "Plan Width": 4, "Plans": [{"Node Type": "Nested Loop", "Parent Relationship": "Outer", "Join Type": "Inner", "Startup Cost": 0.0, "Total Cost": 18534.98, "Plan Rows": 1540, "Plan Width": 4, "Inner Unique": false, "Join Filter": "(ct.id = mc.company_type_id)", "Plans": [{"Node Type": "Seq Scan", "Parent Relationship": "Outer", "Relation Name": "company_type", "Alias": "ct", "Startup Cost": 0.0, "Total Cost": 1.04, "Plan Rows": 1, "Plan Width": 4, "Filter": "((kind)::text = 'production companies'::text)"}, {"Node Type": "Materialize", "Parent Relationship": "Inner", "Startup Cost": 0.0, "Total Cost": 18503.13, "Plan Rows": 3081, "Plan Width": 8, "Plans": [{"Node Type": "Streaming(type: LOCAL GATHER dop: 1/16)", "Parent Relationship": "Outer", "Startup Cost": 0.0, "Total Cost": 18495.43, "Plan Rows": 3081, "Plan Width": 8, "Plans": [{"Node Type": "Seq Scan", "Parent Relationship": "Outer", "Relation Name": "movie_companies", "Alias": "mc", "Startup Cost": 0.0, "Total Cost": 18428.93, "Plan Rows": 3081, "Plan Width": 8, "Filter": "(((note)::text ~~ '%(theatrical)%'::text) AND ((note)::text ~~ '%(France)%'::text))"}]}]}]}]}]}]}]}, {"Node Type": "Materialize", "Parent Relationship": "Inner", "Startup Cost": 0.0, "Total Cost": 2.68, "Plan Rows": 112, "Plan Width": 4, "Plans": [{"Node Type": "Seq Scan", "Parent Relationship": "Outer", "Relation Name": "info_type", "Alias": "it", "Startup Cost": 0.0, "Total Cost": 2.12, "Plan Rows": 112, "Plan Width": 4}]}]}]}, {"Node Type": "Materialize", "Parent Relationship": "Inner", "Startup Cost": 0.0, "Total Cost": 38306.27, "Plan Rows": 1013492, "Plan Width": 21, "Plans": [{"Node Type": "Streaming(type: LOCAL REDISTRIBUTE dop: 16/16)", "Parent Relationship": "Outer", "Startup Cost": 0.0, "Total Cost": 37989.55, "Plan Rows": 1013492, "Plan Width": 21, "Plans": [{"Node Type": "Seq Scan", "Parent Relationship": "Outer", "Relation Name": "title", "Alias": "t", "Startup Cost": 0.0, "Total Cost": 19149.37, "Plan Rows": 1013492, "Plan Width": 21, "Filter": "(production_year > 2005), (LLVM Optimized)"}]}]}]}]}]}]}, "Unique SQL Id": 2510907716, "Planner Runtime": 6}, "explain_analyze_plan": null}, "(16, '31')": {"explain_plan": {"Plan": {"Node Type": "Aggregate", "Strategy": "Plain", "Startup Cost": 4997607846708.68, "Total Cost": 4997607846708.69, "Plan Rows": 1, "Plan Width": 49, "Plans": [{"Node Type": "Merge Join", "Parent Relationship": "Outer", "Join Type": "Inner", "Startup Cost": 50021490308.98, "Total Cost": 4997607846703.88, "Plan Rows": 1919, "Plan Width": 17, "Inner Unique": false, "Merge Cond": "(mi.movie_id = t.id)", "Plans": [{"Node Type": "Nested Loop", "Parent Relationship": "Outer", "Join Type": "Inner", "Startup Cost": 20000000000.0, "Total Cost": 2000118925954.54, "Plan Rows": 141478, "Plan Width": 4, "Inner Unique": true, "Join Filter": "(it.id = mi.info_type_id), (LLVM Optimized)", "Plans": [{"Node Type": "Index Scan", "Parent Relationship": "Outer", "Scan Direction": "Forward", "Index Name": "movie_id_movie_info", "Relation Name": "movie_info", "Alias": "mi", "Startup Cost": 10000000000.0, "Total Cost": 1000118686878.22, "Plan Rows": 141478, "Plan Width": 8, "Filter": "((info)::text = ANY ('{Sweden,Norway,Germany,Denmark,Swedish,Denish,Norwegian,German}'::text[]))"}, {"Node Type": "Materialize", "Parent Relationship": "Inner", "Startup Cost": 10000000000.0, "Total Cost": 1000000001393.56, "Plan Rows": 112, "Plan Width": 4, "Plans": [{"Node Type": "Index Scan", "Parent Relationship": "Outer", "Scan Direction": "Forward", "Index Name": "info_type_pkey", "Relation Name": "info_type", "Alias": "it", "Startup Cost": 10000000000.0, "Total Cost": 1000000001393.0, "Plan Rows": 112, "Plan Width": 4}]}]}, {"Node Type": "Materialize", "Parent Relationship": "Inner", "Startup Cost": 30021490308.98, "Total Cost": 2999077500382.5, "Plan Rows": 1869, "Plan Width": 25, "Plans": [{"Node Type": "Merge Join", "Parent Relationship": "Outer", "Join Type": "Inner", "Startup Cost": 30021490308.98, "Total Cost": 2999077500377.83, "Plan Rows": 1869, "Plan Width": 25, "Inner Unique": true, "Merge Cond": "(mc.movie_id = t.id)", "Plans": [{"Node Type": "Nested Loop", "Parent Relationship": "Outer", "Join Type": "Inner", "Startup Cost": 20000000000.0, "Total Cost": 2000014357786.6, "Plan Rows": 1540, "Plan Width": 4, "Inner Unique": true, "Join Filter": "(ct.id = mc.company_type_id)", "Plans": [{"Node Type": "Index Scan", "Parent Relationship": "Outer", "Scan Direction": "Forward", "Index Name": "movie_id_movie_companies", "Relation Name": "movie_companies", "Alias": "mc", "Startup Cost": 10000000000.0, "Total Cost": 1000014356510.13, "Plan Rows": 3081, "Plan Width": 8, "Filter": "(((note)::text ~~ '%(theatrical)%'::text) AND ((note)::text ~~ '%(France)%'::text))"}, {"Node Type": "Materialize", "Parent Relationship": "Inner", "Startup Cost": 10000000000.0, "Total Cost": 1000000001230.26, "Plan Rows": 1, "Plan Width": 4, "Plans": [{"Node Type": "Index Scan", "Parent Relationship": "Outer", "Scan Direction": "Forward", "Index Name": "company_type_pkey", "Relation Name": "company_type", "Alias": "ct", "Startup Cost": 10000000000.0, "Total Cost": 1000000001230.25, "Plan Rows": 1, "Plan Width": 4, "Filter": "((kind)::text = 'production companies'::text)"}]}]}, {"Node Type": "Index Scan", "Parent Relationship": "Inner", "Scan Direction": "Forward", "Index Name": "title_pkey", "Relation Name": "title", "Alias": "t", "Startup Cost": 10000000000.0, "Total Cost": 1000011644126.66, "Plan Rows": 1013492, "Plan Width": 21, "Filter": "(production_year > 2005), (LLVM Optimized)"}]}]}]}]}, "Unique SQL Id": 2510907716, "Planner Runtime": 11}, "explain_analyze_plan": null}, "(16, '32')": {"explain_plan": {"Plan": {"Node Type": "Aggregate", "Strategy": "Plain", "Startup Cost": 32465.34, "Total Cost": 32465.35, "Plan Rows": 1, "Plan Width": 49, "Plans": [{"Node Type": "Hash Join", "Parent Relationship": "Outer", "Join Type": "Inner", "Startup Cost": 3.52, "Total Cost": 32460.54, "Plan Rows": 1919, "Plan Width": 17, "Inner Unique": true, "Hash Cond": "(mi.info_type_id = it.id)", "Plans": [{"Node Type": "Nested Loop", "Parent Relationship": "Outer", "Join Type": "Inner", "Startup Cost": 0.0, "Total Cost": 32431.69, "Plan Rows": 1919, "Plan Width": 21, "Inner Unique": false, "Plans": [{"Node Type": "Nested Loop", "Parent Relationship": "Outer", "Join Type": "Inner", "Startup Cost": 0.0, "Total Cost": 30152.4, "Plan Rows": 1869, "Plan Width": 25, "Inner Unique": true, "Plans": [{"Node Type": "Nested Loop", "Parent Relationship": "Outer", "Join Type": "Inner", "Startup Cost": 0.0, "Total Cost": 18534.98, "Plan Rows": 1540, "Plan Width": 4, "Inner Unique": false, "Join Filter": "(ct.id = mc.company_type_id)", "Plans": [{"Node Type": "Seq Scan", "Parent Relationship": "Outer", "Relation Name": "company_type", "Alias": "ct", "Startup Cost": 0.0, "Total Cost": 1.04, "Plan Rows": 1, "Plan Width": 4, "Filter": "((kind)::text = 'production companies'::text)"}, {"Node Type": "Materialize", "Parent Relationship": "Inner", "Startup Cost": 0.0, "Total Cost": 18503.13, "Plan Rows": 3081, "Plan Width": 8, "Plans": [{"Node Type": "Streaming(type: LOCAL GATHER dop: 1/16)", "Parent Relationship": "Outer", "Startup Cost": 0.0, "Total Cost": 18495.43, "Plan Rows": 3081, "Plan Width": 8, "Plans": [{"Node Type": "Seq Scan", "Parent Relationship": "Outer", "Relation Name": "movie_companies", "Alias": "mc", "Startup Cost": 0.0, "Total Cost": 18428.93, "Plan Rows": 3081, "Plan Width": 8, "Filter": "(((note)::text ~~ '%(theatrical)%'::text) AND ((note)::text ~~ '%(France)%'::text))"}]}]}]}, {"Node Type": "Index Scan", "Parent Relationship": "Inner", "Scan Direction": "Forward", "Index Name": "title_pkey", "Relation Name": "title", "Alias": "t", "Startup Cost": 0.0, "Total Cost": 7.53, "Plan Rows": 1, "Plan Width": 21, "Index Cond": "(id = mc.movie_id)", "Filter": "(production_year > 2005)"}]}, {"Node Type": "Index Scan", "Parent Relationship": "Inner", "Scan Direction": "Forward", "Index Name": "movie_id_movie_info", "Relation Name": "movie_info", "Alias": "mi", "Startup Cost": 0.0, "Total Cost": 1.21, "Plan Rows": 1, "Plan Width": 8, "Index Cond": "(movie_id = t.id)", "Filter": "((info)::text = ANY ('{Sweden,Norway,Germany,Denmark,Swedish,Denish,Norwegian,German}'::text[]))"}]}, {"Node Type": "Hash", "Parent Relationship": "Inner", "Startup Cost": 2.12, "Total Cost": 2.12, "Plan Rows": 112, "Plan Width": 4, "Plans": [{"Node Type": "Index Only Scan", "Parent Relationship": "Outer", "Scan Direction": "Forward", "Index Name": "info_type_pkey", "Relation Name": "info_type", "Alias": "it", "Startup Cost": 0.0, "Total Cost": 2.12, "Plan Rows": 112, "Plan Width": 4}]}]}]}, "Unique SQL Id": 2510907716, "Planner Runtime": 10}, "explain_analyze_plan": {"Plan": {"Node Type": "Aggregate", "Strategy": "Plain", "Startup Cost": 32465.34, "Total Cost": 32465.35, "Plan Rows": 1, "Plan Width": 49, "Actual Min Startup Time": 94.928, "Actual Max Startup Time": 94.928, "Actual Min Total Time": 94.929, "Actual Max Total Time": 94.929, "Plans": [{"Node Type": "Hash Join", "Parent Relationship": "Outer", "Join Type": "Inner", "Startup Cost": 3.52, "Total Cost": 32460.54, "Plan Rows": 1919, "Plan Width": 17, "Actual Min Startup Time": 94.918, "Actual Max Startup Time": 94.918, "Actual Min Total Time": 94.918, "Actual Max Total Time": 94.918, "Inner Unique": true, "Hash Cond": "(mi.info_type_id = it.id)", "Plans": [{"Node Type": "Nested Loop", "Parent Relationship": "Outer", "Join Type": "Inner", "Startup Cost": 0.0, "Total Cost": 32431.69, "Plan Rows": 1919, "Plan Width": 21, "Actual Min Startup Time": 94.911, "Actual Max Startup Time": 94.911, "Actual Min Total Time": 94.911, "Actual Max Total Time": 94.911, "Inner Unique": false, "Plans": [{"Node Type": "Nested Loop", "Parent Relationship": "Outer", "Join Type": "Inner", "Startup Cost": 0.0, "Total Cost": 30152.4, "Plan Rows": 1869, "Plan Width": 25, "Actual Min Startup Time": 94.909, "Actual Max Startup Time": 94.909, "Actual Min Total Time": 94.909, "Actual Max Total Time": 94.909, "Inner Unique": true, "Plans": [{"Node Type": "Nested Loop", "Parent Relationship": "Outer", "Join Type": "Inner", "Startup Cost": 0.0, "Total Cost": 18534.98, "Plan Rows": 1540, "Plan Width": 4, "Actual Min Startup Time": 94.909, "Actual Max Startup Time": 94.909, "Actual Min Total Time": 94.909, "Actual Max Total Time": 94.909, "Inner Unique": false, "Join Filter": "(ct.id = mc.company_type_id)", "Rows Removed by Join Filter": 24025, "Plans": [{"Node Type": "Seq Scan", "Parent Relationship": "Outer", "Relation Name": "company_type", "Alias": "ct", "Startup Cost": 0.0, "Total Cost": 1.04, "Plan Rows": 1, "Plan Width": 4, "Actual Min Startup Time": 0.047, "Actual Max Startup Time": 0.047, "Actual Min Total Time": 0.051, "Actual Max Total Time": 0.051, "Filter": "((kind)::text = 'production companies'::text)", "Rows Removed by Filter": 2, "Actual Rows": 1}, {"Node Type": "Materialize", "Parent Relationship": "Inner", "Startup Cost": 0.0, "Total Cost": 18503.13, "Plan Rows": 3081, "Plan Width": 8, "Actual Min Startup Time": 86.712, "Actual Max Startup Time": 86.712, "Actual Min Total Time": 89.668, "Actual Max Total Time": 89.668, "Plans": [{"Node Type": "Streaming(type: LOCAL GATHER dop: 1/16)", "Parent Relationship": "Outer", "Startup Cost": 0.0, "Total Cost": 18495.43, "Plan Rows": 3081, "Plan Width": 8, "Actual Min Startup Time": 27.262, "Actual Max Startup Time": 27.262, "Actual Min Total Time": 82.9, "Actual Max Total Time": 82.9, "Plans": [{"Node Type": "Seq Scan", "Parent Relationship": "Outer", "Relation Name": "movie_companies", "Alias": "mc", "Startup Cost": 0.0, "Total Cost": 18428.93, "Plan Rows": 3081, "Plan Width": 8, "Actual Min Startup Time": 0.94, "Actual Max Startup Time": 12.847, "Actual Min Total Time": 60.15, "Actual Max Total Time": 66.525, "Filter": "(((note)::text ~~ '%(theatrical)%'::text) AND ((note)::text ~~ '%(France)%'::text))", "Rows Removed by Filter": 2585103, "Actual Rows": 24025}], "Actual Rows": 24025}], "Actual Rows": 24026}], "Actual Rows": 0}, {"Node Type": "Index Scan", "Parent Relationship": "Inner", "Scan Direction": "Forward", "Index Name": "title_pkey", "Relation Name": "title", "Alias": "t", "Startup Cost": 0.0, "Total Cost": 7.53, "Plan Rows": 1, "Plan Width": 21, "Actual Startup Time": 0.0, "Actual Total Time": 0.0, "Index Cond": "(id = mc.movie_id)", "Rows Removed by Index Recheck": 0, "Filter": "(production_year > 2005)", "Rows Removed by Filter": 0}], "Actual Rows": 0}, {"Node Type": "Index Scan", "Parent Relationship": "Inner", "Scan Direction": "Forward", "Index Name": "movie_id_movie_info", "Relation Name": "movie_info", "Alias": "mi", "Startup Cost": 0.0, "Total Cost": 1.21, "Plan Rows": 1, "Plan Width": 8, "Actual Startup Time": 0.0, "Actual Total Time": 0.0, "Index Cond": "(movie_id = t.id)", "Rows Removed by Index Recheck": 0, "Filter": "((info)::text = ANY ('{Sweden,Norway,Germany,Denmark,Swedish,Denish,Norwegian,German}'::text[]))", "Rows Removed by Filter": 0}], "Actual Rows": 0}, {"Node Type": "Hash", "Parent Relationship": "Inner", "Startup Cost": 2.12, "Total Cost": 2.12, "Plan Rows": 112, "Plan Width": 4, "Actual Startup Time": 0.0, "Actual Total Time": 0.0, "Max Hash Buckets": 0, "Min Hash Buckets": 0, "Max Hash Batches": 0, "Min Hash Batches": 0, "Max Original Hash Batches": 0, "Min Original Hash Batches": 0, "Max Peak Memory Usage": 0, "min Peak Memory Usage": 0, "Plans": [{"Node Type": "Index Only Scan", "Parent Relationship": "Outer", "Scan Direction": "Forward", "Index Name": "info_type_pkey", "Relation Name": "info_type", "Alias": "it", "Startup Cost": 0.0, "Total Cost": 2.12, "Plan Rows": 112, "Plan Width": 4, "Actual Startup Time": 0.0, "Actual Total Time": 0.0, "Heap Fetches": 0}]}], "Actual Rows": 0}], "Actual Rows": 1}, "Triggers": [], "Planner Runtime": 13.282, "Total Runtime": 97.512, "Unique SQL Id": 2510907716}}, "(16, '33')": {"explain_plan": {"Plan": {"Node Type": "Aggregate", "Strategy": "Plain", "Startup Cost": 99093.2, "Total Cost": 99093.21, "Plan Rows": 1, "Plan Width": 49, "Plans": [{"Node Type": "Nested Loop", "Parent Relationship": "Outer", "Join Type": "Inner", "Startup Cost": 0.0, "Total Cost": 99088.4, "Plan Rows": 1919, "Plan Width": 17, "Inner Unique": true, "Plans": [{"Node Type": "Nested Loop", "Parent Relationship": "Outer", "Join Type": "Inner", "Startup Cost": 0.0, "Total Cost": 98550.97, "Plan Rows": 1919, "Plan Width": 21, "Inner Unique": false, "Plans": [{"Node Type": "Nested Loop", "Parent Relationship": "Outer", "Join Type": "Inner", "Startup Cost": 0.0, "Total Cost": 96271.68, "Plan Rows": 1869, "Plan Width": 25, "Inner Unique": true, "Plans": [{"Node Type": "Nested Loop", "Parent Relationship": "Outer", "Join Type": "Inner", "Startup Cost": 0.0, "Total Cost": 84654.26, "Plan Rows": 1540, "Plan Width": 4, "Inner Unique": false, "Join Filter": "(ct.id = mc.company_type_id)", "Plans": [{"Node Type": "Index Scan", "Parent Relationship": "Outer", "Scan Direction": "Forward", "Index Name": "company_type_pkey", "Relation Name": "company_type", "Alias": "ct", "Startup Cost": 0.0, "Total Cost": 12.3, "Plan Rows": 1, "Plan Width": 4, "Filter": "((kind)::text = 'production companies'::text)"}, {"Node Type": "Materialize", "Parent Relationship": "Inner", "Startup Cost": 0.0, "Total Cost": 84611.14, "Plan Rows": 3081, "Plan Width": 8, "Plans": [{"Node Type": "Streaming(type: LOCAL GATHER dop: 1/16)", "Parent Relationship": "Outer", "Startup Cost": 0.0, "Total Cost": 84603.44, "Plan Rows": 3081, "Plan Width": 8, "Plans": [{"Node Type": "Index Scan", "Parent Relationship": "Outer", "Scan Direction": "Forward", "Index Name": "company_type_id_movie_companies", "Relation Name": "movie_companies", "Alias": "mc", "Startup Cost": 0.0, "Total Cost": 84536.95, "Plan Rows": 3081, "Plan Width": 8, "Filter": "(((note)::text ~~ '%(theatrical)%'::text) AND ((note)::text ~~ '%(France)%'::text))"}]}]}]}, {"Node Type": "Index Scan", "Parent Relationship": "Inner", "Scan Direction": "Forward", "Index Name": "title_pkey", "Relation Name": "title", "Alias": "t", "Startup Cost": 0.0, "Total Cost": 7.53, "Plan Rows": 1, "Plan Width": 21, "Index Cond": "(id = mc.movie_id)", "Filter": "(production_year > 2005)"}]}, {"Node Type": "Index Scan", "Parent Relationship": "Inner", "Scan Direction": "Forward", "Index Name": "movie_id_movie_info", "Relation Name": "movie_info", "Alias": "mi", "Startup Cost": 0.0, "Total Cost": 1.21, "Plan Rows": 1, "Plan Width": 8, "Index Cond": "(movie_id = t.id)", "Filter": "((info)::text = ANY ('{Sweden,Norway,Germany,Denmark,Swedish,Denish,Norwegian,German}'::text[]))"}]}, {"Node Type": "Index Only Scan", "Parent Relationship": "Inner", "Scan Direction": "Forward", "Index Name": "info_type_pkey", "Relation Name": "info_type", "Alias": "it", "Startup Cost": 0.0, "Total Cost": 0.27, "Plan Rows": 1, "Plan Width": 4, "Index Cond": "(id = mi.info_type_id)"}]}]}, "Unique SQL Id": 2510907716, "Planner Runtime": 6}, "explain_analyze_plan": {"Plan": {"Node Type": "Aggregate", "Strategy": "Plain", "Startup Cost": 99093.2, "Total Cost": 99093.21, "Plan Rows": 1, "Plan Width": 49, "Actual Min Startup Time": 178.703, "Actual Max Startup Time": 178.703, "Actual Min Total Time": 178.704, "Actual Max Total Time": 178.704, "Plans": [{"Node Type": "Nested Loop", "Parent Relationship": "Outer", "Join Type": "Inner", "Startup Cost": 0.0, "Total Cost": 99088.4, "Plan Rows": 1919, "Plan Width": 17, "Actual Min Startup Time": 178.694, "Actual Max Startup Time": 178.694, "Actual Min Total Time": 178.694, "Actual Max Total Time": 178.694, "Inner Unique": true, "Plans": [{"Node Type": "Nested Loop", "Parent Relationship": "Outer", "Join Type": "Inner", "Startup Cost": 0.0, "Total Cost": 98550.97, "Plan Rows": 1919, "Plan Width": 21, "Actual Min Startup Time": 178.693, "Actual Max Startup Time": 178.693, "Actual Min Total Time": 178.693, "Actual Max Total Time": 178.693, "Inner Unique": false, "Plans": [{"Node Type": "Nested Loop", "Parent Relationship": "Outer", "Join Type": "Inner", "Startup Cost": 0.0, "Total Cost": 96271.68, "Plan Rows": 1869, "Plan Width": 25, "Actual Min Startup Time": 178.691, "Actual Max Startup Time": 178.691, "Actual Min Total Time": 178.691, "Actual Max Total Time": 178.691, "Inner Unique": true, "Plans": [{"Node Type": "Nested Loop", "Parent Relationship": "Outer", "Join Type": "Inner", "Startup Cost": 0.0, "Total Cost": 84654.26, "Plan Rows": 1540, "Plan Width": 4, "Actual Min Startup Time": 178.691, "Actual Max Startup Time": 178.691, "Actual Min Total Time": 178.691, "Actual Max Total Time": 178.691, "Inner Unique": false, "Join Filter": "(ct.id = mc.company_type_id)", "Rows Removed by Join Filter": 24025, "Plans": [{"Node Type": "Index Scan", "Parent Relationship": "Outer", "Scan Direction": "Forward", "Index Name": "company_type_pkey", "Relation Name": "company_type", "Alias": "ct", "Startup Cost": 0.0, "Total Cost": 12.3, "Plan Rows": 1, "Plan Width": 4, "Actual Min Startup Time": 0.041, "Actual Max Startup Time": 0.041, "Actual Min Total Time": 0.049, "Actual Max Total Time": 0.049, "Filter": "((kind)::text = 'production companies'::text)", "Rows Removed by Filter": 2, "Actual Rows": 1}, {"Node Type": "Materialize", "Parent Relationship": "Inner", "Startup Cost": 0.0, "Total Cost": 84611.14, "Plan Rows": 3081, "Plan Width": 8, "Actual Min Startup Time": 170.586, "Actual Max Startup Time": 170.586, "Actual Min Total Time": 173.382, "Actual Max Total Time": 173.382, "Plans": [{"Node Type": "Streaming(type: LOCAL GATHER dop: 1/16)", "Parent Relationship": "Outer", "Startup Cost": 0.0, "Total Cost": 84603.44, "Plan Rows": 3081, "Plan Width": 8, "Actual Min Startup Time": 31.969, "Actual Max Startup Time": 31.969, "Actual Min Total Time": 166.687, "Actual Max Total Time": 166.687, "Plans": [{"Node Type": "Index Scan", "Parent Relationship": "Outer", "Scan Direction": "Forward", "Index Name": "company_type_id_movie_companies", "Relation Name": "movie_companies", "Alias": "mc", "Startup Cost": 0.0, "Total Cost": 84536.95, "Plan Rows": 3081, "Plan Width": 8, "Actual Min Startup Time": 13.763, "Actual Max Startup Time": 86.987, "Actual Min Total Time": 85.513, "Actual Max Total Time": 148.739, "Filter": "(((note)::text ~~ '%(theatrical)%'::text) AND ((note)::text ~~ '%(France)%'::text))", "Rows Removed by Filter": 2585103, "Actual Rows": 24025}], "Actual Rows": 24025}], "Actual Rows": 24026}], "Actual Rows": 0}, {"Node Type": "Index Scan", "Parent Relationship": "Inner", "Scan Direction": "Forward", "Index Name": "title_pkey", "Relation Name": "title", "Alias": "t", "Startup Cost": 0.0, "Total Cost": 7.53, "Plan Rows": 1, "Plan Width": 21, "Actual Startup Time": 0.0, "Actual Total Time": 0.0, "Index Cond": "(id = mc.movie_id)", "Rows Removed by Index Recheck": 0, "Filter": "(production_year > 2005)", "Rows Removed by Filter": 0}], "Actual Rows": 0}, {"Node Type": "Index Scan", "Parent Relationship": "Inner", "Scan Direction": "Forward", "Index Name": "movie_id_movie_info", "Relation Name": "movie_info", "Alias": "mi", "Startup Cost": 0.0, "Total Cost": 1.21, "Plan Rows": 1, "Plan Width": 8, "Actual Startup Time": 0.0, "Actual Total Time": 0.0, "Index Cond": "(movie_id = t.id)", "Rows Removed by Index Recheck": 0, "Filter": "((info)::text = ANY ('{Sweden,Norway,Germany,Denmark,Swedish,Denish,Norwegian,German}'::text[]))", "Rows Removed by Filter": 0}], "Actual Rows": 0}, {"Node Type": "Index Only Scan", "Parent Relationship": "Inner", "Scan Direction": "Forward", "Index Name": "info_type_pkey", "Relation Name": "info_type", "Alias": "it", "Startup Cost": 0.0, "Total Cost": 0.27, "Plan Rows": 1, "Plan Width": 4, "Actual Startup Time": 0.0, "Actual Total Time": 0.0, "Index Cond": "(id = mi.info_type_id)", "Rows Removed by Index Recheck": 0, "Heap Fetches": 0}], "Actual Rows": 0}], "Actual Rows": 1}, "Triggers": [], "Planner Runtime": 9.112, "Total Runtime": 181.21, "Unique SQL Id": 2510907716}}, "(16, '34')": {"explain_plan": {"Plan": {"Node Type": "Aggregate", "Strategy": "Plain", "Startup Cost": 39108.26, "Total Cost": 39108.27, "Plan Rows": 1, "Plan Width": 49, "Plans": [{"Node Type": "Hash Join", "Parent Relationship": "Outer", "Join Type": "Inner", "Startup Cost": 7.72, "Total Cost": 39103.47, "Plan Rows": 1919, "Plan Width": 17, "Inner Unique": true, "Hash Cond": "(mi.info_type_id = it.id)", "Plans": [{"Node Type": "Nested Loop", "Parent Relationship": "Outer", "Join Type": "Inner", "Startup Cost": 4.2, "Total Cost": 39074.61, "Plan Rows": 1919, "Plan Width": 21, "Inner Unique": false, "Plans": [{"Node Type": "Nested Loop", "Parent Relationship": "Outer", "Join Type": "Inner", "Startup Cost": 3.69, "Total Cost": 30412.7, "Plan Rows": 1869, "Plan Width": 25, "Inner Unique": true, "Plans": [{"Node Type": "Nested Loop", "Parent Relationship": "Outer", "Join Type": "Inner", "Startup Cost": 0.0, "Total Cost": 18534.98, "Plan Rows": 1540, "Plan Width": 4, "Inner Unique": false, "Join Filter": "(ct.id = mc.company_type_id)", "Plans": [{"Node Type": "Seq Scan", "Parent Relationship": "Outer", "Relation Name": "company_type", "Alias": "ct", "Startup Cost": 0.0, "Total Cost": 1.04, "Plan Rows": 1, "Plan Width": 4, "Filter": "((kind)::text = 'production companies'::text)"}, {"Node Type": "Materialize", "Parent Relationship": "Inner", "Startup Cost": 0.0, "Total Cost": 18503.13, "Plan Rows": 3081, "Plan Width": 8, "Plans": [{"Node Type": "Streaming(type: LOCAL GATHER dop: 1/16)", "Parent Relationship": "Outer", "Startup Cost": 0.0, "Total Cost": 18495.43, "Plan Rows": 3081, "Plan Width": 8, "Plans": [{"Node Type": "Seq Scan", "Parent Relationship": "Outer", "Relation Name": "movie_companies", "Alias": "mc", "Startup Cost": 0.0, "Total Cost": 18428.93, "Plan Rows": 3081, "Plan Width": 8, "Filter": "(((note)::text ~~ '%(theatrical)%'::text) AND ((note)::text ~~ '%(France)%'::text))"}]}]}]}, {"Node Type": "Bitmap Heap Scan", "Parent Relationship": "Inner", "Relation Name": "title", "Alias": "t", "Startup Cost": 3.69, "Total Cost": 7.7, "Plan Rows": 1, "Plan Width": 21, "Recheck Cond": "(id = mc.movie_id)", "Filter": "(production_year > 2005)", "Plans": [{"Node Type": "Bitmap Index Scan", "Parent Relationship": "Outer", "Index Name": "title_pkey", "Startup Cost": 0.0, "Total Cost": 3.69, "Plan Rows": 1, "Plan Width": 0, "Index Cond": "(id = mc.movie_id)"}]}]}, {"Node Type": "Bitmap Heap Scan", "Parent Relationship": "Inner", "Relation Name": "movie_info", "Alias": "mi", "Startup Cost": 0.51, "Total Cost": 4.62, "Plan Rows": 1, "Plan Width": 8, "Recheck Cond": "(movie_id = t.id)", "Filter": "((info)::text = ANY ('{Sweden,Norway,Germany,Denmark,Swedish,Denish,Norwegian,German}'::text[]))", "Plans": [{"Node Type": "Bitmap Index Scan", "Parent Relationship": "Outer", "Index Name": "movie_id_movie_info", "Startup Cost": 0.0, "Total Cost": 0.51, "Plan Rows": 5, "Plan Width": 0, "Index Cond": "(movie_id = t.id)"}]}]}, {"Node Type": "Hash", "Parent Relationship": "Inner", "Startup Cost": 2.12, "Total Cost": 2.12, "Plan Rows": 112, "Plan Width": 4, "Plans": [{"Node Type": "Seq Scan", "Parent Relationship": "Outer", "Relation Name": "info_type", "Alias": "it", "Startup Cost": 0.0, "Total Cost": 2.12, "Plan Rows": 112, "Plan Width": 4}]}]}]}, "Unique SQL Id": 2510907716, "Planner Runtime": 11}, "explain_analyze_plan": {"Plan": {"Node Type": "Aggregate", "Strategy": "Plain", "Startup Cost": 39108.26, "Total Cost": 39108.27, "Plan Rows": 1, "Plan Width": 49, "Actual Min Startup Time": 97.803, "Actual Max Startup Time": 97.803, "Actual Min Total Time": 97.804, "Actual Max Total Time": 97.804, "Plans": [{"Node Type": "Hash Join", "Parent Relationship": "Outer", "Join Type": "Inner", "Startup Cost": 7.72, "Total Cost": 39103.47, "Plan Rows": 1919, "Plan Width": 17, "Actual Min Startup Time": 97.792, "Actual Max Startup Time": 97.792, "Actual Min Total Time": 97.792, "Actual Max Total Time": 97.792, "Inner Unique": true, "Hash Cond": "(mi.info_type_id = it.id)", "Plans": [{"Node Type": "Nested Loop", "Parent Relationship": "Outer", "Join Type": "Inner", "Startup Cost": 4.2, "Total Cost": 39074.61, "Plan Rows": 1919, "Plan Width": 21, "Actual Min Startup Time": 97.642, "Actual Max Startup Time": 97.642, "Actual Min Total Time": 97.642, "Actual Max Total Time": 97.642, "Inner Unique": false, "Plans": [{"Node Type": "Nested Loop", "Parent Relationship": "Outer", "Join Type": "Inner", "Startup Cost": 3.69, "Total Cost": 30412.7, "Plan Rows": 1869, "Plan Width": 25, "Actual Min Startup Time": 97.64, "Actual Max Startup Time": 97.64, "Actual Min Total Time": 97.64, "Actual Max Total Time": 97.64, "Inner Unique": true, "Plans": [{"Node Type": "Nested Loop", "Parent Relationship": "Outer", "Join Type": "Inner", "Startup Cost": 0.0, "Total Cost": 18534.98, "Plan Rows": 1540, "Plan Width": 4, "Actual Min Startup Time": 97.64, "Actual Max Startup Time": 97.64, "Actual Min Total Time": 97.64, "Actual Max Total Time": 97.64, "Inner Unique": false, "Join Filter": "(ct.id = mc.company_type_id)", "Rows Removed by Join Filter": 24025, "Plans": [{"Node Type": "Seq Scan", "Parent Relationship": "Outer", "Relation Name": "company_type", "Alias": "ct", "Startup Cost": 0.0, "Total Cost": 1.04, "Plan Rows": 1, "Plan Width": 4, "Actual Min Startup Time": 0.037, "Actual Max Startup Time": 0.037, "Actual Min Total Time": 0.04, "Actual Max Total Time": 0.04, "Filter": "((kind)::text = 'production companies'::text)", "Rows Removed by Filter": 2, "Actual Rows": 1}, {"Node Type": "Materialize", "Parent Relationship": "Inner", "Startup Cost": 0.0, "Total Cost": 18503.13, "Plan Rows": 3081, "Plan Width": 8, "Actual Min Startup Time": 89.368, "Actual Max Startup Time": 89.368, "Actual Min Total Time": 92.275, "Actual Max Total Time": 92.275, "Plans": [{"Node Type": "Streaming(type: LOCAL GATHER dop: 1/16)", "Parent Relationship": "Outer", "Startup Cost": 0.0, "Total Cost": 18495.43, "Plan Rows": 3081, "Plan Width": 8, "Actual Min Startup Time": 28.844, "Actual Max Startup Time": 28.844, "Actual Min Total Time": 85.66, "Actual Max Total Time": 85.66, "Plans": [{"Node Type": "Seq Scan", "Parent Relationship": "Outer", "Relation Name": "movie_companies", "Alias": "mc", "Startup Cost": 0.0, "Total Cost": 18428.93, "Plan Rows": 3081, "Plan Width": 8, "Actual Min Startup Time": 0.921, "Actual Max Startup Time": 12.887, "Actual Min Total Time": 60.194, "Actual Max Total Time": 66.542, "Filter": "(((note)::text ~~ '%(theatrical)%'::text) AND ((note)::text ~~ '%(France)%'::text))", "Rows Removed by Filter": 2585103, "Actual Rows": 24025}], "Actual Rows": 24025}], "Actual Rows": 24026}], "Actual Rows": 0}, {"Node Type": "Bitmap Heap Scan", "Parent Relationship": "Inner", "Relation Name": "title", "Alias": "t", "Startup Cost": 3.69, "Total Cost": 7.7, "Plan Rows": 1, "Plan Width": 21, "Actual Startup Time": 0.0, "Actual Total Time": 0.0, "Recheck Cond": "(id = mc.movie_id)", "Rows Removed by Index Recheck": 0, "Filter": "(production_year > 2005)", "Rows Removed by Filter": 0, "Exact Heap Blocks": 0, "Lossy Heap Blocks": 0, "Plans": [{"Node Type": "Bitmap Index Scan", "Parent Relationship": "Outer", "Index Name": "title_pkey", "Startup Cost": 0.0, "Total Cost": 3.69, "Plan Rows": 1, "Plan Width": 0, "Actual Startup Time": 0.0, "Actual Total Time": 0.0, "Index Cond": "(id = mc.movie_id)"}]}], "Actual Rows": 0}, {"Node Type": "Bitmap Heap Scan", "Parent Relationship": "Inner", "Relation Name": "movie_info", "Alias": "mi", "Startup Cost": 0.51, "Total Cost": 4.62, "Plan Rows": 1, "Plan Width": 8, "Actual Startup Time": 0.0, "Actual Total Time": 0.0, "Recheck Cond": "(movie_id = t.id)", "Rows Removed by Index Recheck": 0, "Filter": "((info)::text = ANY ('{Sweden,Norway,Germany,Denmark,Swedish,Denish,Norwegian,German}'::text[]))", "Rows Removed by Filter": 0, "Exact Heap Blocks": 0, "Lossy Heap Blocks": 0, "Plans": [{"Node Type": "Bitmap Index Scan", "Parent Relationship": "Outer", "Index Name": "movie_id_movie_info", "Startup Cost": 0.0, "Total Cost": 0.51, "Plan Rows": 5, "Plan Width": 0, "Actual Startup Time": 0.0, "Actual Total Time": 0.0, "Index Cond": "(movie_id = t.id)"}]}], "Actual Rows": 0}, {"Node Type": "Hash", "Parent Relationship": "Inner", "Startup Cost": 2.12, "Total Cost": 2.12, "Plan Rows": 112, "Plan Width": 4, "Actual Min Startup Time": 0.101, "Actual Max Startup Time": 0.101, "Actual Min Total Time": 0.101, "Actual Max Total Time": 0.101, "Max Hash Buckets": 32768, "Min Hash Buckets": 32768, "Max Hash Batches": 1, "Min Hash Batches": 1, "Max Original Hash Batches": 1, "Min Original Hash Batches": 1, "Max Peak Memory Usage": 4, "min Peak Memory Usage": 4, "Plans": [{"Node Type": "Seq Scan", "Parent Relationship": "Outer", "Relation Name": "info_type", "Alias": "it", "Startup Cost": 0.0, "Total Cost": 2.12, "Plan Rows": 112, "Plan Width": 4, "Actual Min Startup Time": 0.028, "Actual Max Startup Time": 0.028, "Actual Min Total Time": 0.05, "Actual Max Total Time": 0.05, "Actual Rows": 112}], "Actual Rows": 112}], "Actual Rows": 0}], "Actual Rows": 1}, "Triggers": [], "Planner Runtime": 14.023, "Total Runtime": 100.363, "Unique SQL Id": 2510907716}}, "(16, '35')": {"explain_plan": {"Plan": {"Node Type": "Aggregate", "Strategy": "Plain", "Startup Cost": 88113.56, "Total Cost": 88113.57, "Plan Rows": 1, "Plan Width": 49, "Plans": [{"Node Type": "Hash Join", "Parent Relationship": "Outer", "Join Type": "Inner", "Startup Cost": 28972.69, "Total Cost": 88108.77, "Plan Rows": 1919, "Plan Width": 17, "Inner Unique": true, "Hash Cond": "(mi.info_type_id = it.id)", "Plans": [{"Node Type": "Nested Loop", "Parent Relationship": "Outer", "Join Type": "Inner", "Startup Cost": 28957.33, "Total Cost": 88068.08, "Plan Rows": 1919, "Plan Width": 21, "Inner Unique": false, "Plans": [{"Node Type": "Nested Loop", "Parent Relationship": "Outer", "Join Type": "Inner", "Startup Cost": 28956.82, "Total Cost": 79406.16, "Plan Rows": 1869, "Plan Width": 25, "Inner Unique": true, "Plans": [{"Node Type": "Nested Loop", "Parent Relationship": "Outer", "Join Type": "Inner", "Startup Cost": 28953.13, "Total Cost": 67528.44, "Plan Rows": 1540, "Plan Width": 4, "Inner Unique": false, "Plans": [{"Node Type": "Bitmap Heap Scan", "Parent Relationship": "Outer", "Relation Name": "company_type", "Alias": "ct", "Startup Cost": 8.27, "Total Cost": 12.3, "Plan Rows": 1, "Plan Width": 4, "Filter": "((kind)::text = 'production companies'::text)", "Plans": [{"Node Type": "Bitmap Index Scan", "Parent Relationship": "Outer", "Index Name": "company_type_pkey", "Startup Cost": 0.0, "Total Cost": 8.27, "Plan Rows": 3, "Plan Width": 0}]}, {"Node Type": "Bitmap Heap Scan", "Parent Relationship": "Inner", "Relation Name": "movie_companies", "Alias": "mc", "Startup Cost": 28944.86, "Total Cost": 67500.74, "Plan Rows": 1540, "Plan Width": 8, "Recheck Cond": "(company_type_id = ct.id)", "Filter": "(((note)::text ~~ '%(theatrical)%'::text) AND ((note)::text ~~ '%(France)%'::text))", "Plans": [{"Node Type": "Bitmap Index Scan", "Parent Relationship": "Outer", "Index Name": "company_type_id_movie_companies", "Startup Cost": 0.0, "Total Cost": 28944.48, "Plan Rows": 1304564, "Plan Width": 0, "Index Cond": "(company_type_id = ct.id)"}]}]}, {"Node Type": "Bitmap Heap Scan", "Parent Relationship": "Inner", "Relation Name": "title", "Alias": "t", "Startup Cost": 3.69, "Total Cost": 7.7, "Plan Rows": 1, "Plan Width": 21, "Recheck Cond": "(id = mc.movie_id)", "Filter": "(production_year > 2005)", "Plans": [{"Node Type": "Bitmap Index Scan", "Parent Relationship": "Outer", "Index Name": "title_pkey", "Startup Cost": 0.0, "Total Cost": 3.69, "Plan Rows": 1, "Plan Width": 0, "Index Cond": "(id = mc.movie_id)"}]}]}, {"Node Type": "Bitmap Heap Scan", "Parent Relationship": "Inner", "Relation Name": "movie_info", "Alias": "mi", "Startup Cost": 0.51, "Total Cost": 4.62, "Plan Rows": 1, "Plan Width": 8, "Recheck Cond": "(movie_id = t.id)", "Filter": "((info)::text = ANY ('{Sweden,Norway,Germany,Denmark,Swedish,Denish,Norwegian,German}'::text[]))", "Plans": [{"Node Type": "Bitmap Index Scan", "Parent Relationship": "Outer", "Index Name": "movie_id_movie_info", "Startup Cost": 0.0, "Total Cost": 0.51, "Plan Rows": 5, "Plan Width": 0, "Index Cond": "(movie_id = t.id)"}]}]}, {"Node Type": "Hash", "Parent Relationship": "Inner", "Startup Cost": 13.96, "Total Cost": 13.96, "Plan Rows": 112, "Plan Width": 4, "Plans": [{"Node Type": "Bitmap Heap Scan", "Parent Relationship": "Outer", "Relation Name": "info_type", "Alias": "it", "Startup Cost": 8.84, "Total Cost": 13.96, "Plan Rows": 112, "Plan Width": 4, "Plans": [{"Node Type": "Bitmap Index Scan", "Parent Relationship": "Outer", "Index Name": "info_type_pkey", "Startup Cost": 0.0, "Total Cost": 8.81, "Plan Rows": 112, "Plan Width": 0}]}]}]}]}, "Unique SQL Id": 2510907716, "Planner Runtime": 4}, "explain_analyze_plan": null}, "(16, '36')": {"explain_plan": {"Plan": {"Node Type": "Aggregate", "Strategy": "Plain", "Startup Cost": 32465.34, "Total Cost": 32465.35, "Plan Rows": 1, "Plan Width": 49, "Plans": [{"Node Type": "Hash Join", "Parent Relationship": "Outer", "Join Type": "Inner", "Startup Cost": 3.52, "Total Cost": 32460.54, "Plan Rows": 1919, "Plan Width": 17, "Inner Unique": true, "Hash Cond": "(mi.info_type_id = it.id)", "Plans": [{"Node Type": "Nested Loop", "Parent Relationship": "Outer", "Join Type": "Inner", "Startup Cost": 0.0, "Total Cost": 32431.69, "Plan Rows": 1919, "Plan Width": 21, "Inner Unique": false, "Plans": [{"Node Type": "Nested Loop", "Parent Relationship": "Outer", "Join Type": "Inner", "Startup Cost": 0.0, "Total Cost": 30152.4, "Plan Rows": 1869, "Plan Width": 25, "Inner Unique": true, "Plans": [{"Node Type": "Nested Loop", "Parent Relationship": "Outer", "Join Type": "Inner", "Startup Cost": 0.0, "Total Cost": 18534.98, "Plan Rows": 1540, "Plan Width": 4, "Inner Unique": false, "Join Filter": "(ct.id = mc.company_type_id)", "Plans": [{"Node Type": "Seq Scan", "Parent Relationship": "Outer", "Relation Name": "company_type", "Alias": "ct", "Startup Cost": 0.0, "Total Cost": 1.04, "Plan Rows": 1, "Plan Width": 4, "Filter": "((kind)::text = 'production companies'::text)"}, {"Node Type": "Materialize", "Parent Relationship": "Inner", "Startup Cost": 0.0, "Total Cost": 18503.13, "Plan Rows": 3081, "Plan Width": 8, "Plans": [{"Node Type": "Streaming(type: LOCAL GATHER dop: 1/16)", "Parent Relationship": "Outer", "Startup Cost": 0.0, "Total Cost": 18495.43, "Plan Rows": 3081, "Plan Width": 8, "Plans": [{"Node Type": "Seq Scan", "Parent Relationship": "Outer", "Relation Name": "movie_companies", "Alias": "mc", "Startup Cost": 0.0, "Total Cost": 18428.93, "Plan Rows": 3081, "Plan Width": 8, "Filter": "(((note)::text ~~ '%(theatrical)%'::text) AND ((note)::text ~~ '%(France)%'::text))"}]}]}]}, {"Node Type": "Index Scan", "Parent Relationship": "Inner", "Scan Direction": "Forward", "Index Name": "title_pkey", "Relation Name": "title", "Alias": "t", "Startup Cost": 0.0, "Total Cost": 7.53, "Plan Rows": 1, "Plan Width": 21, "Index Cond": "(id = mc.movie_id)", "Filter": "(production_year > 2005)"}]}, {"Node Type": "Index Scan", "Parent Relationship": "Inner", "Scan Direction": "Forward", "Index Name": "movie_id_movie_info", "Relation Name": "movie_info", "Alias": "mi", "Startup Cost": 0.0, "Total Cost": 1.21, "Plan Rows": 1, "Plan Width": 8, "Index Cond": "(movie_id = t.id)", "Filter": "((info)::text = ANY ('{Sweden,Norway,Germany,Denmark,Swedish,Denish,Norwegian,German}'::text[]))"}]}, {"Node Type": "Hash", "Parent Relationship": "Inner", "Startup Cost": 2.12, "Total Cost": 2.12, "Plan Rows": 112, "Plan Width": 4, "Plans": [{"Node Type": "Seq Scan", "Parent Relationship": "Outer", "Relation Name": "info_type", "Alias": "it", "Startup Cost": 0.0, "Total Cost": 2.12, "Plan Rows": 112, "Plan Width": 4}]}]}]}, "Unique SQL Id": 2510907716, "Planner Runtime": 10}, "explain_analyze_plan": {"Plan": {"Node Type": "Aggregate", "Strategy": "Plain", "Startup Cost": 32465.34, "Total Cost": 32465.35, "Plan Rows": 1, "Plan Width": 49, "Actual Min Startup Time": 95.587, "Actual Max Startup Time": 95.587, "Actual Min Total Time": 95.588, "Actual Max Total Time": 95.588, "Plans": [{"Node Type": "Hash Join", "Parent Relationship": "Outer", "Join Type": "Inner", "Startup Cost": 3.52, "Total Cost": 32460.54, "Plan Rows": 1919, "Plan Width": 17, "Actual Min Startup Time": 95.576, "Actual Max Startup Time": 95.576, "Actual Min Total Time": 95.576, "Actual Max Total Time": 95.576, "Inner Unique": true, "Hash Cond": "(mi.info_type_id = it.id)", "Plans": [{"Node Type": "Nested Loop", "Parent Relationship": "Outer", "Join Type": "Inner", "Startup Cost": 0.0, "Total Cost": 32431.69, "Plan Rows": 1919, "Plan Width": 21, "Actual Min Startup Time": 95.57, "Actual Max Startup Time": 95.57, "Actual Min Total Time": 95.57, "Actual Max Total Time": 95.57, "Inner Unique": false, "Plans": [{"Node Type": "Nested Loop", "Parent Relationship": "Outer", "Join Type": "Inner", "Startup Cost": 0.0, "Total Cost": 30152.4, "Plan Rows": 1869, "Plan Width": 25, "Actual Min Startup Time": 95.569, "Actual Max Startup Time": 95.569, "Actual Min Total Time": 95.569, "Actual Max Total Time": 95.569, "Inner Unique": true, "Plans": [{"Node Type": "Nested Loop", "Parent Relationship": "Outer", "Join Type": "Inner", "Startup Cost": 0.0, "Total Cost": 18534.98, "Plan Rows": 1540, "Plan Width": 4, "Actual Min Startup Time": 95.568, "Actual Max Startup Time": 95.568, "Actual Min Total Time": 95.568, "Actual Max Total Time": 95.568, "Inner Unique": false, "Join Filter": "(ct.id = mc.company_type_id)", "Rows Removed by Join Filter": 24025, "Plans": [{"Node Type": "Seq Scan", "Parent Relationship": "Outer", "Relation Name": "company_type", "Alias": "ct", "Startup Cost": 0.0, "Total Cost": 1.04, "Plan Rows": 1, "Plan Width": 4, "Actual Min Startup Time": 0.047, "Actual Max Startup Time": 0.047, "Actual Min Total Time": 0.051, "Actual Max Total Time": 0.051, "Filter": "((kind)::text = 'production companies'::text)", "Rows Removed by Filter": 2, "Actual Rows": 1}, {"Node Type": "Materialize", "Parent Relationship": "Inner", "Startup Cost": 0.0, "Total Cost": 18503.13, "Plan Rows": 3081, "Plan Width": 8, "Actual Min Startup Time": 87.301, "Actual Max Startup Time": 87.301, "Actual Min Total Time": 90.299, "Actual Max Total Time": 90.299, "Plans": [{"Node Type": "Streaming(type: LOCAL GATHER dop: 1/16)", "Parent Relationship": "Outer", "Startup Cost": 0.0, "Total Cost": 18495.43, "Plan Rows": 3081, "Plan Width": 8, "Actual Min Startup Time": 28.103, "Actual Max Startup Time": 28.103, "Actual Min Total Time": 83.565, "Actual Max Total Time": 83.565, "Plans": [{"Node Type": "Seq Scan", "Parent Relationship": "Outer", "Relation Name": "movie_companies", "Alias": "mc", "Startup Cost": 0.0, "Total Cost": 18428.93, "Plan Rows": 3081, "Plan Width": 8, "Actual Min Startup Time": 0.907, "Actual Max Startup Time": 12.859, "Actual Min Total Time": 60.123, "Actual Max Total Time": 66.571, "Filter": "(((note)::text ~~ '%(theatrical)%'::text) AND ((note)::text ~~ '%(France)%'::text))", "Rows Removed by Filter": 2585103, "Actual Rows": 24025}], "Actual Rows": 24025}], "Actual Rows": 24026}], "Actual Rows": 0}, {"Node Type": "Index Scan", "Parent Relationship": "Inner", "Scan Direction": "Forward", "Index Name": "title_pkey", "Relation Name": "title", "Alias": "t", "Startup Cost": 0.0, "Total Cost": 7.53, "Plan Rows": 1, "Plan Width": 21, "Actual Startup Time": 0.0, "Actual Total Time": 0.0, "Index Cond": "(id = mc.movie_id)", "Rows Removed by Index Recheck": 0, "Filter": "(production_year > 2005)", "Rows Removed by Filter": 0}], "Actual Rows": 0}, {"Node Type": "Index Scan", "Parent Relationship": "Inner", "Scan Direction": "Forward", "Index Name": "movie_id_movie_info", "Relation Name": "movie_info", "Alias": "mi", "Startup Cost": 0.0, "Total Cost": 1.21, "Plan Rows": 1, "Plan Width": 8, "Actual Startup Time": 0.0, "Actual Total Time": 0.0, "Index Cond": "(movie_id = t.id)", "Rows Removed by Index Recheck": 0, "Filter": "((info)::text = ANY ('{Sweden,Norway,Germany,Denmark,Swedish,Denish,Norwegian,German}'::text[]))", "Rows Removed by Filter": 0}], "Actual Rows": 0}, {"Node Type": "Hash", "Parent Relationship": "Inner", "Startup Cost": 2.12, "Total Cost": 2.12, "Plan Rows": 112, "Plan Width": 4, "Actual Startup Time": 0.0, "Actual Total Time": 0.0, "Max Hash Buckets": 0, "Min Hash Buckets": 0, "Max Hash Batches": 0, "Min Hash Batches": 0, "Max Original Hash Batches": 0, "Min Original Hash Batches": 0, "Max Peak Memory Usage": 0, "min Peak Memory Usage": 0, "Plans": [{"Node Type": "Seq Scan", "Parent Relationship": "Outer", "Relation Name": "info_type", "Alias": "it", "Startup Cost": 0.0, "Total Cost": 2.12, "Plan Rows": 112, "Plan Width": 4, "Actual Startup Time": 0.0, "Actual Total Time": 0.0}]}], "Actual Rows": 0}], "Actual Rows": 1}, "Triggers": [], "Planner Runtime": 13.322, "Total Runtime": 98.118, "Unique SQL Id": 2510907716}}, "(16, '37')": {"explain_plan": {"Plan": {"Node Type": "Aggregate", "Strategy": "Plain", "Startup Cost": 99093.25, "Total Cost": 99093.26, "Plan Rows": 1, "Plan Width": 49, "Plans": [{"Node Type": "Nested Loop", "Parent Relationship": "Outer", "Join Type": "Inner", "Startup Cost": 0.0, "Total Cost": 99088.45, "Plan Rows": 1919, "Plan Width": 17, "Inner Unique": true, "Plans": [{"Node Type": "Nested Loop", "Parent Relationship": "Outer", "Join Type": "Inner", "Startup Cost": 0.0, "Total Cost": 98550.97, "Plan Rows": 1919, "Plan Width": 21, "Inner Unique": false, "Plans": [{"Node Type": "Nested Loop", "Parent Relationship": "Outer", "Join Type": "Inner", "Startup Cost": 0.0, "Total Cost": 96271.68, "Plan Rows": 1869, "Plan Width": 25, "Inner Unique": true, "Plans": [{"Node Type": "Nested Loop", "Parent Relationship": "Outer", "Join Type": "Inner", "Startup Cost": 0.0, "Total Cost": 84654.26, "Plan Rows": 1540, "Plan Width": 4, "Inner Unique": false, "Join Filter": "(ct.id = mc.company_type_id)", "Plans": [{"Node Type": "Index Scan", "Parent Relationship": "Outer", "Scan Direction": "Forward", "Index Name": "company_type_pkey", "Relation Name": "company_type", "Alias": "ct", "Startup Cost": 0.0, "Total Cost": 12.3, "Plan Rows": 1, "Plan Width": 4, "Filter": "((kind)::text = 'production companies'::text)"}, {"Node Type": "Materialize", "Parent Relationship": "Inner", "Startup Cost": 0.0, "Total Cost": 84611.14, "Plan Rows": 3081, "Plan Width": 8, "Plans": [{"Node Type": "Streaming(type: LOCAL GATHER dop: 1/16)", "Parent Relationship": "Outer", "Startup Cost": 0.0, "Total Cost": 84603.44, "Plan Rows": 3081, "Plan Width": 8, "Plans": [{"Node Type": "Index Scan", "Parent Relationship": "Outer", "Scan Direction": "Forward", "Index Name": "company_type_id_movie_companies", "Relation Name": "movie_companies", "Alias": "mc", "Startup Cost": 0.0, "Total Cost": 84536.95, "Plan Rows": 3081, "Plan Width": 8, "Filter": "(((note)::text ~~ '%(theatrical)%'::text) AND ((note)::text ~~ '%(France)%'::text))"}]}]}]}, {"Node Type": "Index Scan", "Parent Relationship": "Inner", "Scan Direction": "Forward", "Index Name": "title_pkey", "Relation Name": "title", "Alias": "t", "Startup Cost": 0.0, "Total Cost": 7.53, "Plan Rows": 1, "Plan Width": 21, "Index Cond": "(id = mc.movie_id)", "Filter": "(production_year > 2005)"}]}, {"Node Type": "Index Scan", "Parent Relationship": "Inner", "Scan Direction": "Forward", "Index Name": "movie_id_movie_info", "Relation Name": "movie_info", "Alias": "mi", "Startup Cost": 0.0, "Total Cost": 1.21, "Plan Rows": 1, "Plan Width": 8, "Index Cond": "(movie_id = t.id)", "Filter": "((info)::text = ANY ('{Sweden,Norway,Germany,Denmark,Swedish,Denish,Norwegian,German}'::text[]))"}]}, {"Node Type": "Index Scan", "Parent Relationship": "Inner", "Scan Direction": "Forward", "Index Name": "info_type_pkey", "Relation Name": "info_type", "Alias": "it", "Startup Cost": 0.0, "Total Cost": 0.27, "Plan Rows": 1, "Plan Width": 4, "Index Cond": "(id = mi.info_type_id)"}]}]}, "Unique SQL Id": 2510907716, "Planner Runtime": 6}, "explain_analyze_plan": {"Plan": {"Node Type": "Aggregate", "Strategy": "Plain", "Startup Cost": 99093.25, "Total Cost": 99093.26, "Plan Rows": 1, "Plan Width": 49, "Actual Min Startup Time": 179.842, "Actual Max Startup Time": 179.842, "Actual Min Total Time": 179.843, "Actual Max Total Time": 179.843, "Plans": [{"Node Type": "Nested Loop", "Parent Relationship": "Outer", "Join Type": "Inner", "Startup Cost": 0.0, "Total Cost": 99088.45, "Plan Rows": 1919, "Plan Width": 17, "Actual Min Startup Time": 179.832, "Actual Max Startup Time": 179.832, "Actual Min Total Time": 179.832, "Actual Max Total Time": 179.832, "Inner Unique": true, "Plans": [{"Node Type": "Nested Loop", "Parent Relationship": "Outer", "Join Type": "Inner", "Startup Cost": 0.0, "Total Cost": 98550.97, "Plan Rows": 1919, "Plan Width": 21, "Actual Min Startup Time": 179.83, "Actual Max Startup Time": 179.83, "Actual Min Total Time": 179.83, "Actual Max Total Time": 179.83, "Inner Unique": false, "Plans": [{"Node Type": "Nested Loop", "Parent Relationship": "Outer", "Join Type": "Inner", "Startup Cost": 0.0, "Total Cost": 96271.68, "Plan Rows": 1869, "Plan Width": 25, "Actual Min Startup Time": 179.829, "Actual Max Startup Time": 179.829, "Actual Min Total Time": 179.829, "Actual Max Total Time": 179.829, "Inner Unique": true, "Plans": [{"Node Type": "Nested Loop", "Parent Relationship": "Outer", "Join Type": "Inner", "Startup Cost": 0.0, "Total Cost": 84654.26, "Plan Rows": 1540, "Plan Width": 4, "Actual Min Startup Time": 179.828, "Actual Max Startup Time": 179.828, "Actual Min Total Time": 179.828, "Actual Max Total Time": 179.828, "Inner Unique": false, "Join Filter": "(ct.id = mc.company_type_id)", "Rows Removed by Join Filter": 24025, "Plans": [{"Node Type": "Index Scan", "Parent Relationship": "Outer", "Scan Direction": "Forward", "Index Name": "company_type_pkey", "Relation Name": "company_type", "Alias": "ct", "Startup Cost": 0.0, "Total Cost": 12.3, "Plan Rows": 1, "Plan Width": 4, "Actual Min Startup Time": 0.042, "Actual Max Startup Time": 0.042, "Actual Min Total Time": 0.051, "Actual Max Total Time": 0.051, "Filter": "((kind)::text = 'production companies'::text)", "Rows Removed by Filter": 2, "Actual Rows": 1}, {"Node Type": "Materialize", "Parent Relationship": "Inner", "Startup Cost": 0.0, "Total Cost": 84611.14, "Plan Rows": 3081, "Plan Width": 8, "Actual Min Startup Time": 171.715, "Actual Max Startup Time": 171.715, "Actual Min Total Time": 174.54, "Actual Max Total Time": 174.54, "Plans": [{"Node Type": "Streaming(type: LOCAL GATHER dop: 1/16)", "Parent Relationship": "Outer", "Startup Cost": 0.0, "Total Cost": 84603.44, "Plan Rows": 3081, "Plan Width": 8, "Actual Min Startup Time": 33.606, "Actual Max Startup Time": 33.606, "Actual Min Total Time": 167.84, "Actual Max Total Time": 167.84, "Plans": [{"Node Type": "Index Scan", "Parent Relationship": "Outer", "Scan Direction": "Forward", "Index Name": "company_type_id_movie_companies", "Relation Name": "movie_companies", "Alias": "mc", "Startup Cost": 0.0, "Total Cost": 84536.95, "Plan Rows": 3081, "Plan Width": 8, "Actual Min Startup Time": 16.414, "Actual Max Startup Time": 89.105, "Actual Min Total Time": 85.898, "Actual Max Total Time": 151.015, "Filter": "(((note)::text ~~ '%(theatrical)%'::text) AND ((note)::text ~~ '%(France)%'::text))", "Rows Removed by Filter": 2585103, "Actual Rows": 24025}], "Actual Rows": 24025}], "Actual Rows": 24026}], "Actual Rows": 0}, {"Node Type": "Index Scan", "Parent Relationship": "Inner", "Scan Direction": "Forward", "Index Name": "title_pkey", "Relation Name": "title", "Alias": "t", "Startup Cost": 0.0, "Total Cost": 7.53, "Plan Rows": 1, "Plan Width": 21, "Actual Startup Time": 0.0, "Actual Total Time": 0.0, "Index Cond": "(id = mc.movie_id)", "Rows Removed by Index Recheck": 0, "Filter": "(production_year > 2005)", "Rows Removed by Filter": 0}], "Actual Rows": 0}, {"Node Type": "Index Scan", "Parent Relationship": "Inner", "Scan Direction": "Forward", "Index Name": "movie_id_movie_info", "Relation Name": "movie_info", "Alias": "mi", "Startup Cost": 0.0, "Total Cost": 1.21, "Plan Rows": 1, "Plan Width": 8, "Actual Startup Time": 0.0, "Actual Total Time": 0.0, "Index Cond": "(movie_id = t.id)", "Rows Removed by Index Recheck": 0, "Filter": "((info)::text = ANY ('{Sweden,Norway,Germany,Denmark,Swedish,Denish,Norwegian,German}'::text[]))", "Rows Removed by Filter": 0}], "Actual Rows": 0}, {"Node Type": "Index Scan", "Parent Relationship": "Inner", "Scan Direction": "Forward", "Index Name": "info_type_pkey", "Relation Name": "info_type", "Alias": "it", "Startup Cost": 0.0, "Total Cost": 0.27, "Plan Rows": 1, "Plan Width": 4, "Actual Startup Time": 0.0, "Actual Total Time": 0.0, "Index Cond": "(id = mi.info_type_id)", "Rows Removed by Index Recheck": 0}], "Actual Rows": 0}], "Actual Rows": 1}, "Triggers": [], "Planner Runtime": 9.053, "Total Runtime": 182.351, "Unique SQL Id": 2510907716}}, "(16, '38')": {"explain_plan": {"Plan": {"Node Type": "Aggregate", "Strategy": "Plain", "Startup Cost": 39108.26, "Total Cost": 39108.27, "Plan Rows": 1, "Plan Width": 49, "Plans": [{"Node Type": "Hash Join", "Parent Relationship": "Outer", "Join Type": "Inner", "Startup Cost": 7.72, "Total Cost": 39103.47, "Plan Rows": 1919, "Plan Width": 17, "Inner Unique": true, "Hash Cond": "(mi.info_type_id = it.id)", "Plans": [{"Node Type": "Nested Loop", "Parent Relationship": "Outer", "Join Type": "Inner", "Startup Cost": 4.2, "Total Cost": 39074.61, "Plan Rows": 1919, "Plan Width": 21, "Inner Unique": false, "Plans": [{"Node Type": "Nested Loop", "Parent Relationship": "Outer", "Join Type": "Inner", "Startup Cost": 3.69, "Total Cost": 30412.7, "Plan Rows": 1869, "Plan Width": 25, "Inner Unique": true, "Plans": [{"Node Type": "Nested Loop", "Parent Relationship": "Outer", "Join Type": "Inner", "Startup Cost": 0.0, "Total Cost": 18534.98, "Plan Rows": 1540, "Plan Width": 4, "Inner Unique": false, "Join Filter": "(ct.id = mc.company_type_id)", "Plans": [{"Node Type": "Seq Scan", "Parent Relationship": "Outer", "Relation Name": "company_type", "Alias": "ct", "Startup Cost": 0.0, "Total Cost": 1.04, "Plan Rows": 1, "Plan Width": 4, "Filter": "((kind)::text = 'production companies'::text)"}, {"Node Type": "Materialize", "Parent Relationship": "Inner", "Startup Cost": 0.0, "Total Cost": 18503.13, "Plan Rows": 3081, "Plan Width": 8, "Plans": [{"Node Type": "Streaming(type: LOCAL GATHER dop: 1/16)", "Parent Relationship": "Outer", "Startup Cost": 0.0, "Total Cost": 18495.43, "Plan Rows": 3081, "Plan Width": 8, "Plans": [{"Node Type": "Seq Scan", "Parent Relationship": "Outer", "Relation Name": "movie_companies", "Alias": "mc", "Startup Cost": 0.0, "Total Cost": 18428.93, "Plan Rows": 3081, "Plan Width": 8, "Filter": "(((note)::text ~~ '%(theatrical)%'::text) AND ((note)::text ~~ '%(France)%'::text))"}]}]}]}, {"Node Type": "Bitmap Heap Scan", "Parent Relationship": "Inner", "Relation Name": "title", "Alias": "t", "Startup Cost": 3.69, "Total Cost": 7.7, "Plan Rows": 1, "Plan Width": 21, "Recheck Cond": "(id = mc.movie_id)", "Filter": "(production_year > 2005)", "Plans": [{"Node Type": "Bitmap Index Scan", "Parent Relationship": "Outer", "Index Name": "title_pkey", "Startup Cost": 0.0, "Total Cost": 3.69, "Plan Rows": 1, "Plan Width": 0, "Index Cond": "(id = mc.movie_id)"}]}]}, {"Node Type": "Bitmap Heap Scan", "Parent Relationship": "Inner", "Relation Name": "movie_info", "Alias": "mi", "Startup Cost": 0.51, "Total Cost": 4.62, "Plan Rows": 1, "Plan Width": 8, "Recheck Cond": "(movie_id = t.id)", "Filter": "((info)::text = ANY ('{Sweden,Norway,Germany,Denmark,Swedish,Denish,Norwegian,German}'::text[]))", "Plans": [{"Node Type": "Bitmap Index Scan", "Parent Relationship": "Outer", "Index Name": "movie_id_movie_info", "Startup Cost": 0.0, "Total Cost": 0.51, "Plan Rows": 5, "Plan Width": 0, "Index Cond": "(movie_id = t.id)"}]}]}, {"Node Type": "Hash", "Parent Relationship": "Inner", "Startup Cost": 2.12, "Total Cost": 2.12, "Plan Rows": 112, "Plan Width": 4, "Plans": [{"Node Type": "Seq Scan", "Parent Relationship": "Outer", "Relation Name": "info_type", "Alias": "it", "Startup Cost": 0.0, "Total Cost": 2.12, "Plan Rows": 112, "Plan Width": 4}]}]}]}, "Unique SQL Id": 2510907716, "Planner Runtime": 11}, "explain_analyze_plan": {"Plan": {"Node Type": "Aggregate", "Strategy": "Plain", "Startup Cost": 39108.26, "Total Cost": 39108.27, "Plan Rows": 1, "Plan Width": 49, "Actual Min Startup Time": 97.803, "Actual Max Startup Time": 97.803, "Actual Min Total Time": 97.804, "Actual Max Total Time": 97.804, "Plans": [{"Node Type": "Hash Join", "Parent Relationship": "Outer", "Join Type": "Inner", "Startup Cost": 7.72, "Total Cost": 39103.47, "Plan Rows": 1919, "Plan Width": 17, "Actual Min Startup Time": 97.792, "Actual Max Startup Time": 97.792, "Actual Min Total Time": 97.792, "Actual Max Total Time": 97.792, "Inner Unique": true, "Hash Cond": "(mi.info_type_id = it.id)", "Plans": [{"Node Type": "Nested Loop", "Parent Relationship": "Outer", "Join Type": "Inner", "Startup Cost": 4.2, "Total Cost": 39074.61, "Plan Rows": 1919, "Plan Width": 21, "Actual Min Startup Time": 97.642, "Actual Max Startup Time": 97.642, "Actual Min Total Time": 97.642, "Actual Max Total Time": 97.642, "Inner Unique": false, "Plans": [{"Node Type": "Nested Loop", "Parent Relationship": "Outer", "Join Type": "Inner", "Startup Cost": 3.69, "Total Cost": 30412.7, "Plan Rows": 1869, "Plan Width": 25, "Actual Min Startup Time": 97.64, "Actual Max Startup Time": 97.64, "Actual Min Total Time": 97.64, "Actual Max Total Time": 97.64, "Inner Unique": true, "Plans": [{"Node Type": "Nested Loop", "Parent Relationship": "Outer", "Join Type": "Inner", "Startup Cost": 0.0, "Total Cost": 18534.98, "Plan Rows": 1540, "Plan Width": 4, "Actual Min Startup Time": 97.64, "Actual Max Startup Time": 97.64, "Actual Min Total Time": 97.64, "Actual Max Total Time": 97.64, "Inner Unique": false, "Join Filter": "(ct.id = mc.company_type_id)", "Rows Removed by Join Filter": 24025, "Plans": [{"Node Type": "Seq Scan", "Parent Relationship": "Outer", "Relation Name": "company_type", "Alias": "ct", "Startup Cost": 0.0, "Total Cost": 1.04, "Plan Rows": 1, "Plan Width": 4, "Actual Min Startup Time": 0.037, "Actual Max Startup Time": 0.037, "Actual Min Total Time": 0.04, "Actual Max Total Time": 0.04, "Filter": "((kind)::text = 'production companies'::text)", "Rows Removed by Filter": 2, "Actual Rows": 1}, {"Node Type": "Materialize", "Parent Relationship": "Inner", "Startup Cost": 0.0, "Total Cost": 18503.13, "Plan Rows": 3081, "Plan Width": 8, "Actual Min Startup Time": 89.368, "Actual Max Startup Time": 89.368, "Actual Min Total Time": 92.275, "Actual Max Total Time": 92.275, "Plans": [{"Node Type": "Streaming(type: LOCAL GATHER dop: 1/16)", "Parent Relationship": "Outer", "Startup Cost": 0.0, "Total Cost": 18495.43, "Plan Rows": 3081, "Plan Width": 8, "Actual Min Startup Time": 28.844, "Actual Max Startup Time": 28.844, "Actual Min Total Time": 85.66, "Actual Max Total Time": 85.66, "Plans": [{"Node Type": "Seq Scan", "Parent Relationship": "Outer", "Relation Name": "movie_companies", "Alias": "mc", "Startup Cost": 0.0, "Total Cost": 18428.93, "Plan Rows": 3081, "Plan Width": 8, "Actual Min Startup Time": 0.921, "Actual Max Startup Time": 12.887, "Actual Min Total Time": 60.194, "Actual Max Total Time": 66.542, "Filter": "(((note)::text ~~ '%(theatrical)%'::text) AND ((note)::text ~~ '%(France)%'::text))", "Rows Removed by Filter": 2585103, "Actual Rows": 24025}], "Actual Rows": 24025}], "Actual Rows": 24026}], "Actual Rows": 0}, {"Node Type": "Bitmap Heap Scan", "Parent Relationship": "Inner", "Relation Name": "title", "Alias": "t", "Startup Cost": 3.69, "Total Cost": 7.7, "Plan Rows": 1, "Plan Width": 21, "Actual Startup Time": 0.0, "Actual Total Time": 0.0, "Recheck Cond": "(id = mc.movie_id)", "Rows Removed by Index Recheck": 0, "Filter": "(production_year > 2005)", "Rows Removed by Filter": 0, "Exact Heap Blocks": 0, "Lossy Heap Blocks": 0, "Plans": [{"Node Type": "Bitmap Index Scan", "Parent Relationship": "Outer", "Index Name": "title_pkey", "Startup Cost": 0.0, "Total Cost": 3.69, "Plan Rows": 1, "Plan Width": 0, "Actual Startup Time": 0.0, "Actual Total Time": 0.0, "Index Cond": "(id = mc.movie_id)"}]}], "Actual Rows": 0}, {"Node Type": "Bitmap Heap Scan", "Parent Relationship": "Inner", "Relation Name": "movie_info", "Alias": "mi", "Startup Cost": 0.51, "Total Cost": 4.62, "Plan Rows": 1, "Plan Width": 8, "Actual Startup Time": 0.0, "Actual Total Time": 0.0, "Recheck Cond": "(movie_id = t.id)", "Rows Removed by Index Recheck": 0, "Filter": "((info)::text = ANY ('{Sweden,Norway,Germany,Denmark,Swedish,Denish,Norwegian,German}'::text[]))", "Rows Removed by Filter": 0, "Exact Heap Blocks": 0, "Lossy Heap Blocks": 0, "Plans": [{"Node Type": "Bitmap Index Scan", "Parent Relationship": "Outer", "Index Name": "movie_id_movie_info", "Startup Cost": 0.0, "Total Cost": 0.51, "Plan Rows": 5, "Plan Width": 0, "Actual Startup Time": 0.0, "Actual Total Time": 0.0, "Index Cond": "(movie_id = t.id)"}]}], "Actual Rows": 0}, {"Node Type": "Hash", "Parent Relationship": "Inner", "Startup Cost": 2.12, "Total Cost": 2.12, "Plan Rows": 112, "Plan Width": 4, "Actual Min Startup Time": 0.101, "Actual Max Startup Time": 0.101, "Actual Min Total Time": 0.101, "Actual Max Total Time": 0.101, "Max Hash Buckets": 32768, "Min Hash Buckets": 32768, "Max Hash Batches": 1, "Min Hash Batches": 1, "Max Original Hash Batches": 1, "Min Original Hash Batches": 1, "Max Peak Memory Usage": 4, "min Peak Memory Usage": 4, "Plans": [{"Node Type": "Seq Scan", "Parent Relationship": "Outer", "Relation Name": "info_type", "Alias": "it", "Startup Cost": 0.0, "Total Cost": 2.12, "Plan Rows": 112, "Plan Width": 4, "Actual Min Startup Time": 0.028, "Actual Max Startup Time": 0.028, "Actual Min Total Time": 0.05, "Actual Max Total Time": 0.05, "Actual Rows": 112}], "Actual Rows": 112}], "Actual Rows": 0}], "Actual Rows": 1}, "Triggers": [], "Planner Runtime": 14.023, "Total Runtime": 100.363, "Unique SQL Id": 2510907716}}, "(16, '39')": {"explain_plan": {"Plan": {"Node Type": "Aggregate", "Strategy": "Plain", "Startup Cost": 88113.56, "Total Cost": 88113.57, "Plan Rows": 1, "Plan Width": 49, "Plans": [{"Node Type": "Hash Join", "Parent Relationship": "Outer", "Join Type": "Inner", "Startup Cost": 28972.69, "Total Cost": 88108.77, "Plan Rows": 1919, "Plan Width": 17, "Inner Unique": true, "Hash Cond": "(mi.info_type_id = it.id)", "Plans": [{"Node Type": "Nested Loop", "Parent Relationship": "Outer", "Join Type": "Inner", "Startup Cost": 28957.33, "Total Cost": 88068.08, "Plan Rows": 1919, "Plan Width": 21, "Inner Unique": false, "Plans": [{"Node Type": "Nested Loop", "Parent Relationship": "Outer", "Join Type": "Inner", "Startup Cost": 28956.82, "Total Cost": 79406.16, "Plan Rows": 1869, "Plan Width": 25, "Inner Unique": true, "Plans": [{"Node Type": "Nested Loop", "Parent Relationship": "Outer", "Join Type": "Inner", "Startup Cost": 28953.13, "Total Cost": 67528.44, "Plan Rows": 1540, "Plan Width": 4, "Inner Unique": false, "Plans": [{"Node Type": "Bitmap Heap Scan", "Parent Relationship": "Outer", "Relation Name": "company_type", "Alias": "ct", "Startup Cost": 8.27, "Total Cost": 12.3, "Plan Rows": 1, "Plan Width": 4, "Filter": "((kind)::text = 'production companies'::text)", "Plans": [{"Node Type": "Bitmap Index Scan", "Parent Relationship": "Outer", "Index Name": "company_type_pkey", "Startup Cost": 0.0, "Total Cost": 8.27, "Plan Rows": 3, "Plan Width": 0}]}, {"Node Type": "Bitmap Heap Scan", "Parent Relationship": "Inner", "Relation Name": "movie_companies", "Alias": "mc", "Startup Cost": 28944.86, "Total Cost": 67500.74, "Plan Rows": 1540, "Plan Width": 8, "Recheck Cond": "(company_type_id = ct.id)", "Filter": "(((note)::text ~~ '%(theatrical)%'::text) AND ((note)::text ~~ '%(France)%'::text))", "Plans": [{"Node Type": "Bitmap Index Scan", "Parent Relationship": "Outer", "Index Name": "company_type_id_movie_companies", "Startup Cost": 0.0, "Total Cost": 28944.48, "Plan Rows": 1304564, "Plan Width": 0, "Index Cond": "(company_type_id = ct.id)"}]}]}, {"Node Type": "Bitmap Heap Scan", "Parent Relationship": "Inner", "Relation Name": "title", "Alias": "t", "Startup Cost": 3.69, "Total Cost": 7.7, "Plan Rows": 1, "Plan Width": 21, "Recheck Cond": "(id = mc.movie_id)", "Filter": "(production_year > 2005)", "Plans": [{"Node Type": "Bitmap Index Scan", "Parent Relationship": "Outer", "Index Name": "title_pkey", "Startup Cost": 0.0, "Total Cost": 3.69, "Plan Rows": 1, "Plan Width": 0, "Index Cond": "(id = mc.movie_id)"}]}]}, {"Node Type": "Bitmap Heap Scan", "Parent Relationship": "Inner", "Relation Name": "movie_info", "Alias": "mi", "Startup Cost": 0.51, "Total Cost": 4.62, "Plan Rows": 1, "Plan Width": 8, "Recheck Cond": "(movie_id = t.id)", "Filter": "((info)::text = ANY ('{Sweden,Norway,Germany,Denmark,Swedish,Denish,Norwegian,German}'::text[]))", "Plans": [{"Node Type": "Bitmap Index Scan", "Parent Relationship": "Outer", "Index Name": "movie_id_movie_info", "Startup Cost": 0.0, "Total Cost": 0.51, "Plan Rows": 5, "Plan Width": 0, "Index Cond": "(movie_id = t.id)"}]}]}, {"Node Type": "Hash", "Parent Relationship": "Inner", "Startup Cost": 13.96, "Total Cost": 13.96, "Plan Rows": 112, "Plan Width": 4, "Plans": [{"Node Type": "Bitmap Heap Scan", "Parent Relationship": "Outer", "Relation Name": "info_type", "Alias": "it", "Startup Cost": 8.84, "Total Cost": 13.96, "Plan Rows": 112, "Plan Width": 4, "Plans": [{"Node Type": "Bitmap Index Scan", "Parent Relationship": "Outer", "Index Name": "info_type_pkey", "Startup Cost": 0.0, "Total Cost": 8.81, "Plan Rows": 112, "Plan Width": 0}]}]}]}]}, "Unique SQL Id": 2510907716, "Planner Runtime": 4}, "explain_analyze_plan": null}, "(16, '40')": {"explain_plan": {"Plan": {"Node Type": "Aggregate", "Strategy": "Plain", "Startup Cost": 32465.34, "Total Cost": 32465.35, "Plan Rows": 1, "Plan Width": 49, "Plans": [{"Node Type": "Hash Join", "Parent Relationship": "Outer", "Join Type": "Inner", "Startup Cost": 3.52, "Total Cost": 32460.54, "Plan Rows": 1919, "Plan Width": 17, "Inner Unique": true, "Hash Cond": "(mi.info_type_id = it.id)", "Plans": [{"Node Type": "Nested Loop", "Parent Relationship": "Outer", "Join Type": "Inner", "Startup Cost": 0.0, "Total Cost": 32431.69, "Plan Rows": 1919, "Plan Width": 21, "Inner Unique": false, "Plans": [{"Node Type": "Nested Loop", "Parent Relationship": "Outer", "Join Type": "Inner", "Startup Cost": 0.0, "Total Cost": 30152.4, "Plan Rows": 1869, "Plan Width": 25, "Inner Unique": true, "Plans": [{"Node Type": "Nested Loop", "Parent Relationship": "Outer", "Join Type": "Inner", "Startup Cost": 0.0, "Total Cost": 18534.98, "Plan Rows": 1540, "Plan Width": 4, "Inner Unique": false, "Join Filter": "(ct.id = mc.company_type_id)", "Plans": [{"Node Type": "Seq Scan", "Parent Relationship": "Outer", "Relation Name": "company_type", "Alias": "ct", "Startup Cost": 0.0, "Total Cost": 1.04, "Plan Rows": 1, "Plan Width": 4, "Filter": "((kind)::text = 'production companies'::text)"}, {"Node Type": "Materialize", "Parent Relationship": "Inner", "Startup Cost": 0.0, "Total Cost": 18503.13, "Plan Rows": 3081, "Plan Width": 8, "Plans": [{"Node Type": "Streaming(type: LOCAL GATHER dop: 1/16)", "Parent Relationship": "Outer", "Startup Cost": 0.0, "Total Cost": 18495.43, "Plan Rows": 3081, "Plan Width": 8, "Plans": [{"Node Type": "Seq Scan", "Parent Relationship": "Outer", "Relation Name": "movie_companies", "Alias": "mc", "Startup Cost": 0.0, "Total Cost": 18428.93, "Plan Rows": 3081, "Plan Width": 8, "Filter": "(((note)::text ~~ '%(theatrical)%'::text) AND ((note)::text ~~ '%(France)%'::text))"}]}]}]}, {"Node Type": "Index Scan", "Parent Relationship": "Inner", "Scan Direction": "Forward", "Index Name": "title_pkey", "Relation Name": "title", "Alias": "t", "Startup Cost": 0.0, "Total Cost": 7.53, "Plan Rows": 1, "Plan Width": 21, "Index Cond": "(id = mc.movie_id)", "Filter": "(production_year > 2005)"}]}, {"Node Type": "Index Scan", "Parent Relationship": "Inner", "Scan Direction": "Forward", "Index Name": "movie_id_movie_info", "Relation Name": "movie_info", "Alias": "mi", "Startup Cost": 0.0, "Total Cost": 1.21, "Plan Rows": 1, "Plan Width": 8, "Index Cond": "(movie_id = t.id)", "Filter": "((info)::text = ANY ('{Sweden,Norway,Germany,Denmark,Swedish,Denish,Norwegian,German}'::text[]))"}]}, {"Node Type": "Hash", "Parent Relationship": "Inner", "Startup Cost": 2.12, "Total Cost": 2.12, "Plan Rows": 112, "Plan Width": 4, "Plans": [{"Node Type": "Index Only Scan", "Parent Relationship": "Outer", "Scan Direction": "Forward", "Index Name": "info_type_pkey", "Relation Name": "info_type", "Alias": "it", "Startup Cost": 0.0, "Total Cost": 2.12, "Plan Rows": 112, "Plan Width": 4}]}]}]}, "Unique SQL Id": 2510907716, "Planner Runtime": 10}, "explain_analyze_plan": {"Plan": {"Node Type": "Aggregate", "Strategy": "Plain", "Startup Cost": 32465.34, "Total Cost": 32465.35, "Plan Rows": 1, "Plan Width": 49, "Actual Min Startup Time": 94.928, "Actual Max Startup Time": 94.928, "Actual Min Total Time": 94.929, "Actual Max Total Time": 94.929, "Plans": [{"Node Type": "Hash Join", "Parent Relationship": "Outer", "Join Type": "Inner", "Startup Cost": 3.52, "Total Cost": 32460.54, "Plan Rows": 1919, "Plan Width": 17, "Actual Min Startup Time": 94.918, "Actual Max Startup Time": 94.918, "Actual Min Total Time": 94.918, "Actual Max Total Time": 94.918, "Inner Unique": true, "Hash Cond": "(mi.info_type_id = it.id)", "Plans": [{"Node Type": "Nested Loop", "Parent Relationship": "Outer", "Join Type": "Inner", "Startup Cost": 0.0, "Total Cost": 32431.69, "Plan Rows": 1919, "Plan Width": 21, "Actual Min Startup Time": 94.911, "Actual Max Startup Time": 94.911, "Actual Min Total Time": 94.911, "Actual Max Total Time": 94.911, "Inner Unique": false, "Plans": [{"Node Type": "Nested Loop", "Parent Relationship": "Outer", "Join Type": "Inner", "Startup Cost": 0.0, "Total Cost": 30152.4, "Plan Rows": 1869, "Plan Width": 25, "Actual Min Startup Time": 94.909, "Actual Max Startup Time": 94.909, "Actual Min Total Time": 94.909, "Actual Max Total Time": 94.909, "Inner Unique": true, "Plans": [{"Node Type": "Nested Loop", "Parent Relationship": "Outer", "Join Type": "Inner", "Startup Cost": 0.0, "Total Cost": 18534.98, "Plan Rows": 1540, "Plan Width": 4, "Actual Min Startup Time": 94.909, "Actual Max Startup Time": 94.909, "Actual Min Total Time": 94.909, "Actual Max Total Time": 94.909, "Inner Unique": false, "Join Filter": "(ct.id = mc.company_type_id)", "Rows Removed by Join Filter": 24025, "Plans": [{"Node Type": "Seq Scan", "Parent Relationship": "Outer", "Relation Name": "company_type", "Alias": "ct", "Startup Cost": 0.0, "Total Cost": 1.04, "Plan Rows": 1, "Plan Width": 4, "Actual Min Startup Time": 0.047, "Actual Max Startup Time": 0.047, "Actual Min Total Time": 0.051, "Actual Max Total Time": 0.051, "Filter": "((kind)::text = 'production companies'::text)", "Rows Removed by Filter": 2, "Actual Rows": 1}, {"Node Type": "Materialize", "Parent Relationship": "Inner", "Startup Cost": 0.0, "Total Cost": 18503.13, "Plan Rows": 3081, "Plan Width": 8, "Actual Min Startup Time": 86.712, "Actual Max Startup Time": 86.712, "Actual Min Total Time": 89.668, "Actual Max Total Time": 89.668, "Plans": [{"Node Type": "Streaming(type: LOCAL GATHER dop: 1/16)", "Parent Relationship": "Outer", "Startup Cost": 0.0, "Total Cost": 18495.43, "Plan Rows": 3081, "Plan Width": 8, "Actual Min Startup Time": 27.262, "Actual Max Startup Time": 27.262, "Actual Min Total Time": 82.9, "Actual Max Total Time": 82.9, "Plans": [{"Node Type": "Seq Scan", "Parent Relationship": "Outer", "Relation Name": "movie_companies", "Alias": "mc", "Startup Cost": 0.0, "Total Cost": 18428.93, "Plan Rows": 3081, "Plan Width": 8, "Actual Min Startup Time": 0.94, "Actual Max Startup Time": 12.847, "Actual Min Total Time": 60.15, "Actual Max Total Time": 66.525, "Filter": "(((note)::text ~~ '%(theatrical)%'::text) AND ((note)::text ~~ '%(France)%'::text))", "Rows Removed by Filter": 2585103, "Actual Rows": 24025}], "Actual Rows": 24025}], "Actual Rows": 24026}], "Actual Rows": 0}, {"Node Type": "Index Scan", "Parent Relationship": "Inner", "Scan Direction": "Forward", "Index Name": "title_pkey", "Relation Name": "title", "Alias": "t", "Startup Cost": 0.0, "Total Cost": 7.53, "Plan Rows": 1, "Plan Width": 21, "Actual Startup Time": 0.0, "Actual Total Time": 0.0, "Index Cond": "(id = mc.movie_id)", "Rows Removed by Index Recheck": 0, "Filter": "(production_year > 2005)", "Rows Removed by Filter": 0}], "Actual Rows": 0}, {"Node Type": "Index Scan", "Parent Relationship": "Inner", "Scan Direction": "Forward", "Index Name": "movie_id_movie_info", "Relation Name": "movie_info", "Alias": "mi", "Startup Cost": 0.0, "Total Cost": 1.21, "Plan Rows": 1, "Plan Width": 8, "Actual Startup Time": 0.0, "Actual Total Time": 0.0, "Index Cond": "(movie_id = t.id)", "Rows Removed by Index Recheck": 0, "Filter": "((info)::text = ANY ('{Sweden,Norway,Germany,Denmark,Swedish,Denish,Norwegian,German}'::text[]))", "Rows Removed by Filter": 0}], "Actual Rows": 0}, {"Node Type": "Hash", "Parent Relationship": "Inner", "Startup Cost": 2.12, "Total Cost": 2.12, "Plan Rows": 112, "Plan Width": 4, "Actual Startup Time": 0.0, "Actual Total Time": 0.0, "Max Hash Buckets": 0, "Min Hash Buckets": 0, "Max Hash Batches": 0, "Min Hash Batches": 0, "Max Original Hash Batches": 0, "Min Original Hash Batches": 0, "Max Peak Memory Usage": 0, "min Peak Memory Usage": 0, "Plans": [{"Node Type": "Index Only Scan", "Parent Relationship": "Outer", "Scan Direction": "Forward", "Index Name": "info_type_pkey", "Relation Name": "info_type", "Alias": "it", "Startup Cost": 0.0, "Total Cost": 2.12, "Plan Rows": 112, "Plan Width": 4, "Actual Startup Time": 0.0, "Actual Total Time": 0.0, "Heap Fetches": 0}]}], "Actual Rows": 0}], "Actual Rows": 1}, "Triggers": [], "Planner Runtime": 13.282, "Total Runtime": 97.512, "Unique SQL Id": 2510907716}}, "(16, '41')": {"explain_plan": {"Plan": {"Node Type": "Aggregate", "Strategy": "Plain", "Startup Cost": 99093.2, "Total Cost": 99093.21, "Plan Rows": 1, "Plan Width": 49, "Plans": [{"Node Type": "Nested Loop", "Parent Relationship": "Outer", "Join Type": "Inner", "Startup Cost": 0.0, "Total Cost": 99088.4, "Plan Rows": 1919, "Plan Width": 17, "Inner Unique": true, "Plans": [{"Node Type": "Nested Loop", "Parent Relationship": "Outer", "Join Type": "Inner", "Startup Cost": 0.0, "Total Cost": 98550.97, "Plan Rows": 1919, "Plan Width": 21, "Inner Unique": false, "Plans": [{"Node Type": "Nested Loop", "Parent Relationship": "Outer", "Join Type": "Inner", "Startup Cost": 0.0, "Total Cost": 96271.68, "Plan Rows": 1869, "Plan Width": 25, "Inner Unique": true, "Plans": [{"Node Type": "Nested Loop", "Parent Relationship": "Outer", "Join Type": "Inner", "Startup Cost": 0.0, "Total Cost": 84654.26, "Plan Rows": 1540, "Plan Width": 4, "Inner Unique": false, "Join Filter": "(ct.id = mc.company_type_id)", "Plans": [{"Node Type": "Index Scan", "Parent Relationship": "Outer", "Scan Direction": "Forward", "Index Name": "company_type_pkey", "Relation Name": "company_type", "Alias": "ct", "Startup Cost": 0.0, "Total Cost": 12.3, "Plan Rows": 1, "Plan Width": 4, "Filter": "((kind)::text = 'production companies'::text)"}, {"Node Type": "Materialize", "Parent Relationship": "Inner", "Startup Cost": 0.0, "Total Cost": 84611.14, "Plan Rows": 3081, "Plan Width": 8, "Plans": [{"Node Type": "Streaming(type: LOCAL GATHER dop: 1/16)", "Parent Relationship": "Outer", "Startup Cost": 0.0, "Total Cost": 84603.44, "Plan Rows": 3081, "Plan Width": 8, "Plans": [{"Node Type": "Index Scan", "Parent Relationship": "Outer", "Scan Direction": "Forward", "Index Name": "company_type_id_movie_companies", "Relation Name": "movie_companies", "Alias": "mc", "Startup Cost": 0.0, "Total Cost": 84536.95, "Plan Rows": 3081, "Plan Width": 8, "Filter": "(((note)::text ~~ '%(theatrical)%'::text) AND ((note)::text ~~ '%(France)%'::text))"}]}]}]}, {"Node Type": "Index Scan", "Parent Relationship": "Inner", "Scan Direction": "Forward", "Index Name": "title_pkey", "Relation Name": "title", "Alias": "t", "Startup Cost": 0.0, "Total Cost": 7.53, "Plan Rows": 1, "Plan Width": 21, "Index Cond": "(id = mc.movie_id)", "Filter": "(production_year > 2005)"}]}, {"Node Type": "Index Scan", "Parent Relationship": "Inner", "Scan Direction": "Forward", "Index Name": "movie_id_movie_info", "Relation Name": "movie_info", "Alias": "mi", "Startup Cost": 0.0, "Total Cost": 1.21, "Plan Rows": 1, "Plan Width": 8, "Index Cond": "(movie_id = t.id)", "Filter": "((info)::text = ANY ('{Sweden,Norway,Germany,Denmark,Swedish,Denish,Norwegian,German}'::text[]))"}]}, {"Node Type": "Index Only Scan", "Parent Relationship": "Inner", "Scan Direction": "Forward", "Index Name": "info_type_pkey", "Relation Name": "info_type", "Alias": "it", "Startup Cost": 0.0, "Total Cost": 0.27, "Plan Rows": 1, "Plan Width": 4, "Index Cond": "(id = mi.info_type_id)"}]}]}, "Unique SQL Id": 2510907716, "Planner Runtime": 7}, "explain_analyze_plan": {"Plan": {"Node Type": "Aggregate", "Strategy": "Plain", "Startup Cost": 99093.2, "Total Cost": 99093.21, "Plan Rows": 1, "Plan Width": 49, "Actual Min Startup Time": 178.703, "Actual Max Startup Time": 178.703, "Actual Min Total Time": 178.704, "Actual Max Total Time": 178.704, "Plans": [{"Node Type": "Nested Loop", "Parent Relationship": "Outer", "Join Type": "Inner", "Startup Cost": 0.0, "Total Cost": 99088.4, "Plan Rows": 1919, "Plan Width": 17, "Actual Min Startup Time": 178.694, "Actual Max Startup Time": 178.694, "Actual Min Total Time": 178.694, "Actual Max Total Time": 178.694, "Inner Unique": true, "Plans": [{"Node Type": "Nested Loop", "Parent Relationship": "Outer", "Join Type": "Inner", "Startup Cost": 0.0, "Total Cost": 98550.97, "Plan Rows": 1919, "Plan Width": 21, "Actual Min Startup Time": 178.693, "Actual Max Startup Time": 178.693, "Actual Min Total Time": 178.693, "Actual Max Total Time": 178.693, "Inner Unique": false, "Plans": [{"Node Type": "Nested Loop", "Parent Relationship": "Outer", "Join Type": "Inner", "Startup Cost": 0.0, "Total Cost": 96271.68, "Plan Rows": 1869, "Plan Width": 25, "Actual Min Startup Time": 178.691, "Actual Max Startup Time": 178.691, "Actual Min Total Time": 178.691, "Actual Max Total Time": 178.691, "Inner Unique": true, "Plans": [{"Node Type": "Nested Loop", "Parent Relationship": "Outer", "Join Type": "Inner", "Startup Cost": 0.0, "Total Cost": 84654.26, "Plan Rows": 1540, "Plan Width": 4, "Actual Min Startup Time": 178.691, "Actual Max Startup Time": 178.691, "Actual Min Total Time": 178.691, "Actual Max Total Time": 178.691, "Inner Unique": false, "Join Filter": "(ct.id = mc.company_type_id)", "Rows Removed by Join Filter": 24025, "Plans": [{"Node Type": "Index Scan", "Parent Relationship": "Outer", "Scan Direction": "Forward", "Index Name": "company_type_pkey", "Relation Name": "company_type", "Alias": "ct", "Startup Cost": 0.0, "Total Cost": 12.3, "Plan Rows": 1, "Plan Width": 4, "Actual Min Startup Time": 0.041, "Actual Max Startup Time": 0.041, "Actual Min Total Time": 0.049, "Actual Max Total Time": 0.049, "Filter": "((kind)::text = 'production companies'::text)", "Rows Removed by Filter": 2, "Actual Rows": 1}, {"Node Type": "Materialize", "Parent Relationship": "Inner", "Startup Cost": 0.0, "Total Cost": 84611.14, "Plan Rows": 3081, "Plan Width": 8, "Actual Min Startup Time": 170.586, "Actual Max Startup Time": 170.586, "Actual Min Total Time": 173.382, "Actual Max Total Time": 173.382, "Plans": [{"Node Type": "Streaming(type: LOCAL GATHER dop: 1/16)", "Parent Relationship": "Outer", "Startup Cost": 0.0, "Total Cost": 84603.44, "Plan Rows": 3081, "Plan Width": 8, "Actual Min Startup Time": 31.969, "Actual Max Startup Time": 31.969, "Actual Min Total Time": 166.687, "Actual Max Total Time": 166.687, "Plans": [{"Node Type": "Index Scan", "Parent Relationship": "Outer", "Scan Direction": "Forward", "Index Name": "company_type_id_movie_companies", "Relation Name": "movie_companies", "Alias": "mc", "Startup Cost": 0.0, "Total Cost": 84536.95, "Plan Rows": 3081, "Plan Width": 8, "Actual Min Startup Time": 13.763, "Actual Max Startup Time": 86.987, "Actual Min Total Time": 85.513, "Actual Max Total Time": 148.739, "Filter": "(((note)::text ~~ '%(theatrical)%'::text) AND ((note)::text ~~ '%(France)%'::text))", "Rows Removed by Filter": 2585103, "Actual Rows": 24025}], "Actual Rows": 24025}], "Actual Rows": 24026}], "Actual Rows": 0}, {"Node Type": "Index Scan", "Parent Relationship": "Inner", "Scan Direction": "Forward", "Index Name": "title_pkey", "Relation Name": "title", "Alias": "t", "Startup Cost": 0.0, "Total Cost": 7.53, "Plan Rows": 1, "Plan Width": 21, "Actual Startup Time": 0.0, "Actual Total Time": 0.0, "Index Cond": "(id = mc.movie_id)", "Rows Removed by Index Recheck": 0, "Filter": "(production_year > 2005)", "Rows Removed by Filter": 0}], "Actual Rows": 0}, {"Node Type": "Index Scan", "Parent Relationship": "Inner", "Scan Direction": "Forward", "Index Name": "movie_id_movie_info", "Relation Name": "movie_info", "Alias": "mi", "Startup Cost": 0.0, "Total Cost": 1.21, "Plan Rows": 1, "Plan Width": 8, "Actual Startup Time": 0.0, "Actual Total Time": 0.0, "Index Cond": "(movie_id = t.id)", "Rows Removed by Index Recheck": 0, "Filter": "((info)::text = ANY ('{Sweden,Norway,Germany,Denmark,Swedish,Denish,Norwegian,German}'::text[]))", "Rows Removed by Filter": 0}], "Actual Rows": 0}, {"Node Type": "Index Only Scan", "Parent Relationship": "Inner", "Scan Direction": "Forward", "Index Name": "info_type_pkey", "Relation Name": "info_type", "Alias": "it", "Startup Cost": 0.0, "Total Cost": 0.27, "Plan Rows": 1, "Plan Width": 4, "Actual Startup Time": 0.0, "Actual Total Time": 0.0, "Index Cond": "(id = mi.info_type_id)", "Rows Removed by Index Recheck": 0, "Heap Fetches": 0}], "Actual Rows": 0}], "Actual Rows": 1}, "Triggers": [], "Planner Runtime": 9.112, "Total Runtime": 181.21, "Unique SQL Id": 2510907716}}, "(16, '42')": {"explain_plan": {"Plan": {"Node Type": "Aggregate", "Strategy": "Plain", "Startup Cost": 100138.27, "Total Cost": 100138.28, "Plan Rows": 1, "Plan Width": 49, "Plans": [{"Node Type": "Hash Join", "Parent Relationship": "Outer", "Join Type": "Inner", "Startup Cost": 53664.54, "Total Cost": 100133.48, "Plan Rows": 1919, "Plan Width": 17, "Inner Unique": true, "Hash Cond": "(mi.info_type_id = it.id)", "Plans": [{"Node Type": "Hash Join", "Parent Relationship": "Outer", "Join Type": "Inner", "Startup Cost": 53661.02, "Total Cost": 100103.57, "Plan Rows": 1919, "Plan Width": 21, "Inner Unique": false, "Hash Cond": "(mi.movie_id = t.id)", "Plans": [{"Node Type": "Streaming(type: LOCAL GATHER dop: 1/16)", "Parent Relationship": "Outer", "Startup Cost": 0.0, "Total Cost": 45908.84, "Plan Rows": 141478, "Plan Width": 8, "Plans": [{"Node Type": "Seq Scan", "Parent Relationship": "Outer", "Relation Name": "movie_info", "Alias": "mi", "Startup Cost": 0.0, "Total Cost": 42855.46, "Plan Rows": 141478, "Plan Width": 8, "Filter": "((info)::text = ANY ('{Sweden,Norway,Germany,Denmark,Swedish,Denish,Norwegian,German}'::text[]))"}]}, {"Node Type": "Hash", "Parent Relationship": "Inner", "Startup Cost": 53637.65, "Total Cost": 53637.65, "Plan Rows": 1869, "Plan Width": 25, "Plans": [{"Node Type": "Nested Loop", "Parent Relationship": "Outer", "Join Type": "Inner", "Startup Cost": 19941.16, "Total Cost": 53637.65, "Plan Rows": 1869, "Plan Width": 25, "Inner Unique": false, "Join Filter": "(mc.company_type_id = ct.id)", "Plans": [{"Node Type": "Seq Scan", "Parent Relationship": "Outer", "Relation Name": "company_type", "Alias": "ct", "Startup Cost": 0.0, "Total Cost": 1.04, "Plan Rows": 1, "Plan Width": 4, "Filter": "((kind)::text = 'production companies'::text)"}, {"Node Type": "Materialize", "Parent Relationship": "Inner", "Startup Cost": 19941.16, "Total Cost": 53599.22, "Plan Rows": 3740, "Plan Width": 29, "Plans": [{"Node Type": "Streaming(type: LOCAL GATHER dop: 1/16)", "Parent Relationship": "Outer", "Startup Cost": 19941.16, "Total Cost": 53589.87, "Plan Rows": 3740, "Plan Width": 29, "Plans": [{"Node Type": "Hash Join", "Parent Relationship": "Outer", "Join Type": "Inner", "Startup Cost": 19941.16, "Total Cost": 53509.15, "Plan Rows": 3740, "Plan Width": 29, "Inner Unique": true, "Hash Cond": "(mc.movie_id = t.id)", "Plans": [{"Node Type": "Streaming(type: BROADCAST dop: 16/16)", "Parent Relationship": "Outer", "Startup Cost": 0.0, "Total Cost": 33554.1, "Plan Rows": 49296, "Plan Width": 8, "Plans": [{"Node Type": "Seq Scan", "Parent Relationship": "Outer", "Relation Name": "movie_companies", "Alias": "mc", "Startup Cost": 0.0, "Total Cost": 18428.93, "Plan Rows": 3081, "Plan Width": 8, "Filter": "(((note)::text ~~ '%(theatrical)%'::text) AND ((note)::text ~~ '%(France)%'::text))"}]}, {"Node Type": "Hash", "Parent Relationship": "Inner", "Startup Cost": 19149.37, "Total Cost": 19149.37, "Plan Rows": 1013492, "Plan Width": 21, "Plans": [{"Node Type": "Seq Scan", "Parent Relationship": "Outer", "Relation Name": "title", "Alias": "t", "Startup Cost": 0.0, "Total Cost": 19149.37, "Plan Rows": 1013492, "Plan Width": 21, "Filter": "(production_year > 2005), (LLVM Optimized)"}]}]}]}]}]}]}]}, {"Node Type": "Hash", "Parent Relationship": "Inner", "Startup Cost": 2.12, "Total Cost": 2.12, "Plan Rows": 112, "Plan Width": 4, "Plans": [{"Node Type": "Seq Scan", "Parent Relationship": "Outer", "Relation Name": "info_type", "Alias": "it", "Startup Cost": 0.0, "Total Cost": 2.12, "Plan Rows": 112, "Plan Width": 4}]}]}]}, "Unique SQL Id": 2510907716, "Planner Runtime": 17}, "explain_analyze_plan": null}, "(16, '43')": {"explain_plan": {"Plan": {"Node Type": "Aggregate", "Strategy": "Plain", "Startup Cost": 5000171402236.96, "Total Cost": 5000171402236.97, "Plan Rows": 1, "Plan Width": 49, "Plans": [{"Node Type": "Nested Loop", "Parent Relationship": "Outer", "Join Type": "Inner", "Startup Cost": 50000000000.0, "Total Cost": 5000171402232.16, "Plan Rows": 1919, "Plan Width": 17, "Inner Unique": true, "Join Filter": "(mi.info_type_id = it.id)", "Plans": [{"Node Type": "Nested Loop", "Parent Relationship": "Outer", "Join Type": "Inner", "Startup Cost": 40000000000.0, "Total Cost": 4000171398014.96, "Plan Rows": 1919, "Plan Width": 21, "Inner Unique": true, "Join Filter": "(mi.movie_id = t.id)", "Plans": [{"Node Type": "Nested Loop", "Parent Relationship": "Outer", "Join Type": "Inner", "Startup Cost": 30000000000.0, "Total Cost": 3000135716391.79, "Plan Rows": 1581, "Plan Width": 12, "Inner Unique": true, "Join Filter": "(mc.company_type_id = ct.id)", "Plans": [{"Node Type": "Nested Loop", "Parent Relationship": "Outer", "Join Type": "Inner", "Startup Cost": 20000000000.0, "Total Cost": 2000135715114.09, "Plan Rows": 3163, "Plan Width": 16, "Inner Unique": false, "Join Filter": "(mc.movie_id = mi.movie_id)", "Plans": [{"Node Type": "Index Scan", "Parent Relationship": "Outer", "Scan Direction": "Forward", "Index Name": "info_type_id_movie_info", "Relation Name": "movie_info", "Alias": "mi", "Startup Cost": 10000000000.0, "Total Cost": 1000118553919.62, "Plan Rows": 141478, "Plan Width": 8, "Filter": "((info)::text = ANY ('{Sweden,Norway,Germany,Denmark,Swedish,Denish,Norwegian,German}'::text[]))"}, {"Node Type": "Materialize", "Parent Relationship": "Inner", "Startup Cost": 10000000000.0, "Total Cost": 1000010622796.41, "Plan Rows": 3081, "Plan Width": 8, "Plans": [{"Node Type": "Index Scan", "Parent Relationship": "Outer", "Scan Direction": "Forward", "Index Name": "company_type_id_movie_companies", "Relation Name": "movie_companies", "Alias": "mc", "Startup Cost": 10000000000.0, "Total Cost": 1000010622781.0, "Plan Rows": 3081, "Plan Width": 8, "Filter": "(((note)::text ~~ '%(theatrical)%'::text) AND ((note)::text ~~ '%(France)%'::text))"}]}]}, {"Node Type": "Materialize", "Parent Relationship": "Inner", "Startup Cost": 10000000000.0, "Total Cost": 1000000001230.26, "Plan Rows": 1, "Plan Width": 4, "Plans": [{"Node Type": "Index Scan", "Parent Relationship": "Outer", "Scan Direction": "Forward", "Index Name": "company_type_pkey", "Relation Name": "company_type", "Alias": "ct", "Startup Cost": 10000000000.0, "Total Cost": 1000000001230.25, "Plan Rows": 1, "Plan Width": 4, "Filter": "((kind)::text = 'production companies'::text)"}]}]}, {"Node Type": "Materialize", "Parent Relationship": "Inner", "Startup Cost": 10000000000.0, "Total Cost": 1000011649194.12, "Plan Rows": 1013492, "Plan Width": 21, "Plans": [{"Node Type": "Index Scan", "Parent Relationship": "Outer", "Scan Direction": "Forward", "Index Name": "title_pkey", "Relation Name": "title", "Alias": "t", "Startup Cost": 10000000000.0, "Total Cost": 1000011644126.66, "Plan Rows": 1013492, "Plan Width": 21, "Filter": "(production_year > 2005), (LLVM Optimized)"}]}]}, {"Node Type": "Materialize", "Parent Relationship": "Inner", "Startup Cost": 10000000000.0, "Total Cost": 1000000000993.56, "Plan Rows": 112, "Plan Width": 4, "Plans": [{"Node Type": "Index Only Scan", "Parent Relationship": "Outer", "Scan Direction": "Forward", "Index Name": "info_type_pkey", "Relation Name": "info_type", "Alias": "it", "Startup Cost": 10000000000.0, "Total Cost": 1000000000993.0, "Plan Rows": 112, "Plan Width": 4}]}]}]}, "Unique SQL Id": 2510907716, "Planner Runtime": 6}, "explain_analyze_plan": null}, "(16, '44')": {"explain_plan": {"Plan": {"Node Type": "Aggregate", "Strategy": "Plain", "Startup Cost": 32465.34, "Total Cost": 32465.35, "Plan Rows": 1, "Plan Width": 49, "Plans": [{"Node Type": "Hash Join", "Parent Relationship": "Outer", "Join Type": "Inner", "Startup Cost": 3.52, "Total Cost": 32460.54, "Plan Rows": 1919, "Plan Width": 17, "Inner Unique": true, "Hash Cond": "(mi.info_type_id = it.id)", "Plans": [{"Node Type": "Nested Loop", "Parent Relationship": "Outer", "Join Type": "Inner", "Startup Cost": 0.0, "Total Cost": 32431.69, "Plan Rows": 1919, "Plan Width": 21, "Inner Unique": false, "Plans": [{"Node Type": "Nested Loop", "Parent Relationship": "Outer", "Join Type": "Inner", "Startup Cost": 0.0, "Total Cost": 30152.4, "Plan Rows": 1869, "Plan Width": 25, "Inner Unique": true, "Plans": [{"Node Type": "Nested Loop", "Parent Relationship": "Outer", "Join Type": "Inner", "Startup Cost": 0.0, "Total Cost": 18534.98, "Plan Rows": 1540, "Plan Width": 4, "Inner Unique": false, "Join Filter": "(ct.id = mc.company_type_id)", "Plans": [{"Node Type": "Seq Scan", "Parent Relationship": "Outer", "Relation Name": "company_type", "Alias": "ct", "Startup Cost": 0.0, "Total Cost": 1.04, "Plan Rows": 1, "Plan Width": 4, "Filter": "((kind)::text = 'production companies'::text)"}, {"Node Type": "Materialize", "Parent Relationship": "Inner", "Startup Cost": 0.0, "Total Cost": 18503.13, "Plan Rows": 3081, "Plan Width": 8, "Plans": [{"Node Type": "Streaming(type: LOCAL GATHER dop: 1/16)", "Parent Relationship": "Outer", "Startup Cost": 0.0, "Total Cost": 18495.43, "Plan Rows": 3081, "Plan Width": 8, "Plans": [{"Node Type": "Seq Scan", "Parent Relationship": "Outer", "Relation Name": "movie_companies", "Alias": "mc", "Startup Cost": 0.0, "Total Cost": 18428.93, "Plan Rows": 3081, "Plan Width": 8, "Filter": "(((note)::text ~~ '%(theatrical)%'::text) AND ((note)::text ~~ '%(France)%'::text))"}]}]}]}, {"Node Type": "Index Scan", "Parent Relationship": "Inner", "Scan Direction": "Forward", "Index Name": "title_pkey", "Relation Name": "title", "Alias": "t", "Startup Cost": 0.0, "Total Cost": 7.53, "Plan Rows": 1, "Plan Width": 21, "Index Cond": "(id = mc.movie_id)", "Filter": "(production_year > 2005)"}]}, {"Node Type": "Index Scan", "Parent Relationship": "Inner", "Scan Direction": "Forward", "Index Name": "movie_id_movie_info", "Relation Name": "movie_info", "Alias": "mi", "Startup Cost": 0.0, "Total Cost": 1.21, "Plan Rows": 1, "Plan Width": 8, "Index Cond": "(movie_id = t.id)", "Filter": "((info)::text = ANY ('{Sweden,Norway,Germany,Denmark,Swedish,Denish,Norwegian,German}'::text[]))"}]}, {"Node Type": "Hash", "Parent Relationship": "Inner", "Startup Cost": 2.12, "Total Cost": 2.12, "Plan Rows": 112, "Plan Width": 4, "Plans": [{"Node Type": "Seq Scan", "Parent Relationship": "Outer", "Relation Name": "info_type", "Alias": "it", "Startup Cost": 0.0, "Total Cost": 2.12, "Plan Rows": 112, "Plan Width": 4}]}]}]}, "Unique SQL Id": 2510907716, "Planner Runtime": 10}, "explain_analyze_plan": {"Plan": {"Node Type": "Aggregate", "Strategy": "Plain", "Startup Cost": 32465.34, "Total Cost": 32465.35, "Plan Rows": 1, "Plan Width": 49, "Actual Min Startup Time": 95.587, "Actual Max Startup Time": 95.587, "Actual Min Total Time": 95.588, "Actual Max Total Time": 95.588, "Plans": [{"Node Type": "Hash Join", "Parent Relationship": "Outer", "Join Type": "Inner", "Startup Cost": 3.52, "Total Cost": 32460.54, "Plan Rows": 1919, "Plan Width": 17, "Actual Min Startup Time": 95.576, "Actual Max Startup Time": 95.576, "Actual Min Total Time": 95.576, "Actual Max Total Time": 95.576, "Inner Unique": true, "Hash Cond": "(mi.info_type_id = it.id)", "Plans": [{"Node Type": "Nested Loop", "Parent Relationship": "Outer", "Join Type": "Inner", "Startup Cost": 0.0, "Total Cost": 32431.69, "Plan Rows": 1919, "Plan Width": 21, "Actual Min Startup Time": 95.57, "Actual Max Startup Time": 95.57, "Actual Min Total Time": 95.57, "Actual Max Total Time": 95.57, "Inner Unique": false, "Plans": [{"Node Type": "Nested Loop", "Parent Relationship": "Outer", "Join Type": "Inner", "Startup Cost": 0.0, "Total Cost": 30152.4, "Plan Rows": 1869, "Plan Width": 25, "Actual Min Startup Time": 95.569, "Actual Max Startup Time": 95.569, "Actual Min Total Time": 95.569, "Actual Max Total Time": 95.569, "Inner Unique": true, "Plans": [{"Node Type": "Nested Loop", "Parent Relationship": "Outer", "Join Type": "Inner", "Startup Cost": 0.0, "Total Cost": 18534.98, "Plan Rows": 1540, "Plan Width": 4, "Actual Min Startup Time": 95.568, "Actual Max Startup Time": 95.568, "Actual Min Total Time": 95.568, "Actual Max Total Time": 95.568, "Inner Unique": false, "Join Filter": "(ct.id = mc.company_type_id)", "Rows Removed by Join Filter": 24025, "Plans": [{"Node Type": "Seq Scan", "Parent Relationship": "Outer", "Relation Name": "company_type", "Alias": "ct", "Startup Cost": 0.0, "Total Cost": 1.04, "Plan Rows": 1, "Plan Width": 4, "Actual Min Startup Time": 0.047, "Actual Max Startup Time": 0.047, "Actual Min Total Time": 0.051, "Actual Max Total Time": 0.051, "Filter": "((kind)::text = 'production companies'::text)", "Rows Removed by Filter": 2, "Actual Rows": 1}, {"Node Type": "Materialize", "Parent Relationship": "Inner", "Startup Cost": 0.0, "Total Cost": 18503.13, "Plan Rows": 3081, "Plan Width": 8, "Actual Min Startup Time": 87.301, "Actual Max Startup Time": 87.301, "Actual Min Total Time": 90.299, "Actual Max Total Time": 90.299, "Plans": [{"Node Type": "Streaming(type: LOCAL GATHER dop: 1/16)", "Parent Relationship": "Outer", "Startup Cost": 0.0, "Total Cost": 18495.43, "Plan Rows": 3081, "Plan Width": 8, "Actual Min Startup Time": 28.103, "Actual Max Startup Time": 28.103, "Actual Min Total Time": 83.565, "Actual Max Total Time": 83.565, "Plans": [{"Node Type": "Seq Scan", "Parent Relationship": "Outer", "Relation Name": "movie_companies", "Alias": "mc", "Startup Cost": 0.0, "Total Cost": 18428.93, "Plan Rows": 3081, "Plan Width": 8, "Actual Min Startup Time": 0.907, "Actual Max Startup Time": 12.859, "Actual Min Total Time": 60.123, "Actual Max Total Time": 66.571, "Filter": "(((note)::text ~~ '%(theatrical)%'::text) AND ((note)::text ~~ '%(France)%'::text))", "Rows Removed by Filter": 2585103, "Actual Rows": 24025}], "Actual Rows": 24025}], "Actual Rows": 24026}], "Actual Rows": 0}, {"Node Type": "Index Scan", "Parent Relationship": "Inner", "Scan Direction": "Forward", "Index Name": "title_pkey", "Relation Name": "title", "Alias": "t", "Startup Cost": 0.0, "Total Cost": 7.53, "Plan Rows": 1, "Plan Width": 21, "Actual Startup Time": 0.0, "Actual Total Time": 0.0, "Index Cond": "(id = mc.movie_id)", "Rows Removed by Index Recheck": 0, "Filter": "(production_year > 2005)", "Rows Removed by Filter": 0}], "Actual Rows": 0}, {"Node Type": "Index Scan", "Parent Relationship": "Inner", "Scan Direction": "Forward", "Index Name": "movie_id_movie_info", "Relation Name": "movie_info", "Alias": "mi", "Startup Cost": 0.0, "Total Cost": 1.21, "Plan Rows": 1, "Plan Width": 8, "Actual Startup Time": 0.0, "Actual Total Time": 0.0, "Index Cond": "(movie_id = t.id)", "Rows Removed by Index Recheck": 0, "Filter": "((info)::text = ANY ('{Sweden,Norway,Germany,Denmark,Swedish,Denish,Norwegian,German}'::text[]))", "Rows Removed by Filter": 0}], "Actual Rows": 0}, {"Node Type": "Hash", "Parent Relationship": "Inner", "Startup Cost": 2.12, "Total Cost": 2.12, "Plan Rows": 112, "Plan Width": 4, "Actual Startup Time": 0.0, "Actual Total Time": 0.0, "Max Hash Buckets": 0, "Min Hash Buckets": 0, "Max Hash Batches": 0, "Min Hash Batches": 0, "Max Original Hash Batches": 0, "Min Original Hash Batches": 0, "Max Peak Memory Usage": 0, "min Peak Memory Usage": 0, "Plans": [{"Node Type": "Seq Scan", "Parent Relationship": "Outer", "Relation Name": "info_type", "Alias": "it", "Startup Cost": 0.0, "Total Cost": 2.12, "Plan Rows": 112, "Plan Width": 4, "Actual Startup Time": 0.0, "Actual Total Time": 0.0}]}], "Actual Rows": 0}], "Actual Rows": 1}, "Triggers": [], "Planner Runtime": 13.322, "Total Runtime": 98.118, "Unique SQL Id": 2510907716}}, "(16, '45')": {"explain_plan": {"Plan": {"Node Type": "Aggregate", "Strategy": "Plain", "Startup Cost": 99093.25, "Total Cost": 99093.26, "Plan Rows": 1, "Plan Width": 49, "Plans": [{"Node Type": "Nested Loop", "Parent Relationship": "Outer", "Join Type": "Inner", "Startup Cost": 0.0, "Total Cost": 99088.45, "Plan Rows": 1919, "Plan Width": 17, "Inner Unique": true, "Plans": [{"Node Type": "Nested Loop", "Parent Relationship": "Outer", "Join Type": "Inner", "Startup Cost": 0.0, "Total Cost": 98550.97, "Plan Rows": 1919, "Plan Width": 21, "Inner Unique": false, "Plans": [{"Node Type": "Nested Loop", "Parent Relationship": "Outer", "Join Type": "Inner", "Startup Cost": 0.0, "Total Cost": 96271.68, "Plan Rows": 1869, "Plan Width": 25, "Inner Unique": true, "Plans": [{"Node Type": "Nested Loop", "Parent Relationship": "Outer", "Join Type": "Inner", "Startup Cost": 0.0, "Total Cost": 84654.26, "Plan Rows": 1540, "Plan Width": 4, "Inner Unique": false, "Join Filter": "(ct.id = mc.company_type_id)", "Plans": [{"Node Type": "Index Scan", "Parent Relationship": "Outer", "Scan Direction": "Forward", "Index Name": "company_type_pkey", "Relation Name": "company_type", "Alias": "ct", "Startup Cost": 0.0, "Total Cost": 12.3, "Plan Rows": 1, "Plan Width": 4, "Filter": "((kind)::text = 'production companies'::text)"}, {"Node Type": "Materialize", "Parent Relationship": "Inner", "Startup Cost": 0.0, "Total Cost": 84611.14, "Plan Rows": 3081, "Plan Width": 8, "Plans": [{"Node Type": "Streaming(type: LOCAL GATHER dop: 1/16)", "Parent Relationship": "Outer", "Startup Cost": 0.0, "Total Cost": 84603.44, "Plan Rows": 3081, "Plan Width": 8, "Plans": [{"Node Type": "Index Scan", "Parent Relationship": "Outer", "Scan Direction": "Forward", "Index Name": "company_type_id_movie_companies", "Relation Name": "movie_companies", "Alias": "mc", "Startup Cost": 0.0, "Total Cost": 84536.95, "Plan Rows": 3081, "Plan Width": 8, "Filter": "(((note)::text ~~ '%(theatrical)%'::text) AND ((note)::text ~~ '%(France)%'::text))"}]}]}]}, {"Node Type": "Index Scan", "Parent Relationship": "Inner", "Scan Direction": "Forward", "Index Name": "title_pkey", "Relation Name": "title", "Alias": "t", "Startup Cost": 0.0, "Total Cost": 7.53, "Plan Rows": 1, "Plan Width": 21, "Index Cond": "(id = mc.movie_id)", "Filter": "(production_year > 2005)"}]}, {"Node Type": "Index Scan", "Parent Relationship": "Inner", "Scan Direction": "Forward", "Index Name": "movie_id_movie_info", "Relation Name": "movie_info", "Alias": "mi", "Startup Cost": 0.0, "Total Cost": 1.21, "Plan Rows": 1, "Plan Width": 8, "Index Cond": "(movie_id = t.id)", "Filter": "((info)::text = ANY ('{Sweden,Norway,Germany,Denmark,Swedish,Denish,Norwegian,German}'::text[]))"}]}, {"Node Type": "Index Scan", "Parent Relationship": "Inner", "Scan Direction": "Forward", "Index Name": "info_type_pkey", "Relation Name": "info_type", "Alias": "it", "Startup Cost": 0.0, "Total Cost": 0.27, "Plan Rows": 1, "Plan Width": 4, "Index Cond": "(id = mi.info_type_id)"}]}]}, "Unique SQL Id": 2510907716, "Planner Runtime": 7}, "explain_analyze_plan": {"Plan": {"Node Type": "Aggregate", "Strategy": "Plain", "Startup Cost": 99093.25, "Total Cost": 99093.26, "Plan Rows": 1, "Plan Width": 49, "Actual Min Startup Time": 179.842, "Actual Max Startup Time": 179.842, "Actual Min Total Time": 179.843, "Actual Max Total Time": 179.843, "Plans": [{"Node Type": "Nested Loop", "Parent Relationship": "Outer", "Join Type": "Inner", "Startup Cost": 0.0, "Total Cost": 99088.45, "Plan Rows": 1919, "Plan Width": 17, "Actual Min Startup Time": 179.832, "Actual Max Startup Time": 179.832, "Actual Min Total Time": 179.832, "Actual Max Total Time": 179.832, "Inner Unique": true, "Plans": [{"Node Type": "Nested Loop", "Parent Relationship": "Outer", "Join Type": "Inner", "Startup Cost": 0.0, "Total Cost": 98550.97, "Plan Rows": 1919, "Plan Width": 21, "Actual Min Startup Time": 179.83, "Actual Max Startup Time": 179.83, "Actual Min Total Time": 179.83, "Actual Max Total Time": 179.83, "Inner Unique": false, "Plans": [{"Node Type": "Nested Loop", "Parent Relationship": "Outer", "Join Type": "Inner", "Startup Cost": 0.0, "Total Cost": 96271.68, "Plan Rows": 1869, "Plan Width": 25, "Actual Min Startup Time": 179.829, "Actual Max Startup Time": 179.829, "Actual Min Total Time": 179.829, "Actual Max Total Time": 179.829, "Inner Unique": true, "Plans": [{"Node Type": "Nested Loop", "Parent Relationship": "Outer", "Join Type": "Inner", "Startup Cost": 0.0, "Total Cost": 84654.26, "Plan Rows": 1540, "Plan Width": 4, "Actual Min Startup Time": 179.828, "Actual Max Startup Time": 179.828, "Actual Min Total Time": 179.828, "Actual Max Total Time": 179.828, "Inner Unique": false, "Join Filter": "(ct.id = mc.company_type_id)", "Rows Removed by Join Filter": 24025, "Plans": [{"Node Type": "Index Scan", "Parent Relationship": "Outer", "Scan Direction": "Forward", "Index Name": "company_type_pkey", "Relation Name": "company_type", "Alias": "ct", "Startup Cost": 0.0, "Total Cost": 12.3, "Plan Rows": 1, "Plan Width": 4, "Actual Min Startup Time": 0.042, "Actual Max Startup Time": 0.042, "Actual Min Total Time": 0.051, "Actual Max Total Time": 0.051, "Filter": "((kind)::text = 'production companies'::text)", "Rows Removed by Filter": 2, "Actual Rows": 1}, {"Node Type": "Materialize", "Parent Relationship": "Inner", "Startup Cost": 0.0, "Total Cost": 84611.14, "Plan Rows": 3081, "Plan Width": 8, "Actual Min Startup Time": 171.715, "Actual Max Startup Time": 171.715, "Actual Min Total Time": 174.54, "Actual Max Total Time": 174.54, "Plans": [{"Node Type": "Streaming(type: LOCAL GATHER dop: 1/16)", "Parent Relationship": "Outer", "Startup Cost": 0.0, "Total Cost": 84603.44, "Plan Rows": 3081, "Plan Width": 8, "Actual Min Startup Time": 33.606, "Actual Max Startup Time": 33.606, "Actual Min Total Time": 167.84, "Actual Max Total Time": 167.84, "Plans": [{"Node Type": "Index Scan", "Parent Relationship": "Outer", "Scan Direction": "Forward", "Index Name": "company_type_id_movie_companies", "Relation Name": "movie_companies", "Alias": "mc", "Startup Cost": 0.0, "Total Cost": 84536.95, "Plan Rows": 3081, "Plan Width": 8, "Actual Min Startup Time": 16.414, "Actual Max Startup Time": 89.105, "Actual Min Total Time": 85.898, "Actual Max Total Time": 151.015, "Filter": "(((note)::text ~~ '%(theatrical)%'::text) AND ((note)::text ~~ '%(France)%'::text))", "Rows Removed by Filter": 2585103, "Actual Rows": 24025}], "Actual Rows": 24025}], "Actual Rows": 24026}], "Actual Rows": 0}, {"Node Type": "Index Scan", "Parent Relationship": "Inner", "Scan Direction": "Forward", "Index Name": "title_pkey", "Relation Name": "title", "Alias": "t", "Startup Cost": 0.0, "Total Cost": 7.53, "Plan Rows": 1, "Plan Width": 21, "Actual Startup Time": 0.0, "Actual Total Time": 0.0, "Index Cond": "(id = mc.movie_id)", "Rows Removed by Index Recheck": 0, "Filter": "(production_year > 2005)", "Rows Removed by Filter": 0}], "Actual Rows": 0}, {"Node Type": "Index Scan", "Parent Relationship": "Inner", "Scan Direction": "Forward", "Index Name": "movie_id_movie_info", "Relation Name": "movie_info", "Alias": "mi", "Startup Cost": 0.0, "Total Cost": 1.21, "Plan Rows": 1, "Plan Width": 8, "Actual Startup Time": 0.0, "Actual Total Time": 0.0, "Index Cond": "(movie_id = t.id)", "Rows Removed by Index Recheck": 0, "Filter": "((info)::text = ANY ('{Sweden,Norway,Germany,Denmark,Swedish,Denish,Norwegian,German}'::text[]))", "Rows Removed by Filter": 0}], "Actual Rows": 0}, {"Node Type": "Index Scan", "Parent Relationship": "Inner", "Scan Direction": "Forward", "Index Name": "info_type_pkey", "Relation Name": "info_type", "Alias": "it", "Startup Cost": 0.0, "Total Cost": 0.27, "Plan Rows": 1, "Plan Width": 4, "Actual Startup Time": 0.0, "Actual Total Time": 0.0, "Index Cond": "(id = mi.info_type_id)", "Rows Removed by Index Recheck": 0}], "Actual Rows": 0}], "Actual Rows": 1}, "Triggers": [], "Planner Runtime": 9.053, "Total Runtime": 182.351, "Unique SQL Id": 2510907716}}, "(16, '46')": {"explain_plan": {"Plan": {"Node Type": "Aggregate", "Strategy": "Plain", "Startup Cost": 100138.27, "Total Cost": 100138.28, "Plan Rows": 1, "Plan Width": 49, "Plans": [{"Node Type": "Hash Join", "Parent Relationship": "Outer", "Join Type": "Inner", "Startup Cost": 53664.54, "Total Cost": 100133.48, "Plan Rows": 1919, "Plan Width": 17, "Inner Unique": true, "Hash Cond": "(mi.info_type_id = it.id)", "Plans": [{"Node Type": "Hash Join", "Parent Relationship": "Outer", "Join Type": "Inner", "Startup Cost": 53661.02, "Total Cost": 100103.57, "Plan Rows": 1919, "Plan Width": 21, "Inner Unique": false, "Hash Cond": "(mi.movie_id = t.id)", "Plans": [{"Node Type": "Streaming(type: LOCAL GATHER dop: 1/16)", "Parent Relationship": "Outer", "Startup Cost": 0.0, "Total Cost": 45908.84, "Plan Rows": 141478, "Plan Width": 8, "Plans": [{"Node Type": "Seq Scan", "Parent Relationship": "Outer", "Relation Name": "movie_info", "Alias": "mi", "Startup Cost": 0.0, "Total Cost": 42855.46, "Plan Rows": 141478, "Plan Width": 8, "Filter": "((info)::text = ANY ('{Sweden,Norway,Germany,Denmark,Swedish,Denish,Norwegian,German}'::text[]))"}]}, {"Node Type": "Hash", "Parent Relationship": "Inner", "Startup Cost": 53637.65, "Total Cost": 53637.65, "Plan Rows": 1869, "Plan Width": 25, "Plans": [{"Node Type": "Nested Loop", "Parent Relationship": "Outer", "Join Type": "Inner", "Startup Cost": 19941.16, "Total Cost": 53637.65, "Plan Rows": 1869, "Plan Width": 25, "Inner Unique": false, "Join Filter": "(mc.company_type_id = ct.id)", "Plans": [{"Node Type": "Seq Scan", "Parent Relationship": "Outer", "Relation Name": "company_type", "Alias": "ct", "Startup Cost": 0.0, "Total Cost": 1.04, "Plan Rows": 1, "Plan Width": 4, "Filter": "((kind)::text = 'production companies'::text)"}, {"Node Type": "Materialize", "Parent Relationship": "Inner", "Startup Cost": 19941.16, "Total Cost": 53599.22, "Plan Rows": 3740, "Plan Width": 29, "Plans": [{"Node Type": "Streaming(type: LOCAL GATHER dop: 1/16)", "Parent Relationship": "Outer", "Startup Cost": 19941.16, "Total Cost": 53589.87, "Plan Rows": 3740, "Plan Width": 29, "Plans": [{"Node Type": "Hash Join", "Parent Relationship": "Outer", "Join Type": "Inner", "Startup Cost": 19941.16, "Total Cost": 53509.15, "Plan Rows": 3740, "Plan Width": 29, "Inner Unique": true, "Hash Cond": "(mc.movie_id = t.id)", "Plans": [{"Node Type": "Streaming(type: BROADCAST dop: 16/16)", "Parent Relationship": "Outer", "Startup Cost": 0.0, "Total Cost": 33554.1, "Plan Rows": 49296, "Plan Width": 8, "Plans": [{"Node Type": "Seq Scan", "Parent Relationship": "Outer", "Relation Name": "movie_companies", "Alias": "mc", "Startup Cost": 0.0, "Total Cost": 18428.93, "Plan Rows": 3081, "Plan Width": 8, "Filter": "(((note)::text ~~ '%(theatrical)%'::text) AND ((note)::text ~~ '%(France)%'::text))"}]}, {"Node Type": "Hash", "Parent Relationship": "Inner", "Startup Cost": 19149.37, "Total Cost": 19149.37, "Plan Rows": 1013492, "Plan Width": 21, "Plans": [{"Node Type": "Seq Scan", "Parent Relationship": "Outer", "Relation Name": "title", "Alias": "t", "Startup Cost": 0.0, "Total Cost": 19149.37, "Plan Rows": 1013492, "Plan Width": 21, "Filter": "(production_year > 2005), (LLVM Optimized)"}]}]}]}]}]}]}]}, {"Node Type": "Hash", "Parent Relationship": "Inner", "Startup Cost": 2.12, "Total Cost": 2.12, "Plan Rows": 112, "Plan Width": 4, "Plans": [{"Node Type": "Seq Scan", "Parent Relationship": "Outer", "Relation Name": "info_type", "Alias": "it", "Startup Cost": 0.0, "Total Cost": 2.12, "Plan Rows": 112, "Plan Width": 4}]}]}]}, "Unique SQL Id": 2510907716, "Planner Runtime": 17}, "explain_analyze_plan": null}, "(16, '47')": {"explain_plan": {"Plan": {"Node Type": "Aggregate", "Strategy": "Plain", "Startup Cost": 5000171402636.96, "Total Cost": 5000171402636.97, "Plan Rows": 1, "Plan Width": 49, "Plans": [{"Node Type": "Nested Loop", "Parent Relationship": "Outer", "Join Type": "Inner", "Startup Cost": 50000000000.0, "Total Cost": 5000171402632.16, "Plan Rows": 1919, "Plan Width": 17, "Inner Unique": true, "Join Filter": "(mi.info_type_id = it.id)", "Plans": [{"Node Type": "Nested Loop", "Parent Relationship": "Outer", "Join Type": "Inner", "Startup Cost": 40000000000.0, "Total Cost": 4000171398014.96, "Plan Rows": 1919, "Plan Width": 21, "Inner Unique": true, "Join Filter": "(mi.movie_id = t.id)", "Plans": [{"Node Type": "Nested Loop", "Parent Relationship": "Outer", "Join Type": "Inner", "Startup Cost": 30000000000.0, "Total Cost": 3000135716391.79, "Plan Rows": 1581, "Plan Width": 12, "Inner Unique": true, "Join Filter": "(mc.company_type_id = ct.id)", "Plans": [{"Node Type": "Nested Loop", "Parent Relationship": "Outer", "Join Type": "Inner", "Startup Cost": 20000000000.0, "Total Cost": 2000135715114.09, "Plan Rows": 3163, "Plan Width": 16, "Inner Unique": false, "Join Filter": "(mc.movie_id = mi.movie_id)", "Plans": [{"Node Type": "Index Scan", "Parent Relationship": "Outer", "Scan Direction": "Forward", "Index Name": "info_type_id_movie_info", "Relation Name": "movie_info", "Alias": "mi", "Startup Cost": 10000000000.0, "Total Cost": 1000118553919.62, "Plan Rows": 141478, "Plan Width": 8, "Filter": "((info)::text = ANY ('{Sweden,Norway,Germany,Denmark,Swedish,Denish,Norwegian,German}'::text[]))"}, {"Node Type": "Materialize", "Parent Relationship": "Inner", "Startup Cost": 10000000000.0, "Total Cost": 1000010622796.41, "Plan Rows": 3081, "Plan Width": 8, "Plans": [{"Node Type": "Index Scan", "Parent Relationship": "Outer", "Scan Direction": "Forward", "Index Name": "company_type_id_movie_companies", "Relation Name": "movie_companies", "Alias": "mc", "Startup Cost": 10000000000.0, "Total Cost": 1000010622781.0, "Plan Rows": 3081, "Plan Width": 8, "Filter": "(((note)::text ~~ '%(theatrical)%'::text) AND ((note)::text ~~ '%(France)%'::text))"}]}]}, {"Node Type": "Materialize", "Parent Relationship": "Inner", "Startup Cost": 10000000000.0, "Total Cost": 1000000001230.26, "Plan Rows": 1, "Plan Width": 4, "Plans": [{"Node Type": "Index Scan", "Parent Relationship": "Outer", "Scan Direction": "Forward", "Index Name": "company_type_pkey", "Relation Name": "company_type", "Alias": "ct", "Startup Cost": 10000000000.0, "Total Cost": 1000000001230.25, "Plan Rows": 1, "Plan Width": 4, "Filter": "((kind)::text = 'production companies'::text)"}]}]}, {"Node Type": "Materialize", "Parent Relationship": "Inner", "Startup Cost": 10000000000.0, "Total Cost": 1000011649194.12, "Plan Rows": 1013492, "Plan Width": 21, "Plans": [{"Node Type": "Index Scan", "Parent Relationship": "Outer", "Scan Direction": "Forward", "Index Name": "title_pkey", "Relation Name": "title", "Alias": "t", "Startup Cost": 10000000000.0, "Total Cost": 1000011644126.66, "Plan Rows": 1013492, "Plan Width": 21, "Filter": "(production_year > 2005), (LLVM Optimized)"}]}]}, {"Node Type": "Materialize", "Parent Relationship": "Inner", "Startup Cost": 10000000000.0, "Total Cost": 1000000001393.56, "Plan Rows": 112, "Plan Width": 4, "Plans": [{"Node Type": "Index Scan", "Parent Relationship": "Outer", "Scan Direction": "Forward", "Index Name": "info_type_pkey", "Relation Name": "info_type", "Alias": "it", "Startup Cost": 10000000000.0, "Total Cost": 1000000001393.0, "Plan Rows": 112, "Plan Width": 4}]}]}]}, "Unique SQL Id": 2510907716, "Planner Runtime": 6}, "explain_analyze_plan": null}, "(16, '48')": {"explain_plan": {"Plan": {"Node Type": "Aggregate", "Strategy": "Plain", "Startup Cost": 32973.92, "Total Cost": 32973.93, "Plan Rows": 1, "Plan Width": 49, "Plans": [{"Node Type": "Nested Loop", "Parent Relationship": "Outer", "Join Type": "Inner", "Startup Cost": 0.0, "Total Cost": 32969.12, "Plan Rows": 1919, "Plan Width": 17, "Inner Unique": true, "Plans": [{"Node Type": "Nested Loop", "Parent Relationship": "Outer", "Join Type": "Inner", "Startup Cost": 0.0, "Total Cost": 32431.69, "Plan Rows": 1919, "Plan Width": 21, "Inner Unique": false, "Plans": [{"Node Type": "Nested Loop", "Parent Relationship": "Outer", "Join Type": "Inner", "Startup Cost": 0.0, "Total Cost": 30152.4, "Plan Rows": 1869, "Plan Width": 25, "Inner Unique": true, "Plans": [{"Node Type": "Nested Loop", "Parent Relationship": "Outer", "Join Type": "Inner", "Startup Cost": 0.0, "Total Cost": 18534.98, "Plan Rows": 1540, "Plan Width": 4, "Inner Unique": false, "Join Filter": "(ct.id = mc.company_type_id)", "Plans": [{"Node Type": "Seq Scan", "Parent Relationship": "Outer", "Relation Name": "company_type", "Alias": "ct", "Startup Cost": 0.0, "Total Cost": 1.04, "Plan Rows": 1, "Plan Width": 4, "Filter": "((kind)::text = 'production companies'::text)"}, {"Node Type": "Materialize", "Parent Relationship": "Inner", "Startup Cost": 0.0, "Total Cost": 18503.13, "Plan Rows": 3081, "Plan Width": 8, "Plans": [{"Node Type": "Streaming(type: LOCAL GATHER dop: 1/16)", "Parent Relationship": "Outer", "Startup Cost": 0.0, "Total Cost": 18495.43, "Plan Rows": 3081, "Plan Width": 8, "Plans": [{"Node Type": "Seq Scan", "Parent Relationship": "Outer", "Relation Name": "movie_companies", "Alias": "mc", "Startup Cost": 0.0, "Total Cost": 18428.93, "Plan Rows": 3081, "Plan Width": 8, "Filter": "(((note)::text ~~ '%(theatrical)%'::text) AND ((note)::text ~~ '%(France)%'::text))"}]}]}]}, {"Node Type": "Index Scan", "Parent Relationship": "Inner", "Scan Direction": "Forward", "Index Name": "title_pkey", "Relation Name": "title", "Alias": "t", "Startup Cost": 0.0, "Total Cost": 7.53, "Plan Rows": 1, "Plan Width": 21, "Index Cond": "(id = mc.movie_id)", "Filter": "(production_year > 2005)"}]}, {"Node Type": "Index Scan", "Parent Relationship": "Inner", "Scan Direction": "Forward", "Index Name": "movie_id_movie_info", "Relation Name": "movie_info", "Alias": "mi", "Startup Cost": 0.0, "Total Cost": 1.21, "Plan Rows": 1, "Plan Width": 8, "Index Cond": "(movie_id = t.id)", "Filter": "((info)::text = ANY ('{Sweden,Norway,Germany,Denmark,Swedish,Denish,Norwegian,German}'::text[]))"}]}, {"Node Type": "Index Only Scan", "Parent Relationship": "Inner", "Scan Direction": "Forward", "Index Name": "info_type_pkey", "Relation Name": "info_type", "Alias": "it", "Startup Cost": 0.0, "Total Cost": 0.27, "Plan Rows": 1, "Plan Width": 4, "Index Cond": "(id = mi.info_type_id)"}]}]}, "Unique SQL Id": 2510907716, "Planner Runtime": 4}, "explain_analyze_plan": {"Plan": {"Node Type": "Aggregate", "Strategy": "Plain", "Startup Cost": 32973.92, "Total Cost": 32973.93, "Plan Rows": 1, "Plan Width": 49, "Actual Min Startup Time": 95.929, "Actual Max Startup Time": 95.929, "Actual Min Total Time": 95.929, "Actual Max Total Time": 95.929, "Plans": [{"Node Type": "Nested Loop", "Parent Relationship": "Outer", "Join Type": "Inner", "Startup Cost": 0.0, "Total Cost": 32969.12, "Plan Rows": 1919, "Plan Width": 17, "Actual Min Startup Time": 95.92, "Actual Max Startup Time": 95.92, "Actual Min Total Time": 95.92, "Actual Max Total Time": 95.92, "Inner Unique": true, "Plans": [{"Node Type": "Nested Loop", "Parent Relationship": "Outer", "Join Type": "Inner", "Startup Cost": 0.0, "Total Cost": 32431.69, "Plan Rows": 1919, "Plan Width": 21, "Actual Min Startup Time": 95.919, "Actual Max Startup Time": 95.919, "Actual Min Total Time": 95.919, "Actual Max Total Time": 95.919, "Inner Unique": false, "Plans": [{"Node Type": "Nested Loop", "Parent Relationship": "Outer", "Join Type": "Inner", "Startup Cost": 0.0, "Total Cost": 30152.4, "Plan Rows": 1869, "Plan Width": 25, "Actual Min Startup Time": 95.917, "Actual Max Startup Time": 95.917, "Actual Min Total Time": 95.917, "Actual Max Total Time": 95.917, "Inner Unique": true, "Plans": [{"Node Type": "Nested Loop", "Parent Relationship": "Outer", "Join Type": "Inner", "Startup Cost": 0.0, "Total Cost": 18534.98, "Plan Rows": 1540, "Plan Width": 4, "Actual Min Startup Time": 95.916, "Actual Max Startup Time": 95.916, "Actual Min Total Time": 95.916, "Actual Max Total Time": 95.916, "Inner Unique": false, "Join Filter": "(ct.id = mc.company_type_id)", "Rows Removed by Join Filter": 24025, "Plans": [{"Node Type": "Seq Scan", "Parent Relationship": "Outer", "Relation Name": "company_type", "Alias": "ct", "Startup Cost": 0.0, "Total Cost": 1.04, "Plan Rows": 1, "Plan Width": 4, "Actual Min Startup Time": 0.039, "Actual Max Startup Time": 0.039, "Actual Min Total Time": 0.044, "Actual Max Total Time": 0.044, "Filter": "((kind)::text = 'production companies'::text)", "Rows Removed by Filter": 2, "Actual Rows": 1}, {"Node Type": "Materialize", "Parent Relationship": "Inner", "Startup Cost": 0.0, "Total Cost": 18503.13, "Plan Rows": 3081, "Plan Width": 8, "Actual Min Startup Time": 88.034, "Actual Max Startup Time": 88.034, "Actual Min Total Time": 90.611, "Actual Max Total Time": 90.611, "Plans": [{"Node Type": "Streaming(type: LOCAL GATHER dop: 1/16)", "Parent Relationship": "Outer", "Startup Cost": 0.0, "Total Cost": 18495.43, "Plan Rows": 3081, "Plan Width": 8, "Actual Min Startup Time": 27.492, "Actual Max Startup Time": 27.492, "Actual Min Total Time": 84.248, "Actual Max Total Time": 84.248, "Plans": [{"Node Type": "Seq Scan", "Parent Relationship": "Outer", "Relation Name": "movie_companies", "Alias": "mc", "Startup Cost": 0.0, "Total Cost": 18428.93, "Plan Rows": 3081, "Plan Width": 8, "Actual Min Startup Time": 0.913, "Actual Max Startup Time": 12.849, "Actual Min Total Time": 60.414, "Actual Max Total Time": 67.9, "Filter": "(((note)::text ~~ '%(theatrical)%'::text) AND ((note)::text ~~ '%(France)%'::text))", "Rows Removed by Filter": 2585103, "Actual Rows": 24025}], "Actual Rows": 24025}], "Actual Rows": 24026}], "Actual Rows": 0}, {"Node Type": "Index Scan", "Parent Relationship": "Inner", "Scan Direction": "Forward", "Index Name": "title_pkey", "Relation Name": "title", "Alias": "t", "Startup Cost": 0.0, "Total Cost": 7.53, "Plan Rows": 1, "Plan Width": 21, "Actual Startup Time": 0.0, "Actual Total Time": 0.0, "Index Cond": "(id = mc.movie_id)", "Rows Removed by Index Recheck": 0, "Filter": "(production_year > 2005)", "Rows Removed by Filter": 0}], "Actual Rows": 0}, {"Node Type": "Index Scan", "Parent Relationship": "Inner", "Scan Direction": "Forward", "Index Name": "movie_id_movie_info", "Relation Name": "movie_info", "Alias": "mi", "Startup Cost": 0.0, "Total Cost": 1.21, "Plan Rows": 1, "Plan Width": 8, "Actual Startup Time": 0.0, "Actual Total Time": 0.0, "Index Cond": "(movie_id = t.id)", "Rows Removed by Index Recheck": 0, "Filter": "((info)::text = ANY ('{Sweden,Norway,Germany,Denmark,Swedish,Denish,Norwegian,German}'::text[]))", "Rows Removed by Filter": 0}], "Actual Rows": 0}, {"Node Type": "Index Only Scan", "Parent Relationship": "Inner", "Scan Direction": "Forward", "Index Name": "info_type_pkey", "Relation Name": "info_type", "Alias": "it", "Startup Cost": 0.0, "Total Cost": 0.27, "Plan Rows": 1, "Plan Width": 4, "Actual Startup Time": 0.0, "Actual Total Time": 0.0, "Index Cond": "(id = mi.info_type_id)", "Rows Removed by Index Recheck": 0, "Heap Fetches": 0}], "Actual Rows": 0}], "Actual Rows": 1}, "Triggers": [], "Planner Runtime": 3.787, "Total Runtime": 98.65, "Unique SQL Id": 2510907716}}, "(16, '49')": {"explain_plan": {"Plan": {"Node Type": "Aggregate", "Strategy": "Plain", "Startup Cost": 99093.2, "Total Cost": 99093.21, "Plan Rows": 1, "Plan Width": 49, "Plans": [{"Node Type": "Nested Loop", "Parent Relationship": "Outer", "Join Type": "Inner", "Startup Cost": 0.0, "Total Cost": 99088.4, "Plan Rows": 1919, "Plan Width": 17, "Inner Unique": true, "Plans": [{"Node Type": "Nested Loop", "Parent Relationship": "Outer", "Join Type": "Inner", "Startup Cost": 0.0, "Total Cost": 98550.97, "Plan Rows": 1919, "Plan Width": 21, "Inner Unique": false, "Plans": [{"Node Type": "Nested Loop", "Parent Relationship": "Outer", "Join Type": "Inner", "Startup Cost": 0.0, "Total Cost": 96271.68, "Plan Rows": 1869, "Plan Width": 25, "Inner Unique": true, "Plans": [{"Node Type": "Nested Loop", "Parent Relationship": "Outer", "Join Type": "Inner", "Startup Cost": 0.0, "Total Cost": 84654.26, "Plan Rows": 1540, "Plan Width": 4, "Inner Unique": false, "Join Filter": "(ct.id = mc.company_type_id)", "Plans": [{"Node Type": "Index Scan", "Parent Relationship": "Outer", "Scan Direction": "Forward", "Index Name": "company_type_pkey", "Relation Name": "company_type", "Alias": "ct", "Startup Cost": 0.0, "Total Cost": 12.3, "Plan Rows": 1, "Plan Width": 4, "Filter": "((kind)::text = 'production companies'::text)"}, {"Node Type": "Materialize", "Parent Relationship": "Inner", "Startup Cost": 0.0, "Total Cost": 84611.14, "Plan Rows": 3081, "Plan Width": 8, "Plans": [{"Node Type": "Streaming(type: LOCAL GATHER dop: 1/16)", "Parent Relationship": "Outer", "Startup Cost": 0.0, "Total Cost": 84603.44, "Plan Rows": 3081, "Plan Width": 8, "Plans": [{"Node Type": "Index Scan", "Parent Relationship": "Outer", "Scan Direction": "Forward", "Index Name": "company_type_id_movie_companies", "Relation Name": "movie_companies", "Alias": "mc", "Startup Cost": 0.0, "Total Cost": 84536.95, "Plan Rows": 3081, "Plan Width": 8, "Filter": "(((note)::text ~~ '%(theatrical)%'::text) AND ((note)::text ~~ '%(France)%'::text))"}]}]}]}, {"Node Type": "Index Scan", "Parent Relationship": "Inner", "Scan Direction": "Forward", "Index Name": "title_pkey", "Relation Name": "title", "Alias": "t", "Startup Cost": 0.0, "Total Cost": 7.53, "Plan Rows": 1, "Plan Width": 21, "Index Cond": "(id = mc.movie_id)", "Filter": "(production_year > 2005)"}]}, {"Node Type": "Index Scan", "Parent Relationship": "Inner", "Scan Direction": "Forward", "Index Name": "movie_id_movie_info", "Relation Name": "movie_info", "Alias": "mi", "Startup Cost": 0.0, "Total Cost": 1.21, "Plan Rows": 1, "Plan Width": 8, "Index Cond": "(movie_id = t.id)", "Filter": "((info)::text = ANY ('{Sweden,Norway,Germany,Denmark,Swedish,Denish,Norwegian,German}'::text[]))"}]}, {"Node Type": "Index Only Scan", "Parent Relationship": "Inner", "Scan Direction": "Forward", "Index Name": "info_type_pkey", "Relation Name": "info_type", "Alias": "it", "Startup Cost": 0.0, "Total Cost": 0.27, "Plan Rows": 1, "Plan Width": 4, "Index Cond": "(id = mi.info_type_id)"}]}]}, "Unique SQL Id": 2510907716, "Planner Runtime": 4}, "explain_analyze_plan": {"Plan": {"Node Type": "Aggregate", "Strategy": "Plain", "Startup Cost": 99093.2, "Total Cost": 99093.21, "Plan Rows": 1, "Plan Width": 49, "Actual Min Startup Time": 178.703, "Actual Max Startup Time": 178.703, "Actual Min Total Time": 178.704, "Actual Max Total Time": 178.704, "Plans": [{"Node Type": "Nested Loop", "Parent Relationship": "Outer", "Join Type": "Inner", "Startup Cost": 0.0, "Total Cost": 99088.4, "Plan Rows": 1919, "Plan Width": 17, "Actual Min Startup Time": 178.694, "Actual Max Startup Time": 178.694, "Actual Min Total Time": 178.694, "Actual Max Total Time": 178.694, "Inner Unique": true, "Plans": [{"Node Type": "Nested Loop", "Parent Relationship": "Outer", "Join Type": "Inner", "Startup Cost": 0.0, "Total Cost": 98550.97, "Plan Rows": 1919, "Plan Width": 21, "Actual Min Startup Time": 178.693, "Actual Max Startup Time": 178.693, "Actual Min Total Time": 178.693, "Actual Max Total Time": 178.693, "Inner Unique": false, "Plans": [{"Node Type": "Nested Loop", "Parent Relationship": "Outer", "Join Type": "Inner", "Startup Cost": 0.0, "Total Cost": 96271.68, "Plan Rows": 1869, "Plan Width": 25, "Actual Min Startup Time": 178.691, "Actual Max Startup Time": 178.691, "Actual Min Total Time": 178.691, "Actual Max Total Time": 178.691, "Inner Unique": true, "Plans": [{"Node Type": "Nested Loop", "Parent Relationship": "Outer", "Join Type": "Inner", "Startup Cost": 0.0, "Total Cost": 84654.26, "Plan Rows": 1540, "Plan Width": 4, "Actual Min Startup Time": 178.691, "Actual Max Startup Time": 178.691, "Actual Min Total Time": 178.691, "Actual Max Total Time": 178.691, "Inner Unique": false, "Join Filter": "(ct.id = mc.company_type_id)", "Rows Removed by Join Filter": 24025, "Plans": [{"Node Type": "Index Scan", "Parent Relationship": "Outer", "Scan Direction": "Forward", "Index Name": "company_type_pkey", "Relation Name": "company_type", "Alias": "ct", "Startup Cost": 0.0, "Total Cost": 12.3, "Plan Rows": 1, "Plan Width": 4, "Actual Min Startup Time": 0.041, "Actual Max Startup Time": 0.041, "Actual Min Total Time": 0.049, "Actual Max Total Time": 0.049, "Filter": "((kind)::text = 'production companies'::text)", "Rows Removed by Filter": 2, "Actual Rows": 1}, {"Node Type": "Materialize", "Parent Relationship": "Inner", "Startup Cost": 0.0, "Total Cost": 84611.14, "Plan Rows": 3081, "Plan Width": 8, "Actual Min Startup Time": 170.586, "Actual Max Startup Time": 170.586, "Actual Min Total Time": 173.382, "Actual Max Total Time": 173.382, "Plans": [{"Node Type": "Streaming(type: LOCAL GATHER dop: 1/16)", "Parent Relationship": "Outer", "Startup Cost": 0.0, "Total Cost": 84603.44, "Plan Rows": 3081, "Plan Width": 8, "Actual Min Startup Time": 31.969, "Actual Max Startup Time": 31.969, "Actual Min Total Time": 166.687, "Actual Max Total Time": 166.687, "Plans": [{"Node Type": "Index Scan", "Parent Relationship": "Outer", "Scan Direction": "Forward", "Index Name": "company_type_id_movie_companies", "Relation Name": "movie_companies", "Alias": "mc", "Startup Cost": 0.0, "Total Cost": 84536.95, "Plan Rows": 3081, "Plan Width": 8, "Actual Min Startup Time": 13.763, "Actual Max Startup Time": 86.987, "Actual Min Total Time": 85.513, "Actual Max Total Time": 148.739, "Filter": "(((note)::text ~~ '%(theatrical)%'::text) AND ((note)::text ~~ '%(France)%'::text))", "Rows Removed by Filter": 2585103, "Actual Rows": 24025}], "Actual Rows": 24025}], "Actual Rows": 24026}], "Actual Rows": 0}, {"Node Type": "Index Scan", "Parent Relationship": "Inner", "Scan Direction": "Forward", "Index Name": "title_pkey", "Relation Name": "title", "Alias": "t", "Startup Cost": 0.0, "Total Cost": 7.53, "Plan Rows": 1, "Plan Width": 21, "Actual Startup Time": 0.0, "Actual Total Time": 0.0, "Index Cond": "(id = mc.movie_id)", "Rows Removed by Index Recheck": 0, "Filter": "(production_year > 2005)", "Rows Removed by Filter": 0}], "Actual Rows": 0}, {"Node Type": "Index Scan", "Parent Relationship": "Inner", "Scan Direction": "Forward", "Index Name": "movie_id_movie_info", "Relation Name": "movie_info", "Alias": "mi", "Startup Cost": 0.0, "Total Cost": 1.21, "Plan Rows": 1, "Plan Width": 8, "Actual Startup Time": 0.0, "Actual Total Time": 0.0, "Index Cond": "(movie_id = t.id)", "Rows Removed by Index Recheck": 0, "Filter": "((info)::text = ANY ('{Sweden,Norway,Germany,Denmark,Swedish,Denish,Norwegian,German}'::text[]))", "Rows Removed by Filter": 0}], "Actual Rows": 0}, {"Node Type": "Index Only Scan", "Parent Relationship": "Inner", "Scan Direction": "Forward", "Index Name": "info_type_pkey", "Relation Name": "info_type", "Alias": "it", "Startup Cost": 0.0, "Total Cost": 0.27, "Plan Rows": 1, "Plan Width": 4, "Actual Startup Time": 0.0, "Actual Total Time": 0.0, "Index Cond": "(id = mi.info_type_id)", "Rows Removed by Index Recheck": 0, "Heap Fetches": 0}], "Actual Rows": 0}], "Actual Rows": 1}, "Triggers": [], "Planner Runtime": 9.112, "Total Runtime": 181.21, "Unique SQL Id": 2510907716}}, "(16, '50')": {"explain_plan": {"Plan": {"Node Type": "Aggregate", "Strategy": "Plain", "Startup Cost": 42305.73, "Total Cost": 42305.74, "Plan Rows": 1, "Plan Width": 49, "Plans": [{"Node Type": "Nested Loop", "Parent Relationship": "Outer", "Join Type": "Inner", "Startup Cost": 4.2, "Total Cost": 42300.93, "Plan Rows": 1919, "Plan Width": 17, "Inner Unique": true, "Join Filter": "(mi.info_type_id = it.id)", "Plans": [{"Node Type": "Nested Loop", "Parent Relationship": "Outer", "Join Type": "Inner", "Startup Cost": 4.2, "Total Cost": 39074.61, "Plan Rows": 1919, "Plan Width": 21, "Inner Unique": false, "Plans": [{"Node Type": "Nested Loop", "Parent Relationship": "Outer", "Join Type": "Inner", "Startup Cost": 3.69, "Total Cost": 30412.7, "Plan Rows": 1869, "Plan Width": 25, "Inner Unique": true, "Plans": [{"Node Type": "Nested Loop", "Parent Relationship": "Outer", "Join Type": "Inner", "Startup Cost": 0.0, "Total Cost": 18534.98, "Plan Rows": 1540, "Plan Width": 4, "Inner Unique": false, "Join Filter": "(ct.id = mc.company_type_id)", "Plans": [{"Node Type": "Seq Scan", "Parent Relationship": "Outer", "Relation Name": "company_type", "Alias": "ct", "Startup Cost": 0.0, "Total Cost": 1.04, "Plan Rows": 1, "Plan Width": 4, "Filter": "((kind)::text = 'production companies'::text)"}, {"Node Type": "Materialize", "Parent Relationship": "Inner", "Startup Cost": 0.0, "Total Cost": 18503.13, "Plan Rows": 3081, "Plan Width": 8, "Plans": [{"Node Type": "Streaming(type: LOCAL GATHER dop: 1/16)", "Parent Relationship": "Outer", "Startup Cost": 0.0, "Total Cost": 18495.43, "Plan Rows": 3081, "Plan Width": 8, "Plans": [{"Node Type": "Seq Scan", "Parent Relationship": "Outer", "Relation Name": "movie_companies", "Alias": "mc", "Startup Cost": 0.0, "Total Cost": 18428.93, "Plan Rows": 3081, "Plan Width": 8, "Filter": "(((note)::text ~~ '%(theatrical)%'::text) AND ((note)::text ~~ '%(France)%'::text))"}]}]}]}, {"Node Type": "Bitmap Heap Scan", "Parent Relationship": "Inner", "Relation Name": "title", "Alias": "t", "Startup Cost": 3.69, "Total Cost": 7.7, "Plan Rows": 1, "Plan Width": 21, "Recheck Cond": "(id = mc.movie_id)", "Filter": "(production_year > 2005)", "Plans": [{"Node Type": "Bitmap Index Scan", "Parent Relationship": "Outer", "Index Name": "title_pkey", "Startup Cost": 0.0, "Total Cost": 3.69, "Plan Rows": 1, "Plan Width": 0, "Index Cond": "(id = mc.movie_id)"}]}]}, {"Node Type": "Bitmap Heap Scan", "Parent Relationship": "Inner", "Relation Name": "movie_info", "Alias": "mi", "Startup Cost": 0.51, "Total Cost": 4.62, "Plan Rows": 1, "Plan Width": 8, "Recheck Cond": "(movie_id = t.id)", "Filter": "((info)::text = ANY ('{Sweden,Norway,Germany,Denmark,Swedish,Denish,Norwegian,German}'::text[]))", "Plans": [{"Node Type": "Bitmap Index Scan", "Parent Relationship": "Outer", "Index Name": "movie_id_movie_info", "Startup Cost": 0.0, "Total Cost": 0.51, "Plan Rows": 5, "Plan Width": 0, "Index Cond": "(movie_id = t.id)"}]}]}, {"Node Type": "Materialize", "Parent Relationship": "Inner", "Startup Cost": 0.0, "Total Cost": 2.68, "Plan Rows": 112, "Plan Width": 4, "Plans": [{"Node Type": "Seq Scan", "Parent Relationship": "Outer", "Relation Name": "info_type", "Alias": "it", "Startup Cost": 0.0, "Total Cost": 2.12, "Plan Rows": 112, "Plan Width": 4}]}]}]}, "Unique SQL Id": 2510907716, "Planner Runtime": 4}, "explain_analyze_plan": {"Plan": {"Node Type": "Aggregate", "Strategy": "Plain", "Startup Cost": 42305.73, "Total Cost": 42305.74, "Plan Rows": 1, "Plan Width": 49, "Actual Min Startup Time": 94.348, "Actual Max Startup Time": 94.348, "Actual Min Total Time": 94.348, "Actual Max Total Time": 94.348, "Plans": [{"Node Type": "Nested Loop", "Parent Relationship": "Outer", "Join Type": "Inner", "Startup Cost": 4.2, "Total Cost": 42300.93, "Plan Rows": 1919, "Plan Width": 17, "Actual Min Startup Time": 94.337, "Actual Max Startup Time": 94.337, "Actual Min Total Time": 94.337, "Actual Max Total Time": 94.337, "Inner Unique": true, "Join Filter": "(mi.info_type_id = it.id)", "Rows Removed by Join Filter": 0, "Plans": [{"Node Type": "Nested Loop", "Parent Relationship": "Outer", "Join Type": "Inner", "Startup Cost": 4.2, "Total Cost": 39074.61, "Plan Rows": 1919, "Plan Width": 21, "Actual Min Startup Time": 94.336, "Actual Max Startup Time": 94.336, "Actual Min Total Time": 94.336, "Actual Max Total Time": 94.336, "Inner Unique": false, "Plans": [{"Node Type": "Nested Loop", "Parent Relationship": "Outer", "Join Type": "Inner", "Startup Cost": 3.69, "Total Cost": 30412.7, "Plan Rows": 1869, "Plan Width": 25, "Actual Min Startup Time": 94.334, "Actual Max Startup Time": 94.334, "Actual Min Total Time": 94.334, "Actual Max Total Time": 94.334, "Inner Unique": true, "Plans": [{"Node Type": "Nested Loop", "Parent Relationship": "Outer", "Join Type": "Inner", "Startup Cost": 0.0, "Total Cost": 18534.98, "Plan Rows": 1540, "Plan Width": 4, "Actual Min Startup Time": 94.333, "Actual Max Startup Time": 94.333, "Actual Min Total Time": 94.333, "Actual Max Total Time": 94.333, "Inner Unique": false, "Join Filter": "(ct.id = mc.company_type_id)", "Rows Removed by Join Filter": 24025, "Plans": [{"Node Type": "Seq Scan", "Parent Relationship": "Outer", "Relation Name": "company_type", "Alias": "ct", "Startup Cost": 0.0, "Total Cost": 1.04, "Plan Rows": 1, "Plan Width": 4, "Actual Min Startup Time": 0.044, "Actual Max Startup Time": 0.044, "Actual Min Total Time": 0.048, "Actual Max Total Time": 0.048, "Filter": "((kind)::text = 'production companies'::text)", "Rows Removed by Filter": 2, "Actual Rows": 1}, {"Node Type": "Materialize", "Parent Relationship": "Inner", "Startup Cost": 0.0, "Total Cost": 18503.13, "Plan Rows": 3081, "Plan Width": 8, "Actual Min Startup Time": 86.063, "Actual Max Startup Time": 86.063, "Actual Min Total Time": 88.996, "Actual Max Total Time": 88.996, "Plans": [{"Node Type": "Streaming(type: LOCAL GATHER dop: 1/16)", "Parent Relationship": "Outer", "Startup Cost": 0.0, "Total Cost": 18495.43, "Plan Rows": 3081, "Plan Width": 8, "Actual Min Startup Time": 28.344, "Actual Max Startup Time": 28.344, "Actual Min Total Time": 82.319, "Actual Max Total Time": 82.319, "Plans": [{"Node Type": "Seq Scan", "Parent Relationship": "Outer", "Relation Name": "movie_companies", "Alias": "mc", "Startup Cost": 0.0, "Total Cost": 18428.93, "Plan Rows": 3081, "Plan Width": 8, "Actual Min Startup Time": 0.916, "Actual Max Startup Time": 12.844, "Actual Min Total Time": 60.357, "Actual Max Total Time": 66.755, "Filter": "(((note)::text ~~ '%(theatrical)%'::text) AND ((note)::text ~~ '%(France)%'::text))", "Rows Removed by Filter": 2585103, "Actual Rows": 24025}], "Actual Rows": 24025}], "Actual Rows": 24026}], "Actual Rows": 0}, {"Node Type": "Bitmap Heap Scan", "Parent Relationship": "Inner", "Relation Name": "title", "Alias": "t", "Startup Cost": 3.69, "Total Cost": 7.7, "Plan Rows": 1, "Plan Width": 21, "Actual Startup Time": 0.0, "Actual Total Time": 0.0, "Recheck Cond": "(id = mc.movie_id)", "Rows Removed by Index Recheck": 0, "Filter": "(production_year > 2005)", "Rows Removed by Filter": 0, "Exact Heap Blocks": 0, "Lossy Heap Blocks": 0, "Plans": [{"Node Type": "Bitmap Index Scan", "Parent Relationship": "Outer", "Index Name": "title_pkey", "Startup Cost": 0.0, "Total Cost": 3.69, "Plan Rows": 1, "Plan Width": 0, "Actual Startup Time": 0.0, "Actual Total Time": 0.0, "Index Cond": "(id = mc.movie_id)"}]}], "Actual Rows": 0}, {"Node Type": "Bitmap Heap Scan", "Parent Relationship": "Inner", "Relation Name": "movie_info", "Alias": "mi", "Startup Cost": 0.51, "Total Cost": 4.62, "Plan Rows": 1, "Plan Width": 8, "Actual Startup Time": 0.0, "Actual Total Time": 0.0, "Recheck Cond": "(movie_id = t.id)", "Rows Removed by Index Recheck": 0, "Filter": "((info)::text = ANY ('{Sweden,Norway,Germany,Denmark,Swedish,Denish,Norwegian,German}'::text[]))", "Rows Removed by Filter": 0, "Exact Heap Blocks": 0, "Lossy Heap Blocks": 0, "Plans": [{"Node Type": "Bitmap Index Scan", "Parent Relationship": "Outer", "Index Name": "movie_id_movie_info", "Startup Cost": 0.0, "Total Cost": 0.51, "Plan Rows": 5, "Plan Width": 0, "Actual Startup Time": 0.0, "Actual Total Time": 0.0, "Index Cond": "(movie_id = t.id)"}]}], "Actual Rows": 0}, {"Node Type": "Materialize", "Parent Relationship": "Inner", "Startup Cost": 0.0, "Total Cost": 2.68, "Plan Rows": 112, "Plan Width": 4, "Actual Startup Time": 0.0, "Actual Total Time": 0.0, "Plans": [{"Node Type": "Seq Scan", "Parent Relationship": "Outer", "Relation Name": "info_type", "Alias": "it", "Startup Cost": 0.0, "Total Cost": 2.12, "Plan Rows": 112, "Plan Width": 4, "Actual Startup Time": 0.0, "Actual Total Time": 0.0}]}], "Actual Rows": 0}], "Actual Rows": 1}, "Triggers": [], "Planner Runtime": 5.132, "Total Runtime": 96.997, "Unique SQL Id": 2510907716}}, "(16, '51')": {"explain_plan": {"Plan": {"Node Type": "Aggregate", "Strategy": "Plain", "Startup Cost": 91311.03, "Total Cost": 91311.04, "Plan Rows": 1, "Plan Width": 49, "Plans": [{"Node Type": "Nested Loop", "Parent Relationship": "Outer", "Join Type": "Inner", "Startup Cost": 28966.17, "Total Cost": 91306.23, "Plan Rows": 1919, "Plan Width": 17, "Inner Unique": true, "Join Filter": "(mi.info_type_id = it.id)", "Plans": [{"Node Type": "Nested Loop", "Parent Relationship": "Outer", "Join Type": "Inner", "Startup Cost": 28957.33, "Total Cost": 88068.08, "Plan Rows": 1919, "Plan Width": 21, "Inner Unique": false, "Plans": [{"Node Type": "Nested Loop", "Parent Relationship": "Outer", "Join Type": "Inner", "Startup Cost": 28956.82, "Total Cost": 79406.16, "Plan Rows": 1869, "Plan Width": 25, "Inner Unique": true, "Plans": [{"Node Type": "Nested Loop", "Parent Relationship": "Outer", "Join Type": "Inner", "Startup Cost": 28953.13, "Total Cost": 67528.44, "Plan Rows": 1540, "Plan Width": 4, "Inner Unique": false, "Plans": [{"Node Type": "Bitmap Heap Scan", "Parent Relationship": "Outer", "Relation Name": "company_type", "Alias": "ct", "Startup Cost": 8.27, "Total Cost": 12.3, "Plan Rows": 1, "Plan Width": 4, "Filter": "((kind)::text = 'production companies'::text)", "Plans": [{"Node Type": "Bitmap Index Scan", "Parent Relationship": "Outer", "Index Name": "company_type_pkey", "Startup Cost": 0.0, "Total Cost": 8.27, "Plan Rows": 3, "Plan Width": 0}]}, {"Node Type": "Bitmap Heap Scan", "Parent Relationship": "Inner", "Relation Name": "movie_companies", "Alias": "mc", "Startup Cost": 28944.86, "Total Cost": 67500.74, "Plan Rows": 1540, "Plan Width": 8, "Recheck Cond": "(company_type_id = ct.id)", "Filter": "(((note)::text ~~ '%(theatrical)%'::text) AND ((note)::text ~~ '%(France)%'::text))", "Plans": [{"Node Type": "Bitmap Index Scan", "Parent Relationship": "Outer", "Index Name": "company_type_id_movie_companies", "Startup Cost": 0.0, "Total Cost": 28944.48, "Plan Rows": 1304564, "Plan Width": 0, "Index Cond": "(company_type_id = ct.id)"}]}]}, {"Node Type": "Bitmap Heap Scan", "Parent Relationship": "Inner", "Relation Name": "title", "Alias": "t", "Startup Cost": 3.69, "Total Cost": 7.7, "Plan Rows": 1, "Plan Width": 21, "Recheck Cond": "(id = mc.movie_id)", "Filter": "(production_year > 2005)", "Plans": [{"Node Type": "Bitmap Index Scan", "Parent Relationship": "Outer", "Index Name": "title_pkey", "Startup Cost": 0.0, "Total Cost": 3.69, "Plan Rows": 1, "Plan Width": 0, "Index Cond": "(id = mc.movie_id)"}]}]}, {"Node Type": "Bitmap Heap Scan", "Parent Relationship": "Inner", "Relation Name": "movie_info", "Alias": "mi", "Startup Cost": 0.51, "Total Cost": 4.62, "Plan Rows": 1, "Plan Width": 8, "Recheck Cond": "(movie_id = t.id)", "Filter": "((info)::text = ANY ('{Sweden,Norway,Germany,Denmark,Swedish,Denish,Norwegian,German}'::text[]))", "Plans": [{"Node Type": "Bitmap Index Scan", "Parent Relationship": "Outer", "Index Name": "movie_id_movie_info", "Startup Cost": 0.0, "Total Cost": 0.51, "Plan Rows": 5, "Plan Width": 0, "Index Cond": "(movie_id = t.id)"}]}]}, {"Node Type": "Materialize", "Parent Relationship": "Inner", "Startup Cost": 8.84, "Total Cost": 14.52, "Plan Rows": 112, "Plan Width": 4, "Plans": [{"Node Type": "Bitmap Heap Scan", "Parent Relationship": "Outer", "Relation Name": "info_type", "Alias": "it", "Startup Cost": 8.84, "Total Cost": 13.96, "Plan Rows": 112, "Plan Width": 4, "Plans": [{"Node Type": "Bitmap Index Scan", "Parent Relationship": "Outer", "Index Name": "info_type_pkey", "Startup Cost": 0.0, "Total Cost": 8.81, "Plan Rows": 112, "Plan Width": 0}]}]}]}]}, "Unique SQL Id": 2510907716, "Planner Runtime": 3}, "explain_analyze_plan": null}, "(16, '52')": {"explain_plan": {"Plan": {"Node Type": "Aggregate", "Strategy": "Plain", "Startup Cost": 32973.97, "Total Cost": 32973.98, "Plan Rows": 1, "Plan Width": 49, "Plans": [{"Node Type": "Nested Loop", "Parent Relationship": "Outer", "Join Type": "Inner", "Startup Cost": 0.0, "Total Cost": 32969.17, "Plan Rows": 1919, "Plan Width": 17, "Inner Unique": true, "Plans": [{"Node Type": "Nested Loop", "Parent Relationship": "Outer", "Join Type": "Inner", "Startup Cost": 0.0, "Total Cost": 32431.69, "Plan Rows": 1919, "Plan Width": 21, "Inner Unique": false, "Plans": [{"Node Type": "Nested Loop", "Parent Relationship": "Outer", "Join Type": "Inner", "Startup Cost": 0.0, "Total Cost": 30152.4, "Plan Rows": 1869, "Plan Width": 25, "Inner Unique": true, "Plans": [{"Node Type": "Nested Loop", "Parent Relationship": "Outer", "Join Type": "Inner", "Startup Cost": 0.0, "Total Cost": 18534.98, "Plan Rows": 1540, "Plan Width": 4, "Inner Unique": false, "Join Filter": "(ct.id = mc.company_type_id)", "Plans": [{"Node Type": "Seq Scan", "Parent Relationship": "Outer", "Relation Name": "company_type", "Alias": "ct", "Startup Cost": 0.0, "Total Cost": 1.04, "Plan Rows": 1, "Plan Width": 4, "Filter": "((kind)::text = 'production companies'::text)"}, {"Node Type": "Materialize", "Parent Relationship": "Inner", "Startup Cost": 0.0, "Total Cost": 18503.13, "Plan Rows": 3081, "Plan Width": 8, "Plans": [{"Node Type": "Streaming(type: LOCAL GATHER dop: 1/16)", "Parent Relationship": "Outer", "Startup Cost": 0.0, "Total Cost": 18495.43, "Plan Rows": 3081, "Plan Width": 8, "Plans": [{"Node Type": "Seq Scan", "Parent Relationship": "Outer", "Relation Name": "movie_companies", "Alias": "mc", "Startup Cost": 0.0, "Total Cost": 18428.93, "Plan Rows": 3081, "Plan Width": 8, "Filter": "(((note)::text ~~ '%(theatrical)%'::text) AND ((note)::text ~~ '%(France)%'::text))"}]}]}]}, {"Node Type": "Index Scan", "Parent Relationship": "Inner", "Scan Direction": "Forward", "Index Name": "title_pkey", "Relation Name": "title", "Alias": "t", "Startup Cost": 0.0, "Total Cost": 7.53, "Plan Rows": 1, "Plan Width": 21, "Index Cond": "(id = mc.movie_id)", "Filter": "(production_year > 2005)"}]}, {"Node Type": "Index Scan", "Parent Relationship": "Inner", "Scan Direction": "Forward", "Index Name": "movie_id_movie_info", "Relation Name": "movie_info", "Alias": "mi", "Startup Cost": 0.0, "Total Cost": 1.21, "Plan Rows": 1, "Plan Width": 8, "Index Cond": "(movie_id = t.id)", "Filter": "((info)::text = ANY ('{Sweden,Norway,Germany,Denmark,Swedish,Denish,Norwegian,German}'::text[]))"}]}, {"Node Type": "Index Scan", "Parent Relationship": "Inner", "Scan Direction": "Forward", "Index Name": "info_type_pkey", "Relation Name": "info_type", "Alias": "it", "Startup Cost": 0.0, "Total Cost": 0.27, "Plan Rows": 1, "Plan Width": 4, "Index Cond": "(id = mi.info_type_id)"}]}]}, "Unique SQL Id": 2510907716, "Planner Runtime": 4}, "explain_analyze_plan": {"Plan": {"Node Type": "Aggregate", "Strategy": "Plain", "Startup Cost": 32973.97, "Total Cost": 32973.98, "Plan Rows": 1, "Plan Width": 49, "Actual Min Startup Time": 97.143, "Actual Max Startup Time": 97.143, "Actual Min Total Time": 97.143, "Actual Max Total Time": 97.143, "Plans": [{"Node Type": "Nested Loop", "Parent Relationship": "Outer", "Join Type": "Inner", "Startup Cost": 0.0, "Total Cost": 32969.17, "Plan Rows": 1919, "Plan Width": 17, "Actual Min Startup Time": 97.134, "Actual Max Startup Time": 97.134, "Actual Min Total Time": 97.134, "Actual Max Total Time": 97.134, "Inner Unique": true, "Plans": [{"Node Type": "Nested Loop", "Parent Relationship": "Outer", "Join Type": "Inner", "Startup Cost": 0.0, "Total Cost": 32431.69, "Plan Rows": 1919, "Plan Width": 21, "Actual Min Startup Time": 97.132, "Actual Max Startup Time": 97.132, "Actual Min Total Time": 97.132, "Actual Max Total Time": 97.132, "Inner Unique": false, "Plans": [{"Node Type": "Nested Loop", "Parent Relationship": "Outer", "Join Type": "Inner", "Startup Cost": 0.0, "Total Cost": 30152.4, "Plan Rows": 1869, "Plan Width": 25, "Actual Min Startup Time": 97.131, "Actual Max Startup Time": 97.131, "Actual Min Total Time": 97.131, "Actual Max Total Time": 97.131, "Inner Unique": true, "Plans": [{"Node Type": "Nested Loop", "Parent Relationship": "Outer", "Join Type": "Inner", "Startup Cost": 0.0, "Total Cost": 18534.98, "Plan Rows": 1540, "Plan Width": 4, "Actual Min Startup Time": 97.13, "Actual Max Startup Time": 97.13, "Actual Min Total Time": 97.13, "Actual Max Total Time": 97.13, "Inner Unique": false, "Join Filter": "(ct.id = mc.company_type_id)", "Rows Removed by Join Filter": 24025, "Plans": [{"Node Type": "Seq Scan", "Parent Relationship": "Outer", "Relation Name": "company_type", "Alias": "ct", "Startup Cost": 0.0, "Total Cost": 1.04, "Plan Rows": 1, "Plan Width": 4, "Actual Min Startup Time": 0.044, "Actual Max Startup Time": 0.044, "Actual Min Total Time": 0.049, "Actual Max Total Time": 0.049, "Filter": "((kind)::text = 'production companies'::text)", "Rows Removed by Filter": 2, "Actual Rows": 1}, {"Node Type": "Materialize", "Parent Relationship": "Inner", "Startup Cost": 0.0, "Total Cost": 18503.13, "Plan Rows": 3081, "Plan Width": 8, "Actual Min Startup Time": 88.751, "Actual Max Startup Time": 88.751, "Actual Min Total Time": 91.863, "Actual Max Total Time": 91.863, "Plans": [{"Node Type": "Streaming(type: LOCAL GATHER dop: 1/16)", "Parent Relationship": "Outer", "Startup Cost": 0.0, "Total Cost": 18495.43, "Plan Rows": 3081, "Plan Width": 8, "Actual Min Startup Time": 28.768, "Actual Max Startup Time": 28.768, "Actual Min Total Time": 84.921, "Actual Max Total Time": 84.921, "Plans": [{"Node Type": "Seq Scan", "Parent Relationship": "Outer", "Relation Name": "movie_companies", "Alias": "mc", "Startup Cost": 0.0, "Total Cost": 18428.93, "Plan Rows": 3081, "Plan Width": 8, "Actual Min Startup Time": 0.897, "Actual Max Startup Time": 12.887, "Actual Min Total Time": 60.124, "Actual Max Total Time": 66.576, "Filter": "(((note)::text ~~ '%(theatrical)%'::text) AND ((note)::text ~~ '%(France)%'::text))", "Rows Removed by Filter": 2585103, "Actual Rows": 24025}], "Actual Rows": 24025}], "Actual Rows": 24026}], "Actual Rows": 0}, {"Node Type": "Index Scan", "Parent Relationship": "Inner", "Scan Direction": "Forward", "Index Name": "title_pkey", "Relation Name": "title", "Alias": "t", "Startup Cost": 0.0, "Total Cost": 7.53, "Plan Rows": 1, "Plan Width": 21, "Actual Startup Time": 0.0, "Actual Total Time": 0.0, "Index Cond": "(id = mc.movie_id)", "Rows Removed by Index Recheck": 0, "Filter": "(production_year > 2005)", "Rows Removed by Filter": 0}], "Actual Rows": 0}, {"Node Type": "Index Scan", "Parent Relationship": "Inner", "Scan Direction": "Forward", "Index Name": "movie_id_movie_info", "Relation Name": "movie_info", "Alias": "mi", "Startup Cost": 0.0, "Total Cost": 1.21, "Plan Rows": 1, "Plan Width": 8, "Actual Startup Time": 0.0, "Actual Total Time": 0.0, "Index Cond": "(movie_id = t.id)", "Rows Removed by Index Recheck": 0, "Filter": "((info)::text = ANY ('{Sweden,Norway,Germany,Denmark,Swedish,Denish,Norwegian,German}'::text[]))", "Rows Removed by Filter": 0}], "Actual Rows": 0}, {"Node Type": "Index Scan", "Parent Relationship": "Inner", "Scan Direction": "Forward", "Index Name": "info_type_pkey", "Relation Name": "info_type", "Alias": "it", "Startup Cost": 0.0, "Total Cost": 0.27, "Plan Rows": 1, "Plan Width": 4, "Actual Startup Time": 0.0, "Actual Total Time": 0.0, "Index Cond": "(id = mi.info_type_id)", "Rows Removed by Index Recheck": 0}], "Actual Rows": 0}], "Actual Rows": 1}, "Triggers": [], "Planner Runtime": 3.858, "Total Runtime": 99.75, "Unique SQL Id": 2510907716}}, "(16, '53')": {"explain_plan": {"Plan": {"Node Type": "Aggregate", "Strategy": "Plain", "Startup Cost": 99093.25, "Total Cost": 99093.26, "Plan Rows": 1, "Plan Width": 49, "Plans": [{"Node Type": "Nested Loop", "Parent Relationship": "Outer", "Join Type": "Inner", "Startup Cost": 0.0, "Total Cost": 99088.45, "Plan Rows": 1919, "Plan Width": 17, "Inner Unique": true, "Plans": [{"Node Type": "Nested Loop", "Parent Relationship": "Outer", "Join Type": "Inner", "Startup Cost": 0.0, "Total Cost": 98550.97, "Plan Rows": 1919, "Plan Width": 21, "Inner Unique": false, "Plans": [{"Node Type": "Nested Loop", "Parent Relationship": "Outer", "Join Type": "Inner", "Startup Cost": 0.0, "Total Cost": 96271.68, "Plan Rows": 1869, "Plan Width": 25, "Inner Unique": true, "Plans": [{"Node Type": "Nested Loop", "Parent Relationship": "Outer", "Join Type": "Inner", "Startup Cost": 0.0, "Total Cost": 84654.26, "Plan Rows": 1540, "Plan Width": 4, "Inner Unique": false, "Join Filter": "(ct.id = mc.company_type_id)", "Plans": [{"Node Type": "Index Scan", "Parent Relationship": "Outer", "Scan Direction": "Forward", "Index Name": "company_type_pkey", "Relation Name": "company_type", "Alias": "ct", "Startup Cost": 0.0, "Total Cost": 12.3, "Plan Rows": 1, "Plan Width": 4, "Filter": "((kind)::text = 'production companies'::text)"}, {"Node Type": "Materialize", "Parent Relationship": "Inner", "Startup Cost": 0.0, "Total Cost": 84611.14, "Plan Rows": 3081, "Plan Width": 8, "Plans": [{"Node Type": "Streaming(type: LOCAL GATHER dop: 1/16)", "Parent Relationship": "Outer", "Startup Cost": 0.0, "Total Cost": 84603.44, "Plan Rows": 3081, "Plan Width": 8, "Plans": [{"Node Type": "Index Scan", "Parent Relationship": "Outer", "Scan Direction": "Forward", "Index Name": "company_type_id_movie_companies", "Relation Name": "movie_companies", "Alias": "mc", "Startup Cost": 0.0, "Total Cost": 84536.95, "Plan Rows": 3081, "Plan Width": 8, "Filter": "(((note)::text ~~ '%(theatrical)%'::text) AND ((note)::text ~~ '%(France)%'::text))"}]}]}]}, {"Node Type": "Index Scan", "Parent Relationship": "Inner", "Scan Direction": "Forward", "Index Name": "title_pkey", "Relation Name": "title", "Alias": "t", "Startup Cost": 0.0, "Total Cost": 7.53, "Plan Rows": 1, "Plan Width": 21, "Index Cond": "(id = mc.movie_id)", "Filter": "(production_year > 2005)"}]}, {"Node Type": "Index Scan", "Parent Relationship": "Inner", "Scan Direction": "Forward", "Index Name": "movie_id_movie_info", "Relation Name": "movie_info", "Alias": "mi", "Startup Cost": 0.0, "Total Cost": 1.21, "Plan Rows": 1, "Plan Width": 8, "Index Cond": "(movie_id = t.id)", "Filter": "((info)::text = ANY ('{Sweden,Norway,Germany,Denmark,Swedish,Denish,Norwegian,German}'::text[]))"}]}, {"Node Type": "Index Scan", "Parent Relationship": "Inner", "Scan Direction": "Forward", "Index Name": "info_type_pkey", "Relation Name": "info_type", "Alias": "it", "Startup Cost": 0.0, "Total Cost": 0.27, "Plan Rows": 1, "Plan Width": 4, "Index Cond": "(id = mi.info_type_id)"}]}]}, "Unique SQL Id": 2510907716, "Planner Runtime": 4}, "explain_analyze_plan": {"Plan": {"Node Type": "Aggregate", "Strategy": "Plain", "Startup Cost": 99093.25, "Total Cost": 99093.26, "Plan Rows": 1, "Plan Width": 49, "Actual Min Startup Time": 179.842, "Actual Max Startup Time": 179.842, "Actual Min Total Time": 179.843, "Actual Max Total Time": 179.843, "Plans": [{"Node Type": "Nested Loop", "Parent Relationship": "Outer", "Join Type": "Inner", "Startup Cost": 0.0, "Total Cost": 99088.45, "Plan Rows": 1919, "Plan Width": 17, "Actual Min Startup Time": 179.832, "Actual Max Startup Time": 179.832, "Actual Min Total Time": 179.832, "Actual Max Total Time": 179.832, "Inner Unique": true, "Plans": [{"Node Type": "Nested Loop", "Parent Relationship": "Outer", "Join Type": "Inner", "Startup Cost": 0.0, "Total Cost": 98550.97, "Plan Rows": 1919, "Plan Width": 21, "Actual Min Startup Time": 179.83, "Actual Max Startup Time": 179.83, "Actual Min Total Time": 179.83, "Actual Max Total Time": 179.83, "Inner Unique": false, "Plans": [{"Node Type": "Nested Loop", "Parent Relationship": "Outer", "Join Type": "Inner", "Startup Cost": 0.0, "Total Cost": 96271.68, "Plan Rows": 1869, "Plan Width": 25, "Actual Min Startup Time": 179.829, "Actual Max Startup Time": 179.829, "Actual Min Total Time": 179.829, "Actual Max Total Time": 179.829, "Inner Unique": true, "Plans": [{"Node Type": "Nested Loop", "Parent Relationship": "Outer", "Join Type": "Inner", "Startup Cost": 0.0, "Total Cost": 84654.26, "Plan Rows": 1540, "Plan Width": 4, "Actual Min Startup Time": 179.828, "Actual Max Startup Time": 179.828, "Actual Min Total Time": 179.828, "Actual Max Total Time": 179.828, "Inner Unique": false, "Join Filter": "(ct.id = mc.company_type_id)", "Rows Removed by Join Filter": 24025, "Plans": [{"Node Type": "Index Scan", "Parent Relationship": "Outer", "Scan Direction": "Forward", "Index Name": "company_type_pkey", "Relation Name": "company_type", "Alias": "ct", "Startup Cost": 0.0, "Total Cost": 12.3, "Plan Rows": 1, "Plan Width": 4, "Actual Min Startup Time": 0.042, "Actual Max Startup Time": 0.042, "Actual Min Total Time": 0.051, "Actual Max Total Time": 0.051, "Filter": "((kind)::text = 'production companies'::text)", "Rows Removed by Filter": 2, "Actual Rows": 1}, {"Node Type": "Materialize", "Parent Relationship": "Inner", "Startup Cost": 0.0, "Total Cost": 84611.14, "Plan Rows": 3081, "Plan Width": 8, "Actual Min Startup Time": 171.715, "Actual Max Startup Time": 171.715, "Actual Min Total Time": 174.54, "Actual Max Total Time": 174.54, "Plans": [{"Node Type": "Streaming(type: LOCAL GATHER dop: 1/16)", "Parent Relationship": "Outer", "Startup Cost": 0.0, "Total Cost": 84603.44, "Plan Rows": 3081, "Plan Width": 8, "Actual Min Startup Time": 33.606, "Actual Max Startup Time": 33.606, "Actual Min Total Time": 167.84, "Actual Max Total Time": 167.84, "Plans": [{"Node Type": "Index Scan", "Parent Relationship": "Outer", "Scan Direction": "Forward", "Index Name": "company_type_id_movie_companies", "Relation Name": "movie_companies", "Alias": "mc", "Startup Cost": 0.0, "Total Cost": 84536.95, "Plan Rows": 3081, "Plan Width": 8, "Actual Min Startup Time": 16.414, "Actual Max Startup Time": 89.105, "Actual Min Total Time": 85.898, "Actual Max Total Time": 151.015, "Filter": "(((note)::text ~~ '%(theatrical)%'::text) AND ((note)::text ~~ '%(France)%'::text))", "Rows Removed by Filter": 2585103, "Actual Rows": 24025}], "Actual Rows": 24025}], "Actual Rows": 24026}], "Actual Rows": 0}, {"Node Type": "Index Scan", "Parent Relationship": "Inner", "Scan Direction": "Forward", "Index Name": "title_pkey", "Relation Name": "title", "Alias": "t", "Startup Cost": 0.0, "Total Cost": 7.53, "Plan Rows": 1, "Plan Width": 21, "Actual Startup Time": 0.0, "Actual Total Time": 0.0, "Index Cond": "(id = mc.movie_id)", "Rows Removed by Index Recheck": 0, "Filter": "(production_year > 2005)", "Rows Removed by Filter": 0}], "Actual Rows": 0}, {"Node Type": "Index Scan", "Parent Relationship": "Inner", "Scan Direction": "Forward", "Index Name": "movie_id_movie_info", "Relation Name": "movie_info", "Alias": "mi", "Startup Cost": 0.0, "Total Cost": 1.21, "Plan Rows": 1, "Plan Width": 8, "Actual Startup Time": 0.0, "Actual Total Time": 0.0, "Index Cond": "(movie_id = t.id)", "Rows Removed by Index Recheck": 0, "Filter": "((info)::text = ANY ('{Sweden,Norway,Germany,Denmark,Swedish,Denish,Norwegian,German}'::text[]))", "Rows Removed by Filter": 0}], "Actual Rows": 0}, {"Node Type": "Index Scan", "Parent Relationship": "Inner", "Scan Direction": "Forward", "Index Name": "info_type_pkey", "Relation Name": "info_type", "Alias": "it", "Startup Cost": 0.0, "Total Cost": 0.27, "Plan Rows": 1, "Plan Width": 4, "Actual Startup Time": 0.0, "Actual Total Time": 0.0, "Index Cond": "(id = mi.info_type_id)", "Rows Removed by Index Recheck": 0}], "Actual Rows": 0}], "Actual Rows": 1}, "Triggers": [], "Planner Runtime": 9.053, "Total Runtime": 182.351, "Unique SQL Id": 2510907716}}, "(16, '54')": {"explain_plan": {"Plan": {"Node Type": "Aggregate", "Strategy": "Plain", "Startup Cost": 42305.73, "Total Cost": 42305.74, "Plan Rows": 1, "Plan Width": 49, "Plans": [{"Node Type": "Nested Loop", "Parent Relationship": "Outer", "Join Type": "Inner", "Startup Cost": 4.2, "Total Cost": 42300.93, "Plan Rows": 1919, "Plan Width": 17, "Inner Unique": true, "Join Filter": "(mi.info_type_id = it.id)", "Plans": [{"Node Type": "Nested Loop", "Parent Relationship": "Outer", "Join Type": "Inner", "Startup Cost": 4.2, "Total Cost": 39074.61, "Plan Rows": 1919, "Plan Width": 21, "Inner Unique": false, "Plans": [{"Node Type": "Nested Loop", "Parent Relationship": "Outer", "Join Type": "Inner", "Startup Cost": 3.69, "Total Cost": 30412.7, "Plan Rows": 1869, "Plan Width": 25, "Inner Unique": true, "Plans": [{"Node Type": "Nested Loop", "Parent Relationship": "Outer", "Join Type": "Inner", "Startup Cost": 0.0, "Total Cost": 18534.98, "Plan Rows": 1540, "Plan Width": 4, "Inner Unique": false, "Join Filter": "(ct.id = mc.company_type_id)", "Plans": [{"Node Type": "Seq Scan", "Parent Relationship": "Outer", "Relation Name": "company_type", "Alias": "ct", "Startup Cost": 0.0, "Total Cost": 1.04, "Plan Rows": 1, "Plan Width": 4, "Filter": "((kind)::text = 'production companies'::text)"}, {"Node Type": "Materialize", "Parent Relationship": "Inner", "Startup Cost": 0.0, "Total Cost": 18503.13, "Plan Rows": 3081, "Plan Width": 8, "Plans": [{"Node Type": "Streaming(type: LOCAL GATHER dop: 1/16)", "Parent Relationship": "Outer", "Startup Cost": 0.0, "Total Cost": 18495.43, "Plan Rows": 3081, "Plan Width": 8, "Plans": [{"Node Type": "Seq Scan", "Parent Relationship": "Outer", "Relation Name": "movie_companies", "Alias": "mc", "Startup Cost": 0.0, "Total Cost": 18428.93, "Plan Rows": 3081, "Plan Width": 8, "Filter": "(((note)::text ~~ '%(theatrical)%'::text) AND ((note)::text ~~ '%(France)%'::text))"}]}]}]}, {"Node Type": "Bitmap Heap Scan", "Parent Relationship": "Inner", "Relation Name": "title", "Alias": "t", "Startup Cost": 3.69, "Total Cost": 7.7, "Plan Rows": 1, "Plan Width": 21, "Recheck Cond": "(id = mc.movie_id)", "Filter": "(production_year > 2005)", "Plans": [{"Node Type": "Bitmap Index Scan", "Parent Relationship": "Outer", "Index Name": "title_pkey", "Startup Cost": 0.0, "Total Cost": 3.69, "Plan Rows": 1, "Plan Width": 0, "Index Cond": "(id = mc.movie_id)"}]}]}, {"Node Type": "Bitmap Heap Scan", "Parent Relationship": "Inner", "Relation Name": "movie_info", "Alias": "mi", "Startup Cost": 0.51, "Total Cost": 4.62, "Plan Rows": 1, "Plan Width": 8, "Recheck Cond": "(movie_id = t.id)", "Filter": "((info)::text = ANY ('{Sweden,Norway,Germany,Denmark,Swedish,Denish,Norwegian,German}'::text[]))", "Plans": [{"Node Type": "Bitmap Index Scan", "Parent Relationship": "Outer", "Index Name": "movie_id_movie_info", "Startup Cost": 0.0, "Total Cost": 0.51, "Plan Rows": 5, "Plan Width": 0, "Index Cond": "(movie_id = t.id)"}]}]}, {"Node Type": "Materialize", "Parent Relationship": "Inner", "Startup Cost": 0.0, "Total Cost": 2.68, "Plan Rows": 112, "Plan Width": 4, "Plans": [{"Node Type": "Seq Scan", "Parent Relationship": "Outer", "Relation Name": "info_type", "Alias": "it", "Startup Cost": 0.0, "Total Cost": 2.12, "Plan Rows": 112, "Plan Width": 4}]}]}]}, "Unique SQL Id": 2510907716, "Planner Runtime": 4}, "explain_analyze_plan": {"Plan": {"Node Type": "Aggregate", "Strategy": "Plain", "Startup Cost": 42305.73, "Total Cost": 42305.74, "Plan Rows": 1, "Plan Width": 49, "Actual Min Startup Time": 94.348, "Actual Max Startup Time": 94.348, "Actual Min Total Time": 94.348, "Actual Max Total Time": 94.348, "Plans": [{"Node Type": "Nested Loop", "Parent Relationship": "Outer", "Join Type": "Inner", "Startup Cost": 4.2, "Total Cost": 42300.93, "Plan Rows": 1919, "Plan Width": 17, "Actual Min Startup Time": 94.337, "Actual Max Startup Time": 94.337, "Actual Min Total Time": 94.337, "Actual Max Total Time": 94.337, "Inner Unique": true, "Join Filter": "(mi.info_type_id = it.id)", "Rows Removed by Join Filter": 0, "Plans": [{"Node Type": "Nested Loop", "Parent Relationship": "Outer", "Join Type": "Inner", "Startup Cost": 4.2, "Total Cost": 39074.61, "Plan Rows": 1919, "Plan Width": 21, "Actual Min Startup Time": 94.336, "Actual Max Startup Time": 94.336, "Actual Min Total Time": 94.336, "Actual Max Total Time": 94.336, "Inner Unique": false, "Plans": [{"Node Type": "Nested Loop", "Parent Relationship": "Outer", "Join Type": "Inner", "Startup Cost": 3.69, "Total Cost": 30412.7, "Plan Rows": 1869, "Plan Width": 25, "Actual Min Startup Time": 94.334, "Actual Max Startup Time": 94.334, "Actual Min Total Time": 94.334, "Actual Max Total Time": 94.334, "Inner Unique": true, "Plans": [{"Node Type": "Nested Loop", "Parent Relationship": "Outer", "Join Type": "Inner", "Startup Cost": 0.0, "Total Cost": 18534.98, "Plan Rows": 1540, "Plan Width": 4, "Actual Min Startup Time": 94.333, "Actual Max Startup Time": 94.333, "Actual Min Total Time": 94.333, "Actual Max Total Time": 94.333, "Inner Unique": false, "Join Filter": "(ct.id = mc.company_type_id)", "Rows Removed by Join Filter": 24025, "Plans": [{"Node Type": "Seq Scan", "Parent Relationship": "Outer", "Relation Name": "company_type", "Alias": "ct", "Startup Cost": 0.0, "Total Cost": 1.04, "Plan Rows": 1, "Plan Width": 4, "Actual Min Startup Time": 0.044, "Actual Max Startup Time": 0.044, "Actual Min Total Time": 0.048, "Actual Max Total Time": 0.048, "Filter": "((kind)::text = 'production companies'::text)", "Rows Removed by Filter": 2, "Actual Rows": 1}, {"Node Type": "Materialize", "Parent Relationship": "Inner", "Startup Cost": 0.0, "Total Cost": 18503.13, "Plan Rows": 3081, "Plan Width": 8, "Actual Min Startup Time": 86.063, "Actual Max Startup Time": 86.063, "Actual Min Total Time": 88.996, "Actual Max Total Time": 88.996, "Plans": [{"Node Type": "Streaming(type: LOCAL GATHER dop: 1/16)", "Parent Relationship": "Outer", "Startup Cost": 0.0, "Total Cost": 18495.43, "Plan Rows": 3081, "Plan Width": 8, "Actual Min Startup Time": 28.344, "Actual Max Startup Time": 28.344, "Actual Min Total Time": 82.319, "Actual Max Total Time": 82.319, "Plans": [{"Node Type": "Seq Scan", "Parent Relationship": "Outer", "Relation Name": "movie_companies", "Alias": "mc", "Startup Cost": 0.0, "Total Cost": 18428.93, "Plan Rows": 3081, "Plan Width": 8, "Actual Min Startup Time": 0.916, "Actual Max Startup Time": 12.844, "Actual Min Total Time": 60.357, "Actual Max Total Time": 66.755, "Filter": "(((note)::text ~~ '%(theatrical)%'::text) AND ((note)::text ~~ '%(France)%'::text))", "Rows Removed by Filter": 2585103, "Actual Rows": 24025}], "Actual Rows": 24025}], "Actual Rows": 24026}], "Actual Rows": 0}, {"Node Type": "Bitmap Heap Scan", "Parent Relationship": "Inner", "Relation Name": "title", "Alias": "t", "Startup Cost": 3.69, "Total Cost": 7.7, "Plan Rows": 1, "Plan Width": 21, "Actual Startup Time": 0.0, "Actual Total Time": 0.0, "Recheck Cond": "(id = mc.movie_id)", "Rows Removed by Index Recheck": 0, "Filter": "(production_year > 2005)", "Rows Removed by Filter": 0, "Exact Heap Blocks": 0, "Lossy Heap Blocks": 0, "Plans": [{"Node Type": "Bitmap Index Scan", "Parent Relationship": "Outer", "Index Name": "title_pkey", "Startup Cost": 0.0, "Total Cost": 3.69, "Plan Rows": 1, "Plan Width": 0, "Actual Startup Time": 0.0, "Actual Total Time": 0.0, "Index Cond": "(id = mc.movie_id)"}]}], "Actual Rows": 0}, {"Node Type": "Bitmap Heap Scan", "Parent Relationship": "Inner", "Relation Name": "movie_info", "Alias": "mi", "Startup Cost": 0.51, "Total Cost": 4.62, "Plan Rows": 1, "Plan Width": 8, "Actual Startup Time": 0.0, "Actual Total Time": 0.0, "Recheck Cond": "(movie_id = t.id)", "Rows Removed by Index Recheck": 0, "Filter": "((info)::text = ANY ('{Sweden,Norway,Germany,Denmark,Swedish,Denish,Norwegian,German}'::text[]))", "Rows Removed by Filter": 0, "Exact Heap Blocks": 0, "Lossy Heap Blocks": 0, "Plans": [{"Node Type": "Bitmap Index Scan", "Parent Relationship": "Outer", "Index Name": "movie_id_movie_info", "Startup Cost": 0.0, "Total Cost": 0.51, "Plan Rows": 5, "Plan Width": 0, "Actual Startup Time": 0.0, "Actual Total Time": 0.0, "Index Cond": "(movie_id = t.id)"}]}], "Actual Rows": 0}, {"Node Type": "Materialize", "Parent Relationship": "Inner", "Startup Cost": 0.0, "Total Cost": 2.68, "Plan Rows": 112, "Plan Width": 4, "Actual Startup Time": 0.0, "Actual Total Time": 0.0, "Plans": [{"Node Type": "Seq Scan", "Parent Relationship": "Outer", "Relation Name": "info_type", "Alias": "it", "Startup Cost": 0.0, "Total Cost": 2.12, "Plan Rows": 112, "Plan Width": 4, "Actual Startup Time": 0.0, "Actual Total Time": 0.0}]}], "Actual Rows": 0}], "Actual Rows": 1}, "Triggers": [], "Planner Runtime": 5.132, "Total Runtime": 96.997, "Unique SQL Id": 2510907716}}, "(16, '55')": {"explain_plan": {"Plan": {"Node Type": "Aggregate", "Strategy": "Plain", "Startup Cost": 91311.03, "Total Cost": 91311.04, "Plan Rows": 1, "Plan Width": 49, "Plans": [{"Node Type": "Nested Loop", "Parent Relationship": "Outer", "Join Type": "Inner", "Startup Cost": 28966.17, "Total Cost": 91306.23, "Plan Rows": 1919, "Plan Width": 17, "Inner Unique": true, "Join Filter": "(mi.info_type_id = it.id)", "Plans": [{"Node Type": "Nested Loop", "Parent Relationship": "Outer", "Join Type": "Inner", "Startup Cost": 28957.33, "Total Cost": 88068.08, "Plan Rows": 1919, "Plan Width": 21, "Inner Unique": false, "Plans": [{"Node Type": "Nested Loop", "Parent Relationship": "Outer", "Join Type": "Inner", "Startup Cost": 28956.82, "Total Cost": 79406.16, "Plan Rows": 1869, "Plan Width": 25, "Inner Unique": true, "Plans": [{"Node Type": "Nested Loop", "Parent Relationship": "Outer", "Join Type": "Inner", "Startup Cost": 28953.13, "Total Cost": 67528.44, "Plan Rows": 1540, "Plan Width": 4, "Inner Unique": false, "Plans": [{"Node Type": "Bitmap Heap Scan", "Parent Relationship": "Outer", "Relation Name": "company_type", "Alias": "ct", "Startup Cost": 8.27, "Total Cost": 12.3, "Plan Rows": 1, "Plan Width": 4, "Filter": "((kind)::text = 'production companies'::text)", "Plans": [{"Node Type": "Bitmap Index Scan", "Parent Relationship": "Outer", "Index Name": "company_type_pkey", "Startup Cost": 0.0, "Total Cost": 8.27, "Plan Rows": 3, "Plan Width": 0}]}, {"Node Type": "Bitmap Heap Scan", "Parent Relationship": "Inner", "Relation Name": "movie_companies", "Alias": "mc", "Startup Cost": 28944.86, "Total Cost": 67500.74, "Plan Rows": 1540, "Plan Width": 8, "Recheck Cond": "(company_type_id = ct.id)", "Filter": "(((note)::text ~~ '%(theatrical)%'::text) AND ((note)::text ~~ '%(France)%'::text))", "Plans": [{"Node Type": "Bitmap Index Scan", "Parent Relationship": "Outer", "Index Name": "company_type_id_movie_companies", "Startup Cost": 0.0, "Total Cost": 28944.48, "Plan Rows": 1304564, "Plan Width": 0, "Index Cond": "(company_type_id = ct.id)"}]}]}, {"Node Type": "Bitmap Heap Scan", "Parent Relationship": "Inner", "Relation Name": "title", "Alias": "t", "Startup Cost": 3.69, "Total Cost": 7.7, "Plan Rows": 1, "Plan Width": 21, "Recheck Cond": "(id = mc.movie_id)", "Filter": "(production_year > 2005)", "Plans": [{"Node Type": "Bitmap Index Scan", "Parent Relationship": "Outer", "Index Name": "title_pkey", "Startup Cost": 0.0, "Total Cost": 3.69, "Plan Rows": 1, "Plan Width": 0, "Index Cond": "(id = mc.movie_id)"}]}]}, {"Node Type": "Bitmap Heap Scan", "Parent Relationship": "Inner", "Relation Name": "movie_info", "Alias": "mi", "Startup Cost": 0.51, "Total Cost": 4.62, "Plan Rows": 1, "Plan Width": 8, "Recheck Cond": "(movie_id = t.id)", "Filter": "((info)::text = ANY ('{Sweden,Norway,Germany,Denmark,Swedish,Denish,Norwegian,German}'::text[]))", "Plans": [{"Node Type": "Bitmap Index Scan", "Parent Relationship": "Outer", "Index Name": "movie_id_movie_info", "Startup Cost": 0.0, "Total Cost": 0.51, "Plan Rows": 5, "Plan Width": 0, "Index Cond": "(movie_id = t.id)"}]}]}, {"Node Type": "Materialize", "Parent Relationship": "Inner", "Startup Cost": 8.84, "Total Cost": 14.52, "Plan Rows": 112, "Plan Width": 4, "Plans": [{"Node Type": "Bitmap Heap Scan", "Parent Relationship": "Outer", "Relation Name": "info_type", "Alias": "it", "Startup Cost": 8.84, "Total Cost": 13.96, "Plan Rows": 112, "Plan Width": 4, "Plans": [{"Node Type": "Bitmap Index Scan", "Parent Relationship": "Outer", "Index Name": "info_type_pkey", "Startup Cost": 0.0, "Total Cost": 8.81, "Plan Rows": 112, "Plan Width": 0}]}]}]}]}, "Unique SQL Id": 2510907716, "Planner Runtime": 3}, "explain_analyze_plan": null}, "(16, '56')": {"explain_plan": {"Plan": {"Node Type": "Aggregate", "Strategy": "Plain", "Startup Cost": 32973.92, "Total Cost": 32973.93, "Plan Rows": 1, "Plan Width": 49, "Plans": [{"Node Type": "Nested Loop", "Parent Relationship": "Outer", "Join Type": "Inner", "Startup Cost": 0.0, "Total Cost": 32969.12, "Plan Rows": 1919, "Plan Width": 17, "Inner Unique": true, "Plans": [{"Node Type": "Nested Loop", "Parent Relationship": "Outer", "Join Type": "Inner", "Startup Cost": 0.0, "Total Cost": 32431.69, "Plan Rows": 1919, "Plan Width": 21, "Inner Unique": false, "Plans": [{"Node Type": "Nested Loop", "Parent Relationship": "Outer", "Join Type": "Inner", "Startup Cost": 0.0, "Total Cost": 30152.4, "Plan Rows": 1869, "Plan Width": 25, "Inner Unique": true, "Plans": [{"Node Type": "Nested Loop", "Parent Relationship": "Outer", "Join Type": "Inner", "Startup Cost": 0.0, "Total Cost": 18534.98, "Plan Rows": 1540, "Plan Width": 4, "Inner Unique": false, "Join Filter": "(ct.id = mc.company_type_id)", "Plans": [{"Node Type": "Seq Scan", "Parent Relationship": "Outer", "Relation Name": "company_type", "Alias": "ct", "Startup Cost": 0.0, "Total Cost": 1.04, "Plan Rows": 1, "Plan Width": 4, "Filter": "((kind)::text = 'production companies'::text)"}, {"Node Type": "Materialize", "Parent Relationship": "Inner", "Startup Cost": 0.0, "Total Cost": 18503.13, "Plan Rows": 3081, "Plan Width": 8, "Plans": [{"Node Type": "Streaming(type: LOCAL GATHER dop: 1/16)", "Parent Relationship": "Outer", "Startup Cost": 0.0, "Total Cost": 18495.43, "Plan Rows": 3081, "Plan Width": 8, "Plans": [{"Node Type": "Seq Scan", "Parent Relationship": "Outer", "Relation Name": "movie_companies", "Alias": "mc", "Startup Cost": 0.0, "Total Cost": 18428.93, "Plan Rows": 3081, "Plan Width": 8, "Filter": "(((note)::text ~~ '%(theatrical)%'::text) AND ((note)::text ~~ '%(France)%'::text))"}]}]}]}, {"Node Type": "Index Scan", "Parent Relationship": "Inner", "Scan Direction": "Forward", "Index Name": "title_pkey", "Relation Name": "title", "Alias": "t", "Startup Cost": 0.0, "Total Cost": 7.53, "Plan Rows": 1, "Plan Width": 21, "Index Cond": "(id = mc.movie_id)", "Filter": "(production_year > 2005)"}]}, {"Node Type": "Index Scan", "Parent Relationship": "Inner", "Scan Direction": "Forward", "Index Name": "movie_id_movie_info", "Relation Name": "movie_info", "Alias": "mi", "Startup Cost": 0.0, "Total Cost": 1.21, "Plan Rows": 1, "Plan Width": 8, "Index Cond": "(movie_id = t.id)", "Filter": "((info)::text = ANY ('{Sweden,Norway,Germany,Denmark,Swedish,Denish,Norwegian,German}'::text[]))"}]}, {"Node Type": "Index Only Scan", "Parent Relationship": "Inner", "Scan Direction": "Forward", "Index Name": "info_type_pkey", "Relation Name": "info_type", "Alias": "it", "Startup Cost": 0.0, "Total Cost": 0.27, "Plan Rows": 1, "Plan Width": 4, "Index Cond": "(id = mi.info_type_id)"}]}]}, "Unique SQL Id": 2510907716, "Planner Runtime": 3}, "explain_analyze_plan": {"Plan": {"Node Type": "Aggregate", "Strategy": "Plain", "Startup Cost": 32973.92, "Total Cost": 32973.93, "Plan Rows": 1, "Plan Width": 49, "Actual Min Startup Time": 95.929, "Actual Max Startup Time": 95.929, "Actual Min Total Time": 95.929, "Actual Max Total Time": 95.929, "Plans": [{"Node Type": "Nested Loop", "Parent Relationship": "Outer", "Join Type": "Inner", "Startup Cost": 0.0, "Total Cost": 32969.12, "Plan Rows": 1919, "Plan Width": 17, "Actual Min Startup Time": 95.92, "Actual Max Startup Time": 95.92, "Actual Min Total Time": 95.92, "Actual Max Total Time": 95.92, "Inner Unique": true, "Plans": [{"Node Type": "Nested Loop", "Parent Relationship": "Outer", "Join Type": "Inner", "Startup Cost": 0.0, "Total Cost": 32431.69, "Plan Rows": 1919, "Plan Width": 21, "Actual Min Startup Time": 95.919, "Actual Max Startup Time": 95.919, "Actual Min Total Time": 95.919, "Actual Max Total Time": 95.919, "Inner Unique": false, "Plans": [{"Node Type": "Nested Loop", "Parent Relationship": "Outer", "Join Type": "Inner", "Startup Cost": 0.0, "Total Cost": 30152.4, "Plan Rows": 1869, "Plan Width": 25, "Actual Min Startup Time": 95.917, "Actual Max Startup Time": 95.917, "Actual Min Total Time": 95.917, "Actual Max Total Time": 95.917, "Inner Unique": true, "Plans": [{"Node Type": "Nested Loop", "Parent Relationship": "Outer", "Join Type": "Inner", "Startup Cost": 0.0, "Total Cost": 18534.98, "Plan Rows": 1540, "Plan Width": 4, "Actual Min Startup Time": 95.916, "Actual Max Startup Time": 95.916, "Actual Min Total Time": 95.916, "Actual Max Total Time": 95.916, "Inner Unique": false, "Join Filter": "(ct.id = mc.company_type_id)", "Rows Removed by Join Filter": 24025, "Plans": [{"Node Type": "Seq Scan", "Parent Relationship": "Outer", "Relation Name": "company_type", "Alias": "ct", "Startup Cost": 0.0, "Total Cost": 1.04, "Plan Rows": 1, "Plan Width": 4, "Actual Min Startup Time": 0.039, "Actual Max Startup Time": 0.039, "Actual Min Total Time": 0.044, "Actual Max Total Time": 0.044, "Filter": "((kind)::text = 'production companies'::text)", "Rows Removed by Filter": 2, "Actual Rows": 1}, {"Node Type": "Materialize", "Parent Relationship": "Inner", "Startup Cost": 0.0, "Total Cost": 18503.13, "Plan Rows": 3081, "Plan Width": 8, "Actual Min Startup Time": 88.034, "Actual Max Startup Time": 88.034, "Actual Min Total Time": 90.611, "Actual Max Total Time": 90.611, "Plans": [{"Node Type": "Streaming(type: LOCAL GATHER dop: 1/16)", "Parent Relationship": "Outer", "Startup Cost": 0.0, "Total Cost": 18495.43, "Plan Rows": 3081, "Plan Width": 8, "Actual Min Startup Time": 27.492, "Actual Max Startup Time": 27.492, "Actual Min Total Time": 84.248, "Actual Max Total Time": 84.248, "Plans": [{"Node Type": "Seq Scan", "Parent Relationship": "Outer", "Relation Name": "movie_companies", "Alias": "mc", "Startup Cost": 0.0, "Total Cost": 18428.93, "Plan Rows": 3081, "Plan Width": 8, "Actual Min Startup Time": 0.913, "Actual Max Startup Time": 12.849, "Actual Min Total Time": 60.414, "Actual Max Total Time": 67.9, "Filter": "(((note)::text ~~ '%(theatrical)%'::text) AND ((note)::text ~~ '%(France)%'::text))", "Rows Removed by Filter": 2585103, "Actual Rows": 24025}], "Actual Rows": 24025}], "Actual Rows": 24026}], "Actual Rows": 0}, {"Node Type": "Index Scan", "Parent Relationship": "Inner", "Scan Direction": "Forward", "Index Name": "title_pkey", "Relation Name": "title", "Alias": "t", "Startup Cost": 0.0, "Total Cost": 7.53, "Plan Rows": 1, "Plan Width": 21, "Actual Startup Time": 0.0, "Actual Total Time": 0.0, "Index Cond": "(id = mc.movie_id)", "Rows Removed by Index Recheck": 0, "Filter": "(production_year > 2005)", "Rows Removed by Filter": 0}], "Actual Rows": 0}, {"Node Type": "Index Scan", "Parent Relationship": "Inner", "Scan Direction": "Forward", "Index Name": "movie_id_movie_info", "Relation Name": "movie_info", "Alias": "mi", "Startup Cost": 0.0, "Total Cost": 1.21, "Plan Rows": 1, "Plan Width": 8, "Actual Startup Time": 0.0, "Actual Total Time": 0.0, "Index Cond": "(movie_id = t.id)", "Rows Removed by Index Recheck": 0, "Filter": "((info)::text = ANY ('{Sweden,Norway,Germany,Denmark,Swedish,Denish,Norwegian,German}'::text[]))", "Rows Removed by Filter": 0}], "Actual Rows": 0}, {"Node Type": "Index Only Scan", "Parent Relationship": "Inner", "Scan Direction": "Forward", "Index Name": "info_type_pkey", "Relation Name": "info_type", "Alias": "it", "Startup Cost": 0.0, "Total Cost": 0.27, "Plan Rows": 1, "Plan Width": 4, "Actual Startup Time": 0.0, "Actual Total Time": 0.0, "Index Cond": "(id = mi.info_type_id)", "Rows Removed by Index Recheck": 0, "Heap Fetches": 0}], "Actual Rows": 0}], "Actual Rows": 1}, "Triggers": [], "Planner Runtime": 3.787, "Total Runtime": 98.65, "Unique SQL Id": 2510907716}}, "(16, '57')": {"explain_plan": {"Plan": {"Node Type": "Aggregate", "Strategy": "Plain", "Startup Cost": 99093.2, "Total Cost": 99093.21, "Plan Rows": 1, "Plan Width": 49, "Plans": [{"Node Type": "Nested Loop", "Parent Relationship": "Outer", "Join Type": "Inner", "Startup Cost": 0.0, "Total Cost": 99088.4, "Plan Rows": 1919, "Plan Width": 17, "Inner Unique": true, "Plans": [{"Node Type": "Nested Loop", "Parent Relationship": "Outer", "Join Type": "Inner", "Startup Cost": 0.0, "Total Cost": 98550.97, "Plan Rows": 1919, "Plan Width": 21, "Inner Unique": false, "Plans": [{"Node Type": "Nested Loop", "Parent Relationship": "Outer", "Join Type": "Inner", "Startup Cost": 0.0, "Total Cost": 96271.68, "Plan Rows": 1869, "Plan Width": 25, "Inner Unique": true, "Plans": [{"Node Type": "Nested Loop", "Parent Relationship": "Outer", "Join Type": "Inner", "Startup Cost": 0.0, "Total Cost": 84654.26, "Plan Rows": 1540, "Plan Width": 4, "Inner Unique": false, "Join Filter": "(ct.id = mc.company_type_id)", "Plans": [{"Node Type": "Index Scan", "Parent Relationship": "Outer", "Scan Direction": "Forward", "Index Name": "company_type_pkey", "Relation Name": "company_type", "Alias": "ct", "Startup Cost": 0.0, "Total Cost": 12.3, "Plan Rows": 1, "Plan Width": 4, "Filter": "((kind)::text = 'production companies'::text)"}, {"Node Type": "Materialize", "Parent Relationship": "Inner", "Startup Cost": 0.0, "Total Cost": 84611.14, "Plan Rows": 3081, "Plan Width": 8, "Plans": [{"Node Type": "Streaming(type: LOCAL GATHER dop: 1/16)", "Parent Relationship": "Outer", "Startup Cost": 0.0, "Total Cost": 84603.44, "Plan Rows": 3081, "Plan Width": 8, "Plans": [{"Node Type": "Index Scan", "Parent Relationship": "Outer", "Scan Direction": "Forward", "Index Name": "company_type_id_movie_companies", "Relation Name": "movie_companies", "Alias": "mc", "Startup Cost": 0.0, "Total Cost": 84536.95, "Plan Rows": 3081, "Plan Width": 8, "Filter": "(((note)::text ~~ '%(theatrical)%'::text) AND ((note)::text ~~ '%(France)%'::text))"}]}]}]}, {"Node Type": "Index Scan", "Parent Relationship": "Inner", "Scan Direction": "Forward", "Index Name": "title_pkey", "Relation Name": "title", "Alias": "t", "Startup Cost": 0.0, "Total Cost": 7.53, "Plan Rows": 1, "Plan Width": 21, "Index Cond": "(id = mc.movie_id)", "Filter": "(production_year > 2005)"}]}, {"Node Type": "Index Scan", "Parent Relationship": "Inner", "Scan Direction": "Forward", "Index Name": "movie_id_movie_info", "Relation Name": "movie_info", "Alias": "mi", "Startup Cost": 0.0, "Total Cost": 1.21, "Plan Rows": 1, "Plan Width": 8, "Index Cond": "(movie_id = t.id)", "Filter": "((info)::text = ANY ('{Sweden,Norway,Germany,Denmark,Swedish,Denish,Norwegian,German}'::text[]))"}]}, {"Node Type": "Index Only Scan", "Parent Relationship": "Inner", "Scan Direction": "Forward", "Index Name": "info_type_pkey", "Relation Name": "info_type", "Alias": "it", "Startup Cost": 0.0, "Total Cost": 0.27, "Plan Rows": 1, "Plan Width": 4, "Index Cond": "(id = mi.info_type_id)"}]}]}, "Unique SQL Id": 2510907716, "Planner Runtime": 3}, "explain_analyze_plan": {"Plan": {"Node Type": "Aggregate", "Strategy": "Plain", "Startup Cost": 99093.2, "Total Cost": 99093.21, "Plan Rows": 1, "Plan Width": 49, "Actual Min Startup Time": 178.703, "Actual Max Startup Time": 178.703, "Actual Min Total Time": 178.704, "Actual Max Total Time": 178.704, "Plans": [{"Node Type": "Nested Loop", "Parent Relationship": "Outer", "Join Type": "Inner", "Startup Cost": 0.0, "Total Cost": 99088.4, "Plan Rows": 1919, "Plan Width": 17, "Actual Min Startup Time": 178.694, "Actual Max Startup Time": 178.694, "Actual Min Total Time": 178.694, "Actual Max Total Time": 178.694, "Inner Unique": true, "Plans": [{"Node Type": "Nested Loop", "Parent Relationship": "Outer", "Join Type": "Inner", "Startup Cost": 0.0, "Total Cost": 98550.97, "Plan Rows": 1919, "Plan Width": 21, "Actual Min Startup Time": 178.693, "Actual Max Startup Time": 178.693, "Actual Min Total Time": 178.693, "Actual Max Total Time": 178.693, "Inner Unique": false, "Plans": [{"Node Type": "Nested Loop", "Parent Relationship": "Outer", "Join Type": "Inner", "Startup Cost": 0.0, "Total Cost": 96271.68, "Plan Rows": 1869, "Plan Width": 25, "Actual Min Startup Time": 178.691, "Actual Max Startup Time": 178.691, "Actual Min Total Time": 178.691, "Actual Max Total Time": 178.691, "Inner Unique": true, "Plans": [{"Node Type": "Nested Loop", "Parent Relationship": "Outer", "Join Type": "Inner", "Startup Cost": 0.0, "Total Cost": 84654.26, "Plan Rows": 1540, "Plan Width": 4, "Actual Min Startup Time": 178.691, "Actual Max Startup Time": 178.691, "Actual Min Total Time": 178.691, "Actual Max Total Time": 178.691, "Inner Unique": false, "Join Filter": "(ct.id = mc.company_type_id)", "Rows Removed by Join Filter": 24025, "Plans": [{"Node Type": "Index Scan", "Parent Relationship": "Outer", "Scan Direction": "Forward", "Index Name": "company_type_pkey", "Relation Name": "company_type", "Alias": "ct", "Startup Cost": 0.0, "Total Cost": 12.3, "Plan Rows": 1, "Plan Width": 4, "Actual Min Startup Time": 0.041, "Actual Max Startup Time": 0.041, "Actual Min Total Time": 0.049, "Actual Max Total Time": 0.049, "Filter": "((kind)::text = 'production companies'::text)", "Rows Removed by Filter": 2, "Actual Rows": 1}, {"Node Type": "Materialize", "Parent Relationship": "Inner", "Startup Cost": 0.0, "Total Cost": 84611.14, "Plan Rows": 3081, "Plan Width": 8, "Actual Min Startup Time": 170.586, "Actual Max Startup Time": 170.586, "Actual Min Total Time": 173.382, "Actual Max Total Time": 173.382, "Plans": [{"Node Type": "Streaming(type: LOCAL GATHER dop: 1/16)", "Parent Relationship": "Outer", "Startup Cost": 0.0, "Total Cost": 84603.44, "Plan Rows": 3081, "Plan Width": 8, "Actual Min Startup Time": 31.969, "Actual Max Startup Time": 31.969, "Actual Min Total Time": 166.687, "Actual Max Total Time": 166.687, "Plans": [{"Node Type": "Index Scan", "Parent Relationship": "Outer", "Scan Direction": "Forward", "Index Name": "company_type_id_movie_companies", "Relation Name": "movie_companies", "Alias": "mc", "Startup Cost": 0.0, "Total Cost": 84536.95, "Plan Rows": 3081, "Plan Width": 8, "Actual Min Startup Time": 13.763, "Actual Max Startup Time": 86.987, "Actual Min Total Time": 85.513, "Actual Max Total Time": 148.739, "Filter": "(((note)::text ~~ '%(theatrical)%'::text) AND ((note)::text ~~ '%(France)%'::text))", "Rows Removed by Filter": 2585103, "Actual Rows": 24025}], "Actual Rows": 24025}], "Actual Rows": 24026}], "Actual Rows": 0}, {"Node Type": "Index Scan", "Parent Relationship": "Inner", "Scan Direction": "Forward", "Index Name": "title_pkey", "Relation Name": "title", "Alias": "t", "Startup Cost": 0.0, "Total Cost": 7.53, "Plan Rows": 1, "Plan Width": 21, "Actual Startup Time": 0.0, "Actual Total Time": 0.0, "Index Cond": "(id = mc.movie_id)", "Rows Removed by Index Recheck": 0, "Filter": "(production_year > 2005)", "Rows Removed by Filter": 0}], "Actual Rows": 0}, {"Node Type": "Index Scan", "Parent Relationship": "Inner", "Scan Direction": "Forward", "Index Name": "movie_id_movie_info", "Relation Name": "movie_info", "Alias": "mi", "Startup Cost": 0.0, "Total Cost": 1.21, "Plan Rows": 1, "Plan Width": 8, "Actual Startup Time": 0.0, "Actual Total Time": 0.0, "Index Cond": "(movie_id = t.id)", "Rows Removed by Index Recheck": 0, "Filter": "((info)::text = ANY ('{Sweden,Norway,Germany,Denmark,Swedish,Denish,Norwegian,German}'::text[]))", "Rows Removed by Filter": 0}], "Actual Rows": 0}, {"Node Type": "Index Only Scan", "Parent Relationship": "Inner", "Scan Direction": "Forward", "Index Name": "info_type_pkey", "Relation Name": "info_type", "Alias": "it", "Startup Cost": 0.0, "Total Cost": 0.27, "Plan Rows": 1, "Plan Width": 4, "Actual Startup Time": 0.0, "Actual Total Time": 0.0, "Index Cond": "(id = mi.info_type_id)", "Rows Removed by Index Recheck": 0, "Heap Fetches": 0}], "Actual Rows": 0}], "Actual Rows": 1}, "Triggers": [], "Planner Runtime": 9.112, "Total Runtime": 181.21, "Unique SQL Id": 2510907716}}, "(16, '58')": {"explain_plan": {"Plan": {"Node Type": "Aggregate", "Strategy": "Plain", "Startup Cost": 254554.58, "Total Cost": 254554.6, "Plan Rows": 1, "Plan Width": 49, "Plans": [{"Node Type": "Streaming(type: LOCAL GATHER dop: 1/16)", "Parent Relationship": "Outer", "Startup Cost": 254554.58, "Total Cost": 254554.6, "Plan Rows": 1, "Plan Width": 49, "Plans": [{"Node Type": "Aggregate", "Strategy": "Plain", "Parent Relationship": "Outer", "Startup Cost": 254554.58, "Total Cost": 254554.59, "Plan Rows": 1, "Plan Width": 49, "Plans": [{"Node Type": "Nested Loop", "Parent Relationship": "Outer", "Join Type": "Inner", "Startup Cost": 0.0, "Total Cost": 254549.79, "Plan Rows": 1919, "Plan Width": 17, "Inner Unique": true, "Join Filter": "(mi.movie_id = t.id)", "Plans": [{"Node Type": "Streaming(type: LOCAL REDISTRIBUTE dop: 16/1)", "Parent Relationship": "Outer", "Startup Cost": 0.0, "Total Cost": 122515.3, "Plan Rows": 1581, "Plan Width": 8, "Plans": [{"Node Type": "Nested Loop", "Parent Relationship": "Outer", "Join Type": "Inner", "Startup Cost": 0.0, "Total Cost": 107449.56, "Plan Rows": 1581, "Plan Width": 8, "Inner Unique": true, "Join Filter": "(mi.info_type_id = it.id)", "Plans": [{"Node Type": "Streaming(type: LOCAL GATHER dop: 1/16)", "Parent Relationship": "Outer", "Startup Cost": 0.0, "Total Cost": 104791.08, "Plan Rows": 1581, "Plan Width": 12, "Plans": [{"Node Type": "Nested Loop", "Parent Relationship": "Outer", "Join Type": "Inner", "Startup Cost": 0.0, "Total Cost": 104756.96, "Plan Rows": 1581, "Plan Width": 12, "Inner Unique": false, "Join Filter": "(mc.movie_id = mi.movie_id)", "Plans": [{"Node Type": "Streaming(type: LOCAL REDISTRIBUTE dop: 16/16)", "Parent Relationship": "Outer", "Startup Cost": 0.0, "Total Cost": 58391.53, "Plan Rows": 141478, "Plan Width": 8, "Plans": [{"Node Type": "Seq Scan", "Parent Relationship": "Outer", "Relation Name": "movie_info", "Alias": "mi", "Startup Cost": 0.0, "Total Cost": 42855.46, "Plan Rows": 141478, "Plan Width": 8, "Filter": "((info)::text = ANY ('{Sweden,Norway,Germany,Denmark,Swedish,Denish,Norwegian,German}'::text[]))"}]}, {"Node Type": "Materialize", "Parent Relationship": "Inner", "Startup Cost": 0.0, "Total Cost": 33599.49, "Plan Rows": 1540, "Plan Width": 4, "Plans": [{"Node Type": "Streaming(type: LOCAL REDISTRIBUTE dop: 16/1)", "Parent Relationship": "Outer", "Startup Cost": 0.0, "Total Cost": 33599.01, "Plan Rows": 1540, "Plan Width": 4, "Plans": [{"Node Type": "Nested Loop", "Parent Relationship": "Outer", "Join Type": "Inner", "Startup Cost": 0.0, "Total Cost": 18534.98, "Plan Rows": 1540, "Plan Width": 4, "Inner Unique": false, "Join Filter": "(ct.id = mc.company_type_id)", "Plans": [{"Node Type": "Seq Scan", "Parent Relationship": "Outer", "Relation Name": "company_type", "Alias": "ct", "Startup Cost": 0.0, "Total Cost": 1.04, "Plan Rows": 1, "Plan Width": 4, "Filter": "((kind)::text = 'production companies'::text)"}, {"Node Type": "Materialize", "Parent Relationship": "Inner", "Startup Cost": 0.0, "Total Cost": 18503.13, "Plan Rows": 3081, "Plan Width": 8, "Plans": [{"Node Type": "Streaming(type: LOCAL GATHER dop: 1/16)", "Parent Relationship": "Outer", "Startup Cost": 0.0, "Total Cost": 18495.43, "Plan Rows": 3081, "Plan Width": 8, "Plans": [{"Node Type": "Seq Scan", "Parent Relationship": "Outer", "Relation Name": "movie_companies", "Alias": "mc", "Startup Cost": 0.0, "Total Cost": 18428.93, "Plan Rows": 3081, "Plan Width": 8, "Filter": "(((note)::text ~~ '%(theatrical)%'::text) AND ((note)::text ~~ '%(France)%'::text))"}]}]}]}]}]}]}]}, {"Node Type": "Materialize", "Parent Relationship": "Inner", "Startup Cost": 0.0, "Total Cost": 2.68, "Plan Rows": 112, "Plan Width": 4, "Plans": [{"Node Type": "Seq Scan", "Parent Relationship": "Outer", "Relation Name": "info_type", "Alias": "it", "Startup Cost": 0.0, "Total Cost": 2.12, "Plan Rows": 112, "Plan Width": 4}]}]}]}, {"Node Type": "Materialize", "Parent Relationship": "Inner", "Startup Cost": 0.0, "Total Cost": 38306.27, "Plan Rows": 1013492, "Plan Width": 21, "Plans": [{"Node Type": "Streaming(type: LOCAL REDISTRIBUTE dop: 16/16)", "Parent Relationship": "Outer", "Startup Cost": 0.0, "Total Cost": 37989.55, "Plan Rows": 1013492, "Plan Width": 21, "Plans": [{"Node Type": "Seq Scan", "Parent Relationship": "Outer", "Relation Name": "title", "Alias": "t", "Startup Cost": 0.0, "Total Cost": 19149.37, "Plan Rows": 1013492, "Plan Width": 21, "Filter": "(production_year > 2005), (LLVM Optimized)"}]}]}]}]}]}]}, "Unique SQL Id": 2510907716, "Planner Runtime": 4}, "explain_analyze_plan": null}, "(16, '59')": {"explain_plan": {"Plan": {"Node Type": "Aggregate", "Strategy": "Plain", "Startup Cost": 5000171402236.96, "Total Cost": 5000171402236.97, "Plan Rows": 1, "Plan Width": 49, "Plans": [{"Node Type": "Nested Loop", "Parent Relationship": "Outer", "Join Type": "Inner", "Startup Cost": 50000000000.0, "Total Cost": 5000171402232.16, "Plan Rows": 1919, "Plan Width": 17, "Inner Unique": true, "Join Filter": "(mi.info_type_id = it.id)", "Plans": [{"Node Type": "Nested Loop", "Parent Relationship": "Outer", "Join Type": "Inner", "Startup Cost": 40000000000.0, "Total Cost": 4000171398014.96, "Plan Rows": 1919, "Plan Width": 21, "Inner Unique": true, "Join Filter": "(mi.movie_id = t.id)", "Plans": [{"Node Type": "Nested Loop", "Parent Relationship": "Outer", "Join Type": "Inner", "Startup Cost": 30000000000.0, "Total Cost": 3000135716391.79, "Plan Rows": 1581, "Plan Width": 12, "Inner Unique": true, "Join Filter": "(mc.company_type_id = ct.id)", "Plans": [{"Node Type": "Nested Loop", "Parent Relationship": "Outer", "Join Type": "Inner", "Startup Cost": 20000000000.0, "Total Cost": 2000135715114.09, "Plan Rows": 3163, "Plan Width": 16, "Inner Unique": false, "Join Filter": "(mc.movie_id = mi.movie_id)", "Plans": [{"Node Type": "Index Scan", "Parent Relationship": "Outer", "Scan Direction": "Forward", "Index Name": "info_type_id_movie_info", "Relation Name": "movie_info", "Alias": "mi", "Startup Cost": 10000000000.0, "Total Cost": 1000118553919.62, "Plan Rows": 141478, "Plan Width": 8, "Filter": "((info)::text = ANY ('{Sweden,Norway,Germany,Denmark,Swedish,Denish,Norwegian,German}'::text[]))"}, {"Node Type": "Materialize", "Parent Relationship": "Inner", "Startup Cost": 10000000000.0, "Total Cost": 1000010622796.41, "Plan Rows": 3081, "Plan Width": 8, "Plans": [{"Node Type": "Index Scan", "Parent Relationship": "Outer", "Scan Direction": "Forward", "Index Name": "company_type_id_movie_companies", "Relation Name": "movie_companies", "Alias": "mc", "Startup Cost": 10000000000.0, "Total Cost": 1000010622781.0, "Plan Rows": 3081, "Plan Width": 8, "Filter": "(((note)::text ~~ '%(theatrical)%'::text) AND ((note)::text ~~ '%(France)%'::text))"}]}]}, {"Node Type": "Materialize", "Parent Relationship": "Inner", "Startup Cost": 10000000000.0, "Total Cost": 1000000001230.26, "Plan Rows": 1, "Plan Width": 4, "Plans": [{"Node Type": "Index Scan", "Parent Relationship": "Outer", "Scan Direction": "Forward", "Index Name": "company_type_pkey", "Relation Name": "company_type", "Alias": "ct", "Startup Cost": 10000000000.0, "Total Cost": 1000000001230.25, "Plan Rows": 1, "Plan Width": 4, "Filter": "((kind)::text = 'production companies'::text)"}]}]}, {"Node Type": "Materialize", "Parent Relationship": "Inner", "Startup Cost": 10000000000.0, "Total Cost": 1000011649194.12, "Plan Rows": 1013492, "Plan Width": 21, "Plans": [{"Node Type": "Index Scan", "Parent Relationship": "Outer", "Scan Direction": "Forward", "Index Name": "title_pkey", "Relation Name": "title", "Alias": "t", "Startup Cost": 10000000000.0, "Total Cost": 1000011644126.66, "Plan Rows": 1013492, "Plan Width": 21, "Filter": "(production_year > 2005), (LLVM Optimized)"}]}]}, {"Node Type": "Materialize", "Parent Relationship": "Inner", "Startup Cost": 10000000000.0, "Total Cost": 1000000000993.56, "Plan Rows": 112, "Plan Width": 4, "Plans": [{"Node Type": "Index Only Scan", "Parent Relationship": "Outer", "Scan Direction": "Forward", "Index Name": "info_type_pkey", "Relation Name": "info_type", "Alias": "it", "Startup Cost": 10000000000.0, "Total Cost": 1000000000993.0, "Plan Rows": 112, "Plan Width": 4}]}]}]}, "Unique SQL Id": 2510907716, "Planner Runtime": 3}, "explain_analyze_plan": null}, "(16, '60')": {"explain_plan": {"Plan": {"Node Type": "Aggregate", "Strategy": "Plain", "Startup Cost": 32973.97, "Total Cost": 32973.98, "Plan Rows": 1, "Plan Width": 49, "Plans": [{"Node Type": "Nested Loop", "Parent Relationship": "Outer", "Join Type": "Inner", "Startup Cost": 0.0, "Total Cost": 32969.17, "Plan Rows": 1919, "Plan Width": 17, "Inner Unique": true, "Plans": [{"Node Type": "Nested Loop", "Parent Relationship": "Outer", "Join Type": "Inner", "Startup Cost": 0.0, "Total Cost": 32431.69, "Plan Rows": 1919, "Plan Width": 21, "Inner Unique": false, "Plans": [{"Node Type": "Nested Loop", "Parent Relationship": "Outer", "Join Type": "Inner", "Startup Cost": 0.0, "Total Cost": 30152.4, "Plan Rows": 1869, "Plan Width": 25, "Inner Unique": true, "Plans": [{"Node Type": "Nested Loop", "Parent Relationship": "Outer", "Join Type": "Inner", "Startup Cost": 0.0, "Total Cost": 18534.98, "Plan Rows": 1540, "Plan Width": 4, "Inner Unique": false, "Join Filter": "(ct.id = mc.company_type_id)", "Plans": [{"Node Type": "Seq Scan", "Parent Relationship": "Outer", "Relation Name": "company_type", "Alias": "ct", "Startup Cost": 0.0, "Total Cost": 1.04, "Plan Rows": 1, "Plan Width": 4, "Filter": "((kind)::text = 'production companies'::text)"}, {"Node Type": "Materialize", "Parent Relationship": "Inner", "Startup Cost": 0.0, "Total Cost": 18503.13, "Plan Rows": 3081, "Plan Width": 8, "Plans": [{"Node Type": "Streaming(type: LOCAL GATHER dop: 1/16)", "Parent Relationship": "Outer", "Startup Cost": 0.0, "Total Cost": 18495.43, "Plan Rows": 3081, "Plan Width": 8, "Plans": [{"Node Type": "Seq Scan", "Parent Relationship": "Outer", "Relation Name": "movie_companies", "Alias": "mc", "Startup Cost": 0.0, "Total Cost": 18428.93, "Plan Rows": 3081, "Plan Width": 8, "Filter": "(((note)::text ~~ '%(theatrical)%'::text) AND ((note)::text ~~ '%(France)%'::text))"}]}]}]}, {"Node Type": "Index Scan", "Parent Relationship": "Inner", "Scan Direction": "Forward", "Index Name": "title_pkey", "Relation Name": "title", "Alias": "t", "Startup Cost": 0.0, "Total Cost": 7.53, "Plan Rows": 1, "Plan Width": 21, "Index Cond": "(id = mc.movie_id)", "Filter": "(production_year > 2005)"}]}, {"Node Type": "Index Scan", "Parent Relationship": "Inner", "Scan Direction": "Forward", "Index Name": "movie_id_movie_info", "Relation Name": "movie_info", "Alias": "mi", "Startup Cost": 0.0, "Total Cost": 1.21, "Plan Rows": 1, "Plan Width": 8, "Index Cond": "(movie_id = t.id)", "Filter": "((info)::text = ANY ('{Sweden,Norway,Germany,Denmark,Swedish,Denish,Norwegian,German}'::text[]))"}]}, {"Node Type": "Index Scan", "Parent Relationship": "Inner", "Scan Direction": "Forward", "Index Name": "info_type_pkey", "Relation Name": "info_type", "Alias": "it", "Startup Cost": 0.0, "Total Cost": 0.27, "Plan Rows": 1, "Plan Width": 4, "Index Cond": "(id = mi.info_type_id)"}]}]}, "Unique SQL Id": 2510907716, "Planner Runtime": 3}, "explain_analyze_plan": {"Plan": {"Node Type": "Aggregate", "Strategy": "Plain", "Startup Cost": 32973.97, "Total Cost": 32973.98, "Plan Rows": 1, "Plan Width": 49, "Actual Min Startup Time": 97.143, "Actual Max Startup Time": 97.143, "Actual Min Total Time": 97.143, "Actual Max Total Time": 97.143, "Plans": [{"Node Type": "Nested Loop", "Parent Relationship": "Outer", "Join Type": "Inner", "Startup Cost": 0.0, "Total Cost": 32969.17, "Plan Rows": 1919, "Plan Width": 17, "Actual Min Startup Time": 97.134, "Actual Max Startup Time": 97.134, "Actual Min Total Time": 97.134, "Actual Max Total Time": 97.134, "Inner Unique": true, "Plans": [{"Node Type": "Nested Loop", "Parent Relationship": "Outer", "Join Type": "Inner", "Startup Cost": 0.0, "Total Cost": 32431.69, "Plan Rows": 1919, "Plan Width": 21, "Actual Min Startup Time": 97.132, "Actual Max Startup Time": 97.132, "Actual Min Total Time": 97.132, "Actual Max Total Time": 97.132, "Inner Unique": false, "Plans": [{"Node Type": "Nested Loop", "Parent Relationship": "Outer", "Join Type": "Inner", "Startup Cost": 0.0, "Total Cost": 30152.4, "Plan Rows": 1869, "Plan Width": 25, "Actual Min Startup Time": 97.131, "Actual Max Startup Time": 97.131, "Actual Min Total Time": 97.131, "Actual Max Total Time": 97.131, "Inner Unique": true, "Plans": [{"Node Type": "Nested Loop", "Parent Relationship": "Outer", "Join Type": "Inner", "Startup Cost": 0.0, "Total Cost": 18534.98, "Plan Rows": 1540, "Plan Width": 4, "Actual Min Startup Time": 97.13, "Actual Max Startup Time": 97.13, "Actual Min Total Time": 97.13, "Actual Max Total Time": 97.13, "Inner Unique": false, "Join Filter": "(ct.id = mc.company_type_id)", "Rows Removed by Join Filter": 24025, "Plans": [{"Node Type": "Seq Scan", "Parent Relationship": "Outer", "Relation Name": "company_type", "Alias": "ct", "Startup Cost": 0.0, "Total Cost": 1.04, "Plan Rows": 1, "Plan Width": 4, "Actual Min Startup Time": 0.044, "Actual Max Startup Time": 0.044, "Actual Min Total Time": 0.049, "Actual Max Total Time": 0.049, "Filter": "((kind)::text = 'production companies'::text)", "Rows Removed by Filter": 2, "Actual Rows": 1}, {"Node Type": "Materialize", "Parent Relationship": "Inner", "Startup Cost": 0.0, "Total Cost": 18503.13, "Plan Rows": 3081, "Plan Width": 8, "Actual Min Startup Time": 88.751, "Actual Max Startup Time": 88.751, "Actual Min Total Time": 91.863, "Actual Max Total Time": 91.863, "Plans": [{"Node Type": "Streaming(type: LOCAL GATHER dop: 1/16)", "Parent Relationship": "Outer", "Startup Cost": 0.0, "Total Cost": 18495.43, "Plan Rows": 3081, "Plan Width": 8, "Actual Min Startup Time": 28.768, "Actual Max Startup Time": 28.768, "Actual Min Total Time": 84.921, "Actual Max Total Time": 84.921, "Plans": [{"Node Type": "Seq Scan", "Parent Relationship": "Outer", "Relation Name": "movie_companies", "Alias": "mc", "Startup Cost": 0.0, "Total Cost": 18428.93, "Plan Rows": 3081, "Plan Width": 8, "Actual Min Startup Time": 0.897, "Actual Max Startup Time": 12.887, "Actual Min Total Time": 60.124, "Actual Max Total Time": 66.576, "Filter": "(((note)::text ~~ '%(theatrical)%'::text) AND ((note)::text ~~ '%(France)%'::text))", "Rows Removed by Filter": 2585103, "Actual Rows": 24025}], "Actual Rows": 24025}], "Actual Rows": 24026}], "Actual Rows": 0}, {"Node Type": "Index Scan", "Parent Relationship": "Inner", "Scan Direction": "Forward", "Index Name": "title_pkey", "Relation Name": "title", "Alias": "t", "Startup Cost": 0.0, "Total Cost": 7.53, "Plan Rows": 1, "Plan Width": 21, "Actual Startup Time": 0.0, "Actual Total Time": 0.0, "Index Cond": "(id = mc.movie_id)", "Rows Removed by Index Recheck": 0, "Filter": "(production_year > 2005)", "Rows Removed by Filter": 0}], "Actual Rows": 0}, {"Node Type": "Index Scan", "Parent Relationship": "Inner", "Scan Direction": "Forward", "Index Name": "movie_id_movie_info", "Relation Name": "movie_info", "Alias": "mi", "Startup Cost": 0.0, "Total Cost": 1.21, "Plan Rows": 1, "Plan Width": 8, "Actual Startup Time": 0.0, "Actual Total Time": 0.0, "Index Cond": "(movie_id = t.id)", "Rows Removed by Index Recheck": 0, "Filter": "((info)::text = ANY ('{Sweden,Norway,Germany,Denmark,Swedish,Denish,Norwegian,German}'::text[]))", "Rows Removed by Filter": 0}], "Actual Rows": 0}, {"Node Type": "Index Scan", "Parent Relationship": "Inner", "Scan Direction": "Forward", "Index Name": "info_type_pkey", "Relation Name": "info_type", "Alias": "it", "Startup Cost": 0.0, "Total Cost": 0.27, "Plan Rows": 1, "Plan Width": 4, "Actual Startup Time": 0.0, "Actual Total Time": 0.0, "Index Cond": "(id = mi.info_type_id)", "Rows Removed by Index Recheck": 0}], "Actual Rows": 0}], "Actual Rows": 1}, "Triggers": [], "Planner Runtime": 3.858, "Total Runtime": 99.75, "Unique SQL Id": 2510907716}}, "(16, '61')": {"explain_plan": {"Plan": {"Node Type": "Aggregate", "Strategy": "Plain", "Startup Cost": 99093.25, "Total Cost": 99093.26, "Plan Rows": 1, "Plan Width": 49, "Plans": [{"Node Type": "Nested Loop", "Parent Relationship": "Outer", "Join Type": "Inner", "Startup Cost": 0.0, "Total Cost": 99088.45, "Plan Rows": 1919, "Plan Width": 17, "Inner Unique": true, "Plans": [{"Node Type": "Nested Loop", "Parent Relationship": "Outer", "Join Type": "Inner", "Startup Cost": 0.0, "Total Cost": 98550.97, "Plan Rows": 1919, "Plan Width": 21, "Inner Unique": false, "Plans": [{"Node Type": "Nested Loop", "Parent Relationship": "Outer", "Join Type": "Inner", "Startup Cost": 0.0, "Total Cost": 96271.68, "Plan Rows": 1869, "Plan Width": 25, "Inner Unique": true, "Plans": [{"Node Type": "Nested Loop", "Parent Relationship": "Outer", "Join Type": "Inner", "Startup Cost": 0.0, "Total Cost": 84654.26, "Plan Rows": 1540, "Plan Width": 4, "Inner Unique": false, "Join Filter": "(ct.id = mc.company_type_id)", "Plans": [{"Node Type": "Index Scan", "Parent Relationship": "Outer", "Scan Direction": "Forward", "Index Name": "company_type_pkey", "Relation Name": "company_type", "Alias": "ct", "Startup Cost": 0.0, "Total Cost": 12.3, "Plan Rows": 1, "Plan Width": 4, "Filter": "((kind)::text = 'production companies'::text)"}, {"Node Type": "Materialize", "Parent Relationship": "Inner", "Startup Cost": 0.0, "Total Cost": 84611.14, "Plan Rows": 3081, "Plan Width": 8, "Plans": [{"Node Type": "Streaming(type: LOCAL GATHER dop: 1/16)", "Parent Relationship": "Outer", "Startup Cost": 0.0, "Total Cost": 84603.44, "Plan Rows": 3081, "Plan Width": 8, "Plans": [{"Node Type": "Index Scan", "Parent Relationship": "Outer", "Scan Direction": "Forward", "Index Name": "company_type_id_movie_companies", "Relation Name": "movie_companies", "Alias": "mc", "Startup Cost": 0.0, "Total Cost": 84536.95, "Plan Rows": 3081, "Plan Width": 8, "Filter": "(((note)::text ~~ '%(theatrical)%'::text) AND ((note)::text ~~ '%(France)%'::text))"}]}]}]}, {"Node Type": "Index Scan", "Parent Relationship": "Inner", "Scan Direction": "Forward", "Index Name": "title_pkey", "Relation Name": "title", "Alias": "t", "Startup Cost": 0.0, "Total Cost": 7.53, "Plan Rows": 1, "Plan Width": 21, "Index Cond": "(id = mc.movie_id)", "Filter": "(production_year > 2005)"}]}, {"Node Type": "Index Scan", "Parent Relationship": "Inner", "Scan Direction": "Forward", "Index Name": "movie_id_movie_info", "Relation Name": "movie_info", "Alias": "mi", "Startup Cost": 0.0, "Total Cost": 1.21, "Plan Rows": 1, "Plan Width": 8, "Index Cond": "(movie_id = t.id)", "Filter": "((info)::text = ANY ('{Sweden,Norway,Germany,Denmark,Swedish,Denish,Norwegian,German}'::text[]))"}]}, {"Node Type": "Index Scan", "Parent Relationship": "Inner", "Scan Direction": "Forward", "Index Name": "info_type_pkey", "Relation Name": "info_type", "Alias": "it", "Startup Cost": 0.0, "Total Cost": 0.27, "Plan Rows": 1, "Plan Width": 4, "Index Cond": "(id = mi.info_type_id)"}]}]}, "Unique SQL Id": 2510907716, "Planner Runtime": 3}, "explain_analyze_plan": {"Plan": {"Node Type": "Aggregate", "Strategy": "Plain", "Startup Cost": 99093.25, "Total Cost": 99093.26, "Plan Rows": 1, "Plan Width": 49, "Actual Min Startup Time": 179.842, "Actual Max Startup Time": 179.842, "Actual Min Total Time": 179.843, "Actual Max Total Time": 179.843, "Plans": [{"Node Type": "Nested Loop", "Parent Relationship": "Outer", "Join Type": "Inner", "Startup Cost": 0.0, "Total Cost": 99088.45, "Plan Rows": 1919, "Plan Width": 17, "Actual Min Startup Time": 179.832, "Actual Max Startup Time": 179.832, "Actual Min Total Time": 179.832, "Actual Max Total Time": 179.832, "Inner Unique": true, "Plans": [{"Node Type": "Nested Loop", "Parent Relationship": "Outer", "Join Type": "Inner", "Startup Cost": 0.0, "Total Cost": 98550.97, "Plan Rows": 1919, "Plan Width": 21, "Actual Min Startup Time": 179.83, "Actual Max Startup Time": 179.83, "Actual Min Total Time": 179.83, "Actual Max Total Time": 179.83, "Inner Unique": false, "Plans": [{"Node Type": "Nested Loop", "Parent Relationship": "Outer", "Join Type": "Inner", "Startup Cost": 0.0, "Total Cost": 96271.68, "Plan Rows": 1869, "Plan Width": 25, "Actual Min Startup Time": 179.829, "Actual Max Startup Time": 179.829, "Actual Min Total Time": 179.829, "Actual Max Total Time": 179.829, "Inner Unique": true, "Plans": [{"Node Type": "Nested Loop", "Parent Relationship": "Outer", "Join Type": "Inner", "Startup Cost": 0.0, "Total Cost": 84654.26, "Plan Rows": 1540, "Plan Width": 4, "Actual Min Startup Time": 179.828, "Actual Max Startup Time": 179.828, "Actual Min Total Time": 179.828, "Actual Max Total Time": 179.828, "Inner Unique": false, "Join Filter": "(ct.id = mc.company_type_id)", "Rows Removed by Join Filter": 24025, "Plans": [{"Node Type": "Index Scan", "Parent Relationship": "Outer", "Scan Direction": "Forward", "Index Name": "company_type_pkey", "Relation Name": "company_type", "Alias": "ct", "Startup Cost": 0.0, "Total Cost": 12.3, "Plan Rows": 1, "Plan Width": 4, "Actual Min Startup Time": 0.042, "Actual Max Startup Time": 0.042, "Actual Min Total Time": 0.051, "Actual Max Total Time": 0.051, "Filter": "((kind)::text = 'production companies'::text)", "Rows Removed by Filter": 2, "Actual Rows": 1}, {"Node Type": "Materialize", "Parent Relationship": "Inner", "Startup Cost": 0.0, "Total Cost": 84611.14, "Plan Rows": 3081, "Plan Width": 8, "Actual Min Startup Time": 171.715, "Actual Max Startup Time": 171.715, "Actual Min Total Time": 174.54, "Actual Max Total Time": 174.54, "Plans": [{"Node Type": "Streaming(type: LOCAL GATHER dop: 1/16)", "Parent Relationship": "Outer", "Startup Cost": 0.0, "Total Cost": 84603.44, "Plan Rows": 3081, "Plan Width": 8, "Actual Min Startup Time": 33.606, "Actual Max Startup Time": 33.606, "Actual Min Total Time": 167.84, "Actual Max Total Time": 167.84, "Plans": [{"Node Type": "Index Scan", "Parent Relationship": "Outer", "Scan Direction": "Forward", "Index Name": "company_type_id_movie_companies", "Relation Name": "movie_companies", "Alias": "mc", "Startup Cost": 0.0, "Total Cost": 84536.95, "Plan Rows": 3081, "Plan Width": 8, "Actual Min Startup Time": 16.414, "Actual Max Startup Time": 89.105, "Actual Min Total Time": 85.898, "Actual Max Total Time": 151.015, "Filter": "(((note)::text ~~ '%(theatrical)%'::text) AND ((note)::text ~~ '%(France)%'::text))", "Rows Removed by Filter": 2585103, "Actual Rows": 24025}], "Actual Rows": 24025}], "Actual Rows": 24026}], "Actual Rows": 0}, {"Node Type": "Index Scan", "Parent Relationship": "Inner", "Scan Direction": "Forward", "Index Name": "title_pkey", "Relation Name": "title", "Alias": "t", "Startup Cost": 0.0, "Total Cost": 7.53, "Plan Rows": 1, "Plan Width": 21, "Actual Startup Time": 0.0, "Actual Total Time": 0.0, "Index Cond": "(id = mc.movie_id)", "Rows Removed by Index Recheck": 0, "Filter": "(production_year > 2005)", "Rows Removed by Filter": 0}], "Actual Rows": 0}, {"Node Type": "Index Scan", "Parent Relationship": "Inner", "Scan Direction": "Forward", "Index Name": "movie_id_movie_info", "Relation Name": "movie_info", "Alias": "mi", "Startup Cost": 0.0, "Total Cost": 1.21, "Plan Rows": 1, "Plan Width": 8, "Actual Startup Time": 0.0, "Actual Total Time": 0.0, "Index Cond": "(movie_id = t.id)", "Rows Removed by Index Recheck": 0, "Filter": "((info)::text = ANY ('{Sweden,Norway,Germany,Denmark,Swedish,Denish,Norwegian,German}'::text[]))", "Rows Removed by Filter": 0}], "Actual Rows": 0}, {"Node Type": "Index Scan", "Parent Relationship": "Inner", "Scan Direction": "Forward", "Index Name": "info_type_pkey", "Relation Name": "info_type", "Alias": "it", "Startup Cost": 0.0, "Total Cost": 0.27, "Plan Rows": 1, "Plan Width": 4, "Actual Startup Time": 0.0, "Actual Total Time": 0.0, "Index Cond": "(id = mi.info_type_id)", "Rows Removed by Index Recheck": 0}], "Actual Rows": 0}], "Actual Rows": 1}, "Triggers": [], "Planner Runtime": 9.053, "Total Runtime": 182.351, "Unique SQL Id": 2510907716}}, "(16, '62')": {"explain_plan": {"Plan": {"Node Type": "Aggregate", "Strategy": "Plain", "Startup Cost": 254554.58, "Total Cost": 254554.6, "Plan Rows": 1, "Plan Width": 49, "Plans": [{"Node Type": "Streaming(type: LOCAL GATHER dop: 1/16)", "Parent Relationship": "Outer", "Startup Cost": 254554.58, "Total Cost": 254554.6, "Plan Rows": 1, "Plan Width": 49, "Plans": [{"Node Type": "Aggregate", "Strategy": "Plain", "Parent Relationship": "Outer", "Startup Cost": 254554.58, "Total Cost": 254554.59, "Plan Rows": 1, "Plan Width": 49, "Plans": [{"Node Type": "Nested Loop", "Parent Relationship": "Outer", "Join Type": "Inner", "Startup Cost": 0.0, "Total Cost": 254549.79, "Plan Rows": 1919, "Plan Width": 17, "Inner Unique": true, "Join Filter": "(mi.movie_id = t.id)", "Plans": [{"Node Type": "Streaming(type: LOCAL REDISTRIBUTE dop: 16/1)", "Parent Relationship": "Outer", "Startup Cost": 0.0, "Total Cost": 122515.3, "Plan Rows": 1581, "Plan Width": 8, "Plans": [{"Node Type": "Nested Loop", "Parent Relationship": "Outer", "Join Type": "Inner", "Startup Cost": 0.0, "Total Cost": 107449.56, "Plan Rows": 1581, "Plan Width": 8, "Inner Unique": true, "Join Filter": "(mi.info_type_id = it.id)", "Plans": [{"Node Type": "Streaming(type: LOCAL GATHER dop: 1/16)", "Parent Relationship": "Outer", "Startup Cost": 0.0, "Total Cost": 104791.08, "Plan Rows": 1581, "Plan Width": 12, "Plans": [{"Node Type": "Nested Loop", "Parent Relationship": "Outer", "Join Type": "Inner", "Startup Cost": 0.0, "Total Cost": 104756.96, "Plan Rows": 1581, "Plan Width": 12, "Inner Unique": false, "Join Filter": "(mc.movie_id = mi.movie_id)", "Plans": [{"Node Type": "Streaming(type: LOCAL REDISTRIBUTE dop: 16/16)", "Parent Relationship": "Outer", "Startup Cost": 0.0, "Total Cost": 58391.53, "Plan Rows": 141478, "Plan Width": 8, "Plans": [{"Node Type": "Seq Scan", "Parent Relationship": "Outer", "Relation Name": "movie_info", "Alias": "mi", "Startup Cost": 0.0, "Total Cost": 42855.46, "Plan Rows": 141478, "Plan Width": 8, "Filter": "((info)::text = ANY ('{Sweden,Norway,Germany,Denmark,Swedish,Denish,Norwegian,German}'::text[]))"}]}, {"Node Type": "Materialize", "Parent Relationship": "Inner", "Startup Cost": 0.0, "Total Cost": 33599.49, "Plan Rows": 1540, "Plan Width": 4, "Plans": [{"Node Type": "Streaming(type: LOCAL REDISTRIBUTE dop: 16/1)", "Parent Relationship": "Outer", "Startup Cost": 0.0, "Total Cost": 33599.01, "Plan Rows": 1540, "Plan Width": 4, "Plans": [{"Node Type": "Nested Loop", "Parent Relationship": "Outer", "Join Type": "Inner", "Startup Cost": 0.0, "Total Cost": 18534.98, "Plan Rows": 1540, "Plan Width": 4, "Inner Unique": false, "Join Filter": "(ct.id = mc.company_type_id)", "Plans": [{"Node Type": "Seq Scan", "Parent Relationship": "Outer", "Relation Name": "company_type", "Alias": "ct", "Startup Cost": 0.0, "Total Cost": 1.04, "Plan Rows": 1, "Plan Width": 4, "Filter": "((kind)::text = 'production companies'::text)"}, {"Node Type": "Materialize", "Parent Relationship": "Inner", "Startup Cost": 0.0, "Total Cost": 18503.13, "Plan Rows": 3081, "Plan Width": 8, "Plans": [{"Node Type": "Streaming(type: LOCAL GATHER dop: 1/16)", "Parent Relationship": "Outer", "Startup Cost": 0.0, "Total Cost": 18495.43, "Plan Rows": 3081, "Plan Width": 8, "Plans": [{"Node Type": "Seq Scan", "Parent Relationship": "Outer", "Relation Name": "movie_companies", "Alias": "mc", "Startup Cost": 0.0, "Total Cost": 18428.93, "Plan Rows": 3081, "Plan Width": 8, "Filter": "(((note)::text ~~ '%(theatrical)%'::text) AND ((note)::text ~~ '%(France)%'::text))"}]}]}]}]}]}]}]}, {"Node Type": "Materialize", "Parent Relationship": "Inner", "Startup Cost": 0.0, "Total Cost": 2.68, "Plan Rows": 112, "Plan Width": 4, "Plans": [{"Node Type": "Seq Scan", "Parent Relationship": "Outer", "Relation Name": "info_type", "Alias": "it", "Startup Cost": 0.0, "Total Cost": 2.12, "Plan Rows": 112, "Plan Width": 4}]}]}]}, {"Node Type": "Materialize", "Parent Relationship": "Inner", "Startup Cost": 0.0, "Total Cost": 38306.27, "Plan Rows": 1013492, "Plan Width": 21, "Plans": [{"Node Type": "Streaming(type: LOCAL REDISTRIBUTE dop: 16/16)", "Parent Relationship": "Outer", "Startup Cost": 0.0, "Total Cost": 37989.55, "Plan Rows": 1013492, "Plan Width": 21, "Plans": [{"Node Type": "Seq Scan", "Parent Relationship": "Outer", "Relation Name": "title", "Alias": "t", "Startup Cost": 0.0, "Total Cost": 19149.37, "Plan Rows": 1013492, "Plan Width": 21, "Filter": "(production_year > 2005), (LLVM Optimized)"}]}]}]}]}]}]}, "Unique SQL Id": 2510907716, "Planner Runtime": 4}, "explain_analyze_plan": null}, "(16, '63')": {"explain_plan": {"Plan": {"Node Type": "Aggregate", "Strategy": "Plain", "Startup Cost": 5000171402636.96, "Total Cost": 5000171402636.97, "Plan Rows": 1, "Plan Width": 49, "Plans": [{"Node Type": "Nested Loop", "Parent Relationship": "Outer", "Join Type": "Inner", "Startup Cost": 50000000000.0, "Total Cost": 5000171402632.16, "Plan Rows": 1919, "Plan Width": 17, "Inner Unique": true, "Join Filter": "(mi.info_type_id = it.id)", "Plans": [{"Node Type": "Nested Loop", "Parent Relationship": "Outer", "Join Type": "Inner", "Startup Cost": 40000000000.0, "Total Cost": 4000171398014.96, "Plan Rows": 1919, "Plan Width": 21, "Inner Unique": true, "Join Filter": "(mi.movie_id = t.id)", "Plans": [{"Node Type": "Nested Loop", "Parent Relationship": "Outer", "Join Type": "Inner", "Startup Cost": 30000000000.0, "Total Cost": 3000135716391.79, "Plan Rows": 1581, "Plan Width": 12, "Inner Unique": true, "Join Filter": "(mc.company_type_id = ct.id)", "Plans": [{"Node Type": "Nested Loop", "Parent Relationship": "Outer", "Join Type": "Inner", "Startup Cost": 20000000000.0, "Total Cost": 2000135715114.09, "Plan Rows": 3163, "Plan Width": 16, "Inner Unique": false, "Join Filter": "(mc.movie_id = mi.movie_id)", "Plans": [{"Node Type": "Index Scan", "Parent Relationship": "Outer", "Scan Direction": "Forward", "Index Name": "info_type_id_movie_info", "Relation Name": "movie_info", "Alias": "mi", "Startup Cost": 10000000000.0, "Total Cost": 1000118553919.62, "Plan Rows": 141478, "Plan Width": 8, "Filter": "((info)::text = ANY ('{Sweden,Norway,Germany,Denmark,Swedish,Denish,Norwegian,German}'::text[]))"}, {"Node Type": "Materialize", "Parent Relationship": "Inner", "Startup Cost": 10000000000.0, "Total Cost": 1000010622796.41, "Plan Rows": 3081, "Plan Width": 8, "Plans": [{"Node Type": "Index Scan", "Parent Relationship": "Outer", "Scan Direction": "Forward", "Index Name": "company_type_id_movie_companies", "Relation Name": "movie_companies", "Alias": "mc", "Startup Cost": 10000000000.0, "Total Cost": 1000010622781.0, "Plan Rows": 3081, "Plan Width": 8, "Filter": "(((note)::text ~~ '%(theatrical)%'::text) AND ((note)::text ~~ '%(France)%'::text))"}]}]}, {"Node Type": "Materialize", "Parent Relationship": "Inner", "Startup Cost": 10000000000.0, "Total Cost": 1000000001230.26, "Plan Rows": 1, "Plan Width": 4, "Plans": [{"Node Type": "Index Scan", "Parent Relationship": "Outer", "Scan Direction": "Forward", "Index Name": "company_type_pkey", "Relation Name": "company_type", "Alias": "ct", "Startup Cost": 10000000000.0, "Total Cost": 1000000001230.25, "Plan Rows": 1, "Plan Width": 4, "Filter": "((kind)::text = 'production companies'::text)"}]}]}, {"Node Type": "Materialize", "Parent Relationship": "Inner", "Startup Cost": 10000000000.0, "Total Cost": 1000011649194.12, "Plan Rows": 1013492, "Plan Width": 21, "Plans": [{"Node Type": "Index Scan", "Parent Relationship": "Outer", "Scan Direction": "Forward", "Index Name": "title_pkey", "Relation Name": "title", "Alias": "t", "Startup Cost": 10000000000.0, "Total Cost": 1000011644126.66, "Plan Rows": 1013492, "Plan Width": 21, "Filter": "(production_year > 2005), (LLVM Optimized)"}]}]}, {"Node Type": "Materialize", "Parent Relationship": "Inner", "Startup Cost": 10000000000.0, "Total Cost": 1000000001393.56, "Plan Rows": 112, "Plan Width": 4, "Plans": [{"Node Type": "Index Scan", "Parent Relationship": "Outer", "Scan Direction": "Forward", "Index Name": "info_type_pkey", "Relation Name": "info_type", "Alias": "it", "Startup Cost": 10000000000.0, "Total Cost": 1000000001393.0, "Plan Rows": 112, "Plan Width": 4}]}]}]}, "Unique SQL Id": 2510907716, "Planner Runtime": 3}, "explain_analyze_plan": null}, "(16, '64')": {"explain_plan": {"Plan": {"Node Type": "Aggregate", "Strategy": "Plain", "Startup Cost": 32453.79, "Total Cost": 32453.8, "Plan Rows": 1, "Plan Width": 49, "Plans": [{"Node Type": "Hash Join", "Parent Relationship": "Outer", "Join Type": "Inner", "Startup Cost": 4.57, "Total Cost": 32448.99, "Plan Rows": 1919, "Plan Width": 17, "Inner Unique": true, "Hash Cond": "(mi.info_type_id = it.id)", "Plans": [{"Node Type": "Nested Loop", "Parent Relationship": "Outer", "Join Type": "Inner", "Startup Cost": 1.05, "Total Cost": 32420.14, "Plan Rows": 1919, "Plan Width": 21, "Inner Unique": false, "Plans": [{"Node Type": "Nested Loop", "Parent Relationship": "Outer", "Join Type": "Inner", "Startup Cost": 1.05, "Total Cost": 30140.85, "Plan Rows": 1869, "Plan Width": 25, "Inner Unique": true, "Plans": [{"Node Type": "Hash Join", "Parent Relationship": "Outer", "Join Type": "Inner", "Startup Cost": 1.05, "Total Cost": 18523.43, "Plan Rows": 1540, "Plan Width": 4, "Inner Unique": true, "Hash Cond": "(mc.company_type_id = ct.id)", "Plans": [{"Node Type": "Streaming(type: LOCAL GATHER dop: 1/16)", "Parent Relationship": "Outer", "Startup Cost": 0.0, "Total Cost": 18495.43, "Plan Rows": 3081, "Plan Width": 8, "Plans": [{"Node Type": "Seq Scan", "Parent Relationship": "Outer", "Relation Name": "movie_companies", "Alias": "mc", "Startup Cost": 0.0, "Total Cost": 18428.93, "Plan Rows": 3081, "Plan Width": 8, "Filter": "(((note)::text ~~ '%(theatrical)%'::text) AND ((note)::text ~~ '%(France)%'::text))"}]}, {"Node Type": "Hash", "Parent Relationship": "Inner", "Startup Cost": 1.04, "Total Cost": 1.04, "Plan Rows": 1, "Plan Width": 4, "Plans": [{"Node Type": "Seq Scan", "Parent Relationship": "Outer", "Relation Name": "company_type", "Alias": "ct", "Startup Cost": 0.0, "Total Cost": 1.04, "Plan Rows": 1, "Plan Width": 4, "Filter": "((kind)::text = 'production companies'::text)"}]}]}, {"Node Type": "Index Scan", "Parent Relationship": "Inner", "Scan Direction": "Forward", "Index Name": "title_pkey", "Relation Name": "title", "Alias": "t", "Startup Cost": 0.0, "Total Cost": 7.53, "Plan Rows": 1, "Plan Width": 21, "Index Cond": "(id = mc.movie_id)", "Filter": "(production_year > 2005)"}]}, {"Node Type": "Index Scan", "Parent Relationship": "Inner", "Scan Direction": "Forward", "Index Name": "movie_id_movie_info", "Relation Name": "movie_info", "Alias": "mi", "Startup Cost": 0.0, "Total Cost": 1.21, "Plan Rows": 1, "Plan Width": 8, "Index Cond": "(movie_id = t.id)", "Filter": "((info)::text = ANY ('{Sweden,Norway,Germany,Denmark,Swedish,Denish,Norwegian,German}'::text[]))"}]}, {"Node Type": "Hash", "Parent Relationship": "Inner", "Startup Cost": 2.12, "Total Cost": 2.12, "Plan Rows": 112, "Plan Width": 4, "Plans": [{"Node Type": "Index Only Scan", "Parent Relationship": "Outer", "Scan Direction": "Forward", "Index Name": "info_type_pkey", "Relation Name": "info_type", "Alias": "it", "Startup Cost": 0.0, "Total Cost": 2.12, "Plan Rows": 112, "Plan Width": 4}]}]}]}, "Unique SQL Id": 2510907716, "Planner Runtime": 13}, "explain_analyze_plan": {"Plan": {"Node Type": "Aggregate", "Strategy": "Plain", "Startup Cost": 32453.79, "Total Cost": 32453.8, "Plan Rows": 1, "Plan Width": 49, "Actual Min Startup Time": 87.124, "Actual Max Startup Time": 87.124, "Actual Min Total Time": 87.125, "Actual Max Total Time": 87.125, "Plans": [{"Node Type": "Hash Join", "Parent Relationship": "Outer", "Join Type": "Inner", "Startup Cost": 4.57, "Total Cost": 32448.99, "Plan Rows": 1919, "Plan Width": 17, "Actual Min Startup Time": 87.112, "Actual Max Startup Time": 87.112, "Actual Min Total Time": 87.112, "Actual Max Total Time": 87.112, "Inner Unique": true, "Hash Cond": "(mi.info_type_id = it.id)", "Plans": [{"Node Type": "Nested Loop", "Parent Relationship": "Outer", "Join Type": "Inner", "Startup Cost": 1.05, "Total Cost": 32420.14, "Plan Rows": 1919, "Plan Width": 21, "Actual Min Startup Time": 86.97, "Actual Max Startup Time": 86.97, "Actual Min Total Time": 86.97, "Actual Max Total Time": 86.97, "Inner Unique": false, "Plans": [{"Node Type": "Nested Loop", "Parent Relationship": "Outer", "Join Type": "Inner", "Startup Cost": 1.05, "Total Cost": 30140.85, "Plan Rows": 1869, "Plan Width": 25, "Actual Min Startup Time": 86.968, "Actual Max Startup Time": 86.968, "Actual Min Total Time": 86.968, "Actual Max Total Time": 86.968, "Inner Unique": true, "Plans": [{"Node Type": "Hash Join", "Parent Relationship": "Outer", "Join Type": "Inner", "Startup Cost": 1.05, "Total Cost": 18523.43, "Plan Rows": 1540, "Plan Width": 4, "Actual Min Startup Time": 86.922, "Actual Max Startup Time": 86.922, "Actual Min Total Time": 86.922, "Actual Max Total Time": 86.922, "Inner Unique": true, "Hash Cond": "(mc.company_type_id = ct.id)", "Plans": [{"Node Type": "Streaming(type: LOCAL GATHER dop: 1/16)", "Parent Relationship": "Outer", "Startup Cost": 0.0, "Total Cost": 18495.43, "Plan Rows": 3081, "Plan Width": 8, "Actual Min Startup Time": 29.12, "Actual Max Startup Time": 29.12, "Actual Min Total Time": 83.115, "Actual Max Total Time": 83.115, "Plans": [{"Node Type": "Seq Scan", "Parent Relationship": "Outer", "Relation Name": "movie_companies", "Alias": "mc", "Startup Cost": 0.0, "Total Cost": 18428.93, "Plan Rows": 3081, "Plan Width": 8, "Actual Min Startup Time": 0.918, "Actual Max Startup Time": 12.842, "Actual Min Total Time": 60.32, "Actual Max Total Time": 66.552, "Filter": "(((note)::text ~~ '%(theatrical)%'::text) AND ((note)::text ~~ '%(France)%'::text))", "Rows Removed by Filter": 2585103, "Actual Rows": 24025}], "Actual Rows": 24025}, {"Node Type": "Hash", "Parent Relationship": "Inner", "Startup Cost": 1.04, "Total Cost": 1.04, "Plan Rows": 1, "Plan Width": 4, "Actual Min Startup Time": 0.029, "Actual Max Startup Time": 0.029, "Actual Min Total Time": 0.029, "Actual Max Total Time": 0.029, "Max Hash Buckets": 32768, "Min Hash Buckets": 32768, "Max Hash Batches": 1, "Min Hash Batches": 1, "Max Original Hash Batches": 1, "Min Original Hash Batches": 1, "Max Peak Memory Usage": 1, "min Peak Memory Usage": 1, "Plans": [{"Node Type": "Seq Scan", "Parent Relationship": "Outer", "Relation Name": "company_type", "Alias": "ct", "Startup Cost": 0.0, "Total Cost": 1.04, "Plan Rows": 1, "Plan Width": 4, "Actual Min Startup Time": 0.024, "Actual Max Startup Time": 0.024, "Actual Min Total Time": 0.027, "Actual Max Total Time": 0.027, "Filter": "((kind)::text = 'production companies'::text)", "Rows Removed by Filter": 2, "Actual Rows": 1}], "Actual Rows": 1}], "Actual Rows": 0}, {"Node Type": "Index Scan", "Parent Relationship": "Inner", "Scan Direction": "Forward", "Index Name": "title_pkey", "Relation Name": "title", "Alias": "t", "Startup Cost": 0.0, "Total Cost": 7.53, "Plan Rows": 1, "Plan Width": 21, "Actual Startup Time": 0.0, "Actual Total Time": 0.0, "Index Cond": "(id = mc.movie_id)", "Rows Removed by Index Recheck": 0, "Filter": "(production_year > 2005)", "Rows Removed by Filter": 0}], "Actual Rows": 0}, {"Node Type": "Index Scan", "Parent Relationship": "Inner", "Scan Direction": "Forward", "Index Name": "movie_id_movie_info", "Relation Name": "movie_info", "Alias": "mi", "Startup Cost": 0.0, "Total Cost": 1.21, "Plan Rows": 1, "Plan Width": 8, "Actual Startup Time": 0.0, "Actual Total Time": 0.0, "Index Cond": "(movie_id = t.id)", "Rows Removed by Index Recheck": 0, "Filter": "((info)::text = ANY ('{Sweden,Norway,Germany,Denmark,Swedish,Denish,Norwegian,German}'::text[]))", "Rows Removed by Filter": 0}], "Actual Rows": 0}, {"Node Type": "Hash", "Parent Relationship": "Inner", "Startup Cost": 2.12, "Total Cost": 2.12, "Plan Rows": 112, "Plan Width": 4, "Actual Min Startup Time": 0.09, "Actual Max Startup Time": 0.09, "Actual Min Total Time": 0.09, "Actual Max Total Time": 0.09, "Max Hash Buckets": 32768, "Min Hash Buckets": 32768, "Max Hash Batches": 1, "Min Hash Batches": 1, "Max Original Hash Batches": 1, "Min Original Hash Batches": 1, "Max Peak Memory Usage": 4, "min Peak Memory Usage": 4, "Plans": [{"Node Type": "Index Only Scan", "Parent Relationship": "Outer", "Scan Direction": "Forward", "Index Name": "info_type_pkey", "Relation Name": "info_type", "Alias": "it", "Startup Cost": 0.0, "Total Cost": 2.12, "Plan Rows": 112, "Plan Width": 4, "Actual Min Startup Time": 0.017, "Actual Max Startup Time": 0.017, "Actual Min Total Time": 0.039, "Actual Max Total Time": 0.039, "Heap Fetches": 0, "Actual Rows": 112}], "Actual Rows": 112}], "Actual Rows": 0}], "Actual Rows": 1}, "Triggers": [], "Planner Runtime": 13.355, "Total Runtime": 89.69, "Unique SQL Id": 2510907716}}, "(16, '65')": {"explain_plan": {"Plan": {"Node Type": "Aggregate", "Strategy": "Plain", "Startup Cost": 99924.76, "Total Cost": 99924.77, "Plan Rows": 1, "Plan Width": 49, "Plans": [{"Node Type": "Nested Loop", "Parent Relationship": "Outer", "Join Type": "Inner", "Startup Cost": 0.0, "Total Cost": 99919.97, "Plan Rows": 1919, "Plan Width": 17, "Inner Unique": true, "Plans": [{"Node Type": "Nested Loop", "Parent Relationship": "Outer", "Join Type": "Inner", "Startup Cost": 0.0, "Total Cost": 99382.54, "Plan Rows": 1919, "Plan Width": 21, "Inner Unique": false, "Plans": [{"Node Type": "Nested Loop", "Parent Relationship": "Outer", "Join Type": "Inner", "Startup Cost": 0.0, "Total Cost": 97103.24, "Plan Rows": 1869, "Plan Width": 25, "Inner Unique": true, "Plans": [{"Node Type": "Nested Loop", "Parent Relationship": "Outer", "Join Type": "Inner", "Startup Cost": 0.0, "Total Cost": 85485.82, "Plan Rows": 1540, "Plan Width": 4, "Inner Unique": true, "Plans": [{"Node Type": "Streaming(type: LOCAL GATHER dop: 1/16)", "Parent Relationship": "Outer", "Startup Cost": 0.0, "Total Cost": 84603.44, "Plan Rows": 3081, "Plan Width": 8, "Plans": [{"Node Type": "Index Scan", "Parent Relationship": "Outer", "Scan Direction": "Forward", "Index Name": "company_type_id_movie_companies", "Relation Name": "movie_companies", "Alias": "mc", "Startup Cost": 0.0, "Total Cost": 84536.95, "Plan Rows": 3081, "Plan Width": 8, "Filter": "(((note)::text ~~ '%(theatrical)%'::text) AND ((note)::text ~~ '%(France)%'::text))"}]}, {"Node Type": "Index Scan", "Parent Relationship": "Inner", "Scan Direction": "Forward", "Index Name": "company_type_pkey", "Relation Name": "company_type", "Alias": "ct", "Startup Cost": 0.0, "Total Cost": 0.28, "Plan Rows": 1, "Plan Width": 4, "Index Cond": "(id = mc.company_type_id)", "Filter": "((kind)::text = 'production companies'::text)"}]}, {"Node Type": "Index Scan", "Parent Relationship": "Inner", "Scan Direction": "Forward", "Index Name": "title_pkey", "Relation Name": "title", "Alias": "t", "Startup Cost": 0.0, "Total Cost": 7.53, "Plan Rows": 1, "Plan Width": 21, "Index Cond": "(id = mc.movie_id)", "Filter": "(production_year > 2005)"}]}, {"Node Type": "Index Scan", "Parent Relationship": "Inner", "Scan Direction": "Forward", "Index Name": "movie_id_movie_info", "Relation Name": "movie_info", "Alias": "mi", "Startup Cost": 0.0, "Total Cost": 1.21, "Plan Rows": 1, "Plan Width": 8, "Index Cond": "(movie_id = t.id)", "Filter": "((info)::text = ANY ('{Sweden,Norway,Germany,Denmark,Swedish,Denish,Norwegian,German}'::text[]))"}]}, {"Node Type": "Index Only Scan", "Parent Relationship": "Inner", "Scan Direction": "Forward", "Index Name": "info_type_pkey", "Relation Name": "info_type", "Alias": "it", "Startup Cost": 0.0, "Total Cost": 0.27, "Plan Rows": 1, "Plan Width": 4, "Index Cond": "(id = mi.info_type_id)"}]}]}, "Unique SQL Id": 2510907716, "Planner Runtime": 9}, "explain_analyze_plan": {"Plan": {"Node Type": "Aggregate", "Strategy": "Plain", "Startup Cost": 99924.76, "Total Cost": 99924.77, "Plan Rows": 1, "Plan Width": 49, "Actual Min Startup Time": 170.847, "Actual Max Startup Time": 170.847, "Actual Min Total Time": 170.848, "Actual Max Total Time": 170.848, "Plans": [{"Node Type": "Nested Loop", "Parent Relationship": "Outer", "Join Type": "Inner", "Startup Cost": 0.0, "Total Cost": 99919.97, "Plan Rows": 1919, "Plan Width": 17, "Actual Min Startup Time": 170.838, "Actual Max Startup Time": 170.838, "Actual Min Total Time": 170.838, "Actual Max Total Time": 170.838, "Inner Unique": true, "Plans": [{"Node Type": "Nested Loop", "Parent Relationship": "Outer", "Join Type": "Inner", "Startup Cost": 0.0, "Total Cost": 99382.54, "Plan Rows": 1919, "Plan Width": 21, "Actual Min Startup Time": 170.836, "Actual Max Startup Time": 170.836, "Actual Min Total Time": 170.836, "Actual Max Total Time": 170.836, "Inner Unique": false, "Plans": [{"Node Type": "Nested Loop", "Parent Relationship": "Outer", "Join Type": "Inner", "Startup Cost": 0.0, "Total Cost": 97103.24, "Plan Rows": 1869, "Plan Width": 25, "Actual Min Startup Time": 170.834, "Actual Max Startup Time": 170.834, "Actual Min Total Time": 170.834, "Actual Max Total Time": 170.834, "Inner Unique": true, "Plans": [{"Node Type": "Nested Loop", "Parent Relationship": "Outer", "Join Type": "Inner", "Startup Cost": 0.0, "Total Cost": 85485.82, "Plan Rows": 1540, "Plan Width": 4, "Actual Min Startup Time": 170.833, "Actual Max Startup Time": 170.833, "Actual Min Total Time": 170.833, "Actual Max Total Time": 170.833, "Inner Unique": true, "Plans": [{"Node Type": "Streaming(type: LOCAL GATHER dop: 1/16)", "Parent Relationship": "Outer", "Startup Cost": 0.0, "Total Cost": 84603.44, "Plan Rows": 3081, "Plan Width": 8, "Actual Min Startup Time": 32.062, "Actual Max Startup Time": 32.062, "Actual Min Total Time": 148.487, "Actual Max Total Time": 148.487, "Plans": [{"Node Type": "Index Scan", "Parent Relationship": "Outer", "Scan Direction": "Forward", "Index Name": "company_type_id_movie_companies", "Relation Name": "movie_companies", "Alias": "mc", "Startup Cost": 0.0, "Total Cost": 84536.95, "Plan Rows": 3081, "Plan Width": 8, "Actual Min Startup Time": 15.98, "Actual Max Startup Time": 88.111, "Actual Min Total Time": 86.282, "Actual Max Total Time": 153.188, "Filter": "(((note)::text ~~ '%(theatrical)%'::text) AND ((note)::text ~~ '%(France)%'::text))", "Rows Removed by Filter": 2585103, "Actual Rows": 24025}], "Actual Rows": 24025}, {"Node Type": "Index Scan", "Parent Relationship": "Inner", "Scan Direction": "Forward", "Index Name": "company_type_pkey", "Relation Name": "company_type", "Alias": "ct", "Startup Cost": 0.0, "Total Cost": 0.28, "Plan Rows": 1, "Plan Width": 4, "Actual Min Startup Time": 13.513, "Actual Max Startup Time": 13.513, "Actual Min Total Time": 13.513, "Actual Max Total Time": 13.513, "Index Cond": "(id = mc.company_type_id)", "Rows Removed by Index Recheck": 0, "Filter": "((kind)::text = 'production companies'::text)", "Rows Removed by Filter": 0, "Actual Rows": 0}], "Actual Rows": 0}, {"Node Type": "Index Scan", "Parent Relationship": "Inner", "Scan Direction": "Forward", "Index Name": "title_pkey", "Relation Name": "title", "Alias": "t", "Startup Cost": 0.0, "Total Cost": 7.53, "Plan Rows": 1, "Plan Width": 21, "Actual Startup Time": 0.0, "Actual Total Time": 0.0, "Index Cond": "(id = mc.movie_id)", "Rows Removed by Index Recheck": 0, "Filter": "(production_year > 2005)", "Rows Removed by Filter": 0}], "Actual Rows": 0}, {"Node Type": "Index Scan", "Parent Relationship": "Inner", "Scan Direction": "Forward", "Index Name": "movie_id_movie_info", "Relation Name": "movie_info", "Alias": "mi", "Startup Cost": 0.0, "Total Cost": 1.21, "Plan Rows": 1, "Plan Width": 8, "Actual Startup Time": 0.0, "Actual Total Time": 0.0, "Index Cond": "(movie_id = t.id)", "Rows Removed by Index Recheck": 0, "Filter": "((info)::text = ANY ('{Sweden,Norway,Germany,Denmark,Swedish,Denish,Norwegian,German}'::text[]))", "Rows Removed by Filter": 0}], "Actual Rows": 0}, {"Node Type": "Index Only Scan", "Parent Relationship": "Inner", "Scan Direction": "Forward", "Index Name": "info_type_pkey", "Relation Name": "info_type", "Alias": "it", "Startup Cost": 0.0, "Total Cost": 0.27, "Plan Rows": 1, "Plan Width": 4, "Actual Startup Time": 0.0, "Actual Total Time": 0.0, "Index Cond": "(id = mi.info_type_id)", "Rows Removed by Index Recheck": 0, "Heap Fetches": 0}], "Actual Rows": 0}], "Actual Rows": 1}, "Triggers": [], "Planner Runtime": 9.058, "Total Runtime": 173.276, "Unique SQL Id": 2510907716}}, "(16, '66')": {"explain_plan": {"Plan": {"Node Type": "Aggregate", "Strategy": "Plain", "Startup Cost": 39096.72, "Total Cost": 39096.73, "Plan Rows": 1, "Plan Width": 49, "Plans": [{"Node Type": "Hash Join", "Parent Relationship": "Outer", "Join Type": "Inner", "Startup Cost": 8.77, "Total Cost": 39091.92, "Plan Rows": 1919, "Plan Width": 17, "Inner Unique": true, "Hash Cond": "(mi.info_type_id = it.id)", "Plans": [{"Node Type": "Nested Loop", "Parent Relationship": "Outer", "Join Type": "Inner", "Startup Cost": 5.25, "Total Cost": 39063.07, "Plan Rows": 1919, "Plan Width": 21, "Inner Unique": false, "Plans": [{"Node Type": "Nested Loop", "Parent Relationship": "Outer", "Join Type": "Inner", "Startup Cost": 4.74, "Total Cost": 30401.15, "Plan Rows": 1869, "Plan Width": 25, "Inner Unique": true, "Plans": [{"Node Type": "Hash Join", "Parent Relationship": "Outer", "Join Type": "Inner", "Startup Cost": 1.05, "Total Cost": 18523.43, "Plan Rows": 1540, "Plan Width": 4, "Inner Unique": true, "Hash Cond": "(mc.company_type_id = ct.id)", "Plans": [{"Node Type": "Streaming(type: LOCAL GATHER dop: 1/16)", "Parent Relationship": "Outer", "Startup Cost": 0.0, "Total Cost": 18495.43, "Plan Rows": 3081, "Plan Width": 8, "Plans": [{"Node Type": "Seq Scan", "Parent Relationship": "Outer", "Relation Name": "movie_companies", "Alias": "mc", "Startup Cost": 0.0, "Total Cost": 18428.93, "Plan Rows": 3081, "Plan Width": 8, "Filter": "(((note)::text ~~ '%(theatrical)%'::text) AND ((note)::text ~~ '%(France)%'::text))"}]}, {"Node Type": "Hash", "Parent Relationship": "Inner", "Startup Cost": 1.04, "Total Cost": 1.04, "Plan Rows": 1, "Plan Width": 4, "Plans": [{"Node Type": "Seq Scan", "Parent Relationship": "Outer", "Relation Name": "company_type", "Alias": "ct", "Startup Cost": 0.0, "Total Cost": 1.04, "Plan Rows": 1, "Plan Width": 4, "Filter": "((kind)::text = 'production companies'::text)"}]}]}, {"Node Type": "Bitmap Heap Scan", "Parent Relationship": "Inner", "Relation Name": "title", "Alias": "t", "Startup Cost": 3.69, "Total Cost": 7.7, "Plan Rows": 1, "Plan Width": 21, "Recheck Cond": "(id = mc.movie_id)", "Filter": "(production_year > 2005)", "Plans": [{"Node Type": "Bitmap Index Scan", "Parent Relationship": "Outer", "Index Name": "title_pkey", "Startup Cost": 0.0, "Total Cost": 3.69, "Plan Rows": 1, "Plan Width": 0, "Index Cond": "(id = mc.movie_id)"}]}]}, {"Node Type": "Bitmap Heap Scan", "Parent Relationship": "Inner", "Relation Name": "movie_info", "Alias": "mi", "Startup Cost": 0.51, "Total Cost": 4.62, "Plan Rows": 1, "Plan Width": 8, "Recheck Cond": "(movie_id = t.id)", "Filter": "((info)::text = ANY ('{Sweden,Norway,Germany,Denmark,Swedish,Denish,Norwegian,German}'::text[]))", "Plans": [{"Node Type": "Bitmap Index Scan", "Parent Relationship": "Outer", "Index Name": "movie_id_movie_info", "Startup Cost": 0.0, "Total Cost": 0.51, "Plan Rows": 5, "Plan Width": 0, "Index Cond": "(movie_id = t.id)"}]}]}, {"Node Type": "Hash", "Parent Relationship": "Inner", "Startup Cost": 2.12, "Total Cost": 2.12, "Plan Rows": 112, "Plan Width": 4, "Plans": [{"Node Type": "Seq Scan", "Parent Relationship": "Outer", "Relation Name": "info_type", "Alias": "it", "Startup Cost": 0.0, "Total Cost": 2.12, "Plan Rows": 112, "Plan Width": 4}]}]}]}, "Unique SQL Id": 2510907716, "Planner Runtime": 14}, "explain_analyze_plan": {"Plan": {"Node Type": "Aggregate", "Strategy": "Plain", "Startup Cost": 39096.72, "Total Cost": 39096.73, "Plan Rows": 1, "Plan Width": 49, "Actual Min Startup Time": 86.264, "Actual Max Startup Time": 86.264, "Actual Min Total Time": 86.265, "Actual Max Total Time": 86.265, "Plans": [{"Node Type": "Hash Join", "Parent Relationship": "Outer", "Join Type": "Inner", "Startup Cost": 8.77, "Total Cost": 39091.92, "Plan Rows": 1919, "Plan Width": 17, "Actual Min Startup Time": 86.253, "Actual Max Startup Time": 86.253, "Actual Min Total Time": 86.253, "Actual Max Total Time": 86.253, "Inner Unique": true, "Hash Cond": "(mi.info_type_id = it.id)", "Plans": [{"Node Type": "Nested Loop", "Parent Relationship": "Outer", "Join Type": "Inner", "Startup Cost": 5.25, "Total Cost": 39063.07, "Plan Rows": 1919, "Plan Width": 21, "Actual Min Startup Time": 86.1, "Actual Max Startup Time": 86.1, "Actual Min Total Time": 86.1, "Actual Max Total Time": 86.1, "Inner Unique": false, "Plans": [{"Node Type": "Nested Loop", "Parent Relationship": "Outer", "Join Type": "Inner", "Startup Cost": 4.74, "Total Cost": 30401.15, "Plan Rows": 1869, "Plan Width": 25, "Actual Min Startup Time": 86.098, "Actual Max Startup Time": 86.098, "Actual Min Total Time": 86.098, "Actual Max Total Time": 86.098, "Inner Unique": true, "Plans": [{"Node Type": "Hash Join", "Parent Relationship": "Outer", "Join Type": "Inner", "Startup Cost": 1.05, "Total Cost": 18523.43, "Plan Rows": 1540, "Plan Width": 4, "Actual Min Startup Time": 86.054, "Actual Max Startup Time": 86.054, "Actual Min Total Time": 86.054, "Actual Max Total Time": 86.054, "Inner Unique": true, "Hash Cond": "(mc.company_type_id = ct.id)", "Plans": [{"Node Type": "Streaming(type: LOCAL GATHER dop: 1/16)", "Parent Relationship": "Outer", "Startup Cost": 0.0, "Total Cost": 18495.43, "Plan Rows": 3081, "Plan Width": 8, "Actual Min Startup Time": 27.742, "Actual Max Startup Time": 27.742, "Actual Min Total Time": 82.222, "Actual Max Total Time": 82.222, "Plans": [{"Node Type": "Seq Scan", "Parent Relationship": "Outer", "Relation Name": "movie_companies", "Alias": "mc", "Startup Cost": 0.0, "Total Cost": 18428.93, "Plan Rows": 3081, "Plan Width": 8, "Actual Min Startup Time": 0.907, "Actual Max Startup Time": 12.845, "Actual Min Total Time": 60.208, "Actual Max Total Time": 66.493, "Filter": "(((note)::text ~~ '%(theatrical)%'::text) AND ((note)::text ~~ '%(France)%'::text))", "Rows Removed by Filter": 2585103, "Actual Rows": 24025}], "Actual Rows": 24025}, {"Node Type": "Hash", "Parent Relationship": "Inner", "Startup Cost": 1.04, "Total Cost": 1.04, "Plan Rows": 1, "Plan Width": 4, "Actual Min Startup Time": 0.021, "Actual Max Startup Time": 0.021, "Actual Min Total Time": 0.021, "Actual Max Total Time": 0.021, "Max Hash Buckets": 32768, "Min Hash Buckets": 32768, "Max Hash Batches": 1, "Min Hash Batches": 1, "Max Original Hash Batches": 1, "Min Original Hash Batches": 1, "Max Peak Memory Usage": 1, "min Peak Memory Usage": 1, "Plans": [{"Node Type": "Seq Scan", "Parent Relationship": "Outer", "Relation Name": "company_type", "Alias": "ct", "Startup Cost": 0.0, "Total Cost": 1.04, "Plan Rows": 1, "Plan Width": 4, "Actual Min Startup Time": 0.016, "Actual Max Startup Time": 0.016, "Actual Min Total Time": 0.018, "Actual Max Total Time": 0.018, "Filter": "((kind)::text = 'production companies'::text)", "Rows Removed by Filter": 2, "Actual Rows": 1}], "Actual Rows": 1}], "Actual Rows": 0}, {"Node Type": "Bitmap Heap Scan", "Parent Relationship": "Inner", "Relation Name": "title", "Alias": "t", "Startup Cost": 3.69, "Total Cost": 7.7, "Plan Rows": 1, "Plan Width": 21, "Actual Startup Time": 0.0, "Actual Total Time": 0.0, "Recheck Cond": "(id = mc.movie_id)", "Rows Removed by Index Recheck": 0, "Filter": "(production_year > 2005)", "Rows Removed by Filter": 0, "Exact Heap Blocks": 0, "Lossy Heap Blocks": 0, "Plans": [{"Node Type": "Bitmap Index Scan", "Parent Relationship": "Outer", "Index Name": "title_pkey", "Startup Cost": 0.0, "Total Cost": 3.69, "Plan Rows": 1, "Plan Width": 0, "Actual Startup Time": 0.0, "Actual Total Time": 0.0, "Index Cond": "(id = mc.movie_id)"}]}], "Actual Rows": 0}, {"Node Type": "Bitmap Heap Scan", "Parent Relationship": "Inner", "Relation Name": "movie_info", "Alias": "mi", "Startup Cost": 0.51, "Total Cost": 4.62, "Plan Rows": 1, "Plan Width": 8, "Actual Startup Time": 0.0, "Actual Total Time": 0.0, "Recheck Cond": "(movie_id = t.id)", "Rows Removed by Index Recheck": 0, "Filter": "((info)::text = ANY ('{Sweden,Norway,Germany,Denmark,Swedish,Denish,Norwegian,German}'::text[]))", "Rows Removed by Filter": 0, "Exact Heap Blocks": 0, "Lossy Heap Blocks": 0, "Plans": [{"Node Type": "Bitmap Index Scan", "Parent Relationship": "Outer", "Index Name": "movie_id_movie_info", "Startup Cost": 0.0, "Total Cost": 0.51, "Plan Rows": 5, "Plan Width": 0, "Actual Startup Time": 0.0, "Actual Total Time": 0.0, "Index Cond": "(movie_id = t.id)"}]}], "Actual Rows": 0}, {"Node Type": "Hash", "Parent Relationship": "Inner", "Startup Cost": 2.12, "Total Cost": 2.12, "Plan Rows": 112, "Plan Width": 4, "Actual Min Startup Time": 0.104, "Actual Max Startup Time": 0.104, "Actual Min Total Time": 0.104, "Actual Max Total Time": 0.104, "Max Hash Buckets": 32768, "Min Hash Buckets": 32768, "Max Hash Batches": 1, "Min Hash Batches": 1, "Max Original Hash Batches": 1, "Min Original Hash Batches": 1, "Max Peak Memory Usage": 4, "min Peak Memory Usage": 4, "Plans": [{"Node Type": "Seq Scan", "Parent Relationship": "Outer", "Relation Name": "info_type", "Alias": "it", "Startup Cost": 0.0, "Total Cost": 2.12, "Plan Rows": 112, "Plan Width": 4, "Actual Min Startup Time": 0.033, "Actual Max Startup Time": 0.033, "Actual Min Total Time": 0.054, "Actual Max Total Time": 0.054, "Actual Rows": 112}], "Actual Rows": 112}], "Actual Rows": 0}], "Actual Rows": 1}, "Triggers": [], "Planner Runtime": 13.99, "Total Runtime": 88.746, "Unique SQL Id": 2510907716}}, "(16, '67')": {"explain_plan": {"Plan": {"Node Type": "Aggregate", "Strategy": "Plain", "Startup Cost": 88113.56, "Total Cost": 88113.57, "Plan Rows": 1, "Plan Width": 49, "Plans": [{"Node Type": "Hash Join", "Parent Relationship": "Outer", "Join Type": "Inner", "Startup Cost": 28972.69, "Total Cost": 88108.77, "Plan Rows": 1919, "Plan Width": 17, "Inner Unique": true, "Hash Cond": "(mi.info_type_id = it.id)", "Plans": [{"Node Type": "Nested Loop", "Parent Relationship": "Outer", "Join Type": "Inner", "Startup Cost": 28957.33, "Total Cost": 88068.08, "Plan Rows": 1919, "Plan Width": 21, "Inner Unique": false, "Plans": [{"Node Type": "Nested Loop", "Parent Relationship": "Outer", "Join Type": "Inner", "Startup Cost": 28956.82, "Total Cost": 79406.16, "Plan Rows": 1869, "Plan Width": 25, "Inner Unique": true, "Plans": [{"Node Type": "Nested Loop", "Parent Relationship": "Outer", "Join Type": "Inner", "Startup Cost": 28953.13, "Total Cost": 67528.44, "Plan Rows": 1540, "Plan Width": 4, "Inner Unique": false, "Plans": [{"Node Type": "Bitmap Heap Scan", "Parent Relationship": "Outer", "Relation Name": "company_type", "Alias": "ct", "Startup Cost": 8.27, "Total Cost": 12.3, "Plan Rows": 1, "Plan Width": 4, "Filter": "((kind)::text = 'production companies'::text)", "Plans": [{"Node Type": "Bitmap Index Scan", "Parent Relationship": "Outer", "Index Name": "company_type_pkey", "Startup Cost": 0.0, "Total Cost": 8.27, "Plan Rows": 3, "Plan Width": 0}]}, {"Node Type": "Bitmap Heap Scan", "Parent Relationship": "Inner", "Relation Name": "movie_companies", "Alias": "mc", "Startup Cost": 28944.86, "Total Cost": 67500.74, "Plan Rows": 1540, "Plan Width": 8, "Recheck Cond": "(company_type_id = ct.id)", "Filter": "(((note)::text ~~ '%(theatrical)%'::text) AND ((note)::text ~~ '%(France)%'::text))", "Plans": [{"Node Type": "Bitmap Index Scan", "Parent Relationship": "Outer", "Index Name": "company_type_id_movie_companies", "Startup Cost": 0.0, "Total Cost": 28944.48, "Plan Rows": 1304564, "Plan Width": 0, "Index Cond": "(company_type_id = ct.id)"}]}]}, {"Node Type": "Bitmap Heap Scan", "Parent Relationship": "Inner", "Relation Name": "title", "Alias": "t", "Startup Cost": 3.69, "Total Cost": 7.7, "Plan Rows": 1, "Plan Width": 21, "Recheck Cond": "(id = mc.movie_id)", "Filter": "(production_year > 2005)", "Plans": [{"Node Type": "Bitmap Index Scan", "Parent Relationship": "Outer", "Index Name": "title_pkey", "Startup Cost": 0.0, "Total Cost": 3.69, "Plan Rows": 1, "Plan Width": 0, "Index Cond": "(id = mc.movie_id)"}]}]}, {"Node Type": "Bitmap Heap Scan", "Parent Relationship": "Inner", "Relation Name": "movie_info", "Alias": "mi", "Startup Cost": 0.51, "Total Cost": 4.62, "Plan Rows": 1, "Plan Width": 8, "Recheck Cond": "(movie_id = t.id)", "Filter": "((info)::text = ANY ('{Sweden,Norway,Germany,Denmark,Swedish,Denish,Norwegian,German}'::text[]))", "Plans": [{"Node Type": "Bitmap Index Scan", "Parent Relationship": "Outer", "Index Name": "movie_id_movie_info", "Startup Cost": 0.0, "Total Cost": 0.51, "Plan Rows": 5, "Plan Width": 0, "Index Cond": "(movie_id = t.id)"}]}]}, {"Node Type": "Hash", "Parent Relationship": "Inner", "Startup Cost": 13.96, "Total Cost": 13.96, "Plan Rows": 112, "Plan Width": 4, "Plans": [{"Node Type": "Bitmap Heap Scan", "Parent Relationship": "Outer", "Relation Name": "info_type", "Alias": "it", "Startup Cost": 8.84, "Total Cost": 13.96, "Plan Rows": 112, "Plan Width": 4, "Plans": [{"Node Type": "Bitmap Index Scan", "Parent Relationship": "Outer", "Index Name": "info_type_pkey", "Startup Cost": 0.0, "Total Cost": 8.81, "Plan Rows": 112, "Plan Width": 0}]}]}]}]}, "Unique SQL Id": 2510907716, "Planner Runtime": 8}, "explain_analyze_plan": null}, "(16, '68')": {"explain_plan": {"Plan": {"Node Type": "Aggregate", "Strategy": "Plain", "Startup Cost": 32453.79, "Total Cost": 32453.8, "Plan Rows": 1, "Plan Width": 49, "Plans": [{"Node Type": "Hash Join", "Parent Relationship": "Outer", "Join Type": "Inner", "Startup Cost": 4.57, "Total Cost": 32448.99, "Plan Rows": 1919, "Plan Width": 17, "Inner Unique": true, "Hash Cond": "(mi.info_type_id = it.id)", "Plans": [{"Node Type": "Nested Loop", "Parent Relationship": "Outer", "Join Type": "Inner", "Startup Cost": 1.05, "Total Cost": 32420.14, "Plan Rows": 1919, "Plan Width": 21, "Inner Unique": false, "Plans": [{"Node Type": "Nested Loop", "Parent Relationship": "Outer", "Join Type": "Inner", "Startup Cost": 1.05, "Total Cost": 30140.85, "Plan Rows": 1869, "Plan Width": 25, "Inner Unique": true, "Plans": [{"Node Type": "Hash Join", "Parent Relationship": "Outer", "Join Type": "Inner", "Startup Cost": 1.05, "Total Cost": 18523.43, "Plan Rows": 1540, "Plan Width": 4, "Inner Unique": true, "Hash Cond": "(mc.company_type_id = ct.id)", "Plans": [{"Node Type": "Streaming(type: LOCAL GATHER dop: 1/16)", "Parent Relationship": "Outer", "Startup Cost": 0.0, "Total Cost": 18495.43, "Plan Rows": 3081, "Plan Width": 8, "Plans": [{"Node Type": "Seq Scan", "Parent Relationship": "Outer", "Relation Name": "movie_companies", "Alias": "mc", "Startup Cost": 0.0, "Total Cost": 18428.93, "Plan Rows": 3081, "Plan Width": 8, "Filter": "(((note)::text ~~ '%(theatrical)%'::text) AND ((note)::text ~~ '%(France)%'::text))"}]}, {"Node Type": "Hash", "Parent Relationship": "Inner", "Startup Cost": 1.04, "Total Cost": 1.04, "Plan Rows": 1, "Plan Width": 4, "Plans": [{"Node Type": "Seq Scan", "Parent Relationship": "Outer", "Relation Name": "company_type", "Alias": "ct", "Startup Cost": 0.0, "Total Cost": 1.04, "Plan Rows": 1, "Plan Width": 4, "Filter": "((kind)::text = 'production companies'::text)"}]}]}, {"Node Type": "Index Scan", "Parent Relationship": "Inner", "Scan Direction": "Forward", "Index Name": "title_pkey", "Relation Name": "title", "Alias": "t", "Startup Cost": 0.0, "Total Cost": 7.53, "Plan Rows": 1, "Plan Width": 21, "Index Cond": "(id = mc.movie_id)", "Filter": "(production_year > 2005)"}]}, {"Node Type": "Index Scan", "Parent Relationship": "Inner", "Scan Direction": "Forward", "Index Name": "movie_id_movie_info", "Relation Name": "movie_info", "Alias": "mi", "Startup Cost": 0.0, "Total Cost": 1.21, "Plan Rows": 1, "Plan Width": 8, "Index Cond": "(movie_id = t.id)", "Filter": "((info)::text = ANY ('{Sweden,Norway,Germany,Denmark,Swedish,Denish,Norwegian,German}'::text[]))"}]}, {"Node Type": "Hash", "Parent Relationship": "Inner", "Startup Cost": 2.12, "Total Cost": 2.12, "Plan Rows": 112, "Plan Width": 4, "Plans": [{"Node Type": "Seq Scan", "Parent Relationship": "Outer", "Relation Name": "info_type", "Alias": "it", "Startup Cost": 0.0, "Total Cost": 2.12, "Plan Rows": 112, "Plan Width": 4}]}]}]}, "Unique SQL Id": 2510907716, "Planner Runtime": 13}, "explain_analyze_plan": {"Plan": {"Node Type": "Aggregate", "Strategy": "Plain", "Startup Cost": 32453.79, "Total Cost": 32453.8, "Plan Rows": 1, "Plan Width": 49, "Actual Min Startup Time": 87.356, "Actual Max Startup Time": 87.356, "Actual Min Total Time": 87.357, "Actual Max Total Time": 87.357, "Plans": [{"Node Type": "Hash Join", "Parent Relationship": "Outer", "Join Type": "Inner", "Startup Cost": 4.57, "Total Cost": 32448.99, "Plan Rows": 1919, "Plan Width": 17, "Actual Min Startup Time": 87.345, "Actual Max Startup Time": 87.345, "Actual Min Total Time": 87.345, "Actual Max Total Time": 87.345, "Inner Unique": true, "Hash Cond": "(mi.info_type_id = it.id)", "Plans": [{"Node Type": "Nested Loop", "Parent Relationship": "Outer", "Join Type": "Inner", "Startup Cost": 1.05, "Total Cost": 32420.14, "Plan Rows": 1919, "Plan Width": 21, "Actual Min Startup Time": 87.2, "Actual Max Startup Time": 87.2, "Actual Min Total Time": 87.2, "Actual Max Total Time": 87.2, "Inner Unique": false, "Plans": [{"Node Type": "Nested Loop", "Parent Relationship": "Outer", "Join Type": "Inner", "Startup Cost": 1.05, "Total Cost": 30140.85, "Plan Rows": 1869, "Plan Width": 25, "Actual Min Startup Time": 87.199, "Actual Max Startup Time": 87.199, "Actual Min Total Time": 87.199, "Actual Max Total Time": 87.199, "Inner Unique": true, "Plans": [{"Node Type": "Hash Join", "Parent Relationship": "Outer", "Join Type": "Inner", "Startup Cost": 1.05, "Total Cost": 18523.43, "Plan Rows": 1540, "Plan Width": 4, "Actual Min Startup Time": 87.155, "Actual Max Startup Time": 87.155, "Actual Min Total Time": 87.155, "Actual Max Total Time": 87.155, "Inner Unique": true, "Hash Cond": "(mc.company_type_id = ct.id)", "Plans": [{"Node Type": "Streaming(type: LOCAL GATHER dop: 1/16)", "Parent Relationship": "Outer", "Startup Cost": 0.0, "Total Cost": 18495.43, "Plan Rows": 3081, "Plan Width": 8, "Actual Min Startup Time": 28.124, "Actual Max Startup Time": 28.124, "Actual Min Total Time": 83.287, "Actual Max Total Time": 83.287, "Plans": [{"Node Type": "Seq Scan", "Parent Relationship": "Outer", "Relation Name": "movie_companies", "Alias": "mc", "Startup Cost": 0.0, "Total Cost": 18428.93, "Plan Rows": 3081, "Plan Width": 8, "Actual Min Startup Time": 0.903, "Actual Max Startup Time": 12.83, "Actual Min Total Time": 60.222, "Actual Max Total Time": 66.5, "Filter": "(((note)::text ~~ '%(theatrical)%'::text) AND ((note)::text ~~ '%(France)%'::text))", "Rows Removed by Filter": 2585103, "Actual Rows": 24025}], "Actual Rows": 24025}, {"Node Type": "Hash", "Parent Relationship": "Inner", "Startup Cost": 1.04, "Total Cost": 1.04, "Plan Rows": 1, "Plan Width": 4, "Actual Min Startup Time": 0.029, "Actual Max Startup Time": 0.029, "Actual Min Total Time": 0.029, "Actual Max Total Time": 0.029, "Max Hash Buckets": 32768, "Min Hash Buckets": 32768, "Max Hash Batches": 1, "Min Hash Batches": 1, "Max Original Hash Batches": 1, "Min Original Hash Batches": 1, "Max Peak Memory Usage": 1, "min Peak Memory Usage": 1, "Plans": [{"Node Type": "Seq Scan", "Parent Relationship": "Outer", "Relation Name": "company_type", "Alias": "ct", "Startup Cost": 0.0, "Total Cost": 1.04, "Plan Rows": 1, "Plan Width": 4, "Actual Min Startup Time": 0.022, "Actual Max Startup Time": 0.022, "Actual Min Total Time": 0.023, "Actual Max Total Time": 0.023, "Filter": "((kind)::text = 'production companies'::text)", "Rows Removed by Filter": 2, "Actual Rows": 1}], "Actual Rows": 1}], "Actual Rows": 0}, {"Node Type": "Index Scan", "Parent Relationship": "Inner", "Scan Direction": "Forward", "Index Name": "title_pkey", "Relation Name": "title", "Alias": "t", "Startup Cost": 0.0, "Total Cost": 7.53, "Plan Rows": 1, "Plan Width": 21, "Actual Startup Time": 0.0, "Actual Total Time": 0.0, "Index Cond": "(id = mc.movie_id)", "Rows Removed by Index Recheck": 0, "Filter": "(production_year > 2005)", "Rows Removed by Filter": 0}], "Actual Rows": 0}, {"Node Type": "Index Scan", "Parent Relationship": "Inner", "Scan Direction": "Forward", "Index Name": "movie_id_movie_info", "Relation Name": "movie_info", "Alias": "mi", "Startup Cost": 0.0, "Total Cost": 1.21, "Plan Rows": 1, "Plan Width": 8, "Actual Startup Time": 0.0, "Actual Total Time": 0.0, "Index Cond": "(movie_id = t.id)", "Rows Removed by Index Recheck": 0, "Filter": "((info)::text = ANY ('{Sweden,Norway,Germany,Denmark,Swedish,Denish,Norwegian,German}'::text[]))", "Rows Removed by Filter": 0}], "Actual Rows": 0}, {"Node Type": "Hash", "Parent Relationship": "Inner", "Startup Cost": 2.12, "Total Cost": 2.12, "Plan Rows": 112, "Plan Width": 4, "Actual Min Startup Time": 0.095, "Actual Max Startup Time": 0.095, "Actual Min Total Time": 0.095, "Actual Max Total Time": 0.095, "Max Hash Buckets": 32768, "Min Hash Buckets": 32768, "Max Hash Batches": 1, "Min Hash Batches": 1, "Max Original Hash Batches": 1, "Min Original Hash Batches": 1, "Max Peak Memory Usage": 4, "min Peak Memory Usage": 4, "Plans": [{"Node Type": "Seq Scan", "Parent Relationship": "Outer", "Relation Name": "info_type", "Alias": "it", "Startup Cost": 0.0, "Total Cost": 2.12, "Plan Rows": 112, "Plan Width": 4, "Actual Min Startup Time": 0.029, "Actual Max Startup Time": 0.029, "Actual Min Total Time": 0.05, "Actual Max Total Time": 0.05, "Actual Rows": 112}], "Actual Rows": 112}], "Actual Rows": 0}], "Actual Rows": 1}, "Triggers": [], "Planner Runtime": 13.375, "Total Runtime": 89.905, "Unique SQL Id": 2510907716}}, "(16, '69')": {"explain_plan": {"Plan": {"Node Type": "Aggregate", "Strategy": "Plain", "Startup Cost": 99924.82, "Total Cost": 99924.83, "Plan Rows": 1, "Plan Width": 49, "Plans": [{"Node Type": "Nested Loop", "Parent Relationship": "Outer", "Join Type": "Inner", "Startup Cost": 0.0, "Total Cost": 99920.02, "Plan Rows": 1919, "Plan Width": 17, "Inner Unique": true, "Plans": [{"Node Type": "Nested Loop", "Parent Relationship": "Outer", "Join Type": "Inner", "Startup Cost": 0.0, "Total Cost": 99382.54, "Plan Rows": 1919, "Plan Width": 21, "Inner Unique": false, "Plans": [{"Node Type": "Nested Loop", "Parent Relationship": "Outer", "Join Type": "Inner", "Startup Cost": 0.0, "Total Cost": 97103.24, "Plan Rows": 1869, "Plan Width": 25, "Inner Unique": true, "Plans": [{"Node Type": "Nested Loop", "Parent Relationship": "Outer", "Join Type": "Inner", "Startup Cost": 0.0, "Total Cost": 85485.82, "Plan Rows": 1540, "Plan Width": 4, "Inner Unique": true, "Plans": [{"Node Type": "Streaming(type: LOCAL GATHER dop: 1/16)", "Parent Relationship": "Outer", "Startup Cost": 0.0, "Total Cost": 84603.44, "Plan Rows": 3081, "Plan Width": 8, "Plans": [{"Node Type": "Index Scan", "Parent Relationship": "Outer", "Scan Direction": "Forward", "Index Name": "company_type_id_movie_companies", "Relation Name": "movie_companies", "Alias": "mc", "Startup Cost": 0.0, "Total Cost": 84536.95, "Plan Rows": 3081, "Plan Width": 8, "Filter": "(((note)::text ~~ '%(theatrical)%'::text) AND ((note)::text ~~ '%(France)%'::text))"}]}, {"Node Type": "Index Scan", "Parent Relationship": "Inner", "Scan Direction": "Forward", "Index Name": "company_type_pkey", "Relation Name": "company_type", "Alias": "ct", "Startup Cost": 0.0, "Total Cost": 0.28, "Plan Rows": 1, "Plan Width": 4, "Index Cond": "(id = mc.company_type_id)", "Filter": "((kind)::text = 'production companies'::text)"}]}, {"Node Type": "Index Scan", "Parent Relationship": "Inner", "Scan Direction": "Forward", "Index Name": "title_pkey", "Relation Name": "title", "Alias": "t", "Startup Cost": 0.0, "Total Cost": 7.53, "Plan Rows": 1, "Plan Width": 21, "Index Cond": "(id = mc.movie_id)", "Filter": "(production_year > 2005)"}]}, {"Node Type": "Index Scan", "Parent Relationship": "Inner", "Scan Direction": "Forward", "Index Name": "movie_id_movie_info", "Relation Name": "movie_info", "Alias": "mi", "Startup Cost": 0.0, "Total Cost": 1.21, "Plan Rows": 1, "Plan Width": 8, "Index Cond": "(movie_id = t.id)", "Filter": "((info)::text = ANY ('{Sweden,Norway,Germany,Denmark,Swedish,Denish,Norwegian,German}'::text[]))"}]}, {"Node Type": "Index Scan", "Parent Relationship": "Inner", "Scan Direction": "Forward", "Index Name": "info_type_pkey", "Relation Name": "info_type", "Alias": "it", "Startup Cost": 0.0, "Total Cost": 0.27, "Plan Rows": 1, "Plan Width": 4, "Index Cond": "(id = mi.info_type_id)"}]}]}, "Unique SQL Id": 2510907716, "Planner Runtime": 9}, "explain_analyze_plan": {"Plan": {"Node Type": "Aggregate", "Strategy": "Plain", "Startup Cost": 99924.82, "Total Cost": 99924.83, "Plan Rows": 1, "Plan Width": 49, "Actual Min Startup Time": 171.722, "Actual Max Startup Time": 171.722, "Actual Min Total Time": 171.723, "Actual Max Total Time": 171.723, "Plans": [{"Node Type": "Nested Loop", "Parent Relationship": "Outer", "Join Type": "Inner", "Startup Cost": 0.0, "Total Cost": 99920.02, "Plan Rows": 1919, "Plan Width": 17, "Actual Min Startup Time": 171.712, "Actual Max Startup Time": 171.712, "Actual Min Total Time": 171.712, "Actual Max Total Time": 171.712, "Inner Unique": true, "Plans": [{"Node Type": "Nested Loop", "Parent Relationship": "Outer", "Join Type": "Inner", "Startup Cost": 0.0, "Total Cost": 99382.54, "Plan Rows": 1919, "Plan Width": 21, "Actual Min Startup Time": 171.71, "Actual Max Startup Time": 171.71, "Actual Min Total Time": 171.71, "Actual Max Total Time": 171.71, "Inner Unique": false, "Plans": [{"Node Type": "Nested Loop", "Parent Relationship": "Outer", "Join Type": "Inner", "Startup Cost": 0.0, "Total Cost": 97103.24, "Plan Rows": 1869, "Plan Width": 25, "Actual Min Startup Time": 171.709, "Actual Max Startup Time": 171.709, "Actual Min Total Time": 171.709, "Actual Max Total Time": 171.709, "Inner Unique": true, "Plans": [{"Node Type": "Nested Loop", "Parent Relationship": "Outer", "Join Type": "Inner", "Startup Cost": 0.0, "Total Cost": 85485.82, "Plan Rows": 1540, "Plan Width": 4, "Actual Min Startup Time": 171.708, "Actual Max Startup Time": 171.708, "Actual Min Total Time": 171.708, "Actual Max Total Time": 171.708, "Inner Unique": true, "Plans": [{"Node Type": "Streaming(type: LOCAL GATHER dop: 1/16)", "Parent Relationship": "Outer", "Startup Cost": 0.0, "Total Cost": 84603.44, "Plan Rows": 3081, "Plan Width": 8, "Actual Min Startup Time": 33.273, "Actual Max Startup Time": 33.273, "Actual Min Total Time": 149.186, "Actual Max Total Time": 149.186, "Plans": [{"Node Type": "Index Scan", "Parent Relationship": "Outer", "Scan Direction": "Forward", "Index Name": "company_type_id_movie_companies", "Relation Name": "movie_companies", "Alias": "mc", "Startup Cost": 0.0, "Total Cost": 84536.95, "Plan Rows": 3081, "Plan Width": 8, "Actual Min Startup Time": 16.976, "Actual Max Startup Time": 89.132, "Actual Min Total Time": 87.097, "Actual Max Total Time": 151.54, "Filter": "(((note)::text ~~ '%(theatrical)%'::text) AND ((note)::text ~~ '%(France)%'::text))", "Rows Removed by Filter": 2585103, "Actual Rows": 24025}], "Actual Rows": 24025}, {"Node Type": "Index Scan", "Parent Relationship": "Inner", "Scan Direction": "Forward", "Index Name": "company_type_pkey", "Relation Name": "company_type", "Alias": "ct", "Startup Cost": 0.0, "Total Cost": 0.28, "Plan Rows": 1, "Plan Width": 4, "Actual Min Startup Time": 14.286, "Actual Max Startup Time": 14.286, "Actual Min Total Time": 14.286, "Actual Max Total Time": 14.286, "Index Cond": "(id = mc.company_type_id)", "Rows Removed by Index Recheck": 0, "Filter": "((kind)::text = 'production companies'::text)", "Rows Removed by Filter": 0, "Actual Rows": 0}], "Actual Rows": 0}, {"Node Type": "Index Scan", "Parent Relationship": "Inner", "Scan Direction": "Forward", "Index Name": "title_pkey", "Relation Name": "title", "Alias": "t", "Startup Cost": 0.0, "Total Cost": 7.53, "Plan Rows": 1, "Plan Width": 21, "Actual Startup Time": 0.0, "Actual Total Time": 0.0, "Index Cond": "(id = mc.movie_id)", "Rows Removed by Index Recheck": 0, "Filter": "(production_year > 2005)", "Rows Removed by Filter": 0}], "Actual Rows": 0}, {"Node Type": "Index Scan", "Parent Relationship": "Inner", "Scan Direction": "Forward", "Index Name": "movie_id_movie_info", "Relation Name": "movie_info", "Alias": "mi", "Startup Cost": 0.0, "Total Cost": 1.21, "Plan Rows": 1, "Plan Width": 8, "Actual Startup Time": 0.0, "Actual Total Time": 0.0, "Index Cond": "(movie_id = t.id)", "Rows Removed by Index Recheck": 0, "Filter": "((info)::text = ANY ('{Sweden,Norway,Germany,Denmark,Swedish,Denish,Norwegian,German}'::text[]))", "Rows Removed by Filter": 0}], "Actual Rows": 0}, {"Node Type": "Index Scan", "Parent Relationship": "Inner", "Scan Direction": "Forward", "Index Name": "info_type_pkey", "Relation Name": "info_type", "Alias": "it", "Startup Cost": 0.0, "Total Cost": 0.27, "Plan Rows": 1, "Plan Width": 4, "Actual Startup Time": 0.0, "Actual Total Time": 0.0, "Index Cond": "(id = mi.info_type_id)", "Rows Removed by Index Recheck": 0}], "Actual Rows": 0}], "Actual Rows": 1}, "Triggers": [], "Planner Runtime": 9.179, "Total Runtime": 174.166, "Unique SQL Id": 2510907716}}, "(16, '70')": {"explain_plan": {"Plan": {"Node Type": "Aggregate", "Strategy": "Plain", "Startup Cost": 39096.72, "Total Cost": 39096.73, "Plan Rows": 1, "Plan Width": 49, "Plans": [{"Node Type": "Hash Join", "Parent Relationship": "Outer", "Join Type": "Inner", "Startup Cost": 8.77, "Total Cost": 39091.92, "Plan Rows": 1919, "Plan Width": 17, "Inner Unique": true, "Hash Cond": "(mi.info_type_id = it.id)", "Plans": [{"Node Type": "Nested Loop", "Parent Relationship": "Outer", "Join Type": "Inner", "Startup Cost": 5.25, "Total Cost": 39063.07, "Plan Rows": 1919, "Plan Width": 21, "Inner Unique": false, "Plans": [{"Node Type": "Nested Loop", "Parent Relationship": "Outer", "Join Type": "Inner", "Startup Cost": 4.74, "Total Cost": 30401.15, "Plan Rows": 1869, "Plan Width": 25, "Inner Unique": true, "Plans": [{"Node Type": "Hash Join", "Parent Relationship": "Outer", "Join Type": "Inner", "Startup Cost": 1.05, "Total Cost": 18523.43, "Plan Rows": 1540, "Plan Width": 4, "Inner Unique": true, "Hash Cond": "(mc.company_type_id = ct.id)", "Plans": [{"Node Type": "Streaming(type: LOCAL GATHER dop: 1/16)", "Parent Relationship": "Outer", "Startup Cost": 0.0, "Total Cost": 18495.43, "Plan Rows": 3081, "Plan Width": 8, "Plans": [{"Node Type": "Seq Scan", "Parent Relationship": "Outer", "Relation Name": "movie_companies", "Alias": "mc", "Startup Cost": 0.0, "Total Cost": 18428.93, "Plan Rows": 3081, "Plan Width": 8, "Filter": "(((note)::text ~~ '%(theatrical)%'::text) AND ((note)::text ~~ '%(France)%'::text))"}]}, {"Node Type": "Hash", "Parent Relationship": "Inner", "Startup Cost": 1.04, "Total Cost": 1.04, "Plan Rows": 1, "Plan Width": 4, "Plans": [{"Node Type": "Seq Scan", "Parent Relationship": "Outer", "Relation Name": "company_type", "Alias": "ct", "Startup Cost": 0.0, "Total Cost": 1.04, "Plan Rows": 1, "Plan Width": 4, "Filter": "((kind)::text = 'production companies'::text)"}]}]}, {"Node Type": "Bitmap Heap Scan", "Parent Relationship": "Inner", "Relation Name": "title", "Alias": "t", "Startup Cost": 3.69, "Total Cost": 7.7, "Plan Rows": 1, "Plan Width": 21, "Recheck Cond": "(id = mc.movie_id)", "Filter": "(production_year > 2005)", "Plans": [{"Node Type": "Bitmap Index Scan", "Parent Relationship": "Outer", "Index Name": "title_pkey", "Startup Cost": 0.0, "Total Cost": 3.69, "Plan Rows": 1, "Plan Width": 0, "Index Cond": "(id = mc.movie_id)"}]}]}, {"Node Type": "Bitmap Heap Scan", "Parent Relationship": "Inner", "Relation Name": "movie_info", "Alias": "mi", "Startup Cost": 0.51, "Total Cost": 4.62, "Plan Rows": 1, "Plan Width": 8, "Recheck Cond": "(movie_id = t.id)", "Filter": "((info)::text = ANY ('{Sweden,Norway,Germany,Denmark,Swedish,Denish,Norwegian,German}'::text[]))", "Plans": [{"Node Type": "Bitmap Index Scan", "Parent Relationship": "Outer", "Index Name": "movie_id_movie_info", "Startup Cost": 0.0, "Total Cost": 0.51, "Plan Rows": 5, "Plan Width": 0, "Index Cond": "(movie_id = t.id)"}]}]}, {"Node Type": "Hash", "Parent Relationship": "Inner", "Startup Cost": 2.12, "Total Cost": 2.12, "Plan Rows": 112, "Plan Width": 4, "Plans": [{"Node Type": "Seq Scan", "Parent Relationship": "Outer", "Relation Name": "info_type", "Alias": "it", "Startup Cost": 0.0, "Total Cost": 2.12, "Plan Rows": 112, "Plan Width": 4}]}]}]}, "Unique SQL Id": 2510907716, "Planner Runtime": 14}, "explain_analyze_plan": {"Plan": {"Node Type": "Aggregate", "Strategy": "Plain", "Startup Cost": 39096.72, "Total Cost": 39096.73, "Plan Rows": 1, "Plan Width": 49, "Actual Min Startup Time": 86.264, "Actual Max Startup Time": 86.264, "Actual Min Total Time": 86.265, "Actual Max Total Time": 86.265, "Plans": [{"Node Type": "Hash Join", "Parent Relationship": "Outer", "Join Type": "Inner", "Startup Cost": 8.77, "Total Cost": 39091.92, "Plan Rows": 1919, "Plan Width": 17, "Actual Min Startup Time": 86.253, "Actual Max Startup Time": 86.253, "Actual Min Total Time": 86.253, "Actual Max Total Time": 86.253, "Inner Unique": true, "Hash Cond": "(mi.info_type_id = it.id)", "Plans": [{"Node Type": "Nested Loop", "Parent Relationship": "Outer", "Join Type": "Inner", "Startup Cost": 5.25, "Total Cost": 39063.07, "Plan Rows": 1919, "Plan Width": 21, "Actual Min Startup Time": 86.1, "Actual Max Startup Time": 86.1, "Actual Min Total Time": 86.1, "Actual Max Total Time": 86.1, "Inner Unique": false, "Plans": [{"Node Type": "Nested Loop", "Parent Relationship": "Outer", "Join Type": "Inner", "Startup Cost": 4.74, "Total Cost": 30401.15, "Plan Rows": 1869, "Plan Width": 25, "Actual Min Startup Time": 86.098, "Actual Max Startup Time": 86.098, "Actual Min Total Time": 86.098, "Actual Max Total Time": 86.098, "Inner Unique": true, "Plans": [{"Node Type": "Hash Join", "Parent Relationship": "Outer", "Join Type": "Inner", "Startup Cost": 1.05, "Total Cost": 18523.43, "Plan Rows": 1540, "Plan Width": 4, "Actual Min Startup Time": 86.054, "Actual Max Startup Time": 86.054, "Actual Min Total Time": 86.054, "Actual Max Total Time": 86.054, "Inner Unique": true, "Hash Cond": "(mc.company_type_id = ct.id)", "Plans": [{"Node Type": "Streaming(type: LOCAL GATHER dop: 1/16)", "Parent Relationship": "Outer", "Startup Cost": 0.0, "Total Cost": 18495.43, "Plan Rows": 3081, "Plan Width": 8, "Actual Min Startup Time": 27.742, "Actual Max Startup Time": 27.742, "Actual Min Total Time": 82.222, "Actual Max Total Time": 82.222, "Plans": [{"Node Type": "Seq Scan", "Parent Relationship": "Outer", "Relation Name": "movie_companies", "Alias": "mc", "Startup Cost": 0.0, "Total Cost": 18428.93, "Plan Rows": 3081, "Plan Width": 8, "Actual Min Startup Time": 0.907, "Actual Max Startup Time": 12.845, "Actual Min Total Time": 60.208, "Actual Max Total Time": 66.493, "Filter": "(((note)::text ~~ '%(theatrical)%'::text) AND ((note)::text ~~ '%(France)%'::text))", "Rows Removed by Filter": 2585103, "Actual Rows": 24025}], "Actual Rows": 24025}, {"Node Type": "Hash", "Parent Relationship": "Inner", "Startup Cost": 1.04, "Total Cost": 1.04, "Plan Rows": 1, "Plan Width": 4, "Actual Min Startup Time": 0.021, "Actual Max Startup Time": 0.021, "Actual Min Total Time": 0.021, "Actual Max Total Time": 0.021, "Max Hash Buckets": 32768, "Min Hash Buckets": 32768, "Max Hash Batches": 1, "Min Hash Batches": 1, "Max Original Hash Batches": 1, "Min Original Hash Batches": 1, "Max Peak Memory Usage": 1, "min Peak Memory Usage": 1, "Plans": [{"Node Type": "Seq Scan", "Parent Relationship": "Outer", "Relation Name": "company_type", "Alias": "ct", "Startup Cost": 0.0, "Total Cost": 1.04, "Plan Rows": 1, "Plan Width": 4, "Actual Min Startup Time": 0.016, "Actual Max Startup Time": 0.016, "Actual Min Total Time": 0.018, "Actual Max Total Time": 0.018, "Filter": "((kind)::text = 'production companies'::text)", "Rows Removed by Filter": 2, "Actual Rows": 1}], "Actual Rows": 1}], "Actual Rows": 0}, {"Node Type": "Bitmap Heap Scan", "Parent Relationship": "Inner", "Relation Name": "title", "Alias": "t", "Startup Cost": 3.69, "Total Cost": 7.7, "Plan Rows": 1, "Plan Width": 21, "Actual Startup Time": 0.0, "Actual Total Time": 0.0, "Recheck Cond": "(id = mc.movie_id)", "Rows Removed by Index Recheck": 0, "Filter": "(production_year > 2005)", "Rows Removed by Filter": 0, "Exact Heap Blocks": 0, "Lossy Heap Blocks": 0, "Plans": [{"Node Type": "Bitmap Index Scan", "Parent Relationship": "Outer", "Index Name": "title_pkey", "Startup Cost": 0.0, "Total Cost": 3.69, "Plan Rows": 1, "Plan Width": 0, "Actual Startup Time": 0.0, "Actual Total Time": 0.0, "Index Cond": "(id = mc.movie_id)"}]}], "Actual Rows": 0}, {"Node Type": "Bitmap Heap Scan", "Parent Relationship": "Inner", "Relation Name": "movie_info", "Alias": "mi", "Startup Cost": 0.51, "Total Cost": 4.62, "Plan Rows": 1, "Plan Width": 8, "Actual Startup Time": 0.0, "Actual Total Time": 0.0, "Recheck Cond": "(movie_id = t.id)", "Rows Removed by Index Recheck": 0, "Filter": "((info)::text = ANY ('{Sweden,Norway,Germany,Denmark,Swedish,Denish,Norwegian,German}'::text[]))", "Rows Removed by Filter": 0, "Exact Heap Blocks": 0, "Lossy Heap Blocks": 0, "Plans": [{"Node Type": "Bitmap Index Scan", "Parent Relationship": "Outer", "Index Name": "movie_id_movie_info", "Startup Cost": 0.0, "Total Cost": 0.51, "Plan Rows": 5, "Plan Width": 0, "Actual Startup Time": 0.0, "Actual Total Time": 0.0, "Index Cond": "(movie_id = t.id)"}]}], "Actual Rows": 0}, {"Node Type": "Hash", "Parent Relationship": "Inner", "Startup Cost": 2.12, "Total Cost": 2.12, "Plan Rows": 112, "Plan Width": 4, "Actual Min Startup Time": 0.104, "Actual Max Startup Time": 0.104, "Actual Min Total Time": 0.104, "Actual Max Total Time": 0.104, "Max Hash Buckets": 32768, "Min Hash Buckets": 32768, "Max Hash Batches": 1, "Min Hash Batches": 1, "Max Original Hash Batches": 1, "Min Original Hash Batches": 1, "Max Peak Memory Usage": 4, "min Peak Memory Usage": 4, "Plans": [{"Node Type": "Seq Scan", "Parent Relationship": "Outer", "Relation Name": "info_type", "Alias": "it", "Startup Cost": 0.0, "Total Cost": 2.12, "Plan Rows": 112, "Plan Width": 4, "Actual Min Startup Time": 0.033, "Actual Max Startup Time": 0.033, "Actual Min Total Time": 0.054, "Actual Max Total Time": 0.054, "Actual Rows": 112}], "Actual Rows": 112}], "Actual Rows": 0}], "Actual Rows": 1}, "Triggers": [], "Planner Runtime": 13.99, "Total Runtime": 88.746, "Unique SQL Id": 2510907716}}, "(16, '71')": {"explain_plan": {"Plan": {"Node Type": "Aggregate", "Strategy": "Plain", "Startup Cost": 88113.56, "Total Cost": 88113.57, "Plan Rows": 1, "Plan Width": 49, "Plans": [{"Node Type": "Hash Join", "Parent Relationship": "Outer", "Join Type": "Inner", "Startup Cost": 28972.69, "Total Cost": 88108.77, "Plan Rows": 1919, "Plan Width": 17, "Inner Unique": true, "Hash Cond": "(mi.info_type_id = it.id)", "Plans": [{"Node Type": "Nested Loop", "Parent Relationship": "Outer", "Join Type": "Inner", "Startup Cost": 28957.33, "Total Cost": 88068.08, "Plan Rows": 1919, "Plan Width": 21, "Inner Unique": false, "Plans": [{"Node Type": "Nested Loop", "Parent Relationship": "Outer", "Join Type": "Inner", "Startup Cost": 28956.82, "Total Cost": 79406.16, "Plan Rows": 1869, "Plan Width": 25, "Inner Unique": true, "Plans": [{"Node Type": "Nested Loop", "Parent Relationship": "Outer", "Join Type": "Inner", "Startup Cost": 28953.13, "Total Cost": 67528.44, "Plan Rows": 1540, "Plan Width": 4, "Inner Unique": false, "Plans": [{"Node Type": "Bitmap Heap Scan", "Parent Relationship": "Outer", "Relation Name": "company_type", "Alias": "ct", "Startup Cost": 8.27, "Total Cost": 12.3, "Plan Rows": 1, "Plan Width": 4, "Filter": "((kind)::text = 'production companies'::text)", "Plans": [{"Node Type": "Bitmap Index Scan", "Parent Relationship": "Outer", "Index Name": "company_type_pkey", "Startup Cost": 0.0, "Total Cost": 8.27, "Plan Rows": 3, "Plan Width": 0}]}, {"Node Type": "Bitmap Heap Scan", "Parent Relationship": "Inner", "Relation Name": "movie_companies", "Alias": "mc", "Startup Cost": 28944.86, "Total Cost": 67500.74, "Plan Rows": 1540, "Plan Width": 8, "Recheck Cond": "(company_type_id = ct.id)", "Filter": "(((note)::text ~~ '%(theatrical)%'::text) AND ((note)::text ~~ '%(France)%'::text))", "Plans": [{"Node Type": "Bitmap Index Scan", "Parent Relationship": "Outer", "Index Name": "company_type_id_movie_companies", "Startup Cost": 0.0, "Total Cost": 28944.48, "Plan Rows": 1304564, "Plan Width": 0, "Index Cond": "(company_type_id = ct.id)"}]}]}, {"Node Type": "Bitmap Heap Scan", "Parent Relationship": "Inner", "Relation Name": "title", "Alias": "t", "Startup Cost": 3.69, "Total Cost": 7.7, "Plan Rows": 1, "Plan Width": 21, "Recheck Cond": "(id = mc.movie_id)", "Filter": "(production_year > 2005)", "Plans": [{"Node Type": "Bitmap Index Scan", "Parent Relationship": "Outer", "Index Name": "title_pkey", "Startup Cost": 0.0, "Total Cost": 3.69, "Plan Rows": 1, "Plan Width": 0, "Index Cond": "(id = mc.movie_id)"}]}]}, {"Node Type": "Bitmap Heap Scan", "Parent Relationship": "Inner", "Relation Name": "movie_info", "Alias": "mi", "Startup Cost": 0.51, "Total Cost": 4.62, "Plan Rows": 1, "Plan Width": 8, "Recheck Cond": "(movie_id = t.id)", "Filter": "((info)::text = ANY ('{Sweden,Norway,Germany,Denmark,Swedish,Denish,Norwegian,German}'::text[]))", "Plans": [{"Node Type": "Bitmap Index Scan", "Parent Relationship": "Outer", "Index Name": "movie_id_movie_info", "Startup Cost": 0.0, "Total Cost": 0.51, "Plan Rows": 5, "Plan Width": 0, "Index Cond": "(movie_id = t.id)"}]}]}, {"Node Type": "Hash", "Parent Relationship": "Inner", "Startup Cost": 13.96, "Total Cost": 13.96, "Plan Rows": 112, "Plan Width": 4, "Plans": [{"Node Type": "Bitmap Heap Scan", "Parent Relationship": "Outer", "Relation Name": "info_type", "Alias": "it", "Startup Cost": 8.84, "Total Cost": 13.96, "Plan Rows": 112, "Plan Width": 4, "Plans": [{"Node Type": "Bitmap Index Scan", "Parent Relationship": "Outer", "Index Name": "info_type_pkey", "Startup Cost": 0.0, "Total Cost": 8.81, "Plan Rows": 112, "Plan Width": 0}]}]}]}]}, "Unique SQL Id": 2510907716, "Planner Runtime": 8}, "explain_analyze_plan": null}, "(16, '72')": {"explain_plan": {"Plan": {"Node Type": "Aggregate", "Strategy": "Plain", "Startup Cost": 32453.79, "Total Cost": 32453.8, "Plan Rows": 1, "Plan Width": 49, "Plans": [{"Node Type": "Hash Join", "Parent Relationship": "Outer", "Join Type": "Inner", "Startup Cost": 4.57, "Total Cost": 32448.99, "Plan Rows": 1919, "Plan Width": 17, "Inner Unique": true, "Hash Cond": "(mi.info_type_id = it.id)", "Plans": [{"Node Type": "Nested Loop", "Parent Relationship": "Outer", "Join Type": "Inner", "Startup Cost": 1.05, "Total Cost": 32420.14, "Plan Rows": 1919, "Plan Width": 21, "Inner Unique": false, "Plans": [{"Node Type": "Nested Loop", "Parent Relationship": "Outer", "Join Type": "Inner", "Startup Cost": 1.05, "Total Cost": 30140.85, "Plan Rows": 1869, "Plan Width": 25, "Inner Unique": true, "Plans": [{"Node Type": "Hash Join", "Parent Relationship": "Outer", "Join Type": "Inner", "Startup Cost": 1.05, "Total Cost": 18523.43, "Plan Rows": 1540, "Plan Width": 4, "Inner Unique": true, "Hash Cond": "(mc.company_type_id = ct.id)", "Plans": [{"Node Type": "Streaming(type: LOCAL GATHER dop: 1/16)", "Parent Relationship": "Outer", "Startup Cost": 0.0, "Total Cost": 18495.43, "Plan Rows": 3081, "Plan Width": 8, "Plans": [{"Node Type": "Seq Scan", "Parent Relationship": "Outer", "Relation Name": "movie_companies", "Alias": "mc", "Startup Cost": 0.0, "Total Cost": 18428.93, "Plan Rows": 3081, "Plan Width": 8, "Filter": "(((note)::text ~~ '%(theatrical)%'::text) AND ((note)::text ~~ '%(France)%'::text))"}]}, {"Node Type": "Hash", "Parent Relationship": "Inner", "Startup Cost": 1.04, "Total Cost": 1.04, "Plan Rows": 1, "Plan Width": 4, "Plans": [{"Node Type": "Seq Scan", "Parent Relationship": "Outer", "Relation Name": "company_type", "Alias": "ct", "Startup Cost": 0.0, "Total Cost": 1.04, "Plan Rows": 1, "Plan Width": 4, "Filter": "((kind)::text = 'production companies'::text)"}]}]}, {"Node Type": "Index Scan", "Parent Relationship": "Inner", "Scan Direction": "Forward", "Index Name": "title_pkey", "Relation Name": "title", "Alias": "t", "Startup Cost": 0.0, "Total Cost": 7.53, "Plan Rows": 1, "Plan Width": 21, "Index Cond": "(id = mc.movie_id)", "Filter": "(production_year > 2005)"}]}, {"Node Type": "Index Scan", "Parent Relationship": "Inner", "Scan Direction": "Forward", "Index Name": "movie_id_movie_info", "Relation Name": "movie_info", "Alias": "mi", "Startup Cost": 0.0, "Total Cost": 1.21, "Plan Rows": 1, "Plan Width": 8, "Index Cond": "(movie_id = t.id)", "Filter": "((info)::text = ANY ('{Sweden,Norway,Germany,Denmark,Swedish,Denish,Norwegian,German}'::text[]))"}]}, {"Node Type": "Hash", "Parent Relationship": "Inner", "Startup Cost": 2.12, "Total Cost": 2.12, "Plan Rows": 112, "Plan Width": 4, "Plans": [{"Node Type": "Index Only Scan", "Parent Relationship": "Outer", "Scan Direction": "Forward", "Index Name": "info_type_pkey", "Relation Name": "info_type", "Alias": "it", "Startup Cost": 0.0, "Total Cost": 2.12, "Plan Rows": 112, "Plan Width": 4}]}]}]}, "Unique SQL Id": 2510907716, "Planner Runtime": 13}, "explain_analyze_plan": {"Plan": {"Node Type": "Aggregate", "Strategy": "Plain", "Startup Cost": 32453.79, "Total Cost": 32453.8, "Plan Rows": 1, "Plan Width": 49, "Actual Min Startup Time": 87.124, "Actual Max Startup Time": 87.124, "Actual Min Total Time": 87.125, "Actual Max Total Time": 87.125, "Plans": [{"Node Type": "Hash Join", "Parent Relationship": "Outer", "Join Type": "Inner", "Startup Cost": 4.57, "Total Cost": 32448.99, "Plan Rows": 1919, "Plan Width": 17, "Actual Min Startup Time": 87.112, "Actual Max Startup Time": 87.112, "Actual Min Total Time": 87.112, "Actual Max Total Time": 87.112, "Inner Unique": true, "Hash Cond": "(mi.info_type_id = it.id)", "Plans": [{"Node Type": "Nested Loop", "Parent Relationship": "Outer", "Join Type": "Inner", "Startup Cost": 1.05, "Total Cost": 32420.14, "Plan Rows": 1919, "Plan Width": 21, "Actual Min Startup Time": 86.97, "Actual Max Startup Time": 86.97, "Actual Min Total Time": 86.97, "Actual Max Total Time": 86.97, "Inner Unique": false, "Plans": [{"Node Type": "Nested Loop", "Parent Relationship": "Outer", "Join Type": "Inner", "Startup Cost": 1.05, "Total Cost": 30140.85, "Plan Rows": 1869, "Plan Width": 25, "Actual Min Startup Time": 86.968, "Actual Max Startup Time": 86.968, "Actual Min Total Time": 86.968, "Actual Max Total Time": 86.968, "Inner Unique": true, "Plans": [{"Node Type": "Hash Join", "Parent Relationship": "Outer", "Join Type": "Inner", "Startup Cost": 1.05, "Total Cost": 18523.43, "Plan Rows": 1540, "Plan Width": 4, "Actual Min Startup Time": 86.922, "Actual Max Startup Time": 86.922, "Actual Min Total Time": 86.922, "Actual Max Total Time": 86.922, "Inner Unique": true, "Hash Cond": "(mc.company_type_id = ct.id)", "Plans": [{"Node Type": "Streaming(type: LOCAL GATHER dop: 1/16)", "Parent Relationship": "Outer", "Startup Cost": 0.0, "Total Cost": 18495.43, "Plan Rows": 3081, "Plan Width": 8, "Actual Min Startup Time": 29.12, "Actual Max Startup Time": 29.12, "Actual Min Total Time": 83.115, "Actual Max Total Time": 83.115, "Plans": [{"Node Type": "Seq Scan", "Parent Relationship": "Outer", "Relation Name": "movie_companies", "Alias": "mc", "Startup Cost": 0.0, "Total Cost": 18428.93, "Plan Rows": 3081, "Plan Width": 8, "Actual Min Startup Time": 0.918, "Actual Max Startup Time": 12.842, "Actual Min Total Time": 60.32, "Actual Max Total Time": 66.552, "Filter": "(((note)::text ~~ '%(theatrical)%'::text) AND ((note)::text ~~ '%(France)%'::text))", "Rows Removed by Filter": 2585103, "Actual Rows": 24025}], "Actual Rows": 24025}, {"Node Type": "Hash", "Parent Relationship": "Inner", "Startup Cost": 1.04, "Total Cost": 1.04, "Plan Rows": 1, "Plan Width": 4, "Actual Min Startup Time": 0.029, "Actual Max Startup Time": 0.029, "Actual Min Total Time": 0.029, "Actual Max Total Time": 0.029, "Max Hash Buckets": 32768, "Min Hash Buckets": 32768, "Max Hash Batches": 1, "Min Hash Batches": 1, "Max Original Hash Batches": 1, "Min Original Hash Batches": 1, "Max Peak Memory Usage": 1, "min Peak Memory Usage": 1, "Plans": [{"Node Type": "Seq Scan", "Parent Relationship": "Outer", "Relation Name": "company_type", "Alias": "ct", "Startup Cost": 0.0, "Total Cost": 1.04, "Plan Rows": 1, "Plan Width": 4, "Actual Min Startup Time": 0.024, "Actual Max Startup Time": 0.024, "Actual Min Total Time": 0.027, "Actual Max Total Time": 0.027, "Filter": "((kind)::text = 'production companies'::text)", "Rows Removed by Filter": 2, "Actual Rows": 1}], "Actual Rows": 1}], "Actual Rows": 0}, {"Node Type": "Index Scan", "Parent Relationship": "Inner", "Scan Direction": "Forward", "Index Name": "title_pkey", "Relation Name": "title", "Alias": "t", "Startup Cost": 0.0, "Total Cost": 7.53, "Plan Rows": 1, "Plan Width": 21, "Actual Startup Time": 0.0, "Actual Total Time": 0.0, "Index Cond": "(id = mc.movie_id)", "Rows Removed by Index Recheck": 0, "Filter": "(production_year > 2005)", "Rows Removed by Filter": 0}], "Actual Rows": 0}, {"Node Type": "Index Scan", "Parent Relationship": "Inner", "Scan Direction": "Forward", "Index Name": "movie_id_movie_info", "Relation Name": "movie_info", "Alias": "mi", "Startup Cost": 0.0, "Total Cost": 1.21, "Plan Rows": 1, "Plan Width": 8, "Actual Startup Time": 0.0, "Actual Total Time": 0.0, "Index Cond": "(movie_id = t.id)", "Rows Removed by Index Recheck": 0, "Filter": "((info)::text = ANY ('{Sweden,Norway,Germany,Denmark,Swedish,Denish,Norwegian,German}'::text[]))", "Rows Removed by Filter": 0}], "Actual Rows": 0}, {"Node Type": "Hash", "Parent Relationship": "Inner", "Startup Cost": 2.12, "Total Cost": 2.12, "Plan Rows": 112, "Plan Width": 4, "Actual Min Startup Time": 0.09, "Actual Max Startup Time": 0.09, "Actual Min Total Time": 0.09, "Actual Max Total Time": 0.09, "Max Hash Buckets": 32768, "Min Hash Buckets": 32768, "Max Hash Batches": 1, "Min Hash Batches": 1, "Max Original Hash Batches": 1, "Min Original Hash Batches": 1, "Max Peak Memory Usage": 4, "min Peak Memory Usage": 4, "Plans": [{"Node Type": "Index Only Scan", "Parent Relationship": "Outer", "Scan Direction": "Forward", "Index Name": "info_type_pkey", "Relation Name": "info_type", "Alias": "it", "Startup Cost": 0.0, "Total Cost": 2.12, "Plan Rows": 112, "Plan Width": 4, "Actual Min Startup Time": 0.017, "Actual Max Startup Time": 0.017, "Actual Min Total Time": 0.039, "Actual Max Total Time": 0.039, "Heap Fetches": 0, "Actual Rows": 112}], "Actual Rows": 112}], "Actual Rows": 0}], "Actual Rows": 1}, "Triggers": [], "Planner Runtime": 13.355, "Total Runtime": 89.69, "Unique SQL Id": 2510907716}}, "(16, '73')": {"explain_plan": {"Plan": {"Node Type": "Aggregate", "Strategy": "Plain", "Startup Cost": 99924.76, "Total Cost": 99924.77, "Plan Rows": 1, "Plan Width": 49, "Plans": [{"Node Type": "Nested Loop", "Parent Relationship": "Outer", "Join Type": "Inner", "Startup Cost": 0.0, "Total Cost": 99919.97, "Plan Rows": 1919, "Plan Width": 17, "Inner Unique": true, "Plans": [{"Node Type": "Nested Loop", "Parent Relationship": "Outer", "Join Type": "Inner", "Startup Cost": 0.0, "Total Cost": 99382.54, "Plan Rows": 1919, "Plan Width": 21, "Inner Unique": false, "Plans": [{"Node Type": "Nested Loop", "Parent Relationship": "Outer", "Join Type": "Inner", "Startup Cost": 0.0, "Total Cost": 97103.24, "Plan Rows": 1869, "Plan Width": 25, "Inner Unique": true, "Plans": [{"Node Type": "Nested Loop", "Parent Relationship": "Outer", "Join Type": "Inner", "Startup Cost": 0.0, "Total Cost": 85485.82, "Plan Rows": 1540, "Plan Width": 4, "Inner Unique": true, "Plans": [{"Node Type": "Streaming(type: LOCAL GATHER dop: 1/16)", "Parent Relationship": "Outer", "Startup Cost": 0.0, "Total Cost": 84603.44, "Plan Rows": 3081, "Plan Width": 8, "Plans": [{"Node Type": "Index Scan", "Parent Relationship": "Outer", "Scan Direction": "Forward", "Index Name": "company_type_id_movie_companies", "Relation Name": "movie_companies", "Alias": "mc", "Startup Cost": 0.0, "Total Cost": 84536.95, "Plan Rows": 3081, "Plan Width": 8, "Filter": "(((note)::text ~~ '%(theatrical)%'::text) AND ((note)::text ~~ '%(France)%'::text))"}]}, {"Node Type": "Index Scan", "Parent Relationship": "Inner", "Scan Direction": "Forward", "Index Name": "company_type_pkey", "Relation Name": "company_type", "Alias": "ct", "Startup Cost": 0.0, "Total Cost": 0.28, "Plan Rows": 1, "Plan Width": 4, "Index Cond": "(id = mc.company_type_id)", "Filter": "((kind)::text = 'production companies'::text)"}]}, {"Node Type": "Index Scan", "Parent Relationship": "Inner", "Scan Direction": "Forward", "Index Name": "title_pkey", "Relation Name": "title", "Alias": "t", "Startup Cost": 0.0, "Total Cost": 7.53, "Plan Rows": 1, "Plan Width": 21, "Index Cond": "(id = mc.movie_id)", "Filter": "(production_year > 2005)"}]}, {"Node Type": "Index Scan", "Parent Relationship": "Inner", "Scan Direction": "Forward", "Index Name": "movie_id_movie_info", "Relation Name": "movie_info", "Alias": "mi", "Startup Cost": 0.0, "Total Cost": 1.21, "Plan Rows": 1, "Plan Width": 8, "Index Cond": "(movie_id = t.id)", "Filter": "((info)::text = ANY ('{Sweden,Norway,Germany,Denmark,Swedish,Denish,Norwegian,German}'::text[]))"}]}, {"Node Type": "Index Only Scan", "Parent Relationship": "Inner", "Scan Direction": "Forward", "Index Name": "info_type_pkey", "Relation Name": "info_type", "Alias": "it", "Startup Cost": 0.0, "Total Cost": 0.27, "Plan Rows": 1, "Plan Width": 4, "Index Cond": "(id = mi.info_type_id)"}]}]}, "Unique SQL Id": 2510907716, "Planner Runtime": 9}, "explain_analyze_plan": {"Plan": {"Node Type": "Aggregate", "Strategy": "Plain", "Startup Cost": 99924.76, "Total Cost": 99924.77, "Plan Rows": 1, "Plan Width": 49, "Actual Min Startup Time": 170.847, "Actual Max Startup Time": 170.847, "Actual Min Total Time": 170.848, "Actual Max Total Time": 170.848, "Plans": [{"Node Type": "Nested Loop", "Parent Relationship": "Outer", "Join Type": "Inner", "Startup Cost": 0.0, "Total Cost": 99919.97, "Plan Rows": 1919, "Plan Width": 17, "Actual Min Startup Time": 170.838, "Actual Max Startup Time": 170.838, "Actual Min Total Time": 170.838, "Actual Max Total Time": 170.838, "Inner Unique": true, "Plans": [{"Node Type": "Nested Loop", "Parent Relationship": "Outer", "Join Type": "Inner", "Startup Cost": 0.0, "Total Cost": 99382.54, "Plan Rows": 1919, "Plan Width": 21, "Actual Min Startup Time": 170.836, "Actual Max Startup Time": 170.836, "Actual Min Total Time": 170.836, "Actual Max Total Time": 170.836, "Inner Unique": false, "Plans": [{"Node Type": "Nested Loop", "Parent Relationship": "Outer", "Join Type": "Inner", "Startup Cost": 0.0, "Total Cost": 97103.24, "Plan Rows": 1869, "Plan Width": 25, "Actual Min Startup Time": 170.834, "Actual Max Startup Time": 170.834, "Actual Min Total Time": 170.834, "Actual Max Total Time": 170.834, "Inner Unique": true, "Plans": [{"Node Type": "Nested Loop", "Parent Relationship": "Outer", "Join Type": "Inner", "Startup Cost": 0.0, "Total Cost": 85485.82, "Plan Rows": 1540, "Plan Width": 4, "Actual Min Startup Time": 170.833, "Actual Max Startup Time": 170.833, "Actual Min Total Time": 170.833, "Actual Max Total Time": 170.833, "Inner Unique": true, "Plans": [{"Node Type": "Streaming(type: LOCAL GATHER dop: 1/16)", "Parent Relationship": "Outer", "Startup Cost": 0.0, "Total Cost": 84603.44, "Plan Rows": 3081, "Plan Width": 8, "Actual Min Startup Time": 32.062, "Actual Max Startup Time": 32.062, "Actual Min Total Time": 148.487, "Actual Max Total Time": 148.487, "Plans": [{"Node Type": "Index Scan", "Parent Relationship": "Outer", "Scan Direction": "Forward", "Index Name": "company_type_id_movie_companies", "Relation Name": "movie_companies", "Alias": "mc", "Startup Cost": 0.0, "Total Cost": 84536.95, "Plan Rows": 3081, "Plan Width": 8, "Actual Min Startup Time": 15.98, "Actual Max Startup Time": 88.111, "Actual Min Total Time": 86.282, "Actual Max Total Time": 153.188, "Filter": "(((note)::text ~~ '%(theatrical)%'::text) AND ((note)::text ~~ '%(France)%'::text))", "Rows Removed by Filter": 2585103, "Actual Rows": 24025}], "Actual Rows": 24025}, {"Node Type": "Index Scan", "Parent Relationship": "Inner", "Scan Direction": "Forward", "Index Name": "company_type_pkey", "Relation Name": "company_type", "Alias": "ct", "Startup Cost": 0.0, "Total Cost": 0.28, "Plan Rows": 1, "Plan Width": 4, "Actual Min Startup Time": 13.513, "Actual Max Startup Time": 13.513, "Actual Min Total Time": 13.513, "Actual Max Total Time": 13.513, "Index Cond": "(id = mc.company_type_id)", "Rows Removed by Index Recheck": 0, "Filter": "((kind)::text = 'production companies'::text)", "Rows Removed by Filter": 0, "Actual Rows": 0}], "Actual Rows": 0}, {"Node Type": "Index Scan", "Parent Relationship": "Inner", "Scan Direction": "Forward", "Index Name": "title_pkey", "Relation Name": "title", "Alias": "t", "Startup Cost": 0.0, "Total Cost": 7.53, "Plan Rows": 1, "Plan Width": 21, "Actual Startup Time": 0.0, "Actual Total Time": 0.0, "Index Cond": "(id = mc.movie_id)", "Rows Removed by Index Recheck": 0, "Filter": "(production_year > 2005)", "Rows Removed by Filter": 0}], "Actual Rows": 0}, {"Node Type": "Index Scan", "Parent Relationship": "Inner", "Scan Direction": "Forward", "Index Name": "movie_id_movie_info", "Relation Name": "movie_info", "Alias": "mi", "Startup Cost": 0.0, "Total Cost": 1.21, "Plan Rows": 1, "Plan Width": 8, "Actual Startup Time": 0.0, "Actual Total Time": 0.0, "Index Cond": "(movie_id = t.id)", "Rows Removed by Index Recheck": 0, "Filter": "((info)::text = ANY ('{Sweden,Norway,Germany,Denmark,Swedish,Denish,Norwegian,German}'::text[]))", "Rows Removed by Filter": 0}], "Actual Rows": 0}, {"Node Type": "Index Only Scan", "Parent Relationship": "Inner", "Scan Direction": "Forward", "Index Name": "info_type_pkey", "Relation Name": "info_type", "Alias": "it", "Startup Cost": 0.0, "Total Cost": 0.27, "Plan Rows": 1, "Plan Width": 4, "Actual Startup Time": 0.0, "Actual Total Time": 0.0, "Index Cond": "(id = mi.info_type_id)", "Rows Removed by Index Recheck": 0, "Heap Fetches": 0}], "Actual Rows": 0}], "Actual Rows": 1}, "Triggers": [], "Planner Runtime": 9.058, "Total Runtime": 173.276, "Unique SQL Id": 2510907716}}, "(16, '74')": {"explain_plan": {"Plan": {"Node Type": "Aggregate", "Strategy": "Plain", "Startup Cost": 100124.26, "Total Cost": 100124.27, "Plan Rows": 1, "Plan Width": 49, "Plans": [{"Node Type": "Hash Join", "Parent Relationship": "Outer", "Join Type": "Inner", "Startup Cost": 53650.52, "Total Cost": 100119.46, "Plan Rows": 1919, "Plan Width": 17, "Inner Unique": true, "Hash Cond": "(mi.info_type_id = it.id)", "Plans": [{"Node Type": "Hash Join", "Parent Relationship": "Outer", "Join Type": "Inner", "Startup Cost": 53647.0, "Total Cost": 100089.56, "Plan Rows": 1919, "Plan Width": 21, "Inner Unique": false, "Hash Cond": "(mi.movie_id = t.id)", "Plans": [{"Node Type": "Streaming(type: LOCAL GATHER dop: 1/16)", "Parent Relationship": "Outer", "Startup Cost": 0.0, "Total Cost": 45908.84, "Plan Rows": 141478, "Plan Width": 8, "Plans": [{"Node Type": "Seq Scan", "Parent Relationship": "Outer", "Relation Name": "movie_info", "Alias": "mi", "Startup Cost": 0.0, "Total Cost": 42855.46, "Plan Rows": 141478, "Plan Width": 8, "Filter": "((info)::text = ANY ('{Sweden,Norway,Germany,Denmark,Swedish,Denish,Norwegian,German}'::text[]))"}]}, {"Node Type": "Hash", "Parent Relationship": "Inner", "Startup Cost": 53623.64, "Total Cost": 53623.64, "Plan Rows": 1869, "Plan Width": 25, "Plans": [{"Node Type": "Hash Join", "Parent Relationship": "Outer", "Join Type": "Inner", "Startup Cost": 19942.21, "Total Cost": 53623.64, "Plan Rows": 1869, "Plan Width": 25, "Inner Unique": true, "Hash Cond": "(mc.company_type_id = ct.id)", "Plans": [{"Node Type": "Streaming(type: LOCAL GATHER dop: 1/16)", "Parent Relationship": "Outer", "Startup Cost": 19941.16, "Total Cost": 53589.87, "Plan Rows": 3740, "Plan Width": 29, "Plans": [{"Node Type": "Hash Join", "Parent Relationship": "Outer", "Join Type": "Inner", "Startup Cost": 19941.16, "Total Cost": 53509.15, "Plan Rows": 3740, "Plan Width": 29, "Inner Unique": true, "Hash Cond": "(mc.movie_id = t.id)", "Plans": [{"Node Type": "Streaming(type: BROADCAST dop: 16/16)", "Parent Relationship": "Outer", "Startup Cost": 0.0, "Total Cost": 33554.1, "Plan Rows": 49296, "Plan Width": 8, "Plans": [{"Node Type": "Seq Scan", "Parent Relationship": "Outer", "Relation Name": "movie_companies", "Alias": "mc", "Startup Cost": 0.0, "Total Cost": 18428.93, "Plan Rows": 3081, "Plan Width": 8, "Filter": "(((note)::text ~~ '%(theatrical)%'::text) AND ((note)::text ~~ '%(France)%'::text))"}]}, {"Node Type": "Hash", "Parent Relationship": "Inner", "Startup Cost": 19149.37, "Total Cost": 19149.37, "Plan Rows": 1013492, "Plan Width": 21, "Plans": [{"Node Type": "Seq Scan", "Parent Relationship": "Outer", "Relation Name": "title", "Alias": "t", "Startup Cost": 0.0, "Total Cost": 19149.37, "Plan Rows": 1013492, "Plan Width": 21, "Filter": "(production_year > 2005), (LLVM Optimized)"}]}]}]}, {"Node Type": "Hash", "Parent Relationship": "Inner", "Startup Cost": 1.04, "Total Cost": 1.04, "Plan Rows": 1, "Plan Width": 4, "Plans": [{"Node Type": "Seq Scan", "Parent Relationship": "Outer", "Relation Name": "company_type", "Alias": "ct", "Startup Cost": 0.0, "Total Cost": 1.04, "Plan Rows": 1, "Plan Width": 4, "Filter": "((kind)::text = 'production companies'::text)"}]}]}]}]}, {"Node Type": "Hash", "Parent Relationship": "Inner", "Startup Cost": 2.12, "Total Cost": 2.12, "Plan Rows": 112, "Plan Width": 4, "Plans": [{"Node Type": "Seq Scan", "Parent Relationship": "Outer", "Relation Name": "info_type", "Alias": "it", "Startup Cost": 0.0, "Total Cost": 2.12, "Plan Rows": 112, "Plan Width": 4}]}]}]}, "Unique SQL Id": 2510907716, "Planner Runtime": 18}, "explain_analyze_plan": null}, "(16, '75')": {"explain_plan": {"Plan": {"Node Type": "Aggregate", "Strategy": "Plain", "Startup Cost": 4997608710574.25, "Total Cost": 4997608710574.26, "Plan Rows": 1, "Plan Width": 49, "Plans": [{"Node Type": "Hash Join", "Parent Relationship": "Outer", "Join Type": "Inner", "Startup Cost": 2030021492533.64, "Total Cost": 4997608710569.45, "Plan Rows": 1919, "Plan Width": 17, "Inner Unique": true, "Hash Cond": "(mi.info_type_id = it.id)", "Plans": [{"Node Type": "Hash Join", "Parent Relationship": "Outer", "Join Type": "Inner", "Startup Cost": 1030021491539.24, "Total Cost": 3997608709548.66, "Plan Rows": 1919, "Plan Width": 21, "Inner Unique": true, "Hash Cond": "(mc.company_type_id = ct.id)", "Plans": [{"Node Type": "Merge Join", "Parent Relationship": "Outer", "Join Type": "Inner", "Startup Cost": 30021490308.98, "Total Cost": 2997608708289.58, "Plan Rows": 3839, "Plan Width": 25, "Inner Unique": false, "Merge Cond": "(t.id = mi.movie_id)", "Plans": [{"Node Type": "Merge Join", "Parent Relationship": "Outer", "Join Type": "Inner", "Startup Cost": 20021490308.98, "Total Cost": 1999077499123.92, "Plan Rows": 3740, "Plan Width": 29, "Inner Unique": true, "Merge Cond": "(mc.movie_id = t.id)", "Plans": [{"Node Type": "Index Scan", "Parent Relationship": "Outer", "Scan Direction": "Forward", "Index Name": "movie_id_movie_companies", "Relation Name": "movie_companies", "Alias": "mc", "Startup Cost": 10000000000.0, "Total Cost": 1000014356510.13, "Plan Rows": 3081, "Plan Width": 8, "Filter": "(((note)::text ~~ '%(theatrical)%'::text) AND ((note)::text ~~ '%(France)%'::text))"}, {"Node Type": "Index Scan", "Parent Relationship": "Inner", "Scan Direction": "Forward", "Index Name": "title_pkey", "Relation Name": "title", "Alias": "t", "Startup Cost": 10000000000.0, "Total Cost": 1000011644126.66, "Plan Rows": 1013492, "Plan Width": 21, "Filter": "(production_year > 2005), (LLVM Optimized)"}]}, {"Node Type": "Index Scan", "Parent Relationship": "Inner", "Scan Direction": "Forward", "Index Name": "movie_id_movie_info", "Relation Name": "movie_info", "Alias": "mi", "Startup Cost": 10000000000.0, "Total Cost": 1000118686878.22, "Plan Rows": 141478, "Plan Width": 8, "Filter": "((info)::text = ANY ('{Sweden,Norway,Germany,Denmark,Swedish,Denish,Norwegian,German}'::text[]))"}]}, {"Node Type": "Hash", "Parent Relationship": "Inner", "Startup Cost": 1000000001230.25, "Total Cost": 1000000001230.25, "Plan Rows": 1, "Plan Width": 4, "Plans": [{"Node Type": "Index Scan", "Parent Relationship": "Outer", "Scan Direction": "Forward", "Index Name": "company_type_pkey", "Relation Name": "company_type", "Alias": "ct", "Startup Cost": 10000000000.0, "Total Cost": 1000000001230.25, "Plan Rows": 1, "Plan Width": 4, "Filter": "((kind)::text = 'production companies'::text)"}]}]}, {"Node Type": "Hash", "Parent Relationship": "Inner", "Startup Cost": 1000000000993.0, "Total Cost": 1000000000993.0, "Plan Rows": 112, "Plan Width": 4, "Plans": [{"Node Type": "Index Only Scan", "Parent Relationship": "Outer", "Scan Direction": "Forward", "Index Name": "info_type_pkey", "Relation Name": "info_type", "Alias": "it", "Startup Cost": 10000000000.0, "Total Cost": 1000000000993.0, "Plan Rows": 112, "Plan Width": 4}]}]}]}, "Unique SQL Id": 2510907716, "Planner Runtime": 17}, "explain_analyze_plan": null}, "(16, '76')": {"explain_plan": {"Plan": {"Node Type": "Aggregate", "Strategy": "Plain", "Startup Cost": 32453.79, "Total Cost": 32453.8, "Plan Rows": 1, "Plan Width": 49, "Plans": [{"Node Type": "Hash Join", "Parent Relationship": "Outer", "Join Type": "Inner", "Startup Cost": 4.57, "Total Cost": 32448.99, "Plan Rows": 1919, "Plan Width": 17, "Inner Unique": true, "Hash Cond": "(mi.info_type_id = it.id)", "Plans": [{"Node Type": "Nested Loop", "Parent Relationship": "Outer", "Join Type": "Inner", "Startup Cost": 1.05, "Total Cost": 32420.14, "Plan Rows": 1919, "Plan Width": 21, "Inner Unique": false, "Plans": [{"Node Type": "Nested Loop", "Parent Relationship": "Outer", "Join Type": "Inner", "Startup Cost": 1.05, "Total Cost": 30140.85, "Plan Rows": 1869, "Plan Width": 25, "Inner Unique": true, "Plans": [{"Node Type": "Hash Join", "Parent Relationship": "Outer", "Join Type": "Inner", "Startup Cost": 1.05, "Total Cost": 18523.43, "Plan Rows": 1540, "Plan Width": 4, "Inner Unique": true, "Hash Cond": "(mc.company_type_id = ct.id)", "Plans": [{"Node Type": "Streaming(type: LOCAL GATHER dop: 1/16)", "Parent Relationship": "Outer", "Startup Cost": 0.0, "Total Cost": 18495.43, "Plan Rows": 3081, "Plan Width": 8, "Plans": [{"Node Type": "Seq Scan", "Parent Relationship": "Outer", "Relation Name": "movie_companies", "Alias": "mc", "Startup Cost": 0.0, "Total Cost": 18428.93, "Plan Rows": 3081, "Plan Width": 8, "Filter": "(((note)::text ~~ '%(theatrical)%'::text) AND ((note)::text ~~ '%(France)%'::text))"}]}, {"Node Type": "Hash", "Parent Relationship": "Inner", "Startup Cost": 1.04, "Total Cost": 1.04, "Plan Rows": 1, "Plan Width": 4, "Plans": [{"Node Type": "Seq Scan", "Parent Relationship": "Outer", "Relation Name": "company_type", "Alias": "ct", "Startup Cost": 0.0, "Total Cost": 1.04, "Plan Rows": 1, "Plan Width": 4, "Filter": "((kind)::text = 'production companies'::text)"}]}]}, {"Node Type": "Index Scan", "Parent Relationship": "Inner", "Scan Direction": "Forward", "Index Name": "title_pkey", "Relation Name": "title", "Alias": "t", "Startup Cost": 0.0, "Total Cost": 7.53, "Plan Rows": 1, "Plan Width": 21, "Index Cond": "(id = mc.movie_id)", "Filter": "(production_year > 2005)"}]}, {"Node Type": "Index Scan", "Parent Relationship": "Inner", "Scan Direction": "Forward", "Index Name": "movie_id_movie_info", "Relation Name": "movie_info", "Alias": "mi", "Startup Cost": 0.0, "Total Cost": 1.21, "Plan Rows": 1, "Plan Width": 8, "Index Cond": "(movie_id = t.id)", "Filter": "((info)::text = ANY ('{Sweden,Norway,Germany,Denmark,Swedish,Denish,Norwegian,German}'::text[]))"}]}, {"Node Type": "Hash", "Parent Relationship": "Inner", "Startup Cost": 2.12, "Total Cost": 2.12, "Plan Rows": 112, "Plan Width": 4, "Plans": [{"Node Type": "Seq Scan", "Parent Relationship": "Outer", "Relation Name": "info_type", "Alias": "it", "Startup Cost": 0.0, "Total Cost": 2.12, "Plan Rows": 112, "Plan Width": 4}]}]}]}, "Unique SQL Id": 2510907716, "Planner Runtime": 13}, "explain_analyze_plan": {"Plan": {"Node Type": "Aggregate", "Strategy": "Plain", "Startup Cost": 32453.79, "Total Cost": 32453.8, "Plan Rows": 1, "Plan Width": 49, "Actual Min Startup Time": 87.356, "Actual Max Startup Time": 87.356, "Actual Min Total Time": 87.357, "Actual Max Total Time": 87.357, "Plans": [{"Node Type": "Hash Join", "Parent Relationship": "Outer", "Join Type": "Inner", "Startup Cost": 4.57, "Total Cost": 32448.99, "Plan Rows": 1919, "Plan Width": 17, "Actual Min Startup Time": 87.345, "Actual Max Startup Time": 87.345, "Actual Min Total Time": 87.345, "Actual Max Total Time": 87.345, "Inner Unique": true, "Hash Cond": "(mi.info_type_id = it.id)", "Plans": [{"Node Type": "Nested Loop", "Parent Relationship": "Outer", "Join Type": "Inner", "Startup Cost": 1.05, "Total Cost": 32420.14, "Plan Rows": 1919, "Plan Width": 21, "Actual Min Startup Time": 87.2, "Actual Max Startup Time": 87.2, "Actual Min Total Time": 87.2, "Actual Max Total Time": 87.2, "Inner Unique": false, "Plans": [{"Node Type": "Nested Loop", "Parent Relationship": "Outer", "Join Type": "Inner", "Startup Cost": 1.05, "Total Cost": 30140.85, "Plan Rows": 1869, "Plan Width": 25, "Actual Min Startup Time": 87.199, "Actual Max Startup Time": 87.199, "Actual Min Total Time": 87.199, "Actual Max Total Time": 87.199, "Inner Unique": true, "Plans": [{"Node Type": "Hash Join", "Parent Relationship": "Outer", "Join Type": "Inner", "Startup Cost": 1.05, "Total Cost": 18523.43, "Plan Rows": 1540, "Plan Width": 4, "Actual Min Startup Time": 87.155, "Actual Max Startup Time": 87.155, "Actual Min Total Time": 87.155, "Actual Max Total Time": 87.155, "Inner Unique": true, "Hash Cond": "(mc.company_type_id = ct.id)", "Plans": [{"Node Type": "Streaming(type: LOCAL GATHER dop: 1/16)", "Parent Relationship": "Outer", "Startup Cost": 0.0, "Total Cost": 18495.43, "Plan Rows": 3081, "Plan Width": 8, "Actual Min Startup Time": 28.124, "Actual Max Startup Time": 28.124, "Actual Min Total Time": 83.287, "Actual Max Total Time": 83.287, "Plans": [{"Node Type": "Seq Scan", "Parent Relationship": "Outer", "Relation Name": "movie_companies", "Alias": "mc", "Startup Cost": 0.0, "Total Cost": 18428.93, "Plan Rows": 3081, "Plan Width": 8, "Actual Min Startup Time": 0.903, "Actual Max Startup Time": 12.83, "Actual Min Total Time": 60.222, "Actual Max Total Time": 66.5, "Filter": "(((note)::text ~~ '%(theatrical)%'::text) AND ((note)::text ~~ '%(France)%'::text))", "Rows Removed by Filter": 2585103, "Actual Rows": 24025}], "Actual Rows": 24025}, {"Node Type": "Hash", "Parent Relationship": "Inner", "Startup Cost": 1.04, "Total Cost": 1.04, "Plan Rows": 1, "Plan Width": 4, "Actual Min Startup Time": 0.029, "Actual Max Startup Time": 0.029, "Actual Min Total Time": 0.029, "Actual Max Total Time": 0.029, "Max Hash Buckets": 32768, "Min Hash Buckets": 32768, "Max Hash Batches": 1, "Min Hash Batches": 1, "Max Original Hash Batches": 1, "Min Original Hash Batches": 1, "Max Peak Memory Usage": 1, "min Peak Memory Usage": 1, "Plans": [{"Node Type": "Seq Scan", "Parent Relationship": "Outer", "Relation Name": "company_type", "Alias": "ct", "Startup Cost": 0.0, "Total Cost": 1.04, "Plan Rows": 1, "Plan Width": 4, "Actual Min Startup Time": 0.022, "Actual Max Startup Time": 0.022, "Actual Min Total Time": 0.023, "Actual Max Total Time": 0.023, "Filter": "((kind)::text = 'production companies'::text)", "Rows Removed by Filter": 2, "Actual Rows": 1}], "Actual Rows": 1}], "Actual Rows": 0}, {"Node Type": "Index Scan", "Parent Relationship": "Inner", "Scan Direction": "Forward", "Index Name": "title_pkey", "Relation Name": "title", "Alias": "t", "Startup Cost": 0.0, "Total Cost": 7.53, "Plan Rows": 1, "Plan Width": 21, "Actual Startup Time": 0.0, "Actual Total Time": 0.0, "Index Cond": "(id = mc.movie_id)", "Rows Removed by Index Recheck": 0, "Filter": "(production_year > 2005)", "Rows Removed by Filter": 0}], "Actual Rows": 0}, {"Node Type": "Index Scan", "Parent Relationship": "Inner", "Scan Direction": "Forward", "Index Name": "movie_id_movie_info", "Relation Name": "movie_info", "Alias": "mi", "Startup Cost": 0.0, "Total Cost": 1.21, "Plan Rows": 1, "Plan Width": 8, "Actual Startup Time": 0.0, "Actual Total Time": 0.0, "Index Cond": "(movie_id = t.id)", "Rows Removed by Index Recheck": 0, "Filter": "((info)::text = ANY ('{Sweden,Norway,Germany,Denmark,Swedish,Denish,Norwegian,German}'::text[]))", "Rows Removed by Filter": 0}], "Actual Rows": 0}, {"Node Type": "Hash", "Parent Relationship": "Inner", "Startup Cost": 2.12, "Total Cost": 2.12, "Plan Rows": 112, "Plan Width": 4, "Actual Min Startup Time": 0.095, "Actual Max Startup Time": 0.095, "Actual Min Total Time": 0.095, "Actual Max Total Time": 0.095, "Max Hash Buckets": 32768, "Min Hash Buckets": 32768, "Max Hash Batches": 1, "Min Hash Batches": 1, "Max Original Hash Batches": 1, "Min Original Hash Batches": 1, "Max Peak Memory Usage": 4, "min Peak Memory Usage": 4, "Plans": [{"Node Type": "Seq Scan", "Parent Relationship": "Outer", "Relation Name": "info_type", "Alias": "it", "Startup Cost": 0.0, "Total Cost": 2.12, "Plan Rows": 112, "Plan Width": 4, "Actual Min Startup Time": 0.029, "Actual Max Startup Time": 0.029, "Actual Min Total Time": 0.05, "Actual Max Total Time": 0.05, "Actual Rows": 112}], "Actual Rows": 112}], "Actual Rows": 0}], "Actual Rows": 1}, "Triggers": [], "Planner Runtime": 13.375, "Total Runtime": 89.905, "Unique SQL Id": 2510907716}}, "(16, '77')": {"explain_plan": {"Plan": {"Node Type": "Aggregate", "Strategy": "Plain", "Startup Cost": 99924.82, "Total Cost": 99924.83, "Plan Rows": 1, "Plan Width": 49, "Plans": [{"Node Type": "Nested Loop", "Parent Relationship": "Outer", "Join Type": "Inner", "Startup Cost": 0.0, "Total Cost": 99920.02, "Plan Rows": 1919, "Plan Width": 17, "Inner Unique": true, "Plans": [{"Node Type": "Nested Loop", "Parent Relationship": "Outer", "Join Type": "Inner", "Startup Cost": 0.0, "Total Cost": 99382.54, "Plan Rows": 1919, "Plan Width": 21, "Inner Unique": false, "Plans": [{"Node Type": "Nested Loop", "Parent Relationship": "Outer", "Join Type": "Inner", "Startup Cost": 0.0, "Total Cost": 97103.24, "Plan Rows": 1869, "Plan Width": 25, "Inner Unique": true, "Plans": [{"Node Type": "Nested Loop", "Parent Relationship": "Outer", "Join Type": "Inner", "Startup Cost": 0.0, "Total Cost": 85485.82, "Plan Rows": 1540, "Plan Width": 4, "Inner Unique": true, "Plans": [{"Node Type": "Streaming(type: LOCAL GATHER dop: 1/16)", "Parent Relationship": "Outer", "Startup Cost": 0.0, "Total Cost": 84603.44, "Plan Rows": 3081, "Plan Width": 8, "Plans": [{"Node Type": "Index Scan", "Parent Relationship": "Outer", "Scan Direction": "Forward", "Index Name": "company_type_id_movie_companies", "Relation Name": "movie_companies", "Alias": "mc", "Startup Cost": 0.0, "Total Cost": 84536.95, "Plan Rows": 3081, "Plan Width": 8, "Filter": "(((note)::text ~~ '%(theatrical)%'::text) AND ((note)::text ~~ '%(France)%'::text))"}]}, {"Node Type": "Index Scan", "Parent Relationship": "Inner", "Scan Direction": "Forward", "Index Name": "company_type_pkey", "Relation Name": "company_type", "Alias": "ct", "Startup Cost": 0.0, "Total Cost": 0.28, "Plan Rows": 1, "Plan Width": 4, "Index Cond": "(id = mc.company_type_id)", "Filter": "((kind)::text = 'production companies'::text)"}]}, {"Node Type": "Index Scan", "Parent Relationship": "Inner", "Scan Direction": "Forward", "Index Name": "title_pkey", "Relation Name": "title", "Alias": "t", "Startup Cost": 0.0, "Total Cost": 7.53, "Plan Rows": 1, "Plan Width": 21, "Index Cond": "(id = mc.movie_id)", "Filter": "(production_year > 2005)"}]}, {"Node Type": "Index Scan", "Parent Relationship": "Inner", "Scan Direction": "Forward", "Index Name": "movie_id_movie_info", "Relation Name": "movie_info", "Alias": "mi", "Startup Cost": 0.0, "Total Cost": 1.21, "Plan Rows": 1, "Plan Width": 8, "Index Cond": "(movie_id = t.id)", "Filter": "((info)::text = ANY ('{Sweden,Norway,Germany,Denmark,Swedish,Denish,Norwegian,German}'::text[]))"}]}, {"Node Type": "Index Scan", "Parent Relationship": "Inner", "Scan Direction": "Forward", "Index Name": "info_type_pkey", "Relation Name": "info_type", "Alias": "it", "Startup Cost": 0.0, "Total Cost": 0.27, "Plan Rows": 1, "Plan Width": 4, "Index Cond": "(id = mi.info_type_id)"}]}]}, "Unique SQL Id": 2510907716, "Planner Runtime": 9}, "explain_analyze_plan": {"Plan": {"Node Type": "Aggregate", "Strategy": "Plain", "Startup Cost": 99924.82, "Total Cost": 99924.83, "Plan Rows": 1, "Plan Width": 49, "Actual Min Startup Time": 171.722, "Actual Max Startup Time": 171.722, "Actual Min Total Time": 171.723, "Actual Max Total Time": 171.723, "Plans": [{"Node Type": "Nested Loop", "Parent Relationship": "Outer", "Join Type": "Inner", "Startup Cost": 0.0, "Total Cost": 99920.02, "Plan Rows": 1919, "Plan Width": 17, "Actual Min Startup Time": 171.712, "Actual Max Startup Time": 171.712, "Actual Min Total Time": 171.712, "Actual Max Total Time": 171.712, "Inner Unique": true, "Plans": [{"Node Type": "Nested Loop", "Parent Relationship": "Outer", "Join Type": "Inner", "Startup Cost": 0.0, "Total Cost": 99382.54, "Plan Rows": 1919, "Plan Width": 21, "Actual Min Startup Time": 171.71, "Actual Max Startup Time": 171.71, "Actual Min Total Time": 171.71, "Actual Max Total Time": 171.71, "Inner Unique": false, "Plans": [{"Node Type": "Nested Loop", "Parent Relationship": "Outer", "Join Type": "Inner", "Startup Cost": 0.0, "Total Cost": 97103.24, "Plan Rows": 1869, "Plan Width": 25, "Actual Min Startup Time": 171.709, "Actual Max Startup Time": 171.709, "Actual Min Total Time": 171.709, "Actual Max Total Time": 171.709, "Inner Unique": true, "Plans": [{"Node Type": "Nested Loop", "Parent Relationship": "Outer", "Join Type": "Inner", "Startup Cost": 0.0, "Total Cost": 85485.82, "Plan Rows": 1540, "Plan Width": 4, "Actual Min Startup Time": 171.708, "Actual Max Startup Time": 171.708, "Actual Min Total Time": 171.708, "Actual Max Total Time": 171.708, "Inner Unique": true, "Plans": [{"Node Type": "Streaming(type: LOCAL GATHER dop: 1/16)", "Parent Relationship": "Outer", "Startup Cost": 0.0, "Total Cost": 84603.44, "Plan Rows": 3081, "Plan Width": 8, "Actual Min Startup Time": 33.273, "Actual Max Startup Time": 33.273, "Actual Min Total Time": 149.186, "Actual Max Total Time": 149.186, "Plans": [{"Node Type": "Index Scan", "Parent Relationship": "Outer", "Scan Direction": "Forward", "Index Name": "company_type_id_movie_companies", "Relation Name": "movie_companies", "Alias": "mc", "Startup Cost": 0.0, "Total Cost": 84536.95, "Plan Rows": 3081, "Plan Width": 8, "Actual Min Startup Time": 16.976, "Actual Max Startup Time": 89.132, "Actual Min Total Time": 87.097, "Actual Max Total Time": 151.54, "Filter": "(((note)::text ~~ '%(theatrical)%'::text) AND ((note)::text ~~ '%(France)%'::text))", "Rows Removed by Filter": 2585103, "Actual Rows": 24025}], "Actual Rows": 24025}, {"Node Type": "Index Scan", "Parent Relationship": "Inner", "Scan Direction": "Forward", "Index Name": "company_type_pkey", "Relation Name": "company_type", "Alias": "ct", "Startup Cost": 0.0, "Total Cost": 0.28, "Plan Rows": 1, "Plan Width": 4, "Actual Min Startup Time": 14.286, "Actual Max Startup Time": 14.286, "Actual Min Total Time": 14.286, "Actual Max Total Time": 14.286, "Index Cond": "(id = mc.company_type_id)", "Rows Removed by Index Recheck": 0, "Filter": "((kind)::text = 'production companies'::text)", "Rows Removed by Filter": 0, "Actual Rows": 0}], "Actual Rows": 0}, {"Node Type": "Index Scan", "Parent Relationship": "Inner", "Scan Direction": "Forward", "Index Name": "title_pkey", "Relation Name": "title", "Alias": "t", "Startup Cost": 0.0, "Total Cost": 7.53, "Plan Rows": 1, "Plan Width": 21, "Actual Startup Time": 0.0, "Actual Total Time": 0.0, "Index Cond": "(id = mc.movie_id)", "Rows Removed by Index Recheck": 0, "Filter": "(production_year > 2005)", "Rows Removed by Filter": 0}], "Actual Rows": 0}, {"Node Type": "Index Scan", "Parent Relationship": "Inner", "Scan Direction": "Forward", "Index Name": "movie_id_movie_info", "Relation Name": "movie_info", "Alias": "mi", "Startup Cost": 0.0, "Total Cost": 1.21, "Plan Rows": 1, "Plan Width": 8, "Actual Startup Time": 0.0, "Actual Total Time": 0.0, "Index Cond": "(movie_id = t.id)", "Rows Removed by Index Recheck": 0, "Filter": "((info)::text = ANY ('{Sweden,Norway,Germany,Denmark,Swedish,Denish,Norwegian,German}'::text[]))", "Rows Removed by Filter": 0}], "Actual Rows": 0}, {"Node Type": "Index Scan", "Parent Relationship": "Inner", "Scan Direction": "Forward", "Index Name": "info_type_pkey", "Relation Name": "info_type", "Alias": "it", "Startup Cost": 0.0, "Total Cost": 0.27, "Plan Rows": 1, "Plan Width": 4, "Actual Startup Time": 0.0, "Actual Total Time": 0.0, "Index Cond": "(id = mi.info_type_id)", "Rows Removed by Index Recheck": 0}], "Actual Rows": 0}], "Actual Rows": 1}, "Triggers": [], "Planner Runtime": 9.179, "Total Runtime": 174.166, "Unique SQL Id": 2510907716}}, "(16, '78')": {"explain_plan": {"Plan": {"Node Type": "Aggregate", "Strategy": "Plain", "Startup Cost": 100124.26, "Total Cost": 100124.27, "Plan Rows": 1, "Plan Width": 49, "Plans": [{"Node Type": "Hash Join", "Parent Relationship": "Outer", "Join Type": "Inner", "Startup Cost": 53650.52, "Total Cost": 100119.46, "Plan Rows": 1919, "Plan Width": 17, "Inner Unique": true, "Hash Cond": "(mi.info_type_id = it.id)", "Plans": [{"Node Type": "Hash Join", "Parent Relationship": "Outer", "Join Type": "Inner", "Startup Cost": 53647.0, "Total Cost": 100089.56, "Plan Rows": 1919, "Plan Width": 21, "Inner Unique": false, "Hash Cond": "(mi.movie_id = t.id)", "Plans": [{"Node Type": "Streaming(type: LOCAL GATHER dop: 1/16)", "Parent Relationship": "Outer", "Startup Cost": 0.0, "Total Cost": 45908.84, "Plan Rows": 141478, "Plan Width": 8, "Plans": [{"Node Type": "Seq Scan", "Parent Relationship": "Outer", "Relation Name": "movie_info", "Alias": "mi", "Startup Cost": 0.0, "Total Cost": 42855.46, "Plan Rows": 141478, "Plan Width": 8, "Filter": "((info)::text = ANY ('{Sweden,Norway,Germany,Denmark,Swedish,Denish,Norwegian,German}'::text[]))"}]}, {"Node Type": "Hash", "Parent Relationship": "Inner", "Startup Cost": 53623.64, "Total Cost": 53623.64, "Plan Rows": 1869, "Plan Width": 25, "Plans": [{"Node Type": "Hash Join", "Parent Relationship": "Outer", "Join Type": "Inner", "Startup Cost": 19942.21, "Total Cost": 53623.64, "Plan Rows": 1869, "Plan Width": 25, "Inner Unique": true, "Hash Cond": "(mc.company_type_id = ct.id)", "Plans": [{"Node Type": "Streaming(type: LOCAL GATHER dop: 1/16)", "Parent Relationship": "Outer", "Startup Cost": 19941.16, "Total Cost": 53589.87, "Plan Rows": 3740, "Plan Width": 29, "Plans": [{"Node Type": "Hash Join", "Parent Relationship": "Outer", "Join Type": "Inner", "Startup Cost": 19941.16, "Total Cost": 53509.15, "Plan Rows": 3740, "Plan Width": 29, "Inner Unique": true, "Hash Cond": "(mc.movie_id = t.id)", "Plans": [{"Node Type": "Streaming(type: BROADCAST dop: 16/16)", "Parent Relationship": "Outer", "Startup Cost": 0.0, "Total Cost": 33554.1, "Plan Rows": 49296, "Plan Width": 8, "Plans": [{"Node Type": "Seq Scan", "Parent Relationship": "Outer", "Relation Name": "movie_companies", "Alias": "mc", "Startup Cost": 0.0, "Total Cost": 18428.93, "Plan Rows": 3081, "Plan Width": 8, "Filter": "(((note)::text ~~ '%(theatrical)%'::text) AND ((note)::text ~~ '%(France)%'::text))"}]}, {"Node Type": "Hash", "Parent Relationship": "Inner", "Startup Cost": 19149.37, "Total Cost": 19149.37, "Plan Rows": 1013492, "Plan Width": 21, "Plans": [{"Node Type": "Seq Scan", "Parent Relationship": "Outer", "Relation Name": "title", "Alias": "t", "Startup Cost": 0.0, "Total Cost": 19149.37, "Plan Rows": 1013492, "Plan Width": 21, "Filter": "(production_year > 2005), (LLVM Optimized)"}]}]}]}, {"Node Type": "Hash", "Parent Relationship": "Inner", "Startup Cost": 1.04, "Total Cost": 1.04, "Plan Rows": 1, "Plan Width": 4, "Plans": [{"Node Type": "Seq Scan", "Parent Relationship": "Outer", "Relation Name": "company_type", "Alias": "ct", "Startup Cost": 0.0, "Total Cost": 1.04, "Plan Rows": 1, "Plan Width": 4, "Filter": "((kind)::text = 'production companies'::text)"}]}]}]}]}, {"Node Type": "Hash", "Parent Relationship": "Inner", "Startup Cost": 2.12, "Total Cost": 2.12, "Plan Rows": 112, "Plan Width": 4, "Plans": [{"Node Type": "Seq Scan", "Parent Relationship": "Outer", "Relation Name": "info_type", "Alias": "it", "Startup Cost": 0.0, "Total Cost": 2.12, "Plan Rows": 112, "Plan Width": 4}]}]}]}, "Unique SQL Id": 2510907716, "Planner Runtime": 18}, "explain_analyze_plan": null}, "(16, '79')": {"explain_plan": {"Plan": {"Node Type": "Aggregate", "Strategy": "Plain", "Startup Cost": 4997608710974.25, "Total Cost": 4997608710974.26, "Plan Rows": 1, "Plan Width": 49, "Plans": [{"Node Type": "Hash Join", "Parent Relationship": "Outer", "Join Type": "Inner", "Startup Cost": 2030021492933.64, "Total Cost": 4997608710969.45, "Plan Rows": 1919, "Plan Width": 17, "Inner Unique": true, "Hash Cond": "(mi.info_type_id = it.id)", "Plans": [{"Node Type": "Hash Join", "Parent Relationship": "Outer", "Join Type": "Inner", "Startup Cost": 1030021491539.24, "Total Cost": 3997608709548.66, "Plan Rows": 1919, "Plan Width": 21, "Inner Unique": true, "Hash Cond": "(mc.company_type_id = ct.id)", "Plans": [{"Node Type": "Merge Join", "Parent Relationship": "Outer", "Join Type": "Inner", "Startup Cost": 30021490308.98, "Total Cost": 2997608708289.58, "Plan Rows": 3839, "Plan Width": 25, "Inner Unique": false, "Merge Cond": "(t.id = mi.movie_id)", "Plans": [{"Node Type": "Merge Join", "Parent Relationship": "Outer", "Join Type": "Inner", "Startup Cost": 20021490308.98, "Total Cost": 1999077499123.92, "Plan Rows": 3740, "Plan Width": 29, "Inner Unique": true, "Merge Cond": "(mc.movie_id = t.id)", "Plans": [{"Node Type": "Index Scan", "Parent Relationship": "Outer", "Scan Direction": "Forward", "Index Name": "movie_id_movie_companies", "Relation Name": "movie_companies", "Alias": "mc", "Startup Cost": 10000000000.0, "Total Cost": 1000014356510.13, "Plan Rows": 3081, "Plan Width": 8, "Filter": "(((note)::text ~~ '%(theatrical)%'::text) AND ((note)::text ~~ '%(France)%'::text))"}, {"Node Type": "Index Scan", "Parent Relationship": "Inner", "Scan Direction": "Forward", "Index Name": "title_pkey", "Relation Name": "title", "Alias": "t", "Startup Cost": 10000000000.0, "Total Cost": 1000011644126.66, "Plan Rows": 1013492, "Plan Width": 21, "Filter": "(production_year > 2005), (LLVM Optimized)"}]}, {"Node Type": "Index Scan", "Parent Relationship": "Inner", "Scan Direction": "Forward", "Index Name": "movie_id_movie_info", "Relation Name": "movie_info", "Alias": "mi", "Startup Cost": 10000000000.0, "Total Cost": 1000118686878.22, "Plan Rows": 141478, "Plan Width": 8, "Filter": "((info)::text = ANY ('{Sweden,Norway,Germany,Denmark,Swedish,Denish,Norwegian,German}'::text[]))"}]}, {"Node Type": "Hash", "Parent Relationship": "Inner", "Startup Cost": 1000000001230.25, "Total Cost": 1000000001230.25, "Plan Rows": 1, "Plan Width": 4, "Plans": [{"Node Type": "Index Scan", "Parent Relationship": "Outer", "Scan Direction": "Forward", "Index Name": "company_type_pkey", "Relation Name": "company_type", "Alias": "ct", "Startup Cost": 10000000000.0, "Total Cost": 1000000001230.25, "Plan Rows": 1, "Plan Width": 4, "Filter": "((kind)::text = 'production companies'::text)"}]}]}, {"Node Type": "Hash", "Parent Relationship": "Inner", "Startup Cost": 1000000001393.0, "Total Cost": 1000000001393.0, "Plan Rows": 112, "Plan Width": 4, "Plans": [{"Node Type": "Index Scan", "Parent Relationship": "Outer", "Scan Direction": "Forward", "Index Name": "info_type_pkey", "Relation Name": "info_type", "Alias": "it", "Startup Cost": 10000000000.0, "Total Cost": 1000000001393.0, "Plan Rows": 112, "Plan Width": 4}]}]}]}, "Unique SQL Id": 2510907716, "Planner Runtime": 16}, "explain_analyze_plan": null}, "(16, '80')": {"explain_plan": {"Plan": {"Node Type": "Aggregate", "Strategy": "Plain", "Startup Cost": 33415.11, "Total Cost": 33415.12, "Plan Rows": 1, "Plan Width": 49, "Plans": [{"Node Type": "Merge Join", "Parent Relationship": "Outer", "Join Type": "Inner", "Startup Cost": 33379.69, "Total Cost": 33410.31, "Plan Rows": 1919, "Plan Width": 17, "Inner Unique": false, "Merge Cond": "(it.id = mi.info_type_id)", "Plans": [{"Node Type": "Index Only Scan", "Parent Relationship": "Outer", "Scan Direction": "Forward", "Index Name": "info_type_pkey", "Relation Name": "info_type", "Alias": "it", "Startup Cost": 0.0, "Total Cost": 2.12, "Plan Rows": 112, "Plan Width": 4}, {"Node Type": "Sort", "Parent Relationship": "Inner", "Startup Cost": 33379.17, "Total Cost": 33383.96, "Plan Rows": 1919, "Plan Width": 21, "Sort Key": ["mi.info_type_id"], "Plans": [{"Node Type": "Nested Loop", "Parent Relationship": "Outer", "Join Type": "Inner", "Startup Cost": 0.0, "Total Cost": 33274.52, "Plan Rows": 1919, "Plan Width": 21, "Inner Unique": false, "Plans": [{"Node Type": "Nested Loop", "Parent Relationship": "Outer", "Join Type": "Inner", "Startup Cost": 0.0, "Total Cost": 30995.23, "Plan Rows": 1869, "Plan Width": 25, "Inner Unique": true, "Plans": [{"Node Type": "Nested Loop", "Parent Relationship": "Outer", "Join Type": "Inner", "Startup Cost": 0.0, "Total Cost": 19377.81, "Plan Rows": 1540, "Plan Width": 4, "Inner Unique": true, "Plans": [{"Node Type": "Streaming(type: LOCAL GATHER dop: 1/16)", "Parent Relationship": "Outer", "Startup Cost": 0.0, "Total Cost": 18495.43, "Plan Rows": 3081, "Plan Width": 8, "Plans": [{"Node Type": "Seq Scan", "Parent Relationship": "Outer", "Relation Name": "movie_companies", "Alias": "mc", "Startup Cost": 0.0, "Total Cost": 18428.93, "Plan Rows": 3081, "Plan Width": 8, "Filter": "(((note)::text ~~ '%(theatrical)%'::text) AND ((note)::text ~~ '%(France)%'::text))"}]}, {"Node Type": "Index Scan", "Parent Relationship": "Inner", "Scan Direction": "Forward", "Index Name": "company_type_pkey", "Relation Name": "company_type", "Alias": "ct", "Startup Cost": 0.0, "Total Cost": 0.28, "Plan Rows": 1, "Plan Width": 4, "Index Cond": "(id = mc.company_type_id)", "Filter": "((kind)::text = 'production companies'::text)"}]}, {"Node Type": "Index Scan", "Parent Relationship": "Inner", "Scan Direction": "Forward", "Index Name": "title_pkey", "Relation Name": "title", "Alias": "t", "Startup Cost": 0.0, "Total Cost": 7.53, "Plan Rows": 1, "Plan Width": 21, "Index Cond": "(id = mc.movie_id)", "Filter": "(production_year > 2005)"}]}, {"Node Type": "Index Scan", "Parent Relationship": "Inner", "Scan Direction": "Forward", "Index Name": "movie_id_movie_info", "Relation Name": "movie_info", "Alias": "mi", "Startup Cost": 0.0, "Total Cost": 1.21, "Plan Rows": 1, "Plan Width": 8, "Index Cond": "(movie_id = t.id)", "Filter": "((info)::text = ANY ('{Sweden,Norway,Germany,Denmark,Swedish,Denish,Norwegian,German}'::text[]))"}]}]}]}]}, "Unique SQL Id": 2510907716, "Planner Runtime": 6}, "explain_analyze_plan": {"Plan": {"Node Type": "Aggregate", "Strategy": "Plain", "Startup Cost": 33415.11, "Total Cost": 33415.12, "Plan Rows": 1, "Plan Width": 49, "Actual Min Startup Time": 91.866, "Actual Max Startup Time": 91.866, "Actual Min Total Time": 91.867, "Actual Max Total Time": 91.867, "Plans": [{"Node Type": "Merge Join", "Parent Relationship": "Outer", "Join Type": "Inner", "Startup Cost": 33379.69, "Total Cost": 33410.31, "Plan Rows": 1919, "Plan Width": 17, "Actual Min Startup Time": 91.856, "Actual Max Startup Time": 91.856, "Actual Min Total Time": 91.856, "Actual Max Total Time": 91.856, "Inner Unique": false, "Merge Cond": "(it.id = mi.info_type_id)", "Plans": [{"Node Type": "Index Only Scan", "Parent Relationship": "Outer", "Scan Direction": "Forward", "Index Name": "info_type_pkey", "Relation Name": "info_type", "Alias": "it", "Startup Cost": 0.0, "Total Cost": 2.12, "Plan Rows": 112, "Plan Width": 4, "Actual Min Startup Time": 0.017, "Actual Max Startup Time": 0.017, "Actual Min Total Time": 0.017, "Actual Max Total Time": 0.017, "Heap Fetches": 0, "Actual Rows": 1}, {"Node Type": "Sort", "Parent Relationship": "Inner", "Startup Cost": 33379.17, "Total Cost": 33383.96, "Plan Rows": 1919, "Plan Width": 21, "Actual Min Startup Time": 91.823, "Actual Max Startup Time": 91.823, "Actual Min Total Time": 91.823, "Actual Max Total Time": 91.823, "Sort Key": ["mi.info_type_id"], "Sort Method": "quicksort", "Sort Space Min Used": 25, "Sort Space Max Used": 25, "Sort Space Type": "Memory", "Plans": [{"Node Type": "Nested Loop", "Parent Relationship": "Outer", "Join Type": "Inner", "Startup Cost": 0.0, "Total Cost": 33274.52, "Plan Rows": 1919, "Plan Width": 21, "Actual Min Startup Time": 91.805, "Actual Max Startup Time": 91.805, "Actual Min Total Time": 91.805, "Actual Max Total Time": 91.805, "Inner Unique": false, "Plans": [{"Node Type": "Nested Loop", "Parent Relationship": "Outer", "Join Type": "Inner", "Startup Cost": 0.0, "Total Cost": 30995.23, "Plan Rows": 1869, "Plan Width": 25, "Actual Min Startup Time": 91.802, "Actual Max Startup Time": 91.802, "Actual Min Total Time": 91.802, "Actual Max Total Time": 91.802, "Inner Unique": true, "Plans": [{"Node Type": "Nested Loop", "Parent Relationship": "Outer", "Join Type": "Inner", "Startup Cost": 0.0, "Total Cost": 19377.81, "Plan Rows": 1540, "Plan Width": 4, "Actual Min Startup Time": 91.801, "Actual Max Startup Time": 91.801, "Actual Min Total Time": 91.801, "Actual Max Total Time": 91.801, "Inner Unique": true, "Plans": [{"Node Type": "Streaming(type: LOCAL GATHER dop: 1/16)", "Parent Relationship": "Outer", "Startup Cost": 0.0, "Total Cost": 18495.43, "Plan Rows": 3081, "Plan Width": 8, "Actual Min Startup Time": 26.408, "Actual Max Startup Time": 26.408, "Actual Min Total Time": 69.471, "Actual Max Total Time": 69.471, "Plans": [{"Node Type": "Seq Scan", "Parent Relationship": "Outer", "Relation Name": "movie_companies", "Alias": "mc", "Startup Cost": 0.0, "Total Cost": 18428.93, "Plan Rows": 3081, "Plan Width": 8, "Actual Min Startup Time": 0.951, "Actual Max Startup Time": 12.857, "Actual Min Total Time": 60.165, "Actual Max Total Time": 66.472, "Filter": "(((note)::text ~~ '%(theatrical)%'::text) AND ((note)::text ~~ '%(France)%'::text))", "Rows Removed by Filter": 2585103, "Actual Rows": 24025}], "Actual Rows": 24025}, {"Node Type": "Index Scan", "Parent Relationship": "Inner", "Scan Direction": "Forward", "Index Name": "company_type_pkey", "Relation Name": "company_type", "Alias": "ct", "Startup Cost": 0.0, "Total Cost": 0.28, "Plan Rows": 1, "Plan Width": 4, "Actual Min Startup Time": 14.313, "Actual Max Startup Time": 14.313, "Actual Min Total Time": 14.313, "Actual Max Total Time": 14.313, "Index Cond": "(id = mc.company_type_id)", "Rows Removed by Index Recheck": 0, "Filter": "((kind)::text = 'production companies'::text)", "Rows Removed by Filter": 0, "Actual Rows": 0}], "Actual Rows": 0}, {"Node Type": "Index Scan", "Parent Relationship": "Inner", "Scan Direction": "Forward", "Index Name": "title_pkey", "Relation Name": "title", "Alias": "t", "Startup Cost": 0.0, "Total Cost": 7.53, "Plan Rows": 1, "Plan Width": 21, "Actual Startup Time": 0.0, "Actual Total Time": 0.0, "Index Cond": "(id = mc.movie_id)", "Rows Removed by Index Recheck": 0, "Filter": "(production_year > 2005)", "Rows Removed by Filter": 0}], "Actual Rows": 0}, {"Node Type": "Index Scan", "Parent Relationship": "Inner", "Scan Direction": "Forward", "Index Name": "movie_id_movie_info", "Relation Name": "movie_info", "Alias": "mi", "Startup Cost": 0.0, "Total Cost": 1.21, "Plan Rows": 1, "Plan Width": 8, "Actual Startup Time": 0.0, "Actual Total Time": 0.0, "Index Cond": "(movie_id = t.id)", "Rows Removed by Index Recheck": 0, "Filter": "((info)::text = ANY ('{Sweden,Norway,Germany,Denmark,Swedish,Denish,Norwegian,German}'::text[]))", "Rows Removed by Filter": 0}], "Actual Rows": 0}], "Actual Rows": 0}], "Actual Rows": 0}], "Actual Rows": 1}, "Triggers": [], "Planner Runtime": 6.488, "Total Runtime": 94.414, "Unique SQL Id": 2510907716}}, "(16, '81')": {"explain_plan": {"Plan": {"Node Type": "Aggregate", "Strategy": "Plain", "Startup Cost": 99924.76, "Total Cost": 99924.77, "Plan Rows": 1, "Plan Width": 49, "Plans": [{"Node Type": "Nested Loop", "Parent Relationship": "Outer", "Join Type": "Inner", "Startup Cost": 0.0, "Total Cost": 99919.97, "Plan Rows": 1919, "Plan Width": 17, "Inner Unique": true, "Plans": [{"Node Type": "Nested Loop", "Parent Relationship": "Outer", "Join Type": "Inner", "Startup Cost": 0.0, "Total Cost": 99382.54, "Plan Rows": 1919, "Plan Width": 21, "Inner Unique": false, "Plans": [{"Node Type": "Nested Loop", "Parent Relationship": "Outer", "Join Type": "Inner", "Startup Cost": 0.0, "Total Cost": 97103.24, "Plan Rows": 1869, "Plan Width": 25, "Inner Unique": true, "Plans": [{"Node Type": "Nested Loop", "Parent Relationship": "Outer", "Join Type": "Inner", "Startup Cost": 0.0, "Total Cost": 85485.82, "Plan Rows": 1540, "Plan Width": 4, "Inner Unique": true, "Plans": [{"Node Type": "Streaming(type: LOCAL GATHER dop: 1/16)", "Parent Relationship": "Outer", "Startup Cost": 0.0, "Total Cost": 84603.44, "Plan Rows": 3081, "Plan Width": 8, "Plans": [{"Node Type": "Index Scan", "Parent Relationship": "Outer", "Scan Direction": "Forward", "Index Name": "company_type_id_movie_companies", "Relation Name": "movie_companies", "Alias": "mc", "Startup Cost": 0.0, "Total Cost": 84536.95, "Plan Rows": 3081, "Plan Width": 8, "Filter": "(((note)::text ~~ '%(theatrical)%'::text) AND ((note)::text ~~ '%(France)%'::text))"}]}, {"Node Type": "Index Scan", "Parent Relationship": "Inner", "Scan Direction": "Forward", "Index Name": "company_type_pkey", "Relation Name": "company_type", "Alias": "ct", "Startup Cost": 0.0, "Total Cost": 0.28, "Plan Rows": 1, "Plan Width": 4, "Index Cond": "(id = mc.company_type_id)", "Filter": "((kind)::text = 'production companies'::text)"}]}, {"Node Type": "Index Scan", "Parent Relationship": "Inner", "Scan Direction": "Forward", "Index Name": "title_pkey", "Relation Name": "title", "Alias": "t", "Startup Cost": 0.0, "Total Cost": 7.53, "Plan Rows": 1, "Plan Width": 21, "Index Cond": "(id = mc.movie_id)", "Filter": "(production_year > 2005)"}]}, {"Node Type": "Index Scan", "Parent Relationship": "Inner", "Scan Direction": "Forward", "Index Name": "movie_id_movie_info", "Relation Name": "movie_info", "Alias": "mi", "Startup Cost": 0.0, "Total Cost": 1.21, "Plan Rows": 1, "Plan Width": 8, "Index Cond": "(movie_id = t.id)", "Filter": "((info)::text = ANY ('{Sweden,Norway,Germany,Denmark,Swedish,Denish,Norwegian,German}'::text[]))"}]}, {"Node Type": "Index Only Scan", "Parent Relationship": "Inner", "Scan Direction": "Forward", "Index Name": "info_type_pkey", "Relation Name": "info_type", "Alias": "it", "Startup Cost": 0.0, "Total Cost": 0.27, "Plan Rows": 1, "Plan Width": 4, "Index Cond": "(id = mi.info_type_id)"}]}]}, "Unique SQL Id": 2510907716, "Planner Runtime": 6}, "explain_analyze_plan": {"Plan": {"Node Type": "Aggregate", "Strategy": "Plain", "Startup Cost": 99924.76, "Total Cost": 99924.77, "Plan Rows": 1, "Plan Width": 49, "Actual Min Startup Time": 170.847, "Actual Max Startup Time": 170.847, "Actual Min Total Time": 170.848, "Actual Max Total Time": 170.848, "Plans": [{"Node Type": "Nested Loop", "Parent Relationship": "Outer", "Join Type": "Inner", "Startup Cost": 0.0, "Total Cost": 99919.97, "Plan Rows": 1919, "Plan Width": 17, "Actual Min Startup Time": 170.838, "Actual Max Startup Time": 170.838, "Actual Min Total Time": 170.838, "Actual Max Total Time": 170.838, "Inner Unique": true, "Plans": [{"Node Type": "Nested Loop", "Parent Relationship": "Outer", "Join Type": "Inner", "Startup Cost": 0.0, "Total Cost": 99382.54, "Plan Rows": 1919, "Plan Width": 21, "Actual Min Startup Time": 170.836, "Actual Max Startup Time": 170.836, "Actual Min Total Time": 170.836, "Actual Max Total Time": 170.836, "Inner Unique": false, "Plans": [{"Node Type": "Nested Loop", "Parent Relationship": "Outer", "Join Type": "Inner", "Startup Cost": 0.0, "Total Cost": 97103.24, "Plan Rows": 1869, "Plan Width": 25, "Actual Min Startup Time": 170.834, "Actual Max Startup Time": 170.834, "Actual Min Total Time": 170.834, "Actual Max Total Time": 170.834, "Inner Unique": true, "Plans": [{"Node Type": "Nested Loop", "Parent Relationship": "Outer", "Join Type": "Inner", "Startup Cost": 0.0, "Total Cost": 85485.82, "Plan Rows": 1540, "Plan Width": 4, "Actual Min Startup Time": 170.833, "Actual Max Startup Time": 170.833, "Actual Min Total Time": 170.833, "Actual Max Total Time": 170.833, "Inner Unique": true, "Plans": [{"Node Type": "Streaming(type: LOCAL GATHER dop: 1/16)", "Parent Relationship": "Outer", "Startup Cost": 0.0, "Total Cost": 84603.44, "Plan Rows": 3081, "Plan Width": 8, "Actual Min Startup Time": 32.062, "Actual Max Startup Time": 32.062, "Actual Min Total Time": 148.487, "Actual Max Total Time": 148.487, "Plans": [{"Node Type": "Index Scan", "Parent Relationship": "Outer", "Scan Direction": "Forward", "Index Name": "company_type_id_movie_companies", "Relation Name": "movie_companies", "Alias": "mc", "Startup Cost": 0.0, "Total Cost": 84536.95, "Plan Rows": 3081, "Plan Width": 8, "Actual Min Startup Time": 15.98, "Actual Max Startup Time": 88.111, "Actual Min Total Time": 86.282, "Actual Max Total Time": 153.188, "Filter": "(((note)::text ~~ '%(theatrical)%'::text) AND ((note)::text ~~ '%(France)%'::text))", "Rows Removed by Filter": 2585103, "Actual Rows": 24025}], "Actual Rows": 24025}, {"Node Type": "Index Scan", "Parent Relationship": "Inner", "Scan Direction": "Forward", "Index Name": "company_type_pkey", "Relation Name": "company_type", "Alias": "ct", "Startup Cost": 0.0, "Total Cost": 0.28, "Plan Rows": 1, "Plan Width": 4, "Actual Min Startup Time": 13.513, "Actual Max Startup Time": 13.513, "Actual Min Total Time": 13.513, "Actual Max Total Time": 13.513, "Index Cond": "(id = mc.company_type_id)", "Rows Removed by Index Recheck": 0, "Filter": "((kind)::text = 'production companies'::text)", "Rows Removed by Filter": 0, "Actual Rows": 0}], "Actual Rows": 0}, {"Node Type": "Index Scan", "Parent Relationship": "Inner", "Scan Direction": "Forward", "Index Name": "title_pkey", "Relation Name": "title", "Alias": "t", "Startup Cost": 0.0, "Total Cost": 7.53, "Plan Rows": 1, "Plan Width": 21, "Actual Startup Time": 0.0, "Actual Total Time": 0.0, "Index Cond": "(id = mc.movie_id)", "Rows Removed by Index Recheck": 0, "Filter": "(production_year > 2005)", "Rows Removed by Filter": 0}], "Actual Rows": 0}, {"Node Type": "Index Scan", "Parent Relationship": "Inner", "Scan Direction": "Forward", "Index Name": "movie_id_movie_info", "Relation Name": "movie_info", "Alias": "mi", "Startup Cost": 0.0, "Total Cost": 1.21, "Plan Rows": 1, "Plan Width": 8, "Actual Startup Time": 0.0, "Actual Total Time": 0.0, "Index Cond": "(movie_id = t.id)", "Rows Removed by Index Recheck": 0, "Filter": "((info)::text = ANY ('{Sweden,Norway,Germany,Denmark,Swedish,Denish,Norwegian,German}'::text[]))", "Rows Removed by Filter": 0}], "Actual Rows": 0}, {"Node Type": "Index Only Scan", "Parent Relationship": "Inner", "Scan Direction": "Forward", "Index Name": "info_type_pkey", "Relation Name": "info_type", "Alias": "it", "Startup Cost": 0.0, "Total Cost": 0.27, "Plan Rows": 1, "Plan Width": 4, "Actual Startup Time": 0.0, "Actual Total Time": 0.0, "Index Cond": "(id = mi.info_type_id)", "Rows Removed by Index Recheck": 0, "Heap Fetches": 0}], "Actual Rows": 0}], "Actual Rows": 1}, "Triggers": [], "Planner Runtime": 9.058, "Total Runtime": 173.276, "Unique SQL Id": 2510907716}}, "(16, '82')": {"explain_plan": {"Plan": {"Node Type": "Aggregate", "Strategy": "Plain", "Startup Cost": 51325.61, "Total Cost": 51325.62, "Plan Rows": 1, "Plan Width": 49, "Plans": [{"Node Type": "Merge Join", "Parent Relationship": "Outer", "Join Type": "Inner", "Startup Cost": 51292.0, "Total Cost": 51320.81, "Plan Rows": 1919, "Plan Width": 17, "Inner Unique": false, "Merge Cond": "(it.id = mi.info_type_id)", "Plans": [{"Node Type": "Sort", "Parent Relationship": "Outer", "Startup Cost": 5.93, "Total Cost": 6.21, "Plan Rows": 112, "Plan Width": 4, "Sort Key": ["it.id"], "Plans": [{"Node Type": "Seq Scan", "Parent Relationship": "Outer", "Relation Name": "info_type", "Alias": "it", "Startup Cost": 0.0, "Total Cost": 2.12, "Plan Rows": 112, "Plan Width": 4}]}, {"Node Type": "Sort", "Parent Relationship": "Inner", "Startup Cost": 51285.54, "Total Cost": 51290.34, "Plan Rows": 1919, "Plan Width": 21, "Sort Key": ["mi.info_type_id"], "Plans": [{"Node Type": "Nested Loop", "Parent Relationship": "Outer", "Join Type": "Inner", "Startup Cost": 42491.24, "Total Cost": 51180.9, "Plan Rows": 1919, "Plan Width": 21, "Inner Unique": false, "Plans": [{"Node Type": "Merge Join", "Parent Relationship": "Outer", "Join Type": "Inner", "Startup Cost": 42490.73, "Total Cost": 42518.98, "Plan Rows": 1869, "Plan Width": 25, "Inner Unique": false, "Merge Cond": "(ct.id = mc.company_type_id)", "Plans": [{"Node Type": "Sort", "Parent Relationship": "Outer", "Startup Cost": 1.05, "Total Cost": 1.05, "Plan Rows": 1, "Plan Width": 4, "Sort Key": ["ct.id"], "Plans": [{"Node Type": "Seq Scan", "Parent Relationship": "Outer", "Relation Name": "company_type", "Alias": "ct", "Startup Cost": 0.0, "Total Cost": 1.04, "Plan Rows": 1, "Plan Width": 4, "Filter": "((kind)::text = 'production companies'::text)"}]}, {"Node Type": "Sort", "Parent Relationship": "Inner", "Startup Cost": 42480.53, "Total Cost": 42489.88, "Plan Rows": 3740, "Plan Width": 29, "Sort Key": ["mc.company_type_id"], "Plans": [{"Node Type": "Nested Loop", "Parent Relationship": "Outer", "Join Type": "Inner", "Startup Cost": 3.69, "Total Cost": 42258.58, "Plan Rows": 3740, "Plan Width": 29, "Inner Unique": true, "Plans": [{"Node Type": "Streaming(type: LOCAL GATHER dop: 1/16)", "Parent Relationship": "Outer", "Startup Cost": 0.0, "Total Cost": 18495.43, "Plan Rows": 3081, "Plan Width": 8, "Plans": [{"Node Type": "Seq Scan", "Parent Relationship": "Outer", "Relation Name": "movie_companies", "Alias": "mc", "Startup Cost": 0.0, "Total Cost": 18428.93, "Plan Rows": 3081, "Plan Width": 8, "Filter": "(((note)::text ~~ '%(theatrical)%'::text) AND ((note)::text ~~ '%(France)%'::text))"}]}, {"Node Type": "Bitmap Heap Scan", "Parent Relationship": "Inner", "Relation Name": "title", "Alias": "t", "Startup Cost": 3.69, "Total Cost": 7.7, "Plan Rows": 1, "Plan Width": 21, "Recheck Cond": "(id = mc.movie_id)", "Filter": "(production_year > 2005)", "Plans": [{"Node Type": "Bitmap Index Scan", "Parent Relationship": "Outer", "Index Name": "title_pkey", "Startup Cost": 0.0, "Total Cost": 3.69, "Plan Rows": 1, "Plan Width": 0, "Index Cond": "(id = mc.movie_id)"}]}]}]}]}, {"Node Type": "Bitmap Heap Scan", "Parent Relationship": "Inner", "Relation Name": "movie_info", "Alias": "mi", "Startup Cost": 0.51, "Total Cost": 4.62, "Plan Rows": 1, "Plan Width": 8, "Recheck Cond": "(movie_id = t.id)", "Filter": "((info)::text = ANY ('{Sweden,Norway,Germany,Denmark,Swedish,Denish,Norwegian,German}'::text[]))", "Plans": [{"Node Type": "Bitmap Index Scan", "Parent Relationship": "Outer", "Index Name": "movie_id_movie_info", "Startup Cost": 0.0, "Total Cost": 0.51, "Plan Rows": 5, "Plan Width": 0, "Index Cond": "(movie_id = t.id)"}]}]}]}]}]}, "Unique SQL Id": 2510907716, "Planner Runtime": 7}, "explain_analyze_plan": {"Plan": {"Node Type": "Aggregate", "Strategy": "Plain", "Startup Cost": 51325.61, "Total Cost": 51325.62, "Plan Rows": 1, "Plan Width": 49, "Actual Min Startup Time": 212.04, "Actual Max Startup Time": 212.04, "Actual Min Total Time": 212.04, "Actual Max Total Time": 212.04, "Plans": [{"Node Type": "Merge Join", "Parent Relationship": "Outer", "Join Type": "Inner", "Startup Cost": 51292.0, "Total Cost": 51320.81, "Plan Rows": 1919, "Plan Width": 17, "Actual Min Startup Time": 212.03, "Actual Max Startup Time": 212.03, "Actual Min Total Time": 212.03, "Actual Max Total Time": 212.03, "Inner Unique": false, "Merge Cond": "(it.id = mi.info_type_id)", "Plans": [{"Node Type": "Sort", "Parent Relationship": "Outer", "Startup Cost": 5.93, "Total Cost": 6.21, "Plan Rows": 112, "Plan Width": 4, "Actual Min Startup Time": 0.112, "Actual Max Startup Time": 0.112, "Actual Min Total Time": 0.112, "Actual Max Total Time": 0.112, "Sort Key": ["it.id"], "Sort Method": "quicksort", "Sort Space Min Used": 32, "Sort Space Max Used": 32, "Sort Space Type": "Memory", "Plans": [{"Node Type": "Seq Scan", "Parent Relationship": "Outer", "Relation Name": "info_type", "Alias": "it", "Startup Cost": 0.0, "Total Cost": 2.12, "Plan Rows": 112, "Plan Width": 4, "Actual Min Startup Time": 0.035, "Actual Max Startup Time": 0.035, "Actual Min Total Time": 0.046, "Actual Max Total Time": 0.046, "Actual Rows": 112}], "Actual Rows": 1}, {"Node Type": "Sort", "Parent Relationship": "Inner", "Startup Cost": 51285.54, "Total Cost": 51290.34, "Plan Rows": 1919, "Plan Width": 21, "Actual Min Startup Time": 211.903, "Actual Max Startup Time": 211.903, "Actual Min Total Time": 211.903, "Actual Max Total Time": 211.903, "Sort Key": ["mi.info_type_id"], "Sort Method": "quicksort", "Sort Space Min Used": 25, "Sort Space Max Used": 25, "Sort Space Type": "Memory", "Plans": [{"Node Type": "Nested Loop", "Parent Relationship": "Outer", "Join Type": "Inner", "Startup Cost": 42491.24, "Total Cost": 51180.9, "Plan Rows": 1919, "Plan Width": 21, "Actual Min Startup Time": 211.897, "Actual Max Startup Time": 211.897, "Actual Min Total Time": 211.897, "Actual Max Total Time": 211.897, "Inner Unique": false, "Plans": [{"Node Type": "Merge Join", "Parent Relationship": "Outer", "Join Type": "Inner", "Startup Cost": 42490.73, "Total Cost": 42518.98, "Plan Rows": 1869, "Plan Width": 25, "Actual Min Startup Time": 211.895, "Actual Max Startup Time": 211.895, "Actual Min Total Time": 211.895, "Actual Max Total Time": 211.895, "Inner Unique": false, "Merge Cond": "(ct.id = mc.company_type_id)", "Plans": [{"Node Type": "Sort", "Parent Relationship": "Outer", "Startup Cost": 1.05, "Total Cost": 1.05, "Plan Rows": 1, "Plan Width": 4, "Actual Min Startup Time": 0.024, "Actual Max Startup Time": 0.024, "Actual Min Total Time": 0.024, "Actual Max Total Time": 0.024, "Sort Key": ["ct.id"], "Sort Method": "quicksort", "Sort Space Min Used": 25, "Sort Space Max Used": 25, "Sort Space Type": "Memory", "Plans": [{"Node Type": "Seq Scan", "Parent Relationship": "Outer", "Relation Name": "company_type", "Alias": "ct", "Startup Cost": 0.0, "Total Cost": 1.04, "Plan Rows": 1, "Plan Width": 4, "Actual Min Startup Time": 0.019, "Actual Max Startup Time": 0.019, "Actual Min Total Time": 0.021, "Actual Max Total Time": 0.021, "Filter": "((kind)::text = 'production companies'::text)", "Rows Removed by Filter": 2, "Actual Rows": 1}], "Actual Rows": 1}, {"Node Type": "Sort", "Parent Relationship": "Inner", "Startup Cost": 42480.53, "Total Cost": 42489.88, "Plan Rows": 3740, "Plan Width": 29, "Actual Min Startup Time": 210.822, "Actual Max Startup Time": 210.822, "Actual Min Total Time": 211.265, "Actual Max Total Time": 211.265, "Sort Key": ["mc.company_type_id"], "Sort Method": "quicksort", "Sort Space Min Used": 489, "Sort Space Max Used": 489, "Sort Space Type": "Memory", "Plans": [{"Node Type": "Nested Loop", "Parent Relationship": "Outer", "Join Type": "Inner", "Startup Cost": 3.69, "Total Cost": 42258.58, "Plan Rows": 3740, "Plan Width": 29, "Actual Min Startup Time": 27.925, "Actual Max Startup Time": 27.925, "Actual Min Total Time": 208.993, "Actual Max Total Time": 208.993, "Inner Unique": true, "Plans": [{"Node Type": "Streaming(type: LOCAL GATHER dop: 1/16)", "Parent Relationship": "Outer", "Startup Cost": 0.0, "Total Cost": 18495.43, "Plan Rows": 3081, "Plan Width": 8, "Actual Min Startup Time": 27.842, "Actual Max Startup Time": 27.842, "Actual Min Total Time": 66.364, "Actual Max Total Time": 66.364, "Plans": [{"Node Type": "Seq Scan", "Parent Relationship": "Outer", "Relation Name": "movie_companies", "Alias": "mc", "Startup Cost": 0.0, "Total Cost": 18428.93, "Plan Rows": 3081, "Plan Width": 8, "Actual Min Startup Time": 0.917, "Actual Max Startup Time": 12.817, "Actual Min Total Time": 60.285, "Actual Max Total Time": 68.012, "Filter": "(((note)::text ~~ '%(theatrical)%'::text) AND ((note)::text ~~ '%(France)%'::text))", "Rows Removed by Filter": 2585103, "Actual Rows": 24025}], "Actual Rows": 24025}, {"Node Type": "Bitmap Heap Scan", "Parent Relationship": "Inner", "Relation Name": "title", "Alias": "t", "Startup Cost": 3.69, "Total Cost": 7.7, "Plan Rows": 1, "Plan Width": 21, "Actual Min Startup Time": 115.0, "Actual Max Startup Time": 115.0, "Actual Min Total Time": 115.0, "Actual Max Total Time": 115.0, "Recheck Cond": "(id = mc.movie_id)", "Rows Removed by Index Recheck": 0, "Filter": "(production_year > 2005)", "Rows Removed by Filter": 20096, "Exact Heap Blocks": 24025, "Lossy Heap Blocks": 24025, "Plans": [{"Node Type": "Bitmap Index Scan", "Parent Relationship": "Outer", "Index Name": "title_pkey", "Startup Cost": 0.0, "Total Cost": 3.69, "Plan Rows": 1, "Plan Width": 0, "Actual Min Startup Time": 61.948, "Actual Max Startup Time": 61.948, "Actual Min Total Time": 61.948, "Actual Max Total Time": 61.948, "Index Cond": "(id = mc.movie_id)", "Actual Rows": 24025}], "Actual Rows": 3929}], "Actual Rows": 3929}], "Actual Rows": 3929}], "Actual Rows": 0}, {"Node Type": "Bitmap Heap Scan", "Parent Relationship": "Inner", "Relation Name": "movie_info", "Alias": "mi", "Startup Cost": 0.51, "Total Cost": 4.62, "Plan Rows": 1, "Plan Width": 8, "Actual Startup Time": 0.0, "Actual Total Time": 0.0, "Recheck Cond": "(movie_id = t.id)", "Rows Removed by Index Recheck": 0, "Filter": "((info)::text = ANY ('{Sweden,Norway,Germany,Denmark,Swedish,Denish,Norwegian,German}'::text[]))", "Rows Removed by Filter": 0, "Exact Heap Blocks": 0, "Lossy Heap Blocks": 0, "Plans": [{"Node Type": "Bitmap Index Scan", "Parent Relationship": "Outer", "Index Name": "movie_id_movie_info", "Startup Cost": 0.0, "Total Cost": 0.51, "Plan Rows": 5, "Plan Width": 0, "Actual Startup Time": 0.0, "Actual Total Time": 0.0, "Index Cond": "(movie_id = t.id)"}]}], "Actual Rows": 0}], "Actual Rows": 0}], "Actual Rows": 0}], "Actual Rows": 1}, "Triggers": [], "Planner Runtime": 7.048, "Total Runtime": 214.571, "Unique SQL Id": 2510907716}}, "(16, '83')": {"explain_plan": {"Plan": {"Node Type": "Aggregate", "Strategy": "Plain", "Startup Cost": 88224.62, "Total Cost": 88224.63, "Plan Rows": 1, "Plan Width": 49, "Plans": [{"Node Type": "Merge Join", "Parent Relationship": "Outer", "Join Type": "Inner", "Startup Cost": 88191.01, "Total Cost": 88219.83, "Plan Rows": 1919, "Plan Width": 17, "Inner Unique": false, "Merge Cond": "(it.id = mi.info_type_id)", "Plans": [{"Node Type": "Sort", "Parent Relationship": "Outer", "Startup Cost": 17.77, "Total Cost": 18.05, "Plan Rows": 112, "Plan Width": 4, "Sort Key": ["it.id"], "Plans": [{"Node Type": "Bitmap Heap Scan", "Parent Relationship": "Outer", "Relation Name": "info_type", "Alias": "it", "Startup Cost": 8.84, "Total Cost": 13.96, "Plan Rows": 112, "Plan Width": 4, "Plans": [{"Node Type": "Bitmap Index Scan", "Parent Relationship": "Outer", "Index Name": "info_type_pkey", "Startup Cost": 0.0, "Total Cost": 8.81, "Plan Rows": 112, "Plan Width": 0}]}]}, {"Node Type": "Sort", "Parent Relationship": "Inner", "Startup Cost": 88172.72, "Total Cost": 88177.52, "Plan Rows": 1919, "Plan Width": 21, "Sort Key": ["mi.info_type_id"], "Plans": [{"Node Type": "Nested Loop", "Parent Relationship": "Outer", "Join Type": "Inner", "Startup Cost": 28957.33, "Total Cost": 88068.08, "Plan Rows": 1919, "Plan Width": 21, "Inner Unique": false, "Plans": [{"Node Type": "Nested Loop", "Parent Relationship": "Outer", "Join Type": "Inner", "Startup Cost": 28956.82, "Total Cost": 79406.16, "Plan Rows": 1869, "Plan Width": 25, "Inner Unique": true, "Plans": [{"Node Type": "Nested Loop", "Parent Relationship": "Outer", "Join Type": "Inner", "Startup Cost": 28953.13, "Total Cost": 67528.44, "Plan Rows": 1540, "Plan Width": 4, "Inner Unique": false, "Plans": [{"Node Type": "Bitmap Heap Scan", "Parent Relationship": "Outer", "Relation Name": "company_type", "Alias": "ct", "Startup Cost": 8.27, "Total Cost": 12.3, "Plan Rows": 1, "Plan Width": 4, "Filter": "((kind)::text = 'production companies'::text)", "Plans": [{"Node Type": "Bitmap Index Scan", "Parent Relationship": "Outer", "Index Name": "company_type_pkey", "Startup Cost": 0.0, "Total Cost": 8.27, "Plan Rows": 3, "Plan Width": 0}]}, {"Node Type": "Bitmap Heap Scan", "Parent Relationship": "Inner", "Relation Name": "movie_companies", "Alias": "mc", "Startup Cost": 28944.86, "Total Cost": 67500.74, "Plan Rows": 1540, "Plan Width": 8, "Recheck Cond": "(company_type_id = ct.id)", "Filter": "(((note)::text ~~ '%(theatrical)%'::text) AND ((note)::text ~~ '%(France)%'::text))", "Plans": [{"Node Type": "Bitmap Index Scan", "Parent Relationship": "Outer", "Index Name": "company_type_id_movie_companies", "Startup Cost": 0.0, "Total Cost": 28944.48, "Plan Rows": 1304564, "Plan Width": 0, "Index Cond": "(company_type_id = ct.id)"}]}]}, {"Node Type": "Bitmap Heap Scan", "Parent Relationship": "Inner", "Relation Name": "title", "Alias": "t", "Startup Cost": 3.69, "Total Cost": 7.7, "Plan Rows": 1, "Plan Width": 21, "Recheck Cond": "(id = mc.movie_id)", "Filter": "(production_year > 2005)", "Plans": [{"Node Type": "Bitmap Index Scan", "Parent Relationship": "Outer", "Index Name": "title_pkey", "Startup Cost": 0.0, "Total Cost": 3.69, "Plan Rows": 1, "Plan Width": 0, "Index Cond": "(id = mc.movie_id)"}]}]}, {"Node Type": "Bitmap Heap Scan", "Parent Relationship": "Inner", "Relation Name": "movie_info", "Alias": "mi", "Startup Cost": 0.51, "Total Cost": 4.62, "Plan Rows": 1, "Plan Width": 8, "Recheck Cond": "(movie_id = t.id)", "Filter": "((info)::text = ANY ('{Sweden,Norway,Germany,Denmark,Swedish,Denish,Norwegian,German}'::text[]))", "Plans": [{"Node Type": "Bitmap Index Scan", "Parent Relationship": "Outer", "Index Name": "movie_id_movie_info", "Startup Cost": 0.0, "Total Cost": 0.51, "Plan Rows": 5, "Plan Width": 0, "Index Cond": "(movie_id = t.id)"}]}]}]}]}]}, "Unique SQL Id": 2510907716, "Planner Runtime": 7}, "explain_analyze_plan": null}, "(16, '84')": {"explain_plan": {"Plan": {"Node Type": "Aggregate", "Strategy": "Plain", "Startup Cost": 33419.23, "Total Cost": 33419.24, "Plan Rows": 1, "Plan Width": 49, "Plans": [{"Node Type": "Merge Join", "Parent Relationship": "Outer", "Join Type": "Inner", "Startup Cost": 33385.62, "Total Cost": 33414.43, "Plan Rows": 1919, "Plan Width": 17, "Inner Unique": false, "Merge Cond": "(it.id = mi.info_type_id)", "Plans": [{"Node Type": "Sort", "Parent Relationship": "Outer", "Startup Cost": 5.93, "Total Cost": 6.21, "Plan Rows": 112, "Plan Width": 4, "Sort Key": ["it.id"], "Plans": [{"Node Type": "Seq Scan", "Parent Relationship": "Outer", "Relation Name": "info_type", "Alias": "it", "Startup Cost": 0.0, "Total Cost": 2.12, "Plan Rows": 112, "Plan Width": 4}]}, {"Node Type": "Sort", "Parent Relationship": "Inner", "Startup Cost": 33379.17, "Total Cost": 33383.96, "Plan Rows": 1919, "Plan Width": 21, "Sort Key": ["mi.info_type_id"], "Plans": [{"Node Type": "Nested Loop", "Parent Relationship": "Outer", "Join Type": "Inner", "Startup Cost": 0.0, "Total Cost": 33274.52, "Plan Rows": 1919, "Plan Width": 21, "Inner Unique": false, "Plans": [{"Node Type": "Nested Loop", "Parent Relationship": "Outer", "Join Type": "Inner", "Startup Cost": 0.0, "Total Cost": 30995.23, "Plan Rows": 1869, "Plan Width": 25, "Inner Unique": true, "Plans": [{"Node Type": "Nested Loop", "Parent Relationship": "Outer", "Join Type": "Inner", "Startup Cost": 0.0, "Total Cost": 19377.81, "Plan Rows": 1540, "Plan Width": 4, "Inner Unique": true, "Plans": [{"Node Type": "Streaming(type: LOCAL GATHER dop: 1/16)", "Parent Relationship": "Outer", "Startup Cost": 0.0, "Total Cost": 18495.43, "Plan Rows": 3081, "Plan Width": 8, "Plans": [{"Node Type": "Seq Scan", "Parent Relationship": "Outer", "Relation Name": "movie_companies", "Alias": "mc", "Startup Cost": 0.0, "Total Cost": 18428.93, "Plan Rows": 3081, "Plan Width": 8, "Filter": "(((note)::text ~~ '%(theatrical)%'::text) AND ((note)::text ~~ '%(France)%'::text))"}]}, {"Node Type": "Index Scan", "Parent Relationship": "Inner", "Scan Direction": "Forward", "Index Name": "company_type_pkey", "Relation Name": "company_type", "Alias": "ct", "Startup Cost": 0.0, "Total Cost": 0.28, "Plan Rows": 1, "Plan Width": 4, "Index Cond": "(id = mc.company_type_id)", "Filter": "((kind)::text = 'production companies'::text)"}]}, {"Node Type": "Index Scan", "Parent Relationship": "Inner", "Scan Direction": "Forward", "Index Name": "title_pkey", "Relation Name": "title", "Alias": "t", "Startup Cost": 0.0, "Total Cost": 7.53, "Plan Rows": 1, "Plan Width": 21, "Index Cond": "(id = mc.movie_id)", "Filter": "(production_year > 2005)"}]}, {"Node Type": "Index Scan", "Parent Relationship": "Inner", "Scan Direction": "Forward", "Index Name": "movie_id_movie_info", "Relation Name": "movie_info", "Alias": "mi", "Startup Cost": 0.0, "Total Cost": 1.21, "Plan Rows": 1, "Plan Width": 8, "Index Cond": "(movie_id = t.id)", "Filter": "((info)::text = ANY ('{Sweden,Norway,Germany,Denmark,Swedish,Denish,Norwegian,German}'::text[]))"}]}]}]}]}, "Unique SQL Id": 2510907716, "Planner Runtime": 6}, "explain_analyze_plan": {"Plan": {"Node Type": "Aggregate", "Strategy": "Plain", "Startup Cost": 33419.23, "Total Cost": 33419.24, "Plan Rows": 1, "Plan Width": 49, "Actual Min Startup Time": 95.622, "Actual Max Startup Time": 95.622, "Actual Min Total Time": 95.623, "Actual Max Total Time": 95.623, "Plans": [{"Node Type": "Merge Join", "Parent Relationship": "Outer", "Join Type": "Inner", "Startup Cost": 33385.62, "Total Cost": 33414.43, "Plan Rows": 1919, "Plan Width": 17, "Actual Min Startup Time": 95.612, "Actual Max Startup Time": 95.612, "Actual Min Total Time": 95.612, "Actual Max Total Time": 95.612, "Inner Unique": false, "Merge Cond": "(it.id = mi.info_type_id)", "Plans": [{"Node Type": "Sort", "Parent Relationship": "Outer", "Startup Cost": 5.93, "Total Cost": 6.21, "Plan Rows": 112, "Plan Width": 4, "Actual Min Startup Time": 0.098, "Actual Max Startup Time": 0.098, "Actual Min Total Time": 0.098, "Actual Max Total Time": 0.098, "Sort Key": ["it.id"], "Sort Method": "quicksort", "Sort Space Min Used": 32, "Sort Space Max Used": 32, "Sort Space Type": "Memory", "Plans": [{"Node Type": "Seq Scan", "Parent Relationship": "Outer", "Relation Name": "info_type", "Alias": "it", "Startup Cost": 0.0, "Total Cost": 2.12, "Plan Rows": 112, "Plan Width": 4, "Actual Min Startup Time": 0.033, "Actual Max Startup Time": 0.033, "Actual Min Total Time": 0.056, "Actual Max Total Time": 0.056, "Actual Rows": 112}], "Actual Rows": 1}, {"Node Type": "Sort", "Parent Relationship": "Inner", "Startup Cost": 33379.17, "Total Cost": 33383.96, "Plan Rows": 1919, "Plan Width": 21, "Actual Min Startup Time": 95.497, "Actual Max Startup Time": 95.497, "Actual Min Total Time": 95.497, "Actual Max Total Time": 95.497, "Sort Key": ["mi.info_type_id"], "Sort Method": "quicksort", "Sort Space Min Used": 25, "Sort Space Max Used": 25, "Sort Space Type": "Memory", "Plans": [{"Node Type": "Nested Loop", "Parent Relationship": "Outer", "Join Type": "Inner", "Startup Cost": 0.0, "Total Cost": 33274.52, "Plan Rows": 1919, "Plan Width": 21, "Actual Min Startup Time": 95.488, "Actual Max Startup Time": 95.488, "Actual Min Total Time": 95.488, "Actual Max Total Time": 95.488, "Inner Unique": false, "Plans": [{"Node Type": "Nested Loop", "Parent Relationship": "Outer", "Join Type": "Inner", "Startup Cost": 0.0, "Total Cost": 30995.23, "Plan Rows": 1869, "Plan Width": 25, "Actual Min Startup Time": 95.486, "Actual Max Startup Time": 95.486, "Actual Min Total Time": 95.486, "Actual Max Total Time": 95.486, "Inner Unique": true, "Plans": [{"Node Type": "Nested Loop", "Parent Relationship": "Outer", "Join Type": "Inner", "Startup Cost": 0.0, "Total Cost": 19377.81, "Plan Rows": 1540, "Plan Width": 4, "Actual Min Startup Time": 95.485, "Actual Max Startup Time": 95.485, "Actual Min Total Time": 95.485, "Actual Max Total Time": 95.485, "Inner Unique": true, "Plans": [{"Node Type": "Streaming(type: LOCAL GATHER dop: 1/16)", "Parent Relationship": "Outer", "Startup Cost": 0.0, "Total Cost": 18495.43, "Plan Rows": 3081, "Plan Width": 8, "Actual Min Startup Time": 29.839, "Actual Max Startup Time": 29.839, "Actual Min Total Time": 73.053, "Actual Max Total Time": 73.053, "Plans": [{"Node Type": "Seq Scan", "Parent Relationship": "Outer", "Relation Name": "movie_companies", "Alias": "mc", "Startup Cost": 0.0, "Total Cost": 18428.93, "Plan Rows": 3081, "Plan Width": 8, "Actual Min Startup Time": 0.926, "Actual Max Startup Time": 12.857, "Actual Min Total Time": 60.216, "Actual Max Total Time": 67.236, "Filter": "(((note)::text ~~ '%(theatrical)%'::text) AND ((note)::text ~~ '%(France)%'::text))", "Rows Removed by Filter": 2585103, "Actual Rows": 24025}], "Actual Rows": 24025}, {"Node Type": "Index Scan", "Parent Relationship": "Inner", "Scan Direction": "Forward", "Index Name": "company_type_pkey", "Relation Name": "company_type", "Alias": "ct", "Startup Cost": 0.0, "Total Cost": 0.28, "Plan Rows": 1, "Plan Width": 4, "Actual Min Startup Time": 13.643, "Actual Max Startup Time": 13.643, "Actual Min Total Time": 13.643, "Actual Max Total Time": 13.643, "Index Cond": "(id = mc.company_type_id)", "Rows Removed by Index Recheck": 0, "Filter": "((kind)::text = 'production companies'::text)", "Rows Removed by Filter": 0, "Actual Rows": 0}], "Actual Rows": 0}, {"Node Type": "Index Scan", "Parent Relationship": "Inner", "Scan Direction": "Forward", "Index Name": "title_pkey", "Relation Name": "title", "Alias": "t", "Startup Cost": 0.0, "Total Cost": 7.53, "Plan Rows": 1, "Plan Width": 21, "Actual Startup Time": 0.0, "Actual Total Time": 0.0, "Index Cond": "(id = mc.movie_id)", "Rows Removed by Index Recheck": 0, "Filter": "(production_year > 2005)", "Rows Removed by Filter": 0}], "Actual Rows": 0}, {"Node Type": "Index Scan", "Parent Relationship": "Inner", "Scan Direction": "Forward", "Index Name": "movie_id_movie_info", "Relation Name": "movie_info", "Alias": "mi", "Startup Cost": 0.0, "Total Cost": 1.21, "Plan Rows": 1, "Plan Width": 8, "Actual Startup Time": 0.0, "Actual Total Time": 0.0, "Index Cond": "(movie_id = t.id)", "Rows Removed by Index Recheck": 0, "Filter": "((info)::text = ANY ('{Sweden,Norway,Germany,Denmark,Swedish,Denish,Norwegian,German}'::text[]))", "Rows Removed by Filter": 0}], "Actual Rows": 0}], "Actual Rows": 0}], "Actual Rows": 0}], "Actual Rows": 1}, "Triggers": [], "Planner Runtime": 6.507, "Total Runtime": 98.122, "Unique SQL Id": 2510907716}}, "(16, '85')": {"explain_plan": {"Plan": {"Node Type": "Aggregate", "Strategy": "Plain", "Startup Cost": 99924.82, "Total Cost": 99924.83, "Plan Rows": 1, "Plan Width": 49, "Plans": [{"Node Type": "Nested Loop", "Parent Relationship": "Outer", "Join Type": "Inner", "Startup Cost": 0.0, "Total Cost": 99920.02, "Plan Rows": 1919, "Plan Width": 17, "Inner Unique": true, "Plans": [{"Node Type": "Nested Loop", "Parent Relationship": "Outer", "Join Type": "Inner", "Startup Cost": 0.0, "Total Cost": 99382.54, "Plan Rows": 1919, "Plan Width": 21, "Inner Unique": false, "Plans": [{"Node Type": "Nested Loop", "Parent Relationship": "Outer", "Join Type": "Inner", "Startup Cost": 0.0, "Total Cost": 97103.24, "Plan Rows": 1869, "Plan Width": 25, "Inner Unique": true, "Plans": [{"Node Type": "Nested Loop", "Parent Relationship": "Outer", "Join Type": "Inner", "Startup Cost": 0.0, "Total Cost": 85485.82, "Plan Rows": 1540, "Plan Width": 4, "Inner Unique": true, "Plans": [{"Node Type": "Streaming(type: LOCAL GATHER dop: 1/16)", "Parent Relationship": "Outer", "Startup Cost": 0.0, "Total Cost": 84603.44, "Plan Rows": 3081, "Plan Width": 8, "Plans": [{"Node Type": "Index Scan", "Parent Relationship": "Outer", "Scan Direction": "Forward", "Index Name": "company_type_id_movie_companies", "Relation Name": "movie_companies", "Alias": "mc", "Startup Cost": 0.0, "Total Cost": 84536.95, "Plan Rows": 3081, "Plan Width": 8, "Filter": "(((note)::text ~~ '%(theatrical)%'::text) AND ((note)::text ~~ '%(France)%'::text))"}]}, {"Node Type": "Index Scan", "Parent Relationship": "Inner", "Scan Direction": "Forward", "Index Name": "company_type_pkey", "Relation Name": "company_type", "Alias": "ct", "Startup Cost": 0.0, "Total Cost": 0.28, "Plan Rows": 1, "Plan Width": 4, "Index Cond": "(id = mc.company_type_id)", "Filter": "((kind)::text = 'production companies'::text)"}]}, {"Node Type": "Index Scan", "Parent Relationship": "Inner", "Scan Direction": "Forward", "Index Name": "title_pkey", "Relation Name": "title", "Alias": "t", "Startup Cost": 0.0, "Total Cost": 7.53, "Plan Rows": 1, "Plan Width": 21, "Index Cond": "(id = mc.movie_id)", "Filter": "(production_year > 2005)"}]}, {"Node Type": "Index Scan", "Parent Relationship": "Inner", "Scan Direction": "Forward", "Index Name": "movie_id_movie_info", "Relation Name": "movie_info", "Alias": "mi", "Startup Cost": 0.0, "Total Cost": 1.21, "Plan Rows": 1, "Plan Width": 8, "Index Cond": "(movie_id = t.id)", "Filter": "((info)::text = ANY ('{Sweden,Norway,Germany,Denmark,Swedish,Denish,Norwegian,German}'::text[]))"}]}, {"Node Type": "Index Scan", "Parent Relationship": "Inner", "Scan Direction": "Forward", "Index Name": "info_type_pkey", "Relation Name": "info_type", "Alias": "it", "Startup Cost": 0.0, "Total Cost": 0.27, "Plan Rows": 1, "Plan Width": 4, "Index Cond": "(id = mi.info_type_id)"}]}]}, "Unique SQL Id": 2510907716, "Planner Runtime": 6}, "explain_analyze_plan": {"Plan": {"Node Type": "Aggregate", "Strategy": "Plain", "Startup Cost": 99924.82, "Total Cost": 99924.83, "Plan Rows": 1, "Plan Width": 49, "Actual Min Startup Time": 171.722, "Actual Max Startup Time": 171.722, "Actual Min Total Time": 171.723, "Actual Max Total Time": 171.723, "Plans": [{"Node Type": "Nested Loop", "Parent Relationship": "Outer", "Join Type": "Inner", "Startup Cost": 0.0, "Total Cost": 99920.02, "Plan Rows": 1919, "Plan Width": 17, "Actual Min Startup Time": 171.712, "Actual Max Startup Time": 171.712, "Actual Min Total Time": 171.712, "Actual Max Total Time": 171.712, "Inner Unique": true, "Plans": [{"Node Type": "Nested Loop", "Parent Relationship": "Outer", "Join Type": "Inner", "Startup Cost": 0.0, "Total Cost": 99382.54, "Plan Rows": 1919, "Plan Width": 21, "Actual Min Startup Time": 171.71, "Actual Max Startup Time": 171.71, "Actual Min Total Time": 171.71, "Actual Max Total Time": 171.71, "Inner Unique": false, "Plans": [{"Node Type": "Nested Loop", "Parent Relationship": "Outer", "Join Type": "Inner", "Startup Cost": 0.0, "Total Cost": 97103.24, "Plan Rows": 1869, "Plan Width": 25, "Actual Min Startup Time": 171.709, "Actual Max Startup Time": 171.709, "Actual Min Total Time": 171.709, "Actual Max Total Time": 171.709, "Inner Unique": true, "Plans": [{"Node Type": "Nested Loop", "Parent Relationship": "Outer", "Join Type": "Inner", "Startup Cost": 0.0, "Total Cost": 85485.82, "Plan Rows": 1540, "Plan Width": 4, "Actual Min Startup Time": 171.708, "Actual Max Startup Time": 171.708, "Actual Min Total Time": 171.708, "Actual Max Total Time": 171.708, "Inner Unique": true, "Plans": [{"Node Type": "Streaming(type: LOCAL GATHER dop: 1/16)", "Parent Relationship": "Outer", "Startup Cost": 0.0, "Total Cost": 84603.44, "Plan Rows": 3081, "Plan Width": 8, "Actual Min Startup Time": 33.273, "Actual Max Startup Time": 33.273, "Actual Min Total Time": 149.186, "Actual Max Total Time": 149.186, "Plans": [{"Node Type": "Index Scan", "Parent Relationship": "Outer", "Scan Direction": "Forward", "Index Name": "company_type_id_movie_companies", "Relation Name": "movie_companies", "Alias": "mc", "Startup Cost": 0.0, "Total Cost": 84536.95, "Plan Rows": 3081, "Plan Width": 8, "Actual Min Startup Time": 16.976, "Actual Max Startup Time": 89.132, "Actual Min Total Time": 87.097, "Actual Max Total Time": 151.54, "Filter": "(((note)::text ~~ '%(theatrical)%'::text) AND ((note)::text ~~ '%(France)%'::text))", "Rows Removed by Filter": 2585103, "Actual Rows": 24025}], "Actual Rows": 24025}, {"Node Type": "Index Scan", "Parent Relationship": "Inner", "Scan Direction": "Forward", "Index Name": "company_type_pkey", "Relation Name": "company_type", "Alias": "ct", "Startup Cost": 0.0, "Total Cost": 0.28, "Plan Rows": 1, "Plan Width": 4, "Actual Min Startup Time": 14.286, "Actual Max Startup Time": 14.286, "Actual Min Total Time": 14.286, "Actual Max Total Time": 14.286, "Index Cond": "(id = mc.company_type_id)", "Rows Removed by Index Recheck": 0, "Filter": "((kind)::text = 'production companies'::text)", "Rows Removed by Filter": 0, "Actual Rows": 0}], "Actual Rows": 0}, {"Node Type": "Index Scan", "Parent Relationship": "Inner", "Scan Direction": "Forward", "Index Name": "title_pkey", "Relation Name": "title", "Alias": "t", "Startup Cost": 0.0, "Total Cost": 7.53, "Plan Rows": 1, "Plan Width": 21, "Actual Startup Time": 0.0, "Actual Total Time": 0.0, "Index Cond": "(id = mc.movie_id)", "Rows Removed by Index Recheck": 0, "Filter": "(production_year > 2005)", "Rows Removed by Filter": 0}], "Actual Rows": 0}, {"Node Type": "Index Scan", "Parent Relationship": "Inner", "Scan Direction": "Forward", "Index Name": "movie_id_movie_info", "Relation Name": "movie_info", "Alias": "mi", "Startup Cost": 0.0, "Total Cost": 1.21, "Plan Rows": 1, "Plan Width": 8, "Actual Startup Time": 0.0, "Actual Total Time": 0.0, "Index Cond": "(movie_id = t.id)", "Rows Removed by Index Recheck": 0, "Filter": "((info)::text = ANY ('{Sweden,Norway,Germany,Denmark,Swedish,Denish,Norwegian,German}'::text[]))", "Rows Removed by Filter": 0}], "Actual Rows": 0}, {"Node Type": "Index Scan", "Parent Relationship": "Inner", "Scan Direction": "Forward", "Index Name": "info_type_pkey", "Relation Name": "info_type", "Alias": "it", "Startup Cost": 0.0, "Total Cost": 0.27, "Plan Rows": 1, "Plan Width": 4, "Actual Startup Time": 0.0, "Actual Total Time": 0.0, "Index Cond": "(id = mi.info_type_id)", "Rows Removed by Index Recheck": 0}], "Actual Rows": 0}], "Actual Rows": 1}, "Triggers": [], "Planner Runtime": 9.179, "Total Runtime": 174.166, "Unique SQL Id": 2510907716}}, "(16, '86')": {"explain_plan": {"Plan": {"Node Type": "Aggregate", "Strategy": "Plain", "Startup Cost": 51325.61, "Total Cost": 51325.62, "Plan Rows": 1, "Plan Width": 49, "Plans": [{"Node Type": "Merge Join", "Parent Relationship": "Outer", "Join Type": "Inner", "Startup Cost": 51292.0, "Total Cost": 51320.81, "Plan Rows": 1919, "Plan Width": 17, "Inner Unique": false, "Merge Cond": "(it.id = mi.info_type_id)", "Plans": [{"Node Type": "Sort", "Parent Relationship": "Outer", "Startup Cost": 5.93, "Total Cost": 6.21, "Plan Rows": 112, "Plan Width": 4, "Sort Key": ["it.id"], "Plans": [{"Node Type": "Seq Scan", "Parent Relationship": "Outer", "Relation Name": "info_type", "Alias": "it", "Startup Cost": 0.0, "Total Cost": 2.12, "Plan Rows": 112, "Plan Width": 4}]}, {"Node Type": "Sort", "Parent Relationship": "Inner", "Startup Cost": 51285.54, "Total Cost": 51290.34, "Plan Rows": 1919, "Plan Width": 21, "Sort Key": ["mi.info_type_id"], "Plans": [{"Node Type": "Nested Loop", "Parent Relationship": "Outer", "Join Type": "Inner", "Startup Cost": 42491.24, "Total Cost": 51180.9, "Plan Rows": 1919, "Plan Width": 21, "Inner Unique": false, "Plans": [{"Node Type": "Merge Join", "Parent Relationship": "Outer", "Join Type": "Inner", "Startup Cost": 42490.73, "Total Cost": 42518.98, "Plan Rows": 1869, "Plan Width": 25, "Inner Unique": false, "Merge Cond": "(ct.id = mc.company_type_id)", "Plans": [{"Node Type": "Sort", "Parent Relationship": "Outer", "Startup Cost": 1.05, "Total Cost": 1.05, "Plan Rows": 1, "Plan Width": 4, "Sort Key": ["ct.id"], "Plans": [{"Node Type": "Seq Scan", "Parent Relationship": "Outer", "Relation Name": "company_type", "Alias": "ct", "Startup Cost": 0.0, "Total Cost": 1.04, "Plan Rows": 1, "Plan Width": 4, "Filter": "((kind)::text = 'production companies'::text)"}]}, {"Node Type": "Sort", "Parent Relationship": "Inner", "Startup Cost": 42480.53, "Total Cost": 42489.88, "Plan Rows": 3740, "Plan Width": 29, "Sort Key": ["mc.company_type_id"], "Plans": [{"Node Type": "Nested Loop", "Parent Relationship": "Outer", "Join Type": "Inner", "Startup Cost": 3.69, "Total Cost": 42258.58, "Plan Rows": 3740, "Plan Width": 29, "Inner Unique": true, "Plans": [{"Node Type": "Streaming(type: LOCAL GATHER dop: 1/16)", "Parent Relationship": "Outer", "Startup Cost": 0.0, "Total Cost": 18495.43, "Plan Rows": 3081, "Plan Width": 8, "Plans": [{"Node Type": "Seq Scan", "Parent Relationship": "Outer", "Relation Name": "movie_companies", "Alias": "mc", "Startup Cost": 0.0, "Total Cost": 18428.93, "Plan Rows": 3081, "Plan Width": 8, "Filter": "(((note)::text ~~ '%(theatrical)%'::text) AND ((note)::text ~~ '%(France)%'::text))"}]}, {"Node Type": "Bitmap Heap Scan", "Parent Relationship": "Inner", "Relation Name": "title", "Alias": "t", "Startup Cost": 3.69, "Total Cost": 7.7, "Plan Rows": 1, "Plan Width": 21, "Recheck Cond": "(id = mc.movie_id)", "Filter": "(production_year > 2005)", "Plans": [{"Node Type": "Bitmap Index Scan", "Parent Relationship": "Outer", "Index Name": "title_pkey", "Startup Cost": 0.0, "Total Cost": 3.69, "Plan Rows": 1, "Plan Width": 0, "Index Cond": "(id = mc.movie_id)"}]}]}]}]}, {"Node Type": "Bitmap Heap Scan", "Parent Relationship": "Inner", "Relation Name": "movie_info", "Alias": "mi", "Startup Cost": 0.51, "Total Cost": 4.62, "Plan Rows": 1, "Plan Width": 8, "Recheck Cond": "(movie_id = t.id)", "Filter": "((info)::text = ANY ('{Sweden,Norway,Germany,Denmark,Swedish,Denish,Norwegian,German}'::text[]))", "Plans": [{"Node Type": "Bitmap Index Scan", "Parent Relationship": "Outer", "Index Name": "movie_id_movie_info", "Startup Cost": 0.0, "Total Cost": 0.51, "Plan Rows": 5, "Plan Width": 0, "Index Cond": "(movie_id = t.id)"}]}]}]}]}]}, "Unique SQL Id": 2510907716, "Planner Runtime": 7}, "explain_analyze_plan": {"Plan": {"Node Type": "Aggregate", "Strategy": "Plain", "Startup Cost": 51325.61, "Total Cost": 51325.62, "Plan Rows": 1, "Plan Width": 49, "Actual Min Startup Time": 212.04, "Actual Max Startup Time": 212.04, "Actual Min Total Time": 212.04, "Actual Max Total Time": 212.04, "Plans": [{"Node Type": "Merge Join", "Parent Relationship": "Outer", "Join Type": "Inner", "Startup Cost": 51292.0, "Total Cost": 51320.81, "Plan Rows": 1919, "Plan Width": 17, "Actual Min Startup Time": 212.03, "Actual Max Startup Time": 212.03, "Actual Min Total Time": 212.03, "Actual Max Total Time": 212.03, "Inner Unique": false, "Merge Cond": "(it.id = mi.info_type_id)", "Plans": [{"Node Type": "Sort", "Parent Relationship": "Outer", "Startup Cost": 5.93, "Total Cost": 6.21, "Plan Rows": 112, "Plan Width": 4, "Actual Min Startup Time": 0.112, "Actual Max Startup Time": 0.112, "Actual Min Total Time": 0.112, "Actual Max Total Time": 0.112, "Sort Key": ["it.id"], "Sort Method": "quicksort", "Sort Space Min Used": 32, "Sort Space Max Used": 32, "Sort Space Type": "Memory", "Plans": [{"Node Type": "Seq Scan", "Parent Relationship": "Outer", "Relation Name": "info_type", "Alias": "it", "Startup Cost": 0.0, "Total Cost": 2.12, "Plan Rows": 112, "Plan Width": 4, "Actual Min Startup Time": 0.035, "Actual Max Startup Time": 0.035, "Actual Min Total Time": 0.046, "Actual Max Total Time": 0.046, "Actual Rows": 112}], "Actual Rows": 1}, {"Node Type": "Sort", "Parent Relationship": "Inner", "Startup Cost": 51285.54, "Total Cost": 51290.34, "Plan Rows": 1919, "Plan Width": 21, "Actual Min Startup Time": 211.903, "Actual Max Startup Time": 211.903, "Actual Min Total Time": 211.903, "Actual Max Total Time": 211.903, "Sort Key": ["mi.info_type_id"], "Sort Method": "quicksort", "Sort Space Min Used": 25, "Sort Space Max Used": 25, "Sort Space Type": "Memory", "Plans": [{"Node Type": "Nested Loop", "Parent Relationship": "Outer", "Join Type": "Inner", "Startup Cost": 42491.24, "Total Cost": 51180.9, "Plan Rows": 1919, "Plan Width": 21, "Actual Min Startup Time": 211.897, "Actual Max Startup Time": 211.897, "Actual Min Total Time": 211.897, "Actual Max Total Time": 211.897, "Inner Unique": false, "Plans": [{"Node Type": "Merge Join", "Parent Relationship": "Outer", "Join Type": "Inner", "Startup Cost": 42490.73, "Total Cost": 42518.98, "Plan Rows": 1869, "Plan Width": 25, "Actual Min Startup Time": 211.895, "Actual Max Startup Time": 211.895, "Actual Min Total Time": 211.895, "Actual Max Total Time": 211.895, "Inner Unique": false, "Merge Cond": "(ct.id = mc.company_type_id)", "Plans": [{"Node Type": "Sort", "Parent Relationship": "Outer", "Startup Cost": 1.05, "Total Cost": 1.05, "Plan Rows": 1, "Plan Width": 4, "Actual Min Startup Time": 0.024, "Actual Max Startup Time": 0.024, "Actual Min Total Time": 0.024, "Actual Max Total Time": 0.024, "Sort Key": ["ct.id"], "Sort Method": "quicksort", "Sort Space Min Used": 25, "Sort Space Max Used": 25, "Sort Space Type": "Memory", "Plans": [{"Node Type": "Seq Scan", "Parent Relationship": "Outer", "Relation Name": "company_type", "Alias": "ct", "Startup Cost": 0.0, "Total Cost": 1.04, "Plan Rows": 1, "Plan Width": 4, "Actual Min Startup Time": 0.019, "Actual Max Startup Time": 0.019, "Actual Min Total Time": 0.021, "Actual Max Total Time": 0.021, "Filter": "((kind)::text = 'production companies'::text)", "Rows Removed by Filter": 2, "Actual Rows": 1}], "Actual Rows": 1}, {"Node Type": "Sort", "Parent Relationship": "Inner", "Startup Cost": 42480.53, "Total Cost": 42489.88, "Plan Rows": 3740, "Plan Width": 29, "Actual Min Startup Time": 210.822, "Actual Max Startup Time": 210.822, "Actual Min Total Time": 211.265, "Actual Max Total Time": 211.265, "Sort Key": ["mc.company_type_id"], "Sort Method": "quicksort", "Sort Space Min Used": 489, "Sort Space Max Used": 489, "Sort Space Type": "Memory", "Plans": [{"Node Type": "Nested Loop", "Parent Relationship": "Outer", "Join Type": "Inner", "Startup Cost": 3.69, "Total Cost": 42258.58, "Plan Rows": 3740, "Plan Width": 29, "Actual Min Startup Time": 27.925, "Actual Max Startup Time": 27.925, "Actual Min Total Time": 208.993, "Actual Max Total Time": 208.993, "Inner Unique": true, "Plans": [{"Node Type": "Streaming(type: LOCAL GATHER dop: 1/16)", "Parent Relationship": "Outer", "Startup Cost": 0.0, "Total Cost": 18495.43, "Plan Rows": 3081, "Plan Width": 8, "Actual Min Startup Time": 27.842, "Actual Max Startup Time": 27.842, "Actual Min Total Time": 66.364, "Actual Max Total Time": 66.364, "Plans": [{"Node Type": "Seq Scan", "Parent Relationship": "Outer", "Relation Name": "movie_companies", "Alias": "mc", "Startup Cost": 0.0, "Total Cost": 18428.93, "Plan Rows": 3081, "Plan Width": 8, "Actual Min Startup Time": 0.917, "Actual Max Startup Time": 12.817, "Actual Min Total Time": 60.285, "Actual Max Total Time": 68.012, "Filter": "(((note)::text ~~ '%(theatrical)%'::text) AND ((note)::text ~~ '%(France)%'::text))", "Rows Removed by Filter": 2585103, "Actual Rows": 24025}], "Actual Rows": 24025}, {"Node Type": "Bitmap Heap Scan", "Parent Relationship": "Inner", "Relation Name": "title", "Alias": "t", "Startup Cost": 3.69, "Total Cost": 7.7, "Plan Rows": 1, "Plan Width": 21, "Actual Min Startup Time": 115.0, "Actual Max Startup Time": 115.0, "Actual Min Total Time": 115.0, "Actual Max Total Time": 115.0, "Recheck Cond": "(id = mc.movie_id)", "Rows Removed by Index Recheck": 0, "Filter": "(production_year > 2005)", "Rows Removed by Filter": 20096, "Exact Heap Blocks": 24025, "Lossy Heap Blocks": 24025, "Plans": [{"Node Type": "Bitmap Index Scan", "Parent Relationship": "Outer", "Index Name": "title_pkey", "Startup Cost": 0.0, "Total Cost": 3.69, "Plan Rows": 1, "Plan Width": 0, "Actual Min Startup Time": 61.948, "Actual Max Startup Time": 61.948, "Actual Min Total Time": 61.948, "Actual Max Total Time": 61.948, "Index Cond": "(id = mc.movie_id)", "Actual Rows": 24025}], "Actual Rows": 3929}], "Actual Rows": 3929}], "Actual Rows": 3929}], "Actual Rows": 0}, {"Node Type": "Bitmap Heap Scan", "Parent Relationship": "Inner", "Relation Name": "movie_info", "Alias": "mi", "Startup Cost": 0.51, "Total Cost": 4.62, "Plan Rows": 1, "Plan Width": 8, "Actual Startup Time": 0.0, "Actual Total Time": 0.0, "Recheck Cond": "(movie_id = t.id)", "Rows Removed by Index Recheck": 0, "Filter": "((info)::text = ANY ('{Sweden,Norway,Germany,Denmark,Swedish,Denish,Norwegian,German}'::text[]))", "Rows Removed by Filter": 0, "Exact Heap Blocks": 0, "Lossy Heap Blocks": 0, "Plans": [{"Node Type": "Bitmap Index Scan", "Parent Relationship": "Outer", "Index Name": "movie_id_movie_info", "Startup Cost": 0.0, "Total Cost": 0.51, "Plan Rows": 5, "Plan Width": 0, "Actual Startup Time": 0.0, "Actual Total Time": 0.0, "Index Cond": "(movie_id = t.id)"}]}], "Actual Rows": 0}], "Actual Rows": 0}], "Actual Rows": 0}], "Actual Rows": 1}, "Triggers": [], "Planner Runtime": 7.048, "Total Runtime": 214.571, "Unique SQL Id": 2510907716}}, "(16, '87')": {"explain_plan": {"Plan": {"Node Type": "Aggregate", "Strategy": "Plain", "Startup Cost": 88224.62, "Total Cost": 88224.63, "Plan Rows": 1, "Plan Width": 49, "Plans": [{"Node Type": "Merge Join", "Parent Relationship": "Outer", "Join Type": "Inner", "Startup Cost": 88191.01, "Total Cost": 88219.83, "Plan Rows": 1919, "Plan Width": 17, "Inner Unique": false, "Merge Cond": "(it.id = mi.info_type_id)", "Plans": [{"Node Type": "Sort", "Parent Relationship": "Outer", "Startup Cost": 17.77, "Total Cost": 18.05, "Plan Rows": 112, "Plan Width": 4, "Sort Key": ["it.id"], "Plans": [{"Node Type": "Bitmap Heap Scan", "Parent Relationship": "Outer", "Relation Name": "info_type", "Alias": "it", "Startup Cost": 8.84, "Total Cost": 13.96, "Plan Rows": 112, "Plan Width": 4, "Plans": [{"Node Type": "Bitmap Index Scan", "Parent Relationship": "Outer", "Index Name": "info_type_pkey", "Startup Cost": 0.0, "Total Cost": 8.81, "Plan Rows": 112, "Plan Width": 0}]}]}, {"Node Type": "Sort", "Parent Relationship": "Inner", "Startup Cost": 88172.72, "Total Cost": 88177.52, "Plan Rows": 1919, "Plan Width": 21, "Sort Key": ["mi.info_type_id"], "Plans": [{"Node Type": "Nested Loop", "Parent Relationship": "Outer", "Join Type": "Inner", "Startup Cost": 28957.33, "Total Cost": 88068.08, "Plan Rows": 1919, "Plan Width": 21, "Inner Unique": false, "Plans": [{"Node Type": "Nested Loop", "Parent Relationship": "Outer", "Join Type": "Inner", "Startup Cost": 28956.82, "Total Cost": 79406.16, "Plan Rows": 1869, "Plan Width": 25, "Inner Unique": true, "Plans": [{"Node Type": "Nested Loop", "Parent Relationship": "Outer", "Join Type": "Inner", "Startup Cost": 28953.13, "Total Cost": 67528.44, "Plan Rows": 1540, "Plan Width": 4, "Inner Unique": false, "Plans": [{"Node Type": "Bitmap Heap Scan", "Parent Relationship": "Outer", "Relation Name": "company_type", "Alias": "ct", "Startup Cost": 8.27, "Total Cost": 12.3, "Plan Rows": 1, "Plan Width": 4, "Filter": "((kind)::text = 'production companies'::text)", "Plans": [{"Node Type": "Bitmap Index Scan", "Parent Relationship": "Outer", "Index Name": "company_type_pkey", "Startup Cost": 0.0, "Total Cost": 8.27, "Plan Rows": 3, "Plan Width": 0}]}, {"Node Type": "Bitmap Heap Scan", "Parent Relationship": "Inner", "Relation Name": "movie_companies", "Alias": "mc", "Startup Cost": 28944.86, "Total Cost": 67500.74, "Plan Rows": 1540, "Plan Width": 8, "Recheck Cond": "(company_type_id = ct.id)", "Filter": "(((note)::text ~~ '%(theatrical)%'::text) AND ((note)::text ~~ '%(France)%'::text))", "Plans": [{"Node Type": "Bitmap Index Scan", "Parent Relationship": "Outer", "Index Name": "company_type_id_movie_companies", "Startup Cost": 0.0, "Total Cost": 28944.48, "Plan Rows": 1304564, "Plan Width": 0, "Index Cond": "(company_type_id = ct.id)"}]}]}, {"Node Type": "Bitmap Heap Scan", "Parent Relationship": "Inner", "Relation Name": "title", "Alias": "t", "Startup Cost": 3.69, "Total Cost": 7.7, "Plan Rows": 1, "Plan Width": 21, "Recheck Cond": "(id = mc.movie_id)", "Filter": "(production_year > 2005)", "Plans": [{"Node Type": "Bitmap Index Scan", "Parent Relationship": "Outer", "Index Name": "title_pkey", "Startup Cost": 0.0, "Total Cost": 3.69, "Plan Rows": 1, "Plan Width": 0, "Index Cond": "(id = mc.movie_id)"}]}]}, {"Node Type": "Bitmap Heap Scan", "Parent Relationship": "Inner", "Relation Name": "movie_info", "Alias": "mi", "Startup Cost": 0.51, "Total Cost": 4.62, "Plan Rows": 1, "Plan Width": 8, "Recheck Cond": "(movie_id = t.id)", "Filter": "((info)::text = ANY ('{Sweden,Norway,Germany,Denmark,Swedish,Denish,Norwegian,German}'::text[]))", "Plans": [{"Node Type": "Bitmap Index Scan", "Parent Relationship": "Outer", "Index Name": "movie_id_movie_info", "Startup Cost": 0.0, "Total Cost": 0.51, "Plan Rows": 5, "Plan Width": 0, "Index Cond": "(movie_id = t.id)"}]}]}]}]}]}, "Unique SQL Id": 2510907716, "Planner Runtime": 7}, "explain_analyze_plan": null}, "(16, '88')": {"explain_plan": {"Plan": {"Node Type": "Aggregate", "Strategy": "Plain", "Startup Cost": 33415.11, "Total Cost": 33415.12, "Plan Rows": 1, "Plan Width": 49, "Plans": [{"Node Type": "Merge Join", "Parent Relationship": "Outer", "Join Type": "Inner", "Startup Cost": 33379.69, "Total Cost": 33410.31, "Plan Rows": 1919, "Plan Width": 17, "Inner Unique": false, "Merge Cond": "(it.id = mi.info_type_id)", "Plans": [{"Node Type": "Index Only Scan", "Parent Relationship": "Outer", "Scan Direction": "Forward", "Index Name": "info_type_pkey", "Relation Name": "info_type", "Alias": "it", "Startup Cost": 0.0, "Total Cost": 2.12, "Plan Rows": 112, "Plan Width": 4}, {"Node Type": "Sort", "Parent Relationship": "Inner", "Startup Cost": 33379.17, "Total Cost": 33383.96, "Plan Rows": 1919, "Plan Width": 21, "Sort Key": ["mi.info_type_id"], "Plans": [{"Node Type": "Nested Loop", "Parent Relationship": "Outer", "Join Type": "Inner", "Startup Cost": 0.0, "Total Cost": 33274.52, "Plan Rows": 1919, "Plan Width": 21, "Inner Unique": false, "Plans": [{"Node Type": "Nested Loop", "Parent Relationship": "Outer", "Join Type": "Inner", "Startup Cost": 0.0, "Total Cost": 30995.23, "Plan Rows": 1869, "Plan Width": 25, "Inner Unique": true, "Plans": [{"Node Type": "Nested Loop", "Parent Relationship": "Outer", "Join Type": "Inner", "Startup Cost": 0.0, "Total Cost": 19377.81, "Plan Rows": 1540, "Plan Width": 4, "Inner Unique": true, "Plans": [{"Node Type": "Streaming(type: LOCAL GATHER dop: 1/16)", "Parent Relationship": "Outer", "Startup Cost": 0.0, "Total Cost": 18495.43, "Plan Rows": 3081, "Plan Width": 8, "Plans": [{"Node Type": "Seq Scan", "Parent Relationship": "Outer", "Relation Name": "movie_companies", "Alias": "mc", "Startup Cost": 0.0, "Total Cost": 18428.93, "Plan Rows": 3081, "Plan Width": 8, "Filter": "(((note)::text ~~ '%(theatrical)%'::text) AND ((note)::text ~~ '%(France)%'::text))"}]}, {"Node Type": "Index Scan", "Parent Relationship": "Inner", "Scan Direction": "Forward", "Index Name": "company_type_pkey", "Relation Name": "company_type", "Alias": "ct", "Startup Cost": 0.0, "Total Cost": 0.28, "Plan Rows": 1, "Plan Width": 4, "Index Cond": "(id = mc.company_type_id)", "Filter": "((kind)::text = 'production companies'::text)"}]}, {"Node Type": "Index Scan", "Parent Relationship": "Inner", "Scan Direction": "Forward", "Index Name": "title_pkey", "Relation Name": "title", "Alias": "t", "Startup Cost": 0.0, "Total Cost": 7.53, "Plan Rows": 1, "Plan Width": 21, "Index Cond": "(id = mc.movie_id)", "Filter": "(production_year > 2005)"}]}, {"Node Type": "Index Scan", "Parent Relationship": "Inner", "Scan Direction": "Forward", "Index Name": "movie_id_movie_info", "Relation Name": "movie_info", "Alias": "mi", "Startup Cost": 0.0, "Total Cost": 1.21, "Plan Rows": 1, "Plan Width": 8, "Index Cond": "(movie_id = t.id)", "Filter": "((info)::text = ANY ('{Sweden,Norway,Germany,Denmark,Swedish,Denish,Norwegian,German}'::text[]))"}]}]}]}]}, "Unique SQL Id": 2510907716, "Planner Runtime": 6}, "explain_analyze_plan": {"Plan": {"Node Type": "Aggregate", "Strategy": "Plain", "Startup Cost": 33415.11, "Total Cost": 33415.12, "Plan Rows": 1, "Plan Width": 49, "Actual Min Startup Time": 91.866, "Actual Max Startup Time": 91.866, "Actual Min Total Time": 91.867, "Actual Max Total Time": 91.867, "Plans": [{"Node Type": "Merge Join", "Parent Relationship": "Outer", "Join Type": "Inner", "Startup Cost": 33379.69, "Total Cost": 33410.31, "Plan Rows": 1919, "Plan Width": 17, "Actual Min Startup Time": 91.856, "Actual Max Startup Time": 91.856, "Actual Min Total Time": 91.856, "Actual Max Total Time": 91.856, "Inner Unique": false, "Merge Cond": "(it.id = mi.info_type_id)", "Plans": [{"Node Type": "Index Only Scan", "Parent Relationship": "Outer", "Scan Direction": "Forward", "Index Name": "info_type_pkey", "Relation Name": "info_type", "Alias": "it", "Startup Cost": 0.0, "Total Cost": 2.12, "Plan Rows": 112, "Plan Width": 4, "Actual Min Startup Time": 0.017, "Actual Max Startup Time": 0.017, "Actual Min Total Time": 0.017, "Actual Max Total Time": 0.017, "Heap Fetches": 0, "Actual Rows": 1}, {"Node Type": "Sort", "Parent Relationship": "Inner", "Startup Cost": 33379.17, "Total Cost": 33383.96, "Plan Rows": 1919, "Plan Width": 21, "Actual Min Startup Time": 91.823, "Actual Max Startup Time": 91.823, "Actual Min Total Time": 91.823, "Actual Max Total Time": 91.823, "Sort Key": ["mi.info_type_id"], "Sort Method": "quicksort", "Sort Space Min Used": 25, "Sort Space Max Used": 25, "Sort Space Type": "Memory", "Plans": [{"Node Type": "Nested Loop", "Parent Relationship": "Outer", "Join Type": "Inner", "Startup Cost": 0.0, "Total Cost": 33274.52, "Plan Rows": 1919, "Plan Width": 21, "Actual Min Startup Time": 91.805, "Actual Max Startup Time": 91.805, "Actual Min Total Time": 91.805, "Actual Max Total Time": 91.805, "Inner Unique": false, "Plans": [{"Node Type": "Nested Loop", "Parent Relationship": "Outer", "Join Type": "Inner", "Startup Cost": 0.0, "Total Cost": 30995.23, "Plan Rows": 1869, "Plan Width": 25, "Actual Min Startup Time": 91.802, "Actual Max Startup Time": 91.802, "Actual Min Total Time": 91.802, "Actual Max Total Time": 91.802, "Inner Unique": true, "Plans": [{"Node Type": "Nested Loop", "Parent Relationship": "Outer", "Join Type": "Inner", "Startup Cost": 0.0, "Total Cost": 19377.81, "Plan Rows": 1540, "Plan Width": 4, "Actual Min Startup Time": 91.801, "Actual Max Startup Time": 91.801, "Actual Min Total Time": 91.801, "Actual Max Total Time": 91.801, "Inner Unique": true, "Plans": [{"Node Type": "Streaming(type: LOCAL GATHER dop: 1/16)", "Parent Relationship": "Outer", "Startup Cost": 0.0, "Total Cost": 18495.43, "Plan Rows": 3081, "Plan Width": 8, "Actual Min Startup Time": 26.408, "Actual Max Startup Time": 26.408, "Actual Min Total Time": 69.471, "Actual Max Total Time": 69.471, "Plans": [{"Node Type": "Seq Scan", "Parent Relationship": "Outer", "Relation Name": "movie_companies", "Alias": "mc", "Startup Cost": 0.0, "Total Cost": 18428.93, "Plan Rows": 3081, "Plan Width": 8, "Actual Min Startup Time": 0.951, "Actual Max Startup Time": 12.857, "Actual Min Total Time": 60.165, "Actual Max Total Time": 66.472, "Filter": "(((note)::text ~~ '%(theatrical)%'::text) AND ((note)::text ~~ '%(France)%'::text))", "Rows Removed by Filter": 2585103, "Actual Rows": 24025}], "Actual Rows": 24025}, {"Node Type": "Index Scan", "Parent Relationship": "Inner", "Scan Direction": "Forward", "Index Name": "company_type_pkey", "Relation Name": "company_type", "Alias": "ct", "Startup Cost": 0.0, "Total Cost": 0.28, "Plan Rows": 1, "Plan Width": 4, "Actual Min Startup Time": 14.313, "Actual Max Startup Time": 14.313, "Actual Min Total Time": 14.313, "Actual Max Total Time": 14.313, "Index Cond": "(id = mc.company_type_id)", "Rows Removed by Index Recheck": 0, "Filter": "((kind)::text = 'production companies'::text)", "Rows Removed by Filter": 0, "Actual Rows": 0}], "Actual Rows": 0}, {"Node Type": "Index Scan", "Parent Relationship": "Inner", "Scan Direction": "Forward", "Index Name": "title_pkey", "Relation Name": "title", "Alias": "t", "Startup Cost": 0.0, "Total Cost": 7.53, "Plan Rows": 1, "Plan Width": 21, "Actual Startup Time": 0.0, "Actual Total Time": 0.0, "Index Cond": "(id = mc.movie_id)", "Rows Removed by Index Recheck": 0, "Filter": "(production_year > 2005)", "Rows Removed by Filter": 0}], "Actual Rows": 0}, {"Node Type": "Index Scan", "Parent Relationship": "Inner", "Scan Direction": "Forward", "Index Name": "movie_id_movie_info", "Relation Name": "movie_info", "Alias": "mi", "Startup Cost": 0.0, "Total Cost": 1.21, "Plan Rows": 1, "Plan Width": 8, "Actual Startup Time": 0.0, "Actual Total Time": 0.0, "Index Cond": "(movie_id = t.id)", "Rows Removed by Index Recheck": 0, "Filter": "((info)::text = ANY ('{Sweden,Norway,Germany,Denmark,Swedish,Denish,Norwegian,German}'::text[]))", "Rows Removed by Filter": 0}], "Actual Rows": 0}], "Actual Rows": 0}], "Actual Rows": 0}], "Actual Rows": 1}, "Triggers": [], "Planner Runtime": 6.488, "Total Runtime": 94.414, "Unique SQL Id": 2510907716}}, "(16, '89')": {"explain_plan": {"Plan": {"Node Type": "Aggregate", "Strategy": "Plain", "Startup Cost": 99924.76, "Total Cost": 99924.77, "Plan Rows": 1, "Plan Width": 49, "Plans": [{"Node Type": "Nested Loop", "Parent Relationship": "Outer", "Join Type": "Inner", "Startup Cost": 0.0, "Total Cost": 99919.97, "Plan Rows": 1919, "Plan Width": 17, "Inner Unique": true, "Plans": [{"Node Type": "Nested Loop", "Parent Relationship": "Outer", "Join Type": "Inner", "Startup Cost": 0.0, "Total Cost": 99382.54, "Plan Rows": 1919, "Plan Width": 21, "Inner Unique": false, "Plans": [{"Node Type": "Nested Loop", "Parent Relationship": "Outer", "Join Type": "Inner", "Startup Cost": 0.0, "Total Cost": 97103.24, "Plan Rows": 1869, "Plan Width": 25, "Inner Unique": true, "Plans": [{"Node Type": "Nested Loop", "Parent Relationship": "Outer", "Join Type": "Inner", "Startup Cost": 0.0, "Total Cost": 85485.82, "Plan Rows": 1540, "Plan Width": 4, "Inner Unique": true, "Plans": [{"Node Type": "Streaming(type: LOCAL GATHER dop: 1/16)", "Parent Relationship": "Outer", "Startup Cost": 0.0, "Total Cost": 84603.44, "Plan Rows": 3081, "Plan Width": 8, "Plans": [{"Node Type": "Index Scan", "Parent Relationship": "Outer", "Scan Direction": "Forward", "Index Name": "company_type_id_movie_companies", "Relation Name": "movie_companies", "Alias": "mc", "Startup Cost": 0.0, "Total Cost": 84536.95, "Plan Rows": 3081, "Plan Width": 8, "Filter": "(((note)::text ~~ '%(theatrical)%'::text) AND ((note)::text ~~ '%(France)%'::text))"}]}, {"Node Type": "Index Scan", "Parent Relationship": "Inner", "Scan Direction": "Forward", "Index Name": "company_type_pkey", "Relation Name": "company_type", "Alias": "ct", "Startup Cost": 0.0, "Total Cost": 0.28, "Plan Rows": 1, "Plan Width": 4, "Index Cond": "(id = mc.company_type_id)", "Filter": "((kind)::text = 'production companies'::text)"}]}, {"Node Type": "Index Scan", "Parent Relationship": "Inner", "Scan Direction": "Forward", "Index Name": "title_pkey", "Relation Name": "title", "Alias": "t", "Startup Cost": 0.0, "Total Cost": 7.53, "Plan Rows": 1, "Plan Width": 21, "Index Cond": "(id = mc.movie_id)", "Filter": "(production_year > 2005)"}]}, {"Node Type": "Index Scan", "Parent Relationship": "Inner", "Scan Direction": "Forward", "Index Name": "movie_id_movie_info", "Relation Name": "movie_info", "Alias": "mi", "Startup Cost": 0.0, "Total Cost": 1.21, "Plan Rows": 1, "Plan Width": 8, "Index Cond": "(movie_id = t.id)", "Filter": "((info)::text = ANY ('{Sweden,Norway,Germany,Denmark,Swedish,Denish,Norwegian,German}'::text[]))"}]}, {"Node Type": "Index Only Scan", "Parent Relationship": "Inner", "Scan Direction": "Forward", "Index Name": "info_type_pkey", "Relation Name": "info_type", "Alias": "it", "Startup Cost": 0.0, "Total Cost": 0.27, "Plan Rows": 1, "Plan Width": 4, "Index Cond": "(id = mi.info_type_id)"}]}]}, "Unique SQL Id": 2510907716, "Planner Runtime": 5}, "explain_analyze_plan": {"Plan": {"Node Type": "Aggregate", "Strategy": "Plain", "Startup Cost": 99924.76, "Total Cost": 99924.77, "Plan Rows": 1, "Plan Width": 49, "Actual Min Startup Time": 170.847, "Actual Max Startup Time": 170.847, "Actual Min Total Time": 170.848, "Actual Max Total Time": 170.848, "Plans": [{"Node Type": "Nested Loop", "Parent Relationship": "Outer", "Join Type": "Inner", "Startup Cost": 0.0, "Total Cost": 99919.97, "Plan Rows": 1919, "Plan Width": 17, "Actual Min Startup Time": 170.838, "Actual Max Startup Time": 170.838, "Actual Min Total Time": 170.838, "Actual Max Total Time": 170.838, "Inner Unique": true, "Plans": [{"Node Type": "Nested Loop", "Parent Relationship": "Outer", "Join Type": "Inner", "Startup Cost": 0.0, "Total Cost": 99382.54, "Plan Rows": 1919, "Plan Width": 21, "Actual Min Startup Time": 170.836, "Actual Max Startup Time": 170.836, "Actual Min Total Time": 170.836, "Actual Max Total Time": 170.836, "Inner Unique": false, "Plans": [{"Node Type": "Nested Loop", "Parent Relationship": "Outer", "Join Type": "Inner", "Startup Cost": 0.0, "Total Cost": 97103.24, "Plan Rows": 1869, "Plan Width": 25, "Actual Min Startup Time": 170.834, "Actual Max Startup Time": 170.834, "Actual Min Total Time": 170.834, "Actual Max Total Time": 170.834, "Inner Unique": true, "Plans": [{"Node Type": "Nested Loop", "Parent Relationship": "Outer", "Join Type": "Inner", "Startup Cost": 0.0, "Total Cost": 85485.82, "Plan Rows": 1540, "Plan Width": 4, "Actual Min Startup Time": 170.833, "Actual Max Startup Time": 170.833, "Actual Min Total Time": 170.833, "Actual Max Total Time": 170.833, "Inner Unique": true, "Plans": [{"Node Type": "Streaming(type: LOCAL GATHER dop: 1/16)", "Parent Relationship": "Outer", "Startup Cost": 0.0, "Total Cost": 84603.44, "Plan Rows": 3081, "Plan Width": 8, "Actual Min Startup Time": 32.062, "Actual Max Startup Time": 32.062, "Actual Min Total Time": 148.487, "Actual Max Total Time": 148.487, "Plans": [{"Node Type": "Index Scan", "Parent Relationship": "Outer", "Scan Direction": "Forward", "Index Name": "company_type_id_movie_companies", "Relation Name": "movie_companies", "Alias": "mc", "Startup Cost": 0.0, "Total Cost": 84536.95, "Plan Rows": 3081, "Plan Width": 8, "Actual Min Startup Time": 15.98, "Actual Max Startup Time": 88.111, "Actual Min Total Time": 86.282, "Actual Max Total Time": 153.188, "Filter": "(((note)::text ~~ '%(theatrical)%'::text) AND ((note)::text ~~ '%(France)%'::text))", "Rows Removed by Filter": 2585103, "Actual Rows": 24025}], "Actual Rows": 24025}, {"Node Type": "Index Scan", "Parent Relationship": "Inner", "Scan Direction": "Forward", "Index Name": "company_type_pkey", "Relation Name": "company_type", "Alias": "ct", "Startup Cost": 0.0, "Total Cost": 0.28, "Plan Rows": 1, "Plan Width": 4, "Actual Min Startup Time": 13.513, "Actual Max Startup Time": 13.513, "Actual Min Total Time": 13.513, "Actual Max Total Time": 13.513, "Index Cond": "(id = mc.company_type_id)", "Rows Removed by Index Recheck": 0, "Filter": "((kind)::text = 'production companies'::text)", "Rows Removed by Filter": 0, "Actual Rows": 0}], "Actual Rows": 0}, {"Node Type": "Index Scan", "Parent Relationship": "Inner", "Scan Direction": "Forward", "Index Name": "title_pkey", "Relation Name": "title", "Alias": "t", "Startup Cost": 0.0, "Total Cost": 7.53, "Plan Rows": 1, "Plan Width": 21, "Actual Startup Time": 0.0, "Actual Total Time": 0.0, "Index Cond": "(id = mc.movie_id)", "Rows Removed by Index Recheck": 0, "Filter": "(production_year > 2005)", "Rows Removed by Filter": 0}], "Actual Rows": 0}, {"Node Type": "Index Scan", "Parent Relationship": "Inner", "Scan Direction": "Forward", "Index Name": "movie_id_movie_info", "Relation Name": "movie_info", "Alias": "mi", "Startup Cost": 0.0, "Total Cost": 1.21, "Plan Rows": 1, "Plan Width": 8, "Actual Startup Time": 0.0, "Actual Total Time": 0.0, "Index Cond": "(movie_id = t.id)", "Rows Removed by Index Recheck": 0, "Filter": "((info)::text = ANY ('{Sweden,Norway,Germany,Denmark,Swedish,Denish,Norwegian,German}'::text[]))", "Rows Removed by Filter": 0}], "Actual Rows": 0}, {"Node Type": "Index Only Scan", "Parent Relationship": "Inner", "Scan Direction": "Forward", "Index Name": "info_type_pkey", "Relation Name": "info_type", "Alias": "it", "Startup Cost": 0.0, "Total Cost": 0.27, "Plan Rows": 1, "Plan Width": 4, "Actual Startup Time": 0.0, "Actual Total Time": 0.0, "Index Cond": "(id = mi.info_type_id)", "Rows Removed by Index Recheck": 0, "Heap Fetches": 0}], "Actual Rows": 0}], "Actual Rows": 1}, "Triggers": [], "Planner Runtime": 9.058, "Total Runtime": 173.276, "Unique SQL Id": 2510907716}}, "(16, '90')": {"explain_plan": {"Plan": {"Node Type": "Aggregate", "Strategy": "Plain", "Startup Cost": 2099002252056.59, "Total Cost": 2099002252056.6, "Plan Rows": 1, "Plan Width": 49, "Plans": [{"Node Type": "Merge Join", "Parent Relationship": "Outer", "Join Type": "Inner", "Startup Cost": 1109716391706.73, "Total Cost": 2099002252051.79, "Plan Rows": 1919, "Plan Width": 17, "Inner Unique": false, "Merge Cond": "(t.id = mi.movie_id)", "Plans": [{"Node Type": "Index Scan", "Parent Relationship": "Outer", "Scan Direction": "Forward", "Index Name": "title_pkey", "Relation Name": "title", "Alias": "t", "Startup Cost": 10000000000.0, "Total Cost": 1000011644126.66, "Plan Rows": 1013492, "Plan Width": 21, "Filter": "(production_year > 2005), (LLVM Optimized)"}, {"Node Type": "Sort", "Parent Relationship": "Inner", "Startup Cost": 1099691970901.07, "Total Cost": 1099691970905.03, "Plan Rows": 1581, "Plan Width": 8, "Sort Key": ["mc.movie_id"], "Plans": [{"Node Type": "Merge Join", "Parent Relationship": "Outer", "Join Type": "Inner", "Startup Cost": 1099691970786.02, "Total Cost": 1099691970817.07, "Plan Rows": 1581, "Plan Width": 8, "Inner Unique": true, "Merge Cond": "(mi.info_type_id = it.id)", "Plans": [{"Node Type": "Sort", "Parent Relationship": "Outer", "Startup Cost": 1099691970779.66, "Total Cost": 1099691970783.61, "Plan Rows": 1581, "Plan Width": 12, "Sort Key": ["mi.info_type_id"], "Plans": [{"Node Type": "Merge Join", "Parent Relationship": "Outer", "Join Type": "Inner", "Startup Cost": 110000185431.3, "Total Cost": 1099691970695.66, "Plan Rows": 1581, "Plan Width": 12, "Inner Unique": false, "Merge Cond": "(mi.movie_id = mc.movie_id)", "Plans": [{"Node Type": "Index Scan", "Parent Relationship": "Outer", "Scan Direction": "Forward", "Index Name": "movie_id_movie_info", "Relation Name": "movie_info", "Alias": "mi", "Startup Cost": 10000000000.0, "Total Cost": 1000118686878.22, "Plan Rows": 141478, "Plan Width": 8, "Filter": "((info)::text = ANY ('{Sweden,Norway,Germany,Denmark,Swedish,Denish,Norwegian,German}'::text[]))"}, {"Node Type": "Sort", "Parent Relationship": "Inner", "Startup Cost": 100000185431.3, "Total Cost": 100000185435.15, "Plan Rows": 1540, "Plan Width": 4, "Sort Key": ["mc.movie_id"], "Plans": [{"Node Type": "Nested Loop", "Parent Relationship": "Outer", "Join Type": "Inner", "Startup Cost": 10000000000.0, "Total Cost": 100000185349.77, "Plan Rows": 1540, "Plan Width": 4, "Inner Unique": false, "Join Filter": "(ct.id = mc.company_type_id)", "Plans": [{"Node Type": "Seq Scan", "Parent Relationship": "Outer", "Relation Name": "company_type", "Alias": "ct", "Startup Cost": 0.0, "Total Cost": 1.04, "Plan Rows": 1, "Plan Width": 4, "Filter": "((kind)::text = 'production companies'::text)"}, {"Node Type": "Materialize", "Parent Relationship": "Inner", "Startup Cost": 0.0, "Total Cost": 18503.13, "Plan Rows": 3081, "Plan Width": 8, "Plans": [{"Node Type": "Streaming(type: LOCAL GATHER dop: 1/16)", "Parent Relationship": "Outer", "Startup Cost": 0.0, "Total Cost": 18495.43, "Plan Rows": 3081, "Plan Width": 8, "Plans": [{"Node Type": "Seq Scan", "Parent Relationship": "Outer", "Relation Name": "movie_companies", "Alias": "mc", "Startup Cost": 0.0, "Total Cost": 18428.93, "Plan Rows": 3081, "Plan Width": 8, "Filter": "(((note)::text ~~ '%(theatrical)%'::text) AND ((note)::text ~~ '%(France)%'::text))"}]}]}]}]}]}]}, {"Node Type": "Sort", "Parent Relationship": "Inner", "Startup Cost": 5.93, "Total Cost": 6.21, "Plan Rows": 112, "Plan Width": 4, "Sort Key": ["it.id"], "Plans": [{"Node Type": "Seq Scan", "Parent Relationship": "Outer", "Relation Name": "info_type", "Alias": "it", "Startup Cost": 0.0, "Total Cost": 2.12, "Plan Rows": 112, "Plan Width": 4}]}]}]}]}]}, "Unique SQL Id": 2510907716, "Planner Runtime": 10}, "explain_analyze_plan": {"Plan": {"Node Type": "Aggregate", "Strategy": "Plain", "Startup Cost": 2099002252056.59, "Total Cost": 2099002252056.6, "Plan Rows": 1, "Plan Width": 49, "Actual Min Startup Time": 96.603, "Actual Max Startup Time": 96.603, "Actual Min Total Time": 96.604, "Actual Max Total Time": 96.604, "Plans": [{"Node Type": "Merge Join", "Parent Relationship": "Outer", "Join Type": "Inner", "Startup Cost": 1109716391706.73, "Total Cost": 2099002252051.79, "Plan Rows": 1919, "Plan Width": 17, "Actual Min Startup Time": 96.592, "Actual Max Startup Time": 96.592, "Actual Min Total Time": 96.592, "Actual Max Total Time": 96.592, "Inner Unique": false, "Merge Cond": "(t.id = mi.movie_id)", "Plans": [{"Node Type": "Index Scan", "Parent Relationship": "Outer", "Scan Direction": "Forward", "Index Name": "title_pkey", "Relation Name": "title", "Alias": "t", "Startup Cost": 10000000000.0, "Total Cost": 1000011644126.66, "Plan Rows": 1013492, "Plan Width": 21, "Actual Min Startup Time": 0.055, "Actual Max Startup Time": 0.055, "Actual Min Total Time": 0.055, "Actual Max Total Time": 0.055, "Filter": "(production_year > 2005), (LLVM Optimized)", "Rows Removed by Filter": 1, "Actual Rows": 1}, {"Node Type": "Sort", "Parent Relationship": "Inner", "Startup Cost": 1099691970901.07, "Total Cost": 1099691970905.03, "Plan Rows": 1581, "Plan Width": 8, "Actual Min Startup Time": 96.525, "Actual Max Startup Time": 96.525, "Actual Min Total Time": 96.525, "Actual Max Total Time": 96.525, "Sort Key": ["mc.movie_id"], "Sort Method": "quicksort", "Sort Space Min Used": 25, "Sort Space Max Used": 25, "Sort Space Type": "Memory", "Plans": [{"Node Type": "Merge Join", "Parent Relationship": "Outer", "Join Type": "Inner", "Startup Cost": 1099691970786.02, "Total Cost": 1099691970817.07, "Plan Rows": 1581, "Plan Width": 8, "Actual Min Startup Time": 96.512, "Actual Max Startup Time": 96.512, "Actual Min Total Time": 96.512, "Actual Max Total Time": 96.512, "Inner Unique": true, "Merge Cond": "(mi.info_type_id = it.id)", "Plans": [{"Node Type": "Sort", "Parent Relationship": "Outer", "Startup Cost": 1099691970779.66, "Total Cost": 1099691970783.61, "Plan Rows": 1581, "Plan Width": 12, "Actual Min Startup Time": 96.506, "Actual Max Startup Time": 96.506, "Actual Min Total Time": 96.506, "Actual Max Total Time": 96.506, "Sort Key": ["mi.info_type_id"], "Sort Method": "quicksort", "Sort Space Min Used": 25, "Sort Space Max Used": 25, "Sort Space Type": "Memory", "Plans": [{"Node Type": "Merge Join", "Parent Relationship": "Outer", "Join Type": "Inner", "Startup Cost": 110000185431.3, "Total Cost": 1099691970695.66, "Plan Rows": 1581, "Plan Width": 12, "Actual Min Startup Time": 96.503, "Actual Max Startup Time": 96.503, "Actual Min Total Time": 96.503, "Actual Max Total Time": 96.503, "Inner Unique": false, "Merge Cond": "(mi.movie_id = mc.movie_id)", "Plans": [{"Node Type": "Index Scan", "Parent Relationship": "Outer", "Scan Direction": "Forward", "Index Name": "movie_id_movie_info", "Relation Name": "movie_info", "Alias": "mi", "Startup Cost": 10000000000.0, "Total Cost": 1000118686878.22, "Plan Rows": 141478, "Plan Width": 8, "Actual Min Startup Time": 2.251, "Actual Max Startup Time": 2.251, "Actual Min Total Time": 2.251, "Actual Max Total Time": 2.251, "Filter": "((info)::text = ANY ('{Sweden,Norway,Germany,Denmark,Swedish,Denish,Norwegian,German}'::text[]))", "Rows Removed by Filter": 1998, "Actual Rows": 1}, {"Node Type": "Sort", "Parent Relationship": "Inner", "Startup Cost": 100000185431.3, "Total Cost": 100000185435.15, "Plan Rows": 1540, "Plan Width": 4, "Actual Min Startup Time": 94.237, "Actual Max Startup Time": 94.237, "Actual Min Total Time": 94.237, "Actual Max Total Time": 94.237, "Sort Key": ["mc.movie_id"], "Sort Method": "quicksort", "Sort Space Min Used": 25, "Sort Space Max Used": 25, "Sort Space Type": "Memory", "Plans": [{"Node Type": "Nested Loop", "Parent Relationship": "Outer", "Join Type": "Inner", "Startup Cost": 10000000000.0, "Total Cost": 100000185349.77, "Plan Rows": 1540, "Plan Width": 4, "Actual Min Startup Time": 94.226, "Actual Max Startup Time": 94.226, "Actual Min Total Time": 94.226, "Actual Max Total Time": 94.226, "Inner Unique": false, "Join Filter": "(ct.id = mc.company_type_id)", "Rows Removed by Join Filter": 24025, "Plans": [{"Node Type": "Seq Scan", "Parent Relationship": "Outer", "Relation Name": "company_type", "Alias": "ct", "Startup Cost": 0.0, "Total Cost": 1.04, "Plan Rows": 1, "Plan Width": 4, "Actual Min Startup Time": 0.049, "Actual Max Startup Time": 0.049, "Actual Min Total Time": 0.053, "Actual Max Total Time": 0.053, "Filter": "((kind)::text = 'production companies'::text)", "Rows Removed by Filter": 2, "Actual Rows": 1}, {"Node Type": "Materialize", "Parent Relationship": "Inner", "Startup Cost": 0.0, "Total Cost": 18503.13, "Plan Rows": 3081, "Plan Width": 8, "Actual Min Startup Time": 85.813, "Actual Max Startup Time": 85.813, "Actual Min Total Time": 88.894, "Actual Max Total Time": 88.894, "Plans": [{"Node Type": "Streaming(type: LOCAL GATHER dop: 1/16)", "Parent Relationship": "Outer", "Startup Cost": 0.0, "Total Cost": 18495.43, "Plan Rows": 3081, "Plan Width": 8, "Actual Min Startup Time": 26.123, "Actual Max Startup Time": 26.123, "Actual Min Total Time": 82.036, "Actual Max Total Time": 82.036, "Plans": [{"Node Type": "Seq Scan", "Parent Relationship": "Outer", "Relation Name": "movie_companies", "Alias": "mc", "Startup Cost": 0.0, "Total Cost": 18428.93, "Plan Rows": 3081, "Plan Width": 8, "Actual Min Startup Time": 0.937, "Actual Max Startup Time": 12.804, "Actual Min Total Time": 60.138, "Actual Max Total Time": 66.534, "Filter": "(((note)::text ~~ '%(theatrical)%'::text) AND ((note)::text ~~ '%(France)%'::text))", "Rows Removed by Filter": 2585103, "Actual Rows": 24025}], "Actual Rows": 24025}], "Actual Rows": 24026}], "Actual Rows": 0}], "Actual Rows": 0}], "Actual Rows": 0}], "Actual Rows": 0}, {"Node Type": "Sort", "Parent Relationship": "Inner", "Startup Cost": 5.93, "Total Cost": 6.21, "Plan Rows": 112, "Plan Width": 4, "Actual Startup Time": 0.0, "Actual Total Time": 0.0, "Sort Key": ["it.id"], "Plans": [{"Node Type": "Seq Scan", "Parent Relationship": "Outer", "Relation Name": "info_type", "Alias": "it", "Startup Cost": 0.0, "Total Cost": 2.12, "Plan Rows": 112, "Plan Width": 4, "Actual Startup Time": 0.0, "Actual Total Time": 0.0}]}], "Actual Rows": 0}], "Actual Rows": 0}], "Actual Rows": 0}], "Actual Rows": 1}, "Triggers": [], "Planner Runtime": 10.622, "Total Runtime": 107.632, "Unique SQL Id": 2510907716}}, "(16, '91')": {"explain_plan": {"Plan": {"Node Type": "Aggregate", "Strategy": "Plain", "Startup Cost": 4979930020624.66, "Total Cost": 4979930020624.67, "Plan Rows": 1, "Plan Width": 49, "Plans": [{"Node Type": "Merge Join", "Parent Relationship": "Outer", "Join Type": "Inner", "Startup Cost": 3989930019351.01, "Total Cost": 4979930020619.86, "Plan Rows": 1919, "Plan Width": 17, "Inner Unique": true, "Merge Cond": "(mc.company_type_id = ct.id)", "Plans": [{"Node Type": "Sort", "Parent Relationship": "Outer", "Startup Cost": 3979930019341.61, "Total Cost": 3979930019351.21, "Plan Rows": 3839, "Plan Width": 21, "Sort Key": ["mc.company_type_id"], "Plans": [{"Node Type": "Merge Join", "Parent Relationship": "Outer", "Join Type": "Inner", "Startup Cost": 2002461487647.64, "Total Cost": 3979930019113.07, "Plan Rows": 3839, "Plan Width": 21, "Inner Unique": false, "Merge Cond": "(mi.movie_id = t.id)", "Plans": [{"Node Type": "Sort", "Parent Relationship": "Outer", "Startup Cost": 1982439997338.66, "Total Cost": 1982439997692.36, "Plan Rows": 141478, "Plan Width": 4, "Sort Key": ["mi.movie_id"], "Plans": [{"Node Type": "Merge Join", "Parent Relationship": "Outer", "Join Type": "Inner", "Startup Cost": 73894619562.47, "Total Cost": 1982439985235.06, "Plan Rows": 141478, "Plan Width": 4, "Inner Unique": false, "Merge Cond": "(it.id = mi.info_type_id)", "Plans": [{"Node Type": "Index Only Scan", "Parent Relationship": "Outer", "Scan Direction": "Forward", "Index Name": "info_type_pkey", "Relation Name": "info_type", "Alias": "it", "Startup Cost": 10000000000.0, "Total Cost": 1000000000993.0, "Plan Rows": 112, "Plan Width": 4}, {"Node Type": "Index Scan", "Parent Relationship": "Inner", "Scan Direction": "Forward", "Index Name": "info_type_id_movie_info", "Relation Name": "movie_info", "Alias": "mi", "Startup Cost": 10000000000.0, "Total Cost": 1000118553919.62, "Plan Rows": 141478, "Plan Width": 8, "Filter": "((info)::text = ANY ('{Sweden,Norway,Germany,Denmark,Swedish,Denish,Norwegian,German}'::text[]))"}]}]}, {"Node Type": "Materialize", "Parent Relationship": "Inner", "Startup Cost": 20021490308.98, "Total Cost": 1999077499133.27, "Plan Rows": 3740, "Plan Width": 29, "Plans": [{"Node Type": "Merge Join", "Parent Relationship": "Outer", "Join Type": "Inner", "Startup Cost": 20021490308.98, "Total Cost": 1999077499123.92, "Plan Rows": 3740, "Plan Width": 29, "Inner Unique": true, "Merge Cond": "(mc.movie_id = t.id)", "Plans": [{"Node Type": "Index Scan", "Parent Relationship": "Outer", "Scan Direction": "Forward", "Index Name": "movie_id_movie_companies", "Relation Name": "movie_companies", "Alias": "mc", "Startup Cost": 10000000000.0, "Total Cost": 1000014356510.13, "Plan Rows": 3081, "Plan Width": 8, "Filter": "(((note)::text ~~ '%(theatrical)%'::text) AND ((note)::text ~~ '%(France)%'::text))"}, {"Node Type": "Index Scan", "Parent Relationship": "Inner", "Scan Direction": "Forward", "Index Name": "title_pkey", "Relation Name": "title", "Alias": "t", "Startup Cost": 10000000000.0, "Total Cost": 1000011644126.66, "Plan Rows": 1013492, "Plan Width": 21, "Filter": "(production_year > 2005), (LLVM Optimized)"}]}]}]}]}, {"Node Type": "Materialize", "Parent Relationship": "Inner", "Startup Cost": 10000000000.0, "Total Cost": 1000000001230.25, "Plan Rows": 1, "Plan Width": 4, "Plans": [{"Node Type": "Index Scan", "Parent Relationship": "Outer", "Scan Direction": "Forward", "Index Name": "company_type_pkey", "Relation Name": "company_type", "Alias": "ct", "Startup Cost": 10000000000.0, "Total Cost": 1000000001230.25, "Plan Rows": 1, "Plan Width": 4, "Filter": "((kind)::text = 'production companies'::text)"}]}]}]}, "Unique SQL Id": 2510907716, "Planner Runtime": 13}, "explain_analyze_plan": null}, "(16, '92')": {"explain_plan": {"Plan": {"Node Type": "Aggregate", "Strategy": "Plain", "Startup Cost": 33419.23, "Total Cost": 33419.24, "Plan Rows": 1, "Plan Width": 49, "Plans": [{"Node Type": "Merge Join", "Parent Relationship": "Outer", "Join Type": "Inner", "Startup Cost": 33385.62, "Total Cost": 33414.43, "Plan Rows": 1919, "Plan Width": 17, "Inner Unique": false, "Merge Cond": "(it.id = mi.info_type_id)", "Plans": [{"Node Type": "Sort", "Parent Relationship": "Outer", "Startup Cost": 5.93, "Total Cost": 6.21, "Plan Rows": 112, "Plan Width": 4, "Sort Key": ["it.id"], "Plans": [{"Node Type": "Seq Scan", "Parent Relationship": "Outer", "Relation Name": "info_type", "Alias": "it", "Startup Cost": 0.0, "Total Cost": 2.12, "Plan Rows": 112, "Plan Width": 4}]}, {"Node Type": "Sort", "Parent Relationship": "Inner", "Startup Cost": 33379.17, "Total Cost": 33383.96, "Plan Rows": 1919, "Plan Width": 21, "Sort Key": ["mi.info_type_id"], "Plans": [{"Node Type": "Nested Loop", "Parent Relationship": "Outer", "Join Type": "Inner", "Startup Cost": 0.0, "Total Cost": 33274.52, "Plan Rows": 1919, "Plan Width": 21, "Inner Unique": false, "Plans": [{"Node Type": "Nested Loop", "Parent Relationship": "Outer", "Join Type": "Inner", "Startup Cost": 0.0, "Total Cost": 30995.23, "Plan Rows": 1869, "Plan Width": 25, "Inner Unique": true, "Plans": [{"Node Type": "Nested Loop", "Parent Relationship": "Outer", "Join Type": "Inner", "Startup Cost": 0.0, "Total Cost": 19377.81, "Plan Rows": 1540, "Plan Width": 4, "Inner Unique": true, "Plans": [{"Node Type": "Streaming(type: LOCAL GATHER dop: 1/16)", "Parent Relationship": "Outer", "Startup Cost": 0.0, "Total Cost": 18495.43, "Plan Rows": 3081, "Plan Width": 8, "Plans": [{"Node Type": "Seq Scan", "Parent Relationship": "Outer", "Relation Name": "movie_companies", "Alias": "mc", "Startup Cost": 0.0, "Total Cost": 18428.93, "Plan Rows": 3081, "Plan Width": 8, "Filter": "(((note)::text ~~ '%(theatrical)%'::text) AND ((note)::text ~~ '%(France)%'::text))"}]}, {"Node Type": "Index Scan", "Parent Relationship": "Inner", "Scan Direction": "Forward", "Index Name": "company_type_pkey", "Relation Name": "company_type", "Alias": "ct", "Startup Cost": 0.0, "Total Cost": 0.28, "Plan Rows": 1, "Plan Width": 4, "Index Cond": "(id = mc.company_type_id)", "Filter": "((kind)::text = 'production companies'::text)"}]}, {"Node Type": "Index Scan", "Parent Relationship": "Inner", "Scan Direction": "Forward", "Index Name": "title_pkey", "Relation Name": "title", "Alias": "t", "Startup Cost": 0.0, "Total Cost": 7.53, "Plan Rows": 1, "Plan Width": 21, "Index Cond": "(id = mc.movie_id)", "Filter": "(production_year > 2005)"}]}, {"Node Type": "Index Scan", "Parent Relationship": "Inner", "Scan Direction": "Forward", "Index Name": "movie_id_movie_info", "Relation Name": "movie_info", "Alias": "mi", "Startup Cost": 0.0, "Total Cost": 1.21, "Plan Rows": 1, "Plan Width": 8, "Index Cond": "(movie_id = t.id)", "Filter": "((info)::text = ANY ('{Sweden,Norway,Germany,Denmark,Swedish,Denish,Norwegian,German}'::text[]))"}]}]}]}]}, "Unique SQL Id": 2510907716, "Planner Runtime": 7}, "explain_analyze_plan": {"Plan": {"Node Type": "Aggregate", "Strategy": "Plain", "Startup Cost": 33419.23, "Total Cost": 33419.24, "Plan Rows": 1, "Plan Width": 49, "Actual Min Startup Time": 95.622, "Actual Max Startup Time": 95.622, "Actual Min Total Time": 95.623, "Actual Max Total Time": 95.623, "Plans": [{"Node Type": "Merge Join", "Parent Relationship": "Outer", "Join Type": "Inner", "Startup Cost": 33385.62, "Total Cost": 33414.43, "Plan Rows": 1919, "Plan Width": 17, "Actual Min Startup Time": 95.612, "Actual Max Startup Time": 95.612, "Actual Min Total Time": 95.612, "Actual Max Total Time": 95.612, "Inner Unique": false, "Merge Cond": "(it.id = mi.info_type_id)", "Plans": [{"Node Type": "Sort", "Parent Relationship": "Outer", "Startup Cost": 5.93, "Total Cost": 6.21, "Plan Rows": 112, "Plan Width": 4, "Actual Min Startup Time": 0.098, "Actual Max Startup Time": 0.098, "Actual Min Total Time": 0.098, "Actual Max Total Time": 0.098, "Sort Key": ["it.id"], "Sort Method": "quicksort", "Sort Space Min Used": 32, "Sort Space Max Used": 32, "Sort Space Type": "Memory", "Plans": [{"Node Type": "Seq Scan", "Parent Relationship": "Outer", "Relation Name": "info_type", "Alias": "it", "Startup Cost": 0.0, "Total Cost": 2.12, "Plan Rows": 112, "Plan Width": 4, "Actual Min Startup Time": 0.033, "Actual Max Startup Time": 0.033, "Actual Min Total Time": 0.056, "Actual Max Total Time": 0.056, "Actual Rows": 112}], "Actual Rows": 1}, {"Node Type": "Sort", "Parent Relationship": "Inner", "Startup Cost": 33379.17, "Total Cost": 33383.96, "Plan Rows": 1919, "Plan Width": 21, "Actual Min Startup Time": 95.497, "Actual Max Startup Time": 95.497, "Actual Min Total Time": 95.497, "Actual Max Total Time": 95.497, "Sort Key": ["mi.info_type_id"], "Sort Method": "quicksort", "Sort Space Min Used": 25, "Sort Space Max Used": 25, "Sort Space Type": "Memory", "Plans": [{"Node Type": "Nested Loop", "Parent Relationship": "Outer", "Join Type": "Inner", "Startup Cost": 0.0, "Total Cost": 33274.52, "Plan Rows": 1919, "Plan Width": 21, "Actual Min Startup Time": 95.488, "Actual Max Startup Time": 95.488, "Actual Min Total Time": 95.488, "Actual Max Total Time": 95.488, "Inner Unique": false, "Plans": [{"Node Type": "Nested Loop", "Parent Relationship": "Outer", "Join Type": "Inner", "Startup Cost": 0.0, "Total Cost": 30995.23, "Plan Rows": 1869, "Plan Width": 25, "Actual Min Startup Time": 95.486, "Actual Max Startup Time": 95.486, "Actual Min Total Time": 95.486, "Actual Max Total Time": 95.486, "Inner Unique": true, "Plans": [{"Node Type": "Nested Loop", "Parent Relationship": "Outer", "Join Type": "Inner", "Startup Cost": 0.0, "Total Cost": 19377.81, "Plan Rows": 1540, "Plan Width": 4, "Actual Min Startup Time": 95.485, "Actual Max Startup Time": 95.485, "Actual Min Total Time": 95.485, "Actual Max Total Time": 95.485, "Inner Unique": true, "Plans": [{"Node Type": "Streaming(type: LOCAL GATHER dop: 1/16)", "Parent Relationship": "Outer", "Startup Cost": 0.0, "Total Cost": 18495.43, "Plan Rows": 3081, "Plan Width": 8, "Actual Min Startup Time": 29.839, "Actual Max Startup Time": 29.839, "Actual Min Total Time": 73.053, "Actual Max Total Time": 73.053, "Plans": [{"Node Type": "Seq Scan", "Parent Relationship": "Outer", "Relation Name": "movie_companies", "Alias": "mc", "Startup Cost": 0.0, "Total Cost": 18428.93, "Plan Rows": 3081, "Plan Width": 8, "Actual Min Startup Time": 0.926, "Actual Max Startup Time": 12.857, "Actual Min Total Time": 60.216, "Actual Max Total Time": 67.236, "Filter": "(((note)::text ~~ '%(theatrical)%'::text) AND ((note)::text ~~ '%(France)%'::text))", "Rows Removed by Filter": 2585103, "Actual Rows": 24025}], "Actual Rows": 24025}, {"Node Type": "Index Scan", "Parent Relationship": "Inner", "Scan Direction": "Forward", "Index Name": "company_type_pkey", "Relation Name": "company_type", "Alias": "ct", "Startup Cost": 0.0, "Total Cost": 0.28, "Plan Rows": 1, "Plan Width": 4, "Actual Min Startup Time": 13.643, "Actual Max Startup Time": 13.643, "Actual Min Total Time": 13.643, "Actual Max Total Time": 13.643, "Index Cond": "(id = mc.company_type_id)", "Rows Removed by Index Recheck": 0, "Filter": "((kind)::text = 'production companies'::text)", "Rows Removed by Filter": 0, "Actual Rows": 0}], "Actual Rows": 0}, {"Node Type": "Index Scan", "Parent Relationship": "Inner", "Scan Direction": "Forward", "Index Name": "title_pkey", "Relation Name": "title", "Alias": "t", "Startup Cost": 0.0, "Total Cost": 7.53, "Plan Rows": 1, "Plan Width": 21, "Actual Startup Time": 0.0, "Actual Total Time": 0.0, "Index Cond": "(id = mc.movie_id)", "Rows Removed by Index Recheck": 0, "Filter": "(production_year > 2005)", "Rows Removed by Filter": 0}], "Actual Rows": 0}, {"Node Type": "Index Scan", "Parent Relationship": "Inner", "Scan Direction": "Forward", "Index Name": "movie_id_movie_info", "Relation Name": "movie_info", "Alias": "mi", "Startup Cost": 0.0, "Total Cost": 1.21, "Plan Rows": 1, "Plan Width": 8, "Actual Startup Time": 0.0, "Actual Total Time": 0.0, "Index Cond": "(movie_id = t.id)", "Rows Removed by Index Recheck": 0, "Filter": "((info)::text = ANY ('{Sweden,Norway,Germany,Denmark,Swedish,Denish,Norwegian,German}'::text[]))", "Rows Removed by Filter": 0}], "Actual Rows": 0}], "Actual Rows": 0}], "Actual Rows": 0}], "Actual Rows": 1}, "Triggers": [], "Planner Runtime": 6.507, "Total Runtime": 98.122, "Unique SQL Id": 2510907716}}, "(16, '93')": {"explain_plan": {"Plan": {"Node Type": "Aggregate", "Strategy": "Plain", "Startup Cost": 99924.82, "Total Cost": 99924.83, "Plan Rows": 1, "Plan Width": 49, "Plans": [{"Node Type": "Nested Loop", "Parent Relationship": "Outer", "Join Type": "Inner", "Startup Cost": 0.0, "Total Cost": 99920.02, "Plan Rows": 1919, "Plan Width": 17, "Inner Unique": true, "Plans": [{"Node Type": "Nested Loop", "Parent Relationship": "Outer", "Join Type": "Inner", "Startup Cost": 0.0, "Total Cost": 99382.54, "Plan Rows": 1919, "Plan Width": 21, "Inner Unique": false, "Plans": [{"Node Type": "Nested Loop", "Parent Relationship": "Outer", "Join Type": "Inner", "Startup Cost": 0.0, "Total Cost": 97103.24, "Plan Rows": 1869, "Plan Width": 25, "Inner Unique": true, "Plans": [{"Node Type": "Nested Loop", "Parent Relationship": "Outer", "Join Type": "Inner", "Startup Cost": 0.0, "Total Cost": 85485.82, "Plan Rows": 1540, "Plan Width": 4, "Inner Unique": true, "Plans": [{"Node Type": "Streaming(type: LOCAL GATHER dop: 1/16)", "Parent Relationship": "Outer", "Startup Cost": 0.0, "Total Cost": 84603.44, "Plan Rows": 3081, "Plan Width": 8, "Plans": [{"Node Type": "Index Scan", "Parent Relationship": "Outer", "Scan Direction": "Forward", "Index Name": "company_type_id_movie_companies", "Relation Name": "movie_companies", "Alias": "mc", "Startup Cost": 0.0, "Total Cost": 84536.95, "Plan Rows": 3081, "Plan Width": 8, "Filter": "(((note)::text ~~ '%(theatrical)%'::text) AND ((note)::text ~~ '%(France)%'::text))"}]}, {"Node Type": "Index Scan", "Parent Relationship": "Inner", "Scan Direction": "Forward", "Index Name": "company_type_pkey", "Relation Name": "company_type", "Alias": "ct", "Startup Cost": 0.0, "Total Cost": 0.28, "Plan Rows": 1, "Plan Width": 4, "Index Cond": "(id = mc.company_type_id)", "Filter": "((kind)::text = 'production companies'::text)"}]}, {"Node Type": "Index Scan", "Parent Relationship": "Inner", "Scan Direction": "Forward", "Index Name": "title_pkey", "Relation Name": "title", "Alias": "t", "Startup Cost": 0.0, "Total Cost": 7.53, "Plan Rows": 1, "Plan Width": 21, "Index Cond": "(id = mc.movie_id)", "Filter": "(production_year > 2005)"}]}, {"Node Type": "Index Scan", "Parent Relationship": "Inner", "Scan Direction": "Forward", "Index Name": "movie_id_movie_info", "Relation Name": "movie_info", "Alias": "mi", "Startup Cost": 0.0, "Total Cost": 1.21, "Plan Rows": 1, "Plan Width": 8, "Index Cond": "(movie_id = t.id)", "Filter": "((info)::text = ANY ('{Sweden,Norway,Germany,Denmark,Swedish,Denish,Norwegian,German}'::text[]))"}]}, {"Node Type": "Index Scan", "Parent Relationship": "Inner", "Scan Direction": "Forward", "Index Name": "info_type_pkey", "Relation Name": "info_type", "Alias": "it", "Startup Cost": 0.0, "Total Cost": 0.27, "Plan Rows": 1, "Plan Width": 4, "Index Cond": "(id = mi.info_type_id)"}]}]}, "Unique SQL Id": 2510907716, "Planner Runtime": 5}, "explain_analyze_plan": {"Plan": {"Node Type": "Aggregate", "Strategy": "Plain", "Startup Cost": 99924.82, "Total Cost": 99924.83, "Plan Rows": 1, "Plan Width": 49, "Actual Min Startup Time": 171.722, "Actual Max Startup Time": 171.722, "Actual Min Total Time": 171.723, "Actual Max Total Time": 171.723, "Plans": [{"Node Type": "Nested Loop", "Parent Relationship": "Outer", "Join Type": "Inner", "Startup Cost": 0.0, "Total Cost": 99920.02, "Plan Rows": 1919, "Plan Width": 17, "Actual Min Startup Time": 171.712, "Actual Max Startup Time": 171.712, "Actual Min Total Time": 171.712, "Actual Max Total Time": 171.712, "Inner Unique": true, "Plans": [{"Node Type": "Nested Loop", "Parent Relationship": "Outer", "Join Type": "Inner", "Startup Cost": 0.0, "Total Cost": 99382.54, "Plan Rows": 1919, "Plan Width": 21, "Actual Min Startup Time": 171.71, "Actual Max Startup Time": 171.71, "Actual Min Total Time": 171.71, "Actual Max Total Time": 171.71, "Inner Unique": false, "Plans": [{"Node Type": "Nested Loop", "Parent Relationship": "Outer", "Join Type": "Inner", "Startup Cost": 0.0, "Total Cost": 97103.24, "Plan Rows": 1869, "Plan Width": 25, "Actual Min Startup Time": 171.709, "Actual Max Startup Time": 171.709, "Actual Min Total Time": 171.709, "Actual Max Total Time": 171.709, "Inner Unique": true, "Plans": [{"Node Type": "Nested Loop", "Parent Relationship": "Outer", "Join Type": "Inner", "Startup Cost": 0.0, "Total Cost": 85485.82, "Plan Rows": 1540, "Plan Width": 4, "Actual Min Startup Time": 171.708, "Actual Max Startup Time": 171.708, "Actual Min Total Time": 171.708, "Actual Max Total Time": 171.708, "Inner Unique": true, "Plans": [{"Node Type": "Streaming(type: LOCAL GATHER dop: 1/16)", "Parent Relationship": "Outer", "Startup Cost": 0.0, "Total Cost": 84603.44, "Plan Rows": 3081, "Plan Width": 8, "Actual Min Startup Time": 33.273, "Actual Max Startup Time": 33.273, "Actual Min Total Time": 149.186, "Actual Max Total Time": 149.186, "Plans": [{"Node Type": "Index Scan", "Parent Relationship": "Outer", "Scan Direction": "Forward", "Index Name": "company_type_id_movie_companies", "Relation Name": "movie_companies", "Alias": "mc", "Startup Cost": 0.0, "Total Cost": 84536.95, "Plan Rows": 3081, "Plan Width": 8, "Actual Min Startup Time": 16.976, "Actual Max Startup Time": 89.132, "Actual Min Total Time": 87.097, "Actual Max Total Time": 151.54, "Filter": "(((note)::text ~~ '%(theatrical)%'::text) AND ((note)::text ~~ '%(France)%'::text))", "Rows Removed by Filter": 2585103, "Actual Rows": 24025}], "Actual Rows": 24025}, {"Node Type": "Index Scan", "Parent Relationship": "Inner", "Scan Direction": "Forward", "Index Name": "company_type_pkey", "Relation Name": "company_type", "Alias": "ct", "Startup Cost": 0.0, "Total Cost": 0.28, "Plan Rows": 1, "Plan Width": 4, "Actual Min Startup Time": 14.286, "Actual Max Startup Time": 14.286, "Actual Min Total Time": 14.286, "Actual Max Total Time": 14.286, "Index Cond": "(id = mc.company_type_id)", "Rows Removed by Index Recheck": 0, "Filter": "((kind)::text = 'production companies'::text)", "Rows Removed by Filter": 0, "Actual Rows": 0}], "Actual Rows": 0}, {"Node Type": "Index Scan", "Parent Relationship": "Inner", "Scan Direction": "Forward", "Index Name": "title_pkey", "Relation Name": "title", "Alias": "t", "Startup Cost": 0.0, "Total Cost": 7.53, "Plan Rows": 1, "Plan Width": 21, "Actual Startup Time": 0.0, "Actual Total Time": 0.0, "Index Cond": "(id = mc.movie_id)", "Rows Removed by Index Recheck": 0, "Filter": "(production_year > 2005)", "Rows Removed by Filter": 0}], "Actual Rows": 0}, {"Node Type": "Index Scan", "Parent Relationship": "Inner", "Scan Direction": "Forward", "Index Name": "movie_id_movie_info", "Relation Name": "movie_info", "Alias": "mi", "Startup Cost": 0.0, "Total Cost": 1.21, "Plan Rows": 1, "Plan Width": 8, "Actual Startup Time": 0.0, "Actual Total Time": 0.0, "Index Cond": "(movie_id = t.id)", "Rows Removed by Index Recheck": 0, "Filter": "((info)::text = ANY ('{Sweden,Norway,Germany,Denmark,Swedish,Denish,Norwegian,German}'::text[]))", "Rows Removed by Filter": 0}], "Actual Rows": 0}, {"Node Type": "Index Scan", "Parent Relationship": "Inner", "Scan Direction": "Forward", "Index Name": "info_type_pkey", "Relation Name": "info_type", "Alias": "it", "Startup Cost": 0.0, "Total Cost": 0.27, "Plan Rows": 1, "Plan Width": 4, "Actual Startup Time": 0.0, "Actual Total Time": 0.0, "Index Cond": "(id = mi.info_type_id)", "Rows Removed by Index Recheck": 0}], "Actual Rows": 0}], "Actual Rows": 1}, "Triggers": [], "Planner Runtime": 9.179, "Total Runtime": 174.166, "Unique SQL Id": 2510907716}}, "(16, '94')": {"explain_plan": {"Plan": {"Node Type": "Aggregate", "Strategy": "Plain", "Startup Cost": 2099002252056.59, "Total Cost": 2099002252056.6, "Plan Rows": 1, "Plan Width": 49, "Plans": [{"Node Type": "Merge Join", "Parent Relationship": "Outer", "Join Type": "Inner", "Startup Cost": 1109716391706.73, "Total Cost": 2099002252051.79, "Plan Rows": 1919, "Plan Width": 17, "Inner Unique": false, "Merge Cond": "(t.id = mi.movie_id)", "Plans": [{"Node Type": "Index Scan", "Parent Relationship": "Outer", "Scan Direction": "Forward", "Index Name": "title_pkey", "Relation Name": "title", "Alias": "t", "Startup Cost": 10000000000.0, "Total Cost": 1000011644126.66, "Plan Rows": 1013492, "Plan Width": 21, "Filter": "(production_year > 2005), (LLVM Optimized)"}, {"Node Type": "Sort", "Parent Relationship": "Inner", "Startup Cost": 1099691970901.07, "Total Cost": 1099691970905.03, "Plan Rows": 1581, "Plan Width": 8, "Sort Key": ["mc.movie_id"], "Plans": [{"Node Type": "Merge Join", "Parent Relationship": "Outer", "Join Type": "Inner", "Startup Cost": 1099691970786.02, "Total Cost": 1099691970817.07, "Plan Rows": 1581, "Plan Width": 8, "Inner Unique": true, "Merge Cond": "(mi.info_type_id = it.id)", "Plans": [{"Node Type": "Sort", "Parent Relationship": "Outer", "Startup Cost": 1099691970779.66, "Total Cost": 1099691970783.61, "Plan Rows": 1581, "Plan Width": 12, "Sort Key": ["mi.info_type_id"], "Plans": [{"Node Type": "Merge Join", "Parent Relationship": "Outer", "Join Type": "Inner", "Startup Cost": 110000185431.3, "Total Cost": 1099691970695.66, "Plan Rows": 1581, "Plan Width": 12, "Inner Unique": false, "Merge Cond": "(mi.movie_id = mc.movie_id)", "Plans": [{"Node Type": "Index Scan", "Parent Relationship": "Outer", "Scan Direction": "Forward", "Index Name": "movie_id_movie_info", "Relation Name": "movie_info", "Alias": "mi", "Startup Cost": 10000000000.0, "Total Cost": 1000118686878.22, "Plan Rows": 141478, "Plan Width": 8, "Filter": "((info)::text = ANY ('{Sweden,Norway,Germany,Denmark,Swedish,Denish,Norwegian,German}'::text[]))"}, {"Node Type": "Sort", "Parent Relationship": "Inner", "Startup Cost": 100000185431.3, "Total Cost": 100000185435.15, "Plan Rows": 1540, "Plan Width": 4, "Sort Key": ["mc.movie_id"], "Plans": [{"Node Type": "Nested Loop", "Parent Relationship": "Outer", "Join Type": "Inner", "Startup Cost": 10000000000.0, "Total Cost": 100000185349.77, "Plan Rows": 1540, "Plan Width": 4, "Inner Unique": false, "Join Filter": "(ct.id = mc.company_type_id)", "Plans": [{"Node Type": "Seq Scan", "Parent Relationship": "Outer", "Relation Name": "company_type", "Alias": "ct", "Startup Cost": 0.0, "Total Cost": 1.04, "Plan Rows": 1, "Plan Width": 4, "Filter": "((kind)::text = 'production companies'::text)"}, {"Node Type": "Materialize", "Parent Relationship": "Inner", "Startup Cost": 0.0, "Total Cost": 18503.13, "Plan Rows": 3081, "Plan Width": 8, "Plans": [{"Node Type": "Streaming(type: LOCAL GATHER dop: 1/16)", "Parent Relationship": "Outer", "Startup Cost": 0.0, "Total Cost": 18495.43, "Plan Rows": 3081, "Plan Width": 8, "Plans": [{"Node Type": "Seq Scan", "Parent Relationship": "Outer", "Relation Name": "movie_companies", "Alias": "mc", "Startup Cost": 0.0, "Total Cost": 18428.93, "Plan Rows": 3081, "Plan Width": 8, "Filter": "(((note)::text ~~ '%(theatrical)%'::text) AND ((note)::text ~~ '%(France)%'::text))"}]}]}]}]}]}]}, {"Node Type": "Sort", "Parent Relationship": "Inner", "Startup Cost": 5.93, "Total Cost": 6.21, "Plan Rows": 112, "Plan Width": 4, "Sort Key": ["it.id"], "Plans": [{"Node Type": "Seq Scan", "Parent Relationship": "Outer", "Relation Name": "info_type", "Alias": "it", "Startup Cost": 0.0, "Total Cost": 2.12, "Plan Rows": 112, "Plan Width": 4}]}]}]}]}]}, "Unique SQL Id": 2510907716, "Planner Runtime": 10}, "explain_analyze_plan": {"Plan": {"Node Type": "Aggregate", "Strategy": "Plain", "Startup Cost": 2099002252056.59, "Total Cost": 2099002252056.6, "Plan Rows": 1, "Plan Width": 49, "Actual Min Startup Time": 96.603, "Actual Max Startup Time": 96.603, "Actual Min Total Time": 96.604, "Actual Max Total Time": 96.604, "Plans": [{"Node Type": "Merge Join", "Parent Relationship": "Outer", "Join Type": "Inner", "Startup Cost": 1109716391706.73, "Total Cost": 2099002252051.79, "Plan Rows": 1919, "Plan Width": 17, "Actual Min Startup Time": 96.592, "Actual Max Startup Time": 96.592, "Actual Min Total Time": 96.592, "Actual Max Total Time": 96.592, "Inner Unique": false, "Merge Cond": "(t.id = mi.movie_id)", "Plans": [{"Node Type": "Index Scan", "Parent Relationship": "Outer", "Scan Direction": "Forward", "Index Name": "title_pkey", "Relation Name": "title", "Alias": "t", "Startup Cost": 10000000000.0, "Total Cost": 1000011644126.66, "Plan Rows": 1013492, "Plan Width": 21, "Actual Min Startup Time": 0.055, "Actual Max Startup Time": 0.055, "Actual Min Total Time": 0.055, "Actual Max Total Time": 0.055, "Filter": "(production_year > 2005), (LLVM Optimized)", "Rows Removed by Filter": 1, "Actual Rows": 1}, {"Node Type": "Sort", "Parent Relationship": "Inner", "Startup Cost": 1099691970901.07, "Total Cost": 1099691970905.03, "Plan Rows": 1581, "Plan Width": 8, "Actual Min Startup Time": 96.525, "Actual Max Startup Time": 96.525, "Actual Min Total Time": 96.525, "Actual Max Total Time": 96.525, "Sort Key": ["mc.movie_id"], "Sort Method": "quicksort", "Sort Space Min Used": 25, "Sort Space Max Used": 25, "Sort Space Type": "Memory", "Plans": [{"Node Type": "Merge Join", "Parent Relationship": "Outer", "Join Type": "Inner", "Startup Cost": 1099691970786.02, "Total Cost": 1099691970817.07, "Plan Rows": 1581, "Plan Width": 8, "Actual Min Startup Time": 96.512, "Actual Max Startup Time": 96.512, "Actual Min Total Time": 96.512, "Actual Max Total Time": 96.512, "Inner Unique": true, "Merge Cond": "(mi.info_type_id = it.id)", "Plans": [{"Node Type": "Sort", "Parent Relationship": "Outer", "Startup Cost": 1099691970779.66, "Total Cost": 1099691970783.61, "Plan Rows": 1581, "Plan Width": 12, "Actual Min Startup Time": 96.506, "Actual Max Startup Time": 96.506, "Actual Min Total Time": 96.506, "Actual Max Total Time": 96.506, "Sort Key": ["mi.info_type_id"], "Sort Method": "quicksort", "Sort Space Min Used": 25, "Sort Space Max Used": 25, "Sort Space Type": "Memory", "Plans": [{"Node Type": "Merge Join", "Parent Relationship": "Outer", "Join Type": "Inner", "Startup Cost": 110000185431.3, "Total Cost": 1099691970695.66, "Plan Rows": 1581, "Plan Width": 12, "Actual Min Startup Time": 96.503, "Actual Max Startup Time": 96.503, "Actual Min Total Time": 96.503, "Actual Max Total Time": 96.503, "Inner Unique": false, "Merge Cond": "(mi.movie_id = mc.movie_id)", "Plans": [{"Node Type": "Index Scan", "Parent Relationship": "Outer", "Scan Direction": "Forward", "Index Name": "movie_id_movie_info", "Relation Name": "movie_info", "Alias": "mi", "Startup Cost": 10000000000.0, "Total Cost": 1000118686878.22, "Plan Rows": 141478, "Plan Width": 8, "Actual Min Startup Time": 2.251, "Actual Max Startup Time": 2.251, "Actual Min Total Time": 2.251, "Actual Max Total Time": 2.251, "Filter": "((info)::text = ANY ('{Sweden,Norway,Germany,Denmark,Swedish,Denish,Norwegian,German}'::text[]))", "Rows Removed by Filter": 1998, "Actual Rows": 1}, {"Node Type": "Sort", "Parent Relationship": "Inner", "Startup Cost": 100000185431.3, "Total Cost": 100000185435.15, "Plan Rows": 1540, "Plan Width": 4, "Actual Min Startup Time": 94.237, "Actual Max Startup Time": 94.237, "Actual Min Total Time": 94.237, "Actual Max Total Time": 94.237, "Sort Key": ["mc.movie_id"], "Sort Method": "quicksort", "Sort Space Min Used": 25, "Sort Space Max Used": 25, "Sort Space Type": "Memory", "Plans": [{"Node Type": "Nested Loop", "Parent Relationship": "Outer", "Join Type": "Inner", "Startup Cost": 10000000000.0, "Total Cost": 100000185349.77, "Plan Rows": 1540, "Plan Width": 4, "Actual Min Startup Time": 94.226, "Actual Max Startup Time": 94.226, "Actual Min Total Time": 94.226, "Actual Max Total Time": 94.226, "Inner Unique": false, "Join Filter": "(ct.id = mc.company_type_id)", "Rows Removed by Join Filter": 24025, "Plans": [{"Node Type": "Seq Scan", "Parent Relationship": "Outer", "Relation Name": "company_type", "Alias": "ct", "Startup Cost": 0.0, "Total Cost": 1.04, "Plan Rows": 1, "Plan Width": 4, "Actual Min Startup Time": 0.049, "Actual Max Startup Time": 0.049, "Actual Min Total Time": 0.053, "Actual Max Total Time": 0.053, "Filter": "((kind)::text = 'production companies'::text)", "Rows Removed by Filter": 2, "Actual Rows": 1}, {"Node Type": "Materialize", "Parent Relationship": "Inner", "Startup Cost": 0.0, "Total Cost": 18503.13, "Plan Rows": 3081, "Plan Width": 8, "Actual Min Startup Time": 85.813, "Actual Max Startup Time": 85.813, "Actual Min Total Time": 88.894, "Actual Max Total Time": 88.894, "Plans": [{"Node Type": "Streaming(type: LOCAL GATHER dop: 1/16)", "Parent Relationship": "Outer", "Startup Cost": 0.0, "Total Cost": 18495.43, "Plan Rows": 3081, "Plan Width": 8, "Actual Min Startup Time": 26.123, "Actual Max Startup Time": 26.123, "Actual Min Total Time": 82.036, "Actual Max Total Time": 82.036, "Plans": [{"Node Type": "Seq Scan", "Parent Relationship": "Outer", "Relation Name": "movie_companies", "Alias": "mc", "Startup Cost": 0.0, "Total Cost": 18428.93, "Plan Rows": 3081, "Plan Width": 8, "Actual Min Startup Time": 0.937, "Actual Max Startup Time": 12.804, "Actual Min Total Time": 60.138, "Actual Max Total Time": 66.534, "Filter": "(((note)::text ~~ '%(theatrical)%'::text) AND ((note)::text ~~ '%(France)%'::text))", "Rows Removed by Filter": 2585103, "Actual Rows": 24025}], "Actual Rows": 24025}], "Actual Rows": 24026}], "Actual Rows": 0}], "Actual Rows": 0}], "Actual Rows": 0}], "Actual Rows": 0}, {"Node Type": "Sort", "Parent Relationship": "Inner", "Startup Cost": 5.93, "Total Cost": 6.21, "Plan Rows": 112, "Plan Width": 4, "Actual Startup Time": 0.0, "Actual Total Time": 0.0, "Sort Key": ["it.id"], "Plans": [{"Node Type": "Seq Scan", "Parent Relationship": "Outer", "Relation Name": "info_type", "Alias": "it", "Startup Cost": 0.0, "Total Cost": 2.12, "Plan Rows": 112, "Plan Width": 4, "Actual Startup Time": 0.0, "Actual Total Time": 0.0}]}], "Actual Rows": 0}], "Actual Rows": 0}], "Actual Rows": 0}], "Actual Rows": 1}, "Triggers": [], "Planner Runtime": 10.622, "Total Runtime": 107.632, "Unique SQL Id": 2510907716}}, "(16, '95')": {"explain_plan": {"Plan": {"Node Type": "Aggregate", "Strategy": "Plain", "Startup Cost": 4979930021017.51, "Total Cost": 4979930021017.52, "Plan Rows": 1, "Plan Width": 49, "Plans": [{"Node Type": "Merge Join", "Parent Relationship": "Outer", "Join Type": "Inner", "Startup Cost": 3989930019743.87, "Total Cost": 4979930021012.72, "Plan Rows": 1919, "Plan Width": 17, "Inner Unique": true, "Merge Cond": "(mc.company_type_id = ct.id)", "Plans": [{"Node Type": "Sort", "Parent Relationship": "Outer", "Startup Cost": 3979930019734.47, "Total Cost": 3979930019744.07, "Plan Rows": 3839, "Plan Width": 21, "Sort Key": ["mc.company_type_id"], "Plans": [{"Node Type": "Merge Join", "Parent Relationship": "Outer", "Join Type": "Inner", "Startup Cost": 2002461488040.5, "Total Cost": 3979930019505.93, "Plan Rows": 3839, "Plan Width": 21, "Inner Unique": false, "Merge Cond": "(mi.movie_id = t.id)", "Plans": [{"Node Type": "Sort", "Parent Relationship": "Outer", "Startup Cost": 1982439997731.52, "Total Cost": 1982439998085.21, "Plan Rows": 141478, "Plan Width": 4, "Sort Key": ["mi.movie_id"], "Plans": [{"Node Type": "Merge Join", "Parent Relationship": "Outer", "Join Type": "Inner", "Startup Cost": 73894619562.47, "Total Cost": 1982439985627.92, "Plan Rows": 141478, "Plan Width": 4, "Inner Unique": false, "Merge Cond": "(it.id = mi.info_type_id)", "Plans": [{"Node Type": "Index Scan", "Parent Relationship": "Outer", "Scan Direction": "Forward", "Index Name": "info_type_pkey", "Relation Name": "info_type", "Alias": "it", "Startup Cost": 10000000000.0, "Total Cost": 1000000001393.0, "Plan Rows": 112, "Plan Width": 4}, {"Node Type": "Index Scan", "Parent Relationship": "Inner", "Scan Direction": "Forward", "Index Name": "info_type_id_movie_info", "Relation Name": "movie_info", "Alias": "mi", "Startup Cost": 10000000000.0, "Total Cost": 1000118553919.62, "Plan Rows": 141478, "Plan Width": 8, "Filter": "((info)::text = ANY ('{Sweden,Norway,Germany,Denmark,Swedish,Denish,Norwegian,German}'::text[]))"}]}]}, {"Node Type": "Materialize", "Parent Relationship": "Inner", "Startup Cost": 20021490308.98, "Total Cost": 1999077499133.27, "Plan Rows": 3740, "Plan Width": 29, "Plans": [{"Node Type": "Merge Join", "Parent Relationship": "Outer", "Join Type": "Inner", "Startup Cost": 20021490308.98, "Total Cost": 1999077499123.92, "Plan Rows": 3740, "Plan Width": 29, "Inner Unique": true, "Merge Cond": "(mc.movie_id = t.id)", "Plans": [{"Node Type": "Index Scan", "Parent Relationship": "Outer", "Scan Direction": "Forward", "Index Name": "movie_id_movie_companies", "Relation Name": "movie_companies", "Alias": "mc", "Startup Cost": 10000000000.0, "Total Cost": 1000014356510.13, "Plan Rows": 3081, "Plan Width": 8, "Filter": "(((note)::text ~~ '%(theatrical)%'::text) AND ((note)::text ~~ '%(France)%'::text))"}, {"Node Type": "Index Scan", "Parent Relationship": "Inner", "Scan Direction": "Forward", "Index Name": "title_pkey", "Relation Name": "title", "Alias": "t", "Startup Cost": 10000000000.0, "Total Cost": 1000011644126.66, "Plan Rows": 1013492, "Plan Width": 21, "Filter": "(production_year > 2005), (LLVM Optimized)"}]}]}]}]}, {"Node Type": "Materialize", "Parent Relationship": "Inner", "Startup Cost": 10000000000.0, "Total Cost": 1000000001230.25, "Plan Rows": 1, "Plan Width": 4, "Plans": [{"Node Type": "Index Scan", "Parent Relationship": "Outer", "Scan Direction": "Forward", "Index Name": "company_type_pkey", "Relation Name": "company_type", "Alias": "ct", "Startup Cost": 10000000000.0, "Total Cost": 1000000001230.25, "Plan Rows": 1, "Plan Width": 4, "Filter": "((kind)::text = 'production companies'::text)"}]}]}]}, "Unique SQL Id": 2510907716, "Planner Runtime": 14}, "explain_analyze_plan": null}, "(16, '96')": {"explain_plan": {"Plan": {"Node Type": "Aggregate", "Strategy": "Plain", "Startup Cost": 32453.79, "Total Cost": 32453.8, "Plan Rows": 1, "Plan Width": 49, "Plans": [{"Node Type": "Hash Join", "Parent Relationship": "Outer", "Join Type": "Inner", "Startup Cost": 4.57, "Total Cost": 32448.99, "Plan Rows": 1919, "Plan Width": 17, "Inner Unique": true, "Hash Cond": "(mi.info_type_id = it.id)", "Plans": [{"Node Type": "Nested Loop", "Parent Relationship": "Outer", "Join Type": "Inner", "Startup Cost": 1.05, "Total Cost": 32420.14, "Plan Rows": 1919, "Plan Width": 21, "Inner Unique": false, "Plans": [{"Node Type": "Nested Loop", "Parent Relationship": "Outer", "Join Type": "Inner", "Startup Cost": 1.05, "Total Cost": 30140.85, "Plan Rows": 1869, "Plan Width": 25, "Inner Unique": true, "Plans": [{"Node Type": "Hash Join", "Parent Relationship": "Outer", "Join Type": "Inner", "Startup Cost": 1.05, "Total Cost": 18523.43, "Plan Rows": 1540, "Plan Width": 4, "Inner Unique": true, "Hash Cond": "(mc.company_type_id = ct.id)", "Plans": [{"Node Type": "Streaming(type: LOCAL GATHER dop: 1/16)", "Parent Relationship": "Outer", "Startup Cost": 0.0, "Total Cost": 18495.43, "Plan Rows": 3081, "Plan Width": 8, "Plans": [{"Node Type": "Seq Scan", "Parent Relationship": "Outer", "Relation Name": "movie_companies", "Alias": "mc", "Startup Cost": 0.0, "Total Cost": 18428.93, "Plan Rows": 3081, "Plan Width": 8, "Filter": "(((note)::text ~~ '%(theatrical)%'::text) AND ((note)::text ~~ '%(France)%'::text))"}]}, {"Node Type": "Hash", "Parent Relationship": "Inner", "Startup Cost": 1.04, "Total Cost": 1.04, "Plan Rows": 1, "Plan Width": 4, "Plans": [{"Node Type": "Seq Scan", "Parent Relationship": "Outer", "Relation Name": "company_type", "Alias": "ct", "Startup Cost": 0.0, "Total Cost": 1.04, "Plan Rows": 1, "Plan Width": 4, "Filter": "((kind)::text = 'production companies'::text)"}]}]}, {"Node Type": "Index Scan", "Parent Relationship": "Inner", "Scan Direction": "Forward", "Index Name": "title_pkey", "Relation Name": "title", "Alias": "t", "Startup Cost": 0.0, "Total Cost": 7.53, "Plan Rows": 1, "Plan Width": 21, "Index Cond": "(id = mc.movie_id)", "Filter": "(production_year > 2005)"}]}, {"Node Type": "Index Scan", "Parent Relationship": "Inner", "Scan Direction": "Forward", "Index Name": "movie_id_movie_info", "Relation Name": "movie_info", "Alias": "mi", "Startup Cost": 0.0, "Total Cost": 1.21, "Plan Rows": 1, "Plan Width": 8, "Index Cond": "(movie_id = t.id)", "Filter": "((info)::text = ANY ('{Sweden,Norway,Germany,Denmark,Swedish,Denish,Norwegian,German}'::text[]))"}]}, {"Node Type": "Hash", "Parent Relationship": "Inner", "Startup Cost": 2.12, "Total Cost": 2.12, "Plan Rows": 112, "Plan Width": 4, "Plans": [{"Node Type": "Index Only Scan", "Parent Relationship": "Outer", "Scan Direction": "Forward", "Index Name": "info_type_pkey", "Relation Name": "info_type", "Alias": "it", "Startup Cost": 0.0, "Total Cost": 2.12, "Plan Rows": 112, "Plan Width": 4}]}]}]}, "Unique SQL Id": 2510907716, "Planner Runtime": 10}, "explain_analyze_plan": {"Plan": {"Node Type": "Aggregate", "Strategy": "Plain", "Startup Cost": 32453.79, "Total Cost": 32453.8, "Plan Rows": 1, "Plan Width": 49, "Actual Min Startup Time": 87.124, "Actual Max Startup Time": 87.124, "Actual Min Total Time": 87.125, "Actual Max Total Time": 87.125, "Plans": [{"Node Type": "Hash Join", "Parent Relationship": "Outer", "Join Type": "Inner", "Startup Cost": 4.57, "Total Cost": 32448.99, "Plan Rows": 1919, "Plan Width": 17, "Actual Min Startup Time": 87.112, "Actual Max Startup Time": 87.112, "Actual Min Total Time": 87.112, "Actual Max Total Time": 87.112, "Inner Unique": true, "Hash Cond": "(mi.info_type_id = it.id)", "Plans": [{"Node Type": "Nested Loop", "Parent Relationship": "Outer", "Join Type": "Inner", "Startup Cost": 1.05, "Total Cost": 32420.14, "Plan Rows": 1919, "Plan Width": 21, "Actual Min Startup Time": 86.97, "Actual Max Startup Time": 86.97, "Actual Min Total Time": 86.97, "Actual Max Total Time": 86.97, "Inner Unique": false, "Plans": [{"Node Type": "Nested Loop", "Parent Relationship": "Outer", "Join Type": "Inner", "Startup Cost": 1.05, "Total Cost": 30140.85, "Plan Rows": 1869, "Plan Width": 25, "Actual Min Startup Time": 86.968, "Actual Max Startup Time": 86.968, "Actual Min Total Time": 86.968, "Actual Max Total Time": 86.968, "Inner Unique": true, "Plans": [{"Node Type": "Hash Join", "Parent Relationship": "Outer", "Join Type": "Inner", "Startup Cost": 1.05, "Total Cost": 18523.43, "Plan Rows": 1540, "Plan Width": 4, "Actual Min Startup Time": 86.922, "Actual Max Startup Time": 86.922, "Actual Min Total Time": 86.922, "Actual Max Total Time": 86.922, "Inner Unique": true, "Hash Cond": "(mc.company_type_id = ct.id)", "Plans": [{"Node Type": "Streaming(type: LOCAL GATHER dop: 1/16)", "Parent Relationship": "Outer", "Startup Cost": 0.0, "Total Cost": 18495.43, "Plan Rows": 3081, "Plan Width": 8, "Actual Min Startup Time": 29.12, "Actual Max Startup Time": 29.12, "Actual Min Total Time": 83.115, "Actual Max Total Time": 83.115, "Plans": [{"Node Type": "Seq Scan", "Parent Relationship": "Outer", "Relation Name": "movie_companies", "Alias": "mc", "Startup Cost": 0.0, "Total Cost": 18428.93, "Plan Rows": 3081, "Plan Width": 8, "Actual Min Startup Time": 0.918, "Actual Max Startup Time": 12.842, "Actual Min Total Time": 60.32, "Actual Max Total Time": 66.552, "Filter": "(((note)::text ~~ '%(theatrical)%'::text) AND ((note)::text ~~ '%(France)%'::text))", "Rows Removed by Filter": 2585103, "Actual Rows": 24025}], "Actual Rows": 24025}, {"Node Type": "Hash", "Parent Relationship": "Inner", "Startup Cost": 1.04, "Total Cost": 1.04, "Plan Rows": 1, "Plan Width": 4, "Actual Min Startup Time": 0.029, "Actual Max Startup Time": 0.029, "Actual Min Total Time": 0.029, "Actual Max Total Time": 0.029, "Max Hash Buckets": 32768, "Min Hash Buckets": 32768, "Max Hash Batches": 1, "Min Hash Batches": 1, "Max Original Hash Batches": 1, "Min Original Hash Batches": 1, "Max Peak Memory Usage": 1, "min Peak Memory Usage": 1, "Plans": [{"Node Type": "Seq Scan", "Parent Relationship": "Outer", "Relation Name": "company_type", "Alias": "ct", "Startup Cost": 0.0, "Total Cost": 1.04, "Plan Rows": 1, "Plan Width": 4, "Actual Min Startup Time": 0.024, "Actual Max Startup Time": 0.024, "Actual Min Total Time": 0.027, "Actual Max Total Time": 0.027, "Filter": "((kind)::text = 'production companies'::text)", "Rows Removed by Filter": 2, "Actual Rows": 1}], "Actual Rows": 1}], "Actual Rows": 0}, {"Node Type": "Index Scan", "Parent Relationship": "Inner", "Scan Direction": "Forward", "Index Name": "title_pkey", "Relation Name": "title", "Alias": "t", "Startup Cost": 0.0, "Total Cost": 7.53, "Plan Rows": 1, "Plan Width": 21, "Actual Startup Time": 0.0, "Actual Total Time": 0.0, "Index Cond": "(id = mc.movie_id)", "Rows Removed by Index Recheck": 0, "Filter": "(production_year > 2005)", "Rows Removed by Filter": 0}], "Actual Rows": 0}, {"Node Type": "Index Scan", "Parent Relationship": "Inner", "Scan Direction": "Forward", "Index Name": "movie_id_movie_info", "Relation Name": "movie_info", "Alias": "mi", "Startup Cost": 0.0, "Total Cost": 1.21, "Plan Rows": 1, "Plan Width": 8, "Actual Startup Time": 0.0, "Actual Total Time": 0.0, "Index Cond": "(movie_id = t.id)", "Rows Removed by Index Recheck": 0, "Filter": "((info)::text = ANY ('{Sweden,Norway,Germany,Denmark,Swedish,Denish,Norwegian,German}'::text[]))", "Rows Removed by Filter": 0}], "Actual Rows": 0}, {"Node Type": "Hash", "Parent Relationship": "Inner", "Startup Cost": 2.12, "Total Cost": 2.12, "Plan Rows": 112, "Plan Width": 4, "Actual Min Startup Time": 0.09, "Actual Max Startup Time": 0.09, "Actual Min Total Time": 0.09, "Actual Max Total Time": 0.09, "Max Hash Buckets": 32768, "Min Hash Buckets": 32768, "Max Hash Batches": 1, "Min Hash Batches": 1, "Max Original Hash Batches": 1, "Min Original Hash Batches": 1, "Max Peak Memory Usage": 4, "min Peak Memory Usage": 4, "Plans": [{"Node Type": "Index Only Scan", "Parent Relationship": "Outer", "Scan Direction": "Forward", "Index Name": "info_type_pkey", "Relation Name": "info_type", "Alias": "it", "Startup Cost": 0.0, "Total Cost": 2.12, "Plan Rows": 112, "Plan Width": 4, "Actual Min Startup Time": 0.017, "Actual Max Startup Time": 0.017, "Actual Min Total Time": 0.039, "Actual Max Total Time": 0.039, "Heap Fetches": 0, "Actual Rows": 112}], "Actual Rows": 112}], "Actual Rows": 0}], "Actual Rows": 1}, "Triggers": [], "Planner Runtime": 13.355, "Total Runtime": 89.69, "Unique SQL Id": 2510907716}}, "(16, '97')": {"explain_plan": {"Plan": {"Node Type": "Aggregate", "Strategy": "Plain", "Startup Cost": 99924.76, "Total Cost": 99924.77, "Plan Rows": 1, "Plan Width": 49, "Plans": [{"Node Type": "Nested Loop", "Parent Relationship": "Outer", "Join Type": "Inner", "Startup Cost": 0.0, "Total Cost": 99919.97, "Plan Rows": 1919, "Plan Width": 17, "Inner Unique": true, "Plans": [{"Node Type": "Nested Loop", "Parent Relationship": "Outer", "Join Type": "Inner", "Startup Cost": 0.0, "Total Cost": 99382.54, "Plan Rows": 1919, "Plan Width": 21, "Inner Unique": false, "Plans": [{"Node Type": "Nested Loop", "Parent Relationship": "Outer", "Join Type": "Inner", "Startup Cost": 0.0, "Total Cost": 97103.24, "Plan Rows": 1869, "Plan Width": 25, "Inner Unique": true, "Plans": [{"Node Type": "Nested Loop", "Parent Relationship": "Outer", "Join Type": "Inner", "Startup Cost": 0.0, "Total Cost": 85485.82, "Plan Rows": 1540, "Plan Width": 4, "Inner Unique": true, "Plans": [{"Node Type": "Streaming(type: LOCAL GATHER dop: 1/16)", "Parent Relationship": "Outer", "Startup Cost": 0.0, "Total Cost": 84603.44, "Plan Rows": 3081, "Plan Width": 8, "Plans": [{"Node Type": "Index Scan", "Parent Relationship": "Outer", "Scan Direction": "Forward", "Index Name": "company_type_id_movie_companies", "Relation Name": "movie_companies", "Alias": "mc", "Startup Cost": 0.0, "Total Cost": 84536.95, "Plan Rows": 3081, "Plan Width": 8, "Filter": "(((note)::text ~~ '%(theatrical)%'::text) AND ((note)::text ~~ '%(France)%'::text))"}]}, {"Node Type": "Index Scan", "Parent Relationship": "Inner", "Scan Direction": "Forward", "Index Name": "company_type_pkey", "Relation Name": "company_type", "Alias": "ct", "Startup Cost": 0.0, "Total Cost": 0.28, "Plan Rows": 1, "Plan Width": 4, "Index Cond": "(id = mc.company_type_id)", "Filter": "((kind)::text = 'production companies'::text)"}]}, {"Node Type": "Index Scan", "Parent Relationship": "Inner", "Scan Direction": "Forward", "Index Name": "title_pkey", "Relation Name": "title", "Alias": "t", "Startup Cost": 0.0, "Total Cost": 7.53, "Plan Rows": 1, "Plan Width": 21, "Index Cond": "(id = mc.movie_id)", "Filter": "(production_year > 2005)"}]}, {"Node Type": "Index Scan", "Parent Relationship": "Inner", "Scan Direction": "Forward", "Index Name": "movie_id_movie_info", "Relation Name": "movie_info", "Alias": "mi", "Startup Cost": 0.0, "Total Cost": 1.21, "Plan Rows": 1, "Plan Width": 8, "Index Cond": "(movie_id = t.id)", "Filter": "((info)::text = ANY ('{Sweden,Norway,Germany,Denmark,Swedish,Denish,Norwegian,German}'::text[]))"}]}, {"Node Type": "Index Only Scan", "Parent Relationship": "Inner", "Scan Direction": "Forward", "Index Name": "info_type_pkey", "Relation Name": "info_type", "Alias": "it", "Startup Cost": 0.0, "Total Cost": 0.27, "Plan Rows": 1, "Plan Width": 4, "Index Cond": "(id = mi.info_type_id)"}]}]}, "Unique SQL Id": 2510907716, "Planner Runtime": 6}, "explain_analyze_plan": {"Plan": {"Node Type": "Aggregate", "Strategy": "Plain", "Startup Cost": 99924.76, "Total Cost": 99924.77, "Plan Rows": 1, "Plan Width": 49, "Actual Min Startup Time": 170.847, "Actual Max Startup Time": 170.847, "Actual Min Total Time": 170.848, "Actual Max Total Time": 170.848, "Plans": [{"Node Type": "Nested Loop", "Parent Relationship": "Outer", "Join Type": "Inner", "Startup Cost": 0.0, "Total Cost": 99919.97, "Plan Rows": 1919, "Plan Width": 17, "Actual Min Startup Time": 170.838, "Actual Max Startup Time": 170.838, "Actual Min Total Time": 170.838, "Actual Max Total Time": 170.838, "Inner Unique": true, "Plans": [{"Node Type": "Nested Loop", "Parent Relationship": "Outer", "Join Type": "Inner", "Startup Cost": 0.0, "Total Cost": 99382.54, "Plan Rows": 1919, "Plan Width": 21, "Actual Min Startup Time": 170.836, "Actual Max Startup Time": 170.836, "Actual Min Total Time": 170.836, "Actual Max Total Time": 170.836, "Inner Unique": false, "Plans": [{"Node Type": "Nested Loop", "Parent Relationship": "Outer", "Join Type": "Inner", "Startup Cost": 0.0, "Total Cost": 97103.24, "Plan Rows": 1869, "Plan Width": 25, "Actual Min Startup Time": 170.834, "Actual Max Startup Time": 170.834, "Actual Min Total Time": 170.834, "Actual Max Total Time": 170.834, "Inner Unique": true, "Plans": [{"Node Type": "Nested Loop", "Parent Relationship": "Outer", "Join Type": "Inner", "Startup Cost": 0.0, "Total Cost": 85485.82, "Plan Rows": 1540, "Plan Width": 4, "Actual Min Startup Time": 170.833, "Actual Max Startup Time": 170.833, "Actual Min Total Time": 170.833, "Actual Max Total Time": 170.833, "Inner Unique": true, "Plans": [{"Node Type": "Streaming(type: LOCAL GATHER dop: 1/16)", "Parent Relationship": "Outer", "Startup Cost": 0.0, "Total Cost": 84603.44, "Plan Rows": 3081, "Plan Width": 8, "Actual Min Startup Time": 32.062, "Actual Max Startup Time": 32.062, "Actual Min Total Time": 148.487, "Actual Max Total Time": 148.487, "Plans": [{"Node Type": "Index Scan", "Parent Relationship": "Outer", "Scan Direction": "Forward", "Index Name": "company_type_id_movie_companies", "Relation Name": "movie_companies", "Alias": "mc", "Startup Cost": 0.0, "Total Cost": 84536.95, "Plan Rows": 3081, "Plan Width": 8, "Actual Min Startup Time": 15.98, "Actual Max Startup Time": 88.111, "Actual Min Total Time": 86.282, "Actual Max Total Time": 153.188, "Filter": "(((note)::text ~~ '%(theatrical)%'::text) AND ((note)::text ~~ '%(France)%'::text))", "Rows Removed by Filter": 2585103, "Actual Rows": 24025}], "Actual Rows": 24025}, {"Node Type": "Index Scan", "Parent Relationship": "Inner", "Scan Direction": "Forward", "Index Name": "company_type_pkey", "Relation Name": "company_type", "Alias": "ct", "Startup Cost": 0.0, "Total Cost": 0.28, "Plan Rows": 1, "Plan Width": 4, "Actual Min Startup Time": 13.513, "Actual Max Startup Time": 13.513, "Actual Min Total Time": 13.513, "Actual Max Total Time": 13.513, "Index Cond": "(id = mc.company_type_id)", "Rows Removed by Index Recheck": 0, "Filter": "((kind)::text = 'production companies'::text)", "Rows Removed by Filter": 0, "Actual Rows": 0}], "Actual Rows": 0}, {"Node Type": "Index Scan", "Parent Relationship": "Inner", "Scan Direction": "Forward", "Index Name": "title_pkey", "Relation Name": "title", "Alias": "t", "Startup Cost": 0.0, "Total Cost": 7.53, "Plan Rows": 1, "Plan Width": 21, "Actual Startup Time": 0.0, "Actual Total Time": 0.0, "Index Cond": "(id = mc.movie_id)", "Rows Removed by Index Recheck": 0, "Filter": "(production_year > 2005)", "Rows Removed by Filter": 0}], "Actual Rows": 0}, {"Node Type": "Index Scan", "Parent Relationship": "Inner", "Scan Direction": "Forward", "Index Name": "movie_id_movie_info", "Relation Name": "movie_info", "Alias": "mi", "Startup Cost": 0.0, "Total Cost": 1.21, "Plan Rows": 1, "Plan Width": 8, "Actual Startup Time": 0.0, "Actual Total Time": 0.0, "Index Cond": "(movie_id = t.id)", "Rows Removed by Index Recheck": 0, "Filter": "((info)::text = ANY ('{Sweden,Norway,Germany,Denmark,Swedish,Denish,Norwegian,German}'::text[]))", "Rows Removed by Filter": 0}], "Actual Rows": 0}, {"Node Type": "Index Only Scan", "Parent Relationship": "Inner", "Scan Direction": "Forward", "Index Name": "info_type_pkey", "Relation Name": "info_type", "Alias": "it", "Startup Cost": 0.0, "Total Cost": 0.27, "Plan Rows": 1, "Plan Width": 4, "Actual Startup Time": 0.0, "Actual Total Time": 0.0, "Index Cond": "(id = mi.info_type_id)", "Rows Removed by Index Recheck": 0, "Heap Fetches": 0}], "Actual Rows": 0}], "Actual Rows": 1}, "Triggers": [], "Planner Runtime": 9.058, "Total Runtime": 173.276, "Unique SQL Id": 2510907716}}, "(16, '98')": {"explain_plan": {"Plan": {"Node Type": "Aggregate", "Strategy": "Plain", "Startup Cost": 39096.72, "Total Cost": 39096.73, "Plan Rows": 1, "Plan Width": 49, "Plans": [{"Node Type": "Hash Join", "Parent Relationship": "Outer", "Join Type": "Inner", "Startup Cost": 8.77, "Total Cost": 39091.92, "Plan Rows": 1919, "Plan Width": 17, "Inner Unique": true, "Hash Cond": "(mi.info_type_id = it.id)", "Plans": [{"Node Type": "Nested Loop", "Parent Relationship": "Outer", "Join Type": "Inner", "Startup Cost": 5.25, "Total Cost": 39063.07, "Plan Rows": 1919, "Plan Width": 21, "Inner Unique": false, "Plans": [{"Node Type": "Nested Loop", "Parent Relationship": "Outer", "Join Type": "Inner", "Startup Cost": 4.74, "Total Cost": 30401.15, "Plan Rows": 1869, "Plan Width": 25, "Inner Unique": true, "Plans": [{"Node Type": "Hash Join", "Parent Relationship": "Outer", "Join Type": "Inner", "Startup Cost": 1.05, "Total Cost": 18523.43, "Plan Rows": 1540, "Plan Width": 4, "Inner Unique": true, "Hash Cond": "(mc.company_type_id = ct.id)", "Plans": [{"Node Type": "Streaming(type: LOCAL GATHER dop: 1/16)", "Parent Relationship": "Outer", "Startup Cost": 0.0, "Total Cost": 18495.43, "Plan Rows": 3081, "Plan Width": 8, "Plans": [{"Node Type": "Seq Scan", "Parent Relationship": "Outer", "Relation Name": "movie_companies", "Alias": "mc", "Startup Cost": 0.0, "Total Cost": 18428.93, "Plan Rows": 3081, "Plan Width": 8, "Filter": "(((note)::text ~~ '%(theatrical)%'::text) AND ((note)::text ~~ '%(France)%'::text))"}]}, {"Node Type": "Hash", "Parent Relationship": "Inner", "Startup Cost": 1.04, "Total Cost": 1.04, "Plan Rows": 1, "Plan Width": 4, "Plans": [{"Node Type": "Seq Scan", "Parent Relationship": "Outer", "Relation Name": "company_type", "Alias": "ct", "Startup Cost": 0.0, "Total Cost": 1.04, "Plan Rows": 1, "Plan Width": 4, "Filter": "((kind)::text = 'production companies'::text)"}]}]}, {"Node Type": "Bitmap Heap Scan", "Parent Relationship": "Inner", "Relation Name": "title", "Alias": "t", "Startup Cost": 3.69, "Total Cost": 7.7, "Plan Rows": 1, "Plan Width": 21, "Recheck Cond": "(id = mc.movie_id)", "Filter": "(production_year > 2005)", "Plans": [{"Node Type": "Bitmap Index Scan", "Parent Relationship": "Outer", "Index Name": "title_pkey", "Startup Cost": 0.0, "Total Cost": 3.69, "Plan Rows": 1, "Plan Width": 0, "Index Cond": "(id = mc.movie_id)"}]}]}, {"Node Type": "Bitmap Heap Scan", "Parent Relationship": "Inner", "Relation Name": "movie_info", "Alias": "mi", "Startup Cost": 0.51, "Total Cost": 4.62, "Plan Rows": 1, "Plan Width": 8, "Recheck Cond": "(movie_id = t.id)", "Filter": "((info)::text = ANY ('{Sweden,Norway,Germany,Denmark,Swedish,Denish,Norwegian,German}'::text[]))", "Plans": [{"Node Type": "Bitmap Index Scan", "Parent Relationship": "Outer", "Index Name": "movie_id_movie_info", "Startup Cost": 0.0, "Total Cost": 0.51, "Plan Rows": 5, "Plan Width": 0, "Index Cond": "(movie_id = t.id)"}]}]}, {"Node Type": "Hash", "Parent Relationship": "Inner", "Startup Cost": 2.12, "Total Cost": 2.12, "Plan Rows": 112, "Plan Width": 4, "Plans": [{"Node Type": "Seq Scan", "Parent Relationship": "Outer", "Relation Name": "info_type", "Alias": "it", "Startup Cost": 0.0, "Total Cost": 2.12, "Plan Rows": 112, "Plan Width": 4}]}]}]}, "Unique SQL Id": 2510907716, "Planner Runtime": 11}, "explain_analyze_plan": {"Plan": {"Node Type": "Aggregate", "Strategy": "Plain", "Startup Cost": 39096.72, "Total Cost": 39096.73, "Plan Rows": 1, "Plan Width": 49, "Actual Min Startup Time": 86.264, "Actual Max Startup Time": 86.264, "Actual Min Total Time": 86.265, "Actual Max Total Time": 86.265, "Plans": [{"Node Type": "Hash Join", "Parent Relationship": "Outer", "Join Type": "Inner", "Startup Cost": 8.77, "Total Cost": 39091.92, "Plan Rows": 1919, "Plan Width": 17, "Actual Min Startup Time": 86.253, "Actual Max Startup Time": 86.253, "Actual Min Total Time": 86.253, "Actual Max Total Time": 86.253, "Inner Unique": true, "Hash Cond": "(mi.info_type_id = it.id)", "Plans": [{"Node Type": "Nested Loop", "Parent Relationship": "Outer", "Join Type": "Inner", "Startup Cost": 5.25, "Total Cost": 39063.07, "Plan Rows": 1919, "Plan Width": 21, "Actual Min Startup Time": 86.1, "Actual Max Startup Time": 86.1, "Actual Min Total Time": 86.1, "Actual Max Total Time": 86.1, "Inner Unique": false, "Plans": [{"Node Type": "Nested Loop", "Parent Relationship": "Outer", "Join Type": "Inner", "Startup Cost": 4.74, "Total Cost": 30401.15, "Plan Rows": 1869, "Plan Width": 25, "Actual Min Startup Time": 86.098, "Actual Max Startup Time": 86.098, "Actual Min Total Time": 86.098, "Actual Max Total Time": 86.098, "Inner Unique": true, "Plans": [{"Node Type": "Hash Join", "Parent Relationship": "Outer", "Join Type": "Inner", "Startup Cost": 1.05, "Total Cost": 18523.43, "Plan Rows": 1540, "Plan Width": 4, "Actual Min Startup Time": 86.054, "Actual Max Startup Time": 86.054, "Actual Min Total Time": 86.054, "Actual Max Total Time": 86.054, "Inner Unique": true, "Hash Cond": "(mc.company_type_id = ct.id)", "Plans": [{"Node Type": "Streaming(type: LOCAL GATHER dop: 1/16)", "Parent Relationship": "Outer", "Startup Cost": 0.0, "Total Cost": 18495.43, "Plan Rows": 3081, "Plan Width": 8, "Actual Min Startup Time": 27.742, "Actual Max Startup Time": 27.742, "Actual Min Total Time": 82.222, "Actual Max Total Time": 82.222, "Plans": [{"Node Type": "Seq Scan", "Parent Relationship": "Outer", "Relation Name": "movie_companies", "Alias": "mc", "Startup Cost": 0.0, "Total Cost": 18428.93, "Plan Rows": 3081, "Plan Width": 8, "Actual Min Startup Time": 0.907, "Actual Max Startup Time": 12.845, "Actual Min Total Time": 60.208, "Actual Max Total Time": 66.493, "Filter": "(((note)::text ~~ '%(theatrical)%'::text) AND ((note)::text ~~ '%(France)%'::text))", "Rows Removed by Filter": 2585103, "Actual Rows": 24025}], "Actual Rows": 24025}, {"Node Type": "Hash", "Parent Relationship": "Inner", "Startup Cost": 1.04, "Total Cost": 1.04, "Plan Rows": 1, "Plan Width": 4, "Actual Min Startup Time": 0.021, "Actual Max Startup Time": 0.021, "Actual Min Total Time": 0.021, "Actual Max Total Time": 0.021, "Max Hash Buckets": 32768, "Min Hash Buckets": 32768, "Max Hash Batches": 1, "Min Hash Batches": 1, "Max Original Hash Batches": 1, "Min Original Hash Batches": 1, "Max Peak Memory Usage": 1, "min Peak Memory Usage": 1, "Plans": [{"Node Type": "Seq Scan", "Parent Relationship": "Outer", "Relation Name": "company_type", "Alias": "ct", "Startup Cost": 0.0, "Total Cost": 1.04, "Plan Rows": 1, "Plan Width": 4, "Actual Min Startup Time": 0.016, "Actual Max Startup Time": 0.016, "Actual Min Total Time": 0.018, "Actual Max Total Time": 0.018, "Filter": "((kind)::text = 'production companies'::text)", "Rows Removed by Filter": 2, "Actual Rows": 1}], "Actual Rows": 1}], "Actual Rows": 0}, {"Node Type": "Bitmap Heap Scan", "Parent Relationship": "Inner", "Relation Name": "title", "Alias": "t", "Startup Cost": 3.69, "Total Cost": 7.7, "Plan Rows": 1, "Plan Width": 21, "Actual Startup Time": 0.0, "Actual Total Time": 0.0, "Recheck Cond": "(id = mc.movie_id)", "Rows Removed by Index Recheck": 0, "Filter": "(production_year > 2005)", "Rows Removed by Filter": 0, "Exact Heap Blocks": 0, "Lossy Heap Blocks": 0, "Plans": [{"Node Type": "Bitmap Index Scan", "Parent Relationship": "Outer", "Index Name": "title_pkey", "Startup Cost": 0.0, "Total Cost": 3.69, "Plan Rows": 1, "Plan Width": 0, "Actual Startup Time": 0.0, "Actual Total Time": 0.0, "Index Cond": "(id = mc.movie_id)"}]}], "Actual Rows": 0}, {"Node Type": "Bitmap Heap Scan", "Parent Relationship": "Inner", "Relation Name": "movie_info", "Alias": "mi", "Startup Cost": 0.51, "Total Cost": 4.62, "Plan Rows": 1, "Plan Width": 8, "Actual Startup Time": 0.0, "Actual Total Time": 0.0, "Recheck Cond": "(movie_id = t.id)", "Rows Removed by Index Recheck": 0, "Filter": "((info)::text = ANY ('{Sweden,Norway,Germany,Denmark,Swedish,Denish,Norwegian,German}'::text[]))", "Rows Removed by Filter": 0, "Exact Heap Blocks": 0, "Lossy Heap Blocks": 0, "Plans": [{"Node Type": "Bitmap Index Scan", "Parent Relationship": "Outer", "Index Name": "movie_id_movie_info", "Startup Cost": 0.0, "Total Cost": 0.51, "Plan Rows": 5, "Plan Width": 0, "Actual Startup Time": 0.0, "Actual Total Time": 0.0, "Index Cond": "(movie_id = t.id)"}]}], "Actual Rows": 0}, {"Node Type": "Hash", "Parent Relationship": "Inner", "Startup Cost": 2.12, "Total Cost": 2.12, "Plan Rows": 112, "Plan Width": 4, "Actual Min Startup Time": 0.104, "Actual Max Startup Time": 0.104, "Actual Min Total Time": 0.104, "Actual Max Total Time": 0.104, "Max Hash Buckets": 32768, "Min Hash Buckets": 32768, "Max Hash Batches": 1, "Min Hash Batches": 1, "Max Original Hash Batches": 1, "Min Original Hash Batches": 1, "Max Peak Memory Usage": 4, "min Peak Memory Usage": 4, "Plans": [{"Node Type": "Seq Scan", "Parent Relationship": "Outer", "Relation Name": "info_type", "Alias": "it", "Startup Cost": 0.0, "Total Cost": 2.12, "Plan Rows": 112, "Plan Width": 4, "Actual Min Startup Time": 0.033, "Actual Max Startup Time": 0.033, "Actual Min Total Time": 0.054, "Actual Max Total Time": 0.054, "Actual Rows": 112}], "Actual Rows": 112}], "Actual Rows": 0}], "Actual Rows": 1}, "Triggers": [], "Planner Runtime": 13.99, "Total Runtime": 88.746, "Unique SQL Id": 2510907716}}, "(16, '99')": {"explain_plan": {"Plan": {"Node Type": "Aggregate", "Strategy": "Plain", "Startup Cost": 88113.56, "Total Cost": 88113.57, "Plan Rows": 1, "Plan Width": 49, "Plans": [{"Node Type": "Hash Join", "Parent Relationship": "Outer", "Join Type": "Inner", "Startup Cost": 28972.69, "Total Cost": 88108.77, "Plan Rows": 1919, "Plan Width": 17, "Inner Unique": true, "Hash Cond": "(mi.info_type_id = it.id)", "Plans": [{"Node Type": "Nested Loop", "Parent Relationship": "Outer", "Join Type": "Inner", "Startup Cost": 28957.33, "Total Cost": 88068.08, "Plan Rows": 1919, "Plan Width": 21, "Inner Unique": false, "Plans": [{"Node Type": "Nested Loop", "Parent Relationship": "Outer", "Join Type": "Inner", "Startup Cost": 28956.82, "Total Cost": 79406.16, "Plan Rows": 1869, "Plan Width": 25, "Inner Unique": true, "Plans": [{"Node Type": "Nested Loop", "Parent Relationship": "Outer", "Join Type": "Inner", "Startup Cost": 28953.13, "Total Cost": 67528.44, "Plan Rows": 1540, "Plan Width": 4, "Inner Unique": false, "Plans": [{"Node Type": "Bitmap Heap Scan", "Parent Relationship": "Outer", "Relation Name": "company_type", "Alias": "ct", "Startup Cost": 8.27, "Total Cost": 12.3, "Plan Rows": 1, "Plan Width": 4, "Filter": "((kind)::text = 'production companies'::text)", "Plans": [{"Node Type": "Bitmap Index Scan", "Parent Relationship": "Outer", "Index Name": "company_type_pkey", "Startup Cost": 0.0, "Total Cost": 8.27, "Plan Rows": 3, "Plan Width": 0}]}, {"Node Type": "Bitmap Heap Scan", "Parent Relationship": "Inner", "Relation Name": "movie_companies", "Alias": "mc", "Startup Cost": 28944.86, "Total Cost": 67500.74, "Plan Rows": 1540, "Plan Width": 8, "Recheck Cond": "(company_type_id = ct.id)", "Filter": "(((note)::text ~~ '%(theatrical)%'::text) AND ((note)::text ~~ '%(France)%'::text))", "Plans": [{"Node Type": "Bitmap Index Scan", "Parent Relationship": "Outer", "Index Name": "company_type_id_movie_companies", "Startup Cost": 0.0, "Total Cost": 28944.48, "Plan Rows": 1304564, "Plan Width": 0, "Index Cond": "(company_type_id = ct.id)"}]}]}, {"Node Type": "Bitmap Heap Scan", "Parent Relationship": "Inner", "Relation Name": "title", "Alias": "t", "Startup Cost": 3.69, "Total Cost": 7.7, "Plan Rows": 1, "Plan Width": 21, "Recheck Cond": "(id = mc.movie_id)", "Filter": "(production_year > 2005)", "Plans": [{"Node Type": "Bitmap Index Scan", "Parent Relationship": "Outer", "Index Name": "title_pkey", "Startup Cost": 0.0, "Total Cost": 3.69, "Plan Rows": 1, "Plan Width": 0, "Index Cond": "(id = mc.movie_id)"}]}]}, {"Node Type": "Bitmap Heap Scan", "Parent Relationship": "Inner", "Relation Name": "movie_info", "Alias": "mi", "Startup Cost": 0.51, "Total Cost": 4.62, "Plan Rows": 1, "Plan Width": 8, "Recheck Cond": "(movie_id = t.id)", "Filter": "((info)::text = ANY ('{Sweden,Norway,Germany,Denmark,Swedish,Denish,Norwegian,German}'::text[]))", "Plans": [{"Node Type": "Bitmap Index Scan", "Parent Relationship": "Outer", "Index Name": "movie_id_movie_info", "Startup Cost": 0.0, "Total Cost": 0.51, "Plan Rows": 5, "Plan Width": 0, "Index Cond": "(movie_id = t.id)"}]}]}, {"Node Type": "Hash", "Parent Relationship": "Inner", "Startup Cost": 13.96, "Total Cost": 13.96, "Plan Rows": 112, "Plan Width": 4, "Plans": [{"Node Type": "Bitmap Heap Scan", "Parent Relationship": "Outer", "Relation Name": "info_type", "Alias": "it", "Startup Cost": 8.84, "Total Cost": 13.96, "Plan Rows": 112, "Plan Width": 4, "Plans": [{"Node Type": "Bitmap Index Scan", "Parent Relationship": "Outer", "Index Name": "info_type_pkey", "Startup Cost": 0.0, "Total Cost": 8.81, "Plan Rows": 112, "Plan Width": 0}]}]}]}]}, "Unique SQL Id": 2510907716, "Planner Runtime": 4}, "explain_analyze_plan": null}, "(16, '100')": {"explain_plan": {"Plan": {"Node Type": "Aggregate", "Strategy": "Plain", "Startup Cost": 32453.79, "Total Cost": 32453.8, "Plan Rows": 1, "Plan Width": 49, "Plans": [{"Node Type": "Hash Join", "Parent Relationship": "Outer", "Join Type": "Inner", "Startup Cost": 4.57, "Total Cost": 32448.99, "Plan Rows": 1919, "Plan Width": 17, "Inner Unique": true, "Hash Cond": "(mi.info_type_id = it.id)", "Plans": [{"Node Type": "Nested Loop", "Parent Relationship": "Outer", "Join Type": "Inner", "Startup Cost": 1.05, "Total Cost": 32420.14, "Plan Rows": 1919, "Plan Width": 21, "Inner Unique": false, "Plans": [{"Node Type": "Nested Loop", "Parent Relationship": "Outer", "Join Type": "Inner", "Startup Cost": 1.05, "Total Cost": 30140.85, "Plan Rows": 1869, "Plan Width": 25, "Inner Unique": true, "Plans": [{"Node Type": "Hash Join", "Parent Relationship": "Outer", "Join Type": "Inner", "Startup Cost": 1.05, "Total Cost": 18523.43, "Plan Rows": 1540, "Plan Width": 4, "Inner Unique": true, "Hash Cond": "(mc.company_type_id = ct.id)", "Plans": [{"Node Type": "Streaming(type: LOCAL GATHER dop: 1/16)", "Parent Relationship": "Outer", "Startup Cost": 0.0, "Total Cost": 18495.43, "Plan Rows": 3081, "Plan Width": 8, "Plans": [{"Node Type": "Seq Scan", "Parent Relationship": "Outer", "Relation Name": "movie_companies", "Alias": "mc", "Startup Cost": 0.0, "Total Cost": 18428.93, "Plan Rows": 3081, "Plan Width": 8, "Filter": "(((note)::text ~~ '%(theatrical)%'::text) AND ((note)::text ~~ '%(France)%'::text))"}]}, {"Node Type": "Hash", "Parent Relationship": "Inner", "Startup Cost": 1.04, "Total Cost": 1.04, "Plan Rows": 1, "Plan Width": 4, "Plans": [{"Node Type": "Seq Scan", "Parent Relationship": "Outer", "Relation Name": "company_type", "Alias": "ct", "Startup Cost": 0.0, "Total Cost": 1.04, "Plan Rows": 1, "Plan Width": 4, "Filter": "((kind)::text = 'production companies'::text)"}]}]}, {"Node Type": "Index Scan", "Parent Relationship": "Inner", "Scan Direction": "Forward", "Index Name": "title_pkey", "Relation Name": "title", "Alias": "t", "Startup Cost": 0.0, "Total Cost": 7.53, "Plan Rows": 1, "Plan Width": 21, "Index Cond": "(id = mc.movie_id)", "Filter": "(production_year > 2005)"}]}, {"Node Type": "Index Scan", "Parent Relationship": "Inner", "Scan Direction": "Forward", "Index Name": "movie_id_movie_info", "Relation Name": "movie_info", "Alias": "mi", "Startup Cost": 0.0, "Total Cost": 1.21, "Plan Rows": 1, "Plan Width": 8, "Index Cond": "(movie_id = t.id)", "Filter": "((info)::text = ANY ('{Sweden,Norway,Germany,Denmark,Swedish,Denish,Norwegian,German}'::text[]))"}]}, {"Node Type": "Hash", "Parent Relationship": "Inner", "Startup Cost": 2.12, "Total Cost": 2.12, "Plan Rows": 112, "Plan Width": 4, "Plans": [{"Node Type": "Seq Scan", "Parent Relationship": "Outer", "Relation Name": "info_type", "Alias": "it", "Startup Cost": 0.0, "Total Cost": 2.12, "Plan Rows": 112, "Plan Width": 4}]}]}]}, "Unique SQL Id": 2510907716, "Planner Runtime": 11}, "explain_analyze_plan": {"Plan": {"Node Type": "Aggregate", "Strategy": "Plain", "Startup Cost": 32453.79, "Total Cost": 32453.8, "Plan Rows": 1, "Plan Width": 49, "Actual Min Startup Time": 87.356, "Actual Max Startup Time": 87.356, "Actual Min Total Time": 87.357, "Actual Max Total Time": 87.357, "Plans": [{"Node Type": "Hash Join", "Parent Relationship": "Outer", "Join Type": "Inner", "Startup Cost": 4.57, "Total Cost": 32448.99, "Plan Rows": 1919, "Plan Width": 17, "Actual Min Startup Time": 87.345, "Actual Max Startup Time": 87.345, "Actual Min Total Time": 87.345, "Actual Max Total Time": 87.345, "Inner Unique": true, "Hash Cond": "(mi.info_type_id = it.id)", "Plans": [{"Node Type": "Nested Loop", "Parent Relationship": "Outer", "Join Type": "Inner", "Startup Cost": 1.05, "Total Cost": 32420.14, "Plan Rows": 1919, "Plan Width": 21, "Actual Min Startup Time": 87.2, "Actual Max Startup Time": 87.2, "Actual Min Total Time": 87.2, "Actual Max Total Time": 87.2, "Inner Unique": false, "Plans": [{"Node Type": "Nested Loop", "Parent Relationship": "Outer", "Join Type": "Inner", "Startup Cost": 1.05, "Total Cost": 30140.85, "Plan Rows": 1869, "Plan Width": 25, "Actual Min Startup Time": 87.199, "Actual Max Startup Time": 87.199, "Actual Min Total Time": 87.199, "Actual Max Total Time": 87.199, "Inner Unique": true, "Plans": [{"Node Type": "Hash Join", "Parent Relationship": "Outer", "Join Type": "Inner", "Startup Cost": 1.05, "Total Cost": 18523.43, "Plan Rows": 1540, "Plan Width": 4, "Actual Min Startup Time": 87.155, "Actual Max Startup Time": 87.155, "Actual Min Total Time": 87.155, "Actual Max Total Time": 87.155, "Inner Unique": true, "Hash Cond": "(mc.company_type_id = ct.id)", "Plans": [{"Node Type": "Streaming(type: LOCAL GATHER dop: 1/16)", "Parent Relationship": "Outer", "Startup Cost": 0.0, "Total Cost": 18495.43, "Plan Rows": 3081, "Plan Width": 8, "Actual Min Startup Time": 28.124, "Actual Max Startup Time": 28.124, "Actual Min Total Time": 83.287, "Actual Max Total Time": 83.287, "Plans": [{"Node Type": "Seq Scan", "Parent Relationship": "Outer", "Relation Name": "movie_companies", "Alias": "mc", "Startup Cost": 0.0, "Total Cost": 18428.93, "Plan Rows": 3081, "Plan Width": 8, "Actual Min Startup Time": 0.903, "Actual Max Startup Time": 12.83, "Actual Min Total Time": 60.222, "Actual Max Total Time": 66.5, "Filter": "(((note)::text ~~ '%(theatrical)%'::text) AND ((note)::text ~~ '%(France)%'::text))", "Rows Removed by Filter": 2585103, "Actual Rows": 24025}], "Actual Rows": 24025}, {"Node Type": "Hash", "Parent Relationship": "Inner", "Startup Cost": 1.04, "Total Cost": 1.04, "Plan Rows": 1, "Plan Width": 4, "Actual Min Startup Time": 0.029, "Actual Max Startup Time": 0.029, "Actual Min Total Time": 0.029, "Actual Max Total Time": 0.029, "Max Hash Buckets": 32768, "Min Hash Buckets": 32768, "Max Hash Batches": 1, "Min Hash Batches": 1, "Max Original Hash Batches": 1, "Min Original Hash Batches": 1, "Max Peak Memory Usage": 1, "min Peak Memory Usage": 1, "Plans": [{"Node Type": "Seq Scan", "Parent Relationship": "Outer", "Relation Name": "company_type", "Alias": "ct", "Startup Cost": 0.0, "Total Cost": 1.04, "Plan Rows": 1, "Plan Width": 4, "Actual Min Startup Time": 0.022, "Actual Max Startup Time": 0.022, "Actual Min Total Time": 0.023, "Actual Max Total Time": 0.023, "Filter": "((kind)::text = 'production companies'::text)", "Rows Removed by Filter": 2, "Actual Rows": 1}], "Actual Rows": 1}], "Actual Rows": 0}, {"Node Type": "Index Scan", "Parent Relationship": "Inner", "Scan Direction": "Forward", "Index Name": "title_pkey", "Relation Name": "title", "Alias": "t", "Startup Cost": 0.0, "Total Cost": 7.53, "Plan Rows": 1, "Plan Width": 21, "Actual Startup Time": 0.0, "Actual Total Time": 0.0, "Index Cond": "(id = mc.movie_id)", "Rows Removed by Index Recheck": 0, "Filter": "(production_year > 2005)", "Rows Removed by Filter": 0}], "Actual Rows": 0}, {"Node Type": "Index Scan", "Parent Relationship": "Inner", "Scan Direction": "Forward", "Index Name": "movie_id_movie_info", "Relation Name": "movie_info", "Alias": "mi", "Startup Cost": 0.0, "Total Cost": 1.21, "Plan Rows": 1, "Plan Width": 8, "Actual Startup Time": 0.0, "Actual Total Time": 0.0, "Index Cond": "(movie_id = t.id)", "Rows Removed by Index Recheck": 0, "Filter": "((info)::text = ANY ('{Sweden,Norway,Germany,Denmark,Swedish,Denish,Norwegian,German}'::text[]))", "Rows Removed by Filter": 0}], "Actual Rows": 0}, {"Node Type": "Hash", "Parent Relationship": "Inner", "Startup Cost": 2.12, "Total Cost": 2.12, "Plan Rows": 112, "Plan Width": 4, "Actual Min Startup Time": 0.095, "Actual Max Startup Time": 0.095, "Actual Min Total Time": 0.095, "Actual Max Total Time": 0.095, "Max Hash Buckets": 32768, "Min Hash Buckets": 32768, "Max Hash Batches": 1, "Min Hash Batches": 1, "Max Original Hash Batches": 1, "Min Original Hash Batches": 1, "Max Peak Memory Usage": 4, "min Peak Memory Usage": 4, "Plans": [{"Node Type": "Seq Scan", "Parent Relationship": "Outer", "Relation Name": "info_type", "Alias": "it", "Startup Cost": 0.0, "Total Cost": 2.12, "Plan Rows": 112, "Plan Width": 4, "Actual Min Startup Time": 0.029, "Actual Max Startup Time": 0.029, "Actual Min Total Time": 0.05, "Actual Max Total Time": 0.05, "Actual Rows": 112}], "Actual Rows": 112}], "Actual Rows": 0}], "Actual Rows": 1}, "Triggers": [], "Planner Runtime": 13.375, "Total Runtime": 89.905, "Unique SQL Id": 2510907716}}, "(16, '101')": {"explain_plan": {"Plan": {"Node Type": "Aggregate", "Strategy": "Plain", "Startup Cost": 99924.82, "Total Cost": 99924.83, "Plan Rows": 1, "Plan Width": 49, "Plans": [{"Node Type": "Nested Loop", "Parent Relationship": "Outer", "Join Type": "Inner", "Startup Cost": 0.0, "Total Cost": 99920.02, "Plan Rows": 1919, "Plan Width": 17, "Inner Unique": true, "Plans": [{"Node Type": "Nested Loop", "Parent Relationship": "Outer", "Join Type": "Inner", "Startup Cost": 0.0, "Total Cost": 99382.54, "Plan Rows": 1919, "Plan Width": 21, "Inner Unique": false, "Plans": [{"Node Type": "Nested Loop", "Parent Relationship": "Outer", "Join Type": "Inner", "Startup Cost": 0.0, "Total Cost": 97103.24, "Plan Rows": 1869, "Plan Width": 25, "Inner Unique": true, "Plans": [{"Node Type": "Nested Loop", "Parent Relationship": "Outer", "Join Type": "Inner", "Startup Cost": 0.0, "Total Cost": 85485.82, "Plan Rows": 1540, "Plan Width": 4, "Inner Unique": true, "Plans": [{"Node Type": "Streaming(type: LOCAL GATHER dop: 1/16)", "Parent Relationship": "Outer", "Startup Cost": 0.0, "Total Cost": 84603.44, "Plan Rows": 3081, "Plan Width": 8, "Plans": [{"Node Type": "Index Scan", "Parent Relationship": "Outer", "Scan Direction": "Forward", "Index Name": "company_type_id_movie_companies", "Relation Name": "movie_companies", "Alias": "mc", "Startup Cost": 0.0, "Total Cost": 84536.95, "Plan Rows": 3081, "Plan Width": 8, "Filter": "(((note)::text ~~ '%(theatrical)%'::text) AND ((note)::text ~~ '%(France)%'::text))"}]}, {"Node Type": "Index Scan", "Parent Relationship": "Inner", "Scan Direction": "Forward", "Index Name": "company_type_pkey", "Relation Name": "company_type", "Alias": "ct", "Startup Cost": 0.0, "Total Cost": 0.28, "Plan Rows": 1, "Plan Width": 4, "Index Cond": "(id = mc.company_type_id)", "Filter": "((kind)::text = 'production companies'::text)"}]}, {"Node Type": "Index Scan", "Parent Relationship": "Inner", "Scan Direction": "Forward", "Index Name": "title_pkey", "Relation Name": "title", "Alias": "t", "Startup Cost": 0.0, "Total Cost": 7.53, "Plan Rows": 1, "Plan Width": 21, "Index Cond": "(id = mc.movie_id)", "Filter": "(production_year > 2005)"}]}, {"Node Type": "Index Scan", "Parent Relationship": "Inner", "Scan Direction": "Forward", "Index Name": "movie_id_movie_info", "Relation Name": "movie_info", "Alias": "mi", "Startup Cost": 0.0, "Total Cost": 1.21, "Plan Rows": 1, "Plan Width": 8, "Index Cond": "(movie_id = t.id)", "Filter": "((info)::text = ANY ('{Sweden,Norway,Germany,Denmark,Swedish,Denish,Norwegian,German}'::text[]))"}]}, {"Node Type": "Index Scan", "Parent Relationship": "Inner", "Scan Direction": "Forward", "Index Name": "info_type_pkey", "Relation Name": "info_type", "Alias": "it", "Startup Cost": 0.0, "Total Cost": 0.27, "Plan Rows": 1, "Plan Width": 4, "Index Cond": "(id = mi.info_type_id)"}]}]}, "Unique SQL Id": 2510907716, "Planner Runtime": 6}, "explain_analyze_plan": {"Plan": {"Node Type": "Aggregate", "Strategy": "Plain", "Startup Cost": 99924.82, "Total Cost": 99924.83, "Plan Rows": 1, "Plan Width": 49, "Actual Min Startup Time": 171.722, "Actual Max Startup Time": 171.722, "Actual Min Total Time": 171.723, "Actual Max Total Time": 171.723, "Plans": [{"Node Type": "Nested Loop", "Parent Relationship": "Outer", "Join Type": "Inner", "Startup Cost": 0.0, "Total Cost": 99920.02, "Plan Rows": 1919, "Plan Width": 17, "Actual Min Startup Time": 171.712, "Actual Max Startup Time": 171.712, "Actual Min Total Time": 171.712, "Actual Max Total Time": 171.712, "Inner Unique": true, "Plans": [{"Node Type": "Nested Loop", "Parent Relationship": "Outer", "Join Type": "Inner", "Startup Cost": 0.0, "Total Cost": 99382.54, "Plan Rows": 1919, "Plan Width": 21, "Actual Min Startup Time": 171.71, "Actual Max Startup Time": 171.71, "Actual Min Total Time": 171.71, "Actual Max Total Time": 171.71, "Inner Unique": false, "Plans": [{"Node Type": "Nested Loop", "Parent Relationship": "Outer", "Join Type": "Inner", "Startup Cost": 0.0, "Total Cost": 97103.24, "Plan Rows": 1869, "Plan Width": 25, "Actual Min Startup Time": 171.709, "Actual Max Startup Time": 171.709, "Actual Min Total Time": 171.709, "Actual Max Total Time": 171.709, "Inner Unique": true, "Plans": [{"Node Type": "Nested Loop", "Parent Relationship": "Outer", "Join Type": "Inner", "Startup Cost": 0.0, "Total Cost": 85485.82, "Plan Rows": 1540, "Plan Width": 4, "Actual Min Startup Time": 171.708, "Actual Max Startup Time": 171.708, "Actual Min Total Time": 171.708, "Actual Max Total Time": 171.708, "Inner Unique": true, "Plans": [{"Node Type": "Streaming(type: LOCAL GATHER dop: 1/16)", "Parent Relationship": "Outer", "Startup Cost": 0.0, "Total Cost": 84603.44, "Plan Rows": 3081, "Plan Width": 8, "Actual Min Startup Time": 33.273, "Actual Max Startup Time": 33.273, "Actual Min Total Time": 149.186, "Actual Max Total Time": 149.186, "Plans": [{"Node Type": "Index Scan", "Parent Relationship": "Outer", "Scan Direction": "Forward", "Index Name": "company_type_id_movie_companies", "Relation Name": "movie_companies", "Alias": "mc", "Startup Cost": 0.0, "Total Cost": 84536.95, "Plan Rows": 3081, "Plan Width": 8, "Actual Min Startup Time": 16.976, "Actual Max Startup Time": 89.132, "Actual Min Total Time": 87.097, "Actual Max Total Time": 151.54, "Filter": "(((note)::text ~~ '%(theatrical)%'::text) AND ((note)::text ~~ '%(France)%'::text))", "Rows Removed by Filter": 2585103, "Actual Rows": 24025}], "Actual Rows": 24025}, {"Node Type": "Index Scan", "Parent Relationship": "Inner", "Scan Direction": "Forward", "Index Name": "company_type_pkey", "Relation Name": "company_type", "Alias": "ct", "Startup Cost": 0.0, "Total Cost": 0.28, "Plan Rows": 1, "Plan Width": 4, "Actual Min Startup Time": 14.286, "Actual Max Startup Time": 14.286, "Actual Min Total Time": 14.286, "Actual Max Total Time": 14.286, "Index Cond": "(id = mc.company_type_id)", "Rows Removed by Index Recheck": 0, "Filter": "((kind)::text = 'production companies'::text)", "Rows Removed by Filter": 0, "Actual Rows": 0}], "Actual Rows": 0}, {"Node Type": "Index Scan", "Parent Relationship": "Inner", "Scan Direction": "Forward", "Index Name": "title_pkey", "Relation Name": "title", "Alias": "t", "Startup Cost": 0.0, "Total Cost": 7.53, "Plan Rows": 1, "Plan Width": 21, "Actual Startup Time": 0.0, "Actual Total Time": 0.0, "Index Cond": "(id = mc.movie_id)", "Rows Removed by Index Recheck": 0, "Filter": "(production_year > 2005)", "Rows Removed by Filter": 0}], "Actual Rows": 0}, {"Node Type": "Index Scan", "Parent Relationship": "Inner", "Scan Direction": "Forward", "Index Name": "movie_id_movie_info", "Relation Name": "movie_info", "Alias": "mi", "Startup Cost": 0.0, "Total Cost": 1.21, "Plan Rows": 1, "Plan Width": 8, "Actual Startup Time": 0.0, "Actual Total Time": 0.0, "Index Cond": "(movie_id = t.id)", "Rows Removed by Index Recheck": 0, "Filter": "((info)::text = ANY ('{Sweden,Norway,Germany,Denmark,Swedish,Denish,Norwegian,German}'::text[]))", "Rows Removed by Filter": 0}], "Actual Rows": 0}, {"Node Type": "Index Scan", "Parent Relationship": "Inner", "Scan Direction": "Forward", "Index Name": "info_type_pkey", "Relation Name": "info_type", "Alias": "it", "Startup Cost": 0.0, "Total Cost": 0.27, "Plan Rows": 1, "Plan Width": 4, "Actual Startup Time": 0.0, "Actual Total Time": 0.0, "Index Cond": "(id = mi.info_type_id)", "Rows Removed by Index Recheck": 0}], "Actual Rows": 0}], "Actual Rows": 1}, "Triggers": [], "Planner Runtime": 9.179, "Total Runtime": 174.166, "Unique SQL Id": 2510907716}}, "(16, '102')": {"explain_plan": {"Plan": {"Node Type": "Aggregate", "Strategy": "Plain", "Startup Cost": 39096.72, "Total Cost": 39096.73, "Plan Rows": 1, "Plan Width": 49, "Plans": [{"Node Type": "Hash Join", "Parent Relationship": "Outer", "Join Type": "Inner", "Startup Cost": 8.77, "Total Cost": 39091.92, "Plan Rows": 1919, "Plan Width": 17, "Inner Unique": true, "Hash Cond": "(mi.info_type_id = it.id)", "Plans": [{"Node Type": "Nested Loop", "Parent Relationship": "Outer", "Join Type": "Inner", "Startup Cost": 5.25, "Total Cost": 39063.07, "Plan Rows": 1919, "Plan Width": 21, "Inner Unique": false, "Plans": [{"Node Type": "Nested Loop", "Parent Relationship": "Outer", "Join Type": "Inner", "Startup Cost": 4.74, "Total Cost": 30401.15, "Plan Rows": 1869, "Plan Width": 25, "Inner Unique": true, "Plans": [{"Node Type": "Hash Join", "Parent Relationship": "Outer", "Join Type": "Inner", "Startup Cost": 1.05, "Total Cost": 18523.43, "Plan Rows": 1540, "Plan Width": 4, "Inner Unique": true, "Hash Cond": "(mc.company_type_id = ct.id)", "Plans": [{"Node Type": "Streaming(type: LOCAL GATHER dop: 1/16)", "Parent Relationship": "Outer", "Startup Cost": 0.0, "Total Cost": 18495.43, "Plan Rows": 3081, "Plan Width": 8, "Plans": [{"Node Type": "Seq Scan", "Parent Relationship": "Outer", "Relation Name": "movie_companies", "Alias": "mc", "Startup Cost": 0.0, "Total Cost": 18428.93, "Plan Rows": 3081, "Plan Width": 8, "Filter": "(((note)::text ~~ '%(theatrical)%'::text) AND ((note)::text ~~ '%(France)%'::text))"}]}, {"Node Type": "Hash", "Parent Relationship": "Inner", "Startup Cost": 1.04, "Total Cost": 1.04, "Plan Rows": 1, "Plan Width": 4, "Plans": [{"Node Type": "Seq Scan", "Parent Relationship": "Outer", "Relation Name": "company_type", "Alias": "ct", "Startup Cost": 0.0, "Total Cost": 1.04, "Plan Rows": 1, "Plan Width": 4, "Filter": "((kind)::text = 'production companies'::text)"}]}]}, {"Node Type": "Bitmap Heap Scan", "Parent Relationship": "Inner", "Relation Name": "title", "Alias": "t", "Startup Cost": 3.69, "Total Cost": 7.7, "Plan Rows": 1, "Plan Width": 21, "Recheck Cond": "(id = mc.movie_id)", "Filter": "(production_year > 2005)", "Plans": [{"Node Type": "Bitmap Index Scan", "Parent Relationship": "Outer", "Index Name": "title_pkey", "Startup Cost": 0.0, "Total Cost": 3.69, "Plan Rows": 1, "Plan Width": 0, "Index Cond": "(id = mc.movie_id)"}]}]}, {"Node Type": "Bitmap Heap Scan", "Parent Relationship": "Inner", "Relation Name": "movie_info", "Alias": "mi", "Startup Cost": 0.51, "Total Cost": 4.62, "Plan Rows": 1, "Plan Width": 8, "Recheck Cond": "(movie_id = t.id)", "Filter": "((info)::text = ANY ('{Sweden,Norway,Germany,Denmark,Swedish,Denish,Norwegian,German}'::text[]))", "Plans": [{"Node Type": "Bitmap Index Scan", "Parent Relationship": "Outer", "Index Name": "movie_id_movie_info", "Startup Cost": 0.0, "Total Cost": 0.51, "Plan Rows": 5, "Plan Width": 0, "Index Cond": "(movie_id = t.id)"}]}]}, {"Node Type": "Hash", "Parent Relationship": "Inner", "Startup Cost": 2.12, "Total Cost": 2.12, "Plan Rows": 112, "Plan Width": 4, "Plans": [{"Node Type": "Seq Scan", "Parent Relationship": "Outer", "Relation Name": "info_type", "Alias": "it", "Startup Cost": 0.0, "Total Cost": 2.12, "Plan Rows": 112, "Plan Width": 4}]}]}]}, "Unique SQL Id": 2510907716, "Planner Runtime": 11}, "explain_analyze_plan": {"Plan": {"Node Type": "Aggregate", "Strategy": "Plain", "Startup Cost": 39096.72, "Total Cost": 39096.73, "Plan Rows": 1, "Plan Width": 49, "Actual Min Startup Time": 86.264, "Actual Max Startup Time": 86.264, "Actual Min Total Time": 86.265, "Actual Max Total Time": 86.265, "Plans": [{"Node Type": "Hash Join", "Parent Relationship": "Outer", "Join Type": "Inner", "Startup Cost": 8.77, "Total Cost": 39091.92, "Plan Rows": 1919, "Plan Width": 17, "Actual Min Startup Time": 86.253, "Actual Max Startup Time": 86.253, "Actual Min Total Time": 86.253, "Actual Max Total Time": 86.253, "Inner Unique": true, "Hash Cond": "(mi.info_type_id = it.id)", "Plans": [{"Node Type": "Nested Loop", "Parent Relationship": "Outer", "Join Type": "Inner", "Startup Cost": 5.25, "Total Cost": 39063.07, "Plan Rows": 1919, "Plan Width": 21, "Actual Min Startup Time": 86.1, "Actual Max Startup Time": 86.1, "Actual Min Total Time": 86.1, "Actual Max Total Time": 86.1, "Inner Unique": false, "Plans": [{"Node Type": "Nested Loop", "Parent Relationship": "Outer", "Join Type": "Inner", "Startup Cost": 4.74, "Total Cost": 30401.15, "Plan Rows": 1869, "Plan Width": 25, "Actual Min Startup Time": 86.098, "Actual Max Startup Time": 86.098, "Actual Min Total Time": 86.098, "Actual Max Total Time": 86.098, "Inner Unique": true, "Plans": [{"Node Type": "Hash Join", "Parent Relationship": "Outer", "Join Type": "Inner", "Startup Cost": 1.05, "Total Cost": 18523.43, "Plan Rows": 1540, "Plan Width": 4, "Actual Min Startup Time": 86.054, "Actual Max Startup Time": 86.054, "Actual Min Total Time": 86.054, "Actual Max Total Time": 86.054, "Inner Unique": true, "Hash Cond": "(mc.company_type_id = ct.id)", "Plans": [{"Node Type": "Streaming(type: LOCAL GATHER dop: 1/16)", "Parent Relationship": "Outer", "Startup Cost": 0.0, "Total Cost": 18495.43, "Plan Rows": 3081, "Plan Width": 8, "Actual Min Startup Time": 27.742, "Actual Max Startup Time": 27.742, "Actual Min Total Time": 82.222, "Actual Max Total Time": 82.222, "Plans": [{"Node Type": "Seq Scan", "Parent Relationship": "Outer", "Relation Name": "movie_companies", "Alias": "mc", "Startup Cost": 0.0, "Total Cost": 18428.93, "Plan Rows": 3081, "Plan Width": 8, "Actual Min Startup Time": 0.907, "Actual Max Startup Time": 12.845, "Actual Min Total Time": 60.208, "Actual Max Total Time": 66.493, "Filter": "(((note)::text ~~ '%(theatrical)%'::text) AND ((note)::text ~~ '%(France)%'::text))", "Rows Removed by Filter": 2585103, "Actual Rows": 24025}], "Actual Rows": 24025}, {"Node Type": "Hash", "Parent Relationship": "Inner", "Startup Cost": 1.04, "Total Cost": 1.04, "Plan Rows": 1, "Plan Width": 4, "Actual Min Startup Time": 0.021, "Actual Max Startup Time": 0.021, "Actual Min Total Time": 0.021, "Actual Max Total Time": 0.021, "Max Hash Buckets": 32768, "Min Hash Buckets": 32768, "Max Hash Batches": 1, "Min Hash Batches": 1, "Max Original Hash Batches": 1, "Min Original Hash Batches": 1, "Max Peak Memory Usage": 1, "min Peak Memory Usage": 1, "Plans": [{"Node Type": "Seq Scan", "Parent Relationship": "Outer", "Relation Name": "company_type", "Alias": "ct", "Startup Cost": 0.0, "Total Cost": 1.04, "Plan Rows": 1, "Plan Width": 4, "Actual Min Startup Time": 0.016, "Actual Max Startup Time": 0.016, "Actual Min Total Time": 0.018, "Actual Max Total Time": 0.018, "Filter": "((kind)::text = 'production companies'::text)", "Rows Removed by Filter": 2, "Actual Rows": 1}], "Actual Rows": 1}], "Actual Rows": 0}, {"Node Type": "Bitmap Heap Scan", "Parent Relationship": "Inner", "Relation Name": "title", "Alias": "t", "Startup Cost": 3.69, "Total Cost": 7.7, "Plan Rows": 1, "Plan Width": 21, "Actual Startup Time": 0.0, "Actual Total Time": 0.0, "Recheck Cond": "(id = mc.movie_id)", "Rows Removed by Index Recheck": 0, "Filter": "(production_year > 2005)", "Rows Removed by Filter": 0, "Exact Heap Blocks": 0, "Lossy Heap Blocks": 0, "Plans": [{"Node Type": "Bitmap Index Scan", "Parent Relationship": "Outer", "Index Name": "title_pkey", "Startup Cost": 0.0, "Total Cost": 3.69, "Plan Rows": 1, "Plan Width": 0, "Actual Startup Time": 0.0, "Actual Total Time": 0.0, "Index Cond": "(id = mc.movie_id)"}]}], "Actual Rows": 0}, {"Node Type": "Bitmap Heap Scan", "Parent Relationship": "Inner", "Relation Name": "movie_info", "Alias": "mi", "Startup Cost": 0.51, "Total Cost": 4.62, "Plan Rows": 1, "Plan Width": 8, "Actual Startup Time": 0.0, "Actual Total Time": 0.0, "Recheck Cond": "(movie_id = t.id)", "Rows Removed by Index Recheck": 0, "Filter": "((info)::text = ANY ('{Sweden,Norway,Germany,Denmark,Swedish,Denish,Norwegian,German}'::text[]))", "Rows Removed by Filter": 0, "Exact Heap Blocks": 0, "Lossy Heap Blocks": 0, "Plans": [{"Node Type": "Bitmap Index Scan", "Parent Relationship": "Outer", "Index Name": "movie_id_movie_info", "Startup Cost": 0.0, "Total Cost": 0.51, "Plan Rows": 5, "Plan Width": 0, "Actual Startup Time": 0.0, "Actual Total Time": 0.0, "Index Cond": "(movie_id = t.id)"}]}], "Actual Rows": 0}, {"Node Type": "Hash", "Parent Relationship": "Inner", "Startup Cost": 2.12, "Total Cost": 2.12, "Plan Rows": 112, "Plan Width": 4, "Actual Min Startup Time": 0.104, "Actual Max Startup Time": 0.104, "Actual Min Total Time": 0.104, "Actual Max Total Time": 0.104, "Max Hash Buckets": 32768, "Min Hash Buckets": 32768, "Max Hash Batches": 1, "Min Hash Batches": 1, "Max Original Hash Batches": 1, "Min Original Hash Batches": 1, "Max Peak Memory Usage": 4, "min Peak Memory Usage": 4, "Plans": [{"Node Type": "Seq Scan", "Parent Relationship": "Outer", "Relation Name": "info_type", "Alias": "it", "Startup Cost": 0.0, "Total Cost": 2.12, "Plan Rows": 112, "Plan Width": 4, "Actual Min Startup Time": 0.033, "Actual Max Startup Time": 0.033, "Actual Min Total Time": 0.054, "Actual Max Total Time": 0.054, "Actual Rows": 112}], "Actual Rows": 112}], "Actual Rows": 0}], "Actual Rows": 1}, "Triggers": [], "Planner Runtime": 13.99, "Total Runtime": 88.746, "Unique SQL Id": 2510907716}}, "(16, '103')": {"explain_plan": {"Plan": {"Node Type": "Aggregate", "Strategy": "Plain", "Startup Cost": 88113.56, "Total Cost": 88113.57, "Plan Rows": 1, "Plan Width": 49, "Plans": [{"Node Type": "Hash Join", "Parent Relationship": "Outer", "Join Type": "Inner", "Startup Cost": 28972.69, "Total Cost": 88108.77, "Plan Rows": 1919, "Plan Width": 17, "Inner Unique": true, "Hash Cond": "(mi.info_type_id = it.id)", "Plans": [{"Node Type": "Nested Loop", "Parent Relationship": "Outer", "Join Type": "Inner", "Startup Cost": 28957.33, "Total Cost": 88068.08, "Plan Rows": 1919, "Plan Width": 21, "Inner Unique": false, "Plans": [{"Node Type": "Nested Loop", "Parent Relationship": "Outer", "Join Type": "Inner", "Startup Cost": 28956.82, "Total Cost": 79406.16, "Plan Rows": 1869, "Plan Width": 25, "Inner Unique": true, "Plans": [{"Node Type": "Nested Loop", "Parent Relationship": "Outer", "Join Type": "Inner", "Startup Cost": 28953.13, "Total Cost": 67528.44, "Plan Rows": 1540, "Plan Width": 4, "Inner Unique": false, "Plans": [{"Node Type": "Bitmap Heap Scan", "Parent Relationship": "Outer", "Relation Name": "company_type", "Alias": "ct", "Startup Cost": 8.27, "Total Cost": 12.3, "Plan Rows": 1, "Plan Width": 4, "Filter": "((kind)::text = 'production companies'::text)", "Plans": [{"Node Type": "Bitmap Index Scan", "Parent Relationship": "Outer", "Index Name": "company_type_pkey", "Startup Cost": 0.0, "Total Cost": 8.27, "Plan Rows": 3, "Plan Width": 0}]}, {"Node Type": "Bitmap Heap Scan", "Parent Relationship": "Inner", "Relation Name": "movie_companies", "Alias": "mc", "Startup Cost": 28944.86, "Total Cost": 67500.74, "Plan Rows": 1540, "Plan Width": 8, "Recheck Cond": "(company_type_id = ct.id)", "Filter": "(((note)::text ~~ '%(theatrical)%'::text) AND ((note)::text ~~ '%(France)%'::text))", "Plans": [{"Node Type": "Bitmap Index Scan", "Parent Relationship": "Outer", "Index Name": "company_type_id_movie_companies", "Startup Cost": 0.0, "Total Cost": 28944.48, "Plan Rows": 1304564, "Plan Width": 0, "Index Cond": "(company_type_id = ct.id)"}]}]}, {"Node Type": "Bitmap Heap Scan", "Parent Relationship": "Inner", "Relation Name": "title", "Alias": "t", "Startup Cost": 3.69, "Total Cost": 7.7, "Plan Rows": 1, "Plan Width": 21, "Recheck Cond": "(id = mc.movie_id)", "Filter": "(production_year > 2005)", "Plans": [{"Node Type": "Bitmap Index Scan", "Parent Relationship": "Outer", "Index Name": "title_pkey", "Startup Cost": 0.0, "Total Cost": 3.69, "Plan Rows": 1, "Plan Width": 0, "Index Cond": "(id = mc.movie_id)"}]}]}, {"Node Type": "Bitmap Heap Scan", "Parent Relationship": "Inner", "Relation Name": "movie_info", "Alias": "mi", "Startup Cost": 0.51, "Total Cost": 4.62, "Plan Rows": 1, "Plan Width": 8, "Recheck Cond": "(movie_id = t.id)", "Filter": "((info)::text = ANY ('{Sweden,Norway,Germany,Denmark,Swedish,Denish,Norwegian,German}'::text[]))", "Plans": [{"Node Type": "Bitmap Index Scan", "Parent Relationship": "Outer", "Index Name": "movie_id_movie_info", "Startup Cost": 0.0, "Total Cost": 0.51, "Plan Rows": 5, "Plan Width": 0, "Index Cond": "(movie_id = t.id)"}]}]}, {"Node Type": "Hash", "Parent Relationship": "Inner", "Startup Cost": 13.96, "Total Cost": 13.96, "Plan Rows": 112, "Plan Width": 4, "Plans": [{"Node Type": "Bitmap Heap Scan", "Parent Relationship": "Outer", "Relation Name": "info_type", "Alias": "it", "Startup Cost": 8.84, "Total Cost": 13.96, "Plan Rows": 112, "Plan Width": 4, "Plans": [{"Node Type": "Bitmap Index Scan", "Parent Relationship": "Outer", "Index Name": "info_type_pkey", "Startup Cost": 0.0, "Total Cost": 8.81, "Plan Rows": 112, "Plan Width": 0}]}]}]}]}, "Unique SQL Id": 2510907716, "Planner Runtime": 4}, "explain_analyze_plan": null}, "(16, '104')": {"explain_plan": {"Plan": {"Node Type": "Aggregate", "Strategy": "Plain", "Startup Cost": 32453.79, "Total Cost": 32453.8, "Plan Rows": 1, "Plan Width": 49, "Plans": [{"Node Type": "Hash Join", "Parent Relationship": "Outer", "Join Type": "Inner", "Startup Cost": 4.57, "Total Cost": 32448.99, "Plan Rows": 1919, "Plan Width": 17, "Inner Unique": true, "Hash Cond": "(mi.info_type_id = it.id)", "Plans": [{"Node Type": "Nested Loop", "Parent Relationship": "Outer", "Join Type": "Inner", "Startup Cost": 1.05, "Total Cost": 32420.14, "Plan Rows": 1919, "Plan Width": 21, "Inner Unique": false, "Plans": [{"Node Type": "Nested Loop", "Parent Relationship": "Outer", "Join Type": "Inner", "Startup Cost": 1.05, "Total Cost": 30140.85, "Plan Rows": 1869, "Plan Width": 25, "Inner Unique": true, "Plans": [{"Node Type": "Hash Join", "Parent Relationship": "Outer", "Join Type": "Inner", "Startup Cost": 1.05, "Total Cost": 18523.43, "Plan Rows": 1540, "Plan Width": 4, "Inner Unique": true, "Hash Cond": "(mc.company_type_id = ct.id)", "Plans": [{"Node Type": "Streaming(type: LOCAL GATHER dop: 1/16)", "Parent Relationship": "Outer", "Startup Cost": 0.0, "Total Cost": 18495.43, "Plan Rows": 3081, "Plan Width": 8, "Plans": [{"Node Type": "Seq Scan", "Parent Relationship": "Outer", "Relation Name": "movie_companies", "Alias": "mc", "Startup Cost": 0.0, "Total Cost": 18428.93, "Plan Rows": 3081, "Plan Width": 8, "Filter": "(((note)::text ~~ '%(theatrical)%'::text) AND ((note)::text ~~ '%(France)%'::text))"}]}, {"Node Type": "Hash", "Parent Relationship": "Inner", "Startup Cost": 1.04, "Total Cost": 1.04, "Plan Rows": 1, "Plan Width": 4, "Plans": [{"Node Type": "Seq Scan", "Parent Relationship": "Outer", "Relation Name": "company_type", "Alias": "ct", "Startup Cost": 0.0, "Total Cost": 1.04, "Plan Rows": 1, "Plan Width": 4, "Filter": "((kind)::text = 'production companies'::text)"}]}]}, {"Node Type": "Index Scan", "Parent Relationship": "Inner", "Scan Direction": "Forward", "Index Name": "title_pkey", "Relation Name": "title", "Alias": "t", "Startup Cost": 0.0, "Total Cost": 7.53, "Plan Rows": 1, "Plan Width": 21, "Index Cond": "(id = mc.movie_id)", "Filter": "(production_year > 2005)"}]}, {"Node Type": "Index Scan", "Parent Relationship": "Inner", "Scan Direction": "Forward", "Index Name": "movie_id_movie_info", "Relation Name": "movie_info", "Alias": "mi", "Startup Cost": 0.0, "Total Cost": 1.21, "Plan Rows": 1, "Plan Width": 8, "Index Cond": "(movie_id = t.id)", "Filter": "((info)::text = ANY ('{Sweden,Norway,Germany,Denmark,Swedish,Denish,Norwegian,German}'::text[]))"}]}, {"Node Type": "Hash", "Parent Relationship": "Inner", "Startup Cost": 2.12, "Total Cost": 2.12, "Plan Rows": 112, "Plan Width": 4, "Plans": [{"Node Type": "Index Only Scan", "Parent Relationship": "Outer", "Scan Direction": "Forward", "Index Name": "info_type_pkey", "Relation Name": "info_type", "Alias": "it", "Startup Cost": 0.0, "Total Cost": 2.12, "Plan Rows": 112, "Plan Width": 4}]}]}]}, "Unique SQL Id": 2510907716, "Planner Runtime": 10}, "explain_analyze_plan": {"Plan": {"Node Type": "Aggregate", "Strategy": "Plain", "Startup Cost": 32453.79, "Total Cost": 32453.8, "Plan Rows": 1, "Plan Width": 49, "Actual Min Startup Time": 87.124, "Actual Max Startup Time": 87.124, "Actual Min Total Time": 87.125, "Actual Max Total Time": 87.125, "Plans": [{"Node Type": "Hash Join", "Parent Relationship": "Outer", "Join Type": "Inner", "Startup Cost": 4.57, "Total Cost": 32448.99, "Plan Rows": 1919, "Plan Width": 17, "Actual Min Startup Time": 87.112, "Actual Max Startup Time": 87.112, "Actual Min Total Time": 87.112, "Actual Max Total Time": 87.112, "Inner Unique": true, "Hash Cond": "(mi.info_type_id = it.id)", "Plans": [{"Node Type": "Nested Loop", "Parent Relationship": "Outer", "Join Type": "Inner", "Startup Cost": 1.05, "Total Cost": 32420.14, "Plan Rows": 1919, "Plan Width": 21, "Actual Min Startup Time": 86.97, "Actual Max Startup Time": 86.97, "Actual Min Total Time": 86.97, "Actual Max Total Time": 86.97, "Inner Unique": false, "Plans": [{"Node Type": "Nested Loop", "Parent Relationship": "Outer", "Join Type": "Inner", "Startup Cost": 1.05, "Total Cost": 30140.85, "Plan Rows": 1869, "Plan Width": 25, "Actual Min Startup Time": 86.968, "Actual Max Startup Time": 86.968, "Actual Min Total Time": 86.968, "Actual Max Total Time": 86.968, "Inner Unique": true, "Plans": [{"Node Type": "Hash Join", "Parent Relationship": "Outer", "Join Type": "Inner", "Startup Cost": 1.05, "Total Cost": 18523.43, "Plan Rows": 1540, "Plan Width": 4, "Actual Min Startup Time": 86.922, "Actual Max Startup Time": 86.922, "Actual Min Total Time": 86.922, "Actual Max Total Time": 86.922, "Inner Unique": true, "Hash Cond": "(mc.company_type_id = ct.id)", "Plans": [{"Node Type": "Streaming(type: LOCAL GATHER dop: 1/16)", "Parent Relationship": "Outer", "Startup Cost": 0.0, "Total Cost": 18495.43, "Plan Rows": 3081, "Plan Width": 8, "Actual Min Startup Time": 29.12, "Actual Max Startup Time": 29.12, "Actual Min Total Time": 83.115, "Actual Max Total Time": 83.115, "Plans": [{"Node Type": "Seq Scan", "Parent Relationship": "Outer", "Relation Name": "movie_companies", "Alias": "mc", "Startup Cost": 0.0, "Total Cost": 18428.93, "Plan Rows": 3081, "Plan Width": 8, "Actual Min Startup Time": 0.918, "Actual Max Startup Time": 12.842, "Actual Min Total Time": 60.32, "Actual Max Total Time": 66.552, "Filter": "(((note)::text ~~ '%(theatrical)%'::text) AND ((note)::text ~~ '%(France)%'::text))", "Rows Removed by Filter": 2585103, "Actual Rows": 24025}], "Actual Rows": 24025}, {"Node Type": "Hash", "Parent Relationship": "Inner", "Startup Cost": 1.04, "Total Cost": 1.04, "Plan Rows": 1, "Plan Width": 4, "Actual Min Startup Time": 0.029, "Actual Max Startup Time": 0.029, "Actual Min Total Time": 0.029, "Actual Max Total Time": 0.029, "Max Hash Buckets": 32768, "Min Hash Buckets": 32768, "Max Hash Batches": 1, "Min Hash Batches": 1, "Max Original Hash Batches": 1, "Min Original Hash Batches": 1, "Max Peak Memory Usage": 1, "min Peak Memory Usage": 1, "Plans": [{"Node Type": "Seq Scan", "Parent Relationship": "Outer", "Relation Name": "company_type", "Alias": "ct", "Startup Cost": 0.0, "Total Cost": 1.04, "Plan Rows": 1, "Plan Width": 4, "Actual Min Startup Time": 0.024, "Actual Max Startup Time": 0.024, "Actual Min Total Time": 0.027, "Actual Max Total Time": 0.027, "Filter": "((kind)::text = 'production companies'::text)", "Rows Removed by Filter": 2, "Actual Rows": 1}], "Actual Rows": 1}], "Actual Rows": 0}, {"Node Type": "Index Scan", "Parent Relationship": "Inner", "Scan Direction": "Forward", "Index Name": "title_pkey", "Relation Name": "title", "Alias": "t", "Startup Cost": 0.0, "Total Cost": 7.53, "Plan Rows": 1, "Plan Width": 21, "Actual Startup Time": 0.0, "Actual Total Time": 0.0, "Index Cond": "(id = mc.movie_id)", "Rows Removed by Index Recheck": 0, "Filter": "(production_year > 2005)", "Rows Removed by Filter": 0}], "Actual Rows": 0}, {"Node Type": "Index Scan", "Parent Relationship": "Inner", "Scan Direction": "Forward", "Index Name": "movie_id_movie_info", "Relation Name": "movie_info", "Alias": "mi", "Startup Cost": 0.0, "Total Cost": 1.21, "Plan Rows": 1, "Plan Width": 8, "Actual Startup Time": 0.0, "Actual Total Time": 0.0, "Index Cond": "(movie_id = t.id)", "Rows Removed by Index Recheck": 0, "Filter": "((info)::text = ANY ('{Sweden,Norway,Germany,Denmark,Swedish,Denish,Norwegian,German}'::text[]))", "Rows Removed by Filter": 0}], "Actual Rows": 0}, {"Node Type": "Hash", "Parent Relationship": "Inner", "Startup Cost": 2.12, "Total Cost": 2.12, "Plan Rows": 112, "Plan Width": 4, "Actual Min Startup Time": 0.09, "Actual Max Startup Time": 0.09, "Actual Min Total Time": 0.09, "Actual Max Total Time": 0.09, "Max Hash Buckets": 32768, "Min Hash Buckets": 32768, "Max Hash Batches": 1, "Min Hash Batches": 1, "Max Original Hash Batches": 1, "Min Original Hash Batches": 1, "Max Peak Memory Usage": 4, "min Peak Memory Usage": 4, "Plans": [{"Node Type": "Index Only Scan", "Parent Relationship": "Outer", "Scan Direction": "Forward", "Index Name": "info_type_pkey", "Relation Name": "info_type", "Alias": "it", "Startup Cost": 0.0, "Total Cost": 2.12, "Plan Rows": 112, "Plan Width": 4, "Actual Min Startup Time": 0.017, "Actual Max Startup Time": 0.017, "Actual Min Total Time": 0.039, "Actual Max Total Time": 0.039, "Heap Fetches": 0, "Actual Rows": 112}], "Actual Rows": 112}], "Actual Rows": 0}], "Actual Rows": 1}, "Triggers": [], "Planner Runtime": 13.355, "Total Runtime": 89.69, "Unique SQL Id": 2510907716}}, "(16, '105')": {"explain_plan": {"Plan": {"Node Type": "Aggregate", "Strategy": "Plain", "Startup Cost": 99924.76, "Total Cost": 99924.77, "Plan Rows": 1, "Plan Width": 49, "Plans": [{"Node Type": "Nested Loop", "Parent Relationship": "Outer", "Join Type": "Inner", "Startup Cost": 0.0, "Total Cost": 99919.97, "Plan Rows": 1919, "Plan Width": 17, "Inner Unique": true, "Plans": [{"Node Type": "Nested Loop", "Parent Relationship": "Outer", "Join Type": "Inner", "Startup Cost": 0.0, "Total Cost": 99382.54, "Plan Rows": 1919, "Plan Width": 21, "Inner Unique": false, "Plans": [{"Node Type": "Nested Loop", "Parent Relationship": "Outer", "Join Type": "Inner", "Startup Cost": 0.0, "Total Cost": 97103.24, "Plan Rows": 1869, "Plan Width": 25, "Inner Unique": true, "Plans": [{"Node Type": "Nested Loop", "Parent Relationship": "Outer", "Join Type": "Inner", "Startup Cost": 0.0, "Total Cost": 85485.82, "Plan Rows": 1540, "Plan Width": 4, "Inner Unique": true, "Plans": [{"Node Type": "Streaming(type: LOCAL GATHER dop: 1/16)", "Parent Relationship": "Outer", "Startup Cost": 0.0, "Total Cost": 84603.44, "Plan Rows": 3081, "Plan Width": 8, "Plans": [{"Node Type": "Index Scan", "Parent Relationship": "Outer", "Scan Direction": "Forward", "Index Name": "company_type_id_movie_companies", "Relation Name": "movie_companies", "Alias": "mc", "Startup Cost": 0.0, "Total Cost": 84536.95, "Plan Rows": 3081, "Plan Width": 8, "Filter": "(((note)::text ~~ '%(theatrical)%'::text) AND ((note)::text ~~ '%(France)%'::text))"}]}, {"Node Type": "Index Scan", "Parent Relationship": "Inner", "Scan Direction": "Forward", "Index Name": "company_type_pkey", "Relation Name": "company_type", "Alias": "ct", "Startup Cost": 0.0, "Total Cost": 0.28, "Plan Rows": 1, "Plan Width": 4, "Index Cond": "(id = mc.company_type_id)", "Filter": "((kind)::text = 'production companies'::text)"}]}, {"Node Type": "Index Scan", "Parent Relationship": "Inner", "Scan Direction": "Forward", "Index Name": "title_pkey", "Relation Name": "title", "Alias": "t", "Startup Cost": 0.0, "Total Cost": 7.53, "Plan Rows": 1, "Plan Width": 21, "Index Cond": "(id = mc.movie_id)", "Filter": "(production_year > 2005)"}]}, {"Node Type": "Index Scan", "Parent Relationship": "Inner", "Scan Direction": "Forward", "Index Name": "movie_id_movie_info", "Relation Name": "movie_info", "Alias": "mi", "Startup Cost": 0.0, "Total Cost": 1.21, "Plan Rows": 1, "Plan Width": 8, "Index Cond": "(movie_id = t.id)", "Filter": "((info)::text = ANY ('{Sweden,Norway,Germany,Denmark,Swedish,Denish,Norwegian,German}'::text[]))"}]}, {"Node Type": "Index Only Scan", "Parent Relationship": "Inner", "Scan Direction": "Forward", "Index Name": "info_type_pkey", "Relation Name": "info_type", "Alias": "it", "Startup Cost": 0.0, "Total Cost": 0.27, "Plan Rows": 1, "Plan Width": 4, "Index Cond": "(id = mi.info_type_id)"}]}]}, "Unique SQL Id": 2510907716, "Planner Runtime": 7}, "explain_analyze_plan": {"Plan": {"Node Type": "Aggregate", "Strategy": "Plain", "Startup Cost": 99924.76, "Total Cost": 99924.77, "Plan Rows": 1, "Plan Width": 49, "Actual Min Startup Time": 170.847, "Actual Max Startup Time": 170.847, "Actual Min Total Time": 170.848, "Actual Max Total Time": 170.848, "Plans": [{"Node Type": "Nested Loop", "Parent Relationship": "Outer", "Join Type": "Inner", "Startup Cost": 0.0, "Total Cost": 99919.97, "Plan Rows": 1919, "Plan Width": 17, "Actual Min Startup Time": 170.838, "Actual Max Startup Time": 170.838, "Actual Min Total Time": 170.838, "Actual Max Total Time": 170.838, "Inner Unique": true, "Plans": [{"Node Type": "Nested Loop", "Parent Relationship": "Outer", "Join Type": "Inner", "Startup Cost": 0.0, "Total Cost": 99382.54, "Plan Rows": 1919, "Plan Width": 21, "Actual Min Startup Time": 170.836, "Actual Max Startup Time": 170.836, "Actual Min Total Time": 170.836, "Actual Max Total Time": 170.836, "Inner Unique": false, "Plans": [{"Node Type": "Nested Loop", "Parent Relationship": "Outer", "Join Type": "Inner", "Startup Cost": 0.0, "Total Cost": 97103.24, "Plan Rows": 1869, "Plan Width": 25, "Actual Min Startup Time": 170.834, "Actual Max Startup Time": 170.834, "Actual Min Total Time": 170.834, "Actual Max Total Time": 170.834, "Inner Unique": true, "Plans": [{"Node Type": "Nested Loop", "Parent Relationship": "Outer", "Join Type": "Inner", "Startup Cost": 0.0, "Total Cost": 85485.82, "Plan Rows": 1540, "Plan Width": 4, "Actual Min Startup Time": 170.833, "Actual Max Startup Time": 170.833, "Actual Min Total Time": 170.833, "Actual Max Total Time": 170.833, "Inner Unique": true, "Plans": [{"Node Type": "Streaming(type: LOCAL GATHER dop: 1/16)", "Parent Relationship": "Outer", "Startup Cost": 0.0, "Total Cost": 84603.44, "Plan Rows": 3081, "Plan Width": 8, "Actual Min Startup Time": 32.062, "Actual Max Startup Time": 32.062, "Actual Min Total Time": 148.487, "Actual Max Total Time": 148.487, "Plans": [{"Node Type": "Index Scan", "Parent Relationship": "Outer", "Scan Direction": "Forward", "Index Name": "company_type_id_movie_companies", "Relation Name": "movie_companies", "Alias": "mc", "Startup Cost": 0.0, "Total Cost": 84536.95, "Plan Rows": 3081, "Plan Width": 8, "Actual Min Startup Time": 15.98, "Actual Max Startup Time": 88.111, "Actual Min Total Time": 86.282, "Actual Max Total Time": 153.188, "Filter": "(((note)::text ~~ '%(theatrical)%'::text) AND ((note)::text ~~ '%(France)%'::text))", "Rows Removed by Filter": 2585103, "Actual Rows": 24025}], "Actual Rows": 24025}, {"Node Type": "Index Scan", "Parent Relationship": "Inner", "Scan Direction": "Forward", "Index Name": "company_type_pkey", "Relation Name": "company_type", "Alias": "ct", "Startup Cost": 0.0, "Total Cost": 0.28, "Plan Rows": 1, "Plan Width": 4, "Actual Min Startup Time": 13.513, "Actual Max Startup Time": 13.513, "Actual Min Total Time": 13.513, "Actual Max Total Time": 13.513, "Index Cond": "(id = mc.company_type_id)", "Rows Removed by Index Recheck": 0, "Filter": "((kind)::text = 'production companies'::text)", "Rows Removed by Filter": 0, "Actual Rows": 0}], "Actual Rows": 0}, {"Node Type": "Index Scan", "Parent Relationship": "Inner", "Scan Direction": "Forward", "Index Name": "title_pkey", "Relation Name": "title", "Alias": "t", "Startup Cost": 0.0, "Total Cost": 7.53, "Plan Rows": 1, "Plan Width": 21, "Actual Startup Time": 0.0, "Actual Total Time": 0.0, "Index Cond": "(id = mc.movie_id)", "Rows Removed by Index Recheck": 0, "Filter": "(production_year > 2005)", "Rows Removed by Filter": 0}], "Actual Rows": 0}, {"Node Type": "Index Scan", "Parent Relationship": "Inner", "Scan Direction": "Forward", "Index Name": "movie_id_movie_info", "Relation Name": "movie_info", "Alias": "mi", "Startup Cost": 0.0, "Total Cost": 1.21, "Plan Rows": 1, "Plan Width": 8, "Actual Startup Time": 0.0, "Actual Total Time": 0.0, "Index Cond": "(movie_id = t.id)", "Rows Removed by Index Recheck": 0, "Filter": "((info)::text = ANY ('{Sweden,Norway,Germany,Denmark,Swedish,Denish,Norwegian,German}'::text[]))", "Rows Removed by Filter": 0}], "Actual Rows": 0}, {"Node Type": "Index Only Scan", "Parent Relationship": "Inner", "Scan Direction": "Forward", "Index Name": "info_type_pkey", "Relation Name": "info_type", "Alias": "it", "Startup Cost": 0.0, "Total Cost": 0.27, "Plan Rows": 1, "Plan Width": 4, "Actual Startup Time": 0.0, "Actual Total Time": 0.0, "Index Cond": "(id = mi.info_type_id)", "Rows Removed by Index Recheck": 0, "Heap Fetches": 0}], "Actual Rows": 0}], "Actual Rows": 1}, "Triggers": [], "Planner Runtime": 9.058, "Total Runtime": 173.276, "Unique SQL Id": 2510907716}}, "(16, '106')": {"explain_plan": {"Plan": {"Node Type": "Aggregate", "Strategy": "Plain", "Startup Cost": 100124.26, "Total Cost": 100124.27, "Plan Rows": 1, "Plan Width": 49, "Plans": [{"Node Type": "Hash Join", "Parent Relationship": "Outer", "Join Type": "Inner", "Startup Cost": 53650.52, "Total Cost": 100119.46, "Plan Rows": 1919, "Plan Width": 17, "Inner Unique": true, "Hash Cond": "(mi.info_type_id = it.id)", "Plans": [{"Node Type": "Hash Join", "Parent Relationship": "Outer", "Join Type": "Inner", "Startup Cost": 53647.0, "Total Cost": 100089.56, "Plan Rows": 1919, "Plan Width": 21, "Inner Unique": false, "Hash Cond": "(mi.movie_id = t.id)", "Plans": [{"Node Type": "Streaming(type: LOCAL GATHER dop: 1/16)", "Parent Relationship": "Outer", "Startup Cost": 0.0, "Total Cost": 45908.84, "Plan Rows": 141478, "Plan Width": 8, "Plans": [{"Node Type": "Seq Scan", "Parent Relationship": "Outer", "Relation Name": "movie_info", "Alias": "mi", "Startup Cost": 0.0, "Total Cost": 42855.46, "Plan Rows": 141478, "Plan Width": 8, "Filter": "((info)::text = ANY ('{Sweden,Norway,Germany,Denmark,Swedish,Denish,Norwegian,German}'::text[]))"}]}, {"Node Type": "Hash", "Parent Relationship": "Inner", "Startup Cost": 53623.64, "Total Cost": 53623.64, "Plan Rows": 1869, "Plan Width": 25, "Plans": [{"Node Type": "Hash Join", "Parent Relationship": "Outer", "Join Type": "Inner", "Startup Cost": 19942.21, "Total Cost": 53623.64, "Plan Rows": 1869, "Plan Width": 25, "Inner Unique": true, "Hash Cond": "(mc.company_type_id = ct.id)", "Plans": [{"Node Type": "Streaming(type: LOCAL GATHER dop: 1/16)", "Parent Relationship": "Outer", "Startup Cost": 19941.16, "Total Cost": 53589.87, "Plan Rows": 3740, "Plan Width": 29, "Plans": [{"Node Type": "Hash Join", "Parent Relationship": "Outer", "Join Type": "Inner", "Startup Cost": 19941.16, "Total Cost": 53509.15, "Plan Rows": 3740, "Plan Width": 29, "Inner Unique": true, "Hash Cond": "(mc.movie_id = t.id)", "Plans": [{"Node Type": "Streaming(type: BROADCAST dop: 16/16)", "Parent Relationship": "Outer", "Startup Cost": 0.0, "Total Cost": 33554.1, "Plan Rows": 49296, "Plan Width": 8, "Plans": [{"Node Type": "Seq Scan", "Parent Relationship": "Outer", "Relation Name": "movie_companies", "Alias": "mc", "Startup Cost": 0.0, "Total Cost": 18428.93, "Plan Rows": 3081, "Plan Width": 8, "Filter": "(((note)::text ~~ '%(theatrical)%'::text) AND ((note)::text ~~ '%(France)%'::text))"}]}, {"Node Type": "Hash", "Parent Relationship": "Inner", "Startup Cost": 19149.37, "Total Cost": 19149.37, "Plan Rows": 1013492, "Plan Width": 21, "Plans": [{"Node Type": "Seq Scan", "Parent Relationship": "Outer", "Relation Name": "title", "Alias": "t", "Startup Cost": 0.0, "Total Cost": 19149.37, "Plan Rows": 1013492, "Plan Width": 21, "Filter": "(production_year > 2005), (LLVM Optimized)"}]}]}]}, {"Node Type": "Hash", "Parent Relationship": "Inner", "Startup Cost": 1.04, "Total Cost": 1.04, "Plan Rows": 1, "Plan Width": 4, "Plans": [{"Node Type": "Seq Scan", "Parent Relationship": "Outer", "Relation Name": "company_type", "Alias": "ct", "Startup Cost": 0.0, "Total Cost": 1.04, "Plan Rows": 1, "Plan Width": 4, "Filter": "((kind)::text = 'production companies'::text)"}]}]}]}]}, {"Node Type": "Hash", "Parent Relationship": "Inner", "Startup Cost": 2.12, "Total Cost": 2.12, "Plan Rows": 112, "Plan Width": 4, "Plans": [{"Node Type": "Seq Scan", "Parent Relationship": "Outer", "Relation Name": "info_type", "Alias": "it", "Startup Cost": 0.0, "Total Cost": 2.12, "Plan Rows": 112, "Plan Width": 4}]}]}]}, "Unique SQL Id": 2510907716, "Planner Runtime": 14}, "explain_analyze_plan": null}, "(16, '107')": {"explain_plan": {"Plan": {"Node Type": "Aggregate", "Strategy": "Plain", "Startup Cost": 5000140836356.44, "Total Cost": 5000140836356.45, "Plan Rows": 1, "Plan Width": 49, "Plans": [{"Node Type": "Hash Join", "Parent Relationship": "Outer", "Join Type": "Inner", "Startup Cost": 4010022281871.93, "Total Cost": 5000140836351.64, "Plan Rows": 1919, "Plan Width": 17, "Inner Unique": true, "Hash Cond": "(mi.info_type_id = it.id)", "Plans": [{"Node Type": "Hash Join", "Parent Relationship": "Outer", "Join Type": "Inner", "Startup Cost": 3010022280877.53, "Total Cost": 4000140835330.86, "Plan Rows": 1919, "Plan Width": 21, "Inner Unique": false, "Hash Cond": "(mi.movie_id = t.id)", "Plans": [{"Node Type": "Index Scan", "Parent Relationship": "Outer", "Scan Direction": "Forward", "Index Name": "info_type_id_movie_info", "Relation Name": "movie_info", "Alias": "mi", "Startup Cost": 10000000000.0, "Total Cost": 1000118553919.62, "Plan Rows": 141478, "Plan Width": 8, "Filter": "((info)::text = ANY ('{Sweden,Norway,Germany,Denmark,Swedish,Denish,Norwegian,German}'::text[]))"}, {"Node Type": "Hash", "Parent Relationship": "Inner", "Startup Cost": 3000022280854.16, "Total Cost": 3000022280854.16, "Plan Rows": 1869, "Plan Width": 25, "Plans": [{"Node Type": "Hash Join", "Parent Relationship": "Outer", "Join Type": "Inner", "Startup Cost": 2010011658025.58, "Total Cost": 3000022280854.16, "Plan Rows": 1869, "Plan Width": 25, "Inner Unique": true, "Hash Cond": "(mc.movie_id = t.id)", "Plans": [{"Node Type": "Hash Join", "Parent Relationship": "Outer", "Join Type": "Inner", "Startup Cost": 1010000001230.26, "Total Cost": 2000010624034.38, "Plan Rows": 1540, "Plan Width": 4, "Inner Unique": true, "Hash Cond": "(mc.company_type_id = ct.id)", "Plans": [{"Node Type": "Index Scan", "Parent Relationship": "Outer", "Scan Direction": "Forward", "Index Name": "company_type_id_movie_companies", "Relation Name": "movie_companies", "Alias": "mc", "Startup Cost": 10000000000.0, "Total Cost": 1000010622781.0, "Plan Rows": 3081, "Plan Width": 8, "Filter": "(((note)::text ~~ '%(theatrical)%'::text) AND ((note)::text ~~ '%(France)%'::text))"}, {"Node Type": "Hash", "Parent Relationship": "Inner", "Startup Cost": 1000000001230.25, "Total Cost": 1000000001230.25, "Plan Rows": 1, "Plan Width": 4, "Plans": [{"Node Type": "Index Scan", "Parent Relationship": "Outer", "Scan Direction": "Forward", "Index Name": "company_type_pkey", "Relation Name": "company_type", "Alias": "ct", "Startup Cost": 10000000000.0, "Total Cost": 1000000001230.25, "Plan Rows": 1, "Plan Width": 4, "Filter": "((kind)::text = 'production companies'::text)"}]}]}, {"Node Type": "Hash", "Parent Relationship": "Inner", "Startup Cost": 1000011644126.66, "Total Cost": 1000011644126.66, "Plan Rows": 1013492, "Plan Width": 21, "Plans": [{"Node Type": "Index Scan", "Parent Relationship": "Outer", "Scan Direction": "Forward", "Index Name": "title_pkey", "Relation Name": "title", "Alias": "t", "Startup Cost": 10000000000.0, "Total Cost": 1000011644126.66, "Plan Rows": 1013492, "Plan Width": 21, "Filter": "(production_year > 2005), (LLVM Optimized)"}]}]}]}]}, {"Node Type": "Hash", "Parent Relationship": "Inner", "Startup Cost": 1000000000993.0, "Total Cost": 1000000000993.0, "Plan Rows": 112, "Plan Width": 4, "Plans": [{"Node Type": "Index Only Scan", "Parent Relationship": "Outer", "Scan Direction": "Forward", "Index Name": "info_type_pkey", "Relation Name": "info_type", "Alias": "it", "Startup Cost": 10000000000.0, "Total Cost": 1000000000993.0, "Plan Rows": 112, "Plan Width": 4}]}]}]}, "Unique SQL Id": 2510907716, "Planner Runtime": 7}, "explain_analyze_plan": null}, "(16, '108')": {"explain_plan": {"Plan": {"Node Type": "Aggregate", "Strategy": "Plain", "Startup Cost": 32453.79, "Total Cost": 32453.8, "Plan Rows": 1, "Plan Width": 49, "Plans": [{"Node Type": "Hash Join", "Parent Relationship": "Outer", "Join Type": "Inner", "Startup Cost": 4.57, "Total Cost": 32448.99, "Plan Rows": 1919, "Plan Width": 17, "Inner Unique": true, "Hash Cond": "(mi.info_type_id = it.id)", "Plans": [{"Node Type": "Nested Loop", "Parent Relationship": "Outer", "Join Type": "Inner", "Startup Cost": 1.05, "Total Cost": 32420.14, "Plan Rows": 1919, "Plan Width": 21, "Inner Unique": false, "Plans": [{"Node Type": "Nested Loop", "Parent Relationship": "Outer", "Join Type": "Inner", "Startup Cost": 1.05, "Total Cost": 30140.85, "Plan Rows": 1869, "Plan Width": 25, "Inner Unique": true, "Plans": [{"Node Type": "Hash Join", "Parent Relationship": "Outer", "Join Type": "Inner", "Startup Cost": 1.05, "Total Cost": 18523.43, "Plan Rows": 1540, "Plan Width": 4, "Inner Unique": true, "Hash Cond": "(mc.company_type_id = ct.id)", "Plans": [{"Node Type": "Streaming(type: LOCAL GATHER dop: 1/16)", "Parent Relationship": "Outer", "Startup Cost": 0.0, "Total Cost": 18495.43, "Plan Rows": 3081, "Plan Width": 8, "Plans": [{"Node Type": "Seq Scan", "Parent Relationship": "Outer", "Relation Name": "movie_companies", "Alias": "mc", "Startup Cost": 0.0, "Total Cost": 18428.93, "Plan Rows": 3081, "Plan Width": 8, "Filter": "(((note)::text ~~ '%(theatrical)%'::text) AND ((note)::text ~~ '%(France)%'::text))"}]}, {"Node Type": "Hash", "Parent Relationship": "Inner", "Startup Cost": 1.04, "Total Cost": 1.04, "Plan Rows": 1, "Plan Width": 4, "Plans": [{"Node Type": "Seq Scan", "Parent Relationship": "Outer", "Relation Name": "company_type", "Alias": "ct", "Startup Cost": 0.0, "Total Cost": 1.04, "Plan Rows": 1, "Plan Width": 4, "Filter": "((kind)::text = 'production companies'::text)"}]}]}, {"Node Type": "Index Scan", "Parent Relationship": "Inner", "Scan Direction": "Forward", "Index Name": "title_pkey", "Relation Name": "title", "Alias": "t", "Startup Cost": 0.0, "Total Cost": 7.53, "Plan Rows": 1, "Plan Width": 21, "Index Cond": "(id = mc.movie_id)", "Filter": "(production_year > 2005)"}]}, {"Node Type": "Index Scan", "Parent Relationship": "Inner", "Scan Direction": "Forward", "Index Name": "movie_id_movie_info", "Relation Name": "movie_info", "Alias": "mi", "Startup Cost": 0.0, "Total Cost": 1.21, "Plan Rows": 1, "Plan Width": 8, "Index Cond": "(movie_id = t.id)", "Filter": "((info)::text = ANY ('{Sweden,Norway,Germany,Denmark,Swedish,Denish,Norwegian,German}'::text[]))"}]}, {"Node Type": "Hash", "Parent Relationship": "Inner", "Startup Cost": 2.12, "Total Cost": 2.12, "Plan Rows": 112, "Plan Width": 4, "Plans": [{"Node Type": "Seq Scan", "Parent Relationship": "Outer", "Relation Name": "info_type", "Alias": "it", "Startup Cost": 0.0, "Total Cost": 2.12, "Plan Rows": 112, "Plan Width": 4}]}]}]}, "Unique SQL Id": 2510907716, "Planner Runtime": 10}, "explain_analyze_plan": {"Plan": {"Node Type": "Aggregate", "Strategy": "Plain", "Startup Cost": 32453.79, "Total Cost": 32453.8, "Plan Rows": 1, "Plan Width": 49, "Actual Min Startup Time": 87.356, "Actual Max Startup Time": 87.356, "Actual Min Total Time": 87.357, "Actual Max Total Time": 87.357, "Plans": [{"Node Type": "Hash Join", "Parent Relationship": "Outer", "Join Type": "Inner", "Startup Cost": 4.57, "Total Cost": 32448.99, "Plan Rows": 1919, "Plan Width": 17, "Actual Min Startup Time": 87.345, "Actual Max Startup Time": 87.345, "Actual Min Total Time": 87.345, "Actual Max Total Time": 87.345, "Inner Unique": true, "Hash Cond": "(mi.info_type_id = it.id)", "Plans": [{"Node Type": "Nested Loop", "Parent Relationship": "Outer", "Join Type": "Inner", "Startup Cost": 1.05, "Total Cost": 32420.14, "Plan Rows": 1919, "Plan Width": 21, "Actual Min Startup Time": 87.2, "Actual Max Startup Time": 87.2, "Actual Min Total Time": 87.2, "Actual Max Total Time": 87.2, "Inner Unique": false, "Plans": [{"Node Type": "Nested Loop", "Parent Relationship": "Outer", "Join Type": "Inner", "Startup Cost": 1.05, "Total Cost": 30140.85, "Plan Rows": 1869, "Plan Width": 25, "Actual Min Startup Time": 87.199, "Actual Max Startup Time": 87.199, "Actual Min Total Time": 87.199, "Actual Max Total Time": 87.199, "Inner Unique": true, "Plans": [{"Node Type": "Hash Join", "Parent Relationship": "Outer", "Join Type": "Inner", "Startup Cost": 1.05, "Total Cost": 18523.43, "Plan Rows": 1540, "Plan Width": 4, "Actual Min Startup Time": 87.155, "Actual Max Startup Time": 87.155, "Actual Min Total Time": 87.155, "Actual Max Total Time": 87.155, "Inner Unique": true, "Hash Cond": "(mc.company_type_id = ct.id)", "Plans": [{"Node Type": "Streaming(type: LOCAL GATHER dop: 1/16)", "Parent Relationship": "Outer", "Startup Cost": 0.0, "Total Cost": 18495.43, "Plan Rows": 3081, "Plan Width": 8, "Actual Min Startup Time": 28.124, "Actual Max Startup Time": 28.124, "Actual Min Total Time": 83.287, "Actual Max Total Time": 83.287, "Plans": [{"Node Type": "Seq Scan", "Parent Relationship": "Outer", "Relation Name": "movie_companies", "Alias": "mc", "Startup Cost": 0.0, "Total Cost": 18428.93, "Plan Rows": 3081, "Plan Width": 8, "Actual Min Startup Time": 0.903, "Actual Max Startup Time": 12.83, "Actual Min Total Time": 60.222, "Actual Max Total Time": 66.5, "Filter": "(((note)::text ~~ '%(theatrical)%'::text) AND ((note)::text ~~ '%(France)%'::text))", "Rows Removed by Filter": 2585103, "Actual Rows": 24025}], "Actual Rows": 24025}, {"Node Type": "Hash", "Parent Relationship": "Inner", "Startup Cost": 1.04, "Total Cost": 1.04, "Plan Rows": 1, "Plan Width": 4, "Actual Min Startup Time": 0.029, "Actual Max Startup Time": 0.029, "Actual Min Total Time": 0.029, "Actual Max Total Time": 0.029, "Max Hash Buckets": 32768, "Min Hash Buckets": 32768, "Max Hash Batches": 1, "Min Hash Batches": 1, "Max Original Hash Batches": 1, "Min Original Hash Batches": 1, "Max Peak Memory Usage": 1, "min Peak Memory Usage": 1, "Plans": [{"Node Type": "Seq Scan", "Parent Relationship": "Outer", "Relation Name": "company_type", "Alias": "ct", "Startup Cost": 0.0, "Total Cost": 1.04, "Plan Rows": 1, "Plan Width": 4, "Actual Min Startup Time": 0.022, "Actual Max Startup Time": 0.022, "Actual Min Total Time": 0.023, "Actual Max Total Time": 0.023, "Filter": "((kind)::text = 'production companies'::text)", "Rows Removed by Filter": 2, "Actual Rows": 1}], "Actual Rows": 1}], "Actual Rows": 0}, {"Node Type": "Index Scan", "Parent Relationship": "Inner", "Scan Direction": "Forward", "Index Name": "title_pkey", "Relation Name": "title", "Alias": "t", "Startup Cost": 0.0, "Total Cost": 7.53, "Plan Rows": 1, "Plan Width": 21, "Actual Startup Time": 0.0, "Actual Total Time": 0.0, "Index Cond": "(id = mc.movie_id)", "Rows Removed by Index Recheck": 0, "Filter": "(production_year > 2005)", "Rows Removed by Filter": 0}], "Actual Rows": 0}, {"Node Type": "Index Scan", "Parent Relationship": "Inner", "Scan Direction": "Forward", "Index Name": "movie_id_movie_info", "Relation Name": "movie_info", "Alias": "mi", "Startup Cost": 0.0, "Total Cost": 1.21, "Plan Rows": 1, "Plan Width": 8, "Actual Startup Time": 0.0, "Actual Total Time": 0.0, "Index Cond": "(movie_id = t.id)", "Rows Removed by Index Recheck": 0, "Filter": "((info)::text = ANY ('{Sweden,Norway,Germany,Denmark,Swedish,Denish,Norwegian,German}'::text[]))", "Rows Removed by Filter": 0}], "Actual Rows": 0}, {"Node Type": "Hash", "Parent Relationship": "Inner", "Startup Cost": 2.12, "Total Cost": 2.12, "Plan Rows": 112, "Plan Width": 4, "Actual Min Startup Time": 0.095, "Actual Max Startup Time": 0.095, "Actual Min Total Time": 0.095, "Actual Max Total Time": 0.095, "Max Hash Buckets": 32768, "Min Hash Buckets": 32768, "Max Hash Batches": 1, "Min Hash Batches": 1, "Max Original Hash Batches": 1, "Min Original Hash Batches": 1, "Max Peak Memory Usage": 4, "min Peak Memory Usage": 4, "Plans": [{"Node Type": "Seq Scan", "Parent Relationship": "Outer", "Relation Name": "info_type", "Alias": "it", "Startup Cost": 0.0, "Total Cost": 2.12, "Plan Rows": 112, "Plan Width": 4, "Actual Min Startup Time": 0.029, "Actual Max Startup Time": 0.029, "Actual Min Total Time": 0.05, "Actual Max Total Time": 0.05, "Actual Rows": 112}], "Actual Rows": 112}], "Actual Rows": 0}], "Actual Rows": 1}, "Triggers": [], "Planner Runtime": 13.375, "Total Runtime": 89.905, "Unique SQL Id": 2510907716}}, "(16, '109')": {"explain_plan": {"Plan": {"Node Type": "Aggregate", "Strategy": "Plain", "Startup Cost": 99924.82, "Total Cost": 99924.83, "Plan Rows": 1, "Plan Width": 49, "Plans": [{"Node Type": "Nested Loop", "Parent Relationship": "Outer", "Join Type": "Inner", "Startup Cost": 0.0, "Total Cost": 99920.02, "Plan Rows": 1919, "Plan Width": 17, "Inner Unique": true, "Plans": [{"Node Type": "Nested Loop", "Parent Relationship": "Outer", "Join Type": "Inner", "Startup Cost": 0.0, "Total Cost": 99382.54, "Plan Rows": 1919, "Plan Width": 21, "Inner Unique": false, "Plans": [{"Node Type": "Nested Loop", "Parent Relationship": "Outer", "Join Type": "Inner", "Startup Cost": 0.0, "Total Cost": 97103.24, "Plan Rows": 1869, "Plan Width": 25, "Inner Unique": true, "Plans": [{"Node Type": "Nested Loop", "Parent Relationship": "Outer", "Join Type": "Inner", "Startup Cost": 0.0, "Total Cost": 85485.82, "Plan Rows": 1540, "Plan Width": 4, "Inner Unique": true, "Plans": [{"Node Type": "Streaming(type: LOCAL GATHER dop: 1/16)", "Parent Relationship": "Outer", "Startup Cost": 0.0, "Total Cost": 84603.44, "Plan Rows": 3081, "Plan Width": 8, "Plans": [{"Node Type": "Index Scan", "Parent Relationship": "Outer", "Scan Direction": "Forward", "Index Name": "company_type_id_movie_companies", "Relation Name": "movie_companies", "Alias": "mc", "Startup Cost": 0.0, "Total Cost": 84536.95, "Plan Rows": 3081, "Plan Width": 8, "Filter": "(((note)::text ~~ '%(theatrical)%'::text) AND ((note)::text ~~ '%(France)%'::text))"}]}, {"Node Type": "Index Scan", "Parent Relationship": "Inner", "Scan Direction": "Forward", "Index Name": "company_type_pkey", "Relation Name": "company_type", "Alias": "ct", "Startup Cost": 0.0, "Total Cost": 0.28, "Plan Rows": 1, "Plan Width": 4, "Index Cond": "(id = mc.company_type_id)", "Filter": "((kind)::text = 'production companies'::text)"}]}, {"Node Type": "Index Scan", "Parent Relationship": "Inner", "Scan Direction": "Forward", "Index Name": "title_pkey", "Relation Name": "title", "Alias": "t", "Startup Cost": 0.0, "Total Cost": 7.53, "Plan Rows": 1, "Plan Width": 21, "Index Cond": "(id = mc.movie_id)", "Filter": "(production_year > 2005)"}]}, {"Node Type": "Index Scan", "Parent Relationship": "Inner", "Scan Direction": "Forward", "Index Name": "movie_id_movie_info", "Relation Name": "movie_info", "Alias": "mi", "Startup Cost": 0.0, "Total Cost": 1.21, "Plan Rows": 1, "Plan Width": 8, "Index Cond": "(movie_id = t.id)", "Filter": "((info)::text = ANY ('{Sweden,Norway,Germany,Denmark,Swedish,Denish,Norwegian,German}'::text[]))"}]}, {"Node Type": "Index Scan", "Parent Relationship": "Inner", "Scan Direction": "Forward", "Index Name": "info_type_pkey", "Relation Name": "info_type", "Alias": "it", "Startup Cost": 0.0, "Total Cost": 0.27, "Plan Rows": 1, "Plan Width": 4, "Index Cond": "(id = mi.info_type_id)"}]}]}, "Unique SQL Id": 2510907716, "Planner Runtime": 7}, "explain_analyze_plan": {"Plan": {"Node Type": "Aggregate", "Strategy": "Plain", "Startup Cost": 99924.82, "Total Cost": 99924.83, "Plan Rows": 1, "Plan Width": 49, "Actual Min Startup Time": 171.722, "Actual Max Startup Time": 171.722, "Actual Min Total Time": 171.723, "Actual Max Total Time": 171.723, "Plans": [{"Node Type": "Nested Loop", "Parent Relationship": "Outer", "Join Type": "Inner", "Startup Cost": 0.0, "Total Cost": 99920.02, "Plan Rows": 1919, "Plan Width": 17, "Actual Min Startup Time": 171.712, "Actual Max Startup Time": 171.712, "Actual Min Total Time": 171.712, "Actual Max Total Time": 171.712, "Inner Unique": true, "Plans": [{"Node Type": "Nested Loop", "Parent Relationship": "Outer", "Join Type": "Inner", "Startup Cost": 0.0, "Total Cost": 99382.54, "Plan Rows": 1919, "Plan Width": 21, "Actual Min Startup Time": 171.71, "Actual Max Startup Time": 171.71, "Actual Min Total Time": 171.71, "Actual Max Total Time": 171.71, "Inner Unique": false, "Plans": [{"Node Type": "Nested Loop", "Parent Relationship": "Outer", "Join Type": "Inner", "Startup Cost": 0.0, "Total Cost": 97103.24, "Plan Rows": 1869, "Plan Width": 25, "Actual Min Startup Time": 171.709, "Actual Max Startup Time": 171.709, "Actual Min Total Time": 171.709, "Actual Max Total Time": 171.709, "Inner Unique": true, "Plans": [{"Node Type": "Nested Loop", "Parent Relationship": "Outer", "Join Type": "Inner", "Startup Cost": 0.0, "Total Cost": 85485.82, "Plan Rows": 1540, "Plan Width": 4, "Actual Min Startup Time": 171.708, "Actual Max Startup Time": 171.708, "Actual Min Total Time": 171.708, "Actual Max Total Time": 171.708, "Inner Unique": true, "Plans": [{"Node Type": "Streaming(type: LOCAL GATHER dop: 1/16)", "Parent Relationship": "Outer", "Startup Cost": 0.0, "Total Cost": 84603.44, "Plan Rows": 3081, "Plan Width": 8, "Actual Min Startup Time": 33.273, "Actual Max Startup Time": 33.273, "Actual Min Total Time": 149.186, "Actual Max Total Time": 149.186, "Plans": [{"Node Type": "Index Scan", "Parent Relationship": "Outer", "Scan Direction": "Forward", "Index Name": "company_type_id_movie_companies", "Relation Name": "movie_companies", "Alias": "mc", "Startup Cost": 0.0, "Total Cost": 84536.95, "Plan Rows": 3081, "Plan Width": 8, "Actual Min Startup Time": 16.976, "Actual Max Startup Time": 89.132, "Actual Min Total Time": 87.097, "Actual Max Total Time": 151.54, "Filter": "(((note)::text ~~ '%(theatrical)%'::text) AND ((note)::text ~~ '%(France)%'::text))", "Rows Removed by Filter": 2585103, "Actual Rows": 24025}], "Actual Rows": 24025}, {"Node Type": "Index Scan", "Parent Relationship": "Inner", "Scan Direction": "Forward", "Index Name": "company_type_pkey", "Relation Name": "company_type", "Alias": "ct", "Startup Cost": 0.0, "Total Cost": 0.28, "Plan Rows": 1, "Plan Width": 4, "Actual Min Startup Time": 14.286, "Actual Max Startup Time": 14.286, "Actual Min Total Time": 14.286, "Actual Max Total Time": 14.286, "Index Cond": "(id = mc.company_type_id)", "Rows Removed by Index Recheck": 0, "Filter": "((kind)::text = 'production companies'::text)", "Rows Removed by Filter": 0, "Actual Rows": 0}], "Actual Rows": 0}, {"Node Type": "Index Scan", "Parent Relationship": "Inner", "Scan Direction": "Forward", "Index Name": "title_pkey", "Relation Name": "title", "Alias": "t", "Startup Cost": 0.0, "Total Cost": 7.53, "Plan Rows": 1, "Plan Width": 21, "Actual Startup Time": 0.0, "Actual Total Time": 0.0, "Index Cond": "(id = mc.movie_id)", "Rows Removed by Index Recheck": 0, "Filter": "(production_year > 2005)", "Rows Removed by Filter": 0}], "Actual Rows": 0}, {"Node Type": "Index Scan", "Parent Relationship": "Inner", "Scan Direction": "Forward", "Index Name": "movie_id_movie_info", "Relation Name": "movie_info", "Alias": "mi", "Startup Cost": 0.0, "Total Cost": 1.21, "Plan Rows": 1, "Plan Width": 8, "Actual Startup Time": 0.0, "Actual Total Time": 0.0, "Index Cond": "(movie_id = t.id)", "Rows Removed by Index Recheck": 0, "Filter": "((info)::text = ANY ('{Sweden,Norway,Germany,Denmark,Swedish,Denish,Norwegian,German}'::text[]))", "Rows Removed by Filter": 0}], "Actual Rows": 0}, {"Node Type": "Index Scan", "Parent Relationship": "Inner", "Scan Direction": "Forward", "Index Name": "info_type_pkey", "Relation Name": "info_type", "Alias": "it", "Startup Cost": 0.0, "Total Cost": 0.27, "Plan Rows": 1, "Plan Width": 4, "Actual Startup Time": 0.0, "Actual Total Time": 0.0, "Index Cond": "(id = mi.info_type_id)", "Rows Removed by Index Recheck": 0}], "Actual Rows": 0}], "Actual Rows": 1}, "Triggers": [], "Planner Runtime": 9.179, "Total Runtime": 174.166, "Unique SQL Id": 2510907716}}, "(16, '110')": {"explain_plan": {"Plan": {"Node Type": "Aggregate", "Strategy": "Plain", "Startup Cost": 100124.26, "Total Cost": 100124.27, "Plan Rows": 1, "Plan Width": 49, "Plans": [{"Node Type": "Hash Join", "Parent Relationship": "Outer", "Join Type": "Inner", "Startup Cost": 53650.52, "Total Cost": 100119.46, "Plan Rows": 1919, "Plan Width": 17, "Inner Unique": true, "Hash Cond": "(mi.info_type_id = it.id)", "Plans": [{"Node Type": "Hash Join", "Parent Relationship": "Outer", "Join Type": "Inner", "Startup Cost": 53647.0, "Total Cost": 100089.56, "Plan Rows": 1919, "Plan Width": 21, "Inner Unique": false, "Hash Cond": "(mi.movie_id = t.id)", "Plans": [{"Node Type": "Streaming(type: LOCAL GATHER dop: 1/16)", "Parent Relationship": "Outer", "Startup Cost": 0.0, "Total Cost": 45908.84, "Plan Rows": 141478, "Plan Width": 8, "Plans": [{"Node Type": "Seq Scan", "Parent Relationship": "Outer", "Relation Name": "movie_info", "Alias": "mi", "Startup Cost": 0.0, "Total Cost": 42855.46, "Plan Rows": 141478, "Plan Width": 8, "Filter": "((info)::text = ANY ('{Sweden,Norway,Germany,Denmark,Swedish,Denish,Norwegian,German}'::text[]))"}]}, {"Node Type": "Hash", "Parent Relationship": "Inner", "Startup Cost": 53623.64, "Total Cost": 53623.64, "Plan Rows": 1869, "Plan Width": 25, "Plans": [{"Node Type": "Hash Join", "Parent Relationship": "Outer", "Join Type": "Inner", "Startup Cost": 19942.21, "Total Cost": 53623.64, "Plan Rows": 1869, "Plan Width": 25, "Inner Unique": true, "Hash Cond": "(mc.company_type_id = ct.id)", "Plans": [{"Node Type": "Streaming(type: LOCAL GATHER dop: 1/16)", "Parent Relationship": "Outer", "Startup Cost": 19941.16, "Total Cost": 53589.87, "Plan Rows": 3740, "Plan Width": 29, "Plans": [{"Node Type": "Hash Join", "Parent Relationship": "Outer", "Join Type": "Inner", "Startup Cost": 19941.16, "Total Cost": 53509.15, "Plan Rows": 3740, "Plan Width": 29, "Inner Unique": true, "Hash Cond": "(mc.movie_id = t.id)", "Plans": [{"Node Type": "Streaming(type: BROADCAST dop: 16/16)", "Parent Relationship": "Outer", "Startup Cost": 0.0, "Total Cost": 33554.1, "Plan Rows": 49296, "Plan Width": 8, "Plans": [{"Node Type": "Seq Scan", "Parent Relationship": "Outer", "Relation Name": "movie_companies", "Alias": "mc", "Startup Cost": 0.0, "Total Cost": 18428.93, "Plan Rows": 3081, "Plan Width": 8, "Filter": "(((note)::text ~~ '%(theatrical)%'::text) AND ((note)::text ~~ '%(France)%'::text))"}]}, {"Node Type": "Hash", "Parent Relationship": "Inner", "Startup Cost": 19149.37, "Total Cost": 19149.37, "Plan Rows": 1013492, "Plan Width": 21, "Plans": [{"Node Type": "Seq Scan", "Parent Relationship": "Outer", "Relation Name": "title", "Alias": "t", "Startup Cost": 0.0, "Total Cost": 19149.37, "Plan Rows": 1013492, "Plan Width": 21, "Filter": "(production_year > 2005), (LLVM Optimized)"}]}]}]}, {"Node Type": "Hash", "Parent Relationship": "Inner", "Startup Cost": 1.04, "Total Cost": 1.04, "Plan Rows": 1, "Plan Width": 4, "Plans": [{"Node Type": "Seq Scan", "Parent Relationship": "Outer", "Relation Name": "company_type", "Alias": "ct", "Startup Cost": 0.0, "Total Cost": 1.04, "Plan Rows": 1, "Plan Width": 4, "Filter": "((kind)::text = 'production companies'::text)"}]}]}]}]}, {"Node Type": "Hash", "Parent Relationship": "Inner", "Startup Cost": 2.12, "Total Cost": 2.12, "Plan Rows": 112, "Plan Width": 4, "Plans": [{"Node Type": "Seq Scan", "Parent Relationship": "Outer", "Relation Name": "info_type", "Alias": "it", "Startup Cost": 0.0, "Total Cost": 2.12, "Plan Rows": 112, "Plan Width": 4}]}]}]}, "Unique SQL Id": 2510907716, "Planner Runtime": 14}, "explain_analyze_plan": null}, "(16, '111')": {"explain_plan": {"Plan": {"Node Type": "Aggregate", "Strategy": "Plain", "Startup Cost": 5000140836756.44, "Total Cost": 5000140836756.45, "Plan Rows": 1, "Plan Width": 49, "Plans": [{"Node Type": "Hash Join", "Parent Relationship": "Outer", "Join Type": "Inner", "Startup Cost": 4010022282271.93, "Total Cost": 5000140836751.64, "Plan Rows": 1919, "Plan Width": 17, "Inner Unique": true, "Hash Cond": "(mi.info_type_id = it.id)", "Plans": [{"Node Type": "Hash Join", "Parent Relationship": "Outer", "Join Type": "Inner", "Startup Cost": 3010022280877.53, "Total Cost": 4000140835330.86, "Plan Rows": 1919, "Plan Width": 21, "Inner Unique": false, "Hash Cond": "(mi.movie_id = t.id)", "Plans": [{"Node Type": "Index Scan", "Parent Relationship": "Outer", "Scan Direction": "Forward", "Index Name": "info_type_id_movie_info", "Relation Name": "movie_info", "Alias": "mi", "Startup Cost": 10000000000.0, "Total Cost": 1000118553919.62, "Plan Rows": 141478, "Plan Width": 8, "Filter": "((info)::text = ANY ('{Sweden,Norway,Germany,Denmark,Swedish,Denish,Norwegian,German}'::text[]))"}, {"Node Type": "Hash", "Parent Relationship": "Inner", "Startup Cost": 3000022280854.16, "Total Cost": 3000022280854.16, "Plan Rows": 1869, "Plan Width": 25, "Plans": [{"Node Type": "Hash Join", "Parent Relationship": "Outer", "Join Type": "Inner", "Startup Cost": 2010011658025.58, "Total Cost": 3000022280854.16, "Plan Rows": 1869, "Plan Width": 25, "Inner Unique": true, "Hash Cond": "(mc.movie_id = t.id)", "Plans": [{"Node Type": "Hash Join", "Parent Relationship": "Outer", "Join Type": "Inner", "Startup Cost": 1010000001230.26, "Total Cost": 2000010624034.38, "Plan Rows": 1540, "Plan Width": 4, "Inner Unique": true, "Hash Cond": "(mc.company_type_id = ct.id)", "Plans": [{"Node Type": "Index Scan", "Parent Relationship": "Outer", "Scan Direction": "Forward", "Index Name": "company_type_id_movie_companies", "Relation Name": "movie_companies", "Alias": "mc", "Startup Cost": 10000000000.0, "Total Cost": 1000010622781.0, "Plan Rows": 3081, "Plan Width": 8, "Filter": "(((note)::text ~~ '%(theatrical)%'::text) AND ((note)::text ~~ '%(France)%'::text))"}, {"Node Type": "Hash", "Parent Relationship": "Inner", "Startup Cost": 1000000001230.25, "Total Cost": 1000000001230.25, "Plan Rows": 1, "Plan Width": 4, "Plans": [{"Node Type": "Index Scan", "Parent Relationship": "Outer", "Scan Direction": "Forward", "Index Name": "company_type_pkey", "Relation Name": "company_type", "Alias": "ct", "Startup Cost": 10000000000.0, "Total Cost": 1000000001230.25, "Plan Rows": 1, "Plan Width": 4, "Filter": "((kind)::text = 'production companies'::text)"}]}]}, {"Node Type": "Hash", "Parent Relationship": "Inner", "Startup Cost": 1000011644126.66, "Total Cost": 1000011644126.66, "Plan Rows": 1013492, "Plan Width": 21, "Plans": [{"Node Type": "Index Scan", "Parent Relationship": "Outer", "Scan Direction": "Forward", "Index Name": "title_pkey", "Relation Name": "title", "Alias": "t", "Startup Cost": 10000000000.0, "Total Cost": 1000011644126.66, "Plan Rows": 1013492, "Plan Width": 21, "Filter": "(production_year > 2005), (LLVM Optimized)"}]}]}]}]}, {"Node Type": "Hash", "Parent Relationship": "Inner", "Startup Cost": 1000000001393.0, "Total Cost": 1000000001393.0, "Plan Rows": 112, "Plan Width": 4, "Plans": [{"Node Type": "Index Scan", "Parent Relationship": "Outer", "Scan Direction": "Forward", "Index Name": "info_type_pkey", "Relation Name": "info_type", "Alias": "it", "Startup Cost": 10000000000.0, "Total Cost": 1000000001393.0, "Plan Rows": 112, "Plan Width": 4}]}]}]}, "Unique SQL Id": 2510907716, "Planner Runtime": 7}, "explain_analyze_plan": null}, "(16, '112')": {"explain_plan": {"Plan": {"Node Type": "Aggregate", "Strategy": "Plain", "Startup Cost": 32973.92, "Total Cost": 32973.93, "Plan Rows": 1, "Plan Width": 49, "Plans": [{"Node Type": "Nested Loop", "Parent Relationship": "Outer", "Join Type": "Inner", "Startup Cost": 0.0, "Total Cost": 32969.12, "Plan Rows": 1919, "Plan Width": 17, "Inner Unique": true, "Plans": [{"Node Type": "Nested Loop", "Parent Relationship": "Outer", "Join Type": "Inner", "Startup Cost": 0.0, "Total Cost": 32431.69, "Plan Rows": 1919, "Plan Width": 21, "Inner Unique": false, "Plans": [{"Node Type": "Nested Loop", "Parent Relationship": "Outer", "Join Type": "Inner", "Startup Cost": 0.0, "Total Cost": 30152.4, "Plan Rows": 1869, "Plan Width": 25, "Inner Unique": true, "Plans": [{"Node Type": "Nested Loop", "Parent Relationship": "Outer", "Join Type": "Inner", "Startup Cost": 0.0, "Total Cost": 18534.98, "Plan Rows": 1540, "Plan Width": 4, "Inner Unique": false, "Join Filter": "(ct.id = mc.company_type_id)", "Plans": [{"Node Type": "Seq Scan", "Parent Relationship": "Outer", "Relation Name": "company_type", "Alias": "ct", "Startup Cost": 0.0, "Total Cost": 1.04, "Plan Rows": 1, "Plan Width": 4, "Filter": "((kind)::text = 'production companies'::text)"}, {"Node Type": "Materialize", "Parent Relationship": "Inner", "Startup Cost": 0.0, "Total Cost": 18503.13, "Plan Rows": 3081, "Plan Width": 8, "Plans": [{"Node Type": "Streaming(type: LOCAL GATHER dop: 1/16)", "Parent Relationship": "Outer", "Startup Cost": 0.0, "Total Cost": 18495.43, "Plan Rows": 3081, "Plan Width": 8, "Plans": [{"Node Type": "Seq Scan", "Parent Relationship": "Outer", "Relation Name": "movie_companies", "Alias": "mc", "Startup Cost": 0.0, "Total Cost": 18428.93, "Plan Rows": 3081, "Plan Width": 8, "Filter": "(((note)::text ~~ '%(theatrical)%'::text) AND ((note)::text ~~ '%(France)%'::text))"}]}]}]}, {"Node Type": "Index Scan", "Parent Relationship": "Inner", "Scan Direction": "Forward", "Index Name": "title_pkey", "Relation Name": "title", "Alias": "t", "Startup Cost": 0.0, "Total Cost": 7.53, "Plan Rows": 1, "Plan Width": 21, "Index Cond": "(id = mc.movie_id)", "Filter": "(production_year > 2005)"}]}, {"Node Type": "Index Scan", "Parent Relationship": "Inner", "Scan Direction": "Forward", "Index Name": "movie_id_movie_info", "Relation Name": "movie_info", "Alias": "mi", "Startup Cost": 0.0, "Total Cost": 1.21, "Plan Rows": 1, "Plan Width": 8, "Index Cond": "(movie_id = t.id)", "Filter": "((info)::text = ANY ('{Sweden,Norway,Germany,Denmark,Swedish,Denish,Norwegian,German}'::text[]))"}]}, {"Node Type": "Index Only Scan", "Parent Relationship": "Inner", "Scan Direction": "Forward", "Index Name": "info_type_pkey", "Relation Name": "info_type", "Alias": "it", "Startup Cost": 0.0, "Total Cost": 0.27, "Plan Rows": 1, "Plan Width": 4, "Index Cond": "(id = mi.info_type_id)"}]}]}, "Unique SQL Id": 2510907716, "Planner Runtime": 4}, "explain_analyze_plan": {"Plan": {"Node Type": "Aggregate", "Strategy": "Plain", "Startup Cost": 32973.92, "Total Cost": 32973.93, "Plan Rows": 1, "Plan Width": 49, "Actual Min Startup Time": 95.929, "Actual Max Startup Time": 95.929, "Actual Min Total Time": 95.929, "Actual Max Total Time": 95.929, "Plans": [{"Node Type": "Nested Loop", "Parent Relationship": "Outer", "Join Type": "Inner", "Startup Cost": 0.0, "Total Cost": 32969.12, "Plan Rows": 1919, "Plan Width": 17, "Actual Min Startup Time": 95.92, "Actual Max Startup Time": 95.92, "Actual Min Total Time": 95.92, "Actual Max Total Time": 95.92, "Inner Unique": true, "Plans": [{"Node Type": "Nested Loop", "Parent Relationship": "Outer", "Join Type": "Inner", "Startup Cost": 0.0, "Total Cost": 32431.69, "Plan Rows": 1919, "Plan Width": 21, "Actual Min Startup Time": 95.919, "Actual Max Startup Time": 95.919, "Actual Min Total Time": 95.919, "Actual Max Total Time": 95.919, "Inner Unique": false, "Plans": [{"Node Type": "Nested Loop", "Parent Relationship": "Outer", "Join Type": "Inner", "Startup Cost": 0.0, "Total Cost": 30152.4, "Plan Rows": 1869, "Plan Width": 25, "Actual Min Startup Time": 95.917, "Actual Max Startup Time": 95.917, "Actual Min Total Time": 95.917, "Actual Max Total Time": 95.917, "Inner Unique": true, "Plans": [{"Node Type": "Nested Loop", "Parent Relationship": "Outer", "Join Type": "Inner", "Startup Cost": 0.0, "Total Cost": 18534.98, "Plan Rows": 1540, "Plan Width": 4, "Actual Min Startup Time": 95.916, "Actual Max Startup Time": 95.916, "Actual Min Total Time": 95.916, "Actual Max Total Time": 95.916, "Inner Unique": false, "Join Filter": "(ct.id = mc.company_type_id)", "Rows Removed by Join Filter": 24025, "Plans": [{"Node Type": "Seq Scan", "Parent Relationship": "Outer", "Relation Name": "company_type", "Alias": "ct", "Startup Cost": 0.0, "Total Cost": 1.04, "Plan Rows": 1, "Plan Width": 4, "Actual Min Startup Time": 0.039, "Actual Max Startup Time": 0.039, "Actual Min Total Time": 0.044, "Actual Max Total Time": 0.044, "Filter": "((kind)::text = 'production companies'::text)", "Rows Removed by Filter": 2, "Actual Rows": 1}, {"Node Type": "Materialize", "Parent Relationship": "Inner", "Startup Cost": 0.0, "Total Cost": 18503.13, "Plan Rows": 3081, "Plan Width": 8, "Actual Min Startup Time": 88.034, "Actual Max Startup Time": 88.034, "Actual Min Total Time": 90.611, "Actual Max Total Time": 90.611, "Plans": [{"Node Type": "Streaming(type: LOCAL GATHER dop: 1/16)", "Parent Relationship": "Outer", "Startup Cost": 0.0, "Total Cost": 18495.43, "Plan Rows": 3081, "Plan Width": 8, "Actual Min Startup Time": 27.492, "Actual Max Startup Time": 27.492, "Actual Min Total Time": 84.248, "Actual Max Total Time": 84.248, "Plans": [{"Node Type": "Seq Scan", "Parent Relationship": "Outer", "Relation Name": "movie_companies", "Alias": "mc", "Startup Cost": 0.0, "Total Cost": 18428.93, "Plan Rows": 3081, "Plan Width": 8, "Actual Min Startup Time": 0.913, "Actual Max Startup Time": 12.849, "Actual Min Total Time": 60.414, "Actual Max Total Time": 67.9, "Filter": "(((note)::text ~~ '%(theatrical)%'::text) AND ((note)::text ~~ '%(France)%'::text))", "Rows Removed by Filter": 2585103, "Actual Rows": 24025}], "Actual Rows": 24025}], "Actual Rows": 24026}], "Actual Rows": 0}, {"Node Type": "Index Scan", "Parent Relationship": "Inner", "Scan Direction": "Forward", "Index Name": "title_pkey", "Relation Name": "title", "Alias": "t", "Startup Cost": 0.0, "Total Cost": 7.53, "Plan Rows": 1, "Plan Width": 21, "Actual Startup Time": 0.0, "Actual Total Time": 0.0, "Index Cond": "(id = mc.movie_id)", "Rows Removed by Index Recheck": 0, "Filter": "(production_year > 2005)", "Rows Removed by Filter": 0}], "Actual Rows": 0}, {"Node Type": "Index Scan", "Parent Relationship": "Inner", "Scan Direction": "Forward", "Index Name": "movie_id_movie_info", "Relation Name": "movie_info", "Alias": "mi", "Startup Cost": 0.0, "Total Cost": 1.21, "Plan Rows": 1, "Plan Width": 8, "Actual Startup Time": 0.0, "Actual Total Time": 0.0, "Index Cond": "(movie_id = t.id)", "Rows Removed by Index Recheck": 0, "Filter": "((info)::text = ANY ('{Sweden,Norway,Germany,Denmark,Swedish,Denish,Norwegian,German}'::text[]))", "Rows Removed by Filter": 0}], "Actual Rows": 0}, {"Node Type": "Index Only Scan", "Parent Relationship": "Inner", "Scan Direction": "Forward", "Index Name": "info_type_pkey", "Relation Name": "info_type", "Alias": "it", "Startup Cost": 0.0, "Total Cost": 0.27, "Plan Rows": 1, "Plan Width": 4, "Actual Startup Time": 0.0, "Actual Total Time": 0.0, "Index Cond": "(id = mi.info_type_id)", "Rows Removed by Index Recheck": 0, "Heap Fetches": 0}], "Actual Rows": 0}], "Actual Rows": 1}, "Triggers": [], "Planner Runtime": 3.787, "Total Runtime": 98.65, "Unique SQL Id": 2510907716}}, "(16, '113')": {"explain_plan": {"Plan": {"Node Type": "Aggregate", "Strategy": "Plain", "Startup Cost": 99093.2, "Total Cost": 99093.21, "Plan Rows": 1, "Plan Width": 49, "Plans": [{"Node Type": "Nested Loop", "Parent Relationship": "Outer", "Join Type": "Inner", "Startup Cost": 0.0, "Total Cost": 99088.4, "Plan Rows": 1919, "Plan Width": 17, "Inner Unique": true, "Plans": [{"Node Type": "Nested Loop", "Parent Relationship": "Outer", "Join Type": "Inner", "Startup Cost": 0.0, "Total Cost": 98550.97, "Plan Rows": 1919, "Plan Width": 21, "Inner Unique": false, "Plans": [{"Node Type": "Nested Loop", "Parent Relationship": "Outer", "Join Type": "Inner", "Startup Cost": 0.0, "Total Cost": 96271.68, "Plan Rows": 1869, "Plan Width": 25, "Inner Unique": true, "Plans": [{"Node Type": "Nested Loop", "Parent Relationship": "Outer", "Join Type": "Inner", "Startup Cost": 0.0, "Total Cost": 84654.26, "Plan Rows": 1540, "Plan Width": 4, "Inner Unique": false, "Join Filter": "(ct.id = mc.company_type_id)", "Plans": [{"Node Type": "Index Scan", "Parent Relationship": "Outer", "Scan Direction": "Forward", "Index Name": "company_type_pkey", "Relation Name": "company_type", "Alias": "ct", "Startup Cost": 0.0, "Total Cost": 12.3, "Plan Rows": 1, "Plan Width": 4, "Filter": "((kind)::text = 'production companies'::text)"}, {"Node Type": "Materialize", "Parent Relationship": "Inner", "Startup Cost": 0.0, "Total Cost": 84611.14, "Plan Rows": 3081, "Plan Width": 8, "Plans": [{"Node Type": "Streaming(type: LOCAL GATHER dop: 1/16)", "Parent Relationship": "Outer", "Startup Cost": 0.0, "Total Cost": 84603.44, "Plan Rows": 3081, "Plan Width": 8, "Plans": [{"Node Type": "Index Scan", "Parent Relationship": "Outer", "Scan Direction": "Forward", "Index Name": "company_type_id_movie_companies", "Relation Name": "movie_companies", "Alias": "mc", "Startup Cost": 0.0, "Total Cost": 84536.95, "Plan Rows": 3081, "Plan Width": 8, "Filter": "(((note)::text ~~ '%(theatrical)%'::text) AND ((note)::text ~~ '%(France)%'::text))"}]}]}]}, {"Node Type": "Index Scan", "Parent Relationship": "Inner", "Scan Direction": "Forward", "Index Name": "title_pkey", "Relation Name": "title", "Alias": "t", "Startup Cost": 0.0, "Total Cost": 7.53, "Plan Rows": 1, "Plan Width": 21, "Index Cond": "(id = mc.movie_id)", "Filter": "(production_year > 2005)"}]}, {"Node Type": "Index Scan", "Parent Relationship": "Inner", "Scan Direction": "Forward", "Index Name": "movie_id_movie_info", "Relation Name": "movie_info", "Alias": "mi", "Startup Cost": 0.0, "Total Cost": 1.21, "Plan Rows": 1, "Plan Width": 8, "Index Cond": "(movie_id = t.id)", "Filter": "((info)::text = ANY ('{Sweden,Norway,Germany,Denmark,Swedish,Denish,Norwegian,German}'::text[]))"}]}, {"Node Type": "Index Only Scan", "Parent Relationship": "Inner", "Scan Direction": "Forward", "Index Name": "info_type_pkey", "Relation Name": "info_type", "Alias": "it", "Startup Cost": 0.0, "Total Cost": 0.27, "Plan Rows": 1, "Plan Width": 4, "Index Cond": "(id = mi.info_type_id)"}]}]}, "Unique SQL Id": 2510907716, "Planner Runtime": 3}, "explain_analyze_plan": {"Plan": {"Node Type": "Aggregate", "Strategy": "Plain", "Startup Cost": 99093.2, "Total Cost": 99093.21, "Plan Rows": 1, "Plan Width": 49, "Actual Min Startup Time": 178.703, "Actual Max Startup Time": 178.703, "Actual Min Total Time": 178.704, "Actual Max Total Time": 178.704, "Plans": [{"Node Type": "Nested Loop", "Parent Relationship": "Outer", "Join Type": "Inner", "Startup Cost": 0.0, "Total Cost": 99088.4, "Plan Rows": 1919, "Plan Width": 17, "Actual Min Startup Time": 178.694, "Actual Max Startup Time": 178.694, "Actual Min Total Time": 178.694, "Actual Max Total Time": 178.694, "Inner Unique": true, "Plans": [{"Node Type": "Nested Loop", "Parent Relationship": "Outer", "Join Type": "Inner", "Startup Cost": 0.0, "Total Cost": 98550.97, "Plan Rows": 1919, "Plan Width": 21, "Actual Min Startup Time": 178.693, "Actual Max Startup Time": 178.693, "Actual Min Total Time": 178.693, "Actual Max Total Time": 178.693, "Inner Unique": false, "Plans": [{"Node Type": "Nested Loop", "Parent Relationship": "Outer", "Join Type": "Inner", "Startup Cost": 0.0, "Total Cost": 96271.68, "Plan Rows": 1869, "Plan Width": 25, "Actual Min Startup Time": 178.691, "Actual Max Startup Time": 178.691, "Actual Min Total Time": 178.691, "Actual Max Total Time": 178.691, "Inner Unique": true, "Plans": [{"Node Type": "Nested Loop", "Parent Relationship": "Outer", "Join Type": "Inner", "Startup Cost": 0.0, "Total Cost": 84654.26, "Plan Rows": 1540, "Plan Width": 4, "Actual Min Startup Time": 178.691, "Actual Max Startup Time": 178.691, "Actual Min Total Time": 178.691, "Actual Max Total Time": 178.691, "Inner Unique": false, "Join Filter": "(ct.id = mc.company_type_id)", "Rows Removed by Join Filter": 24025, "Plans": [{"Node Type": "Index Scan", "Parent Relationship": "Outer", "Scan Direction": "Forward", "Index Name": "company_type_pkey", "Relation Name": "company_type", "Alias": "ct", "Startup Cost": 0.0, "Total Cost": 12.3, "Plan Rows": 1, "Plan Width": 4, "Actual Min Startup Time": 0.041, "Actual Max Startup Time": 0.041, "Actual Min Total Time": 0.049, "Actual Max Total Time": 0.049, "Filter": "((kind)::text = 'production companies'::text)", "Rows Removed by Filter": 2, "Actual Rows": 1}, {"Node Type": "Materialize", "Parent Relationship": "Inner", "Startup Cost": 0.0, "Total Cost": 84611.14, "Plan Rows": 3081, "Plan Width": 8, "Actual Min Startup Time": 170.586, "Actual Max Startup Time": 170.586, "Actual Min Total Time": 173.382, "Actual Max Total Time": 173.382, "Plans": [{"Node Type": "Streaming(type: LOCAL GATHER dop: 1/16)", "Parent Relationship": "Outer", "Startup Cost": 0.0, "Total Cost": 84603.44, "Plan Rows": 3081, "Plan Width": 8, "Actual Min Startup Time": 31.969, "Actual Max Startup Time": 31.969, "Actual Min Total Time": 166.687, "Actual Max Total Time": 166.687, "Plans": [{"Node Type": "Index Scan", "Parent Relationship": "Outer", "Scan Direction": "Forward", "Index Name": "company_type_id_movie_companies", "Relation Name": "movie_companies", "Alias": "mc", "Startup Cost": 0.0, "Total Cost": 84536.95, "Plan Rows": 3081, "Plan Width": 8, "Actual Min Startup Time": 13.763, "Actual Max Startup Time": 86.987, "Actual Min Total Time": 85.513, "Actual Max Total Time": 148.739, "Filter": "(((note)::text ~~ '%(theatrical)%'::text) AND ((note)::text ~~ '%(France)%'::text))", "Rows Removed by Filter": 2585103, "Actual Rows": 24025}], "Actual Rows": 24025}], "Actual Rows": 24026}], "Actual Rows": 0}, {"Node Type": "Index Scan", "Parent Relationship": "Inner", "Scan Direction": "Forward", "Index Name": "title_pkey", "Relation Name": "title", "Alias": "t", "Startup Cost": 0.0, "Total Cost": 7.53, "Plan Rows": 1, "Plan Width": 21, "Actual Startup Time": 0.0, "Actual Total Time": 0.0, "Index Cond": "(id = mc.movie_id)", "Rows Removed by Index Recheck": 0, "Filter": "(production_year > 2005)", "Rows Removed by Filter": 0}], "Actual Rows": 0}, {"Node Type": "Index Scan", "Parent Relationship": "Inner", "Scan Direction": "Forward", "Index Name": "movie_id_movie_info", "Relation Name": "movie_info", "Alias": "mi", "Startup Cost": 0.0, "Total Cost": 1.21, "Plan Rows": 1, "Plan Width": 8, "Actual Startup Time": 0.0, "Actual Total Time": 0.0, "Index Cond": "(movie_id = t.id)", "Rows Removed by Index Recheck": 0, "Filter": "((info)::text = ANY ('{Sweden,Norway,Germany,Denmark,Swedish,Denish,Norwegian,German}'::text[]))", "Rows Removed by Filter": 0}], "Actual Rows": 0}, {"Node Type": "Index Only Scan", "Parent Relationship": "Inner", "Scan Direction": "Forward", "Index Name": "info_type_pkey", "Relation Name": "info_type", "Alias": "it", "Startup Cost": 0.0, "Total Cost": 0.27, "Plan Rows": 1, "Plan Width": 4, "Actual Startup Time": 0.0, "Actual Total Time": 0.0, "Index Cond": "(id = mi.info_type_id)", "Rows Removed by Index Recheck": 0, "Heap Fetches": 0}], "Actual Rows": 0}], "Actual Rows": 1}, "Triggers": [], "Planner Runtime": 9.112, "Total Runtime": 181.21, "Unique SQL Id": 2510907716}}, "(16, '114')": {"explain_plan": {"Plan": {"Node Type": "Aggregate", "Strategy": "Plain", "Startup Cost": 42305.73, "Total Cost": 42305.74, "Plan Rows": 1, "Plan Width": 49, "Plans": [{"Node Type": "Nested Loop", "Parent Relationship": "Outer", "Join Type": "Inner", "Startup Cost": 4.2, "Total Cost": 42300.93, "Plan Rows": 1919, "Plan Width": 17, "Inner Unique": true, "Join Filter": "(mi.info_type_id = it.id)", "Plans": [{"Node Type": "Nested Loop", "Parent Relationship": "Outer", "Join Type": "Inner", "Startup Cost": 4.2, "Total Cost": 39074.61, "Plan Rows": 1919, "Plan Width": 21, "Inner Unique": false, "Plans": [{"Node Type": "Nested Loop", "Parent Relationship": "Outer", "Join Type": "Inner", "Startup Cost": 3.69, "Total Cost": 30412.7, "Plan Rows": 1869, "Plan Width": 25, "Inner Unique": true, "Plans": [{"Node Type": "Nested Loop", "Parent Relationship": "Outer", "Join Type": "Inner", "Startup Cost": 0.0, "Total Cost": 18534.98, "Plan Rows": 1540, "Plan Width": 4, "Inner Unique": false, "Join Filter": "(ct.id = mc.company_type_id)", "Plans": [{"Node Type": "Seq Scan", "Parent Relationship": "Outer", "Relation Name": "company_type", "Alias": "ct", "Startup Cost": 0.0, "Total Cost": 1.04, "Plan Rows": 1, "Plan Width": 4, "Filter": "((kind)::text = 'production companies'::text)"}, {"Node Type": "Materialize", "Parent Relationship": "Inner", "Startup Cost": 0.0, "Total Cost": 18503.13, "Plan Rows": 3081, "Plan Width": 8, "Plans": [{"Node Type": "Streaming(type: LOCAL GATHER dop: 1/16)", "Parent Relationship": "Outer", "Startup Cost": 0.0, "Total Cost": 18495.43, "Plan Rows": 3081, "Plan Width": 8, "Plans": [{"Node Type": "Seq Scan", "Parent Relationship": "Outer", "Relation Name": "movie_companies", "Alias": "mc", "Startup Cost": 0.0, "Total Cost": 18428.93, "Plan Rows": 3081, "Plan Width": 8, "Filter": "(((note)::text ~~ '%(theatrical)%'::text) AND ((note)::text ~~ '%(France)%'::text))"}]}]}]}, {"Node Type": "Bitmap Heap Scan", "Parent Relationship": "Inner", "Relation Name": "title", "Alias": "t", "Startup Cost": 3.69, "Total Cost": 7.7, "Plan Rows": 1, "Plan Width": 21, "Recheck Cond": "(id = mc.movie_id)", "Filter": "(production_year > 2005)", "Plans": [{"Node Type": "Bitmap Index Scan", "Parent Relationship": "Outer", "Index Name": "title_pkey", "Startup Cost": 0.0, "Total Cost": 3.69, "Plan Rows": 1, "Plan Width": 0, "Index Cond": "(id = mc.movie_id)"}]}]}, {"Node Type": "Bitmap Heap Scan", "Parent Relationship": "Inner", "Relation Name": "movie_info", "Alias": "mi", "Startup Cost": 0.51, "Total Cost": 4.62, "Plan Rows": 1, "Plan Width": 8, "Recheck Cond": "(movie_id = t.id)", "Filter": "((info)::text = ANY ('{Sweden,Norway,Germany,Denmark,Swedish,Denish,Norwegian,German}'::text[]))", "Plans": [{"Node Type": "Bitmap Index Scan", "Parent Relationship": "Outer", "Index Name": "movie_id_movie_info", "Startup Cost": 0.0, "Total Cost": 0.51, "Plan Rows": 5, "Plan Width": 0, "Index Cond": "(movie_id = t.id)"}]}]}, {"Node Type": "Materialize", "Parent Relationship": "Inner", "Startup Cost": 0.0, "Total Cost": 2.68, "Plan Rows": 112, "Plan Width": 4, "Plans": [{"Node Type": "Seq Scan", "Parent Relationship": "Outer", "Relation Name": "info_type", "Alias": "it", "Startup Cost": 0.0, "Total Cost": 2.12, "Plan Rows": 112, "Plan Width": 4}]}]}]}, "Unique SQL Id": 2510907716, "Planner Runtime": 4}, "explain_analyze_plan": {"Plan": {"Node Type": "Aggregate", "Strategy": "Plain", "Startup Cost": 42305.73, "Total Cost": 42305.74, "Plan Rows": 1, "Plan Width": 49, "Actual Min Startup Time": 94.348, "Actual Max Startup Time": 94.348, "Actual Min Total Time": 94.348, "Actual Max Total Time": 94.348, "Plans": [{"Node Type": "Nested Loop", "Parent Relationship": "Outer", "Join Type": "Inner", "Startup Cost": 4.2, "Total Cost": 42300.93, "Plan Rows": 1919, "Plan Width": 17, "Actual Min Startup Time": 94.337, "Actual Max Startup Time": 94.337, "Actual Min Total Time": 94.337, "Actual Max Total Time": 94.337, "Inner Unique": true, "Join Filter": "(mi.info_type_id = it.id)", "Rows Removed by Join Filter": 0, "Plans": [{"Node Type": "Nested Loop", "Parent Relationship": "Outer", "Join Type": "Inner", "Startup Cost": 4.2, "Total Cost": 39074.61, "Plan Rows": 1919, "Plan Width": 21, "Actual Min Startup Time": 94.336, "Actual Max Startup Time": 94.336, "Actual Min Total Time": 94.336, "Actual Max Total Time": 94.336, "Inner Unique": false, "Plans": [{"Node Type": "Nested Loop", "Parent Relationship": "Outer", "Join Type": "Inner", "Startup Cost": 3.69, "Total Cost": 30412.7, "Plan Rows": 1869, "Plan Width": 25, "Actual Min Startup Time": 94.334, "Actual Max Startup Time": 94.334, "Actual Min Total Time": 94.334, "Actual Max Total Time": 94.334, "Inner Unique": true, "Plans": [{"Node Type": "Nested Loop", "Parent Relationship": "Outer", "Join Type": "Inner", "Startup Cost": 0.0, "Total Cost": 18534.98, "Plan Rows": 1540, "Plan Width": 4, "Actual Min Startup Time": 94.333, "Actual Max Startup Time": 94.333, "Actual Min Total Time": 94.333, "Actual Max Total Time": 94.333, "Inner Unique": false, "Join Filter": "(ct.id = mc.company_type_id)", "Rows Removed by Join Filter": 24025, "Plans": [{"Node Type": "Seq Scan", "Parent Relationship": "Outer", "Relation Name": "company_type", "Alias": "ct", "Startup Cost": 0.0, "Total Cost": 1.04, "Plan Rows": 1, "Plan Width": 4, "Actual Min Startup Time": 0.044, "Actual Max Startup Time": 0.044, "Actual Min Total Time": 0.048, "Actual Max Total Time": 0.048, "Filter": "((kind)::text = 'production companies'::text)", "Rows Removed by Filter": 2, "Actual Rows": 1}, {"Node Type": "Materialize", "Parent Relationship": "Inner", "Startup Cost": 0.0, "Total Cost": 18503.13, "Plan Rows": 3081, "Plan Width": 8, "Actual Min Startup Time": 86.063, "Actual Max Startup Time": 86.063, "Actual Min Total Time": 88.996, "Actual Max Total Time": 88.996, "Plans": [{"Node Type": "Streaming(type: LOCAL GATHER dop: 1/16)", "Parent Relationship": "Outer", "Startup Cost": 0.0, "Total Cost": 18495.43, "Plan Rows": 3081, "Plan Width": 8, "Actual Min Startup Time": 28.344, "Actual Max Startup Time": 28.344, "Actual Min Total Time": 82.319, "Actual Max Total Time": 82.319, "Plans": [{"Node Type": "Seq Scan", "Parent Relationship": "Outer", "Relation Name": "movie_companies", "Alias": "mc", "Startup Cost": 0.0, "Total Cost": 18428.93, "Plan Rows": 3081, "Plan Width": 8, "Actual Min Startup Time": 0.916, "Actual Max Startup Time": 12.844, "Actual Min Total Time": 60.357, "Actual Max Total Time": 66.755, "Filter": "(((note)::text ~~ '%(theatrical)%'::text) AND ((note)::text ~~ '%(France)%'::text))", "Rows Removed by Filter": 2585103, "Actual Rows": 24025}], "Actual Rows": 24025}], "Actual Rows": 24026}], "Actual Rows": 0}, {"Node Type": "Bitmap Heap Scan", "Parent Relationship": "Inner", "Relation Name": "title", "Alias": "t", "Startup Cost": 3.69, "Total Cost": 7.7, "Plan Rows": 1, "Plan Width": 21, "Actual Startup Time": 0.0, "Actual Total Time": 0.0, "Recheck Cond": "(id = mc.movie_id)", "Rows Removed by Index Recheck": 0, "Filter": "(production_year > 2005)", "Rows Removed by Filter": 0, "Exact Heap Blocks": 0, "Lossy Heap Blocks": 0, "Plans": [{"Node Type": "Bitmap Index Scan", "Parent Relationship": "Outer", "Index Name": "title_pkey", "Startup Cost": 0.0, "Total Cost": 3.69, "Plan Rows": 1, "Plan Width": 0, "Actual Startup Time": 0.0, "Actual Total Time": 0.0, "Index Cond": "(id = mc.movie_id)"}]}], "Actual Rows": 0}, {"Node Type": "Bitmap Heap Scan", "Parent Relationship": "Inner", "Relation Name": "movie_info", "Alias": "mi", "Startup Cost": 0.51, "Total Cost": 4.62, "Plan Rows": 1, "Plan Width": 8, "Actual Startup Time": 0.0, "Actual Total Time": 0.0, "Recheck Cond": "(movie_id = t.id)", "Rows Removed by Index Recheck": 0, "Filter": "((info)::text = ANY ('{Sweden,Norway,Germany,Denmark,Swedish,Denish,Norwegian,German}'::text[]))", "Rows Removed by Filter": 0, "Exact Heap Blocks": 0, "Lossy Heap Blocks": 0, "Plans": [{"Node Type": "Bitmap Index Scan", "Parent Relationship": "Outer", "Index Name": "movie_id_movie_info", "Startup Cost": 0.0, "Total Cost": 0.51, "Plan Rows": 5, "Plan Width": 0, "Actual Startup Time": 0.0, "Actual Total Time": 0.0, "Index Cond": "(movie_id = t.id)"}]}], "Actual Rows": 0}, {"Node Type": "Materialize", "Parent Relationship": "Inner", "Startup Cost": 0.0, "Total Cost": 2.68, "Plan Rows": 112, "Plan Width": 4, "Actual Startup Time": 0.0, "Actual Total Time": 0.0, "Plans": [{"Node Type": "Seq Scan", "Parent Relationship": "Outer", "Relation Name": "info_type", "Alias": "it", "Startup Cost": 0.0, "Total Cost": 2.12, "Plan Rows": 112, "Plan Width": 4, "Actual Startup Time": 0.0, "Actual Total Time": 0.0}]}], "Actual Rows": 0}], "Actual Rows": 1}, "Triggers": [], "Planner Runtime": 5.132, "Total Runtime": 96.997, "Unique SQL Id": 2510907716}}, "(16, '115')": {"explain_plan": {"Plan": {"Node Type": "Aggregate", "Strategy": "Plain", "Startup Cost": 91311.03, "Total Cost": 91311.04, "Plan Rows": 1, "Plan Width": 49, "Plans": [{"Node Type": "Nested Loop", "Parent Relationship": "Outer", "Join Type": "Inner", "Startup Cost": 28966.17, "Total Cost": 91306.23, "Plan Rows": 1919, "Plan Width": 17, "Inner Unique": true, "Join Filter": "(mi.info_type_id = it.id)", "Plans": [{"Node Type": "Nested Loop", "Parent Relationship": "Outer", "Join Type": "Inner", "Startup Cost": 28957.33, "Total Cost": 88068.08, "Plan Rows": 1919, "Plan Width": 21, "Inner Unique": false, "Plans": [{"Node Type": "Nested Loop", "Parent Relationship": "Outer", "Join Type": "Inner", "Startup Cost": 28956.82, "Total Cost": 79406.16, "Plan Rows": 1869, "Plan Width": 25, "Inner Unique": true, "Plans": [{"Node Type": "Nested Loop", "Parent Relationship": "Outer", "Join Type": "Inner", "Startup Cost": 28953.13, "Total Cost": 67528.44, "Plan Rows": 1540, "Plan Width": 4, "Inner Unique": false, "Plans": [{"Node Type": "Bitmap Heap Scan", "Parent Relationship": "Outer", "Relation Name": "company_type", "Alias": "ct", "Startup Cost": 8.27, "Total Cost": 12.3, "Plan Rows": 1, "Plan Width": 4, "Filter": "((kind)::text = 'production companies'::text)", "Plans": [{"Node Type": "Bitmap Index Scan", "Parent Relationship": "Outer", "Index Name": "company_type_pkey", "Startup Cost": 0.0, "Total Cost": 8.27, "Plan Rows": 3, "Plan Width": 0}]}, {"Node Type": "Bitmap Heap Scan", "Parent Relationship": "Inner", "Relation Name": "movie_companies", "Alias": "mc", "Startup Cost": 28944.86, "Total Cost": 67500.74, "Plan Rows": 1540, "Plan Width": 8, "Recheck Cond": "(company_type_id = ct.id)", "Filter": "(((note)::text ~~ '%(theatrical)%'::text) AND ((note)::text ~~ '%(France)%'::text))", "Plans": [{"Node Type": "Bitmap Index Scan", "Parent Relationship": "Outer", "Index Name": "company_type_id_movie_companies", "Startup Cost": 0.0, "Total Cost": 28944.48, "Plan Rows": 1304564, "Plan Width": 0, "Index Cond": "(company_type_id = ct.id)"}]}]}, {"Node Type": "Bitmap Heap Scan", "Parent Relationship": "Inner", "Relation Name": "title", "Alias": "t", "Startup Cost": 3.69, "Total Cost": 7.7, "Plan Rows": 1, "Plan Width": 21, "Recheck Cond": "(id = mc.movie_id)", "Filter": "(production_year > 2005)", "Plans": [{"Node Type": "Bitmap Index Scan", "Parent Relationship": "Outer", "Index Name": "title_pkey", "Startup Cost": 0.0, "Total Cost": 3.69, "Plan Rows": 1, "Plan Width": 0, "Index Cond": "(id = mc.movie_id)"}]}]}, {"Node Type": "Bitmap Heap Scan", "Parent Relationship": "Inner", "Relation Name": "movie_info", "Alias": "mi", "Startup Cost": 0.51, "Total Cost": 4.62, "Plan Rows": 1, "Plan Width": 8, "Recheck Cond": "(movie_id = t.id)", "Filter": "((info)::text = ANY ('{Sweden,Norway,Germany,Denmark,Swedish,Denish,Norwegian,German}'::text[]))", "Plans": [{"Node Type": "Bitmap Index Scan", "Parent Relationship": "Outer", "Index Name": "movie_id_movie_info", "Startup Cost": 0.0, "Total Cost": 0.51, "Plan Rows": 5, "Plan Width": 0, "Index Cond": "(movie_id = t.id)"}]}]}, {"Node Type": "Materialize", "Parent Relationship": "Inner", "Startup Cost": 8.84, "Total Cost": 14.52, "Plan Rows": 112, "Plan Width": 4, "Plans": [{"Node Type": "Bitmap Heap Scan", "Parent Relationship": "Outer", "Relation Name": "info_type", "Alias": "it", "Startup Cost": 8.84, "Total Cost": 13.96, "Plan Rows": 112, "Plan Width": 4, "Plans": [{"Node Type": "Bitmap Index Scan", "Parent Relationship": "Outer", "Index Name": "info_type_pkey", "Startup Cost": 0.0, "Total Cost": 8.81, "Plan Rows": 112, "Plan Width": 0}]}]}]}]}, "Unique SQL Id": 2510907716, "Planner Runtime": 3}, "explain_analyze_plan": null}, "(16, '116')": {"explain_plan": {"Plan": {"Node Type": "Aggregate", "Strategy": "Plain", "Startup Cost": 32973.97, "Total Cost": 32973.98, "Plan Rows": 1, "Plan Width": 49, "Plans": [{"Node Type": "Nested Loop", "Parent Relationship": "Outer", "Join Type": "Inner", "Startup Cost": 0.0, "Total Cost": 32969.17, "Plan Rows": 1919, "Plan Width": 17, "Inner Unique": true, "Plans": [{"Node Type": "Nested Loop", "Parent Relationship": "Outer", "Join Type": "Inner", "Startup Cost": 0.0, "Total Cost": 32431.69, "Plan Rows": 1919, "Plan Width": 21, "Inner Unique": false, "Plans": [{"Node Type": "Nested Loop", "Parent Relationship": "Outer", "Join Type": "Inner", "Startup Cost": 0.0, "Total Cost": 30152.4, "Plan Rows": 1869, "Plan Width": 25, "Inner Unique": true, "Plans": [{"Node Type": "Nested Loop", "Parent Relationship": "Outer", "Join Type": "Inner", "Startup Cost": 0.0, "Total Cost": 18534.98, "Plan Rows": 1540, "Plan Width": 4, "Inner Unique": false, "Join Filter": "(ct.id = mc.company_type_id)", "Plans": [{"Node Type": "Seq Scan", "Parent Relationship": "Outer", "Relation Name": "company_type", "Alias": "ct", "Startup Cost": 0.0, "Total Cost": 1.04, "Plan Rows": 1, "Plan Width": 4, "Filter": "((kind)::text = 'production companies'::text)"}, {"Node Type": "Materialize", "Parent Relationship": "Inner", "Startup Cost": 0.0, "Total Cost": 18503.13, "Plan Rows": 3081, "Plan Width": 8, "Plans": [{"Node Type": "Streaming(type: LOCAL GATHER dop: 1/16)", "Parent Relationship": "Outer", "Startup Cost": 0.0, "Total Cost": 18495.43, "Plan Rows": 3081, "Plan Width": 8, "Plans": [{"Node Type": "Seq Scan", "Parent Relationship": "Outer", "Relation Name": "movie_companies", "Alias": "mc", "Startup Cost": 0.0, "Total Cost": 18428.93, "Plan Rows": 3081, "Plan Width": 8, "Filter": "(((note)::text ~~ '%(theatrical)%'::text) AND ((note)::text ~~ '%(France)%'::text))"}]}]}]}, {"Node Type": "Index Scan", "Parent Relationship": "Inner", "Scan Direction": "Forward", "Index Name": "title_pkey", "Relation Name": "title", "Alias": "t", "Startup Cost": 0.0, "Total Cost": 7.53, "Plan Rows": 1, "Plan Width": 21, "Index Cond": "(id = mc.movie_id)", "Filter": "(production_year > 2005)"}]}, {"Node Type": "Index Scan", "Parent Relationship": "Inner", "Scan Direction": "Forward", "Index Name": "movie_id_movie_info", "Relation Name": "movie_info", "Alias": "mi", "Startup Cost": 0.0, "Total Cost": 1.21, "Plan Rows": 1, "Plan Width": 8, "Index Cond": "(movie_id = t.id)", "Filter": "((info)::text = ANY ('{Sweden,Norway,Germany,Denmark,Swedish,Denish,Norwegian,German}'::text[]))"}]}, {"Node Type": "Index Scan", "Parent Relationship": "Inner", "Scan Direction": "Forward", "Index Name": "info_type_pkey", "Relation Name": "info_type", "Alias": "it", "Startup Cost": 0.0, "Total Cost": 0.27, "Plan Rows": 1, "Plan Width": 4, "Index Cond": "(id = mi.info_type_id)"}]}]}, "Unique SQL Id": 2510907716, "Planner Runtime": 3}, "explain_analyze_plan": {"Plan": {"Node Type": "Aggregate", "Strategy": "Plain", "Startup Cost": 32973.97, "Total Cost": 32973.98, "Plan Rows": 1, "Plan Width": 49, "Actual Min Startup Time": 97.143, "Actual Max Startup Time": 97.143, "Actual Min Total Time": 97.143, "Actual Max Total Time": 97.143, "Plans": [{"Node Type": "Nested Loop", "Parent Relationship": "Outer", "Join Type": "Inner", "Startup Cost": 0.0, "Total Cost": 32969.17, "Plan Rows": 1919, "Plan Width": 17, "Actual Min Startup Time": 97.134, "Actual Max Startup Time": 97.134, "Actual Min Total Time": 97.134, "Actual Max Total Time": 97.134, "Inner Unique": true, "Plans": [{"Node Type": "Nested Loop", "Parent Relationship": "Outer", "Join Type": "Inner", "Startup Cost": 0.0, "Total Cost": 32431.69, "Plan Rows": 1919, "Plan Width": 21, "Actual Min Startup Time": 97.132, "Actual Max Startup Time": 97.132, "Actual Min Total Time": 97.132, "Actual Max Total Time": 97.132, "Inner Unique": false, "Plans": [{"Node Type": "Nested Loop", "Parent Relationship": "Outer", "Join Type": "Inner", "Startup Cost": 0.0, "Total Cost": 30152.4, "Plan Rows": 1869, "Plan Width": 25, "Actual Min Startup Time": 97.131, "Actual Max Startup Time": 97.131, "Actual Min Total Time": 97.131, "Actual Max Total Time": 97.131, "Inner Unique": true, "Plans": [{"Node Type": "Nested Loop", "Parent Relationship": "Outer", "Join Type": "Inner", "Startup Cost": 0.0, "Total Cost": 18534.98, "Plan Rows": 1540, "Plan Width": 4, "Actual Min Startup Time": 97.13, "Actual Max Startup Time": 97.13, "Actual Min Total Time": 97.13, "Actual Max Total Time": 97.13, "Inner Unique": false, "Join Filter": "(ct.id = mc.company_type_id)", "Rows Removed by Join Filter": 24025, "Plans": [{"Node Type": "Seq Scan", "Parent Relationship": "Outer", "Relation Name": "company_type", "Alias": "ct", "Startup Cost": 0.0, "Total Cost": 1.04, "Plan Rows": 1, "Plan Width": 4, "Actual Min Startup Time": 0.044, "Actual Max Startup Time": 0.044, "Actual Min Total Time": 0.049, "Actual Max Total Time": 0.049, "Filter": "((kind)::text = 'production companies'::text)", "Rows Removed by Filter": 2, "Actual Rows": 1}, {"Node Type": "Materialize", "Parent Relationship": "Inner", "Startup Cost": 0.0, "Total Cost": 18503.13, "Plan Rows": 3081, "Plan Width": 8, "Actual Min Startup Time": 88.751, "Actual Max Startup Time": 88.751, "Actual Min Total Time": 91.863, "Actual Max Total Time": 91.863, "Plans": [{"Node Type": "Streaming(type: LOCAL GATHER dop: 1/16)", "Parent Relationship": "Outer", "Startup Cost": 0.0, "Total Cost": 18495.43, "Plan Rows": 3081, "Plan Width": 8, "Actual Min Startup Time": 28.768, "Actual Max Startup Time": 28.768, "Actual Min Total Time": 84.921, "Actual Max Total Time": 84.921, "Plans": [{"Node Type": "Seq Scan", "Parent Relationship": "Outer", "Relation Name": "movie_companies", "Alias": "mc", "Startup Cost": 0.0, "Total Cost": 18428.93, "Plan Rows": 3081, "Plan Width": 8, "Actual Min Startup Time": 0.897, "Actual Max Startup Time": 12.887, "Actual Min Total Time": 60.124, "Actual Max Total Time": 66.576, "Filter": "(((note)::text ~~ '%(theatrical)%'::text) AND ((note)::text ~~ '%(France)%'::text))", "Rows Removed by Filter": 2585103, "Actual Rows": 24025}], "Actual Rows": 24025}], "Actual Rows": 24026}], "Actual Rows": 0}, {"Node Type": "Index Scan", "Parent Relationship": "Inner", "Scan Direction": "Forward", "Index Name": "title_pkey", "Relation Name": "title", "Alias": "t", "Startup Cost": 0.0, "Total Cost": 7.53, "Plan Rows": 1, "Plan Width": 21, "Actual Startup Time": 0.0, "Actual Total Time": 0.0, "Index Cond": "(id = mc.movie_id)", "Rows Removed by Index Recheck": 0, "Filter": "(production_year > 2005)", "Rows Removed by Filter": 0}], "Actual Rows": 0}, {"Node Type": "Index Scan", "Parent Relationship": "Inner", "Scan Direction": "Forward", "Index Name": "movie_id_movie_info", "Relation Name": "movie_info", "Alias": "mi", "Startup Cost": 0.0, "Total Cost": 1.21, "Plan Rows": 1, "Plan Width": 8, "Actual Startup Time": 0.0, "Actual Total Time": 0.0, "Index Cond": "(movie_id = t.id)", "Rows Removed by Index Recheck": 0, "Filter": "((info)::text = ANY ('{Sweden,Norway,Germany,Denmark,Swedish,Denish,Norwegian,German}'::text[]))", "Rows Removed by Filter": 0}], "Actual Rows": 0}, {"Node Type": "Index Scan", "Parent Relationship": "Inner", "Scan Direction": "Forward", "Index Name": "info_type_pkey", "Relation Name": "info_type", "Alias": "it", "Startup Cost": 0.0, "Total Cost": 0.27, "Plan Rows": 1, "Plan Width": 4, "Actual Startup Time": 0.0, "Actual Total Time": 0.0, "Index Cond": "(id = mi.info_type_id)", "Rows Removed by Index Recheck": 0}], "Actual Rows": 0}], "Actual Rows": 1}, "Triggers": [], "Planner Runtime": 3.858, "Total Runtime": 99.75, "Unique SQL Id": 2510907716}}, "(16, '117')": {"explain_plan": {"Plan": {"Node Type": "Aggregate", "Strategy": "Plain", "Startup Cost": 99093.25, "Total Cost": 99093.26, "Plan Rows": 1, "Plan Width": 49, "Plans": [{"Node Type": "Nested Loop", "Parent Relationship": "Outer", "Join Type": "Inner", "Startup Cost": 0.0, "Total Cost": 99088.45, "Plan Rows": 1919, "Plan Width": 17, "Inner Unique": true, "Plans": [{"Node Type": "Nested Loop", "Parent Relationship": "Outer", "Join Type": "Inner", "Startup Cost": 0.0, "Total Cost": 98550.97, "Plan Rows": 1919, "Plan Width": 21, "Inner Unique": false, "Plans": [{"Node Type": "Nested Loop", "Parent Relationship": "Outer", "Join Type": "Inner", "Startup Cost": 0.0, "Total Cost": 96271.68, "Plan Rows": 1869, "Plan Width": 25, "Inner Unique": true, "Plans": [{"Node Type": "Nested Loop", "Parent Relationship": "Outer", "Join Type": "Inner", "Startup Cost": 0.0, "Total Cost": 84654.26, "Plan Rows": 1540, "Plan Width": 4, "Inner Unique": false, "Join Filter": "(ct.id = mc.company_type_id)", "Plans": [{"Node Type": "Index Scan", "Parent Relationship": "Outer", "Scan Direction": "Forward", "Index Name": "company_type_pkey", "Relation Name": "company_type", "Alias": "ct", "Startup Cost": 0.0, "Total Cost": 12.3, "Plan Rows": 1, "Plan Width": 4, "Filter": "((kind)::text = 'production companies'::text)"}, {"Node Type": "Materialize", "Parent Relationship": "Inner", "Startup Cost": 0.0, "Total Cost": 84611.14, "Plan Rows": 3081, "Plan Width": 8, "Plans": [{"Node Type": "Streaming(type: LOCAL GATHER dop: 1/16)", "Parent Relationship": "Outer", "Startup Cost": 0.0, "Total Cost": 84603.44, "Plan Rows": 3081, "Plan Width": 8, "Plans": [{"Node Type": "Index Scan", "Parent Relationship": "Outer", "Scan Direction": "Forward", "Index Name": "company_type_id_movie_companies", "Relation Name": "movie_companies", "Alias": "mc", "Startup Cost": 0.0, "Total Cost": 84536.95, "Plan Rows": 3081, "Plan Width": 8, "Filter": "(((note)::text ~~ '%(theatrical)%'::text) AND ((note)::text ~~ '%(France)%'::text))"}]}]}]}, {"Node Type": "Index Scan", "Parent Relationship": "Inner", "Scan Direction": "Forward", "Index Name": "title_pkey", "Relation Name": "title", "Alias": "t", "Startup Cost": 0.0, "Total Cost": 7.53, "Plan Rows": 1, "Plan Width": 21, "Index Cond": "(id = mc.movie_id)", "Filter": "(production_year > 2005)"}]}, {"Node Type": "Index Scan", "Parent Relationship": "Inner", "Scan Direction": "Forward", "Index Name": "movie_id_movie_info", "Relation Name": "movie_info", "Alias": "mi", "Startup Cost": 0.0, "Total Cost": 1.21, "Plan Rows": 1, "Plan Width": 8, "Index Cond": "(movie_id = t.id)", "Filter": "((info)::text = ANY ('{Sweden,Norway,Germany,Denmark,Swedish,Denish,Norwegian,German}'::text[]))"}]}, {"Node Type": "Index Scan", "Parent Relationship": "Inner", "Scan Direction": "Forward", "Index Name": "info_type_pkey", "Relation Name": "info_type", "Alias": "it", "Startup Cost": 0.0, "Total Cost": 0.27, "Plan Rows": 1, "Plan Width": 4, "Index Cond": "(id = mi.info_type_id)"}]}]}, "Unique SQL Id": 2510907716, "Planner Runtime": 3}, "explain_analyze_plan": {"Plan": {"Node Type": "Aggregate", "Strategy": "Plain", "Startup Cost": 99093.25, "Total Cost": 99093.26, "Plan Rows": 1, "Plan Width": 49, "Actual Min Startup Time": 179.842, "Actual Max Startup Time": 179.842, "Actual Min Total Time": 179.843, "Actual Max Total Time": 179.843, "Plans": [{"Node Type": "Nested Loop", "Parent Relationship": "Outer", "Join Type": "Inner", "Startup Cost": 0.0, "Total Cost": 99088.45, "Plan Rows": 1919, "Plan Width": 17, "Actual Min Startup Time": 179.832, "Actual Max Startup Time": 179.832, "Actual Min Total Time": 179.832, "Actual Max Total Time": 179.832, "Inner Unique": true, "Plans": [{"Node Type": "Nested Loop", "Parent Relationship": "Outer", "Join Type": "Inner", "Startup Cost": 0.0, "Total Cost": 98550.97, "Plan Rows": 1919, "Plan Width": 21, "Actual Min Startup Time": 179.83, "Actual Max Startup Time": 179.83, "Actual Min Total Time": 179.83, "Actual Max Total Time": 179.83, "Inner Unique": false, "Plans": [{"Node Type": "Nested Loop", "Parent Relationship": "Outer", "Join Type": "Inner", "Startup Cost": 0.0, "Total Cost": 96271.68, "Plan Rows": 1869, "Plan Width": 25, "Actual Min Startup Time": 179.829, "Actual Max Startup Time": 179.829, "Actual Min Total Time": 179.829, "Actual Max Total Time": 179.829, "Inner Unique": true, "Plans": [{"Node Type": "Nested Loop", "Parent Relationship": "Outer", "Join Type": "Inner", "Startup Cost": 0.0, "Total Cost": 84654.26, "Plan Rows": 1540, "Plan Width": 4, "Actual Min Startup Time": 179.828, "Actual Max Startup Time": 179.828, "Actual Min Total Time": 179.828, "Actual Max Total Time": 179.828, "Inner Unique": false, "Join Filter": "(ct.id = mc.company_type_id)", "Rows Removed by Join Filter": 24025, "Plans": [{"Node Type": "Index Scan", "Parent Relationship": "Outer", "Scan Direction": "Forward", "Index Name": "company_type_pkey", "Relation Name": "company_type", "Alias": "ct", "Startup Cost": 0.0, "Total Cost": 12.3, "Plan Rows": 1, "Plan Width": 4, "Actual Min Startup Time": 0.042, "Actual Max Startup Time": 0.042, "Actual Min Total Time": 0.051, "Actual Max Total Time": 0.051, "Filter": "((kind)::text = 'production companies'::text)", "Rows Removed by Filter": 2, "Actual Rows": 1}, {"Node Type": "Materialize", "Parent Relationship": "Inner", "Startup Cost": 0.0, "Total Cost": 84611.14, "Plan Rows": 3081, "Plan Width": 8, "Actual Min Startup Time": 171.715, "Actual Max Startup Time": 171.715, "Actual Min Total Time": 174.54, "Actual Max Total Time": 174.54, "Plans": [{"Node Type": "Streaming(type: LOCAL GATHER dop: 1/16)", "Parent Relationship": "Outer", "Startup Cost": 0.0, "Total Cost": 84603.44, "Plan Rows": 3081, "Plan Width": 8, "Actual Min Startup Time": 33.606, "Actual Max Startup Time": 33.606, "Actual Min Total Time": 167.84, "Actual Max Total Time": 167.84, "Plans": [{"Node Type": "Index Scan", "Parent Relationship": "Outer", "Scan Direction": "Forward", "Index Name": "company_type_id_movie_companies", "Relation Name": "movie_companies", "Alias": "mc", "Startup Cost": 0.0, "Total Cost": 84536.95, "Plan Rows": 3081, "Plan Width": 8, "Actual Min Startup Time": 16.414, "Actual Max Startup Time": 89.105, "Actual Min Total Time": 85.898, "Actual Max Total Time": 151.015, "Filter": "(((note)::text ~~ '%(theatrical)%'::text) AND ((note)::text ~~ '%(France)%'::text))", "Rows Removed by Filter": 2585103, "Actual Rows": 24025}], "Actual Rows": 24025}], "Actual Rows": 24026}], "Actual Rows": 0}, {"Node Type": "Index Scan", "Parent Relationship": "Inner", "Scan Direction": "Forward", "Index Name": "title_pkey", "Relation Name": "title", "Alias": "t", "Startup Cost": 0.0, "Total Cost": 7.53, "Plan Rows": 1, "Plan Width": 21, "Actual Startup Time": 0.0, "Actual Total Time": 0.0, "Index Cond": "(id = mc.movie_id)", "Rows Removed by Index Recheck": 0, "Filter": "(production_year > 2005)", "Rows Removed by Filter": 0}], "Actual Rows": 0}, {"Node Type": "Index Scan", "Parent Relationship": "Inner", "Scan Direction": "Forward", "Index Name": "movie_id_movie_info", "Relation Name": "movie_info", "Alias": "mi", "Startup Cost": 0.0, "Total Cost": 1.21, "Plan Rows": 1, "Plan Width": 8, "Actual Startup Time": 0.0, "Actual Total Time": 0.0, "Index Cond": "(movie_id = t.id)", "Rows Removed by Index Recheck": 0, "Filter": "((info)::text = ANY ('{Sweden,Norway,Germany,Denmark,Swedish,Denish,Norwegian,German}'::text[]))", "Rows Removed by Filter": 0}], "Actual Rows": 0}, {"Node Type": "Index Scan", "Parent Relationship": "Inner", "Scan Direction": "Forward", "Index Name": "info_type_pkey", "Relation Name": "info_type", "Alias": "it", "Startup Cost": 0.0, "Total Cost": 0.27, "Plan Rows": 1, "Plan Width": 4, "Actual Startup Time": 0.0, "Actual Total Time": 0.0, "Index Cond": "(id = mi.info_type_id)", "Rows Removed by Index Recheck": 0}], "Actual Rows": 0}], "Actual Rows": 1}, "Triggers": [], "Planner Runtime": 9.053, "Total Runtime": 182.351, "Unique SQL Id": 2510907716}}, "(16, '118')": {"explain_plan": {"Plan": {"Node Type": "Aggregate", "Strategy": "Plain", "Startup Cost": 42305.73, "Total Cost": 42305.74, "Plan Rows": 1, "Plan Width": 49, "Plans": [{"Node Type": "Nested Loop", "Parent Relationship": "Outer", "Join Type": "Inner", "Startup Cost": 4.2, "Total Cost": 42300.93, "Plan Rows": 1919, "Plan Width": 17, "Inner Unique": true, "Join Filter": "(mi.info_type_id = it.id)", "Plans": [{"Node Type": "Nested Loop", "Parent Relationship": "Outer", "Join Type": "Inner", "Startup Cost": 4.2, "Total Cost": 39074.61, "Plan Rows": 1919, "Plan Width": 21, "Inner Unique": false, "Plans": [{"Node Type": "Nested Loop", "Parent Relationship": "Outer", "Join Type": "Inner", "Startup Cost": 3.69, "Total Cost": 30412.7, "Plan Rows": 1869, "Plan Width": 25, "Inner Unique": true, "Plans": [{"Node Type": "Nested Loop", "Parent Relationship": "Outer", "Join Type": "Inner", "Startup Cost": 0.0, "Total Cost": 18534.98, "Plan Rows": 1540, "Plan Width": 4, "Inner Unique": false, "Join Filter": "(ct.id = mc.company_type_id)", "Plans": [{"Node Type": "Seq Scan", "Parent Relationship": "Outer", "Relation Name": "company_type", "Alias": "ct", "Startup Cost": 0.0, "Total Cost": 1.04, "Plan Rows": 1, "Plan Width": 4, "Filter": "((kind)::text = 'production companies'::text)"}, {"Node Type": "Materialize", "Parent Relationship": "Inner", "Startup Cost": 0.0, "Total Cost": 18503.13, "Plan Rows": 3081, "Plan Width": 8, "Plans": [{"Node Type": "Streaming(type: LOCAL GATHER dop: 1/16)", "Parent Relationship": "Outer", "Startup Cost": 0.0, "Total Cost": 18495.43, "Plan Rows": 3081, "Plan Width": 8, "Plans": [{"Node Type": "Seq Scan", "Parent Relationship": "Outer", "Relation Name": "movie_companies", "Alias": "mc", "Startup Cost": 0.0, "Total Cost": 18428.93, "Plan Rows": 3081, "Plan Width": 8, "Filter": "(((note)::text ~~ '%(theatrical)%'::text) AND ((note)::text ~~ '%(France)%'::text))"}]}]}]}, {"Node Type": "Bitmap Heap Scan", "Parent Relationship": "Inner", "Relation Name": "title", "Alias": "t", "Startup Cost": 3.69, "Total Cost": 7.7, "Plan Rows": 1, "Plan Width": 21, "Recheck Cond": "(id = mc.movie_id)", "Filter": "(production_year > 2005)", "Plans": [{"Node Type": "Bitmap Index Scan", "Parent Relationship": "Outer", "Index Name": "title_pkey", "Startup Cost": 0.0, "Total Cost": 3.69, "Plan Rows": 1, "Plan Width": 0, "Index Cond": "(id = mc.movie_id)"}]}]}, {"Node Type": "Bitmap Heap Scan", "Parent Relationship": "Inner", "Relation Name": "movie_info", "Alias": "mi", "Startup Cost": 0.51, "Total Cost": 4.62, "Plan Rows": 1, "Plan Width": 8, "Recheck Cond": "(movie_id = t.id)", "Filter": "((info)::text = ANY ('{Sweden,Norway,Germany,Denmark,Swedish,Denish,Norwegian,German}'::text[]))", "Plans": [{"Node Type": "Bitmap Index Scan", "Parent Relationship": "Outer", "Index Name": "movie_id_movie_info", "Startup Cost": 0.0, "Total Cost": 0.51, "Plan Rows": 5, "Plan Width": 0, "Index Cond": "(movie_id = t.id)"}]}]}, {"Node Type": "Materialize", "Parent Relationship": "Inner", "Startup Cost": 0.0, "Total Cost": 2.68, "Plan Rows": 112, "Plan Width": 4, "Plans": [{"Node Type": "Seq Scan", "Parent Relationship": "Outer", "Relation Name": "info_type", "Alias": "it", "Startup Cost": 0.0, "Total Cost": 2.12, "Plan Rows": 112, "Plan Width": 4}]}]}]}, "Unique SQL Id": 2510907716, "Planner Runtime": 4}, "explain_analyze_plan": {"Plan": {"Node Type": "Aggregate", "Strategy": "Plain", "Startup Cost": 42305.73, "Total Cost": 42305.74, "Plan Rows": 1, "Plan Width": 49, "Actual Min Startup Time": 94.348, "Actual Max Startup Time": 94.348, "Actual Min Total Time": 94.348, "Actual Max Total Time": 94.348, "Plans": [{"Node Type": "Nested Loop", "Parent Relationship": "Outer", "Join Type": "Inner", "Startup Cost": 4.2, "Total Cost": 42300.93, "Plan Rows": 1919, "Plan Width": 17, "Actual Min Startup Time": 94.337, "Actual Max Startup Time": 94.337, "Actual Min Total Time": 94.337, "Actual Max Total Time": 94.337, "Inner Unique": true, "Join Filter": "(mi.info_type_id = it.id)", "Rows Removed by Join Filter": 0, "Plans": [{"Node Type": "Nested Loop", "Parent Relationship": "Outer", "Join Type": "Inner", "Startup Cost": 4.2, "Total Cost": 39074.61, "Plan Rows": 1919, "Plan Width": 21, "Actual Min Startup Time": 94.336, "Actual Max Startup Time": 94.336, "Actual Min Total Time": 94.336, "Actual Max Total Time": 94.336, "Inner Unique": false, "Plans": [{"Node Type": "Nested Loop", "Parent Relationship": "Outer", "Join Type": "Inner", "Startup Cost": 3.69, "Total Cost": 30412.7, "Plan Rows": 1869, "Plan Width": 25, "Actual Min Startup Time": 94.334, "Actual Max Startup Time": 94.334, "Actual Min Total Time": 94.334, "Actual Max Total Time": 94.334, "Inner Unique": true, "Plans": [{"Node Type": "Nested Loop", "Parent Relationship": "Outer", "Join Type": "Inner", "Startup Cost": 0.0, "Total Cost": 18534.98, "Plan Rows": 1540, "Plan Width": 4, "Actual Min Startup Time": 94.333, "Actual Max Startup Time": 94.333, "Actual Min Total Time": 94.333, "Actual Max Total Time": 94.333, "Inner Unique": false, "Join Filter": "(ct.id = mc.company_type_id)", "Rows Removed by Join Filter": 24025, "Plans": [{"Node Type": "Seq Scan", "Parent Relationship": "Outer", "Relation Name": "company_type", "Alias": "ct", "Startup Cost": 0.0, "Total Cost": 1.04, "Plan Rows": 1, "Plan Width": 4, "Actual Min Startup Time": 0.044, "Actual Max Startup Time": 0.044, "Actual Min Total Time": 0.048, "Actual Max Total Time": 0.048, "Filter": "((kind)::text = 'production companies'::text)", "Rows Removed by Filter": 2, "Actual Rows": 1}, {"Node Type": "Materialize", "Parent Relationship": "Inner", "Startup Cost": 0.0, "Total Cost": 18503.13, "Plan Rows": 3081, "Plan Width": 8, "Actual Min Startup Time": 86.063, "Actual Max Startup Time": 86.063, "Actual Min Total Time": 88.996, "Actual Max Total Time": 88.996, "Plans": [{"Node Type": "Streaming(type: LOCAL GATHER dop: 1/16)", "Parent Relationship": "Outer", "Startup Cost": 0.0, "Total Cost": 18495.43, "Plan Rows": 3081, "Plan Width": 8, "Actual Min Startup Time": 28.344, "Actual Max Startup Time": 28.344, "Actual Min Total Time": 82.319, "Actual Max Total Time": 82.319, "Plans": [{"Node Type": "Seq Scan", "Parent Relationship": "Outer", "Relation Name": "movie_companies", "Alias": "mc", "Startup Cost": 0.0, "Total Cost": 18428.93, "Plan Rows": 3081, "Plan Width": 8, "Actual Min Startup Time": 0.916, "Actual Max Startup Time": 12.844, "Actual Min Total Time": 60.357, "Actual Max Total Time": 66.755, "Filter": "(((note)::text ~~ '%(theatrical)%'::text) AND ((note)::text ~~ '%(France)%'::text))", "Rows Removed by Filter": 2585103, "Actual Rows": 24025}], "Actual Rows": 24025}], "Actual Rows": 24026}], "Actual Rows": 0}, {"Node Type": "Bitmap Heap Scan", "Parent Relationship": "Inner", "Relation Name": "title", "Alias": "t", "Startup Cost": 3.69, "Total Cost": 7.7, "Plan Rows": 1, "Plan Width": 21, "Actual Startup Time": 0.0, "Actual Total Time": 0.0, "Recheck Cond": "(id = mc.movie_id)", "Rows Removed by Index Recheck": 0, "Filter": "(production_year > 2005)", "Rows Removed by Filter": 0, "Exact Heap Blocks": 0, "Lossy Heap Blocks": 0, "Plans": [{"Node Type": "Bitmap Index Scan", "Parent Relationship": "Outer", "Index Name": "title_pkey", "Startup Cost": 0.0, "Total Cost": 3.69, "Plan Rows": 1, "Plan Width": 0, "Actual Startup Time": 0.0, "Actual Total Time": 0.0, "Index Cond": "(id = mc.movie_id)"}]}], "Actual Rows": 0}, {"Node Type": "Bitmap Heap Scan", "Parent Relationship": "Inner", "Relation Name": "movie_info", "Alias": "mi", "Startup Cost": 0.51, "Total Cost": 4.62, "Plan Rows": 1, "Plan Width": 8, "Actual Startup Time": 0.0, "Actual Total Time": 0.0, "Recheck Cond": "(movie_id = t.id)", "Rows Removed by Index Recheck": 0, "Filter": "((info)::text = ANY ('{Sweden,Norway,Germany,Denmark,Swedish,Denish,Norwegian,German}'::text[]))", "Rows Removed by Filter": 0, "Exact Heap Blocks": 0, "Lossy Heap Blocks": 0, "Plans": [{"Node Type": "Bitmap Index Scan", "Parent Relationship": "Outer", "Index Name": "movie_id_movie_info", "Startup Cost": 0.0, "Total Cost": 0.51, "Plan Rows": 5, "Plan Width": 0, "Actual Startup Time": 0.0, "Actual Total Time": 0.0, "Index Cond": "(movie_id = t.id)"}]}], "Actual Rows": 0}, {"Node Type": "Materialize", "Parent Relationship": "Inner", "Startup Cost": 0.0, "Total Cost": 2.68, "Plan Rows": 112, "Plan Width": 4, "Actual Startup Time": 0.0, "Actual Total Time": 0.0, "Plans": [{"Node Type": "Seq Scan", "Parent Relationship": "Outer", "Relation Name": "info_type", "Alias": "it", "Startup Cost": 0.0, "Total Cost": 2.12, "Plan Rows": 112, "Plan Width": 4, "Actual Startup Time": 0.0, "Actual Total Time": 0.0}]}], "Actual Rows": 0}], "Actual Rows": 1}, "Triggers": [], "Planner Runtime": 5.132, "Total Runtime": 96.997, "Unique SQL Id": 2510907716}}, "(16, '119')": {"explain_plan": {"Plan": {"Node Type": "Aggregate", "Strategy": "Plain", "Startup Cost": 91311.03, "Total Cost": 91311.04, "Plan Rows": 1, "Plan Width": 49, "Plans": [{"Node Type": "Nested Loop", "Parent Relationship": "Outer", "Join Type": "Inner", "Startup Cost": 28966.17, "Total Cost": 91306.23, "Plan Rows": 1919, "Plan Width": 17, "Inner Unique": true, "Join Filter": "(mi.info_type_id = it.id)", "Plans": [{"Node Type": "Nested Loop", "Parent Relationship": "Outer", "Join Type": "Inner", "Startup Cost": 28957.33, "Total Cost": 88068.08, "Plan Rows": 1919, "Plan Width": 21, "Inner Unique": false, "Plans": [{"Node Type": "Nested Loop", "Parent Relationship": "Outer", "Join Type": "Inner", "Startup Cost": 28956.82, "Total Cost": 79406.16, "Plan Rows": 1869, "Plan Width": 25, "Inner Unique": true, "Plans": [{"Node Type": "Nested Loop", "Parent Relationship": "Outer", "Join Type": "Inner", "Startup Cost": 28953.13, "Total Cost": 67528.44, "Plan Rows": 1540, "Plan Width": 4, "Inner Unique": false, "Plans": [{"Node Type": "Bitmap Heap Scan", "Parent Relationship": "Outer", "Relation Name": "company_type", "Alias": "ct", "Startup Cost": 8.27, "Total Cost": 12.3, "Plan Rows": 1, "Plan Width": 4, "Filter": "((kind)::text = 'production companies'::text)", "Plans": [{"Node Type": "Bitmap Index Scan", "Parent Relationship": "Outer", "Index Name": "company_type_pkey", "Startup Cost": 0.0, "Total Cost": 8.27, "Plan Rows": 3, "Plan Width": 0}]}, {"Node Type": "Bitmap Heap Scan", "Parent Relationship": "Inner", "Relation Name": "movie_companies", "Alias": "mc", "Startup Cost": 28944.86, "Total Cost": 67500.74, "Plan Rows": 1540, "Plan Width": 8, "Recheck Cond": "(company_type_id = ct.id)", "Filter": "(((note)::text ~~ '%(theatrical)%'::text) AND ((note)::text ~~ '%(France)%'::text))", "Plans": [{"Node Type": "Bitmap Index Scan", "Parent Relationship": "Outer", "Index Name": "company_type_id_movie_companies", "Startup Cost": 0.0, "Total Cost": 28944.48, "Plan Rows": 1304564, "Plan Width": 0, "Index Cond": "(company_type_id = ct.id)"}]}]}, {"Node Type": "Bitmap Heap Scan", "Parent Relationship": "Inner", "Relation Name": "title", "Alias": "t", "Startup Cost": 3.69, "Total Cost": 7.7, "Plan Rows": 1, "Plan Width": 21, "Recheck Cond": "(id = mc.movie_id)", "Filter": "(production_year > 2005)", "Plans": [{"Node Type": "Bitmap Index Scan", "Parent Relationship": "Outer", "Index Name": "title_pkey", "Startup Cost": 0.0, "Total Cost": 3.69, "Plan Rows": 1, "Plan Width": 0, "Index Cond": "(id = mc.movie_id)"}]}]}, {"Node Type": "Bitmap Heap Scan", "Parent Relationship": "Inner", "Relation Name": "movie_info", "Alias": "mi", "Startup Cost": 0.51, "Total Cost": 4.62, "Plan Rows": 1, "Plan Width": 8, "Recheck Cond": "(movie_id = t.id)", "Filter": "((info)::text = ANY ('{Sweden,Norway,Germany,Denmark,Swedish,Denish,Norwegian,German}'::text[]))", "Plans": [{"Node Type": "Bitmap Index Scan", "Parent Relationship": "Outer", "Index Name": "movie_id_movie_info", "Startup Cost": 0.0, "Total Cost": 0.51, "Plan Rows": 5, "Plan Width": 0, "Index Cond": "(movie_id = t.id)"}]}]}, {"Node Type": "Materialize", "Parent Relationship": "Inner", "Startup Cost": 8.84, "Total Cost": 14.52, "Plan Rows": 112, "Plan Width": 4, "Plans": [{"Node Type": "Bitmap Heap Scan", "Parent Relationship": "Outer", "Relation Name": "info_type", "Alias": "it", "Startup Cost": 8.84, "Total Cost": 13.96, "Plan Rows": 112, "Plan Width": 4, "Plans": [{"Node Type": "Bitmap Index Scan", "Parent Relationship": "Outer", "Index Name": "info_type_pkey", "Startup Cost": 0.0, "Total Cost": 8.81, "Plan Rows": 112, "Plan Width": 0}]}]}]}]}, "Unique SQL Id": 2510907716, "Planner Runtime": 3}, "explain_analyze_plan": null}, "(16, '120')": {"explain_plan": {"Plan": {"Node Type": "Aggregate", "Strategy": "Plain", "Startup Cost": 32973.92, "Total Cost": 32973.93, "Plan Rows": 1, "Plan Width": 49, "Plans": [{"Node Type": "Nested Loop", "Parent Relationship": "Outer", "Join Type": "Inner", "Startup Cost": 0.0, "Total Cost": 32969.12, "Plan Rows": 1919, "Plan Width": 17, "Inner Unique": true, "Plans": [{"Node Type": "Nested Loop", "Parent Relationship": "Outer", "Join Type": "Inner", "Startup Cost": 0.0, "Total Cost": 32431.69, "Plan Rows": 1919, "Plan Width": 21, "Inner Unique": false, "Plans": [{"Node Type": "Nested Loop", "Parent Relationship": "Outer", "Join Type": "Inner", "Startup Cost": 0.0, "Total Cost": 30152.4, "Plan Rows": 1869, "Plan Width": 25, "Inner Unique": true, "Plans": [{"Node Type": "Nested Loop", "Parent Relationship": "Outer", "Join Type": "Inner", "Startup Cost": 0.0, "Total Cost": 18534.98, "Plan Rows": 1540, "Plan Width": 4, "Inner Unique": false, "Join Filter": "(ct.id = mc.company_type_id)", "Plans": [{"Node Type": "Seq Scan", "Parent Relationship": "Outer", "Relation Name": "company_type", "Alias": "ct", "Startup Cost": 0.0, "Total Cost": 1.04, "Plan Rows": 1, "Plan Width": 4, "Filter": "((kind)::text = 'production companies'::text)"}, {"Node Type": "Materialize", "Parent Relationship": "Inner", "Startup Cost": 0.0, "Total Cost": 18503.13, "Plan Rows": 3081, "Plan Width": 8, "Plans": [{"Node Type": "Streaming(type: LOCAL GATHER dop: 1/16)", "Parent Relationship": "Outer", "Startup Cost": 0.0, "Total Cost": 18495.43, "Plan Rows": 3081, "Plan Width": 8, "Plans": [{"Node Type": "Seq Scan", "Parent Relationship": "Outer", "Relation Name": "movie_companies", "Alias": "mc", "Startup Cost": 0.0, "Total Cost": 18428.93, "Plan Rows": 3081, "Plan Width": 8, "Filter": "(((note)::text ~~ '%(theatrical)%'::text) AND ((note)::text ~~ '%(France)%'::text))"}]}]}]}, {"Node Type": "Index Scan", "Parent Relationship": "Inner", "Scan Direction": "Forward", "Index Name": "title_pkey", "Relation Name": "title", "Alias": "t", "Startup Cost": 0.0, "Total Cost": 7.53, "Plan Rows": 1, "Plan Width": 21, "Index Cond": "(id = mc.movie_id)", "Filter": "(production_year > 2005)"}]}, {"Node Type": "Index Scan", "Parent Relationship": "Inner", "Scan Direction": "Forward", "Index Name": "movie_id_movie_info", "Relation Name": "movie_info", "Alias": "mi", "Startup Cost": 0.0, "Total Cost": 1.21, "Plan Rows": 1, "Plan Width": 8, "Index Cond": "(movie_id = t.id)", "Filter": "((info)::text = ANY ('{Sweden,Norway,Germany,Denmark,Swedish,Denish,Norwegian,German}'::text[]))"}]}, {"Node Type": "Index Only Scan", "Parent Relationship": "Inner", "Scan Direction": "Forward", "Index Name": "info_type_pkey", "Relation Name": "info_type", "Alias": "it", "Startup Cost": 0.0, "Total Cost": 0.27, "Plan Rows": 1, "Plan Width": 4, "Index Cond": "(id = mi.info_type_id)"}]}]}, "Unique SQL Id": 2510907716, "Planner Runtime": 3}, "explain_analyze_plan": {"Plan": {"Node Type": "Aggregate", "Strategy": "Plain", "Startup Cost": 32973.92, "Total Cost": 32973.93, "Plan Rows": 1, "Plan Width": 49, "Actual Min Startup Time": 95.929, "Actual Max Startup Time": 95.929, "Actual Min Total Time": 95.929, "Actual Max Total Time": 95.929, "Plans": [{"Node Type": "Nested Loop", "Parent Relationship": "Outer", "Join Type": "Inner", "Startup Cost": 0.0, "Total Cost": 32969.12, "Plan Rows": 1919, "Plan Width": 17, "Actual Min Startup Time": 95.92, "Actual Max Startup Time": 95.92, "Actual Min Total Time": 95.92, "Actual Max Total Time": 95.92, "Inner Unique": true, "Plans": [{"Node Type": "Nested Loop", "Parent Relationship": "Outer", "Join Type": "Inner", "Startup Cost": 0.0, "Total Cost": 32431.69, "Plan Rows": 1919, "Plan Width": 21, "Actual Min Startup Time": 95.919, "Actual Max Startup Time": 95.919, "Actual Min Total Time": 95.919, "Actual Max Total Time": 95.919, "Inner Unique": false, "Plans": [{"Node Type": "Nested Loop", "Parent Relationship": "Outer", "Join Type": "Inner", "Startup Cost": 0.0, "Total Cost": 30152.4, "Plan Rows": 1869, "Plan Width": 25, "Actual Min Startup Time": 95.917, "Actual Max Startup Time": 95.917, "Actual Min Total Time": 95.917, "Actual Max Total Time": 95.917, "Inner Unique": true, "Plans": [{"Node Type": "Nested Loop", "Parent Relationship": "Outer", "Join Type": "Inner", "Startup Cost": 0.0, "Total Cost": 18534.98, "Plan Rows": 1540, "Plan Width": 4, "Actual Min Startup Time": 95.916, "Actual Max Startup Time": 95.916, "Actual Min Total Time": 95.916, "Actual Max Total Time": 95.916, "Inner Unique": false, "Join Filter": "(ct.id = mc.company_type_id)", "Rows Removed by Join Filter": 24025, "Plans": [{"Node Type": "Seq Scan", "Parent Relationship": "Outer", "Relation Name": "company_type", "Alias": "ct", "Startup Cost": 0.0, "Total Cost": 1.04, "Plan Rows": 1, "Plan Width": 4, "Actual Min Startup Time": 0.039, "Actual Max Startup Time": 0.039, "Actual Min Total Time": 0.044, "Actual Max Total Time": 0.044, "Filter": "((kind)::text = 'production companies'::text)", "Rows Removed by Filter": 2, "Actual Rows": 1}, {"Node Type": "Materialize", "Parent Relationship": "Inner", "Startup Cost": 0.0, "Total Cost": 18503.13, "Plan Rows": 3081, "Plan Width": 8, "Actual Min Startup Time": 88.034, "Actual Max Startup Time": 88.034, "Actual Min Total Time": 90.611, "Actual Max Total Time": 90.611, "Plans": [{"Node Type": "Streaming(type: LOCAL GATHER dop: 1/16)", "Parent Relationship": "Outer", "Startup Cost": 0.0, "Total Cost": 18495.43, "Plan Rows": 3081, "Plan Width": 8, "Actual Min Startup Time": 27.492, "Actual Max Startup Time": 27.492, "Actual Min Total Time": 84.248, "Actual Max Total Time": 84.248, "Plans": [{"Node Type": "Seq Scan", "Parent Relationship": "Outer", "Relation Name": "movie_companies", "Alias": "mc", "Startup Cost": 0.0, "Total Cost": 18428.93, "Plan Rows": 3081, "Plan Width": 8, "Actual Min Startup Time": 0.913, "Actual Max Startup Time": 12.849, "Actual Min Total Time": 60.414, "Actual Max Total Time": 67.9, "Filter": "(((note)::text ~~ '%(theatrical)%'::text) AND ((note)::text ~~ '%(France)%'::text))", "Rows Removed by Filter": 2585103, "Actual Rows": 24025}], "Actual Rows": 24025}], "Actual Rows": 24026}], "Actual Rows": 0}, {"Node Type": "Index Scan", "Parent Relationship": "Inner", "Scan Direction": "Forward", "Index Name": "title_pkey", "Relation Name": "title", "Alias": "t", "Startup Cost": 0.0, "Total Cost": 7.53, "Plan Rows": 1, "Plan Width": 21, "Actual Startup Time": 0.0, "Actual Total Time": 0.0, "Index Cond": "(id = mc.movie_id)", "Rows Removed by Index Recheck": 0, "Filter": "(production_year > 2005)", "Rows Removed by Filter": 0}], "Actual Rows": 0}, {"Node Type": "Index Scan", "Parent Relationship": "Inner", "Scan Direction": "Forward", "Index Name": "movie_id_movie_info", "Relation Name": "movie_info", "Alias": "mi", "Startup Cost": 0.0, "Total Cost": 1.21, "Plan Rows": 1, "Plan Width": 8, "Actual Startup Time": 0.0, "Actual Total Time": 0.0, "Index Cond": "(movie_id = t.id)", "Rows Removed by Index Recheck": 0, "Filter": "((info)::text = ANY ('{Sweden,Norway,Germany,Denmark,Swedish,Denish,Norwegian,German}'::text[]))", "Rows Removed by Filter": 0}], "Actual Rows": 0}, {"Node Type": "Index Only Scan", "Parent Relationship": "Inner", "Scan Direction": "Forward", "Index Name": "info_type_pkey", "Relation Name": "info_type", "Alias": "it", "Startup Cost": 0.0, "Total Cost": 0.27, "Plan Rows": 1, "Plan Width": 4, "Actual Startup Time": 0.0, "Actual Total Time": 0.0, "Index Cond": "(id = mi.info_type_id)", "Rows Removed by Index Recheck": 0, "Heap Fetches": 0}], "Actual Rows": 0}], "Actual Rows": 1}, "Triggers": [], "Planner Runtime": 3.787, "Total Runtime": 98.65, "Unique SQL Id": 2510907716}}, "(16, '121')": {"explain_plan": {"Plan": {"Node Type": "Aggregate", "Strategy": "Plain", "Startup Cost": 99093.2, "Total Cost": 99093.21, "Plan Rows": 1, "Plan Width": 49, "Plans": [{"Node Type": "Nested Loop", "Parent Relationship": "Outer", "Join Type": "Inner", "Startup Cost": 0.0, "Total Cost": 99088.4, "Plan Rows": 1919, "Plan Width": 17, "Inner Unique": true, "Plans": [{"Node Type": "Nested Loop", "Parent Relationship": "Outer", "Join Type": "Inner", "Startup Cost": 0.0, "Total Cost": 98550.97, "Plan Rows": 1919, "Plan Width": 21, "Inner Unique": false, "Plans": [{"Node Type": "Nested Loop", "Parent Relationship": "Outer", "Join Type": "Inner", "Startup Cost": 0.0, "Total Cost": 96271.68, "Plan Rows": 1869, "Plan Width": 25, "Inner Unique": true, "Plans": [{"Node Type": "Nested Loop", "Parent Relationship": "Outer", "Join Type": "Inner", "Startup Cost": 0.0, "Total Cost": 84654.26, "Plan Rows": 1540, "Plan Width": 4, "Inner Unique": false, "Join Filter": "(ct.id = mc.company_type_id)", "Plans": [{"Node Type": "Index Scan", "Parent Relationship": "Outer", "Scan Direction": "Forward", "Index Name": "company_type_pkey", "Relation Name": "company_type", "Alias": "ct", "Startup Cost": 0.0, "Total Cost": 12.3, "Plan Rows": 1, "Plan Width": 4, "Filter": "((kind)::text = 'production companies'::text)"}, {"Node Type": "Materialize", "Parent Relationship": "Inner", "Startup Cost": 0.0, "Total Cost": 84611.14, "Plan Rows": 3081, "Plan Width": 8, "Plans": [{"Node Type": "Streaming(type: LOCAL GATHER dop: 1/16)", "Parent Relationship": "Outer", "Startup Cost": 0.0, "Total Cost": 84603.44, "Plan Rows": 3081, "Plan Width": 8, "Plans": [{"Node Type": "Index Scan", "Parent Relationship": "Outer", "Scan Direction": "Forward", "Index Name": "company_type_id_movie_companies", "Relation Name": "movie_companies", "Alias": "mc", "Startup Cost": 0.0, "Total Cost": 84536.95, "Plan Rows": 3081, "Plan Width": 8, "Filter": "(((note)::text ~~ '%(theatrical)%'::text) AND ((note)::text ~~ '%(France)%'::text))"}]}]}]}, {"Node Type": "Index Scan", "Parent Relationship": "Inner", "Scan Direction": "Forward", "Index Name": "title_pkey", "Relation Name": "title", "Alias": "t", "Startup Cost": 0.0, "Total Cost": 7.53, "Plan Rows": 1, "Plan Width": 21, "Index Cond": "(id = mc.movie_id)", "Filter": "(production_year > 2005)"}]}, {"Node Type": "Index Scan", "Parent Relationship": "Inner", "Scan Direction": "Forward", "Index Name": "movie_id_movie_info", "Relation Name": "movie_info", "Alias": "mi", "Startup Cost": 0.0, "Total Cost": 1.21, "Plan Rows": 1, "Plan Width": 8, "Index Cond": "(movie_id = t.id)", "Filter": "((info)::text = ANY ('{Sweden,Norway,Germany,Denmark,Swedish,Denish,Norwegian,German}'::text[]))"}]}, {"Node Type": "Index Only Scan", "Parent Relationship": "Inner", "Scan Direction": "Forward", "Index Name": "info_type_pkey", "Relation Name": "info_type", "Alias": "it", "Startup Cost": 0.0, "Total Cost": 0.27, "Plan Rows": 1, "Plan Width": 4, "Index Cond": "(id = mi.info_type_id)"}]}]}, "Unique SQL Id": 2510907716, "Planner Runtime": 3}, "explain_analyze_plan": {"Plan": {"Node Type": "Aggregate", "Strategy": "Plain", "Startup Cost": 99093.2, "Total Cost": 99093.21, "Plan Rows": 1, "Plan Width": 49, "Actual Min Startup Time": 178.703, "Actual Max Startup Time": 178.703, "Actual Min Total Time": 178.704, "Actual Max Total Time": 178.704, "Plans": [{"Node Type": "Nested Loop", "Parent Relationship": "Outer", "Join Type": "Inner", "Startup Cost": 0.0, "Total Cost": 99088.4, "Plan Rows": 1919, "Plan Width": 17, "Actual Min Startup Time": 178.694, "Actual Max Startup Time": 178.694, "Actual Min Total Time": 178.694, "Actual Max Total Time": 178.694, "Inner Unique": true, "Plans": [{"Node Type": "Nested Loop", "Parent Relationship": "Outer", "Join Type": "Inner", "Startup Cost": 0.0, "Total Cost": 98550.97, "Plan Rows": 1919, "Plan Width": 21, "Actual Min Startup Time": 178.693, "Actual Max Startup Time": 178.693, "Actual Min Total Time": 178.693, "Actual Max Total Time": 178.693, "Inner Unique": false, "Plans": [{"Node Type": "Nested Loop", "Parent Relationship": "Outer", "Join Type": "Inner", "Startup Cost": 0.0, "Total Cost": 96271.68, "Plan Rows": 1869, "Plan Width": 25, "Actual Min Startup Time": 178.691, "Actual Max Startup Time": 178.691, "Actual Min Total Time": 178.691, "Actual Max Total Time": 178.691, "Inner Unique": true, "Plans": [{"Node Type": "Nested Loop", "Parent Relationship": "Outer", "Join Type": "Inner", "Startup Cost": 0.0, "Total Cost": 84654.26, "Plan Rows": 1540, "Plan Width": 4, "Actual Min Startup Time": 178.691, "Actual Max Startup Time": 178.691, "Actual Min Total Time": 178.691, "Actual Max Total Time": 178.691, "Inner Unique": false, "Join Filter": "(ct.id = mc.company_type_id)", "Rows Removed by Join Filter": 24025, "Plans": [{"Node Type": "Index Scan", "Parent Relationship": "Outer", "Scan Direction": "Forward", "Index Name": "company_type_pkey", "Relation Name": "company_type", "Alias": "ct", "Startup Cost": 0.0, "Total Cost": 12.3, "Plan Rows": 1, "Plan Width": 4, "Actual Min Startup Time": 0.041, "Actual Max Startup Time": 0.041, "Actual Min Total Time": 0.049, "Actual Max Total Time": 0.049, "Filter": "((kind)::text = 'production companies'::text)", "Rows Removed by Filter": 2, "Actual Rows": 1}, {"Node Type": "Materialize", "Parent Relationship": "Inner", "Startup Cost": 0.0, "Total Cost": 84611.14, "Plan Rows": 3081, "Plan Width": 8, "Actual Min Startup Time": 170.586, "Actual Max Startup Time": 170.586, "Actual Min Total Time": 173.382, "Actual Max Total Time": 173.382, "Plans": [{"Node Type": "Streaming(type: LOCAL GATHER dop: 1/16)", "Parent Relationship": "Outer", "Startup Cost": 0.0, "Total Cost": 84603.44, "Plan Rows": 3081, "Plan Width": 8, "Actual Min Startup Time": 31.969, "Actual Max Startup Time": 31.969, "Actual Min Total Time": 166.687, "Actual Max Total Time": 166.687, "Plans": [{"Node Type": "Index Scan", "Parent Relationship": "Outer", "Scan Direction": "Forward", "Index Name": "company_type_id_movie_companies", "Relation Name": "movie_companies", "Alias": "mc", "Startup Cost": 0.0, "Total Cost": 84536.95, "Plan Rows": 3081, "Plan Width": 8, "Actual Min Startup Time": 13.763, "Actual Max Startup Time": 86.987, "Actual Min Total Time": 85.513, "Actual Max Total Time": 148.739, "Filter": "(((note)::text ~~ '%(theatrical)%'::text) AND ((note)::text ~~ '%(France)%'::text))", "Rows Removed by Filter": 2585103, "Actual Rows": 24025}], "Actual Rows": 24025}], "Actual Rows": 24026}], "Actual Rows": 0}, {"Node Type": "Index Scan", "Parent Relationship": "Inner", "Scan Direction": "Forward", "Index Name": "title_pkey", "Relation Name": "title", "Alias": "t", "Startup Cost": 0.0, "Total Cost": 7.53, "Plan Rows": 1, "Plan Width": 21, "Actual Startup Time": 0.0, "Actual Total Time": 0.0, "Index Cond": "(id = mc.movie_id)", "Rows Removed by Index Recheck": 0, "Filter": "(production_year > 2005)", "Rows Removed by Filter": 0}], "Actual Rows": 0}, {"Node Type": "Index Scan", "Parent Relationship": "Inner", "Scan Direction": "Forward", "Index Name": "movie_id_movie_info", "Relation Name": "movie_info", "Alias": "mi", "Startup Cost": 0.0, "Total Cost": 1.21, "Plan Rows": 1, "Plan Width": 8, "Actual Startup Time": 0.0, "Actual Total Time": 0.0, "Index Cond": "(movie_id = t.id)", "Rows Removed by Index Recheck": 0, "Filter": "((info)::text = ANY ('{Sweden,Norway,Germany,Denmark,Swedish,Denish,Norwegian,German}'::text[]))", "Rows Removed by Filter": 0}], "Actual Rows": 0}, {"Node Type": "Index Only Scan", "Parent Relationship": "Inner", "Scan Direction": "Forward", "Index Name": "info_type_pkey", "Relation Name": "info_type", "Alias": "it", "Startup Cost": 0.0, "Total Cost": 0.27, "Plan Rows": 1, "Plan Width": 4, "Actual Startup Time": 0.0, "Actual Total Time": 0.0, "Index Cond": "(id = mi.info_type_id)", "Rows Removed by Index Recheck": 0, "Heap Fetches": 0}], "Actual Rows": 0}], "Actual Rows": 1}, "Triggers": [], "Planner Runtime": 9.112, "Total Runtime": 181.21, "Unique SQL Id": 2510907716}}, "(16, '122')": {"explain_plan": {"Plan": {"Node Type": "Aggregate", "Strategy": "Plain", "Startup Cost": 254554.58, "Total Cost": 254554.6, "Plan Rows": 1, "Plan Width": 49, "Plans": [{"Node Type": "Streaming(type: LOCAL GATHER dop: 1/16)", "Parent Relationship": "Outer", "Startup Cost": 254554.58, "Total Cost": 254554.6, "Plan Rows": 1, "Plan Width": 49, "Plans": [{"Node Type": "Aggregate", "Strategy": "Plain", "Parent Relationship": "Outer", "Startup Cost": 254554.58, "Total Cost": 254554.59, "Plan Rows": 1, "Plan Width": 49, "Plans": [{"Node Type": "Nested Loop", "Parent Relationship": "Outer", "Join Type": "Inner", "Startup Cost": 0.0, "Total Cost": 254549.79, "Plan Rows": 1919, "Plan Width": 17, "Inner Unique": true, "Join Filter": "(mi.movie_id = t.id)", "Plans": [{"Node Type": "Streaming(type: LOCAL REDISTRIBUTE dop: 16/1)", "Parent Relationship": "Outer", "Startup Cost": 0.0, "Total Cost": 122515.3, "Plan Rows": 1581, "Plan Width": 8, "Plans": [{"Node Type": "Nested Loop", "Parent Relationship": "Outer", "Join Type": "Inner", "Startup Cost": 0.0, "Total Cost": 107449.56, "Plan Rows": 1581, "Plan Width": 8, "Inner Unique": true, "Join Filter": "(mi.info_type_id = it.id)", "Plans": [{"Node Type": "Streaming(type: LOCAL GATHER dop: 1/16)", "Parent Relationship": "Outer", "Startup Cost": 0.0, "Total Cost": 104791.08, "Plan Rows": 1581, "Plan Width": 12, "Plans": [{"Node Type": "Nested Loop", "Parent Relationship": "Outer", "Join Type": "Inner", "Startup Cost": 0.0, "Total Cost": 104756.96, "Plan Rows": 1581, "Plan Width": 12, "Inner Unique": false, "Join Filter": "(mc.movie_id = mi.movie_id)", "Plans": [{"Node Type": "Streaming(type: LOCAL REDISTRIBUTE dop: 16/16)", "Parent Relationship": "Outer", "Startup Cost": 0.0, "Total Cost": 58391.53, "Plan Rows": 141478, "Plan Width": 8, "Plans": [{"Node Type": "Seq Scan", "Parent Relationship": "Outer", "Relation Name": "movie_info", "Alias": "mi", "Startup Cost": 0.0, "Total Cost": 42855.46, "Plan Rows": 141478, "Plan Width": 8, "Filter": "((info)::text = ANY ('{Sweden,Norway,Germany,Denmark,Swedish,Denish,Norwegian,German}'::text[]))"}]}, {"Node Type": "Materialize", "Parent Relationship": "Inner", "Startup Cost": 0.0, "Total Cost": 33599.49, "Plan Rows": 1540, "Plan Width": 4, "Plans": [{"Node Type": "Streaming(type: LOCAL REDISTRIBUTE dop: 16/1)", "Parent Relationship": "Outer", "Startup Cost": 0.0, "Total Cost": 33599.01, "Plan Rows": 1540, "Plan Width": 4, "Plans": [{"Node Type": "Nested Loop", "Parent Relationship": "Outer", "Join Type": "Inner", "Startup Cost": 0.0, "Total Cost": 18534.98, "Plan Rows": 1540, "Plan Width": 4, "Inner Unique": false, "Join Filter": "(ct.id = mc.company_type_id)", "Plans": [{"Node Type": "Seq Scan", "Parent Relationship": "Outer", "Relation Name": "company_type", "Alias": "ct", "Startup Cost": 0.0, "Total Cost": 1.04, "Plan Rows": 1, "Plan Width": 4, "Filter": "((kind)::text = 'production companies'::text)"}, {"Node Type": "Materialize", "Parent Relationship": "Inner", "Startup Cost": 0.0, "Total Cost": 18503.13, "Plan Rows": 3081, "Plan Width": 8, "Plans": [{"Node Type": "Streaming(type: LOCAL GATHER dop: 1/16)", "Parent Relationship": "Outer", "Startup Cost": 0.0, "Total Cost": 18495.43, "Plan Rows": 3081, "Plan Width": 8, "Plans": [{"Node Type": "Seq Scan", "Parent Relationship": "Outer", "Relation Name": "movie_companies", "Alias": "mc", "Startup Cost": 0.0, "Total Cost": 18428.93, "Plan Rows": 3081, "Plan Width": 8, "Filter": "(((note)::text ~~ '%(theatrical)%'::text) AND ((note)::text ~~ '%(France)%'::text))"}]}]}]}]}]}]}]}, {"Node Type": "Materialize", "Parent Relationship": "Inner", "Startup Cost": 0.0, "Total Cost": 2.68, "Plan Rows": 112, "Plan Width": 4, "Plans": [{"Node Type": "Seq Scan", "Parent Relationship": "Outer", "Relation Name": "info_type", "Alias": "it", "Startup Cost": 0.0, "Total Cost": 2.12, "Plan Rows": 112, "Plan Width": 4}]}]}]}, {"Node Type": "Materialize", "Parent Relationship": "Inner", "Startup Cost": 0.0, "Total Cost": 38306.27, "Plan Rows": 1013492, "Plan Width": 21, "Plans": [{"Node Type": "Streaming(type: LOCAL REDISTRIBUTE dop: 16/16)", "Parent Relationship": "Outer", "Startup Cost": 0.0, "Total Cost": 37989.55, "Plan Rows": 1013492, "Plan Width": 21, "Plans": [{"Node Type": "Seq Scan", "Parent Relationship": "Outer", "Relation Name": "title", "Alias": "t", "Startup Cost": 0.0, "Total Cost": 19149.37, "Plan Rows": 1013492, "Plan Width": 21, "Filter": "(production_year > 2005), (LLVM Optimized)"}]}]}]}]}]}]}, "Unique SQL Id": 2510907716, "Planner Runtime": 4}, "explain_analyze_plan": null}, "(16, '123')": {"explain_plan": {"Plan": {"Node Type": "Aggregate", "Strategy": "Plain", "Startup Cost": 5000171402236.96, "Total Cost": 5000171402236.97, "Plan Rows": 1, "Plan Width": 49, "Plans": [{"Node Type": "Nested Loop", "Parent Relationship": "Outer", "Join Type": "Inner", "Startup Cost": 50000000000.0, "Total Cost": 5000171402232.16, "Plan Rows": 1919, "Plan Width": 17, "Inner Unique": true, "Join Filter": "(mi.info_type_id = it.id)", "Plans": [{"Node Type": "Nested Loop", "Parent Relationship": "Outer", "Join Type": "Inner", "Startup Cost": 40000000000.0, "Total Cost": 4000171398014.96, "Plan Rows": 1919, "Plan Width": 21, "Inner Unique": true, "Join Filter": "(mi.movie_id = t.id)", "Plans": [{"Node Type": "Nested Loop", "Parent Relationship": "Outer", "Join Type": "Inner", "Startup Cost": 30000000000.0, "Total Cost": 3000135716391.79, "Plan Rows": 1581, "Plan Width": 12, "Inner Unique": true, "Join Filter": "(mc.company_type_id = ct.id)", "Plans": [{"Node Type": "Nested Loop", "Parent Relationship": "Outer", "Join Type": "Inner", "Startup Cost": 20000000000.0, "Total Cost": 2000135715114.09, "Plan Rows": 3163, "Plan Width": 16, "Inner Unique": false, "Join Filter": "(mc.movie_id = mi.movie_id)", "Plans": [{"Node Type": "Index Scan", "Parent Relationship": "Outer", "Scan Direction": "Forward", "Index Name": "info_type_id_movie_info", "Relation Name": "movie_info", "Alias": "mi", "Startup Cost": 10000000000.0, "Total Cost": 1000118553919.62, "Plan Rows": 141478, "Plan Width": 8, "Filter": "((info)::text = ANY ('{Sweden,Norway,Germany,Denmark,Swedish,Denish,Norwegian,German}'::text[]))"}, {"Node Type": "Materialize", "Parent Relationship": "Inner", "Startup Cost": 10000000000.0, "Total Cost": 1000010622796.41, "Plan Rows": 3081, "Plan Width": 8, "Plans": [{"Node Type": "Index Scan", "Parent Relationship": "Outer", "Scan Direction": "Forward", "Index Name": "company_type_id_movie_companies", "Relation Name": "movie_companies", "Alias": "mc", "Startup Cost": 10000000000.0, "Total Cost": 1000010622781.0, "Plan Rows": 3081, "Plan Width": 8, "Filter": "(((note)::text ~~ '%(theatrical)%'::text) AND ((note)::text ~~ '%(France)%'::text))"}]}]}, {"Node Type": "Materialize", "Parent Relationship": "Inner", "Startup Cost": 10000000000.0, "Total Cost": 1000000001230.26, "Plan Rows": 1, "Plan Width": 4, "Plans": [{"Node Type": "Index Scan", "Parent Relationship": "Outer", "Scan Direction": "Forward", "Index Name": "company_type_pkey", "Relation Name": "company_type", "Alias": "ct", "Startup Cost": 10000000000.0, "Total Cost": 1000000001230.25, "Plan Rows": 1, "Plan Width": 4, "Filter": "((kind)::text = 'production companies'::text)"}]}]}, {"Node Type": "Materialize", "Parent Relationship": "Inner", "Startup Cost": 10000000000.0, "Total Cost": 1000011649194.12, "Plan Rows": 1013492, "Plan Width": 21, "Plans": [{"Node Type": "Index Scan", "Parent Relationship": "Outer", "Scan Direction": "Forward", "Index Name": "title_pkey", "Relation Name": "title", "Alias": "t", "Startup Cost": 10000000000.0, "Total Cost": 1000011644126.66, "Plan Rows": 1013492, "Plan Width": 21, "Filter": "(production_year > 2005), (LLVM Optimized)"}]}]}, {"Node Type": "Materialize", "Parent Relationship": "Inner", "Startup Cost": 10000000000.0, "Total Cost": 1000000000993.56, "Plan Rows": 112, "Plan Width": 4, "Plans": [{"Node Type": "Index Only Scan", "Parent Relationship": "Outer", "Scan Direction": "Forward", "Index Name": "info_type_pkey", "Relation Name": "info_type", "Alias": "it", "Startup Cost": 10000000000.0, "Total Cost": 1000000000993.0, "Plan Rows": 112, "Plan Width": 4}]}]}]}, "Unique SQL Id": 2510907716, "Planner Runtime": 3}, "explain_analyze_plan": null}, "(16, '124')": {"explain_plan": {"Plan": {"Node Type": "Aggregate", "Strategy": "Plain", "Startup Cost": 32973.97, "Total Cost": 32973.98, "Plan Rows": 1, "Plan Width": 49, "Plans": [{"Node Type": "Nested Loop", "Parent Relationship": "Outer", "Join Type": "Inner", "Startup Cost": 0.0, "Total Cost": 32969.17, "Plan Rows": 1919, "Plan Width": 17, "Inner Unique": true, "Plans": [{"Node Type": "Nested Loop", "Parent Relationship": "Outer", "Join Type": "Inner", "Startup Cost": 0.0, "Total Cost": 32431.69, "Plan Rows": 1919, "Plan Width": 21, "Inner Unique": false, "Plans": [{"Node Type": "Nested Loop", "Parent Relationship": "Outer", "Join Type": "Inner", "Startup Cost": 0.0, "Total Cost": 30152.4, "Plan Rows": 1869, "Plan Width": 25, "Inner Unique": true, "Plans": [{"Node Type": "Nested Loop", "Parent Relationship": "Outer", "Join Type": "Inner", "Startup Cost": 0.0, "Total Cost": 18534.98, "Plan Rows": 1540, "Plan Width": 4, "Inner Unique": false, "Join Filter": "(ct.id = mc.company_type_id)", "Plans": [{"Node Type": "Seq Scan", "Parent Relationship": "Outer", "Relation Name": "company_type", "Alias": "ct", "Startup Cost": 0.0, "Total Cost": 1.04, "Plan Rows": 1, "Plan Width": 4, "Filter": "((kind)::text = 'production companies'::text)"}, {"Node Type": "Materialize", "Parent Relationship": "Inner", "Startup Cost": 0.0, "Total Cost": 18503.13, "Plan Rows": 3081, "Plan Width": 8, "Plans": [{"Node Type": "Streaming(type: LOCAL GATHER dop: 1/16)", "Parent Relationship": "Outer", "Startup Cost": 0.0, "Total Cost": 18495.43, "Plan Rows": 3081, "Plan Width": 8, "Plans": [{"Node Type": "Seq Scan", "Parent Relationship": "Outer", "Relation Name": "movie_companies", "Alias": "mc", "Startup Cost": 0.0, "Total Cost": 18428.93, "Plan Rows": 3081, "Plan Width": 8, "Filter": "(((note)::text ~~ '%(theatrical)%'::text) AND ((note)::text ~~ '%(France)%'::text))"}]}]}]}, {"Node Type": "Index Scan", "Parent Relationship": "Inner", "Scan Direction": "Forward", "Index Name": "title_pkey", "Relation Name": "title", "Alias": "t", "Startup Cost": 0.0, "Total Cost": 7.53, "Plan Rows": 1, "Plan Width": 21, "Index Cond": "(id = mc.movie_id)", "Filter": "(production_year > 2005)"}]}, {"Node Type": "Index Scan", "Parent Relationship": "Inner", "Scan Direction": "Forward", "Index Name": "movie_id_movie_info", "Relation Name": "movie_info", "Alias": "mi", "Startup Cost": 0.0, "Total Cost": 1.21, "Plan Rows": 1, "Plan Width": 8, "Index Cond": "(movie_id = t.id)", "Filter": "((info)::text = ANY ('{Sweden,Norway,Germany,Denmark,Swedish,Denish,Norwegian,German}'::text[]))"}]}, {"Node Type": "Index Scan", "Parent Relationship": "Inner", "Scan Direction": "Forward", "Index Name": "info_type_pkey", "Relation Name": "info_type", "Alias": "it", "Startup Cost": 0.0, "Total Cost": 0.27, "Plan Rows": 1, "Plan Width": 4, "Index Cond": "(id = mi.info_type_id)"}]}]}, "Unique SQL Id": 2510907716, "Planner Runtime": 3}, "explain_analyze_plan": {"Plan": {"Node Type": "Aggregate", "Strategy": "Plain", "Startup Cost": 32973.97, "Total Cost": 32973.98, "Plan Rows": 1, "Plan Width": 49, "Actual Min Startup Time": 97.143, "Actual Max Startup Time": 97.143, "Actual Min Total Time": 97.143, "Actual Max Total Time": 97.143, "Plans": [{"Node Type": "Nested Loop", "Parent Relationship": "Outer", "Join Type": "Inner", "Startup Cost": 0.0, "Total Cost": 32969.17, "Plan Rows": 1919, "Plan Width": 17, "Actual Min Startup Time": 97.134, "Actual Max Startup Time": 97.134, "Actual Min Total Time": 97.134, "Actual Max Total Time": 97.134, "Inner Unique": true, "Plans": [{"Node Type": "Nested Loop", "Parent Relationship": "Outer", "Join Type": "Inner", "Startup Cost": 0.0, "Total Cost": 32431.69, "Plan Rows": 1919, "Plan Width": 21, "Actual Min Startup Time": 97.132, "Actual Max Startup Time": 97.132, "Actual Min Total Time": 97.132, "Actual Max Total Time": 97.132, "Inner Unique": false, "Plans": [{"Node Type": "Nested Loop", "Parent Relationship": "Outer", "Join Type": "Inner", "Startup Cost": 0.0, "Total Cost": 30152.4, "Plan Rows": 1869, "Plan Width": 25, "Actual Min Startup Time": 97.131, "Actual Max Startup Time": 97.131, "Actual Min Total Time": 97.131, "Actual Max Total Time": 97.131, "Inner Unique": true, "Plans": [{"Node Type": "Nested Loop", "Parent Relationship": "Outer", "Join Type": "Inner", "Startup Cost": 0.0, "Total Cost": 18534.98, "Plan Rows": 1540, "Plan Width": 4, "Actual Min Startup Time": 97.13, "Actual Max Startup Time": 97.13, "Actual Min Total Time": 97.13, "Actual Max Total Time": 97.13, "Inner Unique": false, "Join Filter": "(ct.id = mc.company_type_id)", "Rows Removed by Join Filter": 24025, "Plans": [{"Node Type": "Seq Scan", "Parent Relationship": "Outer", "Relation Name": "company_type", "Alias": "ct", "Startup Cost": 0.0, "Total Cost": 1.04, "Plan Rows": 1, "Plan Width": 4, "Actual Min Startup Time": 0.044, "Actual Max Startup Time": 0.044, "Actual Min Total Time": 0.049, "Actual Max Total Time": 0.049, "Filter": "((kind)::text = 'production companies'::text)", "Rows Removed by Filter": 2, "Actual Rows": 1}, {"Node Type": "Materialize", "Parent Relationship": "Inner", "Startup Cost": 0.0, "Total Cost": 18503.13, "Plan Rows": 3081, "Plan Width": 8, "Actual Min Startup Time": 88.751, "Actual Max Startup Time": 88.751, "Actual Min Total Time": 91.863, "Actual Max Total Time": 91.863, "Plans": [{"Node Type": "Streaming(type: LOCAL GATHER dop: 1/16)", "Parent Relationship": "Outer", "Startup Cost": 0.0, "Total Cost": 18495.43, "Plan Rows": 3081, "Plan Width": 8, "Actual Min Startup Time": 28.768, "Actual Max Startup Time": 28.768, "Actual Min Total Time": 84.921, "Actual Max Total Time": 84.921, "Plans": [{"Node Type": "Seq Scan", "Parent Relationship": "Outer", "Relation Name": "movie_companies", "Alias": "mc", "Startup Cost": 0.0, "Total Cost": 18428.93, "Plan Rows": 3081, "Plan Width": 8, "Actual Min Startup Time": 0.897, "Actual Max Startup Time": 12.887, "Actual Min Total Time": 60.124, "Actual Max Total Time": 66.576, "Filter": "(((note)::text ~~ '%(theatrical)%'::text) AND ((note)::text ~~ '%(France)%'::text))", "Rows Removed by Filter": 2585103, "Actual Rows": 24025}], "Actual Rows": 24025}], "Actual Rows": 24026}], "Actual Rows": 0}, {"Node Type": "Index Scan", "Parent Relationship": "Inner", "Scan Direction": "Forward", "Index Name": "title_pkey", "Relation Name": "title", "Alias": "t", "Startup Cost": 0.0, "Total Cost": 7.53, "Plan Rows": 1, "Plan Width": 21, "Actual Startup Time": 0.0, "Actual Total Time": 0.0, "Index Cond": "(id = mc.movie_id)", "Rows Removed by Index Recheck": 0, "Filter": "(production_year > 2005)", "Rows Removed by Filter": 0}], "Actual Rows": 0}, {"Node Type": "Index Scan", "Parent Relationship": "Inner", "Scan Direction": "Forward", "Index Name": "movie_id_movie_info", "Relation Name": "movie_info", "Alias": "mi", "Startup Cost": 0.0, "Total Cost": 1.21, "Plan Rows": 1, "Plan Width": 8, "Actual Startup Time": 0.0, "Actual Total Time": 0.0, "Index Cond": "(movie_id = t.id)", "Rows Removed by Index Recheck": 0, "Filter": "((info)::text = ANY ('{Sweden,Norway,Germany,Denmark,Swedish,Denish,Norwegian,German}'::text[]))", "Rows Removed by Filter": 0}], "Actual Rows": 0}, {"Node Type": "Index Scan", "Parent Relationship": "Inner", "Scan Direction": "Forward", "Index Name": "info_type_pkey", "Relation Name": "info_type", "Alias": "it", "Startup Cost": 0.0, "Total Cost": 0.27, "Plan Rows": 1, "Plan Width": 4, "Actual Startup Time": 0.0, "Actual Total Time": 0.0, "Index Cond": "(id = mi.info_type_id)", "Rows Removed by Index Recheck": 0}], "Actual Rows": 0}], "Actual Rows": 1}, "Triggers": [], "Planner Runtime": 3.858, "Total Runtime": 99.75, "Unique SQL Id": 2510907716}}, "(16, '125')": {"explain_plan": {"Plan": {"Node Type": "Aggregate", "Strategy": "Plain", "Startup Cost": 99093.25, "Total Cost": 99093.26, "Plan Rows": 1, "Plan Width": 49, "Plans": [{"Node Type": "Nested Loop", "Parent Relationship": "Outer", "Join Type": "Inner", "Startup Cost": 0.0, "Total Cost": 99088.45, "Plan Rows": 1919, "Plan Width": 17, "Inner Unique": true, "Plans": [{"Node Type": "Nested Loop", "Parent Relationship": "Outer", "Join Type": "Inner", "Startup Cost": 0.0, "Total Cost": 98550.97, "Plan Rows": 1919, "Plan Width": 21, "Inner Unique": false, "Plans": [{"Node Type": "Nested Loop", "Parent Relationship": "Outer", "Join Type": "Inner", "Startup Cost": 0.0, "Total Cost": 96271.68, "Plan Rows": 1869, "Plan Width": 25, "Inner Unique": true, "Plans": [{"Node Type": "Nested Loop", "Parent Relationship": "Outer", "Join Type": "Inner", "Startup Cost": 0.0, "Total Cost": 84654.26, "Plan Rows": 1540, "Plan Width": 4, "Inner Unique": false, "Join Filter": "(ct.id = mc.company_type_id)", "Plans": [{"Node Type": "Index Scan", "Parent Relationship": "Outer", "Scan Direction": "Forward", "Index Name": "company_type_pkey", "Relation Name": "company_type", "Alias": "ct", "Startup Cost": 0.0, "Total Cost": 12.3, "Plan Rows": 1, "Plan Width": 4, "Filter": "((kind)::text = 'production companies'::text)"}, {"Node Type": "Materialize", "Parent Relationship": "Inner", "Startup Cost": 0.0, "Total Cost": 84611.14, "Plan Rows": 3081, "Plan Width": 8, "Plans": [{"Node Type": "Streaming(type: LOCAL GATHER dop: 1/16)", "Parent Relationship": "Outer", "Startup Cost": 0.0, "Total Cost": 84603.44, "Plan Rows": 3081, "Plan Width": 8, "Plans": [{"Node Type": "Index Scan", "Parent Relationship": "Outer", "Scan Direction": "Forward", "Index Name": "company_type_id_movie_companies", "Relation Name": "movie_companies", "Alias": "mc", "Startup Cost": 0.0, "Total Cost": 84536.95, "Plan Rows": 3081, "Plan Width": 8, "Filter": "(((note)::text ~~ '%(theatrical)%'::text) AND ((note)::text ~~ '%(France)%'::text))"}]}]}]}, {"Node Type": "Index Scan", "Parent Relationship": "Inner", "Scan Direction": "Forward", "Index Name": "title_pkey", "Relation Name": "title", "Alias": "t", "Startup Cost": 0.0, "Total Cost": 7.53, "Plan Rows": 1, "Plan Width": 21, "Index Cond": "(id = mc.movie_id)", "Filter": "(production_year > 2005)"}]}, {"Node Type": "Index Scan", "Parent Relationship": "Inner", "Scan Direction": "Forward", "Index Name": "movie_id_movie_info", "Relation Name": "movie_info", "Alias": "mi", "Startup Cost": 0.0, "Total Cost": 1.21, "Plan Rows": 1, "Plan Width": 8, "Index Cond": "(movie_id = t.id)", "Filter": "((info)::text = ANY ('{Sweden,Norway,Germany,Denmark,Swedish,Denish,Norwegian,German}'::text[]))"}]}, {"Node Type": "Index Scan", "Parent Relationship": "Inner", "Scan Direction": "Forward", "Index Name": "info_type_pkey", "Relation Name": "info_type", "Alias": "it", "Startup Cost": 0.0, "Total Cost": 0.27, "Plan Rows": 1, "Plan Width": 4, "Index Cond": "(id = mi.info_type_id)"}]}]}, "Unique SQL Id": 2510907716, "Planner Runtime": 3}, "explain_analyze_plan": {"Plan": {"Node Type": "Aggregate", "Strategy": "Plain", "Startup Cost": 99093.25, "Total Cost": 99093.26, "Plan Rows": 1, "Plan Width": 49, "Actual Min Startup Time": 179.842, "Actual Max Startup Time": 179.842, "Actual Min Total Time": 179.843, "Actual Max Total Time": 179.843, "Plans": [{"Node Type": "Nested Loop", "Parent Relationship": "Outer", "Join Type": "Inner", "Startup Cost": 0.0, "Total Cost": 99088.45, "Plan Rows": 1919, "Plan Width": 17, "Actual Min Startup Time": 179.832, "Actual Max Startup Time": 179.832, "Actual Min Total Time": 179.832, "Actual Max Total Time": 179.832, "Inner Unique": true, "Plans": [{"Node Type": "Nested Loop", "Parent Relationship": "Outer", "Join Type": "Inner", "Startup Cost": 0.0, "Total Cost": 98550.97, "Plan Rows": 1919, "Plan Width": 21, "Actual Min Startup Time": 179.83, "Actual Max Startup Time": 179.83, "Actual Min Total Time": 179.83, "Actual Max Total Time": 179.83, "Inner Unique": false, "Plans": [{"Node Type": "Nested Loop", "Parent Relationship": "Outer", "Join Type": "Inner", "Startup Cost": 0.0, "Total Cost": 96271.68, "Plan Rows": 1869, "Plan Width": 25, "Actual Min Startup Time": 179.829, "Actual Max Startup Time": 179.829, "Actual Min Total Time": 179.829, "Actual Max Total Time": 179.829, "Inner Unique": true, "Plans": [{"Node Type": "Nested Loop", "Parent Relationship": "Outer", "Join Type": "Inner", "Startup Cost": 0.0, "Total Cost": 84654.26, "Plan Rows": 1540, "Plan Width": 4, "Actual Min Startup Time": 179.828, "Actual Max Startup Time": 179.828, "Actual Min Total Time": 179.828, "Actual Max Total Time": 179.828, "Inner Unique": false, "Join Filter": "(ct.id = mc.company_type_id)", "Rows Removed by Join Filter": 24025, "Plans": [{"Node Type": "Index Scan", "Parent Relationship": "Outer", "Scan Direction": "Forward", "Index Name": "company_type_pkey", "Relation Name": "company_type", "Alias": "ct", "Startup Cost": 0.0, "Total Cost": 12.3, "Plan Rows": 1, "Plan Width": 4, "Actual Min Startup Time": 0.042, "Actual Max Startup Time": 0.042, "Actual Min Total Time": 0.051, "Actual Max Total Time": 0.051, "Filter": "((kind)::text = 'production companies'::text)", "Rows Removed by Filter": 2, "Actual Rows": 1}, {"Node Type": "Materialize", "Parent Relationship": "Inner", "Startup Cost": 0.0, "Total Cost": 84611.14, "Plan Rows": 3081, "Plan Width": 8, "Actual Min Startup Time": 171.715, "Actual Max Startup Time": 171.715, "Actual Min Total Time": 174.54, "Actual Max Total Time": 174.54, "Plans": [{"Node Type": "Streaming(type: LOCAL GATHER dop: 1/16)", "Parent Relationship": "Outer", "Startup Cost": 0.0, "Total Cost": 84603.44, "Plan Rows": 3081, "Plan Width": 8, "Actual Min Startup Time": 33.606, "Actual Max Startup Time": 33.606, "Actual Min Total Time": 167.84, "Actual Max Total Time": 167.84, "Plans": [{"Node Type": "Index Scan", "Parent Relationship": "Outer", "Scan Direction": "Forward", "Index Name": "company_type_id_movie_companies", "Relation Name": "movie_companies", "Alias": "mc", "Startup Cost": 0.0, "Total Cost": 84536.95, "Plan Rows": 3081, "Plan Width": 8, "Actual Min Startup Time": 16.414, "Actual Max Startup Time": 89.105, "Actual Min Total Time": 85.898, "Actual Max Total Time": 151.015, "Filter": "(((note)::text ~~ '%(theatrical)%'::text) AND ((note)::text ~~ '%(France)%'::text))", "Rows Removed by Filter": 2585103, "Actual Rows": 24025}], "Actual Rows": 24025}], "Actual Rows": 24026}], "Actual Rows": 0}, {"Node Type": "Index Scan", "Parent Relationship": "Inner", "Scan Direction": "Forward", "Index Name": "title_pkey", "Relation Name": "title", "Alias": "t", "Startup Cost": 0.0, "Total Cost": 7.53, "Plan Rows": 1, "Plan Width": 21, "Actual Startup Time": 0.0, "Actual Total Time": 0.0, "Index Cond": "(id = mc.movie_id)", "Rows Removed by Index Recheck": 0, "Filter": "(production_year > 2005)", "Rows Removed by Filter": 0}], "Actual Rows": 0}, {"Node Type": "Index Scan", "Parent Relationship": "Inner", "Scan Direction": "Forward", "Index Name": "movie_id_movie_info", "Relation Name": "movie_info", "Alias": "mi", "Startup Cost": 0.0, "Total Cost": 1.21, "Plan Rows": 1, "Plan Width": 8, "Actual Startup Time": 0.0, "Actual Total Time": 0.0, "Index Cond": "(movie_id = t.id)", "Rows Removed by Index Recheck": 0, "Filter": "((info)::text = ANY ('{Sweden,Norway,Germany,Denmark,Swedish,Denish,Norwegian,German}'::text[]))", "Rows Removed by Filter": 0}], "Actual Rows": 0}, {"Node Type": "Index Scan", "Parent Relationship": "Inner", "Scan Direction": "Forward", "Index Name": "info_type_pkey", "Relation Name": "info_type", "Alias": "it", "Startup Cost": 0.0, "Total Cost": 0.27, "Plan Rows": 1, "Plan Width": 4, "Actual Startup Time": 0.0, "Actual Total Time": 0.0, "Index Cond": "(id = mi.info_type_id)", "Rows Removed by Index Recheck": 0}], "Actual Rows": 0}], "Actual Rows": 1}, "Triggers": [], "Planner Runtime": 9.053, "Total Runtime": 182.351, "Unique SQL Id": 2510907716}}, "(16, '126')": {"explain_plan": {"Plan": {"Node Type": "Aggregate", "Strategy": "Plain", "Startup Cost": 254554.58, "Total Cost": 254554.6, "Plan Rows": 1, "Plan Width": 49, "Plans": [{"Node Type": "Streaming(type: LOCAL GATHER dop: 1/16)", "Parent Relationship": "Outer", "Startup Cost": 254554.58, "Total Cost": 254554.6, "Plan Rows": 1, "Plan Width": 49, "Plans": [{"Node Type": "Aggregate", "Strategy": "Plain", "Parent Relationship": "Outer", "Startup Cost": 254554.58, "Total Cost": 254554.59, "Plan Rows": 1, "Plan Width": 49, "Plans": [{"Node Type": "Nested Loop", "Parent Relationship": "Outer", "Join Type": "Inner", "Startup Cost": 0.0, "Total Cost": 254549.79, "Plan Rows": 1919, "Plan Width": 17, "Inner Unique": true, "Join Filter": "(mi.movie_id = t.id)", "Plans": [{"Node Type": "Streaming(type: LOCAL REDISTRIBUTE dop: 16/1)", "Parent Relationship": "Outer", "Startup Cost": 0.0, "Total Cost": 122515.3, "Plan Rows": 1581, "Plan Width": 8, "Plans": [{"Node Type": "Nested Loop", "Parent Relationship": "Outer", "Join Type": "Inner", "Startup Cost": 0.0, "Total Cost": 107449.56, "Plan Rows": 1581, "Plan Width": 8, "Inner Unique": true, "Join Filter": "(mi.info_type_id = it.id)", "Plans": [{"Node Type": "Streaming(type: LOCAL GATHER dop: 1/16)", "Parent Relationship": "Outer", "Startup Cost": 0.0, "Total Cost": 104791.08, "Plan Rows": 1581, "Plan Width": 12, "Plans": [{"Node Type": "Nested Loop", "Parent Relationship": "Outer", "Join Type": "Inner", "Startup Cost": 0.0, "Total Cost": 104756.96, "Plan Rows": 1581, "Plan Width": 12, "Inner Unique": false, "Join Filter": "(mc.movie_id = mi.movie_id)", "Plans": [{"Node Type": "Streaming(type: LOCAL REDISTRIBUTE dop: 16/16)", "Parent Relationship": "Outer", "Startup Cost": 0.0, "Total Cost": 58391.53, "Plan Rows": 141478, "Plan Width": 8, "Plans": [{"Node Type": "Seq Scan", "Parent Relationship": "Outer", "Relation Name": "movie_info", "Alias": "mi", "Startup Cost": 0.0, "Total Cost": 42855.46, "Plan Rows": 141478, "Plan Width": 8, "Filter": "((info)::text = ANY ('{Sweden,Norway,Germany,Denmark,Swedish,Denish,Norwegian,German}'::text[]))"}]}, {"Node Type": "Materialize", "Parent Relationship": "Inner", "Startup Cost": 0.0, "Total Cost": 33599.49, "Plan Rows": 1540, "Plan Width": 4, "Plans": [{"Node Type": "Streaming(type: LOCAL REDISTRIBUTE dop: 16/1)", "Parent Relationship": "Outer", "Startup Cost": 0.0, "Total Cost": 33599.01, "Plan Rows": 1540, "Plan Width": 4, "Plans": [{"Node Type": "Nested Loop", "Parent Relationship": "Outer", "Join Type": "Inner", "Startup Cost": 0.0, "Total Cost": 18534.98, "Plan Rows": 1540, "Plan Width": 4, "Inner Unique": false, "Join Filter": "(ct.id = mc.company_type_id)", "Plans": [{"Node Type": "Seq Scan", "Parent Relationship": "Outer", "Relation Name": "company_type", "Alias": "ct", "Startup Cost": 0.0, "Total Cost": 1.04, "Plan Rows": 1, "Plan Width": 4, "Filter": "((kind)::text = 'production companies'::text)"}, {"Node Type": "Materialize", "Parent Relationship": "Inner", "Startup Cost": 0.0, "Total Cost": 18503.13, "Plan Rows": 3081, "Plan Width": 8, "Plans": [{"Node Type": "Streaming(type: LOCAL GATHER dop: 1/16)", "Parent Relationship": "Outer", "Startup Cost": 0.0, "Total Cost": 18495.43, "Plan Rows": 3081, "Plan Width": 8, "Plans": [{"Node Type": "Seq Scan", "Parent Relationship": "Outer", "Relation Name": "movie_companies", "Alias": "mc", "Startup Cost": 0.0, "Total Cost": 18428.93, "Plan Rows": 3081, "Plan Width": 8, "Filter": "(((note)::text ~~ '%(theatrical)%'::text) AND ((note)::text ~~ '%(France)%'::text))"}]}]}]}]}]}]}]}, {"Node Type": "Materialize", "Parent Relationship": "Inner", "Startup Cost": 0.0, "Total Cost": 2.68, "Plan Rows": 112, "Plan Width": 4, "Plans": [{"Node Type": "Seq Scan", "Parent Relationship": "Outer", "Relation Name": "info_type", "Alias": "it", "Startup Cost": 0.0, "Total Cost": 2.12, "Plan Rows": 112, "Plan Width": 4}]}]}]}, {"Node Type": "Materialize", "Parent Relationship": "Inner", "Startup Cost": 0.0, "Total Cost": 38306.27, "Plan Rows": 1013492, "Plan Width": 21, "Plans": [{"Node Type": "Streaming(type: LOCAL REDISTRIBUTE dop: 16/16)", "Parent Relationship": "Outer", "Startup Cost": 0.0, "Total Cost": 37989.55, "Plan Rows": 1013492, "Plan Width": 21, "Plans": [{"Node Type": "Seq Scan", "Parent Relationship": "Outer", "Relation Name": "title", "Alias": "t", "Startup Cost": 0.0, "Total Cost": 19149.37, "Plan Rows": 1013492, "Plan Width": 21, "Filter": "(production_year > 2005), (LLVM Optimized)"}]}]}]}]}]}]}, "Unique SQL Id": 2510907716, "Planner Runtime": 4}, "explain_analyze_plan": null}, "(16, '127')": {"explain_plan": {"Plan": {"Node Type": "Aggregate", "Strategy": "Plain", "Startup Cost": 5000171402636.96, "Total Cost": 5000171402636.97, "Plan Rows": 1, "Plan Width": 49, "Plans": [{"Node Type": "Nested Loop", "Parent Relationship": "Outer", "Join Type": "Inner", "Startup Cost": 50000000000.0, "Total Cost": 5000171402632.16, "Plan Rows": 1919, "Plan Width": 17, "Inner Unique": true, "Join Filter": "(mi.info_type_id = it.id)", "Plans": [{"Node Type": "Nested Loop", "Parent Relationship": "Outer", "Join Type": "Inner", "Startup Cost": 40000000000.0, "Total Cost": 4000171398014.96, "Plan Rows": 1919, "Plan Width": 21, "Inner Unique": true, "Join Filter": "(mi.movie_id = t.id)", "Plans": [{"Node Type": "Nested Loop", "Parent Relationship": "Outer", "Join Type": "Inner", "Startup Cost": 30000000000.0, "Total Cost": 3000135716391.79, "Plan Rows": 1581, "Plan Width": 12, "Inner Unique": true, "Join Filter": "(mc.company_type_id = ct.id)", "Plans": [{"Node Type": "Nested Loop", "Parent Relationship": "Outer", "Join Type": "Inner", "Startup Cost": 20000000000.0, "Total Cost": 2000135715114.09, "Plan Rows": 3163, "Plan Width": 16, "Inner Unique": false, "Join Filter": "(mc.movie_id = mi.movie_id)", "Plans": [{"Node Type": "Index Scan", "Parent Relationship": "Outer", "Scan Direction": "Forward", "Index Name": "info_type_id_movie_info", "Relation Name": "movie_info", "Alias": "mi", "Startup Cost": 10000000000.0, "Total Cost": 1000118553919.62, "Plan Rows": 141478, "Plan Width": 8, "Filter": "((info)::text = ANY ('{Sweden,Norway,Germany,Denmark,Swedish,Denish,Norwegian,German}'::text[]))"}, {"Node Type": "Materialize", "Parent Relationship": "Inner", "Startup Cost": 10000000000.0, "Total Cost": 1000010622796.41, "Plan Rows": 3081, "Plan Width": 8, "Plans": [{"Node Type": "Index Scan", "Parent Relationship": "Outer", "Scan Direction": "Forward", "Index Name": "company_type_id_movie_companies", "Relation Name": "movie_companies", "Alias": "mc", "Startup Cost": 10000000000.0, "Total Cost": 1000010622781.0, "Plan Rows": 3081, "Plan Width": 8, "Filter": "(((note)::text ~~ '%(theatrical)%'::text) AND ((note)::text ~~ '%(France)%'::text))"}]}]}, {"Node Type": "Materialize", "Parent Relationship": "Inner", "Startup Cost": 10000000000.0, "Total Cost": 1000000001230.26, "Plan Rows": 1, "Plan Width": 4, "Plans": [{"Node Type": "Index Scan", "Parent Relationship": "Outer", "Scan Direction": "Forward", "Index Name": "company_type_pkey", "Relation Name": "company_type", "Alias": "ct", "Startup Cost": 10000000000.0, "Total Cost": 1000000001230.25, "Plan Rows": 1, "Plan Width": 4, "Filter": "((kind)::text = 'production companies'::text)"}]}]}, {"Node Type": "Materialize", "Parent Relationship": "Inner", "Startup Cost": 10000000000.0, "Total Cost": 1000011649194.12, "Plan Rows": 1013492, "Plan Width": 21, "Plans": [{"Node Type": "Index Scan", "Parent Relationship": "Outer", "Scan Direction": "Forward", "Index Name": "title_pkey", "Relation Name": "title", "Alias": "t", "Startup Cost": 10000000000.0, "Total Cost": 1000011644126.66, "Plan Rows": 1013492, "Plan Width": 21, "Filter": "(production_year > 2005), (LLVM Optimized)"}]}]}, {"Node Type": "Materialize", "Parent Relationship": "Inner", "Startup Cost": 10000000000.0, "Total Cost": 1000000001393.56, "Plan Rows": 112, "Plan Width": 4, "Plans": [{"Node Type": "Index Scan", "Parent Relationship": "Outer", "Scan Direction": "Forward", "Index Name": "info_type_pkey", "Relation Name": "info_type", "Alias": "it", "Startup Cost": 10000000000.0, "Total Cost": 1000000001393.0, "Plan Rows": 112, "Plan Width": 4}]}]}]}, "Unique SQL Id": 2510907716, "Planner Runtime": 3}, "explain_analyze_plan": null}, "(64, '0')": {"explain_plan": {"Plan": {"Node Type": "Aggregate", "Strategy": "Plain", "Startup Cost": 69341.41, "Total Cost": 69341.42, "Plan Rows": 1, "Plan Width": 49, "Plans": [{"Node Type": "Nested Loop", "Parent Relationship": "Outer", "Join Type": "Inner", "Startup Cost": 0.0, "Total Cost": 69336.61, "Plan Rows": 1919, "Plan Width": 17, "Inner Unique": true, "Plans": [{"Node Type": "Nested Loop", "Parent Relationship": "Outer", "Join Type": "Inner", "Startup Cost": 0.0, "Total Cost": 68799.18, "Plan Rows": 1919, "Plan Width": 21, "Inner Unique": false, "Plans": [{"Node Type": "Nested Loop", "Parent Relationship": "Outer", "Join Type": "Inner", "Startup Cost": 0.0, "Total Cost": 66519.89, "Plan Rows": 1869, "Plan Width": 25, "Inner Unique": true, "Plans": [{"Node Type": "Nested Loop", "Parent Relationship": "Outer", "Join Type": "Inner", "Startup Cost": 0.0, "Total Cost": 54902.47, "Plan Rows": 1540, "Plan Width": 4, "Inner Unique": false, "Join Filter": "(ct.id = mc.company_type_id)", "Plans": [{"Node Type": "Seq Scan", "Parent Relationship": "Outer", "Relation Name": "company_type", "Alias": "ct", "Startup Cost": 0.0, "Total Cost": 1.04, "Plan Rows": 1, "Plan Width": 4, "Filter": "((kind)::text = 'production companies'::text)"}, {"Node Type": "Seq Scan", "Parent Relationship": "Inner", "Relation Name": "movie_companies", "Alias": "mc", "Startup Cost": 0.0, "Total Cost": 54862.92, "Plan Rows": 3081, "Plan Width": 8, "Filter": "(((note)::text ~~ '%(theatrical)%'::text) AND ((note)::text ~~ '%(France)%'::text))"}]}, {"Node Type": "Index Scan", "Parent Relationship": "Inner", "Scan Direction": "Forward", "Index Name": "title_pkey", "Relation Name": "title", "Alias": "t", "Startup Cost": 0.0, "Total Cost": 7.53, "Plan Rows": 1, "Plan Width": 21, "Index Cond": "(id = mc.movie_id)", "Filter": "(production_year > 2005)"}]}, {"Node Type": "Index Scan", "Parent Relationship": "Inner", "Scan Direction": "Forward", "Index Name": "movie_id_movie_info", "Relation Name": "movie_info", "Alias": "mi", "Startup Cost": 0.0, "Total Cost": 1.21, "Plan Rows": 1, "Plan Width": 8, "Index Cond": "(movie_id = t.id)", "Filter": "((info)::text = ANY ('{Sweden,Norway,Germany,Denmark,Swedish,Denish,Norwegian,German}'::text[]))"}]}, {"Node Type": "Index Only Scan", "Parent Relationship": "Inner", "Scan Direction": "Forward", "Index Name": "info_type_pkey", "Relation Name": "info_type", "Alias": "it", "Startup Cost": 0.0, "Total Cost": 0.27, "Plan Rows": 1, "Plan Width": 4, "Index Cond": "(id = mi.info_type_id)"}]}]}, "Unique SQL Id": 2510907716, "Planner Runtime": 11}, "explain_analyze_plan": {"Plan": {"Node Type": "Aggregate", "Strategy": "Plain", "Startup Cost": 69341.41, "Total Cost": 69341.42, "Plan Rows": 1, "Plan Width": 49, "Actual Startup Time": 1038.715, "Actual Total Time": 1038.716, "Actual Rows": 1, "Actual Loops": 1, "Plans": [{"Node Type": "Nested Loop", "Parent Relationship": "Outer", "Join Type": "Inner", "Startup Cost": 0.0, "Total Cost": 69336.61, "Plan Rows": 1919, "Plan Width": 17, "Actual Startup Time": 1038.706, "Actual Total Time": 1038.706, "Actual Rows": 0, "Actual Loops": 1, "Inner Unique": true, "Plans": [{"Node Type": "Nested Loop", "Parent Relationship": "Outer", "Join Type": "Inner", "Startup Cost": 0.0, "Total Cost": 68799.18, "Plan Rows": 1919, "Plan Width": 21, "Actual Startup Time": 1038.704, "Actual Total Time": 1038.704, "Actual Rows": 0, "Actual Loops": 1, "Inner Unique": false, "Plans": [{"Node Type": "Nested Loop", "Parent Relationship": "Outer", "Join Type": "Inner", "Startup Cost": 0.0, "Total Cost": 66519.89, "Plan Rows": 1869, "Plan Width": 25, "Actual Startup Time": 1038.703, "Actual Total Time": 1038.703, "Actual Rows": 0, "Actual Loops": 1, "Inner Unique": true, "Plans": [{"Node Type": "Nested Loop", "Parent Relationship": "Outer", "Join Type": "Inner", "Startup Cost": 0.0, "Total Cost": 54902.47, "Plan Rows": 1540, "Plan Width": 4, "Actual Startup Time": 1038.702, "Actual Total Time": 1038.702, "Actual Rows": 0, "Actual Loops": 1, "Inner Unique": false, "Join Filter": "(ct.id = mc.company_type_id)", "Rows Removed by Join Filter": 24025, "Plans": [{"Node Type": "Seq Scan", "Parent Relationship": "Outer", "Relation Name": "company_type", "Alias": "ct", "Startup Cost": 0.0, "Total Cost": 1.04, "Plan Rows": 1, "Plan Width": 4, "Actual Startup Time": 0.022, "Actual Total Time": 0.025, "Actual Rows": 1, "Actual Loops": 1, "Filter": "((kind)::text = 'production companies'::text)", "Rows Removed by Filter": 2}, {"Node Type": "Seq Scan", "Parent Relationship": "Inner", "Relation Name": "movie_companies", "Alias": "mc", "Startup Cost": 0.0, "Total Cost": 54862.92, "Plan Rows": 3081, "Plan Width": 8, "Actual Startup Time": 8.799, "Actual Total Time": 1033.327, "Actual Rows": 24025, "Actual Loops": 1, "Filter": "(((note)::text ~~ '%(theatrical)%'::text) AND ((note)::text ~~ '%(France)%'::text))", "Rows Removed by Filter": 2585103}]}, {"Node Type": "Index Scan", "Parent Relationship": "Inner", "Scan Direction": "Forward", "Index Name": "title_pkey", "Relation Name": "title", "Alias": "t", "Startup Cost": 0.0, "Total Cost": 7.53, "Plan Rows": 1, "Plan Width": 21, "Actual Startup Time": 0.0, "Actual Total Time": 0.0, "Index Cond": "(id = mc.movie_id)", "Rows Removed by Index Recheck": 0, "Filter": "(production_year > 2005)", "Rows Removed by Filter": 0}]}, {"Node Type": "Index Scan", "Parent Relationship": "Inner", "Scan Direction": "Forward", "Index Name": "movie_id_movie_info", "Relation Name": "movie_info", "Alias": "mi", "Startup Cost": 0.0, "Total Cost": 1.21, "Plan Rows": 1, "Plan Width": 8, "Actual Startup Time": 0.0, "Actual Total Time": 0.0, "Index Cond": "(movie_id = t.id)", "Rows Removed by Index Recheck": 0, "Filter": "((info)::text = ANY ('{Sweden,Norway,Germany,Denmark,Swedish,Denish,Norwegian,German}'::text[]))", "Rows Removed by Filter": 0}]}, {"Node Type": "Index Only Scan", "Parent Relationship": "Inner", "Scan Direction": "Forward", "Index Name": "info_type_pkey", "Relation Name": "info_type", "Alias": "it", "Startup Cost": 0.0, "Total Cost": 0.27, "Plan Rows": 1, "Plan Width": 4, "Actual Startup Time": 0.0, "Actual Total Time": 0.0, "Index Cond": "(id = mi.info_type_id)", "Rows Removed by Index Recheck": 0, "Heap Fetches": 0}]}]}, "Triggers": [], "Planner Runtime": 11.067, "Total Runtime": 1038.954, "Unique SQL Id": 2510907716}}, "(64, '1')": {"explain_plan": {"Plan": {"Node Type": "Aggregate", "Strategy": "Plain", "Startup Cost": 74106.99, "Total Cost": 74107.0, "Plan Rows": 1, "Plan Width": 49, "Plans": [{"Node Type": "Nested Loop", "Parent Relationship": "Outer", "Join Type": "Inner", "Startup Cost": 0.0, "Total Cost": 74102.19, "Plan Rows": 1919, "Plan Width": 17, "Inner Unique": true, "Plans": [{"Node Type": "Nested Loop", "Parent Relationship": "Outer", "Join Type": "Inner", "Startup Cost": 0.0, "Total Cost": 73564.77, "Plan Rows": 1919, "Plan Width": 21, "Inner Unique": false, "Plans": [{"Node Type": "Nested Loop", "Parent Relationship": "Outer", "Join Type": "Inner", "Startup Cost": 0.0, "Total Cost": 71285.47, "Plan Rows": 1869, "Plan Width": 25, "Inner Unique": true, "Plans": [{"Node Type": "Nested Loop", "Parent Relationship": "Outer", "Join Type": "Inner", "Startup Cost": 0.0, "Total Cost": 59668.05, "Plan Rows": 1540, "Plan Width": 4, "Inner Unique": false, "Plans": [{"Node Type": "Index Scan", "Parent Relationship": "Outer", "Scan Direction": "Forward", "Index Name": "company_type_pkey", "Relation Name": "company_type", "Alias": "ct", "Startup Cost": 0.0, "Total Cost": 12.3, "Plan Rows": 1, "Plan Width": 4, "Filter": "((kind)::text = 'production companies'::text)"}, {"Node Type": "Index Scan", "Parent Relationship": "Inner", "Scan Direction": "Forward", "Index Name": "company_type_id_movie_companies", "Relation Name": "movie_companies", "Alias": "mc", "Startup Cost": 0.0, "Total Cost": 59640.35, "Plan Rows": 1540, "Plan Width": 8, "Index Cond": "(company_type_id = ct.id)", "Filter": "(((note)::text ~~ '%(theatrical)%'::text) AND ((note)::text ~~ '%(France)%'::text))"}]}, {"Node Type": "Index Scan", "Parent Relationship": "Inner", "Scan Direction": "Forward", "Index Name": "title_pkey", "Relation Name": "title", "Alias": "t", "Startup Cost": 0.0, "Total Cost": 7.53, "Plan Rows": 1, "Plan Width": 21, "Index Cond": "(id = mc.movie_id)", "Filter": "(production_year > 2005)"}]}, {"Node Type": "Index Scan", "Parent Relationship": "Inner", "Scan Direction": "Forward", "Index Name": "movie_id_movie_info", "Relation Name": "movie_info", "Alias": "mi", "Startup Cost": 0.0, "Total Cost": 1.21, "Plan Rows": 1, "Plan Width": 8, "Index Cond": "(movie_id = t.id)", "Filter": "((info)::text = ANY ('{Sweden,Norway,Germany,Denmark,Swedish,Denish,Norwegian,German}'::text[]))"}]}, {"Node Type": "Index Only Scan", "Parent Relationship": "Inner", "Scan Direction": "Forward", "Index Name": "info_type_pkey", "Relation Name": "info_type", "Alias": "it", "Startup Cost": 0.0, "Total Cost": 0.27, "Plan Rows": 1, "Plan Width": 4, "Index Cond": "(id = mi.info_type_id)"}]}]}, "Unique SQL Id": 2510907716, "Planner Runtime": 8}, "explain_analyze_plan": {"Plan": {"Node Type": "Aggregate", "Strategy": "Plain", "Startup Cost": 74106.99, "Total Cost": 74107.0, "Plan Rows": 1, "Plan Width": 49, "Actual Startup Time": 629.666, "Actual Total Time": 629.667, "Actual Rows": 1, "Actual Loops": 1, "Plans": [{"Node Type": "Nested Loop", "Parent Relationship": "Outer", "Join Type": "Inner", "Startup Cost": 0.0, "Total Cost": 74102.19, "Plan Rows": 1919, "Plan Width": 17, "Actual Startup Time": 629.656, "Actual Total Time": 629.656, "Actual Rows": 0, "Actual Loops": 1, "Inner Unique": true, "Plans": [{"Node Type": "Nested Loop", "Parent Relationship": "Outer", "Join Type": "Inner", "Startup Cost": 0.0, "Total Cost": 73564.77, "Plan Rows": 1919, "Plan Width": 21, "Actual Startup Time": 629.655, "Actual Total Time": 629.655, "Actual Rows": 0, "Actual Loops": 1, "Inner Unique": false, "Plans": [{"Node Type": "Nested Loop", "Parent Relationship": "Outer", "Join Type": "Inner", "Startup Cost": 0.0, "Total Cost": 71285.47, "Plan Rows": 1869, "Plan Width": 25, "Actual Startup Time": 629.655, "Actual Total Time": 629.655, "Actual Rows": 0, "Actual Loops": 1, "Inner Unique": true, "Plans": [{"Node Type": "Nested Loop", "Parent Relationship": "Outer", "Join Type": "Inner", "Startup Cost": 0.0, "Total Cost": 59668.05, "Plan Rows": 1540, "Plan Width": 4, "Actual Startup Time": 629.654, "Actual Total Time": 629.654, "Actual Rows": 0, "Actual Loops": 1, "Inner Unique": false, "Plans": [{"Node Type": "Index Scan", "Parent Relationship": "Outer", "Scan Direction": "Forward", "Index Name": "company_type_pkey", "Relation Name": "company_type", "Alias": "ct", "Startup Cost": 0.0, "Total Cost": 12.3, "Plan Rows": 1, "Plan Width": 4, "Actual Startup Time": 0.022, "Actual Total Time": 0.03, "Actual Rows": 1, "Actual Loops": 1, "Filter": "((kind)::text = 'production companies'::text)", "Rows Removed by Filter": 2}, {"Node Type": "Index Scan", "Parent Relationship": "Inner", "Scan Direction": "Forward", "Index Name": "company_type_id_movie_companies", "Relation Name": "movie_companies", "Alias": "mc", "Startup Cost": 0.0, "Total Cost": 59640.35, "Plan Rows": 1540, "Plan Width": 8, "Actual Startup Time": 629.618, "Actual Total Time": 629.618, "Actual Rows": 0, "Actual Loops": 1, "Index Cond": "(company_type_id = ct.id)", "Rows Removed by Index Recheck": 0, "Filter": "(((note)::text ~~ '%(theatrical)%'::text) AND ((note)::text ~~ '%(France)%'::text))", "Rows Removed by Filter": 1334883}]}, {"Node Type": "Index Scan", "Parent Relationship": "Inner", "Scan Direction": "Forward", "Index Name": "title_pkey", "Relation Name": "title", "Alias": "t", "Startup Cost": 0.0, "Total Cost": 7.53, "Plan Rows": 1, "Plan Width": 21, "Actual Startup Time": 0.0, "Actual Total Time": 0.0, "Index Cond": "(id = mc.movie_id)", "Rows Removed by Index Recheck": 0, "Filter": "(production_year > 2005)", "Rows Removed by Filter": 0}]}, {"Node Type": "Index Scan", "Parent Relationship": "Inner", "Scan Direction": "Forward", "Index Name": "movie_id_movie_info", "Relation Name": "movie_info", "Alias": "mi", "Startup Cost": 0.0, "Total Cost": 1.21, "Plan Rows": 1, "Plan Width": 8, "Actual Startup Time": 0.0, "Actual Total Time": 0.0, "Index Cond": "(movie_id = t.id)", "Rows Removed by Index Recheck": 0, "Filter": "((info)::text = ANY ('{Sweden,Norway,Germany,Denmark,Swedish,Denish,Norwegian,German}'::text[]))", "Rows Removed by Filter": 0}]}, {"Node Type": "Index Only Scan", "Parent Relationship": "Inner", "Scan Direction": "Forward", "Index Name": "info_type_pkey", "Relation Name": "info_type", "Alias": "it", "Startup Cost": 0.0, "Total Cost": 0.27, "Plan Rows": 1, "Plan Width": 4, "Actual Startup Time": 0.0, "Actual Total Time": 0.0, "Index Cond": "(id = mi.info_type_id)", "Rows Removed by Index Recheck": 0, "Heap Fetches": 0}]}]}, "Triggers": [], "Planner Runtime": 8.174, "Total Runtime": 629.914, "Unique SQL Id": 2510907716}}, "(64, '2')": {"explain_plan": {"Plan": {"Node Type": "Aggregate", "Strategy": "Plain", "Startup Cost": 75475.76, "Total Cost": 75475.77, "Plan Rows": 1, "Plan Width": 49, "Plans": [{"Node Type": "Hash Join", "Parent Relationship": "Outer", "Join Type": "Inner", "Startup Cost": 7.72, "Total Cost": 75470.96, "Plan Rows": 1919, "Plan Width": 17, "Inner Unique": true, "Hash Cond": "(mi.info_type_id = it.id)", "Plans": [{"Node Type": "Nested Loop", "Parent Relationship": "Outer", "Join Type": "Inner", "Startup Cost": 4.2, "Total Cost": 75442.11, "Plan Rows": 1919, "Plan Width": 21, "Inner Unique": false, "Plans": [{"Node Type": "Nested Loop", "Parent Relationship": "Outer", "Join Type": "Inner", "Startup Cost": 3.69, "Total Cost": 66780.19, "Plan Rows": 1869, "Plan Width": 25, "Inner Unique": true, "Plans": [{"Node Type": "Nested Loop", "Parent Relationship": "Outer", "Join Type": "Inner", "Startup Cost": 0.0, "Total Cost": 54902.47, "Plan Rows": 1540, "Plan Width": 4, "Inner Unique": false, "Join Filter": "(ct.id = mc.company_type_id)", "Plans": [{"Node Type": "Seq Scan", "Parent Relationship": "Outer", "Relation Name": "company_type", "Alias": "ct", "Startup Cost": 0.0, "Total Cost": 1.04, "Plan Rows": 1, "Plan Width": 4, "Filter": "((kind)::text = 'production companies'::text)"}, {"Node Type": "Seq Scan", "Parent Relationship": "Inner", "Relation Name": "movie_companies", "Alias": "mc", "Startup Cost": 0.0, "Total Cost": 54862.92, "Plan Rows": 3081, "Plan Width": 8, "Filter": "(((note)::text ~~ '%(theatrical)%'::text) AND ((note)::text ~~ '%(France)%'::text))"}]}, {"Node Type": "Bitmap Heap Scan", "Parent Relationship": "Inner", "Relation Name": "title", "Alias": "t", "Startup Cost": 3.69, "Total Cost": 7.7, "Plan Rows": 1, "Plan Width": 21, "Recheck Cond": "(id = mc.movie_id)", "Filter": "(production_year > 2005)", "Plans": [{"Node Type": "Bitmap Index Scan", "Parent Relationship": "Outer", "Index Name": "title_pkey", "Startup Cost": 0.0, "Total Cost": 3.69, "Plan Rows": 1, "Plan Width": 0, "Index Cond": "(id = mc.movie_id)"}]}]}, {"Node Type": "Bitmap Heap Scan", "Parent Relationship": "Inner", "Relation Name": "movie_info", "Alias": "mi", "Startup Cost": 0.51, "Total Cost": 4.62, "Plan Rows": 1, "Plan Width": 8, "Recheck Cond": "(movie_id = t.id)", "Filter": "((info)::text = ANY ('{Sweden,Norway,Germany,Denmark,Swedish,Denish,Norwegian,German}'::text[]))", "Plans": [{"Node Type": "Bitmap Index Scan", "Parent Relationship": "Outer", "Index Name": "movie_id_movie_info", "Startup Cost": 0.0, "Total Cost": 0.51, "Plan Rows": 5, "Plan Width": 0, "Index Cond": "(movie_id = t.id)"}]}]}, {"Node Type": "Hash", "Parent Relationship": "Inner", "Startup Cost": 2.12, "Total Cost": 2.12, "Plan Rows": 112, "Plan Width": 4, "Plans": [{"Node Type": "Seq Scan", "Parent Relationship": "Outer", "Relation Name": "info_type", "Alias": "it", "Startup Cost": 0.0, "Total Cost": 2.12, "Plan Rows": 112, "Plan Width": 4}]}]}]}, "Unique SQL Id": 2510907716, "Planner Runtime": 13}, "explain_analyze_plan": {"Plan": {"Node Type": "Aggregate", "Strategy": "Plain", "Startup Cost": 75475.76, "Total Cost": 75475.77, "Plan Rows": 1, "Plan Width": 49, "Actual Startup Time": 1040.389, "Actual Total Time": 1040.39, "Actual Rows": 1, "Actual Loops": 1, "Plans": [{"Node Type": "Hash Join", "Parent Relationship": "Outer", "Join Type": "Inner", "Startup Cost": 7.72, "Total Cost": 75470.96, "Plan Rows": 1919, "Plan Width": 17, "Actual Startup Time": 1040.382, "Actual Total Time": 1040.382, "Actual Rows": 0, "Actual Loops": 1, "Inner Unique": true, "Hash Cond": "(mi.info_type_id = it.id)", "Plans": [{"Node Type": "Nested Loop", "Parent Relationship": "Outer", "Join Type": "Inner", "Startup Cost": 4.2, "Total Cost": 75442.11, "Plan Rows": 1919, "Plan Width": 21, "Actual Startup Time": 1040.239, "Actual Total Time": 1040.239, "Actual Rows": 0, "Actual Loops": 1, "Inner Unique": false, "Plans": [{"Node Type": "Nested Loop", "Parent Relationship": "Outer", "Join Type": "Inner", "Startup Cost": 3.69, "Total Cost": 66780.19, "Plan Rows": 1869, "Plan Width": 25, "Actual Startup Time": 1040.237, "Actual Total Time": 1040.237, "Actual Rows": 0, "Actual Loops": 1, "Inner Unique": true, "Plans": [{"Node Type": "Nested Loop", "Parent Relationship": "Outer", "Join Type": "Inner", "Startup Cost": 0.0, "Total Cost": 54902.47, "Plan Rows": 1540, "Plan Width": 4, "Actual Startup Time": 1040.235, "Actual Total Time": 1040.235, "Actual Rows": 0, "Actual Loops": 1, "Inner Unique": false, "Join Filter": "(ct.id = mc.company_type_id)", "Rows Removed by Join Filter": 24025, "Plans": [{"Node Type": "Seq Scan", "Parent Relationship": "Outer", "Relation Name": "company_type", "Alias": "ct", "Startup Cost": 0.0, "Total Cost": 1.04, "Plan Rows": 1, "Plan Width": 4, "Actual Startup Time": 0.015, "Actual Total Time": 0.022, "Actual Rows": 1, "Actual Loops": 1, "Filter": "((kind)::text = 'production companies'::text)", "Rows Removed by Filter": 2}, {"Node Type": "Seq Scan", "Parent Relationship": "Inner", "Relation Name": "movie_companies", "Alias": "mc", "Startup Cost": 0.0, "Total Cost": 54862.92, "Plan Rows": 3081, "Plan Width": 8, "Actual Startup Time": 8.796, "Actual Total Time": 1034.832, "Actual Rows": 24025, "Actual Loops": 1, "Filter": "(((note)::text ~~ '%(theatrical)%'::text) AND ((note)::text ~~ '%(France)%'::text))", "Rows Removed by Filter": 2585103}]}, {"Node Type": "Bitmap Heap Scan", "Parent Relationship": "Inner", "Relation Name": "title", "Alias": "t", "Startup Cost": 3.69, "Total Cost": 7.7, "Plan Rows": 1, "Plan Width": 21, "Actual Startup Time": 0.0, "Actual Total Time": 0.0, "Recheck Cond": "(id = mc.movie_id)", "Rows Removed by Index Recheck": 0, "Filter": "(production_year > 2005)", "Rows Removed by Filter": 0, "Exact Heap Blocks": 0, "Lossy Heap Blocks": 0, "Plans": [{"Node Type": "Bitmap Index Scan", "Parent Relationship": "Outer", "Index Name": "title_pkey", "Startup Cost": 0.0, "Total Cost": 3.69, "Plan Rows": 1, "Plan Width": 0, "Actual Startup Time": 0.0, "Actual Total Time": 0.0, "Index Cond": "(id = mc.movie_id)"}]}]}, {"Node Type": "Bitmap Heap Scan", "Parent Relationship": "Inner", "Relation Name": "movie_info", "Alias": "mi", "Startup Cost": 0.51, "Total Cost": 4.62, "Plan Rows": 1, "Plan Width": 8, "Actual Startup Time": 0.0, "Actual Total Time": 0.0, "Recheck Cond": "(movie_id = t.id)", "Rows Removed by Index Recheck": 0, "Filter": "((info)::text = ANY ('{Sweden,Norway,Germany,Denmark,Swedish,Denish,Norwegian,German}'::text[]))", "Rows Removed by Filter": 0, "Exact Heap Blocks": 0, "Lossy Heap Blocks": 0, "Plans": [{"Node Type": "Bitmap Index Scan", "Parent Relationship": "Outer", "Index Name": "movie_id_movie_info", "Startup Cost": 0.0, "Total Cost": 0.51, "Plan Rows": 5, "Plan Width": 0, "Actual Startup Time": 0.0, "Actual Total Time": 0.0, "Index Cond": "(movie_id = t.id)"}]}]}, {"Node Type": "Hash", "Parent Relationship": "Inner", "Startup Cost": 2.12, "Total Cost": 2.12, "Plan Rows": 112, "Plan Width": 4, "Actual Startup Time": 0.094, "Actual Total Time": 0.094, "Actual Rows": 112, "Actual Loops": 1, "Hash Buckets": 32768, "Hash Batches": 1, "Original Hash Batches": 1, "Peak Memory Usage": 4, "Plans": [{"Node Type": "Seq Scan", "Parent Relationship": "Outer", "Relation Name": "info_type", "Alias": "it", "Startup Cost": 0.0, "Total Cost": 2.12, "Plan Rows": 112, "Plan Width": 4, "Actual Startup Time": 0.029, "Actual Total Time": 0.052, "Actual Rows": 112, "Actual Loops": 1}]}]}]}, "Triggers": [], "Planner Runtime": 12.721, "Total Runtime": 1040.877, "Unique SQL Id": 2510907716}}, "(64, '3')": {"explain_plan": {"Plan": {"Node Type": "Aggregate", "Strategy": "Plain", "Startup Cost": 88113.56, "Total Cost": 88113.57, "Plan Rows": 1, "Plan Width": 49, "Plans": [{"Node Type": "Hash Join", "Parent Relationship": "Outer", "Join Type": "Inner", "Startup Cost": 28972.69, "Total Cost": 88108.77, "Plan Rows": 1919, "Plan Width": 17, "Inner Unique": true, "Hash Cond": "(mi.info_type_id = it.id)", "Plans": [{"Node Type": "Nested Loop", "Parent Relationship": "Outer", "Join Type": "Inner", "Startup Cost": 28957.33, "Total Cost": 88068.08, "Plan Rows": 1919, "Plan Width": 21, "Inner Unique": false, "Plans": [{"Node Type": "Nested Loop", "Parent Relationship": "Outer", "Join Type": "Inner", "Startup Cost": 28956.82, "Total Cost": 79406.16, "Plan Rows": 1869, "Plan Width": 25, "Inner Unique": true, "Plans": [{"Node Type": "Nested Loop", "Parent Relationship": "Outer", "Join Type": "Inner", "Startup Cost": 28953.13, "Total Cost": 67528.44, "Plan Rows": 1540, "Plan Width": 4, "Inner Unique": false, "Plans": [{"Node Type": "Bitmap Heap Scan", "Parent Relationship": "Outer", "Relation Name": "company_type", "Alias": "ct", "Startup Cost": 8.27, "Total Cost": 12.3, "Plan Rows": 1, "Plan Width": 4, "Filter": "((kind)::text = 'production companies'::text)", "Plans": [{"Node Type": "Bitmap Index Scan", "Parent Relationship": "Outer", "Index Name": "company_type_pkey", "Startup Cost": 0.0, "Total Cost": 8.27, "Plan Rows": 3, "Plan Width": 0}]}, {"Node Type": "Bitmap Heap Scan", "Parent Relationship": "Inner", "Relation Name": "movie_companies", "Alias": "mc", "Startup Cost": 28944.86, "Total Cost": 67500.74, "Plan Rows": 1540, "Plan Width": 8, "Recheck Cond": "(company_type_id = ct.id)", "Filter": "(((note)::text ~~ '%(theatrical)%'::text) AND ((note)::text ~~ '%(France)%'::text))", "Plans": [{"Node Type": "Bitmap Index Scan", "Parent Relationship": "Outer", "Index Name": "company_type_id_movie_companies", "Startup Cost": 0.0, "Total Cost": 28944.48, "Plan Rows": 1304564, "Plan Width": 0, "Index Cond": "(company_type_id = ct.id)"}]}]}, {"Node Type": "Bitmap Heap Scan", "Parent Relationship": "Inner", "Relation Name": "title", "Alias": "t", "Startup Cost": 3.69, "Total Cost": 7.7, "Plan Rows": 1, "Plan Width": 21, "Recheck Cond": "(id = mc.movie_id)", "Filter": "(production_year > 2005)", "Plans": [{"Node Type": "Bitmap Index Scan", "Parent Relationship": "Outer", "Index Name": "title_pkey", "Startup Cost": 0.0, "Total Cost": 3.69, "Plan Rows": 1, "Plan Width": 0, "Index Cond": "(id = mc.movie_id)"}]}]}, {"Node Type": "Bitmap Heap Scan", "Parent Relationship": "Inner", "Relation Name": "movie_info", "Alias": "mi", "Startup Cost": 0.51, "Total Cost": 4.62, "Plan Rows": 1, "Plan Width": 8, "Recheck Cond": "(movie_id = t.id)", "Filter": "((info)::text = ANY ('{Sweden,Norway,Germany,Denmark,Swedish,Denish,Norwegian,German}'::text[]))", "Plans": [{"Node Type": "Bitmap Index Scan", "Parent Relationship": "Outer", "Index Name": "movie_id_movie_info", "Startup Cost": 0.0, "Total Cost": 0.51, "Plan Rows": 5, "Plan Width": 0, "Index Cond": "(movie_id = t.id)"}]}]}, {"Node Type": "Hash", "Parent Relationship": "Inner", "Startup Cost": 13.96, "Total Cost": 13.96, "Plan Rows": 112, "Plan Width": 4, "Plans": [{"Node Type": "Bitmap Heap Scan", "Parent Relationship": "Outer", "Relation Name": "info_type", "Alias": "it", "Startup Cost": 8.84, "Total Cost": 13.96, "Plan Rows": 112, "Plan Width": 4, "Plans": [{"Node Type": "Bitmap Index Scan", "Parent Relationship": "Outer", "Index Name": "info_type_pkey", "Startup Cost": 0.0, "Total Cost": 8.81, "Plan Rows": 112, "Plan Width": 0}]}]}]}]}, "Unique SQL Id": 2510907716, "Planner Runtime": 8}, "explain_analyze_plan": {"Plan": {"Node Type": "Aggregate", "Strategy": "Plain", "Startup Cost": 88113.56, "Total Cost": 88113.57, "Plan Rows": 1, "Plan Width": 49, "Actual Startup Time": 645.057, "Actual Total Time": 645.058, "Actual Rows": 1, "Actual Loops": 1, "Plans": [{"Node Type": "Hash Join", "Parent Relationship": "Outer", "Join Type": "Inner", "Startup Cost": 28972.69, "Total Cost": 88108.77, "Plan Rows": 1919, "Plan Width": 17, "Actual Startup Time": 645.05, "Actual Total Time": 645.05, "Actual Rows": 0, "Actual Loops": 1, "Inner Unique": true, "Hash Cond": "(mi.info_type_id = it.id)", "Plans": [{"Node Type": "Nested Loop", "Parent Relationship": "Outer", "Join Type": "Inner", "Startup Cost": 28957.33, "Total Cost": 88068.08, "Plan Rows": 1919, "Plan Width": 21, "Actual Startup Time": 644.895, "Actual Total Time": 644.895, "Actual Rows": 0, "Actual Loops": 1, "Inner Unique": false, "Plans": [{"Node Type": "Nested Loop", "Parent Relationship": "Outer", "Join Type": "Inner", "Startup Cost": 28956.82, "Total Cost": 79406.16, "Plan Rows": 1869, "Plan Width": 25, "Actual Startup Time": 644.892, "Actual Total Time": 644.892, "Actual Rows": 0, "Actual Loops": 1, "Inner Unique": true, "Plans": [{"Node Type": "Nested Loop", "Parent Relationship": "Outer", "Join Type": "Inner", "Startup Cost": 28953.13, "Total Cost": 67528.44, "Plan Rows": 1540, "Plan Width": 4, "Actual Startup Time": 644.89, "Actual Total Time": 644.89, "Actual Rows": 0, "Actual Loops": 1, "Inner Unique": false, "Plans": [{"Node Type": "Bitmap Heap Scan", "Parent Relationship": "Outer", "Relation Name": "company_type", "Alias": "ct", "Startup Cost": 8.27, "Total Cost": 12.3, "Plan Rows": 1, "Plan Width": 4, "Actual Startup Time": 0.012, "Actual Total Time": 0.019, "Actual Rows": 1, "Actual Loops": 1, "Filter": "((kind)::text = 'production companies'::text)", "Rows Removed by Filter": 2, "Exact Heap Blocks": 1, "Lossy Heap Blocks": 1, "Plans": [{"Node Type": "Bitmap Index Scan", "Parent Relationship": "Outer", "Index Name": "company_type_pkey", "Startup Cost": 0.0, "Total Cost": 8.27, "Plan Rows": 3, "Plan Width": 0, "Actual Startup Time": 0.002, "Actual Total Time": 0.002, "Actual Rows": 3, "Actual Loops": 1}]}, {"Node Type": "Bitmap Heap Scan", "Parent Relationship": "Inner", "Relation Name": "movie_companies", "Alias": "mc", "Startup Cost": 28944.86, "Total Cost": 67500.74, "Plan Rows": 1540, "Plan Width": 8, "Actual Startup Time": 644.864, "Actual Total Time": 644.864, "Actual Rows": 0, "Actual Loops": 1, "Recheck Cond": "(company_type_id = ct.id)", "Rows Removed by Index Recheck": 0, "Filter": "(((note)::text ~~ '%(theatrical)%'::text) AND ((note)::text ~~ '%(France)%'::text))", "Rows Removed by Filter": 1334883, "Exact Heap Blocks": 6196, "Lossy Heap Blocks": 6196, "Plans": [{"Node Type": "Bitmap Index Scan", "Parent Relationship": "Outer", "Index Name": "company_type_id_movie_companies", "Startup Cost": 0.0, "Total Cost": 28944.48, "Plan Rows": 1304564, "Plan Width": 0, "Actual Startup Time": 156.658, "Actual Total Time": 156.658, "Actual Rows": 1334883, "Actual Loops": 1, "Index Cond": "(company_type_id = ct.id)"}]}]}, {"Node Type": "Bitmap Heap Scan", "Parent Relationship": "Inner", "Relation Name": "title", "Alias": "t", "Startup Cost": 3.69, "Total Cost": 7.7, "Plan Rows": 1, "Plan Width": 21, "Actual Startup Time": 0.0, "Actual Total Time": 0.0, "Recheck Cond": "(id = mc.movie_id)", "Rows Removed by Index Recheck": 0, "Filter": "(production_year > 2005)", "Rows Removed by Filter": 0, "Exact Heap Blocks": 0, "Lossy Heap Blocks": 0, "Plans": [{"Node Type": "Bitmap Index Scan", "Parent Relationship": "Outer", "Index Name": "title_pkey", "Startup Cost": 0.0, "Total Cost": 3.69, "Plan Rows": 1, "Plan Width": 0, "Actual Startup Time": 0.0, "Actual Total Time": 0.0, "Index Cond": "(id = mc.movie_id)"}]}]}, {"Node Type": "Bitmap Heap Scan", "Parent Relationship": "Inner", "Relation Name": "movie_info", "Alias": "mi", "Startup Cost": 0.51, "Total Cost": 4.62, "Plan Rows": 1, "Plan Width": 8, "Actual Startup Time": 0.0, "Actual Total Time": 0.0, "Recheck Cond": "(movie_id = t.id)", "Rows Removed by Index Recheck": 0, "Filter": "((info)::text = ANY ('{Sweden,Norway,Germany,Denmark,Swedish,Denish,Norwegian,German}'::text[]))", "Rows Removed by Filter": 0, "Exact Heap Blocks": 0, "Lossy Heap Blocks": 0, "Plans": [{"Node Type": "Bitmap Index Scan", "Parent Relationship": "Outer", "Index Name": "movie_id_movie_info", "Startup Cost": 0.0, "Total Cost": 0.51, "Plan Rows": 5, "Plan Width": 0, "Actual Startup Time": 0.0, "Actual Total Time": 0.0, "Index Cond": "(movie_id = t.id)"}]}]}, {"Node Type": "Hash", "Parent Relationship": "Inner", "Startup Cost": 13.96, "Total Cost": 13.96, "Plan Rows": 112, "Plan Width": 4, "Actual Startup Time": 0.112, "Actual Total Time": 0.112, "Actual Rows": 112, "Actual Loops": 1, "Hash Buckets": 32768, "Hash Batches": 1, "Original Hash Batches": 1, "Peak Memory Usage": 4, "Plans": [{"Node Type": "Bitmap Heap Scan", "Parent Relationship": "Outer", "Relation Name": "info_type", "Alias": "it", "Startup Cost": 8.84, "Total Cost": 13.96, "Plan Rows": 112, "Plan Width": 4, "Actual Startup Time": 0.055, "Actual Total Time": 0.075, "Actual Rows": 112, "Actual Loops": 1, "Exact Heap Blocks": 1, "Lossy Heap Blocks": 1, "Plans": [{"Node Type": "Bitmap Index Scan", "Parent Relationship": "Outer", "Index Name": "info_type_pkey", "Startup Cost": 0.0, "Total Cost": 8.81, "Plan Rows": 112, "Plan Width": 0, "Actual Startup Time": 0.014, "Actual Total Time": 0.014, "Actual Rows": 112, "Actual Loops": 1}]}]}]}]}, "Triggers": [], "Planner Runtime": 8.109, "Total Runtime": 645.411, "Unique SQL Id": 2510907716}}, "(64, '4')": {"explain_plan": {"Plan": {"Node Type": "Aggregate", "Strategy": "Plain", "Startup Cost": 69341.46, "Total Cost": 69341.47, "Plan Rows": 1, "Plan Width": 49, "Plans": [{"Node Type": "Nested Loop", "Parent Relationship": "Outer", "Join Type": "Inner", "Startup Cost": 0.0, "Total Cost": 69336.67, "Plan Rows": 1919, "Plan Width": 17, "Inner Unique": true, "Plans": [{"Node Type": "Nested Loop", "Parent Relationship": "Outer", "Join Type": "Inner", "Startup Cost": 0.0, "Total Cost": 68799.18, "Plan Rows": 1919, "Plan Width": 21, "Inner Unique": false, "Plans": [{"Node Type": "Nested Loop", "Parent Relationship": "Outer", "Join Type": "Inner", "Startup Cost": 0.0, "Total Cost": 66519.89, "Plan Rows": 1869, "Plan Width": 25, "Inner Unique": true, "Plans": [{"Node Type": "Nested Loop", "Parent Relationship": "Outer", "Join Type": "Inner", "Startup Cost": 0.0, "Total Cost": 54902.47, "Plan Rows": 1540, "Plan Width": 4, "Inner Unique": false, "Join Filter": "(ct.id = mc.company_type_id)", "Plans": [{"Node Type": "Seq Scan", "Parent Relationship": "Outer", "Relation Name": "company_type", "Alias": "ct", "Startup Cost": 0.0, "Total Cost": 1.04, "Plan Rows": 1, "Plan Width": 4, "Filter": "((kind)::text = 'production companies'::text)"}, {"Node Type": "Seq Scan", "Parent Relationship": "Inner", "Relation Name": "movie_companies", "Alias": "mc", "Startup Cost": 0.0, "Total Cost": 54862.92, "Plan Rows": 3081, "Plan Width": 8, "Filter": "(((note)::text ~~ '%(theatrical)%'::text) AND ((note)::text ~~ '%(France)%'::text))"}]}, {"Node Type": "Index Scan", "Parent Relationship": "Inner", "Scan Direction": "Forward", "Index Name": "title_pkey", "Relation Name": "title", "Alias": "t", "Startup Cost": 0.0, "Total Cost": 7.53, "Plan Rows": 1, "Plan Width": 21, "Index Cond": "(id = mc.movie_id)", "Filter": "(production_year > 2005)"}]}, {"Node Type": "Index Scan", "Parent Relationship": "Inner", "Scan Direction": "Forward", "Index Name": "movie_id_movie_info", "Relation Name": "movie_info", "Alias": "mi", "Startup Cost": 0.0, "Total Cost": 1.21, "Plan Rows": 1, "Plan Width": 8, "Index Cond": "(movie_id = t.id)", "Filter": "((info)::text = ANY ('{Sweden,Norway,Germany,Denmark,Swedish,Denish,Norwegian,German}'::text[]))"}]}, {"Node Type": "Index Scan", "Parent Relationship": "Inner", "Scan Direction": "Forward", "Index Name": "info_type_pkey", "Relation Name": "info_type", "Alias": "it", "Startup Cost": 0.0, "Total Cost": 0.27, "Plan Rows": 1, "Plan Width": 4, "Index Cond": "(id = mi.info_type_id)"}]}]}, "Unique SQL Id": 2510907716, "Planner Runtime": 11}, "explain_analyze_plan": {"Plan": {"Node Type": "Aggregate", "Strategy": "Plain", "Startup Cost": 69341.46, "Total Cost": 69341.47, "Plan Rows": 1, "Plan Width": 49, "Actual Startup Time": 1049.484, "Actual Total Time": 1049.485, "Actual Rows": 1, "Actual Loops": 1, "Plans": [{"Node Type": "Nested Loop", "Parent Relationship": "Outer", "Join Type": "Inner", "Startup Cost": 0.0, "Total Cost": 69336.67, "Plan Rows": 1919, "Plan Width": 17, "Actual Startup Time": 1049.476, "Actual Total Time": 1049.476, "Actual Rows": 0, "Actual Loops": 1, "Inner Unique": true, "Plans": [{"Node Type": "Nested Loop", "Parent Relationship": "Outer", "Join Type": "Inner", "Startup Cost": 0.0, "Total Cost": 68799.18, "Plan Rows": 1919, "Plan Width": 21, "Actual Startup Time": 1049.475, "Actual Total Time": 1049.475, "Actual Rows": 0, "Actual Loops": 1, "Inner Unique": false, "Plans": [{"Node Type": "Nested Loop", "Parent Relationship": "Outer", "Join Type": "Inner", "Startup Cost": 0.0, "Total Cost": 66519.89, "Plan Rows": 1869, "Plan Width": 25, "Actual Startup Time": 1049.474, "Actual Total Time": 1049.474, "Actual Rows": 0, "Actual Loops": 1, "Inner Unique": true, "Plans": [{"Node Type": "Nested Loop", "Parent Relationship": "Outer", "Join Type": "Inner", "Startup Cost": 0.0, "Total Cost": 54902.47, "Plan Rows": 1540, "Plan Width": 4, "Actual Startup Time": 1049.473, "Actual Total Time": 1049.473, "Actual Rows": 0, "Actual Loops": 1, "Inner Unique": false, "Join Filter": "(ct.id = mc.company_type_id)", "Rows Removed by Join Filter": 24025, "Plans": [{"Node Type": "Seq Scan", "Parent Relationship": "Outer", "Relation Name": "company_type", "Alias": "ct", "Startup Cost": 0.0, "Total Cost": 1.04, "Plan Rows": 1, "Plan Width": 4, "Actual Startup Time": 0.013, "Actual Total Time": 0.019, "Actual Rows": 1, "Actual Loops": 1, "Filter": "((kind)::text = 'production companies'::text)", "Rows Removed by Filter": 2}, {"Node Type": "Seq Scan", "Parent Relationship": "Inner", "Relation Name": "movie_companies", "Alias": "mc", "Startup Cost": 0.0, "Total Cost": 54862.92, "Plan Rows": 3081, "Plan Width": 8, "Actual Startup Time": 8.922, "Actual Total Time": 1044.162, "Actual Rows": 24025, "Actual Loops": 1, "Filter": "(((note)::text ~~ '%(theatrical)%'::text) AND ((note)::text ~~ '%(France)%'::text))", "Rows Removed by Filter": 2585103}]}, {"Node Type": "Index Scan", "Parent Relationship": "Inner", "Scan Direction": "Forward", "Index Name": "title_pkey", "Relation Name": "title", "Alias": "t", "Startup Cost": 0.0, "Total Cost": 7.53, "Plan Rows": 1, "Plan Width": 21, "Actual Startup Time": 0.0, "Actual Total Time": 0.0, "Index Cond": "(id = mc.movie_id)", "Rows Removed by Index Recheck": 0, "Filter": "(production_year > 2005)", "Rows Removed by Filter": 0}]}, {"Node Type": "Index Scan", "Parent Relationship": "Inner", "Scan Direction": "Forward", "Index Name": "movie_id_movie_info", "Relation Name": "movie_info", "Alias": "mi", "Startup Cost": 0.0, "Total Cost": 1.21, "Plan Rows": 1, "Plan Width": 8, "Actual Startup Time": 0.0, "Actual Total Time": 0.0, "Index Cond": "(movie_id = t.id)", "Rows Removed by Index Recheck": 0, "Filter": "((info)::text = ANY ('{Sweden,Norway,Germany,Denmark,Swedish,Denish,Norwegian,German}'::text[]))", "Rows Removed by Filter": 0}]}, {"Node Type": "Index Scan", "Parent Relationship": "Inner", "Scan Direction": "Forward", "Index Name": "info_type_pkey", "Relation Name": "info_type", "Alias": "it", "Startup Cost": 0.0, "Total Cost": 0.27, "Plan Rows": 1, "Plan Width": 4, "Actual Startup Time": 0.0, "Actual Total Time": 0.0, "Index Cond": "(id = mi.info_type_id)", "Rows Removed by Index Recheck": 0}]}]}, "Triggers": [], "Planner Runtime": 11.028, "Total Runtime": 1049.796, "Unique SQL Id": 2510907716}}, "(64, '5')": {"explain_plan": {"Plan": {"Node Type": "Aggregate", "Strategy": "Plain", "Startup Cost": 74107.05, "Total Cost": 74107.06, "Plan Rows": 1, "Plan Width": 49, "Plans": [{"Node Type": "Nested Loop", "Parent Relationship": "Outer", "Join Type": "Inner", "Startup Cost": 0.0, "Total Cost": 74102.25, "Plan Rows": 1919, "Plan Width": 17, "Inner Unique": true, "Plans": [{"Node Type": "Nested Loop", "Parent Relationship": "Outer", "Join Type": "Inner", "Startup Cost": 0.0, "Total Cost": 73564.77, "Plan Rows": 1919, "Plan Width": 21, "Inner Unique": false, "Plans": [{"Node Type": "Nested Loop", "Parent Relationship": "Outer", "Join Type": "Inner", "Startup Cost": 0.0, "Total Cost": 71285.47, "Plan Rows": 1869, "Plan Width": 25, "Inner Unique": true, "Plans": [{"Node Type": "Nested Loop", "Parent Relationship": "Outer", "Join Type": "Inner", "Startup Cost": 0.0, "Total Cost": 59668.05, "Plan Rows": 1540, "Plan Width": 4, "Inner Unique": false, "Plans": [{"Node Type": "Index Scan", "Parent Relationship": "Outer", "Scan Direction": "Forward", "Index Name": "company_type_pkey", "Relation Name": "company_type", "Alias": "ct", "Startup Cost": 0.0, "Total Cost": 12.3, "Plan Rows": 1, "Plan Width": 4, "Filter": "((kind)::text = 'production companies'::text)"}, {"Node Type": "Index Scan", "Parent Relationship": "Inner", "Scan Direction": "Forward", "Index Name": "company_type_id_movie_companies", "Relation Name": "movie_companies", "Alias": "mc", "Startup Cost": 0.0, "Total Cost": 59640.35, "Plan Rows": 1540, "Plan Width": 8, "Index Cond": "(company_type_id = ct.id)", "Filter": "(((note)::text ~~ '%(theatrical)%'::text) AND ((note)::text ~~ '%(France)%'::text))"}]}, {"Node Type": "Index Scan", "Parent Relationship": "Inner", "Scan Direction": "Forward", "Index Name": "title_pkey", "Relation Name": "title", "Alias": "t", "Startup Cost": 0.0, "Total Cost": 7.53, "Plan Rows": 1, "Plan Width": 21, "Index Cond": "(id = mc.movie_id)", "Filter": "(production_year > 2005)"}]}, {"Node Type": "Index Scan", "Parent Relationship": "Inner", "Scan Direction": "Forward", "Index Name": "movie_id_movie_info", "Relation Name": "movie_info", "Alias": "mi", "Startup Cost": 0.0, "Total Cost": 1.21, "Plan Rows": 1, "Plan Width": 8, "Index Cond": "(movie_id = t.id)", "Filter": "((info)::text = ANY ('{Sweden,Norway,Germany,Denmark,Swedish,Denish,Norwegian,German}'::text[]))"}]}, {"Node Type": "Index Scan", "Parent Relationship": "Inner", "Scan Direction": "Forward", "Index Name": "info_type_pkey", "Relation Name": "info_type", "Alias": "it", "Startup Cost": 0.0, "Total Cost": 0.27, "Plan Rows": 1, "Plan Width": 4, "Index Cond": "(id = mi.info_type_id)"}]}]}, "Unique SQL Id": 2510907716, "Planner Runtime": 8}, "explain_analyze_plan": {"Plan": {"Node Type": "Aggregate", "Strategy": "Plain", "Startup Cost": 74107.05, "Total Cost": 74107.06, "Plan Rows": 1, "Plan Width": 49, "Actual Startup Time": 698.478, "Actual Total Time": 698.478, "Actual Rows": 1, "Actual Loops": 1, "Plans": [{"Node Type": "Nested Loop", "Parent Relationship": "Outer", "Join Type": "Inner", "Startup Cost": 0.0, "Total Cost": 74102.25, "Plan Rows": 1919, "Plan Width": 17, "Actual Startup Time": 698.471, "Actual Total Time": 698.471, "Actual Rows": 0, "Actual Loops": 1, "Inner Unique": true, "Plans": [{"Node Type": "Nested Loop", "Parent Relationship": "Outer", "Join Type": "Inner", "Startup Cost": 0.0, "Total Cost": 73564.77, "Plan Rows": 1919, "Plan Width": 21, "Actual Startup Time": 698.468, "Actual Total Time": 698.468, "Actual Rows": 0, "Actual Loops": 1, "Inner Unique": false, "Plans": [{"Node Type": "Nested Loop", "Parent Relationship": "Outer", "Join Type": "Inner", "Startup Cost": 0.0, "Total Cost": 71285.47, "Plan Rows": 1869, "Plan Width": 25, "Actual Startup Time": 698.467, "Actual Total Time": 698.467, "Actual Rows": 0, "Actual Loops": 1, "Inner Unique": true, "Plans": [{"Node Type": "Nested Loop", "Parent Relationship": "Outer", "Join Type": "Inner", "Startup Cost": 0.0, "Total Cost": 59668.05, "Plan Rows": 1540, "Plan Width": 4, "Actual Startup Time": 698.466, "Actual Total Time": 698.466, "Actual Rows": 0, "Actual Loops": 1, "Inner Unique": false, "Plans": [{"Node Type": "Index Scan", "Parent Relationship": "Outer", "Scan Direction": "Forward", "Index Name": "company_type_pkey", "Relation Name": "company_type", "Alias": "ct", "Startup Cost": 0.0, "Total Cost": 12.3, "Plan Rows": 1, "Plan Width": 4, "Actual Startup Time": 0.014, "Actual Total Time": 0.022, "Actual Rows": 1, "Actual Loops": 1, "Filter": "((kind)::text = 'production companies'::text)", "Rows Removed by Filter": 2}, {"Node Type": "Index Scan", "Parent Relationship": "Inner", "Scan Direction": "Forward", "Index Name": "company_type_id_movie_companies", "Relation Name": "movie_companies", "Alias": "mc", "Startup Cost": 0.0, "Total Cost": 59640.35, "Plan Rows": 1540, "Plan Width": 8, "Actual Startup Time": 698.437, "Actual Total Time": 698.437, "Actual Rows": 0, "Actual Loops": 1, "Index Cond": "(company_type_id = ct.id)", "Rows Removed by Index Recheck": 0, "Filter": "(((note)::text ~~ '%(theatrical)%'::text) AND ((note)::text ~~ '%(France)%'::text))", "Rows Removed by Filter": 1334883}]}, {"Node Type": "Index Scan", "Parent Relationship": "Inner", "Scan Direction": "Forward", "Index Name": "title_pkey", "Relation Name": "title", "Alias": "t", "Startup Cost": 0.0, "Total Cost": 7.53, "Plan Rows": 1, "Plan Width": 21, "Actual Startup Time": 0.0, "Actual Total Time": 0.0, "Index Cond": "(id = mc.movie_id)", "Rows Removed by Index Recheck": 0, "Filter": "(production_year > 2005)", "Rows Removed by Filter": 0}]}, {"Node Type": "Index Scan", "Parent Relationship": "Inner", "Scan Direction": "Forward", "Index Name": "movie_id_movie_info", "Relation Name": "movie_info", "Alias": "mi", "Startup Cost": 0.0, "Total Cost": 1.21, "Plan Rows": 1, "Plan Width": 8, "Actual Startup Time": 0.0, "Actual Total Time": 0.0, "Index Cond": "(movie_id = t.id)", "Rows Removed by Index Recheck": 0, "Filter": "((info)::text = ANY ('{Sweden,Norway,Germany,Denmark,Swedish,Denish,Norwegian,German}'::text[]))", "Rows Removed by Filter": 0}]}, {"Node Type": "Index Scan", "Parent Relationship": "Inner", "Scan Direction": "Forward", "Index Name": "info_type_pkey", "Relation Name": "info_type", "Alias": "it", "Startup Cost": 0.0, "Total Cost": 0.27, "Plan Rows": 1, "Plan Width": 4, "Actual Startup Time": 0.0, "Actual Total Time": 0.0, "Index Cond": "(id = mi.info_type_id)", "Rows Removed by Index Recheck": 0}]}]}, "Triggers": [], "Planner Runtime": 8.158, "Total Runtime": 698.747, "Unique SQL Id": 2510907716}}, "(64, '6')": {"explain_plan": {"Plan": {"Node Type": "Aggregate", "Strategy": "Plain", "Startup Cost": 75475.76, "Total Cost": 75475.77, "Plan Rows": 1, "Plan Width": 49, "Plans": [{"Node Type": "Hash Join", "Parent Relationship": "Outer", "Join Type": "Inner", "Startup Cost": 7.72, "Total Cost": 75470.96, "Plan Rows": 1919, "Plan Width": 17, "Inner Unique": true, "Hash Cond": "(mi.info_type_id = it.id)", "Plans": [{"Node Type": "Nested Loop", "Parent Relationship": "Outer", "Join Type": "Inner", "Startup Cost": 4.2, "Total Cost": 75442.11, "Plan Rows": 1919, "Plan Width": 21, "Inner Unique": false, "Plans": [{"Node Type": "Nested Loop", "Parent Relationship": "Outer", "Join Type": "Inner", "Startup Cost": 3.69, "Total Cost": 66780.19, "Plan Rows": 1869, "Plan Width": 25, "Inner Unique": true, "Plans": [{"Node Type": "Nested Loop", "Parent Relationship": "Outer", "Join Type": "Inner", "Startup Cost": 0.0, "Total Cost": 54902.47, "Plan Rows": 1540, "Plan Width": 4, "Inner Unique": false, "Join Filter": "(ct.id = mc.company_type_id)", "Plans": [{"Node Type": "Seq Scan", "Parent Relationship": "Outer", "Relation Name": "company_type", "Alias": "ct", "Startup Cost": 0.0, "Total Cost": 1.04, "Plan Rows": 1, "Plan Width": 4, "Filter": "((kind)::text = 'production companies'::text)"}, {"Node Type": "Seq Scan", "Parent Relationship": "Inner", "Relation Name": "movie_companies", "Alias": "mc", "Startup Cost": 0.0, "Total Cost": 54862.92, "Plan Rows": 3081, "Plan Width": 8, "Filter": "(((note)::text ~~ '%(theatrical)%'::text) AND ((note)::text ~~ '%(France)%'::text))"}]}, {"Node Type": "Bitmap Heap Scan", "Parent Relationship": "Inner", "Relation Name": "title", "Alias": "t", "Startup Cost": 3.69, "Total Cost": 7.7, "Plan Rows": 1, "Plan Width": 21, "Recheck Cond": "(id = mc.movie_id)", "Filter": "(production_year > 2005)", "Plans": [{"Node Type": "Bitmap Index Scan", "Parent Relationship": "Outer", "Index Name": "title_pkey", "Startup Cost": 0.0, "Total Cost": 3.69, "Plan Rows": 1, "Plan Width": 0, "Index Cond": "(id = mc.movie_id)"}]}]}, {"Node Type": "Bitmap Heap Scan", "Parent Relationship": "Inner", "Relation Name": "movie_info", "Alias": "mi", "Startup Cost": 0.51, "Total Cost": 4.62, "Plan Rows": 1, "Plan Width": 8, "Recheck Cond": "(movie_id = t.id)", "Filter": "((info)::text = ANY ('{Sweden,Norway,Germany,Denmark,Swedish,Denish,Norwegian,German}'::text[]))", "Plans": [{"Node Type": "Bitmap Index Scan", "Parent Relationship": "Outer", "Index Name": "movie_id_movie_info", "Startup Cost": 0.0, "Total Cost": 0.51, "Plan Rows": 5, "Plan Width": 0, "Index Cond": "(movie_id = t.id)"}]}]}, {"Node Type": "Hash", "Parent Relationship": "Inner", "Startup Cost": 2.12, "Total Cost": 2.12, "Plan Rows": 112, "Plan Width": 4, "Plans": [{"Node Type": "Seq Scan", "Parent Relationship": "Outer", "Relation Name": "info_type", "Alias": "it", "Startup Cost": 0.0, "Total Cost": 2.12, "Plan Rows": 112, "Plan Width": 4}]}]}]}, "Unique SQL Id": 2510907716, "Planner Runtime": 12}, "explain_analyze_plan": {"Plan": {"Node Type": "Aggregate", "Strategy": "Plain", "Startup Cost": 75475.76, "Total Cost": 75475.77, "Plan Rows": 1, "Plan Width": 49, "Actual Startup Time": 1040.389, "Actual Total Time": 1040.39, "Actual Rows": 1, "Actual Loops": 1, "Plans": [{"Node Type": "Hash Join", "Parent Relationship": "Outer", "Join Type": "Inner", "Startup Cost": 7.72, "Total Cost": 75470.96, "Plan Rows": 1919, "Plan Width": 17, "Actual Startup Time": 1040.382, "Actual Total Time": 1040.382, "Actual Rows": 0, "Actual Loops": 1, "Inner Unique": true, "Hash Cond": "(mi.info_type_id = it.id)", "Plans": [{"Node Type": "Nested Loop", "Parent Relationship": "Outer", "Join Type": "Inner", "Startup Cost": 4.2, "Total Cost": 75442.11, "Plan Rows": 1919, "Plan Width": 21, "Actual Startup Time": 1040.239, "Actual Total Time": 1040.239, "Actual Rows": 0, "Actual Loops": 1, "Inner Unique": false, "Plans": [{"Node Type": "Nested Loop", "Parent Relationship": "Outer", "Join Type": "Inner", "Startup Cost": 3.69, "Total Cost": 66780.19, "Plan Rows": 1869, "Plan Width": 25, "Actual Startup Time": 1040.237, "Actual Total Time": 1040.237, "Actual Rows": 0, "Actual Loops": 1, "Inner Unique": true, "Plans": [{"Node Type": "Nested Loop", "Parent Relationship": "Outer", "Join Type": "Inner", "Startup Cost": 0.0, "Total Cost": 54902.47, "Plan Rows": 1540, "Plan Width": 4, "Actual Startup Time": 1040.235, "Actual Total Time": 1040.235, "Actual Rows": 0, "Actual Loops": 1, "Inner Unique": false, "Join Filter": "(ct.id = mc.company_type_id)", "Rows Removed by Join Filter": 24025, "Plans": [{"Node Type": "Seq Scan", "Parent Relationship": "Outer", "Relation Name": "company_type", "Alias": "ct", "Startup Cost": 0.0, "Total Cost": 1.04, "Plan Rows": 1, "Plan Width": 4, "Actual Startup Time": 0.015, "Actual Total Time": 0.022, "Actual Rows": 1, "Actual Loops": 1, "Filter": "((kind)::text = 'production companies'::text)", "Rows Removed by Filter": 2}, {"Node Type": "Seq Scan", "Parent Relationship": "Inner", "Relation Name": "movie_companies", "Alias": "mc", "Startup Cost": 0.0, "Total Cost": 54862.92, "Plan Rows": 3081, "Plan Width": 8, "Actual Startup Time": 8.796, "Actual Total Time": 1034.832, "Actual Rows": 24025, "Actual Loops": 1, "Filter": "(((note)::text ~~ '%(theatrical)%'::text) AND ((note)::text ~~ '%(France)%'::text))", "Rows Removed by Filter": 2585103}]}, {"Node Type": "Bitmap Heap Scan", "Parent Relationship": "Inner", "Relation Name": "title", "Alias": "t", "Startup Cost": 3.69, "Total Cost": 7.7, "Plan Rows": 1, "Plan Width": 21, "Actual Startup Time": 0.0, "Actual Total Time": 0.0, "Recheck Cond": "(id = mc.movie_id)", "Rows Removed by Index Recheck": 0, "Filter": "(production_year > 2005)", "Rows Removed by Filter": 0, "Exact Heap Blocks": 0, "Lossy Heap Blocks": 0, "Plans": [{"Node Type": "Bitmap Index Scan", "Parent Relationship": "Outer", "Index Name": "title_pkey", "Startup Cost": 0.0, "Total Cost": 3.69, "Plan Rows": 1, "Plan Width": 0, "Actual Startup Time": 0.0, "Actual Total Time": 0.0, "Index Cond": "(id = mc.movie_id)"}]}]}, {"Node Type": "Bitmap Heap Scan", "Parent Relationship": "Inner", "Relation Name": "movie_info", "Alias": "mi", "Startup Cost": 0.51, "Total Cost": 4.62, "Plan Rows": 1, "Plan Width": 8, "Actual Startup Time": 0.0, "Actual Total Time": 0.0, "Recheck Cond": "(movie_id = t.id)", "Rows Removed by Index Recheck": 0, "Filter": "((info)::text = ANY ('{Sweden,Norway,Germany,Denmark,Swedish,Denish,Norwegian,German}'::text[]))", "Rows Removed by Filter": 0, "Exact Heap Blocks": 0, "Lossy Heap Blocks": 0, "Plans": [{"Node Type": "Bitmap Index Scan", "Parent Relationship": "Outer", "Index Name": "movie_id_movie_info", "Startup Cost": 0.0, "Total Cost": 0.51, "Plan Rows": 5, "Plan Width": 0, "Actual Startup Time": 0.0, "Actual Total Time": 0.0, "Index Cond": "(movie_id = t.id)"}]}]}, {"Node Type": "Hash", "Parent Relationship": "Inner", "Startup Cost": 2.12, "Total Cost": 2.12, "Plan Rows": 112, "Plan Width": 4, "Actual Startup Time": 0.094, "Actual Total Time": 0.094, "Actual Rows": 112, "Actual Loops": 1, "Hash Buckets": 32768, "Hash Batches": 1, "Original Hash Batches": 1, "Peak Memory Usage": 4, "Plans": [{"Node Type": "Seq Scan", "Parent Relationship": "Outer", "Relation Name": "info_type", "Alias": "it", "Startup Cost": 0.0, "Total Cost": 2.12, "Plan Rows": 112, "Plan Width": 4, "Actual Startup Time": 0.029, "Actual Total Time": 0.052, "Actual Rows": 112, "Actual Loops": 1}]}]}]}, "Triggers": [], "Planner Runtime": 12.721, "Total Runtime": 1040.877, "Unique SQL Id": 2510907716}}, "(64, '7')": {"explain_plan": {"Plan": {"Node Type": "Aggregate", "Strategy": "Plain", "Startup Cost": 88113.56, "Total Cost": 88113.57, "Plan Rows": 1, "Plan Width": 49, "Plans": [{"Node Type": "Hash Join", "Parent Relationship": "Outer", "Join Type": "Inner", "Startup Cost": 28972.69, "Total Cost": 88108.77, "Plan Rows": 1919, "Plan Width": 17, "Inner Unique": true, "Hash Cond": "(mi.info_type_id = it.id)", "Plans": [{"Node Type": "Nested Loop", "Parent Relationship": "Outer", "Join Type": "Inner", "Startup Cost": 28957.33, "Total Cost": 88068.08, "Plan Rows": 1919, "Plan Width": 21, "Inner Unique": false, "Plans": [{"Node Type": "Nested Loop", "Parent Relationship": "Outer", "Join Type": "Inner", "Startup Cost": 28956.82, "Total Cost": 79406.16, "Plan Rows": 1869, "Plan Width": 25, "Inner Unique": true, "Plans": [{"Node Type": "Nested Loop", "Parent Relationship": "Outer", "Join Type": "Inner", "Startup Cost": 28953.13, "Total Cost": 67528.44, "Plan Rows": 1540, "Plan Width": 4, "Inner Unique": false, "Plans": [{"Node Type": "Bitmap Heap Scan", "Parent Relationship": "Outer", "Relation Name": "company_type", "Alias": "ct", "Startup Cost": 8.27, "Total Cost": 12.3, "Plan Rows": 1, "Plan Width": 4, "Filter": "((kind)::text = 'production companies'::text)", "Plans": [{"Node Type": "Bitmap Index Scan", "Parent Relationship": "Outer", "Index Name": "company_type_pkey", "Startup Cost": 0.0, "Total Cost": 8.27, "Plan Rows": 3, "Plan Width": 0}]}, {"Node Type": "Bitmap Heap Scan", "Parent Relationship": "Inner", "Relation Name": "movie_companies", "Alias": "mc", "Startup Cost": 28944.86, "Total Cost": 67500.74, "Plan Rows": 1540, "Plan Width": 8, "Recheck Cond": "(company_type_id = ct.id)", "Filter": "(((note)::text ~~ '%(theatrical)%'::text) AND ((note)::text ~~ '%(France)%'::text))", "Plans": [{"Node Type": "Bitmap Index Scan", "Parent Relationship": "Outer", "Index Name": "company_type_id_movie_companies", "Startup Cost": 0.0, "Total Cost": 28944.48, "Plan Rows": 1304564, "Plan Width": 0, "Index Cond": "(company_type_id = ct.id)"}]}]}, {"Node Type": "Bitmap Heap Scan", "Parent Relationship": "Inner", "Relation Name": "title", "Alias": "t", "Startup Cost": 3.69, "Total Cost": 7.7, "Plan Rows": 1, "Plan Width": 21, "Recheck Cond": "(id = mc.movie_id)", "Filter": "(production_year > 2005)", "Plans": [{"Node Type": "Bitmap Index Scan", "Parent Relationship": "Outer", "Index Name": "title_pkey", "Startup Cost": 0.0, "Total Cost": 3.69, "Plan Rows": 1, "Plan Width": 0, "Index Cond": "(id = mc.movie_id)"}]}]}, {"Node Type": "Bitmap Heap Scan", "Parent Relationship": "Inner", "Relation Name": "movie_info", "Alias": "mi", "Startup Cost": 0.51, "Total Cost": 4.62, "Plan Rows": 1, "Plan Width": 8, "Recheck Cond": "(movie_id = t.id)", "Filter": "((info)::text = ANY ('{Sweden,Norway,Germany,Denmark,Swedish,Denish,Norwegian,German}'::text[]))", "Plans": [{"Node Type": "Bitmap Index Scan", "Parent Relationship": "Outer", "Index Name": "movie_id_movie_info", "Startup Cost": 0.0, "Total Cost": 0.51, "Plan Rows": 5, "Plan Width": 0, "Index Cond": "(movie_id = t.id)"}]}]}, {"Node Type": "Hash", "Parent Relationship": "Inner", "Startup Cost": 13.96, "Total Cost": 13.96, "Plan Rows": 112, "Plan Width": 4, "Plans": [{"Node Type": "Bitmap Heap Scan", "Parent Relationship": "Outer", "Relation Name": "info_type", "Alias": "it", "Startup Cost": 8.84, "Total Cost": 13.96, "Plan Rows": 112, "Plan Width": 4, "Plans": [{"Node Type": "Bitmap Index Scan", "Parent Relationship": "Outer", "Index Name": "info_type_pkey", "Startup Cost": 0.0, "Total Cost": 8.81, "Plan Rows": 112, "Plan Width": 0}]}]}]}]}, "Unique SQL Id": 2510907716, "Planner Runtime": 8}, "explain_analyze_plan": {"Plan": {"Node Type": "Aggregate", "Strategy": "Plain", "Startup Cost": 88113.56, "Total Cost": 88113.57, "Plan Rows": 1, "Plan Width": 49, "Actual Startup Time": 645.057, "Actual Total Time": 645.058, "Actual Rows": 1, "Actual Loops": 1, "Plans": [{"Node Type": "Hash Join", "Parent Relationship": "Outer", "Join Type": "Inner", "Startup Cost": 28972.69, "Total Cost": 88108.77, "Plan Rows": 1919, "Plan Width": 17, "Actual Startup Time": 645.05, "Actual Total Time": 645.05, "Actual Rows": 0, "Actual Loops": 1, "Inner Unique": true, "Hash Cond": "(mi.info_type_id = it.id)", "Plans": [{"Node Type": "Nested Loop", "Parent Relationship": "Outer", "Join Type": "Inner", "Startup Cost": 28957.33, "Total Cost": 88068.08, "Plan Rows": 1919, "Plan Width": 21, "Actual Startup Time": 644.895, "Actual Total Time": 644.895, "Actual Rows": 0, "Actual Loops": 1, "Inner Unique": false, "Plans": [{"Node Type": "Nested Loop", "Parent Relationship": "Outer", "Join Type": "Inner", "Startup Cost": 28956.82, "Total Cost": 79406.16, "Plan Rows": 1869, "Plan Width": 25, "Actual Startup Time": 644.892, "Actual Total Time": 644.892, "Actual Rows": 0, "Actual Loops": 1, "Inner Unique": true, "Plans": [{"Node Type": "Nested Loop", "Parent Relationship": "Outer", "Join Type": "Inner", "Startup Cost": 28953.13, "Total Cost": 67528.44, "Plan Rows": 1540, "Plan Width": 4, "Actual Startup Time": 644.89, "Actual Total Time": 644.89, "Actual Rows": 0, "Actual Loops": 1, "Inner Unique": false, "Plans": [{"Node Type": "Bitmap Heap Scan", "Parent Relationship": "Outer", "Relation Name": "company_type", "Alias": "ct", "Startup Cost": 8.27, "Total Cost": 12.3, "Plan Rows": 1, "Plan Width": 4, "Actual Startup Time": 0.012, "Actual Total Time": 0.019, "Actual Rows": 1, "Actual Loops": 1, "Filter": "((kind)::text = 'production companies'::text)", "Rows Removed by Filter": 2, "Exact Heap Blocks": 1, "Lossy Heap Blocks": 1, "Plans": [{"Node Type": "Bitmap Index Scan", "Parent Relationship": "Outer", "Index Name": "company_type_pkey", "Startup Cost": 0.0, "Total Cost": 8.27, "Plan Rows": 3, "Plan Width": 0, "Actual Startup Time": 0.002, "Actual Total Time": 0.002, "Actual Rows": 3, "Actual Loops": 1}]}, {"Node Type": "Bitmap Heap Scan", "Parent Relationship": "Inner", "Relation Name": "movie_companies", "Alias": "mc", "Startup Cost": 28944.86, "Total Cost": 67500.74, "Plan Rows": 1540, "Plan Width": 8, "Actual Startup Time": 644.864, "Actual Total Time": 644.864, "Actual Rows": 0, "Actual Loops": 1, "Recheck Cond": "(company_type_id = ct.id)", "Rows Removed by Index Recheck": 0, "Filter": "(((note)::text ~~ '%(theatrical)%'::text) AND ((note)::text ~~ '%(France)%'::text))", "Rows Removed by Filter": 1334883, "Exact Heap Blocks": 6196, "Lossy Heap Blocks": 6196, "Plans": [{"Node Type": "Bitmap Index Scan", "Parent Relationship": "Outer", "Index Name": "company_type_id_movie_companies", "Startup Cost": 0.0, "Total Cost": 28944.48, "Plan Rows": 1304564, "Plan Width": 0, "Actual Startup Time": 156.658, "Actual Total Time": 156.658, "Actual Rows": 1334883, "Actual Loops": 1, "Index Cond": "(company_type_id = ct.id)"}]}]}, {"Node Type": "Bitmap Heap Scan", "Parent Relationship": "Inner", "Relation Name": "title", "Alias": "t", "Startup Cost": 3.69, "Total Cost": 7.7, "Plan Rows": 1, "Plan Width": 21, "Actual Startup Time": 0.0, "Actual Total Time": 0.0, "Recheck Cond": "(id = mc.movie_id)", "Rows Removed by Index Recheck": 0, "Filter": "(production_year > 2005)", "Rows Removed by Filter": 0, "Exact Heap Blocks": 0, "Lossy Heap Blocks": 0, "Plans": [{"Node Type": "Bitmap Index Scan", "Parent Relationship": "Outer", "Index Name": "title_pkey", "Startup Cost": 0.0, "Total Cost": 3.69, "Plan Rows": 1, "Plan Width": 0, "Actual Startup Time": 0.0, "Actual Total Time": 0.0, "Index Cond": "(id = mc.movie_id)"}]}]}, {"Node Type": "Bitmap Heap Scan", "Parent Relationship": "Inner", "Relation Name": "movie_info", "Alias": "mi", "Startup Cost": 0.51, "Total Cost": 4.62, "Plan Rows": 1, "Plan Width": 8, "Actual Startup Time": 0.0, "Actual Total Time": 0.0, "Recheck Cond": "(movie_id = t.id)", "Rows Removed by Index Recheck": 0, "Filter": "((info)::text = ANY ('{Sweden,Norway,Germany,Denmark,Swedish,Denish,Norwegian,German}'::text[]))", "Rows Removed by Filter": 0, "Exact Heap Blocks": 0, "Lossy Heap Blocks": 0, "Plans": [{"Node Type": "Bitmap Index Scan", "Parent Relationship": "Outer", "Index Name": "movie_id_movie_info", "Startup Cost": 0.0, "Total Cost": 0.51, "Plan Rows": 5, "Plan Width": 0, "Actual Startup Time": 0.0, "Actual Total Time": 0.0, "Index Cond": "(movie_id = t.id)"}]}]}, {"Node Type": "Hash", "Parent Relationship": "Inner", "Startup Cost": 13.96, "Total Cost": 13.96, "Plan Rows": 112, "Plan Width": 4, "Actual Startup Time": 0.112, "Actual Total Time": 0.112, "Actual Rows": 112, "Actual Loops": 1, "Hash Buckets": 32768, "Hash Batches": 1, "Original Hash Batches": 1, "Peak Memory Usage": 4, "Plans": [{"Node Type": "Bitmap Heap Scan", "Parent Relationship": "Outer", "Relation Name": "info_type", "Alias": "it", "Startup Cost": 8.84, "Total Cost": 13.96, "Plan Rows": 112, "Plan Width": 4, "Actual Startup Time": 0.055, "Actual Total Time": 0.075, "Actual Rows": 112, "Actual Loops": 1, "Exact Heap Blocks": 1, "Lossy Heap Blocks": 1, "Plans": [{"Node Type": "Bitmap Index Scan", "Parent Relationship": "Outer", "Index Name": "info_type_pkey", "Startup Cost": 0.0, "Total Cost": 8.81, "Plan Rows": 112, "Plan Width": 0, "Actual Startup Time": 0.014, "Actual Total Time": 0.014, "Actual Rows": 112, "Actual Loops": 1}]}]}]}]}, "Triggers": [], "Planner Runtime": 8.109, "Total Runtime": 645.411, "Unique SQL Id": 2510907716}}, "(64, '8')": {"explain_plan": {"Plan": {"Node Type": "Aggregate", "Strategy": "Plain", "Startup Cost": 69341.41, "Total Cost": 69341.42, "Plan Rows": 1, "Plan Width": 49, "Plans": [{"Node Type": "Nested Loop", "Parent Relationship": "Outer", "Join Type": "Inner", "Startup Cost": 0.0, "Total Cost": 69336.61, "Plan Rows": 1919, "Plan Width": 17, "Inner Unique": true, "Plans": [{"Node Type": "Nested Loop", "Parent Relationship": "Outer", "Join Type": "Inner", "Startup Cost": 0.0, "Total Cost": 68799.18, "Plan Rows": 1919, "Plan Width": 21, "Inner Unique": false, "Plans": [{"Node Type": "Nested Loop", "Parent Relationship": "Outer", "Join Type": "Inner", "Startup Cost": 0.0, "Total Cost": 66519.89, "Plan Rows": 1869, "Plan Width": 25, "Inner Unique": true, "Plans": [{"Node Type": "Nested Loop", "Parent Relationship": "Outer", "Join Type": "Inner", "Startup Cost": 0.0, "Total Cost": 54902.47, "Plan Rows": 1540, "Plan Width": 4, "Inner Unique": false, "Join Filter": "(ct.id = mc.company_type_id)", "Plans": [{"Node Type": "Seq Scan", "Parent Relationship": "Outer", "Relation Name": "company_type", "Alias": "ct", "Startup Cost": 0.0, "Total Cost": 1.04, "Plan Rows": 1, "Plan Width": 4, "Filter": "((kind)::text = 'production companies'::text)"}, {"Node Type": "Seq Scan", "Parent Relationship": "Inner", "Relation Name": "movie_companies", "Alias": "mc", "Startup Cost": 0.0, "Total Cost": 54862.92, "Plan Rows": 3081, "Plan Width": 8, "Filter": "(((note)::text ~~ '%(theatrical)%'::text) AND ((note)::text ~~ '%(France)%'::text))"}]}, {"Node Type": "Index Scan", "Parent Relationship": "Inner", "Scan Direction": "Forward", "Index Name": "title_pkey", "Relation Name": "title", "Alias": "t", "Startup Cost": 0.0, "Total Cost": 7.53, "Plan Rows": 1, "Plan Width": 21, "Index Cond": "(id = mc.movie_id)", "Filter": "(production_year > 2005)"}]}, {"Node Type": "Index Scan", "Parent Relationship": "Inner", "Scan Direction": "Forward", "Index Name": "movie_id_movie_info", "Relation Name": "movie_info", "Alias": "mi", "Startup Cost": 0.0, "Total Cost": 1.21, "Plan Rows": 1, "Plan Width": 8, "Index Cond": "(movie_id = t.id)", "Filter": "((info)::text = ANY ('{Sweden,Norway,Germany,Denmark,Swedish,Denish,Norwegian,German}'::text[]))"}]}, {"Node Type": "Index Only Scan", "Parent Relationship": "Inner", "Scan Direction": "Forward", "Index Name": "info_type_pkey", "Relation Name": "info_type", "Alias": "it", "Startup Cost": 0.0, "Total Cost": 0.27, "Plan Rows": 1, "Plan Width": 4, "Index Cond": "(id = mi.info_type_id)"}]}]}, "Unique SQL Id": 2510907716, "Planner Runtime": 10}, "explain_analyze_plan": {"Plan": {"Node Type": "Aggregate", "Strategy": "Plain", "Startup Cost": 69341.41, "Total Cost": 69341.42, "Plan Rows": 1, "Plan Width": 49, "Actual Startup Time": 1038.715, "Actual Total Time": 1038.716, "Actual Rows": 1, "Actual Loops": 1, "Plans": [{"Node Type": "Nested Loop", "Parent Relationship": "Outer", "Join Type": "Inner", "Startup Cost": 0.0, "Total Cost": 69336.61, "Plan Rows": 1919, "Plan Width": 17, "Actual Startup Time": 1038.706, "Actual Total Time": 1038.706, "Actual Rows": 0, "Actual Loops": 1, "Inner Unique": true, "Plans": [{"Node Type": "Nested Loop", "Parent Relationship": "Outer", "Join Type": "Inner", "Startup Cost": 0.0, "Total Cost": 68799.18, "Plan Rows": 1919, "Plan Width": 21, "Actual Startup Time": 1038.704, "Actual Total Time": 1038.704, "Actual Rows": 0, "Actual Loops": 1, "Inner Unique": false, "Plans": [{"Node Type": "Nested Loop", "Parent Relationship": "Outer", "Join Type": "Inner", "Startup Cost": 0.0, "Total Cost": 66519.89, "Plan Rows": 1869, "Plan Width": 25, "Actual Startup Time": 1038.703, "Actual Total Time": 1038.703, "Actual Rows": 0, "Actual Loops": 1, "Inner Unique": true, "Plans": [{"Node Type": "Nested Loop", "Parent Relationship": "Outer", "Join Type": "Inner", "Startup Cost": 0.0, "Total Cost": 54902.47, "Plan Rows": 1540, "Plan Width": 4, "Actual Startup Time": 1038.702, "Actual Total Time": 1038.702, "Actual Rows": 0, "Actual Loops": 1, "Inner Unique": false, "Join Filter": "(ct.id = mc.company_type_id)", "Rows Removed by Join Filter": 24025, "Plans": [{"Node Type": "Seq Scan", "Parent Relationship": "Outer", "Relation Name": "company_type", "Alias": "ct", "Startup Cost": 0.0, "Total Cost": 1.04, "Plan Rows": 1, "Plan Width": 4, "Actual Startup Time": 0.022, "Actual Total Time": 0.025, "Actual Rows": 1, "Actual Loops": 1, "Filter": "((kind)::text = 'production companies'::text)", "Rows Removed by Filter": 2}, {"Node Type": "Seq Scan", "Parent Relationship": "Inner", "Relation Name": "movie_companies", "Alias": "mc", "Startup Cost": 0.0, "Total Cost": 54862.92, "Plan Rows": 3081, "Plan Width": 8, "Actual Startup Time": 8.799, "Actual Total Time": 1033.327, "Actual Rows": 24025, "Actual Loops": 1, "Filter": "(((note)::text ~~ '%(theatrical)%'::text) AND ((note)::text ~~ '%(France)%'::text))", "Rows Removed by Filter": 2585103}]}, {"Node Type": "Index Scan", "Parent Relationship": "Inner", "Scan Direction": "Forward", "Index Name": "title_pkey", "Relation Name": "title", "Alias": "t", "Startup Cost": 0.0, "Total Cost": 7.53, "Plan Rows": 1, "Plan Width": 21, "Actual Startup Time": 0.0, "Actual Total Time": 0.0, "Index Cond": "(id = mc.movie_id)", "Rows Removed by Index Recheck": 0, "Filter": "(production_year > 2005)", "Rows Removed by Filter": 0}]}, {"Node Type": "Index Scan", "Parent Relationship": "Inner", "Scan Direction": "Forward", "Index Name": "movie_id_movie_info", "Relation Name": "movie_info", "Alias": "mi", "Startup Cost": 0.0, "Total Cost": 1.21, "Plan Rows": 1, "Plan Width": 8, "Actual Startup Time": 0.0, "Actual Total Time": 0.0, "Index Cond": "(movie_id = t.id)", "Rows Removed by Index Recheck": 0, "Filter": "((info)::text = ANY ('{Sweden,Norway,Germany,Denmark,Swedish,Denish,Norwegian,German}'::text[]))", "Rows Removed by Filter": 0}]}, {"Node Type": "Index Only Scan", "Parent Relationship": "Inner", "Scan Direction": "Forward", "Index Name": "info_type_pkey", "Relation Name": "info_type", "Alias": "it", "Startup Cost": 0.0, "Total Cost": 0.27, "Plan Rows": 1, "Plan Width": 4, "Actual Startup Time": 0.0, "Actual Total Time": 0.0, "Index Cond": "(id = mi.info_type_id)", "Rows Removed by Index Recheck": 0, "Heap Fetches": 0}]}]}, "Triggers": [], "Planner Runtime": 11.067, "Total Runtime": 1038.954, "Unique SQL Id": 2510907716}}, "(64, '9')": {"explain_plan": {"Plan": {"Node Type": "Aggregate", "Strategy": "Plain", "Startup Cost": 74106.99, "Total Cost": 74107.0, "Plan Rows": 1, "Plan Width": 49, "Plans": [{"Node Type": "Nested Loop", "Parent Relationship": "Outer", "Join Type": "Inner", "Startup Cost": 0.0, "Total Cost": 74102.19, "Plan Rows": 1919, "Plan Width": 17, "Inner Unique": true, "Plans": [{"Node Type": "Nested Loop", "Parent Relationship": "Outer", "Join Type": "Inner", "Startup Cost": 0.0, "Total Cost": 73564.77, "Plan Rows": 1919, "Plan Width": 21, "Inner Unique": false, "Plans": [{"Node Type": "Nested Loop", "Parent Relationship": "Outer", "Join Type": "Inner", "Startup Cost": 0.0, "Total Cost": 71285.47, "Plan Rows": 1869, "Plan Width": 25, "Inner Unique": true, "Plans": [{"Node Type": "Nested Loop", "Parent Relationship": "Outer", "Join Type": "Inner", "Startup Cost": 0.0, "Total Cost": 59668.05, "Plan Rows": 1540, "Plan Width": 4, "Inner Unique": false, "Plans": [{"Node Type": "Index Scan", "Parent Relationship": "Outer", "Scan Direction": "Forward", "Index Name": "company_type_pkey", "Relation Name": "company_type", "Alias": "ct", "Startup Cost": 0.0, "Total Cost": 12.3, "Plan Rows": 1, "Plan Width": 4, "Filter": "((kind)::text = 'production companies'::text)"}, {"Node Type": "Index Scan", "Parent Relationship": "Inner", "Scan Direction": "Forward", "Index Name": "company_type_id_movie_companies", "Relation Name": "movie_companies", "Alias": "mc", "Startup Cost": 0.0, "Total Cost": 59640.35, "Plan Rows": 1540, "Plan Width": 8, "Index Cond": "(company_type_id = ct.id)", "Filter": "(((note)::text ~~ '%(theatrical)%'::text) AND ((note)::text ~~ '%(France)%'::text))"}]}, {"Node Type": "Index Scan", "Parent Relationship": "Inner", "Scan Direction": "Forward", "Index Name": "title_pkey", "Relation Name": "title", "Alias": "t", "Startup Cost": 0.0, "Total Cost": 7.53, "Plan Rows": 1, "Plan Width": 21, "Index Cond": "(id = mc.movie_id)", "Filter": "(production_year > 2005)"}]}, {"Node Type": "Index Scan", "Parent Relationship": "Inner", "Scan Direction": "Forward", "Index Name": "movie_id_movie_info", "Relation Name": "movie_info", "Alias": "mi", "Startup Cost": 0.0, "Total Cost": 1.21, "Plan Rows": 1, "Plan Width": 8, "Index Cond": "(movie_id = t.id)", "Filter": "((info)::text = ANY ('{Sweden,Norway,Germany,Denmark,Swedish,Denish,Norwegian,German}'::text[]))"}]}, {"Node Type": "Index Only Scan", "Parent Relationship": "Inner", "Scan Direction": "Forward", "Index Name": "info_type_pkey", "Relation Name": "info_type", "Alias": "it", "Startup Cost": 0.0, "Total Cost": 0.27, "Plan Rows": 1, "Plan Width": 4, "Index Cond": "(id = mi.info_type_id)"}]}]}, "Unique SQL Id": 2510907716, "Planner Runtime": 7}, "explain_analyze_plan": {"Plan": {"Node Type": "Aggregate", "Strategy": "Plain", "Startup Cost": 74106.99, "Total Cost": 74107.0, "Plan Rows": 1, "Plan Width": 49, "Actual Startup Time": 629.666, "Actual Total Time": 629.667, "Actual Rows": 1, "Actual Loops": 1, "Plans": [{"Node Type": "Nested Loop", "Parent Relationship": "Outer", "Join Type": "Inner", "Startup Cost": 0.0, "Total Cost": 74102.19, "Plan Rows": 1919, "Plan Width": 17, "Actual Startup Time": 629.656, "Actual Total Time": 629.656, "Actual Rows": 0, "Actual Loops": 1, "Inner Unique": true, "Plans": [{"Node Type": "Nested Loop", "Parent Relationship": "Outer", "Join Type": "Inner", "Startup Cost": 0.0, "Total Cost": 73564.77, "Plan Rows": 1919, "Plan Width": 21, "Actual Startup Time": 629.655, "Actual Total Time": 629.655, "Actual Rows": 0, "Actual Loops": 1, "Inner Unique": false, "Plans": [{"Node Type": "Nested Loop", "Parent Relationship": "Outer", "Join Type": "Inner", "Startup Cost": 0.0, "Total Cost": 71285.47, "Plan Rows": 1869, "Plan Width": 25, "Actual Startup Time": 629.655, "Actual Total Time": 629.655, "Actual Rows": 0, "Actual Loops": 1, "Inner Unique": true, "Plans": [{"Node Type": "Nested Loop", "Parent Relationship": "Outer", "Join Type": "Inner", "Startup Cost": 0.0, "Total Cost": 59668.05, "Plan Rows": 1540, "Plan Width": 4, "Actual Startup Time": 629.654, "Actual Total Time": 629.654, "Actual Rows": 0, "Actual Loops": 1, "Inner Unique": false, "Plans": [{"Node Type": "Index Scan", "Parent Relationship": "Outer", "Scan Direction": "Forward", "Index Name": "company_type_pkey", "Relation Name": "company_type", "Alias": "ct", "Startup Cost": 0.0, "Total Cost": 12.3, "Plan Rows": 1, "Plan Width": 4, "Actual Startup Time": 0.022, "Actual Total Time": 0.03, "Actual Rows": 1, "Actual Loops": 1, "Filter": "((kind)::text = 'production companies'::text)", "Rows Removed by Filter": 2}, {"Node Type": "Index Scan", "Parent Relationship": "Inner", "Scan Direction": "Forward", "Index Name": "company_type_id_movie_companies", "Relation Name": "movie_companies", "Alias": "mc", "Startup Cost": 0.0, "Total Cost": 59640.35, "Plan Rows": 1540, "Plan Width": 8, "Actual Startup Time": 629.618, "Actual Total Time": 629.618, "Actual Rows": 0, "Actual Loops": 1, "Index Cond": "(company_type_id = ct.id)", "Rows Removed by Index Recheck": 0, "Filter": "(((note)::text ~~ '%(theatrical)%'::text) AND ((note)::text ~~ '%(France)%'::text))", "Rows Removed by Filter": 1334883}]}, {"Node Type": "Index Scan", "Parent Relationship": "Inner", "Scan Direction": "Forward", "Index Name": "title_pkey", "Relation Name": "title", "Alias": "t", "Startup Cost": 0.0, "Total Cost": 7.53, "Plan Rows": 1, "Plan Width": 21, "Actual Startup Time": 0.0, "Actual Total Time": 0.0, "Index Cond": "(id = mc.movie_id)", "Rows Removed by Index Recheck": 0, "Filter": "(production_year > 2005)", "Rows Removed by Filter": 0}]}, {"Node Type": "Index Scan", "Parent Relationship": "Inner", "Scan Direction": "Forward", "Index Name": "movie_id_movie_info", "Relation Name": "movie_info", "Alias": "mi", "Startup Cost": 0.0, "Total Cost": 1.21, "Plan Rows": 1, "Plan Width": 8, "Actual Startup Time": 0.0, "Actual Total Time": 0.0, "Index Cond": "(movie_id = t.id)", "Rows Removed by Index Recheck": 0, "Filter": "((info)::text = ANY ('{Sweden,Norway,Germany,Denmark,Swedish,Denish,Norwegian,German}'::text[]))", "Rows Removed by Filter": 0}]}, {"Node Type": "Index Only Scan", "Parent Relationship": "Inner", "Scan Direction": "Forward", "Index Name": "info_type_pkey", "Relation Name": "info_type", "Alias": "it", "Startup Cost": 0.0, "Total Cost": 0.27, "Plan Rows": 1, "Plan Width": 4, "Actual Startup Time": 0.0, "Actual Total Time": 0.0, "Index Cond": "(id = mi.info_type_id)", "Rows Removed by Index Recheck": 0, "Heap Fetches": 0}]}]}, "Triggers": [], "Planner Runtime": 8.174, "Total Runtime": 629.914, "Unique SQL Id": 2510907716}}, "(64, '10')": {"explain_plan": {"Plan": {"Node Type": "Aggregate", "Strategy": "Plain", "Startup Cost": 221589.16, "Total Cost": 221589.17, "Plan Rows": 1, "Plan Width": 49, "Plans": [{"Node Type": "Hash Join", "Parent Relationship": "Outer", "Join Type": "Inner", "Startup Cost": 148141.72, "Total Cost": 221584.36, "Plan Rows": 1919, "Plan Width": 17, "Inner Unique": true, "Hash Cond": "(mi.info_type_id = it.id)", "Plans": [{"Node Type": "Hash Join", "Parent Relationship": "Outer", "Join Type": "Inner", "Startup Cost": 148138.2, "Total Cost": 221554.45, "Plan Rows": 1919, "Plan Width": 21, "Inner Unique": false, "Hash Cond": "(mi.movie_id = t.id)", "Plans": [{"Node Type": "Streaming(type: LOCAL GATHER dop: 1/64)", "Parent Relationship": "Outer", "Startup Cost": 0.0, "Total Cost": 72882.54, "Plan Rows": 141478, "Plan Width": 8, "Plans": [{"Node Type": "Seq Scan", "Parent Relationship": "Outer", "Relation Name": "movie_info", "Alias": "mi", "Startup Cost": 0.0, "Total Cost": 69963.86, "Plan Rows": 141478, "Plan Width": 8, "Filter": "((info)::text = ANY ('{Sweden,Norway,Germany,Denmark,Swedish,Denish,Norwegian,German}'::text[]))"}]}, {"Node Type": "Hash", "Parent Relationship": "Inner", "Startup Cost": 148114.84, "Total Cost": 148114.84, "Plan Rows": 1869, "Plan Width": 25, "Plans": [{"Node Type": "Hash Join", "Parent Relationship": "Outer", "Join Type": "Inner", "Startup Cost": 54921.72, "Total Cost": 148114.84, "Plan Rows": 1869, "Plan Width": 25, "Inner Unique": false, "Hash Cond": "(t.id = mc.movie_id)", "Plans": [{"Node Type": "Streaming(type: LOCAL GATHER dop: 1/64)", "Parent Relationship": "Outer", "Startup Cost": 0.0, "Total Cost": 84945.56, "Plan Rows": 1013492, "Plan Width": 21, "Plans": [{"Node Type": "Seq Scan", "Parent Relationship": "Outer", "Relation Name": "title", "Alias": "t", "Startup Cost": 0.0, "Total Cost": 64037.34, "Plan Rows": 1013492, "Plan Width": 21, "Filter": "(production_year > 2005), (LLVM Optimized)"}]}, {"Node Type": "Hash", "Parent Relationship": "Inner", "Startup Cost": 54902.47, "Total Cost": 54902.47, "Plan Rows": 1540, "Plan Width": 4, "Plans": [{"Node Type": "Nested Loop", "Parent Relationship": "Outer", "Join Type": "Inner", "Startup Cost": 0.0, "Total Cost": 54902.47, "Plan Rows": 1540, "Plan Width": 4, "Inner Unique": false, "Join Filter": "(ct.id = mc.company_type_id)", "Plans": [{"Node Type": "Seq Scan", "Parent Relationship": "Outer", "Relation Name": "company_type", "Alias": "ct", "Startup Cost": 0.0, "Total Cost": 1.04, "Plan Rows": 1, "Plan Width": 4, "Filter": "((kind)::text = 'production companies'::text)"}, {"Node Type": "Seq Scan", "Parent Relationship": "Inner", "Relation Name": "movie_companies", "Alias": "mc", "Startup Cost": 0.0, "Total Cost": 54862.92, "Plan Rows": 3081, "Plan Width": 8, "Filter": "(((note)::text ~~ '%(theatrical)%'::text) AND ((note)::text ~~ '%(France)%'::text))"}]}]}]}]}]}, {"Node Type": "Hash", "Parent Relationship": "Inner", "Startup Cost": 2.12, "Total Cost": 2.12, "Plan Rows": 112, "Plan Width": 4, "Plans": [{"Node Type": "Seq Scan", "Parent Relationship": "Outer", "Relation Name": "info_type", "Alias": "it", "Startup Cost": 0.0, "Total Cost": 2.12, "Plan Rows": 112, "Plan Width": 4}]}]}]}, "Unique SQL Id": 2510907716, "Planner Runtime": 17}, "explain_analyze_plan": {"Plan": {"Node Type": "Aggregate", "Strategy": "Plain", "Startup Cost": 221589.16, "Total Cost": 221589.17, "Plan Rows": 1, "Plan Width": 49, "Actual Min Startup Time": 1060.425, "Actual Max Startup Time": 1060.425, "Actual Min Total Time": 1060.425, "Actual Max Total Time": 1060.425, "Plans": [{"Node Type": "Hash Join", "Parent Relationship": "Outer", "Join Type": "Inner", "Startup Cost": 148141.72, "Total Cost": 221584.36, "Plan Rows": 1919, "Plan Width": 17, "Actual Min Startup Time": 1060.414, "Actual Max Startup Time": 1060.414, "Actual Min Total Time": 1060.414, "Actual Max Total Time": 1060.414, "Inner Unique": true, "Hash Cond": "(mi.info_type_id = it.id)", "Plans": [{"Node Type": "Hash Join", "Parent Relationship": "Outer", "Join Type": "Inner", "Startup Cost": 148138.2, "Total Cost": 221554.45, "Plan Rows": 1919, "Plan Width": 21, "Actual Min Startup Time": 1059.742, "Actual Max Startup Time": 1059.742, "Actual Min Total Time": 1059.742, "Actual Max Total Time": 1059.742, "Inner Unique": false, "Hash Cond": "(mi.movie_id = t.id)", "Plans": [{"Node Type": "Streaming(type: LOCAL GATHER dop: 1/64)", "Parent Relationship": "Outer", "Startup Cost": 0.0, "Total Cost": 72882.54, "Plan Rows": 141478, "Plan Width": 8, "Actual Startup Time": 0.0, "Actual Total Time": 0.0, "Plans": [{"Node Type": "Seq Scan", "Parent Relationship": "Outer", "Relation Name": "movie_info", "Alias": "mi", "Startup Cost": 0.0, "Total Cost": 69963.86, "Plan Rows": 141478, "Plan Width": 8, "Actual Min Startup Time": 0.041, "Actual Max Startup Time": 6.164, "Actual Min Total Time": 0.086, "Actual Max Total Time": 127.727, "Filter": "((info)::text = ANY ('{Sweden,Norway,Germany,Denmark,Swedish,Denish,Norwegian,German}'::text[]))", "Rows Removed by Filter": 2642135, "Actual Rows": 6429}]}, {"Node Type": "Hash", "Parent Relationship": "Inner", "Startup Cost": 148114.84, "Total Cost": 148114.84, "Plan Rows": 1869, "Plan Width": 25, "Actual Min Startup Time": 1059.401, "Actual Max Startup Time": 1059.401, "Actual Min Total Time": 1059.401, "Actual Max Total Time": 1059.401, "Max Hash Buckets": 32768, "Min Hash Buckets": 32768, "Max Hash Batches": 1, "Min Hash Batches": 1, "Max Original Hash Batches": 1, "Min Original Hash Batches": 1, "Max Peak Memory Usage": 0, "min Peak Memory Usage": 0, "Plans": [{"Node Type": "Hash Join", "Parent Relationship": "Outer", "Join Type": "Inner", "Startup Cost": 54921.72, "Total Cost": 148114.84, "Plan Rows": 1869, "Plan Width": 25, "Actual Min Startup Time": 1059.398, "Actual Max Startup Time": 1059.398, "Actual Min Total Time": 1059.398, "Actual Max Total Time": 1059.398, "Inner Unique": false, "Hash Cond": "(t.id = mc.movie_id)", "Plans": [{"Node Type": "Streaming(type: LOCAL GATHER dop: 1/64)", "Parent Relationship": "Outer", "Startup Cost": 0.0, "Total Cost": 84945.56, "Plan Rows": 1013492, "Plan Width": 21, "Actual Startup Time": 0.0, "Actual Total Time": 0.0, "Plans": [{"Node Type": "Seq Scan", "Parent Relationship": "Outer", "Relation Name": "title", "Alias": "t", "Startup Cost": 0.0, "Total Cost": 64037.34, "Plan Rows": 1013492, "Plan Width": 21, "Actual Min Startup Time": 0.026, "Actual Max Startup Time": 0.057, "Actual Min Total Time": 0.1, "Actual Max Total Time": 0.148, "Filter": "(production_year > 2005), (LLVM Optimized, Jit Execute)", "Rows Removed by Filter": 8012, "Actual Rows": 6464}]}, {"Node Type": "Hash", "Parent Relationship": "Inner", "Startup Cost": 54902.47, "Total Cost": 54902.47, "Plan Rows": 1540, "Plan Width": 4, "Actual Min Startup Time": 1059.141, "Actual Max Startup Time": 1059.141, "Actual Min Total Time": 1059.141, "Actual Max Total Time": 1059.141, "Max Hash Buckets": 32768, "Min Hash Buckets": 32768, "Max Hash Batches": 1, "Min Hash Batches": 1, "Max Original Hash Batches": 1, "Min Original Hash Batches": 1, "Max Peak Memory Usage": 0, "min Peak Memory Usage": 0, "Plans": [{"Node Type": "Nested Loop", "Parent Relationship": "Outer", "Join Type": "Inner", "Startup Cost": 0.0, "Total Cost": 54902.47, "Plan Rows": 1540, "Plan Width": 4, "Actual Min Startup Time": 1059.137, "Actual Max Startup Time": 1059.137, "Actual Min Total Time": 1059.137, "Actual Max Total Time": 1059.137, "Inner Unique": false, "Join Filter": "(ct.id = mc.company_type_id)", "Rows Removed by Join Filter": 24025, "Plans": [{"Node Type": "Seq Scan", "Parent Relationship": "Outer", "Relation Name": "company_type", "Alias": "ct", "Startup Cost": 0.0, "Total Cost": 1.04, "Plan Rows": 1, "Plan Width": 4, "Actual Min Startup Time": 0.027, "Actual Max Startup Time": 0.027, "Actual Min Total Time": 0.034, "Actual Max Total Time": 0.034, "Filter": "((kind)::text = 'production companies'::text)", "Rows Removed by Filter": 2, "Actual Rows": 1}, {"Node Type": "Seq Scan", "Parent Relationship": "Inner", "Relation Name": "movie_companies", "Alias": "mc", "Startup Cost": 0.0, "Total Cost": 54862.92, "Plan Rows": 3081, "Plan Width": 8, "Actual Min Startup Time": 9.036, "Actual Max Startup Time": 9.036, "Actual Min Total Time": 1053.506, "Actual Max Total Time": 1053.506, "Filter": "(((note)::text ~~ '%(theatrical)%'::text) AND ((note)::text ~~ '%(France)%'::text))", "Rows Removed by Filter": 2585103, "Actual Rows": 24025}], "Actual Rows": 0}], "Actual Rows": 0}], "Actual Rows": 0}], "Actual Rows": 0}], "Actual Rows": 0}, {"Node Type": "Hash", "Parent Relationship": "Inner", "Startup Cost": 2.12, "Total Cost": 2.12, "Plan Rows": 112, "Plan Width": 4, "Actual Min Startup Time": 0.136, "Actual Max Startup Time": 0.136, "Actual Min Total Time": 0.136, "Actual Max Total Time": 0.136, "Max Hash Buckets": 32768, "Min Hash Buckets": 32768, "Max Hash Batches": 1, "Min Hash Batches": 1, "Max Original Hash Batches": 1, "Min Original Hash Batches": 1, "Max Peak Memory Usage": 4, "min Peak Memory Usage": 4, "Plans": [{"Node Type": "Seq Scan", "Parent Relationship": "Outer", "Relation Name": "info_type", "Alias": "it", "Startup Cost": 0.0, "Total Cost": 2.12, "Plan Rows": 112, "Plan Width": 4, "Actual Min Startup Time": 0.062, "Actual Max Startup Time": 0.062, "Actual Min Total Time": 0.084, "Actual Max Total Time": 0.084, "Actual Rows": 112}], "Actual Rows": 112}], "Actual Rows": 0}], "Actual Rows": 1}, "Triggers": [], "Planner Runtime": 17.641, "Total Runtime": 1095.014, "Unique SQL Id": 2510907716}}, "(64, '11')": {"explain_plan": {"Plan": {"Node Type": "Aggregate", "Strategy": "Plain", "Startup Cost": 4997607846308.68, "Total Cost": 4997607846308.69, "Plan Rows": 1, "Plan Width": 49, "Plans": [{"Node Type": "Merge Join", "Parent Relationship": "Outer", "Join Type": "Inner", "Startup Cost": 50021490308.98, "Total Cost": 4997607846303.88, "Plan Rows": 1919, "Plan Width": 17, "Inner Unique": false, "Merge Cond": "(mi.movie_id = t.id)", "Plans": [{"Node Type": "Nested Loop", "Parent Relationship": "Outer", "Join Type": "Inner", "Startup Cost": 20000000000.0, "Total Cost": 2000118925554.54, "Plan Rows": 141478, "Plan Width": 4, "Inner Unique": true, "Join Filter": "(it.id = mi.info_type_id), (LLVM Optimized)", "Plans": [{"Node Type": "Index Scan", "Parent Relationship": "Outer", "Scan Direction": "Forward", "Index Name": "movie_id_movie_info", "Relation Name": "movie_info", "Alias": "mi", "Startup Cost": 10000000000.0, "Total Cost": 1000118686878.22, "Plan Rows": 141478, "Plan Width": 8, "Filter": "((info)::text = ANY ('{Sweden,Norway,Germany,Denmark,Swedish,Denish,Norwegian,German}'::text[]))"}, {"Node Type": "Materialize", "Parent Relationship": "Inner", "Startup Cost": 10000000000.0, "Total Cost": 1000000000993.56, "Plan Rows": 112, "Plan Width": 4, "Plans": [{"Node Type": "Index Only Scan", "Parent Relationship": "Outer", "Scan Direction": "Forward", "Index Name": "info_type_pkey", "Relation Name": "info_type", "Alias": "it", "Startup Cost": 10000000000.0, "Total Cost": 1000000000993.0, "Plan Rows": 112, "Plan Width": 4}]}]}, {"Node Type": "Materialize", "Parent Relationship": "Inner", "Startup Cost": 30021490308.98, "Total Cost": 2999077500382.5, "Plan Rows": 1869, "Plan Width": 25, "Plans": [{"Node Type": "Merge Join", "Parent Relationship": "Outer", "Join Type": "Inner", "Startup Cost": 30021490308.98, "Total Cost": 2999077500377.83, "Plan Rows": 1869, "Plan Width": 25, "Inner Unique": true, "Merge Cond": "(mc.movie_id = t.id)", "Plans": [{"Node Type": "Nested Loop", "Parent Relationship": "Outer", "Join Type": "Inner", "Startup Cost": 20000000000.0, "Total Cost": 2000014357786.6, "Plan Rows": 1540, "Plan Width": 4, "Inner Unique": true, "Join Filter": "(ct.id = mc.company_type_id)", "Plans": [{"Node Type": "Index Scan", "Parent Relationship": "Outer", "Scan Direction": "Forward", "Index Name": "movie_id_movie_companies", "Relation Name": "movie_companies", "Alias": "mc", "Startup Cost": 10000000000.0, "Total Cost": 1000014356510.13, "Plan Rows": 3081, "Plan Width": 8, "Filter": "(((note)::text ~~ '%(theatrical)%'::text) AND ((note)::text ~~ '%(France)%'::text))"}, {"Node Type": "Materialize", "Parent Relationship": "Inner", "Startup Cost": 10000000000.0, "Total Cost": 1000000001230.26, "Plan Rows": 1, "Plan Width": 4, "Plans": [{"Node Type": "Index Scan", "Parent Relationship": "Outer", "Scan Direction": "Forward", "Index Name": "company_type_pkey", "Relation Name": "company_type", "Alias": "ct", "Startup Cost": 10000000000.0, "Total Cost": 1000000001230.25, "Plan Rows": 1, "Plan Width": 4, "Filter": "((kind)::text = 'production companies'::text)"}]}]}, {"Node Type": "Index Scan", "Parent Relationship": "Inner", "Scan Direction": "Forward", "Index Name": "title_pkey", "Relation Name": "title", "Alias": "t", "Startup Cost": 10000000000.0, "Total Cost": 1000011644126.66, "Plan Rows": 1013492, "Plan Width": 21, "Filter": "(production_year > 2005), (LLVM Optimized)"}]}]}]}]}, "Unique SQL Id": 2510907716, "Planner Runtime": 14}, "explain_analyze_plan": null}, "(64, '12')": {"explain_plan": {"Plan": {"Node Type": "Aggregate", "Strategy": "Plain", "Startup Cost": 69341.46, "Total Cost": 69341.47, "Plan Rows": 1, "Plan Width": 49, "Plans": [{"Node Type": "Nested Loop", "Parent Relationship": "Outer", "Join Type": "Inner", "Startup Cost": 0.0, "Total Cost": 69336.67, "Plan Rows": 1919, "Plan Width": 17, "Inner Unique": true, "Plans": [{"Node Type": "Nested Loop", "Parent Relationship": "Outer", "Join Type": "Inner", "Startup Cost": 0.0, "Total Cost": 68799.18, "Plan Rows": 1919, "Plan Width": 21, "Inner Unique": false, "Plans": [{"Node Type": "Nested Loop", "Parent Relationship": "Outer", "Join Type": "Inner", "Startup Cost": 0.0, "Total Cost": 66519.89, "Plan Rows": 1869, "Plan Width": 25, "Inner Unique": true, "Plans": [{"Node Type": "Nested Loop", "Parent Relationship": "Outer", "Join Type": "Inner", "Startup Cost": 0.0, "Total Cost": 54902.47, "Plan Rows": 1540, "Plan Width": 4, "Inner Unique": false, "Join Filter": "(ct.id = mc.company_type_id)", "Plans": [{"Node Type": "Seq Scan", "Parent Relationship": "Outer", "Relation Name": "company_type", "Alias": "ct", "Startup Cost": 0.0, "Total Cost": 1.04, "Plan Rows": 1, "Plan Width": 4, "Filter": "((kind)::text = 'production companies'::text)"}, {"Node Type": "Seq Scan", "Parent Relationship": "Inner", "Relation Name": "movie_companies", "Alias": "mc", "Startup Cost": 0.0, "Total Cost": 54862.92, "Plan Rows": 3081, "Plan Width": 8, "Filter": "(((note)::text ~~ '%(theatrical)%'::text) AND ((note)::text ~~ '%(France)%'::text))"}]}, {"Node Type": "Index Scan", "Parent Relationship": "Inner", "Scan Direction": "Forward", "Index Name": "title_pkey", "Relation Name": "title", "Alias": "t", "Startup Cost": 0.0, "Total Cost": 7.53, "Plan Rows": 1, "Plan Width": 21, "Index Cond": "(id = mc.movie_id)", "Filter": "(production_year > 2005)"}]}, {"Node Type": "Index Scan", "Parent Relationship": "Inner", "Scan Direction": "Forward", "Index Name": "movie_id_movie_info", "Relation Name": "movie_info", "Alias": "mi", "Startup Cost": 0.0, "Total Cost": 1.21, "Plan Rows": 1, "Plan Width": 8, "Index Cond": "(movie_id = t.id)", "Filter": "((info)::text = ANY ('{Sweden,Norway,Germany,Denmark,Swedish,Denish,Norwegian,German}'::text[]))"}]}, {"Node Type": "Index Scan", "Parent Relationship": "Inner", "Scan Direction": "Forward", "Index Name": "info_type_pkey", "Relation Name": "info_type", "Alias": "it", "Startup Cost": 0.0, "Total Cost": 0.27, "Plan Rows": 1, "Plan Width": 4, "Index Cond": "(id = mi.info_type_id)"}]}]}, "Unique SQL Id": 2510907716, "Planner Runtime": 11}, "explain_analyze_plan": {"Plan": {"Node Type": "Aggregate", "Strategy": "Plain", "Startup Cost": 69341.46, "Total Cost": 69341.47, "Plan Rows": 1, "Plan Width": 49, "Actual Startup Time": 1049.484, "Actual Total Time": 1049.485, "Actual Rows": 1, "Actual Loops": 1, "Plans": [{"Node Type": "Nested Loop", "Parent Relationship": "Outer", "Join Type": "Inner", "Startup Cost": 0.0, "Total Cost": 69336.67, "Plan Rows": 1919, "Plan Width": 17, "Actual Startup Time": 1049.476, "Actual Total Time": 1049.476, "Actual Rows": 0, "Actual Loops": 1, "Inner Unique": true, "Plans": [{"Node Type": "Nested Loop", "Parent Relationship": "Outer", "Join Type": "Inner", "Startup Cost": 0.0, "Total Cost": 68799.18, "Plan Rows": 1919, "Plan Width": 21, "Actual Startup Time": 1049.475, "Actual Total Time": 1049.475, "Actual Rows": 0, "Actual Loops": 1, "Inner Unique": false, "Plans": [{"Node Type": "Nested Loop", "Parent Relationship": "Outer", "Join Type": "Inner", "Startup Cost": 0.0, "Total Cost": 66519.89, "Plan Rows": 1869, "Plan Width": 25, "Actual Startup Time": 1049.474, "Actual Total Time": 1049.474, "Actual Rows": 0, "Actual Loops": 1, "Inner Unique": true, "Plans": [{"Node Type": "Nested Loop", "Parent Relationship": "Outer", "Join Type": "Inner", "Startup Cost": 0.0, "Total Cost": 54902.47, "Plan Rows": 1540, "Plan Width": 4, "Actual Startup Time": 1049.473, "Actual Total Time": 1049.473, "Actual Rows": 0, "Actual Loops": 1, "Inner Unique": false, "Join Filter": "(ct.id = mc.company_type_id)", "Rows Removed by Join Filter": 24025, "Plans": [{"Node Type": "Seq Scan", "Parent Relationship": "Outer", "Relation Name": "company_type", "Alias": "ct", "Startup Cost": 0.0, "Total Cost": 1.04, "Plan Rows": 1, "Plan Width": 4, "Actual Startup Time": 0.013, "Actual Total Time": 0.019, "Actual Rows": 1, "Actual Loops": 1, "Filter": "((kind)::text = 'production companies'::text)", "Rows Removed by Filter": 2}, {"Node Type": "Seq Scan", "Parent Relationship": "Inner", "Relation Name": "movie_companies", "Alias": "mc", "Startup Cost": 0.0, "Total Cost": 54862.92, "Plan Rows": 3081, "Plan Width": 8, "Actual Startup Time": 8.922, "Actual Total Time": 1044.162, "Actual Rows": 24025, "Actual Loops": 1, "Filter": "(((note)::text ~~ '%(theatrical)%'::text) AND ((note)::text ~~ '%(France)%'::text))", "Rows Removed by Filter": 2585103}]}, {"Node Type": "Index Scan", "Parent Relationship": "Inner", "Scan Direction": "Forward", "Index Name": "title_pkey", "Relation Name": "title", "Alias": "t", "Startup Cost": 0.0, "Total Cost": 7.53, "Plan Rows": 1, "Plan Width": 21, "Actual Startup Time": 0.0, "Actual Total Time": 0.0, "Index Cond": "(id = mc.movie_id)", "Rows Removed by Index Recheck": 0, "Filter": "(production_year > 2005)", "Rows Removed by Filter": 0}]}, {"Node Type": "Index Scan", "Parent Relationship": "Inner", "Scan Direction": "Forward", "Index Name": "movie_id_movie_info", "Relation Name": "movie_info", "Alias": "mi", "Startup Cost": 0.0, "Total Cost": 1.21, "Plan Rows": 1, "Plan Width": 8, "Actual Startup Time": 0.0, "Actual Total Time": 0.0, "Index Cond": "(movie_id = t.id)", "Rows Removed by Index Recheck": 0, "Filter": "((info)::text = ANY ('{Sweden,Norway,Germany,Denmark,Swedish,Denish,Norwegian,German}'::text[]))", "Rows Removed by Filter": 0}]}, {"Node Type": "Index Scan", "Parent Relationship": "Inner", "Scan Direction": "Forward", "Index Name": "info_type_pkey", "Relation Name": "info_type", "Alias": "it", "Startup Cost": 0.0, "Total Cost": 0.27, "Plan Rows": 1, "Plan Width": 4, "Actual Startup Time": 0.0, "Actual Total Time": 0.0, "Index Cond": "(id = mi.info_type_id)", "Rows Removed by Index Recheck": 0}]}]}, "Triggers": [], "Planner Runtime": 11.028, "Total Runtime": 1049.796, "Unique SQL Id": 2510907716}}, "(64, '13')": {"explain_plan": {"Plan": {"Node Type": "Aggregate", "Strategy": "Plain", "Startup Cost": 74107.05, "Total Cost": 74107.06, "Plan Rows": 1, "Plan Width": 49, "Plans": [{"Node Type": "Nested Loop", "Parent Relationship": "Outer", "Join Type": "Inner", "Startup Cost": 0.0, "Total Cost": 74102.25, "Plan Rows": 1919, "Plan Width": 17, "Inner Unique": true, "Plans": [{"Node Type": "Nested Loop", "Parent Relationship": "Outer", "Join Type": "Inner", "Startup Cost": 0.0, "Total Cost": 73564.77, "Plan Rows": 1919, "Plan Width": 21, "Inner Unique": false, "Plans": [{"Node Type": "Nested Loop", "Parent Relationship": "Outer", "Join Type": "Inner", "Startup Cost": 0.0, "Total Cost": 71285.47, "Plan Rows": 1869, "Plan Width": 25, "Inner Unique": true, "Plans": [{"Node Type": "Nested Loop", "Parent Relationship": "Outer", "Join Type": "Inner", "Startup Cost": 0.0, "Total Cost": 59668.05, "Plan Rows": 1540, "Plan Width": 4, "Inner Unique": false, "Plans": [{"Node Type": "Index Scan", "Parent Relationship": "Outer", "Scan Direction": "Forward", "Index Name": "company_type_pkey", "Relation Name": "company_type", "Alias": "ct", "Startup Cost": 0.0, "Total Cost": 12.3, "Plan Rows": 1, "Plan Width": 4, "Filter": "((kind)::text = 'production companies'::text)"}, {"Node Type": "Index Scan", "Parent Relationship": "Inner", "Scan Direction": "Forward", "Index Name": "company_type_id_movie_companies", "Relation Name": "movie_companies", "Alias": "mc", "Startup Cost": 0.0, "Total Cost": 59640.35, "Plan Rows": 1540, "Plan Width": 8, "Index Cond": "(company_type_id = ct.id)", "Filter": "(((note)::text ~~ '%(theatrical)%'::text) AND ((note)::text ~~ '%(France)%'::text))"}]}, {"Node Type": "Index Scan", "Parent Relationship": "Inner", "Scan Direction": "Forward", "Index Name": "title_pkey", "Relation Name": "title", "Alias": "t", "Startup Cost": 0.0, "Total Cost": 7.53, "Plan Rows": 1, "Plan Width": 21, "Index Cond": "(id = mc.movie_id)", "Filter": "(production_year > 2005)"}]}, {"Node Type": "Index Scan", "Parent Relationship": "Inner", "Scan Direction": "Forward", "Index Name": "movie_id_movie_info", "Relation Name": "movie_info", "Alias": "mi", "Startup Cost": 0.0, "Total Cost": 1.21, "Plan Rows": 1, "Plan Width": 8, "Index Cond": "(movie_id = t.id)", "Filter": "((info)::text = ANY ('{Sweden,Norway,Germany,Denmark,Swedish,Denish,Norwegian,German}'::text[]))"}]}, {"Node Type": "Index Scan", "Parent Relationship": "Inner", "Scan Direction": "Forward", "Index Name": "info_type_pkey", "Relation Name": "info_type", "Alias": "it", "Startup Cost": 0.0, "Total Cost": 0.27, "Plan Rows": 1, "Plan Width": 4, "Index Cond": "(id = mi.info_type_id)"}]}]}, "Unique SQL Id": 2510907716, "Planner Runtime": 7}, "explain_analyze_plan": {"Plan": {"Node Type": "Aggregate", "Strategy": "Plain", "Startup Cost": 74107.05, "Total Cost": 74107.06, "Plan Rows": 1, "Plan Width": 49, "Actual Startup Time": 698.478, "Actual Total Time": 698.478, "Actual Rows": 1, "Actual Loops": 1, "Plans": [{"Node Type": "Nested Loop", "Parent Relationship": "Outer", "Join Type": "Inner", "Startup Cost": 0.0, "Total Cost": 74102.25, "Plan Rows": 1919, "Plan Width": 17, "Actual Startup Time": 698.471, "Actual Total Time": 698.471, "Actual Rows": 0, "Actual Loops": 1, "Inner Unique": true, "Plans": [{"Node Type": "Nested Loop", "Parent Relationship": "Outer", "Join Type": "Inner", "Startup Cost": 0.0, "Total Cost": 73564.77, "Plan Rows": 1919, "Plan Width": 21, "Actual Startup Time": 698.468, "Actual Total Time": 698.468, "Actual Rows": 0, "Actual Loops": 1, "Inner Unique": false, "Plans": [{"Node Type": "Nested Loop", "Parent Relationship": "Outer", "Join Type": "Inner", "Startup Cost": 0.0, "Total Cost": 71285.47, "Plan Rows": 1869, "Plan Width": 25, "Actual Startup Time": 698.467, "Actual Total Time": 698.467, "Actual Rows": 0, "Actual Loops": 1, "Inner Unique": true, "Plans": [{"Node Type": "Nested Loop", "Parent Relationship": "Outer", "Join Type": "Inner", "Startup Cost": 0.0, "Total Cost": 59668.05, "Plan Rows": 1540, "Plan Width": 4, "Actual Startup Time": 698.466, "Actual Total Time": 698.466, "Actual Rows": 0, "Actual Loops": 1, "Inner Unique": false, "Plans": [{"Node Type": "Index Scan", "Parent Relationship": "Outer", "Scan Direction": "Forward", "Index Name": "company_type_pkey", "Relation Name": "company_type", "Alias": "ct", "Startup Cost": 0.0, "Total Cost": 12.3, "Plan Rows": 1, "Plan Width": 4, "Actual Startup Time": 0.014, "Actual Total Time": 0.022, "Actual Rows": 1, "Actual Loops": 1, "Filter": "((kind)::text = 'production companies'::text)", "Rows Removed by Filter": 2}, {"Node Type": "Index Scan", "Parent Relationship": "Inner", "Scan Direction": "Forward", "Index Name": "company_type_id_movie_companies", "Relation Name": "movie_companies", "Alias": "mc", "Startup Cost": 0.0, "Total Cost": 59640.35, "Plan Rows": 1540, "Plan Width": 8, "Actual Startup Time": 698.437, "Actual Total Time": 698.437, "Actual Rows": 0, "Actual Loops": 1, "Index Cond": "(company_type_id = ct.id)", "Rows Removed by Index Recheck": 0, "Filter": "(((note)::text ~~ '%(theatrical)%'::text) AND ((note)::text ~~ '%(France)%'::text))", "Rows Removed by Filter": 1334883}]}, {"Node Type": "Index Scan", "Parent Relationship": "Inner", "Scan Direction": "Forward", "Index Name": "title_pkey", "Relation Name": "title", "Alias": "t", "Startup Cost": 0.0, "Total Cost": 7.53, "Plan Rows": 1, "Plan Width": 21, "Actual Startup Time": 0.0, "Actual Total Time": 0.0, "Index Cond": "(id = mc.movie_id)", "Rows Removed by Index Recheck": 0, "Filter": "(production_year > 2005)", "Rows Removed by Filter": 0}]}, {"Node Type": "Index Scan", "Parent Relationship": "Inner", "Scan Direction": "Forward", "Index Name": "movie_id_movie_info", "Relation Name": "movie_info", "Alias": "mi", "Startup Cost": 0.0, "Total Cost": 1.21, "Plan Rows": 1, "Plan Width": 8, "Actual Startup Time": 0.0, "Actual Total Time": 0.0, "Index Cond": "(movie_id = t.id)", "Rows Removed by Index Recheck": 0, "Filter": "((info)::text = ANY ('{Sweden,Norway,Germany,Denmark,Swedish,Denish,Norwegian,German}'::text[]))", "Rows Removed by Filter": 0}]}, {"Node Type": "Index Scan", "Parent Relationship": "Inner", "Scan Direction": "Forward", "Index Name": "info_type_pkey", "Relation Name": "info_type", "Alias": "it", "Startup Cost": 0.0, "Total Cost": 0.27, "Plan Rows": 1, "Plan Width": 4, "Actual Startup Time": 0.0, "Actual Total Time": 0.0, "Index Cond": "(id = mi.info_type_id)", "Rows Removed by Index Recheck": 0}]}]}, "Triggers": [], "Planner Runtime": 8.158, "Total Runtime": 698.747, "Unique SQL Id": 2510907716}}, "(64, '14')": {"explain_plan": {"Plan": {"Node Type": "Aggregate", "Strategy": "Plain", "Startup Cost": 221589.16, "Total Cost": 221589.17, "Plan Rows": 1, "Plan Width": 49, "Plans": [{"Node Type": "Hash Join", "Parent Relationship": "Outer", "Join Type": "Inner", "Startup Cost": 148141.72, "Total Cost": 221584.36, "Plan Rows": 1919, "Plan Width": 17, "Inner Unique": true, "Hash Cond": "(mi.info_type_id = it.id)", "Plans": [{"Node Type": "Hash Join", "Parent Relationship": "Outer", "Join Type": "Inner", "Startup Cost": 148138.2, "Total Cost": 221554.45, "Plan Rows": 1919, "Plan Width": 21, "Inner Unique": false, "Hash Cond": "(mi.movie_id = t.id)", "Plans": [{"Node Type": "Streaming(type: LOCAL GATHER dop: 1/64)", "Parent Relationship": "Outer", "Startup Cost": 0.0, "Total Cost": 72882.54, "Plan Rows": 141478, "Plan Width": 8, "Plans": [{"Node Type": "Seq Scan", "Parent Relationship": "Outer", "Relation Name": "movie_info", "Alias": "mi", "Startup Cost": 0.0, "Total Cost": 69963.86, "Plan Rows": 141478, "Plan Width": 8, "Filter": "((info)::text = ANY ('{Sweden,Norway,Germany,Denmark,Swedish,Denish,Norwegian,German}'::text[]))"}]}, {"Node Type": "Hash", "Parent Relationship": "Inner", "Startup Cost": 148114.84, "Total Cost": 148114.84, "Plan Rows": 1869, "Plan Width": 25, "Plans": [{"Node Type": "Hash Join", "Parent Relationship": "Outer", "Join Type": "Inner", "Startup Cost": 54921.72, "Total Cost": 148114.84, "Plan Rows": 1869, "Plan Width": 25, "Inner Unique": false, "Hash Cond": "(t.id = mc.movie_id)", "Plans": [{"Node Type": "Streaming(type: LOCAL GATHER dop: 1/64)", "Parent Relationship": "Outer", "Startup Cost": 0.0, "Total Cost": 84945.56, "Plan Rows": 1013492, "Plan Width": 21, "Plans": [{"Node Type": "Seq Scan", "Parent Relationship": "Outer", "Relation Name": "title", "Alias": "t", "Startup Cost": 0.0, "Total Cost": 64037.34, "Plan Rows": 1013492, "Plan Width": 21, "Filter": "(production_year > 2005), (LLVM Optimized)"}]}, {"Node Type": "Hash", "Parent Relationship": "Inner", "Startup Cost": 54902.47, "Total Cost": 54902.47, "Plan Rows": 1540, "Plan Width": 4, "Plans": [{"Node Type": "Nested Loop", "Parent Relationship": "Outer", "Join Type": "Inner", "Startup Cost": 0.0, "Total Cost": 54902.47, "Plan Rows": 1540, "Plan Width": 4, "Inner Unique": false, "Join Filter": "(ct.id = mc.company_type_id)", "Plans": [{"Node Type": "Seq Scan", "Parent Relationship": "Outer", "Relation Name": "company_type", "Alias": "ct", "Startup Cost": 0.0, "Total Cost": 1.04, "Plan Rows": 1, "Plan Width": 4, "Filter": "((kind)::text = 'production companies'::text)"}, {"Node Type": "Seq Scan", "Parent Relationship": "Inner", "Relation Name": "movie_companies", "Alias": "mc", "Startup Cost": 0.0, "Total Cost": 54862.92, "Plan Rows": 3081, "Plan Width": 8, "Filter": "(((note)::text ~~ '%(theatrical)%'::text) AND ((note)::text ~~ '%(France)%'::text))"}]}]}]}]}]}, {"Node Type": "Hash", "Parent Relationship": "Inner", "Startup Cost": 2.12, "Total Cost": 2.12, "Plan Rows": 112, "Plan Width": 4, "Plans": [{"Node Type": "Seq Scan", "Parent Relationship": "Outer", "Relation Name": "info_type", "Alias": "it", "Startup Cost": 0.0, "Total Cost": 2.12, "Plan Rows": 112, "Plan Width": 4}]}]}]}, "Unique SQL Id": 2510907716, "Planner Runtime": 17}, "explain_analyze_plan": {"Plan": {"Node Type": "Aggregate", "Strategy": "Plain", "Startup Cost": 221589.16, "Total Cost": 221589.17, "Plan Rows": 1, "Plan Width": 49, "Actual Min Startup Time": 1060.425, "Actual Max Startup Time": 1060.425, "Actual Min Total Time": 1060.425, "Actual Max Total Time": 1060.425, "Plans": [{"Node Type": "Hash Join", "Parent Relationship": "Outer", "Join Type": "Inner", "Startup Cost": 148141.72, "Total Cost": 221584.36, "Plan Rows": 1919, "Plan Width": 17, "Actual Min Startup Time": 1060.414, "Actual Max Startup Time": 1060.414, "Actual Min Total Time": 1060.414, "Actual Max Total Time": 1060.414, "Inner Unique": true, "Hash Cond": "(mi.info_type_id = it.id)", "Plans": [{"Node Type": "Hash Join", "Parent Relationship": "Outer", "Join Type": "Inner", "Startup Cost": 148138.2, "Total Cost": 221554.45, "Plan Rows": 1919, "Plan Width": 21, "Actual Min Startup Time": 1059.742, "Actual Max Startup Time": 1059.742, "Actual Min Total Time": 1059.742, "Actual Max Total Time": 1059.742, "Inner Unique": false, "Hash Cond": "(mi.movie_id = t.id)", "Plans": [{"Node Type": "Streaming(type: LOCAL GATHER dop: 1/64)", "Parent Relationship": "Outer", "Startup Cost": 0.0, "Total Cost": 72882.54, "Plan Rows": 141478, "Plan Width": 8, "Actual Startup Time": 0.0, "Actual Total Time": 0.0, "Plans": [{"Node Type": "Seq Scan", "Parent Relationship": "Outer", "Relation Name": "movie_info", "Alias": "mi", "Startup Cost": 0.0, "Total Cost": 69963.86, "Plan Rows": 141478, "Plan Width": 8, "Actual Min Startup Time": 0.041, "Actual Max Startup Time": 6.164, "Actual Min Total Time": 0.086, "Actual Max Total Time": 127.727, "Filter": "((info)::text = ANY ('{Sweden,Norway,Germany,Denmark,Swedish,Denish,Norwegian,German}'::text[]))", "Rows Removed by Filter": 2642135, "Actual Rows": 6429}]}, {"Node Type": "Hash", "Parent Relationship": "Inner", "Startup Cost": 148114.84, "Total Cost": 148114.84, "Plan Rows": 1869, "Plan Width": 25, "Actual Min Startup Time": 1059.401, "Actual Max Startup Time": 1059.401, "Actual Min Total Time": 1059.401, "Actual Max Total Time": 1059.401, "Max Hash Buckets": 32768, "Min Hash Buckets": 32768, "Max Hash Batches": 1, "Min Hash Batches": 1, "Max Original Hash Batches": 1, "Min Original Hash Batches": 1, "Max Peak Memory Usage": 0, "min Peak Memory Usage": 0, "Plans": [{"Node Type": "Hash Join", "Parent Relationship": "Outer", "Join Type": "Inner", "Startup Cost": 54921.72, "Total Cost": 148114.84, "Plan Rows": 1869, "Plan Width": 25, "Actual Min Startup Time": 1059.398, "Actual Max Startup Time": 1059.398, "Actual Min Total Time": 1059.398, "Actual Max Total Time": 1059.398, "Inner Unique": false, "Hash Cond": "(t.id = mc.movie_id)", "Plans": [{"Node Type": "Streaming(type: LOCAL GATHER dop: 1/64)", "Parent Relationship": "Outer", "Startup Cost": 0.0, "Total Cost": 84945.56, "Plan Rows": 1013492, "Plan Width": 21, "Actual Startup Time": 0.0, "Actual Total Time": 0.0, "Plans": [{"Node Type": "Seq Scan", "Parent Relationship": "Outer", "Relation Name": "title", "Alias": "t", "Startup Cost": 0.0, "Total Cost": 64037.34, "Plan Rows": 1013492, "Plan Width": 21, "Actual Min Startup Time": 0.026, "Actual Max Startup Time": 0.057, "Actual Min Total Time": 0.1, "Actual Max Total Time": 0.148, "Filter": "(production_year > 2005), (LLVM Optimized, Jit Execute)", "Rows Removed by Filter": 8012, "Actual Rows": 6464}]}, {"Node Type": "Hash", "Parent Relationship": "Inner", "Startup Cost": 54902.47, "Total Cost": 54902.47, "Plan Rows": 1540, "Plan Width": 4, "Actual Min Startup Time": 1059.141, "Actual Max Startup Time": 1059.141, "Actual Min Total Time": 1059.141, "Actual Max Total Time": 1059.141, "Max Hash Buckets": 32768, "Min Hash Buckets": 32768, "Max Hash Batches": 1, "Min Hash Batches": 1, "Max Original Hash Batches": 1, "Min Original Hash Batches": 1, "Max Peak Memory Usage": 0, "min Peak Memory Usage": 0, "Plans": [{"Node Type": "Nested Loop", "Parent Relationship": "Outer", "Join Type": "Inner", "Startup Cost": 0.0, "Total Cost": 54902.47, "Plan Rows": 1540, "Plan Width": 4, "Actual Min Startup Time": 1059.137, "Actual Max Startup Time": 1059.137, "Actual Min Total Time": 1059.137, "Actual Max Total Time": 1059.137, "Inner Unique": false, "Join Filter": "(ct.id = mc.company_type_id)", "Rows Removed by Join Filter": 24025, "Plans": [{"Node Type": "Seq Scan", "Parent Relationship": "Outer", "Relation Name": "company_type", "Alias": "ct", "Startup Cost": 0.0, "Total Cost": 1.04, "Plan Rows": 1, "Plan Width": 4, "Actual Min Startup Time": 0.027, "Actual Max Startup Time": 0.027, "Actual Min Total Time": 0.034, "Actual Max Total Time": 0.034, "Filter": "((kind)::text = 'production companies'::text)", "Rows Removed by Filter": 2, "Actual Rows": 1}, {"Node Type": "Seq Scan", "Parent Relationship": "Inner", "Relation Name": "movie_companies", "Alias": "mc", "Startup Cost": 0.0, "Total Cost": 54862.92, "Plan Rows": 3081, "Plan Width": 8, "Actual Min Startup Time": 9.036, "Actual Max Startup Time": 9.036, "Actual Min Total Time": 1053.506, "Actual Max Total Time": 1053.506, "Filter": "(((note)::text ~~ '%(theatrical)%'::text) AND ((note)::text ~~ '%(France)%'::text))", "Rows Removed by Filter": 2585103, "Actual Rows": 24025}], "Actual Rows": 0}], "Actual Rows": 0}], "Actual Rows": 0}], "Actual Rows": 0}], "Actual Rows": 0}, {"Node Type": "Hash", "Parent Relationship": "Inner", "Startup Cost": 2.12, "Total Cost": 2.12, "Plan Rows": 112, "Plan Width": 4, "Actual Min Startup Time": 0.136, "Actual Max Startup Time": 0.136, "Actual Min Total Time": 0.136, "Actual Max Total Time": 0.136, "Max Hash Buckets": 32768, "Min Hash Buckets": 32768, "Max Hash Batches": 1, "Min Hash Batches": 1, "Max Original Hash Batches": 1, "Min Original Hash Batches": 1, "Max Peak Memory Usage": 4, "min Peak Memory Usage": 4, "Plans": [{"Node Type": "Seq Scan", "Parent Relationship": "Outer", "Relation Name": "info_type", "Alias": "it", "Startup Cost": 0.0, "Total Cost": 2.12, "Plan Rows": 112, "Plan Width": 4, "Actual Min Startup Time": 0.062, "Actual Max Startup Time": 0.062, "Actual Min Total Time": 0.084, "Actual Max Total Time": 0.084, "Actual Rows": 112}], "Actual Rows": 112}], "Actual Rows": 0}], "Actual Rows": 1}, "Triggers": [], "Planner Runtime": 17.641, "Total Runtime": 1095.014, "Unique SQL Id": 2510907716}}, "(64, '15')": {"explain_plan": {"Plan": {"Node Type": "Aggregate", "Strategy": "Plain", "Startup Cost": 4997607846708.68, "Total Cost": 4997607846708.69, "Plan Rows": 1, "Plan Width": 49, "Plans": [{"Node Type": "Merge Join", "Parent Relationship": "Outer", "Join Type": "Inner", "Startup Cost": 50021490308.98, "Total Cost": 4997607846703.88, "Plan Rows": 1919, "Plan Width": 17, "Inner Unique": false, "Merge Cond": "(mi.movie_id = t.id)", "Plans": [{"Node Type": "Nested Loop", "Parent Relationship": "Outer", "Join Type": "Inner", "Startup Cost": 20000000000.0, "Total Cost": 2000118925954.54, "Plan Rows": 141478, "Plan Width": 4, "Inner Unique": true, "Join Filter": "(it.id = mi.info_type_id), (LLVM Optimized)", "Plans": [{"Node Type": "Index Scan", "Parent Relationship": "Outer", "Scan Direction": "Forward", "Index Name": "movie_id_movie_info", "Relation Name": "movie_info", "Alias": "mi", "Startup Cost": 10000000000.0, "Total Cost": 1000118686878.22, "Plan Rows": 141478, "Plan Width": 8, "Filter": "((info)::text = ANY ('{Sweden,Norway,Germany,Denmark,Swedish,Denish,Norwegian,German}'::text[]))"}, {"Node Type": "Materialize", "Parent Relationship": "Inner", "Startup Cost": 10000000000.0, "Total Cost": 1000000001393.56, "Plan Rows": 112, "Plan Width": 4, "Plans": [{"Node Type": "Index Scan", "Parent Relationship": "Outer", "Scan Direction": "Forward", "Index Name": "info_type_pkey", "Relation Name": "info_type", "Alias": "it", "Startup Cost": 10000000000.0, "Total Cost": 1000000001393.0, "Plan Rows": 112, "Plan Width": 4}]}]}, {"Node Type": "Materialize", "Parent Relationship": "Inner", "Startup Cost": 30021490308.98, "Total Cost": 2999077500382.5, "Plan Rows": 1869, "Plan Width": 25, "Plans": [{"Node Type": "Merge Join", "Parent Relationship": "Outer", "Join Type": "Inner", "Startup Cost": 30021490308.98, "Total Cost": 2999077500377.83, "Plan Rows": 1869, "Plan Width": 25, "Inner Unique": true, "Merge Cond": "(mc.movie_id = t.id)", "Plans": [{"Node Type": "Nested Loop", "Parent Relationship": "Outer", "Join Type": "Inner", "Startup Cost": 20000000000.0, "Total Cost": 2000014357786.6, "Plan Rows": 1540, "Plan Width": 4, "Inner Unique": true, "Join Filter": "(ct.id = mc.company_type_id)", "Plans": [{"Node Type": "Index Scan", "Parent Relationship": "Outer", "Scan Direction": "Forward", "Index Name": "movie_id_movie_companies", "Relation Name": "movie_companies", "Alias": "mc", "Startup Cost": 10000000000.0, "Total Cost": 1000014356510.13, "Plan Rows": 3081, "Plan Width": 8, "Filter": "(((note)::text ~~ '%(theatrical)%'::text) AND ((note)::text ~~ '%(France)%'::text))"}, {"Node Type": "Materialize", "Parent Relationship": "Inner", "Startup Cost": 10000000000.0, "Total Cost": 1000000001230.26, "Plan Rows": 1, "Plan Width": 4, "Plans": [{"Node Type": "Index Scan", "Parent Relationship": "Outer", "Scan Direction": "Forward", "Index Name": "company_type_pkey", "Relation Name": "company_type", "Alias": "ct", "Startup Cost": 10000000000.0, "Total Cost": 1000000001230.25, "Plan Rows": 1, "Plan Width": 4, "Filter": "((kind)::text = 'production companies'::text)"}]}]}, {"Node Type": "Index Scan", "Parent Relationship": "Inner", "Scan Direction": "Forward", "Index Name": "title_pkey", "Relation Name": "title", "Alias": "t", "Startup Cost": 10000000000.0, "Total Cost": 1000011644126.66, "Plan Rows": 1013492, "Plan Width": 21, "Filter": "(production_year > 2005), (LLVM Optimized)"}]}]}]}]}, "Unique SQL Id": 2510907716, "Planner Runtime": 13}, "explain_analyze_plan": null}, "(64, '16')": {"explain_plan": {"Plan": {"Node Type": "Aggregate", "Strategy": "Plain", "Startup Cost": 69341.41, "Total Cost": 69341.42, "Plan Rows": 1, "Plan Width": 49, "Plans": [{"Node Type": "Nested Loop", "Parent Relationship": "Outer", "Join Type": "Inner", "Startup Cost": 0.0, "Total Cost": 69336.61, "Plan Rows": 1919, "Plan Width": 17, "Inner Unique": true, "Plans": [{"Node Type": "Nested Loop", "Parent Relationship": "Outer", "Join Type": "Inner", "Startup Cost": 0.0, "Total Cost": 68799.18, "Plan Rows": 1919, "Plan Width": 21, "Inner Unique": false, "Plans": [{"Node Type": "Nested Loop", "Parent Relationship": "Outer", "Join Type": "Inner", "Startup Cost": 0.0, "Total Cost": 66519.89, "Plan Rows": 1869, "Plan Width": 25, "Inner Unique": true, "Plans": [{"Node Type": "Nested Loop", "Parent Relationship": "Outer", "Join Type": "Inner", "Startup Cost": 0.0, "Total Cost": 54902.47, "Plan Rows": 1540, "Plan Width": 4, "Inner Unique": false, "Join Filter": "(ct.id = mc.company_type_id)", "Plans": [{"Node Type": "Seq Scan", "Parent Relationship": "Outer", "Relation Name": "company_type", "Alias": "ct", "Startup Cost": 0.0, "Total Cost": 1.04, "Plan Rows": 1, "Plan Width": 4, "Filter": "((kind)::text = 'production companies'::text)"}, {"Node Type": "Seq Scan", "Parent Relationship": "Inner", "Relation Name": "movie_companies", "Alias": "mc", "Startup Cost": 0.0, "Total Cost": 54862.92, "Plan Rows": 3081, "Plan Width": 8, "Filter": "(((note)::text ~~ '%(theatrical)%'::text) AND ((note)::text ~~ '%(France)%'::text))"}]}, {"Node Type": "Index Scan", "Parent Relationship": "Inner", "Scan Direction": "Forward", "Index Name": "title_pkey", "Relation Name": "title", "Alias": "t", "Startup Cost": 0.0, "Total Cost": 7.53, "Plan Rows": 1, "Plan Width": 21, "Index Cond": "(id = mc.movie_id)", "Filter": "(production_year > 2005)"}]}, {"Node Type": "Index Scan", "Parent Relationship": "Inner", "Scan Direction": "Forward", "Index Name": "movie_id_movie_info", "Relation Name": "movie_info", "Alias": "mi", "Startup Cost": 0.0, "Total Cost": 1.21, "Plan Rows": 1, "Plan Width": 8, "Index Cond": "(movie_id = t.id)", "Filter": "((info)::text = ANY ('{Sweden,Norway,Germany,Denmark,Swedish,Denish,Norwegian,German}'::text[]))"}]}, {"Node Type": "Index Only Scan", "Parent Relationship": "Inner", "Scan Direction": "Forward", "Index Name": "info_type_pkey", "Relation Name": "info_type", "Alias": "it", "Startup Cost": 0.0, "Total Cost": 0.27, "Plan Rows": 1, "Plan Width": 4, "Index Cond": "(id = mi.info_type_id)"}]}]}, "Unique SQL Id": 2510907716, "Planner Runtime": 7}, "explain_analyze_plan": {"Plan": {"Node Type": "Aggregate", "Strategy": "Plain", "Startup Cost": 69341.41, "Total Cost": 69341.42, "Plan Rows": 1, "Plan Width": 49, "Actual Startup Time": 1038.715, "Actual Total Time": 1038.716, "Actual Rows": 1, "Actual Loops": 1, "Plans": [{"Node Type": "Nested Loop", "Parent Relationship": "Outer", "Join Type": "Inner", "Startup Cost": 0.0, "Total Cost": 69336.61, "Plan Rows": 1919, "Plan Width": 17, "Actual Startup Time": 1038.706, "Actual Total Time": 1038.706, "Actual Rows": 0, "Actual Loops": 1, "Inner Unique": true, "Plans": [{"Node Type": "Nested Loop", "Parent Relationship": "Outer", "Join Type": "Inner", "Startup Cost": 0.0, "Total Cost": 68799.18, "Plan Rows": 1919, "Plan Width": 21, "Actual Startup Time": 1038.704, "Actual Total Time": 1038.704, "Actual Rows": 0, "Actual Loops": 1, "Inner Unique": false, "Plans": [{"Node Type": "Nested Loop", "Parent Relationship": "Outer", "Join Type": "Inner", "Startup Cost": 0.0, "Total Cost": 66519.89, "Plan Rows": 1869, "Plan Width": 25, "Actual Startup Time": 1038.703, "Actual Total Time": 1038.703, "Actual Rows": 0, "Actual Loops": 1, "Inner Unique": true, "Plans": [{"Node Type": "Nested Loop", "Parent Relationship": "Outer", "Join Type": "Inner", "Startup Cost": 0.0, "Total Cost": 54902.47, "Plan Rows": 1540, "Plan Width": 4, "Actual Startup Time": 1038.702, "Actual Total Time": 1038.702, "Actual Rows": 0, "Actual Loops": 1, "Inner Unique": false, "Join Filter": "(ct.id = mc.company_type_id)", "Rows Removed by Join Filter": 24025, "Plans": [{"Node Type": "Seq Scan", "Parent Relationship": "Outer", "Relation Name": "company_type", "Alias": "ct", "Startup Cost": 0.0, "Total Cost": 1.04, "Plan Rows": 1, "Plan Width": 4, "Actual Startup Time": 0.022, "Actual Total Time": 0.025, "Actual Rows": 1, "Actual Loops": 1, "Filter": "((kind)::text = 'production companies'::text)", "Rows Removed by Filter": 2}, {"Node Type": "Seq Scan", "Parent Relationship": "Inner", "Relation Name": "movie_companies", "Alias": "mc", "Startup Cost": 0.0, "Total Cost": 54862.92, "Plan Rows": 3081, "Plan Width": 8, "Actual Startup Time": 8.799, "Actual Total Time": 1033.327, "Actual Rows": 24025, "Actual Loops": 1, "Filter": "(((note)::text ~~ '%(theatrical)%'::text) AND ((note)::text ~~ '%(France)%'::text))", "Rows Removed by Filter": 2585103}]}, {"Node Type": "Index Scan", "Parent Relationship": "Inner", "Scan Direction": "Forward", "Index Name": "title_pkey", "Relation Name": "title", "Alias": "t", "Startup Cost": 0.0, "Total Cost": 7.53, "Plan Rows": 1, "Plan Width": 21, "Actual Startup Time": 0.0, "Actual Total Time": 0.0, "Index Cond": "(id = mc.movie_id)", "Rows Removed by Index Recheck": 0, "Filter": "(production_year > 2005)", "Rows Removed by Filter": 0}]}, {"Node Type": "Index Scan", "Parent Relationship": "Inner", "Scan Direction": "Forward", "Index Name": "movie_id_movie_info", "Relation Name": "movie_info", "Alias": "mi", "Startup Cost": 0.0, "Total Cost": 1.21, "Plan Rows": 1, "Plan Width": 8, "Actual Startup Time": 0.0, "Actual Total Time": 0.0, "Index Cond": "(movie_id = t.id)", "Rows Removed by Index Recheck": 0, "Filter": "((info)::text = ANY ('{Sweden,Norway,Germany,Denmark,Swedish,Denish,Norwegian,German}'::text[]))", "Rows Removed by Filter": 0}]}, {"Node Type": "Index Only Scan", "Parent Relationship": "Inner", "Scan Direction": "Forward", "Index Name": "info_type_pkey", "Relation Name": "info_type", "Alias": "it", "Startup Cost": 0.0, "Total Cost": 0.27, "Plan Rows": 1, "Plan Width": 4, "Actual Startup Time": 0.0, "Actual Total Time": 0.0, "Index Cond": "(id = mi.info_type_id)", "Rows Removed by Index Recheck": 0, "Heap Fetches": 0}]}]}, "Triggers": [], "Planner Runtime": 11.067, "Total Runtime": 1038.954, "Unique SQL Id": 2510907716}}, "(64, '17')": {"explain_plan": {"Plan": {"Node Type": "Aggregate", "Strategy": "Plain", "Startup Cost": 74106.99, "Total Cost": 74107.0, "Plan Rows": 1, "Plan Width": 49, "Plans": [{"Node Type": "Nested Loop", "Parent Relationship": "Outer", "Join Type": "Inner", "Startup Cost": 0.0, "Total Cost": 74102.19, "Plan Rows": 1919, "Plan Width": 17, "Inner Unique": true, "Plans": [{"Node Type": "Nested Loop", "Parent Relationship": "Outer", "Join Type": "Inner", "Startup Cost": 0.0, "Total Cost": 73564.77, "Plan Rows": 1919, "Plan Width": 21, "Inner Unique": false, "Plans": [{"Node Type": "Nested Loop", "Parent Relationship": "Outer", "Join Type": "Inner", "Startup Cost": 0.0, "Total Cost": 71285.47, "Plan Rows": 1869, "Plan Width": 25, "Inner Unique": true, "Plans": [{"Node Type": "Nested Loop", "Parent Relationship": "Outer", "Join Type": "Inner", "Startup Cost": 0.0, "Total Cost": 59668.05, "Plan Rows": 1540, "Plan Width": 4, "Inner Unique": false, "Plans": [{"Node Type": "Index Scan", "Parent Relationship": "Outer", "Scan Direction": "Forward", "Index Name": "company_type_pkey", "Relation Name": "company_type", "Alias": "ct", "Startup Cost": 0.0, "Total Cost": 12.3, "Plan Rows": 1, "Plan Width": 4, "Filter": "((kind)::text = 'production companies'::text)"}, {"Node Type": "Index Scan", "Parent Relationship": "Inner", "Scan Direction": "Forward", "Index Name": "company_type_id_movie_companies", "Relation Name": "movie_companies", "Alias": "mc", "Startup Cost": 0.0, "Total Cost": 59640.35, "Plan Rows": 1540, "Plan Width": 8, "Index Cond": "(company_type_id = ct.id)", "Filter": "(((note)::text ~~ '%(theatrical)%'::text) AND ((note)::text ~~ '%(France)%'::text))"}]}, {"Node Type": "Index Scan", "Parent Relationship": "Inner", "Scan Direction": "Forward", "Index Name": "title_pkey", "Relation Name": "title", "Alias": "t", "Startup Cost": 0.0, "Total Cost": 7.53, "Plan Rows": 1, "Plan Width": 21, "Index Cond": "(id = mc.movie_id)", "Filter": "(production_year > 2005)"}]}, {"Node Type": "Index Scan", "Parent Relationship": "Inner", "Scan Direction": "Forward", "Index Name": "movie_id_movie_info", "Relation Name": "movie_info", "Alias": "mi", "Startup Cost": 0.0, "Total Cost": 1.21, "Plan Rows": 1, "Plan Width": 8, "Index Cond": "(movie_id = t.id)", "Filter": "((info)::text = ANY ('{Sweden,Norway,Germany,Denmark,Swedish,Denish,Norwegian,German}'::text[]))"}]}, {"Node Type": "Index Only Scan", "Parent Relationship": "Inner", "Scan Direction": "Forward", "Index Name": "info_type_pkey", "Relation Name": "info_type", "Alias": "it", "Startup Cost": 0.0, "Total Cost": 0.27, "Plan Rows": 1, "Plan Width": 4, "Index Cond": "(id = mi.info_type_id)"}]}]}, "Unique SQL Id": 2510907716, "Planner Runtime": 7}, "explain_analyze_plan": {"Plan": {"Node Type": "Aggregate", "Strategy": "Plain", "Startup Cost": 74106.99, "Total Cost": 74107.0, "Plan Rows": 1, "Plan Width": 49, "Actual Startup Time": 629.666, "Actual Total Time": 629.667, "Actual Rows": 1, "Actual Loops": 1, "Plans": [{"Node Type": "Nested Loop", "Parent Relationship": "Outer", "Join Type": "Inner", "Startup Cost": 0.0, "Total Cost": 74102.19, "Plan Rows": 1919, "Plan Width": 17, "Actual Startup Time": 629.656, "Actual Total Time": 629.656, "Actual Rows": 0, "Actual Loops": 1, "Inner Unique": true, "Plans": [{"Node Type": "Nested Loop", "Parent Relationship": "Outer", "Join Type": "Inner", "Startup Cost": 0.0, "Total Cost": 73564.77, "Plan Rows": 1919, "Plan Width": 21, "Actual Startup Time": 629.655, "Actual Total Time": 629.655, "Actual Rows": 0, "Actual Loops": 1, "Inner Unique": false, "Plans": [{"Node Type": "Nested Loop", "Parent Relationship": "Outer", "Join Type": "Inner", "Startup Cost": 0.0, "Total Cost": 71285.47, "Plan Rows": 1869, "Plan Width": 25, "Actual Startup Time": 629.655, "Actual Total Time": 629.655, "Actual Rows": 0, "Actual Loops": 1, "Inner Unique": true, "Plans": [{"Node Type": "Nested Loop", "Parent Relationship": "Outer", "Join Type": "Inner", "Startup Cost": 0.0, "Total Cost": 59668.05, "Plan Rows": 1540, "Plan Width": 4, "Actual Startup Time": 629.654, "Actual Total Time": 629.654, "Actual Rows": 0, "Actual Loops": 1, "Inner Unique": false, "Plans": [{"Node Type": "Index Scan", "Parent Relationship": "Outer", "Scan Direction": "Forward", "Index Name": "company_type_pkey", "Relation Name": "company_type", "Alias": "ct", "Startup Cost": 0.0, "Total Cost": 12.3, "Plan Rows": 1, "Plan Width": 4, "Actual Startup Time": 0.022, "Actual Total Time": 0.03, "Actual Rows": 1, "Actual Loops": 1, "Filter": "((kind)::text = 'production companies'::text)", "Rows Removed by Filter": 2}, {"Node Type": "Index Scan", "Parent Relationship": "Inner", "Scan Direction": "Forward", "Index Name": "company_type_id_movie_companies", "Relation Name": "movie_companies", "Alias": "mc", "Startup Cost": 0.0, "Total Cost": 59640.35, "Plan Rows": 1540, "Plan Width": 8, "Actual Startup Time": 629.618, "Actual Total Time": 629.618, "Actual Rows": 0, "Actual Loops": 1, "Index Cond": "(company_type_id = ct.id)", "Rows Removed by Index Recheck": 0, "Filter": "(((note)::text ~~ '%(theatrical)%'::text) AND ((note)::text ~~ '%(France)%'::text))", "Rows Removed by Filter": 1334883}]}, {"Node Type": "Index Scan", "Parent Relationship": "Inner", "Scan Direction": "Forward", "Index Name": "title_pkey", "Relation Name": "title", "Alias": "t", "Startup Cost": 0.0, "Total Cost": 7.53, "Plan Rows": 1, "Plan Width": 21, "Actual Startup Time": 0.0, "Actual Total Time": 0.0, "Index Cond": "(id = mc.movie_id)", "Rows Removed by Index Recheck": 0, "Filter": "(production_year > 2005)", "Rows Removed by Filter": 0}]}, {"Node Type": "Index Scan", "Parent Relationship": "Inner", "Scan Direction": "Forward", "Index Name": "movie_id_movie_info", "Relation Name": "movie_info", "Alias": "mi", "Startup Cost": 0.0, "Total Cost": 1.21, "Plan Rows": 1, "Plan Width": 8, "Actual Startup Time": 0.0, "Actual Total Time": 0.0, "Index Cond": "(movie_id = t.id)", "Rows Removed by Index Recheck": 0, "Filter": "((info)::text = ANY ('{Sweden,Norway,Germany,Denmark,Swedish,Denish,Norwegian,German}'::text[]))", "Rows Removed by Filter": 0}]}, {"Node Type": "Index Only Scan", "Parent Relationship": "Inner", "Scan Direction": "Forward", "Index Name": "info_type_pkey", "Relation Name": "info_type", "Alias": "it", "Startup Cost": 0.0, "Total Cost": 0.27, "Plan Rows": 1, "Plan Width": 4, "Actual Startup Time": 0.0, "Actual Total Time": 0.0, "Index Cond": "(id = mi.info_type_id)", "Rows Removed by Index Recheck": 0, "Heap Fetches": 0}]}]}, "Triggers": [], "Planner Runtime": 8.174, "Total Runtime": 629.914, "Unique SQL Id": 2510907716}}, "(64, '18')": {"explain_plan": {"Plan": {"Node Type": "Aggregate", "Strategy": "Plain", "Startup Cost": 75586.82, "Total Cost": 75586.83, "Plan Rows": 1, "Plan Width": 49, "Plans": [{"Node Type": "Merge Join", "Parent Relationship": "Outer", "Join Type": "Inner", "Startup Cost": 75553.2, "Total Cost": 75582.02, "Plan Rows": 1919, "Plan Width": 17, "Inner Unique": false, "Merge Cond": "(it.id = mi.info_type_id)", "Plans": [{"Node Type": "Sort", "Parent Relationship": "Outer", "Startup Cost": 5.93, "Total Cost": 6.21, "Plan Rows": 112, "Plan Width": 4, "Sort Key": ["it.id"], "Plans": [{"Node Type": "Seq Scan", "Parent Relationship": "Outer", "Relation Name": "info_type", "Alias": "it", "Startup Cost": 0.0, "Total Cost": 2.12, "Plan Rows": 112, "Plan Width": 4}]}, {"Node Type": "Sort", "Parent Relationship": "Inner", "Startup Cost": 75546.75, "Total Cost": 75551.55, "Plan Rows": 1919, "Plan Width": 21, "Sort Key": ["mi.info_type_id"], "Plans": [{"Node Type": "Nested Loop", "Parent Relationship": "Outer", "Join Type": "Inner", "Startup Cost": 4.2, "Total Cost": 75442.11, "Plan Rows": 1919, "Plan Width": 21, "Inner Unique": false, "Plans": [{"Node Type": "Nested Loop", "Parent Relationship": "Outer", "Join Type": "Inner", "Startup Cost": 3.69, "Total Cost": 66780.19, "Plan Rows": 1869, "Plan Width": 25, "Inner Unique": true, "Plans": [{"Node Type": "Nested Loop", "Parent Relationship": "Outer", "Join Type": "Inner", "Startup Cost": 0.0, "Total Cost": 54902.47, "Plan Rows": 1540, "Plan Width": 4, "Inner Unique": false, "Join Filter": "(ct.id = mc.company_type_id)", "Plans": [{"Node Type": "Seq Scan", "Parent Relationship": "Outer", "Relation Name": "company_type", "Alias": "ct", "Startup Cost": 0.0, "Total Cost": 1.04, "Plan Rows": 1, "Plan Width": 4, "Filter": "((kind)::text = 'production companies'::text)"}, {"Node Type": "Seq Scan", "Parent Relationship": "Inner", "Relation Name": "movie_companies", "Alias": "mc", "Startup Cost": 0.0, "Total Cost": 54862.92, "Plan Rows": 3081, "Plan Width": 8, "Filter": "(((note)::text ~~ '%(theatrical)%'::text) AND ((note)::text ~~ '%(France)%'::text))"}]}, {"Node Type": "Bitmap Heap Scan", "Parent Relationship": "Inner", "Relation Name": "title", "Alias": "t", "Startup Cost": 3.69, "Total Cost": 7.7, "Plan Rows": 1, "Plan Width": 21, "Recheck Cond": "(id = mc.movie_id)", "Filter": "(production_year > 2005)", "Plans": [{"Node Type": "Bitmap Index Scan", "Parent Relationship": "Outer", "Index Name": "title_pkey", "Startup Cost": 0.0, "Total Cost": 3.69, "Plan Rows": 1, "Plan Width": 0, "Index Cond": "(id = mc.movie_id)"}]}]}, {"Node Type": "Bitmap Heap Scan", "Parent Relationship": "Inner", "Relation Name": "movie_info", "Alias": "mi", "Startup Cost": 0.51, "Total Cost": 4.62, "Plan Rows": 1, "Plan Width": 8, "Recheck Cond": "(movie_id = t.id)", "Filter": "((info)::text = ANY ('{Sweden,Norway,Germany,Denmark,Swedish,Denish,Norwegian,German}'::text[]))", "Plans": [{"Node Type": "Bitmap Index Scan", "Parent Relationship": "Outer", "Index Name": "movie_id_movie_info", "Startup Cost": 0.0, "Total Cost": 0.51, "Plan Rows": 5, "Plan Width": 0, "Index Cond": "(movie_id = t.id)"}]}]}]}]}]}, "Unique SQL Id": 2510907716, "Planner Runtime": 6}, "explain_analyze_plan": {"Plan": {"Node Type": "Aggregate", "Strategy": "Plain", "Startup Cost": 75586.82, "Total Cost": 75586.83, "Plan Rows": 1, "Plan Width": 49, "Actual Startup Time": 1050.118, "Actual Total Time": 1050.118, "Actual Rows": 1, "Actual Loops": 1, "Plans": [{"Node Type": "Merge Join", "Parent Relationship": "Outer", "Join Type": "Inner", "Startup Cost": 75553.2, "Total Cost": 75582.02, "Plan Rows": 1919, "Plan Width": 17, "Actual Startup Time": 1050.112, "Actual Total Time": 1050.112, "Actual Rows": 0, "Actual Loops": 1, "Inner Unique": false, "Merge Cond": "(it.id = mi.info_type_id)", "Plans": [{"Node Type": "Sort", "Parent Relationship": "Outer", "Startup Cost": 5.93, "Total Cost": 6.21, "Plan Rows": 112, "Plan Width": 4, "Actual Startup Time": 0.086, "Actual Total Time": 0.086, "Actual Rows": 1, "Actual Loops": 1, "Sort Key": ["it.id"], "Sort Method": "quicksort", "Sort Space Used": 32, "Sort Space Type": "Memory", "Plans": [{"Node Type": "Seq Scan", "Parent Relationship": "Outer", "Relation Name": "info_type", "Alias": "it", "Startup Cost": 0.0, "Total Cost": 2.12, "Plan Rows": 112, "Plan Width": 4, "Actual Startup Time": 0.022, "Actual Total Time": 0.043, "Actual Rows": 112, "Actual Loops": 1}]}, {"Node Type": "Sort", "Parent Relationship": "Inner", "Startup Cost": 75546.75, "Total Cost": 75551.55, "Plan Rows": 1919, "Plan Width": 21, "Actual Startup Time": 1050.004, "Actual Total Time": 1050.004, "Actual Rows": 0, "Actual Loops": 1, "Sort Key": ["mi.info_type_id"], "Sort Method": "quicksort", "Sort Space Used": 25, "Sort Space Type": "Memory", "Plans": [{"Node Type": "Nested Loop", "Parent Relationship": "Outer", "Join Type": "Inner", "Startup Cost": 4.2, "Total Cost": 75442.11, "Plan Rows": 1919, "Plan Width": 21, "Actual Startup Time": 1049.996, "Actual Total Time": 1049.996, "Actual Rows": 0, "Actual Loops": 1, "Inner Unique": false, "Plans": [{"Node Type": "Nested Loop", "Parent Relationship": "Outer", "Join Type": "Inner", "Startup Cost": 3.69, "Total Cost": 66780.19, "Plan Rows": 1869, "Plan Width": 25, "Actual Startup Time": 1049.995, "Actual Total Time": 1049.995, "Actual Rows": 0, "Actual Loops": 1, "Inner Unique": true, "Plans": [{"Node Type": "Nested Loop", "Parent Relationship": "Outer", "Join Type": "Inner", "Startup Cost": 0.0, "Total Cost": 54902.47, "Plan Rows": 1540, "Plan Width": 4, "Actual Startup Time": 1049.992, "Actual Total Time": 1049.992, "Actual Rows": 0, "Actual Loops": 1, "Inner Unique": false, "Join Filter": "(ct.id = mc.company_type_id)", "Rows Removed by Join Filter": 24025, "Plans": [{"Node Type": "Seq Scan", "Parent Relationship": "Outer", "Relation Name": "company_type", "Alias": "ct", "Startup Cost": 0.0, "Total Cost": 1.04, "Plan Rows": 1, "Plan Width": 4, "Actual Startup Time": 0.008, "Actual Total Time": 0.016, "Actual Rows": 1, "Actual Loops": 1, "Filter": "((kind)::text = 'production companies'::text)", "Rows Removed by Filter": 2}, {"Node Type": "Seq Scan", "Parent Relationship": "Inner", "Relation Name": "movie_companies", "Alias": "mc", "Startup Cost": 0.0, "Total Cost": 54862.92, "Plan Rows": 3081, "Plan Width": 8, "Actual Startup Time": 9.015, "Actual Total Time": 1044.71, "Actual Rows": 24025, "Actual Loops": 1, "Filter": "(((note)::text ~~ '%(theatrical)%'::text) AND ((note)::text ~~ '%(France)%'::text))", "Rows Removed by Filter": 2585103}]}, {"Node Type": "Bitmap Heap Scan", "Parent Relationship": "Inner", "Relation Name": "title", "Alias": "t", "Startup Cost": 3.69, "Total Cost": 7.7, "Plan Rows": 1, "Plan Width": 21, "Actual Startup Time": 0.0, "Actual Total Time": 0.0, "Recheck Cond": "(id = mc.movie_id)", "Rows Removed by Index Recheck": 0, "Filter": "(production_year > 2005)", "Rows Removed by Filter": 0, "Exact Heap Blocks": 0, "Lossy Heap Blocks": 0, "Plans": [{"Node Type": "Bitmap Index Scan", "Parent Relationship": "Outer", "Index Name": "title_pkey", "Startup Cost": 0.0, "Total Cost": 3.69, "Plan Rows": 1, "Plan Width": 0, "Actual Startup Time": 0.0, "Actual Total Time": 0.0, "Index Cond": "(id = mc.movie_id)"}]}]}, {"Node Type": "Bitmap Heap Scan", "Parent Relationship": "Inner", "Relation Name": "movie_info", "Alias": "mi", "Startup Cost": 0.51, "Total Cost": 4.62, "Plan Rows": 1, "Plan Width": 8, "Actual Startup Time": 0.0, "Actual Total Time": 0.0, "Recheck Cond": "(movie_id = t.id)", "Rows Removed by Index Recheck": 0, "Filter": "((info)::text = ANY ('{Sweden,Norway,Germany,Denmark,Swedish,Denish,Norwegian,German}'::text[]))", "Rows Removed by Filter": 0, "Exact Heap Blocks": 0, "Lossy Heap Blocks": 0, "Plans": [{"Node Type": "Bitmap Index Scan", "Parent Relationship": "Outer", "Index Name": "movie_id_movie_info", "Startup Cost": 0.0, "Total Cost": 0.51, "Plan Rows": 5, "Plan Width": 0, "Actual Startup Time": 0.0, "Actual Total Time": 0.0, "Index Cond": "(movie_id = t.id)"}]}]}]}]}]}, "Triggers": [], "Planner Runtime": 6.977, "Total Runtime": 1050.338, "Unique SQL Id": 2510907716}}, "(64, '19')": {"explain_plan": {"Plan": {"Node Type": "Aggregate", "Strategy": "Plain", "Startup Cost": 88224.62, "Total Cost": 88224.63, "Plan Rows": 1, "Plan Width": 49, "Plans": [{"Node Type": "Merge Join", "Parent Relationship": "Outer", "Join Type": "Inner", "Startup Cost": 88191.01, "Total Cost": 88219.83, "Plan Rows": 1919, "Plan Width": 17, "Inner Unique": false, "Merge Cond": "(it.id = mi.info_type_id)", "Plans": [{"Node Type": "Sort", "Parent Relationship": "Outer", "Startup Cost": 17.77, "Total Cost": 18.05, "Plan Rows": 112, "Plan Width": 4, "Sort Key": ["it.id"], "Plans": [{"Node Type": "Bitmap Heap Scan", "Parent Relationship": "Outer", "Relation Name": "info_type", "Alias": "it", "Startup Cost": 8.84, "Total Cost": 13.96, "Plan Rows": 112, "Plan Width": 4, "Plans": [{"Node Type": "Bitmap Index Scan", "Parent Relationship": "Outer", "Index Name": "info_type_pkey", "Startup Cost": 0.0, "Total Cost": 8.81, "Plan Rows": 112, "Plan Width": 0}]}]}, {"Node Type": "Sort", "Parent Relationship": "Inner", "Startup Cost": 88172.72, "Total Cost": 88177.52, "Plan Rows": 1919, "Plan Width": 21, "Sort Key": ["mi.info_type_id"], "Plans": [{"Node Type": "Nested Loop", "Parent Relationship": "Outer", "Join Type": "Inner", "Startup Cost": 28957.33, "Total Cost": 88068.08, "Plan Rows": 1919, "Plan Width": 21, "Inner Unique": false, "Plans": [{"Node Type": "Nested Loop", "Parent Relationship": "Outer", "Join Type": "Inner", "Startup Cost": 28956.82, "Total Cost": 79406.16, "Plan Rows": 1869, "Plan Width": 25, "Inner Unique": true, "Plans": [{"Node Type": "Nested Loop", "Parent Relationship": "Outer", "Join Type": "Inner", "Startup Cost": 28953.13, "Total Cost": 67528.44, "Plan Rows": 1540, "Plan Width": 4, "Inner Unique": false, "Plans": [{"Node Type": "Bitmap Heap Scan", "Parent Relationship": "Outer", "Relation Name": "company_type", "Alias": "ct", "Startup Cost": 8.27, "Total Cost": 12.3, "Plan Rows": 1, "Plan Width": 4, "Filter": "((kind)::text = 'production companies'::text)", "Plans": [{"Node Type": "Bitmap Index Scan", "Parent Relationship": "Outer", "Index Name": "company_type_pkey", "Startup Cost": 0.0, "Total Cost": 8.27, "Plan Rows": 3, "Plan Width": 0}]}, {"Node Type": "Bitmap Heap Scan", "Parent Relationship": "Inner", "Relation Name": "movie_companies", "Alias": "mc", "Startup Cost": 28944.86, "Total Cost": 67500.74, "Plan Rows": 1540, "Plan Width": 8, "Recheck Cond": "(company_type_id = ct.id)", "Filter": "(((note)::text ~~ '%(theatrical)%'::text) AND ((note)::text ~~ '%(France)%'::text))", "Plans": [{"Node Type": "Bitmap Index Scan", "Parent Relationship": "Outer", "Index Name": "company_type_id_movie_companies", "Startup Cost": 0.0, "Total Cost": 28944.48, "Plan Rows": 1304564, "Plan Width": 0, "Index Cond": "(company_type_id = ct.id)"}]}]}, {"Node Type": "Bitmap Heap Scan", "Parent Relationship": "Inner", "Relation Name": "title", "Alias": "t", "Startup Cost": 3.69, "Total Cost": 7.7, "Plan Rows": 1, "Plan Width": 21, "Recheck Cond": "(id = mc.movie_id)", "Filter": "(production_year > 2005)", "Plans": [{"Node Type": "Bitmap Index Scan", "Parent Relationship": "Outer", "Index Name": "title_pkey", "Startup Cost": 0.0, "Total Cost": 3.69, "Plan Rows": 1, "Plan Width": 0, "Index Cond": "(id = mc.movie_id)"}]}]}, {"Node Type": "Bitmap Heap Scan", "Parent Relationship": "Inner", "Relation Name": "movie_info", "Alias": "mi", "Startup Cost": 0.51, "Total Cost": 4.62, "Plan Rows": 1, "Plan Width": 8, "Recheck Cond": "(movie_id = t.id)", "Filter": "((info)::text = ANY ('{Sweden,Norway,Germany,Denmark,Swedish,Denish,Norwegian,German}'::text[]))", "Plans": [{"Node Type": "Bitmap Index Scan", "Parent Relationship": "Outer", "Index Name": "movie_id_movie_info", "Startup Cost": 0.0, "Total Cost": 0.51, "Plan Rows": 5, "Plan Width": 0, "Index Cond": "(movie_id = t.id)"}]}]}]}]}]}, "Unique SQL Id": 2510907716, "Planner Runtime": 7}, "explain_analyze_plan": {"Plan": {"Node Type": "Aggregate", "Strategy": "Plain", "Startup Cost": 88224.62, "Total Cost": 88224.63, "Plan Rows": 1, "Plan Width": 49, "Actual Startup Time": 644.743, "Actual Total Time": 644.744, "Actual Rows": 1, "Actual Loops": 1, "Plans": [{"Node Type": "Merge Join", "Parent Relationship": "Outer", "Join Type": "Inner", "Startup Cost": 88191.01, "Total Cost": 88219.83, "Plan Rows": 1919, "Plan Width": 17, "Actual Startup Time": 644.736, "Actual Total Time": 644.736, "Actual Rows": 0, "Actual Loops": 1, "Inner Unique": false, "Merge Cond": "(it.id = mi.info_type_id)", "Plans": [{"Node Type": "Sort", "Parent Relationship": "Outer", "Startup Cost": 17.77, "Total Cost": 18.05, "Plan Rows": 112, "Plan Width": 4, "Actual Startup Time": 0.101, "Actual Total Time": 0.101, "Actual Rows": 1, "Actual Loops": 1, "Sort Key": ["it.id"], "Sort Method": "quicksort", "Sort Space Used": 32, "Sort Space Type": "Memory", "Plans": [{"Node Type": "Bitmap Heap Scan", "Parent Relationship": "Outer", "Relation Name": "info_type", "Alias": "it", "Startup Cost": 8.84, "Total Cost": 13.96, "Plan Rows": 112, "Plan Width": 4, "Actual Startup Time": 0.046, "Actual Total Time": 0.063, "Actual Rows": 112, "Actual Loops": 1, "Exact Heap Blocks": 1, "Lossy Heap Blocks": 1, "Plans": [{"Node Type": "Bitmap Index Scan", "Parent Relationship": "Outer", "Index Name": "info_type_pkey", "Startup Cost": 0.0, "Total Cost": 8.81, "Plan Rows": 112, "Plan Width": 0, "Actual Startup Time": 0.013, "Actual Total Time": 0.013, "Actual Rows": 112, "Actual Loops": 1}]}]}, {"Node Type": "Sort", "Parent Relationship": "Inner", "Startup Cost": 88172.72, "Total Cost": 88177.52, "Plan Rows": 1919, "Plan Width": 21, "Actual Startup Time": 644.612, "Actual Total Time": 644.612, "Actual Rows": 0, "Actual Loops": 1, "Sort Key": ["mi.info_type_id"], "Sort Method": "quicksort", "Sort Space Used": 25, "Sort Space Type": "Memory", "Plans": [{"Node Type": "Nested Loop", "Parent Relationship": "Outer", "Join Type": "Inner", "Startup Cost": 28957.33, "Total Cost": 88068.08, "Plan Rows": 1919, "Plan Width": 21, "Actual Startup Time": 644.605, "Actual Total Time": 644.605, "Actual Rows": 0, "Actual Loops": 1, "Inner Unique": false, "Plans": [{"Node Type": "Nested Loop", "Parent Relationship": "Outer", "Join Type": "Inner", "Startup Cost": 28956.82, "Total Cost": 79406.16, "Plan Rows": 1869, "Plan Width": 25, "Actual Startup Time": 644.602, "Actual Total Time": 644.602, "Actual Rows": 0, "Actual Loops": 1, "Inner Unique": true, "Plans": [{"Node Type": "Nested Loop", "Parent Relationship": "Outer", "Join Type": "Inner", "Startup Cost": 28953.13, "Total Cost": 67528.44, "Plan Rows": 1540, "Plan Width": 4, "Actual Startup Time": 644.599, "Actual Total Time": 644.599, "Actual Rows": 0, "Actual Loops": 1, "Inner Unique": false, "Plans": [{"Node Type": "Bitmap Heap Scan", "Parent Relationship": "Outer", "Relation Name": "company_type", "Alias": "ct", "Startup Cost": 8.27, "Total Cost": 12.3, "Plan Rows": 1, "Plan Width": 4, "Actual Startup Time": 0.011, "Actual Total Time": 0.018, "Actual Rows": 1, "Actual Loops": 1, "Filter": "((kind)::text = 'production companies'::text)", "Rows Removed by Filter": 2, "Exact Heap Blocks": 1, "Lossy Heap Blocks": 1, "Plans": [{"Node Type": "Bitmap Index Scan", "Parent Relationship": "Outer", "Index Name": "company_type_pkey", "Startup Cost": 0.0, "Total Cost": 8.27, "Plan Rows": 3, "Plan Width": 0, "Actual Startup Time": 0.002, "Actual Total Time": 0.002, "Actual Rows": 3, "Actual Loops": 1}]}, {"Node Type": "Bitmap Heap Scan", "Parent Relationship": "Inner", "Relation Name": "movie_companies", "Alias": "mc", "Startup Cost": 28944.86, "Total Cost": 67500.74, "Plan Rows": 1540, "Plan Width": 8, "Actual Startup Time": 644.574, "Actual Total Time": 644.574, "Actual Rows": 0, "Actual Loops": 1, "Recheck Cond": "(company_type_id = ct.id)", "Rows Removed by Index Recheck": 0, "Filter": "(((note)::text ~~ '%(theatrical)%'::text) AND ((note)::text ~~ '%(France)%'::text))", "Rows Removed by Filter": 1334883, "Exact Heap Blocks": 6196, "Lossy Heap Blocks": 6196, "Plans": [{"Node Type": "Bitmap Index Scan", "Parent Relationship": "Outer", "Index Name": "company_type_id_movie_companies", "Startup Cost": 0.0, "Total Cost": 28944.48, "Plan Rows": 1304564, "Plan Width": 0, "Actual Startup Time": 157.272, "Actual Total Time": 157.272, "Actual Rows": 1334883, "Actual Loops": 1, "Index Cond": "(company_type_id = ct.id)"}]}]}, {"Node Type": "Bitmap Heap Scan", "Parent Relationship": "Inner", "Relation Name": "title", "Alias": "t", "Startup Cost": 3.69, "Total Cost": 7.7, "Plan Rows": 1, "Plan Width": 21, "Actual Startup Time": 0.0, "Actual Total Time": 0.0, "Recheck Cond": "(id = mc.movie_id)", "Rows Removed by Index Recheck": 0, "Filter": "(production_year > 2005)", "Rows Removed by Filter": 0, "Exact Heap Blocks": 0, "Lossy Heap Blocks": 0, "Plans": [{"Node Type": "Bitmap Index Scan", "Parent Relationship": "Outer", "Index Name": "title_pkey", "Startup Cost": 0.0, "Total Cost": 3.69, "Plan Rows": 1, "Plan Width": 0, "Actual Startup Time": 0.0, "Actual Total Time": 0.0, "Index Cond": "(id = mc.movie_id)"}]}]}, {"Node Type": "Bitmap Heap Scan", "Parent Relationship": "Inner", "Relation Name": "movie_info", "Alias": "mi", "Startup Cost": 0.51, "Total Cost": 4.62, "Plan Rows": 1, "Plan Width": 8, "Actual Startup Time": 0.0, "Actual Total Time": 0.0, "Recheck Cond": "(movie_id = t.id)", "Rows Removed by Index Recheck": 0, "Filter": "((info)::text = ANY ('{Sweden,Norway,Germany,Denmark,Swedish,Denish,Norwegian,German}'::text[]))", "Rows Removed by Filter": 0, "Exact Heap Blocks": 0, "Lossy Heap Blocks": 0, "Plans": [{"Node Type": "Bitmap Index Scan", "Parent Relationship": "Outer", "Index Name": "movie_id_movie_info", "Startup Cost": 0.0, "Total Cost": 0.51, "Plan Rows": 5, "Plan Width": 0, "Actual Startup Time": 0.0, "Actual Total Time": 0.0, "Index Cond": "(movie_id = t.id)"}]}]}]}]}]}, "Triggers": [], "Planner Runtime": 7.076, "Total Runtime": 645.051, "Unique SQL Id": 2510907716}}, "(64, '20')": {"explain_plan": {"Plan": {"Node Type": "Aggregate", "Strategy": "Plain", "Startup Cost": 69341.46, "Total Cost": 69341.47, "Plan Rows": 1, "Plan Width": 49, "Plans": [{"Node Type": "Nested Loop", "Parent Relationship": "Outer", "Join Type": "Inner", "Startup Cost": 0.0, "Total Cost": 69336.67, "Plan Rows": 1919, "Plan Width": 17, "Inner Unique": true, "Plans": [{"Node Type": "Nested Loop", "Parent Relationship": "Outer", "Join Type": "Inner", "Startup Cost": 0.0, "Total Cost": 68799.18, "Plan Rows": 1919, "Plan Width": 21, "Inner Unique": false, "Plans": [{"Node Type": "Nested Loop", "Parent Relationship": "Outer", "Join Type": "Inner", "Startup Cost": 0.0, "Total Cost": 66519.89, "Plan Rows": 1869, "Plan Width": 25, "Inner Unique": true, "Plans": [{"Node Type": "Nested Loop", "Parent Relationship": "Outer", "Join Type": "Inner", "Startup Cost": 0.0, "Total Cost": 54902.47, "Plan Rows": 1540, "Plan Width": 4, "Inner Unique": false, "Join Filter": "(ct.id = mc.company_type_id)", "Plans": [{"Node Type": "Seq Scan", "Parent Relationship": "Outer", "Relation Name": "company_type", "Alias": "ct", "Startup Cost": 0.0, "Total Cost": 1.04, "Plan Rows": 1, "Plan Width": 4, "Filter": "((kind)::text = 'production companies'::text)"}, {"Node Type": "Seq Scan", "Parent Relationship": "Inner", "Relation Name": "movie_companies", "Alias": "mc", "Startup Cost": 0.0, "Total Cost": 54862.92, "Plan Rows": 3081, "Plan Width": 8, "Filter": "(((note)::text ~~ '%(theatrical)%'::text) AND ((note)::text ~~ '%(France)%'::text))"}]}, {"Node Type": "Index Scan", "Parent Relationship": "Inner", "Scan Direction": "Forward", "Index Name": "title_pkey", "Relation Name": "title", "Alias": "t", "Startup Cost": 0.0, "Total Cost": 7.53, "Plan Rows": 1, "Plan Width": 21, "Index Cond": "(id = mc.movie_id)", "Filter": "(production_year > 2005)"}]}, {"Node Type": "Index Scan", "Parent Relationship": "Inner", "Scan Direction": "Forward", "Index Name": "movie_id_movie_info", "Relation Name": "movie_info", "Alias": "mi", "Startup Cost": 0.0, "Total Cost": 1.21, "Plan Rows": 1, "Plan Width": 8, "Index Cond": "(movie_id = t.id)", "Filter": "((info)::text = ANY ('{Sweden,Norway,Germany,Denmark,Swedish,Denish,Norwegian,German}'::text[]))"}]}, {"Node Type": "Index Scan", "Parent Relationship": "Inner", "Scan Direction": "Forward", "Index Name": "info_type_pkey", "Relation Name": "info_type", "Alias": "it", "Startup Cost": 0.0, "Total Cost": 0.27, "Plan Rows": 1, "Plan Width": 4, "Index Cond": "(id = mi.info_type_id)"}]}]}, "Unique SQL Id": 2510907716, "Planner Runtime": 7}, "explain_analyze_plan": {"Plan": {"Node Type": "Aggregate", "Strategy": "Plain", "Startup Cost": 69341.46, "Total Cost": 69341.47, "Plan Rows": 1, "Plan Width": 49, "Actual Startup Time": 1049.484, "Actual Total Time": 1049.485, "Actual Rows": 1, "Actual Loops": 1, "Plans": [{"Node Type": "Nested Loop", "Parent Relationship": "Outer", "Join Type": "Inner", "Startup Cost": 0.0, "Total Cost": 69336.67, "Plan Rows": 1919, "Plan Width": 17, "Actual Startup Time": 1049.476, "Actual Total Time": 1049.476, "Actual Rows": 0, "Actual Loops": 1, "Inner Unique": true, "Plans": [{"Node Type": "Nested Loop", "Parent Relationship": "Outer", "Join Type": "Inner", "Startup Cost": 0.0, "Total Cost": 68799.18, "Plan Rows": 1919, "Plan Width": 21, "Actual Startup Time": 1049.475, "Actual Total Time": 1049.475, "Actual Rows": 0, "Actual Loops": 1, "Inner Unique": false, "Plans": [{"Node Type": "Nested Loop", "Parent Relationship": "Outer", "Join Type": "Inner", "Startup Cost": 0.0, "Total Cost": 66519.89, "Plan Rows": 1869, "Plan Width": 25, "Actual Startup Time": 1049.474, "Actual Total Time": 1049.474, "Actual Rows": 0, "Actual Loops": 1, "Inner Unique": true, "Plans": [{"Node Type": "Nested Loop", "Parent Relationship": "Outer", "Join Type": "Inner", "Startup Cost": 0.0, "Total Cost": 54902.47, "Plan Rows": 1540, "Plan Width": 4, "Actual Startup Time": 1049.473, "Actual Total Time": 1049.473, "Actual Rows": 0, "Actual Loops": 1, "Inner Unique": false, "Join Filter": "(ct.id = mc.company_type_id)", "Rows Removed by Join Filter": 24025, "Plans": [{"Node Type": "Seq Scan", "Parent Relationship": "Outer", "Relation Name": "company_type", "Alias": "ct", "Startup Cost": 0.0, "Total Cost": 1.04, "Plan Rows": 1, "Plan Width": 4, "Actual Startup Time": 0.013, "Actual Total Time": 0.019, "Actual Rows": 1, "Actual Loops": 1, "Filter": "((kind)::text = 'production companies'::text)", "Rows Removed by Filter": 2}, {"Node Type": "Seq Scan", "Parent Relationship": "Inner", "Relation Name": "movie_companies", "Alias": "mc", "Startup Cost": 0.0, "Total Cost": 54862.92, "Plan Rows": 3081, "Plan Width": 8, "Actual Startup Time": 8.922, "Actual Total Time": 1044.162, "Actual Rows": 24025, "Actual Loops": 1, "Filter": "(((note)::text ~~ '%(theatrical)%'::text) AND ((note)::text ~~ '%(France)%'::text))", "Rows Removed by Filter": 2585103}]}, {"Node Type": "Index Scan", "Parent Relationship": "Inner", "Scan Direction": "Forward", "Index Name": "title_pkey", "Relation Name": "title", "Alias": "t", "Startup Cost": 0.0, "Total Cost": 7.53, "Plan Rows": 1, "Plan Width": 21, "Actual Startup Time": 0.0, "Actual Total Time": 0.0, "Index Cond": "(id = mc.movie_id)", "Rows Removed by Index Recheck": 0, "Filter": "(production_year > 2005)", "Rows Removed by Filter": 0}]}, {"Node Type": "Index Scan", "Parent Relationship": "Inner", "Scan Direction": "Forward", "Index Name": "movie_id_movie_info", "Relation Name": "movie_info", "Alias": "mi", "Startup Cost": 0.0, "Total Cost": 1.21, "Plan Rows": 1, "Plan Width": 8, "Actual Startup Time": 0.0, "Actual Total Time": 0.0, "Index Cond": "(movie_id = t.id)", "Rows Removed by Index Recheck": 0, "Filter": "((info)::text = ANY ('{Sweden,Norway,Germany,Denmark,Swedish,Denish,Norwegian,German}'::text[]))", "Rows Removed by Filter": 0}]}, {"Node Type": "Index Scan", "Parent Relationship": "Inner", "Scan Direction": "Forward", "Index Name": "info_type_pkey", "Relation Name": "info_type", "Alias": "it", "Startup Cost": 0.0, "Total Cost": 0.27, "Plan Rows": 1, "Plan Width": 4, "Actual Startup Time": 0.0, "Actual Total Time": 0.0, "Index Cond": "(id = mi.info_type_id)", "Rows Removed by Index Recheck": 0}]}]}, "Triggers": [], "Planner Runtime": 11.028, "Total Runtime": 1049.796, "Unique SQL Id": 2510907716}}, "(64, '21')": {"explain_plan": {"Plan": {"Node Type": "Aggregate", "Strategy": "Plain", "Startup Cost": 74107.05, "Total Cost": 74107.06, "Plan Rows": 1, "Plan Width": 49, "Plans": [{"Node Type": "Nested Loop", "Parent Relationship": "Outer", "Join Type": "Inner", "Startup Cost": 0.0, "Total Cost": 74102.25, "Plan Rows": 1919, "Plan Width": 17, "Inner Unique": true, "Plans": [{"Node Type": "Nested Loop", "Parent Relationship": "Outer", "Join Type": "Inner", "Startup Cost": 0.0, "Total Cost": 73564.77, "Plan Rows": 1919, "Plan Width": 21, "Inner Unique": false, "Plans": [{"Node Type": "Nested Loop", "Parent Relationship": "Outer", "Join Type": "Inner", "Startup Cost": 0.0, "Total Cost": 71285.47, "Plan Rows": 1869, "Plan Width": 25, "Inner Unique": true, "Plans": [{"Node Type": "Nested Loop", "Parent Relationship": "Outer", "Join Type": "Inner", "Startup Cost": 0.0, "Total Cost": 59668.05, "Plan Rows": 1540, "Plan Width": 4, "Inner Unique": false, "Plans": [{"Node Type": "Index Scan", "Parent Relationship": "Outer", "Scan Direction": "Forward", "Index Name": "company_type_pkey", "Relation Name": "company_type", "Alias": "ct", "Startup Cost": 0.0, "Total Cost": 12.3, "Plan Rows": 1, "Plan Width": 4, "Filter": "((kind)::text = 'production companies'::text)"}, {"Node Type": "Index Scan", "Parent Relationship": "Inner", "Scan Direction": "Forward", "Index Name": "company_type_id_movie_companies", "Relation Name": "movie_companies", "Alias": "mc", "Startup Cost": 0.0, "Total Cost": 59640.35, "Plan Rows": 1540, "Plan Width": 8, "Index Cond": "(company_type_id = ct.id)", "Filter": "(((note)::text ~~ '%(theatrical)%'::text) AND ((note)::text ~~ '%(France)%'::text))"}]}, {"Node Type": "Index Scan", "Parent Relationship": "Inner", "Scan Direction": "Forward", "Index Name": "title_pkey", "Relation Name": "title", "Alias": "t", "Startup Cost": 0.0, "Total Cost": 7.53, "Plan Rows": 1, "Plan Width": 21, "Index Cond": "(id = mc.movie_id)", "Filter": "(production_year > 2005)"}]}, {"Node Type": "Index Scan", "Parent Relationship": "Inner", "Scan Direction": "Forward", "Index Name": "movie_id_movie_info", "Relation Name": "movie_info", "Alias": "mi", "Startup Cost": 0.0, "Total Cost": 1.21, "Plan Rows": 1, "Plan Width": 8, "Index Cond": "(movie_id = t.id)", "Filter": "((info)::text = ANY ('{Sweden,Norway,Germany,Denmark,Swedish,Denish,Norwegian,German}'::text[]))"}]}, {"Node Type": "Index Scan", "Parent Relationship": "Inner", "Scan Direction": "Forward", "Index Name": "info_type_pkey", "Relation Name": "info_type", "Alias": "it", "Startup Cost": 0.0, "Total Cost": 0.27, "Plan Rows": 1, "Plan Width": 4, "Index Cond": "(id = mi.info_type_id)"}]}]}, "Unique SQL Id": 2510907716, "Planner Runtime": 7}, "explain_analyze_plan": {"Plan": {"Node Type": "Aggregate", "Strategy": "Plain", "Startup Cost": 74107.05, "Total Cost": 74107.06, "Plan Rows": 1, "Plan Width": 49, "Actual Startup Time": 698.478, "Actual Total Time": 698.478, "Actual Rows": 1, "Actual Loops": 1, "Plans": [{"Node Type": "Nested Loop", "Parent Relationship": "Outer", "Join Type": "Inner", "Startup Cost": 0.0, "Total Cost": 74102.25, "Plan Rows": 1919, "Plan Width": 17, "Actual Startup Time": 698.471, "Actual Total Time": 698.471, "Actual Rows": 0, "Actual Loops": 1, "Inner Unique": true, "Plans": [{"Node Type": "Nested Loop", "Parent Relationship": "Outer", "Join Type": "Inner", "Startup Cost": 0.0, "Total Cost": 73564.77, "Plan Rows": 1919, "Plan Width": 21, "Actual Startup Time": 698.468, "Actual Total Time": 698.468, "Actual Rows": 0, "Actual Loops": 1, "Inner Unique": false, "Plans": [{"Node Type": "Nested Loop", "Parent Relationship": "Outer", "Join Type": "Inner", "Startup Cost": 0.0, "Total Cost": 71285.47, "Plan Rows": 1869, "Plan Width": 25, "Actual Startup Time": 698.467, "Actual Total Time": 698.467, "Actual Rows": 0, "Actual Loops": 1, "Inner Unique": true, "Plans": [{"Node Type": "Nested Loop", "Parent Relationship": "Outer", "Join Type": "Inner", "Startup Cost": 0.0, "Total Cost": 59668.05, "Plan Rows": 1540, "Plan Width": 4, "Actual Startup Time": 698.466, "Actual Total Time": 698.466, "Actual Rows": 0, "Actual Loops": 1, "Inner Unique": false, "Plans": [{"Node Type": "Index Scan", "Parent Relationship": "Outer", "Scan Direction": "Forward", "Index Name": "company_type_pkey", "Relation Name": "company_type", "Alias": "ct", "Startup Cost": 0.0, "Total Cost": 12.3, "Plan Rows": 1, "Plan Width": 4, "Actual Startup Time": 0.014, "Actual Total Time": 0.022, "Actual Rows": 1, "Actual Loops": 1, "Filter": "((kind)::text = 'production companies'::text)", "Rows Removed by Filter": 2}, {"Node Type": "Index Scan", "Parent Relationship": "Inner", "Scan Direction": "Forward", "Index Name": "company_type_id_movie_companies", "Relation Name": "movie_companies", "Alias": "mc", "Startup Cost": 0.0, "Total Cost": 59640.35, "Plan Rows": 1540, "Plan Width": 8, "Actual Startup Time": 698.437, "Actual Total Time": 698.437, "Actual Rows": 0, "Actual Loops": 1, "Index Cond": "(company_type_id = ct.id)", "Rows Removed by Index Recheck": 0, "Filter": "(((note)::text ~~ '%(theatrical)%'::text) AND ((note)::text ~~ '%(France)%'::text))", "Rows Removed by Filter": 1334883}]}, {"Node Type": "Index Scan", "Parent Relationship": "Inner", "Scan Direction": "Forward", "Index Name": "title_pkey", "Relation Name": "title", "Alias": "t", "Startup Cost": 0.0, "Total Cost": 7.53, "Plan Rows": 1, "Plan Width": 21, "Actual Startup Time": 0.0, "Actual Total Time": 0.0, "Index Cond": "(id = mc.movie_id)", "Rows Removed by Index Recheck": 0, "Filter": "(production_year > 2005)", "Rows Removed by Filter": 0}]}, {"Node Type": "Index Scan", "Parent Relationship": "Inner", "Scan Direction": "Forward", "Index Name": "movie_id_movie_info", "Relation Name": "movie_info", "Alias": "mi", "Startup Cost": 0.0, "Total Cost": 1.21, "Plan Rows": 1, "Plan Width": 8, "Actual Startup Time": 0.0, "Actual Total Time": 0.0, "Index Cond": "(movie_id = t.id)", "Rows Removed by Index Recheck": 0, "Filter": "((info)::text = ANY ('{Sweden,Norway,Germany,Denmark,Swedish,Denish,Norwegian,German}'::text[]))", "Rows Removed by Filter": 0}]}, {"Node Type": "Index Scan", "Parent Relationship": "Inner", "Scan Direction": "Forward", "Index Name": "info_type_pkey", "Relation Name": "info_type", "Alias": "it", "Startup Cost": 0.0, "Total Cost": 0.27, "Plan Rows": 1, "Plan Width": 4, "Actual Startup Time": 0.0, "Actual Total Time": 0.0, "Index Cond": "(id = mi.info_type_id)", "Rows Removed by Index Recheck": 0}]}]}, "Triggers": [], "Planner Runtime": 8.158, "Total Runtime": 698.747, "Unique SQL Id": 2510907716}}, "(64, '22')": {"explain_plan": {"Plan": {"Node Type": "Aggregate", "Strategy": "Plain", "Startup Cost": 75586.82, "Total Cost": 75586.83, "Plan Rows": 1, "Plan Width": 49, "Plans": [{"Node Type": "Merge Join", "Parent Relationship": "Outer", "Join Type": "Inner", "Startup Cost": 75553.2, "Total Cost": 75582.02, "Plan Rows": 1919, "Plan Width": 17, "Inner Unique": false, "Merge Cond": "(it.id = mi.info_type_id)", "Plans": [{"Node Type": "Sort", "Parent Relationship": "Outer", "Startup Cost": 5.93, "Total Cost": 6.21, "Plan Rows": 112, "Plan Width": 4, "Sort Key": ["it.id"], "Plans": [{"Node Type": "Seq Scan", "Parent Relationship": "Outer", "Relation Name": "info_type", "Alias": "it", "Startup Cost": 0.0, "Total Cost": 2.12, "Plan Rows": 112, "Plan Width": 4}]}, {"Node Type": "Sort", "Parent Relationship": "Inner", "Startup Cost": 75546.75, "Total Cost": 75551.55, "Plan Rows": 1919, "Plan Width": 21, "Sort Key": ["mi.info_type_id"], "Plans": [{"Node Type": "Nested Loop", "Parent Relationship": "Outer", "Join Type": "Inner", "Startup Cost": 4.2, "Total Cost": 75442.11, "Plan Rows": 1919, "Plan Width": 21, "Inner Unique": false, "Plans": [{"Node Type": "Nested Loop", "Parent Relationship": "Outer", "Join Type": "Inner", "Startup Cost": 3.69, "Total Cost": 66780.19, "Plan Rows": 1869, "Plan Width": 25, "Inner Unique": true, "Plans": [{"Node Type": "Nested Loop", "Parent Relationship": "Outer", "Join Type": "Inner", "Startup Cost": 0.0, "Total Cost": 54902.47, "Plan Rows": 1540, "Plan Width": 4, "Inner Unique": false, "Join Filter": "(ct.id = mc.company_type_id)", "Plans": [{"Node Type": "Seq Scan", "Parent Relationship": "Outer", "Relation Name": "company_type", "Alias": "ct", "Startup Cost": 0.0, "Total Cost": 1.04, "Plan Rows": 1, "Plan Width": 4, "Filter": "((kind)::text = 'production companies'::text)"}, {"Node Type": "Seq Scan", "Parent Relationship": "Inner", "Relation Name": "movie_companies", "Alias": "mc", "Startup Cost": 0.0, "Total Cost": 54862.92, "Plan Rows": 3081, "Plan Width": 8, "Filter": "(((note)::text ~~ '%(theatrical)%'::text) AND ((note)::text ~~ '%(France)%'::text))"}]}, {"Node Type": "Bitmap Heap Scan", "Parent Relationship": "Inner", "Relation Name": "title", "Alias": "t", "Startup Cost": 3.69, "Total Cost": 7.7, "Plan Rows": 1, "Plan Width": 21, "Recheck Cond": "(id = mc.movie_id)", "Filter": "(production_year > 2005)", "Plans": [{"Node Type": "Bitmap Index Scan", "Parent Relationship": "Outer", "Index Name": "title_pkey", "Startup Cost": 0.0, "Total Cost": 3.69, "Plan Rows": 1, "Plan Width": 0, "Index Cond": "(id = mc.movie_id)"}]}]}, {"Node Type": "Bitmap Heap Scan", "Parent Relationship": "Inner", "Relation Name": "movie_info", "Alias": "mi", "Startup Cost": 0.51, "Total Cost": 4.62, "Plan Rows": 1, "Plan Width": 8, "Recheck Cond": "(movie_id = t.id)", "Filter": "((info)::text = ANY ('{Sweden,Norway,Germany,Denmark,Swedish,Denish,Norwegian,German}'::text[]))", "Plans": [{"Node Type": "Bitmap Index Scan", "Parent Relationship": "Outer", "Index Name": "movie_id_movie_info", "Startup Cost": 0.0, "Total Cost": 0.51, "Plan Rows": 5, "Plan Width": 0, "Index Cond": "(movie_id = t.id)"}]}]}]}]}]}, "Unique SQL Id": 2510907716, "Planner Runtime": 7}, "explain_analyze_plan": {"Plan": {"Node Type": "Aggregate", "Strategy": "Plain", "Startup Cost": 75586.82, "Total Cost": 75586.83, "Plan Rows": 1, "Plan Width": 49, "Actual Startup Time": 1050.118, "Actual Total Time": 1050.118, "Actual Rows": 1, "Actual Loops": 1, "Plans": [{"Node Type": "Merge Join", "Parent Relationship": "Outer", "Join Type": "Inner", "Startup Cost": 75553.2, "Total Cost": 75582.02, "Plan Rows": 1919, "Plan Width": 17, "Actual Startup Time": 1050.112, "Actual Total Time": 1050.112, "Actual Rows": 0, "Actual Loops": 1, "Inner Unique": false, "Merge Cond": "(it.id = mi.info_type_id)", "Plans": [{"Node Type": "Sort", "Parent Relationship": "Outer", "Startup Cost": 5.93, "Total Cost": 6.21, "Plan Rows": 112, "Plan Width": 4, "Actual Startup Time": 0.086, "Actual Total Time": 0.086, "Actual Rows": 1, "Actual Loops": 1, "Sort Key": ["it.id"], "Sort Method": "quicksort", "Sort Space Used": 32, "Sort Space Type": "Memory", "Plans": [{"Node Type": "Seq Scan", "Parent Relationship": "Outer", "Relation Name": "info_type", "Alias": "it", "Startup Cost": 0.0, "Total Cost": 2.12, "Plan Rows": 112, "Plan Width": 4, "Actual Startup Time": 0.022, "Actual Total Time": 0.043, "Actual Rows": 112, "Actual Loops": 1}]}, {"Node Type": "Sort", "Parent Relationship": "Inner", "Startup Cost": 75546.75, "Total Cost": 75551.55, "Plan Rows": 1919, "Plan Width": 21, "Actual Startup Time": 1050.004, "Actual Total Time": 1050.004, "Actual Rows": 0, "Actual Loops": 1, "Sort Key": ["mi.info_type_id"], "Sort Method": "quicksort", "Sort Space Used": 25, "Sort Space Type": "Memory", "Plans": [{"Node Type": "Nested Loop", "Parent Relationship": "Outer", "Join Type": "Inner", "Startup Cost": 4.2, "Total Cost": 75442.11, "Plan Rows": 1919, "Plan Width": 21, "Actual Startup Time": 1049.996, "Actual Total Time": 1049.996, "Actual Rows": 0, "Actual Loops": 1, "Inner Unique": false, "Plans": [{"Node Type": "Nested Loop", "Parent Relationship": "Outer", "Join Type": "Inner", "Startup Cost": 3.69, "Total Cost": 66780.19, "Plan Rows": 1869, "Plan Width": 25, "Actual Startup Time": 1049.995, "Actual Total Time": 1049.995, "Actual Rows": 0, "Actual Loops": 1, "Inner Unique": true, "Plans": [{"Node Type": "Nested Loop", "Parent Relationship": "Outer", "Join Type": "Inner", "Startup Cost": 0.0, "Total Cost": 54902.47, "Plan Rows": 1540, "Plan Width": 4, "Actual Startup Time": 1049.992, "Actual Total Time": 1049.992, "Actual Rows": 0, "Actual Loops": 1, "Inner Unique": false, "Join Filter": "(ct.id = mc.company_type_id)", "Rows Removed by Join Filter": 24025, "Plans": [{"Node Type": "Seq Scan", "Parent Relationship": "Outer", "Relation Name": "company_type", "Alias": "ct", "Startup Cost": 0.0, "Total Cost": 1.04, "Plan Rows": 1, "Plan Width": 4, "Actual Startup Time": 0.008, "Actual Total Time": 0.016, "Actual Rows": 1, "Actual Loops": 1, "Filter": "((kind)::text = 'production companies'::text)", "Rows Removed by Filter": 2}, {"Node Type": "Seq Scan", "Parent Relationship": "Inner", "Relation Name": "movie_companies", "Alias": "mc", "Startup Cost": 0.0, "Total Cost": 54862.92, "Plan Rows": 3081, "Plan Width": 8, "Actual Startup Time": 9.015, "Actual Total Time": 1044.71, "Actual Rows": 24025, "Actual Loops": 1, "Filter": "(((note)::text ~~ '%(theatrical)%'::text) AND ((note)::text ~~ '%(France)%'::text))", "Rows Removed by Filter": 2585103}]}, {"Node Type": "Bitmap Heap Scan", "Parent Relationship": "Inner", "Relation Name": "title", "Alias": "t", "Startup Cost": 3.69, "Total Cost": 7.7, "Plan Rows": 1, "Plan Width": 21, "Actual Startup Time": 0.0, "Actual Total Time": 0.0, "Recheck Cond": "(id = mc.movie_id)", "Rows Removed by Index Recheck": 0, "Filter": "(production_year > 2005)", "Rows Removed by Filter": 0, "Exact Heap Blocks": 0, "Lossy Heap Blocks": 0, "Plans": [{"Node Type": "Bitmap Index Scan", "Parent Relationship": "Outer", "Index Name": "title_pkey", "Startup Cost": 0.0, "Total Cost": 3.69, "Plan Rows": 1, "Plan Width": 0, "Actual Startup Time": 0.0, "Actual Total Time": 0.0, "Index Cond": "(id = mc.movie_id)"}]}]}, {"Node Type": "Bitmap Heap Scan", "Parent Relationship": "Inner", "Relation Name": "movie_info", "Alias": "mi", "Startup Cost": 0.51, "Total Cost": 4.62, "Plan Rows": 1, "Plan Width": 8, "Actual Startup Time": 0.0, "Actual Total Time": 0.0, "Recheck Cond": "(movie_id = t.id)", "Rows Removed by Index Recheck": 0, "Filter": "((info)::text = ANY ('{Sweden,Norway,Germany,Denmark,Swedish,Denish,Norwegian,German}'::text[]))", "Rows Removed by Filter": 0, "Exact Heap Blocks": 0, "Lossy Heap Blocks": 0, "Plans": [{"Node Type": "Bitmap Index Scan", "Parent Relationship": "Outer", "Index Name": "movie_id_movie_info", "Startup Cost": 0.0, "Total Cost": 0.51, "Plan Rows": 5, "Plan Width": 0, "Actual Startup Time": 0.0, "Actual Total Time": 0.0, "Index Cond": "(movie_id = t.id)"}]}]}]}]}]}, "Triggers": [], "Planner Runtime": 6.977, "Total Runtime": 1050.338, "Unique SQL Id": 2510907716}}, "(64, '23')": {"explain_plan": {"Plan": {"Node Type": "Aggregate", "Strategy": "Plain", "Startup Cost": 88224.62, "Total Cost": 88224.63, "Plan Rows": 1, "Plan Width": 49, "Plans": [{"Node Type": "Merge Join", "Parent Relationship": "Outer", "Join Type": "Inner", "Startup Cost": 88191.01, "Total Cost": 88219.83, "Plan Rows": 1919, "Plan Width": 17, "Inner Unique": false, "Merge Cond": "(it.id = mi.info_type_id)", "Plans": [{"Node Type": "Sort", "Parent Relationship": "Outer", "Startup Cost": 17.77, "Total Cost": 18.05, "Plan Rows": 112, "Plan Width": 4, "Sort Key": ["it.id"], "Plans": [{"Node Type": "Bitmap Heap Scan", "Parent Relationship": "Outer", "Relation Name": "info_type", "Alias": "it", "Startup Cost": 8.84, "Total Cost": 13.96, "Plan Rows": 112, "Plan Width": 4, "Plans": [{"Node Type": "Bitmap Index Scan", "Parent Relationship": "Outer", "Index Name": "info_type_pkey", "Startup Cost": 0.0, "Total Cost": 8.81, "Plan Rows": 112, "Plan Width": 0}]}]}, {"Node Type": "Sort", "Parent Relationship": "Inner", "Startup Cost": 88172.72, "Total Cost": 88177.52, "Plan Rows": 1919, "Plan Width": 21, "Sort Key": ["mi.info_type_id"], "Plans": [{"Node Type": "Nested Loop", "Parent Relationship": "Outer", "Join Type": "Inner", "Startup Cost": 28957.33, "Total Cost": 88068.08, "Plan Rows": 1919, "Plan Width": 21, "Inner Unique": false, "Plans": [{"Node Type": "Nested Loop", "Parent Relationship": "Outer", "Join Type": "Inner", "Startup Cost": 28956.82, "Total Cost": 79406.16, "Plan Rows": 1869, "Plan Width": 25, "Inner Unique": true, "Plans": [{"Node Type": "Nested Loop", "Parent Relationship": "Outer", "Join Type": "Inner", "Startup Cost": 28953.13, "Total Cost": 67528.44, "Plan Rows": 1540, "Plan Width": 4, "Inner Unique": false, "Plans": [{"Node Type": "Bitmap Heap Scan", "Parent Relationship": "Outer", "Relation Name": "company_type", "Alias": "ct", "Startup Cost": 8.27, "Total Cost": 12.3, "Plan Rows": 1, "Plan Width": 4, "Filter": "((kind)::text = 'production companies'::text)", "Plans": [{"Node Type": "Bitmap Index Scan", "Parent Relationship": "Outer", "Index Name": "company_type_pkey", "Startup Cost": 0.0, "Total Cost": 8.27, "Plan Rows": 3, "Plan Width": 0}]}, {"Node Type": "Bitmap Heap Scan", "Parent Relationship": "Inner", "Relation Name": "movie_companies", "Alias": "mc", "Startup Cost": 28944.86, "Total Cost": 67500.74, "Plan Rows": 1540, "Plan Width": 8, "Recheck Cond": "(company_type_id = ct.id)", "Filter": "(((note)::text ~~ '%(theatrical)%'::text) AND ((note)::text ~~ '%(France)%'::text))", "Plans": [{"Node Type": "Bitmap Index Scan", "Parent Relationship": "Outer", "Index Name": "company_type_id_movie_companies", "Startup Cost": 0.0, "Total Cost": 28944.48, "Plan Rows": 1304564, "Plan Width": 0, "Index Cond": "(company_type_id = ct.id)"}]}]}, {"Node Type": "Bitmap Heap Scan", "Parent Relationship": "Inner", "Relation Name": "title", "Alias": "t", "Startup Cost": 3.69, "Total Cost": 7.7, "Plan Rows": 1, "Plan Width": 21, "Recheck Cond": "(id = mc.movie_id)", "Filter": "(production_year > 2005)", "Plans": [{"Node Type": "Bitmap Index Scan", "Parent Relationship": "Outer", "Index Name": "title_pkey", "Startup Cost": 0.0, "Total Cost": 3.69, "Plan Rows": 1, "Plan Width": 0, "Index Cond": "(id = mc.movie_id)"}]}]}, {"Node Type": "Bitmap Heap Scan", "Parent Relationship": "Inner", "Relation Name": "movie_info", "Alias": "mi", "Startup Cost": 0.51, "Total Cost": 4.62, "Plan Rows": 1, "Plan Width": 8, "Recheck Cond": "(movie_id = t.id)", "Filter": "((info)::text = ANY ('{Sweden,Norway,Germany,Denmark,Swedish,Denish,Norwegian,German}'::text[]))", "Plans": [{"Node Type": "Bitmap Index Scan", "Parent Relationship": "Outer", "Index Name": "movie_id_movie_info", "Startup Cost": 0.0, "Total Cost": 0.51, "Plan Rows": 5, "Plan Width": 0, "Index Cond": "(movie_id = t.id)"}]}]}]}]}]}, "Unique SQL Id": 2510907716, "Planner Runtime": 7}, "explain_analyze_plan": {"Plan": {"Node Type": "Aggregate", "Strategy": "Plain", "Startup Cost": 88224.62, "Total Cost": 88224.63, "Plan Rows": 1, "Plan Width": 49, "Actual Startup Time": 644.743, "Actual Total Time": 644.744, "Actual Rows": 1, "Actual Loops": 1, "Plans": [{"Node Type": "Merge Join", "Parent Relationship": "Outer", "Join Type": "Inner", "Startup Cost": 88191.01, "Total Cost": 88219.83, "Plan Rows": 1919, "Plan Width": 17, "Actual Startup Time": 644.736, "Actual Total Time": 644.736, "Actual Rows": 0, "Actual Loops": 1, "Inner Unique": false, "Merge Cond": "(it.id = mi.info_type_id)", "Plans": [{"Node Type": "Sort", "Parent Relationship": "Outer", "Startup Cost": 17.77, "Total Cost": 18.05, "Plan Rows": 112, "Plan Width": 4, "Actual Startup Time": 0.101, "Actual Total Time": 0.101, "Actual Rows": 1, "Actual Loops": 1, "Sort Key": ["it.id"], "Sort Method": "quicksort", "Sort Space Used": 32, "Sort Space Type": "Memory", "Plans": [{"Node Type": "Bitmap Heap Scan", "Parent Relationship": "Outer", "Relation Name": "info_type", "Alias": "it", "Startup Cost": 8.84, "Total Cost": 13.96, "Plan Rows": 112, "Plan Width": 4, "Actual Startup Time": 0.046, "Actual Total Time": 0.063, "Actual Rows": 112, "Actual Loops": 1, "Exact Heap Blocks": 1, "Lossy Heap Blocks": 1, "Plans": [{"Node Type": "Bitmap Index Scan", "Parent Relationship": "Outer", "Index Name": "info_type_pkey", "Startup Cost": 0.0, "Total Cost": 8.81, "Plan Rows": 112, "Plan Width": 0, "Actual Startup Time": 0.013, "Actual Total Time": 0.013, "Actual Rows": 112, "Actual Loops": 1}]}]}, {"Node Type": "Sort", "Parent Relationship": "Inner", "Startup Cost": 88172.72, "Total Cost": 88177.52, "Plan Rows": 1919, "Plan Width": 21, "Actual Startup Time": 644.612, "Actual Total Time": 644.612, "Actual Rows": 0, "Actual Loops": 1, "Sort Key": ["mi.info_type_id"], "Sort Method": "quicksort", "Sort Space Used": 25, "Sort Space Type": "Memory", "Plans": [{"Node Type": "Nested Loop", "Parent Relationship": "Outer", "Join Type": "Inner", "Startup Cost": 28957.33, "Total Cost": 88068.08, "Plan Rows": 1919, "Plan Width": 21, "Actual Startup Time": 644.605, "Actual Total Time": 644.605, "Actual Rows": 0, "Actual Loops": 1, "Inner Unique": false, "Plans": [{"Node Type": "Nested Loop", "Parent Relationship": "Outer", "Join Type": "Inner", "Startup Cost": 28956.82, "Total Cost": 79406.16, "Plan Rows": 1869, "Plan Width": 25, "Actual Startup Time": 644.602, "Actual Total Time": 644.602, "Actual Rows": 0, "Actual Loops": 1, "Inner Unique": true, "Plans": [{"Node Type": "Nested Loop", "Parent Relationship": "Outer", "Join Type": "Inner", "Startup Cost": 28953.13, "Total Cost": 67528.44, "Plan Rows": 1540, "Plan Width": 4, "Actual Startup Time": 644.599, "Actual Total Time": 644.599, "Actual Rows": 0, "Actual Loops": 1, "Inner Unique": false, "Plans": [{"Node Type": "Bitmap Heap Scan", "Parent Relationship": "Outer", "Relation Name": "company_type", "Alias": "ct", "Startup Cost": 8.27, "Total Cost": 12.3, "Plan Rows": 1, "Plan Width": 4, "Actual Startup Time": 0.011, "Actual Total Time": 0.018, "Actual Rows": 1, "Actual Loops": 1, "Filter": "((kind)::text = 'production companies'::text)", "Rows Removed by Filter": 2, "Exact Heap Blocks": 1, "Lossy Heap Blocks": 1, "Plans": [{"Node Type": "Bitmap Index Scan", "Parent Relationship": "Outer", "Index Name": "company_type_pkey", "Startup Cost": 0.0, "Total Cost": 8.27, "Plan Rows": 3, "Plan Width": 0, "Actual Startup Time": 0.002, "Actual Total Time": 0.002, "Actual Rows": 3, "Actual Loops": 1}]}, {"Node Type": "Bitmap Heap Scan", "Parent Relationship": "Inner", "Relation Name": "movie_companies", "Alias": "mc", "Startup Cost": 28944.86, "Total Cost": 67500.74, "Plan Rows": 1540, "Plan Width": 8, "Actual Startup Time": 644.574, "Actual Total Time": 644.574, "Actual Rows": 0, "Actual Loops": 1, "Recheck Cond": "(company_type_id = ct.id)", "Rows Removed by Index Recheck": 0, "Filter": "(((note)::text ~~ '%(theatrical)%'::text) AND ((note)::text ~~ '%(France)%'::text))", "Rows Removed by Filter": 1334883, "Exact Heap Blocks": 6196, "Lossy Heap Blocks": 6196, "Plans": [{"Node Type": "Bitmap Index Scan", "Parent Relationship": "Outer", "Index Name": "company_type_id_movie_companies", "Startup Cost": 0.0, "Total Cost": 28944.48, "Plan Rows": 1304564, "Plan Width": 0, "Actual Startup Time": 157.272, "Actual Total Time": 157.272, "Actual Rows": 1334883, "Actual Loops": 1, "Index Cond": "(company_type_id = ct.id)"}]}]}, {"Node Type": "Bitmap Heap Scan", "Parent Relationship": "Inner", "Relation Name": "title", "Alias": "t", "Startup Cost": 3.69, "Total Cost": 7.7, "Plan Rows": 1, "Plan Width": 21, "Actual Startup Time": 0.0, "Actual Total Time": 0.0, "Recheck Cond": "(id = mc.movie_id)", "Rows Removed by Index Recheck": 0, "Filter": "(production_year > 2005)", "Rows Removed by Filter": 0, "Exact Heap Blocks": 0, "Lossy Heap Blocks": 0, "Plans": [{"Node Type": "Bitmap Index Scan", "Parent Relationship": "Outer", "Index Name": "title_pkey", "Startup Cost": 0.0, "Total Cost": 3.69, "Plan Rows": 1, "Plan Width": 0, "Actual Startup Time": 0.0, "Actual Total Time": 0.0, "Index Cond": "(id = mc.movie_id)"}]}]}, {"Node Type": "Bitmap Heap Scan", "Parent Relationship": "Inner", "Relation Name": "movie_info", "Alias": "mi", "Startup Cost": 0.51, "Total Cost": 4.62, "Plan Rows": 1, "Plan Width": 8, "Actual Startup Time": 0.0, "Actual Total Time": 0.0, "Recheck Cond": "(movie_id = t.id)", "Rows Removed by Index Recheck": 0, "Filter": "((info)::text = ANY ('{Sweden,Norway,Germany,Denmark,Swedish,Denish,Norwegian,German}'::text[]))", "Rows Removed by Filter": 0, "Exact Heap Blocks": 0, "Lossy Heap Blocks": 0, "Plans": [{"Node Type": "Bitmap Index Scan", "Parent Relationship": "Outer", "Index Name": "movie_id_movie_info", "Startup Cost": 0.0, "Total Cost": 0.51, "Plan Rows": 5, "Plan Width": 0, "Actual Startup Time": 0.0, "Actual Total Time": 0.0, "Index Cond": "(movie_id = t.id)"}]}]}]}]}]}, "Triggers": [], "Planner Runtime": 7.076, "Total Runtime": 645.051, "Unique SQL Id": 2510907716}}, "(64, '24')": {"explain_plan": {"Plan": {"Node Type": "Aggregate", "Strategy": "Plain", "Startup Cost": 69341.41, "Total Cost": 69341.42, "Plan Rows": 1, "Plan Width": 49, "Plans": [{"Node Type": "Nested Loop", "Parent Relationship": "Outer", "Join Type": "Inner", "Startup Cost": 0.0, "Total Cost": 69336.61, "Plan Rows": 1919, "Plan Width": 17, "Inner Unique": true, "Plans": [{"Node Type": "Nested Loop", "Parent Relationship": "Outer", "Join Type": "Inner", "Startup Cost": 0.0, "Total Cost": 68799.18, "Plan Rows": 1919, "Plan Width": 21, "Inner Unique": false, "Plans": [{"Node Type": "Nested Loop", "Parent Relationship": "Outer", "Join Type": "Inner", "Startup Cost": 0.0, "Total Cost": 66519.89, "Plan Rows": 1869, "Plan Width": 25, "Inner Unique": true, "Plans": [{"Node Type": "Nested Loop", "Parent Relationship": "Outer", "Join Type": "Inner", "Startup Cost": 0.0, "Total Cost": 54902.47, "Plan Rows": 1540, "Plan Width": 4, "Inner Unique": false, "Join Filter": "(ct.id = mc.company_type_id)", "Plans": [{"Node Type": "Seq Scan", "Parent Relationship": "Outer", "Relation Name": "company_type", "Alias": "ct", "Startup Cost": 0.0, "Total Cost": 1.04, "Plan Rows": 1, "Plan Width": 4, "Filter": "((kind)::text = 'production companies'::text)"}, {"Node Type": "Seq Scan", "Parent Relationship": "Inner", "Relation Name": "movie_companies", "Alias": "mc", "Startup Cost": 0.0, "Total Cost": 54862.92, "Plan Rows": 3081, "Plan Width": 8, "Filter": "(((note)::text ~~ '%(theatrical)%'::text) AND ((note)::text ~~ '%(France)%'::text))"}]}, {"Node Type": "Index Scan", "Parent Relationship": "Inner", "Scan Direction": "Forward", "Index Name": "title_pkey", "Relation Name": "title", "Alias": "t", "Startup Cost": 0.0, "Total Cost": 7.53, "Plan Rows": 1, "Plan Width": 21, "Index Cond": "(id = mc.movie_id)", "Filter": "(production_year > 2005)"}]}, {"Node Type": "Index Scan", "Parent Relationship": "Inner", "Scan Direction": "Forward", "Index Name": "movie_id_movie_info", "Relation Name": "movie_info", "Alias": "mi", "Startup Cost": 0.0, "Total Cost": 1.21, "Plan Rows": 1, "Plan Width": 8, "Index Cond": "(movie_id = t.id)", "Filter": "((info)::text = ANY ('{Sweden,Norway,Germany,Denmark,Swedish,Denish,Norwegian,German}'::text[]))"}]}, {"Node Type": "Index Only Scan", "Parent Relationship": "Inner", "Scan Direction": "Forward", "Index Name": "info_type_pkey", "Relation Name": "info_type", "Alias": "it", "Startup Cost": 0.0, "Total Cost": 0.27, "Plan Rows": 1, "Plan Width": 4, "Index Cond": "(id = mi.info_type_id)"}]}]}, "Unique SQL Id": 2510907716, "Planner Runtime": 7}, "explain_analyze_plan": {"Plan": {"Node Type": "Aggregate", "Strategy": "Plain", "Startup Cost": 69341.41, "Total Cost": 69341.42, "Plan Rows": 1, "Plan Width": 49, "Actual Startup Time": 1038.715, "Actual Total Time": 1038.716, "Actual Rows": 1, "Actual Loops": 1, "Plans": [{"Node Type": "Nested Loop", "Parent Relationship": "Outer", "Join Type": "Inner", "Startup Cost": 0.0, "Total Cost": 69336.61, "Plan Rows": 1919, "Plan Width": 17, "Actual Startup Time": 1038.706, "Actual Total Time": 1038.706, "Actual Rows": 0, "Actual Loops": 1, "Inner Unique": true, "Plans": [{"Node Type": "Nested Loop", "Parent Relationship": "Outer", "Join Type": "Inner", "Startup Cost": 0.0, "Total Cost": 68799.18, "Plan Rows": 1919, "Plan Width": 21, "Actual Startup Time": 1038.704, "Actual Total Time": 1038.704, "Actual Rows": 0, "Actual Loops": 1, "Inner Unique": false, "Plans": [{"Node Type": "Nested Loop", "Parent Relationship": "Outer", "Join Type": "Inner", "Startup Cost": 0.0, "Total Cost": 66519.89, "Plan Rows": 1869, "Plan Width": 25, "Actual Startup Time": 1038.703, "Actual Total Time": 1038.703, "Actual Rows": 0, "Actual Loops": 1, "Inner Unique": true, "Plans": [{"Node Type": "Nested Loop", "Parent Relationship": "Outer", "Join Type": "Inner", "Startup Cost": 0.0, "Total Cost": 54902.47, "Plan Rows": 1540, "Plan Width": 4, "Actual Startup Time": 1038.702, "Actual Total Time": 1038.702, "Actual Rows": 0, "Actual Loops": 1, "Inner Unique": false, "Join Filter": "(ct.id = mc.company_type_id)", "Rows Removed by Join Filter": 24025, "Plans": [{"Node Type": "Seq Scan", "Parent Relationship": "Outer", "Relation Name": "company_type", "Alias": "ct", "Startup Cost": 0.0, "Total Cost": 1.04, "Plan Rows": 1, "Plan Width": 4, "Actual Startup Time": 0.022, "Actual Total Time": 0.025, "Actual Rows": 1, "Actual Loops": 1, "Filter": "((kind)::text = 'production companies'::text)", "Rows Removed by Filter": 2}, {"Node Type": "Seq Scan", "Parent Relationship": "Inner", "Relation Name": "movie_companies", "Alias": "mc", "Startup Cost": 0.0, "Total Cost": 54862.92, "Plan Rows": 3081, "Plan Width": 8, "Actual Startup Time": 8.799, "Actual Total Time": 1033.327, "Actual Rows": 24025, "Actual Loops": 1, "Filter": "(((note)::text ~~ '%(theatrical)%'::text) AND ((note)::text ~~ '%(France)%'::text))", "Rows Removed by Filter": 2585103}]}, {"Node Type": "Index Scan", "Parent Relationship": "Inner", "Scan Direction": "Forward", "Index Name": "title_pkey", "Relation Name": "title", "Alias": "t", "Startup Cost": 0.0, "Total Cost": 7.53, "Plan Rows": 1, "Plan Width": 21, "Actual Startup Time": 0.0, "Actual Total Time": 0.0, "Index Cond": "(id = mc.movie_id)", "Rows Removed by Index Recheck": 0, "Filter": "(production_year > 2005)", "Rows Removed by Filter": 0}]}, {"Node Type": "Index Scan", "Parent Relationship": "Inner", "Scan Direction": "Forward", "Index Name": "movie_id_movie_info", "Relation Name": "movie_info", "Alias": "mi", "Startup Cost": 0.0, "Total Cost": 1.21, "Plan Rows": 1, "Plan Width": 8, "Actual Startup Time": 0.0, "Actual Total Time": 0.0, "Index Cond": "(movie_id = t.id)", "Rows Removed by Index Recheck": 0, "Filter": "((info)::text = ANY ('{Sweden,Norway,Germany,Denmark,Swedish,Denish,Norwegian,German}'::text[]))", "Rows Removed by Filter": 0}]}, {"Node Type": "Index Only Scan", "Parent Relationship": "Inner", "Scan Direction": "Forward", "Index Name": "info_type_pkey", "Relation Name": "info_type", "Alias": "it", "Startup Cost": 0.0, "Total Cost": 0.27, "Plan Rows": 1, "Plan Width": 4, "Actual Startup Time": 0.0, "Actual Total Time": 0.0, "Index Cond": "(id = mi.info_type_id)", "Rows Removed by Index Recheck": 0, "Heap Fetches": 0}]}]}, "Triggers": [], "Planner Runtime": 11.067, "Total Runtime": 1038.954, "Unique SQL Id": 2510907716}}, "(64, '25')": {"explain_plan": {"Plan": {"Node Type": "Aggregate", "Strategy": "Plain", "Startup Cost": 74106.99, "Total Cost": 74107.0, "Plan Rows": 1, "Plan Width": 49, "Plans": [{"Node Type": "Nested Loop", "Parent Relationship": "Outer", "Join Type": "Inner", "Startup Cost": 0.0, "Total Cost": 74102.19, "Plan Rows": 1919, "Plan Width": 17, "Inner Unique": true, "Plans": [{"Node Type": "Nested Loop", "Parent Relationship": "Outer", "Join Type": "Inner", "Startup Cost": 0.0, "Total Cost": 73564.77, "Plan Rows": 1919, "Plan Width": 21, "Inner Unique": false, "Plans": [{"Node Type": "Nested Loop", "Parent Relationship": "Outer", "Join Type": "Inner", "Startup Cost": 0.0, "Total Cost": 71285.47, "Plan Rows": 1869, "Plan Width": 25, "Inner Unique": true, "Plans": [{"Node Type": "Nested Loop", "Parent Relationship": "Outer", "Join Type": "Inner", "Startup Cost": 0.0, "Total Cost": 59668.05, "Plan Rows": 1540, "Plan Width": 4, "Inner Unique": false, "Plans": [{"Node Type": "Index Scan", "Parent Relationship": "Outer", "Scan Direction": "Forward", "Index Name": "company_type_pkey", "Relation Name": "company_type", "Alias": "ct", "Startup Cost": 0.0, "Total Cost": 12.3, "Plan Rows": 1, "Plan Width": 4, "Filter": "((kind)::text = 'production companies'::text)"}, {"Node Type": "Index Scan", "Parent Relationship": "Inner", "Scan Direction": "Forward", "Index Name": "company_type_id_movie_companies", "Relation Name": "movie_companies", "Alias": "mc", "Startup Cost": 0.0, "Total Cost": 59640.35, "Plan Rows": 1540, "Plan Width": 8, "Index Cond": "(company_type_id = ct.id)", "Filter": "(((note)::text ~~ '%(theatrical)%'::text) AND ((note)::text ~~ '%(France)%'::text))"}]}, {"Node Type": "Index Scan", "Parent Relationship": "Inner", "Scan Direction": "Forward", "Index Name": "title_pkey", "Relation Name": "title", "Alias": "t", "Startup Cost": 0.0, "Total Cost": 7.53, "Plan Rows": 1, "Plan Width": 21, "Index Cond": "(id = mc.movie_id)", "Filter": "(production_year > 2005)"}]}, {"Node Type": "Index Scan", "Parent Relationship": "Inner", "Scan Direction": "Forward", "Index Name": "movie_id_movie_info", "Relation Name": "movie_info", "Alias": "mi", "Startup Cost": 0.0, "Total Cost": 1.21, "Plan Rows": 1, "Plan Width": 8, "Index Cond": "(movie_id = t.id)", "Filter": "((info)::text = ANY ('{Sweden,Norway,Germany,Denmark,Swedish,Denish,Norwegian,German}'::text[]))"}]}, {"Node Type": "Index Only Scan", "Parent Relationship": "Inner", "Scan Direction": "Forward", "Index Name": "info_type_pkey", "Relation Name": "info_type", "Alias": "it", "Startup Cost": 0.0, "Total Cost": 0.27, "Plan Rows": 1, "Plan Width": 4, "Index Cond": "(id = mi.info_type_id)"}]}]}, "Unique SQL Id": 2510907716, "Planner Runtime": 6}, "explain_analyze_plan": {"Plan": {"Node Type": "Aggregate", "Strategy": "Plain", "Startup Cost": 74106.99, "Total Cost": 74107.0, "Plan Rows": 1, "Plan Width": 49, "Actual Startup Time": 629.666, "Actual Total Time": 629.667, "Actual Rows": 1, "Actual Loops": 1, "Plans": [{"Node Type": "Nested Loop", "Parent Relationship": "Outer", "Join Type": "Inner", "Startup Cost": 0.0, "Total Cost": 74102.19, "Plan Rows": 1919, "Plan Width": 17, "Actual Startup Time": 629.656, "Actual Total Time": 629.656, "Actual Rows": 0, "Actual Loops": 1, "Inner Unique": true, "Plans": [{"Node Type": "Nested Loop", "Parent Relationship": "Outer", "Join Type": "Inner", "Startup Cost": 0.0, "Total Cost": 73564.77, "Plan Rows": 1919, "Plan Width": 21, "Actual Startup Time": 629.655, "Actual Total Time": 629.655, "Actual Rows": 0, "Actual Loops": 1, "Inner Unique": false, "Plans": [{"Node Type": "Nested Loop", "Parent Relationship": "Outer", "Join Type": "Inner", "Startup Cost": 0.0, "Total Cost": 71285.47, "Plan Rows": 1869, "Plan Width": 25, "Actual Startup Time": 629.655, "Actual Total Time": 629.655, "Actual Rows": 0, "Actual Loops": 1, "Inner Unique": true, "Plans": [{"Node Type": "Nested Loop", "Parent Relationship": "Outer", "Join Type": "Inner", "Startup Cost": 0.0, "Total Cost": 59668.05, "Plan Rows": 1540, "Plan Width": 4, "Actual Startup Time": 629.654, "Actual Total Time": 629.654, "Actual Rows": 0, "Actual Loops": 1, "Inner Unique": false, "Plans": [{"Node Type": "Index Scan", "Parent Relationship": "Outer", "Scan Direction": "Forward", "Index Name": "company_type_pkey", "Relation Name": "company_type", "Alias": "ct", "Startup Cost": 0.0, "Total Cost": 12.3, "Plan Rows": 1, "Plan Width": 4, "Actual Startup Time": 0.022, "Actual Total Time": 0.03, "Actual Rows": 1, "Actual Loops": 1, "Filter": "((kind)::text = 'production companies'::text)", "Rows Removed by Filter": 2}, {"Node Type": "Index Scan", "Parent Relationship": "Inner", "Scan Direction": "Forward", "Index Name": "company_type_id_movie_companies", "Relation Name": "movie_companies", "Alias": "mc", "Startup Cost": 0.0, "Total Cost": 59640.35, "Plan Rows": 1540, "Plan Width": 8, "Actual Startup Time": 629.618, "Actual Total Time": 629.618, "Actual Rows": 0, "Actual Loops": 1, "Index Cond": "(company_type_id = ct.id)", "Rows Removed by Index Recheck": 0, "Filter": "(((note)::text ~~ '%(theatrical)%'::text) AND ((note)::text ~~ '%(France)%'::text))", "Rows Removed by Filter": 1334883}]}, {"Node Type": "Index Scan", "Parent Relationship": "Inner", "Scan Direction": "Forward", "Index Name": "title_pkey", "Relation Name": "title", "Alias": "t", "Startup Cost": 0.0, "Total Cost": 7.53, "Plan Rows": 1, "Plan Width": 21, "Actual Startup Time": 0.0, "Actual Total Time": 0.0, "Index Cond": "(id = mc.movie_id)", "Rows Removed by Index Recheck": 0, "Filter": "(production_year > 2005)", "Rows Removed by Filter": 0}]}, {"Node Type": "Index Scan", "Parent Relationship": "Inner", "Scan Direction": "Forward", "Index Name": "movie_id_movie_info", "Relation Name": "movie_info", "Alias": "mi", "Startup Cost": 0.0, "Total Cost": 1.21, "Plan Rows": 1, "Plan Width": 8, "Actual Startup Time": 0.0, "Actual Total Time": 0.0, "Index Cond": "(movie_id = t.id)", "Rows Removed by Index Recheck": 0, "Filter": "((info)::text = ANY ('{Sweden,Norway,Germany,Denmark,Swedish,Denish,Norwegian,German}'::text[]))", "Rows Removed by Filter": 0}]}, {"Node Type": "Index Only Scan", "Parent Relationship": "Inner", "Scan Direction": "Forward", "Index Name": "info_type_pkey", "Relation Name": "info_type", "Alias": "it", "Startup Cost": 0.0, "Total Cost": 0.27, "Plan Rows": 1, "Plan Width": 4, "Actual Startup Time": 0.0, "Actual Total Time": 0.0, "Index Cond": "(id = mi.info_type_id)", "Rows Removed by Index Recheck": 0, "Heap Fetches": 0}]}]}, "Triggers": [], "Planner Runtime": 8.174, "Total Runtime": 629.914, "Unique SQL Id": 2510907716}}, "(64, '26')": {"explain_plan": {"Plan": {"Node Type": "Aggregate", "Strategy": "Plain", "Startup Cost": 440593.67, "Total Cost": 440593.69, "Plan Rows": 1, "Plan Width": 49, "Plans": [{"Node Type": "Streaming(type: LOCAL GATHER dop: 1/64)", "Parent Relationship": "Outer", "Startup Cost": 440593.67, "Total Cost": 440593.69, "Plan Rows": 1, "Plan Width": 49, "Plans": [{"Node Type": "Aggregate", "Strategy": "Plain", "Parent Relationship": "Outer", "Startup Cost": 440593.67, "Total Cost": 440593.68, "Plan Rows": 1, "Plan Width": 49, "Plans": [{"Node Type": "Nested Loop", "Parent Relationship": "Outer", "Join Type": "Inner", "Startup Cost": 0.0, "Total Cost": 440588.87, "Plan Rows": 1919, "Plan Width": 17, "Inner Unique": false, "Join Filter": "(mi.movie_id = t.id)", "Plans": [{"Node Type": "Streaming(type: LOCAL REDISTRIBUTE dop: 64/64)", "Parent Relationship": "Outer", "Startup Cost": 0.0, "Total Cost": 127997.39, "Plan Rows": 1013492, "Plan Width": 21, "Plans": [{"Node Type": "Seq Scan", "Parent Relationship": "Outer", "Relation Name": "title", "Alias": "t", "Startup Cost": 0.0, "Total Cost": 64037.34, "Plan Rows": 1013492, "Plan Width": 21, "Filter": "(production_year > 2005), (LLVM Optimized)"}]}, {"Node Type": "Materialize", "Parent Relationship": "Inner", "Startup Cost": 0.0, "Total Cost": 306723.64, "Plan Rows": 1581, "Plan Width": 8, "Plans": [{"Node Type": "Streaming(type: LOCAL REDISTRIBUTE dop: 64/1)", "Parent Relationship": "Outer", "Startup Cost": 0.0, "Total Cost": 306723.51, "Plan Rows": 1581, "Plan Width": 8, "Plans": [{"Node Type": "Nested Loop", "Parent Relationship": "Outer", "Join Type": "Inner", "Startup Cost": 0.0, "Total Cost": 243659.28, "Plan Rows": 1581, "Plan Width": 8, "Inner Unique": true, "Join Filter": "(mi.info_type_id = it.id)", "Plans": [{"Node Type": "Streaming(type: LOCAL GATHER dop: 1/64)", "Parent Relationship": "Outer", "Startup Cost": 0.0, "Total Cost": 241000.8, "Plan Rows": 1581, "Plan Width": 12, "Plans": [{"Node Type": "Nested Loop", "Parent Relationship": "Outer", "Join Type": "Inner", "Startup Cost": 0.0, "Total Cost": 240968.18, "Plan Rows": 1581, "Plan Width": 12, "Inner Unique": false, "Join Filter": "(mc.movie_id = mi.movie_id)", "Plans": [{"Node Type": "Seq Scan", "Parent Relationship": "Outer", "Relation Name": "movie_info", "Alias": "mi", "Startup Cost": 0.0, "Total Cost": 69963.86, "Plan Rows": 141478, "Plan Width": 8, "Filter": "((info)::text = ANY ('{Sweden,Norway,Germany,Denmark,Swedish,Denish,Norwegian,German}'::text[]))"}, {"Node Type": "Materialize", "Parent Relationship": "Inner", "Startup Cost": 0.0, "Total Cost": 119943.45, "Plan Rows": 98560, "Plan Width": 4, "Plans": [{"Node Type": "Streaming(type: BROADCAST dop: 64/1)", "Parent Relationship": "Outer", "Startup Cost": 0.0, "Total Cost": 119935.75, "Plan Rows": 98560, "Plan Width": 4, "Plans": [{"Node Type": "Nested Loop", "Parent Relationship": "Outer", "Join Type": "Inner", "Startup Cost": 0.0, "Total Cost": 54902.47, "Plan Rows": 1540, "Plan Width": 4, "Inner Unique": false, "Join Filter": "(ct.id = mc.company_type_id)", "Plans": [{"Node Type": "Seq Scan", "Parent Relationship": "Outer", "Relation Name": "company_type", "Alias": "ct", "Startup Cost": 0.0, "Total Cost": 1.04, "Plan Rows": 1, "Plan Width": 4, "Filter": "((kind)::text = 'production companies'::text)"}, {"Node Type": "Seq Scan", "Parent Relationship": "Inner", "Relation Name": "movie_companies", "Alias": "mc", "Startup Cost": 0.0, "Total Cost": 54862.92, "Plan Rows": 3081, "Plan Width": 8, "Filter": "(((note)::text ~~ '%(theatrical)%'::text) AND ((note)::text ~~ '%(France)%'::text))"}]}]}]}]}]}, {"Node Type": "Materialize", "Parent Relationship": "Inner", "Startup Cost": 0.0, "Total Cost": 2.68, "Plan Rows": 112, "Plan Width": 4, "Plans": [{"Node Type": "Seq Scan", "Parent Relationship": "Outer", "Relation Name": "info_type", "Alias": "it", "Startup Cost": 0.0, "Total Cost": 2.12, "Plan Rows": 112, "Plan Width": 4}]}]}]}]}]}]}]}]}, "Unique SQL Id": 2510907716, "Planner Runtime": 6}, "explain_analyze_plan": {"Plan": {"Node Type": "Aggregate", "Strategy": "Plain", "Startup Cost": 440593.67, "Total Cost": 440593.69, "Plan Rows": 1, "Plan Width": 49, "Actual Min Startup Time": 1433.469, "Actual Max Startup Time": 1433.469, "Actual Min Total Time": 1433.47, "Actual Max Total Time": 1433.47, "Plans": [{"Node Type": "Streaming(type: LOCAL GATHER dop: 1/64)", "Parent Relationship": "Outer", "Startup Cost": 440593.67, "Total Cost": 440593.69, "Plan Rows": 1, "Plan Width": 49, "Actual Min Startup Time": 1431.81, "Actual Max Startup Time": 1431.81, "Actual Min Total Time": 1433.443, "Actual Max Total Time": 1433.443, "Plans": [{"Node Type": "Aggregate", "Strategy": "Plain", "Parent Relationship": "Outer", "Startup Cost": 440593.67, "Total Cost": 440593.68, "Plan Rows": 1, "Plan Width": 49, "Actual Min Startup Time": 1131.8, "Actual Max Startup Time": 1266.232, "Actual Min Total Time": 1131.8, "Actual Max Total Time": 1266.232, "Plans": [{"Node Type": "Nested Loop", "Parent Relationship": "Outer", "Join Type": "Inner", "Startup Cost": 0.0, "Total Cost": 440588.87, "Plan Rows": 1919, "Plan Width": 17, "Actual Min Startup Time": 1131.794, "Actual Max Startup Time": 1266.225, "Actual Min Total Time": 1131.794, "Actual Max Total Time": 1266.225, "Inner Unique": false, "Join Filter": "(mi.movie_id = t.id)", "Rows Removed by Join Filter": 0, "Plans": [{"Node Type": "Streaming(type: LOCAL REDISTRIBUTE dop: 64/64)", "Parent Relationship": "Outer", "Startup Cost": 0.0, "Total Cost": 127997.39, "Plan Rows": 1013492, "Plan Width": 21, "Actual Min Startup Time": 0.18, "Actual Max Startup Time": 1.831, "Actual Min Total Time": 42.081, "Actual Max Total Time": 44.266, "Plans": [{"Node Type": "Seq Scan", "Parent Relationship": "Outer", "Relation Name": "title", "Alias": "t", "Startup Cost": 0.0, "Total Cost": 64037.34, "Plan Rows": 1013492, "Plan Width": 21, "Actual Min Startup Time": 0.026, "Actual Max Startup Time": 0.067, "Actual Min Total Time": 12.67, "Actual Max Total Time": 18.199, "Filter": "(production_year > 2005), (LLVM Optimized, Jit Execute)", "Rows Removed by Filter": 1515391, "Actual Rows": 1012920}], "Actual Rows": 1012920}, {"Node Type": "Materialize", "Parent Relationship": "Inner", "Startup Cost": 0.0, "Total Cost": 306723.64, "Plan Rows": 1581, "Plan Width": 8, "Actual Min Startup Time": 1085.032, "Actual Max Startup Time": 1219.429, "Actual Min Total Time": 1085.032, "Actual Max Total Time": 1219.429, "Plans": [{"Node Type": "Streaming(type: LOCAL REDISTRIBUTE dop: 64/1)", "Parent Relationship": "Outer", "Startup Cost": 0.0, "Total Cost": 306723.51, "Plan Rows": 1581, "Plan Width": 8, "Actual Min Startup Time": 1083.308, "Actual Max Startup Time": 1217.752, "Actual Min Total Time": 1083.308, "Actual Max Total Time": 1217.752, "Plans": [{"Node Type": "Nested Loop", "Parent Relationship": "Outer", "Join Type": "Inner", "Startup Cost": 0.0, "Total Cost": 243659.28, "Plan Rows": 1581, "Plan Width": 8, "Actual Min Startup Time": 1104.138, "Actual Max Startup Time": 1104.138, "Actual Min Total Time": 1104.138, "Actual Max Total Time": 1104.138, "Inner Unique": true, "Join Filter": "(mi.info_type_id = it.id)", "Rows Removed by Join Filter": 0, "Plans": [{"Node Type": "Streaming(type: LOCAL GATHER dop: 1/64)", "Parent Relationship": "Outer", "Startup Cost": 0.0, "Total Cost": 241000.8, "Plan Rows": 1581, "Plan Width": 12, "Actual Min Startup Time": 1104.029, "Actual Max Startup Time": 1104.029, "Actual Min Total Time": 1104.029, "Actual Max Total Time": 1104.029, "Plans": [{"Node Type": "Nested Loop", "Parent Relationship": "Outer", "Join Type": "Inner", "Startup Cost": 0.0, "Total Cost": 240968.18, "Plan Rows": 1581, "Plan Width": 12, "Actual Min Startup Time": 1071.759, "Actual Max Startup Time": 1282.268, "Actual Min Total Time": 1071.759, "Actual Max Total Time": 1282.268, "Inner Unique": false, "Join Filter": "(mc.movie_id = mi.movie_id)", "Rows Removed by Join Filter": 0, "Plans": [{"Node Type": "Seq Scan", "Parent Relationship": "Outer", "Relation Name": "movie_info", "Alias": "mi", "Startup Cost": 0.0, "Total Cost": 69963.86, "Plan Rows": 141478, "Plan Width": 8, "Actual Min Startup Time": 0.072, "Actual Max Startup Time": 3.315, "Actual Min Total Time": 114.605, "Actual Max Total Time": 132.254, "Filter": "((info)::text = ANY ('{Sweden,Norway,Germany,Denmark,Swedish,Denish,Norwegian,German}'::text[]))", "Rows Removed by Filter": 14681822, "Actual Rows": 153897}, {"Node Type": "Materialize", "Parent Relationship": "Inner", "Startup Cost": 0.0, "Total Cost": 119943.45, "Plan Rows": 98560, "Plan Width": 4, "Actual Min Startup Time": 950.236, "Actual Max Startup Time": 1154.534, "Actual Min Total Time": 950.236, "Actual Max Total Time": 1154.534, "Plans": [{"Node Type": "Streaming(type: BROADCAST dop: 64/1)", "Parent Relationship": "Outer", "Startup Cost": 0.0, "Total Cost": 119935.75, "Plan Rows": 98560, "Plan Width": 4, "Actual Min Startup Time": 950.018, "Actual Max Startup Time": 1154.362, "Actual Min Total Time": 950.018, "Actual Max Total Time": 1154.362, "Plans": [{"Node Type": "Nested Loop", "Parent Relationship": "Outer", "Join Type": "Inner", "Startup Cost": 0.0, "Total Cost": 54902.47, "Plan Rows": 1540, "Plan Width": 4, "Actual Min Startup Time": 1060.242, "Actual Max Startup Time": 1060.242, "Actual Min Total Time": 1060.242, "Actual Max Total Time": 1060.242, "Inner Unique": false, "Join Filter": "(ct.id = mc.company_type_id)", "Rows Removed by Join Filter": 24025, "Plans": [{"Node Type": "Seq Scan", "Parent Relationship": "Outer", "Relation Name": "company_type", "Alias": "ct", "Startup Cost": 0.0, "Total Cost": 1.04, "Plan Rows": 1, "Plan Width": 4, "Actual Min Startup Time": 0.025, "Actual Max Startup Time": 0.025, "Actual Min Total Time": 0.029, "Actual Max Total Time": 0.029, "Filter": "((kind)::text = 'production companies'::text)", "Rows Removed by Filter": 2, "Actual Rows": 1}, {"Node Type": "Seq Scan", "Parent Relationship": "Inner", "Relation Name": "movie_companies", "Alias": "mc", "Startup Cost": 0.0, "Total Cost": 54862.92, "Plan Rows": 3081, "Plan Width": 8, "Actual Min Startup Time": 9.076, "Actual Max Startup Time": 9.076, "Actual Min Total Time": 1054.961, "Actual Max Total Time": 1054.961, "Filter": "(((note)::text ~~ '%(theatrical)%'::text) AND ((note)::text ~~ '%(France)%'::text))", "Rows Removed by Filter": 2585103, "Actual Rows": 24025}], "Actual Rows": 0}], "Actual Rows": 0}], "Actual Rows": 0}], "Actual Rows": 0}], "Actual Rows": 0}, {"Node Type": "Materialize", "Parent Relationship": "Inner", "Startup Cost": 0.0, "Total Cost": 2.68, "Plan Rows": 112, "Plan Width": 4, "Actual Min Startup Time": 0.099, "Actual Max Startup Time": 0.099, "Actual Min Total Time": 0.099, "Actual Max Total Time": 0.099, "Plans": [{"Node Type": "Seq Scan", "Parent Relationship": "Outer", "Relation Name": "info_type", "Alias": "it", "Startup Cost": 0.0, "Total Cost": 2.12, "Plan Rows": 112, "Plan Width": 4, "Actual Min Startup Time": 0.043, "Actual Max Startup Time": 0.043, "Actual Min Total Time": 0.064, "Actual Max Total Time": 0.064, "Actual Rows": 112}], "Actual Rows": 1}], "Actual Rows": 0}], "Actual Rows": 0}], "Actual Rows": 0}], "Actual Rows": 0}], "Actual Rows": 64}], "Actual Rows": 64}], "Actual Rows": 1}, "Triggers": [], "Planner Runtime": 6.824, "Total Runtime": 1488.299, "Unique SQL Id": 2510907716}}, "(64, '27')": {"explain_plan": {"Plan": {"Node Type": "Aggregate", "Strategy": "Plain", "Startup Cost": 4997607846308.68, "Total Cost": 4997607846308.69, "Plan Rows": 1, "Plan Width": 49, "Plans": [{"Node Type": "Merge Join", "Parent Relationship": "Outer", "Join Type": "Inner", "Startup Cost": 50021490308.98, "Total Cost": 4997607846303.88, "Plan Rows": 1919, "Plan Width": 17, "Inner Unique": false, "Merge Cond": "(mi.movie_id = t.id)", "Plans": [{"Node Type": "Nested Loop", "Parent Relationship": "Outer", "Join Type": "Inner", "Startup Cost": 20000000000.0, "Total Cost": 2000118925554.54, "Plan Rows": 141478, "Plan Width": 4, "Inner Unique": true, "Join Filter": "(it.id = mi.info_type_id), (LLVM Optimized)", "Plans": [{"Node Type": "Index Scan", "Parent Relationship": "Outer", "Scan Direction": "Forward", "Index Name": "movie_id_movie_info", "Relation Name": "movie_info", "Alias": "mi", "Startup Cost": 10000000000.0, "Total Cost": 1000118686878.22, "Plan Rows": 141478, "Plan Width": 8, "Filter": "((info)::text = ANY ('{Sweden,Norway,Germany,Denmark,Swedish,Denish,Norwegian,German}'::text[]))"}, {"Node Type": "Materialize", "Parent Relationship": "Inner", "Startup Cost": 10000000000.0, "Total Cost": 1000000000993.56, "Plan Rows": 112, "Plan Width": 4, "Plans": [{"Node Type": "Index Only Scan", "Parent Relationship": "Outer", "Scan Direction": "Forward", "Index Name": "info_type_pkey", "Relation Name": "info_type", "Alias": "it", "Startup Cost": 10000000000.0, "Total Cost": 1000000000993.0, "Plan Rows": 112, "Plan Width": 4}]}]}, {"Node Type": "Materialize", "Parent Relationship": "Inner", "Startup Cost": 30021490308.98, "Total Cost": 2999077500382.5, "Plan Rows": 1869, "Plan Width": 25, "Plans": [{"Node Type": "Merge Join", "Parent Relationship": "Outer", "Join Type": "Inner", "Startup Cost": 30021490308.98, "Total Cost": 2999077500377.83, "Plan Rows": 1869, "Plan Width": 25, "Inner Unique": true, "Merge Cond": "(mc.movie_id = t.id)", "Plans": [{"Node Type": "Nested Loop", "Parent Relationship": "Outer", "Join Type": "Inner", "Startup Cost": 20000000000.0, "Total Cost": 2000014357786.6, "Plan Rows": 1540, "Plan Width": 4, "Inner Unique": true, "Join Filter": "(ct.id = mc.company_type_id)", "Plans": [{"Node Type": "Index Scan", "Parent Relationship": "Outer", "Scan Direction": "Forward", "Index Name": "movie_id_movie_companies", "Relation Name": "movie_companies", "Alias": "mc", "Startup Cost": 10000000000.0, "Total Cost": 1000014356510.13, "Plan Rows": 3081, "Plan Width": 8, "Filter": "(((note)::text ~~ '%(theatrical)%'::text) AND ((note)::text ~~ '%(France)%'::text))"}, {"Node Type": "Materialize", "Parent Relationship": "Inner", "Startup Cost": 10000000000.0, "Total Cost": 1000000001230.26, "Plan Rows": 1, "Plan Width": 4, "Plans": [{"Node Type": "Index Scan", "Parent Relationship": "Outer", "Scan Direction": "Forward", "Index Name": "company_type_pkey", "Relation Name": "company_type", "Alias": "ct", "Startup Cost": 10000000000.0, "Total Cost": 1000000001230.25, "Plan Rows": 1, "Plan Width": 4, "Filter": "((kind)::text = 'production companies'::text)"}]}]}, {"Node Type": "Index Scan", "Parent Relationship": "Inner", "Scan Direction": "Forward", "Index Name": "title_pkey", "Relation Name": "title", "Alias": "t", "Startup Cost": 10000000000.0, "Total Cost": 1000011644126.66, "Plan Rows": 1013492, "Plan Width": 21, "Filter": "(production_year > 2005), (LLVM Optimized)"}]}]}]}]}, "Unique SQL Id": 2510907716, "Planner Runtime": 11}, "explain_analyze_plan": null}, "(64, '28')": {"explain_plan": {"Plan": {"Node Type": "Aggregate", "Strategy": "Plain", "Startup Cost": 69341.46, "Total Cost": 69341.47, "Plan Rows": 1, "Plan Width": 49, "Plans": [{"Node Type": "Nested Loop", "Parent Relationship": "Outer", "Join Type": "Inner", "Startup Cost": 0.0, "Total Cost": 69336.67, "Plan Rows": 1919, "Plan Width": 17, "Inner Unique": true, "Plans": [{"Node Type": "Nested Loop", "Parent Relationship": "Outer", "Join Type": "Inner", "Startup Cost": 0.0, "Total Cost": 68799.18, "Plan Rows": 1919, "Plan Width": 21, "Inner Unique": false, "Plans": [{"Node Type": "Nested Loop", "Parent Relationship": "Outer", "Join Type": "Inner", "Startup Cost": 0.0, "Total Cost": 66519.89, "Plan Rows": 1869, "Plan Width": 25, "Inner Unique": true, "Plans": [{"Node Type": "Nested Loop", "Parent Relationship": "Outer", "Join Type": "Inner", "Startup Cost": 0.0, "Total Cost": 54902.47, "Plan Rows": 1540, "Plan Width": 4, "Inner Unique": false, "Join Filter": "(ct.id = mc.company_type_id)", "Plans": [{"Node Type": "Seq Scan", "Parent Relationship": "Outer", "Relation Name": "company_type", "Alias": "ct", "Startup Cost": 0.0, "Total Cost": 1.04, "Plan Rows": 1, "Plan Width": 4, "Filter": "((kind)::text = 'production companies'::text)"}, {"Node Type": "Seq Scan", "Parent Relationship": "Inner", "Relation Name": "movie_companies", "Alias": "mc", "Startup Cost": 0.0, "Total Cost": 54862.92, "Plan Rows": 3081, "Plan Width": 8, "Filter": "(((note)::text ~~ '%(theatrical)%'::text) AND ((note)::text ~~ '%(France)%'::text))"}]}, {"Node Type": "Index Scan", "Parent Relationship": "Inner", "Scan Direction": "Forward", "Index Name": "title_pkey", "Relation Name": "title", "Alias": "t", "Startup Cost": 0.0, "Total Cost": 7.53, "Plan Rows": 1, "Plan Width": 21, "Index Cond": "(id = mc.movie_id)", "Filter": "(production_year > 2005)"}]}, {"Node Type": "Index Scan", "Parent Relationship": "Inner", "Scan Direction": "Forward", "Index Name": "movie_id_movie_info", "Relation Name": "movie_info", "Alias": "mi", "Startup Cost": 0.0, "Total Cost": 1.21, "Plan Rows": 1, "Plan Width": 8, "Index Cond": "(movie_id = t.id)", "Filter": "((info)::text = ANY ('{Sweden,Norway,Germany,Denmark,Swedish,Denish,Norwegian,German}'::text[]))"}]}, {"Node Type": "Index Scan", "Parent Relationship": "Inner", "Scan Direction": "Forward", "Index Name": "info_type_pkey", "Relation Name": "info_type", "Alias": "it", "Startup Cost": 0.0, "Total Cost": 0.27, "Plan Rows": 1, "Plan Width": 4, "Index Cond": "(id = mi.info_type_id)"}]}]}, "Unique SQL Id": 2510907716, "Planner Runtime": 7}, "explain_analyze_plan": {"Plan": {"Node Type": "Aggregate", "Strategy": "Plain", "Startup Cost": 69341.46, "Total Cost": 69341.47, "Plan Rows": 1, "Plan Width": 49, "Actual Startup Time": 1049.484, "Actual Total Time": 1049.485, "Actual Rows": 1, "Actual Loops": 1, "Plans": [{"Node Type": "Nested Loop", "Parent Relationship": "Outer", "Join Type": "Inner", "Startup Cost": 0.0, "Total Cost": 69336.67, "Plan Rows": 1919, "Plan Width": 17, "Actual Startup Time": 1049.476, "Actual Total Time": 1049.476, "Actual Rows": 0, "Actual Loops": 1, "Inner Unique": true, "Plans": [{"Node Type": "Nested Loop", "Parent Relationship": "Outer", "Join Type": "Inner", "Startup Cost": 0.0, "Total Cost": 68799.18, "Plan Rows": 1919, "Plan Width": 21, "Actual Startup Time": 1049.475, "Actual Total Time": 1049.475, "Actual Rows": 0, "Actual Loops": 1, "Inner Unique": false, "Plans": [{"Node Type": "Nested Loop", "Parent Relationship": "Outer", "Join Type": "Inner", "Startup Cost": 0.0, "Total Cost": 66519.89, "Plan Rows": 1869, "Plan Width": 25, "Actual Startup Time": 1049.474, "Actual Total Time": 1049.474, "Actual Rows": 0, "Actual Loops": 1, "Inner Unique": true, "Plans": [{"Node Type": "Nested Loop", "Parent Relationship": "Outer", "Join Type": "Inner", "Startup Cost": 0.0, "Total Cost": 54902.47, "Plan Rows": 1540, "Plan Width": 4, "Actual Startup Time": 1049.473, "Actual Total Time": 1049.473, "Actual Rows": 0, "Actual Loops": 1, "Inner Unique": false, "Join Filter": "(ct.id = mc.company_type_id)", "Rows Removed by Join Filter": 24025, "Plans": [{"Node Type": "Seq Scan", "Parent Relationship": "Outer", "Relation Name": "company_type", "Alias": "ct", "Startup Cost": 0.0, "Total Cost": 1.04, "Plan Rows": 1, "Plan Width": 4, "Actual Startup Time": 0.013, "Actual Total Time": 0.019, "Actual Rows": 1, "Actual Loops": 1, "Filter": "((kind)::text = 'production companies'::text)", "Rows Removed by Filter": 2}, {"Node Type": "Seq Scan", "Parent Relationship": "Inner", "Relation Name": "movie_companies", "Alias": "mc", "Startup Cost": 0.0, "Total Cost": 54862.92, "Plan Rows": 3081, "Plan Width": 8, "Actual Startup Time": 8.922, "Actual Total Time": 1044.162, "Actual Rows": 24025, "Actual Loops": 1, "Filter": "(((note)::text ~~ '%(theatrical)%'::text) AND ((note)::text ~~ '%(France)%'::text))", "Rows Removed by Filter": 2585103}]}, {"Node Type": "Index Scan", "Parent Relationship": "Inner", "Scan Direction": "Forward", "Index Name": "title_pkey", "Relation Name": "title", "Alias": "t", "Startup Cost": 0.0, "Total Cost": 7.53, "Plan Rows": 1, "Plan Width": 21, "Actual Startup Time": 0.0, "Actual Total Time": 0.0, "Index Cond": "(id = mc.movie_id)", "Rows Removed by Index Recheck": 0, "Filter": "(production_year > 2005)", "Rows Removed by Filter": 0}]}, {"Node Type": "Index Scan", "Parent Relationship": "Inner", "Scan Direction": "Forward", "Index Name": "movie_id_movie_info", "Relation Name": "movie_info", "Alias": "mi", "Startup Cost": 0.0, "Total Cost": 1.21, "Plan Rows": 1, "Plan Width": 8, "Actual Startup Time": 0.0, "Actual Total Time": 0.0, "Index Cond": "(movie_id = t.id)", "Rows Removed by Index Recheck": 0, "Filter": "((info)::text = ANY ('{Sweden,Norway,Germany,Denmark,Swedish,Denish,Norwegian,German}'::text[]))", "Rows Removed by Filter": 0}]}, {"Node Type": "Index Scan", "Parent Relationship": "Inner", "Scan Direction": "Forward", "Index Name": "info_type_pkey", "Relation Name": "info_type", "Alias": "it", "Startup Cost": 0.0, "Total Cost": 0.27, "Plan Rows": 1, "Plan Width": 4, "Actual Startup Time": 0.0, "Actual Total Time": 0.0, "Index Cond": "(id = mi.info_type_id)", "Rows Removed by Index Recheck": 0}]}]}, "Triggers": [], "Planner Runtime": 11.028, "Total Runtime": 1049.796, "Unique SQL Id": 2510907716}}, "(64, '29')": {"explain_plan": {"Plan": {"Node Type": "Aggregate", "Strategy": "Plain", "Startup Cost": 74107.05, "Total Cost": 74107.06, "Plan Rows": 1, "Plan Width": 49, "Plans": [{"Node Type": "Nested Loop", "Parent Relationship": "Outer", "Join Type": "Inner", "Startup Cost": 0.0, "Total Cost": 74102.25, "Plan Rows": 1919, "Plan Width": 17, "Inner Unique": true, "Plans": [{"Node Type": "Nested Loop", "Parent Relationship": "Outer", "Join Type": "Inner", "Startup Cost": 0.0, "Total Cost": 73564.77, "Plan Rows": 1919, "Plan Width": 21, "Inner Unique": false, "Plans": [{"Node Type": "Nested Loop", "Parent Relationship": "Outer", "Join Type": "Inner", "Startup Cost": 0.0, "Total Cost": 71285.47, "Plan Rows": 1869, "Plan Width": 25, "Inner Unique": true, "Plans": [{"Node Type": "Nested Loop", "Parent Relationship": "Outer", "Join Type": "Inner", "Startup Cost": 0.0, "Total Cost": 59668.05, "Plan Rows": 1540, "Plan Width": 4, "Inner Unique": false, "Plans": [{"Node Type": "Index Scan", "Parent Relationship": "Outer", "Scan Direction": "Forward", "Index Name": "company_type_pkey", "Relation Name": "company_type", "Alias": "ct", "Startup Cost": 0.0, "Total Cost": 12.3, "Plan Rows": 1, "Plan Width": 4, "Filter": "((kind)::text = 'production companies'::text)"}, {"Node Type": "Index Scan", "Parent Relationship": "Inner", "Scan Direction": "Forward", "Index Name": "company_type_id_movie_companies", "Relation Name": "movie_companies", "Alias": "mc", "Startup Cost": 0.0, "Total Cost": 59640.35, "Plan Rows": 1540, "Plan Width": 8, "Index Cond": "(company_type_id = ct.id)", "Filter": "(((note)::text ~~ '%(theatrical)%'::text) AND ((note)::text ~~ '%(France)%'::text))"}]}, {"Node Type": "Index Scan", "Parent Relationship": "Inner", "Scan Direction": "Forward", "Index Name": "title_pkey", "Relation Name": "title", "Alias": "t", "Startup Cost": 0.0, "Total Cost": 7.53, "Plan Rows": 1, "Plan Width": 21, "Index Cond": "(id = mc.movie_id)", "Filter": "(production_year > 2005)"}]}, {"Node Type": "Index Scan", "Parent Relationship": "Inner", "Scan Direction": "Forward", "Index Name": "movie_id_movie_info", "Relation Name": "movie_info", "Alias": "mi", "Startup Cost": 0.0, "Total Cost": 1.21, "Plan Rows": 1, "Plan Width": 8, "Index Cond": "(movie_id = t.id)", "Filter": "((info)::text = ANY ('{Sweden,Norway,Germany,Denmark,Swedish,Denish,Norwegian,German}'::text[]))"}]}, {"Node Type": "Index Scan", "Parent Relationship": "Inner", "Scan Direction": "Forward", "Index Name": "info_type_pkey", "Relation Name": "info_type", "Alias": "it", "Startup Cost": 0.0, "Total Cost": 0.27, "Plan Rows": 1, "Plan Width": 4, "Index Cond": "(id = mi.info_type_id)"}]}]}, "Unique SQL Id": 2510907716, "Planner Runtime": 6}, "explain_analyze_plan": {"Plan": {"Node Type": "Aggregate", "Strategy": "Plain", "Startup Cost": 74107.05, "Total Cost": 74107.06, "Plan Rows": 1, "Plan Width": 49, "Actual Startup Time": 698.478, "Actual Total Time": 698.478, "Actual Rows": 1, "Actual Loops": 1, "Plans": [{"Node Type": "Nested Loop", "Parent Relationship": "Outer", "Join Type": "Inner", "Startup Cost": 0.0, "Total Cost": 74102.25, "Plan Rows": 1919, "Plan Width": 17, "Actual Startup Time": 698.471, "Actual Total Time": 698.471, "Actual Rows": 0, "Actual Loops": 1, "Inner Unique": true, "Plans": [{"Node Type": "Nested Loop", "Parent Relationship": "Outer", "Join Type": "Inner", "Startup Cost": 0.0, "Total Cost": 73564.77, "Plan Rows": 1919, "Plan Width": 21, "Actual Startup Time": 698.468, "Actual Total Time": 698.468, "Actual Rows": 0, "Actual Loops": 1, "Inner Unique": false, "Plans": [{"Node Type": "Nested Loop", "Parent Relationship": "Outer", "Join Type": "Inner", "Startup Cost": 0.0, "Total Cost": 71285.47, "Plan Rows": 1869, "Plan Width": 25, "Actual Startup Time": 698.467, "Actual Total Time": 698.467, "Actual Rows": 0, "Actual Loops": 1, "Inner Unique": true, "Plans": [{"Node Type": "Nested Loop", "Parent Relationship": "Outer", "Join Type": "Inner", "Startup Cost": 0.0, "Total Cost": 59668.05, "Plan Rows": 1540, "Plan Width": 4, "Actual Startup Time": 698.466, "Actual Total Time": 698.466, "Actual Rows": 0, "Actual Loops": 1, "Inner Unique": false, "Plans": [{"Node Type": "Index Scan", "Parent Relationship": "Outer", "Scan Direction": "Forward", "Index Name": "company_type_pkey", "Relation Name": "company_type", "Alias": "ct", "Startup Cost": 0.0, "Total Cost": 12.3, "Plan Rows": 1, "Plan Width": 4, "Actual Startup Time": 0.014, "Actual Total Time": 0.022, "Actual Rows": 1, "Actual Loops": 1, "Filter": "((kind)::text = 'production companies'::text)", "Rows Removed by Filter": 2}, {"Node Type": "Index Scan", "Parent Relationship": "Inner", "Scan Direction": "Forward", "Index Name": "company_type_id_movie_companies", "Relation Name": "movie_companies", "Alias": "mc", "Startup Cost": 0.0, "Total Cost": 59640.35, "Plan Rows": 1540, "Plan Width": 8, "Actual Startup Time": 698.437, "Actual Total Time": 698.437, "Actual Rows": 0, "Actual Loops": 1, "Index Cond": "(company_type_id = ct.id)", "Rows Removed by Index Recheck": 0, "Filter": "(((note)::text ~~ '%(theatrical)%'::text) AND ((note)::text ~~ '%(France)%'::text))", "Rows Removed by Filter": 1334883}]}, {"Node Type": "Index Scan", "Parent Relationship": "Inner", "Scan Direction": "Forward", "Index Name": "title_pkey", "Relation Name": "title", "Alias": "t", "Startup Cost": 0.0, "Total Cost": 7.53, "Plan Rows": 1, "Plan Width": 21, "Actual Startup Time": 0.0, "Actual Total Time": 0.0, "Index Cond": "(id = mc.movie_id)", "Rows Removed by Index Recheck": 0, "Filter": "(production_year > 2005)", "Rows Removed by Filter": 0}]}, {"Node Type": "Index Scan", "Parent Relationship": "Inner", "Scan Direction": "Forward", "Index Name": "movie_id_movie_info", "Relation Name": "movie_info", "Alias": "mi", "Startup Cost": 0.0, "Total Cost": 1.21, "Plan Rows": 1, "Plan Width": 8, "Actual Startup Time": 0.0, "Actual Total Time": 0.0, "Index Cond": "(movie_id = t.id)", "Rows Removed by Index Recheck": 0, "Filter": "((info)::text = ANY ('{Sweden,Norway,Germany,Denmark,Swedish,Denish,Norwegian,German}'::text[]))", "Rows Removed by Filter": 0}]}, {"Node Type": "Index Scan", "Parent Relationship": "Inner", "Scan Direction": "Forward", "Index Name": "info_type_pkey", "Relation Name": "info_type", "Alias": "it", "Startup Cost": 0.0, "Total Cost": 0.27, "Plan Rows": 1, "Plan Width": 4, "Actual Startup Time": 0.0, "Actual Total Time": 0.0, "Index Cond": "(id = mi.info_type_id)", "Rows Removed by Index Recheck": 0}]}]}, "Triggers": [], "Planner Runtime": 8.158, "Total Runtime": 698.747, "Unique SQL Id": 2510907716}}, "(64, '30')": {"explain_plan": {"Plan": {"Node Type": "Aggregate", "Strategy": "Plain", "Startup Cost": 440593.67, "Total Cost": 440593.69, "Plan Rows": 1, "Plan Width": 49, "Plans": [{"Node Type": "Streaming(type: LOCAL GATHER dop: 1/64)", "Parent Relationship": "Outer", "Startup Cost": 440593.67, "Total Cost": 440593.69, "Plan Rows": 1, "Plan Width": 49, "Plans": [{"Node Type": "Aggregate", "Strategy": "Plain", "Parent Relationship": "Outer", "Startup Cost": 440593.67, "Total Cost": 440593.68, "Plan Rows": 1, "Plan Width": 49, "Plans": [{"Node Type": "Nested Loop", "Parent Relationship": "Outer", "Join Type": "Inner", "Startup Cost": 0.0, "Total Cost": 440588.87, "Plan Rows": 1919, "Plan Width": 17, "Inner Unique": false, "Join Filter": "(mi.movie_id = t.id)", "Plans": [{"Node Type": "Streaming(type: LOCAL REDISTRIBUTE dop: 64/64)", "Parent Relationship": "Outer", "Startup Cost": 0.0, "Total Cost": 127997.39, "Plan Rows": 1013492, "Plan Width": 21, "Plans": [{"Node Type": "Seq Scan", "Parent Relationship": "Outer", "Relation Name": "title", "Alias": "t", "Startup Cost": 0.0, "Total Cost": 64037.34, "Plan Rows": 1013492, "Plan Width": 21, "Filter": "(production_year > 2005), (LLVM Optimized)"}]}, {"Node Type": "Materialize", "Parent Relationship": "Inner", "Startup Cost": 0.0, "Total Cost": 306723.64, "Plan Rows": 1581, "Plan Width": 8, "Plans": [{"Node Type": "Streaming(type: LOCAL REDISTRIBUTE dop: 64/1)", "Parent Relationship": "Outer", "Startup Cost": 0.0, "Total Cost": 306723.51, "Plan Rows": 1581, "Plan Width": 8, "Plans": [{"Node Type": "Nested Loop", "Parent Relationship": "Outer", "Join Type": "Inner", "Startup Cost": 0.0, "Total Cost": 243659.28, "Plan Rows": 1581, "Plan Width": 8, "Inner Unique": true, "Join Filter": "(mi.info_type_id = it.id)", "Plans": [{"Node Type": "Streaming(type: LOCAL GATHER dop: 1/64)", "Parent Relationship": "Outer", "Startup Cost": 0.0, "Total Cost": 241000.8, "Plan Rows": 1581, "Plan Width": 12, "Plans": [{"Node Type": "Nested Loop", "Parent Relationship": "Outer", "Join Type": "Inner", "Startup Cost": 0.0, "Total Cost": 240968.18, "Plan Rows": 1581, "Plan Width": 12, "Inner Unique": false, "Join Filter": "(mc.movie_id = mi.movie_id)", "Plans": [{"Node Type": "Seq Scan", "Parent Relationship": "Outer", "Relation Name": "movie_info", "Alias": "mi", "Startup Cost": 0.0, "Total Cost": 69963.86, "Plan Rows": 141478, "Plan Width": 8, "Filter": "((info)::text = ANY ('{Sweden,Norway,Germany,Denmark,Swedish,Denish,Norwegian,German}'::text[]))"}, {"Node Type": "Materialize", "Parent Relationship": "Inner", "Startup Cost": 0.0, "Total Cost": 119943.45, "Plan Rows": 98560, "Plan Width": 4, "Plans": [{"Node Type": "Streaming(type: BROADCAST dop: 64/1)", "Parent Relationship": "Outer", "Startup Cost": 0.0, "Total Cost": 119935.75, "Plan Rows": 98560, "Plan Width": 4, "Plans": [{"Node Type": "Nested Loop", "Parent Relationship": "Outer", "Join Type": "Inner", "Startup Cost": 0.0, "Total Cost": 54902.47, "Plan Rows": 1540, "Plan Width": 4, "Inner Unique": false, "Join Filter": "(ct.id = mc.company_type_id)", "Plans": [{"Node Type": "Seq Scan", "Parent Relationship": "Outer", "Relation Name": "company_type", "Alias": "ct", "Startup Cost": 0.0, "Total Cost": 1.04, "Plan Rows": 1, "Plan Width": 4, "Filter": "((kind)::text = 'production companies'::text)"}, {"Node Type": "Seq Scan", "Parent Relationship": "Inner", "Relation Name": "movie_companies", "Alias": "mc", "Startup Cost": 0.0, "Total Cost": 54862.92, "Plan Rows": 3081, "Plan Width": 8, "Filter": "(((note)::text ~~ '%(theatrical)%'::text) AND ((note)::text ~~ '%(France)%'::text))"}]}]}]}]}]}, {"Node Type": "Materialize", "Parent Relationship": "Inner", "Startup Cost": 0.0, "Total Cost": 2.68, "Plan Rows": 112, "Plan Width": 4, "Plans": [{"Node Type": "Seq Scan", "Parent Relationship": "Outer", "Relation Name": "info_type", "Alias": "it", "Startup Cost": 0.0, "Total Cost": 2.12, "Plan Rows": 112, "Plan Width": 4}]}]}]}]}]}]}]}]}, "Unique SQL Id": 2510907716, "Planner Runtime": 6}, "explain_analyze_plan": {"Plan": {"Node Type": "Aggregate", "Strategy": "Plain", "Startup Cost": 440593.67, "Total Cost": 440593.69, "Plan Rows": 1, "Plan Width": 49, "Actual Min Startup Time": 1433.469, "Actual Max Startup Time": 1433.469, "Actual Min Total Time": 1433.47, "Actual Max Total Time": 1433.47, "Plans": [{"Node Type": "Streaming(type: LOCAL GATHER dop: 1/64)", "Parent Relationship": "Outer", "Startup Cost": 440593.67, "Total Cost": 440593.69, "Plan Rows": 1, "Plan Width": 49, "Actual Min Startup Time": 1431.81, "Actual Max Startup Time": 1431.81, "Actual Min Total Time": 1433.443, "Actual Max Total Time": 1433.443, "Plans": [{"Node Type": "Aggregate", "Strategy": "Plain", "Parent Relationship": "Outer", "Startup Cost": 440593.67, "Total Cost": 440593.68, "Plan Rows": 1, "Plan Width": 49, "Actual Min Startup Time": 1131.8, "Actual Max Startup Time": 1266.232, "Actual Min Total Time": 1131.8, "Actual Max Total Time": 1266.232, "Plans": [{"Node Type": "Nested Loop", "Parent Relationship": "Outer", "Join Type": "Inner", "Startup Cost": 0.0, "Total Cost": 440588.87, "Plan Rows": 1919, "Plan Width": 17, "Actual Min Startup Time": 1131.794, "Actual Max Startup Time": 1266.225, "Actual Min Total Time": 1131.794, "Actual Max Total Time": 1266.225, "Inner Unique": false, "Join Filter": "(mi.movie_id = t.id)", "Rows Removed by Join Filter": 0, "Plans": [{"Node Type": "Streaming(type: LOCAL REDISTRIBUTE dop: 64/64)", "Parent Relationship": "Outer", "Startup Cost": 0.0, "Total Cost": 127997.39, "Plan Rows": 1013492, "Plan Width": 21, "Actual Min Startup Time": 0.18, "Actual Max Startup Time": 1.831, "Actual Min Total Time": 42.081, "Actual Max Total Time": 44.266, "Plans": [{"Node Type": "Seq Scan", "Parent Relationship": "Outer", "Relation Name": "title", "Alias": "t", "Startup Cost": 0.0, "Total Cost": 64037.34, "Plan Rows": 1013492, "Plan Width": 21, "Actual Min Startup Time": 0.026, "Actual Max Startup Time": 0.067, "Actual Min Total Time": 12.67, "Actual Max Total Time": 18.199, "Filter": "(production_year > 2005), (LLVM Optimized, Jit Execute)", "Rows Removed by Filter": 1515391, "Actual Rows": 1012920}], "Actual Rows": 1012920}, {"Node Type": "Materialize", "Parent Relationship": "Inner", "Startup Cost": 0.0, "Total Cost": 306723.64, "Plan Rows": 1581, "Plan Width": 8, "Actual Min Startup Time": 1085.032, "Actual Max Startup Time": 1219.429, "Actual Min Total Time": 1085.032, "Actual Max Total Time": 1219.429, "Plans": [{"Node Type": "Streaming(type: LOCAL REDISTRIBUTE dop: 64/1)", "Parent Relationship": "Outer", "Startup Cost": 0.0, "Total Cost": 306723.51, "Plan Rows": 1581, "Plan Width": 8, "Actual Min Startup Time": 1083.308, "Actual Max Startup Time": 1217.752, "Actual Min Total Time": 1083.308, "Actual Max Total Time": 1217.752, "Plans": [{"Node Type": "Nested Loop", "Parent Relationship": "Outer", "Join Type": "Inner", "Startup Cost": 0.0, "Total Cost": 243659.28, "Plan Rows": 1581, "Plan Width": 8, "Actual Min Startup Time": 1104.138, "Actual Max Startup Time": 1104.138, "Actual Min Total Time": 1104.138, "Actual Max Total Time": 1104.138, "Inner Unique": true, "Join Filter": "(mi.info_type_id = it.id)", "Rows Removed by Join Filter": 0, "Plans": [{"Node Type": "Streaming(type: LOCAL GATHER dop: 1/64)", "Parent Relationship": "Outer", "Startup Cost": 0.0, "Total Cost": 241000.8, "Plan Rows": 1581, "Plan Width": 12, "Actual Min Startup Time": 1104.029, "Actual Max Startup Time": 1104.029, "Actual Min Total Time": 1104.029, "Actual Max Total Time": 1104.029, "Plans": [{"Node Type": "Nested Loop", "Parent Relationship": "Outer", "Join Type": "Inner", "Startup Cost": 0.0, "Total Cost": 240968.18, "Plan Rows": 1581, "Plan Width": 12, "Actual Min Startup Time": 1071.759, "Actual Max Startup Time": 1282.268, "Actual Min Total Time": 1071.759, "Actual Max Total Time": 1282.268, "Inner Unique": false, "Join Filter": "(mc.movie_id = mi.movie_id)", "Rows Removed by Join Filter": 0, "Plans": [{"Node Type": "Seq Scan", "Parent Relationship": "Outer", "Relation Name": "movie_info", "Alias": "mi", "Startup Cost": 0.0, "Total Cost": 69963.86, "Plan Rows": 141478, "Plan Width": 8, "Actual Min Startup Time": 0.072, "Actual Max Startup Time": 3.315, "Actual Min Total Time": 114.605, "Actual Max Total Time": 132.254, "Filter": "((info)::text = ANY ('{Sweden,Norway,Germany,Denmark,Swedish,Denish,Norwegian,German}'::text[]))", "Rows Removed by Filter": 14681822, "Actual Rows": 153897}, {"Node Type": "Materialize", "Parent Relationship": "Inner", "Startup Cost": 0.0, "Total Cost": 119943.45, "Plan Rows": 98560, "Plan Width": 4, "Actual Min Startup Time": 950.236, "Actual Max Startup Time": 1154.534, "Actual Min Total Time": 950.236, "Actual Max Total Time": 1154.534, "Plans": [{"Node Type": "Streaming(type: BROADCAST dop: 64/1)", "Parent Relationship": "Outer", "Startup Cost": 0.0, "Total Cost": 119935.75, "Plan Rows": 98560, "Plan Width": 4, "Actual Min Startup Time": 950.018, "Actual Max Startup Time": 1154.362, "Actual Min Total Time": 950.018, "Actual Max Total Time": 1154.362, "Plans": [{"Node Type": "Nested Loop", "Parent Relationship": "Outer", "Join Type": "Inner", "Startup Cost": 0.0, "Total Cost": 54902.47, "Plan Rows": 1540, "Plan Width": 4, "Actual Min Startup Time": 1060.242, "Actual Max Startup Time": 1060.242, "Actual Min Total Time": 1060.242, "Actual Max Total Time": 1060.242, "Inner Unique": false, "Join Filter": "(ct.id = mc.company_type_id)", "Rows Removed by Join Filter": 24025, "Plans": [{"Node Type": "Seq Scan", "Parent Relationship": "Outer", "Relation Name": "company_type", "Alias": "ct", "Startup Cost": 0.0, "Total Cost": 1.04, "Plan Rows": 1, "Plan Width": 4, "Actual Min Startup Time": 0.025, "Actual Max Startup Time": 0.025, "Actual Min Total Time": 0.029, "Actual Max Total Time": 0.029, "Filter": "((kind)::text = 'production companies'::text)", "Rows Removed by Filter": 2, "Actual Rows": 1}, {"Node Type": "Seq Scan", "Parent Relationship": "Inner", "Relation Name": "movie_companies", "Alias": "mc", "Startup Cost": 0.0, "Total Cost": 54862.92, "Plan Rows": 3081, "Plan Width": 8, "Actual Min Startup Time": 9.076, "Actual Max Startup Time": 9.076, "Actual Min Total Time": 1054.961, "Actual Max Total Time": 1054.961, "Filter": "(((note)::text ~~ '%(theatrical)%'::text) AND ((note)::text ~~ '%(France)%'::text))", "Rows Removed by Filter": 2585103, "Actual Rows": 24025}], "Actual Rows": 0}], "Actual Rows": 0}], "Actual Rows": 0}], "Actual Rows": 0}], "Actual Rows": 0}, {"Node Type": "Materialize", "Parent Relationship": "Inner", "Startup Cost": 0.0, "Total Cost": 2.68, "Plan Rows": 112, "Plan Width": 4, "Actual Min Startup Time": 0.099, "Actual Max Startup Time": 0.099, "Actual Min Total Time": 0.099, "Actual Max Total Time": 0.099, "Plans": [{"Node Type": "Seq Scan", "Parent Relationship": "Outer", "Relation Name": "info_type", "Alias": "it", "Startup Cost": 0.0, "Total Cost": 2.12, "Plan Rows": 112, "Plan Width": 4, "Actual Min Startup Time": 0.043, "Actual Max Startup Time": 0.043, "Actual Min Total Time": 0.064, "Actual Max Total Time": 0.064, "Actual Rows": 112}], "Actual Rows": 1}], "Actual Rows": 0}], "Actual Rows": 0}], "Actual Rows": 0}], "Actual Rows": 0}], "Actual Rows": 64}], "Actual Rows": 64}], "Actual Rows": 1}, "Triggers": [], "Planner Runtime": 6.824, "Total Runtime": 1488.299, "Unique SQL Id": 2510907716}}, "(64, '31')": {"explain_plan": {"Plan": {"Node Type": "Aggregate", "Strategy": "Plain", "Startup Cost": 4997607846708.68, "Total Cost": 4997607846708.69, "Plan Rows": 1, "Plan Width": 49, "Plans": [{"Node Type": "Merge Join", "Parent Relationship": "Outer", "Join Type": "Inner", "Startup Cost": 50021490308.98, "Total Cost": 4997607846703.88, "Plan Rows": 1919, "Plan Width": 17, "Inner Unique": false, "Merge Cond": "(mi.movie_id = t.id)", "Plans": [{"Node Type": "Nested Loop", "Parent Relationship": "Outer", "Join Type": "Inner", "Startup Cost": 20000000000.0, "Total Cost": 2000118925954.54, "Plan Rows": 141478, "Plan Width": 4, "Inner Unique": true, "Join Filter": "(it.id = mi.info_type_id), (LLVM Optimized)", "Plans": [{"Node Type": "Index Scan", "Parent Relationship": "Outer", "Scan Direction": "Forward", "Index Name": "movie_id_movie_info", "Relation Name": "movie_info", "Alias": "mi", "Startup Cost": 10000000000.0, "Total Cost": 1000118686878.22, "Plan Rows": 141478, "Plan Width": 8, "Filter": "((info)::text = ANY ('{Sweden,Norway,Germany,Denmark,Swedish,Denish,Norwegian,German}'::text[]))"}, {"Node Type": "Materialize", "Parent Relationship": "Inner", "Startup Cost": 10000000000.0, "Total Cost": 1000000001393.56, "Plan Rows": 112, "Plan Width": 4, "Plans": [{"Node Type": "Index Scan", "Parent Relationship": "Outer", "Scan Direction": "Forward", "Index Name": "info_type_pkey", "Relation Name": "info_type", "Alias": "it", "Startup Cost": 10000000000.0, "Total Cost": 1000000001393.0, "Plan Rows": 112, "Plan Width": 4}]}]}, {"Node Type": "Materialize", "Parent Relationship": "Inner", "Startup Cost": 30021490308.98, "Total Cost": 2999077500382.5, "Plan Rows": 1869, "Plan Width": 25, "Plans": [{"Node Type": "Merge Join", "Parent Relationship": "Outer", "Join Type": "Inner", "Startup Cost": 30021490308.98, "Total Cost": 2999077500377.83, "Plan Rows": 1869, "Plan Width": 25, "Inner Unique": true, "Merge Cond": "(mc.movie_id = t.id)", "Plans": [{"Node Type": "Nested Loop", "Parent Relationship": "Outer", "Join Type": "Inner", "Startup Cost": 20000000000.0, "Total Cost": 2000014357786.6, "Plan Rows": 1540, "Plan Width": 4, "Inner Unique": true, "Join Filter": "(ct.id = mc.company_type_id)", "Plans": [{"Node Type": "Index Scan", "Parent Relationship": "Outer", "Scan Direction": "Forward", "Index Name": "movie_id_movie_companies", "Relation Name": "movie_companies", "Alias": "mc", "Startup Cost": 10000000000.0, "Total Cost": 1000014356510.13, "Plan Rows": 3081, "Plan Width": 8, "Filter": "(((note)::text ~~ '%(theatrical)%'::text) AND ((note)::text ~~ '%(France)%'::text))"}, {"Node Type": "Materialize", "Parent Relationship": "Inner", "Startup Cost": 10000000000.0, "Total Cost": 1000000001230.26, "Plan Rows": 1, "Plan Width": 4, "Plans": [{"Node Type": "Index Scan", "Parent Relationship": "Outer", "Scan Direction": "Forward", "Index Name": "company_type_pkey", "Relation Name": "company_type", "Alias": "ct", "Startup Cost": 10000000000.0, "Total Cost": 1000000001230.25, "Plan Rows": 1, "Plan Width": 4, "Filter": "((kind)::text = 'production companies'::text)"}]}]}, {"Node Type": "Index Scan", "Parent Relationship": "Inner", "Scan Direction": "Forward", "Index Name": "title_pkey", "Relation Name": "title", "Alias": "t", "Startup Cost": 10000000000.0, "Total Cost": 1000011644126.66, "Plan Rows": 1013492, "Plan Width": 21, "Filter": "(production_year > 2005), (LLVM Optimized)"}]}]}]}]}, "Unique SQL Id": 2510907716, "Planner Runtime": 11}, "explain_analyze_plan": null}, "(64, '32')": {"explain_plan": {"Plan": {"Node Type": "Aggregate", "Strategy": "Plain", "Startup Cost": 69341.41, "Total Cost": 69341.42, "Plan Rows": 1, "Plan Width": 49, "Plans": [{"Node Type": "Nested Loop", "Parent Relationship": "Outer", "Join Type": "Inner", "Startup Cost": 0.0, "Total Cost": 69336.61, "Plan Rows": 1919, "Plan Width": 17, "Inner Unique": true, "Plans": [{"Node Type": "Nested Loop", "Parent Relationship": "Outer", "Join Type": "Inner", "Startup Cost": 0.0, "Total Cost": 68799.18, "Plan Rows": 1919, "Plan Width": 21, "Inner Unique": false, "Plans": [{"Node Type": "Nested Loop", "Parent Relationship": "Outer", "Join Type": "Inner", "Startup Cost": 0.0, "Total Cost": 66519.89, "Plan Rows": 1869, "Plan Width": 25, "Inner Unique": true, "Plans": [{"Node Type": "Nested Loop", "Parent Relationship": "Outer", "Join Type": "Inner", "Startup Cost": 0.0, "Total Cost": 54902.47, "Plan Rows": 1540, "Plan Width": 4, "Inner Unique": false, "Join Filter": "(ct.id = mc.company_type_id)", "Plans": [{"Node Type": "Seq Scan", "Parent Relationship": "Outer", "Relation Name": "company_type", "Alias": "ct", "Startup Cost": 0.0, "Total Cost": 1.04, "Plan Rows": 1, "Plan Width": 4, "Filter": "((kind)::text = 'production companies'::text)"}, {"Node Type": "Seq Scan", "Parent Relationship": "Inner", "Relation Name": "movie_companies", "Alias": "mc", "Startup Cost": 0.0, "Total Cost": 54862.92, "Plan Rows": 3081, "Plan Width": 8, "Filter": "(((note)::text ~~ '%(theatrical)%'::text) AND ((note)::text ~~ '%(France)%'::text))"}]}, {"Node Type": "Index Scan", "Parent Relationship": "Inner", "Scan Direction": "Forward", "Index Name": "title_pkey", "Relation Name": "title", "Alias": "t", "Startup Cost": 0.0, "Total Cost": 7.53, "Plan Rows": 1, "Plan Width": 21, "Index Cond": "(id = mc.movie_id)", "Filter": "(production_year > 2005)"}]}, {"Node Type": "Index Scan", "Parent Relationship": "Inner", "Scan Direction": "Forward", "Index Name": "movie_id_movie_info", "Relation Name": "movie_info", "Alias": "mi", "Startup Cost": 0.0, "Total Cost": 1.21, "Plan Rows": 1, "Plan Width": 8, "Index Cond": "(movie_id = t.id)", "Filter": "((info)::text = ANY ('{Sweden,Norway,Germany,Denmark,Swedish,Denish,Norwegian,German}'::text[]))"}]}, {"Node Type": "Index Only Scan", "Parent Relationship": "Inner", "Scan Direction": "Forward", "Index Name": "info_type_pkey", "Relation Name": "info_type", "Alias": "it", "Startup Cost": 0.0, "Total Cost": 0.27, "Plan Rows": 1, "Plan Width": 4, "Index Cond": "(id = mi.info_type_id)"}]}]}, "Unique SQL Id": 2510907716, "Planner Runtime": 7}, "explain_analyze_plan": {"Plan": {"Node Type": "Aggregate", "Strategy": "Plain", "Startup Cost": 69341.41, "Total Cost": 69341.42, "Plan Rows": 1, "Plan Width": 49, "Actual Startup Time": 1038.715, "Actual Total Time": 1038.716, "Actual Rows": 1, "Actual Loops": 1, "Plans": [{"Node Type": "Nested Loop", "Parent Relationship": "Outer", "Join Type": "Inner", "Startup Cost": 0.0, "Total Cost": 69336.61, "Plan Rows": 1919, "Plan Width": 17, "Actual Startup Time": 1038.706, "Actual Total Time": 1038.706, "Actual Rows": 0, "Actual Loops": 1, "Inner Unique": true, "Plans": [{"Node Type": "Nested Loop", "Parent Relationship": "Outer", "Join Type": "Inner", "Startup Cost": 0.0, "Total Cost": 68799.18, "Plan Rows": 1919, "Plan Width": 21, "Actual Startup Time": 1038.704, "Actual Total Time": 1038.704, "Actual Rows": 0, "Actual Loops": 1, "Inner Unique": false, "Plans": [{"Node Type": "Nested Loop", "Parent Relationship": "Outer", "Join Type": "Inner", "Startup Cost": 0.0, "Total Cost": 66519.89, "Plan Rows": 1869, "Plan Width": 25, "Actual Startup Time": 1038.703, "Actual Total Time": 1038.703, "Actual Rows": 0, "Actual Loops": 1, "Inner Unique": true, "Plans": [{"Node Type": "Nested Loop", "Parent Relationship": "Outer", "Join Type": "Inner", "Startup Cost": 0.0, "Total Cost": 54902.47, "Plan Rows": 1540, "Plan Width": 4, "Actual Startup Time": 1038.702, "Actual Total Time": 1038.702, "Actual Rows": 0, "Actual Loops": 1, "Inner Unique": false, "Join Filter": "(ct.id = mc.company_type_id)", "Rows Removed by Join Filter": 24025, "Plans": [{"Node Type": "Seq Scan", "Parent Relationship": "Outer", "Relation Name": "company_type", "Alias": "ct", "Startup Cost": 0.0, "Total Cost": 1.04, "Plan Rows": 1, "Plan Width": 4, "Actual Startup Time": 0.022, "Actual Total Time": 0.025, "Actual Rows": 1, "Actual Loops": 1, "Filter": "((kind)::text = 'production companies'::text)", "Rows Removed by Filter": 2}, {"Node Type": "Seq Scan", "Parent Relationship": "Inner", "Relation Name": "movie_companies", "Alias": "mc", "Startup Cost": 0.0, "Total Cost": 54862.92, "Plan Rows": 3081, "Plan Width": 8, "Actual Startup Time": 8.799, "Actual Total Time": 1033.327, "Actual Rows": 24025, "Actual Loops": 1, "Filter": "(((note)::text ~~ '%(theatrical)%'::text) AND ((note)::text ~~ '%(France)%'::text))", "Rows Removed by Filter": 2585103}]}, {"Node Type": "Index Scan", "Parent Relationship": "Inner", "Scan Direction": "Forward", "Index Name": "title_pkey", "Relation Name": "title", "Alias": "t", "Startup Cost": 0.0, "Total Cost": 7.53, "Plan Rows": 1, "Plan Width": 21, "Actual Startup Time": 0.0, "Actual Total Time": 0.0, "Index Cond": "(id = mc.movie_id)", "Rows Removed by Index Recheck": 0, "Filter": "(production_year > 2005)", "Rows Removed by Filter": 0}]}, {"Node Type": "Index Scan", "Parent Relationship": "Inner", "Scan Direction": "Forward", "Index Name": "movie_id_movie_info", "Relation Name": "movie_info", "Alias": "mi", "Startup Cost": 0.0, "Total Cost": 1.21, "Plan Rows": 1, "Plan Width": 8, "Actual Startup Time": 0.0, "Actual Total Time": 0.0, "Index Cond": "(movie_id = t.id)", "Rows Removed by Index Recheck": 0, "Filter": "((info)::text = ANY ('{Sweden,Norway,Germany,Denmark,Swedish,Denish,Norwegian,German}'::text[]))", "Rows Removed by Filter": 0}]}, {"Node Type": "Index Only Scan", "Parent Relationship": "Inner", "Scan Direction": "Forward", "Index Name": "info_type_pkey", "Relation Name": "info_type", "Alias": "it", "Startup Cost": 0.0, "Total Cost": 0.27, "Plan Rows": 1, "Plan Width": 4, "Actual Startup Time": 0.0, "Actual Total Time": 0.0, "Index Cond": "(id = mi.info_type_id)", "Rows Removed by Index Recheck": 0, "Heap Fetches": 0}]}]}, "Triggers": [], "Planner Runtime": 11.067, "Total Runtime": 1038.954, "Unique SQL Id": 2510907716}}, "(64, '33')": {"explain_plan": {"Plan": {"Node Type": "Aggregate", "Strategy": "Plain", "Startup Cost": 74106.99, "Total Cost": 74107.0, "Plan Rows": 1, "Plan Width": 49, "Plans": [{"Node Type": "Nested Loop", "Parent Relationship": "Outer", "Join Type": "Inner", "Startup Cost": 0.0, "Total Cost": 74102.19, "Plan Rows": 1919, "Plan Width": 17, "Inner Unique": true, "Plans": [{"Node Type": "Nested Loop", "Parent Relationship": "Outer", "Join Type": "Inner", "Startup Cost": 0.0, "Total Cost": 73564.77, "Plan Rows": 1919, "Plan Width": 21, "Inner Unique": false, "Plans": [{"Node Type": "Nested Loop", "Parent Relationship": "Outer", "Join Type": "Inner", "Startup Cost": 0.0, "Total Cost": 71285.47, "Plan Rows": 1869, "Plan Width": 25, "Inner Unique": true, "Plans": [{"Node Type": "Nested Loop", "Parent Relationship": "Outer", "Join Type": "Inner", "Startup Cost": 0.0, "Total Cost": 59668.05, "Plan Rows": 1540, "Plan Width": 4, "Inner Unique": false, "Plans": [{"Node Type": "Index Scan", "Parent Relationship": "Outer", "Scan Direction": "Forward", "Index Name": "company_type_pkey", "Relation Name": "company_type", "Alias": "ct", "Startup Cost": 0.0, "Total Cost": 12.3, "Plan Rows": 1, "Plan Width": 4, "Filter": "((kind)::text = 'production companies'::text)"}, {"Node Type": "Index Scan", "Parent Relationship": "Inner", "Scan Direction": "Forward", "Index Name": "company_type_id_movie_companies", "Relation Name": "movie_companies", "Alias": "mc", "Startup Cost": 0.0, "Total Cost": 59640.35, "Plan Rows": 1540, "Plan Width": 8, "Index Cond": "(company_type_id = ct.id)", "Filter": "(((note)::text ~~ '%(theatrical)%'::text) AND ((note)::text ~~ '%(France)%'::text))"}]}, {"Node Type": "Index Scan", "Parent Relationship": "Inner", "Scan Direction": "Forward", "Index Name": "title_pkey", "Relation Name": "title", "Alias": "t", "Startup Cost": 0.0, "Total Cost": 7.53, "Plan Rows": 1, "Plan Width": 21, "Index Cond": "(id = mc.movie_id)", "Filter": "(production_year > 2005)"}]}, {"Node Type": "Index Scan", "Parent Relationship": "Inner", "Scan Direction": "Forward", "Index Name": "movie_id_movie_info", "Relation Name": "movie_info", "Alias": "mi", "Startup Cost": 0.0, "Total Cost": 1.21, "Plan Rows": 1, "Plan Width": 8, "Index Cond": "(movie_id = t.id)", "Filter": "((info)::text = ANY ('{Sweden,Norway,Germany,Denmark,Swedish,Denish,Norwegian,German}'::text[]))"}]}, {"Node Type": "Index Only Scan", "Parent Relationship": "Inner", "Scan Direction": "Forward", "Index Name": "info_type_pkey", "Relation Name": "info_type", "Alias": "it", "Startup Cost": 0.0, "Total Cost": 0.27, "Plan Rows": 1, "Plan Width": 4, "Index Cond": "(id = mi.info_type_id)"}]}]}, "Unique SQL Id": 2510907716, "Planner Runtime": 4}, "explain_analyze_plan": {"Plan": {"Node Type": "Aggregate", "Strategy": "Plain", "Startup Cost": 74106.99, "Total Cost": 74107.0, "Plan Rows": 1, "Plan Width": 49, "Actual Startup Time": 629.666, "Actual Total Time": 629.667, "Actual Rows": 1, "Actual Loops": 1, "Plans": [{"Node Type": "Nested Loop", "Parent Relationship": "Outer", "Join Type": "Inner", "Startup Cost": 0.0, "Total Cost": 74102.19, "Plan Rows": 1919, "Plan Width": 17, "Actual Startup Time": 629.656, "Actual Total Time": 629.656, "Actual Rows": 0, "Actual Loops": 1, "Inner Unique": true, "Plans": [{"Node Type": "Nested Loop", "Parent Relationship": "Outer", "Join Type": "Inner", "Startup Cost": 0.0, "Total Cost": 73564.77, "Plan Rows": 1919, "Plan Width": 21, "Actual Startup Time": 629.655, "Actual Total Time": 629.655, "Actual Rows": 0, "Actual Loops": 1, "Inner Unique": false, "Plans": [{"Node Type": "Nested Loop", "Parent Relationship": "Outer", "Join Type": "Inner", "Startup Cost": 0.0, "Total Cost": 71285.47, "Plan Rows": 1869, "Plan Width": 25, "Actual Startup Time": 629.655, "Actual Total Time": 629.655, "Actual Rows": 0, "Actual Loops": 1, "Inner Unique": true, "Plans": [{"Node Type": "Nested Loop", "Parent Relationship": "Outer", "Join Type": "Inner", "Startup Cost": 0.0, "Total Cost": 59668.05, "Plan Rows": 1540, "Plan Width": 4, "Actual Startup Time": 629.654, "Actual Total Time": 629.654, "Actual Rows": 0, "Actual Loops": 1, "Inner Unique": false, "Plans": [{"Node Type": "Index Scan", "Parent Relationship": "Outer", "Scan Direction": "Forward", "Index Name": "company_type_pkey", "Relation Name": "company_type", "Alias": "ct", "Startup Cost": 0.0, "Total Cost": 12.3, "Plan Rows": 1, "Plan Width": 4, "Actual Startup Time": 0.022, "Actual Total Time": 0.03, "Actual Rows": 1, "Actual Loops": 1, "Filter": "((kind)::text = 'production companies'::text)", "Rows Removed by Filter": 2}, {"Node Type": "Index Scan", "Parent Relationship": "Inner", "Scan Direction": "Forward", "Index Name": "company_type_id_movie_companies", "Relation Name": "movie_companies", "Alias": "mc", "Startup Cost": 0.0, "Total Cost": 59640.35, "Plan Rows": 1540, "Plan Width": 8, "Actual Startup Time": 629.618, "Actual Total Time": 629.618, "Actual Rows": 0, "Actual Loops": 1, "Index Cond": "(company_type_id = ct.id)", "Rows Removed by Index Recheck": 0, "Filter": "(((note)::text ~~ '%(theatrical)%'::text) AND ((note)::text ~~ '%(France)%'::text))", "Rows Removed by Filter": 1334883}]}, {"Node Type": "Index Scan", "Parent Relationship": "Inner", "Scan Direction": "Forward", "Index Name": "title_pkey", "Relation Name": "title", "Alias": "t", "Startup Cost": 0.0, "Total Cost": 7.53, "Plan Rows": 1, "Plan Width": 21, "Actual Startup Time": 0.0, "Actual Total Time": 0.0, "Index Cond": "(id = mc.movie_id)", "Rows Removed by Index Recheck": 0, "Filter": "(production_year > 2005)", "Rows Removed by Filter": 0}]}, {"Node Type": "Index Scan", "Parent Relationship": "Inner", "Scan Direction": "Forward", "Index Name": "movie_id_movie_info", "Relation Name": "movie_info", "Alias": "mi", "Startup Cost": 0.0, "Total Cost": 1.21, "Plan Rows": 1, "Plan Width": 8, "Actual Startup Time": 0.0, "Actual Total Time": 0.0, "Index Cond": "(movie_id = t.id)", "Rows Removed by Index Recheck": 0, "Filter": "((info)::text = ANY ('{Sweden,Norway,Germany,Denmark,Swedish,Denish,Norwegian,German}'::text[]))", "Rows Removed by Filter": 0}]}, {"Node Type": "Index Only Scan", "Parent Relationship": "Inner", "Scan Direction": "Forward", "Index Name": "info_type_pkey", "Relation Name": "info_type", "Alias": "it", "Startup Cost": 0.0, "Total Cost": 0.27, "Plan Rows": 1, "Plan Width": 4, "Actual Startup Time": 0.0, "Actual Total Time": 0.0, "Index Cond": "(id = mi.info_type_id)", "Rows Removed by Index Recheck": 0, "Heap Fetches": 0}]}]}, "Triggers": [], "Planner Runtime": 8.174, "Total Runtime": 629.914, "Unique SQL Id": 2510907716}}, "(64, '34')": {"explain_plan": {"Plan": {"Node Type": "Aggregate", "Strategy": "Plain", "Startup Cost": 75475.76, "Total Cost": 75475.77, "Plan Rows": 1, "Plan Width": 49, "Plans": [{"Node Type": "Hash Join", "Parent Relationship": "Outer", "Join Type": "Inner", "Startup Cost": 7.72, "Total Cost": 75470.96, "Plan Rows": 1919, "Plan Width": 17, "Inner Unique": true, "Hash Cond": "(mi.info_type_id = it.id)", "Plans": [{"Node Type": "Nested Loop", "Parent Relationship": "Outer", "Join Type": "Inner", "Startup Cost": 4.2, "Total Cost": 75442.11, "Plan Rows": 1919, "Plan Width": 21, "Inner Unique": false, "Plans": [{"Node Type": "Nested Loop", "Parent Relationship": "Outer", "Join Type": "Inner", "Startup Cost": 3.69, "Total Cost": 66780.19, "Plan Rows": 1869, "Plan Width": 25, "Inner Unique": true, "Plans": [{"Node Type": "Nested Loop", "Parent Relationship": "Outer", "Join Type": "Inner", "Startup Cost": 0.0, "Total Cost": 54902.47, "Plan Rows": 1540, "Plan Width": 4, "Inner Unique": false, "Join Filter": "(ct.id = mc.company_type_id)", "Plans": [{"Node Type": "Seq Scan", "Parent Relationship": "Outer", "Relation Name": "company_type", "Alias": "ct", "Startup Cost": 0.0, "Total Cost": 1.04, "Plan Rows": 1, "Plan Width": 4, "Filter": "((kind)::text = 'production companies'::text)"}, {"Node Type": "Seq Scan", "Parent Relationship": "Inner", "Relation Name": "movie_companies", "Alias": "mc", "Startup Cost": 0.0, "Total Cost": 54862.92, "Plan Rows": 3081, "Plan Width": 8, "Filter": "(((note)::text ~~ '%(theatrical)%'::text) AND ((note)::text ~~ '%(France)%'::text))"}]}, {"Node Type": "Bitmap Heap Scan", "Parent Relationship": "Inner", "Relation Name": "title", "Alias": "t", "Startup Cost": 3.69, "Total Cost": 7.7, "Plan Rows": 1, "Plan Width": 21, "Recheck Cond": "(id = mc.movie_id)", "Filter": "(production_year > 2005)", "Plans": [{"Node Type": "Bitmap Index Scan", "Parent Relationship": "Outer", "Index Name": "title_pkey", "Startup Cost": 0.0, "Total Cost": 3.69, "Plan Rows": 1, "Plan Width": 0, "Index Cond": "(id = mc.movie_id)"}]}]}, {"Node Type": "Bitmap Heap Scan", "Parent Relationship": "Inner", "Relation Name": "movie_info", "Alias": "mi", "Startup Cost": 0.51, "Total Cost": 4.62, "Plan Rows": 1, "Plan Width": 8, "Recheck Cond": "(movie_id = t.id)", "Filter": "((info)::text = ANY ('{Sweden,Norway,Germany,Denmark,Swedish,Denish,Norwegian,German}'::text[]))", "Plans": [{"Node Type": "Bitmap Index Scan", "Parent Relationship": "Outer", "Index Name": "movie_id_movie_info", "Startup Cost": 0.0, "Total Cost": 0.51, "Plan Rows": 5, "Plan Width": 0, "Index Cond": "(movie_id = t.id)"}]}]}, {"Node Type": "Hash", "Parent Relationship": "Inner", "Startup Cost": 2.12, "Total Cost": 2.12, "Plan Rows": 112, "Plan Width": 4, "Plans": [{"Node Type": "Seq Scan", "Parent Relationship": "Outer", "Relation Name": "info_type", "Alias": "it", "Startup Cost": 0.0, "Total Cost": 2.12, "Plan Rows": 112, "Plan Width": 4}]}]}]}, "Unique SQL Id": 2510907716, "Planner Runtime": 9}, "explain_analyze_plan": {"Plan": {"Node Type": "Aggregate", "Strategy": "Plain", "Startup Cost": 75475.76, "Total Cost": 75475.77, "Plan Rows": 1, "Plan Width": 49, "Actual Startup Time": 1040.389, "Actual Total Time": 1040.39, "Actual Rows": 1, "Actual Loops": 1, "Plans": [{"Node Type": "Hash Join", "Parent Relationship": "Outer", "Join Type": "Inner", "Startup Cost": 7.72, "Total Cost": 75470.96, "Plan Rows": 1919, "Plan Width": 17, "Actual Startup Time": 1040.382, "Actual Total Time": 1040.382, "Actual Rows": 0, "Actual Loops": 1, "Inner Unique": true, "Hash Cond": "(mi.info_type_id = it.id)", "Plans": [{"Node Type": "Nested Loop", "Parent Relationship": "Outer", "Join Type": "Inner", "Startup Cost": 4.2, "Total Cost": 75442.11, "Plan Rows": 1919, "Plan Width": 21, "Actual Startup Time": 1040.239, "Actual Total Time": 1040.239, "Actual Rows": 0, "Actual Loops": 1, "Inner Unique": false, "Plans": [{"Node Type": "Nested Loop", "Parent Relationship": "Outer", "Join Type": "Inner", "Startup Cost": 3.69, "Total Cost": 66780.19, "Plan Rows": 1869, "Plan Width": 25, "Actual Startup Time": 1040.237, "Actual Total Time": 1040.237, "Actual Rows": 0, "Actual Loops": 1, "Inner Unique": true, "Plans": [{"Node Type": "Nested Loop", "Parent Relationship": "Outer", "Join Type": "Inner", "Startup Cost": 0.0, "Total Cost": 54902.47, "Plan Rows": 1540, "Plan Width": 4, "Actual Startup Time": 1040.235, "Actual Total Time": 1040.235, "Actual Rows": 0, "Actual Loops": 1, "Inner Unique": false, "Join Filter": "(ct.id = mc.company_type_id)", "Rows Removed by Join Filter": 24025, "Plans": [{"Node Type": "Seq Scan", "Parent Relationship": "Outer", "Relation Name": "company_type", "Alias": "ct", "Startup Cost": 0.0, "Total Cost": 1.04, "Plan Rows": 1, "Plan Width": 4, "Actual Startup Time": 0.015, "Actual Total Time": 0.022, "Actual Rows": 1, "Actual Loops": 1, "Filter": "((kind)::text = 'production companies'::text)", "Rows Removed by Filter": 2}, {"Node Type": "Seq Scan", "Parent Relationship": "Inner", "Relation Name": "movie_companies", "Alias": "mc", "Startup Cost": 0.0, "Total Cost": 54862.92, "Plan Rows": 3081, "Plan Width": 8, "Actual Startup Time": 8.796, "Actual Total Time": 1034.832, "Actual Rows": 24025, "Actual Loops": 1, "Filter": "(((note)::text ~~ '%(theatrical)%'::text) AND ((note)::text ~~ '%(France)%'::text))", "Rows Removed by Filter": 2585103}]}, {"Node Type": "Bitmap Heap Scan", "Parent Relationship": "Inner", "Relation Name": "title", "Alias": "t", "Startup Cost": 3.69, "Total Cost": 7.7, "Plan Rows": 1, "Plan Width": 21, "Actual Startup Time": 0.0, "Actual Total Time": 0.0, "Recheck Cond": "(id = mc.movie_id)", "Rows Removed by Index Recheck": 0, "Filter": "(production_year > 2005)", "Rows Removed by Filter": 0, "Exact Heap Blocks": 0, "Lossy Heap Blocks": 0, "Plans": [{"Node Type": "Bitmap Index Scan", "Parent Relationship": "Outer", "Index Name": "title_pkey", "Startup Cost": 0.0, "Total Cost": 3.69, "Plan Rows": 1, "Plan Width": 0, "Actual Startup Time": 0.0, "Actual Total Time": 0.0, "Index Cond": "(id = mc.movie_id)"}]}]}, {"Node Type": "Bitmap Heap Scan", "Parent Relationship": "Inner", "Relation Name": "movie_info", "Alias": "mi", "Startup Cost": 0.51, "Total Cost": 4.62, "Plan Rows": 1, "Plan Width": 8, "Actual Startup Time": 0.0, "Actual Total Time": 0.0, "Recheck Cond": "(movie_id = t.id)", "Rows Removed by Index Recheck": 0, "Filter": "((info)::text = ANY ('{Sweden,Norway,Germany,Denmark,Swedish,Denish,Norwegian,German}'::text[]))", "Rows Removed by Filter": 0, "Exact Heap Blocks": 0, "Lossy Heap Blocks": 0, "Plans": [{"Node Type": "Bitmap Index Scan", "Parent Relationship": "Outer", "Index Name": "movie_id_movie_info", "Startup Cost": 0.0, "Total Cost": 0.51, "Plan Rows": 5, "Plan Width": 0, "Actual Startup Time": 0.0, "Actual Total Time": 0.0, "Index Cond": "(movie_id = t.id)"}]}]}, {"Node Type": "Hash", "Parent Relationship": "Inner", "Startup Cost": 2.12, "Total Cost": 2.12, "Plan Rows": 112, "Plan Width": 4, "Actual Startup Time": 0.094, "Actual Total Time": 0.094, "Actual Rows": 112, "Actual Loops": 1, "Hash Buckets": 32768, "Hash Batches": 1, "Original Hash Batches": 1, "Peak Memory Usage": 4, "Plans": [{"Node Type": "Seq Scan", "Parent Relationship": "Outer", "Relation Name": "info_type", "Alias": "it", "Startup Cost": 0.0, "Total Cost": 2.12, "Plan Rows": 112, "Plan Width": 4, "Actual Startup Time": 0.029, "Actual Total Time": 0.052, "Actual Rows": 112, "Actual Loops": 1}]}]}]}, "Triggers": [], "Planner Runtime": 12.721, "Total Runtime": 1040.877, "Unique SQL Id": 2510907716}}, "(64, '35')": {"explain_plan": {"Plan": {"Node Type": "Aggregate", "Strategy": "Plain", "Startup Cost": 88113.56, "Total Cost": 88113.57, "Plan Rows": 1, "Plan Width": 49, "Plans": [{"Node Type": "Hash Join", "Parent Relationship": "Outer", "Join Type": "Inner", "Startup Cost": 28972.69, "Total Cost": 88108.77, "Plan Rows": 1919, "Plan Width": 17, "Inner Unique": true, "Hash Cond": "(mi.info_type_id = it.id)", "Plans": [{"Node Type": "Nested Loop", "Parent Relationship": "Outer", "Join Type": "Inner", "Startup Cost": 28957.33, "Total Cost": 88068.08, "Plan Rows": 1919, "Plan Width": 21, "Inner Unique": false, "Plans": [{"Node Type": "Nested Loop", "Parent Relationship": "Outer", "Join Type": "Inner", "Startup Cost": 28956.82, "Total Cost": 79406.16, "Plan Rows": 1869, "Plan Width": 25, "Inner Unique": true, "Plans": [{"Node Type": "Nested Loop", "Parent Relationship": "Outer", "Join Type": "Inner", "Startup Cost": 28953.13, "Total Cost": 67528.44, "Plan Rows": 1540, "Plan Width": 4, "Inner Unique": false, "Plans": [{"Node Type": "Bitmap Heap Scan", "Parent Relationship": "Outer", "Relation Name": "company_type", "Alias": "ct", "Startup Cost": 8.27, "Total Cost": 12.3, "Plan Rows": 1, "Plan Width": 4, "Filter": "((kind)::text = 'production companies'::text)", "Plans": [{"Node Type": "Bitmap Index Scan", "Parent Relationship": "Outer", "Index Name": "company_type_pkey", "Startup Cost": 0.0, "Total Cost": 8.27, "Plan Rows": 3, "Plan Width": 0}]}, {"Node Type": "Bitmap Heap Scan", "Parent Relationship": "Inner", "Relation Name": "movie_companies", "Alias": "mc", "Startup Cost": 28944.86, "Total Cost": 67500.74, "Plan Rows": 1540, "Plan Width": 8, "Recheck Cond": "(company_type_id = ct.id)", "Filter": "(((note)::text ~~ '%(theatrical)%'::text) AND ((note)::text ~~ '%(France)%'::text))", "Plans": [{"Node Type": "Bitmap Index Scan", "Parent Relationship": "Outer", "Index Name": "company_type_id_movie_companies", "Startup Cost": 0.0, "Total Cost": 28944.48, "Plan Rows": 1304564, "Plan Width": 0, "Index Cond": "(company_type_id = ct.id)"}]}]}, {"Node Type": "Bitmap Heap Scan", "Parent Relationship": "Inner", "Relation Name": "title", "Alias": "t", "Startup Cost": 3.69, "Total Cost": 7.7, "Plan Rows": 1, "Plan Width": 21, "Recheck Cond": "(id = mc.movie_id)", "Filter": "(production_year > 2005)", "Plans": [{"Node Type": "Bitmap Index Scan", "Parent Relationship": "Outer", "Index Name": "title_pkey", "Startup Cost": 0.0, "Total Cost": 3.69, "Plan Rows": 1, "Plan Width": 0, "Index Cond": "(id = mc.movie_id)"}]}]}, {"Node Type": "Bitmap Heap Scan", "Parent Relationship": "Inner", "Relation Name": "movie_info", "Alias": "mi", "Startup Cost": 0.51, "Total Cost": 4.62, "Plan Rows": 1, "Plan Width": 8, "Recheck Cond": "(movie_id = t.id)", "Filter": "((info)::text = ANY ('{Sweden,Norway,Germany,Denmark,Swedish,Denish,Norwegian,German}'::text[]))", "Plans": [{"Node Type": "Bitmap Index Scan", "Parent Relationship": "Outer", "Index Name": "movie_id_movie_info", "Startup Cost": 0.0, "Total Cost": 0.51, "Plan Rows": 5, "Plan Width": 0, "Index Cond": "(movie_id = t.id)"}]}]}, {"Node Type": "Hash", "Parent Relationship": "Inner", "Startup Cost": 13.96, "Total Cost": 13.96, "Plan Rows": 112, "Plan Width": 4, "Plans": [{"Node Type": "Bitmap Heap Scan", "Parent Relationship": "Outer", "Relation Name": "info_type", "Alias": "it", "Startup Cost": 8.84, "Total Cost": 13.96, "Plan Rows": 112, "Plan Width": 4, "Plans": [{"Node Type": "Bitmap Index Scan", "Parent Relationship": "Outer", "Index Name": "info_type_pkey", "Startup Cost": 0.0, "Total Cost": 8.81, "Plan Rows": 112, "Plan Width": 0}]}]}]}]}, "Unique SQL Id": 2510907716, "Planner Runtime": 4}, "explain_analyze_plan": {"Plan": {"Node Type": "Aggregate", "Strategy": "Plain", "Startup Cost": 88113.56, "Total Cost": 88113.57, "Plan Rows": 1, "Plan Width": 49, "Actual Startup Time": 645.057, "Actual Total Time": 645.058, "Actual Rows": 1, "Actual Loops": 1, "Plans": [{"Node Type": "Hash Join", "Parent Relationship": "Outer", "Join Type": "Inner", "Startup Cost": 28972.69, "Total Cost": 88108.77, "Plan Rows": 1919, "Plan Width": 17, "Actual Startup Time": 645.05, "Actual Total Time": 645.05, "Actual Rows": 0, "Actual Loops": 1, "Inner Unique": true, "Hash Cond": "(mi.info_type_id = it.id)", "Plans": [{"Node Type": "Nested Loop", "Parent Relationship": "Outer", "Join Type": "Inner", "Startup Cost": 28957.33, "Total Cost": 88068.08, "Plan Rows": 1919, "Plan Width": 21, "Actual Startup Time": 644.895, "Actual Total Time": 644.895, "Actual Rows": 0, "Actual Loops": 1, "Inner Unique": false, "Plans": [{"Node Type": "Nested Loop", "Parent Relationship": "Outer", "Join Type": "Inner", "Startup Cost": 28956.82, "Total Cost": 79406.16, "Plan Rows": 1869, "Plan Width": 25, "Actual Startup Time": 644.892, "Actual Total Time": 644.892, "Actual Rows": 0, "Actual Loops": 1, "Inner Unique": true, "Plans": [{"Node Type": "Nested Loop", "Parent Relationship": "Outer", "Join Type": "Inner", "Startup Cost": 28953.13, "Total Cost": 67528.44, "Plan Rows": 1540, "Plan Width": 4, "Actual Startup Time": 644.89, "Actual Total Time": 644.89, "Actual Rows": 0, "Actual Loops": 1, "Inner Unique": false, "Plans": [{"Node Type": "Bitmap Heap Scan", "Parent Relationship": "Outer", "Relation Name": "company_type", "Alias": "ct", "Startup Cost": 8.27, "Total Cost": 12.3, "Plan Rows": 1, "Plan Width": 4, "Actual Startup Time": 0.012, "Actual Total Time": 0.019, "Actual Rows": 1, "Actual Loops": 1, "Filter": "((kind)::text = 'production companies'::text)", "Rows Removed by Filter": 2, "Exact Heap Blocks": 1, "Lossy Heap Blocks": 1, "Plans": [{"Node Type": "Bitmap Index Scan", "Parent Relationship": "Outer", "Index Name": "company_type_pkey", "Startup Cost": 0.0, "Total Cost": 8.27, "Plan Rows": 3, "Plan Width": 0, "Actual Startup Time": 0.002, "Actual Total Time": 0.002, "Actual Rows": 3, "Actual Loops": 1}]}, {"Node Type": "Bitmap Heap Scan", "Parent Relationship": "Inner", "Relation Name": "movie_companies", "Alias": "mc", "Startup Cost": 28944.86, "Total Cost": 67500.74, "Plan Rows": 1540, "Plan Width": 8, "Actual Startup Time": 644.864, "Actual Total Time": 644.864, "Actual Rows": 0, "Actual Loops": 1, "Recheck Cond": "(company_type_id = ct.id)", "Rows Removed by Index Recheck": 0, "Filter": "(((note)::text ~~ '%(theatrical)%'::text) AND ((note)::text ~~ '%(France)%'::text))", "Rows Removed by Filter": 1334883, "Exact Heap Blocks": 6196, "Lossy Heap Blocks": 6196, "Plans": [{"Node Type": "Bitmap Index Scan", "Parent Relationship": "Outer", "Index Name": "company_type_id_movie_companies", "Startup Cost": 0.0, "Total Cost": 28944.48, "Plan Rows": 1304564, "Plan Width": 0, "Actual Startup Time": 156.658, "Actual Total Time": 156.658, "Actual Rows": 1334883, "Actual Loops": 1, "Index Cond": "(company_type_id = ct.id)"}]}]}, {"Node Type": "Bitmap Heap Scan", "Parent Relationship": "Inner", "Relation Name": "title", "Alias": "t", "Startup Cost": 3.69, "Total Cost": 7.7, "Plan Rows": 1, "Plan Width": 21, "Actual Startup Time": 0.0, "Actual Total Time": 0.0, "Recheck Cond": "(id = mc.movie_id)", "Rows Removed by Index Recheck": 0, "Filter": "(production_year > 2005)", "Rows Removed by Filter": 0, "Exact Heap Blocks": 0, "Lossy Heap Blocks": 0, "Plans": [{"Node Type": "Bitmap Index Scan", "Parent Relationship": "Outer", "Index Name": "title_pkey", "Startup Cost": 0.0, "Total Cost": 3.69, "Plan Rows": 1, "Plan Width": 0, "Actual Startup Time": 0.0, "Actual Total Time": 0.0, "Index Cond": "(id = mc.movie_id)"}]}]}, {"Node Type": "Bitmap Heap Scan", "Parent Relationship": "Inner", "Relation Name": "movie_info", "Alias": "mi", "Startup Cost": 0.51, "Total Cost": 4.62, "Plan Rows": 1, "Plan Width": 8, "Actual Startup Time": 0.0, "Actual Total Time": 0.0, "Recheck Cond": "(movie_id = t.id)", "Rows Removed by Index Recheck": 0, "Filter": "((info)::text = ANY ('{Sweden,Norway,Germany,Denmark,Swedish,Denish,Norwegian,German}'::text[]))", "Rows Removed by Filter": 0, "Exact Heap Blocks": 0, "Lossy Heap Blocks": 0, "Plans": [{"Node Type": "Bitmap Index Scan", "Parent Relationship": "Outer", "Index Name": "movie_id_movie_info", "Startup Cost": 0.0, "Total Cost": 0.51, "Plan Rows": 5, "Plan Width": 0, "Actual Startup Time": 0.0, "Actual Total Time": 0.0, "Index Cond": "(movie_id = t.id)"}]}]}, {"Node Type": "Hash", "Parent Relationship": "Inner", "Startup Cost": 13.96, "Total Cost": 13.96, "Plan Rows": 112, "Plan Width": 4, "Actual Startup Time": 0.112, "Actual Total Time": 0.112, "Actual Rows": 112, "Actual Loops": 1, "Hash Buckets": 32768, "Hash Batches": 1, "Original Hash Batches": 1, "Peak Memory Usage": 4, "Plans": [{"Node Type": "Bitmap Heap Scan", "Parent Relationship": "Outer", "Relation Name": "info_type", "Alias": "it", "Startup Cost": 8.84, "Total Cost": 13.96, "Plan Rows": 112, "Plan Width": 4, "Actual Startup Time": 0.055, "Actual Total Time": 0.075, "Actual Rows": 112, "Actual Loops": 1, "Exact Heap Blocks": 1, "Lossy Heap Blocks": 1, "Plans": [{"Node Type": "Bitmap Index Scan", "Parent Relationship": "Outer", "Index Name": "info_type_pkey", "Startup Cost": 0.0, "Total Cost": 8.81, "Plan Rows": 112, "Plan Width": 0, "Actual Startup Time": 0.014, "Actual Total Time": 0.014, "Actual Rows": 112, "Actual Loops": 1}]}]}]}]}, "Triggers": [], "Planner Runtime": 8.109, "Total Runtime": 645.411, "Unique SQL Id": 2510907716}}, "(64, '36')": {"explain_plan": {"Plan": {"Node Type": "Aggregate", "Strategy": "Plain", "Startup Cost": 69341.46, "Total Cost": 69341.47, "Plan Rows": 1, "Plan Width": 49, "Plans": [{"Node Type": "Nested Loop", "Parent Relationship": "Outer", "Join Type": "Inner", "Startup Cost": 0.0, "Total Cost": 69336.67, "Plan Rows": 1919, "Plan Width": 17, "Inner Unique": true, "Plans": [{"Node Type": "Nested Loop", "Parent Relationship": "Outer", "Join Type": "Inner", "Startup Cost": 0.0, "Total Cost": 68799.18, "Plan Rows": 1919, "Plan Width": 21, "Inner Unique": false, "Plans": [{"Node Type": "Nested Loop", "Parent Relationship": "Outer", "Join Type": "Inner", "Startup Cost": 0.0, "Total Cost": 66519.89, "Plan Rows": 1869, "Plan Width": 25, "Inner Unique": true, "Plans": [{"Node Type": "Nested Loop", "Parent Relationship": "Outer", "Join Type": "Inner", "Startup Cost": 0.0, "Total Cost": 54902.47, "Plan Rows": 1540, "Plan Width": 4, "Inner Unique": false, "Join Filter": "(ct.id = mc.company_type_id)", "Plans": [{"Node Type": "Seq Scan", "Parent Relationship": "Outer", "Relation Name": "company_type", "Alias": "ct", "Startup Cost": 0.0, "Total Cost": 1.04, "Plan Rows": 1, "Plan Width": 4, "Filter": "((kind)::text = 'production companies'::text)"}, {"Node Type": "Seq Scan", "Parent Relationship": "Inner", "Relation Name": "movie_companies", "Alias": "mc", "Startup Cost": 0.0, "Total Cost": 54862.92, "Plan Rows": 3081, "Plan Width": 8, "Filter": "(((note)::text ~~ '%(theatrical)%'::text) AND ((note)::text ~~ '%(France)%'::text))"}]}, {"Node Type": "Index Scan", "Parent Relationship": "Inner", "Scan Direction": "Forward", "Index Name": "title_pkey", "Relation Name": "title", "Alias": "t", "Startup Cost": 0.0, "Total Cost": 7.53, "Plan Rows": 1, "Plan Width": 21, "Index Cond": "(id = mc.movie_id)", "Filter": "(production_year > 2005)"}]}, {"Node Type": "Index Scan", "Parent Relationship": "Inner", "Scan Direction": "Forward", "Index Name": "movie_id_movie_info", "Relation Name": "movie_info", "Alias": "mi", "Startup Cost": 0.0, "Total Cost": 1.21, "Plan Rows": 1, "Plan Width": 8, "Index Cond": "(movie_id = t.id)", "Filter": "((info)::text = ANY ('{Sweden,Norway,Germany,Denmark,Swedish,Denish,Norwegian,German}'::text[]))"}]}, {"Node Type": "Index Scan", "Parent Relationship": "Inner", "Scan Direction": "Forward", "Index Name": "info_type_pkey", "Relation Name": "info_type", "Alias": "it", "Startup Cost": 0.0, "Total Cost": 0.27, "Plan Rows": 1, "Plan Width": 4, "Index Cond": "(id = mi.info_type_id)"}]}]}, "Unique SQL Id": 2510907716, "Planner Runtime": 7}, "explain_analyze_plan": {"Plan": {"Node Type": "Aggregate", "Strategy": "Plain", "Startup Cost": 69341.46, "Total Cost": 69341.47, "Plan Rows": 1, "Plan Width": 49, "Actual Startup Time": 1049.484, "Actual Total Time": 1049.485, "Actual Rows": 1, "Actual Loops": 1, "Plans": [{"Node Type": "Nested Loop", "Parent Relationship": "Outer", "Join Type": "Inner", "Startup Cost": 0.0, "Total Cost": 69336.67, "Plan Rows": 1919, "Plan Width": 17, "Actual Startup Time": 1049.476, "Actual Total Time": 1049.476, "Actual Rows": 0, "Actual Loops": 1, "Inner Unique": true, "Plans": [{"Node Type": "Nested Loop", "Parent Relationship": "Outer", "Join Type": "Inner", "Startup Cost": 0.0, "Total Cost": 68799.18, "Plan Rows": 1919, "Plan Width": 21, "Actual Startup Time": 1049.475, "Actual Total Time": 1049.475, "Actual Rows": 0, "Actual Loops": 1, "Inner Unique": false, "Plans": [{"Node Type": "Nested Loop", "Parent Relationship": "Outer", "Join Type": "Inner", "Startup Cost": 0.0, "Total Cost": 66519.89, "Plan Rows": 1869, "Plan Width": 25, "Actual Startup Time": 1049.474, "Actual Total Time": 1049.474, "Actual Rows": 0, "Actual Loops": 1, "Inner Unique": true, "Plans": [{"Node Type": "Nested Loop", "Parent Relationship": "Outer", "Join Type": "Inner", "Startup Cost": 0.0, "Total Cost": 54902.47, "Plan Rows": 1540, "Plan Width": 4, "Actual Startup Time": 1049.473, "Actual Total Time": 1049.473, "Actual Rows": 0, "Actual Loops": 1, "Inner Unique": false, "Join Filter": "(ct.id = mc.company_type_id)", "Rows Removed by Join Filter": 24025, "Plans": [{"Node Type": "Seq Scan", "Parent Relationship": "Outer", "Relation Name": "company_type", "Alias": "ct", "Startup Cost": 0.0, "Total Cost": 1.04, "Plan Rows": 1, "Plan Width": 4, "Actual Startup Time": 0.013, "Actual Total Time": 0.019, "Actual Rows": 1, "Actual Loops": 1, "Filter": "((kind)::text = 'production companies'::text)", "Rows Removed by Filter": 2}, {"Node Type": "Seq Scan", "Parent Relationship": "Inner", "Relation Name": "movie_companies", "Alias": "mc", "Startup Cost": 0.0, "Total Cost": 54862.92, "Plan Rows": 3081, "Plan Width": 8, "Actual Startup Time": 8.922, "Actual Total Time": 1044.162, "Actual Rows": 24025, "Actual Loops": 1, "Filter": "(((note)::text ~~ '%(theatrical)%'::text) AND ((note)::text ~~ '%(France)%'::text))", "Rows Removed by Filter": 2585103}]}, {"Node Type": "Index Scan", "Parent Relationship": "Inner", "Scan Direction": "Forward", "Index Name": "title_pkey", "Relation Name": "title", "Alias": "t", "Startup Cost": 0.0, "Total Cost": 7.53, "Plan Rows": 1, "Plan Width": 21, "Actual Startup Time": 0.0, "Actual Total Time": 0.0, "Index Cond": "(id = mc.movie_id)", "Rows Removed by Index Recheck": 0, "Filter": "(production_year > 2005)", "Rows Removed by Filter": 0}]}, {"Node Type": "Index Scan", "Parent Relationship": "Inner", "Scan Direction": "Forward", "Index Name": "movie_id_movie_info", "Relation Name": "movie_info", "Alias": "mi", "Startup Cost": 0.0, "Total Cost": 1.21, "Plan Rows": 1, "Plan Width": 8, "Actual Startup Time": 0.0, "Actual Total Time": 0.0, "Index Cond": "(movie_id = t.id)", "Rows Removed by Index Recheck": 0, "Filter": "((info)::text = ANY ('{Sweden,Norway,Germany,Denmark,Swedish,Denish,Norwegian,German}'::text[]))", "Rows Removed by Filter": 0}]}, {"Node Type": "Index Scan", "Parent Relationship": "Inner", "Scan Direction": "Forward", "Index Name": "info_type_pkey", "Relation Name": "info_type", "Alias": "it", "Startup Cost": 0.0, "Total Cost": 0.27, "Plan Rows": 1, "Plan Width": 4, "Actual Startup Time": 0.0, "Actual Total Time": 0.0, "Index Cond": "(id = mi.info_type_id)", "Rows Removed by Index Recheck": 0}]}]}, "Triggers": [], "Planner Runtime": 11.028, "Total Runtime": 1049.796, "Unique SQL Id": 2510907716}}, "(64, '37')": {"explain_plan": {"Plan": {"Node Type": "Aggregate", "Strategy": "Plain", "Startup Cost": 74107.05, "Total Cost": 74107.06, "Plan Rows": 1, "Plan Width": 49, "Plans": [{"Node Type": "Nested Loop", "Parent Relationship": "Outer", "Join Type": "Inner", "Startup Cost": 0.0, "Total Cost": 74102.25, "Plan Rows": 1919, "Plan Width": 17, "Inner Unique": true, "Plans": [{"Node Type": "Nested Loop", "Parent Relationship": "Outer", "Join Type": "Inner", "Startup Cost": 0.0, "Total Cost": 73564.77, "Plan Rows": 1919, "Plan Width": 21, "Inner Unique": false, "Plans": [{"Node Type": "Nested Loop", "Parent Relationship": "Outer", "Join Type": "Inner", "Startup Cost": 0.0, "Total Cost": 71285.47, "Plan Rows": 1869, "Plan Width": 25, "Inner Unique": true, "Plans": [{"Node Type": "Nested Loop", "Parent Relationship": "Outer", "Join Type": "Inner", "Startup Cost": 0.0, "Total Cost": 59668.05, "Plan Rows": 1540, "Plan Width": 4, "Inner Unique": false, "Plans": [{"Node Type": "Index Scan", "Parent Relationship": "Outer", "Scan Direction": "Forward", "Index Name": "company_type_pkey", "Relation Name": "company_type", "Alias": "ct", "Startup Cost": 0.0, "Total Cost": 12.3, "Plan Rows": 1, "Plan Width": 4, "Filter": "((kind)::text = 'production companies'::text)"}, {"Node Type": "Index Scan", "Parent Relationship": "Inner", "Scan Direction": "Forward", "Index Name": "company_type_id_movie_companies", "Relation Name": "movie_companies", "Alias": "mc", "Startup Cost": 0.0, "Total Cost": 59640.35, "Plan Rows": 1540, "Plan Width": 8, "Index Cond": "(company_type_id = ct.id)", "Filter": "(((note)::text ~~ '%(theatrical)%'::text) AND ((note)::text ~~ '%(France)%'::text))"}]}, {"Node Type": "Index Scan", "Parent Relationship": "Inner", "Scan Direction": "Forward", "Index Name": "title_pkey", "Relation Name": "title", "Alias": "t", "Startup Cost": 0.0, "Total Cost": 7.53, "Plan Rows": 1, "Plan Width": 21, "Index Cond": "(id = mc.movie_id)", "Filter": "(production_year > 2005)"}]}, {"Node Type": "Index Scan", "Parent Relationship": "Inner", "Scan Direction": "Forward", "Index Name": "movie_id_movie_info", "Relation Name": "movie_info", "Alias": "mi", "Startup Cost": 0.0, "Total Cost": 1.21, "Plan Rows": 1, "Plan Width": 8, "Index Cond": "(movie_id = t.id)", "Filter": "((info)::text = ANY ('{Sweden,Norway,Germany,Denmark,Swedish,Denish,Norwegian,German}'::text[]))"}]}, {"Node Type": "Index Scan", "Parent Relationship": "Inner", "Scan Direction": "Forward", "Index Name": "info_type_pkey", "Relation Name": "info_type", "Alias": "it", "Startup Cost": 0.0, "Total Cost": 0.27, "Plan Rows": 1, "Plan Width": 4, "Index Cond": "(id = mi.info_type_id)"}]}]}, "Unique SQL Id": 2510907716, "Planner Runtime": 4}, "explain_analyze_plan": {"Plan": {"Node Type": "Aggregate", "Strategy": "Plain", "Startup Cost": 74107.05, "Total Cost": 74107.06, "Plan Rows": 1, "Plan Width": 49, "Actual Startup Time": 698.478, "Actual Total Time": 698.478, "Actual Rows": 1, "Actual Loops": 1, "Plans": [{"Node Type": "Nested Loop", "Parent Relationship": "Outer", "Join Type": "Inner", "Startup Cost": 0.0, "Total Cost": 74102.25, "Plan Rows": 1919, "Plan Width": 17, "Actual Startup Time": 698.471, "Actual Total Time": 698.471, "Actual Rows": 0, "Actual Loops": 1, "Inner Unique": true, "Plans": [{"Node Type": "Nested Loop", "Parent Relationship": "Outer", "Join Type": "Inner", "Startup Cost": 0.0, "Total Cost": 73564.77, "Plan Rows": 1919, "Plan Width": 21, "Actual Startup Time": 698.468, "Actual Total Time": 698.468, "Actual Rows": 0, "Actual Loops": 1, "Inner Unique": false, "Plans": [{"Node Type": "Nested Loop", "Parent Relationship": "Outer", "Join Type": "Inner", "Startup Cost": 0.0, "Total Cost": 71285.47, "Plan Rows": 1869, "Plan Width": 25, "Actual Startup Time": 698.467, "Actual Total Time": 698.467, "Actual Rows": 0, "Actual Loops": 1, "Inner Unique": true, "Plans": [{"Node Type": "Nested Loop", "Parent Relationship": "Outer", "Join Type": "Inner", "Startup Cost": 0.0, "Total Cost": 59668.05, "Plan Rows": 1540, "Plan Width": 4, "Actual Startup Time": 698.466, "Actual Total Time": 698.466, "Actual Rows": 0, "Actual Loops": 1, "Inner Unique": false, "Plans": [{"Node Type": "Index Scan", "Parent Relationship": "Outer", "Scan Direction": "Forward", "Index Name": "company_type_pkey", "Relation Name": "company_type", "Alias": "ct", "Startup Cost": 0.0, "Total Cost": 12.3, "Plan Rows": 1, "Plan Width": 4, "Actual Startup Time": 0.014, "Actual Total Time": 0.022, "Actual Rows": 1, "Actual Loops": 1, "Filter": "((kind)::text = 'production companies'::text)", "Rows Removed by Filter": 2}, {"Node Type": "Index Scan", "Parent Relationship": "Inner", "Scan Direction": "Forward", "Index Name": "company_type_id_movie_companies", "Relation Name": "movie_companies", "Alias": "mc", "Startup Cost": 0.0, "Total Cost": 59640.35, "Plan Rows": 1540, "Plan Width": 8, "Actual Startup Time": 698.437, "Actual Total Time": 698.437, "Actual Rows": 0, "Actual Loops": 1, "Index Cond": "(company_type_id = ct.id)", "Rows Removed by Index Recheck": 0, "Filter": "(((note)::text ~~ '%(theatrical)%'::text) AND ((note)::text ~~ '%(France)%'::text))", "Rows Removed by Filter": 1334883}]}, {"Node Type": "Index Scan", "Parent Relationship": "Inner", "Scan Direction": "Forward", "Index Name": "title_pkey", "Relation Name": "title", "Alias": "t", "Startup Cost": 0.0, "Total Cost": 7.53, "Plan Rows": 1, "Plan Width": 21, "Actual Startup Time": 0.0, "Actual Total Time": 0.0, "Index Cond": "(id = mc.movie_id)", "Rows Removed by Index Recheck": 0, "Filter": "(production_year > 2005)", "Rows Removed by Filter": 0}]}, {"Node Type": "Index Scan", "Parent Relationship": "Inner", "Scan Direction": "Forward", "Index Name": "movie_id_movie_info", "Relation Name": "movie_info", "Alias": "mi", "Startup Cost": 0.0, "Total Cost": 1.21, "Plan Rows": 1, "Plan Width": 8, "Actual Startup Time": 0.0, "Actual Total Time": 0.0, "Index Cond": "(movie_id = t.id)", "Rows Removed by Index Recheck": 0, "Filter": "((info)::text = ANY ('{Sweden,Norway,Germany,Denmark,Swedish,Denish,Norwegian,German}'::text[]))", "Rows Removed by Filter": 0}]}, {"Node Type": "Index Scan", "Parent Relationship": "Inner", "Scan Direction": "Forward", "Index Name": "info_type_pkey", "Relation Name": "info_type", "Alias": "it", "Startup Cost": 0.0, "Total Cost": 0.27, "Plan Rows": 1, "Plan Width": 4, "Actual Startup Time": 0.0, "Actual Total Time": 0.0, "Index Cond": "(id = mi.info_type_id)", "Rows Removed by Index Recheck": 0}]}]}, "Triggers": [], "Planner Runtime": 8.158, "Total Runtime": 698.747, "Unique SQL Id": 2510907716}}, "(64, '38')": {"explain_plan": {"Plan": {"Node Type": "Aggregate", "Strategy": "Plain", "Startup Cost": 75475.76, "Total Cost": 75475.77, "Plan Rows": 1, "Plan Width": 49, "Plans": [{"Node Type": "Hash Join", "Parent Relationship": "Outer", "Join Type": "Inner", "Startup Cost": 7.72, "Total Cost": 75470.96, "Plan Rows": 1919, "Plan Width": 17, "Inner Unique": true, "Hash Cond": "(mi.info_type_id = it.id)", "Plans": [{"Node Type": "Nested Loop", "Parent Relationship": "Outer", "Join Type": "Inner", "Startup Cost": 4.2, "Total Cost": 75442.11, "Plan Rows": 1919, "Plan Width": 21, "Inner Unique": false, "Plans": [{"Node Type": "Nested Loop", "Parent Relationship": "Outer", "Join Type": "Inner", "Startup Cost": 3.69, "Total Cost": 66780.19, "Plan Rows": 1869, "Plan Width": 25, "Inner Unique": true, "Plans": [{"Node Type": "Nested Loop", "Parent Relationship": "Outer", "Join Type": "Inner", "Startup Cost": 0.0, "Total Cost": 54902.47, "Plan Rows": 1540, "Plan Width": 4, "Inner Unique": false, "Join Filter": "(ct.id = mc.company_type_id)", "Plans": [{"Node Type": "Seq Scan", "Parent Relationship": "Outer", "Relation Name": "company_type", "Alias": "ct", "Startup Cost": 0.0, "Total Cost": 1.04, "Plan Rows": 1, "Plan Width": 4, "Filter": "((kind)::text = 'production companies'::text)"}, {"Node Type": "Seq Scan", "Parent Relationship": "Inner", "Relation Name": "movie_companies", "Alias": "mc", "Startup Cost": 0.0, "Total Cost": 54862.92, "Plan Rows": 3081, "Plan Width": 8, "Filter": "(((note)::text ~~ '%(theatrical)%'::text) AND ((note)::text ~~ '%(France)%'::text))"}]}, {"Node Type": "Bitmap Heap Scan", "Parent Relationship": "Inner", "Relation Name": "title", "Alias": "t", "Startup Cost": 3.69, "Total Cost": 7.7, "Plan Rows": 1, "Plan Width": 21, "Recheck Cond": "(id = mc.movie_id)", "Filter": "(production_year > 2005)", "Plans": [{"Node Type": "Bitmap Index Scan", "Parent Relationship": "Outer", "Index Name": "title_pkey", "Startup Cost": 0.0, "Total Cost": 3.69, "Plan Rows": 1, "Plan Width": 0, "Index Cond": "(id = mc.movie_id)"}]}]}, {"Node Type": "Bitmap Heap Scan", "Parent Relationship": "Inner", "Relation Name": "movie_info", "Alias": "mi", "Startup Cost": 0.51, "Total Cost": 4.62, "Plan Rows": 1, "Plan Width": 8, "Recheck Cond": "(movie_id = t.id)", "Filter": "((info)::text = ANY ('{Sweden,Norway,Germany,Denmark,Swedish,Denish,Norwegian,German}'::text[]))", "Plans": [{"Node Type": "Bitmap Index Scan", "Parent Relationship": "Outer", "Index Name": "movie_id_movie_info", "Startup Cost": 0.0, "Total Cost": 0.51, "Plan Rows": 5, "Plan Width": 0, "Index Cond": "(movie_id = t.id)"}]}]}, {"Node Type": "Hash", "Parent Relationship": "Inner", "Startup Cost": 2.12, "Total Cost": 2.12, "Plan Rows": 112, "Plan Width": 4, "Plans": [{"Node Type": "Seq Scan", "Parent Relationship": "Outer", "Relation Name": "info_type", "Alias": "it", "Startup Cost": 0.0, "Total Cost": 2.12, "Plan Rows": 112, "Plan Width": 4}]}]}]}, "Unique SQL Id": 2510907716, "Planner Runtime": 9}, "explain_analyze_plan": {"Plan": {"Node Type": "Aggregate", "Strategy": "Plain", "Startup Cost": 75475.76, "Total Cost": 75475.77, "Plan Rows": 1, "Plan Width": 49, "Actual Startup Time": 1040.389, "Actual Total Time": 1040.39, "Actual Rows": 1, "Actual Loops": 1, "Plans": [{"Node Type": "Hash Join", "Parent Relationship": "Outer", "Join Type": "Inner", "Startup Cost": 7.72, "Total Cost": 75470.96, "Plan Rows": 1919, "Plan Width": 17, "Actual Startup Time": 1040.382, "Actual Total Time": 1040.382, "Actual Rows": 0, "Actual Loops": 1, "Inner Unique": true, "Hash Cond": "(mi.info_type_id = it.id)", "Plans": [{"Node Type": "Nested Loop", "Parent Relationship": "Outer", "Join Type": "Inner", "Startup Cost": 4.2, "Total Cost": 75442.11, "Plan Rows": 1919, "Plan Width": 21, "Actual Startup Time": 1040.239, "Actual Total Time": 1040.239, "Actual Rows": 0, "Actual Loops": 1, "Inner Unique": false, "Plans": [{"Node Type": "Nested Loop", "Parent Relationship": "Outer", "Join Type": "Inner", "Startup Cost": 3.69, "Total Cost": 66780.19, "Plan Rows": 1869, "Plan Width": 25, "Actual Startup Time": 1040.237, "Actual Total Time": 1040.237, "Actual Rows": 0, "Actual Loops": 1, "Inner Unique": true, "Plans": [{"Node Type": "Nested Loop", "Parent Relationship": "Outer", "Join Type": "Inner", "Startup Cost": 0.0, "Total Cost": 54902.47, "Plan Rows": 1540, "Plan Width": 4, "Actual Startup Time": 1040.235, "Actual Total Time": 1040.235, "Actual Rows": 0, "Actual Loops": 1, "Inner Unique": false, "Join Filter": "(ct.id = mc.company_type_id)", "Rows Removed by Join Filter": 24025, "Plans": [{"Node Type": "Seq Scan", "Parent Relationship": "Outer", "Relation Name": "company_type", "Alias": "ct", "Startup Cost": 0.0, "Total Cost": 1.04, "Plan Rows": 1, "Plan Width": 4, "Actual Startup Time": 0.015, "Actual Total Time": 0.022, "Actual Rows": 1, "Actual Loops": 1, "Filter": "((kind)::text = 'production companies'::text)", "Rows Removed by Filter": 2}, {"Node Type": "Seq Scan", "Parent Relationship": "Inner", "Relation Name": "movie_companies", "Alias": "mc", "Startup Cost": 0.0, "Total Cost": 54862.92, "Plan Rows": 3081, "Plan Width": 8, "Actual Startup Time": 8.796, "Actual Total Time": 1034.832, "Actual Rows": 24025, "Actual Loops": 1, "Filter": "(((note)::text ~~ '%(theatrical)%'::text) AND ((note)::text ~~ '%(France)%'::text))", "Rows Removed by Filter": 2585103}]}, {"Node Type": "Bitmap Heap Scan", "Parent Relationship": "Inner", "Relation Name": "title", "Alias": "t", "Startup Cost": 3.69, "Total Cost": 7.7, "Plan Rows": 1, "Plan Width": 21, "Actual Startup Time": 0.0, "Actual Total Time": 0.0, "Recheck Cond": "(id = mc.movie_id)", "Rows Removed by Index Recheck": 0, "Filter": "(production_year > 2005)", "Rows Removed by Filter": 0, "Exact Heap Blocks": 0, "Lossy Heap Blocks": 0, "Plans": [{"Node Type": "Bitmap Index Scan", "Parent Relationship": "Outer", "Index Name": "title_pkey", "Startup Cost": 0.0, "Total Cost": 3.69, "Plan Rows": 1, "Plan Width": 0, "Actual Startup Time": 0.0, "Actual Total Time": 0.0, "Index Cond": "(id = mc.movie_id)"}]}]}, {"Node Type": "Bitmap Heap Scan", "Parent Relationship": "Inner", "Relation Name": "movie_info", "Alias": "mi", "Startup Cost": 0.51, "Total Cost": 4.62, "Plan Rows": 1, "Plan Width": 8, "Actual Startup Time": 0.0, "Actual Total Time": 0.0, "Recheck Cond": "(movie_id = t.id)", "Rows Removed by Index Recheck": 0, "Filter": "((info)::text = ANY ('{Sweden,Norway,Germany,Denmark,Swedish,Denish,Norwegian,German}'::text[]))", "Rows Removed by Filter": 0, "Exact Heap Blocks": 0, "Lossy Heap Blocks": 0, "Plans": [{"Node Type": "Bitmap Index Scan", "Parent Relationship": "Outer", "Index Name": "movie_id_movie_info", "Startup Cost": 0.0, "Total Cost": 0.51, "Plan Rows": 5, "Plan Width": 0, "Actual Startup Time": 0.0, "Actual Total Time": 0.0, "Index Cond": "(movie_id = t.id)"}]}]}, {"Node Type": "Hash", "Parent Relationship": "Inner", "Startup Cost": 2.12, "Total Cost": 2.12, "Plan Rows": 112, "Plan Width": 4, "Actual Startup Time": 0.094, "Actual Total Time": 0.094, "Actual Rows": 112, "Actual Loops": 1, "Hash Buckets": 32768, "Hash Batches": 1, "Original Hash Batches": 1, "Peak Memory Usage": 4, "Plans": [{"Node Type": "Seq Scan", "Parent Relationship": "Outer", "Relation Name": "info_type", "Alias": "it", "Startup Cost": 0.0, "Total Cost": 2.12, "Plan Rows": 112, "Plan Width": 4, "Actual Startup Time": 0.029, "Actual Total Time": 0.052, "Actual Rows": 112, "Actual Loops": 1}]}]}]}, "Triggers": [], "Planner Runtime": 12.721, "Total Runtime": 1040.877, "Unique SQL Id": 2510907716}}, "(64, '39')": {"explain_plan": {"Plan": {"Node Type": "Aggregate", "Strategy": "Plain", "Startup Cost": 88113.56, "Total Cost": 88113.57, "Plan Rows": 1, "Plan Width": 49, "Plans": [{"Node Type": "Hash Join", "Parent Relationship": "Outer", "Join Type": "Inner", "Startup Cost": 28972.69, "Total Cost": 88108.77, "Plan Rows": 1919, "Plan Width": 17, "Inner Unique": true, "Hash Cond": "(mi.info_type_id = it.id)", "Plans": [{"Node Type": "Nested Loop", "Parent Relationship": "Outer", "Join Type": "Inner", "Startup Cost": 28957.33, "Total Cost": 88068.08, "Plan Rows": 1919, "Plan Width": 21, "Inner Unique": false, "Plans": [{"Node Type": "Nested Loop", "Parent Relationship": "Outer", "Join Type": "Inner", "Startup Cost": 28956.82, "Total Cost": 79406.16, "Plan Rows": 1869, "Plan Width": 25, "Inner Unique": true, "Plans": [{"Node Type": "Nested Loop", "Parent Relationship": "Outer", "Join Type": "Inner", "Startup Cost": 28953.13, "Total Cost": 67528.44, "Plan Rows": 1540, "Plan Width": 4, "Inner Unique": false, "Plans": [{"Node Type": "Bitmap Heap Scan", "Parent Relationship": "Outer", "Relation Name": "company_type", "Alias": "ct", "Startup Cost": 8.27, "Total Cost": 12.3, "Plan Rows": 1, "Plan Width": 4, "Filter": "((kind)::text = 'production companies'::text)", "Plans": [{"Node Type": "Bitmap Index Scan", "Parent Relationship": "Outer", "Index Name": "company_type_pkey", "Startup Cost": 0.0, "Total Cost": 8.27, "Plan Rows": 3, "Plan Width": 0}]}, {"Node Type": "Bitmap Heap Scan", "Parent Relationship": "Inner", "Relation Name": "movie_companies", "Alias": "mc", "Startup Cost": 28944.86, "Total Cost": 67500.74, "Plan Rows": 1540, "Plan Width": 8, "Recheck Cond": "(company_type_id = ct.id)", "Filter": "(((note)::text ~~ '%(theatrical)%'::text) AND ((note)::text ~~ '%(France)%'::text))", "Plans": [{"Node Type": "Bitmap Index Scan", "Parent Relationship": "Outer", "Index Name": "company_type_id_movie_companies", "Startup Cost": 0.0, "Total Cost": 28944.48, "Plan Rows": 1304564, "Plan Width": 0, "Index Cond": "(company_type_id = ct.id)"}]}]}, {"Node Type": "Bitmap Heap Scan", "Parent Relationship": "Inner", "Relation Name": "title", "Alias": "t", "Startup Cost": 3.69, "Total Cost": 7.7, "Plan Rows": 1, "Plan Width": 21, "Recheck Cond": "(id = mc.movie_id)", "Filter": "(production_year > 2005)", "Plans": [{"Node Type": "Bitmap Index Scan", "Parent Relationship": "Outer", "Index Name": "title_pkey", "Startup Cost": 0.0, "Total Cost": 3.69, "Plan Rows": 1, "Plan Width": 0, "Index Cond": "(id = mc.movie_id)"}]}]}, {"Node Type": "Bitmap Heap Scan", "Parent Relationship": "Inner", "Relation Name": "movie_info", "Alias": "mi", "Startup Cost": 0.51, "Total Cost": 4.62, "Plan Rows": 1, "Plan Width": 8, "Recheck Cond": "(movie_id = t.id)", "Filter": "((info)::text = ANY ('{Sweden,Norway,Germany,Denmark,Swedish,Denish,Norwegian,German}'::text[]))", "Plans": [{"Node Type": "Bitmap Index Scan", "Parent Relationship": "Outer", "Index Name": "movie_id_movie_info", "Startup Cost": 0.0, "Total Cost": 0.51, "Plan Rows": 5, "Plan Width": 0, "Index Cond": "(movie_id = t.id)"}]}]}, {"Node Type": "Hash", "Parent Relationship": "Inner", "Startup Cost": 13.96, "Total Cost": 13.96, "Plan Rows": 112, "Plan Width": 4, "Plans": [{"Node Type": "Bitmap Heap Scan", "Parent Relationship": "Outer", "Relation Name": "info_type", "Alias": "it", "Startup Cost": 8.84, "Total Cost": 13.96, "Plan Rows": 112, "Plan Width": 4, "Plans": [{"Node Type": "Bitmap Index Scan", "Parent Relationship": "Outer", "Index Name": "info_type_pkey", "Startup Cost": 0.0, "Total Cost": 8.81, "Plan Rows": 112, "Plan Width": 0}]}]}]}]}, "Unique SQL Id": 2510907716, "Planner Runtime": 4}, "explain_analyze_plan": {"Plan": {"Node Type": "Aggregate", "Strategy": "Plain", "Startup Cost": 88113.56, "Total Cost": 88113.57, "Plan Rows": 1, "Plan Width": 49, "Actual Startup Time": 645.057, "Actual Total Time": 645.058, "Actual Rows": 1, "Actual Loops": 1, "Plans": [{"Node Type": "Hash Join", "Parent Relationship": "Outer", "Join Type": "Inner", "Startup Cost": 28972.69, "Total Cost": 88108.77, "Plan Rows": 1919, "Plan Width": 17, "Actual Startup Time": 645.05, "Actual Total Time": 645.05, "Actual Rows": 0, "Actual Loops": 1, "Inner Unique": true, "Hash Cond": "(mi.info_type_id = it.id)", "Plans": [{"Node Type": "Nested Loop", "Parent Relationship": "Outer", "Join Type": "Inner", "Startup Cost": 28957.33, "Total Cost": 88068.08, "Plan Rows": 1919, "Plan Width": 21, "Actual Startup Time": 644.895, "Actual Total Time": 644.895, "Actual Rows": 0, "Actual Loops": 1, "Inner Unique": false, "Plans": [{"Node Type": "Nested Loop", "Parent Relationship": "Outer", "Join Type": "Inner", "Startup Cost": 28956.82, "Total Cost": 79406.16, "Plan Rows": 1869, "Plan Width": 25, "Actual Startup Time": 644.892, "Actual Total Time": 644.892, "Actual Rows": 0, "Actual Loops": 1, "Inner Unique": true, "Plans": [{"Node Type": "Nested Loop", "Parent Relationship": "Outer", "Join Type": "Inner", "Startup Cost": 28953.13, "Total Cost": 67528.44, "Plan Rows": 1540, "Plan Width": 4, "Actual Startup Time": 644.89, "Actual Total Time": 644.89, "Actual Rows": 0, "Actual Loops": 1, "Inner Unique": false, "Plans": [{"Node Type": "Bitmap Heap Scan", "Parent Relationship": "Outer", "Relation Name": "company_type", "Alias": "ct", "Startup Cost": 8.27, "Total Cost": 12.3, "Plan Rows": 1, "Plan Width": 4, "Actual Startup Time": 0.012, "Actual Total Time": 0.019, "Actual Rows": 1, "Actual Loops": 1, "Filter": "((kind)::text = 'production companies'::text)", "Rows Removed by Filter": 2, "Exact Heap Blocks": 1, "Lossy Heap Blocks": 1, "Plans": [{"Node Type": "Bitmap Index Scan", "Parent Relationship": "Outer", "Index Name": "company_type_pkey", "Startup Cost": 0.0, "Total Cost": 8.27, "Plan Rows": 3, "Plan Width": 0, "Actual Startup Time": 0.002, "Actual Total Time": 0.002, "Actual Rows": 3, "Actual Loops": 1}]}, {"Node Type": "Bitmap Heap Scan", "Parent Relationship": "Inner", "Relation Name": "movie_companies", "Alias": "mc", "Startup Cost": 28944.86, "Total Cost": 67500.74, "Plan Rows": 1540, "Plan Width": 8, "Actual Startup Time": 644.864, "Actual Total Time": 644.864, "Actual Rows": 0, "Actual Loops": 1, "Recheck Cond": "(company_type_id = ct.id)", "Rows Removed by Index Recheck": 0, "Filter": "(((note)::text ~~ '%(theatrical)%'::text) AND ((note)::text ~~ '%(France)%'::text))", "Rows Removed by Filter": 1334883, "Exact Heap Blocks": 6196, "Lossy Heap Blocks": 6196, "Plans": [{"Node Type": "Bitmap Index Scan", "Parent Relationship": "Outer", "Index Name": "company_type_id_movie_companies", "Startup Cost": 0.0, "Total Cost": 28944.48, "Plan Rows": 1304564, "Plan Width": 0, "Actual Startup Time": 156.658, "Actual Total Time": 156.658, "Actual Rows": 1334883, "Actual Loops": 1, "Index Cond": "(company_type_id = ct.id)"}]}]}, {"Node Type": "Bitmap Heap Scan", "Parent Relationship": "Inner", "Relation Name": "title", "Alias": "t", "Startup Cost": 3.69, "Total Cost": 7.7, "Plan Rows": 1, "Plan Width": 21, "Actual Startup Time": 0.0, "Actual Total Time": 0.0, "Recheck Cond": "(id = mc.movie_id)", "Rows Removed by Index Recheck": 0, "Filter": "(production_year > 2005)", "Rows Removed by Filter": 0, "Exact Heap Blocks": 0, "Lossy Heap Blocks": 0, "Plans": [{"Node Type": "Bitmap Index Scan", "Parent Relationship": "Outer", "Index Name": "title_pkey", "Startup Cost": 0.0, "Total Cost": 3.69, "Plan Rows": 1, "Plan Width": 0, "Actual Startup Time": 0.0, "Actual Total Time": 0.0, "Index Cond": "(id = mc.movie_id)"}]}]}, {"Node Type": "Bitmap Heap Scan", "Parent Relationship": "Inner", "Relation Name": "movie_info", "Alias": "mi", "Startup Cost": 0.51, "Total Cost": 4.62, "Plan Rows": 1, "Plan Width": 8, "Actual Startup Time": 0.0, "Actual Total Time": 0.0, "Recheck Cond": "(movie_id = t.id)", "Rows Removed by Index Recheck": 0, "Filter": "((info)::text = ANY ('{Sweden,Norway,Germany,Denmark,Swedish,Denish,Norwegian,German}'::text[]))", "Rows Removed by Filter": 0, "Exact Heap Blocks": 0, "Lossy Heap Blocks": 0, "Plans": [{"Node Type": "Bitmap Index Scan", "Parent Relationship": "Outer", "Index Name": "movie_id_movie_info", "Startup Cost": 0.0, "Total Cost": 0.51, "Plan Rows": 5, "Plan Width": 0, "Actual Startup Time": 0.0, "Actual Total Time": 0.0, "Index Cond": "(movie_id = t.id)"}]}]}, {"Node Type": "Hash", "Parent Relationship": "Inner", "Startup Cost": 13.96, "Total Cost": 13.96, "Plan Rows": 112, "Plan Width": 4, "Actual Startup Time": 0.112, "Actual Total Time": 0.112, "Actual Rows": 112, "Actual Loops": 1, "Hash Buckets": 32768, "Hash Batches": 1, "Original Hash Batches": 1, "Peak Memory Usage": 4, "Plans": [{"Node Type": "Bitmap Heap Scan", "Parent Relationship": "Outer", "Relation Name": "info_type", "Alias": "it", "Startup Cost": 8.84, "Total Cost": 13.96, "Plan Rows": 112, "Plan Width": 4, "Actual Startup Time": 0.055, "Actual Total Time": 0.075, "Actual Rows": 112, "Actual Loops": 1, "Exact Heap Blocks": 1, "Lossy Heap Blocks": 1, "Plans": [{"Node Type": "Bitmap Index Scan", "Parent Relationship": "Outer", "Index Name": "info_type_pkey", "Startup Cost": 0.0, "Total Cost": 8.81, "Plan Rows": 112, "Plan Width": 0, "Actual Startup Time": 0.014, "Actual Total Time": 0.014, "Actual Rows": 112, "Actual Loops": 1}]}]}]}]}, "Triggers": [], "Planner Runtime": 8.109, "Total Runtime": 645.411, "Unique SQL Id": 2510907716}}, "(64, '40')": {"explain_plan": {"Plan": {"Node Type": "Aggregate", "Strategy": "Plain", "Startup Cost": 69341.41, "Total Cost": 69341.42, "Plan Rows": 1, "Plan Width": 49, "Plans": [{"Node Type": "Nested Loop", "Parent Relationship": "Outer", "Join Type": "Inner", "Startup Cost": 0.0, "Total Cost": 69336.61, "Plan Rows": 1919, "Plan Width": 17, "Inner Unique": true, "Plans": [{"Node Type": "Nested Loop", "Parent Relationship": "Outer", "Join Type": "Inner", "Startup Cost": 0.0, "Total Cost": 68799.18, "Plan Rows": 1919, "Plan Width": 21, "Inner Unique": false, "Plans": [{"Node Type": "Nested Loop", "Parent Relationship": "Outer", "Join Type": "Inner", "Startup Cost": 0.0, "Total Cost": 66519.89, "Plan Rows": 1869, "Plan Width": 25, "Inner Unique": true, "Plans": [{"Node Type": "Nested Loop", "Parent Relationship": "Outer", "Join Type": "Inner", "Startup Cost": 0.0, "Total Cost": 54902.47, "Plan Rows": 1540, "Plan Width": 4, "Inner Unique": false, "Join Filter": "(ct.id = mc.company_type_id)", "Plans": [{"Node Type": "Seq Scan", "Parent Relationship": "Outer", "Relation Name": "company_type", "Alias": "ct", "Startup Cost": 0.0, "Total Cost": 1.04, "Plan Rows": 1, "Plan Width": 4, "Filter": "((kind)::text = 'production companies'::text)"}, {"Node Type": "Seq Scan", "Parent Relationship": "Inner", "Relation Name": "movie_companies", "Alias": "mc", "Startup Cost": 0.0, "Total Cost": 54862.92, "Plan Rows": 3081, "Plan Width": 8, "Filter": "(((note)::text ~~ '%(theatrical)%'::text) AND ((note)::text ~~ '%(France)%'::text))"}]}, {"Node Type": "Index Scan", "Parent Relationship": "Inner", "Scan Direction": "Forward", "Index Name": "title_pkey", "Relation Name": "title", "Alias": "t", "Startup Cost": 0.0, "Total Cost": 7.53, "Plan Rows": 1, "Plan Width": 21, "Index Cond": "(id = mc.movie_id)", "Filter": "(production_year > 2005)"}]}, {"Node Type": "Index Scan", "Parent Relationship": "Inner", "Scan Direction": "Forward", "Index Name": "movie_id_movie_info", "Relation Name": "movie_info", "Alias": "mi", "Startup Cost": 0.0, "Total Cost": 1.21, "Plan Rows": 1, "Plan Width": 8, "Index Cond": "(movie_id = t.id)", "Filter": "((info)::text = ANY ('{Sweden,Norway,Germany,Denmark,Swedish,Denish,Norwegian,German}'::text[]))"}]}, {"Node Type": "Index Only Scan", "Parent Relationship": "Inner", "Scan Direction": "Forward", "Index Name": "info_type_pkey", "Relation Name": "info_type", "Alias": "it", "Startup Cost": 0.0, "Total Cost": 0.27, "Plan Rows": 1, "Plan Width": 4, "Index Cond": "(id = mi.info_type_id)"}]}]}, "Unique SQL Id": 2510907716, "Planner Runtime": 7}, "explain_analyze_plan": {"Plan": {"Node Type": "Aggregate", "Strategy": "Plain", "Startup Cost": 69341.41, "Total Cost": 69341.42, "Plan Rows": 1, "Plan Width": 49, "Actual Startup Time": 1038.715, "Actual Total Time": 1038.716, "Actual Rows": 1, "Actual Loops": 1, "Plans": [{"Node Type": "Nested Loop", "Parent Relationship": "Outer", "Join Type": "Inner", "Startup Cost": 0.0, "Total Cost": 69336.61, "Plan Rows": 1919, "Plan Width": 17, "Actual Startup Time": 1038.706, "Actual Total Time": 1038.706, "Actual Rows": 0, "Actual Loops": 1, "Inner Unique": true, "Plans": [{"Node Type": "Nested Loop", "Parent Relationship": "Outer", "Join Type": "Inner", "Startup Cost": 0.0, "Total Cost": 68799.18, "Plan Rows": 1919, "Plan Width": 21, "Actual Startup Time": 1038.704, "Actual Total Time": 1038.704, "Actual Rows": 0, "Actual Loops": 1, "Inner Unique": false, "Plans": [{"Node Type": "Nested Loop", "Parent Relationship": "Outer", "Join Type": "Inner", "Startup Cost": 0.0, "Total Cost": 66519.89, "Plan Rows": 1869, "Plan Width": 25, "Actual Startup Time": 1038.703, "Actual Total Time": 1038.703, "Actual Rows": 0, "Actual Loops": 1, "Inner Unique": true, "Plans": [{"Node Type": "Nested Loop", "Parent Relationship": "Outer", "Join Type": "Inner", "Startup Cost": 0.0, "Total Cost": 54902.47, "Plan Rows": 1540, "Plan Width": 4, "Actual Startup Time": 1038.702, "Actual Total Time": 1038.702, "Actual Rows": 0, "Actual Loops": 1, "Inner Unique": false, "Join Filter": "(ct.id = mc.company_type_id)", "Rows Removed by Join Filter": 24025, "Plans": [{"Node Type": "Seq Scan", "Parent Relationship": "Outer", "Relation Name": "company_type", "Alias": "ct", "Startup Cost": 0.0, "Total Cost": 1.04, "Plan Rows": 1, "Plan Width": 4, "Actual Startup Time": 0.022, "Actual Total Time": 0.025, "Actual Rows": 1, "Actual Loops": 1, "Filter": "((kind)::text = 'production companies'::text)", "Rows Removed by Filter": 2}, {"Node Type": "Seq Scan", "Parent Relationship": "Inner", "Relation Name": "movie_companies", "Alias": "mc", "Startup Cost": 0.0, "Total Cost": 54862.92, "Plan Rows": 3081, "Plan Width": 8, "Actual Startup Time": 8.799, "Actual Total Time": 1033.327, "Actual Rows": 24025, "Actual Loops": 1, "Filter": "(((note)::text ~~ '%(theatrical)%'::text) AND ((note)::text ~~ '%(France)%'::text))", "Rows Removed by Filter": 2585103}]}, {"Node Type": "Index Scan", "Parent Relationship": "Inner", "Scan Direction": "Forward", "Index Name": "title_pkey", "Relation Name": "title", "Alias": "t", "Startup Cost": 0.0, "Total Cost": 7.53, "Plan Rows": 1, "Plan Width": 21, "Actual Startup Time": 0.0, "Actual Total Time": 0.0, "Index Cond": "(id = mc.movie_id)", "Rows Removed by Index Recheck": 0, "Filter": "(production_year > 2005)", "Rows Removed by Filter": 0}]}, {"Node Type": "Index Scan", "Parent Relationship": "Inner", "Scan Direction": "Forward", "Index Name": "movie_id_movie_info", "Relation Name": "movie_info", "Alias": "mi", "Startup Cost": 0.0, "Total Cost": 1.21, "Plan Rows": 1, "Plan Width": 8, "Actual Startup Time": 0.0, "Actual Total Time": 0.0, "Index Cond": "(movie_id = t.id)", "Rows Removed by Index Recheck": 0, "Filter": "((info)::text = ANY ('{Sweden,Norway,Germany,Denmark,Swedish,Denish,Norwegian,German}'::text[]))", "Rows Removed by Filter": 0}]}, {"Node Type": "Index Only Scan", "Parent Relationship": "Inner", "Scan Direction": "Forward", "Index Name": "info_type_pkey", "Relation Name": "info_type", "Alias": "it", "Startup Cost": 0.0, "Total Cost": 0.27, "Plan Rows": 1, "Plan Width": 4, "Actual Startup Time": 0.0, "Actual Total Time": 0.0, "Index Cond": "(id = mi.info_type_id)", "Rows Removed by Index Recheck": 0, "Heap Fetches": 0}]}]}, "Triggers": [], "Planner Runtime": 11.067, "Total Runtime": 1038.954, "Unique SQL Id": 2510907716}}, "(64, '41')": {"explain_plan": {"Plan": {"Node Type": "Aggregate", "Strategy": "Plain", "Startup Cost": 74106.99, "Total Cost": 74107.0, "Plan Rows": 1, "Plan Width": 49, "Plans": [{"Node Type": "Nested Loop", "Parent Relationship": "Outer", "Join Type": "Inner", "Startup Cost": 0.0, "Total Cost": 74102.19, "Plan Rows": 1919, "Plan Width": 17, "Inner Unique": true, "Plans": [{"Node Type": "Nested Loop", "Parent Relationship": "Outer", "Join Type": "Inner", "Startup Cost": 0.0, "Total Cost": 73564.77, "Plan Rows": 1919, "Plan Width": 21, "Inner Unique": false, "Plans": [{"Node Type": "Nested Loop", "Parent Relationship": "Outer", "Join Type": "Inner", "Startup Cost": 0.0, "Total Cost": 71285.47, "Plan Rows": 1869, "Plan Width": 25, "Inner Unique": true, "Plans": [{"Node Type": "Nested Loop", "Parent Relationship": "Outer", "Join Type": "Inner", "Startup Cost": 0.0, "Total Cost": 59668.05, "Plan Rows": 1540, "Plan Width": 4, "Inner Unique": false, "Plans": [{"Node Type": "Index Scan", "Parent Relationship": "Outer", "Scan Direction": "Forward", "Index Name": "company_type_pkey", "Relation Name": "company_type", "Alias": "ct", "Startup Cost": 0.0, "Total Cost": 12.3, "Plan Rows": 1, "Plan Width": 4, "Filter": "((kind)::text = 'production companies'::text)"}, {"Node Type": "Index Scan", "Parent Relationship": "Inner", "Scan Direction": "Forward", "Index Name": "company_type_id_movie_companies", "Relation Name": "movie_companies", "Alias": "mc", "Startup Cost": 0.0, "Total Cost": 59640.35, "Plan Rows": 1540, "Plan Width": 8, "Index Cond": "(company_type_id = ct.id)", "Filter": "(((note)::text ~~ '%(theatrical)%'::text) AND ((note)::text ~~ '%(France)%'::text))"}]}, {"Node Type": "Index Scan", "Parent Relationship": "Inner", "Scan Direction": "Forward", "Index Name": "title_pkey", "Relation Name": "title", "Alias": "t", "Startup Cost": 0.0, "Total Cost": 7.53, "Plan Rows": 1, "Plan Width": 21, "Index Cond": "(id = mc.movie_id)", "Filter": "(production_year > 2005)"}]}, {"Node Type": "Index Scan", "Parent Relationship": "Inner", "Scan Direction": "Forward", "Index Name": "movie_id_movie_info", "Relation Name": "movie_info", "Alias": "mi", "Startup Cost": 0.0, "Total Cost": 1.21, "Plan Rows": 1, "Plan Width": 8, "Index Cond": "(movie_id = t.id)", "Filter": "((info)::text = ANY ('{Sweden,Norway,Germany,Denmark,Swedish,Denish,Norwegian,German}'::text[]))"}]}, {"Node Type": "Index Only Scan", "Parent Relationship": "Inner", "Scan Direction": "Forward", "Index Name": "info_type_pkey", "Relation Name": "info_type", "Alias": "it", "Startup Cost": 0.0, "Total Cost": 0.27, "Plan Rows": 1, "Plan Width": 4, "Index Cond": "(id = mi.info_type_id)"}]}]}, "Unique SQL Id": 2510907716, "Planner Runtime": 4}, "explain_analyze_plan": {"Plan": {"Node Type": "Aggregate", "Strategy": "Plain", "Startup Cost": 74106.99, "Total Cost": 74107.0, "Plan Rows": 1, "Plan Width": 49, "Actual Startup Time": 629.666, "Actual Total Time": 629.667, "Actual Rows": 1, "Actual Loops": 1, "Plans": [{"Node Type": "Nested Loop", "Parent Relationship": "Outer", "Join Type": "Inner", "Startup Cost": 0.0, "Total Cost": 74102.19, "Plan Rows": 1919, "Plan Width": 17, "Actual Startup Time": 629.656, "Actual Total Time": 629.656, "Actual Rows": 0, "Actual Loops": 1, "Inner Unique": true, "Plans": [{"Node Type": "Nested Loop", "Parent Relationship": "Outer", "Join Type": "Inner", "Startup Cost": 0.0, "Total Cost": 73564.77, "Plan Rows": 1919, "Plan Width": 21, "Actual Startup Time": 629.655, "Actual Total Time": 629.655, "Actual Rows": 0, "Actual Loops": 1, "Inner Unique": false, "Plans": [{"Node Type": "Nested Loop", "Parent Relationship": "Outer", "Join Type": "Inner", "Startup Cost": 0.0, "Total Cost": 71285.47, "Plan Rows": 1869, "Plan Width": 25, "Actual Startup Time": 629.655, "Actual Total Time": 629.655, "Actual Rows": 0, "Actual Loops": 1, "Inner Unique": true, "Plans": [{"Node Type": "Nested Loop", "Parent Relationship": "Outer", "Join Type": "Inner", "Startup Cost": 0.0, "Total Cost": 59668.05, "Plan Rows": 1540, "Plan Width": 4, "Actual Startup Time": 629.654, "Actual Total Time": 629.654, "Actual Rows": 0, "Actual Loops": 1, "Inner Unique": false, "Plans": [{"Node Type": "Index Scan", "Parent Relationship": "Outer", "Scan Direction": "Forward", "Index Name": "company_type_pkey", "Relation Name": "company_type", "Alias": "ct", "Startup Cost": 0.0, "Total Cost": 12.3, "Plan Rows": 1, "Plan Width": 4, "Actual Startup Time": 0.022, "Actual Total Time": 0.03, "Actual Rows": 1, "Actual Loops": 1, "Filter": "((kind)::text = 'production companies'::text)", "Rows Removed by Filter": 2}, {"Node Type": "Index Scan", "Parent Relationship": "Inner", "Scan Direction": "Forward", "Index Name": "company_type_id_movie_companies", "Relation Name": "movie_companies", "Alias": "mc", "Startup Cost": 0.0, "Total Cost": 59640.35, "Plan Rows": 1540, "Plan Width": 8, "Actual Startup Time": 629.618, "Actual Total Time": 629.618, "Actual Rows": 0, "Actual Loops": 1, "Index Cond": "(company_type_id = ct.id)", "Rows Removed by Index Recheck": 0, "Filter": "(((note)::text ~~ '%(theatrical)%'::text) AND ((note)::text ~~ '%(France)%'::text))", "Rows Removed by Filter": 1334883}]}, {"Node Type": "Index Scan", "Parent Relationship": "Inner", "Scan Direction": "Forward", "Index Name": "title_pkey", "Relation Name": "title", "Alias": "t", "Startup Cost": 0.0, "Total Cost": 7.53, "Plan Rows": 1, "Plan Width": 21, "Actual Startup Time": 0.0, "Actual Total Time": 0.0, "Index Cond": "(id = mc.movie_id)", "Rows Removed by Index Recheck": 0, "Filter": "(production_year > 2005)", "Rows Removed by Filter": 0}]}, {"Node Type": "Index Scan", "Parent Relationship": "Inner", "Scan Direction": "Forward", "Index Name": "movie_id_movie_info", "Relation Name": "movie_info", "Alias": "mi", "Startup Cost": 0.0, "Total Cost": 1.21, "Plan Rows": 1, "Plan Width": 8, "Actual Startup Time": 0.0, "Actual Total Time": 0.0, "Index Cond": "(movie_id = t.id)", "Rows Removed by Index Recheck": 0, "Filter": "((info)::text = ANY ('{Sweden,Norway,Germany,Denmark,Swedish,Denish,Norwegian,German}'::text[]))", "Rows Removed by Filter": 0}]}, {"Node Type": "Index Only Scan", "Parent Relationship": "Inner", "Scan Direction": "Forward", "Index Name": "info_type_pkey", "Relation Name": "info_type", "Alias": "it", "Startup Cost": 0.0, "Total Cost": 0.27, "Plan Rows": 1, "Plan Width": 4, "Actual Startup Time": 0.0, "Actual Total Time": 0.0, "Index Cond": "(id = mi.info_type_id)", "Rows Removed by Index Recheck": 0, "Heap Fetches": 0}]}]}, "Triggers": [], "Planner Runtime": 8.174, "Total Runtime": 629.914, "Unique SQL Id": 2510907716}}, "(64, '42')": {"explain_plan": {"Plan": {"Node Type": "Aggregate", "Strategy": "Plain", "Startup Cost": 221589.16, "Total Cost": 221589.17, "Plan Rows": 1, "Plan Width": 49, "Plans": [{"Node Type": "Hash Join", "Parent Relationship": "Outer", "Join Type": "Inner", "Startup Cost": 148141.72, "Total Cost": 221584.36, "Plan Rows": 1919, "Plan Width": 17, "Inner Unique": true, "Hash Cond": "(mi.info_type_id = it.id)", "Plans": [{"Node Type": "Hash Join", "Parent Relationship": "Outer", "Join Type": "Inner", "Startup Cost": 148138.2, "Total Cost": 221554.45, "Plan Rows": 1919, "Plan Width": 21, "Inner Unique": false, "Hash Cond": "(mi.movie_id = t.id)", "Plans": [{"Node Type": "Streaming(type: LOCAL GATHER dop: 1/64)", "Parent Relationship": "Outer", "Startup Cost": 0.0, "Total Cost": 72882.54, "Plan Rows": 141478, "Plan Width": 8, "Plans": [{"Node Type": "Seq Scan", "Parent Relationship": "Outer", "Relation Name": "movie_info", "Alias": "mi", "Startup Cost": 0.0, "Total Cost": 69963.86, "Plan Rows": 141478, "Plan Width": 8, "Filter": "((info)::text = ANY ('{Sweden,Norway,Germany,Denmark,Swedish,Denish,Norwegian,German}'::text[]))"}]}, {"Node Type": "Hash", "Parent Relationship": "Inner", "Startup Cost": 148114.84, "Total Cost": 148114.84, "Plan Rows": 1869, "Plan Width": 25, "Plans": [{"Node Type": "Hash Join", "Parent Relationship": "Outer", "Join Type": "Inner", "Startup Cost": 54921.72, "Total Cost": 148114.84, "Plan Rows": 1869, "Plan Width": 25, "Inner Unique": false, "Hash Cond": "(t.id = mc.movie_id)", "Plans": [{"Node Type": "Streaming(type: LOCAL GATHER dop: 1/64)", "Parent Relationship": "Outer", "Startup Cost": 0.0, "Total Cost": 84945.56, "Plan Rows": 1013492, "Plan Width": 21, "Plans": [{"Node Type": "Seq Scan", "Parent Relationship": "Outer", "Relation Name": "title", "Alias": "t", "Startup Cost": 0.0, "Total Cost": 64037.34, "Plan Rows": 1013492, "Plan Width": 21, "Filter": "(production_year > 2005), (LLVM Optimized)"}]}, {"Node Type": "Hash", "Parent Relationship": "Inner", "Startup Cost": 54902.47, "Total Cost": 54902.47, "Plan Rows": 1540, "Plan Width": 4, "Plans": [{"Node Type": "Nested Loop", "Parent Relationship": "Outer", "Join Type": "Inner", "Startup Cost": 0.0, "Total Cost": 54902.47, "Plan Rows": 1540, "Plan Width": 4, "Inner Unique": false, "Join Filter": "(ct.id = mc.company_type_id)", "Plans": [{"Node Type": "Seq Scan", "Parent Relationship": "Outer", "Relation Name": "company_type", "Alias": "ct", "Startup Cost": 0.0, "Total Cost": 1.04, "Plan Rows": 1, "Plan Width": 4, "Filter": "((kind)::text = 'production companies'::text)"}, {"Node Type": "Seq Scan", "Parent Relationship": "Inner", "Relation Name": "movie_companies", "Alias": "mc", "Startup Cost": 0.0, "Total Cost": 54862.92, "Plan Rows": 3081, "Plan Width": 8, "Filter": "(((note)::text ~~ '%(theatrical)%'::text) AND ((note)::text ~~ '%(France)%'::text))"}]}]}]}]}]}, {"Node Type": "Hash", "Parent Relationship": "Inner", "Startup Cost": 2.12, "Total Cost": 2.12, "Plan Rows": 112, "Plan Width": 4, "Plans": [{"Node Type": "Seq Scan", "Parent Relationship": "Outer", "Relation Name": "info_type", "Alias": "it", "Startup Cost": 0.0, "Total Cost": 2.12, "Plan Rows": 112, "Plan Width": 4}]}]}]}, "Unique SQL Id": 2510907716, "Planner Runtime": 14}, "explain_analyze_plan": {"Plan": {"Node Type": "Aggregate", "Strategy": "Plain", "Startup Cost": 221589.16, "Total Cost": 221589.17, "Plan Rows": 1, "Plan Width": 49, "Actual Min Startup Time": 1060.425, "Actual Max Startup Time": 1060.425, "Actual Min Total Time": 1060.425, "Actual Max Total Time": 1060.425, "Plans": [{"Node Type": "Hash Join", "Parent Relationship": "Outer", "Join Type": "Inner", "Startup Cost": 148141.72, "Total Cost": 221584.36, "Plan Rows": 1919, "Plan Width": 17, "Actual Min Startup Time": 1060.414, "Actual Max Startup Time": 1060.414, "Actual Min Total Time": 1060.414, "Actual Max Total Time": 1060.414, "Inner Unique": true, "Hash Cond": "(mi.info_type_id = it.id)", "Plans": [{"Node Type": "Hash Join", "Parent Relationship": "Outer", "Join Type": "Inner", "Startup Cost": 148138.2, "Total Cost": 221554.45, "Plan Rows": 1919, "Plan Width": 21, "Actual Min Startup Time": 1059.742, "Actual Max Startup Time": 1059.742, "Actual Min Total Time": 1059.742, "Actual Max Total Time": 1059.742, "Inner Unique": false, "Hash Cond": "(mi.movie_id = t.id)", "Plans": [{"Node Type": "Streaming(type: LOCAL GATHER dop: 1/64)", "Parent Relationship": "Outer", "Startup Cost": 0.0, "Total Cost": 72882.54, "Plan Rows": 141478, "Plan Width": 8, "Actual Startup Time": 0.0, "Actual Total Time": 0.0, "Plans": [{"Node Type": "Seq Scan", "Parent Relationship": "Outer", "Relation Name": "movie_info", "Alias": "mi", "Startup Cost": 0.0, "Total Cost": 69963.86, "Plan Rows": 141478, "Plan Width": 8, "Actual Min Startup Time": 0.041, "Actual Max Startup Time": 6.164, "Actual Min Total Time": 0.086, "Actual Max Total Time": 127.727, "Filter": "((info)::text = ANY ('{Sweden,Norway,Germany,Denmark,Swedish,Denish,Norwegian,German}'::text[]))", "Rows Removed by Filter": 2642135, "Actual Rows": 6429}]}, {"Node Type": "Hash", "Parent Relationship": "Inner", "Startup Cost": 148114.84, "Total Cost": 148114.84, "Plan Rows": 1869, "Plan Width": 25, "Actual Min Startup Time": 1059.401, "Actual Max Startup Time": 1059.401, "Actual Min Total Time": 1059.401, "Actual Max Total Time": 1059.401, "Max Hash Buckets": 32768, "Min Hash Buckets": 32768, "Max Hash Batches": 1, "Min Hash Batches": 1, "Max Original Hash Batches": 1, "Min Original Hash Batches": 1, "Max Peak Memory Usage": 0, "min Peak Memory Usage": 0, "Plans": [{"Node Type": "Hash Join", "Parent Relationship": "Outer", "Join Type": "Inner", "Startup Cost": 54921.72, "Total Cost": 148114.84, "Plan Rows": 1869, "Plan Width": 25, "Actual Min Startup Time": 1059.398, "Actual Max Startup Time": 1059.398, "Actual Min Total Time": 1059.398, "Actual Max Total Time": 1059.398, "Inner Unique": false, "Hash Cond": "(t.id = mc.movie_id)", "Plans": [{"Node Type": "Streaming(type: LOCAL GATHER dop: 1/64)", "Parent Relationship": "Outer", "Startup Cost": 0.0, "Total Cost": 84945.56, "Plan Rows": 1013492, "Plan Width": 21, "Actual Startup Time": 0.0, "Actual Total Time": 0.0, "Plans": [{"Node Type": "Seq Scan", "Parent Relationship": "Outer", "Relation Name": "title", "Alias": "t", "Startup Cost": 0.0, "Total Cost": 64037.34, "Plan Rows": 1013492, "Plan Width": 21, "Actual Min Startup Time": 0.026, "Actual Max Startup Time": 0.057, "Actual Min Total Time": 0.1, "Actual Max Total Time": 0.148, "Filter": "(production_year > 2005), (LLVM Optimized, Jit Execute)", "Rows Removed by Filter": 8012, "Actual Rows": 6464}]}, {"Node Type": "Hash", "Parent Relationship": "Inner", "Startup Cost": 54902.47, "Total Cost": 54902.47, "Plan Rows": 1540, "Plan Width": 4, "Actual Min Startup Time": 1059.141, "Actual Max Startup Time": 1059.141, "Actual Min Total Time": 1059.141, "Actual Max Total Time": 1059.141, "Max Hash Buckets": 32768, "Min Hash Buckets": 32768, "Max Hash Batches": 1, "Min Hash Batches": 1, "Max Original Hash Batches": 1, "Min Original Hash Batches": 1, "Max Peak Memory Usage": 0, "min Peak Memory Usage": 0, "Plans": [{"Node Type": "Nested Loop", "Parent Relationship": "Outer", "Join Type": "Inner", "Startup Cost": 0.0, "Total Cost": 54902.47, "Plan Rows": 1540, "Plan Width": 4, "Actual Min Startup Time": 1059.137, "Actual Max Startup Time": 1059.137, "Actual Min Total Time": 1059.137, "Actual Max Total Time": 1059.137, "Inner Unique": false, "Join Filter": "(ct.id = mc.company_type_id)", "Rows Removed by Join Filter": 24025, "Plans": [{"Node Type": "Seq Scan", "Parent Relationship": "Outer", "Relation Name": "company_type", "Alias": "ct", "Startup Cost": 0.0, "Total Cost": 1.04, "Plan Rows": 1, "Plan Width": 4, "Actual Min Startup Time": 0.027, "Actual Max Startup Time": 0.027, "Actual Min Total Time": 0.034, "Actual Max Total Time": 0.034, "Filter": "((kind)::text = 'production companies'::text)", "Rows Removed by Filter": 2, "Actual Rows": 1}, {"Node Type": "Seq Scan", "Parent Relationship": "Inner", "Relation Name": "movie_companies", "Alias": "mc", "Startup Cost": 0.0, "Total Cost": 54862.92, "Plan Rows": 3081, "Plan Width": 8, "Actual Min Startup Time": 9.036, "Actual Max Startup Time": 9.036, "Actual Min Total Time": 1053.506, "Actual Max Total Time": 1053.506, "Filter": "(((note)::text ~~ '%(theatrical)%'::text) AND ((note)::text ~~ '%(France)%'::text))", "Rows Removed by Filter": 2585103, "Actual Rows": 24025}], "Actual Rows": 0}], "Actual Rows": 0}], "Actual Rows": 0}], "Actual Rows": 0}], "Actual Rows": 0}, {"Node Type": "Hash", "Parent Relationship": "Inner", "Startup Cost": 2.12, "Total Cost": 2.12, "Plan Rows": 112, "Plan Width": 4, "Actual Min Startup Time": 0.136, "Actual Max Startup Time": 0.136, "Actual Min Total Time": 0.136, "Actual Max Total Time": 0.136, "Max Hash Buckets": 32768, "Min Hash Buckets": 32768, "Max Hash Batches": 1, "Min Hash Batches": 1, "Max Original Hash Batches": 1, "Min Original Hash Batches": 1, "Max Peak Memory Usage": 4, "min Peak Memory Usage": 4, "Plans": [{"Node Type": "Seq Scan", "Parent Relationship": "Outer", "Relation Name": "info_type", "Alias": "it", "Startup Cost": 0.0, "Total Cost": 2.12, "Plan Rows": 112, "Plan Width": 4, "Actual Min Startup Time": 0.062, "Actual Max Startup Time": 0.062, "Actual Min Total Time": 0.084, "Actual Max Total Time": 0.084, "Actual Rows": 112}], "Actual Rows": 112}], "Actual Rows": 0}], "Actual Rows": 1}, "Triggers": [], "Planner Runtime": 17.641, "Total Runtime": 1095.014, "Unique SQL Id": 2510907716}}, "(64, '43')": {"explain_plan": {"Plan": {"Node Type": "Aggregate", "Strategy": "Plain", "Startup Cost": 5000171402236.96, "Total Cost": 5000171402236.97, "Plan Rows": 1, "Plan Width": 49, "Plans": [{"Node Type": "Nested Loop", "Parent Relationship": "Outer", "Join Type": "Inner", "Startup Cost": 50000000000.0, "Total Cost": 5000171402232.16, "Plan Rows": 1919, "Plan Width": 17, "Inner Unique": true, "Join Filter": "(mi.info_type_id = it.id)", "Plans": [{"Node Type": "Nested Loop", "Parent Relationship": "Outer", "Join Type": "Inner", "Startup Cost": 40000000000.0, "Total Cost": 4000171398014.96, "Plan Rows": 1919, "Plan Width": 21, "Inner Unique": true, "Join Filter": "(mi.movie_id = t.id)", "Plans": [{"Node Type": "Nested Loop", "Parent Relationship": "Outer", "Join Type": "Inner", "Startup Cost": 30000000000.0, "Total Cost": 3000135716391.79, "Plan Rows": 1581, "Plan Width": 12, "Inner Unique": true, "Join Filter": "(mc.company_type_id = ct.id)", "Plans": [{"Node Type": "Nested Loop", "Parent Relationship": "Outer", "Join Type": "Inner", "Startup Cost": 20000000000.0, "Total Cost": 2000135715114.09, "Plan Rows": 3163, "Plan Width": 16, "Inner Unique": false, "Join Filter": "(mc.movie_id = mi.movie_id)", "Plans": [{"Node Type": "Index Scan", "Parent Relationship": "Outer", "Scan Direction": "Forward", "Index Name": "info_type_id_movie_info", "Relation Name": "movie_info", "Alias": "mi", "Startup Cost": 10000000000.0, "Total Cost": 1000118553919.62, "Plan Rows": 141478, "Plan Width": 8, "Filter": "((info)::text = ANY ('{Sweden,Norway,Germany,Denmark,Swedish,Denish,Norwegian,German}'::text[]))"}, {"Node Type": "Materialize", "Parent Relationship": "Inner", "Startup Cost": 10000000000.0, "Total Cost": 1000010622796.41, "Plan Rows": 3081, "Plan Width": 8, "Plans": [{"Node Type": "Index Scan", "Parent Relationship": "Outer", "Scan Direction": "Forward", "Index Name": "company_type_id_movie_companies", "Relation Name": "movie_companies", "Alias": "mc", "Startup Cost": 10000000000.0, "Total Cost": 1000010622781.0, "Plan Rows": 3081, "Plan Width": 8, "Filter": "(((note)::text ~~ '%(theatrical)%'::text) AND ((note)::text ~~ '%(France)%'::text))"}]}]}, {"Node Type": "Materialize", "Parent Relationship": "Inner", "Startup Cost": 10000000000.0, "Total Cost": 1000000001230.26, "Plan Rows": 1, "Plan Width": 4, "Plans": [{"Node Type": "Index Scan", "Parent Relationship": "Outer", "Scan Direction": "Forward", "Index Name": "company_type_pkey", "Relation Name": "company_type", "Alias": "ct", "Startup Cost": 10000000000.0, "Total Cost": 1000000001230.25, "Plan Rows": 1, "Plan Width": 4, "Filter": "((kind)::text = 'production companies'::text)"}]}]}, {"Node Type": "Materialize", "Parent Relationship": "Inner", "Startup Cost": 10000000000.0, "Total Cost": 1000011649194.12, "Plan Rows": 1013492, "Plan Width": 21, "Plans": [{"Node Type": "Index Scan", "Parent Relationship": "Outer", "Scan Direction": "Forward", "Index Name": "title_pkey", "Relation Name": "title", "Alias": "t", "Startup Cost": 10000000000.0, "Total Cost": 1000011644126.66, "Plan Rows": 1013492, "Plan Width": 21, "Filter": "(production_year > 2005), (LLVM Optimized)"}]}]}, {"Node Type": "Materialize", "Parent Relationship": "Inner", "Startup Cost": 10000000000.0, "Total Cost": 1000000000993.56, "Plan Rows": 112, "Plan Width": 4, "Plans": [{"Node Type": "Index Only Scan", "Parent Relationship": "Outer", "Scan Direction": "Forward", "Index Name": "info_type_pkey", "Relation Name": "info_type", "Alias": "it", "Startup Cost": 10000000000.0, "Total Cost": 1000000000993.0, "Plan Rows": 112, "Plan Width": 4}]}]}]}, "Unique SQL Id": 2510907716, "Planner Runtime": 6}, "explain_analyze_plan": null}, "(64, '44')": {"explain_plan": {"Plan": {"Node Type": "Aggregate", "Strategy": "Plain", "Startup Cost": 69341.46, "Total Cost": 69341.47, "Plan Rows": 1, "Plan Width": 49, "Plans": [{"Node Type": "Nested Loop", "Parent Relationship": "Outer", "Join Type": "Inner", "Startup Cost": 0.0, "Total Cost": 69336.67, "Plan Rows": 1919, "Plan Width": 17, "Inner Unique": true, "Plans": [{"Node Type": "Nested Loop", "Parent Relationship": "Outer", "Join Type": "Inner", "Startup Cost": 0.0, "Total Cost": 68799.18, "Plan Rows": 1919, "Plan Width": 21, "Inner Unique": false, "Plans": [{"Node Type": "Nested Loop", "Parent Relationship": "Outer", "Join Type": "Inner", "Startup Cost": 0.0, "Total Cost": 66519.89, "Plan Rows": 1869, "Plan Width": 25, "Inner Unique": true, "Plans": [{"Node Type": "Nested Loop", "Parent Relationship": "Outer", "Join Type": "Inner", "Startup Cost": 0.0, "Total Cost": 54902.47, "Plan Rows": 1540, "Plan Width": 4, "Inner Unique": false, "Join Filter": "(ct.id = mc.company_type_id)", "Plans": [{"Node Type": "Seq Scan", "Parent Relationship": "Outer", "Relation Name": "company_type", "Alias": "ct", "Startup Cost": 0.0, "Total Cost": 1.04, "Plan Rows": 1, "Plan Width": 4, "Filter": "((kind)::text = 'production companies'::text)"}, {"Node Type": "Seq Scan", "Parent Relationship": "Inner", "Relation Name": "movie_companies", "Alias": "mc", "Startup Cost": 0.0, "Total Cost": 54862.92, "Plan Rows": 3081, "Plan Width": 8, "Filter": "(((note)::text ~~ '%(theatrical)%'::text) AND ((note)::text ~~ '%(France)%'::text))"}]}, {"Node Type": "Index Scan", "Parent Relationship": "Inner", "Scan Direction": "Forward", "Index Name": "title_pkey", "Relation Name": "title", "Alias": "t", "Startup Cost": 0.0, "Total Cost": 7.53, "Plan Rows": 1, "Plan Width": 21, "Index Cond": "(id = mc.movie_id)", "Filter": "(production_year > 2005)"}]}, {"Node Type": "Index Scan", "Parent Relationship": "Inner", "Scan Direction": "Forward", "Index Name": "movie_id_movie_info", "Relation Name": "movie_info", "Alias": "mi", "Startup Cost": 0.0, "Total Cost": 1.21, "Plan Rows": 1, "Plan Width": 8, "Index Cond": "(movie_id = t.id)", "Filter": "((info)::text = ANY ('{Sweden,Norway,Germany,Denmark,Swedish,Denish,Norwegian,German}'::text[]))"}]}, {"Node Type": "Index Scan", "Parent Relationship": "Inner", "Scan Direction": "Forward", "Index Name": "info_type_pkey", "Relation Name": "info_type", "Alias": "it", "Startup Cost": 0.0, "Total Cost": 0.27, "Plan Rows": 1, "Plan Width": 4, "Index Cond": "(id = mi.info_type_id)"}]}]}, "Unique SQL Id": 2510907716, "Planner Runtime": 7}, "explain_analyze_plan": {"Plan": {"Node Type": "Aggregate", "Strategy": "Plain", "Startup Cost": 69341.46, "Total Cost": 69341.47, "Plan Rows": 1, "Plan Width": 49, "Actual Startup Time": 1049.484, "Actual Total Time": 1049.485, "Actual Rows": 1, "Actual Loops": 1, "Plans": [{"Node Type": "Nested Loop", "Parent Relationship": "Outer", "Join Type": "Inner", "Startup Cost": 0.0, "Total Cost": 69336.67, "Plan Rows": 1919, "Plan Width": 17, "Actual Startup Time": 1049.476, "Actual Total Time": 1049.476, "Actual Rows": 0, "Actual Loops": 1, "Inner Unique": true, "Plans": [{"Node Type": "Nested Loop", "Parent Relationship": "Outer", "Join Type": "Inner", "Startup Cost": 0.0, "Total Cost": 68799.18, "Plan Rows": 1919, "Plan Width": 21, "Actual Startup Time": 1049.475, "Actual Total Time": 1049.475, "Actual Rows": 0, "Actual Loops": 1, "Inner Unique": false, "Plans": [{"Node Type": "Nested Loop", "Parent Relationship": "Outer", "Join Type": "Inner", "Startup Cost": 0.0, "Total Cost": 66519.89, "Plan Rows": 1869, "Plan Width": 25, "Actual Startup Time": 1049.474, "Actual Total Time": 1049.474, "Actual Rows": 0, "Actual Loops": 1, "Inner Unique": true, "Plans": [{"Node Type": "Nested Loop", "Parent Relationship": "Outer", "Join Type": "Inner", "Startup Cost": 0.0, "Total Cost": 54902.47, "Plan Rows": 1540, "Plan Width": 4, "Actual Startup Time": 1049.473, "Actual Total Time": 1049.473, "Actual Rows": 0, "Actual Loops": 1, "Inner Unique": false, "Join Filter": "(ct.id = mc.company_type_id)", "Rows Removed by Join Filter": 24025, "Plans": [{"Node Type": "Seq Scan", "Parent Relationship": "Outer", "Relation Name": "company_type", "Alias": "ct", "Startup Cost": 0.0, "Total Cost": 1.04, "Plan Rows": 1, "Plan Width": 4, "Actual Startup Time": 0.013, "Actual Total Time": 0.019, "Actual Rows": 1, "Actual Loops": 1, "Filter": "((kind)::text = 'production companies'::text)", "Rows Removed by Filter": 2}, {"Node Type": "Seq Scan", "Parent Relationship": "Inner", "Relation Name": "movie_companies", "Alias": "mc", "Startup Cost": 0.0, "Total Cost": 54862.92, "Plan Rows": 3081, "Plan Width": 8, "Actual Startup Time": 8.922, "Actual Total Time": 1044.162, "Actual Rows": 24025, "Actual Loops": 1, "Filter": "(((note)::text ~~ '%(theatrical)%'::text) AND ((note)::text ~~ '%(France)%'::text))", "Rows Removed by Filter": 2585103}]}, {"Node Type": "Index Scan", "Parent Relationship": "Inner", "Scan Direction": "Forward", "Index Name": "title_pkey", "Relation Name": "title", "Alias": "t", "Startup Cost": 0.0, "Total Cost": 7.53, "Plan Rows": 1, "Plan Width": 21, "Actual Startup Time": 0.0, "Actual Total Time": 0.0, "Index Cond": "(id = mc.movie_id)", "Rows Removed by Index Recheck": 0, "Filter": "(production_year > 2005)", "Rows Removed by Filter": 0}]}, {"Node Type": "Index Scan", "Parent Relationship": "Inner", "Scan Direction": "Forward", "Index Name": "movie_id_movie_info", "Relation Name": "movie_info", "Alias": "mi", "Startup Cost": 0.0, "Total Cost": 1.21, "Plan Rows": 1, "Plan Width": 8, "Actual Startup Time": 0.0, "Actual Total Time": 0.0, "Index Cond": "(movie_id = t.id)", "Rows Removed by Index Recheck": 0, "Filter": "((info)::text = ANY ('{Sweden,Norway,Germany,Denmark,Swedish,Denish,Norwegian,German}'::text[]))", "Rows Removed by Filter": 0}]}, {"Node Type": "Index Scan", "Parent Relationship": "Inner", "Scan Direction": "Forward", "Index Name": "info_type_pkey", "Relation Name": "info_type", "Alias": "it", "Startup Cost": 0.0, "Total Cost": 0.27, "Plan Rows": 1, "Plan Width": 4, "Actual Startup Time": 0.0, "Actual Total Time": 0.0, "Index Cond": "(id = mi.info_type_id)", "Rows Removed by Index Recheck": 0}]}]}, "Triggers": [], "Planner Runtime": 11.028, "Total Runtime": 1049.796, "Unique SQL Id": 2510907716}}, "(64, '45')": {"explain_plan": {"Plan": {"Node Type": "Aggregate", "Strategy": "Plain", "Startup Cost": 74107.05, "Total Cost": 74107.06, "Plan Rows": 1, "Plan Width": 49, "Plans": [{"Node Type": "Nested Loop", "Parent Relationship": "Outer", "Join Type": "Inner", "Startup Cost": 0.0, "Total Cost": 74102.25, "Plan Rows": 1919, "Plan Width": 17, "Inner Unique": true, "Plans": [{"Node Type": "Nested Loop", "Parent Relationship": "Outer", "Join Type": "Inner", "Startup Cost": 0.0, "Total Cost": 73564.77, "Plan Rows": 1919, "Plan Width": 21, "Inner Unique": false, "Plans": [{"Node Type": "Nested Loop", "Parent Relationship": "Outer", "Join Type": "Inner", "Startup Cost": 0.0, "Total Cost": 71285.47, "Plan Rows": 1869, "Plan Width": 25, "Inner Unique": true, "Plans": [{"Node Type": "Nested Loop", "Parent Relationship": "Outer", "Join Type": "Inner", "Startup Cost": 0.0, "Total Cost": 59668.05, "Plan Rows": 1540, "Plan Width": 4, "Inner Unique": false, "Plans": [{"Node Type": "Index Scan", "Parent Relationship": "Outer", "Scan Direction": "Forward", "Index Name": "company_type_pkey", "Relation Name": "company_type", "Alias": "ct", "Startup Cost": 0.0, "Total Cost": 12.3, "Plan Rows": 1, "Plan Width": 4, "Filter": "((kind)::text = 'production companies'::text)"}, {"Node Type": "Index Scan", "Parent Relationship": "Inner", "Scan Direction": "Forward", "Index Name": "company_type_id_movie_companies", "Relation Name": "movie_companies", "Alias": "mc", "Startup Cost": 0.0, "Total Cost": 59640.35, "Plan Rows": 1540, "Plan Width": 8, "Index Cond": "(company_type_id = ct.id)", "Filter": "(((note)::text ~~ '%(theatrical)%'::text) AND ((note)::text ~~ '%(France)%'::text))"}]}, {"Node Type": "Index Scan", "Parent Relationship": "Inner", "Scan Direction": "Forward", "Index Name": "title_pkey", "Relation Name": "title", "Alias": "t", "Startup Cost": 0.0, "Total Cost": 7.53, "Plan Rows": 1, "Plan Width": 21, "Index Cond": "(id = mc.movie_id)", "Filter": "(production_year > 2005)"}]}, {"Node Type": "Index Scan", "Parent Relationship": "Inner", "Scan Direction": "Forward", "Index Name": "movie_id_movie_info", "Relation Name": "movie_info", "Alias": "mi", "Startup Cost": 0.0, "Total Cost": 1.21, "Plan Rows": 1, "Plan Width": 8, "Index Cond": "(movie_id = t.id)", "Filter": "((info)::text = ANY ('{Sweden,Norway,Germany,Denmark,Swedish,Denish,Norwegian,German}'::text[]))"}]}, {"Node Type": "Index Scan", "Parent Relationship": "Inner", "Scan Direction": "Forward", "Index Name": "info_type_pkey", "Relation Name": "info_type", "Alias": "it", "Startup Cost": 0.0, "Total Cost": 0.27, "Plan Rows": 1, "Plan Width": 4, "Index Cond": "(id = mi.info_type_id)"}]}]}, "Unique SQL Id": 2510907716, "Planner Runtime": 4}, "explain_analyze_plan": {"Plan": {"Node Type": "Aggregate", "Strategy": "Plain", "Startup Cost": 74107.05, "Total Cost": 74107.06, "Plan Rows": 1, "Plan Width": 49, "Actual Startup Time": 698.478, "Actual Total Time": 698.478, "Actual Rows": 1, "Actual Loops": 1, "Plans": [{"Node Type": "Nested Loop", "Parent Relationship": "Outer", "Join Type": "Inner", "Startup Cost": 0.0, "Total Cost": 74102.25, "Plan Rows": 1919, "Plan Width": 17, "Actual Startup Time": 698.471, "Actual Total Time": 698.471, "Actual Rows": 0, "Actual Loops": 1, "Inner Unique": true, "Plans": [{"Node Type": "Nested Loop", "Parent Relationship": "Outer", "Join Type": "Inner", "Startup Cost": 0.0, "Total Cost": 73564.77, "Plan Rows": 1919, "Plan Width": 21, "Actual Startup Time": 698.468, "Actual Total Time": 698.468, "Actual Rows": 0, "Actual Loops": 1, "Inner Unique": false, "Plans": [{"Node Type": "Nested Loop", "Parent Relationship": "Outer", "Join Type": "Inner", "Startup Cost": 0.0, "Total Cost": 71285.47, "Plan Rows": 1869, "Plan Width": 25, "Actual Startup Time": 698.467, "Actual Total Time": 698.467, "Actual Rows": 0, "Actual Loops": 1, "Inner Unique": true, "Plans": [{"Node Type": "Nested Loop", "Parent Relationship": "Outer", "Join Type": "Inner", "Startup Cost": 0.0, "Total Cost": 59668.05, "Plan Rows": 1540, "Plan Width": 4, "Actual Startup Time": 698.466, "Actual Total Time": 698.466, "Actual Rows": 0, "Actual Loops": 1, "Inner Unique": false, "Plans": [{"Node Type": "Index Scan", "Parent Relationship": "Outer", "Scan Direction": "Forward", "Index Name": "company_type_pkey", "Relation Name": "company_type", "Alias": "ct", "Startup Cost": 0.0, "Total Cost": 12.3, "Plan Rows": 1, "Plan Width": 4, "Actual Startup Time": 0.014, "Actual Total Time": 0.022, "Actual Rows": 1, "Actual Loops": 1, "Filter": "((kind)::text = 'production companies'::text)", "Rows Removed by Filter": 2}, {"Node Type": "Index Scan", "Parent Relationship": "Inner", "Scan Direction": "Forward", "Index Name": "company_type_id_movie_companies", "Relation Name": "movie_companies", "Alias": "mc", "Startup Cost": 0.0, "Total Cost": 59640.35, "Plan Rows": 1540, "Plan Width": 8, "Actual Startup Time": 698.437, "Actual Total Time": 698.437, "Actual Rows": 0, "Actual Loops": 1, "Index Cond": "(company_type_id = ct.id)", "Rows Removed by Index Recheck": 0, "Filter": "(((note)::text ~~ '%(theatrical)%'::text) AND ((note)::text ~~ '%(France)%'::text))", "Rows Removed by Filter": 1334883}]}, {"Node Type": "Index Scan", "Parent Relationship": "Inner", "Scan Direction": "Forward", "Index Name": "title_pkey", "Relation Name": "title", "Alias": "t", "Startup Cost": 0.0, "Total Cost": 7.53, "Plan Rows": 1, "Plan Width": 21, "Actual Startup Time": 0.0, "Actual Total Time": 0.0, "Index Cond": "(id = mc.movie_id)", "Rows Removed by Index Recheck": 0, "Filter": "(production_year > 2005)", "Rows Removed by Filter": 0}]}, {"Node Type": "Index Scan", "Parent Relationship": "Inner", "Scan Direction": "Forward", "Index Name": "movie_id_movie_info", "Relation Name": "movie_info", "Alias": "mi", "Startup Cost": 0.0, "Total Cost": 1.21, "Plan Rows": 1, "Plan Width": 8, "Actual Startup Time": 0.0, "Actual Total Time": 0.0, "Index Cond": "(movie_id = t.id)", "Rows Removed by Index Recheck": 0, "Filter": "((info)::text = ANY ('{Sweden,Norway,Germany,Denmark,Swedish,Denish,Norwegian,German}'::text[]))", "Rows Removed by Filter": 0}]}, {"Node Type": "Index Scan", "Parent Relationship": "Inner", "Scan Direction": "Forward", "Index Name": "info_type_pkey", "Relation Name": "info_type", "Alias": "it", "Startup Cost": 0.0, "Total Cost": 0.27, "Plan Rows": 1, "Plan Width": 4, "Actual Startup Time": 0.0, "Actual Total Time": 0.0, "Index Cond": "(id = mi.info_type_id)", "Rows Removed by Index Recheck": 0}]}]}, "Triggers": [], "Planner Runtime": 8.158, "Total Runtime": 698.747, "Unique SQL Id": 2510907716}}, "(64, '46')": {"explain_plan": {"Plan": {"Node Type": "Aggregate", "Strategy": "Plain", "Startup Cost": 221589.16, "Total Cost": 221589.17, "Plan Rows": 1, "Plan Width": 49, "Plans": [{"Node Type": "Hash Join", "Parent Relationship": "Outer", "Join Type": "Inner", "Startup Cost": 148141.72, "Total Cost": 221584.36, "Plan Rows": 1919, "Plan Width": 17, "Inner Unique": true, "Hash Cond": "(mi.info_type_id = it.id)", "Plans": [{"Node Type": "Hash Join", "Parent Relationship": "Outer", "Join Type": "Inner", "Startup Cost": 148138.2, "Total Cost": 221554.45, "Plan Rows": 1919, "Plan Width": 21, "Inner Unique": false, "Hash Cond": "(mi.movie_id = t.id)", "Plans": [{"Node Type": "Streaming(type: LOCAL GATHER dop: 1/64)", "Parent Relationship": "Outer", "Startup Cost": 0.0, "Total Cost": 72882.54, "Plan Rows": 141478, "Plan Width": 8, "Plans": [{"Node Type": "Seq Scan", "Parent Relationship": "Outer", "Relation Name": "movie_info", "Alias": "mi", "Startup Cost": 0.0, "Total Cost": 69963.86, "Plan Rows": 141478, "Plan Width": 8, "Filter": "((info)::text = ANY ('{Sweden,Norway,Germany,Denmark,Swedish,Denish,Norwegian,German}'::text[]))"}]}, {"Node Type": "Hash", "Parent Relationship": "Inner", "Startup Cost": 148114.84, "Total Cost": 148114.84, "Plan Rows": 1869, "Plan Width": 25, "Plans": [{"Node Type": "Hash Join", "Parent Relationship": "Outer", "Join Type": "Inner", "Startup Cost": 54921.72, "Total Cost": 148114.84, "Plan Rows": 1869, "Plan Width": 25, "Inner Unique": false, "Hash Cond": "(t.id = mc.movie_id)", "Plans": [{"Node Type": "Streaming(type: LOCAL GATHER dop: 1/64)", "Parent Relationship": "Outer", "Startup Cost": 0.0, "Total Cost": 84945.56, "Plan Rows": 1013492, "Plan Width": 21, "Plans": [{"Node Type": "Seq Scan", "Parent Relationship": "Outer", "Relation Name": "title", "Alias": "t", "Startup Cost": 0.0, "Total Cost": 64037.34, "Plan Rows": 1013492, "Plan Width": 21, "Filter": "(production_year > 2005), (LLVM Optimized)"}]}, {"Node Type": "Hash", "Parent Relationship": "Inner", "Startup Cost": 54902.47, "Total Cost": 54902.47, "Plan Rows": 1540, "Plan Width": 4, "Plans": [{"Node Type": "Nested Loop", "Parent Relationship": "Outer", "Join Type": "Inner", "Startup Cost": 0.0, "Total Cost": 54902.47, "Plan Rows": 1540, "Plan Width": 4, "Inner Unique": false, "Join Filter": "(ct.id = mc.company_type_id)", "Plans": [{"Node Type": "Seq Scan", "Parent Relationship": "Outer", "Relation Name": "company_type", "Alias": "ct", "Startup Cost": 0.0, "Total Cost": 1.04, "Plan Rows": 1, "Plan Width": 4, "Filter": "((kind)::text = 'production companies'::text)"}, {"Node Type": "Seq Scan", "Parent Relationship": "Inner", "Relation Name": "movie_companies", "Alias": "mc", "Startup Cost": 0.0, "Total Cost": 54862.92, "Plan Rows": 3081, "Plan Width": 8, "Filter": "(((note)::text ~~ '%(theatrical)%'::text) AND ((note)::text ~~ '%(France)%'::text))"}]}]}]}]}]}, {"Node Type": "Hash", "Parent Relationship": "Inner", "Startup Cost": 2.12, "Total Cost": 2.12, "Plan Rows": 112, "Plan Width": 4, "Plans": [{"Node Type": "Seq Scan", "Parent Relationship": "Outer", "Relation Name": "info_type", "Alias": "it", "Startup Cost": 0.0, "Total Cost": 2.12, "Plan Rows": 112, "Plan Width": 4}]}]}]}, "Unique SQL Id": 2510907716, "Planner Runtime": 14}, "explain_analyze_plan": {"Plan": {"Node Type": "Aggregate", "Strategy": "Plain", "Startup Cost": 221589.16, "Total Cost": 221589.17, "Plan Rows": 1, "Plan Width": 49, "Actual Min Startup Time": 1060.425, "Actual Max Startup Time": 1060.425, "Actual Min Total Time": 1060.425, "Actual Max Total Time": 1060.425, "Plans": [{"Node Type": "Hash Join", "Parent Relationship": "Outer", "Join Type": "Inner", "Startup Cost": 148141.72, "Total Cost": 221584.36, "Plan Rows": 1919, "Plan Width": 17, "Actual Min Startup Time": 1060.414, "Actual Max Startup Time": 1060.414, "Actual Min Total Time": 1060.414, "Actual Max Total Time": 1060.414, "Inner Unique": true, "Hash Cond": "(mi.info_type_id = it.id)", "Plans": [{"Node Type": "Hash Join", "Parent Relationship": "Outer", "Join Type": "Inner", "Startup Cost": 148138.2, "Total Cost": 221554.45, "Plan Rows": 1919, "Plan Width": 21, "Actual Min Startup Time": 1059.742, "Actual Max Startup Time": 1059.742, "Actual Min Total Time": 1059.742, "Actual Max Total Time": 1059.742, "Inner Unique": false, "Hash Cond": "(mi.movie_id = t.id)", "Plans": [{"Node Type": "Streaming(type: LOCAL GATHER dop: 1/64)", "Parent Relationship": "Outer", "Startup Cost": 0.0, "Total Cost": 72882.54, "Plan Rows": 141478, "Plan Width": 8, "Actual Startup Time": 0.0, "Actual Total Time": 0.0, "Plans": [{"Node Type": "Seq Scan", "Parent Relationship": "Outer", "Relation Name": "movie_info", "Alias": "mi", "Startup Cost": 0.0, "Total Cost": 69963.86, "Plan Rows": 141478, "Plan Width": 8, "Actual Min Startup Time": 0.041, "Actual Max Startup Time": 6.164, "Actual Min Total Time": 0.086, "Actual Max Total Time": 127.727, "Filter": "((info)::text = ANY ('{Sweden,Norway,Germany,Denmark,Swedish,Denish,Norwegian,German}'::text[]))", "Rows Removed by Filter": 2642135, "Actual Rows": 6429}]}, {"Node Type": "Hash", "Parent Relationship": "Inner", "Startup Cost": 148114.84, "Total Cost": 148114.84, "Plan Rows": 1869, "Plan Width": 25, "Actual Min Startup Time": 1059.401, "Actual Max Startup Time": 1059.401, "Actual Min Total Time": 1059.401, "Actual Max Total Time": 1059.401, "Max Hash Buckets": 32768, "Min Hash Buckets": 32768, "Max Hash Batches": 1, "Min Hash Batches": 1, "Max Original Hash Batches": 1, "Min Original Hash Batches": 1, "Max Peak Memory Usage": 0, "min Peak Memory Usage": 0, "Plans": [{"Node Type": "Hash Join", "Parent Relationship": "Outer", "Join Type": "Inner", "Startup Cost": 54921.72, "Total Cost": 148114.84, "Plan Rows": 1869, "Plan Width": 25, "Actual Min Startup Time": 1059.398, "Actual Max Startup Time": 1059.398, "Actual Min Total Time": 1059.398, "Actual Max Total Time": 1059.398, "Inner Unique": false, "Hash Cond": "(t.id = mc.movie_id)", "Plans": [{"Node Type": "Streaming(type: LOCAL GATHER dop: 1/64)", "Parent Relationship": "Outer", "Startup Cost": 0.0, "Total Cost": 84945.56, "Plan Rows": 1013492, "Plan Width": 21, "Actual Startup Time": 0.0, "Actual Total Time": 0.0, "Plans": [{"Node Type": "Seq Scan", "Parent Relationship": "Outer", "Relation Name": "title", "Alias": "t", "Startup Cost": 0.0, "Total Cost": 64037.34, "Plan Rows": 1013492, "Plan Width": 21, "Actual Min Startup Time": 0.026, "Actual Max Startup Time": 0.057, "Actual Min Total Time": 0.1, "Actual Max Total Time": 0.148, "Filter": "(production_year > 2005), (LLVM Optimized, Jit Execute)", "Rows Removed by Filter": 8012, "Actual Rows": 6464}]}, {"Node Type": "Hash", "Parent Relationship": "Inner", "Startup Cost": 54902.47, "Total Cost": 54902.47, "Plan Rows": 1540, "Plan Width": 4, "Actual Min Startup Time": 1059.141, "Actual Max Startup Time": 1059.141, "Actual Min Total Time": 1059.141, "Actual Max Total Time": 1059.141, "Max Hash Buckets": 32768, "Min Hash Buckets": 32768, "Max Hash Batches": 1, "Min Hash Batches": 1, "Max Original Hash Batches": 1, "Min Original Hash Batches": 1, "Max Peak Memory Usage": 0, "min Peak Memory Usage": 0, "Plans": [{"Node Type": "Nested Loop", "Parent Relationship": "Outer", "Join Type": "Inner", "Startup Cost": 0.0, "Total Cost": 54902.47, "Plan Rows": 1540, "Plan Width": 4, "Actual Min Startup Time": 1059.137, "Actual Max Startup Time": 1059.137, "Actual Min Total Time": 1059.137, "Actual Max Total Time": 1059.137, "Inner Unique": false, "Join Filter": "(ct.id = mc.company_type_id)", "Rows Removed by Join Filter": 24025, "Plans": [{"Node Type": "Seq Scan", "Parent Relationship": "Outer", "Relation Name": "company_type", "Alias": "ct", "Startup Cost": 0.0, "Total Cost": 1.04, "Plan Rows": 1, "Plan Width": 4, "Actual Min Startup Time": 0.027, "Actual Max Startup Time": 0.027, "Actual Min Total Time": 0.034, "Actual Max Total Time": 0.034, "Filter": "((kind)::text = 'production companies'::text)", "Rows Removed by Filter": 2, "Actual Rows": 1}, {"Node Type": "Seq Scan", "Parent Relationship": "Inner", "Relation Name": "movie_companies", "Alias": "mc", "Startup Cost": 0.0, "Total Cost": 54862.92, "Plan Rows": 3081, "Plan Width": 8, "Actual Min Startup Time": 9.036, "Actual Max Startup Time": 9.036, "Actual Min Total Time": 1053.506, "Actual Max Total Time": 1053.506, "Filter": "(((note)::text ~~ '%(theatrical)%'::text) AND ((note)::text ~~ '%(France)%'::text))", "Rows Removed by Filter": 2585103, "Actual Rows": 24025}], "Actual Rows": 0}], "Actual Rows": 0}], "Actual Rows": 0}], "Actual Rows": 0}], "Actual Rows": 0}, {"Node Type": "Hash", "Parent Relationship": "Inner", "Startup Cost": 2.12, "Total Cost": 2.12, "Plan Rows": 112, "Plan Width": 4, "Actual Min Startup Time": 0.136, "Actual Max Startup Time": 0.136, "Actual Min Total Time": 0.136, "Actual Max Total Time": 0.136, "Max Hash Buckets": 32768, "Min Hash Buckets": 32768, "Max Hash Batches": 1, "Min Hash Batches": 1, "Max Original Hash Batches": 1, "Min Original Hash Batches": 1, "Max Peak Memory Usage": 4, "min Peak Memory Usage": 4, "Plans": [{"Node Type": "Seq Scan", "Parent Relationship": "Outer", "Relation Name": "info_type", "Alias": "it", "Startup Cost": 0.0, "Total Cost": 2.12, "Plan Rows": 112, "Plan Width": 4, "Actual Min Startup Time": 0.062, "Actual Max Startup Time": 0.062, "Actual Min Total Time": 0.084, "Actual Max Total Time": 0.084, "Actual Rows": 112}], "Actual Rows": 112}], "Actual Rows": 0}], "Actual Rows": 1}, "Triggers": [], "Planner Runtime": 17.641, "Total Runtime": 1095.014, "Unique SQL Id": 2510907716}}, "(64, '47')": {"explain_plan": {"Plan": {"Node Type": "Aggregate", "Strategy": "Plain", "Startup Cost": 5000171402636.96, "Total Cost": 5000171402636.97, "Plan Rows": 1, "Plan Width": 49, "Plans": [{"Node Type": "Nested Loop", "Parent Relationship": "Outer", "Join Type": "Inner", "Startup Cost": 50000000000.0, "Total Cost": 5000171402632.16, "Plan Rows": 1919, "Plan Width": 17, "Inner Unique": true, "Join Filter": "(mi.info_type_id = it.id)", "Plans": [{"Node Type": "Nested Loop", "Parent Relationship": "Outer", "Join Type": "Inner", "Startup Cost": 40000000000.0, "Total Cost": 4000171398014.96, "Plan Rows": 1919, "Plan Width": 21, "Inner Unique": true, "Join Filter": "(mi.movie_id = t.id)", "Plans": [{"Node Type": "Nested Loop", "Parent Relationship": "Outer", "Join Type": "Inner", "Startup Cost": 30000000000.0, "Total Cost": 3000135716391.79, "Plan Rows": 1581, "Plan Width": 12, "Inner Unique": true, "Join Filter": "(mc.company_type_id = ct.id)", "Plans": [{"Node Type": "Nested Loop", "Parent Relationship": "Outer", "Join Type": "Inner", "Startup Cost": 20000000000.0, "Total Cost": 2000135715114.09, "Plan Rows": 3163, "Plan Width": 16, "Inner Unique": false, "Join Filter": "(mc.movie_id = mi.movie_id)", "Plans": [{"Node Type": "Index Scan", "Parent Relationship": "Outer", "Scan Direction": "Forward", "Index Name": "info_type_id_movie_info", "Relation Name": "movie_info", "Alias": "mi", "Startup Cost": 10000000000.0, "Total Cost": 1000118553919.62, "Plan Rows": 141478, "Plan Width": 8, "Filter": "((info)::text = ANY ('{Sweden,Norway,Germany,Denmark,Swedish,Denish,Norwegian,German}'::text[]))"}, {"Node Type": "Materialize", "Parent Relationship": "Inner", "Startup Cost": 10000000000.0, "Total Cost": 1000010622796.41, "Plan Rows": 3081, "Plan Width": 8, "Plans": [{"Node Type": "Index Scan", "Parent Relationship": "Outer", "Scan Direction": "Forward", "Index Name": "company_type_id_movie_companies", "Relation Name": "movie_companies", "Alias": "mc", "Startup Cost": 10000000000.0, "Total Cost": 1000010622781.0, "Plan Rows": 3081, "Plan Width": 8, "Filter": "(((note)::text ~~ '%(theatrical)%'::text) AND ((note)::text ~~ '%(France)%'::text))"}]}]}, {"Node Type": "Materialize", "Parent Relationship": "Inner", "Startup Cost": 10000000000.0, "Total Cost": 1000000001230.26, "Plan Rows": 1, "Plan Width": 4, "Plans": [{"Node Type": "Index Scan", "Parent Relationship": "Outer", "Scan Direction": "Forward", "Index Name": "company_type_pkey", "Relation Name": "company_type", "Alias": "ct", "Startup Cost": 10000000000.0, "Total Cost": 1000000001230.25, "Plan Rows": 1, "Plan Width": 4, "Filter": "((kind)::text = 'production companies'::text)"}]}]}, {"Node Type": "Materialize", "Parent Relationship": "Inner", "Startup Cost": 10000000000.0, "Total Cost": 1000011649194.12, "Plan Rows": 1013492, "Plan Width": 21, "Plans": [{"Node Type": "Index Scan", "Parent Relationship": "Outer", "Scan Direction": "Forward", "Index Name": "title_pkey", "Relation Name": "title", "Alias": "t", "Startup Cost": 10000000000.0, "Total Cost": 1000011644126.66, "Plan Rows": 1013492, "Plan Width": 21, "Filter": "(production_year > 2005), (LLVM Optimized)"}]}]}, {"Node Type": "Materialize", "Parent Relationship": "Inner", "Startup Cost": 10000000000.0, "Total Cost": 1000000001393.56, "Plan Rows": 112, "Plan Width": 4, "Plans": [{"Node Type": "Index Scan", "Parent Relationship": "Outer", "Scan Direction": "Forward", "Index Name": "info_type_pkey", "Relation Name": "info_type", "Alias": "it", "Startup Cost": 10000000000.0, "Total Cost": 1000000001393.0, "Plan Rows": 112, "Plan Width": 4}]}]}]}, "Unique SQL Id": 2510907716, "Planner Runtime": 6}, "explain_analyze_plan": null}, "(64, '48')": {"explain_plan": {"Plan": {"Node Type": "Aggregate", "Strategy": "Plain", "Startup Cost": 69341.41, "Total Cost": 69341.42, "Plan Rows": 1, "Plan Width": 49, "Plans": [{"Node Type": "Nested Loop", "Parent Relationship": "Outer", "Join Type": "Inner", "Startup Cost": 0.0, "Total Cost": 69336.61, "Plan Rows": 1919, "Plan Width": 17, "Inner Unique": true, "Plans": [{"Node Type": "Nested Loop", "Parent Relationship": "Outer", "Join Type": "Inner", "Startup Cost": 0.0, "Total Cost": 68799.18, "Plan Rows": 1919, "Plan Width": 21, "Inner Unique": false, "Plans": [{"Node Type": "Nested Loop", "Parent Relationship": "Outer", "Join Type": "Inner", "Startup Cost": 0.0, "Total Cost": 66519.89, "Plan Rows": 1869, "Plan Width": 25, "Inner Unique": true, "Plans": [{"Node Type": "Nested Loop", "Parent Relationship": "Outer", "Join Type": "Inner", "Startup Cost": 0.0, "Total Cost": 54902.47, "Plan Rows": 1540, "Plan Width": 4, "Inner Unique": false, "Join Filter": "(ct.id = mc.company_type_id)", "Plans": [{"Node Type": "Seq Scan", "Parent Relationship": "Outer", "Relation Name": "company_type", "Alias": "ct", "Startup Cost": 0.0, "Total Cost": 1.04, "Plan Rows": 1, "Plan Width": 4, "Filter": "((kind)::text = 'production companies'::text)"}, {"Node Type": "Seq Scan", "Parent Relationship": "Inner", "Relation Name": "movie_companies", "Alias": "mc", "Startup Cost": 0.0, "Total Cost": 54862.92, "Plan Rows": 3081, "Plan Width": 8, "Filter": "(((note)::text ~~ '%(theatrical)%'::text) AND ((note)::text ~~ '%(France)%'::text))"}]}, {"Node Type": "Index Scan", "Parent Relationship": "Inner", "Scan Direction": "Forward", "Index Name": "title_pkey", "Relation Name": "title", "Alias": "t", "Startup Cost": 0.0, "Total Cost": 7.53, "Plan Rows": 1, "Plan Width": 21, "Index Cond": "(id = mc.movie_id)", "Filter": "(production_year > 2005)"}]}, {"Node Type": "Index Scan", "Parent Relationship": "Inner", "Scan Direction": "Forward", "Index Name": "movie_id_movie_info", "Relation Name": "movie_info", "Alias": "mi", "Startup Cost": 0.0, "Total Cost": 1.21, "Plan Rows": 1, "Plan Width": 8, "Index Cond": "(movie_id = t.id)", "Filter": "((info)::text = ANY ('{Sweden,Norway,Germany,Denmark,Swedish,Denish,Norwegian,German}'::text[]))"}]}, {"Node Type": "Index Only Scan", "Parent Relationship": "Inner", "Scan Direction": "Forward", "Index Name": "info_type_pkey", "Relation Name": "info_type", "Alias": "it", "Startup Cost": 0.0, "Total Cost": 0.27, "Plan Rows": 1, "Plan Width": 4, "Index Cond": "(id = mi.info_type_id)"}]}]}, "Unique SQL Id": 2510907716, "Planner Runtime": 4}, "explain_analyze_plan": {"Plan": {"Node Type": "Aggregate", "Strategy": "Plain", "Startup Cost": 69341.41, "Total Cost": 69341.42, "Plan Rows": 1, "Plan Width": 49, "Actual Startup Time": 1038.715, "Actual Total Time": 1038.716, "Actual Rows": 1, "Actual Loops": 1, "Plans": [{"Node Type": "Nested Loop", "Parent Relationship": "Outer", "Join Type": "Inner", "Startup Cost": 0.0, "Total Cost": 69336.61, "Plan Rows": 1919, "Plan Width": 17, "Actual Startup Time": 1038.706, "Actual Total Time": 1038.706, "Actual Rows": 0, "Actual Loops": 1, "Inner Unique": true, "Plans": [{"Node Type": "Nested Loop", "Parent Relationship": "Outer", "Join Type": "Inner", "Startup Cost": 0.0, "Total Cost": 68799.18, "Plan Rows": 1919, "Plan Width": 21, "Actual Startup Time": 1038.704, "Actual Total Time": 1038.704, "Actual Rows": 0, "Actual Loops": 1, "Inner Unique": false, "Plans": [{"Node Type": "Nested Loop", "Parent Relationship": "Outer", "Join Type": "Inner", "Startup Cost": 0.0, "Total Cost": 66519.89, "Plan Rows": 1869, "Plan Width": 25, "Actual Startup Time": 1038.703, "Actual Total Time": 1038.703, "Actual Rows": 0, "Actual Loops": 1, "Inner Unique": true, "Plans": [{"Node Type": "Nested Loop", "Parent Relationship": "Outer", "Join Type": "Inner", "Startup Cost": 0.0, "Total Cost": 54902.47, "Plan Rows": 1540, "Plan Width": 4, "Actual Startup Time": 1038.702, "Actual Total Time": 1038.702, "Actual Rows": 0, "Actual Loops": 1, "Inner Unique": false, "Join Filter": "(ct.id = mc.company_type_id)", "Rows Removed by Join Filter": 24025, "Plans": [{"Node Type": "Seq Scan", "Parent Relationship": "Outer", "Relation Name": "company_type", "Alias": "ct", "Startup Cost": 0.0, "Total Cost": 1.04, "Plan Rows": 1, "Plan Width": 4, "Actual Startup Time": 0.022, "Actual Total Time": 0.025, "Actual Rows": 1, "Actual Loops": 1, "Filter": "((kind)::text = 'production companies'::text)", "Rows Removed by Filter": 2}, {"Node Type": "Seq Scan", "Parent Relationship": "Inner", "Relation Name": "movie_companies", "Alias": "mc", "Startup Cost": 0.0, "Total Cost": 54862.92, "Plan Rows": 3081, "Plan Width": 8, "Actual Startup Time": 8.799, "Actual Total Time": 1033.327, "Actual Rows": 24025, "Actual Loops": 1, "Filter": "(((note)::text ~~ '%(theatrical)%'::text) AND ((note)::text ~~ '%(France)%'::text))", "Rows Removed by Filter": 2585103}]}, {"Node Type": "Index Scan", "Parent Relationship": "Inner", "Scan Direction": "Forward", "Index Name": "title_pkey", "Relation Name": "title", "Alias": "t", "Startup Cost": 0.0, "Total Cost": 7.53, "Plan Rows": 1, "Plan Width": 21, "Actual Startup Time": 0.0, "Actual Total Time": 0.0, "Index Cond": "(id = mc.movie_id)", "Rows Removed by Index Recheck": 0, "Filter": "(production_year > 2005)", "Rows Removed by Filter": 0}]}, {"Node Type": "Index Scan", "Parent Relationship": "Inner", "Scan Direction": "Forward", "Index Name": "movie_id_movie_info", "Relation Name": "movie_info", "Alias": "mi", "Startup Cost": 0.0, "Total Cost": 1.21, "Plan Rows": 1, "Plan Width": 8, "Actual Startup Time": 0.0, "Actual Total Time": 0.0, "Index Cond": "(movie_id = t.id)", "Rows Removed by Index Recheck": 0, "Filter": "((info)::text = ANY ('{Sweden,Norway,Germany,Denmark,Swedish,Denish,Norwegian,German}'::text[]))", "Rows Removed by Filter": 0}]}, {"Node Type": "Index Only Scan", "Parent Relationship": "Inner", "Scan Direction": "Forward", "Index Name": "info_type_pkey", "Relation Name": "info_type", "Alias": "it", "Startup Cost": 0.0, "Total Cost": 0.27, "Plan Rows": 1, "Plan Width": 4, "Actual Startup Time": 0.0, "Actual Total Time": 0.0, "Index Cond": "(id = mi.info_type_id)", "Rows Removed by Index Recheck": 0, "Heap Fetches": 0}]}]}, "Triggers": [], "Planner Runtime": 11.067, "Total Runtime": 1038.954, "Unique SQL Id": 2510907716}}, "(64, '49')": {"explain_plan": {"Plan": {"Node Type": "Aggregate", "Strategy": "Plain", "Startup Cost": 74106.99, "Total Cost": 74107.0, "Plan Rows": 1, "Plan Width": 49, "Plans": [{"Node Type": "Nested Loop", "Parent Relationship": "Outer", "Join Type": "Inner", "Startup Cost": 0.0, "Total Cost": 74102.19, "Plan Rows": 1919, "Plan Width": 17, "Inner Unique": true, "Plans": [{"Node Type": "Nested Loop", "Parent Relationship": "Outer", "Join Type": "Inner", "Startup Cost": 0.0, "Total Cost": 73564.77, "Plan Rows": 1919, "Plan Width": 21, "Inner Unique": false, "Plans": [{"Node Type": "Nested Loop", "Parent Relationship": "Outer", "Join Type": "Inner", "Startup Cost": 0.0, "Total Cost": 71285.47, "Plan Rows": 1869, "Plan Width": 25, "Inner Unique": true, "Plans": [{"Node Type": "Nested Loop", "Parent Relationship": "Outer", "Join Type": "Inner", "Startup Cost": 0.0, "Total Cost": 59668.05, "Plan Rows": 1540, "Plan Width": 4, "Inner Unique": false, "Plans": [{"Node Type": "Index Scan", "Parent Relationship": "Outer", "Scan Direction": "Forward", "Index Name": "company_type_pkey", "Relation Name": "company_type", "Alias": "ct", "Startup Cost": 0.0, "Total Cost": 12.3, "Plan Rows": 1, "Plan Width": 4, "Filter": "((kind)::text = 'production companies'::text)"}, {"Node Type": "Index Scan", "Parent Relationship": "Inner", "Scan Direction": "Forward", "Index Name": "company_type_id_movie_companies", "Relation Name": "movie_companies", "Alias": "mc", "Startup Cost": 0.0, "Total Cost": 59640.35, "Plan Rows": 1540, "Plan Width": 8, "Index Cond": "(company_type_id = ct.id)", "Filter": "(((note)::text ~~ '%(theatrical)%'::text) AND ((note)::text ~~ '%(France)%'::text))"}]}, {"Node Type": "Index Scan", "Parent Relationship": "Inner", "Scan Direction": "Forward", "Index Name": "title_pkey", "Relation Name": "title", "Alias": "t", "Startup Cost": 0.0, "Total Cost": 7.53, "Plan Rows": 1, "Plan Width": 21, "Index Cond": "(id = mc.movie_id)", "Filter": "(production_year > 2005)"}]}, {"Node Type": "Index Scan", "Parent Relationship": "Inner", "Scan Direction": "Forward", "Index Name": "movie_id_movie_info", "Relation Name": "movie_info", "Alias": "mi", "Startup Cost": 0.0, "Total Cost": 1.21, "Plan Rows": 1, "Plan Width": 8, "Index Cond": "(movie_id = t.id)", "Filter": "((info)::text = ANY ('{Sweden,Norway,Germany,Denmark,Swedish,Denish,Norwegian,German}'::text[]))"}]}, {"Node Type": "Index Only Scan", "Parent Relationship": "Inner", "Scan Direction": "Forward", "Index Name": "info_type_pkey", "Relation Name": "info_type", "Alias": "it", "Startup Cost": 0.0, "Total Cost": 0.27, "Plan Rows": 1, "Plan Width": 4, "Index Cond": "(id = mi.info_type_id)"}]}]}, "Unique SQL Id": 2510907716, "Planner Runtime": 3}, "explain_analyze_plan": {"Plan": {"Node Type": "Aggregate", "Strategy": "Plain", "Startup Cost": 74106.99, "Total Cost": 74107.0, "Plan Rows": 1, "Plan Width": 49, "Actual Startup Time": 629.666, "Actual Total Time": 629.667, "Actual Rows": 1, "Actual Loops": 1, "Plans": [{"Node Type": "Nested Loop", "Parent Relationship": "Outer", "Join Type": "Inner", "Startup Cost": 0.0, "Total Cost": 74102.19, "Plan Rows": 1919, "Plan Width": 17, "Actual Startup Time": 629.656, "Actual Total Time": 629.656, "Actual Rows": 0, "Actual Loops": 1, "Inner Unique": true, "Plans": [{"Node Type": "Nested Loop", "Parent Relationship": "Outer", "Join Type": "Inner", "Startup Cost": 0.0, "Total Cost": 73564.77, "Plan Rows": 1919, "Plan Width": 21, "Actual Startup Time": 629.655, "Actual Total Time": 629.655, "Actual Rows": 0, "Actual Loops": 1, "Inner Unique": false, "Plans": [{"Node Type": "Nested Loop", "Parent Relationship": "Outer", "Join Type": "Inner", "Startup Cost": 0.0, "Total Cost": 71285.47, "Plan Rows": 1869, "Plan Width": 25, "Actual Startup Time": 629.655, "Actual Total Time": 629.655, "Actual Rows": 0, "Actual Loops": 1, "Inner Unique": true, "Plans": [{"Node Type": "Nested Loop", "Parent Relationship": "Outer", "Join Type": "Inner", "Startup Cost": 0.0, "Total Cost": 59668.05, "Plan Rows": 1540, "Plan Width": 4, "Actual Startup Time": 629.654, "Actual Total Time": 629.654, "Actual Rows": 0, "Actual Loops": 1, "Inner Unique": false, "Plans": [{"Node Type": "Index Scan", "Parent Relationship": "Outer", "Scan Direction": "Forward", "Index Name": "company_type_pkey", "Relation Name": "company_type", "Alias": "ct", "Startup Cost": 0.0, "Total Cost": 12.3, "Plan Rows": 1, "Plan Width": 4, "Actual Startup Time": 0.022, "Actual Total Time": 0.03, "Actual Rows": 1, "Actual Loops": 1, "Filter": "((kind)::text = 'production companies'::text)", "Rows Removed by Filter": 2}, {"Node Type": "Index Scan", "Parent Relationship": "Inner", "Scan Direction": "Forward", "Index Name": "company_type_id_movie_companies", "Relation Name": "movie_companies", "Alias": "mc", "Startup Cost": 0.0, "Total Cost": 59640.35, "Plan Rows": 1540, "Plan Width": 8, "Actual Startup Time": 629.618, "Actual Total Time": 629.618, "Actual Rows": 0, "Actual Loops": 1, "Index Cond": "(company_type_id = ct.id)", "Rows Removed by Index Recheck": 0, "Filter": "(((note)::text ~~ '%(theatrical)%'::text) AND ((note)::text ~~ '%(France)%'::text))", "Rows Removed by Filter": 1334883}]}, {"Node Type": "Index Scan", "Parent Relationship": "Inner", "Scan Direction": "Forward", "Index Name": "title_pkey", "Relation Name": "title", "Alias": "t", "Startup Cost": 0.0, "Total Cost": 7.53, "Plan Rows": 1, "Plan Width": 21, "Actual Startup Time": 0.0, "Actual Total Time": 0.0, "Index Cond": "(id = mc.movie_id)", "Rows Removed by Index Recheck": 0, "Filter": "(production_year > 2005)", "Rows Removed by Filter": 0}]}, {"Node Type": "Index Scan", "Parent Relationship": "Inner", "Scan Direction": "Forward", "Index Name": "movie_id_movie_info", "Relation Name": "movie_info", "Alias": "mi", "Startup Cost": 0.0, "Total Cost": 1.21, "Plan Rows": 1, "Plan Width": 8, "Actual Startup Time": 0.0, "Actual Total Time": 0.0, "Index Cond": "(movie_id = t.id)", "Rows Removed by Index Recheck": 0, "Filter": "((info)::text = ANY ('{Sweden,Norway,Germany,Denmark,Swedish,Denish,Norwegian,German}'::text[]))", "Rows Removed by Filter": 0}]}, {"Node Type": "Index Only Scan", "Parent Relationship": "Inner", "Scan Direction": "Forward", "Index Name": "info_type_pkey", "Relation Name": "info_type", "Alias": "it", "Startup Cost": 0.0, "Total Cost": 0.27, "Plan Rows": 1, "Plan Width": 4, "Actual Startup Time": 0.0, "Actual Total Time": 0.0, "Index Cond": "(id = mi.info_type_id)", "Rows Removed by Index Recheck": 0, "Heap Fetches": 0}]}]}, "Triggers": [], "Planner Runtime": 8.174, "Total Runtime": 629.914, "Unique SQL Id": 2510907716}}, "(64, '50')": {"explain_plan": {"Plan": {"Node Type": "Aggregate", "Strategy": "Plain", "Startup Cost": 78673.23, "Total Cost": 78673.24, "Plan Rows": 1, "Plan Width": 49, "Plans": [{"Node Type": "Nested Loop", "Parent Relationship": "Outer", "Join Type": "Inner", "Startup Cost": 4.2, "Total Cost": 78668.43, "Plan Rows": 1919, "Plan Width": 17, "Inner Unique": true, "Join Filter": "(mi.info_type_id = it.id)", "Plans": [{"Node Type": "Nested Loop", "Parent Relationship": "Outer", "Join Type": "Inner", "Startup Cost": 4.2, "Total Cost": 75442.11, "Plan Rows": 1919, "Plan Width": 21, "Inner Unique": false, "Plans": [{"Node Type": "Nested Loop", "Parent Relationship": "Outer", "Join Type": "Inner", "Startup Cost": 3.69, "Total Cost": 66780.19, "Plan Rows": 1869, "Plan Width": 25, "Inner Unique": true, "Plans": [{"Node Type": "Nested Loop", "Parent Relationship": "Outer", "Join Type": "Inner", "Startup Cost": 0.0, "Total Cost": 54902.47, "Plan Rows": 1540, "Plan Width": 4, "Inner Unique": false, "Join Filter": "(ct.id = mc.company_type_id)", "Plans": [{"Node Type": "Seq Scan", "Parent Relationship": "Outer", "Relation Name": "company_type", "Alias": "ct", "Startup Cost": 0.0, "Total Cost": 1.04, "Plan Rows": 1, "Plan Width": 4, "Filter": "((kind)::text = 'production companies'::text)"}, {"Node Type": "Seq Scan", "Parent Relationship": "Inner", "Relation Name": "movie_companies", "Alias": "mc", "Startup Cost": 0.0, "Total Cost": 54862.92, "Plan Rows": 3081, "Plan Width": 8, "Filter": "(((note)::text ~~ '%(theatrical)%'::text) AND ((note)::text ~~ '%(France)%'::text))"}]}, {"Node Type": "Bitmap Heap Scan", "Parent Relationship": "Inner", "Relation Name": "title", "Alias": "t", "Startup Cost": 3.69, "Total Cost": 7.7, "Plan Rows": 1, "Plan Width": 21, "Recheck Cond": "(id = mc.movie_id)", "Filter": "(production_year > 2005)", "Plans": [{"Node Type": "Bitmap Index Scan", "Parent Relationship": "Outer", "Index Name": "title_pkey", "Startup Cost": 0.0, "Total Cost": 3.69, "Plan Rows": 1, "Plan Width": 0, "Index Cond": "(id = mc.movie_id)"}]}]}, {"Node Type": "Bitmap Heap Scan", "Parent Relationship": "Inner", "Relation Name": "movie_info", "Alias": "mi", "Startup Cost": 0.51, "Total Cost": 4.62, "Plan Rows": 1, "Plan Width": 8, "Recheck Cond": "(movie_id = t.id)", "Filter": "((info)::text = ANY ('{Sweden,Norway,Germany,Denmark,Swedish,Denish,Norwegian,German}'::text[]))", "Plans": [{"Node Type": "Bitmap Index Scan", "Parent Relationship": "Outer", "Index Name": "movie_id_movie_info", "Startup Cost": 0.0, "Total Cost": 0.51, "Plan Rows": 5, "Plan Width": 0, "Index Cond": "(movie_id = t.id)"}]}]}, {"Node Type": "Materialize", "Parent Relationship": "Inner", "Startup Cost": 0.0, "Total Cost": 2.68, "Plan Rows": 112, "Plan Width": 4, "Plans": [{"Node Type": "Seq Scan", "Parent Relationship": "Outer", "Relation Name": "info_type", "Alias": "it", "Startup Cost": 0.0, "Total Cost": 2.12, "Plan Rows": 112, "Plan Width": 4}]}]}]}, "Unique SQL Id": 2510907716, "Planner Runtime": 4}, "explain_analyze_plan": {"Plan": {"Node Type": "Aggregate", "Strategy": "Plain", "Startup Cost": 78673.23, "Total Cost": 78673.24, "Plan Rows": 1, "Plan Width": 49, "Actual Startup Time": 1042.644, "Actual Total Time": 1042.644, "Actual Rows": 1, "Actual Loops": 1, "Plans": [{"Node Type": "Nested Loop", "Parent Relationship": "Outer", "Join Type": "Inner", "Startup Cost": 4.2, "Total Cost": 78668.43, "Plan Rows": 1919, "Plan Width": 17, "Actual Startup Time": 1042.633, "Actual Total Time": 1042.633, "Actual Rows": 0, "Actual Loops": 1, "Inner Unique": true, "Join Filter": "(mi.info_type_id = it.id)", "Rows Removed by Join Filter": 0, "Plans": [{"Node Type": "Nested Loop", "Parent Relationship": "Outer", "Join Type": "Inner", "Startup Cost": 4.2, "Total Cost": 75442.11, "Plan Rows": 1919, "Plan Width": 21, "Actual Startup Time": 1042.632, "Actual Total Time": 1042.632, "Actual Rows": 0, "Actual Loops": 1, "Inner Unique": false, "Plans": [{"Node Type": "Nested Loop", "Parent Relationship": "Outer", "Join Type": "Inner", "Startup Cost": 3.69, "Total Cost": 66780.19, "Plan Rows": 1869, "Plan Width": 25, "Actual Startup Time": 1042.631, "Actual Total Time": 1042.631, "Actual Rows": 0, "Actual Loops": 1, "Inner Unique": true, "Plans": [{"Node Type": "Nested Loop", "Parent Relationship": "Outer", "Join Type": "Inner", "Startup Cost": 0.0, "Total Cost": 54902.47, "Plan Rows": 1540, "Plan Width": 4, "Actual Startup Time": 1042.63, "Actual Total Time": 1042.63, "Actual Rows": 0, "Actual Loops": 1, "Inner Unique": false, "Join Filter": "(ct.id = mc.company_type_id)", "Rows Removed by Join Filter": 24025, "Plans": [{"Node Type": "Seq Scan", "Parent Relationship": "Outer", "Relation Name": "company_type", "Alias": "ct", "Startup Cost": 0.0, "Total Cost": 1.04, "Plan Rows": 1, "Plan Width": 4, "Actual Startup Time": 0.018, "Actual Total Time": 0.023, "Actual Rows": 1, "Actual Loops": 1, "Filter": "((kind)::text = 'production companies'::text)", "Rows Removed by Filter": 2}, {"Node Type": "Seq Scan", "Parent Relationship": "Inner", "Relation Name": "movie_companies", "Alias": "mc", "Startup Cost": 0.0, "Total Cost": 54862.92, "Plan Rows": 3081, "Plan Width": 8, "Actual Startup Time": 8.934, "Actual Total Time": 1037.211, "Actual Rows": 24025, "Actual Loops": 1, "Filter": "(((note)::text ~~ '%(theatrical)%'::text) AND ((note)::text ~~ '%(France)%'::text))", "Rows Removed by Filter": 2585103}]}, {"Node Type": "Bitmap Heap Scan", "Parent Relationship": "Inner", "Relation Name": "title", "Alias": "t", "Startup Cost": 3.69, "Total Cost": 7.7, "Plan Rows": 1, "Plan Width": 21, "Actual Startup Time": 0.0, "Actual Total Time": 0.0, "Recheck Cond": "(id = mc.movie_id)", "Rows Removed by Index Recheck": 0, "Filter": "(production_year > 2005)", "Rows Removed by Filter": 0, "Exact Heap Blocks": 0, "Lossy Heap Blocks": 0, "Plans": [{"Node Type": "Bitmap Index Scan", "Parent Relationship": "Outer", "Index Name": "title_pkey", "Startup Cost": 0.0, "Total Cost": 3.69, "Plan Rows": 1, "Plan Width": 0, "Actual Startup Time": 0.0, "Actual Total Time": 0.0, "Index Cond": "(id = mc.movie_id)"}]}]}, {"Node Type": "Bitmap Heap Scan", "Parent Relationship": "Inner", "Relation Name": "movie_info", "Alias": "mi", "Startup Cost": 0.51, "Total Cost": 4.62, "Plan Rows": 1, "Plan Width": 8, "Actual Startup Time": 0.0, "Actual Total Time": 0.0, "Recheck Cond": "(movie_id = t.id)", "Rows Removed by Index Recheck": 0, "Filter": "((info)::text = ANY ('{Sweden,Norway,Germany,Denmark,Swedish,Denish,Norwegian,German}'::text[]))", "Rows Removed by Filter": 0, "Exact Heap Blocks": 0, "Lossy Heap Blocks": 0, "Plans": [{"Node Type": "Bitmap Index Scan", "Parent Relationship": "Outer", "Index Name": "movie_id_movie_info", "Startup Cost": 0.0, "Total Cost": 0.51, "Plan Rows": 5, "Plan Width": 0, "Actual Startup Time": 0.0, "Actual Total Time": 0.0, "Index Cond": "(movie_id = t.id)"}]}]}, {"Node Type": "Materialize", "Parent Relationship": "Inner", "Startup Cost": 0.0, "Total Cost": 2.68, "Plan Rows": 112, "Plan Width": 4, "Actual Startup Time": 0.0, "Actual Total Time": 0.0, "Plans": [{"Node Type": "Seq Scan", "Parent Relationship": "Outer", "Relation Name": "info_type", "Alias": "it", "Startup Cost": 0.0, "Total Cost": 2.12, "Plan Rows": 112, "Plan Width": 4, "Actual Startup Time": 0.0, "Actual Total Time": 0.0}]}]}]}, "Triggers": [], "Planner Runtime": 4.553, "Total Runtime": 1042.896, "Unique SQL Id": 2510907716}}, "(64, '51')": {"explain_plan": {"Plan": {"Node Type": "Aggregate", "Strategy": "Plain", "Startup Cost": 91311.03, "Total Cost": 91311.04, "Plan Rows": 1, "Plan Width": 49, "Plans": [{"Node Type": "Nested Loop", "Parent Relationship": "Outer", "Join Type": "Inner", "Startup Cost": 28966.17, "Total Cost": 91306.23, "Plan Rows": 1919, "Plan Width": 17, "Inner Unique": true, "Join Filter": "(mi.info_type_id = it.id)", "Plans": [{"Node Type": "Nested Loop", "Parent Relationship": "Outer", "Join Type": "Inner", "Startup Cost": 28957.33, "Total Cost": 88068.08, "Plan Rows": 1919, "Plan Width": 21, "Inner Unique": false, "Plans": [{"Node Type": "Nested Loop", "Parent Relationship": "Outer", "Join Type": "Inner", "Startup Cost": 28956.82, "Total Cost": 79406.16, "Plan Rows": 1869, "Plan Width": 25, "Inner Unique": true, "Plans": [{"Node Type": "Nested Loop", "Parent Relationship": "Outer", "Join Type": "Inner", "Startup Cost": 28953.13, "Total Cost": 67528.44, "Plan Rows": 1540, "Plan Width": 4, "Inner Unique": false, "Plans": [{"Node Type": "Bitmap Heap Scan", "Parent Relationship": "Outer", "Relation Name": "company_type", "Alias": "ct", "Startup Cost": 8.27, "Total Cost": 12.3, "Plan Rows": 1, "Plan Width": 4, "Filter": "((kind)::text = 'production companies'::text)", "Plans": [{"Node Type": "Bitmap Index Scan", "Parent Relationship": "Outer", "Index Name": "company_type_pkey", "Startup Cost": 0.0, "Total Cost": 8.27, "Plan Rows": 3, "Plan Width": 0}]}, {"Node Type": "Bitmap Heap Scan", "Parent Relationship": "Inner", "Relation Name": "movie_companies", "Alias": "mc", "Startup Cost": 28944.86, "Total Cost": 67500.74, "Plan Rows": 1540, "Plan Width": 8, "Recheck Cond": "(company_type_id = ct.id)", "Filter": "(((note)::text ~~ '%(theatrical)%'::text) AND ((note)::text ~~ '%(France)%'::text))", "Plans": [{"Node Type": "Bitmap Index Scan", "Parent Relationship": "Outer", "Index Name": "company_type_id_movie_companies", "Startup Cost": 0.0, "Total Cost": 28944.48, "Plan Rows": 1304564, "Plan Width": 0, "Index Cond": "(company_type_id = ct.id)"}]}]}, {"Node Type": "Bitmap Heap Scan", "Parent Relationship": "Inner", "Relation Name": "title", "Alias": "t", "Startup Cost": 3.69, "Total Cost": 7.7, "Plan Rows": 1, "Plan Width": 21, "Recheck Cond": "(id = mc.movie_id)", "Filter": "(production_year > 2005)", "Plans": [{"Node Type": "Bitmap Index Scan", "Parent Relationship": "Outer", "Index Name": "title_pkey", "Startup Cost": 0.0, "Total Cost": 3.69, "Plan Rows": 1, "Plan Width": 0, "Index Cond": "(id = mc.movie_id)"}]}]}, {"Node Type": "Bitmap Heap Scan", "Parent Relationship": "Inner", "Relation Name": "movie_info", "Alias": "mi", "Startup Cost": 0.51, "Total Cost": 4.62, "Plan Rows": 1, "Plan Width": 8, "Recheck Cond": "(movie_id = t.id)", "Filter": "((info)::text = ANY ('{Sweden,Norway,Germany,Denmark,Swedish,Denish,Norwegian,German}'::text[]))", "Plans": [{"Node Type": "Bitmap Index Scan", "Parent Relationship": "Outer", "Index Name": "movie_id_movie_info", "Startup Cost": 0.0, "Total Cost": 0.51, "Plan Rows": 5, "Plan Width": 0, "Index Cond": "(movie_id = t.id)"}]}]}, {"Node Type": "Materialize", "Parent Relationship": "Inner", "Startup Cost": 8.84, "Total Cost": 14.52, "Plan Rows": 112, "Plan Width": 4, "Plans": [{"Node Type": "Bitmap Heap Scan", "Parent Relationship": "Outer", "Relation Name": "info_type", "Alias": "it", "Startup Cost": 8.84, "Total Cost": 13.96, "Plan Rows": 112, "Plan Width": 4, "Plans": [{"Node Type": "Bitmap Index Scan", "Parent Relationship": "Outer", "Index Name": "info_type_pkey", "Startup Cost": 0.0, "Total Cost": 8.81, "Plan Rows": 112, "Plan Width": 0}]}]}]}]}, "Unique SQL Id": 2510907716, "Planner Runtime": 3}, "explain_analyze_plan": {"Plan": {"Node Type": "Aggregate", "Strategy": "Plain", "Startup Cost": 91311.03, "Total Cost": 91311.04, "Plan Rows": 1, "Plan Width": 49, "Actual Startup Time": 627.343, "Actual Total Time": 627.343, "Actual Rows": 1, "Actual Loops": 1, "Plans": [{"Node Type": "Nested Loop", "Parent Relationship": "Outer", "Join Type": "Inner", "Startup Cost": 28966.17, "Total Cost": 91306.23, "Plan Rows": 1919, "Plan Width": 17, "Actual Startup Time": 627.335, "Actual Total Time": 627.335, "Actual Rows": 0, "Actual Loops": 1, "Inner Unique": true, "Join Filter": "(mi.info_type_id = it.id)", "Rows Removed by Join Filter": 0, "Plans": [{"Node Type": "Nested Loop", "Parent Relationship": "Outer", "Join Type": "Inner", "Startup Cost": 28957.33, "Total Cost": 88068.08, "Plan Rows": 1919, "Plan Width": 21, "Actual Startup Time": 627.331, "Actual Total Time": 627.331, "Actual Rows": 0, "Actual Loops": 1, "Inner Unique": false, "Plans": [{"Node Type": "Nested Loop", "Parent Relationship": "Outer", "Join Type": "Inner", "Startup Cost": 28956.82, "Total Cost": 79406.16, "Plan Rows": 1869, "Plan Width": 25, "Actual Startup Time": 627.33, "Actual Total Time": 627.33, "Actual Rows": 0, "Actual Loops": 1, "Inner Unique": true, "Plans": [{"Node Type": "Nested Loop", "Parent Relationship": "Outer", "Join Type": "Inner", "Startup Cost": 28953.13, "Total Cost": 67528.44, "Plan Rows": 1540, "Plan Width": 4, "Actual Startup Time": 627.328, "Actual Total Time": 627.328, "Actual Rows": 0, "Actual Loops": 1, "Inner Unique": false, "Plans": [{"Node Type": "Bitmap Heap Scan", "Parent Relationship": "Outer", "Relation Name": "company_type", "Alias": "ct", "Startup Cost": 8.27, "Total Cost": 12.3, "Plan Rows": 1, "Plan Width": 4, "Actual Startup Time": 0.041, "Actual Total Time": 0.048, "Actual Rows": 1, "Actual Loops": 1, "Filter": "((kind)::text = 'production companies'::text)", "Rows Removed by Filter": 2, "Exact Heap Blocks": 1, "Lossy Heap Blocks": 1, "Plans": [{"Node Type": "Bitmap Index Scan", "Parent Relationship": "Outer", "Index Name": "company_type_pkey", "Startup Cost": 0.0, "Total Cost": 8.27, "Plan Rows": 3, "Plan Width": 0, "Actual Startup Time": 0.016, "Actual Total Time": 0.016, "Actual Rows": 3, "Actual Loops": 1}]}, {"Node Type": "Bitmap Heap Scan", "Parent Relationship": "Inner", "Relation Name": "movie_companies", "Alias": "mc", "Startup Cost": 28944.86, "Total Cost": 67500.74, "Plan Rows": 1540, "Plan Width": 8, "Actual Startup Time": 627.272, "Actual Total Time": 627.272, "Actual Rows": 0, "Actual Loops": 1, "Recheck Cond": "(company_type_id = ct.id)", "Rows Removed by Index Recheck": 0, "Filter": "(((note)::text ~~ '%(theatrical)%'::text) AND ((note)::text ~~ '%(France)%'::text))", "Rows Removed by Filter": 1334883, "Exact Heap Blocks": 6196, "Lossy Heap Blocks": 6196, "Plans": [{"Node Type": "Bitmap Index Scan", "Parent Relationship": "Outer", "Index Name": "company_type_id_movie_companies", "Startup Cost": 0.0, "Total Cost": 28944.48, "Plan Rows": 1304564, "Plan Width": 0, "Actual Startup Time": 150.455, "Actual Total Time": 150.455, "Actual Rows": 1334883, "Actual Loops": 1, "Index Cond": "(company_type_id = ct.id)"}]}]}, {"Node Type": "Bitmap Heap Scan", "Parent Relationship": "Inner", "Relation Name": "title", "Alias": "t", "Startup Cost": 3.69, "Total Cost": 7.7, "Plan Rows": 1, "Plan Width": 21, "Actual Startup Time": 0.0, "Actual Total Time": 0.0, "Recheck Cond": "(id = mc.movie_id)", "Rows Removed by Index Recheck": 0, "Filter": "(production_year > 2005)", "Rows Removed by Filter": 0, "Exact Heap Blocks": 0, "Lossy Heap Blocks": 0, "Plans": [{"Node Type": "Bitmap Index Scan", "Parent Relationship": "Outer", "Index Name": "title_pkey", "Startup Cost": 0.0, "Total Cost": 3.69, "Plan Rows": 1, "Plan Width": 0, "Actual Startup Time": 0.0, "Actual Total Time": 0.0, "Index Cond": "(id = mc.movie_id)"}]}]}, {"Node Type": "Bitmap Heap Scan", "Parent Relationship": "Inner", "Relation Name": "movie_info", "Alias": "mi", "Startup Cost": 0.51, "Total Cost": 4.62, "Plan Rows": 1, "Plan Width": 8, "Actual Startup Time": 0.0, "Actual Total Time": 0.0, "Recheck Cond": "(movie_id = t.id)", "Rows Removed by Index Recheck": 0, "Filter": "((info)::text = ANY ('{Sweden,Norway,Germany,Denmark,Swedish,Denish,Norwegian,German}'::text[]))", "Rows Removed by Filter": 0, "Exact Heap Blocks": 0, "Lossy Heap Blocks": 0, "Plans": [{"Node Type": "Bitmap Index Scan", "Parent Relationship": "Outer", "Index Name": "movie_id_movie_info", "Startup Cost": 0.0, "Total Cost": 0.51, "Plan Rows": 5, "Plan Width": 0, "Actual Startup Time": 0.0, "Actual Total Time": 0.0, "Index Cond": "(movie_id = t.id)"}]}]}, {"Node Type": "Materialize", "Parent Relationship": "Inner", "Startup Cost": 8.84, "Total Cost": 14.52, "Plan Rows": 112, "Plan Width": 4, "Actual Startup Time": 0.0, "Actual Total Time": 0.0, "Plans": [{"Node Type": "Bitmap Heap Scan", "Parent Relationship": "Outer", "Relation Name": "info_type", "Alias": "it", "Startup Cost": 8.84, "Total Cost": 13.96, "Plan Rows": 112, "Plan Width": 4, "Actual Startup Time": 0.0, "Actual Total Time": 0.0, "Exact Heap Blocks": 0, "Lossy Heap Blocks": 0, "Plans": [{"Node Type": "Bitmap Index Scan", "Parent Relationship": "Outer", "Index Name": "info_type_pkey", "Startup Cost": 0.0, "Total Cost": 8.81, "Plan Rows": 112, "Plan Width": 0, "Actual Startup Time": 0.0, "Actual Total Time": 0.0}]}]}]}]}, "Triggers": [], "Planner Runtime": 3.48, "Total Runtime": 627.665, "Unique SQL Id": 2510907716}}, "(64, '52')": {"explain_plan": {"Plan": {"Node Type": "Aggregate", "Strategy": "Plain", "Startup Cost": 69341.46, "Total Cost": 69341.47, "Plan Rows": 1, "Plan Width": 49, "Plans": [{"Node Type": "Nested Loop", "Parent Relationship": "Outer", "Join Type": "Inner", "Startup Cost": 0.0, "Total Cost": 69336.67, "Plan Rows": 1919, "Plan Width": 17, "Inner Unique": true, "Plans": [{"Node Type": "Nested Loop", "Parent Relationship": "Outer", "Join Type": "Inner", "Startup Cost": 0.0, "Total Cost": 68799.18, "Plan Rows": 1919, "Plan Width": 21, "Inner Unique": false, "Plans": [{"Node Type": "Nested Loop", "Parent Relationship": "Outer", "Join Type": "Inner", "Startup Cost": 0.0, "Total Cost": 66519.89, "Plan Rows": 1869, "Plan Width": 25, "Inner Unique": true, "Plans": [{"Node Type": "Nested Loop", "Parent Relationship": "Outer", "Join Type": "Inner", "Startup Cost": 0.0, "Total Cost": 54902.47, "Plan Rows": 1540, "Plan Width": 4, "Inner Unique": false, "Join Filter": "(ct.id = mc.company_type_id)", "Plans": [{"Node Type": "Seq Scan", "Parent Relationship": "Outer", "Relation Name": "company_type", "Alias": "ct", "Startup Cost": 0.0, "Total Cost": 1.04, "Plan Rows": 1, "Plan Width": 4, "Filter": "((kind)::text = 'production companies'::text)"}, {"Node Type": "Seq Scan", "Parent Relationship": "Inner", "Relation Name": "movie_companies", "Alias": "mc", "Startup Cost": 0.0, "Total Cost": 54862.92, "Plan Rows": 3081, "Plan Width": 8, "Filter": "(((note)::text ~~ '%(theatrical)%'::text) AND ((note)::text ~~ '%(France)%'::text))"}]}, {"Node Type": "Index Scan", "Parent Relationship": "Inner", "Scan Direction": "Forward", "Index Name": "title_pkey", "Relation Name": "title", "Alias": "t", "Startup Cost": 0.0, "Total Cost": 7.53, "Plan Rows": 1, "Plan Width": 21, "Index Cond": "(id = mc.movie_id)", "Filter": "(production_year > 2005)"}]}, {"Node Type": "Index Scan", "Parent Relationship": "Inner", "Scan Direction": "Forward", "Index Name": "movie_id_movie_info", "Relation Name": "movie_info", "Alias": "mi", "Startup Cost": 0.0, "Total Cost": 1.21, "Plan Rows": 1, "Plan Width": 8, "Index Cond": "(movie_id = t.id)", "Filter": "((info)::text = ANY ('{Sweden,Norway,Germany,Denmark,Swedish,Denish,Norwegian,German}'::text[]))"}]}, {"Node Type": "Index Scan", "Parent Relationship": "Inner", "Scan Direction": "Forward", "Index Name": "info_type_pkey", "Relation Name": "info_type", "Alias": "it", "Startup Cost": 0.0, "Total Cost": 0.27, "Plan Rows": 1, "Plan Width": 4, "Index Cond": "(id = mi.info_type_id)"}]}]}, "Unique SQL Id": 2510907716, "Planner Runtime": 4}, "explain_analyze_plan": {"Plan": {"Node Type": "Aggregate", "Strategy": "Plain", "Startup Cost": 69341.46, "Total Cost": 69341.47, "Plan Rows": 1, "Plan Width": 49, "Actual Startup Time": 1049.484, "Actual Total Time": 1049.485, "Actual Rows": 1, "Actual Loops": 1, "Plans": [{"Node Type": "Nested Loop", "Parent Relationship": "Outer", "Join Type": "Inner", "Startup Cost": 0.0, "Total Cost": 69336.67, "Plan Rows": 1919, "Plan Width": 17, "Actual Startup Time": 1049.476, "Actual Total Time": 1049.476, "Actual Rows": 0, "Actual Loops": 1, "Inner Unique": true, "Plans": [{"Node Type": "Nested Loop", "Parent Relationship": "Outer", "Join Type": "Inner", "Startup Cost": 0.0, "Total Cost": 68799.18, "Plan Rows": 1919, "Plan Width": 21, "Actual Startup Time": 1049.475, "Actual Total Time": 1049.475, "Actual Rows": 0, "Actual Loops": 1, "Inner Unique": false, "Plans": [{"Node Type": "Nested Loop", "Parent Relationship": "Outer", "Join Type": "Inner", "Startup Cost": 0.0, "Total Cost": 66519.89, "Plan Rows": 1869, "Plan Width": 25, "Actual Startup Time": 1049.474, "Actual Total Time": 1049.474, "Actual Rows": 0, "Actual Loops": 1, "Inner Unique": true, "Plans": [{"Node Type": "Nested Loop", "Parent Relationship": "Outer", "Join Type": "Inner", "Startup Cost": 0.0, "Total Cost": 54902.47, "Plan Rows": 1540, "Plan Width": 4, "Actual Startup Time": 1049.473, "Actual Total Time": 1049.473, "Actual Rows": 0, "Actual Loops": 1, "Inner Unique": false, "Join Filter": "(ct.id = mc.company_type_id)", "Rows Removed by Join Filter": 24025, "Plans": [{"Node Type": "Seq Scan", "Parent Relationship": "Outer", "Relation Name": "company_type", "Alias": "ct", "Startup Cost": 0.0, "Total Cost": 1.04, "Plan Rows": 1, "Plan Width": 4, "Actual Startup Time": 0.013, "Actual Total Time": 0.019, "Actual Rows": 1, "Actual Loops": 1, "Filter": "((kind)::text = 'production companies'::text)", "Rows Removed by Filter": 2}, {"Node Type": "Seq Scan", "Parent Relationship": "Inner", "Relation Name": "movie_companies", "Alias": "mc", "Startup Cost": 0.0, "Total Cost": 54862.92, "Plan Rows": 3081, "Plan Width": 8, "Actual Startup Time": 8.922, "Actual Total Time": 1044.162, "Actual Rows": 24025, "Actual Loops": 1, "Filter": "(((note)::text ~~ '%(theatrical)%'::text) AND ((note)::text ~~ '%(France)%'::text))", "Rows Removed by Filter": 2585103}]}, {"Node Type": "Index Scan", "Parent Relationship": "Inner", "Scan Direction": "Forward", "Index Name": "title_pkey", "Relation Name": "title", "Alias": "t", "Startup Cost": 0.0, "Total Cost": 7.53, "Plan Rows": 1, "Plan Width": 21, "Actual Startup Time": 0.0, "Actual Total Time": 0.0, "Index Cond": "(id = mc.movie_id)", "Rows Removed by Index Recheck": 0, "Filter": "(production_year > 2005)", "Rows Removed by Filter": 0}]}, {"Node Type": "Index Scan", "Parent Relationship": "Inner", "Scan Direction": "Forward", "Index Name": "movie_id_movie_info", "Relation Name": "movie_info", "Alias": "mi", "Startup Cost": 0.0, "Total Cost": 1.21, "Plan Rows": 1, "Plan Width": 8, "Actual Startup Time": 0.0, "Actual Total Time": 0.0, "Index Cond": "(movie_id = t.id)", "Rows Removed by Index Recheck": 0, "Filter": "((info)::text = ANY ('{Sweden,Norway,Germany,Denmark,Swedish,Denish,Norwegian,German}'::text[]))", "Rows Removed by Filter": 0}]}, {"Node Type": "Index Scan", "Parent Relationship": "Inner", "Scan Direction": "Forward", "Index Name": "info_type_pkey", "Relation Name": "info_type", "Alias": "it", "Startup Cost": 0.0, "Total Cost": 0.27, "Plan Rows": 1, "Plan Width": 4, "Actual Startup Time": 0.0, "Actual Total Time": 0.0, "Index Cond": "(id = mi.info_type_id)", "Rows Removed by Index Recheck": 0}]}]}, "Triggers": [], "Planner Runtime": 11.028, "Total Runtime": 1049.796, "Unique SQL Id": 2510907716}}, "(64, '53')": {"explain_plan": {"Plan": {"Node Type": "Aggregate", "Strategy": "Plain", "Startup Cost": 74107.05, "Total Cost": 74107.06, "Plan Rows": 1, "Plan Width": 49, "Plans": [{"Node Type": "Nested Loop", "Parent Relationship": "Outer", "Join Type": "Inner", "Startup Cost": 0.0, "Total Cost": 74102.25, "Plan Rows": 1919, "Plan Width": 17, "Inner Unique": true, "Plans": [{"Node Type": "Nested Loop", "Parent Relationship": "Outer", "Join Type": "Inner", "Startup Cost": 0.0, "Total Cost": 73564.77, "Plan Rows": 1919, "Plan Width": 21, "Inner Unique": false, "Plans": [{"Node Type": "Nested Loop", "Parent Relationship": "Outer", "Join Type": "Inner", "Startup Cost": 0.0, "Total Cost": 71285.47, "Plan Rows": 1869, "Plan Width": 25, "Inner Unique": true, "Plans": [{"Node Type": "Nested Loop", "Parent Relationship": "Outer", "Join Type": "Inner", "Startup Cost": 0.0, "Total Cost": 59668.05, "Plan Rows": 1540, "Plan Width": 4, "Inner Unique": false, "Plans": [{"Node Type": "Index Scan", "Parent Relationship": "Outer", "Scan Direction": "Forward", "Index Name": "company_type_pkey", "Relation Name": "company_type", "Alias": "ct", "Startup Cost": 0.0, "Total Cost": 12.3, "Plan Rows": 1, "Plan Width": 4, "Filter": "((kind)::text = 'production companies'::text)"}, {"Node Type": "Index Scan", "Parent Relationship": "Inner", "Scan Direction": "Forward", "Index Name": "company_type_id_movie_companies", "Relation Name": "movie_companies", "Alias": "mc", "Startup Cost": 0.0, "Total Cost": 59640.35, "Plan Rows": 1540, "Plan Width": 8, "Index Cond": "(company_type_id = ct.id)", "Filter": "(((note)::text ~~ '%(theatrical)%'::text) AND ((note)::text ~~ '%(France)%'::text))"}]}, {"Node Type": "Index Scan", "Parent Relationship": "Inner", "Scan Direction": "Forward", "Index Name": "title_pkey", "Relation Name": "title", "Alias": "t", "Startup Cost": 0.0, "Total Cost": 7.53, "Plan Rows": 1, "Plan Width": 21, "Index Cond": "(id = mc.movie_id)", "Filter": "(production_year > 2005)"}]}, {"Node Type": "Index Scan", "Parent Relationship": "Inner", "Scan Direction": "Forward", "Index Name": "movie_id_movie_info", "Relation Name": "movie_info", "Alias": "mi", "Startup Cost": 0.0, "Total Cost": 1.21, "Plan Rows": 1, "Plan Width": 8, "Index Cond": "(movie_id = t.id)", "Filter": "((info)::text = ANY ('{Sweden,Norway,Germany,Denmark,Swedish,Denish,Norwegian,German}'::text[]))"}]}, {"Node Type": "Index Scan", "Parent Relationship": "Inner", "Scan Direction": "Forward", "Index Name": "info_type_pkey", "Relation Name": "info_type", "Alias": "it", "Startup Cost": 0.0, "Total Cost": 0.27, "Plan Rows": 1, "Plan Width": 4, "Index Cond": "(id = mi.info_type_id)"}]}]}, "Unique SQL Id": 2510907716, "Planner Runtime": 3}, "explain_analyze_plan": {"Plan": {"Node Type": "Aggregate", "Strategy": "Plain", "Startup Cost": 74107.05, "Total Cost": 74107.06, "Plan Rows": 1, "Plan Width": 49, "Actual Startup Time": 698.478, "Actual Total Time": 698.478, "Actual Rows": 1, "Actual Loops": 1, "Plans": [{"Node Type": "Nested Loop", "Parent Relationship": "Outer", "Join Type": "Inner", "Startup Cost": 0.0, "Total Cost": 74102.25, "Plan Rows": 1919, "Plan Width": 17, "Actual Startup Time": 698.471, "Actual Total Time": 698.471, "Actual Rows": 0, "Actual Loops": 1, "Inner Unique": true, "Plans": [{"Node Type": "Nested Loop", "Parent Relationship": "Outer", "Join Type": "Inner", "Startup Cost": 0.0, "Total Cost": 73564.77, "Plan Rows": 1919, "Plan Width": 21, "Actual Startup Time": 698.468, "Actual Total Time": 698.468, "Actual Rows": 0, "Actual Loops": 1, "Inner Unique": false, "Plans": [{"Node Type": "Nested Loop", "Parent Relationship": "Outer", "Join Type": "Inner", "Startup Cost": 0.0, "Total Cost": 71285.47, "Plan Rows": 1869, "Plan Width": 25, "Actual Startup Time": 698.467, "Actual Total Time": 698.467, "Actual Rows": 0, "Actual Loops": 1, "Inner Unique": true, "Plans": [{"Node Type": "Nested Loop", "Parent Relationship": "Outer", "Join Type": "Inner", "Startup Cost": 0.0, "Total Cost": 59668.05, "Plan Rows": 1540, "Plan Width": 4, "Actual Startup Time": 698.466, "Actual Total Time": 698.466, "Actual Rows": 0, "Actual Loops": 1, "Inner Unique": false, "Plans": [{"Node Type": "Index Scan", "Parent Relationship": "Outer", "Scan Direction": "Forward", "Index Name": "company_type_pkey", "Relation Name": "company_type", "Alias": "ct", "Startup Cost": 0.0, "Total Cost": 12.3, "Plan Rows": 1, "Plan Width": 4, "Actual Startup Time": 0.014, "Actual Total Time": 0.022, "Actual Rows": 1, "Actual Loops": 1, "Filter": "((kind)::text = 'production companies'::text)", "Rows Removed by Filter": 2}, {"Node Type": "Index Scan", "Parent Relationship": "Inner", "Scan Direction": "Forward", "Index Name": "company_type_id_movie_companies", "Relation Name": "movie_companies", "Alias": "mc", "Startup Cost": 0.0, "Total Cost": 59640.35, "Plan Rows": 1540, "Plan Width": 8, "Actual Startup Time": 698.437, "Actual Total Time": 698.437, "Actual Rows": 0, "Actual Loops": 1, "Index Cond": "(company_type_id = ct.id)", "Rows Removed by Index Recheck": 0, "Filter": "(((note)::text ~~ '%(theatrical)%'::text) AND ((note)::text ~~ '%(France)%'::text))", "Rows Removed by Filter": 1334883}]}, {"Node Type": "Index Scan", "Parent Relationship": "Inner", "Scan Direction": "Forward", "Index Name": "title_pkey", "Relation Name": "title", "Alias": "t", "Startup Cost": 0.0, "Total Cost": 7.53, "Plan Rows": 1, "Plan Width": 21, "Actual Startup Time": 0.0, "Actual Total Time": 0.0, "Index Cond": "(id = mc.movie_id)", "Rows Removed by Index Recheck": 0, "Filter": "(production_year > 2005)", "Rows Removed by Filter": 0}]}, {"Node Type": "Index Scan", "Parent Relationship": "Inner", "Scan Direction": "Forward", "Index Name": "movie_id_movie_info", "Relation Name": "movie_info", "Alias": "mi", "Startup Cost": 0.0, "Total Cost": 1.21, "Plan Rows": 1, "Plan Width": 8, "Actual Startup Time": 0.0, "Actual Total Time": 0.0, "Index Cond": "(movie_id = t.id)", "Rows Removed by Index Recheck": 0, "Filter": "((info)::text = ANY ('{Sweden,Norway,Germany,Denmark,Swedish,Denish,Norwegian,German}'::text[]))", "Rows Removed by Filter": 0}]}, {"Node Type": "Index Scan", "Parent Relationship": "Inner", "Scan Direction": "Forward", "Index Name": "info_type_pkey", "Relation Name": "info_type", "Alias": "it", "Startup Cost": 0.0, "Total Cost": 0.27, "Plan Rows": 1, "Plan Width": 4, "Actual Startup Time": 0.0, "Actual Total Time": 0.0, "Index Cond": "(id = mi.info_type_id)", "Rows Removed by Index Recheck": 0}]}]}, "Triggers": [], "Planner Runtime": 8.158, "Total Runtime": 698.747, "Unique SQL Id": 2510907716}}, "(64, '54')": {"explain_plan": {"Plan": {"Node Type": "Aggregate", "Strategy": "Plain", "Startup Cost": 78673.23, "Total Cost": 78673.24, "Plan Rows": 1, "Plan Width": 49, "Plans": [{"Node Type": "Nested Loop", "Parent Relationship": "Outer", "Join Type": "Inner", "Startup Cost": 4.2, "Total Cost": 78668.43, "Plan Rows": 1919, "Plan Width": 17, "Inner Unique": true, "Join Filter": "(mi.info_type_id = it.id)", "Plans": [{"Node Type": "Nested Loop", "Parent Relationship": "Outer", "Join Type": "Inner", "Startup Cost": 4.2, "Total Cost": 75442.11, "Plan Rows": 1919, "Plan Width": 21, "Inner Unique": false, "Plans": [{"Node Type": "Nested Loop", "Parent Relationship": "Outer", "Join Type": "Inner", "Startup Cost": 3.69, "Total Cost": 66780.19, "Plan Rows": 1869, "Plan Width": 25, "Inner Unique": true, "Plans": [{"Node Type": "Nested Loop", "Parent Relationship": "Outer", "Join Type": "Inner", "Startup Cost": 0.0, "Total Cost": 54902.47, "Plan Rows": 1540, "Plan Width": 4, "Inner Unique": false, "Join Filter": "(ct.id = mc.company_type_id)", "Plans": [{"Node Type": "Seq Scan", "Parent Relationship": "Outer", "Relation Name": "company_type", "Alias": "ct", "Startup Cost": 0.0, "Total Cost": 1.04, "Plan Rows": 1, "Plan Width": 4, "Filter": "((kind)::text = 'production companies'::text)"}, {"Node Type": "Seq Scan", "Parent Relationship": "Inner", "Relation Name": "movie_companies", "Alias": "mc", "Startup Cost": 0.0, "Total Cost": 54862.92, "Plan Rows": 3081, "Plan Width": 8, "Filter": "(((note)::text ~~ '%(theatrical)%'::text) AND ((note)::text ~~ '%(France)%'::text))"}]}, {"Node Type": "Bitmap Heap Scan", "Parent Relationship": "Inner", "Relation Name": "title", "Alias": "t", "Startup Cost": 3.69, "Total Cost": 7.7, "Plan Rows": 1, "Plan Width": 21, "Recheck Cond": "(id = mc.movie_id)", "Filter": "(production_year > 2005)", "Plans": [{"Node Type": "Bitmap Index Scan", "Parent Relationship": "Outer", "Index Name": "title_pkey", "Startup Cost": 0.0, "Total Cost": 3.69, "Plan Rows": 1, "Plan Width": 0, "Index Cond": "(id = mc.movie_id)"}]}]}, {"Node Type": "Bitmap Heap Scan", "Parent Relationship": "Inner", "Relation Name": "movie_info", "Alias": "mi", "Startup Cost": 0.51, "Total Cost": 4.62, "Plan Rows": 1, "Plan Width": 8, "Recheck Cond": "(movie_id = t.id)", "Filter": "((info)::text = ANY ('{Sweden,Norway,Germany,Denmark,Swedish,Denish,Norwegian,German}'::text[]))", "Plans": [{"Node Type": "Bitmap Index Scan", "Parent Relationship": "Outer", "Index Name": "movie_id_movie_info", "Startup Cost": 0.0, "Total Cost": 0.51, "Plan Rows": 5, "Plan Width": 0, "Index Cond": "(movie_id = t.id)"}]}]}, {"Node Type": "Materialize", "Parent Relationship": "Inner", "Startup Cost": 0.0, "Total Cost": 2.68, "Plan Rows": 112, "Plan Width": 4, "Plans": [{"Node Type": "Seq Scan", "Parent Relationship": "Outer", "Relation Name": "info_type", "Alias": "it", "Startup Cost": 0.0, "Total Cost": 2.12, "Plan Rows": 112, "Plan Width": 4}]}]}]}, "Unique SQL Id": 2510907716, "Planner Runtime": 4}, "explain_analyze_plan": {"Plan": {"Node Type": "Aggregate", "Strategy": "Plain", "Startup Cost": 78673.23, "Total Cost": 78673.24, "Plan Rows": 1, "Plan Width": 49, "Actual Startup Time": 1042.644, "Actual Total Time": 1042.644, "Actual Rows": 1, "Actual Loops": 1, "Plans": [{"Node Type": "Nested Loop", "Parent Relationship": "Outer", "Join Type": "Inner", "Startup Cost": 4.2, "Total Cost": 78668.43, "Plan Rows": 1919, "Plan Width": 17, "Actual Startup Time": 1042.633, "Actual Total Time": 1042.633, "Actual Rows": 0, "Actual Loops": 1, "Inner Unique": true, "Join Filter": "(mi.info_type_id = it.id)", "Rows Removed by Join Filter": 0, "Plans": [{"Node Type": "Nested Loop", "Parent Relationship": "Outer", "Join Type": "Inner", "Startup Cost": 4.2, "Total Cost": 75442.11, "Plan Rows": 1919, "Plan Width": 21, "Actual Startup Time": 1042.632, "Actual Total Time": 1042.632, "Actual Rows": 0, "Actual Loops": 1, "Inner Unique": false, "Plans": [{"Node Type": "Nested Loop", "Parent Relationship": "Outer", "Join Type": "Inner", "Startup Cost": 3.69, "Total Cost": 66780.19, "Plan Rows": 1869, "Plan Width": 25, "Actual Startup Time": 1042.631, "Actual Total Time": 1042.631, "Actual Rows": 0, "Actual Loops": 1, "Inner Unique": true, "Plans": [{"Node Type": "Nested Loop", "Parent Relationship": "Outer", "Join Type": "Inner", "Startup Cost": 0.0, "Total Cost": 54902.47, "Plan Rows": 1540, "Plan Width": 4, "Actual Startup Time": 1042.63, "Actual Total Time": 1042.63, "Actual Rows": 0, "Actual Loops": 1, "Inner Unique": false, "Join Filter": "(ct.id = mc.company_type_id)", "Rows Removed by Join Filter": 24025, "Plans": [{"Node Type": "Seq Scan", "Parent Relationship": "Outer", "Relation Name": "company_type", "Alias": "ct", "Startup Cost": 0.0, "Total Cost": 1.04, "Plan Rows": 1, "Plan Width": 4, "Actual Startup Time": 0.018, "Actual Total Time": 0.023, "Actual Rows": 1, "Actual Loops": 1, "Filter": "((kind)::text = 'production companies'::text)", "Rows Removed by Filter": 2}, {"Node Type": "Seq Scan", "Parent Relationship": "Inner", "Relation Name": "movie_companies", "Alias": "mc", "Startup Cost": 0.0, "Total Cost": 54862.92, "Plan Rows": 3081, "Plan Width": 8, "Actual Startup Time": 8.934, "Actual Total Time": 1037.211, "Actual Rows": 24025, "Actual Loops": 1, "Filter": "(((note)::text ~~ '%(theatrical)%'::text) AND ((note)::text ~~ '%(France)%'::text))", "Rows Removed by Filter": 2585103}]}, {"Node Type": "Bitmap Heap Scan", "Parent Relationship": "Inner", "Relation Name": "title", "Alias": "t", "Startup Cost": 3.69, "Total Cost": 7.7, "Plan Rows": 1, "Plan Width": 21, "Actual Startup Time": 0.0, "Actual Total Time": 0.0, "Recheck Cond": "(id = mc.movie_id)", "Rows Removed by Index Recheck": 0, "Filter": "(production_year > 2005)", "Rows Removed by Filter": 0, "Exact Heap Blocks": 0, "Lossy Heap Blocks": 0, "Plans": [{"Node Type": "Bitmap Index Scan", "Parent Relationship": "Outer", "Index Name": "title_pkey", "Startup Cost": 0.0, "Total Cost": 3.69, "Plan Rows": 1, "Plan Width": 0, "Actual Startup Time": 0.0, "Actual Total Time": 0.0, "Index Cond": "(id = mc.movie_id)"}]}]}, {"Node Type": "Bitmap Heap Scan", "Parent Relationship": "Inner", "Relation Name": "movie_info", "Alias": "mi", "Startup Cost": 0.51, "Total Cost": 4.62, "Plan Rows": 1, "Plan Width": 8, "Actual Startup Time": 0.0, "Actual Total Time": 0.0, "Recheck Cond": "(movie_id = t.id)", "Rows Removed by Index Recheck": 0, "Filter": "((info)::text = ANY ('{Sweden,Norway,Germany,Denmark,Swedish,Denish,Norwegian,German}'::text[]))", "Rows Removed by Filter": 0, "Exact Heap Blocks": 0, "Lossy Heap Blocks": 0, "Plans": [{"Node Type": "Bitmap Index Scan", "Parent Relationship": "Outer", "Index Name": "movie_id_movie_info", "Startup Cost": 0.0, "Total Cost": 0.51, "Plan Rows": 5, "Plan Width": 0, "Actual Startup Time": 0.0, "Actual Total Time": 0.0, "Index Cond": "(movie_id = t.id)"}]}]}, {"Node Type": "Materialize", "Parent Relationship": "Inner", "Startup Cost": 0.0, "Total Cost": 2.68, "Plan Rows": 112, "Plan Width": 4, "Actual Startup Time": 0.0, "Actual Total Time": 0.0, "Plans": [{"Node Type": "Seq Scan", "Parent Relationship": "Outer", "Relation Name": "info_type", "Alias": "it", "Startup Cost": 0.0, "Total Cost": 2.12, "Plan Rows": 112, "Plan Width": 4, "Actual Startup Time": 0.0, "Actual Total Time": 0.0}]}]}]}, "Triggers": [], "Planner Runtime": 4.553, "Total Runtime": 1042.896, "Unique SQL Id": 2510907716}}, "(64, '55')": {"explain_plan": {"Plan": {"Node Type": "Aggregate", "Strategy": "Plain", "Startup Cost": 91311.03, "Total Cost": 91311.04, "Plan Rows": 1, "Plan Width": 49, "Plans": [{"Node Type": "Nested Loop", "Parent Relationship": "Outer", "Join Type": "Inner", "Startup Cost": 28966.17, "Total Cost": 91306.23, "Plan Rows": 1919, "Plan Width": 17, "Inner Unique": true, "Join Filter": "(mi.info_type_id = it.id)", "Plans": [{"Node Type": "Nested Loop", "Parent Relationship": "Outer", "Join Type": "Inner", "Startup Cost": 28957.33, "Total Cost": 88068.08, "Plan Rows": 1919, "Plan Width": 21, "Inner Unique": false, "Plans": [{"Node Type": "Nested Loop", "Parent Relationship": "Outer", "Join Type": "Inner", "Startup Cost": 28956.82, "Total Cost": 79406.16, "Plan Rows": 1869, "Plan Width": 25, "Inner Unique": true, "Plans": [{"Node Type": "Nested Loop", "Parent Relationship": "Outer", "Join Type": "Inner", "Startup Cost": 28953.13, "Total Cost": 67528.44, "Plan Rows": 1540, "Plan Width": 4, "Inner Unique": false, "Plans": [{"Node Type": "Bitmap Heap Scan", "Parent Relationship": "Outer", "Relation Name": "company_type", "Alias": "ct", "Startup Cost": 8.27, "Total Cost": 12.3, "Plan Rows": 1, "Plan Width": 4, "Filter": "((kind)::text = 'production companies'::text)", "Plans": [{"Node Type": "Bitmap Index Scan", "Parent Relationship": "Outer", "Index Name": "company_type_pkey", "Startup Cost": 0.0, "Total Cost": 8.27, "Plan Rows": 3, "Plan Width": 0}]}, {"Node Type": "Bitmap Heap Scan", "Parent Relationship": "Inner", "Relation Name": "movie_companies", "Alias": "mc", "Startup Cost": 28944.86, "Total Cost": 67500.74, "Plan Rows": 1540, "Plan Width": 8, "Recheck Cond": "(company_type_id = ct.id)", "Filter": "(((note)::text ~~ '%(theatrical)%'::text) AND ((note)::text ~~ '%(France)%'::text))", "Plans": [{"Node Type": "Bitmap Index Scan", "Parent Relationship": "Outer", "Index Name": "company_type_id_movie_companies", "Startup Cost": 0.0, "Total Cost": 28944.48, "Plan Rows": 1304564, "Plan Width": 0, "Index Cond": "(company_type_id = ct.id)"}]}]}, {"Node Type": "Bitmap Heap Scan", "Parent Relationship": "Inner", "Relation Name": "title", "Alias": "t", "Startup Cost": 3.69, "Total Cost": 7.7, "Plan Rows": 1, "Plan Width": 21, "Recheck Cond": "(id = mc.movie_id)", "Filter": "(production_year > 2005)", "Plans": [{"Node Type": "Bitmap Index Scan", "Parent Relationship": "Outer", "Index Name": "title_pkey", "Startup Cost": 0.0, "Total Cost": 3.69, "Plan Rows": 1, "Plan Width": 0, "Index Cond": "(id = mc.movie_id)"}]}]}, {"Node Type": "Bitmap Heap Scan", "Parent Relationship": "Inner", "Relation Name": "movie_info", "Alias": "mi", "Startup Cost": 0.51, "Total Cost": 4.62, "Plan Rows": 1, "Plan Width": 8, "Recheck Cond": "(movie_id = t.id)", "Filter": "((info)::text = ANY ('{Sweden,Norway,Germany,Denmark,Swedish,Denish,Norwegian,German}'::text[]))", "Plans": [{"Node Type": "Bitmap Index Scan", "Parent Relationship": "Outer", "Index Name": "movie_id_movie_info", "Startup Cost": 0.0, "Total Cost": 0.51, "Plan Rows": 5, "Plan Width": 0, "Index Cond": "(movie_id = t.id)"}]}]}, {"Node Type": "Materialize", "Parent Relationship": "Inner", "Startup Cost": 8.84, "Total Cost": 14.52, "Plan Rows": 112, "Plan Width": 4, "Plans": [{"Node Type": "Bitmap Heap Scan", "Parent Relationship": "Outer", "Relation Name": "info_type", "Alias": "it", "Startup Cost": 8.84, "Total Cost": 13.96, "Plan Rows": 112, "Plan Width": 4, "Plans": [{"Node Type": "Bitmap Index Scan", "Parent Relationship": "Outer", "Index Name": "info_type_pkey", "Startup Cost": 0.0, "Total Cost": 8.81, "Plan Rows": 112, "Plan Width": 0}]}]}]}]}, "Unique SQL Id": 2510907716, "Planner Runtime": 3}, "explain_analyze_plan": {"Plan": {"Node Type": "Aggregate", "Strategy": "Plain", "Startup Cost": 91311.03, "Total Cost": 91311.04, "Plan Rows": 1, "Plan Width": 49, "Actual Startup Time": 627.343, "Actual Total Time": 627.343, "Actual Rows": 1, "Actual Loops": 1, "Plans": [{"Node Type": "Nested Loop", "Parent Relationship": "Outer", "Join Type": "Inner", "Startup Cost": 28966.17, "Total Cost": 91306.23, "Plan Rows": 1919, "Plan Width": 17, "Actual Startup Time": 627.335, "Actual Total Time": 627.335, "Actual Rows": 0, "Actual Loops": 1, "Inner Unique": true, "Join Filter": "(mi.info_type_id = it.id)", "Rows Removed by Join Filter": 0, "Plans": [{"Node Type": "Nested Loop", "Parent Relationship": "Outer", "Join Type": "Inner", "Startup Cost": 28957.33, "Total Cost": 88068.08, "Plan Rows": 1919, "Plan Width": 21, "Actual Startup Time": 627.331, "Actual Total Time": 627.331, "Actual Rows": 0, "Actual Loops": 1, "Inner Unique": false, "Plans": [{"Node Type": "Nested Loop", "Parent Relationship": "Outer", "Join Type": "Inner", "Startup Cost": 28956.82, "Total Cost": 79406.16, "Plan Rows": 1869, "Plan Width": 25, "Actual Startup Time": 627.33, "Actual Total Time": 627.33, "Actual Rows": 0, "Actual Loops": 1, "Inner Unique": true, "Plans": [{"Node Type": "Nested Loop", "Parent Relationship": "Outer", "Join Type": "Inner", "Startup Cost": 28953.13, "Total Cost": 67528.44, "Plan Rows": 1540, "Plan Width": 4, "Actual Startup Time": 627.328, "Actual Total Time": 627.328, "Actual Rows": 0, "Actual Loops": 1, "Inner Unique": false, "Plans": [{"Node Type": "Bitmap Heap Scan", "Parent Relationship": "Outer", "Relation Name": "company_type", "Alias": "ct", "Startup Cost": 8.27, "Total Cost": 12.3, "Plan Rows": 1, "Plan Width": 4, "Actual Startup Time": 0.041, "Actual Total Time": 0.048, "Actual Rows": 1, "Actual Loops": 1, "Filter": "((kind)::text = 'production companies'::text)", "Rows Removed by Filter": 2, "Exact Heap Blocks": 1, "Lossy Heap Blocks": 1, "Plans": [{"Node Type": "Bitmap Index Scan", "Parent Relationship": "Outer", "Index Name": "company_type_pkey", "Startup Cost": 0.0, "Total Cost": 8.27, "Plan Rows": 3, "Plan Width": 0, "Actual Startup Time": 0.016, "Actual Total Time": 0.016, "Actual Rows": 3, "Actual Loops": 1}]}, {"Node Type": "Bitmap Heap Scan", "Parent Relationship": "Inner", "Relation Name": "movie_companies", "Alias": "mc", "Startup Cost": 28944.86, "Total Cost": 67500.74, "Plan Rows": 1540, "Plan Width": 8, "Actual Startup Time": 627.272, "Actual Total Time": 627.272, "Actual Rows": 0, "Actual Loops": 1, "Recheck Cond": "(company_type_id = ct.id)", "Rows Removed by Index Recheck": 0, "Filter": "(((note)::text ~~ '%(theatrical)%'::text) AND ((note)::text ~~ '%(France)%'::text))", "Rows Removed by Filter": 1334883, "Exact Heap Blocks": 6196, "Lossy Heap Blocks": 6196, "Plans": [{"Node Type": "Bitmap Index Scan", "Parent Relationship": "Outer", "Index Name": "company_type_id_movie_companies", "Startup Cost": 0.0, "Total Cost": 28944.48, "Plan Rows": 1304564, "Plan Width": 0, "Actual Startup Time": 150.455, "Actual Total Time": 150.455, "Actual Rows": 1334883, "Actual Loops": 1, "Index Cond": "(company_type_id = ct.id)"}]}]}, {"Node Type": "Bitmap Heap Scan", "Parent Relationship": "Inner", "Relation Name": "title", "Alias": "t", "Startup Cost": 3.69, "Total Cost": 7.7, "Plan Rows": 1, "Plan Width": 21, "Actual Startup Time": 0.0, "Actual Total Time": 0.0, "Recheck Cond": "(id = mc.movie_id)", "Rows Removed by Index Recheck": 0, "Filter": "(production_year > 2005)", "Rows Removed by Filter": 0, "Exact Heap Blocks": 0, "Lossy Heap Blocks": 0, "Plans": [{"Node Type": "Bitmap Index Scan", "Parent Relationship": "Outer", "Index Name": "title_pkey", "Startup Cost": 0.0, "Total Cost": 3.69, "Plan Rows": 1, "Plan Width": 0, "Actual Startup Time": 0.0, "Actual Total Time": 0.0, "Index Cond": "(id = mc.movie_id)"}]}]}, {"Node Type": "Bitmap Heap Scan", "Parent Relationship": "Inner", "Relation Name": "movie_info", "Alias": "mi", "Startup Cost": 0.51, "Total Cost": 4.62, "Plan Rows": 1, "Plan Width": 8, "Actual Startup Time": 0.0, "Actual Total Time": 0.0, "Recheck Cond": "(movie_id = t.id)", "Rows Removed by Index Recheck": 0, "Filter": "((info)::text = ANY ('{Sweden,Norway,Germany,Denmark,Swedish,Denish,Norwegian,German}'::text[]))", "Rows Removed by Filter": 0, "Exact Heap Blocks": 0, "Lossy Heap Blocks": 0, "Plans": [{"Node Type": "Bitmap Index Scan", "Parent Relationship": "Outer", "Index Name": "movie_id_movie_info", "Startup Cost": 0.0, "Total Cost": 0.51, "Plan Rows": 5, "Plan Width": 0, "Actual Startup Time": 0.0, "Actual Total Time": 0.0, "Index Cond": "(movie_id = t.id)"}]}]}, {"Node Type": "Materialize", "Parent Relationship": "Inner", "Startup Cost": 8.84, "Total Cost": 14.52, "Plan Rows": 112, "Plan Width": 4, "Actual Startup Time": 0.0, "Actual Total Time": 0.0, "Plans": [{"Node Type": "Bitmap Heap Scan", "Parent Relationship": "Outer", "Relation Name": "info_type", "Alias": "it", "Startup Cost": 8.84, "Total Cost": 13.96, "Plan Rows": 112, "Plan Width": 4, "Actual Startup Time": 0.0, "Actual Total Time": 0.0, "Exact Heap Blocks": 0, "Lossy Heap Blocks": 0, "Plans": [{"Node Type": "Bitmap Index Scan", "Parent Relationship": "Outer", "Index Name": "info_type_pkey", "Startup Cost": 0.0, "Total Cost": 8.81, "Plan Rows": 112, "Plan Width": 0, "Actual Startup Time": 0.0, "Actual Total Time": 0.0}]}]}]}]}, "Triggers": [], "Planner Runtime": 3.48, "Total Runtime": 627.665, "Unique SQL Id": 2510907716}}, "(64, '56')": {"explain_plan": {"Plan": {"Node Type": "Aggregate", "Strategy": "Plain", "Startup Cost": 69341.41, "Total Cost": 69341.42, "Plan Rows": 1, "Plan Width": 49, "Plans": [{"Node Type": "Nested Loop", "Parent Relationship": "Outer", "Join Type": "Inner", "Startup Cost": 0.0, "Total Cost": 69336.61, "Plan Rows": 1919, "Plan Width": 17, "Inner Unique": true, "Plans": [{"Node Type": "Nested Loop", "Parent Relationship": "Outer", "Join Type": "Inner", "Startup Cost": 0.0, "Total Cost": 68799.18, "Plan Rows": 1919, "Plan Width": 21, "Inner Unique": false, "Plans": [{"Node Type": "Nested Loop", "Parent Relationship": "Outer", "Join Type": "Inner", "Startup Cost": 0.0, "Total Cost": 66519.89, "Plan Rows": 1869, "Plan Width": 25, "Inner Unique": true, "Plans": [{"Node Type": "Nested Loop", "Parent Relationship": "Outer", "Join Type": "Inner", "Startup Cost": 0.0, "Total Cost": 54902.47, "Plan Rows": 1540, "Plan Width": 4, "Inner Unique": false, "Join Filter": "(ct.id = mc.company_type_id)", "Plans": [{"Node Type": "Seq Scan", "Parent Relationship": "Outer", "Relation Name": "company_type", "Alias": "ct", "Startup Cost": 0.0, "Total Cost": 1.04, "Plan Rows": 1, "Plan Width": 4, "Filter": "((kind)::text = 'production companies'::text)"}, {"Node Type": "Seq Scan", "Parent Relationship": "Inner", "Relation Name": "movie_companies", "Alias": "mc", "Startup Cost": 0.0, "Total Cost": 54862.92, "Plan Rows": 3081, "Plan Width": 8, "Filter": "(((note)::text ~~ '%(theatrical)%'::text) AND ((note)::text ~~ '%(France)%'::text))"}]}, {"Node Type": "Index Scan", "Parent Relationship": "Inner", "Scan Direction": "Forward", "Index Name": "title_pkey", "Relation Name": "title", "Alias": "t", "Startup Cost": 0.0, "Total Cost": 7.53, "Plan Rows": 1, "Plan Width": 21, "Index Cond": "(id = mc.movie_id)", "Filter": "(production_year > 2005)"}]}, {"Node Type": "Index Scan", "Parent Relationship": "Inner", "Scan Direction": "Forward", "Index Name": "movie_id_movie_info", "Relation Name": "movie_info", "Alias": "mi", "Startup Cost": 0.0, "Total Cost": 1.21, "Plan Rows": 1, "Plan Width": 8, "Index Cond": "(movie_id = t.id)", "Filter": "((info)::text = ANY ('{Sweden,Norway,Germany,Denmark,Swedish,Denish,Norwegian,German}'::text[]))"}]}, {"Node Type": "Index Only Scan", "Parent Relationship": "Inner", "Scan Direction": "Forward", "Index Name": "info_type_pkey", "Relation Name": "info_type", "Alias": "it", "Startup Cost": 0.0, "Total Cost": 0.27, "Plan Rows": 1, "Plan Width": 4, "Index Cond": "(id = mi.info_type_id)"}]}]}, "Unique SQL Id": 2510907716, "Planner Runtime": 3}, "explain_analyze_plan": {"Plan": {"Node Type": "Aggregate", "Strategy": "Plain", "Startup Cost": 69341.41, "Total Cost": 69341.42, "Plan Rows": 1, "Plan Width": 49, "Actual Startup Time": 1038.715, "Actual Total Time": 1038.716, "Actual Rows": 1, "Actual Loops": 1, "Plans": [{"Node Type": "Nested Loop", "Parent Relationship": "Outer", "Join Type": "Inner", "Startup Cost": 0.0, "Total Cost": 69336.61, "Plan Rows": 1919, "Plan Width": 17, "Actual Startup Time": 1038.706, "Actual Total Time": 1038.706, "Actual Rows": 0, "Actual Loops": 1, "Inner Unique": true, "Plans": [{"Node Type": "Nested Loop", "Parent Relationship": "Outer", "Join Type": "Inner", "Startup Cost": 0.0, "Total Cost": 68799.18, "Plan Rows": 1919, "Plan Width": 21, "Actual Startup Time": 1038.704, "Actual Total Time": 1038.704, "Actual Rows": 0, "Actual Loops": 1, "Inner Unique": false, "Plans": [{"Node Type": "Nested Loop", "Parent Relationship": "Outer", "Join Type": "Inner", "Startup Cost": 0.0, "Total Cost": 66519.89, "Plan Rows": 1869, "Plan Width": 25, "Actual Startup Time": 1038.703, "Actual Total Time": 1038.703, "Actual Rows": 0, "Actual Loops": 1, "Inner Unique": true, "Plans": [{"Node Type": "Nested Loop", "Parent Relationship": "Outer", "Join Type": "Inner", "Startup Cost": 0.0, "Total Cost": 54902.47, "Plan Rows": 1540, "Plan Width": 4, "Actual Startup Time": 1038.702, "Actual Total Time": 1038.702, "Actual Rows": 0, "Actual Loops": 1, "Inner Unique": false, "Join Filter": "(ct.id = mc.company_type_id)", "Rows Removed by Join Filter": 24025, "Plans": [{"Node Type": "Seq Scan", "Parent Relationship": "Outer", "Relation Name": "company_type", "Alias": "ct", "Startup Cost": 0.0, "Total Cost": 1.04, "Plan Rows": 1, "Plan Width": 4, "Actual Startup Time": 0.022, "Actual Total Time": 0.025, "Actual Rows": 1, "Actual Loops": 1, "Filter": "((kind)::text = 'production companies'::text)", "Rows Removed by Filter": 2}, {"Node Type": "Seq Scan", "Parent Relationship": "Inner", "Relation Name": "movie_companies", "Alias": "mc", "Startup Cost": 0.0, "Total Cost": 54862.92, "Plan Rows": 3081, "Plan Width": 8, "Actual Startup Time": 8.799, "Actual Total Time": 1033.327, "Actual Rows": 24025, "Actual Loops": 1, "Filter": "(((note)::text ~~ '%(theatrical)%'::text) AND ((note)::text ~~ '%(France)%'::text))", "Rows Removed by Filter": 2585103}]}, {"Node Type": "Index Scan", "Parent Relationship": "Inner", "Scan Direction": "Forward", "Index Name": "title_pkey", "Relation Name": "title", "Alias": "t", "Startup Cost": 0.0, "Total Cost": 7.53, "Plan Rows": 1, "Plan Width": 21, "Actual Startup Time": 0.0, "Actual Total Time": 0.0, "Index Cond": "(id = mc.movie_id)", "Rows Removed by Index Recheck": 0, "Filter": "(production_year > 2005)", "Rows Removed by Filter": 0}]}, {"Node Type": "Index Scan", "Parent Relationship": "Inner", "Scan Direction": "Forward", "Index Name": "movie_id_movie_info", "Relation Name": "movie_info", "Alias": "mi", "Startup Cost": 0.0, "Total Cost": 1.21, "Plan Rows": 1, "Plan Width": 8, "Actual Startup Time": 0.0, "Actual Total Time": 0.0, "Index Cond": "(movie_id = t.id)", "Rows Removed by Index Recheck": 0, "Filter": "((info)::text = ANY ('{Sweden,Norway,Germany,Denmark,Swedish,Denish,Norwegian,German}'::text[]))", "Rows Removed by Filter": 0}]}, {"Node Type": "Index Only Scan", "Parent Relationship": "Inner", "Scan Direction": "Forward", "Index Name": "info_type_pkey", "Relation Name": "info_type", "Alias": "it", "Startup Cost": 0.0, "Total Cost": 0.27, "Plan Rows": 1, "Plan Width": 4, "Actual Startup Time": 0.0, "Actual Total Time": 0.0, "Index Cond": "(id = mi.info_type_id)", "Rows Removed by Index Recheck": 0, "Heap Fetches": 0}]}]}, "Triggers": [], "Planner Runtime": 11.067, "Total Runtime": 1038.954, "Unique SQL Id": 2510907716}}, "(64, '57')": {"explain_plan": {"Plan": {"Node Type": "Aggregate", "Strategy": "Plain", "Startup Cost": 74106.99, "Total Cost": 74107.0, "Plan Rows": 1, "Plan Width": 49, "Plans": [{"Node Type": "Nested Loop", "Parent Relationship": "Outer", "Join Type": "Inner", "Startup Cost": 0.0, "Total Cost": 74102.19, "Plan Rows": 1919, "Plan Width": 17, "Inner Unique": true, "Plans": [{"Node Type": "Nested Loop", "Parent Relationship": "Outer", "Join Type": "Inner", "Startup Cost": 0.0, "Total Cost": 73564.77, "Plan Rows": 1919, "Plan Width": 21, "Inner Unique": false, "Plans": [{"Node Type": "Nested Loop", "Parent Relationship": "Outer", "Join Type": "Inner", "Startup Cost": 0.0, "Total Cost": 71285.47, "Plan Rows": 1869, "Plan Width": 25, "Inner Unique": true, "Plans": [{"Node Type": "Nested Loop", "Parent Relationship": "Outer", "Join Type": "Inner", "Startup Cost": 0.0, "Total Cost": 59668.05, "Plan Rows": 1540, "Plan Width": 4, "Inner Unique": false, "Plans": [{"Node Type": "Index Scan", "Parent Relationship": "Outer", "Scan Direction": "Forward", "Index Name": "company_type_pkey", "Relation Name": "company_type", "Alias": "ct", "Startup Cost": 0.0, "Total Cost": 12.3, "Plan Rows": 1, "Plan Width": 4, "Filter": "((kind)::text = 'production companies'::text)"}, {"Node Type": "Index Scan", "Parent Relationship": "Inner", "Scan Direction": "Forward", "Index Name": "company_type_id_movie_companies", "Relation Name": "movie_companies", "Alias": "mc", "Startup Cost": 0.0, "Total Cost": 59640.35, "Plan Rows": 1540, "Plan Width": 8, "Index Cond": "(company_type_id = ct.id)", "Filter": "(((note)::text ~~ '%(theatrical)%'::text) AND ((note)::text ~~ '%(France)%'::text))"}]}, {"Node Type": "Index Scan", "Parent Relationship": "Inner", "Scan Direction": "Forward", "Index Name": "title_pkey", "Relation Name": "title", "Alias": "t", "Startup Cost": 0.0, "Total Cost": 7.53, "Plan Rows": 1, "Plan Width": 21, "Index Cond": "(id = mc.movie_id)", "Filter": "(production_year > 2005)"}]}, {"Node Type": "Index Scan", "Parent Relationship": "Inner", "Scan Direction": "Forward", "Index Name": "movie_id_movie_info", "Relation Name": "movie_info", "Alias": "mi", "Startup Cost": 0.0, "Total Cost": 1.21, "Plan Rows": 1, "Plan Width": 8, "Index Cond": "(movie_id = t.id)", "Filter": "((info)::text = ANY ('{Sweden,Norway,Germany,Denmark,Swedish,Denish,Norwegian,German}'::text[]))"}]}, {"Node Type": "Index Only Scan", "Parent Relationship": "Inner", "Scan Direction": "Forward", "Index Name": "info_type_pkey", "Relation Name": "info_type", "Alias": "it", "Startup Cost": 0.0, "Total Cost": 0.27, "Plan Rows": 1, "Plan Width": 4, "Index Cond": "(id = mi.info_type_id)"}]}]}, "Unique SQL Id": 2510907716, "Planner Runtime": 3}, "explain_analyze_plan": {"Plan": {"Node Type": "Aggregate", "Strategy": "Plain", "Startup Cost": 74106.99, "Total Cost": 74107.0, "Plan Rows": 1, "Plan Width": 49, "Actual Startup Time": 629.666, "Actual Total Time": 629.667, "Actual Rows": 1, "Actual Loops": 1, "Plans": [{"Node Type": "Nested Loop", "Parent Relationship": "Outer", "Join Type": "Inner", "Startup Cost": 0.0, "Total Cost": 74102.19, "Plan Rows": 1919, "Plan Width": 17, "Actual Startup Time": 629.656, "Actual Total Time": 629.656, "Actual Rows": 0, "Actual Loops": 1, "Inner Unique": true, "Plans": [{"Node Type": "Nested Loop", "Parent Relationship": "Outer", "Join Type": "Inner", "Startup Cost": 0.0, "Total Cost": 73564.77, "Plan Rows": 1919, "Plan Width": 21, "Actual Startup Time": 629.655, "Actual Total Time": 629.655, "Actual Rows": 0, "Actual Loops": 1, "Inner Unique": false, "Plans": [{"Node Type": "Nested Loop", "Parent Relationship": "Outer", "Join Type": "Inner", "Startup Cost": 0.0, "Total Cost": 71285.47, "Plan Rows": 1869, "Plan Width": 25, "Actual Startup Time": 629.655, "Actual Total Time": 629.655, "Actual Rows": 0, "Actual Loops": 1, "Inner Unique": true, "Plans": [{"Node Type": "Nested Loop", "Parent Relationship": "Outer", "Join Type": "Inner", "Startup Cost": 0.0, "Total Cost": 59668.05, "Plan Rows": 1540, "Plan Width": 4, "Actual Startup Time": 629.654, "Actual Total Time": 629.654, "Actual Rows": 0, "Actual Loops": 1, "Inner Unique": false, "Plans": [{"Node Type": "Index Scan", "Parent Relationship": "Outer", "Scan Direction": "Forward", "Index Name": "company_type_pkey", "Relation Name": "company_type", "Alias": "ct", "Startup Cost": 0.0, "Total Cost": 12.3, "Plan Rows": 1, "Plan Width": 4, "Actual Startup Time": 0.022, "Actual Total Time": 0.03, "Actual Rows": 1, "Actual Loops": 1, "Filter": "((kind)::text = 'production companies'::text)", "Rows Removed by Filter": 2}, {"Node Type": "Index Scan", "Parent Relationship": "Inner", "Scan Direction": "Forward", "Index Name": "company_type_id_movie_companies", "Relation Name": "movie_companies", "Alias": "mc", "Startup Cost": 0.0, "Total Cost": 59640.35, "Plan Rows": 1540, "Plan Width": 8, "Actual Startup Time": 629.618, "Actual Total Time": 629.618, "Actual Rows": 0, "Actual Loops": 1, "Index Cond": "(company_type_id = ct.id)", "Rows Removed by Index Recheck": 0, "Filter": "(((note)::text ~~ '%(theatrical)%'::text) AND ((note)::text ~~ '%(France)%'::text))", "Rows Removed by Filter": 1334883}]}, {"Node Type": "Index Scan", "Parent Relationship": "Inner", "Scan Direction": "Forward", "Index Name": "title_pkey", "Relation Name": "title", "Alias": "t", "Startup Cost": 0.0, "Total Cost": 7.53, "Plan Rows": 1, "Plan Width": 21, "Actual Startup Time": 0.0, "Actual Total Time": 0.0, "Index Cond": "(id = mc.movie_id)", "Rows Removed by Index Recheck": 0, "Filter": "(production_year > 2005)", "Rows Removed by Filter": 0}]}, {"Node Type": "Index Scan", "Parent Relationship": "Inner", "Scan Direction": "Forward", "Index Name": "movie_id_movie_info", "Relation Name": "movie_info", "Alias": "mi", "Startup Cost": 0.0, "Total Cost": 1.21, "Plan Rows": 1, "Plan Width": 8, "Actual Startup Time": 0.0, "Actual Total Time": 0.0, "Index Cond": "(movie_id = t.id)", "Rows Removed by Index Recheck": 0, "Filter": "((info)::text = ANY ('{Sweden,Norway,Germany,Denmark,Swedish,Denish,Norwegian,German}'::text[]))", "Rows Removed by Filter": 0}]}, {"Node Type": "Index Only Scan", "Parent Relationship": "Inner", "Scan Direction": "Forward", "Index Name": "info_type_pkey", "Relation Name": "info_type", "Alias": "it", "Startup Cost": 0.0, "Total Cost": 0.27, "Plan Rows": 1, "Plan Width": 4, "Actual Startup Time": 0.0, "Actual Total Time": 0.0, "Index Cond": "(id = mi.info_type_id)", "Rows Removed by Index Recheck": 0, "Heap Fetches": 0}]}]}, "Triggers": [], "Planner Runtime": 8.174, "Total Runtime": 629.914, "Unique SQL Id": 2510907716}}, "(64, '58')": {"explain_plan": {"Plan": {"Node Type": "Aggregate", "Strategy": "Plain", "Startup Cost": 440593.67, "Total Cost": 440593.69, "Plan Rows": 1, "Plan Width": 49, "Plans": [{"Node Type": "Streaming(type: LOCAL GATHER dop: 1/64)", "Parent Relationship": "Outer", "Startup Cost": 440593.67, "Total Cost": 440593.69, "Plan Rows": 1, "Plan Width": 49, "Plans": [{"Node Type": "Aggregate", "Strategy": "Plain", "Parent Relationship": "Outer", "Startup Cost": 440593.67, "Total Cost": 440593.68, "Plan Rows": 1, "Plan Width": 49, "Plans": [{"Node Type": "Nested Loop", "Parent Relationship": "Outer", "Join Type": "Inner", "Startup Cost": 0.0, "Total Cost": 440588.87, "Plan Rows": 1919, "Plan Width": 17, "Inner Unique": false, "Join Filter": "(mi.movie_id = t.id)", "Plans": [{"Node Type": "Streaming(type: LOCAL REDISTRIBUTE dop: 64/64)", "Parent Relationship": "Outer", "Startup Cost": 0.0, "Total Cost": 127997.39, "Plan Rows": 1013492, "Plan Width": 21, "Plans": [{"Node Type": "Seq Scan", "Parent Relationship": "Outer", "Relation Name": "title", "Alias": "t", "Startup Cost": 0.0, "Total Cost": 64037.34, "Plan Rows": 1013492, "Plan Width": 21, "Filter": "(production_year > 2005), (LLVM Optimized)"}]}, {"Node Type": "Materialize", "Parent Relationship": "Inner", "Startup Cost": 0.0, "Total Cost": 306723.64, "Plan Rows": 1581, "Plan Width": 8, "Plans": [{"Node Type": "Streaming(type: LOCAL REDISTRIBUTE dop: 64/1)", "Parent Relationship": "Outer", "Startup Cost": 0.0, "Total Cost": 306723.51, "Plan Rows": 1581, "Plan Width": 8, "Plans": [{"Node Type": "Nested Loop", "Parent Relationship": "Outer", "Join Type": "Inner", "Startup Cost": 0.0, "Total Cost": 243659.28, "Plan Rows": 1581, "Plan Width": 8, "Inner Unique": true, "Join Filter": "(mi.info_type_id = it.id)", "Plans": [{"Node Type": "Streaming(type: LOCAL GATHER dop: 1/64)", "Parent Relationship": "Outer", "Startup Cost": 0.0, "Total Cost": 241000.8, "Plan Rows": 1581, "Plan Width": 12, "Plans": [{"Node Type": "Nested Loop", "Parent Relationship": "Outer", "Join Type": "Inner", "Startup Cost": 0.0, "Total Cost": 240968.18, "Plan Rows": 1581, "Plan Width": 12, "Inner Unique": false, "Join Filter": "(mc.movie_id = mi.movie_id)", "Plans": [{"Node Type": "Seq Scan", "Parent Relationship": "Outer", "Relation Name": "movie_info", "Alias": "mi", "Startup Cost": 0.0, "Total Cost": 69963.86, "Plan Rows": 141478, "Plan Width": 8, "Filter": "((info)::text = ANY ('{Sweden,Norway,Germany,Denmark,Swedish,Denish,Norwegian,German}'::text[]))"}, {"Node Type": "Materialize", "Parent Relationship": "Inner", "Startup Cost": 0.0, "Total Cost": 119943.45, "Plan Rows": 98560, "Plan Width": 4, "Plans": [{"Node Type": "Streaming(type: BROADCAST dop: 64/1)", "Parent Relationship": "Outer", "Startup Cost": 0.0, "Total Cost": 119935.75, "Plan Rows": 98560, "Plan Width": 4, "Plans": [{"Node Type": "Nested Loop", "Parent Relationship": "Outer", "Join Type": "Inner", "Startup Cost": 0.0, "Total Cost": 54902.47, "Plan Rows": 1540, "Plan Width": 4, "Inner Unique": false, "Join Filter": "(ct.id = mc.company_type_id)", "Plans": [{"Node Type": "Seq Scan", "Parent Relationship": "Outer", "Relation Name": "company_type", "Alias": "ct", "Startup Cost": 0.0, "Total Cost": 1.04, "Plan Rows": 1, "Plan Width": 4, "Filter": "((kind)::text = 'production companies'::text)"}, {"Node Type": "Seq Scan", "Parent Relationship": "Inner", "Relation Name": "movie_companies", "Alias": "mc", "Startup Cost": 0.0, "Total Cost": 54862.92, "Plan Rows": 3081, "Plan Width": 8, "Filter": "(((note)::text ~~ '%(theatrical)%'::text) AND ((note)::text ~~ '%(France)%'::text))"}]}]}]}]}]}, {"Node Type": "Materialize", "Parent Relationship": "Inner", "Startup Cost": 0.0, "Total Cost": 2.68, "Plan Rows": 112, "Plan Width": 4, "Plans": [{"Node Type": "Seq Scan", "Parent Relationship": "Outer", "Relation Name": "info_type", "Alias": "it", "Startup Cost": 0.0, "Total Cost": 2.12, "Plan Rows": 112, "Plan Width": 4}]}]}]}]}]}]}]}]}, "Unique SQL Id": 2510907716, "Planner Runtime": 4}, "explain_analyze_plan": {"Plan": {"Node Type": "Aggregate", "Strategy": "Plain", "Startup Cost": 440593.67, "Total Cost": 440593.69, "Plan Rows": 1, "Plan Width": 49, "Actual Min Startup Time": 1433.469, "Actual Max Startup Time": 1433.469, "Actual Min Total Time": 1433.47, "Actual Max Total Time": 1433.47, "Plans": [{"Node Type": "Streaming(type: LOCAL GATHER dop: 1/64)", "Parent Relationship": "Outer", "Startup Cost": 440593.67, "Total Cost": 440593.69, "Plan Rows": 1, "Plan Width": 49, "Actual Min Startup Time": 1431.81, "Actual Max Startup Time": 1431.81, "Actual Min Total Time": 1433.443, "Actual Max Total Time": 1433.443, "Plans": [{"Node Type": "Aggregate", "Strategy": "Plain", "Parent Relationship": "Outer", "Startup Cost": 440593.67, "Total Cost": 440593.68, "Plan Rows": 1, "Plan Width": 49, "Actual Min Startup Time": 1131.8, "Actual Max Startup Time": 1266.232, "Actual Min Total Time": 1131.8, "Actual Max Total Time": 1266.232, "Plans": [{"Node Type": "Nested Loop", "Parent Relationship": "Outer", "Join Type": "Inner", "Startup Cost": 0.0, "Total Cost": 440588.87, "Plan Rows": 1919, "Plan Width": 17, "Actual Min Startup Time": 1131.794, "Actual Max Startup Time": 1266.225, "Actual Min Total Time": 1131.794, "Actual Max Total Time": 1266.225, "Inner Unique": false, "Join Filter": "(mi.movie_id = t.id)", "Rows Removed by Join Filter": 0, "Plans": [{"Node Type": "Streaming(type: LOCAL REDISTRIBUTE dop: 64/64)", "Parent Relationship": "Outer", "Startup Cost": 0.0, "Total Cost": 127997.39, "Plan Rows": 1013492, "Plan Width": 21, "Actual Min Startup Time": 0.18, "Actual Max Startup Time": 1.831, "Actual Min Total Time": 42.081, "Actual Max Total Time": 44.266, "Plans": [{"Node Type": "Seq Scan", "Parent Relationship": "Outer", "Relation Name": "title", "Alias": "t", "Startup Cost": 0.0, "Total Cost": 64037.34, "Plan Rows": 1013492, "Plan Width": 21, "Actual Min Startup Time": 0.026, "Actual Max Startup Time": 0.067, "Actual Min Total Time": 12.67, "Actual Max Total Time": 18.199, "Filter": "(production_year > 2005), (LLVM Optimized, Jit Execute)", "Rows Removed by Filter": 1515391, "Actual Rows": 1012920}], "Actual Rows": 1012920}, {"Node Type": "Materialize", "Parent Relationship": "Inner", "Startup Cost": 0.0, "Total Cost": 306723.64, "Plan Rows": 1581, "Plan Width": 8, "Actual Min Startup Time": 1085.032, "Actual Max Startup Time": 1219.429, "Actual Min Total Time": 1085.032, "Actual Max Total Time": 1219.429, "Plans": [{"Node Type": "Streaming(type: LOCAL REDISTRIBUTE dop: 64/1)", "Parent Relationship": "Outer", "Startup Cost": 0.0, "Total Cost": 306723.51, "Plan Rows": 1581, "Plan Width": 8, "Actual Min Startup Time": 1083.308, "Actual Max Startup Time": 1217.752, "Actual Min Total Time": 1083.308, "Actual Max Total Time": 1217.752, "Plans": [{"Node Type": "Nested Loop", "Parent Relationship": "Outer", "Join Type": "Inner", "Startup Cost": 0.0, "Total Cost": 243659.28, "Plan Rows": 1581, "Plan Width": 8, "Actual Min Startup Time": 1104.138, "Actual Max Startup Time": 1104.138, "Actual Min Total Time": 1104.138, "Actual Max Total Time": 1104.138, "Inner Unique": true, "Join Filter": "(mi.info_type_id = it.id)", "Rows Removed by Join Filter": 0, "Plans": [{"Node Type": "Streaming(type: LOCAL GATHER dop: 1/64)", "Parent Relationship": "Outer", "Startup Cost": 0.0, "Total Cost": 241000.8, "Plan Rows": 1581, "Plan Width": 12, "Actual Min Startup Time": 1104.029, "Actual Max Startup Time": 1104.029, "Actual Min Total Time": 1104.029, "Actual Max Total Time": 1104.029, "Plans": [{"Node Type": "Nested Loop", "Parent Relationship": "Outer", "Join Type": "Inner", "Startup Cost": 0.0, "Total Cost": 240968.18, "Plan Rows": 1581, "Plan Width": 12, "Actual Min Startup Time": 1071.759, "Actual Max Startup Time": 1282.268, "Actual Min Total Time": 1071.759, "Actual Max Total Time": 1282.268, "Inner Unique": false, "Join Filter": "(mc.movie_id = mi.movie_id)", "Rows Removed by Join Filter": 0, "Plans": [{"Node Type": "Seq Scan", "Parent Relationship": "Outer", "Relation Name": "movie_info", "Alias": "mi", "Startup Cost": 0.0, "Total Cost": 69963.86, "Plan Rows": 141478, "Plan Width": 8, "Actual Min Startup Time": 0.072, "Actual Max Startup Time": 3.315, "Actual Min Total Time": 114.605, "Actual Max Total Time": 132.254, "Filter": "((info)::text = ANY ('{Sweden,Norway,Germany,Denmark,Swedish,Denish,Norwegian,German}'::text[]))", "Rows Removed by Filter": 14681822, "Actual Rows": 153897}, {"Node Type": "Materialize", "Parent Relationship": "Inner", "Startup Cost": 0.0, "Total Cost": 119943.45, "Plan Rows": 98560, "Plan Width": 4, "Actual Min Startup Time": 950.236, "Actual Max Startup Time": 1154.534, "Actual Min Total Time": 950.236, "Actual Max Total Time": 1154.534, "Plans": [{"Node Type": "Streaming(type: BROADCAST dop: 64/1)", "Parent Relationship": "Outer", "Startup Cost": 0.0, "Total Cost": 119935.75, "Plan Rows": 98560, "Plan Width": 4, "Actual Min Startup Time": 950.018, "Actual Max Startup Time": 1154.362, "Actual Min Total Time": 950.018, "Actual Max Total Time": 1154.362, "Plans": [{"Node Type": "Nested Loop", "Parent Relationship": "Outer", "Join Type": "Inner", "Startup Cost": 0.0, "Total Cost": 54902.47, "Plan Rows": 1540, "Plan Width": 4, "Actual Min Startup Time": 1060.242, "Actual Max Startup Time": 1060.242, "Actual Min Total Time": 1060.242, "Actual Max Total Time": 1060.242, "Inner Unique": false, "Join Filter": "(ct.id = mc.company_type_id)", "Rows Removed by Join Filter": 24025, "Plans": [{"Node Type": "Seq Scan", "Parent Relationship": "Outer", "Relation Name": "company_type", "Alias": "ct", "Startup Cost": 0.0, "Total Cost": 1.04, "Plan Rows": 1, "Plan Width": 4, "Actual Min Startup Time": 0.025, "Actual Max Startup Time": 0.025, "Actual Min Total Time": 0.029, "Actual Max Total Time": 0.029, "Filter": "((kind)::text = 'production companies'::text)", "Rows Removed by Filter": 2, "Actual Rows": 1}, {"Node Type": "Seq Scan", "Parent Relationship": "Inner", "Relation Name": "movie_companies", "Alias": "mc", "Startup Cost": 0.0, "Total Cost": 54862.92, "Plan Rows": 3081, "Plan Width": 8, "Actual Min Startup Time": 9.076, "Actual Max Startup Time": 9.076, "Actual Min Total Time": 1054.961, "Actual Max Total Time": 1054.961, "Filter": "(((note)::text ~~ '%(theatrical)%'::text) AND ((note)::text ~~ '%(France)%'::text))", "Rows Removed by Filter": 2585103, "Actual Rows": 24025}], "Actual Rows": 0}], "Actual Rows": 0}], "Actual Rows": 0}], "Actual Rows": 0}], "Actual Rows": 0}, {"Node Type": "Materialize", "Parent Relationship": "Inner", "Startup Cost": 0.0, "Total Cost": 2.68, "Plan Rows": 112, "Plan Width": 4, "Actual Min Startup Time": 0.099, "Actual Max Startup Time": 0.099, "Actual Min Total Time": 0.099, "Actual Max Total Time": 0.099, "Plans": [{"Node Type": "Seq Scan", "Parent Relationship": "Outer", "Relation Name": "info_type", "Alias": "it", "Startup Cost": 0.0, "Total Cost": 2.12, "Plan Rows": 112, "Plan Width": 4, "Actual Min Startup Time": 0.043, "Actual Max Startup Time": 0.043, "Actual Min Total Time": 0.064, "Actual Max Total Time": 0.064, "Actual Rows": 112}], "Actual Rows": 1}], "Actual Rows": 0}], "Actual Rows": 0}], "Actual Rows": 0}], "Actual Rows": 0}], "Actual Rows": 64}], "Actual Rows": 64}], "Actual Rows": 1}, "Triggers": [], "Planner Runtime": 6.824, "Total Runtime": 1488.299, "Unique SQL Id": 2510907716}}, "(64, '59')": {"explain_plan": {"Plan": {"Node Type": "Aggregate", "Strategy": "Plain", "Startup Cost": 5000171402236.96, "Total Cost": 5000171402236.97, "Plan Rows": 1, "Plan Width": 49, "Plans": [{"Node Type": "Nested Loop", "Parent Relationship": "Outer", "Join Type": "Inner", "Startup Cost": 50000000000.0, "Total Cost": 5000171402232.16, "Plan Rows": 1919, "Plan Width": 17, "Inner Unique": true, "Join Filter": "(mi.info_type_id = it.id)", "Plans": [{"Node Type": "Nested Loop", "Parent Relationship": "Outer", "Join Type": "Inner", "Startup Cost": 40000000000.0, "Total Cost": 4000171398014.96, "Plan Rows": 1919, "Plan Width": 21, "Inner Unique": true, "Join Filter": "(mi.movie_id = t.id)", "Plans": [{"Node Type": "Nested Loop", "Parent Relationship": "Outer", "Join Type": "Inner", "Startup Cost": 30000000000.0, "Total Cost": 3000135716391.79, "Plan Rows": 1581, "Plan Width": 12, "Inner Unique": true, "Join Filter": "(mc.company_type_id = ct.id)", "Plans": [{"Node Type": "Nested Loop", "Parent Relationship": "Outer", "Join Type": "Inner", "Startup Cost": 20000000000.0, "Total Cost": 2000135715114.09, "Plan Rows": 3163, "Plan Width": 16, "Inner Unique": false, "Join Filter": "(mc.movie_id = mi.movie_id)", "Plans": [{"Node Type": "Index Scan", "Parent Relationship": "Outer", "Scan Direction": "Forward", "Index Name": "info_type_id_movie_info", "Relation Name": "movie_info", "Alias": "mi", "Startup Cost": 10000000000.0, "Total Cost": 1000118553919.62, "Plan Rows": 141478, "Plan Width": 8, "Filter": "((info)::text = ANY ('{Sweden,Norway,Germany,Denmark,Swedish,Denish,Norwegian,German}'::text[]))"}, {"Node Type": "Materialize", "Parent Relationship": "Inner", "Startup Cost": 10000000000.0, "Total Cost": 1000010622796.41, "Plan Rows": 3081, "Plan Width": 8, "Plans": [{"Node Type": "Index Scan", "Parent Relationship": "Outer", "Scan Direction": "Forward", "Index Name": "company_type_id_movie_companies", "Relation Name": "movie_companies", "Alias": "mc", "Startup Cost": 10000000000.0, "Total Cost": 1000010622781.0, "Plan Rows": 3081, "Plan Width": 8, "Filter": "(((note)::text ~~ '%(theatrical)%'::text) AND ((note)::text ~~ '%(France)%'::text))"}]}]}, {"Node Type": "Materialize", "Parent Relationship": "Inner", "Startup Cost": 10000000000.0, "Total Cost": 1000000001230.26, "Plan Rows": 1, "Plan Width": 4, "Plans": [{"Node Type": "Index Scan", "Parent Relationship": "Outer", "Scan Direction": "Forward", "Index Name": "company_type_pkey", "Relation Name": "company_type", "Alias": "ct", "Startup Cost": 10000000000.0, "Total Cost": 1000000001230.25, "Plan Rows": 1, "Plan Width": 4, "Filter": "((kind)::text = 'production companies'::text)"}]}]}, {"Node Type": "Materialize", "Parent Relationship": "Inner", "Startup Cost": 10000000000.0, "Total Cost": 1000011649194.12, "Plan Rows": 1013492, "Plan Width": 21, "Plans": [{"Node Type": "Index Scan", "Parent Relationship": "Outer", "Scan Direction": "Forward", "Index Name": "title_pkey", "Relation Name": "title", "Alias": "t", "Startup Cost": 10000000000.0, "Total Cost": 1000011644126.66, "Plan Rows": 1013492, "Plan Width": 21, "Filter": "(production_year > 2005), (LLVM Optimized)"}]}]}, {"Node Type": "Materialize", "Parent Relationship": "Inner", "Startup Cost": 10000000000.0, "Total Cost": 1000000000993.56, "Plan Rows": 112, "Plan Width": 4, "Plans": [{"Node Type": "Index Only Scan", "Parent Relationship": "Outer", "Scan Direction": "Forward", "Index Name": "info_type_pkey", "Relation Name": "info_type", "Alias": "it", "Startup Cost": 10000000000.0, "Total Cost": 1000000000993.0, "Plan Rows": 112, "Plan Width": 4}]}]}]}, "Unique SQL Id": 2510907716, "Planner Runtime": 3}, "explain_analyze_plan": null}, "(64, '60')": {"explain_plan": {"Plan": {"Node Type": "Aggregate", "Strategy": "Plain", "Startup Cost": 69341.46, "Total Cost": 69341.47, "Plan Rows": 1, "Plan Width": 49, "Plans": [{"Node Type": "Nested Loop", "Parent Relationship": "Outer", "Join Type": "Inner", "Startup Cost": 0.0, "Total Cost": 69336.67, "Plan Rows": 1919, "Plan Width": 17, "Inner Unique": true, "Plans": [{"Node Type": "Nested Loop", "Parent Relationship": "Outer", "Join Type": "Inner", "Startup Cost": 0.0, "Total Cost": 68799.18, "Plan Rows": 1919, "Plan Width": 21, "Inner Unique": false, "Plans": [{"Node Type": "Nested Loop", "Parent Relationship": "Outer", "Join Type": "Inner", "Startup Cost": 0.0, "Total Cost": 66519.89, "Plan Rows": 1869, "Plan Width": 25, "Inner Unique": true, "Plans": [{"Node Type": "Nested Loop", "Parent Relationship": "Outer", "Join Type": "Inner", "Startup Cost": 0.0, "Total Cost": 54902.47, "Plan Rows": 1540, "Plan Width": 4, "Inner Unique": false, "Join Filter": "(ct.id = mc.company_type_id)", "Plans": [{"Node Type": "Seq Scan", "Parent Relationship": "Outer", "Relation Name": "company_type", "Alias": "ct", "Startup Cost": 0.0, "Total Cost": 1.04, "Plan Rows": 1, "Plan Width": 4, "Filter": "((kind)::text = 'production companies'::text)"}, {"Node Type": "Seq Scan", "Parent Relationship": "Inner", "Relation Name": "movie_companies", "Alias": "mc", "Startup Cost": 0.0, "Total Cost": 54862.92, "Plan Rows": 3081, "Plan Width": 8, "Filter": "(((note)::text ~~ '%(theatrical)%'::text) AND ((note)::text ~~ '%(France)%'::text))"}]}, {"Node Type": "Index Scan", "Parent Relationship": "Inner", "Scan Direction": "Forward", "Index Name": "title_pkey", "Relation Name": "title", "Alias": "t", "Startup Cost": 0.0, "Total Cost": 7.53, "Plan Rows": 1, "Plan Width": 21, "Index Cond": "(id = mc.movie_id)", "Filter": "(production_year > 2005)"}]}, {"Node Type": "Index Scan", "Parent Relationship": "Inner", "Scan Direction": "Forward", "Index Name": "movie_id_movie_info", "Relation Name": "movie_info", "Alias": "mi", "Startup Cost": 0.0, "Total Cost": 1.21, "Plan Rows": 1, "Plan Width": 8, "Index Cond": "(movie_id = t.id)", "Filter": "((info)::text = ANY ('{Sweden,Norway,Germany,Denmark,Swedish,Denish,Norwegian,German}'::text[]))"}]}, {"Node Type": "Index Scan", "Parent Relationship": "Inner", "Scan Direction": "Forward", "Index Name": "info_type_pkey", "Relation Name": "info_type", "Alias": "it", "Startup Cost": 0.0, "Total Cost": 0.27, "Plan Rows": 1, "Plan Width": 4, "Index Cond": "(id = mi.info_type_id)"}]}]}, "Unique SQL Id": 2510907716, "Planner Runtime": 3}, "explain_analyze_plan": {"Plan": {"Node Type": "Aggregate", "Strategy": "Plain", "Startup Cost": 69341.46, "Total Cost": 69341.47, "Plan Rows": 1, "Plan Width": 49, "Actual Startup Time": 1049.484, "Actual Total Time": 1049.485, "Actual Rows": 1, "Actual Loops": 1, "Plans": [{"Node Type": "Nested Loop", "Parent Relationship": "Outer", "Join Type": "Inner", "Startup Cost": 0.0, "Total Cost": 69336.67, "Plan Rows": 1919, "Plan Width": 17, "Actual Startup Time": 1049.476, "Actual Total Time": 1049.476, "Actual Rows": 0, "Actual Loops": 1, "Inner Unique": true, "Plans": [{"Node Type": "Nested Loop", "Parent Relationship": "Outer", "Join Type": "Inner", "Startup Cost": 0.0, "Total Cost": 68799.18, "Plan Rows": 1919, "Plan Width": 21, "Actual Startup Time": 1049.475, "Actual Total Time": 1049.475, "Actual Rows": 0, "Actual Loops": 1, "Inner Unique": false, "Plans": [{"Node Type": "Nested Loop", "Parent Relationship": "Outer", "Join Type": "Inner", "Startup Cost": 0.0, "Total Cost": 66519.89, "Plan Rows": 1869, "Plan Width": 25, "Actual Startup Time": 1049.474, "Actual Total Time": 1049.474, "Actual Rows": 0, "Actual Loops": 1, "Inner Unique": true, "Plans": [{"Node Type": "Nested Loop", "Parent Relationship": "Outer", "Join Type": "Inner", "Startup Cost": 0.0, "Total Cost": 54902.47, "Plan Rows": 1540, "Plan Width": 4, "Actual Startup Time": 1049.473, "Actual Total Time": 1049.473, "Actual Rows": 0, "Actual Loops": 1, "Inner Unique": false, "Join Filter": "(ct.id = mc.company_type_id)", "Rows Removed by Join Filter": 24025, "Plans": [{"Node Type": "Seq Scan", "Parent Relationship": "Outer", "Relation Name": "company_type", "Alias": "ct", "Startup Cost": 0.0, "Total Cost": 1.04, "Plan Rows": 1, "Plan Width": 4, "Actual Startup Time": 0.013, "Actual Total Time": 0.019, "Actual Rows": 1, "Actual Loops": 1, "Filter": "((kind)::text = 'production companies'::text)", "Rows Removed by Filter": 2}, {"Node Type": "Seq Scan", "Parent Relationship": "Inner", "Relation Name": "movie_companies", "Alias": "mc", "Startup Cost": 0.0, "Total Cost": 54862.92, "Plan Rows": 3081, "Plan Width": 8, "Actual Startup Time": 8.922, "Actual Total Time": 1044.162, "Actual Rows": 24025, "Actual Loops": 1, "Filter": "(((note)::text ~~ '%(theatrical)%'::text) AND ((note)::text ~~ '%(France)%'::text))", "Rows Removed by Filter": 2585103}]}, {"Node Type": "Index Scan", "Parent Relationship": "Inner", "Scan Direction": "Forward", "Index Name": "title_pkey", "Relation Name": "title", "Alias": "t", "Startup Cost": 0.0, "Total Cost": 7.53, "Plan Rows": 1, "Plan Width": 21, "Actual Startup Time": 0.0, "Actual Total Time": 0.0, "Index Cond": "(id = mc.movie_id)", "Rows Removed by Index Recheck": 0, "Filter": "(production_year > 2005)", "Rows Removed by Filter": 0}]}, {"Node Type": "Index Scan", "Parent Relationship": "Inner", "Scan Direction": "Forward", "Index Name": "movie_id_movie_info", "Relation Name": "movie_info", "Alias": "mi", "Startup Cost": 0.0, "Total Cost": 1.21, "Plan Rows": 1, "Plan Width": 8, "Actual Startup Time": 0.0, "Actual Total Time": 0.0, "Index Cond": "(movie_id = t.id)", "Rows Removed by Index Recheck": 0, "Filter": "((info)::text = ANY ('{Sweden,Norway,Germany,Denmark,Swedish,Denish,Norwegian,German}'::text[]))", "Rows Removed by Filter": 0}]}, {"Node Type": "Index Scan", "Parent Relationship": "Inner", "Scan Direction": "Forward", "Index Name": "info_type_pkey", "Relation Name": "info_type", "Alias": "it", "Startup Cost": 0.0, "Total Cost": 0.27, "Plan Rows": 1, "Plan Width": 4, "Actual Startup Time": 0.0, "Actual Total Time": 0.0, "Index Cond": "(id = mi.info_type_id)", "Rows Removed by Index Recheck": 0}]}]}, "Triggers": [], "Planner Runtime": 11.028, "Total Runtime": 1049.796, "Unique SQL Id": 2510907716}}, "(64, '61')": {"explain_plan": {"Plan": {"Node Type": "Aggregate", "Strategy": "Plain", "Startup Cost": 74107.05, "Total Cost": 74107.06, "Plan Rows": 1, "Plan Width": 49, "Plans": [{"Node Type": "Nested Loop", "Parent Relationship": "Outer", "Join Type": "Inner", "Startup Cost": 0.0, "Total Cost": 74102.25, "Plan Rows": 1919, "Plan Width": 17, "Inner Unique": true, "Plans": [{"Node Type": "Nested Loop", "Parent Relationship": "Outer", "Join Type": "Inner", "Startup Cost": 0.0, "Total Cost": 73564.77, "Plan Rows": 1919, "Plan Width": 21, "Inner Unique": false, "Plans": [{"Node Type": "Nested Loop", "Parent Relationship": "Outer", "Join Type": "Inner", "Startup Cost": 0.0, "Total Cost": 71285.47, "Plan Rows": 1869, "Plan Width": 25, "Inner Unique": true, "Plans": [{"Node Type": "Nested Loop", "Parent Relationship": "Outer", "Join Type": "Inner", "Startup Cost": 0.0, "Total Cost": 59668.05, "Plan Rows": 1540, "Plan Width": 4, "Inner Unique": false, "Plans": [{"Node Type": "Index Scan", "Parent Relationship": "Outer", "Scan Direction": "Forward", "Index Name": "company_type_pkey", "Relation Name": "company_type", "Alias": "ct", "Startup Cost": 0.0, "Total Cost": 12.3, "Plan Rows": 1, "Plan Width": 4, "Filter": "((kind)::text = 'production companies'::text)"}, {"Node Type": "Index Scan", "Parent Relationship": "Inner", "Scan Direction": "Forward", "Index Name": "company_type_id_movie_companies", "Relation Name": "movie_companies", "Alias": "mc", "Startup Cost": 0.0, "Total Cost": 59640.35, "Plan Rows": 1540, "Plan Width": 8, "Index Cond": "(company_type_id = ct.id)", "Filter": "(((note)::text ~~ '%(theatrical)%'::text) AND ((note)::text ~~ '%(France)%'::text))"}]}, {"Node Type": "Index Scan", "Parent Relationship": "Inner", "Scan Direction": "Forward", "Index Name": "title_pkey", "Relation Name": "title", "Alias": "t", "Startup Cost": 0.0, "Total Cost": 7.53, "Plan Rows": 1, "Plan Width": 21, "Index Cond": "(id = mc.movie_id)", "Filter": "(production_year > 2005)"}]}, {"Node Type": "Index Scan", "Parent Relationship": "Inner", "Scan Direction": "Forward", "Index Name": "movie_id_movie_info", "Relation Name": "movie_info", "Alias": "mi", "Startup Cost": 0.0, "Total Cost": 1.21, "Plan Rows": 1, "Plan Width": 8, "Index Cond": "(movie_id = t.id)", "Filter": "((info)::text = ANY ('{Sweden,Norway,Germany,Denmark,Swedish,Denish,Norwegian,German}'::text[]))"}]}, {"Node Type": "Index Scan", "Parent Relationship": "Inner", "Scan Direction": "Forward", "Index Name": "info_type_pkey", "Relation Name": "info_type", "Alias": "it", "Startup Cost": 0.0, "Total Cost": 0.27, "Plan Rows": 1, "Plan Width": 4, "Index Cond": "(id = mi.info_type_id)"}]}]}, "Unique SQL Id": 2510907716, "Planner Runtime": 3}, "explain_analyze_plan": {"Plan": {"Node Type": "Aggregate", "Strategy": "Plain", "Startup Cost": 74107.05, "Total Cost": 74107.06, "Plan Rows": 1, "Plan Width": 49, "Actual Startup Time": 698.478, "Actual Total Time": 698.478, "Actual Rows": 1, "Actual Loops": 1, "Plans": [{"Node Type": "Nested Loop", "Parent Relationship": "Outer", "Join Type": "Inner", "Startup Cost": 0.0, "Total Cost": 74102.25, "Plan Rows": 1919, "Plan Width": 17, "Actual Startup Time": 698.471, "Actual Total Time": 698.471, "Actual Rows": 0, "Actual Loops": 1, "Inner Unique": true, "Plans": [{"Node Type": "Nested Loop", "Parent Relationship": "Outer", "Join Type": "Inner", "Startup Cost": 0.0, "Total Cost": 73564.77, "Plan Rows": 1919, "Plan Width": 21, "Actual Startup Time": 698.468, "Actual Total Time": 698.468, "Actual Rows": 0, "Actual Loops": 1, "Inner Unique": false, "Plans": [{"Node Type": "Nested Loop", "Parent Relationship": "Outer", "Join Type": "Inner", "Startup Cost": 0.0, "Total Cost": 71285.47, "Plan Rows": 1869, "Plan Width": 25, "Actual Startup Time": 698.467, "Actual Total Time": 698.467, "Actual Rows": 0, "Actual Loops": 1, "Inner Unique": true, "Plans": [{"Node Type": "Nested Loop", "Parent Relationship": "Outer", "Join Type": "Inner", "Startup Cost": 0.0, "Total Cost": 59668.05, "Plan Rows": 1540, "Plan Width": 4, "Actual Startup Time": 698.466, "Actual Total Time": 698.466, "Actual Rows": 0, "Actual Loops": 1, "Inner Unique": false, "Plans": [{"Node Type": "Index Scan", "Parent Relationship": "Outer", "Scan Direction": "Forward", "Index Name": "company_type_pkey", "Relation Name": "company_type", "Alias": "ct", "Startup Cost": 0.0, "Total Cost": 12.3, "Plan Rows": 1, "Plan Width": 4, "Actual Startup Time": 0.014, "Actual Total Time": 0.022, "Actual Rows": 1, "Actual Loops": 1, "Filter": "((kind)::text = 'production companies'::text)", "Rows Removed by Filter": 2}, {"Node Type": "Index Scan", "Parent Relationship": "Inner", "Scan Direction": "Forward", "Index Name": "company_type_id_movie_companies", "Relation Name": "movie_companies", "Alias": "mc", "Startup Cost": 0.0, "Total Cost": 59640.35, "Plan Rows": 1540, "Plan Width": 8, "Actual Startup Time": 698.437, "Actual Total Time": 698.437, "Actual Rows": 0, "Actual Loops": 1, "Index Cond": "(company_type_id = ct.id)", "Rows Removed by Index Recheck": 0, "Filter": "(((note)::text ~~ '%(theatrical)%'::text) AND ((note)::text ~~ '%(France)%'::text))", "Rows Removed by Filter": 1334883}]}, {"Node Type": "Index Scan", "Parent Relationship": "Inner", "Scan Direction": "Forward", "Index Name": "title_pkey", "Relation Name": "title", "Alias": "t", "Startup Cost": 0.0, "Total Cost": 7.53, "Plan Rows": 1, "Plan Width": 21, "Actual Startup Time": 0.0, "Actual Total Time": 0.0, "Index Cond": "(id = mc.movie_id)", "Rows Removed by Index Recheck": 0, "Filter": "(production_year > 2005)", "Rows Removed by Filter": 0}]}, {"Node Type": "Index Scan", "Parent Relationship": "Inner", "Scan Direction": "Forward", "Index Name": "movie_id_movie_info", "Relation Name": "movie_info", "Alias": "mi", "Startup Cost": 0.0, "Total Cost": 1.21, "Plan Rows": 1, "Plan Width": 8, "Actual Startup Time": 0.0, "Actual Total Time": 0.0, "Index Cond": "(movie_id = t.id)", "Rows Removed by Index Recheck": 0, "Filter": "((info)::text = ANY ('{Sweden,Norway,Germany,Denmark,Swedish,Denish,Norwegian,German}'::text[]))", "Rows Removed by Filter": 0}]}, {"Node Type": "Index Scan", "Parent Relationship": "Inner", "Scan Direction": "Forward", "Index Name": "info_type_pkey", "Relation Name": "info_type", "Alias": "it", "Startup Cost": 0.0, "Total Cost": 0.27, "Plan Rows": 1, "Plan Width": 4, "Actual Startup Time": 0.0, "Actual Total Time": 0.0, "Index Cond": "(id = mi.info_type_id)", "Rows Removed by Index Recheck": 0}]}]}, "Triggers": [], "Planner Runtime": 8.158, "Total Runtime": 698.747, "Unique SQL Id": 2510907716}}, "(64, '62')": {"explain_plan": {"Plan": {"Node Type": "Aggregate", "Strategy": "Plain", "Startup Cost": 440593.67, "Total Cost": 440593.69, "Plan Rows": 1, "Plan Width": 49, "Plans": [{"Node Type": "Streaming(type: LOCAL GATHER dop: 1/64)", "Parent Relationship": "Outer", "Startup Cost": 440593.67, "Total Cost": 440593.69, "Plan Rows": 1, "Plan Width": 49, "Plans": [{"Node Type": "Aggregate", "Strategy": "Plain", "Parent Relationship": "Outer", "Startup Cost": 440593.67, "Total Cost": 440593.68, "Plan Rows": 1, "Plan Width": 49, "Plans": [{"Node Type": "Nested Loop", "Parent Relationship": "Outer", "Join Type": "Inner", "Startup Cost": 0.0, "Total Cost": 440588.87, "Plan Rows": 1919, "Plan Width": 17, "Inner Unique": false, "Join Filter": "(mi.movie_id = t.id)", "Plans": [{"Node Type": "Streaming(type: LOCAL REDISTRIBUTE dop: 64/64)", "Parent Relationship": "Outer", "Startup Cost": 0.0, "Total Cost": 127997.39, "Plan Rows": 1013492, "Plan Width": 21, "Plans": [{"Node Type": "Seq Scan", "Parent Relationship": "Outer", "Relation Name": "title", "Alias": "t", "Startup Cost": 0.0, "Total Cost": 64037.34, "Plan Rows": 1013492, "Plan Width": 21, "Filter": "(production_year > 2005), (LLVM Optimized)"}]}, {"Node Type": "Materialize", "Parent Relationship": "Inner", "Startup Cost": 0.0, "Total Cost": 306723.64, "Plan Rows": 1581, "Plan Width": 8, "Plans": [{"Node Type": "Streaming(type: LOCAL REDISTRIBUTE dop: 64/1)", "Parent Relationship": "Outer", "Startup Cost": 0.0, "Total Cost": 306723.51, "Plan Rows": 1581, "Plan Width": 8, "Plans": [{"Node Type": "Nested Loop", "Parent Relationship": "Outer", "Join Type": "Inner", "Startup Cost": 0.0, "Total Cost": 243659.28, "Plan Rows": 1581, "Plan Width": 8, "Inner Unique": true, "Join Filter": "(mi.info_type_id = it.id)", "Plans": [{"Node Type": "Streaming(type: LOCAL GATHER dop: 1/64)", "Parent Relationship": "Outer", "Startup Cost": 0.0, "Total Cost": 241000.8, "Plan Rows": 1581, "Plan Width": 12, "Plans": [{"Node Type": "Nested Loop", "Parent Relationship": "Outer", "Join Type": "Inner", "Startup Cost": 0.0, "Total Cost": 240968.18, "Plan Rows": 1581, "Plan Width": 12, "Inner Unique": false, "Join Filter": "(mc.movie_id = mi.movie_id)", "Plans": [{"Node Type": "Seq Scan", "Parent Relationship": "Outer", "Relation Name": "movie_info", "Alias": "mi", "Startup Cost": 0.0, "Total Cost": 69963.86, "Plan Rows": 141478, "Plan Width": 8, "Filter": "((info)::text = ANY ('{Sweden,Norway,Germany,Denmark,Swedish,Denish,Norwegian,German}'::text[]))"}, {"Node Type": "Materialize", "Parent Relationship": "Inner", "Startup Cost": 0.0, "Total Cost": 119943.45, "Plan Rows": 98560, "Plan Width": 4, "Plans": [{"Node Type": "Streaming(type: BROADCAST dop: 64/1)", "Parent Relationship": "Outer", "Startup Cost": 0.0, "Total Cost": 119935.75, "Plan Rows": 98560, "Plan Width": 4, "Plans": [{"Node Type": "Nested Loop", "Parent Relationship": "Outer", "Join Type": "Inner", "Startup Cost": 0.0, "Total Cost": 54902.47, "Plan Rows": 1540, "Plan Width": 4, "Inner Unique": false, "Join Filter": "(ct.id = mc.company_type_id)", "Plans": [{"Node Type": "Seq Scan", "Parent Relationship": "Outer", "Relation Name": "company_type", "Alias": "ct", "Startup Cost": 0.0, "Total Cost": 1.04, "Plan Rows": 1, "Plan Width": 4, "Filter": "((kind)::text = 'production companies'::text)"}, {"Node Type": "Seq Scan", "Parent Relationship": "Inner", "Relation Name": "movie_companies", "Alias": "mc", "Startup Cost": 0.0, "Total Cost": 54862.92, "Plan Rows": 3081, "Plan Width": 8, "Filter": "(((note)::text ~~ '%(theatrical)%'::text) AND ((note)::text ~~ '%(France)%'::text))"}]}]}]}]}]}, {"Node Type": "Materialize", "Parent Relationship": "Inner", "Startup Cost": 0.0, "Total Cost": 2.68, "Plan Rows": 112, "Plan Width": 4, "Plans": [{"Node Type": "Seq Scan", "Parent Relationship": "Outer", "Relation Name": "info_type", "Alias": "it", "Startup Cost": 0.0, "Total Cost": 2.12, "Plan Rows": 112, "Plan Width": 4}]}]}]}]}]}]}]}]}, "Unique SQL Id": 2510907716, "Planner Runtime": 4}, "explain_analyze_plan": {"Plan": {"Node Type": "Aggregate", "Strategy": "Plain", "Startup Cost": 440593.67, "Total Cost": 440593.69, "Plan Rows": 1, "Plan Width": 49, "Actual Min Startup Time": 1433.469, "Actual Max Startup Time": 1433.469, "Actual Min Total Time": 1433.47, "Actual Max Total Time": 1433.47, "Plans": [{"Node Type": "Streaming(type: LOCAL GATHER dop: 1/64)", "Parent Relationship": "Outer", "Startup Cost": 440593.67, "Total Cost": 440593.69, "Plan Rows": 1, "Plan Width": 49, "Actual Min Startup Time": 1431.81, "Actual Max Startup Time": 1431.81, "Actual Min Total Time": 1433.443, "Actual Max Total Time": 1433.443, "Plans": [{"Node Type": "Aggregate", "Strategy": "Plain", "Parent Relationship": "Outer", "Startup Cost": 440593.67, "Total Cost": 440593.68, "Plan Rows": 1, "Plan Width": 49, "Actual Min Startup Time": 1131.8, "Actual Max Startup Time": 1266.232, "Actual Min Total Time": 1131.8, "Actual Max Total Time": 1266.232, "Plans": [{"Node Type": "Nested Loop", "Parent Relationship": "Outer", "Join Type": "Inner", "Startup Cost": 0.0, "Total Cost": 440588.87, "Plan Rows": 1919, "Plan Width": 17, "Actual Min Startup Time": 1131.794, "Actual Max Startup Time": 1266.225, "Actual Min Total Time": 1131.794, "Actual Max Total Time": 1266.225, "Inner Unique": false, "Join Filter": "(mi.movie_id = t.id)", "Rows Removed by Join Filter": 0, "Plans": [{"Node Type": "Streaming(type: LOCAL REDISTRIBUTE dop: 64/64)", "Parent Relationship": "Outer", "Startup Cost": 0.0, "Total Cost": 127997.39, "Plan Rows": 1013492, "Plan Width": 21, "Actual Min Startup Time": 0.18, "Actual Max Startup Time": 1.831, "Actual Min Total Time": 42.081, "Actual Max Total Time": 44.266, "Plans": [{"Node Type": "Seq Scan", "Parent Relationship": "Outer", "Relation Name": "title", "Alias": "t", "Startup Cost": 0.0, "Total Cost": 64037.34, "Plan Rows": 1013492, "Plan Width": 21, "Actual Min Startup Time": 0.026, "Actual Max Startup Time": 0.067, "Actual Min Total Time": 12.67, "Actual Max Total Time": 18.199, "Filter": "(production_year > 2005), (LLVM Optimized, Jit Execute)", "Rows Removed by Filter": 1515391, "Actual Rows": 1012920}], "Actual Rows": 1012920}, {"Node Type": "Materialize", "Parent Relationship": "Inner", "Startup Cost": 0.0, "Total Cost": 306723.64, "Plan Rows": 1581, "Plan Width": 8, "Actual Min Startup Time": 1085.032, "Actual Max Startup Time": 1219.429, "Actual Min Total Time": 1085.032, "Actual Max Total Time": 1219.429, "Plans": [{"Node Type": "Streaming(type: LOCAL REDISTRIBUTE dop: 64/1)", "Parent Relationship": "Outer", "Startup Cost": 0.0, "Total Cost": 306723.51, "Plan Rows": 1581, "Plan Width": 8, "Actual Min Startup Time": 1083.308, "Actual Max Startup Time": 1217.752, "Actual Min Total Time": 1083.308, "Actual Max Total Time": 1217.752, "Plans": [{"Node Type": "Nested Loop", "Parent Relationship": "Outer", "Join Type": "Inner", "Startup Cost": 0.0, "Total Cost": 243659.28, "Plan Rows": 1581, "Plan Width": 8, "Actual Min Startup Time": 1104.138, "Actual Max Startup Time": 1104.138, "Actual Min Total Time": 1104.138, "Actual Max Total Time": 1104.138, "Inner Unique": true, "Join Filter": "(mi.info_type_id = it.id)", "Rows Removed by Join Filter": 0, "Plans": [{"Node Type": "Streaming(type: LOCAL GATHER dop: 1/64)", "Parent Relationship": "Outer", "Startup Cost": 0.0, "Total Cost": 241000.8, "Plan Rows": 1581, "Plan Width": 12, "Actual Min Startup Time": 1104.029, "Actual Max Startup Time": 1104.029, "Actual Min Total Time": 1104.029, "Actual Max Total Time": 1104.029, "Plans": [{"Node Type": "Nested Loop", "Parent Relationship": "Outer", "Join Type": "Inner", "Startup Cost": 0.0, "Total Cost": 240968.18, "Plan Rows": 1581, "Plan Width": 12, "Actual Min Startup Time": 1071.759, "Actual Max Startup Time": 1282.268, "Actual Min Total Time": 1071.759, "Actual Max Total Time": 1282.268, "Inner Unique": false, "Join Filter": "(mc.movie_id = mi.movie_id)", "Rows Removed by Join Filter": 0, "Plans": [{"Node Type": "Seq Scan", "Parent Relationship": "Outer", "Relation Name": "movie_info", "Alias": "mi", "Startup Cost": 0.0, "Total Cost": 69963.86, "Plan Rows": 141478, "Plan Width": 8, "Actual Min Startup Time": 0.072, "Actual Max Startup Time": 3.315, "Actual Min Total Time": 114.605, "Actual Max Total Time": 132.254, "Filter": "((info)::text = ANY ('{Sweden,Norway,Germany,Denmark,Swedish,Denish,Norwegian,German}'::text[]))", "Rows Removed by Filter": 14681822, "Actual Rows": 153897}, {"Node Type": "Materialize", "Parent Relationship": "Inner", "Startup Cost": 0.0, "Total Cost": 119943.45, "Plan Rows": 98560, "Plan Width": 4, "Actual Min Startup Time": 950.236, "Actual Max Startup Time": 1154.534, "Actual Min Total Time": 950.236, "Actual Max Total Time": 1154.534, "Plans": [{"Node Type": "Streaming(type: BROADCAST dop: 64/1)", "Parent Relationship": "Outer", "Startup Cost": 0.0, "Total Cost": 119935.75, "Plan Rows": 98560, "Plan Width": 4, "Actual Min Startup Time": 950.018, "Actual Max Startup Time": 1154.362, "Actual Min Total Time": 950.018, "Actual Max Total Time": 1154.362, "Plans": [{"Node Type": "Nested Loop", "Parent Relationship": "Outer", "Join Type": "Inner", "Startup Cost": 0.0, "Total Cost": 54902.47, "Plan Rows": 1540, "Plan Width": 4, "Actual Min Startup Time": 1060.242, "Actual Max Startup Time": 1060.242, "Actual Min Total Time": 1060.242, "Actual Max Total Time": 1060.242, "Inner Unique": false, "Join Filter": "(ct.id = mc.company_type_id)", "Rows Removed by Join Filter": 24025, "Plans": [{"Node Type": "Seq Scan", "Parent Relationship": "Outer", "Relation Name": "company_type", "Alias": "ct", "Startup Cost": 0.0, "Total Cost": 1.04, "Plan Rows": 1, "Plan Width": 4, "Actual Min Startup Time": 0.025, "Actual Max Startup Time": 0.025, "Actual Min Total Time": 0.029, "Actual Max Total Time": 0.029, "Filter": "((kind)::text = 'production companies'::text)", "Rows Removed by Filter": 2, "Actual Rows": 1}, {"Node Type": "Seq Scan", "Parent Relationship": "Inner", "Relation Name": "movie_companies", "Alias": "mc", "Startup Cost": 0.0, "Total Cost": 54862.92, "Plan Rows": 3081, "Plan Width": 8, "Actual Min Startup Time": 9.076, "Actual Max Startup Time": 9.076, "Actual Min Total Time": 1054.961, "Actual Max Total Time": 1054.961, "Filter": "(((note)::text ~~ '%(theatrical)%'::text) AND ((note)::text ~~ '%(France)%'::text))", "Rows Removed by Filter": 2585103, "Actual Rows": 24025}], "Actual Rows": 0}], "Actual Rows": 0}], "Actual Rows": 0}], "Actual Rows": 0}], "Actual Rows": 0}, {"Node Type": "Materialize", "Parent Relationship": "Inner", "Startup Cost": 0.0, "Total Cost": 2.68, "Plan Rows": 112, "Plan Width": 4, "Actual Min Startup Time": 0.099, "Actual Max Startup Time": 0.099, "Actual Min Total Time": 0.099, "Actual Max Total Time": 0.099, "Plans": [{"Node Type": "Seq Scan", "Parent Relationship": "Outer", "Relation Name": "info_type", "Alias": "it", "Startup Cost": 0.0, "Total Cost": 2.12, "Plan Rows": 112, "Plan Width": 4, "Actual Min Startup Time": 0.043, "Actual Max Startup Time": 0.043, "Actual Min Total Time": 0.064, "Actual Max Total Time": 0.064, "Actual Rows": 112}], "Actual Rows": 1}], "Actual Rows": 0}], "Actual Rows": 0}], "Actual Rows": 0}], "Actual Rows": 0}], "Actual Rows": 64}], "Actual Rows": 64}], "Actual Rows": 1}, "Triggers": [], "Planner Runtime": 6.824, "Total Runtime": 1488.299, "Unique SQL Id": 2510907716}}, "(64, '63')": {"explain_plan": {"Plan": {"Node Type": "Aggregate", "Strategy": "Plain", "Startup Cost": 5000171402636.96, "Total Cost": 5000171402636.97, "Plan Rows": 1, "Plan Width": 49, "Plans": [{"Node Type": "Nested Loop", "Parent Relationship": "Outer", "Join Type": "Inner", "Startup Cost": 50000000000.0, "Total Cost": 5000171402632.16, "Plan Rows": 1919, "Plan Width": 17, "Inner Unique": true, "Join Filter": "(mi.info_type_id = it.id)", "Plans": [{"Node Type": "Nested Loop", "Parent Relationship": "Outer", "Join Type": "Inner", "Startup Cost": 40000000000.0, "Total Cost": 4000171398014.96, "Plan Rows": 1919, "Plan Width": 21, "Inner Unique": true, "Join Filter": "(mi.movie_id = t.id)", "Plans": [{"Node Type": "Nested Loop", "Parent Relationship": "Outer", "Join Type": "Inner", "Startup Cost": 30000000000.0, "Total Cost": 3000135716391.79, "Plan Rows": 1581, "Plan Width": 12, "Inner Unique": true, "Join Filter": "(mc.company_type_id = ct.id)", "Plans": [{"Node Type": "Nested Loop", "Parent Relationship": "Outer", "Join Type": "Inner", "Startup Cost": 20000000000.0, "Total Cost": 2000135715114.09, "Plan Rows": 3163, "Plan Width": 16, "Inner Unique": false, "Join Filter": "(mc.movie_id = mi.movie_id)", "Plans": [{"Node Type": "Index Scan", "Parent Relationship": "Outer", "Scan Direction": "Forward", "Index Name": "info_type_id_movie_info", "Relation Name": "movie_info", "Alias": "mi", "Startup Cost": 10000000000.0, "Total Cost": 1000118553919.62, "Plan Rows": 141478, "Plan Width": 8, "Filter": "((info)::text = ANY ('{Sweden,Norway,Germany,Denmark,Swedish,Denish,Norwegian,German}'::text[]))"}, {"Node Type": "Materialize", "Parent Relationship": "Inner", "Startup Cost": 10000000000.0, "Total Cost": 1000010622796.41, "Plan Rows": 3081, "Plan Width": 8, "Plans": [{"Node Type": "Index Scan", "Parent Relationship": "Outer", "Scan Direction": "Forward", "Index Name": "company_type_id_movie_companies", "Relation Name": "movie_companies", "Alias": "mc", "Startup Cost": 10000000000.0, "Total Cost": 1000010622781.0, "Plan Rows": 3081, "Plan Width": 8, "Filter": "(((note)::text ~~ '%(theatrical)%'::text) AND ((note)::text ~~ '%(France)%'::text))"}]}]}, {"Node Type": "Materialize", "Parent Relationship": "Inner", "Startup Cost": 10000000000.0, "Total Cost": 1000000001230.26, "Plan Rows": 1, "Plan Width": 4, "Plans": [{"Node Type": "Index Scan", "Parent Relationship": "Outer", "Scan Direction": "Forward", "Index Name": "company_type_pkey", "Relation Name": "company_type", "Alias": "ct", "Startup Cost": 10000000000.0, "Total Cost": 1000000001230.25, "Plan Rows": 1, "Plan Width": 4, "Filter": "((kind)::text = 'production companies'::text)"}]}]}, {"Node Type": "Materialize", "Parent Relationship": "Inner", "Startup Cost": 10000000000.0, "Total Cost": 1000011649194.12, "Plan Rows": 1013492, "Plan Width": 21, "Plans": [{"Node Type": "Index Scan", "Parent Relationship": "Outer", "Scan Direction": "Forward", "Index Name": "title_pkey", "Relation Name": "title", "Alias": "t", "Startup Cost": 10000000000.0, "Total Cost": 1000011644126.66, "Plan Rows": 1013492, "Plan Width": 21, "Filter": "(production_year > 2005), (LLVM Optimized)"}]}]}, {"Node Type": "Materialize", "Parent Relationship": "Inner", "Startup Cost": 10000000000.0, "Total Cost": 1000000001393.56, "Plan Rows": 112, "Plan Width": 4, "Plans": [{"Node Type": "Index Scan", "Parent Relationship": "Outer", "Scan Direction": "Forward", "Index Name": "info_type_pkey", "Relation Name": "info_type", "Alias": "it", "Startup Cost": 10000000000.0, "Total Cost": 1000000001393.0, "Plan Rows": 112, "Plan Width": 4}]}]}]}, "Unique SQL Id": 2510907716, "Planner Runtime": 3}, "explain_analyze_plan": null}, "(64, '64')": {"explain_plan": {"Plan": {"Node Type": "Aggregate", "Strategy": "Plain", "Startup Cost": 69326.03, "Total Cost": 69326.04, "Plan Rows": 1, "Plan Width": 49, "Plans": [{"Node Type": "Nested Loop", "Parent Relationship": "Outer", "Join Type": "Inner", "Startup Cost": 1.05, "Total Cost": 69321.23, "Plan Rows": 1919, "Plan Width": 17, "Inner Unique": true, "Plans": [{"Node Type": "Nested Loop", "Parent Relationship": "Outer", "Join Type": "Inner", "Startup Cost": 1.05, "Total Cost": 68783.8, "Plan Rows": 1919, "Plan Width": 21, "Inner Unique": false, "Plans": [{"Node Type": "Nested Loop", "Parent Relationship": "Outer", "Join Type": "Inner", "Startup Cost": 1.05, "Total Cost": 66504.51, "Plan Rows": 1869, "Plan Width": 25, "Inner Unique": true, "Plans": [{"Node Type": "Hash Join", "Parent Relationship": "Outer", "Join Type": "Inner", "Startup Cost": 1.05, "Total Cost": 54887.09, "Plan Rows": 1540, "Plan Width": 4, "Inner Unique": true, "Hash Cond": "(mc.company_type_id = ct.id)", "Plans": [{"Node Type": "Seq Scan", "Parent Relationship": "Outer", "Relation Name": "movie_companies", "Alias": "mc", "Startup Cost": 0.0, "Total Cost": 54862.92, "Plan Rows": 3081, "Plan Width": 8, "Filter": "(((note)::text ~~ '%(theatrical)%'::text) AND ((note)::text ~~ '%(France)%'::text))"}, {"Node Type": "Hash", "Parent Relationship": "Inner", "Startup Cost": 1.04, "Total Cost": 1.04, "Plan Rows": 1, "Plan Width": 4, "Plans": [{"Node Type": "Seq Scan", "Parent Relationship": "Outer", "Relation Name": "company_type", "Alias": "ct", "Startup Cost": 0.0, "Total Cost": 1.04, "Plan Rows": 1, "Plan Width": 4, "Filter": "((kind)::text = 'production companies'::text)"}]}]}, {"Node Type": "Index Scan", "Parent Relationship": "Inner", "Scan Direction": "Forward", "Index Name": "title_pkey", "Relation Name": "title", "Alias": "t", "Startup Cost": 0.0, "Total Cost": 7.53, "Plan Rows": 1, "Plan Width": 21, "Index Cond": "(id = mc.movie_id)", "Filter": "(production_year > 2005)"}]}, {"Node Type": "Index Scan", "Parent Relationship": "Inner", "Scan Direction": "Forward", "Index Name": "movie_id_movie_info", "Relation Name": "movie_info", "Alias": "mi", "Startup Cost": 0.0, "Total Cost": 1.21, "Plan Rows": 1, "Plan Width": 8, "Index Cond": "(movie_id = t.id)", "Filter": "((info)::text = ANY ('{Sweden,Norway,Germany,Denmark,Swedish,Denish,Norwegian,German}'::text[]))"}]}, {"Node Type": "Index Only Scan", "Parent Relationship": "Inner", "Scan Direction": "Forward", "Index Name": "info_type_pkey", "Relation Name": "info_type", "Alias": "it", "Startup Cost": 0.0, "Total Cost": 0.27, "Plan Rows": 1, "Plan Width": 4, "Index Cond": "(id = mi.info_type_id)"}]}]}, "Unique SQL Id": 2510907716, "Planner Runtime": 11}, "explain_analyze_plan": {"Plan": {"Node Type": "Aggregate", "Strategy": "Plain", "Startup Cost": 69326.03, "Total Cost": 69326.04, "Plan Rows": 1, "Plan Width": 49, "Actual Startup Time": 1045.834, "Actual Total Time": 1045.835, "Actual Rows": 1, "Actual Loops": 1, "Plans": [{"Node Type": "Nested Loop", "Parent Relationship": "Outer", "Join Type": "Inner", "Startup Cost": 1.05, "Total Cost": 69321.23, "Plan Rows": 1919, "Plan Width": 17, "Actual Startup Time": 1045.824, "Actual Total Time": 1045.824, "Actual Rows": 0, "Actual Loops": 1, "Inner Unique": true, "Plans": [{"Node Type": "Nested Loop", "Parent Relationship": "Outer", "Join Type": "Inner", "Startup Cost": 1.05, "Total Cost": 68783.8, "Plan Rows": 1919, "Plan Width": 21, "Actual Startup Time": 1045.823, "Actual Total Time": 1045.823, "Actual Rows": 0, "Actual Loops": 1, "Inner Unique": false, "Plans": [{"Node Type": "Nested Loop", "Parent Relationship": "Outer", "Join Type": "Inner", "Startup Cost": 1.05, "Total Cost": 66504.51, "Plan Rows": 1869, "Plan Width": 25, "Actual Startup Time": 1045.822, "Actual Total Time": 1045.822, "Actual Rows": 0, "Actual Loops": 1, "Inner Unique": true, "Plans": [{"Node Type": "Hash Join", "Parent Relationship": "Outer", "Join Type": "Inner", "Startup Cost": 1.05, "Total Cost": 54887.09, "Plan Rows": 1540, "Plan Width": 4, "Actual Startup Time": 1045.772, "Actual Total Time": 1045.772, "Actual Rows": 0, "Actual Loops": 1, "Inner Unique": true, "Hash Cond": "(mc.company_type_id = ct.id)", "Plans": [{"Node Type": "Seq Scan", "Parent Relationship": "Outer", "Relation Name": "movie_companies", "Alias": "mc", "Startup Cost": 0.0, "Total Cost": 54862.92, "Plan Rows": 3081, "Plan Width": 8, "Actual Startup Time": 9.039, "Actual Total Time": 1041.162, "Actual Rows": 24025, "Actual Loops": 1, "Filter": "(((note)::text ~~ '%(theatrical)%'::text) AND ((note)::text ~~ '%(France)%'::text))", "Rows Removed by Filter": 2585103}, {"Node Type": "Hash", "Parent Relationship": "Inner", "Startup Cost": 1.04, "Total Cost": 1.04, "Plan Rows": 1, "Plan Width": 4, "Actual Startup Time": 0.016, "Actual Total Time": 0.016, "Actual Rows": 1, "Actual Loops": 1, "Hash Buckets": 32768, "Hash Batches": 1, "Original Hash Batches": 1, "Peak Memory Usage": 1, "Plans": [{"Node Type": "Seq Scan", "Parent Relationship": "Outer", "Relation Name": "company_type", "Alias": "ct", "Startup Cost": 0.0, "Total Cost": 1.04, "Plan Rows": 1, "Plan Width": 4, "Actual Startup Time": 0.01, "Actual Total Time": 0.012, "Actual Rows": 1, "Actual Loops": 1, "Filter": "((kind)::text = 'production companies'::text)", "Rows Removed by Filter": 2}]}]}, {"Node Type": "Index Scan", "Parent Relationship": "Inner", "Scan Direction": "Forward", "Index Name": "title_pkey", "Relation Name": "title", "Alias": "t", "Startup Cost": 0.0, "Total Cost": 7.53, "Plan Rows": 1, "Plan Width": 21, "Actual Startup Time": 0.0, "Actual Total Time": 0.0, "Index Cond": "(id = mc.movie_id)", "Rows Removed by Index Recheck": 0, "Filter": "(production_year > 2005)", "Rows Removed by Filter": 0}]}, {"Node Type": "Index Scan", "Parent Relationship": "Inner", "Scan Direction": "Forward", "Index Name": "movie_id_movie_info", "Relation Name": "movie_info", "Alias": "mi", "Startup Cost": 0.0, "Total Cost": 1.21, "Plan Rows": 1, "Plan Width": 8, "Actual Startup Time": 0.0, "Actual Total Time": 0.0, "Index Cond": "(movie_id = t.id)", "Rows Removed by Index Recheck": 0, "Filter": "((info)::text = ANY ('{Sweden,Norway,Germany,Denmark,Swedish,Denish,Norwegian,German}'::text[]))", "Rows Removed by Filter": 0}]}, {"Node Type": "Index Only Scan", "Parent Relationship": "Inner", "Scan Direction": "Forward", "Index Name": "info_type_pkey", "Relation Name": "info_type", "Alias": "it", "Startup Cost": 0.0, "Total Cost": 0.27, "Plan Rows": 1, "Plan Width": 4, "Actual Startup Time": 0.0, "Actual Total Time": 0.0, "Index Cond": "(id = mi.info_type_id)", "Rows Removed by Index Recheck": 0, "Heap Fetches": 0}]}]}, "Triggers": [], "Planner Runtime": 11.031, "Total Runtime": 1046.088, "Unique SQL Id": 2510907716}}, "(64, '65')": {"explain_plan": {"Plan": {"Node Type": "Aggregate", "Strategy": "Plain", "Startup Cost": 74106.99, "Total Cost": 74107.0, "Plan Rows": 1, "Plan Width": 49, "Plans": [{"Node Type": "Nested Loop", "Parent Relationship": "Outer", "Join Type": "Inner", "Startup Cost": 0.0, "Total Cost": 74102.19, "Plan Rows": 1919, "Plan Width": 17, "Inner Unique": true, "Plans": [{"Node Type": "Nested Loop", "Parent Relationship": "Outer", "Join Type": "Inner", "Startup Cost": 0.0, "Total Cost": 73564.77, "Plan Rows": 1919, "Plan Width": 21, "Inner Unique": false, "Plans": [{"Node Type": "Nested Loop", "Parent Relationship": "Outer", "Join Type": "Inner", "Startup Cost": 0.0, "Total Cost": 71285.47, "Plan Rows": 1869, "Plan Width": 25, "Inner Unique": true, "Plans": [{"Node Type": "Nested Loop", "Parent Relationship": "Outer", "Join Type": "Inner", "Startup Cost": 0.0, "Total Cost": 59668.05, "Plan Rows": 1540, "Plan Width": 4, "Inner Unique": false, "Plans": [{"Node Type": "Index Scan", "Parent Relationship": "Outer", "Scan Direction": "Forward", "Index Name": "company_type_pkey", "Relation Name": "company_type", "Alias": "ct", "Startup Cost": 0.0, "Total Cost": 12.3, "Plan Rows": 1, "Plan Width": 4, "Filter": "((kind)::text = 'production companies'::text)"}, {"Node Type": "Index Scan", "Parent Relationship": "Inner", "Scan Direction": "Forward", "Index Name": "company_type_id_movie_companies", "Relation Name": "movie_companies", "Alias": "mc", "Startup Cost": 0.0, "Total Cost": 59640.35, "Plan Rows": 1540, "Plan Width": 8, "Index Cond": "(company_type_id = ct.id)", "Filter": "(((note)::text ~~ '%(theatrical)%'::text) AND ((note)::text ~~ '%(France)%'::text))"}]}, {"Node Type": "Index Scan", "Parent Relationship": "Inner", "Scan Direction": "Forward", "Index Name": "title_pkey", "Relation Name": "title", "Alias": "t", "Startup Cost": 0.0, "Total Cost": 7.53, "Plan Rows": 1, "Plan Width": 21, "Index Cond": "(id = mc.movie_id)", "Filter": "(production_year > 2005)"}]}, {"Node Type": "Index Scan", "Parent Relationship": "Inner", "Scan Direction": "Forward", "Index Name": "movie_id_movie_info", "Relation Name": "movie_info", "Alias": "mi", "Startup Cost": 0.0, "Total Cost": 1.21, "Plan Rows": 1, "Plan Width": 8, "Index Cond": "(movie_id = t.id)", "Filter": "((info)::text = ANY ('{Sweden,Norway,Germany,Denmark,Swedish,Denish,Norwegian,German}'::text[]))"}]}, {"Node Type": "Index Only Scan", "Parent Relationship": "Inner", "Scan Direction": "Forward", "Index Name": "info_type_pkey", "Relation Name": "info_type", "Alias": "it", "Startup Cost": 0.0, "Total Cost": 0.27, "Plan Rows": 1, "Plan Width": 4, "Index Cond": "(id = mi.info_type_id)"}]}]}, "Unique SQL Id": 2510907716, "Planner Runtime": 8}, "explain_analyze_plan": {"Plan": {"Node Type": "Aggregate", "Strategy": "Plain", "Startup Cost": 74106.99, "Total Cost": 74107.0, "Plan Rows": 1, "Plan Width": 49, "Actual Startup Time": 629.666, "Actual Total Time": 629.667, "Actual Rows": 1, "Actual Loops": 1, "Plans": [{"Node Type": "Nested Loop", "Parent Relationship": "Outer", "Join Type": "Inner", "Startup Cost": 0.0, "Total Cost": 74102.19, "Plan Rows": 1919, "Plan Width": 17, "Actual Startup Time": 629.656, "Actual Total Time": 629.656, "Actual Rows": 0, "Actual Loops": 1, "Inner Unique": true, "Plans": [{"Node Type": "Nested Loop", "Parent Relationship": "Outer", "Join Type": "Inner", "Startup Cost": 0.0, "Total Cost": 73564.77, "Plan Rows": 1919, "Plan Width": 21, "Actual Startup Time": 629.655, "Actual Total Time": 629.655, "Actual Rows": 0, "Actual Loops": 1, "Inner Unique": false, "Plans": [{"Node Type": "Nested Loop", "Parent Relationship": "Outer", "Join Type": "Inner", "Startup Cost": 0.0, "Total Cost": 71285.47, "Plan Rows": 1869, "Plan Width": 25, "Actual Startup Time": 629.655, "Actual Total Time": 629.655, "Actual Rows": 0, "Actual Loops": 1, "Inner Unique": true, "Plans": [{"Node Type": "Nested Loop", "Parent Relationship": "Outer", "Join Type": "Inner", "Startup Cost": 0.0, "Total Cost": 59668.05, "Plan Rows": 1540, "Plan Width": 4, "Actual Startup Time": 629.654, "Actual Total Time": 629.654, "Actual Rows": 0, "Actual Loops": 1, "Inner Unique": false, "Plans": [{"Node Type": "Index Scan", "Parent Relationship": "Outer", "Scan Direction": "Forward", "Index Name": "company_type_pkey", "Relation Name": "company_type", "Alias": "ct", "Startup Cost": 0.0, "Total Cost": 12.3, "Plan Rows": 1, "Plan Width": 4, "Actual Startup Time": 0.022, "Actual Total Time": 0.03, "Actual Rows": 1, "Actual Loops": 1, "Filter": "((kind)::text = 'production companies'::text)", "Rows Removed by Filter": 2}, {"Node Type": "Index Scan", "Parent Relationship": "Inner", "Scan Direction": "Forward", "Index Name": "company_type_id_movie_companies", "Relation Name": "movie_companies", "Alias": "mc", "Startup Cost": 0.0, "Total Cost": 59640.35, "Plan Rows": 1540, "Plan Width": 8, "Actual Startup Time": 629.618, "Actual Total Time": 629.618, "Actual Rows": 0, "Actual Loops": 1, "Index Cond": "(company_type_id = ct.id)", "Rows Removed by Index Recheck": 0, "Filter": "(((note)::text ~~ '%(theatrical)%'::text) AND ((note)::text ~~ '%(France)%'::text))", "Rows Removed by Filter": 1334883}]}, {"Node Type": "Index Scan", "Parent Relationship": "Inner", "Scan Direction": "Forward", "Index Name": "title_pkey", "Relation Name": "title", "Alias": "t", "Startup Cost": 0.0, "Total Cost": 7.53, "Plan Rows": 1, "Plan Width": 21, "Actual Startup Time": 0.0, "Actual Total Time": 0.0, "Index Cond": "(id = mc.movie_id)", "Rows Removed by Index Recheck": 0, "Filter": "(production_year > 2005)", "Rows Removed by Filter": 0}]}, {"Node Type": "Index Scan", "Parent Relationship": "Inner", "Scan Direction": "Forward", "Index Name": "movie_id_movie_info", "Relation Name": "movie_info", "Alias": "mi", "Startup Cost": 0.0, "Total Cost": 1.21, "Plan Rows": 1, "Plan Width": 8, "Actual Startup Time": 0.0, "Actual Total Time": 0.0, "Index Cond": "(movie_id = t.id)", "Rows Removed by Index Recheck": 0, "Filter": "((info)::text = ANY ('{Sweden,Norway,Germany,Denmark,Swedish,Denish,Norwegian,German}'::text[]))", "Rows Removed by Filter": 0}]}, {"Node Type": "Index Only Scan", "Parent Relationship": "Inner", "Scan Direction": "Forward", "Index Name": "info_type_pkey", "Relation Name": "info_type", "Alias": "it", "Startup Cost": 0.0, "Total Cost": 0.27, "Plan Rows": 1, "Plan Width": 4, "Actual Startup Time": 0.0, "Actual Total Time": 0.0, "Index Cond": "(id = mi.info_type_id)", "Rows Removed by Index Recheck": 0, "Heap Fetches": 0}]}]}, "Triggers": [], "Planner Runtime": 8.174, "Total Runtime": 629.914, "Unique SQL Id": 2510907716}}, "(64, '66')": {"explain_plan": {"Plan": {"Node Type": "Aggregate", "Strategy": "Plain", "Startup Cost": 75460.38, "Total Cost": 75460.39, "Plan Rows": 1, "Plan Width": 49, "Plans": [{"Node Type": "Hash Join", "Parent Relationship": "Outer", "Join Type": "Inner", "Startup Cost": 8.77, "Total Cost": 75455.58, "Plan Rows": 1919, "Plan Width": 17, "Inner Unique": true, "Hash Cond": "(mi.info_type_id = it.id)", "Plans": [{"Node Type": "Nested Loop", "Parent Relationship": "Outer", "Join Type": "Inner", "Startup Cost": 5.25, "Total Cost": 75426.73, "Plan Rows": 1919, "Plan Width": 21, "Inner Unique": false, "Plans": [{"Node Type": "Nested Loop", "Parent Relationship": "Outer", "Join Type": "Inner", "Startup Cost": 4.74, "Total Cost": 66764.81, "Plan Rows": 1869, "Plan Width": 25, "Inner Unique": true, "Plans": [{"Node Type": "Hash Join", "Parent Relationship": "Outer", "Join Type": "Inner", "Startup Cost": 1.05, "Total Cost": 54887.09, "Plan Rows": 1540, "Plan Width": 4, "Inner Unique": true, "Hash Cond": "(mc.company_type_id = ct.id)", "Plans": [{"Node Type": "Seq Scan", "Parent Relationship": "Outer", "Relation Name": "movie_companies", "Alias": "mc", "Startup Cost": 0.0, "Total Cost": 54862.92, "Plan Rows": 3081, "Plan Width": 8, "Filter": "(((note)::text ~~ '%(theatrical)%'::text) AND ((note)::text ~~ '%(France)%'::text))"}, {"Node Type": "Hash", "Parent Relationship": "Inner", "Startup Cost": 1.04, "Total Cost": 1.04, "Plan Rows": 1, "Plan Width": 4, "Plans": [{"Node Type": "Seq Scan", "Parent Relationship": "Outer", "Relation Name": "company_type", "Alias": "ct", "Startup Cost": 0.0, "Total Cost": 1.04, "Plan Rows": 1, "Plan Width": 4, "Filter": "((kind)::text = 'production companies'::text)"}]}]}, {"Node Type": "Bitmap Heap Scan", "Parent Relationship": "Inner", "Relation Name": "title", "Alias": "t", "Startup Cost": 3.69, "Total Cost": 7.7, "Plan Rows": 1, "Plan Width": 21, "Recheck Cond": "(id = mc.movie_id)", "Filter": "(production_year > 2005)", "Plans": [{"Node Type": "Bitmap Index Scan", "Parent Relationship": "Outer", "Index Name": "title_pkey", "Startup Cost": 0.0, "Total Cost": 3.69, "Plan Rows": 1, "Plan Width": 0, "Index Cond": "(id = mc.movie_id)"}]}]}, {"Node Type": "Bitmap Heap Scan", "Parent Relationship": "Inner", "Relation Name": "movie_info", "Alias": "mi", "Startup Cost": 0.51, "Total Cost": 4.62, "Plan Rows": 1, "Plan Width": 8, "Recheck Cond": "(movie_id = t.id)", "Filter": "((info)::text = ANY ('{Sweden,Norway,Germany,Denmark,Swedish,Denish,Norwegian,German}'::text[]))", "Plans": [{"Node Type": "Bitmap Index Scan", "Parent Relationship": "Outer", "Index Name": "movie_id_movie_info", "Startup Cost": 0.0, "Total Cost": 0.51, "Plan Rows": 5, "Plan Width": 0, "Index Cond": "(movie_id = t.id)"}]}]}, {"Node Type": "Hash", "Parent Relationship": "Inner", "Startup Cost": 2.12, "Total Cost": 2.12, "Plan Rows": 112, "Plan Width": 4, "Plans": [{"Node Type": "Seq Scan", "Parent Relationship": "Outer", "Relation Name": "info_type", "Alias": "it", "Startup Cost": 0.0, "Total Cost": 2.12, "Plan Rows": 112, "Plan Width": 4}]}]}]}, "Unique SQL Id": 2510907716, "Planner Runtime": 11}, "explain_analyze_plan": {"Plan": {"Node Type": "Aggregate", "Strategy": "Plain", "Startup Cost": 75460.38, "Total Cost": 75460.39, "Plan Rows": 1, "Plan Width": 49, "Actual Startup Time": 1037.483, "Actual Total Time": 1037.483, "Actual Rows": 1, "Actual Loops": 1, "Plans": [{"Node Type": "Hash Join", "Parent Relationship": "Outer", "Join Type": "Inner", "Startup Cost": 8.77, "Total Cost": 75455.58, "Plan Rows": 1919, "Plan Width": 17, "Actual Startup Time": 1037.475, "Actual Total Time": 1037.475, "Actual Rows": 0, "Actual Loops": 1, "Inner Unique": true, "Hash Cond": "(mi.info_type_id = it.id)", "Plans": [{"Node Type": "Nested Loop", "Parent Relationship": "Outer", "Join Type": "Inner", "Startup Cost": 5.25, "Total Cost": 75426.73, "Plan Rows": 1919, "Plan Width": 21, "Actual Startup Time": 1037.327, "Actual Total Time": 1037.327, "Actual Rows": 0, "Actual Loops": 1, "Inner Unique": false, "Plans": [{"Node Type": "Nested Loop", "Parent Relationship": "Outer", "Join Type": "Inner", "Startup Cost": 4.74, "Total Cost": 66764.81, "Plan Rows": 1869, "Plan Width": 25, "Actual Startup Time": 1037.324, "Actual Total Time": 1037.324, "Actual Rows": 0, "Actual Loops": 1, "Inner Unique": true, "Plans": [{"Node Type": "Hash Join", "Parent Relationship": "Outer", "Join Type": "Inner", "Startup Cost": 1.05, "Total Cost": 54887.09, "Plan Rows": 1540, "Plan Width": 4, "Actual Startup Time": 1037.294, "Actual Total Time": 1037.294, "Actual Rows": 0, "Actual Loops": 1, "Inner Unique": true, "Hash Cond": "(mc.company_type_id = ct.id)", "Plans": [{"Node Type": "Seq Scan", "Parent Relationship": "Outer", "Relation Name": "movie_companies", "Alias": "mc", "Startup Cost": 0.0, "Total Cost": 54862.92, "Plan Rows": 3081, "Plan Width": 8, "Actual Startup Time": 8.852, "Actual Total Time": 1032.719, "Actual Rows": 24025, "Actual Loops": 1, "Filter": "(((note)::text ~~ '%(theatrical)%'::text) AND ((note)::text ~~ '%(France)%'::text))", "Rows Removed by Filter": 2585103}, {"Node Type": "Hash", "Parent Relationship": "Inner", "Startup Cost": 1.04, "Total Cost": 1.04, "Plan Rows": 1, "Plan Width": 4, "Actual Startup Time": 0.036, "Actual Total Time": 0.036, "Actual Rows": 1, "Actual Loops": 1, "Hash Buckets": 32768, "Hash Batches": 1, "Original Hash Batches": 1, "Peak Memory Usage": 1, "Plans": [{"Node Type": "Seq Scan", "Parent Relationship": "Outer", "Relation Name": "company_type", "Alias": "ct", "Startup Cost": 0.0, "Total Cost": 1.04, "Plan Rows": 1, "Plan Width": 4, "Actual Startup Time": 0.024, "Actual Total Time": 0.028, "Actual Rows": 1, "Actual Loops": 1, "Filter": "((kind)::text = 'production companies'::text)", "Rows Removed by Filter": 2}]}]}, {"Node Type": "Bitmap Heap Scan", "Parent Relationship": "Inner", "Relation Name": "title", "Alias": "t", "Startup Cost": 3.69, "Total Cost": 7.7, "Plan Rows": 1, "Plan Width": 21, "Actual Startup Time": 0.0, "Actual Total Time": 0.0, "Recheck Cond": "(id = mc.movie_id)", "Rows Removed by Index Recheck": 0, "Filter": "(production_year > 2005)", "Rows Removed by Filter": 0, "Exact Heap Blocks": 0, "Lossy Heap Blocks": 0, "Plans": [{"Node Type": "Bitmap Index Scan", "Parent Relationship": "Outer", "Index Name": "title_pkey", "Startup Cost": 0.0, "Total Cost": 3.69, "Plan Rows": 1, "Plan Width": 0, "Actual Startup Time": 0.0, "Actual Total Time": 0.0, "Index Cond": "(id = mc.movie_id)"}]}]}, {"Node Type": "Bitmap Heap Scan", "Parent Relationship": "Inner", "Relation Name": "movie_info", "Alias": "mi", "Startup Cost": 0.51, "Total Cost": 4.62, "Plan Rows": 1, "Plan Width": 8, "Actual Startup Time": 0.0, "Actual Total Time": 0.0, "Recheck Cond": "(movie_id = t.id)", "Rows Removed by Index Recheck": 0, "Filter": "((info)::text = ANY ('{Sweden,Norway,Germany,Denmark,Swedish,Denish,Norwegian,German}'::text[]))", "Rows Removed by Filter": 0, "Exact Heap Blocks": 0, "Lossy Heap Blocks": 0, "Plans": [{"Node Type": "Bitmap Index Scan", "Parent Relationship": "Outer", "Index Name": "movie_id_movie_info", "Startup Cost": 0.0, "Total Cost": 0.51, "Plan Rows": 5, "Plan Width": 0, "Actual Startup Time": 0.0, "Actual Total Time": 0.0, "Index Cond": "(movie_id = t.id)"}]}]}, {"Node Type": "Hash", "Parent Relationship": "Inner", "Startup Cost": 2.12, "Total Cost": 2.12, "Plan Rows": 112, "Plan Width": 4, "Actual Startup Time": 0.099, "Actual Total Time": 0.099, "Actual Rows": 112, "Actual Loops": 1, "Hash Buckets": 32768, "Hash Batches": 1, "Original Hash Batches": 1, "Peak Memory Usage": 4, "Plans": [{"Node Type": "Seq Scan", "Parent Relationship": "Outer", "Relation Name": "info_type", "Alias": "it", "Startup Cost": 0.0, "Total Cost": 2.12, "Plan Rows": 112, "Plan Width": 4, "Actual Startup Time": 0.032, "Actual Total Time": 0.055, "Actual Rows": 112, "Actual Loops": 1}]}]}]}, "Triggers": [], "Planner Runtime": 11.407, "Total Runtime": 1037.812, "Unique SQL Id": 2510907716}}, "(64, '67')": {"explain_plan": {"Plan": {"Node Type": "Aggregate", "Strategy": "Plain", "Startup Cost": 88113.56, "Total Cost": 88113.57, "Plan Rows": 1, "Plan Width": 49, "Plans": [{"Node Type": "Hash Join", "Parent Relationship": "Outer", "Join Type": "Inner", "Startup Cost": 28972.69, "Total Cost": 88108.77, "Plan Rows": 1919, "Plan Width": 17, "Inner Unique": true, "Hash Cond": "(mi.info_type_id = it.id)", "Plans": [{"Node Type": "Nested Loop", "Parent Relationship": "Outer", "Join Type": "Inner", "Startup Cost": 28957.33, "Total Cost": 88068.08, "Plan Rows": 1919, "Plan Width": 21, "Inner Unique": false, "Plans": [{"Node Type": "Nested Loop", "Parent Relationship": "Outer", "Join Type": "Inner", "Startup Cost": 28956.82, "Total Cost": 79406.16, "Plan Rows": 1869, "Plan Width": 25, "Inner Unique": true, "Plans": [{"Node Type": "Nested Loop", "Parent Relationship": "Outer", "Join Type": "Inner", "Startup Cost": 28953.13, "Total Cost": 67528.44, "Plan Rows": 1540, "Plan Width": 4, "Inner Unique": false, "Plans": [{"Node Type": "Bitmap Heap Scan", "Parent Relationship": "Outer", "Relation Name": "company_type", "Alias": "ct", "Startup Cost": 8.27, "Total Cost": 12.3, "Plan Rows": 1, "Plan Width": 4, "Filter": "((kind)::text = 'production companies'::text)", "Plans": [{"Node Type": "Bitmap Index Scan", "Parent Relationship": "Outer", "Index Name": "company_type_pkey", "Startup Cost": 0.0, "Total Cost": 8.27, "Plan Rows": 3, "Plan Width": 0}]}, {"Node Type": "Bitmap Heap Scan", "Parent Relationship": "Inner", "Relation Name": "movie_companies", "Alias": "mc", "Startup Cost": 28944.86, "Total Cost": 67500.74, "Plan Rows": 1540, "Plan Width": 8, "Recheck Cond": "(company_type_id = ct.id)", "Filter": "(((note)::text ~~ '%(theatrical)%'::text) AND ((note)::text ~~ '%(France)%'::text))", "Plans": [{"Node Type": "Bitmap Index Scan", "Parent Relationship": "Outer", "Index Name": "company_type_id_movie_companies", "Startup Cost": 0.0, "Total Cost": 28944.48, "Plan Rows": 1304564, "Plan Width": 0, "Index Cond": "(company_type_id = ct.id)"}]}]}, {"Node Type": "Bitmap Heap Scan", "Parent Relationship": "Inner", "Relation Name": "title", "Alias": "t", "Startup Cost": 3.69, "Total Cost": 7.7, "Plan Rows": 1, "Plan Width": 21, "Recheck Cond": "(id = mc.movie_id)", "Filter": "(production_year > 2005)", "Plans": [{"Node Type": "Bitmap Index Scan", "Parent Relationship": "Outer", "Index Name": "title_pkey", "Startup Cost": 0.0, "Total Cost": 3.69, "Plan Rows": 1, "Plan Width": 0, "Index Cond": "(id = mc.movie_id)"}]}]}, {"Node Type": "Bitmap Heap Scan", "Parent Relationship": "Inner", "Relation Name": "movie_info", "Alias": "mi", "Startup Cost": 0.51, "Total Cost": 4.62, "Plan Rows": 1, "Plan Width": 8, "Recheck Cond": "(movie_id = t.id)", "Filter": "((info)::text = ANY ('{Sweden,Norway,Germany,Denmark,Swedish,Denish,Norwegian,German}'::text[]))", "Plans": [{"Node Type": "Bitmap Index Scan", "Parent Relationship": "Outer", "Index Name": "movie_id_movie_info", "Startup Cost": 0.0, "Total Cost": 0.51, "Plan Rows": 5, "Plan Width": 0, "Index Cond": "(movie_id = t.id)"}]}]}, {"Node Type": "Hash", "Parent Relationship": "Inner", "Startup Cost": 13.96, "Total Cost": 13.96, "Plan Rows": 112, "Plan Width": 4, "Plans": [{"Node Type": "Bitmap Heap Scan", "Parent Relationship": "Outer", "Relation Name": "info_type", "Alias": "it", "Startup Cost": 8.84, "Total Cost": 13.96, "Plan Rows": 112, "Plan Width": 4, "Plans": [{"Node Type": "Bitmap Index Scan", "Parent Relationship": "Outer", "Index Name": "info_type_pkey", "Startup Cost": 0.0, "Total Cost": 8.81, "Plan Rows": 112, "Plan Width": 0}]}]}]}]}, "Unique SQL Id": 2510907716, "Planner Runtime": 8}, "explain_analyze_plan": {"Plan": {"Node Type": "Aggregate", "Strategy": "Plain", "Startup Cost": 88113.56, "Total Cost": 88113.57, "Plan Rows": 1, "Plan Width": 49, "Actual Startup Time": 645.057, "Actual Total Time": 645.058, "Actual Rows": 1, "Actual Loops": 1, "Plans": [{"Node Type": "Hash Join", "Parent Relationship": "Outer", "Join Type": "Inner", "Startup Cost": 28972.69, "Total Cost": 88108.77, "Plan Rows": 1919, "Plan Width": 17, "Actual Startup Time": 645.05, "Actual Total Time": 645.05, "Actual Rows": 0, "Actual Loops": 1, "Inner Unique": true, "Hash Cond": "(mi.info_type_id = it.id)", "Plans": [{"Node Type": "Nested Loop", "Parent Relationship": "Outer", "Join Type": "Inner", "Startup Cost": 28957.33, "Total Cost": 88068.08, "Plan Rows": 1919, "Plan Width": 21, "Actual Startup Time": 644.895, "Actual Total Time": 644.895, "Actual Rows": 0, "Actual Loops": 1, "Inner Unique": false, "Plans": [{"Node Type": "Nested Loop", "Parent Relationship": "Outer", "Join Type": "Inner", "Startup Cost": 28956.82, "Total Cost": 79406.16, "Plan Rows": 1869, "Plan Width": 25, "Actual Startup Time": 644.892, "Actual Total Time": 644.892, "Actual Rows": 0, "Actual Loops": 1, "Inner Unique": true, "Plans": [{"Node Type": "Nested Loop", "Parent Relationship": "Outer", "Join Type": "Inner", "Startup Cost": 28953.13, "Total Cost": 67528.44, "Plan Rows": 1540, "Plan Width": 4, "Actual Startup Time": 644.89, "Actual Total Time": 644.89, "Actual Rows": 0, "Actual Loops": 1, "Inner Unique": false, "Plans": [{"Node Type": "Bitmap Heap Scan", "Parent Relationship": "Outer", "Relation Name": "company_type", "Alias": "ct", "Startup Cost": 8.27, "Total Cost": 12.3, "Plan Rows": 1, "Plan Width": 4, "Actual Startup Time": 0.012, "Actual Total Time": 0.019, "Actual Rows": 1, "Actual Loops": 1, "Filter": "((kind)::text = 'production companies'::text)", "Rows Removed by Filter": 2, "Exact Heap Blocks": 1, "Lossy Heap Blocks": 1, "Plans": [{"Node Type": "Bitmap Index Scan", "Parent Relationship": "Outer", "Index Name": "company_type_pkey", "Startup Cost": 0.0, "Total Cost": 8.27, "Plan Rows": 3, "Plan Width": 0, "Actual Startup Time": 0.002, "Actual Total Time": 0.002, "Actual Rows": 3, "Actual Loops": 1}]}, {"Node Type": "Bitmap Heap Scan", "Parent Relationship": "Inner", "Relation Name": "movie_companies", "Alias": "mc", "Startup Cost": 28944.86, "Total Cost": 67500.74, "Plan Rows": 1540, "Plan Width": 8, "Actual Startup Time": 644.864, "Actual Total Time": 644.864, "Actual Rows": 0, "Actual Loops": 1, "Recheck Cond": "(company_type_id = ct.id)", "Rows Removed by Index Recheck": 0, "Filter": "(((note)::text ~~ '%(theatrical)%'::text) AND ((note)::text ~~ '%(France)%'::text))", "Rows Removed by Filter": 1334883, "Exact Heap Blocks": 6196, "Lossy Heap Blocks": 6196, "Plans": [{"Node Type": "Bitmap Index Scan", "Parent Relationship": "Outer", "Index Name": "company_type_id_movie_companies", "Startup Cost": 0.0, "Total Cost": 28944.48, "Plan Rows": 1304564, "Plan Width": 0, "Actual Startup Time": 156.658, "Actual Total Time": 156.658, "Actual Rows": 1334883, "Actual Loops": 1, "Index Cond": "(company_type_id = ct.id)"}]}]}, {"Node Type": "Bitmap Heap Scan", "Parent Relationship": "Inner", "Relation Name": "title", "Alias": "t", "Startup Cost": 3.69, "Total Cost": 7.7, "Plan Rows": 1, "Plan Width": 21, "Actual Startup Time": 0.0, "Actual Total Time": 0.0, "Recheck Cond": "(id = mc.movie_id)", "Rows Removed by Index Recheck": 0, "Filter": "(production_year > 2005)", "Rows Removed by Filter": 0, "Exact Heap Blocks": 0, "Lossy Heap Blocks": 0, "Plans": [{"Node Type": "Bitmap Index Scan", "Parent Relationship": "Outer", "Index Name": "title_pkey", "Startup Cost": 0.0, "Total Cost": 3.69, "Plan Rows": 1, "Plan Width": 0, "Actual Startup Time": 0.0, "Actual Total Time": 0.0, "Index Cond": "(id = mc.movie_id)"}]}]}, {"Node Type": "Bitmap Heap Scan", "Parent Relationship": "Inner", "Relation Name": "movie_info", "Alias": "mi", "Startup Cost": 0.51, "Total Cost": 4.62, "Plan Rows": 1, "Plan Width": 8, "Actual Startup Time": 0.0, "Actual Total Time": 0.0, "Recheck Cond": "(movie_id = t.id)", "Rows Removed by Index Recheck": 0, "Filter": "((info)::text = ANY ('{Sweden,Norway,Germany,Denmark,Swedish,Denish,Norwegian,German}'::text[]))", "Rows Removed by Filter": 0, "Exact Heap Blocks": 0, "Lossy Heap Blocks": 0, "Plans": [{"Node Type": "Bitmap Index Scan", "Parent Relationship": "Outer", "Index Name": "movie_id_movie_info", "Startup Cost": 0.0, "Total Cost": 0.51, "Plan Rows": 5, "Plan Width": 0, "Actual Startup Time": 0.0, "Actual Total Time": 0.0, "Index Cond": "(movie_id = t.id)"}]}]}, {"Node Type": "Hash", "Parent Relationship": "Inner", "Startup Cost": 13.96, "Total Cost": 13.96, "Plan Rows": 112, "Plan Width": 4, "Actual Startup Time": 0.112, "Actual Total Time": 0.112, "Actual Rows": 112, "Actual Loops": 1, "Hash Buckets": 32768, "Hash Batches": 1, "Original Hash Batches": 1, "Peak Memory Usage": 4, "Plans": [{"Node Type": "Bitmap Heap Scan", "Parent Relationship": "Outer", "Relation Name": "info_type", "Alias": "it", "Startup Cost": 8.84, "Total Cost": 13.96, "Plan Rows": 112, "Plan Width": 4, "Actual Startup Time": 0.055, "Actual Total Time": 0.075, "Actual Rows": 112, "Actual Loops": 1, "Exact Heap Blocks": 1, "Lossy Heap Blocks": 1, "Plans": [{"Node Type": "Bitmap Index Scan", "Parent Relationship": "Outer", "Index Name": "info_type_pkey", "Startup Cost": 0.0, "Total Cost": 8.81, "Plan Rows": 112, "Plan Width": 0, "Actual Startup Time": 0.014, "Actual Total Time": 0.014, "Actual Rows": 112, "Actual Loops": 1}]}]}]}]}, "Triggers": [], "Planner Runtime": 8.109, "Total Runtime": 645.411, "Unique SQL Id": 2510907716}}, "(64, '68')": {"explain_plan": {"Plan": {"Node Type": "Aggregate", "Strategy": "Plain", "Startup Cost": 69326.08, "Total Cost": 69326.09, "Plan Rows": 1, "Plan Width": 49, "Plans": [{"Node Type": "Nested Loop", "Parent Relationship": "Outer", "Join Type": "Inner", "Startup Cost": 1.05, "Total Cost": 69321.29, "Plan Rows": 1919, "Plan Width": 17, "Inner Unique": true, "Plans": [{"Node Type": "Nested Loop", "Parent Relationship": "Outer", "Join Type": "Inner", "Startup Cost": 1.05, "Total Cost": 68783.8, "Plan Rows": 1919, "Plan Width": 21, "Inner Unique": false, "Plans": [{"Node Type": "Nested Loop", "Parent Relationship": "Outer", "Join Type": "Inner", "Startup Cost": 1.05, "Total Cost": 66504.51, "Plan Rows": 1869, "Plan Width": 25, "Inner Unique": true, "Plans": [{"Node Type": "Hash Join", "Parent Relationship": "Outer", "Join Type": "Inner", "Startup Cost": 1.05, "Total Cost": 54887.09, "Plan Rows": 1540, "Plan Width": 4, "Inner Unique": true, "Hash Cond": "(mc.company_type_id = ct.id)", "Plans": [{"Node Type": "Seq Scan", "Parent Relationship": "Outer", "Relation Name": "movie_companies", "Alias": "mc", "Startup Cost": 0.0, "Total Cost": 54862.92, "Plan Rows": 3081, "Plan Width": 8, "Filter": "(((note)::text ~~ '%(theatrical)%'::text) AND ((note)::text ~~ '%(France)%'::text))"}, {"Node Type": "Hash", "Parent Relationship": "Inner", "Startup Cost": 1.04, "Total Cost": 1.04, "Plan Rows": 1, "Plan Width": 4, "Plans": [{"Node Type": "Seq Scan", "Parent Relationship": "Outer", "Relation Name": "company_type", "Alias": "ct", "Startup Cost": 0.0, "Total Cost": 1.04, "Plan Rows": 1, "Plan Width": 4, "Filter": "((kind)::text = 'production companies'::text)"}]}]}, {"Node Type": "Index Scan", "Parent Relationship": "Inner", "Scan Direction": "Forward", "Index Name": "title_pkey", "Relation Name": "title", "Alias": "t", "Startup Cost": 0.0, "Total Cost": 7.53, "Plan Rows": 1, "Plan Width": 21, "Index Cond": "(id = mc.movie_id)", "Filter": "(production_year > 2005)"}]}, {"Node Type": "Index Scan", "Parent Relationship": "Inner", "Scan Direction": "Forward", "Index Name": "movie_id_movie_info", "Relation Name": "movie_info", "Alias": "mi", "Startup Cost": 0.0, "Total Cost": 1.21, "Plan Rows": 1, "Plan Width": 8, "Index Cond": "(movie_id = t.id)", "Filter": "((info)::text = ANY ('{Sweden,Norway,Germany,Denmark,Swedish,Denish,Norwegian,German}'::text[]))"}]}, {"Node Type": "Index Scan", "Parent Relationship": "Inner", "Scan Direction": "Forward", "Index Name": "info_type_pkey", "Relation Name": "info_type", "Alias": "it", "Startup Cost": 0.0, "Total Cost": 0.27, "Plan Rows": 1, "Plan Width": 4, "Index Cond": "(id = mi.info_type_id)"}]}]}, "Unique SQL Id": 2510907716, "Planner Runtime": 11}, "explain_analyze_plan": {"Plan": {"Node Type": "Aggregate", "Strategy": "Plain", "Startup Cost": 69326.08, "Total Cost": 69326.09, "Plan Rows": 1, "Plan Width": 49, "Actual Startup Time": 1048.234, "Actual Total Time": 1048.235, "Actual Rows": 1, "Actual Loops": 1, "Plans": [{"Node Type": "Nested Loop", "Parent Relationship": "Outer", "Join Type": "Inner", "Startup Cost": 1.05, "Total Cost": 69321.29, "Plan Rows": 1919, "Plan Width": 17, "Actual Startup Time": 1048.226, "Actual Total Time": 1048.226, "Actual Rows": 0, "Actual Loops": 1, "Inner Unique": true, "Plans": [{"Node Type": "Nested Loop", "Parent Relationship": "Outer", "Join Type": "Inner", "Startup Cost": 1.05, "Total Cost": 68783.8, "Plan Rows": 1919, "Plan Width": 21, "Actual Startup Time": 1048.224, "Actual Total Time": 1048.224, "Actual Rows": 0, "Actual Loops": 1, "Inner Unique": false, "Plans": [{"Node Type": "Nested Loop", "Parent Relationship": "Outer", "Join Type": "Inner", "Startup Cost": 1.05, "Total Cost": 66504.51, "Plan Rows": 1869, "Plan Width": 25, "Actual Startup Time": 1048.223, "Actual Total Time": 1048.223, "Actual Rows": 0, "Actual Loops": 1, "Inner Unique": true, "Plans": [{"Node Type": "Hash Join", "Parent Relationship": "Outer", "Join Type": "Inner", "Startup Cost": 1.05, "Total Cost": 54887.09, "Plan Rows": 1540, "Plan Width": 4, "Actual Startup Time": 1048.186, "Actual Total Time": 1048.186, "Actual Rows": 0, "Actual Loops": 1, "Inner Unique": true, "Hash Cond": "(mc.company_type_id = ct.id)", "Plans": [{"Node Type": "Seq Scan", "Parent Relationship": "Outer", "Relation Name": "movie_companies", "Alias": "mc", "Startup Cost": 0.0, "Total Cost": 54862.92, "Plan Rows": 3081, "Plan Width": 8, "Actual Startup Time": 8.979, "Actual Total Time": 1043.51, "Actual Rows": 24025, "Actual Loops": 1, "Filter": "(((note)::text ~~ '%(theatrical)%'::text) AND ((note)::text ~~ '%(France)%'::text))", "Rows Removed by Filter": 2585103}, {"Node Type": "Hash", "Parent Relationship": "Inner", "Startup Cost": 1.04, "Total Cost": 1.04, "Plan Rows": 1, "Plan Width": 4, "Actual Startup Time": 0.017, "Actual Total Time": 0.017, "Actual Rows": 1, "Actual Loops": 1, "Hash Buckets": 32768, "Hash Batches": 1, "Original Hash Batches": 1, "Peak Memory Usage": 1, "Plans": [{"Node Type": "Seq Scan", "Parent Relationship": "Outer", "Relation Name": "company_type", "Alias": "ct", "Startup Cost": 0.0, "Total Cost": 1.04, "Plan Rows": 1, "Plan Width": 4, "Actual Startup Time": 0.01, "Actual Total Time": 0.012, "Actual Rows": 1, "Actual Loops": 1, "Filter": "((kind)::text = 'production companies'::text)", "Rows Removed by Filter": 2}]}]}, {"Node Type": "Index Scan", "Parent Relationship": "Inner", "Scan Direction": "Forward", "Index Name": "title_pkey", "Relation Name": "title", "Alias": "t", "Startup Cost": 0.0, "Total Cost": 7.53, "Plan Rows": 1, "Plan Width": 21, "Actual Startup Time": 0.0, "Actual Total Time": 0.0, "Index Cond": "(id = mc.movie_id)", "Rows Removed by Index Recheck": 0, "Filter": "(production_year > 2005)", "Rows Removed by Filter": 0}]}, {"Node Type": "Index Scan", "Parent Relationship": "Inner", "Scan Direction": "Forward", "Index Name": "movie_id_movie_info", "Relation Name": "movie_info", "Alias": "mi", "Startup Cost": 0.0, "Total Cost": 1.21, "Plan Rows": 1, "Plan Width": 8, "Actual Startup Time": 0.0, "Actual Total Time": 0.0, "Index Cond": "(movie_id = t.id)", "Rows Removed by Index Recheck": 0, "Filter": "((info)::text = ANY ('{Sweden,Norway,Germany,Denmark,Swedish,Denish,Norwegian,German}'::text[]))", "Rows Removed by Filter": 0}]}, {"Node Type": "Index Scan", "Parent Relationship": "Inner", "Scan Direction": "Forward", "Index Name": "info_type_pkey", "Relation Name": "info_type", "Alias": "it", "Startup Cost": 0.0, "Total Cost": 0.27, "Plan Rows": 1, "Plan Width": 4, "Actual Startup Time": 0.0, "Actual Total Time": 0.0, "Index Cond": "(id = mi.info_type_id)", "Rows Removed by Index Recheck": 0}]}]}, "Triggers": [], "Planner Runtime": 11.158, "Total Runtime": 1048.494, "Unique SQL Id": 2510907716}}, "(64, '69')": {"explain_plan": {"Plan": {"Node Type": "Aggregate", "Strategy": "Plain", "Startup Cost": 74107.05, "Total Cost": 74107.06, "Plan Rows": 1, "Plan Width": 49, "Plans": [{"Node Type": "Nested Loop", "Parent Relationship": "Outer", "Join Type": "Inner", "Startup Cost": 0.0, "Total Cost": 74102.25, "Plan Rows": 1919, "Plan Width": 17, "Inner Unique": true, "Plans": [{"Node Type": "Nested Loop", "Parent Relationship": "Outer", "Join Type": "Inner", "Startup Cost": 0.0, "Total Cost": 73564.77, "Plan Rows": 1919, "Plan Width": 21, "Inner Unique": false, "Plans": [{"Node Type": "Nested Loop", "Parent Relationship": "Outer", "Join Type": "Inner", "Startup Cost": 0.0, "Total Cost": 71285.47, "Plan Rows": 1869, "Plan Width": 25, "Inner Unique": true, "Plans": [{"Node Type": "Nested Loop", "Parent Relationship": "Outer", "Join Type": "Inner", "Startup Cost": 0.0, "Total Cost": 59668.05, "Plan Rows": 1540, "Plan Width": 4, "Inner Unique": false, "Plans": [{"Node Type": "Index Scan", "Parent Relationship": "Outer", "Scan Direction": "Forward", "Index Name": "company_type_pkey", "Relation Name": "company_type", "Alias": "ct", "Startup Cost": 0.0, "Total Cost": 12.3, "Plan Rows": 1, "Plan Width": 4, "Filter": "((kind)::text = 'production companies'::text)"}, {"Node Type": "Index Scan", "Parent Relationship": "Inner", "Scan Direction": "Forward", "Index Name": "company_type_id_movie_companies", "Relation Name": "movie_companies", "Alias": "mc", "Startup Cost": 0.0, "Total Cost": 59640.35, "Plan Rows": 1540, "Plan Width": 8, "Index Cond": "(company_type_id = ct.id)", "Filter": "(((note)::text ~~ '%(theatrical)%'::text) AND ((note)::text ~~ '%(France)%'::text))"}]}, {"Node Type": "Index Scan", "Parent Relationship": "Inner", "Scan Direction": "Forward", "Index Name": "title_pkey", "Relation Name": "title", "Alias": "t", "Startup Cost": 0.0, "Total Cost": 7.53, "Plan Rows": 1, "Plan Width": 21, "Index Cond": "(id = mc.movie_id)", "Filter": "(production_year > 2005)"}]}, {"Node Type": "Index Scan", "Parent Relationship": "Inner", "Scan Direction": "Forward", "Index Name": "movie_id_movie_info", "Relation Name": "movie_info", "Alias": "mi", "Startup Cost": 0.0, "Total Cost": 1.21, "Plan Rows": 1, "Plan Width": 8, "Index Cond": "(movie_id = t.id)", "Filter": "((info)::text = ANY ('{Sweden,Norway,Germany,Denmark,Swedish,Denish,Norwegian,German}'::text[]))"}]}, {"Node Type": "Index Scan", "Parent Relationship": "Inner", "Scan Direction": "Forward", "Index Name": "info_type_pkey", "Relation Name": "info_type", "Alias": "it", "Startup Cost": 0.0, "Total Cost": 0.27, "Plan Rows": 1, "Plan Width": 4, "Index Cond": "(id = mi.info_type_id)"}]}]}, "Unique SQL Id": 2510907716, "Planner Runtime": 8}, "explain_analyze_plan": {"Plan": {"Node Type": "Aggregate", "Strategy": "Plain", "Startup Cost": 74107.05, "Total Cost": 74107.06, "Plan Rows": 1, "Plan Width": 49, "Actual Startup Time": 698.478, "Actual Total Time": 698.478, "Actual Rows": 1, "Actual Loops": 1, "Plans": [{"Node Type": "Nested Loop", "Parent Relationship": "Outer", "Join Type": "Inner", "Startup Cost": 0.0, "Total Cost": 74102.25, "Plan Rows": 1919, "Plan Width": 17, "Actual Startup Time": 698.471, "Actual Total Time": 698.471, "Actual Rows": 0, "Actual Loops": 1, "Inner Unique": true, "Plans": [{"Node Type": "Nested Loop", "Parent Relationship": "Outer", "Join Type": "Inner", "Startup Cost": 0.0, "Total Cost": 73564.77, "Plan Rows": 1919, "Plan Width": 21, "Actual Startup Time": 698.468, "Actual Total Time": 698.468, "Actual Rows": 0, "Actual Loops": 1, "Inner Unique": false, "Plans": [{"Node Type": "Nested Loop", "Parent Relationship": "Outer", "Join Type": "Inner", "Startup Cost": 0.0, "Total Cost": 71285.47, "Plan Rows": 1869, "Plan Width": 25, "Actual Startup Time": 698.467, "Actual Total Time": 698.467, "Actual Rows": 0, "Actual Loops": 1, "Inner Unique": true, "Plans": [{"Node Type": "Nested Loop", "Parent Relationship": "Outer", "Join Type": "Inner", "Startup Cost": 0.0, "Total Cost": 59668.05, "Plan Rows": 1540, "Plan Width": 4, "Actual Startup Time": 698.466, "Actual Total Time": 698.466, "Actual Rows": 0, "Actual Loops": 1, "Inner Unique": false, "Plans": [{"Node Type": "Index Scan", "Parent Relationship": "Outer", "Scan Direction": "Forward", "Index Name": "company_type_pkey", "Relation Name": "company_type", "Alias": "ct", "Startup Cost": 0.0, "Total Cost": 12.3, "Plan Rows": 1, "Plan Width": 4, "Actual Startup Time": 0.014, "Actual Total Time": 0.022, "Actual Rows": 1, "Actual Loops": 1, "Filter": "((kind)::text = 'production companies'::text)", "Rows Removed by Filter": 2}, {"Node Type": "Index Scan", "Parent Relationship": "Inner", "Scan Direction": "Forward", "Index Name": "company_type_id_movie_companies", "Relation Name": "movie_companies", "Alias": "mc", "Startup Cost": 0.0, "Total Cost": 59640.35, "Plan Rows": 1540, "Plan Width": 8, "Actual Startup Time": 698.437, "Actual Total Time": 698.437, "Actual Rows": 0, "Actual Loops": 1, "Index Cond": "(company_type_id = ct.id)", "Rows Removed by Index Recheck": 0, "Filter": "(((note)::text ~~ '%(theatrical)%'::text) AND ((note)::text ~~ '%(France)%'::text))", "Rows Removed by Filter": 1334883}]}, {"Node Type": "Index Scan", "Parent Relationship": "Inner", "Scan Direction": "Forward", "Index Name": "title_pkey", "Relation Name": "title", "Alias": "t", "Startup Cost": 0.0, "Total Cost": 7.53, "Plan Rows": 1, "Plan Width": 21, "Actual Startup Time": 0.0, "Actual Total Time": 0.0, "Index Cond": "(id = mc.movie_id)", "Rows Removed by Index Recheck": 0, "Filter": "(production_year > 2005)", "Rows Removed by Filter": 0}]}, {"Node Type": "Index Scan", "Parent Relationship": "Inner", "Scan Direction": "Forward", "Index Name": "movie_id_movie_info", "Relation Name": "movie_info", "Alias": "mi", "Startup Cost": 0.0, "Total Cost": 1.21, "Plan Rows": 1, "Plan Width": 8, "Actual Startup Time": 0.0, "Actual Total Time": 0.0, "Index Cond": "(movie_id = t.id)", "Rows Removed by Index Recheck": 0, "Filter": "((info)::text = ANY ('{Sweden,Norway,Germany,Denmark,Swedish,Denish,Norwegian,German}'::text[]))", "Rows Removed by Filter": 0}]}, {"Node Type": "Index Scan", "Parent Relationship": "Inner", "Scan Direction": "Forward", "Index Name": "info_type_pkey", "Relation Name": "info_type", "Alias": "it", "Startup Cost": 0.0, "Total Cost": 0.27, "Plan Rows": 1, "Plan Width": 4, "Actual Startup Time": 0.0, "Actual Total Time": 0.0, "Index Cond": "(id = mi.info_type_id)", "Rows Removed by Index Recheck": 0}]}]}, "Triggers": [], "Planner Runtime": 8.158, "Total Runtime": 698.747, "Unique SQL Id": 2510907716}}, "(64, '70')": {"explain_plan": {"Plan": {"Node Type": "Aggregate", "Strategy": "Plain", "Startup Cost": 75460.38, "Total Cost": 75460.39, "Plan Rows": 1, "Plan Width": 49, "Plans": [{"Node Type": "Hash Join", "Parent Relationship": "Outer", "Join Type": "Inner", "Startup Cost": 8.77, "Total Cost": 75455.58, "Plan Rows": 1919, "Plan Width": 17, "Inner Unique": true, "Hash Cond": "(mi.info_type_id = it.id)", "Plans": [{"Node Type": "Nested Loop", "Parent Relationship": "Outer", "Join Type": "Inner", "Startup Cost": 5.25, "Total Cost": 75426.73, "Plan Rows": 1919, "Plan Width": 21, "Inner Unique": false, "Plans": [{"Node Type": "Nested Loop", "Parent Relationship": "Outer", "Join Type": "Inner", "Startup Cost": 4.74, "Total Cost": 66764.81, "Plan Rows": 1869, "Plan Width": 25, "Inner Unique": true, "Plans": [{"Node Type": "Hash Join", "Parent Relationship": "Outer", "Join Type": "Inner", "Startup Cost": 1.05, "Total Cost": 54887.09, "Plan Rows": 1540, "Plan Width": 4, "Inner Unique": true, "Hash Cond": "(mc.company_type_id = ct.id)", "Plans": [{"Node Type": "Seq Scan", "Parent Relationship": "Outer", "Relation Name": "movie_companies", "Alias": "mc", "Startup Cost": 0.0, "Total Cost": 54862.92, "Plan Rows": 3081, "Plan Width": 8, "Filter": "(((note)::text ~~ '%(theatrical)%'::text) AND ((note)::text ~~ '%(France)%'::text))"}, {"Node Type": "Hash", "Parent Relationship": "Inner", "Startup Cost": 1.04, "Total Cost": 1.04, "Plan Rows": 1, "Plan Width": 4, "Plans": [{"Node Type": "Seq Scan", "Parent Relationship": "Outer", "Relation Name": "company_type", "Alias": "ct", "Startup Cost": 0.0, "Total Cost": 1.04, "Plan Rows": 1, "Plan Width": 4, "Filter": "((kind)::text = 'production companies'::text)"}]}]}, {"Node Type": "Bitmap Heap Scan", "Parent Relationship": "Inner", "Relation Name": "title", "Alias": "t", "Startup Cost": 3.69, "Total Cost": 7.7, "Plan Rows": 1, "Plan Width": 21, "Recheck Cond": "(id = mc.movie_id)", "Filter": "(production_year > 2005)", "Plans": [{"Node Type": "Bitmap Index Scan", "Parent Relationship": "Outer", "Index Name": "title_pkey", "Startup Cost": 0.0, "Total Cost": 3.69, "Plan Rows": 1, "Plan Width": 0, "Index Cond": "(id = mc.movie_id)"}]}]}, {"Node Type": "Bitmap Heap Scan", "Parent Relationship": "Inner", "Relation Name": "movie_info", "Alias": "mi", "Startup Cost": 0.51, "Total Cost": 4.62, "Plan Rows": 1, "Plan Width": 8, "Recheck Cond": "(movie_id = t.id)", "Filter": "((info)::text = ANY ('{Sweden,Norway,Germany,Denmark,Swedish,Denish,Norwegian,German}'::text[]))", "Plans": [{"Node Type": "Bitmap Index Scan", "Parent Relationship": "Outer", "Index Name": "movie_id_movie_info", "Startup Cost": 0.0, "Total Cost": 0.51, "Plan Rows": 5, "Plan Width": 0, "Index Cond": "(movie_id = t.id)"}]}]}, {"Node Type": "Hash", "Parent Relationship": "Inner", "Startup Cost": 2.12, "Total Cost": 2.12, "Plan Rows": 112, "Plan Width": 4, "Plans": [{"Node Type": "Seq Scan", "Parent Relationship": "Outer", "Relation Name": "info_type", "Alias": "it", "Startup Cost": 0.0, "Total Cost": 2.12, "Plan Rows": 112, "Plan Width": 4}]}]}]}, "Unique SQL Id": 2510907716, "Planner Runtime": 10}, "explain_analyze_plan": {"Plan": {"Node Type": "Aggregate", "Strategy": "Plain", "Startup Cost": 75460.38, "Total Cost": 75460.39, "Plan Rows": 1, "Plan Width": 49, "Actual Startup Time": 1037.483, "Actual Total Time": 1037.483, "Actual Rows": 1, "Actual Loops": 1, "Plans": [{"Node Type": "Hash Join", "Parent Relationship": "Outer", "Join Type": "Inner", "Startup Cost": 8.77, "Total Cost": 75455.58, "Plan Rows": 1919, "Plan Width": 17, "Actual Startup Time": 1037.475, "Actual Total Time": 1037.475, "Actual Rows": 0, "Actual Loops": 1, "Inner Unique": true, "Hash Cond": "(mi.info_type_id = it.id)", "Plans": [{"Node Type": "Nested Loop", "Parent Relationship": "Outer", "Join Type": "Inner", "Startup Cost": 5.25, "Total Cost": 75426.73, "Plan Rows": 1919, "Plan Width": 21, "Actual Startup Time": 1037.327, "Actual Total Time": 1037.327, "Actual Rows": 0, "Actual Loops": 1, "Inner Unique": false, "Plans": [{"Node Type": "Nested Loop", "Parent Relationship": "Outer", "Join Type": "Inner", "Startup Cost": 4.74, "Total Cost": 66764.81, "Plan Rows": 1869, "Plan Width": 25, "Actual Startup Time": 1037.324, "Actual Total Time": 1037.324, "Actual Rows": 0, "Actual Loops": 1, "Inner Unique": true, "Plans": [{"Node Type": "Hash Join", "Parent Relationship": "Outer", "Join Type": "Inner", "Startup Cost": 1.05, "Total Cost": 54887.09, "Plan Rows": 1540, "Plan Width": 4, "Actual Startup Time": 1037.294, "Actual Total Time": 1037.294, "Actual Rows": 0, "Actual Loops": 1, "Inner Unique": true, "Hash Cond": "(mc.company_type_id = ct.id)", "Plans": [{"Node Type": "Seq Scan", "Parent Relationship": "Outer", "Relation Name": "movie_companies", "Alias": "mc", "Startup Cost": 0.0, "Total Cost": 54862.92, "Plan Rows": 3081, "Plan Width": 8, "Actual Startup Time": 8.852, "Actual Total Time": 1032.719, "Actual Rows": 24025, "Actual Loops": 1, "Filter": "(((note)::text ~~ '%(theatrical)%'::text) AND ((note)::text ~~ '%(France)%'::text))", "Rows Removed by Filter": 2585103}, {"Node Type": "Hash", "Parent Relationship": "Inner", "Startup Cost": 1.04, "Total Cost": 1.04, "Plan Rows": 1, "Plan Width": 4, "Actual Startup Time": 0.036, "Actual Total Time": 0.036, "Actual Rows": 1, "Actual Loops": 1, "Hash Buckets": 32768, "Hash Batches": 1, "Original Hash Batches": 1, "Peak Memory Usage": 1, "Plans": [{"Node Type": "Seq Scan", "Parent Relationship": "Outer", "Relation Name": "company_type", "Alias": "ct", "Startup Cost": 0.0, "Total Cost": 1.04, "Plan Rows": 1, "Plan Width": 4, "Actual Startup Time": 0.024, "Actual Total Time": 0.028, "Actual Rows": 1, "Actual Loops": 1, "Filter": "((kind)::text = 'production companies'::text)", "Rows Removed by Filter": 2}]}]}, {"Node Type": "Bitmap Heap Scan", "Parent Relationship": "Inner", "Relation Name": "title", "Alias": "t", "Startup Cost": 3.69, "Total Cost": 7.7, "Plan Rows": 1, "Plan Width": 21, "Actual Startup Time": 0.0, "Actual Total Time": 0.0, "Recheck Cond": "(id = mc.movie_id)", "Rows Removed by Index Recheck": 0, "Filter": "(production_year > 2005)", "Rows Removed by Filter": 0, "Exact Heap Blocks": 0, "Lossy Heap Blocks": 0, "Plans": [{"Node Type": "Bitmap Index Scan", "Parent Relationship": "Outer", "Index Name": "title_pkey", "Startup Cost": 0.0, "Total Cost": 3.69, "Plan Rows": 1, "Plan Width": 0, "Actual Startup Time": 0.0, "Actual Total Time": 0.0, "Index Cond": "(id = mc.movie_id)"}]}]}, {"Node Type": "Bitmap Heap Scan", "Parent Relationship": "Inner", "Relation Name": "movie_info", "Alias": "mi", "Startup Cost": 0.51, "Total Cost": 4.62, "Plan Rows": 1, "Plan Width": 8, "Actual Startup Time": 0.0, "Actual Total Time": 0.0, "Recheck Cond": "(movie_id = t.id)", "Rows Removed by Index Recheck": 0, "Filter": "((info)::text = ANY ('{Sweden,Norway,Germany,Denmark,Swedish,Denish,Norwegian,German}'::text[]))", "Rows Removed by Filter": 0, "Exact Heap Blocks": 0, "Lossy Heap Blocks": 0, "Plans": [{"Node Type": "Bitmap Index Scan", "Parent Relationship": "Outer", "Index Name": "movie_id_movie_info", "Startup Cost": 0.0, "Total Cost": 0.51, "Plan Rows": 5, "Plan Width": 0, "Actual Startup Time": 0.0, "Actual Total Time": 0.0, "Index Cond": "(movie_id = t.id)"}]}]}, {"Node Type": "Hash", "Parent Relationship": "Inner", "Startup Cost": 2.12, "Total Cost": 2.12, "Plan Rows": 112, "Plan Width": 4, "Actual Startup Time": 0.099, "Actual Total Time": 0.099, "Actual Rows": 112, "Actual Loops": 1, "Hash Buckets": 32768, "Hash Batches": 1, "Original Hash Batches": 1, "Peak Memory Usage": 4, "Plans": [{"Node Type": "Seq Scan", "Parent Relationship": "Outer", "Relation Name": "info_type", "Alias": "it", "Startup Cost": 0.0, "Total Cost": 2.12, "Plan Rows": 112, "Plan Width": 4, "Actual Startup Time": 0.032, "Actual Total Time": 0.055, "Actual Rows": 112, "Actual Loops": 1}]}]}]}, "Triggers": [], "Planner Runtime": 11.407, "Total Runtime": 1037.812, "Unique SQL Id": 2510907716}}, "(64, '71')": {"explain_plan": {"Plan": {"Node Type": "Aggregate", "Strategy": "Plain", "Startup Cost": 88113.56, "Total Cost": 88113.57, "Plan Rows": 1, "Plan Width": 49, "Plans": [{"Node Type": "Hash Join", "Parent Relationship": "Outer", "Join Type": "Inner", "Startup Cost": 28972.69, "Total Cost": 88108.77, "Plan Rows": 1919, "Plan Width": 17, "Inner Unique": true, "Hash Cond": "(mi.info_type_id = it.id)", "Plans": [{"Node Type": "Nested Loop", "Parent Relationship": "Outer", "Join Type": "Inner", "Startup Cost": 28957.33, "Total Cost": 88068.08, "Plan Rows": 1919, "Plan Width": 21, "Inner Unique": false, "Plans": [{"Node Type": "Nested Loop", "Parent Relationship": "Outer", "Join Type": "Inner", "Startup Cost": 28956.82, "Total Cost": 79406.16, "Plan Rows": 1869, "Plan Width": 25, "Inner Unique": true, "Plans": [{"Node Type": "Nested Loop", "Parent Relationship": "Outer", "Join Type": "Inner", "Startup Cost": 28953.13, "Total Cost": 67528.44, "Plan Rows": 1540, "Plan Width": 4, "Inner Unique": false, "Plans": [{"Node Type": "Bitmap Heap Scan", "Parent Relationship": "Outer", "Relation Name": "company_type", "Alias": "ct", "Startup Cost": 8.27, "Total Cost": 12.3, "Plan Rows": 1, "Plan Width": 4, "Filter": "((kind)::text = 'production companies'::text)", "Plans": [{"Node Type": "Bitmap Index Scan", "Parent Relationship": "Outer", "Index Name": "company_type_pkey", "Startup Cost": 0.0, "Total Cost": 8.27, "Plan Rows": 3, "Plan Width": 0}]}, {"Node Type": "Bitmap Heap Scan", "Parent Relationship": "Inner", "Relation Name": "movie_companies", "Alias": "mc", "Startup Cost": 28944.86, "Total Cost": 67500.74, "Plan Rows": 1540, "Plan Width": 8, "Recheck Cond": "(company_type_id = ct.id)", "Filter": "(((note)::text ~~ '%(theatrical)%'::text) AND ((note)::text ~~ '%(France)%'::text))", "Plans": [{"Node Type": "Bitmap Index Scan", "Parent Relationship": "Outer", "Index Name": "company_type_id_movie_companies", "Startup Cost": 0.0, "Total Cost": 28944.48, "Plan Rows": 1304564, "Plan Width": 0, "Index Cond": "(company_type_id = ct.id)"}]}]}, {"Node Type": "Bitmap Heap Scan", "Parent Relationship": "Inner", "Relation Name": "title", "Alias": "t", "Startup Cost": 3.69, "Total Cost": 7.7, "Plan Rows": 1, "Plan Width": 21, "Recheck Cond": "(id = mc.movie_id)", "Filter": "(production_year > 2005)", "Plans": [{"Node Type": "Bitmap Index Scan", "Parent Relationship": "Outer", "Index Name": "title_pkey", "Startup Cost": 0.0, "Total Cost": 3.69, "Plan Rows": 1, "Plan Width": 0, "Index Cond": "(id = mc.movie_id)"}]}]}, {"Node Type": "Bitmap Heap Scan", "Parent Relationship": "Inner", "Relation Name": "movie_info", "Alias": "mi", "Startup Cost": 0.51, "Total Cost": 4.62, "Plan Rows": 1, "Plan Width": 8, "Recheck Cond": "(movie_id = t.id)", "Filter": "((info)::text = ANY ('{Sweden,Norway,Germany,Denmark,Swedish,Denish,Norwegian,German}'::text[]))", "Plans": [{"Node Type": "Bitmap Index Scan", "Parent Relationship": "Outer", "Index Name": "movie_id_movie_info", "Startup Cost": 0.0, "Total Cost": 0.51, "Plan Rows": 5, "Plan Width": 0, "Index Cond": "(movie_id = t.id)"}]}]}, {"Node Type": "Hash", "Parent Relationship": "Inner", "Startup Cost": 13.96, "Total Cost": 13.96, "Plan Rows": 112, "Plan Width": 4, "Plans": [{"Node Type": "Bitmap Heap Scan", "Parent Relationship": "Outer", "Relation Name": "info_type", "Alias": "it", "Startup Cost": 8.84, "Total Cost": 13.96, "Plan Rows": 112, "Plan Width": 4, "Plans": [{"Node Type": "Bitmap Index Scan", "Parent Relationship": "Outer", "Index Name": "info_type_pkey", "Startup Cost": 0.0, "Total Cost": 8.81, "Plan Rows": 112, "Plan Width": 0}]}]}]}]}, "Unique SQL Id": 2510907716, "Planner Runtime": 8}, "explain_analyze_plan": {"Plan": {"Node Type": "Aggregate", "Strategy": "Plain", "Startup Cost": 88113.56, "Total Cost": 88113.57, "Plan Rows": 1, "Plan Width": 49, "Actual Startup Time": 645.057, "Actual Total Time": 645.058, "Actual Rows": 1, "Actual Loops": 1, "Plans": [{"Node Type": "Hash Join", "Parent Relationship": "Outer", "Join Type": "Inner", "Startup Cost": 28972.69, "Total Cost": 88108.77, "Plan Rows": 1919, "Plan Width": 17, "Actual Startup Time": 645.05, "Actual Total Time": 645.05, "Actual Rows": 0, "Actual Loops": 1, "Inner Unique": true, "Hash Cond": "(mi.info_type_id = it.id)", "Plans": [{"Node Type": "Nested Loop", "Parent Relationship": "Outer", "Join Type": "Inner", "Startup Cost": 28957.33, "Total Cost": 88068.08, "Plan Rows": 1919, "Plan Width": 21, "Actual Startup Time": 644.895, "Actual Total Time": 644.895, "Actual Rows": 0, "Actual Loops": 1, "Inner Unique": false, "Plans": [{"Node Type": "Nested Loop", "Parent Relationship": "Outer", "Join Type": "Inner", "Startup Cost": 28956.82, "Total Cost": 79406.16, "Plan Rows": 1869, "Plan Width": 25, "Actual Startup Time": 644.892, "Actual Total Time": 644.892, "Actual Rows": 0, "Actual Loops": 1, "Inner Unique": true, "Plans": [{"Node Type": "Nested Loop", "Parent Relationship": "Outer", "Join Type": "Inner", "Startup Cost": 28953.13, "Total Cost": 67528.44, "Plan Rows": 1540, "Plan Width": 4, "Actual Startup Time": 644.89, "Actual Total Time": 644.89, "Actual Rows": 0, "Actual Loops": 1, "Inner Unique": false, "Plans": [{"Node Type": "Bitmap Heap Scan", "Parent Relationship": "Outer", "Relation Name": "company_type", "Alias": "ct", "Startup Cost": 8.27, "Total Cost": 12.3, "Plan Rows": 1, "Plan Width": 4, "Actual Startup Time": 0.012, "Actual Total Time": 0.019, "Actual Rows": 1, "Actual Loops": 1, "Filter": "((kind)::text = 'production companies'::text)", "Rows Removed by Filter": 2, "Exact Heap Blocks": 1, "Lossy Heap Blocks": 1, "Plans": [{"Node Type": "Bitmap Index Scan", "Parent Relationship": "Outer", "Index Name": "company_type_pkey", "Startup Cost": 0.0, "Total Cost": 8.27, "Plan Rows": 3, "Plan Width": 0, "Actual Startup Time": 0.002, "Actual Total Time": 0.002, "Actual Rows": 3, "Actual Loops": 1}]}, {"Node Type": "Bitmap Heap Scan", "Parent Relationship": "Inner", "Relation Name": "movie_companies", "Alias": "mc", "Startup Cost": 28944.86, "Total Cost": 67500.74, "Plan Rows": 1540, "Plan Width": 8, "Actual Startup Time": 644.864, "Actual Total Time": 644.864, "Actual Rows": 0, "Actual Loops": 1, "Recheck Cond": "(company_type_id = ct.id)", "Rows Removed by Index Recheck": 0, "Filter": "(((note)::text ~~ '%(theatrical)%'::text) AND ((note)::text ~~ '%(France)%'::text))", "Rows Removed by Filter": 1334883, "Exact Heap Blocks": 6196, "Lossy Heap Blocks": 6196, "Plans": [{"Node Type": "Bitmap Index Scan", "Parent Relationship": "Outer", "Index Name": "company_type_id_movie_companies", "Startup Cost": 0.0, "Total Cost": 28944.48, "Plan Rows": 1304564, "Plan Width": 0, "Actual Startup Time": 156.658, "Actual Total Time": 156.658, "Actual Rows": 1334883, "Actual Loops": 1, "Index Cond": "(company_type_id = ct.id)"}]}]}, {"Node Type": "Bitmap Heap Scan", "Parent Relationship": "Inner", "Relation Name": "title", "Alias": "t", "Startup Cost": 3.69, "Total Cost": 7.7, "Plan Rows": 1, "Plan Width": 21, "Actual Startup Time": 0.0, "Actual Total Time": 0.0, "Recheck Cond": "(id = mc.movie_id)", "Rows Removed by Index Recheck": 0, "Filter": "(production_year > 2005)", "Rows Removed by Filter": 0, "Exact Heap Blocks": 0, "Lossy Heap Blocks": 0, "Plans": [{"Node Type": "Bitmap Index Scan", "Parent Relationship": "Outer", "Index Name": "title_pkey", "Startup Cost": 0.0, "Total Cost": 3.69, "Plan Rows": 1, "Plan Width": 0, "Actual Startup Time": 0.0, "Actual Total Time": 0.0, "Index Cond": "(id = mc.movie_id)"}]}]}, {"Node Type": "Bitmap Heap Scan", "Parent Relationship": "Inner", "Relation Name": "movie_info", "Alias": "mi", "Startup Cost": 0.51, "Total Cost": 4.62, "Plan Rows": 1, "Plan Width": 8, "Actual Startup Time": 0.0, "Actual Total Time": 0.0, "Recheck Cond": "(movie_id = t.id)", "Rows Removed by Index Recheck": 0, "Filter": "((info)::text = ANY ('{Sweden,Norway,Germany,Denmark,Swedish,Denish,Norwegian,German}'::text[]))", "Rows Removed by Filter": 0, "Exact Heap Blocks": 0, "Lossy Heap Blocks": 0, "Plans": [{"Node Type": "Bitmap Index Scan", "Parent Relationship": "Outer", "Index Name": "movie_id_movie_info", "Startup Cost": 0.0, "Total Cost": 0.51, "Plan Rows": 5, "Plan Width": 0, "Actual Startup Time": 0.0, "Actual Total Time": 0.0, "Index Cond": "(movie_id = t.id)"}]}]}, {"Node Type": "Hash", "Parent Relationship": "Inner", "Startup Cost": 13.96, "Total Cost": 13.96, "Plan Rows": 112, "Plan Width": 4, "Actual Startup Time": 0.112, "Actual Total Time": 0.112, "Actual Rows": 112, "Actual Loops": 1, "Hash Buckets": 32768, "Hash Batches": 1, "Original Hash Batches": 1, "Peak Memory Usage": 4, "Plans": [{"Node Type": "Bitmap Heap Scan", "Parent Relationship": "Outer", "Relation Name": "info_type", "Alias": "it", "Startup Cost": 8.84, "Total Cost": 13.96, "Plan Rows": 112, "Plan Width": 4, "Actual Startup Time": 0.055, "Actual Total Time": 0.075, "Actual Rows": 112, "Actual Loops": 1, "Exact Heap Blocks": 1, "Lossy Heap Blocks": 1, "Plans": [{"Node Type": "Bitmap Index Scan", "Parent Relationship": "Outer", "Index Name": "info_type_pkey", "Startup Cost": 0.0, "Total Cost": 8.81, "Plan Rows": 112, "Plan Width": 0, "Actual Startup Time": 0.014, "Actual Total Time": 0.014, "Actual Rows": 112, "Actual Loops": 1}]}]}]}]}, "Triggers": [], "Planner Runtime": 8.109, "Total Runtime": 645.411, "Unique SQL Id": 2510907716}}, "(64, '72')": {"explain_plan": {"Plan": {"Node Type": "Aggregate", "Strategy": "Plain", "Startup Cost": 69326.03, "Total Cost": 69326.04, "Plan Rows": 1, "Plan Width": 49, "Plans": [{"Node Type": "Nested Loop", "Parent Relationship": "Outer", "Join Type": "Inner", "Startup Cost": 1.05, "Total Cost": 69321.23, "Plan Rows": 1919, "Plan Width": 17, "Inner Unique": true, "Plans": [{"Node Type": "Nested Loop", "Parent Relationship": "Outer", "Join Type": "Inner", "Startup Cost": 1.05, "Total Cost": 68783.8, "Plan Rows": 1919, "Plan Width": 21, "Inner Unique": false, "Plans": [{"Node Type": "Nested Loop", "Parent Relationship": "Outer", "Join Type": "Inner", "Startup Cost": 1.05, "Total Cost": 66504.51, "Plan Rows": 1869, "Plan Width": 25, "Inner Unique": true, "Plans": [{"Node Type": "Hash Join", "Parent Relationship": "Outer", "Join Type": "Inner", "Startup Cost": 1.05, "Total Cost": 54887.09, "Plan Rows": 1540, "Plan Width": 4, "Inner Unique": true, "Hash Cond": "(mc.company_type_id = ct.id)", "Plans": [{"Node Type": "Seq Scan", "Parent Relationship": "Outer", "Relation Name": "movie_companies", "Alias": "mc", "Startup Cost": 0.0, "Total Cost": 54862.92, "Plan Rows": 3081, "Plan Width": 8, "Filter": "(((note)::text ~~ '%(theatrical)%'::text) AND ((note)::text ~~ '%(France)%'::text))"}, {"Node Type": "Hash", "Parent Relationship": "Inner", "Startup Cost": 1.04, "Total Cost": 1.04, "Plan Rows": 1, "Plan Width": 4, "Plans": [{"Node Type": "Seq Scan", "Parent Relationship": "Outer", "Relation Name": "company_type", "Alias": "ct", "Startup Cost": 0.0, "Total Cost": 1.04, "Plan Rows": 1, "Plan Width": 4, "Filter": "((kind)::text = 'production companies'::text)"}]}]}, {"Node Type": "Index Scan", "Parent Relationship": "Inner", "Scan Direction": "Forward", "Index Name": "title_pkey", "Relation Name": "title", "Alias": "t", "Startup Cost": 0.0, "Total Cost": 7.53, "Plan Rows": 1, "Plan Width": 21, "Index Cond": "(id = mc.movie_id)", "Filter": "(production_year > 2005)"}]}, {"Node Type": "Index Scan", "Parent Relationship": "Inner", "Scan Direction": "Forward", "Index Name": "movie_id_movie_info", "Relation Name": "movie_info", "Alias": "mi", "Startup Cost": 0.0, "Total Cost": 1.21, "Plan Rows": 1, "Plan Width": 8, "Index Cond": "(movie_id = t.id)", "Filter": "((info)::text = ANY ('{Sweden,Norway,Germany,Denmark,Swedish,Denish,Norwegian,German}'::text[]))"}]}, {"Node Type": "Index Only Scan", "Parent Relationship": "Inner", "Scan Direction": "Forward", "Index Name": "info_type_pkey", "Relation Name": "info_type", "Alias": "it", "Startup Cost": 0.0, "Total Cost": 0.27, "Plan Rows": 1, "Plan Width": 4, "Index Cond": "(id = mi.info_type_id)"}]}]}, "Unique SQL Id": 2510907716, "Planner Runtime": 11}, "explain_analyze_plan": {"Plan": {"Node Type": "Aggregate", "Strategy": "Plain", "Startup Cost": 69326.03, "Total Cost": 69326.04, "Plan Rows": 1, "Plan Width": 49, "Actual Startup Time": 1045.834, "Actual Total Time": 1045.835, "Actual Rows": 1, "Actual Loops": 1, "Plans": [{"Node Type": "Nested Loop", "Parent Relationship": "Outer", "Join Type": "Inner", "Startup Cost": 1.05, "Total Cost": 69321.23, "Plan Rows": 1919, "Plan Width": 17, "Actual Startup Time": 1045.824, "Actual Total Time": 1045.824, "Actual Rows": 0, "Actual Loops": 1, "Inner Unique": true, "Plans": [{"Node Type": "Nested Loop", "Parent Relationship": "Outer", "Join Type": "Inner", "Startup Cost": 1.05, "Total Cost": 68783.8, "Plan Rows": 1919, "Plan Width": 21, "Actual Startup Time": 1045.823, "Actual Total Time": 1045.823, "Actual Rows": 0, "Actual Loops": 1, "Inner Unique": false, "Plans": [{"Node Type": "Nested Loop", "Parent Relationship": "Outer", "Join Type": "Inner", "Startup Cost": 1.05, "Total Cost": 66504.51, "Plan Rows": 1869, "Plan Width": 25, "Actual Startup Time": 1045.822, "Actual Total Time": 1045.822, "Actual Rows": 0, "Actual Loops": 1, "Inner Unique": true, "Plans": [{"Node Type": "Hash Join", "Parent Relationship": "Outer", "Join Type": "Inner", "Startup Cost": 1.05, "Total Cost": 54887.09, "Plan Rows": 1540, "Plan Width": 4, "Actual Startup Time": 1045.772, "Actual Total Time": 1045.772, "Actual Rows": 0, "Actual Loops": 1, "Inner Unique": true, "Hash Cond": "(mc.company_type_id = ct.id)", "Plans": [{"Node Type": "Seq Scan", "Parent Relationship": "Outer", "Relation Name": "movie_companies", "Alias": "mc", "Startup Cost": 0.0, "Total Cost": 54862.92, "Plan Rows": 3081, "Plan Width": 8, "Actual Startup Time": 9.039, "Actual Total Time": 1041.162, "Actual Rows": 24025, "Actual Loops": 1, "Filter": "(((note)::text ~~ '%(theatrical)%'::text) AND ((note)::text ~~ '%(France)%'::text))", "Rows Removed by Filter": 2585103}, {"Node Type": "Hash", "Parent Relationship": "Inner", "Startup Cost": 1.04, "Total Cost": 1.04, "Plan Rows": 1, "Plan Width": 4, "Actual Startup Time": 0.016, "Actual Total Time": 0.016, "Actual Rows": 1, "Actual Loops": 1, "Hash Buckets": 32768, "Hash Batches": 1, "Original Hash Batches": 1, "Peak Memory Usage": 1, "Plans": [{"Node Type": "Seq Scan", "Parent Relationship": "Outer", "Relation Name": "company_type", "Alias": "ct", "Startup Cost": 0.0, "Total Cost": 1.04, "Plan Rows": 1, "Plan Width": 4, "Actual Startup Time": 0.01, "Actual Total Time": 0.012, "Actual Rows": 1, "Actual Loops": 1, "Filter": "((kind)::text = 'production companies'::text)", "Rows Removed by Filter": 2}]}]}, {"Node Type": "Index Scan", "Parent Relationship": "Inner", "Scan Direction": "Forward", "Index Name": "title_pkey", "Relation Name": "title", "Alias": "t", "Startup Cost": 0.0, "Total Cost": 7.53, "Plan Rows": 1, "Plan Width": 21, "Actual Startup Time": 0.0, "Actual Total Time": 0.0, "Index Cond": "(id = mc.movie_id)", "Rows Removed by Index Recheck": 0, "Filter": "(production_year > 2005)", "Rows Removed by Filter": 0}]}, {"Node Type": "Index Scan", "Parent Relationship": "Inner", "Scan Direction": "Forward", "Index Name": "movie_id_movie_info", "Relation Name": "movie_info", "Alias": "mi", "Startup Cost": 0.0, "Total Cost": 1.21, "Plan Rows": 1, "Plan Width": 8, "Actual Startup Time": 0.0, "Actual Total Time": 0.0, "Index Cond": "(movie_id = t.id)", "Rows Removed by Index Recheck": 0, "Filter": "((info)::text = ANY ('{Sweden,Norway,Germany,Denmark,Swedish,Denish,Norwegian,German}'::text[]))", "Rows Removed by Filter": 0}]}, {"Node Type": "Index Only Scan", "Parent Relationship": "Inner", "Scan Direction": "Forward", "Index Name": "info_type_pkey", "Relation Name": "info_type", "Alias": "it", "Startup Cost": 0.0, "Total Cost": 0.27, "Plan Rows": 1, "Plan Width": 4, "Actual Startup Time": 0.0, "Actual Total Time": 0.0, "Index Cond": "(id = mi.info_type_id)", "Rows Removed by Index Recheck": 0, "Heap Fetches": 0}]}]}, "Triggers": [], "Planner Runtime": 11.031, "Total Runtime": 1046.088, "Unique SQL Id": 2510907716}}, "(64, '73')": {"explain_plan": {"Plan": {"Node Type": "Aggregate", "Strategy": "Plain", "Startup Cost": 74106.99, "Total Cost": 74107.0, "Plan Rows": 1, "Plan Width": 49, "Plans": [{"Node Type": "Nested Loop", "Parent Relationship": "Outer", "Join Type": "Inner", "Startup Cost": 0.0, "Total Cost": 74102.19, "Plan Rows": 1919, "Plan Width": 17, "Inner Unique": true, "Plans": [{"Node Type": "Nested Loop", "Parent Relationship": "Outer", "Join Type": "Inner", "Startup Cost": 0.0, "Total Cost": 73564.77, "Plan Rows": 1919, "Plan Width": 21, "Inner Unique": false, "Plans": [{"Node Type": "Nested Loop", "Parent Relationship": "Outer", "Join Type": "Inner", "Startup Cost": 0.0, "Total Cost": 71285.47, "Plan Rows": 1869, "Plan Width": 25, "Inner Unique": true, "Plans": [{"Node Type": "Nested Loop", "Parent Relationship": "Outer", "Join Type": "Inner", "Startup Cost": 0.0, "Total Cost": 59668.05, "Plan Rows": 1540, "Plan Width": 4, "Inner Unique": false, "Plans": [{"Node Type": "Index Scan", "Parent Relationship": "Outer", "Scan Direction": "Forward", "Index Name": "company_type_pkey", "Relation Name": "company_type", "Alias": "ct", "Startup Cost": 0.0, "Total Cost": 12.3, "Plan Rows": 1, "Plan Width": 4, "Filter": "((kind)::text = 'production companies'::text)"}, {"Node Type": "Index Scan", "Parent Relationship": "Inner", "Scan Direction": "Forward", "Index Name": "company_type_id_movie_companies", "Relation Name": "movie_companies", "Alias": "mc", "Startup Cost": 0.0, "Total Cost": 59640.35, "Plan Rows": 1540, "Plan Width": 8, "Index Cond": "(company_type_id = ct.id)", "Filter": "(((note)::text ~~ '%(theatrical)%'::text) AND ((note)::text ~~ '%(France)%'::text))"}]}, {"Node Type": "Index Scan", "Parent Relationship": "Inner", "Scan Direction": "Forward", "Index Name": "title_pkey", "Relation Name": "title", "Alias": "t", "Startup Cost": 0.0, "Total Cost": 7.53, "Plan Rows": 1, "Plan Width": 21, "Index Cond": "(id = mc.movie_id)", "Filter": "(production_year > 2005)"}]}, {"Node Type": "Index Scan", "Parent Relationship": "Inner", "Scan Direction": "Forward", "Index Name": "movie_id_movie_info", "Relation Name": "movie_info", "Alias": "mi", "Startup Cost": 0.0, "Total Cost": 1.21, "Plan Rows": 1, "Plan Width": 8, "Index Cond": "(movie_id = t.id)", "Filter": "((info)::text = ANY ('{Sweden,Norway,Germany,Denmark,Swedish,Denish,Norwegian,German}'::text[]))"}]}, {"Node Type": "Index Only Scan", "Parent Relationship": "Inner", "Scan Direction": "Forward", "Index Name": "info_type_pkey", "Relation Name": "info_type", "Alias": "it", "Startup Cost": 0.0, "Total Cost": 0.27, "Plan Rows": 1, "Plan Width": 4, "Index Cond": "(id = mi.info_type_id)"}]}]}, "Unique SQL Id": 2510907716, "Planner Runtime": 7}, "explain_analyze_plan": {"Plan": {"Node Type": "Aggregate", "Strategy": "Plain", "Startup Cost": 74106.99, "Total Cost": 74107.0, "Plan Rows": 1, "Plan Width": 49, "Actual Startup Time": 629.666, "Actual Total Time": 629.667, "Actual Rows": 1, "Actual Loops": 1, "Plans": [{"Node Type": "Nested Loop", "Parent Relationship": "Outer", "Join Type": "Inner", "Startup Cost": 0.0, "Total Cost": 74102.19, "Plan Rows": 1919, "Plan Width": 17, "Actual Startup Time": 629.656, "Actual Total Time": 629.656, "Actual Rows": 0, "Actual Loops": 1, "Inner Unique": true, "Plans": [{"Node Type": "Nested Loop", "Parent Relationship": "Outer", "Join Type": "Inner", "Startup Cost": 0.0, "Total Cost": 73564.77, "Plan Rows": 1919, "Plan Width": 21, "Actual Startup Time": 629.655, "Actual Total Time": 629.655, "Actual Rows": 0, "Actual Loops": 1, "Inner Unique": false, "Plans": [{"Node Type": "Nested Loop", "Parent Relationship": "Outer", "Join Type": "Inner", "Startup Cost": 0.0, "Total Cost": 71285.47, "Plan Rows": 1869, "Plan Width": 25, "Actual Startup Time": 629.655, "Actual Total Time": 629.655, "Actual Rows": 0, "Actual Loops": 1, "Inner Unique": true, "Plans": [{"Node Type": "Nested Loop", "Parent Relationship": "Outer", "Join Type": "Inner", "Startup Cost": 0.0, "Total Cost": 59668.05, "Plan Rows": 1540, "Plan Width": 4, "Actual Startup Time": 629.654, "Actual Total Time": 629.654, "Actual Rows": 0, "Actual Loops": 1, "Inner Unique": false, "Plans": [{"Node Type": "Index Scan", "Parent Relationship": "Outer", "Scan Direction": "Forward", "Index Name": "company_type_pkey", "Relation Name": "company_type", "Alias": "ct", "Startup Cost": 0.0, "Total Cost": 12.3, "Plan Rows": 1, "Plan Width": 4, "Actual Startup Time": 0.022, "Actual Total Time": 0.03, "Actual Rows": 1, "Actual Loops": 1, "Filter": "((kind)::text = 'production companies'::text)", "Rows Removed by Filter": 2}, {"Node Type": "Index Scan", "Parent Relationship": "Inner", "Scan Direction": "Forward", "Index Name": "company_type_id_movie_companies", "Relation Name": "movie_companies", "Alias": "mc", "Startup Cost": 0.0, "Total Cost": 59640.35, "Plan Rows": 1540, "Plan Width": 8, "Actual Startup Time": 629.618, "Actual Total Time": 629.618, "Actual Rows": 0, "Actual Loops": 1, "Index Cond": "(company_type_id = ct.id)", "Rows Removed by Index Recheck": 0, "Filter": "(((note)::text ~~ '%(theatrical)%'::text) AND ((note)::text ~~ '%(France)%'::text))", "Rows Removed by Filter": 1334883}]}, {"Node Type": "Index Scan", "Parent Relationship": "Inner", "Scan Direction": "Forward", "Index Name": "title_pkey", "Relation Name": "title", "Alias": "t", "Startup Cost": 0.0, "Total Cost": 7.53, "Plan Rows": 1, "Plan Width": 21, "Actual Startup Time": 0.0, "Actual Total Time": 0.0, "Index Cond": "(id = mc.movie_id)", "Rows Removed by Index Recheck": 0, "Filter": "(production_year > 2005)", "Rows Removed by Filter": 0}]}, {"Node Type": "Index Scan", "Parent Relationship": "Inner", "Scan Direction": "Forward", "Index Name": "movie_id_movie_info", "Relation Name": "movie_info", "Alias": "mi", "Startup Cost": 0.0, "Total Cost": 1.21, "Plan Rows": 1, "Plan Width": 8, "Actual Startup Time": 0.0, "Actual Total Time": 0.0, "Index Cond": "(movie_id = t.id)", "Rows Removed by Index Recheck": 0, "Filter": "((info)::text = ANY ('{Sweden,Norway,Germany,Denmark,Swedish,Denish,Norwegian,German}'::text[]))", "Rows Removed by Filter": 0}]}, {"Node Type": "Index Only Scan", "Parent Relationship": "Inner", "Scan Direction": "Forward", "Index Name": "info_type_pkey", "Relation Name": "info_type", "Alias": "it", "Startup Cost": 0.0, "Total Cost": 0.27, "Plan Rows": 1, "Plan Width": 4, "Actual Startup Time": 0.0, "Actual Total Time": 0.0, "Index Cond": "(id = mi.info_type_id)", "Rows Removed by Index Recheck": 0, "Heap Fetches": 0}]}]}, "Triggers": [], "Planner Runtime": 8.174, "Total Runtime": 629.914, "Unique SQL Id": 2510907716}}, "(64, '74')": {"explain_plan": {"Plan": {"Node Type": "Aggregate", "Strategy": "Plain", "Startup Cost": 221573.78, "Total Cost": 221573.79, "Plan Rows": 1, "Plan Width": 49, "Plans": [{"Node Type": "Hash Join", "Parent Relationship": "Outer", "Join Type": "Inner", "Startup Cost": 148126.34, "Total Cost": 221568.98, "Plan Rows": 1919, "Plan Width": 17, "Inner Unique": true, "Hash Cond": "(mi.info_type_id = it.id)", "Plans": [{"Node Type": "Hash Join", "Parent Relationship": "Outer", "Join Type": "Inner", "Startup Cost": 148122.82, "Total Cost": 221539.08, "Plan Rows": 1919, "Plan Width": 21, "Inner Unique": false, "Hash Cond": "(mi.movie_id = t.id)", "Plans": [{"Node Type": "Streaming(type: LOCAL GATHER dop: 1/64)", "Parent Relationship": "Outer", "Startup Cost": 0.0, "Total Cost": 72882.54, "Plan Rows": 141478, "Plan Width": 8, "Plans": [{"Node Type": "Seq Scan", "Parent Relationship": "Outer", "Relation Name": "movie_info", "Alias": "mi", "Startup Cost": 0.0, "Total Cost": 69963.86, "Plan Rows": 141478, "Plan Width": 8, "Filter": "((info)::text = ANY ('{Sweden,Norway,Germany,Denmark,Swedish,Denish,Norwegian,German}'::text[]))"}]}, {"Node Type": "Hash", "Parent Relationship": "Inner", "Startup Cost": 148099.46, "Total Cost": 148099.46, "Plan Rows": 1869, "Plan Width": 25, "Plans": [{"Node Type": "Hash Join", "Parent Relationship": "Outer", "Join Type": "Inner", "Startup Cost": 54906.34, "Total Cost": 148099.46, "Plan Rows": 1869, "Plan Width": 25, "Inner Unique": false, "Hash Cond": "(t.id = mc.movie_id)", "Plans": [{"Node Type": "Streaming(type: LOCAL GATHER dop: 1/64)", "Parent Relationship": "Outer", "Startup Cost": 0.0, "Total Cost": 84945.56, "Plan Rows": 1013492, "Plan Width": 21, "Plans": [{"Node Type": "Seq Scan", "Parent Relationship": "Outer", "Relation Name": "title", "Alias": "t", "Startup Cost": 0.0, "Total Cost": 64037.34, "Plan Rows": 1013492, "Plan Width": 21, "Filter": "(production_year > 2005), (LLVM Optimized)"}]}, {"Node Type": "Hash", "Parent Relationship": "Inner", "Startup Cost": 54887.09, "Total Cost": 54887.09, "Plan Rows": 1540, "Plan Width": 4, "Plans": [{"Node Type": "Hash Join", "Parent Relationship": "Outer", "Join Type": "Inner", "Startup Cost": 1.05, "Total Cost": 54887.09, "Plan Rows": 1540, "Plan Width": 4, "Inner Unique": true, "Hash Cond": "(mc.company_type_id = ct.id)", "Plans": [{"Node Type": "Seq Scan", "Parent Relationship": "Outer", "Relation Name": "movie_companies", "Alias": "mc", "Startup Cost": 0.0, "Total Cost": 54862.92, "Plan Rows": 3081, "Plan Width": 8, "Filter": "(((note)::text ~~ '%(theatrical)%'::text) AND ((note)::text ~~ '%(France)%'::text))"}, {"Node Type": "Hash", "Parent Relationship": "Inner", "Startup Cost": 1.04, "Total Cost": 1.04, "Plan Rows": 1, "Plan Width": 4, "Plans": [{"Node Type": "Seq Scan", "Parent Relationship": "Outer", "Relation Name": "company_type", "Alias": "ct", "Startup Cost": 0.0, "Total Cost": 1.04, "Plan Rows": 1, "Plan Width": 4, "Filter": "((kind)::text = 'production companies'::text)"}]}]}]}]}]}]}, {"Node Type": "Hash", "Parent Relationship": "Inner", "Startup Cost": 2.12, "Total Cost": 2.12, "Plan Rows": 112, "Plan Width": 4, "Plans": [{"Node Type": "Seq Scan", "Parent Relationship": "Outer", "Relation Name": "info_type", "Alias": "it", "Startup Cost": 0.0, "Total Cost": 2.12, "Plan Rows": 112, "Plan Width": 4}]}]}]}, "Unique SQL Id": 2510907716, "Planner Runtime": 15}, "explain_analyze_plan": {"Plan": {"Node Type": "Aggregate", "Strategy": "Plain", "Startup Cost": 221573.78, "Total Cost": 221573.79, "Plan Rows": 1, "Plan Width": 49, "Actual Min Startup Time": 1037.803, "Actual Max Startup Time": 1037.803, "Actual Min Total Time": 1037.804, "Actual Max Total Time": 1037.804, "Plans": [{"Node Type": "Hash Join", "Parent Relationship": "Outer", "Join Type": "Inner", "Startup Cost": 148126.34, "Total Cost": 221568.98, "Plan Rows": 1919, "Plan Width": 17, "Actual Min Startup Time": 1037.789, "Actual Max Startup Time": 1037.789, "Actual Min Total Time": 1037.789, "Actual Max Total Time": 1037.789, "Inner Unique": true, "Hash Cond": "(mi.info_type_id = it.id)", "Plans": [{"Node Type": "Hash Join", "Parent Relationship": "Outer", "Join Type": "Inner", "Startup Cost": 148122.82, "Total Cost": 221539.08, "Plan Rows": 1919, "Plan Width": 21, "Actual Min Startup Time": 1037.24, "Actual Max Startup Time": 1037.24, "Actual Min Total Time": 1037.24, "Actual Max Total Time": 1037.24, "Inner Unique": false, "Hash Cond": "(mi.movie_id = t.id)", "Plans": [{"Node Type": "Streaming(type: LOCAL GATHER dop: 1/64)", "Parent Relationship": "Outer", "Startup Cost": 0.0, "Total Cost": 72882.54, "Plan Rows": 141478, "Plan Width": 8, "Actual Startup Time": 0.0, "Actual Total Time": 0.0, "Plans": [{"Node Type": "Seq Scan", "Parent Relationship": "Outer", "Relation Name": "movie_info", "Alias": "mi", "Startup Cost": 0.0, "Total Cost": 69963.86, "Plan Rows": 141478, "Plan Width": 8, "Actual Min Startup Time": 0.038, "Actual Max Startup Time": 3.16, "Actual Min Total Time": 0.092, "Actual Max Total Time": 121.625, "Filter": "((info)::text = ANY ('{Sweden,Norway,Germany,Denmark,Swedish,Denish,Norwegian,German}'::text[]))", "Rows Removed by Filter": 2642135, "Actual Rows": 6429}]}, {"Node Type": "Hash", "Parent Relationship": "Inner", "Startup Cost": 148099.46, "Total Cost": 148099.46, "Plan Rows": 1869, "Plan Width": 25, "Actual Min Startup Time": 1036.926, "Actual Max Startup Time": 1036.926, "Actual Min Total Time": 1036.926, "Actual Max Total Time": 1036.926, "Max Hash Buckets": 32768, "Min Hash Buckets": 32768, "Max Hash Batches": 1, "Min Hash Batches": 1, "Max Original Hash Batches": 1, "Min Original Hash Batches": 1, "Max Peak Memory Usage": 0, "min Peak Memory Usage": 0, "Plans": [{"Node Type": "Hash Join", "Parent Relationship": "Outer", "Join Type": "Inner", "Startup Cost": 54906.34, "Total Cost": 148099.46, "Plan Rows": 1869, "Plan Width": 25, "Actual Min Startup Time": 1036.923, "Actual Max Startup Time": 1036.923, "Actual Min Total Time": 1036.923, "Actual Max Total Time": 1036.923, "Inner Unique": false, "Hash Cond": "(t.id = mc.movie_id)", "Plans": [{"Node Type": "Streaming(type: LOCAL GATHER dop: 1/64)", "Parent Relationship": "Outer", "Startup Cost": 0.0, "Total Cost": 84945.56, "Plan Rows": 1013492, "Plan Width": 21, "Actual Startup Time": 0.0, "Actual Total Time": 0.0, "Plans": [{"Node Type": "Seq Scan", "Parent Relationship": "Outer", "Relation Name": "title", "Alias": "t", "Startup Cost": 0.0, "Total Cost": 64037.34, "Plan Rows": 1013492, "Plan Width": 21, "Actual Min Startup Time": 0.026, "Actual Max Startup Time": 0.079, "Actual Min Total Time": 0.098, "Actual Max Total Time": 0.168, "Filter": "(production_year > 2005), (LLVM Optimized, Jit Execute)", "Rows Removed by Filter": 8012, "Actual Rows": 6464}]}, {"Node Type": "Hash", "Parent Relationship": "Inner", "Startup Cost": 54887.09, "Total Cost": 54887.09, "Plan Rows": 1540, "Plan Width": 4, "Actual Min Startup Time": 1036.59, "Actual Max Startup Time": 1036.59, "Actual Min Total Time": 1036.59, "Actual Max Total Time": 1036.59, "Max Hash Buckets": 32768, "Min Hash Buckets": 32768, "Max Hash Batches": 1, "Min Hash Batches": 1, "Max Original Hash Batches": 1, "Min Original Hash Batches": 1, "Max Peak Memory Usage": 0, "min Peak Memory Usage": 0, "Plans": [{"Node Type": "Hash Join", "Parent Relationship": "Outer", "Join Type": "Inner", "Startup Cost": 1.05, "Total Cost": 54887.09, "Plan Rows": 1540, "Plan Width": 4, "Actual Min Startup Time": 1036.587, "Actual Max Startup Time": 1036.587, "Actual Min Total Time": 1036.587, "Actual Max Total Time": 1036.587, "Inner Unique": true, "Hash Cond": "(mc.company_type_id = ct.id)", "Plans": [{"Node Type": "Seq Scan", "Parent Relationship": "Outer", "Relation Name": "movie_companies", "Alias": "mc", "Startup Cost": 0.0, "Total Cost": 54862.92, "Plan Rows": 3081, "Plan Width": 8, "Actual Min Startup Time": 9.034, "Actual Max Startup Time": 9.034, "Actual Min Total Time": 1032.068, "Actual Max Total Time": 1032.068, "Filter": "(((note)::text ~~ '%(theatrical)%'::text) AND ((note)::text ~~ '%(France)%'::text))", "Rows Removed by Filter": 2585103, "Actual Rows": 24025}, {"Node Type": "Hash", "Parent Relationship": "Inner", "Startup Cost": 1.04, "Total Cost": 1.04, "Plan Rows": 1, "Plan Width": 4, "Actual Min Startup Time": 0.026, "Actual Max Startup Time": 0.026, "Actual Min Total Time": 0.026, "Actual Max Total Time": 0.026, "Max Hash Buckets": 32768, "Min Hash Buckets": 32768, "Max Hash Batches": 1, "Min Hash Batches": 1, "Max Original Hash Batches": 1, "Min Original Hash Batches": 1, "Max Peak Memory Usage": 1, "min Peak Memory Usage": 1, "Plans": [{"Node Type": "Seq Scan", "Parent Relationship": "Outer", "Relation Name": "company_type", "Alias": "ct", "Startup Cost": 0.0, "Total Cost": 1.04, "Plan Rows": 1, "Plan Width": 4, "Actual Min Startup Time": 0.019, "Actual Max Startup Time": 0.019, "Actual Min Total Time": 0.021, "Actual Max Total Time": 0.021, "Filter": "((kind)::text = 'production companies'::text)", "Rows Removed by Filter": 2, "Actual Rows": 1}], "Actual Rows": 1}], "Actual Rows": 0}], "Actual Rows": 0}], "Actual Rows": 0}], "Actual Rows": 0}], "Actual Rows": 0}, {"Node Type": "Hash", "Parent Relationship": "Inner", "Startup Cost": 2.12, "Total Cost": 2.12, "Plan Rows": 112, "Plan Width": 4, "Actual Min Startup Time": 0.12, "Actual Max Startup Time": 0.12, "Actual Min Total Time": 0.12, "Actual Max Total Time": 0.12, "Max Hash Buckets": 32768, "Min Hash Buckets": 32768, "Max Hash Batches": 1, "Min Hash Batches": 1, "Max Original Hash Batches": 1, "Min Original Hash Batches": 1, "Max Peak Memory Usage": 4, "min Peak Memory Usage": 4, "Plans": [{"Node Type": "Seq Scan", "Parent Relationship": "Outer", "Relation Name": "info_type", "Alias": "it", "Startup Cost": 0.0, "Total Cost": 2.12, "Plan Rows": 112, "Plan Width": 4, "Actual Min Startup Time": 0.044, "Actual Max Startup Time": 0.044, "Actual Min Total Time": 0.072, "Actual Max Total Time": 0.072, "Actual Rows": 112}], "Actual Rows": 112}], "Actual Rows": 0}], "Actual Rows": 1}, "Triggers": [], "Planner Runtime": 15.547, "Total Runtime": 1072.829, "Unique SQL Id": 2510907716}}, "(64, '75')": {"explain_plan": {"Plan": {"Node Type": "Aggregate", "Strategy": "Plain", "Startup Cost": 4997608710574.25, "Total Cost": 4997608710574.26, "Plan Rows": 1, "Plan Width": 49, "Plans": [{"Node Type": "Hash Join", "Parent Relationship": "Outer", "Join Type": "Inner", "Startup Cost": 2030021492533.64, "Total Cost": 4997608710569.45, "Plan Rows": 1919, "Plan Width": 17, "Inner Unique": true, "Hash Cond": "(mi.info_type_id = it.id)", "Plans": [{"Node Type": "Hash Join", "Parent Relationship": "Outer", "Join Type": "Inner", "Startup Cost": 1030021491539.24, "Total Cost": 3997608709548.66, "Plan Rows": 1919, "Plan Width": 21, "Inner Unique": true, "Hash Cond": "(mc.company_type_id = ct.id)", "Plans": [{"Node Type": "Merge Join", "Parent Relationship": "Outer", "Join Type": "Inner", "Startup Cost": 30021490308.98, "Total Cost": 2997608708289.58, "Plan Rows": 3839, "Plan Width": 25, "Inner Unique": false, "Merge Cond": "(t.id = mi.movie_id)", "Plans": [{"Node Type": "Merge Join", "Parent Relationship": "Outer", "Join Type": "Inner", "Startup Cost": 20021490308.98, "Total Cost": 1999077499123.92, "Plan Rows": 3740, "Plan Width": 29, "Inner Unique": true, "Merge Cond": "(mc.movie_id = t.id)", "Plans": [{"Node Type": "Index Scan", "Parent Relationship": "Outer", "Scan Direction": "Forward", "Index Name": "movie_id_movie_companies", "Relation Name": "movie_companies", "Alias": "mc", "Startup Cost": 10000000000.0, "Total Cost": 1000014356510.13, "Plan Rows": 3081, "Plan Width": 8, "Filter": "(((note)::text ~~ '%(theatrical)%'::text) AND ((note)::text ~~ '%(France)%'::text))"}, {"Node Type": "Index Scan", "Parent Relationship": "Inner", "Scan Direction": "Forward", "Index Name": "title_pkey", "Relation Name": "title", "Alias": "t", "Startup Cost": 10000000000.0, "Total Cost": 1000011644126.66, "Plan Rows": 1013492, "Plan Width": 21, "Filter": "(production_year > 2005), (LLVM Optimized)"}]}, {"Node Type": "Index Scan", "Parent Relationship": "Inner", "Scan Direction": "Forward", "Index Name": "movie_id_movie_info", "Relation Name": "movie_info", "Alias": "mi", "Startup Cost": 10000000000.0, "Total Cost": 1000118686878.22, "Plan Rows": 141478, "Plan Width": 8, "Filter": "((info)::text = ANY ('{Sweden,Norway,Germany,Denmark,Swedish,Denish,Norwegian,German}'::text[]))"}]}, {"Node Type": "Hash", "Parent Relationship": "Inner", "Startup Cost": 1000000001230.25, "Total Cost": 1000000001230.25, "Plan Rows": 1, "Plan Width": 4, "Plans": [{"Node Type": "Index Scan", "Parent Relationship": "Outer", "Scan Direction": "Forward", "Index Name": "company_type_pkey", "Relation Name": "company_type", "Alias": "ct", "Startup Cost": 10000000000.0, "Total Cost": 1000000001230.25, "Plan Rows": 1, "Plan Width": 4, "Filter": "((kind)::text = 'production companies'::text)"}]}]}, {"Node Type": "Hash", "Parent Relationship": "Inner", "Startup Cost": 1000000000993.0, "Total Cost": 1000000000993.0, "Plan Rows": 112, "Plan Width": 4, "Plans": [{"Node Type": "Index Only Scan", "Parent Relationship": "Outer", "Scan Direction": "Forward", "Index Name": "info_type_pkey", "Relation Name": "info_type", "Alias": "it", "Startup Cost": 10000000000.0, "Total Cost": 1000000000993.0, "Plan Rows": 112, "Plan Width": 4}]}]}]}, "Unique SQL Id": 2510907716, "Planner Runtime": 16}, "explain_analyze_plan": null}, "(64, '76')": {"explain_plan": {"Plan": {"Node Type": "Aggregate", "Strategy": "Plain", "Startup Cost": 69326.08, "Total Cost": 69326.09, "Plan Rows": 1, "Plan Width": 49, "Plans": [{"Node Type": "Nested Loop", "Parent Relationship": "Outer", "Join Type": "Inner", "Startup Cost": 1.05, "Total Cost": 69321.29, "Plan Rows": 1919, "Plan Width": 17, "Inner Unique": true, "Plans": [{"Node Type": "Nested Loop", "Parent Relationship": "Outer", "Join Type": "Inner", "Startup Cost": 1.05, "Total Cost": 68783.8, "Plan Rows": 1919, "Plan Width": 21, "Inner Unique": false, "Plans": [{"Node Type": "Nested Loop", "Parent Relationship": "Outer", "Join Type": "Inner", "Startup Cost": 1.05, "Total Cost": 66504.51, "Plan Rows": 1869, "Plan Width": 25, "Inner Unique": true, "Plans": [{"Node Type": "Hash Join", "Parent Relationship": "Outer", "Join Type": "Inner", "Startup Cost": 1.05, "Total Cost": 54887.09, "Plan Rows": 1540, "Plan Width": 4, "Inner Unique": true, "Hash Cond": "(mc.company_type_id = ct.id)", "Plans": [{"Node Type": "Seq Scan", "Parent Relationship": "Outer", "Relation Name": "movie_companies", "Alias": "mc", "Startup Cost": 0.0, "Total Cost": 54862.92, "Plan Rows": 3081, "Plan Width": 8, "Filter": "(((note)::text ~~ '%(theatrical)%'::text) AND ((note)::text ~~ '%(France)%'::text))"}, {"Node Type": "Hash", "Parent Relationship": "Inner", "Startup Cost": 1.04, "Total Cost": 1.04, "Plan Rows": 1, "Plan Width": 4, "Plans": [{"Node Type": "Seq Scan", "Parent Relationship": "Outer", "Relation Name": "company_type", "Alias": "ct", "Startup Cost": 0.0, "Total Cost": 1.04, "Plan Rows": 1, "Plan Width": 4, "Filter": "((kind)::text = 'production companies'::text)"}]}]}, {"Node Type": "Index Scan", "Parent Relationship": "Inner", "Scan Direction": "Forward", "Index Name": "title_pkey", "Relation Name": "title", "Alias": "t", "Startup Cost": 0.0, "Total Cost": 7.53, "Plan Rows": 1, "Plan Width": 21, "Index Cond": "(id = mc.movie_id)", "Filter": "(production_year > 2005)"}]}, {"Node Type": "Index Scan", "Parent Relationship": "Inner", "Scan Direction": "Forward", "Index Name": "movie_id_movie_info", "Relation Name": "movie_info", "Alias": "mi", "Startup Cost": 0.0, "Total Cost": 1.21, "Plan Rows": 1, "Plan Width": 8, "Index Cond": "(movie_id = t.id)", "Filter": "((info)::text = ANY ('{Sweden,Norway,Germany,Denmark,Swedish,Denish,Norwegian,German}'::text[]))"}]}, {"Node Type": "Index Scan", "Parent Relationship": "Inner", "Scan Direction": "Forward", "Index Name": "info_type_pkey", "Relation Name": "info_type", "Alias": "it", "Startup Cost": 0.0, "Total Cost": 0.27, "Plan Rows": 1, "Plan Width": 4, "Index Cond": "(id = mi.info_type_id)"}]}]}, "Unique SQL Id": 2510907716, "Planner Runtime": 11}, "explain_analyze_plan": {"Plan": {"Node Type": "Aggregate", "Strategy": "Plain", "Startup Cost": 69326.08, "Total Cost": 69326.09, "Plan Rows": 1, "Plan Width": 49, "Actual Startup Time": 1048.234, "Actual Total Time": 1048.235, "Actual Rows": 1, "Actual Loops": 1, "Plans": [{"Node Type": "Nested Loop", "Parent Relationship": "Outer", "Join Type": "Inner", "Startup Cost": 1.05, "Total Cost": 69321.29, "Plan Rows": 1919, "Plan Width": 17, "Actual Startup Time": 1048.226, "Actual Total Time": 1048.226, "Actual Rows": 0, "Actual Loops": 1, "Inner Unique": true, "Plans": [{"Node Type": "Nested Loop", "Parent Relationship": "Outer", "Join Type": "Inner", "Startup Cost": 1.05, "Total Cost": 68783.8, "Plan Rows": 1919, "Plan Width": 21, "Actual Startup Time": 1048.224, "Actual Total Time": 1048.224, "Actual Rows": 0, "Actual Loops": 1, "Inner Unique": false, "Plans": [{"Node Type": "Nested Loop", "Parent Relationship": "Outer", "Join Type": "Inner", "Startup Cost": 1.05, "Total Cost": 66504.51, "Plan Rows": 1869, "Plan Width": 25, "Actual Startup Time": 1048.223, "Actual Total Time": 1048.223, "Actual Rows": 0, "Actual Loops": 1, "Inner Unique": true, "Plans": [{"Node Type": "Hash Join", "Parent Relationship": "Outer", "Join Type": "Inner", "Startup Cost": 1.05, "Total Cost": 54887.09, "Plan Rows": 1540, "Plan Width": 4, "Actual Startup Time": 1048.186, "Actual Total Time": 1048.186, "Actual Rows": 0, "Actual Loops": 1, "Inner Unique": true, "Hash Cond": "(mc.company_type_id = ct.id)", "Plans": [{"Node Type": "Seq Scan", "Parent Relationship": "Outer", "Relation Name": "movie_companies", "Alias": "mc", "Startup Cost": 0.0, "Total Cost": 54862.92, "Plan Rows": 3081, "Plan Width": 8, "Actual Startup Time": 8.979, "Actual Total Time": 1043.51, "Actual Rows": 24025, "Actual Loops": 1, "Filter": "(((note)::text ~~ '%(theatrical)%'::text) AND ((note)::text ~~ '%(France)%'::text))", "Rows Removed by Filter": 2585103}, {"Node Type": "Hash", "Parent Relationship": "Inner", "Startup Cost": 1.04, "Total Cost": 1.04, "Plan Rows": 1, "Plan Width": 4, "Actual Startup Time": 0.017, "Actual Total Time": 0.017, "Actual Rows": 1, "Actual Loops": 1, "Hash Buckets": 32768, "Hash Batches": 1, "Original Hash Batches": 1, "Peak Memory Usage": 1, "Plans": [{"Node Type": "Seq Scan", "Parent Relationship": "Outer", "Relation Name": "company_type", "Alias": "ct", "Startup Cost": 0.0, "Total Cost": 1.04, "Plan Rows": 1, "Plan Width": 4, "Actual Startup Time": 0.01, "Actual Total Time": 0.012, "Actual Rows": 1, "Actual Loops": 1, "Filter": "((kind)::text = 'production companies'::text)", "Rows Removed by Filter": 2}]}]}, {"Node Type": "Index Scan", "Parent Relationship": "Inner", "Scan Direction": "Forward", "Index Name": "title_pkey", "Relation Name": "title", "Alias": "t", "Startup Cost": 0.0, "Total Cost": 7.53, "Plan Rows": 1, "Plan Width": 21, "Actual Startup Time": 0.0, "Actual Total Time": 0.0, "Index Cond": "(id = mc.movie_id)", "Rows Removed by Index Recheck": 0, "Filter": "(production_year > 2005)", "Rows Removed by Filter": 0}]}, {"Node Type": "Index Scan", "Parent Relationship": "Inner", "Scan Direction": "Forward", "Index Name": "movie_id_movie_info", "Relation Name": "movie_info", "Alias": "mi", "Startup Cost": 0.0, "Total Cost": 1.21, "Plan Rows": 1, "Plan Width": 8, "Actual Startup Time": 0.0, "Actual Total Time": 0.0, "Index Cond": "(movie_id = t.id)", "Rows Removed by Index Recheck": 0, "Filter": "((info)::text = ANY ('{Sweden,Norway,Germany,Denmark,Swedish,Denish,Norwegian,German}'::text[]))", "Rows Removed by Filter": 0}]}, {"Node Type": "Index Scan", "Parent Relationship": "Inner", "Scan Direction": "Forward", "Index Name": "info_type_pkey", "Relation Name": "info_type", "Alias": "it", "Startup Cost": 0.0, "Total Cost": 0.27, "Plan Rows": 1, "Plan Width": 4, "Actual Startup Time": 0.0, "Actual Total Time": 0.0, "Index Cond": "(id = mi.info_type_id)", "Rows Removed by Index Recheck": 0}]}]}, "Triggers": [], "Planner Runtime": 11.158, "Total Runtime": 1048.494, "Unique SQL Id": 2510907716}}, "(64, '77')": {"explain_plan": {"Plan": {"Node Type": "Aggregate", "Strategy": "Plain", "Startup Cost": 74107.05, "Total Cost": 74107.06, "Plan Rows": 1, "Plan Width": 49, "Plans": [{"Node Type": "Nested Loop", "Parent Relationship": "Outer", "Join Type": "Inner", "Startup Cost": 0.0, "Total Cost": 74102.25, "Plan Rows": 1919, "Plan Width": 17, "Inner Unique": true, "Plans": [{"Node Type": "Nested Loop", "Parent Relationship": "Outer", "Join Type": "Inner", "Startup Cost": 0.0, "Total Cost": 73564.77, "Plan Rows": 1919, "Plan Width": 21, "Inner Unique": false, "Plans": [{"Node Type": "Nested Loop", "Parent Relationship": "Outer", "Join Type": "Inner", "Startup Cost": 0.0, "Total Cost": 71285.47, "Plan Rows": 1869, "Plan Width": 25, "Inner Unique": true, "Plans": [{"Node Type": "Nested Loop", "Parent Relationship": "Outer", "Join Type": "Inner", "Startup Cost": 0.0, "Total Cost": 59668.05, "Plan Rows": 1540, "Plan Width": 4, "Inner Unique": false, "Plans": [{"Node Type": "Index Scan", "Parent Relationship": "Outer", "Scan Direction": "Forward", "Index Name": "company_type_pkey", "Relation Name": "company_type", "Alias": "ct", "Startup Cost": 0.0, "Total Cost": 12.3, "Plan Rows": 1, "Plan Width": 4, "Filter": "((kind)::text = 'production companies'::text)"}, {"Node Type": "Index Scan", "Parent Relationship": "Inner", "Scan Direction": "Forward", "Index Name": "company_type_id_movie_companies", "Relation Name": "movie_companies", "Alias": "mc", "Startup Cost": 0.0, "Total Cost": 59640.35, "Plan Rows": 1540, "Plan Width": 8, "Index Cond": "(company_type_id = ct.id)", "Filter": "(((note)::text ~~ '%(theatrical)%'::text) AND ((note)::text ~~ '%(France)%'::text))"}]}, {"Node Type": "Index Scan", "Parent Relationship": "Inner", "Scan Direction": "Forward", "Index Name": "title_pkey", "Relation Name": "title", "Alias": "t", "Startup Cost": 0.0, "Total Cost": 7.53, "Plan Rows": 1, "Plan Width": 21, "Index Cond": "(id = mc.movie_id)", "Filter": "(production_year > 2005)"}]}, {"Node Type": "Index Scan", "Parent Relationship": "Inner", "Scan Direction": "Forward", "Index Name": "movie_id_movie_info", "Relation Name": "movie_info", "Alias": "mi", "Startup Cost": 0.0, "Total Cost": 1.21, "Plan Rows": 1, "Plan Width": 8, "Index Cond": "(movie_id = t.id)", "Filter": "((info)::text = ANY ('{Sweden,Norway,Germany,Denmark,Swedish,Denish,Norwegian,German}'::text[]))"}]}, {"Node Type": "Index Scan", "Parent Relationship": "Inner", "Scan Direction": "Forward", "Index Name": "info_type_pkey", "Relation Name": "info_type", "Alias": "it", "Startup Cost": 0.0, "Total Cost": 0.27, "Plan Rows": 1, "Plan Width": 4, "Index Cond": "(id = mi.info_type_id)"}]}]}, "Unique SQL Id": 2510907716, "Planner Runtime": 7}, "explain_analyze_plan": {"Plan": {"Node Type": "Aggregate", "Strategy": "Plain", "Startup Cost": 74107.05, "Total Cost": 74107.06, "Plan Rows": 1, "Plan Width": 49, "Actual Startup Time": 698.478, "Actual Total Time": 698.478, "Actual Rows": 1, "Actual Loops": 1, "Plans": [{"Node Type": "Nested Loop", "Parent Relationship": "Outer", "Join Type": "Inner", "Startup Cost": 0.0, "Total Cost": 74102.25, "Plan Rows": 1919, "Plan Width": 17, "Actual Startup Time": 698.471, "Actual Total Time": 698.471, "Actual Rows": 0, "Actual Loops": 1, "Inner Unique": true, "Plans": [{"Node Type": "Nested Loop", "Parent Relationship": "Outer", "Join Type": "Inner", "Startup Cost": 0.0, "Total Cost": 73564.77, "Plan Rows": 1919, "Plan Width": 21, "Actual Startup Time": 698.468, "Actual Total Time": 698.468, "Actual Rows": 0, "Actual Loops": 1, "Inner Unique": false, "Plans": [{"Node Type": "Nested Loop", "Parent Relationship": "Outer", "Join Type": "Inner", "Startup Cost": 0.0, "Total Cost": 71285.47, "Plan Rows": 1869, "Plan Width": 25, "Actual Startup Time": 698.467, "Actual Total Time": 698.467, "Actual Rows": 0, "Actual Loops": 1, "Inner Unique": true, "Plans": [{"Node Type": "Nested Loop", "Parent Relationship": "Outer", "Join Type": "Inner", "Startup Cost": 0.0, "Total Cost": 59668.05, "Plan Rows": 1540, "Plan Width": 4, "Actual Startup Time": 698.466, "Actual Total Time": 698.466, "Actual Rows": 0, "Actual Loops": 1, "Inner Unique": false, "Plans": [{"Node Type": "Index Scan", "Parent Relationship": "Outer", "Scan Direction": "Forward", "Index Name": "company_type_pkey", "Relation Name": "company_type", "Alias": "ct", "Startup Cost": 0.0, "Total Cost": 12.3, "Plan Rows": 1, "Plan Width": 4, "Actual Startup Time": 0.014, "Actual Total Time": 0.022, "Actual Rows": 1, "Actual Loops": 1, "Filter": "((kind)::text = 'production companies'::text)", "Rows Removed by Filter": 2}, {"Node Type": "Index Scan", "Parent Relationship": "Inner", "Scan Direction": "Forward", "Index Name": "company_type_id_movie_companies", "Relation Name": "movie_companies", "Alias": "mc", "Startup Cost": 0.0, "Total Cost": 59640.35, "Plan Rows": 1540, "Plan Width": 8, "Actual Startup Time": 698.437, "Actual Total Time": 698.437, "Actual Rows": 0, "Actual Loops": 1, "Index Cond": "(company_type_id = ct.id)", "Rows Removed by Index Recheck": 0, "Filter": "(((note)::text ~~ '%(theatrical)%'::text) AND ((note)::text ~~ '%(France)%'::text))", "Rows Removed by Filter": 1334883}]}, {"Node Type": "Index Scan", "Parent Relationship": "Inner", "Scan Direction": "Forward", "Index Name": "title_pkey", "Relation Name": "title", "Alias": "t", "Startup Cost": 0.0, "Total Cost": 7.53, "Plan Rows": 1, "Plan Width": 21, "Actual Startup Time": 0.0, "Actual Total Time": 0.0, "Index Cond": "(id = mc.movie_id)", "Rows Removed by Index Recheck": 0, "Filter": "(production_year > 2005)", "Rows Removed by Filter": 0}]}, {"Node Type": "Index Scan", "Parent Relationship": "Inner", "Scan Direction": "Forward", "Index Name": "movie_id_movie_info", "Relation Name": "movie_info", "Alias": "mi", "Startup Cost": 0.0, "Total Cost": 1.21, "Plan Rows": 1, "Plan Width": 8, "Actual Startup Time": 0.0, "Actual Total Time": 0.0, "Index Cond": "(movie_id = t.id)", "Rows Removed by Index Recheck": 0, "Filter": "((info)::text = ANY ('{Sweden,Norway,Germany,Denmark,Swedish,Denish,Norwegian,German}'::text[]))", "Rows Removed by Filter": 0}]}, {"Node Type": "Index Scan", "Parent Relationship": "Inner", "Scan Direction": "Forward", "Index Name": "info_type_pkey", "Relation Name": "info_type", "Alias": "it", "Startup Cost": 0.0, "Total Cost": 0.27, "Plan Rows": 1, "Plan Width": 4, "Actual Startup Time": 0.0, "Actual Total Time": 0.0, "Index Cond": "(id = mi.info_type_id)", "Rows Removed by Index Recheck": 0}]}]}, "Triggers": [], "Planner Runtime": 8.158, "Total Runtime": 698.747, "Unique SQL Id": 2510907716}}, "(64, '78')": {"explain_plan": {"Plan": {"Node Type": "Aggregate", "Strategy": "Plain", "Startup Cost": 221573.78, "Total Cost": 221573.79, "Plan Rows": 1, "Plan Width": 49, "Plans": [{"Node Type": "Hash Join", "Parent Relationship": "Outer", "Join Type": "Inner", "Startup Cost": 148126.34, "Total Cost": 221568.98, "Plan Rows": 1919, "Plan Width": 17, "Inner Unique": true, "Hash Cond": "(mi.info_type_id = it.id)", "Plans": [{"Node Type": "Hash Join", "Parent Relationship": "Outer", "Join Type": "Inner", "Startup Cost": 148122.82, "Total Cost": 221539.08, "Plan Rows": 1919, "Plan Width": 21, "Inner Unique": false, "Hash Cond": "(mi.movie_id = t.id)", "Plans": [{"Node Type": "Streaming(type: LOCAL GATHER dop: 1/64)", "Parent Relationship": "Outer", "Startup Cost": 0.0, "Total Cost": 72882.54, "Plan Rows": 141478, "Plan Width": 8, "Plans": [{"Node Type": "Seq Scan", "Parent Relationship": "Outer", "Relation Name": "movie_info", "Alias": "mi", "Startup Cost": 0.0, "Total Cost": 69963.86, "Plan Rows": 141478, "Plan Width": 8, "Filter": "((info)::text = ANY ('{Sweden,Norway,Germany,Denmark,Swedish,Denish,Norwegian,German}'::text[]))"}]}, {"Node Type": "Hash", "Parent Relationship": "Inner", "Startup Cost": 148099.46, "Total Cost": 148099.46, "Plan Rows": 1869, "Plan Width": 25, "Plans": [{"Node Type": "Hash Join", "Parent Relationship": "Outer", "Join Type": "Inner", "Startup Cost": 54906.34, "Total Cost": 148099.46, "Plan Rows": 1869, "Plan Width": 25, "Inner Unique": false, "Hash Cond": "(t.id = mc.movie_id)", "Plans": [{"Node Type": "Streaming(type: LOCAL GATHER dop: 1/64)", "Parent Relationship": "Outer", "Startup Cost": 0.0, "Total Cost": 84945.56, "Plan Rows": 1013492, "Plan Width": 21, "Plans": [{"Node Type": "Seq Scan", "Parent Relationship": "Outer", "Relation Name": "title", "Alias": "t", "Startup Cost": 0.0, "Total Cost": 64037.34, "Plan Rows": 1013492, "Plan Width": 21, "Filter": "(production_year > 2005), (LLVM Optimized)"}]}, {"Node Type": "Hash", "Parent Relationship": "Inner", "Startup Cost": 54887.09, "Total Cost": 54887.09, "Plan Rows": 1540, "Plan Width": 4, "Plans": [{"Node Type": "Hash Join", "Parent Relationship": "Outer", "Join Type": "Inner", "Startup Cost": 1.05, "Total Cost": 54887.09, "Plan Rows": 1540, "Plan Width": 4, "Inner Unique": true, "Hash Cond": "(mc.company_type_id = ct.id)", "Plans": [{"Node Type": "Seq Scan", "Parent Relationship": "Outer", "Relation Name": "movie_companies", "Alias": "mc", "Startup Cost": 0.0, "Total Cost": 54862.92, "Plan Rows": 3081, "Plan Width": 8, "Filter": "(((note)::text ~~ '%(theatrical)%'::text) AND ((note)::text ~~ '%(France)%'::text))"}, {"Node Type": "Hash", "Parent Relationship": "Inner", "Startup Cost": 1.04, "Total Cost": 1.04, "Plan Rows": 1, "Plan Width": 4, "Plans": [{"Node Type": "Seq Scan", "Parent Relationship": "Outer", "Relation Name": "company_type", "Alias": "ct", "Startup Cost": 0.0, "Total Cost": 1.04, "Plan Rows": 1, "Plan Width": 4, "Filter": "((kind)::text = 'production companies'::text)"}]}]}]}]}]}]}, {"Node Type": "Hash", "Parent Relationship": "Inner", "Startup Cost": 2.12, "Total Cost": 2.12, "Plan Rows": 112, "Plan Width": 4, "Plans": [{"Node Type": "Seq Scan", "Parent Relationship": "Outer", "Relation Name": "info_type", "Alias": "it", "Startup Cost": 0.0, "Total Cost": 2.12, "Plan Rows": 112, "Plan Width": 4}]}]}]}, "Unique SQL Id": 2510907716, "Planner Runtime": 15}, "explain_analyze_plan": {"Plan": {"Node Type": "Aggregate", "Strategy": "Plain", "Startup Cost": 221573.78, "Total Cost": 221573.79, "Plan Rows": 1, "Plan Width": 49, "Actual Min Startup Time": 1037.803, "Actual Max Startup Time": 1037.803, "Actual Min Total Time": 1037.804, "Actual Max Total Time": 1037.804, "Plans": [{"Node Type": "Hash Join", "Parent Relationship": "Outer", "Join Type": "Inner", "Startup Cost": 148126.34, "Total Cost": 221568.98, "Plan Rows": 1919, "Plan Width": 17, "Actual Min Startup Time": 1037.789, "Actual Max Startup Time": 1037.789, "Actual Min Total Time": 1037.789, "Actual Max Total Time": 1037.789, "Inner Unique": true, "Hash Cond": "(mi.info_type_id = it.id)", "Plans": [{"Node Type": "Hash Join", "Parent Relationship": "Outer", "Join Type": "Inner", "Startup Cost": 148122.82, "Total Cost": 221539.08, "Plan Rows": 1919, "Plan Width": 21, "Actual Min Startup Time": 1037.24, "Actual Max Startup Time": 1037.24, "Actual Min Total Time": 1037.24, "Actual Max Total Time": 1037.24, "Inner Unique": false, "Hash Cond": "(mi.movie_id = t.id)", "Plans": [{"Node Type": "Streaming(type: LOCAL GATHER dop: 1/64)", "Parent Relationship": "Outer", "Startup Cost": 0.0, "Total Cost": 72882.54, "Plan Rows": 141478, "Plan Width": 8, "Actual Startup Time": 0.0, "Actual Total Time": 0.0, "Plans": [{"Node Type": "Seq Scan", "Parent Relationship": "Outer", "Relation Name": "movie_info", "Alias": "mi", "Startup Cost": 0.0, "Total Cost": 69963.86, "Plan Rows": 141478, "Plan Width": 8, "Actual Min Startup Time": 0.038, "Actual Max Startup Time": 3.16, "Actual Min Total Time": 0.092, "Actual Max Total Time": 121.625, "Filter": "((info)::text = ANY ('{Sweden,Norway,Germany,Denmark,Swedish,Denish,Norwegian,German}'::text[]))", "Rows Removed by Filter": 2642135, "Actual Rows": 6429}]}, {"Node Type": "Hash", "Parent Relationship": "Inner", "Startup Cost": 148099.46, "Total Cost": 148099.46, "Plan Rows": 1869, "Plan Width": 25, "Actual Min Startup Time": 1036.926, "Actual Max Startup Time": 1036.926, "Actual Min Total Time": 1036.926, "Actual Max Total Time": 1036.926, "Max Hash Buckets": 32768, "Min Hash Buckets": 32768, "Max Hash Batches": 1, "Min Hash Batches": 1, "Max Original Hash Batches": 1, "Min Original Hash Batches": 1, "Max Peak Memory Usage": 0, "min Peak Memory Usage": 0, "Plans": [{"Node Type": "Hash Join", "Parent Relationship": "Outer", "Join Type": "Inner", "Startup Cost": 54906.34, "Total Cost": 148099.46, "Plan Rows": 1869, "Plan Width": 25, "Actual Min Startup Time": 1036.923, "Actual Max Startup Time": 1036.923, "Actual Min Total Time": 1036.923, "Actual Max Total Time": 1036.923, "Inner Unique": false, "Hash Cond": "(t.id = mc.movie_id)", "Plans": [{"Node Type": "Streaming(type: LOCAL GATHER dop: 1/64)", "Parent Relationship": "Outer", "Startup Cost": 0.0, "Total Cost": 84945.56, "Plan Rows": 1013492, "Plan Width": 21, "Actual Startup Time": 0.0, "Actual Total Time": 0.0, "Plans": [{"Node Type": "Seq Scan", "Parent Relationship": "Outer", "Relation Name": "title", "Alias": "t", "Startup Cost": 0.0, "Total Cost": 64037.34, "Plan Rows": 1013492, "Plan Width": 21, "Actual Min Startup Time": 0.026, "Actual Max Startup Time": 0.079, "Actual Min Total Time": 0.098, "Actual Max Total Time": 0.168, "Filter": "(production_year > 2005), (LLVM Optimized, Jit Execute)", "Rows Removed by Filter": 8012, "Actual Rows": 6464}]}, {"Node Type": "Hash", "Parent Relationship": "Inner", "Startup Cost": 54887.09, "Total Cost": 54887.09, "Plan Rows": 1540, "Plan Width": 4, "Actual Min Startup Time": 1036.59, "Actual Max Startup Time": 1036.59, "Actual Min Total Time": 1036.59, "Actual Max Total Time": 1036.59, "Max Hash Buckets": 32768, "Min Hash Buckets": 32768, "Max Hash Batches": 1, "Min Hash Batches": 1, "Max Original Hash Batches": 1, "Min Original Hash Batches": 1, "Max Peak Memory Usage": 0, "min Peak Memory Usage": 0, "Plans": [{"Node Type": "Hash Join", "Parent Relationship": "Outer", "Join Type": "Inner", "Startup Cost": 1.05, "Total Cost": 54887.09, "Plan Rows": 1540, "Plan Width": 4, "Actual Min Startup Time": 1036.587, "Actual Max Startup Time": 1036.587, "Actual Min Total Time": 1036.587, "Actual Max Total Time": 1036.587, "Inner Unique": true, "Hash Cond": "(mc.company_type_id = ct.id)", "Plans": [{"Node Type": "Seq Scan", "Parent Relationship": "Outer", "Relation Name": "movie_companies", "Alias": "mc", "Startup Cost": 0.0, "Total Cost": 54862.92, "Plan Rows": 3081, "Plan Width": 8, "Actual Min Startup Time": 9.034, "Actual Max Startup Time": 9.034, "Actual Min Total Time": 1032.068, "Actual Max Total Time": 1032.068, "Filter": "(((note)::text ~~ '%(theatrical)%'::text) AND ((note)::text ~~ '%(France)%'::text))", "Rows Removed by Filter": 2585103, "Actual Rows": 24025}, {"Node Type": "Hash", "Parent Relationship": "Inner", "Startup Cost": 1.04, "Total Cost": 1.04, "Plan Rows": 1, "Plan Width": 4, "Actual Min Startup Time": 0.026, "Actual Max Startup Time": 0.026, "Actual Min Total Time": 0.026, "Actual Max Total Time": 0.026, "Max Hash Buckets": 32768, "Min Hash Buckets": 32768, "Max Hash Batches": 1, "Min Hash Batches": 1, "Max Original Hash Batches": 1, "Min Original Hash Batches": 1, "Max Peak Memory Usage": 1, "min Peak Memory Usage": 1, "Plans": [{"Node Type": "Seq Scan", "Parent Relationship": "Outer", "Relation Name": "company_type", "Alias": "ct", "Startup Cost": 0.0, "Total Cost": 1.04, "Plan Rows": 1, "Plan Width": 4, "Actual Min Startup Time": 0.019, "Actual Max Startup Time": 0.019, "Actual Min Total Time": 0.021, "Actual Max Total Time": 0.021, "Filter": "((kind)::text = 'production companies'::text)", "Rows Removed by Filter": 2, "Actual Rows": 1}], "Actual Rows": 1}], "Actual Rows": 0}], "Actual Rows": 0}], "Actual Rows": 0}], "Actual Rows": 0}], "Actual Rows": 0}, {"Node Type": "Hash", "Parent Relationship": "Inner", "Startup Cost": 2.12, "Total Cost": 2.12, "Plan Rows": 112, "Plan Width": 4, "Actual Min Startup Time": 0.12, "Actual Max Startup Time": 0.12, "Actual Min Total Time": 0.12, "Actual Max Total Time": 0.12, "Max Hash Buckets": 32768, "Min Hash Buckets": 32768, "Max Hash Batches": 1, "Min Hash Batches": 1, "Max Original Hash Batches": 1, "Min Original Hash Batches": 1, "Max Peak Memory Usage": 4, "min Peak Memory Usage": 4, "Plans": [{"Node Type": "Seq Scan", "Parent Relationship": "Outer", "Relation Name": "info_type", "Alias": "it", "Startup Cost": 0.0, "Total Cost": 2.12, "Plan Rows": 112, "Plan Width": 4, "Actual Min Startup Time": 0.044, "Actual Max Startup Time": 0.044, "Actual Min Total Time": 0.072, "Actual Max Total Time": 0.072, "Actual Rows": 112}], "Actual Rows": 112}], "Actual Rows": 0}], "Actual Rows": 1}, "Triggers": [], "Planner Runtime": 15.547, "Total Runtime": 1072.829, "Unique SQL Id": 2510907716}}, "(64, '79')": {"explain_plan": {"Plan": {"Node Type": "Aggregate", "Strategy": "Plain", "Startup Cost": 4997608710974.25, "Total Cost": 4997608710974.26, "Plan Rows": 1, "Plan Width": 49, "Plans": [{"Node Type": "Hash Join", "Parent Relationship": "Outer", "Join Type": "Inner", "Startup Cost": 2030021492933.64, "Total Cost": 4997608710969.45, "Plan Rows": 1919, "Plan Width": 17, "Inner Unique": true, "Hash Cond": "(mi.info_type_id = it.id)", "Plans": [{"Node Type": "Hash Join", "Parent Relationship": "Outer", "Join Type": "Inner", "Startup Cost": 1030021491539.24, "Total Cost": 3997608709548.66, "Plan Rows": 1919, "Plan Width": 21, "Inner Unique": true, "Hash Cond": "(mc.company_type_id = ct.id)", "Plans": [{"Node Type": "Merge Join", "Parent Relationship": "Outer", "Join Type": "Inner", "Startup Cost": 30021490308.98, "Total Cost": 2997608708289.58, "Plan Rows": 3839, "Plan Width": 25, "Inner Unique": false, "Merge Cond": "(t.id = mi.movie_id)", "Plans": [{"Node Type": "Merge Join", "Parent Relationship": "Outer", "Join Type": "Inner", "Startup Cost": 20021490308.98, "Total Cost": 1999077499123.92, "Plan Rows": 3740, "Plan Width": 29, "Inner Unique": true, "Merge Cond": "(mc.movie_id = t.id)", "Plans": [{"Node Type": "Index Scan", "Parent Relationship": "Outer", "Scan Direction": "Forward", "Index Name": "movie_id_movie_companies", "Relation Name": "movie_companies", "Alias": "mc", "Startup Cost": 10000000000.0, "Total Cost": 1000014356510.13, "Plan Rows": 3081, "Plan Width": 8, "Filter": "(((note)::text ~~ '%(theatrical)%'::text) AND ((note)::text ~~ '%(France)%'::text))"}, {"Node Type": "Index Scan", "Parent Relationship": "Inner", "Scan Direction": "Forward", "Index Name": "title_pkey", "Relation Name": "title", "Alias": "t", "Startup Cost": 10000000000.0, "Total Cost": 1000011644126.66, "Plan Rows": 1013492, "Plan Width": 21, "Filter": "(production_year > 2005), (LLVM Optimized)"}]}, {"Node Type": "Index Scan", "Parent Relationship": "Inner", "Scan Direction": "Forward", "Index Name": "movie_id_movie_info", "Relation Name": "movie_info", "Alias": "mi", "Startup Cost": 10000000000.0, "Total Cost": 1000118686878.22, "Plan Rows": 141478, "Plan Width": 8, "Filter": "((info)::text = ANY ('{Sweden,Norway,Germany,Denmark,Swedish,Denish,Norwegian,German}'::text[]))"}]}, {"Node Type": "Hash", "Parent Relationship": "Inner", "Startup Cost": 1000000001230.25, "Total Cost": 1000000001230.25, "Plan Rows": 1, "Plan Width": 4, "Plans": [{"Node Type": "Index Scan", "Parent Relationship": "Outer", "Scan Direction": "Forward", "Index Name": "company_type_pkey", "Relation Name": "company_type", "Alias": "ct", "Startup Cost": 10000000000.0, "Total Cost": 1000000001230.25, "Plan Rows": 1, "Plan Width": 4, "Filter": "((kind)::text = 'production companies'::text)"}]}]}, {"Node Type": "Hash", "Parent Relationship": "Inner", "Startup Cost": 1000000001393.0, "Total Cost": 1000000001393.0, "Plan Rows": 112, "Plan Width": 4, "Plans": [{"Node Type": "Index Scan", "Parent Relationship": "Outer", "Scan Direction": "Forward", "Index Name": "info_type_pkey", "Relation Name": "info_type", "Alias": "it", "Startup Cost": 10000000000.0, "Total Cost": 1000000001393.0, "Plan Rows": 112, "Plan Width": 4}]}]}]}, "Unique SQL Id": 2510907716, "Planner Runtime": 16}, "explain_analyze_plan": null}, "(64, '80')": {"explain_plan": {"Plan": {"Node Type": "Aggregate", "Strategy": "Plain", "Startup Cost": 70184.24, "Total Cost": 70184.25, "Plan Rows": 1, "Plan Width": 49, "Plans": [{"Node Type": "Nested Loop", "Parent Relationship": "Outer", "Join Type": "Inner", "Startup Cost": 0.0, "Total Cost": 70179.44, "Plan Rows": 1919, "Plan Width": 17, "Inner Unique": true, "Plans": [{"Node Type": "Nested Loop", "Parent Relationship": "Outer", "Join Type": "Inner", "Startup Cost": 0.0, "Total Cost": 69642.02, "Plan Rows": 1919, "Plan Width": 21, "Inner Unique": false, "Plans": [{"Node Type": "Nested Loop", "Parent Relationship": "Outer", "Join Type": "Inner", "Startup Cost": 0.0, "Total Cost": 67362.72, "Plan Rows": 1869, "Plan Width": 25, "Inner Unique": true, "Plans": [{"Node Type": "Nested Loop", "Parent Relationship": "Outer", "Join Type": "Inner", "Startup Cost": 0.0, "Total Cost": 55745.3, "Plan Rows": 1540, "Plan Width": 4, "Inner Unique": true, "Plans": [{"Node Type": "Seq Scan", "Parent Relationship": "Outer", "Relation Name": "movie_companies", "Alias": "mc", "Startup Cost": 0.0, "Total Cost": 54862.92, "Plan Rows": 3081, "Plan Width": 8, "Filter": "(((note)::text ~~ '%(theatrical)%'::text) AND ((note)::text ~~ '%(France)%'::text))"}, {"Node Type": "Index Scan", "Parent Relationship": "Inner", "Scan Direction": "Forward", "Index Name": "company_type_pkey", "Relation Name": "company_type", "Alias": "ct", "Startup Cost": 0.0, "Total Cost": 0.28, "Plan Rows": 1, "Plan Width": 4, "Index Cond": "(id = mc.company_type_id)", "Filter": "((kind)::text = 'production companies'::text)"}]}, {"Node Type": "Index Scan", "Parent Relationship": "Inner", "Scan Direction": "Forward", "Index Name": "title_pkey", "Relation Name": "title", "Alias": "t", "Startup Cost": 0.0, "Total Cost": 7.53, "Plan Rows": 1, "Plan Width": 21, "Index Cond": "(id = mc.movie_id)", "Filter": "(production_year > 2005)"}]}, {"Node Type": "Index Scan", "Parent Relationship": "Inner", "Scan Direction": "Forward", "Index Name": "movie_id_movie_info", "Relation Name": "movie_info", "Alias": "mi", "Startup Cost": 0.0, "Total Cost": 1.21, "Plan Rows": 1, "Plan Width": 8, "Index Cond": "(movie_id = t.id)", "Filter": "((info)::text = ANY ('{Sweden,Norway,Germany,Denmark,Swedish,Denish,Norwegian,German}'::text[]))"}]}, {"Node Type": "Index Only Scan", "Parent Relationship": "Inner", "Scan Direction": "Forward", "Index Name": "info_type_pkey", "Relation Name": "info_type", "Alias": "it", "Startup Cost": 0.0, "Total Cost": 0.27, "Plan Rows": 1, "Plan Width": 4, "Index Cond": "(id = mi.info_type_id)"}]}]}, "Unique SQL Id": 2510907716, "Planner Runtime": 7}, "explain_analyze_plan": {"Plan": {"Node Type": "Aggregate", "Strategy": "Plain", "Startup Cost": 70184.24, "Total Cost": 70184.25, "Plan Rows": 1, "Plan Width": 49, "Actual Startup Time": 1069.018, "Actual Total Time": 1069.019, "Actual Rows": 1, "Actual Loops": 1, "Plans": [{"Node Type": "Nested Loop", "Parent Relationship": "Outer", "Join Type": "Inner", "Startup Cost": 0.0, "Total Cost": 70179.44, "Plan Rows": 1919, "Plan Width": 17, "Actual Startup Time": 1069.008, "Actual Total Time": 1069.008, "Actual Rows": 0, "Actual Loops": 1, "Inner Unique": true, "Plans": [{"Node Type": "Nested Loop", "Parent Relationship": "Outer", "Join Type": "Inner", "Startup Cost": 0.0, "Total Cost": 69642.02, "Plan Rows": 1919, "Plan Width": 21, "Actual Startup Time": 1069.007, "Actual Total Time": 1069.007, "Actual Rows": 0, "Actual Loops": 1, "Inner Unique": false, "Plans": [{"Node Type": "Nested Loop", "Parent Relationship": "Outer", "Join Type": "Inner", "Startup Cost": 0.0, "Total Cost": 67362.72, "Plan Rows": 1869, "Plan Width": 25, "Actual Startup Time": 1069.005, "Actual Total Time": 1069.005, "Actual Rows": 0, "Actual Loops": 1, "Inner Unique": true, "Plans": [{"Node Type": "Nested Loop", "Parent Relationship": "Outer", "Join Type": "Inner", "Startup Cost": 0.0, "Total Cost": 55745.3, "Plan Rows": 1540, "Plan Width": 4, "Actual Startup Time": 1069.004, "Actual Total Time": 1069.004, "Actual Rows": 0, "Actual Loops": 1, "Inner Unique": true, "Plans": [{"Node Type": "Seq Scan", "Parent Relationship": "Outer", "Relation Name": "movie_companies", "Alias": "mc", "Startup Cost": 0.0, "Total Cost": 54862.92, "Plan Rows": 3081, "Plan Width": 8, "Actual Startup Time": 8.925, "Actual Total Time": 1044.753, "Actual Rows": 24025, "Actual Loops": 1, "Filter": "(((note)::text ~~ '%(theatrical)%'::text) AND ((note)::text ~~ '%(France)%'::text))", "Rows Removed by Filter": 2585103}, {"Node Type": "Index Scan", "Parent Relationship": "Inner", "Scan Direction": "Forward", "Index Name": "company_type_pkey", "Relation Name": "company_type", "Alias": "ct", "Startup Cost": 0.0, "Total Cost": 0.28, "Plan Rows": 1, "Plan Width": 4, "Actual Startup Time": 13.22, "Actual Total Time": 13.22, "Actual Rows": 0, "Actual Loops": 24025, "Index Cond": "(id = mc.company_type_id)", "Rows Removed by Index Recheck": 0, "Filter": "((kind)::text = 'production companies'::text)", "Rows Removed by Filter": 0}]}, {"Node Type": "Index Scan", "Parent Relationship": "Inner", "Scan Direction": "Forward", "Index Name": "title_pkey", "Relation Name": "title", "Alias": "t", "Startup Cost": 0.0, "Total Cost": 7.53, "Plan Rows": 1, "Plan Width": 21, "Actual Startup Time": 0.0, "Actual Total Time": 0.0, "Index Cond": "(id = mc.movie_id)", "Rows Removed by Index Recheck": 0, "Filter": "(production_year > 2005)", "Rows Removed by Filter": 0}]}, {"Node Type": "Index Scan", "Parent Relationship": "Inner", "Scan Direction": "Forward", "Index Name": "movie_id_movie_info", "Relation Name": "movie_info", "Alias": "mi", "Startup Cost": 0.0, "Total Cost": 1.21, "Plan Rows": 1, "Plan Width": 8, "Actual Startup Time": 0.0, "Actual Total Time": 0.0, "Index Cond": "(movie_id = t.id)", "Rows Removed by Index Recheck": 0, "Filter": "((info)::text = ANY ('{Sweden,Norway,Germany,Denmark,Swedish,Denish,Norwegian,German}'::text[]))", "Rows Removed by Filter": 0}]}, {"Node Type": "Index Only Scan", "Parent Relationship": "Inner", "Scan Direction": "Forward", "Index Name": "info_type_pkey", "Relation Name": "info_type", "Alias": "it", "Startup Cost": 0.0, "Total Cost": 0.27, "Plan Rows": 1, "Plan Width": 4, "Actual Startup Time": 0.0, "Actual Total Time": 0.0, "Index Cond": "(id = mi.info_type_id)", "Rows Removed by Index Recheck": 0, "Heap Fetches": 0}]}]}, "Triggers": [], "Planner Runtime": 7.32, "Total Runtime": 1069.389, "Unique SQL Id": 2510907716}}, "(64, '81')": {"explain_plan": {"Plan": {"Node Type": "Aggregate", "Strategy": "Plain", "Startup Cost": 74106.99, "Total Cost": 74107.0, "Plan Rows": 1, "Plan Width": 49, "Plans": [{"Node Type": "Nested Loop", "Parent Relationship": "Outer", "Join Type": "Inner", "Startup Cost": 0.0, "Total Cost": 74102.19, "Plan Rows": 1919, "Plan Width": 17, "Inner Unique": true, "Plans": [{"Node Type": "Nested Loop", "Parent Relationship": "Outer", "Join Type": "Inner", "Startup Cost": 0.0, "Total Cost": 73564.77, "Plan Rows": 1919, "Plan Width": 21, "Inner Unique": false, "Plans": [{"Node Type": "Nested Loop", "Parent Relationship": "Outer", "Join Type": "Inner", "Startup Cost": 0.0, "Total Cost": 71285.47, "Plan Rows": 1869, "Plan Width": 25, "Inner Unique": true, "Plans": [{"Node Type": "Nested Loop", "Parent Relationship": "Outer", "Join Type": "Inner", "Startup Cost": 0.0, "Total Cost": 59668.05, "Plan Rows": 1540, "Plan Width": 4, "Inner Unique": false, "Plans": [{"Node Type": "Index Scan", "Parent Relationship": "Outer", "Scan Direction": "Forward", "Index Name": "company_type_pkey", "Relation Name": "company_type", "Alias": "ct", "Startup Cost": 0.0, "Total Cost": 12.3, "Plan Rows": 1, "Plan Width": 4, "Filter": "((kind)::text = 'production companies'::text)"}, {"Node Type": "Index Scan", "Parent Relationship": "Inner", "Scan Direction": "Forward", "Index Name": "company_type_id_movie_companies", "Relation Name": "movie_companies", "Alias": "mc", "Startup Cost": 0.0, "Total Cost": 59640.35, "Plan Rows": 1540, "Plan Width": 8, "Index Cond": "(company_type_id = ct.id)", "Filter": "(((note)::text ~~ '%(theatrical)%'::text) AND ((note)::text ~~ '%(France)%'::text))"}]}, {"Node Type": "Index Scan", "Parent Relationship": "Inner", "Scan Direction": "Forward", "Index Name": "title_pkey", "Relation Name": "title", "Alias": "t", "Startup Cost": 0.0, "Total Cost": 7.53, "Plan Rows": 1, "Plan Width": 21, "Index Cond": "(id = mc.movie_id)", "Filter": "(production_year > 2005)"}]}, {"Node Type": "Index Scan", "Parent Relationship": "Inner", "Scan Direction": "Forward", "Index Name": "movie_id_movie_info", "Relation Name": "movie_info", "Alias": "mi", "Startup Cost": 0.0, "Total Cost": 1.21, "Plan Rows": 1, "Plan Width": 8, "Index Cond": "(movie_id = t.id)", "Filter": "((info)::text = ANY ('{Sweden,Norway,Germany,Denmark,Swedish,Denish,Norwegian,German}'::text[]))"}]}, {"Node Type": "Index Only Scan", "Parent Relationship": "Inner", "Scan Direction": "Forward", "Index Name": "info_type_pkey", "Relation Name": "info_type", "Alias": "it", "Startup Cost": 0.0, "Total Cost": 0.27, "Plan Rows": 1, "Plan Width": 4, "Index Cond": "(id = mi.info_type_id)"}]}]}, "Unique SQL Id": 2510907716, "Planner Runtime": 7}, "explain_analyze_plan": {"Plan": {"Node Type": "Aggregate", "Strategy": "Plain", "Startup Cost": 74106.99, "Total Cost": 74107.0, "Plan Rows": 1, "Plan Width": 49, "Actual Startup Time": 629.666, "Actual Total Time": 629.667, "Actual Rows": 1, "Actual Loops": 1, "Plans": [{"Node Type": "Nested Loop", "Parent Relationship": "Outer", "Join Type": "Inner", "Startup Cost": 0.0, "Total Cost": 74102.19, "Plan Rows": 1919, "Plan Width": 17, "Actual Startup Time": 629.656, "Actual Total Time": 629.656, "Actual Rows": 0, "Actual Loops": 1, "Inner Unique": true, "Plans": [{"Node Type": "Nested Loop", "Parent Relationship": "Outer", "Join Type": "Inner", "Startup Cost": 0.0, "Total Cost": 73564.77, "Plan Rows": 1919, "Plan Width": 21, "Actual Startup Time": 629.655, "Actual Total Time": 629.655, "Actual Rows": 0, "Actual Loops": 1, "Inner Unique": false, "Plans": [{"Node Type": "Nested Loop", "Parent Relationship": "Outer", "Join Type": "Inner", "Startup Cost": 0.0, "Total Cost": 71285.47, "Plan Rows": 1869, "Plan Width": 25, "Actual Startup Time": 629.655, "Actual Total Time": 629.655, "Actual Rows": 0, "Actual Loops": 1, "Inner Unique": true, "Plans": [{"Node Type": "Nested Loop", "Parent Relationship": "Outer", "Join Type": "Inner", "Startup Cost": 0.0, "Total Cost": 59668.05, "Plan Rows": 1540, "Plan Width": 4, "Actual Startup Time": 629.654, "Actual Total Time": 629.654, "Actual Rows": 0, "Actual Loops": 1, "Inner Unique": false, "Plans": [{"Node Type": "Index Scan", "Parent Relationship": "Outer", "Scan Direction": "Forward", "Index Name": "company_type_pkey", "Relation Name": "company_type", "Alias": "ct", "Startup Cost": 0.0, "Total Cost": 12.3, "Plan Rows": 1, "Plan Width": 4, "Actual Startup Time": 0.022, "Actual Total Time": 0.03, "Actual Rows": 1, "Actual Loops": 1, "Filter": "((kind)::text = 'production companies'::text)", "Rows Removed by Filter": 2}, {"Node Type": "Index Scan", "Parent Relationship": "Inner", "Scan Direction": "Forward", "Index Name": "company_type_id_movie_companies", "Relation Name": "movie_companies", "Alias": "mc", "Startup Cost": 0.0, "Total Cost": 59640.35, "Plan Rows": 1540, "Plan Width": 8, "Actual Startup Time": 629.618, "Actual Total Time": 629.618, "Actual Rows": 0, "Actual Loops": 1, "Index Cond": "(company_type_id = ct.id)", "Rows Removed by Index Recheck": 0, "Filter": "(((note)::text ~~ '%(theatrical)%'::text) AND ((note)::text ~~ '%(France)%'::text))", "Rows Removed by Filter": 1334883}]}, {"Node Type": "Index Scan", "Parent Relationship": "Inner", "Scan Direction": "Forward", "Index Name": "title_pkey", "Relation Name": "title", "Alias": "t", "Startup Cost": 0.0, "Total Cost": 7.53, "Plan Rows": 1, "Plan Width": 21, "Actual Startup Time": 0.0, "Actual Total Time": 0.0, "Index Cond": "(id = mc.movie_id)", "Rows Removed by Index Recheck": 0, "Filter": "(production_year > 2005)", "Rows Removed by Filter": 0}]}, {"Node Type": "Index Scan", "Parent Relationship": "Inner", "Scan Direction": "Forward", "Index Name": "movie_id_movie_info", "Relation Name": "movie_info", "Alias": "mi", "Startup Cost": 0.0, "Total Cost": 1.21, "Plan Rows": 1, "Plan Width": 8, "Actual Startup Time": 0.0, "Actual Total Time": 0.0, "Index Cond": "(movie_id = t.id)", "Rows Removed by Index Recheck": 0, "Filter": "((info)::text = ANY ('{Sweden,Norway,Germany,Denmark,Swedish,Denish,Norwegian,German}'::text[]))", "Rows Removed by Filter": 0}]}, {"Node Type": "Index Only Scan", "Parent Relationship": "Inner", "Scan Direction": "Forward", "Index Name": "info_type_pkey", "Relation Name": "info_type", "Alias": "it", "Startup Cost": 0.0, "Total Cost": 0.27, "Plan Rows": 1, "Plan Width": 4, "Actual Startup Time": 0.0, "Actual Total Time": 0.0, "Index Cond": "(id = mi.info_type_id)", "Rows Removed by Index Recheck": 0, "Heap Fetches": 0}]}]}, "Triggers": [], "Planner Runtime": 8.174, "Total Runtime": 629.914, "Unique SQL Id": 2510907716}}, "(64, '82')": {"explain_plan": {"Plan": {"Node Type": "Aggregate", "Strategy": "Plain", "Startup Cost": 75757.66, "Total Cost": 75757.67, "Plan Rows": 1, "Plan Width": 49, "Plans": [{"Node Type": "Merge Join", "Parent Relationship": "Outer", "Join Type": "Inner", "Startup Cost": 75724.05, "Total Cost": 75752.86, "Plan Rows": 1919, "Plan Width": 17, "Inner Unique": false, "Merge Cond": "(it.id = mi.info_type_id)", "Plans": [{"Node Type": "Sort", "Parent Relationship": "Outer", "Startup Cost": 5.93, "Total Cost": 6.21, "Plan Rows": 112, "Plan Width": 4, "Sort Key": ["it.id"], "Plans": [{"Node Type": "Seq Scan", "Parent Relationship": "Outer", "Relation Name": "info_type", "Alias": "it", "Startup Cost": 0.0, "Total Cost": 2.12, "Plan Rows": 112, "Plan Width": 4}]}, {"Node Type": "Sort", "Parent Relationship": "Inner", "Startup Cost": 75717.59, "Total Cost": 75722.39, "Plan Rows": 1919, "Plan Width": 21, "Sort Key": ["mi.info_type_id"], "Plans": [{"Node Type": "Nested Loop", "Parent Relationship": "Outer", "Join Type": "Inner", "Startup Cost": 55054.24, "Total Cost": 75612.95, "Plan Rows": 1919, "Plan Width": 21, "Inner Unique": false, "Plans": [{"Node Type": "Nested Loop", "Parent Relationship": "Outer", "Join Type": "Inner", "Startup Cost": 55053.73, "Total Cost": 66951.03, "Plan Rows": 1869, "Plan Width": 25, "Inner Unique": true, "Plans": [{"Node Type": "Merge Join", "Parent Relationship": "Outer", "Join Type": "Inner", "Startup Cost": 55050.04, "Total Cost": 55073.31, "Plan Rows": 1540, "Plan Width": 4, "Inner Unique": false, "Merge Cond": "(ct.id = mc.company_type_id)", "Plans": [{"Node Type": "Sort", "Parent Relationship": "Outer", "Startup Cost": 1.05, "Total Cost": 1.05, "Plan Rows": 1, "Plan Width": 4, "Sort Key": ["ct.id"], "Plans": [{"Node Type": "Seq Scan", "Parent Relationship": "Outer", "Relation Name": "company_type", "Alias": "ct", "Startup Cost": 0.0, "Total Cost": 1.04, "Plan Rows": 1, "Plan Width": 4, "Filter": "((kind)::text = 'production companies'::text)"}]}, {"Node Type": "Sort", "Parent Relationship": "Inner", "Startup Cost": 55041.45, "Total Cost": 55049.15, "Plan Rows": 3081, "Plan Width": 8, "Sort Key": ["mc.company_type_id"], "Plans": [{"Node Type": "Seq Scan", "Parent Relationship": "Outer", "Relation Name": "movie_companies", "Alias": "mc", "Startup Cost": 0.0, "Total Cost": 54862.92, "Plan Rows": 3081, "Plan Width": 8, "Filter": "(((note)::text ~~ '%(theatrical)%'::text) AND ((note)::text ~~ '%(France)%'::text))"}]}]}, {"Node Type": "Bitmap Heap Scan", "Parent Relationship": "Inner", "Relation Name": "title", "Alias": "t", "Startup Cost": 3.69, "Total Cost": 7.7, "Plan Rows": 1, "Plan Width": 21, "Recheck Cond": "(id = mc.movie_id)", "Filter": "(production_year > 2005)", "Plans": [{"Node Type": "Bitmap Index Scan", "Parent Relationship": "Outer", "Index Name": "title_pkey", "Startup Cost": 0.0, "Total Cost": 3.69, "Plan Rows": 1, "Plan Width": 0, "Index Cond": "(id = mc.movie_id)"}]}]}, {"Node Type": "Bitmap Heap Scan", "Parent Relationship": "Inner", "Relation Name": "movie_info", "Alias": "mi", "Startup Cost": 0.51, "Total Cost": 4.62, "Plan Rows": 1, "Plan Width": 8, "Recheck Cond": "(movie_id = t.id)", "Filter": "((info)::text = ANY ('{Sweden,Norway,Germany,Denmark,Swedish,Denish,Norwegian,German}'::text[]))", "Plans": [{"Node Type": "Bitmap Index Scan", "Parent Relationship": "Outer", "Index Name": "movie_id_movie_info", "Startup Cost": 0.0, "Total Cost": 0.51, "Plan Rows": 5, "Plan Width": 0, "Index Cond": "(movie_id = t.id)"}]}]}]}]}]}, "Unique SQL Id": 2510907716, "Planner Runtime": 7}, "explain_analyze_plan": {"Plan": {"Node Type": "Aggregate", "Strategy": "Plain", "Startup Cost": 75757.66, "Total Cost": 75757.67, "Plan Rows": 1, "Plan Width": 49, "Actual Startup Time": 1064.229, "Actual Total Time": 1064.229, "Actual Rows": 1, "Actual Loops": 1, "Plans": [{"Node Type": "Merge Join", "Parent Relationship": "Outer", "Join Type": "Inner", "Startup Cost": 75724.05, "Total Cost": 75752.86, "Plan Rows": 1919, "Plan Width": 17, "Actual Startup Time": 1064.221, "Actual Total Time": 1064.221, "Actual Rows": 0, "Actual Loops": 1, "Inner Unique": false, "Merge Cond": "(it.id = mi.info_type_id)", "Plans": [{"Node Type": "Sort", "Parent Relationship": "Outer", "Startup Cost": 5.93, "Total Cost": 6.21, "Plan Rows": 112, "Plan Width": 4, "Actual Startup Time": 0.104, "Actual Total Time": 0.104, "Actual Rows": 1, "Actual Loops": 1, "Sort Key": ["it.id"], "Sort Method": "quicksort", "Sort Space Used": 32, "Sort Space Type": "Memory", "Plans": [{"Node Type": "Seq Scan", "Parent Relationship": "Outer", "Relation Name": "info_type", "Alias": "it", "Startup Cost": 0.0, "Total Cost": 2.12, "Plan Rows": 112, "Plan Width": 4, "Actual Startup Time": 0.039, "Actual Total Time": 0.058, "Actual Rows": 112, "Actual Loops": 1}]}, {"Node Type": "Sort", "Parent Relationship": "Inner", "Startup Cost": 75717.59, "Total Cost": 75722.39, "Plan Rows": 1919, "Plan Width": 21, "Actual Startup Time": 1064.101, "Actual Total Time": 1064.101, "Actual Rows": 0, "Actual Loops": 1, "Sort Key": ["mi.info_type_id"], "Sort Method": "quicksort", "Sort Space Used": 25, "Sort Space Type": "Memory", "Plans": [{"Node Type": "Nested Loop", "Parent Relationship": "Outer", "Join Type": "Inner", "Startup Cost": 55054.24, "Total Cost": 75612.95, "Plan Rows": 1919, "Plan Width": 21, "Actual Startup Time": 1064.095, "Actual Total Time": 1064.095, "Actual Rows": 0, "Actual Loops": 1, "Inner Unique": false, "Plans": [{"Node Type": "Nested Loop", "Parent Relationship": "Outer", "Join Type": "Inner", "Startup Cost": 55053.73, "Total Cost": 66951.03, "Plan Rows": 1869, "Plan Width": 25, "Actual Startup Time": 1064.093, "Actual Total Time": 1064.093, "Actual Rows": 0, "Actual Loops": 1, "Inner Unique": true, "Plans": [{"Node Type": "Merge Join", "Parent Relationship": "Outer", "Join Type": "Inner", "Startup Cost": 55050.04, "Total Cost": 55073.31, "Plan Rows": 1540, "Plan Width": 4, "Actual Startup Time": 1064.091, "Actual Total Time": 1064.091, "Actual Rows": 0, "Actual Loops": 1, "Inner Unique": false, "Merge Cond": "(ct.id = mc.company_type_id)", "Plans": [{"Node Type": "Sort", "Parent Relationship": "Outer", "Startup Cost": 1.05, "Total Cost": 1.05, "Plan Rows": 1, "Plan Width": 4, "Actual Startup Time": 0.019, "Actual Total Time": 0.019, "Actual Rows": 1, "Actual Loops": 1, "Sort Key": ["ct.id"], "Sort Method": "quicksort", "Sort Space Used": 25, "Sort Space Type": "Memory", "Plans": [{"Node Type": "Seq Scan", "Parent Relationship": "Outer", "Relation Name": "company_type", "Alias": "ct", "Startup Cost": 0.0, "Total Cost": 1.04, "Plan Rows": 1, "Plan Width": 4, "Actual Startup Time": 0.01, "Actual Total Time": 0.011, "Actual Rows": 1, "Actual Loops": 1, "Filter": "((kind)::text = 'production companies'::text)", "Rows Removed by Filter": 2}]}, {"Node Type": "Sort", "Parent Relationship": "Inner", "Startup Cost": 55041.45, "Total Cost": 55049.15, "Plan Rows": 3081, "Plan Width": 8, "Actual Startup Time": 1056.742, "Actual Total Time": 1060.595, "Actual Rows": 24025, "Actual Loops": 1, "Sort Key": ["mc.company_type_id"], "Sort Method": "quicksort", "Sort Space Used": 2270, "Sort Space Type": "Memory", "Plans": [{"Node Type": "Seq Scan", "Parent Relationship": "Outer", "Relation Name": "movie_companies", "Alias": "mc", "Startup Cost": 0.0, "Total Cost": 54862.92, "Plan Rows": 3081, "Plan Width": 8, "Actual Startup Time": 8.965, "Actual Total Time": 1050.107, "Actual Rows": 24025, "Actual Loops": 1, "Filter": "(((note)::text ~~ '%(theatrical)%'::text) AND ((note)::text ~~ '%(France)%'::text))", "Rows Removed by Filter": 2585103}]}]}, {"Node Type": "Bitmap Heap Scan", "Parent Relationship": "Inner", "Relation Name": "title", "Alias": "t", "Startup Cost": 3.69, "Total Cost": 7.7, "Plan Rows": 1, "Plan Width": 21, "Actual Startup Time": 0.0, "Actual Total Time": 0.0, "Recheck Cond": "(id = mc.movie_id)", "Rows Removed by Index Recheck": 0, "Filter": "(production_year > 2005)", "Rows Removed by Filter": 0, "Exact Heap Blocks": 0, "Lossy Heap Blocks": 0, "Plans": [{"Node Type": "Bitmap Index Scan", "Parent Relationship": "Outer", "Index Name": "title_pkey", "Startup Cost": 0.0, "Total Cost": 3.69, "Plan Rows": 1, "Plan Width": 0, "Actual Startup Time": 0.0, "Actual Total Time": 0.0, "Index Cond": "(id = mc.movie_id)"}]}]}, {"Node Type": "Bitmap Heap Scan", "Parent Relationship": "Inner", "Relation Name": "movie_info", "Alias": "mi", "Startup Cost": 0.51, "Total Cost": 4.62, "Plan Rows": 1, "Plan Width": 8, "Actual Startup Time": 0.0, "Actual Total Time": 0.0, "Recheck Cond": "(movie_id = t.id)", "Rows Removed by Index Recheck": 0, "Filter": "((info)::text = ANY ('{Sweden,Norway,Germany,Denmark,Swedish,Denish,Norwegian,German}'::text[]))", "Rows Removed by Filter": 0, "Exact Heap Blocks": 0, "Lossy Heap Blocks": 0, "Plans": [{"Node Type": "Bitmap Index Scan", "Parent Relationship": "Outer", "Index Name": "movie_id_movie_info", "Startup Cost": 0.0, "Total Cost": 0.51, "Plan Rows": 5, "Plan Width": 0, "Actual Startup Time": 0.0, "Actual Total Time": 0.0, "Index Cond": "(movie_id = t.id)"}]}]}]}]}]}, "Triggers": [], "Planner Runtime": 7.389, "Total Runtime": 1064.452, "Unique SQL Id": 2510907716}}, "(64, '83')": {"explain_plan": {"Plan": {"Node Type": "Aggregate", "Strategy": "Plain", "Startup Cost": 88224.62, "Total Cost": 88224.63, "Plan Rows": 1, "Plan Width": 49, "Plans": [{"Node Type": "Merge Join", "Parent Relationship": "Outer", "Join Type": "Inner", "Startup Cost": 88191.01, "Total Cost": 88219.83, "Plan Rows": 1919, "Plan Width": 17, "Inner Unique": false, "Merge Cond": "(it.id = mi.info_type_id)", "Plans": [{"Node Type": "Sort", "Parent Relationship": "Outer", "Startup Cost": 17.77, "Total Cost": 18.05, "Plan Rows": 112, "Plan Width": 4, "Sort Key": ["it.id"], "Plans": [{"Node Type": "Bitmap Heap Scan", "Parent Relationship": "Outer", "Relation Name": "info_type", "Alias": "it", "Startup Cost": 8.84, "Total Cost": 13.96, "Plan Rows": 112, "Plan Width": 4, "Plans": [{"Node Type": "Bitmap Index Scan", "Parent Relationship": "Outer", "Index Name": "info_type_pkey", "Startup Cost": 0.0, "Total Cost": 8.81, "Plan Rows": 112, "Plan Width": 0}]}]}, {"Node Type": "Sort", "Parent Relationship": "Inner", "Startup Cost": 88172.72, "Total Cost": 88177.52, "Plan Rows": 1919, "Plan Width": 21, "Sort Key": ["mi.info_type_id"], "Plans": [{"Node Type": "Nested Loop", "Parent Relationship": "Outer", "Join Type": "Inner", "Startup Cost": 28957.33, "Total Cost": 88068.08, "Plan Rows": 1919, "Plan Width": 21, "Inner Unique": false, "Plans": [{"Node Type": "Nested Loop", "Parent Relationship": "Outer", "Join Type": "Inner", "Startup Cost": 28956.82, "Total Cost": 79406.16, "Plan Rows": 1869, "Plan Width": 25, "Inner Unique": true, "Plans": [{"Node Type": "Nested Loop", "Parent Relationship": "Outer", "Join Type": "Inner", "Startup Cost": 28953.13, "Total Cost": 67528.44, "Plan Rows": 1540, "Plan Width": 4, "Inner Unique": false, "Plans": [{"Node Type": "Bitmap Heap Scan", "Parent Relationship": "Outer", "Relation Name": "company_type", "Alias": "ct", "Startup Cost": 8.27, "Total Cost": 12.3, "Plan Rows": 1, "Plan Width": 4, "Filter": "((kind)::text = 'production companies'::text)", "Plans": [{"Node Type": "Bitmap Index Scan", "Parent Relationship": "Outer", "Index Name": "company_type_pkey", "Startup Cost": 0.0, "Total Cost": 8.27, "Plan Rows": 3, "Plan Width": 0}]}, {"Node Type": "Bitmap Heap Scan", "Parent Relationship": "Inner", "Relation Name": "movie_companies", "Alias": "mc", "Startup Cost": 28944.86, "Total Cost": 67500.74, "Plan Rows": 1540, "Plan Width": 8, "Recheck Cond": "(company_type_id = ct.id)", "Filter": "(((note)::text ~~ '%(theatrical)%'::text) AND ((note)::text ~~ '%(France)%'::text))", "Plans": [{"Node Type": "Bitmap Index Scan", "Parent Relationship": "Outer", "Index Name": "company_type_id_movie_companies", "Startup Cost": 0.0, "Total Cost": 28944.48, "Plan Rows": 1304564, "Plan Width": 0, "Index Cond": "(company_type_id = ct.id)"}]}]}, {"Node Type": "Bitmap Heap Scan", "Parent Relationship": "Inner", "Relation Name": "title", "Alias": "t", "Startup Cost": 3.69, "Total Cost": 7.7, "Plan Rows": 1, "Plan Width": 21, "Recheck Cond": "(id = mc.movie_id)", "Filter": "(production_year > 2005)", "Plans": [{"Node Type": "Bitmap Index Scan", "Parent Relationship": "Outer", "Index Name": "title_pkey", "Startup Cost": 0.0, "Total Cost": 3.69, "Plan Rows": 1, "Plan Width": 0, "Index Cond": "(id = mc.movie_id)"}]}]}, {"Node Type": "Bitmap Heap Scan", "Parent Relationship": "Inner", "Relation Name": "movie_info", "Alias": "mi", "Startup Cost": 0.51, "Total Cost": 4.62, "Plan Rows": 1, "Plan Width": 8, "Recheck Cond": "(movie_id = t.id)", "Filter": "((info)::text = ANY ('{Sweden,Norway,Germany,Denmark,Swedish,Denish,Norwegian,German}'::text[]))", "Plans": [{"Node Type": "Bitmap Index Scan", "Parent Relationship": "Outer", "Index Name": "movie_id_movie_info", "Startup Cost": 0.0, "Total Cost": 0.51, "Plan Rows": 5, "Plan Width": 0, "Index Cond": "(movie_id = t.id)"}]}]}]}]}]}, "Unique SQL Id": 2510907716, "Planner Runtime": 7}, "explain_analyze_plan": {"Plan": {"Node Type": "Aggregate", "Strategy": "Plain", "Startup Cost": 88224.62, "Total Cost": 88224.63, "Plan Rows": 1, "Plan Width": 49, "Actual Startup Time": 644.743, "Actual Total Time": 644.744, "Actual Rows": 1, "Actual Loops": 1, "Plans": [{"Node Type": "Merge Join", "Parent Relationship": "Outer", "Join Type": "Inner", "Startup Cost": 88191.01, "Total Cost": 88219.83, "Plan Rows": 1919, "Plan Width": 17, "Actual Startup Time": 644.736, "Actual Total Time": 644.736, "Actual Rows": 0, "Actual Loops": 1, "Inner Unique": false, "Merge Cond": "(it.id = mi.info_type_id)", "Plans": [{"Node Type": "Sort", "Parent Relationship": "Outer", "Startup Cost": 17.77, "Total Cost": 18.05, "Plan Rows": 112, "Plan Width": 4, "Actual Startup Time": 0.101, "Actual Total Time": 0.101, "Actual Rows": 1, "Actual Loops": 1, "Sort Key": ["it.id"], "Sort Method": "quicksort", "Sort Space Used": 32, "Sort Space Type": "Memory", "Plans": [{"Node Type": "Bitmap Heap Scan", "Parent Relationship": "Outer", "Relation Name": "info_type", "Alias": "it", "Startup Cost": 8.84, "Total Cost": 13.96, "Plan Rows": 112, "Plan Width": 4, "Actual Startup Time": 0.046, "Actual Total Time": 0.063, "Actual Rows": 112, "Actual Loops": 1, "Exact Heap Blocks": 1, "Lossy Heap Blocks": 1, "Plans": [{"Node Type": "Bitmap Index Scan", "Parent Relationship": "Outer", "Index Name": "info_type_pkey", "Startup Cost": 0.0, "Total Cost": 8.81, "Plan Rows": 112, "Plan Width": 0, "Actual Startup Time": 0.013, "Actual Total Time": 0.013, "Actual Rows": 112, "Actual Loops": 1}]}]}, {"Node Type": "Sort", "Parent Relationship": "Inner", "Startup Cost": 88172.72, "Total Cost": 88177.52, "Plan Rows": 1919, "Plan Width": 21, "Actual Startup Time": 644.612, "Actual Total Time": 644.612, "Actual Rows": 0, "Actual Loops": 1, "Sort Key": ["mi.info_type_id"], "Sort Method": "quicksort", "Sort Space Used": 25, "Sort Space Type": "Memory", "Plans": [{"Node Type": "Nested Loop", "Parent Relationship": "Outer", "Join Type": "Inner", "Startup Cost": 28957.33, "Total Cost": 88068.08, "Plan Rows": 1919, "Plan Width": 21, "Actual Startup Time": 644.605, "Actual Total Time": 644.605, "Actual Rows": 0, "Actual Loops": 1, "Inner Unique": false, "Plans": [{"Node Type": "Nested Loop", "Parent Relationship": "Outer", "Join Type": "Inner", "Startup Cost": 28956.82, "Total Cost": 79406.16, "Plan Rows": 1869, "Plan Width": 25, "Actual Startup Time": 644.602, "Actual Total Time": 644.602, "Actual Rows": 0, "Actual Loops": 1, "Inner Unique": true, "Plans": [{"Node Type": "Nested Loop", "Parent Relationship": "Outer", "Join Type": "Inner", "Startup Cost": 28953.13, "Total Cost": 67528.44, "Plan Rows": 1540, "Plan Width": 4, "Actual Startup Time": 644.599, "Actual Total Time": 644.599, "Actual Rows": 0, "Actual Loops": 1, "Inner Unique": false, "Plans": [{"Node Type": "Bitmap Heap Scan", "Parent Relationship": "Outer", "Relation Name": "company_type", "Alias": "ct", "Startup Cost": 8.27, "Total Cost": 12.3, "Plan Rows": 1, "Plan Width": 4, "Actual Startup Time": 0.011, "Actual Total Time": 0.018, "Actual Rows": 1, "Actual Loops": 1, "Filter": "((kind)::text = 'production companies'::text)", "Rows Removed by Filter": 2, "Exact Heap Blocks": 1, "Lossy Heap Blocks": 1, "Plans": [{"Node Type": "Bitmap Index Scan", "Parent Relationship": "Outer", "Index Name": "company_type_pkey", "Startup Cost": 0.0, "Total Cost": 8.27, "Plan Rows": 3, "Plan Width": 0, "Actual Startup Time": 0.002, "Actual Total Time": 0.002, "Actual Rows": 3, "Actual Loops": 1}]}, {"Node Type": "Bitmap Heap Scan", "Parent Relationship": "Inner", "Relation Name": "movie_companies", "Alias": "mc", "Startup Cost": 28944.86, "Total Cost": 67500.74, "Plan Rows": 1540, "Plan Width": 8, "Actual Startup Time": 644.574, "Actual Total Time": 644.574, "Actual Rows": 0, "Actual Loops": 1, "Recheck Cond": "(company_type_id = ct.id)", "Rows Removed by Index Recheck": 0, "Filter": "(((note)::text ~~ '%(theatrical)%'::text) AND ((note)::text ~~ '%(France)%'::text))", "Rows Removed by Filter": 1334883, "Exact Heap Blocks": 6196, "Lossy Heap Blocks": 6196, "Plans": [{"Node Type": "Bitmap Index Scan", "Parent Relationship": "Outer", "Index Name": "company_type_id_movie_companies", "Startup Cost": 0.0, "Total Cost": 28944.48, "Plan Rows": 1304564, "Plan Width": 0, "Actual Startup Time": 157.272, "Actual Total Time": 157.272, "Actual Rows": 1334883, "Actual Loops": 1, "Index Cond": "(company_type_id = ct.id)"}]}]}, {"Node Type": "Bitmap Heap Scan", "Parent Relationship": "Inner", "Relation Name": "title", "Alias": "t", "Startup Cost": 3.69, "Total Cost": 7.7, "Plan Rows": 1, "Plan Width": 21, "Actual Startup Time": 0.0, "Actual Total Time": 0.0, "Recheck Cond": "(id = mc.movie_id)", "Rows Removed by Index Recheck": 0, "Filter": "(production_year > 2005)", "Rows Removed by Filter": 0, "Exact Heap Blocks": 0, "Lossy Heap Blocks": 0, "Plans": [{"Node Type": "Bitmap Index Scan", "Parent Relationship": "Outer", "Index Name": "title_pkey", "Startup Cost": 0.0, "Total Cost": 3.69, "Plan Rows": 1, "Plan Width": 0, "Actual Startup Time": 0.0, "Actual Total Time": 0.0, "Index Cond": "(id = mc.movie_id)"}]}]}, {"Node Type": "Bitmap Heap Scan", "Parent Relationship": "Inner", "Relation Name": "movie_info", "Alias": "mi", "Startup Cost": 0.51, "Total Cost": 4.62, "Plan Rows": 1, "Plan Width": 8, "Actual Startup Time": 0.0, "Actual Total Time": 0.0, "Recheck Cond": "(movie_id = t.id)", "Rows Removed by Index Recheck": 0, "Filter": "((info)::text = ANY ('{Sweden,Norway,Germany,Denmark,Swedish,Denish,Norwegian,German}'::text[]))", "Rows Removed by Filter": 0, "Exact Heap Blocks": 0, "Lossy Heap Blocks": 0, "Plans": [{"Node Type": "Bitmap Index Scan", "Parent Relationship": "Outer", "Index Name": "movie_id_movie_info", "Startup Cost": 0.0, "Total Cost": 0.51, "Plan Rows": 5, "Plan Width": 0, "Actual Startup Time": 0.0, "Actual Total Time": 0.0, "Index Cond": "(movie_id = t.id)"}]}]}]}]}]}, "Triggers": [], "Planner Runtime": 7.076, "Total Runtime": 645.051, "Unique SQL Id": 2510907716}}, "(64, '84')": {"explain_plan": {"Plan": {"Node Type": "Aggregate", "Strategy": "Plain", "Startup Cost": 70184.3, "Total Cost": 70184.31, "Plan Rows": 1, "Plan Width": 49, "Plans": [{"Node Type": "Nested Loop", "Parent Relationship": "Outer", "Join Type": "Inner", "Startup Cost": 0.0, "Total Cost": 70179.5, "Plan Rows": 1919, "Plan Width": 17, "Inner Unique": true, "Plans": [{"Node Type": "Nested Loop", "Parent Relationship": "Outer", "Join Type": "Inner", "Startup Cost": 0.0, "Total Cost": 69642.02, "Plan Rows": 1919, "Plan Width": 21, "Inner Unique": false, "Plans": [{"Node Type": "Nested Loop", "Parent Relationship": "Outer", "Join Type": "Inner", "Startup Cost": 0.0, "Total Cost": 67362.72, "Plan Rows": 1869, "Plan Width": 25, "Inner Unique": true, "Plans": [{"Node Type": "Nested Loop", "Parent Relationship": "Outer", "Join Type": "Inner", "Startup Cost": 0.0, "Total Cost": 55745.3, "Plan Rows": 1540, "Plan Width": 4, "Inner Unique": true, "Plans": [{"Node Type": "Seq Scan", "Parent Relationship": "Outer", "Relation Name": "movie_companies", "Alias": "mc", "Startup Cost": 0.0, "Total Cost": 54862.92, "Plan Rows": 3081, "Plan Width": 8, "Filter": "(((note)::text ~~ '%(theatrical)%'::text) AND ((note)::text ~~ '%(France)%'::text))"}, {"Node Type": "Index Scan", "Parent Relationship": "Inner", "Scan Direction": "Forward", "Index Name": "company_type_pkey", "Relation Name": "company_type", "Alias": "ct", "Startup Cost": 0.0, "Total Cost": 0.28, "Plan Rows": 1, "Plan Width": 4, "Index Cond": "(id = mc.company_type_id)", "Filter": "((kind)::text = 'production companies'::text)"}]}, {"Node Type": "Index Scan", "Parent Relationship": "Inner", "Scan Direction": "Forward", "Index Name": "title_pkey", "Relation Name": "title", "Alias": "t", "Startup Cost": 0.0, "Total Cost": 7.53, "Plan Rows": 1, "Plan Width": 21, "Index Cond": "(id = mc.movie_id)", "Filter": "(production_year > 2005)"}]}, {"Node Type": "Index Scan", "Parent Relationship": "Inner", "Scan Direction": "Forward", "Index Name": "movie_id_movie_info", "Relation Name": "movie_info", "Alias": "mi", "Startup Cost": 0.0, "Total Cost": 1.21, "Plan Rows": 1, "Plan Width": 8, "Index Cond": "(movie_id = t.id)", "Filter": "((info)::text = ANY ('{Sweden,Norway,Germany,Denmark,Swedish,Denish,Norwegian,German}'::text[]))"}]}, {"Node Type": "Index Scan", "Parent Relationship": "Inner", "Scan Direction": "Forward", "Index Name": "info_type_pkey", "Relation Name": "info_type", "Alias": "it", "Startup Cost": 0.0, "Total Cost": 0.27, "Plan Rows": 1, "Plan Width": 4, "Index Cond": "(id = mi.info_type_id)"}]}]}, "Unique SQL Id": 2510907716, "Planner Runtime": 7}, "explain_analyze_plan": {"Plan": {"Node Type": "Aggregate", "Strategy": "Plain", "Startup Cost": 70184.3, "Total Cost": 70184.31, "Plan Rows": 1, "Plan Width": 49, "Actual Startup Time": 1069.163, "Actual Total Time": 1069.164, "Actual Rows": 1, "Actual Loops": 1, "Plans": [{"Node Type": "Nested Loop", "Parent Relationship": "Outer", "Join Type": "Inner", "Startup Cost": 0.0, "Total Cost": 70179.5, "Plan Rows": 1919, "Plan Width": 17, "Actual Startup Time": 1069.155, "Actual Total Time": 1069.155, "Actual Rows": 0, "Actual Loops": 1, "Inner Unique": true, "Plans": [{"Node Type": "Nested Loop", "Parent Relationship": "Outer", "Join Type": "Inner", "Startup Cost": 0.0, "Total Cost": 69642.02, "Plan Rows": 1919, "Plan Width": 21, "Actual Startup Time": 1069.151, "Actual Total Time": 1069.151, "Actual Rows": 0, "Actual Loops": 1, "Inner Unique": false, "Plans": [{"Node Type": "Nested Loop", "Parent Relationship": "Outer", "Join Type": "Inner", "Startup Cost": 0.0, "Total Cost": 67362.72, "Plan Rows": 1869, "Plan Width": 25, "Actual Startup Time": 1069.15, "Actual Total Time": 1069.15, "Actual Rows": 0, "Actual Loops": 1, "Inner Unique": true, "Plans": [{"Node Type": "Nested Loop", "Parent Relationship": "Outer", "Join Type": "Inner", "Startup Cost": 0.0, "Total Cost": 55745.3, "Plan Rows": 1540, "Plan Width": 4, "Actual Startup Time": 1069.148, "Actual Total Time": 1069.148, "Actual Rows": 0, "Actual Loops": 1, "Inner Unique": true, "Plans": [{"Node Type": "Seq Scan", "Parent Relationship": "Outer", "Relation Name": "movie_companies", "Alias": "mc", "Startup Cost": 0.0, "Total Cost": 54862.92, "Plan Rows": 3081, "Plan Width": 8, "Actual Startup Time": 8.817, "Actual Total Time": 1042.897, "Actual Rows": 24025, "Actual Loops": 1, "Filter": "(((note)::text ~~ '%(theatrical)%'::text) AND ((note)::text ~~ '%(France)%'::text))", "Rows Removed by Filter": 2585103}, {"Node Type": "Index Scan", "Parent Relationship": "Inner", "Scan Direction": "Forward", "Index Name": "company_type_pkey", "Relation Name": "company_type", "Alias": "ct", "Startup Cost": 0.0, "Total Cost": 0.28, "Plan Rows": 1, "Plan Width": 4, "Actual Startup Time": 13.355, "Actual Total Time": 13.355, "Actual Rows": 0, "Actual Loops": 24025, "Index Cond": "(id = mc.company_type_id)", "Rows Removed by Index Recheck": 0, "Filter": "((kind)::text = 'production companies'::text)", "Rows Removed by Filter": 0}]}, {"Node Type": "Index Scan", "Parent Relationship": "Inner", "Scan Direction": "Forward", "Index Name": "title_pkey", "Relation Name": "title", "Alias": "t", "Startup Cost": 0.0, "Total Cost": 7.53, "Plan Rows": 1, "Plan Width": 21, "Actual Startup Time": 0.0, "Actual Total Time": 0.0, "Index Cond": "(id = mc.movie_id)", "Rows Removed by Index Recheck": 0, "Filter": "(production_year > 2005)", "Rows Removed by Filter": 0}]}, {"Node Type": "Index Scan", "Parent Relationship": "Inner", "Scan Direction": "Forward", "Index Name": "movie_id_movie_info", "Relation Name": "movie_info", "Alias": "mi", "Startup Cost": 0.0, "Total Cost": 1.21, "Plan Rows": 1, "Plan Width": 8, "Actual Startup Time": 0.0, "Actual Total Time": 0.0, "Index Cond": "(movie_id = t.id)", "Rows Removed by Index Recheck": 0, "Filter": "((info)::text = ANY ('{Sweden,Norway,Germany,Denmark,Swedish,Denish,Norwegian,German}'::text[]))", "Rows Removed by Filter": 0}]}, {"Node Type": "Index Scan", "Parent Relationship": "Inner", "Scan Direction": "Forward", "Index Name": "info_type_pkey", "Relation Name": "info_type", "Alias": "it", "Startup Cost": 0.0, "Total Cost": 0.27, "Plan Rows": 1, "Plan Width": 4, "Actual Startup Time": 0.0, "Actual Total Time": 0.0, "Index Cond": "(id = mi.info_type_id)", "Rows Removed by Index Recheck": 0}]}]}, "Triggers": [], "Planner Runtime": 7.488, "Total Runtime": 1069.455, "Unique SQL Id": 2510907716}}, "(64, '85')": {"explain_plan": {"Plan": {"Node Type": "Aggregate", "Strategy": "Plain", "Startup Cost": 74107.05, "Total Cost": 74107.06, "Plan Rows": 1, "Plan Width": 49, "Plans": [{"Node Type": "Nested Loop", "Parent Relationship": "Outer", "Join Type": "Inner", "Startup Cost": 0.0, "Total Cost": 74102.25, "Plan Rows": 1919, "Plan Width": 17, "Inner Unique": true, "Plans": [{"Node Type": "Nested Loop", "Parent Relationship": "Outer", "Join Type": "Inner", "Startup Cost": 0.0, "Total Cost": 73564.77, "Plan Rows": 1919, "Plan Width": 21, "Inner Unique": false, "Plans": [{"Node Type": "Nested Loop", "Parent Relationship": "Outer", "Join Type": "Inner", "Startup Cost": 0.0, "Total Cost": 71285.47, "Plan Rows": 1869, "Plan Width": 25, "Inner Unique": true, "Plans": [{"Node Type": "Nested Loop", "Parent Relationship": "Outer", "Join Type": "Inner", "Startup Cost": 0.0, "Total Cost": 59668.05, "Plan Rows": 1540, "Plan Width": 4, "Inner Unique": false, "Plans": [{"Node Type": "Index Scan", "Parent Relationship": "Outer", "Scan Direction": "Forward", "Index Name": "company_type_pkey", "Relation Name": "company_type", "Alias": "ct", "Startup Cost": 0.0, "Total Cost": 12.3, "Plan Rows": 1, "Plan Width": 4, "Filter": "((kind)::text = 'production companies'::text)"}, {"Node Type": "Index Scan", "Parent Relationship": "Inner", "Scan Direction": "Forward", "Index Name": "company_type_id_movie_companies", "Relation Name": "movie_companies", "Alias": "mc", "Startup Cost": 0.0, "Total Cost": 59640.35, "Plan Rows": 1540, "Plan Width": 8, "Index Cond": "(company_type_id = ct.id)", "Filter": "(((note)::text ~~ '%(theatrical)%'::text) AND ((note)::text ~~ '%(France)%'::text))"}]}, {"Node Type": "Index Scan", "Parent Relationship": "Inner", "Scan Direction": "Forward", "Index Name": "title_pkey", "Relation Name": "title", "Alias": "t", "Startup Cost": 0.0, "Total Cost": 7.53, "Plan Rows": 1, "Plan Width": 21, "Index Cond": "(id = mc.movie_id)", "Filter": "(production_year > 2005)"}]}, {"Node Type": "Index Scan", "Parent Relationship": "Inner", "Scan Direction": "Forward", "Index Name": "movie_id_movie_info", "Relation Name": "movie_info", "Alias": "mi", "Startup Cost": 0.0, "Total Cost": 1.21, "Plan Rows": 1, "Plan Width": 8, "Index Cond": "(movie_id = t.id)", "Filter": "((info)::text = ANY ('{Sweden,Norway,Germany,Denmark,Swedish,Denish,Norwegian,German}'::text[]))"}]}, {"Node Type": "Index Scan", "Parent Relationship": "Inner", "Scan Direction": "Forward", "Index Name": "info_type_pkey", "Relation Name": "info_type", "Alias": "it", "Startup Cost": 0.0, "Total Cost": 0.27, "Plan Rows": 1, "Plan Width": 4, "Index Cond": "(id = mi.info_type_id)"}]}]}, "Unique SQL Id": 2510907716, "Planner Runtime": 7}, "explain_analyze_plan": {"Plan": {"Node Type": "Aggregate", "Strategy": "Plain", "Startup Cost": 74107.05, "Total Cost": 74107.06, "Plan Rows": 1, "Plan Width": 49, "Actual Startup Time": 698.478, "Actual Total Time": 698.478, "Actual Rows": 1, "Actual Loops": 1, "Plans": [{"Node Type": "Nested Loop", "Parent Relationship": "Outer", "Join Type": "Inner", "Startup Cost": 0.0, "Total Cost": 74102.25, "Plan Rows": 1919, "Plan Width": 17, "Actual Startup Time": 698.471, "Actual Total Time": 698.471, "Actual Rows": 0, "Actual Loops": 1, "Inner Unique": true, "Plans": [{"Node Type": "Nested Loop", "Parent Relationship": "Outer", "Join Type": "Inner", "Startup Cost": 0.0, "Total Cost": 73564.77, "Plan Rows": 1919, "Plan Width": 21, "Actual Startup Time": 698.468, "Actual Total Time": 698.468, "Actual Rows": 0, "Actual Loops": 1, "Inner Unique": false, "Plans": [{"Node Type": "Nested Loop", "Parent Relationship": "Outer", "Join Type": "Inner", "Startup Cost": 0.0, "Total Cost": 71285.47, "Plan Rows": 1869, "Plan Width": 25, "Actual Startup Time": 698.467, "Actual Total Time": 698.467, "Actual Rows": 0, "Actual Loops": 1, "Inner Unique": true, "Plans": [{"Node Type": "Nested Loop", "Parent Relationship": "Outer", "Join Type": "Inner", "Startup Cost": 0.0, "Total Cost": 59668.05, "Plan Rows": 1540, "Plan Width": 4, "Actual Startup Time": 698.466, "Actual Total Time": 698.466, "Actual Rows": 0, "Actual Loops": 1, "Inner Unique": false, "Plans": [{"Node Type": "Index Scan", "Parent Relationship": "Outer", "Scan Direction": "Forward", "Index Name": "company_type_pkey", "Relation Name": "company_type", "Alias": "ct", "Startup Cost": 0.0, "Total Cost": 12.3, "Plan Rows": 1, "Plan Width": 4, "Actual Startup Time": 0.014, "Actual Total Time": 0.022, "Actual Rows": 1, "Actual Loops": 1, "Filter": "((kind)::text = 'production companies'::text)", "Rows Removed by Filter": 2}, {"Node Type": "Index Scan", "Parent Relationship": "Inner", "Scan Direction": "Forward", "Index Name": "company_type_id_movie_companies", "Relation Name": "movie_companies", "Alias": "mc", "Startup Cost": 0.0, "Total Cost": 59640.35, "Plan Rows": 1540, "Plan Width": 8, "Actual Startup Time": 698.437, "Actual Total Time": 698.437, "Actual Rows": 0, "Actual Loops": 1, "Index Cond": "(company_type_id = ct.id)", "Rows Removed by Index Recheck": 0, "Filter": "(((note)::text ~~ '%(theatrical)%'::text) AND ((note)::text ~~ '%(France)%'::text))", "Rows Removed by Filter": 1334883}]}, {"Node Type": "Index Scan", "Parent Relationship": "Inner", "Scan Direction": "Forward", "Index Name": "title_pkey", "Relation Name": "title", "Alias": "t", "Startup Cost": 0.0, "Total Cost": 7.53, "Plan Rows": 1, "Plan Width": 21, "Actual Startup Time": 0.0, "Actual Total Time": 0.0, "Index Cond": "(id = mc.movie_id)", "Rows Removed by Index Recheck": 0, "Filter": "(production_year > 2005)", "Rows Removed by Filter": 0}]}, {"Node Type": "Index Scan", "Parent Relationship": "Inner", "Scan Direction": "Forward", "Index Name": "movie_id_movie_info", "Relation Name": "movie_info", "Alias": "mi", "Startup Cost": 0.0, "Total Cost": 1.21, "Plan Rows": 1, "Plan Width": 8, "Actual Startup Time": 0.0, "Actual Total Time": 0.0, "Index Cond": "(movie_id = t.id)", "Rows Removed by Index Recheck": 0, "Filter": "((info)::text = ANY ('{Sweden,Norway,Germany,Denmark,Swedish,Denish,Norwegian,German}'::text[]))", "Rows Removed by Filter": 0}]}, {"Node Type": "Index Scan", "Parent Relationship": "Inner", "Scan Direction": "Forward", "Index Name": "info_type_pkey", "Relation Name": "info_type", "Alias": "it", "Startup Cost": 0.0, "Total Cost": 0.27, "Plan Rows": 1, "Plan Width": 4, "Actual Startup Time": 0.0, "Actual Total Time": 0.0, "Index Cond": "(id = mi.info_type_id)", "Rows Removed by Index Recheck": 0}]}]}, "Triggers": [], "Planner Runtime": 8.158, "Total Runtime": 698.747, "Unique SQL Id": 2510907716}}, "(64, '86')": {"explain_plan": {"Plan": {"Node Type": "Aggregate", "Strategy": "Plain", "Startup Cost": 75757.66, "Total Cost": 75757.67, "Plan Rows": 1, "Plan Width": 49, "Plans": [{"Node Type": "Merge Join", "Parent Relationship": "Outer", "Join Type": "Inner", "Startup Cost": 75724.05, "Total Cost": 75752.86, "Plan Rows": 1919, "Plan Width": 17, "Inner Unique": false, "Merge Cond": "(it.id = mi.info_type_id)", "Plans": [{"Node Type": "Sort", "Parent Relationship": "Outer", "Startup Cost": 5.93, "Total Cost": 6.21, "Plan Rows": 112, "Plan Width": 4, "Sort Key": ["it.id"], "Plans": [{"Node Type": "Seq Scan", "Parent Relationship": "Outer", "Relation Name": "info_type", "Alias": "it", "Startup Cost": 0.0, "Total Cost": 2.12, "Plan Rows": 112, "Plan Width": 4}]}, {"Node Type": "Sort", "Parent Relationship": "Inner", "Startup Cost": 75717.59, "Total Cost": 75722.39, "Plan Rows": 1919, "Plan Width": 21, "Sort Key": ["mi.info_type_id"], "Plans": [{"Node Type": "Nested Loop", "Parent Relationship": "Outer", "Join Type": "Inner", "Startup Cost": 55054.24, "Total Cost": 75612.95, "Plan Rows": 1919, "Plan Width": 21, "Inner Unique": false, "Plans": [{"Node Type": "Nested Loop", "Parent Relationship": "Outer", "Join Type": "Inner", "Startup Cost": 55053.73, "Total Cost": 66951.03, "Plan Rows": 1869, "Plan Width": 25, "Inner Unique": true, "Plans": [{"Node Type": "Merge Join", "Parent Relationship": "Outer", "Join Type": "Inner", "Startup Cost": 55050.04, "Total Cost": 55073.31, "Plan Rows": 1540, "Plan Width": 4, "Inner Unique": false, "Merge Cond": "(ct.id = mc.company_type_id)", "Plans": [{"Node Type": "Sort", "Parent Relationship": "Outer", "Startup Cost": 1.05, "Total Cost": 1.05, "Plan Rows": 1, "Plan Width": 4, "Sort Key": ["ct.id"], "Plans": [{"Node Type": "Seq Scan", "Parent Relationship": "Outer", "Relation Name": "company_type", "Alias": "ct", "Startup Cost": 0.0, "Total Cost": 1.04, "Plan Rows": 1, "Plan Width": 4, "Filter": "((kind)::text = 'production companies'::text)"}]}, {"Node Type": "Sort", "Parent Relationship": "Inner", "Startup Cost": 55041.45, "Total Cost": 55049.15, "Plan Rows": 3081, "Plan Width": 8, "Sort Key": ["mc.company_type_id"], "Plans": [{"Node Type": "Seq Scan", "Parent Relationship": "Outer", "Relation Name": "movie_companies", "Alias": "mc", "Startup Cost": 0.0, "Total Cost": 54862.92, "Plan Rows": 3081, "Plan Width": 8, "Filter": "(((note)::text ~~ '%(theatrical)%'::text) AND ((note)::text ~~ '%(France)%'::text))"}]}]}, {"Node Type": "Bitmap Heap Scan", "Parent Relationship": "Inner", "Relation Name": "title", "Alias": "t", "Startup Cost": 3.69, "Total Cost": 7.7, "Plan Rows": 1, "Plan Width": 21, "Recheck Cond": "(id = mc.movie_id)", "Filter": "(production_year > 2005)", "Plans": [{"Node Type": "Bitmap Index Scan", "Parent Relationship": "Outer", "Index Name": "title_pkey", "Startup Cost": 0.0, "Total Cost": 3.69, "Plan Rows": 1, "Plan Width": 0, "Index Cond": "(id = mc.movie_id)"}]}]}, {"Node Type": "Bitmap Heap Scan", "Parent Relationship": "Inner", "Relation Name": "movie_info", "Alias": "mi", "Startup Cost": 0.51, "Total Cost": 4.62, "Plan Rows": 1, "Plan Width": 8, "Recheck Cond": "(movie_id = t.id)", "Filter": "((info)::text = ANY ('{Sweden,Norway,Germany,Denmark,Swedish,Denish,Norwegian,German}'::text[]))", "Plans": [{"Node Type": "Bitmap Index Scan", "Parent Relationship": "Outer", "Index Name": "movie_id_movie_info", "Startup Cost": 0.0, "Total Cost": 0.51, "Plan Rows": 5, "Plan Width": 0, "Index Cond": "(movie_id = t.id)"}]}]}]}]}]}, "Unique SQL Id": 2510907716, "Planner Runtime": 7}, "explain_analyze_plan": {"Plan": {"Node Type": "Aggregate", "Strategy": "Plain", "Startup Cost": 75757.66, "Total Cost": 75757.67, "Plan Rows": 1, "Plan Width": 49, "Actual Startup Time": 1064.229, "Actual Total Time": 1064.229, "Actual Rows": 1, "Actual Loops": 1, "Plans": [{"Node Type": "Merge Join", "Parent Relationship": "Outer", "Join Type": "Inner", "Startup Cost": 75724.05, "Total Cost": 75752.86, "Plan Rows": 1919, "Plan Width": 17, "Actual Startup Time": 1064.221, "Actual Total Time": 1064.221, "Actual Rows": 0, "Actual Loops": 1, "Inner Unique": false, "Merge Cond": "(it.id = mi.info_type_id)", "Plans": [{"Node Type": "Sort", "Parent Relationship": "Outer", "Startup Cost": 5.93, "Total Cost": 6.21, "Plan Rows": 112, "Plan Width": 4, "Actual Startup Time": 0.104, "Actual Total Time": 0.104, "Actual Rows": 1, "Actual Loops": 1, "Sort Key": ["it.id"], "Sort Method": "quicksort", "Sort Space Used": 32, "Sort Space Type": "Memory", "Plans": [{"Node Type": "Seq Scan", "Parent Relationship": "Outer", "Relation Name": "info_type", "Alias": "it", "Startup Cost": 0.0, "Total Cost": 2.12, "Plan Rows": 112, "Plan Width": 4, "Actual Startup Time": 0.039, "Actual Total Time": 0.058, "Actual Rows": 112, "Actual Loops": 1}]}, {"Node Type": "Sort", "Parent Relationship": "Inner", "Startup Cost": 75717.59, "Total Cost": 75722.39, "Plan Rows": 1919, "Plan Width": 21, "Actual Startup Time": 1064.101, "Actual Total Time": 1064.101, "Actual Rows": 0, "Actual Loops": 1, "Sort Key": ["mi.info_type_id"], "Sort Method": "quicksort", "Sort Space Used": 25, "Sort Space Type": "Memory", "Plans": [{"Node Type": "Nested Loop", "Parent Relationship": "Outer", "Join Type": "Inner", "Startup Cost": 55054.24, "Total Cost": 75612.95, "Plan Rows": 1919, "Plan Width": 21, "Actual Startup Time": 1064.095, "Actual Total Time": 1064.095, "Actual Rows": 0, "Actual Loops": 1, "Inner Unique": false, "Plans": [{"Node Type": "Nested Loop", "Parent Relationship": "Outer", "Join Type": "Inner", "Startup Cost": 55053.73, "Total Cost": 66951.03, "Plan Rows": 1869, "Plan Width": 25, "Actual Startup Time": 1064.093, "Actual Total Time": 1064.093, "Actual Rows": 0, "Actual Loops": 1, "Inner Unique": true, "Plans": [{"Node Type": "Merge Join", "Parent Relationship": "Outer", "Join Type": "Inner", "Startup Cost": 55050.04, "Total Cost": 55073.31, "Plan Rows": 1540, "Plan Width": 4, "Actual Startup Time": 1064.091, "Actual Total Time": 1064.091, "Actual Rows": 0, "Actual Loops": 1, "Inner Unique": false, "Merge Cond": "(ct.id = mc.company_type_id)", "Plans": [{"Node Type": "Sort", "Parent Relationship": "Outer", "Startup Cost": 1.05, "Total Cost": 1.05, "Plan Rows": 1, "Plan Width": 4, "Actual Startup Time": 0.019, "Actual Total Time": 0.019, "Actual Rows": 1, "Actual Loops": 1, "Sort Key": ["ct.id"], "Sort Method": "quicksort", "Sort Space Used": 25, "Sort Space Type": "Memory", "Plans": [{"Node Type": "Seq Scan", "Parent Relationship": "Outer", "Relation Name": "company_type", "Alias": "ct", "Startup Cost": 0.0, "Total Cost": 1.04, "Plan Rows": 1, "Plan Width": 4, "Actual Startup Time": 0.01, "Actual Total Time": 0.011, "Actual Rows": 1, "Actual Loops": 1, "Filter": "((kind)::text = 'production companies'::text)", "Rows Removed by Filter": 2}]}, {"Node Type": "Sort", "Parent Relationship": "Inner", "Startup Cost": 55041.45, "Total Cost": 55049.15, "Plan Rows": 3081, "Plan Width": 8, "Actual Startup Time": 1056.742, "Actual Total Time": 1060.595, "Actual Rows": 24025, "Actual Loops": 1, "Sort Key": ["mc.company_type_id"], "Sort Method": "quicksort", "Sort Space Used": 2270, "Sort Space Type": "Memory", "Plans": [{"Node Type": "Seq Scan", "Parent Relationship": "Outer", "Relation Name": "movie_companies", "Alias": "mc", "Startup Cost": 0.0, "Total Cost": 54862.92, "Plan Rows": 3081, "Plan Width": 8, "Actual Startup Time": 8.965, "Actual Total Time": 1050.107, "Actual Rows": 24025, "Actual Loops": 1, "Filter": "(((note)::text ~~ '%(theatrical)%'::text) AND ((note)::text ~~ '%(France)%'::text))", "Rows Removed by Filter": 2585103}]}]}, {"Node Type": "Bitmap Heap Scan", "Parent Relationship": "Inner", "Relation Name": "title", "Alias": "t", "Startup Cost": 3.69, "Total Cost": 7.7, "Plan Rows": 1, "Plan Width": 21, "Actual Startup Time": 0.0, "Actual Total Time": 0.0, "Recheck Cond": "(id = mc.movie_id)", "Rows Removed by Index Recheck": 0, "Filter": "(production_year > 2005)", "Rows Removed by Filter": 0, "Exact Heap Blocks": 0, "Lossy Heap Blocks": 0, "Plans": [{"Node Type": "Bitmap Index Scan", "Parent Relationship": "Outer", "Index Name": "title_pkey", "Startup Cost": 0.0, "Total Cost": 3.69, "Plan Rows": 1, "Plan Width": 0, "Actual Startup Time": 0.0, "Actual Total Time": 0.0, "Index Cond": "(id = mc.movie_id)"}]}]}, {"Node Type": "Bitmap Heap Scan", "Parent Relationship": "Inner", "Relation Name": "movie_info", "Alias": "mi", "Startup Cost": 0.51, "Total Cost": 4.62, "Plan Rows": 1, "Plan Width": 8, "Actual Startup Time": 0.0, "Actual Total Time": 0.0, "Recheck Cond": "(movie_id = t.id)", "Rows Removed by Index Recheck": 0, "Filter": "((info)::text = ANY ('{Sweden,Norway,Germany,Denmark,Swedish,Denish,Norwegian,German}'::text[]))", "Rows Removed by Filter": 0, "Exact Heap Blocks": 0, "Lossy Heap Blocks": 0, "Plans": [{"Node Type": "Bitmap Index Scan", "Parent Relationship": "Outer", "Index Name": "movie_id_movie_info", "Startup Cost": 0.0, "Total Cost": 0.51, "Plan Rows": 5, "Plan Width": 0, "Actual Startup Time": 0.0, "Actual Total Time": 0.0, "Index Cond": "(movie_id = t.id)"}]}]}]}]}]}, "Triggers": [], "Planner Runtime": 7.389, "Total Runtime": 1064.452, "Unique SQL Id": 2510907716}}, "(64, '87')": {"explain_plan": {"Plan": {"Node Type": "Aggregate", "Strategy": "Plain", "Startup Cost": 88224.62, "Total Cost": 88224.63, "Plan Rows": 1, "Plan Width": 49, "Plans": [{"Node Type": "Merge Join", "Parent Relationship": "Outer", "Join Type": "Inner", "Startup Cost": 88191.01, "Total Cost": 88219.83, "Plan Rows": 1919, "Plan Width": 17, "Inner Unique": false, "Merge Cond": "(it.id = mi.info_type_id)", "Plans": [{"Node Type": "Sort", "Parent Relationship": "Outer", "Startup Cost": 17.77, "Total Cost": 18.05, "Plan Rows": 112, "Plan Width": 4, "Sort Key": ["it.id"], "Plans": [{"Node Type": "Bitmap Heap Scan", "Parent Relationship": "Outer", "Relation Name": "info_type", "Alias": "it", "Startup Cost": 8.84, "Total Cost": 13.96, "Plan Rows": 112, "Plan Width": 4, "Plans": [{"Node Type": "Bitmap Index Scan", "Parent Relationship": "Outer", "Index Name": "info_type_pkey", "Startup Cost": 0.0, "Total Cost": 8.81, "Plan Rows": 112, "Plan Width": 0}]}]}, {"Node Type": "Sort", "Parent Relationship": "Inner", "Startup Cost": 88172.72, "Total Cost": 88177.52, "Plan Rows": 1919, "Plan Width": 21, "Sort Key": ["mi.info_type_id"], "Plans": [{"Node Type": "Nested Loop", "Parent Relationship": "Outer", "Join Type": "Inner", "Startup Cost": 28957.33, "Total Cost": 88068.08, "Plan Rows": 1919, "Plan Width": 21, "Inner Unique": false, "Plans": [{"Node Type": "Nested Loop", "Parent Relationship": "Outer", "Join Type": "Inner", "Startup Cost": 28956.82, "Total Cost": 79406.16, "Plan Rows": 1869, "Plan Width": 25, "Inner Unique": true, "Plans": [{"Node Type": "Nested Loop", "Parent Relationship": "Outer", "Join Type": "Inner", "Startup Cost": 28953.13, "Total Cost": 67528.44, "Plan Rows": 1540, "Plan Width": 4, "Inner Unique": false, "Plans": [{"Node Type": "Bitmap Heap Scan", "Parent Relationship": "Outer", "Relation Name": "company_type", "Alias": "ct", "Startup Cost": 8.27, "Total Cost": 12.3, "Plan Rows": 1, "Plan Width": 4, "Filter": "((kind)::text = 'production companies'::text)", "Plans": [{"Node Type": "Bitmap Index Scan", "Parent Relationship": "Outer", "Index Name": "company_type_pkey", "Startup Cost": 0.0, "Total Cost": 8.27, "Plan Rows": 3, "Plan Width": 0}]}, {"Node Type": "Bitmap Heap Scan", "Parent Relationship": "Inner", "Relation Name": "movie_companies", "Alias": "mc", "Startup Cost": 28944.86, "Total Cost": 67500.74, "Plan Rows": 1540, "Plan Width": 8, "Recheck Cond": "(company_type_id = ct.id)", "Filter": "(((note)::text ~~ '%(theatrical)%'::text) AND ((note)::text ~~ '%(France)%'::text))", "Plans": [{"Node Type": "Bitmap Index Scan", "Parent Relationship": "Outer", "Index Name": "company_type_id_movie_companies", "Startup Cost": 0.0, "Total Cost": 28944.48, "Plan Rows": 1304564, "Plan Width": 0, "Index Cond": "(company_type_id = ct.id)"}]}]}, {"Node Type": "Bitmap Heap Scan", "Parent Relationship": "Inner", "Relation Name": "title", "Alias": "t", "Startup Cost": 3.69, "Total Cost": 7.7, "Plan Rows": 1, "Plan Width": 21, "Recheck Cond": "(id = mc.movie_id)", "Filter": "(production_year > 2005)", "Plans": [{"Node Type": "Bitmap Index Scan", "Parent Relationship": "Outer", "Index Name": "title_pkey", "Startup Cost": 0.0, "Total Cost": 3.69, "Plan Rows": 1, "Plan Width": 0, "Index Cond": "(id = mc.movie_id)"}]}]}, {"Node Type": "Bitmap Heap Scan", "Parent Relationship": "Inner", "Relation Name": "movie_info", "Alias": "mi", "Startup Cost": 0.51, "Total Cost": 4.62, "Plan Rows": 1, "Plan Width": 8, "Recheck Cond": "(movie_id = t.id)", "Filter": "((info)::text = ANY ('{Sweden,Norway,Germany,Denmark,Swedish,Denish,Norwegian,German}'::text[]))", "Plans": [{"Node Type": "Bitmap Index Scan", "Parent Relationship": "Outer", "Index Name": "movie_id_movie_info", "Startup Cost": 0.0, "Total Cost": 0.51, "Plan Rows": 5, "Plan Width": 0, "Index Cond": "(movie_id = t.id)"}]}]}]}]}]}, "Unique SQL Id": 2510907716, "Planner Runtime": 7}, "explain_analyze_plan": {"Plan": {"Node Type": "Aggregate", "Strategy": "Plain", "Startup Cost": 88224.62, "Total Cost": 88224.63, "Plan Rows": 1, "Plan Width": 49, "Actual Startup Time": 644.743, "Actual Total Time": 644.744, "Actual Rows": 1, "Actual Loops": 1, "Plans": [{"Node Type": "Merge Join", "Parent Relationship": "Outer", "Join Type": "Inner", "Startup Cost": 88191.01, "Total Cost": 88219.83, "Plan Rows": 1919, "Plan Width": 17, "Actual Startup Time": 644.736, "Actual Total Time": 644.736, "Actual Rows": 0, "Actual Loops": 1, "Inner Unique": false, "Merge Cond": "(it.id = mi.info_type_id)", "Plans": [{"Node Type": "Sort", "Parent Relationship": "Outer", "Startup Cost": 17.77, "Total Cost": 18.05, "Plan Rows": 112, "Plan Width": 4, "Actual Startup Time": 0.101, "Actual Total Time": 0.101, "Actual Rows": 1, "Actual Loops": 1, "Sort Key": ["it.id"], "Sort Method": "quicksort", "Sort Space Used": 32, "Sort Space Type": "Memory", "Plans": [{"Node Type": "Bitmap Heap Scan", "Parent Relationship": "Outer", "Relation Name": "info_type", "Alias": "it", "Startup Cost": 8.84, "Total Cost": 13.96, "Plan Rows": 112, "Plan Width": 4, "Actual Startup Time": 0.046, "Actual Total Time": 0.063, "Actual Rows": 112, "Actual Loops": 1, "Exact Heap Blocks": 1, "Lossy Heap Blocks": 1, "Plans": [{"Node Type": "Bitmap Index Scan", "Parent Relationship": "Outer", "Index Name": "info_type_pkey", "Startup Cost": 0.0, "Total Cost": 8.81, "Plan Rows": 112, "Plan Width": 0, "Actual Startup Time": 0.013, "Actual Total Time": 0.013, "Actual Rows": 112, "Actual Loops": 1}]}]}, {"Node Type": "Sort", "Parent Relationship": "Inner", "Startup Cost": 88172.72, "Total Cost": 88177.52, "Plan Rows": 1919, "Plan Width": 21, "Actual Startup Time": 644.612, "Actual Total Time": 644.612, "Actual Rows": 0, "Actual Loops": 1, "Sort Key": ["mi.info_type_id"], "Sort Method": "quicksort", "Sort Space Used": 25, "Sort Space Type": "Memory", "Plans": [{"Node Type": "Nested Loop", "Parent Relationship": "Outer", "Join Type": "Inner", "Startup Cost": 28957.33, "Total Cost": 88068.08, "Plan Rows": 1919, "Plan Width": 21, "Actual Startup Time": 644.605, "Actual Total Time": 644.605, "Actual Rows": 0, "Actual Loops": 1, "Inner Unique": false, "Plans": [{"Node Type": "Nested Loop", "Parent Relationship": "Outer", "Join Type": "Inner", "Startup Cost": 28956.82, "Total Cost": 79406.16, "Plan Rows": 1869, "Plan Width": 25, "Actual Startup Time": 644.602, "Actual Total Time": 644.602, "Actual Rows": 0, "Actual Loops": 1, "Inner Unique": true, "Plans": [{"Node Type": "Nested Loop", "Parent Relationship": "Outer", "Join Type": "Inner", "Startup Cost": 28953.13, "Total Cost": 67528.44, "Plan Rows": 1540, "Plan Width": 4, "Actual Startup Time": 644.599, "Actual Total Time": 644.599, "Actual Rows": 0, "Actual Loops": 1, "Inner Unique": false, "Plans": [{"Node Type": "Bitmap Heap Scan", "Parent Relationship": "Outer", "Relation Name": "company_type", "Alias": "ct", "Startup Cost": 8.27, "Total Cost": 12.3, "Plan Rows": 1, "Plan Width": 4, "Actual Startup Time": 0.011, "Actual Total Time": 0.018, "Actual Rows": 1, "Actual Loops": 1, "Filter": "((kind)::text = 'production companies'::text)", "Rows Removed by Filter": 2, "Exact Heap Blocks": 1, "Lossy Heap Blocks": 1, "Plans": [{"Node Type": "Bitmap Index Scan", "Parent Relationship": "Outer", "Index Name": "company_type_pkey", "Startup Cost": 0.0, "Total Cost": 8.27, "Plan Rows": 3, "Plan Width": 0, "Actual Startup Time": 0.002, "Actual Total Time": 0.002, "Actual Rows": 3, "Actual Loops": 1}]}, {"Node Type": "Bitmap Heap Scan", "Parent Relationship": "Inner", "Relation Name": "movie_companies", "Alias": "mc", "Startup Cost": 28944.86, "Total Cost": 67500.74, "Plan Rows": 1540, "Plan Width": 8, "Actual Startup Time": 644.574, "Actual Total Time": 644.574, "Actual Rows": 0, "Actual Loops": 1, "Recheck Cond": "(company_type_id = ct.id)", "Rows Removed by Index Recheck": 0, "Filter": "(((note)::text ~~ '%(theatrical)%'::text) AND ((note)::text ~~ '%(France)%'::text))", "Rows Removed by Filter": 1334883, "Exact Heap Blocks": 6196, "Lossy Heap Blocks": 6196, "Plans": [{"Node Type": "Bitmap Index Scan", "Parent Relationship": "Outer", "Index Name": "company_type_id_movie_companies", "Startup Cost": 0.0, "Total Cost": 28944.48, "Plan Rows": 1304564, "Plan Width": 0, "Actual Startup Time": 157.272, "Actual Total Time": 157.272, "Actual Rows": 1334883, "Actual Loops": 1, "Index Cond": "(company_type_id = ct.id)"}]}]}, {"Node Type": "Bitmap Heap Scan", "Parent Relationship": "Inner", "Relation Name": "title", "Alias": "t", "Startup Cost": 3.69, "Total Cost": 7.7, "Plan Rows": 1, "Plan Width": 21, "Actual Startup Time": 0.0, "Actual Total Time": 0.0, "Recheck Cond": "(id = mc.movie_id)", "Rows Removed by Index Recheck": 0, "Filter": "(production_year > 2005)", "Rows Removed by Filter": 0, "Exact Heap Blocks": 0, "Lossy Heap Blocks": 0, "Plans": [{"Node Type": "Bitmap Index Scan", "Parent Relationship": "Outer", "Index Name": "title_pkey", "Startup Cost": 0.0, "Total Cost": 3.69, "Plan Rows": 1, "Plan Width": 0, "Actual Startup Time": 0.0, "Actual Total Time": 0.0, "Index Cond": "(id = mc.movie_id)"}]}]}, {"Node Type": "Bitmap Heap Scan", "Parent Relationship": "Inner", "Relation Name": "movie_info", "Alias": "mi", "Startup Cost": 0.51, "Total Cost": 4.62, "Plan Rows": 1, "Plan Width": 8, "Actual Startup Time": 0.0, "Actual Total Time": 0.0, "Recheck Cond": "(movie_id = t.id)", "Rows Removed by Index Recheck": 0, "Filter": "((info)::text = ANY ('{Sweden,Norway,Germany,Denmark,Swedish,Denish,Norwegian,German}'::text[]))", "Rows Removed by Filter": 0, "Exact Heap Blocks": 0, "Lossy Heap Blocks": 0, "Plans": [{"Node Type": "Bitmap Index Scan", "Parent Relationship": "Outer", "Index Name": "movie_id_movie_info", "Startup Cost": 0.0, "Total Cost": 0.51, "Plan Rows": 5, "Plan Width": 0, "Actual Startup Time": 0.0, "Actual Total Time": 0.0, "Index Cond": "(movie_id = t.id)"}]}]}]}]}]}, "Triggers": [], "Planner Runtime": 7.076, "Total Runtime": 645.051, "Unique SQL Id": 2510907716}}, "(64, '88')": {"explain_plan": {"Plan": {"Node Type": "Aggregate", "Strategy": "Plain", "Startup Cost": 70184.24, "Total Cost": 70184.25, "Plan Rows": 1, "Plan Width": 49, "Plans": [{"Node Type": "Nested Loop", "Parent Relationship": "Outer", "Join Type": "Inner", "Startup Cost": 0.0, "Total Cost": 70179.44, "Plan Rows": 1919, "Plan Width": 17, "Inner Unique": true, "Plans": [{"Node Type": "Nested Loop", "Parent Relationship": "Outer", "Join Type": "Inner", "Startup Cost": 0.0, "Total Cost": 69642.02, "Plan Rows": 1919, "Plan Width": 21, "Inner Unique": false, "Plans": [{"Node Type": "Nested Loop", "Parent Relationship": "Outer", "Join Type": "Inner", "Startup Cost": 0.0, "Total Cost": 67362.72, "Plan Rows": 1869, "Plan Width": 25, "Inner Unique": true, "Plans": [{"Node Type": "Nested Loop", "Parent Relationship": "Outer", "Join Type": "Inner", "Startup Cost": 0.0, "Total Cost": 55745.3, "Plan Rows": 1540, "Plan Width": 4, "Inner Unique": true, "Plans": [{"Node Type": "Seq Scan", "Parent Relationship": "Outer", "Relation Name": "movie_companies", "Alias": "mc", "Startup Cost": 0.0, "Total Cost": 54862.92, "Plan Rows": 3081, "Plan Width": 8, "Filter": "(((note)::text ~~ '%(theatrical)%'::text) AND ((note)::text ~~ '%(France)%'::text))"}, {"Node Type": "Index Scan", "Parent Relationship": "Inner", "Scan Direction": "Forward", "Index Name": "company_type_pkey", "Relation Name": "company_type", "Alias": "ct", "Startup Cost": 0.0, "Total Cost": 0.28, "Plan Rows": 1, "Plan Width": 4, "Index Cond": "(id = mc.company_type_id)", "Filter": "((kind)::text = 'production companies'::text)"}]}, {"Node Type": "Index Scan", "Parent Relationship": "Inner", "Scan Direction": "Forward", "Index Name": "title_pkey", "Relation Name": "title", "Alias": "t", "Startup Cost": 0.0, "Total Cost": 7.53, "Plan Rows": 1, "Plan Width": 21, "Index Cond": "(id = mc.movie_id)", "Filter": "(production_year > 2005)"}]}, {"Node Type": "Index Scan", "Parent Relationship": "Inner", "Scan Direction": "Forward", "Index Name": "movie_id_movie_info", "Relation Name": "movie_info", "Alias": "mi", "Startup Cost": 0.0, "Total Cost": 1.21, "Plan Rows": 1, "Plan Width": 8, "Index Cond": "(movie_id = t.id)", "Filter": "((info)::text = ANY ('{Sweden,Norway,Germany,Denmark,Swedish,Denish,Norwegian,German}'::text[]))"}]}, {"Node Type": "Index Only Scan", "Parent Relationship": "Inner", "Scan Direction": "Forward", "Index Name": "info_type_pkey", "Relation Name": "info_type", "Alias": "it", "Startup Cost": 0.0, "Total Cost": 0.27, "Plan Rows": 1, "Plan Width": 4, "Index Cond": "(id = mi.info_type_id)"}]}]}, "Unique SQL Id": 2510907716, "Planner Runtime": 7}, "explain_analyze_plan": {"Plan": {"Node Type": "Aggregate", "Strategy": "Plain", "Startup Cost": 70184.24, "Total Cost": 70184.25, "Plan Rows": 1, "Plan Width": 49, "Actual Startup Time": 1069.018, "Actual Total Time": 1069.019, "Actual Rows": 1, "Actual Loops": 1, "Plans": [{"Node Type": "Nested Loop", "Parent Relationship": "Outer", "Join Type": "Inner", "Startup Cost": 0.0, "Total Cost": 70179.44, "Plan Rows": 1919, "Plan Width": 17, "Actual Startup Time": 1069.008, "Actual Total Time": 1069.008, "Actual Rows": 0, "Actual Loops": 1, "Inner Unique": true, "Plans": [{"Node Type": "Nested Loop", "Parent Relationship": "Outer", "Join Type": "Inner", "Startup Cost": 0.0, "Total Cost": 69642.02, "Plan Rows": 1919, "Plan Width": 21, "Actual Startup Time": 1069.007, "Actual Total Time": 1069.007, "Actual Rows": 0, "Actual Loops": 1, "Inner Unique": false, "Plans": [{"Node Type": "Nested Loop", "Parent Relationship": "Outer", "Join Type": "Inner", "Startup Cost": 0.0, "Total Cost": 67362.72, "Plan Rows": 1869, "Plan Width": 25, "Actual Startup Time": 1069.005, "Actual Total Time": 1069.005, "Actual Rows": 0, "Actual Loops": 1, "Inner Unique": true, "Plans": [{"Node Type": "Nested Loop", "Parent Relationship": "Outer", "Join Type": "Inner", "Startup Cost": 0.0, "Total Cost": 55745.3, "Plan Rows": 1540, "Plan Width": 4, "Actual Startup Time": 1069.004, "Actual Total Time": 1069.004, "Actual Rows": 0, "Actual Loops": 1, "Inner Unique": true, "Plans": [{"Node Type": "Seq Scan", "Parent Relationship": "Outer", "Relation Name": "movie_companies", "Alias": "mc", "Startup Cost": 0.0, "Total Cost": 54862.92, "Plan Rows": 3081, "Plan Width": 8, "Actual Startup Time": 8.925, "Actual Total Time": 1044.753, "Actual Rows": 24025, "Actual Loops": 1, "Filter": "(((note)::text ~~ '%(theatrical)%'::text) AND ((note)::text ~~ '%(France)%'::text))", "Rows Removed by Filter": 2585103}, {"Node Type": "Index Scan", "Parent Relationship": "Inner", "Scan Direction": "Forward", "Index Name": "company_type_pkey", "Relation Name": "company_type", "Alias": "ct", "Startup Cost": 0.0, "Total Cost": 0.28, "Plan Rows": 1, "Plan Width": 4, "Actual Startup Time": 13.22, "Actual Total Time": 13.22, "Actual Rows": 0, "Actual Loops": 24025, "Index Cond": "(id = mc.company_type_id)", "Rows Removed by Index Recheck": 0, "Filter": "((kind)::text = 'production companies'::text)", "Rows Removed by Filter": 0}]}, {"Node Type": "Index Scan", "Parent Relationship": "Inner", "Scan Direction": "Forward", "Index Name": "title_pkey", "Relation Name": "title", "Alias": "t", "Startup Cost": 0.0, "Total Cost": 7.53, "Plan Rows": 1, "Plan Width": 21, "Actual Startup Time": 0.0, "Actual Total Time": 0.0, "Index Cond": "(id = mc.movie_id)", "Rows Removed by Index Recheck": 0, "Filter": "(production_year > 2005)", "Rows Removed by Filter": 0}]}, {"Node Type": "Index Scan", "Parent Relationship": "Inner", "Scan Direction": "Forward", "Index Name": "movie_id_movie_info", "Relation Name": "movie_info", "Alias": "mi", "Startup Cost": 0.0, "Total Cost": 1.21, "Plan Rows": 1, "Plan Width": 8, "Actual Startup Time": 0.0, "Actual Total Time": 0.0, "Index Cond": "(movie_id = t.id)", "Rows Removed by Index Recheck": 0, "Filter": "((info)::text = ANY ('{Sweden,Norway,Germany,Denmark,Swedish,Denish,Norwegian,German}'::text[]))", "Rows Removed by Filter": 0}]}, {"Node Type": "Index Only Scan", "Parent Relationship": "Inner", "Scan Direction": "Forward", "Index Name": "info_type_pkey", "Relation Name": "info_type", "Alias": "it", "Startup Cost": 0.0, "Total Cost": 0.27, "Plan Rows": 1, "Plan Width": 4, "Actual Startup Time": 0.0, "Actual Total Time": 0.0, "Index Cond": "(id = mi.info_type_id)", "Rows Removed by Index Recheck": 0, "Heap Fetches": 0}]}]}, "Triggers": [], "Planner Runtime": 7.32, "Total Runtime": 1069.389, "Unique SQL Id": 2510907716}}, "(64, '89')": {"explain_plan": {"Plan": {"Node Type": "Aggregate", "Strategy": "Plain", "Startup Cost": 74106.99, "Total Cost": 74107.0, "Plan Rows": 1, "Plan Width": 49, "Plans": [{"Node Type": "Nested Loop", "Parent Relationship": "Outer", "Join Type": "Inner", "Startup Cost": 0.0, "Total Cost": 74102.19, "Plan Rows": 1919, "Plan Width": 17, "Inner Unique": true, "Plans": [{"Node Type": "Nested Loop", "Parent Relationship": "Outer", "Join Type": "Inner", "Startup Cost": 0.0, "Total Cost": 73564.77, "Plan Rows": 1919, "Plan Width": 21, "Inner Unique": false, "Plans": [{"Node Type": "Nested Loop", "Parent Relationship": "Outer", "Join Type": "Inner", "Startup Cost": 0.0, "Total Cost": 71285.47, "Plan Rows": 1869, "Plan Width": 25, "Inner Unique": true, "Plans": [{"Node Type": "Nested Loop", "Parent Relationship": "Outer", "Join Type": "Inner", "Startup Cost": 0.0, "Total Cost": 59668.05, "Plan Rows": 1540, "Plan Width": 4, "Inner Unique": false, "Plans": [{"Node Type": "Index Scan", "Parent Relationship": "Outer", "Scan Direction": "Forward", "Index Name": "company_type_pkey", "Relation Name": "company_type", "Alias": "ct", "Startup Cost": 0.0, "Total Cost": 12.3, "Plan Rows": 1, "Plan Width": 4, "Filter": "((kind)::text = 'production companies'::text)"}, {"Node Type": "Index Scan", "Parent Relationship": "Inner", "Scan Direction": "Forward", "Index Name": "company_type_id_movie_companies", "Relation Name": "movie_companies", "Alias": "mc", "Startup Cost": 0.0, "Total Cost": 59640.35, "Plan Rows": 1540, "Plan Width": 8, "Index Cond": "(company_type_id = ct.id)", "Filter": "(((note)::text ~~ '%(theatrical)%'::text) AND ((note)::text ~~ '%(France)%'::text))"}]}, {"Node Type": "Index Scan", "Parent Relationship": "Inner", "Scan Direction": "Forward", "Index Name": "title_pkey", "Relation Name": "title", "Alias": "t", "Startup Cost": 0.0, "Total Cost": 7.53, "Plan Rows": 1, "Plan Width": 21, "Index Cond": "(id = mc.movie_id)", "Filter": "(production_year > 2005)"}]}, {"Node Type": "Index Scan", "Parent Relationship": "Inner", "Scan Direction": "Forward", "Index Name": "movie_id_movie_info", "Relation Name": "movie_info", "Alias": "mi", "Startup Cost": 0.0, "Total Cost": 1.21, "Plan Rows": 1, "Plan Width": 8, "Index Cond": "(movie_id = t.id)", "Filter": "((info)::text = ANY ('{Sweden,Norway,Germany,Denmark,Swedish,Denish,Norwegian,German}'::text[]))"}]}, {"Node Type": "Index Only Scan", "Parent Relationship": "Inner", "Scan Direction": "Forward", "Index Name": "info_type_pkey", "Relation Name": "info_type", "Alias": "it", "Startup Cost": 0.0, "Total Cost": 0.27, "Plan Rows": 1, "Plan Width": 4, "Index Cond": "(id = mi.info_type_id)"}]}]}, "Unique SQL Id": 2510907716, "Planner Runtime": 6}, "explain_analyze_plan": {"Plan": {"Node Type": "Aggregate", "Strategy": "Plain", "Startup Cost": 74106.99, "Total Cost": 74107.0, "Plan Rows": 1, "Plan Width": 49, "Actual Startup Time": 629.666, "Actual Total Time": 629.667, "Actual Rows": 1, "Actual Loops": 1, "Plans": [{"Node Type": "Nested Loop", "Parent Relationship": "Outer", "Join Type": "Inner", "Startup Cost": 0.0, "Total Cost": 74102.19, "Plan Rows": 1919, "Plan Width": 17, "Actual Startup Time": 629.656, "Actual Total Time": 629.656, "Actual Rows": 0, "Actual Loops": 1, "Inner Unique": true, "Plans": [{"Node Type": "Nested Loop", "Parent Relationship": "Outer", "Join Type": "Inner", "Startup Cost": 0.0, "Total Cost": 73564.77, "Plan Rows": 1919, "Plan Width": 21, "Actual Startup Time": 629.655, "Actual Total Time": 629.655, "Actual Rows": 0, "Actual Loops": 1, "Inner Unique": false, "Plans": [{"Node Type": "Nested Loop", "Parent Relationship": "Outer", "Join Type": "Inner", "Startup Cost": 0.0, "Total Cost": 71285.47, "Plan Rows": 1869, "Plan Width": 25, "Actual Startup Time": 629.655, "Actual Total Time": 629.655, "Actual Rows": 0, "Actual Loops": 1, "Inner Unique": true, "Plans": [{"Node Type": "Nested Loop", "Parent Relationship": "Outer", "Join Type": "Inner", "Startup Cost": 0.0, "Total Cost": 59668.05, "Plan Rows": 1540, "Plan Width": 4, "Actual Startup Time": 629.654, "Actual Total Time": 629.654, "Actual Rows": 0, "Actual Loops": 1, "Inner Unique": false, "Plans": [{"Node Type": "Index Scan", "Parent Relationship": "Outer", "Scan Direction": "Forward", "Index Name": "company_type_pkey", "Relation Name": "company_type", "Alias": "ct", "Startup Cost": 0.0, "Total Cost": 12.3, "Plan Rows": 1, "Plan Width": 4, "Actual Startup Time": 0.022, "Actual Total Time": 0.03, "Actual Rows": 1, "Actual Loops": 1, "Filter": "((kind)::text = 'production companies'::text)", "Rows Removed by Filter": 2}, {"Node Type": "Index Scan", "Parent Relationship": "Inner", "Scan Direction": "Forward", "Index Name": "company_type_id_movie_companies", "Relation Name": "movie_companies", "Alias": "mc", "Startup Cost": 0.0, "Total Cost": 59640.35, "Plan Rows": 1540, "Plan Width": 8, "Actual Startup Time": 629.618, "Actual Total Time": 629.618, "Actual Rows": 0, "Actual Loops": 1, "Index Cond": "(company_type_id = ct.id)", "Rows Removed by Index Recheck": 0, "Filter": "(((note)::text ~~ '%(theatrical)%'::text) AND ((note)::text ~~ '%(France)%'::text))", "Rows Removed by Filter": 1334883}]}, {"Node Type": "Index Scan", "Parent Relationship": "Inner", "Scan Direction": "Forward", "Index Name": "title_pkey", "Relation Name": "title", "Alias": "t", "Startup Cost": 0.0, "Total Cost": 7.53, "Plan Rows": 1, "Plan Width": 21, "Actual Startup Time": 0.0, "Actual Total Time": 0.0, "Index Cond": "(id = mc.movie_id)", "Rows Removed by Index Recheck": 0, "Filter": "(production_year > 2005)", "Rows Removed by Filter": 0}]}, {"Node Type": "Index Scan", "Parent Relationship": "Inner", "Scan Direction": "Forward", "Index Name": "movie_id_movie_info", "Relation Name": "movie_info", "Alias": "mi", "Startup Cost": 0.0, "Total Cost": 1.21, "Plan Rows": 1, "Plan Width": 8, "Actual Startup Time": 0.0, "Actual Total Time": 0.0, "Index Cond": "(movie_id = t.id)", "Rows Removed by Index Recheck": 0, "Filter": "((info)::text = ANY ('{Sweden,Norway,Germany,Denmark,Swedish,Denish,Norwegian,German}'::text[]))", "Rows Removed by Filter": 0}]}, {"Node Type": "Index Only Scan", "Parent Relationship": "Inner", "Scan Direction": "Forward", "Index Name": "info_type_pkey", "Relation Name": "info_type", "Alias": "it", "Startup Cost": 0.0, "Total Cost": 0.27, "Plan Rows": 1, "Plan Width": 4, "Actual Startup Time": 0.0, "Actual Total Time": 0.0, "Index Cond": "(id = mi.info_type_id)", "Rows Removed by Index Recheck": 0, "Heap Fetches": 0}]}]}, "Triggers": [], "Planner Runtime": 8.174, "Total Runtime": 629.914, "Unique SQL Id": 2510907716}}, "(64, '90')": {"explain_plan": {"Plan": {"Node Type": "Aggregate", "Strategy": "Plain", "Startup Cost": 2100040118251.27, "Total Cost": 2100040118251.29, "Plan Rows": 1, "Plan Width": 49, "Plans": [{"Node Type": "Streaming(type: LOCAL GATHER dop: 1/64)", "Parent Relationship": "Outer", "Startup Cost": 2100040118251.27, "Total Cost": 2100040118251.29, "Plan Rows": 1, "Plan Width": 49, "Plans": [{"Node Type": "Aggregate", "Strategy": "Plain", "Parent Relationship": "Outer", "Startup Cost": 2100040118251.27, "Total Cost": 2100040118251.28, "Plan Rows": 1, "Plan Width": 49, "Plans": [{"Node Type": "Nested Loop", "Parent Relationship": "Outer", "Join Type": "Inner", "Startup Cost": 30000055050.04, "Total Cost": 2100040118246.48, "Plan Rows": 1919, "Plan Width": 17, "Inner Unique": false, "Join Filter": "(mi.movie_id = t.id)", "Plans": [{"Node Type": "Nested Loop", "Parent Relationship": "Outer", "Join Type": "Inner", "Startup Cost": 10000000000.0, "Total Cost": 100001368279.37, "Plan Rows": 141478, "Plan Width": 4, "Inner Unique": true, "Join Filter": "(it.id = mi.info_type_id), (LLVM Optimized)", "Plans": [{"Node Type": "Seq Scan", "Parent Relationship": "Outer", "Relation Name": "movie_info", "Alias": "mi", "Startup Cost": 0.0, "Total Cost": 69963.86, "Plan Rows": 141478, "Plan Width": 8, "Filter": "((info)::text = ANY ('{Sweden,Norway,Germany,Denmark,Swedish,Denish,Norwegian,German}'::text[]))"}, {"Node Type": "Materialize", "Parent Relationship": "Inner", "Startup Cost": 0.0, "Total Cost": 63150.56, "Plan Rows": 7168, "Plan Width": 4, "Plans": [{"Node Type": "Streaming(type: BROADCAST dop: 64/1)", "Parent Relationship": "Outer", "Startup Cost": 0.0, "Total Cost": 63150.0, "Plan Rows": 7168, "Plan Width": 4, "Plans": [{"Node Type": "Seq Scan", "Parent Relationship": "Outer", "Relation Name": "info_type", "Alias": "it", "Startup Cost": 0.0, "Total Cost": 2.12, "Plan Rows": 112, "Plan Width": 4}]}]}]}, {"Node Type": "Materialize", "Parent Relationship": "Inner", "Startup Cost": 10000055050.04, "Total Cost": 100002581575.96, "Plan Rows": 119616, "Plan Width": 25, "Plans": [{"Node Type": "Streaming(type: BROADCAST dop: 64/64)", "Parent Relationship": "Outer", "Startup Cost": 10000055050.04, "Total Cost": 100002581566.61, "Plan Rows": 119616, "Plan Width": 25, "Plans": [{"Node Type": "Nested Loop", "Parent Relationship": "Outer", "Join Type": "Inner", "Startup Cost": 10000055050.04, "Total Cost": 100002518490.68, "Plan Rows": 1869, "Plan Width": 25, "Inner Unique": false, "Join Filter": "(mc.movie_id = t.id)", "Plans": [{"Node Type": "Streaming(type: LOCAL REDISTRIBUTE dop: 64/64)", "Parent Relationship": "Outer", "Startup Cost": 0.0, "Total Cost": 127997.39, "Plan Rows": 1013492, "Plan Width": 21, "Plans": [{"Node Type": "Seq Scan", "Parent Relationship": "Outer", "Relation Name": "title", "Alias": "t", "Startup Cost": 0.0, "Total Cost": 64037.34, "Plan Rows": 1013492, "Plan Width": 21, "Filter": "(production_year > 2005), (LLVM Optimized)"}]}, {"Node Type": "Materialize", "Parent Relationship": "Inner", "Startup Cost": 55050.04, "Total Cost": 118136.0, "Plan Rows": 1540, "Plan Width": 4, "Plans": [{"Node Type": "Streaming(type: LOCAL REDISTRIBUTE dop: 64/1)", "Parent Relationship": "Outer", "Startup Cost": 55050.04, "Total Cost": 118135.88, "Plan Rows": 1540, "Plan Width": 4, "Plans": [{"Node Type": "Merge Join", "Parent Relationship": "Outer", "Join Type": "Inner", "Startup Cost": 55050.04, "Total Cost": 55073.31, "Plan Rows": 1540, "Plan Width": 4, "Inner Unique": false, "Merge Cond": "(ct.id = mc.company_type_id)", "Plans": [{"Node Type": "Sort", "Parent Relationship": "Outer", "Startup Cost": 1.05, "Total Cost": 1.05, "Plan Rows": 1, "Plan Width": 4, "Sort Key": ["ct.id"], "Plans": [{"Node Type": "Seq Scan", "Parent Relationship": "Outer", "Relation Name": "company_type", "Alias": "ct", "Startup Cost": 0.0, "Total Cost": 1.04, "Plan Rows": 1, "Plan Width": 4, "Filter": "((kind)::text = 'production companies'::text)"}]}, {"Node Type": "Sort", "Parent Relationship": "Inner", "Startup Cost": 55041.45, "Total Cost": 55049.15, "Plan Rows": 3081, "Plan Width": 8, "Sort Key": ["mc.company_type_id"], "Plans": [{"Node Type": "Seq Scan", "Parent Relationship": "Outer", "Relation Name": "movie_companies", "Alias": "mc", "Startup Cost": 0.0, "Total Cost": 54862.92, "Plan Rows": 3081, "Plan Width": 8, "Filter": "(((note)::text ~~ '%(theatrical)%'::text) AND ((note)::text ~~ '%(France)%'::text))"}]}]}]}]}]}]}]}]}]}]}]}, "Unique SQL Id": 2510907716, "Planner Runtime": 8}, "explain_analyze_plan": {"Plan": {"Node Type": "Aggregate", "Strategy": "Plain", "Startup Cost": 2100040118251.27, "Total Cost": 2100040118251.29, "Plan Rows": 1, "Plan Width": 49, "Actual Min Startup Time": 1373.877, "Actual Max Startup Time": 1373.877, "Actual Min Total Time": 1373.877, "Actual Max Total Time": 1373.877, "Plans": [{"Node Type": "Streaming(type: LOCAL GATHER dop: 1/64)", "Parent Relationship": "Outer", "Startup Cost": 2100040118251.27, "Total Cost": 2100040118251.29, "Plan Rows": 1, "Plan Width": 49, "Actual Min Startup Time": 1349.869, "Actual Max Startup Time": 1349.869, "Actual Min Total Time": 1373.838, "Actual Max Total Time": 1373.838, "Plans": [{"Node Type": "Aggregate", "Strategy": "Plain", "Parent Relationship": "Outer", "Startup Cost": 2100040118251.27, "Total Cost": 2100040118251.28, "Plan Rows": 1, "Plan Width": 49, "Actual Min Startup Time": 847.346, "Actual Max Startup Time": 1180.771, "Actual Min Total Time": 847.346, "Actual Max Total Time": 1180.771, "Plans": [{"Node Type": "Nested Loop", "Parent Relationship": "Outer", "Join Type": "Inner", "Startup Cost": 30000055050.04, "Total Cost": 2100040118246.48, "Plan Rows": 1919, "Plan Width": 17, "Actual Min Startup Time": 847.341, "Actual Max Startup Time": 1180.765, "Actual Min Total Time": 847.341, "Actual Max Total Time": 1180.765, "Inner Unique": false, "Join Filter": "(mi.movie_id = t.id)", "Rows Removed by Join Filter": 0, "Plans": [{"Node Type": "Nested Loop", "Parent Relationship": "Outer", "Join Type": "Inner", "Startup Cost": 10000000000.0, "Total Cost": 100001368279.37, "Plan Rows": 141478, "Plan Width": 4, "Actual Min Startup Time": 0.771, "Actual Max Startup Time": 5.324, "Actual Min Total Time": 119.235, "Actual Max Total Time": 142.609, "Inner Unique": true, "Join Filter": "(it.id = mi.info_type_id), (LLVM Optimized, Jit Execute)", "Rows Removed by Join Filter": 660398, "Plans": [{"Node Type": "Seq Scan", "Parent Relationship": "Outer", "Relation Name": "movie_info", "Alias": "mi", "Startup Cost": 0.0, "Total Cost": 69963.86, "Plan Rows": 141478, "Plan Width": 8, "Actual Min Startup Time": 0.052, "Actual Max Startup Time": 3.224, "Actual Min Total Time": 115.12, "Actual Max Total Time": 133.762, "Filter": "((info)::text = ANY ('{Sweden,Norway,Germany,Denmark,Swedish,Denish,Norwegian,German}'::text[]))", "Rows Removed by Filter": 14681822, "Actual Rows": 153897}, {"Node Type": "Materialize", "Parent Relationship": "Inner", "Startup Cost": 0.0, "Total Cost": 63150.56, "Plan Rows": 7168, "Plan Width": 4, "Actual Min Startup Time": 0.741, "Actual Max Startup Time": 2.638, "Actual Min Total Time": 1.049, "Actual Max Total Time": 5.109, "Plans": [{"Node Type": "Streaming(type: BROADCAST dop: 64/1)", "Parent Relationship": "Outer", "Startup Cost": 0.0, "Total Cost": 63150.0, "Plan Rows": 7168, "Plan Width": 4, "Actual Min Startup Time": 0.028, "Actual Max Startup Time": 0.073, "Actual Min Total Time": 0.593, "Actual Max Total Time": 2.063, "Plans": [{"Node Type": "Seq Scan", "Parent Relationship": "Outer", "Relation Name": "info_type", "Alias": "it", "Startup Cost": 0.0, "Total Cost": 2.12, "Plan Rows": 112, "Plan Width": 4, "Actual Min Startup Time": 0.028, "Actual Max Startup Time": 0.028, "Actual Min Total Time": 0.062, "Actual Max Total Time": 0.062, "Actual Rows": 112}], "Actual Rows": 7168}], "Actual Rows": 814359}], "Actual Rows": 153897}, {"Node Type": "Materialize", "Parent Relationship": "Inner", "Startup Cost": 10000055050.04, "Total Cost": 100002581575.96, "Plan Rows": 119616, "Plan Width": 25, "Actual Min Startup Time": 719.496, "Actual Max Startup Time": 1040.87, "Actual Min Total Time": 719.496, "Actual Max Total Time": 1040.87, "Plans": [{"Node Type": "Streaming(type: BROADCAST dop: 64/64)", "Parent Relationship": "Outer", "Startup Cost": 10000055050.04, "Total Cost": 100002581566.61, "Plan Rows": 119616, "Plan Width": 25, "Actual Min Startup Time": 719.362, "Actual Max Startup Time": 1040.593, "Actual Min Total Time": 719.362, "Actual Max Total Time": 1040.593, "Plans": [{"Node Type": "Nested Loop", "Parent Relationship": "Outer", "Join Type": "Inner", "Startup Cost": 10000055050.04, "Total Cost": 100002518490.68, "Plan Rows": 1869, "Plan Width": 25, "Actual Min Startup Time": 890.655, "Actual Max Startup Time": 1024.285, "Actual Min Total Time": 890.655, "Actual Max Total Time": 1024.285, "Inner Unique": false, "Join Filter": "(mc.movie_id = t.id)", "Rows Removed by Join Filter": 0, "Plans": [{"Node Type": "Streaming(type: LOCAL REDISTRIBUTE dop: 64/64)", "Parent Relationship": "Outer", "Startup Cost": 0.0, "Total Cost": 127997.39, "Plan Rows": 1013492, "Plan Width": 21, "Actual Min Startup Time": 0.237, "Actual Max Startup Time": 1.619, "Actual Min Total Time": 37.011, "Actual Max Total Time": 37.58, "Plans": [{"Node Type": "Seq Scan", "Parent Relationship": "Outer", "Relation Name": "title", "Alias": "t", "Startup Cost": 0.0, "Total Cost": 64037.34, "Plan Rows": 1013492, "Plan Width": 21, "Actual Min Startup Time": 0.029, "Actual Max Startup Time": 0.083, "Actual Min Total Time": 12.738, "Actual Max Total Time": 18.235, "Filter": "(production_year > 2005), (LLVM Optimized, Jit Execute)", "Rows Removed by Filter": 1515391, "Actual Rows": 1012920}], "Actual Rows": 1012920}, {"Node Type": "Materialize", "Parent Relationship": "Inner", "Startup Cost": 55050.04, "Total Cost": 118136.0, "Plan Rows": 1540, "Plan Width": 4, "Actual Min Startup Time": 850.558, "Actual Max Startup Time": 984.32, "Actual Min Total Time": 850.558, "Actual Max Total Time": 984.32, "Plans": [{"Node Type": "Streaming(type: LOCAL REDISTRIBUTE dop: 64/1)", "Parent Relationship": "Outer", "Startup Cost": 55050.04, "Total Cost": 118135.88, "Plan Rows": 1540, "Plan Width": 4, "Actual Min Startup Time": 848.773, "Actual Max Startup Time": 982.459, "Actual Min Total Time": 848.773, "Actual Max Total Time": 982.459, "Plans": [{"Node Type": "Merge Join", "Parent Relationship": "Outer", "Join Type": "Inner", "Startup Cost": 55050.04, "Total Cost": 55073.31, "Plan Rows": 1540, "Plan Width": 4, "Actual Min Startup Time": 1090.924, "Actual Max Startup Time": 1090.924, "Actual Min Total Time": 1090.924, "Actual Max Total Time": 1090.924, "Inner Unique": false, "Merge Cond": "(ct.id = mc.company_type_id)", "Plans": [{"Node Type": "Sort", "Parent Relationship": "Outer", "Startup Cost": 1.05, "Total Cost": 1.05, "Plan Rows": 1, "Plan Width": 4, "Actual Min Startup Time": 0.049, "Actual Max Startup Time": 0.049, "Actual Min Total Time": 0.049, "Actual Max Total Time": 0.049, "Sort Key": ["ct.id"], "Sort Method": "quicksort", "Sort Space Min Used": 25, "Sort Space Max Used": 25, "Sort Space Type": "Memory", "Plans": [{"Node Type": "Seq Scan", "Parent Relationship": "Outer", "Relation Name": "company_type", "Alias": "ct", "Startup Cost": 0.0, "Total Cost": 1.04, "Plan Rows": 1, "Plan Width": 4, "Actual Min Startup Time": 0.03, "Actual Max Startup Time": 0.03, "Actual Min Total Time": 0.033, "Actual Max Total Time": 0.033, "Filter": "((kind)::text = 'production companies'::text)", "Rows Removed by Filter": 2, "Actual Rows": 1}], "Actual Rows": 1}, {"Node Type": "Sort", "Parent Relationship": "Inner", "Startup Cost": 55041.45, "Total Cost": 55049.15, "Plan Rows": 3081, "Plan Width": 8, "Actual Min Startup Time": 1084.614, "Actual Max Startup Time": 1084.614, "Actual Min Total Time": 1087.497, "Actual Max Total Time": 1087.497, "Sort Key": ["mc.company_type_id"], "Sort Method": "quicksort", "Sort Space Min Used": 2270, "Sort Space Max Used": 2270, "Sort Space Type": "Memory", "Plans": [{"Node Type": "Seq Scan", "Parent Relationship": "Outer", "Relation Name": "movie_companies", "Alias": "mc", "Startup Cost": 0.0, "Total Cost": 54862.92, "Plan Rows": 3081, "Plan Width": 8, "Actual Min Startup Time": 9.025, "Actual Max Startup Time": 9.025, "Actual Min Total Time": 1057.116, "Actual Max Total Time": 1057.116, "Filter": "(((note)::text ~~ '%(theatrical)%'::text) AND ((note)::text ~~ '%(France)%'::text))", "Rows Removed by Filter": 2585103, "Actual Rows": 24025}], "Actual Rows": 24025}], "Actual Rows": 0}], "Actual Rows": 0}], "Actual Rows": 0}], "Actual Rows": 0}], "Actual Rows": 0}], "Actual Rows": 0}], "Actual Rows": 0}], "Actual Rows": 64}], "Actual Rows": 64}], "Actual Rows": 1}, "Triggers": [], "Planner Runtime": 9.001, "Total Runtime": 1433.665, "Unique SQL Id": 2510907716}}, "(64, '91')": {"explain_plan": {"Plan": {"Node Type": "Aggregate", "Strategy": "Plain", "Startup Cost": 4979930020624.66, "Total Cost": 4979930020624.67, "Plan Rows": 1, "Plan Width": 49, "Plans": [{"Node Type": "Merge Join", "Parent Relationship": "Outer", "Join Type": "Inner", "Startup Cost": 3989930019351.01, "Total Cost": 4979930020619.86, "Plan Rows": 1919, "Plan Width": 17, "Inner Unique": true, "Merge Cond": "(mc.company_type_id = ct.id)", "Plans": [{"Node Type": "Sort", "Parent Relationship": "Outer", "Startup Cost": 3979930019341.61, "Total Cost": 3979930019351.21, "Plan Rows": 3839, "Plan Width": 21, "Sort Key": ["mc.company_type_id"], "Plans": [{"Node Type": "Merge Join", "Parent Relationship": "Outer", "Join Type": "Inner", "Startup Cost": 2002461487647.64, "Total Cost": 3979930019113.07, "Plan Rows": 3839, "Plan Width": 21, "Inner Unique": false, "Merge Cond": "(mi.movie_id = t.id)", "Plans": [{"Node Type": "Sort", "Parent Relationship": "Outer", "Startup Cost": 1982439997338.66, "Total Cost": 1982439997692.36, "Plan Rows": 141478, "Plan Width": 4, "Sort Key": ["mi.movie_id"], "Plans": [{"Node Type": "Merge Join", "Parent Relationship": "Outer", "Join Type": "Inner", "Startup Cost": 73894619562.47, "Total Cost": 1982439985235.06, "Plan Rows": 141478, "Plan Width": 4, "Inner Unique": false, "Merge Cond": "(it.id = mi.info_type_id)", "Plans": [{"Node Type": "Index Only Scan", "Parent Relationship": "Outer", "Scan Direction": "Forward", "Index Name": "info_type_pkey", "Relation Name": "info_type", "Alias": "it", "Startup Cost": 10000000000.0, "Total Cost": 1000000000993.0, "Plan Rows": 112, "Plan Width": 4}, {"Node Type": "Index Scan", "Parent Relationship": "Inner", "Scan Direction": "Forward", "Index Name": "info_type_id_movie_info", "Relation Name": "movie_info", "Alias": "mi", "Startup Cost": 10000000000.0, "Total Cost": 1000118553919.62, "Plan Rows": 141478, "Plan Width": 8, "Filter": "((info)::text = ANY ('{Sweden,Norway,Germany,Denmark,Swedish,Denish,Norwegian,German}'::text[]))"}]}]}, {"Node Type": "Materialize", "Parent Relationship": "Inner", "Startup Cost": 20021490308.98, "Total Cost": 1999077499133.27, "Plan Rows": 3740, "Plan Width": 29, "Plans": [{"Node Type": "Merge Join", "Parent Relationship": "Outer", "Join Type": "Inner", "Startup Cost": 20021490308.98, "Total Cost": 1999077499123.92, "Plan Rows": 3740, "Plan Width": 29, "Inner Unique": true, "Merge Cond": "(mc.movie_id = t.id)", "Plans": [{"Node Type": "Index Scan", "Parent Relationship": "Outer", "Scan Direction": "Forward", "Index Name": "movie_id_movie_companies", "Relation Name": "movie_companies", "Alias": "mc", "Startup Cost": 10000000000.0, "Total Cost": 1000014356510.13, "Plan Rows": 3081, "Plan Width": 8, "Filter": "(((note)::text ~~ '%(theatrical)%'::text) AND ((note)::text ~~ '%(France)%'::text))"}, {"Node Type": "Index Scan", "Parent Relationship": "Inner", "Scan Direction": "Forward", "Index Name": "title_pkey", "Relation Name": "title", "Alias": "t", "Startup Cost": 10000000000.0, "Total Cost": 1000011644126.66, "Plan Rows": 1013492, "Plan Width": 21, "Filter": "(production_year > 2005), (LLVM Optimized)"}]}]}]}]}, {"Node Type": "Materialize", "Parent Relationship": "Inner", "Startup Cost": 10000000000.0, "Total Cost": 1000000001230.25, "Plan Rows": 1, "Plan Width": 4, "Plans": [{"Node Type": "Index Scan", "Parent Relationship": "Outer", "Scan Direction": "Forward", "Index Name": "company_type_pkey", "Relation Name": "company_type", "Alias": "ct", "Startup Cost": 10000000000.0, "Total Cost": 1000000001230.25, "Plan Rows": 1, "Plan Width": 4, "Filter": "((kind)::text = 'production companies'::text)"}]}]}]}, "Unique SQL Id": 2510907716, "Planner Runtime": 13}, "explain_analyze_plan": null}, "(64, '92')": {"explain_plan": {"Plan": {"Node Type": "Aggregate", "Strategy": "Plain", "Startup Cost": 70184.3, "Total Cost": 70184.31, "Plan Rows": 1, "Plan Width": 49, "Plans": [{"Node Type": "Nested Loop", "Parent Relationship": "Outer", "Join Type": "Inner", "Startup Cost": 0.0, "Total Cost": 70179.5, "Plan Rows": 1919, "Plan Width": 17, "Inner Unique": true, "Plans": [{"Node Type": "Nested Loop", "Parent Relationship": "Outer", "Join Type": "Inner", "Startup Cost": 0.0, "Total Cost": 69642.02, "Plan Rows": 1919, "Plan Width": 21, "Inner Unique": false, "Plans": [{"Node Type": "Nested Loop", "Parent Relationship": "Outer", "Join Type": "Inner", "Startup Cost": 0.0, "Total Cost": 67362.72, "Plan Rows": 1869, "Plan Width": 25, "Inner Unique": true, "Plans": [{"Node Type": "Nested Loop", "Parent Relationship": "Outer", "Join Type": "Inner", "Startup Cost": 0.0, "Total Cost": 55745.3, "Plan Rows": 1540, "Plan Width": 4, "Inner Unique": true, "Plans": [{"Node Type": "Seq Scan", "Parent Relationship": "Outer", "Relation Name": "movie_companies", "Alias": "mc", "Startup Cost": 0.0, "Total Cost": 54862.92, "Plan Rows": 3081, "Plan Width": 8, "Filter": "(((note)::text ~~ '%(theatrical)%'::text) AND ((note)::text ~~ '%(France)%'::text))"}, {"Node Type": "Index Scan", "Parent Relationship": "Inner", "Scan Direction": "Forward", "Index Name": "company_type_pkey", "Relation Name": "company_type", "Alias": "ct", "Startup Cost": 0.0, "Total Cost": 0.28, "Plan Rows": 1, "Plan Width": 4, "Index Cond": "(id = mc.company_type_id)", "Filter": "((kind)::text = 'production companies'::text)"}]}, {"Node Type": "Index Scan", "Parent Relationship": "Inner", "Scan Direction": "Forward", "Index Name": "title_pkey", "Relation Name": "title", "Alias": "t", "Startup Cost": 0.0, "Total Cost": 7.53, "Plan Rows": 1, "Plan Width": 21, "Index Cond": "(id = mc.movie_id)", "Filter": "(production_year > 2005)"}]}, {"Node Type": "Index Scan", "Parent Relationship": "Inner", "Scan Direction": "Forward", "Index Name": "movie_id_movie_info", "Relation Name": "movie_info", "Alias": "mi", "Startup Cost": 0.0, "Total Cost": 1.21, "Plan Rows": 1, "Plan Width": 8, "Index Cond": "(movie_id = t.id)", "Filter": "((info)::text = ANY ('{Sweden,Norway,Germany,Denmark,Swedish,Denish,Norwegian,German}'::text[]))"}]}, {"Node Type": "Index Scan", "Parent Relationship": "Inner", "Scan Direction": "Forward", "Index Name": "info_type_pkey", "Relation Name": "info_type", "Alias": "it", "Startup Cost": 0.0, "Total Cost": 0.27, "Plan Rows": 1, "Plan Width": 4, "Index Cond": "(id = mi.info_type_id)"}]}]}, "Unique SQL Id": 2510907716, "Planner Runtime": 7}, "explain_analyze_plan": {"Plan": {"Node Type": "Aggregate", "Strategy": "Plain", "Startup Cost": 70184.3, "Total Cost": 70184.31, "Plan Rows": 1, "Plan Width": 49, "Actual Startup Time": 1069.163, "Actual Total Time": 1069.164, "Actual Rows": 1, "Actual Loops": 1, "Plans": [{"Node Type": "Nested Loop", "Parent Relationship": "Outer", "Join Type": "Inner", "Startup Cost": 0.0, "Total Cost": 70179.5, "Plan Rows": 1919, "Plan Width": 17, "Actual Startup Time": 1069.155, "Actual Total Time": 1069.155, "Actual Rows": 0, "Actual Loops": 1, "Inner Unique": true, "Plans": [{"Node Type": "Nested Loop", "Parent Relationship": "Outer", "Join Type": "Inner", "Startup Cost": 0.0, "Total Cost": 69642.02, "Plan Rows": 1919, "Plan Width": 21, "Actual Startup Time": 1069.151, "Actual Total Time": 1069.151, "Actual Rows": 0, "Actual Loops": 1, "Inner Unique": false, "Plans": [{"Node Type": "Nested Loop", "Parent Relationship": "Outer", "Join Type": "Inner", "Startup Cost": 0.0, "Total Cost": 67362.72, "Plan Rows": 1869, "Plan Width": 25, "Actual Startup Time": 1069.15, "Actual Total Time": 1069.15, "Actual Rows": 0, "Actual Loops": 1, "Inner Unique": true, "Plans": [{"Node Type": "Nested Loop", "Parent Relationship": "Outer", "Join Type": "Inner", "Startup Cost": 0.0, "Total Cost": 55745.3, "Plan Rows": 1540, "Plan Width": 4, "Actual Startup Time": 1069.148, "Actual Total Time": 1069.148, "Actual Rows": 0, "Actual Loops": 1, "Inner Unique": true, "Plans": [{"Node Type": "Seq Scan", "Parent Relationship": "Outer", "Relation Name": "movie_companies", "Alias": "mc", "Startup Cost": 0.0, "Total Cost": 54862.92, "Plan Rows": 3081, "Plan Width": 8, "Actual Startup Time": 8.817, "Actual Total Time": 1042.897, "Actual Rows": 24025, "Actual Loops": 1, "Filter": "(((note)::text ~~ '%(theatrical)%'::text) AND ((note)::text ~~ '%(France)%'::text))", "Rows Removed by Filter": 2585103}, {"Node Type": "Index Scan", "Parent Relationship": "Inner", "Scan Direction": "Forward", "Index Name": "company_type_pkey", "Relation Name": "company_type", "Alias": "ct", "Startup Cost": 0.0, "Total Cost": 0.28, "Plan Rows": 1, "Plan Width": 4, "Actual Startup Time": 13.355, "Actual Total Time": 13.355, "Actual Rows": 0, "Actual Loops": 24025, "Index Cond": "(id = mc.company_type_id)", "Rows Removed by Index Recheck": 0, "Filter": "((kind)::text = 'production companies'::text)", "Rows Removed by Filter": 0}]}, {"Node Type": "Index Scan", "Parent Relationship": "Inner", "Scan Direction": "Forward", "Index Name": "title_pkey", "Relation Name": "title", "Alias": "t", "Startup Cost": 0.0, "Total Cost": 7.53, "Plan Rows": 1, "Plan Width": 21, "Actual Startup Time": 0.0, "Actual Total Time": 0.0, "Index Cond": "(id = mc.movie_id)", "Rows Removed by Index Recheck": 0, "Filter": "(production_year > 2005)", "Rows Removed by Filter": 0}]}, {"Node Type": "Index Scan", "Parent Relationship": "Inner", "Scan Direction": "Forward", "Index Name": "movie_id_movie_info", "Relation Name": "movie_info", "Alias": "mi", "Startup Cost": 0.0, "Total Cost": 1.21, "Plan Rows": 1, "Plan Width": 8, "Actual Startup Time": 0.0, "Actual Total Time": 0.0, "Index Cond": "(movie_id = t.id)", "Rows Removed by Index Recheck": 0, "Filter": "((info)::text = ANY ('{Sweden,Norway,Germany,Denmark,Swedish,Denish,Norwegian,German}'::text[]))", "Rows Removed by Filter": 0}]}, {"Node Type": "Index Scan", "Parent Relationship": "Inner", "Scan Direction": "Forward", "Index Name": "info_type_pkey", "Relation Name": "info_type", "Alias": "it", "Startup Cost": 0.0, "Total Cost": 0.27, "Plan Rows": 1, "Plan Width": 4, "Actual Startup Time": 0.0, "Actual Total Time": 0.0, "Index Cond": "(id = mi.info_type_id)", "Rows Removed by Index Recheck": 0}]}]}, "Triggers": [], "Planner Runtime": 7.488, "Total Runtime": 1069.455, "Unique SQL Id": 2510907716}}, "(64, '93')": {"explain_plan": {"Plan": {"Node Type": "Aggregate", "Strategy": "Plain", "Startup Cost": 74107.05, "Total Cost": 74107.06, "Plan Rows": 1, "Plan Width": 49, "Plans": [{"Node Type": "Nested Loop", "Parent Relationship": "Outer", "Join Type": "Inner", "Startup Cost": 0.0, "Total Cost": 74102.25, "Plan Rows": 1919, "Plan Width": 17, "Inner Unique": true, "Plans": [{"Node Type": "Nested Loop", "Parent Relationship": "Outer", "Join Type": "Inner", "Startup Cost": 0.0, "Total Cost": 73564.77, "Plan Rows": 1919, "Plan Width": 21, "Inner Unique": false, "Plans": [{"Node Type": "Nested Loop", "Parent Relationship": "Outer", "Join Type": "Inner", "Startup Cost": 0.0, "Total Cost": 71285.47, "Plan Rows": 1869, "Plan Width": 25, "Inner Unique": true, "Plans": [{"Node Type": "Nested Loop", "Parent Relationship": "Outer", "Join Type": "Inner", "Startup Cost": 0.0, "Total Cost": 59668.05, "Plan Rows": 1540, "Plan Width": 4, "Inner Unique": false, "Plans": [{"Node Type": "Index Scan", "Parent Relationship": "Outer", "Scan Direction": "Forward", "Index Name": "company_type_pkey", "Relation Name": "company_type", "Alias": "ct", "Startup Cost": 0.0, "Total Cost": 12.3, "Plan Rows": 1, "Plan Width": 4, "Filter": "((kind)::text = 'production companies'::text)"}, {"Node Type": "Index Scan", "Parent Relationship": "Inner", "Scan Direction": "Forward", "Index Name": "company_type_id_movie_companies", "Relation Name": "movie_companies", "Alias": "mc", "Startup Cost": 0.0, "Total Cost": 59640.35, "Plan Rows": 1540, "Plan Width": 8, "Index Cond": "(company_type_id = ct.id)", "Filter": "(((note)::text ~~ '%(theatrical)%'::text) AND ((note)::text ~~ '%(France)%'::text))"}]}, {"Node Type": "Index Scan", "Parent Relationship": "Inner", "Scan Direction": "Forward", "Index Name": "title_pkey", "Relation Name": "title", "Alias": "t", "Startup Cost": 0.0, "Total Cost": 7.53, "Plan Rows": 1, "Plan Width": 21, "Index Cond": "(id = mc.movie_id)", "Filter": "(production_year > 2005)"}]}, {"Node Type": "Index Scan", "Parent Relationship": "Inner", "Scan Direction": "Forward", "Index Name": "movie_id_movie_info", "Relation Name": "movie_info", "Alias": "mi", "Startup Cost": 0.0, "Total Cost": 1.21, "Plan Rows": 1, "Plan Width": 8, "Index Cond": "(movie_id = t.id)", "Filter": "((info)::text = ANY ('{Sweden,Norway,Germany,Denmark,Swedish,Denish,Norwegian,German}'::text[]))"}]}, {"Node Type": "Index Scan", "Parent Relationship": "Inner", "Scan Direction": "Forward", "Index Name": "info_type_pkey", "Relation Name": "info_type", "Alias": "it", "Startup Cost": 0.0, "Total Cost": 0.27, "Plan Rows": 1, "Plan Width": 4, "Index Cond": "(id = mi.info_type_id)"}]}]}, "Unique SQL Id": 2510907716, "Planner Runtime": 6}, "explain_analyze_plan": {"Plan": {"Node Type": "Aggregate", "Strategy": "Plain", "Startup Cost": 74107.05, "Total Cost": 74107.06, "Plan Rows": 1, "Plan Width": 49, "Actual Startup Time": 698.478, "Actual Total Time": 698.478, "Actual Rows": 1, "Actual Loops": 1, "Plans": [{"Node Type": "Nested Loop", "Parent Relationship": "Outer", "Join Type": "Inner", "Startup Cost": 0.0, "Total Cost": 74102.25, "Plan Rows": 1919, "Plan Width": 17, "Actual Startup Time": 698.471, "Actual Total Time": 698.471, "Actual Rows": 0, "Actual Loops": 1, "Inner Unique": true, "Plans": [{"Node Type": "Nested Loop", "Parent Relationship": "Outer", "Join Type": "Inner", "Startup Cost": 0.0, "Total Cost": 73564.77, "Plan Rows": 1919, "Plan Width": 21, "Actual Startup Time": 698.468, "Actual Total Time": 698.468, "Actual Rows": 0, "Actual Loops": 1, "Inner Unique": false, "Plans": [{"Node Type": "Nested Loop", "Parent Relationship": "Outer", "Join Type": "Inner", "Startup Cost": 0.0, "Total Cost": 71285.47, "Plan Rows": 1869, "Plan Width": 25, "Actual Startup Time": 698.467, "Actual Total Time": 698.467, "Actual Rows": 0, "Actual Loops": 1, "Inner Unique": true, "Plans": [{"Node Type": "Nested Loop", "Parent Relationship": "Outer", "Join Type": "Inner", "Startup Cost": 0.0, "Total Cost": 59668.05, "Plan Rows": 1540, "Plan Width": 4, "Actual Startup Time": 698.466, "Actual Total Time": 698.466, "Actual Rows": 0, "Actual Loops": 1, "Inner Unique": false, "Plans": [{"Node Type": "Index Scan", "Parent Relationship": "Outer", "Scan Direction": "Forward", "Index Name": "company_type_pkey", "Relation Name": "company_type", "Alias": "ct", "Startup Cost": 0.0, "Total Cost": 12.3, "Plan Rows": 1, "Plan Width": 4, "Actual Startup Time": 0.014, "Actual Total Time": 0.022, "Actual Rows": 1, "Actual Loops": 1, "Filter": "((kind)::text = 'production companies'::text)", "Rows Removed by Filter": 2}, {"Node Type": "Index Scan", "Parent Relationship": "Inner", "Scan Direction": "Forward", "Index Name": "company_type_id_movie_companies", "Relation Name": "movie_companies", "Alias": "mc", "Startup Cost": 0.0, "Total Cost": 59640.35, "Plan Rows": 1540, "Plan Width": 8, "Actual Startup Time": 698.437, "Actual Total Time": 698.437, "Actual Rows": 0, "Actual Loops": 1, "Index Cond": "(company_type_id = ct.id)", "Rows Removed by Index Recheck": 0, "Filter": "(((note)::text ~~ '%(theatrical)%'::text) AND ((note)::text ~~ '%(France)%'::text))", "Rows Removed by Filter": 1334883}]}, {"Node Type": "Index Scan", "Parent Relationship": "Inner", "Scan Direction": "Forward", "Index Name": "title_pkey", "Relation Name": "title", "Alias": "t", "Startup Cost": 0.0, "Total Cost": 7.53, "Plan Rows": 1, "Plan Width": 21, "Actual Startup Time": 0.0, "Actual Total Time": 0.0, "Index Cond": "(id = mc.movie_id)", "Rows Removed by Index Recheck": 0, "Filter": "(production_year > 2005)", "Rows Removed by Filter": 0}]}, {"Node Type": "Index Scan", "Parent Relationship": "Inner", "Scan Direction": "Forward", "Index Name": "movie_id_movie_info", "Relation Name": "movie_info", "Alias": "mi", "Startup Cost": 0.0, "Total Cost": 1.21, "Plan Rows": 1, "Plan Width": 8, "Actual Startup Time": 0.0, "Actual Total Time": 0.0, "Index Cond": "(movie_id = t.id)", "Rows Removed by Index Recheck": 0, "Filter": "((info)::text = ANY ('{Sweden,Norway,Germany,Denmark,Swedish,Denish,Norwegian,German}'::text[]))", "Rows Removed by Filter": 0}]}, {"Node Type": "Index Scan", "Parent Relationship": "Inner", "Scan Direction": "Forward", "Index Name": "info_type_pkey", "Relation Name": "info_type", "Alias": "it", "Startup Cost": 0.0, "Total Cost": 0.27, "Plan Rows": 1, "Plan Width": 4, "Actual Startup Time": 0.0, "Actual Total Time": 0.0, "Index Cond": "(id = mi.info_type_id)", "Rows Removed by Index Recheck": 0}]}]}, "Triggers": [], "Planner Runtime": 8.158, "Total Runtime": 698.747, "Unique SQL Id": 2510907716}}, "(64, '94')": {"explain_plan": {"Plan": {"Node Type": "Aggregate", "Strategy": "Plain", "Startup Cost": 2100040118251.27, "Total Cost": 2100040118251.29, "Plan Rows": 1, "Plan Width": 49, "Plans": [{"Node Type": "Streaming(type: LOCAL GATHER dop: 1/64)", "Parent Relationship": "Outer", "Startup Cost": 2100040118251.27, "Total Cost": 2100040118251.29, "Plan Rows": 1, "Plan Width": 49, "Plans": [{"Node Type": "Aggregate", "Strategy": "Plain", "Parent Relationship": "Outer", "Startup Cost": 2100040118251.27, "Total Cost": 2100040118251.28, "Plan Rows": 1, "Plan Width": 49, "Plans": [{"Node Type": "Nested Loop", "Parent Relationship": "Outer", "Join Type": "Inner", "Startup Cost": 30000055050.04, "Total Cost": 2100040118246.48, "Plan Rows": 1919, "Plan Width": 17, "Inner Unique": false, "Join Filter": "(mi.movie_id = t.id)", "Plans": [{"Node Type": "Nested Loop", "Parent Relationship": "Outer", "Join Type": "Inner", "Startup Cost": 10000000000.0, "Total Cost": 100001368279.37, "Plan Rows": 141478, "Plan Width": 4, "Inner Unique": true, "Join Filter": "(it.id = mi.info_type_id), (LLVM Optimized)", "Plans": [{"Node Type": "Seq Scan", "Parent Relationship": "Outer", "Relation Name": "movie_info", "Alias": "mi", "Startup Cost": 0.0, "Total Cost": 69963.86, "Plan Rows": 141478, "Plan Width": 8, "Filter": "((info)::text = ANY ('{Sweden,Norway,Germany,Denmark,Swedish,Denish,Norwegian,German}'::text[]))"}, {"Node Type": "Materialize", "Parent Relationship": "Inner", "Startup Cost": 0.0, "Total Cost": 63150.56, "Plan Rows": 7168, "Plan Width": 4, "Plans": [{"Node Type": "Streaming(type: BROADCAST dop: 64/1)", "Parent Relationship": "Outer", "Startup Cost": 0.0, "Total Cost": 63150.0, "Plan Rows": 7168, "Plan Width": 4, "Plans": [{"Node Type": "Seq Scan", "Parent Relationship": "Outer", "Relation Name": "info_type", "Alias": "it", "Startup Cost": 0.0, "Total Cost": 2.12, "Plan Rows": 112, "Plan Width": 4}]}]}]}, {"Node Type": "Materialize", "Parent Relationship": "Inner", "Startup Cost": 10000055050.04, "Total Cost": 100002581575.96, "Plan Rows": 119616, "Plan Width": 25, "Plans": [{"Node Type": "Streaming(type: BROADCAST dop: 64/64)", "Parent Relationship": "Outer", "Startup Cost": 10000055050.04, "Total Cost": 100002581566.61, "Plan Rows": 119616, "Plan Width": 25, "Plans": [{"Node Type": "Nested Loop", "Parent Relationship": "Outer", "Join Type": "Inner", "Startup Cost": 10000055050.04, "Total Cost": 100002518490.68, "Plan Rows": 1869, "Plan Width": 25, "Inner Unique": false, "Join Filter": "(mc.movie_id = t.id)", "Plans": [{"Node Type": "Streaming(type: LOCAL REDISTRIBUTE dop: 64/64)", "Parent Relationship": "Outer", "Startup Cost": 0.0, "Total Cost": 127997.39, "Plan Rows": 1013492, "Plan Width": 21, "Plans": [{"Node Type": "Seq Scan", "Parent Relationship": "Outer", "Relation Name": "title", "Alias": "t", "Startup Cost": 0.0, "Total Cost": 64037.34, "Plan Rows": 1013492, "Plan Width": 21, "Filter": "(production_year > 2005), (LLVM Optimized)"}]}, {"Node Type": "Materialize", "Parent Relationship": "Inner", "Startup Cost": 55050.04, "Total Cost": 118136.0, "Plan Rows": 1540, "Plan Width": 4, "Plans": [{"Node Type": "Streaming(type: LOCAL REDISTRIBUTE dop: 64/1)", "Parent Relationship": "Outer", "Startup Cost": 55050.04, "Total Cost": 118135.88, "Plan Rows": 1540, "Plan Width": 4, "Plans": [{"Node Type": "Merge Join", "Parent Relationship": "Outer", "Join Type": "Inner", "Startup Cost": 55050.04, "Total Cost": 55073.31, "Plan Rows": 1540, "Plan Width": 4, "Inner Unique": false, "Merge Cond": "(ct.id = mc.company_type_id)", "Plans": [{"Node Type": "Sort", "Parent Relationship": "Outer", "Startup Cost": 1.05, "Total Cost": 1.05, "Plan Rows": 1, "Plan Width": 4, "Sort Key": ["ct.id"], "Plans": [{"Node Type": "Seq Scan", "Parent Relationship": "Outer", "Relation Name": "company_type", "Alias": "ct", "Startup Cost": 0.0, "Total Cost": 1.04, "Plan Rows": 1, "Plan Width": 4, "Filter": "((kind)::text = 'production companies'::text)"}]}, {"Node Type": "Sort", "Parent Relationship": "Inner", "Startup Cost": 55041.45, "Total Cost": 55049.15, "Plan Rows": 3081, "Plan Width": 8, "Sort Key": ["mc.company_type_id"], "Plans": [{"Node Type": "Seq Scan", "Parent Relationship": "Outer", "Relation Name": "movie_companies", "Alias": "mc", "Startup Cost": 0.0, "Total Cost": 54862.92, "Plan Rows": 3081, "Plan Width": 8, "Filter": "(((note)::text ~~ '%(theatrical)%'::text) AND ((note)::text ~~ '%(France)%'::text))"}]}]}]}]}]}]}]}]}]}]}]}, "Unique SQL Id": 2510907716, "Planner Runtime": 8}, "explain_analyze_plan": {"Plan": {"Node Type": "Aggregate", "Strategy": "Plain", "Startup Cost": 2100040118251.27, "Total Cost": 2100040118251.29, "Plan Rows": 1, "Plan Width": 49, "Actual Min Startup Time": 1373.877, "Actual Max Startup Time": 1373.877, "Actual Min Total Time": 1373.877, "Actual Max Total Time": 1373.877, "Plans": [{"Node Type": "Streaming(type: LOCAL GATHER dop: 1/64)", "Parent Relationship": "Outer", "Startup Cost": 2100040118251.27, "Total Cost": 2100040118251.29, "Plan Rows": 1, "Plan Width": 49, "Actual Min Startup Time": 1349.869, "Actual Max Startup Time": 1349.869, "Actual Min Total Time": 1373.838, "Actual Max Total Time": 1373.838, "Plans": [{"Node Type": "Aggregate", "Strategy": "Plain", "Parent Relationship": "Outer", "Startup Cost": 2100040118251.27, "Total Cost": 2100040118251.28, "Plan Rows": 1, "Plan Width": 49, "Actual Min Startup Time": 847.346, "Actual Max Startup Time": 1180.771, "Actual Min Total Time": 847.346, "Actual Max Total Time": 1180.771, "Plans": [{"Node Type": "Nested Loop", "Parent Relationship": "Outer", "Join Type": "Inner", "Startup Cost": 30000055050.04, "Total Cost": 2100040118246.48, "Plan Rows": 1919, "Plan Width": 17, "Actual Min Startup Time": 847.341, "Actual Max Startup Time": 1180.765, "Actual Min Total Time": 847.341, "Actual Max Total Time": 1180.765, "Inner Unique": false, "Join Filter": "(mi.movie_id = t.id)", "Rows Removed by Join Filter": 0, "Plans": [{"Node Type": "Nested Loop", "Parent Relationship": "Outer", "Join Type": "Inner", "Startup Cost": 10000000000.0, "Total Cost": 100001368279.37, "Plan Rows": 141478, "Plan Width": 4, "Actual Min Startup Time": 0.771, "Actual Max Startup Time": 5.324, "Actual Min Total Time": 119.235, "Actual Max Total Time": 142.609, "Inner Unique": true, "Join Filter": "(it.id = mi.info_type_id), (LLVM Optimized, Jit Execute)", "Rows Removed by Join Filter": 660398, "Plans": [{"Node Type": "Seq Scan", "Parent Relationship": "Outer", "Relation Name": "movie_info", "Alias": "mi", "Startup Cost": 0.0, "Total Cost": 69963.86, "Plan Rows": 141478, "Plan Width": 8, "Actual Min Startup Time": 0.052, "Actual Max Startup Time": 3.224, "Actual Min Total Time": 115.12, "Actual Max Total Time": 133.762, "Filter": "((info)::text = ANY ('{Sweden,Norway,Germany,Denmark,Swedish,Denish,Norwegian,German}'::text[]))", "Rows Removed by Filter": 14681822, "Actual Rows": 153897}, {"Node Type": "Materialize", "Parent Relationship": "Inner", "Startup Cost": 0.0, "Total Cost": 63150.56, "Plan Rows": 7168, "Plan Width": 4, "Actual Min Startup Time": 0.741, "Actual Max Startup Time": 2.638, "Actual Min Total Time": 1.049, "Actual Max Total Time": 5.109, "Plans": [{"Node Type": "Streaming(type: BROADCAST dop: 64/1)", "Parent Relationship": "Outer", "Startup Cost": 0.0, "Total Cost": 63150.0, "Plan Rows": 7168, "Plan Width": 4, "Actual Min Startup Time": 0.028, "Actual Max Startup Time": 0.073, "Actual Min Total Time": 0.593, "Actual Max Total Time": 2.063, "Plans": [{"Node Type": "Seq Scan", "Parent Relationship": "Outer", "Relation Name": "info_type", "Alias": "it", "Startup Cost": 0.0, "Total Cost": 2.12, "Plan Rows": 112, "Plan Width": 4, "Actual Min Startup Time": 0.028, "Actual Max Startup Time": 0.028, "Actual Min Total Time": 0.062, "Actual Max Total Time": 0.062, "Actual Rows": 112}], "Actual Rows": 7168}], "Actual Rows": 814359}], "Actual Rows": 153897}, {"Node Type": "Materialize", "Parent Relationship": "Inner", "Startup Cost": 10000055050.04, "Total Cost": 100002581575.96, "Plan Rows": 119616, "Plan Width": 25, "Actual Min Startup Time": 719.496, "Actual Max Startup Time": 1040.87, "Actual Min Total Time": 719.496, "Actual Max Total Time": 1040.87, "Plans": [{"Node Type": "Streaming(type: BROADCAST dop: 64/64)", "Parent Relationship": "Outer", "Startup Cost": 10000055050.04, "Total Cost": 100002581566.61, "Plan Rows": 119616, "Plan Width": 25, "Actual Min Startup Time": 719.362, "Actual Max Startup Time": 1040.593, "Actual Min Total Time": 719.362, "Actual Max Total Time": 1040.593, "Plans": [{"Node Type": "Nested Loop", "Parent Relationship": "Outer", "Join Type": "Inner", "Startup Cost": 10000055050.04, "Total Cost": 100002518490.68, "Plan Rows": 1869, "Plan Width": 25, "Actual Min Startup Time": 890.655, "Actual Max Startup Time": 1024.285, "Actual Min Total Time": 890.655, "Actual Max Total Time": 1024.285, "Inner Unique": false, "Join Filter": "(mc.movie_id = t.id)", "Rows Removed by Join Filter": 0, "Plans": [{"Node Type": "Streaming(type: LOCAL REDISTRIBUTE dop: 64/64)", "Parent Relationship": "Outer", "Startup Cost": 0.0, "Total Cost": 127997.39, "Plan Rows": 1013492, "Plan Width": 21, "Actual Min Startup Time": 0.237, "Actual Max Startup Time": 1.619, "Actual Min Total Time": 37.011, "Actual Max Total Time": 37.58, "Plans": [{"Node Type": "Seq Scan", "Parent Relationship": "Outer", "Relation Name": "title", "Alias": "t", "Startup Cost": 0.0, "Total Cost": 64037.34, "Plan Rows": 1013492, "Plan Width": 21, "Actual Min Startup Time": 0.029, "Actual Max Startup Time": 0.083, "Actual Min Total Time": 12.738, "Actual Max Total Time": 18.235, "Filter": "(production_year > 2005), (LLVM Optimized, Jit Execute)", "Rows Removed by Filter": 1515391, "Actual Rows": 1012920}], "Actual Rows": 1012920}, {"Node Type": "Materialize", "Parent Relationship": "Inner", "Startup Cost": 55050.04, "Total Cost": 118136.0, "Plan Rows": 1540, "Plan Width": 4, "Actual Min Startup Time": 850.558, "Actual Max Startup Time": 984.32, "Actual Min Total Time": 850.558, "Actual Max Total Time": 984.32, "Plans": [{"Node Type": "Streaming(type: LOCAL REDISTRIBUTE dop: 64/1)", "Parent Relationship": "Outer", "Startup Cost": 55050.04, "Total Cost": 118135.88, "Plan Rows": 1540, "Plan Width": 4, "Actual Min Startup Time": 848.773, "Actual Max Startup Time": 982.459, "Actual Min Total Time": 848.773, "Actual Max Total Time": 982.459, "Plans": [{"Node Type": "Merge Join", "Parent Relationship": "Outer", "Join Type": "Inner", "Startup Cost": 55050.04, "Total Cost": 55073.31, "Plan Rows": 1540, "Plan Width": 4, "Actual Min Startup Time": 1090.924, "Actual Max Startup Time": 1090.924, "Actual Min Total Time": 1090.924, "Actual Max Total Time": 1090.924, "Inner Unique": false, "Merge Cond": "(ct.id = mc.company_type_id)", "Plans": [{"Node Type": "Sort", "Parent Relationship": "Outer", "Startup Cost": 1.05, "Total Cost": 1.05, "Plan Rows": 1, "Plan Width": 4, "Actual Min Startup Time": 0.049, "Actual Max Startup Time": 0.049, "Actual Min Total Time": 0.049, "Actual Max Total Time": 0.049, "Sort Key": ["ct.id"], "Sort Method": "quicksort", "Sort Space Min Used": 25, "Sort Space Max Used": 25, "Sort Space Type": "Memory", "Plans": [{"Node Type": "Seq Scan", "Parent Relationship": "Outer", "Relation Name": "company_type", "Alias": "ct", "Startup Cost": 0.0, "Total Cost": 1.04, "Plan Rows": 1, "Plan Width": 4, "Actual Min Startup Time": 0.03, "Actual Max Startup Time": 0.03, "Actual Min Total Time": 0.033, "Actual Max Total Time": 0.033, "Filter": "((kind)::text = 'production companies'::text)", "Rows Removed by Filter": 2, "Actual Rows": 1}], "Actual Rows": 1}, {"Node Type": "Sort", "Parent Relationship": "Inner", "Startup Cost": 55041.45, "Total Cost": 55049.15, "Plan Rows": 3081, "Plan Width": 8, "Actual Min Startup Time": 1084.614, "Actual Max Startup Time": 1084.614, "Actual Min Total Time": 1087.497, "Actual Max Total Time": 1087.497, "Sort Key": ["mc.company_type_id"], "Sort Method": "quicksort", "Sort Space Min Used": 2270, "Sort Space Max Used": 2270, "Sort Space Type": "Memory", "Plans": [{"Node Type": "Seq Scan", "Parent Relationship": "Outer", "Relation Name": "movie_companies", "Alias": "mc", "Startup Cost": 0.0, "Total Cost": 54862.92, "Plan Rows": 3081, "Plan Width": 8, "Actual Min Startup Time": 9.025, "Actual Max Startup Time": 9.025, "Actual Min Total Time": 1057.116, "Actual Max Total Time": 1057.116, "Filter": "(((note)::text ~~ '%(theatrical)%'::text) AND ((note)::text ~~ '%(France)%'::text))", "Rows Removed by Filter": 2585103, "Actual Rows": 24025}], "Actual Rows": 24025}], "Actual Rows": 0}], "Actual Rows": 0}], "Actual Rows": 0}], "Actual Rows": 0}], "Actual Rows": 0}], "Actual Rows": 0}], "Actual Rows": 0}], "Actual Rows": 64}], "Actual Rows": 64}], "Actual Rows": 1}, "Triggers": [], "Planner Runtime": 9.001, "Total Runtime": 1433.665, "Unique SQL Id": 2510907716}}, "(64, '95')": {"explain_plan": {"Plan": {"Node Type": "Aggregate", "Strategy": "Plain", "Startup Cost": 4979930021017.51, "Total Cost": 4979930021017.52, "Plan Rows": 1, "Plan Width": 49, "Plans": [{"Node Type": "Merge Join", "Parent Relationship": "Outer", "Join Type": "Inner", "Startup Cost": 3989930019743.87, "Total Cost": 4979930021012.72, "Plan Rows": 1919, "Plan Width": 17, "Inner Unique": true, "Merge Cond": "(mc.company_type_id = ct.id)", "Plans": [{"Node Type": "Sort", "Parent Relationship": "Outer", "Startup Cost": 3979930019734.47, "Total Cost": 3979930019744.07, "Plan Rows": 3839, "Plan Width": 21, "Sort Key": ["mc.company_type_id"], "Plans": [{"Node Type": "Merge Join", "Parent Relationship": "Outer", "Join Type": "Inner", "Startup Cost": 2002461488040.5, "Total Cost": 3979930019505.93, "Plan Rows": 3839, "Plan Width": 21, "Inner Unique": false, "Merge Cond": "(mi.movie_id = t.id)", "Plans": [{"Node Type": "Sort", "Parent Relationship": "Outer", "Startup Cost": 1982439997731.52, "Total Cost": 1982439998085.21, "Plan Rows": 141478, "Plan Width": 4, "Sort Key": ["mi.movie_id"], "Plans": [{"Node Type": "Merge Join", "Parent Relationship": "Outer", "Join Type": "Inner", "Startup Cost": 73894619562.47, "Total Cost": 1982439985627.92, "Plan Rows": 141478, "Plan Width": 4, "Inner Unique": false, "Merge Cond": "(it.id = mi.info_type_id)", "Plans": [{"Node Type": "Index Scan", "Parent Relationship": "Outer", "Scan Direction": "Forward", "Index Name": "info_type_pkey", "Relation Name": "info_type", "Alias": "it", "Startup Cost": 10000000000.0, "Total Cost": 1000000001393.0, "Plan Rows": 112, "Plan Width": 4}, {"Node Type": "Index Scan", "Parent Relationship": "Inner", "Scan Direction": "Forward", "Index Name": "info_type_id_movie_info", "Relation Name": "movie_info", "Alias": "mi", "Startup Cost": 10000000000.0, "Total Cost": 1000118553919.62, "Plan Rows": 141478, "Plan Width": 8, "Filter": "((info)::text = ANY ('{Sweden,Norway,Germany,Denmark,Swedish,Denish,Norwegian,German}'::text[]))"}]}]}, {"Node Type": "Materialize", "Parent Relationship": "Inner", "Startup Cost": 20021490308.98, "Total Cost": 1999077499133.27, "Plan Rows": 3740, "Plan Width": 29, "Plans": [{"Node Type": "Merge Join", "Parent Relationship": "Outer", "Join Type": "Inner", "Startup Cost": 20021490308.98, "Total Cost": 1999077499123.92, "Plan Rows": 3740, "Plan Width": 29, "Inner Unique": true, "Merge Cond": "(mc.movie_id = t.id)", "Plans": [{"Node Type": "Index Scan", "Parent Relationship": "Outer", "Scan Direction": "Forward", "Index Name": "movie_id_movie_companies", "Relation Name": "movie_companies", "Alias": "mc", "Startup Cost": 10000000000.0, "Total Cost": 1000014356510.13, "Plan Rows": 3081, "Plan Width": 8, "Filter": "(((note)::text ~~ '%(theatrical)%'::text) AND ((note)::text ~~ '%(France)%'::text))"}, {"Node Type": "Index Scan", "Parent Relationship": "Inner", "Scan Direction": "Forward", "Index Name": "title_pkey", "Relation Name": "title", "Alias": "t", "Startup Cost": 10000000000.0, "Total Cost": 1000011644126.66, "Plan Rows": 1013492, "Plan Width": 21, "Filter": "(production_year > 2005), (LLVM Optimized)"}]}]}]}]}, {"Node Type": "Materialize", "Parent Relationship": "Inner", "Startup Cost": 10000000000.0, "Total Cost": 1000000001230.25, "Plan Rows": 1, "Plan Width": 4, "Plans": [{"Node Type": "Index Scan", "Parent Relationship": "Outer", "Scan Direction": "Forward", "Index Name": "company_type_pkey", "Relation Name": "company_type", "Alias": "ct", "Startup Cost": 10000000000.0, "Total Cost": 1000000001230.25, "Plan Rows": 1, "Plan Width": 4, "Filter": "((kind)::text = 'production companies'::text)"}]}]}]}, "Unique SQL Id": 2510907716, "Planner Runtime": 13}, "explain_analyze_plan": null}, "(64, '96')": {"explain_plan": {"Plan": {"Node Type": "Aggregate", "Strategy": "Plain", "Startup Cost": 69326.03, "Total Cost": 69326.04, "Plan Rows": 1, "Plan Width": 49, "Plans": [{"Node Type": "Nested Loop", "Parent Relationship": "Outer", "Join Type": "Inner", "Startup Cost": 1.05, "Total Cost": 69321.23, "Plan Rows": 1919, "Plan Width": 17, "Inner Unique": true, "Plans": [{"Node Type": "Nested Loop", "Parent Relationship": "Outer", "Join Type": "Inner", "Startup Cost": 1.05, "Total Cost": 68783.8, "Plan Rows": 1919, "Plan Width": 21, "Inner Unique": false, "Plans": [{"Node Type": "Nested Loop", "Parent Relationship": "Outer", "Join Type": "Inner", "Startup Cost": 1.05, "Total Cost": 66504.51, "Plan Rows": 1869, "Plan Width": 25, "Inner Unique": true, "Plans": [{"Node Type": "Hash Join", "Parent Relationship": "Outer", "Join Type": "Inner", "Startup Cost": 1.05, "Total Cost": 54887.09, "Plan Rows": 1540, "Plan Width": 4, "Inner Unique": true, "Hash Cond": "(mc.company_type_id = ct.id)", "Plans": [{"Node Type": "Seq Scan", "Parent Relationship": "Outer", "Relation Name": "movie_companies", "Alias": "mc", "Startup Cost": 0.0, "Total Cost": 54862.92, "Plan Rows": 3081, "Plan Width": 8, "Filter": "(((note)::text ~~ '%(theatrical)%'::text) AND ((note)::text ~~ '%(France)%'::text))"}, {"Node Type": "Hash", "Parent Relationship": "Inner", "Startup Cost": 1.04, "Total Cost": 1.04, "Plan Rows": 1, "Plan Width": 4, "Plans": [{"Node Type": "Seq Scan", "Parent Relationship": "Outer", "Relation Name": "company_type", "Alias": "ct", "Startup Cost": 0.0, "Total Cost": 1.04, "Plan Rows": 1, "Plan Width": 4, "Filter": "((kind)::text = 'production companies'::text)"}]}]}, {"Node Type": "Index Scan", "Parent Relationship": "Inner", "Scan Direction": "Forward", "Index Name": "title_pkey", "Relation Name": "title", "Alias": "t", "Startup Cost": 0.0, "Total Cost": 7.53, "Plan Rows": 1, "Plan Width": 21, "Index Cond": "(id = mc.movie_id)", "Filter": "(production_year > 2005)"}]}, {"Node Type": "Index Scan", "Parent Relationship": "Inner", "Scan Direction": "Forward", "Index Name": "movie_id_movie_info", "Relation Name": "movie_info", "Alias": "mi", "Startup Cost": 0.0, "Total Cost": 1.21, "Plan Rows": 1, "Plan Width": 8, "Index Cond": "(movie_id = t.id)", "Filter": "((info)::text = ANY ('{Sweden,Norway,Germany,Denmark,Swedish,Denish,Norwegian,German}'::text[]))"}]}, {"Node Type": "Index Only Scan", "Parent Relationship": "Inner", "Scan Direction": "Forward", "Index Name": "info_type_pkey", "Relation Name": "info_type", "Alias": "it", "Startup Cost": 0.0, "Total Cost": 0.27, "Plan Rows": 1, "Plan Width": 4, "Index Cond": "(id = mi.info_type_id)"}]}]}, "Unique SQL Id": 2510907716, "Planner Runtime": 7}, "explain_analyze_plan": {"Plan": {"Node Type": "Aggregate", "Strategy": "Plain", "Startup Cost": 69326.03, "Total Cost": 69326.04, "Plan Rows": 1, "Plan Width": 49, "Actual Startup Time": 1045.834, "Actual Total Time": 1045.835, "Actual Rows": 1, "Actual Loops": 1, "Plans": [{"Node Type": "Nested Loop", "Parent Relationship": "Outer", "Join Type": "Inner", "Startup Cost": 1.05, "Total Cost": 69321.23, "Plan Rows": 1919, "Plan Width": 17, "Actual Startup Time": 1045.824, "Actual Total Time": 1045.824, "Actual Rows": 0, "Actual Loops": 1, "Inner Unique": true, "Plans": [{"Node Type": "Nested Loop", "Parent Relationship": "Outer", "Join Type": "Inner", "Startup Cost": 1.05, "Total Cost": 68783.8, "Plan Rows": 1919, "Plan Width": 21, "Actual Startup Time": 1045.823, "Actual Total Time": 1045.823, "Actual Rows": 0, "Actual Loops": 1, "Inner Unique": false, "Plans": [{"Node Type": "Nested Loop", "Parent Relationship": "Outer", "Join Type": "Inner", "Startup Cost": 1.05, "Total Cost": 66504.51, "Plan Rows": 1869, "Plan Width": 25, "Actual Startup Time": 1045.822, "Actual Total Time": 1045.822, "Actual Rows": 0, "Actual Loops": 1, "Inner Unique": true, "Plans": [{"Node Type": "Hash Join", "Parent Relationship": "Outer", "Join Type": "Inner", "Startup Cost": 1.05, "Total Cost": 54887.09, "Plan Rows": 1540, "Plan Width": 4, "Actual Startup Time": 1045.772, "Actual Total Time": 1045.772, "Actual Rows": 0, "Actual Loops": 1, "Inner Unique": true, "Hash Cond": "(mc.company_type_id = ct.id)", "Plans": [{"Node Type": "Seq Scan", "Parent Relationship": "Outer", "Relation Name": "movie_companies", "Alias": "mc", "Startup Cost": 0.0, "Total Cost": 54862.92, "Plan Rows": 3081, "Plan Width": 8, "Actual Startup Time": 9.039, "Actual Total Time": 1041.162, "Actual Rows": 24025, "Actual Loops": 1, "Filter": "(((note)::text ~~ '%(theatrical)%'::text) AND ((note)::text ~~ '%(France)%'::text))", "Rows Removed by Filter": 2585103}, {"Node Type": "Hash", "Parent Relationship": "Inner", "Startup Cost": 1.04, "Total Cost": 1.04, "Plan Rows": 1, "Plan Width": 4, "Actual Startup Time": 0.016, "Actual Total Time": 0.016, "Actual Rows": 1, "Actual Loops": 1, "Hash Buckets": 32768, "Hash Batches": 1, "Original Hash Batches": 1, "Peak Memory Usage": 1, "Plans": [{"Node Type": "Seq Scan", "Parent Relationship": "Outer", "Relation Name": "company_type", "Alias": "ct", "Startup Cost": 0.0, "Total Cost": 1.04, "Plan Rows": 1, "Plan Width": 4, "Actual Startup Time": 0.01, "Actual Total Time": 0.012, "Actual Rows": 1, "Actual Loops": 1, "Filter": "((kind)::text = 'production companies'::text)", "Rows Removed by Filter": 2}]}]}, {"Node Type": "Index Scan", "Parent Relationship": "Inner", "Scan Direction": "Forward", "Index Name": "title_pkey", "Relation Name": "title", "Alias": "t", "Startup Cost": 0.0, "Total Cost": 7.53, "Plan Rows": 1, "Plan Width": 21, "Actual Startup Time": 0.0, "Actual Total Time": 0.0, "Index Cond": "(id = mc.movie_id)", "Rows Removed by Index Recheck": 0, "Filter": "(production_year > 2005)", "Rows Removed by Filter": 0}]}, {"Node Type": "Index Scan", "Parent Relationship": "Inner", "Scan Direction": "Forward", "Index Name": "movie_id_movie_info", "Relation Name": "movie_info", "Alias": "mi", "Startup Cost": 0.0, "Total Cost": 1.21, "Plan Rows": 1, "Plan Width": 8, "Actual Startup Time": 0.0, "Actual Total Time": 0.0, "Index Cond": "(movie_id = t.id)", "Rows Removed by Index Recheck": 0, "Filter": "((info)::text = ANY ('{Sweden,Norway,Germany,Denmark,Swedish,Denish,Norwegian,German}'::text[]))", "Rows Removed by Filter": 0}]}, {"Node Type": "Index Only Scan", "Parent Relationship": "Inner", "Scan Direction": "Forward", "Index Name": "info_type_pkey", "Relation Name": "info_type", "Alias": "it", "Startup Cost": 0.0, "Total Cost": 0.27, "Plan Rows": 1, "Plan Width": 4, "Actual Startup Time": 0.0, "Actual Total Time": 0.0, "Index Cond": "(id = mi.info_type_id)", "Rows Removed by Index Recheck": 0, "Heap Fetches": 0}]}]}, "Triggers": [], "Planner Runtime": 11.031, "Total Runtime": 1046.088, "Unique SQL Id": 2510907716}}, "(64, '97')": {"explain_plan": {"Plan": {"Node Type": "Aggregate", "Strategy": "Plain", "Startup Cost": 74106.99, "Total Cost": 74107.0, "Plan Rows": 1, "Plan Width": 49, "Plans": [{"Node Type": "Nested Loop", "Parent Relationship": "Outer", "Join Type": "Inner", "Startup Cost": 0.0, "Total Cost": 74102.19, "Plan Rows": 1919, "Plan Width": 17, "Inner Unique": true, "Plans": [{"Node Type": "Nested Loop", "Parent Relationship": "Outer", "Join Type": "Inner", "Startup Cost": 0.0, "Total Cost": 73564.77, "Plan Rows": 1919, "Plan Width": 21, "Inner Unique": false, "Plans": [{"Node Type": "Nested Loop", "Parent Relationship": "Outer", "Join Type": "Inner", "Startup Cost": 0.0, "Total Cost": 71285.47, "Plan Rows": 1869, "Plan Width": 25, "Inner Unique": true, "Plans": [{"Node Type": "Nested Loop", "Parent Relationship": "Outer", "Join Type": "Inner", "Startup Cost": 0.0, "Total Cost": 59668.05, "Plan Rows": 1540, "Plan Width": 4, "Inner Unique": false, "Plans": [{"Node Type": "Index Scan", "Parent Relationship": "Outer", "Scan Direction": "Forward", "Index Name": "company_type_pkey", "Relation Name": "company_type", "Alias": "ct", "Startup Cost": 0.0, "Total Cost": 12.3, "Plan Rows": 1, "Plan Width": 4, "Filter": "((kind)::text = 'production companies'::text)"}, {"Node Type": "Index Scan", "Parent Relationship": "Inner", "Scan Direction": "Forward", "Index Name": "company_type_id_movie_companies", "Relation Name": "movie_companies", "Alias": "mc", "Startup Cost": 0.0, "Total Cost": 59640.35, "Plan Rows": 1540, "Plan Width": 8, "Index Cond": "(company_type_id = ct.id)", "Filter": "(((note)::text ~~ '%(theatrical)%'::text) AND ((note)::text ~~ '%(France)%'::text))"}]}, {"Node Type": "Index Scan", "Parent Relationship": "Inner", "Scan Direction": "Forward", "Index Name": "title_pkey", "Relation Name": "title", "Alias": "t", "Startup Cost": 0.0, "Total Cost": 7.53, "Plan Rows": 1, "Plan Width": 21, "Index Cond": "(id = mc.movie_id)", "Filter": "(production_year > 2005)"}]}, {"Node Type": "Index Scan", "Parent Relationship": "Inner", "Scan Direction": "Forward", "Index Name": "movie_id_movie_info", "Relation Name": "movie_info", "Alias": "mi", "Startup Cost": 0.0, "Total Cost": 1.21, "Plan Rows": 1, "Plan Width": 8, "Index Cond": "(movie_id = t.id)", "Filter": "((info)::text = ANY ('{Sweden,Norway,Germany,Denmark,Swedish,Denish,Norwegian,German}'::text[]))"}]}, {"Node Type": "Index Only Scan", "Parent Relationship": "Inner", "Scan Direction": "Forward", "Index Name": "info_type_pkey", "Relation Name": "info_type", "Alias": "it", "Startup Cost": 0.0, "Total Cost": 0.27, "Plan Rows": 1, "Plan Width": 4, "Index Cond": "(id = mi.info_type_id)"}]}]}, "Unique SQL Id": 2510907716, "Planner Runtime": 4}, "explain_analyze_plan": {"Plan": {"Node Type": "Aggregate", "Strategy": "Plain", "Startup Cost": 74106.99, "Total Cost": 74107.0, "Plan Rows": 1, "Plan Width": 49, "Actual Startup Time": 629.666, "Actual Total Time": 629.667, "Actual Rows": 1, "Actual Loops": 1, "Plans": [{"Node Type": "Nested Loop", "Parent Relationship": "Outer", "Join Type": "Inner", "Startup Cost": 0.0, "Total Cost": 74102.19, "Plan Rows": 1919, "Plan Width": 17, "Actual Startup Time": 629.656, "Actual Total Time": 629.656, "Actual Rows": 0, "Actual Loops": 1, "Inner Unique": true, "Plans": [{"Node Type": "Nested Loop", "Parent Relationship": "Outer", "Join Type": "Inner", "Startup Cost": 0.0, "Total Cost": 73564.77, "Plan Rows": 1919, "Plan Width": 21, "Actual Startup Time": 629.655, "Actual Total Time": 629.655, "Actual Rows": 0, "Actual Loops": 1, "Inner Unique": false, "Plans": [{"Node Type": "Nested Loop", "Parent Relationship": "Outer", "Join Type": "Inner", "Startup Cost": 0.0, "Total Cost": 71285.47, "Plan Rows": 1869, "Plan Width": 25, "Actual Startup Time": 629.655, "Actual Total Time": 629.655, "Actual Rows": 0, "Actual Loops": 1, "Inner Unique": true, "Plans": [{"Node Type": "Nested Loop", "Parent Relationship": "Outer", "Join Type": "Inner", "Startup Cost": 0.0, "Total Cost": 59668.05, "Plan Rows": 1540, "Plan Width": 4, "Actual Startup Time": 629.654, "Actual Total Time": 629.654, "Actual Rows": 0, "Actual Loops": 1, "Inner Unique": false, "Plans": [{"Node Type": "Index Scan", "Parent Relationship": "Outer", "Scan Direction": "Forward", "Index Name": "company_type_pkey", "Relation Name": "company_type", "Alias": "ct", "Startup Cost": 0.0, "Total Cost": 12.3, "Plan Rows": 1, "Plan Width": 4, "Actual Startup Time": 0.022, "Actual Total Time": 0.03, "Actual Rows": 1, "Actual Loops": 1, "Filter": "((kind)::text = 'production companies'::text)", "Rows Removed by Filter": 2}, {"Node Type": "Index Scan", "Parent Relationship": "Inner", "Scan Direction": "Forward", "Index Name": "company_type_id_movie_companies", "Relation Name": "movie_companies", "Alias": "mc", "Startup Cost": 0.0, "Total Cost": 59640.35, "Plan Rows": 1540, "Plan Width": 8, "Actual Startup Time": 629.618, "Actual Total Time": 629.618, "Actual Rows": 0, "Actual Loops": 1, "Index Cond": "(company_type_id = ct.id)", "Rows Removed by Index Recheck": 0, "Filter": "(((note)::text ~~ '%(theatrical)%'::text) AND ((note)::text ~~ '%(France)%'::text))", "Rows Removed by Filter": 1334883}]}, {"Node Type": "Index Scan", "Parent Relationship": "Inner", "Scan Direction": "Forward", "Index Name": "title_pkey", "Relation Name": "title", "Alias": "t", "Startup Cost": 0.0, "Total Cost": 7.53, "Plan Rows": 1, "Plan Width": 21, "Actual Startup Time": 0.0, "Actual Total Time": 0.0, "Index Cond": "(id = mc.movie_id)", "Rows Removed by Index Recheck": 0, "Filter": "(production_year > 2005)", "Rows Removed by Filter": 0}]}, {"Node Type": "Index Scan", "Parent Relationship": "Inner", "Scan Direction": "Forward", "Index Name": "movie_id_movie_info", "Relation Name": "movie_info", "Alias": "mi", "Startup Cost": 0.0, "Total Cost": 1.21, "Plan Rows": 1, "Plan Width": 8, "Actual Startup Time": 0.0, "Actual Total Time": 0.0, "Index Cond": "(movie_id = t.id)", "Rows Removed by Index Recheck": 0, "Filter": "((info)::text = ANY ('{Sweden,Norway,Germany,Denmark,Swedish,Denish,Norwegian,German}'::text[]))", "Rows Removed by Filter": 0}]}, {"Node Type": "Index Only Scan", "Parent Relationship": "Inner", "Scan Direction": "Forward", "Index Name": "info_type_pkey", "Relation Name": "info_type", "Alias": "it", "Startup Cost": 0.0, "Total Cost": 0.27, "Plan Rows": 1, "Plan Width": 4, "Actual Startup Time": 0.0, "Actual Total Time": 0.0, "Index Cond": "(id = mi.info_type_id)", "Rows Removed by Index Recheck": 0, "Heap Fetches": 0}]}]}, "Triggers": [], "Planner Runtime": 8.174, "Total Runtime": 629.914, "Unique SQL Id": 2510907716}}, "(64, '98')": {"explain_plan": {"Plan": {"Node Type": "Aggregate", "Strategy": "Plain", "Startup Cost": 75460.38, "Total Cost": 75460.39, "Plan Rows": 1, "Plan Width": 49, "Plans": [{"Node Type": "Hash Join", "Parent Relationship": "Outer", "Join Type": "Inner", "Startup Cost": 8.77, "Total Cost": 75455.58, "Plan Rows": 1919, "Plan Width": 17, "Inner Unique": true, "Hash Cond": "(mi.info_type_id = it.id)", "Plans": [{"Node Type": "Nested Loop", "Parent Relationship": "Outer", "Join Type": "Inner", "Startup Cost": 5.25, "Total Cost": 75426.73, "Plan Rows": 1919, "Plan Width": 21, "Inner Unique": false, "Plans": [{"Node Type": "Nested Loop", "Parent Relationship": "Outer", "Join Type": "Inner", "Startup Cost": 4.74, "Total Cost": 66764.81, "Plan Rows": 1869, "Plan Width": 25, "Inner Unique": true, "Plans": [{"Node Type": "Hash Join", "Parent Relationship": "Outer", "Join Type": "Inner", "Startup Cost": 1.05, "Total Cost": 54887.09, "Plan Rows": 1540, "Plan Width": 4, "Inner Unique": true, "Hash Cond": "(mc.company_type_id = ct.id)", "Plans": [{"Node Type": "Seq Scan", "Parent Relationship": "Outer", "Relation Name": "movie_companies", "Alias": "mc", "Startup Cost": 0.0, "Total Cost": 54862.92, "Plan Rows": 3081, "Plan Width": 8, "Filter": "(((note)::text ~~ '%(theatrical)%'::text) AND ((note)::text ~~ '%(France)%'::text))"}, {"Node Type": "Hash", "Parent Relationship": "Inner", "Startup Cost": 1.04, "Total Cost": 1.04, "Plan Rows": 1, "Plan Width": 4, "Plans": [{"Node Type": "Seq Scan", "Parent Relationship": "Outer", "Relation Name": "company_type", "Alias": "ct", "Startup Cost": 0.0, "Total Cost": 1.04, "Plan Rows": 1, "Plan Width": 4, "Filter": "((kind)::text = 'production companies'::text)"}]}]}, {"Node Type": "Bitmap Heap Scan", "Parent Relationship": "Inner", "Relation Name": "title", "Alias": "t", "Startup Cost": 3.69, "Total Cost": 7.7, "Plan Rows": 1, "Plan Width": 21, "Recheck Cond": "(id = mc.movie_id)", "Filter": "(production_year > 2005)", "Plans": [{"Node Type": "Bitmap Index Scan", "Parent Relationship": "Outer", "Index Name": "title_pkey", "Startup Cost": 0.0, "Total Cost": 3.69, "Plan Rows": 1, "Plan Width": 0, "Index Cond": "(id = mc.movie_id)"}]}]}, {"Node Type": "Bitmap Heap Scan", "Parent Relationship": "Inner", "Relation Name": "movie_info", "Alias": "mi", "Startup Cost": 0.51, "Total Cost": 4.62, "Plan Rows": 1, "Plan Width": 8, "Recheck Cond": "(movie_id = t.id)", "Filter": "((info)::text = ANY ('{Sweden,Norway,Germany,Denmark,Swedish,Denish,Norwegian,German}'::text[]))", "Plans": [{"Node Type": "Bitmap Index Scan", "Parent Relationship": "Outer", "Index Name": "movie_id_movie_info", "Startup Cost": 0.0, "Total Cost": 0.51, "Plan Rows": 5, "Plan Width": 0, "Index Cond": "(movie_id = t.id)"}]}]}, {"Node Type": "Hash", "Parent Relationship": "Inner", "Startup Cost": 2.12, "Total Cost": 2.12, "Plan Rows": 112, "Plan Width": 4, "Plans": [{"Node Type": "Seq Scan", "Parent Relationship": "Outer", "Relation Name": "info_type", "Alias": "it", "Startup Cost": 0.0, "Total Cost": 2.12, "Plan Rows": 112, "Plan Width": 4}]}]}]}, "Unique SQL Id": 2510907716, "Planner Runtime": 7}, "explain_analyze_plan": {"Plan": {"Node Type": "Aggregate", "Strategy": "Plain", "Startup Cost": 75460.38, "Total Cost": 75460.39, "Plan Rows": 1, "Plan Width": 49, "Actual Startup Time": 1037.483, "Actual Total Time": 1037.483, "Actual Rows": 1, "Actual Loops": 1, "Plans": [{"Node Type": "Hash Join", "Parent Relationship": "Outer", "Join Type": "Inner", "Startup Cost": 8.77, "Total Cost": 75455.58, "Plan Rows": 1919, "Plan Width": 17, "Actual Startup Time": 1037.475, "Actual Total Time": 1037.475, "Actual Rows": 0, "Actual Loops": 1, "Inner Unique": true, "Hash Cond": "(mi.info_type_id = it.id)", "Plans": [{"Node Type": "Nested Loop", "Parent Relationship": "Outer", "Join Type": "Inner", "Startup Cost": 5.25, "Total Cost": 75426.73, "Plan Rows": 1919, "Plan Width": 21, "Actual Startup Time": 1037.327, "Actual Total Time": 1037.327, "Actual Rows": 0, "Actual Loops": 1, "Inner Unique": false, "Plans": [{"Node Type": "Nested Loop", "Parent Relationship": "Outer", "Join Type": "Inner", "Startup Cost": 4.74, "Total Cost": 66764.81, "Plan Rows": 1869, "Plan Width": 25, "Actual Startup Time": 1037.324, "Actual Total Time": 1037.324, "Actual Rows": 0, "Actual Loops": 1, "Inner Unique": true, "Plans": [{"Node Type": "Hash Join", "Parent Relationship": "Outer", "Join Type": "Inner", "Startup Cost": 1.05, "Total Cost": 54887.09, "Plan Rows": 1540, "Plan Width": 4, "Actual Startup Time": 1037.294, "Actual Total Time": 1037.294, "Actual Rows": 0, "Actual Loops": 1, "Inner Unique": true, "Hash Cond": "(mc.company_type_id = ct.id)", "Plans": [{"Node Type": "Seq Scan", "Parent Relationship": "Outer", "Relation Name": "movie_companies", "Alias": "mc", "Startup Cost": 0.0, "Total Cost": 54862.92, "Plan Rows": 3081, "Plan Width": 8, "Actual Startup Time": 8.852, "Actual Total Time": 1032.719, "Actual Rows": 24025, "Actual Loops": 1, "Filter": "(((note)::text ~~ '%(theatrical)%'::text) AND ((note)::text ~~ '%(France)%'::text))", "Rows Removed by Filter": 2585103}, {"Node Type": "Hash", "Parent Relationship": "Inner", "Startup Cost": 1.04, "Total Cost": 1.04, "Plan Rows": 1, "Plan Width": 4, "Actual Startup Time": 0.036, "Actual Total Time": 0.036, "Actual Rows": 1, "Actual Loops": 1, "Hash Buckets": 32768, "Hash Batches": 1, "Original Hash Batches": 1, "Peak Memory Usage": 1, "Plans": [{"Node Type": "Seq Scan", "Parent Relationship": "Outer", "Relation Name": "company_type", "Alias": "ct", "Startup Cost": 0.0, "Total Cost": 1.04, "Plan Rows": 1, "Plan Width": 4, "Actual Startup Time": 0.024, "Actual Total Time": 0.028, "Actual Rows": 1, "Actual Loops": 1, "Filter": "((kind)::text = 'production companies'::text)", "Rows Removed by Filter": 2}]}]}, {"Node Type": "Bitmap Heap Scan", "Parent Relationship": "Inner", "Relation Name": "title", "Alias": "t", "Startup Cost": 3.69, "Total Cost": 7.7, "Plan Rows": 1, "Plan Width": 21, "Actual Startup Time": 0.0, "Actual Total Time": 0.0, "Recheck Cond": "(id = mc.movie_id)", "Rows Removed by Index Recheck": 0, "Filter": "(production_year > 2005)", "Rows Removed by Filter": 0, "Exact Heap Blocks": 0, "Lossy Heap Blocks": 0, "Plans": [{"Node Type": "Bitmap Index Scan", "Parent Relationship": "Outer", "Index Name": "title_pkey", "Startup Cost": 0.0, "Total Cost": 3.69, "Plan Rows": 1, "Plan Width": 0, "Actual Startup Time": 0.0, "Actual Total Time": 0.0, "Index Cond": "(id = mc.movie_id)"}]}]}, {"Node Type": "Bitmap Heap Scan", "Parent Relationship": "Inner", "Relation Name": "movie_info", "Alias": "mi", "Startup Cost": 0.51, "Total Cost": 4.62, "Plan Rows": 1, "Plan Width": 8, "Actual Startup Time": 0.0, "Actual Total Time": 0.0, "Recheck Cond": "(movie_id = t.id)", "Rows Removed by Index Recheck": 0, "Filter": "((info)::text = ANY ('{Sweden,Norway,Germany,Denmark,Swedish,Denish,Norwegian,German}'::text[]))", "Rows Removed by Filter": 0, "Exact Heap Blocks": 0, "Lossy Heap Blocks": 0, "Plans": [{"Node Type": "Bitmap Index Scan", "Parent Relationship": "Outer", "Index Name": "movie_id_movie_info", "Startup Cost": 0.0, "Total Cost": 0.51, "Plan Rows": 5, "Plan Width": 0, "Actual Startup Time": 0.0, "Actual Total Time": 0.0, "Index Cond": "(movie_id = t.id)"}]}]}, {"Node Type": "Hash", "Parent Relationship": "Inner", "Startup Cost": 2.12, "Total Cost": 2.12, "Plan Rows": 112, "Plan Width": 4, "Actual Startup Time": 0.099, "Actual Total Time": 0.099, "Actual Rows": 112, "Actual Loops": 1, "Hash Buckets": 32768, "Hash Batches": 1, "Original Hash Batches": 1, "Peak Memory Usage": 4, "Plans": [{"Node Type": "Seq Scan", "Parent Relationship": "Outer", "Relation Name": "info_type", "Alias": "it", "Startup Cost": 0.0, "Total Cost": 2.12, "Plan Rows": 112, "Plan Width": 4, "Actual Startup Time": 0.032, "Actual Total Time": 0.055, "Actual Rows": 112, "Actual Loops": 1}]}]}]}, "Triggers": [], "Planner Runtime": 11.407, "Total Runtime": 1037.812, "Unique SQL Id": 2510907716}}, "(64, '99')": {"explain_plan": {"Plan": {"Node Type": "Aggregate", "Strategy": "Plain", "Startup Cost": 88113.56, "Total Cost": 88113.57, "Plan Rows": 1, "Plan Width": 49, "Plans": [{"Node Type": "Hash Join", "Parent Relationship": "Outer", "Join Type": "Inner", "Startup Cost": 28972.69, "Total Cost": 88108.77, "Plan Rows": 1919, "Plan Width": 17, "Inner Unique": true, "Hash Cond": "(mi.info_type_id = it.id)", "Plans": [{"Node Type": "Nested Loop", "Parent Relationship": "Outer", "Join Type": "Inner", "Startup Cost": 28957.33, "Total Cost": 88068.08, "Plan Rows": 1919, "Plan Width": 21, "Inner Unique": false, "Plans": [{"Node Type": "Nested Loop", "Parent Relationship": "Outer", "Join Type": "Inner", "Startup Cost": 28956.82, "Total Cost": 79406.16, "Plan Rows": 1869, "Plan Width": 25, "Inner Unique": true, "Plans": [{"Node Type": "Nested Loop", "Parent Relationship": "Outer", "Join Type": "Inner", "Startup Cost": 28953.13, "Total Cost": 67528.44, "Plan Rows": 1540, "Plan Width": 4, "Inner Unique": false, "Plans": [{"Node Type": "Bitmap Heap Scan", "Parent Relationship": "Outer", "Relation Name": "company_type", "Alias": "ct", "Startup Cost": 8.27, "Total Cost": 12.3, "Plan Rows": 1, "Plan Width": 4, "Filter": "((kind)::text = 'production companies'::text)", "Plans": [{"Node Type": "Bitmap Index Scan", "Parent Relationship": "Outer", "Index Name": "company_type_pkey", "Startup Cost": 0.0, "Total Cost": 8.27, "Plan Rows": 3, "Plan Width": 0}]}, {"Node Type": "Bitmap Heap Scan", "Parent Relationship": "Inner", "Relation Name": "movie_companies", "Alias": "mc", "Startup Cost": 28944.86, "Total Cost": 67500.74, "Plan Rows": 1540, "Plan Width": 8, "Recheck Cond": "(company_type_id = ct.id)", "Filter": "(((note)::text ~~ '%(theatrical)%'::text) AND ((note)::text ~~ '%(France)%'::text))", "Plans": [{"Node Type": "Bitmap Index Scan", "Parent Relationship": "Outer", "Index Name": "company_type_id_movie_companies", "Startup Cost": 0.0, "Total Cost": 28944.48, "Plan Rows": 1304564, "Plan Width": 0, "Index Cond": "(company_type_id = ct.id)"}]}]}, {"Node Type": "Bitmap Heap Scan", "Parent Relationship": "Inner", "Relation Name": "title", "Alias": "t", "Startup Cost": 3.69, "Total Cost": 7.7, "Plan Rows": 1, "Plan Width": 21, "Recheck Cond": "(id = mc.movie_id)", "Filter": "(production_year > 2005)", "Plans": [{"Node Type": "Bitmap Index Scan", "Parent Relationship": "Outer", "Index Name": "title_pkey", "Startup Cost": 0.0, "Total Cost": 3.69, "Plan Rows": 1, "Plan Width": 0, "Index Cond": "(id = mc.movie_id)"}]}]}, {"Node Type": "Bitmap Heap Scan", "Parent Relationship": "Inner", "Relation Name": "movie_info", "Alias": "mi", "Startup Cost": 0.51, "Total Cost": 4.62, "Plan Rows": 1, "Plan Width": 8, "Recheck Cond": "(movie_id = t.id)", "Filter": "((info)::text = ANY ('{Sweden,Norway,Germany,Denmark,Swedish,Denish,Norwegian,German}'::text[]))", "Plans": [{"Node Type": "Bitmap Index Scan", "Parent Relationship": "Outer", "Index Name": "movie_id_movie_info", "Startup Cost": 0.0, "Total Cost": 0.51, "Plan Rows": 5, "Plan Width": 0, "Index Cond": "(movie_id = t.id)"}]}]}, {"Node Type": "Hash", "Parent Relationship": "Inner", "Startup Cost": 13.96, "Total Cost": 13.96, "Plan Rows": 112, "Plan Width": 4, "Plans": [{"Node Type": "Bitmap Heap Scan", "Parent Relationship": "Outer", "Relation Name": "info_type", "Alias": "it", "Startup Cost": 8.84, "Total Cost": 13.96, "Plan Rows": 112, "Plan Width": 4, "Plans": [{"Node Type": "Bitmap Index Scan", "Parent Relationship": "Outer", "Index Name": "info_type_pkey", "Startup Cost": 0.0, "Total Cost": 8.81, "Plan Rows": 112, "Plan Width": 0}]}]}]}]}, "Unique SQL Id": 2510907716, "Planner Runtime": 4}, "explain_analyze_plan": {"Plan": {"Node Type": "Aggregate", "Strategy": "Plain", "Startup Cost": 88113.56, "Total Cost": 88113.57, "Plan Rows": 1, "Plan Width": 49, "Actual Startup Time": 645.057, "Actual Total Time": 645.058, "Actual Rows": 1, "Actual Loops": 1, "Plans": [{"Node Type": "Hash Join", "Parent Relationship": "Outer", "Join Type": "Inner", "Startup Cost": 28972.69, "Total Cost": 88108.77, "Plan Rows": 1919, "Plan Width": 17, "Actual Startup Time": 645.05, "Actual Total Time": 645.05, "Actual Rows": 0, "Actual Loops": 1, "Inner Unique": true, "Hash Cond": "(mi.info_type_id = it.id)", "Plans": [{"Node Type": "Nested Loop", "Parent Relationship": "Outer", "Join Type": "Inner", "Startup Cost": 28957.33, "Total Cost": 88068.08, "Plan Rows": 1919, "Plan Width": 21, "Actual Startup Time": 644.895, "Actual Total Time": 644.895, "Actual Rows": 0, "Actual Loops": 1, "Inner Unique": false, "Plans": [{"Node Type": "Nested Loop", "Parent Relationship": "Outer", "Join Type": "Inner", "Startup Cost": 28956.82, "Total Cost": 79406.16, "Plan Rows": 1869, "Plan Width": 25, "Actual Startup Time": 644.892, "Actual Total Time": 644.892, "Actual Rows": 0, "Actual Loops": 1, "Inner Unique": true, "Plans": [{"Node Type": "Nested Loop", "Parent Relationship": "Outer", "Join Type": "Inner", "Startup Cost": 28953.13, "Total Cost": 67528.44, "Plan Rows": 1540, "Plan Width": 4, "Actual Startup Time": 644.89, "Actual Total Time": 644.89, "Actual Rows": 0, "Actual Loops": 1, "Inner Unique": false, "Plans": [{"Node Type": "Bitmap Heap Scan", "Parent Relationship": "Outer", "Relation Name": "company_type", "Alias": "ct", "Startup Cost": 8.27, "Total Cost": 12.3, "Plan Rows": 1, "Plan Width": 4, "Actual Startup Time": 0.012, "Actual Total Time": 0.019, "Actual Rows": 1, "Actual Loops": 1, "Filter": "((kind)::text = 'production companies'::text)", "Rows Removed by Filter": 2, "Exact Heap Blocks": 1, "Lossy Heap Blocks": 1, "Plans": [{"Node Type": "Bitmap Index Scan", "Parent Relationship": "Outer", "Index Name": "company_type_pkey", "Startup Cost": 0.0, "Total Cost": 8.27, "Plan Rows": 3, "Plan Width": 0, "Actual Startup Time": 0.002, "Actual Total Time": 0.002, "Actual Rows": 3, "Actual Loops": 1}]}, {"Node Type": "Bitmap Heap Scan", "Parent Relationship": "Inner", "Relation Name": "movie_companies", "Alias": "mc", "Startup Cost": 28944.86, "Total Cost": 67500.74, "Plan Rows": 1540, "Plan Width": 8, "Actual Startup Time": 644.864, "Actual Total Time": 644.864, "Actual Rows": 0, "Actual Loops": 1, "Recheck Cond": "(company_type_id = ct.id)", "Rows Removed by Index Recheck": 0, "Filter": "(((note)::text ~~ '%(theatrical)%'::text) AND ((note)::text ~~ '%(France)%'::text))", "Rows Removed by Filter": 1334883, "Exact Heap Blocks": 6196, "Lossy Heap Blocks": 6196, "Plans": [{"Node Type": "Bitmap Index Scan", "Parent Relationship": "Outer", "Index Name": "company_type_id_movie_companies", "Startup Cost": 0.0, "Total Cost": 28944.48, "Plan Rows": 1304564, "Plan Width": 0, "Actual Startup Time": 156.658, "Actual Total Time": 156.658, "Actual Rows": 1334883, "Actual Loops": 1, "Index Cond": "(company_type_id = ct.id)"}]}]}, {"Node Type": "Bitmap Heap Scan", "Parent Relationship": "Inner", "Relation Name": "title", "Alias": "t", "Startup Cost": 3.69, "Total Cost": 7.7, "Plan Rows": 1, "Plan Width": 21, "Actual Startup Time": 0.0, "Actual Total Time": 0.0, "Recheck Cond": "(id = mc.movie_id)", "Rows Removed by Index Recheck": 0, "Filter": "(production_year > 2005)", "Rows Removed by Filter": 0, "Exact Heap Blocks": 0, "Lossy Heap Blocks": 0, "Plans": [{"Node Type": "Bitmap Index Scan", "Parent Relationship": "Outer", "Index Name": "title_pkey", "Startup Cost": 0.0, "Total Cost": 3.69, "Plan Rows": 1, "Plan Width": 0, "Actual Startup Time": 0.0, "Actual Total Time": 0.0, "Index Cond": "(id = mc.movie_id)"}]}]}, {"Node Type": "Bitmap Heap Scan", "Parent Relationship": "Inner", "Relation Name": "movie_info", "Alias": "mi", "Startup Cost": 0.51, "Total Cost": 4.62, "Plan Rows": 1, "Plan Width": 8, "Actual Startup Time": 0.0, "Actual Total Time": 0.0, "Recheck Cond": "(movie_id = t.id)", "Rows Removed by Index Recheck": 0, "Filter": "((info)::text = ANY ('{Sweden,Norway,Germany,Denmark,Swedish,Denish,Norwegian,German}'::text[]))", "Rows Removed by Filter": 0, "Exact Heap Blocks": 0, "Lossy Heap Blocks": 0, "Plans": [{"Node Type": "Bitmap Index Scan", "Parent Relationship": "Outer", "Index Name": "movie_id_movie_info", "Startup Cost": 0.0, "Total Cost": 0.51, "Plan Rows": 5, "Plan Width": 0, "Actual Startup Time": 0.0, "Actual Total Time": 0.0, "Index Cond": "(movie_id = t.id)"}]}]}, {"Node Type": "Hash", "Parent Relationship": "Inner", "Startup Cost": 13.96, "Total Cost": 13.96, "Plan Rows": 112, "Plan Width": 4, "Actual Startup Time": 0.112, "Actual Total Time": 0.112, "Actual Rows": 112, "Actual Loops": 1, "Hash Buckets": 32768, "Hash Batches": 1, "Original Hash Batches": 1, "Peak Memory Usage": 4, "Plans": [{"Node Type": "Bitmap Heap Scan", "Parent Relationship": "Outer", "Relation Name": "info_type", "Alias": "it", "Startup Cost": 8.84, "Total Cost": 13.96, "Plan Rows": 112, "Plan Width": 4, "Actual Startup Time": 0.055, "Actual Total Time": 0.075, "Actual Rows": 112, "Actual Loops": 1, "Exact Heap Blocks": 1, "Lossy Heap Blocks": 1, "Plans": [{"Node Type": "Bitmap Index Scan", "Parent Relationship": "Outer", "Index Name": "info_type_pkey", "Startup Cost": 0.0, "Total Cost": 8.81, "Plan Rows": 112, "Plan Width": 0, "Actual Startup Time": 0.014, "Actual Total Time": 0.014, "Actual Rows": 112, "Actual Loops": 1}]}]}]}]}, "Triggers": [], "Planner Runtime": 8.109, "Total Runtime": 645.411, "Unique SQL Id": 2510907716}}, "(64, '100')": {"explain_plan": {"Plan": {"Node Type": "Aggregate", "Strategy": "Plain", "Startup Cost": 69326.08, "Total Cost": 69326.09, "Plan Rows": 1, "Plan Width": 49, "Plans": [{"Node Type": "Nested Loop", "Parent Relationship": "Outer", "Join Type": "Inner", "Startup Cost": 1.05, "Total Cost": 69321.29, "Plan Rows": 1919, "Plan Width": 17, "Inner Unique": true, "Plans": [{"Node Type": "Nested Loop", "Parent Relationship": "Outer", "Join Type": "Inner", "Startup Cost": 1.05, "Total Cost": 68783.8, "Plan Rows": 1919, "Plan Width": 21, "Inner Unique": false, "Plans": [{"Node Type": "Nested Loop", "Parent Relationship": "Outer", "Join Type": "Inner", "Startup Cost": 1.05, "Total Cost": 66504.51, "Plan Rows": 1869, "Plan Width": 25, "Inner Unique": true, "Plans": [{"Node Type": "Hash Join", "Parent Relationship": "Outer", "Join Type": "Inner", "Startup Cost": 1.05, "Total Cost": 54887.09, "Plan Rows": 1540, "Plan Width": 4, "Inner Unique": true, "Hash Cond": "(mc.company_type_id = ct.id)", "Plans": [{"Node Type": "Seq Scan", "Parent Relationship": "Outer", "Relation Name": "movie_companies", "Alias": "mc", "Startup Cost": 0.0, "Total Cost": 54862.92, "Plan Rows": 3081, "Plan Width": 8, "Filter": "(((note)::text ~~ '%(theatrical)%'::text) AND ((note)::text ~~ '%(France)%'::text))"}, {"Node Type": "Hash", "Parent Relationship": "Inner", "Startup Cost": 1.04, "Total Cost": 1.04, "Plan Rows": 1, "Plan Width": 4, "Plans": [{"Node Type": "Seq Scan", "Parent Relationship": "Outer", "Relation Name": "company_type", "Alias": "ct", "Startup Cost": 0.0, "Total Cost": 1.04, "Plan Rows": 1, "Plan Width": 4, "Filter": "((kind)::text = 'production companies'::text)"}]}]}, {"Node Type": "Index Scan", "Parent Relationship": "Inner", "Scan Direction": "Forward", "Index Name": "title_pkey", "Relation Name": "title", "Alias": "t", "Startup Cost": 0.0, "Total Cost": 7.53, "Plan Rows": 1, "Plan Width": 21, "Index Cond": "(id = mc.movie_id)", "Filter": "(production_year > 2005)"}]}, {"Node Type": "Index Scan", "Parent Relationship": "Inner", "Scan Direction": "Forward", "Index Name": "movie_id_movie_info", "Relation Name": "movie_info", "Alias": "mi", "Startup Cost": 0.0, "Total Cost": 1.21, "Plan Rows": 1, "Plan Width": 8, "Index Cond": "(movie_id = t.id)", "Filter": "((info)::text = ANY ('{Sweden,Norway,Germany,Denmark,Swedish,Denish,Norwegian,German}'::text[]))"}]}, {"Node Type": "Index Scan", "Parent Relationship": "Inner", "Scan Direction": "Forward", "Index Name": "info_type_pkey", "Relation Name": "info_type", "Alias": "it", "Startup Cost": 0.0, "Total Cost": 0.27, "Plan Rows": 1, "Plan Width": 4, "Index Cond": "(id = mi.info_type_id)"}]}]}, "Unique SQL Id": 2510907716, "Planner Runtime": 7}, "explain_analyze_plan": {"Plan": {"Node Type": "Aggregate", "Strategy": "Plain", "Startup Cost": 69326.08, "Total Cost": 69326.09, "Plan Rows": 1, "Plan Width": 49, "Actual Startup Time": 1048.234, "Actual Total Time": 1048.235, "Actual Rows": 1, "Actual Loops": 1, "Plans": [{"Node Type": "Nested Loop", "Parent Relationship": "Outer", "Join Type": "Inner", "Startup Cost": 1.05, "Total Cost": 69321.29, "Plan Rows": 1919, "Plan Width": 17, "Actual Startup Time": 1048.226, "Actual Total Time": 1048.226, "Actual Rows": 0, "Actual Loops": 1, "Inner Unique": true, "Plans": [{"Node Type": "Nested Loop", "Parent Relationship": "Outer", "Join Type": "Inner", "Startup Cost": 1.05, "Total Cost": 68783.8, "Plan Rows": 1919, "Plan Width": 21, "Actual Startup Time": 1048.224, "Actual Total Time": 1048.224, "Actual Rows": 0, "Actual Loops": 1, "Inner Unique": false, "Plans": [{"Node Type": "Nested Loop", "Parent Relationship": "Outer", "Join Type": "Inner", "Startup Cost": 1.05, "Total Cost": 66504.51, "Plan Rows": 1869, "Plan Width": 25, "Actual Startup Time": 1048.223, "Actual Total Time": 1048.223, "Actual Rows": 0, "Actual Loops": 1, "Inner Unique": true, "Plans": [{"Node Type": "Hash Join", "Parent Relationship": "Outer", "Join Type": "Inner", "Startup Cost": 1.05, "Total Cost": 54887.09, "Plan Rows": 1540, "Plan Width": 4, "Actual Startup Time": 1048.186, "Actual Total Time": 1048.186, "Actual Rows": 0, "Actual Loops": 1, "Inner Unique": true, "Hash Cond": "(mc.company_type_id = ct.id)", "Plans": [{"Node Type": "Seq Scan", "Parent Relationship": "Outer", "Relation Name": "movie_companies", "Alias": "mc", "Startup Cost": 0.0, "Total Cost": 54862.92, "Plan Rows": 3081, "Plan Width": 8, "Actual Startup Time": 8.979, "Actual Total Time": 1043.51, "Actual Rows": 24025, "Actual Loops": 1, "Filter": "(((note)::text ~~ '%(theatrical)%'::text) AND ((note)::text ~~ '%(France)%'::text))", "Rows Removed by Filter": 2585103}, {"Node Type": "Hash", "Parent Relationship": "Inner", "Startup Cost": 1.04, "Total Cost": 1.04, "Plan Rows": 1, "Plan Width": 4, "Actual Startup Time": 0.017, "Actual Total Time": 0.017, "Actual Rows": 1, "Actual Loops": 1, "Hash Buckets": 32768, "Hash Batches": 1, "Original Hash Batches": 1, "Peak Memory Usage": 1, "Plans": [{"Node Type": "Seq Scan", "Parent Relationship": "Outer", "Relation Name": "company_type", "Alias": "ct", "Startup Cost": 0.0, "Total Cost": 1.04, "Plan Rows": 1, "Plan Width": 4, "Actual Startup Time": 0.01, "Actual Total Time": 0.012, "Actual Rows": 1, "Actual Loops": 1, "Filter": "((kind)::text = 'production companies'::text)", "Rows Removed by Filter": 2}]}]}, {"Node Type": "Index Scan", "Parent Relationship": "Inner", "Scan Direction": "Forward", "Index Name": "title_pkey", "Relation Name": "title", "Alias": "t", "Startup Cost": 0.0, "Total Cost": 7.53, "Plan Rows": 1, "Plan Width": 21, "Actual Startup Time": 0.0, "Actual Total Time": 0.0, "Index Cond": "(id = mc.movie_id)", "Rows Removed by Index Recheck": 0, "Filter": "(production_year > 2005)", "Rows Removed by Filter": 0}]}, {"Node Type": "Index Scan", "Parent Relationship": "Inner", "Scan Direction": "Forward", "Index Name": "movie_id_movie_info", "Relation Name": "movie_info", "Alias": "mi", "Startup Cost": 0.0, "Total Cost": 1.21, "Plan Rows": 1, "Plan Width": 8, "Actual Startup Time": 0.0, "Actual Total Time": 0.0, "Index Cond": "(movie_id = t.id)", "Rows Removed by Index Recheck": 0, "Filter": "((info)::text = ANY ('{Sweden,Norway,Germany,Denmark,Swedish,Denish,Norwegian,German}'::text[]))", "Rows Removed by Filter": 0}]}, {"Node Type": "Index Scan", "Parent Relationship": "Inner", "Scan Direction": "Forward", "Index Name": "info_type_pkey", "Relation Name": "info_type", "Alias": "it", "Startup Cost": 0.0, "Total Cost": 0.27, "Plan Rows": 1, "Plan Width": 4, "Actual Startup Time": 0.0, "Actual Total Time": 0.0, "Index Cond": "(id = mi.info_type_id)", "Rows Removed by Index Recheck": 0}]}]}, "Triggers": [], "Planner Runtime": 11.158, "Total Runtime": 1048.494, "Unique SQL Id": 2510907716}}, "(64, '101')": {"explain_plan": {"Plan": {"Node Type": "Aggregate", "Strategy": "Plain", "Startup Cost": 74107.05, "Total Cost": 74107.06, "Plan Rows": 1, "Plan Width": 49, "Plans": [{"Node Type": "Nested Loop", "Parent Relationship": "Outer", "Join Type": "Inner", "Startup Cost": 0.0, "Total Cost": 74102.25, "Plan Rows": 1919, "Plan Width": 17, "Inner Unique": true, "Plans": [{"Node Type": "Nested Loop", "Parent Relationship": "Outer", "Join Type": "Inner", "Startup Cost": 0.0, "Total Cost": 73564.77, "Plan Rows": 1919, "Plan Width": 21, "Inner Unique": false, "Plans": [{"Node Type": "Nested Loop", "Parent Relationship": "Outer", "Join Type": "Inner", "Startup Cost": 0.0, "Total Cost": 71285.47, "Plan Rows": 1869, "Plan Width": 25, "Inner Unique": true, "Plans": [{"Node Type": "Nested Loop", "Parent Relationship": "Outer", "Join Type": "Inner", "Startup Cost": 0.0, "Total Cost": 59668.05, "Plan Rows": 1540, "Plan Width": 4, "Inner Unique": false, "Plans": [{"Node Type": "Index Scan", "Parent Relationship": "Outer", "Scan Direction": "Forward", "Index Name": "company_type_pkey", "Relation Name": "company_type", "Alias": "ct", "Startup Cost": 0.0, "Total Cost": 12.3, "Plan Rows": 1, "Plan Width": 4, "Filter": "((kind)::text = 'production companies'::text)"}, {"Node Type": "Index Scan", "Parent Relationship": "Inner", "Scan Direction": "Forward", "Index Name": "company_type_id_movie_companies", "Relation Name": "movie_companies", "Alias": "mc", "Startup Cost": 0.0, "Total Cost": 59640.35, "Plan Rows": 1540, "Plan Width": 8, "Index Cond": "(company_type_id = ct.id)", "Filter": "(((note)::text ~~ '%(theatrical)%'::text) AND ((note)::text ~~ '%(France)%'::text))"}]}, {"Node Type": "Index Scan", "Parent Relationship": "Inner", "Scan Direction": "Forward", "Index Name": "title_pkey", "Relation Name": "title", "Alias": "t", "Startup Cost": 0.0, "Total Cost": 7.53, "Plan Rows": 1, "Plan Width": 21, "Index Cond": "(id = mc.movie_id)", "Filter": "(production_year > 2005)"}]}, {"Node Type": "Index Scan", "Parent Relationship": "Inner", "Scan Direction": "Forward", "Index Name": "movie_id_movie_info", "Relation Name": "movie_info", "Alias": "mi", "Startup Cost": 0.0, "Total Cost": 1.21, "Plan Rows": 1, "Plan Width": 8, "Index Cond": "(movie_id = t.id)", "Filter": "((info)::text = ANY ('{Sweden,Norway,Germany,Denmark,Swedish,Denish,Norwegian,German}'::text[]))"}]}, {"Node Type": "Index Scan", "Parent Relationship": "Inner", "Scan Direction": "Forward", "Index Name": "info_type_pkey", "Relation Name": "info_type", "Alias": "it", "Startup Cost": 0.0, "Total Cost": 0.27, "Plan Rows": 1, "Plan Width": 4, "Index Cond": "(id = mi.info_type_id)"}]}]}, "Unique SQL Id": 2510907716, "Planner Runtime": 4}, "explain_analyze_plan": {"Plan": {"Node Type": "Aggregate", "Strategy": "Plain", "Startup Cost": 74107.05, "Total Cost": 74107.06, "Plan Rows": 1, "Plan Width": 49, "Actual Startup Time": 698.478, "Actual Total Time": 698.478, "Actual Rows": 1, "Actual Loops": 1, "Plans": [{"Node Type": "Nested Loop", "Parent Relationship": "Outer", "Join Type": "Inner", "Startup Cost": 0.0, "Total Cost": 74102.25, "Plan Rows": 1919, "Plan Width": 17, "Actual Startup Time": 698.471, "Actual Total Time": 698.471, "Actual Rows": 0, "Actual Loops": 1, "Inner Unique": true, "Plans": [{"Node Type": "Nested Loop", "Parent Relationship": "Outer", "Join Type": "Inner", "Startup Cost": 0.0, "Total Cost": 73564.77, "Plan Rows": 1919, "Plan Width": 21, "Actual Startup Time": 698.468, "Actual Total Time": 698.468, "Actual Rows": 0, "Actual Loops": 1, "Inner Unique": false, "Plans": [{"Node Type": "Nested Loop", "Parent Relationship": "Outer", "Join Type": "Inner", "Startup Cost": 0.0, "Total Cost": 71285.47, "Plan Rows": 1869, "Plan Width": 25, "Actual Startup Time": 698.467, "Actual Total Time": 698.467, "Actual Rows": 0, "Actual Loops": 1, "Inner Unique": true, "Plans": [{"Node Type": "Nested Loop", "Parent Relationship": "Outer", "Join Type": "Inner", "Startup Cost": 0.0, "Total Cost": 59668.05, "Plan Rows": 1540, "Plan Width": 4, "Actual Startup Time": 698.466, "Actual Total Time": 698.466, "Actual Rows": 0, "Actual Loops": 1, "Inner Unique": false, "Plans": [{"Node Type": "Index Scan", "Parent Relationship": "Outer", "Scan Direction": "Forward", "Index Name": "company_type_pkey", "Relation Name": "company_type", "Alias": "ct", "Startup Cost": 0.0, "Total Cost": 12.3, "Plan Rows": 1, "Plan Width": 4, "Actual Startup Time": 0.014, "Actual Total Time": 0.022, "Actual Rows": 1, "Actual Loops": 1, "Filter": "((kind)::text = 'production companies'::text)", "Rows Removed by Filter": 2}, {"Node Type": "Index Scan", "Parent Relationship": "Inner", "Scan Direction": "Forward", "Index Name": "company_type_id_movie_companies", "Relation Name": "movie_companies", "Alias": "mc", "Startup Cost": 0.0, "Total Cost": 59640.35, "Plan Rows": 1540, "Plan Width": 8, "Actual Startup Time": 698.437, "Actual Total Time": 698.437, "Actual Rows": 0, "Actual Loops": 1, "Index Cond": "(company_type_id = ct.id)", "Rows Removed by Index Recheck": 0, "Filter": "(((note)::text ~~ '%(theatrical)%'::text) AND ((note)::text ~~ '%(France)%'::text))", "Rows Removed by Filter": 1334883}]}, {"Node Type": "Index Scan", "Parent Relationship": "Inner", "Scan Direction": "Forward", "Index Name": "title_pkey", "Relation Name": "title", "Alias": "t", "Startup Cost": 0.0, "Total Cost": 7.53, "Plan Rows": 1, "Plan Width": 21, "Actual Startup Time": 0.0, "Actual Total Time": 0.0, "Index Cond": "(id = mc.movie_id)", "Rows Removed by Index Recheck": 0, "Filter": "(production_year > 2005)", "Rows Removed by Filter": 0}]}, {"Node Type": "Index Scan", "Parent Relationship": "Inner", "Scan Direction": "Forward", "Index Name": "movie_id_movie_info", "Relation Name": "movie_info", "Alias": "mi", "Startup Cost": 0.0, "Total Cost": 1.21, "Plan Rows": 1, "Plan Width": 8, "Actual Startup Time": 0.0, "Actual Total Time": 0.0, "Index Cond": "(movie_id = t.id)", "Rows Removed by Index Recheck": 0, "Filter": "((info)::text = ANY ('{Sweden,Norway,Germany,Denmark,Swedish,Denish,Norwegian,German}'::text[]))", "Rows Removed by Filter": 0}]}, {"Node Type": "Index Scan", "Parent Relationship": "Inner", "Scan Direction": "Forward", "Index Name": "info_type_pkey", "Relation Name": "info_type", "Alias": "it", "Startup Cost": 0.0, "Total Cost": 0.27, "Plan Rows": 1, "Plan Width": 4, "Actual Startup Time": 0.0, "Actual Total Time": 0.0, "Index Cond": "(id = mi.info_type_id)", "Rows Removed by Index Recheck": 0}]}]}, "Triggers": [], "Planner Runtime": 8.158, "Total Runtime": 698.747, "Unique SQL Id": 2510907716}}, "(64, '102')": {"explain_plan": {"Plan": {"Node Type": "Aggregate", "Strategy": "Plain", "Startup Cost": 75460.38, "Total Cost": 75460.39, "Plan Rows": 1, "Plan Width": 49, "Plans": [{"Node Type": "Hash Join", "Parent Relationship": "Outer", "Join Type": "Inner", "Startup Cost": 8.77, "Total Cost": 75455.58, "Plan Rows": 1919, "Plan Width": 17, "Inner Unique": true, "Hash Cond": "(mi.info_type_id = it.id)", "Plans": [{"Node Type": "Nested Loop", "Parent Relationship": "Outer", "Join Type": "Inner", "Startup Cost": 5.25, "Total Cost": 75426.73, "Plan Rows": 1919, "Plan Width": 21, "Inner Unique": false, "Plans": [{"Node Type": "Nested Loop", "Parent Relationship": "Outer", "Join Type": "Inner", "Startup Cost": 4.74, "Total Cost": 66764.81, "Plan Rows": 1869, "Plan Width": 25, "Inner Unique": true, "Plans": [{"Node Type": "Hash Join", "Parent Relationship": "Outer", "Join Type": "Inner", "Startup Cost": 1.05, "Total Cost": 54887.09, "Plan Rows": 1540, "Plan Width": 4, "Inner Unique": true, "Hash Cond": "(mc.company_type_id = ct.id)", "Plans": [{"Node Type": "Seq Scan", "Parent Relationship": "Outer", "Relation Name": "movie_companies", "Alias": "mc", "Startup Cost": 0.0, "Total Cost": 54862.92, "Plan Rows": 3081, "Plan Width": 8, "Filter": "(((note)::text ~~ '%(theatrical)%'::text) AND ((note)::text ~~ '%(France)%'::text))"}, {"Node Type": "Hash", "Parent Relationship": "Inner", "Startup Cost": 1.04, "Total Cost": 1.04, "Plan Rows": 1, "Plan Width": 4, "Plans": [{"Node Type": "Seq Scan", "Parent Relationship": "Outer", "Relation Name": "company_type", "Alias": "ct", "Startup Cost": 0.0, "Total Cost": 1.04, "Plan Rows": 1, "Plan Width": 4, "Filter": "((kind)::text = 'production companies'::text)"}]}]}, {"Node Type": "Bitmap Heap Scan", "Parent Relationship": "Inner", "Relation Name": "title", "Alias": "t", "Startup Cost": 3.69, "Total Cost": 7.7, "Plan Rows": 1, "Plan Width": 21, "Recheck Cond": "(id = mc.movie_id)", "Filter": "(production_year > 2005)", "Plans": [{"Node Type": "Bitmap Index Scan", "Parent Relationship": "Outer", "Index Name": "title_pkey", "Startup Cost": 0.0, "Total Cost": 3.69, "Plan Rows": 1, "Plan Width": 0, "Index Cond": "(id = mc.movie_id)"}]}]}, {"Node Type": "Bitmap Heap Scan", "Parent Relationship": "Inner", "Relation Name": "movie_info", "Alias": "mi", "Startup Cost": 0.51, "Total Cost": 4.62, "Plan Rows": 1, "Plan Width": 8, "Recheck Cond": "(movie_id = t.id)", "Filter": "((info)::text = ANY ('{Sweden,Norway,Germany,Denmark,Swedish,Denish,Norwegian,German}'::text[]))", "Plans": [{"Node Type": "Bitmap Index Scan", "Parent Relationship": "Outer", "Index Name": "movie_id_movie_info", "Startup Cost": 0.0, "Total Cost": 0.51, "Plan Rows": 5, "Plan Width": 0, "Index Cond": "(movie_id = t.id)"}]}]}, {"Node Type": "Hash", "Parent Relationship": "Inner", "Startup Cost": 2.12, "Total Cost": 2.12, "Plan Rows": 112, "Plan Width": 4, "Plans": [{"Node Type": "Seq Scan", "Parent Relationship": "Outer", "Relation Name": "info_type", "Alias": "it", "Startup Cost": 0.0, "Total Cost": 2.12, "Plan Rows": 112, "Plan Width": 4}]}]}]}, "Unique SQL Id": 2510907716, "Planner Runtime": 7}, "explain_analyze_plan": {"Plan": {"Node Type": "Aggregate", "Strategy": "Plain", "Startup Cost": 75460.38, "Total Cost": 75460.39, "Plan Rows": 1, "Plan Width": 49, "Actual Startup Time": 1037.483, "Actual Total Time": 1037.483, "Actual Rows": 1, "Actual Loops": 1, "Plans": [{"Node Type": "Hash Join", "Parent Relationship": "Outer", "Join Type": "Inner", "Startup Cost": 8.77, "Total Cost": 75455.58, "Plan Rows": 1919, "Plan Width": 17, "Actual Startup Time": 1037.475, "Actual Total Time": 1037.475, "Actual Rows": 0, "Actual Loops": 1, "Inner Unique": true, "Hash Cond": "(mi.info_type_id = it.id)", "Plans": [{"Node Type": "Nested Loop", "Parent Relationship": "Outer", "Join Type": "Inner", "Startup Cost": 5.25, "Total Cost": 75426.73, "Plan Rows": 1919, "Plan Width": 21, "Actual Startup Time": 1037.327, "Actual Total Time": 1037.327, "Actual Rows": 0, "Actual Loops": 1, "Inner Unique": false, "Plans": [{"Node Type": "Nested Loop", "Parent Relationship": "Outer", "Join Type": "Inner", "Startup Cost": 4.74, "Total Cost": 66764.81, "Plan Rows": 1869, "Plan Width": 25, "Actual Startup Time": 1037.324, "Actual Total Time": 1037.324, "Actual Rows": 0, "Actual Loops": 1, "Inner Unique": true, "Plans": [{"Node Type": "Hash Join", "Parent Relationship": "Outer", "Join Type": "Inner", "Startup Cost": 1.05, "Total Cost": 54887.09, "Plan Rows": 1540, "Plan Width": 4, "Actual Startup Time": 1037.294, "Actual Total Time": 1037.294, "Actual Rows": 0, "Actual Loops": 1, "Inner Unique": true, "Hash Cond": "(mc.company_type_id = ct.id)", "Plans": [{"Node Type": "Seq Scan", "Parent Relationship": "Outer", "Relation Name": "movie_companies", "Alias": "mc", "Startup Cost": 0.0, "Total Cost": 54862.92, "Plan Rows": 3081, "Plan Width": 8, "Actual Startup Time": 8.852, "Actual Total Time": 1032.719, "Actual Rows": 24025, "Actual Loops": 1, "Filter": "(((note)::text ~~ '%(theatrical)%'::text) AND ((note)::text ~~ '%(France)%'::text))", "Rows Removed by Filter": 2585103}, {"Node Type": "Hash", "Parent Relationship": "Inner", "Startup Cost": 1.04, "Total Cost": 1.04, "Plan Rows": 1, "Plan Width": 4, "Actual Startup Time": 0.036, "Actual Total Time": 0.036, "Actual Rows": 1, "Actual Loops": 1, "Hash Buckets": 32768, "Hash Batches": 1, "Original Hash Batches": 1, "Peak Memory Usage": 1, "Plans": [{"Node Type": "Seq Scan", "Parent Relationship": "Outer", "Relation Name": "company_type", "Alias": "ct", "Startup Cost": 0.0, "Total Cost": 1.04, "Plan Rows": 1, "Plan Width": 4, "Actual Startup Time": 0.024, "Actual Total Time": 0.028, "Actual Rows": 1, "Actual Loops": 1, "Filter": "((kind)::text = 'production companies'::text)", "Rows Removed by Filter": 2}]}]}, {"Node Type": "Bitmap Heap Scan", "Parent Relationship": "Inner", "Relation Name": "title", "Alias": "t", "Startup Cost": 3.69, "Total Cost": 7.7, "Plan Rows": 1, "Plan Width": 21, "Actual Startup Time": 0.0, "Actual Total Time": 0.0, "Recheck Cond": "(id = mc.movie_id)", "Rows Removed by Index Recheck": 0, "Filter": "(production_year > 2005)", "Rows Removed by Filter": 0, "Exact Heap Blocks": 0, "Lossy Heap Blocks": 0, "Plans": [{"Node Type": "Bitmap Index Scan", "Parent Relationship": "Outer", "Index Name": "title_pkey", "Startup Cost": 0.0, "Total Cost": 3.69, "Plan Rows": 1, "Plan Width": 0, "Actual Startup Time": 0.0, "Actual Total Time": 0.0, "Index Cond": "(id = mc.movie_id)"}]}]}, {"Node Type": "Bitmap Heap Scan", "Parent Relationship": "Inner", "Relation Name": "movie_info", "Alias": "mi", "Startup Cost": 0.51, "Total Cost": 4.62, "Plan Rows": 1, "Plan Width": 8, "Actual Startup Time": 0.0, "Actual Total Time": 0.0, "Recheck Cond": "(movie_id = t.id)", "Rows Removed by Index Recheck": 0, "Filter": "((info)::text = ANY ('{Sweden,Norway,Germany,Denmark,Swedish,Denish,Norwegian,German}'::text[]))", "Rows Removed by Filter": 0, "Exact Heap Blocks": 0, "Lossy Heap Blocks": 0, "Plans": [{"Node Type": "Bitmap Index Scan", "Parent Relationship": "Outer", "Index Name": "movie_id_movie_info", "Startup Cost": 0.0, "Total Cost": 0.51, "Plan Rows": 5, "Plan Width": 0, "Actual Startup Time": 0.0, "Actual Total Time": 0.0, "Index Cond": "(movie_id = t.id)"}]}]}, {"Node Type": "Hash", "Parent Relationship": "Inner", "Startup Cost": 2.12, "Total Cost": 2.12, "Plan Rows": 112, "Plan Width": 4, "Actual Startup Time": 0.099, "Actual Total Time": 0.099, "Actual Rows": 112, "Actual Loops": 1, "Hash Buckets": 32768, "Hash Batches": 1, "Original Hash Batches": 1, "Peak Memory Usage": 4, "Plans": [{"Node Type": "Seq Scan", "Parent Relationship": "Outer", "Relation Name": "info_type", "Alias": "it", "Startup Cost": 0.0, "Total Cost": 2.12, "Plan Rows": 112, "Plan Width": 4, "Actual Startup Time": 0.032, "Actual Total Time": 0.055, "Actual Rows": 112, "Actual Loops": 1}]}]}]}, "Triggers": [], "Planner Runtime": 11.407, "Total Runtime": 1037.812, "Unique SQL Id": 2510907716}}, "(64, '103')": {"explain_plan": {"Plan": {"Node Type": "Aggregate", "Strategy": "Plain", "Startup Cost": 88113.56, "Total Cost": 88113.57, "Plan Rows": 1, "Plan Width": 49, "Plans": [{"Node Type": "Hash Join", "Parent Relationship": "Outer", "Join Type": "Inner", "Startup Cost": 28972.69, "Total Cost": 88108.77, "Plan Rows": 1919, "Plan Width": 17, "Inner Unique": true, "Hash Cond": "(mi.info_type_id = it.id)", "Plans": [{"Node Type": "Nested Loop", "Parent Relationship": "Outer", "Join Type": "Inner", "Startup Cost": 28957.33, "Total Cost": 88068.08, "Plan Rows": 1919, "Plan Width": 21, "Inner Unique": false, "Plans": [{"Node Type": "Nested Loop", "Parent Relationship": "Outer", "Join Type": "Inner", "Startup Cost": 28956.82, "Total Cost": 79406.16, "Plan Rows": 1869, "Plan Width": 25, "Inner Unique": true, "Plans": [{"Node Type": "Nested Loop", "Parent Relationship": "Outer", "Join Type": "Inner", "Startup Cost": 28953.13, "Total Cost": 67528.44, "Plan Rows": 1540, "Plan Width": 4, "Inner Unique": false, "Plans": [{"Node Type": "Bitmap Heap Scan", "Parent Relationship": "Outer", "Relation Name": "company_type", "Alias": "ct", "Startup Cost": 8.27, "Total Cost": 12.3, "Plan Rows": 1, "Plan Width": 4, "Filter": "((kind)::text = 'production companies'::text)", "Plans": [{"Node Type": "Bitmap Index Scan", "Parent Relationship": "Outer", "Index Name": "company_type_pkey", "Startup Cost": 0.0, "Total Cost": 8.27, "Plan Rows": 3, "Plan Width": 0}]}, {"Node Type": "Bitmap Heap Scan", "Parent Relationship": "Inner", "Relation Name": "movie_companies", "Alias": "mc", "Startup Cost": 28944.86, "Total Cost": 67500.74, "Plan Rows": 1540, "Plan Width": 8, "Recheck Cond": "(company_type_id = ct.id)", "Filter": "(((note)::text ~~ '%(theatrical)%'::text) AND ((note)::text ~~ '%(France)%'::text))", "Plans": [{"Node Type": "Bitmap Index Scan", "Parent Relationship": "Outer", "Index Name": "company_type_id_movie_companies", "Startup Cost": 0.0, "Total Cost": 28944.48, "Plan Rows": 1304564, "Plan Width": 0, "Index Cond": "(company_type_id = ct.id)"}]}]}, {"Node Type": "Bitmap Heap Scan", "Parent Relationship": "Inner", "Relation Name": "title", "Alias": "t", "Startup Cost": 3.69, "Total Cost": 7.7, "Plan Rows": 1, "Plan Width": 21, "Recheck Cond": "(id = mc.movie_id)", "Filter": "(production_year > 2005)", "Plans": [{"Node Type": "Bitmap Index Scan", "Parent Relationship": "Outer", "Index Name": "title_pkey", "Startup Cost": 0.0, "Total Cost": 3.69, "Plan Rows": 1, "Plan Width": 0, "Index Cond": "(id = mc.movie_id)"}]}]}, {"Node Type": "Bitmap Heap Scan", "Parent Relationship": "Inner", "Relation Name": "movie_info", "Alias": "mi", "Startup Cost": 0.51, "Total Cost": 4.62, "Plan Rows": 1, "Plan Width": 8, "Recheck Cond": "(movie_id = t.id)", "Filter": "((info)::text = ANY ('{Sweden,Norway,Germany,Denmark,Swedish,Denish,Norwegian,German}'::text[]))", "Plans": [{"Node Type": "Bitmap Index Scan", "Parent Relationship": "Outer", "Index Name": "movie_id_movie_info", "Startup Cost": 0.0, "Total Cost": 0.51, "Plan Rows": 5, "Plan Width": 0, "Index Cond": "(movie_id = t.id)"}]}]}, {"Node Type": "Hash", "Parent Relationship": "Inner", "Startup Cost": 13.96, "Total Cost": 13.96, "Plan Rows": 112, "Plan Width": 4, "Plans": [{"Node Type": "Bitmap Heap Scan", "Parent Relationship": "Outer", "Relation Name": "info_type", "Alias": "it", "Startup Cost": 8.84, "Total Cost": 13.96, "Plan Rows": 112, "Plan Width": 4, "Plans": [{"Node Type": "Bitmap Index Scan", "Parent Relationship": "Outer", "Index Name": "info_type_pkey", "Startup Cost": 0.0, "Total Cost": 8.81, "Plan Rows": 112, "Plan Width": 0}]}]}]}]}, "Unique SQL Id": 2510907716, "Planner Runtime": 4}, "explain_analyze_plan": {"Plan": {"Node Type": "Aggregate", "Strategy": "Plain", "Startup Cost": 88113.56, "Total Cost": 88113.57, "Plan Rows": 1, "Plan Width": 49, "Actual Startup Time": 645.057, "Actual Total Time": 645.058, "Actual Rows": 1, "Actual Loops": 1, "Plans": [{"Node Type": "Hash Join", "Parent Relationship": "Outer", "Join Type": "Inner", "Startup Cost": 28972.69, "Total Cost": 88108.77, "Plan Rows": 1919, "Plan Width": 17, "Actual Startup Time": 645.05, "Actual Total Time": 645.05, "Actual Rows": 0, "Actual Loops": 1, "Inner Unique": true, "Hash Cond": "(mi.info_type_id = it.id)", "Plans": [{"Node Type": "Nested Loop", "Parent Relationship": "Outer", "Join Type": "Inner", "Startup Cost": 28957.33, "Total Cost": 88068.08, "Plan Rows": 1919, "Plan Width": 21, "Actual Startup Time": 644.895, "Actual Total Time": 644.895, "Actual Rows": 0, "Actual Loops": 1, "Inner Unique": false, "Plans": [{"Node Type": "Nested Loop", "Parent Relationship": "Outer", "Join Type": "Inner", "Startup Cost": 28956.82, "Total Cost": 79406.16, "Plan Rows": 1869, "Plan Width": 25, "Actual Startup Time": 644.892, "Actual Total Time": 644.892, "Actual Rows": 0, "Actual Loops": 1, "Inner Unique": true, "Plans": [{"Node Type": "Nested Loop", "Parent Relationship": "Outer", "Join Type": "Inner", "Startup Cost": 28953.13, "Total Cost": 67528.44, "Plan Rows": 1540, "Plan Width": 4, "Actual Startup Time": 644.89, "Actual Total Time": 644.89, "Actual Rows": 0, "Actual Loops": 1, "Inner Unique": false, "Plans": [{"Node Type": "Bitmap Heap Scan", "Parent Relationship": "Outer", "Relation Name": "company_type", "Alias": "ct", "Startup Cost": 8.27, "Total Cost": 12.3, "Plan Rows": 1, "Plan Width": 4, "Actual Startup Time": 0.012, "Actual Total Time": 0.019, "Actual Rows": 1, "Actual Loops": 1, "Filter": "((kind)::text = 'production companies'::text)", "Rows Removed by Filter": 2, "Exact Heap Blocks": 1, "Lossy Heap Blocks": 1, "Plans": [{"Node Type": "Bitmap Index Scan", "Parent Relationship": "Outer", "Index Name": "company_type_pkey", "Startup Cost": 0.0, "Total Cost": 8.27, "Plan Rows": 3, "Plan Width": 0, "Actual Startup Time": 0.002, "Actual Total Time": 0.002, "Actual Rows": 3, "Actual Loops": 1}]}, {"Node Type": "Bitmap Heap Scan", "Parent Relationship": "Inner", "Relation Name": "movie_companies", "Alias": "mc", "Startup Cost": 28944.86, "Total Cost": 67500.74, "Plan Rows": 1540, "Plan Width": 8, "Actual Startup Time": 644.864, "Actual Total Time": 644.864, "Actual Rows": 0, "Actual Loops": 1, "Recheck Cond": "(company_type_id = ct.id)", "Rows Removed by Index Recheck": 0, "Filter": "(((note)::text ~~ '%(theatrical)%'::text) AND ((note)::text ~~ '%(France)%'::text))", "Rows Removed by Filter": 1334883, "Exact Heap Blocks": 6196, "Lossy Heap Blocks": 6196, "Plans": [{"Node Type": "Bitmap Index Scan", "Parent Relationship": "Outer", "Index Name": "company_type_id_movie_companies", "Startup Cost": 0.0, "Total Cost": 28944.48, "Plan Rows": 1304564, "Plan Width": 0, "Actual Startup Time": 156.658, "Actual Total Time": 156.658, "Actual Rows": 1334883, "Actual Loops": 1, "Index Cond": "(company_type_id = ct.id)"}]}]}, {"Node Type": "Bitmap Heap Scan", "Parent Relationship": "Inner", "Relation Name": "title", "Alias": "t", "Startup Cost": 3.69, "Total Cost": 7.7, "Plan Rows": 1, "Plan Width": 21, "Actual Startup Time": 0.0, "Actual Total Time": 0.0, "Recheck Cond": "(id = mc.movie_id)", "Rows Removed by Index Recheck": 0, "Filter": "(production_year > 2005)", "Rows Removed by Filter": 0, "Exact Heap Blocks": 0, "Lossy Heap Blocks": 0, "Plans": [{"Node Type": "Bitmap Index Scan", "Parent Relationship": "Outer", "Index Name": "title_pkey", "Startup Cost": 0.0, "Total Cost": 3.69, "Plan Rows": 1, "Plan Width": 0, "Actual Startup Time": 0.0, "Actual Total Time": 0.0, "Index Cond": "(id = mc.movie_id)"}]}]}, {"Node Type": "Bitmap Heap Scan", "Parent Relationship": "Inner", "Relation Name": "movie_info", "Alias": "mi", "Startup Cost": 0.51, "Total Cost": 4.62, "Plan Rows": 1, "Plan Width": 8, "Actual Startup Time": 0.0, "Actual Total Time": 0.0, "Recheck Cond": "(movie_id = t.id)", "Rows Removed by Index Recheck": 0, "Filter": "((info)::text = ANY ('{Sweden,Norway,Germany,Denmark,Swedish,Denish,Norwegian,German}'::text[]))", "Rows Removed by Filter": 0, "Exact Heap Blocks": 0, "Lossy Heap Blocks": 0, "Plans": [{"Node Type": "Bitmap Index Scan", "Parent Relationship": "Outer", "Index Name": "movie_id_movie_info", "Startup Cost": 0.0, "Total Cost": 0.51, "Plan Rows": 5, "Plan Width": 0, "Actual Startup Time": 0.0, "Actual Total Time": 0.0, "Index Cond": "(movie_id = t.id)"}]}]}, {"Node Type": "Hash", "Parent Relationship": "Inner", "Startup Cost": 13.96, "Total Cost": 13.96, "Plan Rows": 112, "Plan Width": 4, "Actual Startup Time": 0.112, "Actual Total Time": 0.112, "Actual Rows": 112, "Actual Loops": 1, "Hash Buckets": 32768, "Hash Batches": 1, "Original Hash Batches": 1, "Peak Memory Usage": 4, "Plans": [{"Node Type": "Bitmap Heap Scan", "Parent Relationship": "Outer", "Relation Name": "info_type", "Alias": "it", "Startup Cost": 8.84, "Total Cost": 13.96, "Plan Rows": 112, "Plan Width": 4, "Actual Startup Time": 0.055, "Actual Total Time": 0.075, "Actual Rows": 112, "Actual Loops": 1, "Exact Heap Blocks": 1, "Lossy Heap Blocks": 1, "Plans": [{"Node Type": "Bitmap Index Scan", "Parent Relationship": "Outer", "Index Name": "info_type_pkey", "Startup Cost": 0.0, "Total Cost": 8.81, "Plan Rows": 112, "Plan Width": 0, "Actual Startup Time": 0.014, "Actual Total Time": 0.014, "Actual Rows": 112, "Actual Loops": 1}]}]}]}]}, "Triggers": [], "Planner Runtime": 8.109, "Total Runtime": 645.411, "Unique SQL Id": 2510907716}}, "(64, '104')": {"explain_plan": {"Plan": {"Node Type": "Aggregate", "Strategy": "Plain", "Startup Cost": 69326.03, "Total Cost": 69326.04, "Plan Rows": 1, "Plan Width": 49, "Plans": [{"Node Type": "Nested Loop", "Parent Relationship": "Outer", "Join Type": "Inner", "Startup Cost": 1.05, "Total Cost": 69321.23, "Plan Rows": 1919, "Plan Width": 17, "Inner Unique": true, "Plans": [{"Node Type": "Nested Loop", "Parent Relationship": "Outer", "Join Type": "Inner", "Startup Cost": 1.05, "Total Cost": 68783.8, "Plan Rows": 1919, "Plan Width": 21, "Inner Unique": false, "Plans": [{"Node Type": "Nested Loop", "Parent Relationship": "Outer", "Join Type": "Inner", "Startup Cost": 1.05, "Total Cost": 66504.51, "Plan Rows": 1869, "Plan Width": 25, "Inner Unique": true, "Plans": [{"Node Type": "Hash Join", "Parent Relationship": "Outer", "Join Type": "Inner", "Startup Cost": 1.05, "Total Cost": 54887.09, "Plan Rows": 1540, "Plan Width": 4, "Inner Unique": true, "Hash Cond": "(mc.company_type_id = ct.id)", "Plans": [{"Node Type": "Seq Scan", "Parent Relationship": "Outer", "Relation Name": "movie_companies", "Alias": "mc", "Startup Cost": 0.0, "Total Cost": 54862.92, "Plan Rows": 3081, "Plan Width": 8, "Filter": "(((note)::text ~~ '%(theatrical)%'::text) AND ((note)::text ~~ '%(France)%'::text))"}, {"Node Type": "Hash", "Parent Relationship": "Inner", "Startup Cost": 1.04, "Total Cost": 1.04, "Plan Rows": 1, "Plan Width": 4, "Plans": [{"Node Type": "Seq Scan", "Parent Relationship": "Outer", "Relation Name": "company_type", "Alias": "ct", "Startup Cost": 0.0, "Total Cost": 1.04, "Plan Rows": 1, "Plan Width": 4, "Filter": "((kind)::text = 'production companies'::text)"}]}]}, {"Node Type": "Index Scan", "Parent Relationship": "Inner", "Scan Direction": "Forward", "Index Name": "title_pkey", "Relation Name": "title", "Alias": "t", "Startup Cost": 0.0, "Total Cost": 7.53, "Plan Rows": 1, "Plan Width": 21, "Index Cond": "(id = mc.movie_id)", "Filter": "(production_year > 2005)"}]}, {"Node Type": "Index Scan", "Parent Relationship": "Inner", "Scan Direction": "Forward", "Index Name": "movie_id_movie_info", "Relation Name": "movie_info", "Alias": "mi", "Startup Cost": 0.0, "Total Cost": 1.21, "Plan Rows": 1, "Plan Width": 8, "Index Cond": "(movie_id = t.id)", "Filter": "((info)::text = ANY ('{Sweden,Norway,Germany,Denmark,Swedish,Denish,Norwegian,German}'::text[]))"}]}, {"Node Type": "Index Only Scan", "Parent Relationship": "Inner", "Scan Direction": "Forward", "Index Name": "info_type_pkey", "Relation Name": "info_type", "Alias": "it", "Startup Cost": 0.0, "Total Cost": 0.27, "Plan Rows": 1, "Plan Width": 4, "Index Cond": "(id = mi.info_type_id)"}]}]}, "Unique SQL Id": 2510907716, "Planner Runtime": 7}, "explain_analyze_plan": {"Plan": {"Node Type": "Aggregate", "Strategy": "Plain", "Startup Cost": 69326.03, "Total Cost": 69326.04, "Plan Rows": 1, "Plan Width": 49, "Actual Startup Time": 1045.834, "Actual Total Time": 1045.835, "Actual Rows": 1, "Actual Loops": 1, "Plans": [{"Node Type": "Nested Loop", "Parent Relationship": "Outer", "Join Type": "Inner", "Startup Cost": 1.05, "Total Cost": 69321.23, "Plan Rows": 1919, "Plan Width": 17, "Actual Startup Time": 1045.824, "Actual Total Time": 1045.824, "Actual Rows": 0, "Actual Loops": 1, "Inner Unique": true, "Plans": [{"Node Type": "Nested Loop", "Parent Relationship": "Outer", "Join Type": "Inner", "Startup Cost": 1.05, "Total Cost": 68783.8, "Plan Rows": 1919, "Plan Width": 21, "Actual Startup Time": 1045.823, "Actual Total Time": 1045.823, "Actual Rows": 0, "Actual Loops": 1, "Inner Unique": false, "Plans": [{"Node Type": "Nested Loop", "Parent Relationship": "Outer", "Join Type": "Inner", "Startup Cost": 1.05, "Total Cost": 66504.51, "Plan Rows": 1869, "Plan Width": 25, "Actual Startup Time": 1045.822, "Actual Total Time": 1045.822, "Actual Rows": 0, "Actual Loops": 1, "Inner Unique": true, "Plans": [{"Node Type": "Hash Join", "Parent Relationship": "Outer", "Join Type": "Inner", "Startup Cost": 1.05, "Total Cost": 54887.09, "Plan Rows": 1540, "Plan Width": 4, "Actual Startup Time": 1045.772, "Actual Total Time": 1045.772, "Actual Rows": 0, "Actual Loops": 1, "Inner Unique": true, "Hash Cond": "(mc.company_type_id = ct.id)", "Plans": [{"Node Type": "Seq Scan", "Parent Relationship": "Outer", "Relation Name": "movie_companies", "Alias": "mc", "Startup Cost": 0.0, "Total Cost": 54862.92, "Plan Rows": 3081, "Plan Width": 8, "Actual Startup Time": 9.039, "Actual Total Time": 1041.162, "Actual Rows": 24025, "Actual Loops": 1, "Filter": "(((note)::text ~~ '%(theatrical)%'::text) AND ((note)::text ~~ '%(France)%'::text))", "Rows Removed by Filter": 2585103}, {"Node Type": "Hash", "Parent Relationship": "Inner", "Startup Cost": 1.04, "Total Cost": 1.04, "Plan Rows": 1, "Plan Width": 4, "Actual Startup Time": 0.016, "Actual Total Time": 0.016, "Actual Rows": 1, "Actual Loops": 1, "Hash Buckets": 32768, "Hash Batches": 1, "Original Hash Batches": 1, "Peak Memory Usage": 1, "Plans": [{"Node Type": "Seq Scan", "Parent Relationship": "Outer", "Relation Name": "company_type", "Alias": "ct", "Startup Cost": 0.0, "Total Cost": 1.04, "Plan Rows": 1, "Plan Width": 4, "Actual Startup Time": 0.01, "Actual Total Time": 0.012, "Actual Rows": 1, "Actual Loops": 1, "Filter": "((kind)::text = 'production companies'::text)", "Rows Removed by Filter": 2}]}]}, {"Node Type": "Index Scan", "Parent Relationship": "Inner", "Scan Direction": "Forward", "Index Name": "title_pkey", "Relation Name": "title", "Alias": "t", "Startup Cost": 0.0, "Total Cost": 7.53, "Plan Rows": 1, "Plan Width": 21, "Actual Startup Time": 0.0, "Actual Total Time": 0.0, "Index Cond": "(id = mc.movie_id)", "Rows Removed by Index Recheck": 0, "Filter": "(production_year > 2005)", "Rows Removed by Filter": 0}]}, {"Node Type": "Index Scan", "Parent Relationship": "Inner", "Scan Direction": "Forward", "Index Name": "movie_id_movie_info", "Relation Name": "movie_info", "Alias": "mi", "Startup Cost": 0.0, "Total Cost": 1.21, "Plan Rows": 1, "Plan Width": 8, "Actual Startup Time": 0.0, "Actual Total Time": 0.0, "Index Cond": "(movie_id = t.id)", "Rows Removed by Index Recheck": 0, "Filter": "((info)::text = ANY ('{Sweden,Norway,Germany,Denmark,Swedish,Denish,Norwegian,German}'::text[]))", "Rows Removed by Filter": 0}]}, {"Node Type": "Index Only Scan", "Parent Relationship": "Inner", "Scan Direction": "Forward", "Index Name": "info_type_pkey", "Relation Name": "info_type", "Alias": "it", "Startup Cost": 0.0, "Total Cost": 0.27, "Plan Rows": 1, "Plan Width": 4, "Actual Startup Time": 0.0, "Actual Total Time": 0.0, "Index Cond": "(id = mi.info_type_id)", "Rows Removed by Index Recheck": 0, "Heap Fetches": 0}]}]}, "Triggers": [], "Planner Runtime": 11.031, "Total Runtime": 1046.088, "Unique SQL Id": 2510907716}}, "(64, '105')": {"explain_plan": {"Plan": {"Node Type": "Aggregate", "Strategy": "Plain", "Startup Cost": 74106.99, "Total Cost": 74107.0, "Plan Rows": 1, "Plan Width": 49, "Plans": [{"Node Type": "Nested Loop", "Parent Relationship": "Outer", "Join Type": "Inner", "Startup Cost": 0.0, "Total Cost": 74102.19, "Plan Rows": 1919, "Plan Width": 17, "Inner Unique": true, "Plans": [{"Node Type": "Nested Loop", "Parent Relationship": "Outer", "Join Type": "Inner", "Startup Cost": 0.0, "Total Cost": 73564.77, "Plan Rows": 1919, "Plan Width": 21, "Inner Unique": false, "Plans": [{"Node Type": "Nested Loop", "Parent Relationship": "Outer", "Join Type": "Inner", "Startup Cost": 0.0, "Total Cost": 71285.47, "Plan Rows": 1869, "Plan Width": 25, "Inner Unique": true, "Plans": [{"Node Type": "Nested Loop", "Parent Relationship": "Outer", "Join Type": "Inner", "Startup Cost": 0.0, "Total Cost": 59668.05, "Plan Rows": 1540, "Plan Width": 4, "Inner Unique": false, "Plans": [{"Node Type": "Index Scan", "Parent Relationship": "Outer", "Scan Direction": "Forward", "Index Name": "company_type_pkey", "Relation Name": "company_type", "Alias": "ct", "Startup Cost": 0.0, "Total Cost": 12.3, "Plan Rows": 1, "Plan Width": 4, "Filter": "((kind)::text = 'production companies'::text)"}, {"Node Type": "Index Scan", "Parent Relationship": "Inner", "Scan Direction": "Forward", "Index Name": "company_type_id_movie_companies", "Relation Name": "movie_companies", "Alias": "mc", "Startup Cost": 0.0, "Total Cost": 59640.35, "Plan Rows": 1540, "Plan Width": 8, "Index Cond": "(company_type_id = ct.id)", "Filter": "(((note)::text ~~ '%(theatrical)%'::text) AND ((note)::text ~~ '%(France)%'::text))"}]}, {"Node Type": "Index Scan", "Parent Relationship": "Inner", "Scan Direction": "Forward", "Index Name": "title_pkey", "Relation Name": "title", "Alias": "t", "Startup Cost": 0.0, "Total Cost": 7.53, "Plan Rows": 1, "Plan Width": 21, "Index Cond": "(id = mc.movie_id)", "Filter": "(production_year > 2005)"}]}, {"Node Type": "Index Scan", "Parent Relationship": "Inner", "Scan Direction": "Forward", "Index Name": "movie_id_movie_info", "Relation Name": "movie_info", "Alias": "mi", "Startup Cost": 0.0, "Total Cost": 1.21, "Plan Rows": 1, "Plan Width": 8, "Index Cond": "(movie_id = t.id)", "Filter": "((info)::text = ANY ('{Sweden,Norway,Germany,Denmark,Swedish,Denish,Norwegian,German}'::text[]))"}]}, {"Node Type": "Index Only Scan", "Parent Relationship": "Inner", "Scan Direction": "Forward", "Index Name": "info_type_pkey", "Relation Name": "info_type", "Alias": "it", "Startup Cost": 0.0, "Total Cost": 0.27, "Plan Rows": 1, "Plan Width": 4, "Index Cond": "(id = mi.info_type_id)"}]}]}, "Unique SQL Id": 2510907716, "Planner Runtime": 4}, "explain_analyze_plan": {"Plan": {"Node Type": "Aggregate", "Strategy": "Plain", "Startup Cost": 74106.99, "Total Cost": 74107.0, "Plan Rows": 1, "Plan Width": 49, "Actual Startup Time": 629.666, "Actual Total Time": 629.667, "Actual Rows": 1, "Actual Loops": 1, "Plans": [{"Node Type": "Nested Loop", "Parent Relationship": "Outer", "Join Type": "Inner", "Startup Cost": 0.0, "Total Cost": 74102.19, "Plan Rows": 1919, "Plan Width": 17, "Actual Startup Time": 629.656, "Actual Total Time": 629.656, "Actual Rows": 0, "Actual Loops": 1, "Inner Unique": true, "Plans": [{"Node Type": "Nested Loop", "Parent Relationship": "Outer", "Join Type": "Inner", "Startup Cost": 0.0, "Total Cost": 73564.77, "Plan Rows": 1919, "Plan Width": 21, "Actual Startup Time": 629.655, "Actual Total Time": 629.655, "Actual Rows": 0, "Actual Loops": 1, "Inner Unique": false, "Plans": [{"Node Type": "Nested Loop", "Parent Relationship": "Outer", "Join Type": "Inner", "Startup Cost": 0.0, "Total Cost": 71285.47, "Plan Rows": 1869, "Plan Width": 25, "Actual Startup Time": 629.655, "Actual Total Time": 629.655, "Actual Rows": 0, "Actual Loops": 1, "Inner Unique": true, "Plans": [{"Node Type": "Nested Loop", "Parent Relationship": "Outer", "Join Type": "Inner", "Startup Cost": 0.0, "Total Cost": 59668.05, "Plan Rows": 1540, "Plan Width": 4, "Actual Startup Time": 629.654, "Actual Total Time": 629.654, "Actual Rows": 0, "Actual Loops": 1, "Inner Unique": false, "Plans": [{"Node Type": "Index Scan", "Parent Relationship": "Outer", "Scan Direction": "Forward", "Index Name": "company_type_pkey", "Relation Name": "company_type", "Alias": "ct", "Startup Cost": 0.0, "Total Cost": 12.3, "Plan Rows": 1, "Plan Width": 4, "Actual Startup Time": 0.022, "Actual Total Time": 0.03, "Actual Rows": 1, "Actual Loops": 1, "Filter": "((kind)::text = 'production companies'::text)", "Rows Removed by Filter": 2}, {"Node Type": "Index Scan", "Parent Relationship": "Inner", "Scan Direction": "Forward", "Index Name": "company_type_id_movie_companies", "Relation Name": "movie_companies", "Alias": "mc", "Startup Cost": 0.0, "Total Cost": 59640.35, "Plan Rows": 1540, "Plan Width": 8, "Actual Startup Time": 629.618, "Actual Total Time": 629.618, "Actual Rows": 0, "Actual Loops": 1, "Index Cond": "(company_type_id = ct.id)", "Rows Removed by Index Recheck": 0, "Filter": "(((note)::text ~~ '%(theatrical)%'::text) AND ((note)::text ~~ '%(France)%'::text))", "Rows Removed by Filter": 1334883}]}, {"Node Type": "Index Scan", "Parent Relationship": "Inner", "Scan Direction": "Forward", "Index Name": "title_pkey", "Relation Name": "title", "Alias": "t", "Startup Cost": 0.0, "Total Cost": 7.53, "Plan Rows": 1, "Plan Width": 21, "Actual Startup Time": 0.0, "Actual Total Time": 0.0, "Index Cond": "(id = mc.movie_id)", "Rows Removed by Index Recheck": 0, "Filter": "(production_year > 2005)", "Rows Removed by Filter": 0}]}, {"Node Type": "Index Scan", "Parent Relationship": "Inner", "Scan Direction": "Forward", "Index Name": "movie_id_movie_info", "Relation Name": "movie_info", "Alias": "mi", "Startup Cost": 0.0, "Total Cost": 1.21, "Plan Rows": 1, "Plan Width": 8, "Actual Startup Time": 0.0, "Actual Total Time": 0.0, "Index Cond": "(movie_id = t.id)", "Rows Removed by Index Recheck": 0, "Filter": "((info)::text = ANY ('{Sweden,Norway,Germany,Denmark,Swedish,Denish,Norwegian,German}'::text[]))", "Rows Removed by Filter": 0}]}, {"Node Type": "Index Only Scan", "Parent Relationship": "Inner", "Scan Direction": "Forward", "Index Name": "info_type_pkey", "Relation Name": "info_type", "Alias": "it", "Startup Cost": 0.0, "Total Cost": 0.27, "Plan Rows": 1, "Plan Width": 4, "Actual Startup Time": 0.0, "Actual Total Time": 0.0, "Index Cond": "(id = mi.info_type_id)", "Rows Removed by Index Recheck": 0, "Heap Fetches": 0}]}]}, "Triggers": [], "Planner Runtime": 8.174, "Total Runtime": 629.914, "Unique SQL Id": 2510907716}}, "(64, '106')": {"explain_plan": {"Plan": {"Node Type": "Aggregate", "Strategy": "Plain", "Startup Cost": 221573.78, "Total Cost": 221573.79, "Plan Rows": 1, "Plan Width": 49, "Plans": [{"Node Type": "Hash Join", "Parent Relationship": "Outer", "Join Type": "Inner", "Startup Cost": 148126.34, "Total Cost": 221568.98, "Plan Rows": 1919, "Plan Width": 17, "Inner Unique": true, "Hash Cond": "(mi.info_type_id = it.id)", "Plans": [{"Node Type": "Hash Join", "Parent Relationship": "Outer", "Join Type": "Inner", "Startup Cost": 148122.82, "Total Cost": 221539.08, "Plan Rows": 1919, "Plan Width": 21, "Inner Unique": false, "Hash Cond": "(mi.movie_id = t.id)", "Plans": [{"Node Type": "Streaming(type: LOCAL GATHER dop: 1/64)", "Parent Relationship": "Outer", "Startup Cost": 0.0, "Total Cost": 72882.54, "Plan Rows": 141478, "Plan Width": 8, "Plans": [{"Node Type": "Seq Scan", "Parent Relationship": "Outer", "Relation Name": "movie_info", "Alias": "mi", "Startup Cost": 0.0, "Total Cost": 69963.86, "Plan Rows": 141478, "Plan Width": 8, "Filter": "((info)::text = ANY ('{Sweden,Norway,Germany,Denmark,Swedish,Denish,Norwegian,German}'::text[]))"}]}, {"Node Type": "Hash", "Parent Relationship": "Inner", "Startup Cost": 148099.46, "Total Cost": 148099.46, "Plan Rows": 1869, "Plan Width": 25, "Plans": [{"Node Type": "Hash Join", "Parent Relationship": "Outer", "Join Type": "Inner", "Startup Cost": 54906.34, "Total Cost": 148099.46, "Plan Rows": 1869, "Plan Width": 25, "Inner Unique": false, "Hash Cond": "(t.id = mc.movie_id)", "Plans": [{"Node Type": "Streaming(type: LOCAL GATHER dop: 1/64)", "Parent Relationship": "Outer", "Startup Cost": 0.0, "Total Cost": 84945.56, "Plan Rows": 1013492, "Plan Width": 21, "Plans": [{"Node Type": "Seq Scan", "Parent Relationship": "Outer", "Relation Name": "title", "Alias": "t", "Startup Cost": 0.0, "Total Cost": 64037.34, "Plan Rows": 1013492, "Plan Width": 21, "Filter": "(production_year > 2005), (LLVM Optimized)"}]}, {"Node Type": "Hash", "Parent Relationship": "Inner", "Startup Cost": 54887.09, "Total Cost": 54887.09, "Plan Rows": 1540, "Plan Width": 4, "Plans": [{"Node Type": "Hash Join", "Parent Relationship": "Outer", "Join Type": "Inner", "Startup Cost": 1.05, "Total Cost": 54887.09, "Plan Rows": 1540, "Plan Width": 4, "Inner Unique": true, "Hash Cond": "(mc.company_type_id = ct.id)", "Plans": [{"Node Type": "Seq Scan", "Parent Relationship": "Outer", "Relation Name": "movie_companies", "Alias": "mc", "Startup Cost": 0.0, "Total Cost": 54862.92, "Plan Rows": 3081, "Plan Width": 8, "Filter": "(((note)::text ~~ '%(theatrical)%'::text) AND ((note)::text ~~ '%(France)%'::text))"}, {"Node Type": "Hash", "Parent Relationship": "Inner", "Startup Cost": 1.04, "Total Cost": 1.04, "Plan Rows": 1, "Plan Width": 4, "Plans": [{"Node Type": "Seq Scan", "Parent Relationship": "Outer", "Relation Name": "company_type", "Alias": "ct", "Startup Cost": 0.0, "Total Cost": 1.04, "Plan Rows": 1, "Plan Width": 4, "Filter": "((kind)::text = 'production companies'::text)"}]}]}]}]}]}]}, {"Node Type": "Hash", "Parent Relationship": "Inner", "Startup Cost": 2.12, "Total Cost": 2.12, "Plan Rows": 112, "Plan Width": 4, "Plans": [{"Node Type": "Seq Scan", "Parent Relationship": "Outer", "Relation Name": "info_type", "Alias": "it", "Startup Cost": 0.0, "Total Cost": 2.12, "Plan Rows": 112, "Plan Width": 4}]}]}]}, "Unique SQL Id": 2510907716, "Planner Runtime": 11}, "explain_analyze_plan": {"Plan": {"Node Type": "Aggregate", "Strategy": "Plain", "Startup Cost": 221573.78, "Total Cost": 221573.79, "Plan Rows": 1, "Plan Width": 49, "Actual Min Startup Time": 1037.803, "Actual Max Startup Time": 1037.803, "Actual Min Total Time": 1037.804, "Actual Max Total Time": 1037.804, "Plans": [{"Node Type": "Hash Join", "Parent Relationship": "Outer", "Join Type": "Inner", "Startup Cost": 148126.34, "Total Cost": 221568.98, "Plan Rows": 1919, "Plan Width": 17, "Actual Min Startup Time": 1037.789, "Actual Max Startup Time": 1037.789, "Actual Min Total Time": 1037.789, "Actual Max Total Time": 1037.789, "Inner Unique": true, "Hash Cond": "(mi.info_type_id = it.id)", "Plans": [{"Node Type": "Hash Join", "Parent Relationship": "Outer", "Join Type": "Inner", "Startup Cost": 148122.82, "Total Cost": 221539.08, "Plan Rows": 1919, "Plan Width": 21, "Actual Min Startup Time": 1037.24, "Actual Max Startup Time": 1037.24, "Actual Min Total Time": 1037.24, "Actual Max Total Time": 1037.24, "Inner Unique": false, "Hash Cond": "(mi.movie_id = t.id)", "Plans": [{"Node Type": "Streaming(type: LOCAL GATHER dop: 1/64)", "Parent Relationship": "Outer", "Startup Cost": 0.0, "Total Cost": 72882.54, "Plan Rows": 141478, "Plan Width": 8, "Actual Startup Time": 0.0, "Actual Total Time": 0.0, "Plans": [{"Node Type": "Seq Scan", "Parent Relationship": "Outer", "Relation Name": "movie_info", "Alias": "mi", "Startup Cost": 0.0, "Total Cost": 69963.86, "Plan Rows": 141478, "Plan Width": 8, "Actual Min Startup Time": 0.038, "Actual Max Startup Time": 3.16, "Actual Min Total Time": 0.092, "Actual Max Total Time": 121.625, "Filter": "((info)::text = ANY ('{Sweden,Norway,Germany,Denmark,Swedish,Denish,Norwegian,German}'::text[]))", "Rows Removed by Filter": 2642135, "Actual Rows": 6429}]}, {"Node Type": "Hash", "Parent Relationship": "Inner", "Startup Cost": 148099.46, "Total Cost": 148099.46, "Plan Rows": 1869, "Plan Width": 25, "Actual Min Startup Time": 1036.926, "Actual Max Startup Time": 1036.926, "Actual Min Total Time": 1036.926, "Actual Max Total Time": 1036.926, "Max Hash Buckets": 32768, "Min Hash Buckets": 32768, "Max Hash Batches": 1, "Min Hash Batches": 1, "Max Original Hash Batches": 1, "Min Original Hash Batches": 1, "Max Peak Memory Usage": 0, "min Peak Memory Usage": 0, "Plans": [{"Node Type": "Hash Join", "Parent Relationship": "Outer", "Join Type": "Inner", "Startup Cost": 54906.34, "Total Cost": 148099.46, "Plan Rows": 1869, "Plan Width": 25, "Actual Min Startup Time": 1036.923, "Actual Max Startup Time": 1036.923, "Actual Min Total Time": 1036.923, "Actual Max Total Time": 1036.923, "Inner Unique": false, "Hash Cond": "(t.id = mc.movie_id)", "Plans": [{"Node Type": "Streaming(type: LOCAL GATHER dop: 1/64)", "Parent Relationship": "Outer", "Startup Cost": 0.0, "Total Cost": 84945.56, "Plan Rows": 1013492, "Plan Width": 21, "Actual Startup Time": 0.0, "Actual Total Time": 0.0, "Plans": [{"Node Type": "Seq Scan", "Parent Relationship": "Outer", "Relation Name": "title", "Alias": "t", "Startup Cost": 0.0, "Total Cost": 64037.34, "Plan Rows": 1013492, "Plan Width": 21, "Actual Min Startup Time": 0.026, "Actual Max Startup Time": 0.079, "Actual Min Total Time": 0.098, "Actual Max Total Time": 0.168, "Filter": "(production_year > 2005), (LLVM Optimized, Jit Execute)", "Rows Removed by Filter": 8012, "Actual Rows": 6464}]}, {"Node Type": "Hash", "Parent Relationship": "Inner", "Startup Cost": 54887.09, "Total Cost": 54887.09, "Plan Rows": 1540, "Plan Width": 4, "Actual Min Startup Time": 1036.59, "Actual Max Startup Time": 1036.59, "Actual Min Total Time": 1036.59, "Actual Max Total Time": 1036.59, "Max Hash Buckets": 32768, "Min Hash Buckets": 32768, "Max Hash Batches": 1, "Min Hash Batches": 1, "Max Original Hash Batches": 1, "Min Original Hash Batches": 1, "Max Peak Memory Usage": 0, "min Peak Memory Usage": 0, "Plans": [{"Node Type": "Hash Join", "Parent Relationship": "Outer", "Join Type": "Inner", "Startup Cost": 1.05, "Total Cost": 54887.09, "Plan Rows": 1540, "Plan Width": 4, "Actual Min Startup Time": 1036.587, "Actual Max Startup Time": 1036.587, "Actual Min Total Time": 1036.587, "Actual Max Total Time": 1036.587, "Inner Unique": true, "Hash Cond": "(mc.company_type_id = ct.id)", "Plans": [{"Node Type": "Seq Scan", "Parent Relationship": "Outer", "Relation Name": "movie_companies", "Alias": "mc", "Startup Cost": 0.0, "Total Cost": 54862.92, "Plan Rows": 3081, "Plan Width": 8, "Actual Min Startup Time": 9.034, "Actual Max Startup Time": 9.034, "Actual Min Total Time": 1032.068, "Actual Max Total Time": 1032.068, "Filter": "(((note)::text ~~ '%(theatrical)%'::text) AND ((note)::text ~~ '%(France)%'::text))", "Rows Removed by Filter": 2585103, "Actual Rows": 24025}, {"Node Type": "Hash", "Parent Relationship": "Inner", "Startup Cost": 1.04, "Total Cost": 1.04, "Plan Rows": 1, "Plan Width": 4, "Actual Min Startup Time": 0.026, "Actual Max Startup Time": 0.026, "Actual Min Total Time": 0.026, "Actual Max Total Time": 0.026, "Max Hash Buckets": 32768, "Min Hash Buckets": 32768, "Max Hash Batches": 1, "Min Hash Batches": 1, "Max Original Hash Batches": 1, "Min Original Hash Batches": 1, "Max Peak Memory Usage": 1, "min Peak Memory Usage": 1, "Plans": [{"Node Type": "Seq Scan", "Parent Relationship": "Outer", "Relation Name": "company_type", "Alias": "ct", "Startup Cost": 0.0, "Total Cost": 1.04, "Plan Rows": 1, "Plan Width": 4, "Actual Min Startup Time": 0.019, "Actual Max Startup Time": 0.019, "Actual Min Total Time": 0.021, "Actual Max Total Time": 0.021, "Filter": "((kind)::text = 'production companies'::text)", "Rows Removed by Filter": 2, "Actual Rows": 1}], "Actual Rows": 1}], "Actual Rows": 0}], "Actual Rows": 0}], "Actual Rows": 0}], "Actual Rows": 0}], "Actual Rows": 0}, {"Node Type": "Hash", "Parent Relationship": "Inner", "Startup Cost": 2.12, "Total Cost": 2.12, "Plan Rows": 112, "Plan Width": 4, "Actual Min Startup Time": 0.12, "Actual Max Startup Time": 0.12, "Actual Min Total Time": 0.12, "Actual Max Total Time": 0.12, "Max Hash Buckets": 32768, "Min Hash Buckets": 32768, "Max Hash Batches": 1, "Min Hash Batches": 1, "Max Original Hash Batches": 1, "Min Original Hash Batches": 1, "Max Peak Memory Usage": 4, "min Peak Memory Usage": 4, "Plans": [{"Node Type": "Seq Scan", "Parent Relationship": "Outer", "Relation Name": "info_type", "Alias": "it", "Startup Cost": 0.0, "Total Cost": 2.12, "Plan Rows": 112, "Plan Width": 4, "Actual Min Startup Time": 0.044, "Actual Max Startup Time": 0.044, "Actual Min Total Time": 0.072, "Actual Max Total Time": 0.072, "Actual Rows": 112}], "Actual Rows": 112}], "Actual Rows": 0}], "Actual Rows": 1}, "Triggers": [], "Planner Runtime": 15.547, "Total Runtime": 1072.829, "Unique SQL Id": 2510907716}}, "(64, '107')": {"explain_plan": {"Plan": {"Node Type": "Aggregate", "Strategy": "Plain", "Startup Cost": 5000136184237.1, "Total Cost": 5000136184237.11, "Plan Rows": 1, "Plan Width": 49, "Plans": [{"Node Type": "Hash Join", "Parent Relationship": "Outer", "Join Type": "Inner", "Startup Cost": 3020130213477.81, "Total Cost": 5000136184232.3, "Plan Rows": 1919, "Plan Width": 17, "Inner Unique": true, "Hash Cond": "(mi.movie_id = t.id)", "Plans": [{"Node Type": "Hash Join", "Parent Relationship": "Outer", "Join Type": "Inner", "Startup Cost": 2020118556682.49, "Total Cost": 4000124527411.87, "Plan Rows": 1581, "Plan Width": 8, "Inner Unique": true, "Hash Cond": "(mi.info_type_id = it.id)", "Plans": [{"Node Type": "Hash Join", "Parent Relationship": "Outer", "Join Type": "Inner", "Startup Cost": 1020118555688.09, "Total Cost": 3000124526395.73, "Plan Rows": 1581, "Plan Width": 12, "Inner Unique": false, "Hash Cond": "(mc.movie_id = mi.movie_id)", "Plans": [{"Node Type": "Nested Loop", "Parent Relationship": "Outer", "Join Type": "Inner", "Startup Cost": 20000000000.0, "Total Cost": 2000005965280.65, "Plan Rows": 1540, "Plan Width": 4, "Inner Unique": false, "Plans": [{"Node Type": "Index Scan", "Parent Relationship": "Outer", "Scan Direction": "Forward", "Index Name": "company_type_pkey", "Relation Name": "company_type", "Alias": "ct", "Startup Cost": 10000000000.0, "Total Cost": 1000000001230.25, "Plan Rows": 1, "Plan Width": 4, "Filter": "((kind)::text = 'production companies'::text)"}, {"Node Type": "Index Scan", "Parent Relationship": "Inner", "Scan Direction": "Forward", "Index Name": "company_type_id_movie_companies", "Relation Name": "movie_companies", "Alias": "mc", "Startup Cost": 10000000000.0, "Total Cost": 1000005964035.0, "Plan Rows": 1540, "Plan Width": 8, "Index Cond": "(company_type_id = ct.id)", "Filter": "(((note)::text ~~ '%(theatrical)%'::text) AND ((note)::text ~~ '%(France)%'::text))"}]}, {"Node Type": "Hash", "Parent Relationship": "Inner", "Startup Cost": 1000118553919.62, "Total Cost": 1000118553919.62, "Plan Rows": 141478, "Plan Width": 8, "Plans": [{"Node Type": "Index Scan", "Parent Relationship": "Outer", "Scan Direction": "Forward", "Index Name": "info_type_id_movie_info", "Relation Name": "movie_info", "Alias": "mi", "Startup Cost": 10000000000.0, "Total Cost": 1000118553919.62, "Plan Rows": 141478, "Plan Width": 8, "Filter": "((info)::text = ANY ('{Sweden,Norway,Germany,Denmark,Swedish,Denish,Norwegian,German}'::text[]))"}]}]}, {"Node Type": "Hash", "Parent Relationship": "Inner", "Startup Cost": 1000000000993.0, "Total Cost": 1000000000993.0, "Plan Rows": 112, "Plan Width": 4, "Plans": [{"Node Type": "Index Only Scan", "Parent Relationship": "Outer", "Scan Direction": "Forward", "Index Name": "info_type_pkey", "Relation Name": "info_type", "Alias": "it", "Startup Cost": 10000000000.0, "Total Cost": 1000000000993.0, "Plan Rows": 112, "Plan Width": 4}]}]}, {"Node Type": "Hash", "Parent Relationship": "Inner", "Startup Cost": 1000011644126.66, "Total Cost": 1000011644126.66, "Plan Rows": 1013492, "Plan Width": 21, "Plans": [{"Node Type": "Index Scan", "Parent Relationship": "Outer", "Scan Direction": "Forward", "Index Name": "title_pkey", "Relation Name": "title", "Alias": "t", "Startup Cost": 10000000000.0, "Total Cost": 1000011644126.66, "Plan Rows": 1013492, "Plan Width": 21, "Filter": "(production_year > 2005), (LLVM Optimized)"}]}]}]}, "Unique SQL Id": 2510907716, "Planner Runtime": 6}, "explain_analyze_plan": null}, "(64, '108')": {"explain_plan": {"Plan": {"Node Type": "Aggregate", "Strategy": "Plain", "Startup Cost": 69326.08, "Total Cost": 69326.09, "Plan Rows": 1, "Plan Width": 49, "Plans": [{"Node Type": "Nested Loop", "Parent Relationship": "Outer", "Join Type": "Inner", "Startup Cost": 1.05, "Total Cost": 69321.29, "Plan Rows": 1919, "Plan Width": 17, "Inner Unique": true, "Plans": [{"Node Type": "Nested Loop", "Parent Relationship": "Outer", "Join Type": "Inner", "Startup Cost": 1.05, "Total Cost": 68783.8, "Plan Rows": 1919, "Plan Width": 21, "Inner Unique": false, "Plans": [{"Node Type": "Nested Loop", "Parent Relationship": "Outer", "Join Type": "Inner", "Startup Cost": 1.05, "Total Cost": 66504.51, "Plan Rows": 1869, "Plan Width": 25, "Inner Unique": true, "Plans": [{"Node Type": "Hash Join", "Parent Relationship": "Outer", "Join Type": "Inner", "Startup Cost": 1.05, "Total Cost": 54887.09, "Plan Rows": 1540, "Plan Width": 4, "Inner Unique": true, "Hash Cond": "(mc.company_type_id = ct.id)", "Plans": [{"Node Type": "Seq Scan", "Parent Relationship": "Outer", "Relation Name": "movie_companies", "Alias": "mc", "Startup Cost": 0.0, "Total Cost": 54862.92, "Plan Rows": 3081, "Plan Width": 8, "Filter": "(((note)::text ~~ '%(theatrical)%'::text) AND ((note)::text ~~ '%(France)%'::text))"}, {"Node Type": "Hash", "Parent Relationship": "Inner", "Startup Cost": 1.04, "Total Cost": 1.04, "Plan Rows": 1, "Plan Width": 4, "Plans": [{"Node Type": "Seq Scan", "Parent Relationship": "Outer", "Relation Name": "company_type", "Alias": "ct", "Startup Cost": 0.0, "Total Cost": 1.04, "Plan Rows": 1, "Plan Width": 4, "Filter": "((kind)::text = 'production companies'::text)"}]}]}, {"Node Type": "Index Scan", "Parent Relationship": "Inner", "Scan Direction": "Forward", "Index Name": "title_pkey", "Relation Name": "title", "Alias": "t", "Startup Cost": 0.0, "Total Cost": 7.53, "Plan Rows": 1, "Plan Width": 21, "Index Cond": "(id = mc.movie_id)", "Filter": "(production_year > 2005)"}]}, {"Node Type": "Index Scan", "Parent Relationship": "Inner", "Scan Direction": "Forward", "Index Name": "movie_id_movie_info", "Relation Name": "movie_info", "Alias": "mi", "Startup Cost": 0.0, "Total Cost": 1.21, "Plan Rows": 1, "Plan Width": 8, "Index Cond": "(movie_id = t.id)", "Filter": "((info)::text = ANY ('{Sweden,Norway,Germany,Denmark,Swedish,Denish,Norwegian,German}'::text[]))"}]}, {"Node Type": "Index Scan", "Parent Relationship": "Inner", "Scan Direction": "Forward", "Index Name": "info_type_pkey", "Relation Name": "info_type", "Alias": "it", "Startup Cost": 0.0, "Total Cost": 0.27, "Plan Rows": 1, "Plan Width": 4, "Index Cond": "(id = mi.info_type_id)"}]}]}, "Unique SQL Id": 2510907716, "Planner Runtime": 7}, "explain_analyze_plan": {"Plan": {"Node Type": "Aggregate", "Strategy": "Plain", "Startup Cost": 69326.08, "Total Cost": 69326.09, "Plan Rows": 1, "Plan Width": 49, "Actual Startup Time": 1048.234, "Actual Total Time": 1048.235, "Actual Rows": 1, "Actual Loops": 1, "Plans": [{"Node Type": "Nested Loop", "Parent Relationship": "Outer", "Join Type": "Inner", "Startup Cost": 1.05, "Total Cost": 69321.29, "Plan Rows": 1919, "Plan Width": 17, "Actual Startup Time": 1048.226, "Actual Total Time": 1048.226, "Actual Rows": 0, "Actual Loops": 1, "Inner Unique": true, "Plans": [{"Node Type": "Nested Loop", "Parent Relationship": "Outer", "Join Type": "Inner", "Startup Cost": 1.05, "Total Cost": 68783.8, "Plan Rows": 1919, "Plan Width": 21, "Actual Startup Time": 1048.224, "Actual Total Time": 1048.224, "Actual Rows": 0, "Actual Loops": 1, "Inner Unique": false, "Plans": [{"Node Type": "Nested Loop", "Parent Relationship": "Outer", "Join Type": "Inner", "Startup Cost": 1.05, "Total Cost": 66504.51, "Plan Rows": 1869, "Plan Width": 25, "Actual Startup Time": 1048.223, "Actual Total Time": 1048.223, "Actual Rows": 0, "Actual Loops": 1, "Inner Unique": true, "Plans": [{"Node Type": "Hash Join", "Parent Relationship": "Outer", "Join Type": "Inner", "Startup Cost": 1.05, "Total Cost": 54887.09, "Plan Rows": 1540, "Plan Width": 4, "Actual Startup Time": 1048.186, "Actual Total Time": 1048.186, "Actual Rows": 0, "Actual Loops": 1, "Inner Unique": true, "Hash Cond": "(mc.company_type_id = ct.id)", "Plans": [{"Node Type": "Seq Scan", "Parent Relationship": "Outer", "Relation Name": "movie_companies", "Alias": "mc", "Startup Cost": 0.0, "Total Cost": 54862.92, "Plan Rows": 3081, "Plan Width": 8, "Actual Startup Time": 8.979, "Actual Total Time": 1043.51, "Actual Rows": 24025, "Actual Loops": 1, "Filter": "(((note)::text ~~ '%(theatrical)%'::text) AND ((note)::text ~~ '%(France)%'::text))", "Rows Removed by Filter": 2585103}, {"Node Type": "Hash", "Parent Relationship": "Inner", "Startup Cost": 1.04, "Total Cost": 1.04, "Plan Rows": 1, "Plan Width": 4, "Actual Startup Time": 0.017, "Actual Total Time": 0.017, "Actual Rows": 1, "Actual Loops": 1, "Hash Buckets": 32768, "Hash Batches": 1, "Original Hash Batches": 1, "Peak Memory Usage": 1, "Plans": [{"Node Type": "Seq Scan", "Parent Relationship": "Outer", "Relation Name": "company_type", "Alias": "ct", "Startup Cost": 0.0, "Total Cost": 1.04, "Plan Rows": 1, "Plan Width": 4, "Actual Startup Time": 0.01, "Actual Total Time": 0.012, "Actual Rows": 1, "Actual Loops": 1, "Filter": "((kind)::text = 'production companies'::text)", "Rows Removed by Filter": 2}]}]}, {"Node Type": "Index Scan", "Parent Relationship": "Inner", "Scan Direction": "Forward", "Index Name": "title_pkey", "Relation Name": "title", "Alias": "t", "Startup Cost": 0.0, "Total Cost": 7.53, "Plan Rows": 1, "Plan Width": 21, "Actual Startup Time": 0.0, "Actual Total Time": 0.0, "Index Cond": "(id = mc.movie_id)", "Rows Removed by Index Recheck": 0, "Filter": "(production_year > 2005)", "Rows Removed by Filter": 0}]}, {"Node Type": "Index Scan", "Parent Relationship": "Inner", "Scan Direction": "Forward", "Index Name": "movie_id_movie_info", "Relation Name": "movie_info", "Alias": "mi", "Startup Cost": 0.0, "Total Cost": 1.21, "Plan Rows": 1, "Plan Width": 8, "Actual Startup Time": 0.0, "Actual Total Time": 0.0, "Index Cond": "(movie_id = t.id)", "Rows Removed by Index Recheck": 0, "Filter": "((info)::text = ANY ('{Sweden,Norway,Germany,Denmark,Swedish,Denish,Norwegian,German}'::text[]))", "Rows Removed by Filter": 0}]}, {"Node Type": "Index Scan", "Parent Relationship": "Inner", "Scan Direction": "Forward", "Index Name": "info_type_pkey", "Relation Name": "info_type", "Alias": "it", "Startup Cost": 0.0, "Total Cost": 0.27, "Plan Rows": 1, "Plan Width": 4, "Actual Startup Time": 0.0, "Actual Total Time": 0.0, "Index Cond": "(id = mi.info_type_id)", "Rows Removed by Index Recheck": 0}]}]}, "Triggers": [], "Planner Runtime": 11.158, "Total Runtime": 1048.494, "Unique SQL Id": 2510907716}}, "(64, '109')": {"explain_plan": {"Plan": {"Node Type": "Aggregate", "Strategy": "Plain", "Startup Cost": 74107.05, "Total Cost": 74107.06, "Plan Rows": 1, "Plan Width": 49, "Plans": [{"Node Type": "Nested Loop", "Parent Relationship": "Outer", "Join Type": "Inner", "Startup Cost": 0.0, "Total Cost": 74102.25, "Plan Rows": 1919, "Plan Width": 17, "Inner Unique": true, "Plans": [{"Node Type": "Nested Loop", "Parent Relationship": "Outer", "Join Type": "Inner", "Startup Cost": 0.0, "Total Cost": 73564.77, "Plan Rows": 1919, "Plan Width": 21, "Inner Unique": false, "Plans": [{"Node Type": "Nested Loop", "Parent Relationship": "Outer", "Join Type": "Inner", "Startup Cost": 0.0, "Total Cost": 71285.47, "Plan Rows": 1869, "Plan Width": 25, "Inner Unique": true, "Plans": [{"Node Type": "Nested Loop", "Parent Relationship": "Outer", "Join Type": "Inner", "Startup Cost": 0.0, "Total Cost": 59668.05, "Plan Rows": 1540, "Plan Width": 4, "Inner Unique": false, "Plans": [{"Node Type": "Index Scan", "Parent Relationship": "Outer", "Scan Direction": "Forward", "Index Name": "company_type_pkey", "Relation Name": "company_type", "Alias": "ct", "Startup Cost": 0.0, "Total Cost": 12.3, "Plan Rows": 1, "Plan Width": 4, "Filter": "((kind)::text = 'production companies'::text)"}, {"Node Type": "Index Scan", "Parent Relationship": "Inner", "Scan Direction": "Forward", "Index Name": "company_type_id_movie_companies", "Relation Name": "movie_companies", "Alias": "mc", "Startup Cost": 0.0, "Total Cost": 59640.35, "Plan Rows": 1540, "Plan Width": 8, "Index Cond": "(company_type_id = ct.id)", "Filter": "(((note)::text ~~ '%(theatrical)%'::text) AND ((note)::text ~~ '%(France)%'::text))"}]}, {"Node Type": "Index Scan", "Parent Relationship": "Inner", "Scan Direction": "Forward", "Index Name": "title_pkey", "Relation Name": "title", "Alias": "t", "Startup Cost": 0.0, "Total Cost": 7.53, "Plan Rows": 1, "Plan Width": 21, "Index Cond": "(id = mc.movie_id)", "Filter": "(production_year > 2005)"}]}, {"Node Type": "Index Scan", "Parent Relationship": "Inner", "Scan Direction": "Forward", "Index Name": "movie_id_movie_info", "Relation Name": "movie_info", "Alias": "mi", "Startup Cost": 0.0, "Total Cost": 1.21, "Plan Rows": 1, "Plan Width": 8, "Index Cond": "(movie_id = t.id)", "Filter": "((info)::text = ANY ('{Sweden,Norway,Germany,Denmark,Swedish,Denish,Norwegian,German}'::text[]))"}]}, {"Node Type": "Index Scan", "Parent Relationship": "Inner", "Scan Direction": "Forward", "Index Name": "info_type_pkey", "Relation Name": "info_type", "Alias": "it", "Startup Cost": 0.0, "Total Cost": 0.27, "Plan Rows": 1, "Plan Width": 4, "Index Cond": "(id = mi.info_type_id)"}]}]}, "Unique SQL Id": 2510907716, "Planner Runtime": 4}, "explain_analyze_plan": {"Plan": {"Node Type": "Aggregate", "Strategy": "Plain", "Startup Cost": 74107.05, "Total Cost": 74107.06, "Plan Rows": 1, "Plan Width": 49, "Actual Startup Time": 698.478, "Actual Total Time": 698.478, "Actual Rows": 1, "Actual Loops": 1, "Plans": [{"Node Type": "Nested Loop", "Parent Relationship": "Outer", "Join Type": "Inner", "Startup Cost": 0.0, "Total Cost": 74102.25, "Plan Rows": 1919, "Plan Width": 17, "Actual Startup Time": 698.471, "Actual Total Time": 698.471, "Actual Rows": 0, "Actual Loops": 1, "Inner Unique": true, "Plans": [{"Node Type": "Nested Loop", "Parent Relationship": "Outer", "Join Type": "Inner", "Startup Cost": 0.0, "Total Cost": 73564.77, "Plan Rows": 1919, "Plan Width": 21, "Actual Startup Time": 698.468, "Actual Total Time": 698.468, "Actual Rows": 0, "Actual Loops": 1, "Inner Unique": false, "Plans": [{"Node Type": "Nested Loop", "Parent Relationship": "Outer", "Join Type": "Inner", "Startup Cost": 0.0, "Total Cost": 71285.47, "Plan Rows": 1869, "Plan Width": 25, "Actual Startup Time": 698.467, "Actual Total Time": 698.467, "Actual Rows": 0, "Actual Loops": 1, "Inner Unique": true, "Plans": [{"Node Type": "Nested Loop", "Parent Relationship": "Outer", "Join Type": "Inner", "Startup Cost": 0.0, "Total Cost": 59668.05, "Plan Rows": 1540, "Plan Width": 4, "Actual Startup Time": 698.466, "Actual Total Time": 698.466, "Actual Rows": 0, "Actual Loops": 1, "Inner Unique": false, "Plans": [{"Node Type": "Index Scan", "Parent Relationship": "Outer", "Scan Direction": "Forward", "Index Name": "company_type_pkey", "Relation Name": "company_type", "Alias": "ct", "Startup Cost": 0.0, "Total Cost": 12.3, "Plan Rows": 1, "Plan Width": 4, "Actual Startup Time": 0.014, "Actual Total Time": 0.022, "Actual Rows": 1, "Actual Loops": 1, "Filter": "((kind)::text = 'production companies'::text)", "Rows Removed by Filter": 2}, {"Node Type": "Index Scan", "Parent Relationship": "Inner", "Scan Direction": "Forward", "Index Name": "company_type_id_movie_companies", "Relation Name": "movie_companies", "Alias": "mc", "Startup Cost": 0.0, "Total Cost": 59640.35, "Plan Rows": 1540, "Plan Width": 8, "Actual Startup Time": 698.437, "Actual Total Time": 698.437, "Actual Rows": 0, "Actual Loops": 1, "Index Cond": "(company_type_id = ct.id)", "Rows Removed by Index Recheck": 0, "Filter": "(((note)::text ~~ '%(theatrical)%'::text) AND ((note)::text ~~ '%(France)%'::text))", "Rows Removed by Filter": 1334883}]}, {"Node Type": "Index Scan", "Parent Relationship": "Inner", "Scan Direction": "Forward", "Index Name": "title_pkey", "Relation Name": "title", "Alias": "t", "Startup Cost": 0.0, "Total Cost": 7.53, "Plan Rows": 1, "Plan Width": 21, "Actual Startup Time": 0.0, "Actual Total Time": 0.0, "Index Cond": "(id = mc.movie_id)", "Rows Removed by Index Recheck": 0, "Filter": "(production_year > 2005)", "Rows Removed by Filter": 0}]}, {"Node Type": "Index Scan", "Parent Relationship": "Inner", "Scan Direction": "Forward", "Index Name": "movie_id_movie_info", "Relation Name": "movie_info", "Alias": "mi", "Startup Cost": 0.0, "Total Cost": 1.21, "Plan Rows": 1, "Plan Width": 8, "Actual Startup Time": 0.0, "Actual Total Time": 0.0, "Index Cond": "(movie_id = t.id)", "Rows Removed by Index Recheck": 0, "Filter": "((info)::text = ANY ('{Sweden,Norway,Germany,Denmark,Swedish,Denish,Norwegian,German}'::text[]))", "Rows Removed by Filter": 0}]}, {"Node Type": "Index Scan", "Parent Relationship": "Inner", "Scan Direction": "Forward", "Index Name": "info_type_pkey", "Relation Name": "info_type", "Alias": "it", "Startup Cost": 0.0, "Total Cost": 0.27, "Plan Rows": 1, "Plan Width": 4, "Actual Startup Time": 0.0, "Actual Total Time": 0.0, "Index Cond": "(id = mi.info_type_id)", "Rows Removed by Index Recheck": 0}]}]}, "Triggers": [], "Planner Runtime": 8.158, "Total Runtime": 698.747, "Unique SQL Id": 2510907716}}, "(64, '110')": {"explain_plan": {"Plan": {"Node Type": "Aggregate", "Strategy": "Plain", "Startup Cost": 221573.78, "Total Cost": 221573.79, "Plan Rows": 1, "Plan Width": 49, "Plans": [{"Node Type": "Hash Join", "Parent Relationship": "Outer", "Join Type": "Inner", "Startup Cost": 148126.34, "Total Cost": 221568.98, "Plan Rows": 1919, "Plan Width": 17, "Inner Unique": true, "Hash Cond": "(mi.info_type_id = it.id)", "Plans": [{"Node Type": "Hash Join", "Parent Relationship": "Outer", "Join Type": "Inner", "Startup Cost": 148122.82, "Total Cost": 221539.08, "Plan Rows": 1919, "Plan Width": 21, "Inner Unique": false, "Hash Cond": "(mi.movie_id = t.id)", "Plans": [{"Node Type": "Streaming(type: LOCAL GATHER dop: 1/64)", "Parent Relationship": "Outer", "Startup Cost": 0.0, "Total Cost": 72882.54, "Plan Rows": 141478, "Plan Width": 8, "Plans": [{"Node Type": "Seq Scan", "Parent Relationship": "Outer", "Relation Name": "movie_info", "Alias": "mi", "Startup Cost": 0.0, "Total Cost": 69963.86, "Plan Rows": 141478, "Plan Width": 8, "Filter": "((info)::text = ANY ('{Sweden,Norway,Germany,Denmark,Swedish,Denish,Norwegian,German}'::text[]))"}]}, {"Node Type": "Hash", "Parent Relationship": "Inner", "Startup Cost": 148099.46, "Total Cost": 148099.46, "Plan Rows": 1869, "Plan Width": 25, "Plans": [{"Node Type": "Hash Join", "Parent Relationship": "Outer", "Join Type": "Inner", "Startup Cost": 54906.34, "Total Cost": 148099.46, "Plan Rows": 1869, "Plan Width": 25, "Inner Unique": false, "Hash Cond": "(t.id = mc.movie_id)", "Plans": [{"Node Type": "Streaming(type: LOCAL GATHER dop: 1/64)", "Parent Relationship": "Outer", "Startup Cost": 0.0, "Total Cost": 84945.56, "Plan Rows": 1013492, "Plan Width": 21, "Plans": [{"Node Type": "Seq Scan", "Parent Relationship": "Outer", "Relation Name": "title", "Alias": "t", "Startup Cost": 0.0, "Total Cost": 64037.34, "Plan Rows": 1013492, "Plan Width": 21, "Filter": "(production_year > 2005), (LLVM Optimized)"}]}, {"Node Type": "Hash", "Parent Relationship": "Inner", "Startup Cost": 54887.09, "Total Cost": 54887.09, "Plan Rows": 1540, "Plan Width": 4, "Plans": [{"Node Type": "Hash Join", "Parent Relationship": "Outer", "Join Type": "Inner", "Startup Cost": 1.05, "Total Cost": 54887.09, "Plan Rows": 1540, "Plan Width": 4, "Inner Unique": true, "Hash Cond": "(mc.company_type_id = ct.id)", "Plans": [{"Node Type": "Seq Scan", "Parent Relationship": "Outer", "Relation Name": "movie_companies", "Alias": "mc", "Startup Cost": 0.0, "Total Cost": 54862.92, "Plan Rows": 3081, "Plan Width": 8, "Filter": "(((note)::text ~~ '%(theatrical)%'::text) AND ((note)::text ~~ '%(France)%'::text))"}, {"Node Type": "Hash", "Parent Relationship": "Inner", "Startup Cost": 1.04, "Total Cost": 1.04, "Plan Rows": 1, "Plan Width": 4, "Plans": [{"Node Type": "Seq Scan", "Parent Relationship": "Outer", "Relation Name": "company_type", "Alias": "ct", "Startup Cost": 0.0, "Total Cost": 1.04, "Plan Rows": 1, "Plan Width": 4, "Filter": "((kind)::text = 'production companies'::text)"}]}]}]}]}]}]}, {"Node Type": "Hash", "Parent Relationship": "Inner", "Startup Cost": 2.12, "Total Cost": 2.12, "Plan Rows": 112, "Plan Width": 4, "Plans": [{"Node Type": "Seq Scan", "Parent Relationship": "Outer", "Relation Name": "info_type", "Alias": "it", "Startup Cost": 0.0, "Total Cost": 2.12, "Plan Rows": 112, "Plan Width": 4}]}]}]}, "Unique SQL Id": 2510907716, "Planner Runtime": 11}, "explain_analyze_plan": {"Plan": {"Node Type": "Aggregate", "Strategy": "Plain", "Startup Cost": 221573.78, "Total Cost": 221573.79, "Plan Rows": 1, "Plan Width": 49, "Actual Min Startup Time": 1037.803, "Actual Max Startup Time": 1037.803, "Actual Min Total Time": 1037.804, "Actual Max Total Time": 1037.804, "Plans": [{"Node Type": "Hash Join", "Parent Relationship": "Outer", "Join Type": "Inner", "Startup Cost": 148126.34, "Total Cost": 221568.98, "Plan Rows": 1919, "Plan Width": 17, "Actual Min Startup Time": 1037.789, "Actual Max Startup Time": 1037.789, "Actual Min Total Time": 1037.789, "Actual Max Total Time": 1037.789, "Inner Unique": true, "Hash Cond": "(mi.info_type_id = it.id)", "Plans": [{"Node Type": "Hash Join", "Parent Relationship": "Outer", "Join Type": "Inner", "Startup Cost": 148122.82, "Total Cost": 221539.08, "Plan Rows": 1919, "Plan Width": 21, "Actual Min Startup Time": 1037.24, "Actual Max Startup Time": 1037.24, "Actual Min Total Time": 1037.24, "Actual Max Total Time": 1037.24, "Inner Unique": false, "Hash Cond": "(mi.movie_id = t.id)", "Plans": [{"Node Type": "Streaming(type: LOCAL GATHER dop: 1/64)", "Parent Relationship": "Outer", "Startup Cost": 0.0, "Total Cost": 72882.54, "Plan Rows": 141478, "Plan Width": 8, "Actual Startup Time": 0.0, "Actual Total Time": 0.0, "Plans": [{"Node Type": "Seq Scan", "Parent Relationship": "Outer", "Relation Name": "movie_info", "Alias": "mi", "Startup Cost": 0.0, "Total Cost": 69963.86, "Plan Rows": 141478, "Plan Width": 8, "Actual Min Startup Time": 0.038, "Actual Max Startup Time": 3.16, "Actual Min Total Time": 0.092, "Actual Max Total Time": 121.625, "Filter": "((info)::text = ANY ('{Sweden,Norway,Germany,Denmark,Swedish,Denish,Norwegian,German}'::text[]))", "Rows Removed by Filter": 2642135, "Actual Rows": 6429}]}, {"Node Type": "Hash", "Parent Relationship": "Inner", "Startup Cost": 148099.46, "Total Cost": 148099.46, "Plan Rows": 1869, "Plan Width": 25, "Actual Min Startup Time": 1036.926, "Actual Max Startup Time": 1036.926, "Actual Min Total Time": 1036.926, "Actual Max Total Time": 1036.926, "Max Hash Buckets": 32768, "Min Hash Buckets": 32768, "Max Hash Batches": 1, "Min Hash Batches": 1, "Max Original Hash Batches": 1, "Min Original Hash Batches": 1, "Max Peak Memory Usage": 0, "min Peak Memory Usage": 0, "Plans": [{"Node Type": "Hash Join", "Parent Relationship": "Outer", "Join Type": "Inner", "Startup Cost": 54906.34, "Total Cost": 148099.46, "Plan Rows": 1869, "Plan Width": 25, "Actual Min Startup Time": 1036.923, "Actual Max Startup Time": 1036.923, "Actual Min Total Time": 1036.923, "Actual Max Total Time": 1036.923, "Inner Unique": false, "Hash Cond": "(t.id = mc.movie_id)", "Plans": [{"Node Type": "Streaming(type: LOCAL GATHER dop: 1/64)", "Parent Relationship": "Outer", "Startup Cost": 0.0, "Total Cost": 84945.56, "Plan Rows": 1013492, "Plan Width": 21, "Actual Startup Time": 0.0, "Actual Total Time": 0.0, "Plans": [{"Node Type": "Seq Scan", "Parent Relationship": "Outer", "Relation Name": "title", "Alias": "t", "Startup Cost": 0.0, "Total Cost": 64037.34, "Plan Rows": 1013492, "Plan Width": 21, "Actual Min Startup Time": 0.026, "Actual Max Startup Time": 0.079, "Actual Min Total Time": 0.098, "Actual Max Total Time": 0.168, "Filter": "(production_year > 2005), (LLVM Optimized, Jit Execute)", "Rows Removed by Filter": 8012, "Actual Rows": 6464}]}, {"Node Type": "Hash", "Parent Relationship": "Inner", "Startup Cost": 54887.09, "Total Cost": 54887.09, "Plan Rows": 1540, "Plan Width": 4, "Actual Min Startup Time": 1036.59, "Actual Max Startup Time": 1036.59, "Actual Min Total Time": 1036.59, "Actual Max Total Time": 1036.59, "Max Hash Buckets": 32768, "Min Hash Buckets": 32768, "Max Hash Batches": 1, "Min Hash Batches": 1, "Max Original Hash Batches": 1, "Min Original Hash Batches": 1, "Max Peak Memory Usage": 0, "min Peak Memory Usage": 0, "Plans": [{"Node Type": "Hash Join", "Parent Relationship": "Outer", "Join Type": "Inner", "Startup Cost": 1.05, "Total Cost": 54887.09, "Plan Rows": 1540, "Plan Width": 4, "Actual Min Startup Time": 1036.587, "Actual Max Startup Time": 1036.587, "Actual Min Total Time": 1036.587, "Actual Max Total Time": 1036.587, "Inner Unique": true, "Hash Cond": "(mc.company_type_id = ct.id)", "Plans": [{"Node Type": "Seq Scan", "Parent Relationship": "Outer", "Relation Name": "movie_companies", "Alias": "mc", "Startup Cost": 0.0, "Total Cost": 54862.92, "Plan Rows": 3081, "Plan Width": 8, "Actual Min Startup Time": 9.034, "Actual Max Startup Time": 9.034, "Actual Min Total Time": 1032.068, "Actual Max Total Time": 1032.068, "Filter": "(((note)::text ~~ '%(theatrical)%'::text) AND ((note)::text ~~ '%(France)%'::text))", "Rows Removed by Filter": 2585103, "Actual Rows": 24025}, {"Node Type": "Hash", "Parent Relationship": "Inner", "Startup Cost": 1.04, "Total Cost": 1.04, "Plan Rows": 1, "Plan Width": 4, "Actual Min Startup Time": 0.026, "Actual Max Startup Time": 0.026, "Actual Min Total Time": 0.026, "Actual Max Total Time": 0.026, "Max Hash Buckets": 32768, "Min Hash Buckets": 32768, "Max Hash Batches": 1, "Min Hash Batches": 1, "Max Original Hash Batches": 1, "Min Original Hash Batches": 1, "Max Peak Memory Usage": 1, "min Peak Memory Usage": 1, "Plans": [{"Node Type": "Seq Scan", "Parent Relationship": "Outer", "Relation Name": "company_type", "Alias": "ct", "Startup Cost": 0.0, "Total Cost": 1.04, "Plan Rows": 1, "Plan Width": 4, "Actual Min Startup Time": 0.019, "Actual Max Startup Time": 0.019, "Actual Min Total Time": 0.021, "Actual Max Total Time": 0.021, "Filter": "((kind)::text = 'production companies'::text)", "Rows Removed by Filter": 2, "Actual Rows": 1}], "Actual Rows": 1}], "Actual Rows": 0}], "Actual Rows": 0}], "Actual Rows": 0}], "Actual Rows": 0}], "Actual Rows": 0}, {"Node Type": "Hash", "Parent Relationship": "Inner", "Startup Cost": 2.12, "Total Cost": 2.12, "Plan Rows": 112, "Plan Width": 4, "Actual Min Startup Time": 0.12, "Actual Max Startup Time": 0.12, "Actual Min Total Time": 0.12, "Actual Max Total Time": 0.12, "Max Hash Buckets": 32768, "Min Hash Buckets": 32768, "Max Hash Batches": 1, "Min Hash Batches": 1, "Max Original Hash Batches": 1, "Min Original Hash Batches": 1, "Max Peak Memory Usage": 4, "min Peak Memory Usage": 4, "Plans": [{"Node Type": "Seq Scan", "Parent Relationship": "Outer", "Relation Name": "info_type", "Alias": "it", "Startup Cost": 0.0, "Total Cost": 2.12, "Plan Rows": 112, "Plan Width": 4, "Actual Min Startup Time": 0.044, "Actual Max Startup Time": 0.044, "Actual Min Total Time": 0.072, "Actual Max Total Time": 0.072, "Actual Rows": 112}], "Actual Rows": 112}], "Actual Rows": 0}], "Actual Rows": 1}, "Triggers": [], "Planner Runtime": 15.547, "Total Runtime": 1072.829, "Unique SQL Id": 2510907716}}, "(64, '111')": {"explain_plan": {"Plan": {"Node Type": "Aggregate", "Strategy": "Plain", "Startup Cost": 5000136184637.1, "Total Cost": 5000136184637.11, "Plan Rows": 1, "Plan Width": 49, "Plans": [{"Node Type": "Hash Join", "Parent Relationship": "Outer", "Join Type": "Inner", "Startup Cost": 3020130213877.81, "Total Cost": 5000136184632.3, "Plan Rows": 1919, "Plan Width": 17, "Inner Unique": true, "Hash Cond": "(mi.movie_id = t.id)", "Plans": [{"Node Type": "Hash Join", "Parent Relationship": "Outer", "Join Type": "Inner", "Startup Cost": 2020118557082.49, "Total Cost": 4000124527811.87, "Plan Rows": 1581, "Plan Width": 8, "Inner Unique": true, "Hash Cond": "(mi.info_type_id = it.id)", "Plans": [{"Node Type": "Hash Join", "Parent Relationship": "Outer", "Join Type": "Inner", "Startup Cost": 1020118555688.09, "Total Cost": 3000124526395.73, "Plan Rows": 1581, "Plan Width": 12, "Inner Unique": false, "Hash Cond": "(mc.movie_id = mi.movie_id)", "Plans": [{"Node Type": "Nested Loop", "Parent Relationship": "Outer", "Join Type": "Inner", "Startup Cost": 20000000000.0, "Total Cost": 2000005965280.65, "Plan Rows": 1540, "Plan Width": 4, "Inner Unique": false, "Plans": [{"Node Type": "Index Scan", "Parent Relationship": "Outer", "Scan Direction": "Forward", "Index Name": "company_type_pkey", "Relation Name": "company_type", "Alias": "ct", "Startup Cost": 10000000000.0, "Total Cost": 1000000001230.25, "Plan Rows": 1, "Plan Width": 4, "Filter": "((kind)::text = 'production companies'::text)"}, {"Node Type": "Index Scan", "Parent Relationship": "Inner", "Scan Direction": "Forward", "Index Name": "company_type_id_movie_companies", "Relation Name": "movie_companies", "Alias": "mc", "Startup Cost": 10000000000.0, "Total Cost": 1000005964035.0, "Plan Rows": 1540, "Plan Width": 8, "Index Cond": "(company_type_id = ct.id)", "Filter": "(((note)::text ~~ '%(theatrical)%'::text) AND ((note)::text ~~ '%(France)%'::text))"}]}, {"Node Type": "Hash", "Parent Relationship": "Inner", "Startup Cost": 1000118553919.62, "Total Cost": 1000118553919.62, "Plan Rows": 141478, "Plan Width": 8, "Plans": [{"Node Type": "Index Scan", "Parent Relationship": "Outer", "Scan Direction": "Forward", "Index Name": "info_type_id_movie_info", "Relation Name": "movie_info", "Alias": "mi", "Startup Cost": 10000000000.0, "Total Cost": 1000118553919.62, "Plan Rows": 141478, "Plan Width": 8, "Filter": "((info)::text = ANY ('{Sweden,Norway,Germany,Denmark,Swedish,Denish,Norwegian,German}'::text[]))"}]}]}, {"Node Type": "Hash", "Parent Relationship": "Inner", "Startup Cost": 1000000001393.0, "Total Cost": 1000000001393.0, "Plan Rows": 112, "Plan Width": 4, "Plans": [{"Node Type": "Index Scan", "Parent Relationship": "Outer", "Scan Direction": "Forward", "Index Name": "info_type_pkey", "Relation Name": "info_type", "Alias": "it", "Startup Cost": 10000000000.0, "Total Cost": 1000000001393.0, "Plan Rows": 112, "Plan Width": 4}]}]}, {"Node Type": "Hash", "Parent Relationship": "Inner", "Startup Cost": 1000011644126.66, "Total Cost": 1000011644126.66, "Plan Rows": 1013492, "Plan Width": 21, "Plans": [{"Node Type": "Index Scan", "Parent Relationship": "Outer", "Scan Direction": "Forward", "Index Name": "title_pkey", "Relation Name": "title", "Alias": "t", "Startup Cost": 10000000000.0, "Total Cost": 1000011644126.66, "Plan Rows": 1013492, "Plan Width": 21, "Filter": "(production_year > 2005), (LLVM Optimized)"}]}]}]}, "Unique SQL Id": 2510907716, "Planner Runtime": 6}, "explain_analyze_plan": null}, "(64, '112')": {"explain_plan": {"Plan": {"Node Type": "Aggregate", "Strategy": "Plain", "Startup Cost": 69341.41, "Total Cost": 69341.42, "Plan Rows": 1, "Plan Width": 49, "Plans": [{"Node Type": "Nested Loop", "Parent Relationship": "Outer", "Join Type": "Inner", "Startup Cost": 0.0, "Total Cost": 69336.61, "Plan Rows": 1919, "Plan Width": 17, "Inner Unique": true, "Plans": [{"Node Type": "Nested Loop", "Parent Relationship": "Outer", "Join Type": "Inner", "Startup Cost": 0.0, "Total Cost": 68799.18, "Plan Rows": 1919, "Plan Width": 21, "Inner Unique": false, "Plans": [{"Node Type": "Nested Loop", "Parent Relationship": "Outer", "Join Type": "Inner", "Startup Cost": 0.0, "Total Cost": 66519.89, "Plan Rows": 1869, "Plan Width": 25, "Inner Unique": true, "Plans": [{"Node Type": "Nested Loop", "Parent Relationship": "Outer", "Join Type": "Inner", "Startup Cost": 0.0, "Total Cost": 54902.47, "Plan Rows": 1540, "Plan Width": 4, "Inner Unique": false, "Join Filter": "(ct.id = mc.company_type_id)", "Plans": [{"Node Type": "Seq Scan", "Parent Relationship": "Outer", "Relation Name": "company_type", "Alias": "ct", "Startup Cost": 0.0, "Total Cost": 1.04, "Plan Rows": 1, "Plan Width": 4, "Filter": "((kind)::text = 'production companies'::text)"}, {"Node Type": "Seq Scan", "Parent Relationship": "Inner", "Relation Name": "movie_companies", "Alias": "mc", "Startup Cost": 0.0, "Total Cost": 54862.92, "Plan Rows": 3081, "Plan Width": 8, "Filter": "(((note)::text ~~ '%(theatrical)%'::text) AND ((note)::text ~~ '%(France)%'::text))"}]}, {"Node Type": "Index Scan", "Parent Relationship": "Inner", "Scan Direction": "Forward", "Index Name": "title_pkey", "Relation Name": "title", "Alias": "t", "Startup Cost": 0.0, "Total Cost": 7.53, "Plan Rows": 1, "Plan Width": 21, "Index Cond": "(id = mc.movie_id)", "Filter": "(production_year > 2005)"}]}, {"Node Type": "Index Scan", "Parent Relationship": "Inner", "Scan Direction": "Forward", "Index Name": "movie_id_movie_info", "Relation Name": "movie_info", "Alias": "mi", "Startup Cost": 0.0, "Total Cost": 1.21, "Plan Rows": 1, "Plan Width": 8, "Index Cond": "(movie_id = t.id)", "Filter": "((info)::text = ANY ('{Sweden,Norway,Germany,Denmark,Swedish,Denish,Norwegian,German}'::text[]))"}]}, {"Node Type": "Index Only Scan", "Parent Relationship": "Inner", "Scan Direction": "Forward", "Index Name": "info_type_pkey", "Relation Name": "info_type", "Alias": "it", "Startup Cost": 0.0, "Total Cost": 0.27, "Plan Rows": 1, "Plan Width": 4, "Index Cond": "(id = mi.info_type_id)"}]}]}, "Unique SQL Id": 2510907716, "Planner Runtime": 4}, "explain_analyze_plan": {"Plan": {"Node Type": "Aggregate", "Strategy": "Plain", "Startup Cost": 69341.41, "Total Cost": 69341.42, "Plan Rows": 1, "Plan Width": 49, "Actual Startup Time": 1038.715, "Actual Total Time": 1038.716, "Actual Rows": 1, "Actual Loops": 1, "Plans": [{"Node Type": "Nested Loop", "Parent Relationship": "Outer", "Join Type": "Inner", "Startup Cost": 0.0, "Total Cost": 69336.61, "Plan Rows": 1919, "Plan Width": 17, "Actual Startup Time": 1038.706, "Actual Total Time": 1038.706, "Actual Rows": 0, "Actual Loops": 1, "Inner Unique": true, "Plans": [{"Node Type": "Nested Loop", "Parent Relationship": "Outer", "Join Type": "Inner", "Startup Cost": 0.0, "Total Cost": 68799.18, "Plan Rows": 1919, "Plan Width": 21, "Actual Startup Time": 1038.704, "Actual Total Time": 1038.704, "Actual Rows": 0, "Actual Loops": 1, "Inner Unique": false, "Plans": [{"Node Type": "Nested Loop", "Parent Relationship": "Outer", "Join Type": "Inner", "Startup Cost": 0.0, "Total Cost": 66519.89, "Plan Rows": 1869, "Plan Width": 25, "Actual Startup Time": 1038.703, "Actual Total Time": 1038.703, "Actual Rows": 0, "Actual Loops": 1, "Inner Unique": true, "Plans": [{"Node Type": "Nested Loop", "Parent Relationship": "Outer", "Join Type": "Inner", "Startup Cost": 0.0, "Total Cost": 54902.47, "Plan Rows": 1540, "Plan Width": 4, "Actual Startup Time": 1038.702, "Actual Total Time": 1038.702, "Actual Rows": 0, "Actual Loops": 1, "Inner Unique": false, "Join Filter": "(ct.id = mc.company_type_id)", "Rows Removed by Join Filter": 24025, "Plans": [{"Node Type": "Seq Scan", "Parent Relationship": "Outer", "Relation Name": "company_type", "Alias": "ct", "Startup Cost": 0.0, "Total Cost": 1.04, "Plan Rows": 1, "Plan Width": 4, "Actual Startup Time": 0.022, "Actual Total Time": 0.025, "Actual Rows": 1, "Actual Loops": 1, "Filter": "((kind)::text = 'production companies'::text)", "Rows Removed by Filter": 2}, {"Node Type": "Seq Scan", "Parent Relationship": "Inner", "Relation Name": "movie_companies", "Alias": "mc", "Startup Cost": 0.0, "Total Cost": 54862.92, "Plan Rows": 3081, "Plan Width": 8, "Actual Startup Time": 8.799, "Actual Total Time": 1033.327, "Actual Rows": 24025, "Actual Loops": 1, "Filter": "(((note)::text ~~ '%(theatrical)%'::text) AND ((note)::text ~~ '%(France)%'::text))", "Rows Removed by Filter": 2585103}]}, {"Node Type": "Index Scan", "Parent Relationship": "Inner", "Scan Direction": "Forward", "Index Name": "title_pkey", "Relation Name": "title", "Alias": "t", "Startup Cost": 0.0, "Total Cost": 7.53, "Plan Rows": 1, "Plan Width": 21, "Actual Startup Time": 0.0, "Actual Total Time": 0.0, "Index Cond": "(id = mc.movie_id)", "Rows Removed by Index Recheck": 0, "Filter": "(production_year > 2005)", "Rows Removed by Filter": 0}]}, {"Node Type": "Index Scan", "Parent Relationship": "Inner", "Scan Direction": "Forward", "Index Name": "movie_id_movie_info", "Relation Name": "movie_info", "Alias": "mi", "Startup Cost": 0.0, "Total Cost": 1.21, "Plan Rows": 1, "Plan Width": 8, "Actual Startup Time": 0.0, "Actual Total Time": 0.0, "Index Cond": "(movie_id = t.id)", "Rows Removed by Index Recheck": 0, "Filter": "((info)::text = ANY ('{Sweden,Norway,Germany,Denmark,Swedish,Denish,Norwegian,German}'::text[]))", "Rows Removed by Filter": 0}]}, {"Node Type": "Index Only Scan", "Parent Relationship": "Inner", "Scan Direction": "Forward", "Index Name": "info_type_pkey", "Relation Name": "info_type", "Alias": "it", "Startup Cost": 0.0, "Total Cost": 0.27, "Plan Rows": 1, "Plan Width": 4, "Actual Startup Time": 0.0, "Actual Total Time": 0.0, "Index Cond": "(id = mi.info_type_id)", "Rows Removed by Index Recheck": 0, "Heap Fetches": 0}]}]}, "Triggers": [], "Planner Runtime": 11.067, "Total Runtime": 1038.954, "Unique SQL Id": 2510907716}}, "(64, '113')": {"explain_plan": {"Plan": {"Node Type": "Aggregate", "Strategy": "Plain", "Startup Cost": 74106.99, "Total Cost": 74107.0, "Plan Rows": 1, "Plan Width": 49, "Plans": [{"Node Type": "Nested Loop", "Parent Relationship": "Outer", "Join Type": "Inner", "Startup Cost": 0.0, "Total Cost": 74102.19, "Plan Rows": 1919, "Plan Width": 17, "Inner Unique": true, "Plans": [{"Node Type": "Nested Loop", "Parent Relationship": "Outer", "Join Type": "Inner", "Startup Cost": 0.0, "Total Cost": 73564.77, "Plan Rows": 1919, "Plan Width": 21, "Inner Unique": false, "Plans": [{"Node Type": "Nested Loop", "Parent Relationship": "Outer", "Join Type": "Inner", "Startup Cost": 0.0, "Total Cost": 71285.47, "Plan Rows": 1869, "Plan Width": 25, "Inner Unique": true, "Plans": [{"Node Type": "Nested Loop", "Parent Relationship": "Outer", "Join Type": "Inner", "Startup Cost": 0.0, "Total Cost": 59668.05, "Plan Rows": 1540, "Plan Width": 4, "Inner Unique": false, "Plans": [{"Node Type": "Index Scan", "Parent Relationship": "Outer", "Scan Direction": "Forward", "Index Name": "company_type_pkey", "Relation Name": "company_type", "Alias": "ct", "Startup Cost": 0.0, "Total Cost": 12.3, "Plan Rows": 1, "Plan Width": 4, "Filter": "((kind)::text = 'production companies'::text)"}, {"Node Type": "Index Scan", "Parent Relationship": "Inner", "Scan Direction": "Forward", "Index Name": "company_type_id_movie_companies", "Relation Name": "movie_companies", "Alias": "mc", "Startup Cost": 0.0, "Total Cost": 59640.35, "Plan Rows": 1540, "Plan Width": 8, "Index Cond": "(company_type_id = ct.id)", "Filter": "(((note)::text ~~ '%(theatrical)%'::text) AND ((note)::text ~~ '%(France)%'::text))"}]}, {"Node Type": "Index Scan", "Parent Relationship": "Inner", "Scan Direction": "Forward", "Index Name": "title_pkey", "Relation Name": "title", "Alias": "t", "Startup Cost": 0.0, "Total Cost": 7.53, "Plan Rows": 1, "Plan Width": 21, "Index Cond": "(id = mc.movie_id)", "Filter": "(production_year > 2005)"}]}, {"Node Type": "Index Scan", "Parent Relationship": "Inner", "Scan Direction": "Forward", "Index Name": "movie_id_movie_info", "Relation Name": "movie_info", "Alias": "mi", "Startup Cost": 0.0, "Total Cost": 1.21, "Plan Rows": 1, "Plan Width": 8, "Index Cond": "(movie_id = t.id)", "Filter": "((info)::text = ANY ('{Sweden,Norway,Germany,Denmark,Swedish,Denish,Norwegian,German}'::text[]))"}]}, {"Node Type": "Index Only Scan", "Parent Relationship": "Inner", "Scan Direction": "Forward", "Index Name": "info_type_pkey", "Relation Name": "info_type", "Alias": "it", "Startup Cost": 0.0, "Total Cost": 0.27, "Plan Rows": 1, "Plan Width": 4, "Index Cond": "(id = mi.info_type_id)"}]}]}, "Unique SQL Id": 2510907716, "Planner Runtime": 3}, "explain_analyze_plan": {"Plan": {"Node Type": "Aggregate", "Strategy": "Plain", "Startup Cost": 74106.99, "Total Cost": 74107.0, "Plan Rows": 1, "Plan Width": 49, "Actual Startup Time": 629.666, "Actual Total Time": 629.667, "Actual Rows": 1, "Actual Loops": 1, "Plans": [{"Node Type": "Nested Loop", "Parent Relationship": "Outer", "Join Type": "Inner", "Startup Cost": 0.0, "Total Cost": 74102.19, "Plan Rows": 1919, "Plan Width": 17, "Actual Startup Time": 629.656, "Actual Total Time": 629.656, "Actual Rows": 0, "Actual Loops": 1, "Inner Unique": true, "Plans": [{"Node Type": "Nested Loop", "Parent Relationship": "Outer", "Join Type": "Inner", "Startup Cost": 0.0, "Total Cost": 73564.77, "Plan Rows": 1919, "Plan Width": 21, "Actual Startup Time": 629.655, "Actual Total Time": 629.655, "Actual Rows": 0, "Actual Loops": 1, "Inner Unique": false, "Plans": [{"Node Type": "Nested Loop", "Parent Relationship": "Outer", "Join Type": "Inner", "Startup Cost": 0.0, "Total Cost": 71285.47, "Plan Rows": 1869, "Plan Width": 25, "Actual Startup Time": 629.655, "Actual Total Time": 629.655, "Actual Rows": 0, "Actual Loops": 1, "Inner Unique": true, "Plans": [{"Node Type": "Nested Loop", "Parent Relationship": "Outer", "Join Type": "Inner", "Startup Cost": 0.0, "Total Cost": 59668.05, "Plan Rows": 1540, "Plan Width": 4, "Actual Startup Time": 629.654, "Actual Total Time": 629.654, "Actual Rows": 0, "Actual Loops": 1, "Inner Unique": false, "Plans": [{"Node Type": "Index Scan", "Parent Relationship": "Outer", "Scan Direction": "Forward", "Index Name": "company_type_pkey", "Relation Name": "company_type", "Alias": "ct", "Startup Cost": 0.0, "Total Cost": 12.3, "Plan Rows": 1, "Plan Width": 4, "Actual Startup Time": 0.022, "Actual Total Time": 0.03, "Actual Rows": 1, "Actual Loops": 1, "Filter": "((kind)::text = 'production companies'::text)", "Rows Removed by Filter": 2}, {"Node Type": "Index Scan", "Parent Relationship": "Inner", "Scan Direction": "Forward", "Index Name": "company_type_id_movie_companies", "Relation Name": "movie_companies", "Alias": "mc", "Startup Cost": 0.0, "Total Cost": 59640.35, "Plan Rows": 1540, "Plan Width": 8, "Actual Startup Time": 629.618, "Actual Total Time": 629.618, "Actual Rows": 0, "Actual Loops": 1, "Index Cond": "(company_type_id = ct.id)", "Rows Removed by Index Recheck": 0, "Filter": "(((note)::text ~~ '%(theatrical)%'::text) AND ((note)::text ~~ '%(France)%'::text))", "Rows Removed by Filter": 1334883}]}, {"Node Type": "Index Scan", "Parent Relationship": "Inner", "Scan Direction": "Forward", "Index Name": "title_pkey", "Relation Name": "title", "Alias": "t", "Startup Cost": 0.0, "Total Cost": 7.53, "Plan Rows": 1, "Plan Width": 21, "Actual Startup Time": 0.0, "Actual Total Time": 0.0, "Index Cond": "(id = mc.movie_id)", "Rows Removed by Index Recheck": 0, "Filter": "(production_year > 2005)", "Rows Removed by Filter": 0}]}, {"Node Type": "Index Scan", "Parent Relationship": "Inner", "Scan Direction": "Forward", "Index Name": "movie_id_movie_info", "Relation Name": "movie_info", "Alias": "mi", "Startup Cost": 0.0, "Total Cost": 1.21, "Plan Rows": 1, "Plan Width": 8, "Actual Startup Time": 0.0, "Actual Total Time": 0.0, "Index Cond": "(movie_id = t.id)", "Rows Removed by Index Recheck": 0, "Filter": "((info)::text = ANY ('{Sweden,Norway,Germany,Denmark,Swedish,Denish,Norwegian,German}'::text[]))", "Rows Removed by Filter": 0}]}, {"Node Type": "Index Only Scan", "Parent Relationship": "Inner", "Scan Direction": "Forward", "Index Name": "info_type_pkey", "Relation Name": "info_type", "Alias": "it", "Startup Cost": 0.0, "Total Cost": 0.27, "Plan Rows": 1, "Plan Width": 4, "Actual Startup Time": 0.0, "Actual Total Time": 0.0, "Index Cond": "(id = mi.info_type_id)", "Rows Removed by Index Recheck": 0, "Heap Fetches": 0}]}]}, "Triggers": [], "Planner Runtime": 8.174, "Total Runtime": 629.914, "Unique SQL Id": 2510907716}}, "(64, '114')": {"explain_plan": {"Plan": {"Node Type": "Aggregate", "Strategy": "Plain", "Startup Cost": 78673.23, "Total Cost": 78673.24, "Plan Rows": 1, "Plan Width": 49, "Plans": [{"Node Type": "Nested Loop", "Parent Relationship": "Outer", "Join Type": "Inner", "Startup Cost": 4.2, "Total Cost": 78668.43, "Plan Rows": 1919, "Plan Width": 17, "Inner Unique": true, "Join Filter": "(mi.info_type_id = it.id)", "Plans": [{"Node Type": "Nested Loop", "Parent Relationship": "Outer", "Join Type": "Inner", "Startup Cost": 4.2, "Total Cost": 75442.11, "Plan Rows": 1919, "Plan Width": 21, "Inner Unique": false, "Plans": [{"Node Type": "Nested Loop", "Parent Relationship": "Outer", "Join Type": "Inner", "Startup Cost": 3.69, "Total Cost": 66780.19, "Plan Rows": 1869, "Plan Width": 25, "Inner Unique": true, "Plans": [{"Node Type": "Nested Loop", "Parent Relationship": "Outer", "Join Type": "Inner", "Startup Cost": 0.0, "Total Cost": 54902.47, "Plan Rows": 1540, "Plan Width": 4, "Inner Unique": false, "Join Filter": "(ct.id = mc.company_type_id)", "Plans": [{"Node Type": "Seq Scan", "Parent Relationship": "Outer", "Relation Name": "company_type", "Alias": "ct", "Startup Cost": 0.0, "Total Cost": 1.04, "Plan Rows": 1, "Plan Width": 4, "Filter": "((kind)::text = 'production companies'::text)"}, {"Node Type": "Seq Scan", "Parent Relationship": "Inner", "Relation Name": "movie_companies", "Alias": "mc", "Startup Cost": 0.0, "Total Cost": 54862.92, "Plan Rows": 3081, "Plan Width": 8, "Filter": "(((note)::text ~~ '%(theatrical)%'::text) AND ((note)::text ~~ '%(France)%'::text))"}]}, {"Node Type": "Bitmap Heap Scan", "Parent Relationship": "Inner", "Relation Name": "title", "Alias": "t", "Startup Cost": 3.69, "Total Cost": 7.7, "Plan Rows": 1, "Plan Width": 21, "Recheck Cond": "(id = mc.movie_id)", "Filter": "(production_year > 2005)", "Plans": [{"Node Type": "Bitmap Index Scan", "Parent Relationship": "Outer", "Index Name": "title_pkey", "Startup Cost": 0.0, "Total Cost": 3.69, "Plan Rows": 1, "Plan Width": 0, "Index Cond": "(id = mc.movie_id)"}]}]}, {"Node Type": "Bitmap Heap Scan", "Parent Relationship": "Inner", "Relation Name": "movie_info", "Alias": "mi", "Startup Cost": 0.51, "Total Cost": 4.62, "Plan Rows": 1, "Plan Width": 8, "Recheck Cond": "(movie_id = t.id)", "Filter": "((info)::text = ANY ('{Sweden,Norway,Germany,Denmark,Swedish,Denish,Norwegian,German}'::text[]))", "Plans": [{"Node Type": "Bitmap Index Scan", "Parent Relationship": "Outer", "Index Name": "movie_id_movie_info", "Startup Cost": 0.0, "Total Cost": 0.51, "Plan Rows": 5, "Plan Width": 0, "Index Cond": "(movie_id = t.id)"}]}]}, {"Node Type": "Materialize", "Parent Relationship": "Inner", "Startup Cost": 0.0, "Total Cost": 2.68, "Plan Rows": 112, "Plan Width": 4, "Plans": [{"Node Type": "Seq Scan", "Parent Relationship": "Outer", "Relation Name": "info_type", "Alias": "it", "Startup Cost": 0.0, "Total Cost": 2.12, "Plan Rows": 112, "Plan Width": 4}]}]}]}, "Unique SQL Id": 2510907716, "Planner Runtime": 4}, "explain_analyze_plan": {"Plan": {"Node Type": "Aggregate", "Strategy": "Plain", "Startup Cost": 78673.23, "Total Cost": 78673.24, "Plan Rows": 1, "Plan Width": 49, "Actual Startup Time": 1042.644, "Actual Total Time": 1042.644, "Actual Rows": 1, "Actual Loops": 1, "Plans": [{"Node Type": "Nested Loop", "Parent Relationship": "Outer", "Join Type": "Inner", "Startup Cost": 4.2, "Total Cost": 78668.43, "Plan Rows": 1919, "Plan Width": 17, "Actual Startup Time": 1042.633, "Actual Total Time": 1042.633, "Actual Rows": 0, "Actual Loops": 1, "Inner Unique": true, "Join Filter": "(mi.info_type_id = it.id)", "Rows Removed by Join Filter": 0, "Plans": [{"Node Type": "Nested Loop", "Parent Relationship": "Outer", "Join Type": "Inner", "Startup Cost": 4.2, "Total Cost": 75442.11, "Plan Rows": 1919, "Plan Width": 21, "Actual Startup Time": 1042.632, "Actual Total Time": 1042.632, "Actual Rows": 0, "Actual Loops": 1, "Inner Unique": false, "Plans": [{"Node Type": "Nested Loop", "Parent Relationship": "Outer", "Join Type": "Inner", "Startup Cost": 3.69, "Total Cost": 66780.19, "Plan Rows": 1869, "Plan Width": 25, "Actual Startup Time": 1042.631, "Actual Total Time": 1042.631, "Actual Rows": 0, "Actual Loops": 1, "Inner Unique": true, "Plans": [{"Node Type": "Nested Loop", "Parent Relationship": "Outer", "Join Type": "Inner", "Startup Cost": 0.0, "Total Cost": 54902.47, "Plan Rows": 1540, "Plan Width": 4, "Actual Startup Time": 1042.63, "Actual Total Time": 1042.63, "Actual Rows": 0, "Actual Loops": 1, "Inner Unique": false, "Join Filter": "(ct.id = mc.company_type_id)", "Rows Removed by Join Filter": 24025, "Plans": [{"Node Type": "Seq Scan", "Parent Relationship": "Outer", "Relation Name": "company_type", "Alias": "ct", "Startup Cost": 0.0, "Total Cost": 1.04, "Plan Rows": 1, "Plan Width": 4, "Actual Startup Time": 0.018, "Actual Total Time": 0.023, "Actual Rows": 1, "Actual Loops": 1, "Filter": "((kind)::text = 'production companies'::text)", "Rows Removed by Filter": 2}, {"Node Type": "Seq Scan", "Parent Relationship": "Inner", "Relation Name": "movie_companies", "Alias": "mc", "Startup Cost": 0.0, "Total Cost": 54862.92, "Plan Rows": 3081, "Plan Width": 8, "Actual Startup Time": 8.934, "Actual Total Time": 1037.211, "Actual Rows": 24025, "Actual Loops": 1, "Filter": "(((note)::text ~~ '%(theatrical)%'::text) AND ((note)::text ~~ '%(France)%'::text))", "Rows Removed by Filter": 2585103}]}, {"Node Type": "Bitmap Heap Scan", "Parent Relationship": "Inner", "Relation Name": "title", "Alias": "t", "Startup Cost": 3.69, "Total Cost": 7.7, "Plan Rows": 1, "Plan Width": 21, "Actual Startup Time": 0.0, "Actual Total Time": 0.0, "Recheck Cond": "(id = mc.movie_id)", "Rows Removed by Index Recheck": 0, "Filter": "(production_year > 2005)", "Rows Removed by Filter": 0, "Exact Heap Blocks": 0, "Lossy Heap Blocks": 0, "Plans": [{"Node Type": "Bitmap Index Scan", "Parent Relationship": "Outer", "Index Name": "title_pkey", "Startup Cost": 0.0, "Total Cost": 3.69, "Plan Rows": 1, "Plan Width": 0, "Actual Startup Time": 0.0, "Actual Total Time": 0.0, "Index Cond": "(id = mc.movie_id)"}]}]}, {"Node Type": "Bitmap Heap Scan", "Parent Relationship": "Inner", "Relation Name": "movie_info", "Alias": "mi", "Startup Cost": 0.51, "Total Cost": 4.62, "Plan Rows": 1, "Plan Width": 8, "Actual Startup Time": 0.0, "Actual Total Time": 0.0, "Recheck Cond": "(movie_id = t.id)", "Rows Removed by Index Recheck": 0, "Filter": "((info)::text = ANY ('{Sweden,Norway,Germany,Denmark,Swedish,Denish,Norwegian,German}'::text[]))", "Rows Removed by Filter": 0, "Exact Heap Blocks": 0, "Lossy Heap Blocks": 0, "Plans": [{"Node Type": "Bitmap Index Scan", "Parent Relationship": "Outer", "Index Name": "movie_id_movie_info", "Startup Cost": 0.0, "Total Cost": 0.51, "Plan Rows": 5, "Plan Width": 0, "Actual Startup Time": 0.0, "Actual Total Time": 0.0, "Index Cond": "(movie_id = t.id)"}]}]}, {"Node Type": "Materialize", "Parent Relationship": "Inner", "Startup Cost": 0.0, "Total Cost": 2.68, "Plan Rows": 112, "Plan Width": 4, "Actual Startup Time": 0.0, "Actual Total Time": 0.0, "Plans": [{"Node Type": "Seq Scan", "Parent Relationship": "Outer", "Relation Name": "info_type", "Alias": "it", "Startup Cost": 0.0, "Total Cost": 2.12, "Plan Rows": 112, "Plan Width": 4, "Actual Startup Time": 0.0, "Actual Total Time": 0.0}]}]}]}, "Triggers": [], "Planner Runtime": 4.553, "Total Runtime": 1042.896, "Unique SQL Id": 2510907716}}, "(64, '115')": {"explain_plan": {"Plan": {"Node Type": "Aggregate", "Strategy": "Plain", "Startup Cost": 91311.03, "Total Cost": 91311.04, "Plan Rows": 1, "Plan Width": 49, "Plans": [{"Node Type": "Nested Loop", "Parent Relationship": "Outer", "Join Type": "Inner", "Startup Cost": 28966.17, "Total Cost": 91306.23, "Plan Rows": 1919, "Plan Width": 17, "Inner Unique": true, "Join Filter": "(mi.info_type_id = it.id)", "Plans": [{"Node Type": "Nested Loop", "Parent Relationship": "Outer", "Join Type": "Inner", "Startup Cost": 28957.33, "Total Cost": 88068.08, "Plan Rows": 1919, "Plan Width": 21, "Inner Unique": false, "Plans": [{"Node Type": "Nested Loop", "Parent Relationship": "Outer", "Join Type": "Inner", "Startup Cost": 28956.82, "Total Cost": 79406.16, "Plan Rows": 1869, "Plan Width": 25, "Inner Unique": true, "Plans": [{"Node Type": "Nested Loop", "Parent Relationship": "Outer", "Join Type": "Inner", "Startup Cost": 28953.13, "Total Cost": 67528.44, "Plan Rows": 1540, "Plan Width": 4, "Inner Unique": false, "Plans": [{"Node Type": "Bitmap Heap Scan", "Parent Relationship": "Outer", "Relation Name": "company_type", "Alias": "ct", "Startup Cost": 8.27, "Total Cost": 12.3, "Plan Rows": 1, "Plan Width": 4, "Filter": "((kind)::text = 'production companies'::text)", "Plans": [{"Node Type": "Bitmap Index Scan", "Parent Relationship": "Outer", "Index Name": "company_type_pkey", "Startup Cost": 0.0, "Total Cost": 8.27, "Plan Rows": 3, "Plan Width": 0}]}, {"Node Type": "Bitmap Heap Scan", "Parent Relationship": "Inner", "Relation Name": "movie_companies", "Alias": "mc", "Startup Cost": 28944.86, "Total Cost": 67500.74, "Plan Rows": 1540, "Plan Width": 8, "Recheck Cond": "(company_type_id = ct.id)", "Filter": "(((note)::text ~~ '%(theatrical)%'::text) AND ((note)::text ~~ '%(France)%'::text))", "Plans": [{"Node Type": "Bitmap Index Scan", "Parent Relationship": "Outer", "Index Name": "company_type_id_movie_companies", "Startup Cost": 0.0, "Total Cost": 28944.48, "Plan Rows": 1304564, "Plan Width": 0, "Index Cond": "(company_type_id = ct.id)"}]}]}, {"Node Type": "Bitmap Heap Scan", "Parent Relationship": "Inner", "Relation Name": "title", "Alias": "t", "Startup Cost": 3.69, "Total Cost": 7.7, "Plan Rows": 1, "Plan Width": 21, "Recheck Cond": "(id = mc.movie_id)", "Filter": "(production_year > 2005)", "Plans": [{"Node Type": "Bitmap Index Scan", "Parent Relationship": "Outer", "Index Name": "title_pkey", "Startup Cost": 0.0, "Total Cost": 3.69, "Plan Rows": 1, "Plan Width": 0, "Index Cond": "(id = mc.movie_id)"}]}]}, {"Node Type": "Bitmap Heap Scan", "Parent Relationship": "Inner", "Relation Name": "movie_info", "Alias": "mi", "Startup Cost": 0.51, "Total Cost": 4.62, "Plan Rows": 1, "Plan Width": 8, "Recheck Cond": "(movie_id = t.id)", "Filter": "((info)::text = ANY ('{Sweden,Norway,Germany,Denmark,Swedish,Denish,Norwegian,German}'::text[]))", "Plans": [{"Node Type": "Bitmap Index Scan", "Parent Relationship": "Outer", "Index Name": "movie_id_movie_info", "Startup Cost": 0.0, "Total Cost": 0.51, "Plan Rows": 5, "Plan Width": 0, "Index Cond": "(movie_id = t.id)"}]}]}, {"Node Type": "Materialize", "Parent Relationship": "Inner", "Startup Cost": 8.84, "Total Cost": 14.52, "Plan Rows": 112, "Plan Width": 4, "Plans": [{"Node Type": "Bitmap Heap Scan", "Parent Relationship": "Outer", "Relation Name": "info_type", "Alias": "it", "Startup Cost": 8.84, "Total Cost": 13.96, "Plan Rows": 112, "Plan Width": 4, "Plans": [{"Node Type": "Bitmap Index Scan", "Parent Relationship": "Outer", "Index Name": "info_type_pkey", "Startup Cost": 0.0, "Total Cost": 8.81, "Plan Rows": 112, "Plan Width": 0}]}]}]}]}, "Unique SQL Id": 2510907716, "Planner Runtime": 3}, "explain_analyze_plan": {"Plan": {"Node Type": "Aggregate", "Strategy": "Plain", "Startup Cost": 91311.03, "Total Cost": 91311.04, "Plan Rows": 1, "Plan Width": 49, "Actual Startup Time": 627.343, "Actual Total Time": 627.343, "Actual Rows": 1, "Actual Loops": 1, "Plans": [{"Node Type": "Nested Loop", "Parent Relationship": "Outer", "Join Type": "Inner", "Startup Cost": 28966.17, "Total Cost": 91306.23, "Plan Rows": 1919, "Plan Width": 17, "Actual Startup Time": 627.335, "Actual Total Time": 627.335, "Actual Rows": 0, "Actual Loops": 1, "Inner Unique": true, "Join Filter": "(mi.info_type_id = it.id)", "Rows Removed by Join Filter": 0, "Plans": [{"Node Type": "Nested Loop", "Parent Relationship": "Outer", "Join Type": "Inner", "Startup Cost": 28957.33, "Total Cost": 88068.08, "Plan Rows": 1919, "Plan Width": 21, "Actual Startup Time": 627.331, "Actual Total Time": 627.331, "Actual Rows": 0, "Actual Loops": 1, "Inner Unique": false, "Plans": [{"Node Type": "Nested Loop", "Parent Relationship": "Outer", "Join Type": "Inner", "Startup Cost": 28956.82, "Total Cost": 79406.16, "Plan Rows": 1869, "Plan Width": 25, "Actual Startup Time": 627.33, "Actual Total Time": 627.33, "Actual Rows": 0, "Actual Loops": 1, "Inner Unique": true, "Plans": [{"Node Type": "Nested Loop", "Parent Relationship": "Outer", "Join Type": "Inner", "Startup Cost": 28953.13, "Total Cost": 67528.44, "Plan Rows": 1540, "Plan Width": 4, "Actual Startup Time": 627.328, "Actual Total Time": 627.328, "Actual Rows": 0, "Actual Loops": 1, "Inner Unique": false, "Plans": [{"Node Type": "Bitmap Heap Scan", "Parent Relationship": "Outer", "Relation Name": "company_type", "Alias": "ct", "Startup Cost": 8.27, "Total Cost": 12.3, "Plan Rows": 1, "Plan Width": 4, "Actual Startup Time": 0.041, "Actual Total Time": 0.048, "Actual Rows": 1, "Actual Loops": 1, "Filter": "((kind)::text = 'production companies'::text)", "Rows Removed by Filter": 2, "Exact Heap Blocks": 1, "Lossy Heap Blocks": 1, "Plans": [{"Node Type": "Bitmap Index Scan", "Parent Relationship": "Outer", "Index Name": "company_type_pkey", "Startup Cost": 0.0, "Total Cost": 8.27, "Plan Rows": 3, "Plan Width": 0, "Actual Startup Time": 0.016, "Actual Total Time": 0.016, "Actual Rows": 3, "Actual Loops": 1}]}, {"Node Type": "Bitmap Heap Scan", "Parent Relationship": "Inner", "Relation Name": "movie_companies", "Alias": "mc", "Startup Cost": 28944.86, "Total Cost": 67500.74, "Plan Rows": 1540, "Plan Width": 8, "Actual Startup Time": 627.272, "Actual Total Time": 627.272, "Actual Rows": 0, "Actual Loops": 1, "Recheck Cond": "(company_type_id = ct.id)", "Rows Removed by Index Recheck": 0, "Filter": "(((note)::text ~~ '%(theatrical)%'::text) AND ((note)::text ~~ '%(France)%'::text))", "Rows Removed by Filter": 1334883, "Exact Heap Blocks": 6196, "Lossy Heap Blocks": 6196, "Plans": [{"Node Type": "Bitmap Index Scan", "Parent Relationship": "Outer", "Index Name": "company_type_id_movie_companies", "Startup Cost": 0.0, "Total Cost": 28944.48, "Plan Rows": 1304564, "Plan Width": 0, "Actual Startup Time": 150.455, "Actual Total Time": 150.455, "Actual Rows": 1334883, "Actual Loops": 1, "Index Cond": "(company_type_id = ct.id)"}]}]}, {"Node Type": "Bitmap Heap Scan", "Parent Relationship": "Inner", "Relation Name": "title", "Alias": "t", "Startup Cost": 3.69, "Total Cost": 7.7, "Plan Rows": 1, "Plan Width": 21, "Actual Startup Time": 0.0, "Actual Total Time": 0.0, "Recheck Cond": "(id = mc.movie_id)", "Rows Removed by Index Recheck": 0, "Filter": "(production_year > 2005)", "Rows Removed by Filter": 0, "Exact Heap Blocks": 0, "Lossy Heap Blocks": 0, "Plans": [{"Node Type": "Bitmap Index Scan", "Parent Relationship": "Outer", "Index Name": "title_pkey", "Startup Cost": 0.0, "Total Cost": 3.69, "Plan Rows": 1, "Plan Width": 0, "Actual Startup Time": 0.0, "Actual Total Time": 0.0, "Index Cond": "(id = mc.movie_id)"}]}]}, {"Node Type": "Bitmap Heap Scan", "Parent Relationship": "Inner", "Relation Name": "movie_info", "Alias": "mi", "Startup Cost": 0.51, "Total Cost": 4.62, "Plan Rows": 1, "Plan Width": 8, "Actual Startup Time": 0.0, "Actual Total Time": 0.0, "Recheck Cond": "(movie_id = t.id)", "Rows Removed by Index Recheck": 0, "Filter": "((info)::text = ANY ('{Sweden,Norway,Germany,Denmark,Swedish,Denish,Norwegian,German}'::text[]))", "Rows Removed by Filter": 0, "Exact Heap Blocks": 0, "Lossy Heap Blocks": 0, "Plans": [{"Node Type": "Bitmap Index Scan", "Parent Relationship": "Outer", "Index Name": "movie_id_movie_info", "Startup Cost": 0.0, "Total Cost": 0.51, "Plan Rows": 5, "Plan Width": 0, "Actual Startup Time": 0.0, "Actual Total Time": 0.0, "Index Cond": "(movie_id = t.id)"}]}]}, {"Node Type": "Materialize", "Parent Relationship": "Inner", "Startup Cost": 8.84, "Total Cost": 14.52, "Plan Rows": 112, "Plan Width": 4, "Actual Startup Time": 0.0, "Actual Total Time": 0.0, "Plans": [{"Node Type": "Bitmap Heap Scan", "Parent Relationship": "Outer", "Relation Name": "info_type", "Alias": "it", "Startup Cost": 8.84, "Total Cost": 13.96, "Plan Rows": 112, "Plan Width": 4, "Actual Startup Time": 0.0, "Actual Total Time": 0.0, "Exact Heap Blocks": 0, "Lossy Heap Blocks": 0, "Plans": [{"Node Type": "Bitmap Index Scan", "Parent Relationship": "Outer", "Index Name": "info_type_pkey", "Startup Cost": 0.0, "Total Cost": 8.81, "Plan Rows": 112, "Plan Width": 0, "Actual Startup Time": 0.0, "Actual Total Time": 0.0}]}]}]}]}, "Triggers": [], "Planner Runtime": 3.48, "Total Runtime": 627.665, "Unique SQL Id": 2510907716}}, "(64, '116')": {"explain_plan": {"Plan": {"Node Type": "Aggregate", "Strategy": "Plain", "Startup Cost": 69341.46, "Total Cost": 69341.47, "Plan Rows": 1, "Plan Width": 49, "Plans": [{"Node Type": "Nested Loop", "Parent Relationship": "Outer", "Join Type": "Inner", "Startup Cost": 0.0, "Total Cost": 69336.67, "Plan Rows": 1919, "Plan Width": 17, "Inner Unique": true, "Plans": [{"Node Type": "Nested Loop", "Parent Relationship": "Outer", "Join Type": "Inner", "Startup Cost": 0.0, "Total Cost": 68799.18, "Plan Rows": 1919, "Plan Width": 21, "Inner Unique": false, "Plans": [{"Node Type": "Nested Loop", "Parent Relationship": "Outer", "Join Type": "Inner", "Startup Cost": 0.0, "Total Cost": 66519.89, "Plan Rows": 1869, "Plan Width": 25, "Inner Unique": true, "Plans": [{"Node Type": "Nested Loop", "Parent Relationship": "Outer", "Join Type": "Inner", "Startup Cost": 0.0, "Total Cost": 54902.47, "Plan Rows": 1540, "Plan Width": 4, "Inner Unique": false, "Join Filter": "(ct.id = mc.company_type_id)", "Plans": [{"Node Type": "Seq Scan", "Parent Relationship": "Outer", "Relation Name": "company_type", "Alias": "ct", "Startup Cost": 0.0, "Total Cost": 1.04, "Plan Rows": 1, "Plan Width": 4, "Filter": "((kind)::text = 'production companies'::text)"}, {"Node Type": "Seq Scan", "Parent Relationship": "Inner", "Relation Name": "movie_companies", "Alias": "mc", "Startup Cost": 0.0, "Total Cost": 54862.92, "Plan Rows": 3081, "Plan Width": 8, "Filter": "(((note)::text ~~ '%(theatrical)%'::text) AND ((note)::text ~~ '%(France)%'::text))"}]}, {"Node Type": "Index Scan", "Parent Relationship": "Inner", "Scan Direction": "Forward", "Index Name": "title_pkey", "Relation Name": "title", "Alias": "t", "Startup Cost": 0.0, "Total Cost": 7.53, "Plan Rows": 1, "Plan Width": 21, "Index Cond": "(id = mc.movie_id)", "Filter": "(production_year > 2005)"}]}, {"Node Type": "Index Scan", "Parent Relationship": "Inner", "Scan Direction": "Forward", "Index Name": "movie_id_movie_info", "Relation Name": "movie_info", "Alias": "mi", "Startup Cost": 0.0, "Total Cost": 1.21, "Plan Rows": 1, "Plan Width": 8, "Index Cond": "(movie_id = t.id)", "Filter": "((info)::text = ANY ('{Sweden,Norway,Germany,Denmark,Swedish,Denish,Norwegian,German}'::text[]))"}]}, {"Node Type": "Index Scan", "Parent Relationship": "Inner", "Scan Direction": "Forward", "Index Name": "info_type_pkey", "Relation Name": "info_type", "Alias": "it", "Startup Cost": 0.0, "Total Cost": 0.27, "Plan Rows": 1, "Plan Width": 4, "Index Cond": "(id = mi.info_type_id)"}]}]}, "Unique SQL Id": 2510907716, "Planner Runtime": 3}, "explain_analyze_plan": {"Plan": {"Node Type": "Aggregate", "Strategy": "Plain", "Startup Cost": 69341.46, "Total Cost": 69341.47, "Plan Rows": 1, "Plan Width": 49, "Actual Startup Time": 1049.484, "Actual Total Time": 1049.485, "Actual Rows": 1, "Actual Loops": 1, "Plans": [{"Node Type": "Nested Loop", "Parent Relationship": "Outer", "Join Type": "Inner", "Startup Cost": 0.0, "Total Cost": 69336.67, "Plan Rows": 1919, "Plan Width": 17, "Actual Startup Time": 1049.476, "Actual Total Time": 1049.476, "Actual Rows": 0, "Actual Loops": 1, "Inner Unique": true, "Plans": [{"Node Type": "Nested Loop", "Parent Relationship": "Outer", "Join Type": "Inner", "Startup Cost": 0.0, "Total Cost": 68799.18, "Plan Rows": 1919, "Plan Width": 21, "Actual Startup Time": 1049.475, "Actual Total Time": 1049.475, "Actual Rows": 0, "Actual Loops": 1, "Inner Unique": false, "Plans": [{"Node Type": "Nested Loop", "Parent Relationship": "Outer", "Join Type": "Inner", "Startup Cost": 0.0, "Total Cost": 66519.89, "Plan Rows": 1869, "Plan Width": 25, "Actual Startup Time": 1049.474, "Actual Total Time": 1049.474, "Actual Rows": 0, "Actual Loops": 1, "Inner Unique": true, "Plans": [{"Node Type": "Nested Loop", "Parent Relationship": "Outer", "Join Type": "Inner", "Startup Cost": 0.0, "Total Cost": 54902.47, "Plan Rows": 1540, "Plan Width": 4, "Actual Startup Time": 1049.473, "Actual Total Time": 1049.473, "Actual Rows": 0, "Actual Loops": 1, "Inner Unique": false, "Join Filter": "(ct.id = mc.company_type_id)", "Rows Removed by Join Filter": 24025, "Plans": [{"Node Type": "Seq Scan", "Parent Relationship": "Outer", "Relation Name": "company_type", "Alias": "ct", "Startup Cost": 0.0, "Total Cost": 1.04, "Plan Rows": 1, "Plan Width": 4, "Actual Startup Time": 0.013, "Actual Total Time": 0.019, "Actual Rows": 1, "Actual Loops": 1, "Filter": "((kind)::text = 'production companies'::text)", "Rows Removed by Filter": 2}, {"Node Type": "Seq Scan", "Parent Relationship": "Inner", "Relation Name": "movie_companies", "Alias": "mc", "Startup Cost": 0.0, "Total Cost": 54862.92, "Plan Rows": 3081, "Plan Width": 8, "Actual Startup Time": 8.922, "Actual Total Time": 1044.162, "Actual Rows": 24025, "Actual Loops": 1, "Filter": "(((note)::text ~~ '%(theatrical)%'::text) AND ((note)::text ~~ '%(France)%'::text))", "Rows Removed by Filter": 2585103}]}, {"Node Type": "Index Scan", "Parent Relationship": "Inner", "Scan Direction": "Forward", "Index Name": "title_pkey", "Relation Name": "title", "Alias": "t", "Startup Cost": 0.0, "Total Cost": 7.53, "Plan Rows": 1, "Plan Width": 21, "Actual Startup Time": 0.0, "Actual Total Time": 0.0, "Index Cond": "(id = mc.movie_id)", "Rows Removed by Index Recheck": 0, "Filter": "(production_year > 2005)", "Rows Removed by Filter": 0}]}, {"Node Type": "Index Scan", "Parent Relationship": "Inner", "Scan Direction": "Forward", "Index Name": "movie_id_movie_info", "Relation Name": "movie_info", "Alias": "mi", "Startup Cost": 0.0, "Total Cost": 1.21, "Plan Rows": 1, "Plan Width": 8, "Actual Startup Time": 0.0, "Actual Total Time": 0.0, "Index Cond": "(movie_id = t.id)", "Rows Removed by Index Recheck": 0, "Filter": "((info)::text = ANY ('{Sweden,Norway,Germany,Denmark,Swedish,Denish,Norwegian,German}'::text[]))", "Rows Removed by Filter": 0}]}, {"Node Type": "Index Scan", "Parent Relationship": "Inner", "Scan Direction": "Forward", "Index Name": "info_type_pkey", "Relation Name": "info_type", "Alias": "it", "Startup Cost": 0.0, "Total Cost": 0.27, "Plan Rows": 1, "Plan Width": 4, "Actual Startup Time": 0.0, "Actual Total Time": 0.0, "Index Cond": "(id = mi.info_type_id)", "Rows Removed by Index Recheck": 0}]}]}, "Triggers": [], "Planner Runtime": 11.028, "Total Runtime": 1049.796, "Unique SQL Id": 2510907716}}, "(64, '117')": {"explain_plan": {"Plan": {"Node Type": "Aggregate", "Strategy": "Plain", "Startup Cost": 74107.05, "Total Cost": 74107.06, "Plan Rows": 1, "Plan Width": 49, "Plans": [{"Node Type": "Nested Loop", "Parent Relationship": "Outer", "Join Type": "Inner", "Startup Cost": 0.0, "Total Cost": 74102.25, "Plan Rows": 1919, "Plan Width": 17, "Inner Unique": true, "Plans": [{"Node Type": "Nested Loop", "Parent Relationship": "Outer", "Join Type": "Inner", "Startup Cost": 0.0, "Total Cost": 73564.77, "Plan Rows": 1919, "Plan Width": 21, "Inner Unique": false, "Plans": [{"Node Type": "Nested Loop", "Parent Relationship": "Outer", "Join Type": "Inner", "Startup Cost": 0.0, "Total Cost": 71285.47, "Plan Rows": 1869, "Plan Width": 25, "Inner Unique": true, "Plans": [{"Node Type": "Nested Loop", "Parent Relationship": "Outer", "Join Type": "Inner", "Startup Cost": 0.0, "Total Cost": 59668.05, "Plan Rows": 1540, "Plan Width": 4, "Inner Unique": false, "Plans": [{"Node Type": "Index Scan", "Parent Relationship": "Outer", "Scan Direction": "Forward", "Index Name": "company_type_pkey", "Relation Name": "company_type", "Alias": "ct", "Startup Cost": 0.0, "Total Cost": 12.3, "Plan Rows": 1, "Plan Width": 4, "Filter": "((kind)::text = 'production companies'::text)"}, {"Node Type": "Index Scan", "Parent Relationship": "Inner", "Scan Direction": "Forward", "Index Name": "company_type_id_movie_companies", "Relation Name": "movie_companies", "Alias": "mc", "Startup Cost": 0.0, "Total Cost": 59640.35, "Plan Rows": 1540, "Plan Width": 8, "Index Cond": "(company_type_id = ct.id)", "Filter": "(((note)::text ~~ '%(theatrical)%'::text) AND ((note)::text ~~ '%(France)%'::text))"}]}, {"Node Type": "Index Scan", "Parent Relationship": "Inner", "Scan Direction": "Forward", "Index Name": "title_pkey", "Relation Name": "title", "Alias": "t", "Startup Cost": 0.0, "Total Cost": 7.53, "Plan Rows": 1, "Plan Width": 21, "Index Cond": "(id = mc.movie_id)", "Filter": "(production_year > 2005)"}]}, {"Node Type": "Index Scan", "Parent Relationship": "Inner", "Scan Direction": "Forward", "Index Name": "movie_id_movie_info", "Relation Name": "movie_info", "Alias": "mi", "Startup Cost": 0.0, "Total Cost": 1.21, "Plan Rows": 1, "Plan Width": 8, "Index Cond": "(movie_id = t.id)", "Filter": "((info)::text = ANY ('{Sweden,Norway,Germany,Denmark,Swedish,Denish,Norwegian,German}'::text[]))"}]}, {"Node Type": "Index Scan", "Parent Relationship": "Inner", "Scan Direction": "Forward", "Index Name": "info_type_pkey", "Relation Name": "info_type", "Alias": "it", "Startup Cost": 0.0, "Total Cost": 0.27, "Plan Rows": 1, "Plan Width": 4, "Index Cond": "(id = mi.info_type_id)"}]}]}, "Unique SQL Id": 2510907716, "Planner Runtime": 3}, "explain_analyze_plan": {"Plan": {"Node Type": "Aggregate", "Strategy": "Plain", "Startup Cost": 74107.05, "Total Cost": 74107.06, "Plan Rows": 1, "Plan Width": 49, "Actual Startup Time": 698.478, "Actual Total Time": 698.478, "Actual Rows": 1, "Actual Loops": 1, "Plans": [{"Node Type": "Nested Loop", "Parent Relationship": "Outer", "Join Type": "Inner", "Startup Cost": 0.0, "Total Cost": 74102.25, "Plan Rows": 1919, "Plan Width": 17, "Actual Startup Time": 698.471, "Actual Total Time": 698.471, "Actual Rows": 0, "Actual Loops": 1, "Inner Unique": true, "Plans": [{"Node Type": "Nested Loop", "Parent Relationship": "Outer", "Join Type": "Inner", "Startup Cost": 0.0, "Total Cost": 73564.77, "Plan Rows": 1919, "Plan Width": 21, "Actual Startup Time": 698.468, "Actual Total Time": 698.468, "Actual Rows": 0, "Actual Loops": 1, "Inner Unique": false, "Plans": [{"Node Type": "Nested Loop", "Parent Relationship": "Outer", "Join Type": "Inner", "Startup Cost": 0.0, "Total Cost": 71285.47, "Plan Rows": 1869, "Plan Width": 25, "Actual Startup Time": 698.467, "Actual Total Time": 698.467, "Actual Rows": 0, "Actual Loops": 1, "Inner Unique": true, "Plans": [{"Node Type": "Nested Loop", "Parent Relationship": "Outer", "Join Type": "Inner", "Startup Cost": 0.0, "Total Cost": 59668.05, "Plan Rows": 1540, "Plan Width": 4, "Actual Startup Time": 698.466, "Actual Total Time": 698.466, "Actual Rows": 0, "Actual Loops": 1, "Inner Unique": false, "Plans": [{"Node Type": "Index Scan", "Parent Relationship": "Outer", "Scan Direction": "Forward", "Index Name": "company_type_pkey", "Relation Name": "company_type", "Alias": "ct", "Startup Cost": 0.0, "Total Cost": 12.3, "Plan Rows": 1, "Plan Width": 4, "Actual Startup Time": 0.014, "Actual Total Time": 0.022, "Actual Rows": 1, "Actual Loops": 1, "Filter": "((kind)::text = 'production companies'::text)", "Rows Removed by Filter": 2}, {"Node Type": "Index Scan", "Parent Relationship": "Inner", "Scan Direction": "Forward", "Index Name": "company_type_id_movie_companies", "Relation Name": "movie_companies", "Alias": "mc", "Startup Cost": 0.0, "Total Cost": 59640.35, "Plan Rows": 1540, "Plan Width": 8, "Actual Startup Time": 698.437, "Actual Total Time": 698.437, "Actual Rows": 0, "Actual Loops": 1, "Index Cond": "(company_type_id = ct.id)", "Rows Removed by Index Recheck": 0, "Filter": "(((note)::text ~~ '%(theatrical)%'::text) AND ((note)::text ~~ '%(France)%'::text))", "Rows Removed by Filter": 1334883}]}, {"Node Type": "Index Scan", "Parent Relationship": "Inner", "Scan Direction": "Forward", "Index Name": "title_pkey", "Relation Name": "title", "Alias": "t", "Startup Cost": 0.0, "Total Cost": 7.53, "Plan Rows": 1, "Plan Width": 21, "Actual Startup Time": 0.0, "Actual Total Time": 0.0, "Index Cond": "(id = mc.movie_id)", "Rows Removed by Index Recheck": 0, "Filter": "(production_year > 2005)", "Rows Removed by Filter": 0}]}, {"Node Type": "Index Scan", "Parent Relationship": "Inner", "Scan Direction": "Forward", "Index Name": "movie_id_movie_info", "Relation Name": "movie_info", "Alias": "mi", "Startup Cost": 0.0, "Total Cost": 1.21, "Plan Rows": 1, "Plan Width": 8, "Actual Startup Time": 0.0, "Actual Total Time": 0.0, "Index Cond": "(movie_id = t.id)", "Rows Removed by Index Recheck": 0, "Filter": "((info)::text = ANY ('{Sweden,Norway,Germany,Denmark,Swedish,Denish,Norwegian,German}'::text[]))", "Rows Removed by Filter": 0}]}, {"Node Type": "Index Scan", "Parent Relationship": "Inner", "Scan Direction": "Forward", "Index Name": "info_type_pkey", "Relation Name": "info_type", "Alias": "it", "Startup Cost": 0.0, "Total Cost": 0.27, "Plan Rows": 1, "Plan Width": 4, "Actual Startup Time": 0.0, "Actual Total Time": 0.0, "Index Cond": "(id = mi.info_type_id)", "Rows Removed by Index Recheck": 0}]}]}, "Triggers": [], "Planner Runtime": 8.158, "Total Runtime": 698.747, "Unique SQL Id": 2510907716}}, "(64, '118')": {"explain_plan": {"Plan": {"Node Type": "Aggregate", "Strategy": "Plain", "Startup Cost": 78673.23, "Total Cost": 78673.24, "Plan Rows": 1, "Plan Width": 49, "Plans": [{"Node Type": "Nested Loop", "Parent Relationship": "Outer", "Join Type": "Inner", "Startup Cost": 4.2, "Total Cost": 78668.43, "Plan Rows": 1919, "Plan Width": 17, "Inner Unique": true, "Join Filter": "(mi.info_type_id = it.id)", "Plans": [{"Node Type": "Nested Loop", "Parent Relationship": "Outer", "Join Type": "Inner", "Startup Cost": 4.2, "Total Cost": 75442.11, "Plan Rows": 1919, "Plan Width": 21, "Inner Unique": false, "Plans": [{"Node Type": "Nested Loop", "Parent Relationship": "Outer", "Join Type": "Inner", "Startup Cost": 3.69, "Total Cost": 66780.19, "Plan Rows": 1869, "Plan Width": 25, "Inner Unique": true, "Plans": [{"Node Type": "Nested Loop", "Parent Relationship": "Outer", "Join Type": "Inner", "Startup Cost": 0.0, "Total Cost": 54902.47, "Plan Rows": 1540, "Plan Width": 4, "Inner Unique": false, "Join Filter": "(ct.id = mc.company_type_id)", "Plans": [{"Node Type": "Seq Scan", "Parent Relationship": "Outer", "Relation Name": "company_type", "Alias": "ct", "Startup Cost": 0.0, "Total Cost": 1.04, "Plan Rows": 1, "Plan Width": 4, "Filter": "((kind)::text = 'production companies'::text)"}, {"Node Type": "Seq Scan", "Parent Relationship": "Inner", "Relation Name": "movie_companies", "Alias": "mc", "Startup Cost": 0.0, "Total Cost": 54862.92, "Plan Rows": 3081, "Plan Width": 8, "Filter": "(((note)::text ~~ '%(theatrical)%'::text) AND ((note)::text ~~ '%(France)%'::text))"}]}, {"Node Type": "Bitmap Heap Scan", "Parent Relationship": "Inner", "Relation Name": "title", "Alias": "t", "Startup Cost": 3.69, "Total Cost": 7.7, "Plan Rows": 1, "Plan Width": 21, "Recheck Cond": "(id = mc.movie_id)", "Filter": "(production_year > 2005)", "Plans": [{"Node Type": "Bitmap Index Scan", "Parent Relationship": "Outer", "Index Name": "title_pkey", "Startup Cost": 0.0, "Total Cost": 3.69, "Plan Rows": 1, "Plan Width": 0, "Index Cond": "(id = mc.movie_id)"}]}]}, {"Node Type": "Bitmap Heap Scan", "Parent Relationship": "Inner", "Relation Name": "movie_info", "Alias": "mi", "Startup Cost": 0.51, "Total Cost": 4.62, "Plan Rows": 1, "Plan Width": 8, "Recheck Cond": "(movie_id = t.id)", "Filter": "((info)::text = ANY ('{Sweden,Norway,Germany,Denmark,Swedish,Denish,Norwegian,German}'::text[]))", "Plans": [{"Node Type": "Bitmap Index Scan", "Parent Relationship": "Outer", "Index Name": "movie_id_movie_info", "Startup Cost": 0.0, "Total Cost": 0.51, "Plan Rows": 5, "Plan Width": 0, "Index Cond": "(movie_id = t.id)"}]}]}, {"Node Type": "Materialize", "Parent Relationship": "Inner", "Startup Cost": 0.0, "Total Cost": 2.68, "Plan Rows": 112, "Plan Width": 4, "Plans": [{"Node Type": "Seq Scan", "Parent Relationship": "Outer", "Relation Name": "info_type", "Alias": "it", "Startup Cost": 0.0, "Total Cost": 2.12, "Plan Rows": 112, "Plan Width": 4}]}]}]}, "Unique SQL Id": 2510907716, "Planner Runtime": 4}, "explain_analyze_plan": {"Plan": {"Node Type": "Aggregate", "Strategy": "Plain", "Startup Cost": 78673.23, "Total Cost": 78673.24, "Plan Rows": 1, "Plan Width": 49, "Actual Startup Time": 1042.644, "Actual Total Time": 1042.644, "Actual Rows": 1, "Actual Loops": 1, "Plans": [{"Node Type": "Nested Loop", "Parent Relationship": "Outer", "Join Type": "Inner", "Startup Cost": 4.2, "Total Cost": 78668.43, "Plan Rows": 1919, "Plan Width": 17, "Actual Startup Time": 1042.633, "Actual Total Time": 1042.633, "Actual Rows": 0, "Actual Loops": 1, "Inner Unique": true, "Join Filter": "(mi.info_type_id = it.id)", "Rows Removed by Join Filter": 0, "Plans": [{"Node Type": "Nested Loop", "Parent Relationship": "Outer", "Join Type": "Inner", "Startup Cost": 4.2, "Total Cost": 75442.11, "Plan Rows": 1919, "Plan Width": 21, "Actual Startup Time": 1042.632, "Actual Total Time": 1042.632, "Actual Rows": 0, "Actual Loops": 1, "Inner Unique": false, "Plans": [{"Node Type": "Nested Loop", "Parent Relationship": "Outer", "Join Type": "Inner", "Startup Cost": 3.69, "Total Cost": 66780.19, "Plan Rows": 1869, "Plan Width": 25, "Actual Startup Time": 1042.631, "Actual Total Time": 1042.631, "Actual Rows": 0, "Actual Loops": 1, "Inner Unique": true, "Plans": [{"Node Type": "Nested Loop", "Parent Relationship": "Outer", "Join Type": "Inner", "Startup Cost": 0.0, "Total Cost": 54902.47, "Plan Rows": 1540, "Plan Width": 4, "Actual Startup Time": 1042.63, "Actual Total Time": 1042.63, "Actual Rows": 0, "Actual Loops": 1, "Inner Unique": false, "Join Filter": "(ct.id = mc.company_type_id)", "Rows Removed by Join Filter": 24025, "Plans": [{"Node Type": "Seq Scan", "Parent Relationship": "Outer", "Relation Name": "company_type", "Alias": "ct", "Startup Cost": 0.0, "Total Cost": 1.04, "Plan Rows": 1, "Plan Width": 4, "Actual Startup Time": 0.018, "Actual Total Time": 0.023, "Actual Rows": 1, "Actual Loops": 1, "Filter": "((kind)::text = 'production companies'::text)", "Rows Removed by Filter": 2}, {"Node Type": "Seq Scan", "Parent Relationship": "Inner", "Relation Name": "movie_companies", "Alias": "mc", "Startup Cost": 0.0, "Total Cost": 54862.92, "Plan Rows": 3081, "Plan Width": 8, "Actual Startup Time": 8.934, "Actual Total Time": 1037.211, "Actual Rows": 24025, "Actual Loops": 1, "Filter": "(((note)::text ~~ '%(theatrical)%'::text) AND ((note)::text ~~ '%(France)%'::text))", "Rows Removed by Filter": 2585103}]}, {"Node Type": "Bitmap Heap Scan", "Parent Relationship": "Inner", "Relation Name": "title", "Alias": "t", "Startup Cost": 3.69, "Total Cost": 7.7, "Plan Rows": 1, "Plan Width": 21, "Actual Startup Time": 0.0, "Actual Total Time": 0.0, "Recheck Cond": "(id = mc.movie_id)", "Rows Removed by Index Recheck": 0, "Filter": "(production_year > 2005)", "Rows Removed by Filter": 0, "Exact Heap Blocks": 0, "Lossy Heap Blocks": 0, "Plans": [{"Node Type": "Bitmap Index Scan", "Parent Relationship": "Outer", "Index Name": "title_pkey", "Startup Cost": 0.0, "Total Cost": 3.69, "Plan Rows": 1, "Plan Width": 0, "Actual Startup Time": 0.0, "Actual Total Time": 0.0, "Index Cond": "(id = mc.movie_id)"}]}]}, {"Node Type": "Bitmap Heap Scan", "Parent Relationship": "Inner", "Relation Name": "movie_info", "Alias": "mi", "Startup Cost": 0.51, "Total Cost": 4.62, "Plan Rows": 1, "Plan Width": 8, "Actual Startup Time": 0.0, "Actual Total Time": 0.0, "Recheck Cond": "(movie_id = t.id)", "Rows Removed by Index Recheck": 0, "Filter": "((info)::text = ANY ('{Sweden,Norway,Germany,Denmark,Swedish,Denish,Norwegian,German}'::text[]))", "Rows Removed by Filter": 0, "Exact Heap Blocks": 0, "Lossy Heap Blocks": 0, "Plans": [{"Node Type": "Bitmap Index Scan", "Parent Relationship": "Outer", "Index Name": "movie_id_movie_info", "Startup Cost": 0.0, "Total Cost": 0.51, "Plan Rows": 5, "Plan Width": 0, "Actual Startup Time": 0.0, "Actual Total Time": 0.0, "Index Cond": "(movie_id = t.id)"}]}]}, {"Node Type": "Materialize", "Parent Relationship": "Inner", "Startup Cost": 0.0, "Total Cost": 2.68, "Plan Rows": 112, "Plan Width": 4, "Actual Startup Time": 0.0, "Actual Total Time": 0.0, "Plans": [{"Node Type": "Seq Scan", "Parent Relationship": "Outer", "Relation Name": "info_type", "Alias": "it", "Startup Cost": 0.0, "Total Cost": 2.12, "Plan Rows": 112, "Plan Width": 4, "Actual Startup Time": 0.0, "Actual Total Time": 0.0}]}]}]}, "Triggers": [], "Planner Runtime": 4.553, "Total Runtime": 1042.896, "Unique SQL Id": 2510907716}}, "(64, '119')": {"explain_plan": {"Plan": {"Node Type": "Aggregate", "Strategy": "Plain", "Startup Cost": 91311.03, "Total Cost": 91311.04, "Plan Rows": 1, "Plan Width": 49, "Plans": [{"Node Type": "Nested Loop", "Parent Relationship": "Outer", "Join Type": "Inner", "Startup Cost": 28966.17, "Total Cost": 91306.23, "Plan Rows": 1919, "Plan Width": 17, "Inner Unique": true, "Join Filter": "(mi.info_type_id = it.id)", "Plans": [{"Node Type": "Nested Loop", "Parent Relationship": "Outer", "Join Type": "Inner", "Startup Cost": 28957.33, "Total Cost": 88068.08, "Plan Rows": 1919, "Plan Width": 21, "Inner Unique": false, "Plans": [{"Node Type": "Nested Loop", "Parent Relationship": "Outer", "Join Type": "Inner", "Startup Cost": 28956.82, "Total Cost": 79406.16, "Plan Rows": 1869, "Plan Width": 25, "Inner Unique": true, "Plans": [{"Node Type": "Nested Loop", "Parent Relationship": "Outer", "Join Type": "Inner", "Startup Cost": 28953.13, "Total Cost": 67528.44, "Plan Rows": 1540, "Plan Width": 4, "Inner Unique": false, "Plans": [{"Node Type": "Bitmap Heap Scan", "Parent Relationship": "Outer", "Relation Name": "company_type", "Alias": "ct", "Startup Cost": 8.27, "Total Cost": 12.3, "Plan Rows": 1, "Plan Width": 4, "Filter": "((kind)::text = 'production companies'::text)", "Plans": [{"Node Type": "Bitmap Index Scan", "Parent Relationship": "Outer", "Index Name": "company_type_pkey", "Startup Cost": 0.0, "Total Cost": 8.27, "Plan Rows": 3, "Plan Width": 0}]}, {"Node Type": "Bitmap Heap Scan", "Parent Relationship": "Inner", "Relation Name": "movie_companies", "Alias": "mc", "Startup Cost": 28944.86, "Total Cost": 67500.74, "Plan Rows": 1540, "Plan Width": 8, "Recheck Cond": "(company_type_id = ct.id)", "Filter": "(((note)::text ~~ '%(theatrical)%'::text) AND ((note)::text ~~ '%(France)%'::text))", "Plans": [{"Node Type": "Bitmap Index Scan", "Parent Relationship": "Outer", "Index Name": "company_type_id_movie_companies", "Startup Cost": 0.0, "Total Cost": 28944.48, "Plan Rows": 1304564, "Plan Width": 0, "Index Cond": "(company_type_id = ct.id)"}]}]}, {"Node Type": "Bitmap Heap Scan", "Parent Relationship": "Inner", "Relation Name": "title", "Alias": "t", "Startup Cost": 3.69, "Total Cost": 7.7, "Plan Rows": 1, "Plan Width": 21, "Recheck Cond": "(id = mc.movie_id)", "Filter": "(production_year > 2005)", "Plans": [{"Node Type": "Bitmap Index Scan", "Parent Relationship": "Outer", "Index Name": "title_pkey", "Startup Cost": 0.0, "Total Cost": 3.69, "Plan Rows": 1, "Plan Width": 0, "Index Cond": "(id = mc.movie_id)"}]}]}, {"Node Type": "Bitmap Heap Scan", "Parent Relationship": "Inner", "Relation Name": "movie_info", "Alias": "mi", "Startup Cost": 0.51, "Total Cost": 4.62, "Plan Rows": 1, "Plan Width": 8, "Recheck Cond": "(movie_id = t.id)", "Filter": "((info)::text = ANY ('{Sweden,Norway,Germany,Denmark,Swedish,Denish,Norwegian,German}'::text[]))", "Plans": [{"Node Type": "Bitmap Index Scan", "Parent Relationship": "Outer", "Index Name": "movie_id_movie_info", "Startup Cost": 0.0, "Total Cost": 0.51, "Plan Rows": 5, "Plan Width": 0, "Index Cond": "(movie_id = t.id)"}]}]}, {"Node Type": "Materialize", "Parent Relationship": "Inner", "Startup Cost": 8.84, "Total Cost": 14.52, "Plan Rows": 112, "Plan Width": 4, "Plans": [{"Node Type": "Bitmap Heap Scan", "Parent Relationship": "Outer", "Relation Name": "info_type", "Alias": "it", "Startup Cost": 8.84, "Total Cost": 13.96, "Plan Rows": 112, "Plan Width": 4, "Plans": [{"Node Type": "Bitmap Index Scan", "Parent Relationship": "Outer", "Index Name": "info_type_pkey", "Startup Cost": 0.0, "Total Cost": 8.81, "Plan Rows": 112, "Plan Width": 0}]}]}]}]}, "Unique SQL Id": 2510907716, "Planner Runtime": 3}, "explain_analyze_plan": {"Plan": {"Node Type": "Aggregate", "Strategy": "Plain", "Startup Cost": 91311.03, "Total Cost": 91311.04, "Plan Rows": 1, "Plan Width": 49, "Actual Startup Time": 627.343, "Actual Total Time": 627.343, "Actual Rows": 1, "Actual Loops": 1, "Plans": [{"Node Type": "Nested Loop", "Parent Relationship": "Outer", "Join Type": "Inner", "Startup Cost": 28966.17, "Total Cost": 91306.23, "Plan Rows": 1919, "Plan Width": 17, "Actual Startup Time": 627.335, "Actual Total Time": 627.335, "Actual Rows": 0, "Actual Loops": 1, "Inner Unique": true, "Join Filter": "(mi.info_type_id = it.id)", "Rows Removed by Join Filter": 0, "Plans": [{"Node Type": "Nested Loop", "Parent Relationship": "Outer", "Join Type": "Inner", "Startup Cost": 28957.33, "Total Cost": 88068.08, "Plan Rows": 1919, "Plan Width": 21, "Actual Startup Time": 627.331, "Actual Total Time": 627.331, "Actual Rows": 0, "Actual Loops": 1, "Inner Unique": false, "Plans": [{"Node Type": "Nested Loop", "Parent Relationship": "Outer", "Join Type": "Inner", "Startup Cost": 28956.82, "Total Cost": 79406.16, "Plan Rows": 1869, "Plan Width": 25, "Actual Startup Time": 627.33, "Actual Total Time": 627.33, "Actual Rows": 0, "Actual Loops": 1, "Inner Unique": true, "Plans": [{"Node Type": "Nested Loop", "Parent Relationship": "Outer", "Join Type": "Inner", "Startup Cost": 28953.13, "Total Cost": 67528.44, "Plan Rows": 1540, "Plan Width": 4, "Actual Startup Time": 627.328, "Actual Total Time": 627.328, "Actual Rows": 0, "Actual Loops": 1, "Inner Unique": false, "Plans": [{"Node Type": "Bitmap Heap Scan", "Parent Relationship": "Outer", "Relation Name": "company_type", "Alias": "ct", "Startup Cost": 8.27, "Total Cost": 12.3, "Plan Rows": 1, "Plan Width": 4, "Actual Startup Time": 0.041, "Actual Total Time": 0.048, "Actual Rows": 1, "Actual Loops": 1, "Filter": "((kind)::text = 'production companies'::text)", "Rows Removed by Filter": 2, "Exact Heap Blocks": 1, "Lossy Heap Blocks": 1, "Plans": [{"Node Type": "Bitmap Index Scan", "Parent Relationship": "Outer", "Index Name": "company_type_pkey", "Startup Cost": 0.0, "Total Cost": 8.27, "Plan Rows": 3, "Plan Width": 0, "Actual Startup Time": 0.016, "Actual Total Time": 0.016, "Actual Rows": 3, "Actual Loops": 1}]}, {"Node Type": "Bitmap Heap Scan", "Parent Relationship": "Inner", "Relation Name": "movie_companies", "Alias": "mc", "Startup Cost": 28944.86, "Total Cost": 67500.74, "Plan Rows": 1540, "Plan Width": 8, "Actual Startup Time": 627.272, "Actual Total Time": 627.272, "Actual Rows": 0, "Actual Loops": 1, "Recheck Cond": "(company_type_id = ct.id)", "Rows Removed by Index Recheck": 0, "Filter": "(((note)::text ~~ '%(theatrical)%'::text) AND ((note)::text ~~ '%(France)%'::text))", "Rows Removed by Filter": 1334883, "Exact Heap Blocks": 6196, "Lossy Heap Blocks": 6196, "Plans": [{"Node Type": "Bitmap Index Scan", "Parent Relationship": "Outer", "Index Name": "company_type_id_movie_companies", "Startup Cost": 0.0, "Total Cost": 28944.48, "Plan Rows": 1304564, "Plan Width": 0, "Actual Startup Time": 150.455, "Actual Total Time": 150.455, "Actual Rows": 1334883, "Actual Loops": 1, "Index Cond": "(company_type_id = ct.id)"}]}]}, {"Node Type": "Bitmap Heap Scan", "Parent Relationship": "Inner", "Relation Name": "title", "Alias": "t", "Startup Cost": 3.69, "Total Cost": 7.7, "Plan Rows": 1, "Plan Width": 21, "Actual Startup Time": 0.0, "Actual Total Time": 0.0, "Recheck Cond": "(id = mc.movie_id)", "Rows Removed by Index Recheck": 0, "Filter": "(production_year > 2005)", "Rows Removed by Filter": 0, "Exact Heap Blocks": 0, "Lossy Heap Blocks": 0, "Plans": [{"Node Type": "Bitmap Index Scan", "Parent Relationship": "Outer", "Index Name": "title_pkey", "Startup Cost": 0.0, "Total Cost": 3.69, "Plan Rows": 1, "Plan Width": 0, "Actual Startup Time": 0.0, "Actual Total Time": 0.0, "Index Cond": "(id = mc.movie_id)"}]}]}, {"Node Type": "Bitmap Heap Scan", "Parent Relationship": "Inner", "Relation Name": "movie_info", "Alias": "mi", "Startup Cost": 0.51, "Total Cost": 4.62, "Plan Rows": 1, "Plan Width": 8, "Actual Startup Time": 0.0, "Actual Total Time": 0.0, "Recheck Cond": "(movie_id = t.id)", "Rows Removed by Index Recheck": 0, "Filter": "((info)::text = ANY ('{Sweden,Norway,Germany,Denmark,Swedish,Denish,Norwegian,German}'::text[]))", "Rows Removed by Filter": 0, "Exact Heap Blocks": 0, "Lossy Heap Blocks": 0, "Plans": [{"Node Type": "Bitmap Index Scan", "Parent Relationship": "Outer", "Index Name": "movie_id_movie_info", "Startup Cost": 0.0, "Total Cost": 0.51, "Plan Rows": 5, "Plan Width": 0, "Actual Startup Time": 0.0, "Actual Total Time": 0.0, "Index Cond": "(movie_id = t.id)"}]}]}, {"Node Type": "Materialize", "Parent Relationship": "Inner", "Startup Cost": 8.84, "Total Cost": 14.52, "Plan Rows": 112, "Plan Width": 4, "Actual Startup Time": 0.0, "Actual Total Time": 0.0, "Plans": [{"Node Type": "Bitmap Heap Scan", "Parent Relationship": "Outer", "Relation Name": "info_type", "Alias": "it", "Startup Cost": 8.84, "Total Cost": 13.96, "Plan Rows": 112, "Plan Width": 4, "Actual Startup Time": 0.0, "Actual Total Time": 0.0, "Exact Heap Blocks": 0, "Lossy Heap Blocks": 0, "Plans": [{"Node Type": "Bitmap Index Scan", "Parent Relationship": "Outer", "Index Name": "info_type_pkey", "Startup Cost": 0.0, "Total Cost": 8.81, "Plan Rows": 112, "Plan Width": 0, "Actual Startup Time": 0.0, "Actual Total Time": 0.0}]}]}]}]}, "Triggers": [], "Planner Runtime": 3.48, "Total Runtime": 627.665, "Unique SQL Id": 2510907716}}, "(64, '120')": {"explain_plan": {"Plan": {"Node Type": "Aggregate", "Strategy": "Plain", "Startup Cost": 69341.41, "Total Cost": 69341.42, "Plan Rows": 1, "Plan Width": 49, "Plans": [{"Node Type": "Nested Loop", "Parent Relationship": "Outer", "Join Type": "Inner", "Startup Cost": 0.0, "Total Cost": 69336.61, "Plan Rows": 1919, "Plan Width": 17, "Inner Unique": true, "Plans": [{"Node Type": "Nested Loop", "Parent Relationship": "Outer", "Join Type": "Inner", "Startup Cost": 0.0, "Total Cost": 68799.18, "Plan Rows": 1919, "Plan Width": 21, "Inner Unique": false, "Plans": [{"Node Type": "Nested Loop", "Parent Relationship": "Outer", "Join Type": "Inner", "Startup Cost": 0.0, "Total Cost": 66519.89, "Plan Rows": 1869, "Plan Width": 25, "Inner Unique": true, "Plans": [{"Node Type": "Nested Loop", "Parent Relationship": "Outer", "Join Type": "Inner", "Startup Cost": 0.0, "Total Cost": 54902.47, "Plan Rows": 1540, "Plan Width": 4, "Inner Unique": false, "Join Filter": "(ct.id = mc.company_type_id)", "Plans": [{"Node Type": "Seq Scan", "Parent Relationship": "Outer", "Relation Name": "company_type", "Alias": "ct", "Startup Cost": 0.0, "Total Cost": 1.04, "Plan Rows": 1, "Plan Width": 4, "Filter": "((kind)::text = 'production companies'::text)"}, {"Node Type": "Seq Scan", "Parent Relationship": "Inner", "Relation Name": "movie_companies", "Alias": "mc", "Startup Cost": 0.0, "Total Cost": 54862.92, "Plan Rows": 3081, "Plan Width": 8, "Filter": "(((note)::text ~~ '%(theatrical)%'::text) AND ((note)::text ~~ '%(France)%'::text))"}]}, {"Node Type": "Index Scan", "Parent Relationship": "Inner", "Scan Direction": "Forward", "Index Name": "title_pkey", "Relation Name": "title", "Alias": "t", "Startup Cost": 0.0, "Total Cost": 7.53, "Plan Rows": 1, "Plan Width": 21, "Index Cond": "(id = mc.movie_id)", "Filter": "(production_year > 2005)"}]}, {"Node Type": "Index Scan", "Parent Relationship": "Inner", "Scan Direction": "Forward", "Index Name": "movie_id_movie_info", "Relation Name": "movie_info", "Alias": "mi", "Startup Cost": 0.0, "Total Cost": 1.21, "Plan Rows": 1, "Plan Width": 8, "Index Cond": "(movie_id = t.id)", "Filter": "((info)::text = ANY ('{Sweden,Norway,Germany,Denmark,Swedish,Denish,Norwegian,German}'::text[]))"}]}, {"Node Type": "Index Only Scan", "Parent Relationship": "Inner", "Scan Direction": "Forward", "Index Name": "info_type_pkey", "Relation Name": "info_type", "Alias": "it", "Startup Cost": 0.0, "Total Cost": 0.27, "Plan Rows": 1, "Plan Width": 4, "Index Cond": "(id = mi.info_type_id)"}]}]}, "Unique SQL Id": 2510907716, "Planner Runtime": 3}, "explain_analyze_plan": {"Plan": {"Node Type": "Aggregate", "Strategy": "Plain", "Startup Cost": 69341.41, "Total Cost": 69341.42, "Plan Rows": 1, "Plan Width": 49, "Actual Startup Time": 1038.715, "Actual Total Time": 1038.716, "Actual Rows": 1, "Actual Loops": 1, "Plans": [{"Node Type": "Nested Loop", "Parent Relationship": "Outer", "Join Type": "Inner", "Startup Cost": 0.0, "Total Cost": 69336.61, "Plan Rows": 1919, "Plan Width": 17, "Actual Startup Time": 1038.706, "Actual Total Time": 1038.706, "Actual Rows": 0, "Actual Loops": 1, "Inner Unique": true, "Plans": [{"Node Type": "Nested Loop", "Parent Relationship": "Outer", "Join Type": "Inner", "Startup Cost": 0.0, "Total Cost": 68799.18, "Plan Rows": 1919, "Plan Width": 21, "Actual Startup Time": 1038.704, "Actual Total Time": 1038.704, "Actual Rows": 0, "Actual Loops": 1, "Inner Unique": false, "Plans": [{"Node Type": "Nested Loop", "Parent Relationship": "Outer", "Join Type": "Inner", "Startup Cost": 0.0, "Total Cost": 66519.89, "Plan Rows": 1869, "Plan Width": 25, "Actual Startup Time": 1038.703, "Actual Total Time": 1038.703, "Actual Rows": 0, "Actual Loops": 1, "Inner Unique": true, "Plans": [{"Node Type": "Nested Loop", "Parent Relationship": "Outer", "Join Type": "Inner", "Startup Cost": 0.0, "Total Cost": 54902.47, "Plan Rows": 1540, "Plan Width": 4, "Actual Startup Time": 1038.702, "Actual Total Time": 1038.702, "Actual Rows": 0, "Actual Loops": 1, "Inner Unique": false, "Join Filter": "(ct.id = mc.company_type_id)", "Rows Removed by Join Filter": 24025, "Plans": [{"Node Type": "Seq Scan", "Parent Relationship": "Outer", "Relation Name": "company_type", "Alias": "ct", "Startup Cost": 0.0, "Total Cost": 1.04, "Plan Rows": 1, "Plan Width": 4, "Actual Startup Time": 0.022, "Actual Total Time": 0.025, "Actual Rows": 1, "Actual Loops": 1, "Filter": "((kind)::text = 'production companies'::text)", "Rows Removed by Filter": 2}, {"Node Type": "Seq Scan", "Parent Relationship": "Inner", "Relation Name": "movie_companies", "Alias": "mc", "Startup Cost": 0.0, "Total Cost": 54862.92, "Plan Rows": 3081, "Plan Width": 8, "Actual Startup Time": 8.799, "Actual Total Time": 1033.327, "Actual Rows": 24025, "Actual Loops": 1, "Filter": "(((note)::text ~~ '%(theatrical)%'::text) AND ((note)::text ~~ '%(France)%'::text))", "Rows Removed by Filter": 2585103}]}, {"Node Type": "Index Scan", "Parent Relationship": "Inner", "Scan Direction": "Forward", "Index Name": "title_pkey", "Relation Name": "title", "Alias": "t", "Startup Cost": 0.0, "Total Cost": 7.53, "Plan Rows": 1, "Plan Width": 21, "Actual Startup Time": 0.0, "Actual Total Time": 0.0, "Index Cond": "(id = mc.movie_id)", "Rows Removed by Index Recheck": 0, "Filter": "(production_year > 2005)", "Rows Removed by Filter": 0}]}, {"Node Type": "Index Scan", "Parent Relationship": "Inner", "Scan Direction": "Forward", "Index Name": "movie_id_movie_info", "Relation Name": "movie_info", "Alias": "mi", "Startup Cost": 0.0, "Total Cost": 1.21, "Plan Rows": 1, "Plan Width": 8, "Actual Startup Time": 0.0, "Actual Total Time": 0.0, "Index Cond": "(movie_id = t.id)", "Rows Removed by Index Recheck": 0, "Filter": "((info)::text = ANY ('{Sweden,Norway,Germany,Denmark,Swedish,Denish,Norwegian,German}'::text[]))", "Rows Removed by Filter": 0}]}, {"Node Type": "Index Only Scan", "Parent Relationship": "Inner", "Scan Direction": "Forward", "Index Name": "info_type_pkey", "Relation Name": "info_type", "Alias": "it", "Startup Cost": 0.0, "Total Cost": 0.27, "Plan Rows": 1, "Plan Width": 4, "Actual Startup Time": 0.0, "Actual Total Time": 0.0, "Index Cond": "(id = mi.info_type_id)", "Rows Removed by Index Recheck": 0, "Heap Fetches": 0}]}]}, "Triggers": [], "Planner Runtime": 11.067, "Total Runtime": 1038.954, "Unique SQL Id": 2510907716}}, "(64, '121')": {"explain_plan": {"Plan": {"Node Type": "Aggregate", "Strategy": "Plain", "Startup Cost": 74106.99, "Total Cost": 74107.0, "Plan Rows": 1, "Plan Width": 49, "Plans": [{"Node Type": "Nested Loop", "Parent Relationship": "Outer", "Join Type": "Inner", "Startup Cost": 0.0, "Total Cost": 74102.19, "Plan Rows": 1919, "Plan Width": 17, "Inner Unique": true, "Plans": [{"Node Type": "Nested Loop", "Parent Relationship": "Outer", "Join Type": "Inner", "Startup Cost": 0.0, "Total Cost": 73564.77, "Plan Rows": 1919, "Plan Width": 21, "Inner Unique": false, "Plans": [{"Node Type": "Nested Loop", "Parent Relationship": "Outer", "Join Type": "Inner", "Startup Cost": 0.0, "Total Cost": 71285.47, "Plan Rows": 1869, "Plan Width": 25, "Inner Unique": true, "Plans": [{"Node Type": "Nested Loop", "Parent Relationship": "Outer", "Join Type": "Inner", "Startup Cost": 0.0, "Total Cost": 59668.05, "Plan Rows": 1540, "Plan Width": 4, "Inner Unique": false, "Plans": [{"Node Type": "Index Scan", "Parent Relationship": "Outer", "Scan Direction": "Forward", "Index Name": "company_type_pkey", "Relation Name": "company_type", "Alias": "ct", "Startup Cost": 0.0, "Total Cost": 12.3, "Plan Rows": 1, "Plan Width": 4, "Filter": "((kind)::text = 'production companies'::text)"}, {"Node Type": "Index Scan", "Parent Relationship": "Inner", "Scan Direction": "Forward", "Index Name": "company_type_id_movie_companies", "Relation Name": "movie_companies", "Alias": "mc", "Startup Cost": 0.0, "Total Cost": 59640.35, "Plan Rows": 1540, "Plan Width": 8, "Index Cond": "(company_type_id = ct.id)", "Filter": "(((note)::text ~~ '%(theatrical)%'::text) AND ((note)::text ~~ '%(France)%'::text))"}]}, {"Node Type": "Index Scan", "Parent Relationship": "Inner", "Scan Direction": "Forward", "Index Name": "title_pkey", "Relation Name": "title", "Alias": "t", "Startup Cost": 0.0, "Total Cost": 7.53, "Plan Rows": 1, "Plan Width": 21, "Index Cond": "(id = mc.movie_id)", "Filter": "(production_year > 2005)"}]}, {"Node Type": "Index Scan", "Parent Relationship": "Inner", "Scan Direction": "Forward", "Index Name": "movie_id_movie_info", "Relation Name": "movie_info", "Alias": "mi", "Startup Cost": 0.0, "Total Cost": 1.21, "Plan Rows": 1, "Plan Width": 8, "Index Cond": "(movie_id = t.id)", "Filter": "((info)::text = ANY ('{Sweden,Norway,Germany,Denmark,Swedish,Denish,Norwegian,German}'::text[]))"}]}, {"Node Type": "Index Only Scan", "Parent Relationship": "Inner", "Scan Direction": "Forward", "Index Name": "info_type_pkey", "Relation Name": "info_type", "Alias": "it", "Startup Cost": 0.0, "Total Cost": 0.27, "Plan Rows": 1, "Plan Width": 4, "Index Cond": "(id = mi.info_type_id)"}]}]}, "Unique SQL Id": 2510907716, "Planner Runtime": 3}, "explain_analyze_plan": {"Plan": {"Node Type": "Aggregate", "Strategy": "Plain", "Startup Cost": 74106.99, "Total Cost": 74107.0, "Plan Rows": 1, "Plan Width": 49, "Actual Startup Time": 629.666, "Actual Total Time": 629.667, "Actual Rows": 1, "Actual Loops": 1, "Plans": [{"Node Type": "Nested Loop", "Parent Relationship": "Outer", "Join Type": "Inner", "Startup Cost": 0.0, "Total Cost": 74102.19, "Plan Rows": 1919, "Plan Width": 17, "Actual Startup Time": 629.656, "Actual Total Time": 629.656, "Actual Rows": 0, "Actual Loops": 1, "Inner Unique": true, "Plans": [{"Node Type": "Nested Loop", "Parent Relationship": "Outer", "Join Type": "Inner", "Startup Cost": 0.0, "Total Cost": 73564.77, "Plan Rows": 1919, "Plan Width": 21, "Actual Startup Time": 629.655, "Actual Total Time": 629.655, "Actual Rows": 0, "Actual Loops": 1, "Inner Unique": false, "Plans": [{"Node Type": "Nested Loop", "Parent Relationship": "Outer", "Join Type": "Inner", "Startup Cost": 0.0, "Total Cost": 71285.47, "Plan Rows": 1869, "Plan Width": 25, "Actual Startup Time": 629.655, "Actual Total Time": 629.655, "Actual Rows": 0, "Actual Loops": 1, "Inner Unique": true, "Plans": [{"Node Type": "Nested Loop", "Parent Relationship": "Outer", "Join Type": "Inner", "Startup Cost": 0.0, "Total Cost": 59668.05, "Plan Rows": 1540, "Plan Width": 4, "Actual Startup Time": 629.654, "Actual Total Time": 629.654, "Actual Rows": 0, "Actual Loops": 1, "Inner Unique": false, "Plans": [{"Node Type": "Index Scan", "Parent Relationship": "Outer", "Scan Direction": "Forward", "Index Name": "company_type_pkey", "Relation Name": "company_type", "Alias": "ct", "Startup Cost": 0.0, "Total Cost": 12.3, "Plan Rows": 1, "Plan Width": 4, "Actual Startup Time": 0.022, "Actual Total Time": 0.03, "Actual Rows": 1, "Actual Loops": 1, "Filter": "((kind)::text = 'production companies'::text)", "Rows Removed by Filter": 2}, {"Node Type": "Index Scan", "Parent Relationship": "Inner", "Scan Direction": "Forward", "Index Name": "company_type_id_movie_companies", "Relation Name": "movie_companies", "Alias": "mc", "Startup Cost": 0.0, "Total Cost": 59640.35, "Plan Rows": 1540, "Plan Width": 8, "Actual Startup Time": 629.618, "Actual Total Time": 629.618, "Actual Rows": 0, "Actual Loops": 1, "Index Cond": "(company_type_id = ct.id)", "Rows Removed by Index Recheck": 0, "Filter": "(((note)::text ~~ '%(theatrical)%'::text) AND ((note)::text ~~ '%(France)%'::text))", "Rows Removed by Filter": 1334883}]}, {"Node Type": "Index Scan", "Parent Relationship": "Inner", "Scan Direction": "Forward", "Index Name": "title_pkey", "Relation Name": "title", "Alias": "t", "Startup Cost": 0.0, "Total Cost": 7.53, "Plan Rows": 1, "Plan Width": 21, "Actual Startup Time": 0.0, "Actual Total Time": 0.0, "Index Cond": "(id = mc.movie_id)", "Rows Removed by Index Recheck": 0, "Filter": "(production_year > 2005)", "Rows Removed by Filter": 0}]}, {"Node Type": "Index Scan", "Parent Relationship": "Inner", "Scan Direction": "Forward", "Index Name": "movie_id_movie_info", "Relation Name": "movie_info", "Alias": "mi", "Startup Cost": 0.0, "Total Cost": 1.21, "Plan Rows": 1, "Plan Width": 8, "Actual Startup Time": 0.0, "Actual Total Time": 0.0, "Index Cond": "(movie_id = t.id)", "Rows Removed by Index Recheck": 0, "Filter": "((info)::text = ANY ('{Sweden,Norway,Germany,Denmark,Swedish,Denish,Norwegian,German}'::text[]))", "Rows Removed by Filter": 0}]}, {"Node Type": "Index Only Scan", "Parent Relationship": "Inner", "Scan Direction": "Forward", "Index Name": "info_type_pkey", "Relation Name": "info_type", "Alias": "it", "Startup Cost": 0.0, "Total Cost": 0.27, "Plan Rows": 1, "Plan Width": 4, "Actual Startup Time": 0.0, "Actual Total Time": 0.0, "Index Cond": "(id = mi.info_type_id)", "Rows Removed by Index Recheck": 0, "Heap Fetches": 0}]}]}, "Triggers": [], "Planner Runtime": 8.174, "Total Runtime": 629.914, "Unique SQL Id": 2510907716}}, "(64, '122')": {"explain_plan": {"Plan": {"Node Type": "Aggregate", "Strategy": "Plain", "Startup Cost": 440593.67, "Total Cost": 440593.69, "Plan Rows": 1, "Plan Width": 49, "Plans": [{"Node Type": "Streaming(type: LOCAL GATHER dop: 1/64)", "Parent Relationship": "Outer", "Startup Cost": 440593.67, "Total Cost": 440593.69, "Plan Rows": 1, "Plan Width": 49, "Plans": [{"Node Type": "Aggregate", "Strategy": "Plain", "Parent Relationship": "Outer", "Startup Cost": 440593.67, "Total Cost": 440593.68, "Plan Rows": 1, "Plan Width": 49, "Plans": [{"Node Type": "Nested Loop", "Parent Relationship": "Outer", "Join Type": "Inner", "Startup Cost": 0.0, "Total Cost": 440588.87, "Plan Rows": 1919, "Plan Width": 17, "Inner Unique": false, "Join Filter": "(mi.movie_id = t.id)", "Plans": [{"Node Type": "Streaming(type: LOCAL REDISTRIBUTE dop: 64/64)", "Parent Relationship": "Outer", "Startup Cost": 0.0, "Total Cost": 127997.39, "Plan Rows": 1013492, "Plan Width": 21, "Plans": [{"Node Type": "Seq Scan", "Parent Relationship": "Outer", "Relation Name": "title", "Alias": "t", "Startup Cost": 0.0, "Total Cost": 64037.34, "Plan Rows": 1013492, "Plan Width": 21, "Filter": "(production_year > 2005), (LLVM Optimized)"}]}, {"Node Type": "Materialize", "Parent Relationship": "Inner", "Startup Cost": 0.0, "Total Cost": 306723.64, "Plan Rows": 1581, "Plan Width": 8, "Plans": [{"Node Type": "Streaming(type: LOCAL REDISTRIBUTE dop: 64/1)", "Parent Relationship": "Outer", "Startup Cost": 0.0, "Total Cost": 306723.51, "Plan Rows": 1581, "Plan Width": 8, "Plans": [{"Node Type": "Nested Loop", "Parent Relationship": "Outer", "Join Type": "Inner", "Startup Cost": 0.0, "Total Cost": 243659.28, "Plan Rows": 1581, "Plan Width": 8, "Inner Unique": true, "Join Filter": "(mi.info_type_id = it.id)", "Plans": [{"Node Type": "Streaming(type: LOCAL GATHER dop: 1/64)", "Parent Relationship": "Outer", "Startup Cost": 0.0, "Total Cost": 241000.8, "Plan Rows": 1581, "Plan Width": 12, "Plans": [{"Node Type": "Nested Loop", "Parent Relationship": "Outer", "Join Type": "Inner", "Startup Cost": 0.0, "Total Cost": 240968.18, "Plan Rows": 1581, "Plan Width": 12, "Inner Unique": false, "Join Filter": "(mc.movie_id = mi.movie_id)", "Plans": [{"Node Type": "Seq Scan", "Parent Relationship": "Outer", "Relation Name": "movie_info", "Alias": "mi", "Startup Cost": 0.0, "Total Cost": 69963.86, "Plan Rows": 141478, "Plan Width": 8, "Filter": "((info)::text = ANY ('{Sweden,Norway,Germany,Denmark,Swedish,Denish,Norwegian,German}'::text[]))"}, {"Node Type": "Materialize", "Parent Relationship": "Inner", "Startup Cost": 0.0, "Total Cost": 119943.45, "Plan Rows": 98560, "Plan Width": 4, "Plans": [{"Node Type": "Streaming(type: BROADCAST dop: 64/1)", "Parent Relationship": "Outer", "Startup Cost": 0.0, "Total Cost": 119935.75, "Plan Rows": 98560, "Plan Width": 4, "Plans": [{"Node Type": "Nested Loop", "Parent Relationship": "Outer", "Join Type": "Inner", "Startup Cost": 0.0, "Total Cost": 54902.47, "Plan Rows": 1540, "Plan Width": 4, "Inner Unique": false, "Join Filter": "(ct.id = mc.company_type_id)", "Plans": [{"Node Type": "Seq Scan", "Parent Relationship": "Outer", "Relation Name": "company_type", "Alias": "ct", "Startup Cost": 0.0, "Total Cost": 1.04, "Plan Rows": 1, "Plan Width": 4, "Filter": "((kind)::text = 'production companies'::text)"}, {"Node Type": "Seq Scan", "Parent Relationship": "Inner", "Relation Name": "movie_companies", "Alias": "mc", "Startup Cost": 0.0, "Total Cost": 54862.92, "Plan Rows": 3081, "Plan Width": 8, "Filter": "(((note)::text ~~ '%(theatrical)%'::text) AND ((note)::text ~~ '%(France)%'::text))"}]}]}]}]}]}, {"Node Type": "Materialize", "Parent Relationship": "Inner", "Startup Cost": 0.0, "Total Cost": 2.68, "Plan Rows": 112, "Plan Width": 4, "Plans": [{"Node Type": "Seq Scan", "Parent Relationship": "Outer", "Relation Name": "info_type", "Alias": "it", "Startup Cost": 0.0, "Total Cost": 2.12, "Plan Rows": 112, "Plan Width": 4}]}]}]}]}]}]}]}]}, "Unique SQL Id": 2510907716, "Planner Runtime": 4}, "explain_analyze_plan": {"Plan": {"Node Type": "Aggregate", "Strategy": "Plain", "Startup Cost": 440593.67, "Total Cost": 440593.69, "Plan Rows": 1, "Plan Width": 49, "Actual Min Startup Time": 1433.469, "Actual Max Startup Time": 1433.469, "Actual Min Total Time": 1433.47, "Actual Max Total Time": 1433.47, "Plans": [{"Node Type": "Streaming(type: LOCAL GATHER dop: 1/64)", "Parent Relationship": "Outer", "Startup Cost": 440593.67, "Total Cost": 440593.69, "Plan Rows": 1, "Plan Width": 49, "Actual Min Startup Time": 1431.81, "Actual Max Startup Time": 1431.81, "Actual Min Total Time": 1433.443, "Actual Max Total Time": 1433.443, "Plans": [{"Node Type": "Aggregate", "Strategy": "Plain", "Parent Relationship": "Outer", "Startup Cost": 440593.67, "Total Cost": 440593.68, "Plan Rows": 1, "Plan Width": 49, "Actual Min Startup Time": 1131.8, "Actual Max Startup Time": 1266.232, "Actual Min Total Time": 1131.8, "Actual Max Total Time": 1266.232, "Plans": [{"Node Type": "Nested Loop", "Parent Relationship": "Outer", "Join Type": "Inner", "Startup Cost": 0.0, "Total Cost": 440588.87, "Plan Rows": 1919, "Plan Width": 17, "Actual Min Startup Time": 1131.794, "Actual Max Startup Time": 1266.225, "Actual Min Total Time": 1131.794, "Actual Max Total Time": 1266.225, "Inner Unique": false, "Join Filter": "(mi.movie_id = t.id)", "Rows Removed by Join Filter": 0, "Plans": [{"Node Type": "Streaming(type: LOCAL REDISTRIBUTE dop: 64/64)", "Parent Relationship": "Outer", "Startup Cost": 0.0, "Total Cost": 127997.39, "Plan Rows": 1013492, "Plan Width": 21, "Actual Min Startup Time": 0.18, "Actual Max Startup Time": 1.831, "Actual Min Total Time": 42.081, "Actual Max Total Time": 44.266, "Plans": [{"Node Type": "Seq Scan", "Parent Relationship": "Outer", "Relation Name": "title", "Alias": "t", "Startup Cost": 0.0, "Total Cost": 64037.34, "Plan Rows": 1013492, "Plan Width": 21, "Actual Min Startup Time": 0.026, "Actual Max Startup Time": 0.067, "Actual Min Total Time": 12.67, "Actual Max Total Time": 18.199, "Filter": "(production_year > 2005), (LLVM Optimized, Jit Execute)", "Rows Removed by Filter": 1515391, "Actual Rows": 1012920}], "Actual Rows": 1012920}, {"Node Type": "Materialize", "Parent Relationship": "Inner", "Startup Cost": 0.0, "Total Cost": 306723.64, "Plan Rows": 1581, "Plan Width": 8, "Actual Min Startup Time": 1085.032, "Actual Max Startup Time": 1219.429, "Actual Min Total Time": 1085.032, "Actual Max Total Time": 1219.429, "Plans": [{"Node Type": "Streaming(type: LOCAL REDISTRIBUTE dop: 64/1)", "Parent Relationship": "Outer", "Startup Cost": 0.0, "Total Cost": 306723.51, "Plan Rows": 1581, "Plan Width": 8, "Actual Min Startup Time": 1083.308, "Actual Max Startup Time": 1217.752, "Actual Min Total Time": 1083.308, "Actual Max Total Time": 1217.752, "Plans": [{"Node Type": "Nested Loop", "Parent Relationship": "Outer", "Join Type": "Inner", "Startup Cost": 0.0, "Total Cost": 243659.28, "Plan Rows": 1581, "Plan Width": 8, "Actual Min Startup Time": 1104.138, "Actual Max Startup Time": 1104.138, "Actual Min Total Time": 1104.138, "Actual Max Total Time": 1104.138, "Inner Unique": true, "Join Filter": "(mi.info_type_id = it.id)", "Rows Removed by Join Filter": 0, "Plans": [{"Node Type": "Streaming(type: LOCAL GATHER dop: 1/64)", "Parent Relationship": "Outer", "Startup Cost": 0.0, "Total Cost": 241000.8, "Plan Rows": 1581, "Plan Width": 12, "Actual Min Startup Time": 1104.029, "Actual Max Startup Time": 1104.029, "Actual Min Total Time": 1104.029, "Actual Max Total Time": 1104.029, "Plans": [{"Node Type": "Nested Loop", "Parent Relationship": "Outer", "Join Type": "Inner", "Startup Cost": 0.0, "Total Cost": 240968.18, "Plan Rows": 1581, "Plan Width": 12, "Actual Min Startup Time": 1071.759, "Actual Max Startup Time": 1282.268, "Actual Min Total Time": 1071.759, "Actual Max Total Time": 1282.268, "Inner Unique": false, "Join Filter": "(mc.movie_id = mi.movie_id)", "Rows Removed by Join Filter": 0, "Plans": [{"Node Type": "Seq Scan", "Parent Relationship": "Outer", "Relation Name": "movie_info", "Alias": "mi", "Startup Cost": 0.0, "Total Cost": 69963.86, "Plan Rows": 141478, "Plan Width": 8, "Actual Min Startup Time": 0.072, "Actual Max Startup Time": 3.315, "Actual Min Total Time": 114.605, "Actual Max Total Time": 132.254, "Filter": "((info)::text = ANY ('{Sweden,Norway,Germany,Denmark,Swedish,Denish,Norwegian,German}'::text[]))", "Rows Removed by Filter": 14681822, "Actual Rows": 153897}, {"Node Type": "Materialize", "Parent Relationship": "Inner", "Startup Cost": 0.0, "Total Cost": 119943.45, "Plan Rows": 98560, "Plan Width": 4, "Actual Min Startup Time": 950.236, "Actual Max Startup Time": 1154.534, "Actual Min Total Time": 950.236, "Actual Max Total Time": 1154.534, "Plans": [{"Node Type": "Streaming(type: BROADCAST dop: 64/1)", "Parent Relationship": "Outer", "Startup Cost": 0.0, "Total Cost": 119935.75, "Plan Rows": 98560, "Plan Width": 4, "Actual Min Startup Time": 950.018, "Actual Max Startup Time": 1154.362, "Actual Min Total Time": 950.018, "Actual Max Total Time": 1154.362, "Plans": [{"Node Type": "Nested Loop", "Parent Relationship": "Outer", "Join Type": "Inner", "Startup Cost": 0.0, "Total Cost": 54902.47, "Plan Rows": 1540, "Plan Width": 4, "Actual Min Startup Time": 1060.242, "Actual Max Startup Time": 1060.242, "Actual Min Total Time": 1060.242, "Actual Max Total Time": 1060.242, "Inner Unique": false, "Join Filter": "(ct.id = mc.company_type_id)", "Rows Removed by Join Filter": 24025, "Plans": [{"Node Type": "Seq Scan", "Parent Relationship": "Outer", "Relation Name": "company_type", "Alias": "ct", "Startup Cost": 0.0, "Total Cost": 1.04, "Plan Rows": 1, "Plan Width": 4, "Actual Min Startup Time": 0.025, "Actual Max Startup Time": 0.025, "Actual Min Total Time": 0.029, "Actual Max Total Time": 0.029, "Filter": "((kind)::text = 'production companies'::text)", "Rows Removed by Filter": 2, "Actual Rows": 1}, {"Node Type": "Seq Scan", "Parent Relationship": "Inner", "Relation Name": "movie_companies", "Alias": "mc", "Startup Cost": 0.0, "Total Cost": 54862.92, "Plan Rows": 3081, "Plan Width": 8, "Actual Min Startup Time": 9.076, "Actual Max Startup Time": 9.076, "Actual Min Total Time": 1054.961, "Actual Max Total Time": 1054.961, "Filter": "(((note)::text ~~ '%(theatrical)%'::text) AND ((note)::text ~~ '%(France)%'::text))", "Rows Removed by Filter": 2585103, "Actual Rows": 24025}], "Actual Rows": 0}], "Actual Rows": 0}], "Actual Rows": 0}], "Actual Rows": 0}], "Actual Rows": 0}, {"Node Type": "Materialize", "Parent Relationship": "Inner", "Startup Cost": 0.0, "Total Cost": 2.68, "Plan Rows": 112, "Plan Width": 4, "Actual Min Startup Time": 0.099, "Actual Max Startup Time": 0.099, "Actual Min Total Time": 0.099, "Actual Max Total Time": 0.099, "Plans": [{"Node Type": "Seq Scan", "Parent Relationship": "Outer", "Relation Name": "info_type", "Alias": "it", "Startup Cost": 0.0, "Total Cost": 2.12, "Plan Rows": 112, "Plan Width": 4, "Actual Min Startup Time": 0.043, "Actual Max Startup Time": 0.043, "Actual Min Total Time": 0.064, "Actual Max Total Time": 0.064, "Actual Rows": 112}], "Actual Rows": 1}], "Actual Rows": 0}], "Actual Rows": 0}], "Actual Rows": 0}], "Actual Rows": 0}], "Actual Rows": 64}], "Actual Rows": 64}], "Actual Rows": 1}, "Triggers": [], "Planner Runtime": 6.824, "Total Runtime": 1488.299, "Unique SQL Id": 2510907716}}, "(64, '123')": {"explain_plan": {"Plan": {"Node Type": "Aggregate", "Strategy": "Plain", "Startup Cost": 5000171402236.96, "Total Cost": 5000171402236.97, "Plan Rows": 1, "Plan Width": 49, "Plans": [{"Node Type": "Nested Loop", "Parent Relationship": "Outer", "Join Type": "Inner", "Startup Cost": 50000000000.0, "Total Cost": 5000171402232.16, "Plan Rows": 1919, "Plan Width": 17, "Inner Unique": true, "Join Filter": "(mi.info_type_id = it.id)", "Plans": [{"Node Type": "Nested Loop", "Parent Relationship": "Outer", "Join Type": "Inner", "Startup Cost": 40000000000.0, "Total Cost": 4000171398014.96, "Plan Rows": 1919, "Plan Width": 21, "Inner Unique": true, "Join Filter": "(mi.movie_id = t.id)", "Plans": [{"Node Type": "Nested Loop", "Parent Relationship": "Outer", "Join Type": "Inner", "Startup Cost": 30000000000.0, "Total Cost": 3000135716391.79, "Plan Rows": 1581, "Plan Width": 12, "Inner Unique": true, "Join Filter": "(mc.company_type_id = ct.id)", "Plans": [{"Node Type": "Nested Loop", "Parent Relationship": "Outer", "Join Type": "Inner", "Startup Cost": 20000000000.0, "Total Cost": 2000135715114.09, "Plan Rows": 3163, "Plan Width": 16, "Inner Unique": false, "Join Filter": "(mc.movie_id = mi.movie_id)", "Plans": [{"Node Type": "Index Scan", "Parent Relationship": "Outer", "Scan Direction": "Forward", "Index Name": "info_type_id_movie_info", "Relation Name": "movie_info", "Alias": "mi", "Startup Cost": 10000000000.0, "Total Cost": 1000118553919.62, "Plan Rows": 141478, "Plan Width": 8, "Filter": "((info)::text = ANY ('{Sweden,Norway,Germany,Denmark,Swedish,Denish,Norwegian,German}'::text[]))"}, {"Node Type": "Materialize", "Parent Relationship": "Inner", "Startup Cost": 10000000000.0, "Total Cost": 1000010622796.41, "Plan Rows": 3081, "Plan Width": 8, "Plans": [{"Node Type": "Index Scan", "Parent Relationship": "Outer", "Scan Direction": "Forward", "Index Name": "company_type_id_movie_companies", "Relation Name": "movie_companies", "Alias": "mc", "Startup Cost": 10000000000.0, "Total Cost": 1000010622781.0, "Plan Rows": 3081, "Plan Width": 8, "Filter": "(((note)::text ~~ '%(theatrical)%'::text) AND ((note)::text ~~ '%(France)%'::text))"}]}]}, {"Node Type": "Materialize", "Parent Relationship": "Inner", "Startup Cost": 10000000000.0, "Total Cost": 1000000001230.26, "Plan Rows": 1, "Plan Width": 4, "Plans": [{"Node Type": "Index Scan", "Parent Relationship": "Outer", "Scan Direction": "Forward", "Index Name": "company_type_pkey", "Relation Name": "company_type", "Alias": "ct", "Startup Cost": 10000000000.0, "Total Cost": 1000000001230.25, "Plan Rows": 1, "Plan Width": 4, "Filter": "((kind)::text = 'production companies'::text)"}]}]}, {"Node Type": "Materialize", "Parent Relationship": "Inner", "Startup Cost": 10000000000.0, "Total Cost": 1000011649194.12, "Plan Rows": 1013492, "Plan Width": 21, "Plans": [{"Node Type": "Index Scan", "Parent Relationship": "Outer", "Scan Direction": "Forward", "Index Name": "title_pkey", "Relation Name": "title", "Alias": "t", "Startup Cost": 10000000000.0, "Total Cost": 1000011644126.66, "Plan Rows": 1013492, "Plan Width": 21, "Filter": "(production_year > 2005), (LLVM Optimized)"}]}]}, {"Node Type": "Materialize", "Parent Relationship": "Inner", "Startup Cost": 10000000000.0, "Total Cost": 1000000000993.56, "Plan Rows": 112, "Plan Width": 4, "Plans": [{"Node Type": "Index Only Scan", "Parent Relationship": "Outer", "Scan Direction": "Forward", "Index Name": "info_type_pkey", "Relation Name": "info_type", "Alias": "it", "Startup Cost": 10000000000.0, "Total Cost": 1000000000993.0, "Plan Rows": 112, "Plan Width": 4}]}]}]}, "Unique SQL Id": 2510907716, "Planner Runtime": 3}, "explain_analyze_plan": null}, "(64, '124')": {"explain_plan": {"Plan": {"Node Type": "Aggregate", "Strategy": "Plain", "Startup Cost": 69341.46, "Total Cost": 69341.47, "Plan Rows": 1, "Plan Width": 49, "Plans": [{"Node Type": "Nested Loop", "Parent Relationship": "Outer", "Join Type": "Inner", "Startup Cost": 0.0, "Total Cost": 69336.67, "Plan Rows": 1919, "Plan Width": 17, "Inner Unique": true, "Plans": [{"Node Type": "Nested Loop", "Parent Relationship": "Outer", "Join Type": "Inner", "Startup Cost": 0.0, "Total Cost": 68799.18, "Plan Rows": 1919, "Plan Width": 21, "Inner Unique": false, "Plans": [{"Node Type": "Nested Loop", "Parent Relationship": "Outer", "Join Type": "Inner", "Startup Cost": 0.0, "Total Cost": 66519.89, "Plan Rows": 1869, "Plan Width": 25, "Inner Unique": true, "Plans": [{"Node Type": "Nested Loop", "Parent Relationship": "Outer", "Join Type": "Inner", "Startup Cost": 0.0, "Total Cost": 54902.47, "Plan Rows": 1540, "Plan Width": 4, "Inner Unique": false, "Join Filter": "(ct.id = mc.company_type_id)", "Plans": [{"Node Type": "Seq Scan", "Parent Relationship": "Outer", "Relation Name": "company_type", "Alias": "ct", "Startup Cost": 0.0, "Total Cost": 1.04, "Plan Rows": 1, "Plan Width": 4, "Filter": "((kind)::text = 'production companies'::text)"}, {"Node Type": "Seq Scan", "Parent Relationship": "Inner", "Relation Name": "movie_companies", "Alias": "mc", "Startup Cost": 0.0, "Total Cost": 54862.92, "Plan Rows": 3081, "Plan Width": 8, "Filter": "(((note)::text ~~ '%(theatrical)%'::text) AND ((note)::text ~~ '%(France)%'::text))"}]}, {"Node Type": "Index Scan", "Parent Relationship": "Inner", "Scan Direction": "Forward", "Index Name": "title_pkey", "Relation Name": "title", "Alias": "t", "Startup Cost": 0.0, "Total Cost": 7.53, "Plan Rows": 1, "Plan Width": 21, "Index Cond": "(id = mc.movie_id)", "Filter": "(production_year > 2005)"}]}, {"Node Type": "Index Scan", "Parent Relationship": "Inner", "Scan Direction": "Forward", "Index Name": "movie_id_movie_info", "Relation Name": "movie_info", "Alias": "mi", "Startup Cost": 0.0, "Total Cost": 1.21, "Plan Rows": 1, "Plan Width": 8, "Index Cond": "(movie_id = t.id)", "Filter": "((info)::text = ANY ('{Sweden,Norway,Germany,Denmark,Swedish,Denish,Norwegian,German}'::text[]))"}]}, {"Node Type": "Index Scan", "Parent Relationship": "Inner", "Scan Direction": "Forward", "Index Name": "info_type_pkey", "Relation Name": "info_type", "Alias": "it", "Startup Cost": 0.0, "Total Cost": 0.27, "Plan Rows": 1, "Plan Width": 4, "Index Cond": "(id = mi.info_type_id)"}]}]}, "Unique SQL Id": 2510907716, "Planner Runtime": 3}, "explain_analyze_plan": {"Plan": {"Node Type": "Aggregate", "Strategy": "Plain", "Startup Cost": 69341.46, "Total Cost": 69341.47, "Plan Rows": 1, "Plan Width": 49, "Actual Startup Time": 1049.484, "Actual Total Time": 1049.485, "Actual Rows": 1, "Actual Loops": 1, "Plans": [{"Node Type": "Nested Loop", "Parent Relationship": "Outer", "Join Type": "Inner", "Startup Cost": 0.0, "Total Cost": 69336.67, "Plan Rows": 1919, "Plan Width": 17, "Actual Startup Time": 1049.476, "Actual Total Time": 1049.476, "Actual Rows": 0, "Actual Loops": 1, "Inner Unique": true, "Plans": [{"Node Type": "Nested Loop", "Parent Relationship": "Outer", "Join Type": "Inner", "Startup Cost": 0.0, "Total Cost": 68799.18, "Plan Rows": 1919, "Plan Width": 21, "Actual Startup Time": 1049.475, "Actual Total Time": 1049.475, "Actual Rows": 0, "Actual Loops": 1, "Inner Unique": false, "Plans": [{"Node Type": "Nested Loop", "Parent Relationship": "Outer", "Join Type": "Inner", "Startup Cost": 0.0, "Total Cost": 66519.89, "Plan Rows": 1869, "Plan Width": 25, "Actual Startup Time": 1049.474, "Actual Total Time": 1049.474, "Actual Rows": 0, "Actual Loops": 1, "Inner Unique": true, "Plans": [{"Node Type": "Nested Loop", "Parent Relationship": "Outer", "Join Type": "Inner", "Startup Cost": 0.0, "Total Cost": 54902.47, "Plan Rows": 1540, "Plan Width": 4, "Actual Startup Time": 1049.473, "Actual Total Time": 1049.473, "Actual Rows": 0, "Actual Loops": 1, "Inner Unique": false, "Join Filter": "(ct.id = mc.company_type_id)", "Rows Removed by Join Filter": 24025, "Plans": [{"Node Type": "Seq Scan", "Parent Relationship": "Outer", "Relation Name": "company_type", "Alias": "ct", "Startup Cost": 0.0, "Total Cost": 1.04, "Plan Rows": 1, "Plan Width": 4, "Actual Startup Time": 0.013, "Actual Total Time": 0.019, "Actual Rows": 1, "Actual Loops": 1, "Filter": "((kind)::text = 'production companies'::text)", "Rows Removed by Filter": 2}, {"Node Type": "Seq Scan", "Parent Relationship": "Inner", "Relation Name": "movie_companies", "Alias": "mc", "Startup Cost": 0.0, "Total Cost": 54862.92, "Plan Rows": 3081, "Plan Width": 8, "Actual Startup Time": 8.922, "Actual Total Time": 1044.162, "Actual Rows": 24025, "Actual Loops": 1, "Filter": "(((note)::text ~~ '%(theatrical)%'::text) AND ((note)::text ~~ '%(France)%'::text))", "Rows Removed by Filter": 2585103}]}, {"Node Type": "Index Scan", "Parent Relationship": "Inner", "Scan Direction": "Forward", "Index Name": "title_pkey", "Relation Name": "title", "Alias": "t", "Startup Cost": 0.0, "Total Cost": 7.53, "Plan Rows": 1, "Plan Width": 21, "Actual Startup Time": 0.0, "Actual Total Time": 0.0, "Index Cond": "(id = mc.movie_id)", "Rows Removed by Index Recheck": 0, "Filter": "(production_year > 2005)", "Rows Removed by Filter": 0}]}, {"Node Type": "Index Scan", "Parent Relationship": "Inner", "Scan Direction": "Forward", "Index Name": "movie_id_movie_info", "Relation Name": "movie_info", "Alias": "mi", "Startup Cost": 0.0, "Total Cost": 1.21, "Plan Rows": 1, "Plan Width": 8, "Actual Startup Time": 0.0, "Actual Total Time": 0.0, "Index Cond": "(movie_id = t.id)", "Rows Removed by Index Recheck": 0, "Filter": "((info)::text = ANY ('{Sweden,Norway,Germany,Denmark,Swedish,Denish,Norwegian,German}'::text[]))", "Rows Removed by Filter": 0}]}, {"Node Type": "Index Scan", "Parent Relationship": "Inner", "Scan Direction": "Forward", "Index Name": "info_type_pkey", "Relation Name": "info_type", "Alias": "it", "Startup Cost": 0.0, "Total Cost": 0.27, "Plan Rows": 1, "Plan Width": 4, "Actual Startup Time": 0.0, "Actual Total Time": 0.0, "Index Cond": "(id = mi.info_type_id)", "Rows Removed by Index Recheck": 0}]}]}, "Triggers": [], "Planner Runtime": 11.028, "Total Runtime": 1049.796, "Unique SQL Id": 2510907716}}, "(64, '125')": {"explain_plan": {"Plan": {"Node Type": "Aggregate", "Strategy": "Plain", "Startup Cost": 74107.05, "Total Cost": 74107.06, "Plan Rows": 1, "Plan Width": 49, "Plans": [{"Node Type": "Nested Loop", "Parent Relationship": "Outer", "Join Type": "Inner", "Startup Cost": 0.0, "Total Cost": 74102.25, "Plan Rows": 1919, "Plan Width": 17, "Inner Unique": true, "Plans": [{"Node Type": "Nested Loop", "Parent Relationship": "Outer", "Join Type": "Inner", "Startup Cost": 0.0, "Total Cost": 73564.77, "Plan Rows": 1919, "Plan Width": 21, "Inner Unique": false, "Plans": [{"Node Type": "Nested Loop", "Parent Relationship": "Outer", "Join Type": "Inner", "Startup Cost": 0.0, "Total Cost": 71285.47, "Plan Rows": 1869, "Plan Width": 25, "Inner Unique": true, "Plans": [{"Node Type": "Nested Loop", "Parent Relationship": "Outer", "Join Type": "Inner", "Startup Cost": 0.0, "Total Cost": 59668.05, "Plan Rows": 1540, "Plan Width": 4, "Inner Unique": false, "Plans": [{"Node Type": "Index Scan", "Parent Relationship": "Outer", "Scan Direction": "Forward", "Index Name": "company_type_pkey", "Relation Name": "company_type", "Alias": "ct", "Startup Cost": 0.0, "Total Cost": 12.3, "Plan Rows": 1, "Plan Width": 4, "Filter": "((kind)::text = 'production companies'::text)"}, {"Node Type": "Index Scan", "Parent Relationship": "Inner", "Scan Direction": "Forward", "Index Name": "company_type_id_movie_companies", "Relation Name": "movie_companies", "Alias": "mc", "Startup Cost": 0.0, "Total Cost": 59640.35, "Plan Rows": 1540, "Plan Width": 8, "Index Cond": "(company_type_id = ct.id)", "Filter": "(((note)::text ~~ '%(theatrical)%'::text) AND ((note)::text ~~ '%(France)%'::text))"}]}, {"Node Type": "Index Scan", "Parent Relationship": "Inner", "Scan Direction": "Forward", "Index Name": "title_pkey", "Relation Name": "title", "Alias": "t", "Startup Cost": 0.0, "Total Cost": 7.53, "Plan Rows": 1, "Plan Width": 21, "Index Cond": "(id = mc.movie_id)", "Filter": "(production_year > 2005)"}]}, {"Node Type": "Index Scan", "Parent Relationship": "Inner", "Scan Direction": "Forward", "Index Name": "movie_id_movie_info", "Relation Name": "movie_info", "Alias": "mi", "Startup Cost": 0.0, "Total Cost": 1.21, "Plan Rows": 1, "Plan Width": 8, "Index Cond": "(movie_id = t.id)", "Filter": "((info)::text = ANY ('{Sweden,Norway,Germany,Denmark,Swedish,Denish,Norwegian,German}'::text[]))"}]}, {"Node Type": "Index Scan", "Parent Relationship": "Inner", "Scan Direction": "Forward", "Index Name": "info_type_pkey", "Relation Name": "info_type", "Alias": "it", "Startup Cost": 0.0, "Total Cost": 0.27, "Plan Rows": 1, "Plan Width": 4, "Index Cond": "(id = mi.info_type_id)"}]}]}, "Unique SQL Id": 2510907716, "Planner Runtime": 3}, "explain_analyze_plan": {"Plan": {"Node Type": "Aggregate", "Strategy": "Plain", "Startup Cost": 74107.05, "Total Cost": 74107.06, "Plan Rows": 1, "Plan Width": 49, "Actual Startup Time": 698.478, "Actual Total Time": 698.478, "Actual Rows": 1, "Actual Loops": 1, "Plans": [{"Node Type": "Nested Loop", "Parent Relationship": "Outer", "Join Type": "Inner", "Startup Cost": 0.0, "Total Cost": 74102.25, "Plan Rows": 1919, "Plan Width": 17, "Actual Startup Time": 698.471, "Actual Total Time": 698.471, "Actual Rows": 0, "Actual Loops": 1, "Inner Unique": true, "Plans": [{"Node Type": "Nested Loop", "Parent Relationship": "Outer", "Join Type": "Inner", "Startup Cost": 0.0, "Total Cost": 73564.77, "Plan Rows": 1919, "Plan Width": 21, "Actual Startup Time": 698.468, "Actual Total Time": 698.468, "Actual Rows": 0, "Actual Loops": 1, "Inner Unique": false, "Plans": [{"Node Type": "Nested Loop", "Parent Relationship": "Outer", "Join Type": "Inner", "Startup Cost": 0.0, "Total Cost": 71285.47, "Plan Rows": 1869, "Plan Width": 25, "Actual Startup Time": 698.467, "Actual Total Time": 698.467, "Actual Rows": 0, "Actual Loops": 1, "Inner Unique": true, "Plans": [{"Node Type": "Nested Loop", "Parent Relationship": "Outer", "Join Type": "Inner", "Startup Cost": 0.0, "Total Cost": 59668.05, "Plan Rows": 1540, "Plan Width": 4, "Actual Startup Time": 698.466, "Actual Total Time": 698.466, "Actual Rows": 0, "Actual Loops": 1, "Inner Unique": false, "Plans": [{"Node Type": "Index Scan", "Parent Relationship": "Outer", "Scan Direction": "Forward", "Index Name": "company_type_pkey", "Relation Name": "company_type", "Alias": "ct", "Startup Cost": 0.0, "Total Cost": 12.3, "Plan Rows": 1, "Plan Width": 4, "Actual Startup Time": 0.014, "Actual Total Time": 0.022, "Actual Rows": 1, "Actual Loops": 1, "Filter": "((kind)::text = 'production companies'::text)", "Rows Removed by Filter": 2}, {"Node Type": "Index Scan", "Parent Relationship": "Inner", "Scan Direction": "Forward", "Index Name": "company_type_id_movie_companies", "Relation Name": "movie_companies", "Alias": "mc", "Startup Cost": 0.0, "Total Cost": 59640.35, "Plan Rows": 1540, "Plan Width": 8, "Actual Startup Time": 698.437, "Actual Total Time": 698.437, "Actual Rows": 0, "Actual Loops": 1, "Index Cond": "(company_type_id = ct.id)", "Rows Removed by Index Recheck": 0, "Filter": "(((note)::text ~~ '%(theatrical)%'::text) AND ((note)::text ~~ '%(France)%'::text))", "Rows Removed by Filter": 1334883}]}, {"Node Type": "Index Scan", "Parent Relationship": "Inner", "Scan Direction": "Forward", "Index Name": "title_pkey", "Relation Name": "title", "Alias": "t", "Startup Cost": 0.0, "Total Cost": 7.53, "Plan Rows": 1, "Plan Width": 21, "Actual Startup Time": 0.0, "Actual Total Time": 0.0, "Index Cond": "(id = mc.movie_id)", "Rows Removed by Index Recheck": 0, "Filter": "(production_year > 2005)", "Rows Removed by Filter": 0}]}, {"Node Type": "Index Scan", "Parent Relationship": "Inner", "Scan Direction": "Forward", "Index Name": "movie_id_movie_info", "Relation Name": "movie_info", "Alias": "mi", "Startup Cost": 0.0, "Total Cost": 1.21, "Plan Rows": 1, "Plan Width": 8, "Actual Startup Time": 0.0, "Actual Total Time": 0.0, "Index Cond": "(movie_id = t.id)", "Rows Removed by Index Recheck": 0, "Filter": "((info)::text = ANY ('{Sweden,Norway,Germany,Denmark,Swedish,Denish,Norwegian,German}'::text[]))", "Rows Removed by Filter": 0}]}, {"Node Type": "Index Scan", "Parent Relationship": "Inner", "Scan Direction": "Forward", "Index Name": "info_type_pkey", "Relation Name": "info_type", "Alias": "it", "Startup Cost": 0.0, "Total Cost": 0.27, "Plan Rows": 1, "Plan Width": 4, "Actual Startup Time": 0.0, "Actual Total Time": 0.0, "Index Cond": "(id = mi.info_type_id)", "Rows Removed by Index Recheck": 0}]}]}, "Triggers": [], "Planner Runtime": 8.158, "Total Runtime": 698.747, "Unique SQL Id": 2510907716}}, "(64, '126')": {"explain_plan": {"Plan": {"Node Type": "Aggregate", "Strategy": "Plain", "Startup Cost": 440593.67, "Total Cost": 440593.69, "Plan Rows": 1, "Plan Width": 49, "Plans": [{"Node Type": "Streaming(type: LOCAL GATHER dop: 1/64)", "Parent Relationship": "Outer", "Startup Cost": 440593.67, "Total Cost": 440593.69, "Plan Rows": 1, "Plan Width": 49, "Plans": [{"Node Type": "Aggregate", "Strategy": "Plain", "Parent Relationship": "Outer", "Startup Cost": 440593.67, "Total Cost": 440593.68, "Plan Rows": 1, "Plan Width": 49, "Plans": [{"Node Type": "Nested Loop", "Parent Relationship": "Outer", "Join Type": "Inner", "Startup Cost": 0.0, "Total Cost": 440588.87, "Plan Rows": 1919, "Plan Width": 17, "Inner Unique": false, "Join Filter": "(mi.movie_id = t.id)", "Plans": [{"Node Type": "Streaming(type: LOCAL REDISTRIBUTE dop: 64/64)", "Parent Relationship": "Outer", "Startup Cost": 0.0, "Total Cost": 127997.39, "Plan Rows": 1013492, "Plan Width": 21, "Plans": [{"Node Type": "Seq Scan", "Parent Relationship": "Outer", "Relation Name": "title", "Alias": "t", "Startup Cost": 0.0, "Total Cost": 64037.34, "Plan Rows": 1013492, "Plan Width": 21, "Filter": "(production_year > 2005), (LLVM Optimized)"}]}, {"Node Type": "Materialize", "Parent Relationship": "Inner", "Startup Cost": 0.0, "Total Cost": 306723.64, "Plan Rows": 1581, "Plan Width": 8, "Plans": [{"Node Type": "Streaming(type: LOCAL REDISTRIBUTE dop: 64/1)", "Parent Relationship": "Outer", "Startup Cost": 0.0, "Total Cost": 306723.51, "Plan Rows": 1581, "Plan Width": 8, "Plans": [{"Node Type": "Nested Loop", "Parent Relationship": "Outer", "Join Type": "Inner", "Startup Cost": 0.0, "Total Cost": 243659.28, "Plan Rows": 1581, "Plan Width": 8, "Inner Unique": true, "Join Filter": "(mi.info_type_id = it.id)", "Plans": [{"Node Type": "Streaming(type: LOCAL GATHER dop: 1/64)", "Parent Relationship": "Outer", "Startup Cost": 0.0, "Total Cost": 241000.8, "Plan Rows": 1581, "Plan Width": 12, "Plans": [{"Node Type": "Nested Loop", "Parent Relationship": "Outer", "Join Type": "Inner", "Startup Cost": 0.0, "Total Cost": 240968.18, "Plan Rows": 1581, "Plan Width": 12, "Inner Unique": false, "Join Filter": "(mc.movie_id = mi.movie_id)", "Plans": [{"Node Type": "Seq Scan", "Parent Relationship": "Outer", "Relation Name": "movie_info", "Alias": "mi", "Startup Cost": 0.0, "Total Cost": 69963.86, "Plan Rows": 141478, "Plan Width": 8, "Filter": "((info)::text = ANY ('{Sweden,Norway,Germany,Denmark,Swedish,Denish,Norwegian,German}'::text[]))"}, {"Node Type": "Materialize", "Parent Relationship": "Inner", "Startup Cost": 0.0, "Total Cost": 119943.45, "Plan Rows": 98560, "Plan Width": 4, "Plans": [{"Node Type": "Streaming(type: BROADCAST dop: 64/1)", "Parent Relationship": "Outer", "Startup Cost": 0.0, "Total Cost": 119935.75, "Plan Rows": 98560, "Plan Width": 4, "Plans": [{"Node Type": "Nested Loop", "Parent Relationship": "Outer", "Join Type": "Inner", "Startup Cost": 0.0, "Total Cost": 54902.47, "Plan Rows": 1540, "Plan Width": 4, "Inner Unique": false, "Join Filter": "(ct.id = mc.company_type_id)", "Plans": [{"Node Type": "Seq Scan", "Parent Relationship": "Outer", "Relation Name": "company_type", "Alias": "ct", "Startup Cost": 0.0, "Total Cost": 1.04, "Plan Rows": 1, "Plan Width": 4, "Filter": "((kind)::text = 'production companies'::text)"}, {"Node Type": "Seq Scan", "Parent Relationship": "Inner", "Relation Name": "movie_companies", "Alias": "mc", "Startup Cost": 0.0, "Total Cost": 54862.92, "Plan Rows": 3081, "Plan Width": 8, "Filter": "(((note)::text ~~ '%(theatrical)%'::text) AND ((note)::text ~~ '%(France)%'::text))"}]}]}]}]}]}, {"Node Type": "Materialize", "Parent Relationship": "Inner", "Startup Cost": 0.0, "Total Cost": 2.68, "Plan Rows": 112, "Plan Width": 4, "Plans": [{"Node Type": "Seq Scan", "Parent Relationship": "Outer", "Relation Name": "info_type", "Alias": "it", "Startup Cost": 0.0, "Total Cost": 2.12, "Plan Rows": 112, "Plan Width": 4}]}]}]}]}]}]}]}]}, "Unique SQL Id": 2510907716, "Planner Runtime": 4}, "explain_analyze_plan": {"Plan": {"Node Type": "Aggregate", "Strategy": "Plain", "Startup Cost": 440593.67, "Total Cost": 440593.69, "Plan Rows": 1, "Plan Width": 49, "Actual Min Startup Time": 1433.469, "Actual Max Startup Time": 1433.469, "Actual Min Total Time": 1433.47, "Actual Max Total Time": 1433.47, "Plans": [{"Node Type": "Streaming(type: LOCAL GATHER dop: 1/64)", "Parent Relationship": "Outer", "Startup Cost": 440593.67, "Total Cost": 440593.69, "Plan Rows": 1, "Plan Width": 49, "Actual Min Startup Time": 1431.81, "Actual Max Startup Time": 1431.81, "Actual Min Total Time": 1433.443, "Actual Max Total Time": 1433.443, "Plans": [{"Node Type": "Aggregate", "Strategy": "Plain", "Parent Relationship": "Outer", "Startup Cost": 440593.67, "Total Cost": 440593.68, "Plan Rows": 1, "Plan Width": 49, "Actual Min Startup Time": 1131.8, "Actual Max Startup Time": 1266.232, "Actual Min Total Time": 1131.8, "Actual Max Total Time": 1266.232, "Plans": [{"Node Type": "Nested Loop", "Parent Relationship": "Outer", "Join Type": "Inner", "Startup Cost": 0.0, "Total Cost": 440588.87, "Plan Rows": 1919, "Plan Width": 17, "Actual Min Startup Time": 1131.794, "Actual Max Startup Time": 1266.225, "Actual Min Total Time": 1131.794, "Actual Max Total Time": 1266.225, "Inner Unique": false, "Join Filter": "(mi.movie_id = t.id)", "Rows Removed by Join Filter": 0, "Plans": [{"Node Type": "Streaming(type: LOCAL REDISTRIBUTE dop: 64/64)", "Parent Relationship": "Outer", "Startup Cost": 0.0, "Total Cost": 127997.39, "Plan Rows": 1013492, "Plan Width": 21, "Actual Min Startup Time": 0.18, "Actual Max Startup Time": 1.831, "Actual Min Total Time": 42.081, "Actual Max Total Time": 44.266, "Plans": [{"Node Type": "Seq Scan", "Parent Relationship": "Outer", "Relation Name": "title", "Alias": "t", "Startup Cost": 0.0, "Total Cost": 64037.34, "Plan Rows": 1013492, "Plan Width": 21, "Actual Min Startup Time": 0.026, "Actual Max Startup Time": 0.067, "Actual Min Total Time": 12.67, "Actual Max Total Time": 18.199, "Filter": "(production_year > 2005), (LLVM Optimized, Jit Execute)", "Rows Removed by Filter": 1515391, "Actual Rows": 1012920}], "Actual Rows": 1012920}, {"Node Type": "Materialize", "Parent Relationship": "Inner", "Startup Cost": 0.0, "Total Cost": 306723.64, "Plan Rows": 1581, "Plan Width": 8, "Actual Min Startup Time": 1085.032, "Actual Max Startup Time": 1219.429, "Actual Min Total Time": 1085.032, "Actual Max Total Time": 1219.429, "Plans": [{"Node Type": "Streaming(type: LOCAL REDISTRIBUTE dop: 64/1)", "Parent Relationship": "Outer", "Startup Cost": 0.0, "Total Cost": 306723.51, "Plan Rows": 1581, "Plan Width": 8, "Actual Min Startup Time": 1083.308, "Actual Max Startup Time": 1217.752, "Actual Min Total Time": 1083.308, "Actual Max Total Time": 1217.752, "Plans": [{"Node Type": "Nested Loop", "Parent Relationship": "Outer", "Join Type": "Inner", "Startup Cost": 0.0, "Total Cost": 243659.28, "Plan Rows": 1581, "Plan Width": 8, "Actual Min Startup Time": 1104.138, "Actual Max Startup Time": 1104.138, "Actual Min Total Time": 1104.138, "Actual Max Total Time": 1104.138, "Inner Unique": true, "Join Filter": "(mi.info_type_id = it.id)", "Rows Removed by Join Filter": 0, "Plans": [{"Node Type": "Streaming(type: LOCAL GATHER dop: 1/64)", "Parent Relationship": "Outer", "Startup Cost": 0.0, "Total Cost": 241000.8, "Plan Rows": 1581, "Plan Width": 12, "Actual Min Startup Time": 1104.029, "Actual Max Startup Time": 1104.029, "Actual Min Total Time": 1104.029, "Actual Max Total Time": 1104.029, "Plans": [{"Node Type": "Nested Loop", "Parent Relationship": "Outer", "Join Type": "Inner", "Startup Cost": 0.0, "Total Cost": 240968.18, "Plan Rows": 1581, "Plan Width": 12, "Actual Min Startup Time": 1071.759, "Actual Max Startup Time": 1282.268, "Actual Min Total Time": 1071.759, "Actual Max Total Time": 1282.268, "Inner Unique": false, "Join Filter": "(mc.movie_id = mi.movie_id)", "Rows Removed by Join Filter": 0, "Plans": [{"Node Type": "Seq Scan", "Parent Relationship": "Outer", "Relation Name": "movie_info", "Alias": "mi", "Startup Cost": 0.0, "Total Cost": 69963.86, "Plan Rows": 141478, "Plan Width": 8, "Actual Min Startup Time": 0.072, "Actual Max Startup Time": 3.315, "Actual Min Total Time": 114.605, "Actual Max Total Time": 132.254, "Filter": "((info)::text = ANY ('{Sweden,Norway,Germany,Denmark,Swedish,Denish,Norwegian,German}'::text[]))", "Rows Removed by Filter": 14681822, "Actual Rows": 153897}, {"Node Type": "Materialize", "Parent Relationship": "Inner", "Startup Cost": 0.0, "Total Cost": 119943.45, "Plan Rows": 98560, "Plan Width": 4, "Actual Min Startup Time": 950.236, "Actual Max Startup Time": 1154.534, "Actual Min Total Time": 950.236, "Actual Max Total Time": 1154.534, "Plans": [{"Node Type": "Streaming(type: BROADCAST dop: 64/1)", "Parent Relationship": "Outer", "Startup Cost": 0.0, "Total Cost": 119935.75, "Plan Rows": 98560, "Plan Width": 4, "Actual Min Startup Time": 950.018, "Actual Max Startup Time": 1154.362, "Actual Min Total Time": 950.018, "Actual Max Total Time": 1154.362, "Plans": [{"Node Type": "Nested Loop", "Parent Relationship": "Outer", "Join Type": "Inner", "Startup Cost": 0.0, "Total Cost": 54902.47, "Plan Rows": 1540, "Plan Width": 4, "Actual Min Startup Time": 1060.242, "Actual Max Startup Time": 1060.242, "Actual Min Total Time": 1060.242, "Actual Max Total Time": 1060.242, "Inner Unique": false, "Join Filter": "(ct.id = mc.company_type_id)", "Rows Removed by Join Filter": 24025, "Plans": [{"Node Type": "Seq Scan", "Parent Relationship": "Outer", "Relation Name": "company_type", "Alias": "ct", "Startup Cost": 0.0, "Total Cost": 1.04, "Plan Rows": 1, "Plan Width": 4, "Actual Min Startup Time": 0.025, "Actual Max Startup Time": 0.025, "Actual Min Total Time": 0.029, "Actual Max Total Time": 0.029, "Filter": "((kind)::text = 'production companies'::text)", "Rows Removed by Filter": 2, "Actual Rows": 1}, {"Node Type": "Seq Scan", "Parent Relationship": "Inner", "Relation Name": "movie_companies", "Alias": "mc", "Startup Cost": 0.0, "Total Cost": 54862.92, "Plan Rows": 3081, "Plan Width": 8, "Actual Min Startup Time": 9.076, "Actual Max Startup Time": 9.076, "Actual Min Total Time": 1054.961, "Actual Max Total Time": 1054.961, "Filter": "(((note)::text ~~ '%(theatrical)%'::text) AND ((note)::text ~~ '%(France)%'::text))", "Rows Removed by Filter": 2585103, "Actual Rows": 24025}], "Actual Rows": 0}], "Actual Rows": 0}], "Actual Rows": 0}], "Actual Rows": 0}], "Actual Rows": 0}, {"Node Type": "Materialize", "Parent Relationship": "Inner", "Startup Cost": 0.0, "Total Cost": 2.68, "Plan Rows": 112, "Plan Width": 4, "Actual Min Startup Time": 0.099, "Actual Max Startup Time": 0.099, "Actual Min Total Time": 0.099, "Actual Max Total Time": 0.099, "Plans": [{"Node Type": "Seq Scan", "Parent Relationship": "Outer", "Relation Name": "info_type", "Alias": "it", "Startup Cost": 0.0, "Total Cost": 2.12, "Plan Rows": 112, "Plan Width": 4, "Actual Min Startup Time": 0.043, "Actual Max Startup Time": 0.043, "Actual Min Total Time": 0.064, "Actual Max Total Time": 0.064, "Actual Rows": 112}], "Actual Rows": 1}], "Actual Rows": 0}], "Actual Rows": 0}], "Actual Rows": 0}], "Actual Rows": 0}], "Actual Rows": 64}], "Actual Rows": 64}], "Actual Rows": 1}, "Triggers": [], "Planner Runtime": 6.824, "Total Runtime": 1488.299, "Unique SQL Id": 2510907716}}, "(64, '127')": {"explain_plan": {"Plan": {"Node Type": "Aggregate", "Strategy": "Plain", "Startup Cost": 5000171402636.96, "Total Cost": 5000171402636.97, "Plan Rows": 1, "Plan Width": 49, "Plans": [{"Node Type": "Nested Loop", "Parent Relationship": "Outer", "Join Type": "Inner", "Startup Cost": 50000000000.0, "Total Cost": 5000171402632.16, "Plan Rows": 1919, "Plan Width": 17, "Inner Unique": true, "Join Filter": "(mi.info_type_id = it.id)", "Plans": [{"Node Type": "Nested Loop", "Parent Relationship": "Outer", "Join Type": "Inner", "Startup Cost": 40000000000.0, "Total Cost": 4000171398014.96, "Plan Rows": 1919, "Plan Width": 21, "Inner Unique": true, "Join Filter": "(mi.movie_id = t.id)", "Plans": [{"Node Type": "Nested Loop", "Parent Relationship": "Outer", "Join Type": "Inner", "Startup Cost": 30000000000.0, "Total Cost": 3000135716391.79, "Plan Rows": 1581, "Plan Width": 12, "Inner Unique": true, "Join Filter": "(mc.company_type_id = ct.id)", "Plans": [{"Node Type": "Nested Loop", "Parent Relationship": "Outer", "Join Type": "Inner", "Startup Cost": 20000000000.0, "Total Cost": 2000135715114.09, "Plan Rows": 3163, "Plan Width": 16, "Inner Unique": false, "Join Filter": "(mc.movie_id = mi.movie_id)", "Plans": [{"Node Type": "Index Scan", "Parent Relationship": "Outer", "Scan Direction": "Forward", "Index Name": "info_type_id_movie_info", "Relation Name": "movie_info", "Alias": "mi", "Startup Cost": 10000000000.0, "Total Cost": 1000118553919.62, "Plan Rows": 141478, "Plan Width": 8, "Filter": "((info)::text = ANY ('{Sweden,Norway,Germany,Denmark,Swedish,Denish,Norwegian,German}'::text[]))"}, {"Node Type": "Materialize", "Parent Relationship": "Inner", "Startup Cost": 10000000000.0, "Total Cost": 1000010622796.41, "Plan Rows": 3081, "Plan Width": 8, "Plans": [{"Node Type": "Index Scan", "Parent Relationship": "Outer", "Scan Direction": "Forward", "Index Name": "company_type_id_movie_companies", "Relation Name": "movie_companies", "Alias": "mc", "Startup Cost": 10000000000.0, "Total Cost": 1000010622781.0, "Plan Rows": 3081, "Plan Width": 8, "Filter": "(((note)::text ~~ '%(theatrical)%'::text) AND ((note)::text ~~ '%(France)%'::text))"}]}]}, {"Node Type": "Materialize", "Parent Relationship": "Inner", "Startup Cost": 10000000000.0, "Total Cost": 1000000001230.26, "Plan Rows": 1, "Plan Width": 4, "Plans": [{"Node Type": "Index Scan", "Parent Relationship": "Outer", "Scan Direction": "Forward", "Index Name": "company_type_pkey", "Relation Name": "company_type", "Alias": "ct", "Startup Cost": 10000000000.0, "Total Cost": 1000000001230.25, "Plan Rows": 1, "Plan Width": 4, "Filter": "((kind)::text = 'production companies'::text)"}]}]}, {"Node Type": "Materialize", "Parent Relationship": "Inner", "Startup Cost": 10000000000.0, "Total Cost": 1000011649194.12, "Plan Rows": 1013492, "Plan Width": 21, "Plans": [{"Node Type": "Index Scan", "Parent Relationship": "Outer", "Scan Direction": "Forward", "Index Name": "title_pkey", "Relation Name": "title", "Alias": "t", "Startup Cost": 10000000000.0, "Total Cost": 1000011644126.66, "Plan Rows": 1013492, "Plan Width": 21, "Filter": "(production_year > 2005), (LLVM Optimized)"}]}]}, {"Node Type": "Materialize", "Parent Relationship": "Inner", "Startup Cost": 10000000000.0, "Total Cost": 1000000001393.56, "Plan Rows": 112, "Plan Width": 4, "Plans": [{"Node Type": "Index Scan", "Parent Relationship": "Outer", "Scan Direction": "Forward", "Index Name": "info_type_pkey", "Relation Name": "info_type", "Alias": "it", "Startup Cost": 10000000000.0, "Total Cost": 1000000001393.0, "Plan Rows": 112, "Plan Width": 4}]}]}]}, "Unique SQL Id": 2510907716, "Planner Runtime": 3}, "explain_analyze_plan": null}}