{"(1, '0')": {"explain_plan": {"Plan": {"Node Type": "Aggregate", "Strategy": "Plain", "Startup Cost": 61721.76, "Total Cost": 61721.77, "Plan Rows": 1, "Plan Width": 49, "Plans": [{"Node Type": "Nested Loop", "Parent Relationship": "Outer", "Join Type": "Inner", "Startup Cost": 0.0, "Total Cost": 61721.7, "Plan Rows": 24, "Plan Width": 17, "Inner Unique": true, "Plans": [{"Node Type": "Nested Loop", "Parent Relationship": "Outer", "Join Type": "Inner", "Startup Cost": 0.0, "Total Cost": 61714.98, "Plan Rows": 24, "Plan Width": 21, "Inner Unique": false, "Plans": [{"Node Type": "Nested Loop", "Parent Relationship": "Outer", "Join Type": "Inner", "Startup Cost": 0.0, "Total Cost": 61635.99, "Plan Rows": 32, "Plan Width": 25, "Inner Unique": true, "Plans": [{"Node Type": "Nested Loop", "Parent Relationship": "Outer", "Join Type": "Inner", "Startup Cost": 0.0, "Total Cost": 61387.52, "Plan Rows": 30, "Plan Width": 4, "Inner Unique": false, "Join Filter": "(ct.id = mc.company_type_id)", "Plans": [{"Node Type": "Seq Scan", "Parent Relationship": "Outer", "Relation Name": "company_type", "Alias": "ct", "Startup Cost": 0.0, "Total Cost": 1.04, "Plan Rows": 1, "Plan Width": 4, "Filter": "((kind)::text = 'production companies'::text)"}, {"Node Type": "Seq Scan", "Parent Relationship": "Inner", "Relation Name": "movie_companies", "Alias": "mc", "Startup Cost": 0.0, "Total Cost": 61385.74, "Plan Rows": 59, "Plan Width": 8, "Filter": "(((note)::text ~~ '%(VHS)%'::text) AND ((note)::text ~~ '%(USA)%'::text) AND ((note)::text ~~ '%(1994)%'::text))"}]}, {"Node Type": "Index Scan", "Parent Relationship": "Inner", "Scan Direction": "Forward", "Index Name": "title_pkey", "Relation Name": "title", "Alias": "t", "Startup Cost": 0.0, "Total Cost": 8.27, "Plan Rows": 1, "Plan Width": 21, "Index Cond": "(id = mc.movie_id)", "Filter": "(production_year > 2010)"}]}, {"Node Type": "Index Scan", "Parent Relationship": "Inner", "Scan Direction": "Forward", "Index Name": "movie_id_movie_info", "Relation Name": "movie_info", "Alias": "mi", "Startup Cost": 0.0, "Total Cost": 2.46, "Plan Rows": 1, "Plan Width": 8, "Index Cond": "(movie_id = t.id)", "Filter": "((info)::text = ANY ('{USA,America}'::text[]))"}]}, {"Node Type": "Index Only Scan", "Parent Relationship": "Inner", "Scan Direction": "Forward", "Index Name": "info_type_pkey", "Relation Name": "info_type", "Alias": "it", "Startup Cost": 0.0, "Total Cost": 0.27, "Plan Rows": 1, "Plan Width": 4, "Index Cond": "(id = mi.info_type_id)"}]}]}, "Unique SQL Id": 328306525, "Planner Runtime": 7}, "explain_analyze_plan": {"Plan": {"Node Type": "Aggregate", "Strategy": "Plain", "Startup Cost": 61721.76, "Total Cost": 61721.77, "Plan Rows": 1, "Plan Width": 49, "Actual Startup Time": 946.595, "Actual Total Time": 946.596, "Actual Rows": 1, "Actual Loops": 1, "Plans": [{"Node Type": "Nested Loop", "Parent Relationship": "Outer", "Join Type": "Inner", "Startup Cost": 0.0, "Total Cost": 61721.7, "Plan Rows": 24, "Plan Width": 17, "Actual Startup Time": 946.584, "Actual Total Time": 946.584, "Actual Rows": 0, "Actual Loops": 1, "Inner Unique": true, "Plans": [{"Node Type": "Nested Loop", "Parent Relationship": "Outer", "Join Type": "Inner", "Startup Cost": 0.0, "Total Cost": 61714.98, "Plan Rows": 24, "Plan Width": 21, "Actual Startup Time": 946.583, "Actual Total Time": 946.583, "Actual Rows": 0, "Actual Loops": 1, "Inner Unique": false, "Plans": [{"Node Type": "Nested Loop", "Parent Relationship": "Outer", "Join Type": "Inner", "Startup Cost": 0.0, "Total Cost": 61635.99, "Plan Rows": 32, "Plan Width": 25, "Actual Startup Time": 946.582, "Actual Total Time": 946.582, "Actual Rows": 0, "Actual Loops": 1, "Inner Unique": true, "Plans": [{"Node Type": "Nested Loop", "Parent Relationship": "Outer", "Join Type": "Inner", "Startup Cost": 0.0, "Total Cost": 61387.52, "Plan Rows": 30, "Plan Width": 4, "Actual Startup Time": 946.58, "Actual Total Time": 946.58, "Actual Rows": 0, "Actual Loops": 1, "Inner Unique": false, "Join Filter": "(ct.id = mc.company_type_id)", "Rows Removed by Join Filter": 1418, "Plans": [{"Node Type": "Seq Scan", "Parent Relationship": "Outer", "Relation Name": "company_type", "Alias": "ct", "Startup Cost": 0.0, "Total Cost": 1.04, "Plan Rows": 1, "Plan Width": 4, "Actual Startup Time": 0.025, "Actual Total Time": 0.03, "Actual Rows": 1, "Actual Loops": 1, "Filter": "((kind)::text = 'production companies'::text)", "Rows Removed by Filter": 2}, {"Node Type": "Seq Scan", "Parent Relationship": "Inner", "Relation Name": "movie_companies", "Alias": "mc", "Startup Cost": 0.0, "Total Cost": 61385.74, "Plan Rows": 59, "Plan Width": 8, "Actual Startup Time": 3.943, "Actual Total Time": 946.12, "Actual Rows": 1418, "Actual Loops": 1, "Filter": "(((note)::text ~~ '%(VHS)%'::text) AND ((note)::text ~~ '%(USA)%'::text) AND ((note)::text ~~ '%(1994)%'::text))", "Rows Removed by Filter": 2607710}]}, {"Node Type": "Index Scan", "Parent Relationship": "Inner", "Scan Direction": "Forward", "Index Name": "title_pkey", "Relation Name": "title", "Alias": "t", "Startup Cost": 0.0, "Total Cost": 8.27, "Plan Rows": 1, "Plan Width": 21, "Actual Startup Time": 0.0, "Actual Total Time": 0.0, "Index Cond": "(id = mc.movie_id)", "Rows Removed by Index Recheck": 0, "Filter": "(production_year > 2010)", "Rows Removed by Filter": 0}]}, {"Node Type": "Index Scan", "Parent Relationship": "Inner", "Scan Direction": "Forward", "Index Name": "movie_id_movie_info", "Relation Name": "movie_info", "Alias": "mi", "Startup Cost": 0.0, "Total Cost": 2.46, "Plan Rows": 1, "Plan Width": 8, "Actual Startup Time": 0.0, "Actual Total Time": 0.0, "Index Cond": "(movie_id = t.id)", "Rows Removed by Index Recheck": 0, "Filter": "((info)::text = ANY ('{USA,America}'::text[]))", "Rows Removed by Filter": 0}]}, {"Node Type": "Index Only Scan", "Parent Relationship": "Inner", "Scan Direction": "Forward", "Index Name": "info_type_pkey", "Relation Name": "info_type", "Alias": "it", "Startup Cost": 0.0, "Total Cost": 0.27, "Plan Rows": 1, "Plan Width": 4, "Actual Startup Time": 0.0, "Actual Total Time": 0.0, "Index Cond": "(id = mi.info_type_id)", "Rows Removed by Index Recheck": 0, "Heap Fetches": 0}]}]}, "Triggers": [], "Planner Runtime": 7.558, "Total Runtime": 946.851, "Unique SQL Id": 328306525}}, "(1, '1')": {"explain_plan": {"Plan": {"Node Type": "Aggregate", "Strategy": "Plain", "Startup Cost": 63248.6, "Total Cost": 63248.61, "Plan Rows": 1, "Plan Width": 49, "Plans": [{"Node Type": "Nested Loop", "Parent Relationship": "Outer", "Join Type": "Inner", "Startup Cost": 0.0, "Total Cost": 63248.54, "Plan Rows": 24, "Plan Width": 17, "Inner Unique": true, "Plans": [{"Node Type": "Nested Loop", "Parent Relationship": "Outer", "Join Type": "Inner", "Startup Cost": 0.0, "Total Cost": 63241.82, "Plan Rows": 24, "Plan Width": 21, "Inner Unique": false, "Plans": [{"Node Type": "Nested Loop", "Parent Relationship": "Outer", "Join Type": "Inner", "Startup Cost": 0.0, "Total Cost": 63162.83, "Plan Rows": 32, "Plan Width": 25, "Inner Unique": true, "Plans": [{"Node Type": "Nested Loop", "Parent Relationship": "Outer", "Join Type": "Inner", "Startup Cost": 0.0, "Total Cost": 62914.35, "Plan Rows": 30, "Plan Width": 4, "Inner Unique": false, "Plans": [{"Node Type": "Index Scan", "Parent Relationship": "Outer", "Scan Direction": "Forward", "Index Name": "company_type_pkey", "Relation Name": "company_type", "Alias": "ct", "Startup Cost": 0.0, "Total Cost": 12.3, "Plan Rows": 1, "Plan Width": 4, "Filter": "((kind)::text = 'production companies'::text)"}, {"Node Type": "Index Scan", "Parent Relationship": "Inner", "Scan Direction": "Forward", "Index Name": "company_type_id_movie_companies", "Relation Name": "movie_companies", "Alias": "mc", "Startup Cost": 0.0, "Total Cost": 62901.76, "Plan Rows": 29, "Plan Width": 8, "Index Cond": "(company_type_id = ct.id)", "Filter": "(((note)::text ~~ '%(VHS)%'::text) AND ((note)::text ~~ '%(USA)%'::text) AND ((note)::text ~~ '%(1994)%'::text))"}]}, {"Node Type": "Index Scan", "Parent Relationship": "Inner", "Scan Direction": "Forward", "Index Name": "title_pkey", "Relation Name": "title", "Alias": "t", "Startup Cost": 0.0, "Total Cost": 8.27, "Plan Rows": 1, "Plan Width": 21, "Index Cond": "(id = mc.movie_id)", "Filter": "(production_year > 2010)"}]}, {"Node Type": "Index Scan", "Parent Relationship": "Inner", "Scan Direction": "Forward", "Index Name": "movie_id_movie_info", "Relation Name": "movie_info", "Alias": "mi", "Startup Cost": 0.0, "Total Cost": 2.46, "Plan Rows": 1, "Plan Width": 8, "Index Cond": "(movie_id = t.id)", "Filter": "((info)::text = ANY ('{USA,America}'::text[]))"}]}, {"Node Type": "Index Only Scan", "Parent Relationship": "Inner", "Scan Direction": "Forward", "Index Name": "info_type_pkey", "Relation Name": "info_type", "Alias": "it", "Startup Cost": 0.0, "Total Cost": 0.27, "Plan Rows": 1, "Plan Width": 4, "Index Cond": "(id = mi.info_type_id)"}]}]}, "Unique SQL Id": 328306525, "Planner Runtime": 7}, "explain_analyze_plan": {"Plan": {"Node Type": "Aggregate", "Strategy": "Plain", "Startup Cost": 63248.6, "Total Cost": 63248.61, "Plan Rows": 1, "Plan Width": 49, "Actual Startup Time": 640.136, "Actual Total Time": 640.136, "Actual Rows": 1, "Actual Loops": 1, "Plans": [{"Node Type": "Nested Loop", "Parent Relationship": "Outer", "Join Type": "Inner", "Startup Cost": 0.0, "Total Cost": 63248.54, "Plan Rows": 24, "Plan Width": 17, "Actual Startup Time": 640.125, "Actual Total Time": 640.125, "Actual Rows": 0, "Actual Loops": 1, "Inner Unique": true, "Plans": [{"Node Type": "Nested Loop", "Parent Relationship": "Outer", "Join Type": "Inner", "Startup Cost": 0.0, "Total Cost": 63241.82, "Plan Rows": 24, "Plan Width": 21, "Actual Startup Time": 640.123, "Actual Total Time": 640.123, "Actual Rows": 0, "Actual Loops": 1, "Inner Unique": false, "Plans": [{"Node Type": "Nested Loop", "Parent Relationship": "Outer", "Join Type": "Inner", "Startup Cost": 0.0, "Total Cost": 63162.83, "Plan Rows": 32, "Plan Width": 25, "Actual Startup Time": 640.123, "Actual Total Time": 640.123, "Actual Rows": 0, "Actual Loops": 1, "Inner Unique": true, "Plans": [{"Node Type": "Nested Loop", "Parent Relationship": "Outer", "Join Type": "Inner", "Startup Cost": 0.0, "Total Cost": 62914.35, "Plan Rows": 30, "Plan Width": 4, "Actual Startup Time": 640.122, "Actual Total Time": 640.122, "Actual Rows": 0, "Actual Loops": 1, "Inner Unique": false, "Plans": [{"Node Type": "Index Scan", "Parent Relationship": "Outer", "Scan Direction": "Forward", "Index Name": "company_type_pkey", "Relation Name": "company_type", "Alias": "ct", "Startup Cost": 0.0, "Total Cost": 12.3, "Plan Rows": 1, "Plan Width": 4, "Actual Startup Time": 0.026, "Actual Total Time": 0.033, "Actual Rows": 1, "Actual Loops": 1, "Filter": "((kind)::text = 'production companies'::text)", "Rows Removed by Filter": 2}, {"Node Type": "Index Scan", "Parent Relationship": "Inner", "Scan Direction": "Forward", "Index Name": "company_type_id_movie_companies", "Relation Name": "movie_companies", "Alias": "mc", "Startup Cost": 0.0, "Total Cost": 62901.76, "Plan Rows": 29, "Plan Width": 8, "Actual Startup Time": 640.079, "Actual Total Time": 640.079, "Actual Rows": 0, "Actual Loops": 1, "Index Cond": "(company_type_id = ct.id)", "Rows Removed by Index Recheck": 0, "Filter": "(((note)::text ~~ '%(VHS)%'::text) AND ((note)::text ~~ '%(USA)%'::text) AND ((note)::text ~~ '%(1994)%'::text))", "Rows Removed by Filter": 1334883}]}, {"Node Type": "Index Scan", "Parent Relationship": "Inner", "Scan Direction": "Forward", "Index Name": "title_pkey", "Relation Name": "title", "Alias": "t", "Startup Cost": 0.0, "Total Cost": 8.27, "Plan Rows": 1, "Plan Width": 21, "Actual Startup Time": 0.0, "Actual Total Time": 0.0, "Index Cond": "(id = mc.movie_id)", "Rows Removed by Index Recheck": 0, "Filter": "(production_year > 2010)", "Rows Removed by Filter": 0}]}, {"Node Type": "Index Scan", "Parent Relationship": "Inner", "Scan Direction": "Forward", "Index Name": "movie_id_movie_info", "Relation Name": "movie_info", "Alias": "mi", "Startup Cost": 0.0, "Total Cost": 2.46, "Plan Rows": 1, "Plan Width": 8, "Actual Startup Time": 0.0, "Actual Total Time": 0.0, "Index Cond": "(movie_id = t.id)", "Rows Removed by Index Recheck": 0, "Filter": "((info)::text = ANY ('{USA,America}'::text[]))", "Rows Removed by Filter": 0}]}, {"Node Type": "Index Only Scan", "Parent Relationship": "Inner", "Scan Direction": "Forward", "Index Name": "info_type_pkey", "Relation Name": "info_type", "Alias": "it", "Startup Cost": 0.0, "Total Cost": 0.27, "Plan Rows": 1, "Plan Width": 4, "Actual Startup Time": 0.0, "Actual Total Time": 0.0, "Index Cond": "(id = mi.info_type_id)", "Rows Removed by Index Recheck": 0, "Heap Fetches": 0}]}]}, "Triggers": [], "Planner Runtime": 7.646, "Total Runtime": 640.429, "Unique SQL Id": 328306525}}, "(1, '2')": {"explain_plan": {"Plan": {"Node Type": "Aggregate", "Strategy": "Plain", "Startup Cost": 62302.06, "Total Cost": 62302.07, "Plan Rows": 1, "Plan Width": 49, "Plans": [{"Node Type": "Nested Loop", "Parent Relationship": "Outer", "Join Type": "Inner", "Startup Cost": 4.61, "Total Cost": 62302.0, "Plan Rows": 24, "Plan Width": 17, "Inner Unique": false, "Join Filter": "(mi.info_type_id = it.id)", "Plans": [{"Node Type": "Seq Scan", "Parent Relationship": "Outer", "Relation Name": "info_type", "Alias": "it", "Startup Cost": 0.0, "Total Cost": 2.12, "Plan Rows": 112, "Plan Width": 4}, {"Node Type": "Materialize", "Parent Relationship": "Inner", "Startup Cost": 4.61, "Total Cost": 62259.62, "Plan Rows": 24, "Plan Width": 21, "Plans": [{"Node Type": "Nested Loop", "Parent Relationship": "Outer", "Join Type": "Inner", "Startup Cost": 4.61, "Total Cost": 62259.5, "Plan Rows": 24, "Plan Width": 21, "Inner Unique": true, "Plans": [{"Node Type": "Nested Loop", "Parent Relationship": "Outer", "Join Type": "Inner", "Startup Cost": 4.29, "Total Cost": 62116.08, "Plan Rows": 33, "Plan Width": 12, "Inner Unique": false, "Plans": [{"Node Type": "Nested Loop", "Parent Relationship": "Outer", "Join Type": "Inner", "Startup Cost": 0.0, "Total Cost": 61387.52, "Plan Rows": 30, "Plan Width": 4, "Inner Unique": false, "Join Filter": "(ct.id = mc.company_type_id)", "Plans": [{"Node Type": "Seq Scan", "Parent Relationship": "Outer", "Relation Name": "company_type", "Alias": "ct", "Startup Cost": 0.0, "Total Cost": 1.04, "Plan Rows": 1, "Plan Width": 4, "Filter": "((kind)::text = 'production companies'::text)"}, {"Node Type": "Seq Scan", "Parent Relationship": "Inner", "Relation Name": "movie_companies", "Alias": "mc", "Startup Cost": 0.0, "Total Cost": 61385.74, "Plan Rows": 59, "Plan Width": 8, "Filter": "(((note)::text ~~ '%(VHS)%'::text) AND ((note)::text ~~ '%(USA)%'::text) AND ((note)::text ~~ '%(1994)%'::text))"}]}, {"Node Type": "Bitmap Heap Scan", "Parent Relationship": "Inner", "Relation Name": "movie_info", "Alias": "mi", "Startup Cost": 4.29, "Total Cost": 24.28, "Plan Rows": 1, "Plan Width": 8, "Recheck Cond": "(movie_id = mc.movie_id)", "Filter": "((info)::text = ANY ('{USA,America}'::text[]))", "Plans": [{"Node Type": "Bitmap Index Scan", "Parent Relationship": "Outer", "Index Name": "movie_id_movie_info", "Startup Cost": 0.0, "Total Cost": 4.29, "Plan Rows": 5, "Plan Width": 0, "Index Cond": "(movie_id = mc.movie_id)"}]}]}, {"Node Type": "Bitmap Heap Scan", "Parent Relationship": "Inner", "Relation Name": "title", "Alias": "t", "Startup Cost": 0.32, "Total Cost": 4.34, "Plan Rows": 1, "Plan Width": 21, "Recheck Cond": "(id = mi.movie_id)", "Filter": "(production_year > 2010)", "Plans": [{"Node Type": "Bitmap Index Scan", "Parent Relationship": "Outer", "Index Name": "title_pkey", "Startup Cost": 0.0, "Total Cost": 0.32, "Plan Rows": 1, "Plan Width": 0, "Index Cond": "(id = mi.movie_id)"}]}]}]}]}]}, "Unique SQL Id": 328306525, "Planner Runtime": 7}, "explain_analyze_plan": {"Plan": {"Node Type": "Aggregate", "Strategy": "Plain", "Startup Cost": 62302.06, "Total Cost": 62302.07, "Plan Rows": 1, "Plan Width": 49, "Actual Startup Time": 957.016, "Actual Total Time": 957.016, "Actual Rows": 1, "Actual Loops": 1, "Plans": [{"Node Type": "Nested Loop", "Parent Relationship": "Outer", "Join Type": "Inner", "Startup Cost": 4.61, "Total Cost": 62302.0, "Plan Rows": 24, "Plan Width": 17, "Actual Startup Time": 957.009, "Actual Total Time": 957.009, "Actual Rows": 0, "Actual Loops": 1, "Inner Unique": false, "Join Filter": "(mi.info_type_id = it.id)", "Rows Removed by Join Filter": 0, "Plans": [{"Node Type": "Seq Scan", "Parent Relationship": "Outer", "Relation Name": "info_type", "Alias": "it", "Startup Cost": 0.0, "Total Cost": 2.12, "Plan Rows": 112, "Plan Width": 4, "Actual Startup Time": 0.031, "Actual Total Time": 0.048, "Actual Rows": 112, "Actual Loops": 1}, {"Node Type": "Materialize", "Parent Relationship": "Inner", "Startup Cost": 4.61, "Total Cost": 62259.62, "Plan Rows": 24, "Plan Width": 21, "Actual Startup Time": 956.933, "Actual Total Time": 956.933, "Actual Rows": 0, "Actual Loops": 112, "Plans": [{"Node Type": "Nested Loop", "Parent Relationship": "Outer", "Join Type": "Inner", "Startup Cost": 4.61, "Total Cost": 62259.5, "Plan Rows": 24, "Plan Width": 21, "Actual Startup Time": 956.916, "Actual Total Time": 956.916, "Actual Rows": 0, "Actual Loops": 1, "Inner Unique": true, "Plans": [{"Node Type": "Nested Loop", "Parent Relationship": "Outer", "Join Type": "Inner", "Startup Cost": 4.29, "Total Cost": 62116.08, "Plan Rows": 33, "Plan Width": 12, "Actual Startup Time": 956.914, "Actual Total Time": 956.914, "Actual Rows": 0, "Actual Loops": 1, "Inner Unique": false, "Plans": [{"Node Type": "Nested Loop", "Parent Relationship": "Outer", "Join Type": "Inner", "Startup Cost": 0.0, "Total Cost": 61387.52, "Plan Rows": 30, "Plan Width": 4, "Actual Startup Time": 956.912, "Actual Total Time": 956.912, "Actual Rows": 0, "Actual Loops": 1, "Inner Unique": false, "Join Filter": "(ct.id = mc.company_type_id)", "Rows Removed by Join Filter": 1418, "Plans": [{"Node Type": "Seq Scan", "Parent Relationship": "Outer", "Relation Name": "company_type", "Alias": "ct", "Startup Cost": 0.0, "Total Cost": 1.04, "Plan Rows": 1, "Plan Width": 4, "Actual Startup Time": 0.013, "Actual Total Time": 0.019, "Actual Rows": 1, "Actual Loops": 1, "Filter": "((kind)::text = 'production companies'::text)", "Rows Removed by Filter": 2}, {"Node Type": "Seq Scan", "Parent Relationship": "Inner", "Relation Name": "movie_companies", "Alias": "mc", "Startup Cost": 0.0, "Total Cost": 61385.74, "Plan Rows": 59, "Plan Width": 8, "Actual Startup Time": 3.894, "Actual Total Time": 956.458, "Actual Rows": 1418, "Actual Loops": 1, "Filter": "(((note)::text ~~ '%(VHS)%'::text) AND ((note)::text ~~ '%(USA)%'::text) AND ((note)::text ~~ '%(1994)%'::text))", "Rows Removed by Filter": 2607710}]}, {"Node Type": "Bitmap Heap Scan", "Parent Relationship": "Inner", "Relation Name": "movie_info", "Alias": "mi", "Startup Cost": 4.29, "Total Cost": 24.28, "Plan Rows": 1, "Plan Width": 8, "Actual Startup Time": 0.0, "Actual Total Time": 0.0, "Recheck Cond": "(movie_id = mc.movie_id)", "Rows Removed by Index Recheck": 0, "Filter": "((info)::text = ANY ('{USA,America}'::text[]))", "Rows Removed by Filter": 0, "Exact Heap Blocks": 0, "Lossy Heap Blocks": 0, "Plans": [{"Node Type": "Bitmap Index Scan", "Parent Relationship": "Outer", "Index Name": "movie_id_movie_info", "Startup Cost": 0.0, "Total Cost": 4.29, "Plan Rows": 5, "Plan Width": 0, "Actual Startup Time": 0.0, "Actual Total Time": 0.0, "Index Cond": "(movie_id = mc.movie_id)"}]}]}, {"Node Type": "Bitmap Heap Scan", "Parent Relationship": "Inner", "Relation Name": "title", "Alias": "t", "Startup Cost": 0.32, "Total Cost": 4.34, "Plan Rows": 1, "Plan Width": 21, "Actual Startup Time": 0.0, "Actual Total Time": 0.0, "Recheck Cond": "(id = mi.movie_id)", "Rows Removed by Index Recheck": 0, "Filter": "(production_year > 2010)", "Rows Removed by Filter": 0, "Exact Heap Blocks": 0, "Lossy Heap Blocks": 0, "Plans": [{"Node Type": "Bitmap Index Scan", "Parent Relationship": "Outer", "Index Name": "title_pkey", "Startup Cost": 0.0, "Total Cost": 0.32, "Plan Rows": 1, "Plan Width": 0, "Actual Startup Time": 0.0, "Actual Total Time": 0.0, "Index Cond": "(id = mi.movie_id)"}]}]}]}]}]}, "Triggers": [], "Planner Runtime": 6.588, "Total Runtime": 957.251, "Unique SQL Id": 328306525}}, "(1, '3')": {"explain_plan": {"Plan": {"Node Type": "Aggregate", "Strategy": "Plain", "Startup Cost": 1000011276294.99, "Total Cost": 1000011276295.0, "Plan Rows": 1, "Plan Width": 49, "Plans": [{"Node Type": "Nested Loop", "Parent Relationship": "Outer", "Join Type": "Inner", "Startup Cost": 10000000005.78, "Total Cost": 1000011276294.93, "Plan Rows": 24, "Plan Width": 17, "Inner Unique": true, "Plans": [{"Node Type": "Nested Loop", "Parent Relationship": "Outer", "Join Type": "Inner", "Startup Cost": 10000000005.38, "Total Cost": 1000011276078.43, "Plan Rows": 49, "Plan Width": 21, "Inner Unique": true, "Plans": [{"Node Type": "Nested Loop", "Parent Relationship": "Outer", "Join Type": "Inner", "Startup Cost": 10000000005.13, "Total Cost": 1000011275868.7, "Plan Rows": 49, "Plan Width": 25, "Inner Unique": false, "Plans": [{"Node Type": "Nested Loop", "Parent Relationship": "Outer", "Join Type": "Inner", "Startup Cost": 10000000004.26, "Total Cost": 1000011275551.68, "Plan Rows": 64, "Plan Width": 29, "Inner Unique": true, "Plans": [{"Node Type": "Index Scan", "Parent Relationship": "Outer", "Scan Direction": "Forward", "Index Name": "company_type_id_movie_companies", "Relation Name": "movie_companies", "Alias": "mc", "Startup Cost": 10000000000.0, "Total Cost": 1000011275063.0, "Plan Rows": 59, "Plan Width": 8, "Filter": "(((note)::text ~~ '%(VHS)%'::text) AND ((note)::text ~~ '%(USA)%'::text) AND ((note)::text ~~ '%(1994)%'::text))"}, {"Node Type": "Bitmap Heap Scan", "Parent Relationship": "Inner", "Relation Name": "title", "Alias": "t", "Startup Cost": 4.26, "Total Cost": 8.27, "Plan Rows": 1, "Plan Width": 21, "Recheck Cond": "(id = mc.movie_id)", "Filter": "(production_year > 2010)", "Plans": [{"Node Type": "Bitmap Index Scan", "Parent Relationship": "Outer", "Index Name": "title_pkey", "Startup Cost": 0.0, "Total Cost": 4.26, "Plan Rows": 1, "Plan Width": 0, "Index Cond": "(id = mc.movie_id)"}]}]}, {"Node Type": "Bitmap Heap Scan", "Parent Relationship": "Inner", "Relation Name": "movie_info", "Alias": "mi", "Startup Cost": 0.87, "Total Cost": 4.94, "Plan Rows": 1, "Plan Width": 8, "Recheck Cond": "(movie_id = t.id)", "Filter": "((info)::text = ANY ('{USA,America}'::text[]))", "Plans": [{"Node Type": "Bitmap Index Scan", "Parent Relationship": "Outer", "Index Name": "movie_id_movie_info", "Startup Cost": 0.0, "Total Cost": 0.87, "Plan Rows": 5, "Plan Width": 0, "Index Cond": "(movie_id = t.id)"}]}]}, {"Node Type": "Bitmap Heap Scan", "Parent Relationship": "Inner", "Relation Name": "info_type", "Alias": "it", "Startup Cost": 0.26, "Total Cost": 4.27, "Plan Rows": 1, "Plan Width": 4, "Recheck Cond": "(id = mi.info_type_id)", "Plans": [{"Node Type": "Bitmap Index Scan", "Parent Relationship": "Outer", "Index Name": "info_type_pkey", "Startup Cost": 0.0, "Total Cost": 0.26, "Plan Rows": 1, "Plan Width": 0, "Index Cond": "(id = mi.info_type_id)"}]}]}, {"Node Type": "Bitmap Heap Scan", "Parent Relationship": "Inner", "Relation Name": "company_type", "Alias": "ct", "Startup Cost": 0.39, "Total Cost": 4.41, "Plan Rows": 1, "Plan Width": 4, "Recheck Cond": "(id = mc.company_type_id)", "Filter": "((kind)::text = 'production companies'::text)", "Plans": [{"Node Type": "Bitmap Index Scan", "Parent Relationship": "Outer", "Index Name": "company_type_pkey", "Startup Cost": 0.0, "Total Cost": 0.39, "Plan Rows": 1, "Plan Width": 0, "Index Cond": "(id = mc.company_type_id)"}]}]}]}, "Unique SQL Id": 328306525, "Planner Runtime": 5}, "explain_analyze_plan": {"Plan": {"Node Type": "Aggregate", "Strategy": "Plain", "Startup Cost": 1000011276294.99, "Total Cost": 1000011276295.0, "Plan Rows": 1, "Plan Width": 49, "Actual Startup Time": 1689.858, "Actual Total Time": 1689.858, "Actual Rows": 1, "Actual Loops": 1, "Plans": [{"Node Type": "Nested Loop", "Parent Relationship": "Outer", "Join Type": "Inner", "Startup Cost": 10000000005.78, "Total Cost": 1000011276294.93, "Plan Rows": 24, "Plan Width": 17, "Actual Startup Time": 1689.851, "Actual Total Time": 1689.851, "Actual Rows": 0, "Actual Loops": 1, "Inner Unique": true, "Plans": [{"Node Type": "Nested Loop", "Parent Relationship": "Outer", "Join Type": "Inner", "Startup Cost": 10000000005.38, "Total Cost": 1000011276078.43, "Plan Rows": 49, "Plan Width": 21, "Actual Startup Time": 1689.849, "Actual Total Time": 1689.849, "Actual Rows": 0, "Actual Loops": 1, "Inner Unique": true, "Plans": [{"Node Type": "Nested Loop", "Parent Relationship": "Outer", "Join Type": "Inner", "Startup Cost": 10000000005.13, "Total Cost": 1000011275868.7, "Plan Rows": 49, "Plan Width": 25, "Actual Startup Time": 1689.847, "Actual Total Time": 1689.847, "Actual Rows": 0, "Actual Loops": 1, "Inner Unique": false, "Plans": [{"Node Type": "Nested Loop", "Parent Relationship": "Outer", "Join Type": "Inner", "Startup Cost": 10000000004.26, "Total Cost": 1000011275551.68, "Plan Rows": 64, "Plan Width": 29, "Actual Startup Time": 1689.843, "Actual Total Time": 1689.843, "Actual Rows": 0, "Actual Loops": 1, "Inner Unique": true, "Plans": [{"Node Type": "Index Scan", "Parent Relationship": "Outer", "Scan Direction": "Forward", "Index Name": "company_type_id_movie_companies", "Relation Name": "movie_companies", "Alias": "mc", "Startup Cost": 10000000000.0, "Total Cost": 1000011275063.0, "Plan Rows": 59, "Plan Width": 8, "Actual Startup Time": 6.155, "Actual Total Time": 1673.67, "Actual Rows": 1418, "Actual Loops": 1, "Filter": "(((note)::text ~~ '%(VHS)%'::text) AND ((note)::text ~~ '%(USA)%'::text) AND ((note)::text ~~ '%(1994)%'::text))", "Rows Removed by Filter": 2607710}, {"Node Type": "Bitmap Heap Scan", "Parent Relationship": "Inner", "Relation Name": "title", "Alias": "t", "Startup Cost": 4.26, "Total Cost": 8.27, "Plan Rows": 1, "Plan Width": 21, "Actual Startup Time": 13.912, "Actual Total Time": 13.912, "Actual Rows": 0, "Actual Loops": 1418, "Recheck Cond": "(id = mc.movie_id)", "Rows Removed by Index Recheck": 0, "Filter": "(production_year > 2010)", "Rows Removed by Filter": 1418, "Exact Heap Blocks": 1418, "Lossy Heap Blocks": 1418, "Plans": [{"Node Type": "Bitmap Index Scan", "Parent Relationship": "Outer", "Index Name": "title_pkey", "Startup Cost": 0.0, "Total Cost": 4.26, "Plan Rows": 1, "Plan Width": 0, "Actual Startup Time": 7.738, "Actual Total Time": 7.738, "Actual Rows": 1418, "Actual Loops": 1418, "Index Cond": "(id = mc.movie_id)"}]}]}, {"Node Type": "Bitmap Heap Scan", "Parent Relationship": "Inner", "Relation Name": "movie_info", "Alias": "mi", "Startup Cost": 0.87, "Total Cost": 4.94, "Plan Rows": 1, "Plan Width": 8, "Actual Startup Time": 0.0, "Actual Total Time": 0.0, "Recheck Cond": "(movie_id = t.id)", "Rows Removed by Index Recheck": 0, "Filter": "((info)::text = ANY ('{USA,America}'::text[]))", "Rows Removed by Filter": 0, "Exact Heap Blocks": 0, "Lossy Heap Blocks": 0, "Plans": [{"Node Type": "Bitmap Index Scan", "Parent Relationship": "Outer", "Index Name": "movie_id_movie_info", "Startup Cost": 0.0, "Total Cost": 0.87, "Plan Rows": 5, "Plan Width": 0, "Actual Startup Time": 0.0, "Actual Total Time": 0.0, "Index Cond": "(movie_id = t.id)"}]}]}, {"Node Type": "Bitmap Heap Scan", "Parent Relationship": "Inner", "Relation Name": "info_type", "Alias": "it", "Startup Cost": 0.26, "Total Cost": 4.27, "Plan Rows": 1, "Plan Width": 4, "Actual Startup Time": 0.0, "Actual Total Time": 0.0, "Recheck Cond": "(id = mi.info_type_id)", "Rows Removed by Index Recheck": 0, "Exact Heap Blocks": 0, "Lossy Heap Blocks": 0, "Plans": [{"Node Type": "Bitmap Index Scan", "Parent Relationship": "Outer", "Index Name": "info_type_pkey", "Startup Cost": 0.0, "Total Cost": 0.26, "Plan Rows": 1, "Plan Width": 0, "Actual Startup Time": 0.0, "Actual Total Time": 0.0, "Index Cond": "(id = mi.info_type_id)"}]}]}, {"Node Type": "Bitmap Heap Scan", "Parent Relationship": "Inner", "Relation Name": "company_type", "Alias": "ct", "Startup Cost": 0.39, "Total Cost": 4.41, "Plan Rows": 1, "Plan Width": 4, "Actual Startup Time": 0.0, "Actual Total Time": 0.0, "Recheck Cond": "(id = mc.company_type_id)", "Rows Removed by Index Recheck": 0, "Filter": "((kind)::text = 'production companies'::text)", "Rows Removed by Filter": 0, "Exact Heap Blocks": 0, "Lossy Heap Blocks": 0, "Plans": [{"Node Type": "Bitmap Index Scan", "Parent Relationship": "Outer", "Index Name": "company_type_pkey", "Startup Cost": 0.0, "Total Cost": 0.39, "Plan Rows": 1, "Plan Width": 0, "Actual Startup Time": 0.0, "Actual Total Time": 0.0, "Index Cond": "(id = mc.company_type_id)"}]}]}]}, "Triggers": [], "Planner Runtime": 5.044, "Total Runtime": 1690.156, "Unique SQL Id": 328306525}}, "(1, '4')": {"explain_plan": {"Plan": {"Node Type": "Aggregate", "Strategy": "Plain", "Startup Cost": 61721.76, "Total Cost": 61721.77, "Plan Rows": 1, "Plan Width": 49, "Plans": [{"Node Type": "Nested Loop", "Parent Relationship": "Outer", "Join Type": "Inner", "Startup Cost": 0.0, "Total Cost": 61721.7, "Plan Rows": 24, "Plan Width": 17, "Inner Unique": true, "Plans": [{"Node Type": "Nested Loop", "Parent Relationship": "Outer", "Join Type": "Inner", "Startup Cost": 0.0, "Total Cost": 61714.98, "Plan Rows": 24, "Plan Width": 21, "Inner Unique": false, "Plans": [{"Node Type": "Nested Loop", "Parent Relationship": "Outer", "Join Type": "Inner", "Startup Cost": 0.0, "Total Cost": 61635.99, "Plan Rows": 32, "Plan Width": 25, "Inner Unique": true, "Plans": [{"Node Type": "Nested Loop", "Parent Relationship": "Outer", "Join Type": "Inner", "Startup Cost": 0.0, "Total Cost": 61387.52, "Plan Rows": 30, "Plan Width": 4, "Inner Unique": false, "Join Filter": "(ct.id = mc.company_type_id)", "Plans": [{"Node Type": "Seq Scan", "Parent Relationship": "Outer", "Relation Name": "company_type", "Alias": "ct", "Startup Cost": 0.0, "Total Cost": 1.04, "Plan Rows": 1, "Plan Width": 4, "Filter": "((kind)::text = 'production companies'::text)"}, {"Node Type": "Seq Scan", "Parent Relationship": "Inner", "Relation Name": "movie_companies", "Alias": "mc", "Startup Cost": 0.0, "Total Cost": 61385.74, "Plan Rows": 59, "Plan Width": 8, "Filter": "(((note)::text ~~ '%(VHS)%'::text) AND ((note)::text ~~ '%(USA)%'::text) AND ((note)::text ~~ '%(1994)%'::text))"}]}, {"Node Type": "Index Scan", "Parent Relationship": "Inner", "Scan Direction": "Forward", "Index Name": "title_pkey", "Relation Name": "title", "Alias": "t", "Startup Cost": 0.0, "Total Cost": 8.27, "Plan Rows": 1, "Plan Width": 21, "Index Cond": "(id = mc.movie_id)", "Filter": "(production_year > 2010)"}]}, {"Node Type": "Index Scan", "Parent Relationship": "Inner", "Scan Direction": "Forward", "Index Name": "movie_id_movie_info", "Relation Name": "movie_info", "Alias": "mi", "Startup Cost": 0.0, "Total Cost": 2.46, "Plan Rows": 1, "Plan Width": 8, "Index Cond": "(movie_id = t.id)", "Filter": "((info)::text = ANY ('{USA,America}'::text[]))"}]}, {"Node Type": "Index Scan", "Parent Relationship": "Inner", "Scan Direction": "Forward", "Index Name": "info_type_pkey", "Relation Name": "info_type", "Alias": "it", "Startup Cost": 0.0, "Total Cost": 0.27, "Plan Rows": 1, "Plan Width": 4, "Index Cond": "(id = mi.info_type_id)"}]}]}, "Unique SQL Id": 328306525, "Planner Runtime": 8}, "explain_analyze_plan": {"Plan": {"Node Type": "Aggregate", "Strategy": "Plain", "Startup Cost": 61721.76, "Total Cost": 61721.77, "Plan Rows": 1, "Plan Width": 49, "Actual Startup Time": 987.079, "Actual Total Time": 987.08, "Actual Rows": 1, "Actual Loops": 1, "Plans": [{"Node Type": "Nested Loop", "Parent Relationship": "Outer", "Join Type": "Inner", "Startup Cost": 0.0, "Total Cost": 61721.7, "Plan Rows": 24, "Plan Width": 17, "Actual Startup Time": 987.072, "Actual Total Time": 987.072, "Actual Rows": 0, "Actual Loops": 1, "Inner Unique": true, "Plans": [{"Node Type": "Nested Loop", "Parent Relationship": "Outer", "Join Type": "Inner", "Startup Cost": 0.0, "Total Cost": 61714.98, "Plan Rows": 24, "Plan Width": 21, "Actual Startup Time": 987.071, "Actual Total Time": 987.071, "Actual Rows": 0, "Actual Loops": 1, "Inner Unique": false, "Plans": [{"Node Type": "Nested Loop", "Parent Relationship": "Outer", "Join Type": "Inner", "Startup Cost": 0.0, "Total Cost": 61635.99, "Plan Rows": 32, "Plan Width": 25, "Actual Startup Time": 987.07, "Actual Total Time": 987.07, "Actual Rows": 0, "Actual Loops": 1, "Inner Unique": true, "Plans": [{"Node Type": "Nested Loop", "Parent Relationship": "Outer", "Join Type": "Inner", "Startup Cost": 0.0, "Total Cost": 61387.52, "Plan Rows": 30, "Plan Width": 4, "Actual Startup Time": 987.068, "Actual Total Time": 987.068, "Actual Rows": 0, "Actual Loops": 1, "Inner Unique": false, "Join Filter": "(ct.id = mc.company_type_id)", "Rows Removed by Join Filter": 1418, "Plans": [{"Node Type": "Seq Scan", "Parent Relationship": "Outer", "Relation Name": "company_type", "Alias": "ct", "Startup Cost": 0.0, "Total Cost": 1.04, "Plan Rows": 1, "Plan Width": 4, "Actual Startup Time": 0.014, "Actual Total Time": 0.02, "Actual Rows": 1, "Actual Loops": 1, "Filter": "((kind)::text = 'production companies'::text)", "Rows Removed by Filter": 2}, {"Node Type": "Seq Scan", "Parent Relationship": "Inner", "Relation Name": "movie_companies", "Alias": "mc", "Startup Cost": 0.0, "Total Cost": 61385.74, "Plan Rows": 59, "Plan Width": 8, "Actual Startup Time": 4.166, "Actual Total Time": 986.623, "Actual Rows": 1418, "Actual Loops": 1, "Filter": "(((note)::text ~~ '%(VHS)%'::text) AND ((note)::text ~~ '%(USA)%'::text) AND ((note)::text ~~ '%(1994)%'::text))", "Rows Removed by Filter": 2607710}]}, {"Node Type": "Index Scan", "Parent Relationship": "Inner", "Scan Direction": "Forward", "Index Name": "title_pkey", "Relation Name": "title", "Alias": "t", "Startup Cost": 0.0, "Total Cost": 8.27, "Plan Rows": 1, "Plan Width": 21, "Actual Startup Time": 0.0, "Actual Total Time": 0.0, "Index Cond": "(id = mc.movie_id)", "Rows Removed by Index Recheck": 0, "Filter": "(production_year > 2010)", "Rows Removed by Filter": 0}]}, {"Node Type": "Index Scan", "Parent Relationship": "Inner", "Scan Direction": "Forward", "Index Name": "movie_id_movie_info", "Relation Name": "movie_info", "Alias": "mi", "Startup Cost": 0.0, "Total Cost": 2.46, "Plan Rows": 1, "Plan Width": 8, "Actual Startup Time": 0.0, "Actual Total Time": 0.0, "Index Cond": "(movie_id = t.id)", "Rows Removed by Index Recheck": 0, "Filter": "((info)::text = ANY ('{USA,America}'::text[]))", "Rows Removed by Filter": 0}]}, {"Node Type": "Index Scan", "Parent Relationship": "Inner", "Scan Direction": "Forward", "Index Name": "info_type_pkey", "Relation Name": "info_type", "Alias": "it", "Startup Cost": 0.0, "Total Cost": 0.27, "Plan Rows": 1, "Plan Width": 4, "Actual Startup Time": 0.0, "Actual Total Time": 0.0, "Index Cond": "(id = mi.info_type_id)", "Rows Removed by Index Recheck": 0}]}]}, "Triggers": [], "Planner Runtime": 7.432, "Total Runtime": 987.358, "Unique SQL Id": 328306525}}, "(1, '5')": {"explain_plan": {"Plan": {"Node Type": "Aggregate", "Strategy": "Plain", "Startup Cost": 63248.6, "Total Cost": 63248.61, "Plan Rows": 1, "Plan Width": 49, "Plans": [{"Node Type": "Nested Loop", "Parent Relationship": "Outer", "Join Type": "Inner", "Startup Cost": 0.0, "Total Cost": 63248.54, "Plan Rows": 24, "Plan Width": 17, "Inner Unique": true, "Plans": [{"Node Type": "Nested Loop", "Parent Relationship": "Outer", "Join Type": "Inner", "Startup Cost": 0.0, "Total Cost": 63241.82, "Plan Rows": 24, "Plan Width": 21, "Inner Unique": false, "Plans": [{"Node Type": "Nested Loop", "Parent Relationship": "Outer", "Join Type": "Inner", "Startup Cost": 0.0, "Total Cost": 63162.83, "Plan Rows": 32, "Plan Width": 25, "Inner Unique": true, "Plans": [{"Node Type": "Nested Loop", "Parent Relationship": "Outer", "Join Type": "Inner", "Startup Cost": 0.0, "Total Cost": 62914.35, "Plan Rows": 30, "Plan Width": 4, "Inner Unique": false, "Plans": [{"Node Type": "Index Scan", "Parent Relationship": "Outer", "Scan Direction": "Forward", "Index Name": "company_type_pkey", "Relation Name": "company_type", "Alias": "ct", "Startup Cost": 0.0, "Total Cost": 12.3, "Plan Rows": 1, "Plan Width": 4, "Filter": "((kind)::text = 'production companies'::text)"}, {"Node Type": "Index Scan", "Parent Relationship": "Inner", "Scan Direction": "Forward", "Index Name": "company_type_id_movie_companies", "Relation Name": "movie_companies", "Alias": "mc", "Startup Cost": 0.0, "Total Cost": 62901.76, "Plan Rows": 29, "Plan Width": 8, "Index Cond": "(company_type_id = ct.id)", "Filter": "(((note)::text ~~ '%(VHS)%'::text) AND ((note)::text ~~ '%(USA)%'::text) AND ((note)::text ~~ '%(1994)%'::text))"}]}, {"Node Type": "Index Scan", "Parent Relationship": "Inner", "Scan Direction": "Forward", "Index Name": "title_pkey", "Relation Name": "title", "Alias": "t", "Startup Cost": 0.0, "Total Cost": 8.27, "Plan Rows": 1, "Plan Width": 21, "Index Cond": "(id = mc.movie_id)", "Filter": "(production_year > 2010)"}]}, {"Node Type": "Index Scan", "Parent Relationship": "Inner", "Scan Direction": "Forward", "Index Name": "movie_id_movie_info", "Relation Name": "movie_info", "Alias": "mi", "Startup Cost": 0.0, "Total Cost": 2.46, "Plan Rows": 1, "Plan Width": 8, "Index Cond": "(movie_id = t.id)", "Filter": "((info)::text = ANY ('{USA,America}'::text[]))"}]}, {"Node Type": "Index Scan", "Parent Relationship": "Inner", "Scan Direction": "Forward", "Index Name": "info_type_pkey", "Relation Name": "info_type", "Alias": "it", "Startup Cost": 0.0, "Total Cost": 0.27, "Plan Rows": 1, "Plan Width": 4, "Index Cond": "(id = mi.info_type_id)"}]}]}, "Unique SQL Id": 328306525, "Planner Runtime": 7}, "explain_analyze_plan": {"Plan": {"Node Type": "Aggregate", "Strategy": "Plain", "Startup Cost": 63248.6, "Total Cost": 63248.61, "Plan Rows": 1, "Plan Width": 49, "Actual Startup Time": 742.385, "Actual Total Time": 742.386, "Actual Rows": 1, "Actual Loops": 1, "Plans": [{"Node Type": "Nested Loop", "Parent Relationship": "Outer", "Join Type": "Inner", "Startup Cost": 0.0, "Total Cost": 63248.54, "Plan Rows": 24, "Plan Width": 17, "Actual Startup Time": 742.379, "Actual Total Time": 742.379, "Actual Rows": 0, "Actual Loops": 1, "Inner Unique": true, "Plans": [{"Node Type": "Nested Loop", "Parent Relationship": "Outer", "Join Type": "Inner", "Startup Cost": 0.0, "Total Cost": 63241.82, "Plan Rows": 24, "Plan Width": 21, "Actual Startup Time": 742.378, "Actual Total Time": 742.378, "Actual Rows": 0, "Actual Loops": 1, "Inner Unique": false, "Plans": [{"Node Type": "Nested Loop", "Parent Relationship": "Outer", "Join Type": "Inner", "Startup Cost": 0.0, "Total Cost": 63162.83, "Plan Rows": 32, "Plan Width": 25, "Actual Startup Time": 742.377, "Actual Total Time": 742.377, "Actual Rows": 0, "Actual Loops": 1, "Inner Unique": true, "Plans": [{"Node Type": "Nested Loop", "Parent Relationship": "Outer", "Join Type": "Inner", "Startup Cost": 0.0, "Total Cost": 62914.35, "Plan Rows": 30, "Plan Width": 4, "Actual Startup Time": 742.375, "Actual Total Time": 742.375, "Actual Rows": 0, "Actual Loops": 1, "Inner Unique": false, "Plans": [{"Node Type": "Index Scan", "Parent Relationship": "Outer", "Scan Direction": "Forward", "Index Name": "company_type_pkey", "Relation Name": "company_type", "Alias": "ct", "Startup Cost": 0.0, "Total Cost": 12.3, "Plan Rows": 1, "Plan Width": 4, "Actual Startup Time": 0.013, "Actual Total Time": 0.023, "Actual Rows": 1, "Actual Loops": 1, "Filter": "((kind)::text = 'production companies'::text)", "Rows Removed by Filter": 2}, {"Node Type": "Index Scan", "Parent Relationship": "Inner", "Scan Direction": "Forward", "Index Name": "company_type_id_movie_companies", "Relation Name": "movie_companies", "Alias": "mc", "Startup Cost": 0.0, "Total Cost": 62901.76, "Plan Rows": 29, "Plan Width": 8, "Actual Startup Time": 742.345, "Actual Total Time": 742.345, "Actual Rows": 0, "Actual Loops": 1, "Index Cond": "(company_type_id = ct.id)", "Rows Removed by Index Recheck": 0, "Filter": "(((note)::text ~~ '%(VHS)%'::text) AND ((note)::text ~~ '%(USA)%'::text) AND ((note)::text ~~ '%(1994)%'::text))", "Rows Removed by Filter": 1334883}]}, {"Node Type": "Index Scan", "Parent Relationship": "Inner", "Scan Direction": "Forward", "Index Name": "title_pkey", "Relation Name": "title", "Alias": "t", "Startup Cost": 0.0, "Total Cost": 8.27, "Plan Rows": 1, "Plan Width": 21, "Actual Startup Time": 0.0, "Actual Total Time": 0.0, "Index Cond": "(id = mc.movie_id)", "Rows Removed by Index Recheck": 0, "Filter": "(production_year > 2010)", "Rows Removed by Filter": 0}]}, {"Node Type": "Index Scan", "Parent Relationship": "Inner", "Scan Direction": "Forward", "Index Name": "movie_id_movie_info", "Relation Name": "movie_info", "Alias": "mi", "Startup Cost": 0.0, "Total Cost": 2.46, "Plan Rows": 1, "Plan Width": 8, "Actual Startup Time": 0.0, "Actual Total Time": 0.0, "Index Cond": "(movie_id = t.id)", "Rows Removed by Index Recheck": 0, "Filter": "((info)::text = ANY ('{USA,America}'::text[]))", "Rows Removed by Filter": 0}]}, {"Node Type": "Index Scan", "Parent Relationship": "Inner", "Scan Direction": "Forward", "Index Name": "info_type_pkey", "Relation Name": "info_type", "Alias": "it", "Startup Cost": 0.0, "Total Cost": 0.27, "Plan Rows": 1, "Plan Width": 4, "Actual Startup Time": 0.0, "Actual Total Time": 0.0, "Index Cond": "(id = mi.info_type_id)", "Rows Removed by Index Recheck": 0}]}]}, "Triggers": [], "Planner Runtime": 7.216, "Total Runtime": 742.642, "Unique SQL Id": 328306525}}, "(1, '6')": {"explain_plan": {"Plan": {"Node Type": "Aggregate", "Strategy": "Plain", "Startup Cost": 62302.06, "Total Cost": 62302.07, "Plan Rows": 1, "Plan Width": 49, "Plans": [{"Node Type": "Nested Loop", "Parent Relationship": "Outer", "Join Type": "Inner", "Startup Cost": 4.61, "Total Cost": 62302.0, "Plan Rows": 24, "Plan Width": 17, "Inner Unique": false, "Join Filter": "(mi.info_type_id = it.id)", "Plans": [{"Node Type": "Seq Scan", "Parent Relationship": "Outer", "Relation Name": "info_type", "Alias": "it", "Startup Cost": 0.0, "Total Cost": 2.12, "Plan Rows": 112, "Plan Width": 4}, {"Node Type": "Materialize", "Parent Relationship": "Inner", "Startup Cost": 4.61, "Total Cost": 62259.62, "Plan Rows": 24, "Plan Width": 21, "Plans": [{"Node Type": "Nested Loop", "Parent Relationship": "Outer", "Join Type": "Inner", "Startup Cost": 4.61, "Total Cost": 62259.5, "Plan Rows": 24, "Plan Width": 21, "Inner Unique": true, "Plans": [{"Node Type": "Nested Loop", "Parent Relationship": "Outer", "Join Type": "Inner", "Startup Cost": 4.29, "Total Cost": 62116.08, "Plan Rows": 33, "Plan Width": 12, "Inner Unique": false, "Plans": [{"Node Type": "Nested Loop", "Parent Relationship": "Outer", "Join Type": "Inner", "Startup Cost": 0.0, "Total Cost": 61387.52, "Plan Rows": 30, "Plan Width": 4, "Inner Unique": false, "Join Filter": "(ct.id = mc.company_type_id)", "Plans": [{"Node Type": "Seq Scan", "Parent Relationship": "Outer", "Relation Name": "company_type", "Alias": "ct", "Startup Cost": 0.0, "Total Cost": 1.04, "Plan Rows": 1, "Plan Width": 4, "Filter": "((kind)::text = 'production companies'::text)"}, {"Node Type": "Seq Scan", "Parent Relationship": "Inner", "Relation Name": "movie_companies", "Alias": "mc", "Startup Cost": 0.0, "Total Cost": 61385.74, "Plan Rows": 59, "Plan Width": 8, "Filter": "(((note)::text ~~ '%(VHS)%'::text) AND ((note)::text ~~ '%(USA)%'::text) AND ((note)::text ~~ '%(1994)%'::text))"}]}, {"Node Type": "Bitmap Heap Scan", "Parent Relationship": "Inner", "Relation Name": "movie_info", "Alias": "mi", "Startup Cost": 4.29, "Total Cost": 24.28, "Plan Rows": 1, "Plan Width": 8, "Recheck Cond": "(movie_id = mc.movie_id)", "Filter": "((info)::text = ANY ('{USA,America}'::text[]))", "Plans": [{"Node Type": "Bitmap Index Scan", "Parent Relationship": "Outer", "Index Name": "movie_id_movie_info", "Startup Cost": 0.0, "Total Cost": 4.29, "Plan Rows": 5, "Plan Width": 0, "Index Cond": "(movie_id = mc.movie_id)"}]}]}, {"Node Type": "Bitmap Heap Scan", "Parent Relationship": "Inner", "Relation Name": "title", "Alias": "t", "Startup Cost": 0.32, "Total Cost": 4.34, "Plan Rows": 1, "Plan Width": 21, "Recheck Cond": "(id = mi.movie_id)", "Filter": "(production_year > 2010)", "Plans": [{"Node Type": "Bitmap Index Scan", "Parent Relationship": "Outer", "Index Name": "title_pkey", "Startup Cost": 0.0, "Total Cost": 0.32, "Plan Rows": 1, "Plan Width": 0, "Index Cond": "(id = mi.movie_id)"}]}]}]}]}]}, "Unique SQL Id": 328306525, "Planner Runtime": 7}, "explain_analyze_plan": {"Plan": {"Node Type": "Aggregate", "Strategy": "Plain", "Startup Cost": 62302.06, "Total Cost": 62302.07, "Plan Rows": 1, "Plan Width": 49, "Actual Startup Time": 957.016, "Actual Total Time": 957.016, "Actual Rows": 1, "Actual Loops": 1, "Plans": [{"Node Type": "Nested Loop", "Parent Relationship": "Outer", "Join Type": "Inner", "Startup Cost": 4.61, "Total Cost": 62302.0, "Plan Rows": 24, "Plan Width": 17, "Actual Startup Time": 957.009, "Actual Total Time": 957.009, "Actual Rows": 0, "Actual Loops": 1, "Inner Unique": false, "Join Filter": "(mi.info_type_id = it.id)", "Rows Removed by Join Filter": 0, "Plans": [{"Node Type": "Seq Scan", "Parent Relationship": "Outer", "Relation Name": "info_type", "Alias": "it", "Startup Cost": 0.0, "Total Cost": 2.12, "Plan Rows": 112, "Plan Width": 4, "Actual Startup Time": 0.031, "Actual Total Time": 0.048, "Actual Rows": 112, "Actual Loops": 1}, {"Node Type": "Materialize", "Parent Relationship": "Inner", "Startup Cost": 4.61, "Total Cost": 62259.62, "Plan Rows": 24, "Plan Width": 21, "Actual Startup Time": 956.933, "Actual Total Time": 956.933, "Actual Rows": 0, "Actual Loops": 112, "Plans": [{"Node Type": "Nested Loop", "Parent Relationship": "Outer", "Join Type": "Inner", "Startup Cost": 4.61, "Total Cost": 62259.5, "Plan Rows": 24, "Plan Width": 21, "Actual Startup Time": 956.916, "Actual Total Time": 956.916, "Actual Rows": 0, "Actual Loops": 1, "Inner Unique": true, "Plans": [{"Node Type": "Nested Loop", "Parent Relationship": "Outer", "Join Type": "Inner", "Startup Cost": 4.29, "Total Cost": 62116.08, "Plan Rows": 33, "Plan Width": 12, "Actual Startup Time": 956.914, "Actual Total Time": 956.914, "Actual Rows": 0, "Actual Loops": 1, "Inner Unique": false, "Plans": [{"Node Type": "Nested Loop", "Parent Relationship": "Outer", "Join Type": "Inner", "Startup Cost": 0.0, "Total Cost": 61387.52, "Plan Rows": 30, "Plan Width": 4, "Actual Startup Time": 956.912, "Actual Total Time": 956.912, "Actual Rows": 0, "Actual Loops": 1, "Inner Unique": false, "Join Filter": "(ct.id = mc.company_type_id)", "Rows Removed by Join Filter": 1418, "Plans": [{"Node Type": "Seq Scan", "Parent Relationship": "Outer", "Relation Name": "company_type", "Alias": "ct", "Startup Cost": 0.0, "Total Cost": 1.04, "Plan Rows": 1, "Plan Width": 4, "Actual Startup Time": 0.013, "Actual Total Time": 0.019, "Actual Rows": 1, "Actual Loops": 1, "Filter": "((kind)::text = 'production companies'::text)", "Rows Removed by Filter": 2}, {"Node Type": "Seq Scan", "Parent Relationship": "Inner", "Relation Name": "movie_companies", "Alias": "mc", "Startup Cost": 0.0, "Total Cost": 61385.74, "Plan Rows": 59, "Plan Width": 8, "Actual Startup Time": 3.894, "Actual Total Time": 956.458, "Actual Rows": 1418, "Actual Loops": 1, "Filter": "(((note)::text ~~ '%(VHS)%'::text) AND ((note)::text ~~ '%(USA)%'::text) AND ((note)::text ~~ '%(1994)%'::text))", "Rows Removed by Filter": 2607710}]}, {"Node Type": "Bitmap Heap Scan", "Parent Relationship": "Inner", "Relation Name": "movie_info", "Alias": "mi", "Startup Cost": 4.29, "Total Cost": 24.28, "Plan Rows": 1, "Plan Width": 8, "Actual Startup Time": 0.0, "Actual Total Time": 0.0, "Recheck Cond": "(movie_id = mc.movie_id)", "Rows Removed by Index Recheck": 0, "Filter": "((info)::text = ANY ('{USA,America}'::text[]))", "Rows Removed by Filter": 0, "Exact Heap Blocks": 0, "Lossy Heap Blocks": 0, "Plans": [{"Node Type": "Bitmap Index Scan", "Parent Relationship": "Outer", "Index Name": "movie_id_movie_info", "Startup Cost": 0.0, "Total Cost": 4.29, "Plan Rows": 5, "Plan Width": 0, "Actual Startup Time": 0.0, "Actual Total Time": 0.0, "Index Cond": "(movie_id = mc.movie_id)"}]}]}, {"Node Type": "Bitmap Heap Scan", "Parent Relationship": "Inner", "Relation Name": "title", "Alias": "t", "Startup Cost": 0.32, "Total Cost": 4.34, "Plan Rows": 1, "Plan Width": 21, "Actual Startup Time": 0.0, "Actual Total Time": 0.0, "Recheck Cond": "(id = mi.movie_id)", "Rows Removed by Index Recheck": 0, "Filter": "(production_year > 2010)", "Rows Removed by Filter": 0, "Exact Heap Blocks": 0, "Lossy Heap Blocks": 0, "Plans": [{"Node Type": "Bitmap Index Scan", "Parent Relationship": "Outer", "Index Name": "title_pkey", "Startup Cost": 0.0, "Total Cost": 0.32, "Plan Rows": 1, "Plan Width": 0, "Actual Startup Time": 0.0, "Actual Total Time": 0.0, "Index Cond": "(id = mi.movie_id)"}]}]}]}]}]}, "Triggers": [], "Planner Runtime": 6.588, "Total Runtime": 957.251, "Unique SQL Id": 328306525}}, "(1, '7')": {"explain_plan": {"Plan": {"Node Type": "Aggregate", "Strategy": "Plain", "Startup Cost": 1000011276294.99, "Total Cost": 1000011276295.0, "Plan Rows": 1, "Plan Width": 49, "Plans": [{"Node Type": "Nested Loop", "Parent Relationship": "Outer", "Join Type": "Inner", "Startup Cost": 10000000005.78, "Total Cost": 1000011276294.93, "Plan Rows": 24, "Plan Width": 17, "Inner Unique": true, "Plans": [{"Node Type": "Nested Loop", "Parent Relationship": "Outer", "Join Type": "Inner", "Startup Cost": 10000000005.38, "Total Cost": 1000011276078.43, "Plan Rows": 49, "Plan Width": 21, "Inner Unique": true, "Plans": [{"Node Type": "Nested Loop", "Parent Relationship": "Outer", "Join Type": "Inner", "Startup Cost": 10000000005.13, "Total Cost": 1000011275868.7, "Plan Rows": 49, "Plan Width": 25, "Inner Unique": false, "Plans": [{"Node Type": "Nested Loop", "Parent Relationship": "Outer", "Join Type": "Inner", "Startup Cost": 10000000004.26, "Total Cost": 1000011275551.68, "Plan Rows": 64, "Plan Width": 29, "Inner Unique": true, "Plans": [{"Node Type": "Index Scan", "Parent Relationship": "Outer", "Scan Direction": "Forward", "Index Name": "company_type_id_movie_companies", "Relation Name": "movie_companies", "Alias": "mc", "Startup Cost": 10000000000.0, "Total Cost": 1000011275063.0, "Plan Rows": 59, "Plan Width": 8, "Filter": "(((note)::text ~~ '%(VHS)%'::text) AND ((note)::text ~~ '%(USA)%'::text) AND ((note)::text ~~ '%(1994)%'::text))"}, {"Node Type": "Bitmap Heap Scan", "Parent Relationship": "Inner", "Relation Name": "title", "Alias": "t", "Startup Cost": 4.26, "Total Cost": 8.27, "Plan Rows": 1, "Plan Width": 21, "Recheck Cond": "(id = mc.movie_id)", "Filter": "(production_year > 2010)", "Plans": [{"Node Type": "Bitmap Index Scan", "Parent Relationship": "Outer", "Index Name": "title_pkey", "Startup Cost": 0.0, "Total Cost": 4.26, "Plan Rows": 1, "Plan Width": 0, "Index Cond": "(id = mc.movie_id)"}]}]}, {"Node Type": "Bitmap Heap Scan", "Parent Relationship": "Inner", "Relation Name": "movie_info", "Alias": "mi", "Startup Cost": 0.87, "Total Cost": 4.94, "Plan Rows": 1, "Plan Width": 8, "Recheck Cond": "(movie_id = t.id)", "Filter": "((info)::text = ANY ('{USA,America}'::text[]))", "Plans": [{"Node Type": "Bitmap Index Scan", "Parent Relationship": "Outer", "Index Name": "movie_id_movie_info", "Startup Cost": 0.0, "Total Cost": 0.87, "Plan Rows": 5, "Plan Width": 0, "Index Cond": "(movie_id = t.id)"}]}]}, {"Node Type": "Bitmap Heap Scan", "Parent Relationship": "Inner", "Relation Name": "info_type", "Alias": "it", "Startup Cost": 0.26, "Total Cost": 4.27, "Plan Rows": 1, "Plan Width": 4, "Recheck Cond": "(id = mi.info_type_id)", "Plans": [{"Node Type": "Bitmap Index Scan", "Parent Relationship": "Outer", "Index Name": "info_type_pkey", "Startup Cost": 0.0, "Total Cost": 0.26, "Plan Rows": 1, "Plan Width": 0, "Index Cond": "(id = mi.info_type_id)"}]}]}, {"Node Type": "Bitmap Heap Scan", "Parent Relationship": "Inner", "Relation Name": "company_type", "Alias": "ct", "Startup Cost": 0.39, "Total Cost": 4.41, "Plan Rows": 1, "Plan Width": 4, "Recheck Cond": "(id = mc.company_type_id)", "Filter": "((kind)::text = 'production companies'::text)", "Plans": [{"Node Type": "Bitmap Index Scan", "Parent Relationship": "Outer", "Index Name": "company_type_pkey", "Startup Cost": 0.0, "Total Cost": 0.39, "Plan Rows": 1, "Plan Width": 0, "Index Cond": "(id = mc.company_type_id)"}]}]}]}, "Unique SQL Id": 328306525, "Planner Runtime": 5}, "explain_analyze_plan": {"Plan": {"Node Type": "Aggregate", "Strategy": "Plain", "Startup Cost": 1000011276294.99, "Total Cost": 1000011276295.0, "Plan Rows": 1, "Plan Width": 49, "Actual Startup Time": 1689.858, "Actual Total Time": 1689.858, "Actual Rows": 1, "Actual Loops": 1, "Plans": [{"Node Type": "Nested Loop", "Parent Relationship": "Outer", "Join Type": "Inner", "Startup Cost": 10000000005.78, "Total Cost": 1000011276294.93, "Plan Rows": 24, "Plan Width": 17, "Actual Startup Time": 1689.851, "Actual Total Time": 1689.851, "Actual Rows": 0, "Actual Loops": 1, "Inner Unique": true, "Plans": [{"Node Type": "Nested Loop", "Parent Relationship": "Outer", "Join Type": "Inner", "Startup Cost": 10000000005.38, "Total Cost": 1000011276078.43, "Plan Rows": 49, "Plan Width": 21, "Actual Startup Time": 1689.849, "Actual Total Time": 1689.849, "Actual Rows": 0, "Actual Loops": 1, "Inner Unique": true, "Plans": [{"Node Type": "Nested Loop", "Parent Relationship": "Outer", "Join Type": "Inner", "Startup Cost": 10000000005.13, "Total Cost": 1000011275868.7, "Plan Rows": 49, "Plan Width": 25, "Actual Startup Time": 1689.847, "Actual Total Time": 1689.847, "Actual Rows": 0, "Actual Loops": 1, "Inner Unique": false, "Plans": [{"Node Type": "Nested Loop", "Parent Relationship": "Outer", "Join Type": "Inner", "Startup Cost": 10000000004.26, "Total Cost": 1000011275551.68, "Plan Rows": 64, "Plan Width": 29, "Actual Startup Time": 1689.843, "Actual Total Time": 1689.843, "Actual Rows": 0, "Actual Loops": 1, "Inner Unique": true, "Plans": [{"Node Type": "Index Scan", "Parent Relationship": "Outer", "Scan Direction": "Forward", "Index Name": "company_type_id_movie_companies", "Relation Name": "movie_companies", "Alias": "mc", "Startup Cost": 10000000000.0, "Total Cost": 1000011275063.0, "Plan Rows": 59, "Plan Width": 8, "Actual Startup Time": 6.155, "Actual Total Time": 1673.67, "Actual Rows": 1418, "Actual Loops": 1, "Filter": "(((note)::text ~~ '%(VHS)%'::text) AND ((note)::text ~~ '%(USA)%'::text) AND ((note)::text ~~ '%(1994)%'::text))", "Rows Removed by Filter": 2607710}, {"Node Type": "Bitmap Heap Scan", "Parent Relationship": "Inner", "Relation Name": "title", "Alias": "t", "Startup Cost": 4.26, "Total Cost": 8.27, "Plan Rows": 1, "Plan Width": 21, "Actual Startup Time": 13.912, "Actual Total Time": 13.912, "Actual Rows": 0, "Actual Loops": 1418, "Recheck Cond": "(id = mc.movie_id)", "Rows Removed by Index Recheck": 0, "Filter": "(production_year > 2010)", "Rows Removed by Filter": 1418, "Exact Heap Blocks": 1418, "Lossy Heap Blocks": 1418, "Plans": [{"Node Type": "Bitmap Index Scan", "Parent Relationship": "Outer", "Index Name": "title_pkey", "Startup Cost": 0.0, "Total Cost": 4.26, "Plan Rows": 1, "Plan Width": 0, "Actual Startup Time": 7.738, "Actual Total Time": 7.738, "Actual Rows": 1418, "Actual Loops": 1418, "Index Cond": "(id = mc.movie_id)"}]}]}, {"Node Type": "Bitmap Heap Scan", "Parent Relationship": "Inner", "Relation Name": "movie_info", "Alias": "mi", "Startup Cost": 0.87, "Total Cost": 4.94, "Plan Rows": 1, "Plan Width": 8, "Actual Startup Time": 0.0, "Actual Total Time": 0.0, "Recheck Cond": "(movie_id = t.id)", "Rows Removed by Index Recheck": 0, "Filter": "((info)::text = ANY ('{USA,America}'::text[]))", "Rows Removed by Filter": 0, "Exact Heap Blocks": 0, "Lossy Heap Blocks": 0, "Plans": [{"Node Type": "Bitmap Index Scan", "Parent Relationship": "Outer", "Index Name": "movie_id_movie_info", "Startup Cost": 0.0, "Total Cost": 0.87, "Plan Rows": 5, "Plan Width": 0, "Actual Startup Time": 0.0, "Actual Total Time": 0.0, "Index Cond": "(movie_id = t.id)"}]}]}, {"Node Type": "Bitmap Heap Scan", "Parent Relationship": "Inner", "Relation Name": "info_type", "Alias": "it", "Startup Cost": 0.26, "Total Cost": 4.27, "Plan Rows": 1, "Plan Width": 4, "Actual Startup Time": 0.0, "Actual Total Time": 0.0, "Recheck Cond": "(id = mi.info_type_id)", "Rows Removed by Index Recheck": 0, "Exact Heap Blocks": 0, "Lossy Heap Blocks": 0, "Plans": [{"Node Type": "Bitmap Index Scan", "Parent Relationship": "Outer", "Index Name": "info_type_pkey", "Startup Cost": 0.0, "Total Cost": 0.26, "Plan Rows": 1, "Plan Width": 0, "Actual Startup Time": 0.0, "Actual Total Time": 0.0, "Index Cond": "(id = mi.info_type_id)"}]}]}, {"Node Type": "Bitmap Heap Scan", "Parent Relationship": "Inner", "Relation Name": "company_type", "Alias": "ct", "Startup Cost": 0.39, "Total Cost": 4.41, "Plan Rows": 1, "Plan Width": 4, "Actual Startup Time": 0.0, "Actual Total Time": 0.0, "Recheck Cond": "(id = mc.company_type_id)", "Rows Removed by Index Recheck": 0, "Filter": "((kind)::text = 'production companies'::text)", "Rows Removed by Filter": 0, "Exact Heap Blocks": 0, "Lossy Heap Blocks": 0, "Plans": [{"Node Type": "Bitmap Index Scan", "Parent Relationship": "Outer", "Index Name": "company_type_pkey", "Startup Cost": 0.0, "Total Cost": 0.39, "Plan Rows": 1, "Plan Width": 0, "Actual Startup Time": 0.0, "Actual Total Time": 0.0, "Index Cond": "(id = mc.company_type_id)"}]}]}]}, "Triggers": [], "Planner Runtime": 5.044, "Total Runtime": 1690.156, "Unique SQL Id": 328306525}}, "(1, '8')": {"explain_plan": {"Plan": {"Node Type": "Aggregate", "Strategy": "Plain", "Startup Cost": 61721.76, "Total Cost": 61721.77, "Plan Rows": 1, "Plan Width": 49, "Plans": [{"Node Type": "Nested Loop", "Parent Relationship": "Outer", "Join Type": "Inner", "Startup Cost": 0.0, "Total Cost": 61721.7, "Plan Rows": 24, "Plan Width": 17, "Inner Unique": true, "Plans": [{"Node Type": "Nested Loop", "Parent Relationship": "Outer", "Join Type": "Inner", "Startup Cost": 0.0, "Total Cost": 61714.98, "Plan Rows": 24, "Plan Width": 21, "Inner Unique": false, "Plans": [{"Node Type": "Nested Loop", "Parent Relationship": "Outer", "Join Type": "Inner", "Startup Cost": 0.0, "Total Cost": 61635.99, "Plan Rows": 32, "Plan Width": 25, "Inner Unique": true, "Plans": [{"Node Type": "Nested Loop", "Parent Relationship": "Outer", "Join Type": "Inner", "Startup Cost": 0.0, "Total Cost": 61387.52, "Plan Rows": 30, "Plan Width": 4, "Inner Unique": false, "Join Filter": "(ct.id = mc.company_type_id)", "Plans": [{"Node Type": "Seq Scan", "Parent Relationship": "Outer", "Relation Name": "company_type", "Alias": "ct", "Startup Cost": 0.0, "Total Cost": 1.04, "Plan Rows": 1, "Plan Width": 4, "Filter": "((kind)::text = 'production companies'::text)"}, {"Node Type": "Seq Scan", "Parent Relationship": "Inner", "Relation Name": "movie_companies", "Alias": "mc", "Startup Cost": 0.0, "Total Cost": 61385.74, "Plan Rows": 59, "Plan Width": 8, "Filter": "(((note)::text ~~ '%(VHS)%'::text) AND ((note)::text ~~ '%(USA)%'::text) AND ((note)::text ~~ '%(1994)%'::text))"}]}, {"Node Type": "Index Scan", "Parent Relationship": "Inner", "Scan Direction": "Forward", "Index Name": "title_pkey", "Relation Name": "title", "Alias": "t", "Startup Cost": 0.0, "Total Cost": 8.27, "Plan Rows": 1, "Plan Width": 21, "Index Cond": "(id = mc.movie_id)", "Filter": "(production_year > 2010)"}]}, {"Node Type": "Index Scan", "Parent Relationship": "Inner", "Scan Direction": "Forward", "Index Name": "movie_id_movie_info", "Relation Name": "movie_info", "Alias": "mi", "Startup Cost": 0.0, "Total Cost": 2.46, "Plan Rows": 1, "Plan Width": 8, "Index Cond": "(movie_id = t.id)", "Filter": "((info)::text = ANY ('{USA,America}'::text[]))"}]}, {"Node Type": "Index Only Scan", "Parent Relationship": "Inner", "Scan Direction": "Forward", "Index Name": "info_type_pkey", "Relation Name": "info_type", "Alias": "it", "Startup Cost": 0.0, "Total Cost": 0.27, "Plan Rows": 1, "Plan Width": 4, "Index Cond": "(id = mi.info_type_id)"}]}]}, "Unique SQL Id": 328306525, "Planner Runtime": 7}, "explain_analyze_plan": {"Plan": {"Node Type": "Aggregate", "Strategy": "Plain", "Startup Cost": 61721.76, "Total Cost": 61721.77, "Plan Rows": 1, "Plan Width": 49, "Actual Startup Time": 946.595, "Actual Total Time": 946.596, "Actual Rows": 1, "Actual Loops": 1, "Plans": [{"Node Type": "Nested Loop", "Parent Relationship": "Outer", "Join Type": "Inner", "Startup Cost": 0.0, "Total Cost": 61721.7, "Plan Rows": 24, "Plan Width": 17, "Actual Startup Time": 946.584, "Actual Total Time": 946.584, "Actual Rows": 0, "Actual Loops": 1, "Inner Unique": true, "Plans": [{"Node Type": "Nested Loop", "Parent Relationship": "Outer", "Join Type": "Inner", "Startup Cost": 0.0, "Total Cost": 61714.98, "Plan Rows": 24, "Plan Width": 21, "Actual Startup Time": 946.583, "Actual Total Time": 946.583, "Actual Rows": 0, "Actual Loops": 1, "Inner Unique": false, "Plans": [{"Node Type": "Nested Loop", "Parent Relationship": "Outer", "Join Type": "Inner", "Startup Cost": 0.0, "Total Cost": 61635.99, "Plan Rows": 32, "Plan Width": 25, "Actual Startup Time": 946.582, "Actual Total Time": 946.582, "Actual Rows": 0, "Actual Loops": 1, "Inner Unique": true, "Plans": [{"Node Type": "Nested Loop", "Parent Relationship": "Outer", "Join Type": "Inner", "Startup Cost": 0.0, "Total Cost": 61387.52, "Plan Rows": 30, "Plan Width": 4, "Actual Startup Time": 946.58, "Actual Total Time": 946.58, "Actual Rows": 0, "Actual Loops": 1, "Inner Unique": false, "Join Filter": "(ct.id = mc.company_type_id)", "Rows Removed by Join Filter": 1418, "Plans": [{"Node Type": "Seq Scan", "Parent Relationship": "Outer", "Relation Name": "company_type", "Alias": "ct", "Startup Cost": 0.0, "Total Cost": 1.04, "Plan Rows": 1, "Plan Width": 4, "Actual Startup Time": 0.025, "Actual Total Time": 0.03, "Actual Rows": 1, "Actual Loops": 1, "Filter": "((kind)::text = 'production companies'::text)", "Rows Removed by Filter": 2}, {"Node Type": "Seq Scan", "Parent Relationship": "Inner", "Relation Name": "movie_companies", "Alias": "mc", "Startup Cost": 0.0, "Total Cost": 61385.74, "Plan Rows": 59, "Plan Width": 8, "Actual Startup Time": 3.943, "Actual Total Time": 946.12, "Actual Rows": 1418, "Actual Loops": 1, "Filter": "(((note)::text ~~ '%(VHS)%'::text) AND ((note)::text ~~ '%(USA)%'::text) AND ((note)::text ~~ '%(1994)%'::text))", "Rows Removed by Filter": 2607710}]}, {"Node Type": "Index Scan", "Parent Relationship": "Inner", "Scan Direction": "Forward", "Index Name": "title_pkey", "Relation Name": "title", "Alias": "t", "Startup Cost": 0.0, "Total Cost": 8.27, "Plan Rows": 1, "Plan Width": 21, "Actual Startup Time": 0.0, "Actual Total Time": 0.0, "Index Cond": "(id = mc.movie_id)", "Rows Removed by Index Recheck": 0, "Filter": "(production_year > 2010)", "Rows Removed by Filter": 0}]}, {"Node Type": "Index Scan", "Parent Relationship": "Inner", "Scan Direction": "Forward", "Index Name": "movie_id_movie_info", "Relation Name": "movie_info", "Alias": "mi", "Startup Cost": 0.0, "Total Cost": 2.46, "Plan Rows": 1, "Plan Width": 8, "Actual Startup Time": 0.0, "Actual Total Time": 0.0, "Index Cond": "(movie_id = t.id)", "Rows Removed by Index Recheck": 0, "Filter": "((info)::text = ANY ('{USA,America}'::text[]))", "Rows Removed by Filter": 0}]}, {"Node Type": "Index Only Scan", "Parent Relationship": "Inner", "Scan Direction": "Forward", "Index Name": "info_type_pkey", "Relation Name": "info_type", "Alias": "it", "Startup Cost": 0.0, "Total Cost": 0.27, "Plan Rows": 1, "Plan Width": 4, "Actual Startup Time": 0.0, "Actual Total Time": 0.0, "Index Cond": "(id = mi.info_type_id)", "Rows Removed by Index Recheck": 0, "Heap Fetches": 0}]}]}, "Triggers": [], "Planner Runtime": 7.558, "Total Runtime": 946.851, "Unique SQL Id": 328306525}}, "(1, '9')": {"explain_plan": {"Plan": {"Node Type": "Aggregate", "Strategy": "Plain", "Startup Cost": 63248.6, "Total Cost": 63248.61, "Plan Rows": 1, "Plan Width": 49, "Plans": [{"Node Type": "Nested Loop", "Parent Relationship": "Outer", "Join Type": "Inner", "Startup Cost": 0.0, "Total Cost": 63248.54, "Plan Rows": 24, "Plan Width": 17, "Inner Unique": true, "Plans": [{"Node Type": "Nested Loop", "Parent Relationship": "Outer", "Join Type": "Inner", "Startup Cost": 0.0, "Total Cost": 63241.82, "Plan Rows": 24, "Plan Width": 21, "Inner Unique": false, "Plans": [{"Node Type": "Nested Loop", "Parent Relationship": "Outer", "Join Type": "Inner", "Startup Cost": 0.0, "Total Cost": 63162.83, "Plan Rows": 32, "Plan Width": 25, "Inner Unique": true, "Plans": [{"Node Type": "Nested Loop", "Parent Relationship": "Outer", "Join Type": "Inner", "Startup Cost": 0.0, "Total Cost": 62914.35, "Plan Rows": 30, "Plan Width": 4, "Inner Unique": false, "Plans": [{"Node Type": "Index Scan", "Parent Relationship": "Outer", "Scan Direction": "Forward", "Index Name": "company_type_pkey", "Relation Name": "company_type", "Alias": "ct", "Startup Cost": 0.0, "Total Cost": 12.3, "Plan Rows": 1, "Plan Width": 4, "Filter": "((kind)::text = 'production companies'::text)"}, {"Node Type": "Index Scan", "Parent Relationship": "Inner", "Scan Direction": "Forward", "Index Name": "company_type_id_movie_companies", "Relation Name": "movie_companies", "Alias": "mc", "Startup Cost": 0.0, "Total Cost": 62901.76, "Plan Rows": 29, "Plan Width": 8, "Index Cond": "(company_type_id = ct.id)", "Filter": "(((note)::text ~~ '%(VHS)%'::text) AND ((note)::text ~~ '%(USA)%'::text) AND ((note)::text ~~ '%(1994)%'::text))"}]}, {"Node Type": "Index Scan", "Parent Relationship": "Inner", "Scan Direction": "Forward", "Index Name": "title_pkey", "Relation Name": "title", "Alias": "t", "Startup Cost": 0.0, "Total Cost": 8.27, "Plan Rows": 1, "Plan Width": 21, "Index Cond": "(id = mc.movie_id)", "Filter": "(production_year > 2010)"}]}, {"Node Type": "Index Scan", "Parent Relationship": "Inner", "Scan Direction": "Forward", "Index Name": "movie_id_movie_info", "Relation Name": "movie_info", "Alias": "mi", "Startup Cost": 0.0, "Total Cost": 2.46, "Plan Rows": 1, "Plan Width": 8, "Index Cond": "(movie_id = t.id)", "Filter": "((info)::text = ANY ('{USA,America}'::text[]))"}]}, {"Node Type": "Index Only Scan", "Parent Relationship": "Inner", "Scan Direction": "Forward", "Index Name": "info_type_pkey", "Relation Name": "info_type", "Alias": "it", "Startup Cost": 0.0, "Total Cost": 0.27, "Plan Rows": 1, "Plan Width": 4, "Index Cond": "(id = mi.info_type_id)"}]}]}, "Unique SQL Id": 328306525, "Planner Runtime": 7}, "explain_analyze_plan": {"Plan": {"Node Type": "Aggregate", "Strategy": "Plain", "Startup Cost": 63248.6, "Total Cost": 63248.61, "Plan Rows": 1, "Plan Width": 49, "Actual Startup Time": 640.136, "Actual Total Time": 640.136, "Actual Rows": 1, "Actual Loops": 1, "Plans": [{"Node Type": "Nested Loop", "Parent Relationship": "Outer", "Join Type": "Inner", "Startup Cost": 0.0, "Total Cost": 63248.54, "Plan Rows": 24, "Plan Width": 17, "Actual Startup Time": 640.125, "Actual Total Time": 640.125, "Actual Rows": 0, "Actual Loops": 1, "Inner Unique": true, "Plans": [{"Node Type": "Nested Loop", "Parent Relationship": "Outer", "Join Type": "Inner", "Startup Cost": 0.0, "Total Cost": 63241.82, "Plan Rows": 24, "Plan Width": 21, "Actual Startup Time": 640.123, "Actual Total Time": 640.123, "Actual Rows": 0, "Actual Loops": 1, "Inner Unique": false, "Plans": [{"Node Type": "Nested Loop", "Parent Relationship": "Outer", "Join Type": "Inner", "Startup Cost": 0.0, "Total Cost": 63162.83, "Plan Rows": 32, "Plan Width": 25, "Actual Startup Time": 640.123, "Actual Total Time": 640.123, "Actual Rows": 0, "Actual Loops": 1, "Inner Unique": true, "Plans": [{"Node Type": "Nested Loop", "Parent Relationship": "Outer", "Join Type": "Inner", "Startup Cost": 0.0, "Total Cost": 62914.35, "Plan Rows": 30, "Plan Width": 4, "Actual Startup Time": 640.122, "Actual Total Time": 640.122, "Actual Rows": 0, "Actual Loops": 1, "Inner Unique": false, "Plans": [{"Node Type": "Index Scan", "Parent Relationship": "Outer", "Scan Direction": "Forward", "Index Name": "company_type_pkey", "Relation Name": "company_type", "Alias": "ct", "Startup Cost": 0.0, "Total Cost": 12.3, "Plan Rows": 1, "Plan Width": 4, "Actual Startup Time": 0.026, "Actual Total Time": 0.033, "Actual Rows": 1, "Actual Loops": 1, "Filter": "((kind)::text = 'production companies'::text)", "Rows Removed by Filter": 2}, {"Node Type": "Index Scan", "Parent Relationship": "Inner", "Scan Direction": "Forward", "Index Name": "company_type_id_movie_companies", "Relation Name": "movie_companies", "Alias": "mc", "Startup Cost": 0.0, "Total Cost": 62901.76, "Plan Rows": 29, "Plan Width": 8, "Actual Startup Time": 640.079, "Actual Total Time": 640.079, "Actual Rows": 0, "Actual Loops": 1, "Index Cond": "(company_type_id = ct.id)", "Rows Removed by Index Recheck": 0, "Filter": "(((note)::text ~~ '%(VHS)%'::text) AND ((note)::text ~~ '%(USA)%'::text) AND ((note)::text ~~ '%(1994)%'::text))", "Rows Removed by Filter": 1334883}]}, {"Node Type": "Index Scan", "Parent Relationship": "Inner", "Scan Direction": "Forward", "Index Name": "title_pkey", "Relation Name": "title", "Alias": "t", "Startup Cost": 0.0, "Total Cost": 8.27, "Plan Rows": 1, "Plan Width": 21, "Actual Startup Time": 0.0, "Actual Total Time": 0.0, "Index Cond": "(id = mc.movie_id)", "Rows Removed by Index Recheck": 0, "Filter": "(production_year > 2010)", "Rows Removed by Filter": 0}]}, {"Node Type": "Index Scan", "Parent Relationship": "Inner", "Scan Direction": "Forward", "Index Name": "movie_id_movie_info", "Relation Name": "movie_info", "Alias": "mi", "Startup Cost": 0.0, "Total Cost": 2.46, "Plan Rows": 1, "Plan Width": 8, "Actual Startup Time": 0.0, "Actual Total Time": 0.0, "Index Cond": "(movie_id = t.id)", "Rows Removed by Index Recheck": 0, "Filter": "((info)::text = ANY ('{USA,America}'::text[]))", "Rows Removed by Filter": 0}]}, {"Node Type": "Index Only Scan", "Parent Relationship": "Inner", "Scan Direction": "Forward", "Index Name": "info_type_pkey", "Relation Name": "info_type", "Alias": "it", "Startup Cost": 0.0, "Total Cost": 0.27, "Plan Rows": 1, "Plan Width": 4, "Actual Startup Time": 0.0, "Actual Total Time": 0.0, "Index Cond": "(id = mi.info_type_id)", "Rows Removed by Index Recheck": 0, "Heap Fetches": 0}]}]}, "Triggers": [], "Planner Runtime": 7.646, "Total Runtime": 640.429, "Unique SQL Id": 328306525}}, "(1, '10')": {"explain_plan": {"Plan": {"Node Type": "Aggregate", "Strategy": "Plain", "Startup Cost": 467205.91, "Total Cost": 467205.92, "Plan Rows": 1, "Plan Width": 49, "Plans": [{"Node Type": "Nested Loop", "Parent Relationship": "Outer", "Join Type": "Inner", "Startup Cost": 130807.06, "Total Cost": 467205.85, "Plan Rows": 24, "Plan Width": 17, "Inner Unique": false, "Join Filter": "(mi.info_type_id = it.id)", "Plans": [{"Node Type": "Seq Scan", "Parent Relationship": "Outer", "Relation Name": "info_type", "Alias": "it", "Startup Cost": 0.0, "Total Cost": 2.12, "Plan Rows": 112, "Plan Width": 4}, {"Node Type": "Materialize", "Parent Relationship": "Inner", "Startup Cost": 130807.06, "Total Cost": 467163.47, "Plan Rows": 24, "Plan Width": 21, "Plans": [{"Node Type": "Hash Join", "Parent Relationship": "Outer", "Join Type": "Inner", "Startup Cost": 130807.06, "Total Cost": 467163.35, "Plan Rows": 24, "Plan Width": 21, "Inner Unique": false, "Hash Cond": "(mi.movie_id = t.id)", "Plans": [{"Node Type": "Seq Scan", "Parent Relationship": "Outer", "Relation Name": "movie_info", "Alias": "mi", "Startup Cost": 0.0, "Total Cost": 334162.58, "Plan Rows": 584897, "Plan Width": 8, "Filter": "((info)::text = ANY ('{USA,America}'::text[]))"}, {"Node Type": "Hash", "Parent Relationship": "Inner", "Startup Cost": 130806.66, "Total Cost": 130806.66, "Plan Rows": 32, "Plan Width": 25, "Plans": [{"Node Type": "Hash Join", "Parent Relationship": "Outer", "Join Type": "Inner", "Startup Cost": 61387.89, "Total Cost": 130806.66, "Plan Rows": 32, "Plan Width": 25, "Inner Unique": false, "Hash Cond": "(t.id = mc.movie_id)", "Plans": [{"Node Type": "Seq Scan", "Parent Relationship": "Outer", "Relation Name": "title", "Alias": "t", "Startup Cost": 0.0, "Total Cost": 66389.89, "Plan Rows": 391451, "Plan Width": 21, "Filter": "(production_year > 2010), (LLVM Optimized)"}, {"Node Type": "Hash", "Parent Relationship": "Inner", "Startup Cost": 61387.52, "Total Cost": 61387.52, "Plan Rows": 30, "Plan Width": 4, "Plans": [{"Node Type": "Nested Loop", "Parent Relationship": "Outer", "Join Type": "Inner", "Startup Cost": 0.0, "Total Cost": 61387.52, "Plan Rows": 30, "Plan Width": 4, "Inner Unique": false, "Join Filter": "(ct.id = mc.company_type_id)", "Plans": [{"Node Type": "Seq Scan", "Parent Relationship": "Outer", "Relation Name": "company_type", "Alias": "ct", "Startup Cost": 0.0, "Total Cost": 1.04, "Plan Rows": 1, "Plan Width": 4, "Filter": "((kind)::text = 'production companies'::text)"}, {"Node Type": "Seq Scan", "Parent Relationship": "Inner", "Relation Name": "movie_companies", "Alias": "mc", "Startup Cost": 0.0, "Total Cost": 61385.74, "Plan Rows": 59, "Plan Width": 8, "Filter": "(((note)::text ~~ '%(VHS)%'::text) AND ((note)::text ~~ '%(USA)%'::text) AND ((note)::text ~~ '%(1994)%'::text))"}]}]}]}]}]}]}]}]}, "Unique SQL Id": 328306525, "Planner Runtime": 7}, "explain_analyze_plan": {"Plan": {"Node Type": "Aggregate", "Strategy": "Plain", "Startup Cost": 467205.91, "Total Cost": 467205.92, "Plan Rows": 1, "Plan Width": 49, "Actual Startup Time": 1400.015, "Actual Total Time": 1400.016, "Actual Rows": 1, "Actual Loops": 1, "Plans": [{"Node Type": "Nested Loop", "Parent Relationship": "Outer", "Join Type": "Inner", "Startup Cost": 130807.06, "Total Cost": 467205.85, "Plan Rows": 24, "Plan Width": 17, "Actual Startup Time": 1400.008, "Actual Total Time": 1400.008, "Actual Rows": 0, "Actual Loops": 1, "Inner Unique": false, "Join Filter": "(mi.info_type_id = it.id)", "Rows Removed by Join Filter": 0, "Plans": [{"Node Type": "Seq Scan", "Parent Relationship": "Outer", "Relation Name": "info_type", "Alias": "it", "Startup Cost": 0.0, "Total Cost": 2.12, "Plan Rows": 112, "Plan Width": 4, "Actual Startup Time": 0.028, "Actual Total Time": 0.062, "Actual Rows": 112, "Actual Loops": 1}, {"Node Type": "Materialize", "Parent Relationship": "Inner", "Startup Cost": 130807.06, "Total Cost": 467163.47, "Plan Rows": 24, "Plan Width": 21, "Actual Startup Time": 1399.904, "Actual Total Time": 1399.904, "Actual Rows": 0, "Actual Loops": 112, "Plans": [{"Node Type": "Hash Join", "Parent Relationship": "Outer", "Join Type": "Inner", "Startup Cost": 130807.06, "Total Cost": 467163.35, "Plan Rows": 24, "Plan Width": 21, "Actual Startup Time": 1399.891, "Actual Total Time": 1399.891, "Actual Rows": 0, "Actual Loops": 1, "Inner Unique": false, "Hash Cond": "(mi.movie_id = t.id)", "Plans": [{"Node Type": "Seq Scan", "Parent Relationship": "Outer", "Relation Name": "movie_info", "Alias": "mi", "Startup Cost": 0.0, "Total Cost": 334162.58, "Plan Rows": 584897, "Plan Width": 8, "Actual Startup Time": 441.269, "Actual Total Time": 441.269, "Actual Rows": 1, "Actual Loops": 1, "Filter": "((info)::text = ANY ('{USA,America}'::text[]))", "Rows Removed by Filter": 1053697}, {"Node Type": "Hash", "Parent Relationship": "Inner", "Startup Cost": 130806.66, "Total Cost": 130806.66, "Plan Rows": 32, "Plan Width": 25, "Actual Startup Time": 958.441, "Actual Total Time": 958.441, "Actual Rows": 0, "Actual Loops": 1, "Hash Buckets": 32768, "Hash Batches": 1, "Original Hash Batches": 1, "Peak Memory Usage": 0, "Plans": [{"Node Type": "Hash Join", "Parent Relationship": "Outer", "Join Type": "Inner", "Startup Cost": 61387.89, "Total Cost": 130806.66, "Plan Rows": 32, "Plan Width": 25, "Actual Startup Time": 958.435, "Actual Total Time": 958.435, "Actual Rows": 0, "Actual Loops": 1, "Inner Unique": false, "Hash Cond": "(t.id = mc.movie_id)", "Plans": [{"Node Type": "Seq Scan", "Parent Relationship": "Outer", "Relation Name": "title", "Alias": "t", "Startup Cost": 0.0, "Total Cost": 66389.89, "Plan Rows": 391451, "Plan Width": 21, "Actual Startup Time": 0.042, "Actual Total Time": 0.042, "Actual Rows": 1, "Actual Loops": 1, "Filter": "(production_year > 2010), (LLVM Optimized, Jit Execute)", "Rows Removed by Filter": 2}, {"Node Type": "Hash", "Parent Relationship": "Inner", "Startup Cost": 61387.52, "Total Cost": 61387.52, "Plan Rows": 30, "Plan Width": 4, "Actual Startup Time": 958.33, "Actual Total Time": 958.33, "Actual Rows": 0, "Actual Loops": 1, "Hash Buckets": 32768, "Hash Batches": 1, "Original Hash Batches": 1, "Peak Memory Usage": 0, "Plans": [{"Node Type": "Nested Loop", "Parent Relationship": "Outer", "Join Type": "Inner", "Startup Cost": 0.0, "Total Cost": 61387.52, "Plan Rows": 30, "Plan Width": 4, "Actual Startup Time": 958.202, "Actual Total Time": 958.202, "Actual Rows": 0, "Actual Loops": 1, "Inner Unique": false, "Join Filter": "(ct.id = mc.company_type_id)", "Rows Removed by Join Filter": 1418, "Plans": [{"Node Type": "Seq Scan", "Parent Relationship": "Outer", "Relation Name": "company_type", "Alias": "ct", "Startup Cost": 0.0, "Total Cost": 1.04, "Plan Rows": 1, "Plan Width": 4, "Actual Startup Time": 0.026, "Actual Total Time": 0.033, "Actual Rows": 1, "Actual Loops": 1, "Filter": "((kind)::text = 'production companies'::text)", "Rows Removed by Filter": 2}, {"Node Type": "Seq Scan", "Parent Relationship": "Inner", "Relation Name": "movie_companies", "Alias": "mc", "Startup Cost": 0.0, "Total Cost": 61385.74, "Plan Rows": 59, "Plan Width": 8, "Actual Startup Time": 3.91, "Actual Total Time": 957.725, "Actual Rows": 1418, "Actual Loops": 1, "Filter": "(((note)::text ~~ '%(VHS)%'::text) AND ((note)::text ~~ '%(USA)%'::text) AND ((note)::text ~~ '%(1994)%'::text))", "Rows Removed by Filter": 2607710}]}]}]}]}]}]}]}]}, "Triggers": [], "Planner Runtime": 7.825, "Total Runtime": 1408.721, "Unique SQL Id": 328306525}}, "(1, '11')": {"explain_plan": {"Plan": {"Node Type": "Aggregate", "Strategy": "Plain", "Startup Cost": 4998574728100.36, "Total Cost": 4998574728100.37, "Plan Rows": 1, "Plan Width": 49, "Plans": [{"Node Type": "Merge Join", "Parent Relationship": "Outer", "Join Type": "Inner", "Startup Cost": 50025290819.16, "Total Cost": 4998574728100.3, "Plan Rows": 24, "Plan Width": 17, "Inner Unique": true, "Merge Cond": "(mi.movie_id = t.id)", "Plans": [{"Node Type": "Nested Loop", "Parent Relationship": "Outer", "Join Type": "Inner", "Startup Cost": 40000000000.0, "Total Cost": 3999263638685.42, "Plan Rows": 33, "Plan Width": 8, "Inner Unique": true, "Join Filter": "(mc.company_type_id = ct.id)", "Plans": [{"Node Type": "Merge Join", "Parent Relationship": "Outer", "Join Type": "Inner", "Startup Cost": 30000000000.0, "Total Cost": 2999263637454.18, "Plan Rows": 66, "Plan Width": 12, "Inner Unique": false, "Merge Cond": "(mi.movie_id = mc.movie_id)", "Plans": [{"Node Type": "Nested Loop", "Parent Relationship": "Outer", "Join Type": "Inner", "Startup Cost": 20000000000.0, "Total Cost": 2000108518023.96, "Plan Rows": 584897, "Plan Width": 4, "Inner Unique": true, "Join Filter": "(it.id = mi.info_type_id), (LLVM Optimized)", "Plans": [{"Node Type": "Index Scan", "Parent Relationship": "Outer", "Scan Direction": "Forward", "Index Name": "movie_id_movie_info", "Relation Name": "movie_info", "Alias": "mi", "Startup Cost": 10000000000.0, "Total Cost": 1000107534403.72, "Plan Rows": 584897, "Plan Width": 8, "Filter": "((info)::text = ANY ('{USA,America}'::text[]))"}, {"Node Type": "Materialize", "Parent Relationship": "Inner", "Startup Cost": 10000000000.0, "Total Cost": 1000000000993.56, "Plan Rows": 112, "Plan Width": 4, "Plans": [{"Node Type": "Index Only Scan", "Parent Relationship": "Outer", "Scan Direction": "Forward", "Index Name": "info_type_pkey", "Relation Name": "info_type", "Alias": "it", "Startup Cost": 10000000000.0, "Total Cost": 1000000000993.0, "Plan Rows": 112, "Plan Width": 4}]}]}, {"Node Type": "Materialize", "Parent Relationship": "Inner", "Startup Cost": 10000000000.0, "Total Cost": 1000015008792.28, "Plan Rows": 59, "Plan Width": 8, "Plans": [{"Node Type": "Index Scan", "Parent Relationship": "Outer", "Scan Direction": "Forward", "Index Name": "movie_id_movie_companies", "Relation Name": "movie_companies", "Alias": "mc", "Startup Cost": 10000000000.0, "Total Cost": 1000015008792.13, "Plan Rows": 59, "Plan Width": 8, "Filter": "(((note)::text ~~ '%(VHS)%'::text) AND ((note)::text ~~ '%(USA)%'::text) AND ((note)::text ~~ '%(1994)%'::text))"}]}]}, {"Node Type": "Materialize", "Parent Relationship": "Inner", "Startup Cost": 10000000000.0, "Total Cost": 1000000001230.26, "Plan Rows": 1, "Plan Width": 4, "Plans": [{"Node Type": "Index Scan", "Parent Relationship": "Outer", "Scan Direction": "Forward", "Index Name": "company_type_pkey", "Relation Name": "company_type", "Alias": "ct", "Startup Cost": 10000000000.0, "Total Cost": 1000000001230.25, "Plan Rows": 1, "Plan Width": 4, "Filter": "((kind)::text = 'production companies'::text)"}]}]}, {"Node Type": "Index Scan", "Parent Relationship": "Inner", "Scan Direction": "Forward", "Index Name": "title_pkey", "Relation Name": "title", "Alias": "t", "Startup Cost": 10000000000.0, "Total Cost": 1000011644126.66, "Plan Rows": 391451, "Plan Width": 21, "Filter": "(production_year > 2010), (LLVM Optimized)"}]}]}, "Unique SQL Id": 328306525, "Planner Runtime": 10}, "explain_analyze_plan": null}, "(1, '12')": {"explain_plan": {"Plan": {"Node Type": "Aggregate", "Strategy": "Plain", "Startup Cost": 61721.76, "Total Cost": 61721.77, "Plan Rows": 1, "Plan Width": 49, "Plans": [{"Node Type": "Nested Loop", "Parent Relationship": "Outer", "Join Type": "Inner", "Startup Cost": 0.0, "Total Cost": 61721.7, "Plan Rows": 24, "Plan Width": 17, "Inner Unique": true, "Plans": [{"Node Type": "Nested Loop", "Parent Relationship": "Outer", "Join Type": "Inner", "Startup Cost": 0.0, "Total Cost": 61714.98, "Plan Rows": 24, "Plan Width": 21, "Inner Unique": false, "Plans": [{"Node Type": "Nested Loop", "Parent Relationship": "Outer", "Join Type": "Inner", "Startup Cost": 0.0, "Total Cost": 61635.99, "Plan Rows": 32, "Plan Width": 25, "Inner Unique": true, "Plans": [{"Node Type": "Nested Loop", "Parent Relationship": "Outer", "Join Type": "Inner", "Startup Cost": 0.0, "Total Cost": 61387.52, "Plan Rows": 30, "Plan Width": 4, "Inner Unique": false, "Join Filter": "(ct.id = mc.company_type_id)", "Plans": [{"Node Type": "Seq Scan", "Parent Relationship": "Outer", "Relation Name": "company_type", "Alias": "ct", "Startup Cost": 0.0, "Total Cost": 1.04, "Plan Rows": 1, "Plan Width": 4, "Filter": "((kind)::text = 'production companies'::text)"}, {"Node Type": "Seq Scan", "Parent Relationship": "Inner", "Relation Name": "movie_companies", "Alias": "mc", "Startup Cost": 0.0, "Total Cost": 61385.74, "Plan Rows": 59, "Plan Width": 8, "Filter": "(((note)::text ~~ '%(VHS)%'::text) AND ((note)::text ~~ '%(USA)%'::text) AND ((note)::text ~~ '%(1994)%'::text))"}]}, {"Node Type": "Index Scan", "Parent Relationship": "Inner", "Scan Direction": "Forward", "Index Name": "title_pkey", "Relation Name": "title", "Alias": "t", "Startup Cost": 0.0, "Total Cost": 8.27, "Plan Rows": 1, "Plan Width": 21, "Index Cond": "(id = mc.movie_id)", "Filter": "(production_year > 2010)"}]}, {"Node Type": "Index Scan", "Parent Relationship": "Inner", "Scan Direction": "Forward", "Index Name": "movie_id_movie_info", "Relation Name": "movie_info", "Alias": "mi", "Startup Cost": 0.0, "Total Cost": 2.46, "Plan Rows": 1, "Plan Width": 8, "Index Cond": "(movie_id = t.id)", "Filter": "((info)::text = ANY ('{USA,America}'::text[]))"}]}, {"Node Type": "Index Scan", "Parent Relationship": "Inner", "Scan Direction": "Forward", "Index Name": "info_type_pkey", "Relation Name": "info_type", "Alias": "it", "Startup Cost": 0.0, "Total Cost": 0.27, "Plan Rows": 1, "Plan Width": 4, "Index Cond": "(id = mi.info_type_id)"}]}]}, "Unique SQL Id": 328306525, "Planner Runtime": 7}, "explain_analyze_plan": {"Plan": {"Node Type": "Aggregate", "Strategy": "Plain", "Startup Cost": 61721.76, "Total Cost": 61721.77, "Plan Rows": 1, "Plan Width": 49, "Actual Startup Time": 987.079, "Actual Total Time": 987.08, "Actual Rows": 1, "Actual Loops": 1, "Plans": [{"Node Type": "Nested Loop", "Parent Relationship": "Outer", "Join Type": "Inner", "Startup Cost": 0.0, "Total Cost": 61721.7, "Plan Rows": 24, "Plan Width": 17, "Actual Startup Time": 987.072, "Actual Total Time": 987.072, "Actual Rows": 0, "Actual Loops": 1, "Inner Unique": true, "Plans": [{"Node Type": "Nested Loop", "Parent Relationship": "Outer", "Join Type": "Inner", "Startup Cost": 0.0, "Total Cost": 61714.98, "Plan Rows": 24, "Plan Width": 21, "Actual Startup Time": 987.071, "Actual Total Time": 987.071, "Actual Rows": 0, "Actual Loops": 1, "Inner Unique": false, "Plans": [{"Node Type": "Nested Loop", "Parent Relationship": "Outer", "Join Type": "Inner", "Startup Cost": 0.0, "Total Cost": 61635.99, "Plan Rows": 32, "Plan Width": 25, "Actual Startup Time": 987.07, "Actual Total Time": 987.07, "Actual Rows": 0, "Actual Loops": 1, "Inner Unique": true, "Plans": [{"Node Type": "Nested Loop", "Parent Relationship": "Outer", "Join Type": "Inner", "Startup Cost": 0.0, "Total Cost": 61387.52, "Plan Rows": 30, "Plan Width": 4, "Actual Startup Time": 987.068, "Actual Total Time": 987.068, "Actual Rows": 0, "Actual Loops": 1, "Inner Unique": false, "Join Filter": "(ct.id = mc.company_type_id)", "Rows Removed by Join Filter": 1418, "Plans": [{"Node Type": "Seq Scan", "Parent Relationship": "Outer", "Relation Name": "company_type", "Alias": "ct", "Startup Cost": 0.0, "Total Cost": 1.04, "Plan Rows": 1, "Plan Width": 4, "Actual Startup Time": 0.014, "Actual Total Time": 0.02, "Actual Rows": 1, "Actual Loops": 1, "Filter": "((kind)::text = 'production companies'::text)", "Rows Removed by Filter": 2}, {"Node Type": "Seq Scan", "Parent Relationship": "Inner", "Relation Name": "movie_companies", "Alias": "mc", "Startup Cost": 0.0, "Total Cost": 61385.74, "Plan Rows": 59, "Plan Width": 8, "Actual Startup Time": 4.166, "Actual Total Time": 986.623, "Actual Rows": 1418, "Actual Loops": 1, "Filter": "(((note)::text ~~ '%(VHS)%'::text) AND ((note)::text ~~ '%(USA)%'::text) AND ((note)::text ~~ '%(1994)%'::text))", "Rows Removed by Filter": 2607710}]}, {"Node Type": "Index Scan", "Parent Relationship": "Inner", "Scan Direction": "Forward", "Index Name": "title_pkey", "Relation Name": "title", "Alias": "t", "Startup Cost": 0.0, "Total Cost": 8.27, "Plan Rows": 1, "Plan Width": 21, "Actual Startup Time": 0.0, "Actual Total Time": 0.0, "Index Cond": "(id = mc.movie_id)", "Rows Removed by Index Recheck": 0, "Filter": "(production_year > 2010)", "Rows Removed by Filter": 0}]}, {"Node Type": "Index Scan", "Parent Relationship": "Inner", "Scan Direction": "Forward", "Index Name": "movie_id_movie_info", "Relation Name": "movie_info", "Alias": "mi", "Startup Cost": 0.0, "Total Cost": 2.46, "Plan Rows": 1, "Plan Width": 8, "Actual Startup Time": 0.0, "Actual Total Time": 0.0, "Index Cond": "(movie_id = t.id)", "Rows Removed by Index Recheck": 0, "Filter": "((info)::text = ANY ('{USA,America}'::text[]))", "Rows Removed by Filter": 0}]}, {"Node Type": "Index Scan", "Parent Relationship": "Inner", "Scan Direction": "Forward", "Index Name": "info_type_pkey", "Relation Name": "info_type", "Alias": "it", "Startup Cost": 0.0, "Total Cost": 0.27, "Plan Rows": 1, "Plan Width": 4, "Actual Startup Time": 0.0, "Actual Total Time": 0.0, "Index Cond": "(id = mi.info_type_id)", "Rows Removed by Index Recheck": 0}]}]}, "Triggers": [], "Planner Runtime": 7.432, "Total Runtime": 987.358, "Unique SQL Id": 328306525}}, "(1, '13')": {"explain_plan": {"Plan": {"Node Type": "Aggregate", "Strategy": "Plain", "Startup Cost": 63248.6, "Total Cost": 63248.61, "Plan Rows": 1, "Plan Width": 49, "Plans": [{"Node Type": "Nested Loop", "Parent Relationship": "Outer", "Join Type": "Inner", "Startup Cost": 0.0, "Total Cost": 63248.54, "Plan Rows": 24, "Plan Width": 17, "Inner Unique": true, "Plans": [{"Node Type": "Nested Loop", "Parent Relationship": "Outer", "Join Type": "Inner", "Startup Cost": 0.0, "Total Cost": 63241.82, "Plan Rows": 24, "Plan Width": 21, "Inner Unique": false, "Plans": [{"Node Type": "Nested Loop", "Parent Relationship": "Outer", "Join Type": "Inner", "Startup Cost": 0.0, "Total Cost": 63162.83, "Plan Rows": 32, "Plan Width": 25, "Inner Unique": true, "Plans": [{"Node Type": "Nested Loop", "Parent Relationship": "Outer", "Join Type": "Inner", "Startup Cost": 0.0, "Total Cost": 62914.35, "Plan Rows": 30, "Plan Width": 4, "Inner Unique": false, "Plans": [{"Node Type": "Index Scan", "Parent Relationship": "Outer", "Scan Direction": "Forward", "Index Name": "company_type_pkey", "Relation Name": "company_type", "Alias": "ct", "Startup Cost": 0.0, "Total Cost": 12.3, "Plan Rows": 1, "Plan Width": 4, "Filter": "((kind)::text = 'production companies'::text)"}, {"Node Type": "Index Scan", "Parent Relationship": "Inner", "Scan Direction": "Forward", "Index Name": "company_type_id_movie_companies", "Relation Name": "movie_companies", "Alias": "mc", "Startup Cost": 0.0, "Total Cost": 62901.76, "Plan Rows": 29, "Plan Width": 8, "Index Cond": "(company_type_id = ct.id)", "Filter": "(((note)::text ~~ '%(VHS)%'::text) AND ((note)::text ~~ '%(USA)%'::text) AND ((note)::text ~~ '%(1994)%'::text))"}]}, {"Node Type": "Index Scan", "Parent Relationship": "Inner", "Scan Direction": "Forward", "Index Name": "title_pkey", "Relation Name": "title", "Alias": "t", "Startup Cost": 0.0, "Total Cost": 8.27, "Plan Rows": 1, "Plan Width": 21, "Index Cond": "(id = mc.movie_id)", "Filter": "(production_year > 2010)"}]}, {"Node Type": "Index Scan", "Parent Relationship": "Inner", "Scan Direction": "Forward", "Index Name": "movie_id_movie_info", "Relation Name": "movie_info", "Alias": "mi", "Startup Cost": 0.0, "Total Cost": 2.46, "Plan Rows": 1, "Plan Width": 8, "Index Cond": "(movie_id = t.id)", "Filter": "((info)::text = ANY ('{USA,America}'::text[]))"}]}, {"Node Type": "Index Scan", "Parent Relationship": "Inner", "Scan Direction": "Forward", "Index Name": "info_type_pkey", "Relation Name": "info_type", "Alias": "it", "Startup Cost": 0.0, "Total Cost": 0.27, "Plan Rows": 1, "Plan Width": 4, "Index Cond": "(id = mi.info_type_id)"}]}]}, "Unique SQL Id": 328306525, "Planner Runtime": 7}, "explain_analyze_plan": {"Plan": {"Node Type": "Aggregate", "Strategy": "Plain", "Startup Cost": 63248.6, "Total Cost": 63248.61, "Plan Rows": 1, "Plan Width": 49, "Actual Startup Time": 742.385, "Actual Total Time": 742.386, "Actual Rows": 1, "Actual Loops": 1, "Plans": [{"Node Type": "Nested Loop", "Parent Relationship": "Outer", "Join Type": "Inner", "Startup Cost": 0.0, "Total Cost": 63248.54, "Plan Rows": 24, "Plan Width": 17, "Actual Startup Time": 742.379, "Actual Total Time": 742.379, "Actual Rows": 0, "Actual Loops": 1, "Inner Unique": true, "Plans": [{"Node Type": "Nested Loop", "Parent Relationship": "Outer", "Join Type": "Inner", "Startup Cost": 0.0, "Total Cost": 63241.82, "Plan Rows": 24, "Plan Width": 21, "Actual Startup Time": 742.378, "Actual Total Time": 742.378, "Actual Rows": 0, "Actual Loops": 1, "Inner Unique": false, "Plans": [{"Node Type": "Nested Loop", "Parent Relationship": "Outer", "Join Type": "Inner", "Startup Cost": 0.0, "Total Cost": 63162.83, "Plan Rows": 32, "Plan Width": 25, "Actual Startup Time": 742.377, "Actual Total Time": 742.377, "Actual Rows": 0, "Actual Loops": 1, "Inner Unique": true, "Plans": [{"Node Type": "Nested Loop", "Parent Relationship": "Outer", "Join Type": "Inner", "Startup Cost": 0.0, "Total Cost": 62914.35, "Plan Rows": 30, "Plan Width": 4, "Actual Startup Time": 742.375, "Actual Total Time": 742.375, "Actual Rows": 0, "Actual Loops": 1, "Inner Unique": false, "Plans": [{"Node Type": "Index Scan", "Parent Relationship": "Outer", "Scan Direction": "Forward", "Index Name": "company_type_pkey", "Relation Name": "company_type", "Alias": "ct", "Startup Cost": 0.0, "Total Cost": 12.3, "Plan Rows": 1, "Plan Width": 4, "Actual Startup Time": 0.013, "Actual Total Time": 0.023, "Actual Rows": 1, "Actual Loops": 1, "Filter": "((kind)::text = 'production companies'::text)", "Rows Removed by Filter": 2}, {"Node Type": "Index Scan", "Parent Relationship": "Inner", "Scan Direction": "Forward", "Index Name": "company_type_id_movie_companies", "Relation Name": "movie_companies", "Alias": "mc", "Startup Cost": 0.0, "Total Cost": 62901.76, "Plan Rows": 29, "Plan Width": 8, "Actual Startup Time": 742.345, "Actual Total Time": 742.345, "Actual Rows": 0, "Actual Loops": 1, "Index Cond": "(company_type_id = ct.id)", "Rows Removed by Index Recheck": 0, "Filter": "(((note)::text ~~ '%(VHS)%'::text) AND ((note)::text ~~ '%(USA)%'::text) AND ((note)::text ~~ '%(1994)%'::text))", "Rows Removed by Filter": 1334883}]}, {"Node Type": "Index Scan", "Parent Relationship": "Inner", "Scan Direction": "Forward", "Index Name": "title_pkey", "Relation Name": "title", "Alias": "t", "Startup Cost": 0.0, "Total Cost": 8.27, "Plan Rows": 1, "Plan Width": 21, "Actual Startup Time": 0.0, "Actual Total Time": 0.0, "Index Cond": "(id = mc.movie_id)", "Rows Removed by Index Recheck": 0, "Filter": "(production_year > 2010)", "Rows Removed by Filter": 0}]}, {"Node Type": "Index Scan", "Parent Relationship": "Inner", "Scan Direction": "Forward", "Index Name": "movie_id_movie_info", "Relation Name": "movie_info", "Alias": "mi", "Startup Cost": 0.0, "Total Cost": 2.46, "Plan Rows": 1, "Plan Width": 8, "Actual Startup Time": 0.0, "Actual Total Time": 0.0, "Index Cond": "(movie_id = t.id)", "Rows Removed by Index Recheck": 0, "Filter": "((info)::text = ANY ('{USA,America}'::text[]))", "Rows Removed by Filter": 0}]}, {"Node Type": "Index Scan", "Parent Relationship": "Inner", "Scan Direction": "Forward", "Index Name": "info_type_pkey", "Relation Name": "info_type", "Alias": "it", "Startup Cost": 0.0, "Total Cost": 0.27, "Plan Rows": 1, "Plan Width": 4, "Actual Startup Time": 0.0, "Actual Total Time": 0.0, "Index Cond": "(id = mi.info_type_id)", "Rows Removed by Index Recheck": 0}]}]}, "Triggers": [], "Planner Runtime": 7.216, "Total Runtime": 742.642, "Unique SQL Id": 328306525}}, "(1, '14')": {"explain_plan": {"Plan": {"Node Type": "Aggregate", "Strategy": "Plain", "Startup Cost": 467205.91, "Total Cost": 467205.92, "Plan Rows": 1, "Plan Width": 49, "Plans": [{"Node Type": "Nested Loop", "Parent Relationship": "Outer", "Join Type": "Inner", "Startup Cost": 130807.06, "Total Cost": 467205.85, "Plan Rows": 24, "Plan Width": 17, "Inner Unique": false, "Join Filter": "(mi.info_type_id = it.id)", "Plans": [{"Node Type": "Seq Scan", "Parent Relationship": "Outer", "Relation Name": "info_type", "Alias": "it", "Startup Cost": 0.0, "Total Cost": 2.12, "Plan Rows": 112, "Plan Width": 4}, {"Node Type": "Materialize", "Parent Relationship": "Inner", "Startup Cost": 130807.06, "Total Cost": 467163.47, "Plan Rows": 24, "Plan Width": 21, "Plans": [{"Node Type": "Hash Join", "Parent Relationship": "Outer", "Join Type": "Inner", "Startup Cost": 130807.06, "Total Cost": 467163.35, "Plan Rows": 24, "Plan Width": 21, "Inner Unique": false, "Hash Cond": "(mi.movie_id = t.id)", "Plans": [{"Node Type": "Seq Scan", "Parent Relationship": "Outer", "Relation Name": "movie_info", "Alias": "mi", "Startup Cost": 0.0, "Total Cost": 334162.58, "Plan Rows": 584897, "Plan Width": 8, "Filter": "((info)::text = ANY ('{USA,America}'::text[]))"}, {"Node Type": "Hash", "Parent Relationship": "Inner", "Startup Cost": 130806.66, "Total Cost": 130806.66, "Plan Rows": 32, "Plan Width": 25, "Plans": [{"Node Type": "Hash Join", "Parent Relationship": "Outer", "Join Type": "Inner", "Startup Cost": 61387.89, "Total Cost": 130806.66, "Plan Rows": 32, "Plan Width": 25, "Inner Unique": false, "Hash Cond": "(t.id = mc.movie_id)", "Plans": [{"Node Type": "Seq Scan", "Parent Relationship": "Outer", "Relation Name": "title", "Alias": "t", "Startup Cost": 0.0, "Total Cost": 66389.89, "Plan Rows": 391451, "Plan Width": 21, "Filter": "(production_year > 2010), (LLVM Optimized)"}, {"Node Type": "Hash", "Parent Relationship": "Inner", "Startup Cost": 61387.52, "Total Cost": 61387.52, "Plan Rows": 30, "Plan Width": 4, "Plans": [{"Node Type": "Nested Loop", "Parent Relationship": "Outer", "Join Type": "Inner", "Startup Cost": 0.0, "Total Cost": 61387.52, "Plan Rows": 30, "Plan Width": 4, "Inner Unique": false, "Join Filter": "(ct.id = mc.company_type_id)", "Plans": [{"Node Type": "Seq Scan", "Parent Relationship": "Outer", "Relation Name": "company_type", "Alias": "ct", "Startup Cost": 0.0, "Total Cost": 1.04, "Plan Rows": 1, "Plan Width": 4, "Filter": "((kind)::text = 'production companies'::text)"}, {"Node Type": "Seq Scan", "Parent Relationship": "Inner", "Relation Name": "movie_companies", "Alias": "mc", "Startup Cost": 0.0, "Total Cost": 61385.74, "Plan Rows": 59, "Plan Width": 8, "Filter": "(((note)::text ~~ '%(VHS)%'::text) AND ((note)::text ~~ '%(USA)%'::text) AND ((note)::text ~~ '%(1994)%'::text))"}]}]}]}]}]}]}]}]}, "Unique SQL Id": 328306525, "Planner Runtime": 7}, "explain_analyze_plan": {"Plan": {"Node Type": "Aggregate", "Strategy": "Plain", "Startup Cost": 467205.91, "Total Cost": 467205.92, "Plan Rows": 1, "Plan Width": 49, "Actual Startup Time": 1400.015, "Actual Total Time": 1400.016, "Actual Rows": 1, "Actual Loops": 1, "Plans": [{"Node Type": "Nested Loop", "Parent Relationship": "Outer", "Join Type": "Inner", "Startup Cost": 130807.06, "Total Cost": 467205.85, "Plan Rows": 24, "Plan Width": 17, "Actual Startup Time": 1400.008, "Actual Total Time": 1400.008, "Actual Rows": 0, "Actual Loops": 1, "Inner Unique": false, "Join Filter": "(mi.info_type_id = it.id)", "Rows Removed by Join Filter": 0, "Plans": [{"Node Type": "Seq Scan", "Parent Relationship": "Outer", "Relation Name": "info_type", "Alias": "it", "Startup Cost": 0.0, "Total Cost": 2.12, "Plan Rows": 112, "Plan Width": 4, "Actual Startup Time": 0.028, "Actual Total Time": 0.062, "Actual Rows": 112, "Actual Loops": 1}, {"Node Type": "Materialize", "Parent Relationship": "Inner", "Startup Cost": 130807.06, "Total Cost": 467163.47, "Plan Rows": 24, "Plan Width": 21, "Actual Startup Time": 1399.904, "Actual Total Time": 1399.904, "Actual Rows": 0, "Actual Loops": 112, "Plans": [{"Node Type": "Hash Join", "Parent Relationship": "Outer", "Join Type": "Inner", "Startup Cost": 130807.06, "Total Cost": 467163.35, "Plan Rows": 24, "Plan Width": 21, "Actual Startup Time": 1399.891, "Actual Total Time": 1399.891, "Actual Rows": 0, "Actual Loops": 1, "Inner Unique": false, "Hash Cond": "(mi.movie_id = t.id)", "Plans": [{"Node Type": "Seq Scan", "Parent Relationship": "Outer", "Relation Name": "movie_info", "Alias": "mi", "Startup Cost": 0.0, "Total Cost": 334162.58, "Plan Rows": 584897, "Plan Width": 8, "Actual Startup Time": 441.269, "Actual Total Time": 441.269, "Actual Rows": 1, "Actual Loops": 1, "Filter": "((info)::text = ANY ('{USA,America}'::text[]))", "Rows Removed by Filter": 1053697}, {"Node Type": "Hash", "Parent Relationship": "Inner", "Startup Cost": 130806.66, "Total Cost": 130806.66, "Plan Rows": 32, "Plan Width": 25, "Actual Startup Time": 958.441, "Actual Total Time": 958.441, "Actual Rows": 0, "Actual Loops": 1, "Hash Buckets": 32768, "Hash Batches": 1, "Original Hash Batches": 1, "Peak Memory Usage": 0, "Plans": [{"Node Type": "Hash Join", "Parent Relationship": "Outer", "Join Type": "Inner", "Startup Cost": 61387.89, "Total Cost": 130806.66, "Plan Rows": 32, "Plan Width": 25, "Actual Startup Time": 958.435, "Actual Total Time": 958.435, "Actual Rows": 0, "Actual Loops": 1, "Inner Unique": false, "Hash Cond": "(t.id = mc.movie_id)", "Plans": [{"Node Type": "Seq Scan", "Parent Relationship": "Outer", "Relation Name": "title", "Alias": "t", "Startup Cost": 0.0, "Total Cost": 66389.89, "Plan Rows": 391451, "Plan Width": 21, "Actual Startup Time": 0.042, "Actual Total Time": 0.042, "Actual Rows": 1, "Actual Loops": 1, "Filter": "(production_year > 2010), (LLVM Optimized, Jit Execute)", "Rows Removed by Filter": 2}, {"Node Type": "Hash", "Parent Relationship": "Inner", "Startup Cost": 61387.52, "Total Cost": 61387.52, "Plan Rows": 30, "Plan Width": 4, "Actual Startup Time": 958.33, "Actual Total Time": 958.33, "Actual Rows": 0, "Actual Loops": 1, "Hash Buckets": 32768, "Hash Batches": 1, "Original Hash Batches": 1, "Peak Memory Usage": 0, "Plans": [{"Node Type": "Nested Loop", "Parent Relationship": "Outer", "Join Type": "Inner", "Startup Cost": 0.0, "Total Cost": 61387.52, "Plan Rows": 30, "Plan Width": 4, "Actual Startup Time": 958.202, "Actual Total Time": 958.202, "Actual Rows": 0, "Actual Loops": 1, "Inner Unique": false, "Join Filter": "(ct.id = mc.company_type_id)", "Rows Removed by Join Filter": 1418, "Plans": [{"Node Type": "Seq Scan", "Parent Relationship": "Outer", "Relation Name": "company_type", "Alias": "ct", "Startup Cost": 0.0, "Total Cost": 1.04, "Plan Rows": 1, "Plan Width": 4, "Actual Startup Time": 0.026, "Actual Total Time": 0.033, "Actual Rows": 1, "Actual Loops": 1, "Filter": "((kind)::text = 'production companies'::text)", "Rows Removed by Filter": 2}, {"Node Type": "Seq Scan", "Parent Relationship": "Inner", "Relation Name": "movie_companies", "Alias": "mc", "Startup Cost": 0.0, "Total Cost": 61385.74, "Plan Rows": 59, "Plan Width": 8, "Actual Startup Time": 3.91, "Actual Total Time": 957.725, "Actual Rows": 1418, "Actual Loops": 1, "Filter": "(((note)::text ~~ '%(VHS)%'::text) AND ((note)::text ~~ '%(USA)%'::text) AND ((note)::text ~~ '%(1994)%'::text))", "Rows Removed by Filter": 2607710}]}]}]}]}]}]}]}]}, "Triggers": [], "Planner Runtime": 7.825, "Total Runtime": 1408.721, "Unique SQL Id": 328306525}}, "(1, '15')": {"explain_plan": {"Plan": {"Node Type": "Aggregate", "Strategy": "Plain", "Startup Cost": 4998574728500.19, "Total Cost": 4998574728500.2, "Plan Rows": 1, "Plan Width": 49, "Plans": [{"Node Type": "Merge Join", "Parent Relationship": "Outer", "Join Type": "Inner", "Startup Cost": 50025290819.16, "Total Cost": 4998574728500.13, "Plan Rows": 24, "Plan Width": 17, "Inner Unique": true, "Merge Cond": "(mi.movie_id = t.id)", "Plans": [{"Node Type": "Nested Loop", "Parent Relationship": "Outer", "Join Type": "Inner", "Startup Cost": 40000000000.0, "Total Cost": 3999263639085.25, "Plan Rows": 33, "Plan Width": 8, "Inner Unique": true, "Join Filter": "(mc.company_type_id = ct.id)", "Plans": [{"Node Type": "Merge Join", "Parent Relationship": "Outer", "Join Type": "Inner", "Startup Cost": 30000000000.0, "Total Cost": 2999263637854.01, "Plan Rows": 66, "Plan Width": 12, "Inner Unique": false, "Merge Cond": "(mi.movie_id = mc.movie_id)", "Plans": [{"Node Type": "Nested Loop", "Parent Relationship": "Outer", "Join Type": "Inner", "Startup Cost": 20000000000.0, "Total Cost": 2000108518423.96, "Plan Rows": 584897, "Plan Width": 4, "Inner Unique": true, "Join Filter": "(it.id = mi.info_type_id), (LLVM Optimized)", "Plans": [{"Node Type": "Index Scan", "Parent Relationship": "Outer", "Scan Direction": "Forward", "Index Name": "movie_id_movie_info", "Relation Name": "movie_info", "Alias": "mi", "Startup Cost": 10000000000.0, "Total Cost": 1000107534403.72, "Plan Rows": 584897, "Plan Width": 8, "Filter": "((info)::text = ANY ('{USA,America}'::text[]))"}, {"Node Type": "Materialize", "Parent Relationship": "Inner", "Startup Cost": 10000000000.0, "Total Cost": 1000000001393.56, "Plan Rows": 112, "Plan Width": 4, "Plans": [{"Node Type": "Index Scan", "Parent Relationship": "Outer", "Scan Direction": "Forward", "Index Name": "info_type_pkey", "Relation Name": "info_type", "Alias": "it", "Startup Cost": 10000000000.0, "Total Cost": 1000000001393.0, "Plan Rows": 112, "Plan Width": 4}]}]}, {"Node Type": "Materialize", "Parent Relationship": "Inner", "Startup Cost": 10000000000.0, "Total Cost": 1000015008792.28, "Plan Rows": 59, "Plan Width": 8, "Plans": [{"Node Type": "Index Scan", "Parent Relationship": "Outer", "Scan Direction": "Forward", "Index Name": "movie_id_movie_companies", "Relation Name": "movie_companies", "Alias": "mc", "Startup Cost": 10000000000.0, "Total Cost": 1000015008792.13, "Plan Rows": 59, "Plan Width": 8, "Filter": "(((note)::text ~~ '%(VHS)%'::text) AND ((note)::text ~~ '%(USA)%'::text) AND ((note)::text ~~ '%(1994)%'::text))"}]}]}, {"Node Type": "Materialize", "Parent Relationship": "Inner", "Startup Cost": 10000000000.0, "Total Cost": 1000000001230.26, "Plan Rows": 1, "Plan Width": 4, "Plans": [{"Node Type": "Index Scan", "Parent Relationship": "Outer", "Scan Direction": "Forward", "Index Name": "company_type_pkey", "Relation Name": "company_type", "Alias": "ct", "Startup Cost": 10000000000.0, "Total Cost": 1000000001230.25, "Plan Rows": 1, "Plan Width": 4, "Filter": "((kind)::text = 'production companies'::text)"}]}]}, {"Node Type": "Index Scan", "Parent Relationship": "Inner", "Scan Direction": "Forward", "Index Name": "title_pkey", "Relation Name": "title", "Alias": "t", "Startup Cost": 10000000000.0, "Total Cost": 1000011644126.66, "Plan Rows": 391451, "Plan Width": 21, "Filter": "(production_year > 2010), (LLVM Optimized)"}]}]}, "Unique SQL Id": 328306525, "Planner Runtime": 9}, "explain_analyze_plan": null}, "(1, '16')": {"explain_plan": {"Plan": {"Node Type": "Aggregate", "Strategy": "Plain", "Startup Cost": 61721.76, "Total Cost": 61721.77, "Plan Rows": 1, "Plan Width": 49, "Plans": [{"Node Type": "Nested Loop", "Parent Relationship": "Outer", "Join Type": "Inner", "Startup Cost": 0.0, "Total Cost": 61721.7, "Plan Rows": 24, "Plan Width": 17, "Inner Unique": true, "Plans": [{"Node Type": "Nested Loop", "Parent Relationship": "Outer", "Join Type": "Inner", "Startup Cost": 0.0, "Total Cost": 61714.98, "Plan Rows": 24, "Plan Width": 21, "Inner Unique": false, "Plans": [{"Node Type": "Nested Loop", "Parent Relationship": "Outer", "Join Type": "Inner", "Startup Cost": 0.0, "Total Cost": 61635.99, "Plan Rows": 32, "Plan Width": 25, "Inner Unique": true, "Plans": [{"Node Type": "Nested Loop", "Parent Relationship": "Outer", "Join Type": "Inner", "Startup Cost": 0.0, "Total Cost": 61387.52, "Plan Rows": 30, "Plan Width": 4, "Inner Unique": false, "Join Filter": "(ct.id = mc.company_type_id)", "Plans": [{"Node Type": "Seq Scan", "Parent Relationship": "Outer", "Relation Name": "company_type", "Alias": "ct", "Startup Cost": 0.0, "Total Cost": 1.04, "Plan Rows": 1, "Plan Width": 4, "Filter": "((kind)::text = 'production companies'::text)"}, {"Node Type": "Seq Scan", "Parent Relationship": "Inner", "Relation Name": "movie_companies", "Alias": "mc", "Startup Cost": 0.0, "Total Cost": 61385.74, "Plan Rows": 59, "Plan Width": 8, "Filter": "(((note)::text ~~ '%(VHS)%'::text) AND ((note)::text ~~ '%(USA)%'::text) AND ((note)::text ~~ '%(1994)%'::text))"}]}, {"Node Type": "Index Scan", "Parent Relationship": "Inner", "Scan Direction": "Forward", "Index Name": "title_pkey", "Relation Name": "title", "Alias": "t", "Startup Cost": 0.0, "Total Cost": 8.27, "Plan Rows": 1, "Plan Width": 21, "Index Cond": "(id = mc.movie_id)", "Filter": "(production_year > 2010)"}]}, {"Node Type": "Index Scan", "Parent Relationship": "Inner", "Scan Direction": "Forward", "Index Name": "movie_id_movie_info", "Relation Name": "movie_info", "Alias": "mi", "Startup Cost": 0.0, "Total Cost": 2.46, "Plan Rows": 1, "Plan Width": 8, "Index Cond": "(movie_id = t.id)", "Filter": "((info)::text = ANY ('{USA,America}'::text[]))"}]}, {"Node Type": "Index Only Scan", "Parent Relationship": "Inner", "Scan Direction": "Forward", "Index Name": "info_type_pkey", "Relation Name": "info_type", "Alias": "it", "Startup Cost": 0.0, "Total Cost": 0.27, "Plan Rows": 1, "Plan Width": 4, "Index Cond": "(id = mi.info_type_id)"}]}]}, "Unique SQL Id": 328306525, "Planner Runtime": 7}, "explain_analyze_plan": {"Plan": {"Node Type": "Aggregate", "Strategy": "Plain", "Startup Cost": 61721.76, "Total Cost": 61721.77, "Plan Rows": 1, "Plan Width": 49, "Actual Startup Time": 946.595, "Actual Total Time": 946.596, "Actual Rows": 1, "Actual Loops": 1, "Plans": [{"Node Type": "Nested Loop", "Parent Relationship": "Outer", "Join Type": "Inner", "Startup Cost": 0.0, "Total Cost": 61721.7, "Plan Rows": 24, "Plan Width": 17, "Actual Startup Time": 946.584, "Actual Total Time": 946.584, "Actual Rows": 0, "Actual Loops": 1, "Inner Unique": true, "Plans": [{"Node Type": "Nested Loop", "Parent Relationship": "Outer", "Join Type": "Inner", "Startup Cost": 0.0, "Total Cost": 61714.98, "Plan Rows": 24, "Plan Width": 21, "Actual Startup Time": 946.583, "Actual Total Time": 946.583, "Actual Rows": 0, "Actual Loops": 1, "Inner Unique": false, "Plans": [{"Node Type": "Nested Loop", "Parent Relationship": "Outer", "Join Type": "Inner", "Startup Cost": 0.0, "Total Cost": 61635.99, "Plan Rows": 32, "Plan Width": 25, "Actual Startup Time": 946.582, "Actual Total Time": 946.582, "Actual Rows": 0, "Actual Loops": 1, "Inner Unique": true, "Plans": [{"Node Type": "Nested Loop", "Parent Relationship": "Outer", "Join Type": "Inner", "Startup Cost": 0.0, "Total Cost": 61387.52, "Plan Rows": 30, "Plan Width": 4, "Actual Startup Time": 946.58, "Actual Total Time": 946.58, "Actual Rows": 0, "Actual Loops": 1, "Inner Unique": false, "Join Filter": "(ct.id = mc.company_type_id)", "Rows Removed by Join Filter": 1418, "Plans": [{"Node Type": "Seq Scan", "Parent Relationship": "Outer", "Relation Name": "company_type", "Alias": "ct", "Startup Cost": 0.0, "Total Cost": 1.04, "Plan Rows": 1, "Plan Width": 4, "Actual Startup Time": 0.025, "Actual Total Time": 0.03, "Actual Rows": 1, "Actual Loops": 1, "Filter": "((kind)::text = 'production companies'::text)", "Rows Removed by Filter": 2}, {"Node Type": "Seq Scan", "Parent Relationship": "Inner", "Relation Name": "movie_companies", "Alias": "mc", "Startup Cost": 0.0, "Total Cost": 61385.74, "Plan Rows": 59, "Plan Width": 8, "Actual Startup Time": 3.943, "Actual Total Time": 946.12, "Actual Rows": 1418, "Actual Loops": 1, "Filter": "(((note)::text ~~ '%(VHS)%'::text) AND ((note)::text ~~ '%(USA)%'::text) AND ((note)::text ~~ '%(1994)%'::text))", "Rows Removed by Filter": 2607710}]}, {"Node Type": "Index Scan", "Parent Relationship": "Inner", "Scan Direction": "Forward", "Index Name": "title_pkey", "Relation Name": "title", "Alias": "t", "Startup Cost": 0.0, "Total Cost": 8.27, "Plan Rows": 1, "Plan Width": 21, "Actual Startup Time": 0.0, "Actual Total Time": 0.0, "Index Cond": "(id = mc.movie_id)", "Rows Removed by Index Recheck": 0, "Filter": "(production_year > 2010)", "Rows Removed by Filter": 0}]}, {"Node Type": "Index Scan", "Parent Relationship": "Inner", "Scan Direction": "Forward", "Index Name": "movie_id_movie_info", "Relation Name": "movie_info", "Alias": "mi", "Startup Cost": 0.0, "Total Cost": 2.46, "Plan Rows": 1, "Plan Width": 8, "Actual Startup Time": 0.0, "Actual Total Time": 0.0, "Index Cond": "(movie_id = t.id)", "Rows Removed by Index Recheck": 0, "Filter": "((info)::text = ANY ('{USA,America}'::text[]))", "Rows Removed by Filter": 0}]}, {"Node Type": "Index Only Scan", "Parent Relationship": "Inner", "Scan Direction": "Forward", "Index Name": "info_type_pkey", "Relation Name": "info_type", "Alias": "it", "Startup Cost": 0.0, "Total Cost": 0.27, "Plan Rows": 1, "Plan Width": 4, "Actual Startup Time": 0.0, "Actual Total Time": 0.0, "Index Cond": "(id = mi.info_type_id)", "Rows Removed by Index Recheck": 0, "Heap Fetches": 0}]}]}, "Triggers": [], "Planner Runtime": 7.558, "Total Runtime": 946.851, "Unique SQL Id": 328306525}}, "(1, '17')": {"explain_plan": {"Plan": {"Node Type": "Aggregate", "Strategy": "Plain", "Startup Cost": 63248.6, "Total Cost": 63248.61, "Plan Rows": 1, "Plan Width": 49, "Plans": [{"Node Type": "Nested Loop", "Parent Relationship": "Outer", "Join Type": "Inner", "Startup Cost": 0.0, "Total Cost": 63248.54, "Plan Rows": 24, "Plan Width": 17, "Inner Unique": true, "Plans": [{"Node Type": "Nested Loop", "Parent Relationship": "Outer", "Join Type": "Inner", "Startup Cost": 0.0, "Total Cost": 63241.82, "Plan Rows": 24, "Plan Width": 21, "Inner Unique": false, "Plans": [{"Node Type": "Nested Loop", "Parent Relationship": "Outer", "Join Type": "Inner", "Startup Cost": 0.0, "Total Cost": 63162.83, "Plan Rows": 32, "Plan Width": 25, "Inner Unique": true, "Plans": [{"Node Type": "Nested Loop", "Parent Relationship": "Outer", "Join Type": "Inner", "Startup Cost": 0.0, "Total Cost": 62914.35, "Plan Rows": 30, "Plan Width": 4, "Inner Unique": false, "Plans": [{"Node Type": "Index Scan", "Parent Relationship": "Outer", "Scan Direction": "Forward", "Index Name": "company_type_pkey", "Relation Name": "company_type", "Alias": "ct", "Startup Cost": 0.0, "Total Cost": 12.3, "Plan Rows": 1, "Plan Width": 4, "Filter": "((kind)::text = 'production companies'::text)"}, {"Node Type": "Index Scan", "Parent Relationship": "Inner", "Scan Direction": "Forward", "Index Name": "company_type_id_movie_companies", "Relation Name": "movie_companies", "Alias": "mc", "Startup Cost": 0.0, "Total Cost": 62901.76, "Plan Rows": 29, "Plan Width": 8, "Index Cond": "(company_type_id = ct.id)", "Filter": "(((note)::text ~~ '%(VHS)%'::text) AND ((note)::text ~~ '%(USA)%'::text) AND ((note)::text ~~ '%(1994)%'::text))"}]}, {"Node Type": "Index Scan", "Parent Relationship": "Inner", "Scan Direction": "Forward", "Index Name": "title_pkey", "Relation Name": "title", "Alias": "t", "Startup Cost": 0.0, "Total Cost": 8.27, "Plan Rows": 1, "Plan Width": 21, "Index Cond": "(id = mc.movie_id)", "Filter": "(production_year > 2010)"}]}, {"Node Type": "Index Scan", "Parent Relationship": "Inner", "Scan Direction": "Forward", "Index Name": "movie_id_movie_info", "Relation Name": "movie_info", "Alias": "mi", "Startup Cost": 0.0, "Total Cost": 2.46, "Plan Rows": 1, "Plan Width": 8, "Index Cond": "(movie_id = t.id)", "Filter": "((info)::text = ANY ('{USA,America}'::text[]))"}]}, {"Node Type": "Index Only Scan", "Parent Relationship": "Inner", "Scan Direction": "Forward", "Index Name": "info_type_pkey", "Relation Name": "info_type", "Alias": "it", "Startup Cost": 0.0, "Total Cost": 0.27, "Plan Rows": 1, "Plan Width": 4, "Index Cond": "(id = mi.info_type_id)"}]}]}, "Unique SQL Id": 328306525, "Planner Runtime": 6}, "explain_analyze_plan": {"Plan": {"Node Type": "Aggregate", "Strategy": "Plain", "Startup Cost": 63248.6, "Total Cost": 63248.61, "Plan Rows": 1, "Plan Width": 49, "Actual Startup Time": 640.136, "Actual Total Time": 640.136, "Actual Rows": 1, "Actual Loops": 1, "Plans": [{"Node Type": "Nested Loop", "Parent Relationship": "Outer", "Join Type": "Inner", "Startup Cost": 0.0, "Total Cost": 63248.54, "Plan Rows": 24, "Plan Width": 17, "Actual Startup Time": 640.125, "Actual Total Time": 640.125, "Actual Rows": 0, "Actual Loops": 1, "Inner Unique": true, "Plans": [{"Node Type": "Nested Loop", "Parent Relationship": "Outer", "Join Type": "Inner", "Startup Cost": 0.0, "Total Cost": 63241.82, "Plan Rows": 24, "Plan Width": 21, "Actual Startup Time": 640.123, "Actual Total Time": 640.123, "Actual Rows": 0, "Actual Loops": 1, "Inner Unique": false, "Plans": [{"Node Type": "Nested Loop", "Parent Relationship": "Outer", "Join Type": "Inner", "Startup Cost": 0.0, "Total Cost": 63162.83, "Plan Rows": 32, "Plan Width": 25, "Actual Startup Time": 640.123, "Actual Total Time": 640.123, "Actual Rows": 0, "Actual Loops": 1, "Inner Unique": true, "Plans": [{"Node Type": "Nested Loop", "Parent Relationship": "Outer", "Join Type": "Inner", "Startup Cost": 0.0, "Total Cost": 62914.35, "Plan Rows": 30, "Plan Width": 4, "Actual Startup Time": 640.122, "Actual Total Time": 640.122, "Actual Rows": 0, "Actual Loops": 1, "Inner Unique": false, "Plans": [{"Node Type": "Index Scan", "Parent Relationship": "Outer", "Scan Direction": "Forward", "Index Name": "company_type_pkey", "Relation Name": "company_type", "Alias": "ct", "Startup Cost": 0.0, "Total Cost": 12.3, "Plan Rows": 1, "Plan Width": 4, "Actual Startup Time": 0.026, "Actual Total Time": 0.033, "Actual Rows": 1, "Actual Loops": 1, "Filter": "((kind)::text = 'production companies'::text)", "Rows Removed by Filter": 2}, {"Node Type": "Index Scan", "Parent Relationship": "Inner", "Scan Direction": "Forward", "Index Name": "company_type_id_movie_companies", "Relation Name": "movie_companies", "Alias": "mc", "Startup Cost": 0.0, "Total Cost": 62901.76, "Plan Rows": 29, "Plan Width": 8, "Actual Startup Time": 640.079, "Actual Total Time": 640.079, "Actual Rows": 0, "Actual Loops": 1, "Index Cond": "(company_type_id = ct.id)", "Rows Removed by Index Recheck": 0, "Filter": "(((note)::text ~~ '%(VHS)%'::text) AND ((note)::text ~~ '%(USA)%'::text) AND ((note)::text ~~ '%(1994)%'::text))", "Rows Removed by Filter": 1334883}]}, {"Node Type": "Index Scan", "Parent Relationship": "Inner", "Scan Direction": "Forward", "Index Name": "title_pkey", "Relation Name": "title", "Alias": "t", "Startup Cost": 0.0, "Total Cost": 8.27, "Plan Rows": 1, "Plan Width": 21, "Actual Startup Time": 0.0, "Actual Total Time": 0.0, "Index Cond": "(id = mc.movie_id)", "Rows Removed by Index Recheck": 0, "Filter": "(production_year > 2010)", "Rows Removed by Filter": 0}]}, {"Node Type": "Index Scan", "Parent Relationship": "Inner", "Scan Direction": "Forward", "Index Name": "movie_id_movie_info", "Relation Name": "movie_info", "Alias": "mi", "Startup Cost": 0.0, "Total Cost": 2.46, "Plan Rows": 1, "Plan Width": 8, "Actual Startup Time": 0.0, "Actual Total Time": 0.0, "Index Cond": "(movie_id = t.id)", "Rows Removed by Index Recheck": 0, "Filter": "((info)::text = ANY ('{USA,America}'::text[]))", "Rows Removed by Filter": 0}]}, {"Node Type": "Index Only Scan", "Parent Relationship": "Inner", "Scan Direction": "Forward", "Index Name": "info_type_pkey", "Relation Name": "info_type", "Alias": "it", "Startup Cost": 0.0, "Total Cost": 0.27, "Plan Rows": 1, "Plan Width": 4, "Actual Startup Time": 0.0, "Actual Total Time": 0.0, "Index Cond": "(id = mi.info_type_id)", "Rows Removed by Index Recheck": 0, "Heap Fetches": 0}]}]}, "Triggers": [], "Planner Runtime": 7.646, "Total Runtime": 640.429, "Unique SQL Id": 328306525}}, "(1, '18')": {"explain_plan": {"Plan": {"Node Type": "Aggregate", "Strategy": "Plain", "Startup Cost": 62302.06, "Total Cost": 62302.07, "Plan Rows": 1, "Plan Width": 49, "Plans": [{"Node Type": "Nested Loop", "Parent Relationship": "Outer", "Join Type": "Inner", "Startup Cost": 4.61, "Total Cost": 62302.0, "Plan Rows": 24, "Plan Width": 17, "Inner Unique": false, "Join Filter": "(mi.info_type_id = it.id)", "Plans": [{"Node Type": "Seq Scan", "Parent Relationship": "Outer", "Relation Name": "info_type", "Alias": "it", "Startup Cost": 0.0, "Total Cost": 2.12, "Plan Rows": 112, "Plan Width": 4}, {"Node Type": "Materialize", "Parent Relationship": "Inner", "Startup Cost": 4.61, "Total Cost": 62259.62, "Plan Rows": 24, "Plan Width": 21, "Plans": [{"Node Type": "Nested Loop", "Parent Relationship": "Outer", "Join Type": "Inner", "Startup Cost": 4.61, "Total Cost": 62259.5, "Plan Rows": 24, "Plan Width": 21, "Inner Unique": true, "Plans": [{"Node Type": "Nested Loop", "Parent Relationship": "Outer", "Join Type": "Inner", "Startup Cost": 4.29, "Total Cost": 62116.08, "Plan Rows": 33, "Plan Width": 12, "Inner Unique": false, "Plans": [{"Node Type": "Nested Loop", "Parent Relationship": "Outer", "Join Type": "Inner", "Startup Cost": 0.0, "Total Cost": 61387.52, "Plan Rows": 30, "Plan Width": 4, "Inner Unique": false, "Join Filter": "(ct.id = mc.company_type_id)", "Plans": [{"Node Type": "Seq Scan", "Parent Relationship": "Outer", "Relation Name": "company_type", "Alias": "ct", "Startup Cost": 0.0, "Total Cost": 1.04, "Plan Rows": 1, "Plan Width": 4, "Filter": "((kind)::text = 'production companies'::text)"}, {"Node Type": "Seq Scan", "Parent Relationship": "Inner", "Relation Name": "movie_companies", "Alias": "mc", "Startup Cost": 0.0, "Total Cost": 61385.74, "Plan Rows": 59, "Plan Width": 8, "Filter": "(((note)::text ~~ '%(VHS)%'::text) AND ((note)::text ~~ '%(USA)%'::text) AND ((note)::text ~~ '%(1994)%'::text))"}]}, {"Node Type": "Bitmap Heap Scan", "Parent Relationship": "Inner", "Relation Name": "movie_info", "Alias": "mi", "Startup Cost": 4.29, "Total Cost": 24.28, "Plan Rows": 1, "Plan Width": 8, "Recheck Cond": "(movie_id = mc.movie_id)", "Filter": "((info)::text = ANY ('{USA,America}'::text[]))", "Plans": [{"Node Type": "Bitmap Index Scan", "Parent Relationship": "Outer", "Index Name": "movie_id_movie_info", "Startup Cost": 0.0, "Total Cost": 4.29, "Plan Rows": 5, "Plan Width": 0, "Index Cond": "(movie_id = mc.movie_id)"}]}]}, {"Node Type": "Bitmap Heap Scan", "Parent Relationship": "Inner", "Relation Name": "title", "Alias": "t", "Startup Cost": 0.32, "Total Cost": 4.34, "Plan Rows": 1, "Plan Width": 21, "Recheck Cond": "(id = mi.movie_id)", "Filter": "(production_year > 2010)", "Plans": [{"Node Type": "Bitmap Index Scan", "Parent Relationship": "Outer", "Index Name": "title_pkey", "Startup Cost": 0.0, "Total Cost": 0.32, "Plan Rows": 1, "Plan Width": 0, "Index Cond": "(id = mi.movie_id)"}]}]}]}]}]}, "Unique SQL Id": 328306525, "Planner Runtime": 6}, "explain_analyze_plan": {"Plan": {"Node Type": "Aggregate", "Strategy": "Plain", "Startup Cost": 62302.06, "Total Cost": 62302.07, "Plan Rows": 1, "Plan Width": 49, "Actual Startup Time": 957.016, "Actual Total Time": 957.016, "Actual Rows": 1, "Actual Loops": 1, "Plans": [{"Node Type": "Nested Loop", "Parent Relationship": "Outer", "Join Type": "Inner", "Startup Cost": 4.61, "Total Cost": 62302.0, "Plan Rows": 24, "Plan Width": 17, "Actual Startup Time": 957.009, "Actual Total Time": 957.009, "Actual Rows": 0, "Actual Loops": 1, "Inner Unique": false, "Join Filter": "(mi.info_type_id = it.id)", "Rows Removed by Join Filter": 0, "Plans": [{"Node Type": "Seq Scan", "Parent Relationship": "Outer", "Relation Name": "info_type", "Alias": "it", "Startup Cost": 0.0, "Total Cost": 2.12, "Plan Rows": 112, "Plan Width": 4, "Actual Startup Time": 0.031, "Actual Total Time": 0.048, "Actual Rows": 112, "Actual Loops": 1}, {"Node Type": "Materialize", "Parent Relationship": "Inner", "Startup Cost": 4.61, "Total Cost": 62259.62, "Plan Rows": 24, "Plan Width": 21, "Actual Startup Time": 956.933, "Actual Total Time": 956.933, "Actual Rows": 0, "Actual Loops": 112, "Plans": [{"Node Type": "Nested Loop", "Parent Relationship": "Outer", "Join Type": "Inner", "Startup Cost": 4.61, "Total Cost": 62259.5, "Plan Rows": 24, "Plan Width": 21, "Actual Startup Time": 956.916, "Actual Total Time": 956.916, "Actual Rows": 0, "Actual Loops": 1, "Inner Unique": true, "Plans": [{"Node Type": "Nested Loop", "Parent Relationship": "Outer", "Join Type": "Inner", "Startup Cost": 4.29, "Total Cost": 62116.08, "Plan Rows": 33, "Plan Width": 12, "Actual Startup Time": 956.914, "Actual Total Time": 956.914, "Actual Rows": 0, "Actual Loops": 1, "Inner Unique": false, "Plans": [{"Node Type": "Nested Loop", "Parent Relationship": "Outer", "Join Type": "Inner", "Startup Cost": 0.0, "Total Cost": 61387.52, "Plan Rows": 30, "Plan Width": 4, "Actual Startup Time": 956.912, "Actual Total Time": 956.912, "Actual Rows": 0, "Actual Loops": 1, "Inner Unique": false, "Join Filter": "(ct.id = mc.company_type_id)", "Rows Removed by Join Filter": 1418, "Plans": [{"Node Type": "Seq Scan", "Parent Relationship": "Outer", "Relation Name": "company_type", "Alias": "ct", "Startup Cost": 0.0, "Total Cost": 1.04, "Plan Rows": 1, "Plan Width": 4, "Actual Startup Time": 0.013, "Actual Total Time": 0.019, "Actual Rows": 1, "Actual Loops": 1, "Filter": "((kind)::text = 'production companies'::text)", "Rows Removed by Filter": 2}, {"Node Type": "Seq Scan", "Parent Relationship": "Inner", "Relation Name": "movie_companies", "Alias": "mc", "Startup Cost": 0.0, "Total Cost": 61385.74, "Plan Rows": 59, "Plan Width": 8, "Actual Startup Time": 3.894, "Actual Total Time": 956.458, "Actual Rows": 1418, "Actual Loops": 1, "Filter": "(((note)::text ~~ '%(VHS)%'::text) AND ((note)::text ~~ '%(USA)%'::text) AND ((note)::text ~~ '%(1994)%'::text))", "Rows Removed by Filter": 2607710}]}, {"Node Type": "Bitmap Heap Scan", "Parent Relationship": "Inner", "Relation Name": "movie_info", "Alias": "mi", "Startup Cost": 4.29, "Total Cost": 24.28, "Plan Rows": 1, "Plan Width": 8, "Actual Startup Time": 0.0, "Actual Total Time": 0.0, "Recheck Cond": "(movie_id = mc.movie_id)", "Rows Removed by Index Recheck": 0, "Filter": "((info)::text = ANY ('{USA,America}'::text[]))", "Rows Removed by Filter": 0, "Exact Heap Blocks": 0, "Lossy Heap Blocks": 0, "Plans": [{"Node Type": "Bitmap Index Scan", "Parent Relationship": "Outer", "Index Name": "movie_id_movie_info", "Startup Cost": 0.0, "Total Cost": 4.29, "Plan Rows": 5, "Plan Width": 0, "Actual Startup Time": 0.0, "Actual Total Time": 0.0, "Index Cond": "(movie_id = mc.movie_id)"}]}]}, {"Node Type": "Bitmap Heap Scan", "Parent Relationship": "Inner", "Relation Name": "title", "Alias": "t", "Startup Cost": 0.32, "Total Cost": 4.34, "Plan Rows": 1, "Plan Width": 21, "Actual Startup Time": 0.0, "Actual Total Time": 0.0, "Recheck Cond": "(id = mi.movie_id)", "Rows Removed by Index Recheck": 0, "Filter": "(production_year > 2010)", "Rows Removed by Filter": 0, "Exact Heap Blocks": 0, "Lossy Heap Blocks": 0, "Plans": [{"Node Type": "Bitmap Index Scan", "Parent Relationship": "Outer", "Index Name": "title_pkey", "Startup Cost": 0.0, "Total Cost": 0.32, "Plan Rows": 1, "Plan Width": 0, "Actual Startup Time": 0.0, "Actual Total Time": 0.0, "Index Cond": "(id = mi.movie_id)"}]}]}]}]}]}, "Triggers": [], "Planner Runtime": 6.588, "Total Runtime": 957.251, "Unique SQL Id": 328306525}}, "(1, '19')": {"explain_plan": {"Plan": {"Node Type": "Aggregate", "Strategy": "Plain", "Startup Cost": 1000011276294.99, "Total Cost": 1000011276295.0, "Plan Rows": 1, "Plan Width": 49, "Plans": [{"Node Type": "Nested Loop", "Parent Relationship": "Outer", "Join Type": "Inner", "Startup Cost": 10000000005.78, "Total Cost": 1000011276294.93, "Plan Rows": 24, "Plan Width": 17, "Inner Unique": true, "Plans": [{"Node Type": "Nested Loop", "Parent Relationship": "Outer", "Join Type": "Inner", "Startup Cost": 10000000005.38, "Total Cost": 1000011276078.43, "Plan Rows": 49, "Plan Width": 21, "Inner Unique": true, "Plans": [{"Node Type": "Nested Loop", "Parent Relationship": "Outer", "Join Type": "Inner", "Startup Cost": 10000000005.13, "Total Cost": 1000011275868.7, "Plan Rows": 49, "Plan Width": 25, "Inner Unique": false, "Plans": [{"Node Type": "Nested Loop", "Parent Relationship": "Outer", "Join Type": "Inner", "Startup Cost": 10000000004.26, "Total Cost": 1000011275551.68, "Plan Rows": 64, "Plan Width": 29, "Inner Unique": true, "Plans": [{"Node Type": "Index Scan", "Parent Relationship": "Outer", "Scan Direction": "Forward", "Index Name": "company_type_id_movie_companies", "Relation Name": "movie_companies", "Alias": "mc", "Startup Cost": 10000000000.0, "Total Cost": 1000011275063.0, "Plan Rows": 59, "Plan Width": 8, "Filter": "(((note)::text ~~ '%(VHS)%'::text) AND ((note)::text ~~ '%(USA)%'::text) AND ((note)::text ~~ '%(1994)%'::text))"}, {"Node Type": "Bitmap Heap Scan", "Parent Relationship": "Inner", "Relation Name": "title", "Alias": "t", "Startup Cost": 4.26, "Total Cost": 8.27, "Plan Rows": 1, "Plan Width": 21, "Recheck Cond": "(id = mc.movie_id)", "Filter": "(production_year > 2010)", "Plans": [{"Node Type": "Bitmap Index Scan", "Parent Relationship": "Outer", "Index Name": "title_pkey", "Startup Cost": 0.0, "Total Cost": 4.26, "Plan Rows": 1, "Plan Width": 0, "Index Cond": "(id = mc.movie_id)"}]}]}, {"Node Type": "Bitmap Heap Scan", "Parent Relationship": "Inner", "Relation Name": "movie_info", "Alias": "mi", "Startup Cost": 0.87, "Total Cost": 4.94, "Plan Rows": 1, "Plan Width": 8, "Recheck Cond": "(movie_id = t.id)", "Filter": "((info)::text = ANY ('{USA,America}'::text[]))", "Plans": [{"Node Type": "Bitmap Index Scan", "Parent Relationship": "Outer", "Index Name": "movie_id_movie_info", "Startup Cost": 0.0, "Total Cost": 0.87, "Plan Rows": 5, "Plan Width": 0, "Index Cond": "(movie_id = t.id)"}]}]}, {"Node Type": "Bitmap Heap Scan", "Parent Relationship": "Inner", "Relation Name": "info_type", "Alias": "it", "Startup Cost": 0.26, "Total Cost": 4.27, "Plan Rows": 1, "Plan Width": 4, "Recheck Cond": "(id = mi.info_type_id)", "Plans": [{"Node Type": "Bitmap Index Scan", "Parent Relationship": "Outer", "Index Name": "info_type_pkey", "Startup Cost": 0.0, "Total Cost": 0.26, "Plan Rows": 1, "Plan Width": 0, "Index Cond": "(id = mi.info_type_id)"}]}]}, {"Node Type": "Bitmap Heap Scan", "Parent Relationship": "Inner", "Relation Name": "company_type", "Alias": "ct", "Startup Cost": 0.39, "Total Cost": 4.41, "Plan Rows": 1, "Plan Width": 4, "Recheck Cond": "(id = mc.company_type_id)", "Filter": "((kind)::text = 'production companies'::text)", "Plans": [{"Node Type": "Bitmap Index Scan", "Parent Relationship": "Outer", "Index Name": "company_type_pkey", "Startup Cost": 0.0, "Total Cost": 0.39, "Plan Rows": 1, "Plan Width": 0, "Index Cond": "(id = mc.company_type_id)"}]}]}]}, "Unique SQL Id": 328306525, "Planner Runtime": 4}, "explain_analyze_plan": {"Plan": {"Node Type": "Aggregate", "Strategy": "Plain", "Startup Cost": 1000011276294.99, "Total Cost": 1000011276295.0, "Plan Rows": 1, "Plan Width": 49, "Actual Startup Time": 1689.858, "Actual Total Time": 1689.858, "Actual Rows": 1, "Actual Loops": 1, "Plans": [{"Node Type": "Nested Loop", "Parent Relationship": "Outer", "Join Type": "Inner", "Startup Cost": 10000000005.78, "Total Cost": 1000011276294.93, "Plan Rows": 24, "Plan Width": 17, "Actual Startup Time": 1689.851, "Actual Total Time": 1689.851, "Actual Rows": 0, "Actual Loops": 1, "Inner Unique": true, "Plans": [{"Node Type": "Nested Loop", "Parent Relationship": "Outer", "Join Type": "Inner", "Startup Cost": 10000000005.38, "Total Cost": 1000011276078.43, "Plan Rows": 49, "Plan Width": 21, "Actual Startup Time": 1689.849, "Actual Total Time": 1689.849, "Actual Rows": 0, "Actual Loops": 1, "Inner Unique": true, "Plans": [{"Node Type": "Nested Loop", "Parent Relationship": "Outer", "Join Type": "Inner", "Startup Cost": 10000000005.13, "Total Cost": 1000011275868.7, "Plan Rows": 49, "Plan Width": 25, "Actual Startup Time": 1689.847, "Actual Total Time": 1689.847, "Actual Rows": 0, "Actual Loops": 1, "Inner Unique": false, "Plans": [{"Node Type": "Nested Loop", "Parent Relationship": "Outer", "Join Type": "Inner", "Startup Cost": 10000000004.26, "Total Cost": 1000011275551.68, "Plan Rows": 64, "Plan Width": 29, "Actual Startup Time": 1689.843, "Actual Total Time": 1689.843, "Actual Rows": 0, "Actual Loops": 1, "Inner Unique": true, "Plans": [{"Node Type": "Index Scan", "Parent Relationship": "Outer", "Scan Direction": "Forward", "Index Name": "company_type_id_movie_companies", "Relation Name": "movie_companies", "Alias": "mc", "Startup Cost": 10000000000.0, "Total Cost": 1000011275063.0, "Plan Rows": 59, "Plan Width": 8, "Actual Startup Time": 6.155, "Actual Total Time": 1673.67, "Actual Rows": 1418, "Actual Loops": 1, "Filter": "(((note)::text ~~ '%(VHS)%'::text) AND ((note)::text ~~ '%(USA)%'::text) AND ((note)::text ~~ '%(1994)%'::text))", "Rows Removed by Filter": 2607710}, {"Node Type": "Bitmap Heap Scan", "Parent Relationship": "Inner", "Relation Name": "title", "Alias": "t", "Startup Cost": 4.26, "Total Cost": 8.27, "Plan Rows": 1, "Plan Width": 21, "Actual Startup Time": 13.912, "Actual Total Time": 13.912, "Actual Rows": 0, "Actual Loops": 1418, "Recheck Cond": "(id = mc.movie_id)", "Rows Removed by Index Recheck": 0, "Filter": "(production_year > 2010)", "Rows Removed by Filter": 1418, "Exact Heap Blocks": 1418, "Lossy Heap Blocks": 1418, "Plans": [{"Node Type": "Bitmap Index Scan", "Parent Relationship": "Outer", "Index Name": "title_pkey", "Startup Cost": 0.0, "Total Cost": 4.26, "Plan Rows": 1, "Plan Width": 0, "Actual Startup Time": 7.738, "Actual Total Time": 7.738, "Actual Rows": 1418, "Actual Loops": 1418, "Index Cond": "(id = mc.movie_id)"}]}]}, {"Node Type": "Bitmap Heap Scan", "Parent Relationship": "Inner", "Relation Name": "movie_info", "Alias": "mi", "Startup Cost": 0.87, "Total Cost": 4.94, "Plan Rows": 1, "Plan Width": 8, "Actual Startup Time": 0.0, "Actual Total Time": 0.0, "Recheck Cond": "(movie_id = t.id)", "Rows Removed by Index Recheck": 0, "Filter": "((info)::text = ANY ('{USA,America}'::text[]))", "Rows Removed by Filter": 0, "Exact Heap Blocks": 0, "Lossy Heap Blocks": 0, "Plans": [{"Node Type": "Bitmap Index Scan", "Parent Relationship": "Outer", "Index Name": "movie_id_movie_info", "Startup Cost": 0.0, "Total Cost": 0.87, "Plan Rows": 5, "Plan Width": 0, "Actual Startup Time": 0.0, "Actual Total Time": 0.0, "Index Cond": "(movie_id = t.id)"}]}]}, {"Node Type": "Bitmap Heap Scan", "Parent Relationship": "Inner", "Relation Name": "info_type", "Alias": "it", "Startup Cost": 0.26, "Total Cost": 4.27, "Plan Rows": 1, "Plan Width": 4, "Actual Startup Time": 0.0, "Actual Total Time": 0.0, "Recheck Cond": "(id = mi.info_type_id)", "Rows Removed by Index Recheck": 0, "Exact Heap Blocks": 0, "Lossy Heap Blocks": 0, "Plans": [{"Node Type": "Bitmap Index Scan", "Parent Relationship": "Outer", "Index Name": "info_type_pkey", "Startup Cost": 0.0, "Total Cost": 0.26, "Plan Rows": 1, "Plan Width": 0, "Actual Startup Time": 0.0, "Actual Total Time": 0.0, "Index Cond": "(id = mi.info_type_id)"}]}]}, {"Node Type": "Bitmap Heap Scan", "Parent Relationship": "Inner", "Relation Name": "company_type", "Alias": "ct", "Startup Cost": 0.39, "Total Cost": 4.41, "Plan Rows": 1, "Plan Width": 4, "Actual Startup Time": 0.0, "Actual Total Time": 0.0, "Recheck Cond": "(id = mc.company_type_id)", "Rows Removed by Index Recheck": 0, "Filter": "((kind)::text = 'production companies'::text)", "Rows Removed by Filter": 0, "Exact Heap Blocks": 0, "Lossy Heap Blocks": 0, "Plans": [{"Node Type": "Bitmap Index Scan", "Parent Relationship": "Outer", "Index Name": "company_type_pkey", "Startup Cost": 0.0, "Total Cost": 0.39, "Plan Rows": 1, "Plan Width": 0, "Actual Startup Time": 0.0, "Actual Total Time": 0.0, "Index Cond": "(id = mc.company_type_id)"}]}]}]}, "Triggers": [], "Planner Runtime": 5.044, "Total Runtime": 1690.156, "Unique SQL Id": 328306525}}, "(1, '20')": {"explain_plan": {"Plan": {"Node Type": "Aggregate", "Strategy": "Plain", "Startup Cost": 61721.76, "Total Cost": 61721.77, "Plan Rows": 1, "Plan Width": 49, "Plans": [{"Node Type": "Nested Loop", "Parent Relationship": "Outer", "Join Type": "Inner", "Startup Cost": 0.0, "Total Cost": 61721.7, "Plan Rows": 24, "Plan Width": 17, "Inner Unique": true, "Plans": [{"Node Type": "Nested Loop", "Parent Relationship": "Outer", "Join Type": "Inner", "Startup Cost": 0.0, "Total Cost": 61714.98, "Plan Rows": 24, "Plan Width": 21, "Inner Unique": false, "Plans": [{"Node Type": "Nested Loop", "Parent Relationship": "Outer", "Join Type": "Inner", "Startup Cost": 0.0, "Total Cost": 61635.99, "Plan Rows": 32, "Plan Width": 25, "Inner Unique": true, "Plans": [{"Node Type": "Nested Loop", "Parent Relationship": "Outer", "Join Type": "Inner", "Startup Cost": 0.0, "Total Cost": 61387.52, "Plan Rows": 30, "Plan Width": 4, "Inner Unique": false, "Join Filter": "(ct.id = mc.company_type_id)", "Plans": [{"Node Type": "Seq Scan", "Parent Relationship": "Outer", "Relation Name": "company_type", "Alias": "ct", "Startup Cost": 0.0, "Total Cost": 1.04, "Plan Rows": 1, "Plan Width": 4, "Filter": "((kind)::text = 'production companies'::text)"}, {"Node Type": "Seq Scan", "Parent Relationship": "Inner", "Relation Name": "movie_companies", "Alias": "mc", "Startup Cost": 0.0, "Total Cost": 61385.74, "Plan Rows": 59, "Plan Width": 8, "Filter": "(((note)::text ~~ '%(VHS)%'::text) AND ((note)::text ~~ '%(USA)%'::text) AND ((note)::text ~~ '%(1994)%'::text))"}]}, {"Node Type": "Index Scan", "Parent Relationship": "Inner", "Scan Direction": "Forward", "Index Name": "title_pkey", "Relation Name": "title", "Alias": "t", "Startup Cost": 0.0, "Total Cost": 8.27, "Plan Rows": 1, "Plan Width": 21, "Index Cond": "(id = mc.movie_id)", "Filter": "(production_year > 2010)"}]}, {"Node Type": "Index Scan", "Parent Relationship": "Inner", "Scan Direction": "Forward", "Index Name": "movie_id_movie_info", "Relation Name": "movie_info", "Alias": "mi", "Startup Cost": 0.0, "Total Cost": 2.46, "Plan Rows": 1, "Plan Width": 8, "Index Cond": "(movie_id = t.id)", "Filter": "((info)::text = ANY ('{USA,America}'::text[]))"}]}, {"Node Type": "Index Scan", "Parent Relationship": "Inner", "Scan Direction": "Forward", "Index Name": "info_type_pkey", "Relation Name": "info_type", "Alias": "it", "Startup Cost": 0.0, "Total Cost": 0.27, "Plan Rows": 1, "Plan Width": 4, "Index Cond": "(id = mi.info_type_id)"}]}]}, "Unique SQL Id": 328306525, "Planner Runtime": 6}, "explain_analyze_plan": {"Plan": {"Node Type": "Aggregate", "Strategy": "Plain", "Startup Cost": 61721.76, "Total Cost": 61721.77, "Plan Rows": 1, "Plan Width": 49, "Actual Startup Time": 987.079, "Actual Total Time": 987.08, "Actual Rows": 1, "Actual Loops": 1, "Plans": [{"Node Type": "Nested Loop", "Parent Relationship": "Outer", "Join Type": "Inner", "Startup Cost": 0.0, "Total Cost": 61721.7, "Plan Rows": 24, "Plan Width": 17, "Actual Startup Time": 987.072, "Actual Total Time": 987.072, "Actual Rows": 0, "Actual Loops": 1, "Inner Unique": true, "Plans": [{"Node Type": "Nested Loop", "Parent Relationship": "Outer", "Join Type": "Inner", "Startup Cost": 0.0, "Total Cost": 61714.98, "Plan Rows": 24, "Plan Width": 21, "Actual Startup Time": 987.071, "Actual Total Time": 987.071, "Actual Rows": 0, "Actual Loops": 1, "Inner Unique": false, "Plans": [{"Node Type": "Nested Loop", "Parent Relationship": "Outer", "Join Type": "Inner", "Startup Cost": 0.0, "Total Cost": 61635.99, "Plan Rows": 32, "Plan Width": 25, "Actual Startup Time": 987.07, "Actual Total Time": 987.07, "Actual Rows": 0, "Actual Loops": 1, "Inner Unique": true, "Plans": [{"Node Type": "Nested Loop", "Parent Relationship": "Outer", "Join Type": "Inner", "Startup Cost": 0.0, "Total Cost": 61387.52, "Plan Rows": 30, "Plan Width": 4, "Actual Startup Time": 987.068, "Actual Total Time": 987.068, "Actual Rows": 0, "Actual Loops": 1, "Inner Unique": false, "Join Filter": "(ct.id = mc.company_type_id)", "Rows Removed by Join Filter": 1418, "Plans": [{"Node Type": "Seq Scan", "Parent Relationship": "Outer", "Relation Name": "company_type", "Alias": "ct", "Startup Cost": 0.0, "Total Cost": 1.04, "Plan Rows": 1, "Plan Width": 4, "Actual Startup Time": 0.014, "Actual Total Time": 0.02, "Actual Rows": 1, "Actual Loops": 1, "Filter": "((kind)::text = 'production companies'::text)", "Rows Removed by Filter": 2}, {"Node Type": "Seq Scan", "Parent Relationship": "Inner", "Relation Name": "movie_companies", "Alias": "mc", "Startup Cost": 0.0, "Total Cost": 61385.74, "Plan Rows": 59, "Plan Width": 8, "Actual Startup Time": 4.166, "Actual Total Time": 986.623, "Actual Rows": 1418, "Actual Loops": 1, "Filter": "(((note)::text ~~ '%(VHS)%'::text) AND ((note)::text ~~ '%(USA)%'::text) AND ((note)::text ~~ '%(1994)%'::text))", "Rows Removed by Filter": 2607710}]}, {"Node Type": "Index Scan", "Parent Relationship": "Inner", "Scan Direction": "Forward", "Index Name": "title_pkey", "Relation Name": "title", "Alias": "t", "Startup Cost": 0.0, "Total Cost": 8.27, "Plan Rows": 1, "Plan Width": 21, "Actual Startup Time": 0.0, "Actual Total Time": 0.0, "Index Cond": "(id = mc.movie_id)", "Rows Removed by Index Recheck": 0, "Filter": "(production_year > 2010)", "Rows Removed by Filter": 0}]}, {"Node Type": "Index Scan", "Parent Relationship": "Inner", "Scan Direction": "Forward", "Index Name": "movie_id_movie_info", "Relation Name": "movie_info", "Alias": "mi", "Startup Cost": 0.0, "Total Cost": 2.46, "Plan Rows": 1, "Plan Width": 8, "Actual Startup Time": 0.0, "Actual Total Time": 0.0, "Index Cond": "(movie_id = t.id)", "Rows Removed by Index Recheck": 0, "Filter": "((info)::text = ANY ('{USA,America}'::text[]))", "Rows Removed by Filter": 0}]}, {"Node Type": "Index Scan", "Parent Relationship": "Inner", "Scan Direction": "Forward", "Index Name": "info_type_pkey", "Relation Name": "info_type", "Alias": "it", "Startup Cost": 0.0, "Total Cost": 0.27, "Plan Rows": 1, "Plan Width": 4, "Actual Startup Time": 0.0, "Actual Total Time": 0.0, "Index Cond": "(id = mi.info_type_id)", "Rows Removed by Index Recheck": 0}]}]}, "Triggers": [], "Planner Runtime": 7.432, "Total Runtime": 987.358, "Unique SQL Id": 328306525}}, "(1, '21')": {"explain_plan": {"Plan": {"Node Type": "Aggregate", "Strategy": "Plain", "Startup Cost": 63248.6, "Total Cost": 63248.61, "Plan Rows": 1, "Plan Width": 49, "Plans": [{"Node Type": "Nested Loop", "Parent Relationship": "Outer", "Join Type": "Inner", "Startup Cost": 0.0, "Total Cost": 63248.54, "Plan Rows": 24, "Plan Width": 17, "Inner Unique": true, "Plans": [{"Node Type": "Nested Loop", "Parent Relationship": "Outer", "Join Type": "Inner", "Startup Cost": 0.0, "Total Cost": 63241.82, "Plan Rows": 24, "Plan Width": 21, "Inner Unique": false, "Plans": [{"Node Type": "Nested Loop", "Parent Relationship": "Outer", "Join Type": "Inner", "Startup Cost": 0.0, "Total Cost": 63162.83, "Plan Rows": 32, "Plan Width": 25, "Inner Unique": true, "Plans": [{"Node Type": "Nested Loop", "Parent Relationship": "Outer", "Join Type": "Inner", "Startup Cost": 0.0, "Total Cost": 62914.35, "Plan Rows": 30, "Plan Width": 4, "Inner Unique": false, "Plans": [{"Node Type": "Index Scan", "Parent Relationship": "Outer", "Scan Direction": "Forward", "Index Name": "company_type_pkey", "Relation Name": "company_type", "Alias": "ct", "Startup Cost": 0.0, "Total Cost": 12.3, "Plan Rows": 1, "Plan Width": 4, "Filter": "((kind)::text = 'production companies'::text)"}, {"Node Type": "Index Scan", "Parent Relationship": "Inner", "Scan Direction": "Forward", "Index Name": "company_type_id_movie_companies", "Relation Name": "movie_companies", "Alias": "mc", "Startup Cost": 0.0, "Total Cost": 62901.76, "Plan Rows": 29, "Plan Width": 8, "Index Cond": "(company_type_id = ct.id)", "Filter": "(((note)::text ~~ '%(VHS)%'::text) AND ((note)::text ~~ '%(USA)%'::text) AND ((note)::text ~~ '%(1994)%'::text))"}]}, {"Node Type": "Index Scan", "Parent Relationship": "Inner", "Scan Direction": "Forward", "Index Name": "title_pkey", "Relation Name": "title", "Alias": "t", "Startup Cost": 0.0, "Total Cost": 8.27, "Plan Rows": 1, "Plan Width": 21, "Index Cond": "(id = mc.movie_id)", "Filter": "(production_year > 2010)"}]}, {"Node Type": "Index Scan", "Parent Relationship": "Inner", "Scan Direction": "Forward", "Index Name": "movie_id_movie_info", "Relation Name": "movie_info", "Alias": "mi", "Startup Cost": 0.0, "Total Cost": 2.46, "Plan Rows": 1, "Plan Width": 8, "Index Cond": "(movie_id = t.id)", "Filter": "((info)::text = ANY ('{USA,America}'::text[]))"}]}, {"Node Type": "Index Scan", "Parent Relationship": "Inner", "Scan Direction": "Forward", "Index Name": "info_type_pkey", "Relation Name": "info_type", "Alias": "it", "Startup Cost": 0.0, "Total Cost": 0.27, "Plan Rows": 1, "Plan Width": 4, "Index Cond": "(id = mi.info_type_id)"}]}]}, "Unique SQL Id": 328306525, "Planner Runtime": 6}, "explain_analyze_plan": {"Plan": {"Node Type": "Aggregate", "Strategy": "Plain", "Startup Cost": 63248.6, "Total Cost": 63248.61, "Plan Rows": 1, "Plan Width": 49, "Actual Startup Time": 742.385, "Actual Total Time": 742.386, "Actual Rows": 1, "Actual Loops": 1, "Plans": [{"Node Type": "Nested Loop", "Parent Relationship": "Outer", "Join Type": "Inner", "Startup Cost": 0.0, "Total Cost": 63248.54, "Plan Rows": 24, "Plan Width": 17, "Actual Startup Time": 742.379, "Actual Total Time": 742.379, "Actual Rows": 0, "Actual Loops": 1, "Inner Unique": true, "Plans": [{"Node Type": "Nested Loop", "Parent Relationship": "Outer", "Join Type": "Inner", "Startup Cost": 0.0, "Total Cost": 63241.82, "Plan Rows": 24, "Plan Width": 21, "Actual Startup Time": 742.378, "Actual Total Time": 742.378, "Actual Rows": 0, "Actual Loops": 1, "Inner Unique": false, "Plans": [{"Node Type": "Nested Loop", "Parent Relationship": "Outer", "Join Type": "Inner", "Startup Cost": 0.0, "Total Cost": 63162.83, "Plan Rows": 32, "Plan Width": 25, "Actual Startup Time": 742.377, "Actual Total Time": 742.377, "Actual Rows": 0, "Actual Loops": 1, "Inner Unique": true, "Plans": [{"Node Type": "Nested Loop", "Parent Relationship": "Outer", "Join Type": "Inner", "Startup Cost": 0.0, "Total Cost": 62914.35, "Plan Rows": 30, "Plan Width": 4, "Actual Startup Time": 742.375, "Actual Total Time": 742.375, "Actual Rows": 0, "Actual Loops": 1, "Inner Unique": false, "Plans": [{"Node Type": "Index Scan", "Parent Relationship": "Outer", "Scan Direction": "Forward", "Index Name": "company_type_pkey", "Relation Name": "company_type", "Alias": "ct", "Startup Cost": 0.0, "Total Cost": 12.3, "Plan Rows": 1, "Plan Width": 4, "Actual Startup Time": 0.013, "Actual Total Time": 0.023, "Actual Rows": 1, "Actual Loops": 1, "Filter": "((kind)::text = 'production companies'::text)", "Rows Removed by Filter": 2}, {"Node Type": "Index Scan", "Parent Relationship": "Inner", "Scan Direction": "Forward", "Index Name": "company_type_id_movie_companies", "Relation Name": "movie_companies", "Alias": "mc", "Startup Cost": 0.0, "Total Cost": 62901.76, "Plan Rows": 29, "Plan Width": 8, "Actual Startup Time": 742.345, "Actual Total Time": 742.345, "Actual Rows": 0, "Actual Loops": 1, "Index Cond": "(company_type_id = ct.id)", "Rows Removed by Index Recheck": 0, "Filter": "(((note)::text ~~ '%(VHS)%'::text) AND ((note)::text ~~ '%(USA)%'::text) AND ((note)::text ~~ '%(1994)%'::text))", "Rows Removed by Filter": 1334883}]}, {"Node Type": "Index Scan", "Parent Relationship": "Inner", "Scan Direction": "Forward", "Index Name": "title_pkey", "Relation Name": "title", "Alias": "t", "Startup Cost": 0.0, "Total Cost": 8.27, "Plan Rows": 1, "Plan Width": 21, "Actual Startup Time": 0.0, "Actual Total Time": 0.0, "Index Cond": "(id = mc.movie_id)", "Rows Removed by Index Recheck": 0, "Filter": "(production_year > 2010)", "Rows Removed by Filter": 0}]}, {"Node Type": "Index Scan", "Parent Relationship": "Inner", "Scan Direction": "Forward", "Index Name": "movie_id_movie_info", "Relation Name": "movie_info", "Alias": "mi", "Startup Cost": 0.0, "Total Cost": 2.46, "Plan Rows": 1, "Plan Width": 8, "Actual Startup Time": 0.0, "Actual Total Time": 0.0, "Index Cond": "(movie_id = t.id)", "Rows Removed by Index Recheck": 0, "Filter": "((info)::text = ANY ('{USA,America}'::text[]))", "Rows Removed by Filter": 0}]}, {"Node Type": "Index Scan", "Parent Relationship": "Inner", "Scan Direction": "Forward", "Index Name": "info_type_pkey", "Relation Name": "info_type", "Alias": "it", "Startup Cost": 0.0, "Total Cost": 0.27, "Plan Rows": 1, "Plan Width": 4, "Actual Startup Time": 0.0, "Actual Total Time": 0.0, "Index Cond": "(id = mi.info_type_id)", "Rows Removed by Index Recheck": 0}]}]}, "Triggers": [], "Planner Runtime": 7.216, "Total Runtime": 742.642, "Unique SQL Id": 328306525}}, "(1, '22')": {"explain_plan": {"Plan": {"Node Type": "Aggregate", "Strategy": "Plain", "Startup Cost": 62302.06, "Total Cost": 62302.07, "Plan Rows": 1, "Plan Width": 49, "Plans": [{"Node Type": "Nested Loop", "Parent Relationship": "Outer", "Join Type": "Inner", "Startup Cost": 4.61, "Total Cost": 62302.0, "Plan Rows": 24, "Plan Width": 17, "Inner Unique": false, "Join Filter": "(mi.info_type_id = it.id)", "Plans": [{"Node Type": "Seq Scan", "Parent Relationship": "Outer", "Relation Name": "info_type", "Alias": "it", "Startup Cost": 0.0, "Total Cost": 2.12, "Plan Rows": 112, "Plan Width": 4}, {"Node Type": "Materialize", "Parent Relationship": "Inner", "Startup Cost": 4.61, "Total Cost": 62259.62, "Plan Rows": 24, "Plan Width": 21, "Plans": [{"Node Type": "Nested Loop", "Parent Relationship": "Outer", "Join Type": "Inner", "Startup Cost": 4.61, "Total Cost": 62259.5, "Plan Rows": 24, "Plan Width": 21, "Inner Unique": true, "Plans": [{"Node Type": "Nested Loop", "Parent Relationship": "Outer", "Join Type": "Inner", "Startup Cost": 4.29, "Total Cost": 62116.08, "Plan Rows": 33, "Plan Width": 12, "Inner Unique": false, "Plans": [{"Node Type": "Nested Loop", "Parent Relationship": "Outer", "Join Type": "Inner", "Startup Cost": 0.0, "Total Cost": 61387.52, "Plan Rows": 30, "Plan Width": 4, "Inner Unique": false, "Join Filter": "(ct.id = mc.company_type_id)", "Plans": [{"Node Type": "Seq Scan", "Parent Relationship": "Outer", "Relation Name": "company_type", "Alias": "ct", "Startup Cost": 0.0, "Total Cost": 1.04, "Plan Rows": 1, "Plan Width": 4, "Filter": "((kind)::text = 'production companies'::text)"}, {"Node Type": "Seq Scan", "Parent Relationship": "Inner", "Relation Name": "movie_companies", "Alias": "mc", "Startup Cost": 0.0, "Total Cost": 61385.74, "Plan Rows": 59, "Plan Width": 8, "Filter": "(((note)::text ~~ '%(VHS)%'::text) AND ((note)::text ~~ '%(USA)%'::text) AND ((note)::text ~~ '%(1994)%'::text))"}]}, {"Node Type": "Bitmap Heap Scan", "Parent Relationship": "Inner", "Relation Name": "movie_info", "Alias": "mi", "Startup Cost": 4.29, "Total Cost": 24.28, "Plan Rows": 1, "Plan Width": 8, "Recheck Cond": "(movie_id = mc.movie_id)", "Filter": "((info)::text = ANY ('{USA,America}'::text[]))", "Plans": [{"Node Type": "Bitmap Index Scan", "Parent Relationship": "Outer", "Index Name": "movie_id_movie_info", "Startup Cost": 0.0, "Total Cost": 4.29, "Plan Rows": 5, "Plan Width": 0, "Index Cond": "(movie_id = mc.movie_id)"}]}]}, {"Node Type": "Bitmap Heap Scan", "Parent Relationship": "Inner", "Relation Name": "title", "Alias": "t", "Startup Cost": 0.32, "Total Cost": 4.34, "Plan Rows": 1, "Plan Width": 21, "Recheck Cond": "(id = mi.movie_id)", "Filter": "(production_year > 2010)", "Plans": [{"Node Type": "Bitmap Index Scan", "Parent Relationship": "Outer", "Index Name": "title_pkey", "Startup Cost": 0.0, "Total Cost": 0.32, "Plan Rows": 1, "Plan Width": 0, "Index Cond": "(id = mi.movie_id)"}]}]}]}]}]}, "Unique SQL Id": 328306525, "Planner Runtime": 6}, "explain_analyze_plan": {"Plan": {"Node Type": "Aggregate", "Strategy": "Plain", "Startup Cost": 62302.06, "Total Cost": 62302.07, "Plan Rows": 1, "Plan Width": 49, "Actual Startup Time": 957.016, "Actual Total Time": 957.016, "Actual Rows": 1, "Actual Loops": 1, "Plans": [{"Node Type": "Nested Loop", "Parent Relationship": "Outer", "Join Type": "Inner", "Startup Cost": 4.61, "Total Cost": 62302.0, "Plan Rows": 24, "Plan Width": 17, "Actual Startup Time": 957.009, "Actual Total Time": 957.009, "Actual Rows": 0, "Actual Loops": 1, "Inner Unique": false, "Join Filter": "(mi.info_type_id = it.id)", "Rows Removed by Join Filter": 0, "Plans": [{"Node Type": "Seq Scan", "Parent Relationship": "Outer", "Relation Name": "info_type", "Alias": "it", "Startup Cost": 0.0, "Total Cost": 2.12, "Plan Rows": 112, "Plan Width": 4, "Actual Startup Time": 0.031, "Actual Total Time": 0.048, "Actual Rows": 112, "Actual Loops": 1}, {"Node Type": "Materialize", "Parent Relationship": "Inner", "Startup Cost": 4.61, "Total Cost": 62259.62, "Plan Rows": 24, "Plan Width": 21, "Actual Startup Time": 956.933, "Actual Total Time": 956.933, "Actual Rows": 0, "Actual Loops": 112, "Plans": [{"Node Type": "Nested Loop", "Parent Relationship": "Outer", "Join Type": "Inner", "Startup Cost": 4.61, "Total Cost": 62259.5, "Plan Rows": 24, "Plan Width": 21, "Actual Startup Time": 956.916, "Actual Total Time": 956.916, "Actual Rows": 0, "Actual Loops": 1, "Inner Unique": true, "Plans": [{"Node Type": "Nested Loop", "Parent Relationship": "Outer", "Join Type": "Inner", "Startup Cost": 4.29, "Total Cost": 62116.08, "Plan Rows": 33, "Plan Width": 12, "Actual Startup Time": 956.914, "Actual Total Time": 956.914, "Actual Rows": 0, "Actual Loops": 1, "Inner Unique": false, "Plans": [{"Node Type": "Nested Loop", "Parent Relationship": "Outer", "Join Type": "Inner", "Startup Cost": 0.0, "Total Cost": 61387.52, "Plan Rows": 30, "Plan Width": 4, "Actual Startup Time": 956.912, "Actual Total Time": 956.912, "Actual Rows": 0, "Actual Loops": 1, "Inner Unique": false, "Join Filter": "(ct.id = mc.company_type_id)", "Rows Removed by Join Filter": 1418, "Plans": [{"Node Type": "Seq Scan", "Parent Relationship": "Outer", "Relation Name": "company_type", "Alias": "ct", "Startup Cost": 0.0, "Total Cost": 1.04, "Plan Rows": 1, "Plan Width": 4, "Actual Startup Time": 0.013, "Actual Total Time": 0.019, "Actual Rows": 1, "Actual Loops": 1, "Filter": "((kind)::text = 'production companies'::text)", "Rows Removed by Filter": 2}, {"Node Type": "Seq Scan", "Parent Relationship": "Inner", "Relation Name": "movie_companies", "Alias": "mc", "Startup Cost": 0.0, "Total Cost": 61385.74, "Plan Rows": 59, "Plan Width": 8, "Actual Startup Time": 3.894, "Actual Total Time": 956.458, "Actual Rows": 1418, "Actual Loops": 1, "Filter": "(((note)::text ~~ '%(VHS)%'::text) AND ((note)::text ~~ '%(USA)%'::text) AND ((note)::text ~~ '%(1994)%'::text))", "Rows Removed by Filter": 2607710}]}, {"Node Type": "Bitmap Heap Scan", "Parent Relationship": "Inner", "Relation Name": "movie_info", "Alias": "mi", "Startup Cost": 4.29, "Total Cost": 24.28, "Plan Rows": 1, "Plan Width": 8, "Actual Startup Time": 0.0, "Actual Total Time": 0.0, "Recheck Cond": "(movie_id = mc.movie_id)", "Rows Removed by Index Recheck": 0, "Filter": "((info)::text = ANY ('{USA,America}'::text[]))", "Rows Removed by Filter": 0, "Exact Heap Blocks": 0, "Lossy Heap Blocks": 0, "Plans": [{"Node Type": "Bitmap Index Scan", "Parent Relationship": "Outer", "Index Name": "movie_id_movie_info", "Startup Cost": 0.0, "Total Cost": 4.29, "Plan Rows": 5, "Plan Width": 0, "Actual Startup Time": 0.0, "Actual Total Time": 0.0, "Index Cond": "(movie_id = mc.movie_id)"}]}]}, {"Node Type": "Bitmap Heap Scan", "Parent Relationship": "Inner", "Relation Name": "title", "Alias": "t", "Startup Cost": 0.32, "Total Cost": 4.34, "Plan Rows": 1, "Plan Width": 21, "Actual Startup Time": 0.0, "Actual Total Time": 0.0, "Recheck Cond": "(id = mi.movie_id)", "Rows Removed by Index Recheck": 0, "Filter": "(production_year > 2010)", "Rows Removed by Filter": 0, "Exact Heap Blocks": 0, "Lossy Heap Blocks": 0, "Plans": [{"Node Type": "Bitmap Index Scan", "Parent Relationship": "Outer", "Index Name": "title_pkey", "Startup Cost": 0.0, "Total Cost": 0.32, "Plan Rows": 1, "Plan Width": 0, "Actual Startup Time": 0.0, "Actual Total Time": 0.0, "Index Cond": "(id = mi.movie_id)"}]}]}]}]}]}, "Triggers": [], "Planner Runtime": 6.588, "Total Runtime": 957.251, "Unique SQL Id": 328306525}}, "(1, '23')": {"explain_plan": {"Plan": {"Node Type": "Aggregate", "Strategy": "Plain", "Startup Cost": 1000011276294.99, "Total Cost": 1000011276295.0, "Plan Rows": 1, "Plan Width": 49, "Plans": [{"Node Type": "Nested Loop", "Parent Relationship": "Outer", "Join Type": "Inner", "Startup Cost": 10000000005.78, "Total Cost": 1000011276294.93, "Plan Rows": 24, "Plan Width": 17, "Inner Unique": true, "Plans": [{"Node Type": "Nested Loop", "Parent Relationship": "Outer", "Join Type": "Inner", "Startup Cost": 10000000005.38, "Total Cost": 1000011276078.43, "Plan Rows": 49, "Plan Width": 21, "Inner Unique": true, "Plans": [{"Node Type": "Nested Loop", "Parent Relationship": "Outer", "Join Type": "Inner", "Startup Cost": 10000000005.13, "Total Cost": 1000011275868.7, "Plan Rows": 49, "Plan Width": 25, "Inner Unique": false, "Plans": [{"Node Type": "Nested Loop", "Parent Relationship": "Outer", "Join Type": "Inner", "Startup Cost": 10000000004.26, "Total Cost": 1000011275551.68, "Plan Rows": 64, "Plan Width": 29, "Inner Unique": true, "Plans": [{"Node Type": "Index Scan", "Parent Relationship": "Outer", "Scan Direction": "Forward", "Index Name": "company_type_id_movie_companies", "Relation Name": "movie_companies", "Alias": "mc", "Startup Cost": 10000000000.0, "Total Cost": 1000011275063.0, "Plan Rows": 59, "Plan Width": 8, "Filter": "(((note)::text ~~ '%(VHS)%'::text) AND ((note)::text ~~ '%(USA)%'::text) AND ((note)::text ~~ '%(1994)%'::text))"}, {"Node Type": "Bitmap Heap Scan", "Parent Relationship": "Inner", "Relation Name": "title", "Alias": "t", "Startup Cost": 4.26, "Total Cost": 8.27, "Plan Rows": 1, "Plan Width": 21, "Recheck Cond": "(id = mc.movie_id)", "Filter": "(production_year > 2010)", "Plans": [{"Node Type": "Bitmap Index Scan", "Parent Relationship": "Outer", "Index Name": "title_pkey", "Startup Cost": 0.0, "Total Cost": 4.26, "Plan Rows": 1, "Plan Width": 0, "Index Cond": "(id = mc.movie_id)"}]}]}, {"Node Type": "Bitmap Heap Scan", "Parent Relationship": "Inner", "Relation Name": "movie_info", "Alias": "mi", "Startup Cost": 0.87, "Total Cost": 4.94, "Plan Rows": 1, "Plan Width": 8, "Recheck Cond": "(movie_id = t.id)", "Filter": "((info)::text = ANY ('{USA,America}'::text[]))", "Plans": [{"Node Type": "Bitmap Index Scan", "Parent Relationship": "Outer", "Index Name": "movie_id_movie_info", "Startup Cost": 0.0, "Total Cost": 0.87, "Plan Rows": 5, "Plan Width": 0, "Index Cond": "(movie_id = t.id)"}]}]}, {"Node Type": "Bitmap Heap Scan", "Parent Relationship": "Inner", "Relation Name": "info_type", "Alias": "it", "Startup Cost": 0.26, "Total Cost": 4.27, "Plan Rows": 1, "Plan Width": 4, "Recheck Cond": "(id = mi.info_type_id)", "Plans": [{"Node Type": "Bitmap Index Scan", "Parent Relationship": "Outer", "Index Name": "info_type_pkey", "Startup Cost": 0.0, "Total Cost": 0.26, "Plan Rows": 1, "Plan Width": 0, "Index Cond": "(id = mi.info_type_id)"}]}]}, {"Node Type": "Bitmap Heap Scan", "Parent Relationship": "Inner", "Relation Name": "company_type", "Alias": "ct", "Startup Cost": 0.39, "Total Cost": 4.41, "Plan Rows": 1, "Plan Width": 4, "Recheck Cond": "(id = mc.company_type_id)", "Filter": "((kind)::text = 'production companies'::text)", "Plans": [{"Node Type": "Bitmap Index Scan", "Parent Relationship": "Outer", "Index Name": "company_type_pkey", "Startup Cost": 0.0, "Total Cost": 0.39, "Plan Rows": 1, "Plan Width": 0, "Index Cond": "(id = mc.company_type_id)"}]}]}]}, "Unique SQL Id": 328306525, "Planner Runtime": 4}, "explain_analyze_plan": {"Plan": {"Node Type": "Aggregate", "Strategy": "Plain", "Startup Cost": 1000011276294.99, "Total Cost": 1000011276295.0, "Plan Rows": 1, "Plan Width": 49, "Actual Startup Time": 1689.858, "Actual Total Time": 1689.858, "Actual Rows": 1, "Actual Loops": 1, "Plans": [{"Node Type": "Nested Loop", "Parent Relationship": "Outer", "Join Type": "Inner", "Startup Cost": 10000000005.78, "Total Cost": 1000011276294.93, "Plan Rows": 24, "Plan Width": 17, "Actual Startup Time": 1689.851, "Actual Total Time": 1689.851, "Actual Rows": 0, "Actual Loops": 1, "Inner Unique": true, "Plans": [{"Node Type": "Nested Loop", "Parent Relationship": "Outer", "Join Type": "Inner", "Startup Cost": 10000000005.38, "Total Cost": 1000011276078.43, "Plan Rows": 49, "Plan Width": 21, "Actual Startup Time": 1689.849, "Actual Total Time": 1689.849, "Actual Rows": 0, "Actual Loops": 1, "Inner Unique": true, "Plans": [{"Node Type": "Nested Loop", "Parent Relationship": "Outer", "Join Type": "Inner", "Startup Cost": 10000000005.13, "Total Cost": 1000011275868.7, "Plan Rows": 49, "Plan Width": 25, "Actual Startup Time": 1689.847, "Actual Total Time": 1689.847, "Actual Rows": 0, "Actual Loops": 1, "Inner Unique": false, "Plans": [{"Node Type": "Nested Loop", "Parent Relationship": "Outer", "Join Type": "Inner", "Startup Cost": 10000000004.26, "Total Cost": 1000011275551.68, "Plan Rows": 64, "Plan Width": 29, "Actual Startup Time": 1689.843, "Actual Total Time": 1689.843, "Actual Rows": 0, "Actual Loops": 1, "Inner Unique": true, "Plans": [{"Node Type": "Index Scan", "Parent Relationship": "Outer", "Scan Direction": "Forward", "Index Name": "company_type_id_movie_companies", "Relation Name": "movie_companies", "Alias": "mc", "Startup Cost": 10000000000.0, "Total Cost": 1000011275063.0, "Plan Rows": 59, "Plan Width": 8, "Actual Startup Time": 6.155, "Actual Total Time": 1673.67, "Actual Rows": 1418, "Actual Loops": 1, "Filter": "(((note)::text ~~ '%(VHS)%'::text) AND ((note)::text ~~ '%(USA)%'::text) AND ((note)::text ~~ '%(1994)%'::text))", "Rows Removed by Filter": 2607710}, {"Node Type": "Bitmap Heap Scan", "Parent Relationship": "Inner", "Relation Name": "title", "Alias": "t", "Startup Cost": 4.26, "Total Cost": 8.27, "Plan Rows": 1, "Plan Width": 21, "Actual Startup Time": 13.912, "Actual Total Time": 13.912, "Actual Rows": 0, "Actual Loops": 1418, "Recheck Cond": "(id = mc.movie_id)", "Rows Removed by Index Recheck": 0, "Filter": "(production_year > 2010)", "Rows Removed by Filter": 1418, "Exact Heap Blocks": 1418, "Lossy Heap Blocks": 1418, "Plans": [{"Node Type": "Bitmap Index Scan", "Parent Relationship": "Outer", "Index Name": "title_pkey", "Startup Cost": 0.0, "Total Cost": 4.26, "Plan Rows": 1, "Plan Width": 0, "Actual Startup Time": 7.738, "Actual Total Time": 7.738, "Actual Rows": 1418, "Actual Loops": 1418, "Index Cond": "(id = mc.movie_id)"}]}]}, {"Node Type": "Bitmap Heap Scan", "Parent Relationship": "Inner", "Relation Name": "movie_info", "Alias": "mi", "Startup Cost": 0.87, "Total Cost": 4.94, "Plan Rows": 1, "Plan Width": 8, "Actual Startup Time": 0.0, "Actual Total Time": 0.0, "Recheck Cond": "(movie_id = t.id)", "Rows Removed by Index Recheck": 0, "Filter": "((info)::text = ANY ('{USA,America}'::text[]))", "Rows Removed by Filter": 0, "Exact Heap Blocks": 0, "Lossy Heap Blocks": 0, "Plans": [{"Node Type": "Bitmap Index Scan", "Parent Relationship": "Outer", "Index Name": "movie_id_movie_info", "Startup Cost": 0.0, "Total Cost": 0.87, "Plan Rows": 5, "Plan Width": 0, "Actual Startup Time": 0.0, "Actual Total Time": 0.0, "Index Cond": "(movie_id = t.id)"}]}]}, {"Node Type": "Bitmap Heap Scan", "Parent Relationship": "Inner", "Relation Name": "info_type", "Alias": "it", "Startup Cost": 0.26, "Total Cost": 4.27, "Plan Rows": 1, "Plan Width": 4, "Actual Startup Time": 0.0, "Actual Total Time": 0.0, "Recheck Cond": "(id = mi.info_type_id)", "Rows Removed by Index Recheck": 0, "Exact Heap Blocks": 0, "Lossy Heap Blocks": 0, "Plans": [{"Node Type": "Bitmap Index Scan", "Parent Relationship": "Outer", "Index Name": "info_type_pkey", "Startup Cost": 0.0, "Total Cost": 0.26, "Plan Rows": 1, "Plan Width": 0, "Actual Startup Time": 0.0, "Actual Total Time": 0.0, "Index Cond": "(id = mi.info_type_id)"}]}]}, {"Node Type": "Bitmap Heap Scan", "Parent Relationship": "Inner", "Relation Name": "company_type", "Alias": "ct", "Startup Cost": 0.39, "Total Cost": 4.41, "Plan Rows": 1, "Plan Width": 4, "Actual Startup Time": 0.0, "Actual Total Time": 0.0, "Recheck Cond": "(id = mc.company_type_id)", "Rows Removed by Index Recheck": 0, "Filter": "((kind)::text = 'production companies'::text)", "Rows Removed by Filter": 0, "Exact Heap Blocks": 0, "Lossy Heap Blocks": 0, "Plans": [{"Node Type": "Bitmap Index Scan", "Parent Relationship": "Outer", "Index Name": "company_type_pkey", "Startup Cost": 0.0, "Total Cost": 0.39, "Plan Rows": 1, "Plan Width": 0, "Actual Startup Time": 0.0, "Actual Total Time": 0.0, "Index Cond": "(id = mc.company_type_id)"}]}]}]}, "Triggers": [], "Planner Runtime": 5.044, "Total Runtime": 1690.156, "Unique SQL Id": 328306525}}, "(1, '24')": {"explain_plan": {"Plan": {"Node Type": "Aggregate", "Strategy": "Plain", "Startup Cost": 61721.76, "Total Cost": 61721.77, "Plan Rows": 1, "Plan Width": 49, "Plans": [{"Node Type": "Nested Loop", "Parent Relationship": "Outer", "Join Type": "Inner", "Startup Cost": 0.0, "Total Cost": 61721.7, "Plan Rows": 24, "Plan Width": 17, "Inner Unique": true, "Plans": [{"Node Type": "Nested Loop", "Parent Relationship": "Outer", "Join Type": "Inner", "Startup Cost": 0.0, "Total Cost": 61714.98, "Plan Rows": 24, "Plan Width": 21, "Inner Unique": false, "Plans": [{"Node Type": "Nested Loop", "Parent Relationship": "Outer", "Join Type": "Inner", "Startup Cost": 0.0, "Total Cost": 61635.99, "Plan Rows": 32, "Plan Width": 25, "Inner Unique": true, "Plans": [{"Node Type": "Nested Loop", "Parent Relationship": "Outer", "Join Type": "Inner", "Startup Cost": 0.0, "Total Cost": 61387.52, "Plan Rows": 30, "Plan Width": 4, "Inner Unique": false, "Join Filter": "(ct.id = mc.company_type_id)", "Plans": [{"Node Type": "Seq Scan", "Parent Relationship": "Outer", "Relation Name": "company_type", "Alias": "ct", "Startup Cost": 0.0, "Total Cost": 1.04, "Plan Rows": 1, "Plan Width": 4, "Filter": "((kind)::text = 'production companies'::text)"}, {"Node Type": "Seq Scan", "Parent Relationship": "Inner", "Relation Name": "movie_companies", "Alias": "mc", "Startup Cost": 0.0, "Total Cost": 61385.74, "Plan Rows": 59, "Plan Width": 8, "Filter": "(((note)::text ~~ '%(VHS)%'::text) AND ((note)::text ~~ '%(USA)%'::text) AND ((note)::text ~~ '%(1994)%'::text))"}]}, {"Node Type": "Index Scan", "Parent Relationship": "Inner", "Scan Direction": "Forward", "Index Name": "title_pkey", "Relation Name": "title", "Alias": "t", "Startup Cost": 0.0, "Total Cost": 8.27, "Plan Rows": 1, "Plan Width": 21, "Index Cond": "(id = mc.movie_id)", "Filter": "(production_year > 2010)"}]}, {"Node Type": "Index Scan", "Parent Relationship": "Inner", "Scan Direction": "Forward", "Index Name": "movie_id_movie_info", "Relation Name": "movie_info", "Alias": "mi", "Startup Cost": 0.0, "Total Cost": 2.46, "Plan Rows": 1, "Plan Width": 8, "Index Cond": "(movie_id = t.id)", "Filter": "((info)::text = ANY ('{USA,America}'::text[]))"}]}, {"Node Type": "Index Only Scan", "Parent Relationship": "Inner", "Scan Direction": "Forward", "Index Name": "info_type_pkey", "Relation Name": "info_type", "Alias": "it", "Startup Cost": 0.0, "Total Cost": 0.27, "Plan Rows": 1, "Plan Width": 4, "Index Cond": "(id = mi.info_type_id)"}]}]}, "Unique SQL Id": 328306525, "Planner Runtime": 6}, "explain_analyze_plan": {"Plan": {"Node Type": "Aggregate", "Strategy": "Plain", "Startup Cost": 61721.76, "Total Cost": 61721.77, "Plan Rows": 1, "Plan Width": 49, "Actual Startup Time": 946.595, "Actual Total Time": 946.596, "Actual Rows": 1, "Actual Loops": 1, "Plans": [{"Node Type": "Nested Loop", "Parent Relationship": "Outer", "Join Type": "Inner", "Startup Cost": 0.0, "Total Cost": 61721.7, "Plan Rows": 24, "Plan Width": 17, "Actual Startup Time": 946.584, "Actual Total Time": 946.584, "Actual Rows": 0, "Actual Loops": 1, "Inner Unique": true, "Plans": [{"Node Type": "Nested Loop", "Parent Relationship": "Outer", "Join Type": "Inner", "Startup Cost": 0.0, "Total Cost": 61714.98, "Plan Rows": 24, "Plan Width": 21, "Actual Startup Time": 946.583, "Actual Total Time": 946.583, "Actual Rows": 0, "Actual Loops": 1, "Inner Unique": false, "Plans": [{"Node Type": "Nested Loop", "Parent Relationship": "Outer", "Join Type": "Inner", "Startup Cost": 0.0, "Total Cost": 61635.99, "Plan Rows": 32, "Plan Width": 25, "Actual Startup Time": 946.582, "Actual Total Time": 946.582, "Actual Rows": 0, "Actual Loops": 1, "Inner Unique": true, "Plans": [{"Node Type": "Nested Loop", "Parent Relationship": "Outer", "Join Type": "Inner", "Startup Cost": 0.0, "Total Cost": 61387.52, "Plan Rows": 30, "Plan Width": 4, "Actual Startup Time": 946.58, "Actual Total Time": 946.58, "Actual Rows": 0, "Actual Loops": 1, "Inner Unique": false, "Join Filter": "(ct.id = mc.company_type_id)", "Rows Removed by Join Filter": 1418, "Plans": [{"Node Type": "Seq Scan", "Parent Relationship": "Outer", "Relation Name": "company_type", "Alias": "ct", "Startup Cost": 0.0, "Total Cost": 1.04, "Plan Rows": 1, "Plan Width": 4, "Actual Startup Time": 0.025, "Actual Total Time": 0.03, "Actual Rows": 1, "Actual Loops": 1, "Filter": "((kind)::text = 'production companies'::text)", "Rows Removed by Filter": 2}, {"Node Type": "Seq Scan", "Parent Relationship": "Inner", "Relation Name": "movie_companies", "Alias": "mc", "Startup Cost": 0.0, "Total Cost": 61385.74, "Plan Rows": 59, "Plan Width": 8, "Actual Startup Time": 3.943, "Actual Total Time": 946.12, "Actual Rows": 1418, "Actual Loops": 1, "Filter": "(((note)::text ~~ '%(VHS)%'::text) AND ((note)::text ~~ '%(USA)%'::text) AND ((note)::text ~~ '%(1994)%'::text))", "Rows Removed by Filter": 2607710}]}, {"Node Type": "Index Scan", "Parent Relationship": "Inner", "Scan Direction": "Forward", "Index Name": "title_pkey", "Relation Name": "title", "Alias": "t", "Startup Cost": 0.0, "Total Cost": 8.27, "Plan Rows": 1, "Plan Width": 21, "Actual Startup Time": 0.0, "Actual Total Time": 0.0, "Index Cond": "(id = mc.movie_id)", "Rows Removed by Index Recheck": 0, "Filter": "(production_year > 2010)", "Rows Removed by Filter": 0}]}, {"Node Type": "Index Scan", "Parent Relationship": "Inner", "Scan Direction": "Forward", "Index Name": "movie_id_movie_info", "Relation Name": "movie_info", "Alias": "mi", "Startup Cost": 0.0, "Total Cost": 2.46, "Plan Rows": 1, "Plan Width": 8, "Actual Startup Time": 0.0, "Actual Total Time": 0.0, "Index Cond": "(movie_id = t.id)", "Rows Removed by Index Recheck": 0, "Filter": "((info)::text = ANY ('{USA,America}'::text[]))", "Rows Removed by Filter": 0}]}, {"Node Type": "Index Only Scan", "Parent Relationship": "Inner", "Scan Direction": "Forward", "Index Name": "info_type_pkey", "Relation Name": "info_type", "Alias": "it", "Startup Cost": 0.0, "Total Cost": 0.27, "Plan Rows": 1, "Plan Width": 4, "Actual Startup Time": 0.0, "Actual Total Time": 0.0, "Index Cond": "(id = mi.info_type_id)", "Rows Removed by Index Recheck": 0, "Heap Fetches": 0}]}]}, "Triggers": [], "Planner Runtime": 7.558, "Total Runtime": 946.851, "Unique SQL Id": 328306525}}, "(1, '25')": {"explain_plan": {"Plan": {"Node Type": "Aggregate", "Strategy": "Plain", "Startup Cost": 63248.6, "Total Cost": 63248.61, "Plan Rows": 1, "Plan Width": 49, "Plans": [{"Node Type": "Nested Loop", "Parent Relationship": "Outer", "Join Type": "Inner", "Startup Cost": 0.0, "Total Cost": 63248.54, "Plan Rows": 24, "Plan Width": 17, "Inner Unique": true, "Plans": [{"Node Type": "Nested Loop", "Parent Relationship": "Outer", "Join Type": "Inner", "Startup Cost": 0.0, "Total Cost": 63241.82, "Plan Rows": 24, "Plan Width": 21, "Inner Unique": false, "Plans": [{"Node Type": "Nested Loop", "Parent Relationship": "Outer", "Join Type": "Inner", "Startup Cost": 0.0, "Total Cost": 63162.83, "Plan Rows": 32, "Plan Width": 25, "Inner Unique": true, "Plans": [{"Node Type": "Nested Loop", "Parent Relationship": "Outer", "Join Type": "Inner", "Startup Cost": 0.0, "Total Cost": 62914.35, "Plan Rows": 30, "Plan Width": 4, "Inner Unique": false, "Plans": [{"Node Type": "Index Scan", "Parent Relationship": "Outer", "Scan Direction": "Forward", "Index Name": "company_type_pkey", "Relation Name": "company_type", "Alias": "ct", "Startup Cost": 0.0, "Total Cost": 12.3, "Plan Rows": 1, "Plan Width": 4, "Filter": "((kind)::text = 'production companies'::text)"}, {"Node Type": "Index Scan", "Parent Relationship": "Inner", "Scan Direction": "Forward", "Index Name": "company_type_id_movie_companies", "Relation Name": "movie_companies", "Alias": "mc", "Startup Cost": 0.0, "Total Cost": 62901.76, "Plan Rows": 29, "Plan Width": 8, "Index Cond": "(company_type_id = ct.id)", "Filter": "(((note)::text ~~ '%(VHS)%'::text) AND ((note)::text ~~ '%(USA)%'::text) AND ((note)::text ~~ '%(1994)%'::text))"}]}, {"Node Type": "Index Scan", "Parent Relationship": "Inner", "Scan Direction": "Forward", "Index Name": "title_pkey", "Relation Name": "title", "Alias": "t", "Startup Cost": 0.0, "Total Cost": 8.27, "Plan Rows": 1, "Plan Width": 21, "Index Cond": "(id = mc.movie_id)", "Filter": "(production_year > 2010)"}]}, {"Node Type": "Index Scan", "Parent Relationship": "Inner", "Scan Direction": "Forward", "Index Name": "movie_id_movie_info", "Relation Name": "movie_info", "Alias": "mi", "Startup Cost": 0.0, "Total Cost": 2.46, "Plan Rows": 1, "Plan Width": 8, "Index Cond": "(movie_id = t.id)", "Filter": "((info)::text = ANY ('{USA,America}'::text[]))"}]}, {"Node Type": "Index Only Scan", "Parent Relationship": "Inner", "Scan Direction": "Forward", "Index Name": "info_type_pkey", "Relation Name": "info_type", "Alias": "it", "Startup Cost": 0.0, "Total Cost": 0.27, "Plan Rows": 1, "Plan Width": 4, "Index Cond": "(id = mi.info_type_id)"}]}]}, "Unique SQL Id": 328306525, "Planner Runtime": 6}, "explain_analyze_plan": {"Plan": {"Node Type": "Aggregate", "Strategy": "Plain", "Startup Cost": 63248.6, "Total Cost": 63248.61, "Plan Rows": 1, "Plan Width": 49, "Actual Startup Time": 640.136, "Actual Total Time": 640.136, "Actual Rows": 1, "Actual Loops": 1, "Plans": [{"Node Type": "Nested Loop", "Parent Relationship": "Outer", "Join Type": "Inner", "Startup Cost": 0.0, "Total Cost": 63248.54, "Plan Rows": 24, "Plan Width": 17, "Actual Startup Time": 640.125, "Actual Total Time": 640.125, "Actual Rows": 0, "Actual Loops": 1, "Inner Unique": true, "Plans": [{"Node Type": "Nested Loop", "Parent Relationship": "Outer", "Join Type": "Inner", "Startup Cost": 0.0, "Total Cost": 63241.82, "Plan Rows": 24, "Plan Width": 21, "Actual Startup Time": 640.123, "Actual Total Time": 640.123, "Actual Rows": 0, "Actual Loops": 1, "Inner Unique": false, "Plans": [{"Node Type": "Nested Loop", "Parent Relationship": "Outer", "Join Type": "Inner", "Startup Cost": 0.0, "Total Cost": 63162.83, "Plan Rows": 32, "Plan Width": 25, "Actual Startup Time": 640.123, "Actual Total Time": 640.123, "Actual Rows": 0, "Actual Loops": 1, "Inner Unique": true, "Plans": [{"Node Type": "Nested Loop", "Parent Relationship": "Outer", "Join Type": "Inner", "Startup Cost": 0.0, "Total Cost": 62914.35, "Plan Rows": 30, "Plan Width": 4, "Actual Startup Time": 640.122, "Actual Total Time": 640.122, "Actual Rows": 0, "Actual Loops": 1, "Inner Unique": false, "Plans": [{"Node Type": "Index Scan", "Parent Relationship": "Outer", "Scan Direction": "Forward", "Index Name": "company_type_pkey", "Relation Name": "company_type", "Alias": "ct", "Startup Cost": 0.0, "Total Cost": 12.3, "Plan Rows": 1, "Plan Width": 4, "Actual Startup Time": 0.026, "Actual Total Time": 0.033, "Actual Rows": 1, "Actual Loops": 1, "Filter": "((kind)::text = 'production companies'::text)", "Rows Removed by Filter": 2}, {"Node Type": "Index Scan", "Parent Relationship": "Inner", "Scan Direction": "Forward", "Index Name": "company_type_id_movie_companies", "Relation Name": "movie_companies", "Alias": "mc", "Startup Cost": 0.0, "Total Cost": 62901.76, "Plan Rows": 29, "Plan Width": 8, "Actual Startup Time": 640.079, "Actual Total Time": 640.079, "Actual Rows": 0, "Actual Loops": 1, "Index Cond": "(company_type_id = ct.id)", "Rows Removed by Index Recheck": 0, "Filter": "(((note)::text ~~ '%(VHS)%'::text) AND ((note)::text ~~ '%(USA)%'::text) AND ((note)::text ~~ '%(1994)%'::text))", "Rows Removed by Filter": 1334883}]}, {"Node Type": "Index Scan", "Parent Relationship": "Inner", "Scan Direction": "Forward", "Index Name": "title_pkey", "Relation Name": "title", "Alias": "t", "Startup Cost": 0.0, "Total Cost": 8.27, "Plan Rows": 1, "Plan Width": 21, "Actual Startup Time": 0.0, "Actual Total Time": 0.0, "Index Cond": "(id = mc.movie_id)", "Rows Removed by Index Recheck": 0, "Filter": "(production_year > 2010)", "Rows Removed by Filter": 0}]}, {"Node Type": "Index Scan", "Parent Relationship": "Inner", "Scan Direction": "Forward", "Index Name": "movie_id_movie_info", "Relation Name": "movie_info", "Alias": "mi", "Startup Cost": 0.0, "Total Cost": 2.46, "Plan Rows": 1, "Plan Width": 8, "Actual Startup Time": 0.0, "Actual Total Time": 0.0, "Index Cond": "(movie_id = t.id)", "Rows Removed by Index Recheck": 0, "Filter": "((info)::text = ANY ('{USA,America}'::text[]))", "Rows Removed by Filter": 0}]}, {"Node Type": "Index Only Scan", "Parent Relationship": "Inner", "Scan Direction": "Forward", "Index Name": "info_type_pkey", "Relation Name": "info_type", "Alias": "it", "Startup Cost": 0.0, "Total Cost": 0.27, "Plan Rows": 1, "Plan Width": 4, "Actual Startup Time": 0.0, "Actual Total Time": 0.0, "Index Cond": "(id = mi.info_type_id)", "Rows Removed by Index Recheck": 0, "Heap Fetches": 0}]}]}, "Triggers": [], "Planner Runtime": 7.646, "Total Runtime": 640.429, "Unique SQL Id": 328306525}}, "(1, '26')": {"explain_plan": {"Plan": {"Node Type": "Aggregate", "Strategy": "Plain", "Startup Cost": 559252.73, "Total Cost": 559252.74, "Plan Rows": 1, "Plan Width": 49, "Plans": [{"Node Type": "Nested Loop", "Parent Relationship": "Outer", "Join Type": "Inner", "Startup Cost": 554330.34, "Total Cost": 559252.67, "Plan Rows": 24, "Plan Width": 17, "Inner Unique": false, "Join Filter": "(mi.info_type_id = it.id)", "Plans": [{"Node Type": "Seq Scan", "Parent Relationship": "Outer", "Relation Name": "info_type", "Alias": "it", "Startup Cost": 0.0, "Total Cost": 2.12, "Plan Rows": 112, "Plan Width": 4}, {"Node Type": "Materialize", "Parent Relationship": "Inner", "Startup Cost": 554330.34, "Total Cost": 559210.29, "Plan Rows": 24, "Plan Width": 21, "Plans": [{"Node Type": "Merge Join", "Parent Relationship": "Outer", "Join Type": "Inner", "Startup Cost": 554330.34, "Total Cost": 559210.17, "Plan Rows": 24, "Plan Width": 21, "Inner Unique": true, "Merge Cond": "(mi.movie_id = t.id)", "Plans": [{"Node Type": "Merge Join", "Parent Relationship": "Outer", "Join Type": "Inner", "Startup Cost": 451577.59, "Total Cost": 454501.29, "Plan Rows": 33, "Plan Width": 12, "Inner Unique": false, "Merge Cond": "(mc.movie_id = mi.movie_id)", "Plans": [{"Node Type": "Sort", "Parent Relationship": "Outer", "Startup Cost": 61388.25, "Total Cost": 61388.33, "Plan Rows": 30, "Plan Width": 4, "Sort Key": ["mc.movie_id"], "Plans": [{"Node Type": "Nested Loop", "Parent Relationship": "Outer", "Join Type": "Inner", "Startup Cost": 0.0, "Total Cost": 61387.52, "Plan Rows": 30, "Plan Width": 4, "Inner Unique": false, "Join Filter": "(ct.id = mc.company_type_id)", "Plans": [{"Node Type": "Seq Scan", "Parent Relationship": "Outer", "Relation Name": "company_type", "Alias": "ct", "Startup Cost": 0.0, "Total Cost": 1.04, "Plan Rows": 1, "Plan Width": 4, "Filter": "((kind)::text = 'production companies'::text)"}, {"Node Type": "Seq Scan", "Parent Relationship": "Inner", "Relation Name": "movie_companies", "Alias": "mc", "Startup Cost": 0.0, "Total Cost": 61385.74, "Plan Rows": 59, "Plan Width": 8, "Filter": "(((note)::text ~~ '%(VHS)%'::text) AND ((note)::text ~~ '%(USA)%'::text) AND ((note)::text ~~ '%(1994)%'::text))"}]}]}, {"Node Type": "Sort", "Parent Relationship": "Inner", "Startup Cost": 390189.34, "Total Cost": 391651.58, "Plan Rows": 584897, "Plan Width": 8, "Sort Key": ["mi.movie_id"], "Plans": [{"Node Type": "Seq Scan", "Parent Relationship": "Outer", "Relation Name": "movie_info", "Alias": "mi", "Startup Cost": 0.0, "Total Cost": 334162.58, "Plan Rows": 584897, "Plan Width": 8, "Filter": "((info)::text = ANY ('{USA,America}'::text[]))"}]}]}, {"Node Type": "Sort", "Parent Relationship": "Inner", "Startup Cost": 102752.7, "Total Cost": 103731.32, "Plan Rows": 391451, "Plan Width": 21, "Sort Key": ["t.id"], "Plans": [{"Node Type": "Seq Scan", "Parent Relationship": "Outer", "Relation Name": "title", "Alias": "t", "Startup Cost": 0.0, "Total Cost": 66389.89, "Plan Rows": 391451, "Plan Width": 21, "Filter": "(production_year > 2010), (LLVM Optimized)"}]}]}]}]}]}, "Unique SQL Id": 328306525, "Planner Runtime": 6}, "explain_analyze_plan": {"Plan": {"Node Type": "Aggregate", "Strategy": "Plain", "Startup Cost": 559252.73, "Total Cost": 559252.74, "Plan Rows": 1, "Plan Width": 49, "Actual Startup Time": 970.284, "Actual Total Time": 970.284, "Actual Rows": 1, "Actual Loops": 1, "Plans": [{"Node Type": "Nested Loop", "Parent Relationship": "Outer", "Join Type": "Inner", "Startup Cost": 554330.34, "Total Cost": 559252.67, "Plan Rows": 24, "Plan Width": 17, "Actual Startup Time": 970.276, "Actual Total Time": 970.276, "Actual Rows": 0, "Actual Loops": 1, "Inner Unique": false, "Join Filter": "(mi.info_type_id = it.id)", "Rows Removed by Join Filter": 0, "Plans": [{"Node Type": "Seq Scan", "Parent Relationship": "Outer", "Relation Name": "info_type", "Alias": "it", "Startup Cost": 0.0, "Total Cost": 2.12, "Plan Rows": 112, "Plan Width": 4, "Actual Startup Time": 0.021, "Actual Total Time": 0.042, "Actual Rows": 112, "Actual Loops": 1}, {"Node Type": "Materialize", "Parent Relationship": "Inner", "Startup Cost": 554330.34, "Total Cost": 559210.29, "Plan Rows": 24, "Plan Width": 21, "Actual Startup Time": 970.207, "Actual Total Time": 970.207, "Actual Rows": 0, "Actual Loops": 112, "Plans": [{"Node Type": "Merge Join", "Parent Relationship": "Outer", "Join Type": "Inner", "Startup Cost": 554330.34, "Total Cost": 559210.17, "Plan Rows": 24, "Plan Width": 21, "Actual Startup Time": 970.193, "Actual Total Time": 970.193, "Actual Rows": 0, "Actual Loops": 1, "Inner Unique": true, "Merge Cond": "(mi.movie_id = t.id)", "Plans": [{"Node Type": "Merge Join", "Parent Relationship": "Outer", "Join Type": "Inner", "Startup Cost": 451577.59, "Total Cost": 454501.29, "Plan Rows": 33, "Plan Width": 12, "Actual Startup Time": 970.188, "Actual Total Time": 970.188, "Actual Rows": 0, "Actual Loops": 1, "Inner Unique": false, "Merge Cond": "(mc.movie_id = mi.movie_id)", "Plans": [{"Node Type": "Sort", "Parent Relationship": "Outer", "Startup Cost": 61388.25, "Total Cost": 61388.33, "Plan Rows": 30, "Plan Width": 4, "Actual Startup Time": 970.169, "Actual Total Time": 970.169, "Actual Rows": 0, "Actual Loops": 1, "Sort Key": ["mc.movie_id"], "Sort Method": "quicksort", "Sort Space Used": 25, "Sort Space Type": "Memory", "Plans": [{"Node Type": "Nested Loop", "Parent Relationship": "Outer", "Join Type": "Inner", "Startup Cost": 0.0, "Total Cost": 61387.52, "Plan Rows": 30, "Plan Width": 4, "Actual Startup Time": 970.151, "Actual Total Time": 970.151, "Actual Rows": 0, "Actual Loops": 1, "Inner Unique": false, "Join Filter": "(ct.id = mc.company_type_id)", "Rows Removed by Join Filter": 1418, "Plans": [{"Node Type": "Seq Scan", "Parent Relationship": "Outer", "Relation Name": "company_type", "Alias": "ct", "Startup Cost": 0.0, "Total Cost": 1.04, "Plan Rows": 1, "Plan Width": 4, "Actual Startup Time": 0.009, "Actual Total Time": 0.014, "Actual Rows": 1, "Actual Loops": 1, "Filter": "((kind)::text = 'production companies'::text)", "Rows Removed by Filter": 2}, {"Node Type": "Seq Scan", "Parent Relationship": "Inner", "Relation Name": "movie_companies", "Alias": "mc", "Startup Cost": 0.0, "Total Cost": 61385.74, "Plan Rows": 59, "Plan Width": 8, "Actual Startup Time": 4.046, "Actual Total Time": 969.706, "Actual Rows": 1418, "Actual Loops": 1, "Filter": "(((note)::text ~~ '%(VHS)%'::text) AND ((note)::text ~~ '%(USA)%'::text) AND ((note)::text ~~ '%(1994)%'::text))", "Rows Removed by Filter": 2607710}]}]}, {"Node Type": "Sort", "Parent Relationship": "Inner", "Startup Cost": 390189.34, "Total Cost": 391651.58, "Plan Rows": 584897, "Plan Width": 8, "Actual Startup Time": 0.0, "Actual Total Time": 0.0, "Sort Key": ["mi.movie_id"], "Plans": [{"Node Type": "Seq Scan", "Parent Relationship": "Outer", "Relation Name": "movie_info", "Alias": "mi", "Startup Cost": 0.0, "Total Cost": 334162.58, "Plan Rows": 584897, "Plan Width": 8, "Actual Startup Time": 0.0, "Actual Total Time": 0.0, "Filter": "((info)::text = ANY ('{USA,America}'::text[]))", "Rows Removed by Filter": 0}]}]}, {"Node Type": "Sort", "Parent Relationship": "Inner", "Startup Cost": 102752.7, "Total Cost": 103731.32, "Plan Rows": 391451, "Plan Width": 21, "Actual Startup Time": 0.0, "Actual Total Time": 0.0, "Sort Key": ["t.id"], "Plans": [{"Node Type": "Seq Scan", "Parent Relationship": "Outer", "Relation Name": "title", "Alias": "t", "Startup Cost": 0.0, "Total Cost": 66389.89, "Plan Rows": 391451, "Plan Width": 21, "Actual Startup Time": 0.0, "Actual Total Time": 0.0, "Filter": "(production_year > 2010), (LLVM Optimized, Jit Execute)", "Rows Removed by Filter": 0}]}]}]}]}]}, "Triggers": [], "Planner Runtime": 6.153, "Total Runtime": 979.144, "Unique SQL Id": 328306525}}, "(1, '27')": {"explain_plan": {"Plan": {"Node Type": "Aggregate", "Strategy": "Plain", "Startup Cost": 4998574728100.36, "Total Cost": 4998574728100.37, "Plan Rows": 1, "Plan Width": 49, "Plans": [{"Node Type": "Merge Join", "Parent Relationship": "Outer", "Join Type": "Inner", "Startup Cost": 50025290819.16, "Total Cost": 4998574728100.3, "Plan Rows": 24, "Plan Width": 17, "Inner Unique": true, "Merge Cond": "(mi.movie_id = t.id)", "Plans": [{"Node Type": "Nested Loop", "Parent Relationship": "Outer", "Join Type": "Inner", "Startup Cost": 40000000000.0, "Total Cost": 3999263638685.42, "Plan Rows": 33, "Plan Width": 8, "Inner Unique": true, "Join Filter": "(mc.company_type_id = ct.id)", "Plans": [{"Node Type": "Merge Join", "Parent Relationship": "Outer", "Join Type": "Inner", "Startup Cost": 30000000000.0, "Total Cost": 2999263637454.18, "Plan Rows": 66, "Plan Width": 12, "Inner Unique": false, "Merge Cond": "(mi.movie_id = mc.movie_id)", "Plans": [{"Node Type": "Nested Loop", "Parent Relationship": "Outer", "Join Type": "Inner", "Startup Cost": 20000000000.0, "Total Cost": 2000108518023.96, "Plan Rows": 584897, "Plan Width": 4, "Inner Unique": true, "Join Filter": "(it.id = mi.info_type_id), (LLVM Optimized)", "Plans": [{"Node Type": "Index Scan", "Parent Relationship": "Outer", "Scan Direction": "Forward", "Index Name": "movie_id_movie_info", "Relation Name": "movie_info", "Alias": "mi", "Startup Cost": 10000000000.0, "Total Cost": 1000107534403.72, "Plan Rows": 584897, "Plan Width": 8, "Filter": "((info)::text = ANY ('{USA,America}'::text[]))"}, {"Node Type": "Materialize", "Parent Relationship": "Inner", "Startup Cost": 10000000000.0, "Total Cost": 1000000000993.56, "Plan Rows": 112, "Plan Width": 4, "Plans": [{"Node Type": "Index Only Scan", "Parent Relationship": "Outer", "Scan Direction": "Forward", "Index Name": "info_type_pkey", "Relation Name": "info_type", "Alias": "it", "Startup Cost": 10000000000.0, "Total Cost": 1000000000993.0, "Plan Rows": 112, "Plan Width": 4}]}]}, {"Node Type": "Materialize", "Parent Relationship": "Inner", "Startup Cost": 10000000000.0, "Total Cost": 1000015008792.28, "Plan Rows": 59, "Plan Width": 8, "Plans": [{"Node Type": "Index Scan", "Parent Relationship": "Outer", "Scan Direction": "Forward", "Index Name": "movie_id_movie_companies", "Relation Name": "movie_companies", "Alias": "mc", "Startup Cost": 10000000000.0, "Total Cost": 1000015008792.13, "Plan Rows": 59, "Plan Width": 8, "Filter": "(((note)::text ~~ '%(VHS)%'::text) AND ((note)::text ~~ '%(USA)%'::text) AND ((note)::text ~~ '%(1994)%'::text))"}]}]}, {"Node Type": "Materialize", "Parent Relationship": "Inner", "Startup Cost": 10000000000.0, "Total Cost": 1000000001230.26, "Plan Rows": 1, "Plan Width": 4, "Plans": [{"Node Type": "Index Scan", "Parent Relationship": "Outer", "Scan Direction": "Forward", "Index Name": "company_type_pkey", "Relation Name": "company_type", "Alias": "ct", "Startup Cost": 10000000000.0, "Total Cost": 1000000001230.25, "Plan Rows": 1, "Plan Width": 4, "Filter": "((kind)::text = 'production companies'::text)"}]}]}, {"Node Type": "Index Scan", "Parent Relationship": "Inner", "Scan Direction": "Forward", "Index Name": "title_pkey", "Relation Name": "title", "Alias": "t", "Startup Cost": 10000000000.0, "Total Cost": 1000011644126.66, "Plan Rows": 391451, "Plan Width": 21, "Filter": "(production_year > 2010), (LLVM Optimized)"}]}]}, "Unique SQL Id": 328306525, "Planner Runtime": 10}, "explain_analyze_plan": null}, "(1, '28')": {"explain_plan": {"Plan": {"Node Type": "Aggregate", "Strategy": "Plain", "Startup Cost": 61721.76, "Total Cost": 61721.77, "Plan Rows": 1, "Plan Width": 49, "Plans": [{"Node Type": "Nested Loop", "Parent Relationship": "Outer", "Join Type": "Inner", "Startup Cost": 0.0, "Total Cost": 61721.7, "Plan Rows": 24, "Plan Width": 17, "Inner Unique": true, "Plans": [{"Node Type": "Nested Loop", "Parent Relationship": "Outer", "Join Type": "Inner", "Startup Cost": 0.0, "Total Cost": 61714.98, "Plan Rows": 24, "Plan Width": 21, "Inner Unique": false, "Plans": [{"Node Type": "Nested Loop", "Parent Relationship": "Outer", "Join Type": "Inner", "Startup Cost": 0.0, "Total Cost": 61635.99, "Plan Rows": 32, "Plan Width": 25, "Inner Unique": true, "Plans": [{"Node Type": "Nested Loop", "Parent Relationship": "Outer", "Join Type": "Inner", "Startup Cost": 0.0, "Total Cost": 61387.52, "Plan Rows": 30, "Plan Width": 4, "Inner Unique": false, "Join Filter": "(ct.id = mc.company_type_id)", "Plans": [{"Node Type": "Seq Scan", "Parent Relationship": "Outer", "Relation Name": "company_type", "Alias": "ct", "Startup Cost": 0.0, "Total Cost": 1.04, "Plan Rows": 1, "Plan Width": 4, "Filter": "((kind)::text = 'production companies'::text)"}, {"Node Type": "Seq Scan", "Parent Relationship": "Inner", "Relation Name": "movie_companies", "Alias": "mc", "Startup Cost": 0.0, "Total Cost": 61385.74, "Plan Rows": 59, "Plan Width": 8, "Filter": "(((note)::text ~~ '%(VHS)%'::text) AND ((note)::text ~~ '%(USA)%'::text) AND ((note)::text ~~ '%(1994)%'::text))"}]}, {"Node Type": "Index Scan", "Parent Relationship": "Inner", "Scan Direction": "Forward", "Index Name": "title_pkey", "Relation Name": "title", "Alias": "t", "Startup Cost": 0.0, "Total Cost": 8.27, "Plan Rows": 1, "Plan Width": 21, "Index Cond": "(id = mc.movie_id)", "Filter": "(production_year > 2010)"}]}, {"Node Type": "Index Scan", "Parent Relationship": "Inner", "Scan Direction": "Forward", "Index Name": "movie_id_movie_info", "Relation Name": "movie_info", "Alias": "mi", "Startup Cost": 0.0, "Total Cost": 2.46, "Plan Rows": 1, "Plan Width": 8, "Index Cond": "(movie_id = t.id)", "Filter": "((info)::text = ANY ('{USA,America}'::text[]))"}]}, {"Node Type": "Index Scan", "Parent Relationship": "Inner", "Scan Direction": "Forward", "Index Name": "info_type_pkey", "Relation Name": "info_type", "Alias": "it", "Startup Cost": 0.0, "Total Cost": 0.27, "Plan Rows": 1, "Plan Width": 4, "Index Cond": "(id = mi.info_type_id)"}]}]}, "Unique SQL Id": 328306525, "Planner Runtime": 6}, "explain_analyze_plan": {"Plan": {"Node Type": "Aggregate", "Strategy": "Plain", "Startup Cost": 61721.76, "Total Cost": 61721.77, "Plan Rows": 1, "Plan Width": 49, "Actual Startup Time": 987.079, "Actual Total Time": 987.08, "Actual Rows": 1, "Actual Loops": 1, "Plans": [{"Node Type": "Nested Loop", "Parent Relationship": "Outer", "Join Type": "Inner", "Startup Cost": 0.0, "Total Cost": 61721.7, "Plan Rows": 24, "Plan Width": 17, "Actual Startup Time": 987.072, "Actual Total Time": 987.072, "Actual Rows": 0, "Actual Loops": 1, "Inner Unique": true, "Plans": [{"Node Type": "Nested Loop", "Parent Relationship": "Outer", "Join Type": "Inner", "Startup Cost": 0.0, "Total Cost": 61714.98, "Plan Rows": 24, "Plan Width": 21, "Actual Startup Time": 987.071, "Actual Total Time": 987.071, "Actual Rows": 0, "Actual Loops": 1, "Inner Unique": false, "Plans": [{"Node Type": "Nested Loop", "Parent Relationship": "Outer", "Join Type": "Inner", "Startup Cost": 0.0, "Total Cost": 61635.99, "Plan Rows": 32, "Plan Width": 25, "Actual Startup Time": 987.07, "Actual Total Time": 987.07, "Actual Rows": 0, "Actual Loops": 1, "Inner Unique": true, "Plans": [{"Node Type": "Nested Loop", "Parent Relationship": "Outer", "Join Type": "Inner", "Startup Cost": 0.0, "Total Cost": 61387.52, "Plan Rows": 30, "Plan Width": 4, "Actual Startup Time": 987.068, "Actual Total Time": 987.068, "Actual Rows": 0, "Actual Loops": 1, "Inner Unique": false, "Join Filter": "(ct.id = mc.company_type_id)", "Rows Removed by Join Filter": 1418, "Plans": [{"Node Type": "Seq Scan", "Parent Relationship": "Outer", "Relation Name": "company_type", "Alias": "ct", "Startup Cost": 0.0, "Total Cost": 1.04, "Plan Rows": 1, "Plan Width": 4, "Actual Startup Time": 0.014, "Actual Total Time": 0.02, "Actual Rows": 1, "Actual Loops": 1, "Filter": "((kind)::text = 'production companies'::text)", "Rows Removed by Filter": 2}, {"Node Type": "Seq Scan", "Parent Relationship": "Inner", "Relation Name": "movie_companies", "Alias": "mc", "Startup Cost": 0.0, "Total Cost": 61385.74, "Plan Rows": 59, "Plan Width": 8, "Actual Startup Time": 4.166, "Actual Total Time": 986.623, "Actual Rows": 1418, "Actual Loops": 1, "Filter": "(((note)::text ~~ '%(VHS)%'::text) AND ((note)::text ~~ '%(USA)%'::text) AND ((note)::text ~~ '%(1994)%'::text))", "Rows Removed by Filter": 2607710}]}, {"Node Type": "Index Scan", "Parent Relationship": "Inner", "Scan Direction": "Forward", "Index Name": "title_pkey", "Relation Name": "title", "Alias": "t", "Startup Cost": 0.0, "Total Cost": 8.27, "Plan Rows": 1, "Plan Width": 21, "Actual Startup Time": 0.0, "Actual Total Time": 0.0, "Index Cond": "(id = mc.movie_id)", "Rows Removed by Index Recheck": 0, "Filter": "(production_year > 2010)", "Rows Removed by Filter": 0}]}, {"Node Type": "Index Scan", "Parent Relationship": "Inner", "Scan Direction": "Forward", "Index Name": "movie_id_movie_info", "Relation Name": "movie_info", "Alias": "mi", "Startup Cost": 0.0, "Total Cost": 2.46, "Plan Rows": 1, "Plan Width": 8, "Actual Startup Time": 0.0, "Actual Total Time": 0.0, "Index Cond": "(movie_id = t.id)", "Rows Removed by Index Recheck": 0, "Filter": "((info)::text = ANY ('{USA,America}'::text[]))", "Rows Removed by Filter": 0}]}, {"Node Type": "Index Scan", "Parent Relationship": "Inner", "Scan Direction": "Forward", "Index Name": "info_type_pkey", "Relation Name": "info_type", "Alias": "it", "Startup Cost": 0.0, "Total Cost": 0.27, "Plan Rows": 1, "Plan Width": 4, "Actual Startup Time": 0.0, "Actual Total Time": 0.0, "Index Cond": "(id = mi.info_type_id)", "Rows Removed by Index Recheck": 0}]}]}, "Triggers": [], "Planner Runtime": 7.432, "Total Runtime": 987.358, "Unique SQL Id": 328306525}}, "(1, '29')": {"explain_plan": {"Plan": {"Node Type": "Aggregate", "Strategy": "Plain", "Startup Cost": 63248.6, "Total Cost": 63248.61, "Plan Rows": 1, "Plan Width": 49, "Plans": [{"Node Type": "Nested Loop", "Parent Relationship": "Outer", "Join Type": "Inner", "Startup Cost": 0.0, "Total Cost": 63248.54, "Plan Rows": 24, "Plan Width": 17, "Inner Unique": true, "Plans": [{"Node Type": "Nested Loop", "Parent Relationship": "Outer", "Join Type": "Inner", "Startup Cost": 0.0, "Total Cost": 63241.82, "Plan Rows": 24, "Plan Width": 21, "Inner Unique": false, "Plans": [{"Node Type": "Nested Loop", "Parent Relationship": "Outer", "Join Type": "Inner", "Startup Cost": 0.0, "Total Cost": 63162.83, "Plan Rows": 32, "Plan Width": 25, "Inner Unique": true, "Plans": [{"Node Type": "Nested Loop", "Parent Relationship": "Outer", "Join Type": "Inner", "Startup Cost": 0.0, "Total Cost": 62914.35, "Plan Rows": 30, "Plan Width": 4, "Inner Unique": false, "Plans": [{"Node Type": "Index Scan", "Parent Relationship": "Outer", "Scan Direction": "Forward", "Index Name": "company_type_pkey", "Relation Name": "company_type", "Alias": "ct", "Startup Cost": 0.0, "Total Cost": 12.3, "Plan Rows": 1, "Plan Width": 4, "Filter": "((kind)::text = 'production companies'::text)"}, {"Node Type": "Index Scan", "Parent Relationship": "Inner", "Scan Direction": "Forward", "Index Name": "company_type_id_movie_companies", "Relation Name": "movie_companies", "Alias": "mc", "Startup Cost": 0.0, "Total Cost": 62901.76, "Plan Rows": 29, "Plan Width": 8, "Index Cond": "(company_type_id = ct.id)", "Filter": "(((note)::text ~~ '%(VHS)%'::text) AND ((note)::text ~~ '%(USA)%'::text) AND ((note)::text ~~ '%(1994)%'::text))"}]}, {"Node Type": "Index Scan", "Parent Relationship": "Inner", "Scan Direction": "Forward", "Index Name": "title_pkey", "Relation Name": "title", "Alias": "t", "Startup Cost": 0.0, "Total Cost": 8.27, "Plan Rows": 1, "Plan Width": 21, "Index Cond": "(id = mc.movie_id)", "Filter": "(production_year > 2010)"}]}, {"Node Type": "Index Scan", "Parent Relationship": "Inner", "Scan Direction": "Forward", "Index Name": "movie_id_movie_info", "Relation Name": "movie_info", "Alias": "mi", "Startup Cost": 0.0, "Total Cost": 2.46, "Plan Rows": 1, "Plan Width": 8, "Index Cond": "(movie_id = t.id)", "Filter": "((info)::text = ANY ('{USA,America}'::text[]))"}]}, {"Node Type": "Index Scan", "Parent Relationship": "Inner", "Scan Direction": "Forward", "Index Name": "info_type_pkey", "Relation Name": "info_type", "Alias": "it", "Startup Cost": 0.0, "Total Cost": 0.27, "Plan Rows": 1, "Plan Width": 4, "Index Cond": "(id = mi.info_type_id)"}]}]}, "Unique SQL Id": 328306525, "Planner Runtime": 6}, "explain_analyze_plan": {"Plan": {"Node Type": "Aggregate", "Strategy": "Plain", "Startup Cost": 63248.6, "Total Cost": 63248.61, "Plan Rows": 1, "Plan Width": 49, "Actual Startup Time": 742.385, "Actual Total Time": 742.386, "Actual Rows": 1, "Actual Loops": 1, "Plans": [{"Node Type": "Nested Loop", "Parent Relationship": "Outer", "Join Type": "Inner", "Startup Cost": 0.0, "Total Cost": 63248.54, "Plan Rows": 24, "Plan Width": 17, "Actual Startup Time": 742.379, "Actual Total Time": 742.379, "Actual Rows": 0, "Actual Loops": 1, "Inner Unique": true, "Plans": [{"Node Type": "Nested Loop", "Parent Relationship": "Outer", "Join Type": "Inner", "Startup Cost": 0.0, "Total Cost": 63241.82, "Plan Rows": 24, "Plan Width": 21, "Actual Startup Time": 742.378, "Actual Total Time": 742.378, "Actual Rows": 0, "Actual Loops": 1, "Inner Unique": false, "Plans": [{"Node Type": "Nested Loop", "Parent Relationship": "Outer", "Join Type": "Inner", "Startup Cost": 0.0, "Total Cost": 63162.83, "Plan Rows": 32, "Plan Width": 25, "Actual Startup Time": 742.377, "Actual Total Time": 742.377, "Actual Rows": 0, "Actual Loops": 1, "Inner Unique": true, "Plans": [{"Node Type": "Nested Loop", "Parent Relationship": "Outer", "Join Type": "Inner", "Startup Cost": 0.0, "Total Cost": 62914.35, "Plan Rows": 30, "Plan Width": 4, "Actual Startup Time": 742.375, "Actual Total Time": 742.375, "Actual Rows": 0, "Actual Loops": 1, "Inner Unique": false, "Plans": [{"Node Type": "Index Scan", "Parent Relationship": "Outer", "Scan Direction": "Forward", "Index Name": "company_type_pkey", "Relation Name": "company_type", "Alias": "ct", "Startup Cost": 0.0, "Total Cost": 12.3, "Plan Rows": 1, "Plan Width": 4, "Actual Startup Time": 0.013, "Actual Total Time": 0.023, "Actual Rows": 1, "Actual Loops": 1, "Filter": "((kind)::text = 'production companies'::text)", "Rows Removed by Filter": 2}, {"Node Type": "Index Scan", "Parent Relationship": "Inner", "Scan Direction": "Forward", "Index Name": "company_type_id_movie_companies", "Relation Name": "movie_companies", "Alias": "mc", "Startup Cost": 0.0, "Total Cost": 62901.76, "Plan Rows": 29, "Plan Width": 8, "Actual Startup Time": 742.345, "Actual Total Time": 742.345, "Actual Rows": 0, "Actual Loops": 1, "Index Cond": "(company_type_id = ct.id)", "Rows Removed by Index Recheck": 0, "Filter": "(((note)::text ~~ '%(VHS)%'::text) AND ((note)::text ~~ '%(USA)%'::text) AND ((note)::text ~~ '%(1994)%'::text))", "Rows Removed by Filter": 1334883}]}, {"Node Type": "Index Scan", "Parent Relationship": "Inner", "Scan Direction": "Forward", "Index Name": "title_pkey", "Relation Name": "title", "Alias": "t", "Startup Cost": 0.0, "Total Cost": 8.27, "Plan Rows": 1, "Plan Width": 21, "Actual Startup Time": 0.0, "Actual Total Time": 0.0, "Index Cond": "(id = mc.movie_id)", "Rows Removed by Index Recheck": 0, "Filter": "(production_year > 2010)", "Rows Removed by Filter": 0}]}, {"Node Type": "Index Scan", "Parent Relationship": "Inner", "Scan Direction": "Forward", "Index Name": "movie_id_movie_info", "Relation Name": "movie_info", "Alias": "mi", "Startup Cost": 0.0, "Total Cost": 2.46, "Plan Rows": 1, "Plan Width": 8, "Actual Startup Time": 0.0, "Actual Total Time": 0.0, "Index Cond": "(movie_id = t.id)", "Rows Removed by Index Recheck": 0, "Filter": "((info)::text = ANY ('{USA,America}'::text[]))", "Rows Removed by Filter": 0}]}, {"Node Type": "Index Scan", "Parent Relationship": "Inner", "Scan Direction": "Forward", "Index Name": "info_type_pkey", "Relation Name": "info_type", "Alias": "it", "Startup Cost": 0.0, "Total Cost": 0.27, "Plan Rows": 1, "Plan Width": 4, "Actual Startup Time": 0.0, "Actual Total Time": 0.0, "Index Cond": "(id = mi.info_type_id)", "Rows Removed by Index Recheck": 0}]}]}, "Triggers": [], "Planner Runtime": 7.216, "Total Runtime": 742.642, "Unique SQL Id": 328306525}}, "(1, '30')": {"explain_plan": {"Plan": {"Node Type": "Aggregate", "Strategy": "Plain", "Startup Cost": 559252.73, "Total Cost": 559252.74, "Plan Rows": 1, "Plan Width": 49, "Plans": [{"Node Type": "Nested Loop", "Parent Relationship": "Outer", "Join Type": "Inner", "Startup Cost": 554330.34, "Total Cost": 559252.67, "Plan Rows": 24, "Plan Width": 17, "Inner Unique": false, "Join Filter": "(mi.info_type_id = it.id)", "Plans": [{"Node Type": "Seq Scan", "Parent Relationship": "Outer", "Relation Name": "info_type", "Alias": "it", "Startup Cost": 0.0, "Total Cost": 2.12, "Plan Rows": 112, "Plan Width": 4}, {"Node Type": "Materialize", "Parent Relationship": "Inner", "Startup Cost": 554330.34, "Total Cost": 559210.29, "Plan Rows": 24, "Plan Width": 21, "Plans": [{"Node Type": "Merge Join", "Parent Relationship": "Outer", "Join Type": "Inner", "Startup Cost": 554330.34, "Total Cost": 559210.17, "Plan Rows": 24, "Plan Width": 21, "Inner Unique": true, "Merge Cond": "(mi.movie_id = t.id)", "Plans": [{"Node Type": "Merge Join", "Parent Relationship": "Outer", "Join Type": "Inner", "Startup Cost": 451577.59, "Total Cost": 454501.29, "Plan Rows": 33, "Plan Width": 12, "Inner Unique": false, "Merge Cond": "(mc.movie_id = mi.movie_id)", "Plans": [{"Node Type": "Sort", "Parent Relationship": "Outer", "Startup Cost": 61388.25, "Total Cost": 61388.33, "Plan Rows": 30, "Plan Width": 4, "Sort Key": ["mc.movie_id"], "Plans": [{"Node Type": "Nested Loop", "Parent Relationship": "Outer", "Join Type": "Inner", "Startup Cost": 0.0, "Total Cost": 61387.52, "Plan Rows": 30, "Plan Width": 4, "Inner Unique": false, "Join Filter": "(ct.id = mc.company_type_id)", "Plans": [{"Node Type": "Seq Scan", "Parent Relationship": "Outer", "Relation Name": "company_type", "Alias": "ct", "Startup Cost": 0.0, "Total Cost": 1.04, "Plan Rows": 1, "Plan Width": 4, "Filter": "((kind)::text = 'production companies'::text)"}, {"Node Type": "Seq Scan", "Parent Relationship": "Inner", "Relation Name": "movie_companies", "Alias": "mc", "Startup Cost": 0.0, "Total Cost": 61385.74, "Plan Rows": 59, "Plan Width": 8, "Filter": "(((note)::text ~~ '%(VHS)%'::text) AND ((note)::text ~~ '%(USA)%'::text) AND ((note)::text ~~ '%(1994)%'::text))"}]}]}, {"Node Type": "Sort", "Parent Relationship": "Inner", "Startup Cost": 390189.34, "Total Cost": 391651.58, "Plan Rows": 584897, "Plan Width": 8, "Sort Key": ["mi.movie_id"], "Plans": [{"Node Type": "Seq Scan", "Parent Relationship": "Outer", "Relation Name": "movie_info", "Alias": "mi", "Startup Cost": 0.0, "Total Cost": 334162.58, "Plan Rows": 584897, "Plan Width": 8, "Filter": "((info)::text = ANY ('{USA,America}'::text[]))"}]}]}, {"Node Type": "Sort", "Parent Relationship": "Inner", "Startup Cost": 102752.7, "Total Cost": 103731.32, "Plan Rows": 391451, "Plan Width": 21, "Sort Key": ["t.id"], "Plans": [{"Node Type": "Seq Scan", "Parent Relationship": "Outer", "Relation Name": "title", "Alias": "t", "Startup Cost": 0.0, "Total Cost": 66389.89, "Plan Rows": 391451, "Plan Width": 21, "Filter": "(production_year > 2010), (LLVM Optimized)"}]}]}]}]}]}, "Unique SQL Id": 328306525, "Planner Runtime": 6}, "explain_analyze_plan": {"Plan": {"Node Type": "Aggregate", "Strategy": "Plain", "Startup Cost": 559252.73, "Total Cost": 559252.74, "Plan Rows": 1, "Plan Width": 49, "Actual Startup Time": 970.284, "Actual Total Time": 970.284, "Actual Rows": 1, "Actual Loops": 1, "Plans": [{"Node Type": "Nested Loop", "Parent Relationship": "Outer", "Join Type": "Inner", "Startup Cost": 554330.34, "Total Cost": 559252.67, "Plan Rows": 24, "Plan Width": 17, "Actual Startup Time": 970.276, "Actual Total Time": 970.276, "Actual Rows": 0, "Actual Loops": 1, "Inner Unique": false, "Join Filter": "(mi.info_type_id = it.id)", "Rows Removed by Join Filter": 0, "Plans": [{"Node Type": "Seq Scan", "Parent Relationship": "Outer", "Relation Name": "info_type", "Alias": "it", "Startup Cost": 0.0, "Total Cost": 2.12, "Plan Rows": 112, "Plan Width": 4, "Actual Startup Time": 0.021, "Actual Total Time": 0.042, "Actual Rows": 112, "Actual Loops": 1}, {"Node Type": "Materialize", "Parent Relationship": "Inner", "Startup Cost": 554330.34, "Total Cost": 559210.29, "Plan Rows": 24, "Plan Width": 21, "Actual Startup Time": 970.207, "Actual Total Time": 970.207, "Actual Rows": 0, "Actual Loops": 112, "Plans": [{"Node Type": "Merge Join", "Parent Relationship": "Outer", "Join Type": "Inner", "Startup Cost": 554330.34, "Total Cost": 559210.17, "Plan Rows": 24, "Plan Width": 21, "Actual Startup Time": 970.193, "Actual Total Time": 970.193, "Actual Rows": 0, "Actual Loops": 1, "Inner Unique": true, "Merge Cond": "(mi.movie_id = t.id)", "Plans": [{"Node Type": "Merge Join", "Parent Relationship": "Outer", "Join Type": "Inner", "Startup Cost": 451577.59, "Total Cost": 454501.29, "Plan Rows": 33, "Plan Width": 12, "Actual Startup Time": 970.188, "Actual Total Time": 970.188, "Actual Rows": 0, "Actual Loops": 1, "Inner Unique": false, "Merge Cond": "(mc.movie_id = mi.movie_id)", "Plans": [{"Node Type": "Sort", "Parent Relationship": "Outer", "Startup Cost": 61388.25, "Total Cost": 61388.33, "Plan Rows": 30, "Plan Width": 4, "Actual Startup Time": 970.169, "Actual Total Time": 970.169, "Actual Rows": 0, "Actual Loops": 1, "Sort Key": ["mc.movie_id"], "Sort Method": "quicksort", "Sort Space Used": 25, "Sort Space Type": "Memory", "Plans": [{"Node Type": "Nested Loop", "Parent Relationship": "Outer", "Join Type": "Inner", "Startup Cost": 0.0, "Total Cost": 61387.52, "Plan Rows": 30, "Plan Width": 4, "Actual Startup Time": 970.151, "Actual Total Time": 970.151, "Actual Rows": 0, "Actual Loops": 1, "Inner Unique": false, "Join Filter": "(ct.id = mc.company_type_id)", "Rows Removed by Join Filter": 1418, "Plans": [{"Node Type": "Seq Scan", "Parent Relationship": "Outer", "Relation Name": "company_type", "Alias": "ct", "Startup Cost": 0.0, "Total Cost": 1.04, "Plan Rows": 1, "Plan Width": 4, "Actual Startup Time": 0.009, "Actual Total Time": 0.014, "Actual Rows": 1, "Actual Loops": 1, "Filter": "((kind)::text = 'production companies'::text)", "Rows Removed by Filter": 2}, {"Node Type": "Seq Scan", "Parent Relationship": "Inner", "Relation Name": "movie_companies", "Alias": "mc", "Startup Cost": 0.0, "Total Cost": 61385.74, "Plan Rows": 59, "Plan Width": 8, "Actual Startup Time": 4.046, "Actual Total Time": 969.706, "Actual Rows": 1418, "Actual Loops": 1, "Filter": "(((note)::text ~~ '%(VHS)%'::text) AND ((note)::text ~~ '%(USA)%'::text) AND ((note)::text ~~ '%(1994)%'::text))", "Rows Removed by Filter": 2607710}]}]}, {"Node Type": "Sort", "Parent Relationship": "Inner", "Startup Cost": 390189.34, "Total Cost": 391651.58, "Plan Rows": 584897, "Plan Width": 8, "Actual Startup Time": 0.0, "Actual Total Time": 0.0, "Sort Key": ["mi.movie_id"], "Plans": [{"Node Type": "Seq Scan", "Parent Relationship": "Outer", "Relation Name": "movie_info", "Alias": "mi", "Startup Cost": 0.0, "Total Cost": 334162.58, "Plan Rows": 584897, "Plan Width": 8, "Actual Startup Time": 0.0, "Actual Total Time": 0.0, "Filter": "((info)::text = ANY ('{USA,America}'::text[]))", "Rows Removed by Filter": 0}]}]}, {"Node Type": "Sort", "Parent Relationship": "Inner", "Startup Cost": 102752.7, "Total Cost": 103731.32, "Plan Rows": 391451, "Plan Width": 21, "Actual Startup Time": 0.0, "Actual Total Time": 0.0, "Sort Key": ["t.id"], "Plans": [{"Node Type": "Seq Scan", "Parent Relationship": "Outer", "Relation Name": "title", "Alias": "t", "Startup Cost": 0.0, "Total Cost": 66389.89, "Plan Rows": 391451, "Plan Width": 21, "Actual Startup Time": 0.0, "Actual Total Time": 0.0, "Filter": "(production_year > 2010), (LLVM Optimized, Jit Execute)", "Rows Removed by Filter": 0}]}]}]}]}]}, "Triggers": [], "Planner Runtime": 6.153, "Total Runtime": 979.144, "Unique SQL Id": 328306525}}, "(1, '31')": {"explain_plan": {"Plan": {"Node Type": "Aggregate", "Strategy": "Plain", "Startup Cost": 4998574728500.19, "Total Cost": 4998574728500.2, "Plan Rows": 1, "Plan Width": 49, "Plans": [{"Node Type": "Merge Join", "Parent Relationship": "Outer", "Join Type": "Inner", "Startup Cost": 50025290819.16, "Total Cost": 4998574728500.13, "Plan Rows": 24, "Plan Width": 17, "Inner Unique": true, "Merge Cond": "(mi.movie_id = t.id)", "Plans": [{"Node Type": "Nested Loop", "Parent Relationship": "Outer", "Join Type": "Inner", "Startup Cost": 40000000000.0, "Total Cost": 3999263639085.25, "Plan Rows": 33, "Plan Width": 8, "Inner Unique": true, "Join Filter": "(mc.company_type_id = ct.id)", "Plans": [{"Node Type": "Merge Join", "Parent Relationship": "Outer", "Join Type": "Inner", "Startup Cost": 30000000000.0, "Total Cost": 2999263637854.01, "Plan Rows": 66, "Plan Width": 12, "Inner Unique": false, "Merge Cond": "(mi.movie_id = mc.movie_id)", "Plans": [{"Node Type": "Nested Loop", "Parent Relationship": "Outer", "Join Type": "Inner", "Startup Cost": 20000000000.0, "Total Cost": 2000108518423.96, "Plan Rows": 584897, "Plan Width": 4, "Inner Unique": true, "Join Filter": "(it.id = mi.info_type_id), (LLVM Optimized)", "Plans": [{"Node Type": "Index Scan", "Parent Relationship": "Outer", "Scan Direction": "Forward", "Index Name": "movie_id_movie_info", "Relation Name": "movie_info", "Alias": "mi", "Startup Cost": 10000000000.0, "Total Cost": 1000107534403.72, "Plan Rows": 584897, "Plan Width": 8, "Filter": "((info)::text = ANY ('{USA,America}'::text[]))"}, {"Node Type": "Materialize", "Parent Relationship": "Inner", "Startup Cost": 10000000000.0, "Total Cost": 1000000001393.56, "Plan Rows": 112, "Plan Width": 4, "Plans": [{"Node Type": "Index Scan", "Parent Relationship": "Outer", "Scan Direction": "Forward", "Index Name": "info_type_pkey", "Relation Name": "info_type", "Alias": "it", "Startup Cost": 10000000000.0, "Total Cost": 1000000001393.0, "Plan Rows": 112, "Plan Width": 4}]}]}, {"Node Type": "Materialize", "Parent Relationship": "Inner", "Startup Cost": 10000000000.0, "Total Cost": 1000015008792.28, "Plan Rows": 59, "Plan Width": 8, "Plans": [{"Node Type": "Index Scan", "Parent Relationship": "Outer", "Scan Direction": "Forward", "Index Name": "movie_id_movie_companies", "Relation Name": "movie_companies", "Alias": "mc", "Startup Cost": 10000000000.0, "Total Cost": 1000015008792.13, "Plan Rows": 59, "Plan Width": 8, "Filter": "(((note)::text ~~ '%(VHS)%'::text) AND ((note)::text ~~ '%(USA)%'::text) AND ((note)::text ~~ '%(1994)%'::text))"}]}]}, {"Node Type": "Materialize", "Parent Relationship": "Inner", "Startup Cost": 10000000000.0, "Total Cost": 1000000001230.26, "Plan Rows": 1, "Plan Width": 4, "Plans": [{"Node Type": "Index Scan", "Parent Relationship": "Outer", "Scan Direction": "Forward", "Index Name": "company_type_pkey", "Relation Name": "company_type", "Alias": "ct", "Startup Cost": 10000000000.0, "Total Cost": 1000000001230.25, "Plan Rows": 1, "Plan Width": 4, "Filter": "((kind)::text = 'production companies'::text)"}]}]}, {"Node Type": "Index Scan", "Parent Relationship": "Inner", "Scan Direction": "Forward", "Index Name": "title_pkey", "Relation Name": "title", "Alias": "t", "Startup Cost": 10000000000.0, "Total Cost": 1000011644126.66, "Plan Rows": 391451, "Plan Width": 21, "Filter": "(production_year > 2010), (LLVM Optimized)"}]}]}, "Unique SQL Id": 328306525, "Planner Runtime": 9}, "explain_analyze_plan": null}, "(1, '32')": {"explain_plan": {"Plan": {"Node Type": "Aggregate", "Strategy": "Plain", "Startup Cost": 61721.76, "Total Cost": 61721.77, "Plan Rows": 1, "Plan Width": 49, "Plans": [{"Node Type": "Nested Loop", "Parent Relationship": "Outer", "Join Type": "Inner", "Startup Cost": 0.0, "Total Cost": 61721.7, "Plan Rows": 24, "Plan Width": 17, "Inner Unique": true, "Plans": [{"Node Type": "Nested Loop", "Parent Relationship": "Outer", "Join Type": "Inner", "Startup Cost": 0.0, "Total Cost": 61714.98, "Plan Rows": 24, "Plan Width": 21, "Inner Unique": false, "Plans": [{"Node Type": "Nested Loop", "Parent Relationship": "Outer", "Join Type": "Inner", "Startup Cost": 0.0, "Total Cost": 61635.99, "Plan Rows": 32, "Plan Width": 25, "Inner Unique": true, "Plans": [{"Node Type": "Nested Loop", "Parent Relationship": "Outer", "Join Type": "Inner", "Startup Cost": 0.0, "Total Cost": 61387.52, "Plan Rows": 30, "Plan Width": 4, "Inner Unique": false, "Join Filter": "(ct.id = mc.company_type_id)", "Plans": [{"Node Type": "Seq Scan", "Parent Relationship": "Outer", "Relation Name": "company_type", "Alias": "ct", "Startup Cost": 0.0, "Total Cost": 1.04, "Plan Rows": 1, "Plan Width": 4, "Filter": "((kind)::text = 'production companies'::text)"}, {"Node Type": "Seq Scan", "Parent Relationship": "Inner", "Relation Name": "movie_companies", "Alias": "mc", "Startup Cost": 0.0, "Total Cost": 61385.74, "Plan Rows": 59, "Plan Width": 8, "Filter": "(((note)::text ~~ '%(VHS)%'::text) AND ((note)::text ~~ '%(USA)%'::text) AND ((note)::text ~~ '%(1994)%'::text))"}]}, {"Node Type": "Index Scan", "Parent Relationship": "Inner", "Scan Direction": "Forward", "Index Name": "title_pkey", "Relation Name": "title", "Alias": "t", "Startup Cost": 0.0, "Total Cost": 8.27, "Plan Rows": 1, "Plan Width": 21, "Index Cond": "(id = mc.movie_id)", "Filter": "(production_year > 2010)"}]}, {"Node Type": "Index Scan", "Parent Relationship": "Inner", "Scan Direction": "Forward", "Index Name": "movie_id_movie_info", "Relation Name": "movie_info", "Alias": "mi", "Startup Cost": 0.0, "Total Cost": 2.46, "Plan Rows": 1, "Plan Width": 8, "Index Cond": "(movie_id = t.id)", "Filter": "((info)::text = ANY ('{USA,America}'::text[]))"}]}, {"Node Type": "Index Only Scan", "Parent Relationship": "Inner", "Scan Direction": "Forward", "Index Name": "info_type_pkey", "Relation Name": "info_type", "Alias": "it", "Startup Cost": 0.0, "Total Cost": 0.27, "Plan Rows": 1, "Plan Width": 4, "Index Cond": "(id = mi.info_type_id)"}]}]}, "Unique SQL Id": 328306525, "Planner Runtime": 3}, "explain_analyze_plan": {"Plan": {"Node Type": "Aggregate", "Strategy": "Plain", "Startup Cost": 61721.76, "Total Cost": 61721.77, "Plan Rows": 1, "Plan Width": 49, "Actual Startup Time": 946.595, "Actual Total Time": 946.596, "Actual Rows": 1, "Actual Loops": 1, "Plans": [{"Node Type": "Nested Loop", "Parent Relationship": "Outer", "Join Type": "Inner", "Startup Cost": 0.0, "Total Cost": 61721.7, "Plan Rows": 24, "Plan Width": 17, "Actual Startup Time": 946.584, "Actual Total Time": 946.584, "Actual Rows": 0, "Actual Loops": 1, "Inner Unique": true, "Plans": [{"Node Type": "Nested Loop", "Parent Relationship": "Outer", "Join Type": "Inner", "Startup Cost": 0.0, "Total Cost": 61714.98, "Plan Rows": 24, "Plan Width": 21, "Actual Startup Time": 946.583, "Actual Total Time": 946.583, "Actual Rows": 0, "Actual Loops": 1, "Inner Unique": false, "Plans": [{"Node Type": "Nested Loop", "Parent Relationship": "Outer", "Join Type": "Inner", "Startup Cost": 0.0, "Total Cost": 61635.99, "Plan Rows": 32, "Plan Width": 25, "Actual Startup Time": 946.582, "Actual Total Time": 946.582, "Actual Rows": 0, "Actual Loops": 1, "Inner Unique": true, "Plans": [{"Node Type": "Nested Loop", "Parent Relationship": "Outer", "Join Type": "Inner", "Startup Cost": 0.0, "Total Cost": 61387.52, "Plan Rows": 30, "Plan Width": 4, "Actual Startup Time": 946.58, "Actual Total Time": 946.58, "Actual Rows": 0, "Actual Loops": 1, "Inner Unique": false, "Join Filter": "(ct.id = mc.company_type_id)", "Rows Removed by Join Filter": 1418, "Plans": [{"Node Type": "Seq Scan", "Parent Relationship": "Outer", "Relation Name": "company_type", "Alias": "ct", "Startup Cost": 0.0, "Total Cost": 1.04, "Plan Rows": 1, "Plan Width": 4, "Actual Startup Time": 0.025, "Actual Total Time": 0.03, "Actual Rows": 1, "Actual Loops": 1, "Filter": "((kind)::text = 'production companies'::text)", "Rows Removed by Filter": 2}, {"Node Type": "Seq Scan", "Parent Relationship": "Inner", "Relation Name": "movie_companies", "Alias": "mc", "Startup Cost": 0.0, "Total Cost": 61385.74, "Plan Rows": 59, "Plan Width": 8, "Actual Startup Time": 3.943, "Actual Total Time": 946.12, "Actual Rows": 1418, "Actual Loops": 1, "Filter": "(((note)::text ~~ '%(VHS)%'::text) AND ((note)::text ~~ '%(USA)%'::text) AND ((note)::text ~~ '%(1994)%'::text))", "Rows Removed by Filter": 2607710}]}, {"Node Type": "Index Scan", "Parent Relationship": "Inner", "Scan Direction": "Forward", "Index Name": "title_pkey", "Relation Name": "title", "Alias": "t", "Startup Cost": 0.0, "Total Cost": 8.27, "Plan Rows": 1, "Plan Width": 21, "Actual Startup Time": 0.0, "Actual Total Time": 0.0, "Index Cond": "(id = mc.movie_id)", "Rows Removed by Index Recheck": 0, "Filter": "(production_year > 2010)", "Rows Removed by Filter": 0}]}, {"Node Type": "Index Scan", "Parent Relationship": "Inner", "Scan Direction": "Forward", "Index Name": "movie_id_movie_info", "Relation Name": "movie_info", "Alias": "mi", "Startup Cost": 0.0, "Total Cost": 2.46, "Plan Rows": 1, "Plan Width": 8, "Actual Startup Time": 0.0, "Actual Total Time": 0.0, "Index Cond": "(movie_id = t.id)", "Rows Removed by Index Recheck": 0, "Filter": "((info)::text = ANY ('{USA,America}'::text[]))", "Rows Removed by Filter": 0}]}, {"Node Type": "Index Only Scan", "Parent Relationship": "Inner", "Scan Direction": "Forward", "Index Name": "info_type_pkey", "Relation Name": "info_type", "Alias": "it", "Startup Cost": 0.0, "Total Cost": 0.27, "Plan Rows": 1, "Plan Width": 4, "Actual Startup Time": 0.0, "Actual Total Time": 0.0, "Index Cond": "(id = mi.info_type_id)", "Rows Removed by Index Recheck": 0, "Heap Fetches": 0}]}]}, "Triggers": [], "Planner Runtime": 7.558, "Total Runtime": 946.851, "Unique SQL Id": 328306525}}, "(1, '33')": {"explain_plan": {"Plan": {"Node Type": "Aggregate", "Strategy": "Plain", "Startup Cost": 63248.6, "Total Cost": 63248.61, "Plan Rows": 1, "Plan Width": 49, "Plans": [{"Node Type": "Nested Loop", "Parent Relationship": "Outer", "Join Type": "Inner", "Startup Cost": 0.0, "Total Cost": 63248.54, "Plan Rows": 24, "Plan Width": 17, "Inner Unique": true, "Plans": [{"Node Type": "Nested Loop", "Parent Relationship": "Outer", "Join Type": "Inner", "Startup Cost": 0.0, "Total Cost": 63241.82, "Plan Rows": 24, "Plan Width": 21, "Inner Unique": false, "Plans": [{"Node Type": "Nested Loop", "Parent Relationship": "Outer", "Join Type": "Inner", "Startup Cost": 0.0, "Total Cost": 63162.83, "Plan Rows": 32, "Plan Width": 25, "Inner Unique": true, "Plans": [{"Node Type": "Nested Loop", "Parent Relationship": "Outer", "Join Type": "Inner", "Startup Cost": 0.0, "Total Cost": 62914.35, "Plan Rows": 30, "Plan Width": 4, "Inner Unique": false, "Plans": [{"Node Type": "Index Scan", "Parent Relationship": "Outer", "Scan Direction": "Forward", "Index Name": "company_type_pkey", "Relation Name": "company_type", "Alias": "ct", "Startup Cost": 0.0, "Total Cost": 12.3, "Plan Rows": 1, "Plan Width": 4, "Filter": "((kind)::text = 'production companies'::text)"}, {"Node Type": "Index Scan", "Parent Relationship": "Inner", "Scan Direction": "Forward", "Index Name": "company_type_id_movie_companies", "Relation Name": "movie_companies", "Alias": "mc", "Startup Cost": 0.0, "Total Cost": 62901.76, "Plan Rows": 29, "Plan Width": 8, "Index Cond": "(company_type_id = ct.id)", "Filter": "(((note)::text ~~ '%(VHS)%'::text) AND ((note)::text ~~ '%(USA)%'::text) AND ((note)::text ~~ '%(1994)%'::text))"}]}, {"Node Type": "Index Scan", "Parent Relationship": "Inner", "Scan Direction": "Forward", "Index Name": "title_pkey", "Relation Name": "title", "Alias": "t", "Startup Cost": 0.0, "Total Cost": 8.27, "Plan Rows": 1, "Plan Width": 21, "Index Cond": "(id = mc.movie_id)", "Filter": "(production_year > 2010)"}]}, {"Node Type": "Index Scan", "Parent Relationship": "Inner", "Scan Direction": "Forward", "Index Name": "movie_id_movie_info", "Relation Name": "movie_info", "Alias": "mi", "Startup Cost": 0.0, "Total Cost": 2.46, "Plan Rows": 1, "Plan Width": 8, "Index Cond": "(movie_id = t.id)", "Filter": "((info)::text = ANY ('{USA,America}'::text[]))"}]}, {"Node Type": "Index Only Scan", "Parent Relationship": "Inner", "Scan Direction": "Forward", "Index Name": "info_type_pkey", "Relation Name": "info_type", "Alias": "it", "Startup Cost": 0.0, "Total Cost": 0.27, "Plan Rows": 1, "Plan Width": 4, "Index Cond": "(id = mi.info_type_id)"}]}]}, "Unique SQL Id": 328306525, "Planner Runtime": 3}, "explain_analyze_plan": {"Plan": {"Node Type": "Aggregate", "Strategy": "Plain", "Startup Cost": 63248.6, "Total Cost": 63248.61, "Plan Rows": 1, "Plan Width": 49, "Actual Startup Time": 640.136, "Actual Total Time": 640.136, "Actual Rows": 1, "Actual Loops": 1, "Plans": [{"Node Type": "Nested Loop", "Parent Relationship": "Outer", "Join Type": "Inner", "Startup Cost": 0.0, "Total Cost": 63248.54, "Plan Rows": 24, "Plan Width": 17, "Actual Startup Time": 640.125, "Actual Total Time": 640.125, "Actual Rows": 0, "Actual Loops": 1, "Inner Unique": true, "Plans": [{"Node Type": "Nested Loop", "Parent Relationship": "Outer", "Join Type": "Inner", "Startup Cost": 0.0, "Total Cost": 63241.82, "Plan Rows": 24, "Plan Width": 21, "Actual Startup Time": 640.123, "Actual Total Time": 640.123, "Actual Rows": 0, "Actual Loops": 1, "Inner Unique": false, "Plans": [{"Node Type": "Nested Loop", "Parent Relationship": "Outer", "Join Type": "Inner", "Startup Cost": 0.0, "Total Cost": 63162.83, "Plan Rows": 32, "Plan Width": 25, "Actual Startup Time": 640.123, "Actual Total Time": 640.123, "Actual Rows": 0, "Actual Loops": 1, "Inner Unique": true, "Plans": [{"Node Type": "Nested Loop", "Parent Relationship": "Outer", "Join Type": "Inner", "Startup Cost": 0.0, "Total Cost": 62914.35, "Plan Rows": 30, "Plan Width": 4, "Actual Startup Time": 640.122, "Actual Total Time": 640.122, "Actual Rows": 0, "Actual Loops": 1, "Inner Unique": false, "Plans": [{"Node Type": "Index Scan", "Parent Relationship": "Outer", "Scan Direction": "Forward", "Index Name": "company_type_pkey", "Relation Name": "company_type", "Alias": "ct", "Startup Cost": 0.0, "Total Cost": 12.3, "Plan Rows": 1, "Plan Width": 4, "Actual Startup Time": 0.026, "Actual Total Time": 0.033, "Actual Rows": 1, "Actual Loops": 1, "Filter": "((kind)::text = 'production companies'::text)", "Rows Removed by Filter": 2}, {"Node Type": "Index Scan", "Parent Relationship": "Inner", "Scan Direction": "Forward", "Index Name": "company_type_id_movie_companies", "Relation Name": "movie_companies", "Alias": "mc", "Startup Cost": 0.0, "Total Cost": 62901.76, "Plan Rows": 29, "Plan Width": 8, "Actual Startup Time": 640.079, "Actual Total Time": 640.079, "Actual Rows": 0, "Actual Loops": 1, "Index Cond": "(company_type_id = ct.id)", "Rows Removed by Index Recheck": 0, "Filter": "(((note)::text ~~ '%(VHS)%'::text) AND ((note)::text ~~ '%(USA)%'::text) AND ((note)::text ~~ '%(1994)%'::text))", "Rows Removed by Filter": 1334883}]}, {"Node Type": "Index Scan", "Parent Relationship": "Inner", "Scan Direction": "Forward", "Index Name": "title_pkey", "Relation Name": "title", "Alias": "t", "Startup Cost": 0.0, "Total Cost": 8.27, "Plan Rows": 1, "Plan Width": 21, "Actual Startup Time": 0.0, "Actual Total Time": 0.0, "Index Cond": "(id = mc.movie_id)", "Rows Removed by Index Recheck": 0, "Filter": "(production_year > 2010)", "Rows Removed by Filter": 0}]}, {"Node Type": "Index Scan", "Parent Relationship": "Inner", "Scan Direction": "Forward", "Index Name": "movie_id_movie_info", "Relation Name": "movie_info", "Alias": "mi", "Startup Cost": 0.0, "Total Cost": 2.46, "Plan Rows": 1, "Plan Width": 8, "Actual Startup Time": 0.0, "Actual Total Time": 0.0, "Index Cond": "(movie_id = t.id)", "Rows Removed by Index Recheck": 0, "Filter": "((info)::text = ANY ('{USA,America}'::text[]))", "Rows Removed by Filter": 0}]}, {"Node Type": "Index Only Scan", "Parent Relationship": "Inner", "Scan Direction": "Forward", "Index Name": "info_type_pkey", "Relation Name": "info_type", "Alias": "it", "Startup Cost": 0.0, "Total Cost": 0.27, "Plan Rows": 1, "Plan Width": 4, "Actual Startup Time": 0.0, "Actual Total Time": 0.0, "Index Cond": "(id = mi.info_type_id)", "Rows Removed by Index Recheck": 0, "Heap Fetches": 0}]}]}, "Triggers": [], "Planner Runtime": 7.646, "Total Runtime": 640.429, "Unique SQL Id": 328306525}}, "(1, '34')": {"explain_plan": {"Plan": {"Node Type": "Aggregate", "Strategy": "Plain", "Startup Cost": 62302.06, "Total Cost": 62302.07, "Plan Rows": 1, "Plan Width": 49, "Plans": [{"Node Type": "Nested Loop", "Parent Relationship": "Outer", "Join Type": "Inner", "Startup Cost": 4.61, "Total Cost": 62302.0, "Plan Rows": 24, "Plan Width": 17, "Inner Unique": false, "Join Filter": "(mi.info_type_id = it.id)", "Plans": [{"Node Type": "Seq Scan", "Parent Relationship": "Outer", "Relation Name": "info_type", "Alias": "it", "Startup Cost": 0.0, "Total Cost": 2.12, "Plan Rows": 112, "Plan Width": 4}, {"Node Type": "Materialize", "Parent Relationship": "Inner", "Startup Cost": 4.61, "Total Cost": 62259.62, "Plan Rows": 24, "Plan Width": 21, "Plans": [{"Node Type": "Nested Loop", "Parent Relationship": "Outer", "Join Type": "Inner", "Startup Cost": 4.61, "Total Cost": 62259.5, "Plan Rows": 24, "Plan Width": 21, "Inner Unique": true, "Plans": [{"Node Type": "Nested Loop", "Parent Relationship": "Outer", "Join Type": "Inner", "Startup Cost": 4.29, "Total Cost": 62116.08, "Plan Rows": 33, "Plan Width": 12, "Inner Unique": false, "Plans": [{"Node Type": "Nested Loop", "Parent Relationship": "Outer", "Join Type": "Inner", "Startup Cost": 0.0, "Total Cost": 61387.52, "Plan Rows": 30, "Plan Width": 4, "Inner Unique": false, "Join Filter": "(ct.id = mc.company_type_id)", "Plans": [{"Node Type": "Seq Scan", "Parent Relationship": "Outer", "Relation Name": "company_type", "Alias": "ct", "Startup Cost": 0.0, "Total Cost": 1.04, "Plan Rows": 1, "Plan Width": 4, "Filter": "((kind)::text = 'production companies'::text)"}, {"Node Type": "Seq Scan", "Parent Relationship": "Inner", "Relation Name": "movie_companies", "Alias": "mc", "Startup Cost": 0.0, "Total Cost": 61385.74, "Plan Rows": 59, "Plan Width": 8, "Filter": "(((note)::text ~~ '%(VHS)%'::text) AND ((note)::text ~~ '%(USA)%'::text) AND ((note)::text ~~ '%(1994)%'::text))"}]}, {"Node Type": "Bitmap Heap Scan", "Parent Relationship": "Inner", "Relation Name": "movie_info", "Alias": "mi", "Startup Cost": 4.29, "Total Cost": 24.28, "Plan Rows": 1, "Plan Width": 8, "Recheck Cond": "(movie_id = mc.movie_id)", "Filter": "((info)::text = ANY ('{USA,America}'::text[]))", "Plans": [{"Node Type": "Bitmap Index Scan", "Parent Relationship": "Outer", "Index Name": "movie_id_movie_info", "Startup Cost": 0.0, "Total Cost": 4.29, "Plan Rows": 5, "Plan Width": 0, "Index Cond": "(movie_id = mc.movie_id)"}]}]}, {"Node Type": "Bitmap Heap Scan", "Parent Relationship": "Inner", "Relation Name": "title", "Alias": "t", "Startup Cost": 0.32, "Total Cost": 4.34, "Plan Rows": 1, "Plan Width": 21, "Recheck Cond": "(id = mi.movie_id)", "Filter": "(production_year > 2010)", "Plans": [{"Node Type": "Bitmap Index Scan", "Parent Relationship": "Outer", "Index Name": "title_pkey", "Startup Cost": 0.0, "Total Cost": 0.32, "Plan Rows": 1, "Plan Width": 0, "Index Cond": "(id = mi.movie_id)"}]}]}]}]}]}, "Unique SQL Id": 328306525, "Planner Runtime": 3}, "explain_analyze_plan": {"Plan": {"Node Type": "Aggregate", "Strategy": "Plain", "Startup Cost": 62302.06, "Total Cost": 62302.07, "Plan Rows": 1, "Plan Width": 49, "Actual Startup Time": 957.016, "Actual Total Time": 957.016, "Actual Rows": 1, "Actual Loops": 1, "Plans": [{"Node Type": "Nested Loop", "Parent Relationship": "Outer", "Join Type": "Inner", "Startup Cost": 4.61, "Total Cost": 62302.0, "Plan Rows": 24, "Plan Width": 17, "Actual Startup Time": 957.009, "Actual Total Time": 957.009, "Actual Rows": 0, "Actual Loops": 1, "Inner Unique": false, "Join Filter": "(mi.info_type_id = it.id)", "Rows Removed by Join Filter": 0, "Plans": [{"Node Type": "Seq Scan", "Parent Relationship": "Outer", "Relation Name": "info_type", "Alias": "it", "Startup Cost": 0.0, "Total Cost": 2.12, "Plan Rows": 112, "Plan Width": 4, "Actual Startup Time": 0.031, "Actual Total Time": 0.048, "Actual Rows": 112, "Actual Loops": 1}, {"Node Type": "Materialize", "Parent Relationship": "Inner", "Startup Cost": 4.61, "Total Cost": 62259.62, "Plan Rows": 24, "Plan Width": 21, "Actual Startup Time": 956.933, "Actual Total Time": 956.933, "Actual Rows": 0, "Actual Loops": 112, "Plans": [{"Node Type": "Nested Loop", "Parent Relationship": "Outer", "Join Type": "Inner", "Startup Cost": 4.61, "Total Cost": 62259.5, "Plan Rows": 24, "Plan Width": 21, "Actual Startup Time": 956.916, "Actual Total Time": 956.916, "Actual Rows": 0, "Actual Loops": 1, "Inner Unique": true, "Plans": [{"Node Type": "Nested Loop", "Parent Relationship": "Outer", "Join Type": "Inner", "Startup Cost": 4.29, "Total Cost": 62116.08, "Plan Rows": 33, "Plan Width": 12, "Actual Startup Time": 956.914, "Actual Total Time": 956.914, "Actual Rows": 0, "Actual Loops": 1, "Inner Unique": false, "Plans": [{"Node Type": "Nested Loop", "Parent Relationship": "Outer", "Join Type": "Inner", "Startup Cost": 0.0, "Total Cost": 61387.52, "Plan Rows": 30, "Plan Width": 4, "Actual Startup Time": 956.912, "Actual Total Time": 956.912, "Actual Rows": 0, "Actual Loops": 1, "Inner Unique": false, "Join Filter": "(ct.id = mc.company_type_id)", "Rows Removed by Join Filter": 1418, "Plans": [{"Node Type": "Seq Scan", "Parent Relationship": "Outer", "Relation Name": "company_type", "Alias": "ct", "Startup Cost": 0.0, "Total Cost": 1.04, "Plan Rows": 1, "Plan Width": 4, "Actual Startup Time": 0.013, "Actual Total Time": 0.019, "Actual Rows": 1, "Actual Loops": 1, "Filter": "((kind)::text = 'production companies'::text)", "Rows Removed by Filter": 2}, {"Node Type": "Seq Scan", "Parent Relationship": "Inner", "Relation Name": "movie_companies", "Alias": "mc", "Startup Cost": 0.0, "Total Cost": 61385.74, "Plan Rows": 59, "Plan Width": 8, "Actual Startup Time": 3.894, "Actual Total Time": 956.458, "Actual Rows": 1418, "Actual Loops": 1, "Filter": "(((note)::text ~~ '%(VHS)%'::text) AND ((note)::text ~~ '%(USA)%'::text) AND ((note)::text ~~ '%(1994)%'::text))", "Rows Removed by Filter": 2607710}]}, {"Node Type": "Bitmap Heap Scan", "Parent Relationship": "Inner", "Relation Name": "movie_info", "Alias": "mi", "Startup Cost": 4.29, "Total Cost": 24.28, "Plan Rows": 1, "Plan Width": 8, "Actual Startup Time": 0.0, "Actual Total Time": 0.0, "Recheck Cond": "(movie_id = mc.movie_id)", "Rows Removed by Index Recheck": 0, "Filter": "((info)::text = ANY ('{USA,America}'::text[]))", "Rows Removed by Filter": 0, "Exact Heap Blocks": 0, "Lossy Heap Blocks": 0, "Plans": [{"Node Type": "Bitmap Index Scan", "Parent Relationship": "Outer", "Index Name": "movie_id_movie_info", "Startup Cost": 0.0, "Total Cost": 4.29, "Plan Rows": 5, "Plan Width": 0, "Actual Startup Time": 0.0, "Actual Total Time": 0.0, "Index Cond": "(movie_id = mc.movie_id)"}]}]}, {"Node Type": "Bitmap Heap Scan", "Parent Relationship": "Inner", "Relation Name": "title", "Alias": "t", "Startup Cost": 0.32, "Total Cost": 4.34, "Plan Rows": 1, "Plan Width": 21, "Actual Startup Time": 0.0, "Actual Total Time": 0.0, "Recheck Cond": "(id = mi.movie_id)", "Rows Removed by Index Recheck": 0, "Filter": "(production_year > 2010)", "Rows Removed by Filter": 0, "Exact Heap Blocks": 0, "Lossy Heap Blocks": 0, "Plans": [{"Node Type": "Bitmap Index Scan", "Parent Relationship": "Outer", "Index Name": "title_pkey", "Startup Cost": 0.0, "Total Cost": 0.32, "Plan Rows": 1, "Plan Width": 0, "Actual Startup Time": 0.0, "Actual Total Time": 0.0, "Index Cond": "(id = mi.movie_id)"}]}]}]}]}]}, "Triggers": [], "Planner Runtime": 6.588, "Total Runtime": 957.251, "Unique SQL Id": 328306525}}, "(1, '35')": {"explain_plan": {"Plan": {"Node Type": "Aggregate", "Strategy": "Plain", "Startup Cost": 1000011276294.99, "Total Cost": 1000011276295.0, "Plan Rows": 1, "Plan Width": 49, "Plans": [{"Node Type": "Nested Loop", "Parent Relationship": "Outer", "Join Type": "Inner", "Startup Cost": 10000000005.78, "Total Cost": 1000011276294.93, "Plan Rows": 24, "Plan Width": 17, "Inner Unique": true, "Plans": [{"Node Type": "Nested Loop", "Parent Relationship": "Outer", "Join Type": "Inner", "Startup Cost": 10000000005.38, "Total Cost": 1000011276078.43, "Plan Rows": 49, "Plan Width": 21, "Inner Unique": true, "Plans": [{"Node Type": "Nested Loop", "Parent Relationship": "Outer", "Join Type": "Inner", "Startup Cost": 10000000005.13, "Total Cost": 1000011275868.7, "Plan Rows": 49, "Plan Width": 25, "Inner Unique": false, "Plans": [{"Node Type": "Nested Loop", "Parent Relationship": "Outer", "Join Type": "Inner", "Startup Cost": 10000000004.26, "Total Cost": 1000011275551.68, "Plan Rows": 64, "Plan Width": 29, "Inner Unique": true, "Plans": [{"Node Type": "Index Scan", "Parent Relationship": "Outer", "Scan Direction": "Forward", "Index Name": "company_type_id_movie_companies", "Relation Name": "movie_companies", "Alias": "mc", "Startup Cost": 10000000000.0, "Total Cost": 1000011275063.0, "Plan Rows": 59, "Plan Width": 8, "Filter": "(((note)::text ~~ '%(VHS)%'::text) AND ((note)::text ~~ '%(USA)%'::text) AND ((note)::text ~~ '%(1994)%'::text))"}, {"Node Type": "Bitmap Heap Scan", "Parent Relationship": "Inner", "Relation Name": "title", "Alias": "t", "Startup Cost": 4.26, "Total Cost": 8.27, "Plan Rows": 1, "Plan Width": 21, "Recheck Cond": "(id = mc.movie_id)", "Filter": "(production_year > 2010)", "Plans": [{"Node Type": "Bitmap Index Scan", "Parent Relationship": "Outer", "Index Name": "title_pkey", "Startup Cost": 0.0, "Total Cost": 4.26, "Plan Rows": 1, "Plan Width": 0, "Index Cond": "(id = mc.movie_id)"}]}]}, {"Node Type": "Bitmap Heap Scan", "Parent Relationship": "Inner", "Relation Name": "movie_info", "Alias": "mi", "Startup Cost": 0.87, "Total Cost": 4.94, "Plan Rows": 1, "Plan Width": 8, "Recheck Cond": "(movie_id = t.id)", "Filter": "((info)::text = ANY ('{USA,America}'::text[]))", "Plans": [{"Node Type": "Bitmap Index Scan", "Parent Relationship": "Outer", "Index Name": "movie_id_movie_info", "Startup Cost": 0.0, "Total Cost": 0.87, "Plan Rows": 5, "Plan Width": 0, "Index Cond": "(movie_id = t.id)"}]}]}, {"Node Type": "Bitmap Heap Scan", "Parent Relationship": "Inner", "Relation Name": "info_type", "Alias": "it", "Startup Cost": 0.26, "Total Cost": 4.27, "Plan Rows": 1, "Plan Width": 4, "Recheck Cond": "(id = mi.info_type_id)", "Plans": [{"Node Type": "Bitmap Index Scan", "Parent Relationship": "Outer", "Index Name": "info_type_pkey", "Startup Cost": 0.0, "Total Cost": 0.26, "Plan Rows": 1, "Plan Width": 0, "Index Cond": "(id = mi.info_type_id)"}]}]}, {"Node Type": "Bitmap Heap Scan", "Parent Relationship": "Inner", "Relation Name": "company_type", "Alias": "ct", "Startup Cost": 0.39, "Total Cost": 4.41, "Plan Rows": 1, "Plan Width": 4, "Recheck Cond": "(id = mc.company_type_id)", "Filter": "((kind)::text = 'production companies'::text)", "Plans": [{"Node Type": "Bitmap Index Scan", "Parent Relationship": "Outer", "Index Name": "company_type_pkey", "Startup Cost": 0.0, "Total Cost": 0.39, "Plan Rows": 1, "Plan Width": 0, "Index Cond": "(id = mc.company_type_id)"}]}]}]}, "Unique SQL Id": 328306525, "Planner Runtime": 3}, "explain_analyze_plan": {"Plan": {"Node Type": "Aggregate", "Strategy": "Plain", "Startup Cost": 1000011276294.99, "Total Cost": 1000011276295.0, "Plan Rows": 1, "Plan Width": 49, "Actual Startup Time": 1689.858, "Actual Total Time": 1689.858, "Actual Rows": 1, "Actual Loops": 1, "Plans": [{"Node Type": "Nested Loop", "Parent Relationship": "Outer", "Join Type": "Inner", "Startup Cost": 10000000005.78, "Total Cost": 1000011276294.93, "Plan Rows": 24, "Plan Width": 17, "Actual Startup Time": 1689.851, "Actual Total Time": 1689.851, "Actual Rows": 0, "Actual Loops": 1, "Inner Unique": true, "Plans": [{"Node Type": "Nested Loop", "Parent Relationship": "Outer", "Join Type": "Inner", "Startup Cost": 10000000005.38, "Total Cost": 1000011276078.43, "Plan Rows": 49, "Plan Width": 21, "Actual Startup Time": 1689.849, "Actual Total Time": 1689.849, "Actual Rows": 0, "Actual Loops": 1, "Inner Unique": true, "Plans": [{"Node Type": "Nested Loop", "Parent Relationship": "Outer", "Join Type": "Inner", "Startup Cost": 10000000005.13, "Total Cost": 1000011275868.7, "Plan Rows": 49, "Plan Width": 25, "Actual Startup Time": 1689.847, "Actual Total Time": 1689.847, "Actual Rows": 0, "Actual Loops": 1, "Inner Unique": false, "Plans": [{"Node Type": "Nested Loop", "Parent Relationship": "Outer", "Join Type": "Inner", "Startup Cost": 10000000004.26, "Total Cost": 1000011275551.68, "Plan Rows": 64, "Plan Width": 29, "Actual Startup Time": 1689.843, "Actual Total Time": 1689.843, "Actual Rows": 0, "Actual Loops": 1, "Inner Unique": true, "Plans": [{"Node Type": "Index Scan", "Parent Relationship": "Outer", "Scan Direction": "Forward", "Index Name": "company_type_id_movie_companies", "Relation Name": "movie_companies", "Alias": "mc", "Startup Cost": 10000000000.0, "Total Cost": 1000011275063.0, "Plan Rows": 59, "Plan Width": 8, "Actual Startup Time": 6.155, "Actual Total Time": 1673.67, "Actual Rows": 1418, "Actual Loops": 1, "Filter": "(((note)::text ~~ '%(VHS)%'::text) AND ((note)::text ~~ '%(USA)%'::text) AND ((note)::text ~~ '%(1994)%'::text))", "Rows Removed by Filter": 2607710}, {"Node Type": "Bitmap Heap Scan", "Parent Relationship": "Inner", "Relation Name": "title", "Alias": "t", "Startup Cost": 4.26, "Total Cost": 8.27, "Plan Rows": 1, "Plan Width": 21, "Actual Startup Time": 13.912, "Actual Total Time": 13.912, "Actual Rows": 0, "Actual Loops": 1418, "Recheck Cond": "(id = mc.movie_id)", "Rows Removed by Index Recheck": 0, "Filter": "(production_year > 2010)", "Rows Removed by Filter": 1418, "Exact Heap Blocks": 1418, "Lossy Heap Blocks": 1418, "Plans": [{"Node Type": "Bitmap Index Scan", "Parent Relationship": "Outer", "Index Name": "title_pkey", "Startup Cost": 0.0, "Total Cost": 4.26, "Plan Rows": 1, "Plan Width": 0, "Actual Startup Time": 7.738, "Actual Total Time": 7.738, "Actual Rows": 1418, "Actual Loops": 1418, "Index Cond": "(id = mc.movie_id)"}]}]}, {"Node Type": "Bitmap Heap Scan", "Parent Relationship": "Inner", "Relation Name": "movie_info", "Alias": "mi", "Startup Cost": 0.87, "Total Cost": 4.94, "Plan Rows": 1, "Plan Width": 8, "Actual Startup Time": 0.0, "Actual Total Time": 0.0, "Recheck Cond": "(movie_id = t.id)", "Rows Removed by Index Recheck": 0, "Filter": "((info)::text = ANY ('{USA,America}'::text[]))", "Rows Removed by Filter": 0, "Exact Heap Blocks": 0, "Lossy Heap Blocks": 0, "Plans": [{"Node Type": "Bitmap Index Scan", "Parent Relationship": "Outer", "Index Name": "movie_id_movie_info", "Startup Cost": 0.0, "Total Cost": 0.87, "Plan Rows": 5, "Plan Width": 0, "Actual Startup Time": 0.0, "Actual Total Time": 0.0, "Index Cond": "(movie_id = t.id)"}]}]}, {"Node Type": "Bitmap Heap Scan", "Parent Relationship": "Inner", "Relation Name": "info_type", "Alias": "it", "Startup Cost": 0.26, "Total Cost": 4.27, "Plan Rows": 1, "Plan Width": 4, "Actual Startup Time": 0.0, "Actual Total Time": 0.0, "Recheck Cond": "(id = mi.info_type_id)", "Rows Removed by Index Recheck": 0, "Exact Heap Blocks": 0, "Lossy Heap Blocks": 0, "Plans": [{"Node Type": "Bitmap Index Scan", "Parent Relationship": "Outer", "Index Name": "info_type_pkey", "Startup Cost": 0.0, "Total Cost": 0.26, "Plan Rows": 1, "Plan Width": 0, "Actual Startup Time": 0.0, "Actual Total Time": 0.0, "Index Cond": "(id = mi.info_type_id)"}]}]}, {"Node Type": "Bitmap Heap Scan", "Parent Relationship": "Inner", "Relation Name": "company_type", "Alias": "ct", "Startup Cost": 0.39, "Total Cost": 4.41, "Plan Rows": 1, "Plan Width": 4, "Actual Startup Time": 0.0, "Actual Total Time": 0.0, "Recheck Cond": "(id = mc.company_type_id)", "Rows Removed by Index Recheck": 0, "Filter": "((kind)::text = 'production companies'::text)", "Rows Removed by Filter": 0, "Exact Heap Blocks": 0, "Lossy Heap Blocks": 0, "Plans": [{"Node Type": "Bitmap Index Scan", "Parent Relationship": "Outer", "Index Name": "company_type_pkey", "Startup Cost": 0.0, "Total Cost": 0.39, "Plan Rows": 1, "Plan Width": 0, "Actual Startup Time": 0.0, "Actual Total Time": 0.0, "Index Cond": "(id = mc.company_type_id)"}]}]}]}, "Triggers": [], "Planner Runtime": 5.044, "Total Runtime": 1690.156, "Unique SQL Id": 328306525}}, "(1, '36')": {"explain_plan": {"Plan": {"Node Type": "Aggregate", "Strategy": "Plain", "Startup Cost": 61721.76, "Total Cost": 61721.77, "Plan Rows": 1, "Plan Width": 49, "Plans": [{"Node Type": "Nested Loop", "Parent Relationship": "Outer", "Join Type": "Inner", "Startup Cost": 0.0, "Total Cost": 61721.7, "Plan Rows": 24, "Plan Width": 17, "Inner Unique": true, "Plans": [{"Node Type": "Nested Loop", "Parent Relationship": "Outer", "Join Type": "Inner", "Startup Cost": 0.0, "Total Cost": 61714.98, "Plan Rows": 24, "Plan Width": 21, "Inner Unique": false, "Plans": [{"Node Type": "Nested Loop", "Parent Relationship": "Outer", "Join Type": "Inner", "Startup Cost": 0.0, "Total Cost": 61635.99, "Plan Rows": 32, "Plan Width": 25, "Inner Unique": true, "Plans": [{"Node Type": "Nested Loop", "Parent Relationship": "Outer", "Join Type": "Inner", "Startup Cost": 0.0, "Total Cost": 61387.52, "Plan Rows": 30, "Plan Width": 4, "Inner Unique": false, "Join Filter": "(ct.id = mc.company_type_id)", "Plans": [{"Node Type": "Seq Scan", "Parent Relationship": "Outer", "Relation Name": "company_type", "Alias": "ct", "Startup Cost": 0.0, "Total Cost": 1.04, "Plan Rows": 1, "Plan Width": 4, "Filter": "((kind)::text = 'production companies'::text)"}, {"Node Type": "Seq Scan", "Parent Relationship": "Inner", "Relation Name": "movie_companies", "Alias": "mc", "Startup Cost": 0.0, "Total Cost": 61385.74, "Plan Rows": 59, "Plan Width": 8, "Filter": "(((note)::text ~~ '%(VHS)%'::text) AND ((note)::text ~~ '%(USA)%'::text) AND ((note)::text ~~ '%(1994)%'::text))"}]}, {"Node Type": "Index Scan", "Parent Relationship": "Inner", "Scan Direction": "Forward", "Index Name": "title_pkey", "Relation Name": "title", "Alias": "t", "Startup Cost": 0.0, "Total Cost": 8.27, "Plan Rows": 1, "Plan Width": 21, "Index Cond": "(id = mc.movie_id)", "Filter": "(production_year > 2010)"}]}, {"Node Type": "Index Scan", "Parent Relationship": "Inner", "Scan Direction": "Forward", "Index Name": "movie_id_movie_info", "Relation Name": "movie_info", "Alias": "mi", "Startup Cost": 0.0, "Total Cost": 2.46, "Plan Rows": 1, "Plan Width": 8, "Index Cond": "(movie_id = t.id)", "Filter": "((info)::text = ANY ('{USA,America}'::text[]))"}]}, {"Node Type": "Index Scan", "Parent Relationship": "Inner", "Scan Direction": "Forward", "Index Name": "info_type_pkey", "Relation Name": "info_type", "Alias": "it", "Startup Cost": 0.0, "Total Cost": 0.27, "Plan Rows": 1, "Plan Width": 4, "Index Cond": "(id = mi.info_type_id)"}]}]}, "Unique SQL Id": 328306525, "Planner Runtime": 3}, "explain_analyze_plan": {"Plan": {"Node Type": "Aggregate", "Strategy": "Plain", "Startup Cost": 61721.76, "Total Cost": 61721.77, "Plan Rows": 1, "Plan Width": 49, "Actual Startup Time": 987.079, "Actual Total Time": 987.08, "Actual Rows": 1, "Actual Loops": 1, "Plans": [{"Node Type": "Nested Loop", "Parent Relationship": "Outer", "Join Type": "Inner", "Startup Cost": 0.0, "Total Cost": 61721.7, "Plan Rows": 24, "Plan Width": 17, "Actual Startup Time": 987.072, "Actual Total Time": 987.072, "Actual Rows": 0, "Actual Loops": 1, "Inner Unique": true, "Plans": [{"Node Type": "Nested Loop", "Parent Relationship": "Outer", "Join Type": "Inner", "Startup Cost": 0.0, "Total Cost": 61714.98, "Plan Rows": 24, "Plan Width": 21, "Actual Startup Time": 987.071, "Actual Total Time": 987.071, "Actual Rows": 0, "Actual Loops": 1, "Inner Unique": false, "Plans": [{"Node Type": "Nested Loop", "Parent Relationship": "Outer", "Join Type": "Inner", "Startup Cost": 0.0, "Total Cost": 61635.99, "Plan Rows": 32, "Plan Width": 25, "Actual Startup Time": 987.07, "Actual Total Time": 987.07, "Actual Rows": 0, "Actual Loops": 1, "Inner Unique": true, "Plans": [{"Node Type": "Nested Loop", "Parent Relationship": "Outer", "Join Type": "Inner", "Startup Cost": 0.0, "Total Cost": 61387.52, "Plan Rows": 30, "Plan Width": 4, "Actual Startup Time": 987.068, "Actual Total Time": 987.068, "Actual Rows": 0, "Actual Loops": 1, "Inner Unique": false, "Join Filter": "(ct.id = mc.company_type_id)", "Rows Removed by Join Filter": 1418, "Plans": [{"Node Type": "Seq Scan", "Parent Relationship": "Outer", "Relation Name": "company_type", "Alias": "ct", "Startup Cost": 0.0, "Total Cost": 1.04, "Plan Rows": 1, "Plan Width": 4, "Actual Startup Time": 0.014, "Actual Total Time": 0.02, "Actual Rows": 1, "Actual Loops": 1, "Filter": "((kind)::text = 'production companies'::text)", "Rows Removed by Filter": 2}, {"Node Type": "Seq Scan", "Parent Relationship": "Inner", "Relation Name": "movie_companies", "Alias": "mc", "Startup Cost": 0.0, "Total Cost": 61385.74, "Plan Rows": 59, "Plan Width": 8, "Actual Startup Time": 4.166, "Actual Total Time": 986.623, "Actual Rows": 1418, "Actual Loops": 1, "Filter": "(((note)::text ~~ '%(VHS)%'::text) AND ((note)::text ~~ '%(USA)%'::text) AND ((note)::text ~~ '%(1994)%'::text))", "Rows Removed by Filter": 2607710}]}, {"Node Type": "Index Scan", "Parent Relationship": "Inner", "Scan Direction": "Forward", "Index Name": "title_pkey", "Relation Name": "title", "Alias": "t", "Startup Cost": 0.0, "Total Cost": 8.27, "Plan Rows": 1, "Plan Width": 21, "Actual Startup Time": 0.0, "Actual Total Time": 0.0, "Index Cond": "(id = mc.movie_id)", "Rows Removed by Index Recheck": 0, "Filter": "(production_year > 2010)", "Rows Removed by Filter": 0}]}, {"Node Type": "Index Scan", "Parent Relationship": "Inner", "Scan Direction": "Forward", "Index Name": "movie_id_movie_info", "Relation Name": "movie_info", "Alias": "mi", "Startup Cost": 0.0, "Total Cost": 2.46, "Plan Rows": 1, "Plan Width": 8, "Actual Startup Time": 0.0, "Actual Total Time": 0.0, "Index Cond": "(movie_id = t.id)", "Rows Removed by Index Recheck": 0, "Filter": "((info)::text = ANY ('{USA,America}'::text[]))", "Rows Removed by Filter": 0}]}, {"Node Type": "Index Scan", "Parent Relationship": "Inner", "Scan Direction": "Forward", "Index Name": "info_type_pkey", "Relation Name": "info_type", "Alias": "it", "Startup Cost": 0.0, "Total Cost": 0.27, "Plan Rows": 1, "Plan Width": 4, "Actual Startup Time": 0.0, "Actual Total Time": 0.0, "Index Cond": "(id = mi.info_type_id)", "Rows Removed by Index Recheck": 0}]}]}, "Triggers": [], "Planner Runtime": 7.432, "Total Runtime": 987.358, "Unique SQL Id": 328306525}}, "(1, '37')": {"explain_plan": {"Plan": {"Node Type": "Aggregate", "Strategy": "Plain", "Startup Cost": 63248.6, "Total Cost": 63248.61, "Plan Rows": 1, "Plan Width": 49, "Plans": [{"Node Type": "Nested Loop", "Parent Relationship": "Outer", "Join Type": "Inner", "Startup Cost": 0.0, "Total Cost": 63248.54, "Plan Rows": 24, "Plan Width": 17, "Inner Unique": true, "Plans": [{"Node Type": "Nested Loop", "Parent Relationship": "Outer", "Join Type": "Inner", "Startup Cost": 0.0, "Total Cost": 63241.82, "Plan Rows": 24, "Plan Width": 21, "Inner Unique": false, "Plans": [{"Node Type": "Nested Loop", "Parent Relationship": "Outer", "Join Type": "Inner", "Startup Cost": 0.0, "Total Cost": 63162.83, "Plan Rows": 32, "Plan Width": 25, "Inner Unique": true, "Plans": [{"Node Type": "Nested Loop", "Parent Relationship": "Outer", "Join Type": "Inner", "Startup Cost": 0.0, "Total Cost": 62914.35, "Plan Rows": 30, "Plan Width": 4, "Inner Unique": false, "Plans": [{"Node Type": "Index Scan", "Parent Relationship": "Outer", "Scan Direction": "Forward", "Index Name": "company_type_pkey", "Relation Name": "company_type", "Alias": "ct", "Startup Cost": 0.0, "Total Cost": 12.3, "Plan Rows": 1, "Plan Width": 4, "Filter": "((kind)::text = 'production companies'::text)"}, {"Node Type": "Index Scan", "Parent Relationship": "Inner", "Scan Direction": "Forward", "Index Name": "company_type_id_movie_companies", "Relation Name": "movie_companies", "Alias": "mc", "Startup Cost": 0.0, "Total Cost": 62901.76, "Plan Rows": 29, "Plan Width": 8, "Index Cond": "(company_type_id = ct.id)", "Filter": "(((note)::text ~~ '%(VHS)%'::text) AND ((note)::text ~~ '%(USA)%'::text) AND ((note)::text ~~ '%(1994)%'::text))"}]}, {"Node Type": "Index Scan", "Parent Relationship": "Inner", "Scan Direction": "Forward", "Index Name": "title_pkey", "Relation Name": "title", "Alias": "t", "Startup Cost": 0.0, "Total Cost": 8.27, "Plan Rows": 1, "Plan Width": 21, "Index Cond": "(id = mc.movie_id)", "Filter": "(production_year > 2010)"}]}, {"Node Type": "Index Scan", "Parent Relationship": "Inner", "Scan Direction": "Forward", "Index Name": "movie_id_movie_info", "Relation Name": "movie_info", "Alias": "mi", "Startup Cost": 0.0, "Total Cost": 2.46, "Plan Rows": 1, "Plan Width": 8, "Index Cond": "(movie_id = t.id)", "Filter": "((info)::text = ANY ('{USA,America}'::text[]))"}]}, {"Node Type": "Index Scan", "Parent Relationship": "Inner", "Scan Direction": "Forward", "Index Name": "info_type_pkey", "Relation Name": "info_type", "Alias": "it", "Startup Cost": 0.0, "Total Cost": 0.27, "Plan Rows": 1, "Plan Width": 4, "Index Cond": "(id = mi.info_type_id)"}]}]}, "Unique SQL Id": 328306525, "Planner Runtime": 3}, "explain_analyze_plan": {"Plan": {"Node Type": "Aggregate", "Strategy": "Plain", "Startup Cost": 63248.6, "Total Cost": 63248.61, "Plan Rows": 1, "Plan Width": 49, "Actual Startup Time": 742.385, "Actual Total Time": 742.386, "Actual Rows": 1, "Actual Loops": 1, "Plans": [{"Node Type": "Nested Loop", "Parent Relationship": "Outer", "Join Type": "Inner", "Startup Cost": 0.0, "Total Cost": 63248.54, "Plan Rows": 24, "Plan Width": 17, "Actual Startup Time": 742.379, "Actual Total Time": 742.379, "Actual Rows": 0, "Actual Loops": 1, "Inner Unique": true, "Plans": [{"Node Type": "Nested Loop", "Parent Relationship": "Outer", "Join Type": "Inner", "Startup Cost": 0.0, "Total Cost": 63241.82, "Plan Rows": 24, "Plan Width": 21, "Actual Startup Time": 742.378, "Actual Total Time": 742.378, "Actual Rows": 0, "Actual Loops": 1, "Inner Unique": false, "Plans": [{"Node Type": "Nested Loop", "Parent Relationship": "Outer", "Join Type": "Inner", "Startup Cost": 0.0, "Total Cost": 63162.83, "Plan Rows": 32, "Plan Width": 25, "Actual Startup Time": 742.377, "Actual Total Time": 742.377, "Actual Rows": 0, "Actual Loops": 1, "Inner Unique": true, "Plans": [{"Node Type": "Nested Loop", "Parent Relationship": "Outer", "Join Type": "Inner", "Startup Cost": 0.0, "Total Cost": 62914.35, "Plan Rows": 30, "Plan Width": 4, "Actual Startup Time": 742.375, "Actual Total Time": 742.375, "Actual Rows": 0, "Actual Loops": 1, "Inner Unique": false, "Plans": [{"Node Type": "Index Scan", "Parent Relationship": "Outer", "Scan Direction": "Forward", "Index Name": "company_type_pkey", "Relation Name": "company_type", "Alias": "ct", "Startup Cost": 0.0, "Total Cost": 12.3, "Plan Rows": 1, "Plan Width": 4, "Actual Startup Time": 0.013, "Actual Total Time": 0.023, "Actual Rows": 1, "Actual Loops": 1, "Filter": "((kind)::text = 'production companies'::text)", "Rows Removed by Filter": 2}, {"Node Type": "Index Scan", "Parent Relationship": "Inner", "Scan Direction": "Forward", "Index Name": "company_type_id_movie_companies", "Relation Name": "movie_companies", "Alias": "mc", "Startup Cost": 0.0, "Total Cost": 62901.76, "Plan Rows": 29, "Plan Width": 8, "Actual Startup Time": 742.345, "Actual Total Time": 742.345, "Actual Rows": 0, "Actual Loops": 1, "Index Cond": "(company_type_id = ct.id)", "Rows Removed by Index Recheck": 0, "Filter": "(((note)::text ~~ '%(VHS)%'::text) AND ((note)::text ~~ '%(USA)%'::text) AND ((note)::text ~~ '%(1994)%'::text))", "Rows Removed by Filter": 1334883}]}, {"Node Type": "Index Scan", "Parent Relationship": "Inner", "Scan Direction": "Forward", "Index Name": "title_pkey", "Relation Name": "title", "Alias": "t", "Startup Cost": 0.0, "Total Cost": 8.27, "Plan Rows": 1, "Plan Width": 21, "Actual Startup Time": 0.0, "Actual Total Time": 0.0, "Index Cond": "(id = mc.movie_id)", "Rows Removed by Index Recheck": 0, "Filter": "(production_year > 2010)", "Rows Removed by Filter": 0}]}, {"Node Type": "Index Scan", "Parent Relationship": "Inner", "Scan Direction": "Forward", "Index Name": "movie_id_movie_info", "Relation Name": "movie_info", "Alias": "mi", "Startup Cost": 0.0, "Total Cost": 2.46, "Plan Rows": 1, "Plan Width": 8, "Actual Startup Time": 0.0, "Actual Total Time": 0.0, "Index Cond": "(movie_id = t.id)", "Rows Removed by Index Recheck": 0, "Filter": "((info)::text = ANY ('{USA,America}'::text[]))", "Rows Removed by Filter": 0}]}, {"Node Type": "Index Scan", "Parent Relationship": "Inner", "Scan Direction": "Forward", "Index Name": "info_type_pkey", "Relation Name": "info_type", "Alias": "it", "Startup Cost": 0.0, "Total Cost": 0.27, "Plan Rows": 1, "Plan Width": 4, "Actual Startup Time": 0.0, "Actual Total Time": 0.0, "Index Cond": "(id = mi.info_type_id)", "Rows Removed by Index Recheck": 0}]}]}, "Triggers": [], "Planner Runtime": 7.216, "Total Runtime": 742.642, "Unique SQL Id": 328306525}}, "(1, '38')": {"explain_plan": {"Plan": {"Node Type": "Aggregate", "Strategy": "Plain", "Startup Cost": 62302.06, "Total Cost": 62302.07, "Plan Rows": 1, "Plan Width": 49, "Plans": [{"Node Type": "Nested Loop", "Parent Relationship": "Outer", "Join Type": "Inner", "Startup Cost": 4.61, "Total Cost": 62302.0, "Plan Rows": 24, "Plan Width": 17, "Inner Unique": false, "Join Filter": "(mi.info_type_id = it.id)", "Plans": [{"Node Type": "Seq Scan", "Parent Relationship": "Outer", "Relation Name": "info_type", "Alias": "it", "Startup Cost": 0.0, "Total Cost": 2.12, "Plan Rows": 112, "Plan Width": 4}, {"Node Type": "Materialize", "Parent Relationship": "Inner", "Startup Cost": 4.61, "Total Cost": 62259.62, "Plan Rows": 24, "Plan Width": 21, "Plans": [{"Node Type": "Nested Loop", "Parent Relationship": "Outer", "Join Type": "Inner", "Startup Cost": 4.61, "Total Cost": 62259.5, "Plan Rows": 24, "Plan Width": 21, "Inner Unique": true, "Plans": [{"Node Type": "Nested Loop", "Parent Relationship": "Outer", "Join Type": "Inner", "Startup Cost": 4.29, "Total Cost": 62116.08, "Plan Rows": 33, "Plan Width": 12, "Inner Unique": false, "Plans": [{"Node Type": "Nested Loop", "Parent Relationship": "Outer", "Join Type": "Inner", "Startup Cost": 0.0, "Total Cost": 61387.52, "Plan Rows": 30, "Plan Width": 4, "Inner Unique": false, "Join Filter": "(ct.id = mc.company_type_id)", "Plans": [{"Node Type": "Seq Scan", "Parent Relationship": "Outer", "Relation Name": "company_type", "Alias": "ct", "Startup Cost": 0.0, "Total Cost": 1.04, "Plan Rows": 1, "Plan Width": 4, "Filter": "((kind)::text = 'production companies'::text)"}, {"Node Type": "Seq Scan", "Parent Relationship": "Inner", "Relation Name": "movie_companies", "Alias": "mc", "Startup Cost": 0.0, "Total Cost": 61385.74, "Plan Rows": 59, "Plan Width": 8, "Filter": "(((note)::text ~~ '%(VHS)%'::text) AND ((note)::text ~~ '%(USA)%'::text) AND ((note)::text ~~ '%(1994)%'::text))"}]}, {"Node Type": "Bitmap Heap Scan", "Parent Relationship": "Inner", "Relation Name": "movie_info", "Alias": "mi", "Startup Cost": 4.29, "Total Cost": 24.28, "Plan Rows": 1, "Plan Width": 8, "Recheck Cond": "(movie_id = mc.movie_id)", "Filter": "((info)::text = ANY ('{USA,America}'::text[]))", "Plans": [{"Node Type": "Bitmap Index Scan", "Parent Relationship": "Outer", "Index Name": "movie_id_movie_info", "Startup Cost": 0.0, "Total Cost": 4.29, "Plan Rows": 5, "Plan Width": 0, "Index Cond": "(movie_id = mc.movie_id)"}]}]}, {"Node Type": "Bitmap Heap Scan", "Parent Relationship": "Inner", "Relation Name": "title", "Alias": "t", "Startup Cost": 0.32, "Total Cost": 4.34, "Plan Rows": 1, "Plan Width": 21, "Recheck Cond": "(id = mi.movie_id)", "Filter": "(production_year > 2010)", "Plans": [{"Node Type": "Bitmap Index Scan", "Parent Relationship": "Outer", "Index Name": "title_pkey", "Startup Cost": 0.0, "Total Cost": 0.32, "Plan Rows": 1, "Plan Width": 0, "Index Cond": "(id = mi.movie_id)"}]}]}]}]}]}, "Unique SQL Id": 328306525, "Planner Runtime": 3}, "explain_analyze_plan": {"Plan": {"Node Type": "Aggregate", "Strategy": "Plain", "Startup Cost": 62302.06, "Total Cost": 62302.07, "Plan Rows": 1, "Plan Width": 49, "Actual Startup Time": 957.016, "Actual Total Time": 957.016, "Actual Rows": 1, "Actual Loops": 1, "Plans": [{"Node Type": "Nested Loop", "Parent Relationship": "Outer", "Join Type": "Inner", "Startup Cost": 4.61, "Total Cost": 62302.0, "Plan Rows": 24, "Plan Width": 17, "Actual Startup Time": 957.009, "Actual Total Time": 957.009, "Actual Rows": 0, "Actual Loops": 1, "Inner Unique": false, "Join Filter": "(mi.info_type_id = it.id)", "Rows Removed by Join Filter": 0, "Plans": [{"Node Type": "Seq Scan", "Parent Relationship": "Outer", "Relation Name": "info_type", "Alias": "it", "Startup Cost": 0.0, "Total Cost": 2.12, "Plan Rows": 112, "Plan Width": 4, "Actual Startup Time": 0.031, "Actual Total Time": 0.048, "Actual Rows": 112, "Actual Loops": 1}, {"Node Type": "Materialize", "Parent Relationship": "Inner", "Startup Cost": 4.61, "Total Cost": 62259.62, "Plan Rows": 24, "Plan Width": 21, "Actual Startup Time": 956.933, "Actual Total Time": 956.933, "Actual Rows": 0, "Actual Loops": 112, "Plans": [{"Node Type": "Nested Loop", "Parent Relationship": "Outer", "Join Type": "Inner", "Startup Cost": 4.61, "Total Cost": 62259.5, "Plan Rows": 24, "Plan Width": 21, "Actual Startup Time": 956.916, "Actual Total Time": 956.916, "Actual Rows": 0, "Actual Loops": 1, "Inner Unique": true, "Plans": [{"Node Type": "Nested Loop", "Parent Relationship": "Outer", "Join Type": "Inner", "Startup Cost": 4.29, "Total Cost": 62116.08, "Plan Rows": 33, "Plan Width": 12, "Actual Startup Time": 956.914, "Actual Total Time": 956.914, "Actual Rows": 0, "Actual Loops": 1, "Inner Unique": false, "Plans": [{"Node Type": "Nested Loop", "Parent Relationship": "Outer", "Join Type": "Inner", "Startup Cost": 0.0, "Total Cost": 61387.52, "Plan Rows": 30, "Plan Width": 4, "Actual Startup Time": 956.912, "Actual Total Time": 956.912, "Actual Rows": 0, "Actual Loops": 1, "Inner Unique": false, "Join Filter": "(ct.id = mc.company_type_id)", "Rows Removed by Join Filter": 1418, "Plans": [{"Node Type": "Seq Scan", "Parent Relationship": "Outer", "Relation Name": "company_type", "Alias": "ct", "Startup Cost": 0.0, "Total Cost": 1.04, "Plan Rows": 1, "Plan Width": 4, "Actual Startup Time": 0.013, "Actual Total Time": 0.019, "Actual Rows": 1, "Actual Loops": 1, "Filter": "((kind)::text = 'production companies'::text)", "Rows Removed by Filter": 2}, {"Node Type": "Seq Scan", "Parent Relationship": "Inner", "Relation Name": "movie_companies", "Alias": "mc", "Startup Cost": 0.0, "Total Cost": 61385.74, "Plan Rows": 59, "Plan Width": 8, "Actual Startup Time": 3.894, "Actual Total Time": 956.458, "Actual Rows": 1418, "Actual Loops": 1, "Filter": "(((note)::text ~~ '%(VHS)%'::text) AND ((note)::text ~~ '%(USA)%'::text) AND ((note)::text ~~ '%(1994)%'::text))", "Rows Removed by Filter": 2607710}]}, {"Node Type": "Bitmap Heap Scan", "Parent Relationship": "Inner", "Relation Name": "movie_info", "Alias": "mi", "Startup Cost": 4.29, "Total Cost": 24.28, "Plan Rows": 1, "Plan Width": 8, "Actual Startup Time": 0.0, "Actual Total Time": 0.0, "Recheck Cond": "(movie_id = mc.movie_id)", "Rows Removed by Index Recheck": 0, "Filter": "((info)::text = ANY ('{USA,America}'::text[]))", "Rows Removed by Filter": 0, "Exact Heap Blocks": 0, "Lossy Heap Blocks": 0, "Plans": [{"Node Type": "Bitmap Index Scan", "Parent Relationship": "Outer", "Index Name": "movie_id_movie_info", "Startup Cost": 0.0, "Total Cost": 4.29, "Plan Rows": 5, "Plan Width": 0, "Actual Startup Time": 0.0, "Actual Total Time": 0.0, "Index Cond": "(movie_id = mc.movie_id)"}]}]}, {"Node Type": "Bitmap Heap Scan", "Parent Relationship": "Inner", "Relation Name": "title", "Alias": "t", "Startup Cost": 0.32, "Total Cost": 4.34, "Plan Rows": 1, "Plan Width": 21, "Actual Startup Time": 0.0, "Actual Total Time": 0.0, "Recheck Cond": "(id = mi.movie_id)", "Rows Removed by Index Recheck": 0, "Filter": "(production_year > 2010)", "Rows Removed by Filter": 0, "Exact Heap Blocks": 0, "Lossy Heap Blocks": 0, "Plans": [{"Node Type": "Bitmap Index Scan", "Parent Relationship": "Outer", "Index Name": "title_pkey", "Startup Cost": 0.0, "Total Cost": 0.32, "Plan Rows": 1, "Plan Width": 0, "Actual Startup Time": 0.0, "Actual Total Time": 0.0, "Index Cond": "(id = mi.movie_id)"}]}]}]}]}]}, "Triggers": [], "Planner Runtime": 6.588, "Total Runtime": 957.251, "Unique SQL Id": 328306525}}, "(1, '39')": {"explain_plan": {"Plan": {"Node Type": "Aggregate", "Strategy": "Plain", "Startup Cost": 1000011276294.99, "Total Cost": 1000011276295.0, "Plan Rows": 1, "Plan Width": 49, "Plans": [{"Node Type": "Nested Loop", "Parent Relationship": "Outer", "Join Type": "Inner", "Startup Cost": 10000000005.78, "Total Cost": 1000011276294.93, "Plan Rows": 24, "Plan Width": 17, "Inner Unique": true, "Plans": [{"Node Type": "Nested Loop", "Parent Relationship": "Outer", "Join Type": "Inner", "Startup Cost": 10000000005.38, "Total Cost": 1000011276078.43, "Plan Rows": 49, "Plan Width": 21, "Inner Unique": true, "Plans": [{"Node Type": "Nested Loop", "Parent Relationship": "Outer", "Join Type": "Inner", "Startup Cost": 10000000005.13, "Total Cost": 1000011275868.7, "Plan Rows": 49, "Plan Width": 25, "Inner Unique": false, "Plans": [{"Node Type": "Nested Loop", "Parent Relationship": "Outer", "Join Type": "Inner", "Startup Cost": 10000000004.26, "Total Cost": 1000011275551.68, "Plan Rows": 64, "Plan Width": 29, "Inner Unique": true, "Plans": [{"Node Type": "Index Scan", "Parent Relationship": "Outer", "Scan Direction": "Forward", "Index Name": "company_type_id_movie_companies", "Relation Name": "movie_companies", "Alias": "mc", "Startup Cost": 10000000000.0, "Total Cost": 1000011275063.0, "Plan Rows": 59, "Plan Width": 8, "Filter": "(((note)::text ~~ '%(VHS)%'::text) AND ((note)::text ~~ '%(USA)%'::text) AND ((note)::text ~~ '%(1994)%'::text))"}, {"Node Type": "Bitmap Heap Scan", "Parent Relationship": "Inner", "Relation Name": "title", "Alias": "t", "Startup Cost": 4.26, "Total Cost": 8.27, "Plan Rows": 1, "Plan Width": 21, "Recheck Cond": "(id = mc.movie_id)", "Filter": "(production_year > 2010)", "Plans": [{"Node Type": "Bitmap Index Scan", "Parent Relationship": "Outer", "Index Name": "title_pkey", "Startup Cost": 0.0, "Total Cost": 4.26, "Plan Rows": 1, "Plan Width": 0, "Index Cond": "(id = mc.movie_id)"}]}]}, {"Node Type": "Bitmap Heap Scan", "Parent Relationship": "Inner", "Relation Name": "movie_info", "Alias": "mi", "Startup Cost": 0.87, "Total Cost": 4.94, "Plan Rows": 1, "Plan Width": 8, "Recheck Cond": "(movie_id = t.id)", "Filter": "((info)::text = ANY ('{USA,America}'::text[]))", "Plans": [{"Node Type": "Bitmap Index Scan", "Parent Relationship": "Outer", "Index Name": "movie_id_movie_info", "Startup Cost": 0.0, "Total Cost": 0.87, "Plan Rows": 5, "Plan Width": 0, "Index Cond": "(movie_id = t.id)"}]}]}, {"Node Type": "Bitmap Heap Scan", "Parent Relationship": "Inner", "Relation Name": "info_type", "Alias": "it", "Startup Cost": 0.26, "Total Cost": 4.27, "Plan Rows": 1, "Plan Width": 4, "Recheck Cond": "(id = mi.info_type_id)", "Plans": [{"Node Type": "Bitmap Index Scan", "Parent Relationship": "Outer", "Index Name": "info_type_pkey", "Startup Cost": 0.0, "Total Cost": 0.26, "Plan Rows": 1, "Plan Width": 0, "Index Cond": "(id = mi.info_type_id)"}]}]}, {"Node Type": "Bitmap Heap Scan", "Parent Relationship": "Inner", "Relation Name": "company_type", "Alias": "ct", "Startup Cost": 0.39, "Total Cost": 4.41, "Plan Rows": 1, "Plan Width": 4, "Recheck Cond": "(id = mc.company_type_id)", "Filter": "((kind)::text = 'production companies'::text)", "Plans": [{"Node Type": "Bitmap Index Scan", "Parent Relationship": "Outer", "Index Name": "company_type_pkey", "Startup Cost": 0.0, "Total Cost": 0.39, "Plan Rows": 1, "Plan Width": 0, "Index Cond": "(id = mc.company_type_id)"}]}]}]}, "Unique SQL Id": 328306525, "Planner Runtime": 3}, "explain_analyze_plan": {"Plan": {"Node Type": "Aggregate", "Strategy": "Plain", "Startup Cost": 1000011276294.99, "Total Cost": 1000011276295.0, "Plan Rows": 1, "Plan Width": 49, "Actual Startup Time": 1689.858, "Actual Total Time": 1689.858, "Actual Rows": 1, "Actual Loops": 1, "Plans": [{"Node Type": "Nested Loop", "Parent Relationship": "Outer", "Join Type": "Inner", "Startup Cost": 10000000005.78, "Total Cost": 1000011276294.93, "Plan Rows": 24, "Plan Width": 17, "Actual Startup Time": 1689.851, "Actual Total Time": 1689.851, "Actual Rows": 0, "Actual Loops": 1, "Inner Unique": true, "Plans": [{"Node Type": "Nested Loop", "Parent Relationship": "Outer", "Join Type": "Inner", "Startup Cost": 10000000005.38, "Total Cost": 1000011276078.43, "Plan Rows": 49, "Plan Width": 21, "Actual Startup Time": 1689.849, "Actual Total Time": 1689.849, "Actual Rows": 0, "Actual Loops": 1, "Inner Unique": true, "Plans": [{"Node Type": "Nested Loop", "Parent Relationship": "Outer", "Join Type": "Inner", "Startup Cost": 10000000005.13, "Total Cost": 1000011275868.7, "Plan Rows": 49, "Plan Width": 25, "Actual Startup Time": 1689.847, "Actual Total Time": 1689.847, "Actual Rows": 0, "Actual Loops": 1, "Inner Unique": false, "Plans": [{"Node Type": "Nested Loop", "Parent Relationship": "Outer", "Join Type": "Inner", "Startup Cost": 10000000004.26, "Total Cost": 1000011275551.68, "Plan Rows": 64, "Plan Width": 29, "Actual Startup Time": 1689.843, "Actual Total Time": 1689.843, "Actual Rows": 0, "Actual Loops": 1, "Inner Unique": true, "Plans": [{"Node Type": "Index Scan", "Parent Relationship": "Outer", "Scan Direction": "Forward", "Index Name": "company_type_id_movie_companies", "Relation Name": "movie_companies", "Alias": "mc", "Startup Cost": 10000000000.0, "Total Cost": 1000011275063.0, "Plan Rows": 59, "Plan Width": 8, "Actual Startup Time": 6.155, "Actual Total Time": 1673.67, "Actual Rows": 1418, "Actual Loops": 1, "Filter": "(((note)::text ~~ '%(VHS)%'::text) AND ((note)::text ~~ '%(USA)%'::text) AND ((note)::text ~~ '%(1994)%'::text))", "Rows Removed by Filter": 2607710}, {"Node Type": "Bitmap Heap Scan", "Parent Relationship": "Inner", "Relation Name": "title", "Alias": "t", "Startup Cost": 4.26, "Total Cost": 8.27, "Plan Rows": 1, "Plan Width": 21, "Actual Startup Time": 13.912, "Actual Total Time": 13.912, "Actual Rows": 0, "Actual Loops": 1418, "Recheck Cond": "(id = mc.movie_id)", "Rows Removed by Index Recheck": 0, "Filter": "(production_year > 2010)", "Rows Removed by Filter": 1418, "Exact Heap Blocks": 1418, "Lossy Heap Blocks": 1418, "Plans": [{"Node Type": "Bitmap Index Scan", "Parent Relationship": "Outer", "Index Name": "title_pkey", "Startup Cost": 0.0, "Total Cost": 4.26, "Plan Rows": 1, "Plan Width": 0, "Actual Startup Time": 7.738, "Actual Total Time": 7.738, "Actual Rows": 1418, "Actual Loops": 1418, "Index Cond": "(id = mc.movie_id)"}]}]}, {"Node Type": "Bitmap Heap Scan", "Parent Relationship": "Inner", "Relation Name": "movie_info", "Alias": "mi", "Startup Cost": 0.87, "Total Cost": 4.94, "Plan Rows": 1, "Plan Width": 8, "Actual Startup Time": 0.0, "Actual Total Time": 0.0, "Recheck Cond": "(movie_id = t.id)", "Rows Removed by Index Recheck": 0, "Filter": "((info)::text = ANY ('{USA,America}'::text[]))", "Rows Removed by Filter": 0, "Exact Heap Blocks": 0, "Lossy Heap Blocks": 0, "Plans": [{"Node Type": "Bitmap Index Scan", "Parent Relationship": "Outer", "Index Name": "movie_id_movie_info", "Startup Cost": 0.0, "Total Cost": 0.87, "Plan Rows": 5, "Plan Width": 0, "Actual Startup Time": 0.0, "Actual Total Time": 0.0, "Index Cond": "(movie_id = t.id)"}]}]}, {"Node Type": "Bitmap Heap Scan", "Parent Relationship": "Inner", "Relation Name": "info_type", "Alias": "it", "Startup Cost": 0.26, "Total Cost": 4.27, "Plan Rows": 1, "Plan Width": 4, "Actual Startup Time": 0.0, "Actual Total Time": 0.0, "Recheck Cond": "(id = mi.info_type_id)", "Rows Removed by Index Recheck": 0, "Exact Heap Blocks": 0, "Lossy Heap Blocks": 0, "Plans": [{"Node Type": "Bitmap Index Scan", "Parent Relationship": "Outer", "Index Name": "info_type_pkey", "Startup Cost": 0.0, "Total Cost": 0.26, "Plan Rows": 1, "Plan Width": 0, "Actual Startup Time": 0.0, "Actual Total Time": 0.0, "Index Cond": "(id = mi.info_type_id)"}]}]}, {"Node Type": "Bitmap Heap Scan", "Parent Relationship": "Inner", "Relation Name": "company_type", "Alias": "ct", "Startup Cost": 0.39, "Total Cost": 4.41, "Plan Rows": 1, "Plan Width": 4, "Actual Startup Time": 0.0, "Actual Total Time": 0.0, "Recheck Cond": "(id = mc.company_type_id)", "Rows Removed by Index Recheck": 0, "Filter": "((kind)::text = 'production companies'::text)", "Rows Removed by Filter": 0, "Exact Heap Blocks": 0, "Lossy Heap Blocks": 0, "Plans": [{"Node Type": "Bitmap Index Scan", "Parent Relationship": "Outer", "Index Name": "company_type_pkey", "Startup Cost": 0.0, "Total Cost": 0.39, "Plan Rows": 1, "Plan Width": 0, "Actual Startup Time": 0.0, "Actual Total Time": 0.0, "Index Cond": "(id = mc.company_type_id)"}]}]}]}, "Triggers": [], "Planner Runtime": 5.044, "Total Runtime": 1690.156, "Unique SQL Id": 328306525}}, "(1, '40')": {"explain_plan": {"Plan": {"Node Type": "Aggregate", "Strategy": "Plain", "Startup Cost": 61721.76, "Total Cost": 61721.77, "Plan Rows": 1, "Plan Width": 49, "Plans": [{"Node Type": "Nested Loop", "Parent Relationship": "Outer", "Join Type": "Inner", "Startup Cost": 0.0, "Total Cost": 61721.7, "Plan Rows": 24, "Plan Width": 17, "Inner Unique": true, "Plans": [{"Node Type": "Nested Loop", "Parent Relationship": "Outer", "Join Type": "Inner", "Startup Cost": 0.0, "Total Cost": 61714.98, "Plan Rows": 24, "Plan Width": 21, "Inner Unique": false, "Plans": [{"Node Type": "Nested Loop", "Parent Relationship": "Outer", "Join Type": "Inner", "Startup Cost": 0.0, "Total Cost": 61635.99, "Plan Rows": 32, "Plan Width": 25, "Inner Unique": true, "Plans": [{"Node Type": "Nested Loop", "Parent Relationship": "Outer", "Join Type": "Inner", "Startup Cost": 0.0, "Total Cost": 61387.52, "Plan Rows": 30, "Plan Width": 4, "Inner Unique": false, "Join Filter": "(ct.id = mc.company_type_id)", "Plans": [{"Node Type": "Seq Scan", "Parent Relationship": "Outer", "Relation Name": "company_type", "Alias": "ct", "Startup Cost": 0.0, "Total Cost": 1.04, "Plan Rows": 1, "Plan Width": 4, "Filter": "((kind)::text = 'production companies'::text)"}, {"Node Type": "Seq Scan", "Parent Relationship": "Inner", "Relation Name": "movie_companies", "Alias": "mc", "Startup Cost": 0.0, "Total Cost": 61385.74, "Plan Rows": 59, "Plan Width": 8, "Filter": "(((note)::text ~~ '%(VHS)%'::text) AND ((note)::text ~~ '%(USA)%'::text) AND ((note)::text ~~ '%(1994)%'::text))"}]}, {"Node Type": "Index Scan", "Parent Relationship": "Inner", "Scan Direction": "Forward", "Index Name": "title_pkey", "Relation Name": "title", "Alias": "t", "Startup Cost": 0.0, "Total Cost": 8.27, "Plan Rows": 1, "Plan Width": 21, "Index Cond": "(id = mc.movie_id)", "Filter": "(production_year > 2010)"}]}, {"Node Type": "Index Scan", "Parent Relationship": "Inner", "Scan Direction": "Forward", "Index Name": "movie_id_movie_info", "Relation Name": "movie_info", "Alias": "mi", "Startup Cost": 0.0, "Total Cost": 2.46, "Plan Rows": 1, "Plan Width": 8, "Index Cond": "(movie_id = t.id)", "Filter": "((info)::text = ANY ('{USA,America}'::text[]))"}]}, {"Node Type": "Index Only Scan", "Parent Relationship": "Inner", "Scan Direction": "Forward", "Index Name": "info_type_pkey", "Relation Name": "info_type", "Alias": "it", "Startup Cost": 0.0, "Total Cost": 0.27, "Plan Rows": 1, "Plan Width": 4, "Index Cond": "(id = mi.info_type_id)"}]}]}, "Unique SQL Id": 328306525, "Planner Runtime": 3}, "explain_analyze_plan": {"Plan": {"Node Type": "Aggregate", "Strategy": "Plain", "Startup Cost": 61721.76, "Total Cost": 61721.77, "Plan Rows": 1, "Plan Width": 49, "Actual Startup Time": 946.595, "Actual Total Time": 946.596, "Actual Rows": 1, "Actual Loops": 1, "Plans": [{"Node Type": "Nested Loop", "Parent Relationship": "Outer", "Join Type": "Inner", "Startup Cost": 0.0, "Total Cost": 61721.7, "Plan Rows": 24, "Plan Width": 17, "Actual Startup Time": 946.584, "Actual Total Time": 946.584, "Actual Rows": 0, "Actual Loops": 1, "Inner Unique": true, "Plans": [{"Node Type": "Nested Loop", "Parent Relationship": "Outer", "Join Type": "Inner", "Startup Cost": 0.0, "Total Cost": 61714.98, "Plan Rows": 24, "Plan Width": 21, "Actual Startup Time": 946.583, "Actual Total Time": 946.583, "Actual Rows": 0, "Actual Loops": 1, "Inner Unique": false, "Plans": [{"Node Type": "Nested Loop", "Parent Relationship": "Outer", "Join Type": "Inner", "Startup Cost": 0.0, "Total Cost": 61635.99, "Plan Rows": 32, "Plan Width": 25, "Actual Startup Time": 946.582, "Actual Total Time": 946.582, "Actual Rows": 0, "Actual Loops": 1, "Inner Unique": true, "Plans": [{"Node Type": "Nested Loop", "Parent Relationship": "Outer", "Join Type": "Inner", "Startup Cost": 0.0, "Total Cost": 61387.52, "Plan Rows": 30, "Plan Width": 4, "Actual Startup Time": 946.58, "Actual Total Time": 946.58, "Actual Rows": 0, "Actual Loops": 1, "Inner Unique": false, "Join Filter": "(ct.id = mc.company_type_id)", "Rows Removed by Join Filter": 1418, "Plans": [{"Node Type": "Seq Scan", "Parent Relationship": "Outer", "Relation Name": "company_type", "Alias": "ct", "Startup Cost": 0.0, "Total Cost": 1.04, "Plan Rows": 1, "Plan Width": 4, "Actual Startup Time": 0.025, "Actual Total Time": 0.03, "Actual Rows": 1, "Actual Loops": 1, "Filter": "((kind)::text = 'production companies'::text)", "Rows Removed by Filter": 2}, {"Node Type": "Seq Scan", "Parent Relationship": "Inner", "Relation Name": "movie_companies", "Alias": "mc", "Startup Cost": 0.0, "Total Cost": 61385.74, "Plan Rows": 59, "Plan Width": 8, "Actual Startup Time": 3.943, "Actual Total Time": 946.12, "Actual Rows": 1418, "Actual Loops": 1, "Filter": "(((note)::text ~~ '%(VHS)%'::text) AND ((note)::text ~~ '%(USA)%'::text) AND ((note)::text ~~ '%(1994)%'::text))", "Rows Removed by Filter": 2607710}]}, {"Node Type": "Index Scan", "Parent Relationship": "Inner", "Scan Direction": "Forward", "Index Name": "title_pkey", "Relation Name": "title", "Alias": "t", "Startup Cost": 0.0, "Total Cost": 8.27, "Plan Rows": 1, "Plan Width": 21, "Actual Startup Time": 0.0, "Actual Total Time": 0.0, "Index Cond": "(id = mc.movie_id)", "Rows Removed by Index Recheck": 0, "Filter": "(production_year > 2010)", "Rows Removed by Filter": 0}]}, {"Node Type": "Index Scan", "Parent Relationship": "Inner", "Scan Direction": "Forward", "Index Name": "movie_id_movie_info", "Relation Name": "movie_info", "Alias": "mi", "Startup Cost": 0.0, "Total Cost": 2.46, "Plan Rows": 1, "Plan Width": 8, "Actual Startup Time": 0.0, "Actual Total Time": 0.0, "Index Cond": "(movie_id = t.id)", "Rows Removed by Index Recheck": 0, "Filter": "((info)::text = ANY ('{USA,America}'::text[]))", "Rows Removed by Filter": 0}]}, {"Node Type": "Index Only Scan", "Parent Relationship": "Inner", "Scan Direction": "Forward", "Index Name": "info_type_pkey", "Relation Name": "info_type", "Alias": "it", "Startup Cost": 0.0, "Total Cost": 0.27, "Plan Rows": 1, "Plan Width": 4, "Actual Startup Time": 0.0, "Actual Total Time": 0.0, "Index Cond": "(id = mi.info_type_id)", "Rows Removed by Index Recheck": 0, "Heap Fetches": 0}]}]}, "Triggers": [], "Planner Runtime": 7.558, "Total Runtime": 946.851, "Unique SQL Id": 328306525}}, "(1, '41')": {"explain_plan": {"Plan": {"Node Type": "Aggregate", "Strategy": "Plain", "Startup Cost": 63248.6, "Total Cost": 63248.61, "Plan Rows": 1, "Plan Width": 49, "Plans": [{"Node Type": "Nested Loop", "Parent Relationship": "Outer", "Join Type": "Inner", "Startup Cost": 0.0, "Total Cost": 63248.54, "Plan Rows": 24, "Plan Width": 17, "Inner Unique": true, "Plans": [{"Node Type": "Nested Loop", "Parent Relationship": "Outer", "Join Type": "Inner", "Startup Cost": 0.0, "Total Cost": 63241.82, "Plan Rows": 24, "Plan Width": 21, "Inner Unique": false, "Plans": [{"Node Type": "Nested Loop", "Parent Relationship": "Outer", "Join Type": "Inner", "Startup Cost": 0.0, "Total Cost": 63162.83, "Plan Rows": 32, "Plan Width": 25, "Inner Unique": true, "Plans": [{"Node Type": "Nested Loop", "Parent Relationship": "Outer", "Join Type": "Inner", "Startup Cost": 0.0, "Total Cost": 62914.35, "Plan Rows": 30, "Plan Width": 4, "Inner Unique": false, "Plans": [{"Node Type": "Index Scan", "Parent Relationship": "Outer", "Scan Direction": "Forward", "Index Name": "company_type_pkey", "Relation Name": "company_type", "Alias": "ct", "Startup Cost": 0.0, "Total Cost": 12.3, "Plan Rows": 1, "Plan Width": 4, "Filter": "((kind)::text = 'production companies'::text)"}, {"Node Type": "Index Scan", "Parent Relationship": "Inner", "Scan Direction": "Forward", "Index Name": "company_type_id_movie_companies", "Relation Name": "movie_companies", "Alias": "mc", "Startup Cost": 0.0, "Total Cost": 62901.76, "Plan Rows": 29, "Plan Width": 8, "Index Cond": "(company_type_id = ct.id)", "Filter": "(((note)::text ~~ '%(VHS)%'::text) AND ((note)::text ~~ '%(USA)%'::text) AND ((note)::text ~~ '%(1994)%'::text))"}]}, {"Node Type": "Index Scan", "Parent Relationship": "Inner", "Scan Direction": "Forward", "Index Name": "title_pkey", "Relation Name": "title", "Alias": "t", "Startup Cost": 0.0, "Total Cost": 8.27, "Plan Rows": 1, "Plan Width": 21, "Index Cond": "(id = mc.movie_id)", "Filter": "(production_year > 2010)"}]}, {"Node Type": "Index Scan", "Parent Relationship": "Inner", "Scan Direction": "Forward", "Index Name": "movie_id_movie_info", "Relation Name": "movie_info", "Alias": "mi", "Startup Cost": 0.0, "Total Cost": 2.46, "Plan Rows": 1, "Plan Width": 8, "Index Cond": "(movie_id = t.id)", "Filter": "((info)::text = ANY ('{USA,America}'::text[]))"}]}, {"Node Type": "Index Only Scan", "Parent Relationship": "Inner", "Scan Direction": "Forward", "Index Name": "info_type_pkey", "Relation Name": "info_type", "Alias": "it", "Startup Cost": 0.0, "Total Cost": 0.27, "Plan Rows": 1, "Plan Width": 4, "Index Cond": "(id = mi.info_type_id)"}]}]}, "Unique SQL Id": 328306525, "Planner Runtime": 3}, "explain_analyze_plan": {"Plan": {"Node Type": "Aggregate", "Strategy": "Plain", "Startup Cost": 63248.6, "Total Cost": 63248.61, "Plan Rows": 1, "Plan Width": 49, "Actual Startup Time": 640.136, "Actual Total Time": 640.136, "Actual Rows": 1, "Actual Loops": 1, "Plans": [{"Node Type": "Nested Loop", "Parent Relationship": "Outer", "Join Type": "Inner", "Startup Cost": 0.0, "Total Cost": 63248.54, "Plan Rows": 24, "Plan Width": 17, "Actual Startup Time": 640.125, "Actual Total Time": 640.125, "Actual Rows": 0, "Actual Loops": 1, "Inner Unique": true, "Plans": [{"Node Type": "Nested Loop", "Parent Relationship": "Outer", "Join Type": "Inner", "Startup Cost": 0.0, "Total Cost": 63241.82, "Plan Rows": 24, "Plan Width": 21, "Actual Startup Time": 640.123, "Actual Total Time": 640.123, "Actual Rows": 0, "Actual Loops": 1, "Inner Unique": false, "Plans": [{"Node Type": "Nested Loop", "Parent Relationship": "Outer", "Join Type": "Inner", "Startup Cost": 0.0, "Total Cost": 63162.83, "Plan Rows": 32, "Plan Width": 25, "Actual Startup Time": 640.123, "Actual Total Time": 640.123, "Actual Rows": 0, "Actual Loops": 1, "Inner Unique": true, "Plans": [{"Node Type": "Nested Loop", "Parent Relationship": "Outer", "Join Type": "Inner", "Startup Cost": 0.0, "Total Cost": 62914.35, "Plan Rows": 30, "Plan Width": 4, "Actual Startup Time": 640.122, "Actual Total Time": 640.122, "Actual Rows": 0, "Actual Loops": 1, "Inner Unique": false, "Plans": [{"Node Type": "Index Scan", "Parent Relationship": "Outer", "Scan Direction": "Forward", "Index Name": "company_type_pkey", "Relation Name": "company_type", "Alias": "ct", "Startup Cost": 0.0, "Total Cost": 12.3, "Plan Rows": 1, "Plan Width": 4, "Actual Startup Time": 0.026, "Actual Total Time": 0.033, "Actual Rows": 1, "Actual Loops": 1, "Filter": "((kind)::text = 'production companies'::text)", "Rows Removed by Filter": 2}, {"Node Type": "Index Scan", "Parent Relationship": "Inner", "Scan Direction": "Forward", "Index Name": "company_type_id_movie_companies", "Relation Name": "movie_companies", "Alias": "mc", "Startup Cost": 0.0, "Total Cost": 62901.76, "Plan Rows": 29, "Plan Width": 8, "Actual Startup Time": 640.079, "Actual Total Time": 640.079, "Actual Rows": 0, "Actual Loops": 1, "Index Cond": "(company_type_id = ct.id)", "Rows Removed by Index Recheck": 0, "Filter": "(((note)::text ~~ '%(VHS)%'::text) AND ((note)::text ~~ '%(USA)%'::text) AND ((note)::text ~~ '%(1994)%'::text))", "Rows Removed by Filter": 1334883}]}, {"Node Type": "Index Scan", "Parent Relationship": "Inner", "Scan Direction": "Forward", "Index Name": "title_pkey", "Relation Name": "title", "Alias": "t", "Startup Cost": 0.0, "Total Cost": 8.27, "Plan Rows": 1, "Plan Width": 21, "Actual Startup Time": 0.0, "Actual Total Time": 0.0, "Index Cond": "(id = mc.movie_id)", "Rows Removed by Index Recheck": 0, "Filter": "(production_year > 2010)", "Rows Removed by Filter": 0}]}, {"Node Type": "Index Scan", "Parent Relationship": "Inner", "Scan Direction": "Forward", "Index Name": "movie_id_movie_info", "Relation Name": "movie_info", "Alias": "mi", "Startup Cost": 0.0, "Total Cost": 2.46, "Plan Rows": 1, "Plan Width": 8, "Actual Startup Time": 0.0, "Actual Total Time": 0.0, "Index Cond": "(movie_id = t.id)", "Rows Removed by Index Recheck": 0, "Filter": "((info)::text = ANY ('{USA,America}'::text[]))", "Rows Removed by Filter": 0}]}, {"Node Type": "Index Only Scan", "Parent Relationship": "Inner", "Scan Direction": "Forward", "Index Name": "info_type_pkey", "Relation Name": "info_type", "Alias": "it", "Startup Cost": 0.0, "Total Cost": 0.27, "Plan Rows": 1, "Plan Width": 4, "Actual Startup Time": 0.0, "Actual Total Time": 0.0, "Index Cond": "(id = mi.info_type_id)", "Rows Removed by Index Recheck": 0, "Heap Fetches": 0}]}]}, "Triggers": [], "Planner Runtime": 7.646, "Total Runtime": 640.429, "Unique SQL Id": 328306525}}, "(1, '42')": {"explain_plan": {"Plan": {"Node Type": "Aggregate", "Strategy": "Plain", "Startup Cost": 467205.91, "Total Cost": 467205.92, "Plan Rows": 1, "Plan Width": 49, "Plans": [{"Node Type": "Nested Loop", "Parent Relationship": "Outer", "Join Type": "Inner", "Startup Cost": 130807.06, "Total Cost": 467205.85, "Plan Rows": 24, "Plan Width": 17, "Inner Unique": false, "Join Filter": "(mi.info_type_id = it.id)", "Plans": [{"Node Type": "Seq Scan", "Parent Relationship": "Outer", "Relation Name": "info_type", "Alias": "it", "Startup Cost": 0.0, "Total Cost": 2.12, "Plan Rows": 112, "Plan Width": 4}, {"Node Type": "Materialize", "Parent Relationship": "Inner", "Startup Cost": 130807.06, "Total Cost": 467163.47, "Plan Rows": 24, "Plan Width": 21, "Plans": [{"Node Type": "Hash Join", "Parent Relationship": "Outer", "Join Type": "Inner", "Startup Cost": 130807.06, "Total Cost": 467163.35, "Plan Rows": 24, "Plan Width": 21, "Inner Unique": false, "Hash Cond": "(mi.movie_id = t.id)", "Plans": [{"Node Type": "Seq Scan", "Parent Relationship": "Outer", "Relation Name": "movie_info", "Alias": "mi", "Startup Cost": 0.0, "Total Cost": 334162.58, "Plan Rows": 584897, "Plan Width": 8, "Filter": "((info)::text = ANY ('{USA,America}'::text[]))"}, {"Node Type": "Hash", "Parent Relationship": "Inner", "Startup Cost": 130806.66, "Total Cost": 130806.66, "Plan Rows": 32, "Plan Width": 25, "Plans": [{"Node Type": "Hash Join", "Parent Relationship": "Outer", "Join Type": "Inner", "Startup Cost": 61387.89, "Total Cost": 130806.66, "Plan Rows": 32, "Plan Width": 25, "Inner Unique": false, "Hash Cond": "(t.id = mc.movie_id)", "Plans": [{"Node Type": "Seq Scan", "Parent Relationship": "Outer", "Relation Name": "title", "Alias": "t", "Startup Cost": 0.0, "Total Cost": 66389.89, "Plan Rows": 391451, "Plan Width": 21, "Filter": "(production_year > 2010), (LLVM Optimized)"}, {"Node Type": "Hash", "Parent Relationship": "Inner", "Startup Cost": 61387.52, "Total Cost": 61387.52, "Plan Rows": 30, "Plan Width": 4, "Plans": [{"Node Type": "Nested Loop", "Parent Relationship": "Outer", "Join Type": "Inner", "Startup Cost": 0.0, "Total Cost": 61387.52, "Plan Rows": 30, "Plan Width": 4, "Inner Unique": false, "Join Filter": "(ct.id = mc.company_type_id)", "Plans": [{"Node Type": "Seq Scan", "Parent Relationship": "Outer", "Relation Name": "company_type", "Alias": "ct", "Startup Cost": 0.0, "Total Cost": 1.04, "Plan Rows": 1, "Plan Width": 4, "Filter": "((kind)::text = 'production companies'::text)"}, {"Node Type": "Seq Scan", "Parent Relationship": "Inner", "Relation Name": "movie_companies", "Alias": "mc", "Startup Cost": 0.0, "Total Cost": 61385.74, "Plan Rows": 59, "Plan Width": 8, "Filter": "(((note)::text ~~ '%(VHS)%'::text) AND ((note)::text ~~ '%(USA)%'::text) AND ((note)::text ~~ '%(1994)%'::text))"}]}]}]}]}]}]}]}]}, "Unique SQL Id": 328306525, "Planner Runtime": 5}, "explain_analyze_plan": {"Plan": {"Node Type": "Aggregate", "Strategy": "Plain", "Startup Cost": 467205.91, "Total Cost": 467205.92, "Plan Rows": 1, "Plan Width": 49, "Actual Startup Time": 1400.015, "Actual Total Time": 1400.016, "Actual Rows": 1, "Actual Loops": 1, "Plans": [{"Node Type": "Nested Loop", "Parent Relationship": "Outer", "Join Type": "Inner", "Startup Cost": 130807.06, "Total Cost": 467205.85, "Plan Rows": 24, "Plan Width": 17, "Actual Startup Time": 1400.008, "Actual Total Time": 1400.008, "Actual Rows": 0, "Actual Loops": 1, "Inner Unique": false, "Join Filter": "(mi.info_type_id = it.id)", "Rows Removed by Join Filter": 0, "Plans": [{"Node Type": "Seq Scan", "Parent Relationship": "Outer", "Relation Name": "info_type", "Alias": "it", "Startup Cost": 0.0, "Total Cost": 2.12, "Plan Rows": 112, "Plan Width": 4, "Actual Startup Time": 0.028, "Actual Total Time": 0.062, "Actual Rows": 112, "Actual Loops": 1}, {"Node Type": "Materialize", "Parent Relationship": "Inner", "Startup Cost": 130807.06, "Total Cost": 467163.47, "Plan Rows": 24, "Plan Width": 21, "Actual Startup Time": 1399.904, "Actual Total Time": 1399.904, "Actual Rows": 0, "Actual Loops": 112, "Plans": [{"Node Type": "Hash Join", "Parent Relationship": "Outer", "Join Type": "Inner", "Startup Cost": 130807.06, "Total Cost": 467163.35, "Plan Rows": 24, "Plan Width": 21, "Actual Startup Time": 1399.891, "Actual Total Time": 1399.891, "Actual Rows": 0, "Actual Loops": 1, "Inner Unique": false, "Hash Cond": "(mi.movie_id = t.id)", "Plans": [{"Node Type": "Seq Scan", "Parent Relationship": "Outer", "Relation Name": "movie_info", "Alias": "mi", "Startup Cost": 0.0, "Total Cost": 334162.58, "Plan Rows": 584897, "Plan Width": 8, "Actual Startup Time": 441.269, "Actual Total Time": 441.269, "Actual Rows": 1, "Actual Loops": 1, "Filter": "((info)::text = ANY ('{USA,America}'::text[]))", "Rows Removed by Filter": 1053697}, {"Node Type": "Hash", "Parent Relationship": "Inner", "Startup Cost": 130806.66, "Total Cost": 130806.66, "Plan Rows": 32, "Plan Width": 25, "Actual Startup Time": 958.441, "Actual Total Time": 958.441, "Actual Rows": 0, "Actual Loops": 1, "Hash Buckets": 32768, "Hash Batches": 1, "Original Hash Batches": 1, "Peak Memory Usage": 0, "Plans": [{"Node Type": "Hash Join", "Parent Relationship": "Outer", "Join Type": "Inner", "Startup Cost": 61387.89, "Total Cost": 130806.66, "Plan Rows": 32, "Plan Width": 25, "Actual Startup Time": 958.435, "Actual Total Time": 958.435, "Actual Rows": 0, "Actual Loops": 1, "Inner Unique": false, "Hash Cond": "(t.id = mc.movie_id)", "Plans": [{"Node Type": "Seq Scan", "Parent Relationship": "Outer", "Relation Name": "title", "Alias": "t", "Startup Cost": 0.0, "Total Cost": 66389.89, "Plan Rows": 391451, "Plan Width": 21, "Actual Startup Time": 0.042, "Actual Total Time": 0.042, "Actual Rows": 1, "Actual Loops": 1, "Filter": "(production_year > 2010), (LLVM Optimized, Jit Execute)", "Rows Removed by Filter": 2}, {"Node Type": "Hash", "Parent Relationship": "Inner", "Startup Cost": 61387.52, "Total Cost": 61387.52, "Plan Rows": 30, "Plan Width": 4, "Actual Startup Time": 958.33, "Actual Total Time": 958.33, "Actual Rows": 0, "Actual Loops": 1, "Hash Buckets": 32768, "Hash Batches": 1, "Original Hash Batches": 1, "Peak Memory Usage": 0, "Plans": [{"Node Type": "Nested Loop", "Parent Relationship": "Outer", "Join Type": "Inner", "Startup Cost": 0.0, "Total Cost": 61387.52, "Plan Rows": 30, "Plan Width": 4, "Actual Startup Time": 958.202, "Actual Total Time": 958.202, "Actual Rows": 0, "Actual Loops": 1, "Inner Unique": false, "Join Filter": "(ct.id = mc.company_type_id)", "Rows Removed by Join Filter": 1418, "Plans": [{"Node Type": "Seq Scan", "Parent Relationship": "Outer", "Relation Name": "company_type", "Alias": "ct", "Startup Cost": 0.0, "Total Cost": 1.04, "Plan Rows": 1, "Plan Width": 4, "Actual Startup Time": 0.026, "Actual Total Time": 0.033, "Actual Rows": 1, "Actual Loops": 1, "Filter": "((kind)::text = 'production companies'::text)", "Rows Removed by Filter": 2}, {"Node Type": "Seq Scan", "Parent Relationship": "Inner", "Relation Name": "movie_companies", "Alias": "mc", "Startup Cost": 0.0, "Total Cost": 61385.74, "Plan Rows": 59, "Plan Width": 8, "Actual Startup Time": 3.91, "Actual Total Time": 957.725, "Actual Rows": 1418, "Actual Loops": 1, "Filter": "(((note)::text ~~ '%(VHS)%'::text) AND ((note)::text ~~ '%(USA)%'::text) AND ((note)::text ~~ '%(1994)%'::text))", "Rows Removed by Filter": 2607710}]}]}]}]}]}]}]}]}, "Triggers": [], "Planner Runtime": 7.825, "Total Runtime": 1408.721, "Unique SQL Id": 328306525}}, "(1, '43')": {"explain_plan": {"Plan": {"Node Type": "Aggregate", "Strategy": "Plain", "Startup Cost": 5000130950084.58, "Total Cost": 5000130950084.59, "Plan Rows": 1, "Plan Width": 49, "Plans": [{"Node Type": "Nested Loop", "Parent Relationship": "Outer", "Join Type": "Inner", "Startup Cost": 50000000000.0, "Total Cost": 5000130950084.52, "Plan Rows": 24, "Plan Width": 17, "Inner Unique": true, "Join Filter": "(mi.info_type_id = it.id)", "Plans": [{"Node Type": "Nested Loop", "Parent Relationship": "Outer", "Join Type": "Inner", "Startup Cost": 40000000000.0, "Total Cost": 4000130949050.92, "Plan Rows": 24, "Plan Width": 21, "Inner Unique": false, "Join Filter": "(t.id = mi.movie_id)", "Plans": [{"Node Type": "Index Scan", "Parent Relationship": "Outer", "Scan Direction": "Forward", "Index Name": "info_type_id_movie_info", "Relation Name": "movie_info", "Alias": "mi", "Startup Cost": 10000000000.0, "Total Cost": 1000107401445.12, "Plan Rows": 584897, "Plan Width": 8, "Filter": "((info)::text = ANY ('{USA,America}'::text[]))"}, {"Node Type": "Materialize", "Parent Relationship": "Inner", "Startup Cost": 30000000000.0, "Total Cost": 3000023266855.32, "Plan Rows": 32, "Plan Width": 25, "Plans": [{"Node Type": "Nested Loop", "Parent Relationship": "Outer", "Join Type": "Inner", "Startup Cost": 30000000000.0, "Total Cost": 3000023266855.16, "Plan Rows": 32, "Plan Width": 25, "Inner Unique": true, "Join Filter": "(mc.company_type_id = ct.id)", "Plans": [{"Node Type": "Nested Loop", "Parent Relationship": "Outer", "Join Type": "Inner", "Startup Cost": 20000000000.0, "Total Cost": 2000023265623.95, "Plan Rows": 64, "Plan Width": 29, "Inner Unique": false, "Join Filter": "(mc.movie_id = t.id)", "Plans": [{"Node Type": "Index Scan", "Parent Relationship": "Outer", "Scan Direction": "Forward", "Index Name": "title_pkey", "Relation Name": "title", "Alias": "t", "Startup Cost": 10000000000.0, "Total Cost": 1000011644126.66, "Plan Rows": 391451, "Plan Width": 21, "Filter": "(production_year > 2010), (LLVM Optimized)"}, {"Node Type": "Materialize", "Parent Relationship": "Inner", "Startup Cost": 10000000000.0, "Total Cost": 1000011275063.29, "Plan Rows": 59, "Plan Width": 8, "Plans": [{"Node Type": "Index Scan", "Parent Relationship": "Outer", "Scan Direction": "Forward", "Index Name": "company_type_id_movie_companies", "Relation Name": "movie_companies", "Alias": "mc", "Startup Cost": 10000000000.0, "Total Cost": 1000011275063.0, "Plan Rows": 59, "Plan Width": 8, "Filter": "(((note)::text ~~ '%(VHS)%'::text) AND ((note)::text ~~ '%(USA)%'::text) AND ((note)::text ~~ '%(1994)%'::text))"}]}]}, {"Node Type": "Materialize", "Parent Relationship": "Inner", "Startup Cost": 10000000000.0, "Total Cost": 1000000001230.26, "Plan Rows": 1, "Plan Width": 4, "Plans": [{"Node Type": "Index Scan", "Parent Relationship": "Outer", "Scan Direction": "Forward", "Index Name": "company_type_pkey", "Relation Name": "company_type", "Alias": "ct", "Startup Cost": 10000000000.0, "Total Cost": 1000000001230.25, "Plan Rows": 1, "Plan Width": 4, "Filter": "((kind)::text = 'production companies'::text)"}]}]}]}]}, {"Node Type": "Materialize", "Parent Relationship": "Inner", "Startup Cost": 10000000000.0, "Total Cost": 1000000000993.56, "Plan Rows": 112, "Plan Width": 4, "Plans": [{"Node Type": "Index Only Scan", "Parent Relationship": "Outer", "Scan Direction": "Forward", "Index Name": "info_type_pkey", "Relation Name": "info_type", "Alias": "it", "Startup Cost": 10000000000.0, "Total Cost": 1000000000993.0, "Plan Rows": 112, "Plan Width": 4}]}]}]}, "Unique SQL Id": 328306525, "Planner Runtime": 5}, "explain_analyze_plan": null}, "(1, '44')": {"explain_plan": {"Plan": {"Node Type": "Aggregate", "Strategy": "Plain", "Startup Cost": 61721.76, "Total Cost": 61721.77, "Plan Rows": 1, "Plan Width": 49, "Plans": [{"Node Type": "Nested Loop", "Parent Relationship": "Outer", "Join Type": "Inner", "Startup Cost": 0.0, "Total Cost": 61721.7, "Plan Rows": 24, "Plan Width": 17, "Inner Unique": true, "Plans": [{"Node Type": "Nested Loop", "Parent Relationship": "Outer", "Join Type": "Inner", "Startup Cost": 0.0, "Total Cost": 61714.98, "Plan Rows": 24, "Plan Width": 21, "Inner Unique": false, "Plans": [{"Node Type": "Nested Loop", "Parent Relationship": "Outer", "Join Type": "Inner", "Startup Cost": 0.0, "Total Cost": 61635.99, "Plan Rows": 32, "Plan Width": 25, "Inner Unique": true, "Plans": [{"Node Type": "Nested Loop", "Parent Relationship": "Outer", "Join Type": "Inner", "Startup Cost": 0.0, "Total Cost": 61387.52, "Plan Rows": 30, "Plan Width": 4, "Inner Unique": false, "Join Filter": "(ct.id = mc.company_type_id)", "Plans": [{"Node Type": "Seq Scan", "Parent Relationship": "Outer", "Relation Name": "company_type", "Alias": "ct", "Startup Cost": 0.0, "Total Cost": 1.04, "Plan Rows": 1, "Plan Width": 4, "Filter": "((kind)::text = 'production companies'::text)"}, {"Node Type": "Seq Scan", "Parent Relationship": "Inner", "Relation Name": "movie_companies", "Alias": "mc", "Startup Cost": 0.0, "Total Cost": 61385.74, "Plan Rows": 59, "Plan Width": 8, "Filter": "(((note)::text ~~ '%(VHS)%'::text) AND ((note)::text ~~ '%(USA)%'::text) AND ((note)::text ~~ '%(1994)%'::text))"}]}, {"Node Type": "Index Scan", "Parent Relationship": "Inner", "Scan Direction": "Forward", "Index Name": "title_pkey", "Relation Name": "title", "Alias": "t", "Startup Cost": 0.0, "Total Cost": 8.27, "Plan Rows": 1, "Plan Width": 21, "Index Cond": "(id = mc.movie_id)", "Filter": "(production_year > 2010)"}]}, {"Node Type": "Index Scan", "Parent Relationship": "Inner", "Scan Direction": "Forward", "Index Name": "movie_id_movie_info", "Relation Name": "movie_info", "Alias": "mi", "Startup Cost": 0.0, "Total Cost": 2.46, "Plan Rows": 1, "Plan Width": 8, "Index Cond": "(movie_id = t.id)", "Filter": "((info)::text = ANY ('{USA,America}'::text[]))"}]}, {"Node Type": "Index Scan", "Parent Relationship": "Inner", "Scan Direction": "Forward", "Index Name": "info_type_pkey", "Relation Name": "info_type", "Alias": "it", "Startup Cost": 0.0, "Total Cost": 0.27, "Plan Rows": 1, "Plan Width": 4, "Index Cond": "(id = mi.info_type_id)"}]}]}, "Unique SQL Id": 328306525, "Planner Runtime": 4}, "explain_analyze_plan": {"Plan": {"Node Type": "Aggregate", "Strategy": "Plain", "Startup Cost": 61721.76, "Total Cost": 61721.77, "Plan Rows": 1, "Plan Width": 49, "Actual Startup Time": 987.079, "Actual Total Time": 987.08, "Actual Rows": 1, "Actual Loops": 1, "Plans": [{"Node Type": "Nested Loop", "Parent Relationship": "Outer", "Join Type": "Inner", "Startup Cost": 0.0, "Total Cost": 61721.7, "Plan Rows": 24, "Plan Width": 17, "Actual Startup Time": 987.072, "Actual Total Time": 987.072, "Actual Rows": 0, "Actual Loops": 1, "Inner Unique": true, "Plans": [{"Node Type": "Nested Loop", "Parent Relationship": "Outer", "Join Type": "Inner", "Startup Cost": 0.0, "Total Cost": 61714.98, "Plan Rows": 24, "Plan Width": 21, "Actual Startup Time": 987.071, "Actual Total Time": 987.071, "Actual Rows": 0, "Actual Loops": 1, "Inner Unique": false, "Plans": [{"Node Type": "Nested Loop", "Parent Relationship": "Outer", "Join Type": "Inner", "Startup Cost": 0.0, "Total Cost": 61635.99, "Plan Rows": 32, "Plan Width": 25, "Actual Startup Time": 987.07, "Actual Total Time": 987.07, "Actual Rows": 0, "Actual Loops": 1, "Inner Unique": true, "Plans": [{"Node Type": "Nested Loop", "Parent Relationship": "Outer", "Join Type": "Inner", "Startup Cost": 0.0, "Total Cost": 61387.52, "Plan Rows": 30, "Plan Width": 4, "Actual Startup Time": 987.068, "Actual Total Time": 987.068, "Actual Rows": 0, "Actual Loops": 1, "Inner Unique": false, "Join Filter": "(ct.id = mc.company_type_id)", "Rows Removed by Join Filter": 1418, "Plans": [{"Node Type": "Seq Scan", "Parent Relationship": "Outer", "Relation Name": "company_type", "Alias": "ct", "Startup Cost": 0.0, "Total Cost": 1.04, "Plan Rows": 1, "Plan Width": 4, "Actual Startup Time": 0.014, "Actual Total Time": 0.02, "Actual Rows": 1, "Actual Loops": 1, "Filter": "((kind)::text = 'production companies'::text)", "Rows Removed by Filter": 2}, {"Node Type": "Seq Scan", "Parent Relationship": "Inner", "Relation Name": "movie_companies", "Alias": "mc", "Startup Cost": 0.0, "Total Cost": 61385.74, "Plan Rows": 59, "Plan Width": 8, "Actual Startup Time": 4.166, "Actual Total Time": 986.623, "Actual Rows": 1418, "Actual Loops": 1, "Filter": "(((note)::text ~~ '%(VHS)%'::text) AND ((note)::text ~~ '%(USA)%'::text) AND ((note)::text ~~ '%(1994)%'::text))", "Rows Removed by Filter": 2607710}]}, {"Node Type": "Index Scan", "Parent Relationship": "Inner", "Scan Direction": "Forward", "Index Name": "title_pkey", "Relation Name": "title", "Alias": "t", "Startup Cost": 0.0, "Total Cost": 8.27, "Plan Rows": 1, "Plan Width": 21, "Actual Startup Time": 0.0, "Actual Total Time": 0.0, "Index Cond": "(id = mc.movie_id)", "Rows Removed by Index Recheck": 0, "Filter": "(production_year > 2010)", "Rows Removed by Filter": 0}]}, {"Node Type": "Index Scan", "Parent Relationship": "Inner", "Scan Direction": "Forward", "Index Name": "movie_id_movie_info", "Relation Name": "movie_info", "Alias": "mi", "Startup Cost": 0.0, "Total Cost": 2.46, "Plan Rows": 1, "Plan Width": 8, "Actual Startup Time": 0.0, "Actual Total Time": 0.0, "Index Cond": "(movie_id = t.id)", "Rows Removed by Index Recheck": 0, "Filter": "((info)::text = ANY ('{USA,America}'::text[]))", "Rows Removed by Filter": 0}]}, {"Node Type": "Index Scan", "Parent Relationship": "Inner", "Scan Direction": "Forward", "Index Name": "info_type_pkey", "Relation Name": "info_type", "Alias": "it", "Startup Cost": 0.0, "Total Cost": 0.27, "Plan Rows": 1, "Plan Width": 4, "Actual Startup Time": 0.0, "Actual Total Time": 0.0, "Index Cond": "(id = mi.info_type_id)", "Rows Removed by Index Recheck": 0}]}]}, "Triggers": [], "Planner Runtime": 7.432, "Total Runtime": 987.358, "Unique SQL Id": 328306525}}, "(1, '45')": {"explain_plan": {"Plan": {"Node Type": "Aggregate", "Strategy": "Plain", "Startup Cost": 63248.6, "Total Cost": 63248.61, "Plan Rows": 1, "Plan Width": 49, "Plans": [{"Node Type": "Nested Loop", "Parent Relationship": "Outer", "Join Type": "Inner", "Startup Cost": 0.0, "Total Cost": 63248.54, "Plan Rows": 24, "Plan Width": 17, "Inner Unique": true, "Plans": [{"Node Type": "Nested Loop", "Parent Relationship": "Outer", "Join Type": "Inner", "Startup Cost": 0.0, "Total Cost": 63241.82, "Plan Rows": 24, "Plan Width": 21, "Inner Unique": false, "Plans": [{"Node Type": "Nested Loop", "Parent Relationship": "Outer", "Join Type": "Inner", "Startup Cost": 0.0, "Total Cost": 63162.83, "Plan Rows": 32, "Plan Width": 25, "Inner Unique": true, "Plans": [{"Node Type": "Nested Loop", "Parent Relationship": "Outer", "Join Type": "Inner", "Startup Cost": 0.0, "Total Cost": 62914.35, "Plan Rows": 30, "Plan Width": 4, "Inner Unique": false, "Plans": [{"Node Type": "Index Scan", "Parent Relationship": "Outer", "Scan Direction": "Forward", "Index Name": "company_type_pkey", "Relation Name": "company_type", "Alias": "ct", "Startup Cost": 0.0, "Total Cost": 12.3, "Plan Rows": 1, "Plan Width": 4, "Filter": "((kind)::text = 'production companies'::text)"}, {"Node Type": "Index Scan", "Parent Relationship": "Inner", "Scan Direction": "Forward", "Index Name": "company_type_id_movie_companies", "Relation Name": "movie_companies", "Alias": "mc", "Startup Cost": 0.0, "Total Cost": 62901.76, "Plan Rows": 29, "Plan Width": 8, "Index Cond": "(company_type_id = ct.id)", "Filter": "(((note)::text ~~ '%(VHS)%'::text) AND ((note)::text ~~ '%(USA)%'::text) AND ((note)::text ~~ '%(1994)%'::text))"}]}, {"Node Type": "Index Scan", "Parent Relationship": "Inner", "Scan Direction": "Forward", "Index Name": "title_pkey", "Relation Name": "title", "Alias": "t", "Startup Cost": 0.0, "Total Cost": 8.27, "Plan Rows": 1, "Plan Width": 21, "Index Cond": "(id = mc.movie_id)", "Filter": "(production_year > 2010)"}]}, {"Node Type": "Index Scan", "Parent Relationship": "Inner", "Scan Direction": "Forward", "Index Name": "movie_id_movie_info", "Relation Name": "movie_info", "Alias": "mi", "Startup Cost": 0.0, "Total Cost": 2.46, "Plan Rows": 1, "Plan Width": 8, "Index Cond": "(movie_id = t.id)", "Filter": "((info)::text = ANY ('{USA,America}'::text[]))"}]}, {"Node Type": "Index Scan", "Parent Relationship": "Inner", "Scan Direction": "Forward", "Index Name": "info_type_pkey", "Relation Name": "info_type", "Alias": "it", "Startup Cost": 0.0, "Total Cost": 0.27, "Plan Rows": 1, "Plan Width": 4, "Index Cond": "(id = mi.info_type_id)"}]}]}, "Unique SQL Id": 328306525, "Planner Runtime": 3}, "explain_analyze_plan": {"Plan": {"Node Type": "Aggregate", "Strategy": "Plain", "Startup Cost": 63248.6, "Total Cost": 63248.61, "Plan Rows": 1, "Plan Width": 49, "Actual Startup Time": 742.385, "Actual Total Time": 742.386, "Actual Rows": 1, "Actual Loops": 1, "Plans": [{"Node Type": "Nested Loop", "Parent Relationship": "Outer", "Join Type": "Inner", "Startup Cost": 0.0, "Total Cost": 63248.54, "Plan Rows": 24, "Plan Width": 17, "Actual Startup Time": 742.379, "Actual Total Time": 742.379, "Actual Rows": 0, "Actual Loops": 1, "Inner Unique": true, "Plans": [{"Node Type": "Nested Loop", "Parent Relationship": "Outer", "Join Type": "Inner", "Startup Cost": 0.0, "Total Cost": 63241.82, "Plan Rows": 24, "Plan Width": 21, "Actual Startup Time": 742.378, "Actual Total Time": 742.378, "Actual Rows": 0, "Actual Loops": 1, "Inner Unique": false, "Plans": [{"Node Type": "Nested Loop", "Parent Relationship": "Outer", "Join Type": "Inner", "Startup Cost": 0.0, "Total Cost": 63162.83, "Plan Rows": 32, "Plan Width": 25, "Actual Startup Time": 742.377, "Actual Total Time": 742.377, "Actual Rows": 0, "Actual Loops": 1, "Inner Unique": true, "Plans": [{"Node Type": "Nested Loop", "Parent Relationship": "Outer", "Join Type": "Inner", "Startup Cost": 0.0, "Total Cost": 62914.35, "Plan Rows": 30, "Plan Width": 4, "Actual Startup Time": 742.375, "Actual Total Time": 742.375, "Actual Rows": 0, "Actual Loops": 1, "Inner Unique": false, "Plans": [{"Node Type": "Index Scan", "Parent Relationship": "Outer", "Scan Direction": "Forward", "Index Name": "company_type_pkey", "Relation Name": "company_type", "Alias": "ct", "Startup Cost": 0.0, "Total Cost": 12.3, "Plan Rows": 1, "Plan Width": 4, "Actual Startup Time": 0.013, "Actual Total Time": 0.023, "Actual Rows": 1, "Actual Loops": 1, "Filter": "((kind)::text = 'production companies'::text)", "Rows Removed by Filter": 2}, {"Node Type": "Index Scan", "Parent Relationship": "Inner", "Scan Direction": "Forward", "Index Name": "company_type_id_movie_companies", "Relation Name": "movie_companies", "Alias": "mc", "Startup Cost": 0.0, "Total Cost": 62901.76, "Plan Rows": 29, "Plan Width": 8, "Actual Startup Time": 742.345, "Actual Total Time": 742.345, "Actual Rows": 0, "Actual Loops": 1, "Index Cond": "(company_type_id = ct.id)", "Rows Removed by Index Recheck": 0, "Filter": "(((note)::text ~~ '%(VHS)%'::text) AND ((note)::text ~~ '%(USA)%'::text) AND ((note)::text ~~ '%(1994)%'::text))", "Rows Removed by Filter": 1334883}]}, {"Node Type": "Index Scan", "Parent Relationship": "Inner", "Scan Direction": "Forward", "Index Name": "title_pkey", "Relation Name": "title", "Alias": "t", "Startup Cost": 0.0, "Total Cost": 8.27, "Plan Rows": 1, "Plan Width": 21, "Actual Startup Time": 0.0, "Actual Total Time": 0.0, "Index Cond": "(id = mc.movie_id)", "Rows Removed by Index Recheck": 0, "Filter": "(production_year > 2010)", "Rows Removed by Filter": 0}]}, {"Node Type": "Index Scan", "Parent Relationship": "Inner", "Scan Direction": "Forward", "Index Name": "movie_id_movie_info", "Relation Name": "movie_info", "Alias": "mi", "Startup Cost": 0.0, "Total Cost": 2.46, "Plan Rows": 1, "Plan Width": 8, "Actual Startup Time": 0.0, "Actual Total Time": 0.0, "Index Cond": "(movie_id = t.id)", "Rows Removed by Index Recheck": 0, "Filter": "((info)::text = ANY ('{USA,America}'::text[]))", "Rows Removed by Filter": 0}]}, {"Node Type": "Index Scan", "Parent Relationship": "Inner", "Scan Direction": "Forward", "Index Name": "info_type_pkey", "Relation Name": "info_type", "Alias": "it", "Startup Cost": 0.0, "Total Cost": 0.27, "Plan Rows": 1, "Plan Width": 4, "Actual Startup Time": 0.0, "Actual Total Time": 0.0, "Index Cond": "(id = mi.info_type_id)", "Rows Removed by Index Recheck": 0}]}]}, "Triggers": [], "Planner Runtime": 7.216, "Total Runtime": 742.642, "Unique SQL Id": 328306525}}, "(1, '46')": {"explain_plan": {"Plan": {"Node Type": "Aggregate", "Strategy": "Plain", "Startup Cost": 467205.91, "Total Cost": 467205.92, "Plan Rows": 1, "Plan Width": 49, "Plans": [{"Node Type": "Nested Loop", "Parent Relationship": "Outer", "Join Type": "Inner", "Startup Cost": 130807.06, "Total Cost": 467205.85, "Plan Rows": 24, "Plan Width": 17, "Inner Unique": false, "Join Filter": "(mi.info_type_id = it.id)", "Plans": [{"Node Type": "Seq Scan", "Parent Relationship": "Outer", "Relation Name": "info_type", "Alias": "it", "Startup Cost": 0.0, "Total Cost": 2.12, "Plan Rows": 112, "Plan Width": 4}, {"Node Type": "Materialize", "Parent Relationship": "Inner", "Startup Cost": 130807.06, "Total Cost": 467163.47, "Plan Rows": 24, "Plan Width": 21, "Plans": [{"Node Type": "Hash Join", "Parent Relationship": "Outer", "Join Type": "Inner", "Startup Cost": 130807.06, "Total Cost": 467163.35, "Plan Rows": 24, "Plan Width": 21, "Inner Unique": false, "Hash Cond": "(mi.movie_id = t.id)", "Plans": [{"Node Type": "Seq Scan", "Parent Relationship": "Outer", "Relation Name": "movie_info", "Alias": "mi", "Startup Cost": 0.0, "Total Cost": 334162.58, "Plan Rows": 584897, "Plan Width": 8, "Filter": "((info)::text = ANY ('{USA,America}'::text[]))"}, {"Node Type": "Hash", "Parent Relationship": "Inner", "Startup Cost": 130806.66, "Total Cost": 130806.66, "Plan Rows": 32, "Plan Width": 25, "Plans": [{"Node Type": "Hash Join", "Parent Relationship": "Outer", "Join Type": "Inner", "Startup Cost": 61387.89, "Total Cost": 130806.66, "Plan Rows": 32, "Plan Width": 25, "Inner Unique": false, "Hash Cond": "(t.id = mc.movie_id)", "Plans": [{"Node Type": "Seq Scan", "Parent Relationship": "Outer", "Relation Name": "title", "Alias": "t", "Startup Cost": 0.0, "Total Cost": 66389.89, "Plan Rows": 391451, "Plan Width": 21, "Filter": "(production_year > 2010), (LLVM Optimized)"}, {"Node Type": "Hash", "Parent Relationship": "Inner", "Startup Cost": 61387.52, "Total Cost": 61387.52, "Plan Rows": 30, "Plan Width": 4, "Plans": [{"Node Type": "Nested Loop", "Parent Relationship": "Outer", "Join Type": "Inner", "Startup Cost": 0.0, "Total Cost": 61387.52, "Plan Rows": 30, "Plan Width": 4, "Inner Unique": false, "Join Filter": "(ct.id = mc.company_type_id)", "Plans": [{"Node Type": "Seq Scan", "Parent Relationship": "Outer", "Relation Name": "company_type", "Alias": "ct", "Startup Cost": 0.0, "Total Cost": 1.04, "Plan Rows": 1, "Plan Width": 4, "Filter": "((kind)::text = 'production companies'::text)"}, {"Node Type": "Seq Scan", "Parent Relationship": "Inner", "Relation Name": "movie_companies", "Alias": "mc", "Startup Cost": 0.0, "Total Cost": 61385.74, "Plan Rows": 59, "Plan Width": 8, "Filter": "(((note)::text ~~ '%(VHS)%'::text) AND ((note)::text ~~ '%(USA)%'::text) AND ((note)::text ~~ '%(1994)%'::text))"}]}]}]}]}]}]}]}]}, "Unique SQL Id": 328306525, "Planner Runtime": 4}, "explain_analyze_plan": {"Plan": {"Node Type": "Aggregate", "Strategy": "Plain", "Startup Cost": 467205.91, "Total Cost": 467205.92, "Plan Rows": 1, "Plan Width": 49, "Actual Startup Time": 1400.015, "Actual Total Time": 1400.016, "Actual Rows": 1, "Actual Loops": 1, "Plans": [{"Node Type": "Nested Loop", "Parent Relationship": "Outer", "Join Type": "Inner", "Startup Cost": 130807.06, "Total Cost": 467205.85, "Plan Rows": 24, "Plan Width": 17, "Actual Startup Time": 1400.008, "Actual Total Time": 1400.008, "Actual Rows": 0, "Actual Loops": 1, "Inner Unique": false, "Join Filter": "(mi.info_type_id = it.id)", "Rows Removed by Join Filter": 0, "Plans": [{"Node Type": "Seq Scan", "Parent Relationship": "Outer", "Relation Name": "info_type", "Alias": "it", "Startup Cost": 0.0, "Total Cost": 2.12, "Plan Rows": 112, "Plan Width": 4, "Actual Startup Time": 0.028, "Actual Total Time": 0.062, "Actual Rows": 112, "Actual Loops": 1}, {"Node Type": "Materialize", "Parent Relationship": "Inner", "Startup Cost": 130807.06, "Total Cost": 467163.47, "Plan Rows": 24, "Plan Width": 21, "Actual Startup Time": 1399.904, "Actual Total Time": 1399.904, "Actual Rows": 0, "Actual Loops": 112, "Plans": [{"Node Type": "Hash Join", "Parent Relationship": "Outer", "Join Type": "Inner", "Startup Cost": 130807.06, "Total Cost": 467163.35, "Plan Rows": 24, "Plan Width": 21, "Actual Startup Time": 1399.891, "Actual Total Time": 1399.891, "Actual Rows": 0, "Actual Loops": 1, "Inner Unique": false, "Hash Cond": "(mi.movie_id = t.id)", "Plans": [{"Node Type": "Seq Scan", "Parent Relationship": "Outer", "Relation Name": "movie_info", "Alias": "mi", "Startup Cost": 0.0, "Total Cost": 334162.58, "Plan Rows": 584897, "Plan Width": 8, "Actual Startup Time": 441.269, "Actual Total Time": 441.269, "Actual Rows": 1, "Actual Loops": 1, "Filter": "((info)::text = ANY ('{USA,America}'::text[]))", "Rows Removed by Filter": 1053697}, {"Node Type": "Hash", "Parent Relationship": "Inner", "Startup Cost": 130806.66, "Total Cost": 130806.66, "Plan Rows": 32, "Plan Width": 25, "Actual Startup Time": 958.441, "Actual Total Time": 958.441, "Actual Rows": 0, "Actual Loops": 1, "Hash Buckets": 32768, "Hash Batches": 1, "Original Hash Batches": 1, "Peak Memory Usage": 0, "Plans": [{"Node Type": "Hash Join", "Parent Relationship": "Outer", "Join Type": "Inner", "Startup Cost": 61387.89, "Total Cost": 130806.66, "Plan Rows": 32, "Plan Width": 25, "Actual Startup Time": 958.435, "Actual Total Time": 958.435, "Actual Rows": 0, "Actual Loops": 1, "Inner Unique": false, "Hash Cond": "(t.id = mc.movie_id)", "Plans": [{"Node Type": "Seq Scan", "Parent Relationship": "Outer", "Relation Name": "title", "Alias": "t", "Startup Cost": 0.0, "Total Cost": 66389.89, "Plan Rows": 391451, "Plan Width": 21, "Actual Startup Time": 0.042, "Actual Total Time": 0.042, "Actual Rows": 1, "Actual Loops": 1, "Filter": "(production_year > 2010), (LLVM Optimized, Jit Execute)", "Rows Removed by Filter": 2}, {"Node Type": "Hash", "Parent Relationship": "Inner", "Startup Cost": 61387.52, "Total Cost": 61387.52, "Plan Rows": 30, "Plan Width": 4, "Actual Startup Time": 958.33, "Actual Total Time": 958.33, "Actual Rows": 0, "Actual Loops": 1, "Hash Buckets": 32768, "Hash Batches": 1, "Original Hash Batches": 1, "Peak Memory Usage": 0, "Plans": [{"Node Type": "Nested Loop", "Parent Relationship": "Outer", "Join Type": "Inner", "Startup Cost": 0.0, "Total Cost": 61387.52, "Plan Rows": 30, "Plan Width": 4, "Actual Startup Time": 958.202, "Actual Total Time": 958.202, "Actual Rows": 0, "Actual Loops": 1, "Inner Unique": false, "Join Filter": "(ct.id = mc.company_type_id)", "Rows Removed by Join Filter": 1418, "Plans": [{"Node Type": "Seq Scan", "Parent Relationship": "Outer", "Relation Name": "company_type", "Alias": "ct", "Startup Cost": 0.0, "Total Cost": 1.04, "Plan Rows": 1, "Plan Width": 4, "Actual Startup Time": 0.026, "Actual Total Time": 0.033, "Actual Rows": 1, "Actual Loops": 1, "Filter": "((kind)::text = 'production companies'::text)", "Rows Removed by Filter": 2}, {"Node Type": "Seq Scan", "Parent Relationship": "Inner", "Relation Name": "movie_companies", "Alias": "mc", "Startup Cost": 0.0, "Total Cost": 61385.74, "Plan Rows": 59, "Plan Width": 8, "Actual Startup Time": 3.91, "Actual Total Time": 957.725, "Actual Rows": 1418, "Actual Loops": 1, "Filter": "(((note)::text ~~ '%(VHS)%'::text) AND ((note)::text ~~ '%(USA)%'::text) AND ((note)::text ~~ '%(1994)%'::text))", "Rows Removed by Filter": 2607710}]}]}]}]}]}]}]}]}, "Triggers": [], "Planner Runtime": 7.825, "Total Runtime": 1408.721, "Unique SQL Id": 328306525}}, "(1, '47')": {"explain_plan": {"Plan": {"Node Type": "Aggregate", "Strategy": "Plain", "Startup Cost": 5000130950484.58, "Total Cost": 5000130950484.59, "Plan Rows": 1, "Plan Width": 49, "Plans": [{"Node Type": "Nested Loop", "Parent Relationship": "Outer", "Join Type": "Inner", "Startup Cost": 50000000000.0, "Total Cost": 5000130950484.52, "Plan Rows": 24, "Plan Width": 17, "Inner Unique": true, "Join Filter": "(mi.info_type_id = it.id)", "Plans": [{"Node Type": "Nested Loop", "Parent Relationship": "Outer", "Join Type": "Inner", "Startup Cost": 40000000000.0, "Total Cost": 4000130949050.92, "Plan Rows": 24, "Plan Width": 21, "Inner Unique": false, "Join Filter": "(t.id = mi.movie_id)", "Plans": [{"Node Type": "Index Scan", "Parent Relationship": "Outer", "Scan Direction": "Forward", "Index Name": "info_type_id_movie_info", "Relation Name": "movie_info", "Alias": "mi", "Startup Cost": 10000000000.0, "Total Cost": 1000107401445.12, "Plan Rows": 584897, "Plan Width": 8, "Filter": "((info)::text = ANY ('{USA,America}'::text[]))"}, {"Node Type": "Materialize", "Parent Relationship": "Inner", "Startup Cost": 30000000000.0, "Total Cost": 3000023266855.32, "Plan Rows": 32, "Plan Width": 25, "Plans": [{"Node Type": "Nested Loop", "Parent Relationship": "Outer", "Join Type": "Inner", "Startup Cost": 30000000000.0, "Total Cost": 3000023266855.16, "Plan Rows": 32, "Plan Width": 25, "Inner Unique": true, "Join Filter": "(mc.company_type_id = ct.id)", "Plans": [{"Node Type": "Nested Loop", "Parent Relationship": "Outer", "Join Type": "Inner", "Startup Cost": 20000000000.0, "Total Cost": 2000023265623.95, "Plan Rows": 64, "Plan Width": 29, "Inner Unique": false, "Join Filter": "(mc.movie_id = t.id)", "Plans": [{"Node Type": "Index Scan", "Parent Relationship": "Outer", "Scan Direction": "Forward", "Index Name": "title_pkey", "Relation Name": "title", "Alias": "t", "Startup Cost": 10000000000.0, "Total Cost": 1000011644126.66, "Plan Rows": 391451, "Plan Width": 21, "Filter": "(production_year > 2010), (LLVM Optimized)"}, {"Node Type": "Materialize", "Parent Relationship": "Inner", "Startup Cost": 10000000000.0, "Total Cost": 1000011275063.29, "Plan Rows": 59, "Plan Width": 8, "Plans": [{"Node Type": "Index Scan", "Parent Relationship": "Outer", "Scan Direction": "Forward", "Index Name": "company_type_id_movie_companies", "Relation Name": "movie_companies", "Alias": "mc", "Startup Cost": 10000000000.0, "Total Cost": 1000011275063.0, "Plan Rows": 59, "Plan Width": 8, "Filter": "(((note)::text ~~ '%(VHS)%'::text) AND ((note)::text ~~ '%(USA)%'::text) AND ((note)::text ~~ '%(1994)%'::text))"}]}]}, {"Node Type": "Materialize", "Parent Relationship": "Inner", "Startup Cost": 10000000000.0, "Total Cost": 1000000001230.26, "Plan Rows": 1, "Plan Width": 4, "Plans": [{"Node Type": "Index Scan", "Parent Relationship": "Outer", "Scan Direction": "Forward", "Index Name": "company_type_pkey", "Relation Name": "company_type", "Alias": "ct", "Startup Cost": 10000000000.0, "Total Cost": 1000000001230.25, "Plan Rows": 1, "Plan Width": 4, "Filter": "((kind)::text = 'production companies'::text)"}]}]}]}]}, {"Node Type": "Materialize", "Parent Relationship": "Inner", "Startup Cost": 10000000000.0, "Total Cost": 1000000001393.56, "Plan Rows": 112, "Plan Width": 4, "Plans": [{"Node Type": "Index Scan", "Parent Relationship": "Outer", "Scan Direction": "Forward", "Index Name": "info_type_pkey", "Relation Name": "info_type", "Alias": "it", "Startup Cost": 10000000000.0, "Total Cost": 1000000001393.0, "Plan Rows": 112, "Plan Width": 4}]}]}]}, "Unique SQL Id": 328306525, "Planner Runtime": 5}, "explain_analyze_plan": null}, "(1, '48')": {"explain_plan": {"Plan": {"Node Type": "Aggregate", "Strategy": "Plain", "Startup Cost": 61721.76, "Total Cost": 61721.77, "Plan Rows": 1, "Plan Width": 49, "Plans": [{"Node Type": "Nested Loop", "Parent Relationship": "Outer", "Join Type": "Inner", "Startup Cost": 0.0, "Total Cost": 61721.7, "Plan Rows": 24, "Plan Width": 17, "Inner Unique": true, "Plans": [{"Node Type": "Nested Loop", "Parent Relationship": "Outer", "Join Type": "Inner", "Startup Cost": 0.0, "Total Cost": 61714.98, "Plan Rows": 24, "Plan Width": 21, "Inner Unique": false, "Plans": [{"Node Type": "Nested Loop", "Parent Relationship": "Outer", "Join Type": "Inner", "Startup Cost": 0.0, "Total Cost": 61635.99, "Plan Rows": 32, "Plan Width": 25, "Inner Unique": true, "Plans": [{"Node Type": "Nested Loop", "Parent Relationship": "Outer", "Join Type": "Inner", "Startup Cost": 0.0, "Total Cost": 61387.52, "Plan Rows": 30, "Plan Width": 4, "Inner Unique": false, "Join Filter": "(ct.id = mc.company_type_id)", "Plans": [{"Node Type": "Seq Scan", "Parent Relationship": "Outer", "Relation Name": "company_type", "Alias": "ct", "Startup Cost": 0.0, "Total Cost": 1.04, "Plan Rows": 1, "Plan Width": 4, "Filter": "((kind)::text = 'production companies'::text)"}, {"Node Type": "Seq Scan", "Parent Relationship": "Inner", "Relation Name": "movie_companies", "Alias": "mc", "Startup Cost": 0.0, "Total Cost": 61385.74, "Plan Rows": 59, "Plan Width": 8, "Filter": "(((note)::text ~~ '%(VHS)%'::text) AND ((note)::text ~~ '%(USA)%'::text) AND ((note)::text ~~ '%(1994)%'::text))"}]}, {"Node Type": "Index Scan", "Parent Relationship": "Inner", "Scan Direction": "Forward", "Index Name": "title_pkey", "Relation Name": "title", "Alias": "t", "Startup Cost": 0.0, "Total Cost": 8.27, "Plan Rows": 1, "Plan Width": 21, "Index Cond": "(id = mc.movie_id)", "Filter": "(production_year > 2010)"}]}, {"Node Type": "Index Scan", "Parent Relationship": "Inner", "Scan Direction": "Forward", "Index Name": "movie_id_movie_info", "Relation Name": "movie_info", "Alias": "mi", "Startup Cost": 0.0, "Total Cost": 2.46, "Plan Rows": 1, "Plan Width": 8, "Index Cond": "(movie_id = t.id)", "Filter": "((info)::text = ANY ('{USA,America}'::text[]))"}]}, {"Node Type": "Index Only Scan", "Parent Relationship": "Inner", "Scan Direction": "Forward", "Index Name": "info_type_pkey", "Relation Name": "info_type", "Alias": "it", "Startup Cost": 0.0, "Total Cost": 0.27, "Plan Rows": 1, "Plan Width": 4, "Index Cond": "(id = mi.info_type_id)"}]}]}, "Unique SQL Id": 328306525, "Planner Runtime": 3}, "explain_analyze_plan": {"Plan": {"Node Type": "Aggregate", "Strategy": "Plain", "Startup Cost": 61721.76, "Total Cost": 61721.77, "Plan Rows": 1, "Plan Width": 49, "Actual Startup Time": 946.595, "Actual Total Time": 946.596, "Actual Rows": 1, "Actual Loops": 1, "Plans": [{"Node Type": "Nested Loop", "Parent Relationship": "Outer", "Join Type": "Inner", "Startup Cost": 0.0, "Total Cost": 61721.7, "Plan Rows": 24, "Plan Width": 17, "Actual Startup Time": 946.584, "Actual Total Time": 946.584, "Actual Rows": 0, "Actual Loops": 1, "Inner Unique": true, "Plans": [{"Node Type": "Nested Loop", "Parent Relationship": "Outer", "Join Type": "Inner", "Startup Cost": 0.0, "Total Cost": 61714.98, "Plan Rows": 24, "Plan Width": 21, "Actual Startup Time": 946.583, "Actual Total Time": 946.583, "Actual Rows": 0, "Actual Loops": 1, "Inner Unique": false, "Plans": [{"Node Type": "Nested Loop", "Parent Relationship": "Outer", "Join Type": "Inner", "Startup Cost": 0.0, "Total Cost": 61635.99, "Plan Rows": 32, "Plan Width": 25, "Actual Startup Time": 946.582, "Actual Total Time": 946.582, "Actual Rows": 0, "Actual Loops": 1, "Inner Unique": true, "Plans": [{"Node Type": "Nested Loop", "Parent Relationship": "Outer", "Join Type": "Inner", "Startup Cost": 0.0, "Total Cost": 61387.52, "Plan Rows": 30, "Plan Width": 4, "Actual Startup Time": 946.58, "Actual Total Time": 946.58, "Actual Rows": 0, "Actual Loops": 1, "Inner Unique": false, "Join Filter": "(ct.id = mc.company_type_id)", "Rows Removed by Join Filter": 1418, "Plans": [{"Node Type": "Seq Scan", "Parent Relationship": "Outer", "Relation Name": "company_type", "Alias": "ct", "Startup Cost": 0.0, "Total Cost": 1.04, "Plan Rows": 1, "Plan Width": 4, "Actual Startup Time": 0.025, "Actual Total Time": 0.03, "Actual Rows": 1, "Actual Loops": 1, "Filter": "((kind)::text = 'production companies'::text)", "Rows Removed by Filter": 2}, {"Node Type": "Seq Scan", "Parent Relationship": "Inner", "Relation Name": "movie_companies", "Alias": "mc", "Startup Cost": 0.0, "Total Cost": 61385.74, "Plan Rows": 59, "Plan Width": 8, "Actual Startup Time": 3.943, "Actual Total Time": 946.12, "Actual Rows": 1418, "Actual Loops": 1, "Filter": "(((note)::text ~~ '%(VHS)%'::text) AND ((note)::text ~~ '%(USA)%'::text) AND ((note)::text ~~ '%(1994)%'::text))", "Rows Removed by Filter": 2607710}]}, {"Node Type": "Index Scan", "Parent Relationship": "Inner", "Scan Direction": "Forward", "Index Name": "title_pkey", "Relation Name": "title", "Alias": "t", "Startup Cost": 0.0, "Total Cost": 8.27, "Plan Rows": 1, "Plan Width": 21, "Actual Startup Time": 0.0, "Actual Total Time": 0.0, "Index Cond": "(id = mc.movie_id)", "Rows Removed by Index Recheck": 0, "Filter": "(production_year > 2010)", "Rows Removed by Filter": 0}]}, {"Node Type": "Index Scan", "Parent Relationship": "Inner", "Scan Direction": "Forward", "Index Name": "movie_id_movie_info", "Relation Name": "movie_info", "Alias": "mi", "Startup Cost": 0.0, "Total Cost": 2.46, "Plan Rows": 1, "Plan Width": 8, "Actual Startup Time": 0.0, "Actual Total Time": 0.0, "Index Cond": "(movie_id = t.id)", "Rows Removed by Index Recheck": 0, "Filter": "((info)::text = ANY ('{USA,America}'::text[]))", "Rows Removed by Filter": 0}]}, {"Node Type": "Index Only Scan", "Parent Relationship": "Inner", "Scan Direction": "Forward", "Index Name": "info_type_pkey", "Relation Name": "info_type", "Alias": "it", "Startup Cost": 0.0, "Total Cost": 0.27, "Plan Rows": 1, "Plan Width": 4, "Actual Startup Time": 0.0, "Actual Total Time": 0.0, "Index Cond": "(id = mi.info_type_id)", "Rows Removed by Index Recheck": 0, "Heap Fetches": 0}]}]}, "Triggers": [], "Planner Runtime": 7.558, "Total Runtime": 946.851, "Unique SQL Id": 328306525}}, "(1, '49')": {"explain_plan": {"Plan": {"Node Type": "Aggregate", "Strategy": "Plain", "Startup Cost": 63248.6, "Total Cost": 63248.61, "Plan Rows": 1, "Plan Width": 49, "Plans": [{"Node Type": "Nested Loop", "Parent Relationship": "Outer", "Join Type": "Inner", "Startup Cost": 0.0, "Total Cost": 63248.54, "Plan Rows": 24, "Plan Width": 17, "Inner Unique": true, "Plans": [{"Node Type": "Nested Loop", "Parent Relationship": "Outer", "Join Type": "Inner", "Startup Cost": 0.0, "Total Cost": 63241.82, "Plan Rows": 24, "Plan Width": 21, "Inner Unique": false, "Plans": [{"Node Type": "Nested Loop", "Parent Relationship": "Outer", "Join Type": "Inner", "Startup Cost": 0.0, "Total Cost": 63162.83, "Plan Rows": 32, "Plan Width": 25, "Inner Unique": true, "Plans": [{"Node Type": "Nested Loop", "Parent Relationship": "Outer", "Join Type": "Inner", "Startup Cost": 0.0, "Total Cost": 62914.35, "Plan Rows": 30, "Plan Width": 4, "Inner Unique": false, "Plans": [{"Node Type": "Index Scan", "Parent Relationship": "Outer", "Scan Direction": "Forward", "Index Name": "company_type_pkey", "Relation Name": "company_type", "Alias": "ct", "Startup Cost": 0.0, "Total Cost": 12.3, "Plan Rows": 1, "Plan Width": 4, "Filter": "((kind)::text = 'production companies'::text)"}, {"Node Type": "Index Scan", "Parent Relationship": "Inner", "Scan Direction": "Forward", "Index Name": "company_type_id_movie_companies", "Relation Name": "movie_companies", "Alias": "mc", "Startup Cost": 0.0, "Total Cost": 62901.76, "Plan Rows": 29, "Plan Width": 8, "Index Cond": "(company_type_id = ct.id)", "Filter": "(((note)::text ~~ '%(VHS)%'::text) AND ((note)::text ~~ '%(USA)%'::text) AND ((note)::text ~~ '%(1994)%'::text))"}]}, {"Node Type": "Index Scan", "Parent Relationship": "Inner", "Scan Direction": "Forward", "Index Name": "title_pkey", "Relation Name": "title", "Alias": "t", "Startup Cost": 0.0, "Total Cost": 8.27, "Plan Rows": 1, "Plan Width": 21, "Index Cond": "(id = mc.movie_id)", "Filter": "(production_year > 2010)"}]}, {"Node Type": "Index Scan", "Parent Relationship": "Inner", "Scan Direction": "Forward", "Index Name": "movie_id_movie_info", "Relation Name": "movie_info", "Alias": "mi", "Startup Cost": 0.0, "Total Cost": 2.46, "Plan Rows": 1, "Plan Width": 8, "Index Cond": "(movie_id = t.id)", "Filter": "((info)::text = ANY ('{USA,America}'::text[]))"}]}, {"Node Type": "Index Only Scan", "Parent Relationship": "Inner", "Scan Direction": "Forward", "Index Name": "info_type_pkey", "Relation Name": "info_type", "Alias": "it", "Startup Cost": 0.0, "Total Cost": 0.27, "Plan Rows": 1, "Plan Width": 4, "Index Cond": "(id = mi.info_type_id)"}]}]}, "Unique SQL Id": 328306525, "Planner Runtime": 3}, "explain_analyze_plan": {"Plan": {"Node Type": "Aggregate", "Strategy": "Plain", "Startup Cost": 63248.6, "Total Cost": 63248.61, "Plan Rows": 1, "Plan Width": 49, "Actual Startup Time": 640.136, "Actual Total Time": 640.136, "Actual Rows": 1, "Actual Loops": 1, "Plans": [{"Node Type": "Nested Loop", "Parent Relationship": "Outer", "Join Type": "Inner", "Startup Cost": 0.0, "Total Cost": 63248.54, "Plan Rows": 24, "Plan Width": 17, "Actual Startup Time": 640.125, "Actual Total Time": 640.125, "Actual Rows": 0, "Actual Loops": 1, "Inner Unique": true, "Plans": [{"Node Type": "Nested Loop", "Parent Relationship": "Outer", "Join Type": "Inner", "Startup Cost": 0.0, "Total Cost": 63241.82, "Plan Rows": 24, "Plan Width": 21, "Actual Startup Time": 640.123, "Actual Total Time": 640.123, "Actual Rows": 0, "Actual Loops": 1, "Inner Unique": false, "Plans": [{"Node Type": "Nested Loop", "Parent Relationship": "Outer", "Join Type": "Inner", "Startup Cost": 0.0, "Total Cost": 63162.83, "Plan Rows": 32, "Plan Width": 25, "Actual Startup Time": 640.123, "Actual Total Time": 640.123, "Actual Rows": 0, "Actual Loops": 1, "Inner Unique": true, "Plans": [{"Node Type": "Nested Loop", "Parent Relationship": "Outer", "Join Type": "Inner", "Startup Cost": 0.0, "Total Cost": 62914.35, "Plan Rows": 30, "Plan Width": 4, "Actual Startup Time": 640.122, "Actual Total Time": 640.122, "Actual Rows": 0, "Actual Loops": 1, "Inner Unique": false, "Plans": [{"Node Type": "Index Scan", "Parent Relationship": "Outer", "Scan Direction": "Forward", "Index Name": "company_type_pkey", "Relation Name": "company_type", "Alias": "ct", "Startup Cost": 0.0, "Total Cost": 12.3, "Plan Rows": 1, "Plan Width": 4, "Actual Startup Time": 0.026, "Actual Total Time": 0.033, "Actual Rows": 1, "Actual Loops": 1, "Filter": "((kind)::text = 'production companies'::text)", "Rows Removed by Filter": 2}, {"Node Type": "Index Scan", "Parent Relationship": "Inner", "Scan Direction": "Forward", "Index Name": "company_type_id_movie_companies", "Relation Name": "movie_companies", "Alias": "mc", "Startup Cost": 0.0, "Total Cost": 62901.76, "Plan Rows": 29, "Plan Width": 8, "Actual Startup Time": 640.079, "Actual Total Time": 640.079, "Actual Rows": 0, "Actual Loops": 1, "Index Cond": "(company_type_id = ct.id)", "Rows Removed by Index Recheck": 0, "Filter": "(((note)::text ~~ '%(VHS)%'::text) AND ((note)::text ~~ '%(USA)%'::text) AND ((note)::text ~~ '%(1994)%'::text))", "Rows Removed by Filter": 1334883}]}, {"Node Type": "Index Scan", "Parent Relationship": "Inner", "Scan Direction": "Forward", "Index Name": "title_pkey", "Relation Name": "title", "Alias": "t", "Startup Cost": 0.0, "Total Cost": 8.27, "Plan Rows": 1, "Plan Width": 21, "Actual Startup Time": 0.0, "Actual Total Time": 0.0, "Index Cond": "(id = mc.movie_id)", "Rows Removed by Index Recheck": 0, "Filter": "(production_year > 2010)", "Rows Removed by Filter": 0}]}, {"Node Type": "Index Scan", "Parent Relationship": "Inner", "Scan Direction": "Forward", "Index Name": "movie_id_movie_info", "Relation Name": "movie_info", "Alias": "mi", "Startup Cost": 0.0, "Total Cost": 2.46, "Plan Rows": 1, "Plan Width": 8, "Actual Startup Time": 0.0, "Actual Total Time": 0.0, "Index Cond": "(movie_id = t.id)", "Rows Removed by Index Recheck": 0, "Filter": "((info)::text = ANY ('{USA,America}'::text[]))", "Rows Removed by Filter": 0}]}, {"Node Type": "Index Only Scan", "Parent Relationship": "Inner", "Scan Direction": "Forward", "Index Name": "info_type_pkey", "Relation Name": "info_type", "Alias": "it", "Startup Cost": 0.0, "Total Cost": 0.27, "Plan Rows": 1, "Plan Width": 4, "Actual Startup Time": 0.0, "Actual Total Time": 0.0, "Index Cond": "(id = mi.info_type_id)", "Rows Removed by Index Recheck": 0, "Heap Fetches": 0}]}]}, "Triggers": [], "Planner Runtime": 7.646, "Total Runtime": 640.429, "Unique SQL Id": 328306525}}, "(1, '50')": {"explain_plan": {"Plan": {"Node Type": "Aggregate", "Strategy": "Plain", "Startup Cost": 62302.06, "Total Cost": 62302.07, "Plan Rows": 1, "Plan Width": 49, "Plans": [{"Node Type": "Nested Loop", "Parent Relationship": "Outer", "Join Type": "Inner", "Startup Cost": 4.61, "Total Cost": 62302.0, "Plan Rows": 24, "Plan Width": 17, "Inner Unique": false, "Join Filter": "(mi.info_type_id = it.id)", "Plans": [{"Node Type": "Seq Scan", "Parent Relationship": "Outer", "Relation Name": "info_type", "Alias": "it", "Startup Cost": 0.0, "Total Cost": 2.12, "Plan Rows": 112, "Plan Width": 4}, {"Node Type": "Materialize", "Parent Relationship": "Inner", "Startup Cost": 4.61, "Total Cost": 62259.62, "Plan Rows": 24, "Plan Width": 21, "Plans": [{"Node Type": "Nested Loop", "Parent Relationship": "Outer", "Join Type": "Inner", "Startup Cost": 4.61, "Total Cost": 62259.5, "Plan Rows": 24, "Plan Width": 21, "Inner Unique": true, "Plans": [{"Node Type": "Nested Loop", "Parent Relationship": "Outer", "Join Type": "Inner", "Startup Cost": 4.29, "Total Cost": 62116.08, "Plan Rows": 33, "Plan Width": 12, "Inner Unique": false, "Plans": [{"Node Type": "Nested Loop", "Parent Relationship": "Outer", "Join Type": "Inner", "Startup Cost": 0.0, "Total Cost": 61387.52, "Plan Rows": 30, "Plan Width": 4, "Inner Unique": false, "Join Filter": "(ct.id = mc.company_type_id)", "Plans": [{"Node Type": "Seq Scan", "Parent Relationship": "Outer", "Relation Name": "company_type", "Alias": "ct", "Startup Cost": 0.0, "Total Cost": 1.04, "Plan Rows": 1, "Plan Width": 4, "Filter": "((kind)::text = 'production companies'::text)"}, {"Node Type": "Seq Scan", "Parent Relationship": "Inner", "Relation Name": "movie_companies", "Alias": "mc", "Startup Cost": 0.0, "Total Cost": 61385.74, "Plan Rows": 59, "Plan Width": 8, "Filter": "(((note)::text ~~ '%(VHS)%'::text) AND ((note)::text ~~ '%(USA)%'::text) AND ((note)::text ~~ '%(1994)%'::text))"}]}, {"Node Type": "Bitmap Heap Scan", "Parent Relationship": "Inner", "Relation Name": "movie_info", "Alias": "mi", "Startup Cost": 4.29, "Total Cost": 24.28, "Plan Rows": 1, "Plan Width": 8, "Recheck Cond": "(movie_id = mc.movie_id)", "Filter": "((info)::text = ANY ('{USA,America}'::text[]))", "Plans": [{"Node Type": "Bitmap Index Scan", "Parent Relationship": "Outer", "Index Name": "movie_id_movie_info", "Startup Cost": 0.0, "Total Cost": 4.29, "Plan Rows": 5, "Plan Width": 0, "Index Cond": "(movie_id = mc.movie_id)"}]}]}, {"Node Type": "Bitmap Heap Scan", "Parent Relationship": "Inner", "Relation Name": "title", "Alias": "t", "Startup Cost": 0.32, "Total Cost": 4.34, "Plan Rows": 1, "Plan Width": 21, "Recheck Cond": "(id = mi.movie_id)", "Filter": "(production_year > 2010)", "Plans": [{"Node Type": "Bitmap Index Scan", "Parent Relationship": "Outer", "Index Name": "title_pkey", "Startup Cost": 0.0, "Total Cost": 0.32, "Plan Rows": 1, "Plan Width": 0, "Index Cond": "(id = mi.movie_id)"}]}]}]}]}]}, "Unique SQL Id": 328306525, "Planner Runtime": 3}, "explain_analyze_plan": {"Plan": {"Node Type": "Aggregate", "Strategy": "Plain", "Startup Cost": 62302.06, "Total Cost": 62302.07, "Plan Rows": 1, "Plan Width": 49, "Actual Startup Time": 957.016, "Actual Total Time": 957.016, "Actual Rows": 1, "Actual Loops": 1, "Plans": [{"Node Type": "Nested Loop", "Parent Relationship": "Outer", "Join Type": "Inner", "Startup Cost": 4.61, "Total Cost": 62302.0, "Plan Rows": 24, "Plan Width": 17, "Actual Startup Time": 957.009, "Actual Total Time": 957.009, "Actual Rows": 0, "Actual Loops": 1, "Inner Unique": false, "Join Filter": "(mi.info_type_id = it.id)", "Rows Removed by Join Filter": 0, "Plans": [{"Node Type": "Seq Scan", "Parent Relationship": "Outer", "Relation Name": "info_type", "Alias": "it", "Startup Cost": 0.0, "Total Cost": 2.12, "Plan Rows": 112, "Plan Width": 4, "Actual Startup Time": 0.031, "Actual Total Time": 0.048, "Actual Rows": 112, "Actual Loops": 1}, {"Node Type": "Materialize", "Parent Relationship": "Inner", "Startup Cost": 4.61, "Total Cost": 62259.62, "Plan Rows": 24, "Plan Width": 21, "Actual Startup Time": 956.933, "Actual Total Time": 956.933, "Actual Rows": 0, "Actual Loops": 112, "Plans": [{"Node Type": "Nested Loop", "Parent Relationship": "Outer", "Join Type": "Inner", "Startup Cost": 4.61, "Total Cost": 62259.5, "Plan Rows": 24, "Plan Width": 21, "Actual Startup Time": 956.916, "Actual Total Time": 956.916, "Actual Rows": 0, "Actual Loops": 1, "Inner Unique": true, "Plans": [{"Node Type": "Nested Loop", "Parent Relationship": "Outer", "Join Type": "Inner", "Startup Cost": 4.29, "Total Cost": 62116.08, "Plan Rows": 33, "Plan Width": 12, "Actual Startup Time": 956.914, "Actual Total Time": 956.914, "Actual Rows": 0, "Actual Loops": 1, "Inner Unique": false, "Plans": [{"Node Type": "Nested Loop", "Parent Relationship": "Outer", "Join Type": "Inner", "Startup Cost": 0.0, "Total Cost": 61387.52, "Plan Rows": 30, "Plan Width": 4, "Actual Startup Time": 956.912, "Actual Total Time": 956.912, "Actual Rows": 0, "Actual Loops": 1, "Inner Unique": false, "Join Filter": "(ct.id = mc.company_type_id)", "Rows Removed by Join Filter": 1418, "Plans": [{"Node Type": "Seq Scan", "Parent Relationship": "Outer", "Relation Name": "company_type", "Alias": "ct", "Startup Cost": 0.0, "Total Cost": 1.04, "Plan Rows": 1, "Plan Width": 4, "Actual Startup Time": 0.013, "Actual Total Time": 0.019, "Actual Rows": 1, "Actual Loops": 1, "Filter": "((kind)::text = 'production companies'::text)", "Rows Removed by Filter": 2}, {"Node Type": "Seq Scan", "Parent Relationship": "Inner", "Relation Name": "movie_companies", "Alias": "mc", "Startup Cost": 0.0, "Total Cost": 61385.74, "Plan Rows": 59, "Plan Width": 8, "Actual Startup Time": 3.894, "Actual Total Time": 956.458, "Actual Rows": 1418, "Actual Loops": 1, "Filter": "(((note)::text ~~ '%(VHS)%'::text) AND ((note)::text ~~ '%(USA)%'::text) AND ((note)::text ~~ '%(1994)%'::text))", "Rows Removed by Filter": 2607710}]}, {"Node Type": "Bitmap Heap Scan", "Parent Relationship": "Inner", "Relation Name": "movie_info", "Alias": "mi", "Startup Cost": 4.29, "Total Cost": 24.28, "Plan Rows": 1, "Plan Width": 8, "Actual Startup Time": 0.0, "Actual Total Time": 0.0, "Recheck Cond": "(movie_id = mc.movie_id)", "Rows Removed by Index Recheck": 0, "Filter": "((info)::text = ANY ('{USA,America}'::text[]))", "Rows Removed by Filter": 0, "Exact Heap Blocks": 0, "Lossy Heap Blocks": 0, "Plans": [{"Node Type": "Bitmap Index Scan", "Parent Relationship": "Outer", "Index Name": "movie_id_movie_info", "Startup Cost": 0.0, "Total Cost": 4.29, "Plan Rows": 5, "Plan Width": 0, "Actual Startup Time": 0.0, "Actual Total Time": 0.0, "Index Cond": "(movie_id = mc.movie_id)"}]}]}, {"Node Type": "Bitmap Heap Scan", "Parent Relationship": "Inner", "Relation Name": "title", "Alias": "t", "Startup Cost": 0.32, "Total Cost": 4.34, "Plan Rows": 1, "Plan Width": 21, "Actual Startup Time": 0.0, "Actual Total Time": 0.0, "Recheck Cond": "(id = mi.movie_id)", "Rows Removed by Index Recheck": 0, "Filter": "(production_year > 2010)", "Rows Removed by Filter": 0, "Exact Heap Blocks": 0, "Lossy Heap Blocks": 0, "Plans": [{"Node Type": "Bitmap Index Scan", "Parent Relationship": "Outer", "Index Name": "title_pkey", "Startup Cost": 0.0, "Total Cost": 0.32, "Plan Rows": 1, "Plan Width": 0, "Actual Startup Time": 0.0, "Actual Total Time": 0.0, "Index Cond": "(id = mi.movie_id)"}]}]}]}]}]}, "Triggers": [], "Planner Runtime": 6.588, "Total Runtime": 957.251, "Unique SQL Id": 328306525}}, "(1, '51')": {"explain_plan": {"Plan": {"Node Type": "Aggregate", "Strategy": "Plain", "Startup Cost": 1000011276294.99, "Total Cost": 1000011276295.0, "Plan Rows": 1, "Plan Width": 49, "Plans": [{"Node Type": "Nested Loop", "Parent Relationship": "Outer", "Join Type": "Inner", "Startup Cost": 10000000005.78, "Total Cost": 1000011276294.93, "Plan Rows": 24, "Plan Width": 17, "Inner Unique": true, "Plans": [{"Node Type": "Nested Loop", "Parent Relationship": "Outer", "Join Type": "Inner", "Startup Cost": 10000000005.38, "Total Cost": 1000011276078.43, "Plan Rows": 49, "Plan Width": 21, "Inner Unique": true, "Plans": [{"Node Type": "Nested Loop", "Parent Relationship": "Outer", "Join Type": "Inner", "Startup Cost": 10000000005.13, "Total Cost": 1000011275868.7, "Plan Rows": 49, "Plan Width": 25, "Inner Unique": false, "Plans": [{"Node Type": "Nested Loop", "Parent Relationship": "Outer", "Join Type": "Inner", "Startup Cost": 10000000004.26, "Total Cost": 1000011275551.68, "Plan Rows": 64, "Plan Width": 29, "Inner Unique": true, "Plans": [{"Node Type": "Index Scan", "Parent Relationship": "Outer", "Scan Direction": "Forward", "Index Name": "company_type_id_movie_companies", "Relation Name": "movie_companies", "Alias": "mc", "Startup Cost": 10000000000.0, "Total Cost": 1000011275063.0, "Plan Rows": 59, "Plan Width": 8, "Filter": "(((note)::text ~~ '%(VHS)%'::text) AND ((note)::text ~~ '%(USA)%'::text) AND ((note)::text ~~ '%(1994)%'::text))"}, {"Node Type": "Bitmap Heap Scan", "Parent Relationship": "Inner", "Relation Name": "title", "Alias": "t", "Startup Cost": 4.26, "Total Cost": 8.27, "Plan Rows": 1, "Plan Width": 21, "Recheck Cond": "(id = mc.movie_id)", "Filter": "(production_year > 2010)", "Plans": [{"Node Type": "Bitmap Index Scan", "Parent Relationship": "Outer", "Index Name": "title_pkey", "Startup Cost": 0.0, "Total Cost": 4.26, "Plan Rows": 1, "Plan Width": 0, "Index Cond": "(id = mc.movie_id)"}]}]}, {"Node Type": "Bitmap Heap Scan", "Parent Relationship": "Inner", "Relation Name": "movie_info", "Alias": "mi", "Startup Cost": 0.87, "Total Cost": 4.94, "Plan Rows": 1, "Plan Width": 8, "Recheck Cond": "(movie_id = t.id)", "Filter": "((info)::text = ANY ('{USA,America}'::text[]))", "Plans": [{"Node Type": "Bitmap Index Scan", "Parent Relationship": "Outer", "Index Name": "movie_id_movie_info", "Startup Cost": 0.0, "Total Cost": 0.87, "Plan Rows": 5, "Plan Width": 0, "Index Cond": "(movie_id = t.id)"}]}]}, {"Node Type": "Bitmap Heap Scan", "Parent Relationship": "Inner", "Relation Name": "info_type", "Alias": "it", "Startup Cost": 0.26, "Total Cost": 4.27, "Plan Rows": 1, "Plan Width": 4, "Recheck Cond": "(id = mi.info_type_id)", "Plans": [{"Node Type": "Bitmap Index Scan", "Parent Relationship": "Outer", "Index Name": "info_type_pkey", "Startup Cost": 0.0, "Total Cost": 0.26, "Plan Rows": 1, "Plan Width": 0, "Index Cond": "(id = mi.info_type_id)"}]}]}, {"Node Type": "Bitmap Heap Scan", "Parent Relationship": "Inner", "Relation Name": "company_type", "Alias": "ct", "Startup Cost": 0.39, "Total Cost": 4.41, "Plan Rows": 1, "Plan Width": 4, "Recheck Cond": "(id = mc.company_type_id)", "Filter": "((kind)::text = 'production companies'::text)", "Plans": [{"Node Type": "Bitmap Index Scan", "Parent Relationship": "Outer", "Index Name": "company_type_pkey", "Startup Cost": 0.0, "Total Cost": 0.39, "Plan Rows": 1, "Plan Width": 0, "Index Cond": "(id = mc.company_type_id)"}]}]}]}, "Unique SQL Id": 328306525, "Planner Runtime": 3}, "explain_analyze_plan": {"Plan": {"Node Type": "Aggregate", "Strategy": "Plain", "Startup Cost": 1000011276294.99, "Total Cost": 1000011276295.0, "Plan Rows": 1, "Plan Width": 49, "Actual Startup Time": 1689.858, "Actual Total Time": 1689.858, "Actual Rows": 1, "Actual Loops": 1, "Plans": [{"Node Type": "Nested Loop", "Parent Relationship": "Outer", "Join Type": "Inner", "Startup Cost": 10000000005.78, "Total Cost": 1000011276294.93, "Plan Rows": 24, "Plan Width": 17, "Actual Startup Time": 1689.851, "Actual Total Time": 1689.851, "Actual Rows": 0, "Actual Loops": 1, "Inner Unique": true, "Plans": [{"Node Type": "Nested Loop", "Parent Relationship": "Outer", "Join Type": "Inner", "Startup Cost": 10000000005.38, "Total Cost": 1000011276078.43, "Plan Rows": 49, "Plan Width": 21, "Actual Startup Time": 1689.849, "Actual Total Time": 1689.849, "Actual Rows": 0, "Actual Loops": 1, "Inner Unique": true, "Plans": [{"Node Type": "Nested Loop", "Parent Relationship": "Outer", "Join Type": "Inner", "Startup Cost": 10000000005.13, "Total Cost": 1000011275868.7, "Plan Rows": 49, "Plan Width": 25, "Actual Startup Time": 1689.847, "Actual Total Time": 1689.847, "Actual Rows": 0, "Actual Loops": 1, "Inner Unique": false, "Plans": [{"Node Type": "Nested Loop", "Parent Relationship": "Outer", "Join Type": "Inner", "Startup Cost": 10000000004.26, "Total Cost": 1000011275551.68, "Plan Rows": 64, "Plan Width": 29, "Actual Startup Time": 1689.843, "Actual Total Time": 1689.843, "Actual Rows": 0, "Actual Loops": 1, "Inner Unique": true, "Plans": [{"Node Type": "Index Scan", "Parent Relationship": "Outer", "Scan Direction": "Forward", "Index Name": "company_type_id_movie_companies", "Relation Name": "movie_companies", "Alias": "mc", "Startup Cost": 10000000000.0, "Total Cost": 1000011275063.0, "Plan Rows": 59, "Plan Width": 8, "Actual Startup Time": 6.155, "Actual Total Time": 1673.67, "Actual Rows": 1418, "Actual Loops": 1, "Filter": "(((note)::text ~~ '%(VHS)%'::text) AND ((note)::text ~~ '%(USA)%'::text) AND ((note)::text ~~ '%(1994)%'::text))", "Rows Removed by Filter": 2607710}, {"Node Type": "Bitmap Heap Scan", "Parent Relationship": "Inner", "Relation Name": "title", "Alias": "t", "Startup Cost": 4.26, "Total Cost": 8.27, "Plan Rows": 1, "Plan Width": 21, "Actual Startup Time": 13.912, "Actual Total Time": 13.912, "Actual Rows": 0, "Actual Loops": 1418, "Recheck Cond": "(id = mc.movie_id)", "Rows Removed by Index Recheck": 0, "Filter": "(production_year > 2010)", "Rows Removed by Filter": 1418, "Exact Heap Blocks": 1418, "Lossy Heap Blocks": 1418, "Plans": [{"Node Type": "Bitmap Index Scan", "Parent Relationship": "Outer", "Index Name": "title_pkey", "Startup Cost": 0.0, "Total Cost": 4.26, "Plan Rows": 1, "Plan Width": 0, "Actual Startup Time": 7.738, "Actual Total Time": 7.738, "Actual Rows": 1418, "Actual Loops": 1418, "Index Cond": "(id = mc.movie_id)"}]}]}, {"Node Type": "Bitmap Heap Scan", "Parent Relationship": "Inner", "Relation Name": "movie_info", "Alias": "mi", "Startup Cost": 0.87, "Total Cost": 4.94, "Plan Rows": 1, "Plan Width": 8, "Actual Startup Time": 0.0, "Actual Total Time": 0.0, "Recheck Cond": "(movie_id = t.id)", "Rows Removed by Index Recheck": 0, "Filter": "((info)::text = ANY ('{USA,America}'::text[]))", "Rows Removed by Filter": 0, "Exact Heap Blocks": 0, "Lossy Heap Blocks": 0, "Plans": [{"Node Type": "Bitmap Index Scan", "Parent Relationship": "Outer", "Index Name": "movie_id_movie_info", "Startup Cost": 0.0, "Total Cost": 0.87, "Plan Rows": 5, "Plan Width": 0, "Actual Startup Time": 0.0, "Actual Total Time": 0.0, "Index Cond": "(movie_id = t.id)"}]}]}, {"Node Type": "Bitmap Heap Scan", "Parent Relationship": "Inner", "Relation Name": "info_type", "Alias": "it", "Startup Cost": 0.26, "Total Cost": 4.27, "Plan Rows": 1, "Plan Width": 4, "Actual Startup Time": 0.0, "Actual Total Time": 0.0, "Recheck Cond": "(id = mi.info_type_id)", "Rows Removed by Index Recheck": 0, "Exact Heap Blocks": 0, "Lossy Heap Blocks": 0, "Plans": [{"Node Type": "Bitmap Index Scan", "Parent Relationship": "Outer", "Index Name": "info_type_pkey", "Startup Cost": 0.0, "Total Cost": 0.26, "Plan Rows": 1, "Plan Width": 0, "Actual Startup Time": 0.0, "Actual Total Time": 0.0, "Index Cond": "(id = mi.info_type_id)"}]}]}, {"Node Type": "Bitmap Heap Scan", "Parent Relationship": "Inner", "Relation Name": "company_type", "Alias": "ct", "Startup Cost": 0.39, "Total Cost": 4.41, "Plan Rows": 1, "Plan Width": 4, "Actual Startup Time": 0.0, "Actual Total Time": 0.0, "Recheck Cond": "(id = mc.company_type_id)", "Rows Removed by Index Recheck": 0, "Filter": "((kind)::text = 'production companies'::text)", "Rows Removed by Filter": 0, "Exact Heap Blocks": 0, "Lossy Heap Blocks": 0, "Plans": [{"Node Type": "Bitmap Index Scan", "Parent Relationship": "Outer", "Index Name": "company_type_pkey", "Startup Cost": 0.0, "Total Cost": 0.39, "Plan Rows": 1, "Plan Width": 0, "Actual Startup Time": 0.0, "Actual Total Time": 0.0, "Index Cond": "(id = mc.company_type_id)"}]}]}]}, "Triggers": [], "Planner Runtime": 5.044, "Total Runtime": 1690.156, "Unique SQL Id": 328306525}}, "(1, '52')": {"explain_plan": {"Plan": {"Node Type": "Aggregate", "Strategy": "Plain", "Startup Cost": 61721.76, "Total Cost": 61721.77, "Plan Rows": 1, "Plan Width": 49, "Plans": [{"Node Type": "Nested Loop", "Parent Relationship": "Outer", "Join Type": "Inner", "Startup Cost": 0.0, "Total Cost": 61721.7, "Plan Rows": 24, "Plan Width": 17, "Inner Unique": true, "Plans": [{"Node Type": "Nested Loop", "Parent Relationship": "Outer", "Join Type": "Inner", "Startup Cost": 0.0, "Total Cost": 61714.98, "Plan Rows": 24, "Plan Width": 21, "Inner Unique": false, "Plans": [{"Node Type": "Nested Loop", "Parent Relationship": "Outer", "Join Type": "Inner", "Startup Cost": 0.0, "Total Cost": 61635.99, "Plan Rows": 32, "Plan Width": 25, "Inner Unique": true, "Plans": [{"Node Type": "Nested Loop", "Parent Relationship": "Outer", "Join Type": "Inner", "Startup Cost": 0.0, "Total Cost": 61387.52, "Plan Rows": 30, "Plan Width": 4, "Inner Unique": false, "Join Filter": "(ct.id = mc.company_type_id)", "Plans": [{"Node Type": "Seq Scan", "Parent Relationship": "Outer", "Relation Name": "company_type", "Alias": "ct", "Startup Cost": 0.0, "Total Cost": 1.04, "Plan Rows": 1, "Plan Width": 4, "Filter": "((kind)::text = 'production companies'::text)"}, {"Node Type": "Seq Scan", "Parent Relationship": "Inner", "Relation Name": "movie_companies", "Alias": "mc", "Startup Cost": 0.0, "Total Cost": 61385.74, "Plan Rows": 59, "Plan Width": 8, "Filter": "(((note)::text ~~ '%(VHS)%'::text) AND ((note)::text ~~ '%(USA)%'::text) AND ((note)::text ~~ '%(1994)%'::text))"}]}, {"Node Type": "Index Scan", "Parent Relationship": "Inner", "Scan Direction": "Forward", "Index Name": "title_pkey", "Relation Name": "title", "Alias": "t", "Startup Cost": 0.0, "Total Cost": 8.27, "Plan Rows": 1, "Plan Width": 21, "Index Cond": "(id = mc.movie_id)", "Filter": "(production_year > 2010)"}]}, {"Node Type": "Index Scan", "Parent Relationship": "Inner", "Scan Direction": "Forward", "Index Name": "movie_id_movie_info", "Relation Name": "movie_info", "Alias": "mi", "Startup Cost": 0.0, "Total Cost": 2.46, "Plan Rows": 1, "Plan Width": 8, "Index Cond": "(movie_id = t.id)", "Filter": "((info)::text = ANY ('{USA,America}'::text[]))"}]}, {"Node Type": "Index Scan", "Parent Relationship": "Inner", "Scan Direction": "Forward", "Index Name": "info_type_pkey", "Relation Name": "info_type", "Alias": "it", "Startup Cost": 0.0, "Total Cost": 0.27, "Plan Rows": 1, "Plan Width": 4, "Index Cond": "(id = mi.info_type_id)"}]}]}, "Unique SQL Id": 328306525, "Planner Runtime": 3}, "explain_analyze_plan": {"Plan": {"Node Type": "Aggregate", "Strategy": "Plain", "Startup Cost": 61721.76, "Total Cost": 61721.77, "Plan Rows": 1, "Plan Width": 49, "Actual Startup Time": 987.079, "Actual Total Time": 987.08, "Actual Rows": 1, "Actual Loops": 1, "Plans": [{"Node Type": "Nested Loop", "Parent Relationship": "Outer", "Join Type": "Inner", "Startup Cost": 0.0, "Total Cost": 61721.7, "Plan Rows": 24, "Plan Width": 17, "Actual Startup Time": 987.072, "Actual Total Time": 987.072, "Actual Rows": 0, "Actual Loops": 1, "Inner Unique": true, "Plans": [{"Node Type": "Nested Loop", "Parent Relationship": "Outer", "Join Type": "Inner", "Startup Cost": 0.0, "Total Cost": 61714.98, "Plan Rows": 24, "Plan Width": 21, "Actual Startup Time": 987.071, "Actual Total Time": 987.071, "Actual Rows": 0, "Actual Loops": 1, "Inner Unique": false, "Plans": [{"Node Type": "Nested Loop", "Parent Relationship": "Outer", "Join Type": "Inner", "Startup Cost": 0.0, "Total Cost": 61635.99, "Plan Rows": 32, "Plan Width": 25, "Actual Startup Time": 987.07, "Actual Total Time": 987.07, "Actual Rows": 0, "Actual Loops": 1, "Inner Unique": true, "Plans": [{"Node Type": "Nested Loop", "Parent Relationship": "Outer", "Join Type": "Inner", "Startup Cost": 0.0, "Total Cost": 61387.52, "Plan Rows": 30, "Plan Width": 4, "Actual Startup Time": 987.068, "Actual Total Time": 987.068, "Actual Rows": 0, "Actual Loops": 1, "Inner Unique": false, "Join Filter": "(ct.id = mc.company_type_id)", "Rows Removed by Join Filter": 1418, "Plans": [{"Node Type": "Seq Scan", "Parent Relationship": "Outer", "Relation Name": "company_type", "Alias": "ct", "Startup Cost": 0.0, "Total Cost": 1.04, "Plan Rows": 1, "Plan Width": 4, "Actual Startup Time": 0.014, "Actual Total Time": 0.02, "Actual Rows": 1, "Actual Loops": 1, "Filter": "((kind)::text = 'production companies'::text)", "Rows Removed by Filter": 2}, {"Node Type": "Seq Scan", "Parent Relationship": "Inner", "Relation Name": "movie_companies", "Alias": "mc", "Startup Cost": 0.0, "Total Cost": 61385.74, "Plan Rows": 59, "Plan Width": 8, "Actual Startup Time": 4.166, "Actual Total Time": 986.623, "Actual Rows": 1418, "Actual Loops": 1, "Filter": "(((note)::text ~~ '%(VHS)%'::text) AND ((note)::text ~~ '%(USA)%'::text) AND ((note)::text ~~ '%(1994)%'::text))", "Rows Removed by Filter": 2607710}]}, {"Node Type": "Index Scan", "Parent Relationship": "Inner", "Scan Direction": "Forward", "Index Name": "title_pkey", "Relation Name": "title", "Alias": "t", "Startup Cost": 0.0, "Total Cost": 8.27, "Plan Rows": 1, "Plan Width": 21, "Actual Startup Time": 0.0, "Actual Total Time": 0.0, "Index Cond": "(id = mc.movie_id)", "Rows Removed by Index Recheck": 0, "Filter": "(production_year > 2010)", "Rows Removed by Filter": 0}]}, {"Node Type": "Index Scan", "Parent Relationship": "Inner", "Scan Direction": "Forward", "Index Name": "movie_id_movie_info", "Relation Name": "movie_info", "Alias": "mi", "Startup Cost": 0.0, "Total Cost": 2.46, "Plan Rows": 1, "Plan Width": 8, "Actual Startup Time": 0.0, "Actual Total Time": 0.0, "Index Cond": "(movie_id = t.id)", "Rows Removed by Index Recheck": 0, "Filter": "((info)::text = ANY ('{USA,America}'::text[]))", "Rows Removed by Filter": 0}]}, {"Node Type": "Index Scan", "Parent Relationship": "Inner", "Scan Direction": "Forward", "Index Name": "info_type_pkey", "Relation Name": "info_type", "Alias": "it", "Startup Cost": 0.0, "Total Cost": 0.27, "Plan Rows": 1, "Plan Width": 4, "Actual Startup Time": 0.0, "Actual Total Time": 0.0, "Index Cond": "(id = mi.info_type_id)", "Rows Removed by Index Recheck": 0}]}]}, "Triggers": [], "Planner Runtime": 7.432, "Total Runtime": 987.358, "Unique SQL Id": 328306525}}, "(1, '53')": {"explain_plan": {"Plan": {"Node Type": "Aggregate", "Strategy": "Plain", "Startup Cost": 63248.6, "Total Cost": 63248.61, "Plan Rows": 1, "Plan Width": 49, "Plans": [{"Node Type": "Nested Loop", "Parent Relationship": "Outer", "Join Type": "Inner", "Startup Cost": 0.0, "Total Cost": 63248.54, "Plan Rows": 24, "Plan Width": 17, "Inner Unique": true, "Plans": [{"Node Type": "Nested Loop", "Parent Relationship": "Outer", "Join Type": "Inner", "Startup Cost": 0.0, "Total Cost": 63241.82, "Plan Rows": 24, "Plan Width": 21, "Inner Unique": false, "Plans": [{"Node Type": "Nested Loop", "Parent Relationship": "Outer", "Join Type": "Inner", "Startup Cost": 0.0, "Total Cost": 63162.83, "Plan Rows": 32, "Plan Width": 25, "Inner Unique": true, "Plans": [{"Node Type": "Nested Loop", "Parent Relationship": "Outer", "Join Type": "Inner", "Startup Cost": 0.0, "Total Cost": 62914.35, "Plan Rows": 30, "Plan Width": 4, "Inner Unique": false, "Plans": [{"Node Type": "Index Scan", "Parent Relationship": "Outer", "Scan Direction": "Forward", "Index Name": "company_type_pkey", "Relation Name": "company_type", "Alias": "ct", "Startup Cost": 0.0, "Total Cost": 12.3, "Plan Rows": 1, "Plan Width": 4, "Filter": "((kind)::text = 'production companies'::text)"}, {"Node Type": "Index Scan", "Parent Relationship": "Inner", "Scan Direction": "Forward", "Index Name": "company_type_id_movie_companies", "Relation Name": "movie_companies", "Alias": "mc", "Startup Cost": 0.0, "Total Cost": 62901.76, "Plan Rows": 29, "Plan Width": 8, "Index Cond": "(company_type_id = ct.id)", "Filter": "(((note)::text ~~ '%(VHS)%'::text) AND ((note)::text ~~ '%(USA)%'::text) AND ((note)::text ~~ '%(1994)%'::text))"}]}, {"Node Type": "Index Scan", "Parent Relationship": "Inner", "Scan Direction": "Forward", "Index Name": "title_pkey", "Relation Name": "title", "Alias": "t", "Startup Cost": 0.0, "Total Cost": 8.27, "Plan Rows": 1, "Plan Width": 21, "Index Cond": "(id = mc.movie_id)", "Filter": "(production_year > 2010)"}]}, {"Node Type": "Index Scan", "Parent Relationship": "Inner", "Scan Direction": "Forward", "Index Name": "movie_id_movie_info", "Relation Name": "movie_info", "Alias": "mi", "Startup Cost": 0.0, "Total Cost": 2.46, "Plan Rows": 1, "Plan Width": 8, "Index Cond": "(movie_id = t.id)", "Filter": "((info)::text = ANY ('{USA,America}'::text[]))"}]}, {"Node Type": "Index Scan", "Parent Relationship": "Inner", "Scan Direction": "Forward", "Index Name": "info_type_pkey", "Relation Name": "info_type", "Alias": "it", "Startup Cost": 0.0, "Total Cost": 0.27, "Plan Rows": 1, "Plan Width": 4, "Index Cond": "(id = mi.info_type_id)"}]}]}, "Unique SQL Id": 328306525, "Planner Runtime": 3}, "explain_analyze_plan": {"Plan": {"Node Type": "Aggregate", "Strategy": "Plain", "Startup Cost": 63248.6, "Total Cost": 63248.61, "Plan Rows": 1, "Plan Width": 49, "Actual Startup Time": 742.385, "Actual Total Time": 742.386, "Actual Rows": 1, "Actual Loops": 1, "Plans": [{"Node Type": "Nested Loop", "Parent Relationship": "Outer", "Join Type": "Inner", "Startup Cost": 0.0, "Total Cost": 63248.54, "Plan Rows": 24, "Plan Width": 17, "Actual Startup Time": 742.379, "Actual Total Time": 742.379, "Actual Rows": 0, "Actual Loops": 1, "Inner Unique": true, "Plans": [{"Node Type": "Nested Loop", "Parent Relationship": "Outer", "Join Type": "Inner", "Startup Cost": 0.0, "Total Cost": 63241.82, "Plan Rows": 24, "Plan Width": 21, "Actual Startup Time": 742.378, "Actual Total Time": 742.378, "Actual Rows": 0, "Actual Loops": 1, "Inner Unique": false, "Plans": [{"Node Type": "Nested Loop", "Parent Relationship": "Outer", "Join Type": "Inner", "Startup Cost": 0.0, "Total Cost": 63162.83, "Plan Rows": 32, "Plan Width": 25, "Actual Startup Time": 742.377, "Actual Total Time": 742.377, "Actual Rows": 0, "Actual Loops": 1, "Inner Unique": true, "Plans": [{"Node Type": "Nested Loop", "Parent Relationship": "Outer", "Join Type": "Inner", "Startup Cost": 0.0, "Total Cost": 62914.35, "Plan Rows": 30, "Plan Width": 4, "Actual Startup Time": 742.375, "Actual Total Time": 742.375, "Actual Rows": 0, "Actual Loops": 1, "Inner Unique": false, "Plans": [{"Node Type": "Index Scan", "Parent Relationship": "Outer", "Scan Direction": "Forward", "Index Name": "company_type_pkey", "Relation Name": "company_type", "Alias": "ct", "Startup Cost": 0.0, "Total Cost": 12.3, "Plan Rows": 1, "Plan Width": 4, "Actual Startup Time": 0.013, "Actual Total Time": 0.023, "Actual Rows": 1, "Actual Loops": 1, "Filter": "((kind)::text = 'production companies'::text)", "Rows Removed by Filter": 2}, {"Node Type": "Index Scan", "Parent Relationship": "Inner", "Scan Direction": "Forward", "Index Name": "company_type_id_movie_companies", "Relation Name": "movie_companies", "Alias": "mc", "Startup Cost": 0.0, "Total Cost": 62901.76, "Plan Rows": 29, "Plan Width": 8, "Actual Startup Time": 742.345, "Actual Total Time": 742.345, "Actual Rows": 0, "Actual Loops": 1, "Index Cond": "(company_type_id = ct.id)", "Rows Removed by Index Recheck": 0, "Filter": "(((note)::text ~~ '%(VHS)%'::text) AND ((note)::text ~~ '%(USA)%'::text) AND ((note)::text ~~ '%(1994)%'::text))", "Rows Removed by Filter": 1334883}]}, {"Node Type": "Index Scan", "Parent Relationship": "Inner", "Scan Direction": "Forward", "Index Name": "title_pkey", "Relation Name": "title", "Alias": "t", "Startup Cost": 0.0, "Total Cost": 8.27, "Plan Rows": 1, "Plan Width": 21, "Actual Startup Time": 0.0, "Actual Total Time": 0.0, "Index Cond": "(id = mc.movie_id)", "Rows Removed by Index Recheck": 0, "Filter": "(production_year > 2010)", "Rows Removed by Filter": 0}]}, {"Node Type": "Index Scan", "Parent Relationship": "Inner", "Scan Direction": "Forward", "Index Name": "movie_id_movie_info", "Relation Name": "movie_info", "Alias": "mi", "Startup Cost": 0.0, "Total Cost": 2.46, "Plan Rows": 1, "Plan Width": 8, "Actual Startup Time": 0.0, "Actual Total Time": 0.0, "Index Cond": "(movie_id = t.id)", "Rows Removed by Index Recheck": 0, "Filter": "((info)::text = ANY ('{USA,America}'::text[]))", "Rows Removed by Filter": 0}]}, {"Node Type": "Index Scan", "Parent Relationship": "Inner", "Scan Direction": "Forward", "Index Name": "info_type_pkey", "Relation Name": "info_type", "Alias": "it", "Startup Cost": 0.0, "Total Cost": 0.27, "Plan Rows": 1, "Plan Width": 4, "Actual Startup Time": 0.0, "Actual Total Time": 0.0, "Index Cond": "(id = mi.info_type_id)", "Rows Removed by Index Recheck": 0}]}]}, "Triggers": [], "Planner Runtime": 7.216, "Total Runtime": 742.642, "Unique SQL Id": 328306525}}, "(1, '54')": {"explain_plan": {"Plan": {"Node Type": "Aggregate", "Strategy": "Plain", "Startup Cost": 62302.06, "Total Cost": 62302.07, "Plan Rows": 1, "Plan Width": 49, "Plans": [{"Node Type": "Nested Loop", "Parent Relationship": "Outer", "Join Type": "Inner", "Startup Cost": 4.61, "Total Cost": 62302.0, "Plan Rows": 24, "Plan Width": 17, "Inner Unique": false, "Join Filter": "(mi.info_type_id = it.id)", "Plans": [{"Node Type": "Seq Scan", "Parent Relationship": "Outer", "Relation Name": "info_type", "Alias": "it", "Startup Cost": 0.0, "Total Cost": 2.12, "Plan Rows": 112, "Plan Width": 4}, {"Node Type": "Materialize", "Parent Relationship": "Inner", "Startup Cost": 4.61, "Total Cost": 62259.62, "Plan Rows": 24, "Plan Width": 21, "Plans": [{"Node Type": "Nested Loop", "Parent Relationship": "Outer", "Join Type": "Inner", "Startup Cost": 4.61, "Total Cost": 62259.5, "Plan Rows": 24, "Plan Width": 21, "Inner Unique": true, "Plans": [{"Node Type": "Nested Loop", "Parent Relationship": "Outer", "Join Type": "Inner", "Startup Cost": 4.29, "Total Cost": 62116.08, "Plan Rows": 33, "Plan Width": 12, "Inner Unique": false, "Plans": [{"Node Type": "Nested Loop", "Parent Relationship": "Outer", "Join Type": "Inner", "Startup Cost": 0.0, "Total Cost": 61387.52, "Plan Rows": 30, "Plan Width": 4, "Inner Unique": false, "Join Filter": "(ct.id = mc.company_type_id)", "Plans": [{"Node Type": "Seq Scan", "Parent Relationship": "Outer", "Relation Name": "company_type", "Alias": "ct", "Startup Cost": 0.0, "Total Cost": 1.04, "Plan Rows": 1, "Plan Width": 4, "Filter": "((kind)::text = 'production companies'::text)"}, {"Node Type": "Seq Scan", "Parent Relationship": "Inner", "Relation Name": "movie_companies", "Alias": "mc", "Startup Cost": 0.0, "Total Cost": 61385.74, "Plan Rows": 59, "Plan Width": 8, "Filter": "(((note)::text ~~ '%(VHS)%'::text) AND ((note)::text ~~ '%(USA)%'::text) AND ((note)::text ~~ '%(1994)%'::text))"}]}, {"Node Type": "Bitmap Heap Scan", "Parent Relationship": "Inner", "Relation Name": "movie_info", "Alias": "mi", "Startup Cost": 4.29, "Total Cost": 24.28, "Plan Rows": 1, "Plan Width": 8, "Recheck Cond": "(movie_id = mc.movie_id)", "Filter": "((info)::text = ANY ('{USA,America}'::text[]))", "Plans": [{"Node Type": "Bitmap Index Scan", "Parent Relationship": "Outer", "Index Name": "movie_id_movie_info", "Startup Cost": 0.0, "Total Cost": 4.29, "Plan Rows": 5, "Plan Width": 0, "Index Cond": "(movie_id = mc.movie_id)"}]}]}, {"Node Type": "Bitmap Heap Scan", "Parent Relationship": "Inner", "Relation Name": "title", "Alias": "t", "Startup Cost": 0.32, "Total Cost": 4.34, "Plan Rows": 1, "Plan Width": 21, "Recheck Cond": "(id = mi.movie_id)", "Filter": "(production_year > 2010)", "Plans": [{"Node Type": "Bitmap Index Scan", "Parent Relationship": "Outer", "Index Name": "title_pkey", "Startup Cost": 0.0, "Total Cost": 0.32, "Plan Rows": 1, "Plan Width": 0, "Index Cond": "(id = mi.movie_id)"}]}]}]}]}]}, "Unique SQL Id": 328306525, "Planner Runtime": 3}, "explain_analyze_plan": {"Plan": {"Node Type": "Aggregate", "Strategy": "Plain", "Startup Cost": 62302.06, "Total Cost": 62302.07, "Plan Rows": 1, "Plan Width": 49, "Actual Startup Time": 957.016, "Actual Total Time": 957.016, "Actual Rows": 1, "Actual Loops": 1, "Plans": [{"Node Type": "Nested Loop", "Parent Relationship": "Outer", "Join Type": "Inner", "Startup Cost": 4.61, "Total Cost": 62302.0, "Plan Rows": 24, "Plan Width": 17, "Actual Startup Time": 957.009, "Actual Total Time": 957.009, "Actual Rows": 0, "Actual Loops": 1, "Inner Unique": false, "Join Filter": "(mi.info_type_id = it.id)", "Rows Removed by Join Filter": 0, "Plans": [{"Node Type": "Seq Scan", "Parent Relationship": "Outer", "Relation Name": "info_type", "Alias": "it", "Startup Cost": 0.0, "Total Cost": 2.12, "Plan Rows": 112, "Plan Width": 4, "Actual Startup Time": 0.031, "Actual Total Time": 0.048, "Actual Rows": 112, "Actual Loops": 1}, {"Node Type": "Materialize", "Parent Relationship": "Inner", "Startup Cost": 4.61, "Total Cost": 62259.62, "Plan Rows": 24, "Plan Width": 21, "Actual Startup Time": 956.933, "Actual Total Time": 956.933, "Actual Rows": 0, "Actual Loops": 112, "Plans": [{"Node Type": "Nested Loop", "Parent Relationship": "Outer", "Join Type": "Inner", "Startup Cost": 4.61, "Total Cost": 62259.5, "Plan Rows": 24, "Plan Width": 21, "Actual Startup Time": 956.916, "Actual Total Time": 956.916, "Actual Rows": 0, "Actual Loops": 1, "Inner Unique": true, "Plans": [{"Node Type": "Nested Loop", "Parent Relationship": "Outer", "Join Type": "Inner", "Startup Cost": 4.29, "Total Cost": 62116.08, "Plan Rows": 33, "Plan Width": 12, "Actual Startup Time": 956.914, "Actual Total Time": 956.914, "Actual Rows": 0, "Actual Loops": 1, "Inner Unique": false, "Plans": [{"Node Type": "Nested Loop", "Parent Relationship": "Outer", "Join Type": "Inner", "Startup Cost": 0.0, "Total Cost": 61387.52, "Plan Rows": 30, "Plan Width": 4, "Actual Startup Time": 956.912, "Actual Total Time": 956.912, "Actual Rows": 0, "Actual Loops": 1, "Inner Unique": false, "Join Filter": "(ct.id = mc.company_type_id)", "Rows Removed by Join Filter": 1418, "Plans": [{"Node Type": "Seq Scan", "Parent Relationship": "Outer", "Relation Name": "company_type", "Alias": "ct", "Startup Cost": 0.0, "Total Cost": 1.04, "Plan Rows": 1, "Plan Width": 4, "Actual Startup Time": 0.013, "Actual Total Time": 0.019, "Actual Rows": 1, "Actual Loops": 1, "Filter": "((kind)::text = 'production companies'::text)", "Rows Removed by Filter": 2}, {"Node Type": "Seq Scan", "Parent Relationship": "Inner", "Relation Name": "movie_companies", "Alias": "mc", "Startup Cost": 0.0, "Total Cost": 61385.74, "Plan Rows": 59, "Plan Width": 8, "Actual Startup Time": 3.894, "Actual Total Time": 956.458, "Actual Rows": 1418, "Actual Loops": 1, "Filter": "(((note)::text ~~ '%(VHS)%'::text) AND ((note)::text ~~ '%(USA)%'::text) AND ((note)::text ~~ '%(1994)%'::text))", "Rows Removed by Filter": 2607710}]}, {"Node Type": "Bitmap Heap Scan", "Parent Relationship": "Inner", "Relation Name": "movie_info", "Alias": "mi", "Startup Cost": 4.29, "Total Cost": 24.28, "Plan Rows": 1, "Plan Width": 8, "Actual Startup Time": 0.0, "Actual Total Time": 0.0, "Recheck Cond": "(movie_id = mc.movie_id)", "Rows Removed by Index Recheck": 0, "Filter": "((info)::text = ANY ('{USA,America}'::text[]))", "Rows Removed by Filter": 0, "Exact Heap Blocks": 0, "Lossy Heap Blocks": 0, "Plans": [{"Node Type": "Bitmap Index Scan", "Parent Relationship": "Outer", "Index Name": "movie_id_movie_info", "Startup Cost": 0.0, "Total Cost": 4.29, "Plan Rows": 5, "Plan Width": 0, "Actual Startup Time": 0.0, "Actual Total Time": 0.0, "Index Cond": "(movie_id = mc.movie_id)"}]}]}, {"Node Type": "Bitmap Heap Scan", "Parent Relationship": "Inner", "Relation Name": "title", "Alias": "t", "Startup Cost": 0.32, "Total Cost": 4.34, "Plan Rows": 1, "Plan Width": 21, "Actual Startup Time": 0.0, "Actual Total Time": 0.0, "Recheck Cond": "(id = mi.movie_id)", "Rows Removed by Index Recheck": 0, "Filter": "(production_year > 2010)", "Rows Removed by Filter": 0, "Exact Heap Blocks": 0, "Lossy Heap Blocks": 0, "Plans": [{"Node Type": "Bitmap Index Scan", "Parent Relationship": "Outer", "Index Name": "title_pkey", "Startup Cost": 0.0, "Total Cost": 0.32, "Plan Rows": 1, "Plan Width": 0, "Actual Startup Time": 0.0, "Actual Total Time": 0.0, "Index Cond": "(id = mi.movie_id)"}]}]}]}]}]}, "Triggers": [], "Planner Runtime": 6.588, "Total Runtime": 957.251, "Unique SQL Id": 328306525}}, "(1, '55')": {"explain_plan": {"Plan": {"Node Type": "Aggregate", "Strategy": "Plain", "Startup Cost": 1000011276294.99, "Total Cost": 1000011276295.0, "Plan Rows": 1, "Plan Width": 49, "Plans": [{"Node Type": "Nested Loop", "Parent Relationship": "Outer", "Join Type": "Inner", "Startup Cost": 10000000005.78, "Total Cost": 1000011276294.93, "Plan Rows": 24, "Plan Width": 17, "Inner Unique": true, "Plans": [{"Node Type": "Nested Loop", "Parent Relationship": "Outer", "Join Type": "Inner", "Startup Cost": 10000000005.38, "Total Cost": 1000011276078.43, "Plan Rows": 49, "Plan Width": 21, "Inner Unique": true, "Plans": [{"Node Type": "Nested Loop", "Parent Relationship": "Outer", "Join Type": "Inner", "Startup Cost": 10000000005.13, "Total Cost": 1000011275868.7, "Plan Rows": 49, "Plan Width": 25, "Inner Unique": false, "Plans": [{"Node Type": "Nested Loop", "Parent Relationship": "Outer", "Join Type": "Inner", "Startup Cost": 10000000004.26, "Total Cost": 1000011275551.68, "Plan Rows": 64, "Plan Width": 29, "Inner Unique": true, "Plans": [{"Node Type": "Index Scan", "Parent Relationship": "Outer", "Scan Direction": "Forward", "Index Name": "company_type_id_movie_companies", "Relation Name": "movie_companies", "Alias": "mc", "Startup Cost": 10000000000.0, "Total Cost": 1000011275063.0, "Plan Rows": 59, "Plan Width": 8, "Filter": "(((note)::text ~~ '%(VHS)%'::text) AND ((note)::text ~~ '%(USA)%'::text) AND ((note)::text ~~ '%(1994)%'::text))"}, {"Node Type": "Bitmap Heap Scan", "Parent Relationship": "Inner", "Relation Name": "title", "Alias": "t", "Startup Cost": 4.26, "Total Cost": 8.27, "Plan Rows": 1, "Plan Width": 21, "Recheck Cond": "(id = mc.movie_id)", "Filter": "(production_year > 2010)", "Plans": [{"Node Type": "Bitmap Index Scan", "Parent Relationship": "Outer", "Index Name": "title_pkey", "Startup Cost": 0.0, "Total Cost": 4.26, "Plan Rows": 1, "Plan Width": 0, "Index Cond": "(id = mc.movie_id)"}]}]}, {"Node Type": "Bitmap Heap Scan", "Parent Relationship": "Inner", "Relation Name": "movie_info", "Alias": "mi", "Startup Cost": 0.87, "Total Cost": 4.94, "Plan Rows": 1, "Plan Width": 8, "Recheck Cond": "(movie_id = t.id)", "Filter": "((info)::text = ANY ('{USA,America}'::text[]))", "Plans": [{"Node Type": "Bitmap Index Scan", "Parent Relationship": "Outer", "Index Name": "movie_id_movie_info", "Startup Cost": 0.0, "Total Cost": 0.87, "Plan Rows": 5, "Plan Width": 0, "Index Cond": "(movie_id = t.id)"}]}]}, {"Node Type": "Bitmap Heap Scan", "Parent Relationship": "Inner", "Relation Name": "info_type", "Alias": "it", "Startup Cost": 0.26, "Total Cost": 4.27, "Plan Rows": 1, "Plan Width": 4, "Recheck Cond": "(id = mi.info_type_id)", "Plans": [{"Node Type": "Bitmap Index Scan", "Parent Relationship": "Outer", "Index Name": "info_type_pkey", "Startup Cost": 0.0, "Total Cost": 0.26, "Plan Rows": 1, "Plan Width": 0, "Index Cond": "(id = mi.info_type_id)"}]}]}, {"Node Type": "Bitmap Heap Scan", "Parent Relationship": "Inner", "Relation Name": "company_type", "Alias": "ct", "Startup Cost": 0.39, "Total Cost": 4.41, "Plan Rows": 1, "Plan Width": 4, "Recheck Cond": "(id = mc.company_type_id)", "Filter": "((kind)::text = 'production companies'::text)", "Plans": [{"Node Type": "Bitmap Index Scan", "Parent Relationship": "Outer", "Index Name": "company_type_pkey", "Startup Cost": 0.0, "Total Cost": 0.39, "Plan Rows": 1, "Plan Width": 0, "Index Cond": "(id = mc.company_type_id)"}]}]}]}, "Unique SQL Id": 328306525, "Planner Runtime": 3}, "explain_analyze_plan": {"Plan": {"Node Type": "Aggregate", "Strategy": "Plain", "Startup Cost": 1000011276294.99, "Total Cost": 1000011276295.0, "Plan Rows": 1, "Plan Width": 49, "Actual Startup Time": 1689.858, "Actual Total Time": 1689.858, "Actual Rows": 1, "Actual Loops": 1, "Plans": [{"Node Type": "Nested Loop", "Parent Relationship": "Outer", "Join Type": "Inner", "Startup Cost": 10000000005.78, "Total Cost": 1000011276294.93, "Plan Rows": 24, "Plan Width": 17, "Actual Startup Time": 1689.851, "Actual Total Time": 1689.851, "Actual Rows": 0, "Actual Loops": 1, "Inner Unique": true, "Plans": [{"Node Type": "Nested Loop", "Parent Relationship": "Outer", "Join Type": "Inner", "Startup Cost": 10000000005.38, "Total Cost": 1000011276078.43, "Plan Rows": 49, "Plan Width": 21, "Actual Startup Time": 1689.849, "Actual Total Time": 1689.849, "Actual Rows": 0, "Actual Loops": 1, "Inner Unique": true, "Plans": [{"Node Type": "Nested Loop", "Parent Relationship": "Outer", "Join Type": "Inner", "Startup Cost": 10000000005.13, "Total Cost": 1000011275868.7, "Plan Rows": 49, "Plan Width": 25, "Actual Startup Time": 1689.847, "Actual Total Time": 1689.847, "Actual Rows": 0, "Actual Loops": 1, "Inner Unique": false, "Plans": [{"Node Type": "Nested Loop", "Parent Relationship": "Outer", "Join Type": "Inner", "Startup Cost": 10000000004.26, "Total Cost": 1000011275551.68, "Plan Rows": 64, "Plan Width": 29, "Actual Startup Time": 1689.843, "Actual Total Time": 1689.843, "Actual Rows": 0, "Actual Loops": 1, "Inner Unique": true, "Plans": [{"Node Type": "Index Scan", "Parent Relationship": "Outer", "Scan Direction": "Forward", "Index Name": "company_type_id_movie_companies", "Relation Name": "movie_companies", "Alias": "mc", "Startup Cost": 10000000000.0, "Total Cost": 1000011275063.0, "Plan Rows": 59, "Plan Width": 8, "Actual Startup Time": 6.155, "Actual Total Time": 1673.67, "Actual Rows": 1418, "Actual Loops": 1, "Filter": "(((note)::text ~~ '%(VHS)%'::text) AND ((note)::text ~~ '%(USA)%'::text) AND ((note)::text ~~ '%(1994)%'::text))", "Rows Removed by Filter": 2607710}, {"Node Type": "Bitmap Heap Scan", "Parent Relationship": "Inner", "Relation Name": "title", "Alias": "t", "Startup Cost": 4.26, "Total Cost": 8.27, "Plan Rows": 1, "Plan Width": 21, "Actual Startup Time": 13.912, "Actual Total Time": 13.912, "Actual Rows": 0, "Actual Loops": 1418, "Recheck Cond": "(id = mc.movie_id)", "Rows Removed by Index Recheck": 0, "Filter": "(production_year > 2010)", "Rows Removed by Filter": 1418, "Exact Heap Blocks": 1418, "Lossy Heap Blocks": 1418, "Plans": [{"Node Type": "Bitmap Index Scan", "Parent Relationship": "Outer", "Index Name": "title_pkey", "Startup Cost": 0.0, "Total Cost": 4.26, "Plan Rows": 1, "Plan Width": 0, "Actual Startup Time": 7.738, "Actual Total Time": 7.738, "Actual Rows": 1418, "Actual Loops": 1418, "Index Cond": "(id = mc.movie_id)"}]}]}, {"Node Type": "Bitmap Heap Scan", "Parent Relationship": "Inner", "Relation Name": "movie_info", "Alias": "mi", "Startup Cost": 0.87, "Total Cost": 4.94, "Plan Rows": 1, "Plan Width": 8, "Actual Startup Time": 0.0, "Actual Total Time": 0.0, "Recheck Cond": "(movie_id = t.id)", "Rows Removed by Index Recheck": 0, "Filter": "((info)::text = ANY ('{USA,America}'::text[]))", "Rows Removed by Filter": 0, "Exact Heap Blocks": 0, "Lossy Heap Blocks": 0, "Plans": [{"Node Type": "Bitmap Index Scan", "Parent Relationship": "Outer", "Index Name": "movie_id_movie_info", "Startup Cost": 0.0, "Total Cost": 0.87, "Plan Rows": 5, "Plan Width": 0, "Actual Startup Time": 0.0, "Actual Total Time": 0.0, "Index Cond": "(movie_id = t.id)"}]}]}, {"Node Type": "Bitmap Heap Scan", "Parent Relationship": "Inner", "Relation Name": "info_type", "Alias": "it", "Startup Cost": 0.26, "Total Cost": 4.27, "Plan Rows": 1, "Plan Width": 4, "Actual Startup Time": 0.0, "Actual Total Time": 0.0, "Recheck Cond": "(id = mi.info_type_id)", "Rows Removed by Index Recheck": 0, "Exact Heap Blocks": 0, "Lossy Heap Blocks": 0, "Plans": [{"Node Type": "Bitmap Index Scan", "Parent Relationship": "Outer", "Index Name": "info_type_pkey", "Startup Cost": 0.0, "Total Cost": 0.26, "Plan Rows": 1, "Plan Width": 0, "Actual Startup Time": 0.0, "Actual Total Time": 0.0, "Index Cond": "(id = mi.info_type_id)"}]}]}, {"Node Type": "Bitmap Heap Scan", "Parent Relationship": "Inner", "Relation Name": "company_type", "Alias": "ct", "Startup Cost": 0.39, "Total Cost": 4.41, "Plan Rows": 1, "Plan Width": 4, "Actual Startup Time": 0.0, "Actual Total Time": 0.0, "Recheck Cond": "(id = mc.company_type_id)", "Rows Removed by Index Recheck": 0, "Filter": "((kind)::text = 'production companies'::text)", "Rows Removed by Filter": 0, "Exact Heap Blocks": 0, "Lossy Heap Blocks": 0, "Plans": [{"Node Type": "Bitmap Index Scan", "Parent Relationship": "Outer", "Index Name": "company_type_pkey", "Startup Cost": 0.0, "Total Cost": 0.39, "Plan Rows": 1, "Plan Width": 0, "Actual Startup Time": 0.0, "Actual Total Time": 0.0, "Index Cond": "(id = mc.company_type_id)"}]}]}]}, "Triggers": [], "Planner Runtime": 5.044, "Total Runtime": 1690.156, "Unique SQL Id": 328306525}}, "(1, '56')": {"explain_plan": {"Plan": {"Node Type": "Aggregate", "Strategy": "Plain", "Startup Cost": 61721.76, "Total Cost": 61721.77, "Plan Rows": 1, "Plan Width": 49, "Plans": [{"Node Type": "Nested Loop", "Parent Relationship": "Outer", "Join Type": "Inner", "Startup Cost": 0.0, "Total Cost": 61721.7, "Plan Rows": 24, "Plan Width": 17, "Inner Unique": true, "Plans": [{"Node Type": "Nested Loop", "Parent Relationship": "Outer", "Join Type": "Inner", "Startup Cost": 0.0, "Total Cost": 61714.98, "Plan Rows": 24, "Plan Width": 21, "Inner Unique": false, "Plans": [{"Node Type": "Nested Loop", "Parent Relationship": "Outer", "Join Type": "Inner", "Startup Cost": 0.0, "Total Cost": 61635.99, "Plan Rows": 32, "Plan Width": 25, "Inner Unique": true, "Plans": [{"Node Type": "Nested Loop", "Parent Relationship": "Outer", "Join Type": "Inner", "Startup Cost": 0.0, "Total Cost": 61387.52, "Plan Rows": 30, "Plan Width": 4, "Inner Unique": false, "Join Filter": "(ct.id = mc.company_type_id)", "Plans": [{"Node Type": "Seq Scan", "Parent Relationship": "Outer", "Relation Name": "company_type", "Alias": "ct", "Startup Cost": 0.0, "Total Cost": 1.04, "Plan Rows": 1, "Plan Width": 4, "Filter": "((kind)::text = 'production companies'::text)"}, {"Node Type": "Seq Scan", "Parent Relationship": "Inner", "Relation Name": "movie_companies", "Alias": "mc", "Startup Cost": 0.0, "Total Cost": 61385.74, "Plan Rows": 59, "Plan Width": 8, "Filter": "(((note)::text ~~ '%(VHS)%'::text) AND ((note)::text ~~ '%(USA)%'::text) AND ((note)::text ~~ '%(1994)%'::text))"}]}, {"Node Type": "Index Scan", "Parent Relationship": "Inner", "Scan Direction": "Forward", "Index Name": "title_pkey", "Relation Name": "title", "Alias": "t", "Startup Cost": 0.0, "Total Cost": 8.27, "Plan Rows": 1, "Plan Width": 21, "Index Cond": "(id = mc.movie_id)", "Filter": "(production_year > 2010)"}]}, {"Node Type": "Index Scan", "Parent Relationship": "Inner", "Scan Direction": "Forward", "Index Name": "movie_id_movie_info", "Relation Name": "movie_info", "Alias": "mi", "Startup Cost": 0.0, "Total Cost": 2.46, "Plan Rows": 1, "Plan Width": 8, "Index Cond": "(movie_id = t.id)", "Filter": "((info)::text = ANY ('{USA,America}'::text[]))"}]}, {"Node Type": "Index Only Scan", "Parent Relationship": "Inner", "Scan Direction": "Forward", "Index Name": "info_type_pkey", "Relation Name": "info_type", "Alias": "it", "Startup Cost": 0.0, "Total Cost": 0.27, "Plan Rows": 1, "Plan Width": 4, "Index Cond": "(id = mi.info_type_id)"}]}]}, "Unique SQL Id": 328306525, "Planner Runtime": 3}, "explain_analyze_plan": {"Plan": {"Node Type": "Aggregate", "Strategy": "Plain", "Startup Cost": 61721.76, "Total Cost": 61721.77, "Plan Rows": 1, "Plan Width": 49, "Actual Startup Time": 946.595, "Actual Total Time": 946.596, "Actual Rows": 1, "Actual Loops": 1, "Plans": [{"Node Type": "Nested Loop", "Parent Relationship": "Outer", "Join Type": "Inner", "Startup Cost": 0.0, "Total Cost": 61721.7, "Plan Rows": 24, "Plan Width": 17, "Actual Startup Time": 946.584, "Actual Total Time": 946.584, "Actual Rows": 0, "Actual Loops": 1, "Inner Unique": true, "Plans": [{"Node Type": "Nested Loop", "Parent Relationship": "Outer", "Join Type": "Inner", "Startup Cost": 0.0, "Total Cost": 61714.98, "Plan Rows": 24, "Plan Width": 21, "Actual Startup Time": 946.583, "Actual Total Time": 946.583, "Actual Rows": 0, "Actual Loops": 1, "Inner Unique": false, "Plans": [{"Node Type": "Nested Loop", "Parent Relationship": "Outer", "Join Type": "Inner", "Startup Cost": 0.0, "Total Cost": 61635.99, "Plan Rows": 32, "Plan Width": 25, "Actual Startup Time": 946.582, "Actual Total Time": 946.582, "Actual Rows": 0, "Actual Loops": 1, "Inner Unique": true, "Plans": [{"Node Type": "Nested Loop", "Parent Relationship": "Outer", "Join Type": "Inner", "Startup Cost": 0.0, "Total Cost": 61387.52, "Plan Rows": 30, "Plan Width": 4, "Actual Startup Time": 946.58, "Actual Total Time": 946.58, "Actual Rows": 0, "Actual Loops": 1, "Inner Unique": false, "Join Filter": "(ct.id = mc.company_type_id)", "Rows Removed by Join Filter": 1418, "Plans": [{"Node Type": "Seq Scan", "Parent Relationship": "Outer", "Relation Name": "company_type", "Alias": "ct", "Startup Cost": 0.0, "Total Cost": 1.04, "Plan Rows": 1, "Plan Width": 4, "Actual Startup Time": 0.025, "Actual Total Time": 0.03, "Actual Rows": 1, "Actual Loops": 1, "Filter": "((kind)::text = 'production companies'::text)", "Rows Removed by Filter": 2}, {"Node Type": "Seq Scan", "Parent Relationship": "Inner", "Relation Name": "movie_companies", "Alias": "mc", "Startup Cost": 0.0, "Total Cost": 61385.74, "Plan Rows": 59, "Plan Width": 8, "Actual Startup Time": 3.943, "Actual Total Time": 946.12, "Actual Rows": 1418, "Actual Loops": 1, "Filter": "(((note)::text ~~ '%(VHS)%'::text) AND ((note)::text ~~ '%(USA)%'::text) AND ((note)::text ~~ '%(1994)%'::text))", "Rows Removed by Filter": 2607710}]}, {"Node Type": "Index Scan", "Parent Relationship": "Inner", "Scan Direction": "Forward", "Index Name": "title_pkey", "Relation Name": "title", "Alias": "t", "Startup Cost": 0.0, "Total Cost": 8.27, "Plan Rows": 1, "Plan Width": 21, "Actual Startup Time": 0.0, "Actual Total Time": 0.0, "Index Cond": "(id = mc.movie_id)", "Rows Removed by Index Recheck": 0, "Filter": "(production_year > 2010)", "Rows Removed by Filter": 0}]}, {"Node Type": "Index Scan", "Parent Relationship": "Inner", "Scan Direction": "Forward", "Index Name": "movie_id_movie_info", "Relation Name": "movie_info", "Alias": "mi", "Startup Cost": 0.0, "Total Cost": 2.46, "Plan Rows": 1, "Plan Width": 8, "Actual Startup Time": 0.0, "Actual Total Time": 0.0, "Index Cond": "(movie_id = t.id)", "Rows Removed by Index Recheck": 0, "Filter": "((info)::text = ANY ('{USA,America}'::text[]))", "Rows Removed by Filter": 0}]}, {"Node Type": "Index Only Scan", "Parent Relationship": "Inner", "Scan Direction": "Forward", "Index Name": "info_type_pkey", "Relation Name": "info_type", "Alias": "it", "Startup Cost": 0.0, "Total Cost": 0.27, "Plan Rows": 1, "Plan Width": 4, "Actual Startup Time": 0.0, "Actual Total Time": 0.0, "Index Cond": "(id = mi.info_type_id)", "Rows Removed by Index Recheck": 0, "Heap Fetches": 0}]}]}, "Triggers": [], "Planner Runtime": 7.558, "Total Runtime": 946.851, "Unique SQL Id": 328306525}}, "(1, '57')": {"explain_plan": {"Plan": {"Node Type": "Aggregate", "Strategy": "Plain", "Startup Cost": 63248.6, "Total Cost": 63248.61, "Plan Rows": 1, "Plan Width": 49, "Plans": [{"Node Type": "Nested Loop", "Parent Relationship": "Outer", "Join Type": "Inner", "Startup Cost": 0.0, "Total Cost": 63248.54, "Plan Rows": 24, "Plan Width": 17, "Inner Unique": true, "Plans": [{"Node Type": "Nested Loop", "Parent Relationship": "Outer", "Join Type": "Inner", "Startup Cost": 0.0, "Total Cost": 63241.82, "Plan Rows": 24, "Plan Width": 21, "Inner Unique": false, "Plans": [{"Node Type": "Nested Loop", "Parent Relationship": "Outer", "Join Type": "Inner", "Startup Cost": 0.0, "Total Cost": 63162.83, "Plan Rows": 32, "Plan Width": 25, "Inner Unique": true, "Plans": [{"Node Type": "Nested Loop", "Parent Relationship": "Outer", "Join Type": "Inner", "Startup Cost": 0.0, "Total Cost": 62914.35, "Plan Rows": 30, "Plan Width": 4, "Inner Unique": false, "Plans": [{"Node Type": "Index Scan", "Parent Relationship": "Outer", "Scan Direction": "Forward", "Index Name": "company_type_pkey", "Relation Name": "company_type", "Alias": "ct", "Startup Cost": 0.0, "Total Cost": 12.3, "Plan Rows": 1, "Plan Width": 4, "Filter": "((kind)::text = 'production companies'::text)"}, {"Node Type": "Index Scan", "Parent Relationship": "Inner", "Scan Direction": "Forward", "Index Name": "company_type_id_movie_companies", "Relation Name": "movie_companies", "Alias": "mc", "Startup Cost": 0.0, "Total Cost": 62901.76, "Plan Rows": 29, "Plan Width": 8, "Index Cond": "(company_type_id = ct.id)", "Filter": "(((note)::text ~~ '%(VHS)%'::text) AND ((note)::text ~~ '%(USA)%'::text) AND ((note)::text ~~ '%(1994)%'::text))"}]}, {"Node Type": "Index Scan", "Parent Relationship": "Inner", "Scan Direction": "Forward", "Index Name": "title_pkey", "Relation Name": "title", "Alias": "t", "Startup Cost": 0.0, "Total Cost": 8.27, "Plan Rows": 1, "Plan Width": 21, "Index Cond": "(id = mc.movie_id)", "Filter": "(production_year > 2010)"}]}, {"Node Type": "Index Scan", "Parent Relationship": "Inner", "Scan Direction": "Forward", "Index Name": "movie_id_movie_info", "Relation Name": "movie_info", "Alias": "mi", "Startup Cost": 0.0, "Total Cost": 2.46, "Plan Rows": 1, "Plan Width": 8, "Index Cond": "(movie_id = t.id)", "Filter": "((info)::text = ANY ('{USA,America}'::text[]))"}]}, {"Node Type": "Index Only Scan", "Parent Relationship": "Inner", "Scan Direction": "Forward", "Index Name": "info_type_pkey", "Relation Name": "info_type", "Alias": "it", "Startup Cost": 0.0, "Total Cost": 0.27, "Plan Rows": 1, "Plan Width": 4, "Index Cond": "(id = mi.info_type_id)"}]}]}, "Unique SQL Id": 328306525, "Planner Runtime": 3}, "explain_analyze_plan": {"Plan": {"Node Type": "Aggregate", "Strategy": "Plain", "Startup Cost": 63248.6, "Total Cost": 63248.61, "Plan Rows": 1, "Plan Width": 49, "Actual Startup Time": 640.136, "Actual Total Time": 640.136, "Actual Rows": 1, "Actual Loops": 1, "Plans": [{"Node Type": "Nested Loop", "Parent Relationship": "Outer", "Join Type": "Inner", "Startup Cost": 0.0, "Total Cost": 63248.54, "Plan Rows": 24, "Plan Width": 17, "Actual Startup Time": 640.125, "Actual Total Time": 640.125, "Actual Rows": 0, "Actual Loops": 1, "Inner Unique": true, "Plans": [{"Node Type": "Nested Loop", "Parent Relationship": "Outer", "Join Type": "Inner", "Startup Cost": 0.0, "Total Cost": 63241.82, "Plan Rows": 24, "Plan Width": 21, "Actual Startup Time": 640.123, "Actual Total Time": 640.123, "Actual Rows": 0, "Actual Loops": 1, "Inner Unique": false, "Plans": [{"Node Type": "Nested Loop", "Parent Relationship": "Outer", "Join Type": "Inner", "Startup Cost": 0.0, "Total Cost": 63162.83, "Plan Rows": 32, "Plan Width": 25, "Actual Startup Time": 640.123, "Actual Total Time": 640.123, "Actual Rows": 0, "Actual Loops": 1, "Inner Unique": true, "Plans": [{"Node Type": "Nested Loop", "Parent Relationship": "Outer", "Join Type": "Inner", "Startup Cost": 0.0, "Total Cost": 62914.35, "Plan Rows": 30, "Plan Width": 4, "Actual Startup Time": 640.122, "Actual Total Time": 640.122, "Actual Rows": 0, "Actual Loops": 1, "Inner Unique": false, "Plans": [{"Node Type": "Index Scan", "Parent Relationship": "Outer", "Scan Direction": "Forward", "Index Name": "company_type_pkey", "Relation Name": "company_type", "Alias": "ct", "Startup Cost": 0.0, "Total Cost": 12.3, "Plan Rows": 1, "Plan Width": 4, "Actual Startup Time": 0.026, "Actual Total Time": 0.033, "Actual Rows": 1, "Actual Loops": 1, "Filter": "((kind)::text = 'production companies'::text)", "Rows Removed by Filter": 2}, {"Node Type": "Index Scan", "Parent Relationship": "Inner", "Scan Direction": "Forward", "Index Name": "company_type_id_movie_companies", "Relation Name": "movie_companies", "Alias": "mc", "Startup Cost": 0.0, "Total Cost": 62901.76, "Plan Rows": 29, "Plan Width": 8, "Actual Startup Time": 640.079, "Actual Total Time": 640.079, "Actual Rows": 0, "Actual Loops": 1, "Index Cond": "(company_type_id = ct.id)", "Rows Removed by Index Recheck": 0, "Filter": "(((note)::text ~~ '%(VHS)%'::text) AND ((note)::text ~~ '%(USA)%'::text) AND ((note)::text ~~ '%(1994)%'::text))", "Rows Removed by Filter": 1334883}]}, {"Node Type": "Index Scan", "Parent Relationship": "Inner", "Scan Direction": "Forward", "Index Name": "title_pkey", "Relation Name": "title", "Alias": "t", "Startup Cost": 0.0, "Total Cost": 8.27, "Plan Rows": 1, "Plan Width": 21, "Actual Startup Time": 0.0, "Actual Total Time": 0.0, "Index Cond": "(id = mc.movie_id)", "Rows Removed by Index Recheck": 0, "Filter": "(production_year > 2010)", "Rows Removed by Filter": 0}]}, {"Node Type": "Index Scan", "Parent Relationship": "Inner", "Scan Direction": "Forward", "Index Name": "movie_id_movie_info", "Relation Name": "movie_info", "Alias": "mi", "Startup Cost": 0.0, "Total Cost": 2.46, "Plan Rows": 1, "Plan Width": 8, "Actual Startup Time": 0.0, "Actual Total Time": 0.0, "Index Cond": "(movie_id = t.id)", "Rows Removed by Index Recheck": 0, "Filter": "((info)::text = ANY ('{USA,America}'::text[]))", "Rows Removed by Filter": 0}]}, {"Node Type": "Index Only Scan", "Parent Relationship": "Inner", "Scan Direction": "Forward", "Index Name": "info_type_pkey", "Relation Name": "info_type", "Alias": "it", "Startup Cost": 0.0, "Total Cost": 0.27, "Plan Rows": 1, "Plan Width": 4, "Actual Startup Time": 0.0, "Actual Total Time": 0.0, "Index Cond": "(id = mi.info_type_id)", "Rows Removed by Index Recheck": 0, "Heap Fetches": 0}]}]}, "Triggers": [], "Planner Runtime": 7.646, "Total Runtime": 640.429, "Unique SQL Id": 328306525}}, "(1, '58')": {"explain_plan": {"Plan": {"Node Type": "Aggregate", "Strategy": "Plain", "Startup Cost": 918886.2, "Total Cost": 918886.21, "Plan Rows": 1, "Plan Width": 49, "Plans": [{"Node Type": "Nested Loop", "Parent Relationship": "Outer", "Join Type": "Inner", "Startup Cost": 0.0, "Total Cost": 918886.14, "Plan Rows": 24, "Plan Width": 17, "Inner Unique": false, "Join Filter": "(mi.info_type_id = it.id)", "Plans": [{"Node Type": "Seq Scan", "Parent Relationship": "Outer", "Relation Name": "info_type", "Alias": "it", "Startup Cost": 0.0, "Total Cost": 2.12, "Plan Rows": 112, "Plan Width": 4}, {"Node Type": "Materialize", "Parent Relationship": "Inner", "Startup Cost": 0.0, "Total Cost": 918843.76, "Plan Rows": 24, "Plan Width": 21, "Plans": [{"Node Type": "Nested Loop", "Parent Relationship": "Outer", "Join Type": "Inner", "Startup Cost": 0.0, "Total Cost": 918843.64, "Plan Rows": 24, "Plan Width": 21, "Inner Unique": false, "Join Filter": "(t.id = mi.movie_id)", "Plans": [{"Node Type": "Seq Scan", "Parent Relationship": "Outer", "Relation Name": "movie_info", "Alias": "mi", "Startup Cost": 0.0, "Total Cost": 334162.58, "Plan Rows": 584897, "Plan Width": 8, "Filter": "((info)::text = ANY ('{USA,America}'::text[]))"}, {"Node Type": "Materialize", "Parent Relationship": "Inner", "Startup Cost": 0.0, "Total Cost": 303930.59, "Plan Rows": 32, "Plan Width": 25, "Plans": [{"Node Type": "Nested Loop", "Parent Relationship": "Outer", "Join Type": "Inner", "Startup Cost": 0.0, "Total Cost": 303930.43, "Plan Rows": 32, "Plan Width": 25, "Inner Unique": false, "Join Filter": "(mc.movie_id = t.id)", "Plans": [{"Node Type": "Seq Scan", "Parent Relationship": "Outer", "Relation Name": "title", "Alias": "t", "Startup Cost": 0.0, "Total Cost": 66389.89, "Plan Rows": 391451, "Plan Width": 21, "Filter": "(production_year > 2010), (LLVM Optimized)"}, {"Node Type": "Materialize", "Parent Relationship": "Inner", "Startup Cost": 0.0, "Total Cost": 61387.67, "Plan Rows": 30, "Plan Width": 4, "Plans": [{"Node Type": "Nested Loop", "Parent Relationship": "Outer", "Join Type": "Inner", "Startup Cost": 0.0, "Total Cost": 61387.52, "Plan Rows": 30, "Plan Width": 4, "Inner Unique": false, "Join Filter": "(ct.id = mc.company_type_id)", "Plans": [{"Node Type": "Seq Scan", "Parent Relationship": "Outer", "Relation Name": "company_type", "Alias": "ct", "Startup Cost": 0.0, "Total Cost": 1.04, "Plan Rows": 1, "Plan Width": 4, "Filter": "((kind)::text = 'production companies'::text)"}, {"Node Type": "Seq Scan", "Parent Relationship": "Inner", "Relation Name": "movie_companies", "Alias": "mc", "Startup Cost": 0.0, "Total Cost": 61385.74, "Plan Rows": 59, "Plan Width": 8, "Filter": "(((note)::text ~~ '%(VHS)%'::text) AND ((note)::text ~~ '%(USA)%'::text) AND ((note)::text ~~ '%(1994)%'::text))"}]}]}]}]}]}]}]}]}, "Unique SQL Id": 328306525, "Planner Runtime": 3}, "explain_analyze_plan": null}, "(1, '59')": {"explain_plan": {"Plan": {"Node Type": "Aggregate", "Strategy": "Plain", "Startup Cost": 5000130950084.58, "Total Cost": 5000130950084.59, "Plan Rows": 1, "Plan Width": 49, "Plans": [{"Node Type": "Nested Loop", "Parent Relationship": "Outer", "Join Type": "Inner", "Startup Cost": 50000000000.0, "Total Cost": 5000130950084.52, "Plan Rows": 24, "Plan Width": 17, "Inner Unique": true, "Join Filter": "(mi.info_type_id = it.id)", "Plans": [{"Node Type": "Nested Loop", "Parent Relationship": "Outer", "Join Type": "Inner", "Startup Cost": 40000000000.0, "Total Cost": 4000130949050.92, "Plan Rows": 24, "Plan Width": 21, "Inner Unique": false, "Join Filter": "(t.id = mi.movie_id)", "Plans": [{"Node Type": "Index Scan", "Parent Relationship": "Outer", "Scan Direction": "Forward", "Index Name": "info_type_id_movie_info", "Relation Name": "movie_info", "Alias": "mi", "Startup Cost": 10000000000.0, "Total Cost": 1000107401445.12, "Plan Rows": 584897, "Plan Width": 8, "Filter": "((info)::text = ANY ('{USA,America}'::text[]))"}, {"Node Type": "Materialize", "Parent Relationship": "Inner", "Startup Cost": 30000000000.0, "Total Cost": 3000023266855.32, "Plan Rows": 32, "Plan Width": 25, "Plans": [{"Node Type": "Nested Loop", "Parent Relationship": "Outer", "Join Type": "Inner", "Startup Cost": 30000000000.0, "Total Cost": 3000023266855.16, "Plan Rows": 32, "Plan Width": 25, "Inner Unique": true, "Join Filter": "(mc.company_type_id = ct.id)", "Plans": [{"Node Type": "Nested Loop", "Parent Relationship": "Outer", "Join Type": "Inner", "Startup Cost": 20000000000.0, "Total Cost": 2000023265623.95, "Plan Rows": 64, "Plan Width": 29, "Inner Unique": false, "Join Filter": "(mc.movie_id = t.id)", "Plans": [{"Node Type": "Index Scan", "Parent Relationship": "Outer", "Scan Direction": "Forward", "Index Name": "title_pkey", "Relation Name": "title", "Alias": "t", "Startup Cost": 10000000000.0, "Total Cost": 1000011644126.66, "Plan Rows": 391451, "Plan Width": 21, "Filter": "(production_year > 2010), (LLVM Optimized)"}, {"Node Type": "Materialize", "Parent Relationship": "Inner", "Startup Cost": 10000000000.0, "Total Cost": 1000011275063.29, "Plan Rows": 59, "Plan Width": 8, "Plans": [{"Node Type": "Index Scan", "Parent Relationship": "Outer", "Scan Direction": "Forward", "Index Name": "company_type_id_movie_companies", "Relation Name": "movie_companies", "Alias": "mc", "Startup Cost": 10000000000.0, "Total Cost": 1000011275063.0, "Plan Rows": 59, "Plan Width": 8, "Filter": "(((note)::text ~~ '%(VHS)%'::text) AND ((note)::text ~~ '%(USA)%'::text) AND ((note)::text ~~ '%(1994)%'::text))"}]}]}, {"Node Type": "Materialize", "Parent Relationship": "Inner", "Startup Cost": 10000000000.0, "Total Cost": 1000000001230.26, "Plan Rows": 1, "Plan Width": 4, "Plans": [{"Node Type": "Index Scan", "Parent Relationship": "Outer", "Scan Direction": "Forward", "Index Name": "company_type_pkey", "Relation Name": "company_type", "Alias": "ct", "Startup Cost": 10000000000.0, "Total Cost": 1000000001230.25, "Plan Rows": 1, "Plan Width": 4, "Filter": "((kind)::text = 'production companies'::text)"}]}]}]}]}, {"Node Type": "Materialize", "Parent Relationship": "Inner", "Startup Cost": 10000000000.0, "Total Cost": 1000000000993.56, "Plan Rows": 112, "Plan Width": 4, "Plans": [{"Node Type": "Index Only Scan", "Parent Relationship": "Outer", "Scan Direction": "Forward", "Index Name": "info_type_pkey", "Relation Name": "info_type", "Alias": "it", "Startup Cost": 10000000000.0, "Total Cost": 1000000000993.0, "Plan Rows": 112, "Plan Width": 4}]}]}]}, "Unique SQL Id": 328306525, "Planner Runtime": 3}, "explain_analyze_plan": null}, "(1, '60')": {"explain_plan": {"Plan": {"Node Type": "Aggregate", "Strategy": "Plain", "Startup Cost": 61721.76, "Total Cost": 61721.77, "Plan Rows": 1, "Plan Width": 49, "Plans": [{"Node Type": "Nested Loop", "Parent Relationship": "Outer", "Join Type": "Inner", "Startup Cost": 0.0, "Total Cost": 61721.7, "Plan Rows": 24, "Plan Width": 17, "Inner Unique": true, "Plans": [{"Node Type": "Nested Loop", "Parent Relationship": "Outer", "Join Type": "Inner", "Startup Cost": 0.0, "Total Cost": 61714.98, "Plan Rows": 24, "Plan Width": 21, "Inner Unique": false, "Plans": [{"Node Type": "Nested Loop", "Parent Relationship": "Outer", "Join Type": "Inner", "Startup Cost": 0.0, "Total Cost": 61635.99, "Plan Rows": 32, "Plan Width": 25, "Inner Unique": true, "Plans": [{"Node Type": "Nested Loop", "Parent Relationship": "Outer", "Join Type": "Inner", "Startup Cost": 0.0, "Total Cost": 61387.52, "Plan Rows": 30, "Plan Width": 4, "Inner Unique": false, "Join Filter": "(ct.id = mc.company_type_id)", "Plans": [{"Node Type": "Seq Scan", "Parent Relationship": "Outer", "Relation Name": "company_type", "Alias": "ct", "Startup Cost": 0.0, "Total Cost": 1.04, "Plan Rows": 1, "Plan Width": 4, "Filter": "((kind)::text = 'production companies'::text)"}, {"Node Type": "Seq Scan", "Parent Relationship": "Inner", "Relation Name": "movie_companies", "Alias": "mc", "Startup Cost": 0.0, "Total Cost": 61385.74, "Plan Rows": 59, "Plan Width": 8, "Filter": "(((note)::text ~~ '%(VHS)%'::text) AND ((note)::text ~~ '%(USA)%'::text) AND ((note)::text ~~ '%(1994)%'::text))"}]}, {"Node Type": "Index Scan", "Parent Relationship": "Inner", "Scan Direction": "Forward", "Index Name": "title_pkey", "Relation Name": "title", "Alias": "t", "Startup Cost": 0.0, "Total Cost": 8.27, "Plan Rows": 1, "Plan Width": 21, "Index Cond": "(id = mc.movie_id)", "Filter": "(production_year > 2010)"}]}, {"Node Type": "Index Scan", "Parent Relationship": "Inner", "Scan Direction": "Forward", "Index Name": "movie_id_movie_info", "Relation Name": "movie_info", "Alias": "mi", "Startup Cost": 0.0, "Total Cost": 2.46, "Plan Rows": 1, "Plan Width": 8, "Index Cond": "(movie_id = t.id)", "Filter": "((info)::text = ANY ('{USA,America}'::text[]))"}]}, {"Node Type": "Index Scan", "Parent Relationship": "Inner", "Scan Direction": "Forward", "Index Name": "info_type_pkey", "Relation Name": "info_type", "Alias": "it", "Startup Cost": 0.0, "Total Cost": 0.27, "Plan Rows": 1, "Plan Width": 4, "Index Cond": "(id = mi.info_type_id)"}]}]}, "Unique SQL Id": 328306525, "Planner Runtime": 3}, "explain_analyze_plan": {"Plan": {"Node Type": "Aggregate", "Strategy": "Plain", "Startup Cost": 61721.76, "Total Cost": 61721.77, "Plan Rows": 1, "Plan Width": 49, "Actual Startup Time": 987.079, "Actual Total Time": 987.08, "Actual Rows": 1, "Actual Loops": 1, "Plans": [{"Node Type": "Nested Loop", "Parent Relationship": "Outer", "Join Type": "Inner", "Startup Cost": 0.0, "Total Cost": 61721.7, "Plan Rows": 24, "Plan Width": 17, "Actual Startup Time": 987.072, "Actual Total Time": 987.072, "Actual Rows": 0, "Actual Loops": 1, "Inner Unique": true, "Plans": [{"Node Type": "Nested Loop", "Parent Relationship": "Outer", "Join Type": "Inner", "Startup Cost": 0.0, "Total Cost": 61714.98, "Plan Rows": 24, "Plan Width": 21, "Actual Startup Time": 987.071, "Actual Total Time": 987.071, "Actual Rows": 0, "Actual Loops": 1, "Inner Unique": false, "Plans": [{"Node Type": "Nested Loop", "Parent Relationship": "Outer", "Join Type": "Inner", "Startup Cost": 0.0, "Total Cost": 61635.99, "Plan Rows": 32, "Plan Width": 25, "Actual Startup Time": 987.07, "Actual Total Time": 987.07, "Actual Rows": 0, "Actual Loops": 1, "Inner Unique": true, "Plans": [{"Node Type": "Nested Loop", "Parent Relationship": "Outer", "Join Type": "Inner", "Startup Cost": 0.0, "Total Cost": 61387.52, "Plan Rows": 30, "Plan Width": 4, "Actual Startup Time": 987.068, "Actual Total Time": 987.068, "Actual Rows": 0, "Actual Loops": 1, "Inner Unique": false, "Join Filter": "(ct.id = mc.company_type_id)", "Rows Removed by Join Filter": 1418, "Plans": [{"Node Type": "Seq Scan", "Parent Relationship": "Outer", "Relation Name": "company_type", "Alias": "ct", "Startup Cost": 0.0, "Total Cost": 1.04, "Plan Rows": 1, "Plan Width": 4, "Actual Startup Time": 0.014, "Actual Total Time": 0.02, "Actual Rows": 1, "Actual Loops": 1, "Filter": "((kind)::text = 'production companies'::text)", "Rows Removed by Filter": 2}, {"Node Type": "Seq Scan", "Parent Relationship": "Inner", "Relation Name": "movie_companies", "Alias": "mc", "Startup Cost": 0.0, "Total Cost": 61385.74, "Plan Rows": 59, "Plan Width": 8, "Actual Startup Time": 4.166, "Actual Total Time": 986.623, "Actual Rows": 1418, "Actual Loops": 1, "Filter": "(((note)::text ~~ '%(VHS)%'::text) AND ((note)::text ~~ '%(USA)%'::text) AND ((note)::text ~~ '%(1994)%'::text))", "Rows Removed by Filter": 2607710}]}, {"Node Type": "Index Scan", "Parent Relationship": "Inner", "Scan Direction": "Forward", "Index Name": "title_pkey", "Relation Name": "title", "Alias": "t", "Startup Cost": 0.0, "Total Cost": 8.27, "Plan Rows": 1, "Plan Width": 21, "Actual Startup Time": 0.0, "Actual Total Time": 0.0, "Index Cond": "(id = mc.movie_id)", "Rows Removed by Index Recheck": 0, "Filter": "(production_year > 2010)", "Rows Removed by Filter": 0}]}, {"Node Type": "Index Scan", "Parent Relationship": "Inner", "Scan Direction": "Forward", "Index Name": "movie_id_movie_info", "Relation Name": "movie_info", "Alias": "mi", "Startup Cost": 0.0, "Total Cost": 2.46, "Plan Rows": 1, "Plan Width": 8, "Actual Startup Time": 0.0, "Actual Total Time": 0.0, "Index Cond": "(movie_id = t.id)", "Rows Removed by Index Recheck": 0, "Filter": "((info)::text = ANY ('{USA,America}'::text[]))", "Rows Removed by Filter": 0}]}, {"Node Type": "Index Scan", "Parent Relationship": "Inner", "Scan Direction": "Forward", "Index Name": "info_type_pkey", "Relation Name": "info_type", "Alias": "it", "Startup Cost": 0.0, "Total Cost": 0.27, "Plan Rows": 1, "Plan Width": 4, "Actual Startup Time": 0.0, "Actual Total Time": 0.0, "Index Cond": "(id = mi.info_type_id)", "Rows Removed by Index Recheck": 0}]}]}, "Triggers": [], "Planner Runtime": 7.432, "Total Runtime": 987.358, "Unique SQL Id": 328306525}}, "(1, '61')": {"explain_plan": {"Plan": {"Node Type": "Aggregate", "Strategy": "Plain", "Startup Cost": 63248.6, "Total Cost": 63248.61, "Plan Rows": 1, "Plan Width": 49, "Plans": [{"Node Type": "Nested Loop", "Parent Relationship": "Outer", "Join Type": "Inner", "Startup Cost": 0.0, "Total Cost": 63248.54, "Plan Rows": 24, "Plan Width": 17, "Inner Unique": true, "Plans": [{"Node Type": "Nested Loop", "Parent Relationship": "Outer", "Join Type": "Inner", "Startup Cost": 0.0, "Total Cost": 63241.82, "Plan Rows": 24, "Plan Width": 21, "Inner Unique": false, "Plans": [{"Node Type": "Nested Loop", "Parent Relationship": "Outer", "Join Type": "Inner", "Startup Cost": 0.0, "Total Cost": 63162.83, "Plan Rows": 32, "Plan Width": 25, "Inner Unique": true, "Plans": [{"Node Type": "Nested Loop", "Parent Relationship": "Outer", "Join Type": "Inner", "Startup Cost": 0.0, "Total Cost": 62914.35, "Plan Rows": 30, "Plan Width": 4, "Inner Unique": false, "Plans": [{"Node Type": "Index Scan", "Parent Relationship": "Outer", "Scan Direction": "Forward", "Index Name": "company_type_pkey", "Relation Name": "company_type", "Alias": "ct", "Startup Cost": 0.0, "Total Cost": 12.3, "Plan Rows": 1, "Plan Width": 4, "Filter": "((kind)::text = 'production companies'::text)"}, {"Node Type": "Index Scan", "Parent Relationship": "Inner", "Scan Direction": "Forward", "Index Name": "company_type_id_movie_companies", "Relation Name": "movie_companies", "Alias": "mc", "Startup Cost": 0.0, "Total Cost": 62901.76, "Plan Rows": 29, "Plan Width": 8, "Index Cond": "(company_type_id = ct.id)", "Filter": "(((note)::text ~~ '%(VHS)%'::text) AND ((note)::text ~~ '%(USA)%'::text) AND ((note)::text ~~ '%(1994)%'::text))"}]}, {"Node Type": "Index Scan", "Parent Relationship": "Inner", "Scan Direction": "Forward", "Index Name": "title_pkey", "Relation Name": "title", "Alias": "t", "Startup Cost": 0.0, "Total Cost": 8.27, "Plan Rows": 1, "Plan Width": 21, "Index Cond": "(id = mc.movie_id)", "Filter": "(production_year > 2010)"}]}, {"Node Type": "Index Scan", "Parent Relationship": "Inner", "Scan Direction": "Forward", "Index Name": "movie_id_movie_info", "Relation Name": "movie_info", "Alias": "mi", "Startup Cost": 0.0, "Total Cost": 2.46, "Plan Rows": 1, "Plan Width": 8, "Index Cond": "(movie_id = t.id)", "Filter": "((info)::text = ANY ('{USA,America}'::text[]))"}]}, {"Node Type": "Index Scan", "Parent Relationship": "Inner", "Scan Direction": "Forward", "Index Name": "info_type_pkey", "Relation Name": "info_type", "Alias": "it", "Startup Cost": 0.0, "Total Cost": 0.27, "Plan Rows": 1, "Plan Width": 4, "Index Cond": "(id = mi.info_type_id)"}]}]}, "Unique SQL Id": 328306525, "Planner Runtime": 3}, "explain_analyze_plan": {"Plan": {"Node Type": "Aggregate", "Strategy": "Plain", "Startup Cost": 63248.6, "Total Cost": 63248.61, "Plan Rows": 1, "Plan Width": 49, "Actual Startup Time": 742.385, "Actual Total Time": 742.386, "Actual Rows": 1, "Actual Loops": 1, "Plans": [{"Node Type": "Nested Loop", "Parent Relationship": "Outer", "Join Type": "Inner", "Startup Cost": 0.0, "Total Cost": 63248.54, "Plan Rows": 24, "Plan Width": 17, "Actual Startup Time": 742.379, "Actual Total Time": 742.379, "Actual Rows": 0, "Actual Loops": 1, "Inner Unique": true, "Plans": [{"Node Type": "Nested Loop", "Parent Relationship": "Outer", "Join Type": "Inner", "Startup Cost": 0.0, "Total Cost": 63241.82, "Plan Rows": 24, "Plan Width": 21, "Actual Startup Time": 742.378, "Actual Total Time": 742.378, "Actual Rows": 0, "Actual Loops": 1, "Inner Unique": false, "Plans": [{"Node Type": "Nested Loop", "Parent Relationship": "Outer", "Join Type": "Inner", "Startup Cost": 0.0, "Total Cost": 63162.83, "Plan Rows": 32, "Plan Width": 25, "Actual Startup Time": 742.377, "Actual Total Time": 742.377, "Actual Rows": 0, "Actual Loops": 1, "Inner Unique": true, "Plans": [{"Node Type": "Nested Loop", "Parent Relationship": "Outer", "Join Type": "Inner", "Startup Cost": 0.0, "Total Cost": 62914.35, "Plan Rows": 30, "Plan Width": 4, "Actual Startup Time": 742.375, "Actual Total Time": 742.375, "Actual Rows": 0, "Actual Loops": 1, "Inner Unique": false, "Plans": [{"Node Type": "Index Scan", "Parent Relationship": "Outer", "Scan Direction": "Forward", "Index Name": "company_type_pkey", "Relation Name": "company_type", "Alias": "ct", "Startup Cost": 0.0, "Total Cost": 12.3, "Plan Rows": 1, "Plan Width": 4, "Actual Startup Time": 0.013, "Actual Total Time": 0.023, "Actual Rows": 1, "Actual Loops": 1, "Filter": "((kind)::text = 'production companies'::text)", "Rows Removed by Filter": 2}, {"Node Type": "Index Scan", "Parent Relationship": "Inner", "Scan Direction": "Forward", "Index Name": "company_type_id_movie_companies", "Relation Name": "movie_companies", "Alias": "mc", "Startup Cost": 0.0, "Total Cost": 62901.76, "Plan Rows": 29, "Plan Width": 8, "Actual Startup Time": 742.345, "Actual Total Time": 742.345, "Actual Rows": 0, "Actual Loops": 1, "Index Cond": "(company_type_id = ct.id)", "Rows Removed by Index Recheck": 0, "Filter": "(((note)::text ~~ '%(VHS)%'::text) AND ((note)::text ~~ '%(USA)%'::text) AND ((note)::text ~~ '%(1994)%'::text))", "Rows Removed by Filter": 1334883}]}, {"Node Type": "Index Scan", "Parent Relationship": "Inner", "Scan Direction": "Forward", "Index Name": "title_pkey", "Relation Name": "title", "Alias": "t", "Startup Cost": 0.0, "Total Cost": 8.27, "Plan Rows": 1, "Plan Width": 21, "Actual Startup Time": 0.0, "Actual Total Time": 0.0, "Index Cond": "(id = mc.movie_id)", "Rows Removed by Index Recheck": 0, "Filter": "(production_year > 2010)", "Rows Removed by Filter": 0}]}, {"Node Type": "Index Scan", "Parent Relationship": "Inner", "Scan Direction": "Forward", "Index Name": "movie_id_movie_info", "Relation Name": "movie_info", "Alias": "mi", "Startup Cost": 0.0, "Total Cost": 2.46, "Plan Rows": 1, "Plan Width": 8, "Actual Startup Time": 0.0, "Actual Total Time": 0.0, "Index Cond": "(movie_id = t.id)", "Rows Removed by Index Recheck": 0, "Filter": "((info)::text = ANY ('{USA,America}'::text[]))", "Rows Removed by Filter": 0}]}, {"Node Type": "Index Scan", "Parent Relationship": "Inner", "Scan Direction": "Forward", "Index Name": "info_type_pkey", "Relation Name": "info_type", "Alias": "it", "Startup Cost": 0.0, "Total Cost": 0.27, "Plan Rows": 1, "Plan Width": 4, "Actual Startup Time": 0.0, "Actual Total Time": 0.0, "Index Cond": "(id = mi.info_type_id)", "Rows Removed by Index Recheck": 0}]}]}, "Triggers": [], "Planner Runtime": 7.216, "Total Runtime": 742.642, "Unique SQL Id": 328306525}}, "(1, '62')": {"explain_plan": {"Plan": {"Node Type": "Aggregate", "Strategy": "Plain", "Startup Cost": 918886.2, "Total Cost": 918886.21, "Plan Rows": 1, "Plan Width": 49, "Plans": [{"Node Type": "Nested Loop", "Parent Relationship": "Outer", "Join Type": "Inner", "Startup Cost": 0.0, "Total Cost": 918886.14, "Plan Rows": 24, "Plan Width": 17, "Inner Unique": false, "Join Filter": "(mi.info_type_id = it.id)", "Plans": [{"Node Type": "Seq Scan", "Parent Relationship": "Outer", "Relation Name": "info_type", "Alias": "it", "Startup Cost": 0.0, "Total Cost": 2.12, "Plan Rows": 112, "Plan Width": 4}, {"Node Type": "Materialize", "Parent Relationship": "Inner", "Startup Cost": 0.0, "Total Cost": 918843.76, "Plan Rows": 24, "Plan Width": 21, "Plans": [{"Node Type": "Nested Loop", "Parent Relationship": "Outer", "Join Type": "Inner", "Startup Cost": 0.0, "Total Cost": 918843.64, "Plan Rows": 24, "Plan Width": 21, "Inner Unique": false, "Join Filter": "(t.id = mi.movie_id)", "Plans": [{"Node Type": "Seq Scan", "Parent Relationship": "Outer", "Relation Name": "movie_info", "Alias": "mi", "Startup Cost": 0.0, "Total Cost": 334162.58, "Plan Rows": 584897, "Plan Width": 8, "Filter": "((info)::text = ANY ('{USA,America}'::text[]))"}, {"Node Type": "Materialize", "Parent Relationship": "Inner", "Startup Cost": 0.0, "Total Cost": 303930.59, "Plan Rows": 32, "Plan Width": 25, "Plans": [{"Node Type": "Nested Loop", "Parent Relationship": "Outer", "Join Type": "Inner", "Startup Cost": 0.0, "Total Cost": 303930.43, "Plan Rows": 32, "Plan Width": 25, "Inner Unique": false, "Join Filter": "(mc.movie_id = t.id)", "Plans": [{"Node Type": "Seq Scan", "Parent Relationship": "Outer", "Relation Name": "title", "Alias": "t", "Startup Cost": 0.0, "Total Cost": 66389.89, "Plan Rows": 391451, "Plan Width": 21, "Filter": "(production_year > 2010), (LLVM Optimized)"}, {"Node Type": "Materialize", "Parent Relationship": "Inner", "Startup Cost": 0.0, "Total Cost": 61387.67, "Plan Rows": 30, "Plan Width": 4, "Plans": [{"Node Type": "Nested Loop", "Parent Relationship": "Outer", "Join Type": "Inner", "Startup Cost": 0.0, "Total Cost": 61387.52, "Plan Rows": 30, "Plan Width": 4, "Inner Unique": false, "Join Filter": "(ct.id = mc.company_type_id)", "Plans": [{"Node Type": "Seq Scan", "Parent Relationship": "Outer", "Relation Name": "company_type", "Alias": "ct", "Startup Cost": 0.0, "Total Cost": 1.04, "Plan Rows": 1, "Plan Width": 4, "Filter": "((kind)::text = 'production companies'::text)"}, {"Node Type": "Seq Scan", "Parent Relationship": "Inner", "Relation Name": "movie_companies", "Alias": "mc", "Startup Cost": 0.0, "Total Cost": 61385.74, "Plan Rows": 59, "Plan Width": 8, "Filter": "(((note)::text ~~ '%(VHS)%'::text) AND ((note)::text ~~ '%(USA)%'::text) AND ((note)::text ~~ '%(1994)%'::text))"}]}]}]}]}]}]}]}]}, "Unique SQL Id": 328306525, "Planner Runtime": 3}, "explain_analyze_plan": null}, "(1, '63')": {"explain_plan": {"Plan": {"Node Type": "Aggregate", "Strategy": "Plain", "Startup Cost": 5000130950484.58, "Total Cost": 5000130950484.59, "Plan Rows": 1, "Plan Width": 49, "Plans": [{"Node Type": "Nested Loop", "Parent Relationship": "Outer", "Join Type": "Inner", "Startup Cost": 50000000000.0, "Total Cost": 5000130950484.52, "Plan Rows": 24, "Plan Width": 17, "Inner Unique": true, "Join Filter": "(mi.info_type_id = it.id)", "Plans": [{"Node Type": "Nested Loop", "Parent Relationship": "Outer", "Join Type": "Inner", "Startup Cost": 40000000000.0, "Total Cost": 4000130949050.92, "Plan Rows": 24, "Plan Width": 21, "Inner Unique": false, "Join Filter": "(t.id = mi.movie_id)", "Plans": [{"Node Type": "Index Scan", "Parent Relationship": "Outer", "Scan Direction": "Forward", "Index Name": "info_type_id_movie_info", "Relation Name": "movie_info", "Alias": "mi", "Startup Cost": 10000000000.0, "Total Cost": 1000107401445.12, "Plan Rows": 584897, "Plan Width": 8, "Filter": "((info)::text = ANY ('{USA,America}'::text[]))"}, {"Node Type": "Materialize", "Parent Relationship": "Inner", "Startup Cost": 30000000000.0, "Total Cost": 3000023266855.32, "Plan Rows": 32, "Plan Width": 25, "Plans": [{"Node Type": "Nested Loop", "Parent Relationship": "Outer", "Join Type": "Inner", "Startup Cost": 30000000000.0, "Total Cost": 3000023266855.16, "Plan Rows": 32, "Plan Width": 25, "Inner Unique": true, "Join Filter": "(mc.company_type_id = ct.id)", "Plans": [{"Node Type": "Nested Loop", "Parent Relationship": "Outer", "Join Type": "Inner", "Startup Cost": 20000000000.0, "Total Cost": 2000023265623.95, "Plan Rows": 64, "Plan Width": 29, "Inner Unique": false, "Join Filter": "(mc.movie_id = t.id)", "Plans": [{"Node Type": "Index Scan", "Parent Relationship": "Outer", "Scan Direction": "Forward", "Index Name": "title_pkey", "Relation Name": "title", "Alias": "t", "Startup Cost": 10000000000.0, "Total Cost": 1000011644126.66, "Plan Rows": 391451, "Plan Width": 21, "Filter": "(production_year > 2010), (LLVM Optimized)"}, {"Node Type": "Materialize", "Parent Relationship": "Inner", "Startup Cost": 10000000000.0, "Total Cost": 1000011275063.29, "Plan Rows": 59, "Plan Width": 8, "Plans": [{"Node Type": "Index Scan", "Parent Relationship": "Outer", "Scan Direction": "Forward", "Index Name": "company_type_id_movie_companies", "Relation Name": "movie_companies", "Alias": "mc", "Startup Cost": 10000000000.0, "Total Cost": 1000011275063.0, "Plan Rows": 59, "Plan Width": 8, "Filter": "(((note)::text ~~ '%(VHS)%'::text) AND ((note)::text ~~ '%(USA)%'::text) AND ((note)::text ~~ '%(1994)%'::text))"}]}]}, {"Node Type": "Materialize", "Parent Relationship": "Inner", "Startup Cost": 10000000000.0, "Total Cost": 1000000001230.26, "Plan Rows": 1, "Plan Width": 4, "Plans": [{"Node Type": "Index Scan", "Parent Relationship": "Outer", "Scan Direction": "Forward", "Index Name": "company_type_pkey", "Relation Name": "company_type", "Alias": "ct", "Startup Cost": 10000000000.0, "Total Cost": 1000000001230.25, "Plan Rows": 1, "Plan Width": 4, "Filter": "((kind)::text = 'production companies'::text)"}]}]}]}]}, {"Node Type": "Materialize", "Parent Relationship": "Inner", "Startup Cost": 10000000000.0, "Total Cost": 1000000001393.56, "Plan Rows": 112, "Plan Width": 4, "Plans": [{"Node Type": "Index Scan", "Parent Relationship": "Outer", "Scan Direction": "Forward", "Index Name": "info_type_pkey", "Relation Name": "info_type", "Alias": "it", "Startup Cost": 10000000000.0, "Total Cost": 1000000001393.0, "Plan Rows": 112, "Plan Width": 4}]}]}]}, "Unique SQL Id": 328306525, "Planner Runtime": 3}, "explain_analyze_plan": null}, "(1, '64')": {"explain_plan": {"Plan": {"Node Type": "Aggregate", "Strategy": "Plain", "Startup Cost": 61748.65, "Total Cost": 61748.66, "Plan Rows": 1, "Plan Width": 49, "Plans": [{"Node Type": "Nested Loop", "Parent Relationship": "Outer", "Join Type": "Inner", "Startup Cost": 0.0, "Total Cost": 61748.59, "Plan Rows": 24, "Plan Width": 17, "Inner Unique": true, "Plans": [{"Node Type": "Nested Loop", "Parent Relationship": "Outer", "Join Type": "Inner", "Startup Cost": 0.0, "Total Cost": 61741.87, "Plan Rows": 24, "Plan Width": 21, "Inner Unique": false, "Plans": [{"Node Type": "Nested Loop", "Parent Relationship": "Outer", "Join Type": "Inner", "Startup Cost": 0.0, "Total Cost": 61662.88, "Plan Rows": 32, "Plan Width": 25, "Inner Unique": true, "Plans": [{"Node Type": "Nested Loop", "Parent Relationship": "Outer", "Join Type": "Inner", "Startup Cost": 0.0, "Total Cost": 61414.41, "Plan Rows": 30, "Plan Width": 4, "Inner Unique": true, "Plans": [{"Node Type": "Seq Scan", "Parent Relationship": "Outer", "Relation Name": "movie_companies", "Alias": "mc", "Startup Cost": 0.0, "Total Cost": 61385.74, "Plan Rows": 59, "Plan Width": 8, "Filter": "(((note)::text ~~ '%(VHS)%'::text) AND ((note)::text ~~ '%(USA)%'::text) AND ((note)::text ~~ '%(1994)%'::text))"}, {"Node Type": "Index Scan", "Parent Relationship": "Inner", "Scan Direction": "Forward", "Index Name": "company_type_pkey", "Relation Name": "company_type", "Alias": "ct", "Startup Cost": 0.0, "Total Cost": 0.48, "Plan Rows": 1, "Plan Width": 4, "Index Cond": "(id = mc.company_type_id)", "Filter": "((kind)::text = 'production companies'::text)"}]}, {"Node Type": "Index Scan", "Parent Relationship": "Inner", "Scan Direction": "Forward", "Index Name": "title_pkey", "Relation Name": "title", "Alias": "t", "Startup Cost": 0.0, "Total Cost": 8.27, "Plan Rows": 1, "Plan Width": 21, "Index Cond": "(id = mc.movie_id)", "Filter": "(production_year > 2010)"}]}, {"Node Type": "Index Scan", "Parent Relationship": "Inner", "Scan Direction": "Forward", "Index Name": "movie_id_movie_info", "Relation Name": "movie_info", "Alias": "mi", "Startup Cost": 0.0, "Total Cost": 2.46, "Plan Rows": 1, "Plan Width": 8, "Index Cond": "(movie_id = t.id)", "Filter": "((info)::text = ANY ('{USA,America}'::text[]))"}]}, {"Node Type": "Index Only Scan", "Parent Relationship": "Inner", "Scan Direction": "Forward", "Index Name": "info_type_pkey", "Relation Name": "info_type", "Alias": "it", "Startup Cost": 0.0, "Total Cost": 0.27, "Plan Rows": 1, "Plan Width": 4, "Index Cond": "(id = mi.info_type_id)"}]}]}, "Unique SQL Id": 328306525, "Planner Runtime": 7}, "explain_analyze_plan": {"Plan": {"Node Type": "Aggregate", "Strategy": "Plain", "Startup Cost": 61748.65, "Total Cost": 61748.66, "Plan Rows": 1, "Plan Width": 49, "Actual Startup Time": 946.929, "Actual Total Time": 946.929, "Actual Rows": 1, "Actual Loops": 1, "Plans": [{"Node Type": "Nested Loop", "Parent Relationship": "Outer", "Join Type": "Inner", "Startup Cost": 0.0, "Total Cost": 61748.59, "Plan Rows": 24, "Plan Width": 17, "Actual Startup Time": 946.921, "Actual Total Time": 946.921, "Actual Rows": 0, "Actual Loops": 1, "Inner Unique": true, "Plans": [{"Node Type": "Nested Loop", "Parent Relationship": "Outer", "Join Type": "Inner", "Startup Cost": 0.0, "Total Cost": 61741.87, "Plan Rows": 24, "Plan Width": 21, "Actual Startup Time": 946.918, "Actual Total Time": 946.918, "Actual Rows": 0, "Actual Loops": 1, "Inner Unique": false, "Plans": [{"Node Type": "Nested Loop", "Parent Relationship": "Outer", "Join Type": "Inner", "Startup Cost": 0.0, "Total Cost": 61662.88, "Plan Rows": 32, "Plan Width": 25, "Actual Startup Time": 946.917, "Actual Total Time": 946.917, "Actual Rows": 0, "Actual Loops": 1, "Inner Unique": true, "Plans": [{"Node Type": "Nested Loop", "Parent Relationship": "Outer", "Join Type": "Inner", "Startup Cost": 0.0, "Total Cost": 61414.41, "Plan Rows": 30, "Plan Width": 4, "Actual Startup Time": 946.916, "Actual Total Time": 946.916, "Actual Rows": 0, "Actual Loops": 1, "Inner Unique": true, "Plans": [{"Node Type": "Seq Scan", "Parent Relationship": "Outer", "Relation Name": "movie_companies", "Alias": "mc", "Startup Cost": 0.0, "Total Cost": 61385.74, "Plan Rows": 59, "Plan Width": 8, "Actual Startup Time": 3.922, "Actual Total Time": 944.829, "Actual Rows": 1418, "Actual Loops": 1, "Filter": "(((note)::text ~~ '%(VHS)%'::text) AND ((note)::text ~~ '%(USA)%'::text) AND ((note)::text ~~ '%(1994)%'::text))", "Rows Removed by Filter": 2607710}, {"Node Type": "Index Scan", "Parent Relationship": "Inner", "Scan Direction": "Forward", "Index Name": "company_type_pkey", "Relation Name": "company_type", "Alias": "ct", "Startup Cost": 0.0, "Total Cost": 0.48, "Plan Rows": 1, "Plan Width": 4, "Actual Startup Time": 1.197, "Actual Total Time": 1.197, "Actual Rows": 0, "Actual Loops": 1418, "Index Cond": "(id = mc.company_type_id)", "Rows Removed by Index Recheck": 0, "Filter": "((kind)::text = 'production companies'::text)", "Rows Removed by Filter": 0}]}, {"Node Type": "Index Scan", "Parent Relationship": "Inner", "Scan Direction": "Forward", "Index Name": "title_pkey", "Relation Name": "title", "Alias": "t", "Startup Cost": 0.0, "Total Cost": 8.27, "Plan Rows": 1, "Plan Width": 21, "Actual Startup Time": 0.0, "Actual Total Time": 0.0, "Index Cond": "(id = mc.movie_id)", "Rows Removed by Index Recheck": 0, "Filter": "(production_year > 2010)", "Rows Removed by Filter": 0}]}, {"Node Type": "Index Scan", "Parent Relationship": "Inner", "Scan Direction": "Forward", "Index Name": "movie_id_movie_info", "Relation Name": "movie_info", "Alias": "mi", "Startup Cost": 0.0, "Total Cost": 2.46, "Plan Rows": 1, "Plan Width": 8, "Actual Startup Time": 0.0, "Actual Total Time": 0.0, "Index Cond": "(movie_id = t.id)", "Rows Removed by Index Recheck": 0, "Filter": "((info)::text = ANY ('{USA,America}'::text[]))", "Rows Removed by Filter": 0}]}, {"Node Type": "Index Only Scan", "Parent Relationship": "Inner", "Scan Direction": "Forward", "Index Name": "info_type_pkey", "Relation Name": "info_type", "Alias": "it", "Startup Cost": 0.0, "Total Cost": 0.27, "Plan Rows": 1, "Plan Width": 4, "Actual Startup Time": 0.0, "Actual Total Time": 0.0, "Index Cond": "(id = mi.info_type_id)", "Rows Removed by Index Recheck": 0, "Heap Fetches": 0}]}]}, "Triggers": [], "Planner Runtime": 7.384, "Total Runtime": 947.266, "Unique SQL Id": 328306525}}, "(1, '65')": {"explain_plan": {"Plan": {"Node Type": "Aggregate", "Strategy": "Plain", "Startup Cost": 63248.6, "Total Cost": 63248.61, "Plan Rows": 1, "Plan Width": 49, "Plans": [{"Node Type": "Nested Loop", "Parent Relationship": "Outer", "Join Type": "Inner", "Startup Cost": 0.0, "Total Cost": 63248.54, "Plan Rows": 24, "Plan Width": 17, "Inner Unique": true, "Plans": [{"Node Type": "Nested Loop", "Parent Relationship": "Outer", "Join Type": "Inner", "Startup Cost": 0.0, "Total Cost": 63241.82, "Plan Rows": 24, "Plan Width": 21, "Inner Unique": false, "Plans": [{"Node Type": "Nested Loop", "Parent Relationship": "Outer", "Join Type": "Inner", "Startup Cost": 0.0, "Total Cost": 63162.83, "Plan Rows": 32, "Plan Width": 25, "Inner Unique": true, "Plans": [{"Node Type": "Nested Loop", "Parent Relationship": "Outer", "Join Type": "Inner", "Startup Cost": 0.0, "Total Cost": 62914.35, "Plan Rows": 30, "Plan Width": 4, "Inner Unique": false, "Plans": [{"Node Type": "Index Scan", "Parent Relationship": "Outer", "Scan Direction": "Forward", "Index Name": "company_type_pkey", "Relation Name": "company_type", "Alias": "ct", "Startup Cost": 0.0, "Total Cost": 12.3, "Plan Rows": 1, "Plan Width": 4, "Filter": "((kind)::text = 'production companies'::text)"}, {"Node Type": "Index Scan", "Parent Relationship": "Inner", "Scan Direction": "Forward", "Index Name": "company_type_id_movie_companies", "Relation Name": "movie_companies", "Alias": "mc", "Startup Cost": 0.0, "Total Cost": 62901.76, "Plan Rows": 29, "Plan Width": 8, "Index Cond": "(company_type_id = ct.id)", "Filter": "(((note)::text ~~ '%(VHS)%'::text) AND ((note)::text ~~ '%(USA)%'::text) AND ((note)::text ~~ '%(1994)%'::text))"}]}, {"Node Type": "Index Scan", "Parent Relationship": "Inner", "Scan Direction": "Forward", "Index Name": "title_pkey", "Relation Name": "title", "Alias": "t", "Startup Cost": 0.0, "Total Cost": 8.27, "Plan Rows": 1, "Plan Width": 21, "Index Cond": "(id = mc.movie_id)", "Filter": "(production_year > 2010)"}]}, {"Node Type": "Index Scan", "Parent Relationship": "Inner", "Scan Direction": "Forward", "Index Name": "movie_id_movie_info", "Relation Name": "movie_info", "Alias": "mi", "Startup Cost": 0.0, "Total Cost": 2.46, "Plan Rows": 1, "Plan Width": 8, "Index Cond": "(movie_id = t.id)", "Filter": "((info)::text = ANY ('{USA,America}'::text[]))"}]}, {"Node Type": "Index Only Scan", "Parent Relationship": "Inner", "Scan Direction": "Forward", "Index Name": "info_type_pkey", "Relation Name": "info_type", "Alias": "it", "Startup Cost": 0.0, "Total Cost": 0.27, "Plan Rows": 1, "Plan Width": 4, "Index Cond": "(id = mi.info_type_id)"}]}]}, "Unique SQL Id": 328306525, "Planner Runtime": 7}, "explain_analyze_plan": {"Plan": {"Node Type": "Aggregate", "Strategy": "Plain", "Startup Cost": 63248.6, "Total Cost": 63248.61, "Plan Rows": 1, "Plan Width": 49, "Actual Startup Time": 640.136, "Actual Total Time": 640.136, "Actual Rows": 1, "Actual Loops": 1, "Plans": [{"Node Type": "Nested Loop", "Parent Relationship": "Outer", "Join Type": "Inner", "Startup Cost": 0.0, "Total Cost": 63248.54, "Plan Rows": 24, "Plan Width": 17, "Actual Startup Time": 640.125, "Actual Total Time": 640.125, "Actual Rows": 0, "Actual Loops": 1, "Inner Unique": true, "Plans": [{"Node Type": "Nested Loop", "Parent Relationship": "Outer", "Join Type": "Inner", "Startup Cost": 0.0, "Total Cost": 63241.82, "Plan Rows": 24, "Plan Width": 21, "Actual Startup Time": 640.123, "Actual Total Time": 640.123, "Actual Rows": 0, "Actual Loops": 1, "Inner Unique": false, "Plans": [{"Node Type": "Nested Loop", "Parent Relationship": "Outer", "Join Type": "Inner", "Startup Cost": 0.0, "Total Cost": 63162.83, "Plan Rows": 32, "Plan Width": 25, "Actual Startup Time": 640.123, "Actual Total Time": 640.123, "Actual Rows": 0, "Actual Loops": 1, "Inner Unique": true, "Plans": [{"Node Type": "Nested Loop", "Parent Relationship": "Outer", "Join Type": "Inner", "Startup Cost": 0.0, "Total Cost": 62914.35, "Plan Rows": 30, "Plan Width": 4, "Actual Startup Time": 640.122, "Actual Total Time": 640.122, "Actual Rows": 0, "Actual Loops": 1, "Inner Unique": false, "Plans": [{"Node Type": "Index Scan", "Parent Relationship": "Outer", "Scan Direction": "Forward", "Index Name": "company_type_pkey", "Relation Name": "company_type", "Alias": "ct", "Startup Cost": 0.0, "Total Cost": 12.3, "Plan Rows": 1, "Plan Width": 4, "Actual Startup Time": 0.026, "Actual Total Time": 0.033, "Actual Rows": 1, "Actual Loops": 1, "Filter": "((kind)::text = 'production companies'::text)", "Rows Removed by Filter": 2}, {"Node Type": "Index Scan", "Parent Relationship": "Inner", "Scan Direction": "Forward", "Index Name": "company_type_id_movie_companies", "Relation Name": "movie_companies", "Alias": "mc", "Startup Cost": 0.0, "Total Cost": 62901.76, "Plan Rows": 29, "Plan Width": 8, "Actual Startup Time": 640.079, "Actual Total Time": 640.079, "Actual Rows": 0, "Actual Loops": 1, "Index Cond": "(company_type_id = ct.id)", "Rows Removed by Index Recheck": 0, "Filter": "(((note)::text ~~ '%(VHS)%'::text) AND ((note)::text ~~ '%(USA)%'::text) AND ((note)::text ~~ '%(1994)%'::text))", "Rows Removed by Filter": 1334883}]}, {"Node Type": "Index Scan", "Parent Relationship": "Inner", "Scan Direction": "Forward", "Index Name": "title_pkey", "Relation Name": "title", "Alias": "t", "Startup Cost": 0.0, "Total Cost": 8.27, "Plan Rows": 1, "Plan Width": 21, "Actual Startup Time": 0.0, "Actual Total Time": 0.0, "Index Cond": "(id = mc.movie_id)", "Rows Removed by Index Recheck": 0, "Filter": "(production_year > 2010)", "Rows Removed by Filter": 0}]}, {"Node Type": "Index Scan", "Parent Relationship": "Inner", "Scan Direction": "Forward", "Index Name": "movie_id_movie_info", "Relation Name": "movie_info", "Alias": "mi", "Startup Cost": 0.0, "Total Cost": 2.46, "Plan Rows": 1, "Plan Width": 8, "Actual Startup Time": 0.0, "Actual Total Time": 0.0, "Index Cond": "(movie_id = t.id)", "Rows Removed by Index Recheck": 0, "Filter": "((info)::text = ANY ('{USA,America}'::text[]))", "Rows Removed by Filter": 0}]}, {"Node Type": "Index Only Scan", "Parent Relationship": "Inner", "Scan Direction": "Forward", "Index Name": "info_type_pkey", "Relation Name": "info_type", "Alias": "it", "Startup Cost": 0.0, "Total Cost": 0.27, "Plan Rows": 1, "Plan Width": 4, "Actual Startup Time": 0.0, "Actual Total Time": 0.0, "Index Cond": "(id = mi.info_type_id)", "Rows Removed by Index Recheck": 0, "Heap Fetches": 0}]}]}, "Triggers": [], "Planner Runtime": 7.646, "Total Runtime": 640.429, "Unique SQL Id": 328306525}}, "(1, '66')": {"explain_plan": {"Plan": {"Node Type": "Aggregate", "Strategy": "Plain", "Startup Cost": 62362.01, "Total Cost": 62362.02, "Plan Rows": 1, "Plan Width": 49, "Plans": [{"Node Type": "Nested Loop", "Parent Relationship": "Outer", "Join Type": "Inner", "Startup Cost": 5.92, "Total Cost": 62361.95, "Plan Rows": 24, "Plan Width": 17, "Inner Unique": true, "Plans": [{"Node Type": "Nested Loop", "Parent Relationship": "Outer", "Join Type": "Inner", "Startup Cost": 5.66, "Total Cost": 62259.23, "Plan Rows": 24, "Plan Width": 21, "Inner Unique": true, "Plans": [{"Node Type": "Nested Loop", "Parent Relationship": "Outer", "Join Type": "Inner", "Startup Cost": 5.34, "Total Cost": 62115.81, "Plan Rows": 33, "Plan Width": 12, "Inner Unique": false, "Plans": [{"Node Type": "Hash Join", "Parent Relationship": "Outer", "Join Type": "Inner", "Startup Cost": 1.05, "Total Cost": 61387.24, "Plan Rows": 30, "Plan Width": 4, "Inner Unique": true, "Hash Cond": "(mc.company_type_id = ct.id)", "Plans": [{"Node Type": "Seq Scan", "Parent Relationship": "Outer", "Relation Name": "movie_companies", "Alias": "mc", "Startup Cost": 0.0, "Total Cost": 61385.74, "Plan Rows": 59, "Plan Width": 8, "Filter": "(((note)::text ~~ '%(VHS)%'::text) AND ((note)::text ~~ '%(USA)%'::text) AND ((note)::text ~~ '%(1994)%'::text))"}, {"Node Type": "Hash", "Parent Relationship": "Inner", "Startup Cost": 1.04, "Total Cost": 1.04, "Plan Rows": 1, "Plan Width": 4, "Plans": [{"Node Type": "Seq Scan", "Parent Relationship": "Outer", "Relation Name": "company_type", "Alias": "ct", "Startup Cost": 0.0, "Total Cost": 1.04, "Plan Rows": 1, "Plan Width": 4, "Filter": "((kind)::text = 'production companies'::text)"}]}]}, {"Node Type": "Bitmap Heap Scan", "Parent Relationship": "Inner", "Relation Name": "movie_info", "Alias": "mi", "Startup Cost": 4.29, "Total Cost": 24.28, "Plan Rows": 1, "Plan Width": 8, "Recheck Cond": "(movie_id = mc.movie_id)", "Filter": "((info)::text = ANY ('{USA,America}'::text[]))", "Plans": [{"Node Type": "Bitmap Index Scan", "Parent Relationship": "Outer", "Index Name": "movie_id_movie_info", "Startup Cost": 0.0, "Total Cost": 4.29, "Plan Rows": 5, "Plan Width": 0, "Index Cond": "(movie_id = mc.movie_id)"}]}]}, {"Node Type": "Bitmap Heap Scan", "Parent Relationship": "Inner", "Relation Name": "title", "Alias": "t", "Startup Cost": 0.32, "Total Cost": 4.34, "Plan Rows": 1, "Plan Width": 21, "Recheck Cond": "(id = mi.movie_id)", "Filter": "(production_year > 2010)", "Plans": [{"Node Type": "Bitmap Index Scan", "Parent Relationship": "Outer", "Index Name": "title_pkey", "Startup Cost": 0.0, "Total Cost": 0.32, "Plan Rows": 1, "Plan Width": 0, "Index Cond": "(id = mi.movie_id)"}]}]}, {"Node Type": "Bitmap Heap Scan", "Parent Relationship": "Inner", "Relation Name": "info_type", "Alias": "it", "Startup Cost": 0.26, "Total Cost": 4.27, "Plan Rows": 1, "Plan Width": 4, "Recheck Cond": "(id = mi.info_type_id)", "Plans": [{"Node Type": "Bitmap Index Scan", "Parent Relationship": "Outer", "Index Name": "info_type_pkey", "Startup Cost": 0.0, "Total Cost": 0.26, "Plan Rows": 1, "Plan Width": 0, "Index Cond": "(id = mi.info_type_id)"}]}]}]}, "Unique SQL Id": 328306525, "Planner Runtime": 6}, "explain_analyze_plan": {"Plan": {"Node Type": "Aggregate", "Strategy": "Plain", "Startup Cost": 62362.01, "Total Cost": 62362.02, "Plan Rows": 1, "Plan Width": 49, "Actual Startup Time": 943.188, "Actual Total Time": 943.189, "Actual Rows": 1, "Actual Loops": 1, "Plans": [{"Node Type": "Nested Loop", "Parent Relationship": "Outer", "Join Type": "Inner", "Startup Cost": 5.92, "Total Cost": 62361.95, "Plan Rows": 24, "Plan Width": 17, "Actual Startup Time": 943.179, "Actual Total Time": 943.179, "Actual Rows": 0, "Actual Loops": 1, "Inner Unique": true, "Plans": [{"Node Type": "Nested Loop", "Parent Relationship": "Outer", "Join Type": "Inner", "Startup Cost": 5.66, "Total Cost": 62259.23, "Plan Rows": 24, "Plan Width": 21, "Actual Startup Time": 943.178, "Actual Total Time": 943.178, "Actual Rows": 0, "Actual Loops": 1, "Inner Unique": true, "Plans": [{"Node Type": "Nested Loop", "Parent Relationship": "Outer", "Join Type": "Inner", "Startup Cost": 5.34, "Total Cost": 62115.81, "Plan Rows": 33, "Plan Width": 12, "Actual Startup Time": 943.176, "Actual Total Time": 943.176, "Actual Rows": 0, "Actual Loops": 1, "Inner Unique": false, "Plans": [{"Node Type": "Hash Join", "Parent Relationship": "Outer", "Join Type": "Inner", "Startup Cost": 1.05, "Total Cost": 61387.24, "Plan Rows": 30, "Plan Width": 4, "Actual Startup Time": 943.123, "Actual Total Time": 943.123, "Actual Rows": 0, "Actual Loops": 1, "Inner Unique": true, "Hash Cond": "(mc.company_type_id = ct.id)", "Plans": [{"Node Type": "Seq Scan", "Parent Relationship": "Outer", "Relation Name": "movie_companies", "Alias": "mc", "Startup Cost": 0.0, "Total Cost": 61385.74, "Plan Rows": 59, "Plan Width": 8, "Actual Startup Time": 3.908, "Actual Total Time": 942.66, "Actual Rows": 1418, "Actual Loops": 1, "Filter": "(((note)::text ~~ '%(VHS)%'::text) AND ((note)::text ~~ '%(USA)%'::text) AND ((note)::text ~~ '%(1994)%'::text))", "Rows Removed by Filter": 2607710}, {"Node Type": "Hash", "Parent Relationship": "Inner", "Startup Cost": 1.04, "Total Cost": 1.04, "Plan Rows": 1, "Plan Width": 4, "Actual Startup Time": 0.033, "Actual Total Time": 0.033, "Actual Rows": 1, "Actual Loops": 1, "Hash Buckets": 32768, "Hash Batches": 1, "Original Hash Batches": 1, "Peak Memory Usage": 1, "Plans": [{"Node Type": "Seq Scan", "Parent Relationship": "Outer", "Relation Name": "company_type", "Alias": "ct", "Startup Cost": 0.0, "Total Cost": 1.04, "Plan Rows": 1, "Plan Width": 4, "Actual Startup Time": 0.012, "Actual Total Time": 0.013, "Actual Rows": 1, "Actual Loops": 1, "Filter": "((kind)::text = 'production companies'::text)", "Rows Removed by Filter": 2}]}]}, {"Node Type": "Bitmap Heap Scan", "Parent Relationship": "Inner", "Relation Name": "movie_info", "Alias": "mi", "Startup Cost": 4.29, "Total Cost": 24.28, "Plan Rows": 1, "Plan Width": 8, "Actual Startup Time": 0.0, "Actual Total Time": 0.0, "Recheck Cond": "(movie_id = mc.movie_id)", "Rows Removed by Index Recheck": 0, "Filter": "((info)::text = ANY ('{USA,America}'::text[]))", "Rows Removed by Filter": 0, "Exact Heap Blocks": 0, "Lossy Heap Blocks": 0, "Plans": [{"Node Type": "Bitmap Index Scan", "Parent Relationship": "Outer", "Index Name": "movie_id_movie_info", "Startup Cost": 0.0, "Total Cost": 4.29, "Plan Rows": 5, "Plan Width": 0, "Actual Startup Time": 0.0, "Actual Total Time": 0.0, "Index Cond": "(movie_id = mc.movie_id)"}]}]}, {"Node Type": "Bitmap Heap Scan", "Parent Relationship": "Inner", "Relation Name": "title", "Alias": "t", "Startup Cost": 0.32, "Total Cost": 4.34, "Plan Rows": 1, "Plan Width": 21, "Actual Startup Time": 0.0, "Actual Total Time": 0.0, "Recheck Cond": "(id = mi.movie_id)", "Rows Removed by Index Recheck": 0, "Filter": "(production_year > 2010)", "Rows Removed by Filter": 0, "Exact Heap Blocks": 0, "Lossy Heap Blocks": 0, "Plans": [{"Node Type": "Bitmap Index Scan", "Parent Relationship": "Outer", "Index Name": "title_pkey", "Startup Cost": 0.0, "Total Cost": 0.32, "Plan Rows": 1, "Plan Width": 0, "Actual Startup Time": 0.0, "Actual Total Time": 0.0, "Index Cond": "(id = mi.movie_id)"}]}]}, {"Node Type": "Bitmap Heap Scan", "Parent Relationship": "Inner", "Relation Name": "info_type", "Alias": "it", "Startup Cost": 0.26, "Total Cost": 4.27, "Plan Rows": 1, "Plan Width": 4, "Actual Startup Time": 0.0, "Actual Total Time": 0.0, "Recheck Cond": "(id = mi.info_type_id)", "Rows Removed by Index Recheck": 0, "Exact Heap Blocks": 0, "Lossy Heap Blocks": 0, "Plans": [{"Node Type": "Bitmap Index Scan", "Parent Relationship": "Outer", "Index Name": "info_type_pkey", "Startup Cost": 0.0, "Total Cost": 0.26, "Plan Rows": 1, "Plan Width": 0, "Actual Startup Time": 0.0, "Actual Total Time": 0.0, "Index Cond": "(id = mi.info_type_id)"}]}]}]}, "Triggers": [], "Planner Runtime": 6.855, "Total Runtime": 943.441, "Unique SQL Id": 328306525}}, "(1, '67')": {"explain_plan": {"Plan": {"Node Type": "Aggregate", "Strategy": "Plain", "Startup Cost": 1000011276294.99, "Total Cost": 1000011276295.0, "Plan Rows": 1, "Plan Width": 49, "Plans": [{"Node Type": "Nested Loop", "Parent Relationship": "Outer", "Join Type": "Inner", "Startup Cost": 10000000005.78, "Total Cost": 1000011276294.93, "Plan Rows": 24, "Plan Width": 17, "Inner Unique": true, "Plans": [{"Node Type": "Nested Loop", "Parent Relationship": "Outer", "Join Type": "Inner", "Startup Cost": 10000000005.38, "Total Cost": 1000011276078.43, "Plan Rows": 49, "Plan Width": 21, "Inner Unique": true, "Plans": [{"Node Type": "Nested Loop", "Parent Relationship": "Outer", "Join Type": "Inner", "Startup Cost": 10000000005.13, "Total Cost": 1000011275868.7, "Plan Rows": 49, "Plan Width": 25, "Inner Unique": false, "Plans": [{"Node Type": "Nested Loop", "Parent Relationship": "Outer", "Join Type": "Inner", "Startup Cost": 10000000004.26, "Total Cost": 1000011275551.68, "Plan Rows": 64, "Plan Width": 29, "Inner Unique": true, "Plans": [{"Node Type": "Index Scan", "Parent Relationship": "Outer", "Scan Direction": "Forward", "Index Name": "company_type_id_movie_companies", "Relation Name": "movie_companies", "Alias": "mc", "Startup Cost": 10000000000.0, "Total Cost": 1000011275063.0, "Plan Rows": 59, "Plan Width": 8, "Filter": "(((note)::text ~~ '%(VHS)%'::text) AND ((note)::text ~~ '%(USA)%'::text) AND ((note)::text ~~ '%(1994)%'::text))"}, {"Node Type": "Bitmap Heap Scan", "Parent Relationship": "Inner", "Relation Name": "title", "Alias": "t", "Startup Cost": 4.26, "Total Cost": 8.27, "Plan Rows": 1, "Plan Width": 21, "Recheck Cond": "(id = mc.movie_id)", "Filter": "(production_year > 2010)", "Plans": [{"Node Type": "Bitmap Index Scan", "Parent Relationship": "Outer", "Index Name": "title_pkey", "Startup Cost": 0.0, "Total Cost": 4.26, "Plan Rows": 1, "Plan Width": 0, "Index Cond": "(id = mc.movie_id)"}]}]}, {"Node Type": "Bitmap Heap Scan", "Parent Relationship": "Inner", "Relation Name": "movie_info", "Alias": "mi", "Startup Cost": 0.87, "Total Cost": 4.94, "Plan Rows": 1, "Plan Width": 8, "Recheck Cond": "(movie_id = t.id)", "Filter": "((info)::text = ANY ('{USA,America}'::text[]))", "Plans": [{"Node Type": "Bitmap Index Scan", "Parent Relationship": "Outer", "Index Name": "movie_id_movie_info", "Startup Cost": 0.0, "Total Cost": 0.87, "Plan Rows": 5, "Plan Width": 0, "Index Cond": "(movie_id = t.id)"}]}]}, {"Node Type": "Bitmap Heap Scan", "Parent Relationship": "Inner", "Relation Name": "info_type", "Alias": "it", "Startup Cost": 0.26, "Total Cost": 4.27, "Plan Rows": 1, "Plan Width": 4, "Recheck Cond": "(id = mi.info_type_id)", "Plans": [{"Node Type": "Bitmap Index Scan", "Parent Relationship": "Outer", "Index Name": "info_type_pkey", "Startup Cost": 0.0, "Total Cost": 0.26, "Plan Rows": 1, "Plan Width": 0, "Index Cond": "(id = mi.info_type_id)"}]}]}, {"Node Type": "Bitmap Heap Scan", "Parent Relationship": "Inner", "Relation Name": "company_type", "Alias": "ct", "Startup Cost": 0.39, "Total Cost": 4.41, "Plan Rows": 1, "Plan Width": 4, "Recheck Cond": "(id = mc.company_type_id)", "Filter": "((kind)::text = 'production companies'::text)", "Plans": [{"Node Type": "Bitmap Index Scan", "Parent Relationship": "Outer", "Index Name": "company_type_pkey", "Startup Cost": 0.0, "Total Cost": 0.39, "Plan Rows": 1, "Plan Width": 0, "Index Cond": "(id = mc.company_type_id)"}]}]}]}, "Unique SQL Id": 328306525, "Planner Runtime": 5}, "explain_analyze_plan": {"Plan": {"Node Type": "Aggregate", "Strategy": "Plain", "Startup Cost": 1000011276294.99, "Total Cost": 1000011276295.0, "Plan Rows": 1, "Plan Width": 49, "Actual Startup Time": 1689.858, "Actual Total Time": 1689.858, "Actual Rows": 1, "Actual Loops": 1, "Plans": [{"Node Type": "Nested Loop", "Parent Relationship": "Outer", "Join Type": "Inner", "Startup Cost": 10000000005.78, "Total Cost": 1000011276294.93, "Plan Rows": 24, "Plan Width": 17, "Actual Startup Time": 1689.851, "Actual Total Time": 1689.851, "Actual Rows": 0, "Actual Loops": 1, "Inner Unique": true, "Plans": [{"Node Type": "Nested Loop", "Parent Relationship": "Outer", "Join Type": "Inner", "Startup Cost": 10000000005.38, "Total Cost": 1000011276078.43, "Plan Rows": 49, "Plan Width": 21, "Actual Startup Time": 1689.849, "Actual Total Time": 1689.849, "Actual Rows": 0, "Actual Loops": 1, "Inner Unique": true, "Plans": [{"Node Type": "Nested Loop", "Parent Relationship": "Outer", "Join Type": "Inner", "Startup Cost": 10000000005.13, "Total Cost": 1000011275868.7, "Plan Rows": 49, "Plan Width": 25, "Actual Startup Time": 1689.847, "Actual Total Time": 1689.847, "Actual Rows": 0, "Actual Loops": 1, "Inner Unique": false, "Plans": [{"Node Type": "Nested Loop", "Parent Relationship": "Outer", "Join Type": "Inner", "Startup Cost": 10000000004.26, "Total Cost": 1000011275551.68, "Plan Rows": 64, "Plan Width": 29, "Actual Startup Time": 1689.843, "Actual Total Time": 1689.843, "Actual Rows": 0, "Actual Loops": 1, "Inner Unique": true, "Plans": [{"Node Type": "Index Scan", "Parent Relationship": "Outer", "Scan Direction": "Forward", "Index Name": "company_type_id_movie_companies", "Relation Name": "movie_companies", "Alias": "mc", "Startup Cost": 10000000000.0, "Total Cost": 1000011275063.0, "Plan Rows": 59, "Plan Width": 8, "Actual Startup Time": 6.155, "Actual Total Time": 1673.67, "Actual Rows": 1418, "Actual Loops": 1, "Filter": "(((note)::text ~~ '%(VHS)%'::text) AND ((note)::text ~~ '%(USA)%'::text) AND ((note)::text ~~ '%(1994)%'::text))", "Rows Removed by Filter": 2607710}, {"Node Type": "Bitmap Heap Scan", "Parent Relationship": "Inner", "Relation Name": "title", "Alias": "t", "Startup Cost": 4.26, "Total Cost": 8.27, "Plan Rows": 1, "Plan Width": 21, "Actual Startup Time": 13.912, "Actual Total Time": 13.912, "Actual Rows": 0, "Actual Loops": 1418, "Recheck Cond": "(id = mc.movie_id)", "Rows Removed by Index Recheck": 0, "Filter": "(production_year > 2010)", "Rows Removed by Filter": 1418, "Exact Heap Blocks": 1418, "Lossy Heap Blocks": 1418, "Plans": [{"Node Type": "Bitmap Index Scan", "Parent Relationship": "Outer", "Index Name": "title_pkey", "Startup Cost": 0.0, "Total Cost": 4.26, "Plan Rows": 1, "Plan Width": 0, "Actual Startup Time": 7.738, "Actual Total Time": 7.738, "Actual Rows": 1418, "Actual Loops": 1418, "Index Cond": "(id = mc.movie_id)"}]}]}, {"Node Type": "Bitmap Heap Scan", "Parent Relationship": "Inner", "Relation Name": "movie_info", "Alias": "mi", "Startup Cost": 0.87, "Total Cost": 4.94, "Plan Rows": 1, "Plan Width": 8, "Actual Startup Time": 0.0, "Actual Total Time": 0.0, "Recheck Cond": "(movie_id = t.id)", "Rows Removed by Index Recheck": 0, "Filter": "((info)::text = ANY ('{USA,America}'::text[]))", "Rows Removed by Filter": 0, "Exact Heap Blocks": 0, "Lossy Heap Blocks": 0, "Plans": [{"Node Type": "Bitmap Index Scan", "Parent Relationship": "Outer", "Index Name": "movie_id_movie_info", "Startup Cost": 0.0, "Total Cost": 0.87, "Plan Rows": 5, "Plan Width": 0, "Actual Startup Time": 0.0, "Actual Total Time": 0.0, "Index Cond": "(movie_id = t.id)"}]}]}, {"Node Type": "Bitmap Heap Scan", "Parent Relationship": "Inner", "Relation Name": "info_type", "Alias": "it", "Startup Cost": 0.26, "Total Cost": 4.27, "Plan Rows": 1, "Plan Width": 4, "Actual Startup Time": 0.0, "Actual Total Time": 0.0, "Recheck Cond": "(id = mi.info_type_id)", "Rows Removed by Index Recheck": 0, "Exact Heap Blocks": 0, "Lossy Heap Blocks": 0, "Plans": [{"Node Type": "Bitmap Index Scan", "Parent Relationship": "Outer", "Index Name": "info_type_pkey", "Startup Cost": 0.0, "Total Cost": 0.26, "Plan Rows": 1, "Plan Width": 0, "Actual Startup Time": 0.0, "Actual Total Time": 0.0, "Index Cond": "(id = mi.info_type_id)"}]}]}, {"Node Type": "Bitmap Heap Scan", "Parent Relationship": "Inner", "Relation Name": "company_type", "Alias": "ct", "Startup Cost": 0.39, "Total Cost": 4.41, "Plan Rows": 1, "Plan Width": 4, "Actual Startup Time": 0.0, "Actual Total Time": 0.0, "Recheck Cond": "(id = mc.company_type_id)", "Rows Removed by Index Recheck": 0, "Filter": "((kind)::text = 'production companies'::text)", "Rows Removed by Filter": 0, "Exact Heap Blocks": 0, "Lossy Heap Blocks": 0, "Plans": [{"Node Type": "Bitmap Index Scan", "Parent Relationship": "Outer", "Index Name": "company_type_pkey", "Startup Cost": 0.0, "Total Cost": 0.39, "Plan Rows": 1, "Plan Width": 0, "Actual Startup Time": 0.0, "Actual Total Time": 0.0, "Index Cond": "(id = mc.company_type_id)"}]}]}]}, "Triggers": [], "Planner Runtime": 5.044, "Total Runtime": 1690.156, "Unique SQL Id": 328306525}}, "(1, '68')": {"explain_plan": {"Plan": {"Node Type": "Aggregate", "Strategy": "Plain", "Startup Cost": 61748.65, "Total Cost": 61748.66, "Plan Rows": 1, "Plan Width": 49, "Plans": [{"Node Type": "Nested Loop", "Parent Relationship": "Outer", "Join Type": "Inner", "Startup Cost": 0.0, "Total Cost": 61748.59, "Plan Rows": 24, "Plan Width": 17, "Inner Unique": true, "Plans": [{"Node Type": "Nested Loop", "Parent Relationship": "Outer", "Join Type": "Inner", "Startup Cost": 0.0, "Total Cost": 61741.87, "Plan Rows": 24, "Plan Width": 21, "Inner Unique": false, "Plans": [{"Node Type": "Nested Loop", "Parent Relationship": "Outer", "Join Type": "Inner", "Startup Cost": 0.0, "Total Cost": 61662.88, "Plan Rows": 32, "Plan Width": 25, "Inner Unique": true, "Plans": [{"Node Type": "Nested Loop", "Parent Relationship": "Outer", "Join Type": "Inner", "Startup Cost": 0.0, "Total Cost": 61414.41, "Plan Rows": 30, "Plan Width": 4, "Inner Unique": true, "Plans": [{"Node Type": "Seq Scan", "Parent Relationship": "Outer", "Relation Name": "movie_companies", "Alias": "mc", "Startup Cost": 0.0, "Total Cost": 61385.74, "Plan Rows": 59, "Plan Width": 8, "Filter": "(((note)::text ~~ '%(VHS)%'::text) AND ((note)::text ~~ '%(USA)%'::text) AND ((note)::text ~~ '%(1994)%'::text))"}, {"Node Type": "Index Scan", "Parent Relationship": "Inner", "Scan Direction": "Forward", "Index Name": "company_type_pkey", "Relation Name": "company_type", "Alias": "ct", "Startup Cost": 0.0, "Total Cost": 0.48, "Plan Rows": 1, "Plan Width": 4, "Index Cond": "(id = mc.company_type_id)", "Filter": "((kind)::text = 'production companies'::text)"}]}, {"Node Type": "Index Scan", "Parent Relationship": "Inner", "Scan Direction": "Forward", "Index Name": "title_pkey", "Relation Name": "title", "Alias": "t", "Startup Cost": 0.0, "Total Cost": 8.27, "Plan Rows": 1, "Plan Width": 21, "Index Cond": "(id = mc.movie_id)", "Filter": "(production_year > 2010)"}]}, {"Node Type": "Index Scan", "Parent Relationship": "Inner", "Scan Direction": "Forward", "Index Name": "movie_id_movie_info", "Relation Name": "movie_info", "Alias": "mi", "Startup Cost": 0.0, "Total Cost": 2.46, "Plan Rows": 1, "Plan Width": 8, "Index Cond": "(movie_id = t.id)", "Filter": "((info)::text = ANY ('{USA,America}'::text[]))"}]}, {"Node Type": "Index Scan", "Parent Relationship": "Inner", "Scan Direction": "Forward", "Index Name": "info_type_pkey", "Relation Name": "info_type", "Alias": "it", "Startup Cost": 0.0, "Total Cost": 0.27, "Plan Rows": 1, "Plan Width": 4, "Index Cond": "(id = mi.info_type_id)"}]}]}, "Unique SQL Id": 328306525, "Planner Runtime": 7}, "explain_analyze_plan": {"Plan": {"Node Type": "Aggregate", "Strategy": "Plain", "Startup Cost": 61748.65, "Total Cost": 61748.66, "Plan Rows": 1, "Plan Width": 49, "Actual Startup Time": 963.636, "Actual Total Time": 963.637, "Actual Rows": 1, "Actual Loops": 1, "Plans": [{"Node Type": "Nested Loop", "Parent Relationship": "Outer", "Join Type": "Inner", "Startup Cost": 0.0, "Total Cost": 61748.59, "Plan Rows": 24, "Plan Width": 17, "Actual Startup Time": 963.629, "Actual Total Time": 963.629, "Actual Rows": 0, "Actual Loops": 1, "Inner Unique": true, "Plans": [{"Node Type": "Nested Loop", "Parent Relationship": "Outer", "Join Type": "Inner", "Startup Cost": 0.0, "Total Cost": 61741.87, "Plan Rows": 24, "Plan Width": 21, "Actual Startup Time": 963.627, "Actual Total Time": 963.627, "Actual Rows": 0, "Actual Loops": 1, "Inner Unique": false, "Plans": [{"Node Type": "Nested Loop", "Parent Relationship": "Outer", "Join Type": "Inner", "Startup Cost": 0.0, "Total Cost": 61662.88, "Plan Rows": 32, "Plan Width": 25, "Actual Startup Time": 963.626, "Actual Total Time": 963.626, "Actual Rows": 0, "Actual Loops": 1, "Inner Unique": true, "Plans": [{"Node Type": "Nested Loop", "Parent Relationship": "Outer", "Join Type": "Inner", "Startup Cost": 0.0, "Total Cost": 61414.41, "Plan Rows": 30, "Plan Width": 4, "Actual Startup Time": 963.624, "Actual Total Time": 963.624, "Actual Rows": 0, "Actual Loops": 1, "Inner Unique": true, "Plans": [{"Node Type": "Seq Scan", "Parent Relationship": "Outer", "Relation Name": "movie_companies", "Alias": "mc", "Startup Cost": 0.0, "Total Cost": 61385.74, "Plan Rows": 59, "Plan Width": 8, "Actual Startup Time": 3.889, "Actual Total Time": 961.596, "Actual Rows": 1418, "Actual Loops": 1, "Filter": "(((note)::text ~~ '%(VHS)%'::text) AND ((note)::text ~~ '%(USA)%'::text) AND ((note)::text ~~ '%(1994)%'::text))", "Rows Removed by Filter": 2607710}, {"Node Type": "Index Scan", "Parent Relationship": "Inner", "Scan Direction": "Forward", "Index Name": "company_type_pkey", "Relation Name": "company_type", "Alias": "ct", "Startup Cost": 0.0, "Total Cost": 0.48, "Plan Rows": 1, "Plan Width": 4, "Actual Startup Time": 1.119, "Actual Total Time": 1.119, "Actual Rows": 0, "Actual Loops": 1418, "Index Cond": "(id = mc.company_type_id)", "Rows Removed by Index Recheck": 0, "Filter": "((kind)::text = 'production companies'::text)", "Rows Removed by Filter": 0}]}, {"Node Type": "Index Scan", "Parent Relationship": "Inner", "Scan Direction": "Forward", "Index Name": "title_pkey", "Relation Name": "title", "Alias": "t", "Startup Cost": 0.0, "Total Cost": 8.27, "Plan Rows": 1, "Plan Width": 21, "Actual Startup Time": 0.0, "Actual Total Time": 0.0, "Index Cond": "(id = mc.movie_id)", "Rows Removed by Index Recheck": 0, "Filter": "(production_year > 2010)", "Rows Removed by Filter": 0}]}, {"Node Type": "Index Scan", "Parent Relationship": "Inner", "Scan Direction": "Forward", "Index Name": "movie_id_movie_info", "Relation Name": "movie_info", "Alias": "mi", "Startup Cost": 0.0, "Total Cost": 2.46, "Plan Rows": 1, "Plan Width": 8, "Actual Startup Time": 0.0, "Actual Total Time": 0.0, "Index Cond": "(movie_id = t.id)", "Rows Removed by Index Recheck": 0, "Filter": "((info)::text = ANY ('{USA,America}'::text[]))", "Rows Removed by Filter": 0}]}, {"Node Type": "Index Scan", "Parent Relationship": "Inner", "Scan Direction": "Forward", "Index Name": "info_type_pkey", "Relation Name": "info_type", "Alias": "it", "Startup Cost": 0.0, "Total Cost": 0.27, "Plan Rows": 1, "Plan Width": 4, "Actual Startup Time": 0.0, "Actual Total Time": 0.0, "Index Cond": "(id = mi.info_type_id)", "Rows Removed by Index Recheck": 0}]}]}, "Triggers": [], "Planner Runtime": 7.344, "Total Runtime": 963.889, "Unique SQL Id": 328306525}}, "(1, '69')": {"explain_plan": {"Plan": {"Node Type": "Aggregate", "Strategy": "Plain", "Startup Cost": 63248.6, "Total Cost": 63248.61, "Plan Rows": 1, "Plan Width": 49, "Plans": [{"Node Type": "Nested Loop", "Parent Relationship": "Outer", "Join Type": "Inner", "Startup Cost": 0.0, "Total Cost": 63248.54, "Plan Rows": 24, "Plan Width": 17, "Inner Unique": true, "Plans": [{"Node Type": "Nested Loop", "Parent Relationship": "Outer", "Join Type": "Inner", "Startup Cost": 0.0, "Total Cost": 63241.82, "Plan Rows": 24, "Plan Width": 21, "Inner Unique": false, "Plans": [{"Node Type": "Nested Loop", "Parent Relationship": "Outer", "Join Type": "Inner", "Startup Cost": 0.0, "Total Cost": 63162.83, "Plan Rows": 32, "Plan Width": 25, "Inner Unique": true, "Plans": [{"Node Type": "Nested Loop", "Parent Relationship": "Outer", "Join Type": "Inner", "Startup Cost": 0.0, "Total Cost": 62914.35, "Plan Rows": 30, "Plan Width": 4, "Inner Unique": false, "Plans": [{"Node Type": "Index Scan", "Parent Relationship": "Outer", "Scan Direction": "Forward", "Index Name": "company_type_pkey", "Relation Name": "company_type", "Alias": "ct", "Startup Cost": 0.0, "Total Cost": 12.3, "Plan Rows": 1, "Plan Width": 4, "Filter": "((kind)::text = 'production companies'::text)"}, {"Node Type": "Index Scan", "Parent Relationship": "Inner", "Scan Direction": "Forward", "Index Name": "company_type_id_movie_companies", "Relation Name": "movie_companies", "Alias": "mc", "Startup Cost": 0.0, "Total Cost": 62901.76, "Plan Rows": 29, "Plan Width": 8, "Index Cond": "(company_type_id = ct.id)", "Filter": "(((note)::text ~~ '%(VHS)%'::text) AND ((note)::text ~~ '%(USA)%'::text) AND ((note)::text ~~ '%(1994)%'::text))"}]}, {"Node Type": "Index Scan", "Parent Relationship": "Inner", "Scan Direction": "Forward", "Index Name": "title_pkey", "Relation Name": "title", "Alias": "t", "Startup Cost": 0.0, "Total Cost": 8.27, "Plan Rows": 1, "Plan Width": 21, "Index Cond": "(id = mc.movie_id)", "Filter": "(production_year > 2010)"}]}, {"Node Type": "Index Scan", "Parent Relationship": "Inner", "Scan Direction": "Forward", "Index Name": "movie_id_movie_info", "Relation Name": "movie_info", "Alias": "mi", "Startup Cost": 0.0, "Total Cost": 2.46, "Plan Rows": 1, "Plan Width": 8, "Index Cond": "(movie_id = t.id)", "Filter": "((info)::text = ANY ('{USA,America}'::text[]))"}]}, {"Node Type": "Index Scan", "Parent Relationship": "Inner", "Scan Direction": "Forward", "Index Name": "info_type_pkey", "Relation Name": "info_type", "Alias": "it", "Startup Cost": 0.0, "Total Cost": 0.27, "Plan Rows": 1, "Plan Width": 4, "Index Cond": "(id = mi.info_type_id)"}]}]}, "Unique SQL Id": 328306525, "Planner Runtime": 7}, "explain_analyze_plan": {"Plan": {"Node Type": "Aggregate", "Strategy": "Plain", "Startup Cost": 63248.6, "Total Cost": 63248.61, "Plan Rows": 1, "Plan Width": 49, "Actual Startup Time": 742.385, "Actual Total Time": 742.386, "Actual Rows": 1, "Actual Loops": 1, "Plans": [{"Node Type": "Nested Loop", "Parent Relationship": "Outer", "Join Type": "Inner", "Startup Cost": 0.0, "Total Cost": 63248.54, "Plan Rows": 24, "Plan Width": 17, "Actual Startup Time": 742.379, "Actual Total Time": 742.379, "Actual Rows": 0, "Actual Loops": 1, "Inner Unique": true, "Plans": [{"Node Type": "Nested Loop", "Parent Relationship": "Outer", "Join Type": "Inner", "Startup Cost": 0.0, "Total Cost": 63241.82, "Plan Rows": 24, "Plan Width": 21, "Actual Startup Time": 742.378, "Actual Total Time": 742.378, "Actual Rows": 0, "Actual Loops": 1, "Inner Unique": false, "Plans": [{"Node Type": "Nested Loop", "Parent Relationship": "Outer", "Join Type": "Inner", "Startup Cost": 0.0, "Total Cost": 63162.83, "Plan Rows": 32, "Plan Width": 25, "Actual Startup Time": 742.377, "Actual Total Time": 742.377, "Actual Rows": 0, "Actual Loops": 1, "Inner Unique": true, "Plans": [{"Node Type": "Nested Loop", "Parent Relationship": "Outer", "Join Type": "Inner", "Startup Cost": 0.0, "Total Cost": 62914.35, "Plan Rows": 30, "Plan Width": 4, "Actual Startup Time": 742.375, "Actual Total Time": 742.375, "Actual Rows": 0, "Actual Loops": 1, "Inner Unique": false, "Plans": [{"Node Type": "Index Scan", "Parent Relationship": "Outer", "Scan Direction": "Forward", "Index Name": "company_type_pkey", "Relation Name": "company_type", "Alias": "ct", "Startup Cost": 0.0, "Total Cost": 12.3, "Plan Rows": 1, "Plan Width": 4, "Actual Startup Time": 0.013, "Actual Total Time": 0.023, "Actual Rows": 1, "Actual Loops": 1, "Filter": "((kind)::text = 'production companies'::text)", "Rows Removed by Filter": 2}, {"Node Type": "Index Scan", "Parent Relationship": "Inner", "Scan Direction": "Forward", "Index Name": "company_type_id_movie_companies", "Relation Name": "movie_companies", "Alias": "mc", "Startup Cost": 0.0, "Total Cost": 62901.76, "Plan Rows": 29, "Plan Width": 8, "Actual Startup Time": 742.345, "Actual Total Time": 742.345, "Actual Rows": 0, "Actual Loops": 1, "Index Cond": "(company_type_id = ct.id)", "Rows Removed by Index Recheck": 0, "Filter": "(((note)::text ~~ '%(VHS)%'::text) AND ((note)::text ~~ '%(USA)%'::text) AND ((note)::text ~~ '%(1994)%'::text))", "Rows Removed by Filter": 1334883}]}, {"Node Type": "Index Scan", "Parent Relationship": "Inner", "Scan Direction": "Forward", "Index Name": "title_pkey", "Relation Name": "title", "Alias": "t", "Startup Cost": 0.0, "Total Cost": 8.27, "Plan Rows": 1, "Plan Width": 21, "Actual Startup Time": 0.0, "Actual Total Time": 0.0, "Index Cond": "(id = mc.movie_id)", "Rows Removed by Index Recheck": 0, "Filter": "(production_year > 2010)", "Rows Removed by Filter": 0}]}, {"Node Type": "Index Scan", "Parent Relationship": "Inner", "Scan Direction": "Forward", "Index Name": "movie_id_movie_info", "Relation Name": "movie_info", "Alias": "mi", "Startup Cost": 0.0, "Total Cost": 2.46, "Plan Rows": 1, "Plan Width": 8, "Actual Startup Time": 0.0, "Actual Total Time": 0.0, "Index Cond": "(movie_id = t.id)", "Rows Removed by Index Recheck": 0, "Filter": "((info)::text = ANY ('{USA,America}'::text[]))", "Rows Removed by Filter": 0}]}, {"Node Type": "Index Scan", "Parent Relationship": "Inner", "Scan Direction": "Forward", "Index Name": "info_type_pkey", "Relation Name": "info_type", "Alias": "it", "Startup Cost": 0.0, "Total Cost": 0.27, "Plan Rows": 1, "Plan Width": 4, "Actual Startup Time": 0.0, "Actual Total Time": 0.0, "Index Cond": "(id = mi.info_type_id)", "Rows Removed by Index Recheck": 0}]}]}, "Triggers": [], "Planner Runtime": 7.216, "Total Runtime": 742.642, "Unique SQL Id": 328306525}}, "(1, '70')": {"explain_plan": {"Plan": {"Node Type": "Aggregate", "Strategy": "Plain", "Startup Cost": 62362.01, "Total Cost": 62362.02, "Plan Rows": 1, "Plan Width": 49, "Plans": [{"Node Type": "Nested Loop", "Parent Relationship": "Outer", "Join Type": "Inner", "Startup Cost": 5.92, "Total Cost": 62361.95, "Plan Rows": 24, "Plan Width": 17, "Inner Unique": true, "Plans": [{"Node Type": "Nested Loop", "Parent Relationship": "Outer", "Join Type": "Inner", "Startup Cost": 5.66, "Total Cost": 62259.23, "Plan Rows": 24, "Plan Width": 21, "Inner Unique": true, "Plans": [{"Node Type": "Nested Loop", "Parent Relationship": "Outer", "Join Type": "Inner", "Startup Cost": 5.34, "Total Cost": 62115.81, "Plan Rows": 33, "Plan Width": 12, "Inner Unique": false, "Plans": [{"Node Type": "Hash Join", "Parent Relationship": "Outer", "Join Type": "Inner", "Startup Cost": 1.05, "Total Cost": 61387.24, "Plan Rows": 30, "Plan Width": 4, "Inner Unique": true, "Hash Cond": "(mc.company_type_id = ct.id)", "Plans": [{"Node Type": "Seq Scan", "Parent Relationship": "Outer", "Relation Name": "movie_companies", "Alias": "mc", "Startup Cost": 0.0, "Total Cost": 61385.74, "Plan Rows": 59, "Plan Width": 8, "Filter": "(((note)::text ~~ '%(VHS)%'::text) AND ((note)::text ~~ '%(USA)%'::text) AND ((note)::text ~~ '%(1994)%'::text))"}, {"Node Type": "Hash", "Parent Relationship": "Inner", "Startup Cost": 1.04, "Total Cost": 1.04, "Plan Rows": 1, "Plan Width": 4, "Plans": [{"Node Type": "Seq Scan", "Parent Relationship": "Outer", "Relation Name": "company_type", "Alias": "ct", "Startup Cost": 0.0, "Total Cost": 1.04, "Plan Rows": 1, "Plan Width": 4, "Filter": "((kind)::text = 'production companies'::text)"}]}]}, {"Node Type": "Bitmap Heap Scan", "Parent Relationship": "Inner", "Relation Name": "movie_info", "Alias": "mi", "Startup Cost": 4.29, "Total Cost": 24.28, "Plan Rows": 1, "Plan Width": 8, "Recheck Cond": "(movie_id = mc.movie_id)", "Filter": "((info)::text = ANY ('{USA,America}'::text[]))", "Plans": [{"Node Type": "Bitmap Index Scan", "Parent Relationship": "Outer", "Index Name": "movie_id_movie_info", "Startup Cost": 0.0, "Total Cost": 4.29, "Plan Rows": 5, "Plan Width": 0, "Index Cond": "(movie_id = mc.movie_id)"}]}]}, {"Node Type": "Bitmap Heap Scan", "Parent Relationship": "Inner", "Relation Name": "title", "Alias": "t", "Startup Cost": 0.32, "Total Cost": 4.34, "Plan Rows": 1, "Plan Width": 21, "Recheck Cond": "(id = mi.movie_id)", "Filter": "(production_year > 2010)", "Plans": [{"Node Type": "Bitmap Index Scan", "Parent Relationship": "Outer", "Index Name": "title_pkey", "Startup Cost": 0.0, "Total Cost": 0.32, "Plan Rows": 1, "Plan Width": 0, "Index Cond": "(id = mi.movie_id)"}]}]}, {"Node Type": "Bitmap Heap Scan", "Parent Relationship": "Inner", "Relation Name": "info_type", "Alias": "it", "Startup Cost": 0.26, "Total Cost": 4.27, "Plan Rows": 1, "Plan Width": 4, "Recheck Cond": "(id = mi.info_type_id)", "Plans": [{"Node Type": "Bitmap Index Scan", "Parent Relationship": "Outer", "Index Name": "info_type_pkey", "Startup Cost": 0.0, "Total Cost": 0.26, "Plan Rows": 1, "Plan Width": 0, "Index Cond": "(id = mi.info_type_id)"}]}]}]}, "Unique SQL Id": 328306525, "Planner Runtime": 6}, "explain_analyze_plan": {"Plan": {"Node Type": "Aggregate", "Strategy": "Plain", "Startup Cost": 62362.01, "Total Cost": 62362.02, "Plan Rows": 1, "Plan Width": 49, "Actual Startup Time": 943.188, "Actual Total Time": 943.189, "Actual Rows": 1, "Actual Loops": 1, "Plans": [{"Node Type": "Nested Loop", "Parent Relationship": "Outer", "Join Type": "Inner", "Startup Cost": 5.92, "Total Cost": 62361.95, "Plan Rows": 24, "Plan Width": 17, "Actual Startup Time": 943.179, "Actual Total Time": 943.179, "Actual Rows": 0, "Actual Loops": 1, "Inner Unique": true, "Plans": [{"Node Type": "Nested Loop", "Parent Relationship": "Outer", "Join Type": "Inner", "Startup Cost": 5.66, "Total Cost": 62259.23, "Plan Rows": 24, "Plan Width": 21, "Actual Startup Time": 943.178, "Actual Total Time": 943.178, "Actual Rows": 0, "Actual Loops": 1, "Inner Unique": true, "Plans": [{"Node Type": "Nested Loop", "Parent Relationship": "Outer", "Join Type": "Inner", "Startup Cost": 5.34, "Total Cost": 62115.81, "Plan Rows": 33, "Plan Width": 12, "Actual Startup Time": 943.176, "Actual Total Time": 943.176, "Actual Rows": 0, "Actual Loops": 1, "Inner Unique": false, "Plans": [{"Node Type": "Hash Join", "Parent Relationship": "Outer", "Join Type": "Inner", "Startup Cost": 1.05, "Total Cost": 61387.24, "Plan Rows": 30, "Plan Width": 4, "Actual Startup Time": 943.123, "Actual Total Time": 943.123, "Actual Rows": 0, "Actual Loops": 1, "Inner Unique": true, "Hash Cond": "(mc.company_type_id = ct.id)", "Plans": [{"Node Type": "Seq Scan", "Parent Relationship": "Outer", "Relation Name": "movie_companies", "Alias": "mc", "Startup Cost": 0.0, "Total Cost": 61385.74, "Plan Rows": 59, "Plan Width": 8, "Actual Startup Time": 3.908, "Actual Total Time": 942.66, "Actual Rows": 1418, "Actual Loops": 1, "Filter": "(((note)::text ~~ '%(VHS)%'::text) AND ((note)::text ~~ '%(USA)%'::text) AND ((note)::text ~~ '%(1994)%'::text))", "Rows Removed by Filter": 2607710}, {"Node Type": "Hash", "Parent Relationship": "Inner", "Startup Cost": 1.04, "Total Cost": 1.04, "Plan Rows": 1, "Plan Width": 4, "Actual Startup Time": 0.033, "Actual Total Time": 0.033, "Actual Rows": 1, "Actual Loops": 1, "Hash Buckets": 32768, "Hash Batches": 1, "Original Hash Batches": 1, "Peak Memory Usage": 1, "Plans": [{"Node Type": "Seq Scan", "Parent Relationship": "Outer", "Relation Name": "company_type", "Alias": "ct", "Startup Cost": 0.0, "Total Cost": 1.04, "Plan Rows": 1, "Plan Width": 4, "Actual Startup Time": 0.012, "Actual Total Time": 0.013, "Actual Rows": 1, "Actual Loops": 1, "Filter": "((kind)::text = 'production companies'::text)", "Rows Removed by Filter": 2}]}]}, {"Node Type": "Bitmap Heap Scan", "Parent Relationship": "Inner", "Relation Name": "movie_info", "Alias": "mi", "Startup Cost": 4.29, "Total Cost": 24.28, "Plan Rows": 1, "Plan Width": 8, "Actual Startup Time": 0.0, "Actual Total Time": 0.0, "Recheck Cond": "(movie_id = mc.movie_id)", "Rows Removed by Index Recheck": 0, "Filter": "((info)::text = ANY ('{USA,America}'::text[]))", "Rows Removed by Filter": 0, "Exact Heap Blocks": 0, "Lossy Heap Blocks": 0, "Plans": [{"Node Type": "Bitmap Index Scan", "Parent Relationship": "Outer", "Index Name": "movie_id_movie_info", "Startup Cost": 0.0, "Total Cost": 4.29, "Plan Rows": 5, "Plan Width": 0, "Actual Startup Time": 0.0, "Actual Total Time": 0.0, "Index Cond": "(movie_id = mc.movie_id)"}]}]}, {"Node Type": "Bitmap Heap Scan", "Parent Relationship": "Inner", "Relation Name": "title", "Alias": "t", "Startup Cost": 0.32, "Total Cost": 4.34, "Plan Rows": 1, "Plan Width": 21, "Actual Startup Time": 0.0, "Actual Total Time": 0.0, "Recheck Cond": "(id = mi.movie_id)", "Rows Removed by Index Recheck": 0, "Filter": "(production_year > 2010)", "Rows Removed by Filter": 0, "Exact Heap Blocks": 0, "Lossy Heap Blocks": 0, "Plans": [{"Node Type": "Bitmap Index Scan", "Parent Relationship": "Outer", "Index Name": "title_pkey", "Startup Cost": 0.0, "Total Cost": 0.32, "Plan Rows": 1, "Plan Width": 0, "Actual Startup Time": 0.0, "Actual Total Time": 0.0, "Index Cond": "(id = mi.movie_id)"}]}]}, {"Node Type": "Bitmap Heap Scan", "Parent Relationship": "Inner", "Relation Name": "info_type", "Alias": "it", "Startup Cost": 0.26, "Total Cost": 4.27, "Plan Rows": 1, "Plan Width": 4, "Actual Startup Time": 0.0, "Actual Total Time": 0.0, "Recheck Cond": "(id = mi.info_type_id)", "Rows Removed by Index Recheck": 0, "Exact Heap Blocks": 0, "Lossy Heap Blocks": 0, "Plans": [{"Node Type": "Bitmap Index Scan", "Parent Relationship": "Outer", "Index Name": "info_type_pkey", "Startup Cost": 0.0, "Total Cost": 0.26, "Plan Rows": 1, "Plan Width": 0, "Actual Startup Time": 0.0, "Actual Total Time": 0.0, "Index Cond": "(id = mi.info_type_id)"}]}]}]}, "Triggers": [], "Planner Runtime": 6.855, "Total Runtime": 943.441, "Unique SQL Id": 328306525}}, "(1, '71')": {"explain_plan": {"Plan": {"Node Type": "Aggregate", "Strategy": "Plain", "Startup Cost": 1000011276294.99, "Total Cost": 1000011276295.0, "Plan Rows": 1, "Plan Width": 49, "Plans": [{"Node Type": "Nested Loop", "Parent Relationship": "Outer", "Join Type": "Inner", "Startup Cost": 10000000005.78, "Total Cost": 1000011276294.93, "Plan Rows": 24, "Plan Width": 17, "Inner Unique": true, "Plans": [{"Node Type": "Nested Loop", "Parent Relationship": "Outer", "Join Type": "Inner", "Startup Cost": 10000000005.38, "Total Cost": 1000011276078.43, "Plan Rows": 49, "Plan Width": 21, "Inner Unique": true, "Plans": [{"Node Type": "Nested Loop", "Parent Relationship": "Outer", "Join Type": "Inner", "Startup Cost": 10000000005.13, "Total Cost": 1000011275868.7, "Plan Rows": 49, "Plan Width": 25, "Inner Unique": false, "Plans": [{"Node Type": "Nested Loop", "Parent Relationship": "Outer", "Join Type": "Inner", "Startup Cost": 10000000004.26, "Total Cost": 1000011275551.68, "Plan Rows": 64, "Plan Width": 29, "Inner Unique": true, "Plans": [{"Node Type": "Index Scan", "Parent Relationship": "Outer", "Scan Direction": "Forward", "Index Name": "company_type_id_movie_companies", "Relation Name": "movie_companies", "Alias": "mc", "Startup Cost": 10000000000.0, "Total Cost": 1000011275063.0, "Plan Rows": 59, "Plan Width": 8, "Filter": "(((note)::text ~~ '%(VHS)%'::text) AND ((note)::text ~~ '%(USA)%'::text) AND ((note)::text ~~ '%(1994)%'::text))"}, {"Node Type": "Bitmap Heap Scan", "Parent Relationship": "Inner", "Relation Name": "title", "Alias": "t", "Startup Cost": 4.26, "Total Cost": 8.27, "Plan Rows": 1, "Plan Width": 21, "Recheck Cond": "(id = mc.movie_id)", "Filter": "(production_year > 2010)", "Plans": [{"Node Type": "Bitmap Index Scan", "Parent Relationship": "Outer", "Index Name": "title_pkey", "Startup Cost": 0.0, "Total Cost": 4.26, "Plan Rows": 1, "Plan Width": 0, "Index Cond": "(id = mc.movie_id)"}]}]}, {"Node Type": "Bitmap Heap Scan", "Parent Relationship": "Inner", "Relation Name": "movie_info", "Alias": "mi", "Startup Cost": 0.87, "Total Cost": 4.94, "Plan Rows": 1, "Plan Width": 8, "Recheck Cond": "(movie_id = t.id)", "Filter": "((info)::text = ANY ('{USA,America}'::text[]))", "Plans": [{"Node Type": "Bitmap Index Scan", "Parent Relationship": "Outer", "Index Name": "movie_id_movie_info", "Startup Cost": 0.0, "Total Cost": 0.87, "Plan Rows": 5, "Plan Width": 0, "Index Cond": "(movie_id = t.id)"}]}]}, {"Node Type": "Bitmap Heap Scan", "Parent Relationship": "Inner", "Relation Name": "info_type", "Alias": "it", "Startup Cost": 0.26, "Total Cost": 4.27, "Plan Rows": 1, "Plan Width": 4, "Recheck Cond": "(id = mi.info_type_id)", "Plans": [{"Node Type": "Bitmap Index Scan", "Parent Relationship": "Outer", "Index Name": "info_type_pkey", "Startup Cost": 0.0, "Total Cost": 0.26, "Plan Rows": 1, "Plan Width": 0, "Index Cond": "(id = mi.info_type_id)"}]}]}, {"Node Type": "Bitmap Heap Scan", "Parent Relationship": "Inner", "Relation Name": "company_type", "Alias": "ct", "Startup Cost": 0.39, "Total Cost": 4.41, "Plan Rows": 1, "Plan Width": 4, "Recheck Cond": "(id = mc.company_type_id)", "Filter": "((kind)::text = 'production companies'::text)", "Plans": [{"Node Type": "Bitmap Index Scan", "Parent Relationship": "Outer", "Index Name": "company_type_pkey", "Startup Cost": 0.0, "Total Cost": 0.39, "Plan Rows": 1, "Plan Width": 0, "Index Cond": "(id = mc.company_type_id)"}]}]}]}, "Unique SQL Id": 328306525, "Planner Runtime": 5}, "explain_analyze_plan": {"Plan": {"Node Type": "Aggregate", "Strategy": "Plain", "Startup Cost": 1000011276294.99, "Total Cost": 1000011276295.0, "Plan Rows": 1, "Plan Width": 49, "Actual Startup Time": 1689.858, "Actual Total Time": 1689.858, "Actual Rows": 1, "Actual Loops": 1, "Plans": [{"Node Type": "Nested Loop", "Parent Relationship": "Outer", "Join Type": "Inner", "Startup Cost": 10000000005.78, "Total Cost": 1000011276294.93, "Plan Rows": 24, "Plan Width": 17, "Actual Startup Time": 1689.851, "Actual Total Time": 1689.851, "Actual Rows": 0, "Actual Loops": 1, "Inner Unique": true, "Plans": [{"Node Type": "Nested Loop", "Parent Relationship": "Outer", "Join Type": "Inner", "Startup Cost": 10000000005.38, "Total Cost": 1000011276078.43, "Plan Rows": 49, "Plan Width": 21, "Actual Startup Time": 1689.849, "Actual Total Time": 1689.849, "Actual Rows": 0, "Actual Loops": 1, "Inner Unique": true, "Plans": [{"Node Type": "Nested Loop", "Parent Relationship": "Outer", "Join Type": "Inner", "Startup Cost": 10000000005.13, "Total Cost": 1000011275868.7, "Plan Rows": 49, "Plan Width": 25, "Actual Startup Time": 1689.847, "Actual Total Time": 1689.847, "Actual Rows": 0, "Actual Loops": 1, "Inner Unique": false, "Plans": [{"Node Type": "Nested Loop", "Parent Relationship": "Outer", "Join Type": "Inner", "Startup Cost": 10000000004.26, "Total Cost": 1000011275551.68, "Plan Rows": 64, "Plan Width": 29, "Actual Startup Time": 1689.843, "Actual Total Time": 1689.843, "Actual Rows": 0, "Actual Loops": 1, "Inner Unique": true, "Plans": [{"Node Type": "Index Scan", "Parent Relationship": "Outer", "Scan Direction": "Forward", "Index Name": "company_type_id_movie_companies", "Relation Name": "movie_companies", "Alias": "mc", "Startup Cost": 10000000000.0, "Total Cost": 1000011275063.0, "Plan Rows": 59, "Plan Width": 8, "Actual Startup Time": 6.155, "Actual Total Time": 1673.67, "Actual Rows": 1418, "Actual Loops": 1, "Filter": "(((note)::text ~~ '%(VHS)%'::text) AND ((note)::text ~~ '%(USA)%'::text) AND ((note)::text ~~ '%(1994)%'::text))", "Rows Removed by Filter": 2607710}, {"Node Type": "Bitmap Heap Scan", "Parent Relationship": "Inner", "Relation Name": "title", "Alias": "t", "Startup Cost": 4.26, "Total Cost": 8.27, "Plan Rows": 1, "Plan Width": 21, "Actual Startup Time": 13.912, "Actual Total Time": 13.912, "Actual Rows": 0, "Actual Loops": 1418, "Recheck Cond": "(id = mc.movie_id)", "Rows Removed by Index Recheck": 0, "Filter": "(production_year > 2010)", "Rows Removed by Filter": 1418, "Exact Heap Blocks": 1418, "Lossy Heap Blocks": 1418, "Plans": [{"Node Type": "Bitmap Index Scan", "Parent Relationship": "Outer", "Index Name": "title_pkey", "Startup Cost": 0.0, "Total Cost": 4.26, "Plan Rows": 1, "Plan Width": 0, "Actual Startup Time": 7.738, "Actual Total Time": 7.738, "Actual Rows": 1418, "Actual Loops": 1418, "Index Cond": "(id = mc.movie_id)"}]}]}, {"Node Type": "Bitmap Heap Scan", "Parent Relationship": "Inner", "Relation Name": "movie_info", "Alias": "mi", "Startup Cost": 0.87, "Total Cost": 4.94, "Plan Rows": 1, "Plan Width": 8, "Actual Startup Time": 0.0, "Actual Total Time": 0.0, "Recheck Cond": "(movie_id = t.id)", "Rows Removed by Index Recheck": 0, "Filter": "((info)::text = ANY ('{USA,America}'::text[]))", "Rows Removed by Filter": 0, "Exact Heap Blocks": 0, "Lossy Heap Blocks": 0, "Plans": [{"Node Type": "Bitmap Index Scan", "Parent Relationship": "Outer", "Index Name": "movie_id_movie_info", "Startup Cost": 0.0, "Total Cost": 0.87, "Plan Rows": 5, "Plan Width": 0, "Actual Startup Time": 0.0, "Actual Total Time": 0.0, "Index Cond": "(movie_id = t.id)"}]}]}, {"Node Type": "Bitmap Heap Scan", "Parent Relationship": "Inner", "Relation Name": "info_type", "Alias": "it", "Startup Cost": 0.26, "Total Cost": 4.27, "Plan Rows": 1, "Plan Width": 4, "Actual Startup Time": 0.0, "Actual Total Time": 0.0, "Recheck Cond": "(id = mi.info_type_id)", "Rows Removed by Index Recheck": 0, "Exact Heap Blocks": 0, "Lossy Heap Blocks": 0, "Plans": [{"Node Type": "Bitmap Index Scan", "Parent Relationship": "Outer", "Index Name": "info_type_pkey", "Startup Cost": 0.0, "Total Cost": 0.26, "Plan Rows": 1, "Plan Width": 0, "Actual Startup Time": 0.0, "Actual Total Time": 0.0, "Index Cond": "(id = mi.info_type_id)"}]}]}, {"Node Type": "Bitmap Heap Scan", "Parent Relationship": "Inner", "Relation Name": "company_type", "Alias": "ct", "Startup Cost": 0.39, "Total Cost": 4.41, "Plan Rows": 1, "Plan Width": 4, "Actual Startup Time": 0.0, "Actual Total Time": 0.0, "Recheck Cond": "(id = mc.company_type_id)", "Rows Removed by Index Recheck": 0, "Filter": "((kind)::text = 'production companies'::text)", "Rows Removed by Filter": 0, "Exact Heap Blocks": 0, "Lossy Heap Blocks": 0, "Plans": [{"Node Type": "Bitmap Index Scan", "Parent Relationship": "Outer", "Index Name": "company_type_pkey", "Startup Cost": 0.0, "Total Cost": 0.39, "Plan Rows": 1, "Plan Width": 0, "Actual Startup Time": 0.0, "Actual Total Time": 0.0, "Index Cond": "(id = mc.company_type_id)"}]}]}]}, "Triggers": [], "Planner Runtime": 5.044, "Total Runtime": 1690.156, "Unique SQL Id": 328306525}}, "(1, '72')": {"explain_plan": {"Plan": {"Node Type": "Aggregate", "Strategy": "Plain", "Startup Cost": 61748.65, "Total Cost": 61748.66, "Plan Rows": 1, "Plan Width": 49, "Plans": [{"Node Type": "Nested Loop", "Parent Relationship": "Outer", "Join Type": "Inner", "Startup Cost": 0.0, "Total Cost": 61748.59, "Plan Rows": 24, "Plan Width": 17, "Inner Unique": true, "Plans": [{"Node Type": "Nested Loop", "Parent Relationship": "Outer", "Join Type": "Inner", "Startup Cost": 0.0, "Total Cost": 61741.87, "Plan Rows": 24, "Plan Width": 21, "Inner Unique": false, "Plans": [{"Node Type": "Nested Loop", "Parent Relationship": "Outer", "Join Type": "Inner", "Startup Cost": 0.0, "Total Cost": 61662.88, "Plan Rows": 32, "Plan Width": 25, "Inner Unique": true, "Plans": [{"Node Type": "Nested Loop", "Parent Relationship": "Outer", "Join Type": "Inner", "Startup Cost": 0.0, "Total Cost": 61414.41, "Plan Rows": 30, "Plan Width": 4, "Inner Unique": true, "Plans": [{"Node Type": "Seq Scan", "Parent Relationship": "Outer", "Relation Name": "movie_companies", "Alias": "mc", "Startup Cost": 0.0, "Total Cost": 61385.74, "Plan Rows": 59, "Plan Width": 8, "Filter": "(((note)::text ~~ '%(VHS)%'::text) AND ((note)::text ~~ '%(USA)%'::text) AND ((note)::text ~~ '%(1994)%'::text))"}, {"Node Type": "Index Scan", "Parent Relationship": "Inner", "Scan Direction": "Forward", "Index Name": "company_type_pkey", "Relation Name": "company_type", "Alias": "ct", "Startup Cost": 0.0, "Total Cost": 0.48, "Plan Rows": 1, "Plan Width": 4, "Index Cond": "(id = mc.company_type_id)", "Filter": "((kind)::text = 'production companies'::text)"}]}, {"Node Type": "Index Scan", "Parent Relationship": "Inner", "Scan Direction": "Forward", "Index Name": "title_pkey", "Relation Name": "title", "Alias": "t", "Startup Cost": 0.0, "Total Cost": 8.27, "Plan Rows": 1, "Plan Width": 21, "Index Cond": "(id = mc.movie_id)", "Filter": "(production_year > 2010)"}]}, {"Node Type": "Index Scan", "Parent Relationship": "Inner", "Scan Direction": "Forward", "Index Name": "movie_id_movie_info", "Relation Name": "movie_info", "Alias": "mi", "Startup Cost": 0.0, "Total Cost": 2.46, "Plan Rows": 1, "Plan Width": 8, "Index Cond": "(movie_id = t.id)", "Filter": "((info)::text = ANY ('{USA,America}'::text[]))"}]}, {"Node Type": "Index Only Scan", "Parent Relationship": "Inner", "Scan Direction": "Forward", "Index Name": "info_type_pkey", "Relation Name": "info_type", "Alias": "it", "Startup Cost": 0.0, "Total Cost": 0.27, "Plan Rows": 1, "Plan Width": 4, "Index Cond": "(id = mi.info_type_id)"}]}]}, "Unique SQL Id": 328306525, "Planner Runtime": 7}, "explain_analyze_plan": {"Plan": {"Node Type": "Aggregate", "Strategy": "Plain", "Startup Cost": 61748.65, "Total Cost": 61748.66, "Plan Rows": 1, "Plan Width": 49, "Actual Startup Time": 946.929, "Actual Total Time": 946.929, "Actual Rows": 1, "Actual Loops": 1, "Plans": [{"Node Type": "Nested Loop", "Parent Relationship": "Outer", "Join Type": "Inner", "Startup Cost": 0.0, "Total Cost": 61748.59, "Plan Rows": 24, "Plan Width": 17, "Actual Startup Time": 946.921, "Actual Total Time": 946.921, "Actual Rows": 0, "Actual Loops": 1, "Inner Unique": true, "Plans": [{"Node Type": "Nested Loop", "Parent Relationship": "Outer", "Join Type": "Inner", "Startup Cost": 0.0, "Total Cost": 61741.87, "Plan Rows": 24, "Plan Width": 21, "Actual Startup Time": 946.918, "Actual Total Time": 946.918, "Actual Rows": 0, "Actual Loops": 1, "Inner Unique": false, "Plans": [{"Node Type": "Nested Loop", "Parent Relationship": "Outer", "Join Type": "Inner", "Startup Cost": 0.0, "Total Cost": 61662.88, "Plan Rows": 32, "Plan Width": 25, "Actual Startup Time": 946.917, "Actual Total Time": 946.917, "Actual Rows": 0, "Actual Loops": 1, "Inner Unique": true, "Plans": [{"Node Type": "Nested Loop", "Parent Relationship": "Outer", "Join Type": "Inner", "Startup Cost": 0.0, "Total Cost": 61414.41, "Plan Rows": 30, "Plan Width": 4, "Actual Startup Time": 946.916, "Actual Total Time": 946.916, "Actual Rows": 0, "Actual Loops": 1, "Inner Unique": true, "Plans": [{"Node Type": "Seq Scan", "Parent Relationship": "Outer", "Relation Name": "movie_companies", "Alias": "mc", "Startup Cost": 0.0, "Total Cost": 61385.74, "Plan Rows": 59, "Plan Width": 8, "Actual Startup Time": 3.922, "Actual Total Time": 944.829, "Actual Rows": 1418, "Actual Loops": 1, "Filter": "(((note)::text ~~ '%(VHS)%'::text) AND ((note)::text ~~ '%(USA)%'::text) AND ((note)::text ~~ '%(1994)%'::text))", "Rows Removed by Filter": 2607710}, {"Node Type": "Index Scan", "Parent Relationship": "Inner", "Scan Direction": "Forward", "Index Name": "company_type_pkey", "Relation Name": "company_type", "Alias": "ct", "Startup Cost": 0.0, "Total Cost": 0.48, "Plan Rows": 1, "Plan Width": 4, "Actual Startup Time": 1.197, "Actual Total Time": 1.197, "Actual Rows": 0, "Actual Loops": 1418, "Index Cond": "(id = mc.company_type_id)", "Rows Removed by Index Recheck": 0, "Filter": "((kind)::text = 'production companies'::text)", "Rows Removed by Filter": 0}]}, {"Node Type": "Index Scan", "Parent Relationship": "Inner", "Scan Direction": "Forward", "Index Name": "title_pkey", "Relation Name": "title", "Alias": "t", "Startup Cost": 0.0, "Total Cost": 8.27, "Plan Rows": 1, "Plan Width": 21, "Actual Startup Time": 0.0, "Actual Total Time": 0.0, "Index Cond": "(id = mc.movie_id)", "Rows Removed by Index Recheck": 0, "Filter": "(production_year > 2010)", "Rows Removed by Filter": 0}]}, {"Node Type": "Index Scan", "Parent Relationship": "Inner", "Scan Direction": "Forward", "Index Name": "movie_id_movie_info", "Relation Name": "movie_info", "Alias": "mi", "Startup Cost": 0.0, "Total Cost": 2.46, "Plan Rows": 1, "Plan Width": 8, "Actual Startup Time": 0.0, "Actual Total Time": 0.0, "Index Cond": "(movie_id = t.id)", "Rows Removed by Index Recheck": 0, "Filter": "((info)::text = ANY ('{USA,America}'::text[]))", "Rows Removed by Filter": 0}]}, {"Node Type": "Index Only Scan", "Parent Relationship": "Inner", "Scan Direction": "Forward", "Index Name": "info_type_pkey", "Relation Name": "info_type", "Alias": "it", "Startup Cost": 0.0, "Total Cost": 0.27, "Plan Rows": 1, "Plan Width": 4, "Actual Startup Time": 0.0, "Actual Total Time": 0.0, "Index Cond": "(id = mi.info_type_id)", "Rows Removed by Index Recheck": 0, "Heap Fetches": 0}]}]}, "Triggers": [], "Planner Runtime": 7.384, "Total Runtime": 947.266, "Unique SQL Id": 328306525}}, "(1, '73')": {"explain_plan": {"Plan": {"Node Type": "Aggregate", "Strategy": "Plain", "Startup Cost": 63248.6, "Total Cost": 63248.61, "Plan Rows": 1, "Plan Width": 49, "Plans": [{"Node Type": "Nested Loop", "Parent Relationship": "Outer", "Join Type": "Inner", "Startup Cost": 0.0, "Total Cost": 63248.54, "Plan Rows": 24, "Plan Width": 17, "Inner Unique": true, "Plans": [{"Node Type": "Nested Loop", "Parent Relationship": "Outer", "Join Type": "Inner", "Startup Cost": 0.0, "Total Cost": 63241.82, "Plan Rows": 24, "Plan Width": 21, "Inner Unique": false, "Plans": [{"Node Type": "Nested Loop", "Parent Relationship": "Outer", "Join Type": "Inner", "Startup Cost": 0.0, "Total Cost": 63162.83, "Plan Rows": 32, "Plan Width": 25, "Inner Unique": true, "Plans": [{"Node Type": "Nested Loop", "Parent Relationship": "Outer", "Join Type": "Inner", "Startup Cost": 0.0, "Total Cost": 62914.35, "Plan Rows": 30, "Plan Width": 4, "Inner Unique": false, "Plans": [{"Node Type": "Index Scan", "Parent Relationship": "Outer", "Scan Direction": "Forward", "Index Name": "company_type_pkey", "Relation Name": "company_type", "Alias": "ct", "Startup Cost": 0.0, "Total Cost": 12.3, "Plan Rows": 1, "Plan Width": 4, "Filter": "((kind)::text = 'production companies'::text)"}, {"Node Type": "Index Scan", "Parent Relationship": "Inner", "Scan Direction": "Forward", "Index Name": "company_type_id_movie_companies", "Relation Name": "movie_companies", "Alias": "mc", "Startup Cost": 0.0, "Total Cost": 62901.76, "Plan Rows": 29, "Plan Width": 8, "Index Cond": "(company_type_id = ct.id)", "Filter": "(((note)::text ~~ '%(VHS)%'::text) AND ((note)::text ~~ '%(USA)%'::text) AND ((note)::text ~~ '%(1994)%'::text))"}]}, {"Node Type": "Index Scan", "Parent Relationship": "Inner", "Scan Direction": "Forward", "Index Name": "title_pkey", "Relation Name": "title", "Alias": "t", "Startup Cost": 0.0, "Total Cost": 8.27, "Plan Rows": 1, "Plan Width": 21, "Index Cond": "(id = mc.movie_id)", "Filter": "(production_year > 2010)"}]}, {"Node Type": "Index Scan", "Parent Relationship": "Inner", "Scan Direction": "Forward", "Index Name": "movie_id_movie_info", "Relation Name": "movie_info", "Alias": "mi", "Startup Cost": 0.0, "Total Cost": 2.46, "Plan Rows": 1, "Plan Width": 8, "Index Cond": "(movie_id = t.id)", "Filter": "((info)::text = ANY ('{USA,America}'::text[]))"}]}, {"Node Type": "Index Only Scan", "Parent Relationship": "Inner", "Scan Direction": "Forward", "Index Name": "info_type_pkey", "Relation Name": "info_type", "Alias": "it", "Startup Cost": 0.0, "Total Cost": 0.27, "Plan Rows": 1, "Plan Width": 4, "Index Cond": "(id = mi.info_type_id)"}]}]}, "Unique SQL Id": 328306525, "Planner Runtime": 7}, "explain_analyze_plan": {"Plan": {"Node Type": "Aggregate", "Strategy": "Plain", "Startup Cost": 63248.6, "Total Cost": 63248.61, "Plan Rows": 1, "Plan Width": 49, "Actual Startup Time": 640.136, "Actual Total Time": 640.136, "Actual Rows": 1, "Actual Loops": 1, "Plans": [{"Node Type": "Nested Loop", "Parent Relationship": "Outer", "Join Type": "Inner", "Startup Cost": 0.0, "Total Cost": 63248.54, "Plan Rows": 24, "Plan Width": 17, "Actual Startup Time": 640.125, "Actual Total Time": 640.125, "Actual Rows": 0, "Actual Loops": 1, "Inner Unique": true, "Plans": [{"Node Type": "Nested Loop", "Parent Relationship": "Outer", "Join Type": "Inner", "Startup Cost": 0.0, "Total Cost": 63241.82, "Plan Rows": 24, "Plan Width": 21, "Actual Startup Time": 640.123, "Actual Total Time": 640.123, "Actual Rows": 0, "Actual Loops": 1, "Inner Unique": false, "Plans": [{"Node Type": "Nested Loop", "Parent Relationship": "Outer", "Join Type": "Inner", "Startup Cost": 0.0, "Total Cost": 63162.83, "Plan Rows": 32, "Plan Width": 25, "Actual Startup Time": 640.123, "Actual Total Time": 640.123, "Actual Rows": 0, "Actual Loops": 1, "Inner Unique": true, "Plans": [{"Node Type": "Nested Loop", "Parent Relationship": "Outer", "Join Type": "Inner", "Startup Cost": 0.0, "Total Cost": 62914.35, "Plan Rows": 30, "Plan Width": 4, "Actual Startup Time": 640.122, "Actual Total Time": 640.122, "Actual Rows": 0, "Actual Loops": 1, "Inner Unique": false, "Plans": [{"Node Type": "Index Scan", "Parent Relationship": "Outer", "Scan Direction": "Forward", "Index Name": "company_type_pkey", "Relation Name": "company_type", "Alias": "ct", "Startup Cost": 0.0, "Total Cost": 12.3, "Plan Rows": 1, "Plan Width": 4, "Actual Startup Time": 0.026, "Actual Total Time": 0.033, "Actual Rows": 1, "Actual Loops": 1, "Filter": "((kind)::text = 'production companies'::text)", "Rows Removed by Filter": 2}, {"Node Type": "Index Scan", "Parent Relationship": "Inner", "Scan Direction": "Forward", "Index Name": "company_type_id_movie_companies", "Relation Name": "movie_companies", "Alias": "mc", "Startup Cost": 0.0, "Total Cost": 62901.76, "Plan Rows": 29, "Plan Width": 8, "Actual Startup Time": 640.079, "Actual Total Time": 640.079, "Actual Rows": 0, "Actual Loops": 1, "Index Cond": "(company_type_id = ct.id)", "Rows Removed by Index Recheck": 0, "Filter": "(((note)::text ~~ '%(VHS)%'::text) AND ((note)::text ~~ '%(USA)%'::text) AND ((note)::text ~~ '%(1994)%'::text))", "Rows Removed by Filter": 1334883}]}, {"Node Type": "Index Scan", "Parent Relationship": "Inner", "Scan Direction": "Forward", "Index Name": "title_pkey", "Relation Name": "title", "Alias": "t", "Startup Cost": 0.0, "Total Cost": 8.27, "Plan Rows": 1, "Plan Width": 21, "Actual Startup Time": 0.0, "Actual Total Time": 0.0, "Index Cond": "(id = mc.movie_id)", "Rows Removed by Index Recheck": 0, "Filter": "(production_year > 2010)", "Rows Removed by Filter": 0}]}, {"Node Type": "Index Scan", "Parent Relationship": "Inner", "Scan Direction": "Forward", "Index Name": "movie_id_movie_info", "Relation Name": "movie_info", "Alias": "mi", "Startup Cost": 0.0, "Total Cost": 2.46, "Plan Rows": 1, "Plan Width": 8, "Actual Startup Time": 0.0, "Actual Total Time": 0.0, "Index Cond": "(movie_id = t.id)", "Rows Removed by Index Recheck": 0, "Filter": "((info)::text = ANY ('{USA,America}'::text[]))", "Rows Removed by Filter": 0}]}, {"Node Type": "Index Only Scan", "Parent Relationship": "Inner", "Scan Direction": "Forward", "Index Name": "info_type_pkey", "Relation Name": "info_type", "Alias": "it", "Startup Cost": 0.0, "Total Cost": 0.27, "Plan Rows": 1, "Plan Width": 4, "Actual Startup Time": 0.0, "Actual Total Time": 0.0, "Index Cond": "(id = mi.info_type_id)", "Rows Removed by Index Recheck": 0, "Heap Fetches": 0}]}]}, "Triggers": [], "Planner Runtime": 7.646, "Total Runtime": 640.429, "Unique SQL Id": 328306525}}, "(1, '74')": {"explain_plan": {"Plan": {"Node Type": "Aggregate", "Strategy": "Plain", "Startup Cost": 467166.99, "Total Cost": 467167.0, "Plan Rows": 1, "Plan Width": 49, "Plans": [{"Node Type": "Hash Join", "Parent Relationship": "Outer", "Join Type": "Inner", "Startup Cost": 130810.31, "Total Cost": 467166.93, "Plan Rows": 24, "Plan Width": 17, "Inner Unique": true, "Hash Cond": "(mi.info_type_id = it.id)", "Plans": [{"Node Type": "Hash Join", "Parent Relationship": "Outer", "Join Type": "Inner", "Startup Cost": 130806.79, "Total Cost": 467163.08, "Plan Rows": 24, "Plan Width": 21, "Inner Unique": false, "Hash Cond": "(mi.movie_id = t.id)", "Plans": [{"Node Type": "Seq Scan", "Parent Relationship": "Outer", "Relation Name": "movie_info", "Alias": "mi", "Startup Cost": 0.0, "Total Cost": 334162.58, "Plan Rows": 584897, "Plan Width": 8, "Filter": "((info)::text = ANY ('{USA,America}'::text[]))"}, {"Node Type": "Hash", "Parent Relationship": "Inner", "Startup Cost": 130806.39, "Total Cost": 130806.39, "Plan Rows": 32, "Plan Width": 25, "Plans": [{"Node Type": "Hash Join", "Parent Relationship": "Outer", "Join Type": "Inner", "Startup Cost": 61387.61, "Total Cost": 130806.39, "Plan Rows": 32, "Plan Width": 25, "Inner Unique": false, "Hash Cond": "(t.id = mc.movie_id)", "Plans": [{"Node Type": "Seq Scan", "Parent Relationship": "Outer", "Relation Name": "title", "Alias": "t", "Startup Cost": 0.0, "Total Cost": 66389.89, "Plan Rows": 391451, "Plan Width": 21, "Filter": "(production_year > 2010), (LLVM Optimized)"}, {"Node Type": "Hash", "Parent Relationship": "Inner", "Startup Cost": 61387.24, "Total Cost": 61387.24, "Plan Rows": 30, "Plan Width": 4, "Plans": [{"Node Type": "Hash Join", "Parent Relationship": "Outer", "Join Type": "Inner", "Startup Cost": 1.05, "Total Cost": 61387.24, "Plan Rows": 30, "Plan Width": 4, "Inner Unique": true, "Hash Cond": "(mc.company_type_id = ct.id)", "Plans": [{"Node Type": "Seq Scan", "Parent Relationship": "Outer", "Relation Name": "movie_companies", "Alias": "mc", "Startup Cost": 0.0, "Total Cost": 61385.74, "Plan Rows": 59, "Plan Width": 8, "Filter": "(((note)::text ~~ '%(VHS)%'::text) AND ((note)::text ~~ '%(USA)%'::text) AND ((note)::text ~~ '%(1994)%'::text))"}, {"Node Type": "Hash", "Parent Relationship": "Inner", "Startup Cost": 1.04, "Total Cost": 1.04, "Plan Rows": 1, "Plan Width": 4, "Plans": [{"Node Type": "Seq Scan", "Parent Relationship": "Outer", "Relation Name": "company_type", "Alias": "ct", "Startup Cost": 0.0, "Total Cost": 1.04, "Plan Rows": 1, "Plan Width": 4, "Filter": "((kind)::text = 'production companies'::text)"}]}]}]}]}]}]}, {"Node Type": "Hash", "Parent Relationship": "Inner", "Startup Cost": 2.12, "Total Cost": 2.12, "Plan Rows": 112, "Plan Width": 4, "Plans": [{"Node Type": "Seq Scan", "Parent Relationship": "Outer", "Relation Name": "info_type", "Alias": "it", "Startup Cost": 0.0, "Total Cost": 2.12, "Plan Rows": 112, "Plan Width": 4}]}]}]}, "Unique SQL Id": 328306525, "Planner Runtime": 8}, "explain_analyze_plan": {"Plan": {"Node Type": "Aggregate", "Strategy": "Plain", "Startup Cost": 467166.99, "Total Cost": 467167.0, "Plan Rows": 1, "Plan Width": 49, "Actual Startup Time": 1372.435, "Actual Total Time": 1372.436, "Actual Rows": 1, "Actual Loops": 1, "Plans": [{"Node Type": "Hash Join", "Parent Relationship": "Outer", "Join Type": "Inner", "Startup Cost": 130810.31, "Total Cost": 467166.93, "Plan Rows": 24, "Plan Width": 17, "Actual Startup Time": 1372.424, "Actual Total Time": 1372.424, "Actual Rows": 0, "Actual Loops": 1, "Inner Unique": true, "Hash Cond": "(mi.info_type_id = it.id)", "Plans": [{"Node Type": "Hash Join", "Parent Relationship": "Outer", "Join Type": "Inner", "Startup Cost": 130806.79, "Total Cost": 467163.08, "Plan Rows": 24, "Plan Width": 21, "Actual Startup Time": 1372.274, "Actual Total Time": 1372.274, "Actual Rows": 0, "Actual Loops": 1, "Inner Unique": false, "Hash Cond": "(mi.movie_id = t.id)", "Plans": [{"Node Type": "Seq Scan", "Parent Relationship": "Outer", "Relation Name": "movie_info", "Alias": "mi", "Startup Cost": 0.0, "Total Cost": 334162.58, "Plan Rows": 584897, "Plan Width": 8, "Actual Startup Time": 427.769, "Actual Total Time": 427.769, "Actual Rows": 1, "Actual Loops": 1, "Filter": "((info)::text = ANY ('{USA,America}'::text[]))", "Rows Removed by Filter": 1053697}, {"Node Type": "Hash", "Parent Relationship": "Inner", "Startup Cost": 130806.39, "Total Cost": 130806.39, "Plan Rows": 32, "Plan Width": 25, "Actual Startup Time": 944.405, "Actual Total Time": 944.405, "Actual Rows": 0, "Actual Loops": 1, "Hash Buckets": 32768, "Hash Batches": 1, "Original Hash Batches": 1, "Peak Memory Usage": 0, "Plans": [{"Node Type": "Hash Join", "Parent Relationship": "Outer", "Join Type": "Inner", "Startup Cost": 61387.61, "Total Cost": 130806.39, "Plan Rows": 32, "Plan Width": 25, "Actual Startup Time": 944.401, "Actual Total Time": 944.401, "Actual Rows": 0, "Actual Loops": 1, "Inner Unique": false, "Hash Cond": "(t.id = mc.movie_id)", "Plans": [{"Node Type": "Seq Scan", "Parent Relationship": "Outer", "Relation Name": "title", "Alias": "t", "Startup Cost": 0.0, "Total Cost": 66389.89, "Plan Rows": 391451, "Plan Width": 21, "Actual Startup Time": 0.049, "Actual Total Time": 0.049, "Actual Rows": 1, "Actual Loops": 1, "Filter": "(production_year > 2010), (LLVM Optimized, Jit Execute)", "Rows Removed by Filter": 2}, {"Node Type": "Hash", "Parent Relationship": "Inner", "Startup Cost": 61387.24, "Total Cost": 61387.24, "Plan Rows": 30, "Plan Width": 4, "Actual Startup Time": 944.245, "Actual Total Time": 944.245, "Actual Rows": 0, "Actual Loops": 1, "Hash Buckets": 32768, "Hash Batches": 1, "Original Hash Batches": 1, "Peak Memory Usage": 0, "Plans": [{"Node Type": "Hash Join", "Parent Relationship": "Outer", "Join Type": "Inner", "Startup Cost": 1.05, "Total Cost": 61387.24, "Plan Rows": 30, "Plan Width": 4, "Actual Startup Time": 944.242, "Actual Total Time": 944.242, "Actual Rows": 0, "Actual Loops": 1, "Inner Unique": true, "Hash Cond": "(mc.company_type_id = ct.id)", "Plans": [{"Node Type": "Seq Scan", "Parent Relationship": "Outer", "Relation Name": "movie_companies", "Alias": "mc", "Startup Cost": 0.0, "Total Cost": 61385.74, "Plan Rows": 59, "Plan Width": 8, "Actual Startup Time": 3.897, "Actual Total Time": 943.775, "Actual Rows": 1418, "Actual Loops": 1, "Filter": "(((note)::text ~~ '%(VHS)%'::text) AND ((note)::text ~~ '%(USA)%'::text) AND ((note)::text ~~ '%(1994)%'::text))", "Rows Removed by Filter": 2607710}, {"Node Type": "Hash", "Parent Relationship": "Inner", "Startup Cost": 1.04, "Total Cost": 1.04, "Plan Rows": 1, "Plan Width": 4, "Actual Startup Time": 0.029, "Actual Total Time": 0.029, "Actual Rows": 1, "Actual Loops": 1, "Hash Buckets": 32768, "Hash Batches": 1, "Original Hash Batches": 1, "Peak Memory Usage": 1, "Plans": [{"Node Type": "Seq Scan", "Parent Relationship": "Outer", "Relation Name": "company_type", "Alias": "ct", "Startup Cost": 0.0, "Total Cost": 1.04, "Plan Rows": 1, "Plan Width": 4, "Actual Startup Time": 0.017, "Actual Total Time": 0.019, "Actual Rows": 1, "Actual Loops": 1, "Filter": "((kind)::text = 'production companies'::text)", "Rows Removed by Filter": 2}]}]}]}]}]}]}, {"Node Type": "Hash", "Parent Relationship": "Inner", "Startup Cost": 2.12, "Total Cost": 2.12, "Plan Rows": 112, "Plan Width": 4, "Actual Startup Time": 0.097, "Actual Total Time": 0.097, "Actual Rows": 112, "Actual Loops": 1, "Hash Buckets": 32768, "Hash Batches": 1, "Original Hash Batches": 1, "Peak Memory Usage": 4, "Plans": [{"Node Type": "Seq Scan", "Parent Relationship": "Outer", "Relation Name": "info_type", "Alias": "it", "Startup Cost": 0.0, "Total Cost": 2.12, "Plan Rows": 112, "Plan Width": 4, "Actual Startup Time": 0.033, "Actual Total Time": 0.055, "Actual Rows": 112, "Actual Loops": 1}]}]}]}, "Triggers": [], "Planner Runtime": 8.613, "Total Runtime": 1380.957, "Unique SQL Id": 328306525}}, "(1, '75')": {"explain_plan": {"Plan": {"Node Type": "Aggregate", "Strategy": "Plain", "Startup Cost": 4999003667751.02, "Total Cost": 4999003667751.03, "Plan Rows": 1, "Plan Width": 49, "Plans": [{"Node Type": "Hash Join", "Parent Relationship": "Outer", "Join Type": "Inner", "Startup Cost": 2030025293043.82, "Total Cost": 4999003667750.96, "Plan Rows": 24, "Plan Width": 17, "Inner Unique": true, "Hash Cond": "(mi.info_type_id = it.id)", "Plans": [{"Node Type": "Hash Join", "Parent Relationship": "Outer", "Join Type": "Inner", "Startup Cost": 1030025292049.42, "Total Cost": 3999003666756.24, "Plan Rows": 24, "Plan Width": 21, "Inner Unique": true, "Hash Cond": "(mc.company_type_id = ct.id)", "Plans": [{"Node Type": "Merge Join", "Parent Relationship": "Outer", "Join Type": "Inner", "Startup Cost": 30025290819.16, "Total Cost": 2999003665525.61, "Plan Rows": 49, "Plan Width": 25, "Inner Unique": true, "Merge Cond": "(mi.movie_id = t.id)", "Plans": [{"Node Type": "Merge Join", "Parent Relationship": "Outer", "Join Type": "Inner", "Startup Cost": 20000000000.0, "Total Cost": 1999692576110.4, "Plan Rows": 66, "Plan Width": 16, "Inner Unique": false, "Merge Cond": "(mc.movie_id = mi.movie_id)", "Plans": [{"Node Type": "Index Scan", "Parent Relationship": "Outer", "Scan Direction": "Forward", "Index Name": "movie_id_movie_companies", "Relation Name": "movie_companies", "Alias": "mc", "Startup Cost": 10000000000.0, "Total Cost": 1000015008792.13, "Plan Rows": 59, "Plan Width": 8, "Filter": "(((note)::text ~~ '%(VHS)%'::text) AND ((note)::text ~~ '%(USA)%'::text) AND ((note)::text ~~ '%(1994)%'::text))"}, {"Node Type": "Index Scan", "Parent Relationship": "Inner", "Scan Direction": "Forward", "Index Name": "movie_id_movie_info", "Relation Name": "movie_info", "Alias": "mi", "Startup Cost": 10000000000.0, "Total Cost": 1000107534403.72, "Plan Rows": 584897, "Plan Width": 8, "Filter": "((info)::text = ANY ('{USA,America}'::text[]))"}]}, {"Node Type": "Index Scan", "Parent Relationship": "Inner", "Scan Direction": "Forward", "Index Name": "title_pkey", "Relation Name": "title", "Alias": "t", "Startup Cost": 10000000000.0, "Total Cost": 1000011644126.66, "Plan Rows": 391451, "Plan Width": 21, "Filter": "(production_year > 2010), (LLVM Optimized)"}]}, {"Node Type": "Hash", "Parent Relationship": "Inner", "Startup Cost": 1000000001230.25, "Total Cost": 1000000001230.25, "Plan Rows": 1, "Plan Width": 4, "Plans": [{"Node Type": "Index Scan", "Parent Relationship": "Outer", "Scan Direction": "Forward", "Index Name": "company_type_pkey", "Relation Name": "company_type", "Alias": "ct", "Startup Cost": 10000000000.0, "Total Cost": 1000000001230.25, "Plan Rows": 1, "Plan Width": 4, "Filter": "((kind)::text = 'production companies'::text)"}]}]}, {"Node Type": "Hash", "Parent Relationship": "Inner", "Startup Cost": 1000000000993.0, "Total Cost": 1000000000993.0, "Plan Rows": 112, "Plan Width": 4, "Plans": [{"Node Type": "Index Only Scan", "Parent Relationship": "Outer", "Scan Direction": "Forward", "Index Name": "info_type_pkey", "Relation Name": "info_type", "Alias": "it", "Startup Cost": 10000000000.0, "Total Cost": 1000000000993.0, "Plan Rows": 112, "Plan Width": 4}]}]}]}, "Unique SQL Id": 328306525, "Planner Runtime": 14}, "explain_analyze_plan": null}, "(1, '76')": {"explain_plan": {"Plan": {"Node Type": "Aggregate", "Strategy": "Plain", "Startup Cost": 61748.65, "Total Cost": 61748.66, "Plan Rows": 1, "Plan Width": 49, "Plans": [{"Node Type": "Nested Loop", "Parent Relationship": "Outer", "Join Type": "Inner", "Startup Cost": 0.0, "Total Cost": 61748.59, "Plan Rows": 24, "Plan Width": 17, "Inner Unique": true, "Plans": [{"Node Type": "Nested Loop", "Parent Relationship": "Outer", "Join Type": "Inner", "Startup Cost": 0.0, "Total Cost": 61741.87, "Plan Rows": 24, "Plan Width": 21, "Inner Unique": false, "Plans": [{"Node Type": "Nested Loop", "Parent Relationship": "Outer", "Join Type": "Inner", "Startup Cost": 0.0, "Total Cost": 61662.88, "Plan Rows": 32, "Plan Width": 25, "Inner Unique": true, "Plans": [{"Node Type": "Nested Loop", "Parent Relationship": "Outer", "Join Type": "Inner", "Startup Cost": 0.0, "Total Cost": 61414.41, "Plan Rows": 30, "Plan Width": 4, "Inner Unique": true, "Plans": [{"Node Type": "Seq Scan", "Parent Relationship": "Outer", "Relation Name": "movie_companies", "Alias": "mc", "Startup Cost": 0.0, "Total Cost": 61385.74, "Plan Rows": 59, "Plan Width": 8, "Filter": "(((note)::text ~~ '%(VHS)%'::text) AND ((note)::text ~~ '%(USA)%'::text) AND ((note)::text ~~ '%(1994)%'::text))"}, {"Node Type": "Index Scan", "Parent Relationship": "Inner", "Scan Direction": "Forward", "Index Name": "company_type_pkey", "Relation Name": "company_type", "Alias": "ct", "Startup Cost": 0.0, "Total Cost": 0.48, "Plan Rows": 1, "Plan Width": 4, "Index Cond": "(id = mc.company_type_id)", "Filter": "((kind)::text = 'production companies'::text)"}]}, {"Node Type": "Index Scan", "Parent Relationship": "Inner", "Scan Direction": "Forward", "Index Name": "title_pkey", "Relation Name": "title", "Alias": "t", "Startup Cost": 0.0, "Total Cost": 8.27, "Plan Rows": 1, "Plan Width": 21, "Index Cond": "(id = mc.movie_id)", "Filter": "(production_year > 2010)"}]}, {"Node Type": "Index Scan", "Parent Relationship": "Inner", "Scan Direction": "Forward", "Index Name": "movie_id_movie_info", "Relation Name": "movie_info", "Alias": "mi", "Startup Cost": 0.0, "Total Cost": 2.46, "Plan Rows": 1, "Plan Width": 8, "Index Cond": "(movie_id = t.id)", "Filter": "((info)::text = ANY ('{USA,America}'::text[]))"}]}, {"Node Type": "Index Scan", "Parent Relationship": "Inner", "Scan Direction": "Forward", "Index Name": "info_type_pkey", "Relation Name": "info_type", "Alias": "it", "Startup Cost": 0.0, "Total Cost": 0.27, "Plan Rows": 1, "Plan Width": 4, "Index Cond": "(id = mi.info_type_id)"}]}]}, "Unique SQL Id": 328306525, "Planner Runtime": 7}, "explain_analyze_plan": {"Plan": {"Node Type": "Aggregate", "Strategy": "Plain", "Startup Cost": 61748.65, "Total Cost": 61748.66, "Plan Rows": 1, "Plan Width": 49, "Actual Startup Time": 963.636, "Actual Total Time": 963.637, "Actual Rows": 1, "Actual Loops": 1, "Plans": [{"Node Type": "Nested Loop", "Parent Relationship": "Outer", "Join Type": "Inner", "Startup Cost": 0.0, "Total Cost": 61748.59, "Plan Rows": 24, "Plan Width": 17, "Actual Startup Time": 963.629, "Actual Total Time": 963.629, "Actual Rows": 0, "Actual Loops": 1, "Inner Unique": true, "Plans": [{"Node Type": "Nested Loop", "Parent Relationship": "Outer", "Join Type": "Inner", "Startup Cost": 0.0, "Total Cost": 61741.87, "Plan Rows": 24, "Plan Width": 21, "Actual Startup Time": 963.627, "Actual Total Time": 963.627, "Actual Rows": 0, "Actual Loops": 1, "Inner Unique": false, "Plans": [{"Node Type": "Nested Loop", "Parent Relationship": "Outer", "Join Type": "Inner", "Startup Cost": 0.0, "Total Cost": 61662.88, "Plan Rows": 32, "Plan Width": 25, "Actual Startup Time": 963.626, "Actual Total Time": 963.626, "Actual Rows": 0, "Actual Loops": 1, "Inner Unique": true, "Plans": [{"Node Type": "Nested Loop", "Parent Relationship": "Outer", "Join Type": "Inner", "Startup Cost": 0.0, "Total Cost": 61414.41, "Plan Rows": 30, "Plan Width": 4, "Actual Startup Time": 963.624, "Actual Total Time": 963.624, "Actual Rows": 0, "Actual Loops": 1, "Inner Unique": true, "Plans": [{"Node Type": "Seq Scan", "Parent Relationship": "Outer", "Relation Name": "movie_companies", "Alias": "mc", "Startup Cost": 0.0, "Total Cost": 61385.74, "Plan Rows": 59, "Plan Width": 8, "Actual Startup Time": 3.889, "Actual Total Time": 961.596, "Actual Rows": 1418, "Actual Loops": 1, "Filter": "(((note)::text ~~ '%(VHS)%'::text) AND ((note)::text ~~ '%(USA)%'::text) AND ((note)::text ~~ '%(1994)%'::text))", "Rows Removed by Filter": 2607710}, {"Node Type": "Index Scan", "Parent Relationship": "Inner", "Scan Direction": "Forward", "Index Name": "company_type_pkey", "Relation Name": "company_type", "Alias": "ct", "Startup Cost": 0.0, "Total Cost": 0.48, "Plan Rows": 1, "Plan Width": 4, "Actual Startup Time": 1.119, "Actual Total Time": 1.119, "Actual Rows": 0, "Actual Loops": 1418, "Index Cond": "(id = mc.company_type_id)", "Rows Removed by Index Recheck": 0, "Filter": "((kind)::text = 'production companies'::text)", "Rows Removed by Filter": 0}]}, {"Node Type": "Index Scan", "Parent Relationship": "Inner", "Scan Direction": "Forward", "Index Name": "title_pkey", "Relation Name": "title", "Alias": "t", "Startup Cost": 0.0, "Total Cost": 8.27, "Plan Rows": 1, "Plan Width": 21, "Actual Startup Time": 0.0, "Actual Total Time": 0.0, "Index Cond": "(id = mc.movie_id)", "Rows Removed by Index Recheck": 0, "Filter": "(production_year > 2010)", "Rows Removed by Filter": 0}]}, {"Node Type": "Index Scan", "Parent Relationship": "Inner", "Scan Direction": "Forward", "Index Name": "movie_id_movie_info", "Relation Name": "movie_info", "Alias": "mi", "Startup Cost": 0.0, "Total Cost": 2.46, "Plan Rows": 1, "Plan Width": 8, "Actual Startup Time": 0.0, "Actual Total Time": 0.0, "Index Cond": "(movie_id = t.id)", "Rows Removed by Index Recheck": 0, "Filter": "((info)::text = ANY ('{USA,America}'::text[]))", "Rows Removed by Filter": 0}]}, {"Node Type": "Index Scan", "Parent Relationship": "Inner", "Scan Direction": "Forward", "Index Name": "info_type_pkey", "Relation Name": "info_type", "Alias": "it", "Startup Cost": 0.0, "Total Cost": 0.27, "Plan Rows": 1, "Plan Width": 4, "Actual Startup Time": 0.0, "Actual Total Time": 0.0, "Index Cond": "(id = mi.info_type_id)", "Rows Removed by Index Recheck": 0}]}]}, "Triggers": [], "Planner Runtime": 7.344, "Total Runtime": 963.889, "Unique SQL Id": 328306525}}, "(1, '77')": {"explain_plan": {"Plan": {"Node Type": "Aggregate", "Strategy": "Plain", "Startup Cost": 63248.6, "Total Cost": 63248.61, "Plan Rows": 1, "Plan Width": 49, "Plans": [{"Node Type": "Nested Loop", "Parent Relationship": "Outer", "Join Type": "Inner", "Startup Cost": 0.0, "Total Cost": 63248.54, "Plan Rows": 24, "Plan Width": 17, "Inner Unique": true, "Plans": [{"Node Type": "Nested Loop", "Parent Relationship": "Outer", "Join Type": "Inner", "Startup Cost": 0.0, "Total Cost": 63241.82, "Plan Rows": 24, "Plan Width": 21, "Inner Unique": false, "Plans": [{"Node Type": "Nested Loop", "Parent Relationship": "Outer", "Join Type": "Inner", "Startup Cost": 0.0, "Total Cost": 63162.83, "Plan Rows": 32, "Plan Width": 25, "Inner Unique": true, "Plans": [{"Node Type": "Nested Loop", "Parent Relationship": "Outer", "Join Type": "Inner", "Startup Cost": 0.0, "Total Cost": 62914.35, "Plan Rows": 30, "Plan Width": 4, "Inner Unique": false, "Plans": [{"Node Type": "Index Scan", "Parent Relationship": "Outer", "Scan Direction": "Forward", "Index Name": "company_type_pkey", "Relation Name": "company_type", "Alias": "ct", "Startup Cost": 0.0, "Total Cost": 12.3, "Plan Rows": 1, "Plan Width": 4, "Filter": "((kind)::text = 'production companies'::text)"}, {"Node Type": "Index Scan", "Parent Relationship": "Inner", "Scan Direction": "Forward", "Index Name": "company_type_id_movie_companies", "Relation Name": "movie_companies", "Alias": "mc", "Startup Cost": 0.0, "Total Cost": 62901.76, "Plan Rows": 29, "Plan Width": 8, "Index Cond": "(company_type_id = ct.id)", "Filter": "(((note)::text ~~ '%(VHS)%'::text) AND ((note)::text ~~ '%(USA)%'::text) AND ((note)::text ~~ '%(1994)%'::text))"}]}, {"Node Type": "Index Scan", "Parent Relationship": "Inner", "Scan Direction": "Forward", "Index Name": "title_pkey", "Relation Name": "title", "Alias": "t", "Startup Cost": 0.0, "Total Cost": 8.27, "Plan Rows": 1, "Plan Width": 21, "Index Cond": "(id = mc.movie_id)", "Filter": "(production_year > 2010)"}]}, {"Node Type": "Index Scan", "Parent Relationship": "Inner", "Scan Direction": "Forward", "Index Name": "movie_id_movie_info", "Relation Name": "movie_info", "Alias": "mi", "Startup Cost": 0.0, "Total Cost": 2.46, "Plan Rows": 1, "Plan Width": 8, "Index Cond": "(movie_id = t.id)", "Filter": "((info)::text = ANY ('{USA,America}'::text[]))"}]}, {"Node Type": "Index Scan", "Parent Relationship": "Inner", "Scan Direction": "Forward", "Index Name": "info_type_pkey", "Relation Name": "info_type", "Alias": "it", "Startup Cost": 0.0, "Total Cost": 0.27, "Plan Rows": 1, "Plan Width": 4, "Index Cond": "(id = mi.info_type_id)"}]}]}, "Unique SQL Id": 328306525, "Planner Runtime": 7}, "explain_analyze_plan": {"Plan": {"Node Type": "Aggregate", "Strategy": "Plain", "Startup Cost": 63248.6, "Total Cost": 63248.61, "Plan Rows": 1, "Plan Width": 49, "Actual Startup Time": 742.385, "Actual Total Time": 742.386, "Actual Rows": 1, "Actual Loops": 1, "Plans": [{"Node Type": "Nested Loop", "Parent Relationship": "Outer", "Join Type": "Inner", "Startup Cost": 0.0, "Total Cost": 63248.54, "Plan Rows": 24, "Plan Width": 17, "Actual Startup Time": 742.379, "Actual Total Time": 742.379, "Actual Rows": 0, "Actual Loops": 1, "Inner Unique": true, "Plans": [{"Node Type": "Nested Loop", "Parent Relationship": "Outer", "Join Type": "Inner", "Startup Cost": 0.0, "Total Cost": 63241.82, "Plan Rows": 24, "Plan Width": 21, "Actual Startup Time": 742.378, "Actual Total Time": 742.378, "Actual Rows": 0, "Actual Loops": 1, "Inner Unique": false, "Plans": [{"Node Type": "Nested Loop", "Parent Relationship": "Outer", "Join Type": "Inner", "Startup Cost": 0.0, "Total Cost": 63162.83, "Plan Rows": 32, "Plan Width": 25, "Actual Startup Time": 742.377, "Actual Total Time": 742.377, "Actual Rows": 0, "Actual Loops": 1, "Inner Unique": true, "Plans": [{"Node Type": "Nested Loop", "Parent Relationship": "Outer", "Join Type": "Inner", "Startup Cost": 0.0, "Total Cost": 62914.35, "Plan Rows": 30, "Plan Width": 4, "Actual Startup Time": 742.375, "Actual Total Time": 742.375, "Actual Rows": 0, "Actual Loops": 1, "Inner Unique": false, "Plans": [{"Node Type": "Index Scan", "Parent Relationship": "Outer", "Scan Direction": "Forward", "Index Name": "company_type_pkey", "Relation Name": "company_type", "Alias": "ct", "Startup Cost": 0.0, "Total Cost": 12.3, "Plan Rows": 1, "Plan Width": 4, "Actual Startup Time": 0.013, "Actual Total Time": 0.023, "Actual Rows": 1, "Actual Loops": 1, "Filter": "((kind)::text = 'production companies'::text)", "Rows Removed by Filter": 2}, {"Node Type": "Index Scan", "Parent Relationship": "Inner", "Scan Direction": "Forward", "Index Name": "company_type_id_movie_companies", "Relation Name": "movie_companies", "Alias": "mc", "Startup Cost": 0.0, "Total Cost": 62901.76, "Plan Rows": 29, "Plan Width": 8, "Actual Startup Time": 742.345, "Actual Total Time": 742.345, "Actual Rows": 0, "Actual Loops": 1, "Index Cond": "(company_type_id = ct.id)", "Rows Removed by Index Recheck": 0, "Filter": "(((note)::text ~~ '%(VHS)%'::text) AND ((note)::text ~~ '%(USA)%'::text) AND ((note)::text ~~ '%(1994)%'::text))", "Rows Removed by Filter": 1334883}]}, {"Node Type": "Index Scan", "Parent Relationship": "Inner", "Scan Direction": "Forward", "Index Name": "title_pkey", "Relation Name": "title", "Alias": "t", "Startup Cost": 0.0, "Total Cost": 8.27, "Plan Rows": 1, "Plan Width": 21, "Actual Startup Time": 0.0, "Actual Total Time": 0.0, "Index Cond": "(id = mc.movie_id)", "Rows Removed by Index Recheck": 0, "Filter": "(production_year > 2010)", "Rows Removed by Filter": 0}]}, {"Node Type": "Index Scan", "Parent Relationship": "Inner", "Scan Direction": "Forward", "Index Name": "movie_id_movie_info", "Relation Name": "movie_info", "Alias": "mi", "Startup Cost": 0.0, "Total Cost": 2.46, "Plan Rows": 1, "Plan Width": 8, "Actual Startup Time": 0.0, "Actual Total Time": 0.0, "Index Cond": "(movie_id = t.id)", "Rows Removed by Index Recheck": 0, "Filter": "((info)::text = ANY ('{USA,America}'::text[]))", "Rows Removed by Filter": 0}]}, {"Node Type": "Index Scan", "Parent Relationship": "Inner", "Scan Direction": "Forward", "Index Name": "info_type_pkey", "Relation Name": "info_type", "Alias": "it", "Startup Cost": 0.0, "Total Cost": 0.27, "Plan Rows": 1, "Plan Width": 4, "Actual Startup Time": 0.0, "Actual Total Time": 0.0, "Index Cond": "(id = mi.info_type_id)", "Rows Removed by Index Recheck": 0}]}]}, "Triggers": [], "Planner Runtime": 7.216, "Total Runtime": 742.642, "Unique SQL Id": 328306525}}, "(1, '78')": {"explain_plan": {"Plan": {"Node Type": "Aggregate", "Strategy": "Plain", "Startup Cost": 467166.99, "Total Cost": 467167.0, "Plan Rows": 1, "Plan Width": 49, "Plans": [{"Node Type": "Hash Join", "Parent Relationship": "Outer", "Join Type": "Inner", "Startup Cost": 130810.31, "Total Cost": 467166.93, "Plan Rows": 24, "Plan Width": 17, "Inner Unique": true, "Hash Cond": "(mi.info_type_id = it.id)", "Plans": [{"Node Type": "Hash Join", "Parent Relationship": "Outer", "Join Type": "Inner", "Startup Cost": 130806.79, "Total Cost": 467163.08, "Plan Rows": 24, "Plan Width": 21, "Inner Unique": false, "Hash Cond": "(mi.movie_id = t.id)", "Plans": [{"Node Type": "Seq Scan", "Parent Relationship": "Outer", "Relation Name": "movie_info", "Alias": "mi", "Startup Cost": 0.0, "Total Cost": 334162.58, "Plan Rows": 584897, "Plan Width": 8, "Filter": "((info)::text = ANY ('{USA,America}'::text[]))"}, {"Node Type": "Hash", "Parent Relationship": "Inner", "Startup Cost": 130806.39, "Total Cost": 130806.39, "Plan Rows": 32, "Plan Width": 25, "Plans": [{"Node Type": "Hash Join", "Parent Relationship": "Outer", "Join Type": "Inner", "Startup Cost": 61387.61, "Total Cost": 130806.39, "Plan Rows": 32, "Plan Width": 25, "Inner Unique": false, "Hash Cond": "(t.id = mc.movie_id)", "Plans": [{"Node Type": "Seq Scan", "Parent Relationship": "Outer", "Relation Name": "title", "Alias": "t", "Startup Cost": 0.0, "Total Cost": 66389.89, "Plan Rows": 391451, "Plan Width": 21, "Filter": "(production_year > 2010), (LLVM Optimized)"}, {"Node Type": "Hash", "Parent Relationship": "Inner", "Startup Cost": 61387.24, "Total Cost": 61387.24, "Plan Rows": 30, "Plan Width": 4, "Plans": [{"Node Type": "Hash Join", "Parent Relationship": "Outer", "Join Type": "Inner", "Startup Cost": 1.05, "Total Cost": 61387.24, "Plan Rows": 30, "Plan Width": 4, "Inner Unique": true, "Hash Cond": "(mc.company_type_id = ct.id)", "Plans": [{"Node Type": "Seq Scan", "Parent Relationship": "Outer", "Relation Name": "movie_companies", "Alias": "mc", "Startup Cost": 0.0, "Total Cost": 61385.74, "Plan Rows": 59, "Plan Width": 8, "Filter": "(((note)::text ~~ '%(VHS)%'::text) AND ((note)::text ~~ '%(USA)%'::text) AND ((note)::text ~~ '%(1994)%'::text))"}, {"Node Type": "Hash", "Parent Relationship": "Inner", "Startup Cost": 1.04, "Total Cost": 1.04, "Plan Rows": 1, "Plan Width": 4, "Plans": [{"Node Type": "Seq Scan", "Parent Relationship": "Outer", "Relation Name": "company_type", "Alias": "ct", "Startup Cost": 0.0, "Total Cost": 1.04, "Plan Rows": 1, "Plan Width": 4, "Filter": "((kind)::text = 'production companies'::text)"}]}]}]}]}]}]}, {"Node Type": "Hash", "Parent Relationship": "Inner", "Startup Cost": 2.12, "Total Cost": 2.12, "Plan Rows": 112, "Plan Width": 4, "Plans": [{"Node Type": "Seq Scan", "Parent Relationship": "Outer", "Relation Name": "info_type", "Alias": "it", "Startup Cost": 0.0, "Total Cost": 2.12, "Plan Rows": 112, "Plan Width": 4}]}]}]}, "Unique SQL Id": 328306525, "Planner Runtime": 8}, "explain_analyze_plan": {"Plan": {"Node Type": "Aggregate", "Strategy": "Plain", "Startup Cost": 467166.99, "Total Cost": 467167.0, "Plan Rows": 1, "Plan Width": 49, "Actual Startup Time": 1372.435, "Actual Total Time": 1372.436, "Actual Rows": 1, "Actual Loops": 1, "Plans": [{"Node Type": "Hash Join", "Parent Relationship": "Outer", "Join Type": "Inner", "Startup Cost": 130810.31, "Total Cost": 467166.93, "Plan Rows": 24, "Plan Width": 17, "Actual Startup Time": 1372.424, "Actual Total Time": 1372.424, "Actual Rows": 0, "Actual Loops": 1, "Inner Unique": true, "Hash Cond": "(mi.info_type_id = it.id)", "Plans": [{"Node Type": "Hash Join", "Parent Relationship": "Outer", "Join Type": "Inner", "Startup Cost": 130806.79, "Total Cost": 467163.08, "Plan Rows": 24, "Plan Width": 21, "Actual Startup Time": 1372.274, "Actual Total Time": 1372.274, "Actual Rows": 0, "Actual Loops": 1, "Inner Unique": false, "Hash Cond": "(mi.movie_id = t.id)", "Plans": [{"Node Type": "Seq Scan", "Parent Relationship": "Outer", "Relation Name": "movie_info", "Alias": "mi", "Startup Cost": 0.0, "Total Cost": 334162.58, "Plan Rows": 584897, "Plan Width": 8, "Actual Startup Time": 427.769, "Actual Total Time": 427.769, "Actual Rows": 1, "Actual Loops": 1, "Filter": "((info)::text = ANY ('{USA,America}'::text[]))", "Rows Removed by Filter": 1053697}, {"Node Type": "Hash", "Parent Relationship": "Inner", "Startup Cost": 130806.39, "Total Cost": 130806.39, "Plan Rows": 32, "Plan Width": 25, "Actual Startup Time": 944.405, "Actual Total Time": 944.405, "Actual Rows": 0, "Actual Loops": 1, "Hash Buckets": 32768, "Hash Batches": 1, "Original Hash Batches": 1, "Peak Memory Usage": 0, "Plans": [{"Node Type": "Hash Join", "Parent Relationship": "Outer", "Join Type": "Inner", "Startup Cost": 61387.61, "Total Cost": 130806.39, "Plan Rows": 32, "Plan Width": 25, "Actual Startup Time": 944.401, "Actual Total Time": 944.401, "Actual Rows": 0, "Actual Loops": 1, "Inner Unique": false, "Hash Cond": "(t.id = mc.movie_id)", "Plans": [{"Node Type": "Seq Scan", "Parent Relationship": "Outer", "Relation Name": "title", "Alias": "t", "Startup Cost": 0.0, "Total Cost": 66389.89, "Plan Rows": 391451, "Plan Width": 21, "Actual Startup Time": 0.049, "Actual Total Time": 0.049, "Actual Rows": 1, "Actual Loops": 1, "Filter": "(production_year > 2010), (LLVM Optimized, Jit Execute)", "Rows Removed by Filter": 2}, {"Node Type": "Hash", "Parent Relationship": "Inner", "Startup Cost": 61387.24, "Total Cost": 61387.24, "Plan Rows": 30, "Plan Width": 4, "Actual Startup Time": 944.245, "Actual Total Time": 944.245, "Actual Rows": 0, "Actual Loops": 1, "Hash Buckets": 32768, "Hash Batches": 1, "Original Hash Batches": 1, "Peak Memory Usage": 0, "Plans": [{"Node Type": "Hash Join", "Parent Relationship": "Outer", "Join Type": "Inner", "Startup Cost": 1.05, "Total Cost": 61387.24, "Plan Rows": 30, "Plan Width": 4, "Actual Startup Time": 944.242, "Actual Total Time": 944.242, "Actual Rows": 0, "Actual Loops": 1, "Inner Unique": true, "Hash Cond": "(mc.company_type_id = ct.id)", "Plans": [{"Node Type": "Seq Scan", "Parent Relationship": "Outer", "Relation Name": "movie_companies", "Alias": "mc", "Startup Cost": 0.0, "Total Cost": 61385.74, "Plan Rows": 59, "Plan Width": 8, "Actual Startup Time": 3.897, "Actual Total Time": 943.775, "Actual Rows": 1418, "Actual Loops": 1, "Filter": "(((note)::text ~~ '%(VHS)%'::text) AND ((note)::text ~~ '%(USA)%'::text) AND ((note)::text ~~ '%(1994)%'::text))", "Rows Removed by Filter": 2607710}, {"Node Type": "Hash", "Parent Relationship": "Inner", "Startup Cost": 1.04, "Total Cost": 1.04, "Plan Rows": 1, "Plan Width": 4, "Actual Startup Time": 0.029, "Actual Total Time": 0.029, "Actual Rows": 1, "Actual Loops": 1, "Hash Buckets": 32768, "Hash Batches": 1, "Original Hash Batches": 1, "Peak Memory Usage": 1, "Plans": [{"Node Type": "Seq Scan", "Parent Relationship": "Outer", "Relation Name": "company_type", "Alias": "ct", "Startup Cost": 0.0, "Total Cost": 1.04, "Plan Rows": 1, "Plan Width": 4, "Actual Startup Time": 0.017, "Actual Total Time": 0.019, "Actual Rows": 1, "Actual Loops": 1, "Filter": "((kind)::text = 'production companies'::text)", "Rows Removed by Filter": 2}]}]}]}]}]}]}, {"Node Type": "Hash", "Parent Relationship": "Inner", "Startup Cost": 2.12, "Total Cost": 2.12, "Plan Rows": 112, "Plan Width": 4, "Actual Startup Time": 0.097, "Actual Total Time": 0.097, "Actual Rows": 112, "Actual Loops": 1, "Hash Buckets": 32768, "Hash Batches": 1, "Original Hash Batches": 1, "Peak Memory Usage": 4, "Plans": [{"Node Type": "Seq Scan", "Parent Relationship": "Outer", "Relation Name": "info_type", "Alias": "it", "Startup Cost": 0.0, "Total Cost": 2.12, "Plan Rows": 112, "Plan Width": 4, "Actual Startup Time": 0.033, "Actual Total Time": 0.055, "Actual Rows": 112, "Actual Loops": 1}]}]}]}, "Triggers": [], "Planner Runtime": 8.613, "Total Runtime": 1380.957, "Unique SQL Id": 328306525}}, "(1, '79')": {"explain_plan": {"Plan": {"Node Type": "Aggregate", "Strategy": "Plain", "Startup Cost": 4999003668151.02, "Total Cost": 4999003668151.03, "Plan Rows": 1, "Plan Width": 49, "Plans": [{"Node Type": "Hash Join", "Parent Relationship": "Outer", "Join Type": "Inner", "Startup Cost": 2030025293443.82, "Total Cost": 4999003668150.96, "Plan Rows": 24, "Plan Width": 17, "Inner Unique": true, "Hash Cond": "(mi.info_type_id = it.id)", "Plans": [{"Node Type": "Hash Join", "Parent Relationship": "Outer", "Join Type": "Inner", "Startup Cost": 1030025292049.42, "Total Cost": 3999003666756.24, "Plan Rows": 24, "Plan Width": 21, "Inner Unique": true, "Hash Cond": "(mc.company_type_id = ct.id)", "Plans": [{"Node Type": "Merge Join", "Parent Relationship": "Outer", "Join Type": "Inner", "Startup Cost": 30025290819.16, "Total Cost": 2999003665525.61, "Plan Rows": 49, "Plan Width": 25, "Inner Unique": true, "Merge Cond": "(mi.movie_id = t.id)", "Plans": [{"Node Type": "Merge Join", "Parent Relationship": "Outer", "Join Type": "Inner", "Startup Cost": 20000000000.0, "Total Cost": 1999692576110.4, "Plan Rows": 66, "Plan Width": 16, "Inner Unique": false, "Merge Cond": "(mc.movie_id = mi.movie_id)", "Plans": [{"Node Type": "Index Scan", "Parent Relationship": "Outer", "Scan Direction": "Forward", "Index Name": "movie_id_movie_companies", "Relation Name": "movie_companies", "Alias": "mc", "Startup Cost": 10000000000.0, "Total Cost": 1000015008792.13, "Plan Rows": 59, "Plan Width": 8, "Filter": "(((note)::text ~~ '%(VHS)%'::text) AND ((note)::text ~~ '%(USA)%'::text) AND ((note)::text ~~ '%(1994)%'::text))"}, {"Node Type": "Index Scan", "Parent Relationship": "Inner", "Scan Direction": "Forward", "Index Name": "movie_id_movie_info", "Relation Name": "movie_info", "Alias": "mi", "Startup Cost": 10000000000.0, "Total Cost": 1000107534403.72, "Plan Rows": 584897, "Plan Width": 8, "Filter": "((info)::text = ANY ('{USA,America}'::text[]))"}]}, {"Node Type": "Index Scan", "Parent Relationship": "Inner", "Scan Direction": "Forward", "Index Name": "title_pkey", "Relation Name": "title", "Alias": "t", "Startup Cost": 10000000000.0, "Total Cost": 1000011644126.66, "Plan Rows": 391451, "Plan Width": 21, "Filter": "(production_year > 2010), (LLVM Optimized)"}]}, {"Node Type": "Hash", "Parent Relationship": "Inner", "Startup Cost": 1000000001230.25, "Total Cost": 1000000001230.25, "Plan Rows": 1, "Plan Width": 4, "Plans": [{"Node Type": "Index Scan", "Parent Relationship": "Outer", "Scan Direction": "Forward", "Index Name": "company_type_pkey", "Relation Name": "company_type", "Alias": "ct", "Startup Cost": 10000000000.0, "Total Cost": 1000000001230.25, "Plan Rows": 1, "Plan Width": 4, "Filter": "((kind)::text = 'production companies'::text)"}]}]}, {"Node Type": "Hash", "Parent Relationship": "Inner", "Startup Cost": 1000000001393.0, "Total Cost": 1000000001393.0, "Plan Rows": 112, "Plan Width": 4, "Plans": [{"Node Type": "Index Scan", "Parent Relationship": "Outer", "Scan Direction": "Forward", "Index Name": "info_type_pkey", "Relation Name": "info_type", "Alias": "it", "Startup Cost": 10000000000.0, "Total Cost": 1000000001393.0, "Plan Rows": 112, "Plan Width": 4}]}]}]}, "Unique SQL Id": 328306525, "Planner Runtime": 13}, "explain_analyze_plan": null}, "(1, '80')": {"explain_plan": {"Plan": {"Node Type": "Aggregate", "Strategy": "Plain", "Startup Cost": 61748.65, "Total Cost": 61748.66, "Plan Rows": 1, "Plan Width": 49, "Plans": [{"Node Type": "Nested Loop", "Parent Relationship": "Outer", "Join Type": "Inner", "Startup Cost": 0.0, "Total Cost": 61748.59, "Plan Rows": 24, "Plan Width": 17, "Inner Unique": true, "Plans": [{"Node Type": "Nested Loop", "Parent Relationship": "Outer", "Join Type": "Inner", "Startup Cost": 0.0, "Total Cost": 61741.87, "Plan Rows": 24, "Plan Width": 21, "Inner Unique": false, "Plans": [{"Node Type": "Nested Loop", "Parent Relationship": "Outer", "Join Type": "Inner", "Startup Cost": 0.0, "Total Cost": 61662.88, "Plan Rows": 32, "Plan Width": 25, "Inner Unique": true, "Plans": [{"Node Type": "Nested Loop", "Parent Relationship": "Outer", "Join Type": "Inner", "Startup Cost": 0.0, "Total Cost": 61414.41, "Plan Rows": 30, "Plan Width": 4, "Inner Unique": true, "Plans": [{"Node Type": "Seq Scan", "Parent Relationship": "Outer", "Relation Name": "movie_companies", "Alias": "mc", "Startup Cost": 0.0, "Total Cost": 61385.74, "Plan Rows": 59, "Plan Width": 8, "Filter": "(((note)::text ~~ '%(VHS)%'::text) AND ((note)::text ~~ '%(USA)%'::text) AND ((note)::text ~~ '%(1994)%'::text))"}, {"Node Type": "Index Scan", "Parent Relationship": "Inner", "Scan Direction": "Forward", "Index Name": "company_type_pkey", "Relation Name": "company_type", "Alias": "ct", "Startup Cost": 0.0, "Total Cost": 0.48, "Plan Rows": 1, "Plan Width": 4, "Index Cond": "(id = mc.company_type_id)", "Filter": "((kind)::text = 'production companies'::text)"}]}, {"Node Type": "Index Scan", "Parent Relationship": "Inner", "Scan Direction": "Forward", "Index Name": "title_pkey", "Relation Name": "title", "Alias": "t", "Startup Cost": 0.0, "Total Cost": 8.27, "Plan Rows": 1, "Plan Width": 21, "Index Cond": "(id = mc.movie_id)", "Filter": "(production_year > 2010)"}]}, {"Node Type": "Index Scan", "Parent Relationship": "Inner", "Scan Direction": "Forward", "Index Name": "movie_id_movie_info", "Relation Name": "movie_info", "Alias": "mi", "Startup Cost": 0.0, "Total Cost": 2.46, "Plan Rows": 1, "Plan Width": 8, "Index Cond": "(movie_id = t.id)", "Filter": "((info)::text = ANY ('{USA,America}'::text[]))"}]}, {"Node Type": "Index Only Scan", "Parent Relationship": "Inner", "Scan Direction": "Forward", "Index Name": "info_type_pkey", "Relation Name": "info_type", "Alias": "it", "Startup Cost": 0.0, "Total Cost": 0.27, "Plan Rows": 1, "Plan Width": 4, "Index Cond": "(id = mi.info_type_id)"}]}]}, "Unique SQL Id": 328306525, "Planner Runtime": 7}, "explain_analyze_plan": {"Plan": {"Node Type": "Aggregate", "Strategy": "Plain", "Startup Cost": 61748.65, "Total Cost": 61748.66, "Plan Rows": 1, "Plan Width": 49, "Actual Startup Time": 946.929, "Actual Total Time": 946.929, "Actual Rows": 1, "Actual Loops": 1, "Plans": [{"Node Type": "Nested Loop", "Parent Relationship": "Outer", "Join Type": "Inner", "Startup Cost": 0.0, "Total Cost": 61748.59, "Plan Rows": 24, "Plan Width": 17, "Actual Startup Time": 946.921, "Actual Total Time": 946.921, "Actual Rows": 0, "Actual Loops": 1, "Inner Unique": true, "Plans": [{"Node Type": "Nested Loop", "Parent Relationship": "Outer", "Join Type": "Inner", "Startup Cost": 0.0, "Total Cost": 61741.87, "Plan Rows": 24, "Plan Width": 21, "Actual Startup Time": 946.918, "Actual Total Time": 946.918, "Actual Rows": 0, "Actual Loops": 1, "Inner Unique": false, "Plans": [{"Node Type": "Nested Loop", "Parent Relationship": "Outer", "Join Type": "Inner", "Startup Cost": 0.0, "Total Cost": 61662.88, "Plan Rows": 32, "Plan Width": 25, "Actual Startup Time": 946.917, "Actual Total Time": 946.917, "Actual Rows": 0, "Actual Loops": 1, "Inner Unique": true, "Plans": [{"Node Type": "Nested Loop", "Parent Relationship": "Outer", "Join Type": "Inner", "Startup Cost": 0.0, "Total Cost": 61414.41, "Plan Rows": 30, "Plan Width": 4, "Actual Startup Time": 946.916, "Actual Total Time": 946.916, "Actual Rows": 0, "Actual Loops": 1, "Inner Unique": true, "Plans": [{"Node Type": "Seq Scan", "Parent Relationship": "Outer", "Relation Name": "movie_companies", "Alias": "mc", "Startup Cost": 0.0, "Total Cost": 61385.74, "Plan Rows": 59, "Plan Width": 8, "Actual Startup Time": 3.922, "Actual Total Time": 944.829, "Actual Rows": 1418, "Actual Loops": 1, "Filter": "(((note)::text ~~ '%(VHS)%'::text) AND ((note)::text ~~ '%(USA)%'::text) AND ((note)::text ~~ '%(1994)%'::text))", "Rows Removed by Filter": 2607710}, {"Node Type": "Index Scan", "Parent Relationship": "Inner", "Scan Direction": "Forward", "Index Name": "company_type_pkey", "Relation Name": "company_type", "Alias": "ct", "Startup Cost": 0.0, "Total Cost": 0.48, "Plan Rows": 1, "Plan Width": 4, "Actual Startup Time": 1.197, "Actual Total Time": 1.197, "Actual Rows": 0, "Actual Loops": 1418, "Index Cond": "(id = mc.company_type_id)", "Rows Removed by Index Recheck": 0, "Filter": "((kind)::text = 'production companies'::text)", "Rows Removed by Filter": 0}]}, {"Node Type": "Index Scan", "Parent Relationship": "Inner", "Scan Direction": "Forward", "Index Name": "title_pkey", "Relation Name": "title", "Alias": "t", "Startup Cost": 0.0, "Total Cost": 8.27, "Plan Rows": 1, "Plan Width": 21, "Actual Startup Time": 0.0, "Actual Total Time": 0.0, "Index Cond": "(id = mc.movie_id)", "Rows Removed by Index Recheck": 0, "Filter": "(production_year > 2010)", "Rows Removed by Filter": 0}]}, {"Node Type": "Index Scan", "Parent Relationship": "Inner", "Scan Direction": "Forward", "Index Name": "movie_id_movie_info", "Relation Name": "movie_info", "Alias": "mi", "Startup Cost": 0.0, "Total Cost": 2.46, "Plan Rows": 1, "Plan Width": 8, "Actual Startup Time": 0.0, "Actual Total Time": 0.0, "Index Cond": "(movie_id = t.id)", "Rows Removed by Index Recheck": 0, "Filter": "((info)::text = ANY ('{USA,America}'::text[]))", "Rows Removed by Filter": 0}]}, {"Node Type": "Index Only Scan", "Parent Relationship": "Inner", "Scan Direction": "Forward", "Index Name": "info_type_pkey", "Relation Name": "info_type", "Alias": "it", "Startup Cost": 0.0, "Total Cost": 0.27, "Plan Rows": 1, "Plan Width": 4, "Actual Startup Time": 0.0, "Actual Total Time": 0.0, "Index Cond": "(id = mi.info_type_id)", "Rows Removed by Index Recheck": 0, "Heap Fetches": 0}]}]}, "Triggers": [], "Planner Runtime": 7.384, "Total Runtime": 947.266, "Unique SQL Id": 328306525}}, "(1, '81')": {"explain_plan": {"Plan": {"Node Type": "Aggregate", "Strategy": "Plain", "Startup Cost": 63248.6, "Total Cost": 63248.61, "Plan Rows": 1, "Plan Width": 49, "Plans": [{"Node Type": "Nested Loop", "Parent Relationship": "Outer", "Join Type": "Inner", "Startup Cost": 0.0, "Total Cost": 63248.54, "Plan Rows": 24, "Plan Width": 17, "Inner Unique": true, "Plans": [{"Node Type": "Nested Loop", "Parent Relationship": "Outer", "Join Type": "Inner", "Startup Cost": 0.0, "Total Cost": 63241.82, "Plan Rows": 24, "Plan Width": 21, "Inner Unique": false, "Plans": [{"Node Type": "Nested Loop", "Parent Relationship": "Outer", "Join Type": "Inner", "Startup Cost": 0.0, "Total Cost": 63162.83, "Plan Rows": 32, "Plan Width": 25, "Inner Unique": true, "Plans": [{"Node Type": "Nested Loop", "Parent Relationship": "Outer", "Join Type": "Inner", "Startup Cost": 0.0, "Total Cost": 62914.35, "Plan Rows": 30, "Plan Width": 4, "Inner Unique": false, "Plans": [{"Node Type": "Index Scan", "Parent Relationship": "Outer", "Scan Direction": "Forward", "Index Name": "company_type_pkey", "Relation Name": "company_type", "Alias": "ct", "Startup Cost": 0.0, "Total Cost": 12.3, "Plan Rows": 1, "Plan Width": 4, "Filter": "((kind)::text = 'production companies'::text)"}, {"Node Type": "Index Scan", "Parent Relationship": "Inner", "Scan Direction": "Forward", "Index Name": "company_type_id_movie_companies", "Relation Name": "movie_companies", "Alias": "mc", "Startup Cost": 0.0, "Total Cost": 62901.76, "Plan Rows": 29, "Plan Width": 8, "Index Cond": "(company_type_id = ct.id)", "Filter": "(((note)::text ~~ '%(VHS)%'::text) AND ((note)::text ~~ '%(USA)%'::text) AND ((note)::text ~~ '%(1994)%'::text))"}]}, {"Node Type": "Index Scan", "Parent Relationship": "Inner", "Scan Direction": "Forward", "Index Name": "title_pkey", "Relation Name": "title", "Alias": "t", "Startup Cost": 0.0, "Total Cost": 8.27, "Plan Rows": 1, "Plan Width": 21, "Index Cond": "(id = mc.movie_id)", "Filter": "(production_year > 2010)"}]}, {"Node Type": "Index Scan", "Parent Relationship": "Inner", "Scan Direction": "Forward", "Index Name": "movie_id_movie_info", "Relation Name": "movie_info", "Alias": "mi", "Startup Cost": 0.0, "Total Cost": 2.46, "Plan Rows": 1, "Plan Width": 8, "Index Cond": "(movie_id = t.id)", "Filter": "((info)::text = ANY ('{USA,America}'::text[]))"}]}, {"Node Type": "Index Only Scan", "Parent Relationship": "Inner", "Scan Direction": "Forward", "Index Name": "info_type_pkey", "Relation Name": "info_type", "Alias": "it", "Startup Cost": 0.0, "Total Cost": 0.27, "Plan Rows": 1, "Plan Width": 4, "Index Cond": "(id = mi.info_type_id)"}]}]}, "Unique SQL Id": 328306525, "Planner Runtime": 7}, "explain_analyze_plan": {"Plan": {"Node Type": "Aggregate", "Strategy": "Plain", "Startup Cost": 63248.6, "Total Cost": 63248.61, "Plan Rows": 1, "Plan Width": 49, "Actual Startup Time": 640.136, "Actual Total Time": 640.136, "Actual Rows": 1, "Actual Loops": 1, "Plans": [{"Node Type": "Nested Loop", "Parent Relationship": "Outer", "Join Type": "Inner", "Startup Cost": 0.0, "Total Cost": 63248.54, "Plan Rows": 24, "Plan Width": 17, "Actual Startup Time": 640.125, "Actual Total Time": 640.125, "Actual Rows": 0, "Actual Loops": 1, "Inner Unique": true, "Plans": [{"Node Type": "Nested Loop", "Parent Relationship": "Outer", "Join Type": "Inner", "Startup Cost": 0.0, "Total Cost": 63241.82, "Plan Rows": 24, "Plan Width": 21, "Actual Startup Time": 640.123, "Actual Total Time": 640.123, "Actual Rows": 0, "Actual Loops": 1, "Inner Unique": false, "Plans": [{"Node Type": "Nested Loop", "Parent Relationship": "Outer", "Join Type": "Inner", "Startup Cost": 0.0, "Total Cost": 63162.83, "Plan Rows": 32, "Plan Width": 25, "Actual Startup Time": 640.123, "Actual Total Time": 640.123, "Actual Rows": 0, "Actual Loops": 1, "Inner Unique": true, "Plans": [{"Node Type": "Nested Loop", "Parent Relationship": "Outer", "Join Type": "Inner", "Startup Cost": 0.0, "Total Cost": 62914.35, "Plan Rows": 30, "Plan Width": 4, "Actual Startup Time": 640.122, "Actual Total Time": 640.122, "Actual Rows": 0, "Actual Loops": 1, "Inner Unique": false, "Plans": [{"Node Type": "Index Scan", "Parent Relationship": "Outer", "Scan Direction": "Forward", "Index Name": "company_type_pkey", "Relation Name": "company_type", "Alias": "ct", "Startup Cost": 0.0, "Total Cost": 12.3, "Plan Rows": 1, "Plan Width": 4, "Actual Startup Time": 0.026, "Actual Total Time": 0.033, "Actual Rows": 1, "Actual Loops": 1, "Filter": "((kind)::text = 'production companies'::text)", "Rows Removed by Filter": 2}, {"Node Type": "Index Scan", "Parent Relationship": "Inner", "Scan Direction": "Forward", "Index Name": "company_type_id_movie_companies", "Relation Name": "movie_companies", "Alias": "mc", "Startup Cost": 0.0, "Total Cost": 62901.76, "Plan Rows": 29, "Plan Width": 8, "Actual Startup Time": 640.079, "Actual Total Time": 640.079, "Actual Rows": 0, "Actual Loops": 1, "Index Cond": "(company_type_id = ct.id)", "Rows Removed by Index Recheck": 0, "Filter": "(((note)::text ~~ '%(VHS)%'::text) AND ((note)::text ~~ '%(USA)%'::text) AND ((note)::text ~~ '%(1994)%'::text))", "Rows Removed by Filter": 1334883}]}, {"Node Type": "Index Scan", "Parent Relationship": "Inner", "Scan Direction": "Forward", "Index Name": "title_pkey", "Relation Name": "title", "Alias": "t", "Startup Cost": 0.0, "Total Cost": 8.27, "Plan Rows": 1, "Plan Width": 21, "Actual Startup Time": 0.0, "Actual Total Time": 0.0, "Index Cond": "(id = mc.movie_id)", "Rows Removed by Index Recheck": 0, "Filter": "(production_year > 2010)", "Rows Removed by Filter": 0}]}, {"Node Type": "Index Scan", "Parent Relationship": "Inner", "Scan Direction": "Forward", "Index Name": "movie_id_movie_info", "Relation Name": "movie_info", "Alias": "mi", "Startup Cost": 0.0, "Total Cost": 2.46, "Plan Rows": 1, "Plan Width": 8, "Actual Startup Time": 0.0, "Actual Total Time": 0.0, "Index Cond": "(movie_id = t.id)", "Rows Removed by Index Recheck": 0, "Filter": "((info)::text = ANY ('{USA,America}'::text[]))", "Rows Removed by Filter": 0}]}, {"Node Type": "Index Only Scan", "Parent Relationship": "Inner", "Scan Direction": "Forward", "Index Name": "info_type_pkey", "Relation Name": "info_type", "Alias": "it", "Startup Cost": 0.0, "Total Cost": 0.27, "Plan Rows": 1, "Plan Width": 4, "Actual Startup Time": 0.0, "Actual Total Time": 0.0, "Index Cond": "(id = mi.info_type_id)", "Rows Removed by Index Recheck": 0, "Heap Fetches": 0}]}]}, "Triggers": [], "Planner Runtime": 7.646, "Total Runtime": 640.429, "Unique SQL Id": 328306525}}, "(1, '82')": {"explain_plan": {"Plan": {"Node Type": "Aggregate", "Strategy": "Plain", "Startup Cost": 62363.9, "Total Cost": 62363.91, "Plan Rows": 1, "Plan Width": 49, "Plans": [{"Node Type": "Nested Loop", "Parent Relationship": "Outer", "Join Type": "Inner", "Startup Cost": 61393.53, "Total Cost": 62363.84, "Plan Rows": 24, "Plan Width": 17, "Inner Unique": true, "Plans": [{"Node Type": "Nested Loop", "Parent Relationship": "Outer", "Join Type": "Inner", "Startup Cost": 61393.28, "Total Cost": 62261.11, "Plan Rows": 24, "Plan Width": 21, "Inner Unique": true, "Plans": [{"Node Type": "Nested Loop", "Parent Relationship": "Outer", "Join Type": "Inner", "Startup Cost": 61392.96, "Total Cost": 62117.69, "Plan Rows": 33, "Plan Width": 12, "Inner Unique": false, "Plans": [{"Node Type": "Merge Join", "Parent Relationship": "Outer", "Join Type": "Inner", "Startup Cost": 61388.67, "Total Cost": 61389.13, "Plan Rows": 30, "Plan Width": 4, "Inner Unique": false, "Merge Cond": "(ct.id = mc.company_type_id)", "Plans": [{"Node Type": "Sort", "Parent Relationship": "Outer", "Startup Cost": 1.05, "Total Cost": 1.05, "Plan Rows": 1, "Plan Width": 4, "Sort Key": ["ct.id"], "Plans": [{"Node Type": "Seq Scan", "Parent Relationship": "Outer", "Relation Name": "company_type", "Alias": "ct", "Startup Cost": 0.0, "Total Cost": 1.04, "Plan Rows": 1, "Plan Width": 4, "Filter": "((kind)::text = 'production companies'::text)"}]}, {"Node Type": "Sort", "Parent Relationship": "Inner", "Startup Cost": 61387.48, "Total Cost": 61387.62, "Plan Rows": 59, "Plan Width": 8, "Sort Key": ["mc.company_type_id"], "Plans": [{"Node Type": "Seq Scan", "Parent Relationship": "Outer", "Relation Name": "movie_companies", "Alias": "mc", "Startup Cost": 0.0, "Total Cost": 61385.74, "Plan Rows": 59, "Plan Width": 8, "Filter": "(((note)::text ~~ '%(VHS)%'::text) AND ((note)::text ~~ '%(USA)%'::text) AND ((note)::text ~~ '%(1994)%'::text))"}]}]}, {"Node Type": "Bitmap Heap Scan", "Parent Relationship": "Inner", "Relation Name": "movie_info", "Alias": "mi", "Startup Cost": 4.29, "Total Cost": 24.28, "Plan Rows": 1, "Plan Width": 8, "Recheck Cond": "(movie_id = mc.movie_id)", "Filter": "((info)::text = ANY ('{USA,America}'::text[]))", "Plans": [{"Node Type": "Bitmap Index Scan", "Parent Relationship": "Outer", "Index Name": "movie_id_movie_info", "Startup Cost": 0.0, "Total Cost": 4.29, "Plan Rows": 5, "Plan Width": 0, "Index Cond": "(movie_id = mc.movie_id)"}]}]}, {"Node Type": "Bitmap Heap Scan", "Parent Relationship": "Inner", "Relation Name": "title", "Alias": "t", "Startup Cost": 0.32, "Total Cost": 4.34, "Plan Rows": 1, "Plan Width": 21, "Recheck Cond": "(id = mi.movie_id)", "Filter": "(production_year > 2010)", "Plans": [{"Node Type": "Bitmap Index Scan", "Parent Relationship": "Outer", "Index Name": "title_pkey", "Startup Cost": 0.0, "Total Cost": 0.32, "Plan Rows": 1, "Plan Width": 0, "Index Cond": "(id = mi.movie_id)"}]}]}, {"Node Type": "Bitmap Heap Scan", "Parent Relationship": "Inner", "Relation Name": "info_type", "Alias": "it", "Startup Cost": 0.26, "Total Cost": 4.27, "Plan Rows": 1, "Plan Width": 4, "Recheck Cond": "(id = mi.info_type_id)", "Plans": [{"Node Type": "Bitmap Index Scan", "Parent Relationship": "Outer", "Index Name": "info_type_pkey", "Startup Cost": 0.0, "Total Cost": 0.26, "Plan Rows": 1, "Plan Width": 0, "Index Cond": "(id = mi.info_type_id)"}]}]}]}, "Unique SQL Id": 328306525, "Planner Runtime": 6}, "explain_analyze_plan": {"Plan": {"Node Type": "Aggregate", "Strategy": "Plain", "Startup Cost": 62363.9, "Total Cost": 62363.91, "Plan Rows": 1, "Plan Width": 49, "Actual Startup Time": 962.183, "Actual Total Time": 962.184, "Actual Rows": 1, "Actual Loops": 1, "Plans": [{"Node Type": "Nested Loop", "Parent Relationship": "Outer", "Join Type": "Inner", "Startup Cost": 61393.53, "Total Cost": 62363.84, "Plan Rows": 24, "Plan Width": 17, "Actual Startup Time": 962.173, "Actual Total Time": 962.173, "Actual Rows": 0, "Actual Loops": 1, "Inner Unique": true, "Plans": [{"Node Type": "Nested Loop", "Parent Relationship": "Outer", "Join Type": "Inner", "Startup Cost": 61393.28, "Total Cost": 62261.11, "Plan Rows": 24, "Plan Width": 21, "Actual Startup Time": 962.172, "Actual Total Time": 962.172, "Actual Rows": 0, "Actual Loops": 1, "Inner Unique": true, "Plans": [{"Node Type": "Nested Loop", "Parent Relationship": "Outer", "Join Type": "Inner", "Startup Cost": 61392.96, "Total Cost": 62117.69, "Plan Rows": 33, "Plan Width": 12, "Actual Startup Time": 962.172, "Actual Total Time": 962.172, "Actual Rows": 0, "Actual Loops": 1, "Inner Unique": false, "Plans": [{"Node Type": "Merge Join", "Parent Relationship": "Outer", "Join Type": "Inner", "Startup Cost": 61388.67, "Total Cost": 61389.13, "Plan Rows": 30, "Plan Width": 4, "Actual Startup Time": 962.17, "Actual Total Time": 962.17, "Actual Rows": 0, "Actual Loops": 1, "Inner Unique": false, "Merge Cond": "(ct.id = mc.company_type_id)", "Plans": [{"Node Type": "Sort", "Parent Relationship": "Outer", "Startup Cost": 1.05, "Total Cost": 1.05, "Plan Rows": 1, "Plan Width": 4, "Actual Startup Time": 0.03, "Actual Total Time": 0.03, "Actual Rows": 1, "Actual Loops": 1, "Sort Key": ["ct.id"], "Sort Method": "quicksort", "Sort Space Used": 25, "Sort Space Type": "Memory", "Plans": [{"Node Type": "Seq Scan", "Parent Relationship": "Outer", "Relation Name": "company_type", "Alias": "ct", "Startup Cost": 0.0, "Total Cost": 1.04, "Plan Rows": 1, "Plan Width": 4, "Actual Startup Time": 0.014, "Actual Total Time": 0.017, "Actual Rows": 1, "Actual Loops": 1, "Filter": "((kind)::text = 'production companies'::text)", "Rows Removed by Filter": 2}]}, {"Node Type": "Sort", "Parent Relationship": "Inner", "Startup Cost": 61387.48, "Total Cost": 61387.62, "Plan Rows": 59, "Plan Width": 8, "Actual Startup Time": 961.767, "Actual Total Time": 961.933, "Actual Rows": 1418, "Actual Loops": 1, "Sort Key": ["mc.company_type_id"], "Sort Method": "quicksort", "Sort Space Used": 137, "Sort Space Type": "Memory", "Plans": [{"Node Type": "Seq Scan", "Parent Relationship": "Outer", "Relation Name": "movie_companies", "Alias": "mc", "Startup Cost": 0.0, "Total Cost": 61385.74, "Plan Rows": 59, "Plan Width": 8, "Actual Startup Time": 4.053, "Actual Total Time": 961.079, "Actual Rows": 1418, "Actual Loops": 1, "Filter": "(((note)::text ~~ '%(VHS)%'::text) AND ((note)::text ~~ '%(USA)%'::text) AND ((note)::text ~~ '%(1994)%'::text))", "Rows Removed by Filter": 2607710}]}]}, {"Node Type": "Bitmap Heap Scan", "Parent Relationship": "Inner", "Relation Name": "movie_info", "Alias": "mi", "Startup Cost": 4.29, "Total Cost": 24.28, "Plan Rows": 1, "Plan Width": 8, "Actual Startup Time": 0.0, "Actual Total Time": 0.0, "Recheck Cond": "(movie_id = mc.movie_id)", "Rows Removed by Index Recheck": 0, "Filter": "((info)::text = ANY ('{USA,America}'::text[]))", "Rows Removed by Filter": 0, "Exact Heap Blocks": 0, "Lossy Heap Blocks": 0, "Plans": [{"Node Type": "Bitmap Index Scan", "Parent Relationship": "Outer", "Index Name": "movie_id_movie_info", "Startup Cost": 0.0, "Total Cost": 4.29, "Plan Rows": 5, "Plan Width": 0, "Actual Startup Time": 0.0, "Actual Total Time": 0.0, "Index Cond": "(movie_id = mc.movie_id)"}]}]}, {"Node Type": "Bitmap Heap Scan", "Parent Relationship": "Inner", "Relation Name": "title", "Alias": "t", "Startup Cost": 0.32, "Total Cost": 4.34, "Plan Rows": 1, "Plan Width": 21, "Actual Startup Time": 0.0, "Actual Total Time": 0.0, "Recheck Cond": "(id = mi.movie_id)", "Rows Removed by Index Recheck": 0, "Filter": "(production_year > 2010)", "Rows Removed by Filter": 0, "Exact Heap Blocks": 0, "Lossy Heap Blocks": 0, "Plans": [{"Node Type": "Bitmap Index Scan", "Parent Relationship": "Outer", "Index Name": "title_pkey", "Startup Cost": 0.0, "Total Cost": 0.32, "Plan Rows": 1, "Plan Width": 0, "Actual Startup Time": 0.0, "Actual Total Time": 0.0, "Index Cond": "(id = mi.movie_id)"}]}]}, {"Node Type": "Bitmap Heap Scan", "Parent Relationship": "Inner", "Relation Name": "info_type", "Alias": "it", "Startup Cost": 0.26, "Total Cost": 4.27, "Plan Rows": 1, "Plan Width": 4, "Actual Startup Time": 0.0, "Actual Total Time": 0.0, "Recheck Cond": "(id = mi.info_type_id)", "Rows Removed by Index Recheck": 0, "Exact Heap Blocks": 0, "Lossy Heap Blocks": 0, "Plans": [{"Node Type": "Bitmap Index Scan", "Parent Relationship": "Outer", "Index Name": "info_type_pkey", "Startup Cost": 0.0, "Total Cost": 0.26, "Plan Rows": 1, "Plan Width": 0, "Actual Startup Time": 0.0, "Actual Total Time": 0.0, "Index Cond": "(id = mi.info_type_id)"}]}]}]}, "Triggers": [], "Planner Runtime": 6.079, "Total Runtime": 962.449, "Unique SQL Id": 328306525}}, "(1, '83')": {"explain_plan": {"Plan": {"Node Type": "Aggregate", "Strategy": "Plain", "Startup Cost": 1000011276294.99, "Total Cost": 1000011276295.0, "Plan Rows": 1, "Plan Width": 49, "Plans": [{"Node Type": "Nested Loop", "Parent Relationship": "Outer", "Join Type": "Inner", "Startup Cost": 10000000005.78, "Total Cost": 1000011276294.93, "Plan Rows": 24, "Plan Width": 17, "Inner Unique": true, "Plans": [{"Node Type": "Nested Loop", "Parent Relationship": "Outer", "Join Type": "Inner", "Startup Cost": 10000000005.38, "Total Cost": 1000011276078.43, "Plan Rows": 49, "Plan Width": 21, "Inner Unique": true, "Plans": [{"Node Type": "Nested Loop", "Parent Relationship": "Outer", "Join Type": "Inner", "Startup Cost": 10000000005.13, "Total Cost": 1000011275868.7, "Plan Rows": 49, "Plan Width": 25, "Inner Unique": false, "Plans": [{"Node Type": "Nested Loop", "Parent Relationship": "Outer", "Join Type": "Inner", "Startup Cost": 10000000004.26, "Total Cost": 1000011275551.68, "Plan Rows": 64, "Plan Width": 29, "Inner Unique": true, "Plans": [{"Node Type": "Index Scan", "Parent Relationship": "Outer", "Scan Direction": "Forward", "Index Name": "company_type_id_movie_companies", "Relation Name": "movie_companies", "Alias": "mc", "Startup Cost": 10000000000.0, "Total Cost": 1000011275063.0, "Plan Rows": 59, "Plan Width": 8, "Filter": "(((note)::text ~~ '%(VHS)%'::text) AND ((note)::text ~~ '%(USA)%'::text) AND ((note)::text ~~ '%(1994)%'::text))"}, {"Node Type": "Bitmap Heap Scan", "Parent Relationship": "Inner", "Relation Name": "title", "Alias": "t", "Startup Cost": 4.26, "Total Cost": 8.27, "Plan Rows": 1, "Plan Width": 21, "Recheck Cond": "(id = mc.movie_id)", "Filter": "(production_year > 2010)", "Plans": [{"Node Type": "Bitmap Index Scan", "Parent Relationship": "Outer", "Index Name": "title_pkey", "Startup Cost": 0.0, "Total Cost": 4.26, "Plan Rows": 1, "Plan Width": 0, "Index Cond": "(id = mc.movie_id)"}]}]}, {"Node Type": "Bitmap Heap Scan", "Parent Relationship": "Inner", "Relation Name": "movie_info", "Alias": "mi", "Startup Cost": 0.87, "Total Cost": 4.94, "Plan Rows": 1, "Plan Width": 8, "Recheck Cond": "(movie_id = t.id)", "Filter": "((info)::text = ANY ('{USA,America}'::text[]))", "Plans": [{"Node Type": "Bitmap Index Scan", "Parent Relationship": "Outer", "Index Name": "movie_id_movie_info", "Startup Cost": 0.0, "Total Cost": 0.87, "Plan Rows": 5, "Plan Width": 0, "Index Cond": "(movie_id = t.id)"}]}]}, {"Node Type": "Bitmap Heap Scan", "Parent Relationship": "Inner", "Relation Name": "info_type", "Alias": "it", "Startup Cost": 0.26, "Total Cost": 4.27, "Plan Rows": 1, "Plan Width": 4, "Recheck Cond": "(id = mi.info_type_id)", "Plans": [{"Node Type": "Bitmap Index Scan", "Parent Relationship": "Outer", "Index Name": "info_type_pkey", "Startup Cost": 0.0, "Total Cost": 0.26, "Plan Rows": 1, "Plan Width": 0, "Index Cond": "(id = mi.info_type_id)"}]}]}, {"Node Type": "Bitmap Heap Scan", "Parent Relationship": "Inner", "Relation Name": "company_type", "Alias": "ct", "Startup Cost": 0.39, "Total Cost": 4.41, "Plan Rows": 1, "Plan Width": 4, "Recheck Cond": "(id = mc.company_type_id)", "Filter": "((kind)::text = 'production companies'::text)", "Plans": [{"Node Type": "Bitmap Index Scan", "Parent Relationship": "Outer", "Index Name": "company_type_pkey", "Startup Cost": 0.0, "Total Cost": 0.39, "Plan Rows": 1, "Plan Width": 0, "Index Cond": "(id = mc.company_type_id)"}]}]}]}, "Unique SQL Id": 328306525, "Planner Runtime": 5}, "explain_analyze_plan": {"Plan": {"Node Type": "Aggregate", "Strategy": "Plain", "Startup Cost": 1000011276294.99, "Total Cost": 1000011276295.0, "Plan Rows": 1, "Plan Width": 49, "Actual Startup Time": 1689.858, "Actual Total Time": 1689.858, "Actual Rows": 1, "Actual Loops": 1, "Plans": [{"Node Type": "Nested Loop", "Parent Relationship": "Outer", "Join Type": "Inner", "Startup Cost": 10000000005.78, "Total Cost": 1000011276294.93, "Plan Rows": 24, "Plan Width": 17, "Actual Startup Time": 1689.851, "Actual Total Time": 1689.851, "Actual Rows": 0, "Actual Loops": 1, "Inner Unique": true, "Plans": [{"Node Type": "Nested Loop", "Parent Relationship": "Outer", "Join Type": "Inner", "Startup Cost": 10000000005.38, "Total Cost": 1000011276078.43, "Plan Rows": 49, "Plan Width": 21, "Actual Startup Time": 1689.849, "Actual Total Time": 1689.849, "Actual Rows": 0, "Actual Loops": 1, "Inner Unique": true, "Plans": [{"Node Type": "Nested Loop", "Parent Relationship": "Outer", "Join Type": "Inner", "Startup Cost": 10000000005.13, "Total Cost": 1000011275868.7, "Plan Rows": 49, "Plan Width": 25, "Actual Startup Time": 1689.847, "Actual Total Time": 1689.847, "Actual Rows": 0, "Actual Loops": 1, "Inner Unique": false, "Plans": [{"Node Type": "Nested Loop", "Parent Relationship": "Outer", "Join Type": "Inner", "Startup Cost": 10000000004.26, "Total Cost": 1000011275551.68, "Plan Rows": 64, "Plan Width": 29, "Actual Startup Time": 1689.843, "Actual Total Time": 1689.843, "Actual Rows": 0, "Actual Loops": 1, "Inner Unique": true, "Plans": [{"Node Type": "Index Scan", "Parent Relationship": "Outer", "Scan Direction": "Forward", "Index Name": "company_type_id_movie_companies", "Relation Name": "movie_companies", "Alias": "mc", "Startup Cost": 10000000000.0, "Total Cost": 1000011275063.0, "Plan Rows": 59, "Plan Width": 8, "Actual Startup Time": 6.155, "Actual Total Time": 1673.67, "Actual Rows": 1418, "Actual Loops": 1, "Filter": "(((note)::text ~~ '%(VHS)%'::text) AND ((note)::text ~~ '%(USA)%'::text) AND ((note)::text ~~ '%(1994)%'::text))", "Rows Removed by Filter": 2607710}, {"Node Type": "Bitmap Heap Scan", "Parent Relationship": "Inner", "Relation Name": "title", "Alias": "t", "Startup Cost": 4.26, "Total Cost": 8.27, "Plan Rows": 1, "Plan Width": 21, "Actual Startup Time": 13.912, "Actual Total Time": 13.912, "Actual Rows": 0, "Actual Loops": 1418, "Recheck Cond": "(id = mc.movie_id)", "Rows Removed by Index Recheck": 0, "Filter": "(production_year > 2010)", "Rows Removed by Filter": 1418, "Exact Heap Blocks": 1418, "Lossy Heap Blocks": 1418, "Plans": [{"Node Type": "Bitmap Index Scan", "Parent Relationship": "Outer", "Index Name": "title_pkey", "Startup Cost": 0.0, "Total Cost": 4.26, "Plan Rows": 1, "Plan Width": 0, "Actual Startup Time": 7.738, "Actual Total Time": 7.738, "Actual Rows": 1418, "Actual Loops": 1418, "Index Cond": "(id = mc.movie_id)"}]}]}, {"Node Type": "Bitmap Heap Scan", "Parent Relationship": "Inner", "Relation Name": "movie_info", "Alias": "mi", "Startup Cost": 0.87, "Total Cost": 4.94, "Plan Rows": 1, "Plan Width": 8, "Actual Startup Time": 0.0, "Actual Total Time": 0.0, "Recheck Cond": "(movie_id = t.id)", "Rows Removed by Index Recheck": 0, "Filter": "((info)::text = ANY ('{USA,America}'::text[]))", "Rows Removed by Filter": 0, "Exact Heap Blocks": 0, "Lossy Heap Blocks": 0, "Plans": [{"Node Type": "Bitmap Index Scan", "Parent Relationship": "Outer", "Index Name": "movie_id_movie_info", "Startup Cost": 0.0, "Total Cost": 0.87, "Plan Rows": 5, "Plan Width": 0, "Actual Startup Time": 0.0, "Actual Total Time": 0.0, "Index Cond": "(movie_id = t.id)"}]}]}, {"Node Type": "Bitmap Heap Scan", "Parent Relationship": "Inner", "Relation Name": "info_type", "Alias": "it", "Startup Cost": 0.26, "Total Cost": 4.27, "Plan Rows": 1, "Plan Width": 4, "Actual Startup Time": 0.0, "Actual Total Time": 0.0, "Recheck Cond": "(id = mi.info_type_id)", "Rows Removed by Index Recheck": 0, "Exact Heap Blocks": 0, "Lossy Heap Blocks": 0, "Plans": [{"Node Type": "Bitmap Index Scan", "Parent Relationship": "Outer", "Index Name": "info_type_pkey", "Startup Cost": 0.0, "Total Cost": 0.26, "Plan Rows": 1, "Plan Width": 0, "Actual Startup Time": 0.0, "Actual Total Time": 0.0, "Index Cond": "(id = mi.info_type_id)"}]}]}, {"Node Type": "Bitmap Heap Scan", "Parent Relationship": "Inner", "Relation Name": "company_type", "Alias": "ct", "Startup Cost": 0.39, "Total Cost": 4.41, "Plan Rows": 1, "Plan Width": 4, "Actual Startup Time": 0.0, "Actual Total Time": 0.0, "Recheck Cond": "(id = mc.company_type_id)", "Rows Removed by Index Recheck": 0, "Filter": "((kind)::text = 'production companies'::text)", "Rows Removed by Filter": 0, "Exact Heap Blocks": 0, "Lossy Heap Blocks": 0, "Plans": [{"Node Type": "Bitmap Index Scan", "Parent Relationship": "Outer", "Index Name": "company_type_pkey", "Startup Cost": 0.0, "Total Cost": 0.39, "Plan Rows": 1, "Plan Width": 0, "Actual Startup Time": 0.0, "Actual Total Time": 0.0, "Index Cond": "(id = mc.company_type_id)"}]}]}]}, "Triggers": [], "Planner Runtime": 5.044, "Total Runtime": 1690.156, "Unique SQL Id": 328306525}}, "(1, '84')": {"explain_plan": {"Plan": {"Node Type": "Aggregate", "Strategy": "Plain", "Startup Cost": 61748.65, "Total Cost": 61748.66, "Plan Rows": 1, "Plan Width": 49, "Plans": [{"Node Type": "Nested Loop", "Parent Relationship": "Outer", "Join Type": "Inner", "Startup Cost": 0.0, "Total Cost": 61748.59, "Plan Rows": 24, "Plan Width": 17, "Inner Unique": true, "Plans": [{"Node Type": "Nested Loop", "Parent Relationship": "Outer", "Join Type": "Inner", "Startup Cost": 0.0, "Total Cost": 61741.87, "Plan Rows": 24, "Plan Width": 21, "Inner Unique": false, "Plans": [{"Node Type": "Nested Loop", "Parent Relationship": "Outer", "Join Type": "Inner", "Startup Cost": 0.0, "Total Cost": 61662.88, "Plan Rows": 32, "Plan Width": 25, "Inner Unique": true, "Plans": [{"Node Type": "Nested Loop", "Parent Relationship": "Outer", "Join Type": "Inner", "Startup Cost": 0.0, "Total Cost": 61414.41, "Plan Rows": 30, "Plan Width": 4, "Inner Unique": true, "Plans": [{"Node Type": "Seq Scan", "Parent Relationship": "Outer", "Relation Name": "movie_companies", "Alias": "mc", "Startup Cost": 0.0, "Total Cost": 61385.74, "Plan Rows": 59, "Plan Width": 8, "Filter": "(((note)::text ~~ '%(VHS)%'::text) AND ((note)::text ~~ '%(USA)%'::text) AND ((note)::text ~~ '%(1994)%'::text))"}, {"Node Type": "Index Scan", "Parent Relationship": "Inner", "Scan Direction": "Forward", "Index Name": "company_type_pkey", "Relation Name": "company_type", "Alias": "ct", "Startup Cost": 0.0, "Total Cost": 0.48, "Plan Rows": 1, "Plan Width": 4, "Index Cond": "(id = mc.company_type_id)", "Filter": "((kind)::text = 'production companies'::text)"}]}, {"Node Type": "Index Scan", "Parent Relationship": "Inner", "Scan Direction": "Forward", "Index Name": "title_pkey", "Relation Name": "title", "Alias": "t", "Startup Cost": 0.0, "Total Cost": 8.27, "Plan Rows": 1, "Plan Width": 21, "Index Cond": "(id = mc.movie_id)", "Filter": "(production_year > 2010)"}]}, {"Node Type": "Index Scan", "Parent Relationship": "Inner", "Scan Direction": "Forward", "Index Name": "movie_id_movie_info", "Relation Name": "movie_info", "Alias": "mi", "Startup Cost": 0.0, "Total Cost": 2.46, "Plan Rows": 1, "Plan Width": 8, "Index Cond": "(movie_id = t.id)", "Filter": "((info)::text = ANY ('{USA,America}'::text[]))"}]}, {"Node Type": "Index Scan", "Parent Relationship": "Inner", "Scan Direction": "Forward", "Index Name": "info_type_pkey", "Relation Name": "info_type", "Alias": "it", "Startup Cost": 0.0, "Total Cost": 0.27, "Plan Rows": 1, "Plan Width": 4, "Index Cond": "(id = mi.info_type_id)"}]}]}, "Unique SQL Id": 328306525, "Planner Runtime": 6}, "explain_analyze_plan": {"Plan": {"Node Type": "Aggregate", "Strategy": "Plain", "Startup Cost": 61748.65, "Total Cost": 61748.66, "Plan Rows": 1, "Plan Width": 49, "Actual Startup Time": 963.636, "Actual Total Time": 963.637, "Actual Rows": 1, "Actual Loops": 1, "Plans": [{"Node Type": "Nested Loop", "Parent Relationship": "Outer", "Join Type": "Inner", "Startup Cost": 0.0, "Total Cost": 61748.59, "Plan Rows": 24, "Plan Width": 17, "Actual Startup Time": 963.629, "Actual Total Time": 963.629, "Actual Rows": 0, "Actual Loops": 1, "Inner Unique": true, "Plans": [{"Node Type": "Nested Loop", "Parent Relationship": "Outer", "Join Type": "Inner", "Startup Cost": 0.0, "Total Cost": 61741.87, "Plan Rows": 24, "Plan Width": 21, "Actual Startup Time": 963.627, "Actual Total Time": 963.627, "Actual Rows": 0, "Actual Loops": 1, "Inner Unique": false, "Plans": [{"Node Type": "Nested Loop", "Parent Relationship": "Outer", "Join Type": "Inner", "Startup Cost": 0.0, "Total Cost": 61662.88, "Plan Rows": 32, "Plan Width": 25, "Actual Startup Time": 963.626, "Actual Total Time": 963.626, "Actual Rows": 0, "Actual Loops": 1, "Inner Unique": true, "Plans": [{"Node Type": "Nested Loop", "Parent Relationship": "Outer", "Join Type": "Inner", "Startup Cost": 0.0, "Total Cost": 61414.41, "Plan Rows": 30, "Plan Width": 4, "Actual Startup Time": 963.624, "Actual Total Time": 963.624, "Actual Rows": 0, "Actual Loops": 1, "Inner Unique": true, "Plans": [{"Node Type": "Seq Scan", "Parent Relationship": "Outer", "Relation Name": "movie_companies", "Alias": "mc", "Startup Cost": 0.0, "Total Cost": 61385.74, "Plan Rows": 59, "Plan Width": 8, "Actual Startup Time": 3.889, "Actual Total Time": 961.596, "Actual Rows": 1418, "Actual Loops": 1, "Filter": "(((note)::text ~~ '%(VHS)%'::text) AND ((note)::text ~~ '%(USA)%'::text) AND ((note)::text ~~ '%(1994)%'::text))", "Rows Removed by Filter": 2607710}, {"Node Type": "Index Scan", "Parent Relationship": "Inner", "Scan Direction": "Forward", "Index Name": "company_type_pkey", "Relation Name": "company_type", "Alias": "ct", "Startup Cost": 0.0, "Total Cost": 0.48, "Plan Rows": 1, "Plan Width": 4, "Actual Startup Time": 1.119, "Actual Total Time": 1.119, "Actual Rows": 0, "Actual Loops": 1418, "Index Cond": "(id = mc.company_type_id)", "Rows Removed by Index Recheck": 0, "Filter": "((kind)::text = 'production companies'::text)", "Rows Removed by Filter": 0}]}, {"Node Type": "Index Scan", "Parent Relationship": "Inner", "Scan Direction": "Forward", "Index Name": "title_pkey", "Relation Name": "title", "Alias": "t", "Startup Cost": 0.0, "Total Cost": 8.27, "Plan Rows": 1, "Plan Width": 21, "Actual Startup Time": 0.0, "Actual Total Time": 0.0, "Index Cond": "(id = mc.movie_id)", "Rows Removed by Index Recheck": 0, "Filter": "(production_year > 2010)", "Rows Removed by Filter": 0}]}, {"Node Type": "Index Scan", "Parent Relationship": "Inner", "Scan Direction": "Forward", "Index Name": "movie_id_movie_info", "Relation Name": "movie_info", "Alias": "mi", "Startup Cost": 0.0, "Total Cost": 2.46, "Plan Rows": 1, "Plan Width": 8, "Actual Startup Time": 0.0, "Actual Total Time": 0.0, "Index Cond": "(movie_id = t.id)", "Rows Removed by Index Recheck": 0, "Filter": "((info)::text = ANY ('{USA,America}'::text[]))", "Rows Removed by Filter": 0}]}, {"Node Type": "Index Scan", "Parent Relationship": "Inner", "Scan Direction": "Forward", "Index Name": "info_type_pkey", "Relation Name": "info_type", "Alias": "it", "Startup Cost": 0.0, "Total Cost": 0.27, "Plan Rows": 1, "Plan Width": 4, "Actual Startup Time": 0.0, "Actual Total Time": 0.0, "Index Cond": "(id = mi.info_type_id)", "Rows Removed by Index Recheck": 0}]}]}, "Triggers": [], "Planner Runtime": 7.344, "Total Runtime": 963.889, "Unique SQL Id": 328306525}}, "(1, '85')": {"explain_plan": {"Plan": {"Node Type": "Aggregate", "Strategy": "Plain", "Startup Cost": 63248.6, "Total Cost": 63248.61, "Plan Rows": 1, "Plan Width": 49, "Plans": [{"Node Type": "Nested Loop", "Parent Relationship": "Outer", "Join Type": "Inner", "Startup Cost": 0.0, "Total Cost": 63248.54, "Plan Rows": 24, "Plan Width": 17, "Inner Unique": true, "Plans": [{"Node Type": "Nested Loop", "Parent Relationship": "Outer", "Join Type": "Inner", "Startup Cost": 0.0, "Total Cost": 63241.82, "Plan Rows": 24, "Plan Width": 21, "Inner Unique": false, "Plans": [{"Node Type": "Nested Loop", "Parent Relationship": "Outer", "Join Type": "Inner", "Startup Cost": 0.0, "Total Cost": 63162.83, "Plan Rows": 32, "Plan Width": 25, "Inner Unique": true, "Plans": [{"Node Type": "Nested Loop", "Parent Relationship": "Outer", "Join Type": "Inner", "Startup Cost": 0.0, "Total Cost": 62914.35, "Plan Rows": 30, "Plan Width": 4, "Inner Unique": false, "Plans": [{"Node Type": "Index Scan", "Parent Relationship": "Outer", "Scan Direction": "Forward", "Index Name": "company_type_pkey", "Relation Name": "company_type", "Alias": "ct", "Startup Cost": 0.0, "Total Cost": 12.3, "Plan Rows": 1, "Plan Width": 4, "Filter": "((kind)::text = 'production companies'::text)"}, {"Node Type": "Index Scan", "Parent Relationship": "Inner", "Scan Direction": "Forward", "Index Name": "company_type_id_movie_companies", "Relation Name": "movie_companies", "Alias": "mc", "Startup Cost": 0.0, "Total Cost": 62901.76, "Plan Rows": 29, "Plan Width": 8, "Index Cond": "(company_type_id = ct.id)", "Filter": "(((note)::text ~~ '%(VHS)%'::text) AND ((note)::text ~~ '%(USA)%'::text) AND ((note)::text ~~ '%(1994)%'::text))"}]}, {"Node Type": "Index Scan", "Parent Relationship": "Inner", "Scan Direction": "Forward", "Index Name": "title_pkey", "Relation Name": "title", "Alias": "t", "Startup Cost": 0.0, "Total Cost": 8.27, "Plan Rows": 1, "Plan Width": 21, "Index Cond": "(id = mc.movie_id)", "Filter": "(production_year > 2010)"}]}, {"Node Type": "Index Scan", "Parent Relationship": "Inner", "Scan Direction": "Forward", "Index Name": "movie_id_movie_info", "Relation Name": "movie_info", "Alias": "mi", "Startup Cost": 0.0, "Total Cost": 2.46, "Plan Rows": 1, "Plan Width": 8, "Index Cond": "(movie_id = t.id)", "Filter": "((info)::text = ANY ('{USA,America}'::text[]))"}]}, {"Node Type": "Index Scan", "Parent Relationship": "Inner", "Scan Direction": "Forward", "Index Name": "info_type_pkey", "Relation Name": "info_type", "Alias": "it", "Startup Cost": 0.0, "Total Cost": 0.27, "Plan Rows": 1, "Plan Width": 4, "Index Cond": "(id = mi.info_type_id)"}]}]}, "Unique SQL Id": 328306525, "Planner Runtime": 6}, "explain_analyze_plan": {"Plan": {"Node Type": "Aggregate", "Strategy": "Plain", "Startup Cost": 63248.6, "Total Cost": 63248.61, "Plan Rows": 1, "Plan Width": 49, "Actual Startup Time": 742.385, "Actual Total Time": 742.386, "Actual Rows": 1, "Actual Loops": 1, "Plans": [{"Node Type": "Nested Loop", "Parent Relationship": "Outer", "Join Type": "Inner", "Startup Cost": 0.0, "Total Cost": 63248.54, "Plan Rows": 24, "Plan Width": 17, "Actual Startup Time": 742.379, "Actual Total Time": 742.379, "Actual Rows": 0, "Actual Loops": 1, "Inner Unique": true, "Plans": [{"Node Type": "Nested Loop", "Parent Relationship": "Outer", "Join Type": "Inner", "Startup Cost": 0.0, "Total Cost": 63241.82, "Plan Rows": 24, "Plan Width": 21, "Actual Startup Time": 742.378, "Actual Total Time": 742.378, "Actual Rows": 0, "Actual Loops": 1, "Inner Unique": false, "Plans": [{"Node Type": "Nested Loop", "Parent Relationship": "Outer", "Join Type": "Inner", "Startup Cost": 0.0, "Total Cost": 63162.83, "Plan Rows": 32, "Plan Width": 25, "Actual Startup Time": 742.377, "Actual Total Time": 742.377, "Actual Rows": 0, "Actual Loops": 1, "Inner Unique": true, "Plans": [{"Node Type": "Nested Loop", "Parent Relationship": "Outer", "Join Type": "Inner", "Startup Cost": 0.0, "Total Cost": 62914.35, "Plan Rows": 30, "Plan Width": 4, "Actual Startup Time": 742.375, "Actual Total Time": 742.375, "Actual Rows": 0, "Actual Loops": 1, "Inner Unique": false, "Plans": [{"Node Type": "Index Scan", "Parent Relationship": "Outer", "Scan Direction": "Forward", "Index Name": "company_type_pkey", "Relation Name": "company_type", "Alias": "ct", "Startup Cost": 0.0, "Total Cost": 12.3, "Plan Rows": 1, "Plan Width": 4, "Actual Startup Time": 0.013, "Actual Total Time": 0.023, "Actual Rows": 1, "Actual Loops": 1, "Filter": "((kind)::text = 'production companies'::text)", "Rows Removed by Filter": 2}, {"Node Type": "Index Scan", "Parent Relationship": "Inner", "Scan Direction": "Forward", "Index Name": "company_type_id_movie_companies", "Relation Name": "movie_companies", "Alias": "mc", "Startup Cost": 0.0, "Total Cost": 62901.76, "Plan Rows": 29, "Plan Width": 8, "Actual Startup Time": 742.345, "Actual Total Time": 742.345, "Actual Rows": 0, "Actual Loops": 1, "Index Cond": "(company_type_id = ct.id)", "Rows Removed by Index Recheck": 0, "Filter": "(((note)::text ~~ '%(VHS)%'::text) AND ((note)::text ~~ '%(USA)%'::text) AND ((note)::text ~~ '%(1994)%'::text))", "Rows Removed by Filter": 1334883}]}, {"Node Type": "Index Scan", "Parent Relationship": "Inner", "Scan Direction": "Forward", "Index Name": "title_pkey", "Relation Name": "title", "Alias": "t", "Startup Cost": 0.0, "Total Cost": 8.27, "Plan Rows": 1, "Plan Width": 21, "Actual Startup Time": 0.0, "Actual Total Time": 0.0, "Index Cond": "(id = mc.movie_id)", "Rows Removed by Index Recheck": 0, "Filter": "(production_year > 2010)", "Rows Removed by Filter": 0}]}, {"Node Type": "Index Scan", "Parent Relationship": "Inner", "Scan Direction": "Forward", "Index Name": "movie_id_movie_info", "Relation Name": "movie_info", "Alias": "mi", "Startup Cost": 0.0, "Total Cost": 2.46, "Plan Rows": 1, "Plan Width": 8, "Actual Startup Time": 0.0, "Actual Total Time": 0.0, "Index Cond": "(movie_id = t.id)", "Rows Removed by Index Recheck": 0, "Filter": "((info)::text = ANY ('{USA,America}'::text[]))", "Rows Removed by Filter": 0}]}, {"Node Type": "Index Scan", "Parent Relationship": "Inner", "Scan Direction": "Forward", "Index Name": "info_type_pkey", "Relation Name": "info_type", "Alias": "it", "Startup Cost": 0.0, "Total Cost": 0.27, "Plan Rows": 1, "Plan Width": 4, "Actual Startup Time": 0.0, "Actual Total Time": 0.0, "Index Cond": "(id = mi.info_type_id)", "Rows Removed by Index Recheck": 0}]}]}, "Triggers": [], "Planner Runtime": 7.216, "Total Runtime": 742.642, "Unique SQL Id": 328306525}}, "(1, '86')": {"explain_plan": {"Plan": {"Node Type": "Aggregate", "Strategy": "Plain", "Startup Cost": 62363.9, "Total Cost": 62363.91, "Plan Rows": 1, "Plan Width": 49, "Plans": [{"Node Type": "Nested Loop", "Parent Relationship": "Outer", "Join Type": "Inner", "Startup Cost": 61393.53, "Total Cost": 62363.84, "Plan Rows": 24, "Plan Width": 17, "Inner Unique": true, "Plans": [{"Node Type": "Nested Loop", "Parent Relationship": "Outer", "Join Type": "Inner", "Startup Cost": 61393.28, "Total Cost": 62261.11, "Plan Rows": 24, "Plan Width": 21, "Inner Unique": true, "Plans": [{"Node Type": "Nested Loop", "Parent Relationship": "Outer", "Join Type": "Inner", "Startup Cost": 61392.96, "Total Cost": 62117.69, "Plan Rows": 33, "Plan Width": 12, "Inner Unique": false, "Plans": [{"Node Type": "Merge Join", "Parent Relationship": "Outer", "Join Type": "Inner", "Startup Cost": 61388.67, "Total Cost": 61389.13, "Plan Rows": 30, "Plan Width": 4, "Inner Unique": false, "Merge Cond": "(ct.id = mc.company_type_id)", "Plans": [{"Node Type": "Sort", "Parent Relationship": "Outer", "Startup Cost": 1.05, "Total Cost": 1.05, "Plan Rows": 1, "Plan Width": 4, "Sort Key": ["ct.id"], "Plans": [{"Node Type": "Seq Scan", "Parent Relationship": "Outer", "Relation Name": "company_type", "Alias": "ct", "Startup Cost": 0.0, "Total Cost": 1.04, "Plan Rows": 1, "Plan Width": 4, "Filter": "((kind)::text = 'production companies'::text)"}]}, {"Node Type": "Sort", "Parent Relationship": "Inner", "Startup Cost": 61387.48, "Total Cost": 61387.62, "Plan Rows": 59, "Plan Width": 8, "Sort Key": ["mc.company_type_id"], "Plans": [{"Node Type": "Seq Scan", "Parent Relationship": "Outer", "Relation Name": "movie_companies", "Alias": "mc", "Startup Cost": 0.0, "Total Cost": 61385.74, "Plan Rows": 59, "Plan Width": 8, "Filter": "(((note)::text ~~ '%(VHS)%'::text) AND ((note)::text ~~ '%(USA)%'::text) AND ((note)::text ~~ '%(1994)%'::text))"}]}]}, {"Node Type": "Bitmap Heap Scan", "Parent Relationship": "Inner", "Relation Name": "movie_info", "Alias": "mi", "Startup Cost": 4.29, "Total Cost": 24.28, "Plan Rows": 1, "Plan Width": 8, "Recheck Cond": "(movie_id = mc.movie_id)", "Filter": "((info)::text = ANY ('{USA,America}'::text[]))", "Plans": [{"Node Type": "Bitmap Index Scan", "Parent Relationship": "Outer", "Index Name": "movie_id_movie_info", "Startup Cost": 0.0, "Total Cost": 4.29, "Plan Rows": 5, "Plan Width": 0, "Index Cond": "(movie_id = mc.movie_id)"}]}]}, {"Node Type": "Bitmap Heap Scan", "Parent Relationship": "Inner", "Relation Name": "title", "Alias": "t", "Startup Cost": 0.32, "Total Cost": 4.34, "Plan Rows": 1, "Plan Width": 21, "Recheck Cond": "(id = mi.movie_id)", "Filter": "(production_year > 2010)", "Plans": [{"Node Type": "Bitmap Index Scan", "Parent Relationship": "Outer", "Index Name": "title_pkey", "Startup Cost": 0.0, "Total Cost": 0.32, "Plan Rows": 1, "Plan Width": 0, "Index Cond": "(id = mi.movie_id)"}]}]}, {"Node Type": "Bitmap Heap Scan", "Parent Relationship": "Inner", "Relation Name": "info_type", "Alias": "it", "Startup Cost": 0.26, "Total Cost": 4.27, "Plan Rows": 1, "Plan Width": 4, "Recheck Cond": "(id = mi.info_type_id)", "Plans": [{"Node Type": "Bitmap Index Scan", "Parent Relationship": "Outer", "Index Name": "info_type_pkey", "Startup Cost": 0.0, "Total Cost": 0.26, "Plan Rows": 1, "Plan Width": 0, "Index Cond": "(id = mi.info_type_id)"}]}]}]}, "Unique SQL Id": 328306525, "Planner Runtime": 6}, "explain_analyze_plan": {"Plan": {"Node Type": "Aggregate", "Strategy": "Plain", "Startup Cost": 62363.9, "Total Cost": 62363.91, "Plan Rows": 1, "Plan Width": 49, "Actual Startup Time": 962.183, "Actual Total Time": 962.184, "Actual Rows": 1, "Actual Loops": 1, "Plans": [{"Node Type": "Nested Loop", "Parent Relationship": "Outer", "Join Type": "Inner", "Startup Cost": 61393.53, "Total Cost": 62363.84, "Plan Rows": 24, "Plan Width": 17, "Actual Startup Time": 962.173, "Actual Total Time": 962.173, "Actual Rows": 0, "Actual Loops": 1, "Inner Unique": true, "Plans": [{"Node Type": "Nested Loop", "Parent Relationship": "Outer", "Join Type": "Inner", "Startup Cost": 61393.28, "Total Cost": 62261.11, "Plan Rows": 24, "Plan Width": 21, "Actual Startup Time": 962.172, "Actual Total Time": 962.172, "Actual Rows": 0, "Actual Loops": 1, "Inner Unique": true, "Plans": [{"Node Type": "Nested Loop", "Parent Relationship": "Outer", "Join Type": "Inner", "Startup Cost": 61392.96, "Total Cost": 62117.69, "Plan Rows": 33, "Plan Width": 12, "Actual Startup Time": 962.172, "Actual Total Time": 962.172, "Actual Rows": 0, "Actual Loops": 1, "Inner Unique": false, "Plans": [{"Node Type": "Merge Join", "Parent Relationship": "Outer", "Join Type": "Inner", "Startup Cost": 61388.67, "Total Cost": 61389.13, "Plan Rows": 30, "Plan Width": 4, "Actual Startup Time": 962.17, "Actual Total Time": 962.17, "Actual Rows": 0, "Actual Loops": 1, "Inner Unique": false, "Merge Cond": "(ct.id = mc.company_type_id)", "Plans": [{"Node Type": "Sort", "Parent Relationship": "Outer", "Startup Cost": 1.05, "Total Cost": 1.05, "Plan Rows": 1, "Plan Width": 4, "Actual Startup Time": 0.03, "Actual Total Time": 0.03, "Actual Rows": 1, "Actual Loops": 1, "Sort Key": ["ct.id"], "Sort Method": "quicksort", "Sort Space Used": 25, "Sort Space Type": "Memory", "Plans": [{"Node Type": "Seq Scan", "Parent Relationship": "Outer", "Relation Name": "company_type", "Alias": "ct", "Startup Cost": 0.0, "Total Cost": 1.04, "Plan Rows": 1, "Plan Width": 4, "Actual Startup Time": 0.014, "Actual Total Time": 0.017, "Actual Rows": 1, "Actual Loops": 1, "Filter": "((kind)::text = 'production companies'::text)", "Rows Removed by Filter": 2}]}, {"Node Type": "Sort", "Parent Relationship": "Inner", "Startup Cost": 61387.48, "Total Cost": 61387.62, "Plan Rows": 59, "Plan Width": 8, "Actual Startup Time": 961.767, "Actual Total Time": 961.933, "Actual Rows": 1418, "Actual Loops": 1, "Sort Key": ["mc.company_type_id"], "Sort Method": "quicksort", "Sort Space Used": 137, "Sort Space Type": "Memory", "Plans": [{"Node Type": "Seq Scan", "Parent Relationship": "Outer", "Relation Name": "movie_companies", "Alias": "mc", "Startup Cost": 0.0, "Total Cost": 61385.74, "Plan Rows": 59, "Plan Width": 8, "Actual Startup Time": 4.053, "Actual Total Time": 961.079, "Actual Rows": 1418, "Actual Loops": 1, "Filter": "(((note)::text ~~ '%(VHS)%'::text) AND ((note)::text ~~ '%(USA)%'::text) AND ((note)::text ~~ '%(1994)%'::text))", "Rows Removed by Filter": 2607710}]}]}, {"Node Type": "Bitmap Heap Scan", "Parent Relationship": "Inner", "Relation Name": "movie_info", "Alias": "mi", "Startup Cost": 4.29, "Total Cost": 24.28, "Plan Rows": 1, "Plan Width": 8, "Actual Startup Time": 0.0, "Actual Total Time": 0.0, "Recheck Cond": "(movie_id = mc.movie_id)", "Rows Removed by Index Recheck": 0, "Filter": "((info)::text = ANY ('{USA,America}'::text[]))", "Rows Removed by Filter": 0, "Exact Heap Blocks": 0, "Lossy Heap Blocks": 0, "Plans": [{"Node Type": "Bitmap Index Scan", "Parent Relationship": "Outer", "Index Name": "movie_id_movie_info", "Startup Cost": 0.0, "Total Cost": 4.29, "Plan Rows": 5, "Plan Width": 0, "Actual Startup Time": 0.0, "Actual Total Time": 0.0, "Index Cond": "(movie_id = mc.movie_id)"}]}]}, {"Node Type": "Bitmap Heap Scan", "Parent Relationship": "Inner", "Relation Name": "title", "Alias": "t", "Startup Cost": 0.32, "Total Cost": 4.34, "Plan Rows": 1, "Plan Width": 21, "Actual Startup Time": 0.0, "Actual Total Time": 0.0, "Recheck Cond": "(id = mi.movie_id)", "Rows Removed by Index Recheck": 0, "Filter": "(production_year > 2010)", "Rows Removed by Filter": 0, "Exact Heap Blocks": 0, "Lossy Heap Blocks": 0, "Plans": [{"Node Type": "Bitmap Index Scan", "Parent Relationship": "Outer", "Index Name": "title_pkey", "Startup Cost": 0.0, "Total Cost": 0.32, "Plan Rows": 1, "Plan Width": 0, "Actual Startup Time": 0.0, "Actual Total Time": 0.0, "Index Cond": "(id = mi.movie_id)"}]}]}, {"Node Type": "Bitmap Heap Scan", "Parent Relationship": "Inner", "Relation Name": "info_type", "Alias": "it", "Startup Cost": 0.26, "Total Cost": 4.27, "Plan Rows": 1, "Plan Width": 4, "Actual Startup Time": 0.0, "Actual Total Time": 0.0, "Recheck Cond": "(id = mi.info_type_id)", "Rows Removed by Index Recheck": 0, "Exact Heap Blocks": 0, "Lossy Heap Blocks": 0, "Plans": [{"Node Type": "Bitmap Index Scan", "Parent Relationship": "Outer", "Index Name": "info_type_pkey", "Startup Cost": 0.0, "Total Cost": 0.26, "Plan Rows": 1, "Plan Width": 0, "Actual Startup Time": 0.0, "Actual Total Time": 0.0, "Index Cond": "(id = mi.info_type_id)"}]}]}]}, "Triggers": [], "Planner Runtime": 6.079, "Total Runtime": 962.449, "Unique SQL Id": 328306525}}, "(1, '87')": {"explain_plan": {"Plan": {"Node Type": "Aggregate", "Strategy": "Plain", "Startup Cost": 1000011276294.99, "Total Cost": 1000011276295.0, "Plan Rows": 1, "Plan Width": 49, "Plans": [{"Node Type": "Nested Loop", "Parent Relationship": "Outer", "Join Type": "Inner", "Startup Cost": 10000000005.78, "Total Cost": 1000011276294.93, "Plan Rows": 24, "Plan Width": 17, "Inner Unique": true, "Plans": [{"Node Type": "Nested Loop", "Parent Relationship": "Outer", "Join Type": "Inner", "Startup Cost": 10000000005.38, "Total Cost": 1000011276078.43, "Plan Rows": 49, "Plan Width": 21, "Inner Unique": true, "Plans": [{"Node Type": "Nested Loop", "Parent Relationship": "Outer", "Join Type": "Inner", "Startup Cost": 10000000005.13, "Total Cost": 1000011275868.7, "Plan Rows": 49, "Plan Width": 25, "Inner Unique": false, "Plans": [{"Node Type": "Nested Loop", "Parent Relationship": "Outer", "Join Type": "Inner", "Startup Cost": 10000000004.26, "Total Cost": 1000011275551.68, "Plan Rows": 64, "Plan Width": 29, "Inner Unique": true, "Plans": [{"Node Type": "Index Scan", "Parent Relationship": "Outer", "Scan Direction": "Forward", "Index Name": "company_type_id_movie_companies", "Relation Name": "movie_companies", "Alias": "mc", "Startup Cost": 10000000000.0, "Total Cost": 1000011275063.0, "Plan Rows": 59, "Plan Width": 8, "Filter": "(((note)::text ~~ '%(VHS)%'::text) AND ((note)::text ~~ '%(USA)%'::text) AND ((note)::text ~~ '%(1994)%'::text))"}, {"Node Type": "Bitmap Heap Scan", "Parent Relationship": "Inner", "Relation Name": "title", "Alias": "t", "Startup Cost": 4.26, "Total Cost": 8.27, "Plan Rows": 1, "Plan Width": 21, "Recheck Cond": "(id = mc.movie_id)", "Filter": "(production_year > 2010)", "Plans": [{"Node Type": "Bitmap Index Scan", "Parent Relationship": "Outer", "Index Name": "title_pkey", "Startup Cost": 0.0, "Total Cost": 4.26, "Plan Rows": 1, "Plan Width": 0, "Index Cond": "(id = mc.movie_id)"}]}]}, {"Node Type": "Bitmap Heap Scan", "Parent Relationship": "Inner", "Relation Name": "movie_info", "Alias": "mi", "Startup Cost": 0.87, "Total Cost": 4.94, "Plan Rows": 1, "Plan Width": 8, "Recheck Cond": "(movie_id = t.id)", "Filter": "((info)::text = ANY ('{USA,America}'::text[]))", "Plans": [{"Node Type": "Bitmap Index Scan", "Parent Relationship": "Outer", "Index Name": "movie_id_movie_info", "Startup Cost": 0.0, "Total Cost": 0.87, "Plan Rows": 5, "Plan Width": 0, "Index Cond": "(movie_id = t.id)"}]}]}, {"Node Type": "Bitmap Heap Scan", "Parent Relationship": "Inner", "Relation Name": "info_type", "Alias": "it", "Startup Cost": 0.26, "Total Cost": 4.27, "Plan Rows": 1, "Plan Width": 4, "Recheck Cond": "(id = mi.info_type_id)", "Plans": [{"Node Type": "Bitmap Index Scan", "Parent Relationship": "Outer", "Index Name": "info_type_pkey", "Startup Cost": 0.0, "Total Cost": 0.26, "Plan Rows": 1, "Plan Width": 0, "Index Cond": "(id = mi.info_type_id)"}]}]}, {"Node Type": "Bitmap Heap Scan", "Parent Relationship": "Inner", "Relation Name": "company_type", "Alias": "ct", "Startup Cost": 0.39, "Total Cost": 4.41, "Plan Rows": 1, "Plan Width": 4, "Recheck Cond": "(id = mc.company_type_id)", "Filter": "((kind)::text = 'production companies'::text)", "Plans": [{"Node Type": "Bitmap Index Scan", "Parent Relationship": "Outer", "Index Name": "company_type_pkey", "Startup Cost": 0.0, "Total Cost": 0.39, "Plan Rows": 1, "Plan Width": 0, "Index Cond": "(id = mc.company_type_id)"}]}]}]}, "Unique SQL Id": 328306525, "Planner Runtime": 4}, "explain_analyze_plan": {"Plan": {"Node Type": "Aggregate", "Strategy": "Plain", "Startup Cost": 1000011276294.99, "Total Cost": 1000011276295.0, "Plan Rows": 1, "Plan Width": 49, "Actual Startup Time": 1689.858, "Actual Total Time": 1689.858, "Actual Rows": 1, "Actual Loops": 1, "Plans": [{"Node Type": "Nested Loop", "Parent Relationship": "Outer", "Join Type": "Inner", "Startup Cost": 10000000005.78, "Total Cost": 1000011276294.93, "Plan Rows": 24, "Plan Width": 17, "Actual Startup Time": 1689.851, "Actual Total Time": 1689.851, "Actual Rows": 0, "Actual Loops": 1, "Inner Unique": true, "Plans": [{"Node Type": "Nested Loop", "Parent Relationship": "Outer", "Join Type": "Inner", "Startup Cost": 10000000005.38, "Total Cost": 1000011276078.43, "Plan Rows": 49, "Plan Width": 21, "Actual Startup Time": 1689.849, "Actual Total Time": 1689.849, "Actual Rows": 0, "Actual Loops": 1, "Inner Unique": true, "Plans": [{"Node Type": "Nested Loop", "Parent Relationship": "Outer", "Join Type": "Inner", "Startup Cost": 10000000005.13, "Total Cost": 1000011275868.7, "Plan Rows": 49, "Plan Width": 25, "Actual Startup Time": 1689.847, "Actual Total Time": 1689.847, "Actual Rows": 0, "Actual Loops": 1, "Inner Unique": false, "Plans": [{"Node Type": "Nested Loop", "Parent Relationship": "Outer", "Join Type": "Inner", "Startup Cost": 10000000004.26, "Total Cost": 1000011275551.68, "Plan Rows": 64, "Plan Width": 29, "Actual Startup Time": 1689.843, "Actual Total Time": 1689.843, "Actual Rows": 0, "Actual Loops": 1, "Inner Unique": true, "Plans": [{"Node Type": "Index Scan", "Parent Relationship": "Outer", "Scan Direction": "Forward", "Index Name": "company_type_id_movie_companies", "Relation Name": "movie_companies", "Alias": "mc", "Startup Cost": 10000000000.0, "Total Cost": 1000011275063.0, "Plan Rows": 59, "Plan Width": 8, "Actual Startup Time": 6.155, "Actual Total Time": 1673.67, "Actual Rows": 1418, "Actual Loops": 1, "Filter": "(((note)::text ~~ '%(VHS)%'::text) AND ((note)::text ~~ '%(USA)%'::text) AND ((note)::text ~~ '%(1994)%'::text))", "Rows Removed by Filter": 2607710}, {"Node Type": "Bitmap Heap Scan", "Parent Relationship": "Inner", "Relation Name": "title", "Alias": "t", "Startup Cost": 4.26, "Total Cost": 8.27, "Plan Rows": 1, "Plan Width": 21, "Actual Startup Time": 13.912, "Actual Total Time": 13.912, "Actual Rows": 0, "Actual Loops": 1418, "Recheck Cond": "(id = mc.movie_id)", "Rows Removed by Index Recheck": 0, "Filter": "(production_year > 2010)", "Rows Removed by Filter": 1418, "Exact Heap Blocks": 1418, "Lossy Heap Blocks": 1418, "Plans": [{"Node Type": "Bitmap Index Scan", "Parent Relationship": "Outer", "Index Name": "title_pkey", "Startup Cost": 0.0, "Total Cost": 4.26, "Plan Rows": 1, "Plan Width": 0, "Actual Startup Time": 7.738, "Actual Total Time": 7.738, "Actual Rows": 1418, "Actual Loops": 1418, "Index Cond": "(id = mc.movie_id)"}]}]}, {"Node Type": "Bitmap Heap Scan", "Parent Relationship": "Inner", "Relation Name": "movie_info", "Alias": "mi", "Startup Cost": 0.87, "Total Cost": 4.94, "Plan Rows": 1, "Plan Width": 8, "Actual Startup Time": 0.0, "Actual Total Time": 0.0, "Recheck Cond": "(movie_id = t.id)", "Rows Removed by Index Recheck": 0, "Filter": "((info)::text = ANY ('{USA,America}'::text[]))", "Rows Removed by Filter": 0, "Exact Heap Blocks": 0, "Lossy Heap Blocks": 0, "Plans": [{"Node Type": "Bitmap Index Scan", "Parent Relationship": "Outer", "Index Name": "movie_id_movie_info", "Startup Cost": 0.0, "Total Cost": 0.87, "Plan Rows": 5, "Plan Width": 0, "Actual Startup Time": 0.0, "Actual Total Time": 0.0, "Index Cond": "(movie_id = t.id)"}]}]}, {"Node Type": "Bitmap Heap Scan", "Parent Relationship": "Inner", "Relation Name": "info_type", "Alias": "it", "Startup Cost": 0.26, "Total Cost": 4.27, "Plan Rows": 1, "Plan Width": 4, "Actual Startup Time": 0.0, "Actual Total Time": 0.0, "Recheck Cond": "(id = mi.info_type_id)", "Rows Removed by Index Recheck": 0, "Exact Heap Blocks": 0, "Lossy Heap Blocks": 0, "Plans": [{"Node Type": "Bitmap Index Scan", "Parent Relationship": "Outer", "Index Name": "info_type_pkey", "Startup Cost": 0.0, "Total Cost": 0.26, "Plan Rows": 1, "Plan Width": 0, "Actual Startup Time": 0.0, "Actual Total Time": 0.0, "Index Cond": "(id = mi.info_type_id)"}]}]}, {"Node Type": "Bitmap Heap Scan", "Parent Relationship": "Inner", "Relation Name": "company_type", "Alias": "ct", "Startup Cost": 0.39, "Total Cost": 4.41, "Plan Rows": 1, "Plan Width": 4, "Actual Startup Time": 0.0, "Actual Total Time": 0.0, "Recheck Cond": "(id = mc.company_type_id)", "Rows Removed by Index Recheck": 0, "Filter": "((kind)::text = 'production companies'::text)", "Rows Removed by Filter": 0, "Exact Heap Blocks": 0, "Lossy Heap Blocks": 0, "Plans": [{"Node Type": "Bitmap Index Scan", "Parent Relationship": "Outer", "Index Name": "company_type_pkey", "Startup Cost": 0.0, "Total Cost": 0.39, "Plan Rows": 1, "Plan Width": 0, "Actual Startup Time": 0.0, "Actual Total Time": 0.0, "Index Cond": "(id = mc.company_type_id)"}]}]}]}, "Triggers": [], "Planner Runtime": 5.044, "Total Runtime": 1690.156, "Unique SQL Id": 328306525}}, "(1, '88')": {"explain_plan": {"Plan": {"Node Type": "Aggregate", "Strategy": "Plain", "Startup Cost": 61748.65, "Total Cost": 61748.66, "Plan Rows": 1, "Plan Width": 49, "Plans": [{"Node Type": "Nested Loop", "Parent Relationship": "Outer", "Join Type": "Inner", "Startup Cost": 0.0, "Total Cost": 61748.59, "Plan Rows": 24, "Plan Width": 17, "Inner Unique": true, "Plans": [{"Node Type": "Nested Loop", "Parent Relationship": "Outer", "Join Type": "Inner", "Startup Cost": 0.0, "Total Cost": 61741.87, "Plan Rows": 24, "Plan Width": 21, "Inner Unique": false, "Plans": [{"Node Type": "Nested Loop", "Parent Relationship": "Outer", "Join Type": "Inner", "Startup Cost": 0.0, "Total Cost": 61662.88, "Plan Rows": 32, "Plan Width": 25, "Inner Unique": true, "Plans": [{"Node Type": "Nested Loop", "Parent Relationship": "Outer", "Join Type": "Inner", "Startup Cost": 0.0, "Total Cost": 61414.41, "Plan Rows": 30, "Plan Width": 4, "Inner Unique": true, "Plans": [{"Node Type": "Seq Scan", "Parent Relationship": "Outer", "Relation Name": "movie_companies", "Alias": "mc", "Startup Cost": 0.0, "Total Cost": 61385.74, "Plan Rows": 59, "Plan Width": 8, "Filter": "(((note)::text ~~ '%(VHS)%'::text) AND ((note)::text ~~ '%(USA)%'::text) AND ((note)::text ~~ '%(1994)%'::text))"}, {"Node Type": "Index Scan", "Parent Relationship": "Inner", "Scan Direction": "Forward", "Index Name": "company_type_pkey", "Relation Name": "company_type", "Alias": "ct", "Startup Cost": 0.0, "Total Cost": 0.48, "Plan Rows": 1, "Plan Width": 4, "Index Cond": "(id = mc.company_type_id)", "Filter": "((kind)::text = 'production companies'::text)"}]}, {"Node Type": "Index Scan", "Parent Relationship": "Inner", "Scan Direction": "Forward", "Index Name": "title_pkey", "Relation Name": "title", "Alias": "t", "Startup Cost": 0.0, "Total Cost": 8.27, "Plan Rows": 1, "Plan Width": 21, "Index Cond": "(id = mc.movie_id)", "Filter": "(production_year > 2010)"}]}, {"Node Type": "Index Scan", "Parent Relationship": "Inner", "Scan Direction": "Forward", "Index Name": "movie_id_movie_info", "Relation Name": "movie_info", "Alias": "mi", "Startup Cost": 0.0, "Total Cost": 2.46, "Plan Rows": 1, "Plan Width": 8, "Index Cond": "(movie_id = t.id)", "Filter": "((info)::text = ANY ('{USA,America}'::text[]))"}]}, {"Node Type": "Index Only Scan", "Parent Relationship": "Inner", "Scan Direction": "Forward", "Index Name": "info_type_pkey", "Relation Name": "info_type", "Alias": "it", "Startup Cost": 0.0, "Total Cost": 0.27, "Plan Rows": 1, "Plan Width": 4, "Index Cond": "(id = mi.info_type_id)"}]}]}, "Unique SQL Id": 328306525, "Planner Runtime": 6}, "explain_analyze_plan": {"Plan": {"Node Type": "Aggregate", "Strategy": "Plain", "Startup Cost": 61748.65, "Total Cost": 61748.66, "Plan Rows": 1, "Plan Width": 49, "Actual Startup Time": 946.929, "Actual Total Time": 946.929, "Actual Rows": 1, "Actual Loops": 1, "Plans": [{"Node Type": "Nested Loop", "Parent Relationship": "Outer", "Join Type": "Inner", "Startup Cost": 0.0, "Total Cost": 61748.59, "Plan Rows": 24, "Plan Width": 17, "Actual Startup Time": 946.921, "Actual Total Time": 946.921, "Actual Rows": 0, "Actual Loops": 1, "Inner Unique": true, "Plans": [{"Node Type": "Nested Loop", "Parent Relationship": "Outer", "Join Type": "Inner", "Startup Cost": 0.0, "Total Cost": 61741.87, "Plan Rows": 24, "Plan Width": 21, "Actual Startup Time": 946.918, "Actual Total Time": 946.918, "Actual Rows": 0, "Actual Loops": 1, "Inner Unique": false, "Plans": [{"Node Type": "Nested Loop", "Parent Relationship": "Outer", "Join Type": "Inner", "Startup Cost": 0.0, "Total Cost": 61662.88, "Plan Rows": 32, "Plan Width": 25, "Actual Startup Time": 946.917, "Actual Total Time": 946.917, "Actual Rows": 0, "Actual Loops": 1, "Inner Unique": true, "Plans": [{"Node Type": "Nested Loop", "Parent Relationship": "Outer", "Join Type": "Inner", "Startup Cost": 0.0, "Total Cost": 61414.41, "Plan Rows": 30, "Plan Width": 4, "Actual Startup Time": 946.916, "Actual Total Time": 946.916, "Actual Rows": 0, "Actual Loops": 1, "Inner Unique": true, "Plans": [{"Node Type": "Seq Scan", "Parent Relationship": "Outer", "Relation Name": "movie_companies", "Alias": "mc", "Startup Cost": 0.0, "Total Cost": 61385.74, "Plan Rows": 59, "Plan Width": 8, "Actual Startup Time": 3.922, "Actual Total Time": 944.829, "Actual Rows": 1418, "Actual Loops": 1, "Filter": "(((note)::text ~~ '%(VHS)%'::text) AND ((note)::text ~~ '%(USA)%'::text) AND ((note)::text ~~ '%(1994)%'::text))", "Rows Removed by Filter": 2607710}, {"Node Type": "Index Scan", "Parent Relationship": "Inner", "Scan Direction": "Forward", "Index Name": "company_type_pkey", "Relation Name": "company_type", "Alias": "ct", "Startup Cost": 0.0, "Total Cost": 0.48, "Plan Rows": 1, "Plan Width": 4, "Actual Startup Time": 1.197, "Actual Total Time": 1.197, "Actual Rows": 0, "Actual Loops": 1418, "Index Cond": "(id = mc.company_type_id)", "Rows Removed by Index Recheck": 0, "Filter": "((kind)::text = 'production companies'::text)", "Rows Removed by Filter": 0}]}, {"Node Type": "Index Scan", "Parent Relationship": "Inner", "Scan Direction": "Forward", "Index Name": "title_pkey", "Relation Name": "title", "Alias": "t", "Startup Cost": 0.0, "Total Cost": 8.27, "Plan Rows": 1, "Plan Width": 21, "Actual Startup Time": 0.0, "Actual Total Time": 0.0, "Index Cond": "(id = mc.movie_id)", "Rows Removed by Index Recheck": 0, "Filter": "(production_year > 2010)", "Rows Removed by Filter": 0}]}, {"Node Type": "Index Scan", "Parent Relationship": "Inner", "Scan Direction": "Forward", "Index Name": "movie_id_movie_info", "Relation Name": "movie_info", "Alias": "mi", "Startup Cost": 0.0, "Total Cost": 2.46, "Plan Rows": 1, "Plan Width": 8, "Actual Startup Time": 0.0, "Actual Total Time": 0.0, "Index Cond": "(movie_id = t.id)", "Rows Removed by Index Recheck": 0, "Filter": "((info)::text = ANY ('{USA,America}'::text[]))", "Rows Removed by Filter": 0}]}, {"Node Type": "Index Only Scan", "Parent Relationship": "Inner", "Scan Direction": "Forward", "Index Name": "info_type_pkey", "Relation Name": "info_type", "Alias": "it", "Startup Cost": 0.0, "Total Cost": 0.27, "Plan Rows": 1, "Plan Width": 4, "Actual Startup Time": 0.0, "Actual Total Time": 0.0, "Index Cond": "(id = mi.info_type_id)", "Rows Removed by Index Recheck": 0, "Heap Fetches": 0}]}]}, "Triggers": [], "Planner Runtime": 7.384, "Total Runtime": 947.266, "Unique SQL Id": 328306525}}, "(1, '89')": {"explain_plan": {"Plan": {"Node Type": "Aggregate", "Strategy": "Plain", "Startup Cost": 63248.6, "Total Cost": 63248.61, "Plan Rows": 1, "Plan Width": 49, "Plans": [{"Node Type": "Nested Loop", "Parent Relationship": "Outer", "Join Type": "Inner", "Startup Cost": 0.0, "Total Cost": 63248.54, "Plan Rows": 24, "Plan Width": 17, "Inner Unique": true, "Plans": [{"Node Type": "Nested Loop", "Parent Relationship": "Outer", "Join Type": "Inner", "Startup Cost": 0.0, "Total Cost": 63241.82, "Plan Rows": 24, "Plan Width": 21, "Inner Unique": false, "Plans": [{"Node Type": "Nested Loop", "Parent Relationship": "Outer", "Join Type": "Inner", "Startup Cost": 0.0, "Total Cost": 63162.83, "Plan Rows": 32, "Plan Width": 25, "Inner Unique": true, "Plans": [{"Node Type": "Nested Loop", "Parent Relationship": "Outer", "Join Type": "Inner", "Startup Cost": 0.0, "Total Cost": 62914.35, "Plan Rows": 30, "Plan Width": 4, "Inner Unique": false, "Plans": [{"Node Type": "Index Scan", "Parent Relationship": "Outer", "Scan Direction": "Forward", "Index Name": "company_type_pkey", "Relation Name": "company_type", "Alias": "ct", "Startup Cost": 0.0, "Total Cost": 12.3, "Plan Rows": 1, "Plan Width": 4, "Filter": "((kind)::text = 'production companies'::text)"}, {"Node Type": "Index Scan", "Parent Relationship": "Inner", "Scan Direction": "Forward", "Index Name": "company_type_id_movie_companies", "Relation Name": "movie_companies", "Alias": "mc", "Startup Cost": 0.0, "Total Cost": 62901.76, "Plan Rows": 29, "Plan Width": 8, "Index Cond": "(company_type_id = ct.id)", "Filter": "(((note)::text ~~ '%(VHS)%'::text) AND ((note)::text ~~ '%(USA)%'::text) AND ((note)::text ~~ '%(1994)%'::text))"}]}, {"Node Type": "Index Scan", "Parent Relationship": "Inner", "Scan Direction": "Forward", "Index Name": "title_pkey", "Relation Name": "title", "Alias": "t", "Startup Cost": 0.0, "Total Cost": 8.27, "Plan Rows": 1, "Plan Width": 21, "Index Cond": "(id = mc.movie_id)", "Filter": "(production_year > 2010)"}]}, {"Node Type": "Index Scan", "Parent Relationship": "Inner", "Scan Direction": "Forward", "Index Name": "movie_id_movie_info", "Relation Name": "movie_info", "Alias": "mi", "Startup Cost": 0.0, "Total Cost": 2.46, "Plan Rows": 1, "Plan Width": 8, "Index Cond": "(movie_id = t.id)", "Filter": "((info)::text = ANY ('{USA,America}'::text[]))"}]}, {"Node Type": "Index Only Scan", "Parent Relationship": "Inner", "Scan Direction": "Forward", "Index Name": "info_type_pkey", "Relation Name": "info_type", "Alias": "it", "Startup Cost": 0.0, "Total Cost": 0.27, "Plan Rows": 1, "Plan Width": 4, "Index Cond": "(id = mi.info_type_id)"}]}]}, "Unique SQL Id": 328306525, "Planner Runtime": 6}, "explain_analyze_plan": {"Plan": {"Node Type": "Aggregate", "Strategy": "Plain", "Startup Cost": 63248.6, "Total Cost": 63248.61, "Plan Rows": 1, "Plan Width": 49, "Actual Startup Time": 640.136, "Actual Total Time": 640.136, "Actual Rows": 1, "Actual Loops": 1, "Plans": [{"Node Type": "Nested Loop", "Parent Relationship": "Outer", "Join Type": "Inner", "Startup Cost": 0.0, "Total Cost": 63248.54, "Plan Rows": 24, "Plan Width": 17, "Actual Startup Time": 640.125, "Actual Total Time": 640.125, "Actual Rows": 0, "Actual Loops": 1, "Inner Unique": true, "Plans": [{"Node Type": "Nested Loop", "Parent Relationship": "Outer", "Join Type": "Inner", "Startup Cost": 0.0, "Total Cost": 63241.82, "Plan Rows": 24, "Plan Width": 21, "Actual Startup Time": 640.123, "Actual Total Time": 640.123, "Actual Rows": 0, "Actual Loops": 1, "Inner Unique": false, "Plans": [{"Node Type": "Nested Loop", "Parent Relationship": "Outer", "Join Type": "Inner", "Startup Cost": 0.0, "Total Cost": 63162.83, "Plan Rows": 32, "Plan Width": 25, "Actual Startup Time": 640.123, "Actual Total Time": 640.123, "Actual Rows": 0, "Actual Loops": 1, "Inner Unique": true, "Plans": [{"Node Type": "Nested Loop", "Parent Relationship": "Outer", "Join Type": "Inner", "Startup Cost": 0.0, "Total Cost": 62914.35, "Plan Rows": 30, "Plan Width": 4, "Actual Startup Time": 640.122, "Actual Total Time": 640.122, "Actual Rows": 0, "Actual Loops": 1, "Inner Unique": false, "Plans": [{"Node Type": "Index Scan", "Parent Relationship": "Outer", "Scan Direction": "Forward", "Index Name": "company_type_pkey", "Relation Name": "company_type", "Alias": "ct", "Startup Cost": 0.0, "Total Cost": 12.3, "Plan Rows": 1, "Plan Width": 4, "Actual Startup Time": 0.026, "Actual Total Time": 0.033, "Actual Rows": 1, "Actual Loops": 1, "Filter": "((kind)::text = 'production companies'::text)", "Rows Removed by Filter": 2}, {"Node Type": "Index Scan", "Parent Relationship": "Inner", "Scan Direction": "Forward", "Index Name": "company_type_id_movie_companies", "Relation Name": "movie_companies", "Alias": "mc", "Startup Cost": 0.0, "Total Cost": 62901.76, "Plan Rows": 29, "Plan Width": 8, "Actual Startup Time": 640.079, "Actual Total Time": 640.079, "Actual Rows": 0, "Actual Loops": 1, "Index Cond": "(company_type_id = ct.id)", "Rows Removed by Index Recheck": 0, "Filter": "(((note)::text ~~ '%(VHS)%'::text) AND ((note)::text ~~ '%(USA)%'::text) AND ((note)::text ~~ '%(1994)%'::text))", "Rows Removed by Filter": 1334883}]}, {"Node Type": "Index Scan", "Parent Relationship": "Inner", "Scan Direction": "Forward", "Index Name": "title_pkey", "Relation Name": "title", "Alias": "t", "Startup Cost": 0.0, "Total Cost": 8.27, "Plan Rows": 1, "Plan Width": 21, "Actual Startup Time": 0.0, "Actual Total Time": 0.0, "Index Cond": "(id = mc.movie_id)", "Rows Removed by Index Recheck": 0, "Filter": "(production_year > 2010)", "Rows Removed by Filter": 0}]}, {"Node Type": "Index Scan", "Parent Relationship": "Inner", "Scan Direction": "Forward", "Index Name": "movie_id_movie_info", "Relation Name": "movie_info", "Alias": "mi", "Startup Cost": 0.0, "Total Cost": 2.46, "Plan Rows": 1, "Plan Width": 8, "Actual Startup Time": 0.0, "Actual Total Time": 0.0, "Index Cond": "(movie_id = t.id)", "Rows Removed by Index Recheck": 0, "Filter": "((info)::text = ANY ('{USA,America}'::text[]))", "Rows Removed by Filter": 0}]}, {"Node Type": "Index Only Scan", "Parent Relationship": "Inner", "Scan Direction": "Forward", "Index Name": "info_type_pkey", "Relation Name": "info_type", "Alias": "it", "Startup Cost": 0.0, "Total Cost": 0.27, "Plan Rows": 1, "Plan Width": 4, "Actual Startup Time": 0.0, "Actual Total Time": 0.0, "Index Cond": "(id = mi.info_type_id)", "Rows Removed by Index Recheck": 0, "Heap Fetches": 0}]}]}, "Triggers": [], "Planner Runtime": 7.646, "Total Runtime": 640.429, "Unique SQL Id": 328306525}}, "(1, '90')": {"explain_plan": {"Plan": {"Node Type": "Aggregate", "Strategy": "Plain", "Startup Cost": 559220.57, "Total Cost": 559220.58, "Plan Rows": 1, "Plan Width": 49, "Plans": [{"Node Type": "Merge Join", "Parent Relationship": "Outer", "Join Type": "Inner", "Startup Cost": 557264.28, "Total Cost": 559220.51, "Plan Rows": 24, "Plan Width": 17, "Inner Unique": true, "Merge Cond": "(mi.movie_id = t.id)", "Plans": [{"Node Type": "Sort", "Parent Relationship": "Outer", "Startup Cost": 454511.54, "Total Cost": 454511.62, "Plan Rows": 33, "Plan Width": 8, "Sort Key": ["mc.movie_id"], "Plans": [{"Node Type": "Merge Join", "Parent Relationship": "Outer", "Join Type": "Inner", "Startup Cost": 454509.67, "Total Cost": 454510.71, "Plan Rows": 33, "Plan Width": 8, "Inner Unique": true, "Merge Cond": "(mi.info_type_id = it.id)", "Plans": [{"Node Type": "Sort", "Parent Relationship": "Outer", "Startup Cost": 454503.73, "Total Cost": 454503.81, "Plan Rows": 33, "Plan Width": 12, "Sort Key": ["mi.info_type_id"], "Plans": [{"Node Type": "Merge Join", "Parent Relationship": "Outer", "Join Type": "Inner", "Startup Cost": 451579.2, "Total Cost": 454502.9, "Plan Rows": 33, "Plan Width": 12, "Inner Unique": false, "Merge Cond": "(mc.movie_id = mi.movie_id)", "Plans": [{"Node Type": "Sort", "Parent Relationship": "Outer", "Startup Cost": 61389.86, "Total Cost": 61389.94, "Plan Rows": 30, "Plan Width": 4, "Sort Key": ["mc.movie_id"], "Plans": [{"Node Type": "Merge Join", "Parent Relationship": "Outer", "Join Type": "Inner", "Startup Cost": 61388.67, "Total Cost": 61389.13, "Plan Rows": 30, "Plan Width": 4, "Inner Unique": false, "Merge Cond": "(ct.id = mc.company_type_id)", "Plans": [{"Node Type": "Sort", "Parent Relationship": "Outer", "Startup Cost": 1.05, "Total Cost": 1.05, "Plan Rows": 1, "Plan Width": 4, "Sort Key": ["ct.id"], "Plans": [{"Node Type": "Seq Scan", "Parent Relationship": "Outer", "Relation Name": "company_type", "Alias": "ct", "Startup Cost": 0.0, "Total Cost": 1.04, "Plan Rows": 1, "Plan Width": 4, "Filter": "((kind)::text = 'production companies'::text)"}]}, {"Node Type": "Sort", "Parent Relationship": "Inner", "Startup Cost": 61387.48, "Total Cost": 61387.62, "Plan Rows": 59, "Plan Width": 8, "Sort Key": ["mc.company_type_id"], "Plans": [{"Node Type": "Seq Scan", "Parent Relationship": "Outer", "Relation Name": "movie_companies", "Alias": "mc", "Startup Cost": 0.0, "Total Cost": 61385.74, "Plan Rows": 59, "Plan Width": 8, "Filter": "(((note)::text ~~ '%(VHS)%'::text) AND ((note)::text ~~ '%(USA)%'::text) AND ((note)::text ~~ '%(1994)%'::text))"}]}]}]}, {"Node Type": "Sort", "Parent Relationship": "Inner", "Startup Cost": 390189.34, "Total Cost": 391651.58, "Plan Rows": 584897, "Plan Width": 8, "Sort Key": ["mi.movie_id"], "Plans": [{"Node Type": "Seq Scan", "Parent Relationship": "Outer", "Relation Name": "movie_info", "Alias": "mi", "Startup Cost": 0.0, "Total Cost": 334162.58, "Plan Rows": 584897, "Plan Width": 8, "Filter": "((info)::text = ANY ('{USA,America}'::text[]))"}]}]}]}, {"Node Type": "Sort", "Parent Relationship": "Inner", "Startup Cost": 5.93, "Total Cost": 6.21, "Plan Rows": 112, "Plan Width": 4, "Sort Key": ["it.id"], "Plans": [{"Node Type": "Seq Scan", "Parent Relationship": "Outer", "Relation Name": "info_type", "Alias": "it", "Startup Cost": 0.0, "Total Cost": 2.12, "Plan Rows": 112, "Plan Width": 4}]}]}]}, {"Node Type": "Sort", "Parent Relationship": "Inner", "Startup Cost": 102752.7, "Total Cost": 103731.32, "Plan Rows": 391451, "Plan Width": 21, "Sort Key": ["t.id"], "Plans": [{"Node Type": "Seq Scan", "Parent Relationship": "Outer", "Relation Name": "title", "Alias": "t", "Startup Cost": 0.0, "Total Cost": 66389.89, "Plan Rows": 391451, "Plan Width": 21, "Filter": "(production_year > 2010), (LLVM Optimized)"}]}]}]}, "Unique SQL Id": 328306525, "Planner Runtime": 6}, "explain_analyze_plan": {"Plan": {"Node Type": "Aggregate", "Strategy": "Plain", "Startup Cost": 559220.57, "Total Cost": 559220.58, "Plan Rows": 1, "Plan Width": 49, "Actual Startup Time": 969.228, "Actual Total Time": 969.228, "Actual Rows": 1, "Actual Loops": 1, "Plans": [{"Node Type": "Merge Join", "Parent Relationship": "Outer", "Join Type": "Inner", "Startup Cost": 557264.28, "Total Cost": 559220.51, "Plan Rows": 24, "Plan Width": 17, "Actual Startup Time": 969.22, "Actual Total Time": 969.22, "Actual Rows": 0, "Actual Loops": 1, "Inner Unique": true, "Merge Cond": "(mi.movie_id = t.id)", "Plans": [{"Node Type": "Sort", "Parent Relationship": "Outer", "Startup Cost": 454511.54, "Total Cost": 454511.62, "Plan Rows": 33, "Plan Width": 8, "Actual Startup Time": 969.21, "Actual Total Time": 969.21, "Actual Rows": 0, "Actual Loops": 1, "Sort Key": ["mc.movie_id"], "Sort Method": "quicksort", "Sort Space Used": 25, "Sort Space Type": "Memory", "Plans": [{"Node Type": "Merge Join", "Parent Relationship": "Outer", "Join Type": "Inner", "Startup Cost": 454509.67, "Total Cost": 454510.71, "Plan Rows": 33, "Plan Width": 8, "Actual Startup Time": 969.196, "Actual Total Time": 969.196, "Actual Rows": 0, "Actual Loops": 1, "Inner Unique": true, "Merge Cond": "(mi.info_type_id = it.id)", "Plans": [{"Node Type": "Sort", "Parent Relationship": "Outer", "Startup Cost": 454503.73, "Total Cost": 454503.81, "Plan Rows": 33, "Plan Width": 12, "Actual Startup Time": 969.189, "Actual Total Time": 969.189, "Actual Rows": 0, "Actual Loops": 1, "Sort Key": ["mi.info_type_id"], "Sort Method": "quicksort", "Sort Space Used": 25, "Sort Space Type": "Memory", "Plans": [{"Node Type": "Merge Join", "Parent Relationship": "Outer", "Join Type": "Inner", "Startup Cost": 451579.2, "Total Cost": 454502.9, "Plan Rows": 33, "Plan Width": 12, "Actual Startup Time": 969.184, "Actual Total Time": 969.184, "Actual Rows": 0, "Actual Loops": 1, "Inner Unique": false, "Merge Cond": "(mc.movie_id = mi.movie_id)", "Plans": [{"Node Type": "Sort", "Parent Relationship": "Outer", "Startup Cost": 61389.86, "Total Cost": 61389.94, "Plan Rows": 30, "Plan Width": 4, "Actual Startup Time": 969.167, "Actual Total Time": 969.167, "Actual Rows": 0, "Actual Loops": 1, "Sort Key": ["mc.movie_id"], "Sort Method": "quicksort", "Sort Space Used": 25, "Sort Space Type": "Memory", "Plans": [{"Node Type": "Merge Join", "Parent Relationship": "Outer", "Join Type": "Inner", "Startup Cost": 61388.67, "Total Cost": 61389.13, "Plan Rows": 30, "Plan Width": 4, "Actual Startup Time": 969.163, "Actual Total Time": 969.163, "Actual Rows": 0, "Actual Loops": 1, "Inner Unique": false, "Merge Cond": "(ct.id = mc.company_type_id)", "Plans": [{"Node Type": "Sort", "Parent Relationship": "Outer", "Startup Cost": 1.05, "Total Cost": 1.05, "Plan Rows": 1, "Plan Width": 4, "Actual Startup Time": 0.053, "Actual Total Time": 0.053, "Actual Rows": 1, "Actual Loops": 1, "Sort Key": ["ct.id"], "Sort Method": "quicksort", "Sort Space Used": 25, "Sort Space Type": "Memory", "Plans": [{"Node Type": "Seq Scan", "Parent Relationship": "Outer", "Relation Name": "company_type", "Alias": "ct", "Startup Cost": 0.0, "Total Cost": 1.04, "Plan Rows": 1, "Plan Width": 4, "Actual Startup Time": 0.032, "Actual Total Time": 0.035, "Actual Rows": 1, "Actual Loops": 1, "Filter": "((kind)::text = 'production companies'::text)", "Rows Removed by Filter": 2}]}, {"Node Type": "Sort", "Parent Relationship": "Inner", "Startup Cost": 61387.48, "Total Cost": 61387.62, "Plan Rows": 59, "Plan Width": 8, "Actual Startup Time": 968.63, "Actual Total Time": 968.889, "Actual Rows": 1418, "Actual Loops": 1, "Sort Key": ["mc.company_type_id"], "Sort Method": "quicksort", "Sort Space Used": 137, "Sort Space Type": "Memory", "Plans": [{"Node Type": "Seq Scan", "Parent Relationship": "Outer", "Relation Name": "movie_companies", "Alias": "mc", "Startup Cost": 0.0, "Total Cost": 61385.74, "Plan Rows": 59, "Plan Width": 8, "Actual Startup Time": 3.893, "Actual Total Time": 968.042, "Actual Rows": 1418, "Actual Loops": 1, "Filter": "(((note)::text ~~ '%(VHS)%'::text) AND ((note)::text ~~ '%(USA)%'::text) AND ((note)::text ~~ '%(1994)%'::text))", "Rows Removed by Filter": 2607710}]}]}]}, {"Node Type": "Sort", "Parent Relationship": "Inner", "Startup Cost": 390189.34, "Total Cost": 391651.58, "Plan Rows": 584897, "Plan Width": 8, "Actual Startup Time": 0.0, "Actual Total Time": 0.0, "Sort Key": ["mi.movie_id"], "Plans": [{"Node Type": "Seq Scan", "Parent Relationship": "Outer", "Relation Name": "movie_info", "Alias": "mi", "Startup Cost": 0.0, "Total Cost": 334162.58, "Plan Rows": 584897, "Plan Width": 8, "Actual Startup Time": 0.0, "Actual Total Time": 0.0, "Filter": "((info)::text = ANY ('{USA,America}'::text[]))", "Rows Removed by Filter": 0}]}]}]}, {"Node Type": "Sort", "Parent Relationship": "Inner", "Startup Cost": 5.93, "Total Cost": 6.21, "Plan Rows": 112, "Plan Width": 4, "Actual Startup Time": 0.0, "Actual Total Time": 0.0, "Sort Key": ["it.id"], "Plans": [{"Node Type": "Seq Scan", "Parent Relationship": "Outer", "Relation Name": "info_type", "Alias": "it", "Startup Cost": 0.0, "Total Cost": 2.12, "Plan Rows": 112, "Plan Width": 4, "Actual Startup Time": 0.0, "Actual Total Time": 0.0}]}]}]}, {"Node Type": "Sort", "Parent Relationship": "Inner", "Startup Cost": 102752.7, "Total Cost": 103731.32, "Plan Rows": 391451, "Plan Width": 21, "Actual Startup Time": 0.0, "Actual Total Time": 0.0, "Sort Key": ["t.id"], "Plans": [{"Node Type": "Seq Scan", "Parent Relationship": "Outer", "Relation Name": "title", "Alias": "t", "Startup Cost": 0.0, "Total Cost": 66389.89, "Plan Rows": 391451, "Plan Width": 21, "Actual Startup Time": 0.0, "Actual Total Time": 0.0, "Filter": "(production_year > 2010), (LLVM Optimized, Jit Execute)", "Rows Removed by Filter": 0}]}]}]}, "Triggers": [], "Planner Runtime": 7.11, "Total Runtime": 978.605, "Unique SQL Id": 328306525}}, "(1, '91')": {"explain_plan": {"Plan": {"Node Type": "Aggregate", "Strategy": "Plain", "Startup Cost": 4981316377689.39, "Total Cost": 4981316377689.4, "Plan Rows": 1, "Plan Width": 49, "Plans": [{"Node Type": "Merge Join", "Parent Relationship": "Outer", "Join Type": "Inner", "Startup Cost": 3992030579093.52, "Total Cost": 4981316377689.33, "Plan Rows": 24, "Plan Width": 17, "Inner Unique": true, "Merge Cond": "(mi.movie_id = t.id)", "Plans": [{"Node Type": "Sort", "Parent Relationship": "Outer", "Startup Cost": 3982005288274.36, "Total Cost": 3982005288274.45, "Plan Rows": 33, "Plan Width": 8, "Sort Key": ["mc.movie_id"], "Plans": [{"Node Type": "Merge Join", "Parent Relationship": "Outer", "Join Type": "Inner", "Startup Cost": 3009683858726.08, "Total Cost": 3982005288273.53, "Plan Rows": 33, "Plan Width": 8, "Inner Unique": true, "Merge Cond": "(mi.info_type_id = it.id)", "Plans": [{"Node Type": "Sort", "Parent Relationship": "Outer", "Startup Cost": 2999683858726.07, "Total Cost": 2999683858726.15, "Plan Rows": 33, "Plan Width": 12, "Sort Key": ["mi.info_type_id"], "Plans": [{"Node Type": "Merge Join", "Parent Relationship": "Outer", "Join Type": "Inner", "Startup Cost": 2010006291407.28, "Total Cost": 2999683858725.23, "Plan Rows": 33, "Plan Width": 12, "Inner Unique": false, "Merge Cond": "(mi.movie_id = mc.movie_id)", "Plans": [{"Node Type": "Index Scan", "Parent Relationship": "Outer", "Scan Direction": "Forward", "Index Name": "movie_id_movie_info", "Relation Name": "movie_info", "Alias": "mi", "Startup Cost": 10000000000.0, "Total Cost": 1000107534403.72, "Plan Rows": 584897, "Plan Width": 8, "Filter": "((info)::text = ANY ('{USA,America}'::text[]))"}, {"Node Type": "Sort", "Parent Relationship": "Inner", "Startup Cost": 2000006291407.28, "Total Cost": 2000006291407.35, "Plan Rows": 30, "Plan Width": 4, "Sort Key": ["mc.movie_id"], "Plans": [{"Node Type": "Nested Loop", "Parent Relationship": "Outer", "Join Type": "Inner", "Startup Cost": 20000000000.0, "Total Cost": 2000006291406.54, "Plan Rows": 30, "Plan Width": 4, "Inner Unique": false, "Plans": [{"Node Type": "Index Scan", "Parent Relationship": "Outer", "Scan Direction": "Forward", "Index Name": "company_type_pkey", "Relation Name": "company_type", "Alias": "ct", "Startup Cost": 10000000000.0, "Total Cost": 1000000001230.25, "Plan Rows": 1, "Plan Width": 4, "Filter": "((kind)::text = 'production companies'::text)"}, {"Node Type": "Index Scan", "Parent Relationship": "Inner", "Scan Direction": "Forward", "Index Name": "company_type_id_movie_companies", "Relation Name": "movie_companies", "Alias": "mc", "Startup Cost": 10000000000.0, "Total Cost": 1000006290176.0, "Plan Rows": 29, "Plan Width": 8, "Index Cond": "(company_type_id = ct.id)", "Filter": "(((note)::text ~~ '%(VHS)%'::text) AND ((note)::text ~~ '%(USA)%'::text) AND ((note)::text ~~ '%(1994)%'::text))"}]}]}]}]}, {"Node Type": "Index Only Scan", "Parent Relationship": "Inner", "Scan Direction": "Forward", "Index Name": "info_type_pkey", "Relation Name": "info_type", "Alias": "it", "Startup Cost": 10000000000.0, "Total Cost": 1000000000993.0, "Plan Rows": 112, "Plan Width": 4}]}]}, {"Node Type": "Index Scan", "Parent Relationship": "Inner", "Scan Direction": "Forward", "Index Name": "title_pkey", "Relation Name": "title", "Alias": "t", "Startup Cost": 10000000000.0, "Total Cost": 1000011644126.66, "Plan Rows": 391451, "Plan Width": 21, "Filter": "(production_year > 2010), (LLVM Optimized)"}]}]}, "Unique SQL Id": 328306525, "Planner Runtime": 12}, "explain_analyze_plan": {"Plan": {"Node Type": "Aggregate", "Strategy": "Plain", "Startup Cost": 4981316377689.39, "Total Cost": 4981316377689.4, "Plan Rows": 1, "Plan Width": 49, "Actual Startup Time": 629.384, "Actual Total Time": 629.385, "Actual Rows": 1, "Actual Loops": 1, "Plans": [{"Node Type": "Merge Join", "Parent Relationship": "Outer", "Join Type": "Inner", "Startup Cost": 3992030579093.52, "Total Cost": 4981316377689.33, "Plan Rows": 24, "Plan Width": 17, "Actual Startup Time": 629.374, "Actual Total Time": 629.374, "Actual Rows": 0, "Actual Loops": 1, "Inner Unique": true, "Merge Cond": "(mi.movie_id = t.id)", "Plans": [{"Node Type": "Sort", "Parent Relationship": "Outer", "Startup Cost": 3982005288274.36, "Total Cost": 3982005288274.45, "Plan Rows": 33, "Plan Width": 8, "Actual Startup Time": 629.37, "Actual Total Time": 629.37, "Actual Rows": 0, "Actual Loops": 1, "Sort Key": ["mc.movie_id"], "Sort Method": "quicksort", "Sort Space Used": 25, "Sort Space Type": "Memory", "Plans": [{"Node Type": "Merge Join", "Parent Relationship": "Outer", "Join Type": "Inner", "Startup Cost": 3009683858726.08, "Total Cost": 3982005288273.53, "Plan Rows": 33, "Plan Width": 8, "Actual Startup Time": 629.356, "Actual Total Time": 629.356, "Actual Rows": 0, "Actual Loops": 1, "Inner Unique": true, "Merge Cond": "(mi.info_type_id = it.id)", "Plans": [{"Node Type": "Sort", "Parent Relationship": "Outer", "Startup Cost": 2999683858726.07, "Total Cost": 2999683858726.15, "Plan Rows": 33, "Plan Width": 12, "Actual Startup Time": 629.352, "Actual Total Time": 629.352, "Actual Rows": 0, "Actual Loops": 1, "Sort Key": ["mi.info_type_id"], "Sort Method": "quicksort", "Sort Space Used": 25, "Sort Space Type": "Memory", "Plans": [{"Node Type": "Merge Join", "Parent Relationship": "Outer", "Join Type": "Inner", "Startup Cost": 2010006291407.28, "Total Cost": 2999683858725.23, "Plan Rows": 33, "Plan Width": 12, "Actual Startup Time": 629.346, "Actual Total Time": 629.346, "Actual Rows": 0, "Actual Loops": 1, "Inner Unique": false, "Merge Cond": "(mi.movie_id = mc.movie_id)", "Plans": [{"Node Type": "Index Scan", "Parent Relationship": "Outer", "Scan Direction": "Forward", "Index Name": "movie_id_movie_info", "Relation Name": "movie_info", "Alias": "mi", "Startup Cost": 10000000000.0, "Total Cost": 1000107534403.72, "Plan Rows": 584897, "Plan Width": 8, "Actual Startup Time": 0.096, "Actual Total Time": 0.096, "Actual Rows": 1, "Actual Loops": 1, "Filter": "((info)::text = ANY ('{USA,America}'::text[]))", "Rows Removed by Filter": 13}, {"Node Type": "Sort", "Parent Relationship": "Inner", "Startup Cost": 2000006291407.28, "Total Cost": 2000006291407.35, "Plan Rows": 30, "Plan Width": 4, "Actual Startup Time": 629.227, "Actual Total Time": 629.227, "Actual Rows": 0, "Actual Loops": 1, "Sort Key": ["mc.movie_id"], "Sort Method": "quicksort", "Sort Space Used": 25, "Sort Space Type": "Memory", "Plans": [{"Node Type": "Nested Loop", "Parent Relationship": "Outer", "Join Type": "Inner", "Startup Cost": 20000000000.0, "Total Cost": 2000006291406.54, "Plan Rows": 30, "Plan Width": 4, "Actual Startup Time": 629.217, "Actual Total Time": 629.217, "Actual Rows": 0, "Actual Loops": 1, "Inner Unique": false, "Plans": [{"Node Type": "Index Scan", "Parent Relationship": "Outer", "Scan Direction": "Forward", "Index Name": "company_type_pkey", "Relation Name": "company_type", "Alias": "ct", "Startup Cost": 10000000000.0, "Total Cost": 1000000001230.25, "Plan Rows": 1, "Plan Width": 4, "Actual Startup Time": 0.016, "Actual Total Time": 0.023, "Actual Rows": 1, "Actual Loops": 1, "Filter": "((kind)::text = 'production companies'::text)", "Rows Removed by Filter": 2}, {"Node Type": "Index Scan", "Parent Relationship": "Inner", "Scan Direction": "Forward", "Index Name": "company_type_id_movie_companies", "Relation Name": "movie_companies", "Alias": "mc", "Startup Cost": 10000000000.0, "Total Cost": 1000006290176.0, "Plan Rows": 29, "Plan Width": 8, "Actual Startup Time": 629.183, "Actual Total Time": 629.183, "Actual Rows": 0, "Actual Loops": 1, "Index Cond": "(company_type_id = ct.id)", "Rows Removed by Index Recheck": 0, "Filter": "(((note)::text ~~ '%(VHS)%'::text) AND ((note)::text ~~ '%(USA)%'::text) AND ((note)::text ~~ '%(1994)%'::text))", "Rows Removed by Filter": 1334883}]}]}]}]}, {"Node Type": "Index Only Scan", "Parent Relationship": "Inner", "Scan Direction": "Forward", "Index Name": "info_type_pkey", "Relation Name": "info_type", "Alias": "it", "Startup Cost": 10000000000.0, "Total Cost": 1000000000993.0, "Plan Rows": 112, "Plan Width": 4, "Actual Startup Time": 0.0, "Actual Total Time": 0.0, "Heap Fetches": 0}]}]}, {"Node Type": "Index Scan", "Parent Relationship": "Inner", "Scan Direction": "Forward", "Index Name": "title_pkey", "Relation Name": "title", "Alias": "t", "Startup Cost": 10000000000.0, "Total Cost": 1000011644126.66, "Plan Rows": 391451, "Plan Width": 21, "Actual Startup Time": 0.0, "Actual Total Time": 0.0, "Filter": "(production_year > 2010), (LLVM Optimized, Jit Execute)", "Rows Removed by Filter": 0}]}]}, "Triggers": [], "Planner Runtime": 12.025, "Total Runtime": 639.566, "Unique SQL Id": 328306525}}, "(1, '92')": {"explain_plan": {"Plan": {"Node Type": "Aggregate", "Strategy": "Plain", "Startup Cost": 61748.65, "Total Cost": 61748.66, "Plan Rows": 1, "Plan Width": 49, "Plans": [{"Node Type": "Nested Loop", "Parent Relationship": "Outer", "Join Type": "Inner", "Startup Cost": 0.0, "Total Cost": 61748.59, "Plan Rows": 24, "Plan Width": 17, "Inner Unique": true, "Plans": [{"Node Type": "Nested Loop", "Parent Relationship": "Outer", "Join Type": "Inner", "Startup Cost": 0.0, "Total Cost": 61741.87, "Plan Rows": 24, "Plan Width": 21, "Inner Unique": false, "Plans": [{"Node Type": "Nested Loop", "Parent Relationship": "Outer", "Join Type": "Inner", "Startup Cost": 0.0, "Total Cost": 61662.88, "Plan Rows": 32, "Plan Width": 25, "Inner Unique": true, "Plans": [{"Node Type": "Nested Loop", "Parent Relationship": "Outer", "Join Type": "Inner", "Startup Cost": 0.0, "Total Cost": 61414.41, "Plan Rows": 30, "Plan Width": 4, "Inner Unique": true, "Plans": [{"Node Type": "Seq Scan", "Parent Relationship": "Outer", "Relation Name": "movie_companies", "Alias": "mc", "Startup Cost": 0.0, "Total Cost": 61385.74, "Plan Rows": 59, "Plan Width": 8, "Filter": "(((note)::text ~~ '%(VHS)%'::text) AND ((note)::text ~~ '%(USA)%'::text) AND ((note)::text ~~ '%(1994)%'::text))"}, {"Node Type": "Index Scan", "Parent Relationship": "Inner", "Scan Direction": "Forward", "Index Name": "company_type_pkey", "Relation Name": "company_type", "Alias": "ct", "Startup Cost": 0.0, "Total Cost": 0.48, "Plan Rows": 1, "Plan Width": 4, "Index Cond": "(id = mc.company_type_id)", "Filter": "((kind)::text = 'production companies'::text)"}]}, {"Node Type": "Index Scan", "Parent Relationship": "Inner", "Scan Direction": "Forward", "Index Name": "title_pkey", "Relation Name": "title", "Alias": "t", "Startup Cost": 0.0, "Total Cost": 8.27, "Plan Rows": 1, "Plan Width": 21, "Index Cond": "(id = mc.movie_id)", "Filter": "(production_year > 2010)"}]}, {"Node Type": "Index Scan", "Parent Relationship": "Inner", "Scan Direction": "Forward", "Index Name": "movie_id_movie_info", "Relation Name": "movie_info", "Alias": "mi", "Startup Cost": 0.0, "Total Cost": 2.46, "Plan Rows": 1, "Plan Width": 8, "Index Cond": "(movie_id = t.id)", "Filter": "((info)::text = ANY ('{USA,America}'::text[]))"}]}, {"Node Type": "Index Scan", "Parent Relationship": "Inner", "Scan Direction": "Forward", "Index Name": "info_type_pkey", "Relation Name": "info_type", "Alias": "it", "Startup Cost": 0.0, "Total Cost": 0.27, "Plan Rows": 1, "Plan Width": 4, "Index Cond": "(id = mi.info_type_id)"}]}]}, "Unique SQL Id": 328306525, "Planner Runtime": 7}, "explain_analyze_plan": {"Plan": {"Node Type": "Aggregate", "Strategy": "Plain", "Startup Cost": 61748.65, "Total Cost": 61748.66, "Plan Rows": 1, "Plan Width": 49, "Actual Startup Time": 963.636, "Actual Total Time": 963.637, "Actual Rows": 1, "Actual Loops": 1, "Plans": [{"Node Type": "Nested Loop", "Parent Relationship": "Outer", "Join Type": "Inner", "Startup Cost": 0.0, "Total Cost": 61748.59, "Plan Rows": 24, "Plan Width": 17, "Actual Startup Time": 963.629, "Actual Total Time": 963.629, "Actual Rows": 0, "Actual Loops": 1, "Inner Unique": true, "Plans": [{"Node Type": "Nested Loop", "Parent Relationship": "Outer", "Join Type": "Inner", "Startup Cost": 0.0, "Total Cost": 61741.87, "Plan Rows": 24, "Plan Width": 21, "Actual Startup Time": 963.627, "Actual Total Time": 963.627, "Actual Rows": 0, "Actual Loops": 1, "Inner Unique": false, "Plans": [{"Node Type": "Nested Loop", "Parent Relationship": "Outer", "Join Type": "Inner", "Startup Cost": 0.0, "Total Cost": 61662.88, "Plan Rows": 32, "Plan Width": 25, "Actual Startup Time": 963.626, "Actual Total Time": 963.626, "Actual Rows": 0, "Actual Loops": 1, "Inner Unique": true, "Plans": [{"Node Type": "Nested Loop", "Parent Relationship": "Outer", "Join Type": "Inner", "Startup Cost": 0.0, "Total Cost": 61414.41, "Plan Rows": 30, "Plan Width": 4, "Actual Startup Time": 963.624, "Actual Total Time": 963.624, "Actual Rows": 0, "Actual Loops": 1, "Inner Unique": true, "Plans": [{"Node Type": "Seq Scan", "Parent Relationship": "Outer", "Relation Name": "movie_companies", "Alias": "mc", "Startup Cost": 0.0, "Total Cost": 61385.74, "Plan Rows": 59, "Plan Width": 8, "Actual Startup Time": 3.889, "Actual Total Time": 961.596, "Actual Rows": 1418, "Actual Loops": 1, "Filter": "(((note)::text ~~ '%(VHS)%'::text) AND ((note)::text ~~ '%(USA)%'::text) AND ((note)::text ~~ '%(1994)%'::text))", "Rows Removed by Filter": 2607710}, {"Node Type": "Index Scan", "Parent Relationship": "Inner", "Scan Direction": "Forward", "Index Name": "company_type_pkey", "Relation Name": "company_type", "Alias": "ct", "Startup Cost": 0.0, "Total Cost": 0.48, "Plan Rows": 1, "Plan Width": 4, "Actual Startup Time": 1.119, "Actual Total Time": 1.119, "Actual Rows": 0, "Actual Loops": 1418, "Index Cond": "(id = mc.company_type_id)", "Rows Removed by Index Recheck": 0, "Filter": "((kind)::text = 'production companies'::text)", "Rows Removed by Filter": 0}]}, {"Node Type": "Index Scan", "Parent Relationship": "Inner", "Scan Direction": "Forward", "Index Name": "title_pkey", "Relation Name": "title", "Alias": "t", "Startup Cost": 0.0, "Total Cost": 8.27, "Plan Rows": 1, "Plan Width": 21, "Actual Startup Time": 0.0, "Actual Total Time": 0.0, "Index Cond": "(id = mc.movie_id)", "Rows Removed by Index Recheck": 0, "Filter": "(production_year > 2010)", "Rows Removed by Filter": 0}]}, {"Node Type": "Index Scan", "Parent Relationship": "Inner", "Scan Direction": "Forward", "Index Name": "movie_id_movie_info", "Relation Name": "movie_info", "Alias": "mi", "Startup Cost": 0.0, "Total Cost": 2.46, "Plan Rows": 1, "Plan Width": 8, "Actual Startup Time": 0.0, "Actual Total Time": 0.0, "Index Cond": "(movie_id = t.id)", "Rows Removed by Index Recheck": 0, "Filter": "((info)::text = ANY ('{USA,America}'::text[]))", "Rows Removed by Filter": 0}]}, {"Node Type": "Index Scan", "Parent Relationship": "Inner", "Scan Direction": "Forward", "Index Name": "info_type_pkey", "Relation Name": "info_type", "Alias": "it", "Startup Cost": 0.0, "Total Cost": 0.27, "Plan Rows": 1, "Plan Width": 4, "Actual Startup Time": 0.0, "Actual Total Time": 0.0, "Index Cond": "(id = mi.info_type_id)", "Rows Removed by Index Recheck": 0}]}]}, "Triggers": [], "Planner Runtime": 7.344, "Total Runtime": 963.889, "Unique SQL Id": 328306525}}, "(1, '93')": {"explain_plan": {"Plan": {"Node Type": "Aggregate", "Strategy": "Plain", "Startup Cost": 63248.6, "Total Cost": 63248.61, "Plan Rows": 1, "Plan Width": 49, "Plans": [{"Node Type": "Nested Loop", "Parent Relationship": "Outer", "Join Type": "Inner", "Startup Cost": 0.0, "Total Cost": 63248.54, "Plan Rows": 24, "Plan Width": 17, "Inner Unique": true, "Plans": [{"Node Type": "Nested Loop", "Parent Relationship": "Outer", "Join Type": "Inner", "Startup Cost": 0.0, "Total Cost": 63241.82, "Plan Rows": 24, "Plan Width": 21, "Inner Unique": false, "Plans": [{"Node Type": "Nested Loop", "Parent Relationship": "Outer", "Join Type": "Inner", "Startup Cost": 0.0, "Total Cost": 63162.83, "Plan Rows": 32, "Plan Width": 25, "Inner Unique": true, "Plans": [{"Node Type": "Nested Loop", "Parent Relationship": "Outer", "Join Type": "Inner", "Startup Cost": 0.0, "Total Cost": 62914.35, "Plan Rows": 30, "Plan Width": 4, "Inner Unique": false, "Plans": [{"Node Type": "Index Scan", "Parent Relationship": "Outer", "Scan Direction": "Forward", "Index Name": "company_type_pkey", "Relation Name": "company_type", "Alias": "ct", "Startup Cost": 0.0, "Total Cost": 12.3, "Plan Rows": 1, "Plan Width": 4, "Filter": "((kind)::text = 'production companies'::text)"}, {"Node Type": "Index Scan", "Parent Relationship": "Inner", "Scan Direction": "Forward", "Index Name": "company_type_id_movie_companies", "Relation Name": "movie_companies", "Alias": "mc", "Startup Cost": 0.0, "Total Cost": 62901.76, "Plan Rows": 29, "Plan Width": 8, "Index Cond": "(company_type_id = ct.id)", "Filter": "(((note)::text ~~ '%(VHS)%'::text) AND ((note)::text ~~ '%(USA)%'::text) AND ((note)::text ~~ '%(1994)%'::text))"}]}, {"Node Type": "Index Scan", "Parent Relationship": "Inner", "Scan Direction": "Forward", "Index Name": "title_pkey", "Relation Name": "title", "Alias": "t", "Startup Cost": 0.0, "Total Cost": 8.27, "Plan Rows": 1, "Plan Width": 21, "Index Cond": "(id = mc.movie_id)", "Filter": "(production_year > 2010)"}]}, {"Node Type": "Index Scan", "Parent Relationship": "Inner", "Scan Direction": "Forward", "Index Name": "movie_id_movie_info", "Relation Name": "movie_info", "Alias": "mi", "Startup Cost": 0.0, "Total Cost": 2.46, "Plan Rows": 1, "Plan Width": 8, "Index Cond": "(movie_id = t.id)", "Filter": "((info)::text = ANY ('{USA,America}'::text[]))"}]}, {"Node Type": "Index Scan", "Parent Relationship": "Inner", "Scan Direction": "Forward", "Index Name": "info_type_pkey", "Relation Name": "info_type", "Alias": "it", "Startup Cost": 0.0, "Total Cost": 0.27, "Plan Rows": 1, "Plan Width": 4, "Index Cond": "(id = mi.info_type_id)"}]}]}, "Unique SQL Id": 328306525, "Planner Runtime": 6}, "explain_analyze_plan": {"Plan": {"Node Type": "Aggregate", "Strategy": "Plain", "Startup Cost": 63248.6, "Total Cost": 63248.61, "Plan Rows": 1, "Plan Width": 49, "Actual Startup Time": 742.385, "Actual Total Time": 742.386, "Actual Rows": 1, "Actual Loops": 1, "Plans": [{"Node Type": "Nested Loop", "Parent Relationship": "Outer", "Join Type": "Inner", "Startup Cost": 0.0, "Total Cost": 63248.54, "Plan Rows": 24, "Plan Width": 17, "Actual Startup Time": 742.379, "Actual Total Time": 742.379, "Actual Rows": 0, "Actual Loops": 1, "Inner Unique": true, "Plans": [{"Node Type": "Nested Loop", "Parent Relationship": "Outer", "Join Type": "Inner", "Startup Cost": 0.0, "Total Cost": 63241.82, "Plan Rows": 24, "Plan Width": 21, "Actual Startup Time": 742.378, "Actual Total Time": 742.378, "Actual Rows": 0, "Actual Loops": 1, "Inner Unique": false, "Plans": [{"Node Type": "Nested Loop", "Parent Relationship": "Outer", "Join Type": "Inner", "Startup Cost": 0.0, "Total Cost": 63162.83, "Plan Rows": 32, "Plan Width": 25, "Actual Startup Time": 742.377, "Actual Total Time": 742.377, "Actual Rows": 0, "Actual Loops": 1, "Inner Unique": true, "Plans": [{"Node Type": "Nested Loop", "Parent Relationship": "Outer", "Join Type": "Inner", "Startup Cost": 0.0, "Total Cost": 62914.35, "Plan Rows": 30, "Plan Width": 4, "Actual Startup Time": 742.375, "Actual Total Time": 742.375, "Actual Rows": 0, "Actual Loops": 1, "Inner Unique": false, "Plans": [{"Node Type": "Index Scan", "Parent Relationship": "Outer", "Scan Direction": "Forward", "Index Name": "company_type_pkey", "Relation Name": "company_type", "Alias": "ct", "Startup Cost": 0.0, "Total Cost": 12.3, "Plan Rows": 1, "Plan Width": 4, "Actual Startup Time": 0.013, "Actual Total Time": 0.023, "Actual Rows": 1, "Actual Loops": 1, "Filter": "((kind)::text = 'production companies'::text)", "Rows Removed by Filter": 2}, {"Node Type": "Index Scan", "Parent Relationship": "Inner", "Scan Direction": "Forward", "Index Name": "company_type_id_movie_companies", "Relation Name": "movie_companies", "Alias": "mc", "Startup Cost": 0.0, "Total Cost": 62901.76, "Plan Rows": 29, "Plan Width": 8, "Actual Startup Time": 742.345, "Actual Total Time": 742.345, "Actual Rows": 0, "Actual Loops": 1, "Index Cond": "(company_type_id = ct.id)", "Rows Removed by Index Recheck": 0, "Filter": "(((note)::text ~~ '%(VHS)%'::text) AND ((note)::text ~~ '%(USA)%'::text) AND ((note)::text ~~ '%(1994)%'::text))", "Rows Removed by Filter": 1334883}]}, {"Node Type": "Index Scan", "Parent Relationship": "Inner", "Scan Direction": "Forward", "Index Name": "title_pkey", "Relation Name": "title", "Alias": "t", "Startup Cost": 0.0, "Total Cost": 8.27, "Plan Rows": 1, "Plan Width": 21, "Actual Startup Time": 0.0, "Actual Total Time": 0.0, "Index Cond": "(id = mc.movie_id)", "Rows Removed by Index Recheck": 0, "Filter": "(production_year > 2010)", "Rows Removed by Filter": 0}]}, {"Node Type": "Index Scan", "Parent Relationship": "Inner", "Scan Direction": "Forward", "Index Name": "movie_id_movie_info", "Relation Name": "movie_info", "Alias": "mi", "Startup Cost": 0.0, "Total Cost": 2.46, "Plan Rows": 1, "Plan Width": 8, "Actual Startup Time": 0.0, "Actual Total Time": 0.0, "Index Cond": "(movie_id = t.id)", "Rows Removed by Index Recheck": 0, "Filter": "((info)::text = ANY ('{USA,America}'::text[]))", "Rows Removed by Filter": 0}]}, {"Node Type": "Index Scan", "Parent Relationship": "Inner", "Scan Direction": "Forward", "Index Name": "info_type_pkey", "Relation Name": "info_type", "Alias": "it", "Startup Cost": 0.0, "Total Cost": 0.27, "Plan Rows": 1, "Plan Width": 4, "Actual Startup Time": 0.0, "Actual Total Time": 0.0, "Index Cond": "(id = mi.info_type_id)", "Rows Removed by Index Recheck": 0}]}]}, "Triggers": [], "Planner Runtime": 7.216, "Total Runtime": 742.642, "Unique SQL Id": 328306525}}, "(1, '94')": {"explain_plan": {"Plan": {"Node Type": "Aggregate", "Strategy": "Plain", "Startup Cost": 559220.57, "Total Cost": 559220.58, "Plan Rows": 1, "Plan Width": 49, "Plans": [{"Node Type": "Merge Join", "Parent Relationship": "Outer", "Join Type": "Inner", "Startup Cost": 557264.28, "Total Cost": 559220.51, "Plan Rows": 24, "Plan Width": 17, "Inner Unique": true, "Merge Cond": "(mi.movie_id = t.id)", "Plans": [{"Node Type": "Sort", "Parent Relationship": "Outer", "Startup Cost": 454511.54, "Total Cost": 454511.62, "Plan Rows": 33, "Plan Width": 8, "Sort Key": ["mc.movie_id"], "Plans": [{"Node Type": "Merge Join", "Parent Relationship": "Outer", "Join Type": "Inner", "Startup Cost": 454509.67, "Total Cost": 454510.71, "Plan Rows": 33, "Plan Width": 8, "Inner Unique": true, "Merge Cond": "(mi.info_type_id = it.id)", "Plans": [{"Node Type": "Sort", "Parent Relationship": "Outer", "Startup Cost": 454503.73, "Total Cost": 454503.81, "Plan Rows": 33, "Plan Width": 12, "Sort Key": ["mi.info_type_id"], "Plans": [{"Node Type": "Merge Join", "Parent Relationship": "Outer", "Join Type": "Inner", "Startup Cost": 451579.2, "Total Cost": 454502.9, "Plan Rows": 33, "Plan Width": 12, "Inner Unique": false, "Merge Cond": "(mc.movie_id = mi.movie_id)", "Plans": [{"Node Type": "Sort", "Parent Relationship": "Outer", "Startup Cost": 61389.86, "Total Cost": 61389.94, "Plan Rows": 30, "Plan Width": 4, "Sort Key": ["mc.movie_id"], "Plans": [{"Node Type": "Merge Join", "Parent Relationship": "Outer", "Join Type": "Inner", "Startup Cost": 61388.67, "Total Cost": 61389.13, "Plan Rows": 30, "Plan Width": 4, "Inner Unique": false, "Merge Cond": "(ct.id = mc.company_type_id)", "Plans": [{"Node Type": "Sort", "Parent Relationship": "Outer", "Startup Cost": 1.05, "Total Cost": 1.05, "Plan Rows": 1, "Plan Width": 4, "Sort Key": ["ct.id"], "Plans": [{"Node Type": "Seq Scan", "Parent Relationship": "Outer", "Relation Name": "company_type", "Alias": "ct", "Startup Cost": 0.0, "Total Cost": 1.04, "Plan Rows": 1, "Plan Width": 4, "Filter": "((kind)::text = 'production companies'::text)"}]}, {"Node Type": "Sort", "Parent Relationship": "Inner", "Startup Cost": 61387.48, "Total Cost": 61387.62, "Plan Rows": 59, "Plan Width": 8, "Sort Key": ["mc.company_type_id"], "Plans": [{"Node Type": "Seq Scan", "Parent Relationship": "Outer", "Relation Name": "movie_companies", "Alias": "mc", "Startup Cost": 0.0, "Total Cost": 61385.74, "Plan Rows": 59, "Plan Width": 8, "Filter": "(((note)::text ~~ '%(VHS)%'::text) AND ((note)::text ~~ '%(USA)%'::text) AND ((note)::text ~~ '%(1994)%'::text))"}]}]}]}, {"Node Type": "Sort", "Parent Relationship": "Inner", "Startup Cost": 390189.34, "Total Cost": 391651.58, "Plan Rows": 584897, "Plan Width": 8, "Sort Key": ["mi.movie_id"], "Plans": [{"Node Type": "Seq Scan", "Parent Relationship": "Outer", "Relation Name": "movie_info", "Alias": "mi", "Startup Cost": 0.0, "Total Cost": 334162.58, "Plan Rows": 584897, "Plan Width": 8, "Filter": "((info)::text = ANY ('{USA,America}'::text[]))"}]}]}]}, {"Node Type": "Sort", "Parent Relationship": "Inner", "Startup Cost": 5.93, "Total Cost": 6.21, "Plan Rows": 112, "Plan Width": 4, "Sort Key": ["it.id"], "Plans": [{"Node Type": "Seq Scan", "Parent Relationship": "Outer", "Relation Name": "info_type", "Alias": "it", "Startup Cost": 0.0, "Total Cost": 2.12, "Plan Rows": 112, "Plan Width": 4}]}]}]}, {"Node Type": "Sort", "Parent Relationship": "Inner", "Startup Cost": 102752.7, "Total Cost": 103731.32, "Plan Rows": 391451, "Plan Width": 21, "Sort Key": ["t.id"], "Plans": [{"Node Type": "Seq Scan", "Parent Relationship": "Outer", "Relation Name": "title", "Alias": "t", "Startup Cost": 0.0, "Total Cost": 66389.89, "Plan Rows": 391451, "Plan Width": 21, "Filter": "(production_year > 2010), (LLVM Optimized)"}]}]}]}, "Unique SQL Id": 328306525, "Planner Runtime": 6}, "explain_analyze_plan": {"Plan": {"Node Type": "Aggregate", "Strategy": "Plain", "Startup Cost": 559220.57, "Total Cost": 559220.58, "Plan Rows": 1, "Plan Width": 49, "Actual Startup Time": 969.228, "Actual Total Time": 969.228, "Actual Rows": 1, "Actual Loops": 1, "Plans": [{"Node Type": "Merge Join", "Parent Relationship": "Outer", "Join Type": "Inner", "Startup Cost": 557264.28, "Total Cost": 559220.51, "Plan Rows": 24, "Plan Width": 17, "Actual Startup Time": 969.22, "Actual Total Time": 969.22, "Actual Rows": 0, "Actual Loops": 1, "Inner Unique": true, "Merge Cond": "(mi.movie_id = t.id)", "Plans": [{"Node Type": "Sort", "Parent Relationship": "Outer", "Startup Cost": 454511.54, "Total Cost": 454511.62, "Plan Rows": 33, "Plan Width": 8, "Actual Startup Time": 969.21, "Actual Total Time": 969.21, "Actual Rows": 0, "Actual Loops": 1, "Sort Key": ["mc.movie_id"], "Sort Method": "quicksort", "Sort Space Used": 25, "Sort Space Type": "Memory", "Plans": [{"Node Type": "Merge Join", "Parent Relationship": "Outer", "Join Type": "Inner", "Startup Cost": 454509.67, "Total Cost": 454510.71, "Plan Rows": 33, "Plan Width": 8, "Actual Startup Time": 969.196, "Actual Total Time": 969.196, "Actual Rows": 0, "Actual Loops": 1, "Inner Unique": true, "Merge Cond": "(mi.info_type_id = it.id)", "Plans": [{"Node Type": "Sort", "Parent Relationship": "Outer", "Startup Cost": 454503.73, "Total Cost": 454503.81, "Plan Rows": 33, "Plan Width": 12, "Actual Startup Time": 969.189, "Actual Total Time": 969.189, "Actual Rows": 0, "Actual Loops": 1, "Sort Key": ["mi.info_type_id"], "Sort Method": "quicksort", "Sort Space Used": 25, "Sort Space Type": "Memory", "Plans": [{"Node Type": "Merge Join", "Parent Relationship": "Outer", "Join Type": "Inner", "Startup Cost": 451579.2, "Total Cost": 454502.9, "Plan Rows": 33, "Plan Width": 12, "Actual Startup Time": 969.184, "Actual Total Time": 969.184, "Actual Rows": 0, "Actual Loops": 1, "Inner Unique": false, "Merge Cond": "(mc.movie_id = mi.movie_id)", "Plans": [{"Node Type": "Sort", "Parent Relationship": "Outer", "Startup Cost": 61389.86, "Total Cost": 61389.94, "Plan Rows": 30, "Plan Width": 4, "Actual Startup Time": 969.167, "Actual Total Time": 969.167, "Actual Rows": 0, "Actual Loops": 1, "Sort Key": ["mc.movie_id"], "Sort Method": "quicksort", "Sort Space Used": 25, "Sort Space Type": "Memory", "Plans": [{"Node Type": "Merge Join", "Parent Relationship": "Outer", "Join Type": "Inner", "Startup Cost": 61388.67, "Total Cost": 61389.13, "Plan Rows": 30, "Plan Width": 4, "Actual Startup Time": 969.163, "Actual Total Time": 969.163, "Actual Rows": 0, "Actual Loops": 1, "Inner Unique": false, "Merge Cond": "(ct.id = mc.company_type_id)", "Plans": [{"Node Type": "Sort", "Parent Relationship": "Outer", "Startup Cost": 1.05, "Total Cost": 1.05, "Plan Rows": 1, "Plan Width": 4, "Actual Startup Time": 0.053, "Actual Total Time": 0.053, "Actual Rows": 1, "Actual Loops": 1, "Sort Key": ["ct.id"], "Sort Method": "quicksort", "Sort Space Used": 25, "Sort Space Type": "Memory", "Plans": [{"Node Type": "Seq Scan", "Parent Relationship": "Outer", "Relation Name": "company_type", "Alias": "ct", "Startup Cost": 0.0, "Total Cost": 1.04, "Plan Rows": 1, "Plan Width": 4, "Actual Startup Time": 0.032, "Actual Total Time": 0.035, "Actual Rows": 1, "Actual Loops": 1, "Filter": "((kind)::text = 'production companies'::text)", "Rows Removed by Filter": 2}]}, {"Node Type": "Sort", "Parent Relationship": "Inner", "Startup Cost": 61387.48, "Total Cost": 61387.62, "Plan Rows": 59, "Plan Width": 8, "Actual Startup Time": 968.63, "Actual Total Time": 968.889, "Actual Rows": 1418, "Actual Loops": 1, "Sort Key": ["mc.company_type_id"], "Sort Method": "quicksort", "Sort Space Used": 137, "Sort Space Type": "Memory", "Plans": [{"Node Type": "Seq Scan", "Parent Relationship": "Outer", "Relation Name": "movie_companies", "Alias": "mc", "Startup Cost": 0.0, "Total Cost": 61385.74, "Plan Rows": 59, "Plan Width": 8, "Actual Startup Time": 3.893, "Actual Total Time": 968.042, "Actual Rows": 1418, "Actual Loops": 1, "Filter": "(((note)::text ~~ '%(VHS)%'::text) AND ((note)::text ~~ '%(USA)%'::text) AND ((note)::text ~~ '%(1994)%'::text))", "Rows Removed by Filter": 2607710}]}]}]}, {"Node Type": "Sort", "Parent Relationship": "Inner", "Startup Cost": 390189.34, "Total Cost": 391651.58, "Plan Rows": 584897, "Plan Width": 8, "Actual Startup Time": 0.0, "Actual Total Time": 0.0, "Sort Key": ["mi.movie_id"], "Plans": [{"Node Type": "Seq Scan", "Parent Relationship": "Outer", "Relation Name": "movie_info", "Alias": "mi", "Startup Cost": 0.0, "Total Cost": 334162.58, "Plan Rows": 584897, "Plan Width": 8, "Actual Startup Time": 0.0, "Actual Total Time": 0.0, "Filter": "((info)::text = ANY ('{USA,America}'::text[]))", "Rows Removed by Filter": 0}]}]}]}, {"Node Type": "Sort", "Parent Relationship": "Inner", "Startup Cost": 5.93, "Total Cost": 6.21, "Plan Rows": 112, "Plan Width": 4, "Actual Startup Time": 0.0, "Actual Total Time": 0.0, "Sort Key": ["it.id"], "Plans": [{"Node Type": "Seq Scan", "Parent Relationship": "Outer", "Relation Name": "info_type", "Alias": "it", "Startup Cost": 0.0, "Total Cost": 2.12, "Plan Rows": 112, "Plan Width": 4, "Actual Startup Time": 0.0, "Actual Total Time": 0.0}]}]}]}, {"Node Type": "Sort", "Parent Relationship": "Inner", "Startup Cost": 102752.7, "Total Cost": 103731.32, "Plan Rows": 391451, "Plan Width": 21, "Actual Startup Time": 0.0, "Actual Total Time": 0.0, "Sort Key": ["t.id"], "Plans": [{"Node Type": "Seq Scan", "Parent Relationship": "Outer", "Relation Name": "title", "Alias": "t", "Startup Cost": 0.0, "Total Cost": 66389.89, "Plan Rows": 391451, "Plan Width": 21, "Actual Startup Time": 0.0, "Actual Total Time": 0.0, "Filter": "(production_year > 2010), (LLVM Optimized, Jit Execute)", "Rows Removed by Filter": 0}]}]}]}, "Triggers": [], "Planner Runtime": 7.11, "Total Runtime": 978.605, "Unique SQL Id": 328306525}}, "(1, '95')": {"explain_plan": {"Plan": {"Node Type": "Aggregate", "Strategy": "Plain", "Startup Cost": 4981316378082.24, "Total Cost": 4981316378082.25, "Plan Rows": 1, "Plan Width": 49, "Plans": [{"Node Type": "Merge Join", "Parent Relationship": "Outer", "Join Type": "Inner", "Startup Cost": 3992030579486.38, "Total Cost": 4981316378082.18, "Plan Rows": 24, "Plan Width": 17, "Inner Unique": true, "Merge Cond": "(mi.movie_id = t.id)", "Plans": [{"Node Type": "Sort", "Parent Relationship": "Outer", "Startup Cost": 3982005288667.22, "Total Cost": 3982005288667.3, "Plan Rows": 33, "Plan Width": 8, "Sort Key": ["mc.movie_id"], "Plans": [{"Node Type": "Merge Join", "Parent Relationship": "Outer", "Join Type": "Inner", "Startup Cost": 3009683858726.08, "Total Cost": 3982005288666.39, "Plan Rows": 33, "Plan Width": 8, "Inner Unique": true, "Merge Cond": "(mi.info_type_id = it.id)", "Plans": [{"Node Type": "Sort", "Parent Relationship": "Outer", "Startup Cost": 2999683858726.07, "Total Cost": 2999683858726.15, "Plan Rows": 33, "Plan Width": 12, "Sort Key": ["mi.info_type_id"], "Plans": [{"Node Type": "Merge Join", "Parent Relationship": "Outer", "Join Type": "Inner", "Startup Cost": 2010006291407.28, "Total Cost": 2999683858725.23, "Plan Rows": 33, "Plan Width": 12, "Inner Unique": false, "Merge Cond": "(mi.movie_id = mc.movie_id)", "Plans": [{"Node Type": "Index Scan", "Parent Relationship": "Outer", "Scan Direction": "Forward", "Index Name": "movie_id_movie_info", "Relation Name": "movie_info", "Alias": "mi", "Startup Cost": 10000000000.0, "Total Cost": 1000107534403.72, "Plan Rows": 584897, "Plan Width": 8, "Filter": "((info)::text = ANY ('{USA,America}'::text[]))"}, {"Node Type": "Sort", "Parent Relationship": "Inner", "Startup Cost": 2000006291407.28, "Total Cost": 2000006291407.35, "Plan Rows": 30, "Plan Width": 4, "Sort Key": ["mc.movie_id"], "Plans": [{"Node Type": "Nested Loop", "Parent Relationship": "Outer", "Join Type": "Inner", "Startup Cost": 20000000000.0, "Total Cost": 2000006291406.54, "Plan Rows": 30, "Plan Width": 4, "Inner Unique": false, "Plans": [{"Node Type": "Index Scan", "Parent Relationship": "Outer", "Scan Direction": "Forward", "Index Name": "company_type_pkey", "Relation Name": "company_type", "Alias": "ct", "Startup Cost": 10000000000.0, "Total Cost": 1000000001230.25, "Plan Rows": 1, "Plan Width": 4, "Filter": "((kind)::text = 'production companies'::text)"}, {"Node Type": "Index Scan", "Parent Relationship": "Inner", "Scan Direction": "Forward", "Index Name": "company_type_id_movie_companies", "Relation Name": "movie_companies", "Alias": "mc", "Startup Cost": 10000000000.0, "Total Cost": 1000006290176.0, "Plan Rows": 29, "Plan Width": 8, "Index Cond": "(company_type_id = ct.id)", "Filter": "(((note)::text ~~ '%(VHS)%'::text) AND ((note)::text ~~ '%(USA)%'::text) AND ((note)::text ~~ '%(1994)%'::text))"}]}]}]}]}, {"Node Type": "Index Scan", "Parent Relationship": "Inner", "Scan Direction": "Forward", "Index Name": "info_type_pkey", "Relation Name": "info_type", "Alias": "it", "Startup Cost": 10000000000.0, "Total Cost": 1000000001393.0, "Plan Rows": 112, "Plan Width": 4}]}]}, {"Node Type": "Index Scan", "Parent Relationship": "Inner", "Scan Direction": "Forward", "Index Name": "title_pkey", "Relation Name": "title", "Alias": "t", "Startup Cost": 10000000000.0, "Total Cost": 1000011644126.66, "Plan Rows": 391451, "Plan Width": 21, "Filter": "(production_year > 2010), (LLVM Optimized)"}]}]}, "Unique SQL Id": 328306525, "Planner Runtime": 11}, "explain_analyze_plan": {"Plan": {"Node Type": "Aggregate", "Strategy": "Plain", "Startup Cost": 4981316378082.24, "Total Cost": 4981316378082.25, "Plan Rows": 1, "Plan Width": 49, "Actual Startup Time": 722.403, "Actual Total Time": 722.403, "Actual Rows": 1, "Actual Loops": 1, "Plans": [{"Node Type": "Merge Join", "Parent Relationship": "Outer", "Join Type": "Inner", "Startup Cost": 3992030579486.38, "Total Cost": 4981316378082.18, "Plan Rows": 24, "Plan Width": 17, "Actual Startup Time": 722.396, "Actual Total Time": 722.396, "Actual Rows": 0, "Actual Loops": 1, "Inner Unique": true, "Merge Cond": "(mi.movie_id = t.id)", "Plans": [{"Node Type": "Sort", "Parent Relationship": "Outer", "Startup Cost": 3982005288667.22, "Total Cost": 3982005288667.3, "Plan Rows": 33, "Plan Width": 8, "Actual Startup Time": 722.39, "Actual Total Time": 722.39, "Actual Rows": 0, "Actual Loops": 1, "Sort Key": ["mc.movie_id"], "Sort Method": "quicksort", "Sort Space Used": 25, "Sort Space Type": "Memory", "Plans": [{"Node Type": "Merge Join", "Parent Relationship": "Outer", "Join Type": "Inner", "Startup Cost": 3009683858726.08, "Total Cost": 3982005288666.39, "Plan Rows": 33, "Plan Width": 8, "Actual Startup Time": 722.381, "Actual Total Time": 722.381, "Actual Rows": 0, "Actual Loops": 1, "Inner Unique": true, "Merge Cond": "(mi.info_type_id = it.id)", "Plans": [{"Node Type": "Sort", "Parent Relationship": "Outer", "Startup Cost": 2999683858726.07, "Total Cost": 2999683858726.15, "Plan Rows": 33, "Plan Width": 12, "Actual Startup Time": 722.374, "Actual Total Time": 722.374, "Actual Rows": 0, "Actual Loops": 1, "Sort Key": ["mi.info_type_id"], "Sort Method": "quicksort", "Sort Space Used": 25, "Sort Space Type": "Memory", "Plans": [{"Node Type": "Merge Join", "Parent Relationship": "Outer", "Join Type": "Inner", "Startup Cost": 2010006291407.28, "Total Cost": 2999683858725.23, "Plan Rows": 33, "Plan Width": 12, "Actual Startup Time": 722.369, "Actual Total Time": 722.369, "Actual Rows": 0, "Actual Loops": 1, "Inner Unique": false, "Merge Cond": "(mi.movie_id = mc.movie_id)", "Plans": [{"Node Type": "Index Scan", "Parent Relationship": "Outer", "Scan Direction": "Forward", "Index Name": "movie_id_movie_info", "Relation Name": "movie_info", "Alias": "mi", "Startup Cost": 10000000000.0, "Total Cost": 1000107534403.72, "Plan Rows": 584897, "Plan Width": 8, "Actual Startup Time": 0.071, "Actual Total Time": 0.071, "Actual Rows": 1, "Actual Loops": 1, "Filter": "((info)::text = ANY ('{USA,America}'::text[]))", "Rows Removed by Filter": 13}, {"Node Type": "Sort", "Parent Relationship": "Inner", "Startup Cost": 2000006291407.28, "Total Cost": 2000006291407.35, "Plan Rows": 30, "Plan Width": 4, "Actual Startup Time": 722.272, "Actual Total Time": 722.272, "Actual Rows": 0, "Actual Loops": 1, "Sort Key": ["mc.movie_id"], "Sort Method": "quicksort", "Sort Space Used": 25, "Sort Space Type": "Memory", "Plans": [{"Node Type": "Nested Loop", "Parent Relationship": "Outer", "Join Type": "Inner", "Startup Cost": 20000000000.0, "Total Cost": 2000006291406.54, "Plan Rows": 30, "Plan Width": 4, "Actual Startup Time": 722.264, "Actual Total Time": 722.264, "Actual Rows": 0, "Actual Loops": 1, "Inner Unique": false, "Plans": [{"Node Type": "Index Scan", "Parent Relationship": "Outer", "Scan Direction": "Forward", "Index Name": "company_type_pkey", "Relation Name": "company_type", "Alias": "ct", "Startup Cost": 10000000000.0, "Total Cost": 1000000001230.25, "Plan Rows": 1, "Plan Width": 4, "Actual Startup Time": 0.008, "Actual Total Time": 0.019, "Actual Rows": 1, "Actual Loops": 1, "Filter": "((kind)::text = 'production companies'::text)", "Rows Removed by Filter": 2}, {"Node Type": "Index Scan", "Parent Relationship": "Inner", "Scan Direction": "Forward", "Index Name": "company_type_id_movie_companies", "Relation Name": "movie_companies", "Alias": "mc", "Startup Cost": 10000000000.0, "Total Cost": 1000006290176.0, "Plan Rows": 29, "Plan Width": 8, "Actual Startup Time": 722.238, "Actual Total Time": 722.238, "Actual Rows": 0, "Actual Loops": 1, "Index Cond": "(company_type_id = ct.id)", "Rows Removed by Index Recheck": 0, "Filter": "(((note)::text ~~ '%(VHS)%'::text) AND ((note)::text ~~ '%(USA)%'::text) AND ((note)::text ~~ '%(1994)%'::text))", "Rows Removed by Filter": 1334883}]}]}]}]}, {"Node Type": "Index Scan", "Parent Relationship": "Inner", "Scan Direction": "Forward", "Index Name": "info_type_pkey", "Relation Name": "info_type", "Alias": "it", "Startup Cost": 10000000000.0, "Total Cost": 1000000001393.0, "Plan Rows": 112, "Plan Width": 4, "Actual Startup Time": 0.0, "Actual Total Time": 0.0}]}]}, {"Node Type": "Index Scan", "Parent Relationship": "Inner", "Scan Direction": "Forward", "Index Name": "title_pkey", "Relation Name": "title", "Alias": "t", "Startup Cost": 10000000000.0, "Total Cost": 1000011644126.66, "Plan Rows": 391451, "Plan Width": 21, "Actual Startup Time": 0.0, "Actual Total Time": 0.0, "Filter": "(production_year > 2010), (LLVM Optimized, Jit Execute)", "Rows Removed by Filter": 0}]}]}, "Triggers": [], "Planner Runtime": 12.189, "Total Runtime": 732.279, "Unique SQL Id": 328306525}}, "(1, '96')": {"explain_plan": {"Plan": {"Node Type": "Aggregate", "Strategy": "Plain", "Startup Cost": 61748.65, "Total Cost": 61748.66, "Plan Rows": 1, "Plan Width": 49, "Plans": [{"Node Type": "Nested Loop", "Parent Relationship": "Outer", "Join Type": "Inner", "Startup Cost": 0.0, "Total Cost": 61748.59, "Plan Rows": 24, "Plan Width": 17, "Inner Unique": true, "Plans": [{"Node Type": "Nested Loop", "Parent Relationship": "Outer", "Join Type": "Inner", "Startup Cost": 0.0, "Total Cost": 61741.87, "Plan Rows": 24, "Plan Width": 21, "Inner Unique": false, "Plans": [{"Node Type": "Nested Loop", "Parent Relationship": "Outer", "Join Type": "Inner", "Startup Cost": 0.0, "Total Cost": 61662.88, "Plan Rows": 32, "Plan Width": 25, "Inner Unique": true, "Plans": [{"Node Type": "Nested Loop", "Parent Relationship": "Outer", "Join Type": "Inner", "Startup Cost": 0.0, "Total Cost": 61414.41, "Plan Rows": 30, "Plan Width": 4, "Inner Unique": true, "Plans": [{"Node Type": "Seq Scan", "Parent Relationship": "Outer", "Relation Name": "movie_companies", "Alias": "mc", "Startup Cost": 0.0, "Total Cost": 61385.74, "Plan Rows": 59, "Plan Width": 8, "Filter": "(((note)::text ~~ '%(VHS)%'::text) AND ((note)::text ~~ '%(USA)%'::text) AND ((note)::text ~~ '%(1994)%'::text))"}, {"Node Type": "Index Scan", "Parent Relationship": "Inner", "Scan Direction": "Forward", "Index Name": "company_type_pkey", "Relation Name": "company_type", "Alias": "ct", "Startup Cost": 0.0, "Total Cost": 0.48, "Plan Rows": 1, "Plan Width": 4, "Index Cond": "(id = mc.company_type_id)", "Filter": "((kind)::text = 'production companies'::text)"}]}, {"Node Type": "Index Scan", "Parent Relationship": "Inner", "Scan Direction": "Forward", "Index Name": "title_pkey", "Relation Name": "title", "Alias": "t", "Startup Cost": 0.0, "Total Cost": 8.27, "Plan Rows": 1, "Plan Width": 21, "Index Cond": "(id = mc.movie_id)", "Filter": "(production_year > 2010)"}]}, {"Node Type": "Index Scan", "Parent Relationship": "Inner", "Scan Direction": "Forward", "Index Name": "movie_id_movie_info", "Relation Name": "movie_info", "Alias": "mi", "Startup Cost": 0.0, "Total Cost": 2.46, "Plan Rows": 1, "Plan Width": 8, "Index Cond": "(movie_id = t.id)", "Filter": "((info)::text = ANY ('{USA,America}'::text[]))"}]}, {"Node Type": "Index Only Scan", "Parent Relationship": "Inner", "Scan Direction": "Forward", "Index Name": "info_type_pkey", "Relation Name": "info_type", "Alias": "it", "Startup Cost": 0.0, "Total Cost": 0.27, "Plan Rows": 1, "Plan Width": 4, "Index Cond": "(id = mi.info_type_id)"}]}]}, "Unique SQL Id": 328306525, "Planner Runtime": 4}, "explain_analyze_plan": {"Plan": {"Node Type": "Aggregate", "Strategy": "Plain", "Startup Cost": 61748.65, "Total Cost": 61748.66, "Plan Rows": 1, "Plan Width": 49, "Actual Startup Time": 946.929, "Actual Total Time": 946.929, "Actual Rows": 1, "Actual Loops": 1, "Plans": [{"Node Type": "Nested Loop", "Parent Relationship": "Outer", "Join Type": "Inner", "Startup Cost": 0.0, "Total Cost": 61748.59, "Plan Rows": 24, "Plan Width": 17, "Actual Startup Time": 946.921, "Actual Total Time": 946.921, "Actual Rows": 0, "Actual Loops": 1, "Inner Unique": true, "Plans": [{"Node Type": "Nested Loop", "Parent Relationship": "Outer", "Join Type": "Inner", "Startup Cost": 0.0, "Total Cost": 61741.87, "Plan Rows": 24, "Plan Width": 21, "Actual Startup Time": 946.918, "Actual Total Time": 946.918, "Actual Rows": 0, "Actual Loops": 1, "Inner Unique": false, "Plans": [{"Node Type": "Nested Loop", "Parent Relationship": "Outer", "Join Type": "Inner", "Startup Cost": 0.0, "Total Cost": 61662.88, "Plan Rows": 32, "Plan Width": 25, "Actual Startup Time": 946.917, "Actual Total Time": 946.917, "Actual Rows": 0, "Actual Loops": 1, "Inner Unique": true, "Plans": [{"Node Type": "Nested Loop", "Parent Relationship": "Outer", "Join Type": "Inner", "Startup Cost": 0.0, "Total Cost": 61414.41, "Plan Rows": 30, "Plan Width": 4, "Actual Startup Time": 946.916, "Actual Total Time": 946.916, "Actual Rows": 0, "Actual Loops": 1, "Inner Unique": true, "Plans": [{"Node Type": "Seq Scan", "Parent Relationship": "Outer", "Relation Name": "movie_companies", "Alias": "mc", "Startup Cost": 0.0, "Total Cost": 61385.74, "Plan Rows": 59, "Plan Width": 8, "Actual Startup Time": 3.922, "Actual Total Time": 944.829, "Actual Rows": 1418, "Actual Loops": 1, "Filter": "(((note)::text ~~ '%(VHS)%'::text) AND ((note)::text ~~ '%(USA)%'::text) AND ((note)::text ~~ '%(1994)%'::text))", "Rows Removed by Filter": 2607710}, {"Node Type": "Index Scan", "Parent Relationship": "Inner", "Scan Direction": "Forward", "Index Name": "company_type_pkey", "Relation Name": "company_type", "Alias": "ct", "Startup Cost": 0.0, "Total Cost": 0.48, "Plan Rows": 1, "Plan Width": 4, "Actual Startup Time": 1.197, "Actual Total Time": 1.197, "Actual Rows": 0, "Actual Loops": 1418, "Index Cond": "(id = mc.company_type_id)", "Rows Removed by Index Recheck": 0, "Filter": "((kind)::text = 'production companies'::text)", "Rows Removed by Filter": 0}]}, {"Node Type": "Index Scan", "Parent Relationship": "Inner", "Scan Direction": "Forward", "Index Name": "title_pkey", "Relation Name": "title", "Alias": "t", "Startup Cost": 0.0, "Total Cost": 8.27, "Plan Rows": 1, "Plan Width": 21, "Actual Startup Time": 0.0, "Actual Total Time": 0.0, "Index Cond": "(id = mc.movie_id)", "Rows Removed by Index Recheck": 0, "Filter": "(production_year > 2010)", "Rows Removed by Filter": 0}]}, {"Node Type": "Index Scan", "Parent Relationship": "Inner", "Scan Direction": "Forward", "Index Name": "movie_id_movie_info", "Relation Name": "movie_info", "Alias": "mi", "Startup Cost": 0.0, "Total Cost": 2.46, "Plan Rows": 1, "Plan Width": 8, "Actual Startup Time": 0.0, "Actual Total Time": 0.0, "Index Cond": "(movie_id = t.id)", "Rows Removed by Index Recheck": 0, "Filter": "((info)::text = ANY ('{USA,America}'::text[]))", "Rows Removed by Filter": 0}]}, {"Node Type": "Index Only Scan", "Parent Relationship": "Inner", "Scan Direction": "Forward", "Index Name": "info_type_pkey", "Relation Name": "info_type", "Alias": "it", "Startup Cost": 0.0, "Total Cost": 0.27, "Plan Rows": 1, "Plan Width": 4, "Actual Startup Time": 0.0, "Actual Total Time": 0.0, "Index Cond": "(id = mi.info_type_id)", "Rows Removed by Index Recheck": 0, "Heap Fetches": 0}]}]}, "Triggers": [], "Planner Runtime": 7.384, "Total Runtime": 947.266, "Unique SQL Id": 328306525}}, "(1, '97')": {"explain_plan": {"Plan": {"Node Type": "Aggregate", "Strategy": "Plain", "Startup Cost": 63248.6, "Total Cost": 63248.61, "Plan Rows": 1, "Plan Width": 49, "Plans": [{"Node Type": "Nested Loop", "Parent Relationship": "Outer", "Join Type": "Inner", "Startup Cost": 0.0, "Total Cost": 63248.54, "Plan Rows": 24, "Plan Width": 17, "Inner Unique": true, "Plans": [{"Node Type": "Nested Loop", "Parent Relationship": "Outer", "Join Type": "Inner", "Startup Cost": 0.0, "Total Cost": 63241.82, "Plan Rows": 24, "Plan Width": 21, "Inner Unique": false, "Plans": [{"Node Type": "Nested Loop", "Parent Relationship": "Outer", "Join Type": "Inner", "Startup Cost": 0.0, "Total Cost": 63162.83, "Plan Rows": 32, "Plan Width": 25, "Inner Unique": true, "Plans": [{"Node Type": "Nested Loop", "Parent Relationship": "Outer", "Join Type": "Inner", "Startup Cost": 0.0, "Total Cost": 62914.35, "Plan Rows": 30, "Plan Width": 4, "Inner Unique": false, "Plans": [{"Node Type": "Index Scan", "Parent Relationship": "Outer", "Scan Direction": "Forward", "Index Name": "company_type_pkey", "Relation Name": "company_type", "Alias": "ct", "Startup Cost": 0.0, "Total Cost": 12.3, "Plan Rows": 1, "Plan Width": 4, "Filter": "((kind)::text = 'production companies'::text)"}, {"Node Type": "Index Scan", "Parent Relationship": "Inner", "Scan Direction": "Forward", "Index Name": "company_type_id_movie_companies", "Relation Name": "movie_companies", "Alias": "mc", "Startup Cost": 0.0, "Total Cost": 62901.76, "Plan Rows": 29, "Plan Width": 8, "Index Cond": "(company_type_id = ct.id)", "Filter": "(((note)::text ~~ '%(VHS)%'::text) AND ((note)::text ~~ '%(USA)%'::text) AND ((note)::text ~~ '%(1994)%'::text))"}]}, {"Node Type": "Index Scan", "Parent Relationship": "Inner", "Scan Direction": "Forward", "Index Name": "title_pkey", "Relation Name": "title", "Alias": "t", "Startup Cost": 0.0, "Total Cost": 8.27, "Plan Rows": 1, "Plan Width": 21, "Index Cond": "(id = mc.movie_id)", "Filter": "(production_year > 2010)"}]}, {"Node Type": "Index Scan", "Parent Relationship": "Inner", "Scan Direction": "Forward", "Index Name": "movie_id_movie_info", "Relation Name": "movie_info", "Alias": "mi", "Startup Cost": 0.0, "Total Cost": 2.46, "Plan Rows": 1, "Plan Width": 8, "Index Cond": "(movie_id = t.id)", "Filter": "((info)::text = ANY ('{USA,America}'::text[]))"}]}, {"Node Type": "Index Only Scan", "Parent Relationship": "Inner", "Scan Direction": "Forward", "Index Name": "info_type_pkey", "Relation Name": "info_type", "Alias": "it", "Startup Cost": 0.0, "Total Cost": 0.27, "Plan Rows": 1, "Plan Width": 4, "Index Cond": "(id = mi.info_type_id)"}]}]}, "Unique SQL Id": 328306525, "Planner Runtime": 3}, "explain_analyze_plan": {"Plan": {"Node Type": "Aggregate", "Strategy": "Plain", "Startup Cost": 63248.6, "Total Cost": 63248.61, "Plan Rows": 1, "Plan Width": 49, "Actual Startup Time": 640.136, "Actual Total Time": 640.136, "Actual Rows": 1, "Actual Loops": 1, "Plans": [{"Node Type": "Nested Loop", "Parent Relationship": "Outer", "Join Type": "Inner", "Startup Cost": 0.0, "Total Cost": 63248.54, "Plan Rows": 24, "Plan Width": 17, "Actual Startup Time": 640.125, "Actual Total Time": 640.125, "Actual Rows": 0, "Actual Loops": 1, "Inner Unique": true, "Plans": [{"Node Type": "Nested Loop", "Parent Relationship": "Outer", "Join Type": "Inner", "Startup Cost": 0.0, "Total Cost": 63241.82, "Plan Rows": 24, "Plan Width": 21, "Actual Startup Time": 640.123, "Actual Total Time": 640.123, "Actual Rows": 0, "Actual Loops": 1, "Inner Unique": false, "Plans": [{"Node Type": "Nested Loop", "Parent Relationship": "Outer", "Join Type": "Inner", "Startup Cost": 0.0, "Total Cost": 63162.83, "Plan Rows": 32, "Plan Width": 25, "Actual Startup Time": 640.123, "Actual Total Time": 640.123, "Actual Rows": 0, "Actual Loops": 1, "Inner Unique": true, "Plans": [{"Node Type": "Nested Loop", "Parent Relationship": "Outer", "Join Type": "Inner", "Startup Cost": 0.0, "Total Cost": 62914.35, "Plan Rows": 30, "Plan Width": 4, "Actual Startup Time": 640.122, "Actual Total Time": 640.122, "Actual Rows": 0, "Actual Loops": 1, "Inner Unique": false, "Plans": [{"Node Type": "Index Scan", "Parent Relationship": "Outer", "Scan Direction": "Forward", "Index Name": "company_type_pkey", "Relation Name": "company_type", "Alias": "ct", "Startup Cost": 0.0, "Total Cost": 12.3, "Plan Rows": 1, "Plan Width": 4, "Actual Startup Time": 0.026, "Actual Total Time": 0.033, "Actual Rows": 1, "Actual Loops": 1, "Filter": "((kind)::text = 'production companies'::text)", "Rows Removed by Filter": 2}, {"Node Type": "Index Scan", "Parent Relationship": "Inner", "Scan Direction": "Forward", "Index Name": "company_type_id_movie_companies", "Relation Name": "movie_companies", "Alias": "mc", "Startup Cost": 0.0, "Total Cost": 62901.76, "Plan Rows": 29, "Plan Width": 8, "Actual Startup Time": 640.079, "Actual Total Time": 640.079, "Actual Rows": 0, "Actual Loops": 1, "Index Cond": "(company_type_id = ct.id)", "Rows Removed by Index Recheck": 0, "Filter": "(((note)::text ~~ '%(VHS)%'::text) AND ((note)::text ~~ '%(USA)%'::text) AND ((note)::text ~~ '%(1994)%'::text))", "Rows Removed by Filter": 1334883}]}, {"Node Type": "Index Scan", "Parent Relationship": "Inner", "Scan Direction": "Forward", "Index Name": "title_pkey", "Relation Name": "title", "Alias": "t", "Startup Cost": 0.0, "Total Cost": 8.27, "Plan Rows": 1, "Plan Width": 21, "Actual Startup Time": 0.0, "Actual Total Time": 0.0, "Index Cond": "(id = mc.movie_id)", "Rows Removed by Index Recheck": 0, "Filter": "(production_year > 2010)", "Rows Removed by Filter": 0}]}, {"Node Type": "Index Scan", "Parent Relationship": "Inner", "Scan Direction": "Forward", "Index Name": "movie_id_movie_info", "Relation Name": "movie_info", "Alias": "mi", "Startup Cost": 0.0, "Total Cost": 2.46, "Plan Rows": 1, "Plan Width": 8, "Actual Startup Time": 0.0, "Actual Total Time": 0.0, "Index Cond": "(movie_id = t.id)", "Rows Removed by Index Recheck": 0, "Filter": "((info)::text = ANY ('{USA,America}'::text[]))", "Rows Removed by Filter": 0}]}, {"Node Type": "Index Only Scan", "Parent Relationship": "Inner", "Scan Direction": "Forward", "Index Name": "info_type_pkey", "Relation Name": "info_type", "Alias": "it", "Startup Cost": 0.0, "Total Cost": 0.27, "Plan Rows": 1, "Plan Width": 4, "Actual Startup Time": 0.0, "Actual Total Time": 0.0, "Index Cond": "(id = mi.info_type_id)", "Rows Removed by Index Recheck": 0, "Heap Fetches": 0}]}]}, "Triggers": [], "Planner Runtime": 7.646, "Total Runtime": 640.429, "Unique SQL Id": 328306525}}, "(1, '98')": {"explain_plan": {"Plan": {"Node Type": "Aggregate", "Strategy": "Plain", "Startup Cost": 62362.01, "Total Cost": 62362.02, "Plan Rows": 1, "Plan Width": 49, "Plans": [{"Node Type": "Nested Loop", "Parent Relationship": "Outer", "Join Type": "Inner", "Startup Cost": 5.92, "Total Cost": 62361.95, "Plan Rows": 24, "Plan Width": 17, "Inner Unique": true, "Plans": [{"Node Type": "Nested Loop", "Parent Relationship": "Outer", "Join Type": "Inner", "Startup Cost": 5.66, "Total Cost": 62259.23, "Plan Rows": 24, "Plan Width": 21, "Inner Unique": true, "Plans": [{"Node Type": "Nested Loop", "Parent Relationship": "Outer", "Join Type": "Inner", "Startup Cost": 5.34, "Total Cost": 62115.81, "Plan Rows": 33, "Plan Width": 12, "Inner Unique": false, "Plans": [{"Node Type": "Hash Join", "Parent Relationship": "Outer", "Join Type": "Inner", "Startup Cost": 1.05, "Total Cost": 61387.24, "Plan Rows": 30, "Plan Width": 4, "Inner Unique": true, "Hash Cond": "(mc.company_type_id = ct.id)", "Plans": [{"Node Type": "Seq Scan", "Parent Relationship": "Outer", "Relation Name": "movie_companies", "Alias": "mc", "Startup Cost": 0.0, "Total Cost": 61385.74, "Plan Rows": 59, "Plan Width": 8, "Filter": "(((note)::text ~~ '%(VHS)%'::text) AND ((note)::text ~~ '%(USA)%'::text) AND ((note)::text ~~ '%(1994)%'::text))"}, {"Node Type": "Hash", "Parent Relationship": "Inner", "Startup Cost": 1.04, "Total Cost": 1.04, "Plan Rows": 1, "Plan Width": 4, "Plans": [{"Node Type": "Seq Scan", "Parent Relationship": "Outer", "Relation Name": "company_type", "Alias": "ct", "Startup Cost": 0.0, "Total Cost": 1.04, "Plan Rows": 1, "Plan Width": 4, "Filter": "((kind)::text = 'production companies'::text)"}]}]}, {"Node Type": "Bitmap Heap Scan", "Parent Relationship": "Inner", "Relation Name": "movie_info", "Alias": "mi", "Startup Cost": 4.29, "Total Cost": 24.28, "Plan Rows": 1, "Plan Width": 8, "Recheck Cond": "(movie_id = mc.movie_id)", "Filter": "((info)::text = ANY ('{USA,America}'::text[]))", "Plans": [{"Node Type": "Bitmap Index Scan", "Parent Relationship": "Outer", "Index Name": "movie_id_movie_info", "Startup Cost": 0.0, "Total Cost": 4.29, "Plan Rows": 5, "Plan Width": 0, "Index Cond": "(movie_id = mc.movie_id)"}]}]}, {"Node Type": "Bitmap Heap Scan", "Parent Relationship": "Inner", "Relation Name": "title", "Alias": "t", "Startup Cost": 0.32, "Total Cost": 4.34, "Plan Rows": 1, "Plan Width": 21, "Recheck Cond": "(id = mi.movie_id)", "Filter": "(production_year > 2010)", "Plans": [{"Node Type": "Bitmap Index Scan", "Parent Relationship": "Outer", "Index Name": "title_pkey", "Startup Cost": 0.0, "Total Cost": 0.32, "Plan Rows": 1, "Plan Width": 0, "Index Cond": "(id = mi.movie_id)"}]}]}, {"Node Type": "Bitmap Heap Scan", "Parent Relationship": "Inner", "Relation Name": "info_type", "Alias": "it", "Startup Cost": 0.26, "Total Cost": 4.27, "Plan Rows": 1, "Plan Width": 4, "Recheck Cond": "(id = mi.info_type_id)", "Plans": [{"Node Type": "Bitmap Index Scan", "Parent Relationship": "Outer", "Index Name": "info_type_pkey", "Startup Cost": 0.0, "Total Cost": 0.26, "Plan Rows": 1, "Plan Width": 0, "Index Cond": "(id = mi.info_type_id)"}]}]}]}, "Unique SQL Id": 328306525, "Planner Runtime": 3}, "explain_analyze_plan": {"Plan": {"Node Type": "Aggregate", "Strategy": "Plain", "Startup Cost": 62362.01, "Total Cost": 62362.02, "Plan Rows": 1, "Plan Width": 49, "Actual Startup Time": 943.188, "Actual Total Time": 943.189, "Actual Rows": 1, "Actual Loops": 1, "Plans": [{"Node Type": "Nested Loop", "Parent Relationship": "Outer", "Join Type": "Inner", "Startup Cost": 5.92, "Total Cost": 62361.95, "Plan Rows": 24, "Plan Width": 17, "Actual Startup Time": 943.179, "Actual Total Time": 943.179, "Actual Rows": 0, "Actual Loops": 1, "Inner Unique": true, "Plans": [{"Node Type": "Nested Loop", "Parent Relationship": "Outer", "Join Type": "Inner", "Startup Cost": 5.66, "Total Cost": 62259.23, "Plan Rows": 24, "Plan Width": 21, "Actual Startup Time": 943.178, "Actual Total Time": 943.178, "Actual Rows": 0, "Actual Loops": 1, "Inner Unique": true, "Plans": [{"Node Type": "Nested Loop", "Parent Relationship": "Outer", "Join Type": "Inner", "Startup Cost": 5.34, "Total Cost": 62115.81, "Plan Rows": 33, "Plan Width": 12, "Actual Startup Time": 943.176, "Actual Total Time": 943.176, "Actual Rows": 0, "Actual Loops": 1, "Inner Unique": false, "Plans": [{"Node Type": "Hash Join", "Parent Relationship": "Outer", "Join Type": "Inner", "Startup Cost": 1.05, "Total Cost": 61387.24, "Plan Rows": 30, "Plan Width": 4, "Actual Startup Time": 943.123, "Actual Total Time": 943.123, "Actual Rows": 0, "Actual Loops": 1, "Inner Unique": true, "Hash Cond": "(mc.company_type_id = ct.id)", "Plans": [{"Node Type": "Seq Scan", "Parent Relationship": "Outer", "Relation Name": "movie_companies", "Alias": "mc", "Startup Cost": 0.0, "Total Cost": 61385.74, "Plan Rows": 59, "Plan Width": 8, "Actual Startup Time": 3.908, "Actual Total Time": 942.66, "Actual Rows": 1418, "Actual Loops": 1, "Filter": "(((note)::text ~~ '%(VHS)%'::text) AND ((note)::text ~~ '%(USA)%'::text) AND ((note)::text ~~ '%(1994)%'::text))", "Rows Removed by Filter": 2607710}, {"Node Type": "Hash", "Parent Relationship": "Inner", "Startup Cost": 1.04, "Total Cost": 1.04, "Plan Rows": 1, "Plan Width": 4, "Actual Startup Time": 0.033, "Actual Total Time": 0.033, "Actual Rows": 1, "Actual Loops": 1, "Hash Buckets": 32768, "Hash Batches": 1, "Original Hash Batches": 1, "Peak Memory Usage": 1, "Plans": [{"Node Type": "Seq Scan", "Parent Relationship": "Outer", "Relation Name": "company_type", "Alias": "ct", "Startup Cost": 0.0, "Total Cost": 1.04, "Plan Rows": 1, "Plan Width": 4, "Actual Startup Time": 0.012, "Actual Total Time": 0.013, "Actual Rows": 1, "Actual Loops": 1, "Filter": "((kind)::text = 'production companies'::text)", "Rows Removed by Filter": 2}]}]}, {"Node Type": "Bitmap Heap Scan", "Parent Relationship": "Inner", "Relation Name": "movie_info", "Alias": "mi", "Startup Cost": 4.29, "Total Cost": 24.28, "Plan Rows": 1, "Plan Width": 8, "Actual Startup Time": 0.0, "Actual Total Time": 0.0, "Recheck Cond": "(movie_id = mc.movie_id)", "Rows Removed by Index Recheck": 0, "Filter": "((info)::text = ANY ('{USA,America}'::text[]))", "Rows Removed by Filter": 0, "Exact Heap Blocks": 0, "Lossy Heap Blocks": 0, "Plans": [{"Node Type": "Bitmap Index Scan", "Parent Relationship": "Outer", "Index Name": "movie_id_movie_info", "Startup Cost": 0.0, "Total Cost": 4.29, "Plan Rows": 5, "Plan Width": 0, "Actual Startup Time": 0.0, "Actual Total Time": 0.0, "Index Cond": "(movie_id = mc.movie_id)"}]}]}, {"Node Type": "Bitmap Heap Scan", "Parent Relationship": "Inner", "Relation Name": "title", "Alias": "t", "Startup Cost": 0.32, "Total Cost": 4.34, "Plan Rows": 1, "Plan Width": 21, "Actual Startup Time": 0.0, "Actual Total Time": 0.0, "Recheck Cond": "(id = mi.movie_id)", "Rows Removed by Index Recheck": 0, "Filter": "(production_year > 2010)", "Rows Removed by Filter": 0, "Exact Heap Blocks": 0, "Lossy Heap Blocks": 0, "Plans": [{"Node Type": "Bitmap Index Scan", "Parent Relationship": "Outer", "Index Name": "title_pkey", "Startup Cost": 0.0, "Total Cost": 0.32, "Plan Rows": 1, "Plan Width": 0, "Actual Startup Time": 0.0, "Actual Total Time": 0.0, "Index Cond": "(id = mi.movie_id)"}]}]}, {"Node Type": "Bitmap Heap Scan", "Parent Relationship": "Inner", "Relation Name": "info_type", "Alias": "it", "Startup Cost": 0.26, "Total Cost": 4.27, "Plan Rows": 1, "Plan Width": 4, "Actual Startup Time": 0.0, "Actual Total Time": 0.0, "Recheck Cond": "(id = mi.info_type_id)", "Rows Removed by Index Recheck": 0, "Exact Heap Blocks": 0, "Lossy Heap Blocks": 0, "Plans": [{"Node Type": "Bitmap Index Scan", "Parent Relationship": "Outer", "Index Name": "info_type_pkey", "Startup Cost": 0.0, "Total Cost": 0.26, "Plan Rows": 1, "Plan Width": 0, "Actual Startup Time": 0.0, "Actual Total Time": 0.0, "Index Cond": "(id = mi.info_type_id)"}]}]}]}, "Triggers": [], "Planner Runtime": 6.855, "Total Runtime": 943.441, "Unique SQL Id": 328306525}}, "(1, '99')": {"explain_plan": {"Plan": {"Node Type": "Aggregate", "Strategy": "Plain", "Startup Cost": 1000011276294.99, "Total Cost": 1000011276295.0, "Plan Rows": 1, "Plan Width": 49, "Plans": [{"Node Type": "Nested Loop", "Parent Relationship": "Outer", "Join Type": "Inner", "Startup Cost": 10000000005.78, "Total Cost": 1000011276294.93, "Plan Rows": 24, "Plan Width": 17, "Inner Unique": true, "Plans": [{"Node Type": "Nested Loop", "Parent Relationship": "Outer", "Join Type": "Inner", "Startup Cost": 10000000005.38, "Total Cost": 1000011276078.43, "Plan Rows": 49, "Plan Width": 21, "Inner Unique": true, "Plans": [{"Node Type": "Nested Loop", "Parent Relationship": "Outer", "Join Type": "Inner", "Startup Cost": 10000000005.13, "Total Cost": 1000011275868.7, "Plan Rows": 49, "Plan Width": 25, "Inner Unique": false, "Plans": [{"Node Type": "Nested Loop", "Parent Relationship": "Outer", "Join Type": "Inner", "Startup Cost": 10000000004.26, "Total Cost": 1000011275551.68, "Plan Rows": 64, "Plan Width": 29, "Inner Unique": true, "Plans": [{"Node Type": "Index Scan", "Parent Relationship": "Outer", "Scan Direction": "Forward", "Index Name": "company_type_id_movie_companies", "Relation Name": "movie_companies", "Alias": "mc", "Startup Cost": 10000000000.0, "Total Cost": 1000011275063.0, "Plan Rows": 59, "Plan Width": 8, "Filter": "(((note)::text ~~ '%(VHS)%'::text) AND ((note)::text ~~ '%(USA)%'::text) AND ((note)::text ~~ '%(1994)%'::text))"}, {"Node Type": "Bitmap Heap Scan", "Parent Relationship": "Inner", "Relation Name": "title", "Alias": "t", "Startup Cost": 4.26, "Total Cost": 8.27, "Plan Rows": 1, "Plan Width": 21, "Recheck Cond": "(id = mc.movie_id)", "Filter": "(production_year > 2010)", "Plans": [{"Node Type": "Bitmap Index Scan", "Parent Relationship": "Outer", "Index Name": "title_pkey", "Startup Cost": 0.0, "Total Cost": 4.26, "Plan Rows": 1, "Plan Width": 0, "Index Cond": "(id = mc.movie_id)"}]}]}, {"Node Type": "Bitmap Heap Scan", "Parent Relationship": "Inner", "Relation Name": "movie_info", "Alias": "mi", "Startup Cost": 0.87, "Total Cost": 4.94, "Plan Rows": 1, "Plan Width": 8, "Recheck Cond": "(movie_id = t.id)", "Filter": "((info)::text = ANY ('{USA,America}'::text[]))", "Plans": [{"Node Type": "Bitmap Index Scan", "Parent Relationship": "Outer", "Index Name": "movie_id_movie_info", "Startup Cost": 0.0, "Total Cost": 0.87, "Plan Rows": 5, "Plan Width": 0, "Index Cond": "(movie_id = t.id)"}]}]}, {"Node Type": "Bitmap Heap Scan", "Parent Relationship": "Inner", "Relation Name": "info_type", "Alias": "it", "Startup Cost": 0.26, "Total Cost": 4.27, "Plan Rows": 1, "Plan Width": 4, "Recheck Cond": "(id = mi.info_type_id)", "Plans": [{"Node Type": "Bitmap Index Scan", "Parent Relationship": "Outer", "Index Name": "info_type_pkey", "Startup Cost": 0.0, "Total Cost": 0.26, "Plan Rows": 1, "Plan Width": 0, "Index Cond": "(id = mi.info_type_id)"}]}]}, {"Node Type": "Bitmap Heap Scan", "Parent Relationship": "Inner", "Relation Name": "company_type", "Alias": "ct", "Startup Cost": 0.39, "Total Cost": 4.41, "Plan Rows": 1, "Plan Width": 4, "Recheck Cond": "(id = mc.company_type_id)", "Filter": "((kind)::text = 'production companies'::text)", "Plans": [{"Node Type": "Bitmap Index Scan", "Parent Relationship": "Outer", "Index Name": "company_type_pkey", "Startup Cost": 0.0, "Total Cost": 0.39, "Plan Rows": 1, "Plan Width": 0, "Index Cond": "(id = mc.company_type_id)"}]}]}]}, "Unique SQL Id": 328306525, "Planner Runtime": 3}, "explain_analyze_plan": {"Plan": {"Node Type": "Aggregate", "Strategy": "Plain", "Startup Cost": 1000011276294.99, "Total Cost": 1000011276295.0, "Plan Rows": 1, "Plan Width": 49, "Actual Startup Time": 1689.858, "Actual Total Time": 1689.858, "Actual Rows": 1, "Actual Loops": 1, "Plans": [{"Node Type": "Nested Loop", "Parent Relationship": "Outer", "Join Type": "Inner", "Startup Cost": 10000000005.78, "Total Cost": 1000011276294.93, "Plan Rows": 24, "Plan Width": 17, "Actual Startup Time": 1689.851, "Actual Total Time": 1689.851, "Actual Rows": 0, "Actual Loops": 1, "Inner Unique": true, "Plans": [{"Node Type": "Nested Loop", "Parent Relationship": "Outer", "Join Type": "Inner", "Startup Cost": 10000000005.38, "Total Cost": 1000011276078.43, "Plan Rows": 49, "Plan Width": 21, "Actual Startup Time": 1689.849, "Actual Total Time": 1689.849, "Actual Rows": 0, "Actual Loops": 1, "Inner Unique": true, "Plans": [{"Node Type": "Nested Loop", "Parent Relationship": "Outer", "Join Type": "Inner", "Startup Cost": 10000000005.13, "Total Cost": 1000011275868.7, "Plan Rows": 49, "Plan Width": 25, "Actual Startup Time": 1689.847, "Actual Total Time": 1689.847, "Actual Rows": 0, "Actual Loops": 1, "Inner Unique": false, "Plans": [{"Node Type": "Nested Loop", "Parent Relationship": "Outer", "Join Type": "Inner", "Startup Cost": 10000000004.26, "Total Cost": 1000011275551.68, "Plan Rows": 64, "Plan Width": 29, "Actual Startup Time": 1689.843, "Actual Total Time": 1689.843, "Actual Rows": 0, "Actual Loops": 1, "Inner Unique": true, "Plans": [{"Node Type": "Index Scan", "Parent Relationship": "Outer", "Scan Direction": "Forward", "Index Name": "company_type_id_movie_companies", "Relation Name": "movie_companies", "Alias": "mc", "Startup Cost": 10000000000.0, "Total Cost": 1000011275063.0, "Plan Rows": 59, "Plan Width": 8, "Actual Startup Time": 6.155, "Actual Total Time": 1673.67, "Actual Rows": 1418, "Actual Loops": 1, "Filter": "(((note)::text ~~ '%(VHS)%'::text) AND ((note)::text ~~ '%(USA)%'::text) AND ((note)::text ~~ '%(1994)%'::text))", "Rows Removed by Filter": 2607710}, {"Node Type": "Bitmap Heap Scan", "Parent Relationship": "Inner", "Relation Name": "title", "Alias": "t", "Startup Cost": 4.26, "Total Cost": 8.27, "Plan Rows": 1, "Plan Width": 21, "Actual Startup Time": 13.912, "Actual Total Time": 13.912, "Actual Rows": 0, "Actual Loops": 1418, "Recheck Cond": "(id = mc.movie_id)", "Rows Removed by Index Recheck": 0, "Filter": "(production_year > 2010)", "Rows Removed by Filter": 1418, "Exact Heap Blocks": 1418, "Lossy Heap Blocks": 1418, "Plans": [{"Node Type": "Bitmap Index Scan", "Parent Relationship": "Outer", "Index Name": "title_pkey", "Startup Cost": 0.0, "Total Cost": 4.26, "Plan Rows": 1, "Plan Width": 0, "Actual Startup Time": 7.738, "Actual Total Time": 7.738, "Actual Rows": 1418, "Actual Loops": 1418, "Index Cond": "(id = mc.movie_id)"}]}]}, {"Node Type": "Bitmap Heap Scan", "Parent Relationship": "Inner", "Relation Name": "movie_info", "Alias": "mi", "Startup Cost": 0.87, "Total Cost": 4.94, "Plan Rows": 1, "Plan Width": 8, "Actual Startup Time": 0.0, "Actual Total Time": 0.0, "Recheck Cond": "(movie_id = t.id)", "Rows Removed by Index Recheck": 0, "Filter": "((info)::text = ANY ('{USA,America}'::text[]))", "Rows Removed by Filter": 0, "Exact Heap Blocks": 0, "Lossy Heap Blocks": 0, "Plans": [{"Node Type": "Bitmap Index Scan", "Parent Relationship": "Outer", "Index Name": "movie_id_movie_info", "Startup Cost": 0.0, "Total Cost": 0.87, "Plan Rows": 5, "Plan Width": 0, "Actual Startup Time": 0.0, "Actual Total Time": 0.0, "Index Cond": "(movie_id = t.id)"}]}]}, {"Node Type": "Bitmap Heap Scan", "Parent Relationship": "Inner", "Relation Name": "info_type", "Alias": "it", "Startup Cost": 0.26, "Total Cost": 4.27, "Plan Rows": 1, "Plan Width": 4, "Actual Startup Time": 0.0, "Actual Total Time": 0.0, "Recheck Cond": "(id = mi.info_type_id)", "Rows Removed by Index Recheck": 0, "Exact Heap Blocks": 0, "Lossy Heap Blocks": 0, "Plans": [{"Node Type": "Bitmap Index Scan", "Parent Relationship": "Outer", "Index Name": "info_type_pkey", "Startup Cost": 0.0, "Total Cost": 0.26, "Plan Rows": 1, "Plan Width": 0, "Actual Startup Time": 0.0, "Actual Total Time": 0.0, "Index Cond": "(id = mi.info_type_id)"}]}]}, {"Node Type": "Bitmap Heap Scan", "Parent Relationship": "Inner", "Relation Name": "company_type", "Alias": "ct", "Startup Cost": 0.39, "Total Cost": 4.41, "Plan Rows": 1, "Plan Width": 4, "Actual Startup Time": 0.0, "Actual Total Time": 0.0, "Recheck Cond": "(id = mc.company_type_id)", "Rows Removed by Index Recheck": 0, "Filter": "((kind)::text = 'production companies'::text)", "Rows Removed by Filter": 0, "Exact Heap Blocks": 0, "Lossy Heap Blocks": 0, "Plans": [{"Node Type": "Bitmap Index Scan", "Parent Relationship": "Outer", "Index Name": "company_type_pkey", "Startup Cost": 0.0, "Total Cost": 0.39, "Plan Rows": 1, "Plan Width": 0, "Actual Startup Time": 0.0, "Actual Total Time": 0.0, "Index Cond": "(id = mc.company_type_id)"}]}]}]}, "Triggers": [], "Planner Runtime": 5.044, "Total Runtime": 1690.156, "Unique SQL Id": 328306525}}, "(1, '100')": {"explain_plan": {"Plan": {"Node Type": "Aggregate", "Strategy": "Plain", "Startup Cost": 61748.65, "Total Cost": 61748.66, "Plan Rows": 1, "Plan Width": 49, "Plans": [{"Node Type": "Nested Loop", "Parent Relationship": "Outer", "Join Type": "Inner", "Startup Cost": 0.0, "Total Cost": 61748.59, "Plan Rows": 24, "Plan Width": 17, "Inner Unique": true, "Plans": [{"Node Type": "Nested Loop", "Parent Relationship": "Outer", "Join Type": "Inner", "Startup Cost": 0.0, "Total Cost": 61741.87, "Plan Rows": 24, "Plan Width": 21, "Inner Unique": false, "Plans": [{"Node Type": "Nested Loop", "Parent Relationship": "Outer", "Join Type": "Inner", "Startup Cost": 0.0, "Total Cost": 61662.88, "Plan Rows": 32, "Plan Width": 25, "Inner Unique": true, "Plans": [{"Node Type": "Nested Loop", "Parent Relationship": "Outer", "Join Type": "Inner", "Startup Cost": 0.0, "Total Cost": 61414.41, "Plan Rows": 30, "Plan Width": 4, "Inner Unique": true, "Plans": [{"Node Type": "Seq Scan", "Parent Relationship": "Outer", "Relation Name": "movie_companies", "Alias": "mc", "Startup Cost": 0.0, "Total Cost": 61385.74, "Plan Rows": 59, "Plan Width": 8, "Filter": "(((note)::text ~~ '%(VHS)%'::text) AND ((note)::text ~~ '%(USA)%'::text) AND ((note)::text ~~ '%(1994)%'::text))"}, {"Node Type": "Index Scan", "Parent Relationship": "Inner", "Scan Direction": "Forward", "Index Name": "company_type_pkey", "Relation Name": "company_type", "Alias": "ct", "Startup Cost": 0.0, "Total Cost": 0.48, "Plan Rows": 1, "Plan Width": 4, "Index Cond": "(id = mc.company_type_id)", "Filter": "((kind)::text = 'production companies'::text)"}]}, {"Node Type": "Index Scan", "Parent Relationship": "Inner", "Scan Direction": "Forward", "Index Name": "title_pkey", "Relation Name": "title", "Alias": "t", "Startup Cost": 0.0, "Total Cost": 8.27, "Plan Rows": 1, "Plan Width": 21, "Index Cond": "(id = mc.movie_id)", "Filter": "(production_year > 2010)"}]}, {"Node Type": "Index Scan", "Parent Relationship": "Inner", "Scan Direction": "Forward", "Index Name": "movie_id_movie_info", "Relation Name": "movie_info", "Alias": "mi", "Startup Cost": 0.0, "Total Cost": 2.46, "Plan Rows": 1, "Plan Width": 8, "Index Cond": "(movie_id = t.id)", "Filter": "((info)::text = ANY ('{USA,America}'::text[]))"}]}, {"Node Type": "Index Scan", "Parent Relationship": "Inner", "Scan Direction": "Forward", "Index Name": "info_type_pkey", "Relation Name": "info_type", "Alias": "it", "Startup Cost": 0.0, "Total Cost": 0.27, "Plan Rows": 1, "Plan Width": 4, "Index Cond": "(id = mi.info_type_id)"}]}]}, "Unique SQL Id": 328306525, "Planner Runtime": 3}, "explain_analyze_plan": {"Plan": {"Node Type": "Aggregate", "Strategy": "Plain", "Startup Cost": 61748.65, "Total Cost": 61748.66, "Plan Rows": 1, "Plan Width": 49, "Actual Startup Time": 963.636, "Actual Total Time": 963.637, "Actual Rows": 1, "Actual Loops": 1, "Plans": [{"Node Type": "Nested Loop", "Parent Relationship": "Outer", "Join Type": "Inner", "Startup Cost": 0.0, "Total Cost": 61748.59, "Plan Rows": 24, "Plan Width": 17, "Actual Startup Time": 963.629, "Actual Total Time": 963.629, "Actual Rows": 0, "Actual Loops": 1, "Inner Unique": true, "Plans": [{"Node Type": "Nested Loop", "Parent Relationship": "Outer", "Join Type": "Inner", "Startup Cost": 0.0, "Total Cost": 61741.87, "Plan Rows": 24, "Plan Width": 21, "Actual Startup Time": 963.627, "Actual Total Time": 963.627, "Actual Rows": 0, "Actual Loops": 1, "Inner Unique": false, "Plans": [{"Node Type": "Nested Loop", "Parent Relationship": "Outer", "Join Type": "Inner", "Startup Cost": 0.0, "Total Cost": 61662.88, "Plan Rows": 32, "Plan Width": 25, "Actual Startup Time": 963.626, "Actual Total Time": 963.626, "Actual Rows": 0, "Actual Loops": 1, "Inner Unique": true, "Plans": [{"Node Type": "Nested Loop", "Parent Relationship": "Outer", "Join Type": "Inner", "Startup Cost": 0.0, "Total Cost": 61414.41, "Plan Rows": 30, "Plan Width": 4, "Actual Startup Time": 963.624, "Actual Total Time": 963.624, "Actual Rows": 0, "Actual Loops": 1, "Inner Unique": true, "Plans": [{"Node Type": "Seq Scan", "Parent Relationship": "Outer", "Relation Name": "movie_companies", "Alias": "mc", "Startup Cost": 0.0, "Total Cost": 61385.74, "Plan Rows": 59, "Plan Width": 8, "Actual Startup Time": 3.889, "Actual Total Time": 961.596, "Actual Rows": 1418, "Actual Loops": 1, "Filter": "(((note)::text ~~ '%(VHS)%'::text) AND ((note)::text ~~ '%(USA)%'::text) AND ((note)::text ~~ '%(1994)%'::text))", "Rows Removed by Filter": 2607710}, {"Node Type": "Index Scan", "Parent Relationship": "Inner", "Scan Direction": "Forward", "Index Name": "company_type_pkey", "Relation Name": "company_type", "Alias": "ct", "Startup Cost": 0.0, "Total Cost": 0.48, "Plan Rows": 1, "Plan Width": 4, "Actual Startup Time": 1.119, "Actual Total Time": 1.119, "Actual Rows": 0, "Actual Loops": 1418, "Index Cond": "(id = mc.company_type_id)", "Rows Removed by Index Recheck": 0, "Filter": "((kind)::text = 'production companies'::text)", "Rows Removed by Filter": 0}]}, {"Node Type": "Index Scan", "Parent Relationship": "Inner", "Scan Direction": "Forward", "Index Name": "title_pkey", "Relation Name": "title", "Alias": "t", "Startup Cost": 0.0, "Total Cost": 8.27, "Plan Rows": 1, "Plan Width": 21, "Actual Startup Time": 0.0, "Actual Total Time": 0.0, "Index Cond": "(id = mc.movie_id)", "Rows Removed by Index Recheck": 0, "Filter": "(production_year > 2010)", "Rows Removed by Filter": 0}]}, {"Node Type": "Index Scan", "Parent Relationship": "Inner", "Scan Direction": "Forward", "Index Name": "movie_id_movie_info", "Relation Name": "movie_info", "Alias": "mi", "Startup Cost": 0.0, "Total Cost": 2.46, "Plan Rows": 1, "Plan Width": 8, "Actual Startup Time": 0.0, "Actual Total Time": 0.0, "Index Cond": "(movie_id = t.id)", "Rows Removed by Index Recheck": 0, "Filter": "((info)::text = ANY ('{USA,America}'::text[]))", "Rows Removed by Filter": 0}]}, {"Node Type": "Index Scan", "Parent Relationship": "Inner", "Scan Direction": "Forward", "Index Name": "info_type_pkey", "Relation Name": "info_type", "Alias": "it", "Startup Cost": 0.0, "Total Cost": 0.27, "Plan Rows": 1, "Plan Width": 4, "Actual Startup Time": 0.0, "Actual Total Time": 0.0, "Index Cond": "(id = mi.info_type_id)", "Rows Removed by Index Recheck": 0}]}]}, "Triggers": [], "Planner Runtime": 7.344, "Total Runtime": 963.889, "Unique SQL Id": 328306525}}, "(1, '101')": {"explain_plan": {"Plan": {"Node Type": "Aggregate", "Strategy": "Plain", "Startup Cost": 63248.6, "Total Cost": 63248.61, "Plan Rows": 1, "Plan Width": 49, "Plans": [{"Node Type": "Nested Loop", "Parent Relationship": "Outer", "Join Type": "Inner", "Startup Cost": 0.0, "Total Cost": 63248.54, "Plan Rows": 24, "Plan Width": 17, "Inner Unique": true, "Plans": [{"Node Type": "Nested Loop", "Parent Relationship": "Outer", "Join Type": "Inner", "Startup Cost": 0.0, "Total Cost": 63241.82, "Plan Rows": 24, "Plan Width": 21, "Inner Unique": false, "Plans": [{"Node Type": "Nested Loop", "Parent Relationship": "Outer", "Join Type": "Inner", "Startup Cost": 0.0, "Total Cost": 63162.83, "Plan Rows": 32, "Plan Width": 25, "Inner Unique": true, "Plans": [{"Node Type": "Nested Loop", "Parent Relationship": "Outer", "Join Type": "Inner", "Startup Cost": 0.0, "Total Cost": 62914.35, "Plan Rows": 30, "Plan Width": 4, "Inner Unique": false, "Plans": [{"Node Type": "Index Scan", "Parent Relationship": "Outer", "Scan Direction": "Forward", "Index Name": "company_type_pkey", "Relation Name": "company_type", "Alias": "ct", "Startup Cost": 0.0, "Total Cost": 12.3, "Plan Rows": 1, "Plan Width": 4, "Filter": "((kind)::text = 'production companies'::text)"}, {"Node Type": "Index Scan", "Parent Relationship": "Inner", "Scan Direction": "Forward", "Index Name": "company_type_id_movie_companies", "Relation Name": "movie_companies", "Alias": "mc", "Startup Cost": 0.0, "Total Cost": 62901.76, "Plan Rows": 29, "Plan Width": 8, "Index Cond": "(company_type_id = ct.id)", "Filter": "(((note)::text ~~ '%(VHS)%'::text) AND ((note)::text ~~ '%(USA)%'::text) AND ((note)::text ~~ '%(1994)%'::text))"}]}, {"Node Type": "Index Scan", "Parent Relationship": "Inner", "Scan Direction": "Forward", "Index Name": "title_pkey", "Relation Name": "title", "Alias": "t", "Startup Cost": 0.0, "Total Cost": 8.27, "Plan Rows": 1, "Plan Width": 21, "Index Cond": "(id = mc.movie_id)", "Filter": "(production_year > 2010)"}]}, {"Node Type": "Index Scan", "Parent Relationship": "Inner", "Scan Direction": "Forward", "Index Name": "movie_id_movie_info", "Relation Name": "movie_info", "Alias": "mi", "Startup Cost": 0.0, "Total Cost": 2.46, "Plan Rows": 1, "Plan Width": 8, "Index Cond": "(movie_id = t.id)", "Filter": "((info)::text = ANY ('{USA,America}'::text[]))"}]}, {"Node Type": "Index Scan", "Parent Relationship": "Inner", "Scan Direction": "Forward", "Index Name": "info_type_pkey", "Relation Name": "info_type", "Alias": "it", "Startup Cost": 0.0, "Total Cost": 0.27, "Plan Rows": 1, "Plan Width": 4, "Index Cond": "(id = mi.info_type_id)"}]}]}, "Unique SQL Id": 328306525, "Planner Runtime": 3}, "explain_analyze_plan": {"Plan": {"Node Type": "Aggregate", "Strategy": "Plain", "Startup Cost": 63248.6, "Total Cost": 63248.61, "Plan Rows": 1, "Plan Width": 49, "Actual Startup Time": 742.385, "Actual Total Time": 742.386, "Actual Rows": 1, "Actual Loops": 1, "Plans": [{"Node Type": "Nested Loop", "Parent Relationship": "Outer", "Join Type": "Inner", "Startup Cost": 0.0, "Total Cost": 63248.54, "Plan Rows": 24, "Plan Width": 17, "Actual Startup Time": 742.379, "Actual Total Time": 742.379, "Actual Rows": 0, "Actual Loops": 1, "Inner Unique": true, "Plans": [{"Node Type": "Nested Loop", "Parent Relationship": "Outer", "Join Type": "Inner", "Startup Cost": 0.0, "Total Cost": 63241.82, "Plan Rows": 24, "Plan Width": 21, "Actual Startup Time": 742.378, "Actual Total Time": 742.378, "Actual Rows": 0, "Actual Loops": 1, "Inner Unique": false, "Plans": [{"Node Type": "Nested Loop", "Parent Relationship": "Outer", "Join Type": "Inner", "Startup Cost": 0.0, "Total Cost": 63162.83, "Plan Rows": 32, "Plan Width": 25, "Actual Startup Time": 742.377, "Actual Total Time": 742.377, "Actual Rows": 0, "Actual Loops": 1, "Inner Unique": true, "Plans": [{"Node Type": "Nested Loop", "Parent Relationship": "Outer", "Join Type": "Inner", "Startup Cost": 0.0, "Total Cost": 62914.35, "Plan Rows": 30, "Plan Width": 4, "Actual Startup Time": 742.375, "Actual Total Time": 742.375, "Actual Rows": 0, "Actual Loops": 1, "Inner Unique": false, "Plans": [{"Node Type": "Index Scan", "Parent Relationship": "Outer", "Scan Direction": "Forward", "Index Name": "company_type_pkey", "Relation Name": "company_type", "Alias": "ct", "Startup Cost": 0.0, "Total Cost": 12.3, "Plan Rows": 1, "Plan Width": 4, "Actual Startup Time": 0.013, "Actual Total Time": 0.023, "Actual Rows": 1, "Actual Loops": 1, "Filter": "((kind)::text = 'production companies'::text)", "Rows Removed by Filter": 2}, {"Node Type": "Index Scan", "Parent Relationship": "Inner", "Scan Direction": "Forward", "Index Name": "company_type_id_movie_companies", "Relation Name": "movie_companies", "Alias": "mc", "Startup Cost": 0.0, "Total Cost": 62901.76, "Plan Rows": 29, "Plan Width": 8, "Actual Startup Time": 742.345, "Actual Total Time": 742.345, "Actual Rows": 0, "Actual Loops": 1, "Index Cond": "(company_type_id = ct.id)", "Rows Removed by Index Recheck": 0, "Filter": "(((note)::text ~~ '%(VHS)%'::text) AND ((note)::text ~~ '%(USA)%'::text) AND ((note)::text ~~ '%(1994)%'::text))", "Rows Removed by Filter": 1334883}]}, {"Node Type": "Index Scan", "Parent Relationship": "Inner", "Scan Direction": "Forward", "Index Name": "title_pkey", "Relation Name": "title", "Alias": "t", "Startup Cost": 0.0, "Total Cost": 8.27, "Plan Rows": 1, "Plan Width": 21, "Actual Startup Time": 0.0, "Actual Total Time": 0.0, "Index Cond": "(id = mc.movie_id)", "Rows Removed by Index Recheck": 0, "Filter": "(production_year > 2010)", "Rows Removed by Filter": 0}]}, {"Node Type": "Index Scan", "Parent Relationship": "Inner", "Scan Direction": "Forward", "Index Name": "movie_id_movie_info", "Relation Name": "movie_info", "Alias": "mi", "Startup Cost": 0.0, "Total Cost": 2.46, "Plan Rows": 1, "Plan Width": 8, "Actual Startup Time": 0.0, "Actual Total Time": 0.0, "Index Cond": "(movie_id = t.id)", "Rows Removed by Index Recheck": 0, "Filter": "((info)::text = ANY ('{USA,America}'::text[]))", "Rows Removed by Filter": 0}]}, {"Node Type": "Index Scan", "Parent Relationship": "Inner", "Scan Direction": "Forward", "Index Name": "info_type_pkey", "Relation Name": "info_type", "Alias": "it", "Startup Cost": 0.0, "Total Cost": 0.27, "Plan Rows": 1, "Plan Width": 4, "Actual Startup Time": 0.0, "Actual Total Time": 0.0, "Index Cond": "(id = mi.info_type_id)", "Rows Removed by Index Recheck": 0}]}]}, "Triggers": [], "Planner Runtime": 7.216, "Total Runtime": 742.642, "Unique SQL Id": 328306525}}, "(1, '102')": {"explain_plan": {"Plan": {"Node Type": "Aggregate", "Strategy": "Plain", "Startup Cost": 62362.01, "Total Cost": 62362.02, "Plan Rows": 1, "Plan Width": 49, "Plans": [{"Node Type": "Nested Loop", "Parent Relationship": "Outer", "Join Type": "Inner", "Startup Cost": 5.92, "Total Cost": 62361.95, "Plan Rows": 24, "Plan Width": 17, "Inner Unique": true, "Plans": [{"Node Type": "Nested Loop", "Parent Relationship": "Outer", "Join Type": "Inner", "Startup Cost": 5.66, "Total Cost": 62259.23, "Plan Rows": 24, "Plan Width": 21, "Inner Unique": true, "Plans": [{"Node Type": "Nested Loop", "Parent Relationship": "Outer", "Join Type": "Inner", "Startup Cost": 5.34, "Total Cost": 62115.81, "Plan Rows": 33, "Plan Width": 12, "Inner Unique": false, "Plans": [{"Node Type": "Hash Join", "Parent Relationship": "Outer", "Join Type": "Inner", "Startup Cost": 1.05, "Total Cost": 61387.24, "Plan Rows": 30, "Plan Width": 4, "Inner Unique": true, "Hash Cond": "(mc.company_type_id = ct.id)", "Plans": [{"Node Type": "Seq Scan", "Parent Relationship": "Outer", "Relation Name": "movie_companies", "Alias": "mc", "Startup Cost": 0.0, "Total Cost": 61385.74, "Plan Rows": 59, "Plan Width": 8, "Filter": "(((note)::text ~~ '%(VHS)%'::text) AND ((note)::text ~~ '%(USA)%'::text) AND ((note)::text ~~ '%(1994)%'::text))"}, {"Node Type": "Hash", "Parent Relationship": "Inner", "Startup Cost": 1.04, "Total Cost": 1.04, "Plan Rows": 1, "Plan Width": 4, "Plans": [{"Node Type": "Seq Scan", "Parent Relationship": "Outer", "Relation Name": "company_type", "Alias": "ct", "Startup Cost": 0.0, "Total Cost": 1.04, "Plan Rows": 1, "Plan Width": 4, "Filter": "((kind)::text = 'production companies'::text)"}]}]}, {"Node Type": "Bitmap Heap Scan", "Parent Relationship": "Inner", "Relation Name": "movie_info", "Alias": "mi", "Startup Cost": 4.29, "Total Cost": 24.28, "Plan Rows": 1, "Plan Width": 8, "Recheck Cond": "(movie_id = mc.movie_id)", "Filter": "((info)::text = ANY ('{USA,America}'::text[]))", "Plans": [{"Node Type": "Bitmap Index Scan", "Parent Relationship": "Outer", "Index Name": "movie_id_movie_info", "Startup Cost": 0.0, "Total Cost": 4.29, "Plan Rows": 5, "Plan Width": 0, "Index Cond": "(movie_id = mc.movie_id)"}]}]}, {"Node Type": "Bitmap Heap Scan", "Parent Relationship": "Inner", "Relation Name": "title", "Alias": "t", "Startup Cost": 0.32, "Total Cost": 4.34, "Plan Rows": 1, "Plan Width": 21, "Recheck Cond": "(id = mi.movie_id)", "Filter": "(production_year > 2010)", "Plans": [{"Node Type": "Bitmap Index Scan", "Parent Relationship": "Outer", "Index Name": "title_pkey", "Startup Cost": 0.0, "Total Cost": 0.32, "Plan Rows": 1, "Plan Width": 0, "Index Cond": "(id = mi.movie_id)"}]}]}, {"Node Type": "Bitmap Heap Scan", "Parent Relationship": "Inner", "Relation Name": "info_type", "Alias": "it", "Startup Cost": 0.26, "Total Cost": 4.27, "Plan Rows": 1, "Plan Width": 4, "Recheck Cond": "(id = mi.info_type_id)", "Plans": [{"Node Type": "Bitmap Index Scan", "Parent Relationship": "Outer", "Index Name": "info_type_pkey", "Startup Cost": 0.0, "Total Cost": 0.26, "Plan Rows": 1, "Plan Width": 0, "Index Cond": "(id = mi.info_type_id)"}]}]}]}, "Unique SQL Id": 328306525, "Planner Runtime": 3}, "explain_analyze_plan": {"Plan": {"Node Type": "Aggregate", "Strategy": "Plain", "Startup Cost": 62362.01, "Total Cost": 62362.02, "Plan Rows": 1, "Plan Width": 49, "Actual Startup Time": 943.188, "Actual Total Time": 943.189, "Actual Rows": 1, "Actual Loops": 1, "Plans": [{"Node Type": "Nested Loop", "Parent Relationship": "Outer", "Join Type": "Inner", "Startup Cost": 5.92, "Total Cost": 62361.95, "Plan Rows": 24, "Plan Width": 17, "Actual Startup Time": 943.179, "Actual Total Time": 943.179, "Actual Rows": 0, "Actual Loops": 1, "Inner Unique": true, "Plans": [{"Node Type": "Nested Loop", "Parent Relationship": "Outer", "Join Type": "Inner", "Startup Cost": 5.66, "Total Cost": 62259.23, "Plan Rows": 24, "Plan Width": 21, "Actual Startup Time": 943.178, "Actual Total Time": 943.178, "Actual Rows": 0, "Actual Loops": 1, "Inner Unique": true, "Plans": [{"Node Type": "Nested Loop", "Parent Relationship": "Outer", "Join Type": "Inner", "Startup Cost": 5.34, "Total Cost": 62115.81, "Plan Rows": 33, "Plan Width": 12, "Actual Startup Time": 943.176, "Actual Total Time": 943.176, "Actual Rows": 0, "Actual Loops": 1, "Inner Unique": false, "Plans": [{"Node Type": "Hash Join", "Parent Relationship": "Outer", "Join Type": "Inner", "Startup Cost": 1.05, "Total Cost": 61387.24, "Plan Rows": 30, "Plan Width": 4, "Actual Startup Time": 943.123, "Actual Total Time": 943.123, "Actual Rows": 0, "Actual Loops": 1, "Inner Unique": true, "Hash Cond": "(mc.company_type_id = ct.id)", "Plans": [{"Node Type": "Seq Scan", "Parent Relationship": "Outer", "Relation Name": "movie_companies", "Alias": "mc", "Startup Cost": 0.0, "Total Cost": 61385.74, "Plan Rows": 59, "Plan Width": 8, "Actual Startup Time": 3.908, "Actual Total Time": 942.66, "Actual Rows": 1418, "Actual Loops": 1, "Filter": "(((note)::text ~~ '%(VHS)%'::text) AND ((note)::text ~~ '%(USA)%'::text) AND ((note)::text ~~ '%(1994)%'::text))", "Rows Removed by Filter": 2607710}, {"Node Type": "Hash", "Parent Relationship": "Inner", "Startup Cost": 1.04, "Total Cost": 1.04, "Plan Rows": 1, "Plan Width": 4, "Actual Startup Time": 0.033, "Actual Total Time": 0.033, "Actual Rows": 1, "Actual Loops": 1, "Hash Buckets": 32768, "Hash Batches": 1, "Original Hash Batches": 1, "Peak Memory Usage": 1, "Plans": [{"Node Type": "Seq Scan", "Parent Relationship": "Outer", "Relation Name": "company_type", "Alias": "ct", "Startup Cost": 0.0, "Total Cost": 1.04, "Plan Rows": 1, "Plan Width": 4, "Actual Startup Time": 0.012, "Actual Total Time": 0.013, "Actual Rows": 1, "Actual Loops": 1, "Filter": "((kind)::text = 'production companies'::text)", "Rows Removed by Filter": 2}]}]}, {"Node Type": "Bitmap Heap Scan", "Parent Relationship": "Inner", "Relation Name": "movie_info", "Alias": "mi", "Startup Cost": 4.29, "Total Cost": 24.28, "Plan Rows": 1, "Plan Width": 8, "Actual Startup Time": 0.0, "Actual Total Time": 0.0, "Recheck Cond": "(movie_id = mc.movie_id)", "Rows Removed by Index Recheck": 0, "Filter": "((info)::text = ANY ('{USA,America}'::text[]))", "Rows Removed by Filter": 0, "Exact Heap Blocks": 0, "Lossy Heap Blocks": 0, "Plans": [{"Node Type": "Bitmap Index Scan", "Parent Relationship": "Outer", "Index Name": "movie_id_movie_info", "Startup Cost": 0.0, "Total Cost": 4.29, "Plan Rows": 5, "Plan Width": 0, "Actual Startup Time": 0.0, "Actual Total Time": 0.0, "Index Cond": "(movie_id = mc.movie_id)"}]}]}, {"Node Type": "Bitmap Heap Scan", "Parent Relationship": "Inner", "Relation Name": "title", "Alias": "t", "Startup Cost": 0.32, "Total Cost": 4.34, "Plan Rows": 1, "Plan Width": 21, "Actual Startup Time": 0.0, "Actual Total Time": 0.0, "Recheck Cond": "(id = mi.movie_id)", "Rows Removed by Index Recheck": 0, "Filter": "(production_year > 2010)", "Rows Removed by Filter": 0, "Exact Heap Blocks": 0, "Lossy Heap Blocks": 0, "Plans": [{"Node Type": "Bitmap Index Scan", "Parent Relationship": "Outer", "Index Name": "title_pkey", "Startup Cost": 0.0, "Total Cost": 0.32, "Plan Rows": 1, "Plan Width": 0, "Actual Startup Time": 0.0, "Actual Total Time": 0.0, "Index Cond": "(id = mi.movie_id)"}]}]}, {"Node Type": "Bitmap Heap Scan", "Parent Relationship": "Inner", "Relation Name": "info_type", "Alias": "it", "Startup Cost": 0.26, "Total Cost": 4.27, "Plan Rows": 1, "Plan Width": 4, "Actual Startup Time": 0.0, "Actual Total Time": 0.0, "Recheck Cond": "(id = mi.info_type_id)", "Rows Removed by Index Recheck": 0, "Exact Heap Blocks": 0, "Lossy Heap Blocks": 0, "Plans": [{"Node Type": "Bitmap Index Scan", "Parent Relationship": "Outer", "Index Name": "info_type_pkey", "Startup Cost": 0.0, "Total Cost": 0.26, "Plan Rows": 1, "Plan Width": 0, "Actual Startup Time": 0.0, "Actual Total Time": 0.0, "Index Cond": "(id = mi.info_type_id)"}]}]}]}, "Triggers": [], "Planner Runtime": 6.855, "Total Runtime": 943.441, "Unique SQL Id": 328306525}}, "(1, '103')": {"explain_plan": {"Plan": {"Node Type": "Aggregate", "Strategy": "Plain", "Startup Cost": 1000011276294.99, "Total Cost": 1000011276295.0, "Plan Rows": 1, "Plan Width": 49, "Plans": [{"Node Type": "Nested Loop", "Parent Relationship": "Outer", "Join Type": "Inner", "Startup Cost": 10000000005.78, "Total Cost": 1000011276294.93, "Plan Rows": 24, "Plan Width": 17, "Inner Unique": true, "Plans": [{"Node Type": "Nested Loop", "Parent Relationship": "Outer", "Join Type": "Inner", "Startup Cost": 10000000005.38, "Total Cost": 1000011276078.43, "Plan Rows": 49, "Plan Width": 21, "Inner Unique": true, "Plans": [{"Node Type": "Nested Loop", "Parent Relationship": "Outer", "Join Type": "Inner", "Startup Cost": 10000000005.13, "Total Cost": 1000011275868.7, "Plan Rows": 49, "Plan Width": 25, "Inner Unique": false, "Plans": [{"Node Type": "Nested Loop", "Parent Relationship": "Outer", "Join Type": "Inner", "Startup Cost": 10000000004.26, "Total Cost": 1000011275551.68, "Plan Rows": 64, "Plan Width": 29, "Inner Unique": true, "Plans": [{"Node Type": "Index Scan", "Parent Relationship": "Outer", "Scan Direction": "Forward", "Index Name": "company_type_id_movie_companies", "Relation Name": "movie_companies", "Alias": "mc", "Startup Cost": 10000000000.0, "Total Cost": 1000011275063.0, "Plan Rows": 59, "Plan Width": 8, "Filter": "(((note)::text ~~ '%(VHS)%'::text) AND ((note)::text ~~ '%(USA)%'::text) AND ((note)::text ~~ '%(1994)%'::text))"}, {"Node Type": "Bitmap Heap Scan", "Parent Relationship": "Inner", "Relation Name": "title", "Alias": "t", "Startup Cost": 4.26, "Total Cost": 8.27, "Plan Rows": 1, "Plan Width": 21, "Recheck Cond": "(id = mc.movie_id)", "Filter": "(production_year > 2010)", "Plans": [{"Node Type": "Bitmap Index Scan", "Parent Relationship": "Outer", "Index Name": "title_pkey", "Startup Cost": 0.0, "Total Cost": 4.26, "Plan Rows": 1, "Plan Width": 0, "Index Cond": "(id = mc.movie_id)"}]}]}, {"Node Type": "Bitmap Heap Scan", "Parent Relationship": "Inner", "Relation Name": "movie_info", "Alias": "mi", "Startup Cost": 0.87, "Total Cost": 4.94, "Plan Rows": 1, "Plan Width": 8, "Recheck Cond": "(movie_id = t.id)", "Filter": "((info)::text = ANY ('{USA,America}'::text[]))", "Plans": [{"Node Type": "Bitmap Index Scan", "Parent Relationship": "Outer", "Index Name": "movie_id_movie_info", "Startup Cost": 0.0, "Total Cost": 0.87, "Plan Rows": 5, "Plan Width": 0, "Index Cond": "(movie_id = t.id)"}]}]}, {"Node Type": "Bitmap Heap Scan", "Parent Relationship": "Inner", "Relation Name": "info_type", "Alias": "it", "Startup Cost": 0.26, "Total Cost": 4.27, "Plan Rows": 1, "Plan Width": 4, "Recheck Cond": "(id = mi.info_type_id)", "Plans": [{"Node Type": "Bitmap Index Scan", "Parent Relationship": "Outer", "Index Name": "info_type_pkey", "Startup Cost": 0.0, "Total Cost": 0.26, "Plan Rows": 1, "Plan Width": 0, "Index Cond": "(id = mi.info_type_id)"}]}]}, {"Node Type": "Bitmap Heap Scan", "Parent Relationship": "Inner", "Relation Name": "company_type", "Alias": "ct", "Startup Cost": 0.39, "Total Cost": 4.41, "Plan Rows": 1, "Plan Width": 4, "Recheck Cond": "(id = mc.company_type_id)", "Filter": "((kind)::text = 'production companies'::text)", "Plans": [{"Node Type": "Bitmap Index Scan", "Parent Relationship": "Outer", "Index Name": "company_type_pkey", "Startup Cost": 0.0, "Total Cost": 0.39, "Plan Rows": 1, "Plan Width": 0, "Index Cond": "(id = mc.company_type_id)"}]}]}]}, "Unique SQL Id": 328306525, "Planner Runtime": 3}, "explain_analyze_plan": {"Plan": {"Node Type": "Aggregate", "Strategy": "Plain", "Startup Cost": 1000011276294.99, "Total Cost": 1000011276295.0, "Plan Rows": 1, "Plan Width": 49, "Actual Startup Time": 1689.858, "Actual Total Time": 1689.858, "Actual Rows": 1, "Actual Loops": 1, "Plans": [{"Node Type": "Nested Loop", "Parent Relationship": "Outer", "Join Type": "Inner", "Startup Cost": 10000000005.78, "Total Cost": 1000011276294.93, "Plan Rows": 24, "Plan Width": 17, "Actual Startup Time": 1689.851, "Actual Total Time": 1689.851, "Actual Rows": 0, "Actual Loops": 1, "Inner Unique": true, "Plans": [{"Node Type": "Nested Loop", "Parent Relationship": "Outer", "Join Type": "Inner", "Startup Cost": 10000000005.38, "Total Cost": 1000011276078.43, "Plan Rows": 49, "Plan Width": 21, "Actual Startup Time": 1689.849, "Actual Total Time": 1689.849, "Actual Rows": 0, "Actual Loops": 1, "Inner Unique": true, "Plans": [{"Node Type": "Nested Loop", "Parent Relationship": "Outer", "Join Type": "Inner", "Startup Cost": 10000000005.13, "Total Cost": 1000011275868.7, "Plan Rows": 49, "Plan Width": 25, "Actual Startup Time": 1689.847, "Actual Total Time": 1689.847, "Actual Rows": 0, "Actual Loops": 1, "Inner Unique": false, "Plans": [{"Node Type": "Nested Loop", "Parent Relationship": "Outer", "Join Type": "Inner", "Startup Cost": 10000000004.26, "Total Cost": 1000011275551.68, "Plan Rows": 64, "Plan Width": 29, "Actual Startup Time": 1689.843, "Actual Total Time": 1689.843, "Actual Rows": 0, "Actual Loops": 1, "Inner Unique": true, "Plans": [{"Node Type": "Index Scan", "Parent Relationship": "Outer", "Scan Direction": "Forward", "Index Name": "company_type_id_movie_companies", "Relation Name": "movie_companies", "Alias": "mc", "Startup Cost": 10000000000.0, "Total Cost": 1000011275063.0, "Plan Rows": 59, "Plan Width": 8, "Actual Startup Time": 6.155, "Actual Total Time": 1673.67, "Actual Rows": 1418, "Actual Loops": 1, "Filter": "(((note)::text ~~ '%(VHS)%'::text) AND ((note)::text ~~ '%(USA)%'::text) AND ((note)::text ~~ '%(1994)%'::text))", "Rows Removed by Filter": 2607710}, {"Node Type": "Bitmap Heap Scan", "Parent Relationship": "Inner", "Relation Name": "title", "Alias": "t", "Startup Cost": 4.26, "Total Cost": 8.27, "Plan Rows": 1, "Plan Width": 21, "Actual Startup Time": 13.912, "Actual Total Time": 13.912, "Actual Rows": 0, "Actual Loops": 1418, "Recheck Cond": "(id = mc.movie_id)", "Rows Removed by Index Recheck": 0, "Filter": "(production_year > 2010)", "Rows Removed by Filter": 1418, "Exact Heap Blocks": 1418, "Lossy Heap Blocks": 1418, "Plans": [{"Node Type": "Bitmap Index Scan", "Parent Relationship": "Outer", "Index Name": "title_pkey", "Startup Cost": 0.0, "Total Cost": 4.26, "Plan Rows": 1, "Plan Width": 0, "Actual Startup Time": 7.738, "Actual Total Time": 7.738, "Actual Rows": 1418, "Actual Loops": 1418, "Index Cond": "(id = mc.movie_id)"}]}]}, {"Node Type": "Bitmap Heap Scan", "Parent Relationship": "Inner", "Relation Name": "movie_info", "Alias": "mi", "Startup Cost": 0.87, "Total Cost": 4.94, "Plan Rows": 1, "Plan Width": 8, "Actual Startup Time": 0.0, "Actual Total Time": 0.0, "Recheck Cond": "(movie_id = t.id)", "Rows Removed by Index Recheck": 0, "Filter": "((info)::text = ANY ('{USA,America}'::text[]))", "Rows Removed by Filter": 0, "Exact Heap Blocks": 0, "Lossy Heap Blocks": 0, "Plans": [{"Node Type": "Bitmap Index Scan", "Parent Relationship": "Outer", "Index Name": "movie_id_movie_info", "Startup Cost": 0.0, "Total Cost": 0.87, "Plan Rows": 5, "Plan Width": 0, "Actual Startup Time": 0.0, "Actual Total Time": 0.0, "Index Cond": "(movie_id = t.id)"}]}]}, {"Node Type": "Bitmap Heap Scan", "Parent Relationship": "Inner", "Relation Name": "info_type", "Alias": "it", "Startup Cost": 0.26, "Total Cost": 4.27, "Plan Rows": 1, "Plan Width": 4, "Actual Startup Time": 0.0, "Actual Total Time": 0.0, "Recheck Cond": "(id = mi.info_type_id)", "Rows Removed by Index Recheck": 0, "Exact Heap Blocks": 0, "Lossy Heap Blocks": 0, "Plans": [{"Node Type": "Bitmap Index Scan", "Parent Relationship": "Outer", "Index Name": "info_type_pkey", "Startup Cost": 0.0, "Total Cost": 0.26, "Plan Rows": 1, "Plan Width": 0, "Actual Startup Time": 0.0, "Actual Total Time": 0.0, "Index Cond": "(id = mi.info_type_id)"}]}]}, {"Node Type": "Bitmap Heap Scan", "Parent Relationship": "Inner", "Relation Name": "company_type", "Alias": "ct", "Startup Cost": 0.39, "Total Cost": 4.41, "Plan Rows": 1, "Plan Width": 4, "Actual Startup Time": 0.0, "Actual Total Time": 0.0, "Recheck Cond": "(id = mc.company_type_id)", "Rows Removed by Index Recheck": 0, "Filter": "((kind)::text = 'production companies'::text)", "Rows Removed by Filter": 0, "Exact Heap Blocks": 0, "Lossy Heap Blocks": 0, "Plans": [{"Node Type": "Bitmap Index Scan", "Parent Relationship": "Outer", "Index Name": "company_type_pkey", "Startup Cost": 0.0, "Total Cost": 0.39, "Plan Rows": 1, "Plan Width": 0, "Actual Startup Time": 0.0, "Actual Total Time": 0.0, "Index Cond": "(id = mc.company_type_id)"}]}]}]}, "Triggers": [], "Planner Runtime": 5.044, "Total Runtime": 1690.156, "Unique SQL Id": 328306525}}, "(1, '104')": {"explain_plan": {"Plan": {"Node Type": "Aggregate", "Strategy": "Plain", "Startup Cost": 61748.65, "Total Cost": 61748.66, "Plan Rows": 1, "Plan Width": 49, "Plans": [{"Node Type": "Nested Loop", "Parent Relationship": "Outer", "Join Type": "Inner", "Startup Cost": 0.0, "Total Cost": 61748.59, "Plan Rows": 24, "Plan Width": 17, "Inner Unique": true, "Plans": [{"Node Type": "Nested Loop", "Parent Relationship": "Outer", "Join Type": "Inner", "Startup Cost": 0.0, "Total Cost": 61741.87, "Plan Rows": 24, "Plan Width": 21, "Inner Unique": false, "Plans": [{"Node Type": "Nested Loop", "Parent Relationship": "Outer", "Join Type": "Inner", "Startup Cost": 0.0, "Total Cost": 61662.88, "Plan Rows": 32, "Plan Width": 25, "Inner Unique": true, "Plans": [{"Node Type": "Nested Loop", "Parent Relationship": "Outer", "Join Type": "Inner", "Startup Cost": 0.0, "Total Cost": 61414.41, "Plan Rows": 30, "Plan Width": 4, "Inner Unique": true, "Plans": [{"Node Type": "Seq Scan", "Parent Relationship": "Outer", "Relation Name": "movie_companies", "Alias": "mc", "Startup Cost": 0.0, "Total Cost": 61385.74, "Plan Rows": 59, "Plan Width": 8, "Filter": "(((note)::text ~~ '%(VHS)%'::text) AND ((note)::text ~~ '%(USA)%'::text) AND ((note)::text ~~ '%(1994)%'::text))"}, {"Node Type": "Index Scan", "Parent Relationship": "Inner", "Scan Direction": "Forward", "Index Name": "company_type_pkey", "Relation Name": "company_type", "Alias": "ct", "Startup Cost": 0.0, "Total Cost": 0.48, "Plan Rows": 1, "Plan Width": 4, "Index Cond": "(id = mc.company_type_id)", "Filter": "((kind)::text = 'production companies'::text)"}]}, {"Node Type": "Index Scan", "Parent Relationship": "Inner", "Scan Direction": "Forward", "Index Name": "title_pkey", "Relation Name": "title", "Alias": "t", "Startup Cost": 0.0, "Total Cost": 8.27, "Plan Rows": 1, "Plan Width": 21, "Index Cond": "(id = mc.movie_id)", "Filter": "(production_year > 2010)"}]}, {"Node Type": "Index Scan", "Parent Relationship": "Inner", "Scan Direction": "Forward", "Index Name": "movie_id_movie_info", "Relation Name": "movie_info", "Alias": "mi", "Startup Cost": 0.0, "Total Cost": 2.46, "Plan Rows": 1, "Plan Width": 8, "Index Cond": "(movie_id = t.id)", "Filter": "((info)::text = ANY ('{USA,America}'::text[]))"}]}, {"Node Type": "Index Only Scan", "Parent Relationship": "Inner", "Scan Direction": "Forward", "Index Name": "info_type_pkey", "Relation Name": "info_type", "Alias": "it", "Startup Cost": 0.0, "Total Cost": 0.27, "Plan Rows": 1, "Plan Width": 4, "Index Cond": "(id = mi.info_type_id)"}]}]}, "Unique SQL Id": 328306525, "Planner Runtime": 3}, "explain_analyze_plan": {"Plan": {"Node Type": "Aggregate", "Strategy": "Plain", "Startup Cost": 61748.65, "Total Cost": 61748.66, "Plan Rows": 1, "Plan Width": 49, "Actual Startup Time": 946.929, "Actual Total Time": 946.929, "Actual Rows": 1, "Actual Loops": 1, "Plans": [{"Node Type": "Nested Loop", "Parent Relationship": "Outer", "Join Type": "Inner", "Startup Cost": 0.0, "Total Cost": 61748.59, "Plan Rows": 24, "Plan Width": 17, "Actual Startup Time": 946.921, "Actual Total Time": 946.921, "Actual Rows": 0, "Actual Loops": 1, "Inner Unique": true, "Plans": [{"Node Type": "Nested Loop", "Parent Relationship": "Outer", "Join Type": "Inner", "Startup Cost": 0.0, "Total Cost": 61741.87, "Plan Rows": 24, "Plan Width": 21, "Actual Startup Time": 946.918, "Actual Total Time": 946.918, "Actual Rows": 0, "Actual Loops": 1, "Inner Unique": false, "Plans": [{"Node Type": "Nested Loop", "Parent Relationship": "Outer", "Join Type": "Inner", "Startup Cost": 0.0, "Total Cost": 61662.88, "Plan Rows": 32, "Plan Width": 25, "Actual Startup Time": 946.917, "Actual Total Time": 946.917, "Actual Rows": 0, "Actual Loops": 1, "Inner Unique": true, "Plans": [{"Node Type": "Nested Loop", "Parent Relationship": "Outer", "Join Type": "Inner", "Startup Cost": 0.0, "Total Cost": 61414.41, "Plan Rows": 30, "Plan Width": 4, "Actual Startup Time": 946.916, "Actual Total Time": 946.916, "Actual Rows": 0, "Actual Loops": 1, "Inner Unique": true, "Plans": [{"Node Type": "Seq Scan", "Parent Relationship": "Outer", "Relation Name": "movie_companies", "Alias": "mc", "Startup Cost": 0.0, "Total Cost": 61385.74, "Plan Rows": 59, "Plan Width": 8, "Actual Startup Time": 3.922, "Actual Total Time": 944.829, "Actual Rows": 1418, "Actual Loops": 1, "Filter": "(((note)::text ~~ '%(VHS)%'::text) AND ((note)::text ~~ '%(USA)%'::text) AND ((note)::text ~~ '%(1994)%'::text))", "Rows Removed by Filter": 2607710}, {"Node Type": "Index Scan", "Parent Relationship": "Inner", "Scan Direction": "Forward", "Index Name": "company_type_pkey", "Relation Name": "company_type", "Alias": "ct", "Startup Cost": 0.0, "Total Cost": 0.48, "Plan Rows": 1, "Plan Width": 4, "Actual Startup Time": 1.197, "Actual Total Time": 1.197, "Actual Rows": 0, "Actual Loops": 1418, "Index Cond": "(id = mc.company_type_id)", "Rows Removed by Index Recheck": 0, "Filter": "((kind)::text = 'production companies'::text)", "Rows Removed by Filter": 0}]}, {"Node Type": "Index Scan", "Parent Relationship": "Inner", "Scan Direction": "Forward", "Index Name": "title_pkey", "Relation Name": "title", "Alias": "t", "Startup Cost": 0.0, "Total Cost": 8.27, "Plan Rows": 1, "Plan Width": 21, "Actual Startup Time": 0.0, "Actual Total Time": 0.0, "Index Cond": "(id = mc.movie_id)", "Rows Removed by Index Recheck": 0, "Filter": "(production_year > 2010)", "Rows Removed by Filter": 0}]}, {"Node Type": "Index Scan", "Parent Relationship": "Inner", "Scan Direction": "Forward", "Index Name": "movie_id_movie_info", "Relation Name": "movie_info", "Alias": "mi", "Startup Cost": 0.0, "Total Cost": 2.46, "Plan Rows": 1, "Plan Width": 8, "Actual Startup Time": 0.0, "Actual Total Time": 0.0, "Index Cond": "(movie_id = t.id)", "Rows Removed by Index Recheck": 0, "Filter": "((info)::text = ANY ('{USA,America}'::text[]))", "Rows Removed by Filter": 0}]}, {"Node Type": "Index Only Scan", "Parent Relationship": "Inner", "Scan Direction": "Forward", "Index Name": "info_type_pkey", "Relation Name": "info_type", "Alias": "it", "Startup Cost": 0.0, "Total Cost": 0.27, "Plan Rows": 1, "Plan Width": 4, "Actual Startup Time": 0.0, "Actual Total Time": 0.0, "Index Cond": "(id = mi.info_type_id)", "Rows Removed by Index Recheck": 0, "Heap Fetches": 0}]}]}, "Triggers": [], "Planner Runtime": 7.384, "Total Runtime": 947.266, "Unique SQL Id": 328306525}}, "(1, '105')": {"explain_plan": {"Plan": {"Node Type": "Aggregate", "Strategy": "Plain", "Startup Cost": 63248.6, "Total Cost": 63248.61, "Plan Rows": 1, "Plan Width": 49, "Plans": [{"Node Type": "Nested Loop", "Parent Relationship": "Outer", "Join Type": "Inner", "Startup Cost": 0.0, "Total Cost": 63248.54, "Plan Rows": 24, "Plan Width": 17, "Inner Unique": true, "Plans": [{"Node Type": "Nested Loop", "Parent Relationship": "Outer", "Join Type": "Inner", "Startup Cost": 0.0, "Total Cost": 63241.82, "Plan Rows": 24, "Plan Width": 21, "Inner Unique": false, "Plans": [{"Node Type": "Nested Loop", "Parent Relationship": "Outer", "Join Type": "Inner", "Startup Cost": 0.0, "Total Cost": 63162.83, "Plan Rows": 32, "Plan Width": 25, "Inner Unique": true, "Plans": [{"Node Type": "Nested Loop", "Parent Relationship": "Outer", "Join Type": "Inner", "Startup Cost": 0.0, "Total Cost": 62914.35, "Plan Rows": 30, "Plan Width": 4, "Inner Unique": false, "Plans": [{"Node Type": "Index Scan", "Parent Relationship": "Outer", "Scan Direction": "Forward", "Index Name": "company_type_pkey", "Relation Name": "company_type", "Alias": "ct", "Startup Cost": 0.0, "Total Cost": 12.3, "Plan Rows": 1, "Plan Width": 4, "Filter": "((kind)::text = 'production companies'::text)"}, {"Node Type": "Index Scan", "Parent Relationship": "Inner", "Scan Direction": "Forward", "Index Name": "company_type_id_movie_companies", "Relation Name": "movie_companies", "Alias": "mc", "Startup Cost": 0.0, "Total Cost": 62901.76, "Plan Rows": 29, "Plan Width": 8, "Index Cond": "(company_type_id = ct.id)", "Filter": "(((note)::text ~~ '%(VHS)%'::text) AND ((note)::text ~~ '%(USA)%'::text) AND ((note)::text ~~ '%(1994)%'::text))"}]}, {"Node Type": "Index Scan", "Parent Relationship": "Inner", "Scan Direction": "Forward", "Index Name": "title_pkey", "Relation Name": "title", "Alias": "t", "Startup Cost": 0.0, "Total Cost": 8.27, "Plan Rows": 1, "Plan Width": 21, "Index Cond": "(id = mc.movie_id)", "Filter": "(production_year > 2010)"}]}, {"Node Type": "Index Scan", "Parent Relationship": "Inner", "Scan Direction": "Forward", "Index Name": "movie_id_movie_info", "Relation Name": "movie_info", "Alias": "mi", "Startup Cost": 0.0, "Total Cost": 2.46, "Plan Rows": 1, "Plan Width": 8, "Index Cond": "(movie_id = t.id)", "Filter": "((info)::text = ANY ('{USA,America}'::text[]))"}]}, {"Node Type": "Index Only Scan", "Parent Relationship": "Inner", "Scan Direction": "Forward", "Index Name": "info_type_pkey", "Relation Name": "info_type", "Alias": "it", "Startup Cost": 0.0, "Total Cost": 0.27, "Plan Rows": 1, "Plan Width": 4, "Index Cond": "(id = mi.info_type_id)"}]}]}, "Unique SQL Id": 328306525, "Planner Runtime": 3}, "explain_analyze_plan": {"Plan": {"Node Type": "Aggregate", "Strategy": "Plain", "Startup Cost": 63248.6, "Total Cost": 63248.61, "Plan Rows": 1, "Plan Width": 49, "Actual Startup Time": 640.136, "Actual Total Time": 640.136, "Actual Rows": 1, "Actual Loops": 1, "Plans": [{"Node Type": "Nested Loop", "Parent Relationship": "Outer", "Join Type": "Inner", "Startup Cost": 0.0, "Total Cost": 63248.54, "Plan Rows": 24, "Plan Width": 17, "Actual Startup Time": 640.125, "Actual Total Time": 640.125, "Actual Rows": 0, "Actual Loops": 1, "Inner Unique": true, "Plans": [{"Node Type": "Nested Loop", "Parent Relationship": "Outer", "Join Type": "Inner", "Startup Cost": 0.0, "Total Cost": 63241.82, "Plan Rows": 24, "Plan Width": 21, "Actual Startup Time": 640.123, "Actual Total Time": 640.123, "Actual Rows": 0, "Actual Loops": 1, "Inner Unique": false, "Plans": [{"Node Type": "Nested Loop", "Parent Relationship": "Outer", "Join Type": "Inner", "Startup Cost": 0.0, "Total Cost": 63162.83, "Plan Rows": 32, "Plan Width": 25, "Actual Startup Time": 640.123, "Actual Total Time": 640.123, "Actual Rows": 0, "Actual Loops": 1, "Inner Unique": true, "Plans": [{"Node Type": "Nested Loop", "Parent Relationship": "Outer", "Join Type": "Inner", "Startup Cost": 0.0, "Total Cost": 62914.35, "Plan Rows": 30, "Plan Width": 4, "Actual Startup Time": 640.122, "Actual Total Time": 640.122, "Actual Rows": 0, "Actual Loops": 1, "Inner Unique": false, "Plans": [{"Node Type": "Index Scan", "Parent Relationship": "Outer", "Scan Direction": "Forward", "Index Name": "company_type_pkey", "Relation Name": "company_type", "Alias": "ct", "Startup Cost": 0.0, "Total Cost": 12.3, "Plan Rows": 1, "Plan Width": 4, "Actual Startup Time": 0.026, "Actual Total Time": 0.033, "Actual Rows": 1, "Actual Loops": 1, "Filter": "((kind)::text = 'production companies'::text)", "Rows Removed by Filter": 2}, {"Node Type": "Index Scan", "Parent Relationship": "Inner", "Scan Direction": "Forward", "Index Name": "company_type_id_movie_companies", "Relation Name": "movie_companies", "Alias": "mc", "Startup Cost": 0.0, "Total Cost": 62901.76, "Plan Rows": 29, "Plan Width": 8, "Actual Startup Time": 640.079, "Actual Total Time": 640.079, "Actual Rows": 0, "Actual Loops": 1, "Index Cond": "(company_type_id = ct.id)", "Rows Removed by Index Recheck": 0, "Filter": "(((note)::text ~~ '%(VHS)%'::text) AND ((note)::text ~~ '%(USA)%'::text) AND ((note)::text ~~ '%(1994)%'::text))", "Rows Removed by Filter": 1334883}]}, {"Node Type": "Index Scan", "Parent Relationship": "Inner", "Scan Direction": "Forward", "Index Name": "title_pkey", "Relation Name": "title", "Alias": "t", "Startup Cost": 0.0, "Total Cost": 8.27, "Plan Rows": 1, "Plan Width": 21, "Actual Startup Time": 0.0, "Actual Total Time": 0.0, "Index Cond": "(id = mc.movie_id)", "Rows Removed by Index Recheck": 0, "Filter": "(production_year > 2010)", "Rows Removed by Filter": 0}]}, {"Node Type": "Index Scan", "Parent Relationship": "Inner", "Scan Direction": "Forward", "Index Name": "movie_id_movie_info", "Relation Name": "movie_info", "Alias": "mi", "Startup Cost": 0.0, "Total Cost": 2.46, "Plan Rows": 1, "Plan Width": 8, "Actual Startup Time": 0.0, "Actual Total Time": 0.0, "Index Cond": "(movie_id = t.id)", "Rows Removed by Index Recheck": 0, "Filter": "((info)::text = ANY ('{USA,America}'::text[]))", "Rows Removed by Filter": 0}]}, {"Node Type": "Index Only Scan", "Parent Relationship": "Inner", "Scan Direction": "Forward", "Index Name": "info_type_pkey", "Relation Name": "info_type", "Alias": "it", "Startup Cost": 0.0, "Total Cost": 0.27, "Plan Rows": 1, "Plan Width": 4, "Actual Startup Time": 0.0, "Actual Total Time": 0.0, "Index Cond": "(id = mi.info_type_id)", "Rows Removed by Index Recheck": 0, "Heap Fetches": 0}]}]}, "Triggers": [], "Planner Runtime": 7.646, "Total Runtime": 640.429, "Unique SQL Id": 328306525}}, "(1, '106')": {"explain_plan": {"Plan": {"Node Type": "Aggregate", "Strategy": "Plain", "Startup Cost": 467166.99, "Total Cost": 467167.0, "Plan Rows": 1, "Plan Width": 49, "Plans": [{"Node Type": "Hash Join", "Parent Relationship": "Outer", "Join Type": "Inner", "Startup Cost": 130810.31, "Total Cost": 467166.93, "Plan Rows": 24, "Plan Width": 17, "Inner Unique": true, "Hash Cond": "(mi.info_type_id = it.id)", "Plans": [{"Node Type": "Hash Join", "Parent Relationship": "Outer", "Join Type": "Inner", "Startup Cost": 130806.79, "Total Cost": 467163.08, "Plan Rows": 24, "Plan Width": 21, "Inner Unique": false, "Hash Cond": "(mi.movie_id = t.id)", "Plans": [{"Node Type": "Seq Scan", "Parent Relationship": "Outer", "Relation Name": "movie_info", "Alias": "mi", "Startup Cost": 0.0, "Total Cost": 334162.58, "Plan Rows": 584897, "Plan Width": 8, "Filter": "((info)::text = ANY ('{USA,America}'::text[]))"}, {"Node Type": "Hash", "Parent Relationship": "Inner", "Startup Cost": 130806.39, "Total Cost": 130806.39, "Plan Rows": 32, "Plan Width": 25, "Plans": [{"Node Type": "Hash Join", "Parent Relationship": "Outer", "Join Type": "Inner", "Startup Cost": 61387.61, "Total Cost": 130806.39, "Plan Rows": 32, "Plan Width": 25, "Inner Unique": false, "Hash Cond": "(t.id = mc.movie_id)", "Plans": [{"Node Type": "Seq Scan", "Parent Relationship": "Outer", "Relation Name": "title", "Alias": "t", "Startup Cost": 0.0, "Total Cost": 66389.89, "Plan Rows": 391451, "Plan Width": 21, "Filter": "(production_year > 2010), (LLVM Optimized)"}, {"Node Type": "Hash", "Parent Relationship": "Inner", "Startup Cost": 61387.24, "Total Cost": 61387.24, "Plan Rows": 30, "Plan Width": 4, "Plans": [{"Node Type": "Hash Join", "Parent Relationship": "Outer", "Join Type": "Inner", "Startup Cost": 1.05, "Total Cost": 61387.24, "Plan Rows": 30, "Plan Width": 4, "Inner Unique": true, "Hash Cond": "(mc.company_type_id = ct.id)", "Plans": [{"Node Type": "Seq Scan", "Parent Relationship": "Outer", "Relation Name": "movie_companies", "Alias": "mc", "Startup Cost": 0.0, "Total Cost": 61385.74, "Plan Rows": 59, "Plan Width": 8, "Filter": "(((note)::text ~~ '%(VHS)%'::text) AND ((note)::text ~~ '%(USA)%'::text) AND ((note)::text ~~ '%(1994)%'::text))"}, {"Node Type": "Hash", "Parent Relationship": "Inner", "Startup Cost": 1.04, "Total Cost": 1.04, "Plan Rows": 1, "Plan Width": 4, "Plans": [{"Node Type": "Seq Scan", "Parent Relationship": "Outer", "Relation Name": "company_type", "Alias": "ct", "Startup Cost": 0.0, "Total Cost": 1.04, "Plan Rows": 1, "Plan Width": 4, "Filter": "((kind)::text = 'production companies'::text)"}]}]}]}]}]}]}, {"Node Type": "Hash", "Parent Relationship": "Inner", "Startup Cost": 2.12, "Total Cost": 2.12, "Plan Rows": 112, "Plan Width": 4, "Plans": [{"Node Type": "Seq Scan", "Parent Relationship": "Outer", "Relation Name": "info_type", "Alias": "it", "Startup Cost": 0.0, "Total Cost": 2.12, "Plan Rows": 112, "Plan Width": 4}]}]}]}, "Unique SQL Id": 328306525, "Planner Runtime": 5}, "explain_analyze_plan": {"Plan": {"Node Type": "Aggregate", "Strategy": "Plain", "Startup Cost": 467166.99, "Total Cost": 467167.0, "Plan Rows": 1, "Plan Width": 49, "Actual Startup Time": 1372.435, "Actual Total Time": 1372.436, "Actual Rows": 1, "Actual Loops": 1, "Plans": [{"Node Type": "Hash Join", "Parent Relationship": "Outer", "Join Type": "Inner", "Startup Cost": 130810.31, "Total Cost": 467166.93, "Plan Rows": 24, "Plan Width": 17, "Actual Startup Time": 1372.424, "Actual Total Time": 1372.424, "Actual Rows": 0, "Actual Loops": 1, "Inner Unique": true, "Hash Cond": "(mi.info_type_id = it.id)", "Plans": [{"Node Type": "Hash Join", "Parent Relationship": "Outer", "Join Type": "Inner", "Startup Cost": 130806.79, "Total Cost": 467163.08, "Plan Rows": 24, "Plan Width": 21, "Actual Startup Time": 1372.274, "Actual Total Time": 1372.274, "Actual Rows": 0, "Actual Loops": 1, "Inner Unique": false, "Hash Cond": "(mi.movie_id = t.id)", "Plans": [{"Node Type": "Seq Scan", "Parent Relationship": "Outer", "Relation Name": "movie_info", "Alias": "mi", "Startup Cost": 0.0, "Total Cost": 334162.58, "Plan Rows": 584897, "Plan Width": 8, "Actual Startup Time": 427.769, "Actual Total Time": 427.769, "Actual Rows": 1, "Actual Loops": 1, "Filter": "((info)::text = ANY ('{USA,America}'::text[]))", "Rows Removed by Filter": 1053697}, {"Node Type": "Hash", "Parent Relationship": "Inner", "Startup Cost": 130806.39, "Total Cost": 130806.39, "Plan Rows": 32, "Plan Width": 25, "Actual Startup Time": 944.405, "Actual Total Time": 944.405, "Actual Rows": 0, "Actual Loops": 1, "Hash Buckets": 32768, "Hash Batches": 1, "Original Hash Batches": 1, "Peak Memory Usage": 0, "Plans": [{"Node Type": "Hash Join", "Parent Relationship": "Outer", "Join Type": "Inner", "Startup Cost": 61387.61, "Total Cost": 130806.39, "Plan Rows": 32, "Plan Width": 25, "Actual Startup Time": 944.401, "Actual Total Time": 944.401, "Actual Rows": 0, "Actual Loops": 1, "Inner Unique": false, "Hash Cond": "(t.id = mc.movie_id)", "Plans": [{"Node Type": "Seq Scan", "Parent Relationship": "Outer", "Relation Name": "title", "Alias": "t", "Startup Cost": 0.0, "Total Cost": 66389.89, "Plan Rows": 391451, "Plan Width": 21, "Actual Startup Time": 0.049, "Actual Total Time": 0.049, "Actual Rows": 1, "Actual Loops": 1, "Filter": "(production_year > 2010), (LLVM Optimized, Jit Execute)", "Rows Removed by Filter": 2}, {"Node Type": "Hash", "Parent Relationship": "Inner", "Startup Cost": 61387.24, "Total Cost": 61387.24, "Plan Rows": 30, "Plan Width": 4, "Actual Startup Time": 944.245, "Actual Total Time": 944.245, "Actual Rows": 0, "Actual Loops": 1, "Hash Buckets": 32768, "Hash Batches": 1, "Original Hash Batches": 1, "Peak Memory Usage": 0, "Plans": [{"Node Type": "Hash Join", "Parent Relationship": "Outer", "Join Type": "Inner", "Startup Cost": 1.05, "Total Cost": 61387.24, "Plan Rows": 30, "Plan Width": 4, "Actual Startup Time": 944.242, "Actual Total Time": 944.242, "Actual Rows": 0, "Actual Loops": 1, "Inner Unique": true, "Hash Cond": "(mc.company_type_id = ct.id)", "Plans": [{"Node Type": "Seq Scan", "Parent Relationship": "Outer", "Relation Name": "movie_companies", "Alias": "mc", "Startup Cost": 0.0, "Total Cost": 61385.74, "Plan Rows": 59, "Plan Width": 8, "Actual Startup Time": 3.897, "Actual Total Time": 943.775, "Actual Rows": 1418, "Actual Loops": 1, "Filter": "(((note)::text ~~ '%(VHS)%'::text) AND ((note)::text ~~ '%(USA)%'::text) AND ((note)::text ~~ '%(1994)%'::text))", "Rows Removed by Filter": 2607710}, {"Node Type": "Hash", "Parent Relationship": "Inner", "Startup Cost": 1.04, "Total Cost": 1.04, "Plan Rows": 1, "Plan Width": 4, "Actual Startup Time": 0.029, "Actual Total Time": 0.029, "Actual Rows": 1, "Actual Loops": 1, "Hash Buckets": 32768, "Hash Batches": 1, "Original Hash Batches": 1, "Peak Memory Usage": 1, "Plans": [{"Node Type": "Seq Scan", "Parent Relationship": "Outer", "Relation Name": "company_type", "Alias": "ct", "Startup Cost": 0.0, "Total Cost": 1.04, "Plan Rows": 1, "Plan Width": 4, "Actual Startup Time": 0.017, "Actual Total Time": 0.019, "Actual Rows": 1, "Actual Loops": 1, "Filter": "((kind)::text = 'production companies'::text)", "Rows Removed by Filter": 2}]}]}]}]}]}]}, {"Node Type": "Hash", "Parent Relationship": "Inner", "Startup Cost": 2.12, "Total Cost": 2.12, "Plan Rows": 112, "Plan Width": 4, "Actual Startup Time": 0.097, "Actual Total Time": 0.097, "Actual Rows": 112, "Actual Loops": 1, "Hash Buckets": 32768, "Hash Batches": 1, "Original Hash Batches": 1, "Peak Memory Usage": 4, "Plans": [{"Node Type": "Seq Scan", "Parent Relationship": "Outer", "Relation Name": "info_type", "Alias": "it", "Startup Cost": 0.0, "Total Cost": 2.12, "Plan Rows": 112, "Plan Width": 4, "Actual Startup Time": 0.033, "Actual Total Time": 0.055, "Actual Rows": 112, "Actual Loops": 1}]}]}]}, "Triggers": [], "Planner Runtime": 8.613, "Total Runtime": 1380.957, "Unique SQL Id": 328306525}}, "(1, '107')": {"explain_plan": {"Plan": {"Node Type": "Aggregate", "Strategy": "Plain", "Startup Cost": 5000125350283.69, "Total Cost": 5000125350283.7, "Plan Rows": 1, "Plan Width": 49, "Plans": [{"Node Type": "Hash Join", "Parent Relationship": "Outer", "Join Type": "Inner", "Startup Cost": 3020119058770.53, "Total Cost": 5000125350283.63, "Plan Rows": 24, "Plan Width": 17, "Inner Unique": true, "Hash Cond": "(mi.movie_id = t.id)", "Plans": [{"Node Type": "Hash Join", "Parent Relationship": "Outer", "Join Type": "Inner", "Startup Cost": 2020107409750.73, "Total Cost": 4000113701263.47, "Plan Rows": 33, "Plan Width": 8, "Inner Unique": true, "Hash Cond": "(mi.info_type_id = it.id)", "Plans": [{"Node Type": "Hash Join", "Parent Relationship": "Outer", "Join Type": "Inner", "Startup Cost": 1020107408756.33, "Total Cost": 3000113700268.61, "Plan Rows": 33, "Plan Width": 12, "Inner Unique": false, "Hash Cond": "(mc.movie_id = mi.movie_id)", "Plans": [{"Node Type": "Nested Loop", "Parent Relationship": "Outer", "Join Type": "Inner", "Startup Cost": 20000000000.0, "Total Cost": 2000006291406.54, "Plan Rows": 30, "Plan Width": 4, "Inner Unique": false, "Plans": [{"Node Type": "Index Scan", "Parent Relationship": "Outer", "Scan Direction": "Forward", "Index Name": "company_type_pkey", "Relation Name": "company_type", "Alias": "ct", "Startup Cost": 10000000000.0, "Total Cost": 1000000001230.25, "Plan Rows": 1, "Plan Width": 4, "Filter": "((kind)::text = 'production companies'::text)"}, {"Node Type": "Index Scan", "Parent Relationship": "Inner", "Scan Direction": "Forward", "Index Name": "company_type_id_movie_companies", "Relation Name": "movie_companies", "Alias": "mc", "Startup Cost": 10000000000.0, "Total Cost": 1000006290176.0, "Plan Rows": 29, "Plan Width": 8, "Index Cond": "(company_type_id = ct.id)", "Filter": "(((note)::text ~~ '%(VHS)%'::text) AND ((note)::text ~~ '%(USA)%'::text) AND ((note)::text ~~ '%(1994)%'::text))"}]}, {"Node Type": "Hash", "Parent Relationship": "Inner", "Startup Cost": 1000107401445.12, "Total Cost": 1000107401445.12, "Plan Rows": 584897, "Plan Width": 8, "Plans": [{"Node Type": "Index Scan", "Parent Relationship": "Outer", "Scan Direction": "Forward", "Index Name": "info_type_id_movie_info", "Relation Name": "movie_info", "Alias": "mi", "Startup Cost": 10000000000.0, "Total Cost": 1000107401445.12, "Plan Rows": 584897, "Plan Width": 8, "Filter": "((info)::text = ANY ('{USA,America}'::text[]))"}]}]}, {"Node Type": "Hash", "Parent Relationship": "Inner", "Startup Cost": 1000000000993.0, "Total Cost": 1000000000993.0, "Plan Rows": 112, "Plan Width": 4, "Plans": [{"Node Type": "Index Only Scan", "Parent Relationship": "Outer", "Scan Direction": "Forward", "Index Name": "info_type_pkey", "Relation Name": "info_type", "Alias": "it", "Startup Cost": 10000000000.0, "Total Cost": 1000000000993.0, "Plan Rows": 112, "Plan Width": 4}]}]}, {"Node Type": "Hash", "Parent Relationship": "Inner", "Startup Cost": 1000011644126.66, "Total Cost": 1000011644126.66, "Plan Rows": 391451, "Plan Width": 21, "Plans": [{"Node Type": "Index Scan", "Parent Relationship": "Outer", "Scan Direction": "Forward", "Index Name": "title_pkey", "Relation Name": "title", "Alias": "t", "Startup Cost": 10000000000.0, "Total Cost": 1000011644126.66, "Plan Rows": 391451, "Plan Width": 21, "Filter": "(production_year > 2010), (LLVM Optimized)"}]}]}]}, "Unique SQL Id": 328306525, "Planner Runtime": 5}, "explain_analyze_plan": null}, "(1, '108')": {"explain_plan": {"Plan": {"Node Type": "Aggregate", "Strategy": "Plain", "Startup Cost": 61748.65, "Total Cost": 61748.66, "Plan Rows": 1, "Plan Width": 49, "Plans": [{"Node Type": "Nested Loop", "Parent Relationship": "Outer", "Join Type": "Inner", "Startup Cost": 0.0, "Total Cost": 61748.59, "Plan Rows": 24, "Plan Width": 17, "Inner Unique": true, "Plans": [{"Node Type": "Nested Loop", "Parent Relationship": "Outer", "Join Type": "Inner", "Startup Cost": 0.0, "Total Cost": 61741.87, "Plan Rows": 24, "Plan Width": 21, "Inner Unique": false, "Plans": [{"Node Type": "Nested Loop", "Parent Relationship": "Outer", "Join Type": "Inner", "Startup Cost": 0.0, "Total Cost": 61662.88, "Plan Rows": 32, "Plan Width": 25, "Inner Unique": true, "Plans": [{"Node Type": "Nested Loop", "Parent Relationship": "Outer", "Join Type": "Inner", "Startup Cost": 0.0, "Total Cost": 61414.41, "Plan Rows": 30, "Plan Width": 4, "Inner Unique": true, "Plans": [{"Node Type": "Seq Scan", "Parent Relationship": "Outer", "Relation Name": "movie_companies", "Alias": "mc", "Startup Cost": 0.0, "Total Cost": 61385.74, "Plan Rows": 59, "Plan Width": 8, "Filter": "(((note)::text ~~ '%(VHS)%'::text) AND ((note)::text ~~ '%(USA)%'::text) AND ((note)::text ~~ '%(1994)%'::text))"}, {"Node Type": "Index Scan", "Parent Relationship": "Inner", "Scan Direction": "Forward", "Index Name": "company_type_pkey", "Relation Name": "company_type", "Alias": "ct", "Startup Cost": 0.0, "Total Cost": 0.48, "Plan Rows": 1, "Plan Width": 4, "Index Cond": "(id = mc.company_type_id)", "Filter": "((kind)::text = 'production companies'::text)"}]}, {"Node Type": "Index Scan", "Parent Relationship": "Inner", "Scan Direction": "Forward", "Index Name": "title_pkey", "Relation Name": "title", "Alias": "t", "Startup Cost": 0.0, "Total Cost": 8.27, "Plan Rows": 1, "Plan Width": 21, "Index Cond": "(id = mc.movie_id)", "Filter": "(production_year > 2010)"}]}, {"Node Type": "Index Scan", "Parent Relationship": "Inner", "Scan Direction": "Forward", "Index Name": "movie_id_movie_info", "Relation Name": "movie_info", "Alias": "mi", "Startup Cost": 0.0, "Total Cost": 2.46, "Plan Rows": 1, "Plan Width": 8, "Index Cond": "(movie_id = t.id)", "Filter": "((info)::text = ANY ('{USA,America}'::text[]))"}]}, {"Node Type": "Index Scan", "Parent Relationship": "Inner", "Scan Direction": "Forward", "Index Name": "info_type_pkey", "Relation Name": "info_type", "Alias": "it", "Startup Cost": 0.0, "Total Cost": 0.27, "Plan Rows": 1, "Plan Width": 4, "Index Cond": "(id = mi.info_type_id)"}]}]}, "Unique SQL Id": 328306525, "Planner Runtime": 4}, "explain_analyze_plan": {"Plan": {"Node Type": "Aggregate", "Strategy": "Plain", "Startup Cost": 61748.65, "Total Cost": 61748.66, "Plan Rows": 1, "Plan Width": 49, "Actual Startup Time": 963.636, "Actual Total Time": 963.637, "Actual Rows": 1, "Actual Loops": 1, "Plans": [{"Node Type": "Nested Loop", "Parent Relationship": "Outer", "Join Type": "Inner", "Startup Cost": 0.0, "Total Cost": 61748.59, "Plan Rows": 24, "Plan Width": 17, "Actual Startup Time": 963.629, "Actual Total Time": 963.629, "Actual Rows": 0, "Actual Loops": 1, "Inner Unique": true, "Plans": [{"Node Type": "Nested Loop", "Parent Relationship": "Outer", "Join Type": "Inner", "Startup Cost": 0.0, "Total Cost": 61741.87, "Plan Rows": 24, "Plan Width": 21, "Actual Startup Time": 963.627, "Actual Total Time": 963.627, "Actual Rows": 0, "Actual Loops": 1, "Inner Unique": false, "Plans": [{"Node Type": "Nested Loop", "Parent Relationship": "Outer", "Join Type": "Inner", "Startup Cost": 0.0, "Total Cost": 61662.88, "Plan Rows": 32, "Plan Width": 25, "Actual Startup Time": 963.626, "Actual Total Time": 963.626, "Actual Rows": 0, "Actual Loops": 1, "Inner Unique": true, "Plans": [{"Node Type": "Nested Loop", "Parent Relationship": "Outer", "Join Type": "Inner", "Startup Cost": 0.0, "Total Cost": 61414.41, "Plan Rows": 30, "Plan Width": 4, "Actual Startup Time": 963.624, "Actual Total Time": 963.624, "Actual Rows": 0, "Actual Loops": 1, "Inner Unique": true, "Plans": [{"Node Type": "Seq Scan", "Parent Relationship": "Outer", "Relation Name": "movie_companies", "Alias": "mc", "Startup Cost": 0.0, "Total Cost": 61385.74, "Plan Rows": 59, "Plan Width": 8, "Actual Startup Time": 3.889, "Actual Total Time": 961.596, "Actual Rows": 1418, "Actual Loops": 1, "Filter": "(((note)::text ~~ '%(VHS)%'::text) AND ((note)::text ~~ '%(USA)%'::text) AND ((note)::text ~~ '%(1994)%'::text))", "Rows Removed by Filter": 2607710}, {"Node Type": "Index Scan", "Parent Relationship": "Inner", "Scan Direction": "Forward", "Index Name": "company_type_pkey", "Relation Name": "company_type", "Alias": "ct", "Startup Cost": 0.0, "Total Cost": 0.48, "Plan Rows": 1, "Plan Width": 4, "Actual Startup Time": 1.119, "Actual Total Time": 1.119, "Actual Rows": 0, "Actual Loops": 1418, "Index Cond": "(id = mc.company_type_id)", "Rows Removed by Index Recheck": 0, "Filter": "((kind)::text = 'production companies'::text)", "Rows Removed by Filter": 0}]}, {"Node Type": "Index Scan", "Parent Relationship": "Inner", "Scan Direction": "Forward", "Index Name": "title_pkey", "Relation Name": "title", "Alias": "t", "Startup Cost": 0.0, "Total Cost": 8.27, "Plan Rows": 1, "Plan Width": 21, "Actual Startup Time": 0.0, "Actual Total Time": 0.0, "Index Cond": "(id = mc.movie_id)", "Rows Removed by Index Recheck": 0, "Filter": "(production_year > 2010)", "Rows Removed by Filter": 0}]}, {"Node Type": "Index Scan", "Parent Relationship": "Inner", "Scan Direction": "Forward", "Index Name": "movie_id_movie_info", "Relation Name": "movie_info", "Alias": "mi", "Startup Cost": 0.0, "Total Cost": 2.46, "Plan Rows": 1, "Plan Width": 8, "Actual Startup Time": 0.0, "Actual Total Time": 0.0, "Index Cond": "(movie_id = t.id)", "Rows Removed by Index Recheck": 0, "Filter": "((info)::text = ANY ('{USA,America}'::text[]))", "Rows Removed by Filter": 0}]}, {"Node Type": "Index Scan", "Parent Relationship": "Inner", "Scan Direction": "Forward", "Index Name": "info_type_pkey", "Relation Name": "info_type", "Alias": "it", "Startup Cost": 0.0, "Total Cost": 0.27, "Plan Rows": 1, "Plan Width": 4, "Actual Startup Time": 0.0, "Actual Total Time": 0.0, "Index Cond": "(id = mi.info_type_id)", "Rows Removed by Index Recheck": 0}]}]}, "Triggers": [], "Planner Runtime": 7.344, "Total Runtime": 963.889, "Unique SQL Id": 328306525}}, "(1, '109')": {"explain_plan": {"Plan": {"Node Type": "Aggregate", "Strategy": "Plain", "Startup Cost": 63248.6, "Total Cost": 63248.61, "Plan Rows": 1, "Plan Width": 49, "Plans": [{"Node Type": "Nested Loop", "Parent Relationship": "Outer", "Join Type": "Inner", "Startup Cost": 0.0, "Total Cost": 63248.54, "Plan Rows": 24, "Plan Width": 17, "Inner Unique": true, "Plans": [{"Node Type": "Nested Loop", "Parent Relationship": "Outer", "Join Type": "Inner", "Startup Cost": 0.0, "Total Cost": 63241.82, "Plan Rows": 24, "Plan Width": 21, "Inner Unique": false, "Plans": [{"Node Type": "Nested Loop", "Parent Relationship": "Outer", "Join Type": "Inner", "Startup Cost": 0.0, "Total Cost": 63162.83, "Plan Rows": 32, "Plan Width": 25, "Inner Unique": true, "Plans": [{"Node Type": "Nested Loop", "Parent Relationship": "Outer", "Join Type": "Inner", "Startup Cost": 0.0, "Total Cost": 62914.35, "Plan Rows": 30, "Plan Width": 4, "Inner Unique": false, "Plans": [{"Node Type": "Index Scan", "Parent Relationship": "Outer", "Scan Direction": "Forward", "Index Name": "company_type_pkey", "Relation Name": "company_type", "Alias": "ct", "Startup Cost": 0.0, "Total Cost": 12.3, "Plan Rows": 1, "Plan Width": 4, "Filter": "((kind)::text = 'production companies'::text)"}, {"Node Type": "Index Scan", "Parent Relationship": "Inner", "Scan Direction": "Forward", "Index Name": "company_type_id_movie_companies", "Relation Name": "movie_companies", "Alias": "mc", "Startup Cost": 0.0, "Total Cost": 62901.76, "Plan Rows": 29, "Plan Width": 8, "Index Cond": "(company_type_id = ct.id)", "Filter": "(((note)::text ~~ '%(VHS)%'::text) AND ((note)::text ~~ '%(USA)%'::text) AND ((note)::text ~~ '%(1994)%'::text))"}]}, {"Node Type": "Index Scan", "Parent Relationship": "Inner", "Scan Direction": "Forward", "Index Name": "title_pkey", "Relation Name": "title", "Alias": "t", "Startup Cost": 0.0, "Total Cost": 8.27, "Plan Rows": 1, "Plan Width": 21, "Index Cond": "(id = mc.movie_id)", "Filter": "(production_year > 2010)"}]}, {"Node Type": "Index Scan", "Parent Relationship": "Inner", "Scan Direction": "Forward", "Index Name": "movie_id_movie_info", "Relation Name": "movie_info", "Alias": "mi", "Startup Cost": 0.0, "Total Cost": 2.46, "Plan Rows": 1, "Plan Width": 8, "Index Cond": "(movie_id = t.id)", "Filter": "((info)::text = ANY ('{USA,America}'::text[]))"}]}, {"Node Type": "Index Scan", "Parent Relationship": "Inner", "Scan Direction": "Forward", "Index Name": "info_type_pkey", "Relation Name": "info_type", "Alias": "it", "Startup Cost": 0.0, "Total Cost": 0.27, "Plan Rows": 1, "Plan Width": 4, "Index Cond": "(id = mi.info_type_id)"}]}]}, "Unique SQL Id": 328306525, "Planner Runtime": 3}, "explain_analyze_plan": {"Plan": {"Node Type": "Aggregate", "Strategy": "Plain", "Startup Cost": 63248.6, "Total Cost": 63248.61, "Plan Rows": 1, "Plan Width": 49, "Actual Startup Time": 742.385, "Actual Total Time": 742.386, "Actual Rows": 1, "Actual Loops": 1, "Plans": [{"Node Type": "Nested Loop", "Parent Relationship": "Outer", "Join Type": "Inner", "Startup Cost": 0.0, "Total Cost": 63248.54, "Plan Rows": 24, "Plan Width": 17, "Actual Startup Time": 742.379, "Actual Total Time": 742.379, "Actual Rows": 0, "Actual Loops": 1, "Inner Unique": true, "Plans": [{"Node Type": "Nested Loop", "Parent Relationship": "Outer", "Join Type": "Inner", "Startup Cost": 0.0, "Total Cost": 63241.82, "Plan Rows": 24, "Plan Width": 21, "Actual Startup Time": 742.378, "Actual Total Time": 742.378, "Actual Rows": 0, "Actual Loops": 1, "Inner Unique": false, "Plans": [{"Node Type": "Nested Loop", "Parent Relationship": "Outer", "Join Type": "Inner", "Startup Cost": 0.0, "Total Cost": 63162.83, "Plan Rows": 32, "Plan Width": 25, "Actual Startup Time": 742.377, "Actual Total Time": 742.377, "Actual Rows": 0, "Actual Loops": 1, "Inner Unique": true, "Plans": [{"Node Type": "Nested Loop", "Parent Relationship": "Outer", "Join Type": "Inner", "Startup Cost": 0.0, "Total Cost": 62914.35, "Plan Rows": 30, "Plan Width": 4, "Actual Startup Time": 742.375, "Actual Total Time": 742.375, "Actual Rows": 0, "Actual Loops": 1, "Inner Unique": false, "Plans": [{"Node Type": "Index Scan", "Parent Relationship": "Outer", "Scan Direction": "Forward", "Index Name": "company_type_pkey", "Relation Name": "company_type", "Alias": "ct", "Startup Cost": 0.0, "Total Cost": 12.3, "Plan Rows": 1, "Plan Width": 4, "Actual Startup Time": 0.013, "Actual Total Time": 0.023, "Actual Rows": 1, "Actual Loops": 1, "Filter": "((kind)::text = 'production companies'::text)", "Rows Removed by Filter": 2}, {"Node Type": "Index Scan", "Parent Relationship": "Inner", "Scan Direction": "Forward", "Index Name": "company_type_id_movie_companies", "Relation Name": "movie_companies", "Alias": "mc", "Startup Cost": 0.0, "Total Cost": 62901.76, "Plan Rows": 29, "Plan Width": 8, "Actual Startup Time": 742.345, "Actual Total Time": 742.345, "Actual Rows": 0, "Actual Loops": 1, "Index Cond": "(company_type_id = ct.id)", "Rows Removed by Index Recheck": 0, "Filter": "(((note)::text ~~ '%(VHS)%'::text) AND ((note)::text ~~ '%(USA)%'::text) AND ((note)::text ~~ '%(1994)%'::text))", "Rows Removed by Filter": 1334883}]}, {"Node Type": "Index Scan", "Parent Relationship": "Inner", "Scan Direction": "Forward", "Index Name": "title_pkey", "Relation Name": "title", "Alias": "t", "Startup Cost": 0.0, "Total Cost": 8.27, "Plan Rows": 1, "Plan Width": 21, "Actual Startup Time": 0.0, "Actual Total Time": 0.0, "Index Cond": "(id = mc.movie_id)", "Rows Removed by Index Recheck": 0, "Filter": "(production_year > 2010)", "Rows Removed by Filter": 0}]}, {"Node Type": "Index Scan", "Parent Relationship": "Inner", "Scan Direction": "Forward", "Index Name": "movie_id_movie_info", "Relation Name": "movie_info", "Alias": "mi", "Startup Cost": 0.0, "Total Cost": 2.46, "Plan Rows": 1, "Plan Width": 8, "Actual Startup Time": 0.0, "Actual Total Time": 0.0, "Index Cond": "(movie_id = t.id)", "Rows Removed by Index Recheck": 0, "Filter": "((info)::text = ANY ('{USA,America}'::text[]))", "Rows Removed by Filter": 0}]}, {"Node Type": "Index Scan", "Parent Relationship": "Inner", "Scan Direction": "Forward", "Index Name": "info_type_pkey", "Relation Name": "info_type", "Alias": "it", "Startup Cost": 0.0, "Total Cost": 0.27, "Plan Rows": 1, "Plan Width": 4, "Actual Startup Time": 0.0, "Actual Total Time": 0.0, "Index Cond": "(id = mi.info_type_id)", "Rows Removed by Index Recheck": 0}]}]}, "Triggers": [], "Planner Runtime": 7.216, "Total Runtime": 742.642, "Unique SQL Id": 328306525}}, "(1, '110')": {"explain_plan": {"Plan": {"Node Type": "Aggregate", "Strategy": "Plain", "Startup Cost": 467166.99, "Total Cost": 467167.0, "Plan Rows": 1, "Plan Width": 49, "Plans": [{"Node Type": "Hash Join", "Parent Relationship": "Outer", "Join Type": "Inner", "Startup Cost": 130810.31, "Total Cost": 467166.93, "Plan Rows": 24, "Plan Width": 17, "Inner Unique": true, "Hash Cond": "(mi.info_type_id = it.id)", "Plans": [{"Node Type": "Hash Join", "Parent Relationship": "Outer", "Join Type": "Inner", "Startup Cost": 130806.79, "Total Cost": 467163.08, "Plan Rows": 24, "Plan Width": 21, "Inner Unique": false, "Hash Cond": "(mi.movie_id = t.id)", "Plans": [{"Node Type": "Seq Scan", "Parent Relationship": "Outer", "Relation Name": "movie_info", "Alias": "mi", "Startup Cost": 0.0, "Total Cost": 334162.58, "Plan Rows": 584897, "Plan Width": 8, "Filter": "((info)::text = ANY ('{USA,America}'::text[]))"}, {"Node Type": "Hash", "Parent Relationship": "Inner", "Startup Cost": 130806.39, "Total Cost": 130806.39, "Plan Rows": 32, "Plan Width": 25, "Plans": [{"Node Type": "Hash Join", "Parent Relationship": "Outer", "Join Type": "Inner", "Startup Cost": 61387.61, "Total Cost": 130806.39, "Plan Rows": 32, "Plan Width": 25, "Inner Unique": false, "Hash Cond": "(t.id = mc.movie_id)", "Plans": [{"Node Type": "Seq Scan", "Parent Relationship": "Outer", "Relation Name": "title", "Alias": "t", "Startup Cost": 0.0, "Total Cost": 66389.89, "Plan Rows": 391451, "Plan Width": 21, "Filter": "(production_year > 2010), (LLVM Optimized)"}, {"Node Type": "Hash", "Parent Relationship": "Inner", "Startup Cost": 61387.24, "Total Cost": 61387.24, "Plan Rows": 30, "Plan Width": 4, "Plans": [{"Node Type": "Hash Join", "Parent Relationship": "Outer", "Join Type": "Inner", "Startup Cost": 1.05, "Total Cost": 61387.24, "Plan Rows": 30, "Plan Width": 4, "Inner Unique": true, "Hash Cond": "(mc.company_type_id = ct.id)", "Plans": [{"Node Type": "Seq Scan", "Parent Relationship": "Outer", "Relation Name": "movie_companies", "Alias": "mc", "Startup Cost": 0.0, "Total Cost": 61385.74, "Plan Rows": 59, "Plan Width": 8, "Filter": "(((note)::text ~~ '%(VHS)%'::text) AND ((note)::text ~~ '%(USA)%'::text) AND ((note)::text ~~ '%(1994)%'::text))"}, {"Node Type": "Hash", "Parent Relationship": "Inner", "Startup Cost": 1.04, "Total Cost": 1.04, "Plan Rows": 1, "Plan Width": 4, "Plans": [{"Node Type": "Seq Scan", "Parent Relationship": "Outer", "Relation Name": "company_type", "Alias": "ct", "Startup Cost": 0.0, "Total Cost": 1.04, "Plan Rows": 1, "Plan Width": 4, "Filter": "((kind)::text = 'production companies'::text)"}]}]}]}]}]}]}, {"Node Type": "Hash", "Parent Relationship": "Inner", "Startup Cost": 2.12, "Total Cost": 2.12, "Plan Rows": 112, "Plan Width": 4, "Plans": [{"Node Type": "Seq Scan", "Parent Relationship": "Outer", "Relation Name": "info_type", "Alias": "it", "Startup Cost": 0.0, "Total Cost": 2.12, "Plan Rows": 112, "Plan Width": 4}]}]}]}, "Unique SQL Id": 328306525, "Planner Runtime": 5}, "explain_analyze_plan": {"Plan": {"Node Type": "Aggregate", "Strategy": "Plain", "Startup Cost": 467166.99, "Total Cost": 467167.0, "Plan Rows": 1, "Plan Width": 49, "Actual Startup Time": 1372.435, "Actual Total Time": 1372.436, "Actual Rows": 1, "Actual Loops": 1, "Plans": [{"Node Type": "Hash Join", "Parent Relationship": "Outer", "Join Type": "Inner", "Startup Cost": 130810.31, "Total Cost": 467166.93, "Plan Rows": 24, "Plan Width": 17, "Actual Startup Time": 1372.424, "Actual Total Time": 1372.424, "Actual Rows": 0, "Actual Loops": 1, "Inner Unique": true, "Hash Cond": "(mi.info_type_id = it.id)", "Plans": [{"Node Type": "Hash Join", "Parent Relationship": "Outer", "Join Type": "Inner", "Startup Cost": 130806.79, "Total Cost": 467163.08, "Plan Rows": 24, "Plan Width": 21, "Actual Startup Time": 1372.274, "Actual Total Time": 1372.274, "Actual Rows": 0, "Actual Loops": 1, "Inner Unique": false, "Hash Cond": "(mi.movie_id = t.id)", "Plans": [{"Node Type": "Seq Scan", "Parent Relationship": "Outer", "Relation Name": "movie_info", "Alias": "mi", "Startup Cost": 0.0, "Total Cost": 334162.58, "Plan Rows": 584897, "Plan Width": 8, "Actual Startup Time": 427.769, "Actual Total Time": 427.769, "Actual Rows": 1, "Actual Loops": 1, "Filter": "((info)::text = ANY ('{USA,America}'::text[]))", "Rows Removed by Filter": 1053697}, {"Node Type": "Hash", "Parent Relationship": "Inner", "Startup Cost": 130806.39, "Total Cost": 130806.39, "Plan Rows": 32, "Plan Width": 25, "Actual Startup Time": 944.405, "Actual Total Time": 944.405, "Actual Rows": 0, "Actual Loops": 1, "Hash Buckets": 32768, "Hash Batches": 1, "Original Hash Batches": 1, "Peak Memory Usage": 0, "Plans": [{"Node Type": "Hash Join", "Parent Relationship": "Outer", "Join Type": "Inner", "Startup Cost": 61387.61, "Total Cost": 130806.39, "Plan Rows": 32, "Plan Width": 25, "Actual Startup Time": 944.401, "Actual Total Time": 944.401, "Actual Rows": 0, "Actual Loops": 1, "Inner Unique": false, "Hash Cond": "(t.id = mc.movie_id)", "Plans": [{"Node Type": "Seq Scan", "Parent Relationship": "Outer", "Relation Name": "title", "Alias": "t", "Startup Cost": 0.0, "Total Cost": 66389.89, "Plan Rows": 391451, "Plan Width": 21, "Actual Startup Time": 0.049, "Actual Total Time": 0.049, "Actual Rows": 1, "Actual Loops": 1, "Filter": "(production_year > 2010), (LLVM Optimized, Jit Execute)", "Rows Removed by Filter": 2}, {"Node Type": "Hash", "Parent Relationship": "Inner", "Startup Cost": 61387.24, "Total Cost": 61387.24, "Plan Rows": 30, "Plan Width": 4, "Actual Startup Time": 944.245, "Actual Total Time": 944.245, "Actual Rows": 0, "Actual Loops": 1, "Hash Buckets": 32768, "Hash Batches": 1, "Original Hash Batches": 1, "Peak Memory Usage": 0, "Plans": [{"Node Type": "Hash Join", "Parent Relationship": "Outer", "Join Type": "Inner", "Startup Cost": 1.05, "Total Cost": 61387.24, "Plan Rows": 30, "Plan Width": 4, "Actual Startup Time": 944.242, "Actual Total Time": 944.242, "Actual Rows": 0, "Actual Loops": 1, "Inner Unique": true, "Hash Cond": "(mc.company_type_id = ct.id)", "Plans": [{"Node Type": "Seq Scan", "Parent Relationship": "Outer", "Relation Name": "movie_companies", "Alias": "mc", "Startup Cost": 0.0, "Total Cost": 61385.74, "Plan Rows": 59, "Plan Width": 8, "Actual Startup Time": 3.897, "Actual Total Time": 943.775, "Actual Rows": 1418, "Actual Loops": 1, "Filter": "(((note)::text ~~ '%(VHS)%'::text) AND ((note)::text ~~ '%(USA)%'::text) AND ((note)::text ~~ '%(1994)%'::text))", "Rows Removed by Filter": 2607710}, {"Node Type": "Hash", "Parent Relationship": "Inner", "Startup Cost": 1.04, "Total Cost": 1.04, "Plan Rows": 1, "Plan Width": 4, "Actual Startup Time": 0.029, "Actual Total Time": 0.029, "Actual Rows": 1, "Actual Loops": 1, "Hash Buckets": 32768, "Hash Batches": 1, "Original Hash Batches": 1, "Peak Memory Usage": 1, "Plans": [{"Node Type": "Seq Scan", "Parent Relationship": "Outer", "Relation Name": "company_type", "Alias": "ct", "Startup Cost": 0.0, "Total Cost": 1.04, "Plan Rows": 1, "Plan Width": 4, "Actual Startup Time": 0.017, "Actual Total Time": 0.019, "Actual Rows": 1, "Actual Loops": 1, "Filter": "((kind)::text = 'production companies'::text)", "Rows Removed by Filter": 2}]}]}]}]}]}]}, {"Node Type": "Hash", "Parent Relationship": "Inner", "Startup Cost": 2.12, "Total Cost": 2.12, "Plan Rows": 112, "Plan Width": 4, "Actual Startup Time": 0.097, "Actual Total Time": 0.097, "Actual Rows": 112, "Actual Loops": 1, "Hash Buckets": 32768, "Hash Batches": 1, "Original Hash Batches": 1, "Peak Memory Usage": 4, "Plans": [{"Node Type": "Seq Scan", "Parent Relationship": "Outer", "Relation Name": "info_type", "Alias": "it", "Startup Cost": 0.0, "Total Cost": 2.12, "Plan Rows": 112, "Plan Width": 4, "Actual Startup Time": 0.033, "Actual Total Time": 0.055, "Actual Rows": 112, "Actual Loops": 1}]}]}]}, "Triggers": [], "Planner Runtime": 8.613, "Total Runtime": 1380.957, "Unique SQL Id": 328306525}}, "(1, '111')": {"explain_plan": {"Plan": {"Node Type": "Aggregate", "Strategy": "Plain", "Startup Cost": 5000125350683.69, "Total Cost": 5000125350683.7, "Plan Rows": 1, "Plan Width": 49, "Plans": [{"Node Type": "Hash Join", "Parent Relationship": "Outer", "Join Type": "Inner", "Startup Cost": 3020119059170.53, "Total Cost": 5000125350683.63, "Plan Rows": 24, "Plan Width": 17, "Inner Unique": true, "Hash Cond": "(mi.movie_id = t.id)", "Plans": [{"Node Type": "Hash Join", "Parent Relationship": "Outer", "Join Type": "Inner", "Startup Cost": 2020107410150.73, "Total Cost": 4000113701663.47, "Plan Rows": 33, "Plan Width": 8, "Inner Unique": true, "Hash Cond": "(mi.info_type_id = it.id)", "Plans": [{"Node Type": "Hash Join", "Parent Relationship": "Outer", "Join Type": "Inner", "Startup Cost": 1020107408756.33, "Total Cost": 3000113700268.61, "Plan Rows": 33, "Plan Width": 12, "Inner Unique": false, "Hash Cond": "(mc.movie_id = mi.movie_id)", "Plans": [{"Node Type": "Nested Loop", "Parent Relationship": "Outer", "Join Type": "Inner", "Startup Cost": 20000000000.0, "Total Cost": 2000006291406.54, "Plan Rows": 30, "Plan Width": 4, "Inner Unique": false, "Plans": [{"Node Type": "Index Scan", "Parent Relationship": "Outer", "Scan Direction": "Forward", "Index Name": "company_type_pkey", "Relation Name": "company_type", "Alias": "ct", "Startup Cost": 10000000000.0, "Total Cost": 1000000001230.25, "Plan Rows": 1, "Plan Width": 4, "Filter": "((kind)::text = 'production companies'::text)"}, {"Node Type": "Index Scan", "Parent Relationship": "Inner", "Scan Direction": "Forward", "Index Name": "company_type_id_movie_companies", "Relation Name": "movie_companies", "Alias": "mc", "Startup Cost": 10000000000.0, "Total Cost": 1000006290176.0, "Plan Rows": 29, "Plan Width": 8, "Index Cond": "(company_type_id = ct.id)", "Filter": "(((note)::text ~~ '%(VHS)%'::text) AND ((note)::text ~~ '%(USA)%'::text) AND ((note)::text ~~ '%(1994)%'::text))"}]}, {"Node Type": "Hash", "Parent Relationship": "Inner", "Startup Cost": 1000107401445.12, "Total Cost": 1000107401445.12, "Plan Rows": 584897, "Plan Width": 8, "Plans": [{"Node Type": "Index Scan", "Parent Relationship": "Outer", "Scan Direction": "Forward", "Index Name": "info_type_id_movie_info", "Relation Name": "movie_info", "Alias": "mi", "Startup Cost": 10000000000.0, "Total Cost": 1000107401445.12, "Plan Rows": 584897, "Plan Width": 8, "Filter": "((info)::text = ANY ('{USA,America}'::text[]))"}]}]}, {"Node Type": "Hash", "Parent Relationship": "Inner", "Startup Cost": 1000000001393.0, "Total Cost": 1000000001393.0, "Plan Rows": 112, "Plan Width": 4, "Plans": [{"Node Type": "Index Scan", "Parent Relationship": "Outer", "Scan Direction": "Forward", "Index Name": "info_type_pkey", "Relation Name": "info_type", "Alias": "it", "Startup Cost": 10000000000.0, "Total Cost": 1000000001393.0, "Plan Rows": 112, "Plan Width": 4}]}]}, {"Node Type": "Hash", "Parent Relationship": "Inner", "Startup Cost": 1000011644126.66, "Total Cost": 1000011644126.66, "Plan Rows": 391451, "Plan Width": 21, "Plans": [{"Node Type": "Index Scan", "Parent Relationship": "Outer", "Scan Direction": "Forward", "Index Name": "title_pkey", "Relation Name": "title", "Alias": "t", "Startup Cost": 10000000000.0, "Total Cost": 1000011644126.66, "Plan Rows": 391451, "Plan Width": 21, "Filter": "(production_year > 2010), (LLVM Optimized)"}]}]}]}, "Unique SQL Id": 328306525, "Planner Runtime": 5}, "explain_analyze_plan": null}, "(1, '112')": {"explain_plan": {"Plan": {"Node Type": "Aggregate", "Strategy": "Plain", "Startup Cost": 61721.76, "Total Cost": 61721.77, "Plan Rows": 1, "Plan Width": 49, "Plans": [{"Node Type": "Nested Loop", "Parent Relationship": "Outer", "Join Type": "Inner", "Startup Cost": 0.0, "Total Cost": 61721.7, "Plan Rows": 24, "Plan Width": 17, "Inner Unique": true, "Plans": [{"Node Type": "Nested Loop", "Parent Relationship": "Outer", "Join Type": "Inner", "Startup Cost": 0.0, "Total Cost": 61714.98, "Plan Rows": 24, "Plan Width": 21, "Inner Unique": false, "Plans": [{"Node Type": "Nested Loop", "Parent Relationship": "Outer", "Join Type": "Inner", "Startup Cost": 0.0, "Total Cost": 61635.99, "Plan Rows": 32, "Plan Width": 25, "Inner Unique": true, "Plans": [{"Node Type": "Nested Loop", "Parent Relationship": "Outer", "Join Type": "Inner", "Startup Cost": 0.0, "Total Cost": 61387.52, "Plan Rows": 30, "Plan Width": 4, "Inner Unique": false, "Join Filter": "(ct.id = mc.company_type_id)", "Plans": [{"Node Type": "Seq Scan", "Parent Relationship": "Outer", "Relation Name": "company_type", "Alias": "ct", "Startup Cost": 0.0, "Total Cost": 1.04, "Plan Rows": 1, "Plan Width": 4, "Filter": "((kind)::text = 'production companies'::text)"}, {"Node Type": "Seq Scan", "Parent Relationship": "Inner", "Relation Name": "movie_companies", "Alias": "mc", "Startup Cost": 0.0, "Total Cost": 61385.74, "Plan Rows": 59, "Plan Width": 8, "Filter": "(((note)::text ~~ '%(VHS)%'::text) AND ((note)::text ~~ '%(USA)%'::text) AND ((note)::text ~~ '%(1994)%'::text))"}]}, {"Node Type": "Index Scan", "Parent Relationship": "Inner", "Scan Direction": "Forward", "Index Name": "title_pkey", "Relation Name": "title", "Alias": "t", "Startup Cost": 0.0, "Total Cost": 8.27, "Plan Rows": 1, "Plan Width": 21, "Index Cond": "(id = mc.movie_id)", "Filter": "(production_year > 2010)"}]}, {"Node Type": "Index Scan", "Parent Relationship": "Inner", "Scan Direction": "Forward", "Index Name": "movie_id_movie_info", "Relation Name": "movie_info", "Alias": "mi", "Startup Cost": 0.0, "Total Cost": 2.46, "Plan Rows": 1, "Plan Width": 8, "Index Cond": "(movie_id = t.id)", "Filter": "((info)::text = ANY ('{USA,America}'::text[]))"}]}, {"Node Type": "Index Only Scan", "Parent Relationship": "Inner", "Scan Direction": "Forward", "Index Name": "info_type_pkey", "Relation Name": "info_type", "Alias": "it", "Startup Cost": 0.0, "Total Cost": 0.27, "Plan Rows": 1, "Plan Width": 4, "Index Cond": "(id = mi.info_type_id)"}]}]}, "Unique SQL Id": 328306525, "Planner Runtime": 3}, "explain_analyze_plan": {"Plan": {"Node Type": "Aggregate", "Strategy": "Plain", "Startup Cost": 61721.76, "Total Cost": 61721.77, "Plan Rows": 1, "Plan Width": 49, "Actual Startup Time": 946.595, "Actual Total Time": 946.596, "Actual Rows": 1, "Actual Loops": 1, "Plans": [{"Node Type": "Nested Loop", "Parent Relationship": "Outer", "Join Type": "Inner", "Startup Cost": 0.0, "Total Cost": 61721.7, "Plan Rows": 24, "Plan Width": 17, "Actual Startup Time": 946.584, "Actual Total Time": 946.584, "Actual Rows": 0, "Actual Loops": 1, "Inner Unique": true, "Plans": [{"Node Type": "Nested Loop", "Parent Relationship": "Outer", "Join Type": "Inner", "Startup Cost": 0.0, "Total Cost": 61714.98, "Plan Rows": 24, "Plan Width": 21, "Actual Startup Time": 946.583, "Actual Total Time": 946.583, "Actual Rows": 0, "Actual Loops": 1, "Inner Unique": false, "Plans": [{"Node Type": "Nested Loop", "Parent Relationship": "Outer", "Join Type": "Inner", "Startup Cost": 0.0, "Total Cost": 61635.99, "Plan Rows": 32, "Plan Width": 25, "Actual Startup Time": 946.582, "Actual Total Time": 946.582, "Actual Rows": 0, "Actual Loops": 1, "Inner Unique": true, "Plans": [{"Node Type": "Nested Loop", "Parent Relationship": "Outer", "Join Type": "Inner", "Startup Cost": 0.0, "Total Cost": 61387.52, "Plan Rows": 30, "Plan Width": 4, "Actual Startup Time": 946.58, "Actual Total Time": 946.58, "Actual Rows": 0, "Actual Loops": 1, "Inner Unique": false, "Join Filter": "(ct.id = mc.company_type_id)", "Rows Removed by Join Filter": 1418, "Plans": [{"Node Type": "Seq Scan", "Parent Relationship": "Outer", "Relation Name": "company_type", "Alias": "ct", "Startup Cost": 0.0, "Total Cost": 1.04, "Plan Rows": 1, "Plan Width": 4, "Actual Startup Time": 0.025, "Actual Total Time": 0.03, "Actual Rows": 1, "Actual Loops": 1, "Filter": "((kind)::text = 'production companies'::text)", "Rows Removed by Filter": 2}, {"Node Type": "Seq Scan", "Parent Relationship": "Inner", "Relation Name": "movie_companies", "Alias": "mc", "Startup Cost": 0.0, "Total Cost": 61385.74, "Plan Rows": 59, "Plan Width": 8, "Actual Startup Time": 3.943, "Actual Total Time": 946.12, "Actual Rows": 1418, "Actual Loops": 1, "Filter": "(((note)::text ~~ '%(VHS)%'::text) AND ((note)::text ~~ '%(USA)%'::text) AND ((note)::text ~~ '%(1994)%'::text))", "Rows Removed by Filter": 2607710}]}, {"Node Type": "Index Scan", "Parent Relationship": "Inner", "Scan Direction": "Forward", "Index Name": "title_pkey", "Relation Name": "title", "Alias": "t", "Startup Cost": 0.0, "Total Cost": 8.27, "Plan Rows": 1, "Plan Width": 21, "Actual Startup Time": 0.0, "Actual Total Time": 0.0, "Index Cond": "(id = mc.movie_id)", "Rows Removed by Index Recheck": 0, "Filter": "(production_year > 2010)", "Rows Removed by Filter": 0}]}, {"Node Type": "Index Scan", "Parent Relationship": "Inner", "Scan Direction": "Forward", "Index Name": "movie_id_movie_info", "Relation Name": "movie_info", "Alias": "mi", "Startup Cost": 0.0, "Total Cost": 2.46, "Plan Rows": 1, "Plan Width": 8, "Actual Startup Time": 0.0, "Actual Total Time": 0.0, "Index Cond": "(movie_id = t.id)", "Rows Removed by Index Recheck": 0, "Filter": "((info)::text = ANY ('{USA,America}'::text[]))", "Rows Removed by Filter": 0}]}, {"Node Type": "Index Only Scan", "Parent Relationship": "Inner", "Scan Direction": "Forward", "Index Name": "info_type_pkey", "Relation Name": "info_type", "Alias": "it", "Startup Cost": 0.0, "Total Cost": 0.27, "Plan Rows": 1, "Plan Width": 4, "Actual Startup Time": 0.0, "Actual Total Time": 0.0, "Index Cond": "(id = mi.info_type_id)", "Rows Removed by Index Recheck": 0, "Heap Fetches": 0}]}]}, "Triggers": [], "Planner Runtime": 7.558, "Total Runtime": 946.851, "Unique SQL Id": 328306525}}, "(1, '113')": {"explain_plan": {"Plan": {"Node Type": "Aggregate", "Strategy": "Plain", "Startup Cost": 63248.6, "Total Cost": 63248.61, "Plan Rows": 1, "Plan Width": 49, "Plans": [{"Node Type": "Nested Loop", "Parent Relationship": "Outer", "Join Type": "Inner", "Startup Cost": 0.0, "Total Cost": 63248.54, "Plan Rows": 24, "Plan Width": 17, "Inner Unique": true, "Plans": [{"Node Type": "Nested Loop", "Parent Relationship": "Outer", "Join Type": "Inner", "Startup Cost": 0.0, "Total Cost": 63241.82, "Plan Rows": 24, "Plan Width": 21, "Inner Unique": false, "Plans": [{"Node Type": "Nested Loop", "Parent Relationship": "Outer", "Join Type": "Inner", "Startup Cost": 0.0, "Total Cost": 63162.83, "Plan Rows": 32, "Plan Width": 25, "Inner Unique": true, "Plans": [{"Node Type": "Nested Loop", "Parent Relationship": "Outer", "Join Type": "Inner", "Startup Cost": 0.0, "Total Cost": 62914.35, "Plan Rows": 30, "Plan Width": 4, "Inner Unique": false, "Plans": [{"Node Type": "Index Scan", "Parent Relationship": "Outer", "Scan Direction": "Forward", "Index Name": "company_type_pkey", "Relation Name": "company_type", "Alias": "ct", "Startup Cost": 0.0, "Total Cost": 12.3, "Plan Rows": 1, "Plan Width": 4, "Filter": "((kind)::text = 'production companies'::text)"}, {"Node Type": "Index Scan", "Parent Relationship": "Inner", "Scan Direction": "Forward", "Index Name": "company_type_id_movie_companies", "Relation Name": "movie_companies", "Alias": "mc", "Startup Cost": 0.0, "Total Cost": 62901.76, "Plan Rows": 29, "Plan Width": 8, "Index Cond": "(company_type_id = ct.id)", "Filter": "(((note)::text ~~ '%(VHS)%'::text) AND ((note)::text ~~ '%(USA)%'::text) AND ((note)::text ~~ '%(1994)%'::text))"}]}, {"Node Type": "Index Scan", "Parent Relationship": "Inner", "Scan Direction": "Forward", "Index Name": "title_pkey", "Relation Name": "title", "Alias": "t", "Startup Cost": 0.0, "Total Cost": 8.27, "Plan Rows": 1, "Plan Width": 21, "Index Cond": "(id = mc.movie_id)", "Filter": "(production_year > 2010)"}]}, {"Node Type": "Index Scan", "Parent Relationship": "Inner", "Scan Direction": "Forward", "Index Name": "movie_id_movie_info", "Relation Name": "movie_info", "Alias": "mi", "Startup Cost": 0.0, "Total Cost": 2.46, "Plan Rows": 1, "Plan Width": 8, "Index Cond": "(movie_id = t.id)", "Filter": "((info)::text = ANY ('{USA,America}'::text[]))"}]}, {"Node Type": "Index Only Scan", "Parent Relationship": "Inner", "Scan Direction": "Forward", "Index Name": "info_type_pkey", "Relation Name": "info_type", "Alias": "it", "Startup Cost": 0.0, "Total Cost": 0.27, "Plan Rows": 1, "Plan Width": 4, "Index Cond": "(id = mi.info_type_id)"}]}]}, "Unique SQL Id": 328306525, "Planner Runtime": 3}, "explain_analyze_plan": {"Plan": {"Node Type": "Aggregate", "Strategy": "Plain", "Startup Cost": 63248.6, "Total Cost": 63248.61, "Plan Rows": 1, "Plan Width": 49, "Actual Startup Time": 640.136, "Actual Total Time": 640.136, "Actual Rows": 1, "Actual Loops": 1, "Plans": [{"Node Type": "Nested Loop", "Parent Relationship": "Outer", "Join Type": "Inner", "Startup Cost": 0.0, "Total Cost": 63248.54, "Plan Rows": 24, "Plan Width": 17, "Actual Startup Time": 640.125, "Actual Total Time": 640.125, "Actual Rows": 0, "Actual Loops": 1, "Inner Unique": true, "Plans": [{"Node Type": "Nested Loop", "Parent Relationship": "Outer", "Join Type": "Inner", "Startup Cost": 0.0, "Total Cost": 63241.82, "Plan Rows": 24, "Plan Width": 21, "Actual Startup Time": 640.123, "Actual Total Time": 640.123, "Actual Rows": 0, "Actual Loops": 1, "Inner Unique": false, "Plans": [{"Node Type": "Nested Loop", "Parent Relationship": "Outer", "Join Type": "Inner", "Startup Cost": 0.0, "Total Cost": 63162.83, "Plan Rows": 32, "Plan Width": 25, "Actual Startup Time": 640.123, "Actual Total Time": 640.123, "Actual Rows": 0, "Actual Loops": 1, "Inner Unique": true, "Plans": [{"Node Type": "Nested Loop", "Parent Relationship": "Outer", "Join Type": "Inner", "Startup Cost": 0.0, "Total Cost": 62914.35, "Plan Rows": 30, "Plan Width": 4, "Actual Startup Time": 640.122, "Actual Total Time": 640.122, "Actual Rows": 0, "Actual Loops": 1, "Inner Unique": false, "Plans": [{"Node Type": "Index Scan", "Parent Relationship": "Outer", "Scan Direction": "Forward", "Index Name": "company_type_pkey", "Relation Name": "company_type", "Alias": "ct", "Startup Cost": 0.0, "Total Cost": 12.3, "Plan Rows": 1, "Plan Width": 4, "Actual Startup Time": 0.026, "Actual Total Time": 0.033, "Actual Rows": 1, "Actual Loops": 1, "Filter": "((kind)::text = 'production companies'::text)", "Rows Removed by Filter": 2}, {"Node Type": "Index Scan", "Parent Relationship": "Inner", "Scan Direction": "Forward", "Index Name": "company_type_id_movie_companies", "Relation Name": "movie_companies", "Alias": "mc", "Startup Cost": 0.0, "Total Cost": 62901.76, "Plan Rows": 29, "Plan Width": 8, "Actual Startup Time": 640.079, "Actual Total Time": 640.079, "Actual Rows": 0, "Actual Loops": 1, "Index Cond": "(company_type_id = ct.id)", "Rows Removed by Index Recheck": 0, "Filter": "(((note)::text ~~ '%(VHS)%'::text) AND ((note)::text ~~ '%(USA)%'::text) AND ((note)::text ~~ '%(1994)%'::text))", "Rows Removed by Filter": 1334883}]}, {"Node Type": "Index Scan", "Parent Relationship": "Inner", "Scan Direction": "Forward", "Index Name": "title_pkey", "Relation Name": "title", "Alias": "t", "Startup Cost": 0.0, "Total Cost": 8.27, "Plan Rows": 1, "Plan Width": 21, "Actual Startup Time": 0.0, "Actual Total Time": 0.0, "Index Cond": "(id = mc.movie_id)", "Rows Removed by Index Recheck": 0, "Filter": "(production_year > 2010)", "Rows Removed by Filter": 0}]}, {"Node Type": "Index Scan", "Parent Relationship": "Inner", "Scan Direction": "Forward", "Index Name": "movie_id_movie_info", "Relation Name": "movie_info", "Alias": "mi", "Startup Cost": 0.0, "Total Cost": 2.46, "Plan Rows": 1, "Plan Width": 8, "Actual Startup Time": 0.0, "Actual Total Time": 0.0, "Index Cond": "(movie_id = t.id)", "Rows Removed by Index Recheck": 0, "Filter": "((info)::text = ANY ('{USA,America}'::text[]))", "Rows Removed by Filter": 0}]}, {"Node Type": "Index Only Scan", "Parent Relationship": "Inner", "Scan Direction": "Forward", "Index Name": "info_type_pkey", "Relation Name": "info_type", "Alias": "it", "Startup Cost": 0.0, "Total Cost": 0.27, "Plan Rows": 1, "Plan Width": 4, "Actual Startup Time": 0.0, "Actual Total Time": 0.0, "Index Cond": "(id = mi.info_type_id)", "Rows Removed by Index Recheck": 0, "Heap Fetches": 0}]}]}, "Triggers": [], "Planner Runtime": 7.646, "Total Runtime": 640.429, "Unique SQL Id": 328306525}}, "(1, '114')": {"explain_plan": {"Plan": {"Node Type": "Aggregate", "Strategy": "Plain", "Startup Cost": 62302.06, "Total Cost": 62302.07, "Plan Rows": 1, "Plan Width": 49, "Plans": [{"Node Type": "Nested Loop", "Parent Relationship": "Outer", "Join Type": "Inner", "Startup Cost": 4.61, "Total Cost": 62302.0, "Plan Rows": 24, "Plan Width": 17, "Inner Unique": false, "Join Filter": "(mi.info_type_id = it.id)", "Plans": [{"Node Type": "Seq Scan", "Parent Relationship": "Outer", "Relation Name": "info_type", "Alias": "it", "Startup Cost": 0.0, "Total Cost": 2.12, "Plan Rows": 112, "Plan Width": 4}, {"Node Type": "Materialize", "Parent Relationship": "Inner", "Startup Cost": 4.61, "Total Cost": 62259.62, "Plan Rows": 24, "Plan Width": 21, "Plans": [{"Node Type": "Nested Loop", "Parent Relationship": "Outer", "Join Type": "Inner", "Startup Cost": 4.61, "Total Cost": 62259.5, "Plan Rows": 24, "Plan Width": 21, "Inner Unique": true, "Plans": [{"Node Type": "Nested Loop", "Parent Relationship": "Outer", "Join Type": "Inner", "Startup Cost": 4.29, "Total Cost": 62116.08, "Plan Rows": 33, "Plan Width": 12, "Inner Unique": false, "Plans": [{"Node Type": "Nested Loop", "Parent Relationship": "Outer", "Join Type": "Inner", "Startup Cost": 0.0, "Total Cost": 61387.52, "Plan Rows": 30, "Plan Width": 4, "Inner Unique": false, "Join Filter": "(ct.id = mc.company_type_id)", "Plans": [{"Node Type": "Seq Scan", "Parent Relationship": "Outer", "Relation Name": "company_type", "Alias": "ct", "Startup Cost": 0.0, "Total Cost": 1.04, "Plan Rows": 1, "Plan Width": 4, "Filter": "((kind)::text = 'production companies'::text)"}, {"Node Type": "Seq Scan", "Parent Relationship": "Inner", "Relation Name": "movie_companies", "Alias": "mc", "Startup Cost": 0.0, "Total Cost": 61385.74, "Plan Rows": 59, "Plan Width": 8, "Filter": "(((note)::text ~~ '%(VHS)%'::text) AND ((note)::text ~~ '%(USA)%'::text) AND ((note)::text ~~ '%(1994)%'::text))"}]}, {"Node Type": "Bitmap Heap Scan", "Parent Relationship": "Inner", "Relation Name": "movie_info", "Alias": "mi", "Startup Cost": 4.29, "Total Cost": 24.28, "Plan Rows": 1, "Plan Width": 8, "Recheck Cond": "(movie_id = mc.movie_id)", "Filter": "((info)::text = ANY ('{USA,America}'::text[]))", "Plans": [{"Node Type": "Bitmap Index Scan", "Parent Relationship": "Outer", "Index Name": "movie_id_movie_info", "Startup Cost": 0.0, "Total Cost": 4.29, "Plan Rows": 5, "Plan Width": 0, "Index Cond": "(movie_id = mc.movie_id)"}]}]}, {"Node Type": "Bitmap Heap Scan", "Parent Relationship": "Inner", "Relation Name": "title", "Alias": "t", "Startup Cost": 0.32, "Total Cost": 4.34, "Plan Rows": 1, "Plan Width": 21, "Recheck Cond": "(id = mi.movie_id)", "Filter": "(production_year > 2010)", "Plans": [{"Node Type": "Bitmap Index Scan", "Parent Relationship": "Outer", "Index Name": "title_pkey", "Startup Cost": 0.0, "Total Cost": 0.32, "Plan Rows": 1, "Plan Width": 0, "Index Cond": "(id = mi.movie_id)"}]}]}]}]}]}, "Unique SQL Id": 328306525, "Planner Runtime": 3}, "explain_analyze_plan": {"Plan": {"Node Type": "Aggregate", "Strategy": "Plain", "Startup Cost": 62302.06, "Total Cost": 62302.07, "Plan Rows": 1, "Plan Width": 49, "Actual Startup Time": 957.016, "Actual Total Time": 957.016, "Actual Rows": 1, "Actual Loops": 1, "Plans": [{"Node Type": "Nested Loop", "Parent Relationship": "Outer", "Join Type": "Inner", "Startup Cost": 4.61, "Total Cost": 62302.0, "Plan Rows": 24, "Plan Width": 17, "Actual Startup Time": 957.009, "Actual Total Time": 957.009, "Actual Rows": 0, "Actual Loops": 1, "Inner Unique": false, "Join Filter": "(mi.info_type_id = it.id)", "Rows Removed by Join Filter": 0, "Plans": [{"Node Type": "Seq Scan", "Parent Relationship": "Outer", "Relation Name": "info_type", "Alias": "it", "Startup Cost": 0.0, "Total Cost": 2.12, "Plan Rows": 112, "Plan Width": 4, "Actual Startup Time": 0.031, "Actual Total Time": 0.048, "Actual Rows": 112, "Actual Loops": 1}, {"Node Type": "Materialize", "Parent Relationship": "Inner", "Startup Cost": 4.61, "Total Cost": 62259.62, "Plan Rows": 24, "Plan Width": 21, "Actual Startup Time": 956.933, "Actual Total Time": 956.933, "Actual Rows": 0, "Actual Loops": 112, "Plans": [{"Node Type": "Nested Loop", "Parent Relationship": "Outer", "Join Type": "Inner", "Startup Cost": 4.61, "Total Cost": 62259.5, "Plan Rows": 24, "Plan Width": 21, "Actual Startup Time": 956.916, "Actual Total Time": 956.916, "Actual Rows": 0, "Actual Loops": 1, "Inner Unique": true, "Plans": [{"Node Type": "Nested Loop", "Parent Relationship": "Outer", "Join Type": "Inner", "Startup Cost": 4.29, "Total Cost": 62116.08, "Plan Rows": 33, "Plan Width": 12, "Actual Startup Time": 956.914, "Actual Total Time": 956.914, "Actual Rows": 0, "Actual Loops": 1, "Inner Unique": false, "Plans": [{"Node Type": "Nested Loop", "Parent Relationship": "Outer", "Join Type": "Inner", "Startup Cost": 0.0, "Total Cost": 61387.52, "Plan Rows": 30, "Plan Width": 4, "Actual Startup Time": 956.912, "Actual Total Time": 956.912, "Actual Rows": 0, "Actual Loops": 1, "Inner Unique": false, "Join Filter": "(ct.id = mc.company_type_id)", "Rows Removed by Join Filter": 1418, "Plans": [{"Node Type": "Seq Scan", "Parent Relationship": "Outer", "Relation Name": "company_type", "Alias": "ct", "Startup Cost": 0.0, "Total Cost": 1.04, "Plan Rows": 1, "Plan Width": 4, "Actual Startup Time": 0.013, "Actual Total Time": 0.019, "Actual Rows": 1, "Actual Loops": 1, "Filter": "((kind)::text = 'production companies'::text)", "Rows Removed by Filter": 2}, {"Node Type": "Seq Scan", "Parent Relationship": "Inner", "Relation Name": "movie_companies", "Alias": "mc", "Startup Cost": 0.0, "Total Cost": 61385.74, "Plan Rows": 59, "Plan Width": 8, "Actual Startup Time": 3.894, "Actual Total Time": 956.458, "Actual Rows": 1418, "Actual Loops": 1, "Filter": "(((note)::text ~~ '%(VHS)%'::text) AND ((note)::text ~~ '%(USA)%'::text) AND ((note)::text ~~ '%(1994)%'::text))", "Rows Removed by Filter": 2607710}]}, {"Node Type": "Bitmap Heap Scan", "Parent Relationship": "Inner", "Relation Name": "movie_info", "Alias": "mi", "Startup Cost": 4.29, "Total Cost": 24.28, "Plan Rows": 1, "Plan Width": 8, "Actual Startup Time": 0.0, "Actual Total Time": 0.0, "Recheck Cond": "(movie_id = mc.movie_id)", "Rows Removed by Index Recheck": 0, "Filter": "((info)::text = ANY ('{USA,America}'::text[]))", "Rows Removed by Filter": 0, "Exact Heap Blocks": 0, "Lossy Heap Blocks": 0, "Plans": [{"Node Type": "Bitmap Index Scan", "Parent Relationship": "Outer", "Index Name": "movie_id_movie_info", "Startup Cost": 0.0, "Total Cost": 4.29, "Plan Rows": 5, "Plan Width": 0, "Actual Startup Time": 0.0, "Actual Total Time": 0.0, "Index Cond": "(movie_id = mc.movie_id)"}]}]}, {"Node Type": "Bitmap Heap Scan", "Parent Relationship": "Inner", "Relation Name": "title", "Alias": "t", "Startup Cost": 0.32, "Total Cost": 4.34, "Plan Rows": 1, "Plan Width": 21, "Actual Startup Time": 0.0, "Actual Total Time": 0.0, "Recheck Cond": "(id = mi.movie_id)", "Rows Removed by Index Recheck": 0, "Filter": "(production_year > 2010)", "Rows Removed by Filter": 0, "Exact Heap Blocks": 0, "Lossy Heap Blocks": 0, "Plans": [{"Node Type": "Bitmap Index Scan", "Parent Relationship": "Outer", "Index Name": "title_pkey", "Startup Cost": 0.0, "Total Cost": 0.32, "Plan Rows": 1, "Plan Width": 0, "Actual Startup Time": 0.0, "Actual Total Time": 0.0, "Index Cond": "(id = mi.movie_id)"}]}]}]}]}]}, "Triggers": [], "Planner Runtime": 6.588, "Total Runtime": 957.251, "Unique SQL Id": 328306525}}, "(1, '115')": {"explain_plan": {"Plan": {"Node Type": "Aggregate", "Strategy": "Plain", "Startup Cost": 1000011276294.99, "Total Cost": 1000011276295.0, "Plan Rows": 1, "Plan Width": 49, "Plans": [{"Node Type": "Nested Loop", "Parent Relationship": "Outer", "Join Type": "Inner", "Startup Cost": 10000000005.78, "Total Cost": 1000011276294.93, "Plan Rows": 24, "Plan Width": 17, "Inner Unique": true, "Plans": [{"Node Type": "Nested Loop", "Parent Relationship": "Outer", "Join Type": "Inner", "Startup Cost": 10000000005.38, "Total Cost": 1000011276078.43, "Plan Rows": 49, "Plan Width": 21, "Inner Unique": true, "Plans": [{"Node Type": "Nested Loop", "Parent Relationship": "Outer", "Join Type": "Inner", "Startup Cost": 10000000005.13, "Total Cost": 1000011275868.7, "Plan Rows": 49, "Plan Width": 25, "Inner Unique": false, "Plans": [{"Node Type": "Nested Loop", "Parent Relationship": "Outer", "Join Type": "Inner", "Startup Cost": 10000000004.26, "Total Cost": 1000011275551.68, "Plan Rows": 64, "Plan Width": 29, "Inner Unique": true, "Plans": [{"Node Type": "Index Scan", "Parent Relationship": "Outer", "Scan Direction": "Forward", "Index Name": "company_type_id_movie_companies", "Relation Name": "movie_companies", "Alias": "mc", "Startup Cost": 10000000000.0, "Total Cost": 1000011275063.0, "Plan Rows": 59, "Plan Width": 8, "Filter": "(((note)::text ~~ '%(VHS)%'::text) AND ((note)::text ~~ '%(USA)%'::text) AND ((note)::text ~~ '%(1994)%'::text))"}, {"Node Type": "Bitmap Heap Scan", "Parent Relationship": "Inner", "Relation Name": "title", "Alias": "t", "Startup Cost": 4.26, "Total Cost": 8.27, "Plan Rows": 1, "Plan Width": 21, "Recheck Cond": "(id = mc.movie_id)", "Filter": "(production_year > 2010)", "Plans": [{"Node Type": "Bitmap Index Scan", "Parent Relationship": "Outer", "Index Name": "title_pkey", "Startup Cost": 0.0, "Total Cost": 4.26, "Plan Rows": 1, "Plan Width": 0, "Index Cond": "(id = mc.movie_id)"}]}]}, {"Node Type": "Bitmap Heap Scan", "Parent Relationship": "Inner", "Relation Name": "movie_info", "Alias": "mi", "Startup Cost": 0.87, "Total Cost": 4.94, "Plan Rows": 1, "Plan Width": 8, "Recheck Cond": "(movie_id = t.id)", "Filter": "((info)::text = ANY ('{USA,America}'::text[]))", "Plans": [{"Node Type": "Bitmap Index Scan", "Parent Relationship": "Outer", "Index Name": "movie_id_movie_info", "Startup Cost": 0.0, "Total Cost": 0.87, "Plan Rows": 5, "Plan Width": 0, "Index Cond": "(movie_id = t.id)"}]}]}, {"Node Type": "Bitmap Heap Scan", "Parent Relationship": "Inner", "Relation Name": "info_type", "Alias": "it", "Startup Cost": 0.26, "Total Cost": 4.27, "Plan Rows": 1, "Plan Width": 4, "Recheck Cond": "(id = mi.info_type_id)", "Plans": [{"Node Type": "Bitmap Index Scan", "Parent Relationship": "Outer", "Index Name": "info_type_pkey", "Startup Cost": 0.0, "Total Cost": 0.26, "Plan Rows": 1, "Plan Width": 0, "Index Cond": "(id = mi.info_type_id)"}]}]}, {"Node Type": "Bitmap Heap Scan", "Parent Relationship": "Inner", "Relation Name": "company_type", "Alias": "ct", "Startup Cost": 0.39, "Total Cost": 4.41, "Plan Rows": 1, "Plan Width": 4, "Recheck Cond": "(id = mc.company_type_id)", "Filter": "((kind)::text = 'production companies'::text)", "Plans": [{"Node Type": "Bitmap Index Scan", "Parent Relationship": "Outer", "Index Name": "company_type_pkey", "Startup Cost": 0.0, "Total Cost": 0.39, "Plan Rows": 1, "Plan Width": 0, "Index Cond": "(id = mc.company_type_id)"}]}]}]}, "Unique SQL Id": 328306525, "Planner Runtime": 3}, "explain_analyze_plan": {"Plan": {"Node Type": "Aggregate", "Strategy": "Plain", "Startup Cost": 1000011276294.99, "Total Cost": 1000011276295.0, "Plan Rows": 1, "Plan Width": 49, "Actual Startup Time": 1689.858, "Actual Total Time": 1689.858, "Actual Rows": 1, "Actual Loops": 1, "Plans": [{"Node Type": "Nested Loop", "Parent Relationship": "Outer", "Join Type": "Inner", "Startup Cost": 10000000005.78, "Total Cost": 1000011276294.93, "Plan Rows": 24, "Plan Width": 17, "Actual Startup Time": 1689.851, "Actual Total Time": 1689.851, "Actual Rows": 0, "Actual Loops": 1, "Inner Unique": true, "Plans": [{"Node Type": "Nested Loop", "Parent Relationship": "Outer", "Join Type": "Inner", "Startup Cost": 10000000005.38, "Total Cost": 1000011276078.43, "Plan Rows": 49, "Plan Width": 21, "Actual Startup Time": 1689.849, "Actual Total Time": 1689.849, "Actual Rows": 0, "Actual Loops": 1, "Inner Unique": true, "Plans": [{"Node Type": "Nested Loop", "Parent Relationship": "Outer", "Join Type": "Inner", "Startup Cost": 10000000005.13, "Total Cost": 1000011275868.7, "Plan Rows": 49, "Plan Width": 25, "Actual Startup Time": 1689.847, "Actual Total Time": 1689.847, "Actual Rows": 0, "Actual Loops": 1, "Inner Unique": false, "Plans": [{"Node Type": "Nested Loop", "Parent Relationship": "Outer", "Join Type": "Inner", "Startup Cost": 10000000004.26, "Total Cost": 1000011275551.68, "Plan Rows": 64, "Plan Width": 29, "Actual Startup Time": 1689.843, "Actual Total Time": 1689.843, "Actual Rows": 0, "Actual Loops": 1, "Inner Unique": true, "Plans": [{"Node Type": "Index Scan", "Parent Relationship": "Outer", "Scan Direction": "Forward", "Index Name": "company_type_id_movie_companies", "Relation Name": "movie_companies", "Alias": "mc", "Startup Cost": 10000000000.0, "Total Cost": 1000011275063.0, "Plan Rows": 59, "Plan Width": 8, "Actual Startup Time": 6.155, "Actual Total Time": 1673.67, "Actual Rows": 1418, "Actual Loops": 1, "Filter": "(((note)::text ~~ '%(VHS)%'::text) AND ((note)::text ~~ '%(USA)%'::text) AND ((note)::text ~~ '%(1994)%'::text))", "Rows Removed by Filter": 2607710}, {"Node Type": "Bitmap Heap Scan", "Parent Relationship": "Inner", "Relation Name": "title", "Alias": "t", "Startup Cost": 4.26, "Total Cost": 8.27, "Plan Rows": 1, "Plan Width": 21, "Actual Startup Time": 13.912, "Actual Total Time": 13.912, "Actual Rows": 0, "Actual Loops": 1418, "Recheck Cond": "(id = mc.movie_id)", "Rows Removed by Index Recheck": 0, "Filter": "(production_year > 2010)", "Rows Removed by Filter": 1418, "Exact Heap Blocks": 1418, "Lossy Heap Blocks": 1418, "Plans": [{"Node Type": "Bitmap Index Scan", "Parent Relationship": "Outer", "Index Name": "title_pkey", "Startup Cost": 0.0, "Total Cost": 4.26, "Plan Rows": 1, "Plan Width": 0, "Actual Startup Time": 7.738, "Actual Total Time": 7.738, "Actual Rows": 1418, "Actual Loops": 1418, "Index Cond": "(id = mc.movie_id)"}]}]}, {"Node Type": "Bitmap Heap Scan", "Parent Relationship": "Inner", "Relation Name": "movie_info", "Alias": "mi", "Startup Cost": 0.87, "Total Cost": 4.94, "Plan Rows": 1, "Plan Width": 8, "Actual Startup Time": 0.0, "Actual Total Time": 0.0, "Recheck Cond": "(movie_id = t.id)", "Rows Removed by Index Recheck": 0, "Filter": "((info)::text = ANY ('{USA,America}'::text[]))", "Rows Removed by Filter": 0, "Exact Heap Blocks": 0, "Lossy Heap Blocks": 0, "Plans": [{"Node Type": "Bitmap Index Scan", "Parent Relationship": "Outer", "Index Name": "movie_id_movie_info", "Startup Cost": 0.0, "Total Cost": 0.87, "Plan Rows": 5, "Plan Width": 0, "Actual Startup Time": 0.0, "Actual Total Time": 0.0, "Index Cond": "(movie_id = t.id)"}]}]}, {"Node Type": "Bitmap Heap Scan", "Parent Relationship": "Inner", "Relation Name": "info_type", "Alias": "it", "Startup Cost": 0.26, "Total Cost": 4.27, "Plan Rows": 1, "Plan Width": 4, "Actual Startup Time": 0.0, "Actual Total Time": 0.0, "Recheck Cond": "(id = mi.info_type_id)", "Rows Removed by Index Recheck": 0, "Exact Heap Blocks": 0, "Lossy Heap Blocks": 0, "Plans": [{"Node Type": "Bitmap Index Scan", "Parent Relationship": "Outer", "Index Name": "info_type_pkey", "Startup Cost": 0.0, "Total Cost": 0.26, "Plan Rows": 1, "Plan Width": 0, "Actual Startup Time": 0.0, "Actual Total Time": 0.0, "Index Cond": "(id = mi.info_type_id)"}]}]}, {"Node Type": "Bitmap Heap Scan", "Parent Relationship": "Inner", "Relation Name": "company_type", "Alias": "ct", "Startup Cost": 0.39, "Total Cost": 4.41, "Plan Rows": 1, "Plan Width": 4, "Actual Startup Time": 0.0, "Actual Total Time": 0.0, "Recheck Cond": "(id = mc.company_type_id)", "Rows Removed by Index Recheck": 0, "Filter": "((kind)::text = 'production companies'::text)", "Rows Removed by Filter": 0, "Exact Heap Blocks": 0, "Lossy Heap Blocks": 0, "Plans": [{"Node Type": "Bitmap Index Scan", "Parent Relationship": "Outer", "Index Name": "company_type_pkey", "Startup Cost": 0.0, "Total Cost": 0.39, "Plan Rows": 1, "Plan Width": 0, "Actual Startup Time": 0.0, "Actual Total Time": 0.0, "Index Cond": "(id = mc.company_type_id)"}]}]}]}, "Triggers": [], "Planner Runtime": 5.044, "Total Runtime": 1690.156, "Unique SQL Id": 328306525}}, "(1, '116')": {"explain_plan": {"Plan": {"Node Type": "Aggregate", "Strategy": "Plain", "Startup Cost": 61721.76, "Total Cost": 61721.77, "Plan Rows": 1, "Plan Width": 49, "Plans": [{"Node Type": "Nested Loop", "Parent Relationship": "Outer", "Join Type": "Inner", "Startup Cost": 0.0, "Total Cost": 61721.7, "Plan Rows": 24, "Plan Width": 17, "Inner Unique": true, "Plans": [{"Node Type": "Nested Loop", "Parent Relationship": "Outer", "Join Type": "Inner", "Startup Cost": 0.0, "Total Cost": 61714.98, "Plan Rows": 24, "Plan Width": 21, "Inner Unique": false, "Plans": [{"Node Type": "Nested Loop", "Parent Relationship": "Outer", "Join Type": "Inner", "Startup Cost": 0.0, "Total Cost": 61635.99, "Plan Rows": 32, "Plan Width": 25, "Inner Unique": true, "Plans": [{"Node Type": "Nested Loop", "Parent Relationship": "Outer", "Join Type": "Inner", "Startup Cost": 0.0, "Total Cost": 61387.52, "Plan Rows": 30, "Plan Width": 4, "Inner Unique": false, "Join Filter": "(ct.id = mc.company_type_id)", "Plans": [{"Node Type": "Seq Scan", "Parent Relationship": "Outer", "Relation Name": "company_type", "Alias": "ct", "Startup Cost": 0.0, "Total Cost": 1.04, "Plan Rows": 1, "Plan Width": 4, "Filter": "((kind)::text = 'production companies'::text)"}, {"Node Type": "Seq Scan", "Parent Relationship": "Inner", "Relation Name": "movie_companies", "Alias": "mc", "Startup Cost": 0.0, "Total Cost": 61385.74, "Plan Rows": 59, "Plan Width": 8, "Filter": "(((note)::text ~~ '%(VHS)%'::text) AND ((note)::text ~~ '%(USA)%'::text) AND ((note)::text ~~ '%(1994)%'::text))"}]}, {"Node Type": "Index Scan", "Parent Relationship": "Inner", "Scan Direction": "Forward", "Index Name": "title_pkey", "Relation Name": "title", "Alias": "t", "Startup Cost": 0.0, "Total Cost": 8.27, "Plan Rows": 1, "Plan Width": 21, "Index Cond": "(id = mc.movie_id)", "Filter": "(production_year > 2010)"}]}, {"Node Type": "Index Scan", "Parent Relationship": "Inner", "Scan Direction": "Forward", "Index Name": "movie_id_movie_info", "Relation Name": "movie_info", "Alias": "mi", "Startup Cost": 0.0, "Total Cost": 2.46, "Plan Rows": 1, "Plan Width": 8, "Index Cond": "(movie_id = t.id)", "Filter": "((info)::text = ANY ('{USA,America}'::text[]))"}]}, {"Node Type": "Index Scan", "Parent Relationship": "Inner", "Scan Direction": "Forward", "Index Name": "info_type_pkey", "Relation Name": "info_type", "Alias": "it", "Startup Cost": 0.0, "Total Cost": 0.27, "Plan Rows": 1, "Plan Width": 4, "Index Cond": "(id = mi.info_type_id)"}]}]}, "Unique SQL Id": 328306525, "Planner Runtime": 3}, "explain_analyze_plan": {"Plan": {"Node Type": "Aggregate", "Strategy": "Plain", "Startup Cost": 61721.76, "Total Cost": 61721.77, "Plan Rows": 1, "Plan Width": 49, "Actual Startup Time": 987.079, "Actual Total Time": 987.08, "Actual Rows": 1, "Actual Loops": 1, "Plans": [{"Node Type": "Nested Loop", "Parent Relationship": "Outer", "Join Type": "Inner", "Startup Cost": 0.0, "Total Cost": 61721.7, "Plan Rows": 24, "Plan Width": 17, "Actual Startup Time": 987.072, "Actual Total Time": 987.072, "Actual Rows": 0, "Actual Loops": 1, "Inner Unique": true, "Plans": [{"Node Type": "Nested Loop", "Parent Relationship": "Outer", "Join Type": "Inner", "Startup Cost": 0.0, "Total Cost": 61714.98, "Plan Rows": 24, "Plan Width": 21, "Actual Startup Time": 987.071, "Actual Total Time": 987.071, "Actual Rows": 0, "Actual Loops": 1, "Inner Unique": false, "Plans": [{"Node Type": "Nested Loop", "Parent Relationship": "Outer", "Join Type": "Inner", "Startup Cost": 0.0, "Total Cost": 61635.99, "Plan Rows": 32, "Plan Width": 25, "Actual Startup Time": 987.07, "Actual Total Time": 987.07, "Actual Rows": 0, "Actual Loops": 1, "Inner Unique": true, "Plans": [{"Node Type": "Nested Loop", "Parent Relationship": "Outer", "Join Type": "Inner", "Startup Cost": 0.0, "Total Cost": 61387.52, "Plan Rows": 30, "Plan Width": 4, "Actual Startup Time": 987.068, "Actual Total Time": 987.068, "Actual Rows": 0, "Actual Loops": 1, "Inner Unique": false, "Join Filter": "(ct.id = mc.company_type_id)", "Rows Removed by Join Filter": 1418, "Plans": [{"Node Type": "Seq Scan", "Parent Relationship": "Outer", "Relation Name": "company_type", "Alias": "ct", "Startup Cost": 0.0, "Total Cost": 1.04, "Plan Rows": 1, "Plan Width": 4, "Actual Startup Time": 0.014, "Actual Total Time": 0.02, "Actual Rows": 1, "Actual Loops": 1, "Filter": "((kind)::text = 'production companies'::text)", "Rows Removed by Filter": 2}, {"Node Type": "Seq Scan", "Parent Relationship": "Inner", "Relation Name": "movie_companies", "Alias": "mc", "Startup Cost": 0.0, "Total Cost": 61385.74, "Plan Rows": 59, "Plan Width": 8, "Actual Startup Time": 4.166, "Actual Total Time": 986.623, "Actual Rows": 1418, "Actual Loops": 1, "Filter": "(((note)::text ~~ '%(VHS)%'::text) AND ((note)::text ~~ '%(USA)%'::text) AND ((note)::text ~~ '%(1994)%'::text))", "Rows Removed by Filter": 2607710}]}, {"Node Type": "Index Scan", "Parent Relationship": "Inner", "Scan Direction": "Forward", "Index Name": "title_pkey", "Relation Name": "title", "Alias": "t", "Startup Cost": 0.0, "Total Cost": 8.27, "Plan Rows": 1, "Plan Width": 21, "Actual Startup Time": 0.0, "Actual Total Time": 0.0, "Index Cond": "(id = mc.movie_id)", "Rows Removed by Index Recheck": 0, "Filter": "(production_year > 2010)", "Rows Removed by Filter": 0}]}, {"Node Type": "Index Scan", "Parent Relationship": "Inner", "Scan Direction": "Forward", "Index Name": "movie_id_movie_info", "Relation Name": "movie_info", "Alias": "mi", "Startup Cost": 0.0, "Total Cost": 2.46, "Plan Rows": 1, "Plan Width": 8, "Actual Startup Time": 0.0, "Actual Total Time": 0.0, "Index Cond": "(movie_id = t.id)", "Rows Removed by Index Recheck": 0, "Filter": "((info)::text = ANY ('{USA,America}'::text[]))", "Rows Removed by Filter": 0}]}, {"Node Type": "Index Scan", "Parent Relationship": "Inner", "Scan Direction": "Forward", "Index Name": "info_type_pkey", "Relation Name": "info_type", "Alias": "it", "Startup Cost": 0.0, "Total Cost": 0.27, "Plan Rows": 1, "Plan Width": 4, "Actual Startup Time": 0.0, "Actual Total Time": 0.0, "Index Cond": "(id = mi.info_type_id)", "Rows Removed by Index Recheck": 0}]}]}, "Triggers": [], "Planner Runtime": 7.432, "Total Runtime": 987.358, "Unique SQL Id": 328306525}}, "(1, '117')": {"explain_plan": {"Plan": {"Node Type": "Aggregate", "Strategy": "Plain", "Startup Cost": 63248.6, "Total Cost": 63248.61, "Plan Rows": 1, "Plan Width": 49, "Plans": [{"Node Type": "Nested Loop", "Parent Relationship": "Outer", "Join Type": "Inner", "Startup Cost": 0.0, "Total Cost": 63248.54, "Plan Rows": 24, "Plan Width": 17, "Inner Unique": true, "Plans": [{"Node Type": "Nested Loop", "Parent Relationship": "Outer", "Join Type": "Inner", "Startup Cost": 0.0, "Total Cost": 63241.82, "Plan Rows": 24, "Plan Width": 21, "Inner Unique": false, "Plans": [{"Node Type": "Nested Loop", "Parent Relationship": "Outer", "Join Type": "Inner", "Startup Cost": 0.0, "Total Cost": 63162.83, "Plan Rows": 32, "Plan Width": 25, "Inner Unique": true, "Plans": [{"Node Type": "Nested Loop", "Parent Relationship": "Outer", "Join Type": "Inner", "Startup Cost": 0.0, "Total Cost": 62914.35, "Plan Rows": 30, "Plan Width": 4, "Inner Unique": false, "Plans": [{"Node Type": "Index Scan", "Parent Relationship": "Outer", "Scan Direction": "Forward", "Index Name": "company_type_pkey", "Relation Name": "company_type", "Alias": "ct", "Startup Cost": 0.0, "Total Cost": 12.3, "Plan Rows": 1, "Plan Width": 4, "Filter": "((kind)::text = 'production companies'::text)"}, {"Node Type": "Index Scan", "Parent Relationship": "Inner", "Scan Direction": "Forward", "Index Name": "company_type_id_movie_companies", "Relation Name": "movie_companies", "Alias": "mc", "Startup Cost": 0.0, "Total Cost": 62901.76, "Plan Rows": 29, "Plan Width": 8, "Index Cond": "(company_type_id = ct.id)", "Filter": "(((note)::text ~~ '%(VHS)%'::text) AND ((note)::text ~~ '%(USA)%'::text) AND ((note)::text ~~ '%(1994)%'::text))"}]}, {"Node Type": "Index Scan", "Parent Relationship": "Inner", "Scan Direction": "Forward", "Index Name": "title_pkey", "Relation Name": "title", "Alias": "t", "Startup Cost": 0.0, "Total Cost": 8.27, "Plan Rows": 1, "Plan Width": 21, "Index Cond": "(id = mc.movie_id)", "Filter": "(production_year > 2010)"}]}, {"Node Type": "Index Scan", "Parent Relationship": "Inner", "Scan Direction": "Forward", "Index Name": "movie_id_movie_info", "Relation Name": "movie_info", "Alias": "mi", "Startup Cost": 0.0, "Total Cost": 2.46, "Plan Rows": 1, "Plan Width": 8, "Index Cond": "(movie_id = t.id)", "Filter": "((info)::text = ANY ('{USA,America}'::text[]))"}]}, {"Node Type": "Index Scan", "Parent Relationship": "Inner", "Scan Direction": "Forward", "Index Name": "info_type_pkey", "Relation Name": "info_type", "Alias": "it", "Startup Cost": 0.0, "Total Cost": 0.27, "Plan Rows": 1, "Plan Width": 4, "Index Cond": "(id = mi.info_type_id)"}]}]}, "Unique SQL Id": 328306525, "Planner Runtime": 3}, "explain_analyze_plan": {"Plan": {"Node Type": "Aggregate", "Strategy": "Plain", "Startup Cost": 63248.6, "Total Cost": 63248.61, "Plan Rows": 1, "Plan Width": 49, "Actual Startup Time": 742.385, "Actual Total Time": 742.386, "Actual Rows": 1, "Actual Loops": 1, "Plans": [{"Node Type": "Nested Loop", "Parent Relationship": "Outer", "Join Type": "Inner", "Startup Cost": 0.0, "Total Cost": 63248.54, "Plan Rows": 24, "Plan Width": 17, "Actual Startup Time": 742.379, "Actual Total Time": 742.379, "Actual Rows": 0, "Actual Loops": 1, "Inner Unique": true, "Plans": [{"Node Type": "Nested Loop", "Parent Relationship": "Outer", "Join Type": "Inner", "Startup Cost": 0.0, "Total Cost": 63241.82, "Plan Rows": 24, "Plan Width": 21, "Actual Startup Time": 742.378, "Actual Total Time": 742.378, "Actual Rows": 0, "Actual Loops": 1, "Inner Unique": false, "Plans": [{"Node Type": "Nested Loop", "Parent Relationship": "Outer", "Join Type": "Inner", "Startup Cost": 0.0, "Total Cost": 63162.83, "Plan Rows": 32, "Plan Width": 25, "Actual Startup Time": 742.377, "Actual Total Time": 742.377, "Actual Rows": 0, "Actual Loops": 1, "Inner Unique": true, "Plans": [{"Node Type": "Nested Loop", "Parent Relationship": "Outer", "Join Type": "Inner", "Startup Cost": 0.0, "Total Cost": 62914.35, "Plan Rows": 30, "Plan Width": 4, "Actual Startup Time": 742.375, "Actual Total Time": 742.375, "Actual Rows": 0, "Actual Loops": 1, "Inner Unique": false, "Plans": [{"Node Type": "Index Scan", "Parent Relationship": "Outer", "Scan Direction": "Forward", "Index Name": "company_type_pkey", "Relation Name": "company_type", "Alias": "ct", "Startup Cost": 0.0, "Total Cost": 12.3, "Plan Rows": 1, "Plan Width": 4, "Actual Startup Time": 0.013, "Actual Total Time": 0.023, "Actual Rows": 1, "Actual Loops": 1, "Filter": "((kind)::text = 'production companies'::text)", "Rows Removed by Filter": 2}, {"Node Type": "Index Scan", "Parent Relationship": "Inner", "Scan Direction": "Forward", "Index Name": "company_type_id_movie_companies", "Relation Name": "movie_companies", "Alias": "mc", "Startup Cost": 0.0, "Total Cost": 62901.76, "Plan Rows": 29, "Plan Width": 8, "Actual Startup Time": 742.345, "Actual Total Time": 742.345, "Actual Rows": 0, "Actual Loops": 1, "Index Cond": "(company_type_id = ct.id)", "Rows Removed by Index Recheck": 0, "Filter": "(((note)::text ~~ '%(VHS)%'::text) AND ((note)::text ~~ '%(USA)%'::text) AND ((note)::text ~~ '%(1994)%'::text))", "Rows Removed by Filter": 1334883}]}, {"Node Type": "Index Scan", "Parent Relationship": "Inner", "Scan Direction": "Forward", "Index Name": "title_pkey", "Relation Name": "title", "Alias": "t", "Startup Cost": 0.0, "Total Cost": 8.27, "Plan Rows": 1, "Plan Width": 21, "Actual Startup Time": 0.0, "Actual Total Time": 0.0, "Index Cond": "(id = mc.movie_id)", "Rows Removed by Index Recheck": 0, "Filter": "(production_year > 2010)", "Rows Removed by Filter": 0}]}, {"Node Type": "Index Scan", "Parent Relationship": "Inner", "Scan Direction": "Forward", "Index Name": "movie_id_movie_info", "Relation Name": "movie_info", "Alias": "mi", "Startup Cost": 0.0, "Total Cost": 2.46, "Plan Rows": 1, "Plan Width": 8, "Actual Startup Time": 0.0, "Actual Total Time": 0.0, "Index Cond": "(movie_id = t.id)", "Rows Removed by Index Recheck": 0, "Filter": "((info)::text = ANY ('{USA,America}'::text[]))", "Rows Removed by Filter": 0}]}, {"Node Type": "Index Scan", "Parent Relationship": "Inner", "Scan Direction": "Forward", "Index Name": "info_type_pkey", "Relation Name": "info_type", "Alias": "it", "Startup Cost": 0.0, "Total Cost": 0.27, "Plan Rows": 1, "Plan Width": 4, "Actual Startup Time": 0.0, "Actual Total Time": 0.0, "Index Cond": "(id = mi.info_type_id)", "Rows Removed by Index Recheck": 0}]}]}, "Triggers": [], "Planner Runtime": 7.216, "Total Runtime": 742.642, "Unique SQL Id": 328306525}}, "(1, '118')": {"explain_plan": {"Plan": {"Node Type": "Aggregate", "Strategy": "Plain", "Startup Cost": 62302.06, "Total Cost": 62302.07, "Plan Rows": 1, "Plan Width": 49, "Plans": [{"Node Type": "Nested Loop", "Parent Relationship": "Outer", "Join Type": "Inner", "Startup Cost": 4.61, "Total Cost": 62302.0, "Plan Rows": 24, "Plan Width": 17, "Inner Unique": false, "Join Filter": "(mi.info_type_id = it.id)", "Plans": [{"Node Type": "Seq Scan", "Parent Relationship": "Outer", "Relation Name": "info_type", "Alias": "it", "Startup Cost": 0.0, "Total Cost": 2.12, "Plan Rows": 112, "Plan Width": 4}, {"Node Type": "Materialize", "Parent Relationship": "Inner", "Startup Cost": 4.61, "Total Cost": 62259.62, "Plan Rows": 24, "Plan Width": 21, "Plans": [{"Node Type": "Nested Loop", "Parent Relationship": "Outer", "Join Type": "Inner", "Startup Cost": 4.61, "Total Cost": 62259.5, "Plan Rows": 24, "Plan Width": 21, "Inner Unique": true, "Plans": [{"Node Type": "Nested Loop", "Parent Relationship": "Outer", "Join Type": "Inner", "Startup Cost": 4.29, "Total Cost": 62116.08, "Plan Rows": 33, "Plan Width": 12, "Inner Unique": false, "Plans": [{"Node Type": "Nested Loop", "Parent Relationship": "Outer", "Join Type": "Inner", "Startup Cost": 0.0, "Total Cost": 61387.52, "Plan Rows": 30, "Plan Width": 4, "Inner Unique": false, "Join Filter": "(ct.id = mc.company_type_id)", "Plans": [{"Node Type": "Seq Scan", "Parent Relationship": "Outer", "Relation Name": "company_type", "Alias": "ct", "Startup Cost": 0.0, "Total Cost": 1.04, "Plan Rows": 1, "Plan Width": 4, "Filter": "((kind)::text = 'production companies'::text)"}, {"Node Type": "Seq Scan", "Parent Relationship": "Inner", "Relation Name": "movie_companies", "Alias": "mc", "Startup Cost": 0.0, "Total Cost": 61385.74, "Plan Rows": 59, "Plan Width": 8, "Filter": "(((note)::text ~~ '%(VHS)%'::text) AND ((note)::text ~~ '%(USA)%'::text) AND ((note)::text ~~ '%(1994)%'::text))"}]}, {"Node Type": "Bitmap Heap Scan", "Parent Relationship": "Inner", "Relation Name": "movie_info", "Alias": "mi", "Startup Cost": 4.29, "Total Cost": 24.28, "Plan Rows": 1, "Plan Width": 8, "Recheck Cond": "(movie_id = mc.movie_id)", "Filter": "((info)::text = ANY ('{USA,America}'::text[]))", "Plans": [{"Node Type": "Bitmap Index Scan", "Parent Relationship": "Outer", "Index Name": "movie_id_movie_info", "Startup Cost": 0.0, "Total Cost": 4.29, "Plan Rows": 5, "Plan Width": 0, "Index Cond": "(movie_id = mc.movie_id)"}]}]}, {"Node Type": "Bitmap Heap Scan", "Parent Relationship": "Inner", "Relation Name": "title", "Alias": "t", "Startup Cost": 0.32, "Total Cost": 4.34, "Plan Rows": 1, "Plan Width": 21, "Recheck Cond": "(id = mi.movie_id)", "Filter": "(production_year > 2010)", "Plans": [{"Node Type": "Bitmap Index Scan", "Parent Relationship": "Outer", "Index Name": "title_pkey", "Startup Cost": 0.0, "Total Cost": 0.32, "Plan Rows": 1, "Plan Width": 0, "Index Cond": "(id = mi.movie_id)"}]}]}]}]}]}, "Unique SQL Id": 328306525, "Planner Runtime": 3}, "explain_analyze_plan": {"Plan": {"Node Type": "Aggregate", "Strategy": "Plain", "Startup Cost": 62302.06, "Total Cost": 62302.07, "Plan Rows": 1, "Plan Width": 49, "Actual Startup Time": 957.016, "Actual Total Time": 957.016, "Actual Rows": 1, "Actual Loops": 1, "Plans": [{"Node Type": "Nested Loop", "Parent Relationship": "Outer", "Join Type": "Inner", "Startup Cost": 4.61, "Total Cost": 62302.0, "Plan Rows": 24, "Plan Width": 17, "Actual Startup Time": 957.009, "Actual Total Time": 957.009, "Actual Rows": 0, "Actual Loops": 1, "Inner Unique": false, "Join Filter": "(mi.info_type_id = it.id)", "Rows Removed by Join Filter": 0, "Plans": [{"Node Type": "Seq Scan", "Parent Relationship": "Outer", "Relation Name": "info_type", "Alias": "it", "Startup Cost": 0.0, "Total Cost": 2.12, "Plan Rows": 112, "Plan Width": 4, "Actual Startup Time": 0.031, "Actual Total Time": 0.048, "Actual Rows": 112, "Actual Loops": 1}, {"Node Type": "Materialize", "Parent Relationship": "Inner", "Startup Cost": 4.61, "Total Cost": 62259.62, "Plan Rows": 24, "Plan Width": 21, "Actual Startup Time": 956.933, "Actual Total Time": 956.933, "Actual Rows": 0, "Actual Loops": 112, "Plans": [{"Node Type": "Nested Loop", "Parent Relationship": "Outer", "Join Type": "Inner", "Startup Cost": 4.61, "Total Cost": 62259.5, "Plan Rows": 24, "Plan Width": 21, "Actual Startup Time": 956.916, "Actual Total Time": 956.916, "Actual Rows": 0, "Actual Loops": 1, "Inner Unique": true, "Plans": [{"Node Type": "Nested Loop", "Parent Relationship": "Outer", "Join Type": "Inner", "Startup Cost": 4.29, "Total Cost": 62116.08, "Plan Rows": 33, "Plan Width": 12, "Actual Startup Time": 956.914, "Actual Total Time": 956.914, "Actual Rows": 0, "Actual Loops": 1, "Inner Unique": false, "Plans": [{"Node Type": "Nested Loop", "Parent Relationship": "Outer", "Join Type": "Inner", "Startup Cost": 0.0, "Total Cost": 61387.52, "Plan Rows": 30, "Plan Width": 4, "Actual Startup Time": 956.912, "Actual Total Time": 956.912, "Actual Rows": 0, "Actual Loops": 1, "Inner Unique": false, "Join Filter": "(ct.id = mc.company_type_id)", "Rows Removed by Join Filter": 1418, "Plans": [{"Node Type": "Seq Scan", "Parent Relationship": "Outer", "Relation Name": "company_type", "Alias": "ct", "Startup Cost": 0.0, "Total Cost": 1.04, "Plan Rows": 1, "Plan Width": 4, "Actual Startup Time": 0.013, "Actual Total Time": 0.019, "Actual Rows": 1, "Actual Loops": 1, "Filter": "((kind)::text = 'production companies'::text)", "Rows Removed by Filter": 2}, {"Node Type": "Seq Scan", "Parent Relationship": "Inner", "Relation Name": "movie_companies", "Alias": "mc", "Startup Cost": 0.0, "Total Cost": 61385.74, "Plan Rows": 59, "Plan Width": 8, "Actual Startup Time": 3.894, "Actual Total Time": 956.458, "Actual Rows": 1418, "Actual Loops": 1, "Filter": "(((note)::text ~~ '%(VHS)%'::text) AND ((note)::text ~~ '%(USA)%'::text) AND ((note)::text ~~ '%(1994)%'::text))", "Rows Removed by Filter": 2607710}]}, {"Node Type": "Bitmap Heap Scan", "Parent Relationship": "Inner", "Relation Name": "movie_info", "Alias": "mi", "Startup Cost": 4.29, "Total Cost": 24.28, "Plan Rows": 1, "Plan Width": 8, "Actual Startup Time": 0.0, "Actual Total Time": 0.0, "Recheck Cond": "(movie_id = mc.movie_id)", "Rows Removed by Index Recheck": 0, "Filter": "((info)::text = ANY ('{USA,America}'::text[]))", "Rows Removed by Filter": 0, "Exact Heap Blocks": 0, "Lossy Heap Blocks": 0, "Plans": [{"Node Type": "Bitmap Index Scan", "Parent Relationship": "Outer", "Index Name": "movie_id_movie_info", "Startup Cost": 0.0, "Total Cost": 4.29, "Plan Rows": 5, "Plan Width": 0, "Actual Startup Time": 0.0, "Actual Total Time": 0.0, "Index Cond": "(movie_id = mc.movie_id)"}]}]}, {"Node Type": "Bitmap Heap Scan", "Parent Relationship": "Inner", "Relation Name": "title", "Alias": "t", "Startup Cost": 0.32, "Total Cost": 4.34, "Plan Rows": 1, "Plan Width": 21, "Actual Startup Time": 0.0, "Actual Total Time": 0.0, "Recheck Cond": "(id = mi.movie_id)", "Rows Removed by Index Recheck": 0, "Filter": "(production_year > 2010)", "Rows Removed by Filter": 0, "Exact Heap Blocks": 0, "Lossy Heap Blocks": 0, "Plans": [{"Node Type": "Bitmap Index Scan", "Parent Relationship": "Outer", "Index Name": "title_pkey", "Startup Cost": 0.0, "Total Cost": 0.32, "Plan Rows": 1, "Plan Width": 0, "Actual Startup Time": 0.0, "Actual Total Time": 0.0, "Index Cond": "(id = mi.movie_id)"}]}]}]}]}]}, "Triggers": [], "Planner Runtime": 6.588, "Total Runtime": 957.251, "Unique SQL Id": 328306525}}, "(1, '119')": {"explain_plan": {"Plan": {"Node Type": "Aggregate", "Strategy": "Plain", "Startup Cost": 1000011276294.99, "Total Cost": 1000011276295.0, "Plan Rows": 1, "Plan Width": 49, "Plans": [{"Node Type": "Nested Loop", "Parent Relationship": "Outer", "Join Type": "Inner", "Startup Cost": 10000000005.78, "Total Cost": 1000011276294.93, "Plan Rows": 24, "Plan Width": 17, "Inner Unique": true, "Plans": [{"Node Type": "Nested Loop", "Parent Relationship": "Outer", "Join Type": "Inner", "Startup Cost": 10000000005.38, "Total Cost": 1000011276078.43, "Plan Rows": 49, "Plan Width": 21, "Inner Unique": true, "Plans": [{"Node Type": "Nested Loop", "Parent Relationship": "Outer", "Join Type": "Inner", "Startup Cost": 10000000005.13, "Total Cost": 1000011275868.7, "Plan Rows": 49, "Plan Width": 25, "Inner Unique": false, "Plans": [{"Node Type": "Nested Loop", "Parent Relationship": "Outer", "Join Type": "Inner", "Startup Cost": 10000000004.26, "Total Cost": 1000011275551.68, "Plan Rows": 64, "Plan Width": 29, "Inner Unique": true, "Plans": [{"Node Type": "Index Scan", "Parent Relationship": "Outer", "Scan Direction": "Forward", "Index Name": "company_type_id_movie_companies", "Relation Name": "movie_companies", "Alias": "mc", "Startup Cost": 10000000000.0, "Total Cost": 1000011275063.0, "Plan Rows": 59, "Plan Width": 8, "Filter": "(((note)::text ~~ '%(VHS)%'::text) AND ((note)::text ~~ '%(USA)%'::text) AND ((note)::text ~~ '%(1994)%'::text))"}, {"Node Type": "Bitmap Heap Scan", "Parent Relationship": "Inner", "Relation Name": "title", "Alias": "t", "Startup Cost": 4.26, "Total Cost": 8.27, "Plan Rows": 1, "Plan Width": 21, "Recheck Cond": "(id = mc.movie_id)", "Filter": "(production_year > 2010)", "Plans": [{"Node Type": "Bitmap Index Scan", "Parent Relationship": "Outer", "Index Name": "title_pkey", "Startup Cost": 0.0, "Total Cost": 4.26, "Plan Rows": 1, "Plan Width": 0, "Index Cond": "(id = mc.movie_id)"}]}]}, {"Node Type": "Bitmap Heap Scan", "Parent Relationship": "Inner", "Relation Name": "movie_info", "Alias": "mi", "Startup Cost": 0.87, "Total Cost": 4.94, "Plan Rows": 1, "Plan Width": 8, "Recheck Cond": "(movie_id = t.id)", "Filter": "((info)::text = ANY ('{USA,America}'::text[]))", "Plans": [{"Node Type": "Bitmap Index Scan", "Parent Relationship": "Outer", "Index Name": "movie_id_movie_info", "Startup Cost": 0.0, "Total Cost": 0.87, "Plan Rows": 5, "Plan Width": 0, "Index Cond": "(movie_id = t.id)"}]}]}, {"Node Type": "Bitmap Heap Scan", "Parent Relationship": "Inner", "Relation Name": "info_type", "Alias": "it", "Startup Cost": 0.26, "Total Cost": 4.27, "Plan Rows": 1, "Plan Width": 4, "Recheck Cond": "(id = mi.info_type_id)", "Plans": [{"Node Type": "Bitmap Index Scan", "Parent Relationship": "Outer", "Index Name": "info_type_pkey", "Startup Cost": 0.0, "Total Cost": 0.26, "Plan Rows": 1, "Plan Width": 0, "Index Cond": "(id = mi.info_type_id)"}]}]}, {"Node Type": "Bitmap Heap Scan", "Parent Relationship": "Inner", "Relation Name": "company_type", "Alias": "ct", "Startup Cost": 0.39, "Total Cost": 4.41, "Plan Rows": 1, "Plan Width": 4, "Recheck Cond": "(id = mc.company_type_id)", "Filter": "((kind)::text = 'production companies'::text)", "Plans": [{"Node Type": "Bitmap Index Scan", "Parent Relationship": "Outer", "Index Name": "company_type_pkey", "Startup Cost": 0.0, "Total Cost": 0.39, "Plan Rows": 1, "Plan Width": 0, "Index Cond": "(id = mc.company_type_id)"}]}]}]}, "Unique SQL Id": 328306525, "Planner Runtime": 3}, "explain_analyze_plan": {"Plan": {"Node Type": "Aggregate", "Strategy": "Plain", "Startup Cost": 1000011276294.99, "Total Cost": 1000011276295.0, "Plan Rows": 1, "Plan Width": 49, "Actual Startup Time": 1689.858, "Actual Total Time": 1689.858, "Actual Rows": 1, "Actual Loops": 1, "Plans": [{"Node Type": "Nested Loop", "Parent Relationship": "Outer", "Join Type": "Inner", "Startup Cost": 10000000005.78, "Total Cost": 1000011276294.93, "Plan Rows": 24, "Plan Width": 17, "Actual Startup Time": 1689.851, "Actual Total Time": 1689.851, "Actual Rows": 0, "Actual Loops": 1, "Inner Unique": true, "Plans": [{"Node Type": "Nested Loop", "Parent Relationship": "Outer", "Join Type": "Inner", "Startup Cost": 10000000005.38, "Total Cost": 1000011276078.43, "Plan Rows": 49, "Plan Width": 21, "Actual Startup Time": 1689.849, "Actual Total Time": 1689.849, "Actual Rows": 0, "Actual Loops": 1, "Inner Unique": true, "Plans": [{"Node Type": "Nested Loop", "Parent Relationship": "Outer", "Join Type": "Inner", "Startup Cost": 10000000005.13, "Total Cost": 1000011275868.7, "Plan Rows": 49, "Plan Width": 25, "Actual Startup Time": 1689.847, "Actual Total Time": 1689.847, "Actual Rows": 0, "Actual Loops": 1, "Inner Unique": false, "Plans": [{"Node Type": "Nested Loop", "Parent Relationship": "Outer", "Join Type": "Inner", "Startup Cost": 10000000004.26, "Total Cost": 1000011275551.68, "Plan Rows": 64, "Plan Width": 29, "Actual Startup Time": 1689.843, "Actual Total Time": 1689.843, "Actual Rows": 0, "Actual Loops": 1, "Inner Unique": true, "Plans": [{"Node Type": "Index Scan", "Parent Relationship": "Outer", "Scan Direction": "Forward", "Index Name": "company_type_id_movie_companies", "Relation Name": "movie_companies", "Alias": "mc", "Startup Cost": 10000000000.0, "Total Cost": 1000011275063.0, "Plan Rows": 59, "Plan Width": 8, "Actual Startup Time": 6.155, "Actual Total Time": 1673.67, "Actual Rows": 1418, "Actual Loops": 1, "Filter": "(((note)::text ~~ '%(VHS)%'::text) AND ((note)::text ~~ '%(USA)%'::text) AND ((note)::text ~~ '%(1994)%'::text))", "Rows Removed by Filter": 2607710}, {"Node Type": "Bitmap Heap Scan", "Parent Relationship": "Inner", "Relation Name": "title", "Alias": "t", "Startup Cost": 4.26, "Total Cost": 8.27, "Plan Rows": 1, "Plan Width": 21, "Actual Startup Time": 13.912, "Actual Total Time": 13.912, "Actual Rows": 0, "Actual Loops": 1418, "Recheck Cond": "(id = mc.movie_id)", "Rows Removed by Index Recheck": 0, "Filter": "(production_year > 2010)", "Rows Removed by Filter": 1418, "Exact Heap Blocks": 1418, "Lossy Heap Blocks": 1418, "Plans": [{"Node Type": "Bitmap Index Scan", "Parent Relationship": "Outer", "Index Name": "title_pkey", "Startup Cost": 0.0, "Total Cost": 4.26, "Plan Rows": 1, "Plan Width": 0, "Actual Startup Time": 7.738, "Actual Total Time": 7.738, "Actual Rows": 1418, "Actual Loops": 1418, "Index Cond": "(id = mc.movie_id)"}]}]}, {"Node Type": "Bitmap Heap Scan", "Parent Relationship": "Inner", "Relation Name": "movie_info", "Alias": "mi", "Startup Cost": 0.87, "Total Cost": 4.94, "Plan Rows": 1, "Plan Width": 8, "Actual Startup Time": 0.0, "Actual Total Time": 0.0, "Recheck Cond": "(movie_id = t.id)", "Rows Removed by Index Recheck": 0, "Filter": "((info)::text = ANY ('{USA,America}'::text[]))", "Rows Removed by Filter": 0, "Exact Heap Blocks": 0, "Lossy Heap Blocks": 0, "Plans": [{"Node Type": "Bitmap Index Scan", "Parent Relationship": "Outer", "Index Name": "movie_id_movie_info", "Startup Cost": 0.0, "Total Cost": 0.87, "Plan Rows": 5, "Plan Width": 0, "Actual Startup Time": 0.0, "Actual Total Time": 0.0, "Index Cond": "(movie_id = t.id)"}]}]}, {"Node Type": "Bitmap Heap Scan", "Parent Relationship": "Inner", "Relation Name": "info_type", "Alias": "it", "Startup Cost": 0.26, "Total Cost": 4.27, "Plan Rows": 1, "Plan Width": 4, "Actual Startup Time": 0.0, "Actual Total Time": 0.0, "Recheck Cond": "(id = mi.info_type_id)", "Rows Removed by Index Recheck": 0, "Exact Heap Blocks": 0, "Lossy Heap Blocks": 0, "Plans": [{"Node Type": "Bitmap Index Scan", "Parent Relationship": "Outer", "Index Name": "info_type_pkey", "Startup Cost": 0.0, "Total Cost": 0.26, "Plan Rows": 1, "Plan Width": 0, "Actual Startup Time": 0.0, "Actual Total Time": 0.0, "Index Cond": "(id = mi.info_type_id)"}]}]}, {"Node Type": "Bitmap Heap Scan", "Parent Relationship": "Inner", "Relation Name": "company_type", "Alias": "ct", "Startup Cost": 0.39, "Total Cost": 4.41, "Plan Rows": 1, "Plan Width": 4, "Actual Startup Time": 0.0, "Actual Total Time": 0.0, "Recheck Cond": "(id = mc.company_type_id)", "Rows Removed by Index Recheck": 0, "Filter": "((kind)::text = 'production companies'::text)", "Rows Removed by Filter": 0, "Exact Heap Blocks": 0, "Lossy Heap Blocks": 0, "Plans": [{"Node Type": "Bitmap Index Scan", "Parent Relationship": "Outer", "Index Name": "company_type_pkey", "Startup Cost": 0.0, "Total Cost": 0.39, "Plan Rows": 1, "Plan Width": 0, "Actual Startup Time": 0.0, "Actual Total Time": 0.0, "Index Cond": "(id = mc.company_type_id)"}]}]}]}, "Triggers": [], "Planner Runtime": 5.044, "Total Runtime": 1690.156, "Unique SQL Id": 328306525}}, "(1, '120')": {"explain_plan": {"Plan": {"Node Type": "Aggregate", "Strategy": "Plain", "Startup Cost": 61721.76, "Total Cost": 61721.77, "Plan Rows": 1, "Plan Width": 49, "Plans": [{"Node Type": "Nested Loop", "Parent Relationship": "Outer", "Join Type": "Inner", "Startup Cost": 0.0, "Total Cost": 61721.7, "Plan Rows": 24, "Plan Width": 17, "Inner Unique": true, "Plans": [{"Node Type": "Nested Loop", "Parent Relationship": "Outer", "Join Type": "Inner", "Startup Cost": 0.0, "Total Cost": 61714.98, "Plan Rows": 24, "Plan Width": 21, "Inner Unique": false, "Plans": [{"Node Type": "Nested Loop", "Parent Relationship": "Outer", "Join Type": "Inner", "Startup Cost": 0.0, "Total Cost": 61635.99, "Plan Rows": 32, "Plan Width": 25, "Inner Unique": true, "Plans": [{"Node Type": "Nested Loop", "Parent Relationship": "Outer", "Join Type": "Inner", "Startup Cost": 0.0, "Total Cost": 61387.52, "Plan Rows": 30, "Plan Width": 4, "Inner Unique": false, "Join Filter": "(ct.id = mc.company_type_id)", "Plans": [{"Node Type": "Seq Scan", "Parent Relationship": "Outer", "Relation Name": "company_type", "Alias": "ct", "Startup Cost": 0.0, "Total Cost": 1.04, "Plan Rows": 1, "Plan Width": 4, "Filter": "((kind)::text = 'production companies'::text)"}, {"Node Type": "Seq Scan", "Parent Relationship": "Inner", "Relation Name": "movie_companies", "Alias": "mc", "Startup Cost": 0.0, "Total Cost": 61385.74, "Plan Rows": 59, "Plan Width": 8, "Filter": "(((note)::text ~~ '%(VHS)%'::text) AND ((note)::text ~~ '%(USA)%'::text) AND ((note)::text ~~ '%(1994)%'::text))"}]}, {"Node Type": "Index Scan", "Parent Relationship": "Inner", "Scan Direction": "Forward", "Index Name": "title_pkey", "Relation Name": "title", "Alias": "t", "Startup Cost": 0.0, "Total Cost": 8.27, "Plan Rows": 1, "Plan Width": 21, "Index Cond": "(id = mc.movie_id)", "Filter": "(production_year > 2010)"}]}, {"Node Type": "Index Scan", "Parent Relationship": "Inner", "Scan Direction": "Forward", "Index Name": "movie_id_movie_info", "Relation Name": "movie_info", "Alias": "mi", "Startup Cost": 0.0, "Total Cost": 2.46, "Plan Rows": 1, "Plan Width": 8, "Index Cond": "(movie_id = t.id)", "Filter": "((info)::text = ANY ('{USA,America}'::text[]))"}]}, {"Node Type": "Index Only Scan", "Parent Relationship": "Inner", "Scan Direction": "Forward", "Index Name": "info_type_pkey", "Relation Name": "info_type", "Alias": "it", "Startup Cost": 0.0, "Total Cost": 0.27, "Plan Rows": 1, "Plan Width": 4, "Index Cond": "(id = mi.info_type_id)"}]}]}, "Unique SQL Id": 328306525, "Planner Runtime": 3}, "explain_analyze_plan": {"Plan": {"Node Type": "Aggregate", "Strategy": "Plain", "Startup Cost": 61721.76, "Total Cost": 61721.77, "Plan Rows": 1, "Plan Width": 49, "Actual Startup Time": 946.595, "Actual Total Time": 946.596, "Actual Rows": 1, "Actual Loops": 1, "Plans": [{"Node Type": "Nested Loop", "Parent Relationship": "Outer", "Join Type": "Inner", "Startup Cost": 0.0, "Total Cost": 61721.7, "Plan Rows": 24, "Plan Width": 17, "Actual Startup Time": 946.584, "Actual Total Time": 946.584, "Actual Rows": 0, "Actual Loops": 1, "Inner Unique": true, "Plans": [{"Node Type": "Nested Loop", "Parent Relationship": "Outer", "Join Type": "Inner", "Startup Cost": 0.0, "Total Cost": 61714.98, "Plan Rows": 24, "Plan Width": 21, "Actual Startup Time": 946.583, "Actual Total Time": 946.583, "Actual Rows": 0, "Actual Loops": 1, "Inner Unique": false, "Plans": [{"Node Type": "Nested Loop", "Parent Relationship": "Outer", "Join Type": "Inner", "Startup Cost": 0.0, "Total Cost": 61635.99, "Plan Rows": 32, "Plan Width": 25, "Actual Startup Time": 946.582, "Actual Total Time": 946.582, "Actual Rows": 0, "Actual Loops": 1, "Inner Unique": true, "Plans": [{"Node Type": "Nested Loop", "Parent Relationship": "Outer", "Join Type": "Inner", "Startup Cost": 0.0, "Total Cost": 61387.52, "Plan Rows": 30, "Plan Width": 4, "Actual Startup Time": 946.58, "Actual Total Time": 946.58, "Actual Rows": 0, "Actual Loops": 1, "Inner Unique": false, "Join Filter": "(ct.id = mc.company_type_id)", "Rows Removed by Join Filter": 1418, "Plans": [{"Node Type": "Seq Scan", "Parent Relationship": "Outer", "Relation Name": "company_type", "Alias": "ct", "Startup Cost": 0.0, "Total Cost": 1.04, "Plan Rows": 1, "Plan Width": 4, "Actual Startup Time": 0.025, "Actual Total Time": 0.03, "Actual Rows": 1, "Actual Loops": 1, "Filter": "((kind)::text = 'production companies'::text)", "Rows Removed by Filter": 2}, {"Node Type": "Seq Scan", "Parent Relationship": "Inner", "Relation Name": "movie_companies", "Alias": "mc", "Startup Cost": 0.0, "Total Cost": 61385.74, "Plan Rows": 59, "Plan Width": 8, "Actual Startup Time": 3.943, "Actual Total Time": 946.12, "Actual Rows": 1418, "Actual Loops": 1, "Filter": "(((note)::text ~~ '%(VHS)%'::text) AND ((note)::text ~~ '%(USA)%'::text) AND ((note)::text ~~ '%(1994)%'::text))", "Rows Removed by Filter": 2607710}]}, {"Node Type": "Index Scan", "Parent Relationship": "Inner", "Scan Direction": "Forward", "Index Name": "title_pkey", "Relation Name": "title", "Alias": "t", "Startup Cost": 0.0, "Total Cost": 8.27, "Plan Rows": 1, "Plan Width": 21, "Actual Startup Time": 0.0, "Actual Total Time": 0.0, "Index Cond": "(id = mc.movie_id)", "Rows Removed by Index Recheck": 0, "Filter": "(production_year > 2010)", "Rows Removed by Filter": 0}]}, {"Node Type": "Index Scan", "Parent Relationship": "Inner", "Scan Direction": "Forward", "Index Name": "movie_id_movie_info", "Relation Name": "movie_info", "Alias": "mi", "Startup Cost": 0.0, "Total Cost": 2.46, "Plan Rows": 1, "Plan Width": 8, "Actual Startup Time": 0.0, "Actual Total Time": 0.0, "Index Cond": "(movie_id = t.id)", "Rows Removed by Index Recheck": 0, "Filter": "((info)::text = ANY ('{USA,America}'::text[]))", "Rows Removed by Filter": 0}]}, {"Node Type": "Index Only Scan", "Parent Relationship": "Inner", "Scan Direction": "Forward", "Index Name": "info_type_pkey", "Relation Name": "info_type", "Alias": "it", "Startup Cost": 0.0, "Total Cost": 0.27, "Plan Rows": 1, "Plan Width": 4, "Actual Startup Time": 0.0, "Actual Total Time": 0.0, "Index Cond": "(id = mi.info_type_id)", "Rows Removed by Index Recheck": 0, "Heap Fetches": 0}]}]}, "Triggers": [], "Planner Runtime": 7.558, "Total Runtime": 946.851, "Unique SQL Id": 328306525}}, "(1, '121')": {"explain_plan": {"Plan": {"Node Type": "Aggregate", "Strategy": "Plain", "Startup Cost": 63248.6, "Total Cost": 63248.61, "Plan Rows": 1, "Plan Width": 49, "Plans": [{"Node Type": "Nested Loop", "Parent Relationship": "Outer", "Join Type": "Inner", "Startup Cost": 0.0, "Total Cost": 63248.54, "Plan Rows": 24, "Plan Width": 17, "Inner Unique": true, "Plans": [{"Node Type": "Nested Loop", "Parent Relationship": "Outer", "Join Type": "Inner", "Startup Cost": 0.0, "Total Cost": 63241.82, "Plan Rows": 24, "Plan Width": 21, "Inner Unique": false, "Plans": [{"Node Type": "Nested Loop", "Parent Relationship": "Outer", "Join Type": "Inner", "Startup Cost": 0.0, "Total Cost": 63162.83, "Plan Rows": 32, "Plan Width": 25, "Inner Unique": true, "Plans": [{"Node Type": "Nested Loop", "Parent Relationship": "Outer", "Join Type": "Inner", "Startup Cost": 0.0, "Total Cost": 62914.35, "Plan Rows": 30, "Plan Width": 4, "Inner Unique": false, "Plans": [{"Node Type": "Index Scan", "Parent Relationship": "Outer", "Scan Direction": "Forward", "Index Name": "company_type_pkey", "Relation Name": "company_type", "Alias": "ct", "Startup Cost": 0.0, "Total Cost": 12.3, "Plan Rows": 1, "Plan Width": 4, "Filter": "((kind)::text = 'production companies'::text)"}, {"Node Type": "Index Scan", "Parent Relationship": "Inner", "Scan Direction": "Forward", "Index Name": "company_type_id_movie_companies", "Relation Name": "movie_companies", "Alias": "mc", "Startup Cost": 0.0, "Total Cost": 62901.76, "Plan Rows": 29, "Plan Width": 8, "Index Cond": "(company_type_id = ct.id)", "Filter": "(((note)::text ~~ '%(VHS)%'::text) AND ((note)::text ~~ '%(USA)%'::text) AND ((note)::text ~~ '%(1994)%'::text))"}]}, {"Node Type": "Index Scan", "Parent Relationship": "Inner", "Scan Direction": "Forward", "Index Name": "title_pkey", "Relation Name": "title", "Alias": "t", "Startup Cost": 0.0, "Total Cost": 8.27, "Plan Rows": 1, "Plan Width": 21, "Index Cond": "(id = mc.movie_id)", "Filter": "(production_year > 2010)"}]}, {"Node Type": "Index Scan", "Parent Relationship": "Inner", "Scan Direction": "Forward", "Index Name": "movie_id_movie_info", "Relation Name": "movie_info", "Alias": "mi", "Startup Cost": 0.0, "Total Cost": 2.46, "Plan Rows": 1, "Plan Width": 8, "Index Cond": "(movie_id = t.id)", "Filter": "((info)::text = ANY ('{USA,America}'::text[]))"}]}, {"Node Type": "Index Only Scan", "Parent Relationship": "Inner", "Scan Direction": "Forward", "Index Name": "info_type_pkey", "Relation Name": "info_type", "Alias": "it", "Startup Cost": 0.0, "Total Cost": 0.27, "Plan Rows": 1, "Plan Width": 4, "Index Cond": "(id = mi.info_type_id)"}]}]}, "Unique SQL Id": 328306525, "Planner Runtime": 3}, "explain_analyze_plan": {"Plan": {"Node Type": "Aggregate", "Strategy": "Plain", "Startup Cost": 63248.6, "Total Cost": 63248.61, "Plan Rows": 1, "Plan Width": 49, "Actual Startup Time": 640.136, "Actual Total Time": 640.136, "Actual Rows": 1, "Actual Loops": 1, "Plans": [{"Node Type": "Nested Loop", "Parent Relationship": "Outer", "Join Type": "Inner", "Startup Cost": 0.0, "Total Cost": 63248.54, "Plan Rows": 24, "Plan Width": 17, "Actual Startup Time": 640.125, "Actual Total Time": 640.125, "Actual Rows": 0, "Actual Loops": 1, "Inner Unique": true, "Plans": [{"Node Type": "Nested Loop", "Parent Relationship": "Outer", "Join Type": "Inner", "Startup Cost": 0.0, "Total Cost": 63241.82, "Plan Rows": 24, "Plan Width": 21, "Actual Startup Time": 640.123, "Actual Total Time": 640.123, "Actual Rows": 0, "Actual Loops": 1, "Inner Unique": false, "Plans": [{"Node Type": "Nested Loop", "Parent Relationship": "Outer", "Join Type": "Inner", "Startup Cost": 0.0, "Total Cost": 63162.83, "Plan Rows": 32, "Plan Width": 25, "Actual Startup Time": 640.123, "Actual Total Time": 640.123, "Actual Rows": 0, "Actual Loops": 1, "Inner Unique": true, "Plans": [{"Node Type": "Nested Loop", "Parent Relationship": "Outer", "Join Type": "Inner", "Startup Cost": 0.0, "Total Cost": 62914.35, "Plan Rows": 30, "Plan Width": 4, "Actual Startup Time": 640.122, "Actual Total Time": 640.122, "Actual Rows": 0, "Actual Loops": 1, "Inner Unique": false, "Plans": [{"Node Type": "Index Scan", "Parent Relationship": "Outer", "Scan Direction": "Forward", "Index Name": "company_type_pkey", "Relation Name": "company_type", "Alias": "ct", "Startup Cost": 0.0, "Total Cost": 12.3, "Plan Rows": 1, "Plan Width": 4, "Actual Startup Time": 0.026, "Actual Total Time": 0.033, "Actual Rows": 1, "Actual Loops": 1, "Filter": "((kind)::text = 'production companies'::text)", "Rows Removed by Filter": 2}, {"Node Type": "Index Scan", "Parent Relationship": "Inner", "Scan Direction": "Forward", "Index Name": "company_type_id_movie_companies", "Relation Name": "movie_companies", "Alias": "mc", "Startup Cost": 0.0, "Total Cost": 62901.76, "Plan Rows": 29, "Plan Width": 8, "Actual Startup Time": 640.079, "Actual Total Time": 640.079, "Actual Rows": 0, "Actual Loops": 1, "Index Cond": "(company_type_id = ct.id)", "Rows Removed by Index Recheck": 0, "Filter": "(((note)::text ~~ '%(VHS)%'::text) AND ((note)::text ~~ '%(USA)%'::text) AND ((note)::text ~~ '%(1994)%'::text))", "Rows Removed by Filter": 1334883}]}, {"Node Type": "Index Scan", "Parent Relationship": "Inner", "Scan Direction": "Forward", "Index Name": "title_pkey", "Relation Name": "title", "Alias": "t", "Startup Cost": 0.0, "Total Cost": 8.27, "Plan Rows": 1, "Plan Width": 21, "Actual Startup Time": 0.0, "Actual Total Time": 0.0, "Index Cond": "(id = mc.movie_id)", "Rows Removed by Index Recheck": 0, "Filter": "(production_year > 2010)", "Rows Removed by Filter": 0}]}, {"Node Type": "Index Scan", "Parent Relationship": "Inner", "Scan Direction": "Forward", "Index Name": "movie_id_movie_info", "Relation Name": "movie_info", "Alias": "mi", "Startup Cost": 0.0, "Total Cost": 2.46, "Plan Rows": 1, "Plan Width": 8, "Actual Startup Time": 0.0, "Actual Total Time": 0.0, "Index Cond": "(movie_id = t.id)", "Rows Removed by Index Recheck": 0, "Filter": "((info)::text = ANY ('{USA,America}'::text[]))", "Rows Removed by Filter": 0}]}, {"Node Type": "Index Only Scan", "Parent Relationship": "Inner", "Scan Direction": "Forward", "Index Name": "info_type_pkey", "Relation Name": "info_type", "Alias": "it", "Startup Cost": 0.0, "Total Cost": 0.27, "Plan Rows": 1, "Plan Width": 4, "Actual Startup Time": 0.0, "Actual Total Time": 0.0, "Index Cond": "(id = mi.info_type_id)", "Rows Removed by Index Recheck": 0, "Heap Fetches": 0}]}]}, "Triggers": [], "Planner Runtime": 7.646, "Total Runtime": 640.429, "Unique SQL Id": 328306525}}, "(1, '122')": {"explain_plan": {"Plan": {"Node Type": "Aggregate", "Strategy": "Plain", "Startup Cost": 918886.2, "Total Cost": 918886.21, "Plan Rows": 1, "Plan Width": 49, "Plans": [{"Node Type": "Nested Loop", "Parent Relationship": "Outer", "Join Type": "Inner", "Startup Cost": 0.0, "Total Cost": 918886.14, "Plan Rows": 24, "Plan Width": 17, "Inner Unique": false, "Join Filter": "(mi.info_type_id = it.id)", "Plans": [{"Node Type": "Seq Scan", "Parent Relationship": "Outer", "Relation Name": "info_type", "Alias": "it", "Startup Cost": 0.0, "Total Cost": 2.12, "Plan Rows": 112, "Plan Width": 4}, {"Node Type": "Materialize", "Parent Relationship": "Inner", "Startup Cost": 0.0, "Total Cost": 918843.76, "Plan Rows": 24, "Plan Width": 21, "Plans": [{"Node Type": "Nested Loop", "Parent Relationship": "Outer", "Join Type": "Inner", "Startup Cost": 0.0, "Total Cost": 918843.64, "Plan Rows": 24, "Plan Width": 21, "Inner Unique": false, "Join Filter": "(t.id = mi.movie_id)", "Plans": [{"Node Type": "Seq Scan", "Parent Relationship": "Outer", "Relation Name": "movie_info", "Alias": "mi", "Startup Cost": 0.0, "Total Cost": 334162.58, "Plan Rows": 584897, "Plan Width": 8, "Filter": "((info)::text = ANY ('{USA,America}'::text[]))"}, {"Node Type": "Materialize", "Parent Relationship": "Inner", "Startup Cost": 0.0, "Total Cost": 303930.59, "Plan Rows": 32, "Plan Width": 25, "Plans": [{"Node Type": "Nested Loop", "Parent Relationship": "Outer", "Join Type": "Inner", "Startup Cost": 0.0, "Total Cost": 303930.43, "Plan Rows": 32, "Plan Width": 25, "Inner Unique": false, "Join Filter": "(mc.movie_id = t.id)", "Plans": [{"Node Type": "Seq Scan", "Parent Relationship": "Outer", "Relation Name": "title", "Alias": "t", "Startup Cost": 0.0, "Total Cost": 66389.89, "Plan Rows": 391451, "Plan Width": 21, "Filter": "(production_year > 2010), (LLVM Optimized)"}, {"Node Type": "Materialize", "Parent Relationship": "Inner", "Startup Cost": 0.0, "Total Cost": 61387.67, "Plan Rows": 30, "Plan Width": 4, "Plans": [{"Node Type": "Nested Loop", "Parent Relationship": "Outer", "Join Type": "Inner", "Startup Cost": 0.0, "Total Cost": 61387.52, "Plan Rows": 30, "Plan Width": 4, "Inner Unique": false, "Join Filter": "(ct.id = mc.company_type_id)", "Plans": [{"Node Type": "Seq Scan", "Parent Relationship": "Outer", "Relation Name": "company_type", "Alias": "ct", "Startup Cost": 0.0, "Total Cost": 1.04, "Plan Rows": 1, "Plan Width": 4, "Filter": "((kind)::text = 'production companies'::text)"}, {"Node Type": "Seq Scan", "Parent Relationship": "Inner", "Relation Name": "movie_companies", "Alias": "mc", "Startup Cost": 0.0, "Total Cost": 61385.74, "Plan Rows": 59, "Plan Width": 8, "Filter": "(((note)::text ~~ '%(VHS)%'::text) AND ((note)::text ~~ '%(USA)%'::text) AND ((note)::text ~~ '%(1994)%'::text))"}]}]}]}]}]}]}]}]}, "Unique SQL Id": 328306525, "Planner Runtime": 3}, "explain_analyze_plan": null}, "(1, '123')": {"explain_plan": {"Plan": {"Node Type": "Aggregate", "Strategy": "Plain", "Startup Cost": 5000130950084.58, "Total Cost": 5000130950084.59, "Plan Rows": 1, "Plan Width": 49, "Plans": [{"Node Type": "Nested Loop", "Parent Relationship": "Outer", "Join Type": "Inner", "Startup Cost": 50000000000.0, "Total Cost": 5000130950084.52, "Plan Rows": 24, "Plan Width": 17, "Inner Unique": true, "Join Filter": "(mi.info_type_id = it.id)", "Plans": [{"Node Type": "Nested Loop", "Parent Relationship": "Outer", "Join Type": "Inner", "Startup Cost": 40000000000.0, "Total Cost": 4000130949050.92, "Plan Rows": 24, "Plan Width": 21, "Inner Unique": false, "Join Filter": "(t.id = mi.movie_id)", "Plans": [{"Node Type": "Index Scan", "Parent Relationship": "Outer", "Scan Direction": "Forward", "Index Name": "info_type_id_movie_info", "Relation Name": "movie_info", "Alias": "mi", "Startup Cost": 10000000000.0, "Total Cost": 1000107401445.12, "Plan Rows": 584897, "Plan Width": 8, "Filter": "((info)::text = ANY ('{USA,America}'::text[]))"}, {"Node Type": "Materialize", "Parent Relationship": "Inner", "Startup Cost": 30000000000.0, "Total Cost": 3000023266855.32, "Plan Rows": 32, "Plan Width": 25, "Plans": [{"Node Type": "Nested Loop", "Parent Relationship": "Outer", "Join Type": "Inner", "Startup Cost": 30000000000.0, "Total Cost": 3000023266855.16, "Plan Rows": 32, "Plan Width": 25, "Inner Unique": true, "Join Filter": "(mc.company_type_id = ct.id)", "Plans": [{"Node Type": "Nested Loop", "Parent Relationship": "Outer", "Join Type": "Inner", "Startup Cost": 20000000000.0, "Total Cost": 2000023265623.95, "Plan Rows": 64, "Plan Width": 29, "Inner Unique": false, "Join Filter": "(mc.movie_id = t.id)", "Plans": [{"Node Type": "Index Scan", "Parent Relationship": "Outer", "Scan Direction": "Forward", "Index Name": "title_pkey", "Relation Name": "title", "Alias": "t", "Startup Cost": 10000000000.0, "Total Cost": 1000011644126.66, "Plan Rows": 391451, "Plan Width": 21, "Filter": "(production_year > 2010), (LLVM Optimized)"}, {"Node Type": "Materialize", "Parent Relationship": "Inner", "Startup Cost": 10000000000.0, "Total Cost": 1000011275063.29, "Plan Rows": 59, "Plan Width": 8, "Plans": [{"Node Type": "Index Scan", "Parent Relationship": "Outer", "Scan Direction": "Forward", "Index Name": "company_type_id_movie_companies", "Relation Name": "movie_companies", "Alias": "mc", "Startup Cost": 10000000000.0, "Total Cost": 1000011275063.0, "Plan Rows": 59, "Plan Width": 8, "Filter": "(((note)::text ~~ '%(VHS)%'::text) AND ((note)::text ~~ '%(USA)%'::text) AND ((note)::text ~~ '%(1994)%'::text))"}]}]}, {"Node Type": "Materialize", "Parent Relationship": "Inner", "Startup Cost": 10000000000.0, "Total Cost": 1000000001230.26, "Plan Rows": 1, "Plan Width": 4, "Plans": [{"Node Type": "Index Scan", "Parent Relationship": "Outer", "Scan Direction": "Forward", "Index Name": "company_type_pkey", "Relation Name": "company_type", "Alias": "ct", "Startup Cost": 10000000000.0, "Total Cost": 1000000001230.25, "Plan Rows": 1, "Plan Width": 4, "Filter": "((kind)::text = 'production companies'::text)"}]}]}]}]}, {"Node Type": "Materialize", "Parent Relationship": "Inner", "Startup Cost": 10000000000.0, "Total Cost": 1000000000993.56, "Plan Rows": 112, "Plan Width": 4, "Plans": [{"Node Type": "Index Only Scan", "Parent Relationship": "Outer", "Scan Direction": "Forward", "Index Name": "info_type_pkey", "Relation Name": "info_type", "Alias": "it", "Startup Cost": 10000000000.0, "Total Cost": 1000000000993.0, "Plan Rows": 112, "Plan Width": 4}]}]}]}, "Unique SQL Id": 328306525, "Planner Runtime": 3}, "explain_analyze_plan": null}, "(1, '124')": {"explain_plan": {"Plan": {"Node Type": "Aggregate", "Strategy": "Plain", "Startup Cost": 61721.76, "Total Cost": 61721.77, "Plan Rows": 1, "Plan Width": 49, "Plans": [{"Node Type": "Nested Loop", "Parent Relationship": "Outer", "Join Type": "Inner", "Startup Cost": 0.0, "Total Cost": 61721.7, "Plan Rows": 24, "Plan Width": 17, "Inner Unique": true, "Plans": [{"Node Type": "Nested Loop", "Parent Relationship": "Outer", "Join Type": "Inner", "Startup Cost": 0.0, "Total Cost": 61714.98, "Plan Rows": 24, "Plan Width": 21, "Inner Unique": false, "Plans": [{"Node Type": "Nested Loop", "Parent Relationship": "Outer", "Join Type": "Inner", "Startup Cost": 0.0, "Total Cost": 61635.99, "Plan Rows": 32, "Plan Width": 25, "Inner Unique": true, "Plans": [{"Node Type": "Nested Loop", "Parent Relationship": "Outer", "Join Type": "Inner", "Startup Cost": 0.0, "Total Cost": 61387.52, "Plan Rows": 30, "Plan Width": 4, "Inner Unique": false, "Join Filter": "(ct.id = mc.company_type_id)", "Plans": [{"Node Type": "Seq Scan", "Parent Relationship": "Outer", "Relation Name": "company_type", "Alias": "ct", "Startup Cost": 0.0, "Total Cost": 1.04, "Plan Rows": 1, "Plan Width": 4, "Filter": "((kind)::text = 'production companies'::text)"}, {"Node Type": "Seq Scan", "Parent Relationship": "Inner", "Relation Name": "movie_companies", "Alias": "mc", "Startup Cost": 0.0, "Total Cost": 61385.74, "Plan Rows": 59, "Plan Width": 8, "Filter": "(((note)::text ~~ '%(VHS)%'::text) AND ((note)::text ~~ '%(USA)%'::text) AND ((note)::text ~~ '%(1994)%'::text))"}]}, {"Node Type": "Index Scan", "Parent Relationship": "Inner", "Scan Direction": "Forward", "Index Name": "title_pkey", "Relation Name": "title", "Alias": "t", "Startup Cost": 0.0, "Total Cost": 8.27, "Plan Rows": 1, "Plan Width": 21, "Index Cond": "(id = mc.movie_id)", "Filter": "(production_year > 2010)"}]}, {"Node Type": "Index Scan", "Parent Relationship": "Inner", "Scan Direction": "Forward", "Index Name": "movie_id_movie_info", "Relation Name": "movie_info", "Alias": "mi", "Startup Cost": 0.0, "Total Cost": 2.46, "Plan Rows": 1, "Plan Width": 8, "Index Cond": "(movie_id = t.id)", "Filter": "((info)::text = ANY ('{USA,America}'::text[]))"}]}, {"Node Type": "Index Scan", "Parent Relationship": "Inner", "Scan Direction": "Forward", "Index Name": "info_type_pkey", "Relation Name": "info_type", "Alias": "it", "Startup Cost": 0.0, "Total Cost": 0.27, "Plan Rows": 1, "Plan Width": 4, "Index Cond": "(id = mi.info_type_id)"}]}]}, "Unique SQL Id": 328306525, "Planner Runtime": 3}, "explain_analyze_plan": {"Plan": {"Node Type": "Aggregate", "Strategy": "Plain", "Startup Cost": 61721.76, "Total Cost": 61721.77, "Plan Rows": 1, "Plan Width": 49, "Actual Startup Time": 987.079, "Actual Total Time": 987.08, "Actual Rows": 1, "Actual Loops": 1, "Plans": [{"Node Type": "Nested Loop", "Parent Relationship": "Outer", "Join Type": "Inner", "Startup Cost": 0.0, "Total Cost": 61721.7, "Plan Rows": 24, "Plan Width": 17, "Actual Startup Time": 987.072, "Actual Total Time": 987.072, "Actual Rows": 0, "Actual Loops": 1, "Inner Unique": true, "Plans": [{"Node Type": "Nested Loop", "Parent Relationship": "Outer", "Join Type": "Inner", "Startup Cost": 0.0, "Total Cost": 61714.98, "Plan Rows": 24, "Plan Width": 21, "Actual Startup Time": 987.071, "Actual Total Time": 987.071, "Actual Rows": 0, "Actual Loops": 1, "Inner Unique": false, "Plans": [{"Node Type": "Nested Loop", "Parent Relationship": "Outer", "Join Type": "Inner", "Startup Cost": 0.0, "Total Cost": 61635.99, "Plan Rows": 32, "Plan Width": 25, "Actual Startup Time": 987.07, "Actual Total Time": 987.07, "Actual Rows": 0, "Actual Loops": 1, "Inner Unique": true, "Plans": [{"Node Type": "Nested Loop", "Parent Relationship": "Outer", "Join Type": "Inner", "Startup Cost": 0.0, "Total Cost": 61387.52, "Plan Rows": 30, "Plan Width": 4, "Actual Startup Time": 987.068, "Actual Total Time": 987.068, "Actual Rows": 0, "Actual Loops": 1, "Inner Unique": false, "Join Filter": "(ct.id = mc.company_type_id)", "Rows Removed by Join Filter": 1418, "Plans": [{"Node Type": "Seq Scan", "Parent Relationship": "Outer", "Relation Name": "company_type", "Alias": "ct", "Startup Cost": 0.0, "Total Cost": 1.04, "Plan Rows": 1, "Plan Width": 4, "Actual Startup Time": 0.014, "Actual Total Time": 0.02, "Actual Rows": 1, "Actual Loops": 1, "Filter": "((kind)::text = 'production companies'::text)", "Rows Removed by Filter": 2}, {"Node Type": "Seq Scan", "Parent Relationship": "Inner", "Relation Name": "movie_companies", "Alias": "mc", "Startup Cost": 0.0, "Total Cost": 61385.74, "Plan Rows": 59, "Plan Width": 8, "Actual Startup Time": 4.166, "Actual Total Time": 986.623, "Actual Rows": 1418, "Actual Loops": 1, "Filter": "(((note)::text ~~ '%(VHS)%'::text) AND ((note)::text ~~ '%(USA)%'::text) AND ((note)::text ~~ '%(1994)%'::text))", "Rows Removed by Filter": 2607710}]}, {"Node Type": "Index Scan", "Parent Relationship": "Inner", "Scan Direction": "Forward", "Index Name": "title_pkey", "Relation Name": "title", "Alias": "t", "Startup Cost": 0.0, "Total Cost": 8.27, "Plan Rows": 1, "Plan Width": 21, "Actual Startup Time": 0.0, "Actual Total Time": 0.0, "Index Cond": "(id = mc.movie_id)", "Rows Removed by Index Recheck": 0, "Filter": "(production_year > 2010)", "Rows Removed by Filter": 0}]}, {"Node Type": "Index Scan", "Parent Relationship": "Inner", "Scan Direction": "Forward", "Index Name": "movie_id_movie_info", "Relation Name": "movie_info", "Alias": "mi", "Startup Cost": 0.0, "Total Cost": 2.46, "Plan Rows": 1, "Plan Width": 8, "Actual Startup Time": 0.0, "Actual Total Time": 0.0, "Index Cond": "(movie_id = t.id)", "Rows Removed by Index Recheck": 0, "Filter": "((info)::text = ANY ('{USA,America}'::text[]))", "Rows Removed by Filter": 0}]}, {"Node Type": "Index Scan", "Parent Relationship": "Inner", "Scan Direction": "Forward", "Index Name": "info_type_pkey", "Relation Name": "info_type", "Alias": "it", "Startup Cost": 0.0, "Total Cost": 0.27, "Plan Rows": 1, "Plan Width": 4, "Actual Startup Time": 0.0, "Actual Total Time": 0.0, "Index Cond": "(id = mi.info_type_id)", "Rows Removed by Index Recheck": 0}]}]}, "Triggers": [], "Planner Runtime": 7.432, "Total Runtime": 987.358, "Unique SQL Id": 328306525}}, "(1, '125')": {"explain_plan": {"Plan": {"Node Type": "Aggregate", "Strategy": "Plain", "Startup Cost": 63248.6, "Total Cost": 63248.61, "Plan Rows": 1, "Plan Width": 49, "Plans": [{"Node Type": "Nested Loop", "Parent Relationship": "Outer", "Join Type": "Inner", "Startup Cost": 0.0, "Total Cost": 63248.54, "Plan Rows": 24, "Plan Width": 17, "Inner Unique": true, "Plans": [{"Node Type": "Nested Loop", "Parent Relationship": "Outer", "Join Type": "Inner", "Startup Cost": 0.0, "Total Cost": 63241.82, "Plan Rows": 24, "Plan Width": 21, "Inner Unique": false, "Plans": [{"Node Type": "Nested Loop", "Parent Relationship": "Outer", "Join Type": "Inner", "Startup Cost": 0.0, "Total Cost": 63162.83, "Plan Rows": 32, "Plan Width": 25, "Inner Unique": true, "Plans": [{"Node Type": "Nested Loop", "Parent Relationship": "Outer", "Join Type": "Inner", "Startup Cost": 0.0, "Total Cost": 62914.35, "Plan Rows": 30, "Plan Width": 4, "Inner Unique": false, "Plans": [{"Node Type": "Index Scan", "Parent Relationship": "Outer", "Scan Direction": "Forward", "Index Name": "company_type_pkey", "Relation Name": "company_type", "Alias": "ct", "Startup Cost": 0.0, "Total Cost": 12.3, "Plan Rows": 1, "Plan Width": 4, "Filter": "((kind)::text = 'production companies'::text)"}, {"Node Type": "Index Scan", "Parent Relationship": "Inner", "Scan Direction": "Forward", "Index Name": "company_type_id_movie_companies", "Relation Name": "movie_companies", "Alias": "mc", "Startup Cost": 0.0, "Total Cost": 62901.76, "Plan Rows": 29, "Plan Width": 8, "Index Cond": "(company_type_id = ct.id)", "Filter": "(((note)::text ~~ '%(VHS)%'::text) AND ((note)::text ~~ '%(USA)%'::text) AND ((note)::text ~~ '%(1994)%'::text))"}]}, {"Node Type": "Index Scan", "Parent Relationship": "Inner", "Scan Direction": "Forward", "Index Name": "title_pkey", "Relation Name": "title", "Alias": "t", "Startup Cost": 0.0, "Total Cost": 8.27, "Plan Rows": 1, "Plan Width": 21, "Index Cond": "(id = mc.movie_id)", "Filter": "(production_year > 2010)"}]}, {"Node Type": "Index Scan", "Parent Relationship": "Inner", "Scan Direction": "Forward", "Index Name": "movie_id_movie_info", "Relation Name": "movie_info", "Alias": "mi", "Startup Cost": 0.0, "Total Cost": 2.46, "Plan Rows": 1, "Plan Width": 8, "Index Cond": "(movie_id = t.id)", "Filter": "((info)::text = ANY ('{USA,America}'::text[]))"}]}, {"Node Type": "Index Scan", "Parent Relationship": "Inner", "Scan Direction": "Forward", "Index Name": "info_type_pkey", "Relation Name": "info_type", "Alias": "it", "Startup Cost": 0.0, "Total Cost": 0.27, "Plan Rows": 1, "Plan Width": 4, "Index Cond": "(id = mi.info_type_id)"}]}]}, "Unique SQL Id": 328306525, "Planner Runtime": 3}, "explain_analyze_plan": {"Plan": {"Node Type": "Aggregate", "Strategy": "Plain", "Startup Cost": 63248.6, "Total Cost": 63248.61, "Plan Rows": 1, "Plan Width": 49, "Actual Startup Time": 742.385, "Actual Total Time": 742.386, "Actual Rows": 1, "Actual Loops": 1, "Plans": [{"Node Type": "Nested Loop", "Parent Relationship": "Outer", "Join Type": "Inner", "Startup Cost": 0.0, "Total Cost": 63248.54, "Plan Rows": 24, "Plan Width": 17, "Actual Startup Time": 742.379, "Actual Total Time": 742.379, "Actual Rows": 0, "Actual Loops": 1, "Inner Unique": true, "Plans": [{"Node Type": "Nested Loop", "Parent Relationship": "Outer", "Join Type": "Inner", "Startup Cost": 0.0, "Total Cost": 63241.82, "Plan Rows": 24, "Plan Width": 21, "Actual Startup Time": 742.378, "Actual Total Time": 742.378, "Actual Rows": 0, "Actual Loops": 1, "Inner Unique": false, "Plans": [{"Node Type": "Nested Loop", "Parent Relationship": "Outer", "Join Type": "Inner", "Startup Cost": 0.0, "Total Cost": 63162.83, "Plan Rows": 32, "Plan Width": 25, "Actual Startup Time": 742.377, "Actual Total Time": 742.377, "Actual Rows": 0, "Actual Loops": 1, "Inner Unique": true, "Plans": [{"Node Type": "Nested Loop", "Parent Relationship": "Outer", "Join Type": "Inner", "Startup Cost": 0.0, "Total Cost": 62914.35, "Plan Rows": 30, "Plan Width": 4, "Actual Startup Time": 742.375, "Actual Total Time": 742.375, "Actual Rows": 0, "Actual Loops": 1, "Inner Unique": false, "Plans": [{"Node Type": "Index Scan", "Parent Relationship": "Outer", "Scan Direction": "Forward", "Index Name": "company_type_pkey", "Relation Name": "company_type", "Alias": "ct", "Startup Cost": 0.0, "Total Cost": 12.3, "Plan Rows": 1, "Plan Width": 4, "Actual Startup Time": 0.013, "Actual Total Time": 0.023, "Actual Rows": 1, "Actual Loops": 1, "Filter": "((kind)::text = 'production companies'::text)", "Rows Removed by Filter": 2}, {"Node Type": "Index Scan", "Parent Relationship": "Inner", "Scan Direction": "Forward", "Index Name": "company_type_id_movie_companies", "Relation Name": "movie_companies", "Alias": "mc", "Startup Cost": 0.0, "Total Cost": 62901.76, "Plan Rows": 29, "Plan Width": 8, "Actual Startup Time": 742.345, "Actual Total Time": 742.345, "Actual Rows": 0, "Actual Loops": 1, "Index Cond": "(company_type_id = ct.id)", "Rows Removed by Index Recheck": 0, "Filter": "(((note)::text ~~ '%(VHS)%'::text) AND ((note)::text ~~ '%(USA)%'::text) AND ((note)::text ~~ '%(1994)%'::text))", "Rows Removed by Filter": 1334883}]}, {"Node Type": "Index Scan", "Parent Relationship": "Inner", "Scan Direction": "Forward", "Index Name": "title_pkey", "Relation Name": "title", "Alias": "t", "Startup Cost": 0.0, "Total Cost": 8.27, "Plan Rows": 1, "Plan Width": 21, "Actual Startup Time": 0.0, "Actual Total Time": 0.0, "Index Cond": "(id = mc.movie_id)", "Rows Removed by Index Recheck": 0, "Filter": "(production_year > 2010)", "Rows Removed by Filter": 0}]}, {"Node Type": "Index Scan", "Parent Relationship": "Inner", "Scan Direction": "Forward", "Index Name": "movie_id_movie_info", "Relation Name": "movie_info", "Alias": "mi", "Startup Cost": 0.0, "Total Cost": 2.46, "Plan Rows": 1, "Plan Width": 8, "Actual Startup Time": 0.0, "Actual Total Time": 0.0, "Index Cond": "(movie_id = t.id)", "Rows Removed by Index Recheck": 0, "Filter": "((info)::text = ANY ('{USA,America}'::text[]))", "Rows Removed by Filter": 0}]}, {"Node Type": "Index Scan", "Parent Relationship": "Inner", "Scan Direction": "Forward", "Index Name": "info_type_pkey", "Relation Name": "info_type", "Alias": "it", "Startup Cost": 0.0, "Total Cost": 0.27, "Plan Rows": 1, "Plan Width": 4, "Actual Startup Time": 0.0, "Actual Total Time": 0.0, "Index Cond": "(id = mi.info_type_id)", "Rows Removed by Index Recheck": 0}]}]}, "Triggers": [], "Planner Runtime": 7.216, "Total Runtime": 742.642, "Unique SQL Id": 328306525}}, "(1, '126')": {"explain_plan": {"Plan": {"Node Type": "Aggregate", "Strategy": "Plain", "Startup Cost": 918886.2, "Total Cost": 918886.21, "Plan Rows": 1, "Plan Width": 49, "Plans": [{"Node Type": "Nested Loop", "Parent Relationship": "Outer", "Join Type": "Inner", "Startup Cost": 0.0, "Total Cost": 918886.14, "Plan Rows": 24, "Plan Width": 17, "Inner Unique": false, "Join Filter": "(mi.info_type_id = it.id)", "Plans": [{"Node Type": "Seq Scan", "Parent Relationship": "Outer", "Relation Name": "info_type", "Alias": "it", "Startup Cost": 0.0, "Total Cost": 2.12, "Plan Rows": 112, "Plan Width": 4}, {"Node Type": "Materialize", "Parent Relationship": "Inner", "Startup Cost": 0.0, "Total Cost": 918843.76, "Plan Rows": 24, "Plan Width": 21, "Plans": [{"Node Type": "Nested Loop", "Parent Relationship": "Outer", "Join Type": "Inner", "Startup Cost": 0.0, "Total Cost": 918843.64, "Plan Rows": 24, "Plan Width": 21, "Inner Unique": false, "Join Filter": "(t.id = mi.movie_id)", "Plans": [{"Node Type": "Seq Scan", "Parent Relationship": "Outer", "Relation Name": "movie_info", "Alias": "mi", "Startup Cost": 0.0, "Total Cost": 334162.58, "Plan Rows": 584897, "Plan Width": 8, "Filter": "((info)::text = ANY ('{USA,America}'::text[]))"}, {"Node Type": "Materialize", "Parent Relationship": "Inner", "Startup Cost": 0.0, "Total Cost": 303930.59, "Plan Rows": 32, "Plan Width": 25, "Plans": [{"Node Type": "Nested Loop", "Parent Relationship": "Outer", "Join Type": "Inner", "Startup Cost": 0.0, "Total Cost": 303930.43, "Plan Rows": 32, "Plan Width": 25, "Inner Unique": false, "Join Filter": "(mc.movie_id = t.id)", "Plans": [{"Node Type": "Seq Scan", "Parent Relationship": "Outer", "Relation Name": "title", "Alias": "t", "Startup Cost": 0.0, "Total Cost": 66389.89, "Plan Rows": 391451, "Plan Width": 21, "Filter": "(production_year > 2010), (LLVM Optimized)"}, {"Node Type": "Materialize", "Parent Relationship": "Inner", "Startup Cost": 0.0, "Total Cost": 61387.67, "Plan Rows": 30, "Plan Width": 4, "Plans": [{"Node Type": "Nested Loop", "Parent Relationship": "Outer", "Join Type": "Inner", "Startup Cost": 0.0, "Total Cost": 61387.52, "Plan Rows": 30, "Plan Width": 4, "Inner Unique": false, "Join Filter": "(ct.id = mc.company_type_id)", "Plans": [{"Node Type": "Seq Scan", "Parent Relationship": "Outer", "Relation Name": "company_type", "Alias": "ct", "Startup Cost": 0.0, "Total Cost": 1.04, "Plan Rows": 1, "Plan Width": 4, "Filter": "((kind)::text = 'production companies'::text)"}, {"Node Type": "Seq Scan", "Parent Relationship": "Inner", "Relation Name": "movie_companies", "Alias": "mc", "Startup Cost": 0.0, "Total Cost": 61385.74, "Plan Rows": 59, "Plan Width": 8, "Filter": "(((note)::text ~~ '%(VHS)%'::text) AND ((note)::text ~~ '%(USA)%'::text) AND ((note)::text ~~ '%(1994)%'::text))"}]}]}]}]}]}]}]}]}, "Unique SQL Id": 328306525, "Planner Runtime": 3}, "explain_analyze_plan": null}, "(1, '127')": {"explain_plan": {"Plan": {"Node Type": "Aggregate", "Strategy": "Plain", "Startup Cost": 5000130950484.58, "Total Cost": 5000130950484.59, "Plan Rows": 1, "Plan Width": 49, "Plans": [{"Node Type": "Nested Loop", "Parent Relationship": "Outer", "Join Type": "Inner", "Startup Cost": 50000000000.0, "Total Cost": 5000130950484.52, "Plan Rows": 24, "Plan Width": 17, "Inner Unique": true, "Join Filter": "(mi.info_type_id = it.id)", "Plans": [{"Node Type": "Nested Loop", "Parent Relationship": "Outer", "Join Type": "Inner", "Startup Cost": 40000000000.0, "Total Cost": 4000130949050.92, "Plan Rows": 24, "Plan Width": 21, "Inner Unique": false, "Join Filter": "(t.id = mi.movie_id)", "Plans": [{"Node Type": "Index Scan", "Parent Relationship": "Outer", "Scan Direction": "Forward", "Index Name": "info_type_id_movie_info", "Relation Name": "movie_info", "Alias": "mi", "Startup Cost": 10000000000.0, "Total Cost": 1000107401445.12, "Plan Rows": 584897, "Plan Width": 8, "Filter": "((info)::text = ANY ('{USA,America}'::text[]))"}, {"Node Type": "Materialize", "Parent Relationship": "Inner", "Startup Cost": 30000000000.0, "Total Cost": 3000023266855.32, "Plan Rows": 32, "Plan Width": 25, "Plans": [{"Node Type": "Nested Loop", "Parent Relationship": "Outer", "Join Type": "Inner", "Startup Cost": 30000000000.0, "Total Cost": 3000023266855.16, "Plan Rows": 32, "Plan Width": 25, "Inner Unique": true, "Join Filter": "(mc.company_type_id = ct.id)", "Plans": [{"Node Type": "Nested Loop", "Parent Relationship": "Outer", "Join Type": "Inner", "Startup Cost": 20000000000.0, "Total Cost": 2000023265623.95, "Plan Rows": 64, "Plan Width": 29, "Inner Unique": false, "Join Filter": "(mc.movie_id = t.id)", "Plans": [{"Node Type": "Index Scan", "Parent Relationship": "Outer", "Scan Direction": "Forward", "Index Name": "title_pkey", "Relation Name": "title", "Alias": "t", "Startup Cost": 10000000000.0, "Total Cost": 1000011644126.66, "Plan Rows": 391451, "Plan Width": 21, "Filter": "(production_year > 2010), (LLVM Optimized)"}, {"Node Type": "Materialize", "Parent Relationship": "Inner", "Startup Cost": 10000000000.0, "Total Cost": 1000011275063.29, "Plan Rows": 59, "Plan Width": 8, "Plans": [{"Node Type": "Index Scan", "Parent Relationship": "Outer", "Scan Direction": "Forward", "Index Name": "company_type_id_movie_companies", "Relation Name": "movie_companies", "Alias": "mc", "Startup Cost": 10000000000.0, "Total Cost": 1000011275063.0, "Plan Rows": 59, "Plan Width": 8, "Filter": "(((note)::text ~~ '%(VHS)%'::text) AND ((note)::text ~~ '%(USA)%'::text) AND ((note)::text ~~ '%(1994)%'::text))"}]}]}, {"Node Type": "Materialize", "Parent Relationship": "Inner", "Startup Cost": 10000000000.0, "Total Cost": 1000000001230.26, "Plan Rows": 1, "Plan Width": 4, "Plans": [{"Node Type": "Index Scan", "Parent Relationship": "Outer", "Scan Direction": "Forward", "Index Name": "company_type_pkey", "Relation Name": "company_type", "Alias": "ct", "Startup Cost": 10000000000.0, "Total Cost": 1000000001230.25, "Plan Rows": 1, "Plan Width": 4, "Filter": "((kind)::text = 'production companies'::text)"}]}]}]}]}, {"Node Type": "Materialize", "Parent Relationship": "Inner", "Startup Cost": 10000000000.0, "Total Cost": 1000000001393.56, "Plan Rows": 112, "Plan Width": 4, "Plans": [{"Node Type": "Index Scan", "Parent Relationship": "Outer", "Scan Direction": "Forward", "Index Name": "info_type_pkey", "Relation Name": "info_type", "Alias": "it", "Startup Cost": 10000000000.0, "Total Cost": 1000000001393.0, "Plan Rows": 112, "Plan Width": 4}]}]}]}, "Unique SQL Id": 328306525, "Planner Runtime": 3}, "explain_analyze_plan": null}, "(16, '0')": {"explain_plan": {"Plan": {"Node Type": "Aggregate", "Strategy": "Plain", "Startup Cost": 19173.9, "Total Cost": 19173.91, "Plan Rows": 1, "Plan Width": 49, "Plans": [{"Node Type": "Nested Loop", "Parent Relationship": "Outer", "Join Type": "Inner", "Startup Cost": 0.0, "Total Cost": 19173.84, "Plan Rows": 24, "Plan Width": 17, "Inner Unique": true, "Plans": [{"Node Type": "Nested Loop", "Parent Relationship": "Outer", "Join Type": "Inner", "Startup Cost": 0.0, "Total Cost": 19167.12, "Plan Rows": 24, "Plan Width": 21, "Inner Unique": false, "Plans": [{"Node Type": "Nested Loop", "Parent Relationship": "Outer", "Join Type": "Inner", "Startup Cost": 0.0, "Total Cost": 19088.13, "Plan Rows": 32, "Plan Width": 25, "Inner Unique": true, "Plans": [{"Node Type": "Nested Loop", "Parent Relationship": "Outer", "Join Type": "Inner", "Startup Cost": 0.0, "Total Cost": 18839.66, "Plan Rows": 30, "Plan Width": 4, "Inner Unique": false, "Join Filter": "(ct.id = mc.company_type_id)", "Plans": [{"Node Type": "Seq Scan", "Parent Relationship": "Outer", "Relation Name": "company_type", "Alias": "ct", "Startup Cost": 0.0, "Total Cost": 1.04, "Plan Rows": 1, "Plan Width": 4, "Filter": "((kind)::text = 'production companies'::text)"}, {"Node Type": "Materialize", "Parent Relationship": "Inner", "Startup Cost": 0.0, "Total Cost": 18838.03, "Plan Rows": 59, "Plan Width": 8, "Plans": [{"Node Type": "Streaming(type: LOCAL GATHER dop: 1/16)", "Parent Relationship": "Outer", "Startup Cost": 0.0, "Total Cost": 18837.88, "Plan Rows": 59, "Plan Width": 8, "Plans": [{"Node Type": "Seq Scan", "Parent Relationship": "Outer", "Relation Name": "movie_companies", "Alias": "mc", "Startup Cost": 0.0, "Total Cost": 18836.61, "Plan Rows": 59, "Plan Width": 8, "Filter": "(((note)::text ~~ '%(VHS)%'::text) AND ((note)::text ~~ '%(USA)%'::text) AND ((note)::text ~~ '%(1994)%'::text))"}]}]}]}, {"Node Type": "Index Scan", "Parent Relationship": "Inner", "Scan Direction": "Forward", "Index Name": "title_pkey", "Relation Name": "title", "Alias": "t", "Startup Cost": 0.0, "Total Cost": 8.27, "Plan Rows": 1, "Plan Width": 21, "Index Cond": "(id = mc.movie_id)", "Filter": "(production_year > 2010)"}]}, {"Node Type": "Index Scan", "Parent Relationship": "Inner", "Scan Direction": "Forward", "Index Name": "movie_id_movie_info", "Relation Name": "movie_info", "Alias": "mi", "Startup Cost": 0.0, "Total Cost": 2.46, "Plan Rows": 1, "Plan Width": 8, "Index Cond": "(movie_id = t.id)", "Filter": "((info)::text = ANY ('{USA,America}'::text[]))"}]}, {"Node Type": "Index Only Scan", "Parent Relationship": "Inner", "Scan Direction": "Forward", "Index Name": "info_type_pkey", "Relation Name": "info_type", "Alias": "it", "Startup Cost": 0.0, "Total Cost": 0.27, "Plan Rows": 1, "Plan Width": 4, "Index Cond": "(id = mi.info_type_id)"}]}]}, "Unique SQL Id": 328306525, "Planner Runtime": 10}, "explain_analyze_plan": {"Plan": {"Node Type": "Aggregate", "Strategy": "Plain", "Startup Cost": 19173.9, "Total Cost": 19173.91, "Plan Rows": 1, "Plan Width": 49, "Actual Min Startup Time": 83.27, "Actual Max Startup Time": 83.27, "Actual Min Total Time": 83.271, "Actual Max Total Time": 83.271, "Plans": [{"Node Type": "Nested Loop", "Parent Relationship": "Outer", "Join Type": "Inner", "Startup Cost": 0.0, "Total Cost": 19173.84, "Plan Rows": 24, "Plan Width": 17, "Actual Min Startup Time": 83.259, "Actual Max Startup Time": 83.259, "Actual Min Total Time": 83.259, "Actual Max Total Time": 83.259, "Inner Unique": true, "Plans": [{"Node Type": "Nested Loop", "Parent Relationship": "Outer", "Join Type": "Inner", "Startup Cost": 0.0, "Total Cost": 19167.12, "Plan Rows": 24, "Plan Width": 21, "Actual Min Startup Time": 83.257, "Actual Max Startup Time": 83.257, "Actual Min Total Time": 83.257, "Actual Max Total Time": 83.257, "Inner Unique": false, "Plans": [{"Node Type": "Nested Loop", "Parent Relationship": "Outer", "Join Type": "Inner", "Startup Cost": 0.0, "Total Cost": 19088.13, "Plan Rows": 32, "Plan Width": 25, "Actual Min Startup Time": 83.256, "Actual Max Startup Time": 83.256, "Actual Min Total Time": 83.256, "Actual Max Total Time": 83.256, "Inner Unique": true, "Plans": [{"Node Type": "Nested Loop", "Parent Relationship": "Outer", "Join Type": "Inner", "Startup Cost": 0.0, "Total Cost": 18839.66, "Plan Rows": 30, "Plan Width": 4, "Actual Min Startup Time": 83.256, "Actual Max Startup Time": 83.256, "Actual Min Total Time": 83.256, "Actual Max Total Time": 83.256, "Inner Unique": false, "Join Filter": "(ct.id = mc.company_type_id)", "Rows Removed by Join Filter": 1418, "Plans": [{"Node Type": "Seq Scan", "Parent Relationship": "Outer", "Relation Name": "company_type", "Alias": "ct", "Startup Cost": 0.0, "Total Cost": 1.04, "Plan Rows": 1, "Plan Width": 4, "Actual Min Startup Time": 0.047, "Actual Max Startup Time": 0.047, "Actual Min Total Time": 0.05, "Actual Max Total Time": 0.05, "Filter": "((kind)::text = 'production companies'::text)", "Rows Removed by Filter": 2, "Actual Rows": 1}, {"Node Type": "Materialize", "Parent Relationship": "Inner", "Startup Cost": 0.0, "Total Cost": 18838.03, "Plan Rows": 59, "Plan Width": 8, "Actual Min Startup Time": 82.738, "Actual Max Startup Time": 82.738, "Actual Min Total Time": 82.874, "Actual Max Total Time": 82.874, "Plans": [{"Node Type": "Streaming(type: LOCAL GATHER dop: 1/16)", "Parent Relationship": "Outer", "Startup Cost": 0.0, "Total Cost": 18837.88, "Plan Rows": 59, "Plan Width": 8, "Actual Min Startup Time": 41.394, "Actual Max Startup Time": 41.394, "Actual Min Total Time": 82.488, "Actual Max Total Time": 82.488, "Plans": [{"Node Type": "Seq Scan", "Parent Relationship": "Outer", "Relation Name": "movie_companies", "Alias": "mc", "Startup Cost": 0.0, "Total Cost": 18836.61, "Plan Rows": 59, "Plan Width": 8, "Actual Min Startup Time": 0.994, "Actual Max Startup Time": 12.189, "Actual Min Total Time": 54.261, "Actual Max Total Time": 60.78, "Filter": "(((note)::text ~~ '%(VHS)%'::text) AND ((note)::text ~~ '%(USA)%'::text) AND ((note)::text ~~ '%(1994)%'::text))", "Rows Removed by Filter": 2607710, "Actual Rows": 1418}], "Actual Rows": 1418}], "Actual Rows": 1419}], "Actual Rows": 0}, {"Node Type": "Index Scan", "Parent Relationship": "Inner", "Scan Direction": "Forward", "Index Name": "title_pkey", "Relation Name": "title", "Alias": "t", "Startup Cost": 0.0, "Total Cost": 8.27, "Plan Rows": 1, "Plan Width": 21, "Actual Startup Time": 0.0, "Actual Total Time": 0.0, "Index Cond": "(id = mc.movie_id)", "Rows Removed by Index Recheck": 0, "Filter": "(production_year > 2010)", "Rows Removed by Filter": 0}], "Actual Rows": 0}, {"Node Type": "Index Scan", "Parent Relationship": "Inner", "Scan Direction": "Forward", "Index Name": "movie_id_movie_info", "Relation Name": "movie_info", "Alias": "mi", "Startup Cost": 0.0, "Total Cost": 2.46, "Plan Rows": 1, "Plan Width": 8, "Actual Startup Time": 0.0, "Actual Total Time": 0.0, "Index Cond": "(movie_id = t.id)", "Rows Removed by Index Recheck": 0, "Filter": "((info)::text = ANY ('{USA,America}'::text[]))", "Rows Removed by Filter": 0}], "Actual Rows": 0}, {"Node Type": "Index Only Scan", "Parent Relationship": "Inner", "Scan Direction": "Forward", "Index Name": "info_type_pkey", "Relation Name": "info_type", "Alias": "it", "Startup Cost": 0.0, "Total Cost": 0.27, "Plan Rows": 1, "Plan Width": 4, "Actual Startup Time": 0.0, "Actual Total Time": 0.0, "Index Cond": "(id = mi.info_type_id)", "Rows Removed by Index Recheck": 0, "Heap Fetches": 0}], "Actual Rows": 0}], "Actual Rows": 1}, "Triggers": [], "Planner Runtime": 10.123, "Total Runtime": 85.75, "Unique SQL Id": 328306525}}, "(16, '1')": {"explain_plan": {"Plan": {"Node Type": "Aggregate", "Strategy": "Plain", "Startup Cost": 85293.18, "Total Cost": 85293.19, "Plan Rows": 1, "Plan Width": 49, "Plans": [{"Node Type": "Nested Loop", "Parent Relationship": "Outer", "Join Type": "Inner", "Startup Cost": 0.0, "Total Cost": 85293.12, "Plan Rows": 24, "Plan Width": 17, "Inner Unique": true, "Plans": [{"Node Type": "Nested Loop", "Parent Relationship": "Outer", "Join Type": "Inner", "Startup Cost": 0.0, "Total Cost": 85286.4, "Plan Rows": 24, "Plan Width": 21, "Inner Unique": false, "Plans": [{"Node Type": "Nested Loop", "Parent Relationship": "Outer", "Join Type": "Inner", "Startup Cost": 0.0, "Total Cost": 85207.41, "Plan Rows": 32, "Plan Width": 25, "Inner Unique": true, "Plans": [{"Node Type": "Nested Loop", "Parent Relationship": "Outer", "Join Type": "Inner", "Startup Cost": 0.0, "Total Cost": 84958.94, "Plan Rows": 30, "Plan Width": 4, "Inner Unique": false, "Join Filter": "(ct.id = mc.company_type_id)", "Plans": [{"Node Type": "Index Scan", "Parent Relationship": "Outer", "Scan Direction": "Forward", "Index Name": "company_type_pkey", "Relation Name": "company_type", "Alias": "ct", "Startup Cost": 0.0, "Total Cost": 12.3, "Plan Rows": 1, "Plan Width": 4, "Filter": "((kind)::text = 'production companies'::text)"}, {"Node Type": "Materialize", "Parent Relationship": "Inner", "Startup Cost": 0.0, "Total Cost": 84946.04, "Plan Rows": 59, "Plan Width": 8, "Plans": [{"Node Type": "Streaming(type: LOCAL GATHER dop: 1/16)", "Parent Relationship": "Outer", "Startup Cost": 0.0, "Total Cost": 84945.9, "Plan Rows": 59, "Plan Width": 8, "Plans": [{"Node Type": "Index Scan", "Parent Relationship": "Outer", "Scan Direction": "Forward", "Index Name": "company_type_id_movie_companies", "Relation Name": "movie_companies", "Alias": "mc", "Startup Cost": 0.0, "Total Cost": 84944.62, "Plan Rows": 59, "Plan Width": 8, "Filter": "(((note)::text ~~ '%(VHS)%'::text) AND ((note)::text ~~ '%(USA)%'::text) AND ((note)::text ~~ '%(1994)%'::text))"}]}]}]}, {"Node Type": "Index Scan", "Parent Relationship": "Inner", "Scan Direction": "Forward", "Index Name": "title_pkey", "Relation Name": "title", "Alias": "t", "Startup Cost": 0.0, "Total Cost": 8.27, "Plan Rows": 1, "Plan Width": 21, "Index Cond": "(id = mc.movie_id)", "Filter": "(production_year > 2010)"}]}, {"Node Type": "Index Scan", "Parent Relationship": "Inner", "Scan Direction": "Forward", "Index Name": "movie_id_movie_info", "Relation Name": "movie_info", "Alias": "mi", "Startup Cost": 0.0, "Total Cost": 2.46, "Plan Rows": 1, "Plan Width": 8, "Index Cond": "(movie_id = t.id)", "Filter": "((info)::text = ANY ('{USA,America}'::text[]))"}]}, {"Node Type": "Index Only Scan", "Parent Relationship": "Inner", "Scan Direction": "Forward", "Index Name": "info_type_pkey", "Relation Name": "info_type", "Alias": "it", "Startup Cost": 0.0, "Total Cost": 0.27, "Plan Rows": 1, "Plan Width": 4, "Index Cond": "(id = mi.info_type_id)"}]}]}, "Unique SQL Id": 328306525, "Planner Runtime": 10}, "explain_analyze_plan": {"Plan": {"Node Type": "Aggregate", "Strategy": "Plain", "Startup Cost": 85293.18, "Total Cost": 85293.19, "Plan Rows": 1, "Plan Width": 49, "Actual Min Startup Time": 150.989, "Actual Max Startup Time": 150.989, "Actual Min Total Time": 150.989, "Actual Max Total Time": 150.989, "Plans": [{"Node Type": "Nested Loop", "Parent Relationship": "Outer", "Join Type": "Inner", "Startup Cost": 0.0, "Total Cost": 85293.12, "Plan Rows": 24, "Plan Width": 17, "Actual Min Startup Time": 150.979, "Actual Max Startup Time": 150.979, "Actual Min Total Time": 150.979, "Actual Max Total Time": 150.979, "Inner Unique": true, "Plans": [{"Node Type": "Nested Loop", "Parent Relationship": "Outer", "Join Type": "Inner", "Startup Cost": 0.0, "Total Cost": 85286.4, "Plan Rows": 24, "Plan Width": 21, "Actual Min Startup Time": 150.977, "Actual Max Startup Time": 150.977, "Actual Min Total Time": 150.977, "Actual Max Total Time": 150.977, "Inner Unique": false, "Plans": [{"Node Type": "Nested Loop", "Parent Relationship": "Outer", "Join Type": "Inner", "Startup Cost": 0.0, "Total Cost": 85207.41, "Plan Rows": 32, "Plan Width": 25, "Actual Min Startup Time": 150.977, "Actual Max Startup Time": 150.977, "Actual Min Total Time": 150.977, "Actual Max Total Time": 150.977, "Inner Unique": true, "Plans": [{"Node Type": "Nested Loop", "Parent Relationship": "Outer", "Join Type": "Inner", "Startup Cost": 0.0, "Total Cost": 84958.94, "Plan Rows": 30, "Plan Width": 4, "Actual Min Startup Time": 150.976, "Actual Max Startup Time": 150.976, "Actual Min Total Time": 150.976, "Actual Max Total Time": 150.976, "Inner Unique": false, "Join Filter": "(ct.id = mc.company_type_id)", "Rows Removed by Join Filter": 1418, "Plans": [{"Node Type": "Index Scan", "Parent Relationship": "Outer", "Scan Direction": "Forward", "Index Name": "company_type_pkey", "Relation Name": "company_type", "Alias": "ct", "Startup Cost": 0.0, "Total Cost": 12.3, "Plan Rows": 1, "Plan Width": 4, "Actual Min Startup Time": 0.046, "Actual Max Startup Time": 0.046, "Actual Min Total Time": 0.05, "Actual Max Total Time": 0.05, "Filter": "((kind)::text = 'production companies'::text)", "Rows Removed by Filter": 2, "Actual Rows": 1}, {"Node Type": "Materialize", "Parent Relationship": "Inner", "Startup Cost": 0.0, "Total Cost": 84946.04, "Plan Rows": 59, "Plan Width": 8, "Actual Min Startup Time": 150.438, "Actual Max Startup Time": 150.438, "Actual Min Total Time": 150.602, "Actual Max Total Time": 150.602, "Plans": [{"Node Type": "Streaming(type: LOCAL GATHER dop: 1/16)", "Parent Relationship": "Outer", "Startup Cost": 0.0, "Total Cost": 84945.9, "Plan Rows": 59, "Plan Width": 8, "Actual Min Startup Time": 66.76, "Actual Max Startup Time": 66.76, "Actual Min Total Time": 150.176, "Actual Max Total Time": 150.176, "Plans": [{"Node Type": "Index Scan", "Parent Relationship": "Outer", "Scan Direction": "Forward", "Index Name": "company_type_id_movie_companies", "Relation Name": "movie_companies", "Alias": "mc", "Startup Cost": 0.0, "Total Cost": 84944.62, "Plan Rows": 59, "Plan Width": 8, "Actual Min Startup Time": 16.096, "Actual Max Startup Time": 90.09, "Actual Min Total Time": 86.621, "Actual Max Total Time": 133.227, "Filter": "(((note)::text ~~ '%(VHS)%'::text) AND ((note)::text ~~ '%(USA)%'::text) AND ((note)::text ~~ '%(1994)%'::text))", "Rows Removed by Filter": 2607710, "Actual Rows": 1418}], "Actual Rows": 1418}], "Actual Rows": 1419}], "Actual Rows": 0}, {"Node Type": "Index Scan", "Parent Relationship": "Inner", "Scan Direction": "Forward", "Index Name": "title_pkey", "Relation Name": "title", "Alias": "t", "Startup Cost": 0.0, "Total Cost": 8.27, "Plan Rows": 1, "Plan Width": 21, "Actual Startup Time": 0.0, "Actual Total Time": 0.0, "Index Cond": "(id = mc.movie_id)", "Rows Removed by Index Recheck": 0, "Filter": "(production_year > 2010)", "Rows Removed by Filter": 0}], "Actual Rows": 0}, {"Node Type": "Index Scan", "Parent Relationship": "Inner", "Scan Direction": "Forward", "Index Name": "movie_id_movie_info", "Relation Name": "movie_info", "Alias": "mi", "Startup Cost": 0.0, "Total Cost": 2.46, "Plan Rows": 1, "Plan Width": 8, "Actual Startup Time": 0.0, "Actual Total Time": 0.0, "Index Cond": "(movie_id = t.id)", "Rows Removed by Index Recheck": 0, "Filter": "((info)::text = ANY ('{USA,America}'::text[]))", "Rows Removed by Filter": 0}], "Actual Rows": 0}, {"Node Type": "Index Only Scan", "Parent Relationship": "Inner", "Scan Direction": "Forward", "Index Name": "info_type_pkey", "Relation Name": "info_type", "Alias": "it", "Startup Cost": 0.0, "Total Cost": 0.27, "Plan Rows": 1, "Plan Width": 4, "Actual Startup Time": 0.0, "Actual Total Time": 0.0, "Index Cond": "(id = mi.info_type_id)", "Rows Removed by Index Recheck": 0, "Heap Fetches": 0}], "Actual Rows": 0}], "Actual Rows": 1}, "Triggers": [], "Planner Runtime": 9.823, "Total Runtime": 153.389, "Unique SQL Id": 328306525}}, "(16, '2')": {"explain_plan": {"Plan": {"Node Type": "Aggregate", "Strategy": "Plain", "Startup Cost": 19289.21, "Total Cost": 19289.22, "Plan Rows": 1, "Plan Width": 49, "Plans": [{"Node Type": "Nested Loop", "Parent Relationship": "Outer", "Join Type": "Inner", "Startup Cost": 5.13, "Total Cost": 19289.15, "Plan Rows": 24, "Plan Width": 17, "Inner Unique": false, "Join Filter": "(mi.info_type_id = it.id)", "Plans": [{"Node Type": "Seq Scan", "Parent Relationship": "Outer", "Relation Name": "info_type", "Alias": "it", "Startup Cost": 0.0, "Total Cost": 2.12, "Plan Rows": 112, "Plan Width": 4}, {"Node Type": "Materialize", "Parent Relationship": "Inner", "Startup Cost": 5.13, "Total Cost": 19246.77, "Plan Rows": 24, "Plan Width": 21, "Plans": [{"Node Type": "Nested Loop", "Parent Relationship": "Outer", "Join Type": "Inner", "Startup Cost": 5.13, "Total Cost": 19246.65, "Plan Rows": 24, "Plan Width": 21, "Inner Unique": false, "Plans": [{"Node Type": "Nested Loop", "Parent Relationship": "Outer", "Join Type": "Inner", "Startup Cost": 4.26, "Total Cost": 19088.14, "Plan Rows": 32, "Plan Width": 25, "Inner Unique": true, "Plans": [{"Node Type": "Nested Loop", "Parent Relationship": "Outer", "Join Type": "Inner", "Startup Cost": 0.0, "Total Cost": 18839.66, "Plan Rows": 30, "Plan Width": 4, "Inner Unique": false, "Join Filter": "(ct.id = mc.company_type_id)", "Plans": [{"Node Type": "Seq Scan", "Parent Relationship": "Outer", "Relation Name": "company_type", "Alias": "ct", "Startup Cost": 0.0, "Total Cost": 1.04, "Plan Rows": 1, "Plan Width": 4, "Filter": "((kind)::text = 'production companies'::text)"}, {"Node Type": "Materialize", "Parent Relationship": "Inner", "Startup Cost": 0.0, "Total Cost": 18838.03, "Plan Rows": 59, "Plan Width": 8, "Plans": [{"Node Type": "Streaming(type: LOCAL GATHER dop: 1/16)", "Parent Relationship": "Outer", "Startup Cost": 0.0, "Total Cost": 18837.88, "Plan Rows": 59, "Plan Width": 8, "Plans": [{"Node Type": "Seq Scan", "Parent Relationship": "Outer", "Relation Name": "movie_companies", "Alias": "mc", "Startup Cost": 0.0, "Total Cost": 18836.61, "Plan Rows": 59, "Plan Width": 8, "Filter": "(((note)::text ~~ '%(VHS)%'::text) AND ((note)::text ~~ '%(USA)%'::text) AND ((note)::text ~~ '%(1994)%'::text))"}]}]}]}, {"Node Type": "Bitmap Heap Scan", "Parent Relationship": "Inner", "Relation Name": "title", "Alias": "t", "Startup Cost": 4.26, "Total Cost": 8.27, "Plan Rows": 1, "Plan Width": 21, "Recheck Cond": "(id = mc.movie_id)", "Filter": "(production_year > 2010)", "Plans": [{"Node Type": "Bitmap Index Scan", "Parent Relationship": "Outer", "Index Name": "title_pkey", "Startup Cost": 0.0, "Total Cost": 4.26, "Plan Rows": 1, "Plan Width": 0, "Index Cond": "(id = mc.movie_id)"}]}]}, {"Node Type": "Bitmap Heap Scan", "Parent Relationship": "Inner", "Relation Name": "movie_info", "Alias": "mi", "Startup Cost": 0.87, "Total Cost": 4.94, "Plan Rows": 1, "Plan Width": 8, "Recheck Cond": "(movie_id = t.id)", "Filter": "((info)::text = ANY ('{USA,America}'::text[]))", "Plans": [{"Node Type": "Bitmap Index Scan", "Parent Relationship": "Outer", "Index Name": "movie_id_movie_info", "Startup Cost": 0.0, "Total Cost": 0.87, "Plan Rows": 5, "Plan Width": 0, "Index Cond": "(movie_id = t.id)"}]}]}]}]}]}, "Unique SQL Id": 328306525, "Planner Runtime": 11}, "explain_analyze_plan": {"Plan": {"Node Type": "Aggregate", "Strategy": "Plain", "Startup Cost": 19289.21, "Total Cost": 19289.22, "Plan Rows": 1, "Plan Width": 49, "Actual Min Startup Time": 79.845, "Actual Max Startup Time": 79.845, "Actual Min Total Time": 79.845, "Actual Max Total Time": 79.845, "Plans": [{"Node Type": "Nested Loop", "Parent Relationship": "Outer", "Join Type": "Inner", "Startup Cost": 5.13, "Total Cost": 19289.15, "Plan Rows": 24, "Plan Width": 17, "Actual Min Startup Time": 79.836, "Actual Max Startup Time": 79.836, "Actual Min Total Time": 79.836, "Actual Max Total Time": 79.836, "Inner Unique": false, "Join Filter": "(mi.info_type_id = it.id)", "Rows Removed by Join Filter": 0, "Plans": [{"Node Type": "Seq Scan", "Parent Relationship": "Outer", "Relation Name": "info_type", "Alias": "it", "Startup Cost": 0.0, "Total Cost": 2.12, "Plan Rows": 112, "Plan Width": 4, "Actual Min Startup Time": 0.032, "Actual Max Startup Time": 0.032, "Actual Min Total Time": 0.05, "Actual Max Total Time": 0.05, "Actual Rows": 112}, {"Node Type": "Materialize", "Parent Relationship": "Inner", "Startup Cost": 5.13, "Total Cost": 19246.77, "Plan Rows": 24, "Plan Width": 21, "Actual Min Startup Time": 79.761, "Actual Max Startup Time": 79.761, "Actual Min Total Time": 79.761, "Actual Max Total Time": 79.761, "Plans": [{"Node Type": "Nested Loop", "Parent Relationship": "Outer", "Join Type": "Inner", "Startup Cost": 5.13, "Total Cost": 19246.65, "Plan Rows": 24, "Plan Width": 21, "Actual Min Startup Time": 79.749, "Actual Max Startup Time": 79.749, "Actual Min Total Time": 79.749, "Actual Max Total Time": 79.749, "Inner Unique": false, "Plans": [{"Node Type": "Nested Loop", "Parent Relationship": "Outer", "Join Type": "Inner", "Startup Cost": 4.26, "Total Cost": 19088.14, "Plan Rows": 32, "Plan Width": 25, "Actual Min Startup Time": 79.748, "Actual Max Startup Time": 79.748, "Actual Min Total Time": 79.748, "Actual Max Total Time": 79.748, "Inner Unique": true, "Plans": [{"Node Type": "Nested Loop", "Parent Relationship": "Outer", "Join Type": "Inner", "Startup Cost": 0.0, "Total Cost": 18839.66, "Plan Rows": 30, "Plan Width": 4, "Actual Min Startup Time": 79.747, "Actual Max Startup Time": 79.747, "Actual Min Total Time": 79.747, "Actual Max Total Time": 79.747, "Inner Unique": false, "Join Filter": "(ct.id = mc.company_type_id)", "Rows Removed by Join Filter": 1418, "Plans": [{"Node Type": "Seq Scan", "Parent Relationship": "Outer", "Relation Name": "company_type", "Alias": "ct", "Startup Cost": 0.0, "Total Cost": 1.04, "Plan Rows": 1, "Plan Width": 4, "Actual Min Startup Time": 0.041, "Actual Max Startup Time": 0.041, "Actual Min Total Time": 0.044, "Actual Max Total Time": 0.044, "Filter": "((kind)::text = 'production companies'::text)", "Rows Removed by Filter": 2, "Actual Rows": 1}, {"Node Type": "Materialize", "Parent Relationship": "Inner", "Startup Cost": 0.0, "Total Cost": 18838.03, "Plan Rows": 59, "Plan Width": 8, "Actual Min Startup Time": 79.237, "Actual Max Startup Time": 79.237, "Actual Min Total Time": 79.366, "Actual Max Total Time": 79.366, "Plans": [{"Node Type": "Streaming(type: LOCAL GATHER dop: 1/16)", "Parent Relationship": "Outer", "Startup Cost": 0.0, "Total Cost": 18837.88, "Plan Rows": 59, "Plan Width": 8, "Actual Min Startup Time": 41.667, "Actual Max Startup Time": 41.667, "Actual Min Total Time": 78.971, "Actual Max Total Time": 78.971, "Plans": [{"Node Type": "Seq Scan", "Parent Relationship": "Outer", "Relation Name": "movie_companies", "Alias": "mc", "Startup Cost": 0.0, "Total Cost": 18836.61, "Plan Rows": 59, "Plan Width": 8, "Actual Min Startup Time": 0.983, "Actual Max Startup Time": 12.222, "Actual Min Total Time": 54.232, "Actual Max Total Time": 60.749, "Filter": "(((note)::text ~~ '%(VHS)%'::text) AND ((note)::text ~~ '%(USA)%'::text) AND ((note)::text ~~ '%(1994)%'::text))", "Rows Removed by Filter": 2607710, "Actual Rows": 1418}], "Actual Rows": 1418}], "Actual Rows": 1419}], "Actual Rows": 0}, {"Node Type": "Bitmap Heap Scan", "Parent Relationship": "Inner", "Relation Name": "title", "Alias": "t", "Startup Cost": 4.26, "Total Cost": 8.27, "Plan Rows": 1, "Plan Width": 21, "Actual Startup Time": 0.0, "Actual Total Time": 0.0, "Recheck Cond": "(id = mc.movie_id)", "Rows Removed by Index Recheck": 0, "Filter": "(production_year > 2010)", "Rows Removed by Filter": 0, "Exact Heap Blocks": 0, "Lossy Heap Blocks": 0, "Plans": [{"Node Type": "Bitmap Index Scan", "Parent Relationship": "Outer", "Index Name": "title_pkey", "Startup Cost": 0.0, "Total Cost": 4.26, "Plan Rows": 1, "Plan Width": 0, "Actual Startup Time": 0.0, "Actual Total Time": 0.0, "Index Cond": "(id = mc.movie_id)"}]}], "Actual Rows": 0}, {"Node Type": "Bitmap Heap Scan", "Parent Relationship": "Inner", "Relation Name": "movie_info", "Alias": "mi", "Startup Cost": 0.87, "Total Cost": 4.94, "Plan Rows": 1, "Plan Width": 8, "Actual Startup Time": 0.0, "Actual Total Time": 0.0, "Recheck Cond": "(movie_id = t.id)", "Rows Removed by Index Recheck": 0, "Filter": "((info)::text = ANY ('{USA,America}'::text[]))", "Rows Removed by Filter": 0, "Exact Heap Blocks": 0, "Lossy Heap Blocks": 0, "Plans": [{"Node Type": "Bitmap Index Scan", "Parent Relationship": "Outer", "Index Name": "movie_id_movie_info", "Startup Cost": 0.0, "Total Cost": 0.87, "Plan Rows": 5, "Plan Width": 0, "Actual Startup Time": 0.0, "Actual Total Time": 0.0, "Index Cond": "(movie_id = t.id)"}]}], "Actual Rows": 0}], "Actual Rows": 0}], "Actual Rows": 0}], "Actual Rows": 1}, "Triggers": [], "Planner Runtime": 11.234, "Total Runtime": 82.33, "Unique SQL Id": 328306525}}, "(16, '3')": {"explain_plan": {"Plan": {"Node Type": "Aggregate", "Strategy": "Plain", "Startup Cost": 71749.13, "Total Cost": 71749.14, "Plan Rows": 1, "Plan Width": 49, "Plans": [{"Node Type": "Nested Loop", "Parent Relationship": "Outer", "Join Type": "Inner", "Startup Cost": 28957.62, "Total Cost": 71749.07, "Plan Rows": 24, "Plan Width": 17, "Inner Unique": true, "Plans": [{"Node Type": "Nested Loop", "Parent Relationship": "Outer", "Join Type": "Inner", "Startup Cost": 28957.36, "Total Cost": 71646.35, "Plan Rows": 24, "Plan Width": 21, "Inner Unique": true, "Plans": [{"Node Type": "Nested Loop", "Parent Relationship": "Outer", "Join Type": "Inner", "Startup Cost": 28957.04, "Total Cost": 71502.93, "Plan Rows": 33, "Plan Width": 12, "Inner Unique": false, "Plans": [{"Node Type": "Nested Loop", "Parent Relationship": "Outer", "Join Type": "Inner", "Startup Cost": 28952.75, "Total Cost": 70774.36, "Plan Rows": 30, "Plan Width": 4, "Inner Unique": false, "Plans": [{"Node Type": "Bitmap Heap Scan", "Parent Relationship": "Outer", "Relation Name": "company_type", "Alias": "ct", "Startup Cost": 8.27, "Total Cost": 12.3, "Plan Rows": 1, "Plan Width": 4, "Filter": "((kind)::text = 'production companies'::text)", "Plans": [{"Node Type": "Bitmap Index Scan", "Parent Relationship": "Outer", "Index Name": "company_type_pkey", "Startup Cost": 0.0, "Total Cost": 8.27, "Plan Rows": 3, "Plan Width": 0}]}, {"Node Type": "Bitmap Heap Scan", "Parent Relationship": "Inner", "Relation Name": "movie_companies", "Alias": "mc", "Startup Cost": 28944.49, "Total Cost": 70761.77, "Plan Rows": 29, "Plan Width": 8, "Recheck Cond": "(company_type_id = ct.id)", "Filter": "(((note)::text ~~ '%(VHS)%'::text) AND ((note)::text ~~ '%(USA)%'::text) AND ((note)::text ~~ '%(1994)%'::text))", "Plans": [{"Node Type": "Bitmap Index Scan", "Parent Relationship": "Outer", "Index Name": "company_type_id_movie_companies", "Startup Cost": 0.0, "Total Cost": 28944.48, "Plan Rows": 1304564, "Plan Width": 0, "Index Cond": "(company_type_id = ct.id)"}]}]}, {"Node Type": "Bitmap Heap Scan", "Parent Relationship": "Inner", "Relation Name": "movie_info", "Alias": "mi", "Startup Cost": 4.29, "Total Cost": 24.28, "Plan Rows": 1, "Plan Width": 8, "Recheck Cond": "(movie_id = mc.movie_id)", "Filter": "((info)::text = ANY ('{USA,America}'::text[]))", "Plans": [{"Node Type": "Bitmap Index Scan", "Parent Relationship": "Outer", "Index Name": "movie_id_movie_info", "Startup Cost": 0.0, "Total Cost": 4.29, "Plan Rows": 5, "Plan Width": 0, "Index Cond": "(movie_id = mc.movie_id)"}]}]}, {"Node Type": "Bitmap Heap Scan", "Parent Relationship": "Inner", "Relation Name": "title", "Alias": "t", "Startup Cost": 0.32, "Total Cost": 4.34, "Plan Rows": 1, "Plan Width": 21, "Recheck Cond": "(id = mi.movie_id)", "Filter": "(production_year > 2010)", "Plans": [{"Node Type": "Bitmap Index Scan", "Parent Relationship": "Outer", "Index Name": "title_pkey", "Startup Cost": 0.0, "Total Cost": 0.32, "Plan Rows": 1, "Plan Width": 0, "Index Cond": "(id = mi.movie_id)"}]}]}, {"Node Type": "Bitmap Heap Scan", "Parent Relationship": "Inner", "Relation Name": "info_type", "Alias": "it", "Startup Cost": 0.26, "Total Cost": 4.27, "Plan Rows": 1, "Plan Width": 4, "Recheck Cond": "(id = mi.info_type_id)", "Plans": [{"Node Type": "Bitmap Index Scan", "Parent Relationship": "Outer", "Index Name": "info_type_pkey", "Startup Cost": 0.0, "Total Cost": 0.26, "Plan Rows": 1, "Plan Width": 0, "Index Cond": "(id = mi.info_type_id)"}]}]}]}, "Unique SQL Id": 328306525, "Planner Runtime": 8}, "explain_analyze_plan": null}, "(16, '4')": {"explain_plan": {"Plan": {"Node Type": "Aggregate", "Strategy": "Plain", "Startup Cost": 19173.9, "Total Cost": 19173.91, "Plan Rows": 1, "Plan Width": 49, "Plans": [{"Node Type": "Nested Loop", "Parent Relationship": "Outer", "Join Type": "Inner", "Startup Cost": 0.0, "Total Cost": 19173.84, "Plan Rows": 24, "Plan Width": 17, "Inner Unique": true, "Plans": [{"Node Type": "Nested Loop", "Parent Relationship": "Outer", "Join Type": "Inner", "Startup Cost": 0.0, "Total Cost": 19167.12, "Plan Rows": 24, "Plan Width": 21, "Inner Unique": false, "Plans": [{"Node Type": "Nested Loop", "Parent Relationship": "Outer", "Join Type": "Inner", "Startup Cost": 0.0, "Total Cost": 19088.13, "Plan Rows": 32, "Plan Width": 25, "Inner Unique": true, "Plans": [{"Node Type": "Nested Loop", "Parent Relationship": "Outer", "Join Type": "Inner", "Startup Cost": 0.0, "Total Cost": 18839.66, "Plan Rows": 30, "Plan Width": 4, "Inner Unique": false, "Join Filter": "(ct.id = mc.company_type_id)", "Plans": [{"Node Type": "Seq Scan", "Parent Relationship": "Outer", "Relation Name": "company_type", "Alias": "ct", "Startup Cost": 0.0, "Total Cost": 1.04, "Plan Rows": 1, "Plan Width": 4, "Filter": "((kind)::text = 'production companies'::text)"}, {"Node Type": "Materialize", "Parent Relationship": "Inner", "Startup Cost": 0.0, "Total Cost": 18838.03, "Plan Rows": 59, "Plan Width": 8, "Plans": [{"Node Type": "Streaming(type: LOCAL GATHER dop: 1/16)", "Parent Relationship": "Outer", "Startup Cost": 0.0, "Total Cost": 18837.88, "Plan Rows": 59, "Plan Width": 8, "Plans": [{"Node Type": "Seq Scan", "Parent Relationship": "Outer", "Relation Name": "movie_companies", "Alias": "mc", "Startup Cost": 0.0, "Total Cost": 18836.61, "Plan Rows": 59, "Plan Width": 8, "Filter": "(((note)::text ~~ '%(VHS)%'::text) AND ((note)::text ~~ '%(USA)%'::text) AND ((note)::text ~~ '%(1994)%'::text))"}]}]}]}, {"Node Type": "Index Scan", "Parent Relationship": "Inner", "Scan Direction": "Forward", "Index Name": "title_pkey", "Relation Name": "title", "Alias": "t", "Startup Cost": 0.0, "Total Cost": 8.27, "Plan Rows": 1, "Plan Width": 21, "Index Cond": "(id = mc.movie_id)", "Filter": "(production_year > 2010)"}]}, {"Node Type": "Index Scan", "Parent Relationship": "Inner", "Scan Direction": "Forward", "Index Name": "movie_id_movie_info", "Relation Name": "movie_info", "Alias": "mi", "Startup Cost": 0.0, "Total Cost": 2.46, "Plan Rows": 1, "Plan Width": 8, "Index Cond": "(movie_id = t.id)", "Filter": "((info)::text = ANY ('{USA,America}'::text[]))"}]}, {"Node Type": "Index Scan", "Parent Relationship": "Inner", "Scan Direction": "Forward", "Index Name": "info_type_pkey", "Relation Name": "info_type", "Alias": "it", "Startup Cost": 0.0, "Total Cost": 0.27, "Plan Rows": 1, "Plan Width": 4, "Index Cond": "(id = mi.info_type_id)"}]}]}, "Unique SQL Id": 328306525, "Planner Runtime": 10}, "explain_analyze_plan": {"Plan": {"Node Type": "Aggregate", "Strategy": "Plain", "Startup Cost": 19173.9, "Total Cost": 19173.91, "Plan Rows": 1, "Plan Width": 49, "Actual Min Startup Time": 82.106, "Actual Max Startup Time": 82.106, "Actual Min Total Time": 82.107, "Actual Max Total Time": 82.107, "Plans": [{"Node Type": "Nested Loop", "Parent Relationship": "Outer", "Join Type": "Inner", "Startup Cost": 0.0, "Total Cost": 19173.84, "Plan Rows": 24, "Plan Width": 17, "Actual Min Startup Time": 82.087, "Actual Max Startup Time": 82.087, "Actual Min Total Time": 82.087, "Actual Max Total Time": 82.087, "Inner Unique": true, "Plans": [{"Node Type": "Nested Loop", "Parent Relationship": "Outer", "Join Type": "Inner", "Startup Cost": 0.0, "Total Cost": 19167.12, "Plan Rows": 24, "Plan Width": 21, "Actual Min Startup Time": 82.085, "Actual Max Startup Time": 82.085, "Actual Min Total Time": 82.085, "Actual Max Total Time": 82.085, "Inner Unique": false, "Plans": [{"Node Type": "Nested Loop", "Parent Relationship": "Outer", "Join Type": "Inner", "Startup Cost": 0.0, "Total Cost": 19088.13, "Plan Rows": 32, "Plan Width": 25, "Actual Min Startup Time": 82.085, "Actual Max Startup Time": 82.085, "Actual Min Total Time": 82.085, "Actual Max Total Time": 82.085, "Inner Unique": true, "Plans": [{"Node Type": "Nested Loop", "Parent Relationship": "Outer", "Join Type": "Inner", "Startup Cost": 0.0, "Total Cost": 18839.66, "Plan Rows": 30, "Plan Width": 4, "Actual Min Startup Time": 82.084, "Actual Max Startup Time": 82.084, "Actual Min Total Time": 82.084, "Actual Max Total Time": 82.084, "Inner Unique": false, "Join Filter": "(ct.id = mc.company_type_id)", "Rows Removed by Join Filter": 1418, "Plans": [{"Node Type": "Seq Scan", "Parent Relationship": "Outer", "Relation Name": "company_type", "Alias": "ct", "Startup Cost": 0.0, "Total Cost": 1.04, "Plan Rows": 1, "Plan Width": 4, "Actual Min Startup Time": 0.038, "Actual Max Startup Time": 0.038, "Actual Min Total Time": 0.041, "Actual Max Total Time": 0.041, "Filter": "((kind)::text = 'production companies'::text)", "Rows Removed by Filter": 2, "Actual Rows": 1}, {"Node Type": "Materialize", "Parent Relationship": "Inner", "Startup Cost": 0.0, "Total Cost": 18838.03, "Plan Rows": 59, "Plan Width": 8, "Actual Min Startup Time": 81.576, "Actual Max Startup Time": 81.576, "Actual Min Total Time": 81.713, "Actual Max Total Time": 81.713, "Plans": [{"Node Type": "Streaming(type: LOCAL GATHER dop: 1/16)", "Parent Relationship": "Outer", "Startup Cost": 0.0, "Total Cost": 18837.88, "Plan Rows": 59, "Plan Width": 8, "Actual Min Startup Time": 45.285, "Actual Max Startup Time": 45.285, "Actual Min Total Time": 81.331, "Actual Max Total Time": 81.331, "Plans": [{"Node Type": "Seq Scan", "Parent Relationship": "Outer", "Relation Name": "movie_companies", "Alias": "mc", "Startup Cost": 0.0, "Total Cost": 18836.61, "Plan Rows": 59, "Plan Width": 8, "Actual Min Startup Time": 1.004, "Actual Max Startup Time": 12.22, "Actual Min Total Time": 54.35, "Actual Max Total Time": 60.791, "Filter": "(((note)::text ~~ '%(VHS)%'::text) AND ((note)::text ~~ '%(USA)%'::text) AND ((note)::text ~~ '%(1994)%'::text))", "Rows Removed by Filter": 2607710, "Actual Rows": 1418}], "Actual Rows": 1418}], "Actual Rows": 1419}], "Actual Rows": 0}, {"Node Type": "Index Scan", "Parent Relationship": "Inner", "Scan Direction": "Forward", "Index Name": "title_pkey", "Relation Name": "title", "Alias": "t", "Startup Cost": 0.0, "Total Cost": 8.27, "Plan Rows": 1, "Plan Width": 21, "Actual Startup Time": 0.0, "Actual Total Time": 0.0, "Index Cond": "(id = mc.movie_id)", "Rows Removed by Index Recheck": 0, "Filter": "(production_year > 2010)", "Rows Removed by Filter": 0}], "Actual Rows": 0}, {"Node Type": "Index Scan", "Parent Relationship": "Inner", "Scan Direction": "Forward", "Index Name": "movie_id_movie_info", "Relation Name": "movie_info", "Alias": "mi", "Startup Cost": 0.0, "Total Cost": 2.46, "Plan Rows": 1, "Plan Width": 8, "Actual Startup Time": 0.0, "Actual Total Time": 0.0, "Index Cond": "(movie_id = t.id)", "Rows Removed by Index Recheck": 0, "Filter": "((info)::text = ANY ('{USA,America}'::text[]))", "Rows Removed by Filter": 0}], "Actual Rows": 0}, {"Node Type": "Index Scan", "Parent Relationship": "Inner", "Scan Direction": "Forward", "Index Name": "info_type_pkey", "Relation Name": "info_type", "Alias": "it", "Startup Cost": 0.0, "Total Cost": 0.27, "Plan Rows": 1, "Plan Width": 4, "Actual Startup Time": 0.0, "Actual Total Time": 0.0, "Index Cond": "(id = mi.info_type_id)", "Rows Removed by Index Recheck": 0}], "Actual Rows": 0}], "Actual Rows": 1}, "Triggers": [], "Planner Runtime": 10.153, "Total Runtime": 84.649, "Unique SQL Id": 328306525}}, "(16, '5')": {"explain_plan": {"Plan": {"Node Type": "Aggregate", "Strategy": "Plain", "Startup Cost": 85293.18, "Total Cost": 85293.19, "Plan Rows": 1, "Plan Width": 49, "Plans": [{"Node Type": "Nested Loop", "Parent Relationship": "Outer", "Join Type": "Inner", "Startup Cost": 0.0, "Total Cost": 85293.12, "Plan Rows": 24, "Plan Width": 17, "Inner Unique": true, "Plans": [{"Node Type": "Nested Loop", "Parent Relationship": "Outer", "Join Type": "Inner", "Startup Cost": 0.0, "Total Cost": 85286.4, "Plan Rows": 24, "Plan Width": 21, "Inner Unique": false, "Plans": [{"Node Type": "Nested Loop", "Parent Relationship": "Outer", "Join Type": "Inner", "Startup Cost": 0.0, "Total Cost": 85207.41, "Plan Rows": 32, "Plan Width": 25, "Inner Unique": true, "Plans": [{"Node Type": "Nested Loop", "Parent Relationship": "Outer", "Join Type": "Inner", "Startup Cost": 0.0, "Total Cost": 84958.94, "Plan Rows": 30, "Plan Width": 4, "Inner Unique": false, "Join Filter": "(ct.id = mc.company_type_id)", "Plans": [{"Node Type": "Index Scan", "Parent Relationship": "Outer", "Scan Direction": "Forward", "Index Name": "company_type_pkey", "Relation Name": "company_type", "Alias": "ct", "Startup Cost": 0.0, "Total Cost": 12.3, "Plan Rows": 1, "Plan Width": 4, "Filter": "((kind)::text = 'production companies'::text)"}, {"Node Type": "Materialize", "Parent Relationship": "Inner", "Startup Cost": 0.0, "Total Cost": 84946.04, "Plan Rows": 59, "Plan Width": 8, "Plans": [{"Node Type": "Streaming(type: LOCAL GATHER dop: 1/16)", "Parent Relationship": "Outer", "Startup Cost": 0.0, "Total Cost": 84945.9, "Plan Rows": 59, "Plan Width": 8, "Plans": [{"Node Type": "Index Scan", "Parent Relationship": "Outer", "Scan Direction": "Forward", "Index Name": "company_type_id_movie_companies", "Relation Name": "movie_companies", "Alias": "mc", "Startup Cost": 0.0, "Total Cost": 84944.62, "Plan Rows": 59, "Plan Width": 8, "Filter": "(((note)::text ~~ '%(VHS)%'::text) AND ((note)::text ~~ '%(USA)%'::text) AND ((note)::text ~~ '%(1994)%'::text))"}]}]}]}, {"Node Type": "Index Scan", "Parent Relationship": "Inner", "Scan Direction": "Forward", "Index Name": "title_pkey", "Relation Name": "title", "Alias": "t", "Startup Cost": 0.0, "Total Cost": 8.27, "Plan Rows": 1, "Plan Width": 21, "Index Cond": "(id = mc.movie_id)", "Filter": "(production_year > 2010)"}]}, {"Node Type": "Index Scan", "Parent Relationship": "Inner", "Scan Direction": "Forward", "Index Name": "movie_id_movie_info", "Relation Name": "movie_info", "Alias": "mi", "Startup Cost": 0.0, "Total Cost": 2.46, "Plan Rows": 1, "Plan Width": 8, "Index Cond": "(movie_id = t.id)", "Filter": "((info)::text = ANY ('{USA,America}'::text[]))"}]}, {"Node Type": "Index Scan", "Parent Relationship": "Inner", "Scan Direction": "Forward", "Index Name": "info_type_pkey", "Relation Name": "info_type", "Alias": "it", "Startup Cost": 0.0, "Total Cost": 0.27, "Plan Rows": 1, "Plan Width": 4, "Index Cond": "(id = mi.info_type_id)"}]}]}, "Unique SQL Id": 328306525, "Planner Runtime": 10}, "explain_analyze_plan": {"Plan": {"Node Type": "Aggregate", "Strategy": "Plain", "Startup Cost": 85293.18, "Total Cost": 85293.19, "Plan Rows": 1, "Plan Width": 49, "Actual Min Startup Time": 153.891, "Actual Max Startup Time": 153.891, "Actual Min Total Time": 153.892, "Actual Max Total Time": 153.892, "Plans": [{"Node Type": "Nested Loop", "Parent Relationship": "Outer", "Join Type": "Inner", "Startup Cost": 0.0, "Total Cost": 85293.12, "Plan Rows": 24, "Plan Width": 17, "Actual Min Startup Time": 153.883, "Actual Max Startup Time": 153.883, "Actual Min Total Time": 153.883, "Actual Max Total Time": 153.883, "Inner Unique": true, "Plans": [{"Node Type": "Nested Loop", "Parent Relationship": "Outer", "Join Type": "Inner", "Startup Cost": 0.0, "Total Cost": 85286.4, "Plan Rows": 24, "Plan Width": 21, "Actual Min Startup Time": 153.881, "Actual Max Startup Time": 153.881, "Actual Min Total Time": 153.881, "Actual Max Total Time": 153.881, "Inner Unique": false, "Plans": [{"Node Type": "Nested Loop", "Parent Relationship": "Outer", "Join Type": "Inner", "Startup Cost": 0.0, "Total Cost": 85207.41, "Plan Rows": 32, "Plan Width": 25, "Actual Min Startup Time": 153.88, "Actual Max Startup Time": 153.88, "Actual Min Total Time": 153.88, "Actual Max Total Time": 153.88, "Inner Unique": true, "Plans": [{"Node Type": "Nested Loop", "Parent Relationship": "Outer", "Join Type": "Inner", "Startup Cost": 0.0, "Total Cost": 84958.94, "Plan Rows": 30, "Plan Width": 4, "Actual Min Startup Time": 153.88, "Actual Max Startup Time": 153.88, "Actual Min Total Time": 153.88, "Actual Max Total Time": 153.88, "Inner Unique": false, "Join Filter": "(ct.id = mc.company_type_id)", "Rows Removed by Join Filter": 1418, "Plans": [{"Node Type": "Index Scan", "Parent Relationship": "Outer", "Scan Direction": "Forward", "Index Name": "company_type_pkey", "Relation Name": "company_type", "Alias": "ct", "Startup Cost": 0.0, "Total Cost": 12.3, "Plan Rows": 1, "Plan Width": 4, "Actual Min Startup Time": 0.047, "Actual Max Startup Time": 0.047, "Actual Min Total Time": 0.052, "Actual Max Total Time": 0.052, "Filter": "((kind)::text = 'production companies'::text)", "Rows Removed by Filter": 2, "Actual Rows": 1}, {"Node Type": "Materialize", "Parent Relationship": "Inner", "Startup Cost": 0.0, "Total Cost": 84946.04, "Plan Rows": 59, "Plan Width": 8, "Actual Min Startup Time": 153.359, "Actual Max Startup Time": 153.359, "Actual Min Total Time": 153.492, "Actual Max Total Time": 153.492, "Plans": [{"Node Type": "Streaming(type: LOCAL GATHER dop: 1/16)", "Parent Relationship": "Outer", "Startup Cost": 0.0, "Total Cost": 84945.9, "Plan Rows": 59, "Plan Width": 8, "Actual Min Startup Time": 69.339, "Actual Max Startup Time": 69.339, "Actual Min Total Time": 153.095, "Actual Max Total Time": 153.095, "Plans": [{"Node Type": "Index Scan", "Parent Relationship": "Outer", "Scan Direction": "Forward", "Index Name": "company_type_id_movie_companies", "Relation Name": "movie_companies", "Alias": "mc", "Startup Cost": 0.0, "Total Cost": 84944.62, "Plan Rows": 59, "Plan Width": 8, "Actual Min Startup Time": 18.666, "Actual Max Startup Time": 91.737, "Actual Min Total Time": 88.45, "Actual Max Total Time": 136.558, "Filter": "(((note)::text ~~ '%(VHS)%'::text) AND ((note)::text ~~ '%(USA)%'::text) AND ((note)::text ~~ '%(1994)%'::text))", "Rows Removed by Filter": 2607710, "Actual Rows": 1418}], "Actual Rows": 1418}], "Actual Rows": 1419}], "Actual Rows": 0}, {"Node Type": "Index Scan", "Parent Relationship": "Inner", "Scan Direction": "Forward", "Index Name": "title_pkey", "Relation Name": "title", "Alias": "t", "Startup Cost": 0.0, "Total Cost": 8.27, "Plan Rows": 1, "Plan Width": 21, "Actual Startup Time": 0.0, "Actual Total Time": 0.0, "Index Cond": "(id = mc.movie_id)", "Rows Removed by Index Recheck": 0, "Filter": "(production_year > 2010)", "Rows Removed by Filter": 0}], "Actual Rows": 0}, {"Node Type": "Index Scan", "Parent Relationship": "Inner", "Scan Direction": "Forward", "Index Name": "movie_id_movie_info", "Relation Name": "movie_info", "Alias": "mi", "Startup Cost": 0.0, "Total Cost": 2.46, "Plan Rows": 1, "Plan Width": 8, "Actual Startup Time": 0.0, "Actual Total Time": 0.0, "Index Cond": "(movie_id = t.id)", "Rows Removed by Index Recheck": 0, "Filter": "((info)::text = ANY ('{USA,America}'::text[]))", "Rows Removed by Filter": 0}], "Actual Rows": 0}, {"Node Type": "Index Scan", "Parent Relationship": "Inner", "Scan Direction": "Forward", "Index Name": "info_type_pkey", "Relation Name": "info_type", "Alias": "it", "Startup Cost": 0.0, "Total Cost": 0.27, "Plan Rows": 1, "Plan Width": 4, "Actual Startup Time": 0.0, "Actual Total Time": 0.0, "Index Cond": "(id = mi.info_type_id)", "Rows Removed by Index Recheck": 0}], "Actual Rows": 0}], "Actual Rows": 1}, "Triggers": [], "Planner Runtime": 9.799, "Total Runtime": 156.415, "Unique SQL Id": 328306525}}, "(16, '6')": {"explain_plan": {"Plan": {"Node Type": "Aggregate", "Strategy": "Plain", "Startup Cost": 19289.21, "Total Cost": 19289.22, "Plan Rows": 1, "Plan Width": 49, "Plans": [{"Node Type": "Nested Loop", "Parent Relationship": "Outer", "Join Type": "Inner", "Startup Cost": 5.13, "Total Cost": 19289.15, "Plan Rows": 24, "Plan Width": 17, "Inner Unique": false, "Join Filter": "(mi.info_type_id = it.id)", "Plans": [{"Node Type": "Seq Scan", "Parent Relationship": "Outer", "Relation Name": "info_type", "Alias": "it", "Startup Cost": 0.0, "Total Cost": 2.12, "Plan Rows": 112, "Plan Width": 4}, {"Node Type": "Materialize", "Parent Relationship": "Inner", "Startup Cost": 5.13, "Total Cost": 19246.77, "Plan Rows": 24, "Plan Width": 21, "Plans": [{"Node Type": "Nested Loop", "Parent Relationship": "Outer", "Join Type": "Inner", "Startup Cost": 5.13, "Total Cost": 19246.65, "Plan Rows": 24, "Plan Width": 21, "Inner Unique": false, "Plans": [{"Node Type": "Nested Loop", "Parent Relationship": "Outer", "Join Type": "Inner", "Startup Cost": 4.26, "Total Cost": 19088.14, "Plan Rows": 32, "Plan Width": 25, "Inner Unique": true, "Plans": [{"Node Type": "Nested Loop", "Parent Relationship": "Outer", "Join Type": "Inner", "Startup Cost": 0.0, "Total Cost": 18839.66, "Plan Rows": 30, "Plan Width": 4, "Inner Unique": false, "Join Filter": "(ct.id = mc.company_type_id)", "Plans": [{"Node Type": "Seq Scan", "Parent Relationship": "Outer", "Relation Name": "company_type", "Alias": "ct", "Startup Cost": 0.0, "Total Cost": 1.04, "Plan Rows": 1, "Plan Width": 4, "Filter": "((kind)::text = 'production companies'::text)"}, {"Node Type": "Materialize", "Parent Relationship": "Inner", "Startup Cost": 0.0, "Total Cost": 18838.03, "Plan Rows": 59, "Plan Width": 8, "Plans": [{"Node Type": "Streaming(type: LOCAL GATHER dop: 1/16)", "Parent Relationship": "Outer", "Startup Cost": 0.0, "Total Cost": 18837.88, "Plan Rows": 59, "Plan Width": 8, "Plans": [{"Node Type": "Seq Scan", "Parent Relationship": "Outer", "Relation Name": "movie_companies", "Alias": "mc", "Startup Cost": 0.0, "Total Cost": 18836.61, "Plan Rows": 59, "Plan Width": 8, "Filter": "(((note)::text ~~ '%(VHS)%'::text) AND ((note)::text ~~ '%(USA)%'::text) AND ((note)::text ~~ '%(1994)%'::text))"}]}]}]}, {"Node Type": "Bitmap Heap Scan", "Parent Relationship": "Inner", "Relation Name": "title", "Alias": "t", "Startup Cost": 4.26, "Total Cost": 8.27, "Plan Rows": 1, "Plan Width": 21, "Recheck Cond": "(id = mc.movie_id)", "Filter": "(production_year > 2010)", "Plans": [{"Node Type": "Bitmap Index Scan", "Parent Relationship": "Outer", "Index Name": "title_pkey", "Startup Cost": 0.0, "Total Cost": 4.26, "Plan Rows": 1, "Plan Width": 0, "Index Cond": "(id = mc.movie_id)"}]}]}, {"Node Type": "Bitmap Heap Scan", "Parent Relationship": "Inner", "Relation Name": "movie_info", "Alias": "mi", "Startup Cost": 0.87, "Total Cost": 4.94, "Plan Rows": 1, "Plan Width": 8, "Recheck Cond": "(movie_id = t.id)", "Filter": "((info)::text = ANY ('{USA,America}'::text[]))", "Plans": [{"Node Type": "Bitmap Index Scan", "Parent Relationship": "Outer", "Index Name": "movie_id_movie_info", "Startup Cost": 0.0, "Total Cost": 0.87, "Plan Rows": 5, "Plan Width": 0, "Index Cond": "(movie_id = t.id)"}]}]}]}]}]}, "Unique SQL Id": 328306525, "Planner Runtime": 11}, "explain_analyze_plan": {"Plan": {"Node Type": "Aggregate", "Strategy": "Plain", "Startup Cost": 19289.21, "Total Cost": 19289.22, "Plan Rows": 1, "Plan Width": 49, "Actual Min Startup Time": 79.845, "Actual Max Startup Time": 79.845, "Actual Min Total Time": 79.845, "Actual Max Total Time": 79.845, "Plans": [{"Node Type": "Nested Loop", "Parent Relationship": "Outer", "Join Type": "Inner", "Startup Cost": 5.13, "Total Cost": 19289.15, "Plan Rows": 24, "Plan Width": 17, "Actual Min Startup Time": 79.836, "Actual Max Startup Time": 79.836, "Actual Min Total Time": 79.836, "Actual Max Total Time": 79.836, "Inner Unique": false, "Join Filter": "(mi.info_type_id = it.id)", "Rows Removed by Join Filter": 0, "Plans": [{"Node Type": "Seq Scan", "Parent Relationship": "Outer", "Relation Name": "info_type", "Alias": "it", "Startup Cost": 0.0, "Total Cost": 2.12, "Plan Rows": 112, "Plan Width": 4, "Actual Min Startup Time": 0.032, "Actual Max Startup Time": 0.032, "Actual Min Total Time": 0.05, "Actual Max Total Time": 0.05, "Actual Rows": 112}, {"Node Type": "Materialize", "Parent Relationship": "Inner", "Startup Cost": 5.13, "Total Cost": 19246.77, "Plan Rows": 24, "Plan Width": 21, "Actual Min Startup Time": 79.761, "Actual Max Startup Time": 79.761, "Actual Min Total Time": 79.761, "Actual Max Total Time": 79.761, "Plans": [{"Node Type": "Nested Loop", "Parent Relationship": "Outer", "Join Type": "Inner", "Startup Cost": 5.13, "Total Cost": 19246.65, "Plan Rows": 24, "Plan Width": 21, "Actual Min Startup Time": 79.749, "Actual Max Startup Time": 79.749, "Actual Min Total Time": 79.749, "Actual Max Total Time": 79.749, "Inner Unique": false, "Plans": [{"Node Type": "Nested Loop", "Parent Relationship": "Outer", "Join Type": "Inner", "Startup Cost": 4.26, "Total Cost": 19088.14, "Plan Rows": 32, "Plan Width": 25, "Actual Min Startup Time": 79.748, "Actual Max Startup Time": 79.748, "Actual Min Total Time": 79.748, "Actual Max Total Time": 79.748, "Inner Unique": true, "Plans": [{"Node Type": "Nested Loop", "Parent Relationship": "Outer", "Join Type": "Inner", "Startup Cost": 0.0, "Total Cost": 18839.66, "Plan Rows": 30, "Plan Width": 4, "Actual Min Startup Time": 79.747, "Actual Max Startup Time": 79.747, "Actual Min Total Time": 79.747, "Actual Max Total Time": 79.747, "Inner Unique": false, "Join Filter": "(ct.id = mc.company_type_id)", "Rows Removed by Join Filter": 1418, "Plans": [{"Node Type": "Seq Scan", "Parent Relationship": "Outer", "Relation Name": "company_type", "Alias": "ct", "Startup Cost": 0.0, "Total Cost": 1.04, "Plan Rows": 1, "Plan Width": 4, "Actual Min Startup Time": 0.041, "Actual Max Startup Time": 0.041, "Actual Min Total Time": 0.044, "Actual Max Total Time": 0.044, "Filter": "((kind)::text = 'production companies'::text)", "Rows Removed by Filter": 2, "Actual Rows": 1}, {"Node Type": "Materialize", "Parent Relationship": "Inner", "Startup Cost": 0.0, "Total Cost": 18838.03, "Plan Rows": 59, "Plan Width": 8, "Actual Min Startup Time": 79.237, "Actual Max Startup Time": 79.237, "Actual Min Total Time": 79.366, "Actual Max Total Time": 79.366, "Plans": [{"Node Type": "Streaming(type: LOCAL GATHER dop: 1/16)", "Parent Relationship": "Outer", "Startup Cost": 0.0, "Total Cost": 18837.88, "Plan Rows": 59, "Plan Width": 8, "Actual Min Startup Time": 41.667, "Actual Max Startup Time": 41.667, "Actual Min Total Time": 78.971, "Actual Max Total Time": 78.971, "Plans": [{"Node Type": "Seq Scan", "Parent Relationship": "Outer", "Relation Name": "movie_companies", "Alias": "mc", "Startup Cost": 0.0, "Total Cost": 18836.61, "Plan Rows": 59, "Plan Width": 8, "Actual Min Startup Time": 0.983, "Actual Max Startup Time": 12.222, "Actual Min Total Time": 54.232, "Actual Max Total Time": 60.749, "Filter": "(((note)::text ~~ '%(VHS)%'::text) AND ((note)::text ~~ '%(USA)%'::text) AND ((note)::text ~~ '%(1994)%'::text))", "Rows Removed by Filter": 2607710, "Actual Rows": 1418}], "Actual Rows": 1418}], "Actual Rows": 1419}], "Actual Rows": 0}, {"Node Type": "Bitmap Heap Scan", "Parent Relationship": "Inner", "Relation Name": "title", "Alias": "t", "Startup Cost": 4.26, "Total Cost": 8.27, "Plan Rows": 1, "Plan Width": 21, "Actual Startup Time": 0.0, "Actual Total Time": 0.0, "Recheck Cond": "(id = mc.movie_id)", "Rows Removed by Index Recheck": 0, "Filter": "(production_year > 2010)", "Rows Removed by Filter": 0, "Exact Heap Blocks": 0, "Lossy Heap Blocks": 0, "Plans": [{"Node Type": "Bitmap Index Scan", "Parent Relationship": "Outer", "Index Name": "title_pkey", "Startup Cost": 0.0, "Total Cost": 4.26, "Plan Rows": 1, "Plan Width": 0, "Actual Startup Time": 0.0, "Actual Total Time": 0.0, "Index Cond": "(id = mc.movie_id)"}]}], "Actual Rows": 0}, {"Node Type": "Bitmap Heap Scan", "Parent Relationship": "Inner", "Relation Name": "movie_info", "Alias": "mi", "Startup Cost": 0.87, "Total Cost": 4.94, "Plan Rows": 1, "Plan Width": 8, "Actual Startup Time": 0.0, "Actual Total Time": 0.0, "Recheck Cond": "(movie_id = t.id)", "Rows Removed by Index Recheck": 0, "Filter": "((info)::text = ANY ('{USA,America}'::text[]))", "Rows Removed by Filter": 0, "Exact Heap Blocks": 0, "Lossy Heap Blocks": 0, "Plans": [{"Node Type": "Bitmap Index Scan", "Parent Relationship": "Outer", "Index Name": "movie_id_movie_info", "Startup Cost": 0.0, "Total Cost": 0.87, "Plan Rows": 5, "Plan Width": 0, "Actual Startup Time": 0.0, "Actual Total Time": 0.0, "Index Cond": "(movie_id = t.id)"}]}], "Actual Rows": 0}], "Actual Rows": 0}], "Actual Rows": 0}], "Actual Rows": 1}, "Triggers": [], "Planner Runtime": 11.234, "Total Runtime": 82.33, "Unique SQL Id": 328306525}}, "(16, '7')": {"explain_plan": {"Plan": {"Node Type": "Aggregate", "Strategy": "Plain", "Startup Cost": 71749.13, "Total Cost": 71749.14, "Plan Rows": 1, "Plan Width": 49, "Plans": [{"Node Type": "Nested Loop", "Parent Relationship": "Outer", "Join Type": "Inner", "Startup Cost": 28957.62, "Total Cost": 71749.07, "Plan Rows": 24, "Plan Width": 17, "Inner Unique": true, "Plans": [{"Node Type": "Nested Loop", "Parent Relationship": "Outer", "Join Type": "Inner", "Startup Cost": 28957.36, "Total Cost": 71646.35, "Plan Rows": 24, "Plan Width": 21, "Inner Unique": true, "Plans": [{"Node Type": "Nested Loop", "Parent Relationship": "Outer", "Join Type": "Inner", "Startup Cost": 28957.04, "Total Cost": 71502.93, "Plan Rows": 33, "Plan Width": 12, "Inner Unique": false, "Plans": [{"Node Type": "Nested Loop", "Parent Relationship": "Outer", "Join Type": "Inner", "Startup Cost": 28952.75, "Total Cost": 70774.36, "Plan Rows": 30, "Plan Width": 4, "Inner Unique": false, "Plans": [{"Node Type": "Bitmap Heap Scan", "Parent Relationship": "Outer", "Relation Name": "company_type", "Alias": "ct", "Startup Cost": 8.27, "Total Cost": 12.3, "Plan Rows": 1, "Plan Width": 4, "Filter": "((kind)::text = 'production companies'::text)", "Plans": [{"Node Type": "Bitmap Index Scan", "Parent Relationship": "Outer", "Index Name": "company_type_pkey", "Startup Cost": 0.0, "Total Cost": 8.27, "Plan Rows": 3, "Plan Width": 0}]}, {"Node Type": "Bitmap Heap Scan", "Parent Relationship": "Inner", "Relation Name": "movie_companies", "Alias": "mc", "Startup Cost": 28944.49, "Total Cost": 70761.77, "Plan Rows": 29, "Plan Width": 8, "Recheck Cond": "(company_type_id = ct.id)", "Filter": "(((note)::text ~~ '%(VHS)%'::text) AND ((note)::text ~~ '%(USA)%'::text) AND ((note)::text ~~ '%(1994)%'::text))", "Plans": [{"Node Type": "Bitmap Index Scan", "Parent Relationship": "Outer", "Index Name": "company_type_id_movie_companies", "Startup Cost": 0.0, "Total Cost": 28944.48, "Plan Rows": 1304564, "Plan Width": 0, "Index Cond": "(company_type_id = ct.id)"}]}]}, {"Node Type": "Bitmap Heap Scan", "Parent Relationship": "Inner", "Relation Name": "movie_info", "Alias": "mi", "Startup Cost": 4.29, "Total Cost": 24.28, "Plan Rows": 1, "Plan Width": 8, "Recheck Cond": "(movie_id = mc.movie_id)", "Filter": "((info)::text = ANY ('{USA,America}'::text[]))", "Plans": [{"Node Type": "Bitmap Index Scan", "Parent Relationship": "Outer", "Index Name": "movie_id_movie_info", "Startup Cost": 0.0, "Total Cost": 4.29, "Plan Rows": 5, "Plan Width": 0, "Index Cond": "(movie_id = mc.movie_id)"}]}]}, {"Node Type": "Bitmap Heap Scan", "Parent Relationship": "Inner", "Relation Name": "title", "Alias": "t", "Startup Cost": 0.32, "Total Cost": 4.34, "Plan Rows": 1, "Plan Width": 21, "Recheck Cond": "(id = mi.movie_id)", "Filter": "(production_year > 2010)", "Plans": [{"Node Type": "Bitmap Index Scan", "Parent Relationship": "Outer", "Index Name": "title_pkey", "Startup Cost": 0.0, "Total Cost": 0.32, "Plan Rows": 1, "Plan Width": 0, "Index Cond": "(id = mi.movie_id)"}]}]}, {"Node Type": "Bitmap Heap Scan", "Parent Relationship": "Inner", "Relation Name": "info_type", "Alias": "it", "Startup Cost": 0.26, "Total Cost": 4.27, "Plan Rows": 1, "Plan Width": 4, "Recheck Cond": "(id = mi.info_type_id)", "Plans": [{"Node Type": "Bitmap Index Scan", "Parent Relationship": "Outer", "Index Name": "info_type_pkey", "Startup Cost": 0.0, "Total Cost": 0.26, "Plan Rows": 1, "Plan Width": 0, "Index Cond": "(id = mi.info_type_id)"}]}]}]}, "Unique SQL Id": 328306525, "Planner Runtime": 8}, "explain_analyze_plan": null}, "(16, '8')": {"explain_plan": {"Plan": {"Node Type": "Aggregate", "Strategy": "Plain", "Startup Cost": 19173.9, "Total Cost": 19173.91, "Plan Rows": 1, "Plan Width": 49, "Plans": [{"Node Type": "Nested Loop", "Parent Relationship": "Outer", "Join Type": "Inner", "Startup Cost": 0.0, "Total Cost": 19173.84, "Plan Rows": 24, "Plan Width": 17, "Inner Unique": true, "Plans": [{"Node Type": "Nested Loop", "Parent Relationship": "Outer", "Join Type": "Inner", "Startup Cost": 0.0, "Total Cost": 19167.12, "Plan Rows": 24, "Plan Width": 21, "Inner Unique": false, "Plans": [{"Node Type": "Nested Loop", "Parent Relationship": "Outer", "Join Type": "Inner", "Startup Cost": 0.0, "Total Cost": 19088.13, "Plan Rows": 32, "Plan Width": 25, "Inner Unique": true, "Plans": [{"Node Type": "Nested Loop", "Parent Relationship": "Outer", "Join Type": "Inner", "Startup Cost": 0.0, "Total Cost": 18839.66, "Plan Rows": 30, "Plan Width": 4, "Inner Unique": false, "Join Filter": "(ct.id = mc.company_type_id)", "Plans": [{"Node Type": "Seq Scan", "Parent Relationship": "Outer", "Relation Name": "company_type", "Alias": "ct", "Startup Cost": 0.0, "Total Cost": 1.04, "Plan Rows": 1, "Plan Width": 4, "Filter": "((kind)::text = 'production companies'::text)"}, {"Node Type": "Materialize", "Parent Relationship": "Inner", "Startup Cost": 0.0, "Total Cost": 18838.03, "Plan Rows": 59, "Plan Width": 8, "Plans": [{"Node Type": "Streaming(type: LOCAL GATHER dop: 1/16)", "Parent Relationship": "Outer", "Startup Cost": 0.0, "Total Cost": 18837.88, "Plan Rows": 59, "Plan Width": 8, "Plans": [{"Node Type": "Seq Scan", "Parent Relationship": "Outer", "Relation Name": "movie_companies", "Alias": "mc", "Startup Cost": 0.0, "Total Cost": 18836.61, "Plan Rows": 59, "Plan Width": 8, "Filter": "(((note)::text ~~ '%(VHS)%'::text) AND ((note)::text ~~ '%(USA)%'::text) AND ((note)::text ~~ '%(1994)%'::text))"}]}]}]}, {"Node Type": "Index Scan", "Parent Relationship": "Inner", "Scan Direction": "Forward", "Index Name": "title_pkey", "Relation Name": "title", "Alias": "t", "Startup Cost": 0.0, "Total Cost": 8.27, "Plan Rows": 1, "Plan Width": 21, "Index Cond": "(id = mc.movie_id)", "Filter": "(production_year > 2010)"}]}, {"Node Type": "Index Scan", "Parent Relationship": "Inner", "Scan Direction": "Forward", "Index Name": "movie_id_movie_info", "Relation Name": "movie_info", "Alias": "mi", "Startup Cost": 0.0, "Total Cost": 2.46, "Plan Rows": 1, "Plan Width": 8, "Index Cond": "(movie_id = t.id)", "Filter": "((info)::text = ANY ('{USA,America}'::text[]))"}]}, {"Node Type": "Index Only Scan", "Parent Relationship": "Inner", "Scan Direction": "Forward", "Index Name": "info_type_pkey", "Relation Name": "info_type", "Alias": "it", "Startup Cost": 0.0, "Total Cost": 0.27, "Plan Rows": 1, "Plan Width": 4, "Index Cond": "(id = mi.info_type_id)"}]}]}, "Unique SQL Id": 328306525, "Planner Runtime": 10}, "explain_analyze_plan": {"Plan": {"Node Type": "Aggregate", "Strategy": "Plain", "Startup Cost": 19173.9, "Total Cost": 19173.91, "Plan Rows": 1, "Plan Width": 49, "Actual Min Startup Time": 83.27, "Actual Max Startup Time": 83.27, "Actual Min Total Time": 83.271, "Actual Max Total Time": 83.271, "Plans": [{"Node Type": "Nested Loop", "Parent Relationship": "Outer", "Join Type": "Inner", "Startup Cost": 0.0, "Total Cost": 19173.84, "Plan Rows": 24, "Plan Width": 17, "Actual Min Startup Time": 83.259, "Actual Max Startup Time": 83.259, "Actual Min Total Time": 83.259, "Actual Max Total Time": 83.259, "Inner Unique": true, "Plans": [{"Node Type": "Nested Loop", "Parent Relationship": "Outer", "Join Type": "Inner", "Startup Cost": 0.0, "Total Cost": 19167.12, "Plan Rows": 24, "Plan Width": 21, "Actual Min Startup Time": 83.257, "Actual Max Startup Time": 83.257, "Actual Min Total Time": 83.257, "Actual Max Total Time": 83.257, "Inner Unique": false, "Plans": [{"Node Type": "Nested Loop", "Parent Relationship": "Outer", "Join Type": "Inner", "Startup Cost": 0.0, "Total Cost": 19088.13, "Plan Rows": 32, "Plan Width": 25, "Actual Min Startup Time": 83.256, "Actual Max Startup Time": 83.256, "Actual Min Total Time": 83.256, "Actual Max Total Time": 83.256, "Inner Unique": true, "Plans": [{"Node Type": "Nested Loop", "Parent Relationship": "Outer", "Join Type": "Inner", "Startup Cost": 0.0, "Total Cost": 18839.66, "Plan Rows": 30, "Plan Width": 4, "Actual Min Startup Time": 83.256, "Actual Max Startup Time": 83.256, "Actual Min Total Time": 83.256, "Actual Max Total Time": 83.256, "Inner Unique": false, "Join Filter": "(ct.id = mc.company_type_id)", "Rows Removed by Join Filter": 1418, "Plans": [{"Node Type": "Seq Scan", "Parent Relationship": "Outer", "Relation Name": "company_type", "Alias": "ct", "Startup Cost": 0.0, "Total Cost": 1.04, "Plan Rows": 1, "Plan Width": 4, "Actual Min Startup Time": 0.047, "Actual Max Startup Time": 0.047, "Actual Min Total Time": 0.05, "Actual Max Total Time": 0.05, "Filter": "((kind)::text = 'production companies'::text)", "Rows Removed by Filter": 2, "Actual Rows": 1}, {"Node Type": "Materialize", "Parent Relationship": "Inner", "Startup Cost": 0.0, "Total Cost": 18838.03, "Plan Rows": 59, "Plan Width": 8, "Actual Min Startup Time": 82.738, "Actual Max Startup Time": 82.738, "Actual Min Total Time": 82.874, "Actual Max Total Time": 82.874, "Plans": [{"Node Type": "Streaming(type: LOCAL GATHER dop: 1/16)", "Parent Relationship": "Outer", "Startup Cost": 0.0, "Total Cost": 18837.88, "Plan Rows": 59, "Plan Width": 8, "Actual Min Startup Time": 41.394, "Actual Max Startup Time": 41.394, "Actual Min Total Time": 82.488, "Actual Max Total Time": 82.488, "Plans": [{"Node Type": "Seq Scan", "Parent Relationship": "Outer", "Relation Name": "movie_companies", "Alias": "mc", "Startup Cost": 0.0, "Total Cost": 18836.61, "Plan Rows": 59, "Plan Width": 8, "Actual Min Startup Time": 0.994, "Actual Max Startup Time": 12.189, "Actual Min Total Time": 54.261, "Actual Max Total Time": 60.78, "Filter": "(((note)::text ~~ '%(VHS)%'::text) AND ((note)::text ~~ '%(USA)%'::text) AND ((note)::text ~~ '%(1994)%'::text))", "Rows Removed by Filter": 2607710, "Actual Rows": 1418}], "Actual Rows": 1418}], "Actual Rows": 1419}], "Actual Rows": 0}, {"Node Type": "Index Scan", "Parent Relationship": "Inner", "Scan Direction": "Forward", "Index Name": "title_pkey", "Relation Name": "title", "Alias": "t", "Startup Cost": 0.0, "Total Cost": 8.27, "Plan Rows": 1, "Plan Width": 21, "Actual Startup Time": 0.0, "Actual Total Time": 0.0, "Index Cond": "(id = mc.movie_id)", "Rows Removed by Index Recheck": 0, "Filter": "(production_year > 2010)", "Rows Removed by Filter": 0}], "Actual Rows": 0}, {"Node Type": "Index Scan", "Parent Relationship": "Inner", "Scan Direction": "Forward", "Index Name": "movie_id_movie_info", "Relation Name": "movie_info", "Alias": "mi", "Startup Cost": 0.0, "Total Cost": 2.46, "Plan Rows": 1, "Plan Width": 8, "Actual Startup Time": 0.0, "Actual Total Time": 0.0, "Index Cond": "(movie_id = t.id)", "Rows Removed by Index Recheck": 0, "Filter": "((info)::text = ANY ('{USA,America}'::text[]))", "Rows Removed by Filter": 0}], "Actual Rows": 0}, {"Node Type": "Index Only Scan", "Parent Relationship": "Inner", "Scan Direction": "Forward", "Index Name": "info_type_pkey", "Relation Name": "info_type", "Alias": "it", "Startup Cost": 0.0, "Total Cost": 0.27, "Plan Rows": 1, "Plan Width": 4, "Actual Startup Time": 0.0, "Actual Total Time": 0.0, "Index Cond": "(id = mi.info_type_id)", "Rows Removed by Index Recheck": 0, "Heap Fetches": 0}], "Actual Rows": 0}], "Actual Rows": 1}, "Triggers": [], "Planner Runtime": 10.123, "Total Runtime": 85.75, "Unique SQL Id": 328306525}}, "(16, '9')": {"explain_plan": {"Plan": {"Node Type": "Aggregate", "Strategy": "Plain", "Startup Cost": 85293.18, "Total Cost": 85293.19, "Plan Rows": 1, "Plan Width": 49, "Plans": [{"Node Type": "Nested Loop", "Parent Relationship": "Outer", "Join Type": "Inner", "Startup Cost": 0.0, "Total Cost": 85293.12, "Plan Rows": 24, "Plan Width": 17, "Inner Unique": true, "Plans": [{"Node Type": "Nested Loop", "Parent Relationship": "Outer", "Join Type": "Inner", "Startup Cost": 0.0, "Total Cost": 85286.4, "Plan Rows": 24, "Plan Width": 21, "Inner Unique": false, "Plans": [{"Node Type": "Nested Loop", "Parent Relationship": "Outer", "Join Type": "Inner", "Startup Cost": 0.0, "Total Cost": 85207.41, "Plan Rows": 32, "Plan Width": 25, "Inner Unique": true, "Plans": [{"Node Type": "Nested Loop", "Parent Relationship": "Outer", "Join Type": "Inner", "Startup Cost": 0.0, "Total Cost": 84958.94, "Plan Rows": 30, "Plan Width": 4, "Inner Unique": false, "Join Filter": "(ct.id = mc.company_type_id)", "Plans": [{"Node Type": "Index Scan", "Parent Relationship": "Outer", "Scan Direction": "Forward", "Index Name": "company_type_pkey", "Relation Name": "company_type", "Alias": "ct", "Startup Cost": 0.0, "Total Cost": 12.3, "Plan Rows": 1, "Plan Width": 4, "Filter": "((kind)::text = 'production companies'::text)"}, {"Node Type": "Materialize", "Parent Relationship": "Inner", "Startup Cost": 0.0, "Total Cost": 84946.04, "Plan Rows": 59, "Plan Width": 8, "Plans": [{"Node Type": "Streaming(type: LOCAL GATHER dop: 1/16)", "Parent Relationship": "Outer", "Startup Cost": 0.0, "Total Cost": 84945.9, "Plan Rows": 59, "Plan Width": 8, "Plans": [{"Node Type": "Index Scan", "Parent Relationship": "Outer", "Scan Direction": "Forward", "Index Name": "company_type_id_movie_companies", "Relation Name": "movie_companies", "Alias": "mc", "Startup Cost": 0.0, "Total Cost": 84944.62, "Plan Rows": 59, "Plan Width": 8, "Filter": "(((note)::text ~~ '%(VHS)%'::text) AND ((note)::text ~~ '%(USA)%'::text) AND ((note)::text ~~ '%(1994)%'::text))"}]}]}]}, {"Node Type": "Index Scan", "Parent Relationship": "Inner", "Scan Direction": "Forward", "Index Name": "title_pkey", "Relation Name": "title", "Alias": "t", "Startup Cost": 0.0, "Total Cost": 8.27, "Plan Rows": 1, "Plan Width": 21, "Index Cond": "(id = mc.movie_id)", "Filter": "(production_year > 2010)"}]}, {"Node Type": "Index Scan", "Parent Relationship": "Inner", "Scan Direction": "Forward", "Index Name": "movie_id_movie_info", "Relation Name": "movie_info", "Alias": "mi", "Startup Cost": 0.0, "Total Cost": 2.46, "Plan Rows": 1, "Plan Width": 8, "Index Cond": "(movie_id = t.id)", "Filter": "((info)::text = ANY ('{USA,America}'::text[]))"}]}, {"Node Type": "Index Only Scan", "Parent Relationship": "Inner", "Scan Direction": "Forward", "Index Name": "info_type_pkey", "Relation Name": "info_type", "Alias": "it", "Startup Cost": 0.0, "Total Cost": 0.27, "Plan Rows": 1, "Plan Width": 4, "Index Cond": "(id = mi.info_type_id)"}]}]}, "Unique SQL Id": 328306525, "Planner Runtime": 10}, "explain_analyze_plan": {"Plan": {"Node Type": "Aggregate", "Strategy": "Plain", "Startup Cost": 85293.18, "Total Cost": 85293.19, "Plan Rows": 1, "Plan Width": 49, "Actual Min Startup Time": 150.989, "Actual Max Startup Time": 150.989, "Actual Min Total Time": 150.989, "Actual Max Total Time": 150.989, "Plans": [{"Node Type": "Nested Loop", "Parent Relationship": "Outer", "Join Type": "Inner", "Startup Cost": 0.0, "Total Cost": 85293.12, "Plan Rows": 24, "Plan Width": 17, "Actual Min Startup Time": 150.979, "Actual Max Startup Time": 150.979, "Actual Min Total Time": 150.979, "Actual Max Total Time": 150.979, "Inner Unique": true, "Plans": [{"Node Type": "Nested Loop", "Parent Relationship": "Outer", "Join Type": "Inner", "Startup Cost": 0.0, "Total Cost": 85286.4, "Plan Rows": 24, "Plan Width": 21, "Actual Min Startup Time": 150.977, "Actual Max Startup Time": 150.977, "Actual Min Total Time": 150.977, "Actual Max Total Time": 150.977, "Inner Unique": false, "Plans": [{"Node Type": "Nested Loop", "Parent Relationship": "Outer", "Join Type": "Inner", "Startup Cost": 0.0, "Total Cost": 85207.41, "Plan Rows": 32, "Plan Width": 25, "Actual Min Startup Time": 150.977, "Actual Max Startup Time": 150.977, "Actual Min Total Time": 150.977, "Actual Max Total Time": 150.977, "Inner Unique": true, "Plans": [{"Node Type": "Nested Loop", "Parent Relationship": "Outer", "Join Type": "Inner", "Startup Cost": 0.0, "Total Cost": 84958.94, "Plan Rows": 30, "Plan Width": 4, "Actual Min Startup Time": 150.976, "Actual Max Startup Time": 150.976, "Actual Min Total Time": 150.976, "Actual Max Total Time": 150.976, "Inner Unique": false, "Join Filter": "(ct.id = mc.company_type_id)", "Rows Removed by Join Filter": 1418, "Plans": [{"Node Type": "Index Scan", "Parent Relationship": "Outer", "Scan Direction": "Forward", "Index Name": "company_type_pkey", "Relation Name": "company_type", "Alias": "ct", "Startup Cost": 0.0, "Total Cost": 12.3, "Plan Rows": 1, "Plan Width": 4, "Actual Min Startup Time": 0.046, "Actual Max Startup Time": 0.046, "Actual Min Total Time": 0.05, "Actual Max Total Time": 0.05, "Filter": "((kind)::text = 'production companies'::text)", "Rows Removed by Filter": 2, "Actual Rows": 1}, {"Node Type": "Materialize", "Parent Relationship": "Inner", "Startup Cost": 0.0, "Total Cost": 84946.04, "Plan Rows": 59, "Plan Width": 8, "Actual Min Startup Time": 150.438, "Actual Max Startup Time": 150.438, "Actual Min Total Time": 150.602, "Actual Max Total Time": 150.602, "Plans": [{"Node Type": "Streaming(type: LOCAL GATHER dop: 1/16)", "Parent Relationship": "Outer", "Startup Cost": 0.0, "Total Cost": 84945.9, "Plan Rows": 59, "Plan Width": 8, "Actual Min Startup Time": 66.76, "Actual Max Startup Time": 66.76, "Actual Min Total Time": 150.176, "Actual Max Total Time": 150.176, "Plans": [{"Node Type": "Index Scan", "Parent Relationship": "Outer", "Scan Direction": "Forward", "Index Name": "company_type_id_movie_companies", "Relation Name": "movie_companies", "Alias": "mc", "Startup Cost": 0.0, "Total Cost": 84944.62, "Plan Rows": 59, "Plan Width": 8, "Actual Min Startup Time": 16.096, "Actual Max Startup Time": 90.09, "Actual Min Total Time": 86.621, "Actual Max Total Time": 133.227, "Filter": "(((note)::text ~~ '%(VHS)%'::text) AND ((note)::text ~~ '%(USA)%'::text) AND ((note)::text ~~ '%(1994)%'::text))", "Rows Removed by Filter": 2607710, "Actual Rows": 1418}], "Actual Rows": 1418}], "Actual Rows": 1419}], "Actual Rows": 0}, {"Node Type": "Index Scan", "Parent Relationship": "Inner", "Scan Direction": "Forward", "Index Name": "title_pkey", "Relation Name": "title", "Alias": "t", "Startup Cost": 0.0, "Total Cost": 8.27, "Plan Rows": 1, "Plan Width": 21, "Actual Startup Time": 0.0, "Actual Total Time": 0.0, "Index Cond": "(id = mc.movie_id)", "Rows Removed by Index Recheck": 0, "Filter": "(production_year > 2010)", "Rows Removed by Filter": 0}], "Actual Rows": 0}, {"Node Type": "Index Scan", "Parent Relationship": "Inner", "Scan Direction": "Forward", "Index Name": "movie_id_movie_info", "Relation Name": "movie_info", "Alias": "mi", "Startup Cost": 0.0, "Total Cost": 2.46, "Plan Rows": 1, "Plan Width": 8, "Actual Startup Time": 0.0, "Actual Total Time": 0.0, "Index Cond": "(movie_id = t.id)", "Rows Removed by Index Recheck": 0, "Filter": "((info)::text = ANY ('{USA,America}'::text[]))", "Rows Removed by Filter": 0}], "Actual Rows": 0}, {"Node Type": "Index Only Scan", "Parent Relationship": "Inner", "Scan Direction": "Forward", "Index Name": "info_type_pkey", "Relation Name": "info_type", "Alias": "it", "Startup Cost": 0.0, "Total Cost": 0.27, "Plan Rows": 1, "Plan Width": 4, "Actual Startup Time": 0.0, "Actual Total Time": 0.0, "Index Cond": "(id = mi.info_type_id)", "Rows Removed by Index Recheck": 0, "Heap Fetches": 0}], "Actual Rows": 0}], "Actual Rows": 1}, "Triggers": [], "Planner Runtime": 9.823, "Total Runtime": 153.389, "Unique SQL Id": 328306525}}, "(16, '10')": {"explain_plan": {"Plan": {"Node Type": "Aggregate", "Strategy": "Plain", "Startup Cost": 98174.28, "Total Cost": 98174.29, "Plan Rows": 1, "Plan Width": 49, "Plans": [{"Node Type": "Nested Loop", "Parent Relationship": "Outer", "Join Type": "Inner", "Startup Cost": 47429.58, "Total Cost": 98174.22, "Plan Rows": 24, "Plan Width": 17, "Inner Unique": false, "Join Filter": "(mi.info_type_id = it.id)", "Plans": [{"Node Type": "Seq Scan", "Parent Relationship": "Outer", "Relation Name": "info_type", "Alias": "it", "Startup Cost": 0.0, "Total Cost": 2.12, "Plan Rows": 112, "Plan Width": 4}, {"Node Type": "Materialize", "Parent Relationship": "Inner", "Startup Cost": 47429.58, "Total Cost": 98131.84, "Plan Rows": 24, "Plan Width": 21, "Plans": [{"Node Type": "Hash Join", "Parent Relationship": "Outer", "Join Type": "Inner", "Startup Cost": 47429.58, "Total Cost": 98131.72, "Plan Rows": 24, "Plan Width": 21, "Inner Unique": false, "Hash Cond": "(mi.movie_id = t.id)", "Plans": [{"Node Type": "Streaming(type: LOCAL GATHER dop: 1/16)", "Parent Relationship": "Outer", "Startup Cost": 0.0, "Total Cost": 48508.43, "Plan Rows": 584897, "Plan Width": 8, "Plans": [{"Node Type": "Seq Scan", "Parent Relationship": "Outer", "Relation Name": "movie_info", "Alias": "mi", "Startup Cost": 0.0, "Total Cost": 35885.16, "Plan Rows": 584897, "Plan Width": 8, "Filter": "((info)::text = ANY ('{USA,America}'::text[]))"}]}, {"Node Type": "Hash", "Parent Relationship": "Inner", "Startup Cost": 47429.18, "Total Cost": 47429.18, "Plan Rows": 32, "Plan Width": 25, "Plans": [{"Node Type": "Hash Join", "Parent Relationship": "Outer", "Join Type": "Inner", "Startup Cost": 18840.03, "Total Cost": 47429.18, "Plan Rows": 32, "Plan Width": 25, "Inner Unique": false, "Hash Cond": "(t.id = mc.movie_id)", "Plans": [{"Node Type": "Streaming(type: LOCAL GATHER dop: 1/16)", "Parent Relationship": "Outer", "Startup Cost": 0.0, "Total Cost": 27597.68, "Plan Rows": 391451, "Plan Width": 21, "Plans": [{"Node Type": "Seq Scan", "Parent Relationship": "Outer", "Relation Name": "title", "Alias": "t", "Startup Cost": 0.0, "Total Cost": 19149.37, "Plan Rows": 391451, "Plan Width": 21, "Filter": "(production_year > 2010), (LLVM Optimized)"}]}, {"Node Type": "Hash", "Parent Relationship": "Inner", "Startup Cost": 18839.66, "Total Cost": 18839.66, "Plan Rows": 30, "Plan Width": 4, "Plans": [{"Node Type": "Nested Loop", "Parent Relationship": "Outer", "Join Type": "Inner", "Startup Cost": 0.0, "Total Cost": 18839.66, "Plan Rows": 30, "Plan Width": 4, "Inner Unique": false, "Join Filter": "(ct.id = mc.company_type_id)", "Plans": [{"Node Type": "Seq Scan", "Parent Relationship": "Outer", "Relation Name": "company_type", "Alias": "ct", "Startup Cost": 0.0, "Total Cost": 1.04, "Plan Rows": 1, "Plan Width": 4, "Filter": "((kind)::text = 'production companies'::text)"}, {"Node Type": "Materialize", "Parent Relationship": "Inner", "Startup Cost": 0.0, "Total Cost": 18838.03, "Plan Rows": 59, "Plan Width": 8, "Plans": [{"Node Type": "Streaming(type: LOCAL GATHER dop: 1/16)", "Parent Relationship": "Outer", "Startup Cost": 0.0, "Total Cost": 18837.88, "Plan Rows": 59, "Plan Width": 8, "Plans": [{"Node Type": "Seq Scan", "Parent Relationship": "Outer", "Relation Name": "movie_companies", "Alias": "mc", "Startup Cost": 0.0, "Total Cost": 18836.61, "Plan Rows": 59, "Plan Width": 8, "Filter": "(((note)::text ~~ '%(VHS)%'::text) AND ((note)::text ~~ '%(USA)%'::text) AND ((note)::text ~~ '%(1994)%'::text))"}]}]}]}]}]}]}]}]}]}]}, "Unique SQL Id": 328306525, "Planner Runtime": 19}, "explain_analyze_plan": {"Plan": {"Node Type": "Aggregate", "Strategy": "Plain", "Startup Cost": 98174.28, "Total Cost": 98174.29, "Plan Rows": 1, "Plan Width": 49, "Actual Min Startup Time": 145.841, "Actual Max Startup Time": 145.841, "Actual Min Total Time": 145.842, "Actual Max Total Time": 145.842, "Plans": [{"Node Type": "Nested Loop", "Parent Relationship": "Outer", "Join Type": "Inner", "Startup Cost": 47429.58, "Total Cost": 98174.22, "Plan Rows": 24, "Plan Width": 17, "Actual Min Startup Time": 145.83, "Actual Max Startup Time": 145.83, "Actual Min Total Time": 145.83, "Actual Max Total Time": 145.83, "Inner Unique": false, "Join Filter": "(mi.info_type_id = it.id)", "Rows Removed by Join Filter": 0, "Plans": [{"Node Type": "Seq Scan", "Parent Relationship": "Outer", "Relation Name": "info_type", "Alias": "it", "Startup Cost": 0.0, "Total Cost": 2.12, "Plan Rows": 112, "Plan Width": 4, "Actual Min Startup Time": 0.025, "Actual Max Startup Time": 0.025, "Actual Min Total Time": 0.04, "Actual Max Total Time": 0.04, "Actual Rows": 112}, {"Node Type": "Materialize", "Parent Relationship": "Inner", "Startup Cost": 47429.58, "Total Cost": 98131.84, "Plan Rows": 24, "Plan Width": 21, "Actual Min Startup Time": 145.755, "Actual Max Startup Time": 145.755, "Actual Min Total Time": 145.755, "Actual Max Total Time": 145.755, "Plans": [{"Node Type": "Hash Join", "Parent Relationship": "Outer", "Join Type": "Inner", "Startup Cost": 47429.58, "Total Cost": 98131.72, "Plan Rows": 24, "Plan Width": 21, "Actual Min Startup Time": 145.739, "Actual Max Startup Time": 145.739, "Actual Min Total Time": 145.739, "Actual Max Total Time": 145.739, "Inner Unique": false, "Hash Cond": "(mi.movie_id = t.id)", "Plans": [{"Node Type": "Streaming(type: LOCAL GATHER dop: 1/16)", "Parent Relationship": "Outer", "Startup Cost": 0.0, "Total Cost": 48508.43, "Plan Rows": 584897, "Plan Width": 8, "Actual Startup Time": 0.0, "Actual Total Time": 0.0, "Plans": [{"Node Type": "Seq Scan", "Parent Relationship": "Outer", "Relation Name": "movie_info", "Alias": "mi", "Startup Cost": 0.0, "Total Cost": 35885.16, "Plan Rows": 584897, "Plan Width": 8, "Actual Min Startup Time": 24.505, "Actual Max Startup Time": 34.418, "Actual Min Total Time": 35.124, "Actual Max Total Time": 44.167, "Filter": "((info)::text = ANY ('{USA,America}'::text[]))", "Rows Removed by Filter": 1491212, "Actual Rows": 1616}]}, {"Node Type": "Hash", "Parent Relationship": "Inner", "Startup Cost": 47429.18, "Total Cost": 47429.18, "Plan Rows": 32, "Plan Width": 25, "Actual Min Startup Time": 145.593, "Actual Max Startup Time": 145.593, "Actual Min Total Time": 145.593, "Actual Max Total Time": 145.593, "Max Hash Buckets": 32768, "Min Hash Buckets": 32768, "Max Hash Batches": 1, "Min Hash Batches": 1, "Max Original Hash Batches": 1, "Min Original Hash Batches": 1, "Max Peak Memory Usage": 0, "min Peak Memory Usage": 0, "Plans": [{"Node Type": "Hash Join", "Parent Relationship": "Outer", "Join Type": "Inner", "Startup Cost": 18840.03, "Total Cost": 47429.18, "Plan Rows": 32, "Plan Width": 25, "Actual Min Startup Time": 145.59, "Actual Max Startup Time": 145.59, "Actual Min Total Time": 145.59, "Actual Max Total Time": 145.59, "Inner Unique": false, "Hash Cond": "(t.id = mc.movie_id)", "Plans": [{"Node Type": "Streaming(type: LOCAL GATHER dop: 1/16)", "Parent Relationship": "Outer", "Startup Cost": 0.0, "Total Cost": 27597.68, "Plan Rows": 391451, "Plan Width": 21, "Actual Startup Time": 0.0, "Actual Total Time": 0.0, "Plans": [{"Node Type": "Seq Scan", "Parent Relationship": "Outer", "Relation Name": "title", "Alias": "t", "Startup Cost": 0.0, "Total Cost": 19149.37, "Plan Rows": 391451, "Plan Width": 21, "Actual Min Startup Time": 0.029, "Actual Max Startup Time": 0.047, "Actual Min Total Time": 0.222, "Actual Max Total Time": 0.269, "Filter": "(production_year > 2010), (LLVM Optimized)", "Rows Removed by Filter": 7486, "Actual Rows": 1616}]}, {"Node Type": "Hash", "Parent Relationship": "Inner", "Startup Cost": 18839.66, "Total Cost": 18839.66, "Plan Rows": 30, "Plan Width": 4, "Actual Min Startup Time": 145.499, "Actual Max Startup Time": 145.499, "Actual Min Total Time": 145.499, "Actual Max Total Time": 145.499, "Max Hash Buckets": 32768, "Min Hash Buckets": 32768, "Max Hash Batches": 1, "Min Hash Batches": 1, "Max Original Hash Batches": 1, "Min Original Hash Batches": 1, "Max Peak Memory Usage": 0, "min Peak Memory Usage": 0, "Plans": [{"Node Type": "Nested Loop", "Parent Relationship": "Outer", "Join Type": "Inner", "Startup Cost": 0.0, "Total Cost": 18839.66, "Plan Rows": 30, "Plan Width": 4, "Actual Min Startup Time": 145.496, "Actual Max Startup Time": 145.496, "Actual Min Total Time": 145.496, "Actual Max Total Time": 145.496, "Inner Unique": false, "Join Filter": "(ct.id = mc.company_type_id)", "Rows Removed by Join Filter": 1418, "Plans": [{"Node Type": "Seq Scan", "Parent Relationship": "Outer", "Relation Name": "company_type", "Alias": "ct", "Startup Cost": 0.0, "Total Cost": 1.04, "Plan Rows": 1, "Plan Width": 4, "Actual Min Startup Time": 0.042, "Actual Max Startup Time": 0.042, "Actual Min Total Time": 0.045, "Actual Max Total Time": 0.045, "Filter": "((kind)::text = 'production companies'::text)", "Rows Removed by Filter": 2, "Actual Rows": 1}, {"Node Type": "Materialize", "Parent Relationship": "Inner", "Startup Cost": 0.0, "Total Cost": 18838.03, "Plan Rows": 59, "Plan Width": 8, "Actual Min Startup Time": 144.984, "Actual Max Startup Time": 144.984, "Actual Min Total Time": 145.121, "Actual Max Total Time": 145.121, "Plans": [{"Node Type": "Streaming(type: LOCAL GATHER dop: 1/16)", "Parent Relationship": "Outer", "Startup Cost": 0.0, "Total Cost": 18837.88, "Plan Rows": 59, "Plan Width": 8, "Actual Min Startup Time": 87.457, "Actual Max Startup Time": 87.457, "Actual Min Total Time": 144.747, "Actual Max Total Time": 144.747, "Plans": [{"Node Type": "Seq Scan", "Parent Relationship": "Outer", "Relation Name": "movie_companies", "Alias": "mc", "Startup Cost": 0.0, "Total Cost": 18836.61, "Plan Rows": 59, "Plan Width": 8, "Actual Min Startup Time": 1.009, "Actual Max Startup Time": 12.231, "Actual Min Total Time": 54.368, "Actual Max Total Time": 60.87, "Filter": "(((note)::text ~~ '%(VHS)%'::text) AND ((note)::text ~~ '%(USA)%'::text) AND ((note)::text ~~ '%(1994)%'::text))", "Rows Removed by Filter": 2607710, "Actual Rows": 1418}], "Actual Rows": 1418}], "Actual Rows": 1419}], "Actual Rows": 0}], "Actual Rows": 0}], "Actual Rows": 0}], "Actual Rows": 0}], "Actual Rows": 0}], "Actual Rows": 0}], "Actual Rows": 0}], "Actual Rows": 1}, "Triggers": [], "Planner Runtime": 20.163, "Total Runtime": 163.256, "Unique SQL Id": 328306525}}, "(16, '11')": {"explain_plan": {"Plan": {"Node Type": "Aggregate", "Strategy": "Plain", "Startup Cost": 4998574728100.36, "Total Cost": 4998574728100.37, "Plan Rows": 1, "Plan Width": 49, "Plans": [{"Node Type": "Merge Join", "Parent Relationship": "Outer", "Join Type": "Inner", "Startup Cost": 50025290819.16, "Total Cost": 4998574728100.3, "Plan Rows": 24, "Plan Width": 17, "Inner Unique": true, "Merge Cond": "(mi.movie_id = t.id)", "Plans": [{"Node Type": "Nested Loop", "Parent Relationship": "Outer", "Join Type": "Inner", "Startup Cost": 40000000000.0, "Total Cost": 3999263638685.42, "Plan Rows": 33, "Plan Width": 8, "Inner Unique": true, "Join Filter": "(mc.company_type_id = ct.id)", "Plans": [{"Node Type": "Merge Join", "Parent Relationship": "Outer", "Join Type": "Inner", "Startup Cost": 30000000000.0, "Total Cost": 2999263637454.18, "Plan Rows": 66, "Plan Width": 12, "Inner Unique": false, "Merge Cond": "(mi.movie_id = mc.movie_id)", "Plans": [{"Node Type": "Nested Loop", "Parent Relationship": "Outer", "Join Type": "Inner", "Startup Cost": 20000000000.0, "Total Cost": 2000108518023.96, "Plan Rows": 584897, "Plan Width": 4, "Inner Unique": true, "Join Filter": "(it.id = mi.info_type_id), (LLVM Optimized)", "Plans": [{"Node Type": "Index Scan", "Parent Relationship": "Outer", "Scan Direction": "Forward", "Index Name": "movie_id_movie_info", "Relation Name": "movie_info", "Alias": "mi", "Startup Cost": 10000000000.0, "Total Cost": 1000107534403.72, "Plan Rows": 584897, "Plan Width": 8, "Filter": "((info)::text = ANY ('{USA,America}'::text[]))"}, {"Node Type": "Materialize", "Parent Relationship": "Inner", "Startup Cost": 10000000000.0, "Total Cost": 1000000000993.56, "Plan Rows": 112, "Plan Width": 4, "Plans": [{"Node Type": "Index Only Scan", "Parent Relationship": "Outer", "Scan Direction": "Forward", "Index Name": "info_type_pkey", "Relation Name": "info_type", "Alias": "it", "Startup Cost": 10000000000.0, "Total Cost": 1000000000993.0, "Plan Rows": 112, "Plan Width": 4}]}]}, {"Node Type": "Materialize", "Parent Relationship": "Inner", "Startup Cost": 10000000000.0, "Total Cost": 1000015008792.28, "Plan Rows": 59, "Plan Width": 8, "Plans": [{"Node Type": "Index Scan", "Parent Relationship": "Outer", "Scan Direction": "Forward", "Index Name": "movie_id_movie_companies", "Relation Name": "movie_companies", "Alias": "mc", "Startup Cost": 10000000000.0, "Total Cost": 1000015008792.13, "Plan Rows": 59, "Plan Width": 8, "Filter": "(((note)::text ~~ '%(VHS)%'::text) AND ((note)::text ~~ '%(USA)%'::text) AND ((note)::text ~~ '%(1994)%'::text))"}]}]}, {"Node Type": "Materialize", "Parent Relationship": "Inner", "Startup Cost": 10000000000.0, "Total Cost": 1000000001230.26, "Plan Rows": 1, "Plan Width": 4, "Plans": [{"Node Type": "Index Scan", "Parent Relationship": "Outer", "Scan Direction": "Forward", "Index Name": "company_type_pkey", "Relation Name": "company_type", "Alias": "ct", "Startup Cost": 10000000000.0, "Total Cost": 1000000001230.25, "Plan Rows": 1, "Plan Width": 4, "Filter": "((kind)::text = 'production companies'::text)"}]}]}, {"Node Type": "Index Scan", "Parent Relationship": "Inner", "Scan Direction": "Forward", "Index Name": "title_pkey", "Relation Name": "title", "Alias": "t", "Startup Cost": 10000000000.0, "Total Cost": 1000011644126.66, "Plan Rows": 391451, "Plan Width": 21, "Filter": "(production_year > 2010), (LLVM Optimized)"}]}]}, "Unique SQL Id": 328306525, "Planner Runtime": 14}, "explain_analyze_plan": null}, "(16, '12')": {"explain_plan": {"Plan": {"Node Type": "Aggregate", "Strategy": "Plain", "Startup Cost": 19173.9, "Total Cost": 19173.91, "Plan Rows": 1, "Plan Width": 49, "Plans": [{"Node Type": "Nested Loop", "Parent Relationship": "Outer", "Join Type": "Inner", "Startup Cost": 0.0, "Total Cost": 19173.84, "Plan Rows": 24, "Plan Width": 17, "Inner Unique": true, "Plans": [{"Node Type": "Nested Loop", "Parent Relationship": "Outer", "Join Type": "Inner", "Startup Cost": 0.0, "Total Cost": 19167.12, "Plan Rows": 24, "Plan Width": 21, "Inner Unique": false, "Plans": [{"Node Type": "Nested Loop", "Parent Relationship": "Outer", "Join Type": "Inner", "Startup Cost": 0.0, "Total Cost": 19088.13, "Plan Rows": 32, "Plan Width": 25, "Inner Unique": true, "Plans": [{"Node Type": "Nested Loop", "Parent Relationship": "Outer", "Join Type": "Inner", "Startup Cost": 0.0, "Total Cost": 18839.66, "Plan Rows": 30, "Plan Width": 4, "Inner Unique": false, "Join Filter": "(ct.id = mc.company_type_id)", "Plans": [{"Node Type": "Seq Scan", "Parent Relationship": "Outer", "Relation Name": "company_type", "Alias": "ct", "Startup Cost": 0.0, "Total Cost": 1.04, "Plan Rows": 1, "Plan Width": 4, "Filter": "((kind)::text = 'production companies'::text)"}, {"Node Type": "Materialize", "Parent Relationship": "Inner", "Startup Cost": 0.0, "Total Cost": 18838.03, "Plan Rows": 59, "Plan Width": 8, "Plans": [{"Node Type": "Streaming(type: LOCAL GATHER dop: 1/16)", "Parent Relationship": "Outer", "Startup Cost": 0.0, "Total Cost": 18837.88, "Plan Rows": 59, "Plan Width": 8, "Plans": [{"Node Type": "Seq Scan", "Parent Relationship": "Outer", "Relation Name": "movie_companies", "Alias": "mc", "Startup Cost": 0.0, "Total Cost": 18836.61, "Plan Rows": 59, "Plan Width": 8, "Filter": "(((note)::text ~~ '%(VHS)%'::text) AND ((note)::text ~~ '%(USA)%'::text) AND ((note)::text ~~ '%(1994)%'::text))"}]}]}]}, {"Node Type": "Index Scan", "Parent Relationship": "Inner", "Scan Direction": "Forward", "Index Name": "title_pkey", "Relation Name": "title", "Alias": "t", "Startup Cost": 0.0, "Total Cost": 8.27, "Plan Rows": 1, "Plan Width": 21, "Index Cond": "(id = mc.movie_id)", "Filter": "(production_year > 2010)"}]}, {"Node Type": "Index Scan", "Parent Relationship": "Inner", "Scan Direction": "Forward", "Index Name": "movie_id_movie_info", "Relation Name": "movie_info", "Alias": "mi", "Startup Cost": 0.0, "Total Cost": 2.46, "Plan Rows": 1, "Plan Width": 8, "Index Cond": "(movie_id = t.id)", "Filter": "((info)::text = ANY ('{USA,America}'::text[]))"}]}, {"Node Type": "Index Scan", "Parent Relationship": "Inner", "Scan Direction": "Forward", "Index Name": "info_type_pkey", "Relation Name": "info_type", "Alias": "it", "Startup Cost": 0.0, "Total Cost": 0.27, "Plan Rows": 1, "Plan Width": 4, "Index Cond": "(id = mi.info_type_id)"}]}]}, "Unique SQL Id": 328306525, "Planner Runtime": 10}, "explain_analyze_plan": {"Plan": {"Node Type": "Aggregate", "Strategy": "Plain", "Startup Cost": 19173.9, "Total Cost": 19173.91, "Plan Rows": 1, "Plan Width": 49, "Actual Min Startup Time": 82.106, "Actual Max Startup Time": 82.106, "Actual Min Total Time": 82.107, "Actual Max Total Time": 82.107, "Plans": [{"Node Type": "Nested Loop", "Parent Relationship": "Outer", "Join Type": "Inner", "Startup Cost": 0.0, "Total Cost": 19173.84, "Plan Rows": 24, "Plan Width": 17, "Actual Min Startup Time": 82.087, "Actual Max Startup Time": 82.087, "Actual Min Total Time": 82.087, "Actual Max Total Time": 82.087, "Inner Unique": true, "Plans": [{"Node Type": "Nested Loop", "Parent Relationship": "Outer", "Join Type": "Inner", "Startup Cost": 0.0, "Total Cost": 19167.12, "Plan Rows": 24, "Plan Width": 21, "Actual Min Startup Time": 82.085, "Actual Max Startup Time": 82.085, "Actual Min Total Time": 82.085, "Actual Max Total Time": 82.085, "Inner Unique": false, "Plans": [{"Node Type": "Nested Loop", "Parent Relationship": "Outer", "Join Type": "Inner", "Startup Cost": 0.0, "Total Cost": 19088.13, "Plan Rows": 32, "Plan Width": 25, "Actual Min Startup Time": 82.085, "Actual Max Startup Time": 82.085, "Actual Min Total Time": 82.085, "Actual Max Total Time": 82.085, "Inner Unique": true, "Plans": [{"Node Type": "Nested Loop", "Parent Relationship": "Outer", "Join Type": "Inner", "Startup Cost": 0.0, "Total Cost": 18839.66, "Plan Rows": 30, "Plan Width": 4, "Actual Min Startup Time": 82.084, "Actual Max Startup Time": 82.084, "Actual Min Total Time": 82.084, "Actual Max Total Time": 82.084, "Inner Unique": false, "Join Filter": "(ct.id = mc.company_type_id)", "Rows Removed by Join Filter": 1418, "Plans": [{"Node Type": "Seq Scan", "Parent Relationship": "Outer", "Relation Name": "company_type", "Alias": "ct", "Startup Cost": 0.0, "Total Cost": 1.04, "Plan Rows": 1, "Plan Width": 4, "Actual Min Startup Time": 0.038, "Actual Max Startup Time": 0.038, "Actual Min Total Time": 0.041, "Actual Max Total Time": 0.041, "Filter": "((kind)::text = 'production companies'::text)", "Rows Removed by Filter": 2, "Actual Rows": 1}, {"Node Type": "Materialize", "Parent Relationship": "Inner", "Startup Cost": 0.0, "Total Cost": 18838.03, "Plan Rows": 59, "Plan Width": 8, "Actual Min Startup Time": 81.576, "Actual Max Startup Time": 81.576, "Actual Min Total Time": 81.713, "Actual Max Total Time": 81.713, "Plans": [{"Node Type": "Streaming(type: LOCAL GATHER dop: 1/16)", "Parent Relationship": "Outer", "Startup Cost": 0.0, "Total Cost": 18837.88, "Plan Rows": 59, "Plan Width": 8, "Actual Min Startup Time": 45.285, "Actual Max Startup Time": 45.285, "Actual Min Total Time": 81.331, "Actual Max Total Time": 81.331, "Plans": [{"Node Type": "Seq Scan", "Parent Relationship": "Outer", "Relation Name": "movie_companies", "Alias": "mc", "Startup Cost": 0.0, "Total Cost": 18836.61, "Plan Rows": 59, "Plan Width": 8, "Actual Min Startup Time": 1.004, "Actual Max Startup Time": 12.22, "Actual Min Total Time": 54.35, "Actual Max Total Time": 60.791, "Filter": "(((note)::text ~~ '%(VHS)%'::text) AND ((note)::text ~~ '%(USA)%'::text) AND ((note)::text ~~ '%(1994)%'::text))", "Rows Removed by Filter": 2607710, "Actual Rows": 1418}], "Actual Rows": 1418}], "Actual Rows": 1419}], "Actual Rows": 0}, {"Node Type": "Index Scan", "Parent Relationship": "Inner", "Scan Direction": "Forward", "Index Name": "title_pkey", "Relation Name": "title", "Alias": "t", "Startup Cost": 0.0, "Total Cost": 8.27, "Plan Rows": 1, "Plan Width": 21, "Actual Startup Time": 0.0, "Actual Total Time": 0.0, "Index Cond": "(id = mc.movie_id)", "Rows Removed by Index Recheck": 0, "Filter": "(production_year > 2010)", "Rows Removed by Filter": 0}], "Actual Rows": 0}, {"Node Type": "Index Scan", "Parent Relationship": "Inner", "Scan Direction": "Forward", "Index Name": "movie_id_movie_info", "Relation Name": "movie_info", "Alias": "mi", "Startup Cost": 0.0, "Total Cost": 2.46, "Plan Rows": 1, "Plan Width": 8, "Actual Startup Time": 0.0, "Actual Total Time": 0.0, "Index Cond": "(movie_id = t.id)", "Rows Removed by Index Recheck": 0, "Filter": "((info)::text = ANY ('{USA,America}'::text[]))", "Rows Removed by Filter": 0}], "Actual Rows": 0}, {"Node Type": "Index Scan", "Parent Relationship": "Inner", "Scan Direction": "Forward", "Index Name": "info_type_pkey", "Relation Name": "info_type", "Alias": "it", "Startup Cost": 0.0, "Total Cost": 0.27, "Plan Rows": 1, "Plan Width": 4, "Actual Startup Time": 0.0, "Actual Total Time": 0.0, "Index Cond": "(id = mi.info_type_id)", "Rows Removed by Index Recheck": 0}], "Actual Rows": 0}], "Actual Rows": 1}, "Triggers": [], "Planner Runtime": 10.153, "Total Runtime": 84.649, "Unique SQL Id": 328306525}}, "(16, '13')": {"explain_plan": {"Plan": {"Node Type": "Aggregate", "Strategy": "Plain", "Startup Cost": 85293.18, "Total Cost": 85293.19, "Plan Rows": 1, "Plan Width": 49, "Plans": [{"Node Type": "Nested Loop", "Parent Relationship": "Outer", "Join Type": "Inner", "Startup Cost": 0.0, "Total Cost": 85293.12, "Plan Rows": 24, "Plan Width": 17, "Inner Unique": true, "Plans": [{"Node Type": "Nested Loop", "Parent Relationship": "Outer", "Join Type": "Inner", "Startup Cost": 0.0, "Total Cost": 85286.4, "Plan Rows": 24, "Plan Width": 21, "Inner Unique": false, "Plans": [{"Node Type": "Nested Loop", "Parent Relationship": "Outer", "Join Type": "Inner", "Startup Cost": 0.0, "Total Cost": 85207.41, "Plan Rows": 32, "Plan Width": 25, "Inner Unique": true, "Plans": [{"Node Type": "Nested Loop", "Parent Relationship": "Outer", "Join Type": "Inner", "Startup Cost": 0.0, "Total Cost": 84958.94, "Plan Rows": 30, "Plan Width": 4, "Inner Unique": false, "Join Filter": "(ct.id = mc.company_type_id)", "Plans": [{"Node Type": "Index Scan", "Parent Relationship": "Outer", "Scan Direction": "Forward", "Index Name": "company_type_pkey", "Relation Name": "company_type", "Alias": "ct", "Startup Cost": 0.0, "Total Cost": 12.3, "Plan Rows": 1, "Plan Width": 4, "Filter": "((kind)::text = 'production companies'::text)"}, {"Node Type": "Materialize", "Parent Relationship": "Inner", "Startup Cost": 0.0, "Total Cost": 84946.04, "Plan Rows": 59, "Plan Width": 8, "Plans": [{"Node Type": "Streaming(type: LOCAL GATHER dop: 1/16)", "Parent Relationship": "Outer", "Startup Cost": 0.0, "Total Cost": 84945.9, "Plan Rows": 59, "Plan Width": 8, "Plans": [{"Node Type": "Index Scan", "Parent Relationship": "Outer", "Scan Direction": "Forward", "Index Name": "company_type_id_movie_companies", "Relation Name": "movie_companies", "Alias": "mc", "Startup Cost": 0.0, "Total Cost": 84944.62, "Plan Rows": 59, "Plan Width": 8, "Filter": "(((note)::text ~~ '%(VHS)%'::text) AND ((note)::text ~~ '%(USA)%'::text) AND ((note)::text ~~ '%(1994)%'::text))"}]}]}]}, {"Node Type": "Index Scan", "Parent Relationship": "Inner", "Scan Direction": "Forward", "Index Name": "title_pkey", "Relation Name": "title", "Alias": "t", "Startup Cost": 0.0, "Total Cost": 8.27, "Plan Rows": 1, "Plan Width": 21, "Index Cond": "(id = mc.movie_id)", "Filter": "(production_year > 2010)"}]}, {"Node Type": "Index Scan", "Parent Relationship": "Inner", "Scan Direction": "Forward", "Index Name": "movie_id_movie_info", "Relation Name": "movie_info", "Alias": "mi", "Startup Cost": 0.0, "Total Cost": 2.46, "Plan Rows": 1, "Plan Width": 8, "Index Cond": "(movie_id = t.id)", "Filter": "((info)::text = ANY ('{USA,America}'::text[]))"}]}, {"Node Type": "Index Scan", "Parent Relationship": "Inner", "Scan Direction": "Forward", "Index Name": "info_type_pkey", "Relation Name": "info_type", "Alias": "it", "Startup Cost": 0.0, "Total Cost": 0.27, "Plan Rows": 1, "Plan Width": 4, "Index Cond": "(id = mi.info_type_id)"}]}]}, "Unique SQL Id": 328306525, "Planner Runtime": 10}, "explain_analyze_plan": {"Plan": {"Node Type": "Aggregate", "Strategy": "Plain", "Startup Cost": 85293.18, "Total Cost": 85293.19, "Plan Rows": 1, "Plan Width": 49, "Actual Min Startup Time": 153.891, "Actual Max Startup Time": 153.891, "Actual Min Total Time": 153.892, "Actual Max Total Time": 153.892, "Plans": [{"Node Type": "Nested Loop", "Parent Relationship": "Outer", "Join Type": "Inner", "Startup Cost": 0.0, "Total Cost": 85293.12, "Plan Rows": 24, "Plan Width": 17, "Actual Min Startup Time": 153.883, "Actual Max Startup Time": 153.883, "Actual Min Total Time": 153.883, "Actual Max Total Time": 153.883, "Inner Unique": true, "Plans": [{"Node Type": "Nested Loop", "Parent Relationship": "Outer", "Join Type": "Inner", "Startup Cost": 0.0, "Total Cost": 85286.4, "Plan Rows": 24, "Plan Width": 21, "Actual Min Startup Time": 153.881, "Actual Max Startup Time": 153.881, "Actual Min Total Time": 153.881, "Actual Max Total Time": 153.881, "Inner Unique": false, "Plans": [{"Node Type": "Nested Loop", "Parent Relationship": "Outer", "Join Type": "Inner", "Startup Cost": 0.0, "Total Cost": 85207.41, "Plan Rows": 32, "Plan Width": 25, "Actual Min Startup Time": 153.88, "Actual Max Startup Time": 153.88, "Actual Min Total Time": 153.88, "Actual Max Total Time": 153.88, "Inner Unique": true, "Plans": [{"Node Type": "Nested Loop", "Parent Relationship": "Outer", "Join Type": "Inner", "Startup Cost": 0.0, "Total Cost": 84958.94, "Plan Rows": 30, "Plan Width": 4, "Actual Min Startup Time": 153.88, "Actual Max Startup Time": 153.88, "Actual Min Total Time": 153.88, "Actual Max Total Time": 153.88, "Inner Unique": false, "Join Filter": "(ct.id = mc.company_type_id)", "Rows Removed by Join Filter": 1418, "Plans": [{"Node Type": "Index Scan", "Parent Relationship": "Outer", "Scan Direction": "Forward", "Index Name": "company_type_pkey", "Relation Name": "company_type", "Alias": "ct", "Startup Cost": 0.0, "Total Cost": 12.3, "Plan Rows": 1, "Plan Width": 4, "Actual Min Startup Time": 0.047, "Actual Max Startup Time": 0.047, "Actual Min Total Time": 0.052, "Actual Max Total Time": 0.052, "Filter": "((kind)::text = 'production companies'::text)", "Rows Removed by Filter": 2, "Actual Rows": 1}, {"Node Type": "Materialize", "Parent Relationship": "Inner", "Startup Cost": 0.0, "Total Cost": 84946.04, "Plan Rows": 59, "Plan Width": 8, "Actual Min Startup Time": 153.359, "Actual Max Startup Time": 153.359, "Actual Min Total Time": 153.492, "Actual Max Total Time": 153.492, "Plans": [{"Node Type": "Streaming(type: LOCAL GATHER dop: 1/16)", "Parent Relationship": "Outer", "Startup Cost": 0.0, "Total Cost": 84945.9, "Plan Rows": 59, "Plan Width": 8, "Actual Min Startup Time": 69.339, "Actual Max Startup Time": 69.339, "Actual Min Total Time": 153.095, "Actual Max Total Time": 153.095, "Plans": [{"Node Type": "Index Scan", "Parent Relationship": "Outer", "Scan Direction": "Forward", "Index Name": "company_type_id_movie_companies", "Relation Name": "movie_companies", "Alias": "mc", "Startup Cost": 0.0, "Total Cost": 84944.62, "Plan Rows": 59, "Plan Width": 8, "Actual Min Startup Time": 18.666, "Actual Max Startup Time": 91.737, "Actual Min Total Time": 88.45, "Actual Max Total Time": 136.558, "Filter": "(((note)::text ~~ '%(VHS)%'::text) AND ((note)::text ~~ '%(USA)%'::text) AND ((note)::text ~~ '%(1994)%'::text))", "Rows Removed by Filter": 2607710, "Actual Rows": 1418}], "Actual Rows": 1418}], "Actual Rows": 1419}], "Actual Rows": 0}, {"Node Type": "Index Scan", "Parent Relationship": "Inner", "Scan Direction": "Forward", "Index Name": "title_pkey", "Relation Name": "title", "Alias": "t", "Startup Cost": 0.0, "Total Cost": 8.27, "Plan Rows": 1, "Plan Width": 21, "Actual Startup Time": 0.0, "Actual Total Time": 0.0, "Index Cond": "(id = mc.movie_id)", "Rows Removed by Index Recheck": 0, "Filter": "(production_year > 2010)", "Rows Removed by Filter": 0}], "Actual Rows": 0}, {"Node Type": "Index Scan", "Parent Relationship": "Inner", "Scan Direction": "Forward", "Index Name": "movie_id_movie_info", "Relation Name": "movie_info", "Alias": "mi", "Startup Cost": 0.0, "Total Cost": 2.46, "Plan Rows": 1, "Plan Width": 8, "Actual Startup Time": 0.0, "Actual Total Time": 0.0, "Index Cond": "(movie_id = t.id)", "Rows Removed by Index Recheck": 0, "Filter": "((info)::text = ANY ('{USA,America}'::text[]))", "Rows Removed by Filter": 0}], "Actual Rows": 0}, {"Node Type": "Index Scan", "Parent Relationship": "Inner", "Scan Direction": "Forward", "Index Name": "info_type_pkey", "Relation Name": "info_type", "Alias": "it", "Startup Cost": 0.0, "Total Cost": 0.27, "Plan Rows": 1, "Plan Width": 4, "Actual Startup Time": 0.0, "Actual Total Time": 0.0, "Index Cond": "(id = mi.info_type_id)", "Rows Removed by Index Recheck": 0}], "Actual Rows": 0}], "Actual Rows": 1}, "Triggers": [], "Planner Runtime": 9.799, "Total Runtime": 156.415, "Unique SQL Id": 328306525}}, "(16, '14')": {"explain_plan": {"Plan": {"Node Type": "Aggregate", "Strategy": "Plain", "Startup Cost": 98174.28, "Total Cost": 98174.29, "Plan Rows": 1, "Plan Width": 49, "Plans": [{"Node Type": "Nested Loop", "Parent Relationship": "Outer", "Join Type": "Inner", "Startup Cost": 47429.58, "Total Cost": 98174.22, "Plan Rows": 24, "Plan Width": 17, "Inner Unique": false, "Join Filter": "(mi.info_type_id = it.id)", "Plans": [{"Node Type": "Seq Scan", "Parent Relationship": "Outer", "Relation Name": "info_type", "Alias": "it", "Startup Cost": 0.0, "Total Cost": 2.12, "Plan Rows": 112, "Plan Width": 4}, {"Node Type": "Materialize", "Parent Relationship": "Inner", "Startup Cost": 47429.58, "Total Cost": 98131.84, "Plan Rows": 24, "Plan Width": 21, "Plans": [{"Node Type": "Hash Join", "Parent Relationship": "Outer", "Join Type": "Inner", "Startup Cost": 47429.58, "Total Cost": 98131.72, "Plan Rows": 24, "Plan Width": 21, "Inner Unique": false, "Hash Cond": "(mi.movie_id = t.id)", "Plans": [{"Node Type": "Streaming(type: LOCAL GATHER dop: 1/16)", "Parent Relationship": "Outer", "Startup Cost": 0.0, "Total Cost": 48508.43, "Plan Rows": 584897, "Plan Width": 8, "Plans": [{"Node Type": "Seq Scan", "Parent Relationship": "Outer", "Relation Name": "movie_info", "Alias": "mi", "Startup Cost": 0.0, "Total Cost": 35885.16, "Plan Rows": 584897, "Plan Width": 8, "Filter": "((info)::text = ANY ('{USA,America}'::text[]))"}]}, {"Node Type": "Hash", "Parent Relationship": "Inner", "Startup Cost": 47429.18, "Total Cost": 47429.18, "Plan Rows": 32, "Plan Width": 25, "Plans": [{"Node Type": "Hash Join", "Parent Relationship": "Outer", "Join Type": "Inner", "Startup Cost": 18840.03, "Total Cost": 47429.18, "Plan Rows": 32, "Plan Width": 25, "Inner Unique": false, "Hash Cond": "(t.id = mc.movie_id)", "Plans": [{"Node Type": "Streaming(type: LOCAL GATHER dop: 1/16)", "Parent Relationship": "Outer", "Startup Cost": 0.0, "Total Cost": 27597.68, "Plan Rows": 391451, "Plan Width": 21, "Plans": [{"Node Type": "Seq Scan", "Parent Relationship": "Outer", "Relation Name": "title", "Alias": "t", "Startup Cost": 0.0, "Total Cost": 19149.37, "Plan Rows": 391451, "Plan Width": 21, "Filter": "(production_year > 2010), (LLVM Optimized)"}]}, {"Node Type": "Hash", "Parent Relationship": "Inner", "Startup Cost": 18839.66, "Total Cost": 18839.66, "Plan Rows": 30, "Plan Width": 4, "Plans": [{"Node Type": "Nested Loop", "Parent Relationship": "Outer", "Join Type": "Inner", "Startup Cost": 0.0, "Total Cost": 18839.66, "Plan Rows": 30, "Plan Width": 4, "Inner Unique": false, "Join Filter": "(ct.id = mc.company_type_id)", "Plans": [{"Node Type": "Seq Scan", "Parent Relationship": "Outer", "Relation Name": "company_type", "Alias": "ct", "Startup Cost": 0.0, "Total Cost": 1.04, "Plan Rows": 1, "Plan Width": 4, "Filter": "((kind)::text = 'production companies'::text)"}, {"Node Type": "Materialize", "Parent Relationship": "Inner", "Startup Cost": 0.0, "Total Cost": 18838.03, "Plan Rows": 59, "Plan Width": 8, "Plans": [{"Node Type": "Streaming(type: LOCAL GATHER dop: 1/16)", "Parent Relationship": "Outer", "Startup Cost": 0.0, "Total Cost": 18837.88, "Plan Rows": 59, "Plan Width": 8, "Plans": [{"Node Type": "Seq Scan", "Parent Relationship": "Outer", "Relation Name": "movie_companies", "Alias": "mc", "Startup Cost": 0.0, "Total Cost": 18836.61, "Plan Rows": 59, "Plan Width": 8, "Filter": "(((note)::text ~~ '%(VHS)%'::text) AND ((note)::text ~~ '%(USA)%'::text) AND ((note)::text ~~ '%(1994)%'::text))"}]}]}]}]}]}]}]}]}]}]}, "Unique SQL Id": 328306525, "Planner Runtime": 19}, "explain_analyze_plan": {"Plan": {"Node Type": "Aggregate", "Strategy": "Plain", "Startup Cost": 98174.28, "Total Cost": 98174.29, "Plan Rows": 1, "Plan Width": 49, "Actual Min Startup Time": 145.841, "Actual Max Startup Time": 145.841, "Actual Min Total Time": 145.842, "Actual Max Total Time": 145.842, "Plans": [{"Node Type": "Nested Loop", "Parent Relationship": "Outer", "Join Type": "Inner", "Startup Cost": 47429.58, "Total Cost": 98174.22, "Plan Rows": 24, "Plan Width": 17, "Actual Min Startup Time": 145.83, "Actual Max Startup Time": 145.83, "Actual Min Total Time": 145.83, "Actual Max Total Time": 145.83, "Inner Unique": false, "Join Filter": "(mi.info_type_id = it.id)", "Rows Removed by Join Filter": 0, "Plans": [{"Node Type": "Seq Scan", "Parent Relationship": "Outer", "Relation Name": "info_type", "Alias": "it", "Startup Cost": 0.0, "Total Cost": 2.12, "Plan Rows": 112, "Plan Width": 4, "Actual Min Startup Time": 0.025, "Actual Max Startup Time": 0.025, "Actual Min Total Time": 0.04, "Actual Max Total Time": 0.04, "Actual Rows": 112}, {"Node Type": "Materialize", "Parent Relationship": "Inner", "Startup Cost": 47429.58, "Total Cost": 98131.84, "Plan Rows": 24, "Plan Width": 21, "Actual Min Startup Time": 145.755, "Actual Max Startup Time": 145.755, "Actual Min Total Time": 145.755, "Actual Max Total Time": 145.755, "Plans": [{"Node Type": "Hash Join", "Parent Relationship": "Outer", "Join Type": "Inner", "Startup Cost": 47429.58, "Total Cost": 98131.72, "Plan Rows": 24, "Plan Width": 21, "Actual Min Startup Time": 145.739, "Actual Max Startup Time": 145.739, "Actual Min Total Time": 145.739, "Actual Max Total Time": 145.739, "Inner Unique": false, "Hash Cond": "(mi.movie_id = t.id)", "Plans": [{"Node Type": "Streaming(type: LOCAL GATHER dop: 1/16)", "Parent Relationship": "Outer", "Startup Cost": 0.0, "Total Cost": 48508.43, "Plan Rows": 584897, "Plan Width": 8, "Actual Startup Time": 0.0, "Actual Total Time": 0.0, "Plans": [{"Node Type": "Seq Scan", "Parent Relationship": "Outer", "Relation Name": "movie_info", "Alias": "mi", "Startup Cost": 0.0, "Total Cost": 35885.16, "Plan Rows": 584897, "Plan Width": 8, "Actual Min Startup Time": 24.505, "Actual Max Startup Time": 34.418, "Actual Min Total Time": 35.124, "Actual Max Total Time": 44.167, "Filter": "((info)::text = ANY ('{USA,America}'::text[]))", "Rows Removed by Filter": 1491212, "Actual Rows": 1616}]}, {"Node Type": "Hash", "Parent Relationship": "Inner", "Startup Cost": 47429.18, "Total Cost": 47429.18, "Plan Rows": 32, "Plan Width": 25, "Actual Min Startup Time": 145.593, "Actual Max Startup Time": 145.593, "Actual Min Total Time": 145.593, "Actual Max Total Time": 145.593, "Max Hash Buckets": 32768, "Min Hash Buckets": 32768, "Max Hash Batches": 1, "Min Hash Batches": 1, "Max Original Hash Batches": 1, "Min Original Hash Batches": 1, "Max Peak Memory Usage": 0, "min Peak Memory Usage": 0, "Plans": [{"Node Type": "Hash Join", "Parent Relationship": "Outer", "Join Type": "Inner", "Startup Cost": 18840.03, "Total Cost": 47429.18, "Plan Rows": 32, "Plan Width": 25, "Actual Min Startup Time": 145.59, "Actual Max Startup Time": 145.59, "Actual Min Total Time": 145.59, "Actual Max Total Time": 145.59, "Inner Unique": false, "Hash Cond": "(t.id = mc.movie_id)", "Plans": [{"Node Type": "Streaming(type: LOCAL GATHER dop: 1/16)", "Parent Relationship": "Outer", "Startup Cost": 0.0, "Total Cost": 27597.68, "Plan Rows": 391451, "Plan Width": 21, "Actual Startup Time": 0.0, "Actual Total Time": 0.0, "Plans": [{"Node Type": "Seq Scan", "Parent Relationship": "Outer", "Relation Name": "title", "Alias": "t", "Startup Cost": 0.0, "Total Cost": 19149.37, "Plan Rows": 391451, "Plan Width": 21, "Actual Min Startup Time": 0.029, "Actual Max Startup Time": 0.047, "Actual Min Total Time": 0.222, "Actual Max Total Time": 0.269, "Filter": "(production_year > 2010), (LLVM Optimized)", "Rows Removed by Filter": 7486, "Actual Rows": 1616}]}, {"Node Type": "Hash", "Parent Relationship": "Inner", "Startup Cost": 18839.66, "Total Cost": 18839.66, "Plan Rows": 30, "Plan Width": 4, "Actual Min Startup Time": 145.499, "Actual Max Startup Time": 145.499, "Actual Min Total Time": 145.499, "Actual Max Total Time": 145.499, "Max Hash Buckets": 32768, "Min Hash Buckets": 32768, "Max Hash Batches": 1, "Min Hash Batches": 1, "Max Original Hash Batches": 1, "Min Original Hash Batches": 1, "Max Peak Memory Usage": 0, "min Peak Memory Usage": 0, "Plans": [{"Node Type": "Nested Loop", "Parent Relationship": "Outer", "Join Type": "Inner", "Startup Cost": 0.0, "Total Cost": 18839.66, "Plan Rows": 30, "Plan Width": 4, "Actual Min Startup Time": 145.496, "Actual Max Startup Time": 145.496, "Actual Min Total Time": 145.496, "Actual Max Total Time": 145.496, "Inner Unique": false, "Join Filter": "(ct.id = mc.company_type_id)", "Rows Removed by Join Filter": 1418, "Plans": [{"Node Type": "Seq Scan", "Parent Relationship": "Outer", "Relation Name": "company_type", "Alias": "ct", "Startup Cost": 0.0, "Total Cost": 1.04, "Plan Rows": 1, "Plan Width": 4, "Actual Min Startup Time": 0.042, "Actual Max Startup Time": 0.042, "Actual Min Total Time": 0.045, "Actual Max Total Time": 0.045, "Filter": "((kind)::text = 'production companies'::text)", "Rows Removed by Filter": 2, "Actual Rows": 1}, {"Node Type": "Materialize", "Parent Relationship": "Inner", "Startup Cost": 0.0, "Total Cost": 18838.03, "Plan Rows": 59, "Plan Width": 8, "Actual Min Startup Time": 144.984, "Actual Max Startup Time": 144.984, "Actual Min Total Time": 145.121, "Actual Max Total Time": 145.121, "Plans": [{"Node Type": "Streaming(type: LOCAL GATHER dop: 1/16)", "Parent Relationship": "Outer", "Startup Cost": 0.0, "Total Cost": 18837.88, "Plan Rows": 59, "Plan Width": 8, "Actual Min Startup Time": 87.457, "Actual Max Startup Time": 87.457, "Actual Min Total Time": 144.747, "Actual Max Total Time": 144.747, "Plans": [{"Node Type": "Seq Scan", "Parent Relationship": "Outer", "Relation Name": "movie_companies", "Alias": "mc", "Startup Cost": 0.0, "Total Cost": 18836.61, "Plan Rows": 59, "Plan Width": 8, "Actual Min Startup Time": 1.009, "Actual Max Startup Time": 12.231, "Actual Min Total Time": 54.368, "Actual Max Total Time": 60.87, "Filter": "(((note)::text ~~ '%(VHS)%'::text) AND ((note)::text ~~ '%(USA)%'::text) AND ((note)::text ~~ '%(1994)%'::text))", "Rows Removed by Filter": 2607710, "Actual Rows": 1418}], "Actual Rows": 1418}], "Actual Rows": 1419}], "Actual Rows": 0}], "Actual Rows": 0}], "Actual Rows": 0}], "Actual Rows": 0}], "Actual Rows": 0}], "Actual Rows": 0}], "Actual Rows": 0}], "Actual Rows": 1}, "Triggers": [], "Planner Runtime": 20.163, "Total Runtime": 163.256, "Unique SQL Id": 328306525}}, "(16, '15')": {"explain_plan": {"Plan": {"Node Type": "Aggregate", "Strategy": "Plain", "Startup Cost": 4998574728500.19, "Total Cost": 4998574728500.2, "Plan Rows": 1, "Plan Width": 49, "Plans": [{"Node Type": "Merge Join", "Parent Relationship": "Outer", "Join Type": "Inner", "Startup Cost": 50025290819.16, "Total Cost": 4998574728500.13, "Plan Rows": 24, "Plan Width": 17, "Inner Unique": true, "Merge Cond": "(mi.movie_id = t.id)", "Plans": [{"Node Type": "Nested Loop", "Parent Relationship": "Outer", "Join Type": "Inner", "Startup Cost": 40000000000.0, "Total Cost": 3999263639085.25, "Plan Rows": 33, "Plan Width": 8, "Inner Unique": true, "Join Filter": "(mc.company_type_id = ct.id)", "Plans": [{"Node Type": "Merge Join", "Parent Relationship": "Outer", "Join Type": "Inner", "Startup Cost": 30000000000.0, "Total Cost": 2999263637854.01, "Plan Rows": 66, "Plan Width": 12, "Inner Unique": false, "Merge Cond": "(mi.movie_id = mc.movie_id)", "Plans": [{"Node Type": "Nested Loop", "Parent Relationship": "Outer", "Join Type": "Inner", "Startup Cost": 20000000000.0, "Total Cost": 2000108518423.96, "Plan Rows": 584897, "Plan Width": 4, "Inner Unique": true, "Join Filter": "(it.id = mi.info_type_id), (LLVM Optimized)", "Plans": [{"Node Type": "Index Scan", "Parent Relationship": "Outer", "Scan Direction": "Forward", "Index Name": "movie_id_movie_info", "Relation Name": "movie_info", "Alias": "mi", "Startup Cost": 10000000000.0, "Total Cost": 1000107534403.72, "Plan Rows": 584897, "Plan Width": 8, "Filter": "((info)::text = ANY ('{USA,America}'::text[]))"}, {"Node Type": "Materialize", "Parent Relationship": "Inner", "Startup Cost": 10000000000.0, "Total Cost": 1000000001393.56, "Plan Rows": 112, "Plan Width": 4, "Plans": [{"Node Type": "Index Scan", "Parent Relationship": "Outer", "Scan Direction": "Forward", "Index Name": "info_type_pkey", "Relation Name": "info_type", "Alias": "it", "Startup Cost": 10000000000.0, "Total Cost": 1000000001393.0, "Plan Rows": 112, "Plan Width": 4}]}]}, {"Node Type": "Materialize", "Parent Relationship": "Inner", "Startup Cost": 10000000000.0, "Total Cost": 1000015008792.28, "Plan Rows": 59, "Plan Width": 8, "Plans": [{"Node Type": "Index Scan", "Parent Relationship": "Outer", "Scan Direction": "Forward", "Index Name": "movie_id_movie_companies", "Relation Name": "movie_companies", "Alias": "mc", "Startup Cost": 10000000000.0, "Total Cost": 1000015008792.13, "Plan Rows": 59, "Plan Width": 8, "Filter": "(((note)::text ~~ '%(VHS)%'::text) AND ((note)::text ~~ '%(USA)%'::text) AND ((note)::text ~~ '%(1994)%'::text))"}]}]}, {"Node Type": "Materialize", "Parent Relationship": "Inner", "Startup Cost": 10000000000.0, "Total Cost": 1000000001230.26, "Plan Rows": 1, "Plan Width": 4, "Plans": [{"Node Type": "Index Scan", "Parent Relationship": "Outer", "Scan Direction": "Forward", "Index Name": "company_type_pkey", "Relation Name": "company_type", "Alias": "ct", "Startup Cost": 10000000000.0, "Total Cost": 1000000001230.25, "Plan Rows": 1, "Plan Width": 4, "Filter": "((kind)::text = 'production companies'::text)"}]}]}, {"Node Type": "Index Scan", "Parent Relationship": "Inner", "Scan Direction": "Forward", "Index Name": "title_pkey", "Relation Name": "title", "Alias": "t", "Startup Cost": 10000000000.0, "Total Cost": 1000011644126.66, "Plan Rows": 391451, "Plan Width": 21, "Filter": "(production_year > 2010), (LLVM Optimized)"}]}]}, "Unique SQL Id": 328306525, "Planner Runtime": 14}, "explain_analyze_plan": null}, "(16, '16')": {"explain_plan": {"Plan": {"Node Type": "Aggregate", "Strategy": "Plain", "Startup Cost": 19173.9, "Total Cost": 19173.91, "Plan Rows": 1, "Plan Width": 49, "Plans": [{"Node Type": "Nested Loop", "Parent Relationship": "Outer", "Join Type": "Inner", "Startup Cost": 0.0, "Total Cost": 19173.84, "Plan Rows": 24, "Plan Width": 17, "Inner Unique": true, "Plans": [{"Node Type": "Nested Loop", "Parent Relationship": "Outer", "Join Type": "Inner", "Startup Cost": 0.0, "Total Cost": 19167.12, "Plan Rows": 24, "Plan Width": 21, "Inner Unique": false, "Plans": [{"Node Type": "Nested Loop", "Parent Relationship": "Outer", "Join Type": "Inner", "Startup Cost": 0.0, "Total Cost": 19088.13, "Plan Rows": 32, "Plan Width": 25, "Inner Unique": true, "Plans": [{"Node Type": "Nested Loop", "Parent Relationship": "Outer", "Join Type": "Inner", "Startup Cost": 0.0, "Total Cost": 18839.66, "Plan Rows": 30, "Plan Width": 4, "Inner Unique": false, "Join Filter": "(ct.id = mc.company_type_id)", "Plans": [{"Node Type": "Seq Scan", "Parent Relationship": "Outer", "Relation Name": "company_type", "Alias": "ct", "Startup Cost": 0.0, "Total Cost": 1.04, "Plan Rows": 1, "Plan Width": 4, "Filter": "((kind)::text = 'production companies'::text)"}, {"Node Type": "Materialize", "Parent Relationship": "Inner", "Startup Cost": 0.0, "Total Cost": 18838.03, "Plan Rows": 59, "Plan Width": 8, "Plans": [{"Node Type": "Streaming(type: LOCAL GATHER dop: 1/16)", "Parent Relationship": "Outer", "Startup Cost": 0.0, "Total Cost": 18837.88, "Plan Rows": 59, "Plan Width": 8, "Plans": [{"Node Type": "Seq Scan", "Parent Relationship": "Outer", "Relation Name": "movie_companies", "Alias": "mc", "Startup Cost": 0.0, "Total Cost": 18836.61, "Plan Rows": 59, "Plan Width": 8, "Filter": "(((note)::text ~~ '%(VHS)%'::text) AND ((note)::text ~~ '%(USA)%'::text) AND ((note)::text ~~ '%(1994)%'::text))"}]}]}]}, {"Node Type": "Index Scan", "Parent Relationship": "Inner", "Scan Direction": "Forward", "Index Name": "title_pkey", "Relation Name": "title", "Alias": "t", "Startup Cost": 0.0, "Total Cost": 8.27, "Plan Rows": 1, "Plan Width": 21, "Index Cond": "(id = mc.movie_id)", "Filter": "(production_year > 2010)"}]}, {"Node Type": "Index Scan", "Parent Relationship": "Inner", "Scan Direction": "Forward", "Index Name": "movie_id_movie_info", "Relation Name": "movie_info", "Alias": "mi", "Startup Cost": 0.0, "Total Cost": 2.46, "Plan Rows": 1, "Plan Width": 8, "Index Cond": "(movie_id = t.id)", "Filter": "((info)::text = ANY ('{USA,America}'::text[]))"}]}, {"Node Type": "Index Only Scan", "Parent Relationship": "Inner", "Scan Direction": "Forward", "Index Name": "info_type_pkey", "Relation Name": "info_type", "Alias": "it", "Startup Cost": 0.0, "Total Cost": 0.27, "Plan Rows": 1, "Plan Width": 4, "Index Cond": "(id = mi.info_type_id)"}]}]}, "Unique SQL Id": 328306525, "Planner Runtime": 5}, "explain_analyze_plan": {"Plan": {"Node Type": "Aggregate", "Strategy": "Plain", "Startup Cost": 19173.9, "Total Cost": 19173.91, "Plan Rows": 1, "Plan Width": 49, "Actual Min Startup Time": 83.27, "Actual Max Startup Time": 83.27, "Actual Min Total Time": 83.271, "Actual Max Total Time": 83.271, "Plans": [{"Node Type": "Nested Loop", "Parent Relationship": "Outer", "Join Type": "Inner", "Startup Cost": 0.0, "Total Cost": 19173.84, "Plan Rows": 24, "Plan Width": 17, "Actual Min Startup Time": 83.259, "Actual Max Startup Time": 83.259, "Actual Min Total Time": 83.259, "Actual Max Total Time": 83.259, "Inner Unique": true, "Plans": [{"Node Type": "Nested Loop", "Parent Relationship": "Outer", "Join Type": "Inner", "Startup Cost": 0.0, "Total Cost": 19167.12, "Plan Rows": 24, "Plan Width": 21, "Actual Min Startup Time": 83.257, "Actual Max Startup Time": 83.257, "Actual Min Total Time": 83.257, "Actual Max Total Time": 83.257, "Inner Unique": false, "Plans": [{"Node Type": "Nested Loop", "Parent Relationship": "Outer", "Join Type": "Inner", "Startup Cost": 0.0, "Total Cost": 19088.13, "Plan Rows": 32, "Plan Width": 25, "Actual Min Startup Time": 83.256, "Actual Max Startup Time": 83.256, "Actual Min Total Time": 83.256, "Actual Max Total Time": 83.256, "Inner Unique": true, "Plans": [{"Node Type": "Nested Loop", "Parent Relationship": "Outer", "Join Type": "Inner", "Startup Cost": 0.0, "Total Cost": 18839.66, "Plan Rows": 30, "Plan Width": 4, "Actual Min Startup Time": 83.256, "Actual Max Startup Time": 83.256, "Actual Min Total Time": 83.256, "Actual Max Total Time": 83.256, "Inner Unique": false, "Join Filter": "(ct.id = mc.company_type_id)", "Rows Removed by Join Filter": 1418, "Plans": [{"Node Type": "Seq Scan", "Parent Relationship": "Outer", "Relation Name": "company_type", "Alias": "ct", "Startup Cost": 0.0, "Total Cost": 1.04, "Plan Rows": 1, "Plan Width": 4, "Actual Min Startup Time": 0.047, "Actual Max Startup Time": 0.047, "Actual Min Total Time": 0.05, "Actual Max Total Time": 0.05, "Filter": "((kind)::text = 'production companies'::text)", "Rows Removed by Filter": 2, "Actual Rows": 1}, {"Node Type": "Materialize", "Parent Relationship": "Inner", "Startup Cost": 0.0, "Total Cost": 18838.03, "Plan Rows": 59, "Plan Width": 8, "Actual Min Startup Time": 82.738, "Actual Max Startup Time": 82.738, "Actual Min Total Time": 82.874, "Actual Max Total Time": 82.874, "Plans": [{"Node Type": "Streaming(type: LOCAL GATHER dop: 1/16)", "Parent Relationship": "Outer", "Startup Cost": 0.0, "Total Cost": 18837.88, "Plan Rows": 59, "Plan Width": 8, "Actual Min Startup Time": 41.394, "Actual Max Startup Time": 41.394, "Actual Min Total Time": 82.488, "Actual Max Total Time": 82.488, "Plans": [{"Node Type": "Seq Scan", "Parent Relationship": "Outer", "Relation Name": "movie_companies", "Alias": "mc", "Startup Cost": 0.0, "Total Cost": 18836.61, "Plan Rows": 59, "Plan Width": 8, "Actual Min Startup Time": 0.994, "Actual Max Startup Time": 12.189, "Actual Min Total Time": 54.261, "Actual Max Total Time": 60.78, "Filter": "(((note)::text ~~ '%(VHS)%'::text) AND ((note)::text ~~ '%(USA)%'::text) AND ((note)::text ~~ '%(1994)%'::text))", "Rows Removed by Filter": 2607710, "Actual Rows": 1418}], "Actual Rows": 1418}], "Actual Rows": 1419}], "Actual Rows": 0}, {"Node Type": "Index Scan", "Parent Relationship": "Inner", "Scan Direction": "Forward", "Index Name": "title_pkey", "Relation Name": "title", "Alias": "t", "Startup Cost": 0.0, "Total Cost": 8.27, "Plan Rows": 1, "Plan Width": 21, "Actual Startup Time": 0.0, "Actual Total Time": 0.0, "Index Cond": "(id = mc.movie_id)", "Rows Removed by Index Recheck": 0, "Filter": "(production_year > 2010)", "Rows Removed by Filter": 0}], "Actual Rows": 0}, {"Node Type": "Index Scan", "Parent Relationship": "Inner", "Scan Direction": "Forward", "Index Name": "movie_id_movie_info", "Relation Name": "movie_info", "Alias": "mi", "Startup Cost": 0.0, "Total Cost": 2.46, "Plan Rows": 1, "Plan Width": 8, "Actual Startup Time": 0.0, "Actual Total Time": 0.0, "Index Cond": "(movie_id = t.id)", "Rows Removed by Index Recheck": 0, "Filter": "((info)::text = ANY ('{USA,America}'::text[]))", "Rows Removed by Filter": 0}], "Actual Rows": 0}, {"Node Type": "Index Only Scan", "Parent Relationship": "Inner", "Scan Direction": "Forward", "Index Name": "info_type_pkey", "Relation Name": "info_type", "Alias": "it", "Startup Cost": 0.0, "Total Cost": 0.27, "Plan Rows": 1, "Plan Width": 4, "Actual Startup Time": 0.0, "Actual Total Time": 0.0, "Index Cond": "(id = mi.info_type_id)", "Rows Removed by Index Recheck": 0, "Heap Fetches": 0}], "Actual Rows": 0}], "Actual Rows": 1}, "Triggers": [], "Planner Runtime": 10.123, "Total Runtime": 85.75, "Unique SQL Id": 328306525}}, "(16, '17')": {"explain_plan": {"Plan": {"Node Type": "Aggregate", "Strategy": "Plain", "Startup Cost": 85293.18, "Total Cost": 85293.19, "Plan Rows": 1, "Plan Width": 49, "Plans": [{"Node Type": "Nested Loop", "Parent Relationship": "Outer", "Join Type": "Inner", "Startup Cost": 0.0, "Total Cost": 85293.12, "Plan Rows": 24, "Plan Width": 17, "Inner Unique": true, "Plans": [{"Node Type": "Nested Loop", "Parent Relationship": "Outer", "Join Type": "Inner", "Startup Cost": 0.0, "Total Cost": 85286.4, "Plan Rows": 24, "Plan Width": 21, "Inner Unique": false, "Plans": [{"Node Type": "Nested Loop", "Parent Relationship": "Outer", "Join Type": "Inner", "Startup Cost": 0.0, "Total Cost": 85207.41, "Plan Rows": 32, "Plan Width": 25, "Inner Unique": true, "Plans": [{"Node Type": "Nested Loop", "Parent Relationship": "Outer", "Join Type": "Inner", "Startup Cost": 0.0, "Total Cost": 84958.94, "Plan Rows": 30, "Plan Width": 4, "Inner Unique": false, "Join Filter": "(ct.id = mc.company_type_id)", "Plans": [{"Node Type": "Index Scan", "Parent Relationship": "Outer", "Scan Direction": "Forward", "Index Name": "company_type_pkey", "Relation Name": "company_type", "Alias": "ct", "Startup Cost": 0.0, "Total Cost": 12.3, "Plan Rows": 1, "Plan Width": 4, "Filter": "((kind)::text = 'production companies'::text)"}, {"Node Type": "Materialize", "Parent Relationship": "Inner", "Startup Cost": 0.0, "Total Cost": 84946.04, "Plan Rows": 59, "Plan Width": 8, "Plans": [{"Node Type": "Streaming(type: LOCAL GATHER dop: 1/16)", "Parent Relationship": "Outer", "Startup Cost": 0.0, "Total Cost": 84945.9, "Plan Rows": 59, "Plan Width": 8, "Plans": [{"Node Type": "Index Scan", "Parent Relationship": "Outer", "Scan Direction": "Forward", "Index Name": "company_type_id_movie_companies", "Relation Name": "movie_companies", "Alias": "mc", "Startup Cost": 0.0, "Total Cost": 84944.62, "Plan Rows": 59, "Plan Width": 8, "Filter": "(((note)::text ~~ '%(VHS)%'::text) AND ((note)::text ~~ '%(USA)%'::text) AND ((note)::text ~~ '%(1994)%'::text))"}]}]}]}, {"Node Type": "Index Scan", "Parent Relationship": "Inner", "Scan Direction": "Forward", "Index Name": "title_pkey", "Relation Name": "title", "Alias": "t", "Startup Cost": 0.0, "Total Cost": 8.27, "Plan Rows": 1, "Plan Width": 21, "Index Cond": "(id = mc.movie_id)", "Filter": "(production_year > 2010)"}]}, {"Node Type": "Index Scan", "Parent Relationship": "Inner", "Scan Direction": "Forward", "Index Name": "movie_id_movie_info", "Relation Name": "movie_info", "Alias": "mi", "Startup Cost": 0.0, "Total Cost": 2.46, "Plan Rows": 1, "Plan Width": 8, "Index Cond": "(movie_id = t.id)", "Filter": "((info)::text = ANY ('{USA,America}'::text[]))"}]}, {"Node Type": "Index Only Scan", "Parent Relationship": "Inner", "Scan Direction": "Forward", "Index Name": "info_type_pkey", "Relation Name": "info_type", "Alias": "it", "Startup Cost": 0.0, "Total Cost": 0.27, "Plan Rows": 1, "Plan Width": 4, "Index Cond": "(id = mi.info_type_id)"}]}]}, "Unique SQL Id": 328306525, "Planner Runtime": 6}, "explain_analyze_plan": {"Plan": {"Node Type": "Aggregate", "Strategy": "Plain", "Startup Cost": 85293.18, "Total Cost": 85293.19, "Plan Rows": 1, "Plan Width": 49, "Actual Min Startup Time": 150.989, "Actual Max Startup Time": 150.989, "Actual Min Total Time": 150.989, "Actual Max Total Time": 150.989, "Plans": [{"Node Type": "Nested Loop", "Parent Relationship": "Outer", "Join Type": "Inner", "Startup Cost": 0.0, "Total Cost": 85293.12, "Plan Rows": 24, "Plan Width": 17, "Actual Min Startup Time": 150.979, "Actual Max Startup Time": 150.979, "Actual Min Total Time": 150.979, "Actual Max Total Time": 150.979, "Inner Unique": true, "Plans": [{"Node Type": "Nested Loop", "Parent Relationship": "Outer", "Join Type": "Inner", "Startup Cost": 0.0, "Total Cost": 85286.4, "Plan Rows": 24, "Plan Width": 21, "Actual Min Startup Time": 150.977, "Actual Max Startup Time": 150.977, "Actual Min Total Time": 150.977, "Actual Max Total Time": 150.977, "Inner Unique": false, "Plans": [{"Node Type": "Nested Loop", "Parent Relationship": "Outer", "Join Type": "Inner", "Startup Cost": 0.0, "Total Cost": 85207.41, "Plan Rows": 32, "Plan Width": 25, "Actual Min Startup Time": 150.977, "Actual Max Startup Time": 150.977, "Actual Min Total Time": 150.977, "Actual Max Total Time": 150.977, "Inner Unique": true, "Plans": [{"Node Type": "Nested Loop", "Parent Relationship": "Outer", "Join Type": "Inner", "Startup Cost": 0.0, "Total Cost": 84958.94, "Plan Rows": 30, "Plan Width": 4, "Actual Min Startup Time": 150.976, "Actual Max Startup Time": 150.976, "Actual Min Total Time": 150.976, "Actual Max Total Time": 150.976, "Inner Unique": false, "Join Filter": "(ct.id = mc.company_type_id)", "Rows Removed by Join Filter": 1418, "Plans": [{"Node Type": "Index Scan", "Parent Relationship": "Outer", "Scan Direction": "Forward", "Index Name": "company_type_pkey", "Relation Name": "company_type", "Alias": "ct", "Startup Cost": 0.0, "Total Cost": 12.3, "Plan Rows": 1, "Plan Width": 4, "Actual Min Startup Time": 0.046, "Actual Max Startup Time": 0.046, "Actual Min Total Time": 0.05, "Actual Max Total Time": 0.05, "Filter": "((kind)::text = 'production companies'::text)", "Rows Removed by Filter": 2, "Actual Rows": 1}, {"Node Type": "Materialize", "Parent Relationship": "Inner", "Startup Cost": 0.0, "Total Cost": 84946.04, "Plan Rows": 59, "Plan Width": 8, "Actual Min Startup Time": 150.438, "Actual Max Startup Time": 150.438, "Actual Min Total Time": 150.602, "Actual Max Total Time": 150.602, "Plans": [{"Node Type": "Streaming(type: LOCAL GATHER dop: 1/16)", "Parent Relationship": "Outer", "Startup Cost": 0.0, "Total Cost": 84945.9, "Plan Rows": 59, "Plan Width": 8, "Actual Min Startup Time": 66.76, "Actual Max Startup Time": 66.76, "Actual Min Total Time": 150.176, "Actual Max Total Time": 150.176, "Plans": [{"Node Type": "Index Scan", "Parent Relationship": "Outer", "Scan Direction": "Forward", "Index Name": "company_type_id_movie_companies", "Relation Name": "movie_companies", "Alias": "mc", "Startup Cost": 0.0, "Total Cost": 84944.62, "Plan Rows": 59, "Plan Width": 8, "Actual Min Startup Time": 16.096, "Actual Max Startup Time": 90.09, "Actual Min Total Time": 86.621, "Actual Max Total Time": 133.227, "Filter": "(((note)::text ~~ '%(VHS)%'::text) AND ((note)::text ~~ '%(USA)%'::text) AND ((note)::text ~~ '%(1994)%'::text))", "Rows Removed by Filter": 2607710, "Actual Rows": 1418}], "Actual Rows": 1418}], "Actual Rows": 1419}], "Actual Rows": 0}, {"Node Type": "Index Scan", "Parent Relationship": "Inner", "Scan Direction": "Forward", "Index Name": "title_pkey", "Relation Name": "title", "Alias": "t", "Startup Cost": 0.0, "Total Cost": 8.27, "Plan Rows": 1, "Plan Width": 21, "Actual Startup Time": 0.0, "Actual Total Time": 0.0, "Index Cond": "(id = mc.movie_id)", "Rows Removed by Index Recheck": 0, "Filter": "(production_year > 2010)", "Rows Removed by Filter": 0}], "Actual Rows": 0}, {"Node Type": "Index Scan", "Parent Relationship": "Inner", "Scan Direction": "Forward", "Index Name": "movie_id_movie_info", "Relation Name": "movie_info", "Alias": "mi", "Startup Cost": 0.0, "Total Cost": 2.46, "Plan Rows": 1, "Plan Width": 8, "Actual Startup Time": 0.0, "Actual Total Time": 0.0, "Index Cond": "(movie_id = t.id)", "Rows Removed by Index Recheck": 0, "Filter": "((info)::text = ANY ('{USA,America}'::text[]))", "Rows Removed by Filter": 0}], "Actual Rows": 0}, {"Node Type": "Index Only Scan", "Parent Relationship": "Inner", "Scan Direction": "Forward", "Index Name": "info_type_pkey", "Relation Name": "info_type", "Alias": "it", "Startup Cost": 0.0, "Total Cost": 0.27, "Plan Rows": 1, "Plan Width": 4, "Actual Startup Time": 0.0, "Actual Total Time": 0.0, "Index Cond": "(id = mi.info_type_id)", "Rows Removed by Index Recheck": 0, "Heap Fetches": 0}], "Actual Rows": 0}], "Actual Rows": 1}, "Triggers": [], "Planner Runtime": 9.823, "Total Runtime": 153.389, "Unique SQL Id": 328306525}}, "(16, '18')": {"explain_plan": {"Plan": {"Node Type": "Aggregate", "Strategy": "Plain", "Startup Cost": 19289.21, "Total Cost": 19289.22, "Plan Rows": 1, "Plan Width": 49, "Plans": [{"Node Type": "Nested Loop", "Parent Relationship": "Outer", "Join Type": "Inner", "Startup Cost": 5.13, "Total Cost": 19289.15, "Plan Rows": 24, "Plan Width": 17, "Inner Unique": false, "Join Filter": "(mi.info_type_id = it.id)", "Plans": [{"Node Type": "Seq Scan", "Parent Relationship": "Outer", "Relation Name": "info_type", "Alias": "it", "Startup Cost": 0.0, "Total Cost": 2.12, "Plan Rows": 112, "Plan Width": 4}, {"Node Type": "Materialize", "Parent Relationship": "Inner", "Startup Cost": 5.13, "Total Cost": 19246.77, "Plan Rows": 24, "Plan Width": 21, "Plans": [{"Node Type": "Nested Loop", "Parent Relationship": "Outer", "Join Type": "Inner", "Startup Cost": 5.13, "Total Cost": 19246.65, "Plan Rows": 24, "Plan Width": 21, "Inner Unique": false, "Plans": [{"Node Type": "Nested Loop", "Parent Relationship": "Outer", "Join Type": "Inner", "Startup Cost": 4.26, "Total Cost": 19088.14, "Plan Rows": 32, "Plan Width": 25, "Inner Unique": true, "Plans": [{"Node Type": "Nested Loop", "Parent Relationship": "Outer", "Join Type": "Inner", "Startup Cost": 0.0, "Total Cost": 18839.66, "Plan Rows": 30, "Plan Width": 4, "Inner Unique": false, "Join Filter": "(ct.id = mc.company_type_id)", "Plans": [{"Node Type": "Seq Scan", "Parent Relationship": "Outer", "Relation Name": "company_type", "Alias": "ct", "Startup Cost": 0.0, "Total Cost": 1.04, "Plan Rows": 1, "Plan Width": 4, "Filter": "((kind)::text = 'production companies'::text)"}, {"Node Type": "Materialize", "Parent Relationship": "Inner", "Startup Cost": 0.0, "Total Cost": 18838.03, "Plan Rows": 59, "Plan Width": 8, "Plans": [{"Node Type": "Streaming(type: LOCAL GATHER dop: 1/16)", "Parent Relationship": "Outer", "Startup Cost": 0.0, "Total Cost": 18837.88, "Plan Rows": 59, "Plan Width": 8, "Plans": [{"Node Type": "Seq Scan", "Parent Relationship": "Outer", "Relation Name": "movie_companies", "Alias": "mc", "Startup Cost": 0.0, "Total Cost": 18836.61, "Plan Rows": 59, "Plan Width": 8, "Filter": "(((note)::text ~~ '%(VHS)%'::text) AND ((note)::text ~~ '%(USA)%'::text) AND ((note)::text ~~ '%(1994)%'::text))"}]}]}]}, {"Node Type": "Bitmap Heap Scan", "Parent Relationship": "Inner", "Relation Name": "title", "Alias": "t", "Startup Cost": 4.26, "Total Cost": 8.27, "Plan Rows": 1, "Plan Width": 21, "Recheck Cond": "(id = mc.movie_id)", "Filter": "(production_year > 2010)", "Plans": [{"Node Type": "Bitmap Index Scan", "Parent Relationship": "Outer", "Index Name": "title_pkey", "Startup Cost": 0.0, "Total Cost": 4.26, "Plan Rows": 1, "Plan Width": 0, "Index Cond": "(id = mc.movie_id)"}]}]}, {"Node Type": "Bitmap Heap Scan", "Parent Relationship": "Inner", "Relation Name": "movie_info", "Alias": "mi", "Startup Cost": 0.87, "Total Cost": 4.94, "Plan Rows": 1, "Plan Width": 8, "Recheck Cond": "(movie_id = t.id)", "Filter": "((info)::text = ANY ('{USA,America}'::text[]))", "Plans": [{"Node Type": "Bitmap Index Scan", "Parent Relationship": "Outer", "Index Name": "movie_id_movie_info", "Startup Cost": 0.0, "Total Cost": 0.87, "Plan Rows": 5, "Plan Width": 0, "Index Cond": "(movie_id = t.id)"}]}]}]}]}]}, "Unique SQL Id": 328306525, "Planner Runtime": 6}, "explain_analyze_plan": {"Plan": {"Node Type": "Aggregate", "Strategy": "Plain", "Startup Cost": 19289.21, "Total Cost": 19289.22, "Plan Rows": 1, "Plan Width": 49, "Actual Min Startup Time": 79.845, "Actual Max Startup Time": 79.845, "Actual Min Total Time": 79.845, "Actual Max Total Time": 79.845, "Plans": [{"Node Type": "Nested Loop", "Parent Relationship": "Outer", "Join Type": "Inner", "Startup Cost": 5.13, "Total Cost": 19289.15, "Plan Rows": 24, "Plan Width": 17, "Actual Min Startup Time": 79.836, "Actual Max Startup Time": 79.836, "Actual Min Total Time": 79.836, "Actual Max Total Time": 79.836, "Inner Unique": false, "Join Filter": "(mi.info_type_id = it.id)", "Rows Removed by Join Filter": 0, "Plans": [{"Node Type": "Seq Scan", "Parent Relationship": "Outer", "Relation Name": "info_type", "Alias": "it", "Startup Cost": 0.0, "Total Cost": 2.12, "Plan Rows": 112, "Plan Width": 4, "Actual Min Startup Time": 0.032, "Actual Max Startup Time": 0.032, "Actual Min Total Time": 0.05, "Actual Max Total Time": 0.05, "Actual Rows": 112}, {"Node Type": "Materialize", "Parent Relationship": "Inner", "Startup Cost": 5.13, "Total Cost": 19246.77, "Plan Rows": 24, "Plan Width": 21, "Actual Min Startup Time": 79.761, "Actual Max Startup Time": 79.761, "Actual Min Total Time": 79.761, "Actual Max Total Time": 79.761, "Plans": [{"Node Type": "Nested Loop", "Parent Relationship": "Outer", "Join Type": "Inner", "Startup Cost": 5.13, "Total Cost": 19246.65, "Plan Rows": 24, "Plan Width": 21, "Actual Min Startup Time": 79.749, "Actual Max Startup Time": 79.749, "Actual Min Total Time": 79.749, "Actual Max Total Time": 79.749, "Inner Unique": false, "Plans": [{"Node Type": "Nested Loop", "Parent Relationship": "Outer", "Join Type": "Inner", "Startup Cost": 4.26, "Total Cost": 19088.14, "Plan Rows": 32, "Plan Width": 25, "Actual Min Startup Time": 79.748, "Actual Max Startup Time": 79.748, "Actual Min Total Time": 79.748, "Actual Max Total Time": 79.748, "Inner Unique": true, "Plans": [{"Node Type": "Nested Loop", "Parent Relationship": "Outer", "Join Type": "Inner", "Startup Cost": 0.0, "Total Cost": 18839.66, "Plan Rows": 30, "Plan Width": 4, "Actual Min Startup Time": 79.747, "Actual Max Startup Time": 79.747, "Actual Min Total Time": 79.747, "Actual Max Total Time": 79.747, "Inner Unique": false, "Join Filter": "(ct.id = mc.company_type_id)", "Rows Removed by Join Filter": 1418, "Plans": [{"Node Type": "Seq Scan", "Parent Relationship": "Outer", "Relation Name": "company_type", "Alias": "ct", "Startup Cost": 0.0, "Total Cost": 1.04, "Plan Rows": 1, "Plan Width": 4, "Actual Min Startup Time": 0.041, "Actual Max Startup Time": 0.041, "Actual Min Total Time": 0.044, "Actual Max Total Time": 0.044, "Filter": "((kind)::text = 'production companies'::text)", "Rows Removed by Filter": 2, "Actual Rows": 1}, {"Node Type": "Materialize", "Parent Relationship": "Inner", "Startup Cost": 0.0, "Total Cost": 18838.03, "Plan Rows": 59, "Plan Width": 8, "Actual Min Startup Time": 79.237, "Actual Max Startup Time": 79.237, "Actual Min Total Time": 79.366, "Actual Max Total Time": 79.366, "Plans": [{"Node Type": "Streaming(type: LOCAL GATHER dop: 1/16)", "Parent Relationship": "Outer", "Startup Cost": 0.0, "Total Cost": 18837.88, "Plan Rows": 59, "Plan Width": 8, "Actual Min Startup Time": 41.667, "Actual Max Startup Time": 41.667, "Actual Min Total Time": 78.971, "Actual Max Total Time": 78.971, "Plans": [{"Node Type": "Seq Scan", "Parent Relationship": "Outer", "Relation Name": "movie_companies", "Alias": "mc", "Startup Cost": 0.0, "Total Cost": 18836.61, "Plan Rows": 59, "Plan Width": 8, "Actual Min Startup Time": 0.983, "Actual Max Startup Time": 12.222, "Actual Min Total Time": 54.232, "Actual Max Total Time": 60.749, "Filter": "(((note)::text ~~ '%(VHS)%'::text) AND ((note)::text ~~ '%(USA)%'::text) AND ((note)::text ~~ '%(1994)%'::text))", "Rows Removed by Filter": 2607710, "Actual Rows": 1418}], "Actual Rows": 1418}], "Actual Rows": 1419}], "Actual Rows": 0}, {"Node Type": "Bitmap Heap Scan", "Parent Relationship": "Inner", "Relation Name": "title", "Alias": "t", "Startup Cost": 4.26, "Total Cost": 8.27, "Plan Rows": 1, "Plan Width": 21, "Actual Startup Time": 0.0, "Actual Total Time": 0.0, "Recheck Cond": "(id = mc.movie_id)", "Rows Removed by Index Recheck": 0, "Filter": "(production_year > 2010)", "Rows Removed by Filter": 0, "Exact Heap Blocks": 0, "Lossy Heap Blocks": 0, "Plans": [{"Node Type": "Bitmap Index Scan", "Parent Relationship": "Outer", "Index Name": "title_pkey", "Startup Cost": 0.0, "Total Cost": 4.26, "Plan Rows": 1, "Plan Width": 0, "Actual Startup Time": 0.0, "Actual Total Time": 0.0, "Index Cond": "(id = mc.movie_id)"}]}], "Actual Rows": 0}, {"Node Type": "Bitmap Heap Scan", "Parent Relationship": "Inner", "Relation Name": "movie_info", "Alias": "mi", "Startup Cost": 0.87, "Total Cost": 4.94, "Plan Rows": 1, "Plan Width": 8, "Actual Startup Time": 0.0, "Actual Total Time": 0.0, "Recheck Cond": "(movie_id = t.id)", "Rows Removed by Index Recheck": 0, "Filter": "((info)::text = ANY ('{USA,America}'::text[]))", "Rows Removed by Filter": 0, "Exact Heap Blocks": 0, "Lossy Heap Blocks": 0, "Plans": [{"Node Type": "Bitmap Index Scan", "Parent Relationship": "Outer", "Index Name": "movie_id_movie_info", "Startup Cost": 0.0, "Total Cost": 0.87, "Plan Rows": 5, "Plan Width": 0, "Actual Startup Time": 0.0, "Actual Total Time": 0.0, "Index Cond": "(movie_id = t.id)"}]}], "Actual Rows": 0}], "Actual Rows": 0}], "Actual Rows": 0}], "Actual Rows": 1}, "Triggers": [], "Planner Runtime": 11.234, "Total Runtime": 82.33, "Unique SQL Id": 328306525}}, "(16, '19')": {"explain_plan": {"Plan": {"Node Type": "Aggregate", "Strategy": "Plain", "Startup Cost": 71749.13, "Total Cost": 71749.14, "Plan Rows": 1, "Plan Width": 49, "Plans": [{"Node Type": "Nested Loop", "Parent Relationship": "Outer", "Join Type": "Inner", "Startup Cost": 28957.62, "Total Cost": 71749.07, "Plan Rows": 24, "Plan Width": 17, "Inner Unique": true, "Plans": [{"Node Type": "Nested Loop", "Parent Relationship": "Outer", "Join Type": "Inner", "Startup Cost": 28957.36, "Total Cost": 71646.35, "Plan Rows": 24, "Plan Width": 21, "Inner Unique": true, "Plans": [{"Node Type": "Nested Loop", "Parent Relationship": "Outer", "Join Type": "Inner", "Startup Cost": 28957.04, "Total Cost": 71502.93, "Plan Rows": 33, "Plan Width": 12, "Inner Unique": false, "Plans": [{"Node Type": "Nested Loop", "Parent Relationship": "Outer", "Join Type": "Inner", "Startup Cost": 28952.75, "Total Cost": 70774.36, "Plan Rows": 30, "Plan Width": 4, "Inner Unique": false, "Plans": [{"Node Type": "Bitmap Heap Scan", "Parent Relationship": "Outer", "Relation Name": "company_type", "Alias": "ct", "Startup Cost": 8.27, "Total Cost": 12.3, "Plan Rows": 1, "Plan Width": 4, "Filter": "((kind)::text = 'production companies'::text)", "Plans": [{"Node Type": "Bitmap Index Scan", "Parent Relationship": "Outer", "Index Name": "company_type_pkey", "Startup Cost": 0.0, "Total Cost": 8.27, "Plan Rows": 3, "Plan Width": 0}]}, {"Node Type": "Bitmap Heap Scan", "Parent Relationship": "Inner", "Relation Name": "movie_companies", "Alias": "mc", "Startup Cost": 28944.49, "Total Cost": 70761.77, "Plan Rows": 29, "Plan Width": 8, "Recheck Cond": "(company_type_id = ct.id)", "Filter": "(((note)::text ~~ '%(VHS)%'::text) AND ((note)::text ~~ '%(USA)%'::text) AND ((note)::text ~~ '%(1994)%'::text))", "Plans": [{"Node Type": "Bitmap Index Scan", "Parent Relationship": "Outer", "Index Name": "company_type_id_movie_companies", "Startup Cost": 0.0, "Total Cost": 28944.48, "Plan Rows": 1304564, "Plan Width": 0, "Index Cond": "(company_type_id = ct.id)"}]}]}, {"Node Type": "Bitmap Heap Scan", "Parent Relationship": "Inner", "Relation Name": "movie_info", "Alias": "mi", "Startup Cost": 4.29, "Total Cost": 24.28, "Plan Rows": 1, "Plan Width": 8, "Recheck Cond": "(movie_id = mc.movie_id)", "Filter": "((info)::text = ANY ('{USA,America}'::text[]))", "Plans": [{"Node Type": "Bitmap Index Scan", "Parent Relationship": "Outer", "Index Name": "movie_id_movie_info", "Startup Cost": 0.0, "Total Cost": 4.29, "Plan Rows": 5, "Plan Width": 0, "Index Cond": "(movie_id = mc.movie_id)"}]}]}, {"Node Type": "Bitmap Heap Scan", "Parent Relationship": "Inner", "Relation Name": "title", "Alias": "t", "Startup Cost": 0.32, "Total Cost": 4.34, "Plan Rows": 1, "Plan Width": 21, "Recheck Cond": "(id = mi.movie_id)", "Filter": "(production_year > 2010)", "Plans": [{"Node Type": "Bitmap Index Scan", "Parent Relationship": "Outer", "Index Name": "title_pkey", "Startup Cost": 0.0, "Total Cost": 0.32, "Plan Rows": 1, "Plan Width": 0, "Index Cond": "(id = mi.movie_id)"}]}]}, {"Node Type": "Bitmap Heap Scan", "Parent Relationship": "Inner", "Relation Name": "info_type", "Alias": "it", "Startup Cost": 0.26, "Total Cost": 4.27, "Plan Rows": 1, "Plan Width": 4, "Recheck Cond": "(id = mi.info_type_id)", "Plans": [{"Node Type": "Bitmap Index Scan", "Parent Relationship": "Outer", "Index Name": "info_type_pkey", "Startup Cost": 0.0, "Total Cost": 0.26, "Plan Rows": 1, "Plan Width": 0, "Index Cond": "(id = mi.info_type_id)"}]}]}]}, "Unique SQL Id": 328306525, "Planner Runtime": 6}, "explain_analyze_plan": null}, "(16, '20')": {"explain_plan": {"Plan": {"Node Type": "Aggregate", "Strategy": "Plain", "Startup Cost": 19173.9, "Total Cost": 19173.91, "Plan Rows": 1, "Plan Width": 49, "Plans": [{"Node Type": "Nested Loop", "Parent Relationship": "Outer", "Join Type": "Inner", "Startup Cost": 0.0, "Total Cost": 19173.84, "Plan Rows": 24, "Plan Width": 17, "Inner Unique": true, "Plans": [{"Node Type": "Nested Loop", "Parent Relationship": "Outer", "Join Type": "Inner", "Startup Cost": 0.0, "Total Cost": 19167.12, "Plan Rows": 24, "Plan Width": 21, "Inner Unique": false, "Plans": [{"Node Type": "Nested Loop", "Parent Relationship": "Outer", "Join Type": "Inner", "Startup Cost": 0.0, "Total Cost": 19088.13, "Plan Rows": 32, "Plan Width": 25, "Inner Unique": true, "Plans": [{"Node Type": "Nested Loop", "Parent Relationship": "Outer", "Join Type": "Inner", "Startup Cost": 0.0, "Total Cost": 18839.66, "Plan Rows": 30, "Plan Width": 4, "Inner Unique": false, "Join Filter": "(ct.id = mc.company_type_id)", "Plans": [{"Node Type": "Seq Scan", "Parent Relationship": "Outer", "Relation Name": "company_type", "Alias": "ct", "Startup Cost": 0.0, "Total Cost": 1.04, "Plan Rows": 1, "Plan Width": 4, "Filter": "((kind)::text = 'production companies'::text)"}, {"Node Type": "Materialize", "Parent Relationship": "Inner", "Startup Cost": 0.0, "Total Cost": 18838.03, "Plan Rows": 59, "Plan Width": 8, "Plans": [{"Node Type": "Streaming(type: LOCAL GATHER dop: 1/16)", "Parent Relationship": "Outer", "Startup Cost": 0.0, "Total Cost": 18837.88, "Plan Rows": 59, "Plan Width": 8, "Plans": [{"Node Type": "Seq Scan", "Parent Relationship": "Outer", "Relation Name": "movie_companies", "Alias": "mc", "Startup Cost": 0.0, "Total Cost": 18836.61, "Plan Rows": 59, "Plan Width": 8, "Filter": "(((note)::text ~~ '%(VHS)%'::text) AND ((note)::text ~~ '%(USA)%'::text) AND ((note)::text ~~ '%(1994)%'::text))"}]}]}]}, {"Node Type": "Index Scan", "Parent Relationship": "Inner", "Scan Direction": "Forward", "Index Name": "title_pkey", "Relation Name": "title", "Alias": "t", "Startup Cost": 0.0, "Total Cost": 8.27, "Plan Rows": 1, "Plan Width": 21, "Index Cond": "(id = mc.movie_id)", "Filter": "(production_year > 2010)"}]}, {"Node Type": "Index Scan", "Parent Relationship": "Inner", "Scan Direction": "Forward", "Index Name": "movie_id_movie_info", "Relation Name": "movie_info", "Alias": "mi", "Startup Cost": 0.0, "Total Cost": 2.46, "Plan Rows": 1, "Plan Width": 8, "Index Cond": "(movie_id = t.id)", "Filter": "((info)::text = ANY ('{USA,America}'::text[]))"}]}, {"Node Type": "Index Scan", "Parent Relationship": "Inner", "Scan Direction": "Forward", "Index Name": "info_type_pkey", "Relation Name": "info_type", "Alias": "it", "Startup Cost": 0.0, "Total Cost": 0.27, "Plan Rows": 1, "Plan Width": 4, "Index Cond": "(id = mi.info_type_id)"}]}]}, "Unique SQL Id": 328306525, "Planner Runtime": 5}, "explain_analyze_plan": {"Plan": {"Node Type": "Aggregate", "Strategy": "Plain", "Startup Cost": 19173.9, "Total Cost": 19173.91, "Plan Rows": 1, "Plan Width": 49, "Actual Min Startup Time": 82.106, "Actual Max Startup Time": 82.106, "Actual Min Total Time": 82.107, "Actual Max Total Time": 82.107, "Plans": [{"Node Type": "Nested Loop", "Parent Relationship": "Outer", "Join Type": "Inner", "Startup Cost": 0.0, "Total Cost": 19173.84, "Plan Rows": 24, "Plan Width": 17, "Actual Min Startup Time": 82.087, "Actual Max Startup Time": 82.087, "Actual Min Total Time": 82.087, "Actual Max Total Time": 82.087, "Inner Unique": true, "Plans": [{"Node Type": "Nested Loop", "Parent Relationship": "Outer", "Join Type": "Inner", "Startup Cost": 0.0, "Total Cost": 19167.12, "Plan Rows": 24, "Plan Width": 21, "Actual Min Startup Time": 82.085, "Actual Max Startup Time": 82.085, "Actual Min Total Time": 82.085, "Actual Max Total Time": 82.085, "Inner Unique": false, "Plans": [{"Node Type": "Nested Loop", "Parent Relationship": "Outer", "Join Type": "Inner", "Startup Cost": 0.0, "Total Cost": 19088.13, "Plan Rows": 32, "Plan Width": 25, "Actual Min Startup Time": 82.085, "Actual Max Startup Time": 82.085, "Actual Min Total Time": 82.085, "Actual Max Total Time": 82.085, "Inner Unique": true, "Plans": [{"Node Type": "Nested Loop", "Parent Relationship": "Outer", "Join Type": "Inner", "Startup Cost": 0.0, "Total Cost": 18839.66, "Plan Rows": 30, "Plan Width": 4, "Actual Min Startup Time": 82.084, "Actual Max Startup Time": 82.084, "Actual Min Total Time": 82.084, "Actual Max Total Time": 82.084, "Inner Unique": false, "Join Filter": "(ct.id = mc.company_type_id)", "Rows Removed by Join Filter": 1418, "Plans": [{"Node Type": "Seq Scan", "Parent Relationship": "Outer", "Relation Name": "company_type", "Alias": "ct", "Startup Cost": 0.0, "Total Cost": 1.04, "Plan Rows": 1, "Plan Width": 4, "Actual Min Startup Time": 0.038, "Actual Max Startup Time": 0.038, "Actual Min Total Time": 0.041, "Actual Max Total Time": 0.041, "Filter": "((kind)::text = 'production companies'::text)", "Rows Removed by Filter": 2, "Actual Rows": 1}, {"Node Type": "Materialize", "Parent Relationship": "Inner", "Startup Cost": 0.0, "Total Cost": 18838.03, "Plan Rows": 59, "Plan Width": 8, "Actual Min Startup Time": 81.576, "Actual Max Startup Time": 81.576, "Actual Min Total Time": 81.713, "Actual Max Total Time": 81.713, "Plans": [{"Node Type": "Streaming(type: LOCAL GATHER dop: 1/16)", "Parent Relationship": "Outer", "Startup Cost": 0.0, "Total Cost": 18837.88, "Plan Rows": 59, "Plan Width": 8, "Actual Min Startup Time": 45.285, "Actual Max Startup Time": 45.285, "Actual Min Total Time": 81.331, "Actual Max Total Time": 81.331, "Plans": [{"Node Type": "Seq Scan", "Parent Relationship": "Outer", "Relation Name": "movie_companies", "Alias": "mc", "Startup Cost": 0.0, "Total Cost": 18836.61, "Plan Rows": 59, "Plan Width": 8, "Actual Min Startup Time": 1.004, "Actual Max Startup Time": 12.22, "Actual Min Total Time": 54.35, "Actual Max Total Time": 60.791, "Filter": "(((note)::text ~~ '%(VHS)%'::text) AND ((note)::text ~~ '%(USA)%'::text) AND ((note)::text ~~ '%(1994)%'::text))", "Rows Removed by Filter": 2607710, "Actual Rows": 1418}], "Actual Rows": 1418}], "Actual Rows": 1419}], "Actual Rows": 0}, {"Node Type": "Index Scan", "Parent Relationship": "Inner", "Scan Direction": "Forward", "Index Name": "title_pkey", "Relation Name": "title", "Alias": "t", "Startup Cost": 0.0, "Total Cost": 8.27, "Plan Rows": 1, "Plan Width": 21, "Actual Startup Time": 0.0, "Actual Total Time": 0.0, "Index Cond": "(id = mc.movie_id)", "Rows Removed by Index Recheck": 0, "Filter": "(production_year > 2010)", "Rows Removed by Filter": 0}], "Actual Rows": 0}, {"Node Type": "Index Scan", "Parent Relationship": "Inner", "Scan Direction": "Forward", "Index Name": "movie_id_movie_info", "Relation Name": "movie_info", "Alias": "mi", "Startup Cost": 0.0, "Total Cost": 2.46, "Plan Rows": 1, "Plan Width": 8, "Actual Startup Time": 0.0, "Actual Total Time": 0.0, "Index Cond": "(movie_id = t.id)", "Rows Removed by Index Recheck": 0, "Filter": "((info)::text = ANY ('{USA,America}'::text[]))", "Rows Removed by Filter": 0}], "Actual Rows": 0}, {"Node Type": "Index Scan", "Parent Relationship": "Inner", "Scan Direction": "Forward", "Index Name": "info_type_pkey", "Relation Name": "info_type", "Alias": "it", "Startup Cost": 0.0, "Total Cost": 0.27, "Plan Rows": 1, "Plan Width": 4, "Actual Startup Time": 0.0, "Actual Total Time": 0.0, "Index Cond": "(id = mi.info_type_id)", "Rows Removed by Index Recheck": 0}], "Actual Rows": 0}], "Actual Rows": 1}, "Triggers": [], "Planner Runtime": 10.153, "Total Runtime": 84.649, "Unique SQL Id": 328306525}}, "(16, '21')": {"explain_plan": {"Plan": {"Node Type": "Aggregate", "Strategy": "Plain", "Startup Cost": 85293.18, "Total Cost": 85293.19, "Plan Rows": 1, "Plan Width": 49, "Plans": [{"Node Type": "Nested Loop", "Parent Relationship": "Outer", "Join Type": "Inner", "Startup Cost": 0.0, "Total Cost": 85293.12, "Plan Rows": 24, "Plan Width": 17, "Inner Unique": true, "Plans": [{"Node Type": "Nested Loop", "Parent Relationship": "Outer", "Join Type": "Inner", "Startup Cost": 0.0, "Total Cost": 85286.4, "Plan Rows": 24, "Plan Width": 21, "Inner Unique": false, "Plans": [{"Node Type": "Nested Loop", "Parent Relationship": "Outer", "Join Type": "Inner", "Startup Cost": 0.0, "Total Cost": 85207.41, "Plan Rows": 32, "Plan Width": 25, "Inner Unique": true, "Plans": [{"Node Type": "Nested Loop", "Parent Relationship": "Outer", "Join Type": "Inner", "Startup Cost": 0.0, "Total Cost": 84958.94, "Plan Rows": 30, "Plan Width": 4, "Inner Unique": false, "Join Filter": "(ct.id = mc.company_type_id)", "Plans": [{"Node Type": "Index Scan", "Parent Relationship": "Outer", "Scan Direction": "Forward", "Index Name": "company_type_pkey", "Relation Name": "company_type", "Alias": "ct", "Startup Cost": 0.0, "Total Cost": 12.3, "Plan Rows": 1, "Plan Width": 4, "Filter": "((kind)::text = 'production companies'::text)"}, {"Node Type": "Materialize", "Parent Relationship": "Inner", "Startup Cost": 0.0, "Total Cost": 84946.04, "Plan Rows": 59, "Plan Width": 8, "Plans": [{"Node Type": "Streaming(type: LOCAL GATHER dop: 1/16)", "Parent Relationship": "Outer", "Startup Cost": 0.0, "Total Cost": 84945.9, "Plan Rows": 59, "Plan Width": 8, "Plans": [{"Node Type": "Index Scan", "Parent Relationship": "Outer", "Scan Direction": "Forward", "Index Name": "company_type_id_movie_companies", "Relation Name": "movie_companies", "Alias": "mc", "Startup Cost": 0.0, "Total Cost": 84944.62, "Plan Rows": 59, "Plan Width": 8, "Filter": "(((note)::text ~~ '%(VHS)%'::text) AND ((note)::text ~~ '%(USA)%'::text) AND ((note)::text ~~ '%(1994)%'::text))"}]}]}]}, {"Node Type": "Index Scan", "Parent Relationship": "Inner", "Scan Direction": "Forward", "Index Name": "title_pkey", "Relation Name": "title", "Alias": "t", "Startup Cost": 0.0, "Total Cost": 8.27, "Plan Rows": 1, "Plan Width": 21, "Index Cond": "(id = mc.movie_id)", "Filter": "(production_year > 2010)"}]}, {"Node Type": "Index Scan", "Parent Relationship": "Inner", "Scan Direction": "Forward", "Index Name": "movie_id_movie_info", "Relation Name": "movie_info", "Alias": "mi", "Startup Cost": 0.0, "Total Cost": 2.46, "Plan Rows": 1, "Plan Width": 8, "Index Cond": "(movie_id = t.id)", "Filter": "((info)::text = ANY ('{USA,America}'::text[]))"}]}, {"Node Type": "Index Scan", "Parent Relationship": "Inner", "Scan Direction": "Forward", "Index Name": "info_type_pkey", "Relation Name": "info_type", "Alias": "it", "Startup Cost": 0.0, "Total Cost": 0.27, "Plan Rows": 1, "Plan Width": 4, "Index Cond": "(id = mi.info_type_id)"}]}]}, "Unique SQL Id": 328306525, "Planner Runtime": 6}, "explain_analyze_plan": {"Plan": {"Node Type": "Aggregate", "Strategy": "Plain", "Startup Cost": 85293.18, "Total Cost": 85293.19, "Plan Rows": 1, "Plan Width": 49, "Actual Min Startup Time": 153.891, "Actual Max Startup Time": 153.891, "Actual Min Total Time": 153.892, "Actual Max Total Time": 153.892, "Plans": [{"Node Type": "Nested Loop", "Parent Relationship": "Outer", "Join Type": "Inner", "Startup Cost": 0.0, "Total Cost": 85293.12, "Plan Rows": 24, "Plan Width": 17, "Actual Min Startup Time": 153.883, "Actual Max Startup Time": 153.883, "Actual Min Total Time": 153.883, "Actual Max Total Time": 153.883, "Inner Unique": true, "Plans": [{"Node Type": "Nested Loop", "Parent Relationship": "Outer", "Join Type": "Inner", "Startup Cost": 0.0, "Total Cost": 85286.4, "Plan Rows": 24, "Plan Width": 21, "Actual Min Startup Time": 153.881, "Actual Max Startup Time": 153.881, "Actual Min Total Time": 153.881, "Actual Max Total Time": 153.881, "Inner Unique": false, "Plans": [{"Node Type": "Nested Loop", "Parent Relationship": "Outer", "Join Type": "Inner", "Startup Cost": 0.0, "Total Cost": 85207.41, "Plan Rows": 32, "Plan Width": 25, "Actual Min Startup Time": 153.88, "Actual Max Startup Time": 153.88, "Actual Min Total Time": 153.88, "Actual Max Total Time": 153.88, "Inner Unique": true, "Plans": [{"Node Type": "Nested Loop", "Parent Relationship": "Outer", "Join Type": "Inner", "Startup Cost": 0.0, "Total Cost": 84958.94, "Plan Rows": 30, "Plan Width": 4, "Actual Min Startup Time": 153.88, "Actual Max Startup Time": 153.88, "Actual Min Total Time": 153.88, "Actual Max Total Time": 153.88, "Inner Unique": false, "Join Filter": "(ct.id = mc.company_type_id)", "Rows Removed by Join Filter": 1418, "Plans": [{"Node Type": "Index Scan", "Parent Relationship": "Outer", "Scan Direction": "Forward", "Index Name": "company_type_pkey", "Relation Name": "company_type", "Alias": "ct", "Startup Cost": 0.0, "Total Cost": 12.3, "Plan Rows": 1, "Plan Width": 4, "Actual Min Startup Time": 0.047, "Actual Max Startup Time": 0.047, "Actual Min Total Time": 0.052, "Actual Max Total Time": 0.052, "Filter": "((kind)::text = 'production companies'::text)", "Rows Removed by Filter": 2, "Actual Rows": 1}, {"Node Type": "Materialize", "Parent Relationship": "Inner", "Startup Cost": 0.0, "Total Cost": 84946.04, "Plan Rows": 59, "Plan Width": 8, "Actual Min Startup Time": 153.359, "Actual Max Startup Time": 153.359, "Actual Min Total Time": 153.492, "Actual Max Total Time": 153.492, "Plans": [{"Node Type": "Streaming(type: LOCAL GATHER dop: 1/16)", "Parent Relationship": "Outer", "Startup Cost": 0.0, "Total Cost": 84945.9, "Plan Rows": 59, "Plan Width": 8, "Actual Min Startup Time": 69.339, "Actual Max Startup Time": 69.339, "Actual Min Total Time": 153.095, "Actual Max Total Time": 153.095, "Plans": [{"Node Type": "Index Scan", "Parent Relationship": "Outer", "Scan Direction": "Forward", "Index Name": "company_type_id_movie_companies", "Relation Name": "movie_companies", "Alias": "mc", "Startup Cost": 0.0, "Total Cost": 84944.62, "Plan Rows": 59, "Plan Width": 8, "Actual Min Startup Time": 18.666, "Actual Max Startup Time": 91.737, "Actual Min Total Time": 88.45, "Actual Max Total Time": 136.558, "Filter": "(((note)::text ~~ '%(VHS)%'::text) AND ((note)::text ~~ '%(USA)%'::text) AND ((note)::text ~~ '%(1994)%'::text))", "Rows Removed by Filter": 2607710, "Actual Rows": 1418}], "Actual Rows": 1418}], "Actual Rows": 1419}], "Actual Rows": 0}, {"Node Type": "Index Scan", "Parent Relationship": "Inner", "Scan Direction": "Forward", "Index Name": "title_pkey", "Relation Name": "title", "Alias": "t", "Startup Cost": 0.0, "Total Cost": 8.27, "Plan Rows": 1, "Plan Width": 21, "Actual Startup Time": 0.0, "Actual Total Time": 0.0, "Index Cond": "(id = mc.movie_id)", "Rows Removed by Index Recheck": 0, "Filter": "(production_year > 2010)", "Rows Removed by Filter": 0}], "Actual Rows": 0}, {"Node Type": "Index Scan", "Parent Relationship": "Inner", "Scan Direction": "Forward", "Index Name": "movie_id_movie_info", "Relation Name": "movie_info", "Alias": "mi", "Startup Cost": 0.0, "Total Cost": 2.46, "Plan Rows": 1, "Plan Width": 8, "Actual Startup Time": 0.0, "Actual Total Time": 0.0, "Index Cond": "(movie_id = t.id)", "Rows Removed by Index Recheck": 0, "Filter": "((info)::text = ANY ('{USA,America}'::text[]))", "Rows Removed by Filter": 0}], "Actual Rows": 0}, {"Node Type": "Index Scan", "Parent Relationship": "Inner", "Scan Direction": "Forward", "Index Name": "info_type_pkey", "Relation Name": "info_type", "Alias": "it", "Startup Cost": 0.0, "Total Cost": 0.27, "Plan Rows": 1, "Plan Width": 4, "Actual Startup Time": 0.0, "Actual Total Time": 0.0, "Index Cond": "(id = mi.info_type_id)", "Rows Removed by Index Recheck": 0}], "Actual Rows": 0}], "Actual Rows": 1}, "Triggers": [], "Planner Runtime": 9.799, "Total Runtime": 156.415, "Unique SQL Id": 328306525}}, "(16, '22')": {"explain_plan": {"Plan": {"Node Type": "Aggregate", "Strategy": "Plain", "Startup Cost": 19289.21, "Total Cost": 19289.22, "Plan Rows": 1, "Plan Width": 49, "Plans": [{"Node Type": "Nested Loop", "Parent Relationship": "Outer", "Join Type": "Inner", "Startup Cost": 5.13, "Total Cost": 19289.15, "Plan Rows": 24, "Plan Width": 17, "Inner Unique": false, "Join Filter": "(mi.info_type_id = it.id)", "Plans": [{"Node Type": "Seq Scan", "Parent Relationship": "Outer", "Relation Name": "info_type", "Alias": "it", "Startup Cost": 0.0, "Total Cost": 2.12, "Plan Rows": 112, "Plan Width": 4}, {"Node Type": "Materialize", "Parent Relationship": "Inner", "Startup Cost": 5.13, "Total Cost": 19246.77, "Plan Rows": 24, "Plan Width": 21, "Plans": [{"Node Type": "Nested Loop", "Parent Relationship": "Outer", "Join Type": "Inner", "Startup Cost": 5.13, "Total Cost": 19246.65, "Plan Rows": 24, "Plan Width": 21, "Inner Unique": false, "Plans": [{"Node Type": "Nested Loop", "Parent Relationship": "Outer", "Join Type": "Inner", "Startup Cost": 4.26, "Total Cost": 19088.14, "Plan Rows": 32, "Plan Width": 25, "Inner Unique": true, "Plans": [{"Node Type": "Nested Loop", "Parent Relationship": "Outer", "Join Type": "Inner", "Startup Cost": 0.0, "Total Cost": 18839.66, "Plan Rows": 30, "Plan Width": 4, "Inner Unique": false, "Join Filter": "(ct.id = mc.company_type_id)", "Plans": [{"Node Type": "Seq Scan", "Parent Relationship": "Outer", "Relation Name": "company_type", "Alias": "ct", "Startup Cost": 0.0, "Total Cost": 1.04, "Plan Rows": 1, "Plan Width": 4, "Filter": "((kind)::text = 'production companies'::text)"}, {"Node Type": "Materialize", "Parent Relationship": "Inner", "Startup Cost": 0.0, "Total Cost": 18838.03, "Plan Rows": 59, "Plan Width": 8, "Plans": [{"Node Type": "Streaming(type: LOCAL GATHER dop: 1/16)", "Parent Relationship": "Outer", "Startup Cost": 0.0, "Total Cost": 18837.88, "Plan Rows": 59, "Plan Width": 8, "Plans": [{"Node Type": "Seq Scan", "Parent Relationship": "Outer", "Relation Name": "movie_companies", "Alias": "mc", "Startup Cost": 0.0, "Total Cost": 18836.61, "Plan Rows": 59, "Plan Width": 8, "Filter": "(((note)::text ~~ '%(VHS)%'::text) AND ((note)::text ~~ '%(USA)%'::text) AND ((note)::text ~~ '%(1994)%'::text))"}]}]}]}, {"Node Type": "Bitmap Heap Scan", "Parent Relationship": "Inner", "Relation Name": "title", "Alias": "t", "Startup Cost": 4.26, "Total Cost": 8.27, "Plan Rows": 1, "Plan Width": 21, "Recheck Cond": "(id = mc.movie_id)", "Filter": "(production_year > 2010)", "Plans": [{"Node Type": "Bitmap Index Scan", "Parent Relationship": "Outer", "Index Name": "title_pkey", "Startup Cost": 0.0, "Total Cost": 4.26, "Plan Rows": 1, "Plan Width": 0, "Index Cond": "(id = mc.movie_id)"}]}]}, {"Node Type": "Bitmap Heap Scan", "Parent Relationship": "Inner", "Relation Name": "movie_info", "Alias": "mi", "Startup Cost": 0.87, "Total Cost": 4.94, "Plan Rows": 1, "Plan Width": 8, "Recheck Cond": "(movie_id = t.id)", "Filter": "((info)::text = ANY ('{USA,America}'::text[]))", "Plans": [{"Node Type": "Bitmap Index Scan", "Parent Relationship": "Outer", "Index Name": "movie_id_movie_info", "Startup Cost": 0.0, "Total Cost": 0.87, "Plan Rows": 5, "Plan Width": 0, "Index Cond": "(movie_id = t.id)"}]}]}]}]}]}, "Unique SQL Id": 328306525, "Planner Runtime": 6}, "explain_analyze_plan": {"Plan": {"Node Type": "Aggregate", "Strategy": "Plain", "Startup Cost": 19289.21, "Total Cost": 19289.22, "Plan Rows": 1, "Plan Width": 49, "Actual Min Startup Time": 79.845, "Actual Max Startup Time": 79.845, "Actual Min Total Time": 79.845, "Actual Max Total Time": 79.845, "Plans": [{"Node Type": "Nested Loop", "Parent Relationship": "Outer", "Join Type": "Inner", "Startup Cost": 5.13, "Total Cost": 19289.15, "Plan Rows": 24, "Plan Width": 17, "Actual Min Startup Time": 79.836, "Actual Max Startup Time": 79.836, "Actual Min Total Time": 79.836, "Actual Max Total Time": 79.836, "Inner Unique": false, "Join Filter": "(mi.info_type_id = it.id)", "Rows Removed by Join Filter": 0, "Plans": [{"Node Type": "Seq Scan", "Parent Relationship": "Outer", "Relation Name": "info_type", "Alias": "it", "Startup Cost": 0.0, "Total Cost": 2.12, "Plan Rows": 112, "Plan Width": 4, "Actual Min Startup Time": 0.032, "Actual Max Startup Time": 0.032, "Actual Min Total Time": 0.05, "Actual Max Total Time": 0.05, "Actual Rows": 112}, {"Node Type": "Materialize", "Parent Relationship": "Inner", "Startup Cost": 5.13, "Total Cost": 19246.77, "Plan Rows": 24, "Plan Width": 21, "Actual Min Startup Time": 79.761, "Actual Max Startup Time": 79.761, "Actual Min Total Time": 79.761, "Actual Max Total Time": 79.761, "Plans": [{"Node Type": "Nested Loop", "Parent Relationship": "Outer", "Join Type": "Inner", "Startup Cost": 5.13, "Total Cost": 19246.65, "Plan Rows": 24, "Plan Width": 21, "Actual Min Startup Time": 79.749, "Actual Max Startup Time": 79.749, "Actual Min Total Time": 79.749, "Actual Max Total Time": 79.749, "Inner Unique": false, "Plans": [{"Node Type": "Nested Loop", "Parent Relationship": "Outer", "Join Type": "Inner", "Startup Cost": 4.26, "Total Cost": 19088.14, "Plan Rows": 32, "Plan Width": 25, "Actual Min Startup Time": 79.748, "Actual Max Startup Time": 79.748, "Actual Min Total Time": 79.748, "Actual Max Total Time": 79.748, "Inner Unique": true, "Plans": [{"Node Type": "Nested Loop", "Parent Relationship": "Outer", "Join Type": "Inner", "Startup Cost": 0.0, "Total Cost": 18839.66, "Plan Rows": 30, "Plan Width": 4, "Actual Min Startup Time": 79.747, "Actual Max Startup Time": 79.747, "Actual Min Total Time": 79.747, "Actual Max Total Time": 79.747, "Inner Unique": false, "Join Filter": "(ct.id = mc.company_type_id)", "Rows Removed by Join Filter": 1418, "Plans": [{"Node Type": "Seq Scan", "Parent Relationship": "Outer", "Relation Name": "company_type", "Alias": "ct", "Startup Cost": 0.0, "Total Cost": 1.04, "Plan Rows": 1, "Plan Width": 4, "Actual Min Startup Time": 0.041, "Actual Max Startup Time": 0.041, "Actual Min Total Time": 0.044, "Actual Max Total Time": 0.044, "Filter": "((kind)::text = 'production companies'::text)", "Rows Removed by Filter": 2, "Actual Rows": 1}, {"Node Type": "Materialize", "Parent Relationship": "Inner", "Startup Cost": 0.0, "Total Cost": 18838.03, "Plan Rows": 59, "Plan Width": 8, "Actual Min Startup Time": 79.237, "Actual Max Startup Time": 79.237, "Actual Min Total Time": 79.366, "Actual Max Total Time": 79.366, "Plans": [{"Node Type": "Streaming(type: LOCAL GATHER dop: 1/16)", "Parent Relationship": "Outer", "Startup Cost": 0.0, "Total Cost": 18837.88, "Plan Rows": 59, "Plan Width": 8, "Actual Min Startup Time": 41.667, "Actual Max Startup Time": 41.667, "Actual Min Total Time": 78.971, "Actual Max Total Time": 78.971, "Plans": [{"Node Type": "Seq Scan", "Parent Relationship": "Outer", "Relation Name": "movie_companies", "Alias": "mc", "Startup Cost": 0.0, "Total Cost": 18836.61, "Plan Rows": 59, "Plan Width": 8, "Actual Min Startup Time": 0.983, "Actual Max Startup Time": 12.222, "Actual Min Total Time": 54.232, "Actual Max Total Time": 60.749, "Filter": "(((note)::text ~~ '%(VHS)%'::text) AND ((note)::text ~~ '%(USA)%'::text) AND ((note)::text ~~ '%(1994)%'::text))", "Rows Removed by Filter": 2607710, "Actual Rows": 1418}], "Actual Rows": 1418}], "Actual Rows": 1419}], "Actual Rows": 0}, {"Node Type": "Bitmap Heap Scan", "Parent Relationship": "Inner", "Relation Name": "title", "Alias": "t", "Startup Cost": 4.26, "Total Cost": 8.27, "Plan Rows": 1, "Plan Width": 21, "Actual Startup Time": 0.0, "Actual Total Time": 0.0, "Recheck Cond": "(id = mc.movie_id)", "Rows Removed by Index Recheck": 0, "Filter": "(production_year > 2010)", "Rows Removed by Filter": 0, "Exact Heap Blocks": 0, "Lossy Heap Blocks": 0, "Plans": [{"Node Type": "Bitmap Index Scan", "Parent Relationship": "Outer", "Index Name": "title_pkey", "Startup Cost": 0.0, "Total Cost": 4.26, "Plan Rows": 1, "Plan Width": 0, "Actual Startup Time": 0.0, "Actual Total Time": 0.0, "Index Cond": "(id = mc.movie_id)"}]}], "Actual Rows": 0}, {"Node Type": "Bitmap Heap Scan", "Parent Relationship": "Inner", "Relation Name": "movie_info", "Alias": "mi", "Startup Cost": 0.87, "Total Cost": 4.94, "Plan Rows": 1, "Plan Width": 8, "Actual Startup Time": 0.0, "Actual Total Time": 0.0, "Recheck Cond": "(movie_id = t.id)", "Rows Removed by Index Recheck": 0, "Filter": "((info)::text = ANY ('{USA,America}'::text[]))", "Rows Removed by Filter": 0, "Exact Heap Blocks": 0, "Lossy Heap Blocks": 0, "Plans": [{"Node Type": "Bitmap Index Scan", "Parent Relationship": "Outer", "Index Name": "movie_id_movie_info", "Startup Cost": 0.0, "Total Cost": 0.87, "Plan Rows": 5, "Plan Width": 0, "Actual Startup Time": 0.0, "Actual Total Time": 0.0, "Index Cond": "(movie_id = t.id)"}]}], "Actual Rows": 0}], "Actual Rows": 0}], "Actual Rows": 0}], "Actual Rows": 1}, "Triggers": [], "Planner Runtime": 11.234, "Total Runtime": 82.33, "Unique SQL Id": 328306525}}, "(16, '23')": {"explain_plan": {"Plan": {"Node Type": "Aggregate", "Strategy": "Plain", "Startup Cost": 71749.13, "Total Cost": 71749.14, "Plan Rows": 1, "Plan Width": 49, "Plans": [{"Node Type": "Nested Loop", "Parent Relationship": "Outer", "Join Type": "Inner", "Startup Cost": 28957.62, "Total Cost": 71749.07, "Plan Rows": 24, "Plan Width": 17, "Inner Unique": true, "Plans": [{"Node Type": "Nested Loop", "Parent Relationship": "Outer", "Join Type": "Inner", "Startup Cost": 28957.36, "Total Cost": 71646.35, "Plan Rows": 24, "Plan Width": 21, "Inner Unique": true, "Plans": [{"Node Type": "Nested Loop", "Parent Relationship": "Outer", "Join Type": "Inner", "Startup Cost": 28957.04, "Total Cost": 71502.93, "Plan Rows": 33, "Plan Width": 12, "Inner Unique": false, "Plans": [{"Node Type": "Nested Loop", "Parent Relationship": "Outer", "Join Type": "Inner", "Startup Cost": 28952.75, "Total Cost": 70774.36, "Plan Rows": 30, "Plan Width": 4, "Inner Unique": false, "Plans": [{"Node Type": "Bitmap Heap Scan", "Parent Relationship": "Outer", "Relation Name": "company_type", "Alias": "ct", "Startup Cost": 8.27, "Total Cost": 12.3, "Plan Rows": 1, "Plan Width": 4, "Filter": "((kind)::text = 'production companies'::text)", "Plans": [{"Node Type": "Bitmap Index Scan", "Parent Relationship": "Outer", "Index Name": "company_type_pkey", "Startup Cost": 0.0, "Total Cost": 8.27, "Plan Rows": 3, "Plan Width": 0}]}, {"Node Type": "Bitmap Heap Scan", "Parent Relationship": "Inner", "Relation Name": "movie_companies", "Alias": "mc", "Startup Cost": 28944.49, "Total Cost": 70761.77, "Plan Rows": 29, "Plan Width": 8, "Recheck Cond": "(company_type_id = ct.id)", "Filter": "(((note)::text ~~ '%(VHS)%'::text) AND ((note)::text ~~ '%(USA)%'::text) AND ((note)::text ~~ '%(1994)%'::text))", "Plans": [{"Node Type": "Bitmap Index Scan", "Parent Relationship": "Outer", "Index Name": "company_type_id_movie_companies", "Startup Cost": 0.0, "Total Cost": 28944.48, "Plan Rows": 1304564, "Plan Width": 0, "Index Cond": "(company_type_id = ct.id)"}]}]}, {"Node Type": "Bitmap Heap Scan", "Parent Relationship": "Inner", "Relation Name": "movie_info", "Alias": "mi", "Startup Cost": 4.29, "Total Cost": 24.28, "Plan Rows": 1, "Plan Width": 8, "Recheck Cond": "(movie_id = mc.movie_id)", "Filter": "((info)::text = ANY ('{USA,America}'::text[]))", "Plans": [{"Node Type": "Bitmap Index Scan", "Parent Relationship": "Outer", "Index Name": "movie_id_movie_info", "Startup Cost": 0.0, "Total Cost": 4.29, "Plan Rows": 5, "Plan Width": 0, "Index Cond": "(movie_id = mc.movie_id)"}]}]}, {"Node Type": "Bitmap Heap Scan", "Parent Relationship": "Inner", "Relation Name": "title", "Alias": "t", "Startup Cost": 0.32, "Total Cost": 4.34, "Plan Rows": 1, "Plan Width": 21, "Recheck Cond": "(id = mi.movie_id)", "Filter": "(production_year > 2010)", "Plans": [{"Node Type": "Bitmap Index Scan", "Parent Relationship": "Outer", "Index Name": "title_pkey", "Startup Cost": 0.0, "Total Cost": 0.32, "Plan Rows": 1, "Plan Width": 0, "Index Cond": "(id = mi.movie_id)"}]}]}, {"Node Type": "Bitmap Heap Scan", "Parent Relationship": "Inner", "Relation Name": "info_type", "Alias": "it", "Startup Cost": 0.26, "Total Cost": 4.27, "Plan Rows": 1, "Plan Width": 4, "Recheck Cond": "(id = mi.info_type_id)", "Plans": [{"Node Type": "Bitmap Index Scan", "Parent Relationship": "Outer", "Index Name": "info_type_pkey", "Startup Cost": 0.0, "Total Cost": 0.26, "Plan Rows": 1, "Plan Width": 0, "Index Cond": "(id = mi.info_type_id)"}]}]}]}, "Unique SQL Id": 328306525, "Planner Runtime": 6}, "explain_analyze_plan": null}, "(16, '24')": {"explain_plan": {"Plan": {"Node Type": "Aggregate", "Strategy": "Plain", "Startup Cost": 19173.9, "Total Cost": 19173.91, "Plan Rows": 1, "Plan Width": 49, "Plans": [{"Node Type": "Nested Loop", "Parent Relationship": "Outer", "Join Type": "Inner", "Startup Cost": 0.0, "Total Cost": 19173.84, "Plan Rows": 24, "Plan Width": 17, "Inner Unique": true, "Plans": [{"Node Type": "Nested Loop", "Parent Relationship": "Outer", "Join Type": "Inner", "Startup Cost": 0.0, "Total Cost": 19167.12, "Plan Rows": 24, "Plan Width": 21, "Inner Unique": false, "Plans": [{"Node Type": "Nested Loop", "Parent Relationship": "Outer", "Join Type": "Inner", "Startup Cost": 0.0, "Total Cost": 19088.13, "Plan Rows": 32, "Plan Width": 25, "Inner Unique": true, "Plans": [{"Node Type": "Nested Loop", "Parent Relationship": "Outer", "Join Type": "Inner", "Startup Cost": 0.0, "Total Cost": 18839.66, "Plan Rows": 30, "Plan Width": 4, "Inner Unique": false, "Join Filter": "(ct.id = mc.company_type_id)", "Plans": [{"Node Type": "Seq Scan", "Parent Relationship": "Outer", "Relation Name": "company_type", "Alias": "ct", "Startup Cost": 0.0, "Total Cost": 1.04, "Plan Rows": 1, "Plan Width": 4, "Filter": "((kind)::text = 'production companies'::text)"}, {"Node Type": "Materialize", "Parent Relationship": "Inner", "Startup Cost": 0.0, "Total Cost": 18838.03, "Plan Rows": 59, "Plan Width": 8, "Plans": [{"Node Type": "Streaming(type: LOCAL GATHER dop: 1/16)", "Parent Relationship": "Outer", "Startup Cost": 0.0, "Total Cost": 18837.88, "Plan Rows": 59, "Plan Width": 8, "Plans": [{"Node Type": "Seq Scan", "Parent Relationship": "Outer", "Relation Name": "movie_companies", "Alias": "mc", "Startup Cost": 0.0, "Total Cost": 18836.61, "Plan Rows": 59, "Plan Width": 8, "Filter": "(((note)::text ~~ '%(VHS)%'::text) AND ((note)::text ~~ '%(USA)%'::text) AND ((note)::text ~~ '%(1994)%'::text))"}]}]}]}, {"Node Type": "Index Scan", "Parent Relationship": "Inner", "Scan Direction": "Forward", "Index Name": "title_pkey", "Relation Name": "title", "Alias": "t", "Startup Cost": 0.0, "Total Cost": 8.27, "Plan Rows": 1, "Plan Width": 21, "Index Cond": "(id = mc.movie_id)", "Filter": "(production_year > 2010)"}]}, {"Node Type": "Index Scan", "Parent Relationship": "Inner", "Scan Direction": "Forward", "Index Name": "movie_id_movie_info", "Relation Name": "movie_info", "Alias": "mi", "Startup Cost": 0.0, "Total Cost": 2.46, "Plan Rows": 1, "Plan Width": 8, "Index Cond": "(movie_id = t.id)", "Filter": "((info)::text = ANY ('{USA,America}'::text[]))"}]}, {"Node Type": "Index Only Scan", "Parent Relationship": "Inner", "Scan Direction": "Forward", "Index Name": "info_type_pkey", "Relation Name": "info_type", "Alias": "it", "Startup Cost": 0.0, "Total Cost": 0.27, "Plan Rows": 1, "Plan Width": 4, "Index Cond": "(id = mi.info_type_id)"}]}]}, "Unique SQL Id": 328306525, "Planner Runtime": 5}, "explain_analyze_plan": {"Plan": {"Node Type": "Aggregate", "Strategy": "Plain", "Startup Cost": 19173.9, "Total Cost": 19173.91, "Plan Rows": 1, "Plan Width": 49, "Actual Min Startup Time": 83.27, "Actual Max Startup Time": 83.27, "Actual Min Total Time": 83.271, "Actual Max Total Time": 83.271, "Plans": [{"Node Type": "Nested Loop", "Parent Relationship": "Outer", "Join Type": "Inner", "Startup Cost": 0.0, "Total Cost": 19173.84, "Plan Rows": 24, "Plan Width": 17, "Actual Min Startup Time": 83.259, "Actual Max Startup Time": 83.259, "Actual Min Total Time": 83.259, "Actual Max Total Time": 83.259, "Inner Unique": true, "Plans": [{"Node Type": "Nested Loop", "Parent Relationship": "Outer", "Join Type": "Inner", "Startup Cost": 0.0, "Total Cost": 19167.12, "Plan Rows": 24, "Plan Width": 21, "Actual Min Startup Time": 83.257, "Actual Max Startup Time": 83.257, "Actual Min Total Time": 83.257, "Actual Max Total Time": 83.257, "Inner Unique": false, "Plans": [{"Node Type": "Nested Loop", "Parent Relationship": "Outer", "Join Type": "Inner", "Startup Cost": 0.0, "Total Cost": 19088.13, "Plan Rows": 32, "Plan Width": 25, "Actual Min Startup Time": 83.256, "Actual Max Startup Time": 83.256, "Actual Min Total Time": 83.256, "Actual Max Total Time": 83.256, "Inner Unique": true, "Plans": [{"Node Type": "Nested Loop", "Parent Relationship": "Outer", "Join Type": "Inner", "Startup Cost": 0.0, "Total Cost": 18839.66, "Plan Rows": 30, "Plan Width": 4, "Actual Min Startup Time": 83.256, "Actual Max Startup Time": 83.256, "Actual Min Total Time": 83.256, "Actual Max Total Time": 83.256, "Inner Unique": false, "Join Filter": "(ct.id = mc.company_type_id)", "Rows Removed by Join Filter": 1418, "Plans": [{"Node Type": "Seq Scan", "Parent Relationship": "Outer", "Relation Name": "company_type", "Alias": "ct", "Startup Cost": 0.0, "Total Cost": 1.04, "Plan Rows": 1, "Plan Width": 4, "Actual Min Startup Time": 0.047, "Actual Max Startup Time": 0.047, "Actual Min Total Time": 0.05, "Actual Max Total Time": 0.05, "Filter": "((kind)::text = 'production companies'::text)", "Rows Removed by Filter": 2, "Actual Rows": 1}, {"Node Type": "Materialize", "Parent Relationship": "Inner", "Startup Cost": 0.0, "Total Cost": 18838.03, "Plan Rows": 59, "Plan Width": 8, "Actual Min Startup Time": 82.738, "Actual Max Startup Time": 82.738, "Actual Min Total Time": 82.874, "Actual Max Total Time": 82.874, "Plans": [{"Node Type": "Streaming(type: LOCAL GATHER dop: 1/16)", "Parent Relationship": "Outer", "Startup Cost": 0.0, "Total Cost": 18837.88, "Plan Rows": 59, "Plan Width": 8, "Actual Min Startup Time": 41.394, "Actual Max Startup Time": 41.394, "Actual Min Total Time": 82.488, "Actual Max Total Time": 82.488, "Plans": [{"Node Type": "Seq Scan", "Parent Relationship": "Outer", "Relation Name": "movie_companies", "Alias": "mc", "Startup Cost": 0.0, "Total Cost": 18836.61, "Plan Rows": 59, "Plan Width": 8, "Actual Min Startup Time": 0.994, "Actual Max Startup Time": 12.189, "Actual Min Total Time": 54.261, "Actual Max Total Time": 60.78, "Filter": "(((note)::text ~~ '%(VHS)%'::text) AND ((note)::text ~~ '%(USA)%'::text) AND ((note)::text ~~ '%(1994)%'::text))", "Rows Removed by Filter": 2607710, "Actual Rows": 1418}], "Actual Rows": 1418}], "Actual Rows": 1419}], "Actual Rows": 0}, {"Node Type": "Index Scan", "Parent Relationship": "Inner", "Scan Direction": "Forward", "Index Name": "title_pkey", "Relation Name": "title", "Alias": "t", "Startup Cost": 0.0, "Total Cost": 8.27, "Plan Rows": 1, "Plan Width": 21, "Actual Startup Time": 0.0, "Actual Total Time": 0.0, "Index Cond": "(id = mc.movie_id)", "Rows Removed by Index Recheck": 0, "Filter": "(production_year > 2010)", "Rows Removed by Filter": 0}], "Actual Rows": 0}, {"Node Type": "Index Scan", "Parent Relationship": "Inner", "Scan Direction": "Forward", "Index Name": "movie_id_movie_info", "Relation Name": "movie_info", "Alias": "mi", "Startup Cost": 0.0, "Total Cost": 2.46, "Plan Rows": 1, "Plan Width": 8, "Actual Startup Time": 0.0, "Actual Total Time": 0.0, "Index Cond": "(movie_id = t.id)", "Rows Removed by Index Recheck": 0, "Filter": "((info)::text = ANY ('{USA,America}'::text[]))", "Rows Removed by Filter": 0}], "Actual Rows": 0}, {"Node Type": "Index Only Scan", "Parent Relationship": "Inner", "Scan Direction": "Forward", "Index Name": "info_type_pkey", "Relation Name": "info_type", "Alias": "it", "Startup Cost": 0.0, "Total Cost": 0.27, "Plan Rows": 1, "Plan Width": 4, "Actual Startup Time": 0.0, "Actual Total Time": 0.0, "Index Cond": "(id = mi.info_type_id)", "Rows Removed by Index Recheck": 0, "Heap Fetches": 0}], "Actual Rows": 0}], "Actual Rows": 1}, "Triggers": [], "Planner Runtime": 10.123, "Total Runtime": 85.75, "Unique SQL Id": 328306525}}, "(16, '25')": {"explain_plan": {"Plan": {"Node Type": "Aggregate", "Strategy": "Plain", "Startup Cost": 85293.18, "Total Cost": 85293.19, "Plan Rows": 1, "Plan Width": 49, "Plans": [{"Node Type": "Nested Loop", "Parent Relationship": "Outer", "Join Type": "Inner", "Startup Cost": 0.0, "Total Cost": 85293.12, "Plan Rows": 24, "Plan Width": 17, "Inner Unique": true, "Plans": [{"Node Type": "Nested Loop", "Parent Relationship": "Outer", "Join Type": "Inner", "Startup Cost": 0.0, "Total Cost": 85286.4, "Plan Rows": 24, "Plan Width": 21, "Inner Unique": false, "Plans": [{"Node Type": "Nested Loop", "Parent Relationship": "Outer", "Join Type": "Inner", "Startup Cost": 0.0, "Total Cost": 85207.41, "Plan Rows": 32, "Plan Width": 25, "Inner Unique": true, "Plans": [{"Node Type": "Nested Loop", "Parent Relationship": "Outer", "Join Type": "Inner", "Startup Cost": 0.0, "Total Cost": 84958.94, "Plan Rows": 30, "Plan Width": 4, "Inner Unique": false, "Join Filter": "(ct.id = mc.company_type_id)", "Plans": [{"Node Type": "Index Scan", "Parent Relationship": "Outer", "Scan Direction": "Forward", "Index Name": "company_type_pkey", "Relation Name": "company_type", "Alias": "ct", "Startup Cost": 0.0, "Total Cost": 12.3, "Plan Rows": 1, "Plan Width": 4, "Filter": "((kind)::text = 'production companies'::text)"}, {"Node Type": "Materialize", "Parent Relationship": "Inner", "Startup Cost": 0.0, "Total Cost": 84946.04, "Plan Rows": 59, "Plan Width": 8, "Plans": [{"Node Type": "Streaming(type: LOCAL GATHER dop: 1/16)", "Parent Relationship": "Outer", "Startup Cost": 0.0, "Total Cost": 84945.9, "Plan Rows": 59, "Plan Width": 8, "Plans": [{"Node Type": "Index Scan", "Parent Relationship": "Outer", "Scan Direction": "Forward", "Index Name": "company_type_id_movie_companies", "Relation Name": "movie_companies", "Alias": "mc", "Startup Cost": 0.0, "Total Cost": 84944.62, "Plan Rows": 59, "Plan Width": 8, "Filter": "(((note)::text ~~ '%(VHS)%'::text) AND ((note)::text ~~ '%(USA)%'::text) AND ((note)::text ~~ '%(1994)%'::text))"}]}]}]}, {"Node Type": "Index Scan", "Parent Relationship": "Inner", "Scan Direction": "Forward", "Index Name": "title_pkey", "Relation Name": "title", "Alias": "t", "Startup Cost": 0.0, "Total Cost": 8.27, "Plan Rows": 1, "Plan Width": 21, "Index Cond": "(id = mc.movie_id)", "Filter": "(production_year > 2010)"}]}, {"Node Type": "Index Scan", "Parent Relationship": "Inner", "Scan Direction": "Forward", "Index Name": "movie_id_movie_info", "Relation Name": "movie_info", "Alias": "mi", "Startup Cost": 0.0, "Total Cost": 2.46, "Plan Rows": 1, "Plan Width": 8, "Index Cond": "(movie_id = t.id)", "Filter": "((info)::text = ANY ('{USA,America}'::text[]))"}]}, {"Node Type": "Index Only Scan", "Parent Relationship": "Inner", "Scan Direction": "Forward", "Index Name": "info_type_pkey", "Relation Name": "info_type", "Alias": "it", "Startup Cost": 0.0, "Total Cost": 0.27, "Plan Rows": 1, "Plan Width": 4, "Index Cond": "(id = mi.info_type_id)"}]}]}, "Unique SQL Id": 328306525, "Planner Runtime": 5}, "explain_analyze_plan": {"Plan": {"Node Type": "Aggregate", "Strategy": "Plain", "Startup Cost": 85293.18, "Total Cost": 85293.19, "Plan Rows": 1, "Plan Width": 49, "Actual Min Startup Time": 150.989, "Actual Max Startup Time": 150.989, "Actual Min Total Time": 150.989, "Actual Max Total Time": 150.989, "Plans": [{"Node Type": "Nested Loop", "Parent Relationship": "Outer", "Join Type": "Inner", "Startup Cost": 0.0, "Total Cost": 85293.12, "Plan Rows": 24, "Plan Width": 17, "Actual Min Startup Time": 150.979, "Actual Max Startup Time": 150.979, "Actual Min Total Time": 150.979, "Actual Max Total Time": 150.979, "Inner Unique": true, "Plans": [{"Node Type": "Nested Loop", "Parent Relationship": "Outer", "Join Type": "Inner", "Startup Cost": 0.0, "Total Cost": 85286.4, "Plan Rows": 24, "Plan Width": 21, "Actual Min Startup Time": 150.977, "Actual Max Startup Time": 150.977, "Actual Min Total Time": 150.977, "Actual Max Total Time": 150.977, "Inner Unique": false, "Plans": [{"Node Type": "Nested Loop", "Parent Relationship": "Outer", "Join Type": "Inner", "Startup Cost": 0.0, "Total Cost": 85207.41, "Plan Rows": 32, "Plan Width": 25, "Actual Min Startup Time": 150.977, "Actual Max Startup Time": 150.977, "Actual Min Total Time": 150.977, "Actual Max Total Time": 150.977, "Inner Unique": true, "Plans": [{"Node Type": "Nested Loop", "Parent Relationship": "Outer", "Join Type": "Inner", "Startup Cost": 0.0, "Total Cost": 84958.94, "Plan Rows": 30, "Plan Width": 4, "Actual Min Startup Time": 150.976, "Actual Max Startup Time": 150.976, "Actual Min Total Time": 150.976, "Actual Max Total Time": 150.976, "Inner Unique": false, "Join Filter": "(ct.id = mc.company_type_id)", "Rows Removed by Join Filter": 1418, "Plans": [{"Node Type": "Index Scan", "Parent Relationship": "Outer", "Scan Direction": "Forward", "Index Name": "company_type_pkey", "Relation Name": "company_type", "Alias": "ct", "Startup Cost": 0.0, "Total Cost": 12.3, "Plan Rows": 1, "Plan Width": 4, "Actual Min Startup Time": 0.046, "Actual Max Startup Time": 0.046, "Actual Min Total Time": 0.05, "Actual Max Total Time": 0.05, "Filter": "((kind)::text = 'production companies'::text)", "Rows Removed by Filter": 2, "Actual Rows": 1}, {"Node Type": "Materialize", "Parent Relationship": "Inner", "Startup Cost": 0.0, "Total Cost": 84946.04, "Plan Rows": 59, "Plan Width": 8, "Actual Min Startup Time": 150.438, "Actual Max Startup Time": 150.438, "Actual Min Total Time": 150.602, "Actual Max Total Time": 150.602, "Plans": [{"Node Type": "Streaming(type: LOCAL GATHER dop: 1/16)", "Parent Relationship": "Outer", "Startup Cost": 0.0, "Total Cost": 84945.9, "Plan Rows": 59, "Plan Width": 8, "Actual Min Startup Time": 66.76, "Actual Max Startup Time": 66.76, "Actual Min Total Time": 150.176, "Actual Max Total Time": 150.176, "Plans": [{"Node Type": "Index Scan", "Parent Relationship": "Outer", "Scan Direction": "Forward", "Index Name": "company_type_id_movie_companies", "Relation Name": "movie_companies", "Alias": "mc", "Startup Cost": 0.0, "Total Cost": 84944.62, "Plan Rows": 59, "Plan Width": 8, "Actual Min Startup Time": 16.096, "Actual Max Startup Time": 90.09, "Actual Min Total Time": 86.621, "Actual Max Total Time": 133.227, "Filter": "(((note)::text ~~ '%(VHS)%'::text) AND ((note)::text ~~ '%(USA)%'::text) AND ((note)::text ~~ '%(1994)%'::text))", "Rows Removed by Filter": 2607710, "Actual Rows": 1418}], "Actual Rows": 1418}], "Actual Rows": 1419}], "Actual Rows": 0}, {"Node Type": "Index Scan", "Parent Relationship": "Inner", "Scan Direction": "Forward", "Index Name": "title_pkey", "Relation Name": "title", "Alias": "t", "Startup Cost": 0.0, "Total Cost": 8.27, "Plan Rows": 1, "Plan Width": 21, "Actual Startup Time": 0.0, "Actual Total Time": 0.0, "Index Cond": "(id = mc.movie_id)", "Rows Removed by Index Recheck": 0, "Filter": "(production_year > 2010)", "Rows Removed by Filter": 0}], "Actual Rows": 0}, {"Node Type": "Index Scan", "Parent Relationship": "Inner", "Scan Direction": "Forward", "Index Name": "movie_id_movie_info", "Relation Name": "movie_info", "Alias": "mi", "Startup Cost": 0.0, "Total Cost": 2.46, "Plan Rows": 1, "Plan Width": 8, "Actual Startup Time": 0.0, "Actual Total Time": 0.0, "Index Cond": "(movie_id = t.id)", "Rows Removed by Index Recheck": 0, "Filter": "((info)::text = ANY ('{USA,America}'::text[]))", "Rows Removed by Filter": 0}], "Actual Rows": 0}, {"Node Type": "Index Only Scan", "Parent Relationship": "Inner", "Scan Direction": "Forward", "Index Name": "info_type_pkey", "Relation Name": "info_type", "Alias": "it", "Startup Cost": 0.0, "Total Cost": 0.27, "Plan Rows": 1, "Plan Width": 4, "Actual Startup Time": 0.0, "Actual Total Time": 0.0, "Index Cond": "(id = mi.info_type_id)", "Rows Removed by Index Recheck": 0, "Heap Fetches": 0}], "Actual Rows": 0}], "Actual Rows": 1}, "Triggers": [], "Planner Runtime": 9.823, "Total Runtime": 153.389, "Unique SQL Id": 328306525}}, "(16, '26')": {"explain_plan": {"Plan": {"Node Type": "Aggregate", "Strategy": "Plain", "Startup Cost": 132485.55, "Total Cost": 132485.56, "Plan Rows": 1, "Plan Width": 49, "Plans": [{"Node Type": "Nested Loop", "Parent Relationship": "Outer", "Join Type": "Inner", "Startup Cost": 0.0, "Total Cost": 132485.49, "Plan Rows": 24, "Plan Width": 17, "Inner Unique": false, "Join Filter": "(mi.info_type_id = it.id)", "Plans": [{"Node Type": "Seq Scan", "Parent Relationship": "Outer", "Relation Name": "info_type", "Alias": "it", "Startup Cost": 0.0, "Total Cost": 2.12, "Plan Rows": 112, "Plan Width": 4}, {"Node Type": "Materialize", "Parent Relationship": "Inner", "Startup Cost": 0.0, "Total Cost": 132443.11, "Plan Rows": 24, "Plan Width": 21, "Plans": [{"Node Type": "Streaming(type: LOCAL GATHER dop: 1/16)", "Parent Relationship": "Outer", "Startup Cost": 0.0, "Total Cost": 132442.99, "Plan Rows": 24, "Plan Width": 21, "Plans": [{"Node Type": "Nested Loop", "Parent Relationship": "Outer", "Join Type": "Inner", "Startup Cost": 0.0, "Total Cost": 132442.47, "Plan Rows": 24, "Plan Width": 21, "Inner Unique": false, "Join Filter": "(t.id = mi.movie_id)", "Plans": [{"Node Type": "Seq Scan", "Parent Relationship": "Outer", "Relation Name": "movie_info", "Alias": "mi", "Startup Cost": 0.0, "Total Cost": 35885.16, "Plan Rows": 584897, "Plan Width": 8, "Filter": "((info)::text = ANY ('{USA,America}'::text[]))"}, {"Node Type": "Materialize", "Parent Relationship": "Inner", "Startup Cost": 0.0, "Total Cost": 79010.48, "Plan Rows": 512, "Plan Width": 25, "Plans": [{"Node Type": "Streaming(type: BROADCAST dop: 16/16)", "Parent Relationship": "Outer", "Startup Cost": 0.0, "Total Cost": 79010.32, "Plan Rows": 512, "Plan Width": 25, "Plans": [{"Node Type": "Nested Loop", "Parent Relationship": "Outer", "Join Type": "Inner", "Startup Cost": 0.0, "Total Cost": 64009.02, "Plan Rows": 32, "Plan Width": 25, "Inner Unique": false, "Join Filter": "(mc.movie_id = t.id)", "Plans": [{"Node Type": "Seq Scan", "Parent Relationship": "Outer", "Relation Name": "title", "Alias": "t", "Startup Cost": 0.0, "Total Cost": 19149.37, "Plan Rows": 391451, "Plan Width": 21, "Filter": "(production_year > 2010), (LLVM Optimized)"}, {"Node Type": "Materialize", "Parent Relationship": "Inner", "Startup Cost": 0.0, "Total Cost": 33850.17, "Plan Rows": 480, "Plan Width": 4, "Plans": [{"Node Type": "Streaming(type: BROADCAST dop: 16/1)", "Parent Relationship": "Outer", "Startup Cost": 0.0, "Total Cost": 33850.02, "Plan Rows": 480, "Plan Width": 4, "Plans": [{"Node Type": "Nested Loop", "Parent Relationship": "Outer", "Join Type": "Inner", "Startup Cost": 0.0, "Total Cost": 18839.66, "Plan Rows": 30, "Plan Width": 4, "Inner Unique": false, "Join Filter": "(ct.id = mc.company_type_id)", "Plans": [{"Node Type": "Seq Scan", "Parent Relationship": "Outer", "Relation Name": "company_type", "Alias": "ct", "Startup Cost": 0.0, "Total Cost": 1.04, "Plan Rows": 1, "Plan Width": 4, "Filter": "((kind)::text = 'production companies'::text)"}, {"Node Type": "Materialize", "Parent Relationship": "Inner", "Startup Cost": 0.0, "Total Cost": 18838.03, "Plan Rows": 59, "Plan Width": 8, "Plans": [{"Node Type": "Streaming(type: LOCAL GATHER dop: 1/16)", "Parent Relationship": "Outer", "Startup Cost": 0.0, "Total Cost": 18837.88, "Plan Rows": 59, "Plan Width": 8, "Plans": [{"Node Type": "Seq Scan", "Parent Relationship": "Outer", "Relation Name": "movie_companies", "Alias": "mc", "Startup Cost": 0.0, "Total Cost": 18836.61, "Plan Rows": 59, "Plan Width": 8, "Filter": "(((note)::text ~~ '%(VHS)%'::text) AND ((note)::text ~~ '%(USA)%'::text) AND ((note)::text ~~ '%(1994)%'::text))"}]}]}]}]}]}]}]}]}]}]}]}]}]}, "Unique SQL Id": 328306525, "Planner Runtime": 6}, "explain_analyze_plan": null}, "(16, '27')": {"explain_plan": {"Plan": {"Node Type": "Aggregate", "Strategy": "Plain", "Startup Cost": 4998574728100.36, "Total Cost": 4998574728100.37, "Plan Rows": 1, "Plan Width": 49, "Plans": [{"Node Type": "Merge Join", "Parent Relationship": "Outer", "Join Type": "Inner", "Startup Cost": 50025290819.16, "Total Cost": 4998574728100.3, "Plan Rows": 24, "Plan Width": 17, "Inner Unique": true, "Merge Cond": "(mi.movie_id = t.id)", "Plans": [{"Node Type": "Nested Loop", "Parent Relationship": "Outer", "Join Type": "Inner", "Startup Cost": 40000000000.0, "Total Cost": 3999263638685.42, "Plan Rows": 33, "Plan Width": 8, "Inner Unique": true, "Join Filter": "(mc.company_type_id = ct.id)", "Plans": [{"Node Type": "Merge Join", "Parent Relationship": "Outer", "Join Type": "Inner", "Startup Cost": 30000000000.0, "Total Cost": 2999263637454.18, "Plan Rows": 66, "Plan Width": 12, "Inner Unique": false, "Merge Cond": "(mi.movie_id = mc.movie_id)", "Plans": [{"Node Type": "Nested Loop", "Parent Relationship": "Outer", "Join Type": "Inner", "Startup Cost": 20000000000.0, "Total Cost": 2000108518023.96, "Plan Rows": 584897, "Plan Width": 4, "Inner Unique": true, "Join Filter": "(it.id = mi.info_type_id), (LLVM Optimized)", "Plans": [{"Node Type": "Index Scan", "Parent Relationship": "Outer", "Scan Direction": "Forward", "Index Name": "movie_id_movie_info", "Relation Name": "movie_info", "Alias": "mi", "Startup Cost": 10000000000.0, "Total Cost": 1000107534403.72, "Plan Rows": 584897, "Plan Width": 8, "Filter": "((info)::text = ANY ('{USA,America}'::text[]))"}, {"Node Type": "Materialize", "Parent Relationship": "Inner", "Startup Cost": 10000000000.0, "Total Cost": 1000000000993.56, "Plan Rows": 112, "Plan Width": 4, "Plans": [{"Node Type": "Index Only Scan", "Parent Relationship": "Outer", "Scan Direction": "Forward", "Index Name": "info_type_pkey", "Relation Name": "info_type", "Alias": "it", "Startup Cost": 10000000000.0, "Total Cost": 1000000000993.0, "Plan Rows": 112, "Plan Width": 4}]}]}, {"Node Type": "Materialize", "Parent Relationship": "Inner", "Startup Cost": 10000000000.0, "Total Cost": 1000015008792.28, "Plan Rows": 59, "Plan Width": 8, "Plans": [{"Node Type": "Index Scan", "Parent Relationship": "Outer", "Scan Direction": "Forward", "Index Name": "movie_id_movie_companies", "Relation Name": "movie_companies", "Alias": "mc", "Startup Cost": 10000000000.0, "Total Cost": 1000015008792.13, "Plan Rows": 59, "Plan Width": 8, "Filter": "(((note)::text ~~ '%(VHS)%'::text) AND ((note)::text ~~ '%(USA)%'::text) AND ((note)::text ~~ '%(1994)%'::text))"}]}]}, {"Node Type": "Materialize", "Parent Relationship": "Inner", "Startup Cost": 10000000000.0, "Total Cost": 1000000001230.26, "Plan Rows": 1, "Plan Width": 4, "Plans": [{"Node Type": "Index Scan", "Parent Relationship": "Outer", "Scan Direction": "Forward", "Index Name": "company_type_pkey", "Relation Name": "company_type", "Alias": "ct", "Startup Cost": 10000000000.0, "Total Cost": 1000000001230.25, "Plan Rows": 1, "Plan Width": 4, "Filter": "((kind)::text = 'production companies'::text)"}]}]}, {"Node Type": "Index Scan", "Parent Relationship": "Inner", "Scan Direction": "Forward", "Index Name": "title_pkey", "Relation Name": "title", "Alias": "t", "Startup Cost": 10000000000.0, "Total Cost": 1000011644126.66, "Plan Rows": 391451, "Plan Width": 21, "Filter": "(production_year > 2010), (LLVM Optimized)"}]}]}, "Unique SQL Id": 328306525, "Planner Runtime": 11}, "explain_analyze_plan": null}, "(16, '28')": {"explain_plan": {"Plan": {"Node Type": "Aggregate", "Strategy": "Plain", "Startup Cost": 19173.9, "Total Cost": 19173.91, "Plan Rows": 1, "Plan Width": 49, "Plans": [{"Node Type": "Nested Loop", "Parent Relationship": "Outer", "Join Type": "Inner", "Startup Cost": 0.0, "Total Cost": 19173.84, "Plan Rows": 24, "Plan Width": 17, "Inner Unique": true, "Plans": [{"Node Type": "Nested Loop", "Parent Relationship": "Outer", "Join Type": "Inner", "Startup Cost": 0.0, "Total Cost": 19167.12, "Plan Rows": 24, "Plan Width": 21, "Inner Unique": false, "Plans": [{"Node Type": "Nested Loop", "Parent Relationship": "Outer", "Join Type": "Inner", "Startup Cost": 0.0, "Total Cost": 19088.13, "Plan Rows": 32, "Plan Width": 25, "Inner Unique": true, "Plans": [{"Node Type": "Nested Loop", "Parent Relationship": "Outer", "Join Type": "Inner", "Startup Cost": 0.0, "Total Cost": 18839.66, "Plan Rows": 30, "Plan Width": 4, "Inner Unique": false, "Join Filter": "(ct.id = mc.company_type_id)", "Plans": [{"Node Type": "Seq Scan", "Parent Relationship": "Outer", "Relation Name": "company_type", "Alias": "ct", "Startup Cost": 0.0, "Total Cost": 1.04, "Plan Rows": 1, "Plan Width": 4, "Filter": "((kind)::text = 'production companies'::text)"}, {"Node Type": "Materialize", "Parent Relationship": "Inner", "Startup Cost": 0.0, "Total Cost": 18838.03, "Plan Rows": 59, "Plan Width": 8, "Plans": [{"Node Type": "Streaming(type: LOCAL GATHER dop: 1/16)", "Parent Relationship": "Outer", "Startup Cost": 0.0, "Total Cost": 18837.88, "Plan Rows": 59, "Plan Width": 8, "Plans": [{"Node Type": "Seq Scan", "Parent Relationship": "Outer", "Relation Name": "movie_companies", "Alias": "mc", "Startup Cost": 0.0, "Total Cost": 18836.61, "Plan Rows": 59, "Plan Width": 8, "Filter": "(((note)::text ~~ '%(VHS)%'::text) AND ((note)::text ~~ '%(USA)%'::text) AND ((note)::text ~~ '%(1994)%'::text))"}]}]}]}, {"Node Type": "Index Scan", "Parent Relationship": "Inner", "Scan Direction": "Forward", "Index Name": "title_pkey", "Relation Name": "title", "Alias": "t", "Startup Cost": 0.0, "Total Cost": 8.27, "Plan Rows": 1, "Plan Width": 21, "Index Cond": "(id = mc.movie_id)", "Filter": "(production_year > 2010)"}]}, {"Node Type": "Index Scan", "Parent Relationship": "Inner", "Scan Direction": "Forward", "Index Name": "movie_id_movie_info", "Relation Name": "movie_info", "Alias": "mi", "Startup Cost": 0.0, "Total Cost": 2.46, "Plan Rows": 1, "Plan Width": 8, "Index Cond": "(movie_id = t.id)", "Filter": "((info)::text = ANY ('{USA,America}'::text[]))"}]}, {"Node Type": "Index Scan", "Parent Relationship": "Inner", "Scan Direction": "Forward", "Index Name": "info_type_pkey", "Relation Name": "info_type", "Alias": "it", "Startup Cost": 0.0, "Total Cost": 0.27, "Plan Rows": 1, "Plan Width": 4, "Index Cond": "(id = mi.info_type_id)"}]}]}, "Unique SQL Id": 328306525, "Planner Runtime": 5}, "explain_analyze_plan": {"Plan": {"Node Type": "Aggregate", "Strategy": "Plain", "Startup Cost": 19173.9, "Total Cost": 19173.91, "Plan Rows": 1, "Plan Width": 49, "Actual Min Startup Time": 82.106, "Actual Max Startup Time": 82.106, "Actual Min Total Time": 82.107, "Actual Max Total Time": 82.107, "Plans": [{"Node Type": "Nested Loop", "Parent Relationship": "Outer", "Join Type": "Inner", "Startup Cost": 0.0, "Total Cost": 19173.84, "Plan Rows": 24, "Plan Width": 17, "Actual Min Startup Time": 82.087, "Actual Max Startup Time": 82.087, "Actual Min Total Time": 82.087, "Actual Max Total Time": 82.087, "Inner Unique": true, "Plans": [{"Node Type": "Nested Loop", "Parent Relationship": "Outer", "Join Type": "Inner", "Startup Cost": 0.0, "Total Cost": 19167.12, "Plan Rows": 24, "Plan Width": 21, "Actual Min Startup Time": 82.085, "Actual Max Startup Time": 82.085, "Actual Min Total Time": 82.085, "Actual Max Total Time": 82.085, "Inner Unique": false, "Plans": [{"Node Type": "Nested Loop", "Parent Relationship": "Outer", "Join Type": "Inner", "Startup Cost": 0.0, "Total Cost": 19088.13, "Plan Rows": 32, "Plan Width": 25, "Actual Min Startup Time": 82.085, "Actual Max Startup Time": 82.085, "Actual Min Total Time": 82.085, "Actual Max Total Time": 82.085, "Inner Unique": true, "Plans": [{"Node Type": "Nested Loop", "Parent Relationship": "Outer", "Join Type": "Inner", "Startup Cost": 0.0, "Total Cost": 18839.66, "Plan Rows": 30, "Plan Width": 4, "Actual Min Startup Time": 82.084, "Actual Max Startup Time": 82.084, "Actual Min Total Time": 82.084, "Actual Max Total Time": 82.084, "Inner Unique": false, "Join Filter": "(ct.id = mc.company_type_id)", "Rows Removed by Join Filter": 1418, "Plans": [{"Node Type": "Seq Scan", "Parent Relationship": "Outer", "Relation Name": "company_type", "Alias": "ct", "Startup Cost": 0.0, "Total Cost": 1.04, "Plan Rows": 1, "Plan Width": 4, "Actual Min Startup Time": 0.038, "Actual Max Startup Time": 0.038, "Actual Min Total Time": 0.041, "Actual Max Total Time": 0.041, "Filter": "((kind)::text = 'production companies'::text)", "Rows Removed by Filter": 2, "Actual Rows": 1}, {"Node Type": "Materialize", "Parent Relationship": "Inner", "Startup Cost": 0.0, "Total Cost": 18838.03, "Plan Rows": 59, "Plan Width": 8, "Actual Min Startup Time": 81.576, "Actual Max Startup Time": 81.576, "Actual Min Total Time": 81.713, "Actual Max Total Time": 81.713, "Plans": [{"Node Type": "Streaming(type: LOCAL GATHER dop: 1/16)", "Parent Relationship": "Outer", "Startup Cost": 0.0, "Total Cost": 18837.88, "Plan Rows": 59, "Plan Width": 8, "Actual Min Startup Time": 45.285, "Actual Max Startup Time": 45.285, "Actual Min Total Time": 81.331, "Actual Max Total Time": 81.331, "Plans": [{"Node Type": "Seq Scan", "Parent Relationship": "Outer", "Relation Name": "movie_companies", "Alias": "mc", "Startup Cost": 0.0, "Total Cost": 18836.61, "Plan Rows": 59, "Plan Width": 8, "Actual Min Startup Time": 1.004, "Actual Max Startup Time": 12.22, "Actual Min Total Time": 54.35, "Actual Max Total Time": 60.791, "Filter": "(((note)::text ~~ '%(VHS)%'::text) AND ((note)::text ~~ '%(USA)%'::text) AND ((note)::text ~~ '%(1994)%'::text))", "Rows Removed by Filter": 2607710, "Actual Rows": 1418}], "Actual Rows": 1418}], "Actual Rows": 1419}], "Actual Rows": 0}, {"Node Type": "Index Scan", "Parent Relationship": "Inner", "Scan Direction": "Forward", "Index Name": "title_pkey", "Relation Name": "title", "Alias": "t", "Startup Cost": 0.0, "Total Cost": 8.27, "Plan Rows": 1, "Plan Width": 21, "Actual Startup Time": 0.0, "Actual Total Time": 0.0, "Index Cond": "(id = mc.movie_id)", "Rows Removed by Index Recheck": 0, "Filter": "(production_year > 2010)", "Rows Removed by Filter": 0}], "Actual Rows": 0}, {"Node Type": "Index Scan", "Parent Relationship": "Inner", "Scan Direction": "Forward", "Index Name": "movie_id_movie_info", "Relation Name": "movie_info", "Alias": "mi", "Startup Cost": 0.0, "Total Cost": 2.46, "Plan Rows": 1, "Plan Width": 8, "Actual Startup Time": 0.0, "Actual Total Time": 0.0, "Index Cond": "(movie_id = t.id)", "Rows Removed by Index Recheck": 0, "Filter": "((info)::text = ANY ('{USA,America}'::text[]))", "Rows Removed by Filter": 0}], "Actual Rows": 0}, {"Node Type": "Index Scan", "Parent Relationship": "Inner", "Scan Direction": "Forward", "Index Name": "info_type_pkey", "Relation Name": "info_type", "Alias": "it", "Startup Cost": 0.0, "Total Cost": 0.27, "Plan Rows": 1, "Plan Width": 4, "Actual Startup Time": 0.0, "Actual Total Time": 0.0, "Index Cond": "(id = mi.info_type_id)", "Rows Removed by Index Recheck": 0}], "Actual Rows": 0}], "Actual Rows": 1}, "Triggers": [], "Planner Runtime": 10.153, "Total Runtime": 84.649, "Unique SQL Id": 328306525}}, "(16, '29')": {"explain_plan": {"Plan": {"Node Type": "Aggregate", "Strategy": "Plain", "Startup Cost": 85293.18, "Total Cost": 85293.19, "Plan Rows": 1, "Plan Width": 49, "Plans": [{"Node Type": "Nested Loop", "Parent Relationship": "Outer", "Join Type": "Inner", "Startup Cost": 0.0, "Total Cost": 85293.12, "Plan Rows": 24, "Plan Width": 17, "Inner Unique": true, "Plans": [{"Node Type": "Nested Loop", "Parent Relationship": "Outer", "Join Type": "Inner", "Startup Cost": 0.0, "Total Cost": 85286.4, "Plan Rows": 24, "Plan Width": 21, "Inner Unique": false, "Plans": [{"Node Type": "Nested Loop", "Parent Relationship": "Outer", "Join Type": "Inner", "Startup Cost": 0.0, "Total Cost": 85207.41, "Plan Rows": 32, "Plan Width": 25, "Inner Unique": true, "Plans": [{"Node Type": "Nested Loop", "Parent Relationship": "Outer", "Join Type": "Inner", "Startup Cost": 0.0, "Total Cost": 84958.94, "Plan Rows": 30, "Plan Width": 4, "Inner Unique": false, "Join Filter": "(ct.id = mc.company_type_id)", "Plans": [{"Node Type": "Index Scan", "Parent Relationship": "Outer", "Scan Direction": "Forward", "Index Name": "company_type_pkey", "Relation Name": "company_type", "Alias": "ct", "Startup Cost": 0.0, "Total Cost": 12.3, "Plan Rows": 1, "Plan Width": 4, "Filter": "((kind)::text = 'production companies'::text)"}, {"Node Type": "Materialize", "Parent Relationship": "Inner", "Startup Cost": 0.0, "Total Cost": 84946.04, "Plan Rows": 59, "Plan Width": 8, "Plans": [{"Node Type": "Streaming(type: LOCAL GATHER dop: 1/16)", "Parent Relationship": "Outer", "Startup Cost": 0.0, "Total Cost": 84945.9, "Plan Rows": 59, "Plan Width": 8, "Plans": [{"Node Type": "Index Scan", "Parent Relationship": "Outer", "Scan Direction": "Forward", "Index Name": "company_type_id_movie_companies", "Relation Name": "movie_companies", "Alias": "mc", "Startup Cost": 0.0, "Total Cost": 84944.62, "Plan Rows": 59, "Plan Width": 8, "Filter": "(((note)::text ~~ '%(VHS)%'::text) AND ((note)::text ~~ '%(USA)%'::text) AND ((note)::text ~~ '%(1994)%'::text))"}]}]}]}, {"Node Type": "Index Scan", "Parent Relationship": "Inner", "Scan Direction": "Forward", "Index Name": "title_pkey", "Relation Name": "title", "Alias": "t", "Startup Cost": 0.0, "Total Cost": 8.27, "Plan Rows": 1, "Plan Width": 21, "Index Cond": "(id = mc.movie_id)", "Filter": "(production_year > 2010)"}]}, {"Node Type": "Index Scan", "Parent Relationship": "Inner", "Scan Direction": "Forward", "Index Name": "movie_id_movie_info", "Relation Name": "movie_info", "Alias": "mi", "Startup Cost": 0.0, "Total Cost": 2.46, "Plan Rows": 1, "Plan Width": 8, "Index Cond": "(movie_id = t.id)", "Filter": "((info)::text = ANY ('{USA,America}'::text[]))"}]}, {"Node Type": "Index Scan", "Parent Relationship": "Inner", "Scan Direction": "Forward", "Index Name": "info_type_pkey", "Relation Name": "info_type", "Alias": "it", "Startup Cost": 0.0, "Total Cost": 0.27, "Plan Rows": 1, "Plan Width": 4, "Index Cond": "(id = mi.info_type_id)"}]}]}, "Unique SQL Id": 328306525, "Planner Runtime": 5}, "explain_analyze_plan": {"Plan": {"Node Type": "Aggregate", "Strategy": "Plain", "Startup Cost": 85293.18, "Total Cost": 85293.19, "Plan Rows": 1, "Plan Width": 49, "Actual Min Startup Time": 153.891, "Actual Max Startup Time": 153.891, "Actual Min Total Time": 153.892, "Actual Max Total Time": 153.892, "Plans": [{"Node Type": "Nested Loop", "Parent Relationship": "Outer", "Join Type": "Inner", "Startup Cost": 0.0, "Total Cost": 85293.12, "Plan Rows": 24, "Plan Width": 17, "Actual Min Startup Time": 153.883, "Actual Max Startup Time": 153.883, "Actual Min Total Time": 153.883, "Actual Max Total Time": 153.883, "Inner Unique": true, "Plans": [{"Node Type": "Nested Loop", "Parent Relationship": "Outer", "Join Type": "Inner", "Startup Cost": 0.0, "Total Cost": 85286.4, "Plan Rows": 24, "Plan Width": 21, "Actual Min Startup Time": 153.881, "Actual Max Startup Time": 153.881, "Actual Min Total Time": 153.881, "Actual Max Total Time": 153.881, "Inner Unique": false, "Plans": [{"Node Type": "Nested Loop", "Parent Relationship": "Outer", "Join Type": "Inner", "Startup Cost": 0.0, "Total Cost": 85207.41, "Plan Rows": 32, "Plan Width": 25, "Actual Min Startup Time": 153.88, "Actual Max Startup Time": 153.88, "Actual Min Total Time": 153.88, "Actual Max Total Time": 153.88, "Inner Unique": true, "Plans": [{"Node Type": "Nested Loop", "Parent Relationship": "Outer", "Join Type": "Inner", "Startup Cost": 0.0, "Total Cost": 84958.94, "Plan Rows": 30, "Plan Width": 4, "Actual Min Startup Time": 153.88, "Actual Max Startup Time": 153.88, "Actual Min Total Time": 153.88, "Actual Max Total Time": 153.88, "Inner Unique": false, "Join Filter": "(ct.id = mc.company_type_id)", "Rows Removed by Join Filter": 1418, "Plans": [{"Node Type": "Index Scan", "Parent Relationship": "Outer", "Scan Direction": "Forward", "Index Name": "company_type_pkey", "Relation Name": "company_type", "Alias": "ct", "Startup Cost": 0.0, "Total Cost": 12.3, "Plan Rows": 1, "Plan Width": 4, "Actual Min Startup Time": 0.047, "Actual Max Startup Time": 0.047, "Actual Min Total Time": 0.052, "Actual Max Total Time": 0.052, "Filter": "((kind)::text = 'production companies'::text)", "Rows Removed by Filter": 2, "Actual Rows": 1}, {"Node Type": "Materialize", "Parent Relationship": "Inner", "Startup Cost": 0.0, "Total Cost": 84946.04, "Plan Rows": 59, "Plan Width": 8, "Actual Min Startup Time": 153.359, "Actual Max Startup Time": 153.359, "Actual Min Total Time": 153.492, "Actual Max Total Time": 153.492, "Plans": [{"Node Type": "Streaming(type: LOCAL GATHER dop: 1/16)", "Parent Relationship": "Outer", "Startup Cost": 0.0, "Total Cost": 84945.9, "Plan Rows": 59, "Plan Width": 8, "Actual Min Startup Time": 69.339, "Actual Max Startup Time": 69.339, "Actual Min Total Time": 153.095, "Actual Max Total Time": 153.095, "Plans": [{"Node Type": "Index Scan", "Parent Relationship": "Outer", "Scan Direction": "Forward", "Index Name": "company_type_id_movie_companies", "Relation Name": "movie_companies", "Alias": "mc", "Startup Cost": 0.0, "Total Cost": 84944.62, "Plan Rows": 59, "Plan Width": 8, "Actual Min Startup Time": 18.666, "Actual Max Startup Time": 91.737, "Actual Min Total Time": 88.45, "Actual Max Total Time": 136.558, "Filter": "(((note)::text ~~ '%(VHS)%'::text) AND ((note)::text ~~ '%(USA)%'::text) AND ((note)::text ~~ '%(1994)%'::text))", "Rows Removed by Filter": 2607710, "Actual Rows": 1418}], "Actual Rows": 1418}], "Actual Rows": 1419}], "Actual Rows": 0}, {"Node Type": "Index Scan", "Parent Relationship": "Inner", "Scan Direction": "Forward", "Index Name": "title_pkey", "Relation Name": "title", "Alias": "t", "Startup Cost": 0.0, "Total Cost": 8.27, "Plan Rows": 1, "Plan Width": 21, "Actual Startup Time": 0.0, "Actual Total Time": 0.0, "Index Cond": "(id = mc.movie_id)", "Rows Removed by Index Recheck": 0, "Filter": "(production_year > 2010)", "Rows Removed by Filter": 0}], "Actual Rows": 0}, {"Node Type": "Index Scan", "Parent Relationship": "Inner", "Scan Direction": "Forward", "Index Name": "movie_id_movie_info", "Relation Name": "movie_info", "Alias": "mi", "Startup Cost": 0.0, "Total Cost": 2.46, "Plan Rows": 1, "Plan Width": 8, "Actual Startup Time": 0.0, "Actual Total Time": 0.0, "Index Cond": "(movie_id = t.id)", "Rows Removed by Index Recheck": 0, "Filter": "((info)::text = ANY ('{USA,America}'::text[]))", "Rows Removed by Filter": 0}], "Actual Rows": 0}, {"Node Type": "Index Scan", "Parent Relationship": "Inner", "Scan Direction": "Forward", "Index Name": "info_type_pkey", "Relation Name": "info_type", "Alias": "it", "Startup Cost": 0.0, "Total Cost": 0.27, "Plan Rows": 1, "Plan Width": 4, "Actual Startup Time": 0.0, "Actual Total Time": 0.0, "Index Cond": "(id = mi.info_type_id)", "Rows Removed by Index Recheck": 0}], "Actual Rows": 0}], "Actual Rows": 1}, "Triggers": [], "Planner Runtime": 9.799, "Total Runtime": 156.415, "Unique SQL Id": 328306525}}, "(16, '30')": {"explain_plan": {"Plan": {"Node Type": "Aggregate", "Strategy": "Plain", "Startup Cost": 132485.55, "Total Cost": 132485.56, "Plan Rows": 1, "Plan Width": 49, "Plans": [{"Node Type": "Nested Loop", "Parent Relationship": "Outer", "Join Type": "Inner", "Startup Cost": 0.0, "Total Cost": 132485.49, "Plan Rows": 24, "Plan Width": 17, "Inner Unique": false, "Join Filter": "(mi.info_type_id = it.id)", "Plans": [{"Node Type": "Seq Scan", "Parent Relationship": "Outer", "Relation Name": "info_type", "Alias": "it", "Startup Cost": 0.0, "Total Cost": 2.12, "Plan Rows": 112, "Plan Width": 4}, {"Node Type": "Materialize", "Parent Relationship": "Inner", "Startup Cost": 0.0, "Total Cost": 132443.11, "Plan Rows": 24, "Plan Width": 21, "Plans": [{"Node Type": "Streaming(type: LOCAL GATHER dop: 1/16)", "Parent Relationship": "Outer", "Startup Cost": 0.0, "Total Cost": 132442.99, "Plan Rows": 24, "Plan Width": 21, "Plans": [{"Node Type": "Nested Loop", "Parent Relationship": "Outer", "Join Type": "Inner", "Startup Cost": 0.0, "Total Cost": 132442.47, "Plan Rows": 24, "Plan Width": 21, "Inner Unique": false, "Join Filter": "(t.id = mi.movie_id)", "Plans": [{"Node Type": "Seq Scan", "Parent Relationship": "Outer", "Relation Name": "movie_info", "Alias": "mi", "Startup Cost": 0.0, "Total Cost": 35885.16, "Plan Rows": 584897, "Plan Width": 8, "Filter": "((info)::text = ANY ('{USA,America}'::text[]))"}, {"Node Type": "Materialize", "Parent Relationship": "Inner", "Startup Cost": 0.0, "Total Cost": 79010.48, "Plan Rows": 512, "Plan Width": 25, "Plans": [{"Node Type": "Streaming(type: BROADCAST dop: 16/16)", "Parent Relationship": "Outer", "Startup Cost": 0.0, "Total Cost": 79010.32, "Plan Rows": 512, "Plan Width": 25, "Plans": [{"Node Type": "Nested Loop", "Parent Relationship": "Outer", "Join Type": "Inner", "Startup Cost": 0.0, "Total Cost": 64009.02, "Plan Rows": 32, "Plan Width": 25, "Inner Unique": false, "Join Filter": "(mc.movie_id = t.id)", "Plans": [{"Node Type": "Seq Scan", "Parent Relationship": "Outer", "Relation Name": "title", "Alias": "t", "Startup Cost": 0.0, "Total Cost": 19149.37, "Plan Rows": 391451, "Plan Width": 21, "Filter": "(production_year > 2010), (LLVM Optimized)"}, {"Node Type": "Materialize", "Parent Relationship": "Inner", "Startup Cost": 0.0, "Total Cost": 33850.17, "Plan Rows": 480, "Plan Width": 4, "Plans": [{"Node Type": "Streaming(type: BROADCAST dop: 16/1)", "Parent Relationship": "Outer", "Startup Cost": 0.0, "Total Cost": 33850.02, "Plan Rows": 480, "Plan Width": 4, "Plans": [{"Node Type": "Nested Loop", "Parent Relationship": "Outer", "Join Type": "Inner", "Startup Cost": 0.0, "Total Cost": 18839.66, "Plan Rows": 30, "Plan Width": 4, "Inner Unique": false, "Join Filter": "(ct.id = mc.company_type_id)", "Plans": [{"Node Type": "Seq Scan", "Parent Relationship": "Outer", "Relation Name": "company_type", "Alias": "ct", "Startup Cost": 0.0, "Total Cost": 1.04, "Plan Rows": 1, "Plan Width": 4, "Filter": "((kind)::text = 'production companies'::text)"}, {"Node Type": "Materialize", "Parent Relationship": "Inner", "Startup Cost": 0.0, "Total Cost": 18838.03, "Plan Rows": 59, "Plan Width": 8, "Plans": [{"Node Type": "Streaming(type: LOCAL GATHER dop: 1/16)", "Parent Relationship": "Outer", "Startup Cost": 0.0, "Total Cost": 18837.88, "Plan Rows": 59, "Plan Width": 8, "Plans": [{"Node Type": "Seq Scan", "Parent Relationship": "Outer", "Relation Name": "movie_companies", "Alias": "mc", "Startup Cost": 0.0, "Total Cost": 18836.61, "Plan Rows": 59, "Plan Width": 8, "Filter": "(((note)::text ~~ '%(VHS)%'::text) AND ((note)::text ~~ '%(USA)%'::text) AND ((note)::text ~~ '%(1994)%'::text))"}]}]}]}]}]}]}]}]}]}]}]}]}]}, "Unique SQL Id": 328306525, "Planner Runtime": 6}, "explain_analyze_plan": null}, "(16, '31')": {"explain_plan": {"Plan": {"Node Type": "Aggregate", "Strategy": "Plain", "Startup Cost": 4998574728500.19, "Total Cost": 4998574728500.2, "Plan Rows": 1, "Plan Width": 49, "Plans": [{"Node Type": "Merge Join", "Parent Relationship": "Outer", "Join Type": "Inner", "Startup Cost": 50025290819.16, "Total Cost": 4998574728500.13, "Plan Rows": 24, "Plan Width": 17, "Inner Unique": true, "Merge Cond": "(mi.movie_id = t.id)", "Plans": [{"Node Type": "Nested Loop", "Parent Relationship": "Outer", "Join Type": "Inner", "Startup Cost": 40000000000.0, "Total Cost": 3999263639085.25, "Plan Rows": 33, "Plan Width": 8, "Inner Unique": true, "Join Filter": "(mc.company_type_id = ct.id)", "Plans": [{"Node Type": "Merge Join", "Parent Relationship": "Outer", "Join Type": "Inner", "Startup Cost": 30000000000.0, "Total Cost": 2999263637854.01, "Plan Rows": 66, "Plan Width": 12, "Inner Unique": false, "Merge Cond": "(mi.movie_id = mc.movie_id)", "Plans": [{"Node Type": "Nested Loop", "Parent Relationship": "Outer", "Join Type": "Inner", "Startup Cost": 20000000000.0, "Total Cost": 2000108518423.96, "Plan Rows": 584897, "Plan Width": 4, "Inner Unique": true, "Join Filter": "(it.id = mi.info_type_id), (LLVM Optimized)", "Plans": [{"Node Type": "Index Scan", "Parent Relationship": "Outer", "Scan Direction": "Forward", "Index Name": "movie_id_movie_info", "Relation Name": "movie_info", "Alias": "mi", "Startup Cost": 10000000000.0, "Total Cost": 1000107534403.72, "Plan Rows": 584897, "Plan Width": 8, "Filter": "((info)::text = ANY ('{USA,America}'::text[]))"}, {"Node Type": "Materialize", "Parent Relationship": "Inner", "Startup Cost": 10000000000.0, "Total Cost": 1000000001393.56, "Plan Rows": 112, "Plan Width": 4, "Plans": [{"Node Type": "Index Scan", "Parent Relationship": "Outer", "Scan Direction": "Forward", "Index Name": "info_type_pkey", "Relation Name": "info_type", "Alias": "it", "Startup Cost": 10000000000.0, "Total Cost": 1000000001393.0, "Plan Rows": 112, "Plan Width": 4}]}]}, {"Node Type": "Materialize", "Parent Relationship": "Inner", "Startup Cost": 10000000000.0, "Total Cost": 1000015008792.28, "Plan Rows": 59, "Plan Width": 8, "Plans": [{"Node Type": "Index Scan", "Parent Relationship": "Outer", "Scan Direction": "Forward", "Index Name": "movie_id_movie_companies", "Relation Name": "movie_companies", "Alias": "mc", "Startup Cost": 10000000000.0, "Total Cost": 1000015008792.13, "Plan Rows": 59, "Plan Width": 8, "Filter": "(((note)::text ~~ '%(VHS)%'::text) AND ((note)::text ~~ '%(USA)%'::text) AND ((note)::text ~~ '%(1994)%'::text))"}]}]}, {"Node Type": "Materialize", "Parent Relationship": "Inner", "Startup Cost": 10000000000.0, "Total Cost": 1000000001230.26, "Plan Rows": 1, "Plan Width": 4, "Plans": [{"Node Type": "Index Scan", "Parent Relationship": "Outer", "Scan Direction": "Forward", "Index Name": "company_type_pkey", "Relation Name": "company_type", "Alias": "ct", "Startup Cost": 10000000000.0, "Total Cost": 1000000001230.25, "Plan Rows": 1, "Plan Width": 4, "Filter": "((kind)::text = 'production companies'::text)"}]}]}, {"Node Type": "Index Scan", "Parent Relationship": "Inner", "Scan Direction": "Forward", "Index Name": "title_pkey", "Relation Name": "title", "Alias": "t", "Startup Cost": 10000000000.0, "Total Cost": 1000011644126.66, "Plan Rows": 391451, "Plan Width": 21, "Filter": "(production_year > 2010), (LLVM Optimized)"}]}]}, "Unique SQL Id": 328306525, "Planner Runtime": 11}, "explain_analyze_plan": null}, "(16, '32')": {"explain_plan": {"Plan": {"Node Type": "Aggregate", "Strategy": "Plain", "Startup Cost": 19173.9, "Total Cost": 19173.91, "Plan Rows": 1, "Plan Width": 49, "Plans": [{"Node Type": "Nested Loop", "Parent Relationship": "Outer", "Join Type": "Inner", "Startup Cost": 0.0, "Total Cost": 19173.84, "Plan Rows": 24, "Plan Width": 17, "Inner Unique": true, "Plans": [{"Node Type": "Nested Loop", "Parent Relationship": "Outer", "Join Type": "Inner", "Startup Cost": 0.0, "Total Cost": 19167.12, "Plan Rows": 24, "Plan Width": 21, "Inner Unique": false, "Plans": [{"Node Type": "Nested Loop", "Parent Relationship": "Outer", "Join Type": "Inner", "Startup Cost": 0.0, "Total Cost": 19088.13, "Plan Rows": 32, "Plan Width": 25, "Inner Unique": true, "Plans": [{"Node Type": "Nested Loop", "Parent Relationship": "Outer", "Join Type": "Inner", "Startup Cost": 0.0, "Total Cost": 18839.66, "Plan Rows": 30, "Plan Width": 4, "Inner Unique": false, "Join Filter": "(ct.id = mc.company_type_id)", "Plans": [{"Node Type": "Seq Scan", "Parent Relationship": "Outer", "Relation Name": "company_type", "Alias": "ct", "Startup Cost": 0.0, "Total Cost": 1.04, "Plan Rows": 1, "Plan Width": 4, "Filter": "((kind)::text = 'production companies'::text)"}, {"Node Type": "Materialize", "Parent Relationship": "Inner", "Startup Cost": 0.0, "Total Cost": 18838.03, "Plan Rows": 59, "Plan Width": 8, "Plans": [{"Node Type": "Streaming(type: LOCAL GATHER dop: 1/16)", "Parent Relationship": "Outer", "Startup Cost": 0.0, "Total Cost": 18837.88, "Plan Rows": 59, "Plan Width": 8, "Plans": [{"Node Type": "Seq Scan", "Parent Relationship": "Outer", "Relation Name": "movie_companies", "Alias": "mc", "Startup Cost": 0.0, "Total Cost": 18836.61, "Plan Rows": 59, "Plan Width": 8, "Filter": "(((note)::text ~~ '%(VHS)%'::text) AND ((note)::text ~~ '%(USA)%'::text) AND ((note)::text ~~ '%(1994)%'::text))"}]}]}]}, {"Node Type": "Index Scan", "Parent Relationship": "Inner", "Scan Direction": "Forward", "Index Name": "title_pkey", "Relation Name": "title", "Alias": "t", "Startup Cost": 0.0, "Total Cost": 8.27, "Plan Rows": 1, "Plan Width": 21, "Index Cond": "(id = mc.movie_id)", "Filter": "(production_year > 2010)"}]}, {"Node Type": "Index Scan", "Parent Relationship": "Inner", "Scan Direction": "Forward", "Index Name": "movie_id_movie_info", "Relation Name": "movie_info", "Alias": "mi", "Startup Cost": 0.0, "Total Cost": 2.46, "Plan Rows": 1, "Plan Width": 8, "Index Cond": "(movie_id = t.id)", "Filter": "((info)::text = ANY ('{USA,America}'::text[]))"}]}, {"Node Type": "Index Only Scan", "Parent Relationship": "Inner", "Scan Direction": "Forward", "Index Name": "info_type_pkey", "Relation Name": "info_type", "Alias": "it", "Startup Cost": 0.0, "Total Cost": 0.27, "Plan Rows": 1, "Plan Width": 4, "Index Cond": "(id = mi.info_type_id)"}]}]}, "Unique SQL Id": 328306525, "Planner Runtime": 8}, "explain_analyze_plan": {"Plan": {"Node Type": "Aggregate", "Strategy": "Plain", "Startup Cost": 19173.9, "Total Cost": 19173.91, "Plan Rows": 1, "Plan Width": 49, "Actual Min Startup Time": 83.27, "Actual Max Startup Time": 83.27, "Actual Min Total Time": 83.271, "Actual Max Total Time": 83.271, "Plans": [{"Node Type": "Nested Loop", "Parent Relationship": "Outer", "Join Type": "Inner", "Startup Cost": 0.0, "Total Cost": 19173.84, "Plan Rows": 24, "Plan Width": 17, "Actual Min Startup Time": 83.259, "Actual Max Startup Time": 83.259, "Actual Min Total Time": 83.259, "Actual Max Total Time": 83.259, "Inner Unique": true, "Plans": [{"Node Type": "Nested Loop", "Parent Relationship": "Outer", "Join Type": "Inner", "Startup Cost": 0.0, "Total Cost": 19167.12, "Plan Rows": 24, "Plan Width": 21, "Actual Min Startup Time": 83.257, "Actual Max Startup Time": 83.257, "Actual Min Total Time": 83.257, "Actual Max Total Time": 83.257, "Inner Unique": false, "Plans": [{"Node Type": "Nested Loop", "Parent Relationship": "Outer", "Join Type": "Inner", "Startup Cost": 0.0, "Total Cost": 19088.13, "Plan Rows": 32, "Plan Width": 25, "Actual Min Startup Time": 83.256, "Actual Max Startup Time": 83.256, "Actual Min Total Time": 83.256, "Actual Max Total Time": 83.256, "Inner Unique": true, "Plans": [{"Node Type": "Nested Loop", "Parent Relationship": "Outer", "Join Type": "Inner", "Startup Cost": 0.0, "Total Cost": 18839.66, "Plan Rows": 30, "Plan Width": 4, "Actual Min Startup Time": 83.256, "Actual Max Startup Time": 83.256, "Actual Min Total Time": 83.256, "Actual Max Total Time": 83.256, "Inner Unique": false, "Join Filter": "(ct.id = mc.company_type_id)", "Rows Removed by Join Filter": 1418, "Plans": [{"Node Type": "Seq Scan", "Parent Relationship": "Outer", "Relation Name": "company_type", "Alias": "ct", "Startup Cost": 0.0, "Total Cost": 1.04, "Plan Rows": 1, "Plan Width": 4, "Actual Min Startup Time": 0.047, "Actual Max Startup Time": 0.047, "Actual Min Total Time": 0.05, "Actual Max Total Time": 0.05, "Filter": "((kind)::text = 'production companies'::text)", "Rows Removed by Filter": 2, "Actual Rows": 1}, {"Node Type": "Materialize", "Parent Relationship": "Inner", "Startup Cost": 0.0, "Total Cost": 18838.03, "Plan Rows": 59, "Plan Width": 8, "Actual Min Startup Time": 82.738, "Actual Max Startup Time": 82.738, "Actual Min Total Time": 82.874, "Actual Max Total Time": 82.874, "Plans": [{"Node Type": "Streaming(type: LOCAL GATHER dop: 1/16)", "Parent Relationship": "Outer", "Startup Cost": 0.0, "Total Cost": 18837.88, "Plan Rows": 59, "Plan Width": 8, "Actual Min Startup Time": 41.394, "Actual Max Startup Time": 41.394, "Actual Min Total Time": 82.488, "Actual Max Total Time": 82.488, "Plans": [{"Node Type": "Seq Scan", "Parent Relationship": "Outer", "Relation Name": "movie_companies", "Alias": "mc", "Startup Cost": 0.0, "Total Cost": 18836.61, "Plan Rows": 59, "Plan Width": 8, "Actual Min Startup Time": 0.994, "Actual Max Startup Time": 12.189, "Actual Min Total Time": 54.261, "Actual Max Total Time": 60.78, "Filter": "(((note)::text ~~ '%(VHS)%'::text) AND ((note)::text ~~ '%(USA)%'::text) AND ((note)::text ~~ '%(1994)%'::text))", "Rows Removed by Filter": 2607710, "Actual Rows": 1418}], "Actual Rows": 1418}], "Actual Rows": 1419}], "Actual Rows": 0}, {"Node Type": "Index Scan", "Parent Relationship": "Inner", "Scan Direction": "Forward", "Index Name": "title_pkey", "Relation Name": "title", "Alias": "t", "Startup Cost": 0.0, "Total Cost": 8.27, "Plan Rows": 1, "Plan Width": 21, "Actual Startup Time": 0.0, "Actual Total Time": 0.0, "Index Cond": "(id = mc.movie_id)", "Rows Removed by Index Recheck": 0, "Filter": "(production_year > 2010)", "Rows Removed by Filter": 0}], "Actual Rows": 0}, {"Node Type": "Index Scan", "Parent Relationship": "Inner", "Scan Direction": "Forward", "Index Name": "movie_id_movie_info", "Relation Name": "movie_info", "Alias": "mi", "Startup Cost": 0.0, "Total Cost": 2.46, "Plan Rows": 1, "Plan Width": 8, "Actual Startup Time": 0.0, "Actual Total Time": 0.0, "Index Cond": "(movie_id = t.id)", "Rows Removed by Index Recheck": 0, "Filter": "((info)::text = ANY ('{USA,America}'::text[]))", "Rows Removed by Filter": 0}], "Actual Rows": 0}, {"Node Type": "Index Only Scan", "Parent Relationship": "Inner", "Scan Direction": "Forward", "Index Name": "info_type_pkey", "Relation Name": "info_type", "Alias": "it", "Startup Cost": 0.0, "Total Cost": 0.27, "Plan Rows": 1, "Plan Width": 4, "Actual Startup Time": 0.0, "Actual Total Time": 0.0, "Index Cond": "(id = mi.info_type_id)", "Rows Removed by Index Recheck": 0, "Heap Fetches": 0}], "Actual Rows": 0}], "Actual Rows": 1}, "Triggers": [], "Planner Runtime": 10.123, "Total Runtime": 85.75, "Unique SQL Id": 328306525}}, "(16, '33')": {"explain_plan": {"Plan": {"Node Type": "Aggregate", "Strategy": "Plain", "Startup Cost": 85293.18, "Total Cost": 85293.19, "Plan Rows": 1, "Plan Width": 49, "Plans": [{"Node Type": "Nested Loop", "Parent Relationship": "Outer", "Join Type": "Inner", "Startup Cost": 0.0, "Total Cost": 85293.12, "Plan Rows": 24, "Plan Width": 17, "Inner Unique": true, "Plans": [{"Node Type": "Nested Loop", "Parent Relationship": "Outer", "Join Type": "Inner", "Startup Cost": 0.0, "Total Cost": 85286.4, "Plan Rows": 24, "Plan Width": 21, "Inner Unique": false, "Plans": [{"Node Type": "Nested Loop", "Parent Relationship": "Outer", "Join Type": "Inner", "Startup Cost": 0.0, "Total Cost": 85207.41, "Plan Rows": 32, "Plan Width": 25, "Inner Unique": true, "Plans": [{"Node Type": "Nested Loop", "Parent Relationship": "Outer", "Join Type": "Inner", "Startup Cost": 0.0, "Total Cost": 84958.94, "Plan Rows": 30, "Plan Width": 4, "Inner Unique": false, "Join Filter": "(ct.id = mc.company_type_id)", "Plans": [{"Node Type": "Index Scan", "Parent Relationship": "Outer", "Scan Direction": "Forward", "Index Name": "company_type_pkey", "Relation Name": "company_type", "Alias": "ct", "Startup Cost": 0.0, "Total Cost": 12.3, "Plan Rows": 1, "Plan Width": 4, "Filter": "((kind)::text = 'production companies'::text)"}, {"Node Type": "Materialize", "Parent Relationship": "Inner", "Startup Cost": 0.0, "Total Cost": 84946.04, "Plan Rows": 59, "Plan Width": 8, "Plans": [{"Node Type": "Streaming(type: LOCAL GATHER dop: 1/16)", "Parent Relationship": "Outer", "Startup Cost": 0.0, "Total Cost": 84945.9, "Plan Rows": 59, "Plan Width": 8, "Plans": [{"Node Type": "Index Scan", "Parent Relationship": "Outer", "Scan Direction": "Forward", "Index Name": "company_type_id_movie_companies", "Relation Name": "movie_companies", "Alias": "mc", "Startup Cost": 0.0, "Total Cost": 84944.62, "Plan Rows": 59, "Plan Width": 8, "Filter": "(((note)::text ~~ '%(VHS)%'::text) AND ((note)::text ~~ '%(USA)%'::text) AND ((note)::text ~~ '%(1994)%'::text))"}]}]}]}, {"Node Type": "Index Scan", "Parent Relationship": "Inner", "Scan Direction": "Forward", "Index Name": "title_pkey", "Relation Name": "title", "Alias": "t", "Startup Cost": 0.0, "Total Cost": 8.27, "Plan Rows": 1, "Plan Width": 21, "Index Cond": "(id = mc.movie_id)", "Filter": "(production_year > 2010)"}]}, {"Node Type": "Index Scan", "Parent Relationship": "Inner", "Scan Direction": "Forward", "Index Name": "movie_id_movie_info", "Relation Name": "movie_info", "Alias": "mi", "Startup Cost": 0.0, "Total Cost": 2.46, "Plan Rows": 1, "Plan Width": 8, "Index Cond": "(movie_id = t.id)", "Filter": "((info)::text = ANY ('{USA,America}'::text[]))"}]}, {"Node Type": "Index Only Scan", "Parent Relationship": "Inner", "Scan Direction": "Forward", "Index Name": "info_type_pkey", "Relation Name": "info_type", "Alias": "it", "Startup Cost": 0.0, "Total Cost": 0.27, "Plan Rows": 1, "Plan Width": 4, "Index Cond": "(id = mi.info_type_id)"}]}]}, "Unique SQL Id": 328306525, "Planner Runtime": 7}, "explain_analyze_plan": {"Plan": {"Node Type": "Aggregate", "Strategy": "Plain", "Startup Cost": 85293.18, "Total Cost": 85293.19, "Plan Rows": 1, "Plan Width": 49, "Actual Min Startup Time": 150.989, "Actual Max Startup Time": 150.989, "Actual Min Total Time": 150.989, "Actual Max Total Time": 150.989, "Plans": [{"Node Type": "Nested Loop", "Parent Relationship": "Outer", "Join Type": "Inner", "Startup Cost": 0.0, "Total Cost": 85293.12, "Plan Rows": 24, "Plan Width": 17, "Actual Min Startup Time": 150.979, "Actual Max Startup Time": 150.979, "Actual Min Total Time": 150.979, "Actual Max Total Time": 150.979, "Inner Unique": true, "Plans": [{"Node Type": "Nested Loop", "Parent Relationship": "Outer", "Join Type": "Inner", "Startup Cost": 0.0, "Total Cost": 85286.4, "Plan Rows": 24, "Plan Width": 21, "Actual Min Startup Time": 150.977, "Actual Max Startup Time": 150.977, "Actual Min Total Time": 150.977, "Actual Max Total Time": 150.977, "Inner Unique": false, "Plans": [{"Node Type": "Nested Loop", "Parent Relationship": "Outer", "Join Type": "Inner", "Startup Cost": 0.0, "Total Cost": 85207.41, "Plan Rows": 32, "Plan Width": 25, "Actual Min Startup Time": 150.977, "Actual Max Startup Time": 150.977, "Actual Min Total Time": 150.977, "Actual Max Total Time": 150.977, "Inner Unique": true, "Plans": [{"Node Type": "Nested Loop", "Parent Relationship": "Outer", "Join Type": "Inner", "Startup Cost": 0.0, "Total Cost": 84958.94, "Plan Rows": 30, "Plan Width": 4, "Actual Min Startup Time": 150.976, "Actual Max Startup Time": 150.976, "Actual Min Total Time": 150.976, "Actual Max Total Time": 150.976, "Inner Unique": false, "Join Filter": "(ct.id = mc.company_type_id)", "Rows Removed by Join Filter": 1418, "Plans": [{"Node Type": "Index Scan", "Parent Relationship": "Outer", "Scan Direction": "Forward", "Index Name": "company_type_pkey", "Relation Name": "company_type", "Alias": "ct", "Startup Cost": 0.0, "Total Cost": 12.3, "Plan Rows": 1, "Plan Width": 4, "Actual Min Startup Time": 0.046, "Actual Max Startup Time": 0.046, "Actual Min Total Time": 0.05, "Actual Max Total Time": 0.05, "Filter": "((kind)::text = 'production companies'::text)", "Rows Removed by Filter": 2, "Actual Rows": 1}, {"Node Type": "Materialize", "Parent Relationship": "Inner", "Startup Cost": 0.0, "Total Cost": 84946.04, "Plan Rows": 59, "Plan Width": 8, "Actual Min Startup Time": 150.438, "Actual Max Startup Time": 150.438, "Actual Min Total Time": 150.602, "Actual Max Total Time": 150.602, "Plans": [{"Node Type": "Streaming(type: LOCAL GATHER dop: 1/16)", "Parent Relationship": "Outer", "Startup Cost": 0.0, "Total Cost": 84945.9, "Plan Rows": 59, "Plan Width": 8, "Actual Min Startup Time": 66.76, "Actual Max Startup Time": 66.76, "Actual Min Total Time": 150.176, "Actual Max Total Time": 150.176, "Plans": [{"Node Type": "Index Scan", "Parent Relationship": "Outer", "Scan Direction": "Forward", "Index Name": "company_type_id_movie_companies", "Relation Name": "movie_companies", "Alias": "mc", "Startup Cost": 0.0, "Total Cost": 84944.62, "Plan Rows": 59, "Plan Width": 8, "Actual Min Startup Time": 16.096, "Actual Max Startup Time": 90.09, "Actual Min Total Time": 86.621, "Actual Max Total Time": 133.227, "Filter": "(((note)::text ~~ '%(VHS)%'::text) AND ((note)::text ~~ '%(USA)%'::text) AND ((note)::text ~~ '%(1994)%'::text))", "Rows Removed by Filter": 2607710, "Actual Rows": 1418}], "Actual Rows": 1418}], "Actual Rows": 1419}], "Actual Rows": 0}, {"Node Type": "Index Scan", "Parent Relationship": "Inner", "Scan Direction": "Forward", "Index Name": "title_pkey", "Relation Name": "title", "Alias": "t", "Startup Cost": 0.0, "Total Cost": 8.27, "Plan Rows": 1, "Plan Width": 21, "Actual Startup Time": 0.0, "Actual Total Time": 0.0, "Index Cond": "(id = mc.movie_id)", "Rows Removed by Index Recheck": 0, "Filter": "(production_year > 2010)", "Rows Removed by Filter": 0}], "Actual Rows": 0}, {"Node Type": "Index Scan", "Parent Relationship": "Inner", "Scan Direction": "Forward", "Index Name": "movie_id_movie_info", "Relation Name": "movie_info", "Alias": "mi", "Startup Cost": 0.0, "Total Cost": 2.46, "Plan Rows": 1, "Plan Width": 8, "Actual Startup Time": 0.0, "Actual Total Time": 0.0, "Index Cond": "(movie_id = t.id)", "Rows Removed by Index Recheck": 0, "Filter": "((info)::text = ANY ('{USA,America}'::text[]))", "Rows Removed by Filter": 0}], "Actual Rows": 0}, {"Node Type": "Index Only Scan", "Parent Relationship": "Inner", "Scan Direction": "Forward", "Index Name": "info_type_pkey", "Relation Name": "info_type", "Alias": "it", "Startup Cost": 0.0, "Total Cost": 0.27, "Plan Rows": 1, "Plan Width": 4, "Actual Startup Time": 0.0, "Actual Total Time": 0.0, "Index Cond": "(id = mi.info_type_id)", "Rows Removed by Index Recheck": 0, "Heap Fetches": 0}], "Actual Rows": 0}], "Actual Rows": 1}, "Triggers": [], "Planner Runtime": 9.823, "Total Runtime": 153.389, "Unique SQL Id": 328306525}}, "(16, '34')": {"explain_plan": {"Plan": {"Node Type": "Aggregate", "Strategy": "Plain", "Startup Cost": 19289.21, "Total Cost": 19289.22, "Plan Rows": 1, "Plan Width": 49, "Plans": [{"Node Type": "Nested Loop", "Parent Relationship": "Outer", "Join Type": "Inner", "Startup Cost": 5.13, "Total Cost": 19289.15, "Plan Rows": 24, "Plan Width": 17, "Inner Unique": false, "Join Filter": "(mi.info_type_id = it.id)", "Plans": [{"Node Type": "Seq Scan", "Parent Relationship": "Outer", "Relation Name": "info_type", "Alias": "it", "Startup Cost": 0.0, "Total Cost": 2.12, "Plan Rows": 112, "Plan Width": 4}, {"Node Type": "Materialize", "Parent Relationship": "Inner", "Startup Cost": 5.13, "Total Cost": 19246.77, "Plan Rows": 24, "Plan Width": 21, "Plans": [{"Node Type": "Nested Loop", "Parent Relationship": "Outer", "Join Type": "Inner", "Startup Cost": 5.13, "Total Cost": 19246.65, "Plan Rows": 24, "Plan Width": 21, "Inner Unique": false, "Plans": [{"Node Type": "Nested Loop", "Parent Relationship": "Outer", "Join Type": "Inner", "Startup Cost": 4.26, "Total Cost": 19088.14, "Plan Rows": 32, "Plan Width": 25, "Inner Unique": true, "Plans": [{"Node Type": "Nested Loop", "Parent Relationship": "Outer", "Join Type": "Inner", "Startup Cost": 0.0, "Total Cost": 18839.66, "Plan Rows": 30, "Plan Width": 4, "Inner Unique": false, "Join Filter": "(ct.id = mc.company_type_id)", "Plans": [{"Node Type": "Seq Scan", "Parent Relationship": "Outer", "Relation Name": "company_type", "Alias": "ct", "Startup Cost": 0.0, "Total Cost": 1.04, "Plan Rows": 1, "Plan Width": 4, "Filter": "((kind)::text = 'production companies'::text)"}, {"Node Type": "Materialize", "Parent Relationship": "Inner", "Startup Cost": 0.0, "Total Cost": 18838.03, "Plan Rows": 59, "Plan Width": 8, "Plans": [{"Node Type": "Streaming(type: LOCAL GATHER dop: 1/16)", "Parent Relationship": "Outer", "Startup Cost": 0.0, "Total Cost": 18837.88, "Plan Rows": 59, "Plan Width": 8, "Plans": [{"Node Type": "Seq Scan", "Parent Relationship": "Outer", "Relation Name": "movie_companies", "Alias": "mc", "Startup Cost": 0.0, "Total Cost": 18836.61, "Plan Rows": 59, "Plan Width": 8, "Filter": "(((note)::text ~~ '%(VHS)%'::text) AND ((note)::text ~~ '%(USA)%'::text) AND ((note)::text ~~ '%(1994)%'::text))"}]}]}]}, {"Node Type": "Bitmap Heap Scan", "Parent Relationship": "Inner", "Relation Name": "title", "Alias": "t", "Startup Cost": 4.26, "Total Cost": 8.27, "Plan Rows": 1, "Plan Width": 21, "Recheck Cond": "(id = mc.movie_id)", "Filter": "(production_year > 2010)", "Plans": [{"Node Type": "Bitmap Index Scan", "Parent Relationship": "Outer", "Index Name": "title_pkey", "Startup Cost": 0.0, "Total Cost": 4.26, "Plan Rows": 1, "Plan Width": 0, "Index Cond": "(id = mc.movie_id)"}]}]}, {"Node Type": "Bitmap Heap Scan", "Parent Relationship": "Inner", "Relation Name": "movie_info", "Alias": "mi", "Startup Cost": 0.87, "Total Cost": 4.94, "Plan Rows": 1, "Plan Width": 8, "Recheck Cond": "(movie_id = t.id)", "Filter": "((info)::text = ANY ('{USA,America}'::text[]))", "Plans": [{"Node Type": "Bitmap Index Scan", "Parent Relationship": "Outer", "Index Name": "movie_id_movie_info", "Startup Cost": 0.0, "Total Cost": 0.87, "Plan Rows": 5, "Plan Width": 0, "Index Cond": "(movie_id = t.id)"}]}]}]}]}]}, "Unique SQL Id": 328306525, "Planner Runtime": 9}, "explain_analyze_plan": {"Plan": {"Node Type": "Aggregate", "Strategy": "Plain", "Startup Cost": 19289.21, "Total Cost": 19289.22, "Plan Rows": 1, "Plan Width": 49, "Actual Min Startup Time": 79.845, "Actual Max Startup Time": 79.845, "Actual Min Total Time": 79.845, "Actual Max Total Time": 79.845, "Plans": [{"Node Type": "Nested Loop", "Parent Relationship": "Outer", "Join Type": "Inner", "Startup Cost": 5.13, "Total Cost": 19289.15, "Plan Rows": 24, "Plan Width": 17, "Actual Min Startup Time": 79.836, "Actual Max Startup Time": 79.836, "Actual Min Total Time": 79.836, "Actual Max Total Time": 79.836, "Inner Unique": false, "Join Filter": "(mi.info_type_id = it.id)", "Rows Removed by Join Filter": 0, "Plans": [{"Node Type": "Seq Scan", "Parent Relationship": "Outer", "Relation Name": "info_type", "Alias": "it", "Startup Cost": 0.0, "Total Cost": 2.12, "Plan Rows": 112, "Plan Width": 4, "Actual Min Startup Time": 0.032, "Actual Max Startup Time": 0.032, "Actual Min Total Time": 0.05, "Actual Max Total Time": 0.05, "Actual Rows": 112}, {"Node Type": "Materialize", "Parent Relationship": "Inner", "Startup Cost": 5.13, "Total Cost": 19246.77, "Plan Rows": 24, "Plan Width": 21, "Actual Min Startup Time": 79.761, "Actual Max Startup Time": 79.761, "Actual Min Total Time": 79.761, "Actual Max Total Time": 79.761, "Plans": [{"Node Type": "Nested Loop", "Parent Relationship": "Outer", "Join Type": "Inner", "Startup Cost": 5.13, "Total Cost": 19246.65, "Plan Rows": 24, "Plan Width": 21, "Actual Min Startup Time": 79.749, "Actual Max Startup Time": 79.749, "Actual Min Total Time": 79.749, "Actual Max Total Time": 79.749, "Inner Unique": false, "Plans": [{"Node Type": "Nested Loop", "Parent Relationship": "Outer", "Join Type": "Inner", "Startup Cost": 4.26, "Total Cost": 19088.14, "Plan Rows": 32, "Plan Width": 25, "Actual Min Startup Time": 79.748, "Actual Max Startup Time": 79.748, "Actual Min Total Time": 79.748, "Actual Max Total Time": 79.748, "Inner Unique": true, "Plans": [{"Node Type": "Nested Loop", "Parent Relationship": "Outer", "Join Type": "Inner", "Startup Cost": 0.0, "Total Cost": 18839.66, "Plan Rows": 30, "Plan Width": 4, "Actual Min Startup Time": 79.747, "Actual Max Startup Time": 79.747, "Actual Min Total Time": 79.747, "Actual Max Total Time": 79.747, "Inner Unique": false, "Join Filter": "(ct.id = mc.company_type_id)", "Rows Removed by Join Filter": 1418, "Plans": [{"Node Type": "Seq Scan", "Parent Relationship": "Outer", "Relation Name": "company_type", "Alias": "ct", "Startup Cost": 0.0, "Total Cost": 1.04, "Plan Rows": 1, "Plan Width": 4, "Actual Min Startup Time": 0.041, "Actual Max Startup Time": 0.041, "Actual Min Total Time": 0.044, "Actual Max Total Time": 0.044, "Filter": "((kind)::text = 'production companies'::text)", "Rows Removed by Filter": 2, "Actual Rows": 1}, {"Node Type": "Materialize", "Parent Relationship": "Inner", "Startup Cost": 0.0, "Total Cost": 18838.03, "Plan Rows": 59, "Plan Width": 8, "Actual Min Startup Time": 79.237, "Actual Max Startup Time": 79.237, "Actual Min Total Time": 79.366, "Actual Max Total Time": 79.366, "Plans": [{"Node Type": "Streaming(type: LOCAL GATHER dop: 1/16)", "Parent Relationship": "Outer", "Startup Cost": 0.0, "Total Cost": 18837.88, "Plan Rows": 59, "Plan Width": 8, "Actual Min Startup Time": 41.667, "Actual Max Startup Time": 41.667, "Actual Min Total Time": 78.971, "Actual Max Total Time": 78.971, "Plans": [{"Node Type": "Seq Scan", "Parent Relationship": "Outer", "Relation Name": "movie_companies", "Alias": "mc", "Startup Cost": 0.0, "Total Cost": 18836.61, "Plan Rows": 59, "Plan Width": 8, "Actual Min Startup Time": 0.983, "Actual Max Startup Time": 12.222, "Actual Min Total Time": 54.232, "Actual Max Total Time": 60.749, "Filter": "(((note)::text ~~ '%(VHS)%'::text) AND ((note)::text ~~ '%(USA)%'::text) AND ((note)::text ~~ '%(1994)%'::text))", "Rows Removed by Filter": 2607710, "Actual Rows": 1418}], "Actual Rows": 1418}], "Actual Rows": 1419}], "Actual Rows": 0}, {"Node Type": "Bitmap Heap Scan", "Parent Relationship": "Inner", "Relation Name": "title", "Alias": "t", "Startup Cost": 4.26, "Total Cost": 8.27, "Plan Rows": 1, "Plan Width": 21, "Actual Startup Time": 0.0, "Actual Total Time": 0.0, "Recheck Cond": "(id = mc.movie_id)", "Rows Removed by Index Recheck": 0, "Filter": "(production_year > 2010)", "Rows Removed by Filter": 0, "Exact Heap Blocks": 0, "Lossy Heap Blocks": 0, "Plans": [{"Node Type": "Bitmap Index Scan", "Parent Relationship": "Outer", "Index Name": "title_pkey", "Startup Cost": 0.0, "Total Cost": 4.26, "Plan Rows": 1, "Plan Width": 0, "Actual Startup Time": 0.0, "Actual Total Time": 0.0, "Index Cond": "(id = mc.movie_id)"}]}], "Actual Rows": 0}, {"Node Type": "Bitmap Heap Scan", "Parent Relationship": "Inner", "Relation Name": "movie_info", "Alias": "mi", "Startup Cost": 0.87, "Total Cost": 4.94, "Plan Rows": 1, "Plan Width": 8, "Actual Startup Time": 0.0, "Actual Total Time": 0.0, "Recheck Cond": "(movie_id = t.id)", "Rows Removed by Index Recheck": 0, "Filter": "((info)::text = ANY ('{USA,America}'::text[]))", "Rows Removed by Filter": 0, "Exact Heap Blocks": 0, "Lossy Heap Blocks": 0, "Plans": [{"Node Type": "Bitmap Index Scan", "Parent Relationship": "Outer", "Index Name": "movie_id_movie_info", "Startup Cost": 0.0, "Total Cost": 0.87, "Plan Rows": 5, "Plan Width": 0, "Actual Startup Time": 0.0, "Actual Total Time": 0.0, "Index Cond": "(movie_id = t.id)"}]}], "Actual Rows": 0}], "Actual Rows": 0}], "Actual Rows": 0}], "Actual Rows": 1}, "Triggers": [], "Planner Runtime": 11.234, "Total Runtime": 82.33, "Unique SQL Id": 328306525}}, "(16, '35')": {"explain_plan": {"Plan": {"Node Type": "Aggregate", "Strategy": "Plain", "Startup Cost": 71749.13, "Total Cost": 71749.14, "Plan Rows": 1, "Plan Width": 49, "Plans": [{"Node Type": "Nested Loop", "Parent Relationship": "Outer", "Join Type": "Inner", "Startup Cost": 28957.62, "Total Cost": 71749.07, "Plan Rows": 24, "Plan Width": 17, "Inner Unique": true, "Plans": [{"Node Type": "Nested Loop", "Parent Relationship": "Outer", "Join Type": "Inner", "Startup Cost": 28957.36, "Total Cost": 71646.35, "Plan Rows": 24, "Plan Width": 21, "Inner Unique": true, "Plans": [{"Node Type": "Nested Loop", "Parent Relationship": "Outer", "Join Type": "Inner", "Startup Cost": 28957.04, "Total Cost": 71502.93, "Plan Rows": 33, "Plan Width": 12, "Inner Unique": false, "Plans": [{"Node Type": "Nested Loop", "Parent Relationship": "Outer", "Join Type": "Inner", "Startup Cost": 28952.75, "Total Cost": 70774.36, "Plan Rows": 30, "Plan Width": 4, "Inner Unique": false, "Plans": [{"Node Type": "Bitmap Heap Scan", "Parent Relationship": "Outer", "Relation Name": "company_type", "Alias": "ct", "Startup Cost": 8.27, "Total Cost": 12.3, "Plan Rows": 1, "Plan Width": 4, "Filter": "((kind)::text = 'production companies'::text)", "Plans": [{"Node Type": "Bitmap Index Scan", "Parent Relationship": "Outer", "Index Name": "company_type_pkey", "Startup Cost": 0.0, "Total Cost": 8.27, "Plan Rows": 3, "Plan Width": 0}]}, {"Node Type": "Bitmap Heap Scan", "Parent Relationship": "Inner", "Relation Name": "movie_companies", "Alias": "mc", "Startup Cost": 28944.49, "Total Cost": 70761.77, "Plan Rows": 29, "Plan Width": 8, "Recheck Cond": "(company_type_id = ct.id)", "Filter": "(((note)::text ~~ '%(VHS)%'::text) AND ((note)::text ~~ '%(USA)%'::text) AND ((note)::text ~~ '%(1994)%'::text))", "Plans": [{"Node Type": "Bitmap Index Scan", "Parent Relationship": "Outer", "Index Name": "company_type_id_movie_companies", "Startup Cost": 0.0, "Total Cost": 28944.48, "Plan Rows": 1304564, "Plan Width": 0, "Index Cond": "(company_type_id = ct.id)"}]}]}, {"Node Type": "Bitmap Heap Scan", "Parent Relationship": "Inner", "Relation Name": "movie_info", "Alias": "mi", "Startup Cost": 4.29, "Total Cost": 24.28, "Plan Rows": 1, "Plan Width": 8, "Recheck Cond": "(movie_id = mc.movie_id)", "Filter": "((info)::text = ANY ('{USA,America}'::text[]))", "Plans": [{"Node Type": "Bitmap Index Scan", "Parent Relationship": "Outer", "Index Name": "movie_id_movie_info", "Startup Cost": 0.0, "Total Cost": 4.29, "Plan Rows": 5, "Plan Width": 0, "Index Cond": "(movie_id = mc.movie_id)"}]}]}, {"Node Type": "Bitmap Heap Scan", "Parent Relationship": "Inner", "Relation Name": "title", "Alias": "t", "Startup Cost": 0.32, "Total Cost": 4.34, "Plan Rows": 1, "Plan Width": 21, "Recheck Cond": "(id = mi.movie_id)", "Filter": "(production_year > 2010)", "Plans": [{"Node Type": "Bitmap Index Scan", "Parent Relationship": "Outer", "Index Name": "title_pkey", "Startup Cost": 0.0, "Total Cost": 0.32, "Plan Rows": 1, "Plan Width": 0, "Index Cond": "(id = mi.movie_id)"}]}]}, {"Node Type": "Bitmap Heap Scan", "Parent Relationship": "Inner", "Relation Name": "info_type", "Alias": "it", "Startup Cost": 0.26, "Total Cost": 4.27, "Plan Rows": 1, "Plan Width": 4, "Recheck Cond": "(id = mi.info_type_id)", "Plans": [{"Node Type": "Bitmap Index Scan", "Parent Relationship": "Outer", "Index Name": "info_type_pkey", "Startup Cost": 0.0, "Total Cost": 0.26, "Plan Rows": 1, "Plan Width": 0, "Index Cond": "(id = mi.info_type_id)"}]}]}]}, "Unique SQL Id": 328306525, "Planner Runtime": 4}, "explain_analyze_plan": null}, "(16, '36')": {"explain_plan": {"Plan": {"Node Type": "Aggregate", "Strategy": "Plain", "Startup Cost": 19173.9, "Total Cost": 19173.91, "Plan Rows": 1, "Plan Width": 49, "Plans": [{"Node Type": "Nested Loop", "Parent Relationship": "Outer", "Join Type": "Inner", "Startup Cost": 0.0, "Total Cost": 19173.84, "Plan Rows": 24, "Plan Width": 17, "Inner Unique": true, "Plans": [{"Node Type": "Nested Loop", "Parent Relationship": "Outer", "Join Type": "Inner", "Startup Cost": 0.0, "Total Cost": 19167.12, "Plan Rows": 24, "Plan Width": 21, "Inner Unique": false, "Plans": [{"Node Type": "Nested Loop", "Parent Relationship": "Outer", "Join Type": "Inner", "Startup Cost": 0.0, "Total Cost": 19088.13, "Plan Rows": 32, "Plan Width": 25, "Inner Unique": true, "Plans": [{"Node Type": "Nested Loop", "Parent Relationship": "Outer", "Join Type": "Inner", "Startup Cost": 0.0, "Total Cost": 18839.66, "Plan Rows": 30, "Plan Width": 4, "Inner Unique": false, "Join Filter": "(ct.id = mc.company_type_id)", "Plans": [{"Node Type": "Seq Scan", "Parent Relationship": "Outer", "Relation Name": "company_type", "Alias": "ct", "Startup Cost": 0.0, "Total Cost": 1.04, "Plan Rows": 1, "Plan Width": 4, "Filter": "((kind)::text = 'production companies'::text)"}, {"Node Type": "Materialize", "Parent Relationship": "Inner", "Startup Cost": 0.0, "Total Cost": 18838.03, "Plan Rows": 59, "Plan Width": 8, "Plans": [{"Node Type": "Streaming(type: LOCAL GATHER dop: 1/16)", "Parent Relationship": "Outer", "Startup Cost": 0.0, "Total Cost": 18837.88, "Plan Rows": 59, "Plan Width": 8, "Plans": [{"Node Type": "Seq Scan", "Parent Relationship": "Outer", "Relation Name": "movie_companies", "Alias": "mc", "Startup Cost": 0.0, "Total Cost": 18836.61, "Plan Rows": 59, "Plan Width": 8, "Filter": "(((note)::text ~~ '%(VHS)%'::text) AND ((note)::text ~~ '%(USA)%'::text) AND ((note)::text ~~ '%(1994)%'::text))"}]}]}]}, {"Node Type": "Index Scan", "Parent Relationship": "Inner", "Scan Direction": "Forward", "Index Name": "title_pkey", "Relation Name": "title", "Alias": "t", "Startup Cost": 0.0, "Total Cost": 8.27, "Plan Rows": 1, "Plan Width": 21, "Index Cond": "(id = mc.movie_id)", "Filter": "(production_year > 2010)"}]}, {"Node Type": "Index Scan", "Parent Relationship": "Inner", "Scan Direction": "Forward", "Index Name": "movie_id_movie_info", "Relation Name": "movie_info", "Alias": "mi", "Startup Cost": 0.0, "Total Cost": 2.46, "Plan Rows": 1, "Plan Width": 8, "Index Cond": "(movie_id = t.id)", "Filter": "((info)::text = ANY ('{USA,America}'::text[]))"}]}, {"Node Type": "Index Scan", "Parent Relationship": "Inner", "Scan Direction": "Forward", "Index Name": "info_type_pkey", "Relation Name": "info_type", "Alias": "it", "Startup Cost": 0.0, "Total Cost": 0.27, "Plan Rows": 1, "Plan Width": 4, "Index Cond": "(id = mi.info_type_id)"}]}]}, "Unique SQL Id": 328306525, "Planner Runtime": 8}, "explain_analyze_plan": {"Plan": {"Node Type": "Aggregate", "Strategy": "Plain", "Startup Cost": 19173.9, "Total Cost": 19173.91, "Plan Rows": 1, "Plan Width": 49, "Actual Min Startup Time": 82.106, "Actual Max Startup Time": 82.106, "Actual Min Total Time": 82.107, "Actual Max Total Time": 82.107, "Plans": [{"Node Type": "Nested Loop", "Parent Relationship": "Outer", "Join Type": "Inner", "Startup Cost": 0.0, "Total Cost": 19173.84, "Plan Rows": 24, "Plan Width": 17, "Actual Min Startup Time": 82.087, "Actual Max Startup Time": 82.087, "Actual Min Total Time": 82.087, "Actual Max Total Time": 82.087, "Inner Unique": true, "Plans": [{"Node Type": "Nested Loop", "Parent Relationship": "Outer", "Join Type": "Inner", "Startup Cost": 0.0, "Total Cost": 19167.12, "Plan Rows": 24, "Plan Width": 21, "Actual Min Startup Time": 82.085, "Actual Max Startup Time": 82.085, "Actual Min Total Time": 82.085, "Actual Max Total Time": 82.085, "Inner Unique": false, "Plans": [{"Node Type": "Nested Loop", "Parent Relationship": "Outer", "Join Type": "Inner", "Startup Cost": 0.0, "Total Cost": 19088.13, "Plan Rows": 32, "Plan Width": 25, "Actual Min Startup Time": 82.085, "Actual Max Startup Time": 82.085, "Actual Min Total Time": 82.085, "Actual Max Total Time": 82.085, "Inner Unique": true, "Plans": [{"Node Type": "Nested Loop", "Parent Relationship": "Outer", "Join Type": "Inner", "Startup Cost": 0.0, "Total Cost": 18839.66, "Plan Rows": 30, "Plan Width": 4, "Actual Min Startup Time": 82.084, "Actual Max Startup Time": 82.084, "Actual Min Total Time": 82.084, "Actual Max Total Time": 82.084, "Inner Unique": false, "Join Filter": "(ct.id = mc.company_type_id)", "Rows Removed by Join Filter": 1418, "Plans": [{"Node Type": "Seq Scan", "Parent Relationship": "Outer", "Relation Name": "company_type", "Alias": "ct", "Startup Cost": 0.0, "Total Cost": 1.04, "Plan Rows": 1, "Plan Width": 4, "Actual Min Startup Time": 0.038, "Actual Max Startup Time": 0.038, "Actual Min Total Time": 0.041, "Actual Max Total Time": 0.041, "Filter": "((kind)::text = 'production companies'::text)", "Rows Removed by Filter": 2, "Actual Rows": 1}, {"Node Type": "Materialize", "Parent Relationship": "Inner", "Startup Cost": 0.0, "Total Cost": 18838.03, "Plan Rows": 59, "Plan Width": 8, "Actual Min Startup Time": 81.576, "Actual Max Startup Time": 81.576, "Actual Min Total Time": 81.713, "Actual Max Total Time": 81.713, "Plans": [{"Node Type": "Streaming(type: LOCAL GATHER dop: 1/16)", "Parent Relationship": "Outer", "Startup Cost": 0.0, "Total Cost": 18837.88, "Plan Rows": 59, "Plan Width": 8, "Actual Min Startup Time": 45.285, "Actual Max Startup Time": 45.285, "Actual Min Total Time": 81.331, "Actual Max Total Time": 81.331, "Plans": [{"Node Type": "Seq Scan", "Parent Relationship": "Outer", "Relation Name": "movie_companies", "Alias": "mc", "Startup Cost": 0.0, "Total Cost": 18836.61, "Plan Rows": 59, "Plan Width": 8, "Actual Min Startup Time": 1.004, "Actual Max Startup Time": 12.22, "Actual Min Total Time": 54.35, "Actual Max Total Time": 60.791, "Filter": "(((note)::text ~~ '%(VHS)%'::text) AND ((note)::text ~~ '%(USA)%'::text) AND ((note)::text ~~ '%(1994)%'::text))", "Rows Removed by Filter": 2607710, "Actual Rows": 1418}], "Actual Rows": 1418}], "Actual Rows": 1419}], "Actual Rows": 0}, {"Node Type": "Index Scan", "Parent Relationship": "Inner", "Scan Direction": "Forward", "Index Name": "title_pkey", "Relation Name": "title", "Alias": "t", "Startup Cost": 0.0, "Total Cost": 8.27, "Plan Rows": 1, "Plan Width": 21, "Actual Startup Time": 0.0, "Actual Total Time": 0.0, "Index Cond": "(id = mc.movie_id)", "Rows Removed by Index Recheck": 0, "Filter": "(production_year > 2010)", "Rows Removed by Filter": 0}], "Actual Rows": 0}, {"Node Type": "Index Scan", "Parent Relationship": "Inner", "Scan Direction": "Forward", "Index Name": "movie_id_movie_info", "Relation Name": "movie_info", "Alias": "mi", "Startup Cost": 0.0, "Total Cost": 2.46, "Plan Rows": 1, "Plan Width": 8, "Actual Startup Time": 0.0, "Actual Total Time": 0.0, "Index Cond": "(movie_id = t.id)", "Rows Removed by Index Recheck": 0, "Filter": "((info)::text = ANY ('{USA,America}'::text[]))", "Rows Removed by Filter": 0}], "Actual Rows": 0}, {"Node Type": "Index Scan", "Parent Relationship": "Inner", "Scan Direction": "Forward", "Index Name": "info_type_pkey", "Relation Name": "info_type", "Alias": "it", "Startup Cost": 0.0, "Total Cost": 0.27, "Plan Rows": 1, "Plan Width": 4, "Actual Startup Time": 0.0, "Actual Total Time": 0.0, "Index Cond": "(id = mi.info_type_id)", "Rows Removed by Index Recheck": 0}], "Actual Rows": 0}], "Actual Rows": 1}, "Triggers": [], "Planner Runtime": 10.153, "Total Runtime": 84.649, "Unique SQL Id": 328306525}}, "(16, '37')": {"explain_plan": {"Plan": {"Node Type": "Aggregate", "Strategy": "Plain", "Startup Cost": 85293.18, "Total Cost": 85293.19, "Plan Rows": 1, "Plan Width": 49, "Plans": [{"Node Type": "Nested Loop", "Parent Relationship": "Outer", "Join Type": "Inner", "Startup Cost": 0.0, "Total Cost": 85293.12, "Plan Rows": 24, "Plan Width": 17, "Inner Unique": true, "Plans": [{"Node Type": "Nested Loop", "Parent Relationship": "Outer", "Join Type": "Inner", "Startup Cost": 0.0, "Total Cost": 85286.4, "Plan Rows": 24, "Plan Width": 21, "Inner Unique": false, "Plans": [{"Node Type": "Nested Loop", "Parent Relationship": "Outer", "Join Type": "Inner", "Startup Cost": 0.0, "Total Cost": 85207.41, "Plan Rows": 32, "Plan Width": 25, "Inner Unique": true, "Plans": [{"Node Type": "Nested Loop", "Parent Relationship": "Outer", "Join Type": "Inner", "Startup Cost": 0.0, "Total Cost": 84958.94, "Plan Rows": 30, "Plan Width": 4, "Inner Unique": false, "Join Filter": "(ct.id = mc.company_type_id)", "Plans": [{"Node Type": "Index Scan", "Parent Relationship": "Outer", "Scan Direction": "Forward", "Index Name": "company_type_pkey", "Relation Name": "company_type", "Alias": "ct", "Startup Cost": 0.0, "Total Cost": 12.3, "Plan Rows": 1, "Plan Width": 4, "Filter": "((kind)::text = 'production companies'::text)"}, {"Node Type": "Materialize", "Parent Relationship": "Inner", "Startup Cost": 0.0, "Total Cost": 84946.04, "Plan Rows": 59, "Plan Width": 8, "Plans": [{"Node Type": "Streaming(type: LOCAL GATHER dop: 1/16)", "Parent Relationship": "Outer", "Startup Cost": 0.0, "Total Cost": 84945.9, "Plan Rows": 59, "Plan Width": 8, "Plans": [{"Node Type": "Index Scan", "Parent Relationship": "Outer", "Scan Direction": "Forward", "Index Name": "company_type_id_movie_companies", "Relation Name": "movie_companies", "Alias": "mc", "Startup Cost": 0.0, "Total Cost": 84944.62, "Plan Rows": 59, "Plan Width": 8, "Filter": "(((note)::text ~~ '%(VHS)%'::text) AND ((note)::text ~~ '%(USA)%'::text) AND ((note)::text ~~ '%(1994)%'::text))"}]}]}]}, {"Node Type": "Index Scan", "Parent Relationship": "Inner", "Scan Direction": "Forward", "Index Name": "title_pkey", "Relation Name": "title", "Alias": "t", "Startup Cost": 0.0, "Total Cost": 8.27, "Plan Rows": 1, "Plan Width": 21, "Index Cond": "(id = mc.movie_id)", "Filter": "(production_year > 2010)"}]}, {"Node Type": "Index Scan", "Parent Relationship": "Inner", "Scan Direction": "Forward", "Index Name": "movie_id_movie_info", "Relation Name": "movie_info", "Alias": "mi", "Startup Cost": 0.0, "Total Cost": 2.46, "Plan Rows": 1, "Plan Width": 8, "Index Cond": "(movie_id = t.id)", "Filter": "((info)::text = ANY ('{USA,America}'::text[]))"}]}, {"Node Type": "Index Scan", "Parent Relationship": "Inner", "Scan Direction": "Forward", "Index Name": "info_type_pkey", "Relation Name": "info_type", "Alias": "it", "Startup Cost": 0.0, "Total Cost": 0.27, "Plan Rows": 1, "Plan Width": 4, "Index Cond": "(id = mi.info_type_id)"}]}]}, "Unique SQL Id": 328306525, "Planner Runtime": 7}, "explain_analyze_plan": {"Plan": {"Node Type": "Aggregate", "Strategy": "Plain", "Startup Cost": 85293.18, "Total Cost": 85293.19, "Plan Rows": 1, "Plan Width": 49, "Actual Min Startup Time": 153.891, "Actual Max Startup Time": 153.891, "Actual Min Total Time": 153.892, "Actual Max Total Time": 153.892, "Plans": [{"Node Type": "Nested Loop", "Parent Relationship": "Outer", "Join Type": "Inner", "Startup Cost": 0.0, "Total Cost": 85293.12, "Plan Rows": 24, "Plan Width": 17, "Actual Min Startup Time": 153.883, "Actual Max Startup Time": 153.883, "Actual Min Total Time": 153.883, "Actual Max Total Time": 153.883, "Inner Unique": true, "Plans": [{"Node Type": "Nested Loop", "Parent Relationship": "Outer", "Join Type": "Inner", "Startup Cost": 0.0, "Total Cost": 85286.4, "Plan Rows": 24, "Plan Width": 21, "Actual Min Startup Time": 153.881, "Actual Max Startup Time": 153.881, "Actual Min Total Time": 153.881, "Actual Max Total Time": 153.881, "Inner Unique": false, "Plans": [{"Node Type": "Nested Loop", "Parent Relationship": "Outer", "Join Type": "Inner", "Startup Cost": 0.0, "Total Cost": 85207.41, "Plan Rows": 32, "Plan Width": 25, "Actual Min Startup Time": 153.88, "Actual Max Startup Time": 153.88, "Actual Min Total Time": 153.88, "Actual Max Total Time": 153.88, "Inner Unique": true, "Plans": [{"Node Type": "Nested Loop", "Parent Relationship": "Outer", "Join Type": "Inner", "Startup Cost": 0.0, "Total Cost": 84958.94, "Plan Rows": 30, "Plan Width": 4, "Actual Min Startup Time": 153.88, "Actual Max Startup Time": 153.88, "Actual Min Total Time": 153.88, "Actual Max Total Time": 153.88, "Inner Unique": false, "Join Filter": "(ct.id = mc.company_type_id)", "Rows Removed by Join Filter": 1418, "Plans": [{"Node Type": "Index Scan", "Parent Relationship": "Outer", "Scan Direction": "Forward", "Index Name": "company_type_pkey", "Relation Name": "company_type", "Alias": "ct", "Startup Cost": 0.0, "Total Cost": 12.3, "Plan Rows": 1, "Plan Width": 4, "Actual Min Startup Time": 0.047, "Actual Max Startup Time": 0.047, "Actual Min Total Time": 0.052, "Actual Max Total Time": 0.052, "Filter": "((kind)::text = 'production companies'::text)", "Rows Removed by Filter": 2, "Actual Rows": 1}, {"Node Type": "Materialize", "Parent Relationship": "Inner", "Startup Cost": 0.0, "Total Cost": 84946.04, "Plan Rows": 59, "Plan Width": 8, "Actual Min Startup Time": 153.359, "Actual Max Startup Time": 153.359, "Actual Min Total Time": 153.492, "Actual Max Total Time": 153.492, "Plans": [{"Node Type": "Streaming(type: LOCAL GATHER dop: 1/16)", "Parent Relationship": "Outer", "Startup Cost": 0.0, "Total Cost": 84945.9, "Plan Rows": 59, "Plan Width": 8, "Actual Min Startup Time": 69.339, "Actual Max Startup Time": 69.339, "Actual Min Total Time": 153.095, "Actual Max Total Time": 153.095, "Plans": [{"Node Type": "Index Scan", "Parent Relationship": "Outer", "Scan Direction": "Forward", "Index Name": "company_type_id_movie_companies", "Relation Name": "movie_companies", "Alias": "mc", "Startup Cost": 0.0, "Total Cost": 84944.62, "Plan Rows": 59, "Plan Width": 8, "Actual Min Startup Time": 18.666, "Actual Max Startup Time": 91.737, "Actual Min Total Time": 88.45, "Actual Max Total Time": 136.558, "Filter": "(((note)::text ~~ '%(VHS)%'::text) AND ((note)::text ~~ '%(USA)%'::text) AND ((note)::text ~~ '%(1994)%'::text))", "Rows Removed by Filter": 2607710, "Actual Rows": 1418}], "Actual Rows": 1418}], "Actual Rows": 1419}], "Actual Rows": 0}, {"Node Type": "Index Scan", "Parent Relationship": "Inner", "Scan Direction": "Forward", "Index Name": "title_pkey", "Relation Name": "title", "Alias": "t", "Startup Cost": 0.0, "Total Cost": 8.27, "Plan Rows": 1, "Plan Width": 21, "Actual Startup Time": 0.0, "Actual Total Time": 0.0, "Index Cond": "(id = mc.movie_id)", "Rows Removed by Index Recheck": 0, "Filter": "(production_year > 2010)", "Rows Removed by Filter": 0}], "Actual Rows": 0}, {"Node Type": "Index Scan", "Parent Relationship": "Inner", "Scan Direction": "Forward", "Index Name": "movie_id_movie_info", "Relation Name": "movie_info", "Alias": "mi", "Startup Cost": 0.0, "Total Cost": 2.46, "Plan Rows": 1, "Plan Width": 8, "Actual Startup Time": 0.0, "Actual Total Time": 0.0, "Index Cond": "(movie_id = t.id)", "Rows Removed by Index Recheck": 0, "Filter": "((info)::text = ANY ('{USA,America}'::text[]))", "Rows Removed by Filter": 0}], "Actual Rows": 0}, {"Node Type": "Index Scan", "Parent Relationship": "Inner", "Scan Direction": "Forward", "Index Name": "info_type_pkey", "Relation Name": "info_type", "Alias": "it", "Startup Cost": 0.0, "Total Cost": 0.27, "Plan Rows": 1, "Plan Width": 4, "Actual Startup Time": 0.0, "Actual Total Time": 0.0, "Index Cond": "(id = mi.info_type_id)", "Rows Removed by Index Recheck": 0}], "Actual Rows": 0}], "Actual Rows": 1}, "Triggers": [], "Planner Runtime": 9.799, "Total Runtime": 156.415, "Unique SQL Id": 328306525}}, "(16, '38')": {"explain_plan": {"Plan": {"Node Type": "Aggregate", "Strategy": "Plain", "Startup Cost": 19289.21, "Total Cost": 19289.22, "Plan Rows": 1, "Plan Width": 49, "Plans": [{"Node Type": "Nested Loop", "Parent Relationship": "Outer", "Join Type": "Inner", "Startup Cost": 5.13, "Total Cost": 19289.15, "Plan Rows": 24, "Plan Width": 17, "Inner Unique": false, "Join Filter": "(mi.info_type_id = it.id)", "Plans": [{"Node Type": "Seq Scan", "Parent Relationship": "Outer", "Relation Name": "info_type", "Alias": "it", "Startup Cost": 0.0, "Total Cost": 2.12, "Plan Rows": 112, "Plan Width": 4}, {"Node Type": "Materialize", "Parent Relationship": "Inner", "Startup Cost": 5.13, "Total Cost": 19246.77, "Plan Rows": 24, "Plan Width": 21, "Plans": [{"Node Type": "Nested Loop", "Parent Relationship": "Outer", "Join Type": "Inner", "Startup Cost": 5.13, "Total Cost": 19246.65, "Plan Rows": 24, "Plan Width": 21, "Inner Unique": false, "Plans": [{"Node Type": "Nested Loop", "Parent Relationship": "Outer", "Join Type": "Inner", "Startup Cost": 4.26, "Total Cost": 19088.14, "Plan Rows": 32, "Plan Width": 25, "Inner Unique": true, "Plans": [{"Node Type": "Nested Loop", "Parent Relationship": "Outer", "Join Type": "Inner", "Startup Cost": 0.0, "Total Cost": 18839.66, "Plan Rows": 30, "Plan Width": 4, "Inner Unique": false, "Join Filter": "(ct.id = mc.company_type_id)", "Plans": [{"Node Type": "Seq Scan", "Parent Relationship": "Outer", "Relation Name": "company_type", "Alias": "ct", "Startup Cost": 0.0, "Total Cost": 1.04, "Plan Rows": 1, "Plan Width": 4, "Filter": "((kind)::text = 'production companies'::text)"}, {"Node Type": "Materialize", "Parent Relationship": "Inner", "Startup Cost": 0.0, "Total Cost": 18838.03, "Plan Rows": 59, "Plan Width": 8, "Plans": [{"Node Type": "Streaming(type: LOCAL GATHER dop: 1/16)", "Parent Relationship": "Outer", "Startup Cost": 0.0, "Total Cost": 18837.88, "Plan Rows": 59, "Plan Width": 8, "Plans": [{"Node Type": "Seq Scan", "Parent Relationship": "Outer", "Relation Name": "movie_companies", "Alias": "mc", "Startup Cost": 0.0, "Total Cost": 18836.61, "Plan Rows": 59, "Plan Width": 8, "Filter": "(((note)::text ~~ '%(VHS)%'::text) AND ((note)::text ~~ '%(USA)%'::text) AND ((note)::text ~~ '%(1994)%'::text))"}]}]}]}, {"Node Type": "Bitmap Heap Scan", "Parent Relationship": "Inner", "Relation Name": "title", "Alias": "t", "Startup Cost": 4.26, "Total Cost": 8.27, "Plan Rows": 1, "Plan Width": 21, "Recheck Cond": "(id = mc.movie_id)", "Filter": "(production_year > 2010)", "Plans": [{"Node Type": "Bitmap Index Scan", "Parent Relationship": "Outer", "Index Name": "title_pkey", "Startup Cost": 0.0, "Total Cost": 4.26, "Plan Rows": 1, "Plan Width": 0, "Index Cond": "(id = mc.movie_id)"}]}]}, {"Node Type": "Bitmap Heap Scan", "Parent Relationship": "Inner", "Relation Name": "movie_info", "Alias": "mi", "Startup Cost": 0.87, "Total Cost": 4.94, "Plan Rows": 1, "Plan Width": 8, "Recheck Cond": "(movie_id = t.id)", "Filter": "((info)::text = ANY ('{USA,America}'::text[]))", "Plans": [{"Node Type": "Bitmap Index Scan", "Parent Relationship": "Outer", "Index Name": "movie_id_movie_info", "Startup Cost": 0.0, "Total Cost": 0.87, "Plan Rows": 5, "Plan Width": 0, "Index Cond": "(movie_id = t.id)"}]}]}]}]}]}, "Unique SQL Id": 328306525, "Planner Runtime": 9}, "explain_analyze_plan": {"Plan": {"Node Type": "Aggregate", "Strategy": "Plain", "Startup Cost": 19289.21, "Total Cost": 19289.22, "Plan Rows": 1, "Plan Width": 49, "Actual Min Startup Time": 79.845, "Actual Max Startup Time": 79.845, "Actual Min Total Time": 79.845, "Actual Max Total Time": 79.845, "Plans": [{"Node Type": "Nested Loop", "Parent Relationship": "Outer", "Join Type": "Inner", "Startup Cost": 5.13, "Total Cost": 19289.15, "Plan Rows": 24, "Plan Width": 17, "Actual Min Startup Time": 79.836, "Actual Max Startup Time": 79.836, "Actual Min Total Time": 79.836, "Actual Max Total Time": 79.836, "Inner Unique": false, "Join Filter": "(mi.info_type_id = it.id)", "Rows Removed by Join Filter": 0, "Plans": [{"Node Type": "Seq Scan", "Parent Relationship": "Outer", "Relation Name": "info_type", "Alias": "it", "Startup Cost": 0.0, "Total Cost": 2.12, "Plan Rows": 112, "Plan Width": 4, "Actual Min Startup Time": 0.032, "Actual Max Startup Time": 0.032, "Actual Min Total Time": 0.05, "Actual Max Total Time": 0.05, "Actual Rows": 112}, {"Node Type": "Materialize", "Parent Relationship": "Inner", "Startup Cost": 5.13, "Total Cost": 19246.77, "Plan Rows": 24, "Plan Width": 21, "Actual Min Startup Time": 79.761, "Actual Max Startup Time": 79.761, "Actual Min Total Time": 79.761, "Actual Max Total Time": 79.761, "Plans": [{"Node Type": "Nested Loop", "Parent Relationship": "Outer", "Join Type": "Inner", "Startup Cost": 5.13, "Total Cost": 19246.65, "Plan Rows": 24, "Plan Width": 21, "Actual Min Startup Time": 79.749, "Actual Max Startup Time": 79.749, "Actual Min Total Time": 79.749, "Actual Max Total Time": 79.749, "Inner Unique": false, "Plans": [{"Node Type": "Nested Loop", "Parent Relationship": "Outer", "Join Type": "Inner", "Startup Cost": 4.26, "Total Cost": 19088.14, "Plan Rows": 32, "Plan Width": 25, "Actual Min Startup Time": 79.748, "Actual Max Startup Time": 79.748, "Actual Min Total Time": 79.748, "Actual Max Total Time": 79.748, "Inner Unique": true, "Plans": [{"Node Type": "Nested Loop", "Parent Relationship": "Outer", "Join Type": "Inner", "Startup Cost": 0.0, "Total Cost": 18839.66, "Plan Rows": 30, "Plan Width": 4, "Actual Min Startup Time": 79.747, "Actual Max Startup Time": 79.747, "Actual Min Total Time": 79.747, "Actual Max Total Time": 79.747, "Inner Unique": false, "Join Filter": "(ct.id = mc.company_type_id)", "Rows Removed by Join Filter": 1418, "Plans": [{"Node Type": "Seq Scan", "Parent Relationship": "Outer", "Relation Name": "company_type", "Alias": "ct", "Startup Cost": 0.0, "Total Cost": 1.04, "Plan Rows": 1, "Plan Width": 4, "Actual Min Startup Time": 0.041, "Actual Max Startup Time": 0.041, "Actual Min Total Time": 0.044, "Actual Max Total Time": 0.044, "Filter": "((kind)::text = 'production companies'::text)", "Rows Removed by Filter": 2, "Actual Rows": 1}, {"Node Type": "Materialize", "Parent Relationship": "Inner", "Startup Cost": 0.0, "Total Cost": 18838.03, "Plan Rows": 59, "Plan Width": 8, "Actual Min Startup Time": 79.237, "Actual Max Startup Time": 79.237, "Actual Min Total Time": 79.366, "Actual Max Total Time": 79.366, "Plans": [{"Node Type": "Streaming(type: LOCAL GATHER dop: 1/16)", "Parent Relationship": "Outer", "Startup Cost": 0.0, "Total Cost": 18837.88, "Plan Rows": 59, "Plan Width": 8, "Actual Min Startup Time": 41.667, "Actual Max Startup Time": 41.667, "Actual Min Total Time": 78.971, "Actual Max Total Time": 78.971, "Plans": [{"Node Type": "Seq Scan", "Parent Relationship": "Outer", "Relation Name": "movie_companies", "Alias": "mc", "Startup Cost": 0.0, "Total Cost": 18836.61, "Plan Rows": 59, "Plan Width": 8, "Actual Min Startup Time": 0.983, "Actual Max Startup Time": 12.222, "Actual Min Total Time": 54.232, "Actual Max Total Time": 60.749, "Filter": "(((note)::text ~~ '%(VHS)%'::text) AND ((note)::text ~~ '%(USA)%'::text) AND ((note)::text ~~ '%(1994)%'::text))", "Rows Removed by Filter": 2607710, "Actual Rows": 1418}], "Actual Rows": 1418}], "Actual Rows": 1419}], "Actual Rows": 0}, {"Node Type": "Bitmap Heap Scan", "Parent Relationship": "Inner", "Relation Name": "title", "Alias": "t", "Startup Cost": 4.26, "Total Cost": 8.27, "Plan Rows": 1, "Plan Width": 21, "Actual Startup Time": 0.0, "Actual Total Time": 0.0, "Recheck Cond": "(id = mc.movie_id)", "Rows Removed by Index Recheck": 0, "Filter": "(production_year > 2010)", "Rows Removed by Filter": 0, "Exact Heap Blocks": 0, "Lossy Heap Blocks": 0, "Plans": [{"Node Type": "Bitmap Index Scan", "Parent Relationship": "Outer", "Index Name": "title_pkey", "Startup Cost": 0.0, "Total Cost": 4.26, "Plan Rows": 1, "Plan Width": 0, "Actual Startup Time": 0.0, "Actual Total Time": 0.0, "Index Cond": "(id = mc.movie_id)"}]}], "Actual Rows": 0}, {"Node Type": "Bitmap Heap Scan", "Parent Relationship": "Inner", "Relation Name": "movie_info", "Alias": "mi", "Startup Cost": 0.87, "Total Cost": 4.94, "Plan Rows": 1, "Plan Width": 8, "Actual Startup Time": 0.0, "Actual Total Time": 0.0, "Recheck Cond": "(movie_id = t.id)", "Rows Removed by Index Recheck": 0, "Filter": "((info)::text = ANY ('{USA,America}'::text[]))", "Rows Removed by Filter": 0, "Exact Heap Blocks": 0, "Lossy Heap Blocks": 0, "Plans": [{"Node Type": "Bitmap Index Scan", "Parent Relationship": "Outer", "Index Name": "movie_id_movie_info", "Startup Cost": 0.0, "Total Cost": 0.87, "Plan Rows": 5, "Plan Width": 0, "Actual Startup Time": 0.0, "Actual Total Time": 0.0, "Index Cond": "(movie_id = t.id)"}]}], "Actual Rows": 0}], "Actual Rows": 0}], "Actual Rows": 0}], "Actual Rows": 1}, "Triggers": [], "Planner Runtime": 11.234, "Total Runtime": 82.33, "Unique SQL Id": 328306525}}, "(16, '39')": {"explain_plan": {"Plan": {"Node Type": "Aggregate", "Strategy": "Plain", "Startup Cost": 71749.13, "Total Cost": 71749.14, "Plan Rows": 1, "Plan Width": 49, "Plans": [{"Node Type": "Nested Loop", "Parent Relationship": "Outer", "Join Type": "Inner", "Startup Cost": 28957.62, "Total Cost": 71749.07, "Plan Rows": 24, "Plan Width": 17, "Inner Unique": true, "Plans": [{"Node Type": "Nested Loop", "Parent Relationship": "Outer", "Join Type": "Inner", "Startup Cost": 28957.36, "Total Cost": 71646.35, "Plan Rows": 24, "Plan Width": 21, "Inner Unique": true, "Plans": [{"Node Type": "Nested Loop", "Parent Relationship": "Outer", "Join Type": "Inner", "Startup Cost": 28957.04, "Total Cost": 71502.93, "Plan Rows": 33, "Plan Width": 12, "Inner Unique": false, "Plans": [{"Node Type": "Nested Loop", "Parent Relationship": "Outer", "Join Type": "Inner", "Startup Cost": 28952.75, "Total Cost": 70774.36, "Plan Rows": 30, "Plan Width": 4, "Inner Unique": false, "Plans": [{"Node Type": "Bitmap Heap Scan", "Parent Relationship": "Outer", "Relation Name": "company_type", "Alias": "ct", "Startup Cost": 8.27, "Total Cost": 12.3, "Plan Rows": 1, "Plan Width": 4, "Filter": "((kind)::text = 'production companies'::text)", "Plans": [{"Node Type": "Bitmap Index Scan", "Parent Relationship": "Outer", "Index Name": "company_type_pkey", "Startup Cost": 0.0, "Total Cost": 8.27, "Plan Rows": 3, "Plan Width": 0}]}, {"Node Type": "Bitmap Heap Scan", "Parent Relationship": "Inner", "Relation Name": "movie_companies", "Alias": "mc", "Startup Cost": 28944.49, "Total Cost": 70761.77, "Plan Rows": 29, "Plan Width": 8, "Recheck Cond": "(company_type_id = ct.id)", "Filter": "(((note)::text ~~ '%(VHS)%'::text) AND ((note)::text ~~ '%(USA)%'::text) AND ((note)::text ~~ '%(1994)%'::text))", "Plans": [{"Node Type": "Bitmap Index Scan", "Parent Relationship": "Outer", "Index Name": "company_type_id_movie_companies", "Startup Cost": 0.0, "Total Cost": 28944.48, "Plan Rows": 1304564, "Plan Width": 0, "Index Cond": "(company_type_id = ct.id)"}]}]}, {"Node Type": "Bitmap Heap Scan", "Parent Relationship": "Inner", "Relation Name": "movie_info", "Alias": "mi", "Startup Cost": 4.29, "Total Cost": 24.28, "Plan Rows": 1, "Plan Width": 8, "Recheck Cond": "(movie_id = mc.movie_id)", "Filter": "((info)::text = ANY ('{USA,America}'::text[]))", "Plans": [{"Node Type": "Bitmap Index Scan", "Parent Relationship": "Outer", "Index Name": "movie_id_movie_info", "Startup Cost": 0.0, "Total Cost": 4.29, "Plan Rows": 5, "Plan Width": 0, "Index Cond": "(movie_id = mc.movie_id)"}]}]}, {"Node Type": "Bitmap Heap Scan", "Parent Relationship": "Inner", "Relation Name": "title", "Alias": "t", "Startup Cost": 0.32, "Total Cost": 4.34, "Plan Rows": 1, "Plan Width": 21, "Recheck Cond": "(id = mi.movie_id)", "Filter": "(production_year > 2010)", "Plans": [{"Node Type": "Bitmap Index Scan", "Parent Relationship": "Outer", "Index Name": "title_pkey", "Startup Cost": 0.0, "Total Cost": 0.32, "Plan Rows": 1, "Plan Width": 0, "Index Cond": "(id = mi.movie_id)"}]}]}, {"Node Type": "Bitmap Heap Scan", "Parent Relationship": "Inner", "Relation Name": "info_type", "Alias": "it", "Startup Cost": 0.26, "Total Cost": 4.27, "Plan Rows": 1, "Plan Width": 4, "Recheck Cond": "(id = mi.info_type_id)", "Plans": [{"Node Type": "Bitmap Index Scan", "Parent Relationship": "Outer", "Index Name": "info_type_pkey", "Startup Cost": 0.0, "Total Cost": 0.26, "Plan Rows": 1, "Plan Width": 0, "Index Cond": "(id = mi.info_type_id)"}]}]}]}, "Unique SQL Id": 328306525, "Planner Runtime": 4}, "explain_analyze_plan": null}, "(16, '40')": {"explain_plan": {"Plan": {"Node Type": "Aggregate", "Strategy": "Plain", "Startup Cost": 19173.9, "Total Cost": 19173.91, "Plan Rows": 1, "Plan Width": 49, "Plans": [{"Node Type": "Nested Loop", "Parent Relationship": "Outer", "Join Type": "Inner", "Startup Cost": 0.0, "Total Cost": 19173.84, "Plan Rows": 24, "Plan Width": 17, "Inner Unique": true, "Plans": [{"Node Type": "Nested Loop", "Parent Relationship": "Outer", "Join Type": "Inner", "Startup Cost": 0.0, "Total Cost": 19167.12, "Plan Rows": 24, "Plan Width": 21, "Inner Unique": false, "Plans": [{"Node Type": "Nested Loop", "Parent Relationship": "Outer", "Join Type": "Inner", "Startup Cost": 0.0, "Total Cost": 19088.13, "Plan Rows": 32, "Plan Width": 25, "Inner Unique": true, "Plans": [{"Node Type": "Nested Loop", "Parent Relationship": "Outer", "Join Type": "Inner", "Startup Cost": 0.0, "Total Cost": 18839.66, "Plan Rows": 30, "Plan Width": 4, "Inner Unique": false, "Join Filter": "(ct.id = mc.company_type_id)", "Plans": [{"Node Type": "Seq Scan", "Parent Relationship": "Outer", "Relation Name": "company_type", "Alias": "ct", "Startup Cost": 0.0, "Total Cost": 1.04, "Plan Rows": 1, "Plan Width": 4, "Filter": "((kind)::text = 'production companies'::text)"}, {"Node Type": "Materialize", "Parent Relationship": "Inner", "Startup Cost": 0.0, "Total Cost": 18838.03, "Plan Rows": 59, "Plan Width": 8, "Plans": [{"Node Type": "Streaming(type: LOCAL GATHER dop: 1/16)", "Parent Relationship": "Outer", "Startup Cost": 0.0, "Total Cost": 18837.88, "Plan Rows": 59, "Plan Width": 8, "Plans": [{"Node Type": "Seq Scan", "Parent Relationship": "Outer", "Relation Name": "movie_companies", "Alias": "mc", "Startup Cost": 0.0, "Total Cost": 18836.61, "Plan Rows": 59, "Plan Width": 8, "Filter": "(((note)::text ~~ '%(VHS)%'::text) AND ((note)::text ~~ '%(USA)%'::text) AND ((note)::text ~~ '%(1994)%'::text))"}]}]}]}, {"Node Type": "Index Scan", "Parent Relationship": "Inner", "Scan Direction": "Forward", "Index Name": "title_pkey", "Relation Name": "title", "Alias": "t", "Startup Cost": 0.0, "Total Cost": 8.27, "Plan Rows": 1, "Plan Width": 21, "Index Cond": "(id = mc.movie_id)", "Filter": "(production_year > 2010)"}]}, {"Node Type": "Index Scan", "Parent Relationship": "Inner", "Scan Direction": "Forward", "Index Name": "movie_id_movie_info", "Relation Name": "movie_info", "Alias": "mi", "Startup Cost": 0.0, "Total Cost": 2.46, "Plan Rows": 1, "Plan Width": 8, "Index Cond": "(movie_id = t.id)", "Filter": "((info)::text = ANY ('{USA,America}'::text[]))"}]}, {"Node Type": "Index Only Scan", "Parent Relationship": "Inner", "Scan Direction": "Forward", "Index Name": "info_type_pkey", "Relation Name": "info_type", "Alias": "it", "Startup Cost": 0.0, "Total Cost": 0.27, "Plan Rows": 1, "Plan Width": 4, "Index Cond": "(id = mi.info_type_id)"}]}]}, "Unique SQL Id": 328306525, "Planner Runtime": 8}, "explain_analyze_plan": {"Plan": {"Node Type": "Aggregate", "Strategy": "Plain", "Startup Cost": 19173.9, "Total Cost": 19173.91, "Plan Rows": 1, "Plan Width": 49, "Actual Min Startup Time": 83.27, "Actual Max Startup Time": 83.27, "Actual Min Total Time": 83.271, "Actual Max Total Time": 83.271, "Plans": [{"Node Type": "Nested Loop", "Parent Relationship": "Outer", "Join Type": "Inner", "Startup Cost": 0.0, "Total Cost": 19173.84, "Plan Rows": 24, "Plan Width": 17, "Actual Min Startup Time": 83.259, "Actual Max Startup Time": 83.259, "Actual Min Total Time": 83.259, "Actual Max Total Time": 83.259, "Inner Unique": true, "Plans": [{"Node Type": "Nested Loop", "Parent Relationship": "Outer", "Join Type": "Inner", "Startup Cost": 0.0, "Total Cost": 19167.12, "Plan Rows": 24, "Plan Width": 21, "Actual Min Startup Time": 83.257, "Actual Max Startup Time": 83.257, "Actual Min Total Time": 83.257, "Actual Max Total Time": 83.257, "Inner Unique": false, "Plans": [{"Node Type": "Nested Loop", "Parent Relationship": "Outer", "Join Type": "Inner", "Startup Cost": 0.0, "Total Cost": 19088.13, "Plan Rows": 32, "Plan Width": 25, "Actual Min Startup Time": 83.256, "Actual Max Startup Time": 83.256, "Actual Min Total Time": 83.256, "Actual Max Total Time": 83.256, "Inner Unique": true, "Plans": [{"Node Type": "Nested Loop", "Parent Relationship": "Outer", "Join Type": "Inner", "Startup Cost": 0.0, "Total Cost": 18839.66, "Plan Rows": 30, "Plan Width": 4, "Actual Min Startup Time": 83.256, "Actual Max Startup Time": 83.256, "Actual Min Total Time": 83.256, "Actual Max Total Time": 83.256, "Inner Unique": false, "Join Filter": "(ct.id = mc.company_type_id)", "Rows Removed by Join Filter": 1418, "Plans": [{"Node Type": "Seq Scan", "Parent Relationship": "Outer", "Relation Name": "company_type", "Alias": "ct", "Startup Cost": 0.0, "Total Cost": 1.04, "Plan Rows": 1, "Plan Width": 4, "Actual Min Startup Time": 0.047, "Actual Max Startup Time": 0.047, "Actual Min Total Time": 0.05, "Actual Max Total Time": 0.05, "Filter": "((kind)::text = 'production companies'::text)", "Rows Removed by Filter": 2, "Actual Rows": 1}, {"Node Type": "Materialize", "Parent Relationship": "Inner", "Startup Cost": 0.0, "Total Cost": 18838.03, "Plan Rows": 59, "Plan Width": 8, "Actual Min Startup Time": 82.738, "Actual Max Startup Time": 82.738, "Actual Min Total Time": 82.874, "Actual Max Total Time": 82.874, "Plans": [{"Node Type": "Streaming(type: LOCAL GATHER dop: 1/16)", "Parent Relationship": "Outer", "Startup Cost": 0.0, "Total Cost": 18837.88, "Plan Rows": 59, "Plan Width": 8, "Actual Min Startup Time": 41.394, "Actual Max Startup Time": 41.394, "Actual Min Total Time": 82.488, "Actual Max Total Time": 82.488, "Plans": [{"Node Type": "Seq Scan", "Parent Relationship": "Outer", "Relation Name": "movie_companies", "Alias": "mc", "Startup Cost": 0.0, "Total Cost": 18836.61, "Plan Rows": 59, "Plan Width": 8, "Actual Min Startup Time": 0.994, "Actual Max Startup Time": 12.189, "Actual Min Total Time": 54.261, "Actual Max Total Time": 60.78, "Filter": "(((note)::text ~~ '%(VHS)%'::text) AND ((note)::text ~~ '%(USA)%'::text) AND ((note)::text ~~ '%(1994)%'::text))", "Rows Removed by Filter": 2607710, "Actual Rows": 1418}], "Actual Rows": 1418}], "Actual Rows": 1419}], "Actual Rows": 0}, {"Node Type": "Index Scan", "Parent Relationship": "Inner", "Scan Direction": "Forward", "Index Name": "title_pkey", "Relation Name": "title", "Alias": "t", "Startup Cost": 0.0, "Total Cost": 8.27, "Plan Rows": 1, "Plan Width": 21, "Actual Startup Time": 0.0, "Actual Total Time": 0.0, "Index Cond": "(id = mc.movie_id)", "Rows Removed by Index Recheck": 0, "Filter": "(production_year > 2010)", "Rows Removed by Filter": 0}], "Actual Rows": 0}, {"Node Type": "Index Scan", "Parent Relationship": "Inner", "Scan Direction": "Forward", "Index Name": "movie_id_movie_info", "Relation Name": "movie_info", "Alias": "mi", "Startup Cost": 0.0, "Total Cost": 2.46, "Plan Rows": 1, "Plan Width": 8, "Actual Startup Time": 0.0, "Actual Total Time": 0.0, "Index Cond": "(movie_id = t.id)", "Rows Removed by Index Recheck": 0, "Filter": "((info)::text = ANY ('{USA,America}'::text[]))", "Rows Removed by Filter": 0}], "Actual Rows": 0}, {"Node Type": "Index Only Scan", "Parent Relationship": "Inner", "Scan Direction": "Forward", "Index Name": "info_type_pkey", "Relation Name": "info_type", "Alias": "it", "Startup Cost": 0.0, "Total Cost": 0.27, "Plan Rows": 1, "Plan Width": 4, "Actual Startup Time": 0.0, "Actual Total Time": 0.0, "Index Cond": "(id = mi.info_type_id)", "Rows Removed by Index Recheck": 0, "Heap Fetches": 0}], "Actual Rows": 0}], "Actual Rows": 1}, "Triggers": [], "Planner Runtime": 10.123, "Total Runtime": 85.75, "Unique SQL Id": 328306525}}, "(16, '41')": {"explain_plan": {"Plan": {"Node Type": "Aggregate", "Strategy": "Plain", "Startup Cost": 85293.18, "Total Cost": 85293.19, "Plan Rows": 1, "Plan Width": 49, "Plans": [{"Node Type": "Nested Loop", "Parent Relationship": "Outer", "Join Type": "Inner", "Startup Cost": 0.0, "Total Cost": 85293.12, "Plan Rows": 24, "Plan Width": 17, "Inner Unique": true, "Plans": [{"Node Type": "Nested Loop", "Parent Relationship": "Outer", "Join Type": "Inner", "Startup Cost": 0.0, "Total Cost": 85286.4, "Plan Rows": 24, "Plan Width": 21, "Inner Unique": false, "Plans": [{"Node Type": "Nested Loop", "Parent Relationship": "Outer", "Join Type": "Inner", "Startup Cost": 0.0, "Total Cost": 85207.41, "Plan Rows": 32, "Plan Width": 25, "Inner Unique": true, "Plans": [{"Node Type": "Nested Loop", "Parent Relationship": "Outer", "Join Type": "Inner", "Startup Cost": 0.0, "Total Cost": 84958.94, "Plan Rows": 30, "Plan Width": 4, "Inner Unique": false, "Join Filter": "(ct.id = mc.company_type_id)", "Plans": [{"Node Type": "Index Scan", "Parent Relationship": "Outer", "Scan Direction": "Forward", "Index Name": "company_type_pkey", "Relation Name": "company_type", "Alias": "ct", "Startup Cost": 0.0, "Total Cost": 12.3, "Plan Rows": 1, "Plan Width": 4, "Filter": "((kind)::text = 'production companies'::text)"}, {"Node Type": "Materialize", "Parent Relationship": "Inner", "Startup Cost": 0.0, "Total Cost": 84946.04, "Plan Rows": 59, "Plan Width": 8, "Plans": [{"Node Type": "Streaming(type: LOCAL GATHER dop: 1/16)", "Parent Relationship": "Outer", "Startup Cost": 0.0, "Total Cost": 84945.9, "Plan Rows": 59, "Plan Width": 8, "Plans": [{"Node Type": "Index Scan", "Parent Relationship": "Outer", "Scan Direction": "Forward", "Index Name": "company_type_id_movie_companies", "Relation Name": "movie_companies", "Alias": "mc", "Startup Cost": 0.0, "Total Cost": 84944.62, "Plan Rows": 59, "Plan Width": 8, "Filter": "(((note)::text ~~ '%(VHS)%'::text) AND ((note)::text ~~ '%(USA)%'::text) AND ((note)::text ~~ '%(1994)%'::text))"}]}]}]}, {"Node Type": "Index Scan", "Parent Relationship": "Inner", "Scan Direction": "Forward", "Index Name": "title_pkey", "Relation Name": "title", "Alias": "t", "Startup Cost": 0.0, "Total Cost": 8.27, "Plan Rows": 1, "Plan Width": 21, "Index Cond": "(id = mc.movie_id)", "Filter": "(production_year > 2010)"}]}, {"Node Type": "Index Scan", "Parent Relationship": "Inner", "Scan Direction": "Forward", "Index Name": "movie_id_movie_info", "Relation Name": "movie_info", "Alias": "mi", "Startup Cost": 0.0, "Total Cost": 2.46, "Plan Rows": 1, "Plan Width": 8, "Index Cond": "(movie_id = t.id)", "Filter": "((info)::text = ANY ('{USA,America}'::text[]))"}]}, {"Node Type": "Index Only Scan", "Parent Relationship": "Inner", "Scan Direction": "Forward", "Index Name": "info_type_pkey", "Relation Name": "info_type", "Alias": "it", "Startup Cost": 0.0, "Total Cost": 0.27, "Plan Rows": 1, "Plan Width": 4, "Index Cond": "(id = mi.info_type_id)"}]}]}, "Unique SQL Id": 328306525, "Planner Runtime": 8}, "explain_analyze_plan": {"Plan": {"Node Type": "Aggregate", "Strategy": "Plain", "Startup Cost": 85293.18, "Total Cost": 85293.19, "Plan Rows": 1, "Plan Width": 49, "Actual Min Startup Time": 150.989, "Actual Max Startup Time": 150.989, "Actual Min Total Time": 150.989, "Actual Max Total Time": 150.989, "Plans": [{"Node Type": "Nested Loop", "Parent Relationship": "Outer", "Join Type": "Inner", "Startup Cost": 0.0, "Total Cost": 85293.12, "Plan Rows": 24, "Plan Width": 17, "Actual Min Startup Time": 150.979, "Actual Max Startup Time": 150.979, "Actual Min Total Time": 150.979, "Actual Max Total Time": 150.979, "Inner Unique": true, "Plans": [{"Node Type": "Nested Loop", "Parent Relationship": "Outer", "Join Type": "Inner", "Startup Cost": 0.0, "Total Cost": 85286.4, "Plan Rows": 24, "Plan Width": 21, "Actual Min Startup Time": 150.977, "Actual Max Startup Time": 150.977, "Actual Min Total Time": 150.977, "Actual Max Total Time": 150.977, "Inner Unique": false, "Plans": [{"Node Type": "Nested Loop", "Parent Relationship": "Outer", "Join Type": "Inner", "Startup Cost": 0.0, "Total Cost": 85207.41, "Plan Rows": 32, "Plan Width": 25, "Actual Min Startup Time": 150.977, "Actual Max Startup Time": 150.977, "Actual Min Total Time": 150.977, "Actual Max Total Time": 150.977, "Inner Unique": true, "Plans": [{"Node Type": "Nested Loop", "Parent Relationship": "Outer", "Join Type": "Inner", "Startup Cost": 0.0, "Total Cost": 84958.94, "Plan Rows": 30, "Plan Width": 4, "Actual Min Startup Time": 150.976, "Actual Max Startup Time": 150.976, "Actual Min Total Time": 150.976, "Actual Max Total Time": 150.976, "Inner Unique": false, "Join Filter": "(ct.id = mc.company_type_id)", "Rows Removed by Join Filter": 1418, "Plans": [{"Node Type": "Index Scan", "Parent Relationship": "Outer", "Scan Direction": "Forward", "Index Name": "company_type_pkey", "Relation Name": "company_type", "Alias": "ct", "Startup Cost": 0.0, "Total Cost": 12.3, "Plan Rows": 1, "Plan Width": 4, "Actual Min Startup Time": 0.046, "Actual Max Startup Time": 0.046, "Actual Min Total Time": 0.05, "Actual Max Total Time": 0.05, "Filter": "((kind)::text = 'production companies'::text)", "Rows Removed by Filter": 2, "Actual Rows": 1}, {"Node Type": "Materialize", "Parent Relationship": "Inner", "Startup Cost": 0.0, "Total Cost": 84946.04, "Plan Rows": 59, "Plan Width": 8, "Actual Min Startup Time": 150.438, "Actual Max Startup Time": 150.438, "Actual Min Total Time": 150.602, "Actual Max Total Time": 150.602, "Plans": [{"Node Type": "Streaming(type: LOCAL GATHER dop: 1/16)", "Parent Relationship": "Outer", "Startup Cost": 0.0, "Total Cost": 84945.9, "Plan Rows": 59, "Plan Width": 8, "Actual Min Startup Time": 66.76, "Actual Max Startup Time": 66.76, "Actual Min Total Time": 150.176, "Actual Max Total Time": 150.176, "Plans": [{"Node Type": "Index Scan", "Parent Relationship": "Outer", "Scan Direction": "Forward", "Index Name": "company_type_id_movie_companies", "Relation Name": "movie_companies", "Alias": "mc", "Startup Cost": 0.0, "Total Cost": 84944.62, "Plan Rows": 59, "Plan Width": 8, "Actual Min Startup Time": 16.096, "Actual Max Startup Time": 90.09, "Actual Min Total Time": 86.621, "Actual Max Total Time": 133.227, "Filter": "(((note)::text ~~ '%(VHS)%'::text) AND ((note)::text ~~ '%(USA)%'::text) AND ((note)::text ~~ '%(1994)%'::text))", "Rows Removed by Filter": 2607710, "Actual Rows": 1418}], "Actual Rows": 1418}], "Actual Rows": 1419}], "Actual Rows": 0}, {"Node Type": "Index Scan", "Parent Relationship": "Inner", "Scan Direction": "Forward", "Index Name": "title_pkey", "Relation Name": "title", "Alias": "t", "Startup Cost": 0.0, "Total Cost": 8.27, "Plan Rows": 1, "Plan Width": 21, "Actual Startup Time": 0.0, "Actual Total Time": 0.0, "Index Cond": "(id = mc.movie_id)", "Rows Removed by Index Recheck": 0, "Filter": "(production_year > 2010)", "Rows Removed by Filter": 0}], "Actual Rows": 0}, {"Node Type": "Index Scan", "Parent Relationship": "Inner", "Scan Direction": "Forward", "Index Name": "movie_id_movie_info", "Relation Name": "movie_info", "Alias": "mi", "Startup Cost": 0.0, "Total Cost": 2.46, "Plan Rows": 1, "Plan Width": 8, "Actual Startup Time": 0.0, "Actual Total Time": 0.0, "Index Cond": "(movie_id = t.id)", "Rows Removed by Index Recheck": 0, "Filter": "((info)::text = ANY ('{USA,America}'::text[]))", "Rows Removed by Filter": 0}], "Actual Rows": 0}, {"Node Type": "Index Only Scan", "Parent Relationship": "Inner", "Scan Direction": "Forward", "Index Name": "info_type_pkey", "Relation Name": "info_type", "Alias": "it", "Startup Cost": 0.0, "Total Cost": 0.27, "Plan Rows": 1, "Plan Width": 4, "Actual Startup Time": 0.0, "Actual Total Time": 0.0, "Index Cond": "(id = mi.info_type_id)", "Rows Removed by Index Recheck": 0, "Heap Fetches": 0}], "Actual Rows": 0}], "Actual Rows": 1}, "Triggers": [], "Planner Runtime": 9.823, "Total Runtime": 153.389, "Unique SQL Id": 328306525}}, "(16, '42')": {"explain_plan": {"Plan": {"Node Type": "Aggregate", "Strategy": "Plain", "Startup Cost": 98174.28, "Total Cost": 98174.29, "Plan Rows": 1, "Plan Width": 49, "Plans": [{"Node Type": "Nested Loop", "Parent Relationship": "Outer", "Join Type": "Inner", "Startup Cost": 47429.58, "Total Cost": 98174.22, "Plan Rows": 24, "Plan Width": 17, "Inner Unique": false, "Join Filter": "(mi.info_type_id = it.id)", "Plans": [{"Node Type": "Seq Scan", "Parent Relationship": "Outer", "Relation Name": "info_type", "Alias": "it", "Startup Cost": 0.0, "Total Cost": 2.12, "Plan Rows": 112, "Plan Width": 4}, {"Node Type": "Materialize", "Parent Relationship": "Inner", "Startup Cost": 47429.58, "Total Cost": 98131.84, "Plan Rows": 24, "Plan Width": 21, "Plans": [{"Node Type": "Hash Join", "Parent Relationship": "Outer", "Join Type": "Inner", "Startup Cost": 47429.58, "Total Cost": 98131.72, "Plan Rows": 24, "Plan Width": 21, "Inner Unique": false, "Hash Cond": "(mi.movie_id = t.id)", "Plans": [{"Node Type": "Streaming(type: LOCAL GATHER dop: 1/16)", "Parent Relationship": "Outer", "Startup Cost": 0.0, "Total Cost": 48508.43, "Plan Rows": 584897, "Plan Width": 8, "Plans": [{"Node Type": "Seq Scan", "Parent Relationship": "Outer", "Relation Name": "movie_info", "Alias": "mi", "Startup Cost": 0.0, "Total Cost": 35885.16, "Plan Rows": 584897, "Plan Width": 8, "Filter": "((info)::text = ANY ('{USA,America}'::text[]))"}]}, {"Node Type": "Hash", "Parent Relationship": "Inner", "Startup Cost": 47429.18, "Total Cost": 47429.18, "Plan Rows": 32, "Plan Width": 25, "Plans": [{"Node Type": "Hash Join", "Parent Relationship": "Outer", "Join Type": "Inner", "Startup Cost": 18840.03, "Total Cost": 47429.18, "Plan Rows": 32, "Plan Width": 25, "Inner Unique": false, "Hash Cond": "(t.id = mc.movie_id)", "Plans": [{"Node Type": "Streaming(type: LOCAL GATHER dop: 1/16)", "Parent Relationship": "Outer", "Startup Cost": 0.0, "Total Cost": 27597.68, "Plan Rows": 391451, "Plan Width": 21, "Plans": [{"Node Type": "Seq Scan", "Parent Relationship": "Outer", "Relation Name": "title", "Alias": "t", "Startup Cost": 0.0, "Total Cost": 19149.37, "Plan Rows": 391451, "Plan Width": 21, "Filter": "(production_year > 2010), (LLVM Optimized)"}]}, {"Node Type": "Hash", "Parent Relationship": "Inner", "Startup Cost": 18839.66, "Total Cost": 18839.66, "Plan Rows": 30, "Plan Width": 4, "Plans": [{"Node Type": "Nested Loop", "Parent Relationship": "Outer", "Join Type": "Inner", "Startup Cost": 0.0, "Total Cost": 18839.66, "Plan Rows": 30, "Plan Width": 4, "Inner Unique": false, "Join Filter": "(ct.id = mc.company_type_id)", "Plans": [{"Node Type": "Seq Scan", "Parent Relationship": "Outer", "Relation Name": "company_type", "Alias": "ct", "Startup Cost": 0.0, "Total Cost": 1.04, "Plan Rows": 1, "Plan Width": 4, "Filter": "((kind)::text = 'production companies'::text)"}, {"Node Type": "Materialize", "Parent Relationship": "Inner", "Startup Cost": 0.0, "Total Cost": 18838.03, "Plan Rows": 59, "Plan Width": 8, "Plans": [{"Node Type": "Streaming(type: LOCAL GATHER dop: 1/16)", "Parent Relationship": "Outer", "Startup Cost": 0.0, "Total Cost": 18837.88, "Plan Rows": 59, "Plan Width": 8, "Plans": [{"Node Type": "Seq Scan", "Parent Relationship": "Outer", "Relation Name": "movie_companies", "Alias": "mc", "Startup Cost": 0.0, "Total Cost": 18836.61, "Plan Rows": 59, "Plan Width": 8, "Filter": "(((note)::text ~~ '%(VHS)%'::text) AND ((note)::text ~~ '%(USA)%'::text) AND ((note)::text ~~ '%(1994)%'::text))"}]}]}]}]}]}]}]}]}]}]}, "Unique SQL Id": 328306525, "Planner Runtime": 17}, "explain_analyze_plan": {"Plan": {"Node Type": "Aggregate", "Strategy": "Plain", "Startup Cost": 98174.28, "Total Cost": 98174.29, "Plan Rows": 1, "Plan Width": 49, "Actual Min Startup Time": 145.841, "Actual Max Startup Time": 145.841, "Actual Min Total Time": 145.842, "Actual Max Total Time": 145.842, "Plans": [{"Node Type": "Nested Loop", "Parent Relationship": "Outer", "Join Type": "Inner", "Startup Cost": 47429.58, "Total Cost": 98174.22, "Plan Rows": 24, "Plan Width": 17, "Actual Min Startup Time": 145.83, "Actual Max Startup Time": 145.83, "Actual Min Total Time": 145.83, "Actual Max Total Time": 145.83, "Inner Unique": false, "Join Filter": "(mi.info_type_id = it.id)", "Rows Removed by Join Filter": 0, "Plans": [{"Node Type": "Seq Scan", "Parent Relationship": "Outer", "Relation Name": "info_type", "Alias": "it", "Startup Cost": 0.0, "Total Cost": 2.12, "Plan Rows": 112, "Plan Width": 4, "Actual Min Startup Time": 0.025, "Actual Max Startup Time": 0.025, "Actual Min Total Time": 0.04, "Actual Max Total Time": 0.04, "Actual Rows": 112}, {"Node Type": "Materialize", "Parent Relationship": "Inner", "Startup Cost": 47429.58, "Total Cost": 98131.84, "Plan Rows": 24, "Plan Width": 21, "Actual Min Startup Time": 145.755, "Actual Max Startup Time": 145.755, "Actual Min Total Time": 145.755, "Actual Max Total Time": 145.755, "Plans": [{"Node Type": "Hash Join", "Parent Relationship": "Outer", "Join Type": "Inner", "Startup Cost": 47429.58, "Total Cost": 98131.72, "Plan Rows": 24, "Plan Width": 21, "Actual Min Startup Time": 145.739, "Actual Max Startup Time": 145.739, "Actual Min Total Time": 145.739, "Actual Max Total Time": 145.739, "Inner Unique": false, "Hash Cond": "(mi.movie_id = t.id)", "Plans": [{"Node Type": "Streaming(type: LOCAL GATHER dop: 1/16)", "Parent Relationship": "Outer", "Startup Cost": 0.0, "Total Cost": 48508.43, "Plan Rows": 584897, "Plan Width": 8, "Actual Startup Time": 0.0, "Actual Total Time": 0.0, "Plans": [{"Node Type": "Seq Scan", "Parent Relationship": "Outer", "Relation Name": "movie_info", "Alias": "mi", "Startup Cost": 0.0, "Total Cost": 35885.16, "Plan Rows": 584897, "Plan Width": 8, "Actual Min Startup Time": 24.505, "Actual Max Startup Time": 34.418, "Actual Min Total Time": 35.124, "Actual Max Total Time": 44.167, "Filter": "((info)::text = ANY ('{USA,America}'::text[]))", "Rows Removed by Filter": 1491212, "Actual Rows": 1616}]}, {"Node Type": "Hash", "Parent Relationship": "Inner", "Startup Cost": 47429.18, "Total Cost": 47429.18, "Plan Rows": 32, "Plan Width": 25, "Actual Min Startup Time": 145.593, "Actual Max Startup Time": 145.593, "Actual Min Total Time": 145.593, "Actual Max Total Time": 145.593, "Max Hash Buckets": 32768, "Min Hash Buckets": 32768, "Max Hash Batches": 1, "Min Hash Batches": 1, "Max Original Hash Batches": 1, "Min Original Hash Batches": 1, "Max Peak Memory Usage": 0, "min Peak Memory Usage": 0, "Plans": [{"Node Type": "Hash Join", "Parent Relationship": "Outer", "Join Type": "Inner", "Startup Cost": 18840.03, "Total Cost": 47429.18, "Plan Rows": 32, "Plan Width": 25, "Actual Min Startup Time": 145.59, "Actual Max Startup Time": 145.59, "Actual Min Total Time": 145.59, "Actual Max Total Time": 145.59, "Inner Unique": false, "Hash Cond": "(t.id = mc.movie_id)", "Plans": [{"Node Type": "Streaming(type: LOCAL GATHER dop: 1/16)", "Parent Relationship": "Outer", "Startup Cost": 0.0, "Total Cost": 27597.68, "Plan Rows": 391451, "Plan Width": 21, "Actual Startup Time": 0.0, "Actual Total Time": 0.0, "Plans": [{"Node Type": "Seq Scan", "Parent Relationship": "Outer", "Relation Name": "title", "Alias": "t", "Startup Cost": 0.0, "Total Cost": 19149.37, "Plan Rows": 391451, "Plan Width": 21, "Actual Min Startup Time": 0.029, "Actual Max Startup Time": 0.047, "Actual Min Total Time": 0.222, "Actual Max Total Time": 0.269, "Filter": "(production_year > 2010), (LLVM Optimized)", "Rows Removed by Filter": 7486, "Actual Rows": 1616}]}, {"Node Type": "Hash", "Parent Relationship": "Inner", "Startup Cost": 18839.66, "Total Cost": 18839.66, "Plan Rows": 30, "Plan Width": 4, "Actual Min Startup Time": 145.499, "Actual Max Startup Time": 145.499, "Actual Min Total Time": 145.499, "Actual Max Total Time": 145.499, "Max Hash Buckets": 32768, "Min Hash Buckets": 32768, "Max Hash Batches": 1, "Min Hash Batches": 1, "Max Original Hash Batches": 1, "Min Original Hash Batches": 1, "Max Peak Memory Usage": 0, "min Peak Memory Usage": 0, "Plans": [{"Node Type": "Nested Loop", "Parent Relationship": "Outer", "Join Type": "Inner", "Startup Cost": 0.0, "Total Cost": 18839.66, "Plan Rows": 30, "Plan Width": 4, "Actual Min Startup Time": 145.496, "Actual Max Startup Time": 145.496, "Actual Min Total Time": 145.496, "Actual Max Total Time": 145.496, "Inner Unique": false, "Join Filter": "(ct.id = mc.company_type_id)", "Rows Removed by Join Filter": 1418, "Plans": [{"Node Type": "Seq Scan", "Parent Relationship": "Outer", "Relation Name": "company_type", "Alias": "ct", "Startup Cost": 0.0, "Total Cost": 1.04, "Plan Rows": 1, "Plan Width": 4, "Actual Min Startup Time": 0.042, "Actual Max Startup Time": 0.042, "Actual Min Total Time": 0.045, "Actual Max Total Time": 0.045, "Filter": "((kind)::text = 'production companies'::text)", "Rows Removed by Filter": 2, "Actual Rows": 1}, {"Node Type": "Materialize", "Parent Relationship": "Inner", "Startup Cost": 0.0, "Total Cost": 18838.03, "Plan Rows": 59, "Plan Width": 8, "Actual Min Startup Time": 144.984, "Actual Max Startup Time": 144.984, "Actual Min Total Time": 145.121, "Actual Max Total Time": 145.121, "Plans": [{"Node Type": "Streaming(type: LOCAL GATHER dop: 1/16)", "Parent Relationship": "Outer", "Startup Cost": 0.0, "Total Cost": 18837.88, "Plan Rows": 59, "Plan Width": 8, "Actual Min Startup Time": 87.457, "Actual Max Startup Time": 87.457, "Actual Min Total Time": 144.747, "Actual Max Total Time": 144.747, "Plans": [{"Node Type": "Seq Scan", "Parent Relationship": "Outer", "Relation Name": "movie_companies", "Alias": "mc", "Startup Cost": 0.0, "Total Cost": 18836.61, "Plan Rows": 59, "Plan Width": 8, "Actual Min Startup Time": 1.009, "Actual Max Startup Time": 12.231, "Actual Min Total Time": 54.368, "Actual Max Total Time": 60.87, "Filter": "(((note)::text ~~ '%(VHS)%'::text) AND ((note)::text ~~ '%(USA)%'::text) AND ((note)::text ~~ '%(1994)%'::text))", "Rows Removed by Filter": 2607710, "Actual Rows": 1418}], "Actual Rows": 1418}], "Actual Rows": 1419}], "Actual Rows": 0}], "Actual Rows": 0}], "Actual Rows": 0}], "Actual Rows": 0}], "Actual Rows": 0}], "Actual Rows": 0}], "Actual Rows": 0}], "Actual Rows": 1}, "Triggers": [], "Planner Runtime": 20.163, "Total Runtime": 163.256, "Unique SQL Id": 328306525}}, "(16, '43')": {"explain_plan": {"Plan": {"Node Type": "Aggregate", "Strategy": "Plain", "Startup Cost": 5000130950084.58, "Total Cost": 5000130950084.59, "Plan Rows": 1, "Plan Width": 49, "Plans": [{"Node Type": "Nested Loop", "Parent Relationship": "Outer", "Join Type": "Inner", "Startup Cost": 50000000000.0, "Total Cost": 5000130950084.52, "Plan Rows": 24, "Plan Width": 17, "Inner Unique": true, "Join Filter": "(mi.info_type_id = it.id)", "Plans": [{"Node Type": "Nested Loop", "Parent Relationship": "Outer", "Join Type": "Inner", "Startup Cost": 40000000000.0, "Total Cost": 4000130949050.92, "Plan Rows": 24, "Plan Width": 21, "Inner Unique": false, "Join Filter": "(t.id = mi.movie_id)", "Plans": [{"Node Type": "Index Scan", "Parent Relationship": "Outer", "Scan Direction": "Forward", "Index Name": "info_type_id_movie_info", "Relation Name": "movie_info", "Alias": "mi", "Startup Cost": 10000000000.0, "Total Cost": 1000107401445.12, "Plan Rows": 584897, "Plan Width": 8, "Filter": "((info)::text = ANY ('{USA,America}'::text[]))"}, {"Node Type": "Materialize", "Parent Relationship": "Inner", "Startup Cost": 30000000000.0, "Total Cost": 3000023266855.32, "Plan Rows": 32, "Plan Width": 25, "Plans": [{"Node Type": "Nested Loop", "Parent Relationship": "Outer", "Join Type": "Inner", "Startup Cost": 30000000000.0, "Total Cost": 3000023266855.16, "Plan Rows": 32, "Plan Width": 25, "Inner Unique": true, "Join Filter": "(mc.company_type_id = ct.id)", "Plans": [{"Node Type": "Nested Loop", "Parent Relationship": "Outer", "Join Type": "Inner", "Startup Cost": 20000000000.0, "Total Cost": 2000023265623.95, "Plan Rows": 64, "Plan Width": 29, "Inner Unique": false, "Join Filter": "(mc.movie_id = t.id)", "Plans": [{"Node Type": "Index Scan", "Parent Relationship": "Outer", "Scan Direction": "Forward", "Index Name": "title_pkey", "Relation Name": "title", "Alias": "t", "Startup Cost": 10000000000.0, "Total Cost": 1000011644126.66, "Plan Rows": 391451, "Plan Width": 21, "Filter": "(production_year > 2010), (LLVM Optimized)"}, {"Node Type": "Materialize", "Parent Relationship": "Inner", "Startup Cost": 10000000000.0, "Total Cost": 1000011275063.29, "Plan Rows": 59, "Plan Width": 8, "Plans": [{"Node Type": "Index Scan", "Parent Relationship": "Outer", "Scan Direction": "Forward", "Index Name": "company_type_id_movie_companies", "Relation Name": "movie_companies", "Alias": "mc", "Startup Cost": 10000000000.0, "Total Cost": 1000011275063.0, "Plan Rows": 59, "Plan Width": 8, "Filter": "(((note)::text ~~ '%(VHS)%'::text) AND ((note)::text ~~ '%(USA)%'::text) AND ((note)::text ~~ '%(1994)%'::text))"}]}]}, {"Node Type": "Materialize", "Parent Relationship": "Inner", "Startup Cost": 10000000000.0, "Total Cost": 1000000001230.26, "Plan Rows": 1, "Plan Width": 4, "Plans": [{"Node Type": "Index Scan", "Parent Relationship": "Outer", "Scan Direction": "Forward", "Index Name": "company_type_pkey", "Relation Name": "company_type", "Alias": "ct", "Startup Cost": 10000000000.0, "Total Cost": 1000000001230.25, "Plan Rows": 1, "Plan Width": 4, "Filter": "((kind)::text = 'production companies'::text)"}]}]}]}]}, {"Node Type": "Materialize", "Parent Relationship": "Inner", "Startup Cost": 10000000000.0, "Total Cost": 1000000000993.56, "Plan Rows": 112, "Plan Width": 4, "Plans": [{"Node Type": "Index Only Scan", "Parent Relationship": "Outer", "Scan Direction": "Forward", "Index Name": "info_type_pkey", "Relation Name": "info_type", "Alias": "it", "Startup Cost": 10000000000.0, "Total Cost": 1000000000993.0, "Plan Rows": 112, "Plan Width": 4}]}]}]}, "Unique SQL Id": 328306525, "Planner Runtime": 6}, "explain_analyze_plan": null}, "(16, '44')": {"explain_plan": {"Plan": {"Node Type": "Aggregate", "Strategy": "Plain", "Startup Cost": 19173.9, "Total Cost": 19173.91, "Plan Rows": 1, "Plan Width": 49, "Plans": [{"Node Type": "Nested Loop", "Parent Relationship": "Outer", "Join Type": "Inner", "Startup Cost": 0.0, "Total Cost": 19173.84, "Plan Rows": 24, "Plan Width": 17, "Inner Unique": true, "Plans": [{"Node Type": "Nested Loop", "Parent Relationship": "Outer", "Join Type": "Inner", "Startup Cost": 0.0, "Total Cost": 19167.12, "Plan Rows": 24, "Plan Width": 21, "Inner Unique": false, "Plans": [{"Node Type": "Nested Loop", "Parent Relationship": "Outer", "Join Type": "Inner", "Startup Cost": 0.0, "Total Cost": 19088.13, "Plan Rows": 32, "Plan Width": 25, "Inner Unique": true, "Plans": [{"Node Type": "Nested Loop", "Parent Relationship": "Outer", "Join Type": "Inner", "Startup Cost": 0.0, "Total Cost": 18839.66, "Plan Rows": 30, "Plan Width": 4, "Inner Unique": false, "Join Filter": "(ct.id = mc.company_type_id)", "Plans": [{"Node Type": "Seq Scan", "Parent Relationship": "Outer", "Relation Name": "company_type", "Alias": "ct", "Startup Cost": 0.0, "Total Cost": 1.04, "Plan Rows": 1, "Plan Width": 4, "Filter": "((kind)::text = 'production companies'::text)"}, {"Node Type": "Materialize", "Parent Relationship": "Inner", "Startup Cost": 0.0, "Total Cost": 18838.03, "Plan Rows": 59, "Plan Width": 8, "Plans": [{"Node Type": "Streaming(type: LOCAL GATHER dop: 1/16)", "Parent Relationship": "Outer", "Startup Cost": 0.0, "Total Cost": 18837.88, "Plan Rows": 59, "Plan Width": 8, "Plans": [{"Node Type": "Seq Scan", "Parent Relationship": "Outer", "Relation Name": "movie_companies", "Alias": "mc", "Startup Cost": 0.0, "Total Cost": 18836.61, "Plan Rows": 59, "Plan Width": 8, "Filter": "(((note)::text ~~ '%(VHS)%'::text) AND ((note)::text ~~ '%(USA)%'::text) AND ((note)::text ~~ '%(1994)%'::text))"}]}]}]}, {"Node Type": "Index Scan", "Parent Relationship": "Inner", "Scan Direction": "Forward", "Index Name": "title_pkey", "Relation Name": "title", "Alias": "t", "Startup Cost": 0.0, "Total Cost": 8.27, "Plan Rows": 1, "Plan Width": 21, "Index Cond": "(id = mc.movie_id)", "Filter": "(production_year > 2010)"}]}, {"Node Type": "Index Scan", "Parent Relationship": "Inner", "Scan Direction": "Forward", "Index Name": "movie_id_movie_info", "Relation Name": "movie_info", "Alias": "mi", "Startup Cost": 0.0, "Total Cost": 2.46, "Plan Rows": 1, "Plan Width": 8, "Index Cond": "(movie_id = t.id)", "Filter": "((info)::text = ANY ('{USA,America}'::text[]))"}]}, {"Node Type": "Index Scan", "Parent Relationship": "Inner", "Scan Direction": "Forward", "Index Name": "info_type_pkey", "Relation Name": "info_type", "Alias": "it", "Startup Cost": 0.0, "Total Cost": 0.27, "Plan Rows": 1, "Plan Width": 4, "Index Cond": "(id = mi.info_type_id)"}]}]}, "Unique SQL Id": 328306525, "Planner Runtime": 8}, "explain_analyze_plan": {"Plan": {"Node Type": "Aggregate", "Strategy": "Plain", "Startup Cost": 19173.9, "Total Cost": 19173.91, "Plan Rows": 1, "Plan Width": 49, "Actual Min Startup Time": 82.106, "Actual Max Startup Time": 82.106, "Actual Min Total Time": 82.107, "Actual Max Total Time": 82.107, "Plans": [{"Node Type": "Nested Loop", "Parent Relationship": "Outer", "Join Type": "Inner", "Startup Cost": 0.0, "Total Cost": 19173.84, "Plan Rows": 24, "Plan Width": 17, "Actual Min Startup Time": 82.087, "Actual Max Startup Time": 82.087, "Actual Min Total Time": 82.087, "Actual Max Total Time": 82.087, "Inner Unique": true, "Plans": [{"Node Type": "Nested Loop", "Parent Relationship": "Outer", "Join Type": "Inner", "Startup Cost": 0.0, "Total Cost": 19167.12, "Plan Rows": 24, "Plan Width": 21, "Actual Min Startup Time": 82.085, "Actual Max Startup Time": 82.085, "Actual Min Total Time": 82.085, "Actual Max Total Time": 82.085, "Inner Unique": false, "Plans": [{"Node Type": "Nested Loop", "Parent Relationship": "Outer", "Join Type": "Inner", "Startup Cost": 0.0, "Total Cost": 19088.13, "Plan Rows": 32, "Plan Width": 25, "Actual Min Startup Time": 82.085, "Actual Max Startup Time": 82.085, "Actual Min Total Time": 82.085, "Actual Max Total Time": 82.085, "Inner Unique": true, "Plans": [{"Node Type": "Nested Loop", "Parent Relationship": "Outer", "Join Type": "Inner", "Startup Cost": 0.0, "Total Cost": 18839.66, "Plan Rows": 30, "Plan Width": 4, "Actual Min Startup Time": 82.084, "Actual Max Startup Time": 82.084, "Actual Min Total Time": 82.084, "Actual Max Total Time": 82.084, "Inner Unique": false, "Join Filter": "(ct.id = mc.company_type_id)", "Rows Removed by Join Filter": 1418, "Plans": [{"Node Type": "Seq Scan", "Parent Relationship": "Outer", "Relation Name": "company_type", "Alias": "ct", "Startup Cost": 0.0, "Total Cost": 1.04, "Plan Rows": 1, "Plan Width": 4, "Actual Min Startup Time": 0.038, "Actual Max Startup Time": 0.038, "Actual Min Total Time": 0.041, "Actual Max Total Time": 0.041, "Filter": "((kind)::text = 'production companies'::text)", "Rows Removed by Filter": 2, "Actual Rows": 1}, {"Node Type": "Materialize", "Parent Relationship": "Inner", "Startup Cost": 0.0, "Total Cost": 18838.03, "Plan Rows": 59, "Plan Width": 8, "Actual Min Startup Time": 81.576, "Actual Max Startup Time": 81.576, "Actual Min Total Time": 81.713, "Actual Max Total Time": 81.713, "Plans": [{"Node Type": "Streaming(type: LOCAL GATHER dop: 1/16)", "Parent Relationship": "Outer", "Startup Cost": 0.0, "Total Cost": 18837.88, "Plan Rows": 59, "Plan Width": 8, "Actual Min Startup Time": 45.285, "Actual Max Startup Time": 45.285, "Actual Min Total Time": 81.331, "Actual Max Total Time": 81.331, "Plans": [{"Node Type": "Seq Scan", "Parent Relationship": "Outer", "Relation Name": "movie_companies", "Alias": "mc", "Startup Cost": 0.0, "Total Cost": 18836.61, "Plan Rows": 59, "Plan Width": 8, "Actual Min Startup Time": 1.004, "Actual Max Startup Time": 12.22, "Actual Min Total Time": 54.35, "Actual Max Total Time": 60.791, "Filter": "(((note)::text ~~ '%(VHS)%'::text) AND ((note)::text ~~ '%(USA)%'::text) AND ((note)::text ~~ '%(1994)%'::text))", "Rows Removed by Filter": 2607710, "Actual Rows": 1418}], "Actual Rows": 1418}], "Actual Rows": 1419}], "Actual Rows": 0}, {"Node Type": "Index Scan", "Parent Relationship": "Inner", "Scan Direction": "Forward", "Index Name": "title_pkey", "Relation Name": "title", "Alias": "t", "Startup Cost": 0.0, "Total Cost": 8.27, "Plan Rows": 1, "Plan Width": 21, "Actual Startup Time": 0.0, "Actual Total Time": 0.0, "Index Cond": "(id = mc.movie_id)", "Rows Removed by Index Recheck": 0, "Filter": "(production_year > 2010)", "Rows Removed by Filter": 0}], "Actual Rows": 0}, {"Node Type": "Index Scan", "Parent Relationship": "Inner", "Scan Direction": "Forward", "Index Name": "movie_id_movie_info", "Relation Name": "movie_info", "Alias": "mi", "Startup Cost": 0.0, "Total Cost": 2.46, "Plan Rows": 1, "Plan Width": 8, "Actual Startup Time": 0.0, "Actual Total Time": 0.0, "Index Cond": "(movie_id = t.id)", "Rows Removed by Index Recheck": 0, "Filter": "((info)::text = ANY ('{USA,America}'::text[]))", "Rows Removed by Filter": 0}], "Actual Rows": 0}, {"Node Type": "Index Scan", "Parent Relationship": "Inner", "Scan Direction": "Forward", "Index Name": "info_type_pkey", "Relation Name": "info_type", "Alias": "it", "Startup Cost": 0.0, "Total Cost": 0.27, "Plan Rows": 1, "Plan Width": 4, "Actual Startup Time": 0.0, "Actual Total Time": 0.0, "Index Cond": "(id = mi.info_type_id)", "Rows Removed by Index Recheck": 0}], "Actual Rows": 0}], "Actual Rows": 1}, "Triggers": [], "Planner Runtime": 10.153, "Total Runtime": 84.649, "Unique SQL Id": 328306525}}, "(16, '45')": {"explain_plan": {"Plan": {"Node Type": "Aggregate", "Strategy": "Plain", "Startup Cost": 85293.18, "Total Cost": 85293.19, "Plan Rows": 1, "Plan Width": 49, "Plans": [{"Node Type": "Nested Loop", "Parent Relationship": "Outer", "Join Type": "Inner", "Startup Cost": 0.0, "Total Cost": 85293.12, "Plan Rows": 24, "Plan Width": 17, "Inner Unique": true, "Plans": [{"Node Type": "Nested Loop", "Parent Relationship": "Outer", "Join Type": "Inner", "Startup Cost": 0.0, "Total Cost": 85286.4, "Plan Rows": 24, "Plan Width": 21, "Inner Unique": false, "Plans": [{"Node Type": "Nested Loop", "Parent Relationship": "Outer", "Join Type": "Inner", "Startup Cost": 0.0, "Total Cost": 85207.41, "Plan Rows": 32, "Plan Width": 25, "Inner Unique": true, "Plans": [{"Node Type": "Nested Loop", "Parent Relationship": "Outer", "Join Type": "Inner", "Startup Cost": 0.0, "Total Cost": 84958.94, "Plan Rows": 30, "Plan Width": 4, "Inner Unique": false, "Join Filter": "(ct.id = mc.company_type_id)", "Plans": [{"Node Type": "Index Scan", "Parent Relationship": "Outer", "Scan Direction": "Forward", "Index Name": "company_type_pkey", "Relation Name": "company_type", "Alias": "ct", "Startup Cost": 0.0, "Total Cost": 12.3, "Plan Rows": 1, "Plan Width": 4, "Filter": "((kind)::text = 'production companies'::text)"}, {"Node Type": "Materialize", "Parent Relationship": "Inner", "Startup Cost": 0.0, "Total Cost": 84946.04, "Plan Rows": 59, "Plan Width": 8, "Plans": [{"Node Type": "Streaming(type: LOCAL GATHER dop: 1/16)", "Parent Relationship": "Outer", "Startup Cost": 0.0, "Total Cost": 84945.9, "Plan Rows": 59, "Plan Width": 8, "Plans": [{"Node Type": "Index Scan", "Parent Relationship": "Outer", "Scan Direction": "Forward", "Index Name": "company_type_id_movie_companies", "Relation Name": "movie_companies", "Alias": "mc", "Startup Cost": 0.0, "Total Cost": 84944.62, "Plan Rows": 59, "Plan Width": 8, "Filter": "(((note)::text ~~ '%(VHS)%'::text) AND ((note)::text ~~ '%(USA)%'::text) AND ((note)::text ~~ '%(1994)%'::text))"}]}]}]}, {"Node Type": "Index Scan", "Parent Relationship": "Inner", "Scan Direction": "Forward", "Index Name": "title_pkey", "Relation Name": "title", "Alias": "t", "Startup Cost": 0.0, "Total Cost": 8.27, "Plan Rows": 1, "Plan Width": 21, "Index Cond": "(id = mc.movie_id)", "Filter": "(production_year > 2010)"}]}, {"Node Type": "Index Scan", "Parent Relationship": "Inner", "Scan Direction": "Forward", "Index Name": "movie_id_movie_info", "Relation Name": "movie_info", "Alias": "mi", "Startup Cost": 0.0, "Total Cost": 2.46, "Plan Rows": 1, "Plan Width": 8, "Index Cond": "(movie_id = t.id)", "Filter": "((info)::text = ANY ('{USA,America}'::text[]))"}]}, {"Node Type": "Index Scan", "Parent Relationship": "Inner", "Scan Direction": "Forward", "Index Name": "info_type_pkey", "Relation Name": "info_type", "Alias": "it", "Startup Cost": 0.0, "Total Cost": 0.27, "Plan Rows": 1, "Plan Width": 4, "Index Cond": "(id = mi.info_type_id)"}]}]}, "Unique SQL Id": 328306525, "Planner Runtime": 8}, "explain_analyze_plan": {"Plan": {"Node Type": "Aggregate", "Strategy": "Plain", "Startup Cost": 85293.18, "Total Cost": 85293.19, "Plan Rows": 1, "Plan Width": 49, "Actual Min Startup Time": 153.891, "Actual Max Startup Time": 153.891, "Actual Min Total Time": 153.892, "Actual Max Total Time": 153.892, "Plans": [{"Node Type": "Nested Loop", "Parent Relationship": "Outer", "Join Type": "Inner", "Startup Cost": 0.0, "Total Cost": 85293.12, "Plan Rows": 24, "Plan Width": 17, "Actual Min Startup Time": 153.883, "Actual Max Startup Time": 153.883, "Actual Min Total Time": 153.883, "Actual Max Total Time": 153.883, "Inner Unique": true, "Plans": [{"Node Type": "Nested Loop", "Parent Relationship": "Outer", "Join Type": "Inner", "Startup Cost": 0.0, "Total Cost": 85286.4, "Plan Rows": 24, "Plan Width": 21, "Actual Min Startup Time": 153.881, "Actual Max Startup Time": 153.881, "Actual Min Total Time": 153.881, "Actual Max Total Time": 153.881, "Inner Unique": false, "Plans": [{"Node Type": "Nested Loop", "Parent Relationship": "Outer", "Join Type": "Inner", "Startup Cost": 0.0, "Total Cost": 85207.41, "Plan Rows": 32, "Plan Width": 25, "Actual Min Startup Time": 153.88, "Actual Max Startup Time": 153.88, "Actual Min Total Time": 153.88, "Actual Max Total Time": 153.88, "Inner Unique": true, "Plans": [{"Node Type": "Nested Loop", "Parent Relationship": "Outer", "Join Type": "Inner", "Startup Cost": 0.0, "Total Cost": 84958.94, "Plan Rows": 30, "Plan Width": 4, "Actual Min Startup Time": 153.88, "Actual Max Startup Time": 153.88, "Actual Min Total Time": 153.88, "Actual Max Total Time": 153.88, "Inner Unique": false, "Join Filter": "(ct.id = mc.company_type_id)", "Rows Removed by Join Filter": 1418, "Plans": [{"Node Type": "Index Scan", "Parent Relationship": "Outer", "Scan Direction": "Forward", "Index Name": "company_type_pkey", "Relation Name": "company_type", "Alias": "ct", "Startup Cost": 0.0, "Total Cost": 12.3, "Plan Rows": 1, "Plan Width": 4, "Actual Min Startup Time": 0.047, "Actual Max Startup Time": 0.047, "Actual Min Total Time": 0.052, "Actual Max Total Time": 0.052, "Filter": "((kind)::text = 'production companies'::text)", "Rows Removed by Filter": 2, "Actual Rows": 1}, {"Node Type": "Materialize", "Parent Relationship": "Inner", "Startup Cost": 0.0, "Total Cost": 84946.04, "Plan Rows": 59, "Plan Width": 8, "Actual Min Startup Time": 153.359, "Actual Max Startup Time": 153.359, "Actual Min Total Time": 153.492, "Actual Max Total Time": 153.492, "Plans": [{"Node Type": "Streaming(type: LOCAL GATHER dop: 1/16)", "Parent Relationship": "Outer", "Startup Cost": 0.0, "Total Cost": 84945.9, "Plan Rows": 59, "Plan Width": 8, "Actual Min Startup Time": 69.339, "Actual Max Startup Time": 69.339, "Actual Min Total Time": 153.095, "Actual Max Total Time": 153.095, "Plans": [{"Node Type": "Index Scan", "Parent Relationship": "Outer", "Scan Direction": "Forward", "Index Name": "company_type_id_movie_companies", "Relation Name": "movie_companies", "Alias": "mc", "Startup Cost": 0.0, "Total Cost": 84944.62, "Plan Rows": 59, "Plan Width": 8, "Actual Min Startup Time": 18.666, "Actual Max Startup Time": 91.737, "Actual Min Total Time": 88.45, "Actual Max Total Time": 136.558, "Filter": "(((note)::text ~~ '%(VHS)%'::text) AND ((note)::text ~~ '%(USA)%'::text) AND ((note)::text ~~ '%(1994)%'::text))", "Rows Removed by Filter": 2607710, "Actual Rows": 1418}], "Actual Rows": 1418}], "Actual Rows": 1419}], "Actual Rows": 0}, {"Node Type": "Index Scan", "Parent Relationship": "Inner", "Scan Direction": "Forward", "Index Name": "title_pkey", "Relation Name": "title", "Alias": "t", "Startup Cost": 0.0, "Total Cost": 8.27, "Plan Rows": 1, "Plan Width": 21, "Actual Startup Time": 0.0, "Actual Total Time": 0.0, "Index Cond": "(id = mc.movie_id)", "Rows Removed by Index Recheck": 0, "Filter": "(production_year > 2010)", "Rows Removed by Filter": 0}], "Actual Rows": 0}, {"Node Type": "Index Scan", "Parent Relationship": "Inner", "Scan Direction": "Forward", "Index Name": "movie_id_movie_info", "Relation Name": "movie_info", "Alias": "mi", "Startup Cost": 0.0, "Total Cost": 2.46, "Plan Rows": 1, "Plan Width": 8, "Actual Startup Time": 0.0, "Actual Total Time": 0.0, "Index Cond": "(movie_id = t.id)", "Rows Removed by Index Recheck": 0, "Filter": "((info)::text = ANY ('{USA,America}'::text[]))", "Rows Removed by Filter": 0}], "Actual Rows": 0}, {"Node Type": "Index Scan", "Parent Relationship": "Inner", "Scan Direction": "Forward", "Index Name": "info_type_pkey", "Relation Name": "info_type", "Alias": "it", "Startup Cost": 0.0, "Total Cost": 0.27, "Plan Rows": 1, "Plan Width": 4, "Actual Startup Time": 0.0, "Actual Total Time": 0.0, "Index Cond": "(id = mi.info_type_id)", "Rows Removed by Index Recheck": 0}], "Actual Rows": 0}], "Actual Rows": 1}, "Triggers": [], "Planner Runtime": 9.799, "Total Runtime": 156.415, "Unique SQL Id": 328306525}}, "(16, '46')": {"explain_plan": {"Plan": {"Node Type": "Aggregate", "Strategy": "Plain", "Startup Cost": 98174.28, "Total Cost": 98174.29, "Plan Rows": 1, "Plan Width": 49, "Plans": [{"Node Type": "Nested Loop", "Parent Relationship": "Outer", "Join Type": "Inner", "Startup Cost": 47429.58, "Total Cost": 98174.22, "Plan Rows": 24, "Plan Width": 17, "Inner Unique": false, "Join Filter": "(mi.info_type_id = it.id)", "Plans": [{"Node Type": "Seq Scan", "Parent Relationship": "Outer", "Relation Name": "info_type", "Alias": "it", "Startup Cost": 0.0, "Total Cost": 2.12, "Plan Rows": 112, "Plan Width": 4}, {"Node Type": "Materialize", "Parent Relationship": "Inner", "Startup Cost": 47429.58, "Total Cost": 98131.84, "Plan Rows": 24, "Plan Width": 21, "Plans": [{"Node Type": "Hash Join", "Parent Relationship": "Outer", "Join Type": "Inner", "Startup Cost": 47429.58, "Total Cost": 98131.72, "Plan Rows": 24, "Plan Width": 21, "Inner Unique": false, "Hash Cond": "(mi.movie_id = t.id)", "Plans": [{"Node Type": "Streaming(type: LOCAL GATHER dop: 1/16)", "Parent Relationship": "Outer", "Startup Cost": 0.0, "Total Cost": 48508.43, "Plan Rows": 584897, "Plan Width": 8, "Plans": [{"Node Type": "Seq Scan", "Parent Relationship": "Outer", "Relation Name": "movie_info", "Alias": "mi", "Startup Cost": 0.0, "Total Cost": 35885.16, "Plan Rows": 584897, "Plan Width": 8, "Filter": "((info)::text = ANY ('{USA,America}'::text[]))"}]}, {"Node Type": "Hash", "Parent Relationship": "Inner", "Startup Cost": 47429.18, "Total Cost": 47429.18, "Plan Rows": 32, "Plan Width": 25, "Plans": [{"Node Type": "Hash Join", "Parent Relationship": "Outer", "Join Type": "Inner", "Startup Cost": 18840.03, "Total Cost": 47429.18, "Plan Rows": 32, "Plan Width": 25, "Inner Unique": false, "Hash Cond": "(t.id = mc.movie_id)", "Plans": [{"Node Type": "Streaming(type: LOCAL GATHER dop: 1/16)", "Parent Relationship": "Outer", "Startup Cost": 0.0, "Total Cost": 27597.68, "Plan Rows": 391451, "Plan Width": 21, "Plans": [{"Node Type": "Seq Scan", "Parent Relationship": "Outer", "Relation Name": "title", "Alias": "t", "Startup Cost": 0.0, "Total Cost": 19149.37, "Plan Rows": 391451, "Plan Width": 21, "Filter": "(production_year > 2010), (LLVM Optimized)"}]}, {"Node Type": "Hash", "Parent Relationship": "Inner", "Startup Cost": 18839.66, "Total Cost": 18839.66, "Plan Rows": 30, "Plan Width": 4, "Plans": [{"Node Type": "Nested Loop", "Parent Relationship": "Outer", "Join Type": "Inner", "Startup Cost": 0.0, "Total Cost": 18839.66, "Plan Rows": 30, "Plan Width": 4, "Inner Unique": false, "Join Filter": "(ct.id = mc.company_type_id)", "Plans": [{"Node Type": "Seq Scan", "Parent Relationship": "Outer", "Relation Name": "company_type", "Alias": "ct", "Startup Cost": 0.0, "Total Cost": 1.04, "Plan Rows": 1, "Plan Width": 4, "Filter": "((kind)::text = 'production companies'::text)"}, {"Node Type": "Materialize", "Parent Relationship": "Inner", "Startup Cost": 0.0, "Total Cost": 18838.03, "Plan Rows": 59, "Plan Width": 8, "Plans": [{"Node Type": "Streaming(type: LOCAL GATHER dop: 1/16)", "Parent Relationship": "Outer", "Startup Cost": 0.0, "Total Cost": 18837.88, "Plan Rows": 59, "Plan Width": 8, "Plans": [{"Node Type": "Seq Scan", "Parent Relationship": "Outer", "Relation Name": "movie_companies", "Alias": "mc", "Startup Cost": 0.0, "Total Cost": 18836.61, "Plan Rows": 59, "Plan Width": 8, "Filter": "(((note)::text ~~ '%(VHS)%'::text) AND ((note)::text ~~ '%(USA)%'::text) AND ((note)::text ~~ '%(1994)%'::text))"}]}]}]}]}]}]}]}]}]}]}, "Unique SQL Id": 328306525, "Planner Runtime": 17}, "explain_analyze_plan": {"Plan": {"Node Type": "Aggregate", "Strategy": "Plain", "Startup Cost": 98174.28, "Total Cost": 98174.29, "Plan Rows": 1, "Plan Width": 49, "Actual Min Startup Time": 145.841, "Actual Max Startup Time": 145.841, "Actual Min Total Time": 145.842, "Actual Max Total Time": 145.842, "Plans": [{"Node Type": "Nested Loop", "Parent Relationship": "Outer", "Join Type": "Inner", "Startup Cost": 47429.58, "Total Cost": 98174.22, "Plan Rows": 24, "Plan Width": 17, "Actual Min Startup Time": 145.83, "Actual Max Startup Time": 145.83, "Actual Min Total Time": 145.83, "Actual Max Total Time": 145.83, "Inner Unique": false, "Join Filter": "(mi.info_type_id = it.id)", "Rows Removed by Join Filter": 0, "Plans": [{"Node Type": "Seq Scan", "Parent Relationship": "Outer", "Relation Name": "info_type", "Alias": "it", "Startup Cost": 0.0, "Total Cost": 2.12, "Plan Rows": 112, "Plan Width": 4, "Actual Min Startup Time": 0.025, "Actual Max Startup Time": 0.025, "Actual Min Total Time": 0.04, "Actual Max Total Time": 0.04, "Actual Rows": 112}, {"Node Type": "Materialize", "Parent Relationship": "Inner", "Startup Cost": 47429.58, "Total Cost": 98131.84, "Plan Rows": 24, "Plan Width": 21, "Actual Min Startup Time": 145.755, "Actual Max Startup Time": 145.755, "Actual Min Total Time": 145.755, "Actual Max Total Time": 145.755, "Plans": [{"Node Type": "Hash Join", "Parent Relationship": "Outer", "Join Type": "Inner", "Startup Cost": 47429.58, "Total Cost": 98131.72, "Plan Rows": 24, "Plan Width": 21, "Actual Min Startup Time": 145.739, "Actual Max Startup Time": 145.739, "Actual Min Total Time": 145.739, "Actual Max Total Time": 145.739, "Inner Unique": false, "Hash Cond": "(mi.movie_id = t.id)", "Plans": [{"Node Type": "Streaming(type: LOCAL GATHER dop: 1/16)", "Parent Relationship": "Outer", "Startup Cost": 0.0, "Total Cost": 48508.43, "Plan Rows": 584897, "Plan Width": 8, "Actual Startup Time": 0.0, "Actual Total Time": 0.0, "Plans": [{"Node Type": "Seq Scan", "Parent Relationship": "Outer", "Relation Name": "movie_info", "Alias": "mi", "Startup Cost": 0.0, "Total Cost": 35885.16, "Plan Rows": 584897, "Plan Width": 8, "Actual Min Startup Time": 24.505, "Actual Max Startup Time": 34.418, "Actual Min Total Time": 35.124, "Actual Max Total Time": 44.167, "Filter": "((info)::text = ANY ('{USA,America}'::text[]))", "Rows Removed by Filter": 1491212, "Actual Rows": 1616}]}, {"Node Type": "Hash", "Parent Relationship": "Inner", "Startup Cost": 47429.18, "Total Cost": 47429.18, "Plan Rows": 32, "Plan Width": 25, "Actual Min Startup Time": 145.593, "Actual Max Startup Time": 145.593, "Actual Min Total Time": 145.593, "Actual Max Total Time": 145.593, "Max Hash Buckets": 32768, "Min Hash Buckets": 32768, "Max Hash Batches": 1, "Min Hash Batches": 1, "Max Original Hash Batches": 1, "Min Original Hash Batches": 1, "Max Peak Memory Usage": 0, "min Peak Memory Usage": 0, "Plans": [{"Node Type": "Hash Join", "Parent Relationship": "Outer", "Join Type": "Inner", "Startup Cost": 18840.03, "Total Cost": 47429.18, "Plan Rows": 32, "Plan Width": 25, "Actual Min Startup Time": 145.59, "Actual Max Startup Time": 145.59, "Actual Min Total Time": 145.59, "Actual Max Total Time": 145.59, "Inner Unique": false, "Hash Cond": "(t.id = mc.movie_id)", "Plans": [{"Node Type": "Streaming(type: LOCAL GATHER dop: 1/16)", "Parent Relationship": "Outer", "Startup Cost": 0.0, "Total Cost": 27597.68, "Plan Rows": 391451, "Plan Width": 21, "Actual Startup Time": 0.0, "Actual Total Time": 0.0, "Plans": [{"Node Type": "Seq Scan", "Parent Relationship": "Outer", "Relation Name": "title", "Alias": "t", "Startup Cost": 0.0, "Total Cost": 19149.37, "Plan Rows": 391451, "Plan Width": 21, "Actual Min Startup Time": 0.029, "Actual Max Startup Time": 0.047, "Actual Min Total Time": 0.222, "Actual Max Total Time": 0.269, "Filter": "(production_year > 2010), (LLVM Optimized)", "Rows Removed by Filter": 7486, "Actual Rows": 1616}]}, {"Node Type": "Hash", "Parent Relationship": "Inner", "Startup Cost": 18839.66, "Total Cost": 18839.66, "Plan Rows": 30, "Plan Width": 4, "Actual Min Startup Time": 145.499, "Actual Max Startup Time": 145.499, "Actual Min Total Time": 145.499, "Actual Max Total Time": 145.499, "Max Hash Buckets": 32768, "Min Hash Buckets": 32768, "Max Hash Batches": 1, "Min Hash Batches": 1, "Max Original Hash Batches": 1, "Min Original Hash Batches": 1, "Max Peak Memory Usage": 0, "min Peak Memory Usage": 0, "Plans": [{"Node Type": "Nested Loop", "Parent Relationship": "Outer", "Join Type": "Inner", "Startup Cost": 0.0, "Total Cost": 18839.66, "Plan Rows": 30, "Plan Width": 4, "Actual Min Startup Time": 145.496, "Actual Max Startup Time": 145.496, "Actual Min Total Time": 145.496, "Actual Max Total Time": 145.496, "Inner Unique": false, "Join Filter": "(ct.id = mc.company_type_id)", "Rows Removed by Join Filter": 1418, "Plans": [{"Node Type": "Seq Scan", "Parent Relationship": "Outer", "Relation Name": "company_type", "Alias": "ct", "Startup Cost": 0.0, "Total Cost": 1.04, "Plan Rows": 1, "Plan Width": 4, "Actual Min Startup Time": 0.042, "Actual Max Startup Time": 0.042, "Actual Min Total Time": 0.045, "Actual Max Total Time": 0.045, "Filter": "((kind)::text = 'production companies'::text)", "Rows Removed by Filter": 2, "Actual Rows": 1}, {"Node Type": "Materialize", "Parent Relationship": "Inner", "Startup Cost": 0.0, "Total Cost": 18838.03, "Plan Rows": 59, "Plan Width": 8, "Actual Min Startup Time": 144.984, "Actual Max Startup Time": 144.984, "Actual Min Total Time": 145.121, "Actual Max Total Time": 145.121, "Plans": [{"Node Type": "Streaming(type: LOCAL GATHER dop: 1/16)", "Parent Relationship": "Outer", "Startup Cost": 0.0, "Total Cost": 18837.88, "Plan Rows": 59, "Plan Width": 8, "Actual Min Startup Time": 87.457, "Actual Max Startup Time": 87.457, "Actual Min Total Time": 144.747, "Actual Max Total Time": 144.747, "Plans": [{"Node Type": "Seq Scan", "Parent Relationship": "Outer", "Relation Name": "movie_companies", "Alias": "mc", "Startup Cost": 0.0, "Total Cost": 18836.61, "Plan Rows": 59, "Plan Width": 8, "Actual Min Startup Time": 1.009, "Actual Max Startup Time": 12.231, "Actual Min Total Time": 54.368, "Actual Max Total Time": 60.87, "Filter": "(((note)::text ~~ '%(VHS)%'::text) AND ((note)::text ~~ '%(USA)%'::text) AND ((note)::text ~~ '%(1994)%'::text))", "Rows Removed by Filter": 2607710, "Actual Rows": 1418}], "Actual Rows": 1418}], "Actual Rows": 1419}], "Actual Rows": 0}], "Actual Rows": 0}], "Actual Rows": 0}], "Actual Rows": 0}], "Actual Rows": 0}], "Actual Rows": 0}], "Actual Rows": 0}], "Actual Rows": 1}, "Triggers": [], "Planner Runtime": 20.163, "Total Runtime": 163.256, "Unique SQL Id": 328306525}}, "(16, '47')": {"explain_plan": {"Plan": {"Node Type": "Aggregate", "Strategy": "Plain", "Startup Cost": 5000130950484.58, "Total Cost": 5000130950484.59, "Plan Rows": 1, "Plan Width": 49, "Plans": [{"Node Type": "Nested Loop", "Parent Relationship": "Outer", "Join Type": "Inner", "Startup Cost": 50000000000.0, "Total Cost": 5000130950484.52, "Plan Rows": 24, "Plan Width": 17, "Inner Unique": true, "Join Filter": "(mi.info_type_id = it.id)", "Plans": [{"Node Type": "Nested Loop", "Parent Relationship": "Outer", "Join Type": "Inner", "Startup Cost": 40000000000.0, "Total Cost": 4000130949050.92, "Plan Rows": 24, "Plan Width": 21, "Inner Unique": false, "Join Filter": "(t.id = mi.movie_id)", "Plans": [{"Node Type": "Index Scan", "Parent Relationship": "Outer", "Scan Direction": "Forward", "Index Name": "info_type_id_movie_info", "Relation Name": "movie_info", "Alias": "mi", "Startup Cost": 10000000000.0, "Total Cost": 1000107401445.12, "Plan Rows": 584897, "Plan Width": 8, "Filter": "((info)::text = ANY ('{USA,America}'::text[]))"}, {"Node Type": "Materialize", "Parent Relationship": "Inner", "Startup Cost": 30000000000.0, "Total Cost": 3000023266855.32, "Plan Rows": 32, "Plan Width": 25, "Plans": [{"Node Type": "Nested Loop", "Parent Relationship": "Outer", "Join Type": "Inner", "Startup Cost": 30000000000.0, "Total Cost": 3000023266855.16, "Plan Rows": 32, "Plan Width": 25, "Inner Unique": true, "Join Filter": "(mc.company_type_id = ct.id)", "Plans": [{"Node Type": "Nested Loop", "Parent Relationship": "Outer", "Join Type": "Inner", "Startup Cost": 20000000000.0, "Total Cost": 2000023265623.95, "Plan Rows": 64, "Plan Width": 29, "Inner Unique": false, "Join Filter": "(mc.movie_id = t.id)", "Plans": [{"Node Type": "Index Scan", "Parent Relationship": "Outer", "Scan Direction": "Forward", "Index Name": "title_pkey", "Relation Name": "title", "Alias": "t", "Startup Cost": 10000000000.0, "Total Cost": 1000011644126.66, "Plan Rows": 391451, "Plan Width": 21, "Filter": "(production_year > 2010), (LLVM Optimized)"}, {"Node Type": "Materialize", "Parent Relationship": "Inner", "Startup Cost": 10000000000.0, "Total Cost": 1000011275063.29, "Plan Rows": 59, "Plan Width": 8, "Plans": [{"Node Type": "Index Scan", "Parent Relationship": "Outer", "Scan Direction": "Forward", "Index Name": "company_type_id_movie_companies", "Relation Name": "movie_companies", "Alias": "mc", "Startup Cost": 10000000000.0, "Total Cost": 1000011275063.0, "Plan Rows": 59, "Plan Width": 8, "Filter": "(((note)::text ~~ '%(VHS)%'::text) AND ((note)::text ~~ '%(USA)%'::text) AND ((note)::text ~~ '%(1994)%'::text))"}]}]}, {"Node Type": "Materialize", "Parent Relationship": "Inner", "Startup Cost": 10000000000.0, "Total Cost": 1000000001230.26, "Plan Rows": 1, "Plan Width": 4, "Plans": [{"Node Type": "Index Scan", "Parent Relationship": "Outer", "Scan Direction": "Forward", "Index Name": "company_type_pkey", "Relation Name": "company_type", "Alias": "ct", "Startup Cost": 10000000000.0, "Total Cost": 1000000001230.25, "Plan Rows": 1, "Plan Width": 4, "Filter": "((kind)::text = 'production companies'::text)"}]}]}]}]}, {"Node Type": "Materialize", "Parent Relationship": "Inner", "Startup Cost": 10000000000.0, "Total Cost": 1000000001393.56, "Plan Rows": 112, "Plan Width": 4, "Plans": [{"Node Type": "Index Scan", "Parent Relationship": "Outer", "Scan Direction": "Forward", "Index Name": "info_type_pkey", "Relation Name": "info_type", "Alias": "it", "Startup Cost": 10000000000.0, "Total Cost": 1000000001393.0, "Plan Rows": 112, "Plan Width": 4}]}]}]}, "Unique SQL Id": 328306525, "Planner Runtime": 6}, "explain_analyze_plan": null}, "(16, '48')": {"explain_plan": {"Plan": {"Node Type": "Aggregate", "Strategy": "Plain", "Startup Cost": 19173.9, "Total Cost": 19173.91, "Plan Rows": 1, "Plan Width": 49, "Plans": [{"Node Type": "Nested Loop", "Parent Relationship": "Outer", "Join Type": "Inner", "Startup Cost": 0.0, "Total Cost": 19173.84, "Plan Rows": 24, "Plan Width": 17, "Inner Unique": true, "Plans": [{"Node Type": "Nested Loop", "Parent Relationship": "Outer", "Join Type": "Inner", "Startup Cost": 0.0, "Total Cost": 19167.12, "Plan Rows": 24, "Plan Width": 21, "Inner Unique": false, "Plans": [{"Node Type": "Nested Loop", "Parent Relationship": "Outer", "Join Type": "Inner", "Startup Cost": 0.0, "Total Cost": 19088.13, "Plan Rows": 32, "Plan Width": 25, "Inner Unique": true, "Plans": [{"Node Type": "Nested Loop", "Parent Relationship": "Outer", "Join Type": "Inner", "Startup Cost": 0.0, "Total Cost": 18839.66, "Plan Rows": 30, "Plan Width": 4, "Inner Unique": false, "Join Filter": "(ct.id = mc.company_type_id)", "Plans": [{"Node Type": "Seq Scan", "Parent Relationship": "Outer", "Relation Name": "company_type", "Alias": "ct", "Startup Cost": 0.0, "Total Cost": 1.04, "Plan Rows": 1, "Plan Width": 4, "Filter": "((kind)::text = 'production companies'::text)"}, {"Node Type": "Materialize", "Parent Relationship": "Inner", "Startup Cost": 0.0, "Total Cost": 18838.03, "Plan Rows": 59, "Plan Width": 8, "Plans": [{"Node Type": "Streaming(type: LOCAL GATHER dop: 1/16)", "Parent Relationship": "Outer", "Startup Cost": 0.0, "Total Cost": 18837.88, "Plan Rows": 59, "Plan Width": 8, "Plans": [{"Node Type": "Seq Scan", "Parent Relationship": "Outer", "Relation Name": "movie_companies", "Alias": "mc", "Startup Cost": 0.0, "Total Cost": 18836.61, "Plan Rows": 59, "Plan Width": 8, "Filter": "(((note)::text ~~ '%(VHS)%'::text) AND ((note)::text ~~ '%(USA)%'::text) AND ((note)::text ~~ '%(1994)%'::text))"}]}]}]}, {"Node Type": "Index Scan", "Parent Relationship": "Inner", "Scan Direction": "Forward", "Index Name": "title_pkey", "Relation Name": "title", "Alias": "t", "Startup Cost": 0.0, "Total Cost": 8.27, "Plan Rows": 1, "Plan Width": 21, "Index Cond": "(id = mc.movie_id)", "Filter": "(production_year > 2010)"}]}, {"Node Type": "Index Scan", "Parent Relationship": "Inner", "Scan Direction": "Forward", "Index Name": "movie_id_movie_info", "Relation Name": "movie_info", "Alias": "mi", "Startup Cost": 0.0, "Total Cost": 2.46, "Plan Rows": 1, "Plan Width": 8, "Index Cond": "(movie_id = t.id)", "Filter": "((info)::text = ANY ('{USA,America}'::text[]))"}]}, {"Node Type": "Index Only Scan", "Parent Relationship": "Inner", "Scan Direction": "Forward", "Index Name": "info_type_pkey", "Relation Name": "info_type", "Alias": "it", "Startup Cost": 0.0, "Total Cost": 0.27, "Plan Rows": 1, "Plan Width": 4, "Index Cond": "(id = mi.info_type_id)"}]}]}, "Unique SQL Id": 328306525, "Planner Runtime": 4}, "explain_analyze_plan": {"Plan": {"Node Type": "Aggregate", "Strategy": "Plain", "Startup Cost": 19173.9, "Total Cost": 19173.91, "Plan Rows": 1, "Plan Width": 49, "Actual Min Startup Time": 83.27, "Actual Max Startup Time": 83.27, "Actual Min Total Time": 83.271, "Actual Max Total Time": 83.271, "Plans": [{"Node Type": "Nested Loop", "Parent Relationship": "Outer", "Join Type": "Inner", "Startup Cost": 0.0, "Total Cost": 19173.84, "Plan Rows": 24, "Plan Width": 17, "Actual Min Startup Time": 83.259, "Actual Max Startup Time": 83.259, "Actual Min Total Time": 83.259, "Actual Max Total Time": 83.259, "Inner Unique": true, "Plans": [{"Node Type": "Nested Loop", "Parent Relationship": "Outer", "Join Type": "Inner", "Startup Cost": 0.0, "Total Cost": 19167.12, "Plan Rows": 24, "Plan Width": 21, "Actual Min Startup Time": 83.257, "Actual Max Startup Time": 83.257, "Actual Min Total Time": 83.257, "Actual Max Total Time": 83.257, "Inner Unique": false, "Plans": [{"Node Type": "Nested Loop", "Parent Relationship": "Outer", "Join Type": "Inner", "Startup Cost": 0.0, "Total Cost": 19088.13, "Plan Rows": 32, "Plan Width": 25, "Actual Min Startup Time": 83.256, "Actual Max Startup Time": 83.256, "Actual Min Total Time": 83.256, "Actual Max Total Time": 83.256, "Inner Unique": true, "Plans": [{"Node Type": "Nested Loop", "Parent Relationship": "Outer", "Join Type": "Inner", "Startup Cost": 0.0, "Total Cost": 18839.66, "Plan Rows": 30, "Plan Width": 4, "Actual Min Startup Time": 83.256, "Actual Max Startup Time": 83.256, "Actual Min Total Time": 83.256, "Actual Max Total Time": 83.256, "Inner Unique": false, "Join Filter": "(ct.id = mc.company_type_id)", "Rows Removed by Join Filter": 1418, "Plans": [{"Node Type": "Seq Scan", "Parent Relationship": "Outer", "Relation Name": "company_type", "Alias": "ct", "Startup Cost": 0.0, "Total Cost": 1.04, "Plan Rows": 1, "Plan Width": 4, "Actual Min Startup Time": 0.047, "Actual Max Startup Time": 0.047, "Actual Min Total Time": 0.05, "Actual Max Total Time": 0.05, "Filter": "((kind)::text = 'production companies'::text)", "Rows Removed by Filter": 2, "Actual Rows": 1}, {"Node Type": "Materialize", "Parent Relationship": "Inner", "Startup Cost": 0.0, "Total Cost": 18838.03, "Plan Rows": 59, "Plan Width": 8, "Actual Min Startup Time": 82.738, "Actual Max Startup Time": 82.738, "Actual Min Total Time": 82.874, "Actual Max Total Time": 82.874, "Plans": [{"Node Type": "Streaming(type: LOCAL GATHER dop: 1/16)", "Parent Relationship": "Outer", "Startup Cost": 0.0, "Total Cost": 18837.88, "Plan Rows": 59, "Plan Width": 8, "Actual Min Startup Time": 41.394, "Actual Max Startup Time": 41.394, "Actual Min Total Time": 82.488, "Actual Max Total Time": 82.488, "Plans": [{"Node Type": "Seq Scan", "Parent Relationship": "Outer", "Relation Name": "movie_companies", "Alias": "mc", "Startup Cost": 0.0, "Total Cost": 18836.61, "Plan Rows": 59, "Plan Width": 8, "Actual Min Startup Time": 0.994, "Actual Max Startup Time": 12.189, "Actual Min Total Time": 54.261, "Actual Max Total Time": 60.78, "Filter": "(((note)::text ~~ '%(VHS)%'::text) AND ((note)::text ~~ '%(USA)%'::text) AND ((note)::text ~~ '%(1994)%'::text))", "Rows Removed by Filter": 2607710, "Actual Rows": 1418}], "Actual Rows": 1418}], "Actual Rows": 1419}], "Actual Rows": 0}, {"Node Type": "Index Scan", "Parent Relationship": "Inner", "Scan Direction": "Forward", "Index Name": "title_pkey", "Relation Name": "title", "Alias": "t", "Startup Cost": 0.0, "Total Cost": 8.27, "Plan Rows": 1, "Plan Width": 21, "Actual Startup Time": 0.0, "Actual Total Time": 0.0, "Index Cond": "(id = mc.movie_id)", "Rows Removed by Index Recheck": 0, "Filter": "(production_year > 2010)", "Rows Removed by Filter": 0}], "Actual Rows": 0}, {"Node Type": "Index Scan", "Parent Relationship": "Inner", "Scan Direction": "Forward", "Index Name": "movie_id_movie_info", "Relation Name": "movie_info", "Alias": "mi", "Startup Cost": 0.0, "Total Cost": 2.46, "Plan Rows": 1, "Plan Width": 8, "Actual Startup Time": 0.0, "Actual Total Time": 0.0, "Index Cond": "(movie_id = t.id)", "Rows Removed by Index Recheck": 0, "Filter": "((info)::text = ANY ('{USA,America}'::text[]))", "Rows Removed by Filter": 0}], "Actual Rows": 0}, {"Node Type": "Index Only Scan", "Parent Relationship": "Inner", "Scan Direction": "Forward", "Index Name": "info_type_pkey", "Relation Name": "info_type", "Alias": "it", "Startup Cost": 0.0, "Total Cost": 0.27, "Plan Rows": 1, "Plan Width": 4, "Actual Startup Time": 0.0, "Actual Total Time": 0.0, "Index Cond": "(id = mi.info_type_id)", "Rows Removed by Index Recheck": 0, "Heap Fetches": 0}], "Actual Rows": 0}], "Actual Rows": 1}, "Triggers": [], "Planner Runtime": 10.123, "Total Runtime": 85.75, "Unique SQL Id": 328306525}}, "(16, '49')": {"explain_plan": {"Plan": {"Node Type": "Aggregate", "Strategy": "Plain", "Startup Cost": 85293.18, "Total Cost": 85293.19, "Plan Rows": 1, "Plan Width": 49, "Plans": [{"Node Type": "Nested Loop", "Parent Relationship": "Outer", "Join Type": "Inner", "Startup Cost": 0.0, "Total Cost": 85293.12, "Plan Rows": 24, "Plan Width": 17, "Inner Unique": true, "Plans": [{"Node Type": "Nested Loop", "Parent Relationship": "Outer", "Join Type": "Inner", "Startup Cost": 0.0, "Total Cost": 85286.4, "Plan Rows": 24, "Plan Width": 21, "Inner Unique": false, "Plans": [{"Node Type": "Nested Loop", "Parent Relationship": "Outer", "Join Type": "Inner", "Startup Cost": 0.0, "Total Cost": 85207.41, "Plan Rows": 32, "Plan Width": 25, "Inner Unique": true, "Plans": [{"Node Type": "Nested Loop", "Parent Relationship": "Outer", "Join Type": "Inner", "Startup Cost": 0.0, "Total Cost": 84958.94, "Plan Rows": 30, "Plan Width": 4, "Inner Unique": false, "Join Filter": "(ct.id = mc.company_type_id)", "Plans": [{"Node Type": "Index Scan", "Parent Relationship": "Outer", "Scan Direction": "Forward", "Index Name": "company_type_pkey", "Relation Name": "company_type", "Alias": "ct", "Startup Cost": 0.0, "Total Cost": 12.3, "Plan Rows": 1, "Plan Width": 4, "Filter": "((kind)::text = 'production companies'::text)"}, {"Node Type": "Materialize", "Parent Relationship": "Inner", "Startup Cost": 0.0, "Total Cost": 84946.04, "Plan Rows": 59, "Plan Width": 8, "Plans": [{"Node Type": "Streaming(type: LOCAL GATHER dop: 1/16)", "Parent Relationship": "Outer", "Startup Cost": 0.0, "Total Cost": 84945.9, "Plan Rows": 59, "Plan Width": 8, "Plans": [{"Node Type": "Index Scan", "Parent Relationship": "Outer", "Scan Direction": "Forward", "Index Name": "company_type_id_movie_companies", "Relation Name": "movie_companies", "Alias": "mc", "Startup Cost": 0.0, "Total Cost": 84944.62, "Plan Rows": 59, "Plan Width": 8, "Filter": "(((note)::text ~~ '%(VHS)%'::text) AND ((note)::text ~~ '%(USA)%'::text) AND ((note)::text ~~ '%(1994)%'::text))"}]}]}]}, {"Node Type": "Index Scan", "Parent Relationship": "Inner", "Scan Direction": "Forward", "Index Name": "title_pkey", "Relation Name": "title", "Alias": "t", "Startup Cost": 0.0, "Total Cost": 8.27, "Plan Rows": 1, "Plan Width": 21, "Index Cond": "(id = mc.movie_id)", "Filter": "(production_year > 2010)"}]}, {"Node Type": "Index Scan", "Parent Relationship": "Inner", "Scan Direction": "Forward", "Index Name": "movie_id_movie_info", "Relation Name": "movie_info", "Alias": "mi", "Startup Cost": 0.0, "Total Cost": 2.46, "Plan Rows": 1, "Plan Width": 8, "Index Cond": "(movie_id = t.id)", "Filter": "((info)::text = ANY ('{USA,America}'::text[]))"}]}, {"Node Type": "Index Only Scan", "Parent Relationship": "Inner", "Scan Direction": "Forward", "Index Name": "info_type_pkey", "Relation Name": "info_type", "Alias": "it", "Startup Cost": 0.0, "Total Cost": 0.27, "Plan Rows": 1, "Plan Width": 4, "Index Cond": "(id = mi.info_type_id)"}]}]}, "Unique SQL Id": 328306525, "Planner Runtime": 4}, "explain_analyze_plan": {"Plan": {"Node Type": "Aggregate", "Strategy": "Plain", "Startup Cost": 85293.18, "Total Cost": 85293.19, "Plan Rows": 1, "Plan Width": 49, "Actual Min Startup Time": 150.989, "Actual Max Startup Time": 150.989, "Actual Min Total Time": 150.989, "Actual Max Total Time": 150.989, "Plans": [{"Node Type": "Nested Loop", "Parent Relationship": "Outer", "Join Type": "Inner", "Startup Cost": 0.0, "Total Cost": 85293.12, "Plan Rows": 24, "Plan Width": 17, "Actual Min Startup Time": 150.979, "Actual Max Startup Time": 150.979, "Actual Min Total Time": 150.979, "Actual Max Total Time": 150.979, "Inner Unique": true, "Plans": [{"Node Type": "Nested Loop", "Parent Relationship": "Outer", "Join Type": "Inner", "Startup Cost": 0.0, "Total Cost": 85286.4, "Plan Rows": 24, "Plan Width": 21, "Actual Min Startup Time": 150.977, "Actual Max Startup Time": 150.977, "Actual Min Total Time": 150.977, "Actual Max Total Time": 150.977, "Inner Unique": false, "Plans": [{"Node Type": "Nested Loop", "Parent Relationship": "Outer", "Join Type": "Inner", "Startup Cost": 0.0, "Total Cost": 85207.41, "Plan Rows": 32, "Plan Width": 25, "Actual Min Startup Time": 150.977, "Actual Max Startup Time": 150.977, "Actual Min Total Time": 150.977, "Actual Max Total Time": 150.977, "Inner Unique": true, "Plans": [{"Node Type": "Nested Loop", "Parent Relationship": "Outer", "Join Type": "Inner", "Startup Cost": 0.0, "Total Cost": 84958.94, "Plan Rows": 30, "Plan Width": 4, "Actual Min Startup Time": 150.976, "Actual Max Startup Time": 150.976, "Actual Min Total Time": 150.976, "Actual Max Total Time": 150.976, "Inner Unique": false, "Join Filter": "(ct.id = mc.company_type_id)", "Rows Removed by Join Filter": 1418, "Plans": [{"Node Type": "Index Scan", "Parent Relationship": "Outer", "Scan Direction": "Forward", "Index Name": "company_type_pkey", "Relation Name": "company_type", "Alias": "ct", "Startup Cost": 0.0, "Total Cost": 12.3, "Plan Rows": 1, "Plan Width": 4, "Actual Min Startup Time": 0.046, "Actual Max Startup Time": 0.046, "Actual Min Total Time": 0.05, "Actual Max Total Time": 0.05, "Filter": "((kind)::text = 'production companies'::text)", "Rows Removed by Filter": 2, "Actual Rows": 1}, {"Node Type": "Materialize", "Parent Relationship": "Inner", "Startup Cost": 0.0, "Total Cost": 84946.04, "Plan Rows": 59, "Plan Width": 8, "Actual Min Startup Time": 150.438, "Actual Max Startup Time": 150.438, "Actual Min Total Time": 150.602, "Actual Max Total Time": 150.602, "Plans": [{"Node Type": "Streaming(type: LOCAL GATHER dop: 1/16)", "Parent Relationship": "Outer", "Startup Cost": 0.0, "Total Cost": 84945.9, "Plan Rows": 59, "Plan Width": 8, "Actual Min Startup Time": 66.76, "Actual Max Startup Time": 66.76, "Actual Min Total Time": 150.176, "Actual Max Total Time": 150.176, "Plans": [{"Node Type": "Index Scan", "Parent Relationship": "Outer", "Scan Direction": "Forward", "Index Name": "company_type_id_movie_companies", "Relation Name": "movie_companies", "Alias": "mc", "Startup Cost": 0.0, "Total Cost": 84944.62, "Plan Rows": 59, "Plan Width": 8, "Actual Min Startup Time": 16.096, "Actual Max Startup Time": 90.09, "Actual Min Total Time": 86.621, "Actual Max Total Time": 133.227, "Filter": "(((note)::text ~~ '%(VHS)%'::text) AND ((note)::text ~~ '%(USA)%'::text) AND ((note)::text ~~ '%(1994)%'::text))", "Rows Removed by Filter": 2607710, "Actual Rows": 1418}], "Actual Rows": 1418}], "Actual Rows": 1419}], "Actual Rows": 0}, {"Node Type": "Index Scan", "Parent Relationship": "Inner", "Scan Direction": "Forward", "Index Name": "title_pkey", "Relation Name": "title", "Alias": "t", "Startup Cost": 0.0, "Total Cost": 8.27, "Plan Rows": 1, "Plan Width": 21, "Actual Startup Time": 0.0, "Actual Total Time": 0.0, "Index Cond": "(id = mc.movie_id)", "Rows Removed by Index Recheck": 0, "Filter": "(production_year > 2010)", "Rows Removed by Filter": 0}], "Actual Rows": 0}, {"Node Type": "Index Scan", "Parent Relationship": "Inner", "Scan Direction": "Forward", "Index Name": "movie_id_movie_info", "Relation Name": "movie_info", "Alias": "mi", "Startup Cost": 0.0, "Total Cost": 2.46, "Plan Rows": 1, "Plan Width": 8, "Actual Startup Time": 0.0, "Actual Total Time": 0.0, "Index Cond": "(movie_id = t.id)", "Rows Removed by Index Recheck": 0, "Filter": "((info)::text = ANY ('{USA,America}'::text[]))", "Rows Removed by Filter": 0}], "Actual Rows": 0}, {"Node Type": "Index Only Scan", "Parent Relationship": "Inner", "Scan Direction": "Forward", "Index Name": "info_type_pkey", "Relation Name": "info_type", "Alias": "it", "Startup Cost": 0.0, "Total Cost": 0.27, "Plan Rows": 1, "Plan Width": 4, "Actual Startup Time": 0.0, "Actual Total Time": 0.0, "Index Cond": "(id = mi.info_type_id)", "Rows Removed by Index Recheck": 0, "Heap Fetches": 0}], "Actual Rows": 0}], "Actual Rows": 1}, "Triggers": [], "Planner Runtime": 9.823, "Total Runtime": 153.389, "Unique SQL Id": 328306525}}, "(16, '50')": {"explain_plan": {"Plan": {"Node Type": "Aggregate", "Strategy": "Plain", "Startup Cost": 19289.21, "Total Cost": 19289.22, "Plan Rows": 1, "Plan Width": 49, "Plans": [{"Node Type": "Nested Loop", "Parent Relationship": "Outer", "Join Type": "Inner", "Startup Cost": 5.13, "Total Cost": 19289.15, "Plan Rows": 24, "Plan Width": 17, "Inner Unique": false, "Join Filter": "(mi.info_type_id = it.id)", "Plans": [{"Node Type": "Seq Scan", "Parent Relationship": "Outer", "Relation Name": "info_type", "Alias": "it", "Startup Cost": 0.0, "Total Cost": 2.12, "Plan Rows": 112, "Plan Width": 4}, {"Node Type": "Materialize", "Parent Relationship": "Inner", "Startup Cost": 5.13, "Total Cost": 19246.77, "Plan Rows": 24, "Plan Width": 21, "Plans": [{"Node Type": "Nested Loop", "Parent Relationship": "Outer", "Join Type": "Inner", "Startup Cost": 5.13, "Total Cost": 19246.65, "Plan Rows": 24, "Plan Width": 21, "Inner Unique": false, "Plans": [{"Node Type": "Nested Loop", "Parent Relationship": "Outer", "Join Type": "Inner", "Startup Cost": 4.26, "Total Cost": 19088.14, "Plan Rows": 32, "Plan Width": 25, "Inner Unique": true, "Plans": [{"Node Type": "Nested Loop", "Parent Relationship": "Outer", "Join Type": "Inner", "Startup Cost": 0.0, "Total Cost": 18839.66, "Plan Rows": 30, "Plan Width": 4, "Inner Unique": false, "Join Filter": "(ct.id = mc.company_type_id)", "Plans": [{"Node Type": "Seq Scan", "Parent Relationship": "Outer", "Relation Name": "company_type", "Alias": "ct", "Startup Cost": 0.0, "Total Cost": 1.04, "Plan Rows": 1, "Plan Width": 4, "Filter": "((kind)::text = 'production companies'::text)"}, {"Node Type": "Materialize", "Parent Relationship": "Inner", "Startup Cost": 0.0, "Total Cost": 18838.03, "Plan Rows": 59, "Plan Width": 8, "Plans": [{"Node Type": "Streaming(type: LOCAL GATHER dop: 1/16)", "Parent Relationship": "Outer", "Startup Cost": 0.0, "Total Cost": 18837.88, "Plan Rows": 59, "Plan Width": 8, "Plans": [{"Node Type": "Seq Scan", "Parent Relationship": "Outer", "Relation Name": "movie_companies", "Alias": "mc", "Startup Cost": 0.0, "Total Cost": 18836.61, "Plan Rows": 59, "Plan Width": 8, "Filter": "(((note)::text ~~ '%(VHS)%'::text) AND ((note)::text ~~ '%(USA)%'::text) AND ((note)::text ~~ '%(1994)%'::text))"}]}]}]}, {"Node Type": "Bitmap Heap Scan", "Parent Relationship": "Inner", "Relation Name": "title", "Alias": "t", "Startup Cost": 4.26, "Total Cost": 8.27, "Plan Rows": 1, "Plan Width": 21, "Recheck Cond": "(id = mc.movie_id)", "Filter": "(production_year > 2010)", "Plans": [{"Node Type": "Bitmap Index Scan", "Parent Relationship": "Outer", "Index Name": "title_pkey", "Startup Cost": 0.0, "Total Cost": 4.26, "Plan Rows": 1, "Plan Width": 0, "Index Cond": "(id = mc.movie_id)"}]}]}, {"Node Type": "Bitmap Heap Scan", "Parent Relationship": "Inner", "Relation Name": "movie_info", "Alias": "mi", "Startup Cost": 0.87, "Total Cost": 4.94, "Plan Rows": 1, "Plan Width": 8, "Recheck Cond": "(movie_id = t.id)", "Filter": "((info)::text = ANY ('{USA,America}'::text[]))", "Plans": [{"Node Type": "Bitmap Index Scan", "Parent Relationship": "Outer", "Index Name": "movie_id_movie_info", "Startup Cost": 0.0, "Total Cost": 0.87, "Plan Rows": 5, "Plan Width": 0, "Index Cond": "(movie_id = t.id)"}]}]}]}]}]}, "Unique SQL Id": 328306525, "Planner Runtime": 4}, "explain_analyze_plan": {"Plan": {"Node Type": "Aggregate", "Strategy": "Plain", "Startup Cost": 19289.21, "Total Cost": 19289.22, "Plan Rows": 1, "Plan Width": 49, "Actual Min Startup Time": 79.845, "Actual Max Startup Time": 79.845, "Actual Min Total Time": 79.845, "Actual Max Total Time": 79.845, "Plans": [{"Node Type": "Nested Loop", "Parent Relationship": "Outer", "Join Type": "Inner", "Startup Cost": 5.13, "Total Cost": 19289.15, "Plan Rows": 24, "Plan Width": 17, "Actual Min Startup Time": 79.836, "Actual Max Startup Time": 79.836, "Actual Min Total Time": 79.836, "Actual Max Total Time": 79.836, "Inner Unique": false, "Join Filter": "(mi.info_type_id = it.id)", "Rows Removed by Join Filter": 0, "Plans": [{"Node Type": "Seq Scan", "Parent Relationship": "Outer", "Relation Name": "info_type", "Alias": "it", "Startup Cost": 0.0, "Total Cost": 2.12, "Plan Rows": 112, "Plan Width": 4, "Actual Min Startup Time": 0.032, "Actual Max Startup Time": 0.032, "Actual Min Total Time": 0.05, "Actual Max Total Time": 0.05, "Actual Rows": 112}, {"Node Type": "Materialize", "Parent Relationship": "Inner", "Startup Cost": 5.13, "Total Cost": 19246.77, "Plan Rows": 24, "Plan Width": 21, "Actual Min Startup Time": 79.761, "Actual Max Startup Time": 79.761, "Actual Min Total Time": 79.761, "Actual Max Total Time": 79.761, "Plans": [{"Node Type": "Nested Loop", "Parent Relationship": "Outer", "Join Type": "Inner", "Startup Cost": 5.13, "Total Cost": 19246.65, "Plan Rows": 24, "Plan Width": 21, "Actual Min Startup Time": 79.749, "Actual Max Startup Time": 79.749, "Actual Min Total Time": 79.749, "Actual Max Total Time": 79.749, "Inner Unique": false, "Plans": [{"Node Type": "Nested Loop", "Parent Relationship": "Outer", "Join Type": "Inner", "Startup Cost": 4.26, "Total Cost": 19088.14, "Plan Rows": 32, "Plan Width": 25, "Actual Min Startup Time": 79.748, "Actual Max Startup Time": 79.748, "Actual Min Total Time": 79.748, "Actual Max Total Time": 79.748, "Inner Unique": true, "Plans": [{"Node Type": "Nested Loop", "Parent Relationship": "Outer", "Join Type": "Inner", "Startup Cost": 0.0, "Total Cost": 18839.66, "Plan Rows": 30, "Plan Width": 4, "Actual Min Startup Time": 79.747, "Actual Max Startup Time": 79.747, "Actual Min Total Time": 79.747, "Actual Max Total Time": 79.747, "Inner Unique": false, "Join Filter": "(ct.id = mc.company_type_id)", "Rows Removed by Join Filter": 1418, "Plans": [{"Node Type": "Seq Scan", "Parent Relationship": "Outer", "Relation Name": "company_type", "Alias": "ct", "Startup Cost": 0.0, "Total Cost": 1.04, "Plan Rows": 1, "Plan Width": 4, "Actual Min Startup Time": 0.041, "Actual Max Startup Time": 0.041, "Actual Min Total Time": 0.044, "Actual Max Total Time": 0.044, "Filter": "((kind)::text = 'production companies'::text)", "Rows Removed by Filter": 2, "Actual Rows": 1}, {"Node Type": "Materialize", "Parent Relationship": "Inner", "Startup Cost": 0.0, "Total Cost": 18838.03, "Plan Rows": 59, "Plan Width": 8, "Actual Min Startup Time": 79.237, "Actual Max Startup Time": 79.237, "Actual Min Total Time": 79.366, "Actual Max Total Time": 79.366, "Plans": [{"Node Type": "Streaming(type: LOCAL GATHER dop: 1/16)", "Parent Relationship": "Outer", "Startup Cost": 0.0, "Total Cost": 18837.88, "Plan Rows": 59, "Plan Width": 8, "Actual Min Startup Time": 41.667, "Actual Max Startup Time": 41.667, "Actual Min Total Time": 78.971, "Actual Max Total Time": 78.971, "Plans": [{"Node Type": "Seq Scan", "Parent Relationship": "Outer", "Relation Name": "movie_companies", "Alias": "mc", "Startup Cost": 0.0, "Total Cost": 18836.61, "Plan Rows": 59, "Plan Width": 8, "Actual Min Startup Time": 0.983, "Actual Max Startup Time": 12.222, "Actual Min Total Time": 54.232, "Actual Max Total Time": 60.749, "Filter": "(((note)::text ~~ '%(VHS)%'::text) AND ((note)::text ~~ '%(USA)%'::text) AND ((note)::text ~~ '%(1994)%'::text))", "Rows Removed by Filter": 2607710, "Actual Rows": 1418}], "Actual Rows": 1418}], "Actual Rows": 1419}], "Actual Rows": 0}, {"Node Type": "Bitmap Heap Scan", "Parent Relationship": "Inner", "Relation Name": "title", "Alias": "t", "Startup Cost": 4.26, "Total Cost": 8.27, "Plan Rows": 1, "Plan Width": 21, "Actual Startup Time": 0.0, "Actual Total Time": 0.0, "Recheck Cond": "(id = mc.movie_id)", "Rows Removed by Index Recheck": 0, "Filter": "(production_year > 2010)", "Rows Removed by Filter": 0, "Exact Heap Blocks": 0, "Lossy Heap Blocks": 0, "Plans": [{"Node Type": "Bitmap Index Scan", "Parent Relationship": "Outer", "Index Name": "title_pkey", "Startup Cost": 0.0, "Total Cost": 4.26, "Plan Rows": 1, "Plan Width": 0, "Actual Startup Time": 0.0, "Actual Total Time": 0.0, "Index Cond": "(id = mc.movie_id)"}]}], "Actual Rows": 0}, {"Node Type": "Bitmap Heap Scan", "Parent Relationship": "Inner", "Relation Name": "movie_info", "Alias": "mi", "Startup Cost": 0.87, "Total Cost": 4.94, "Plan Rows": 1, "Plan Width": 8, "Actual Startup Time": 0.0, "Actual Total Time": 0.0, "Recheck Cond": "(movie_id = t.id)", "Rows Removed by Index Recheck": 0, "Filter": "((info)::text = ANY ('{USA,America}'::text[]))", "Rows Removed by Filter": 0, "Exact Heap Blocks": 0, "Lossy Heap Blocks": 0, "Plans": [{"Node Type": "Bitmap Index Scan", "Parent Relationship": "Outer", "Index Name": "movie_id_movie_info", "Startup Cost": 0.0, "Total Cost": 0.87, "Plan Rows": 5, "Plan Width": 0, "Actual Startup Time": 0.0, "Actual Total Time": 0.0, "Index Cond": "(movie_id = t.id)"}]}], "Actual Rows": 0}], "Actual Rows": 0}], "Actual Rows": 0}], "Actual Rows": 1}, "Triggers": [], "Planner Runtime": 11.234, "Total Runtime": 82.33, "Unique SQL Id": 328306525}}, "(16, '51')": {"explain_plan": {"Plan": {"Node Type": "Aggregate", "Strategy": "Plain", "Startup Cost": 71749.13, "Total Cost": 71749.14, "Plan Rows": 1, "Plan Width": 49, "Plans": [{"Node Type": "Nested Loop", "Parent Relationship": "Outer", "Join Type": "Inner", "Startup Cost": 28957.62, "Total Cost": 71749.07, "Plan Rows": 24, "Plan Width": 17, "Inner Unique": true, "Plans": [{"Node Type": "Nested Loop", "Parent Relationship": "Outer", "Join Type": "Inner", "Startup Cost": 28957.36, "Total Cost": 71646.35, "Plan Rows": 24, "Plan Width": 21, "Inner Unique": true, "Plans": [{"Node Type": "Nested Loop", "Parent Relationship": "Outer", "Join Type": "Inner", "Startup Cost": 28957.04, "Total Cost": 71502.93, "Plan Rows": 33, "Plan Width": 12, "Inner Unique": false, "Plans": [{"Node Type": "Nested Loop", "Parent Relationship": "Outer", "Join Type": "Inner", "Startup Cost": 28952.75, "Total Cost": 70774.36, "Plan Rows": 30, "Plan Width": 4, "Inner Unique": false, "Plans": [{"Node Type": "Bitmap Heap Scan", "Parent Relationship": "Outer", "Relation Name": "company_type", "Alias": "ct", "Startup Cost": 8.27, "Total Cost": 12.3, "Plan Rows": 1, "Plan Width": 4, "Filter": "((kind)::text = 'production companies'::text)", "Plans": [{"Node Type": "Bitmap Index Scan", "Parent Relationship": "Outer", "Index Name": "company_type_pkey", "Startup Cost": 0.0, "Total Cost": 8.27, "Plan Rows": 3, "Plan Width": 0}]}, {"Node Type": "Bitmap Heap Scan", "Parent Relationship": "Inner", "Relation Name": "movie_companies", "Alias": "mc", "Startup Cost": 28944.49, "Total Cost": 70761.77, "Plan Rows": 29, "Plan Width": 8, "Recheck Cond": "(company_type_id = ct.id)", "Filter": "(((note)::text ~~ '%(VHS)%'::text) AND ((note)::text ~~ '%(USA)%'::text) AND ((note)::text ~~ '%(1994)%'::text))", "Plans": [{"Node Type": "Bitmap Index Scan", "Parent Relationship": "Outer", "Index Name": "company_type_id_movie_companies", "Startup Cost": 0.0, "Total Cost": 28944.48, "Plan Rows": 1304564, "Plan Width": 0, "Index Cond": "(company_type_id = ct.id)"}]}]}, {"Node Type": "Bitmap Heap Scan", "Parent Relationship": "Inner", "Relation Name": "movie_info", "Alias": "mi", "Startup Cost": 4.29, "Total Cost": 24.28, "Plan Rows": 1, "Plan Width": 8, "Recheck Cond": "(movie_id = mc.movie_id)", "Filter": "((info)::text = ANY ('{USA,America}'::text[]))", "Plans": [{"Node Type": "Bitmap Index Scan", "Parent Relationship": "Outer", "Index Name": "movie_id_movie_info", "Startup Cost": 0.0, "Total Cost": 4.29, "Plan Rows": 5, "Plan Width": 0, "Index Cond": "(movie_id = mc.movie_id)"}]}]}, {"Node Type": "Bitmap Heap Scan", "Parent Relationship": "Inner", "Relation Name": "title", "Alias": "t", "Startup Cost": 0.32, "Total Cost": 4.34, "Plan Rows": 1, "Plan Width": 21, "Recheck Cond": "(id = mi.movie_id)", "Filter": "(production_year > 2010)", "Plans": [{"Node Type": "Bitmap Index Scan", "Parent Relationship": "Outer", "Index Name": "title_pkey", "Startup Cost": 0.0, "Total Cost": 0.32, "Plan Rows": 1, "Plan Width": 0, "Index Cond": "(id = mi.movie_id)"}]}]}, {"Node Type": "Bitmap Heap Scan", "Parent Relationship": "Inner", "Relation Name": "info_type", "Alias": "it", "Startup Cost": 0.26, "Total Cost": 4.27, "Plan Rows": 1, "Plan Width": 4, "Recheck Cond": "(id = mi.info_type_id)", "Plans": [{"Node Type": "Bitmap Index Scan", "Parent Relationship": "Outer", "Index Name": "info_type_pkey", "Startup Cost": 0.0, "Total Cost": 0.26, "Plan Rows": 1, "Plan Width": 0, "Index Cond": "(id = mi.info_type_id)"}]}]}]}, "Unique SQL Id": 328306525, "Planner Runtime": 3}, "explain_analyze_plan": null}, "(16, '52')": {"explain_plan": {"Plan": {"Node Type": "Aggregate", "Strategy": "Plain", "Startup Cost": 19173.9, "Total Cost": 19173.91, "Plan Rows": 1, "Plan Width": 49, "Plans": [{"Node Type": "Nested Loop", "Parent Relationship": "Outer", "Join Type": "Inner", "Startup Cost": 0.0, "Total Cost": 19173.84, "Plan Rows": 24, "Plan Width": 17, "Inner Unique": true, "Plans": [{"Node Type": "Nested Loop", "Parent Relationship": "Outer", "Join Type": "Inner", "Startup Cost": 0.0, "Total Cost": 19167.12, "Plan Rows": 24, "Plan Width": 21, "Inner Unique": false, "Plans": [{"Node Type": "Nested Loop", "Parent Relationship": "Outer", "Join Type": "Inner", "Startup Cost": 0.0, "Total Cost": 19088.13, "Plan Rows": 32, "Plan Width": 25, "Inner Unique": true, "Plans": [{"Node Type": "Nested Loop", "Parent Relationship": "Outer", "Join Type": "Inner", "Startup Cost": 0.0, "Total Cost": 18839.66, "Plan Rows": 30, "Plan Width": 4, "Inner Unique": false, "Join Filter": "(ct.id = mc.company_type_id)", "Plans": [{"Node Type": "Seq Scan", "Parent Relationship": "Outer", "Relation Name": "company_type", "Alias": "ct", "Startup Cost": 0.0, "Total Cost": 1.04, "Plan Rows": 1, "Plan Width": 4, "Filter": "((kind)::text = 'production companies'::text)"}, {"Node Type": "Materialize", "Parent Relationship": "Inner", "Startup Cost": 0.0, "Total Cost": 18838.03, "Plan Rows": 59, "Plan Width": 8, "Plans": [{"Node Type": "Streaming(type: LOCAL GATHER dop: 1/16)", "Parent Relationship": "Outer", "Startup Cost": 0.0, "Total Cost": 18837.88, "Plan Rows": 59, "Plan Width": 8, "Plans": [{"Node Type": "Seq Scan", "Parent Relationship": "Outer", "Relation Name": "movie_companies", "Alias": "mc", "Startup Cost": 0.0, "Total Cost": 18836.61, "Plan Rows": 59, "Plan Width": 8, "Filter": "(((note)::text ~~ '%(VHS)%'::text) AND ((note)::text ~~ '%(USA)%'::text) AND ((note)::text ~~ '%(1994)%'::text))"}]}]}]}, {"Node Type": "Index Scan", "Parent Relationship": "Inner", "Scan Direction": "Forward", "Index Name": "title_pkey", "Relation Name": "title", "Alias": "t", "Startup Cost": 0.0, "Total Cost": 8.27, "Plan Rows": 1, "Plan Width": 21, "Index Cond": "(id = mc.movie_id)", "Filter": "(production_year > 2010)"}]}, {"Node Type": "Index Scan", "Parent Relationship": "Inner", "Scan Direction": "Forward", "Index Name": "movie_id_movie_info", "Relation Name": "movie_info", "Alias": "mi", "Startup Cost": 0.0, "Total Cost": 2.46, "Plan Rows": 1, "Plan Width": 8, "Index Cond": "(movie_id = t.id)", "Filter": "((info)::text = ANY ('{USA,America}'::text[]))"}]}, {"Node Type": "Index Scan", "Parent Relationship": "Inner", "Scan Direction": "Forward", "Index Name": "info_type_pkey", "Relation Name": "info_type", "Alias": "it", "Startup Cost": 0.0, "Total Cost": 0.27, "Plan Rows": 1, "Plan Width": 4, "Index Cond": "(id = mi.info_type_id)"}]}]}, "Unique SQL Id": 328306525, "Planner Runtime": 3}, "explain_analyze_plan": {"Plan": {"Node Type": "Aggregate", "Strategy": "Plain", "Startup Cost": 19173.9, "Total Cost": 19173.91, "Plan Rows": 1, "Plan Width": 49, "Actual Min Startup Time": 82.106, "Actual Max Startup Time": 82.106, "Actual Min Total Time": 82.107, "Actual Max Total Time": 82.107, "Plans": [{"Node Type": "Nested Loop", "Parent Relationship": "Outer", "Join Type": "Inner", "Startup Cost": 0.0, "Total Cost": 19173.84, "Plan Rows": 24, "Plan Width": 17, "Actual Min Startup Time": 82.087, "Actual Max Startup Time": 82.087, "Actual Min Total Time": 82.087, "Actual Max Total Time": 82.087, "Inner Unique": true, "Plans": [{"Node Type": "Nested Loop", "Parent Relationship": "Outer", "Join Type": "Inner", "Startup Cost": 0.0, "Total Cost": 19167.12, "Plan Rows": 24, "Plan Width": 21, "Actual Min Startup Time": 82.085, "Actual Max Startup Time": 82.085, "Actual Min Total Time": 82.085, "Actual Max Total Time": 82.085, "Inner Unique": false, "Plans": [{"Node Type": "Nested Loop", "Parent Relationship": "Outer", "Join Type": "Inner", "Startup Cost": 0.0, "Total Cost": 19088.13, "Plan Rows": 32, "Plan Width": 25, "Actual Min Startup Time": 82.085, "Actual Max Startup Time": 82.085, "Actual Min Total Time": 82.085, "Actual Max Total Time": 82.085, "Inner Unique": true, "Plans": [{"Node Type": "Nested Loop", "Parent Relationship": "Outer", "Join Type": "Inner", "Startup Cost": 0.0, "Total Cost": 18839.66, "Plan Rows": 30, "Plan Width": 4, "Actual Min Startup Time": 82.084, "Actual Max Startup Time": 82.084, "Actual Min Total Time": 82.084, "Actual Max Total Time": 82.084, "Inner Unique": false, "Join Filter": "(ct.id = mc.company_type_id)", "Rows Removed by Join Filter": 1418, "Plans": [{"Node Type": "Seq Scan", "Parent Relationship": "Outer", "Relation Name": "company_type", "Alias": "ct", "Startup Cost": 0.0, "Total Cost": 1.04, "Plan Rows": 1, "Plan Width": 4, "Actual Min Startup Time": 0.038, "Actual Max Startup Time": 0.038, "Actual Min Total Time": 0.041, "Actual Max Total Time": 0.041, "Filter": "((kind)::text = 'production companies'::text)", "Rows Removed by Filter": 2, "Actual Rows": 1}, {"Node Type": "Materialize", "Parent Relationship": "Inner", "Startup Cost": 0.0, "Total Cost": 18838.03, "Plan Rows": 59, "Plan Width": 8, "Actual Min Startup Time": 81.576, "Actual Max Startup Time": 81.576, "Actual Min Total Time": 81.713, "Actual Max Total Time": 81.713, "Plans": [{"Node Type": "Streaming(type: LOCAL GATHER dop: 1/16)", "Parent Relationship": "Outer", "Startup Cost": 0.0, "Total Cost": 18837.88, "Plan Rows": 59, "Plan Width": 8, "Actual Min Startup Time": 45.285, "Actual Max Startup Time": 45.285, "Actual Min Total Time": 81.331, "Actual Max Total Time": 81.331, "Plans": [{"Node Type": "Seq Scan", "Parent Relationship": "Outer", "Relation Name": "movie_companies", "Alias": "mc", "Startup Cost": 0.0, "Total Cost": 18836.61, "Plan Rows": 59, "Plan Width": 8, "Actual Min Startup Time": 1.004, "Actual Max Startup Time": 12.22, "Actual Min Total Time": 54.35, "Actual Max Total Time": 60.791, "Filter": "(((note)::text ~~ '%(VHS)%'::text) AND ((note)::text ~~ '%(USA)%'::text) AND ((note)::text ~~ '%(1994)%'::text))", "Rows Removed by Filter": 2607710, "Actual Rows": 1418}], "Actual Rows": 1418}], "Actual Rows": 1419}], "Actual Rows": 0}, {"Node Type": "Index Scan", "Parent Relationship": "Inner", "Scan Direction": "Forward", "Index Name": "title_pkey", "Relation Name": "title", "Alias": "t", "Startup Cost": 0.0, "Total Cost": 8.27, "Plan Rows": 1, "Plan Width": 21, "Actual Startup Time": 0.0, "Actual Total Time": 0.0, "Index Cond": "(id = mc.movie_id)", "Rows Removed by Index Recheck": 0, "Filter": "(production_year > 2010)", "Rows Removed by Filter": 0}], "Actual Rows": 0}, {"Node Type": "Index Scan", "Parent Relationship": "Inner", "Scan Direction": "Forward", "Index Name": "movie_id_movie_info", "Relation Name": "movie_info", "Alias": "mi", "Startup Cost": 0.0, "Total Cost": 2.46, "Plan Rows": 1, "Plan Width": 8, "Actual Startup Time": 0.0, "Actual Total Time": 0.0, "Index Cond": "(movie_id = t.id)", "Rows Removed by Index Recheck": 0, "Filter": "((info)::text = ANY ('{USA,America}'::text[]))", "Rows Removed by Filter": 0}], "Actual Rows": 0}, {"Node Type": "Index Scan", "Parent Relationship": "Inner", "Scan Direction": "Forward", "Index Name": "info_type_pkey", "Relation Name": "info_type", "Alias": "it", "Startup Cost": 0.0, "Total Cost": 0.27, "Plan Rows": 1, "Plan Width": 4, "Actual Startup Time": 0.0, "Actual Total Time": 0.0, "Index Cond": "(id = mi.info_type_id)", "Rows Removed by Index Recheck": 0}], "Actual Rows": 0}], "Actual Rows": 1}, "Triggers": [], "Planner Runtime": 10.153, "Total Runtime": 84.649, "Unique SQL Id": 328306525}}, "(16, '53')": {"explain_plan": {"Plan": {"Node Type": "Aggregate", "Strategy": "Plain", "Startup Cost": 85293.18, "Total Cost": 85293.19, "Plan Rows": 1, "Plan Width": 49, "Plans": [{"Node Type": "Nested Loop", "Parent Relationship": "Outer", "Join Type": "Inner", "Startup Cost": 0.0, "Total Cost": 85293.12, "Plan Rows": 24, "Plan Width": 17, "Inner Unique": true, "Plans": [{"Node Type": "Nested Loop", "Parent Relationship": "Outer", "Join Type": "Inner", "Startup Cost": 0.0, "Total Cost": 85286.4, "Plan Rows": 24, "Plan Width": 21, "Inner Unique": false, "Plans": [{"Node Type": "Nested Loop", "Parent Relationship": "Outer", "Join Type": "Inner", "Startup Cost": 0.0, "Total Cost": 85207.41, "Plan Rows": 32, "Plan Width": 25, "Inner Unique": true, "Plans": [{"Node Type": "Nested Loop", "Parent Relationship": "Outer", "Join Type": "Inner", "Startup Cost": 0.0, "Total Cost": 84958.94, "Plan Rows": 30, "Plan Width": 4, "Inner Unique": false, "Join Filter": "(ct.id = mc.company_type_id)", "Plans": [{"Node Type": "Index Scan", "Parent Relationship": "Outer", "Scan Direction": "Forward", "Index Name": "company_type_pkey", "Relation Name": "company_type", "Alias": "ct", "Startup Cost": 0.0, "Total Cost": 12.3, "Plan Rows": 1, "Plan Width": 4, "Filter": "((kind)::text = 'production companies'::text)"}, {"Node Type": "Materialize", "Parent Relationship": "Inner", "Startup Cost": 0.0, "Total Cost": 84946.04, "Plan Rows": 59, "Plan Width": 8, "Plans": [{"Node Type": "Streaming(type: LOCAL GATHER dop: 1/16)", "Parent Relationship": "Outer", "Startup Cost": 0.0, "Total Cost": 84945.9, "Plan Rows": 59, "Plan Width": 8, "Plans": [{"Node Type": "Index Scan", "Parent Relationship": "Outer", "Scan Direction": "Forward", "Index Name": "company_type_id_movie_companies", "Relation Name": "movie_companies", "Alias": "mc", "Startup Cost": 0.0, "Total Cost": 84944.62, "Plan Rows": 59, "Plan Width": 8, "Filter": "(((note)::text ~~ '%(VHS)%'::text) AND ((note)::text ~~ '%(USA)%'::text) AND ((note)::text ~~ '%(1994)%'::text))"}]}]}]}, {"Node Type": "Index Scan", "Parent Relationship": "Inner", "Scan Direction": "Forward", "Index Name": "title_pkey", "Relation Name": "title", "Alias": "t", "Startup Cost": 0.0, "Total Cost": 8.27, "Plan Rows": 1, "Plan Width": 21, "Index Cond": "(id = mc.movie_id)", "Filter": "(production_year > 2010)"}]}, {"Node Type": "Index Scan", "Parent Relationship": "Inner", "Scan Direction": "Forward", "Index Name": "movie_id_movie_info", "Relation Name": "movie_info", "Alias": "mi", "Startup Cost": 0.0, "Total Cost": 2.46, "Plan Rows": 1, "Plan Width": 8, "Index Cond": "(movie_id = t.id)", "Filter": "((info)::text = ANY ('{USA,America}'::text[]))"}]}, {"Node Type": "Index Scan", "Parent Relationship": "Inner", "Scan Direction": "Forward", "Index Name": "info_type_pkey", "Relation Name": "info_type", "Alias": "it", "Startup Cost": 0.0, "Total Cost": 0.27, "Plan Rows": 1, "Plan Width": 4, "Index Cond": "(id = mi.info_type_id)"}]}]}, "Unique SQL Id": 328306525, "Planner Runtime": 4}, "explain_analyze_plan": {"Plan": {"Node Type": "Aggregate", "Strategy": "Plain", "Startup Cost": 85293.18, "Total Cost": 85293.19, "Plan Rows": 1, "Plan Width": 49, "Actual Min Startup Time": 153.891, "Actual Max Startup Time": 153.891, "Actual Min Total Time": 153.892, "Actual Max Total Time": 153.892, "Plans": [{"Node Type": "Nested Loop", "Parent Relationship": "Outer", "Join Type": "Inner", "Startup Cost": 0.0, "Total Cost": 85293.12, "Plan Rows": 24, "Plan Width": 17, "Actual Min Startup Time": 153.883, "Actual Max Startup Time": 153.883, "Actual Min Total Time": 153.883, "Actual Max Total Time": 153.883, "Inner Unique": true, "Plans": [{"Node Type": "Nested Loop", "Parent Relationship": "Outer", "Join Type": "Inner", "Startup Cost": 0.0, "Total Cost": 85286.4, "Plan Rows": 24, "Plan Width": 21, "Actual Min Startup Time": 153.881, "Actual Max Startup Time": 153.881, "Actual Min Total Time": 153.881, "Actual Max Total Time": 153.881, "Inner Unique": false, "Plans": [{"Node Type": "Nested Loop", "Parent Relationship": "Outer", "Join Type": "Inner", "Startup Cost": 0.0, "Total Cost": 85207.41, "Plan Rows": 32, "Plan Width": 25, "Actual Min Startup Time": 153.88, "Actual Max Startup Time": 153.88, "Actual Min Total Time": 153.88, "Actual Max Total Time": 153.88, "Inner Unique": true, "Plans": [{"Node Type": "Nested Loop", "Parent Relationship": "Outer", "Join Type": "Inner", "Startup Cost": 0.0, "Total Cost": 84958.94, "Plan Rows": 30, "Plan Width": 4, "Actual Min Startup Time": 153.88, "Actual Max Startup Time": 153.88, "Actual Min Total Time": 153.88, "Actual Max Total Time": 153.88, "Inner Unique": false, "Join Filter": "(ct.id = mc.company_type_id)", "Rows Removed by Join Filter": 1418, "Plans": [{"Node Type": "Index Scan", "Parent Relationship": "Outer", "Scan Direction": "Forward", "Index Name": "company_type_pkey", "Relation Name": "company_type", "Alias": "ct", "Startup Cost": 0.0, "Total Cost": 12.3, "Plan Rows": 1, "Plan Width": 4, "Actual Min Startup Time": 0.047, "Actual Max Startup Time": 0.047, "Actual Min Total Time": 0.052, "Actual Max Total Time": 0.052, "Filter": "((kind)::text = 'production companies'::text)", "Rows Removed by Filter": 2, "Actual Rows": 1}, {"Node Type": "Materialize", "Parent Relationship": "Inner", "Startup Cost": 0.0, "Total Cost": 84946.04, "Plan Rows": 59, "Plan Width": 8, "Actual Min Startup Time": 153.359, "Actual Max Startup Time": 153.359, "Actual Min Total Time": 153.492, "Actual Max Total Time": 153.492, "Plans": [{"Node Type": "Streaming(type: LOCAL GATHER dop: 1/16)", "Parent Relationship": "Outer", "Startup Cost": 0.0, "Total Cost": 84945.9, "Plan Rows": 59, "Plan Width": 8, "Actual Min Startup Time": 69.339, "Actual Max Startup Time": 69.339, "Actual Min Total Time": 153.095, "Actual Max Total Time": 153.095, "Plans": [{"Node Type": "Index Scan", "Parent Relationship": "Outer", "Scan Direction": "Forward", "Index Name": "company_type_id_movie_companies", "Relation Name": "movie_companies", "Alias": "mc", "Startup Cost": 0.0, "Total Cost": 84944.62, "Plan Rows": 59, "Plan Width": 8, "Actual Min Startup Time": 18.666, "Actual Max Startup Time": 91.737, "Actual Min Total Time": 88.45, "Actual Max Total Time": 136.558, "Filter": "(((note)::text ~~ '%(VHS)%'::text) AND ((note)::text ~~ '%(USA)%'::text) AND ((note)::text ~~ '%(1994)%'::text))", "Rows Removed by Filter": 2607710, "Actual Rows": 1418}], "Actual Rows": 1418}], "Actual Rows": 1419}], "Actual Rows": 0}, {"Node Type": "Index Scan", "Parent Relationship": "Inner", "Scan Direction": "Forward", "Index Name": "title_pkey", "Relation Name": "title", "Alias": "t", "Startup Cost": 0.0, "Total Cost": 8.27, "Plan Rows": 1, "Plan Width": 21, "Actual Startup Time": 0.0, "Actual Total Time": 0.0, "Index Cond": "(id = mc.movie_id)", "Rows Removed by Index Recheck": 0, "Filter": "(production_year > 2010)", "Rows Removed by Filter": 0}], "Actual Rows": 0}, {"Node Type": "Index Scan", "Parent Relationship": "Inner", "Scan Direction": "Forward", "Index Name": "movie_id_movie_info", "Relation Name": "movie_info", "Alias": "mi", "Startup Cost": 0.0, "Total Cost": 2.46, "Plan Rows": 1, "Plan Width": 8, "Actual Startup Time": 0.0, "Actual Total Time": 0.0, "Index Cond": "(movie_id = t.id)", "Rows Removed by Index Recheck": 0, "Filter": "((info)::text = ANY ('{USA,America}'::text[]))", "Rows Removed by Filter": 0}], "Actual Rows": 0}, {"Node Type": "Index Scan", "Parent Relationship": "Inner", "Scan Direction": "Forward", "Index Name": "info_type_pkey", "Relation Name": "info_type", "Alias": "it", "Startup Cost": 0.0, "Total Cost": 0.27, "Plan Rows": 1, "Plan Width": 4, "Actual Startup Time": 0.0, "Actual Total Time": 0.0, "Index Cond": "(id = mi.info_type_id)", "Rows Removed by Index Recheck": 0}], "Actual Rows": 0}], "Actual Rows": 1}, "Triggers": [], "Planner Runtime": 9.799, "Total Runtime": 156.415, "Unique SQL Id": 328306525}}, "(16, '54')": {"explain_plan": {"Plan": {"Node Type": "Aggregate", "Strategy": "Plain", "Startup Cost": 19289.21, "Total Cost": 19289.22, "Plan Rows": 1, "Plan Width": 49, "Plans": [{"Node Type": "Nested Loop", "Parent Relationship": "Outer", "Join Type": "Inner", "Startup Cost": 5.13, "Total Cost": 19289.15, "Plan Rows": 24, "Plan Width": 17, "Inner Unique": false, "Join Filter": "(mi.info_type_id = it.id)", "Plans": [{"Node Type": "Seq Scan", "Parent Relationship": "Outer", "Relation Name": "info_type", "Alias": "it", "Startup Cost": 0.0, "Total Cost": 2.12, "Plan Rows": 112, "Plan Width": 4}, {"Node Type": "Materialize", "Parent Relationship": "Inner", "Startup Cost": 5.13, "Total Cost": 19246.77, "Plan Rows": 24, "Plan Width": 21, "Plans": [{"Node Type": "Nested Loop", "Parent Relationship": "Outer", "Join Type": "Inner", "Startup Cost": 5.13, "Total Cost": 19246.65, "Plan Rows": 24, "Plan Width": 21, "Inner Unique": false, "Plans": [{"Node Type": "Nested Loop", "Parent Relationship": "Outer", "Join Type": "Inner", "Startup Cost": 4.26, "Total Cost": 19088.14, "Plan Rows": 32, "Plan Width": 25, "Inner Unique": true, "Plans": [{"Node Type": "Nested Loop", "Parent Relationship": "Outer", "Join Type": "Inner", "Startup Cost": 0.0, "Total Cost": 18839.66, "Plan Rows": 30, "Plan Width": 4, "Inner Unique": false, "Join Filter": "(ct.id = mc.company_type_id)", "Plans": [{"Node Type": "Seq Scan", "Parent Relationship": "Outer", "Relation Name": "company_type", "Alias": "ct", "Startup Cost": 0.0, "Total Cost": 1.04, "Plan Rows": 1, "Plan Width": 4, "Filter": "((kind)::text = 'production companies'::text)"}, {"Node Type": "Materialize", "Parent Relationship": "Inner", "Startup Cost": 0.0, "Total Cost": 18838.03, "Plan Rows": 59, "Plan Width": 8, "Plans": [{"Node Type": "Streaming(type: LOCAL GATHER dop: 1/16)", "Parent Relationship": "Outer", "Startup Cost": 0.0, "Total Cost": 18837.88, "Plan Rows": 59, "Plan Width": 8, "Plans": [{"Node Type": "Seq Scan", "Parent Relationship": "Outer", "Relation Name": "movie_companies", "Alias": "mc", "Startup Cost": 0.0, "Total Cost": 18836.61, "Plan Rows": 59, "Plan Width": 8, "Filter": "(((note)::text ~~ '%(VHS)%'::text) AND ((note)::text ~~ '%(USA)%'::text) AND ((note)::text ~~ '%(1994)%'::text))"}]}]}]}, {"Node Type": "Bitmap Heap Scan", "Parent Relationship": "Inner", "Relation Name": "title", "Alias": "t", "Startup Cost": 4.26, "Total Cost": 8.27, "Plan Rows": 1, "Plan Width": 21, "Recheck Cond": "(id = mc.movie_id)", "Filter": "(production_year > 2010)", "Plans": [{"Node Type": "Bitmap Index Scan", "Parent Relationship": "Outer", "Index Name": "title_pkey", "Startup Cost": 0.0, "Total Cost": 4.26, "Plan Rows": 1, "Plan Width": 0, "Index Cond": "(id = mc.movie_id)"}]}]}, {"Node Type": "Bitmap Heap Scan", "Parent Relationship": "Inner", "Relation Name": "movie_info", "Alias": "mi", "Startup Cost": 0.87, "Total Cost": 4.94, "Plan Rows": 1, "Plan Width": 8, "Recheck Cond": "(movie_id = t.id)", "Filter": "((info)::text = ANY ('{USA,America}'::text[]))", "Plans": [{"Node Type": "Bitmap Index Scan", "Parent Relationship": "Outer", "Index Name": "movie_id_movie_info", "Startup Cost": 0.0, "Total Cost": 0.87, "Plan Rows": 5, "Plan Width": 0, "Index Cond": "(movie_id = t.id)"}]}]}]}]}]}, "Unique SQL Id": 328306525, "Planner Runtime": 4}, "explain_analyze_plan": {"Plan": {"Node Type": "Aggregate", "Strategy": "Plain", "Startup Cost": 19289.21, "Total Cost": 19289.22, "Plan Rows": 1, "Plan Width": 49, "Actual Min Startup Time": 79.845, "Actual Max Startup Time": 79.845, "Actual Min Total Time": 79.845, "Actual Max Total Time": 79.845, "Plans": [{"Node Type": "Nested Loop", "Parent Relationship": "Outer", "Join Type": "Inner", "Startup Cost": 5.13, "Total Cost": 19289.15, "Plan Rows": 24, "Plan Width": 17, "Actual Min Startup Time": 79.836, "Actual Max Startup Time": 79.836, "Actual Min Total Time": 79.836, "Actual Max Total Time": 79.836, "Inner Unique": false, "Join Filter": "(mi.info_type_id = it.id)", "Rows Removed by Join Filter": 0, "Plans": [{"Node Type": "Seq Scan", "Parent Relationship": "Outer", "Relation Name": "info_type", "Alias": "it", "Startup Cost": 0.0, "Total Cost": 2.12, "Plan Rows": 112, "Plan Width": 4, "Actual Min Startup Time": 0.032, "Actual Max Startup Time": 0.032, "Actual Min Total Time": 0.05, "Actual Max Total Time": 0.05, "Actual Rows": 112}, {"Node Type": "Materialize", "Parent Relationship": "Inner", "Startup Cost": 5.13, "Total Cost": 19246.77, "Plan Rows": 24, "Plan Width": 21, "Actual Min Startup Time": 79.761, "Actual Max Startup Time": 79.761, "Actual Min Total Time": 79.761, "Actual Max Total Time": 79.761, "Plans": [{"Node Type": "Nested Loop", "Parent Relationship": "Outer", "Join Type": "Inner", "Startup Cost": 5.13, "Total Cost": 19246.65, "Plan Rows": 24, "Plan Width": 21, "Actual Min Startup Time": 79.749, "Actual Max Startup Time": 79.749, "Actual Min Total Time": 79.749, "Actual Max Total Time": 79.749, "Inner Unique": false, "Plans": [{"Node Type": "Nested Loop", "Parent Relationship": "Outer", "Join Type": "Inner", "Startup Cost": 4.26, "Total Cost": 19088.14, "Plan Rows": 32, "Plan Width": 25, "Actual Min Startup Time": 79.748, "Actual Max Startup Time": 79.748, "Actual Min Total Time": 79.748, "Actual Max Total Time": 79.748, "Inner Unique": true, "Plans": [{"Node Type": "Nested Loop", "Parent Relationship": "Outer", "Join Type": "Inner", "Startup Cost": 0.0, "Total Cost": 18839.66, "Plan Rows": 30, "Plan Width": 4, "Actual Min Startup Time": 79.747, "Actual Max Startup Time": 79.747, "Actual Min Total Time": 79.747, "Actual Max Total Time": 79.747, "Inner Unique": false, "Join Filter": "(ct.id = mc.company_type_id)", "Rows Removed by Join Filter": 1418, "Plans": [{"Node Type": "Seq Scan", "Parent Relationship": "Outer", "Relation Name": "company_type", "Alias": "ct", "Startup Cost": 0.0, "Total Cost": 1.04, "Plan Rows": 1, "Plan Width": 4, "Actual Min Startup Time": 0.041, "Actual Max Startup Time": 0.041, "Actual Min Total Time": 0.044, "Actual Max Total Time": 0.044, "Filter": "((kind)::text = 'production companies'::text)", "Rows Removed by Filter": 2, "Actual Rows": 1}, {"Node Type": "Materialize", "Parent Relationship": "Inner", "Startup Cost": 0.0, "Total Cost": 18838.03, "Plan Rows": 59, "Plan Width": 8, "Actual Min Startup Time": 79.237, "Actual Max Startup Time": 79.237, "Actual Min Total Time": 79.366, "Actual Max Total Time": 79.366, "Plans": [{"Node Type": "Streaming(type: LOCAL GATHER dop: 1/16)", "Parent Relationship": "Outer", "Startup Cost": 0.0, "Total Cost": 18837.88, "Plan Rows": 59, "Plan Width": 8, "Actual Min Startup Time": 41.667, "Actual Max Startup Time": 41.667, "Actual Min Total Time": 78.971, "Actual Max Total Time": 78.971, "Plans": [{"Node Type": "Seq Scan", "Parent Relationship": "Outer", "Relation Name": "movie_companies", "Alias": "mc", "Startup Cost": 0.0, "Total Cost": 18836.61, "Plan Rows": 59, "Plan Width": 8, "Actual Min Startup Time": 0.983, "Actual Max Startup Time": 12.222, "Actual Min Total Time": 54.232, "Actual Max Total Time": 60.749, "Filter": "(((note)::text ~~ '%(VHS)%'::text) AND ((note)::text ~~ '%(USA)%'::text) AND ((note)::text ~~ '%(1994)%'::text))", "Rows Removed by Filter": 2607710, "Actual Rows": 1418}], "Actual Rows": 1418}], "Actual Rows": 1419}], "Actual Rows": 0}, {"Node Type": "Bitmap Heap Scan", "Parent Relationship": "Inner", "Relation Name": "title", "Alias": "t", "Startup Cost": 4.26, "Total Cost": 8.27, "Plan Rows": 1, "Plan Width": 21, "Actual Startup Time": 0.0, "Actual Total Time": 0.0, "Recheck Cond": "(id = mc.movie_id)", "Rows Removed by Index Recheck": 0, "Filter": "(production_year > 2010)", "Rows Removed by Filter": 0, "Exact Heap Blocks": 0, "Lossy Heap Blocks": 0, "Plans": [{"Node Type": "Bitmap Index Scan", "Parent Relationship": "Outer", "Index Name": "title_pkey", "Startup Cost": 0.0, "Total Cost": 4.26, "Plan Rows": 1, "Plan Width": 0, "Actual Startup Time": 0.0, "Actual Total Time": 0.0, "Index Cond": "(id = mc.movie_id)"}]}], "Actual Rows": 0}, {"Node Type": "Bitmap Heap Scan", "Parent Relationship": "Inner", "Relation Name": "movie_info", "Alias": "mi", "Startup Cost": 0.87, "Total Cost": 4.94, "Plan Rows": 1, "Plan Width": 8, "Actual Startup Time": 0.0, "Actual Total Time": 0.0, "Recheck Cond": "(movie_id = t.id)", "Rows Removed by Index Recheck": 0, "Filter": "((info)::text = ANY ('{USA,America}'::text[]))", "Rows Removed by Filter": 0, "Exact Heap Blocks": 0, "Lossy Heap Blocks": 0, "Plans": [{"Node Type": "Bitmap Index Scan", "Parent Relationship": "Outer", "Index Name": "movie_id_movie_info", "Startup Cost": 0.0, "Total Cost": 0.87, "Plan Rows": 5, "Plan Width": 0, "Actual Startup Time": 0.0, "Actual Total Time": 0.0, "Index Cond": "(movie_id = t.id)"}]}], "Actual Rows": 0}], "Actual Rows": 0}], "Actual Rows": 0}], "Actual Rows": 1}, "Triggers": [], "Planner Runtime": 11.234, "Total Runtime": 82.33, "Unique SQL Id": 328306525}}, "(16, '55')": {"explain_plan": {"Plan": {"Node Type": "Aggregate", "Strategy": "Plain", "Startup Cost": 71749.13, "Total Cost": 71749.14, "Plan Rows": 1, "Plan Width": 49, "Plans": [{"Node Type": "Nested Loop", "Parent Relationship": "Outer", "Join Type": "Inner", "Startup Cost": 28957.62, "Total Cost": 71749.07, "Plan Rows": 24, "Plan Width": 17, "Inner Unique": true, "Plans": [{"Node Type": "Nested Loop", "Parent Relationship": "Outer", "Join Type": "Inner", "Startup Cost": 28957.36, "Total Cost": 71646.35, "Plan Rows": 24, "Plan Width": 21, "Inner Unique": true, "Plans": [{"Node Type": "Nested Loop", "Parent Relationship": "Outer", "Join Type": "Inner", "Startup Cost": 28957.04, "Total Cost": 71502.93, "Plan Rows": 33, "Plan Width": 12, "Inner Unique": false, "Plans": [{"Node Type": "Nested Loop", "Parent Relationship": "Outer", "Join Type": "Inner", "Startup Cost": 28952.75, "Total Cost": 70774.36, "Plan Rows": 30, "Plan Width": 4, "Inner Unique": false, "Plans": [{"Node Type": "Bitmap Heap Scan", "Parent Relationship": "Outer", "Relation Name": "company_type", "Alias": "ct", "Startup Cost": 8.27, "Total Cost": 12.3, "Plan Rows": 1, "Plan Width": 4, "Filter": "((kind)::text = 'production companies'::text)", "Plans": [{"Node Type": "Bitmap Index Scan", "Parent Relationship": "Outer", "Index Name": "company_type_pkey", "Startup Cost": 0.0, "Total Cost": 8.27, "Plan Rows": 3, "Plan Width": 0}]}, {"Node Type": "Bitmap Heap Scan", "Parent Relationship": "Inner", "Relation Name": "movie_companies", "Alias": "mc", "Startup Cost": 28944.49, "Total Cost": 70761.77, "Plan Rows": 29, "Plan Width": 8, "Recheck Cond": "(company_type_id = ct.id)", "Filter": "(((note)::text ~~ '%(VHS)%'::text) AND ((note)::text ~~ '%(USA)%'::text) AND ((note)::text ~~ '%(1994)%'::text))", "Plans": [{"Node Type": "Bitmap Index Scan", "Parent Relationship": "Outer", "Index Name": "company_type_id_movie_companies", "Startup Cost": 0.0, "Total Cost": 28944.48, "Plan Rows": 1304564, "Plan Width": 0, "Index Cond": "(company_type_id = ct.id)"}]}]}, {"Node Type": "Bitmap Heap Scan", "Parent Relationship": "Inner", "Relation Name": "movie_info", "Alias": "mi", "Startup Cost": 4.29, "Total Cost": 24.28, "Plan Rows": 1, "Plan Width": 8, "Recheck Cond": "(movie_id = mc.movie_id)", "Filter": "((info)::text = ANY ('{USA,America}'::text[]))", "Plans": [{"Node Type": "Bitmap Index Scan", "Parent Relationship": "Outer", "Index Name": "movie_id_movie_info", "Startup Cost": 0.0, "Total Cost": 4.29, "Plan Rows": 5, "Plan Width": 0, "Index Cond": "(movie_id = mc.movie_id)"}]}]}, {"Node Type": "Bitmap Heap Scan", "Parent Relationship": "Inner", "Relation Name": "title", "Alias": "t", "Startup Cost": 0.32, "Total Cost": 4.34, "Plan Rows": 1, "Plan Width": 21, "Recheck Cond": "(id = mi.movie_id)", "Filter": "(production_year > 2010)", "Plans": [{"Node Type": "Bitmap Index Scan", "Parent Relationship": "Outer", "Index Name": "title_pkey", "Startup Cost": 0.0, "Total Cost": 0.32, "Plan Rows": 1, "Plan Width": 0, "Index Cond": "(id = mi.movie_id)"}]}]}, {"Node Type": "Bitmap Heap Scan", "Parent Relationship": "Inner", "Relation Name": "info_type", "Alias": "it", "Startup Cost": 0.26, "Total Cost": 4.27, "Plan Rows": 1, "Plan Width": 4, "Recheck Cond": "(id = mi.info_type_id)", "Plans": [{"Node Type": "Bitmap Index Scan", "Parent Relationship": "Outer", "Index Name": "info_type_pkey", "Startup Cost": 0.0, "Total Cost": 0.26, "Plan Rows": 1, "Plan Width": 0, "Index Cond": "(id = mi.info_type_id)"}]}]}]}, "Unique SQL Id": 328306525, "Planner Runtime": 4}, "explain_analyze_plan": null}, "(16, '56')": {"explain_plan": {"Plan": {"Node Type": "Aggregate", "Strategy": "Plain", "Startup Cost": 19173.9, "Total Cost": 19173.91, "Plan Rows": 1, "Plan Width": 49, "Plans": [{"Node Type": "Nested Loop", "Parent Relationship": "Outer", "Join Type": "Inner", "Startup Cost": 0.0, "Total Cost": 19173.84, "Plan Rows": 24, "Plan Width": 17, "Inner Unique": true, "Plans": [{"Node Type": "Nested Loop", "Parent Relationship": "Outer", "Join Type": "Inner", "Startup Cost": 0.0, "Total Cost": 19167.12, "Plan Rows": 24, "Plan Width": 21, "Inner Unique": false, "Plans": [{"Node Type": "Nested Loop", "Parent Relationship": "Outer", "Join Type": "Inner", "Startup Cost": 0.0, "Total Cost": 19088.13, "Plan Rows": 32, "Plan Width": 25, "Inner Unique": true, "Plans": [{"Node Type": "Nested Loop", "Parent Relationship": "Outer", "Join Type": "Inner", "Startup Cost": 0.0, "Total Cost": 18839.66, "Plan Rows": 30, "Plan Width": 4, "Inner Unique": false, "Join Filter": "(ct.id = mc.company_type_id)", "Plans": [{"Node Type": "Seq Scan", "Parent Relationship": "Outer", "Relation Name": "company_type", "Alias": "ct", "Startup Cost": 0.0, "Total Cost": 1.04, "Plan Rows": 1, "Plan Width": 4, "Filter": "((kind)::text = 'production companies'::text)"}, {"Node Type": "Materialize", "Parent Relationship": "Inner", "Startup Cost": 0.0, "Total Cost": 18838.03, "Plan Rows": 59, "Plan Width": 8, "Plans": [{"Node Type": "Streaming(type: LOCAL GATHER dop: 1/16)", "Parent Relationship": "Outer", "Startup Cost": 0.0, "Total Cost": 18837.88, "Plan Rows": 59, "Plan Width": 8, "Plans": [{"Node Type": "Seq Scan", "Parent Relationship": "Outer", "Relation Name": "movie_companies", "Alias": "mc", "Startup Cost": 0.0, "Total Cost": 18836.61, "Plan Rows": 59, "Plan Width": 8, "Filter": "(((note)::text ~~ '%(VHS)%'::text) AND ((note)::text ~~ '%(USA)%'::text) AND ((note)::text ~~ '%(1994)%'::text))"}]}]}]}, {"Node Type": "Index Scan", "Parent Relationship": "Inner", "Scan Direction": "Forward", "Index Name": "title_pkey", "Relation Name": "title", "Alias": "t", "Startup Cost": 0.0, "Total Cost": 8.27, "Plan Rows": 1, "Plan Width": 21, "Index Cond": "(id = mc.movie_id)", "Filter": "(production_year > 2010)"}]}, {"Node Type": "Index Scan", "Parent Relationship": "Inner", "Scan Direction": "Forward", "Index Name": "movie_id_movie_info", "Relation Name": "movie_info", "Alias": "mi", "Startup Cost": 0.0, "Total Cost": 2.46, "Plan Rows": 1, "Plan Width": 8, "Index Cond": "(movie_id = t.id)", "Filter": "((info)::text = ANY ('{USA,America}'::text[]))"}]}, {"Node Type": "Index Only Scan", "Parent Relationship": "Inner", "Scan Direction": "Forward", "Index Name": "info_type_pkey", "Relation Name": "info_type", "Alias": "it", "Startup Cost": 0.0, "Total Cost": 0.27, "Plan Rows": 1, "Plan Width": 4, "Index Cond": "(id = mi.info_type_id)"}]}]}, "Unique SQL Id": 328306525, "Planner Runtime": 4}, "explain_analyze_plan": {"Plan": {"Node Type": "Aggregate", "Strategy": "Plain", "Startup Cost": 19173.9, "Total Cost": 19173.91, "Plan Rows": 1, "Plan Width": 49, "Actual Min Startup Time": 83.27, "Actual Max Startup Time": 83.27, "Actual Min Total Time": 83.271, "Actual Max Total Time": 83.271, "Plans": [{"Node Type": "Nested Loop", "Parent Relationship": "Outer", "Join Type": "Inner", "Startup Cost": 0.0, "Total Cost": 19173.84, "Plan Rows": 24, "Plan Width": 17, "Actual Min Startup Time": 83.259, "Actual Max Startup Time": 83.259, "Actual Min Total Time": 83.259, "Actual Max Total Time": 83.259, "Inner Unique": true, "Plans": [{"Node Type": "Nested Loop", "Parent Relationship": "Outer", "Join Type": "Inner", "Startup Cost": 0.0, "Total Cost": 19167.12, "Plan Rows": 24, "Plan Width": 21, "Actual Min Startup Time": 83.257, "Actual Max Startup Time": 83.257, "Actual Min Total Time": 83.257, "Actual Max Total Time": 83.257, "Inner Unique": false, "Plans": [{"Node Type": "Nested Loop", "Parent Relationship": "Outer", "Join Type": "Inner", "Startup Cost": 0.0, "Total Cost": 19088.13, "Plan Rows": 32, "Plan Width": 25, "Actual Min Startup Time": 83.256, "Actual Max Startup Time": 83.256, "Actual Min Total Time": 83.256, "Actual Max Total Time": 83.256, "Inner Unique": true, "Plans": [{"Node Type": "Nested Loop", "Parent Relationship": "Outer", "Join Type": "Inner", "Startup Cost": 0.0, "Total Cost": 18839.66, "Plan Rows": 30, "Plan Width": 4, "Actual Min Startup Time": 83.256, "Actual Max Startup Time": 83.256, "Actual Min Total Time": 83.256, "Actual Max Total Time": 83.256, "Inner Unique": false, "Join Filter": "(ct.id = mc.company_type_id)", "Rows Removed by Join Filter": 1418, "Plans": [{"Node Type": "Seq Scan", "Parent Relationship": "Outer", "Relation Name": "company_type", "Alias": "ct", "Startup Cost": 0.0, "Total Cost": 1.04, "Plan Rows": 1, "Plan Width": 4, "Actual Min Startup Time": 0.047, "Actual Max Startup Time": 0.047, "Actual Min Total Time": 0.05, "Actual Max Total Time": 0.05, "Filter": "((kind)::text = 'production companies'::text)", "Rows Removed by Filter": 2, "Actual Rows": 1}, {"Node Type": "Materialize", "Parent Relationship": "Inner", "Startup Cost": 0.0, "Total Cost": 18838.03, "Plan Rows": 59, "Plan Width": 8, "Actual Min Startup Time": 82.738, "Actual Max Startup Time": 82.738, "Actual Min Total Time": 82.874, "Actual Max Total Time": 82.874, "Plans": [{"Node Type": "Streaming(type: LOCAL GATHER dop: 1/16)", "Parent Relationship": "Outer", "Startup Cost": 0.0, "Total Cost": 18837.88, "Plan Rows": 59, "Plan Width": 8, "Actual Min Startup Time": 41.394, "Actual Max Startup Time": 41.394, "Actual Min Total Time": 82.488, "Actual Max Total Time": 82.488, "Plans": [{"Node Type": "Seq Scan", "Parent Relationship": "Outer", "Relation Name": "movie_companies", "Alias": "mc", "Startup Cost": 0.0, "Total Cost": 18836.61, "Plan Rows": 59, "Plan Width": 8, "Actual Min Startup Time": 0.994, "Actual Max Startup Time": 12.189, "Actual Min Total Time": 54.261, "Actual Max Total Time": 60.78, "Filter": "(((note)::text ~~ '%(VHS)%'::text) AND ((note)::text ~~ '%(USA)%'::text) AND ((note)::text ~~ '%(1994)%'::text))", "Rows Removed by Filter": 2607710, "Actual Rows": 1418}], "Actual Rows": 1418}], "Actual Rows": 1419}], "Actual Rows": 0}, {"Node Type": "Index Scan", "Parent Relationship": "Inner", "Scan Direction": "Forward", "Index Name": "title_pkey", "Relation Name": "title", "Alias": "t", "Startup Cost": 0.0, "Total Cost": 8.27, "Plan Rows": 1, "Plan Width": 21, "Actual Startup Time": 0.0, "Actual Total Time": 0.0, "Index Cond": "(id = mc.movie_id)", "Rows Removed by Index Recheck": 0, "Filter": "(production_year > 2010)", "Rows Removed by Filter": 0}], "Actual Rows": 0}, {"Node Type": "Index Scan", "Parent Relationship": "Inner", "Scan Direction": "Forward", "Index Name": "movie_id_movie_info", "Relation Name": "movie_info", "Alias": "mi", "Startup Cost": 0.0, "Total Cost": 2.46, "Plan Rows": 1, "Plan Width": 8, "Actual Startup Time": 0.0, "Actual Total Time": 0.0, "Index Cond": "(movie_id = t.id)", "Rows Removed by Index Recheck": 0, "Filter": "((info)::text = ANY ('{USA,America}'::text[]))", "Rows Removed by Filter": 0}], "Actual Rows": 0}, {"Node Type": "Index Only Scan", "Parent Relationship": "Inner", "Scan Direction": "Forward", "Index Name": "info_type_pkey", "Relation Name": "info_type", "Alias": "it", "Startup Cost": 0.0, "Total Cost": 0.27, "Plan Rows": 1, "Plan Width": 4, "Actual Startup Time": 0.0, "Actual Total Time": 0.0, "Index Cond": "(id = mi.info_type_id)", "Rows Removed by Index Recheck": 0, "Heap Fetches": 0}], "Actual Rows": 0}], "Actual Rows": 1}, "Triggers": [], "Planner Runtime": 10.123, "Total Runtime": 85.75, "Unique SQL Id": 328306525}}, "(16, '57')": {"explain_plan": {"Plan": {"Node Type": "Aggregate", "Strategy": "Plain", "Startup Cost": 85293.18, "Total Cost": 85293.19, "Plan Rows": 1, "Plan Width": 49, "Plans": [{"Node Type": "Nested Loop", "Parent Relationship": "Outer", "Join Type": "Inner", "Startup Cost": 0.0, "Total Cost": 85293.12, "Plan Rows": 24, "Plan Width": 17, "Inner Unique": true, "Plans": [{"Node Type": "Nested Loop", "Parent Relationship": "Outer", "Join Type": "Inner", "Startup Cost": 0.0, "Total Cost": 85286.4, "Plan Rows": 24, "Plan Width": 21, "Inner Unique": false, "Plans": [{"Node Type": "Nested Loop", "Parent Relationship": "Outer", "Join Type": "Inner", "Startup Cost": 0.0, "Total Cost": 85207.41, "Plan Rows": 32, "Plan Width": 25, "Inner Unique": true, "Plans": [{"Node Type": "Nested Loop", "Parent Relationship": "Outer", "Join Type": "Inner", "Startup Cost": 0.0, "Total Cost": 84958.94, "Plan Rows": 30, "Plan Width": 4, "Inner Unique": false, "Join Filter": "(ct.id = mc.company_type_id)", "Plans": [{"Node Type": "Index Scan", "Parent Relationship": "Outer", "Scan Direction": "Forward", "Index Name": "company_type_pkey", "Relation Name": "company_type", "Alias": "ct", "Startup Cost": 0.0, "Total Cost": 12.3, "Plan Rows": 1, "Plan Width": 4, "Filter": "((kind)::text = 'production companies'::text)"}, {"Node Type": "Materialize", "Parent Relationship": "Inner", "Startup Cost": 0.0, "Total Cost": 84946.04, "Plan Rows": 59, "Plan Width": 8, "Plans": [{"Node Type": "Streaming(type: LOCAL GATHER dop: 1/16)", "Parent Relationship": "Outer", "Startup Cost": 0.0, "Total Cost": 84945.9, "Plan Rows": 59, "Plan Width": 8, "Plans": [{"Node Type": "Index Scan", "Parent Relationship": "Outer", "Scan Direction": "Forward", "Index Name": "company_type_id_movie_companies", "Relation Name": "movie_companies", "Alias": "mc", "Startup Cost": 0.0, "Total Cost": 84944.62, "Plan Rows": 59, "Plan Width": 8, "Filter": "(((note)::text ~~ '%(VHS)%'::text) AND ((note)::text ~~ '%(USA)%'::text) AND ((note)::text ~~ '%(1994)%'::text))"}]}]}]}, {"Node Type": "Index Scan", "Parent Relationship": "Inner", "Scan Direction": "Forward", "Index Name": "title_pkey", "Relation Name": "title", "Alias": "t", "Startup Cost": 0.0, "Total Cost": 8.27, "Plan Rows": 1, "Plan Width": 21, "Index Cond": "(id = mc.movie_id)", "Filter": "(production_year > 2010)"}]}, {"Node Type": "Index Scan", "Parent Relationship": "Inner", "Scan Direction": "Forward", "Index Name": "movie_id_movie_info", "Relation Name": "movie_info", "Alias": "mi", "Startup Cost": 0.0, "Total Cost": 2.46, "Plan Rows": 1, "Plan Width": 8, "Index Cond": "(movie_id = t.id)", "Filter": "((info)::text = ANY ('{USA,America}'::text[]))"}]}, {"Node Type": "Index Only Scan", "Parent Relationship": "Inner", "Scan Direction": "Forward", "Index Name": "info_type_pkey", "Relation Name": "info_type", "Alias": "it", "Startup Cost": 0.0, "Total Cost": 0.27, "Plan Rows": 1, "Plan Width": 4, "Index Cond": "(id = mi.info_type_id)"}]}]}, "Unique SQL Id": 328306525, "Planner Runtime": 3}, "explain_analyze_plan": {"Plan": {"Node Type": "Aggregate", "Strategy": "Plain", "Startup Cost": 85293.18, "Total Cost": 85293.19, "Plan Rows": 1, "Plan Width": 49, "Actual Min Startup Time": 150.989, "Actual Max Startup Time": 150.989, "Actual Min Total Time": 150.989, "Actual Max Total Time": 150.989, "Plans": [{"Node Type": "Nested Loop", "Parent Relationship": "Outer", "Join Type": "Inner", "Startup Cost": 0.0, "Total Cost": 85293.12, "Plan Rows": 24, "Plan Width": 17, "Actual Min Startup Time": 150.979, "Actual Max Startup Time": 150.979, "Actual Min Total Time": 150.979, "Actual Max Total Time": 150.979, "Inner Unique": true, "Plans": [{"Node Type": "Nested Loop", "Parent Relationship": "Outer", "Join Type": "Inner", "Startup Cost": 0.0, "Total Cost": 85286.4, "Plan Rows": 24, "Plan Width": 21, "Actual Min Startup Time": 150.977, "Actual Max Startup Time": 150.977, "Actual Min Total Time": 150.977, "Actual Max Total Time": 150.977, "Inner Unique": false, "Plans": [{"Node Type": "Nested Loop", "Parent Relationship": "Outer", "Join Type": "Inner", "Startup Cost": 0.0, "Total Cost": 85207.41, "Plan Rows": 32, "Plan Width": 25, "Actual Min Startup Time": 150.977, "Actual Max Startup Time": 150.977, "Actual Min Total Time": 150.977, "Actual Max Total Time": 150.977, "Inner Unique": true, "Plans": [{"Node Type": "Nested Loop", "Parent Relationship": "Outer", "Join Type": "Inner", "Startup Cost": 0.0, "Total Cost": 84958.94, "Plan Rows": 30, "Plan Width": 4, "Actual Min Startup Time": 150.976, "Actual Max Startup Time": 150.976, "Actual Min Total Time": 150.976, "Actual Max Total Time": 150.976, "Inner Unique": false, "Join Filter": "(ct.id = mc.company_type_id)", "Rows Removed by Join Filter": 1418, "Plans": [{"Node Type": "Index Scan", "Parent Relationship": "Outer", "Scan Direction": "Forward", "Index Name": "company_type_pkey", "Relation Name": "company_type", "Alias": "ct", "Startup Cost": 0.0, "Total Cost": 12.3, "Plan Rows": 1, "Plan Width": 4, "Actual Min Startup Time": 0.046, "Actual Max Startup Time": 0.046, "Actual Min Total Time": 0.05, "Actual Max Total Time": 0.05, "Filter": "((kind)::text = 'production companies'::text)", "Rows Removed by Filter": 2, "Actual Rows": 1}, {"Node Type": "Materialize", "Parent Relationship": "Inner", "Startup Cost": 0.0, "Total Cost": 84946.04, "Plan Rows": 59, "Plan Width": 8, "Actual Min Startup Time": 150.438, "Actual Max Startup Time": 150.438, "Actual Min Total Time": 150.602, "Actual Max Total Time": 150.602, "Plans": [{"Node Type": "Streaming(type: LOCAL GATHER dop: 1/16)", "Parent Relationship": "Outer", "Startup Cost": 0.0, "Total Cost": 84945.9, "Plan Rows": 59, "Plan Width": 8, "Actual Min Startup Time": 66.76, "Actual Max Startup Time": 66.76, "Actual Min Total Time": 150.176, "Actual Max Total Time": 150.176, "Plans": [{"Node Type": "Index Scan", "Parent Relationship": "Outer", "Scan Direction": "Forward", "Index Name": "company_type_id_movie_companies", "Relation Name": "movie_companies", "Alias": "mc", "Startup Cost": 0.0, "Total Cost": 84944.62, "Plan Rows": 59, "Plan Width": 8, "Actual Min Startup Time": 16.096, "Actual Max Startup Time": 90.09, "Actual Min Total Time": 86.621, "Actual Max Total Time": 133.227, "Filter": "(((note)::text ~~ '%(VHS)%'::text) AND ((note)::text ~~ '%(USA)%'::text) AND ((note)::text ~~ '%(1994)%'::text))", "Rows Removed by Filter": 2607710, "Actual Rows": 1418}], "Actual Rows": 1418}], "Actual Rows": 1419}], "Actual Rows": 0}, {"Node Type": "Index Scan", "Parent Relationship": "Inner", "Scan Direction": "Forward", "Index Name": "title_pkey", "Relation Name": "title", "Alias": "t", "Startup Cost": 0.0, "Total Cost": 8.27, "Plan Rows": 1, "Plan Width": 21, "Actual Startup Time": 0.0, "Actual Total Time": 0.0, "Index Cond": "(id = mc.movie_id)", "Rows Removed by Index Recheck": 0, "Filter": "(production_year > 2010)", "Rows Removed by Filter": 0}], "Actual Rows": 0}, {"Node Type": "Index Scan", "Parent Relationship": "Inner", "Scan Direction": "Forward", "Index Name": "movie_id_movie_info", "Relation Name": "movie_info", "Alias": "mi", "Startup Cost": 0.0, "Total Cost": 2.46, "Plan Rows": 1, "Plan Width": 8, "Actual Startup Time": 0.0, "Actual Total Time": 0.0, "Index Cond": "(movie_id = t.id)", "Rows Removed by Index Recheck": 0, "Filter": "((info)::text = ANY ('{USA,America}'::text[]))", "Rows Removed by Filter": 0}], "Actual Rows": 0}, {"Node Type": "Index Only Scan", "Parent Relationship": "Inner", "Scan Direction": "Forward", "Index Name": "info_type_pkey", "Relation Name": "info_type", "Alias": "it", "Startup Cost": 0.0, "Total Cost": 0.27, "Plan Rows": 1, "Plan Width": 4, "Actual Startup Time": 0.0, "Actual Total Time": 0.0, "Index Cond": "(id = mi.info_type_id)", "Rows Removed by Index Recheck": 0, "Heap Fetches": 0}], "Actual Rows": 0}], "Actual Rows": 1}, "Triggers": [], "Planner Runtime": 9.823, "Total Runtime": 153.389, "Unique SQL Id": 328306525}}, "(16, '58')": {"explain_plan": {"Plan": {"Node Type": "Aggregate", "Strategy": "Plain", "Startup Cost": 132485.55, "Total Cost": 132485.56, "Plan Rows": 1, "Plan Width": 49, "Plans": [{"Node Type": "Nested Loop", "Parent Relationship": "Outer", "Join Type": "Inner", "Startup Cost": 0.0, "Total Cost": 132485.49, "Plan Rows": 24, "Plan Width": 17, "Inner Unique": false, "Join Filter": "(mi.info_type_id = it.id)", "Plans": [{"Node Type": "Seq Scan", "Parent Relationship": "Outer", "Relation Name": "info_type", "Alias": "it", "Startup Cost": 0.0, "Total Cost": 2.12, "Plan Rows": 112, "Plan Width": 4}, {"Node Type": "Materialize", "Parent Relationship": "Inner", "Startup Cost": 0.0, "Total Cost": 132443.11, "Plan Rows": 24, "Plan Width": 21, "Plans": [{"Node Type": "Streaming(type: LOCAL GATHER dop: 1/16)", "Parent Relationship": "Outer", "Startup Cost": 0.0, "Total Cost": 132442.99, "Plan Rows": 24, "Plan Width": 21, "Plans": [{"Node Type": "Nested Loop", "Parent Relationship": "Outer", "Join Type": "Inner", "Startup Cost": 0.0, "Total Cost": 132442.47, "Plan Rows": 24, "Plan Width": 21, "Inner Unique": false, "Join Filter": "(t.id = mi.movie_id)", "Plans": [{"Node Type": "Seq Scan", "Parent Relationship": "Outer", "Relation Name": "movie_info", "Alias": "mi", "Startup Cost": 0.0, "Total Cost": 35885.16, "Plan Rows": 584897, "Plan Width": 8, "Filter": "((info)::text = ANY ('{USA,America}'::text[]))"}, {"Node Type": "Materialize", "Parent Relationship": "Inner", "Startup Cost": 0.0, "Total Cost": 79010.48, "Plan Rows": 512, "Plan Width": 25, "Plans": [{"Node Type": "Streaming(type: BROADCAST dop: 16/16)", "Parent Relationship": "Outer", "Startup Cost": 0.0, "Total Cost": 79010.32, "Plan Rows": 512, "Plan Width": 25, "Plans": [{"Node Type": "Nested Loop", "Parent Relationship": "Outer", "Join Type": "Inner", "Startup Cost": 0.0, "Total Cost": 64009.02, "Plan Rows": 32, "Plan Width": 25, "Inner Unique": false, "Join Filter": "(mc.movie_id = t.id)", "Plans": [{"Node Type": "Seq Scan", "Parent Relationship": "Outer", "Relation Name": "title", "Alias": "t", "Startup Cost": 0.0, "Total Cost": 19149.37, "Plan Rows": 391451, "Plan Width": 21, "Filter": "(production_year > 2010), (LLVM Optimized)"}, {"Node Type": "Materialize", "Parent Relationship": "Inner", "Startup Cost": 0.0, "Total Cost": 33850.17, "Plan Rows": 480, "Plan Width": 4, "Plans": [{"Node Type": "Streaming(type: BROADCAST dop: 16/1)", "Parent Relationship": "Outer", "Startup Cost": 0.0, "Total Cost": 33850.02, "Plan Rows": 480, "Plan Width": 4, "Plans": [{"Node Type": "Nested Loop", "Parent Relationship": "Outer", "Join Type": "Inner", "Startup Cost": 0.0, "Total Cost": 18839.66, "Plan Rows": 30, "Plan Width": 4, "Inner Unique": false, "Join Filter": "(ct.id = mc.company_type_id)", "Plans": [{"Node Type": "Seq Scan", "Parent Relationship": "Outer", "Relation Name": "company_type", "Alias": "ct", "Startup Cost": 0.0, "Total Cost": 1.04, "Plan Rows": 1, "Plan Width": 4, "Filter": "((kind)::text = 'production companies'::text)"}, {"Node Type": "Materialize", "Parent Relationship": "Inner", "Startup Cost": 0.0, "Total Cost": 18838.03, "Plan Rows": 59, "Plan Width": 8, "Plans": [{"Node Type": "Streaming(type: LOCAL GATHER dop: 1/16)", "Parent Relationship": "Outer", "Startup Cost": 0.0, "Total Cost": 18837.88, "Plan Rows": 59, "Plan Width": 8, "Plans": [{"Node Type": "Seq Scan", "Parent Relationship": "Outer", "Relation Name": "movie_companies", "Alias": "mc", "Startup Cost": 0.0, "Total Cost": 18836.61, "Plan Rows": 59, "Plan Width": 8, "Filter": "(((note)::text ~~ '%(VHS)%'::text) AND ((note)::text ~~ '%(USA)%'::text) AND ((note)::text ~~ '%(1994)%'::text))"}]}]}]}]}]}]}]}]}]}]}]}]}]}, "Unique SQL Id": 328306525, "Planner Runtime": 4}, "explain_analyze_plan": null}, "(16, '59')": {"explain_plan": {"Plan": {"Node Type": "Aggregate", "Strategy": "Plain", "Startup Cost": 5000130950084.58, "Total Cost": 5000130950084.59, "Plan Rows": 1, "Plan Width": 49, "Plans": [{"Node Type": "Nested Loop", "Parent Relationship": "Outer", "Join Type": "Inner", "Startup Cost": 50000000000.0, "Total Cost": 5000130950084.52, "Plan Rows": 24, "Plan Width": 17, "Inner Unique": true, "Join Filter": "(mi.info_type_id = it.id)", "Plans": [{"Node Type": "Nested Loop", "Parent Relationship": "Outer", "Join Type": "Inner", "Startup Cost": 40000000000.0, "Total Cost": 4000130949050.92, "Plan Rows": 24, "Plan Width": 21, "Inner Unique": false, "Join Filter": "(t.id = mi.movie_id)", "Plans": [{"Node Type": "Index Scan", "Parent Relationship": "Outer", "Scan Direction": "Forward", "Index Name": "info_type_id_movie_info", "Relation Name": "movie_info", "Alias": "mi", "Startup Cost": 10000000000.0, "Total Cost": 1000107401445.12, "Plan Rows": 584897, "Plan Width": 8, "Filter": "((info)::text = ANY ('{USA,America}'::text[]))"}, {"Node Type": "Materialize", "Parent Relationship": "Inner", "Startup Cost": 30000000000.0, "Total Cost": 3000023266855.32, "Plan Rows": 32, "Plan Width": 25, "Plans": [{"Node Type": "Nested Loop", "Parent Relationship": "Outer", "Join Type": "Inner", "Startup Cost": 30000000000.0, "Total Cost": 3000023266855.16, "Plan Rows": 32, "Plan Width": 25, "Inner Unique": true, "Join Filter": "(mc.company_type_id = ct.id)", "Plans": [{"Node Type": "Nested Loop", "Parent Relationship": "Outer", "Join Type": "Inner", "Startup Cost": 20000000000.0, "Total Cost": 2000023265623.95, "Plan Rows": 64, "Plan Width": 29, "Inner Unique": false, "Join Filter": "(mc.movie_id = t.id)", "Plans": [{"Node Type": "Index Scan", "Parent Relationship": "Outer", "Scan Direction": "Forward", "Index Name": "title_pkey", "Relation Name": "title", "Alias": "t", "Startup Cost": 10000000000.0, "Total Cost": 1000011644126.66, "Plan Rows": 391451, "Plan Width": 21, "Filter": "(production_year > 2010), (LLVM Optimized)"}, {"Node Type": "Materialize", "Parent Relationship": "Inner", "Startup Cost": 10000000000.0, "Total Cost": 1000011275063.29, "Plan Rows": 59, "Plan Width": 8, "Plans": [{"Node Type": "Index Scan", "Parent Relationship": "Outer", "Scan Direction": "Forward", "Index Name": "company_type_id_movie_companies", "Relation Name": "movie_companies", "Alias": "mc", "Startup Cost": 10000000000.0, "Total Cost": 1000011275063.0, "Plan Rows": 59, "Plan Width": 8, "Filter": "(((note)::text ~~ '%(VHS)%'::text) AND ((note)::text ~~ '%(USA)%'::text) AND ((note)::text ~~ '%(1994)%'::text))"}]}]}, {"Node Type": "Materialize", "Parent Relationship": "Inner", "Startup Cost": 10000000000.0, "Total Cost": 1000000001230.26, "Plan Rows": 1, "Plan Width": 4, "Plans": [{"Node Type": "Index Scan", "Parent Relationship": "Outer", "Scan Direction": "Forward", "Index Name": "company_type_pkey", "Relation Name": "company_type", "Alias": "ct", "Startup Cost": 10000000000.0, "Total Cost": 1000000001230.25, "Plan Rows": 1, "Plan Width": 4, "Filter": "((kind)::text = 'production companies'::text)"}]}]}]}]}, {"Node Type": "Materialize", "Parent Relationship": "Inner", "Startup Cost": 10000000000.0, "Total Cost": 1000000000993.56, "Plan Rows": 112, "Plan Width": 4, "Plans": [{"Node Type": "Index Only Scan", "Parent Relationship": "Outer", "Scan Direction": "Forward", "Index Name": "info_type_pkey", "Relation Name": "info_type", "Alias": "it", "Startup Cost": 10000000000.0, "Total Cost": 1000000000993.0, "Plan Rows": 112, "Plan Width": 4}]}]}]}, "Unique SQL Id": 328306525, "Planner Runtime": 3}, "explain_analyze_plan": null}, "(16, '60')": {"explain_plan": {"Plan": {"Node Type": "Aggregate", "Strategy": "Plain", "Startup Cost": 19173.9, "Total Cost": 19173.91, "Plan Rows": 1, "Plan Width": 49, "Plans": [{"Node Type": "Nested Loop", "Parent Relationship": "Outer", "Join Type": "Inner", "Startup Cost": 0.0, "Total Cost": 19173.84, "Plan Rows": 24, "Plan Width": 17, "Inner Unique": true, "Plans": [{"Node Type": "Nested Loop", "Parent Relationship": "Outer", "Join Type": "Inner", "Startup Cost": 0.0, "Total Cost": 19167.12, "Plan Rows": 24, "Plan Width": 21, "Inner Unique": false, "Plans": [{"Node Type": "Nested Loop", "Parent Relationship": "Outer", "Join Type": "Inner", "Startup Cost": 0.0, "Total Cost": 19088.13, "Plan Rows": 32, "Plan Width": 25, "Inner Unique": true, "Plans": [{"Node Type": "Nested Loop", "Parent Relationship": "Outer", "Join Type": "Inner", "Startup Cost": 0.0, "Total Cost": 18839.66, "Plan Rows": 30, "Plan Width": 4, "Inner Unique": false, "Join Filter": "(ct.id = mc.company_type_id)", "Plans": [{"Node Type": "Seq Scan", "Parent Relationship": "Outer", "Relation Name": "company_type", "Alias": "ct", "Startup Cost": 0.0, "Total Cost": 1.04, "Plan Rows": 1, "Plan Width": 4, "Filter": "((kind)::text = 'production companies'::text)"}, {"Node Type": "Materialize", "Parent Relationship": "Inner", "Startup Cost": 0.0, "Total Cost": 18838.03, "Plan Rows": 59, "Plan Width": 8, "Plans": [{"Node Type": "Streaming(type: LOCAL GATHER dop: 1/16)", "Parent Relationship": "Outer", "Startup Cost": 0.0, "Total Cost": 18837.88, "Plan Rows": 59, "Plan Width": 8, "Plans": [{"Node Type": "Seq Scan", "Parent Relationship": "Outer", "Relation Name": "movie_companies", "Alias": "mc", "Startup Cost": 0.0, "Total Cost": 18836.61, "Plan Rows": 59, "Plan Width": 8, "Filter": "(((note)::text ~~ '%(VHS)%'::text) AND ((note)::text ~~ '%(USA)%'::text) AND ((note)::text ~~ '%(1994)%'::text))"}]}]}]}, {"Node Type": "Index Scan", "Parent Relationship": "Inner", "Scan Direction": "Forward", "Index Name": "title_pkey", "Relation Name": "title", "Alias": "t", "Startup Cost": 0.0, "Total Cost": 8.27, "Plan Rows": 1, "Plan Width": 21, "Index Cond": "(id = mc.movie_id)", "Filter": "(production_year > 2010)"}]}, {"Node Type": "Index Scan", "Parent Relationship": "Inner", "Scan Direction": "Forward", "Index Name": "movie_id_movie_info", "Relation Name": "movie_info", "Alias": "mi", "Startup Cost": 0.0, "Total Cost": 2.46, "Plan Rows": 1, "Plan Width": 8, "Index Cond": "(movie_id = t.id)", "Filter": "((info)::text = ANY ('{USA,America}'::text[]))"}]}, {"Node Type": "Index Scan", "Parent Relationship": "Inner", "Scan Direction": "Forward", "Index Name": "info_type_pkey", "Relation Name": "info_type", "Alias": "it", "Startup Cost": 0.0, "Total Cost": 0.27, "Plan Rows": 1, "Plan Width": 4, "Index Cond": "(id = mi.info_type_id)"}]}]}, "Unique SQL Id": 328306525, "Planner Runtime": 4}, "explain_analyze_plan": {"Plan": {"Node Type": "Aggregate", "Strategy": "Plain", "Startup Cost": 19173.9, "Total Cost": 19173.91, "Plan Rows": 1, "Plan Width": 49, "Actual Min Startup Time": 82.106, "Actual Max Startup Time": 82.106, "Actual Min Total Time": 82.107, "Actual Max Total Time": 82.107, "Plans": [{"Node Type": "Nested Loop", "Parent Relationship": "Outer", "Join Type": "Inner", "Startup Cost": 0.0, "Total Cost": 19173.84, "Plan Rows": 24, "Plan Width": 17, "Actual Min Startup Time": 82.087, "Actual Max Startup Time": 82.087, "Actual Min Total Time": 82.087, "Actual Max Total Time": 82.087, "Inner Unique": true, "Plans": [{"Node Type": "Nested Loop", "Parent Relationship": "Outer", "Join Type": "Inner", "Startup Cost": 0.0, "Total Cost": 19167.12, "Plan Rows": 24, "Plan Width": 21, "Actual Min Startup Time": 82.085, "Actual Max Startup Time": 82.085, "Actual Min Total Time": 82.085, "Actual Max Total Time": 82.085, "Inner Unique": false, "Plans": [{"Node Type": "Nested Loop", "Parent Relationship": "Outer", "Join Type": "Inner", "Startup Cost": 0.0, "Total Cost": 19088.13, "Plan Rows": 32, "Plan Width": 25, "Actual Min Startup Time": 82.085, "Actual Max Startup Time": 82.085, "Actual Min Total Time": 82.085, "Actual Max Total Time": 82.085, "Inner Unique": true, "Plans": [{"Node Type": "Nested Loop", "Parent Relationship": "Outer", "Join Type": "Inner", "Startup Cost": 0.0, "Total Cost": 18839.66, "Plan Rows": 30, "Plan Width": 4, "Actual Min Startup Time": 82.084, "Actual Max Startup Time": 82.084, "Actual Min Total Time": 82.084, "Actual Max Total Time": 82.084, "Inner Unique": false, "Join Filter": "(ct.id = mc.company_type_id)", "Rows Removed by Join Filter": 1418, "Plans": [{"Node Type": "Seq Scan", "Parent Relationship": "Outer", "Relation Name": "company_type", "Alias": "ct", "Startup Cost": 0.0, "Total Cost": 1.04, "Plan Rows": 1, "Plan Width": 4, "Actual Min Startup Time": 0.038, "Actual Max Startup Time": 0.038, "Actual Min Total Time": 0.041, "Actual Max Total Time": 0.041, "Filter": "((kind)::text = 'production companies'::text)", "Rows Removed by Filter": 2, "Actual Rows": 1}, {"Node Type": "Materialize", "Parent Relationship": "Inner", "Startup Cost": 0.0, "Total Cost": 18838.03, "Plan Rows": 59, "Plan Width": 8, "Actual Min Startup Time": 81.576, "Actual Max Startup Time": 81.576, "Actual Min Total Time": 81.713, "Actual Max Total Time": 81.713, "Plans": [{"Node Type": "Streaming(type: LOCAL GATHER dop: 1/16)", "Parent Relationship": "Outer", "Startup Cost": 0.0, "Total Cost": 18837.88, "Plan Rows": 59, "Plan Width": 8, "Actual Min Startup Time": 45.285, "Actual Max Startup Time": 45.285, "Actual Min Total Time": 81.331, "Actual Max Total Time": 81.331, "Plans": [{"Node Type": "Seq Scan", "Parent Relationship": "Outer", "Relation Name": "movie_companies", "Alias": "mc", "Startup Cost": 0.0, "Total Cost": 18836.61, "Plan Rows": 59, "Plan Width": 8, "Actual Min Startup Time": 1.004, "Actual Max Startup Time": 12.22, "Actual Min Total Time": 54.35, "Actual Max Total Time": 60.791, "Filter": "(((note)::text ~~ '%(VHS)%'::text) AND ((note)::text ~~ '%(USA)%'::text) AND ((note)::text ~~ '%(1994)%'::text))", "Rows Removed by Filter": 2607710, "Actual Rows": 1418}], "Actual Rows": 1418}], "Actual Rows": 1419}], "Actual Rows": 0}, {"Node Type": "Index Scan", "Parent Relationship": "Inner", "Scan Direction": "Forward", "Index Name": "title_pkey", "Relation Name": "title", "Alias": "t", "Startup Cost": 0.0, "Total Cost": 8.27, "Plan Rows": 1, "Plan Width": 21, "Actual Startup Time": 0.0, "Actual Total Time": 0.0, "Index Cond": "(id = mc.movie_id)", "Rows Removed by Index Recheck": 0, "Filter": "(production_year > 2010)", "Rows Removed by Filter": 0}], "Actual Rows": 0}, {"Node Type": "Index Scan", "Parent Relationship": "Inner", "Scan Direction": "Forward", "Index Name": "movie_id_movie_info", "Relation Name": "movie_info", "Alias": "mi", "Startup Cost": 0.0, "Total Cost": 2.46, "Plan Rows": 1, "Plan Width": 8, "Actual Startup Time": 0.0, "Actual Total Time": 0.0, "Index Cond": "(movie_id = t.id)", "Rows Removed by Index Recheck": 0, "Filter": "((info)::text = ANY ('{USA,America}'::text[]))", "Rows Removed by Filter": 0}], "Actual Rows": 0}, {"Node Type": "Index Scan", "Parent Relationship": "Inner", "Scan Direction": "Forward", "Index Name": "info_type_pkey", "Relation Name": "info_type", "Alias": "it", "Startup Cost": 0.0, "Total Cost": 0.27, "Plan Rows": 1, "Plan Width": 4, "Actual Startup Time": 0.0, "Actual Total Time": 0.0, "Index Cond": "(id = mi.info_type_id)", "Rows Removed by Index Recheck": 0}], "Actual Rows": 0}], "Actual Rows": 1}, "Triggers": [], "Planner Runtime": 10.153, "Total Runtime": 84.649, "Unique SQL Id": 328306525}}, "(16, '61')": {"explain_plan": {"Plan": {"Node Type": "Aggregate", "Strategy": "Plain", "Startup Cost": 85293.18, "Total Cost": 85293.19, "Plan Rows": 1, "Plan Width": 49, "Plans": [{"Node Type": "Nested Loop", "Parent Relationship": "Outer", "Join Type": "Inner", "Startup Cost": 0.0, "Total Cost": 85293.12, "Plan Rows": 24, "Plan Width": 17, "Inner Unique": true, "Plans": [{"Node Type": "Nested Loop", "Parent Relationship": "Outer", "Join Type": "Inner", "Startup Cost": 0.0, "Total Cost": 85286.4, "Plan Rows": 24, "Plan Width": 21, "Inner Unique": false, "Plans": [{"Node Type": "Nested Loop", "Parent Relationship": "Outer", "Join Type": "Inner", "Startup Cost": 0.0, "Total Cost": 85207.41, "Plan Rows": 32, "Plan Width": 25, "Inner Unique": true, "Plans": [{"Node Type": "Nested Loop", "Parent Relationship": "Outer", "Join Type": "Inner", "Startup Cost": 0.0, "Total Cost": 84958.94, "Plan Rows": 30, "Plan Width": 4, "Inner Unique": false, "Join Filter": "(ct.id = mc.company_type_id)", "Plans": [{"Node Type": "Index Scan", "Parent Relationship": "Outer", "Scan Direction": "Forward", "Index Name": "company_type_pkey", "Relation Name": "company_type", "Alias": "ct", "Startup Cost": 0.0, "Total Cost": 12.3, "Plan Rows": 1, "Plan Width": 4, "Filter": "((kind)::text = 'production companies'::text)"}, {"Node Type": "Materialize", "Parent Relationship": "Inner", "Startup Cost": 0.0, "Total Cost": 84946.04, "Plan Rows": 59, "Plan Width": 8, "Plans": [{"Node Type": "Streaming(type: LOCAL GATHER dop: 1/16)", "Parent Relationship": "Outer", "Startup Cost": 0.0, "Total Cost": 84945.9, "Plan Rows": 59, "Plan Width": 8, "Plans": [{"Node Type": "Index Scan", "Parent Relationship": "Outer", "Scan Direction": "Forward", "Index Name": "company_type_id_movie_companies", "Relation Name": "movie_companies", "Alias": "mc", "Startup Cost": 0.0, "Total Cost": 84944.62, "Plan Rows": 59, "Plan Width": 8, "Filter": "(((note)::text ~~ '%(VHS)%'::text) AND ((note)::text ~~ '%(USA)%'::text) AND ((note)::text ~~ '%(1994)%'::text))"}]}]}]}, {"Node Type": "Index Scan", "Parent Relationship": "Inner", "Scan Direction": "Forward", "Index Name": "title_pkey", "Relation Name": "title", "Alias": "t", "Startup Cost": 0.0, "Total Cost": 8.27, "Plan Rows": 1, "Plan Width": 21, "Index Cond": "(id = mc.movie_id)", "Filter": "(production_year > 2010)"}]}, {"Node Type": "Index Scan", "Parent Relationship": "Inner", "Scan Direction": "Forward", "Index Name": "movie_id_movie_info", "Relation Name": "movie_info", "Alias": "mi", "Startup Cost": 0.0, "Total Cost": 2.46, "Plan Rows": 1, "Plan Width": 8, "Index Cond": "(movie_id = t.id)", "Filter": "((info)::text = ANY ('{USA,America}'::text[]))"}]}, {"Node Type": "Index Scan", "Parent Relationship": "Inner", "Scan Direction": "Forward", "Index Name": "info_type_pkey", "Relation Name": "info_type", "Alias": "it", "Startup Cost": 0.0, "Total Cost": 0.27, "Plan Rows": 1, "Plan Width": 4, "Index Cond": "(id = mi.info_type_id)"}]}]}, "Unique SQL Id": 328306525, "Planner Runtime": 3}, "explain_analyze_plan": {"Plan": {"Node Type": "Aggregate", "Strategy": "Plain", "Startup Cost": 85293.18, "Total Cost": 85293.19, "Plan Rows": 1, "Plan Width": 49, "Actual Min Startup Time": 153.891, "Actual Max Startup Time": 153.891, "Actual Min Total Time": 153.892, "Actual Max Total Time": 153.892, "Plans": [{"Node Type": "Nested Loop", "Parent Relationship": "Outer", "Join Type": "Inner", "Startup Cost": 0.0, "Total Cost": 85293.12, "Plan Rows": 24, "Plan Width": 17, "Actual Min Startup Time": 153.883, "Actual Max Startup Time": 153.883, "Actual Min Total Time": 153.883, "Actual Max Total Time": 153.883, "Inner Unique": true, "Plans": [{"Node Type": "Nested Loop", "Parent Relationship": "Outer", "Join Type": "Inner", "Startup Cost": 0.0, "Total Cost": 85286.4, "Plan Rows": 24, "Plan Width": 21, "Actual Min Startup Time": 153.881, "Actual Max Startup Time": 153.881, "Actual Min Total Time": 153.881, "Actual Max Total Time": 153.881, "Inner Unique": false, "Plans": [{"Node Type": "Nested Loop", "Parent Relationship": "Outer", "Join Type": "Inner", "Startup Cost": 0.0, "Total Cost": 85207.41, "Plan Rows": 32, "Plan Width": 25, "Actual Min Startup Time": 153.88, "Actual Max Startup Time": 153.88, "Actual Min Total Time": 153.88, "Actual Max Total Time": 153.88, "Inner Unique": true, "Plans": [{"Node Type": "Nested Loop", "Parent Relationship": "Outer", "Join Type": "Inner", "Startup Cost": 0.0, "Total Cost": 84958.94, "Plan Rows": 30, "Plan Width": 4, "Actual Min Startup Time": 153.88, "Actual Max Startup Time": 153.88, "Actual Min Total Time": 153.88, "Actual Max Total Time": 153.88, "Inner Unique": false, "Join Filter": "(ct.id = mc.company_type_id)", "Rows Removed by Join Filter": 1418, "Plans": [{"Node Type": "Index Scan", "Parent Relationship": "Outer", "Scan Direction": "Forward", "Index Name": "company_type_pkey", "Relation Name": "company_type", "Alias": "ct", "Startup Cost": 0.0, "Total Cost": 12.3, "Plan Rows": 1, "Plan Width": 4, "Actual Min Startup Time": 0.047, "Actual Max Startup Time": 0.047, "Actual Min Total Time": 0.052, "Actual Max Total Time": 0.052, "Filter": "((kind)::text = 'production companies'::text)", "Rows Removed by Filter": 2, "Actual Rows": 1}, {"Node Type": "Materialize", "Parent Relationship": "Inner", "Startup Cost": 0.0, "Total Cost": 84946.04, "Plan Rows": 59, "Plan Width": 8, "Actual Min Startup Time": 153.359, "Actual Max Startup Time": 153.359, "Actual Min Total Time": 153.492, "Actual Max Total Time": 153.492, "Plans": [{"Node Type": "Streaming(type: LOCAL GATHER dop: 1/16)", "Parent Relationship": "Outer", "Startup Cost": 0.0, "Total Cost": 84945.9, "Plan Rows": 59, "Plan Width": 8, "Actual Min Startup Time": 69.339, "Actual Max Startup Time": 69.339, "Actual Min Total Time": 153.095, "Actual Max Total Time": 153.095, "Plans": [{"Node Type": "Index Scan", "Parent Relationship": "Outer", "Scan Direction": "Forward", "Index Name": "company_type_id_movie_companies", "Relation Name": "movie_companies", "Alias": "mc", "Startup Cost": 0.0, "Total Cost": 84944.62, "Plan Rows": 59, "Plan Width": 8, "Actual Min Startup Time": 18.666, "Actual Max Startup Time": 91.737, "Actual Min Total Time": 88.45, "Actual Max Total Time": 136.558, "Filter": "(((note)::text ~~ '%(VHS)%'::text) AND ((note)::text ~~ '%(USA)%'::text) AND ((note)::text ~~ '%(1994)%'::text))", "Rows Removed by Filter": 2607710, "Actual Rows": 1418}], "Actual Rows": 1418}], "Actual Rows": 1419}], "Actual Rows": 0}, {"Node Type": "Index Scan", "Parent Relationship": "Inner", "Scan Direction": "Forward", "Index Name": "title_pkey", "Relation Name": "title", "Alias": "t", "Startup Cost": 0.0, "Total Cost": 8.27, "Plan Rows": 1, "Plan Width": 21, "Actual Startup Time": 0.0, "Actual Total Time": 0.0, "Index Cond": "(id = mc.movie_id)", "Rows Removed by Index Recheck": 0, "Filter": "(production_year > 2010)", "Rows Removed by Filter": 0}], "Actual Rows": 0}, {"Node Type": "Index Scan", "Parent Relationship": "Inner", "Scan Direction": "Forward", "Index Name": "movie_id_movie_info", "Relation Name": "movie_info", "Alias": "mi", "Startup Cost": 0.0, "Total Cost": 2.46, "Plan Rows": 1, "Plan Width": 8, "Actual Startup Time": 0.0, "Actual Total Time": 0.0, "Index Cond": "(movie_id = t.id)", "Rows Removed by Index Recheck": 0, "Filter": "((info)::text = ANY ('{USA,America}'::text[]))", "Rows Removed by Filter": 0}], "Actual Rows": 0}, {"Node Type": "Index Scan", "Parent Relationship": "Inner", "Scan Direction": "Forward", "Index Name": "info_type_pkey", "Relation Name": "info_type", "Alias": "it", "Startup Cost": 0.0, "Total Cost": 0.27, "Plan Rows": 1, "Plan Width": 4, "Actual Startup Time": 0.0, "Actual Total Time": 0.0, "Index Cond": "(id = mi.info_type_id)", "Rows Removed by Index Recheck": 0}], "Actual Rows": 0}], "Actual Rows": 1}, "Triggers": [], "Planner Runtime": 9.799, "Total Runtime": 156.415, "Unique SQL Id": 328306525}}, "(16, '62')": {"explain_plan": {"Plan": {"Node Type": "Aggregate", "Strategy": "Plain", "Startup Cost": 132485.55, "Total Cost": 132485.56, "Plan Rows": 1, "Plan Width": 49, "Plans": [{"Node Type": "Nested Loop", "Parent Relationship": "Outer", "Join Type": "Inner", "Startup Cost": 0.0, "Total Cost": 132485.49, "Plan Rows": 24, "Plan Width": 17, "Inner Unique": false, "Join Filter": "(mi.info_type_id = it.id)", "Plans": [{"Node Type": "Seq Scan", "Parent Relationship": "Outer", "Relation Name": "info_type", "Alias": "it", "Startup Cost": 0.0, "Total Cost": 2.12, "Plan Rows": 112, "Plan Width": 4}, {"Node Type": "Materialize", "Parent Relationship": "Inner", "Startup Cost": 0.0, "Total Cost": 132443.11, "Plan Rows": 24, "Plan Width": 21, "Plans": [{"Node Type": "Streaming(type: LOCAL GATHER dop: 1/16)", "Parent Relationship": "Outer", "Startup Cost": 0.0, "Total Cost": 132442.99, "Plan Rows": 24, "Plan Width": 21, "Plans": [{"Node Type": "Nested Loop", "Parent Relationship": "Outer", "Join Type": "Inner", "Startup Cost": 0.0, "Total Cost": 132442.47, "Plan Rows": 24, "Plan Width": 21, "Inner Unique": false, "Join Filter": "(t.id = mi.movie_id)", "Plans": [{"Node Type": "Seq Scan", "Parent Relationship": "Outer", "Relation Name": "movie_info", "Alias": "mi", "Startup Cost": 0.0, "Total Cost": 35885.16, "Plan Rows": 584897, "Plan Width": 8, "Filter": "((info)::text = ANY ('{USA,America}'::text[]))"}, {"Node Type": "Materialize", "Parent Relationship": "Inner", "Startup Cost": 0.0, "Total Cost": 79010.48, "Plan Rows": 512, "Plan Width": 25, "Plans": [{"Node Type": "Streaming(type: BROADCAST dop: 16/16)", "Parent Relationship": "Outer", "Startup Cost": 0.0, "Total Cost": 79010.32, "Plan Rows": 512, "Plan Width": 25, "Plans": [{"Node Type": "Nested Loop", "Parent Relationship": "Outer", "Join Type": "Inner", "Startup Cost": 0.0, "Total Cost": 64009.02, "Plan Rows": 32, "Plan Width": 25, "Inner Unique": false, "Join Filter": "(mc.movie_id = t.id)", "Plans": [{"Node Type": "Seq Scan", "Parent Relationship": "Outer", "Relation Name": "title", "Alias": "t", "Startup Cost": 0.0, "Total Cost": 19149.37, "Plan Rows": 391451, "Plan Width": 21, "Filter": "(production_year > 2010), (LLVM Optimized)"}, {"Node Type": "Materialize", "Parent Relationship": "Inner", "Startup Cost": 0.0, "Total Cost": 33850.17, "Plan Rows": 480, "Plan Width": 4, "Plans": [{"Node Type": "Streaming(type: BROADCAST dop: 16/1)", "Parent Relationship": "Outer", "Startup Cost": 0.0, "Total Cost": 33850.02, "Plan Rows": 480, "Plan Width": 4, "Plans": [{"Node Type": "Nested Loop", "Parent Relationship": "Outer", "Join Type": "Inner", "Startup Cost": 0.0, "Total Cost": 18839.66, "Plan Rows": 30, "Plan Width": 4, "Inner Unique": false, "Join Filter": "(ct.id = mc.company_type_id)", "Plans": [{"Node Type": "Seq Scan", "Parent Relationship": "Outer", "Relation Name": "company_type", "Alias": "ct", "Startup Cost": 0.0, "Total Cost": 1.04, "Plan Rows": 1, "Plan Width": 4, "Filter": "((kind)::text = 'production companies'::text)"}, {"Node Type": "Materialize", "Parent Relationship": "Inner", "Startup Cost": 0.0, "Total Cost": 18838.03, "Plan Rows": 59, "Plan Width": 8, "Plans": [{"Node Type": "Streaming(type: LOCAL GATHER dop: 1/16)", "Parent Relationship": "Outer", "Startup Cost": 0.0, "Total Cost": 18837.88, "Plan Rows": 59, "Plan Width": 8, "Plans": [{"Node Type": "Seq Scan", "Parent Relationship": "Outer", "Relation Name": "movie_companies", "Alias": "mc", "Startup Cost": 0.0, "Total Cost": 18836.61, "Plan Rows": 59, "Plan Width": 8, "Filter": "(((note)::text ~~ '%(VHS)%'::text) AND ((note)::text ~~ '%(USA)%'::text) AND ((note)::text ~~ '%(1994)%'::text))"}]}]}]}]}]}]}]}]}]}]}]}]}]}, "Unique SQL Id": 328306525, "Planner Runtime": 4}, "explain_analyze_plan": null}, "(16, '63')": {"explain_plan": {"Plan": {"Node Type": "Aggregate", "Strategy": "Plain", "Startup Cost": 5000130950484.58, "Total Cost": 5000130950484.59, "Plan Rows": 1, "Plan Width": 49, "Plans": [{"Node Type": "Nested Loop", "Parent Relationship": "Outer", "Join Type": "Inner", "Startup Cost": 50000000000.0, "Total Cost": 5000130950484.52, "Plan Rows": 24, "Plan Width": 17, "Inner Unique": true, "Join Filter": "(mi.info_type_id = it.id)", "Plans": [{"Node Type": "Nested Loop", "Parent Relationship": "Outer", "Join Type": "Inner", "Startup Cost": 40000000000.0, "Total Cost": 4000130949050.92, "Plan Rows": 24, "Plan Width": 21, "Inner Unique": false, "Join Filter": "(t.id = mi.movie_id)", "Plans": [{"Node Type": "Index Scan", "Parent Relationship": "Outer", "Scan Direction": "Forward", "Index Name": "info_type_id_movie_info", "Relation Name": "movie_info", "Alias": "mi", "Startup Cost": 10000000000.0, "Total Cost": 1000107401445.12, "Plan Rows": 584897, "Plan Width": 8, "Filter": "((info)::text = ANY ('{USA,America}'::text[]))"}, {"Node Type": "Materialize", "Parent Relationship": "Inner", "Startup Cost": 30000000000.0, "Total Cost": 3000023266855.32, "Plan Rows": 32, "Plan Width": 25, "Plans": [{"Node Type": "Nested Loop", "Parent Relationship": "Outer", "Join Type": "Inner", "Startup Cost": 30000000000.0, "Total Cost": 3000023266855.16, "Plan Rows": 32, "Plan Width": 25, "Inner Unique": true, "Join Filter": "(mc.company_type_id = ct.id)", "Plans": [{"Node Type": "Nested Loop", "Parent Relationship": "Outer", "Join Type": "Inner", "Startup Cost": 20000000000.0, "Total Cost": 2000023265623.95, "Plan Rows": 64, "Plan Width": 29, "Inner Unique": false, "Join Filter": "(mc.movie_id = t.id)", "Plans": [{"Node Type": "Index Scan", "Parent Relationship": "Outer", "Scan Direction": "Forward", "Index Name": "title_pkey", "Relation Name": "title", "Alias": "t", "Startup Cost": 10000000000.0, "Total Cost": 1000011644126.66, "Plan Rows": 391451, "Plan Width": 21, "Filter": "(production_year > 2010), (LLVM Optimized)"}, {"Node Type": "Materialize", "Parent Relationship": "Inner", "Startup Cost": 10000000000.0, "Total Cost": 1000011275063.29, "Plan Rows": 59, "Plan Width": 8, "Plans": [{"Node Type": "Index Scan", "Parent Relationship": "Outer", "Scan Direction": "Forward", "Index Name": "company_type_id_movie_companies", "Relation Name": "movie_companies", "Alias": "mc", "Startup Cost": 10000000000.0, "Total Cost": 1000011275063.0, "Plan Rows": 59, "Plan Width": 8, "Filter": "(((note)::text ~~ '%(VHS)%'::text) AND ((note)::text ~~ '%(USA)%'::text) AND ((note)::text ~~ '%(1994)%'::text))"}]}]}, {"Node Type": "Materialize", "Parent Relationship": "Inner", "Startup Cost": 10000000000.0, "Total Cost": 1000000001230.26, "Plan Rows": 1, "Plan Width": 4, "Plans": [{"Node Type": "Index Scan", "Parent Relationship": "Outer", "Scan Direction": "Forward", "Index Name": "company_type_pkey", "Relation Name": "company_type", "Alias": "ct", "Startup Cost": 10000000000.0, "Total Cost": 1000000001230.25, "Plan Rows": 1, "Plan Width": 4, "Filter": "((kind)::text = 'production companies'::text)"}]}]}]}]}, {"Node Type": "Materialize", "Parent Relationship": "Inner", "Startup Cost": 10000000000.0, "Total Cost": 1000000001393.56, "Plan Rows": 112, "Plan Width": 4, "Plans": [{"Node Type": "Index Scan", "Parent Relationship": "Outer", "Scan Direction": "Forward", "Index Name": "info_type_pkey", "Relation Name": "info_type", "Alias": "it", "Startup Cost": 10000000000.0, "Total Cost": 1000000001393.0, "Plan Rows": 112, "Plan Width": 4}]}]}]}, "Unique SQL Id": 328306525, "Planner Runtime": 3}, "explain_analyze_plan": null}, "(16, '64')": {"explain_plan": {"Plan": {"Node Type": "Aggregate", "Strategy": "Plain", "Startup Cost": 19200.79, "Total Cost": 19200.8, "Plan Rows": 1, "Plan Width": 49, "Plans": [{"Node Type": "Nested Loop", "Parent Relationship": "Outer", "Join Type": "Inner", "Startup Cost": 0.0, "Total Cost": 19200.73, "Plan Rows": 24, "Plan Width": 17, "Inner Unique": true, "Plans": [{"Node Type": "Nested Loop", "Parent Relationship": "Outer", "Join Type": "Inner", "Startup Cost": 0.0, "Total Cost": 19194.01, "Plan Rows": 24, "Plan Width": 21, "Inner Unique": false, "Plans": [{"Node Type": "Nested Loop", "Parent Relationship": "Outer", "Join Type": "Inner", "Startup Cost": 0.0, "Total Cost": 19115.02, "Plan Rows": 32, "Plan Width": 25, "Inner Unique": true, "Plans": [{"Node Type": "Nested Loop", "Parent Relationship": "Outer", "Join Type": "Inner", "Startup Cost": 0.0, "Total Cost": 18866.55, "Plan Rows": 30, "Plan Width": 4, "Inner Unique": true, "Plans": [{"Node Type": "Streaming(type: LOCAL GATHER dop: 1/16)", "Parent Relationship": "Outer", "Startup Cost": 0.0, "Total Cost": 18837.88, "Plan Rows": 59, "Plan Width": 8, "Plans": [{"Node Type": "Seq Scan", "Parent Relationship": "Outer", "Relation Name": "movie_companies", "Alias": "mc", "Startup Cost": 0.0, "Total Cost": 18836.61, "Plan Rows": 59, "Plan Width": 8, "Filter": "(((note)::text ~~ '%(VHS)%'::text) AND ((note)::text ~~ '%(USA)%'::text) AND ((note)::text ~~ '%(1994)%'::text))"}]}, {"Node Type": "Index Scan", "Parent Relationship": "Inner", "Scan Direction": "Forward", "Index Name": "company_type_pkey", "Relation Name": "company_type", "Alias": "ct", "Startup Cost": 0.0, "Total Cost": 0.48, "Plan Rows": 1, "Plan Width": 4, "Index Cond": "(id = mc.company_type_id)", "Filter": "((kind)::text = 'production companies'::text)"}]}, {"Node Type": "Index Scan", "Parent Relationship": "Inner", "Scan Direction": "Forward", "Index Name": "title_pkey", "Relation Name": "title", "Alias": "t", "Startup Cost": 0.0, "Total Cost": 8.27, "Plan Rows": 1, "Plan Width": 21, "Index Cond": "(id = mc.movie_id)", "Filter": "(production_year > 2010)"}]}, {"Node Type": "Index Scan", "Parent Relationship": "Inner", "Scan Direction": "Forward", "Index Name": "movie_id_movie_info", "Relation Name": "movie_info", "Alias": "mi", "Startup Cost": 0.0, "Total Cost": 2.46, "Plan Rows": 1, "Plan Width": 8, "Index Cond": "(movie_id = t.id)", "Filter": "((info)::text = ANY ('{USA,America}'::text[]))"}]}, {"Node Type": "Index Only Scan", "Parent Relationship": "Inner", "Scan Direction": "Forward", "Index Name": "info_type_pkey", "Relation Name": "info_type", "Alias": "it", "Startup Cost": 0.0, "Total Cost": 0.27, "Plan Rows": 1, "Plan Width": 4, "Index Cond": "(id = mi.info_type_id)"}]}]}, "Unique SQL Id": 328306525, "Planner Runtime": 10}, "explain_analyze_plan": {"Plan": {"Node Type": "Aggregate", "Strategy": "Plain", "Startup Cost": 19200.79, "Total Cost": 19200.8, "Plan Rows": 1, "Plan Width": 49, "Actual Min Startup Time": 81.008, "Actual Max Startup Time": 81.008, "Actual Min Total Time": 81.008, "Actual Max Total Time": 81.008, "Plans": [{"Node Type": "Nested Loop", "Parent Relationship": "Outer", "Join Type": "Inner", "Startup Cost": 0.0, "Total Cost": 19200.73, "Plan Rows": 24, "Plan Width": 17, "Actual Min Startup Time": 80.997, "Actual Max Startup Time": 80.997, "Actual Min Total Time": 80.997, "Actual Max Total Time": 80.997, "Inner Unique": true, "Plans": [{"Node Type": "Nested Loop", "Parent Relationship": "Outer", "Join Type": "Inner", "Startup Cost": 0.0, "Total Cost": 19194.01, "Plan Rows": 24, "Plan Width": 21, "Actual Min Startup Time": 80.996, "Actual Max Startup Time": 80.996, "Actual Min Total Time": 80.996, "Actual Max Total Time": 80.996, "Inner Unique": false, "Plans": [{"Node Type": "Nested Loop", "Parent Relationship": "Outer", "Join Type": "Inner", "Startup Cost": 0.0, "Total Cost": 19115.02, "Plan Rows": 32, "Plan Width": 25, "Actual Min Startup Time": 80.994, "Actual Max Startup Time": 80.994, "Actual Min Total Time": 80.994, "Actual Max Total Time": 80.994, "Inner Unique": true, "Plans": [{"Node Type": "Nested Loop", "Parent Relationship": "Outer", "Join Type": "Inner", "Startup Cost": 0.0, "Total Cost": 18866.55, "Plan Rows": 30, "Plan Width": 4, "Actual Min Startup Time": 80.993, "Actual Max Startup Time": 80.993, "Actual Min Total Time": 80.993, "Actual Max Total Time": 80.993, "Inner Unique": true, "Plans": [{"Node Type": "Streaming(type: LOCAL GATHER dop: 1/16)", "Parent Relationship": "Outer", "Startup Cost": 0.0, "Total Cost": 18837.88, "Plan Rows": 59, "Plan Width": 8, "Actual Min Startup Time": 44.869, "Actual Max Startup Time": 44.869, "Actual Min Total Time": 79.645, "Actual Max Total Time": 79.645, "Plans": [{"Node Type": "Seq Scan", "Parent Relationship": "Outer", "Relation Name": "movie_companies", "Alias": "mc", "Startup Cost": 0.0, "Total Cost": 18836.61, "Plan Rows": 59, "Plan Width": 8, "Actual Min Startup Time": 1.004, "Actual Max Startup Time": 12.222, "Actual Min Total Time": 54.573, "Actual Max Total Time": 60.817, "Filter": "(((note)::text ~~ '%(VHS)%'::text) AND ((note)::text ~~ '%(USA)%'::text) AND ((note)::text ~~ '%(1994)%'::text))", "Rows Removed by Filter": 2607710, "Actual Rows": 1418}], "Actual Rows": 1418}, {"Node Type": "Index Scan", "Parent Relationship": "Inner", "Scan Direction": "Forward", "Index Name": "company_type_pkey", "Relation Name": "company_type", "Alias": "ct", "Startup Cost": 0.0, "Total Cost": 0.48, "Plan Rows": 1, "Plan Width": 4, "Actual Min Startup Time": 0.771, "Actual Max Startup Time": 0.771, "Actual Min Total Time": 0.771, "Actual Max Total Time": 0.771, "Index Cond": "(id = mc.company_type_id)", "Rows Removed by Index Recheck": 0, "Filter": "((kind)::text = 'production companies'::text)", "Rows Removed by Filter": 0, "Actual Rows": 0}], "Actual Rows": 0}, {"Node Type": "Index Scan", "Parent Relationship": "Inner", "Scan Direction": "Forward", "Index Name": "title_pkey", "Relation Name": "title", "Alias": "t", "Startup Cost": 0.0, "Total Cost": 8.27, "Plan Rows": 1, "Plan Width": 21, "Actual Startup Time": 0.0, "Actual Total Time": 0.0, "Index Cond": "(id = mc.movie_id)", "Rows Removed by Index Recheck": 0, "Filter": "(production_year > 2010)", "Rows Removed by Filter": 0}], "Actual Rows": 0}, {"Node Type": "Index Scan", "Parent Relationship": "Inner", "Scan Direction": "Forward", "Index Name": "movie_id_movie_info", "Relation Name": "movie_info", "Alias": "mi", "Startup Cost": 0.0, "Total Cost": 2.46, "Plan Rows": 1, "Plan Width": 8, "Actual Startup Time": 0.0, "Actual Total Time": 0.0, "Index Cond": "(movie_id = t.id)", "Rows Removed by Index Recheck": 0, "Filter": "((info)::text = ANY ('{USA,America}'::text[]))", "Rows Removed by Filter": 0}], "Actual Rows": 0}, {"Node Type": "Index Only Scan", "Parent Relationship": "Inner", "Scan Direction": "Forward", "Index Name": "info_type_pkey", "Relation Name": "info_type", "Alias": "it", "Startup Cost": 0.0, "Total Cost": 0.27, "Plan Rows": 1, "Plan Width": 4, "Actual Startup Time": 0.0, "Actual Total Time": 0.0, "Index Cond": "(id = mi.info_type_id)", "Rows Removed by Index Recheck": 0, "Heap Fetches": 0}], "Actual Rows": 0}], "Actual Rows": 1}, "Triggers": [], "Planner Runtime": 10.164, "Total Runtime": 83.683, "Unique SQL Id": 328306525}}, "(16, '65')": {"explain_plan": {"Plan": {"Node Type": "Aggregate", "Strategy": "Plain", "Startup Cost": 85308.81, "Total Cost": 85308.82, "Plan Rows": 1, "Plan Width": 49, "Plans": [{"Node Type": "Nested Loop", "Parent Relationship": "Outer", "Join Type": "Inner", "Startup Cost": 0.0, "Total Cost": 85308.75, "Plan Rows": 24, "Plan Width": 17, "Inner Unique": true, "Plans": [{"Node Type": "Nested Loop", "Parent Relationship": "Outer", "Join Type": "Inner", "Startup Cost": 0.0, "Total Cost": 85302.03, "Plan Rows": 24, "Plan Width": 21, "Inner Unique": false, "Plans": [{"Node Type": "Nested Loop", "Parent Relationship": "Outer", "Join Type": "Inner", "Startup Cost": 0.0, "Total Cost": 85223.04, "Plan Rows": 32, "Plan Width": 25, "Inner Unique": true, "Plans": [{"Node Type": "Nested Loop", "Parent Relationship": "Outer", "Join Type": "Inner", "Startup Cost": 0.0, "Total Cost": 84974.56, "Plan Rows": 30, "Plan Width": 4, "Inner Unique": true, "Plans": [{"Node Type": "Streaming(type: LOCAL GATHER dop: 1/16)", "Parent Relationship": "Outer", "Startup Cost": 0.0, "Total Cost": 84945.9, "Plan Rows": 59, "Plan Width": 8, "Plans": [{"Node Type": "Index Scan", "Parent Relationship": "Outer", "Scan Direction": "Forward", "Index Name": "company_type_id_movie_companies", "Relation Name": "movie_companies", "Alias": "mc", "Startup Cost": 0.0, "Total Cost": 84944.62, "Plan Rows": 59, "Plan Width": 8, "Filter": "(((note)::text ~~ '%(VHS)%'::text) AND ((note)::text ~~ '%(USA)%'::text) AND ((note)::text ~~ '%(1994)%'::text))"}]}, {"Node Type": "Index Scan", "Parent Relationship": "Inner", "Scan Direction": "Forward", "Index Name": "company_type_pkey", "Relation Name": "company_type", "Alias": "ct", "Startup Cost": 0.0, "Total Cost": 0.48, "Plan Rows": 1, "Plan Width": 4, "Index Cond": "(id = mc.company_type_id)", "Filter": "((kind)::text = 'production companies'::text)"}]}, {"Node Type": "Index Scan", "Parent Relationship": "Inner", "Scan Direction": "Forward", "Index Name": "title_pkey", "Relation Name": "title", "Alias": "t", "Startup Cost": 0.0, "Total Cost": 8.27, "Plan Rows": 1, "Plan Width": 21, "Index Cond": "(id = mc.movie_id)", "Filter": "(production_year > 2010)"}]}, {"Node Type": "Index Scan", "Parent Relationship": "Inner", "Scan Direction": "Forward", "Index Name": "movie_id_movie_info", "Relation Name": "movie_info", "Alias": "mi", "Startup Cost": 0.0, "Total Cost": 2.46, "Plan Rows": 1, "Plan Width": 8, "Index Cond": "(movie_id = t.id)", "Filter": "((info)::text = ANY ('{USA,America}'::text[]))"}]}, {"Node Type": "Index Only Scan", "Parent Relationship": "Inner", "Scan Direction": "Forward", "Index Name": "info_type_pkey", "Relation Name": "info_type", "Alias": "it", "Startup Cost": 0.0, "Total Cost": 0.27, "Plan Rows": 1, "Plan Width": 4, "Index Cond": "(id = mi.info_type_id)"}]}]}, "Unique SQL Id": 328306525, "Planner Runtime": 10}, "explain_analyze_plan": {"Plan": {"Node Type": "Aggregate", "Strategy": "Plain", "Startup Cost": 85308.81, "Total Cost": 85308.82, "Plan Rows": 1, "Plan Width": 49, "Actual Min Startup Time": 150.176, "Actual Max Startup Time": 150.176, "Actual Min Total Time": 150.176, "Actual Max Total Time": 150.176, "Plans": [{"Node Type": "Nested Loop", "Parent Relationship": "Outer", "Join Type": "Inner", "Startup Cost": 0.0, "Total Cost": 85308.75, "Plan Rows": 24, "Plan Width": 17, "Actual Min Startup Time": 150.168, "Actual Max Startup Time": 150.168, "Actual Min Total Time": 150.168, "Actual Max Total Time": 150.168, "Inner Unique": true, "Plans": [{"Node Type": "Nested Loop", "Parent Relationship": "Outer", "Join Type": "Inner", "Startup Cost": 0.0, "Total Cost": 85302.03, "Plan Rows": 24, "Plan Width": 21, "Actual Min Startup Time": 150.166, "Actual Max Startup Time": 150.166, "Actual Min Total Time": 150.166, "Actual Max Total Time": 150.166, "Inner Unique": false, "Plans": [{"Node Type": "Nested Loop", "Parent Relationship": "Outer", "Join Type": "Inner", "Startup Cost": 0.0, "Total Cost": 85223.04, "Plan Rows": 32, "Plan Width": 25, "Actual Min Startup Time": 150.164, "Actual Max Startup Time": 150.164, "Actual Min Total Time": 150.164, "Actual Max Total Time": 150.164, "Inner Unique": true, "Plans": [{"Node Type": "Nested Loop", "Parent Relationship": "Outer", "Join Type": "Inner", "Startup Cost": 0.0, "Total Cost": 84974.56, "Plan Rows": 30, "Plan Width": 4, "Actual Min Startup Time": 150.163, "Actual Max Startup Time": 150.163, "Actual Min Total Time": 150.163, "Actual Max Total Time": 150.163, "Inner Unique": true, "Plans": [{"Node Type": "Streaming(type: LOCAL GATHER dop: 1/16)", "Parent Relationship": "Outer", "Startup Cost": 0.0, "Total Cost": 84945.9, "Plan Rows": 59, "Plan Width": 8, "Actual Min Startup Time": 65.979, "Actual Max Startup Time": 65.979, "Actual Min Total Time": 148.726, "Actual Max Total Time": 148.726, "Plans": [{"Node Type": "Index Scan", "Parent Relationship": "Outer", "Scan Direction": "Forward", "Index Name": "company_type_id_movie_companies", "Relation Name": "movie_companies", "Alias": "mc", "Startup Cost": 0.0, "Total Cost": 84944.62, "Plan Rows": 59, "Plan Width": 8, "Actual Min Startup Time": 15.507, "Actual Max Startup Time": 89.813, "Actual Min Total Time": 87.022, "Actual Max Total Time": 133.298, "Filter": "(((note)::text ~~ '%(VHS)%'::text) AND ((note)::text ~~ '%(USA)%'::text) AND ((note)::text ~~ '%(1994)%'::text))", "Rows Removed by Filter": 2607710, "Actual Rows": 1418}], "Actual Rows": 1418}, {"Node Type": "Index Scan", "Parent Relationship": "Inner", "Scan Direction": "Forward", "Index Name": "company_type_pkey", "Relation Name": "company_type", "Alias": "ct", "Startup Cost": 0.0, "Total Cost": 0.48, "Plan Rows": 1, "Plan Width": 4, "Actual Min Startup Time": 0.884, "Actual Max Startup Time": 0.884, "Actual Min Total Time": 0.884, "Actual Max Total Time": 0.884, "Index Cond": "(id = mc.company_type_id)", "Rows Removed by Index Recheck": 0, "Filter": "((kind)::text = 'production companies'::text)", "Rows Removed by Filter": 0, "Actual Rows": 0}], "Actual Rows": 0}, {"Node Type": "Index Scan", "Parent Relationship": "Inner", "Scan Direction": "Forward", "Index Name": "title_pkey", "Relation Name": "title", "Alias": "t", "Startup Cost": 0.0, "Total Cost": 8.27, "Plan Rows": 1, "Plan Width": 21, "Actual Startup Time": 0.0, "Actual Total Time": 0.0, "Index Cond": "(id = mc.movie_id)", "Rows Removed by Index Recheck": 0, "Filter": "(production_year > 2010)", "Rows Removed by Filter": 0}], "Actual Rows": 0}, {"Node Type": "Index Scan", "Parent Relationship": "Inner", "Scan Direction": "Forward", "Index Name": "movie_id_movie_info", "Relation Name": "movie_info", "Alias": "mi", "Startup Cost": 0.0, "Total Cost": 2.46, "Plan Rows": 1, "Plan Width": 8, "Actual Startup Time": 0.0, "Actual Total Time": 0.0, "Index Cond": "(movie_id = t.id)", "Rows Removed by Index Recheck": 0, "Filter": "((info)::text = ANY ('{USA,America}'::text[]))", "Rows Removed by Filter": 0}], "Actual Rows": 0}, {"Node Type": "Index Only Scan", "Parent Relationship": "Inner", "Scan Direction": "Forward", "Index Name": "info_type_pkey", "Relation Name": "info_type", "Alias": "it", "Startup Cost": 0.0, "Total Cost": 0.27, "Plan Rows": 1, "Plan Width": 4, "Actual Startup Time": 0.0, "Actual Total Time": 0.0, "Index Cond": "(id = mi.info_type_id)", "Rows Removed by Index Recheck": 0, "Heap Fetches": 0}], "Actual Rows": 0}], "Actual Rows": 1}, "Triggers": [], "Planner Runtime": 9.777, "Total Runtime": 152.638, "Unique SQL Id": 328306525}}, "(16, '66')": {"explain_plan": {"Plan": {"Node Type": "Aggregate", "Strategy": "Plain", "Startup Cost": 19349.23, "Total Cost": 19349.24, "Plan Rows": 1, "Plan Width": 49, "Plans": [{"Node Type": "Nested Loop", "Parent Relationship": "Outer", "Join Type": "Inner", "Startup Cost": 6.43, "Total Cost": 19349.17, "Plan Rows": 24, "Plan Width": 17, "Inner Unique": true, "Plans": [{"Node Type": "Nested Loop", "Parent Relationship": "Outer", "Join Type": "Inner", "Startup Cost": 6.18, "Total Cost": 19246.44, "Plan Rows": 24, "Plan Width": 21, "Inner Unique": false, "Plans": [{"Node Type": "Nested Loop", "Parent Relationship": "Outer", "Join Type": "Inner", "Startup Cost": 5.31, "Total Cost": 19087.94, "Plan Rows": 32, "Plan Width": 25, "Inner Unique": true, "Plans": [{"Node Type": "Hash Join", "Parent Relationship": "Outer", "Join Type": "Inner", "Startup Cost": 1.05, "Total Cost": 18839.45, "Plan Rows": 30, "Plan Width": 4, "Inner Unique": true, "Hash Cond": "(mc.company_type_id = ct.id)", "Plans": [{"Node Type": "Streaming(type: LOCAL GATHER dop: 1/16)", "Parent Relationship": "Outer", "Startup Cost": 0.0, "Total Cost": 18837.88, "Plan Rows": 59, "Plan Width": 8, "Plans": [{"Node Type": "Seq Scan", "Parent Relationship": "Outer", "Relation Name": "movie_companies", "Alias": "mc", "Startup Cost": 0.0, "Total Cost": 18836.61, "Plan Rows": 59, "Plan Width": 8, "Filter": "(((note)::text ~~ '%(VHS)%'::text) AND ((note)::text ~~ '%(USA)%'::text) AND ((note)::text ~~ '%(1994)%'::text))"}]}, {"Node Type": "Hash", "Parent Relationship": "Inner", "Startup Cost": 1.04, "Total Cost": 1.04, "Plan Rows": 1, "Plan Width": 4, "Plans": [{"Node Type": "Seq Scan", "Parent Relationship": "Outer", "Relation Name": "company_type", "Alias": "ct", "Startup Cost": 0.0, "Total Cost": 1.04, "Plan Rows": 1, "Plan Width": 4, "Filter": "((kind)::text = 'production companies'::text)"}]}]}, {"Node Type": "Bitmap Heap Scan", "Parent Relationship": "Inner", "Relation Name": "title", "Alias": "t", "Startup Cost": 4.26, "Total Cost": 8.27, "Plan Rows": 1, "Plan Width": 21, "Recheck Cond": "(id = mc.movie_id)", "Filter": "(production_year > 2010)", "Plans": [{"Node Type": "Bitmap Index Scan", "Parent Relationship": "Outer", "Index Name": "title_pkey", "Startup Cost": 0.0, "Total Cost": 4.26, "Plan Rows": 1, "Plan Width": 0, "Index Cond": "(id = mc.movie_id)"}]}]}, {"Node Type": "Bitmap Heap Scan", "Parent Relationship": "Inner", "Relation Name": "movie_info", "Alias": "mi", "Startup Cost": 0.87, "Total Cost": 4.94, "Plan Rows": 1, "Plan Width": 8, "Recheck Cond": "(movie_id = t.id)", "Filter": "((info)::text = ANY ('{USA,America}'::text[]))", "Plans": [{"Node Type": "Bitmap Index Scan", "Parent Relationship": "Outer", "Index Name": "movie_id_movie_info", "Startup Cost": 0.0, "Total Cost": 0.87, "Plan Rows": 5, "Plan Width": 0, "Index Cond": "(movie_id = t.id)"}]}]}, {"Node Type": "Bitmap Heap Scan", "Parent Relationship": "Inner", "Relation Name": "info_type", "Alias": "it", "Startup Cost": 0.26, "Total Cost": 4.27, "Plan Rows": 1, "Plan Width": 4, "Recheck Cond": "(id = mi.info_type_id)", "Plans": [{"Node Type": "Bitmap Index Scan", "Parent Relationship": "Outer", "Index Name": "info_type_pkey", "Startup Cost": 0.0, "Total Cost": 0.26, "Plan Rows": 1, "Plan Width": 0, "Index Cond": "(id = mi.info_type_id)"}]}]}]}, "Unique SQL Id": 328306525, "Planner Runtime": 11}, "explain_analyze_plan": {"Plan": {"Node Type": "Aggregate", "Strategy": "Plain", "Startup Cost": 19349.23, "Total Cost": 19349.24, "Plan Rows": 1, "Plan Width": 49, "Actual Min Startup Time": 80.627, "Actual Max Startup Time": 80.627, "Actual Min Total Time": 80.628, "Actual Max Total Time": 80.628, "Plans": [{"Node Type": "Nested Loop", "Parent Relationship": "Outer", "Join Type": "Inner", "Startup Cost": 6.43, "Total Cost": 19349.17, "Plan Rows": 24, "Plan Width": 17, "Actual Min Startup Time": 80.616, "Actual Max Startup Time": 80.616, "Actual Min Total Time": 80.616, "Actual Max Total Time": 80.616, "Inner Unique": true, "Plans": [{"Node Type": "Nested Loop", "Parent Relationship": "Outer", "Join Type": "Inner", "Startup Cost": 6.18, "Total Cost": 19246.44, "Plan Rows": 24, "Plan Width": 21, "Actual Min Startup Time": 80.614, "Actual Max Startup Time": 80.614, "Actual Min Total Time": 80.614, "Actual Max Total Time": 80.614, "Inner Unique": false, "Plans": [{"Node Type": "Nested Loop", "Parent Relationship": "Outer", "Join Type": "Inner", "Startup Cost": 5.31, "Total Cost": 19087.94, "Plan Rows": 32, "Plan Width": 25, "Actual Min Startup Time": 80.613, "Actual Max Startup Time": 80.613, "Actual Min Total Time": 80.613, "Actual Max Total Time": 80.613, "Inner Unique": true, "Plans": [{"Node Type": "Hash Join", "Parent Relationship": "Outer", "Join Type": "Inner", "Startup Cost": 1.05, "Total Cost": 18839.45, "Plan Rows": 30, "Plan Width": 4, "Actual Min Startup Time": 80.568, "Actual Max Startup Time": 80.568, "Actual Min Total Time": 80.568, "Actual Max Total Time": 80.568, "Inner Unique": true, "Hash Cond": "(mc.company_type_id = ct.id)", "Plans": [{"Node Type": "Streaming(type: LOCAL GATHER dop: 1/16)", "Parent Relationship": "Outer", "Startup Cost": 0.0, "Total Cost": 18837.88, "Plan Rows": 59, "Plan Width": 8, "Actual Min Startup Time": 44.287, "Actual Max Startup Time": 44.287, "Actual Min Total Time": 80.213, "Actual Max Total Time": 80.213, "Plans": [{"Node Type": "Seq Scan", "Parent Relationship": "Outer", "Relation Name": "movie_companies", "Alias": "mc", "Startup Cost": 0.0, "Total Cost": 18836.61, "Plan Rows": 59, "Plan Width": 8, "Actual Min Startup Time": 1.002, "Actual Max Startup Time": 12.342, "Actual Min Total Time": 54.55, "Actual Max Total Time": 60.863, "Filter": "(((note)::text ~~ '%(VHS)%'::text) AND ((note)::text ~~ '%(USA)%'::text) AND ((note)::text ~~ '%(1994)%'::text))", "Rows Removed by Filter": 2607710, "Actual Rows": 1418}], "Actual Rows": 1418}, {"Node Type": "Hash", "Parent Relationship": "Inner", "Startup Cost": 1.04, "Total Cost": 1.04, "Plan Rows": 1, "Plan Width": 4, "Actual Min Startup Time": 0.049, "Actual Max Startup Time": 0.049, "Actual Min Total Time": 0.049, "Actual Max Total Time": 0.049, "Max Hash Buckets": 32768, "Min Hash Buckets": 32768, "Max Hash Batches": 1, "Min Hash Batches": 1, "Max Original Hash Batches": 1, "Min Original Hash Batches": 1, "Max Peak Memory Usage": 1, "min Peak Memory Usage": 1, "Plans": [{"Node Type": "Seq Scan", "Parent Relationship": "Outer", "Relation Name": "company_type", "Alias": "ct", "Startup Cost": 0.0, "Total Cost": 1.04, "Plan Rows": 1, "Plan Width": 4, "Actual Min Startup Time": 0.031, "Actual Max Startup Time": 0.031, "Actual Min Total Time": 0.035, "Actual Max Total Time": 0.035, "Filter": "((kind)::text = 'production companies'::text)", "Rows Removed by Filter": 2, "Actual Rows": 1}], "Actual Rows": 1}], "Actual Rows": 0}, {"Node Type": "Bitmap Heap Scan", "Parent Relationship": "Inner", "Relation Name": "title", "Alias": "t", "Startup Cost": 4.26, "Total Cost": 8.27, "Plan Rows": 1, "Plan Width": 21, "Actual Startup Time": 0.0, "Actual Total Time": 0.0, "Recheck Cond": "(id = mc.movie_id)", "Rows Removed by Index Recheck": 0, "Filter": "(production_year > 2010)", "Rows Removed by Filter": 0, "Exact Heap Blocks": 0, "Lossy Heap Blocks": 0, "Plans": [{"Node Type": "Bitmap Index Scan", "Parent Relationship": "Outer", "Index Name": "title_pkey", "Startup Cost": 0.0, "Total Cost": 4.26, "Plan Rows": 1, "Plan Width": 0, "Actual Startup Time": 0.0, "Actual Total Time": 0.0, "Index Cond": "(id = mc.movie_id)"}]}], "Actual Rows": 0}, {"Node Type": "Bitmap Heap Scan", "Parent Relationship": "Inner", "Relation Name": "movie_info", "Alias": "mi", "Startup Cost": 0.87, "Total Cost": 4.94, "Plan Rows": 1, "Plan Width": 8, "Actual Startup Time": 0.0, "Actual Total Time": 0.0, "Recheck Cond": "(movie_id = t.id)", "Rows Removed by Index Recheck": 0, "Filter": "((info)::text = ANY ('{USA,America}'::text[]))", "Rows Removed by Filter": 0, "Exact Heap Blocks": 0, "Lossy Heap Blocks": 0, "Plans": [{"Node Type": "Bitmap Index Scan", "Parent Relationship": "Outer", "Index Name": "movie_id_movie_info", "Startup Cost": 0.0, "Total Cost": 0.87, "Plan Rows": 5, "Plan Width": 0, "Actual Startup Time": 0.0, "Actual Total Time": 0.0, "Index Cond": "(movie_id = t.id)"}]}], "Actual Rows": 0}, {"Node Type": "Bitmap Heap Scan", "Parent Relationship": "Inner", "Relation Name": "info_type", "Alias": "it", "Startup Cost": 0.26, "Total Cost": 4.27, "Plan Rows": 1, "Plan Width": 4, "Actual Startup Time": 0.0, "Actual Total Time": 0.0, "Recheck Cond": "(id = mi.info_type_id)", "Rows Removed by Index Recheck": 0, "Exact Heap Blocks": 0, "Lossy Heap Blocks": 0, "Plans": [{"Node Type": "Bitmap Index Scan", "Parent Relationship": "Outer", "Index Name": "info_type_pkey", "Startup Cost": 0.0, "Total Cost": 0.26, "Plan Rows": 1, "Plan Width": 0, "Actual Startup Time": 0.0, "Actual Total Time": 0.0, "Index Cond": "(id = mi.info_type_id)"}]}], "Actual Rows": 0}], "Actual Rows": 1}, "Triggers": [], "Planner Runtime": 11.271, "Total Runtime": 83.136, "Unique SQL Id": 328306525}}, "(16, '67')": {"explain_plan": {"Plan": {"Node Type": "Aggregate", "Strategy": "Plain", "Startup Cost": 71749.13, "Total Cost": 71749.14, "Plan Rows": 1, "Plan Width": 49, "Plans": [{"Node Type": "Nested Loop", "Parent Relationship": "Outer", "Join Type": "Inner", "Startup Cost": 28957.62, "Total Cost": 71749.07, "Plan Rows": 24, "Plan Width": 17, "Inner Unique": true, "Plans": [{"Node Type": "Nested Loop", "Parent Relationship": "Outer", "Join Type": "Inner", "Startup Cost": 28957.36, "Total Cost": 71646.35, "Plan Rows": 24, "Plan Width": 21, "Inner Unique": true, "Plans": [{"Node Type": "Nested Loop", "Parent Relationship": "Outer", "Join Type": "Inner", "Startup Cost": 28957.04, "Total Cost": 71502.93, "Plan Rows": 33, "Plan Width": 12, "Inner Unique": false, "Plans": [{"Node Type": "Nested Loop", "Parent Relationship": "Outer", "Join Type": "Inner", "Startup Cost": 28952.75, "Total Cost": 70774.36, "Plan Rows": 30, "Plan Width": 4, "Inner Unique": false, "Plans": [{"Node Type": "Bitmap Heap Scan", "Parent Relationship": "Outer", "Relation Name": "company_type", "Alias": "ct", "Startup Cost": 8.27, "Total Cost": 12.3, "Plan Rows": 1, "Plan Width": 4, "Filter": "((kind)::text = 'production companies'::text)", "Plans": [{"Node Type": "Bitmap Index Scan", "Parent Relationship": "Outer", "Index Name": "company_type_pkey", "Startup Cost": 0.0, "Total Cost": 8.27, "Plan Rows": 3, "Plan Width": 0}]}, {"Node Type": "Bitmap Heap Scan", "Parent Relationship": "Inner", "Relation Name": "movie_companies", "Alias": "mc", "Startup Cost": 28944.49, "Total Cost": 70761.77, "Plan Rows": 29, "Plan Width": 8, "Recheck Cond": "(company_type_id = ct.id)", "Filter": "(((note)::text ~~ '%(VHS)%'::text) AND ((note)::text ~~ '%(USA)%'::text) AND ((note)::text ~~ '%(1994)%'::text))", "Plans": [{"Node Type": "Bitmap Index Scan", "Parent Relationship": "Outer", "Index Name": "company_type_id_movie_companies", "Startup Cost": 0.0, "Total Cost": 28944.48, "Plan Rows": 1304564, "Plan Width": 0, "Index Cond": "(company_type_id = ct.id)"}]}]}, {"Node Type": "Bitmap Heap Scan", "Parent Relationship": "Inner", "Relation Name": "movie_info", "Alias": "mi", "Startup Cost": 4.29, "Total Cost": 24.28, "Plan Rows": 1, "Plan Width": 8, "Recheck Cond": "(movie_id = mc.movie_id)", "Filter": "((info)::text = ANY ('{USA,America}'::text[]))", "Plans": [{"Node Type": "Bitmap Index Scan", "Parent Relationship": "Outer", "Index Name": "movie_id_movie_info", "Startup Cost": 0.0, "Total Cost": 4.29, "Plan Rows": 5, "Plan Width": 0, "Index Cond": "(movie_id = mc.movie_id)"}]}]}, {"Node Type": "Bitmap Heap Scan", "Parent Relationship": "Inner", "Relation Name": "title", "Alias": "t", "Startup Cost": 0.32, "Total Cost": 4.34, "Plan Rows": 1, "Plan Width": 21, "Recheck Cond": "(id = mi.movie_id)", "Filter": "(production_year > 2010)", "Plans": [{"Node Type": "Bitmap Index Scan", "Parent Relationship": "Outer", "Index Name": "title_pkey", "Startup Cost": 0.0, "Total Cost": 0.32, "Plan Rows": 1, "Plan Width": 0, "Index Cond": "(id = mi.movie_id)"}]}]}, {"Node Type": "Bitmap Heap Scan", "Parent Relationship": "Inner", "Relation Name": "info_type", "Alias": "it", "Startup Cost": 0.26, "Total Cost": 4.27, "Plan Rows": 1, "Plan Width": 4, "Recheck Cond": "(id = mi.info_type_id)", "Plans": [{"Node Type": "Bitmap Index Scan", "Parent Relationship": "Outer", "Index Name": "info_type_pkey", "Startup Cost": 0.0, "Total Cost": 0.26, "Plan Rows": 1, "Plan Width": 0, "Index Cond": "(id = mi.info_type_id)"}]}]}]}, "Unique SQL Id": 328306525, "Planner Runtime": 8}, "explain_analyze_plan": null}, "(16, '68')": {"explain_plan": {"Plan": {"Node Type": "Aggregate", "Strategy": "Plain", "Startup Cost": 19200.79, "Total Cost": 19200.8, "Plan Rows": 1, "Plan Width": 49, "Plans": [{"Node Type": "Nested Loop", "Parent Relationship": "Outer", "Join Type": "Inner", "Startup Cost": 0.0, "Total Cost": 19200.73, "Plan Rows": 24, "Plan Width": 17, "Inner Unique": true, "Plans": [{"Node Type": "Nested Loop", "Parent Relationship": "Outer", "Join Type": "Inner", "Startup Cost": 0.0, "Total Cost": 19194.01, "Plan Rows": 24, "Plan Width": 21, "Inner Unique": false, "Plans": [{"Node Type": "Nested Loop", "Parent Relationship": "Outer", "Join Type": "Inner", "Startup Cost": 0.0, "Total Cost": 19115.02, "Plan Rows": 32, "Plan Width": 25, "Inner Unique": true, "Plans": [{"Node Type": "Nested Loop", "Parent Relationship": "Outer", "Join Type": "Inner", "Startup Cost": 0.0, "Total Cost": 18866.55, "Plan Rows": 30, "Plan Width": 4, "Inner Unique": true, "Plans": [{"Node Type": "Streaming(type: LOCAL GATHER dop: 1/16)", "Parent Relationship": "Outer", "Startup Cost": 0.0, "Total Cost": 18837.88, "Plan Rows": 59, "Plan Width": 8, "Plans": [{"Node Type": "Seq Scan", "Parent Relationship": "Outer", "Relation Name": "movie_companies", "Alias": "mc", "Startup Cost": 0.0, "Total Cost": 18836.61, "Plan Rows": 59, "Plan Width": 8, "Filter": "(((note)::text ~~ '%(VHS)%'::text) AND ((note)::text ~~ '%(USA)%'::text) AND ((note)::text ~~ '%(1994)%'::text))"}]}, {"Node Type": "Index Scan", "Parent Relationship": "Inner", "Scan Direction": "Forward", "Index Name": "company_type_pkey", "Relation Name": "company_type", "Alias": "ct", "Startup Cost": 0.0, "Total Cost": 0.48, "Plan Rows": 1, "Plan Width": 4, "Index Cond": "(id = mc.company_type_id)", "Filter": "((kind)::text = 'production companies'::text)"}]}, {"Node Type": "Index Scan", "Parent Relationship": "Inner", "Scan Direction": "Forward", "Index Name": "title_pkey", "Relation Name": "title", "Alias": "t", "Startup Cost": 0.0, "Total Cost": 8.27, "Plan Rows": 1, "Plan Width": 21, "Index Cond": "(id = mc.movie_id)", "Filter": "(production_year > 2010)"}]}, {"Node Type": "Index Scan", "Parent Relationship": "Inner", "Scan Direction": "Forward", "Index Name": "movie_id_movie_info", "Relation Name": "movie_info", "Alias": "mi", "Startup Cost": 0.0, "Total Cost": 2.46, "Plan Rows": 1, "Plan Width": 8, "Index Cond": "(movie_id = t.id)", "Filter": "((info)::text = ANY ('{USA,America}'::text[]))"}]}, {"Node Type": "Index Scan", "Parent Relationship": "Inner", "Scan Direction": "Forward", "Index Name": "info_type_pkey", "Relation Name": "info_type", "Alias": "it", "Startup Cost": 0.0, "Total Cost": 0.27, "Plan Rows": 1, "Plan Width": 4, "Index Cond": "(id = mi.info_type_id)"}]}]}, "Unique SQL Id": 328306525, "Planner Runtime": 10}, "explain_analyze_plan": {"Plan": {"Node Type": "Aggregate", "Strategy": "Plain", "Startup Cost": 19200.79, "Total Cost": 19200.8, "Plan Rows": 1, "Plan Width": 49, "Actual Min Startup Time": 81.545, "Actual Max Startup Time": 81.545, "Actual Min Total Time": 81.545, "Actual Max Total Time": 81.545, "Plans": [{"Node Type": "Nested Loop", "Parent Relationship": "Outer", "Join Type": "Inner", "Startup Cost": 0.0, "Total Cost": 19200.73, "Plan Rows": 24, "Plan Width": 17, "Actual Min Startup Time": 81.534, "Actual Max Startup Time": 81.534, "Actual Min Total Time": 81.534, "Actual Max Total Time": 81.534, "Inner Unique": true, "Plans": [{"Node Type": "Nested Loop", "Parent Relationship": "Outer", "Join Type": "Inner", "Startup Cost": 0.0, "Total Cost": 19194.01, "Plan Rows": 24, "Plan Width": 21, "Actual Min Startup Time": 81.532, "Actual Max Startup Time": 81.532, "Actual Min Total Time": 81.532, "Actual Max Total Time": 81.532, "Inner Unique": false, "Plans": [{"Node Type": "Nested Loop", "Parent Relationship": "Outer", "Join Type": "Inner", "Startup Cost": 0.0, "Total Cost": 19115.02, "Plan Rows": 32, "Plan Width": 25, "Actual Min Startup Time": 81.53, "Actual Max Startup Time": 81.53, "Actual Min Total Time": 81.53, "Actual Max Total Time": 81.53, "Inner Unique": true, "Plans": [{"Node Type": "Nested Loop", "Parent Relationship": "Outer", "Join Type": "Inner", "Startup Cost": 0.0, "Total Cost": 18866.55, "Plan Rows": 30, "Plan Width": 4, "Actual Min Startup Time": 81.529, "Actual Max Startup Time": 81.529, "Actual Min Total Time": 81.529, "Actual Max Total Time": 81.529, "Inner Unique": true, "Plans": [{"Node Type": "Streaming(type: LOCAL GATHER dop: 1/16)", "Parent Relationship": "Outer", "Startup Cost": 0.0, "Total Cost": 18837.88, "Plan Rows": 59, "Plan Width": 8, "Actual Min Startup Time": 45.015, "Actual Max Startup Time": 45.015, "Actual Min Total Time": 80.158, "Actual Max Total Time": 80.158, "Plans": [{"Node Type": "Seq Scan", "Parent Relationship": "Outer", "Relation Name": "movie_companies", "Alias": "mc", "Startup Cost": 0.0, "Total Cost": 18836.61, "Plan Rows": 59, "Plan Width": 8, "Actual Min Startup Time": 1.006, "Actual Max Startup Time": 12.191, "Actual Min Total Time": 54.289, "Actual Max Total Time": 60.814, "Filter": "(((note)::text ~~ '%(VHS)%'::text) AND ((note)::text ~~ '%(USA)%'::text) AND ((note)::text ~~ '%(1994)%'::text))", "Rows Removed by Filter": 2607710, "Actual Rows": 1418}], "Actual Rows": 1418}, {"Node Type": "Index Scan", "Parent Relationship": "Inner", "Scan Direction": "Forward", "Index Name": "company_type_pkey", "Relation Name": "company_type", "Alias": "ct", "Startup Cost": 0.0, "Total Cost": 0.48, "Plan Rows": 1, "Plan Width": 4, "Actual Min Startup Time": 0.849, "Actual Max Startup Time": 0.849, "Actual Min Total Time": 0.849, "Actual Max Total Time": 0.849, "Index Cond": "(id = mc.company_type_id)", "Rows Removed by Index Recheck": 0, "Filter": "((kind)::text = 'production companies'::text)", "Rows Removed by Filter": 0, "Actual Rows": 0}], "Actual Rows": 0}, {"Node Type": "Index Scan", "Parent Relationship": "Inner", "Scan Direction": "Forward", "Index Name": "title_pkey", "Relation Name": "title", "Alias": "t", "Startup Cost": 0.0, "Total Cost": 8.27, "Plan Rows": 1, "Plan Width": 21, "Actual Startup Time": 0.0, "Actual Total Time": 0.0, "Index Cond": "(id = mc.movie_id)", "Rows Removed by Index Recheck": 0, "Filter": "(production_year > 2010)", "Rows Removed by Filter": 0}], "Actual Rows": 0}, {"Node Type": "Index Scan", "Parent Relationship": "Inner", "Scan Direction": "Forward", "Index Name": "movie_id_movie_info", "Relation Name": "movie_info", "Alias": "mi", "Startup Cost": 0.0, "Total Cost": 2.46, "Plan Rows": 1, "Plan Width": 8, "Actual Startup Time": 0.0, "Actual Total Time": 0.0, "Index Cond": "(movie_id = t.id)", "Rows Removed by Index Recheck": 0, "Filter": "((info)::text = ANY ('{USA,America}'::text[]))", "Rows Removed by Filter": 0}], "Actual Rows": 0}, {"Node Type": "Index Scan", "Parent Relationship": "Inner", "Scan Direction": "Forward", "Index Name": "info_type_pkey", "Relation Name": "info_type", "Alias": "it", "Startup Cost": 0.0, "Total Cost": 0.27, "Plan Rows": 1, "Plan Width": 4, "Actual Startup Time": 0.0, "Actual Total Time": 0.0, "Index Cond": "(id = mi.info_type_id)", "Rows Removed by Index Recheck": 0}], "Actual Rows": 0}], "Actual Rows": 1}, "Triggers": [], "Planner Runtime": 10.135, "Total Runtime": 84.05, "Unique SQL Id": 328306525}}, "(16, '69')": {"explain_plan": {"Plan": {"Node Type": "Aggregate", "Strategy": "Plain", "Startup Cost": 85308.81, "Total Cost": 85308.82, "Plan Rows": 1, "Plan Width": 49, "Plans": [{"Node Type": "Nested Loop", "Parent Relationship": "Outer", "Join Type": "Inner", "Startup Cost": 0.0, "Total Cost": 85308.75, "Plan Rows": 24, "Plan Width": 17, "Inner Unique": true, "Plans": [{"Node Type": "Nested Loop", "Parent Relationship": "Outer", "Join Type": "Inner", "Startup Cost": 0.0, "Total Cost": 85302.03, "Plan Rows": 24, "Plan Width": 21, "Inner Unique": false, "Plans": [{"Node Type": "Nested Loop", "Parent Relationship": "Outer", "Join Type": "Inner", "Startup Cost": 0.0, "Total Cost": 85223.04, "Plan Rows": 32, "Plan Width": 25, "Inner Unique": true, "Plans": [{"Node Type": "Nested Loop", "Parent Relationship": "Outer", "Join Type": "Inner", "Startup Cost": 0.0, "Total Cost": 84974.56, "Plan Rows": 30, "Plan Width": 4, "Inner Unique": true, "Plans": [{"Node Type": "Streaming(type: LOCAL GATHER dop: 1/16)", "Parent Relationship": "Outer", "Startup Cost": 0.0, "Total Cost": 84945.9, "Plan Rows": 59, "Plan Width": 8, "Plans": [{"Node Type": "Index Scan", "Parent Relationship": "Outer", "Scan Direction": "Forward", "Index Name": "company_type_id_movie_companies", "Relation Name": "movie_companies", "Alias": "mc", "Startup Cost": 0.0, "Total Cost": 84944.62, "Plan Rows": 59, "Plan Width": 8, "Filter": "(((note)::text ~~ '%(VHS)%'::text) AND ((note)::text ~~ '%(USA)%'::text) AND ((note)::text ~~ '%(1994)%'::text))"}]}, {"Node Type": "Index Scan", "Parent Relationship": "Inner", "Scan Direction": "Forward", "Index Name": "company_type_pkey", "Relation Name": "company_type", "Alias": "ct", "Startup Cost": 0.0, "Total Cost": 0.48, "Plan Rows": 1, "Plan Width": 4, "Index Cond": "(id = mc.company_type_id)", "Filter": "((kind)::text = 'production companies'::text)"}]}, {"Node Type": "Index Scan", "Parent Relationship": "Inner", "Scan Direction": "Forward", "Index Name": "title_pkey", "Relation Name": "title", "Alias": "t", "Startup Cost": 0.0, "Total Cost": 8.27, "Plan Rows": 1, "Plan Width": 21, "Index Cond": "(id = mc.movie_id)", "Filter": "(production_year > 2010)"}]}, {"Node Type": "Index Scan", "Parent Relationship": "Inner", "Scan Direction": "Forward", "Index Name": "movie_id_movie_info", "Relation Name": "movie_info", "Alias": "mi", "Startup Cost": 0.0, "Total Cost": 2.46, "Plan Rows": 1, "Plan Width": 8, "Index Cond": "(movie_id = t.id)", "Filter": "((info)::text = ANY ('{USA,America}'::text[]))"}]}, {"Node Type": "Index Scan", "Parent Relationship": "Inner", "Scan Direction": "Forward", "Index Name": "info_type_pkey", "Relation Name": "info_type", "Alias": "it", "Startup Cost": 0.0, "Total Cost": 0.27, "Plan Rows": 1, "Plan Width": 4, "Index Cond": "(id = mi.info_type_id)"}]}]}, "Unique SQL Id": 328306525, "Planner Runtime": 10}, "explain_analyze_plan": {"Plan": {"Node Type": "Aggregate", "Strategy": "Plain", "Startup Cost": 85308.81, "Total Cost": 85308.82, "Plan Rows": 1, "Plan Width": 49, "Actual Min Startup Time": 150.244, "Actual Max Startup Time": 150.244, "Actual Min Total Time": 150.245, "Actual Max Total Time": 150.245, "Plans": [{"Node Type": "Nested Loop", "Parent Relationship": "Outer", "Join Type": "Inner", "Startup Cost": 0.0, "Total Cost": 85308.75, "Plan Rows": 24, "Plan Width": 17, "Actual Min Startup Time": 150.235, "Actual Max Startup Time": 150.235, "Actual Min Total Time": 150.235, "Actual Max Total Time": 150.235, "Inner Unique": true, "Plans": [{"Node Type": "Nested Loop", "Parent Relationship": "Outer", "Join Type": "Inner", "Startup Cost": 0.0, "Total Cost": 85302.03, "Plan Rows": 24, "Plan Width": 21, "Actual Min Startup Time": 150.233, "Actual Max Startup Time": 150.233, "Actual Min Total Time": 150.233, "Actual Max Total Time": 150.233, "Inner Unique": false, "Plans": [{"Node Type": "Nested Loop", "Parent Relationship": "Outer", "Join Type": "Inner", "Startup Cost": 0.0, "Total Cost": 85223.04, "Plan Rows": 32, "Plan Width": 25, "Actual Min Startup Time": 150.231, "Actual Max Startup Time": 150.231, "Actual Min Total Time": 150.231, "Actual Max Total Time": 150.231, "Inner Unique": true, "Plans": [{"Node Type": "Nested Loop", "Parent Relationship": "Outer", "Join Type": "Inner", "Startup Cost": 0.0, "Total Cost": 84974.56, "Plan Rows": 30, "Plan Width": 4, "Actual Min Startup Time": 150.23, "Actual Max Startup Time": 150.23, "Actual Min Total Time": 150.23, "Actual Max Total Time": 150.23, "Inner Unique": true, "Plans": [{"Node Type": "Streaming(type: LOCAL GATHER dop: 1/16)", "Parent Relationship": "Outer", "Startup Cost": 0.0, "Total Cost": 84945.9, "Plan Rows": 59, "Plan Width": 8, "Actual Min Startup Time": 66.075, "Actual Max Startup Time": 66.075, "Actual Min Total Time": 148.824, "Actual Max Total Time": 148.824, "Plans": [{"Node Type": "Index Scan", "Parent Relationship": "Outer", "Scan Direction": "Forward", "Index Name": "company_type_id_movie_companies", "Relation Name": "movie_companies", "Alias": "mc", "Startup Cost": 0.0, "Total Cost": 84944.62, "Plan Rows": 59, "Plan Width": 8, "Actual Min Startup Time": 16.495, "Actual Max Startup Time": 89.017, "Actual Min Total Time": 87.219, "Actual Max Total Time": 133.431, "Filter": "(((note)::text ~~ '%(VHS)%'::text) AND ((note)::text ~~ '%(USA)%'::text) AND ((note)::text ~~ '%(1994)%'::text))", "Rows Removed by Filter": 2607710, "Actual Rows": 1418}], "Actual Rows": 1418}, {"Node Type": "Index Scan", "Parent Relationship": "Inner", "Scan Direction": "Forward", "Index Name": "company_type_pkey", "Relation Name": "company_type", "Alias": "ct", "Startup Cost": 0.0, "Total Cost": 0.48, "Plan Rows": 1, "Plan Width": 4, "Actual Min Startup Time": 0.826, "Actual Max Startup Time": 0.826, "Actual Min Total Time": 0.826, "Actual Max Total Time": 0.826, "Index Cond": "(id = mc.company_type_id)", "Rows Removed by Index Recheck": 0, "Filter": "((kind)::text = 'production companies'::text)", "Rows Removed by Filter": 0, "Actual Rows": 0}], "Actual Rows": 0}, {"Node Type": "Index Scan", "Parent Relationship": "Inner", "Scan Direction": "Forward", "Index Name": "title_pkey", "Relation Name": "title", "Alias": "t", "Startup Cost": 0.0, "Total Cost": 8.27, "Plan Rows": 1, "Plan Width": 21, "Actual Startup Time": 0.0, "Actual Total Time": 0.0, "Index Cond": "(id = mc.movie_id)", "Rows Removed by Index Recheck": 0, "Filter": "(production_year > 2010)", "Rows Removed by Filter": 0}], "Actual Rows": 0}, {"Node Type": "Index Scan", "Parent Relationship": "Inner", "Scan Direction": "Forward", "Index Name": "movie_id_movie_info", "Relation Name": "movie_info", "Alias": "mi", "Startup Cost": 0.0, "Total Cost": 2.46, "Plan Rows": 1, "Plan Width": 8, "Actual Startup Time": 0.0, "Actual Total Time": 0.0, "Index Cond": "(movie_id = t.id)", "Rows Removed by Index Recheck": 0, "Filter": "((info)::text = ANY ('{USA,America}'::text[]))", "Rows Removed by Filter": 0}], "Actual Rows": 0}, {"Node Type": "Index Scan", "Parent Relationship": "Inner", "Scan Direction": "Forward", "Index Name": "info_type_pkey", "Relation Name": "info_type", "Alias": "it", "Startup Cost": 0.0, "Total Cost": 0.27, "Plan Rows": 1, "Plan Width": 4, "Actual Startup Time": 0.0, "Actual Total Time": 0.0, "Index Cond": "(id = mi.info_type_id)", "Rows Removed by Index Recheck": 0}], "Actual Rows": 0}], "Actual Rows": 1}, "Triggers": [], "Planner Runtime": 9.809, "Total Runtime": 152.728, "Unique SQL Id": 328306525}}, "(16, '70')": {"explain_plan": {"Plan": {"Node Type": "Aggregate", "Strategy": "Plain", "Startup Cost": 19349.23, "Total Cost": 19349.24, "Plan Rows": 1, "Plan Width": 49, "Plans": [{"Node Type": "Nested Loop", "Parent Relationship": "Outer", "Join Type": "Inner", "Startup Cost": 6.43, "Total Cost": 19349.17, "Plan Rows": 24, "Plan Width": 17, "Inner Unique": true, "Plans": [{"Node Type": "Nested Loop", "Parent Relationship": "Outer", "Join Type": "Inner", "Startup Cost": 6.18, "Total Cost": 19246.44, "Plan Rows": 24, "Plan Width": 21, "Inner Unique": false, "Plans": [{"Node Type": "Nested Loop", "Parent Relationship": "Outer", "Join Type": "Inner", "Startup Cost": 5.31, "Total Cost": 19087.94, "Plan Rows": 32, "Plan Width": 25, "Inner Unique": true, "Plans": [{"Node Type": "Hash Join", "Parent Relationship": "Outer", "Join Type": "Inner", "Startup Cost": 1.05, "Total Cost": 18839.45, "Plan Rows": 30, "Plan Width": 4, "Inner Unique": true, "Hash Cond": "(mc.company_type_id = ct.id)", "Plans": [{"Node Type": "Streaming(type: LOCAL GATHER dop: 1/16)", "Parent Relationship": "Outer", "Startup Cost": 0.0, "Total Cost": 18837.88, "Plan Rows": 59, "Plan Width": 8, "Plans": [{"Node Type": "Seq Scan", "Parent Relationship": "Outer", "Relation Name": "movie_companies", "Alias": "mc", "Startup Cost": 0.0, "Total Cost": 18836.61, "Plan Rows": 59, "Plan Width": 8, "Filter": "(((note)::text ~~ '%(VHS)%'::text) AND ((note)::text ~~ '%(USA)%'::text) AND ((note)::text ~~ '%(1994)%'::text))"}]}, {"Node Type": "Hash", "Parent Relationship": "Inner", "Startup Cost": 1.04, "Total Cost": 1.04, "Plan Rows": 1, "Plan Width": 4, "Plans": [{"Node Type": "Seq Scan", "Parent Relationship": "Outer", "Relation Name": "company_type", "Alias": "ct", "Startup Cost": 0.0, "Total Cost": 1.04, "Plan Rows": 1, "Plan Width": 4, "Filter": "((kind)::text = 'production companies'::text)"}]}]}, {"Node Type": "Bitmap Heap Scan", "Parent Relationship": "Inner", "Relation Name": "title", "Alias": "t", "Startup Cost": 4.26, "Total Cost": 8.27, "Plan Rows": 1, "Plan Width": 21, "Recheck Cond": "(id = mc.movie_id)", "Filter": "(production_year > 2010)", "Plans": [{"Node Type": "Bitmap Index Scan", "Parent Relationship": "Outer", "Index Name": "title_pkey", "Startup Cost": 0.0, "Total Cost": 4.26, "Plan Rows": 1, "Plan Width": 0, "Index Cond": "(id = mc.movie_id)"}]}]}, {"Node Type": "Bitmap Heap Scan", "Parent Relationship": "Inner", "Relation Name": "movie_info", "Alias": "mi", "Startup Cost": 0.87, "Total Cost": 4.94, "Plan Rows": 1, "Plan Width": 8, "Recheck Cond": "(movie_id = t.id)", "Filter": "((info)::text = ANY ('{USA,America}'::text[]))", "Plans": [{"Node Type": "Bitmap Index Scan", "Parent Relationship": "Outer", "Index Name": "movie_id_movie_info", "Startup Cost": 0.0, "Total Cost": 0.87, "Plan Rows": 5, "Plan Width": 0, "Index Cond": "(movie_id = t.id)"}]}]}, {"Node Type": "Bitmap Heap Scan", "Parent Relationship": "Inner", "Relation Name": "info_type", "Alias": "it", "Startup Cost": 0.26, "Total Cost": 4.27, "Plan Rows": 1, "Plan Width": 4, "Recheck Cond": "(id = mi.info_type_id)", "Plans": [{"Node Type": "Bitmap Index Scan", "Parent Relationship": "Outer", "Index Name": "info_type_pkey", "Startup Cost": 0.0, "Total Cost": 0.26, "Plan Rows": 1, "Plan Width": 0, "Index Cond": "(id = mi.info_type_id)"}]}]}]}, "Unique SQL Id": 328306525, "Planner Runtime": 11}, "explain_analyze_plan": {"Plan": {"Node Type": "Aggregate", "Strategy": "Plain", "Startup Cost": 19349.23, "Total Cost": 19349.24, "Plan Rows": 1, "Plan Width": 49, "Actual Min Startup Time": 80.627, "Actual Max Startup Time": 80.627, "Actual Min Total Time": 80.628, "Actual Max Total Time": 80.628, "Plans": [{"Node Type": "Nested Loop", "Parent Relationship": "Outer", "Join Type": "Inner", "Startup Cost": 6.43, "Total Cost": 19349.17, "Plan Rows": 24, "Plan Width": 17, "Actual Min Startup Time": 80.616, "Actual Max Startup Time": 80.616, "Actual Min Total Time": 80.616, "Actual Max Total Time": 80.616, "Inner Unique": true, "Plans": [{"Node Type": "Nested Loop", "Parent Relationship": "Outer", "Join Type": "Inner", "Startup Cost": 6.18, "Total Cost": 19246.44, "Plan Rows": 24, "Plan Width": 21, "Actual Min Startup Time": 80.614, "Actual Max Startup Time": 80.614, "Actual Min Total Time": 80.614, "Actual Max Total Time": 80.614, "Inner Unique": false, "Plans": [{"Node Type": "Nested Loop", "Parent Relationship": "Outer", "Join Type": "Inner", "Startup Cost": 5.31, "Total Cost": 19087.94, "Plan Rows": 32, "Plan Width": 25, "Actual Min Startup Time": 80.613, "Actual Max Startup Time": 80.613, "Actual Min Total Time": 80.613, "Actual Max Total Time": 80.613, "Inner Unique": true, "Plans": [{"Node Type": "Hash Join", "Parent Relationship": "Outer", "Join Type": "Inner", "Startup Cost": 1.05, "Total Cost": 18839.45, "Plan Rows": 30, "Plan Width": 4, "Actual Min Startup Time": 80.568, "Actual Max Startup Time": 80.568, "Actual Min Total Time": 80.568, "Actual Max Total Time": 80.568, "Inner Unique": true, "Hash Cond": "(mc.company_type_id = ct.id)", "Plans": [{"Node Type": "Streaming(type: LOCAL GATHER dop: 1/16)", "Parent Relationship": "Outer", "Startup Cost": 0.0, "Total Cost": 18837.88, "Plan Rows": 59, "Plan Width": 8, "Actual Min Startup Time": 44.287, "Actual Max Startup Time": 44.287, "Actual Min Total Time": 80.213, "Actual Max Total Time": 80.213, "Plans": [{"Node Type": "Seq Scan", "Parent Relationship": "Outer", "Relation Name": "movie_companies", "Alias": "mc", "Startup Cost": 0.0, "Total Cost": 18836.61, "Plan Rows": 59, "Plan Width": 8, "Actual Min Startup Time": 1.002, "Actual Max Startup Time": 12.342, "Actual Min Total Time": 54.55, "Actual Max Total Time": 60.863, "Filter": "(((note)::text ~~ '%(VHS)%'::text) AND ((note)::text ~~ '%(USA)%'::text) AND ((note)::text ~~ '%(1994)%'::text))", "Rows Removed by Filter": 2607710, "Actual Rows": 1418}], "Actual Rows": 1418}, {"Node Type": "Hash", "Parent Relationship": "Inner", "Startup Cost": 1.04, "Total Cost": 1.04, "Plan Rows": 1, "Plan Width": 4, "Actual Min Startup Time": 0.049, "Actual Max Startup Time": 0.049, "Actual Min Total Time": 0.049, "Actual Max Total Time": 0.049, "Max Hash Buckets": 32768, "Min Hash Buckets": 32768, "Max Hash Batches": 1, "Min Hash Batches": 1, "Max Original Hash Batches": 1, "Min Original Hash Batches": 1, "Max Peak Memory Usage": 1, "min Peak Memory Usage": 1, "Plans": [{"Node Type": "Seq Scan", "Parent Relationship": "Outer", "Relation Name": "company_type", "Alias": "ct", "Startup Cost": 0.0, "Total Cost": 1.04, "Plan Rows": 1, "Plan Width": 4, "Actual Min Startup Time": 0.031, "Actual Max Startup Time": 0.031, "Actual Min Total Time": 0.035, "Actual Max Total Time": 0.035, "Filter": "((kind)::text = 'production companies'::text)", "Rows Removed by Filter": 2, "Actual Rows": 1}], "Actual Rows": 1}], "Actual Rows": 0}, {"Node Type": "Bitmap Heap Scan", "Parent Relationship": "Inner", "Relation Name": "title", "Alias": "t", "Startup Cost": 4.26, "Total Cost": 8.27, "Plan Rows": 1, "Plan Width": 21, "Actual Startup Time": 0.0, "Actual Total Time": 0.0, "Recheck Cond": "(id = mc.movie_id)", "Rows Removed by Index Recheck": 0, "Filter": "(production_year > 2010)", "Rows Removed by Filter": 0, "Exact Heap Blocks": 0, "Lossy Heap Blocks": 0, "Plans": [{"Node Type": "Bitmap Index Scan", "Parent Relationship": "Outer", "Index Name": "title_pkey", "Startup Cost": 0.0, "Total Cost": 4.26, "Plan Rows": 1, "Plan Width": 0, "Actual Startup Time": 0.0, "Actual Total Time": 0.0, "Index Cond": "(id = mc.movie_id)"}]}], "Actual Rows": 0}, {"Node Type": "Bitmap Heap Scan", "Parent Relationship": "Inner", "Relation Name": "movie_info", "Alias": "mi", "Startup Cost": 0.87, "Total Cost": 4.94, "Plan Rows": 1, "Plan Width": 8, "Actual Startup Time": 0.0, "Actual Total Time": 0.0, "Recheck Cond": "(movie_id = t.id)", "Rows Removed by Index Recheck": 0, "Filter": "((info)::text = ANY ('{USA,America}'::text[]))", "Rows Removed by Filter": 0, "Exact Heap Blocks": 0, "Lossy Heap Blocks": 0, "Plans": [{"Node Type": "Bitmap Index Scan", "Parent Relationship": "Outer", "Index Name": "movie_id_movie_info", "Startup Cost": 0.0, "Total Cost": 0.87, "Plan Rows": 5, "Plan Width": 0, "Actual Startup Time": 0.0, "Actual Total Time": 0.0, "Index Cond": "(movie_id = t.id)"}]}], "Actual Rows": 0}, {"Node Type": "Bitmap Heap Scan", "Parent Relationship": "Inner", "Relation Name": "info_type", "Alias": "it", "Startup Cost": 0.26, "Total Cost": 4.27, "Plan Rows": 1, "Plan Width": 4, "Actual Startup Time": 0.0, "Actual Total Time": 0.0, "Recheck Cond": "(id = mi.info_type_id)", "Rows Removed by Index Recheck": 0, "Exact Heap Blocks": 0, "Lossy Heap Blocks": 0, "Plans": [{"Node Type": "Bitmap Index Scan", "Parent Relationship": "Outer", "Index Name": "info_type_pkey", "Startup Cost": 0.0, "Total Cost": 0.26, "Plan Rows": 1, "Plan Width": 0, "Actual Startup Time": 0.0, "Actual Total Time": 0.0, "Index Cond": "(id = mi.info_type_id)"}]}], "Actual Rows": 0}], "Actual Rows": 1}, "Triggers": [], "Planner Runtime": 11.271, "Total Runtime": 83.136, "Unique SQL Id": 328306525}}, "(16, '71')": {"explain_plan": {"Plan": {"Node Type": "Aggregate", "Strategy": "Plain", "Startup Cost": 71749.13, "Total Cost": 71749.14, "Plan Rows": 1, "Plan Width": 49, "Plans": [{"Node Type": "Nested Loop", "Parent Relationship": "Outer", "Join Type": "Inner", "Startup Cost": 28957.62, "Total Cost": 71749.07, "Plan Rows": 24, "Plan Width": 17, "Inner Unique": true, "Plans": [{"Node Type": "Nested Loop", "Parent Relationship": "Outer", "Join Type": "Inner", "Startup Cost": 28957.36, "Total Cost": 71646.35, "Plan Rows": 24, "Plan Width": 21, "Inner Unique": true, "Plans": [{"Node Type": "Nested Loop", "Parent Relationship": "Outer", "Join Type": "Inner", "Startup Cost": 28957.04, "Total Cost": 71502.93, "Plan Rows": 33, "Plan Width": 12, "Inner Unique": false, "Plans": [{"Node Type": "Nested Loop", "Parent Relationship": "Outer", "Join Type": "Inner", "Startup Cost": 28952.75, "Total Cost": 70774.36, "Plan Rows": 30, "Plan Width": 4, "Inner Unique": false, "Plans": [{"Node Type": "Bitmap Heap Scan", "Parent Relationship": "Outer", "Relation Name": "company_type", "Alias": "ct", "Startup Cost": 8.27, "Total Cost": 12.3, "Plan Rows": 1, "Plan Width": 4, "Filter": "((kind)::text = 'production companies'::text)", "Plans": [{"Node Type": "Bitmap Index Scan", "Parent Relationship": "Outer", "Index Name": "company_type_pkey", "Startup Cost": 0.0, "Total Cost": 8.27, "Plan Rows": 3, "Plan Width": 0}]}, {"Node Type": "Bitmap Heap Scan", "Parent Relationship": "Inner", "Relation Name": "movie_companies", "Alias": "mc", "Startup Cost": 28944.49, "Total Cost": 70761.77, "Plan Rows": 29, "Plan Width": 8, "Recheck Cond": "(company_type_id = ct.id)", "Filter": "(((note)::text ~~ '%(VHS)%'::text) AND ((note)::text ~~ '%(USA)%'::text) AND ((note)::text ~~ '%(1994)%'::text))", "Plans": [{"Node Type": "Bitmap Index Scan", "Parent Relationship": "Outer", "Index Name": "company_type_id_movie_companies", "Startup Cost": 0.0, "Total Cost": 28944.48, "Plan Rows": 1304564, "Plan Width": 0, "Index Cond": "(company_type_id = ct.id)"}]}]}, {"Node Type": "Bitmap Heap Scan", "Parent Relationship": "Inner", "Relation Name": "movie_info", "Alias": "mi", "Startup Cost": 4.29, "Total Cost": 24.28, "Plan Rows": 1, "Plan Width": 8, "Recheck Cond": "(movie_id = mc.movie_id)", "Filter": "((info)::text = ANY ('{USA,America}'::text[]))", "Plans": [{"Node Type": "Bitmap Index Scan", "Parent Relationship": "Outer", "Index Name": "movie_id_movie_info", "Startup Cost": 0.0, "Total Cost": 4.29, "Plan Rows": 5, "Plan Width": 0, "Index Cond": "(movie_id = mc.movie_id)"}]}]}, {"Node Type": "Bitmap Heap Scan", "Parent Relationship": "Inner", "Relation Name": "title", "Alias": "t", "Startup Cost": 0.32, "Total Cost": 4.34, "Plan Rows": 1, "Plan Width": 21, "Recheck Cond": "(id = mi.movie_id)", "Filter": "(production_year > 2010)", "Plans": [{"Node Type": "Bitmap Index Scan", "Parent Relationship": "Outer", "Index Name": "title_pkey", "Startup Cost": 0.0, "Total Cost": 0.32, "Plan Rows": 1, "Plan Width": 0, "Index Cond": "(id = mi.movie_id)"}]}]}, {"Node Type": "Bitmap Heap Scan", "Parent Relationship": "Inner", "Relation Name": "info_type", "Alias": "it", "Startup Cost": 0.26, "Total Cost": 4.27, "Plan Rows": 1, "Plan Width": 4, "Recheck Cond": "(id = mi.info_type_id)", "Plans": [{"Node Type": "Bitmap Index Scan", "Parent Relationship": "Outer", "Index Name": "info_type_pkey", "Startup Cost": 0.0, "Total Cost": 0.26, "Plan Rows": 1, "Plan Width": 0, "Index Cond": "(id = mi.info_type_id)"}]}]}]}, "Unique SQL Id": 328306525, "Planner Runtime": 8}, "explain_analyze_plan": null}, "(16, '72')": {"explain_plan": {"Plan": {"Node Type": "Aggregate", "Strategy": "Plain", "Startup Cost": 19200.79, "Total Cost": 19200.8, "Plan Rows": 1, "Plan Width": 49, "Plans": [{"Node Type": "Nested Loop", "Parent Relationship": "Outer", "Join Type": "Inner", "Startup Cost": 0.0, "Total Cost": 19200.73, "Plan Rows": 24, "Plan Width": 17, "Inner Unique": true, "Plans": [{"Node Type": "Nested Loop", "Parent Relationship": "Outer", "Join Type": "Inner", "Startup Cost": 0.0, "Total Cost": 19194.01, "Plan Rows": 24, "Plan Width": 21, "Inner Unique": false, "Plans": [{"Node Type": "Nested Loop", "Parent Relationship": "Outer", "Join Type": "Inner", "Startup Cost": 0.0, "Total Cost": 19115.02, "Plan Rows": 32, "Plan Width": 25, "Inner Unique": true, "Plans": [{"Node Type": "Nested Loop", "Parent Relationship": "Outer", "Join Type": "Inner", "Startup Cost": 0.0, "Total Cost": 18866.55, "Plan Rows": 30, "Plan Width": 4, "Inner Unique": true, "Plans": [{"Node Type": "Streaming(type: LOCAL GATHER dop: 1/16)", "Parent Relationship": "Outer", "Startup Cost": 0.0, "Total Cost": 18837.88, "Plan Rows": 59, "Plan Width": 8, "Plans": [{"Node Type": "Seq Scan", "Parent Relationship": "Outer", "Relation Name": "movie_companies", "Alias": "mc", "Startup Cost": 0.0, "Total Cost": 18836.61, "Plan Rows": 59, "Plan Width": 8, "Filter": "(((note)::text ~~ '%(VHS)%'::text) AND ((note)::text ~~ '%(USA)%'::text) AND ((note)::text ~~ '%(1994)%'::text))"}]}, {"Node Type": "Index Scan", "Parent Relationship": "Inner", "Scan Direction": "Forward", "Index Name": "company_type_pkey", "Relation Name": "company_type", "Alias": "ct", "Startup Cost": 0.0, "Total Cost": 0.48, "Plan Rows": 1, "Plan Width": 4, "Index Cond": "(id = mc.company_type_id)", "Filter": "((kind)::text = 'production companies'::text)"}]}, {"Node Type": "Index Scan", "Parent Relationship": "Inner", "Scan Direction": "Forward", "Index Name": "title_pkey", "Relation Name": "title", "Alias": "t", "Startup Cost": 0.0, "Total Cost": 8.27, "Plan Rows": 1, "Plan Width": 21, "Index Cond": "(id = mc.movie_id)", "Filter": "(production_year > 2010)"}]}, {"Node Type": "Index Scan", "Parent Relationship": "Inner", "Scan Direction": "Forward", "Index Name": "movie_id_movie_info", "Relation Name": "movie_info", "Alias": "mi", "Startup Cost": 0.0, "Total Cost": 2.46, "Plan Rows": 1, "Plan Width": 8, "Index Cond": "(movie_id = t.id)", "Filter": "((info)::text = ANY ('{USA,America}'::text[]))"}]}, {"Node Type": "Index Only Scan", "Parent Relationship": "Inner", "Scan Direction": "Forward", "Index Name": "info_type_pkey", "Relation Name": "info_type", "Alias": "it", "Startup Cost": 0.0, "Total Cost": 0.27, "Plan Rows": 1, "Plan Width": 4, "Index Cond": "(id = mi.info_type_id)"}]}]}, "Unique SQL Id": 328306525, "Planner Runtime": 10}, "explain_analyze_plan": {"Plan": {"Node Type": "Aggregate", "Strategy": "Plain", "Startup Cost": 19200.79, "Total Cost": 19200.8, "Plan Rows": 1, "Plan Width": 49, "Actual Min Startup Time": 81.008, "Actual Max Startup Time": 81.008, "Actual Min Total Time": 81.008, "Actual Max Total Time": 81.008, "Plans": [{"Node Type": "Nested Loop", "Parent Relationship": "Outer", "Join Type": "Inner", "Startup Cost": 0.0, "Total Cost": 19200.73, "Plan Rows": 24, "Plan Width": 17, "Actual Min Startup Time": 80.997, "Actual Max Startup Time": 80.997, "Actual Min Total Time": 80.997, "Actual Max Total Time": 80.997, "Inner Unique": true, "Plans": [{"Node Type": "Nested Loop", "Parent Relationship": "Outer", "Join Type": "Inner", "Startup Cost": 0.0, "Total Cost": 19194.01, "Plan Rows": 24, "Plan Width": 21, "Actual Min Startup Time": 80.996, "Actual Max Startup Time": 80.996, "Actual Min Total Time": 80.996, "Actual Max Total Time": 80.996, "Inner Unique": false, "Plans": [{"Node Type": "Nested Loop", "Parent Relationship": "Outer", "Join Type": "Inner", "Startup Cost": 0.0, "Total Cost": 19115.02, "Plan Rows": 32, "Plan Width": 25, "Actual Min Startup Time": 80.994, "Actual Max Startup Time": 80.994, "Actual Min Total Time": 80.994, "Actual Max Total Time": 80.994, "Inner Unique": true, "Plans": [{"Node Type": "Nested Loop", "Parent Relationship": "Outer", "Join Type": "Inner", "Startup Cost": 0.0, "Total Cost": 18866.55, "Plan Rows": 30, "Plan Width": 4, "Actual Min Startup Time": 80.993, "Actual Max Startup Time": 80.993, "Actual Min Total Time": 80.993, "Actual Max Total Time": 80.993, "Inner Unique": true, "Plans": [{"Node Type": "Streaming(type: LOCAL GATHER dop: 1/16)", "Parent Relationship": "Outer", "Startup Cost": 0.0, "Total Cost": 18837.88, "Plan Rows": 59, "Plan Width": 8, "Actual Min Startup Time": 44.869, "Actual Max Startup Time": 44.869, "Actual Min Total Time": 79.645, "Actual Max Total Time": 79.645, "Plans": [{"Node Type": "Seq Scan", "Parent Relationship": "Outer", "Relation Name": "movie_companies", "Alias": "mc", "Startup Cost": 0.0, "Total Cost": 18836.61, "Plan Rows": 59, "Plan Width": 8, "Actual Min Startup Time": 1.004, "Actual Max Startup Time": 12.222, "Actual Min Total Time": 54.573, "Actual Max Total Time": 60.817, "Filter": "(((note)::text ~~ '%(VHS)%'::text) AND ((note)::text ~~ '%(USA)%'::text) AND ((note)::text ~~ '%(1994)%'::text))", "Rows Removed by Filter": 2607710, "Actual Rows": 1418}], "Actual Rows": 1418}, {"Node Type": "Index Scan", "Parent Relationship": "Inner", "Scan Direction": "Forward", "Index Name": "company_type_pkey", "Relation Name": "company_type", "Alias": "ct", "Startup Cost": 0.0, "Total Cost": 0.48, "Plan Rows": 1, "Plan Width": 4, "Actual Min Startup Time": 0.771, "Actual Max Startup Time": 0.771, "Actual Min Total Time": 0.771, "Actual Max Total Time": 0.771, "Index Cond": "(id = mc.company_type_id)", "Rows Removed by Index Recheck": 0, "Filter": "((kind)::text = 'production companies'::text)", "Rows Removed by Filter": 0, "Actual Rows": 0}], "Actual Rows": 0}, {"Node Type": "Index Scan", "Parent Relationship": "Inner", "Scan Direction": "Forward", "Index Name": "title_pkey", "Relation Name": "title", "Alias": "t", "Startup Cost": 0.0, "Total Cost": 8.27, "Plan Rows": 1, "Plan Width": 21, "Actual Startup Time": 0.0, "Actual Total Time": 0.0, "Index Cond": "(id = mc.movie_id)", "Rows Removed by Index Recheck": 0, "Filter": "(production_year > 2010)", "Rows Removed by Filter": 0}], "Actual Rows": 0}, {"Node Type": "Index Scan", "Parent Relationship": "Inner", "Scan Direction": "Forward", "Index Name": "movie_id_movie_info", "Relation Name": "movie_info", "Alias": "mi", "Startup Cost": 0.0, "Total Cost": 2.46, "Plan Rows": 1, "Plan Width": 8, "Actual Startup Time": 0.0, "Actual Total Time": 0.0, "Index Cond": "(movie_id = t.id)", "Rows Removed by Index Recheck": 0, "Filter": "((info)::text = ANY ('{USA,America}'::text[]))", "Rows Removed by Filter": 0}], "Actual Rows": 0}, {"Node Type": "Index Only Scan", "Parent Relationship": "Inner", "Scan Direction": "Forward", "Index Name": "info_type_pkey", "Relation Name": "info_type", "Alias": "it", "Startup Cost": 0.0, "Total Cost": 0.27, "Plan Rows": 1, "Plan Width": 4, "Actual Startup Time": 0.0, "Actual Total Time": 0.0, "Index Cond": "(id = mi.info_type_id)", "Rows Removed by Index Recheck": 0, "Heap Fetches": 0}], "Actual Rows": 0}], "Actual Rows": 1}, "Triggers": [], "Planner Runtime": 10.164, "Total Runtime": 83.683, "Unique SQL Id": 328306525}}, "(16, '73')": {"explain_plan": {"Plan": {"Node Type": "Aggregate", "Strategy": "Plain", "Startup Cost": 85308.81, "Total Cost": 85308.82, "Plan Rows": 1, "Plan Width": 49, "Plans": [{"Node Type": "Nested Loop", "Parent Relationship": "Outer", "Join Type": "Inner", "Startup Cost": 0.0, "Total Cost": 85308.75, "Plan Rows": 24, "Plan Width": 17, "Inner Unique": true, "Plans": [{"Node Type": "Nested Loop", "Parent Relationship": "Outer", "Join Type": "Inner", "Startup Cost": 0.0, "Total Cost": 85302.03, "Plan Rows": 24, "Plan Width": 21, "Inner Unique": false, "Plans": [{"Node Type": "Nested Loop", "Parent Relationship": "Outer", "Join Type": "Inner", "Startup Cost": 0.0, "Total Cost": 85223.04, "Plan Rows": 32, "Plan Width": 25, "Inner Unique": true, "Plans": [{"Node Type": "Nested Loop", "Parent Relationship": "Outer", "Join Type": "Inner", "Startup Cost": 0.0, "Total Cost": 84974.56, "Plan Rows": 30, "Plan Width": 4, "Inner Unique": true, "Plans": [{"Node Type": "Streaming(type: LOCAL GATHER dop: 1/16)", "Parent Relationship": "Outer", "Startup Cost": 0.0, "Total Cost": 84945.9, "Plan Rows": 59, "Plan Width": 8, "Plans": [{"Node Type": "Index Scan", "Parent Relationship": "Outer", "Scan Direction": "Forward", "Index Name": "company_type_id_movie_companies", "Relation Name": "movie_companies", "Alias": "mc", "Startup Cost": 0.0, "Total Cost": 84944.62, "Plan Rows": 59, "Plan Width": 8, "Filter": "(((note)::text ~~ '%(VHS)%'::text) AND ((note)::text ~~ '%(USA)%'::text) AND ((note)::text ~~ '%(1994)%'::text))"}]}, {"Node Type": "Index Scan", "Parent Relationship": "Inner", "Scan Direction": "Forward", "Index Name": "company_type_pkey", "Relation Name": "company_type", "Alias": "ct", "Startup Cost": 0.0, "Total Cost": 0.48, "Plan Rows": 1, "Plan Width": 4, "Index Cond": "(id = mc.company_type_id)", "Filter": "((kind)::text = 'production companies'::text)"}]}, {"Node Type": "Index Scan", "Parent Relationship": "Inner", "Scan Direction": "Forward", "Index Name": "title_pkey", "Relation Name": "title", "Alias": "t", "Startup Cost": 0.0, "Total Cost": 8.27, "Plan Rows": 1, "Plan Width": 21, "Index Cond": "(id = mc.movie_id)", "Filter": "(production_year > 2010)"}]}, {"Node Type": "Index Scan", "Parent Relationship": "Inner", "Scan Direction": "Forward", "Index Name": "movie_id_movie_info", "Relation Name": "movie_info", "Alias": "mi", "Startup Cost": 0.0, "Total Cost": 2.46, "Plan Rows": 1, "Plan Width": 8, "Index Cond": "(movie_id = t.id)", "Filter": "((info)::text = ANY ('{USA,America}'::text[]))"}]}, {"Node Type": "Index Only Scan", "Parent Relationship": "Inner", "Scan Direction": "Forward", "Index Name": "info_type_pkey", "Relation Name": "info_type", "Alias": "it", "Startup Cost": 0.0, "Total Cost": 0.27, "Plan Rows": 1, "Plan Width": 4, "Index Cond": "(id = mi.info_type_id)"}]}]}, "Unique SQL Id": 328306525, "Planner Runtime": 10}, "explain_analyze_plan": {"Plan": {"Node Type": "Aggregate", "Strategy": "Plain", "Startup Cost": 85308.81, "Total Cost": 85308.82, "Plan Rows": 1, "Plan Width": 49, "Actual Min Startup Time": 150.176, "Actual Max Startup Time": 150.176, "Actual Min Total Time": 150.176, "Actual Max Total Time": 150.176, "Plans": [{"Node Type": "Nested Loop", "Parent Relationship": "Outer", "Join Type": "Inner", "Startup Cost": 0.0, "Total Cost": 85308.75, "Plan Rows": 24, "Plan Width": 17, "Actual Min Startup Time": 150.168, "Actual Max Startup Time": 150.168, "Actual Min Total Time": 150.168, "Actual Max Total Time": 150.168, "Inner Unique": true, "Plans": [{"Node Type": "Nested Loop", "Parent Relationship": "Outer", "Join Type": "Inner", "Startup Cost": 0.0, "Total Cost": 85302.03, "Plan Rows": 24, "Plan Width": 21, "Actual Min Startup Time": 150.166, "Actual Max Startup Time": 150.166, "Actual Min Total Time": 150.166, "Actual Max Total Time": 150.166, "Inner Unique": false, "Plans": [{"Node Type": "Nested Loop", "Parent Relationship": "Outer", "Join Type": "Inner", "Startup Cost": 0.0, "Total Cost": 85223.04, "Plan Rows": 32, "Plan Width": 25, "Actual Min Startup Time": 150.164, "Actual Max Startup Time": 150.164, "Actual Min Total Time": 150.164, "Actual Max Total Time": 150.164, "Inner Unique": true, "Plans": [{"Node Type": "Nested Loop", "Parent Relationship": "Outer", "Join Type": "Inner", "Startup Cost": 0.0, "Total Cost": 84974.56, "Plan Rows": 30, "Plan Width": 4, "Actual Min Startup Time": 150.163, "Actual Max Startup Time": 150.163, "Actual Min Total Time": 150.163, "Actual Max Total Time": 150.163, "Inner Unique": true, "Plans": [{"Node Type": "Streaming(type: LOCAL GATHER dop: 1/16)", "Parent Relationship": "Outer", "Startup Cost": 0.0, "Total Cost": 84945.9, "Plan Rows": 59, "Plan Width": 8, "Actual Min Startup Time": 65.979, "Actual Max Startup Time": 65.979, "Actual Min Total Time": 148.726, "Actual Max Total Time": 148.726, "Plans": [{"Node Type": "Index Scan", "Parent Relationship": "Outer", "Scan Direction": "Forward", "Index Name": "company_type_id_movie_companies", "Relation Name": "movie_companies", "Alias": "mc", "Startup Cost": 0.0, "Total Cost": 84944.62, "Plan Rows": 59, "Plan Width": 8, "Actual Min Startup Time": 15.507, "Actual Max Startup Time": 89.813, "Actual Min Total Time": 87.022, "Actual Max Total Time": 133.298, "Filter": "(((note)::text ~~ '%(VHS)%'::text) AND ((note)::text ~~ '%(USA)%'::text) AND ((note)::text ~~ '%(1994)%'::text))", "Rows Removed by Filter": 2607710, "Actual Rows": 1418}], "Actual Rows": 1418}, {"Node Type": "Index Scan", "Parent Relationship": "Inner", "Scan Direction": "Forward", "Index Name": "company_type_pkey", "Relation Name": "company_type", "Alias": "ct", "Startup Cost": 0.0, "Total Cost": 0.48, "Plan Rows": 1, "Plan Width": 4, "Actual Min Startup Time": 0.884, "Actual Max Startup Time": 0.884, "Actual Min Total Time": 0.884, "Actual Max Total Time": 0.884, "Index Cond": "(id = mc.company_type_id)", "Rows Removed by Index Recheck": 0, "Filter": "((kind)::text = 'production companies'::text)", "Rows Removed by Filter": 0, "Actual Rows": 0}], "Actual Rows": 0}, {"Node Type": "Index Scan", "Parent Relationship": "Inner", "Scan Direction": "Forward", "Index Name": "title_pkey", "Relation Name": "title", "Alias": "t", "Startup Cost": 0.0, "Total Cost": 8.27, "Plan Rows": 1, "Plan Width": 21, "Actual Startup Time": 0.0, "Actual Total Time": 0.0, "Index Cond": "(id = mc.movie_id)", "Rows Removed by Index Recheck": 0, "Filter": "(production_year > 2010)", "Rows Removed by Filter": 0}], "Actual Rows": 0}, {"Node Type": "Index Scan", "Parent Relationship": "Inner", "Scan Direction": "Forward", "Index Name": "movie_id_movie_info", "Relation Name": "movie_info", "Alias": "mi", "Startup Cost": 0.0, "Total Cost": 2.46, "Plan Rows": 1, "Plan Width": 8, "Actual Startup Time": 0.0, "Actual Total Time": 0.0, "Index Cond": "(movie_id = t.id)", "Rows Removed by Index Recheck": 0, "Filter": "((info)::text = ANY ('{USA,America}'::text[]))", "Rows Removed by Filter": 0}], "Actual Rows": 0}, {"Node Type": "Index Only Scan", "Parent Relationship": "Inner", "Scan Direction": "Forward", "Index Name": "info_type_pkey", "Relation Name": "info_type", "Alias": "it", "Startup Cost": 0.0, "Total Cost": 0.27, "Plan Rows": 1, "Plan Width": 4, "Actual Startup Time": 0.0, "Actual Total Time": 0.0, "Index Cond": "(id = mi.info_type_id)", "Rows Removed by Index Recheck": 0, "Heap Fetches": 0}], "Actual Rows": 0}], "Actual Rows": 1}, "Triggers": [], "Planner Runtime": 9.777, "Total Runtime": 152.638, "Unique SQL Id": 328306525}}, "(16, '74')": {"explain_plan": {"Plan": {"Node Type": "Aggregate", "Strategy": "Plain", "Startup Cost": 98135.43, "Total Cost": 98135.44, "Plan Rows": 1, "Plan Width": 49, "Plans": [{"Node Type": "Hash Join", "Parent Relationship": "Outer", "Join Type": "Inner", "Startup Cost": 47432.9, "Total Cost": 98135.37, "Plan Rows": 24, "Plan Width": 17, "Inner Unique": true, "Hash Cond": "(mi.info_type_id = it.id)", "Plans": [{"Node Type": "Hash Join", "Parent Relationship": "Outer", "Join Type": "Inner", "Startup Cost": 47429.38, "Total Cost": 98131.52, "Plan Rows": 24, "Plan Width": 21, "Inner Unique": false, "Hash Cond": "(mi.movie_id = t.id)", "Plans": [{"Node Type": "Streaming(type: LOCAL GATHER dop: 1/16)", "Parent Relationship": "Outer", "Startup Cost": 0.0, "Total Cost": 48508.43, "Plan Rows": 584897, "Plan Width": 8, "Plans": [{"Node Type": "Seq Scan", "Parent Relationship": "Outer", "Relation Name": "movie_info", "Alias": "mi", "Startup Cost": 0.0, "Total Cost": 35885.16, "Plan Rows": 584897, "Plan Width": 8, "Filter": "((info)::text = ANY ('{USA,America}'::text[]))"}]}, {"Node Type": "Hash", "Parent Relationship": "Inner", "Startup Cost": 47428.98, "Total Cost": 47428.98, "Plan Rows": 32, "Plan Width": 25, "Plans": [{"Node Type": "Hash Join", "Parent Relationship": "Outer", "Join Type": "Inner", "Startup Cost": 18839.83, "Total Cost": 47428.98, "Plan Rows": 32, "Plan Width": 25, "Inner Unique": false, "Hash Cond": "(t.id = mc.movie_id)", "Plans": [{"Node Type": "Streaming(type: LOCAL GATHER dop: 1/16)", "Parent Relationship": "Outer", "Startup Cost": 0.0, "Total Cost": 27597.68, "Plan Rows": 391451, "Plan Width": 21, "Plans": [{"Node Type": "Seq Scan", "Parent Relationship": "Outer", "Relation Name": "title", "Alias": "t", "Startup Cost": 0.0, "Total Cost": 19149.37, "Plan Rows": 391451, "Plan Width": 21, "Filter": "(production_year > 2010), (LLVM Optimized)"}]}, {"Node Type": "Hash", "Parent Relationship": "Inner", "Startup Cost": 18839.45, "Total Cost": 18839.45, "Plan Rows": 30, "Plan Width": 4, "Plans": [{"Node Type": "Hash Join", "Parent Relationship": "Outer", "Join Type": "Inner", "Startup Cost": 1.05, "Total Cost": 18839.45, "Plan Rows": 30, "Plan Width": 4, "Inner Unique": true, "Hash Cond": "(mc.company_type_id = ct.id)", "Plans": [{"Node Type": "Streaming(type: LOCAL GATHER dop: 1/16)", "Parent Relationship": "Outer", "Startup Cost": 0.0, "Total Cost": 18837.88, "Plan Rows": 59, "Plan Width": 8, "Plans": [{"Node Type": "Seq Scan", "Parent Relationship": "Outer", "Relation Name": "movie_companies", "Alias": "mc", "Startup Cost": 0.0, "Total Cost": 18836.61, "Plan Rows": 59, "Plan Width": 8, "Filter": "(((note)::text ~~ '%(VHS)%'::text) AND ((note)::text ~~ '%(USA)%'::text) AND ((note)::text ~~ '%(1994)%'::text))"}]}, {"Node Type": "Hash", "Parent Relationship": "Inner", "Startup Cost": 1.04, "Total Cost": 1.04, "Plan Rows": 1, "Plan Width": 4, "Plans": [{"Node Type": "Seq Scan", "Parent Relationship": "Outer", "Relation Name": "company_type", "Alias": "ct", "Startup Cost": 0.0, "Total Cost": 1.04, "Plan Rows": 1, "Plan Width": 4, "Filter": "((kind)::text = 'production companies'::text)"}]}]}]}]}]}]}, {"Node Type": "Hash", "Parent Relationship": "Inner", "Startup Cost": 2.12, "Total Cost": 2.12, "Plan Rows": 112, "Plan Width": 4, "Plans": [{"Node Type": "Seq Scan", "Parent Relationship": "Outer", "Relation Name": "info_type", "Alias": "it", "Startup Cost": 0.0, "Total Cost": 2.12, "Plan Rows": 112, "Plan Width": 4}]}]}]}, "Unique SQL Id": 328306525, "Planner Runtime": 21}, "explain_analyze_plan": {"Plan": {"Node Type": "Aggregate", "Strategy": "Plain", "Startup Cost": 98135.43, "Total Cost": 98135.44, "Plan Rows": 1, "Plan Width": 49, "Actual Min Startup Time": 120.935, "Actual Max Startup Time": 120.935, "Actual Min Total Time": 120.937, "Actual Max Total Time": 120.937, "Plans": [{"Node Type": "Hash Join", "Parent Relationship": "Outer", "Join Type": "Inner", "Startup Cost": 47432.9, "Total Cost": 98135.37, "Plan Rows": 24, "Plan Width": 17, "Actual Min Startup Time": 120.925, "Actual Max Startup Time": 120.925, "Actual Min Total Time": 120.925, "Actual Max Total Time": 120.925, "Inner Unique": true, "Hash Cond": "(mi.info_type_id = it.id)", "Plans": [{"Node Type": "Hash Join", "Parent Relationship": "Outer", "Join Type": "Inner", "Startup Cost": 47429.38, "Total Cost": 98131.52, "Plan Rows": 24, "Plan Width": 21, "Actual Min Startup Time": 120.748, "Actual Max Startup Time": 120.748, "Actual Min Total Time": 120.748, "Actual Max Total Time": 120.748, "Inner Unique": false, "Hash Cond": "(mi.movie_id = t.id)", "Plans": [{"Node Type": "Streaming(type: LOCAL GATHER dop: 1/16)", "Parent Relationship": "Outer", "Startup Cost": 0.0, "Total Cost": 48508.43, "Plan Rows": 584897, "Plan Width": 8, "Actual Startup Time": 0.0, "Actual Total Time": 0.0, "Plans": [{"Node Type": "Seq Scan", "Parent Relationship": "Outer", "Relation Name": "movie_info", "Alias": "mi", "Startup Cost": 0.0, "Total Cost": 35885.16, "Plan Rows": 584897, "Plan Width": 8, "Actual Min Startup Time": 24.519, "Actual Max Startup Time": 33.514, "Actual Min Total Time": 35.256, "Actual Max Total Time": 42.847, "Filter": "((info)::text = ANY ('{USA,America}'::text[]))", "Rows Removed by Filter": 1491212, "Actual Rows": 1616}]}, {"Node Type": "Hash", "Parent Relationship": "Inner", "Startup Cost": 47428.98, "Total Cost": 47428.98, "Plan Rows": 32, "Plan Width": 25, "Actual Min Startup Time": 120.645, "Actual Max Startup Time": 120.645, "Actual Min Total Time": 120.645, "Actual Max Total Time": 120.645, "Max Hash Buckets": 32768, "Min Hash Buckets": 32768, "Max Hash Batches": 1, "Min Hash Batches": 1, "Max Original Hash Batches": 1, "Min Original Hash Batches": 1, "Max Peak Memory Usage": 0, "min Peak Memory Usage": 0, "Plans": [{"Node Type": "Hash Join", "Parent Relationship": "Outer", "Join Type": "Inner", "Startup Cost": 18839.83, "Total Cost": 47428.98, "Plan Rows": 32, "Plan Width": 25, "Actual Min Startup Time": 120.643, "Actual Max Startup Time": 120.643, "Actual Min Total Time": 120.643, "Actual Max Total Time": 120.643, "Inner Unique": false, "Hash Cond": "(t.id = mc.movie_id)", "Plans": [{"Node Type": "Streaming(type: LOCAL GATHER dop: 1/16)", "Parent Relationship": "Outer", "Startup Cost": 0.0, "Total Cost": 27597.68, "Plan Rows": 391451, "Plan Width": 21, "Actual Startup Time": 0.0, "Actual Total Time": 0.0, "Plans": [{"Node Type": "Seq Scan", "Parent Relationship": "Outer", "Relation Name": "title", "Alias": "t", "Startup Cost": 0.0, "Total Cost": 19149.37, "Plan Rows": 391451, "Plan Width": 21, "Actual Min Startup Time": 0.025, "Actual Max Startup Time": 0.049, "Actual Min Total Time": 0.221, "Actual Max Total Time": 0.273, "Filter": "(production_year > 2010), (LLVM Optimized)", "Rows Removed by Filter": 7486, "Actual Rows": 1616}]}, {"Node Type": "Hash", "Parent Relationship": "Inner", "Startup Cost": 18839.45, "Total Cost": 18839.45, "Plan Rows": 30, "Plan Width": 4, "Actual Min Startup Time": 120.491, "Actual Max Startup Time": 120.491, "Actual Min Total Time": 120.491, "Actual Max Total Time": 120.491, "Max Hash Buckets": 32768, "Min Hash Buckets": 32768, "Max Hash Batches": 1, "Min Hash Batches": 1, "Max Original Hash Batches": 1, "Min Original Hash Batches": 1, "Max Peak Memory Usage": 0, "min Peak Memory Usage": 0, "Plans": [{"Node Type": "Hash Join", "Parent Relationship": "Outer", "Join Type": "Inner", "Startup Cost": 1.05, "Total Cost": 18839.45, "Plan Rows": 30, "Plan Width": 4, "Actual Min Startup Time": 120.488, "Actual Max Startup Time": 120.488, "Actual Min Total Time": 120.488, "Actual Max Total Time": 120.488, "Inner Unique": true, "Hash Cond": "(mc.company_type_id = ct.id)", "Plans": [{"Node Type": "Streaming(type: LOCAL GATHER dop: 1/16)", "Parent Relationship": "Outer", "Startup Cost": 0.0, "Total Cost": 18837.88, "Plan Rows": 59, "Plan Width": 8, "Actual Min Startup Time": 74.165, "Actual Max Startup Time": 74.165, "Actual Min Total Time": 120.116, "Actual Max Total Time": 120.116, "Plans": [{"Node Type": "Seq Scan", "Parent Relationship": "Outer", "Relation Name": "movie_companies", "Alias": "mc", "Startup Cost": 0.0, "Total Cost": 18836.61, "Plan Rows": 59, "Plan Width": 8, "Actual Min Startup Time": 1.014, "Actual Max Startup Time": 12.314, "Actual Min Total Time": 54.55, "Actual Max Total Time": 60.913, "Filter": "(((note)::text ~~ '%(VHS)%'::text) AND ((note)::text ~~ '%(USA)%'::text) AND ((note)::text ~~ '%(1994)%'::text))", "Rows Removed by Filter": 2607710, "Actual Rows": 1418}], "Actual Rows": 1418}, {"Node Type": "Hash", "Parent Relationship": "Inner", "Startup Cost": 1.04, "Total Cost": 1.04, "Plan Rows": 1, "Plan Width": 4, "Actual Min Startup Time": 0.03, "Actual Max Startup Time": 0.03, "Actual Min Total Time": 0.03, "Actual Max Total Time": 0.03, "Max Hash Buckets": 32768, "Min Hash Buckets": 32768, "Max Hash Batches": 1, "Min Hash Batches": 1, "Max Original Hash Batches": 1, "Min Original Hash Batches": 1, "Max Peak Memory Usage": 1, "min Peak Memory Usage": 1, "Plans": [{"Node Type": "Seq Scan", "Parent Relationship": "Outer", "Relation Name": "company_type", "Alias": "ct", "Startup Cost": 0.0, "Total Cost": 1.04, "Plan Rows": 1, "Plan Width": 4, "Actual Min Startup Time": 0.026, "Actual Max Startup Time": 0.026, "Actual Min Total Time": 0.027, "Actual Max Total Time": 0.027, "Filter": "((kind)::text = 'production companies'::text)", "Rows Removed by Filter": 2, "Actual Rows": 1}], "Actual Rows": 1}], "Actual Rows": 0}], "Actual Rows": 0}], "Actual Rows": 0}], "Actual Rows": 0}], "Actual Rows": 0}, {"Node Type": "Hash", "Parent Relationship": "Inner", "Startup Cost": 2.12, "Total Cost": 2.12, "Plan Rows": 112, "Plan Width": 4, "Actual Min Startup Time": 0.111, "Actual Max Startup Time": 0.111, "Actual Min Total Time": 0.111, "Actual Max Total Time": 0.111, "Max Hash Buckets": 32768, "Min Hash Buckets": 32768, "Max Hash Batches": 1, "Min Hash Batches": 1, "Max Original Hash Batches": 1, "Min Original Hash Batches": 1, "Max Peak Memory Usage": 4, "min Peak Memory Usage": 4, "Plans": [{"Node Type": "Seq Scan", "Parent Relationship": "Outer", "Relation Name": "info_type", "Alias": "it", "Startup Cost": 0.0, "Total Cost": 2.12, "Plan Rows": 112, "Plan Width": 4, "Actual Min Startup Time": 0.041, "Actual Max Startup Time": 0.041, "Actual Min Total Time": 0.062, "Actual Max Total Time": 0.062, "Actual Rows": 112}], "Actual Rows": 112}], "Actual Rows": 0}], "Actual Rows": 1}, "Triggers": [], "Planner Runtime": 21.919, "Total Runtime": 137.49, "Unique SQL Id": 328306525}}, "(16, '75')": {"explain_plan": {"Plan": {"Node Type": "Aggregate", "Strategy": "Plain", "Startup Cost": 4999003667751.02, "Total Cost": 4999003667751.03, "Plan Rows": 1, "Plan Width": 49, "Plans": [{"Node Type": "Hash Join", "Parent Relationship": "Outer", "Join Type": "Inner", "Startup Cost": 2030025293043.82, "Total Cost": 4999003667750.96, "Plan Rows": 24, "Plan Width": 17, "Inner Unique": true, "Hash Cond": "(mi.info_type_id = it.id)", "Plans": [{"Node Type": "Hash Join", "Parent Relationship": "Outer", "Join Type": "Inner", "Startup Cost": 1030025292049.42, "Total Cost": 3999003666756.24, "Plan Rows": 24, "Plan Width": 21, "Inner Unique": true, "Hash Cond": "(mc.company_type_id = ct.id)", "Plans": [{"Node Type": "Merge Join", "Parent Relationship": "Outer", "Join Type": "Inner", "Startup Cost": 30025290819.16, "Total Cost": 2999003665525.61, "Plan Rows": 49, "Plan Width": 25, "Inner Unique": true, "Merge Cond": "(mi.movie_id = t.id)", "Plans": [{"Node Type": "Merge Join", "Parent Relationship": "Outer", "Join Type": "Inner", "Startup Cost": 20000000000.0, "Total Cost": 1999692576110.4, "Plan Rows": 66, "Plan Width": 16, "Inner Unique": false, "Merge Cond": "(mc.movie_id = mi.movie_id)", "Plans": [{"Node Type": "Index Scan", "Parent Relationship": "Outer", "Scan Direction": "Forward", "Index Name": "movie_id_movie_companies", "Relation Name": "movie_companies", "Alias": "mc", "Startup Cost": 10000000000.0, "Total Cost": 1000015008792.13, "Plan Rows": 59, "Plan Width": 8, "Filter": "(((note)::text ~~ '%(VHS)%'::text) AND ((note)::text ~~ '%(USA)%'::text) AND ((note)::text ~~ '%(1994)%'::text))"}, {"Node Type": "Index Scan", "Parent Relationship": "Inner", "Scan Direction": "Forward", "Index Name": "movie_id_movie_info", "Relation Name": "movie_info", "Alias": "mi", "Startup Cost": 10000000000.0, "Total Cost": 1000107534403.72, "Plan Rows": 584897, "Plan Width": 8, "Filter": "((info)::text = ANY ('{USA,America}'::text[]))"}]}, {"Node Type": "Index Scan", "Parent Relationship": "Inner", "Scan Direction": "Forward", "Index Name": "title_pkey", "Relation Name": "title", "Alias": "t", "Startup Cost": 10000000000.0, "Total Cost": 1000011644126.66, "Plan Rows": 391451, "Plan Width": 21, "Filter": "(production_year > 2010), (LLVM Optimized)"}]}, {"Node Type": "Hash", "Parent Relationship": "Inner", "Startup Cost": 1000000001230.25, "Total Cost": 1000000001230.25, "Plan Rows": 1, "Plan Width": 4, "Plans": [{"Node Type": "Index Scan", "Parent Relationship": "Outer", "Scan Direction": "Forward", "Index Name": "company_type_pkey", "Relation Name": "company_type", "Alias": "ct", "Startup Cost": 10000000000.0, "Total Cost": 1000000001230.25, "Plan Rows": 1, "Plan Width": 4, "Filter": "((kind)::text = 'production companies'::text)"}]}]}, {"Node Type": "Hash", "Parent Relationship": "Inner", "Startup Cost": 1000000000993.0, "Total Cost": 1000000000993.0, "Plan Rows": 112, "Plan Width": 4, "Plans": [{"Node Type": "Index Only Scan", "Parent Relationship": "Outer", "Scan Direction": "Forward", "Index Name": "info_type_pkey", "Relation Name": "info_type", "Alias": "it", "Startup Cost": 10000000000.0, "Total Cost": 1000000000993.0, "Plan Rows": 112, "Plan Width": 4}]}]}]}, "Unique SQL Id": 328306525, "Planner Runtime": 17}, "explain_analyze_plan": null}, "(16, '76')": {"explain_plan": {"Plan": {"Node Type": "Aggregate", "Strategy": "Plain", "Startup Cost": 19200.79, "Total Cost": 19200.8, "Plan Rows": 1, "Plan Width": 49, "Plans": [{"Node Type": "Nested Loop", "Parent Relationship": "Outer", "Join Type": "Inner", "Startup Cost": 0.0, "Total Cost": 19200.73, "Plan Rows": 24, "Plan Width": 17, "Inner Unique": true, "Plans": [{"Node Type": "Nested Loop", "Parent Relationship": "Outer", "Join Type": "Inner", "Startup Cost": 0.0, "Total Cost": 19194.01, "Plan Rows": 24, "Plan Width": 21, "Inner Unique": false, "Plans": [{"Node Type": "Nested Loop", "Parent Relationship": "Outer", "Join Type": "Inner", "Startup Cost": 0.0, "Total Cost": 19115.02, "Plan Rows": 32, "Plan Width": 25, "Inner Unique": true, "Plans": [{"Node Type": "Nested Loop", "Parent Relationship": "Outer", "Join Type": "Inner", "Startup Cost": 0.0, "Total Cost": 18866.55, "Plan Rows": 30, "Plan Width": 4, "Inner Unique": true, "Plans": [{"Node Type": "Streaming(type: LOCAL GATHER dop: 1/16)", "Parent Relationship": "Outer", "Startup Cost": 0.0, "Total Cost": 18837.88, "Plan Rows": 59, "Plan Width": 8, "Plans": [{"Node Type": "Seq Scan", "Parent Relationship": "Outer", "Relation Name": "movie_companies", "Alias": "mc", "Startup Cost": 0.0, "Total Cost": 18836.61, "Plan Rows": 59, "Plan Width": 8, "Filter": "(((note)::text ~~ '%(VHS)%'::text) AND ((note)::text ~~ '%(USA)%'::text) AND ((note)::text ~~ '%(1994)%'::text))"}]}, {"Node Type": "Index Scan", "Parent Relationship": "Inner", "Scan Direction": "Forward", "Index Name": "company_type_pkey", "Relation Name": "company_type", "Alias": "ct", "Startup Cost": 0.0, "Total Cost": 0.48, "Plan Rows": 1, "Plan Width": 4, "Index Cond": "(id = mc.company_type_id)", "Filter": "((kind)::text = 'production companies'::text)"}]}, {"Node Type": "Index Scan", "Parent Relationship": "Inner", "Scan Direction": "Forward", "Index Name": "title_pkey", "Relation Name": "title", "Alias": "t", "Startup Cost": 0.0, "Total Cost": 8.27, "Plan Rows": 1, "Plan Width": 21, "Index Cond": "(id = mc.movie_id)", "Filter": "(production_year > 2010)"}]}, {"Node Type": "Index Scan", "Parent Relationship": "Inner", "Scan Direction": "Forward", "Index Name": "movie_id_movie_info", "Relation Name": "movie_info", "Alias": "mi", "Startup Cost": 0.0, "Total Cost": 2.46, "Plan Rows": 1, "Plan Width": 8, "Index Cond": "(movie_id = t.id)", "Filter": "((info)::text = ANY ('{USA,America}'::text[]))"}]}, {"Node Type": "Index Scan", "Parent Relationship": "Inner", "Scan Direction": "Forward", "Index Name": "info_type_pkey", "Relation Name": "info_type", "Alias": "it", "Startup Cost": 0.0, "Total Cost": 0.27, "Plan Rows": 1, "Plan Width": 4, "Index Cond": "(id = mi.info_type_id)"}]}]}, "Unique SQL Id": 328306525, "Planner Runtime": 10}, "explain_analyze_plan": {"Plan": {"Node Type": "Aggregate", "Strategy": "Plain", "Startup Cost": 19200.79, "Total Cost": 19200.8, "Plan Rows": 1, "Plan Width": 49, "Actual Min Startup Time": 81.545, "Actual Max Startup Time": 81.545, "Actual Min Total Time": 81.545, "Actual Max Total Time": 81.545, "Plans": [{"Node Type": "Nested Loop", "Parent Relationship": "Outer", "Join Type": "Inner", "Startup Cost": 0.0, "Total Cost": 19200.73, "Plan Rows": 24, "Plan Width": 17, "Actual Min Startup Time": 81.534, "Actual Max Startup Time": 81.534, "Actual Min Total Time": 81.534, "Actual Max Total Time": 81.534, "Inner Unique": true, "Plans": [{"Node Type": "Nested Loop", "Parent Relationship": "Outer", "Join Type": "Inner", "Startup Cost": 0.0, "Total Cost": 19194.01, "Plan Rows": 24, "Plan Width": 21, "Actual Min Startup Time": 81.532, "Actual Max Startup Time": 81.532, "Actual Min Total Time": 81.532, "Actual Max Total Time": 81.532, "Inner Unique": false, "Plans": [{"Node Type": "Nested Loop", "Parent Relationship": "Outer", "Join Type": "Inner", "Startup Cost": 0.0, "Total Cost": 19115.02, "Plan Rows": 32, "Plan Width": 25, "Actual Min Startup Time": 81.53, "Actual Max Startup Time": 81.53, "Actual Min Total Time": 81.53, "Actual Max Total Time": 81.53, "Inner Unique": true, "Plans": [{"Node Type": "Nested Loop", "Parent Relationship": "Outer", "Join Type": "Inner", "Startup Cost": 0.0, "Total Cost": 18866.55, "Plan Rows": 30, "Plan Width": 4, "Actual Min Startup Time": 81.529, "Actual Max Startup Time": 81.529, "Actual Min Total Time": 81.529, "Actual Max Total Time": 81.529, "Inner Unique": true, "Plans": [{"Node Type": "Streaming(type: LOCAL GATHER dop: 1/16)", "Parent Relationship": "Outer", "Startup Cost": 0.0, "Total Cost": 18837.88, "Plan Rows": 59, "Plan Width": 8, "Actual Min Startup Time": 45.015, "Actual Max Startup Time": 45.015, "Actual Min Total Time": 80.158, "Actual Max Total Time": 80.158, "Plans": [{"Node Type": "Seq Scan", "Parent Relationship": "Outer", "Relation Name": "movie_companies", "Alias": "mc", "Startup Cost": 0.0, "Total Cost": 18836.61, "Plan Rows": 59, "Plan Width": 8, "Actual Min Startup Time": 1.006, "Actual Max Startup Time": 12.191, "Actual Min Total Time": 54.289, "Actual Max Total Time": 60.814, "Filter": "(((note)::text ~~ '%(VHS)%'::text) AND ((note)::text ~~ '%(USA)%'::text) AND ((note)::text ~~ '%(1994)%'::text))", "Rows Removed by Filter": 2607710, "Actual Rows": 1418}], "Actual Rows": 1418}, {"Node Type": "Index Scan", "Parent Relationship": "Inner", "Scan Direction": "Forward", "Index Name": "company_type_pkey", "Relation Name": "company_type", "Alias": "ct", "Startup Cost": 0.0, "Total Cost": 0.48, "Plan Rows": 1, "Plan Width": 4, "Actual Min Startup Time": 0.849, "Actual Max Startup Time": 0.849, "Actual Min Total Time": 0.849, "Actual Max Total Time": 0.849, "Index Cond": "(id = mc.company_type_id)", "Rows Removed by Index Recheck": 0, "Filter": "((kind)::text = 'production companies'::text)", "Rows Removed by Filter": 0, "Actual Rows": 0}], "Actual Rows": 0}, {"Node Type": "Index Scan", "Parent Relationship": "Inner", "Scan Direction": "Forward", "Index Name": "title_pkey", "Relation Name": "title", "Alias": "t", "Startup Cost": 0.0, "Total Cost": 8.27, "Plan Rows": 1, "Plan Width": 21, "Actual Startup Time": 0.0, "Actual Total Time": 0.0, "Index Cond": "(id = mc.movie_id)", "Rows Removed by Index Recheck": 0, "Filter": "(production_year > 2010)", "Rows Removed by Filter": 0}], "Actual Rows": 0}, {"Node Type": "Index Scan", "Parent Relationship": "Inner", "Scan Direction": "Forward", "Index Name": "movie_id_movie_info", "Relation Name": "movie_info", "Alias": "mi", "Startup Cost": 0.0, "Total Cost": 2.46, "Plan Rows": 1, "Plan Width": 8, "Actual Startup Time": 0.0, "Actual Total Time": 0.0, "Index Cond": "(movie_id = t.id)", "Rows Removed by Index Recheck": 0, "Filter": "((info)::text = ANY ('{USA,America}'::text[]))", "Rows Removed by Filter": 0}], "Actual Rows": 0}, {"Node Type": "Index Scan", "Parent Relationship": "Inner", "Scan Direction": "Forward", "Index Name": "info_type_pkey", "Relation Name": "info_type", "Alias": "it", "Startup Cost": 0.0, "Total Cost": 0.27, "Plan Rows": 1, "Plan Width": 4, "Actual Startup Time": 0.0, "Actual Total Time": 0.0, "Index Cond": "(id = mi.info_type_id)", "Rows Removed by Index Recheck": 0}], "Actual Rows": 0}], "Actual Rows": 1}, "Triggers": [], "Planner Runtime": 10.135, "Total Runtime": 84.05, "Unique SQL Id": 328306525}}, "(16, '77')": {"explain_plan": {"Plan": {"Node Type": "Aggregate", "Strategy": "Plain", "Startup Cost": 85308.81, "Total Cost": 85308.82, "Plan Rows": 1, "Plan Width": 49, "Plans": [{"Node Type": "Nested Loop", "Parent Relationship": "Outer", "Join Type": "Inner", "Startup Cost": 0.0, "Total Cost": 85308.75, "Plan Rows": 24, "Plan Width": 17, "Inner Unique": true, "Plans": [{"Node Type": "Nested Loop", "Parent Relationship": "Outer", "Join Type": "Inner", "Startup Cost": 0.0, "Total Cost": 85302.03, "Plan Rows": 24, "Plan Width": 21, "Inner Unique": false, "Plans": [{"Node Type": "Nested Loop", "Parent Relationship": "Outer", "Join Type": "Inner", "Startup Cost": 0.0, "Total Cost": 85223.04, "Plan Rows": 32, "Plan Width": 25, "Inner Unique": true, "Plans": [{"Node Type": "Nested Loop", "Parent Relationship": "Outer", "Join Type": "Inner", "Startup Cost": 0.0, "Total Cost": 84974.56, "Plan Rows": 30, "Plan Width": 4, "Inner Unique": true, "Plans": [{"Node Type": "Streaming(type: LOCAL GATHER dop: 1/16)", "Parent Relationship": "Outer", "Startup Cost": 0.0, "Total Cost": 84945.9, "Plan Rows": 59, "Plan Width": 8, "Plans": [{"Node Type": "Index Scan", "Parent Relationship": "Outer", "Scan Direction": "Forward", "Index Name": "company_type_id_movie_companies", "Relation Name": "movie_companies", "Alias": "mc", "Startup Cost": 0.0, "Total Cost": 84944.62, "Plan Rows": 59, "Plan Width": 8, "Filter": "(((note)::text ~~ '%(VHS)%'::text) AND ((note)::text ~~ '%(USA)%'::text) AND ((note)::text ~~ '%(1994)%'::text))"}]}, {"Node Type": "Index Scan", "Parent Relationship": "Inner", "Scan Direction": "Forward", "Index Name": "company_type_pkey", "Relation Name": "company_type", "Alias": "ct", "Startup Cost": 0.0, "Total Cost": 0.48, "Plan Rows": 1, "Plan Width": 4, "Index Cond": "(id = mc.company_type_id)", "Filter": "((kind)::text = 'production companies'::text)"}]}, {"Node Type": "Index Scan", "Parent Relationship": "Inner", "Scan Direction": "Forward", "Index Name": "title_pkey", "Relation Name": "title", "Alias": "t", "Startup Cost": 0.0, "Total Cost": 8.27, "Plan Rows": 1, "Plan Width": 21, "Index Cond": "(id = mc.movie_id)", "Filter": "(production_year > 2010)"}]}, {"Node Type": "Index Scan", "Parent Relationship": "Inner", "Scan Direction": "Forward", "Index Name": "movie_id_movie_info", "Relation Name": "movie_info", "Alias": "mi", "Startup Cost": 0.0, "Total Cost": 2.46, "Plan Rows": 1, "Plan Width": 8, "Index Cond": "(movie_id = t.id)", "Filter": "((info)::text = ANY ('{USA,America}'::text[]))"}]}, {"Node Type": "Index Scan", "Parent Relationship": "Inner", "Scan Direction": "Forward", "Index Name": "info_type_pkey", "Relation Name": "info_type", "Alias": "it", "Startup Cost": 0.0, "Total Cost": 0.27, "Plan Rows": 1, "Plan Width": 4, "Index Cond": "(id = mi.info_type_id)"}]}]}, "Unique SQL Id": 328306525, "Planner Runtime": 10}, "explain_analyze_plan": {"Plan": {"Node Type": "Aggregate", "Strategy": "Plain", "Startup Cost": 85308.81, "Total Cost": 85308.82, "Plan Rows": 1, "Plan Width": 49, "Actual Min Startup Time": 150.244, "Actual Max Startup Time": 150.244, "Actual Min Total Time": 150.245, "Actual Max Total Time": 150.245, "Plans": [{"Node Type": "Nested Loop", "Parent Relationship": "Outer", "Join Type": "Inner", "Startup Cost": 0.0, "Total Cost": 85308.75, "Plan Rows": 24, "Plan Width": 17, "Actual Min Startup Time": 150.235, "Actual Max Startup Time": 150.235, "Actual Min Total Time": 150.235, "Actual Max Total Time": 150.235, "Inner Unique": true, "Plans": [{"Node Type": "Nested Loop", "Parent Relationship": "Outer", "Join Type": "Inner", "Startup Cost": 0.0, "Total Cost": 85302.03, "Plan Rows": 24, "Plan Width": 21, "Actual Min Startup Time": 150.233, "Actual Max Startup Time": 150.233, "Actual Min Total Time": 150.233, "Actual Max Total Time": 150.233, "Inner Unique": false, "Plans": [{"Node Type": "Nested Loop", "Parent Relationship": "Outer", "Join Type": "Inner", "Startup Cost": 0.0, "Total Cost": 85223.04, "Plan Rows": 32, "Plan Width": 25, "Actual Min Startup Time": 150.231, "Actual Max Startup Time": 150.231, "Actual Min Total Time": 150.231, "Actual Max Total Time": 150.231, "Inner Unique": true, "Plans": [{"Node Type": "Nested Loop", "Parent Relationship": "Outer", "Join Type": "Inner", "Startup Cost": 0.0, "Total Cost": 84974.56, "Plan Rows": 30, "Plan Width": 4, "Actual Min Startup Time": 150.23, "Actual Max Startup Time": 150.23, "Actual Min Total Time": 150.23, "Actual Max Total Time": 150.23, "Inner Unique": true, "Plans": [{"Node Type": "Streaming(type: LOCAL GATHER dop: 1/16)", "Parent Relationship": "Outer", "Startup Cost": 0.0, "Total Cost": 84945.9, "Plan Rows": 59, "Plan Width": 8, "Actual Min Startup Time": 66.075, "Actual Max Startup Time": 66.075, "Actual Min Total Time": 148.824, "Actual Max Total Time": 148.824, "Plans": [{"Node Type": "Index Scan", "Parent Relationship": "Outer", "Scan Direction": "Forward", "Index Name": "company_type_id_movie_companies", "Relation Name": "movie_companies", "Alias": "mc", "Startup Cost": 0.0, "Total Cost": 84944.62, "Plan Rows": 59, "Plan Width": 8, "Actual Min Startup Time": 16.495, "Actual Max Startup Time": 89.017, "Actual Min Total Time": 87.219, "Actual Max Total Time": 133.431, "Filter": "(((note)::text ~~ '%(VHS)%'::text) AND ((note)::text ~~ '%(USA)%'::text) AND ((note)::text ~~ '%(1994)%'::text))", "Rows Removed by Filter": 2607710, "Actual Rows": 1418}], "Actual Rows": 1418}, {"Node Type": "Index Scan", "Parent Relationship": "Inner", "Scan Direction": "Forward", "Index Name": "company_type_pkey", "Relation Name": "company_type", "Alias": "ct", "Startup Cost": 0.0, "Total Cost": 0.48, "Plan Rows": 1, "Plan Width": 4, "Actual Min Startup Time": 0.826, "Actual Max Startup Time": 0.826, "Actual Min Total Time": 0.826, "Actual Max Total Time": 0.826, "Index Cond": "(id = mc.company_type_id)", "Rows Removed by Index Recheck": 0, "Filter": "((kind)::text = 'production companies'::text)", "Rows Removed by Filter": 0, "Actual Rows": 0}], "Actual Rows": 0}, {"Node Type": "Index Scan", "Parent Relationship": "Inner", "Scan Direction": "Forward", "Index Name": "title_pkey", "Relation Name": "title", "Alias": "t", "Startup Cost": 0.0, "Total Cost": 8.27, "Plan Rows": 1, "Plan Width": 21, "Actual Startup Time": 0.0, "Actual Total Time": 0.0, "Index Cond": "(id = mc.movie_id)", "Rows Removed by Index Recheck": 0, "Filter": "(production_year > 2010)", "Rows Removed by Filter": 0}], "Actual Rows": 0}, {"Node Type": "Index Scan", "Parent Relationship": "Inner", "Scan Direction": "Forward", "Index Name": "movie_id_movie_info", "Relation Name": "movie_info", "Alias": "mi", "Startup Cost": 0.0, "Total Cost": 2.46, "Plan Rows": 1, "Plan Width": 8, "Actual Startup Time": 0.0, "Actual Total Time": 0.0, "Index Cond": "(movie_id = t.id)", "Rows Removed by Index Recheck": 0, "Filter": "((info)::text = ANY ('{USA,America}'::text[]))", "Rows Removed by Filter": 0}], "Actual Rows": 0}, {"Node Type": "Index Scan", "Parent Relationship": "Inner", "Scan Direction": "Forward", "Index Name": "info_type_pkey", "Relation Name": "info_type", "Alias": "it", "Startup Cost": 0.0, "Total Cost": 0.27, "Plan Rows": 1, "Plan Width": 4, "Actual Startup Time": 0.0, "Actual Total Time": 0.0, "Index Cond": "(id = mi.info_type_id)", "Rows Removed by Index Recheck": 0}], "Actual Rows": 0}], "Actual Rows": 1}, "Triggers": [], "Planner Runtime": 9.809, "Total Runtime": 152.728, "Unique SQL Id": 328306525}}, "(16, '78')": {"explain_plan": {"Plan": {"Node Type": "Aggregate", "Strategy": "Plain", "Startup Cost": 98135.43, "Total Cost": 98135.44, "Plan Rows": 1, "Plan Width": 49, "Plans": [{"Node Type": "Hash Join", "Parent Relationship": "Outer", "Join Type": "Inner", "Startup Cost": 47432.9, "Total Cost": 98135.37, "Plan Rows": 24, "Plan Width": 17, "Inner Unique": true, "Hash Cond": "(mi.info_type_id = it.id)", "Plans": [{"Node Type": "Hash Join", "Parent Relationship": "Outer", "Join Type": "Inner", "Startup Cost": 47429.38, "Total Cost": 98131.52, "Plan Rows": 24, "Plan Width": 21, "Inner Unique": false, "Hash Cond": "(mi.movie_id = t.id)", "Plans": [{"Node Type": "Streaming(type: LOCAL GATHER dop: 1/16)", "Parent Relationship": "Outer", "Startup Cost": 0.0, "Total Cost": 48508.43, "Plan Rows": 584897, "Plan Width": 8, "Plans": [{"Node Type": "Seq Scan", "Parent Relationship": "Outer", "Relation Name": "movie_info", "Alias": "mi", "Startup Cost": 0.0, "Total Cost": 35885.16, "Plan Rows": 584897, "Plan Width": 8, "Filter": "((info)::text = ANY ('{USA,America}'::text[]))"}]}, {"Node Type": "Hash", "Parent Relationship": "Inner", "Startup Cost": 47428.98, "Total Cost": 47428.98, "Plan Rows": 32, "Plan Width": 25, "Plans": [{"Node Type": "Hash Join", "Parent Relationship": "Outer", "Join Type": "Inner", "Startup Cost": 18839.83, "Total Cost": 47428.98, "Plan Rows": 32, "Plan Width": 25, "Inner Unique": false, "Hash Cond": "(t.id = mc.movie_id)", "Plans": [{"Node Type": "Streaming(type: LOCAL GATHER dop: 1/16)", "Parent Relationship": "Outer", "Startup Cost": 0.0, "Total Cost": 27597.68, "Plan Rows": 391451, "Plan Width": 21, "Plans": [{"Node Type": "Seq Scan", "Parent Relationship": "Outer", "Relation Name": "title", "Alias": "t", "Startup Cost": 0.0, "Total Cost": 19149.37, "Plan Rows": 391451, "Plan Width": 21, "Filter": "(production_year > 2010), (LLVM Optimized)"}]}, {"Node Type": "Hash", "Parent Relationship": "Inner", "Startup Cost": 18839.45, "Total Cost": 18839.45, "Plan Rows": 30, "Plan Width": 4, "Plans": [{"Node Type": "Hash Join", "Parent Relationship": "Outer", "Join Type": "Inner", "Startup Cost": 1.05, "Total Cost": 18839.45, "Plan Rows": 30, "Plan Width": 4, "Inner Unique": true, "Hash Cond": "(mc.company_type_id = ct.id)", "Plans": [{"Node Type": "Streaming(type: LOCAL GATHER dop: 1/16)", "Parent Relationship": "Outer", "Startup Cost": 0.0, "Total Cost": 18837.88, "Plan Rows": 59, "Plan Width": 8, "Plans": [{"Node Type": "Seq Scan", "Parent Relationship": "Outer", "Relation Name": "movie_companies", "Alias": "mc", "Startup Cost": 0.0, "Total Cost": 18836.61, "Plan Rows": 59, "Plan Width": 8, "Filter": "(((note)::text ~~ '%(VHS)%'::text) AND ((note)::text ~~ '%(USA)%'::text) AND ((note)::text ~~ '%(1994)%'::text))"}]}, {"Node Type": "Hash", "Parent Relationship": "Inner", "Startup Cost": 1.04, "Total Cost": 1.04, "Plan Rows": 1, "Plan Width": 4, "Plans": [{"Node Type": "Seq Scan", "Parent Relationship": "Outer", "Relation Name": "company_type", "Alias": "ct", "Startup Cost": 0.0, "Total Cost": 1.04, "Plan Rows": 1, "Plan Width": 4, "Filter": "((kind)::text = 'production companies'::text)"}]}]}]}]}]}]}, {"Node Type": "Hash", "Parent Relationship": "Inner", "Startup Cost": 2.12, "Total Cost": 2.12, "Plan Rows": 112, "Plan Width": 4, "Plans": [{"Node Type": "Seq Scan", "Parent Relationship": "Outer", "Relation Name": "info_type", "Alias": "it", "Startup Cost": 0.0, "Total Cost": 2.12, "Plan Rows": 112, "Plan Width": 4}]}]}]}, "Unique SQL Id": 328306525, "Planner Runtime": 21}, "explain_analyze_plan": {"Plan": {"Node Type": "Aggregate", "Strategy": "Plain", "Startup Cost": 98135.43, "Total Cost": 98135.44, "Plan Rows": 1, "Plan Width": 49, "Actual Min Startup Time": 120.935, "Actual Max Startup Time": 120.935, "Actual Min Total Time": 120.937, "Actual Max Total Time": 120.937, "Plans": [{"Node Type": "Hash Join", "Parent Relationship": "Outer", "Join Type": "Inner", "Startup Cost": 47432.9, "Total Cost": 98135.37, "Plan Rows": 24, "Plan Width": 17, "Actual Min Startup Time": 120.925, "Actual Max Startup Time": 120.925, "Actual Min Total Time": 120.925, "Actual Max Total Time": 120.925, "Inner Unique": true, "Hash Cond": "(mi.info_type_id = it.id)", "Plans": [{"Node Type": "Hash Join", "Parent Relationship": "Outer", "Join Type": "Inner", "Startup Cost": 47429.38, "Total Cost": 98131.52, "Plan Rows": 24, "Plan Width": 21, "Actual Min Startup Time": 120.748, "Actual Max Startup Time": 120.748, "Actual Min Total Time": 120.748, "Actual Max Total Time": 120.748, "Inner Unique": false, "Hash Cond": "(mi.movie_id = t.id)", "Plans": [{"Node Type": "Streaming(type: LOCAL GATHER dop: 1/16)", "Parent Relationship": "Outer", "Startup Cost": 0.0, "Total Cost": 48508.43, "Plan Rows": 584897, "Plan Width": 8, "Actual Startup Time": 0.0, "Actual Total Time": 0.0, "Plans": [{"Node Type": "Seq Scan", "Parent Relationship": "Outer", "Relation Name": "movie_info", "Alias": "mi", "Startup Cost": 0.0, "Total Cost": 35885.16, "Plan Rows": 584897, "Plan Width": 8, "Actual Min Startup Time": 24.519, "Actual Max Startup Time": 33.514, "Actual Min Total Time": 35.256, "Actual Max Total Time": 42.847, "Filter": "((info)::text = ANY ('{USA,America}'::text[]))", "Rows Removed by Filter": 1491212, "Actual Rows": 1616}]}, {"Node Type": "Hash", "Parent Relationship": "Inner", "Startup Cost": 47428.98, "Total Cost": 47428.98, "Plan Rows": 32, "Plan Width": 25, "Actual Min Startup Time": 120.645, "Actual Max Startup Time": 120.645, "Actual Min Total Time": 120.645, "Actual Max Total Time": 120.645, "Max Hash Buckets": 32768, "Min Hash Buckets": 32768, "Max Hash Batches": 1, "Min Hash Batches": 1, "Max Original Hash Batches": 1, "Min Original Hash Batches": 1, "Max Peak Memory Usage": 0, "min Peak Memory Usage": 0, "Plans": [{"Node Type": "Hash Join", "Parent Relationship": "Outer", "Join Type": "Inner", "Startup Cost": 18839.83, "Total Cost": 47428.98, "Plan Rows": 32, "Plan Width": 25, "Actual Min Startup Time": 120.643, "Actual Max Startup Time": 120.643, "Actual Min Total Time": 120.643, "Actual Max Total Time": 120.643, "Inner Unique": false, "Hash Cond": "(t.id = mc.movie_id)", "Plans": [{"Node Type": "Streaming(type: LOCAL GATHER dop: 1/16)", "Parent Relationship": "Outer", "Startup Cost": 0.0, "Total Cost": 27597.68, "Plan Rows": 391451, "Plan Width": 21, "Actual Startup Time": 0.0, "Actual Total Time": 0.0, "Plans": [{"Node Type": "Seq Scan", "Parent Relationship": "Outer", "Relation Name": "title", "Alias": "t", "Startup Cost": 0.0, "Total Cost": 19149.37, "Plan Rows": 391451, "Plan Width": 21, "Actual Min Startup Time": 0.025, "Actual Max Startup Time": 0.049, "Actual Min Total Time": 0.221, "Actual Max Total Time": 0.273, "Filter": "(production_year > 2010), (LLVM Optimized)", "Rows Removed by Filter": 7486, "Actual Rows": 1616}]}, {"Node Type": "Hash", "Parent Relationship": "Inner", "Startup Cost": 18839.45, "Total Cost": 18839.45, "Plan Rows": 30, "Plan Width": 4, "Actual Min Startup Time": 120.491, "Actual Max Startup Time": 120.491, "Actual Min Total Time": 120.491, "Actual Max Total Time": 120.491, "Max Hash Buckets": 32768, "Min Hash Buckets": 32768, "Max Hash Batches": 1, "Min Hash Batches": 1, "Max Original Hash Batches": 1, "Min Original Hash Batches": 1, "Max Peak Memory Usage": 0, "min Peak Memory Usage": 0, "Plans": [{"Node Type": "Hash Join", "Parent Relationship": "Outer", "Join Type": "Inner", "Startup Cost": 1.05, "Total Cost": 18839.45, "Plan Rows": 30, "Plan Width": 4, "Actual Min Startup Time": 120.488, "Actual Max Startup Time": 120.488, "Actual Min Total Time": 120.488, "Actual Max Total Time": 120.488, "Inner Unique": true, "Hash Cond": "(mc.company_type_id = ct.id)", "Plans": [{"Node Type": "Streaming(type: LOCAL GATHER dop: 1/16)", "Parent Relationship": "Outer", "Startup Cost": 0.0, "Total Cost": 18837.88, "Plan Rows": 59, "Plan Width": 8, "Actual Min Startup Time": 74.165, "Actual Max Startup Time": 74.165, "Actual Min Total Time": 120.116, "Actual Max Total Time": 120.116, "Plans": [{"Node Type": "Seq Scan", "Parent Relationship": "Outer", "Relation Name": "movie_companies", "Alias": "mc", "Startup Cost": 0.0, "Total Cost": 18836.61, "Plan Rows": 59, "Plan Width": 8, "Actual Min Startup Time": 1.014, "Actual Max Startup Time": 12.314, "Actual Min Total Time": 54.55, "Actual Max Total Time": 60.913, "Filter": "(((note)::text ~~ '%(VHS)%'::text) AND ((note)::text ~~ '%(USA)%'::text) AND ((note)::text ~~ '%(1994)%'::text))", "Rows Removed by Filter": 2607710, "Actual Rows": 1418}], "Actual Rows": 1418}, {"Node Type": "Hash", "Parent Relationship": "Inner", "Startup Cost": 1.04, "Total Cost": 1.04, "Plan Rows": 1, "Plan Width": 4, "Actual Min Startup Time": 0.03, "Actual Max Startup Time": 0.03, "Actual Min Total Time": 0.03, "Actual Max Total Time": 0.03, "Max Hash Buckets": 32768, "Min Hash Buckets": 32768, "Max Hash Batches": 1, "Min Hash Batches": 1, "Max Original Hash Batches": 1, "Min Original Hash Batches": 1, "Max Peak Memory Usage": 1, "min Peak Memory Usage": 1, "Plans": [{"Node Type": "Seq Scan", "Parent Relationship": "Outer", "Relation Name": "company_type", "Alias": "ct", "Startup Cost": 0.0, "Total Cost": 1.04, "Plan Rows": 1, "Plan Width": 4, "Actual Min Startup Time": 0.026, "Actual Max Startup Time": 0.026, "Actual Min Total Time": 0.027, "Actual Max Total Time": 0.027, "Filter": "((kind)::text = 'production companies'::text)", "Rows Removed by Filter": 2, "Actual Rows": 1}], "Actual Rows": 1}], "Actual Rows": 0}], "Actual Rows": 0}], "Actual Rows": 0}], "Actual Rows": 0}], "Actual Rows": 0}, {"Node Type": "Hash", "Parent Relationship": "Inner", "Startup Cost": 2.12, "Total Cost": 2.12, "Plan Rows": 112, "Plan Width": 4, "Actual Min Startup Time": 0.111, "Actual Max Startup Time": 0.111, "Actual Min Total Time": 0.111, "Actual Max Total Time": 0.111, "Max Hash Buckets": 32768, "Min Hash Buckets": 32768, "Max Hash Batches": 1, "Min Hash Batches": 1, "Max Original Hash Batches": 1, "Min Original Hash Batches": 1, "Max Peak Memory Usage": 4, "min Peak Memory Usage": 4, "Plans": [{"Node Type": "Seq Scan", "Parent Relationship": "Outer", "Relation Name": "info_type", "Alias": "it", "Startup Cost": 0.0, "Total Cost": 2.12, "Plan Rows": 112, "Plan Width": 4, "Actual Min Startup Time": 0.041, "Actual Max Startup Time": 0.041, "Actual Min Total Time": 0.062, "Actual Max Total Time": 0.062, "Actual Rows": 112}], "Actual Rows": 112}], "Actual Rows": 0}], "Actual Rows": 1}, "Triggers": [], "Planner Runtime": 21.919, "Total Runtime": 137.49, "Unique SQL Id": 328306525}}, "(16, '79')": {"explain_plan": {"Plan": {"Node Type": "Aggregate", "Strategy": "Plain", "Startup Cost": 4999003668151.02, "Total Cost": 4999003668151.03, "Plan Rows": 1, "Plan Width": 49, "Plans": [{"Node Type": "Hash Join", "Parent Relationship": "Outer", "Join Type": "Inner", "Startup Cost": 2030025293443.82, "Total Cost": 4999003668150.96, "Plan Rows": 24, "Plan Width": 17, "Inner Unique": true, "Hash Cond": "(mi.info_type_id = it.id)", "Plans": [{"Node Type": "Hash Join", "Parent Relationship": "Outer", "Join Type": "Inner", "Startup Cost": 1030025292049.42, "Total Cost": 3999003666756.24, "Plan Rows": 24, "Plan Width": 21, "Inner Unique": true, "Hash Cond": "(mc.company_type_id = ct.id)", "Plans": [{"Node Type": "Merge Join", "Parent Relationship": "Outer", "Join Type": "Inner", "Startup Cost": 30025290819.16, "Total Cost": 2999003665525.61, "Plan Rows": 49, "Plan Width": 25, "Inner Unique": true, "Merge Cond": "(mi.movie_id = t.id)", "Plans": [{"Node Type": "Merge Join", "Parent Relationship": "Outer", "Join Type": "Inner", "Startup Cost": 20000000000.0, "Total Cost": 1999692576110.4, "Plan Rows": 66, "Plan Width": 16, "Inner Unique": false, "Merge Cond": "(mc.movie_id = mi.movie_id)", "Plans": [{"Node Type": "Index Scan", "Parent Relationship": "Outer", "Scan Direction": "Forward", "Index Name": "movie_id_movie_companies", "Relation Name": "movie_companies", "Alias": "mc", "Startup Cost": 10000000000.0, "Total Cost": 1000015008792.13, "Plan Rows": 59, "Plan Width": 8, "Filter": "(((note)::text ~~ '%(VHS)%'::text) AND ((note)::text ~~ '%(USA)%'::text) AND ((note)::text ~~ '%(1994)%'::text))"}, {"Node Type": "Index Scan", "Parent Relationship": "Inner", "Scan Direction": "Forward", "Index Name": "movie_id_movie_info", "Relation Name": "movie_info", "Alias": "mi", "Startup Cost": 10000000000.0, "Total Cost": 1000107534403.72, "Plan Rows": 584897, "Plan Width": 8, "Filter": "((info)::text = ANY ('{USA,America}'::text[]))"}]}, {"Node Type": "Index Scan", "Parent Relationship": "Inner", "Scan Direction": "Forward", "Index Name": "title_pkey", "Relation Name": "title", "Alias": "t", "Startup Cost": 10000000000.0, "Total Cost": 1000011644126.66, "Plan Rows": 391451, "Plan Width": 21, "Filter": "(production_year > 2010), (LLVM Optimized)"}]}, {"Node Type": "Hash", "Parent Relationship": "Inner", "Startup Cost": 1000000001230.25, "Total Cost": 1000000001230.25, "Plan Rows": 1, "Plan Width": 4, "Plans": [{"Node Type": "Index Scan", "Parent Relationship": "Outer", "Scan Direction": "Forward", "Index Name": "company_type_pkey", "Relation Name": "company_type", "Alias": "ct", "Startup Cost": 10000000000.0, "Total Cost": 1000000001230.25, "Plan Rows": 1, "Plan Width": 4, "Filter": "((kind)::text = 'production companies'::text)"}]}]}, {"Node Type": "Hash", "Parent Relationship": "Inner", "Startup Cost": 1000000001393.0, "Total Cost": 1000000001393.0, "Plan Rows": 112, "Plan Width": 4, "Plans": [{"Node Type": "Index Scan", "Parent Relationship": "Outer", "Scan Direction": "Forward", "Index Name": "info_type_pkey", "Relation Name": "info_type", "Alias": "it", "Startup Cost": 10000000000.0, "Total Cost": 1000000001393.0, "Plan Rows": 112, "Plan Width": 4}]}]}]}, "Unique SQL Id": 328306525, "Planner Runtime": 17}, "explain_analyze_plan": null}, "(16, '80')": {"explain_plan": {"Plan": {"Node Type": "Aggregate", "Strategy": "Plain", "Startup Cost": 19200.79, "Total Cost": 19200.8, "Plan Rows": 1, "Plan Width": 49, "Plans": [{"Node Type": "Nested Loop", "Parent Relationship": "Outer", "Join Type": "Inner", "Startup Cost": 0.0, "Total Cost": 19200.73, "Plan Rows": 24, "Plan Width": 17, "Inner Unique": true, "Plans": [{"Node Type": "Nested Loop", "Parent Relationship": "Outer", "Join Type": "Inner", "Startup Cost": 0.0, "Total Cost": 19194.01, "Plan Rows": 24, "Plan Width": 21, "Inner Unique": false, "Plans": [{"Node Type": "Nested Loop", "Parent Relationship": "Outer", "Join Type": "Inner", "Startup Cost": 0.0, "Total Cost": 19115.02, "Plan Rows": 32, "Plan Width": 25, "Inner Unique": true, "Plans": [{"Node Type": "Nested Loop", "Parent Relationship": "Outer", "Join Type": "Inner", "Startup Cost": 0.0, "Total Cost": 18866.55, "Plan Rows": 30, "Plan Width": 4, "Inner Unique": true, "Plans": [{"Node Type": "Streaming(type: LOCAL GATHER dop: 1/16)", "Parent Relationship": "Outer", "Startup Cost": 0.0, "Total Cost": 18837.88, "Plan Rows": 59, "Plan Width": 8, "Plans": [{"Node Type": "Seq Scan", "Parent Relationship": "Outer", "Relation Name": "movie_companies", "Alias": "mc", "Startup Cost": 0.0, "Total Cost": 18836.61, "Plan Rows": 59, "Plan Width": 8, "Filter": "(((note)::text ~~ '%(VHS)%'::text) AND ((note)::text ~~ '%(USA)%'::text) AND ((note)::text ~~ '%(1994)%'::text))"}]}, {"Node Type": "Index Scan", "Parent Relationship": "Inner", "Scan Direction": "Forward", "Index Name": "company_type_pkey", "Relation Name": "company_type", "Alias": "ct", "Startup Cost": 0.0, "Total Cost": 0.48, "Plan Rows": 1, "Plan Width": 4, "Index Cond": "(id = mc.company_type_id)", "Filter": "((kind)::text = 'production companies'::text)"}]}, {"Node Type": "Index Scan", "Parent Relationship": "Inner", "Scan Direction": "Forward", "Index Name": "title_pkey", "Relation Name": "title", "Alias": "t", "Startup Cost": 0.0, "Total Cost": 8.27, "Plan Rows": 1, "Plan Width": 21, "Index Cond": "(id = mc.movie_id)", "Filter": "(production_year > 2010)"}]}, {"Node Type": "Index Scan", "Parent Relationship": "Inner", "Scan Direction": "Forward", "Index Name": "movie_id_movie_info", "Relation Name": "movie_info", "Alias": "mi", "Startup Cost": 0.0, "Total Cost": 2.46, "Plan Rows": 1, "Plan Width": 8, "Index Cond": "(movie_id = t.id)", "Filter": "((info)::text = ANY ('{USA,America}'::text[]))"}]}, {"Node Type": "Index Only Scan", "Parent Relationship": "Inner", "Scan Direction": "Forward", "Index Name": "info_type_pkey", "Relation Name": "info_type", "Alias": "it", "Startup Cost": 0.0, "Total Cost": 0.27, "Plan Rows": 1, "Plan Width": 4, "Index Cond": "(id = mi.info_type_id)"}]}]}, "Unique SQL Id": 328306525, "Planner Runtime": 6}, "explain_analyze_plan": {"Plan": {"Node Type": "Aggregate", "Strategy": "Plain", "Startup Cost": 19200.79, "Total Cost": 19200.8, "Plan Rows": 1, "Plan Width": 49, "Actual Min Startup Time": 81.008, "Actual Max Startup Time": 81.008, "Actual Min Total Time": 81.008, "Actual Max Total Time": 81.008, "Plans": [{"Node Type": "Nested Loop", "Parent Relationship": "Outer", "Join Type": "Inner", "Startup Cost": 0.0, "Total Cost": 19200.73, "Plan Rows": 24, "Plan Width": 17, "Actual Min Startup Time": 80.997, "Actual Max Startup Time": 80.997, "Actual Min Total Time": 80.997, "Actual Max Total Time": 80.997, "Inner Unique": true, "Plans": [{"Node Type": "Nested Loop", "Parent Relationship": "Outer", "Join Type": "Inner", "Startup Cost": 0.0, "Total Cost": 19194.01, "Plan Rows": 24, "Plan Width": 21, "Actual Min Startup Time": 80.996, "Actual Max Startup Time": 80.996, "Actual Min Total Time": 80.996, "Actual Max Total Time": 80.996, "Inner Unique": false, "Plans": [{"Node Type": "Nested Loop", "Parent Relationship": "Outer", "Join Type": "Inner", "Startup Cost": 0.0, "Total Cost": 19115.02, "Plan Rows": 32, "Plan Width": 25, "Actual Min Startup Time": 80.994, "Actual Max Startup Time": 80.994, "Actual Min Total Time": 80.994, "Actual Max Total Time": 80.994, "Inner Unique": true, "Plans": [{"Node Type": "Nested Loop", "Parent Relationship": "Outer", "Join Type": "Inner", "Startup Cost": 0.0, "Total Cost": 18866.55, "Plan Rows": 30, "Plan Width": 4, "Actual Min Startup Time": 80.993, "Actual Max Startup Time": 80.993, "Actual Min Total Time": 80.993, "Actual Max Total Time": 80.993, "Inner Unique": true, "Plans": [{"Node Type": "Streaming(type: LOCAL GATHER dop: 1/16)", "Parent Relationship": "Outer", "Startup Cost": 0.0, "Total Cost": 18837.88, "Plan Rows": 59, "Plan Width": 8, "Actual Min Startup Time": 44.869, "Actual Max Startup Time": 44.869, "Actual Min Total Time": 79.645, "Actual Max Total Time": 79.645, "Plans": [{"Node Type": "Seq Scan", "Parent Relationship": "Outer", "Relation Name": "movie_companies", "Alias": "mc", "Startup Cost": 0.0, "Total Cost": 18836.61, "Plan Rows": 59, "Plan Width": 8, "Actual Min Startup Time": 1.004, "Actual Max Startup Time": 12.222, "Actual Min Total Time": 54.573, "Actual Max Total Time": 60.817, "Filter": "(((note)::text ~~ '%(VHS)%'::text) AND ((note)::text ~~ '%(USA)%'::text) AND ((note)::text ~~ '%(1994)%'::text))", "Rows Removed by Filter": 2607710, "Actual Rows": 1418}], "Actual Rows": 1418}, {"Node Type": "Index Scan", "Parent Relationship": "Inner", "Scan Direction": "Forward", "Index Name": "company_type_pkey", "Relation Name": "company_type", "Alias": "ct", "Startup Cost": 0.0, "Total Cost": 0.48, "Plan Rows": 1, "Plan Width": 4, "Actual Min Startup Time": 0.771, "Actual Max Startup Time": 0.771, "Actual Min Total Time": 0.771, "Actual Max Total Time": 0.771, "Index Cond": "(id = mc.company_type_id)", "Rows Removed by Index Recheck": 0, "Filter": "((kind)::text = 'production companies'::text)", "Rows Removed by Filter": 0, "Actual Rows": 0}], "Actual Rows": 0}, {"Node Type": "Index Scan", "Parent Relationship": "Inner", "Scan Direction": "Forward", "Index Name": "title_pkey", "Relation Name": "title", "Alias": "t", "Startup Cost": 0.0, "Total Cost": 8.27, "Plan Rows": 1, "Plan Width": 21, "Actual Startup Time": 0.0, "Actual Total Time": 0.0, "Index Cond": "(id = mc.movie_id)", "Rows Removed by Index Recheck": 0, "Filter": "(production_year > 2010)", "Rows Removed by Filter": 0}], "Actual Rows": 0}, {"Node Type": "Index Scan", "Parent Relationship": "Inner", "Scan Direction": "Forward", "Index Name": "movie_id_movie_info", "Relation Name": "movie_info", "Alias": "mi", "Startup Cost": 0.0, "Total Cost": 2.46, "Plan Rows": 1, "Plan Width": 8, "Actual Startup Time": 0.0, "Actual Total Time": 0.0, "Index Cond": "(movie_id = t.id)", "Rows Removed by Index Recheck": 0, "Filter": "((info)::text = ANY ('{USA,America}'::text[]))", "Rows Removed by Filter": 0}], "Actual Rows": 0}, {"Node Type": "Index Only Scan", "Parent Relationship": "Inner", "Scan Direction": "Forward", "Index Name": "info_type_pkey", "Relation Name": "info_type", "Alias": "it", "Startup Cost": 0.0, "Total Cost": 0.27, "Plan Rows": 1, "Plan Width": 4, "Actual Startup Time": 0.0, "Actual Total Time": 0.0, "Index Cond": "(id = mi.info_type_id)", "Rows Removed by Index Recheck": 0, "Heap Fetches": 0}], "Actual Rows": 0}], "Actual Rows": 1}, "Triggers": [], "Planner Runtime": 10.164, "Total Runtime": 83.683, "Unique SQL Id": 328306525}}, "(16, '81')": {"explain_plan": {"Plan": {"Node Type": "Aggregate", "Strategy": "Plain", "Startup Cost": 85308.81, "Total Cost": 85308.82, "Plan Rows": 1, "Plan Width": 49, "Plans": [{"Node Type": "Nested Loop", "Parent Relationship": "Outer", "Join Type": "Inner", "Startup Cost": 0.0, "Total Cost": 85308.75, "Plan Rows": 24, "Plan Width": 17, "Inner Unique": true, "Plans": [{"Node Type": "Nested Loop", "Parent Relationship": "Outer", "Join Type": "Inner", "Startup Cost": 0.0, "Total Cost": 85302.03, "Plan Rows": 24, "Plan Width": 21, "Inner Unique": false, "Plans": [{"Node Type": "Nested Loop", "Parent Relationship": "Outer", "Join Type": "Inner", "Startup Cost": 0.0, "Total Cost": 85223.04, "Plan Rows": 32, "Plan Width": 25, "Inner Unique": true, "Plans": [{"Node Type": "Nested Loop", "Parent Relationship": "Outer", "Join Type": "Inner", "Startup Cost": 0.0, "Total Cost": 84974.56, "Plan Rows": 30, "Plan Width": 4, "Inner Unique": true, "Plans": [{"Node Type": "Streaming(type: LOCAL GATHER dop: 1/16)", "Parent Relationship": "Outer", "Startup Cost": 0.0, "Total Cost": 84945.9, "Plan Rows": 59, "Plan Width": 8, "Plans": [{"Node Type": "Index Scan", "Parent Relationship": "Outer", "Scan Direction": "Forward", "Index Name": "company_type_id_movie_companies", "Relation Name": "movie_companies", "Alias": "mc", "Startup Cost": 0.0, "Total Cost": 84944.62, "Plan Rows": 59, "Plan Width": 8, "Filter": "(((note)::text ~~ '%(VHS)%'::text) AND ((note)::text ~~ '%(USA)%'::text) AND ((note)::text ~~ '%(1994)%'::text))"}]}, {"Node Type": "Index Scan", "Parent Relationship": "Inner", "Scan Direction": "Forward", "Index Name": "company_type_pkey", "Relation Name": "company_type", "Alias": "ct", "Startup Cost": 0.0, "Total Cost": 0.48, "Plan Rows": 1, "Plan Width": 4, "Index Cond": "(id = mc.company_type_id)", "Filter": "((kind)::text = 'production companies'::text)"}]}, {"Node Type": "Index Scan", "Parent Relationship": "Inner", "Scan Direction": "Forward", "Index Name": "title_pkey", "Relation Name": "title", "Alias": "t", "Startup Cost": 0.0, "Total Cost": 8.27, "Plan Rows": 1, "Plan Width": 21, "Index Cond": "(id = mc.movie_id)", "Filter": "(production_year > 2010)"}]}, {"Node Type": "Index Scan", "Parent Relationship": "Inner", "Scan Direction": "Forward", "Index Name": "movie_id_movie_info", "Relation Name": "movie_info", "Alias": "mi", "Startup Cost": 0.0, "Total Cost": 2.46, "Plan Rows": 1, "Plan Width": 8, "Index Cond": "(movie_id = t.id)", "Filter": "((info)::text = ANY ('{USA,America}'::text[]))"}]}, {"Node Type": "Index Only Scan", "Parent Relationship": "Inner", "Scan Direction": "Forward", "Index Name": "info_type_pkey", "Relation Name": "info_type", "Alias": "it", "Startup Cost": 0.0, "Total Cost": 0.27, "Plan Rows": 1, "Plan Width": 4, "Index Cond": "(id = mi.info_type_id)"}]}]}, "Unique SQL Id": 328306525, "Planner Runtime": 6}, "explain_analyze_plan": {"Plan": {"Node Type": "Aggregate", "Strategy": "Plain", "Startup Cost": 85308.81, "Total Cost": 85308.82, "Plan Rows": 1, "Plan Width": 49, "Actual Min Startup Time": 150.176, "Actual Max Startup Time": 150.176, "Actual Min Total Time": 150.176, "Actual Max Total Time": 150.176, "Plans": [{"Node Type": "Nested Loop", "Parent Relationship": "Outer", "Join Type": "Inner", "Startup Cost": 0.0, "Total Cost": 85308.75, "Plan Rows": 24, "Plan Width": 17, "Actual Min Startup Time": 150.168, "Actual Max Startup Time": 150.168, "Actual Min Total Time": 150.168, "Actual Max Total Time": 150.168, "Inner Unique": true, "Plans": [{"Node Type": "Nested Loop", "Parent Relationship": "Outer", "Join Type": "Inner", "Startup Cost": 0.0, "Total Cost": 85302.03, "Plan Rows": 24, "Plan Width": 21, "Actual Min Startup Time": 150.166, "Actual Max Startup Time": 150.166, "Actual Min Total Time": 150.166, "Actual Max Total Time": 150.166, "Inner Unique": false, "Plans": [{"Node Type": "Nested Loop", "Parent Relationship": "Outer", "Join Type": "Inner", "Startup Cost": 0.0, "Total Cost": 85223.04, "Plan Rows": 32, "Plan Width": 25, "Actual Min Startup Time": 150.164, "Actual Max Startup Time": 150.164, "Actual Min Total Time": 150.164, "Actual Max Total Time": 150.164, "Inner Unique": true, "Plans": [{"Node Type": "Nested Loop", "Parent Relationship": "Outer", "Join Type": "Inner", "Startup Cost": 0.0, "Total Cost": 84974.56, "Plan Rows": 30, "Plan Width": 4, "Actual Min Startup Time": 150.163, "Actual Max Startup Time": 150.163, "Actual Min Total Time": 150.163, "Actual Max Total Time": 150.163, "Inner Unique": true, "Plans": [{"Node Type": "Streaming(type: LOCAL GATHER dop: 1/16)", "Parent Relationship": "Outer", "Startup Cost": 0.0, "Total Cost": 84945.9, "Plan Rows": 59, "Plan Width": 8, "Actual Min Startup Time": 65.979, "Actual Max Startup Time": 65.979, "Actual Min Total Time": 148.726, "Actual Max Total Time": 148.726, "Plans": [{"Node Type": "Index Scan", "Parent Relationship": "Outer", "Scan Direction": "Forward", "Index Name": "company_type_id_movie_companies", "Relation Name": "movie_companies", "Alias": "mc", "Startup Cost": 0.0, "Total Cost": 84944.62, "Plan Rows": 59, "Plan Width": 8, "Actual Min Startup Time": 15.507, "Actual Max Startup Time": 89.813, "Actual Min Total Time": 87.022, "Actual Max Total Time": 133.298, "Filter": "(((note)::text ~~ '%(VHS)%'::text) AND ((note)::text ~~ '%(USA)%'::text) AND ((note)::text ~~ '%(1994)%'::text))", "Rows Removed by Filter": 2607710, "Actual Rows": 1418}], "Actual Rows": 1418}, {"Node Type": "Index Scan", "Parent Relationship": "Inner", "Scan Direction": "Forward", "Index Name": "company_type_pkey", "Relation Name": "company_type", "Alias": "ct", "Startup Cost": 0.0, "Total Cost": 0.48, "Plan Rows": 1, "Plan Width": 4, "Actual Min Startup Time": 0.884, "Actual Max Startup Time": 0.884, "Actual Min Total Time": 0.884, "Actual Max Total Time": 0.884, "Index Cond": "(id = mc.company_type_id)", "Rows Removed by Index Recheck": 0, "Filter": "((kind)::text = 'production companies'::text)", "Rows Removed by Filter": 0, "Actual Rows": 0}], "Actual Rows": 0}, {"Node Type": "Index Scan", "Parent Relationship": "Inner", "Scan Direction": "Forward", "Index Name": "title_pkey", "Relation Name": "title", "Alias": "t", "Startup Cost": 0.0, "Total Cost": 8.27, "Plan Rows": 1, "Plan Width": 21, "Actual Startup Time": 0.0, "Actual Total Time": 0.0, "Index Cond": "(id = mc.movie_id)", "Rows Removed by Index Recheck": 0, "Filter": "(production_year > 2010)", "Rows Removed by Filter": 0}], "Actual Rows": 0}, {"Node Type": "Index Scan", "Parent Relationship": "Inner", "Scan Direction": "Forward", "Index Name": "movie_id_movie_info", "Relation Name": "movie_info", "Alias": "mi", "Startup Cost": 0.0, "Total Cost": 2.46, "Plan Rows": 1, "Plan Width": 8, "Actual Startup Time": 0.0, "Actual Total Time": 0.0, "Index Cond": "(movie_id = t.id)", "Rows Removed by Index Recheck": 0, "Filter": "((info)::text = ANY ('{USA,America}'::text[]))", "Rows Removed by Filter": 0}], "Actual Rows": 0}, {"Node Type": "Index Only Scan", "Parent Relationship": "Inner", "Scan Direction": "Forward", "Index Name": "info_type_pkey", "Relation Name": "info_type", "Alias": "it", "Startup Cost": 0.0, "Total Cost": 0.27, "Plan Rows": 1, "Plan Width": 4, "Actual Startup Time": 0.0, "Actual Total Time": 0.0, "Index Cond": "(id = mi.info_type_id)", "Rows Removed by Index Recheck": 0, "Heap Fetches": 0}], "Actual Rows": 0}], "Actual Rows": 1}, "Triggers": [], "Planner Runtime": 9.777, "Total Runtime": 152.638, "Unique SQL Id": 328306525}}, "(16, '82')": {"explain_plan": {"Plan": {"Node Type": "Aggregate", "Strategy": "Plain", "Startup Cost": 19496.14, "Total Cost": 19496.15, "Plan Rows": 1, "Plan Width": 49, "Plans": [{"Node Type": "Merge Join", "Parent Relationship": "Outer", "Join Type": "Inner", "Startup Cost": 19495.18, "Total Cost": 19496.08, "Plan Rows": 24, "Plan Width": 17, "Inner Unique": true, "Merge Cond": "(mi.info_type_id = it.id)", "Plans": [{"Node Type": "Sort", "Parent Relationship": "Outer", "Startup Cost": 19489.24, "Total Cost": 19489.3, "Plan Rows": 24, "Plan Width": 21, "Sort Key": ["mi.info_type_id"], "Plans": [{"Node Type": "Nested Loop", "Parent Relationship": "Outer", "Join Type": "Inner", "Startup Cost": 19330.56, "Total Cost": 19488.69, "Plan Rows": 24, "Plan Width": 21, "Inner Unique": false, "Plans": [{"Node Type": "Merge Join", "Parent Relationship": "Outer", "Join Type": "Inner", "Startup Cost": 19329.69, "Total Cost": 19330.18, "Plan Rows": 32, "Plan Width": 25, "Inner Unique": false, "Merge Cond": "(ct.id = mc.company_type_id)", "Plans": [{"Node Type": "Sort", "Parent Relationship": "Outer", "Startup Cost": 1.05, "Total Cost": 1.05, "Plan Rows": 1, "Plan Width": 4, "Sort Key": ["ct.id"], "Plans": [{"Node Type": "Seq Scan", "Parent Relationship": "Outer", "Relation Name": "company_type", "Alias": "ct", "Startup Cost": 0.0, "Total Cost": 1.04, "Plan Rows": 1, "Plan Width": 4, "Filter": "((kind)::text = 'production companies'::text)"}]}, {"Node Type": "Sort", "Parent Relationship": "Inner", "Startup Cost": 19328.48, "Total Cost": 19328.64, "Plan Rows": 64, "Plan Width": 29, "Sort Key": ["mc.company_type_id"], "Plans": [{"Node Type": "Nested Loop", "Parent Relationship": "Outer", "Join Type": "Inner", "Startup Cost": 4.26, "Total Cost": 19326.56, "Plan Rows": 64, "Plan Width": 29, "Inner Unique": true, "Plans": [{"Node Type": "Streaming(type: LOCAL GATHER dop: 1/16)", "Parent Relationship": "Outer", "Startup Cost": 0.0, "Total Cost": 18837.88, "Plan Rows": 59, "Plan Width": 8, "Plans": [{"Node Type": "Seq Scan", "Parent Relationship": "Outer", "Relation Name": "movie_companies", "Alias": "mc", "Startup Cost": 0.0, "Total Cost": 18836.61, "Plan Rows": 59, "Plan Width": 8, "Filter": "(((note)::text ~~ '%(VHS)%'::text) AND ((note)::text ~~ '%(USA)%'::text) AND ((note)::text ~~ '%(1994)%'::text))"}]}, {"Node Type": "Bitmap Heap Scan", "Parent Relationship": "Inner", "Relation Name": "title", "Alias": "t", "Startup Cost": 4.26, "Total Cost": 8.27, "Plan Rows": 1, "Plan Width": 21, "Recheck Cond": "(id = mc.movie_id)", "Filter": "(production_year > 2010)", "Plans": [{"Node Type": "Bitmap Index Scan", "Parent Relationship": "Outer", "Index Name": "title_pkey", "Startup Cost": 0.0, "Total Cost": 4.26, "Plan Rows": 1, "Plan Width": 0, "Index Cond": "(id = mc.movie_id)"}]}]}]}]}, {"Node Type": "Bitmap Heap Scan", "Parent Relationship": "Inner", "Relation Name": "movie_info", "Alias": "mi", "Startup Cost": 0.87, "Total Cost": 4.94, "Plan Rows": 1, "Plan Width": 8, "Recheck Cond": "(movie_id = t.id)", "Filter": "((info)::text = ANY ('{USA,America}'::text[]))", "Plans": [{"Node Type": "Bitmap Index Scan", "Parent Relationship": "Outer", "Index Name": "movie_id_movie_info", "Startup Cost": 0.0, "Total Cost": 0.87, "Plan Rows": 5, "Plan Width": 0, "Index Cond": "(movie_id = t.id)"}]}]}]}, {"Node Type": "Sort", "Parent Relationship": "Inner", "Startup Cost": 5.93, "Total Cost": 6.21, "Plan Rows": 112, "Plan Width": 4, "Sort Key": ["it.id"], "Plans": [{"Node Type": "Seq Scan", "Parent Relationship": "Outer", "Relation Name": "info_type", "Alias": "it", "Startup Cost": 0.0, "Total Cost": 2.12, "Plan Rows": 112, "Plan Width": 4}]}]}]}, "Unique SQL Id": 328306525, "Planner Runtime": 7}, "explain_analyze_plan": {"Plan": {"Node Type": "Aggregate", "Strategy": "Plain", "Startup Cost": 19496.14, "Total Cost": 19496.15, "Plan Rows": 1, "Plan Width": 49, "Actual Min Startup Time": 80.952, "Actual Max Startup Time": 80.952, "Actual Min Total Time": 80.953, "Actual Max Total Time": 80.953, "Plans": [{"Node Type": "Merge Join", "Parent Relationship": "Outer", "Join Type": "Inner", "Startup Cost": 19495.18, "Total Cost": 19496.08, "Plan Rows": 24, "Plan Width": 17, "Actual Min Startup Time": 80.941, "Actual Max Startup Time": 80.941, "Actual Min Total Time": 80.941, "Actual Max Total Time": 80.941, "Inner Unique": true, "Merge Cond": "(mi.info_type_id = it.id)", "Plans": [{"Node Type": "Sort", "Parent Relationship": "Outer", "Startup Cost": 19489.24, "Total Cost": 19489.3, "Plan Rows": 24, "Plan Width": 21, "Actual Min Startup Time": 80.937, "Actual Max Startup Time": 80.937, "Actual Min Total Time": 80.937, "Actual Max Total Time": 80.937, "Sort Key": ["mi.info_type_id"], "Sort Method": "quicksort", "Sort Space Min Used": 25, "Sort Space Max Used": 25, "Sort Space Type": "Memory", "Plans": [{"Node Type": "Nested Loop", "Parent Relationship": "Outer", "Join Type": "Inner", "Startup Cost": 19330.56, "Total Cost": 19488.69, "Plan Rows": 24, "Plan Width": 21, "Actual Min Startup Time": 80.925, "Actual Max Startup Time": 80.925, "Actual Min Total Time": 80.925, "Actual Max Total Time": 80.925, "Inner Unique": false, "Plans": [{"Node Type": "Merge Join", "Parent Relationship": "Outer", "Join Type": "Inner", "Startup Cost": 19329.69, "Total Cost": 19330.18, "Plan Rows": 32, "Plan Width": 25, "Actual Min Startup Time": 80.923, "Actual Max Startup Time": 80.923, "Actual Min Total Time": 80.923, "Actual Max Total Time": 80.923, "Inner Unique": false, "Merge Cond": "(ct.id = mc.company_type_id)", "Plans": [{"Node Type": "Sort", "Parent Relationship": "Outer", "Startup Cost": 1.05, "Total Cost": 1.05, "Plan Rows": 1, "Plan Width": 4, "Actual Min Startup Time": 0.048, "Actual Max Startup Time": 0.048, "Actual Min Total Time": 0.048, "Actual Max Total Time": 0.048, "Sort Key": ["ct.id"], "Sort Method": "quicksort", "Sort Space Min Used": 25, "Sort Space Max Used": 25, "Sort Space Type": "Memory", "Plans": [{"Node Type": "Seq Scan", "Parent Relationship": "Outer", "Relation Name": "company_type", "Alias": "ct", "Startup Cost": 0.0, "Total Cost": 1.04, "Plan Rows": 1, "Plan Width": 4, "Actual Min Startup Time": 0.029, "Actual Max Startup Time": 0.029, "Actual Min Total Time": 0.033, "Actual Max Total Time": 0.033, "Filter": "((kind)::text = 'production companies'::text)", "Rows Removed by Filter": 2, "Actual Rows": 1}], "Actual Rows": 1}, {"Node Type": "Sort", "Parent Relationship": "Inner", "Startup Cost": 19328.48, "Total Cost": 19328.64, "Plan Rows": 64, "Plan Width": 29, "Actual Min Startup Time": 80.855, "Actual Max Startup Time": 80.855, "Actual Min Total Time": 80.855, "Actual Max Total Time": 80.855, "Sort Key": ["mc.company_type_id"], "Sort Method": "quicksort", "Sort Space Min Used": 25, "Sort Space Max Used": 25, "Sort Space Type": "Memory", "Plans": [{"Node Type": "Nested Loop", "Parent Relationship": "Outer", "Join Type": "Inner", "Startup Cost": 4.26, "Total Cost": 19326.56, "Plan Rows": 64, "Plan Width": 29, "Actual Min Startup Time": 80.847, "Actual Max Startup Time": 80.847, "Actual Min Total Time": 80.847, "Actual Max Total Time": 80.847, "Inner Unique": true, "Plans": [{"Node Type": "Streaming(type: LOCAL GATHER dop: 1/16)", "Parent Relationship": "Outer", "Startup Cost": 0.0, "Total Cost": 18837.88, "Plan Rows": 59, "Plan Width": 8, "Actual Min Startup Time": 41.782, "Actual Max Startup Time": 41.782, "Actual Min Total Time": 70.592, "Actual Max Total Time": 70.592, "Plans": [{"Node Type": "Seq Scan", "Parent Relationship": "Outer", "Relation Name": "movie_companies", "Alias": "mc", "Startup Cost": 0.0, "Total Cost": 18836.61, "Plan Rows": 59, "Plan Width": 8, "Actual Min Startup Time": 0.99, "Actual Max Startup Time": 12.197, "Actual Min Total Time": 54.31, "Actual Max Total Time": 60.792, "Filter": "(((note)::text ~~ '%(VHS)%'::text) AND ((note)::text ~~ '%(USA)%'::text) AND ((note)::text ~~ '%(1994)%'::text))", "Rows Removed by Filter": 2607710, "Actual Rows": 1418}], "Actual Rows": 1418}, {"Node Type": "Bitmap Heap Scan", "Parent Relationship": "Inner", "Relation Name": "title", "Alias": "t", "Startup Cost": 4.26, "Total Cost": 8.27, "Plan Rows": 1, "Plan Width": 21, "Actual Min Startup Time": 8.591, "Actual Max Startup Time": 8.591, "Actual Min Total Time": 8.591, "Actual Max Total Time": 8.591, "Recheck Cond": "(id = mc.movie_id)", "Rows Removed by Index Recheck": 0, "Filter": "(production_year > 2010)", "Rows Removed by Filter": 1418, "Exact Heap Blocks": 1418, "Lossy Heap Blocks": 1418, "Plans": [{"Node Type": "Bitmap Index Scan", "Parent Relationship": "Outer", "Index Name": "title_pkey", "Startup Cost": 0.0, "Total Cost": 4.26, "Plan Rows": 1, "Plan Width": 0, "Actual Min Startup Time": 4.972, "Actual Max Startup Time": 4.972, "Actual Min Total Time": 4.972, "Actual Max Total Time": 4.972, "Index Cond": "(id = mc.movie_id)", "Actual Rows": 1418}], "Actual Rows": 0}], "Actual Rows": 0}], "Actual Rows": 0}], "Actual Rows": 0}, {"Node Type": "Bitmap Heap Scan", "Parent Relationship": "Inner", "Relation Name": "movie_info", "Alias": "mi", "Startup Cost": 0.87, "Total Cost": 4.94, "Plan Rows": 1, "Plan Width": 8, "Actual Startup Time": 0.0, "Actual Total Time": 0.0, "Recheck Cond": "(movie_id = t.id)", "Rows Removed by Index Recheck": 0, "Filter": "((info)::text = ANY ('{USA,America}'::text[]))", "Rows Removed by Filter": 0, "Exact Heap Blocks": 0, "Lossy Heap Blocks": 0, "Plans": [{"Node Type": "Bitmap Index Scan", "Parent Relationship": "Outer", "Index Name": "movie_id_movie_info", "Startup Cost": 0.0, "Total Cost": 0.87, "Plan Rows": 5, "Plan Width": 0, "Actual Startup Time": 0.0, "Actual Total Time": 0.0, "Index Cond": "(movie_id = t.id)"}]}], "Actual Rows": 0}], "Actual Rows": 0}, {"Node Type": "Sort", "Parent Relationship": "Inner", "Startup Cost": 5.93, "Total Cost": 6.21, "Plan Rows": 112, "Plan Width": 4, "Actual Startup Time": 0.0, "Actual Total Time": 0.0, "Sort Key": ["it.id"], "Plans": [{"Node Type": "Seq Scan", "Parent Relationship": "Outer", "Relation Name": "info_type", "Alias": "it", "Startup Cost": 0.0, "Total Cost": 2.12, "Plan Rows": 112, "Plan Width": 4, "Actual Startup Time": 0.0, "Actual Total Time": 0.0}]}], "Actual Rows": 0}], "Actual Rows": 1}, "Triggers": [], "Planner Runtime": 7.26, "Total Runtime": 83.527, "Unique SQL Id": 328306525}}, "(16, '83')": {"explain_plan": {"Plan": {"Node Type": "Aggregate", "Strategy": "Plain", "Startup Cost": 71749.13, "Total Cost": 71749.14, "Plan Rows": 1, "Plan Width": 49, "Plans": [{"Node Type": "Nested Loop", "Parent Relationship": "Outer", "Join Type": "Inner", "Startup Cost": 28957.62, "Total Cost": 71749.07, "Plan Rows": 24, "Plan Width": 17, "Inner Unique": true, "Plans": [{"Node Type": "Nested Loop", "Parent Relationship": "Outer", "Join Type": "Inner", "Startup Cost": 28957.36, "Total Cost": 71646.35, "Plan Rows": 24, "Plan Width": 21, "Inner Unique": true, "Plans": [{"Node Type": "Nested Loop", "Parent Relationship": "Outer", "Join Type": "Inner", "Startup Cost": 28957.04, "Total Cost": 71502.93, "Plan Rows": 33, "Plan Width": 12, "Inner Unique": false, "Plans": [{"Node Type": "Nested Loop", "Parent Relationship": "Outer", "Join Type": "Inner", "Startup Cost": 28952.75, "Total Cost": 70774.36, "Plan Rows": 30, "Plan Width": 4, "Inner Unique": false, "Plans": [{"Node Type": "Bitmap Heap Scan", "Parent Relationship": "Outer", "Relation Name": "company_type", "Alias": "ct", "Startup Cost": 8.27, "Total Cost": 12.3, "Plan Rows": 1, "Plan Width": 4, "Filter": "((kind)::text = 'production companies'::text)", "Plans": [{"Node Type": "Bitmap Index Scan", "Parent Relationship": "Outer", "Index Name": "company_type_pkey", "Startup Cost": 0.0, "Total Cost": 8.27, "Plan Rows": 3, "Plan Width": 0}]}, {"Node Type": "Bitmap Heap Scan", "Parent Relationship": "Inner", "Relation Name": "movie_companies", "Alias": "mc", "Startup Cost": 28944.49, "Total Cost": 70761.77, "Plan Rows": 29, "Plan Width": 8, "Recheck Cond": "(company_type_id = ct.id)", "Filter": "(((note)::text ~~ '%(VHS)%'::text) AND ((note)::text ~~ '%(USA)%'::text) AND ((note)::text ~~ '%(1994)%'::text))", "Plans": [{"Node Type": "Bitmap Index Scan", "Parent Relationship": "Outer", "Index Name": "company_type_id_movie_companies", "Startup Cost": 0.0, "Total Cost": 28944.48, "Plan Rows": 1304564, "Plan Width": 0, "Index Cond": "(company_type_id = ct.id)"}]}]}, {"Node Type": "Bitmap Heap Scan", "Parent Relationship": "Inner", "Relation Name": "movie_info", "Alias": "mi", "Startup Cost": 4.29, "Total Cost": 24.28, "Plan Rows": 1, "Plan Width": 8, "Recheck Cond": "(movie_id = mc.movie_id)", "Filter": "((info)::text = ANY ('{USA,America}'::text[]))", "Plans": [{"Node Type": "Bitmap Index Scan", "Parent Relationship": "Outer", "Index Name": "movie_id_movie_info", "Startup Cost": 0.0, "Total Cost": 4.29, "Plan Rows": 5, "Plan Width": 0, "Index Cond": "(movie_id = mc.movie_id)"}]}]}, {"Node Type": "Bitmap Heap Scan", "Parent Relationship": "Inner", "Relation Name": "title", "Alias": "t", "Startup Cost": 0.32, "Total Cost": 4.34, "Plan Rows": 1, "Plan Width": 21, "Recheck Cond": "(id = mi.movie_id)", "Filter": "(production_year > 2010)", "Plans": [{"Node Type": "Bitmap Index Scan", "Parent Relationship": "Outer", "Index Name": "title_pkey", "Startup Cost": 0.0, "Total Cost": 0.32, "Plan Rows": 1, "Plan Width": 0, "Index Cond": "(id = mi.movie_id)"}]}]}, {"Node Type": "Bitmap Heap Scan", "Parent Relationship": "Inner", "Relation Name": "info_type", "Alias": "it", "Startup Cost": 0.26, "Total Cost": 4.27, "Plan Rows": 1, "Plan Width": 4, "Recheck Cond": "(id = mi.info_type_id)", "Plans": [{"Node Type": "Bitmap Index Scan", "Parent Relationship": "Outer", "Index Name": "info_type_pkey", "Startup Cost": 0.0, "Total Cost": 0.26, "Plan Rows": 1, "Plan Width": 0, "Index Cond": "(id = mi.info_type_id)"}]}]}]}, "Unique SQL Id": 328306525, "Planner Runtime": 7}, "explain_analyze_plan": null}, "(16, '84')": {"explain_plan": {"Plan": {"Node Type": "Aggregate", "Strategy": "Plain", "Startup Cost": 19200.79, "Total Cost": 19200.8, "Plan Rows": 1, "Plan Width": 49, "Plans": [{"Node Type": "Nested Loop", "Parent Relationship": "Outer", "Join Type": "Inner", "Startup Cost": 0.0, "Total Cost": 19200.73, "Plan Rows": 24, "Plan Width": 17, "Inner Unique": true, "Plans": [{"Node Type": "Nested Loop", "Parent Relationship": "Outer", "Join Type": "Inner", "Startup Cost": 0.0, "Total Cost": 19194.01, "Plan Rows": 24, "Plan Width": 21, "Inner Unique": false, "Plans": [{"Node Type": "Nested Loop", "Parent Relationship": "Outer", "Join Type": "Inner", "Startup Cost": 0.0, "Total Cost": 19115.02, "Plan Rows": 32, "Plan Width": 25, "Inner Unique": true, "Plans": [{"Node Type": "Nested Loop", "Parent Relationship": "Outer", "Join Type": "Inner", "Startup Cost": 0.0, "Total Cost": 18866.55, "Plan Rows": 30, "Plan Width": 4, "Inner Unique": true, "Plans": [{"Node Type": "Streaming(type: LOCAL GATHER dop: 1/16)", "Parent Relationship": "Outer", "Startup Cost": 0.0, "Total Cost": 18837.88, "Plan Rows": 59, "Plan Width": 8, "Plans": [{"Node Type": "Seq Scan", "Parent Relationship": "Outer", "Relation Name": "movie_companies", "Alias": "mc", "Startup Cost": 0.0, "Total Cost": 18836.61, "Plan Rows": 59, "Plan Width": 8, "Filter": "(((note)::text ~~ '%(VHS)%'::text) AND ((note)::text ~~ '%(USA)%'::text) AND ((note)::text ~~ '%(1994)%'::text))"}]}, {"Node Type": "Index Scan", "Parent Relationship": "Inner", "Scan Direction": "Forward", "Index Name": "company_type_pkey", "Relation Name": "company_type", "Alias": "ct", "Startup Cost": 0.0, "Total Cost": 0.48, "Plan Rows": 1, "Plan Width": 4, "Index Cond": "(id = mc.company_type_id)", "Filter": "((kind)::text = 'production companies'::text)"}]}, {"Node Type": "Index Scan", "Parent Relationship": "Inner", "Scan Direction": "Forward", "Index Name": "title_pkey", "Relation Name": "title", "Alias": "t", "Startup Cost": 0.0, "Total Cost": 8.27, "Plan Rows": 1, "Plan Width": 21, "Index Cond": "(id = mc.movie_id)", "Filter": "(production_year > 2010)"}]}, {"Node Type": "Index Scan", "Parent Relationship": "Inner", "Scan Direction": "Forward", "Index Name": "movie_id_movie_info", "Relation Name": "movie_info", "Alias": "mi", "Startup Cost": 0.0, "Total Cost": 2.46, "Plan Rows": 1, "Plan Width": 8, "Index Cond": "(movie_id = t.id)", "Filter": "((info)::text = ANY ('{USA,America}'::text[]))"}]}, {"Node Type": "Index Scan", "Parent Relationship": "Inner", "Scan Direction": "Forward", "Index Name": "info_type_pkey", "Relation Name": "info_type", "Alias": "it", "Startup Cost": 0.0, "Total Cost": 0.27, "Plan Rows": 1, "Plan Width": 4, "Index Cond": "(id = mi.info_type_id)"}]}]}, "Unique SQL Id": 328306525, "Planner Runtime": 6}, "explain_analyze_plan": {"Plan": {"Node Type": "Aggregate", "Strategy": "Plain", "Startup Cost": 19200.79, "Total Cost": 19200.8, "Plan Rows": 1, "Plan Width": 49, "Actual Min Startup Time": 81.545, "Actual Max Startup Time": 81.545, "Actual Min Total Time": 81.545, "Actual Max Total Time": 81.545, "Plans": [{"Node Type": "Nested Loop", "Parent Relationship": "Outer", "Join Type": "Inner", "Startup Cost": 0.0, "Total Cost": 19200.73, "Plan Rows": 24, "Plan Width": 17, "Actual Min Startup Time": 81.534, "Actual Max Startup Time": 81.534, "Actual Min Total Time": 81.534, "Actual Max Total Time": 81.534, "Inner Unique": true, "Plans": [{"Node Type": "Nested Loop", "Parent Relationship": "Outer", "Join Type": "Inner", "Startup Cost": 0.0, "Total Cost": 19194.01, "Plan Rows": 24, "Plan Width": 21, "Actual Min Startup Time": 81.532, "Actual Max Startup Time": 81.532, "Actual Min Total Time": 81.532, "Actual Max Total Time": 81.532, "Inner Unique": false, "Plans": [{"Node Type": "Nested Loop", "Parent Relationship": "Outer", "Join Type": "Inner", "Startup Cost": 0.0, "Total Cost": 19115.02, "Plan Rows": 32, "Plan Width": 25, "Actual Min Startup Time": 81.53, "Actual Max Startup Time": 81.53, "Actual Min Total Time": 81.53, "Actual Max Total Time": 81.53, "Inner Unique": true, "Plans": [{"Node Type": "Nested Loop", "Parent Relationship": "Outer", "Join Type": "Inner", "Startup Cost": 0.0, "Total Cost": 18866.55, "Plan Rows": 30, "Plan Width": 4, "Actual Min Startup Time": 81.529, "Actual Max Startup Time": 81.529, "Actual Min Total Time": 81.529, "Actual Max Total Time": 81.529, "Inner Unique": true, "Plans": [{"Node Type": "Streaming(type: LOCAL GATHER dop: 1/16)", "Parent Relationship": "Outer", "Startup Cost": 0.0, "Total Cost": 18837.88, "Plan Rows": 59, "Plan Width": 8, "Actual Min Startup Time": 45.015, "Actual Max Startup Time": 45.015, "Actual Min Total Time": 80.158, "Actual Max Total Time": 80.158, "Plans": [{"Node Type": "Seq Scan", "Parent Relationship": "Outer", "Relation Name": "movie_companies", "Alias": "mc", "Startup Cost": 0.0, "Total Cost": 18836.61, "Plan Rows": 59, "Plan Width": 8, "Actual Min Startup Time": 1.006, "Actual Max Startup Time": 12.191, "Actual Min Total Time": 54.289, "Actual Max Total Time": 60.814, "Filter": "(((note)::text ~~ '%(VHS)%'::text) AND ((note)::text ~~ '%(USA)%'::text) AND ((note)::text ~~ '%(1994)%'::text))", "Rows Removed by Filter": 2607710, "Actual Rows": 1418}], "Actual Rows": 1418}, {"Node Type": "Index Scan", "Parent Relationship": "Inner", "Scan Direction": "Forward", "Index Name": "company_type_pkey", "Relation Name": "company_type", "Alias": "ct", "Startup Cost": 0.0, "Total Cost": 0.48, "Plan Rows": 1, "Plan Width": 4, "Actual Min Startup Time": 0.849, "Actual Max Startup Time": 0.849, "Actual Min Total Time": 0.849, "Actual Max Total Time": 0.849, "Index Cond": "(id = mc.company_type_id)", "Rows Removed by Index Recheck": 0, "Filter": "((kind)::text = 'production companies'::text)", "Rows Removed by Filter": 0, "Actual Rows": 0}], "Actual Rows": 0}, {"Node Type": "Index Scan", "Parent Relationship": "Inner", "Scan Direction": "Forward", "Index Name": "title_pkey", "Relation Name": "title", "Alias": "t", "Startup Cost": 0.0, "Total Cost": 8.27, "Plan Rows": 1, "Plan Width": 21, "Actual Startup Time": 0.0, "Actual Total Time": 0.0, "Index Cond": "(id = mc.movie_id)", "Rows Removed by Index Recheck": 0, "Filter": "(production_year > 2010)", "Rows Removed by Filter": 0}], "Actual Rows": 0}, {"Node Type": "Index Scan", "Parent Relationship": "Inner", "Scan Direction": "Forward", "Index Name": "movie_id_movie_info", "Relation Name": "movie_info", "Alias": "mi", "Startup Cost": 0.0, "Total Cost": 2.46, "Plan Rows": 1, "Plan Width": 8, "Actual Startup Time": 0.0, "Actual Total Time": 0.0, "Index Cond": "(movie_id = t.id)", "Rows Removed by Index Recheck": 0, "Filter": "((info)::text = ANY ('{USA,America}'::text[]))", "Rows Removed by Filter": 0}], "Actual Rows": 0}, {"Node Type": "Index Scan", "Parent Relationship": "Inner", "Scan Direction": "Forward", "Index Name": "info_type_pkey", "Relation Name": "info_type", "Alias": "it", "Startup Cost": 0.0, "Total Cost": 0.27, "Plan Rows": 1, "Plan Width": 4, "Actual Startup Time": 0.0, "Actual Total Time": 0.0, "Index Cond": "(id = mi.info_type_id)", "Rows Removed by Index Recheck": 0}], "Actual Rows": 0}], "Actual Rows": 1}, "Triggers": [], "Planner Runtime": 10.135, "Total Runtime": 84.05, "Unique SQL Id": 328306525}}, "(16, '85')": {"explain_plan": {"Plan": {"Node Type": "Aggregate", "Strategy": "Plain", "Startup Cost": 85308.81, "Total Cost": 85308.82, "Plan Rows": 1, "Plan Width": 49, "Plans": [{"Node Type": "Nested Loop", "Parent Relationship": "Outer", "Join Type": "Inner", "Startup Cost": 0.0, "Total Cost": 85308.75, "Plan Rows": 24, "Plan Width": 17, "Inner Unique": true, "Plans": [{"Node Type": "Nested Loop", "Parent Relationship": "Outer", "Join Type": "Inner", "Startup Cost": 0.0, "Total Cost": 85302.03, "Plan Rows": 24, "Plan Width": 21, "Inner Unique": false, "Plans": [{"Node Type": "Nested Loop", "Parent Relationship": "Outer", "Join Type": "Inner", "Startup Cost": 0.0, "Total Cost": 85223.04, "Plan Rows": 32, "Plan Width": 25, "Inner Unique": true, "Plans": [{"Node Type": "Nested Loop", "Parent Relationship": "Outer", "Join Type": "Inner", "Startup Cost": 0.0, "Total Cost": 84974.56, "Plan Rows": 30, "Plan Width": 4, "Inner Unique": true, "Plans": [{"Node Type": "Streaming(type: LOCAL GATHER dop: 1/16)", "Parent Relationship": "Outer", "Startup Cost": 0.0, "Total Cost": 84945.9, "Plan Rows": 59, "Plan Width": 8, "Plans": [{"Node Type": "Index Scan", "Parent Relationship": "Outer", "Scan Direction": "Forward", "Index Name": "company_type_id_movie_companies", "Relation Name": "movie_companies", "Alias": "mc", "Startup Cost": 0.0, "Total Cost": 84944.62, "Plan Rows": 59, "Plan Width": 8, "Filter": "(((note)::text ~~ '%(VHS)%'::text) AND ((note)::text ~~ '%(USA)%'::text) AND ((note)::text ~~ '%(1994)%'::text))"}]}, {"Node Type": "Index Scan", "Parent Relationship": "Inner", "Scan Direction": "Forward", "Index Name": "company_type_pkey", "Relation Name": "company_type", "Alias": "ct", "Startup Cost": 0.0, "Total Cost": 0.48, "Plan Rows": 1, "Plan Width": 4, "Index Cond": "(id = mc.company_type_id)", "Filter": "((kind)::text = 'production companies'::text)"}]}, {"Node Type": "Index Scan", "Parent Relationship": "Inner", "Scan Direction": "Forward", "Index Name": "title_pkey", "Relation Name": "title", "Alias": "t", "Startup Cost": 0.0, "Total Cost": 8.27, "Plan Rows": 1, "Plan Width": 21, "Index Cond": "(id = mc.movie_id)", "Filter": "(production_year > 2010)"}]}, {"Node Type": "Index Scan", "Parent Relationship": "Inner", "Scan Direction": "Forward", "Index Name": "movie_id_movie_info", "Relation Name": "movie_info", "Alias": "mi", "Startup Cost": 0.0, "Total Cost": 2.46, "Plan Rows": 1, "Plan Width": 8, "Index Cond": "(movie_id = t.id)", "Filter": "((info)::text = ANY ('{USA,America}'::text[]))"}]}, {"Node Type": "Index Scan", "Parent Relationship": "Inner", "Scan Direction": "Forward", "Index Name": "info_type_pkey", "Relation Name": "info_type", "Alias": "it", "Startup Cost": 0.0, "Total Cost": 0.27, "Plan Rows": 1, "Plan Width": 4, "Index Cond": "(id = mi.info_type_id)"}]}]}, "Unique SQL Id": 328306525, "Planner Runtime": 6}, "explain_analyze_plan": {"Plan": {"Node Type": "Aggregate", "Strategy": "Plain", "Startup Cost": 85308.81, "Total Cost": 85308.82, "Plan Rows": 1, "Plan Width": 49, "Actual Min Startup Time": 150.244, "Actual Max Startup Time": 150.244, "Actual Min Total Time": 150.245, "Actual Max Total Time": 150.245, "Plans": [{"Node Type": "Nested Loop", "Parent Relationship": "Outer", "Join Type": "Inner", "Startup Cost": 0.0, "Total Cost": 85308.75, "Plan Rows": 24, "Plan Width": 17, "Actual Min Startup Time": 150.235, "Actual Max Startup Time": 150.235, "Actual Min Total Time": 150.235, "Actual Max Total Time": 150.235, "Inner Unique": true, "Plans": [{"Node Type": "Nested Loop", "Parent Relationship": "Outer", "Join Type": "Inner", "Startup Cost": 0.0, "Total Cost": 85302.03, "Plan Rows": 24, "Plan Width": 21, "Actual Min Startup Time": 150.233, "Actual Max Startup Time": 150.233, "Actual Min Total Time": 150.233, "Actual Max Total Time": 150.233, "Inner Unique": false, "Plans": [{"Node Type": "Nested Loop", "Parent Relationship": "Outer", "Join Type": "Inner", "Startup Cost": 0.0, "Total Cost": 85223.04, "Plan Rows": 32, "Plan Width": 25, "Actual Min Startup Time": 150.231, "Actual Max Startup Time": 150.231, "Actual Min Total Time": 150.231, "Actual Max Total Time": 150.231, "Inner Unique": true, "Plans": [{"Node Type": "Nested Loop", "Parent Relationship": "Outer", "Join Type": "Inner", "Startup Cost": 0.0, "Total Cost": 84974.56, "Plan Rows": 30, "Plan Width": 4, "Actual Min Startup Time": 150.23, "Actual Max Startup Time": 150.23, "Actual Min Total Time": 150.23, "Actual Max Total Time": 150.23, "Inner Unique": true, "Plans": [{"Node Type": "Streaming(type: LOCAL GATHER dop: 1/16)", "Parent Relationship": "Outer", "Startup Cost": 0.0, "Total Cost": 84945.9, "Plan Rows": 59, "Plan Width": 8, "Actual Min Startup Time": 66.075, "Actual Max Startup Time": 66.075, "Actual Min Total Time": 148.824, "Actual Max Total Time": 148.824, "Plans": [{"Node Type": "Index Scan", "Parent Relationship": "Outer", "Scan Direction": "Forward", "Index Name": "company_type_id_movie_companies", "Relation Name": "movie_companies", "Alias": "mc", "Startup Cost": 0.0, "Total Cost": 84944.62, "Plan Rows": 59, "Plan Width": 8, "Actual Min Startup Time": 16.495, "Actual Max Startup Time": 89.017, "Actual Min Total Time": 87.219, "Actual Max Total Time": 133.431, "Filter": "(((note)::text ~~ '%(VHS)%'::text) AND ((note)::text ~~ '%(USA)%'::text) AND ((note)::text ~~ '%(1994)%'::text))", "Rows Removed by Filter": 2607710, "Actual Rows": 1418}], "Actual Rows": 1418}, {"Node Type": "Index Scan", "Parent Relationship": "Inner", "Scan Direction": "Forward", "Index Name": "company_type_pkey", "Relation Name": "company_type", "Alias": "ct", "Startup Cost": 0.0, "Total Cost": 0.48, "Plan Rows": 1, "Plan Width": 4, "Actual Min Startup Time": 0.826, "Actual Max Startup Time": 0.826, "Actual Min Total Time": 0.826, "Actual Max Total Time": 0.826, "Index Cond": "(id = mc.company_type_id)", "Rows Removed by Index Recheck": 0, "Filter": "((kind)::text = 'production companies'::text)", "Rows Removed by Filter": 0, "Actual Rows": 0}], "Actual Rows": 0}, {"Node Type": "Index Scan", "Parent Relationship": "Inner", "Scan Direction": "Forward", "Index Name": "title_pkey", "Relation Name": "title", "Alias": "t", "Startup Cost": 0.0, "Total Cost": 8.27, "Plan Rows": 1, "Plan Width": 21, "Actual Startup Time": 0.0, "Actual Total Time": 0.0, "Index Cond": "(id = mc.movie_id)", "Rows Removed by Index Recheck": 0, "Filter": "(production_year > 2010)", "Rows Removed by Filter": 0}], "Actual Rows": 0}, {"Node Type": "Index Scan", "Parent Relationship": "Inner", "Scan Direction": "Forward", "Index Name": "movie_id_movie_info", "Relation Name": "movie_info", "Alias": "mi", "Startup Cost": 0.0, "Total Cost": 2.46, "Plan Rows": 1, "Plan Width": 8, "Actual Startup Time": 0.0, "Actual Total Time": 0.0, "Index Cond": "(movie_id = t.id)", "Rows Removed by Index Recheck": 0, "Filter": "((info)::text = ANY ('{USA,America}'::text[]))", "Rows Removed by Filter": 0}], "Actual Rows": 0}, {"Node Type": "Index Scan", "Parent Relationship": "Inner", "Scan Direction": "Forward", "Index Name": "info_type_pkey", "Relation Name": "info_type", "Alias": "it", "Startup Cost": 0.0, "Total Cost": 0.27, "Plan Rows": 1, "Plan Width": 4, "Actual Startup Time": 0.0, "Actual Total Time": 0.0, "Index Cond": "(id = mi.info_type_id)", "Rows Removed by Index Recheck": 0}], "Actual Rows": 0}], "Actual Rows": 1}, "Triggers": [], "Planner Runtime": 9.809, "Total Runtime": 152.728, "Unique SQL Id": 328306525}}, "(16, '86')": {"explain_plan": {"Plan": {"Node Type": "Aggregate", "Strategy": "Plain", "Startup Cost": 19496.14, "Total Cost": 19496.15, "Plan Rows": 1, "Plan Width": 49, "Plans": [{"Node Type": "Merge Join", "Parent Relationship": "Outer", "Join Type": "Inner", "Startup Cost": 19495.18, "Total Cost": 19496.08, "Plan Rows": 24, "Plan Width": 17, "Inner Unique": true, "Merge Cond": "(mi.info_type_id = it.id)", "Plans": [{"Node Type": "Sort", "Parent Relationship": "Outer", "Startup Cost": 19489.24, "Total Cost": 19489.3, "Plan Rows": 24, "Plan Width": 21, "Sort Key": ["mi.info_type_id"], "Plans": [{"Node Type": "Nested Loop", "Parent Relationship": "Outer", "Join Type": "Inner", "Startup Cost": 19330.56, "Total Cost": 19488.69, "Plan Rows": 24, "Plan Width": 21, "Inner Unique": false, "Plans": [{"Node Type": "Merge Join", "Parent Relationship": "Outer", "Join Type": "Inner", "Startup Cost": 19329.69, "Total Cost": 19330.18, "Plan Rows": 32, "Plan Width": 25, "Inner Unique": false, "Merge Cond": "(ct.id = mc.company_type_id)", "Plans": [{"Node Type": "Sort", "Parent Relationship": "Outer", "Startup Cost": 1.05, "Total Cost": 1.05, "Plan Rows": 1, "Plan Width": 4, "Sort Key": ["ct.id"], "Plans": [{"Node Type": "Seq Scan", "Parent Relationship": "Outer", "Relation Name": "company_type", "Alias": "ct", "Startup Cost": 0.0, "Total Cost": 1.04, "Plan Rows": 1, "Plan Width": 4, "Filter": "((kind)::text = 'production companies'::text)"}]}, {"Node Type": "Sort", "Parent Relationship": "Inner", "Startup Cost": 19328.48, "Total Cost": 19328.64, "Plan Rows": 64, "Plan Width": 29, "Sort Key": ["mc.company_type_id"], "Plans": [{"Node Type": "Nested Loop", "Parent Relationship": "Outer", "Join Type": "Inner", "Startup Cost": 4.26, "Total Cost": 19326.56, "Plan Rows": 64, "Plan Width": 29, "Inner Unique": true, "Plans": [{"Node Type": "Streaming(type: LOCAL GATHER dop: 1/16)", "Parent Relationship": "Outer", "Startup Cost": 0.0, "Total Cost": 18837.88, "Plan Rows": 59, "Plan Width": 8, "Plans": [{"Node Type": "Seq Scan", "Parent Relationship": "Outer", "Relation Name": "movie_companies", "Alias": "mc", "Startup Cost": 0.0, "Total Cost": 18836.61, "Plan Rows": 59, "Plan Width": 8, "Filter": "(((note)::text ~~ '%(VHS)%'::text) AND ((note)::text ~~ '%(USA)%'::text) AND ((note)::text ~~ '%(1994)%'::text))"}]}, {"Node Type": "Bitmap Heap Scan", "Parent Relationship": "Inner", "Relation Name": "title", "Alias": "t", "Startup Cost": 4.26, "Total Cost": 8.27, "Plan Rows": 1, "Plan Width": 21, "Recheck Cond": "(id = mc.movie_id)", "Filter": "(production_year > 2010)", "Plans": [{"Node Type": "Bitmap Index Scan", "Parent Relationship": "Outer", "Index Name": "title_pkey", "Startup Cost": 0.0, "Total Cost": 4.26, "Plan Rows": 1, "Plan Width": 0, "Index Cond": "(id = mc.movie_id)"}]}]}]}]}, {"Node Type": "Bitmap Heap Scan", "Parent Relationship": "Inner", "Relation Name": "movie_info", "Alias": "mi", "Startup Cost": 0.87, "Total Cost": 4.94, "Plan Rows": 1, "Plan Width": 8, "Recheck Cond": "(movie_id = t.id)", "Filter": "((info)::text = ANY ('{USA,America}'::text[]))", "Plans": [{"Node Type": "Bitmap Index Scan", "Parent Relationship": "Outer", "Index Name": "movie_id_movie_info", "Startup Cost": 0.0, "Total Cost": 0.87, "Plan Rows": 5, "Plan Width": 0, "Index Cond": "(movie_id = t.id)"}]}]}]}, {"Node Type": "Sort", "Parent Relationship": "Inner", "Startup Cost": 5.93, "Total Cost": 6.21, "Plan Rows": 112, "Plan Width": 4, "Sort Key": ["it.id"], "Plans": [{"Node Type": "Seq Scan", "Parent Relationship": "Outer", "Relation Name": "info_type", "Alias": "it", "Startup Cost": 0.0, "Total Cost": 2.12, "Plan Rows": 112, "Plan Width": 4}]}]}]}, "Unique SQL Id": 328306525, "Planner Runtime": 7}, "explain_analyze_plan": {"Plan": {"Node Type": "Aggregate", "Strategy": "Plain", "Startup Cost": 19496.14, "Total Cost": 19496.15, "Plan Rows": 1, "Plan Width": 49, "Actual Min Startup Time": 80.952, "Actual Max Startup Time": 80.952, "Actual Min Total Time": 80.953, "Actual Max Total Time": 80.953, "Plans": [{"Node Type": "Merge Join", "Parent Relationship": "Outer", "Join Type": "Inner", "Startup Cost": 19495.18, "Total Cost": 19496.08, "Plan Rows": 24, "Plan Width": 17, "Actual Min Startup Time": 80.941, "Actual Max Startup Time": 80.941, "Actual Min Total Time": 80.941, "Actual Max Total Time": 80.941, "Inner Unique": true, "Merge Cond": "(mi.info_type_id = it.id)", "Plans": [{"Node Type": "Sort", "Parent Relationship": "Outer", "Startup Cost": 19489.24, "Total Cost": 19489.3, "Plan Rows": 24, "Plan Width": 21, "Actual Min Startup Time": 80.937, "Actual Max Startup Time": 80.937, "Actual Min Total Time": 80.937, "Actual Max Total Time": 80.937, "Sort Key": ["mi.info_type_id"], "Sort Method": "quicksort", "Sort Space Min Used": 25, "Sort Space Max Used": 25, "Sort Space Type": "Memory", "Plans": [{"Node Type": "Nested Loop", "Parent Relationship": "Outer", "Join Type": "Inner", "Startup Cost": 19330.56, "Total Cost": 19488.69, "Plan Rows": 24, "Plan Width": 21, "Actual Min Startup Time": 80.925, "Actual Max Startup Time": 80.925, "Actual Min Total Time": 80.925, "Actual Max Total Time": 80.925, "Inner Unique": false, "Plans": [{"Node Type": "Merge Join", "Parent Relationship": "Outer", "Join Type": "Inner", "Startup Cost": 19329.69, "Total Cost": 19330.18, "Plan Rows": 32, "Plan Width": 25, "Actual Min Startup Time": 80.923, "Actual Max Startup Time": 80.923, "Actual Min Total Time": 80.923, "Actual Max Total Time": 80.923, "Inner Unique": false, "Merge Cond": "(ct.id = mc.company_type_id)", "Plans": [{"Node Type": "Sort", "Parent Relationship": "Outer", "Startup Cost": 1.05, "Total Cost": 1.05, "Plan Rows": 1, "Plan Width": 4, "Actual Min Startup Time": 0.048, "Actual Max Startup Time": 0.048, "Actual Min Total Time": 0.048, "Actual Max Total Time": 0.048, "Sort Key": ["ct.id"], "Sort Method": "quicksort", "Sort Space Min Used": 25, "Sort Space Max Used": 25, "Sort Space Type": "Memory", "Plans": [{"Node Type": "Seq Scan", "Parent Relationship": "Outer", "Relation Name": "company_type", "Alias": "ct", "Startup Cost": 0.0, "Total Cost": 1.04, "Plan Rows": 1, "Plan Width": 4, "Actual Min Startup Time": 0.029, "Actual Max Startup Time": 0.029, "Actual Min Total Time": 0.033, "Actual Max Total Time": 0.033, "Filter": "((kind)::text = 'production companies'::text)", "Rows Removed by Filter": 2, "Actual Rows": 1}], "Actual Rows": 1}, {"Node Type": "Sort", "Parent Relationship": "Inner", "Startup Cost": 19328.48, "Total Cost": 19328.64, "Plan Rows": 64, "Plan Width": 29, "Actual Min Startup Time": 80.855, "Actual Max Startup Time": 80.855, "Actual Min Total Time": 80.855, "Actual Max Total Time": 80.855, "Sort Key": ["mc.company_type_id"], "Sort Method": "quicksort", "Sort Space Min Used": 25, "Sort Space Max Used": 25, "Sort Space Type": "Memory", "Plans": [{"Node Type": "Nested Loop", "Parent Relationship": "Outer", "Join Type": "Inner", "Startup Cost": 4.26, "Total Cost": 19326.56, "Plan Rows": 64, "Plan Width": 29, "Actual Min Startup Time": 80.847, "Actual Max Startup Time": 80.847, "Actual Min Total Time": 80.847, "Actual Max Total Time": 80.847, "Inner Unique": true, "Plans": [{"Node Type": "Streaming(type: LOCAL GATHER dop: 1/16)", "Parent Relationship": "Outer", "Startup Cost": 0.0, "Total Cost": 18837.88, "Plan Rows": 59, "Plan Width": 8, "Actual Min Startup Time": 41.782, "Actual Max Startup Time": 41.782, "Actual Min Total Time": 70.592, "Actual Max Total Time": 70.592, "Plans": [{"Node Type": "Seq Scan", "Parent Relationship": "Outer", "Relation Name": "movie_companies", "Alias": "mc", "Startup Cost": 0.0, "Total Cost": 18836.61, "Plan Rows": 59, "Plan Width": 8, "Actual Min Startup Time": 0.99, "Actual Max Startup Time": 12.197, "Actual Min Total Time": 54.31, "Actual Max Total Time": 60.792, "Filter": "(((note)::text ~~ '%(VHS)%'::text) AND ((note)::text ~~ '%(USA)%'::text) AND ((note)::text ~~ '%(1994)%'::text))", "Rows Removed by Filter": 2607710, "Actual Rows": 1418}], "Actual Rows": 1418}, {"Node Type": "Bitmap Heap Scan", "Parent Relationship": "Inner", "Relation Name": "title", "Alias": "t", "Startup Cost": 4.26, "Total Cost": 8.27, "Plan Rows": 1, "Plan Width": 21, "Actual Min Startup Time": 8.591, "Actual Max Startup Time": 8.591, "Actual Min Total Time": 8.591, "Actual Max Total Time": 8.591, "Recheck Cond": "(id = mc.movie_id)", "Rows Removed by Index Recheck": 0, "Filter": "(production_year > 2010)", "Rows Removed by Filter": 1418, "Exact Heap Blocks": 1418, "Lossy Heap Blocks": 1418, "Plans": [{"Node Type": "Bitmap Index Scan", "Parent Relationship": "Outer", "Index Name": "title_pkey", "Startup Cost": 0.0, "Total Cost": 4.26, "Plan Rows": 1, "Plan Width": 0, "Actual Min Startup Time": 4.972, "Actual Max Startup Time": 4.972, "Actual Min Total Time": 4.972, "Actual Max Total Time": 4.972, "Index Cond": "(id = mc.movie_id)", "Actual Rows": 1418}], "Actual Rows": 0}], "Actual Rows": 0}], "Actual Rows": 0}], "Actual Rows": 0}, {"Node Type": "Bitmap Heap Scan", "Parent Relationship": "Inner", "Relation Name": "movie_info", "Alias": "mi", "Startup Cost": 0.87, "Total Cost": 4.94, "Plan Rows": 1, "Plan Width": 8, "Actual Startup Time": 0.0, "Actual Total Time": 0.0, "Recheck Cond": "(movie_id = t.id)", "Rows Removed by Index Recheck": 0, "Filter": "((info)::text = ANY ('{USA,America}'::text[]))", "Rows Removed by Filter": 0, "Exact Heap Blocks": 0, "Lossy Heap Blocks": 0, "Plans": [{"Node Type": "Bitmap Index Scan", "Parent Relationship": "Outer", "Index Name": "movie_id_movie_info", "Startup Cost": 0.0, "Total Cost": 0.87, "Plan Rows": 5, "Plan Width": 0, "Actual Startup Time": 0.0, "Actual Total Time": 0.0, "Index Cond": "(movie_id = t.id)"}]}], "Actual Rows": 0}], "Actual Rows": 0}, {"Node Type": "Sort", "Parent Relationship": "Inner", "Startup Cost": 5.93, "Total Cost": 6.21, "Plan Rows": 112, "Plan Width": 4, "Actual Startup Time": 0.0, "Actual Total Time": 0.0, "Sort Key": ["it.id"], "Plans": [{"Node Type": "Seq Scan", "Parent Relationship": "Outer", "Relation Name": "info_type", "Alias": "it", "Startup Cost": 0.0, "Total Cost": 2.12, "Plan Rows": 112, "Plan Width": 4, "Actual Startup Time": 0.0, "Actual Total Time": 0.0}]}], "Actual Rows": 0}], "Actual Rows": 1}, "Triggers": [], "Planner Runtime": 7.26, "Total Runtime": 83.527, "Unique SQL Id": 328306525}}, "(16, '87')": {"explain_plan": {"Plan": {"Node Type": "Aggregate", "Strategy": "Plain", "Startup Cost": 71749.13, "Total Cost": 71749.14, "Plan Rows": 1, "Plan Width": 49, "Plans": [{"Node Type": "Nested Loop", "Parent Relationship": "Outer", "Join Type": "Inner", "Startup Cost": 28957.62, "Total Cost": 71749.07, "Plan Rows": 24, "Plan Width": 17, "Inner Unique": true, "Plans": [{"Node Type": "Nested Loop", "Parent Relationship": "Outer", "Join Type": "Inner", "Startup Cost": 28957.36, "Total Cost": 71646.35, "Plan Rows": 24, "Plan Width": 21, "Inner Unique": true, "Plans": [{"Node Type": "Nested Loop", "Parent Relationship": "Outer", "Join Type": "Inner", "Startup Cost": 28957.04, "Total Cost": 71502.93, "Plan Rows": 33, "Plan Width": 12, "Inner Unique": false, "Plans": [{"Node Type": "Nested Loop", "Parent Relationship": "Outer", "Join Type": "Inner", "Startup Cost": 28952.75, "Total Cost": 70774.36, "Plan Rows": 30, "Plan Width": 4, "Inner Unique": false, "Plans": [{"Node Type": "Bitmap Heap Scan", "Parent Relationship": "Outer", "Relation Name": "company_type", "Alias": "ct", "Startup Cost": 8.27, "Total Cost": 12.3, "Plan Rows": 1, "Plan Width": 4, "Filter": "((kind)::text = 'production companies'::text)", "Plans": [{"Node Type": "Bitmap Index Scan", "Parent Relationship": "Outer", "Index Name": "company_type_pkey", "Startup Cost": 0.0, "Total Cost": 8.27, "Plan Rows": 3, "Plan Width": 0}]}, {"Node Type": "Bitmap Heap Scan", "Parent Relationship": "Inner", "Relation Name": "movie_companies", "Alias": "mc", "Startup Cost": 28944.49, "Total Cost": 70761.77, "Plan Rows": 29, "Plan Width": 8, "Recheck Cond": "(company_type_id = ct.id)", "Filter": "(((note)::text ~~ '%(VHS)%'::text) AND ((note)::text ~~ '%(USA)%'::text) AND ((note)::text ~~ '%(1994)%'::text))", "Plans": [{"Node Type": "Bitmap Index Scan", "Parent Relationship": "Outer", "Index Name": "company_type_id_movie_companies", "Startup Cost": 0.0, "Total Cost": 28944.48, "Plan Rows": 1304564, "Plan Width": 0, "Index Cond": "(company_type_id = ct.id)"}]}]}, {"Node Type": "Bitmap Heap Scan", "Parent Relationship": "Inner", "Relation Name": "movie_info", "Alias": "mi", "Startup Cost": 4.29, "Total Cost": 24.28, "Plan Rows": 1, "Plan Width": 8, "Recheck Cond": "(movie_id = mc.movie_id)", "Filter": "((info)::text = ANY ('{USA,America}'::text[]))", "Plans": [{"Node Type": "Bitmap Index Scan", "Parent Relationship": "Outer", "Index Name": "movie_id_movie_info", "Startup Cost": 0.0, "Total Cost": 4.29, "Plan Rows": 5, "Plan Width": 0, "Index Cond": "(movie_id = mc.movie_id)"}]}]}, {"Node Type": "Bitmap Heap Scan", "Parent Relationship": "Inner", "Relation Name": "title", "Alias": "t", "Startup Cost": 0.32, "Total Cost": 4.34, "Plan Rows": 1, "Plan Width": 21, "Recheck Cond": "(id = mi.movie_id)", "Filter": "(production_year > 2010)", "Plans": [{"Node Type": "Bitmap Index Scan", "Parent Relationship": "Outer", "Index Name": "title_pkey", "Startup Cost": 0.0, "Total Cost": 0.32, "Plan Rows": 1, "Plan Width": 0, "Index Cond": "(id = mi.movie_id)"}]}]}, {"Node Type": "Bitmap Heap Scan", "Parent Relationship": "Inner", "Relation Name": "info_type", "Alias": "it", "Startup Cost": 0.26, "Total Cost": 4.27, "Plan Rows": 1, "Plan Width": 4, "Recheck Cond": "(id = mi.info_type_id)", "Plans": [{"Node Type": "Bitmap Index Scan", "Parent Relationship": "Outer", "Index Name": "info_type_pkey", "Startup Cost": 0.0, "Total Cost": 0.26, "Plan Rows": 1, "Plan Width": 0, "Index Cond": "(id = mi.info_type_id)"}]}]}]}, "Unique SQL Id": 328306525, "Planner Runtime": 6}, "explain_analyze_plan": null}, "(16, '88')": {"explain_plan": {"Plan": {"Node Type": "Aggregate", "Strategy": "Plain", "Startup Cost": 19200.79, "Total Cost": 19200.8, "Plan Rows": 1, "Plan Width": 49, "Plans": [{"Node Type": "Nested Loop", "Parent Relationship": "Outer", "Join Type": "Inner", "Startup Cost": 0.0, "Total Cost": 19200.73, "Plan Rows": 24, "Plan Width": 17, "Inner Unique": true, "Plans": [{"Node Type": "Nested Loop", "Parent Relationship": "Outer", "Join Type": "Inner", "Startup Cost": 0.0, "Total Cost": 19194.01, "Plan Rows": 24, "Plan Width": 21, "Inner Unique": false, "Plans": [{"Node Type": "Nested Loop", "Parent Relationship": "Outer", "Join Type": "Inner", "Startup Cost": 0.0, "Total Cost": 19115.02, "Plan Rows": 32, "Plan Width": 25, "Inner Unique": true, "Plans": [{"Node Type": "Nested Loop", "Parent Relationship": "Outer", "Join Type": "Inner", "Startup Cost": 0.0, "Total Cost": 18866.55, "Plan Rows": 30, "Plan Width": 4, "Inner Unique": true, "Plans": [{"Node Type": "Streaming(type: LOCAL GATHER dop: 1/16)", "Parent Relationship": "Outer", "Startup Cost": 0.0, "Total Cost": 18837.88, "Plan Rows": 59, "Plan Width": 8, "Plans": [{"Node Type": "Seq Scan", "Parent Relationship": "Outer", "Relation Name": "movie_companies", "Alias": "mc", "Startup Cost": 0.0, "Total Cost": 18836.61, "Plan Rows": 59, "Plan Width": 8, "Filter": "(((note)::text ~~ '%(VHS)%'::text) AND ((note)::text ~~ '%(USA)%'::text) AND ((note)::text ~~ '%(1994)%'::text))"}]}, {"Node Type": "Index Scan", "Parent Relationship": "Inner", "Scan Direction": "Forward", "Index Name": "company_type_pkey", "Relation Name": "company_type", "Alias": "ct", "Startup Cost": 0.0, "Total Cost": 0.48, "Plan Rows": 1, "Plan Width": 4, "Index Cond": "(id = mc.company_type_id)", "Filter": "((kind)::text = 'production companies'::text)"}]}, {"Node Type": "Index Scan", "Parent Relationship": "Inner", "Scan Direction": "Forward", "Index Name": "title_pkey", "Relation Name": "title", "Alias": "t", "Startup Cost": 0.0, "Total Cost": 8.27, "Plan Rows": 1, "Plan Width": 21, "Index Cond": "(id = mc.movie_id)", "Filter": "(production_year > 2010)"}]}, {"Node Type": "Index Scan", "Parent Relationship": "Inner", "Scan Direction": "Forward", "Index Name": "movie_id_movie_info", "Relation Name": "movie_info", "Alias": "mi", "Startup Cost": 0.0, "Total Cost": 2.46, "Plan Rows": 1, "Plan Width": 8, "Index Cond": "(movie_id = t.id)", "Filter": "((info)::text = ANY ('{USA,America}'::text[]))"}]}, {"Node Type": "Index Only Scan", "Parent Relationship": "Inner", "Scan Direction": "Forward", "Index Name": "info_type_pkey", "Relation Name": "info_type", "Alias": "it", "Startup Cost": 0.0, "Total Cost": 0.27, "Plan Rows": 1, "Plan Width": 4, "Index Cond": "(id = mi.info_type_id)"}]}]}, "Unique SQL Id": 328306525, "Planner Runtime": 6}, "explain_analyze_plan": {"Plan": {"Node Type": "Aggregate", "Strategy": "Plain", "Startup Cost": 19200.79, "Total Cost": 19200.8, "Plan Rows": 1, "Plan Width": 49, "Actual Min Startup Time": 81.008, "Actual Max Startup Time": 81.008, "Actual Min Total Time": 81.008, "Actual Max Total Time": 81.008, "Plans": [{"Node Type": "Nested Loop", "Parent Relationship": "Outer", "Join Type": "Inner", "Startup Cost": 0.0, "Total Cost": 19200.73, "Plan Rows": 24, "Plan Width": 17, "Actual Min Startup Time": 80.997, "Actual Max Startup Time": 80.997, "Actual Min Total Time": 80.997, "Actual Max Total Time": 80.997, "Inner Unique": true, "Plans": [{"Node Type": "Nested Loop", "Parent Relationship": "Outer", "Join Type": "Inner", "Startup Cost": 0.0, "Total Cost": 19194.01, "Plan Rows": 24, "Plan Width": 21, "Actual Min Startup Time": 80.996, "Actual Max Startup Time": 80.996, "Actual Min Total Time": 80.996, "Actual Max Total Time": 80.996, "Inner Unique": false, "Plans": [{"Node Type": "Nested Loop", "Parent Relationship": "Outer", "Join Type": "Inner", "Startup Cost": 0.0, "Total Cost": 19115.02, "Plan Rows": 32, "Plan Width": 25, "Actual Min Startup Time": 80.994, "Actual Max Startup Time": 80.994, "Actual Min Total Time": 80.994, "Actual Max Total Time": 80.994, "Inner Unique": true, "Plans": [{"Node Type": "Nested Loop", "Parent Relationship": "Outer", "Join Type": "Inner", "Startup Cost": 0.0, "Total Cost": 18866.55, "Plan Rows": 30, "Plan Width": 4, "Actual Min Startup Time": 80.993, "Actual Max Startup Time": 80.993, "Actual Min Total Time": 80.993, "Actual Max Total Time": 80.993, "Inner Unique": true, "Plans": [{"Node Type": "Streaming(type: LOCAL GATHER dop: 1/16)", "Parent Relationship": "Outer", "Startup Cost": 0.0, "Total Cost": 18837.88, "Plan Rows": 59, "Plan Width": 8, "Actual Min Startup Time": 44.869, "Actual Max Startup Time": 44.869, "Actual Min Total Time": 79.645, "Actual Max Total Time": 79.645, "Plans": [{"Node Type": "Seq Scan", "Parent Relationship": "Outer", "Relation Name": "movie_companies", "Alias": "mc", "Startup Cost": 0.0, "Total Cost": 18836.61, "Plan Rows": 59, "Plan Width": 8, "Actual Min Startup Time": 1.004, "Actual Max Startup Time": 12.222, "Actual Min Total Time": 54.573, "Actual Max Total Time": 60.817, "Filter": "(((note)::text ~~ '%(VHS)%'::text) AND ((note)::text ~~ '%(USA)%'::text) AND ((note)::text ~~ '%(1994)%'::text))", "Rows Removed by Filter": 2607710, "Actual Rows": 1418}], "Actual Rows": 1418}, {"Node Type": "Index Scan", "Parent Relationship": "Inner", "Scan Direction": "Forward", "Index Name": "company_type_pkey", "Relation Name": "company_type", "Alias": "ct", "Startup Cost": 0.0, "Total Cost": 0.48, "Plan Rows": 1, "Plan Width": 4, "Actual Min Startup Time": 0.771, "Actual Max Startup Time": 0.771, "Actual Min Total Time": 0.771, "Actual Max Total Time": 0.771, "Index Cond": "(id = mc.company_type_id)", "Rows Removed by Index Recheck": 0, "Filter": "((kind)::text = 'production companies'::text)", "Rows Removed by Filter": 0, "Actual Rows": 0}], "Actual Rows": 0}, {"Node Type": "Index Scan", "Parent Relationship": "Inner", "Scan Direction": "Forward", "Index Name": "title_pkey", "Relation Name": "title", "Alias": "t", "Startup Cost": 0.0, "Total Cost": 8.27, "Plan Rows": 1, "Plan Width": 21, "Actual Startup Time": 0.0, "Actual Total Time": 0.0, "Index Cond": "(id = mc.movie_id)", "Rows Removed by Index Recheck": 0, "Filter": "(production_year > 2010)", "Rows Removed by Filter": 0}], "Actual Rows": 0}, {"Node Type": "Index Scan", "Parent Relationship": "Inner", "Scan Direction": "Forward", "Index Name": "movie_id_movie_info", "Relation Name": "movie_info", "Alias": "mi", "Startup Cost": 0.0, "Total Cost": 2.46, "Plan Rows": 1, "Plan Width": 8, "Actual Startup Time": 0.0, "Actual Total Time": 0.0, "Index Cond": "(movie_id = t.id)", "Rows Removed by Index Recheck": 0, "Filter": "((info)::text = ANY ('{USA,America}'::text[]))", "Rows Removed by Filter": 0}], "Actual Rows": 0}, {"Node Type": "Index Only Scan", "Parent Relationship": "Inner", "Scan Direction": "Forward", "Index Name": "info_type_pkey", "Relation Name": "info_type", "Alias": "it", "Startup Cost": 0.0, "Total Cost": 0.27, "Plan Rows": 1, "Plan Width": 4, "Actual Startup Time": 0.0, "Actual Total Time": 0.0, "Index Cond": "(id = mi.info_type_id)", "Rows Removed by Index Recheck": 0, "Heap Fetches": 0}], "Actual Rows": 0}], "Actual Rows": 1}, "Triggers": [], "Planner Runtime": 10.164, "Total Runtime": 83.683, "Unique SQL Id": 328306525}}, "(16, '89')": {"explain_plan": {"Plan": {"Node Type": "Aggregate", "Strategy": "Plain", "Startup Cost": 85308.81, "Total Cost": 85308.82, "Plan Rows": 1, "Plan Width": 49, "Plans": [{"Node Type": "Nested Loop", "Parent Relationship": "Outer", "Join Type": "Inner", "Startup Cost": 0.0, "Total Cost": 85308.75, "Plan Rows": 24, "Plan Width": 17, "Inner Unique": true, "Plans": [{"Node Type": "Nested Loop", "Parent Relationship": "Outer", "Join Type": "Inner", "Startup Cost": 0.0, "Total Cost": 85302.03, "Plan Rows": 24, "Plan Width": 21, "Inner Unique": false, "Plans": [{"Node Type": "Nested Loop", "Parent Relationship": "Outer", "Join Type": "Inner", "Startup Cost": 0.0, "Total Cost": 85223.04, "Plan Rows": 32, "Plan Width": 25, "Inner Unique": true, "Plans": [{"Node Type": "Nested Loop", "Parent Relationship": "Outer", "Join Type": "Inner", "Startup Cost": 0.0, "Total Cost": 84974.56, "Plan Rows": 30, "Plan Width": 4, "Inner Unique": true, "Plans": [{"Node Type": "Streaming(type: LOCAL GATHER dop: 1/16)", "Parent Relationship": "Outer", "Startup Cost": 0.0, "Total Cost": 84945.9, "Plan Rows": 59, "Plan Width": 8, "Plans": [{"Node Type": "Index Scan", "Parent Relationship": "Outer", "Scan Direction": "Forward", "Index Name": "company_type_id_movie_companies", "Relation Name": "movie_companies", "Alias": "mc", "Startup Cost": 0.0, "Total Cost": 84944.62, "Plan Rows": 59, "Plan Width": 8, "Filter": "(((note)::text ~~ '%(VHS)%'::text) AND ((note)::text ~~ '%(USA)%'::text) AND ((note)::text ~~ '%(1994)%'::text))"}]}, {"Node Type": "Index Scan", "Parent Relationship": "Inner", "Scan Direction": "Forward", "Index Name": "company_type_pkey", "Relation Name": "company_type", "Alias": "ct", "Startup Cost": 0.0, "Total Cost": 0.48, "Plan Rows": 1, "Plan Width": 4, "Index Cond": "(id = mc.company_type_id)", "Filter": "((kind)::text = 'production companies'::text)"}]}, {"Node Type": "Index Scan", "Parent Relationship": "Inner", "Scan Direction": "Forward", "Index Name": "title_pkey", "Relation Name": "title", "Alias": "t", "Startup Cost": 0.0, "Total Cost": 8.27, "Plan Rows": 1, "Plan Width": 21, "Index Cond": "(id = mc.movie_id)", "Filter": "(production_year > 2010)"}]}, {"Node Type": "Index Scan", "Parent Relationship": "Inner", "Scan Direction": "Forward", "Index Name": "movie_id_movie_info", "Relation Name": "movie_info", "Alias": "mi", "Startup Cost": 0.0, "Total Cost": 2.46, "Plan Rows": 1, "Plan Width": 8, "Index Cond": "(movie_id = t.id)", "Filter": "((info)::text = ANY ('{USA,America}'::text[]))"}]}, {"Node Type": "Index Only Scan", "Parent Relationship": "Inner", "Scan Direction": "Forward", "Index Name": "info_type_pkey", "Relation Name": "info_type", "Alias": "it", "Startup Cost": 0.0, "Total Cost": 0.27, "Plan Rows": 1, "Plan Width": 4, "Index Cond": "(id = mi.info_type_id)"}]}]}, "Unique SQL Id": 328306525, "Planner Runtime": 6}, "explain_analyze_plan": {"Plan": {"Node Type": "Aggregate", "Strategy": "Plain", "Startup Cost": 85308.81, "Total Cost": 85308.82, "Plan Rows": 1, "Plan Width": 49, "Actual Min Startup Time": 150.176, "Actual Max Startup Time": 150.176, "Actual Min Total Time": 150.176, "Actual Max Total Time": 150.176, "Plans": [{"Node Type": "Nested Loop", "Parent Relationship": "Outer", "Join Type": "Inner", "Startup Cost": 0.0, "Total Cost": 85308.75, "Plan Rows": 24, "Plan Width": 17, "Actual Min Startup Time": 150.168, "Actual Max Startup Time": 150.168, "Actual Min Total Time": 150.168, "Actual Max Total Time": 150.168, "Inner Unique": true, "Plans": [{"Node Type": "Nested Loop", "Parent Relationship": "Outer", "Join Type": "Inner", "Startup Cost": 0.0, "Total Cost": 85302.03, "Plan Rows": 24, "Plan Width": 21, "Actual Min Startup Time": 150.166, "Actual Max Startup Time": 150.166, "Actual Min Total Time": 150.166, "Actual Max Total Time": 150.166, "Inner Unique": false, "Plans": [{"Node Type": "Nested Loop", "Parent Relationship": "Outer", "Join Type": "Inner", "Startup Cost": 0.0, "Total Cost": 85223.04, "Plan Rows": 32, "Plan Width": 25, "Actual Min Startup Time": 150.164, "Actual Max Startup Time": 150.164, "Actual Min Total Time": 150.164, "Actual Max Total Time": 150.164, "Inner Unique": true, "Plans": [{"Node Type": "Nested Loop", "Parent Relationship": "Outer", "Join Type": "Inner", "Startup Cost": 0.0, "Total Cost": 84974.56, "Plan Rows": 30, "Plan Width": 4, "Actual Min Startup Time": 150.163, "Actual Max Startup Time": 150.163, "Actual Min Total Time": 150.163, "Actual Max Total Time": 150.163, "Inner Unique": true, "Plans": [{"Node Type": "Streaming(type: LOCAL GATHER dop: 1/16)", "Parent Relationship": "Outer", "Startup Cost": 0.0, "Total Cost": 84945.9, "Plan Rows": 59, "Plan Width": 8, "Actual Min Startup Time": 65.979, "Actual Max Startup Time": 65.979, "Actual Min Total Time": 148.726, "Actual Max Total Time": 148.726, "Plans": [{"Node Type": "Index Scan", "Parent Relationship": "Outer", "Scan Direction": "Forward", "Index Name": "company_type_id_movie_companies", "Relation Name": "movie_companies", "Alias": "mc", "Startup Cost": 0.0, "Total Cost": 84944.62, "Plan Rows": 59, "Plan Width": 8, "Actual Min Startup Time": 15.507, "Actual Max Startup Time": 89.813, "Actual Min Total Time": 87.022, "Actual Max Total Time": 133.298, "Filter": "(((note)::text ~~ '%(VHS)%'::text) AND ((note)::text ~~ '%(USA)%'::text) AND ((note)::text ~~ '%(1994)%'::text))", "Rows Removed by Filter": 2607710, "Actual Rows": 1418}], "Actual Rows": 1418}, {"Node Type": "Index Scan", "Parent Relationship": "Inner", "Scan Direction": "Forward", "Index Name": "company_type_pkey", "Relation Name": "company_type", "Alias": "ct", "Startup Cost": 0.0, "Total Cost": 0.48, "Plan Rows": 1, "Plan Width": 4, "Actual Min Startup Time": 0.884, "Actual Max Startup Time": 0.884, "Actual Min Total Time": 0.884, "Actual Max Total Time": 0.884, "Index Cond": "(id = mc.company_type_id)", "Rows Removed by Index Recheck": 0, "Filter": "((kind)::text = 'production companies'::text)", "Rows Removed by Filter": 0, "Actual Rows": 0}], "Actual Rows": 0}, {"Node Type": "Index Scan", "Parent Relationship": "Inner", "Scan Direction": "Forward", "Index Name": "title_pkey", "Relation Name": "title", "Alias": "t", "Startup Cost": 0.0, "Total Cost": 8.27, "Plan Rows": 1, "Plan Width": 21, "Actual Startup Time": 0.0, "Actual Total Time": 0.0, "Index Cond": "(id = mc.movie_id)", "Rows Removed by Index Recheck": 0, "Filter": "(production_year > 2010)", "Rows Removed by Filter": 0}], "Actual Rows": 0}, {"Node Type": "Index Scan", "Parent Relationship": "Inner", "Scan Direction": "Forward", "Index Name": "movie_id_movie_info", "Relation Name": "movie_info", "Alias": "mi", "Startup Cost": 0.0, "Total Cost": 2.46, "Plan Rows": 1, "Plan Width": 8, "Actual Startup Time": 0.0, "Actual Total Time": 0.0, "Index Cond": "(movie_id = t.id)", "Rows Removed by Index Recheck": 0, "Filter": "((info)::text = ANY ('{USA,America}'::text[]))", "Rows Removed by Filter": 0}], "Actual Rows": 0}, {"Node Type": "Index Only Scan", "Parent Relationship": "Inner", "Scan Direction": "Forward", "Index Name": "info_type_pkey", "Relation Name": "info_type", "Alias": "it", "Startup Cost": 0.0, "Total Cost": 0.27, "Plan Rows": 1, "Plan Width": 4, "Actual Startup Time": 0.0, "Actual Total Time": 0.0, "Index Cond": "(id = mi.info_type_id)", "Rows Removed by Index Recheck": 0, "Heap Fetches": 0}], "Actual Rows": 0}], "Actual Rows": 1}, "Triggers": [], "Planner Runtime": 9.777, "Total Runtime": 152.638, "Unique SQL Id": 328306525}}, "(16, '90')": {"explain_plan": {"Plan": {"Node Type": "Aggregate", "Strategy": "Plain", "Startup Cost": 2098988845138.93, "Total Cost": 2098988845138.94, "Plan Rows": 1, "Plan Width": 49, "Plans": [{"Node Type": "Merge Join", "Parent Relationship": "Outer", "Join Type": "Inner", "Startup Cost": 1109703046543.07, "Total Cost": 2098988845138.87, "Plan Rows": 24, "Plan Width": 17, "Inner Unique": false, "Merge Cond": "(t.id = mi.movie_id)", "Plans": [{"Node Type": "Index Scan", "Parent Relationship": "Outer", "Scan Direction": "Forward", "Index Name": "title_pkey", "Relation Name": "title", "Alias": "t", "Startup Cost": 10000000000.0, "Total Cost": 1000011644126.66, "Plan Rows": 391451, "Plan Width": 21, "Filter": "(production_year > 2010), (LLVM Optimized)"}, {"Node Type": "Sort", "Parent Relationship": "Inner", "Startup Cost": 1099677755723.91, "Total Cost": 1099677755723.99, "Plan Rows": 33, "Plan Width": 8, "Sort Key": ["mc.movie_id"], "Plans": [{"Node Type": "Merge Join", "Parent Relationship": "Outer", "Join Type": "Inner", "Startup Cost": 1099677755722.04, "Total Cost": 1099677755723.07, "Plan Rows": 33, "Plan Width": 8, "Inner Unique": true, "Merge Cond": "(mi.info_type_id = it.id)", "Plans": [{"Node Type": "Sort", "Parent Relationship": "Outer", "Startup Cost": 1099677755716.1, "Total Cost": 1099677755716.18, "Plan Rows": 33, "Plan Width": 12, "Sort Key": ["mi.info_type_id"], "Plans": [{"Node Type": "Merge Join", "Parent Relationship": "Outer", "Join Type": "Inner", "Startup Cost": 110000188397.31, "Total Cost": 1099677755715.26, "Plan Rows": 33, "Plan Width": 12, "Inner Unique": false, "Merge Cond": "(mi.movie_id = mc.movie_id)", "Plans": [{"Node Type": "Index Scan", "Parent Relationship": "Outer", "Scan Direction": "Forward", "Index Name": "movie_id_movie_info", "Relation Name": "movie_info", "Alias": "mi", "Startup Cost": 10000000000.0, "Total Cost": 1000107534403.72, "Plan Rows": 584897, "Plan Width": 8, "Filter": "((info)::text = ANY ('{USA,America}'::text[]))"}, {"Node Type": "Sort", "Parent Relationship": "Inner", "Startup Cost": 100000188397.31, "Total Cost": 100000188397.38, "Plan Rows": 30, "Plan Width": 4, "Sort Key": ["mc.movie_id"], "Plans": [{"Node Type": "Nested Loop", "Parent Relationship": "Outer", "Join Type": "Inner", "Startup Cost": 10000000000.0, "Total Cost": 100000188396.57, "Plan Rows": 30, "Plan Width": 4, "Inner Unique": false, "Join Filter": "(ct.id = mc.company_type_id)", "Plans": [{"Node Type": "Seq Scan", "Parent Relationship": "Outer", "Relation Name": "company_type", "Alias": "ct", "Startup Cost": 0.0, "Total Cost": 1.04, "Plan Rows": 1, "Plan Width": 4, "Filter": "((kind)::text = 'production companies'::text)"}, {"Node Type": "Materialize", "Parent Relationship": "Inner", "Startup Cost": 0.0, "Total Cost": 18838.03, "Plan Rows": 59, "Plan Width": 8, "Plans": [{"Node Type": "Streaming(type: LOCAL GATHER dop: 1/16)", "Parent Relationship": "Outer", "Startup Cost": 0.0, "Total Cost": 18837.88, "Plan Rows": 59, "Plan Width": 8, "Plans": [{"Node Type": "Seq Scan", "Parent Relationship": "Outer", "Relation Name": "movie_companies", "Alias": "mc", "Startup Cost": 0.0, "Total Cost": 18836.61, "Plan Rows": 59, "Plan Width": 8, "Filter": "(((note)::text ~~ '%(VHS)%'::text) AND ((note)::text ~~ '%(USA)%'::text) AND ((note)::text ~~ '%(1994)%'::text))"}]}]}]}]}]}]}, {"Node Type": "Sort", "Parent Relationship": "Inner", "Startup Cost": 5.93, "Total Cost": 6.21, "Plan Rows": 112, "Plan Width": 4, "Sort Key": ["it.id"], "Plans": [{"Node Type": "Seq Scan", "Parent Relationship": "Outer", "Relation Name": "info_type", "Alias": "it", "Startup Cost": 0.0, "Total Cost": 2.12, "Plan Rows": 112, "Plan Width": 4}]}]}]}]}]}, "Unique SQL Id": 328306525, "Planner Runtime": 10}, "explain_analyze_plan": {"Plan": {"Node Type": "Aggregate", "Strategy": "Plain", "Startup Cost": 2098988845138.93, "Total Cost": 2098988845138.94, "Plan Rows": 1, "Plan Width": 49, "Actual Min Startup Time": 79.905, "Actual Max Startup Time": 79.905, "Actual Min Total Time": 79.906, "Actual Max Total Time": 79.906, "Plans": [{"Node Type": "Merge Join", "Parent Relationship": "Outer", "Join Type": "Inner", "Startup Cost": 1109703046543.07, "Total Cost": 2098988845138.87, "Plan Rows": 24, "Plan Width": 17, "Actual Min Startup Time": 79.894, "Actual Max Startup Time": 79.894, "Actual Min Total Time": 79.894, "Actual Max Total Time": 79.894, "Inner Unique": false, "Merge Cond": "(t.id = mi.movie_id)", "Plans": [{"Node Type": "Index Scan", "Parent Relationship": "Outer", "Scan Direction": "Forward", "Index Name": "title_pkey", "Relation Name": "title", "Alias": "t", "Startup Cost": 10000000000.0, "Total Cost": 1000011644126.66, "Plan Rows": 391451, "Plan Width": 21, "Actual Min Startup Time": 0.09, "Actual Max Startup Time": 0.09, "Actual Min Total Time": 0.09, "Actual Max Total Time": 0.09, "Filter": "(production_year > 2010), (LLVM Optimized)", "Rows Removed by Filter": 10, "Actual Rows": 1}, {"Node Type": "Sort", "Parent Relationship": "Inner", "Startup Cost": 1099677755723.91, "Total Cost": 1099677755723.99, "Plan Rows": 33, "Plan Width": 8, "Actual Min Startup Time": 79.795, "Actual Max Startup Time": 79.795, "Actual Min Total Time": 79.795, "Actual Max Total Time": 79.795, "Sort Key": ["mc.movie_id"], "Sort Method": "quicksort", "Sort Space Min Used": 25, "Sort Space Max Used": 25, "Sort Space Type": "Memory", "Plans": [{"Node Type": "Merge Join", "Parent Relationship": "Outer", "Join Type": "Inner", "Startup Cost": 1099677755722.04, "Total Cost": 1099677755723.07, "Plan Rows": 33, "Plan Width": 8, "Actual Min Startup Time": 79.782, "Actual Max Startup Time": 79.782, "Actual Min Total Time": 79.782, "Actual Max Total Time": 79.782, "Inner Unique": true, "Merge Cond": "(mi.info_type_id = it.id)", "Plans": [{"Node Type": "Sort", "Parent Relationship": "Outer", "Startup Cost": 1099677755716.1, "Total Cost": 1099677755716.18, "Plan Rows": 33, "Plan Width": 12, "Actual Min Startup Time": 79.777, "Actual Max Startup Time": 79.777, "Actual Min Total Time": 79.777, "Actual Max Total Time": 79.777, "Sort Key": ["mi.info_type_id"], "Sort Method": "quicksort", "Sort Space Min Used": 25, "Sort Space Max Used": 25, "Sort Space Type": "Memory", "Plans": [{"Node Type": "Merge Join", "Parent Relationship": "Outer", "Join Type": "Inner", "Startup Cost": 110000188397.31, "Total Cost": 1099677755715.26, "Plan Rows": 33, "Plan Width": 12, "Actual Min Startup Time": 79.773, "Actual Max Startup Time": 79.773, "Actual Min Total Time": 79.773, "Actual Max Total Time": 79.773, "Inner Unique": false, "Merge Cond": "(mi.movie_id = mc.movie_id)", "Plans": [{"Node Type": "Index Scan", "Parent Relationship": "Outer", "Scan Direction": "Forward", "Index Name": "movie_id_movie_info", "Relation Name": "movie_info", "Alias": "mi", "Startup Cost": 10000000000.0, "Total Cost": 1000107534403.72, "Plan Rows": 584897, "Plan Width": 8, "Actual Min Startup Time": 0.063, "Actual Max Startup Time": 0.063, "Actual Min Total Time": 0.063, "Actual Max Total Time": 0.063, "Filter": "((info)::text = ANY ('{USA,America}'::text[]))", "Rows Removed by Filter": 13, "Actual Rows": 1}, {"Node Type": "Sort", "Parent Relationship": "Inner", "Startup Cost": 100000188397.31, "Total Cost": 100000188397.38, "Plan Rows": 30, "Plan Width": 4, "Actual Min Startup Time": 79.699, "Actual Max Startup Time": 79.699, "Actual Min Total Time": 79.699, "Actual Max Total Time": 79.699, "Sort Key": ["mc.movie_id"], "Sort Method": "quicksort", "Sort Space Min Used": 25, "Sort Space Max Used": 25, "Sort Space Type": "Memory", "Plans": [{"Node Type": "Nested Loop", "Parent Relationship": "Outer", "Join Type": "Inner", "Startup Cost": 10000000000.0, "Total Cost": 100000188396.57, "Plan Rows": 30, "Plan Width": 4, "Actual Min Startup Time": 79.692, "Actual Max Startup Time": 79.692, "Actual Min Total Time": 79.692, "Actual Max Total Time": 79.692, "Inner Unique": false, "Join Filter": "(ct.id = mc.company_type_id)", "Rows Removed by Join Filter": 1418, "Plans": [{"Node Type": "Seq Scan", "Parent Relationship": "Outer", "Relation Name": "company_type", "Alias": "ct", "Startup Cost": 0.0, "Total Cost": 1.04, "Plan Rows": 1, "Plan Width": 4, "Actual Min Startup Time": 0.04, "Actual Max Startup Time": 0.04, "Actual Min Total Time": 0.042, "Actual Max Total Time": 0.042, "Filter": "((kind)::text = 'production companies'::text)", "Rows Removed by Filter": 2, "Actual Rows": 1}, {"Node Type": "Materialize", "Parent Relationship": "Inner", "Startup Cost": 0.0, "Total Cost": 18838.03, "Plan Rows": 59, "Plan Width": 8, "Actual Min Startup Time": 79.178, "Actual Max Startup Time": 79.178, "Actual Min Total Time": 79.31, "Actual Max Total Time": 79.31, "Plans": [{"Node Type": "Streaming(type: LOCAL GATHER dop: 1/16)", "Parent Relationship": "Outer", "Startup Cost": 0.0, "Total Cost": 18837.88, "Plan Rows": 59, "Plan Width": 8, "Actual Min Startup Time": 42.922, "Actual Max Startup Time": 42.922, "Actual Min Total Time": 78.93, "Actual Max Total Time": 78.93, "Plans": [{"Node Type": "Seq Scan", "Parent Relationship": "Outer", "Relation Name": "movie_companies", "Alias": "mc", "Startup Cost": 0.0, "Total Cost": 18836.61, "Plan Rows": 59, "Plan Width": 8, "Actual Min Startup Time": 0.984, "Actual Max Startup Time": 12.236, "Actual Min Total Time": 54.236, "Actual Max Total Time": 60.747, "Filter": "(((note)::text ~~ '%(VHS)%'::text) AND ((note)::text ~~ '%(USA)%'::text) AND ((note)::text ~~ '%(1994)%'::text))", "Rows Removed by Filter": 2607710, "Actual Rows": 1418}], "Actual Rows": 1418}], "Actual Rows": 1419}], "Actual Rows": 0}], "Actual Rows": 0}], "Actual Rows": 0}], "Actual Rows": 0}, {"Node Type": "Sort", "Parent Relationship": "Inner", "Startup Cost": 5.93, "Total Cost": 6.21, "Plan Rows": 112, "Plan Width": 4, "Actual Startup Time": 0.0, "Actual Total Time": 0.0, "Sort Key": ["it.id"], "Plans": [{"Node Type": "Seq Scan", "Parent Relationship": "Outer", "Relation Name": "info_type", "Alias": "it", "Startup Cost": 0.0, "Total Cost": 2.12, "Plan Rows": 112, "Plan Width": 4, "Actual Startup Time": 0.0, "Actual Total Time": 0.0}]}], "Actual Rows": 0}], "Actual Rows": 0}], "Actual Rows": 0}], "Actual Rows": 1}, "Triggers": [], "Planner Runtime": 11.148, "Total Runtime": 91.35, "Unique SQL Id": 328306525}}, "(16, '91')": {"explain_plan": {"Plan": {"Node Type": "Aggregate", "Strategy": "Plain", "Startup Cost": 4981321362576.55, "Total Cost": 4981321362576.56, "Plan Rows": 1, "Plan Width": 49, "Plans": [{"Node Type": "Merge Join", "Parent Relationship": "Outer", "Join Type": "Inner", "Startup Cost": 3992035563980.68, "Total Cost": 4981321362576.49, "Plan Rows": 24, "Plan Width": 17, "Inner Unique": true, "Merge Cond": "(mi.movie_id = t.id)", "Plans": [{"Node Type": "Sort", "Parent Relationship": "Outer", "Startup Cost": 3982010273161.52, "Total Cost": 3982010273161.61, "Plan Rows": 33, "Plan Width": 8, "Sort Key": ["mc.movie_id"], "Plans": [{"Node Type": "Merge Join", "Parent Relationship": "Outer", "Join Type": "Inner", "Startup Cost": 3009688843613.24, "Total Cost": 3982010273160.69, "Plan Rows": 33, "Plan Width": 8, "Inner Unique": true, "Merge Cond": "(mi.info_type_id = it.id)", "Plans": [{"Node Type": "Sort", "Parent Relationship": "Outer", "Startup Cost": 2999688843613.23, "Total Cost": 2999688843613.31, "Plan Rows": 33, "Plan Width": 12, "Sort Key": ["mi.info_type_id"], "Plans": [{"Node Type": "Merge Join", "Parent Relationship": "Outer", "Join Type": "Inner", "Startup Cost": 2010011276294.44, "Total Cost": 2999688843612.39, "Plan Rows": 33, "Plan Width": 12, "Inner Unique": false, "Merge Cond": "(mi.movie_id = mc.movie_id)", "Plans": [{"Node Type": "Index Scan", "Parent Relationship": "Outer", "Scan Direction": "Forward", "Index Name": "movie_id_movie_info", "Relation Name": "movie_info", "Alias": "mi", "Startup Cost": 10000000000.0, "Total Cost": 1000107534403.72, "Plan Rows": 584897, "Plan Width": 8, "Filter": "((info)::text = ANY ('{USA,America}'::text[]))"}, {"Node Type": "Sort", "Parent Relationship": "Inner", "Startup Cost": 2000011276294.44, "Total Cost": 2000011276294.51, "Plan Rows": 30, "Plan Width": 4, "Sort Key": ["mc.movie_id"], "Plans": [{"Node Type": "Merge Join", "Parent Relationship": "Outer", "Join Type": "Inner", "Startup Cost": 506615711471.72, "Total Cost": 2000011276293.7, "Plan Rows": 30, "Plan Width": 4, "Inner Unique": false, "Merge Cond": "(ct.id = mc.company_type_id)", "Plans": [{"Node Type": "Index Scan", "Parent Relationship": "Outer", "Scan Direction": "Forward", "Index Name": "company_type_pkey", "Relation Name": "company_type", "Alias": "ct", "Startup Cost": 10000000000.0, "Total Cost": 1000000001230.25, "Plan Rows": 1, "Plan Width": 4, "Filter": "((kind)::text = 'production companies'::text)"}, {"Node Type": "Index Scan", "Parent Relationship": "Inner", "Scan Direction": "Forward", "Index Name": "company_type_id_movie_companies", "Relation Name": "movie_companies", "Alias": "mc", "Startup Cost": 10000000000.0, "Total Cost": 1000011275063.0, "Plan Rows": 59, "Plan Width": 8, "Filter": "(((note)::text ~~ '%(VHS)%'::text) AND ((note)::text ~~ '%(USA)%'::text) AND ((note)::text ~~ '%(1994)%'::text))"}]}]}]}]}, {"Node Type": "Index Only Scan", "Parent Relationship": "Inner", "Scan Direction": "Forward", "Index Name": "info_type_pkey", "Relation Name": "info_type", "Alias": "it", "Startup Cost": 10000000000.0, "Total Cost": 1000000000993.0, "Plan Rows": 112, "Plan Width": 4}]}]}, {"Node Type": "Index Scan", "Parent Relationship": "Inner", "Scan Direction": "Forward", "Index Name": "title_pkey", "Relation Name": "title", "Alias": "t", "Startup Cost": 10000000000.0, "Total Cost": 1000011644126.66, "Plan Rows": 391451, "Plan Width": 21, "Filter": "(production_year > 2010), (LLVM Optimized)"}]}]}, "Unique SQL Id": 328306525, "Planner Runtime": 14}, "explain_analyze_plan": null}, "(16, '92')": {"explain_plan": {"Plan": {"Node Type": "Aggregate", "Strategy": "Plain", "Startup Cost": 19200.79, "Total Cost": 19200.8, "Plan Rows": 1, "Plan Width": 49, "Plans": [{"Node Type": "Nested Loop", "Parent Relationship": "Outer", "Join Type": "Inner", "Startup Cost": 0.0, "Total Cost": 19200.73, "Plan Rows": 24, "Plan Width": 17, "Inner Unique": true, "Plans": [{"Node Type": "Nested Loop", "Parent Relationship": "Outer", "Join Type": "Inner", "Startup Cost": 0.0, "Total Cost": 19194.01, "Plan Rows": 24, "Plan Width": 21, "Inner Unique": false, "Plans": [{"Node Type": "Nested Loop", "Parent Relationship": "Outer", "Join Type": "Inner", "Startup Cost": 0.0, "Total Cost": 19115.02, "Plan Rows": 32, "Plan Width": 25, "Inner Unique": true, "Plans": [{"Node Type": "Nested Loop", "Parent Relationship": "Outer", "Join Type": "Inner", "Startup Cost": 0.0, "Total Cost": 18866.55, "Plan Rows": 30, "Plan Width": 4, "Inner Unique": true, "Plans": [{"Node Type": "Streaming(type: LOCAL GATHER dop: 1/16)", "Parent Relationship": "Outer", "Startup Cost": 0.0, "Total Cost": 18837.88, "Plan Rows": 59, "Plan Width": 8, "Plans": [{"Node Type": "Seq Scan", "Parent Relationship": "Outer", "Relation Name": "movie_companies", "Alias": "mc", "Startup Cost": 0.0, "Total Cost": 18836.61, "Plan Rows": 59, "Plan Width": 8, "Filter": "(((note)::text ~~ '%(VHS)%'::text) AND ((note)::text ~~ '%(USA)%'::text) AND ((note)::text ~~ '%(1994)%'::text))"}]}, {"Node Type": "Index Scan", "Parent Relationship": "Inner", "Scan Direction": "Forward", "Index Name": "company_type_pkey", "Relation Name": "company_type", "Alias": "ct", "Startup Cost": 0.0, "Total Cost": 0.48, "Plan Rows": 1, "Plan Width": 4, "Index Cond": "(id = mc.company_type_id)", "Filter": "((kind)::text = 'production companies'::text)"}]}, {"Node Type": "Index Scan", "Parent Relationship": "Inner", "Scan Direction": "Forward", "Index Name": "title_pkey", "Relation Name": "title", "Alias": "t", "Startup Cost": 0.0, "Total Cost": 8.27, "Plan Rows": 1, "Plan Width": 21, "Index Cond": "(id = mc.movie_id)", "Filter": "(production_year > 2010)"}]}, {"Node Type": "Index Scan", "Parent Relationship": "Inner", "Scan Direction": "Forward", "Index Name": "movie_id_movie_info", "Relation Name": "movie_info", "Alias": "mi", "Startup Cost": 0.0, "Total Cost": 2.46, "Plan Rows": 1, "Plan Width": 8, "Index Cond": "(movie_id = t.id)", "Filter": "((info)::text = ANY ('{USA,America}'::text[]))"}]}, {"Node Type": "Index Scan", "Parent Relationship": "Inner", "Scan Direction": "Forward", "Index Name": "info_type_pkey", "Relation Name": "info_type", "Alias": "it", "Startup Cost": 0.0, "Total Cost": 0.27, "Plan Rows": 1, "Plan Width": 4, "Index Cond": "(id = mi.info_type_id)"}]}]}, "Unique SQL Id": 328306525, "Planner Runtime": 6}, "explain_analyze_plan": {"Plan": {"Node Type": "Aggregate", "Strategy": "Plain", "Startup Cost": 19200.79, "Total Cost": 19200.8, "Plan Rows": 1, "Plan Width": 49, "Actual Min Startup Time": 81.545, "Actual Max Startup Time": 81.545, "Actual Min Total Time": 81.545, "Actual Max Total Time": 81.545, "Plans": [{"Node Type": "Nested Loop", "Parent Relationship": "Outer", "Join Type": "Inner", "Startup Cost": 0.0, "Total Cost": 19200.73, "Plan Rows": 24, "Plan Width": 17, "Actual Min Startup Time": 81.534, "Actual Max Startup Time": 81.534, "Actual Min Total Time": 81.534, "Actual Max Total Time": 81.534, "Inner Unique": true, "Plans": [{"Node Type": "Nested Loop", "Parent Relationship": "Outer", "Join Type": "Inner", "Startup Cost": 0.0, "Total Cost": 19194.01, "Plan Rows": 24, "Plan Width": 21, "Actual Min Startup Time": 81.532, "Actual Max Startup Time": 81.532, "Actual Min Total Time": 81.532, "Actual Max Total Time": 81.532, "Inner Unique": false, "Plans": [{"Node Type": "Nested Loop", "Parent Relationship": "Outer", "Join Type": "Inner", "Startup Cost": 0.0, "Total Cost": 19115.02, "Plan Rows": 32, "Plan Width": 25, "Actual Min Startup Time": 81.53, "Actual Max Startup Time": 81.53, "Actual Min Total Time": 81.53, "Actual Max Total Time": 81.53, "Inner Unique": true, "Plans": [{"Node Type": "Nested Loop", "Parent Relationship": "Outer", "Join Type": "Inner", "Startup Cost": 0.0, "Total Cost": 18866.55, "Plan Rows": 30, "Plan Width": 4, "Actual Min Startup Time": 81.529, "Actual Max Startup Time": 81.529, "Actual Min Total Time": 81.529, "Actual Max Total Time": 81.529, "Inner Unique": true, "Plans": [{"Node Type": "Streaming(type: LOCAL GATHER dop: 1/16)", "Parent Relationship": "Outer", "Startup Cost": 0.0, "Total Cost": 18837.88, "Plan Rows": 59, "Plan Width": 8, "Actual Min Startup Time": 45.015, "Actual Max Startup Time": 45.015, "Actual Min Total Time": 80.158, "Actual Max Total Time": 80.158, "Plans": [{"Node Type": "Seq Scan", "Parent Relationship": "Outer", "Relation Name": "movie_companies", "Alias": "mc", "Startup Cost": 0.0, "Total Cost": 18836.61, "Plan Rows": 59, "Plan Width": 8, "Actual Min Startup Time": 1.006, "Actual Max Startup Time": 12.191, "Actual Min Total Time": 54.289, "Actual Max Total Time": 60.814, "Filter": "(((note)::text ~~ '%(VHS)%'::text) AND ((note)::text ~~ '%(USA)%'::text) AND ((note)::text ~~ '%(1994)%'::text))", "Rows Removed by Filter": 2607710, "Actual Rows": 1418}], "Actual Rows": 1418}, {"Node Type": "Index Scan", "Parent Relationship": "Inner", "Scan Direction": "Forward", "Index Name": "company_type_pkey", "Relation Name": "company_type", "Alias": "ct", "Startup Cost": 0.0, "Total Cost": 0.48, "Plan Rows": 1, "Plan Width": 4, "Actual Min Startup Time": 0.849, "Actual Max Startup Time": 0.849, "Actual Min Total Time": 0.849, "Actual Max Total Time": 0.849, "Index Cond": "(id = mc.company_type_id)", "Rows Removed by Index Recheck": 0, "Filter": "((kind)::text = 'production companies'::text)", "Rows Removed by Filter": 0, "Actual Rows": 0}], "Actual Rows": 0}, {"Node Type": "Index Scan", "Parent Relationship": "Inner", "Scan Direction": "Forward", "Index Name": "title_pkey", "Relation Name": "title", "Alias": "t", "Startup Cost": 0.0, "Total Cost": 8.27, "Plan Rows": 1, "Plan Width": 21, "Actual Startup Time": 0.0, "Actual Total Time": 0.0, "Index Cond": "(id = mc.movie_id)", "Rows Removed by Index Recheck": 0, "Filter": "(production_year > 2010)", "Rows Removed by Filter": 0}], "Actual Rows": 0}, {"Node Type": "Index Scan", "Parent Relationship": "Inner", "Scan Direction": "Forward", "Index Name": "movie_id_movie_info", "Relation Name": "movie_info", "Alias": "mi", "Startup Cost": 0.0, "Total Cost": 2.46, "Plan Rows": 1, "Plan Width": 8, "Actual Startup Time": 0.0, "Actual Total Time": 0.0, "Index Cond": "(movie_id = t.id)", "Rows Removed by Index Recheck": 0, "Filter": "((info)::text = ANY ('{USA,America}'::text[]))", "Rows Removed by Filter": 0}], "Actual Rows": 0}, {"Node Type": "Index Scan", "Parent Relationship": "Inner", "Scan Direction": "Forward", "Index Name": "info_type_pkey", "Relation Name": "info_type", "Alias": "it", "Startup Cost": 0.0, "Total Cost": 0.27, "Plan Rows": 1, "Plan Width": 4, "Actual Startup Time": 0.0, "Actual Total Time": 0.0, "Index Cond": "(id = mi.info_type_id)", "Rows Removed by Index Recheck": 0}], "Actual Rows": 0}], "Actual Rows": 1}, "Triggers": [], "Planner Runtime": 10.135, "Total Runtime": 84.05, "Unique SQL Id": 328306525}}, "(16, '93')": {"explain_plan": {"Plan": {"Node Type": "Aggregate", "Strategy": "Plain", "Startup Cost": 85308.81, "Total Cost": 85308.82, "Plan Rows": 1, "Plan Width": 49, "Plans": [{"Node Type": "Nested Loop", "Parent Relationship": "Outer", "Join Type": "Inner", "Startup Cost": 0.0, "Total Cost": 85308.75, "Plan Rows": 24, "Plan Width": 17, "Inner Unique": true, "Plans": [{"Node Type": "Nested Loop", "Parent Relationship": "Outer", "Join Type": "Inner", "Startup Cost": 0.0, "Total Cost": 85302.03, "Plan Rows": 24, "Plan Width": 21, "Inner Unique": false, "Plans": [{"Node Type": "Nested Loop", "Parent Relationship": "Outer", "Join Type": "Inner", "Startup Cost": 0.0, "Total Cost": 85223.04, "Plan Rows": 32, "Plan Width": 25, "Inner Unique": true, "Plans": [{"Node Type": "Nested Loop", "Parent Relationship": "Outer", "Join Type": "Inner", "Startup Cost": 0.0, "Total Cost": 84974.56, "Plan Rows": 30, "Plan Width": 4, "Inner Unique": true, "Plans": [{"Node Type": "Streaming(type: LOCAL GATHER dop: 1/16)", "Parent Relationship": "Outer", "Startup Cost": 0.0, "Total Cost": 84945.9, "Plan Rows": 59, "Plan Width": 8, "Plans": [{"Node Type": "Index Scan", "Parent Relationship": "Outer", "Scan Direction": "Forward", "Index Name": "company_type_id_movie_companies", "Relation Name": "movie_companies", "Alias": "mc", "Startup Cost": 0.0, "Total Cost": 84944.62, "Plan Rows": 59, "Plan Width": 8, "Filter": "(((note)::text ~~ '%(VHS)%'::text) AND ((note)::text ~~ '%(USA)%'::text) AND ((note)::text ~~ '%(1994)%'::text))"}]}, {"Node Type": "Index Scan", "Parent Relationship": "Inner", "Scan Direction": "Forward", "Index Name": "company_type_pkey", "Relation Name": "company_type", "Alias": "ct", "Startup Cost": 0.0, "Total Cost": 0.48, "Plan Rows": 1, "Plan Width": 4, "Index Cond": "(id = mc.company_type_id)", "Filter": "((kind)::text = 'production companies'::text)"}]}, {"Node Type": "Index Scan", "Parent Relationship": "Inner", "Scan Direction": "Forward", "Index Name": "title_pkey", "Relation Name": "title", "Alias": "t", "Startup Cost": 0.0, "Total Cost": 8.27, "Plan Rows": 1, "Plan Width": 21, "Index Cond": "(id = mc.movie_id)", "Filter": "(production_year > 2010)"}]}, {"Node Type": "Index Scan", "Parent Relationship": "Inner", "Scan Direction": "Forward", "Index Name": "movie_id_movie_info", "Relation Name": "movie_info", "Alias": "mi", "Startup Cost": 0.0, "Total Cost": 2.46, "Plan Rows": 1, "Plan Width": 8, "Index Cond": "(movie_id = t.id)", "Filter": "((info)::text = ANY ('{USA,America}'::text[]))"}]}, {"Node Type": "Index Scan", "Parent Relationship": "Inner", "Scan Direction": "Forward", "Index Name": "info_type_pkey", "Relation Name": "info_type", "Alias": "it", "Startup Cost": 0.0, "Total Cost": 0.27, "Plan Rows": 1, "Plan Width": 4, "Index Cond": "(id = mi.info_type_id)"}]}]}, "Unique SQL Id": 328306525, "Planner Runtime": 6}, "explain_analyze_plan": {"Plan": {"Node Type": "Aggregate", "Strategy": "Plain", "Startup Cost": 85308.81, "Total Cost": 85308.82, "Plan Rows": 1, "Plan Width": 49, "Actual Min Startup Time": 150.244, "Actual Max Startup Time": 150.244, "Actual Min Total Time": 150.245, "Actual Max Total Time": 150.245, "Plans": [{"Node Type": "Nested Loop", "Parent Relationship": "Outer", "Join Type": "Inner", "Startup Cost": 0.0, "Total Cost": 85308.75, "Plan Rows": 24, "Plan Width": 17, "Actual Min Startup Time": 150.235, "Actual Max Startup Time": 150.235, "Actual Min Total Time": 150.235, "Actual Max Total Time": 150.235, "Inner Unique": true, "Plans": [{"Node Type": "Nested Loop", "Parent Relationship": "Outer", "Join Type": "Inner", "Startup Cost": 0.0, "Total Cost": 85302.03, "Plan Rows": 24, "Plan Width": 21, "Actual Min Startup Time": 150.233, "Actual Max Startup Time": 150.233, "Actual Min Total Time": 150.233, "Actual Max Total Time": 150.233, "Inner Unique": false, "Plans": [{"Node Type": "Nested Loop", "Parent Relationship": "Outer", "Join Type": "Inner", "Startup Cost": 0.0, "Total Cost": 85223.04, "Plan Rows": 32, "Plan Width": 25, "Actual Min Startup Time": 150.231, "Actual Max Startup Time": 150.231, "Actual Min Total Time": 150.231, "Actual Max Total Time": 150.231, "Inner Unique": true, "Plans": [{"Node Type": "Nested Loop", "Parent Relationship": "Outer", "Join Type": "Inner", "Startup Cost": 0.0, "Total Cost": 84974.56, "Plan Rows": 30, "Plan Width": 4, "Actual Min Startup Time": 150.23, "Actual Max Startup Time": 150.23, "Actual Min Total Time": 150.23, "Actual Max Total Time": 150.23, "Inner Unique": true, "Plans": [{"Node Type": "Streaming(type: LOCAL GATHER dop: 1/16)", "Parent Relationship": "Outer", "Startup Cost": 0.0, "Total Cost": 84945.9, "Plan Rows": 59, "Plan Width": 8, "Actual Min Startup Time": 66.075, "Actual Max Startup Time": 66.075, "Actual Min Total Time": 148.824, "Actual Max Total Time": 148.824, "Plans": [{"Node Type": "Index Scan", "Parent Relationship": "Outer", "Scan Direction": "Forward", "Index Name": "company_type_id_movie_companies", "Relation Name": "movie_companies", "Alias": "mc", "Startup Cost": 0.0, "Total Cost": 84944.62, "Plan Rows": 59, "Plan Width": 8, "Actual Min Startup Time": 16.495, "Actual Max Startup Time": 89.017, "Actual Min Total Time": 87.219, "Actual Max Total Time": 133.431, "Filter": "(((note)::text ~~ '%(VHS)%'::text) AND ((note)::text ~~ '%(USA)%'::text) AND ((note)::text ~~ '%(1994)%'::text))", "Rows Removed by Filter": 2607710, "Actual Rows": 1418}], "Actual Rows": 1418}, {"Node Type": "Index Scan", "Parent Relationship": "Inner", "Scan Direction": "Forward", "Index Name": "company_type_pkey", "Relation Name": "company_type", "Alias": "ct", "Startup Cost": 0.0, "Total Cost": 0.48, "Plan Rows": 1, "Plan Width": 4, "Actual Min Startup Time": 0.826, "Actual Max Startup Time": 0.826, "Actual Min Total Time": 0.826, "Actual Max Total Time": 0.826, "Index Cond": "(id = mc.company_type_id)", "Rows Removed by Index Recheck": 0, "Filter": "((kind)::text = 'production companies'::text)", "Rows Removed by Filter": 0, "Actual Rows": 0}], "Actual Rows": 0}, {"Node Type": "Index Scan", "Parent Relationship": "Inner", "Scan Direction": "Forward", "Index Name": "title_pkey", "Relation Name": "title", "Alias": "t", "Startup Cost": 0.0, "Total Cost": 8.27, "Plan Rows": 1, "Plan Width": 21, "Actual Startup Time": 0.0, "Actual Total Time": 0.0, "Index Cond": "(id = mc.movie_id)", "Rows Removed by Index Recheck": 0, "Filter": "(production_year > 2010)", "Rows Removed by Filter": 0}], "Actual Rows": 0}, {"Node Type": "Index Scan", "Parent Relationship": "Inner", "Scan Direction": "Forward", "Index Name": "movie_id_movie_info", "Relation Name": "movie_info", "Alias": "mi", "Startup Cost": 0.0, "Total Cost": 2.46, "Plan Rows": 1, "Plan Width": 8, "Actual Startup Time": 0.0, "Actual Total Time": 0.0, "Index Cond": "(movie_id = t.id)", "Rows Removed by Index Recheck": 0, "Filter": "((info)::text = ANY ('{USA,America}'::text[]))", "Rows Removed by Filter": 0}], "Actual Rows": 0}, {"Node Type": "Index Scan", "Parent Relationship": "Inner", "Scan Direction": "Forward", "Index Name": "info_type_pkey", "Relation Name": "info_type", "Alias": "it", "Startup Cost": 0.0, "Total Cost": 0.27, "Plan Rows": 1, "Plan Width": 4, "Actual Startup Time": 0.0, "Actual Total Time": 0.0, "Index Cond": "(id = mi.info_type_id)", "Rows Removed by Index Recheck": 0}], "Actual Rows": 0}], "Actual Rows": 1}, "Triggers": [], "Planner Runtime": 9.809, "Total Runtime": 152.728, "Unique SQL Id": 328306525}}, "(16, '94')": {"explain_plan": {"Plan": {"Node Type": "Aggregate", "Strategy": "Plain", "Startup Cost": 2098988845138.93, "Total Cost": 2098988845138.94, "Plan Rows": 1, "Plan Width": 49, "Plans": [{"Node Type": "Merge Join", "Parent Relationship": "Outer", "Join Type": "Inner", "Startup Cost": 1109703046543.07, "Total Cost": 2098988845138.87, "Plan Rows": 24, "Plan Width": 17, "Inner Unique": false, "Merge Cond": "(t.id = mi.movie_id)", "Plans": [{"Node Type": "Index Scan", "Parent Relationship": "Outer", "Scan Direction": "Forward", "Index Name": "title_pkey", "Relation Name": "title", "Alias": "t", "Startup Cost": 10000000000.0, "Total Cost": 1000011644126.66, "Plan Rows": 391451, "Plan Width": 21, "Filter": "(production_year > 2010), (LLVM Optimized)"}, {"Node Type": "Sort", "Parent Relationship": "Inner", "Startup Cost": 1099677755723.91, "Total Cost": 1099677755723.99, "Plan Rows": 33, "Plan Width": 8, "Sort Key": ["mc.movie_id"], "Plans": [{"Node Type": "Merge Join", "Parent Relationship": "Outer", "Join Type": "Inner", "Startup Cost": 1099677755722.04, "Total Cost": 1099677755723.07, "Plan Rows": 33, "Plan Width": 8, "Inner Unique": true, "Merge Cond": "(mi.info_type_id = it.id)", "Plans": [{"Node Type": "Sort", "Parent Relationship": "Outer", "Startup Cost": 1099677755716.1, "Total Cost": 1099677755716.18, "Plan Rows": 33, "Plan Width": 12, "Sort Key": ["mi.info_type_id"], "Plans": [{"Node Type": "Merge Join", "Parent Relationship": "Outer", "Join Type": "Inner", "Startup Cost": 110000188397.31, "Total Cost": 1099677755715.26, "Plan Rows": 33, "Plan Width": 12, "Inner Unique": false, "Merge Cond": "(mi.movie_id = mc.movie_id)", "Plans": [{"Node Type": "Index Scan", "Parent Relationship": "Outer", "Scan Direction": "Forward", "Index Name": "movie_id_movie_info", "Relation Name": "movie_info", "Alias": "mi", "Startup Cost": 10000000000.0, "Total Cost": 1000107534403.72, "Plan Rows": 584897, "Plan Width": 8, "Filter": "((info)::text = ANY ('{USA,America}'::text[]))"}, {"Node Type": "Sort", "Parent Relationship": "Inner", "Startup Cost": 100000188397.31, "Total Cost": 100000188397.38, "Plan Rows": 30, "Plan Width": 4, "Sort Key": ["mc.movie_id"], "Plans": [{"Node Type": "Nested Loop", "Parent Relationship": "Outer", "Join Type": "Inner", "Startup Cost": 10000000000.0, "Total Cost": 100000188396.57, "Plan Rows": 30, "Plan Width": 4, "Inner Unique": false, "Join Filter": "(ct.id = mc.company_type_id)", "Plans": [{"Node Type": "Seq Scan", "Parent Relationship": "Outer", "Relation Name": "company_type", "Alias": "ct", "Startup Cost": 0.0, "Total Cost": 1.04, "Plan Rows": 1, "Plan Width": 4, "Filter": "((kind)::text = 'production companies'::text)"}, {"Node Type": "Materialize", "Parent Relationship": "Inner", "Startup Cost": 0.0, "Total Cost": 18838.03, "Plan Rows": 59, "Plan Width": 8, "Plans": [{"Node Type": "Streaming(type: LOCAL GATHER dop: 1/16)", "Parent Relationship": "Outer", "Startup Cost": 0.0, "Total Cost": 18837.88, "Plan Rows": 59, "Plan Width": 8, "Plans": [{"Node Type": "Seq Scan", "Parent Relationship": "Outer", "Relation Name": "movie_companies", "Alias": "mc", "Startup Cost": 0.0, "Total Cost": 18836.61, "Plan Rows": 59, "Plan Width": 8, "Filter": "(((note)::text ~~ '%(VHS)%'::text) AND ((note)::text ~~ '%(USA)%'::text) AND ((note)::text ~~ '%(1994)%'::text))"}]}]}]}]}]}]}, {"Node Type": "Sort", "Parent Relationship": "Inner", "Startup Cost": 5.93, "Total Cost": 6.21, "Plan Rows": 112, "Plan Width": 4, "Sort Key": ["it.id"], "Plans": [{"Node Type": "Seq Scan", "Parent Relationship": "Outer", "Relation Name": "info_type", "Alias": "it", "Startup Cost": 0.0, "Total Cost": 2.12, "Plan Rows": 112, "Plan Width": 4}]}]}]}]}]}, "Unique SQL Id": 328306525, "Planner Runtime": 11}, "explain_analyze_plan": {"Plan": {"Node Type": "Aggregate", "Strategy": "Plain", "Startup Cost": 2098988845138.93, "Total Cost": 2098988845138.94, "Plan Rows": 1, "Plan Width": 49, "Actual Min Startup Time": 79.905, "Actual Max Startup Time": 79.905, "Actual Min Total Time": 79.906, "Actual Max Total Time": 79.906, "Plans": [{"Node Type": "Merge Join", "Parent Relationship": "Outer", "Join Type": "Inner", "Startup Cost": 1109703046543.07, "Total Cost": 2098988845138.87, "Plan Rows": 24, "Plan Width": 17, "Actual Min Startup Time": 79.894, "Actual Max Startup Time": 79.894, "Actual Min Total Time": 79.894, "Actual Max Total Time": 79.894, "Inner Unique": false, "Merge Cond": "(t.id = mi.movie_id)", "Plans": [{"Node Type": "Index Scan", "Parent Relationship": "Outer", "Scan Direction": "Forward", "Index Name": "title_pkey", "Relation Name": "title", "Alias": "t", "Startup Cost": 10000000000.0, "Total Cost": 1000011644126.66, "Plan Rows": 391451, "Plan Width": 21, "Actual Min Startup Time": 0.09, "Actual Max Startup Time": 0.09, "Actual Min Total Time": 0.09, "Actual Max Total Time": 0.09, "Filter": "(production_year > 2010), (LLVM Optimized)", "Rows Removed by Filter": 10, "Actual Rows": 1}, {"Node Type": "Sort", "Parent Relationship": "Inner", "Startup Cost": 1099677755723.91, "Total Cost": 1099677755723.99, "Plan Rows": 33, "Plan Width": 8, "Actual Min Startup Time": 79.795, "Actual Max Startup Time": 79.795, "Actual Min Total Time": 79.795, "Actual Max Total Time": 79.795, "Sort Key": ["mc.movie_id"], "Sort Method": "quicksort", "Sort Space Min Used": 25, "Sort Space Max Used": 25, "Sort Space Type": "Memory", "Plans": [{"Node Type": "Merge Join", "Parent Relationship": "Outer", "Join Type": "Inner", "Startup Cost": 1099677755722.04, "Total Cost": 1099677755723.07, "Plan Rows": 33, "Plan Width": 8, "Actual Min Startup Time": 79.782, "Actual Max Startup Time": 79.782, "Actual Min Total Time": 79.782, "Actual Max Total Time": 79.782, "Inner Unique": true, "Merge Cond": "(mi.info_type_id = it.id)", "Plans": [{"Node Type": "Sort", "Parent Relationship": "Outer", "Startup Cost": 1099677755716.1, "Total Cost": 1099677755716.18, "Plan Rows": 33, "Plan Width": 12, "Actual Min Startup Time": 79.777, "Actual Max Startup Time": 79.777, "Actual Min Total Time": 79.777, "Actual Max Total Time": 79.777, "Sort Key": ["mi.info_type_id"], "Sort Method": "quicksort", "Sort Space Min Used": 25, "Sort Space Max Used": 25, "Sort Space Type": "Memory", "Plans": [{"Node Type": "Merge Join", "Parent Relationship": "Outer", "Join Type": "Inner", "Startup Cost": 110000188397.31, "Total Cost": 1099677755715.26, "Plan Rows": 33, "Plan Width": 12, "Actual Min Startup Time": 79.773, "Actual Max Startup Time": 79.773, "Actual Min Total Time": 79.773, "Actual Max Total Time": 79.773, "Inner Unique": false, "Merge Cond": "(mi.movie_id = mc.movie_id)", "Plans": [{"Node Type": "Index Scan", "Parent Relationship": "Outer", "Scan Direction": "Forward", "Index Name": "movie_id_movie_info", "Relation Name": "movie_info", "Alias": "mi", "Startup Cost": 10000000000.0, "Total Cost": 1000107534403.72, "Plan Rows": 584897, "Plan Width": 8, "Actual Min Startup Time": 0.063, "Actual Max Startup Time": 0.063, "Actual Min Total Time": 0.063, "Actual Max Total Time": 0.063, "Filter": "((info)::text = ANY ('{USA,America}'::text[]))", "Rows Removed by Filter": 13, "Actual Rows": 1}, {"Node Type": "Sort", "Parent Relationship": "Inner", "Startup Cost": 100000188397.31, "Total Cost": 100000188397.38, "Plan Rows": 30, "Plan Width": 4, "Actual Min Startup Time": 79.699, "Actual Max Startup Time": 79.699, "Actual Min Total Time": 79.699, "Actual Max Total Time": 79.699, "Sort Key": ["mc.movie_id"], "Sort Method": "quicksort", "Sort Space Min Used": 25, "Sort Space Max Used": 25, "Sort Space Type": "Memory", "Plans": [{"Node Type": "Nested Loop", "Parent Relationship": "Outer", "Join Type": "Inner", "Startup Cost": 10000000000.0, "Total Cost": 100000188396.57, "Plan Rows": 30, "Plan Width": 4, "Actual Min Startup Time": 79.692, "Actual Max Startup Time": 79.692, "Actual Min Total Time": 79.692, "Actual Max Total Time": 79.692, "Inner Unique": false, "Join Filter": "(ct.id = mc.company_type_id)", "Rows Removed by Join Filter": 1418, "Plans": [{"Node Type": "Seq Scan", "Parent Relationship": "Outer", "Relation Name": "company_type", "Alias": "ct", "Startup Cost": 0.0, "Total Cost": 1.04, "Plan Rows": 1, "Plan Width": 4, "Actual Min Startup Time": 0.04, "Actual Max Startup Time": 0.04, "Actual Min Total Time": 0.042, "Actual Max Total Time": 0.042, "Filter": "((kind)::text = 'production companies'::text)", "Rows Removed by Filter": 2, "Actual Rows": 1}, {"Node Type": "Materialize", "Parent Relationship": "Inner", "Startup Cost": 0.0, "Total Cost": 18838.03, "Plan Rows": 59, "Plan Width": 8, "Actual Min Startup Time": 79.178, "Actual Max Startup Time": 79.178, "Actual Min Total Time": 79.31, "Actual Max Total Time": 79.31, "Plans": [{"Node Type": "Streaming(type: LOCAL GATHER dop: 1/16)", "Parent Relationship": "Outer", "Startup Cost": 0.0, "Total Cost": 18837.88, "Plan Rows": 59, "Plan Width": 8, "Actual Min Startup Time": 42.922, "Actual Max Startup Time": 42.922, "Actual Min Total Time": 78.93, "Actual Max Total Time": 78.93, "Plans": [{"Node Type": "Seq Scan", "Parent Relationship": "Outer", "Relation Name": "movie_companies", "Alias": "mc", "Startup Cost": 0.0, "Total Cost": 18836.61, "Plan Rows": 59, "Plan Width": 8, "Actual Min Startup Time": 0.984, "Actual Max Startup Time": 12.236, "Actual Min Total Time": 54.236, "Actual Max Total Time": 60.747, "Filter": "(((note)::text ~~ '%(VHS)%'::text) AND ((note)::text ~~ '%(USA)%'::text) AND ((note)::text ~~ '%(1994)%'::text))", "Rows Removed by Filter": 2607710, "Actual Rows": 1418}], "Actual Rows": 1418}], "Actual Rows": 1419}], "Actual Rows": 0}], "Actual Rows": 0}], "Actual Rows": 0}], "Actual Rows": 0}, {"Node Type": "Sort", "Parent Relationship": "Inner", "Startup Cost": 5.93, "Total Cost": 6.21, "Plan Rows": 112, "Plan Width": 4, "Actual Startup Time": 0.0, "Actual Total Time": 0.0, "Sort Key": ["it.id"], "Plans": [{"Node Type": "Seq Scan", "Parent Relationship": "Outer", "Relation Name": "info_type", "Alias": "it", "Startup Cost": 0.0, "Total Cost": 2.12, "Plan Rows": 112, "Plan Width": 4, "Actual Startup Time": 0.0, "Actual Total Time": 0.0}]}], "Actual Rows": 0}], "Actual Rows": 0}], "Actual Rows": 0}], "Actual Rows": 1}, "Triggers": [], "Planner Runtime": 11.148, "Total Runtime": 91.35, "Unique SQL Id": 328306525}}, "(16, '95')": {"explain_plan": {"Plan": {"Node Type": "Aggregate", "Strategy": "Plain", "Startup Cost": 4981321362969.4, "Total Cost": 4981321362969.41, "Plan Rows": 1, "Plan Width": 49, "Plans": [{"Node Type": "Merge Join", "Parent Relationship": "Outer", "Join Type": "Inner", "Startup Cost": 3992035564373.54, "Total Cost": 4981321362969.34, "Plan Rows": 24, "Plan Width": 17, "Inner Unique": true, "Merge Cond": "(mi.movie_id = t.id)", "Plans": [{"Node Type": "Sort", "Parent Relationship": "Outer", "Startup Cost": 3982010273554.38, "Total Cost": 3982010273554.46, "Plan Rows": 33, "Plan Width": 8, "Sort Key": ["mc.movie_id"], "Plans": [{"Node Type": "Merge Join", "Parent Relationship": "Outer", "Join Type": "Inner", "Startup Cost": 3009688843613.24, "Total Cost": 3982010273553.55, "Plan Rows": 33, "Plan Width": 8, "Inner Unique": true, "Merge Cond": "(mi.info_type_id = it.id)", "Plans": [{"Node Type": "Sort", "Parent Relationship": "Outer", "Startup Cost": 2999688843613.23, "Total Cost": 2999688843613.31, "Plan Rows": 33, "Plan Width": 12, "Sort Key": ["mi.info_type_id"], "Plans": [{"Node Type": "Merge Join", "Parent Relationship": "Outer", "Join Type": "Inner", "Startup Cost": 2010011276294.44, "Total Cost": 2999688843612.39, "Plan Rows": 33, "Plan Width": 12, "Inner Unique": false, "Merge Cond": "(mi.movie_id = mc.movie_id)", "Plans": [{"Node Type": "Index Scan", "Parent Relationship": "Outer", "Scan Direction": "Forward", "Index Name": "movie_id_movie_info", "Relation Name": "movie_info", "Alias": "mi", "Startup Cost": 10000000000.0, "Total Cost": 1000107534403.72, "Plan Rows": 584897, "Plan Width": 8, "Filter": "((info)::text = ANY ('{USA,America}'::text[]))"}, {"Node Type": "Sort", "Parent Relationship": "Inner", "Startup Cost": 2000011276294.44, "Total Cost": 2000011276294.51, "Plan Rows": 30, "Plan Width": 4, "Sort Key": ["mc.movie_id"], "Plans": [{"Node Type": "Merge Join", "Parent Relationship": "Outer", "Join Type": "Inner", "Startup Cost": 506615711471.72, "Total Cost": 2000011276293.7, "Plan Rows": 30, "Plan Width": 4, "Inner Unique": false, "Merge Cond": "(ct.id = mc.company_type_id)", "Plans": [{"Node Type": "Index Scan", "Parent Relationship": "Outer", "Scan Direction": "Forward", "Index Name": "company_type_pkey", "Relation Name": "company_type", "Alias": "ct", "Startup Cost": 10000000000.0, "Total Cost": 1000000001230.25, "Plan Rows": 1, "Plan Width": 4, "Filter": "((kind)::text = 'production companies'::text)"}, {"Node Type": "Index Scan", "Parent Relationship": "Inner", "Scan Direction": "Forward", "Index Name": "company_type_id_movie_companies", "Relation Name": "movie_companies", "Alias": "mc", "Startup Cost": 10000000000.0, "Total Cost": 1000011275063.0, "Plan Rows": 59, "Plan Width": 8, "Filter": "(((note)::text ~~ '%(VHS)%'::text) AND ((note)::text ~~ '%(USA)%'::text) AND ((note)::text ~~ '%(1994)%'::text))"}]}]}]}]}, {"Node Type": "Index Scan", "Parent Relationship": "Inner", "Scan Direction": "Forward", "Index Name": "info_type_pkey", "Relation Name": "info_type", "Alias": "it", "Startup Cost": 10000000000.0, "Total Cost": 1000000001393.0, "Plan Rows": 112, "Plan Width": 4}]}]}, {"Node Type": "Index Scan", "Parent Relationship": "Inner", "Scan Direction": "Forward", "Index Name": "title_pkey", "Relation Name": "title", "Alias": "t", "Startup Cost": 10000000000.0, "Total Cost": 1000011644126.66, "Plan Rows": 391451, "Plan Width": 21, "Filter": "(production_year > 2010), (LLVM Optimized)"}]}]}, "Unique SQL Id": 328306525, "Planner Runtime": 13}, "explain_analyze_plan": null}, "(16, '96')": {"explain_plan": {"Plan": {"Node Type": "Aggregate", "Strategy": "Plain", "Startup Cost": 19200.79, "Total Cost": 19200.8, "Plan Rows": 1, "Plan Width": 49, "Plans": [{"Node Type": "Nested Loop", "Parent Relationship": "Outer", "Join Type": "Inner", "Startup Cost": 0.0, "Total Cost": 19200.73, "Plan Rows": 24, "Plan Width": 17, "Inner Unique": true, "Plans": [{"Node Type": "Nested Loop", "Parent Relationship": "Outer", "Join Type": "Inner", "Startup Cost": 0.0, "Total Cost": 19194.01, "Plan Rows": 24, "Plan Width": 21, "Inner Unique": false, "Plans": [{"Node Type": "Nested Loop", "Parent Relationship": "Outer", "Join Type": "Inner", "Startup Cost": 0.0, "Total Cost": 19115.02, "Plan Rows": 32, "Plan Width": 25, "Inner Unique": true, "Plans": [{"Node Type": "Nested Loop", "Parent Relationship": "Outer", "Join Type": "Inner", "Startup Cost": 0.0, "Total Cost": 18866.55, "Plan Rows": 30, "Plan Width": 4, "Inner Unique": true, "Plans": [{"Node Type": "Streaming(type: LOCAL GATHER dop: 1/16)", "Parent Relationship": "Outer", "Startup Cost": 0.0, "Total Cost": 18837.88, "Plan Rows": 59, "Plan Width": 8, "Plans": [{"Node Type": "Seq Scan", "Parent Relationship": "Outer", "Relation Name": "movie_companies", "Alias": "mc", "Startup Cost": 0.0, "Total Cost": 18836.61, "Plan Rows": 59, "Plan Width": 8, "Filter": "(((note)::text ~~ '%(VHS)%'::text) AND ((note)::text ~~ '%(USA)%'::text) AND ((note)::text ~~ '%(1994)%'::text))"}]}, {"Node Type": "Index Scan", "Parent Relationship": "Inner", "Scan Direction": "Forward", "Index Name": "company_type_pkey", "Relation Name": "company_type", "Alias": "ct", "Startup Cost": 0.0, "Total Cost": 0.48, "Plan Rows": 1, "Plan Width": 4, "Index Cond": "(id = mc.company_type_id)", "Filter": "((kind)::text = 'production companies'::text)"}]}, {"Node Type": "Index Scan", "Parent Relationship": "Inner", "Scan Direction": "Forward", "Index Name": "title_pkey", "Relation Name": "title", "Alias": "t", "Startup Cost": 0.0, "Total Cost": 8.27, "Plan Rows": 1, "Plan Width": 21, "Index Cond": "(id = mc.movie_id)", "Filter": "(production_year > 2010)"}]}, {"Node Type": "Index Scan", "Parent Relationship": "Inner", "Scan Direction": "Forward", "Index Name": "movie_id_movie_info", "Relation Name": "movie_info", "Alias": "mi", "Startup Cost": 0.0, "Total Cost": 2.46, "Plan Rows": 1, "Plan Width": 8, "Index Cond": "(movie_id = t.id)", "Filter": "((info)::text = ANY ('{USA,America}'::text[]))"}]}, {"Node Type": "Index Only Scan", "Parent Relationship": "Inner", "Scan Direction": "Forward", "Index Name": "info_type_pkey", "Relation Name": "info_type", "Alias": "it", "Startup Cost": 0.0, "Total Cost": 0.27, "Plan Rows": 1, "Plan Width": 4, "Index Cond": "(id = mi.info_type_id)"}]}]}, "Unique SQL Id": 328306525, "Planner Runtime": 8}, "explain_analyze_plan": {"Plan": {"Node Type": "Aggregate", "Strategy": "Plain", "Startup Cost": 19200.79, "Total Cost": 19200.8, "Plan Rows": 1, "Plan Width": 49, "Actual Min Startup Time": 81.008, "Actual Max Startup Time": 81.008, "Actual Min Total Time": 81.008, "Actual Max Total Time": 81.008, "Plans": [{"Node Type": "Nested Loop", "Parent Relationship": "Outer", "Join Type": "Inner", "Startup Cost": 0.0, "Total Cost": 19200.73, "Plan Rows": 24, "Plan Width": 17, "Actual Min Startup Time": 80.997, "Actual Max Startup Time": 80.997, "Actual Min Total Time": 80.997, "Actual Max Total Time": 80.997, "Inner Unique": true, "Plans": [{"Node Type": "Nested Loop", "Parent Relationship": "Outer", "Join Type": "Inner", "Startup Cost": 0.0, "Total Cost": 19194.01, "Plan Rows": 24, "Plan Width": 21, "Actual Min Startup Time": 80.996, "Actual Max Startup Time": 80.996, "Actual Min Total Time": 80.996, "Actual Max Total Time": 80.996, "Inner Unique": false, "Plans": [{"Node Type": "Nested Loop", "Parent Relationship": "Outer", "Join Type": "Inner", "Startup Cost": 0.0, "Total Cost": 19115.02, "Plan Rows": 32, "Plan Width": 25, "Actual Min Startup Time": 80.994, "Actual Max Startup Time": 80.994, "Actual Min Total Time": 80.994, "Actual Max Total Time": 80.994, "Inner Unique": true, "Plans": [{"Node Type": "Nested Loop", "Parent Relationship": "Outer", "Join Type": "Inner", "Startup Cost": 0.0, "Total Cost": 18866.55, "Plan Rows": 30, "Plan Width": 4, "Actual Min Startup Time": 80.993, "Actual Max Startup Time": 80.993, "Actual Min Total Time": 80.993, "Actual Max Total Time": 80.993, "Inner Unique": true, "Plans": [{"Node Type": "Streaming(type: LOCAL GATHER dop: 1/16)", "Parent Relationship": "Outer", "Startup Cost": 0.0, "Total Cost": 18837.88, "Plan Rows": 59, "Plan Width": 8, "Actual Min Startup Time": 44.869, "Actual Max Startup Time": 44.869, "Actual Min Total Time": 79.645, "Actual Max Total Time": 79.645, "Plans": [{"Node Type": "Seq Scan", "Parent Relationship": "Outer", "Relation Name": "movie_companies", "Alias": "mc", "Startup Cost": 0.0, "Total Cost": 18836.61, "Plan Rows": 59, "Plan Width": 8, "Actual Min Startup Time": 1.004, "Actual Max Startup Time": 12.222, "Actual Min Total Time": 54.573, "Actual Max Total Time": 60.817, "Filter": "(((note)::text ~~ '%(VHS)%'::text) AND ((note)::text ~~ '%(USA)%'::text) AND ((note)::text ~~ '%(1994)%'::text))", "Rows Removed by Filter": 2607710, "Actual Rows": 1418}], "Actual Rows": 1418}, {"Node Type": "Index Scan", "Parent Relationship": "Inner", "Scan Direction": "Forward", "Index Name": "company_type_pkey", "Relation Name": "company_type", "Alias": "ct", "Startup Cost": 0.0, "Total Cost": 0.48, "Plan Rows": 1, "Plan Width": 4, "Actual Min Startup Time": 0.771, "Actual Max Startup Time": 0.771, "Actual Min Total Time": 0.771, "Actual Max Total Time": 0.771, "Index Cond": "(id = mc.company_type_id)", "Rows Removed by Index Recheck": 0, "Filter": "((kind)::text = 'production companies'::text)", "Rows Removed by Filter": 0, "Actual Rows": 0}], "Actual Rows": 0}, {"Node Type": "Index Scan", "Parent Relationship": "Inner", "Scan Direction": "Forward", "Index Name": "title_pkey", "Relation Name": "title", "Alias": "t", "Startup Cost": 0.0, "Total Cost": 8.27, "Plan Rows": 1, "Plan Width": 21, "Actual Startup Time": 0.0, "Actual Total Time": 0.0, "Index Cond": "(id = mc.movie_id)", "Rows Removed by Index Recheck": 0, "Filter": "(production_year > 2010)", "Rows Removed by Filter": 0}], "Actual Rows": 0}, {"Node Type": "Index Scan", "Parent Relationship": "Inner", "Scan Direction": "Forward", "Index Name": "movie_id_movie_info", "Relation Name": "movie_info", "Alias": "mi", "Startup Cost": 0.0, "Total Cost": 2.46, "Plan Rows": 1, "Plan Width": 8, "Actual Startup Time": 0.0, "Actual Total Time": 0.0, "Index Cond": "(movie_id = t.id)", "Rows Removed by Index Recheck": 0, "Filter": "((info)::text = ANY ('{USA,America}'::text[]))", "Rows Removed by Filter": 0}], "Actual Rows": 0}, {"Node Type": "Index Only Scan", "Parent Relationship": "Inner", "Scan Direction": "Forward", "Index Name": "info_type_pkey", "Relation Name": "info_type", "Alias": "it", "Startup Cost": 0.0, "Total Cost": 0.27, "Plan Rows": 1, "Plan Width": 4, "Actual Startup Time": 0.0, "Actual Total Time": 0.0, "Index Cond": "(id = mi.info_type_id)", "Rows Removed by Index Recheck": 0, "Heap Fetches": 0}], "Actual Rows": 0}], "Actual Rows": 1}, "Triggers": [], "Planner Runtime": 10.164, "Total Runtime": 83.683, "Unique SQL Id": 328306525}}, "(16, '97')": {"explain_plan": {"Plan": {"Node Type": "Aggregate", "Strategy": "Plain", "Startup Cost": 85308.81, "Total Cost": 85308.82, "Plan Rows": 1, "Plan Width": 49, "Plans": [{"Node Type": "Nested Loop", "Parent Relationship": "Outer", "Join Type": "Inner", "Startup Cost": 0.0, "Total Cost": 85308.75, "Plan Rows": 24, "Plan Width": 17, "Inner Unique": true, "Plans": [{"Node Type": "Nested Loop", "Parent Relationship": "Outer", "Join Type": "Inner", "Startup Cost": 0.0, "Total Cost": 85302.03, "Plan Rows": 24, "Plan Width": 21, "Inner Unique": false, "Plans": [{"Node Type": "Nested Loop", "Parent Relationship": "Outer", "Join Type": "Inner", "Startup Cost": 0.0, "Total Cost": 85223.04, "Plan Rows": 32, "Plan Width": 25, "Inner Unique": true, "Plans": [{"Node Type": "Nested Loop", "Parent Relationship": "Outer", "Join Type": "Inner", "Startup Cost": 0.0, "Total Cost": 84974.56, "Plan Rows": 30, "Plan Width": 4, "Inner Unique": true, "Plans": [{"Node Type": "Streaming(type: LOCAL GATHER dop: 1/16)", "Parent Relationship": "Outer", "Startup Cost": 0.0, "Total Cost": 84945.9, "Plan Rows": 59, "Plan Width": 8, "Plans": [{"Node Type": "Index Scan", "Parent Relationship": "Outer", "Scan Direction": "Forward", "Index Name": "company_type_id_movie_companies", "Relation Name": "movie_companies", "Alias": "mc", "Startup Cost": 0.0, "Total Cost": 84944.62, "Plan Rows": 59, "Plan Width": 8, "Filter": "(((note)::text ~~ '%(VHS)%'::text) AND ((note)::text ~~ '%(USA)%'::text) AND ((note)::text ~~ '%(1994)%'::text))"}]}, {"Node Type": "Index Scan", "Parent Relationship": "Inner", "Scan Direction": "Forward", "Index Name": "company_type_pkey", "Relation Name": "company_type", "Alias": "ct", "Startup Cost": 0.0, "Total Cost": 0.48, "Plan Rows": 1, "Plan Width": 4, "Index Cond": "(id = mc.company_type_id)", "Filter": "((kind)::text = 'production companies'::text)"}]}, {"Node Type": "Index Scan", "Parent Relationship": "Inner", "Scan Direction": "Forward", "Index Name": "title_pkey", "Relation Name": "title", "Alias": "t", "Startup Cost": 0.0, "Total Cost": 8.27, "Plan Rows": 1, "Plan Width": 21, "Index Cond": "(id = mc.movie_id)", "Filter": "(production_year > 2010)"}]}, {"Node Type": "Index Scan", "Parent Relationship": "Inner", "Scan Direction": "Forward", "Index Name": "movie_id_movie_info", "Relation Name": "movie_info", "Alias": "mi", "Startup Cost": 0.0, "Total Cost": 2.46, "Plan Rows": 1, "Plan Width": 8, "Index Cond": "(movie_id = t.id)", "Filter": "((info)::text = ANY ('{USA,America}'::text[]))"}]}, {"Node Type": "Index Only Scan", "Parent Relationship": "Inner", "Scan Direction": "Forward", "Index Name": "info_type_pkey", "Relation Name": "info_type", "Alias": "it", "Startup Cost": 0.0, "Total Cost": 0.27, "Plan Rows": 1, "Plan Width": 4, "Index Cond": "(id = mi.info_type_id)"}]}]}, "Unique SQL Id": 328306525, "Planner Runtime": 7}, "explain_analyze_plan": {"Plan": {"Node Type": "Aggregate", "Strategy": "Plain", "Startup Cost": 85308.81, "Total Cost": 85308.82, "Plan Rows": 1, "Plan Width": 49, "Actual Min Startup Time": 150.176, "Actual Max Startup Time": 150.176, "Actual Min Total Time": 150.176, "Actual Max Total Time": 150.176, "Plans": [{"Node Type": "Nested Loop", "Parent Relationship": "Outer", "Join Type": "Inner", "Startup Cost": 0.0, "Total Cost": 85308.75, "Plan Rows": 24, "Plan Width": 17, "Actual Min Startup Time": 150.168, "Actual Max Startup Time": 150.168, "Actual Min Total Time": 150.168, "Actual Max Total Time": 150.168, "Inner Unique": true, "Plans": [{"Node Type": "Nested Loop", "Parent Relationship": "Outer", "Join Type": "Inner", "Startup Cost": 0.0, "Total Cost": 85302.03, "Plan Rows": 24, "Plan Width": 21, "Actual Min Startup Time": 150.166, "Actual Max Startup Time": 150.166, "Actual Min Total Time": 150.166, "Actual Max Total Time": 150.166, "Inner Unique": false, "Plans": [{"Node Type": "Nested Loop", "Parent Relationship": "Outer", "Join Type": "Inner", "Startup Cost": 0.0, "Total Cost": 85223.04, "Plan Rows": 32, "Plan Width": 25, "Actual Min Startup Time": 150.164, "Actual Max Startup Time": 150.164, "Actual Min Total Time": 150.164, "Actual Max Total Time": 150.164, "Inner Unique": true, "Plans": [{"Node Type": "Nested Loop", "Parent Relationship": "Outer", "Join Type": "Inner", "Startup Cost": 0.0, "Total Cost": 84974.56, "Plan Rows": 30, "Plan Width": 4, "Actual Min Startup Time": 150.163, "Actual Max Startup Time": 150.163, "Actual Min Total Time": 150.163, "Actual Max Total Time": 150.163, "Inner Unique": true, "Plans": [{"Node Type": "Streaming(type: LOCAL GATHER dop: 1/16)", "Parent Relationship": "Outer", "Startup Cost": 0.0, "Total Cost": 84945.9, "Plan Rows": 59, "Plan Width": 8, "Actual Min Startup Time": 65.979, "Actual Max Startup Time": 65.979, "Actual Min Total Time": 148.726, "Actual Max Total Time": 148.726, "Plans": [{"Node Type": "Index Scan", "Parent Relationship": "Outer", "Scan Direction": "Forward", "Index Name": "company_type_id_movie_companies", "Relation Name": "movie_companies", "Alias": "mc", "Startup Cost": 0.0, "Total Cost": 84944.62, "Plan Rows": 59, "Plan Width": 8, "Actual Min Startup Time": 15.507, "Actual Max Startup Time": 89.813, "Actual Min Total Time": 87.022, "Actual Max Total Time": 133.298, "Filter": "(((note)::text ~~ '%(VHS)%'::text) AND ((note)::text ~~ '%(USA)%'::text) AND ((note)::text ~~ '%(1994)%'::text))", "Rows Removed by Filter": 2607710, "Actual Rows": 1418}], "Actual Rows": 1418}, {"Node Type": "Index Scan", "Parent Relationship": "Inner", "Scan Direction": "Forward", "Index Name": "company_type_pkey", "Relation Name": "company_type", "Alias": "ct", "Startup Cost": 0.0, "Total Cost": 0.48, "Plan Rows": 1, "Plan Width": 4, "Actual Min Startup Time": 0.884, "Actual Max Startup Time": 0.884, "Actual Min Total Time": 0.884, "Actual Max Total Time": 0.884, "Index Cond": "(id = mc.company_type_id)", "Rows Removed by Index Recheck": 0, "Filter": "((kind)::text = 'production companies'::text)", "Rows Removed by Filter": 0, "Actual Rows": 0}], "Actual Rows": 0}, {"Node Type": "Index Scan", "Parent Relationship": "Inner", "Scan Direction": "Forward", "Index Name": "title_pkey", "Relation Name": "title", "Alias": "t", "Startup Cost": 0.0, "Total Cost": 8.27, "Plan Rows": 1, "Plan Width": 21, "Actual Startup Time": 0.0, "Actual Total Time": 0.0, "Index Cond": "(id = mc.movie_id)", "Rows Removed by Index Recheck": 0, "Filter": "(production_year > 2010)", "Rows Removed by Filter": 0}], "Actual Rows": 0}, {"Node Type": "Index Scan", "Parent Relationship": "Inner", "Scan Direction": "Forward", "Index Name": "movie_id_movie_info", "Relation Name": "movie_info", "Alias": "mi", "Startup Cost": 0.0, "Total Cost": 2.46, "Plan Rows": 1, "Plan Width": 8, "Actual Startup Time": 0.0, "Actual Total Time": 0.0, "Index Cond": "(movie_id = t.id)", "Rows Removed by Index Recheck": 0, "Filter": "((info)::text = ANY ('{USA,America}'::text[]))", "Rows Removed by Filter": 0}], "Actual Rows": 0}, {"Node Type": "Index Only Scan", "Parent Relationship": "Inner", "Scan Direction": "Forward", "Index Name": "info_type_pkey", "Relation Name": "info_type", "Alias": "it", "Startup Cost": 0.0, "Total Cost": 0.27, "Plan Rows": 1, "Plan Width": 4, "Actual Startup Time": 0.0, "Actual Total Time": 0.0, "Index Cond": "(id = mi.info_type_id)", "Rows Removed by Index Recheck": 0, "Heap Fetches": 0}], "Actual Rows": 0}], "Actual Rows": 1}, "Triggers": [], "Planner Runtime": 9.777, "Total Runtime": 152.638, "Unique SQL Id": 328306525}}, "(16, '98')": {"explain_plan": {"Plan": {"Node Type": "Aggregate", "Strategy": "Plain", "Startup Cost": 19349.23, "Total Cost": 19349.24, "Plan Rows": 1, "Plan Width": 49, "Plans": [{"Node Type": "Nested Loop", "Parent Relationship": "Outer", "Join Type": "Inner", "Startup Cost": 6.43, "Total Cost": 19349.17, "Plan Rows": 24, "Plan Width": 17, "Inner Unique": true, "Plans": [{"Node Type": "Nested Loop", "Parent Relationship": "Outer", "Join Type": "Inner", "Startup Cost": 6.18, "Total Cost": 19246.44, "Plan Rows": 24, "Plan Width": 21, "Inner Unique": false, "Plans": [{"Node Type": "Nested Loop", "Parent Relationship": "Outer", "Join Type": "Inner", "Startup Cost": 5.31, "Total Cost": 19087.94, "Plan Rows": 32, "Plan Width": 25, "Inner Unique": true, "Plans": [{"Node Type": "Hash Join", "Parent Relationship": "Outer", "Join Type": "Inner", "Startup Cost": 1.05, "Total Cost": 18839.45, "Plan Rows": 30, "Plan Width": 4, "Inner Unique": true, "Hash Cond": "(mc.company_type_id = ct.id)", "Plans": [{"Node Type": "Streaming(type: LOCAL GATHER dop: 1/16)", "Parent Relationship": "Outer", "Startup Cost": 0.0, "Total Cost": 18837.88, "Plan Rows": 59, "Plan Width": 8, "Plans": [{"Node Type": "Seq Scan", "Parent Relationship": "Outer", "Relation Name": "movie_companies", "Alias": "mc", "Startup Cost": 0.0, "Total Cost": 18836.61, "Plan Rows": 59, "Plan Width": 8, "Filter": "(((note)::text ~~ '%(VHS)%'::text) AND ((note)::text ~~ '%(USA)%'::text) AND ((note)::text ~~ '%(1994)%'::text))"}]}, {"Node Type": "Hash", "Parent Relationship": "Inner", "Startup Cost": 1.04, "Total Cost": 1.04, "Plan Rows": 1, "Plan Width": 4, "Plans": [{"Node Type": "Seq Scan", "Parent Relationship": "Outer", "Relation Name": "company_type", "Alias": "ct", "Startup Cost": 0.0, "Total Cost": 1.04, "Plan Rows": 1, "Plan Width": 4, "Filter": "((kind)::text = 'production companies'::text)"}]}]}, {"Node Type": "Bitmap Heap Scan", "Parent Relationship": "Inner", "Relation Name": "title", "Alias": "t", "Startup Cost": 4.26, "Total Cost": 8.27, "Plan Rows": 1, "Plan Width": 21, "Recheck Cond": "(id = mc.movie_id)", "Filter": "(production_year > 2010)", "Plans": [{"Node Type": "Bitmap Index Scan", "Parent Relationship": "Outer", "Index Name": "title_pkey", "Startup Cost": 0.0, "Total Cost": 4.26, "Plan Rows": 1, "Plan Width": 0, "Index Cond": "(id = mc.movie_id)"}]}]}, {"Node Type": "Bitmap Heap Scan", "Parent Relationship": "Inner", "Relation Name": "movie_info", "Alias": "mi", "Startup Cost": 0.87, "Total Cost": 4.94, "Plan Rows": 1, "Plan Width": 8, "Recheck Cond": "(movie_id = t.id)", "Filter": "((info)::text = ANY ('{USA,America}'::text[]))", "Plans": [{"Node Type": "Bitmap Index Scan", "Parent Relationship": "Outer", "Index Name": "movie_id_movie_info", "Startup Cost": 0.0, "Total Cost": 0.87, "Plan Rows": 5, "Plan Width": 0, "Index Cond": "(movie_id = t.id)"}]}]}, {"Node Type": "Bitmap Heap Scan", "Parent Relationship": "Inner", "Relation Name": "info_type", "Alias": "it", "Startup Cost": 0.26, "Total Cost": 4.27, "Plan Rows": 1, "Plan Width": 4, "Recheck Cond": "(id = mi.info_type_id)", "Plans": [{"Node Type": "Bitmap Index Scan", "Parent Relationship": "Outer", "Index Name": "info_type_pkey", "Startup Cost": 0.0, "Total Cost": 0.26, "Plan Rows": 1, "Plan Width": 0, "Index Cond": "(id = mi.info_type_id)"}]}]}]}, "Unique SQL Id": 328306525, "Planner Runtime": 9}, "explain_analyze_plan": {"Plan": {"Node Type": "Aggregate", "Strategy": "Plain", "Startup Cost": 19349.23, "Total Cost": 19349.24, "Plan Rows": 1, "Plan Width": 49, "Actual Min Startup Time": 80.627, "Actual Max Startup Time": 80.627, "Actual Min Total Time": 80.628, "Actual Max Total Time": 80.628, "Plans": [{"Node Type": "Nested Loop", "Parent Relationship": "Outer", "Join Type": "Inner", "Startup Cost": 6.43, "Total Cost": 19349.17, "Plan Rows": 24, "Plan Width": 17, "Actual Min Startup Time": 80.616, "Actual Max Startup Time": 80.616, "Actual Min Total Time": 80.616, "Actual Max Total Time": 80.616, "Inner Unique": true, "Plans": [{"Node Type": "Nested Loop", "Parent Relationship": "Outer", "Join Type": "Inner", "Startup Cost": 6.18, "Total Cost": 19246.44, "Plan Rows": 24, "Plan Width": 21, "Actual Min Startup Time": 80.614, "Actual Max Startup Time": 80.614, "Actual Min Total Time": 80.614, "Actual Max Total Time": 80.614, "Inner Unique": false, "Plans": [{"Node Type": "Nested Loop", "Parent Relationship": "Outer", "Join Type": "Inner", "Startup Cost": 5.31, "Total Cost": 19087.94, "Plan Rows": 32, "Plan Width": 25, "Actual Min Startup Time": 80.613, "Actual Max Startup Time": 80.613, "Actual Min Total Time": 80.613, "Actual Max Total Time": 80.613, "Inner Unique": true, "Plans": [{"Node Type": "Hash Join", "Parent Relationship": "Outer", "Join Type": "Inner", "Startup Cost": 1.05, "Total Cost": 18839.45, "Plan Rows": 30, "Plan Width": 4, "Actual Min Startup Time": 80.568, "Actual Max Startup Time": 80.568, "Actual Min Total Time": 80.568, "Actual Max Total Time": 80.568, "Inner Unique": true, "Hash Cond": "(mc.company_type_id = ct.id)", "Plans": [{"Node Type": "Streaming(type: LOCAL GATHER dop: 1/16)", "Parent Relationship": "Outer", "Startup Cost": 0.0, "Total Cost": 18837.88, "Plan Rows": 59, "Plan Width": 8, "Actual Min Startup Time": 44.287, "Actual Max Startup Time": 44.287, "Actual Min Total Time": 80.213, "Actual Max Total Time": 80.213, "Plans": [{"Node Type": "Seq Scan", "Parent Relationship": "Outer", "Relation Name": "movie_companies", "Alias": "mc", "Startup Cost": 0.0, "Total Cost": 18836.61, "Plan Rows": 59, "Plan Width": 8, "Actual Min Startup Time": 1.002, "Actual Max Startup Time": 12.342, "Actual Min Total Time": 54.55, "Actual Max Total Time": 60.863, "Filter": "(((note)::text ~~ '%(VHS)%'::text) AND ((note)::text ~~ '%(USA)%'::text) AND ((note)::text ~~ '%(1994)%'::text))", "Rows Removed by Filter": 2607710, "Actual Rows": 1418}], "Actual Rows": 1418}, {"Node Type": "Hash", "Parent Relationship": "Inner", "Startup Cost": 1.04, "Total Cost": 1.04, "Plan Rows": 1, "Plan Width": 4, "Actual Min Startup Time": 0.049, "Actual Max Startup Time": 0.049, "Actual Min Total Time": 0.049, "Actual Max Total Time": 0.049, "Max Hash Buckets": 32768, "Min Hash Buckets": 32768, "Max Hash Batches": 1, "Min Hash Batches": 1, "Max Original Hash Batches": 1, "Min Original Hash Batches": 1, "Max Peak Memory Usage": 1, "min Peak Memory Usage": 1, "Plans": [{"Node Type": "Seq Scan", "Parent Relationship": "Outer", "Relation Name": "company_type", "Alias": "ct", "Startup Cost": 0.0, "Total Cost": 1.04, "Plan Rows": 1, "Plan Width": 4, "Actual Min Startup Time": 0.031, "Actual Max Startup Time": 0.031, "Actual Min Total Time": 0.035, "Actual Max Total Time": 0.035, "Filter": "((kind)::text = 'production companies'::text)", "Rows Removed by Filter": 2, "Actual Rows": 1}], "Actual Rows": 1}], "Actual Rows": 0}, {"Node Type": "Bitmap Heap Scan", "Parent Relationship": "Inner", "Relation Name": "title", "Alias": "t", "Startup Cost": 4.26, "Total Cost": 8.27, "Plan Rows": 1, "Plan Width": 21, "Actual Startup Time": 0.0, "Actual Total Time": 0.0, "Recheck Cond": "(id = mc.movie_id)", "Rows Removed by Index Recheck": 0, "Filter": "(production_year > 2010)", "Rows Removed by Filter": 0, "Exact Heap Blocks": 0, "Lossy Heap Blocks": 0, "Plans": [{"Node Type": "Bitmap Index Scan", "Parent Relationship": "Outer", "Index Name": "title_pkey", "Startup Cost": 0.0, "Total Cost": 4.26, "Plan Rows": 1, "Plan Width": 0, "Actual Startup Time": 0.0, "Actual Total Time": 0.0, "Index Cond": "(id = mc.movie_id)"}]}], "Actual Rows": 0}, {"Node Type": "Bitmap Heap Scan", "Parent Relationship": "Inner", "Relation Name": "movie_info", "Alias": "mi", "Startup Cost": 0.87, "Total Cost": 4.94, "Plan Rows": 1, "Plan Width": 8, "Actual Startup Time": 0.0, "Actual Total Time": 0.0, "Recheck Cond": "(movie_id = t.id)", "Rows Removed by Index Recheck": 0, "Filter": "((info)::text = ANY ('{USA,America}'::text[]))", "Rows Removed by Filter": 0, "Exact Heap Blocks": 0, "Lossy Heap Blocks": 0, "Plans": [{"Node Type": "Bitmap Index Scan", "Parent Relationship": "Outer", "Index Name": "movie_id_movie_info", "Startup Cost": 0.0, "Total Cost": 0.87, "Plan Rows": 5, "Plan Width": 0, "Actual Startup Time": 0.0, "Actual Total Time": 0.0, "Index Cond": "(movie_id = t.id)"}]}], "Actual Rows": 0}, {"Node Type": "Bitmap Heap Scan", "Parent Relationship": "Inner", "Relation Name": "info_type", "Alias": "it", "Startup Cost": 0.26, "Total Cost": 4.27, "Plan Rows": 1, "Plan Width": 4, "Actual Startup Time": 0.0, "Actual Total Time": 0.0, "Recheck Cond": "(id = mi.info_type_id)", "Rows Removed by Index Recheck": 0, "Exact Heap Blocks": 0, "Lossy Heap Blocks": 0, "Plans": [{"Node Type": "Bitmap Index Scan", "Parent Relationship": "Outer", "Index Name": "info_type_pkey", "Startup Cost": 0.0, "Total Cost": 0.26, "Plan Rows": 1, "Plan Width": 0, "Actual Startup Time": 0.0, "Actual Total Time": 0.0, "Index Cond": "(id = mi.info_type_id)"}]}], "Actual Rows": 0}], "Actual Rows": 1}, "Triggers": [], "Planner Runtime": 11.271, "Total Runtime": 83.136, "Unique SQL Id": 328306525}}, "(16, '99')": {"explain_plan": {"Plan": {"Node Type": "Aggregate", "Strategy": "Plain", "Startup Cost": 71749.13, "Total Cost": 71749.14, "Plan Rows": 1, "Plan Width": 49, "Plans": [{"Node Type": "Nested Loop", "Parent Relationship": "Outer", "Join Type": "Inner", "Startup Cost": 28957.62, "Total Cost": 71749.07, "Plan Rows": 24, "Plan Width": 17, "Inner Unique": true, "Plans": [{"Node Type": "Nested Loop", "Parent Relationship": "Outer", "Join Type": "Inner", "Startup Cost": 28957.36, "Total Cost": 71646.35, "Plan Rows": 24, "Plan Width": 21, "Inner Unique": true, "Plans": [{"Node Type": "Nested Loop", "Parent Relationship": "Outer", "Join Type": "Inner", "Startup Cost": 28957.04, "Total Cost": 71502.93, "Plan Rows": 33, "Plan Width": 12, "Inner Unique": false, "Plans": [{"Node Type": "Nested Loop", "Parent Relationship": "Outer", "Join Type": "Inner", "Startup Cost": 28952.75, "Total Cost": 70774.36, "Plan Rows": 30, "Plan Width": 4, "Inner Unique": false, "Plans": [{"Node Type": "Bitmap Heap Scan", "Parent Relationship": "Outer", "Relation Name": "company_type", "Alias": "ct", "Startup Cost": 8.27, "Total Cost": 12.3, "Plan Rows": 1, "Plan Width": 4, "Filter": "((kind)::text = 'production companies'::text)", "Plans": [{"Node Type": "Bitmap Index Scan", "Parent Relationship": "Outer", "Index Name": "company_type_pkey", "Startup Cost": 0.0, "Total Cost": 8.27, "Plan Rows": 3, "Plan Width": 0}]}, {"Node Type": "Bitmap Heap Scan", "Parent Relationship": "Inner", "Relation Name": "movie_companies", "Alias": "mc", "Startup Cost": 28944.49, "Total Cost": 70761.77, "Plan Rows": 29, "Plan Width": 8, "Recheck Cond": "(company_type_id = ct.id)", "Filter": "(((note)::text ~~ '%(VHS)%'::text) AND ((note)::text ~~ '%(USA)%'::text) AND ((note)::text ~~ '%(1994)%'::text))", "Plans": [{"Node Type": "Bitmap Index Scan", "Parent Relationship": "Outer", "Index Name": "company_type_id_movie_companies", "Startup Cost": 0.0, "Total Cost": 28944.48, "Plan Rows": 1304564, "Plan Width": 0, "Index Cond": "(company_type_id = ct.id)"}]}]}, {"Node Type": "Bitmap Heap Scan", "Parent Relationship": "Inner", "Relation Name": "movie_info", "Alias": "mi", "Startup Cost": 4.29, "Total Cost": 24.28, "Plan Rows": 1, "Plan Width": 8, "Recheck Cond": "(movie_id = mc.movie_id)", "Filter": "((info)::text = ANY ('{USA,America}'::text[]))", "Plans": [{"Node Type": "Bitmap Index Scan", "Parent Relationship": "Outer", "Index Name": "movie_id_movie_info", "Startup Cost": 0.0, "Total Cost": 4.29, "Plan Rows": 5, "Plan Width": 0, "Index Cond": "(movie_id = mc.movie_id)"}]}]}, {"Node Type": "Bitmap Heap Scan", "Parent Relationship": "Inner", "Relation Name": "title", "Alias": "t", "Startup Cost": 0.32, "Total Cost": 4.34, "Plan Rows": 1, "Plan Width": 21, "Recheck Cond": "(id = mi.movie_id)", "Filter": "(production_year > 2010)", "Plans": [{"Node Type": "Bitmap Index Scan", "Parent Relationship": "Outer", "Index Name": "title_pkey", "Startup Cost": 0.0, "Total Cost": 0.32, "Plan Rows": 1, "Plan Width": 0, "Index Cond": "(id = mi.movie_id)"}]}]}, {"Node Type": "Bitmap Heap Scan", "Parent Relationship": "Inner", "Relation Name": "info_type", "Alias": "it", "Startup Cost": 0.26, "Total Cost": 4.27, "Plan Rows": 1, "Plan Width": 4, "Recheck Cond": "(id = mi.info_type_id)", "Plans": [{"Node Type": "Bitmap Index Scan", "Parent Relationship": "Outer", "Index Name": "info_type_pkey", "Startup Cost": 0.0, "Total Cost": 0.26, "Plan Rows": 1, "Plan Width": 0, "Index Cond": "(id = mi.info_type_id)"}]}]}]}, "Unique SQL Id": 328306525, "Planner Runtime": 5}, "explain_analyze_plan": null}, "(16, '100')": {"explain_plan": {"Plan": {"Node Type": "Aggregate", "Strategy": "Plain", "Startup Cost": 19200.79, "Total Cost": 19200.8, "Plan Rows": 1, "Plan Width": 49, "Plans": [{"Node Type": "Nested Loop", "Parent Relationship": "Outer", "Join Type": "Inner", "Startup Cost": 0.0, "Total Cost": 19200.73, "Plan Rows": 24, "Plan Width": 17, "Inner Unique": true, "Plans": [{"Node Type": "Nested Loop", "Parent Relationship": "Outer", "Join Type": "Inner", "Startup Cost": 0.0, "Total Cost": 19194.01, "Plan Rows": 24, "Plan Width": 21, "Inner Unique": false, "Plans": [{"Node Type": "Nested Loop", "Parent Relationship": "Outer", "Join Type": "Inner", "Startup Cost": 0.0, "Total Cost": 19115.02, "Plan Rows": 32, "Plan Width": 25, "Inner Unique": true, "Plans": [{"Node Type": "Nested Loop", "Parent Relationship": "Outer", "Join Type": "Inner", "Startup Cost": 0.0, "Total Cost": 18866.55, "Plan Rows": 30, "Plan Width": 4, "Inner Unique": true, "Plans": [{"Node Type": "Streaming(type: LOCAL GATHER dop: 1/16)", "Parent Relationship": "Outer", "Startup Cost": 0.0, "Total Cost": 18837.88, "Plan Rows": 59, "Plan Width": 8, "Plans": [{"Node Type": "Seq Scan", "Parent Relationship": "Outer", "Relation Name": "movie_companies", "Alias": "mc", "Startup Cost": 0.0, "Total Cost": 18836.61, "Plan Rows": 59, "Plan Width": 8, "Filter": "(((note)::text ~~ '%(VHS)%'::text) AND ((note)::text ~~ '%(USA)%'::text) AND ((note)::text ~~ '%(1994)%'::text))"}]}, {"Node Type": "Index Scan", "Parent Relationship": "Inner", "Scan Direction": "Forward", "Index Name": "company_type_pkey", "Relation Name": "company_type", "Alias": "ct", "Startup Cost": 0.0, "Total Cost": 0.48, "Plan Rows": 1, "Plan Width": 4, "Index Cond": "(id = mc.company_type_id)", "Filter": "((kind)::text = 'production companies'::text)"}]}, {"Node Type": "Index Scan", "Parent Relationship": "Inner", "Scan Direction": "Forward", "Index Name": "title_pkey", "Relation Name": "title", "Alias": "t", "Startup Cost": 0.0, "Total Cost": 8.27, "Plan Rows": 1, "Plan Width": 21, "Index Cond": "(id = mc.movie_id)", "Filter": "(production_year > 2010)"}]}, {"Node Type": "Index Scan", "Parent Relationship": "Inner", "Scan Direction": "Forward", "Index Name": "movie_id_movie_info", "Relation Name": "movie_info", "Alias": "mi", "Startup Cost": 0.0, "Total Cost": 2.46, "Plan Rows": 1, "Plan Width": 8, "Index Cond": "(movie_id = t.id)", "Filter": "((info)::text = ANY ('{USA,America}'::text[]))"}]}, {"Node Type": "Index Scan", "Parent Relationship": "Inner", "Scan Direction": "Forward", "Index Name": "info_type_pkey", "Relation Name": "info_type", "Alias": "it", "Startup Cost": 0.0, "Total Cost": 0.27, "Plan Rows": 1, "Plan Width": 4, "Index Cond": "(id = mi.info_type_id)"}]}]}, "Unique SQL Id": 328306525, "Planner Runtime": 8}, "explain_analyze_plan": {"Plan": {"Node Type": "Aggregate", "Strategy": "Plain", "Startup Cost": 19200.79, "Total Cost": 19200.8, "Plan Rows": 1, "Plan Width": 49, "Actual Min Startup Time": 81.545, "Actual Max Startup Time": 81.545, "Actual Min Total Time": 81.545, "Actual Max Total Time": 81.545, "Plans": [{"Node Type": "Nested Loop", "Parent Relationship": "Outer", "Join Type": "Inner", "Startup Cost": 0.0, "Total Cost": 19200.73, "Plan Rows": 24, "Plan Width": 17, "Actual Min Startup Time": 81.534, "Actual Max Startup Time": 81.534, "Actual Min Total Time": 81.534, "Actual Max Total Time": 81.534, "Inner Unique": true, "Plans": [{"Node Type": "Nested Loop", "Parent Relationship": "Outer", "Join Type": "Inner", "Startup Cost": 0.0, "Total Cost": 19194.01, "Plan Rows": 24, "Plan Width": 21, "Actual Min Startup Time": 81.532, "Actual Max Startup Time": 81.532, "Actual Min Total Time": 81.532, "Actual Max Total Time": 81.532, "Inner Unique": false, "Plans": [{"Node Type": "Nested Loop", "Parent Relationship": "Outer", "Join Type": "Inner", "Startup Cost": 0.0, "Total Cost": 19115.02, "Plan Rows": 32, "Plan Width": 25, "Actual Min Startup Time": 81.53, "Actual Max Startup Time": 81.53, "Actual Min Total Time": 81.53, "Actual Max Total Time": 81.53, "Inner Unique": true, "Plans": [{"Node Type": "Nested Loop", "Parent Relationship": "Outer", "Join Type": "Inner", "Startup Cost": 0.0, "Total Cost": 18866.55, "Plan Rows": 30, "Plan Width": 4, "Actual Min Startup Time": 81.529, "Actual Max Startup Time": 81.529, "Actual Min Total Time": 81.529, "Actual Max Total Time": 81.529, "Inner Unique": true, "Plans": [{"Node Type": "Streaming(type: LOCAL GATHER dop: 1/16)", "Parent Relationship": "Outer", "Startup Cost": 0.0, "Total Cost": 18837.88, "Plan Rows": 59, "Plan Width": 8, "Actual Min Startup Time": 45.015, "Actual Max Startup Time": 45.015, "Actual Min Total Time": 80.158, "Actual Max Total Time": 80.158, "Plans": [{"Node Type": "Seq Scan", "Parent Relationship": "Outer", "Relation Name": "movie_companies", "Alias": "mc", "Startup Cost": 0.0, "Total Cost": 18836.61, "Plan Rows": 59, "Plan Width": 8, "Actual Min Startup Time": 1.006, "Actual Max Startup Time": 12.191, "Actual Min Total Time": 54.289, "Actual Max Total Time": 60.814, "Filter": "(((note)::text ~~ '%(VHS)%'::text) AND ((note)::text ~~ '%(USA)%'::text) AND ((note)::text ~~ '%(1994)%'::text))", "Rows Removed by Filter": 2607710, "Actual Rows": 1418}], "Actual Rows": 1418}, {"Node Type": "Index Scan", "Parent Relationship": "Inner", "Scan Direction": "Forward", "Index Name": "company_type_pkey", "Relation Name": "company_type", "Alias": "ct", "Startup Cost": 0.0, "Total Cost": 0.48, "Plan Rows": 1, "Plan Width": 4, "Actual Min Startup Time": 0.849, "Actual Max Startup Time": 0.849, "Actual Min Total Time": 0.849, "Actual Max Total Time": 0.849, "Index Cond": "(id = mc.company_type_id)", "Rows Removed by Index Recheck": 0, "Filter": "((kind)::text = 'production companies'::text)", "Rows Removed by Filter": 0, "Actual Rows": 0}], "Actual Rows": 0}, {"Node Type": "Index Scan", "Parent Relationship": "Inner", "Scan Direction": "Forward", "Index Name": "title_pkey", "Relation Name": "title", "Alias": "t", "Startup Cost": 0.0, "Total Cost": 8.27, "Plan Rows": 1, "Plan Width": 21, "Actual Startup Time": 0.0, "Actual Total Time": 0.0, "Index Cond": "(id = mc.movie_id)", "Rows Removed by Index Recheck": 0, "Filter": "(production_year > 2010)", "Rows Removed by Filter": 0}], "Actual Rows": 0}, {"Node Type": "Index Scan", "Parent Relationship": "Inner", "Scan Direction": "Forward", "Index Name": "movie_id_movie_info", "Relation Name": "movie_info", "Alias": "mi", "Startup Cost": 0.0, "Total Cost": 2.46, "Plan Rows": 1, "Plan Width": 8, "Actual Startup Time": 0.0, "Actual Total Time": 0.0, "Index Cond": "(movie_id = t.id)", "Rows Removed by Index Recheck": 0, "Filter": "((info)::text = ANY ('{USA,America}'::text[]))", "Rows Removed by Filter": 0}], "Actual Rows": 0}, {"Node Type": "Index Scan", "Parent Relationship": "Inner", "Scan Direction": "Forward", "Index Name": "info_type_pkey", "Relation Name": "info_type", "Alias": "it", "Startup Cost": 0.0, "Total Cost": 0.27, "Plan Rows": 1, "Plan Width": 4, "Actual Startup Time": 0.0, "Actual Total Time": 0.0, "Index Cond": "(id = mi.info_type_id)", "Rows Removed by Index Recheck": 0}], "Actual Rows": 0}], "Actual Rows": 1}, "Triggers": [], "Planner Runtime": 10.135, "Total Runtime": 84.05, "Unique SQL Id": 328306525}}, "(16, '101')": {"explain_plan": {"Plan": {"Node Type": "Aggregate", "Strategy": "Plain", "Startup Cost": 85308.81, "Total Cost": 85308.82, "Plan Rows": 1, "Plan Width": 49, "Plans": [{"Node Type": "Nested Loop", "Parent Relationship": "Outer", "Join Type": "Inner", "Startup Cost": 0.0, "Total Cost": 85308.75, "Plan Rows": 24, "Plan Width": 17, "Inner Unique": true, "Plans": [{"Node Type": "Nested Loop", "Parent Relationship": "Outer", "Join Type": "Inner", "Startup Cost": 0.0, "Total Cost": 85302.03, "Plan Rows": 24, "Plan Width": 21, "Inner Unique": false, "Plans": [{"Node Type": "Nested Loop", "Parent Relationship": "Outer", "Join Type": "Inner", "Startup Cost": 0.0, "Total Cost": 85223.04, "Plan Rows": 32, "Plan Width": 25, "Inner Unique": true, "Plans": [{"Node Type": "Nested Loop", "Parent Relationship": "Outer", "Join Type": "Inner", "Startup Cost": 0.0, "Total Cost": 84974.56, "Plan Rows": 30, "Plan Width": 4, "Inner Unique": true, "Plans": [{"Node Type": "Streaming(type: LOCAL GATHER dop: 1/16)", "Parent Relationship": "Outer", "Startup Cost": 0.0, "Total Cost": 84945.9, "Plan Rows": 59, "Plan Width": 8, "Plans": [{"Node Type": "Index Scan", "Parent Relationship": "Outer", "Scan Direction": "Forward", "Index Name": "company_type_id_movie_companies", "Relation Name": "movie_companies", "Alias": "mc", "Startup Cost": 0.0, "Total Cost": 84944.62, "Plan Rows": 59, "Plan Width": 8, "Filter": "(((note)::text ~~ '%(VHS)%'::text) AND ((note)::text ~~ '%(USA)%'::text) AND ((note)::text ~~ '%(1994)%'::text))"}]}, {"Node Type": "Index Scan", "Parent Relationship": "Inner", "Scan Direction": "Forward", "Index Name": "company_type_pkey", "Relation Name": "company_type", "Alias": "ct", "Startup Cost": 0.0, "Total Cost": 0.48, "Plan Rows": 1, "Plan Width": 4, "Index Cond": "(id = mc.company_type_id)", "Filter": "((kind)::text = 'production companies'::text)"}]}, {"Node Type": "Index Scan", "Parent Relationship": "Inner", "Scan Direction": "Forward", "Index Name": "title_pkey", "Relation Name": "title", "Alias": "t", "Startup Cost": 0.0, "Total Cost": 8.27, "Plan Rows": 1, "Plan Width": 21, "Index Cond": "(id = mc.movie_id)", "Filter": "(production_year > 2010)"}]}, {"Node Type": "Index Scan", "Parent Relationship": "Inner", "Scan Direction": "Forward", "Index Name": "movie_id_movie_info", "Relation Name": "movie_info", "Alias": "mi", "Startup Cost": 0.0, "Total Cost": 2.46, "Plan Rows": 1, "Plan Width": 8, "Index Cond": "(movie_id = t.id)", "Filter": "((info)::text = ANY ('{USA,America}'::text[]))"}]}, {"Node Type": "Index Scan", "Parent Relationship": "Inner", "Scan Direction": "Forward", "Index Name": "info_type_pkey", "Relation Name": "info_type", "Alias": "it", "Startup Cost": 0.0, "Total Cost": 0.27, "Plan Rows": 1, "Plan Width": 4, "Index Cond": "(id = mi.info_type_id)"}]}]}, "Unique SQL Id": 328306525, "Planner Runtime": 7}, "explain_analyze_plan": {"Plan": {"Node Type": "Aggregate", "Strategy": "Plain", "Startup Cost": 85308.81, "Total Cost": 85308.82, "Plan Rows": 1, "Plan Width": 49, "Actual Min Startup Time": 150.244, "Actual Max Startup Time": 150.244, "Actual Min Total Time": 150.245, "Actual Max Total Time": 150.245, "Plans": [{"Node Type": "Nested Loop", "Parent Relationship": "Outer", "Join Type": "Inner", "Startup Cost": 0.0, "Total Cost": 85308.75, "Plan Rows": 24, "Plan Width": 17, "Actual Min Startup Time": 150.235, "Actual Max Startup Time": 150.235, "Actual Min Total Time": 150.235, "Actual Max Total Time": 150.235, "Inner Unique": true, "Plans": [{"Node Type": "Nested Loop", "Parent Relationship": "Outer", "Join Type": "Inner", "Startup Cost": 0.0, "Total Cost": 85302.03, "Plan Rows": 24, "Plan Width": 21, "Actual Min Startup Time": 150.233, "Actual Max Startup Time": 150.233, "Actual Min Total Time": 150.233, "Actual Max Total Time": 150.233, "Inner Unique": false, "Plans": [{"Node Type": "Nested Loop", "Parent Relationship": "Outer", "Join Type": "Inner", "Startup Cost": 0.0, "Total Cost": 85223.04, "Plan Rows": 32, "Plan Width": 25, "Actual Min Startup Time": 150.231, "Actual Max Startup Time": 150.231, "Actual Min Total Time": 150.231, "Actual Max Total Time": 150.231, "Inner Unique": true, "Plans": [{"Node Type": "Nested Loop", "Parent Relationship": "Outer", "Join Type": "Inner", "Startup Cost": 0.0, "Total Cost": 84974.56, "Plan Rows": 30, "Plan Width": 4, "Actual Min Startup Time": 150.23, "Actual Max Startup Time": 150.23, "Actual Min Total Time": 150.23, "Actual Max Total Time": 150.23, "Inner Unique": true, "Plans": [{"Node Type": "Streaming(type: LOCAL GATHER dop: 1/16)", "Parent Relationship": "Outer", "Startup Cost": 0.0, "Total Cost": 84945.9, "Plan Rows": 59, "Plan Width": 8, "Actual Min Startup Time": 66.075, "Actual Max Startup Time": 66.075, "Actual Min Total Time": 148.824, "Actual Max Total Time": 148.824, "Plans": [{"Node Type": "Index Scan", "Parent Relationship": "Outer", "Scan Direction": "Forward", "Index Name": "company_type_id_movie_companies", "Relation Name": "movie_companies", "Alias": "mc", "Startup Cost": 0.0, "Total Cost": 84944.62, "Plan Rows": 59, "Plan Width": 8, "Actual Min Startup Time": 16.495, "Actual Max Startup Time": 89.017, "Actual Min Total Time": 87.219, "Actual Max Total Time": 133.431, "Filter": "(((note)::text ~~ '%(VHS)%'::text) AND ((note)::text ~~ '%(USA)%'::text) AND ((note)::text ~~ '%(1994)%'::text))", "Rows Removed by Filter": 2607710, "Actual Rows": 1418}], "Actual Rows": 1418}, {"Node Type": "Index Scan", "Parent Relationship": "Inner", "Scan Direction": "Forward", "Index Name": "company_type_pkey", "Relation Name": "company_type", "Alias": "ct", "Startup Cost": 0.0, "Total Cost": 0.48, "Plan Rows": 1, "Plan Width": 4, "Actual Min Startup Time": 0.826, "Actual Max Startup Time": 0.826, "Actual Min Total Time": 0.826, "Actual Max Total Time": 0.826, "Index Cond": "(id = mc.company_type_id)", "Rows Removed by Index Recheck": 0, "Filter": "((kind)::text = 'production companies'::text)", "Rows Removed by Filter": 0, "Actual Rows": 0}], "Actual Rows": 0}, {"Node Type": "Index Scan", "Parent Relationship": "Inner", "Scan Direction": "Forward", "Index Name": "title_pkey", "Relation Name": "title", "Alias": "t", "Startup Cost": 0.0, "Total Cost": 8.27, "Plan Rows": 1, "Plan Width": 21, "Actual Startup Time": 0.0, "Actual Total Time": 0.0, "Index Cond": "(id = mc.movie_id)", "Rows Removed by Index Recheck": 0, "Filter": "(production_year > 2010)", "Rows Removed by Filter": 0}], "Actual Rows": 0}, {"Node Type": "Index Scan", "Parent Relationship": "Inner", "Scan Direction": "Forward", "Index Name": "movie_id_movie_info", "Relation Name": "movie_info", "Alias": "mi", "Startup Cost": 0.0, "Total Cost": 2.46, "Plan Rows": 1, "Plan Width": 8, "Actual Startup Time": 0.0, "Actual Total Time": 0.0, "Index Cond": "(movie_id = t.id)", "Rows Removed by Index Recheck": 0, "Filter": "((info)::text = ANY ('{USA,America}'::text[]))", "Rows Removed by Filter": 0}], "Actual Rows": 0}, {"Node Type": "Index Scan", "Parent Relationship": "Inner", "Scan Direction": "Forward", "Index Name": "info_type_pkey", "Relation Name": "info_type", "Alias": "it", "Startup Cost": 0.0, "Total Cost": 0.27, "Plan Rows": 1, "Plan Width": 4, "Actual Startup Time": 0.0, "Actual Total Time": 0.0, "Index Cond": "(id = mi.info_type_id)", "Rows Removed by Index Recheck": 0}], "Actual Rows": 0}], "Actual Rows": 1}, "Triggers": [], "Planner Runtime": 9.809, "Total Runtime": 152.728, "Unique SQL Id": 328306525}}, "(16, '102')": {"explain_plan": {"Plan": {"Node Type": "Aggregate", "Strategy": "Plain", "Startup Cost": 19349.23, "Total Cost": 19349.24, "Plan Rows": 1, "Plan Width": 49, "Plans": [{"Node Type": "Nested Loop", "Parent Relationship": "Outer", "Join Type": "Inner", "Startup Cost": 6.43, "Total Cost": 19349.17, "Plan Rows": 24, "Plan Width": 17, "Inner Unique": true, "Plans": [{"Node Type": "Nested Loop", "Parent Relationship": "Outer", "Join Type": "Inner", "Startup Cost": 6.18, "Total Cost": 19246.44, "Plan Rows": 24, "Plan Width": 21, "Inner Unique": false, "Plans": [{"Node Type": "Nested Loop", "Parent Relationship": "Outer", "Join Type": "Inner", "Startup Cost": 5.31, "Total Cost": 19087.94, "Plan Rows": 32, "Plan Width": 25, "Inner Unique": true, "Plans": [{"Node Type": "Hash Join", "Parent Relationship": "Outer", "Join Type": "Inner", "Startup Cost": 1.05, "Total Cost": 18839.45, "Plan Rows": 30, "Plan Width": 4, "Inner Unique": true, "Hash Cond": "(mc.company_type_id = ct.id)", "Plans": [{"Node Type": "Streaming(type: LOCAL GATHER dop: 1/16)", "Parent Relationship": "Outer", "Startup Cost": 0.0, "Total Cost": 18837.88, "Plan Rows": 59, "Plan Width": 8, "Plans": [{"Node Type": "Seq Scan", "Parent Relationship": "Outer", "Relation Name": "movie_companies", "Alias": "mc", "Startup Cost": 0.0, "Total Cost": 18836.61, "Plan Rows": 59, "Plan Width": 8, "Filter": "(((note)::text ~~ '%(VHS)%'::text) AND ((note)::text ~~ '%(USA)%'::text) AND ((note)::text ~~ '%(1994)%'::text))"}]}, {"Node Type": "Hash", "Parent Relationship": "Inner", "Startup Cost": 1.04, "Total Cost": 1.04, "Plan Rows": 1, "Plan Width": 4, "Plans": [{"Node Type": "Seq Scan", "Parent Relationship": "Outer", "Relation Name": "company_type", "Alias": "ct", "Startup Cost": 0.0, "Total Cost": 1.04, "Plan Rows": 1, "Plan Width": 4, "Filter": "((kind)::text = 'production companies'::text)"}]}]}, {"Node Type": "Bitmap Heap Scan", "Parent Relationship": "Inner", "Relation Name": "title", "Alias": "t", "Startup Cost": 4.26, "Total Cost": 8.27, "Plan Rows": 1, "Plan Width": 21, "Recheck Cond": "(id = mc.movie_id)", "Filter": "(production_year > 2010)", "Plans": [{"Node Type": "Bitmap Index Scan", "Parent Relationship": "Outer", "Index Name": "title_pkey", "Startup Cost": 0.0, "Total Cost": 4.26, "Plan Rows": 1, "Plan Width": 0, "Index Cond": "(id = mc.movie_id)"}]}]}, {"Node Type": "Bitmap Heap Scan", "Parent Relationship": "Inner", "Relation Name": "movie_info", "Alias": "mi", "Startup Cost": 0.87, "Total Cost": 4.94, "Plan Rows": 1, "Plan Width": 8, "Recheck Cond": "(movie_id = t.id)", "Filter": "((info)::text = ANY ('{USA,America}'::text[]))", "Plans": [{"Node Type": "Bitmap Index Scan", "Parent Relationship": "Outer", "Index Name": "movie_id_movie_info", "Startup Cost": 0.0, "Total Cost": 0.87, "Plan Rows": 5, "Plan Width": 0, "Index Cond": "(movie_id = t.id)"}]}]}, {"Node Type": "Bitmap Heap Scan", "Parent Relationship": "Inner", "Relation Name": "info_type", "Alias": "it", "Startup Cost": 0.26, "Total Cost": 4.27, "Plan Rows": 1, "Plan Width": 4, "Recheck Cond": "(id = mi.info_type_id)", "Plans": [{"Node Type": "Bitmap Index Scan", "Parent Relationship": "Outer", "Index Name": "info_type_pkey", "Startup Cost": 0.0, "Total Cost": 0.26, "Plan Rows": 1, "Plan Width": 0, "Index Cond": "(id = mi.info_type_id)"}]}]}]}, "Unique SQL Id": 328306525, "Planner Runtime": 9}, "explain_analyze_plan": {"Plan": {"Node Type": "Aggregate", "Strategy": "Plain", "Startup Cost": 19349.23, "Total Cost": 19349.24, "Plan Rows": 1, "Plan Width": 49, "Actual Min Startup Time": 80.627, "Actual Max Startup Time": 80.627, "Actual Min Total Time": 80.628, "Actual Max Total Time": 80.628, "Plans": [{"Node Type": "Nested Loop", "Parent Relationship": "Outer", "Join Type": "Inner", "Startup Cost": 6.43, "Total Cost": 19349.17, "Plan Rows": 24, "Plan Width": 17, "Actual Min Startup Time": 80.616, "Actual Max Startup Time": 80.616, "Actual Min Total Time": 80.616, "Actual Max Total Time": 80.616, "Inner Unique": true, "Plans": [{"Node Type": "Nested Loop", "Parent Relationship": "Outer", "Join Type": "Inner", "Startup Cost": 6.18, "Total Cost": 19246.44, "Plan Rows": 24, "Plan Width": 21, "Actual Min Startup Time": 80.614, "Actual Max Startup Time": 80.614, "Actual Min Total Time": 80.614, "Actual Max Total Time": 80.614, "Inner Unique": false, "Plans": [{"Node Type": "Nested Loop", "Parent Relationship": "Outer", "Join Type": "Inner", "Startup Cost": 5.31, "Total Cost": 19087.94, "Plan Rows": 32, "Plan Width": 25, "Actual Min Startup Time": 80.613, "Actual Max Startup Time": 80.613, "Actual Min Total Time": 80.613, "Actual Max Total Time": 80.613, "Inner Unique": true, "Plans": [{"Node Type": "Hash Join", "Parent Relationship": "Outer", "Join Type": "Inner", "Startup Cost": 1.05, "Total Cost": 18839.45, "Plan Rows": 30, "Plan Width": 4, "Actual Min Startup Time": 80.568, "Actual Max Startup Time": 80.568, "Actual Min Total Time": 80.568, "Actual Max Total Time": 80.568, "Inner Unique": true, "Hash Cond": "(mc.company_type_id = ct.id)", "Plans": [{"Node Type": "Streaming(type: LOCAL GATHER dop: 1/16)", "Parent Relationship": "Outer", "Startup Cost": 0.0, "Total Cost": 18837.88, "Plan Rows": 59, "Plan Width": 8, "Actual Min Startup Time": 44.287, "Actual Max Startup Time": 44.287, "Actual Min Total Time": 80.213, "Actual Max Total Time": 80.213, "Plans": [{"Node Type": "Seq Scan", "Parent Relationship": "Outer", "Relation Name": "movie_companies", "Alias": "mc", "Startup Cost": 0.0, "Total Cost": 18836.61, "Plan Rows": 59, "Plan Width": 8, "Actual Min Startup Time": 1.002, "Actual Max Startup Time": 12.342, "Actual Min Total Time": 54.55, "Actual Max Total Time": 60.863, "Filter": "(((note)::text ~~ '%(VHS)%'::text) AND ((note)::text ~~ '%(USA)%'::text) AND ((note)::text ~~ '%(1994)%'::text))", "Rows Removed by Filter": 2607710, "Actual Rows": 1418}], "Actual Rows": 1418}, {"Node Type": "Hash", "Parent Relationship": "Inner", "Startup Cost": 1.04, "Total Cost": 1.04, "Plan Rows": 1, "Plan Width": 4, "Actual Min Startup Time": 0.049, "Actual Max Startup Time": 0.049, "Actual Min Total Time": 0.049, "Actual Max Total Time": 0.049, "Max Hash Buckets": 32768, "Min Hash Buckets": 32768, "Max Hash Batches": 1, "Min Hash Batches": 1, "Max Original Hash Batches": 1, "Min Original Hash Batches": 1, "Max Peak Memory Usage": 1, "min Peak Memory Usage": 1, "Plans": [{"Node Type": "Seq Scan", "Parent Relationship": "Outer", "Relation Name": "company_type", "Alias": "ct", "Startup Cost": 0.0, "Total Cost": 1.04, "Plan Rows": 1, "Plan Width": 4, "Actual Min Startup Time": 0.031, "Actual Max Startup Time": 0.031, "Actual Min Total Time": 0.035, "Actual Max Total Time": 0.035, "Filter": "((kind)::text = 'production companies'::text)", "Rows Removed by Filter": 2, "Actual Rows": 1}], "Actual Rows": 1}], "Actual Rows": 0}, {"Node Type": "Bitmap Heap Scan", "Parent Relationship": "Inner", "Relation Name": "title", "Alias": "t", "Startup Cost": 4.26, "Total Cost": 8.27, "Plan Rows": 1, "Plan Width": 21, "Actual Startup Time": 0.0, "Actual Total Time": 0.0, "Recheck Cond": "(id = mc.movie_id)", "Rows Removed by Index Recheck": 0, "Filter": "(production_year > 2010)", "Rows Removed by Filter": 0, "Exact Heap Blocks": 0, "Lossy Heap Blocks": 0, "Plans": [{"Node Type": "Bitmap Index Scan", "Parent Relationship": "Outer", "Index Name": "title_pkey", "Startup Cost": 0.0, "Total Cost": 4.26, "Plan Rows": 1, "Plan Width": 0, "Actual Startup Time": 0.0, "Actual Total Time": 0.0, "Index Cond": "(id = mc.movie_id)"}]}], "Actual Rows": 0}, {"Node Type": "Bitmap Heap Scan", "Parent Relationship": "Inner", "Relation Name": "movie_info", "Alias": "mi", "Startup Cost": 0.87, "Total Cost": 4.94, "Plan Rows": 1, "Plan Width": 8, "Actual Startup Time": 0.0, "Actual Total Time": 0.0, "Recheck Cond": "(movie_id = t.id)", "Rows Removed by Index Recheck": 0, "Filter": "((info)::text = ANY ('{USA,America}'::text[]))", "Rows Removed by Filter": 0, "Exact Heap Blocks": 0, "Lossy Heap Blocks": 0, "Plans": [{"Node Type": "Bitmap Index Scan", "Parent Relationship": "Outer", "Index Name": "movie_id_movie_info", "Startup Cost": 0.0, "Total Cost": 0.87, "Plan Rows": 5, "Plan Width": 0, "Actual Startup Time": 0.0, "Actual Total Time": 0.0, "Index Cond": "(movie_id = t.id)"}]}], "Actual Rows": 0}, {"Node Type": "Bitmap Heap Scan", "Parent Relationship": "Inner", "Relation Name": "info_type", "Alias": "it", "Startup Cost": 0.26, "Total Cost": 4.27, "Plan Rows": 1, "Plan Width": 4, "Actual Startup Time": 0.0, "Actual Total Time": 0.0, "Recheck Cond": "(id = mi.info_type_id)", "Rows Removed by Index Recheck": 0, "Exact Heap Blocks": 0, "Lossy Heap Blocks": 0, "Plans": [{"Node Type": "Bitmap Index Scan", "Parent Relationship": "Outer", "Index Name": "info_type_pkey", "Startup Cost": 0.0, "Total Cost": 0.26, "Plan Rows": 1, "Plan Width": 0, "Actual Startup Time": 0.0, "Actual Total Time": 0.0, "Index Cond": "(id = mi.info_type_id)"}]}], "Actual Rows": 0}], "Actual Rows": 1}, "Triggers": [], "Planner Runtime": 11.271, "Total Runtime": 83.136, "Unique SQL Id": 328306525}}, "(16, '103')": {"explain_plan": {"Plan": {"Node Type": "Aggregate", "Strategy": "Plain", "Startup Cost": 71749.13, "Total Cost": 71749.14, "Plan Rows": 1, "Plan Width": 49, "Plans": [{"Node Type": "Nested Loop", "Parent Relationship": "Outer", "Join Type": "Inner", "Startup Cost": 28957.62, "Total Cost": 71749.07, "Plan Rows": 24, "Plan Width": 17, "Inner Unique": true, "Plans": [{"Node Type": "Nested Loop", "Parent Relationship": "Outer", "Join Type": "Inner", "Startup Cost": 28957.36, "Total Cost": 71646.35, "Plan Rows": 24, "Plan Width": 21, "Inner Unique": true, "Plans": [{"Node Type": "Nested Loop", "Parent Relationship": "Outer", "Join Type": "Inner", "Startup Cost": 28957.04, "Total Cost": 71502.93, "Plan Rows": 33, "Plan Width": 12, "Inner Unique": false, "Plans": [{"Node Type": "Nested Loop", "Parent Relationship": "Outer", "Join Type": "Inner", "Startup Cost": 28952.75, "Total Cost": 70774.36, "Plan Rows": 30, "Plan Width": 4, "Inner Unique": false, "Plans": [{"Node Type": "Bitmap Heap Scan", "Parent Relationship": "Outer", "Relation Name": "company_type", "Alias": "ct", "Startup Cost": 8.27, "Total Cost": 12.3, "Plan Rows": 1, "Plan Width": 4, "Filter": "((kind)::text = 'production companies'::text)", "Plans": [{"Node Type": "Bitmap Index Scan", "Parent Relationship": "Outer", "Index Name": "company_type_pkey", "Startup Cost": 0.0, "Total Cost": 8.27, "Plan Rows": 3, "Plan Width": 0}]}, {"Node Type": "Bitmap Heap Scan", "Parent Relationship": "Inner", "Relation Name": "movie_companies", "Alias": "mc", "Startup Cost": 28944.49, "Total Cost": 70761.77, "Plan Rows": 29, "Plan Width": 8, "Recheck Cond": "(company_type_id = ct.id)", "Filter": "(((note)::text ~~ '%(VHS)%'::text) AND ((note)::text ~~ '%(USA)%'::text) AND ((note)::text ~~ '%(1994)%'::text))", "Plans": [{"Node Type": "Bitmap Index Scan", "Parent Relationship": "Outer", "Index Name": "company_type_id_movie_companies", "Startup Cost": 0.0, "Total Cost": 28944.48, "Plan Rows": 1304564, "Plan Width": 0, "Index Cond": "(company_type_id = ct.id)"}]}]}, {"Node Type": "Bitmap Heap Scan", "Parent Relationship": "Inner", "Relation Name": "movie_info", "Alias": "mi", "Startup Cost": 4.29, "Total Cost": 24.28, "Plan Rows": 1, "Plan Width": 8, "Recheck Cond": "(movie_id = mc.movie_id)", "Filter": "((info)::text = ANY ('{USA,America}'::text[]))", "Plans": [{"Node Type": "Bitmap Index Scan", "Parent Relationship": "Outer", "Index Name": "movie_id_movie_info", "Startup Cost": 0.0, "Total Cost": 4.29, "Plan Rows": 5, "Plan Width": 0, "Index Cond": "(movie_id = mc.movie_id)"}]}]}, {"Node Type": "Bitmap Heap Scan", "Parent Relationship": "Inner", "Relation Name": "title", "Alias": "t", "Startup Cost": 0.32, "Total Cost": 4.34, "Plan Rows": 1, "Plan Width": 21, "Recheck Cond": "(id = mi.movie_id)", "Filter": "(production_year > 2010)", "Plans": [{"Node Type": "Bitmap Index Scan", "Parent Relationship": "Outer", "Index Name": "title_pkey", "Startup Cost": 0.0, "Total Cost": 0.32, "Plan Rows": 1, "Plan Width": 0, "Index Cond": "(id = mi.movie_id)"}]}]}, {"Node Type": "Bitmap Heap Scan", "Parent Relationship": "Inner", "Relation Name": "info_type", "Alias": "it", "Startup Cost": 0.26, "Total Cost": 4.27, "Plan Rows": 1, "Plan Width": 4, "Recheck Cond": "(id = mi.info_type_id)", "Plans": [{"Node Type": "Bitmap Index Scan", "Parent Relationship": "Outer", "Index Name": "info_type_pkey", "Startup Cost": 0.0, "Total Cost": 0.26, "Plan Rows": 1, "Plan Width": 0, "Index Cond": "(id = mi.info_type_id)"}]}]}]}, "Unique SQL Id": 328306525, "Planner Runtime": 4}, "explain_analyze_plan": null}, "(16, '104')": {"explain_plan": {"Plan": {"Node Type": "Aggregate", "Strategy": "Plain", "Startup Cost": 19200.79, "Total Cost": 19200.8, "Plan Rows": 1, "Plan Width": 49, "Plans": [{"Node Type": "Nested Loop", "Parent Relationship": "Outer", "Join Type": "Inner", "Startup Cost": 0.0, "Total Cost": 19200.73, "Plan Rows": 24, "Plan Width": 17, "Inner Unique": true, "Plans": [{"Node Type": "Nested Loop", "Parent Relationship": "Outer", "Join Type": "Inner", "Startup Cost": 0.0, "Total Cost": 19194.01, "Plan Rows": 24, "Plan Width": 21, "Inner Unique": false, "Plans": [{"Node Type": "Nested Loop", "Parent Relationship": "Outer", "Join Type": "Inner", "Startup Cost": 0.0, "Total Cost": 19115.02, "Plan Rows": 32, "Plan Width": 25, "Inner Unique": true, "Plans": [{"Node Type": "Nested Loop", "Parent Relationship": "Outer", "Join Type": "Inner", "Startup Cost": 0.0, "Total Cost": 18866.55, "Plan Rows": 30, "Plan Width": 4, "Inner Unique": true, "Plans": [{"Node Type": "Streaming(type: LOCAL GATHER dop: 1/16)", "Parent Relationship": "Outer", "Startup Cost": 0.0, "Total Cost": 18837.88, "Plan Rows": 59, "Plan Width": 8, "Plans": [{"Node Type": "Seq Scan", "Parent Relationship": "Outer", "Relation Name": "movie_companies", "Alias": "mc", "Startup Cost": 0.0, "Total Cost": 18836.61, "Plan Rows": 59, "Plan Width": 8, "Filter": "(((note)::text ~~ '%(VHS)%'::text) AND ((note)::text ~~ '%(USA)%'::text) AND ((note)::text ~~ '%(1994)%'::text))"}]}, {"Node Type": "Index Scan", "Parent Relationship": "Inner", "Scan Direction": "Forward", "Index Name": "company_type_pkey", "Relation Name": "company_type", "Alias": "ct", "Startup Cost": 0.0, "Total Cost": 0.48, "Plan Rows": 1, "Plan Width": 4, "Index Cond": "(id = mc.company_type_id)", "Filter": "((kind)::text = 'production companies'::text)"}]}, {"Node Type": "Index Scan", "Parent Relationship": "Inner", "Scan Direction": "Forward", "Index Name": "title_pkey", "Relation Name": "title", "Alias": "t", "Startup Cost": 0.0, "Total Cost": 8.27, "Plan Rows": 1, "Plan Width": 21, "Index Cond": "(id = mc.movie_id)", "Filter": "(production_year > 2010)"}]}, {"Node Type": "Index Scan", "Parent Relationship": "Inner", "Scan Direction": "Forward", "Index Name": "movie_id_movie_info", "Relation Name": "movie_info", "Alias": "mi", "Startup Cost": 0.0, "Total Cost": 2.46, "Plan Rows": 1, "Plan Width": 8, "Index Cond": "(movie_id = t.id)", "Filter": "((info)::text = ANY ('{USA,America}'::text[]))"}]}, {"Node Type": "Index Only Scan", "Parent Relationship": "Inner", "Scan Direction": "Forward", "Index Name": "info_type_pkey", "Relation Name": "info_type", "Alias": "it", "Startup Cost": 0.0, "Total Cost": 0.27, "Plan Rows": 1, "Plan Width": 4, "Index Cond": "(id = mi.info_type_id)"}]}]}, "Unique SQL Id": 328306525, "Planner Runtime": 8}, "explain_analyze_plan": {"Plan": {"Node Type": "Aggregate", "Strategy": "Plain", "Startup Cost": 19200.79, "Total Cost": 19200.8, "Plan Rows": 1, "Plan Width": 49, "Actual Min Startup Time": 81.008, "Actual Max Startup Time": 81.008, "Actual Min Total Time": 81.008, "Actual Max Total Time": 81.008, "Plans": [{"Node Type": "Nested Loop", "Parent Relationship": "Outer", "Join Type": "Inner", "Startup Cost": 0.0, "Total Cost": 19200.73, "Plan Rows": 24, "Plan Width": 17, "Actual Min Startup Time": 80.997, "Actual Max Startup Time": 80.997, "Actual Min Total Time": 80.997, "Actual Max Total Time": 80.997, "Inner Unique": true, "Plans": [{"Node Type": "Nested Loop", "Parent Relationship": "Outer", "Join Type": "Inner", "Startup Cost": 0.0, "Total Cost": 19194.01, "Plan Rows": 24, "Plan Width": 21, "Actual Min Startup Time": 80.996, "Actual Max Startup Time": 80.996, "Actual Min Total Time": 80.996, "Actual Max Total Time": 80.996, "Inner Unique": false, "Plans": [{"Node Type": "Nested Loop", "Parent Relationship": "Outer", "Join Type": "Inner", "Startup Cost": 0.0, "Total Cost": 19115.02, "Plan Rows": 32, "Plan Width": 25, "Actual Min Startup Time": 80.994, "Actual Max Startup Time": 80.994, "Actual Min Total Time": 80.994, "Actual Max Total Time": 80.994, "Inner Unique": true, "Plans": [{"Node Type": "Nested Loop", "Parent Relationship": "Outer", "Join Type": "Inner", "Startup Cost": 0.0, "Total Cost": 18866.55, "Plan Rows": 30, "Plan Width": 4, "Actual Min Startup Time": 80.993, "Actual Max Startup Time": 80.993, "Actual Min Total Time": 80.993, "Actual Max Total Time": 80.993, "Inner Unique": true, "Plans": [{"Node Type": "Streaming(type: LOCAL GATHER dop: 1/16)", "Parent Relationship": "Outer", "Startup Cost": 0.0, "Total Cost": 18837.88, "Plan Rows": 59, "Plan Width": 8, "Actual Min Startup Time": 44.869, "Actual Max Startup Time": 44.869, "Actual Min Total Time": 79.645, "Actual Max Total Time": 79.645, "Plans": [{"Node Type": "Seq Scan", "Parent Relationship": "Outer", "Relation Name": "movie_companies", "Alias": "mc", "Startup Cost": 0.0, "Total Cost": 18836.61, "Plan Rows": 59, "Plan Width": 8, "Actual Min Startup Time": 1.004, "Actual Max Startup Time": 12.222, "Actual Min Total Time": 54.573, "Actual Max Total Time": 60.817, "Filter": "(((note)::text ~~ '%(VHS)%'::text) AND ((note)::text ~~ '%(USA)%'::text) AND ((note)::text ~~ '%(1994)%'::text))", "Rows Removed by Filter": 2607710, "Actual Rows": 1418}], "Actual Rows": 1418}, {"Node Type": "Index Scan", "Parent Relationship": "Inner", "Scan Direction": "Forward", "Index Name": "company_type_pkey", "Relation Name": "company_type", "Alias": "ct", "Startup Cost": 0.0, "Total Cost": 0.48, "Plan Rows": 1, "Plan Width": 4, "Actual Min Startup Time": 0.771, "Actual Max Startup Time": 0.771, "Actual Min Total Time": 0.771, "Actual Max Total Time": 0.771, "Index Cond": "(id = mc.company_type_id)", "Rows Removed by Index Recheck": 0, "Filter": "((kind)::text = 'production companies'::text)", "Rows Removed by Filter": 0, "Actual Rows": 0}], "Actual Rows": 0}, {"Node Type": "Index Scan", "Parent Relationship": "Inner", "Scan Direction": "Forward", "Index Name": "title_pkey", "Relation Name": "title", "Alias": "t", "Startup Cost": 0.0, "Total Cost": 8.27, "Plan Rows": 1, "Plan Width": 21, "Actual Startup Time": 0.0, "Actual Total Time": 0.0, "Index Cond": "(id = mc.movie_id)", "Rows Removed by Index Recheck": 0, "Filter": "(production_year > 2010)", "Rows Removed by Filter": 0}], "Actual Rows": 0}, {"Node Type": "Index Scan", "Parent Relationship": "Inner", "Scan Direction": "Forward", "Index Name": "movie_id_movie_info", "Relation Name": "movie_info", "Alias": "mi", "Startup Cost": 0.0, "Total Cost": 2.46, "Plan Rows": 1, "Plan Width": 8, "Actual Startup Time": 0.0, "Actual Total Time": 0.0, "Index Cond": "(movie_id = t.id)", "Rows Removed by Index Recheck": 0, "Filter": "((info)::text = ANY ('{USA,America}'::text[]))", "Rows Removed by Filter": 0}], "Actual Rows": 0}, {"Node Type": "Index Only Scan", "Parent Relationship": "Inner", "Scan Direction": "Forward", "Index Name": "info_type_pkey", "Relation Name": "info_type", "Alias": "it", "Startup Cost": 0.0, "Total Cost": 0.27, "Plan Rows": 1, "Plan Width": 4, "Actual Startup Time": 0.0, "Actual Total Time": 0.0, "Index Cond": "(id = mi.info_type_id)", "Rows Removed by Index Recheck": 0, "Heap Fetches": 0}], "Actual Rows": 0}], "Actual Rows": 1}, "Triggers": [], "Planner Runtime": 10.164, "Total Runtime": 83.683, "Unique SQL Id": 328306525}}, "(16, '105')": {"explain_plan": {"Plan": {"Node Type": "Aggregate", "Strategy": "Plain", "Startup Cost": 85308.81, "Total Cost": 85308.82, "Plan Rows": 1, "Plan Width": 49, "Plans": [{"Node Type": "Nested Loop", "Parent Relationship": "Outer", "Join Type": "Inner", "Startup Cost": 0.0, "Total Cost": 85308.75, "Plan Rows": 24, "Plan Width": 17, "Inner Unique": true, "Plans": [{"Node Type": "Nested Loop", "Parent Relationship": "Outer", "Join Type": "Inner", "Startup Cost": 0.0, "Total Cost": 85302.03, "Plan Rows": 24, "Plan Width": 21, "Inner Unique": false, "Plans": [{"Node Type": "Nested Loop", "Parent Relationship": "Outer", "Join Type": "Inner", "Startup Cost": 0.0, "Total Cost": 85223.04, "Plan Rows": 32, "Plan Width": 25, "Inner Unique": true, "Plans": [{"Node Type": "Nested Loop", "Parent Relationship": "Outer", "Join Type": "Inner", "Startup Cost": 0.0, "Total Cost": 84974.56, "Plan Rows": 30, "Plan Width": 4, "Inner Unique": true, "Plans": [{"Node Type": "Streaming(type: LOCAL GATHER dop: 1/16)", "Parent Relationship": "Outer", "Startup Cost": 0.0, "Total Cost": 84945.9, "Plan Rows": 59, "Plan Width": 8, "Plans": [{"Node Type": "Index Scan", "Parent Relationship": "Outer", "Scan Direction": "Forward", "Index Name": "company_type_id_movie_companies", "Relation Name": "movie_companies", "Alias": "mc", "Startup Cost": 0.0, "Total Cost": 84944.62, "Plan Rows": 59, "Plan Width": 8, "Filter": "(((note)::text ~~ '%(VHS)%'::text) AND ((note)::text ~~ '%(USA)%'::text) AND ((note)::text ~~ '%(1994)%'::text))"}]}, {"Node Type": "Index Scan", "Parent Relationship": "Inner", "Scan Direction": "Forward", "Index Name": "company_type_pkey", "Relation Name": "company_type", "Alias": "ct", "Startup Cost": 0.0, "Total Cost": 0.48, "Plan Rows": 1, "Plan Width": 4, "Index Cond": "(id = mc.company_type_id)", "Filter": "((kind)::text = 'production companies'::text)"}]}, {"Node Type": "Index Scan", "Parent Relationship": "Inner", "Scan Direction": "Forward", "Index Name": "title_pkey", "Relation Name": "title", "Alias": "t", "Startup Cost": 0.0, "Total Cost": 8.27, "Plan Rows": 1, "Plan Width": 21, "Index Cond": "(id = mc.movie_id)", "Filter": "(production_year > 2010)"}]}, {"Node Type": "Index Scan", "Parent Relationship": "Inner", "Scan Direction": "Forward", "Index Name": "movie_id_movie_info", "Relation Name": "movie_info", "Alias": "mi", "Startup Cost": 0.0, "Total Cost": 2.46, "Plan Rows": 1, "Plan Width": 8, "Index Cond": "(movie_id = t.id)", "Filter": "((info)::text = ANY ('{USA,America}'::text[]))"}]}, {"Node Type": "Index Only Scan", "Parent Relationship": "Inner", "Scan Direction": "Forward", "Index Name": "info_type_pkey", "Relation Name": "info_type", "Alias": "it", "Startup Cost": 0.0, "Total Cost": 0.27, "Plan Rows": 1, "Plan Width": 4, "Index Cond": "(id = mi.info_type_id)"}]}]}, "Unique SQL Id": 328306525, "Planner Runtime": 8}, "explain_analyze_plan": {"Plan": {"Node Type": "Aggregate", "Strategy": "Plain", "Startup Cost": 85308.81, "Total Cost": 85308.82, "Plan Rows": 1, "Plan Width": 49, "Actual Min Startup Time": 150.176, "Actual Max Startup Time": 150.176, "Actual Min Total Time": 150.176, "Actual Max Total Time": 150.176, "Plans": [{"Node Type": "Nested Loop", "Parent Relationship": "Outer", "Join Type": "Inner", "Startup Cost": 0.0, "Total Cost": 85308.75, "Plan Rows": 24, "Plan Width": 17, "Actual Min Startup Time": 150.168, "Actual Max Startup Time": 150.168, "Actual Min Total Time": 150.168, "Actual Max Total Time": 150.168, "Inner Unique": true, "Plans": [{"Node Type": "Nested Loop", "Parent Relationship": "Outer", "Join Type": "Inner", "Startup Cost": 0.0, "Total Cost": 85302.03, "Plan Rows": 24, "Plan Width": 21, "Actual Min Startup Time": 150.166, "Actual Max Startup Time": 150.166, "Actual Min Total Time": 150.166, "Actual Max Total Time": 150.166, "Inner Unique": false, "Plans": [{"Node Type": "Nested Loop", "Parent Relationship": "Outer", "Join Type": "Inner", "Startup Cost": 0.0, "Total Cost": 85223.04, "Plan Rows": 32, "Plan Width": 25, "Actual Min Startup Time": 150.164, "Actual Max Startup Time": 150.164, "Actual Min Total Time": 150.164, "Actual Max Total Time": 150.164, "Inner Unique": true, "Plans": [{"Node Type": "Nested Loop", "Parent Relationship": "Outer", "Join Type": "Inner", "Startup Cost": 0.0, "Total Cost": 84974.56, "Plan Rows": 30, "Plan Width": 4, "Actual Min Startup Time": 150.163, "Actual Max Startup Time": 150.163, "Actual Min Total Time": 150.163, "Actual Max Total Time": 150.163, "Inner Unique": true, "Plans": [{"Node Type": "Streaming(type: LOCAL GATHER dop: 1/16)", "Parent Relationship": "Outer", "Startup Cost": 0.0, "Total Cost": 84945.9, "Plan Rows": 59, "Plan Width": 8, "Actual Min Startup Time": 65.979, "Actual Max Startup Time": 65.979, "Actual Min Total Time": 148.726, "Actual Max Total Time": 148.726, "Plans": [{"Node Type": "Index Scan", "Parent Relationship": "Outer", "Scan Direction": "Forward", "Index Name": "company_type_id_movie_companies", "Relation Name": "movie_companies", "Alias": "mc", "Startup Cost": 0.0, "Total Cost": 84944.62, "Plan Rows": 59, "Plan Width": 8, "Actual Min Startup Time": 15.507, "Actual Max Startup Time": 89.813, "Actual Min Total Time": 87.022, "Actual Max Total Time": 133.298, "Filter": "(((note)::text ~~ '%(VHS)%'::text) AND ((note)::text ~~ '%(USA)%'::text) AND ((note)::text ~~ '%(1994)%'::text))", "Rows Removed by Filter": 2607710, "Actual Rows": 1418}], "Actual Rows": 1418}, {"Node Type": "Index Scan", "Parent Relationship": "Inner", "Scan Direction": "Forward", "Index Name": "company_type_pkey", "Relation Name": "company_type", "Alias": "ct", "Startup Cost": 0.0, "Total Cost": 0.48, "Plan Rows": 1, "Plan Width": 4, "Actual Min Startup Time": 0.884, "Actual Max Startup Time": 0.884, "Actual Min Total Time": 0.884, "Actual Max Total Time": 0.884, "Index Cond": "(id = mc.company_type_id)", "Rows Removed by Index Recheck": 0, "Filter": "((kind)::text = 'production companies'::text)", "Rows Removed by Filter": 0, "Actual Rows": 0}], "Actual Rows": 0}, {"Node Type": "Index Scan", "Parent Relationship": "Inner", "Scan Direction": "Forward", "Index Name": "title_pkey", "Relation Name": "title", "Alias": "t", "Startup Cost": 0.0, "Total Cost": 8.27, "Plan Rows": 1, "Plan Width": 21, "Actual Startup Time": 0.0, "Actual Total Time": 0.0, "Index Cond": "(id = mc.movie_id)", "Rows Removed by Index Recheck": 0, "Filter": "(production_year > 2010)", "Rows Removed by Filter": 0}], "Actual Rows": 0}, {"Node Type": "Index Scan", "Parent Relationship": "Inner", "Scan Direction": "Forward", "Index Name": "movie_id_movie_info", "Relation Name": "movie_info", "Alias": "mi", "Startup Cost": 0.0, "Total Cost": 2.46, "Plan Rows": 1, "Plan Width": 8, "Actual Startup Time": 0.0, "Actual Total Time": 0.0, "Index Cond": "(movie_id = t.id)", "Rows Removed by Index Recheck": 0, "Filter": "((info)::text = ANY ('{USA,America}'::text[]))", "Rows Removed by Filter": 0}], "Actual Rows": 0}, {"Node Type": "Index Only Scan", "Parent Relationship": "Inner", "Scan Direction": "Forward", "Index Name": "info_type_pkey", "Relation Name": "info_type", "Alias": "it", "Startup Cost": 0.0, "Total Cost": 0.27, "Plan Rows": 1, "Plan Width": 4, "Actual Startup Time": 0.0, "Actual Total Time": 0.0, "Index Cond": "(id = mi.info_type_id)", "Rows Removed by Index Recheck": 0, "Heap Fetches": 0}], "Actual Rows": 0}], "Actual Rows": 1}, "Triggers": [], "Planner Runtime": 9.777, "Total Runtime": 152.638, "Unique SQL Id": 328306525}}, "(16, '106')": {"explain_plan": {"Plan": {"Node Type": "Aggregate", "Strategy": "Plain", "Startup Cost": 98135.43, "Total Cost": 98135.44, "Plan Rows": 1, "Plan Width": 49, "Plans": [{"Node Type": "Hash Join", "Parent Relationship": "Outer", "Join Type": "Inner", "Startup Cost": 47432.9, "Total Cost": 98135.37, "Plan Rows": 24, "Plan Width": 17, "Inner Unique": true, "Hash Cond": "(mi.info_type_id = it.id)", "Plans": [{"Node Type": "Hash Join", "Parent Relationship": "Outer", "Join Type": "Inner", "Startup Cost": 47429.38, "Total Cost": 98131.52, "Plan Rows": 24, "Plan Width": 21, "Inner Unique": false, "Hash Cond": "(mi.movie_id = t.id)", "Plans": [{"Node Type": "Streaming(type: LOCAL GATHER dop: 1/16)", "Parent Relationship": "Outer", "Startup Cost": 0.0, "Total Cost": 48508.43, "Plan Rows": 584897, "Plan Width": 8, "Plans": [{"Node Type": "Seq Scan", "Parent Relationship": "Outer", "Relation Name": "movie_info", "Alias": "mi", "Startup Cost": 0.0, "Total Cost": 35885.16, "Plan Rows": 584897, "Plan Width": 8, "Filter": "((info)::text = ANY ('{USA,America}'::text[]))"}]}, {"Node Type": "Hash", "Parent Relationship": "Inner", "Startup Cost": 47428.98, "Total Cost": 47428.98, "Plan Rows": 32, "Plan Width": 25, "Plans": [{"Node Type": "Hash Join", "Parent Relationship": "Outer", "Join Type": "Inner", "Startup Cost": 18839.83, "Total Cost": 47428.98, "Plan Rows": 32, "Plan Width": 25, "Inner Unique": false, "Hash Cond": "(t.id = mc.movie_id)", "Plans": [{"Node Type": "Streaming(type: LOCAL GATHER dop: 1/16)", "Parent Relationship": "Outer", "Startup Cost": 0.0, "Total Cost": 27597.68, "Plan Rows": 391451, "Plan Width": 21, "Plans": [{"Node Type": "Seq Scan", "Parent Relationship": "Outer", "Relation Name": "title", "Alias": "t", "Startup Cost": 0.0, "Total Cost": 19149.37, "Plan Rows": 391451, "Plan Width": 21, "Filter": "(production_year > 2010), (LLVM Optimized)"}]}, {"Node Type": "Hash", "Parent Relationship": "Inner", "Startup Cost": 18839.45, "Total Cost": 18839.45, "Plan Rows": 30, "Plan Width": 4, "Plans": [{"Node Type": "Hash Join", "Parent Relationship": "Outer", "Join Type": "Inner", "Startup Cost": 1.05, "Total Cost": 18839.45, "Plan Rows": 30, "Plan Width": 4, "Inner Unique": true, "Hash Cond": "(mc.company_type_id = ct.id)", "Plans": [{"Node Type": "Streaming(type: LOCAL GATHER dop: 1/16)", "Parent Relationship": "Outer", "Startup Cost": 0.0, "Total Cost": 18837.88, "Plan Rows": 59, "Plan Width": 8, "Plans": [{"Node Type": "Seq Scan", "Parent Relationship": "Outer", "Relation Name": "movie_companies", "Alias": "mc", "Startup Cost": 0.0, "Total Cost": 18836.61, "Plan Rows": 59, "Plan Width": 8, "Filter": "(((note)::text ~~ '%(VHS)%'::text) AND ((note)::text ~~ '%(USA)%'::text) AND ((note)::text ~~ '%(1994)%'::text))"}]}, {"Node Type": "Hash", "Parent Relationship": "Inner", "Startup Cost": 1.04, "Total Cost": 1.04, "Plan Rows": 1, "Plan Width": 4, "Plans": [{"Node Type": "Seq Scan", "Parent Relationship": "Outer", "Relation Name": "company_type", "Alias": "ct", "Startup Cost": 0.0, "Total Cost": 1.04, "Plan Rows": 1, "Plan Width": 4, "Filter": "((kind)::text = 'production companies'::text)"}]}]}]}]}]}]}, {"Node Type": "Hash", "Parent Relationship": "Inner", "Startup Cost": 2.12, "Total Cost": 2.12, "Plan Rows": 112, "Plan Width": 4, "Plans": [{"Node Type": "Seq Scan", "Parent Relationship": "Outer", "Relation Name": "info_type", "Alias": "it", "Startup Cost": 0.0, "Total Cost": 2.12, "Plan Rows": 112, "Plan Width": 4}]}]}]}, "Unique SQL Id": 328306525, "Planner Runtime": 18}, "explain_analyze_plan": {"Plan": {"Node Type": "Aggregate", "Strategy": "Plain", "Startup Cost": 98135.43, "Total Cost": 98135.44, "Plan Rows": 1, "Plan Width": 49, "Actual Min Startup Time": 120.935, "Actual Max Startup Time": 120.935, "Actual Min Total Time": 120.937, "Actual Max Total Time": 120.937, "Plans": [{"Node Type": "Hash Join", "Parent Relationship": "Outer", "Join Type": "Inner", "Startup Cost": 47432.9, "Total Cost": 98135.37, "Plan Rows": 24, "Plan Width": 17, "Actual Min Startup Time": 120.925, "Actual Max Startup Time": 120.925, "Actual Min Total Time": 120.925, "Actual Max Total Time": 120.925, "Inner Unique": true, "Hash Cond": "(mi.info_type_id = it.id)", "Plans": [{"Node Type": "Hash Join", "Parent Relationship": "Outer", "Join Type": "Inner", "Startup Cost": 47429.38, "Total Cost": 98131.52, "Plan Rows": 24, "Plan Width": 21, "Actual Min Startup Time": 120.748, "Actual Max Startup Time": 120.748, "Actual Min Total Time": 120.748, "Actual Max Total Time": 120.748, "Inner Unique": false, "Hash Cond": "(mi.movie_id = t.id)", "Plans": [{"Node Type": "Streaming(type: LOCAL GATHER dop: 1/16)", "Parent Relationship": "Outer", "Startup Cost": 0.0, "Total Cost": 48508.43, "Plan Rows": 584897, "Plan Width": 8, "Actual Startup Time": 0.0, "Actual Total Time": 0.0, "Plans": [{"Node Type": "Seq Scan", "Parent Relationship": "Outer", "Relation Name": "movie_info", "Alias": "mi", "Startup Cost": 0.0, "Total Cost": 35885.16, "Plan Rows": 584897, "Plan Width": 8, "Actual Min Startup Time": 24.519, "Actual Max Startup Time": 33.514, "Actual Min Total Time": 35.256, "Actual Max Total Time": 42.847, "Filter": "((info)::text = ANY ('{USA,America}'::text[]))", "Rows Removed by Filter": 1491212, "Actual Rows": 1616}]}, {"Node Type": "Hash", "Parent Relationship": "Inner", "Startup Cost": 47428.98, "Total Cost": 47428.98, "Plan Rows": 32, "Plan Width": 25, "Actual Min Startup Time": 120.645, "Actual Max Startup Time": 120.645, "Actual Min Total Time": 120.645, "Actual Max Total Time": 120.645, "Max Hash Buckets": 32768, "Min Hash Buckets": 32768, "Max Hash Batches": 1, "Min Hash Batches": 1, "Max Original Hash Batches": 1, "Min Original Hash Batches": 1, "Max Peak Memory Usage": 0, "min Peak Memory Usage": 0, "Plans": [{"Node Type": "Hash Join", "Parent Relationship": "Outer", "Join Type": "Inner", "Startup Cost": 18839.83, "Total Cost": 47428.98, "Plan Rows": 32, "Plan Width": 25, "Actual Min Startup Time": 120.643, "Actual Max Startup Time": 120.643, "Actual Min Total Time": 120.643, "Actual Max Total Time": 120.643, "Inner Unique": false, "Hash Cond": "(t.id = mc.movie_id)", "Plans": [{"Node Type": "Streaming(type: LOCAL GATHER dop: 1/16)", "Parent Relationship": "Outer", "Startup Cost": 0.0, "Total Cost": 27597.68, "Plan Rows": 391451, "Plan Width": 21, "Actual Startup Time": 0.0, "Actual Total Time": 0.0, "Plans": [{"Node Type": "Seq Scan", "Parent Relationship": "Outer", "Relation Name": "title", "Alias": "t", "Startup Cost": 0.0, "Total Cost": 19149.37, "Plan Rows": 391451, "Plan Width": 21, "Actual Min Startup Time": 0.025, "Actual Max Startup Time": 0.049, "Actual Min Total Time": 0.221, "Actual Max Total Time": 0.273, "Filter": "(production_year > 2010), (LLVM Optimized)", "Rows Removed by Filter": 7486, "Actual Rows": 1616}]}, {"Node Type": "Hash", "Parent Relationship": "Inner", "Startup Cost": 18839.45, "Total Cost": 18839.45, "Plan Rows": 30, "Plan Width": 4, "Actual Min Startup Time": 120.491, "Actual Max Startup Time": 120.491, "Actual Min Total Time": 120.491, "Actual Max Total Time": 120.491, "Max Hash Buckets": 32768, "Min Hash Buckets": 32768, "Max Hash Batches": 1, "Min Hash Batches": 1, "Max Original Hash Batches": 1, "Min Original Hash Batches": 1, "Max Peak Memory Usage": 0, "min Peak Memory Usage": 0, "Plans": [{"Node Type": "Hash Join", "Parent Relationship": "Outer", "Join Type": "Inner", "Startup Cost": 1.05, "Total Cost": 18839.45, "Plan Rows": 30, "Plan Width": 4, "Actual Min Startup Time": 120.488, "Actual Max Startup Time": 120.488, "Actual Min Total Time": 120.488, "Actual Max Total Time": 120.488, "Inner Unique": true, "Hash Cond": "(mc.company_type_id = ct.id)", "Plans": [{"Node Type": "Streaming(type: LOCAL GATHER dop: 1/16)", "Parent Relationship": "Outer", "Startup Cost": 0.0, "Total Cost": 18837.88, "Plan Rows": 59, "Plan Width": 8, "Actual Min Startup Time": 74.165, "Actual Max Startup Time": 74.165, "Actual Min Total Time": 120.116, "Actual Max Total Time": 120.116, "Plans": [{"Node Type": "Seq Scan", "Parent Relationship": "Outer", "Relation Name": "movie_companies", "Alias": "mc", "Startup Cost": 0.0, "Total Cost": 18836.61, "Plan Rows": 59, "Plan Width": 8, "Actual Min Startup Time": 1.014, "Actual Max Startup Time": 12.314, "Actual Min Total Time": 54.55, "Actual Max Total Time": 60.913, "Filter": "(((note)::text ~~ '%(VHS)%'::text) AND ((note)::text ~~ '%(USA)%'::text) AND ((note)::text ~~ '%(1994)%'::text))", "Rows Removed by Filter": 2607710, "Actual Rows": 1418}], "Actual Rows": 1418}, {"Node Type": "Hash", "Parent Relationship": "Inner", "Startup Cost": 1.04, "Total Cost": 1.04, "Plan Rows": 1, "Plan Width": 4, "Actual Min Startup Time": 0.03, "Actual Max Startup Time": 0.03, "Actual Min Total Time": 0.03, "Actual Max Total Time": 0.03, "Max Hash Buckets": 32768, "Min Hash Buckets": 32768, "Max Hash Batches": 1, "Min Hash Batches": 1, "Max Original Hash Batches": 1, "Min Original Hash Batches": 1, "Max Peak Memory Usage": 1, "min Peak Memory Usage": 1, "Plans": [{"Node Type": "Seq Scan", "Parent Relationship": "Outer", "Relation Name": "company_type", "Alias": "ct", "Startup Cost": 0.0, "Total Cost": 1.04, "Plan Rows": 1, "Plan Width": 4, "Actual Min Startup Time": 0.026, "Actual Max Startup Time": 0.026, "Actual Min Total Time": 0.027, "Actual Max Total Time": 0.027, "Filter": "((kind)::text = 'production companies'::text)", "Rows Removed by Filter": 2, "Actual Rows": 1}], "Actual Rows": 1}], "Actual Rows": 0}], "Actual Rows": 0}], "Actual Rows": 0}], "Actual Rows": 0}], "Actual Rows": 0}, {"Node Type": "Hash", "Parent Relationship": "Inner", "Startup Cost": 2.12, "Total Cost": 2.12, "Plan Rows": 112, "Plan Width": 4, "Actual Min Startup Time": 0.111, "Actual Max Startup Time": 0.111, "Actual Min Total Time": 0.111, "Actual Max Total Time": 0.111, "Max Hash Buckets": 32768, "Min Hash Buckets": 32768, "Max Hash Batches": 1, "Min Hash Batches": 1, "Max Original Hash Batches": 1, "Min Original Hash Batches": 1, "Max Peak Memory Usage": 4, "min Peak Memory Usage": 4, "Plans": [{"Node Type": "Seq Scan", "Parent Relationship": "Outer", "Relation Name": "info_type", "Alias": "it", "Startup Cost": 0.0, "Total Cost": 2.12, "Plan Rows": 112, "Plan Width": 4, "Actual Min Startup Time": 0.041, "Actual Max Startup Time": 0.041, "Actual Min Total Time": 0.062, "Actual Max Total Time": 0.062, "Actual Rows": 112}], "Actual Rows": 112}], "Actual Rows": 0}], "Actual Rows": 1}, "Triggers": [], "Planner Runtime": 21.919, "Total Runtime": 137.49, "Unique SQL Id": 328306525}}, "(16, '107')": {"explain_plan": {"Plan": {"Node Type": "Aggregate", "Strategy": "Plain", "Startup Cost": 5000130328083.66, "Total Cost": 5000130328083.67, "Plan Rows": 1, "Plan Width": 49, "Plans": [{"Node Type": "Hash Join", "Parent Relationship": "Outer", "Join Type": "Inner", "Startup Cost": 4010022924444.44, "Total Cost": 5000130328083.6, "Plan Rows": 24, "Plan Width": 17, "Inner Unique": true, "Hash Cond": "(mi.info_type_id = it.id)", "Plans": [{"Node Type": "Hash Join", "Parent Relationship": "Outer", "Join Type": "Inner", "Startup Cost": 3010022923450.04, "Total Cost": 4000130327088.87, "Plan Rows": 24, "Plan Width": 21, "Inner Unique": false, "Hash Cond": "(mi.movie_id = t.id)", "Plans": [{"Node Type": "Index Scan", "Parent Relationship": "Outer", "Scan Direction": "Forward", "Index Name": "info_type_id_movie_info", "Relation Name": "movie_info", "Alias": "mi", "Startup Cost": 10000000000.0, "Total Cost": 1000107401445.12, "Plan Rows": 584897, "Plan Width": 8, "Filter": "((info)::text = ANY ('{USA,America}'::text[]))"}, {"Node Type": "Hash", "Parent Relationship": "Inner", "Startup Cost": 3000022923449.64, "Total Cost": 3000022923449.64, "Plan Rows": 32, "Plan Width": 25, "Plans": [{"Node Type": "Hash Join", "Parent Relationship": "Outer", "Join Type": "Inner", "Startup Cost": 2010011276294.09, "Total Cost": 3000022923449.64, "Plan Rows": 32, "Plan Width": 25, "Inner Unique": false, "Hash Cond": "(t.id = mc.movie_id)", "Plans": [{"Node Type": "Index Scan", "Parent Relationship": "Outer", "Scan Direction": "Forward", "Index Name": "title_pkey", "Relation Name": "title", "Alias": "t", "Startup Cost": 10000000000.0, "Total Cost": 1000011644126.66, "Plan Rows": 391451, "Plan Width": 21, "Filter": "(production_year > 2010), (LLVM Optimized)"}, {"Node Type": "Hash", "Parent Relationship": "Inner", "Startup Cost": 2000011276293.71, "Total Cost": 2000011276293.71, "Plan Rows": 30, "Plan Width": 4, "Plans": [{"Node Type": "Hash Join", "Parent Relationship": "Outer", "Join Type": "Inner", "Startup Cost": 1010000001230.26, "Total Cost": 2000011276293.71, "Plan Rows": 30, "Plan Width": 4, "Inner Unique": true, "Hash Cond": "(mc.company_type_id = ct.id)", "Plans": [{"Node Type": "Index Scan", "Parent Relationship": "Outer", "Scan Direction": "Forward", "Index Name": "company_type_id_movie_companies", "Relation Name": "movie_companies", "Alias": "mc", "Startup Cost": 10000000000.0, "Total Cost": 1000011275063.0, "Plan Rows": 59, "Plan Width": 8, "Filter": "(((note)::text ~~ '%(VHS)%'::text) AND ((note)::text ~~ '%(USA)%'::text) AND ((note)::text ~~ '%(1994)%'::text))"}, {"Node Type": "Hash", "Parent Relationship": "Inner", "Startup Cost": 1000000001230.25, "Total Cost": 1000000001230.25, "Plan Rows": 1, "Plan Width": 4, "Plans": [{"Node Type": "Index Scan", "Parent Relationship": "Outer", "Scan Direction": "Forward", "Index Name": "company_type_pkey", "Relation Name": "company_type", "Alias": "ct", "Startup Cost": 10000000000.0, "Total Cost": 1000000001230.25, "Plan Rows": 1, "Plan Width": 4, "Filter": "((kind)::text = 'production companies'::text)"}]}]}]}]}]}]}, {"Node Type": "Hash", "Parent Relationship": "Inner", "Startup Cost": 1000000000993.0, "Total Cost": 1000000000993.0, "Plan Rows": 112, "Plan Width": 4, "Plans": [{"Node Type": "Index Only Scan", "Parent Relationship": "Outer", "Scan Direction": "Forward", "Index Name": "info_type_pkey", "Relation Name": "info_type", "Alias": "it", "Startup Cost": 10000000000.0, "Total Cost": 1000000000993.0, "Plan Rows": 112, "Plan Width": 4}]}]}]}, "Unique SQL Id": 328306525, "Planner Runtime": 7}, "explain_analyze_plan": null}, "(16, '108')": {"explain_plan": {"Plan": {"Node Type": "Aggregate", "Strategy": "Plain", "Startup Cost": 19200.79, "Total Cost": 19200.8, "Plan Rows": 1, "Plan Width": 49, "Plans": [{"Node Type": "Nested Loop", "Parent Relationship": "Outer", "Join Type": "Inner", "Startup Cost": 0.0, "Total Cost": 19200.73, "Plan Rows": 24, "Plan Width": 17, "Inner Unique": true, "Plans": [{"Node Type": "Nested Loop", "Parent Relationship": "Outer", "Join Type": "Inner", "Startup Cost": 0.0, "Total Cost": 19194.01, "Plan Rows": 24, "Plan Width": 21, "Inner Unique": false, "Plans": [{"Node Type": "Nested Loop", "Parent Relationship": "Outer", "Join Type": "Inner", "Startup Cost": 0.0, "Total Cost": 19115.02, "Plan Rows": 32, "Plan Width": 25, "Inner Unique": true, "Plans": [{"Node Type": "Nested Loop", "Parent Relationship": "Outer", "Join Type": "Inner", "Startup Cost": 0.0, "Total Cost": 18866.55, "Plan Rows": 30, "Plan Width": 4, "Inner Unique": true, "Plans": [{"Node Type": "Streaming(type: LOCAL GATHER dop: 1/16)", "Parent Relationship": "Outer", "Startup Cost": 0.0, "Total Cost": 18837.88, "Plan Rows": 59, "Plan Width": 8, "Plans": [{"Node Type": "Seq Scan", "Parent Relationship": "Outer", "Relation Name": "movie_companies", "Alias": "mc", "Startup Cost": 0.0, "Total Cost": 18836.61, "Plan Rows": 59, "Plan Width": 8, "Filter": "(((note)::text ~~ '%(VHS)%'::text) AND ((note)::text ~~ '%(USA)%'::text) AND ((note)::text ~~ '%(1994)%'::text))"}]}, {"Node Type": "Index Scan", "Parent Relationship": "Inner", "Scan Direction": "Forward", "Index Name": "company_type_pkey", "Relation Name": "company_type", "Alias": "ct", "Startup Cost": 0.0, "Total Cost": 0.48, "Plan Rows": 1, "Plan Width": 4, "Index Cond": "(id = mc.company_type_id)", "Filter": "((kind)::text = 'production companies'::text)"}]}, {"Node Type": "Index Scan", "Parent Relationship": "Inner", "Scan Direction": "Forward", "Index Name": "title_pkey", "Relation Name": "title", "Alias": "t", "Startup Cost": 0.0, "Total Cost": 8.27, "Plan Rows": 1, "Plan Width": 21, "Index Cond": "(id = mc.movie_id)", "Filter": "(production_year > 2010)"}]}, {"Node Type": "Index Scan", "Parent Relationship": "Inner", "Scan Direction": "Forward", "Index Name": "movie_id_movie_info", "Relation Name": "movie_info", "Alias": "mi", "Startup Cost": 0.0, "Total Cost": 2.46, "Plan Rows": 1, "Plan Width": 8, "Index Cond": "(movie_id = t.id)", "Filter": "((info)::text = ANY ('{USA,America}'::text[]))"}]}, {"Node Type": "Index Scan", "Parent Relationship": "Inner", "Scan Direction": "Forward", "Index Name": "info_type_pkey", "Relation Name": "info_type", "Alias": "it", "Startup Cost": 0.0, "Total Cost": 0.27, "Plan Rows": 1, "Plan Width": 4, "Index Cond": "(id = mi.info_type_id)"}]}]}, "Unique SQL Id": 328306525, "Planner Runtime": 8}, "explain_analyze_plan": {"Plan": {"Node Type": "Aggregate", "Strategy": "Plain", "Startup Cost": 19200.79, "Total Cost": 19200.8, "Plan Rows": 1, "Plan Width": 49, "Actual Min Startup Time": 81.545, "Actual Max Startup Time": 81.545, "Actual Min Total Time": 81.545, "Actual Max Total Time": 81.545, "Plans": [{"Node Type": "Nested Loop", "Parent Relationship": "Outer", "Join Type": "Inner", "Startup Cost": 0.0, "Total Cost": 19200.73, "Plan Rows": 24, "Plan Width": 17, "Actual Min Startup Time": 81.534, "Actual Max Startup Time": 81.534, "Actual Min Total Time": 81.534, "Actual Max Total Time": 81.534, "Inner Unique": true, "Plans": [{"Node Type": "Nested Loop", "Parent Relationship": "Outer", "Join Type": "Inner", "Startup Cost": 0.0, "Total Cost": 19194.01, "Plan Rows": 24, "Plan Width": 21, "Actual Min Startup Time": 81.532, "Actual Max Startup Time": 81.532, "Actual Min Total Time": 81.532, "Actual Max Total Time": 81.532, "Inner Unique": false, "Plans": [{"Node Type": "Nested Loop", "Parent Relationship": "Outer", "Join Type": "Inner", "Startup Cost": 0.0, "Total Cost": 19115.02, "Plan Rows": 32, "Plan Width": 25, "Actual Min Startup Time": 81.53, "Actual Max Startup Time": 81.53, "Actual Min Total Time": 81.53, "Actual Max Total Time": 81.53, "Inner Unique": true, "Plans": [{"Node Type": "Nested Loop", "Parent Relationship": "Outer", "Join Type": "Inner", "Startup Cost": 0.0, "Total Cost": 18866.55, "Plan Rows": 30, "Plan Width": 4, "Actual Min Startup Time": 81.529, "Actual Max Startup Time": 81.529, "Actual Min Total Time": 81.529, "Actual Max Total Time": 81.529, "Inner Unique": true, "Plans": [{"Node Type": "Streaming(type: LOCAL GATHER dop: 1/16)", "Parent Relationship": "Outer", "Startup Cost": 0.0, "Total Cost": 18837.88, "Plan Rows": 59, "Plan Width": 8, "Actual Min Startup Time": 45.015, "Actual Max Startup Time": 45.015, "Actual Min Total Time": 80.158, "Actual Max Total Time": 80.158, "Plans": [{"Node Type": "Seq Scan", "Parent Relationship": "Outer", "Relation Name": "movie_companies", "Alias": "mc", "Startup Cost": 0.0, "Total Cost": 18836.61, "Plan Rows": 59, "Plan Width": 8, "Actual Min Startup Time": 1.006, "Actual Max Startup Time": 12.191, "Actual Min Total Time": 54.289, "Actual Max Total Time": 60.814, "Filter": "(((note)::text ~~ '%(VHS)%'::text) AND ((note)::text ~~ '%(USA)%'::text) AND ((note)::text ~~ '%(1994)%'::text))", "Rows Removed by Filter": 2607710, "Actual Rows": 1418}], "Actual Rows": 1418}, {"Node Type": "Index Scan", "Parent Relationship": "Inner", "Scan Direction": "Forward", "Index Name": "company_type_pkey", "Relation Name": "company_type", "Alias": "ct", "Startup Cost": 0.0, "Total Cost": 0.48, "Plan Rows": 1, "Plan Width": 4, "Actual Min Startup Time": 0.849, "Actual Max Startup Time": 0.849, "Actual Min Total Time": 0.849, "Actual Max Total Time": 0.849, "Index Cond": "(id = mc.company_type_id)", "Rows Removed by Index Recheck": 0, "Filter": "((kind)::text = 'production companies'::text)", "Rows Removed by Filter": 0, "Actual Rows": 0}], "Actual Rows": 0}, {"Node Type": "Index Scan", "Parent Relationship": "Inner", "Scan Direction": "Forward", "Index Name": "title_pkey", "Relation Name": "title", "Alias": "t", "Startup Cost": 0.0, "Total Cost": 8.27, "Plan Rows": 1, "Plan Width": 21, "Actual Startup Time": 0.0, "Actual Total Time": 0.0, "Index Cond": "(id = mc.movie_id)", "Rows Removed by Index Recheck": 0, "Filter": "(production_year > 2010)", "Rows Removed by Filter": 0}], "Actual Rows": 0}, {"Node Type": "Index Scan", "Parent Relationship": "Inner", "Scan Direction": "Forward", "Index Name": "movie_id_movie_info", "Relation Name": "movie_info", "Alias": "mi", "Startup Cost": 0.0, "Total Cost": 2.46, "Plan Rows": 1, "Plan Width": 8, "Actual Startup Time": 0.0, "Actual Total Time": 0.0, "Index Cond": "(movie_id = t.id)", "Rows Removed by Index Recheck": 0, "Filter": "((info)::text = ANY ('{USA,America}'::text[]))", "Rows Removed by Filter": 0}], "Actual Rows": 0}, {"Node Type": "Index Scan", "Parent Relationship": "Inner", "Scan Direction": "Forward", "Index Name": "info_type_pkey", "Relation Name": "info_type", "Alias": "it", "Startup Cost": 0.0, "Total Cost": 0.27, "Plan Rows": 1, "Plan Width": 4, "Actual Startup Time": 0.0, "Actual Total Time": 0.0, "Index Cond": "(id = mi.info_type_id)", "Rows Removed by Index Recheck": 0}], "Actual Rows": 0}], "Actual Rows": 1}, "Triggers": [], "Planner Runtime": 10.135, "Total Runtime": 84.05, "Unique SQL Id": 328306525}}, "(16, '109')": {"explain_plan": {"Plan": {"Node Type": "Aggregate", "Strategy": "Plain", "Startup Cost": 85308.81, "Total Cost": 85308.82, "Plan Rows": 1, "Plan Width": 49, "Plans": [{"Node Type": "Nested Loop", "Parent Relationship": "Outer", "Join Type": "Inner", "Startup Cost": 0.0, "Total Cost": 85308.75, "Plan Rows": 24, "Plan Width": 17, "Inner Unique": true, "Plans": [{"Node Type": "Nested Loop", "Parent Relationship": "Outer", "Join Type": "Inner", "Startup Cost": 0.0, "Total Cost": 85302.03, "Plan Rows": 24, "Plan Width": 21, "Inner Unique": false, "Plans": [{"Node Type": "Nested Loop", "Parent Relationship": "Outer", "Join Type": "Inner", "Startup Cost": 0.0, "Total Cost": 85223.04, "Plan Rows": 32, "Plan Width": 25, "Inner Unique": true, "Plans": [{"Node Type": "Nested Loop", "Parent Relationship": "Outer", "Join Type": "Inner", "Startup Cost": 0.0, "Total Cost": 84974.56, "Plan Rows": 30, "Plan Width": 4, "Inner Unique": true, "Plans": [{"Node Type": "Streaming(type: LOCAL GATHER dop: 1/16)", "Parent Relationship": "Outer", "Startup Cost": 0.0, "Total Cost": 84945.9, "Plan Rows": 59, "Plan Width": 8, "Plans": [{"Node Type": "Index Scan", "Parent Relationship": "Outer", "Scan Direction": "Forward", "Index Name": "company_type_id_movie_companies", "Relation Name": "movie_companies", "Alias": "mc", "Startup Cost": 0.0, "Total Cost": 84944.62, "Plan Rows": 59, "Plan Width": 8, "Filter": "(((note)::text ~~ '%(VHS)%'::text) AND ((note)::text ~~ '%(USA)%'::text) AND ((note)::text ~~ '%(1994)%'::text))"}]}, {"Node Type": "Index Scan", "Parent Relationship": "Inner", "Scan Direction": "Forward", "Index Name": "company_type_pkey", "Relation Name": "company_type", "Alias": "ct", "Startup Cost": 0.0, "Total Cost": 0.48, "Plan Rows": 1, "Plan Width": 4, "Index Cond": "(id = mc.company_type_id)", "Filter": "((kind)::text = 'production companies'::text)"}]}, {"Node Type": "Index Scan", "Parent Relationship": "Inner", "Scan Direction": "Forward", "Index Name": "title_pkey", "Relation Name": "title", "Alias": "t", "Startup Cost": 0.0, "Total Cost": 8.27, "Plan Rows": 1, "Plan Width": 21, "Index Cond": "(id = mc.movie_id)", "Filter": "(production_year > 2010)"}]}, {"Node Type": "Index Scan", "Parent Relationship": "Inner", "Scan Direction": "Forward", "Index Name": "movie_id_movie_info", "Relation Name": "movie_info", "Alias": "mi", "Startup Cost": 0.0, "Total Cost": 2.46, "Plan Rows": 1, "Plan Width": 8, "Index Cond": "(movie_id = t.id)", "Filter": "((info)::text = ANY ('{USA,America}'::text[]))"}]}, {"Node Type": "Index Scan", "Parent Relationship": "Inner", "Scan Direction": "Forward", "Index Name": "info_type_pkey", "Relation Name": "info_type", "Alias": "it", "Startup Cost": 0.0, "Total Cost": 0.27, "Plan Rows": 1, "Plan Width": 4, "Index Cond": "(id = mi.info_type_id)"}]}]}, "Unique SQL Id": 328306525, "Planner Runtime": 8}, "explain_analyze_plan": {"Plan": {"Node Type": "Aggregate", "Strategy": "Plain", "Startup Cost": 85308.81, "Total Cost": 85308.82, "Plan Rows": 1, "Plan Width": 49, "Actual Min Startup Time": 150.244, "Actual Max Startup Time": 150.244, "Actual Min Total Time": 150.245, "Actual Max Total Time": 150.245, "Plans": [{"Node Type": "Nested Loop", "Parent Relationship": "Outer", "Join Type": "Inner", "Startup Cost": 0.0, "Total Cost": 85308.75, "Plan Rows": 24, "Plan Width": 17, "Actual Min Startup Time": 150.235, "Actual Max Startup Time": 150.235, "Actual Min Total Time": 150.235, "Actual Max Total Time": 150.235, "Inner Unique": true, "Plans": [{"Node Type": "Nested Loop", "Parent Relationship": "Outer", "Join Type": "Inner", "Startup Cost": 0.0, "Total Cost": 85302.03, "Plan Rows": 24, "Plan Width": 21, "Actual Min Startup Time": 150.233, "Actual Max Startup Time": 150.233, "Actual Min Total Time": 150.233, "Actual Max Total Time": 150.233, "Inner Unique": false, "Plans": [{"Node Type": "Nested Loop", "Parent Relationship": "Outer", "Join Type": "Inner", "Startup Cost": 0.0, "Total Cost": 85223.04, "Plan Rows": 32, "Plan Width": 25, "Actual Min Startup Time": 150.231, "Actual Max Startup Time": 150.231, "Actual Min Total Time": 150.231, "Actual Max Total Time": 150.231, "Inner Unique": true, "Plans": [{"Node Type": "Nested Loop", "Parent Relationship": "Outer", "Join Type": "Inner", "Startup Cost": 0.0, "Total Cost": 84974.56, "Plan Rows": 30, "Plan Width": 4, "Actual Min Startup Time": 150.23, "Actual Max Startup Time": 150.23, "Actual Min Total Time": 150.23, "Actual Max Total Time": 150.23, "Inner Unique": true, "Plans": [{"Node Type": "Streaming(type: LOCAL GATHER dop: 1/16)", "Parent Relationship": "Outer", "Startup Cost": 0.0, "Total Cost": 84945.9, "Plan Rows": 59, "Plan Width": 8, "Actual Min Startup Time": 66.075, "Actual Max Startup Time": 66.075, "Actual Min Total Time": 148.824, "Actual Max Total Time": 148.824, "Plans": [{"Node Type": "Index Scan", "Parent Relationship": "Outer", "Scan Direction": "Forward", "Index Name": "company_type_id_movie_companies", "Relation Name": "movie_companies", "Alias": "mc", "Startup Cost": 0.0, "Total Cost": 84944.62, "Plan Rows": 59, "Plan Width": 8, "Actual Min Startup Time": 16.495, "Actual Max Startup Time": 89.017, "Actual Min Total Time": 87.219, "Actual Max Total Time": 133.431, "Filter": "(((note)::text ~~ '%(VHS)%'::text) AND ((note)::text ~~ '%(USA)%'::text) AND ((note)::text ~~ '%(1994)%'::text))", "Rows Removed by Filter": 2607710, "Actual Rows": 1418}], "Actual Rows": 1418}, {"Node Type": "Index Scan", "Parent Relationship": "Inner", "Scan Direction": "Forward", "Index Name": "company_type_pkey", "Relation Name": "company_type", "Alias": "ct", "Startup Cost": 0.0, "Total Cost": 0.48, "Plan Rows": 1, "Plan Width": 4, "Actual Min Startup Time": 0.826, "Actual Max Startup Time": 0.826, "Actual Min Total Time": 0.826, "Actual Max Total Time": 0.826, "Index Cond": "(id = mc.company_type_id)", "Rows Removed by Index Recheck": 0, "Filter": "((kind)::text = 'production companies'::text)", "Rows Removed by Filter": 0, "Actual Rows": 0}], "Actual Rows": 0}, {"Node Type": "Index Scan", "Parent Relationship": "Inner", "Scan Direction": "Forward", "Index Name": "title_pkey", "Relation Name": "title", "Alias": "t", "Startup Cost": 0.0, "Total Cost": 8.27, "Plan Rows": 1, "Plan Width": 21, "Actual Startup Time": 0.0, "Actual Total Time": 0.0, "Index Cond": "(id = mc.movie_id)", "Rows Removed by Index Recheck": 0, "Filter": "(production_year > 2010)", "Rows Removed by Filter": 0}], "Actual Rows": 0}, {"Node Type": "Index Scan", "Parent Relationship": "Inner", "Scan Direction": "Forward", "Index Name": "movie_id_movie_info", "Relation Name": "movie_info", "Alias": "mi", "Startup Cost": 0.0, "Total Cost": 2.46, "Plan Rows": 1, "Plan Width": 8, "Actual Startup Time": 0.0, "Actual Total Time": 0.0, "Index Cond": "(movie_id = t.id)", "Rows Removed by Index Recheck": 0, "Filter": "((info)::text = ANY ('{USA,America}'::text[]))", "Rows Removed by Filter": 0}], "Actual Rows": 0}, {"Node Type": "Index Scan", "Parent Relationship": "Inner", "Scan Direction": "Forward", "Index Name": "info_type_pkey", "Relation Name": "info_type", "Alias": "it", "Startup Cost": 0.0, "Total Cost": 0.27, "Plan Rows": 1, "Plan Width": 4, "Actual Startup Time": 0.0, "Actual Total Time": 0.0, "Index Cond": "(id = mi.info_type_id)", "Rows Removed by Index Recheck": 0}], "Actual Rows": 0}], "Actual Rows": 1}, "Triggers": [], "Planner Runtime": 9.809, "Total Runtime": 152.728, "Unique SQL Id": 328306525}}, "(16, '110')": {"explain_plan": {"Plan": {"Node Type": "Aggregate", "Strategy": "Plain", "Startup Cost": 98135.43, "Total Cost": 98135.44, "Plan Rows": 1, "Plan Width": 49, "Plans": [{"Node Type": "Hash Join", "Parent Relationship": "Outer", "Join Type": "Inner", "Startup Cost": 47432.9, "Total Cost": 98135.37, "Plan Rows": 24, "Plan Width": 17, "Inner Unique": true, "Hash Cond": "(mi.info_type_id = it.id)", "Plans": [{"Node Type": "Hash Join", "Parent Relationship": "Outer", "Join Type": "Inner", "Startup Cost": 47429.38, "Total Cost": 98131.52, "Plan Rows": 24, "Plan Width": 21, "Inner Unique": false, "Hash Cond": "(mi.movie_id = t.id)", "Plans": [{"Node Type": "Streaming(type: LOCAL GATHER dop: 1/16)", "Parent Relationship": "Outer", "Startup Cost": 0.0, "Total Cost": 48508.43, "Plan Rows": 584897, "Plan Width": 8, "Plans": [{"Node Type": "Seq Scan", "Parent Relationship": "Outer", "Relation Name": "movie_info", "Alias": "mi", "Startup Cost": 0.0, "Total Cost": 35885.16, "Plan Rows": 584897, "Plan Width": 8, "Filter": "((info)::text = ANY ('{USA,America}'::text[]))"}]}, {"Node Type": "Hash", "Parent Relationship": "Inner", "Startup Cost": 47428.98, "Total Cost": 47428.98, "Plan Rows": 32, "Plan Width": 25, "Plans": [{"Node Type": "Hash Join", "Parent Relationship": "Outer", "Join Type": "Inner", "Startup Cost": 18839.83, "Total Cost": 47428.98, "Plan Rows": 32, "Plan Width": 25, "Inner Unique": false, "Hash Cond": "(t.id = mc.movie_id)", "Plans": [{"Node Type": "Streaming(type: LOCAL GATHER dop: 1/16)", "Parent Relationship": "Outer", "Startup Cost": 0.0, "Total Cost": 27597.68, "Plan Rows": 391451, "Plan Width": 21, "Plans": [{"Node Type": "Seq Scan", "Parent Relationship": "Outer", "Relation Name": "title", "Alias": "t", "Startup Cost": 0.0, "Total Cost": 19149.37, "Plan Rows": 391451, "Plan Width": 21, "Filter": "(production_year > 2010), (LLVM Optimized)"}]}, {"Node Type": "Hash", "Parent Relationship": "Inner", "Startup Cost": 18839.45, "Total Cost": 18839.45, "Plan Rows": 30, "Plan Width": 4, "Plans": [{"Node Type": "Hash Join", "Parent Relationship": "Outer", "Join Type": "Inner", "Startup Cost": 1.05, "Total Cost": 18839.45, "Plan Rows": 30, "Plan Width": 4, "Inner Unique": true, "Hash Cond": "(mc.company_type_id = ct.id)", "Plans": [{"Node Type": "Streaming(type: LOCAL GATHER dop: 1/16)", "Parent Relationship": "Outer", "Startup Cost": 0.0, "Total Cost": 18837.88, "Plan Rows": 59, "Plan Width": 8, "Plans": [{"Node Type": "Seq Scan", "Parent Relationship": "Outer", "Relation Name": "movie_companies", "Alias": "mc", "Startup Cost": 0.0, "Total Cost": 18836.61, "Plan Rows": 59, "Plan Width": 8, "Filter": "(((note)::text ~~ '%(VHS)%'::text) AND ((note)::text ~~ '%(USA)%'::text) AND ((note)::text ~~ '%(1994)%'::text))"}]}, {"Node Type": "Hash", "Parent Relationship": "Inner", "Startup Cost": 1.04, "Total Cost": 1.04, "Plan Rows": 1, "Plan Width": 4, "Plans": [{"Node Type": "Seq Scan", "Parent Relationship": "Outer", "Relation Name": "company_type", "Alias": "ct", "Startup Cost": 0.0, "Total Cost": 1.04, "Plan Rows": 1, "Plan Width": 4, "Filter": "((kind)::text = 'production companies'::text)"}]}]}]}]}]}]}, {"Node Type": "Hash", "Parent Relationship": "Inner", "Startup Cost": 2.12, "Total Cost": 2.12, "Plan Rows": 112, "Plan Width": 4, "Plans": [{"Node Type": "Seq Scan", "Parent Relationship": "Outer", "Relation Name": "info_type", "Alias": "it", "Startup Cost": 0.0, "Total Cost": 2.12, "Plan Rows": 112, "Plan Width": 4}]}]}]}, "Unique SQL Id": 328306525, "Planner Runtime": 18}, "explain_analyze_plan": {"Plan": {"Node Type": "Aggregate", "Strategy": "Plain", "Startup Cost": 98135.43, "Total Cost": 98135.44, "Plan Rows": 1, "Plan Width": 49, "Actual Min Startup Time": 120.935, "Actual Max Startup Time": 120.935, "Actual Min Total Time": 120.937, "Actual Max Total Time": 120.937, "Plans": [{"Node Type": "Hash Join", "Parent Relationship": "Outer", "Join Type": "Inner", "Startup Cost": 47432.9, "Total Cost": 98135.37, "Plan Rows": 24, "Plan Width": 17, "Actual Min Startup Time": 120.925, "Actual Max Startup Time": 120.925, "Actual Min Total Time": 120.925, "Actual Max Total Time": 120.925, "Inner Unique": true, "Hash Cond": "(mi.info_type_id = it.id)", "Plans": [{"Node Type": "Hash Join", "Parent Relationship": "Outer", "Join Type": "Inner", "Startup Cost": 47429.38, "Total Cost": 98131.52, "Plan Rows": 24, "Plan Width": 21, "Actual Min Startup Time": 120.748, "Actual Max Startup Time": 120.748, "Actual Min Total Time": 120.748, "Actual Max Total Time": 120.748, "Inner Unique": false, "Hash Cond": "(mi.movie_id = t.id)", "Plans": [{"Node Type": "Streaming(type: LOCAL GATHER dop: 1/16)", "Parent Relationship": "Outer", "Startup Cost": 0.0, "Total Cost": 48508.43, "Plan Rows": 584897, "Plan Width": 8, "Actual Startup Time": 0.0, "Actual Total Time": 0.0, "Plans": [{"Node Type": "Seq Scan", "Parent Relationship": "Outer", "Relation Name": "movie_info", "Alias": "mi", "Startup Cost": 0.0, "Total Cost": 35885.16, "Plan Rows": 584897, "Plan Width": 8, "Actual Min Startup Time": 24.519, "Actual Max Startup Time": 33.514, "Actual Min Total Time": 35.256, "Actual Max Total Time": 42.847, "Filter": "((info)::text = ANY ('{USA,America}'::text[]))", "Rows Removed by Filter": 1491212, "Actual Rows": 1616}]}, {"Node Type": "Hash", "Parent Relationship": "Inner", "Startup Cost": 47428.98, "Total Cost": 47428.98, "Plan Rows": 32, "Plan Width": 25, "Actual Min Startup Time": 120.645, "Actual Max Startup Time": 120.645, "Actual Min Total Time": 120.645, "Actual Max Total Time": 120.645, "Max Hash Buckets": 32768, "Min Hash Buckets": 32768, "Max Hash Batches": 1, "Min Hash Batches": 1, "Max Original Hash Batches": 1, "Min Original Hash Batches": 1, "Max Peak Memory Usage": 0, "min Peak Memory Usage": 0, "Plans": [{"Node Type": "Hash Join", "Parent Relationship": "Outer", "Join Type": "Inner", "Startup Cost": 18839.83, "Total Cost": 47428.98, "Plan Rows": 32, "Plan Width": 25, "Actual Min Startup Time": 120.643, "Actual Max Startup Time": 120.643, "Actual Min Total Time": 120.643, "Actual Max Total Time": 120.643, "Inner Unique": false, "Hash Cond": "(t.id = mc.movie_id)", "Plans": [{"Node Type": "Streaming(type: LOCAL GATHER dop: 1/16)", "Parent Relationship": "Outer", "Startup Cost": 0.0, "Total Cost": 27597.68, "Plan Rows": 391451, "Plan Width": 21, "Actual Startup Time": 0.0, "Actual Total Time": 0.0, "Plans": [{"Node Type": "Seq Scan", "Parent Relationship": "Outer", "Relation Name": "title", "Alias": "t", "Startup Cost": 0.0, "Total Cost": 19149.37, "Plan Rows": 391451, "Plan Width": 21, "Actual Min Startup Time": 0.025, "Actual Max Startup Time": 0.049, "Actual Min Total Time": 0.221, "Actual Max Total Time": 0.273, "Filter": "(production_year > 2010), (LLVM Optimized)", "Rows Removed by Filter": 7486, "Actual Rows": 1616}]}, {"Node Type": "Hash", "Parent Relationship": "Inner", "Startup Cost": 18839.45, "Total Cost": 18839.45, "Plan Rows": 30, "Plan Width": 4, "Actual Min Startup Time": 120.491, "Actual Max Startup Time": 120.491, "Actual Min Total Time": 120.491, "Actual Max Total Time": 120.491, "Max Hash Buckets": 32768, "Min Hash Buckets": 32768, "Max Hash Batches": 1, "Min Hash Batches": 1, "Max Original Hash Batches": 1, "Min Original Hash Batches": 1, "Max Peak Memory Usage": 0, "min Peak Memory Usage": 0, "Plans": [{"Node Type": "Hash Join", "Parent Relationship": "Outer", "Join Type": "Inner", "Startup Cost": 1.05, "Total Cost": 18839.45, "Plan Rows": 30, "Plan Width": 4, "Actual Min Startup Time": 120.488, "Actual Max Startup Time": 120.488, "Actual Min Total Time": 120.488, "Actual Max Total Time": 120.488, "Inner Unique": true, "Hash Cond": "(mc.company_type_id = ct.id)", "Plans": [{"Node Type": "Streaming(type: LOCAL GATHER dop: 1/16)", "Parent Relationship": "Outer", "Startup Cost": 0.0, "Total Cost": 18837.88, "Plan Rows": 59, "Plan Width": 8, "Actual Min Startup Time": 74.165, "Actual Max Startup Time": 74.165, "Actual Min Total Time": 120.116, "Actual Max Total Time": 120.116, "Plans": [{"Node Type": "Seq Scan", "Parent Relationship": "Outer", "Relation Name": "movie_companies", "Alias": "mc", "Startup Cost": 0.0, "Total Cost": 18836.61, "Plan Rows": 59, "Plan Width": 8, "Actual Min Startup Time": 1.014, "Actual Max Startup Time": 12.314, "Actual Min Total Time": 54.55, "Actual Max Total Time": 60.913, "Filter": "(((note)::text ~~ '%(VHS)%'::text) AND ((note)::text ~~ '%(USA)%'::text) AND ((note)::text ~~ '%(1994)%'::text))", "Rows Removed by Filter": 2607710, "Actual Rows": 1418}], "Actual Rows": 1418}, {"Node Type": "Hash", "Parent Relationship": "Inner", "Startup Cost": 1.04, "Total Cost": 1.04, "Plan Rows": 1, "Plan Width": 4, "Actual Min Startup Time": 0.03, "Actual Max Startup Time": 0.03, "Actual Min Total Time": 0.03, "Actual Max Total Time": 0.03, "Max Hash Buckets": 32768, "Min Hash Buckets": 32768, "Max Hash Batches": 1, "Min Hash Batches": 1, "Max Original Hash Batches": 1, "Min Original Hash Batches": 1, "Max Peak Memory Usage": 1, "min Peak Memory Usage": 1, "Plans": [{"Node Type": "Seq Scan", "Parent Relationship": "Outer", "Relation Name": "company_type", "Alias": "ct", "Startup Cost": 0.0, "Total Cost": 1.04, "Plan Rows": 1, "Plan Width": 4, "Actual Min Startup Time": 0.026, "Actual Max Startup Time": 0.026, "Actual Min Total Time": 0.027, "Actual Max Total Time": 0.027, "Filter": "((kind)::text = 'production companies'::text)", "Rows Removed by Filter": 2, "Actual Rows": 1}], "Actual Rows": 1}], "Actual Rows": 0}], "Actual Rows": 0}], "Actual Rows": 0}], "Actual Rows": 0}], "Actual Rows": 0}, {"Node Type": "Hash", "Parent Relationship": "Inner", "Startup Cost": 2.12, "Total Cost": 2.12, "Plan Rows": 112, "Plan Width": 4, "Actual Min Startup Time": 0.111, "Actual Max Startup Time": 0.111, "Actual Min Total Time": 0.111, "Actual Max Total Time": 0.111, "Max Hash Buckets": 32768, "Min Hash Buckets": 32768, "Max Hash Batches": 1, "Min Hash Batches": 1, "Max Original Hash Batches": 1, "Min Original Hash Batches": 1, "Max Peak Memory Usage": 4, "min Peak Memory Usage": 4, "Plans": [{"Node Type": "Seq Scan", "Parent Relationship": "Outer", "Relation Name": "info_type", "Alias": "it", "Startup Cost": 0.0, "Total Cost": 2.12, "Plan Rows": 112, "Plan Width": 4, "Actual Min Startup Time": 0.041, "Actual Max Startup Time": 0.041, "Actual Min Total Time": 0.062, "Actual Max Total Time": 0.062, "Actual Rows": 112}], "Actual Rows": 112}], "Actual Rows": 0}], "Actual Rows": 1}, "Triggers": [], "Planner Runtime": 21.919, "Total Runtime": 137.49, "Unique SQL Id": 328306525}}, "(16, '111')": {"explain_plan": {"Plan": {"Node Type": "Aggregate", "Strategy": "Plain", "Startup Cost": 5000130328483.66, "Total Cost": 5000130328483.67, "Plan Rows": 1, "Plan Width": 49, "Plans": [{"Node Type": "Hash Join", "Parent Relationship": "Outer", "Join Type": "Inner", "Startup Cost": 4010022924844.44, "Total Cost": 5000130328483.6, "Plan Rows": 24, "Plan Width": 17, "Inner Unique": true, "Hash Cond": "(mi.info_type_id = it.id)", "Plans": [{"Node Type": "Hash Join", "Parent Relationship": "Outer", "Join Type": "Inner", "Startup Cost": 3010022923450.04, "Total Cost": 4000130327088.87, "Plan Rows": 24, "Plan Width": 21, "Inner Unique": false, "Hash Cond": "(mi.movie_id = t.id)", "Plans": [{"Node Type": "Index Scan", "Parent Relationship": "Outer", "Scan Direction": "Forward", "Index Name": "info_type_id_movie_info", "Relation Name": "movie_info", "Alias": "mi", "Startup Cost": 10000000000.0, "Total Cost": 1000107401445.12, "Plan Rows": 584897, "Plan Width": 8, "Filter": "((info)::text = ANY ('{USA,America}'::text[]))"}, {"Node Type": "Hash", "Parent Relationship": "Inner", "Startup Cost": 3000022923449.64, "Total Cost": 3000022923449.64, "Plan Rows": 32, "Plan Width": 25, "Plans": [{"Node Type": "Hash Join", "Parent Relationship": "Outer", "Join Type": "Inner", "Startup Cost": 2010011276294.09, "Total Cost": 3000022923449.64, "Plan Rows": 32, "Plan Width": 25, "Inner Unique": false, "Hash Cond": "(t.id = mc.movie_id)", "Plans": [{"Node Type": "Index Scan", "Parent Relationship": "Outer", "Scan Direction": "Forward", "Index Name": "title_pkey", "Relation Name": "title", "Alias": "t", "Startup Cost": 10000000000.0, "Total Cost": 1000011644126.66, "Plan Rows": 391451, "Plan Width": 21, "Filter": "(production_year > 2010), (LLVM Optimized)"}, {"Node Type": "Hash", "Parent Relationship": "Inner", "Startup Cost": 2000011276293.71, "Total Cost": 2000011276293.71, "Plan Rows": 30, "Plan Width": 4, "Plans": [{"Node Type": "Hash Join", "Parent Relationship": "Outer", "Join Type": "Inner", "Startup Cost": 1010000001230.26, "Total Cost": 2000011276293.71, "Plan Rows": 30, "Plan Width": 4, "Inner Unique": true, "Hash Cond": "(mc.company_type_id = ct.id)", "Plans": [{"Node Type": "Index Scan", "Parent Relationship": "Outer", "Scan Direction": "Forward", "Index Name": "company_type_id_movie_companies", "Relation Name": "movie_companies", "Alias": "mc", "Startup Cost": 10000000000.0, "Total Cost": 1000011275063.0, "Plan Rows": 59, "Plan Width": 8, "Filter": "(((note)::text ~~ '%(VHS)%'::text) AND ((note)::text ~~ '%(USA)%'::text) AND ((note)::text ~~ '%(1994)%'::text))"}, {"Node Type": "Hash", "Parent Relationship": "Inner", "Startup Cost": 1000000001230.25, "Total Cost": 1000000001230.25, "Plan Rows": 1, "Plan Width": 4, "Plans": [{"Node Type": "Index Scan", "Parent Relationship": "Outer", "Scan Direction": "Forward", "Index Name": "company_type_pkey", "Relation Name": "company_type", "Alias": "ct", "Startup Cost": 10000000000.0, "Total Cost": 1000000001230.25, "Plan Rows": 1, "Plan Width": 4, "Filter": "((kind)::text = 'production companies'::text)"}]}]}]}]}]}]}, {"Node Type": "Hash", "Parent Relationship": "Inner", "Startup Cost": 1000000001393.0, "Total Cost": 1000000001393.0, "Plan Rows": 112, "Plan Width": 4, "Plans": [{"Node Type": "Index Scan", "Parent Relationship": "Outer", "Scan Direction": "Forward", "Index Name": "info_type_pkey", "Relation Name": "info_type", "Alias": "it", "Startup Cost": 10000000000.0, "Total Cost": 1000000001393.0, "Plan Rows": 112, "Plan Width": 4}]}]}]}, "Unique SQL Id": 328306525, "Planner Runtime": 7}, "explain_analyze_plan": null}, "(16, '112')": {"explain_plan": {"Plan": {"Node Type": "Aggregate", "Strategy": "Plain", "Startup Cost": 19173.9, "Total Cost": 19173.91, "Plan Rows": 1, "Plan Width": 49, "Plans": [{"Node Type": "Nested Loop", "Parent Relationship": "Outer", "Join Type": "Inner", "Startup Cost": 0.0, "Total Cost": 19173.84, "Plan Rows": 24, "Plan Width": 17, "Inner Unique": true, "Plans": [{"Node Type": "Nested Loop", "Parent Relationship": "Outer", "Join Type": "Inner", "Startup Cost": 0.0, "Total Cost": 19167.12, "Plan Rows": 24, "Plan Width": 21, "Inner Unique": false, "Plans": [{"Node Type": "Nested Loop", "Parent Relationship": "Outer", "Join Type": "Inner", "Startup Cost": 0.0, "Total Cost": 19088.13, "Plan Rows": 32, "Plan Width": 25, "Inner Unique": true, "Plans": [{"Node Type": "Nested Loop", "Parent Relationship": "Outer", "Join Type": "Inner", "Startup Cost": 0.0, "Total Cost": 18839.66, "Plan Rows": 30, "Plan Width": 4, "Inner Unique": false, "Join Filter": "(ct.id = mc.company_type_id)", "Plans": [{"Node Type": "Seq Scan", "Parent Relationship": "Outer", "Relation Name": "company_type", "Alias": "ct", "Startup Cost": 0.0, "Total Cost": 1.04, "Plan Rows": 1, "Plan Width": 4, "Filter": "((kind)::text = 'production companies'::text)"}, {"Node Type": "Materialize", "Parent Relationship": "Inner", "Startup Cost": 0.0, "Total Cost": 18838.03, "Plan Rows": 59, "Plan Width": 8, "Plans": [{"Node Type": "Streaming(type: LOCAL GATHER dop: 1/16)", "Parent Relationship": "Outer", "Startup Cost": 0.0, "Total Cost": 18837.88, "Plan Rows": 59, "Plan Width": 8, "Plans": [{"Node Type": "Seq Scan", "Parent Relationship": "Outer", "Relation Name": "movie_companies", "Alias": "mc", "Startup Cost": 0.0, "Total Cost": 18836.61, "Plan Rows": 59, "Plan Width": 8, "Filter": "(((note)::text ~~ '%(VHS)%'::text) AND ((note)::text ~~ '%(USA)%'::text) AND ((note)::text ~~ '%(1994)%'::text))"}]}]}]}, {"Node Type": "Index Scan", "Parent Relationship": "Inner", "Scan Direction": "Forward", "Index Name": "title_pkey", "Relation Name": "title", "Alias": "t", "Startup Cost": 0.0, "Total Cost": 8.27, "Plan Rows": 1, "Plan Width": 21, "Index Cond": "(id = mc.movie_id)", "Filter": "(production_year > 2010)"}]}, {"Node Type": "Index Scan", "Parent Relationship": "Inner", "Scan Direction": "Forward", "Index Name": "movie_id_movie_info", "Relation Name": "movie_info", "Alias": "mi", "Startup Cost": 0.0, "Total Cost": 2.46, "Plan Rows": 1, "Plan Width": 8, "Index Cond": "(movie_id = t.id)", "Filter": "((info)::text = ANY ('{USA,America}'::text[]))"}]}, {"Node Type": "Index Only Scan", "Parent Relationship": "Inner", "Scan Direction": "Forward", "Index Name": "info_type_pkey", "Relation Name": "info_type", "Alias": "it", "Startup Cost": 0.0, "Total Cost": 0.27, "Plan Rows": 1, "Plan Width": 4, "Index Cond": "(id = mi.info_type_id)"}]}]}, "Unique SQL Id": 328306525, "Planner Runtime": 4}, "explain_analyze_plan": {"Plan": {"Node Type": "Aggregate", "Strategy": "Plain", "Startup Cost": 19173.9, "Total Cost": 19173.91, "Plan Rows": 1, "Plan Width": 49, "Actual Min Startup Time": 83.27, "Actual Max Startup Time": 83.27, "Actual Min Total Time": 83.271, "Actual Max Total Time": 83.271, "Plans": [{"Node Type": "Nested Loop", "Parent Relationship": "Outer", "Join Type": "Inner", "Startup Cost": 0.0, "Total Cost": 19173.84, "Plan Rows": 24, "Plan Width": 17, "Actual Min Startup Time": 83.259, "Actual Max Startup Time": 83.259, "Actual Min Total Time": 83.259, "Actual Max Total Time": 83.259, "Inner Unique": true, "Plans": [{"Node Type": "Nested Loop", "Parent Relationship": "Outer", "Join Type": "Inner", "Startup Cost": 0.0, "Total Cost": 19167.12, "Plan Rows": 24, "Plan Width": 21, "Actual Min Startup Time": 83.257, "Actual Max Startup Time": 83.257, "Actual Min Total Time": 83.257, "Actual Max Total Time": 83.257, "Inner Unique": false, "Plans": [{"Node Type": "Nested Loop", "Parent Relationship": "Outer", "Join Type": "Inner", "Startup Cost": 0.0, "Total Cost": 19088.13, "Plan Rows": 32, "Plan Width": 25, "Actual Min Startup Time": 83.256, "Actual Max Startup Time": 83.256, "Actual Min Total Time": 83.256, "Actual Max Total Time": 83.256, "Inner Unique": true, "Plans": [{"Node Type": "Nested Loop", "Parent Relationship": "Outer", "Join Type": "Inner", "Startup Cost": 0.0, "Total Cost": 18839.66, "Plan Rows": 30, "Plan Width": 4, "Actual Min Startup Time": 83.256, "Actual Max Startup Time": 83.256, "Actual Min Total Time": 83.256, "Actual Max Total Time": 83.256, "Inner Unique": false, "Join Filter": "(ct.id = mc.company_type_id)", "Rows Removed by Join Filter": 1418, "Plans": [{"Node Type": "Seq Scan", "Parent Relationship": "Outer", "Relation Name": "company_type", "Alias": "ct", "Startup Cost": 0.0, "Total Cost": 1.04, "Plan Rows": 1, "Plan Width": 4, "Actual Min Startup Time": 0.047, "Actual Max Startup Time": 0.047, "Actual Min Total Time": 0.05, "Actual Max Total Time": 0.05, "Filter": "((kind)::text = 'production companies'::text)", "Rows Removed by Filter": 2, "Actual Rows": 1}, {"Node Type": "Materialize", "Parent Relationship": "Inner", "Startup Cost": 0.0, "Total Cost": 18838.03, "Plan Rows": 59, "Plan Width": 8, "Actual Min Startup Time": 82.738, "Actual Max Startup Time": 82.738, "Actual Min Total Time": 82.874, "Actual Max Total Time": 82.874, "Plans": [{"Node Type": "Streaming(type: LOCAL GATHER dop: 1/16)", "Parent Relationship": "Outer", "Startup Cost": 0.0, "Total Cost": 18837.88, "Plan Rows": 59, "Plan Width": 8, "Actual Min Startup Time": 41.394, "Actual Max Startup Time": 41.394, "Actual Min Total Time": 82.488, "Actual Max Total Time": 82.488, "Plans": [{"Node Type": "Seq Scan", "Parent Relationship": "Outer", "Relation Name": "movie_companies", "Alias": "mc", "Startup Cost": 0.0, "Total Cost": 18836.61, "Plan Rows": 59, "Plan Width": 8, "Actual Min Startup Time": 0.994, "Actual Max Startup Time": 12.189, "Actual Min Total Time": 54.261, "Actual Max Total Time": 60.78, "Filter": "(((note)::text ~~ '%(VHS)%'::text) AND ((note)::text ~~ '%(USA)%'::text) AND ((note)::text ~~ '%(1994)%'::text))", "Rows Removed by Filter": 2607710, "Actual Rows": 1418}], "Actual Rows": 1418}], "Actual Rows": 1419}], "Actual Rows": 0}, {"Node Type": "Index Scan", "Parent Relationship": "Inner", "Scan Direction": "Forward", "Index Name": "title_pkey", "Relation Name": "title", "Alias": "t", "Startup Cost": 0.0, "Total Cost": 8.27, "Plan Rows": 1, "Plan Width": 21, "Actual Startup Time": 0.0, "Actual Total Time": 0.0, "Index Cond": "(id = mc.movie_id)", "Rows Removed by Index Recheck": 0, "Filter": "(production_year > 2010)", "Rows Removed by Filter": 0}], "Actual Rows": 0}, {"Node Type": "Index Scan", "Parent Relationship": "Inner", "Scan Direction": "Forward", "Index Name": "movie_id_movie_info", "Relation Name": "movie_info", "Alias": "mi", "Startup Cost": 0.0, "Total Cost": 2.46, "Plan Rows": 1, "Plan Width": 8, "Actual Startup Time": 0.0, "Actual Total Time": 0.0, "Index Cond": "(movie_id = t.id)", "Rows Removed by Index Recheck": 0, "Filter": "((info)::text = ANY ('{USA,America}'::text[]))", "Rows Removed by Filter": 0}], "Actual Rows": 0}, {"Node Type": "Index Only Scan", "Parent Relationship": "Inner", "Scan Direction": "Forward", "Index Name": "info_type_pkey", "Relation Name": "info_type", "Alias": "it", "Startup Cost": 0.0, "Total Cost": 0.27, "Plan Rows": 1, "Plan Width": 4, "Actual Startup Time": 0.0, "Actual Total Time": 0.0, "Index Cond": "(id = mi.info_type_id)", "Rows Removed by Index Recheck": 0, "Heap Fetches": 0}], "Actual Rows": 0}], "Actual Rows": 1}, "Triggers": [], "Planner Runtime": 10.123, "Total Runtime": 85.75, "Unique SQL Id": 328306525}}, "(16, '113')": {"explain_plan": {"Plan": {"Node Type": "Aggregate", "Strategy": "Plain", "Startup Cost": 85293.18, "Total Cost": 85293.19, "Plan Rows": 1, "Plan Width": 49, "Plans": [{"Node Type": "Nested Loop", "Parent Relationship": "Outer", "Join Type": "Inner", "Startup Cost": 0.0, "Total Cost": 85293.12, "Plan Rows": 24, "Plan Width": 17, "Inner Unique": true, "Plans": [{"Node Type": "Nested Loop", "Parent Relationship": "Outer", "Join Type": "Inner", "Startup Cost": 0.0, "Total Cost": 85286.4, "Plan Rows": 24, "Plan Width": 21, "Inner Unique": false, "Plans": [{"Node Type": "Nested Loop", "Parent Relationship": "Outer", "Join Type": "Inner", "Startup Cost": 0.0, "Total Cost": 85207.41, "Plan Rows": 32, "Plan Width": 25, "Inner Unique": true, "Plans": [{"Node Type": "Nested Loop", "Parent Relationship": "Outer", "Join Type": "Inner", "Startup Cost": 0.0, "Total Cost": 84958.94, "Plan Rows": 30, "Plan Width": 4, "Inner Unique": false, "Join Filter": "(ct.id = mc.company_type_id)", "Plans": [{"Node Type": "Index Scan", "Parent Relationship": "Outer", "Scan Direction": "Forward", "Index Name": "company_type_pkey", "Relation Name": "company_type", "Alias": "ct", "Startup Cost": 0.0, "Total Cost": 12.3, "Plan Rows": 1, "Plan Width": 4, "Filter": "((kind)::text = 'production companies'::text)"}, {"Node Type": "Materialize", "Parent Relationship": "Inner", "Startup Cost": 0.0, "Total Cost": 84946.04, "Plan Rows": 59, "Plan Width": 8, "Plans": [{"Node Type": "Streaming(type: LOCAL GATHER dop: 1/16)", "Parent Relationship": "Outer", "Startup Cost": 0.0, "Total Cost": 84945.9, "Plan Rows": 59, "Plan Width": 8, "Plans": [{"Node Type": "Index Scan", "Parent Relationship": "Outer", "Scan Direction": "Forward", "Index Name": "company_type_id_movie_companies", "Relation Name": "movie_companies", "Alias": "mc", "Startup Cost": 0.0, "Total Cost": 84944.62, "Plan Rows": 59, "Plan Width": 8, "Filter": "(((note)::text ~~ '%(VHS)%'::text) AND ((note)::text ~~ '%(USA)%'::text) AND ((note)::text ~~ '%(1994)%'::text))"}]}]}]}, {"Node Type": "Index Scan", "Parent Relationship": "Inner", "Scan Direction": "Forward", "Index Name": "title_pkey", "Relation Name": "title", "Alias": "t", "Startup Cost": 0.0, "Total Cost": 8.27, "Plan Rows": 1, "Plan Width": 21, "Index Cond": "(id = mc.movie_id)", "Filter": "(production_year > 2010)"}]}, {"Node Type": "Index Scan", "Parent Relationship": "Inner", "Scan Direction": "Forward", "Index Name": "movie_id_movie_info", "Relation Name": "movie_info", "Alias": "mi", "Startup Cost": 0.0, "Total Cost": 2.46, "Plan Rows": 1, "Plan Width": 8, "Index Cond": "(movie_id = t.id)", "Filter": "((info)::text = ANY ('{USA,America}'::text[]))"}]}, {"Node Type": "Index Only Scan", "Parent Relationship": "Inner", "Scan Direction": "Forward", "Index Name": "info_type_pkey", "Relation Name": "info_type", "Alias": "it", "Startup Cost": 0.0, "Total Cost": 0.27, "Plan Rows": 1, "Plan Width": 4, "Index Cond": "(id = mi.info_type_id)"}]}]}, "Unique SQL Id": 328306525, "Planner Runtime": 4}, "explain_analyze_plan": {"Plan": {"Node Type": "Aggregate", "Strategy": "Plain", "Startup Cost": 85293.18, "Total Cost": 85293.19, "Plan Rows": 1, "Plan Width": 49, "Actual Min Startup Time": 150.989, "Actual Max Startup Time": 150.989, "Actual Min Total Time": 150.989, "Actual Max Total Time": 150.989, "Plans": [{"Node Type": "Nested Loop", "Parent Relationship": "Outer", "Join Type": "Inner", "Startup Cost": 0.0, "Total Cost": 85293.12, "Plan Rows": 24, "Plan Width": 17, "Actual Min Startup Time": 150.979, "Actual Max Startup Time": 150.979, "Actual Min Total Time": 150.979, "Actual Max Total Time": 150.979, "Inner Unique": true, "Plans": [{"Node Type": "Nested Loop", "Parent Relationship": "Outer", "Join Type": "Inner", "Startup Cost": 0.0, "Total Cost": 85286.4, "Plan Rows": 24, "Plan Width": 21, "Actual Min Startup Time": 150.977, "Actual Max Startup Time": 150.977, "Actual Min Total Time": 150.977, "Actual Max Total Time": 150.977, "Inner Unique": false, "Plans": [{"Node Type": "Nested Loop", "Parent Relationship": "Outer", "Join Type": "Inner", "Startup Cost": 0.0, "Total Cost": 85207.41, "Plan Rows": 32, "Plan Width": 25, "Actual Min Startup Time": 150.977, "Actual Max Startup Time": 150.977, "Actual Min Total Time": 150.977, "Actual Max Total Time": 150.977, "Inner Unique": true, "Plans": [{"Node Type": "Nested Loop", "Parent Relationship": "Outer", "Join Type": "Inner", "Startup Cost": 0.0, "Total Cost": 84958.94, "Plan Rows": 30, "Plan Width": 4, "Actual Min Startup Time": 150.976, "Actual Max Startup Time": 150.976, "Actual Min Total Time": 150.976, "Actual Max Total Time": 150.976, "Inner Unique": false, "Join Filter": "(ct.id = mc.company_type_id)", "Rows Removed by Join Filter": 1418, "Plans": [{"Node Type": "Index Scan", "Parent Relationship": "Outer", "Scan Direction": "Forward", "Index Name": "company_type_pkey", "Relation Name": "company_type", "Alias": "ct", "Startup Cost": 0.0, "Total Cost": 12.3, "Plan Rows": 1, "Plan Width": 4, "Actual Min Startup Time": 0.046, "Actual Max Startup Time": 0.046, "Actual Min Total Time": 0.05, "Actual Max Total Time": 0.05, "Filter": "((kind)::text = 'production companies'::text)", "Rows Removed by Filter": 2, "Actual Rows": 1}, {"Node Type": "Materialize", "Parent Relationship": "Inner", "Startup Cost": 0.0, "Total Cost": 84946.04, "Plan Rows": 59, "Plan Width": 8, "Actual Min Startup Time": 150.438, "Actual Max Startup Time": 150.438, "Actual Min Total Time": 150.602, "Actual Max Total Time": 150.602, "Plans": [{"Node Type": "Streaming(type: LOCAL GATHER dop: 1/16)", "Parent Relationship": "Outer", "Startup Cost": 0.0, "Total Cost": 84945.9, "Plan Rows": 59, "Plan Width": 8, "Actual Min Startup Time": 66.76, "Actual Max Startup Time": 66.76, "Actual Min Total Time": 150.176, "Actual Max Total Time": 150.176, "Plans": [{"Node Type": "Index Scan", "Parent Relationship": "Outer", "Scan Direction": "Forward", "Index Name": "company_type_id_movie_companies", "Relation Name": "movie_companies", "Alias": "mc", "Startup Cost": 0.0, "Total Cost": 84944.62, "Plan Rows": 59, "Plan Width": 8, "Actual Min Startup Time": 16.096, "Actual Max Startup Time": 90.09, "Actual Min Total Time": 86.621, "Actual Max Total Time": 133.227, "Filter": "(((note)::text ~~ '%(VHS)%'::text) AND ((note)::text ~~ '%(USA)%'::text) AND ((note)::text ~~ '%(1994)%'::text))", "Rows Removed by Filter": 2607710, "Actual Rows": 1418}], "Actual Rows": 1418}], "Actual Rows": 1419}], "Actual Rows": 0}, {"Node Type": "Index Scan", "Parent Relationship": "Inner", "Scan Direction": "Forward", "Index Name": "title_pkey", "Relation Name": "title", "Alias": "t", "Startup Cost": 0.0, "Total Cost": 8.27, "Plan Rows": 1, "Plan Width": 21, "Actual Startup Time": 0.0, "Actual Total Time": 0.0, "Index Cond": "(id = mc.movie_id)", "Rows Removed by Index Recheck": 0, "Filter": "(production_year > 2010)", "Rows Removed by Filter": 0}], "Actual Rows": 0}, {"Node Type": "Index Scan", "Parent Relationship": "Inner", "Scan Direction": "Forward", "Index Name": "movie_id_movie_info", "Relation Name": "movie_info", "Alias": "mi", "Startup Cost": 0.0, "Total Cost": 2.46, "Plan Rows": 1, "Plan Width": 8, "Actual Startup Time": 0.0, "Actual Total Time": 0.0, "Index Cond": "(movie_id = t.id)", "Rows Removed by Index Recheck": 0, "Filter": "((info)::text = ANY ('{USA,America}'::text[]))", "Rows Removed by Filter": 0}], "Actual Rows": 0}, {"Node Type": "Index Only Scan", "Parent Relationship": "Inner", "Scan Direction": "Forward", "Index Name": "info_type_pkey", "Relation Name": "info_type", "Alias": "it", "Startup Cost": 0.0, "Total Cost": 0.27, "Plan Rows": 1, "Plan Width": 4, "Actual Startup Time": 0.0, "Actual Total Time": 0.0, "Index Cond": "(id = mi.info_type_id)", "Rows Removed by Index Recheck": 0, "Heap Fetches": 0}], "Actual Rows": 0}], "Actual Rows": 1}, "Triggers": [], "Planner Runtime": 9.823, "Total Runtime": 153.389, "Unique SQL Id": 328306525}}, "(16, '114')": {"explain_plan": {"Plan": {"Node Type": "Aggregate", "Strategy": "Plain", "Startup Cost": 19289.21, "Total Cost": 19289.22, "Plan Rows": 1, "Plan Width": 49, "Plans": [{"Node Type": "Nested Loop", "Parent Relationship": "Outer", "Join Type": "Inner", "Startup Cost": 5.13, "Total Cost": 19289.15, "Plan Rows": 24, "Plan Width": 17, "Inner Unique": false, "Join Filter": "(mi.info_type_id = it.id)", "Plans": [{"Node Type": "Seq Scan", "Parent Relationship": "Outer", "Relation Name": "info_type", "Alias": "it", "Startup Cost": 0.0, "Total Cost": 2.12, "Plan Rows": 112, "Plan Width": 4}, {"Node Type": "Materialize", "Parent Relationship": "Inner", "Startup Cost": 5.13, "Total Cost": 19246.77, "Plan Rows": 24, "Plan Width": 21, "Plans": [{"Node Type": "Nested Loop", "Parent Relationship": "Outer", "Join Type": "Inner", "Startup Cost": 5.13, "Total Cost": 19246.65, "Plan Rows": 24, "Plan Width": 21, "Inner Unique": false, "Plans": [{"Node Type": "Nested Loop", "Parent Relationship": "Outer", "Join Type": "Inner", "Startup Cost": 4.26, "Total Cost": 19088.14, "Plan Rows": 32, "Plan Width": 25, "Inner Unique": true, "Plans": [{"Node Type": "Nested Loop", "Parent Relationship": "Outer", "Join Type": "Inner", "Startup Cost": 0.0, "Total Cost": 18839.66, "Plan Rows": 30, "Plan Width": 4, "Inner Unique": false, "Join Filter": "(ct.id = mc.company_type_id)", "Plans": [{"Node Type": "Seq Scan", "Parent Relationship": "Outer", "Relation Name": "company_type", "Alias": "ct", "Startup Cost": 0.0, "Total Cost": 1.04, "Plan Rows": 1, "Plan Width": 4, "Filter": "((kind)::text = 'production companies'::text)"}, {"Node Type": "Materialize", "Parent Relationship": "Inner", "Startup Cost": 0.0, "Total Cost": 18838.03, "Plan Rows": 59, "Plan Width": 8, "Plans": [{"Node Type": "Streaming(type: LOCAL GATHER dop: 1/16)", "Parent Relationship": "Outer", "Startup Cost": 0.0, "Total Cost": 18837.88, "Plan Rows": 59, "Plan Width": 8, "Plans": [{"Node Type": "Seq Scan", "Parent Relationship": "Outer", "Relation Name": "movie_companies", "Alias": "mc", "Startup Cost": 0.0, "Total Cost": 18836.61, "Plan Rows": 59, "Plan Width": 8, "Filter": "(((note)::text ~~ '%(VHS)%'::text) AND ((note)::text ~~ '%(USA)%'::text) AND ((note)::text ~~ '%(1994)%'::text))"}]}]}]}, {"Node Type": "Bitmap Heap Scan", "Parent Relationship": "Inner", "Relation Name": "title", "Alias": "t", "Startup Cost": 4.26, "Total Cost": 8.27, "Plan Rows": 1, "Plan Width": 21, "Recheck Cond": "(id = mc.movie_id)", "Filter": "(production_year > 2010)", "Plans": [{"Node Type": "Bitmap Index Scan", "Parent Relationship": "Outer", "Index Name": "title_pkey", "Startup Cost": 0.0, "Total Cost": 4.26, "Plan Rows": 1, "Plan Width": 0, "Index Cond": "(id = mc.movie_id)"}]}]}, {"Node Type": "Bitmap Heap Scan", "Parent Relationship": "Inner", "Relation Name": "movie_info", "Alias": "mi", "Startup Cost": 0.87, "Total Cost": 4.94, "Plan Rows": 1, "Plan Width": 8, "Recheck Cond": "(movie_id = t.id)", "Filter": "((info)::text = ANY ('{USA,America}'::text[]))", "Plans": [{"Node Type": "Bitmap Index Scan", "Parent Relationship": "Outer", "Index Name": "movie_id_movie_info", "Startup Cost": 0.0, "Total Cost": 0.87, "Plan Rows": 5, "Plan Width": 0, "Index Cond": "(movie_id = t.id)"}]}]}]}]}]}, "Unique SQL Id": 328306525, "Planner Runtime": 4}, "explain_analyze_plan": {"Plan": {"Node Type": "Aggregate", "Strategy": "Plain", "Startup Cost": 19289.21, "Total Cost": 19289.22, "Plan Rows": 1, "Plan Width": 49, "Actual Min Startup Time": 79.845, "Actual Max Startup Time": 79.845, "Actual Min Total Time": 79.845, "Actual Max Total Time": 79.845, "Plans": [{"Node Type": "Nested Loop", "Parent Relationship": "Outer", "Join Type": "Inner", "Startup Cost": 5.13, "Total Cost": 19289.15, "Plan Rows": 24, "Plan Width": 17, "Actual Min Startup Time": 79.836, "Actual Max Startup Time": 79.836, "Actual Min Total Time": 79.836, "Actual Max Total Time": 79.836, "Inner Unique": false, "Join Filter": "(mi.info_type_id = it.id)", "Rows Removed by Join Filter": 0, "Plans": [{"Node Type": "Seq Scan", "Parent Relationship": "Outer", "Relation Name": "info_type", "Alias": "it", "Startup Cost": 0.0, "Total Cost": 2.12, "Plan Rows": 112, "Plan Width": 4, "Actual Min Startup Time": 0.032, "Actual Max Startup Time": 0.032, "Actual Min Total Time": 0.05, "Actual Max Total Time": 0.05, "Actual Rows": 112}, {"Node Type": "Materialize", "Parent Relationship": "Inner", "Startup Cost": 5.13, "Total Cost": 19246.77, "Plan Rows": 24, "Plan Width": 21, "Actual Min Startup Time": 79.761, "Actual Max Startup Time": 79.761, "Actual Min Total Time": 79.761, "Actual Max Total Time": 79.761, "Plans": [{"Node Type": "Nested Loop", "Parent Relationship": "Outer", "Join Type": "Inner", "Startup Cost": 5.13, "Total Cost": 19246.65, "Plan Rows": 24, "Plan Width": 21, "Actual Min Startup Time": 79.749, "Actual Max Startup Time": 79.749, "Actual Min Total Time": 79.749, "Actual Max Total Time": 79.749, "Inner Unique": false, "Plans": [{"Node Type": "Nested Loop", "Parent Relationship": "Outer", "Join Type": "Inner", "Startup Cost": 4.26, "Total Cost": 19088.14, "Plan Rows": 32, "Plan Width": 25, "Actual Min Startup Time": 79.748, "Actual Max Startup Time": 79.748, "Actual Min Total Time": 79.748, "Actual Max Total Time": 79.748, "Inner Unique": true, "Plans": [{"Node Type": "Nested Loop", "Parent Relationship": "Outer", "Join Type": "Inner", "Startup Cost": 0.0, "Total Cost": 18839.66, "Plan Rows": 30, "Plan Width": 4, "Actual Min Startup Time": 79.747, "Actual Max Startup Time": 79.747, "Actual Min Total Time": 79.747, "Actual Max Total Time": 79.747, "Inner Unique": false, "Join Filter": "(ct.id = mc.company_type_id)", "Rows Removed by Join Filter": 1418, "Plans": [{"Node Type": "Seq Scan", "Parent Relationship": "Outer", "Relation Name": "company_type", "Alias": "ct", "Startup Cost": 0.0, "Total Cost": 1.04, "Plan Rows": 1, "Plan Width": 4, "Actual Min Startup Time": 0.041, "Actual Max Startup Time": 0.041, "Actual Min Total Time": 0.044, "Actual Max Total Time": 0.044, "Filter": "((kind)::text = 'production companies'::text)", "Rows Removed by Filter": 2, "Actual Rows": 1}, {"Node Type": "Materialize", "Parent Relationship": "Inner", "Startup Cost": 0.0, "Total Cost": 18838.03, "Plan Rows": 59, "Plan Width": 8, "Actual Min Startup Time": 79.237, "Actual Max Startup Time": 79.237, "Actual Min Total Time": 79.366, "Actual Max Total Time": 79.366, "Plans": [{"Node Type": "Streaming(type: LOCAL GATHER dop: 1/16)", "Parent Relationship": "Outer", "Startup Cost": 0.0, "Total Cost": 18837.88, "Plan Rows": 59, "Plan Width": 8, "Actual Min Startup Time": 41.667, "Actual Max Startup Time": 41.667, "Actual Min Total Time": 78.971, "Actual Max Total Time": 78.971, "Plans": [{"Node Type": "Seq Scan", "Parent Relationship": "Outer", "Relation Name": "movie_companies", "Alias": "mc", "Startup Cost": 0.0, "Total Cost": 18836.61, "Plan Rows": 59, "Plan Width": 8, "Actual Min Startup Time": 0.983, "Actual Max Startup Time": 12.222, "Actual Min Total Time": 54.232, "Actual Max Total Time": 60.749, "Filter": "(((note)::text ~~ '%(VHS)%'::text) AND ((note)::text ~~ '%(USA)%'::text) AND ((note)::text ~~ '%(1994)%'::text))", "Rows Removed by Filter": 2607710, "Actual Rows": 1418}], "Actual Rows": 1418}], "Actual Rows": 1419}], "Actual Rows": 0}, {"Node Type": "Bitmap Heap Scan", "Parent Relationship": "Inner", "Relation Name": "title", "Alias": "t", "Startup Cost": 4.26, "Total Cost": 8.27, "Plan Rows": 1, "Plan Width": 21, "Actual Startup Time": 0.0, "Actual Total Time": 0.0, "Recheck Cond": "(id = mc.movie_id)", "Rows Removed by Index Recheck": 0, "Filter": "(production_year > 2010)", "Rows Removed by Filter": 0, "Exact Heap Blocks": 0, "Lossy Heap Blocks": 0, "Plans": [{"Node Type": "Bitmap Index Scan", "Parent Relationship": "Outer", "Index Name": "title_pkey", "Startup Cost": 0.0, "Total Cost": 4.26, "Plan Rows": 1, "Plan Width": 0, "Actual Startup Time": 0.0, "Actual Total Time": 0.0, "Index Cond": "(id = mc.movie_id)"}]}], "Actual Rows": 0}, {"Node Type": "Bitmap Heap Scan", "Parent Relationship": "Inner", "Relation Name": "movie_info", "Alias": "mi", "Startup Cost": 0.87, "Total Cost": 4.94, "Plan Rows": 1, "Plan Width": 8, "Actual Startup Time": 0.0, "Actual Total Time": 0.0, "Recheck Cond": "(movie_id = t.id)", "Rows Removed by Index Recheck": 0, "Filter": "((info)::text = ANY ('{USA,America}'::text[]))", "Rows Removed by Filter": 0, "Exact Heap Blocks": 0, "Lossy Heap Blocks": 0, "Plans": [{"Node Type": "Bitmap Index Scan", "Parent Relationship": "Outer", "Index Name": "movie_id_movie_info", "Startup Cost": 0.0, "Total Cost": 0.87, "Plan Rows": 5, "Plan Width": 0, "Actual Startup Time": 0.0, "Actual Total Time": 0.0, "Index Cond": "(movie_id = t.id)"}]}], "Actual Rows": 0}], "Actual Rows": 0}], "Actual Rows": 0}], "Actual Rows": 1}, "Triggers": [], "Planner Runtime": 11.234, "Total Runtime": 82.33, "Unique SQL Id": 328306525}}, "(16, '115')": {"explain_plan": {"Plan": {"Node Type": "Aggregate", "Strategy": "Plain", "Startup Cost": 71749.13, "Total Cost": 71749.14, "Plan Rows": 1, "Plan Width": 49, "Plans": [{"Node Type": "Nested Loop", "Parent Relationship": "Outer", "Join Type": "Inner", "Startup Cost": 28957.62, "Total Cost": 71749.07, "Plan Rows": 24, "Plan Width": 17, "Inner Unique": true, "Plans": [{"Node Type": "Nested Loop", "Parent Relationship": "Outer", "Join Type": "Inner", "Startup Cost": 28957.36, "Total Cost": 71646.35, "Plan Rows": 24, "Plan Width": 21, "Inner Unique": true, "Plans": [{"Node Type": "Nested Loop", "Parent Relationship": "Outer", "Join Type": "Inner", "Startup Cost": 28957.04, "Total Cost": 71502.93, "Plan Rows": 33, "Plan Width": 12, "Inner Unique": false, "Plans": [{"Node Type": "Nested Loop", "Parent Relationship": "Outer", "Join Type": "Inner", "Startup Cost": 28952.75, "Total Cost": 70774.36, "Plan Rows": 30, "Plan Width": 4, "Inner Unique": false, "Plans": [{"Node Type": "Bitmap Heap Scan", "Parent Relationship": "Outer", "Relation Name": "company_type", "Alias": "ct", "Startup Cost": 8.27, "Total Cost": 12.3, "Plan Rows": 1, "Plan Width": 4, "Filter": "((kind)::text = 'production companies'::text)", "Plans": [{"Node Type": "Bitmap Index Scan", "Parent Relationship": "Outer", "Index Name": "company_type_pkey", "Startup Cost": 0.0, "Total Cost": 8.27, "Plan Rows": 3, "Plan Width": 0}]}, {"Node Type": "Bitmap Heap Scan", "Parent Relationship": "Inner", "Relation Name": "movie_companies", "Alias": "mc", "Startup Cost": 28944.49, "Total Cost": 70761.77, "Plan Rows": 29, "Plan Width": 8, "Recheck Cond": "(company_type_id = ct.id)", "Filter": "(((note)::text ~~ '%(VHS)%'::text) AND ((note)::text ~~ '%(USA)%'::text) AND ((note)::text ~~ '%(1994)%'::text))", "Plans": [{"Node Type": "Bitmap Index Scan", "Parent Relationship": "Outer", "Index Name": "company_type_id_movie_companies", "Startup Cost": 0.0, "Total Cost": 28944.48, "Plan Rows": 1304564, "Plan Width": 0, "Index Cond": "(company_type_id = ct.id)"}]}]}, {"Node Type": "Bitmap Heap Scan", "Parent Relationship": "Inner", "Relation Name": "movie_info", "Alias": "mi", "Startup Cost": 4.29, "Total Cost": 24.28, "Plan Rows": 1, "Plan Width": 8, "Recheck Cond": "(movie_id = mc.movie_id)", "Filter": "((info)::text = ANY ('{USA,America}'::text[]))", "Plans": [{"Node Type": "Bitmap Index Scan", "Parent Relationship": "Outer", "Index Name": "movie_id_movie_info", "Startup Cost": 0.0, "Total Cost": 4.29, "Plan Rows": 5, "Plan Width": 0, "Index Cond": "(movie_id = mc.movie_id)"}]}]}, {"Node Type": "Bitmap Heap Scan", "Parent Relationship": "Inner", "Relation Name": "title", "Alias": "t", "Startup Cost": 0.32, "Total Cost": 4.34, "Plan Rows": 1, "Plan Width": 21, "Recheck Cond": "(id = mi.movie_id)", "Filter": "(production_year > 2010)", "Plans": [{"Node Type": "Bitmap Index Scan", "Parent Relationship": "Outer", "Index Name": "title_pkey", "Startup Cost": 0.0, "Total Cost": 0.32, "Plan Rows": 1, "Plan Width": 0, "Index Cond": "(id = mi.movie_id)"}]}]}, {"Node Type": "Bitmap Heap Scan", "Parent Relationship": "Inner", "Relation Name": "info_type", "Alias": "it", "Startup Cost": 0.26, "Total Cost": 4.27, "Plan Rows": 1, "Plan Width": 4, "Recheck Cond": "(id = mi.info_type_id)", "Plans": [{"Node Type": "Bitmap Index Scan", "Parent Relationship": "Outer", "Index Name": "info_type_pkey", "Startup Cost": 0.0, "Total Cost": 0.26, "Plan Rows": 1, "Plan Width": 0, "Index Cond": "(id = mi.info_type_id)"}]}]}]}, "Unique SQL Id": 328306525, "Planner Runtime": 3}, "explain_analyze_plan": null}, "(16, '116')": {"explain_plan": {"Plan": {"Node Type": "Aggregate", "Strategy": "Plain", "Startup Cost": 19173.9, "Total Cost": 19173.91, "Plan Rows": 1, "Plan Width": 49, "Plans": [{"Node Type": "Nested Loop", "Parent Relationship": "Outer", "Join Type": "Inner", "Startup Cost": 0.0, "Total Cost": 19173.84, "Plan Rows": 24, "Plan Width": 17, "Inner Unique": true, "Plans": [{"Node Type": "Nested Loop", "Parent Relationship": "Outer", "Join Type": "Inner", "Startup Cost": 0.0, "Total Cost": 19167.12, "Plan Rows": 24, "Plan Width": 21, "Inner Unique": false, "Plans": [{"Node Type": "Nested Loop", "Parent Relationship": "Outer", "Join Type": "Inner", "Startup Cost": 0.0, "Total Cost": 19088.13, "Plan Rows": 32, "Plan Width": 25, "Inner Unique": true, "Plans": [{"Node Type": "Nested Loop", "Parent Relationship": "Outer", "Join Type": "Inner", "Startup Cost": 0.0, "Total Cost": 18839.66, "Plan Rows": 30, "Plan Width": 4, "Inner Unique": false, "Join Filter": "(ct.id = mc.company_type_id)", "Plans": [{"Node Type": "Seq Scan", "Parent Relationship": "Outer", "Relation Name": "company_type", "Alias": "ct", "Startup Cost": 0.0, "Total Cost": 1.04, "Plan Rows": 1, "Plan Width": 4, "Filter": "((kind)::text = 'production companies'::text)"}, {"Node Type": "Materialize", "Parent Relationship": "Inner", "Startup Cost": 0.0, "Total Cost": 18838.03, "Plan Rows": 59, "Plan Width": 8, "Plans": [{"Node Type": "Streaming(type: LOCAL GATHER dop: 1/16)", "Parent Relationship": "Outer", "Startup Cost": 0.0, "Total Cost": 18837.88, "Plan Rows": 59, "Plan Width": 8, "Plans": [{"Node Type": "Seq Scan", "Parent Relationship": "Outer", "Relation Name": "movie_companies", "Alias": "mc", "Startup Cost": 0.0, "Total Cost": 18836.61, "Plan Rows": 59, "Plan Width": 8, "Filter": "(((note)::text ~~ '%(VHS)%'::text) AND ((note)::text ~~ '%(USA)%'::text) AND ((note)::text ~~ '%(1994)%'::text))"}]}]}]}, {"Node Type": "Index Scan", "Parent Relationship": "Inner", "Scan Direction": "Forward", "Index Name": "title_pkey", "Relation Name": "title", "Alias": "t", "Startup Cost": 0.0, "Total Cost": 8.27, "Plan Rows": 1, "Plan Width": 21, "Index Cond": "(id = mc.movie_id)", "Filter": "(production_year > 2010)"}]}, {"Node Type": "Index Scan", "Parent Relationship": "Inner", "Scan Direction": "Forward", "Index Name": "movie_id_movie_info", "Relation Name": "movie_info", "Alias": "mi", "Startup Cost": 0.0, "Total Cost": 2.46, "Plan Rows": 1, "Plan Width": 8, "Index Cond": "(movie_id = t.id)", "Filter": "((info)::text = ANY ('{USA,America}'::text[]))"}]}, {"Node Type": "Index Scan", "Parent Relationship": "Inner", "Scan Direction": "Forward", "Index Name": "info_type_pkey", "Relation Name": "info_type", "Alias": "it", "Startup Cost": 0.0, "Total Cost": 0.27, "Plan Rows": 1, "Plan Width": 4, "Index Cond": "(id = mi.info_type_id)"}]}]}, "Unique SQL Id": 328306525, "Planner Runtime": 3}, "explain_analyze_plan": {"Plan": {"Node Type": "Aggregate", "Strategy": "Plain", "Startup Cost": 19173.9, "Total Cost": 19173.91, "Plan Rows": 1, "Plan Width": 49, "Actual Min Startup Time": 82.106, "Actual Max Startup Time": 82.106, "Actual Min Total Time": 82.107, "Actual Max Total Time": 82.107, "Plans": [{"Node Type": "Nested Loop", "Parent Relationship": "Outer", "Join Type": "Inner", "Startup Cost": 0.0, "Total Cost": 19173.84, "Plan Rows": 24, "Plan Width": 17, "Actual Min Startup Time": 82.087, "Actual Max Startup Time": 82.087, "Actual Min Total Time": 82.087, "Actual Max Total Time": 82.087, "Inner Unique": true, "Plans": [{"Node Type": "Nested Loop", "Parent Relationship": "Outer", "Join Type": "Inner", "Startup Cost": 0.0, "Total Cost": 19167.12, "Plan Rows": 24, "Plan Width": 21, "Actual Min Startup Time": 82.085, "Actual Max Startup Time": 82.085, "Actual Min Total Time": 82.085, "Actual Max Total Time": 82.085, "Inner Unique": false, "Plans": [{"Node Type": "Nested Loop", "Parent Relationship": "Outer", "Join Type": "Inner", "Startup Cost": 0.0, "Total Cost": 19088.13, "Plan Rows": 32, "Plan Width": 25, "Actual Min Startup Time": 82.085, "Actual Max Startup Time": 82.085, "Actual Min Total Time": 82.085, "Actual Max Total Time": 82.085, "Inner Unique": true, "Plans": [{"Node Type": "Nested Loop", "Parent Relationship": "Outer", "Join Type": "Inner", "Startup Cost": 0.0, "Total Cost": 18839.66, "Plan Rows": 30, "Plan Width": 4, "Actual Min Startup Time": 82.084, "Actual Max Startup Time": 82.084, "Actual Min Total Time": 82.084, "Actual Max Total Time": 82.084, "Inner Unique": false, "Join Filter": "(ct.id = mc.company_type_id)", "Rows Removed by Join Filter": 1418, "Plans": [{"Node Type": "Seq Scan", "Parent Relationship": "Outer", "Relation Name": "company_type", "Alias": "ct", "Startup Cost": 0.0, "Total Cost": 1.04, "Plan Rows": 1, "Plan Width": 4, "Actual Min Startup Time": 0.038, "Actual Max Startup Time": 0.038, "Actual Min Total Time": 0.041, "Actual Max Total Time": 0.041, "Filter": "((kind)::text = 'production companies'::text)", "Rows Removed by Filter": 2, "Actual Rows": 1}, {"Node Type": "Materialize", "Parent Relationship": "Inner", "Startup Cost": 0.0, "Total Cost": 18838.03, "Plan Rows": 59, "Plan Width": 8, "Actual Min Startup Time": 81.576, "Actual Max Startup Time": 81.576, "Actual Min Total Time": 81.713, "Actual Max Total Time": 81.713, "Plans": [{"Node Type": "Streaming(type: LOCAL GATHER dop: 1/16)", "Parent Relationship": "Outer", "Startup Cost": 0.0, "Total Cost": 18837.88, "Plan Rows": 59, "Plan Width": 8, "Actual Min Startup Time": 45.285, "Actual Max Startup Time": 45.285, "Actual Min Total Time": 81.331, "Actual Max Total Time": 81.331, "Plans": [{"Node Type": "Seq Scan", "Parent Relationship": "Outer", "Relation Name": "movie_companies", "Alias": "mc", "Startup Cost": 0.0, "Total Cost": 18836.61, "Plan Rows": 59, "Plan Width": 8, "Actual Min Startup Time": 1.004, "Actual Max Startup Time": 12.22, "Actual Min Total Time": 54.35, "Actual Max Total Time": 60.791, "Filter": "(((note)::text ~~ '%(VHS)%'::text) AND ((note)::text ~~ '%(USA)%'::text) AND ((note)::text ~~ '%(1994)%'::text))", "Rows Removed by Filter": 2607710, "Actual Rows": 1418}], "Actual Rows": 1418}], "Actual Rows": 1419}], "Actual Rows": 0}, {"Node Type": "Index Scan", "Parent Relationship": "Inner", "Scan Direction": "Forward", "Index Name": "title_pkey", "Relation Name": "title", "Alias": "t", "Startup Cost": 0.0, "Total Cost": 8.27, "Plan Rows": 1, "Plan Width": 21, "Actual Startup Time": 0.0, "Actual Total Time": 0.0, "Index Cond": "(id = mc.movie_id)", "Rows Removed by Index Recheck": 0, "Filter": "(production_year > 2010)", "Rows Removed by Filter": 0}], "Actual Rows": 0}, {"Node Type": "Index Scan", "Parent Relationship": "Inner", "Scan Direction": "Forward", "Index Name": "movie_id_movie_info", "Relation Name": "movie_info", "Alias": "mi", "Startup Cost": 0.0, "Total Cost": 2.46, "Plan Rows": 1, "Plan Width": 8, "Actual Startup Time": 0.0, "Actual Total Time": 0.0, "Index Cond": "(movie_id = t.id)", "Rows Removed by Index Recheck": 0, "Filter": "((info)::text = ANY ('{USA,America}'::text[]))", "Rows Removed by Filter": 0}], "Actual Rows": 0}, {"Node Type": "Index Scan", "Parent Relationship": "Inner", "Scan Direction": "Forward", "Index Name": "info_type_pkey", "Relation Name": "info_type", "Alias": "it", "Startup Cost": 0.0, "Total Cost": 0.27, "Plan Rows": 1, "Plan Width": 4, "Actual Startup Time": 0.0, "Actual Total Time": 0.0, "Index Cond": "(id = mi.info_type_id)", "Rows Removed by Index Recheck": 0}], "Actual Rows": 0}], "Actual Rows": 1}, "Triggers": [], "Planner Runtime": 10.153, "Total Runtime": 84.649, "Unique SQL Id": 328306525}}, "(16, '117')": {"explain_plan": {"Plan": {"Node Type": "Aggregate", "Strategy": "Plain", "Startup Cost": 85293.18, "Total Cost": 85293.19, "Plan Rows": 1, "Plan Width": 49, "Plans": [{"Node Type": "Nested Loop", "Parent Relationship": "Outer", "Join Type": "Inner", "Startup Cost": 0.0, "Total Cost": 85293.12, "Plan Rows": 24, "Plan Width": 17, "Inner Unique": true, "Plans": [{"Node Type": "Nested Loop", "Parent Relationship": "Outer", "Join Type": "Inner", "Startup Cost": 0.0, "Total Cost": 85286.4, "Plan Rows": 24, "Plan Width": 21, "Inner Unique": false, "Plans": [{"Node Type": "Nested Loop", "Parent Relationship": "Outer", "Join Type": "Inner", "Startup Cost": 0.0, "Total Cost": 85207.41, "Plan Rows": 32, "Plan Width": 25, "Inner Unique": true, "Plans": [{"Node Type": "Nested Loop", "Parent Relationship": "Outer", "Join Type": "Inner", "Startup Cost": 0.0, "Total Cost": 84958.94, "Plan Rows": 30, "Plan Width": 4, "Inner Unique": false, "Join Filter": "(ct.id = mc.company_type_id)", "Plans": [{"Node Type": "Index Scan", "Parent Relationship": "Outer", "Scan Direction": "Forward", "Index Name": "company_type_pkey", "Relation Name": "company_type", "Alias": "ct", "Startup Cost": 0.0, "Total Cost": 12.3, "Plan Rows": 1, "Plan Width": 4, "Filter": "((kind)::text = 'production companies'::text)"}, {"Node Type": "Materialize", "Parent Relationship": "Inner", "Startup Cost": 0.0, "Total Cost": 84946.04, "Plan Rows": 59, "Plan Width": 8, "Plans": [{"Node Type": "Streaming(type: LOCAL GATHER dop: 1/16)", "Parent Relationship": "Outer", "Startup Cost": 0.0, "Total Cost": 84945.9, "Plan Rows": 59, "Plan Width": 8, "Plans": [{"Node Type": "Index Scan", "Parent Relationship": "Outer", "Scan Direction": "Forward", "Index Name": "company_type_id_movie_companies", "Relation Name": "movie_companies", "Alias": "mc", "Startup Cost": 0.0, "Total Cost": 84944.62, "Plan Rows": 59, "Plan Width": 8, "Filter": "(((note)::text ~~ '%(VHS)%'::text) AND ((note)::text ~~ '%(USA)%'::text) AND ((note)::text ~~ '%(1994)%'::text))"}]}]}]}, {"Node Type": "Index Scan", "Parent Relationship": "Inner", "Scan Direction": "Forward", "Index Name": "title_pkey", "Relation Name": "title", "Alias": "t", "Startup Cost": 0.0, "Total Cost": 8.27, "Plan Rows": 1, "Plan Width": 21, "Index Cond": "(id = mc.movie_id)", "Filter": "(production_year > 2010)"}]}, {"Node Type": "Index Scan", "Parent Relationship": "Inner", "Scan Direction": "Forward", "Index Name": "movie_id_movie_info", "Relation Name": "movie_info", "Alias": "mi", "Startup Cost": 0.0, "Total Cost": 2.46, "Plan Rows": 1, "Plan Width": 8, "Index Cond": "(movie_id = t.id)", "Filter": "((info)::text = ANY ('{USA,America}'::text[]))"}]}, {"Node Type": "Index Scan", "Parent Relationship": "Inner", "Scan Direction": "Forward", "Index Name": "info_type_pkey", "Relation Name": "info_type", "Alias": "it", "Startup Cost": 0.0, "Total Cost": 0.27, "Plan Rows": 1, "Plan Width": 4, "Index Cond": "(id = mi.info_type_id)"}]}]}, "Unique SQL Id": 328306525, "Planner Runtime": 4}, "explain_analyze_plan": {"Plan": {"Node Type": "Aggregate", "Strategy": "Plain", "Startup Cost": 85293.18, "Total Cost": 85293.19, "Plan Rows": 1, "Plan Width": 49, "Actual Min Startup Time": 153.891, "Actual Max Startup Time": 153.891, "Actual Min Total Time": 153.892, "Actual Max Total Time": 153.892, "Plans": [{"Node Type": "Nested Loop", "Parent Relationship": "Outer", "Join Type": "Inner", "Startup Cost": 0.0, "Total Cost": 85293.12, "Plan Rows": 24, "Plan Width": 17, "Actual Min Startup Time": 153.883, "Actual Max Startup Time": 153.883, "Actual Min Total Time": 153.883, "Actual Max Total Time": 153.883, "Inner Unique": true, "Plans": [{"Node Type": "Nested Loop", "Parent Relationship": "Outer", "Join Type": "Inner", "Startup Cost": 0.0, "Total Cost": 85286.4, "Plan Rows": 24, "Plan Width": 21, "Actual Min Startup Time": 153.881, "Actual Max Startup Time": 153.881, "Actual Min Total Time": 153.881, "Actual Max Total Time": 153.881, "Inner Unique": false, "Plans": [{"Node Type": "Nested Loop", "Parent Relationship": "Outer", "Join Type": "Inner", "Startup Cost": 0.0, "Total Cost": 85207.41, "Plan Rows": 32, "Plan Width": 25, "Actual Min Startup Time": 153.88, "Actual Max Startup Time": 153.88, "Actual Min Total Time": 153.88, "Actual Max Total Time": 153.88, "Inner Unique": true, "Plans": [{"Node Type": "Nested Loop", "Parent Relationship": "Outer", "Join Type": "Inner", "Startup Cost": 0.0, "Total Cost": 84958.94, "Plan Rows": 30, "Plan Width": 4, "Actual Min Startup Time": 153.88, "Actual Max Startup Time": 153.88, "Actual Min Total Time": 153.88, "Actual Max Total Time": 153.88, "Inner Unique": false, "Join Filter": "(ct.id = mc.company_type_id)", "Rows Removed by Join Filter": 1418, "Plans": [{"Node Type": "Index Scan", "Parent Relationship": "Outer", "Scan Direction": "Forward", "Index Name": "company_type_pkey", "Relation Name": "company_type", "Alias": "ct", "Startup Cost": 0.0, "Total Cost": 12.3, "Plan Rows": 1, "Plan Width": 4, "Actual Min Startup Time": 0.047, "Actual Max Startup Time": 0.047, "Actual Min Total Time": 0.052, "Actual Max Total Time": 0.052, "Filter": "((kind)::text = 'production companies'::text)", "Rows Removed by Filter": 2, "Actual Rows": 1}, {"Node Type": "Materialize", "Parent Relationship": "Inner", "Startup Cost": 0.0, "Total Cost": 84946.04, "Plan Rows": 59, "Plan Width": 8, "Actual Min Startup Time": 153.359, "Actual Max Startup Time": 153.359, "Actual Min Total Time": 153.492, "Actual Max Total Time": 153.492, "Plans": [{"Node Type": "Streaming(type: LOCAL GATHER dop: 1/16)", "Parent Relationship": "Outer", "Startup Cost": 0.0, "Total Cost": 84945.9, "Plan Rows": 59, "Plan Width": 8, "Actual Min Startup Time": 69.339, "Actual Max Startup Time": 69.339, "Actual Min Total Time": 153.095, "Actual Max Total Time": 153.095, "Plans": [{"Node Type": "Index Scan", "Parent Relationship": "Outer", "Scan Direction": "Forward", "Index Name": "company_type_id_movie_companies", "Relation Name": "movie_companies", "Alias": "mc", "Startup Cost": 0.0, "Total Cost": 84944.62, "Plan Rows": 59, "Plan Width": 8, "Actual Min Startup Time": 18.666, "Actual Max Startup Time": 91.737, "Actual Min Total Time": 88.45, "Actual Max Total Time": 136.558, "Filter": "(((note)::text ~~ '%(VHS)%'::text) AND ((note)::text ~~ '%(USA)%'::text) AND ((note)::text ~~ '%(1994)%'::text))", "Rows Removed by Filter": 2607710, "Actual Rows": 1418}], "Actual Rows": 1418}], "Actual Rows": 1419}], "Actual Rows": 0}, {"Node Type": "Index Scan", "Parent Relationship": "Inner", "Scan Direction": "Forward", "Index Name": "title_pkey", "Relation Name": "title", "Alias": "t", "Startup Cost": 0.0, "Total Cost": 8.27, "Plan Rows": 1, "Plan Width": 21, "Actual Startup Time": 0.0, "Actual Total Time": 0.0, "Index Cond": "(id = mc.movie_id)", "Rows Removed by Index Recheck": 0, "Filter": "(production_year > 2010)", "Rows Removed by Filter": 0}], "Actual Rows": 0}, {"Node Type": "Index Scan", "Parent Relationship": "Inner", "Scan Direction": "Forward", "Index Name": "movie_id_movie_info", "Relation Name": "movie_info", "Alias": "mi", "Startup Cost": 0.0, "Total Cost": 2.46, "Plan Rows": 1, "Plan Width": 8, "Actual Startup Time": 0.0, "Actual Total Time": 0.0, "Index Cond": "(movie_id = t.id)", "Rows Removed by Index Recheck": 0, "Filter": "((info)::text = ANY ('{USA,America}'::text[]))", "Rows Removed by Filter": 0}], "Actual Rows": 0}, {"Node Type": "Index Scan", "Parent Relationship": "Inner", "Scan Direction": "Forward", "Index Name": "info_type_pkey", "Relation Name": "info_type", "Alias": "it", "Startup Cost": 0.0, "Total Cost": 0.27, "Plan Rows": 1, "Plan Width": 4, "Actual Startup Time": 0.0, "Actual Total Time": 0.0, "Index Cond": "(id = mi.info_type_id)", "Rows Removed by Index Recheck": 0}], "Actual Rows": 0}], "Actual Rows": 1}, "Triggers": [], "Planner Runtime": 9.799, "Total Runtime": 156.415, "Unique SQL Id": 328306525}}, "(16, '118')": {"explain_plan": {"Plan": {"Node Type": "Aggregate", "Strategy": "Plain", "Startup Cost": 19289.21, "Total Cost": 19289.22, "Plan Rows": 1, "Plan Width": 49, "Plans": [{"Node Type": "Nested Loop", "Parent Relationship": "Outer", "Join Type": "Inner", "Startup Cost": 5.13, "Total Cost": 19289.15, "Plan Rows": 24, "Plan Width": 17, "Inner Unique": false, "Join Filter": "(mi.info_type_id = it.id)", "Plans": [{"Node Type": "Seq Scan", "Parent Relationship": "Outer", "Relation Name": "info_type", "Alias": "it", "Startup Cost": 0.0, "Total Cost": 2.12, "Plan Rows": 112, "Plan Width": 4}, {"Node Type": "Materialize", "Parent Relationship": "Inner", "Startup Cost": 5.13, "Total Cost": 19246.77, "Plan Rows": 24, "Plan Width": 21, "Plans": [{"Node Type": "Nested Loop", "Parent Relationship": "Outer", "Join Type": "Inner", "Startup Cost": 5.13, "Total Cost": 19246.65, "Plan Rows": 24, "Plan Width": 21, "Inner Unique": false, "Plans": [{"Node Type": "Nested Loop", "Parent Relationship": "Outer", "Join Type": "Inner", "Startup Cost": 4.26, "Total Cost": 19088.14, "Plan Rows": 32, "Plan Width": 25, "Inner Unique": true, "Plans": [{"Node Type": "Nested Loop", "Parent Relationship": "Outer", "Join Type": "Inner", "Startup Cost": 0.0, "Total Cost": 18839.66, "Plan Rows": 30, "Plan Width": 4, "Inner Unique": false, "Join Filter": "(ct.id = mc.company_type_id)", "Plans": [{"Node Type": "Seq Scan", "Parent Relationship": "Outer", "Relation Name": "company_type", "Alias": "ct", "Startup Cost": 0.0, "Total Cost": 1.04, "Plan Rows": 1, "Plan Width": 4, "Filter": "((kind)::text = 'production companies'::text)"}, {"Node Type": "Materialize", "Parent Relationship": "Inner", "Startup Cost": 0.0, "Total Cost": 18838.03, "Plan Rows": 59, "Plan Width": 8, "Plans": [{"Node Type": "Streaming(type: LOCAL GATHER dop: 1/16)", "Parent Relationship": "Outer", "Startup Cost": 0.0, "Total Cost": 18837.88, "Plan Rows": 59, "Plan Width": 8, "Plans": [{"Node Type": "Seq Scan", "Parent Relationship": "Outer", "Relation Name": "movie_companies", "Alias": "mc", "Startup Cost": 0.0, "Total Cost": 18836.61, "Plan Rows": 59, "Plan Width": 8, "Filter": "(((note)::text ~~ '%(VHS)%'::text) AND ((note)::text ~~ '%(USA)%'::text) AND ((note)::text ~~ '%(1994)%'::text))"}]}]}]}, {"Node Type": "Bitmap Heap Scan", "Parent Relationship": "Inner", "Relation Name": "title", "Alias": "t", "Startup Cost": 4.26, "Total Cost": 8.27, "Plan Rows": 1, "Plan Width": 21, "Recheck Cond": "(id = mc.movie_id)", "Filter": "(production_year > 2010)", "Plans": [{"Node Type": "Bitmap Index Scan", "Parent Relationship": "Outer", "Index Name": "title_pkey", "Startup Cost": 0.0, "Total Cost": 4.26, "Plan Rows": 1, "Plan Width": 0, "Index Cond": "(id = mc.movie_id)"}]}]}, {"Node Type": "Bitmap Heap Scan", "Parent Relationship": "Inner", "Relation Name": "movie_info", "Alias": "mi", "Startup Cost": 0.87, "Total Cost": 4.94, "Plan Rows": 1, "Plan Width": 8, "Recheck Cond": "(movie_id = t.id)", "Filter": "((info)::text = ANY ('{USA,America}'::text[]))", "Plans": [{"Node Type": "Bitmap Index Scan", "Parent Relationship": "Outer", "Index Name": "movie_id_movie_info", "Startup Cost": 0.0, "Total Cost": 0.87, "Plan Rows": 5, "Plan Width": 0, "Index Cond": "(movie_id = t.id)"}]}]}]}]}]}, "Unique SQL Id": 328306525, "Planner Runtime": 4}, "explain_analyze_plan": {"Plan": {"Node Type": "Aggregate", "Strategy": "Plain", "Startup Cost": 19289.21, "Total Cost": 19289.22, "Plan Rows": 1, "Plan Width": 49, "Actual Min Startup Time": 79.845, "Actual Max Startup Time": 79.845, "Actual Min Total Time": 79.845, "Actual Max Total Time": 79.845, "Plans": [{"Node Type": "Nested Loop", "Parent Relationship": "Outer", "Join Type": "Inner", "Startup Cost": 5.13, "Total Cost": 19289.15, "Plan Rows": 24, "Plan Width": 17, "Actual Min Startup Time": 79.836, "Actual Max Startup Time": 79.836, "Actual Min Total Time": 79.836, "Actual Max Total Time": 79.836, "Inner Unique": false, "Join Filter": "(mi.info_type_id = it.id)", "Rows Removed by Join Filter": 0, "Plans": [{"Node Type": "Seq Scan", "Parent Relationship": "Outer", "Relation Name": "info_type", "Alias": "it", "Startup Cost": 0.0, "Total Cost": 2.12, "Plan Rows": 112, "Plan Width": 4, "Actual Min Startup Time": 0.032, "Actual Max Startup Time": 0.032, "Actual Min Total Time": 0.05, "Actual Max Total Time": 0.05, "Actual Rows": 112}, {"Node Type": "Materialize", "Parent Relationship": "Inner", "Startup Cost": 5.13, "Total Cost": 19246.77, "Plan Rows": 24, "Plan Width": 21, "Actual Min Startup Time": 79.761, "Actual Max Startup Time": 79.761, "Actual Min Total Time": 79.761, "Actual Max Total Time": 79.761, "Plans": [{"Node Type": "Nested Loop", "Parent Relationship": "Outer", "Join Type": "Inner", "Startup Cost": 5.13, "Total Cost": 19246.65, "Plan Rows": 24, "Plan Width": 21, "Actual Min Startup Time": 79.749, "Actual Max Startup Time": 79.749, "Actual Min Total Time": 79.749, "Actual Max Total Time": 79.749, "Inner Unique": false, "Plans": [{"Node Type": "Nested Loop", "Parent Relationship": "Outer", "Join Type": "Inner", "Startup Cost": 4.26, "Total Cost": 19088.14, "Plan Rows": 32, "Plan Width": 25, "Actual Min Startup Time": 79.748, "Actual Max Startup Time": 79.748, "Actual Min Total Time": 79.748, "Actual Max Total Time": 79.748, "Inner Unique": true, "Plans": [{"Node Type": "Nested Loop", "Parent Relationship": "Outer", "Join Type": "Inner", "Startup Cost": 0.0, "Total Cost": 18839.66, "Plan Rows": 30, "Plan Width": 4, "Actual Min Startup Time": 79.747, "Actual Max Startup Time": 79.747, "Actual Min Total Time": 79.747, "Actual Max Total Time": 79.747, "Inner Unique": false, "Join Filter": "(ct.id = mc.company_type_id)", "Rows Removed by Join Filter": 1418, "Plans": [{"Node Type": "Seq Scan", "Parent Relationship": "Outer", "Relation Name": "company_type", "Alias": "ct", "Startup Cost": 0.0, "Total Cost": 1.04, "Plan Rows": 1, "Plan Width": 4, "Actual Min Startup Time": 0.041, "Actual Max Startup Time": 0.041, "Actual Min Total Time": 0.044, "Actual Max Total Time": 0.044, "Filter": "((kind)::text = 'production companies'::text)", "Rows Removed by Filter": 2, "Actual Rows": 1}, {"Node Type": "Materialize", "Parent Relationship": "Inner", "Startup Cost": 0.0, "Total Cost": 18838.03, "Plan Rows": 59, "Plan Width": 8, "Actual Min Startup Time": 79.237, "Actual Max Startup Time": 79.237, "Actual Min Total Time": 79.366, "Actual Max Total Time": 79.366, "Plans": [{"Node Type": "Streaming(type: LOCAL GATHER dop: 1/16)", "Parent Relationship": "Outer", "Startup Cost": 0.0, "Total Cost": 18837.88, "Plan Rows": 59, "Plan Width": 8, "Actual Min Startup Time": 41.667, "Actual Max Startup Time": 41.667, "Actual Min Total Time": 78.971, "Actual Max Total Time": 78.971, "Plans": [{"Node Type": "Seq Scan", "Parent Relationship": "Outer", "Relation Name": "movie_companies", "Alias": "mc", "Startup Cost": 0.0, "Total Cost": 18836.61, "Plan Rows": 59, "Plan Width": 8, "Actual Min Startup Time": 0.983, "Actual Max Startup Time": 12.222, "Actual Min Total Time": 54.232, "Actual Max Total Time": 60.749, "Filter": "(((note)::text ~~ '%(VHS)%'::text) AND ((note)::text ~~ '%(USA)%'::text) AND ((note)::text ~~ '%(1994)%'::text))", "Rows Removed by Filter": 2607710, "Actual Rows": 1418}], "Actual Rows": 1418}], "Actual Rows": 1419}], "Actual Rows": 0}, {"Node Type": "Bitmap Heap Scan", "Parent Relationship": "Inner", "Relation Name": "title", "Alias": "t", "Startup Cost": 4.26, "Total Cost": 8.27, "Plan Rows": 1, "Plan Width": 21, "Actual Startup Time": 0.0, "Actual Total Time": 0.0, "Recheck Cond": "(id = mc.movie_id)", "Rows Removed by Index Recheck": 0, "Filter": "(production_year > 2010)", "Rows Removed by Filter": 0, "Exact Heap Blocks": 0, "Lossy Heap Blocks": 0, "Plans": [{"Node Type": "Bitmap Index Scan", "Parent Relationship": "Outer", "Index Name": "title_pkey", "Startup Cost": 0.0, "Total Cost": 4.26, "Plan Rows": 1, "Plan Width": 0, "Actual Startup Time": 0.0, "Actual Total Time": 0.0, "Index Cond": "(id = mc.movie_id)"}]}], "Actual Rows": 0}, {"Node Type": "Bitmap Heap Scan", "Parent Relationship": "Inner", "Relation Name": "movie_info", "Alias": "mi", "Startup Cost": 0.87, "Total Cost": 4.94, "Plan Rows": 1, "Plan Width": 8, "Actual Startup Time": 0.0, "Actual Total Time": 0.0, "Recheck Cond": "(movie_id = t.id)", "Rows Removed by Index Recheck": 0, "Filter": "((info)::text = ANY ('{USA,America}'::text[]))", "Rows Removed by Filter": 0, "Exact Heap Blocks": 0, "Lossy Heap Blocks": 0, "Plans": [{"Node Type": "Bitmap Index Scan", "Parent Relationship": "Outer", "Index Name": "movie_id_movie_info", "Startup Cost": 0.0, "Total Cost": 0.87, "Plan Rows": 5, "Plan Width": 0, "Actual Startup Time": 0.0, "Actual Total Time": 0.0, "Index Cond": "(movie_id = t.id)"}]}], "Actual Rows": 0}], "Actual Rows": 0}], "Actual Rows": 0}], "Actual Rows": 1}, "Triggers": [], "Planner Runtime": 11.234, "Total Runtime": 82.33, "Unique SQL Id": 328306525}}, "(16, '119')": {"explain_plan": {"Plan": {"Node Type": "Aggregate", "Strategy": "Plain", "Startup Cost": 71749.13, "Total Cost": 71749.14, "Plan Rows": 1, "Plan Width": 49, "Plans": [{"Node Type": "Nested Loop", "Parent Relationship": "Outer", "Join Type": "Inner", "Startup Cost": 28957.62, "Total Cost": 71749.07, "Plan Rows": 24, "Plan Width": 17, "Inner Unique": true, "Plans": [{"Node Type": "Nested Loop", "Parent Relationship": "Outer", "Join Type": "Inner", "Startup Cost": 28957.36, "Total Cost": 71646.35, "Plan Rows": 24, "Plan Width": 21, "Inner Unique": true, "Plans": [{"Node Type": "Nested Loop", "Parent Relationship": "Outer", "Join Type": "Inner", "Startup Cost": 28957.04, "Total Cost": 71502.93, "Plan Rows": 33, "Plan Width": 12, "Inner Unique": false, "Plans": [{"Node Type": "Nested Loop", "Parent Relationship": "Outer", "Join Type": "Inner", "Startup Cost": 28952.75, "Total Cost": 70774.36, "Plan Rows": 30, "Plan Width": 4, "Inner Unique": false, "Plans": [{"Node Type": "Bitmap Heap Scan", "Parent Relationship": "Outer", "Relation Name": "company_type", "Alias": "ct", "Startup Cost": 8.27, "Total Cost": 12.3, "Plan Rows": 1, "Plan Width": 4, "Filter": "((kind)::text = 'production companies'::text)", "Plans": [{"Node Type": "Bitmap Index Scan", "Parent Relationship": "Outer", "Index Name": "company_type_pkey", "Startup Cost": 0.0, "Total Cost": 8.27, "Plan Rows": 3, "Plan Width": 0}]}, {"Node Type": "Bitmap Heap Scan", "Parent Relationship": "Inner", "Relation Name": "movie_companies", "Alias": "mc", "Startup Cost": 28944.49, "Total Cost": 70761.77, "Plan Rows": 29, "Plan Width": 8, "Recheck Cond": "(company_type_id = ct.id)", "Filter": "(((note)::text ~~ '%(VHS)%'::text) AND ((note)::text ~~ '%(USA)%'::text) AND ((note)::text ~~ '%(1994)%'::text))", "Plans": [{"Node Type": "Bitmap Index Scan", "Parent Relationship": "Outer", "Index Name": "company_type_id_movie_companies", "Startup Cost": 0.0, "Total Cost": 28944.48, "Plan Rows": 1304564, "Plan Width": 0, "Index Cond": "(company_type_id = ct.id)"}]}]}, {"Node Type": "Bitmap Heap Scan", "Parent Relationship": "Inner", "Relation Name": "movie_info", "Alias": "mi", "Startup Cost": 4.29, "Total Cost": 24.28, "Plan Rows": 1, "Plan Width": 8, "Recheck Cond": "(movie_id = mc.movie_id)", "Filter": "((info)::text = ANY ('{USA,America}'::text[]))", "Plans": [{"Node Type": "Bitmap Index Scan", "Parent Relationship": "Outer", "Index Name": "movie_id_movie_info", "Startup Cost": 0.0, "Total Cost": 4.29, "Plan Rows": 5, "Plan Width": 0, "Index Cond": "(movie_id = mc.movie_id)"}]}]}, {"Node Type": "Bitmap Heap Scan", "Parent Relationship": "Inner", "Relation Name": "title", "Alias": "t", "Startup Cost": 0.32, "Total Cost": 4.34, "Plan Rows": 1, "Plan Width": 21, "Recheck Cond": "(id = mi.movie_id)", "Filter": "(production_year > 2010)", "Plans": [{"Node Type": "Bitmap Index Scan", "Parent Relationship": "Outer", "Index Name": "title_pkey", "Startup Cost": 0.0, "Total Cost": 0.32, "Plan Rows": 1, "Plan Width": 0, "Index Cond": "(id = mi.movie_id)"}]}]}, {"Node Type": "Bitmap Heap Scan", "Parent Relationship": "Inner", "Relation Name": "info_type", "Alias": "it", "Startup Cost": 0.26, "Total Cost": 4.27, "Plan Rows": 1, "Plan Width": 4, "Recheck Cond": "(id = mi.info_type_id)", "Plans": [{"Node Type": "Bitmap Index Scan", "Parent Relationship": "Outer", "Index Name": "info_type_pkey", "Startup Cost": 0.0, "Total Cost": 0.26, "Plan Rows": 1, "Plan Width": 0, "Index Cond": "(id = mi.info_type_id)"}]}]}]}, "Unique SQL Id": 328306525, "Planner Runtime": 3}, "explain_analyze_plan": null}, "(16, '120')": {"explain_plan": {"Plan": {"Node Type": "Aggregate", "Strategy": "Plain", "Startup Cost": 19173.9, "Total Cost": 19173.91, "Plan Rows": 1, "Plan Width": 49, "Plans": [{"Node Type": "Nested Loop", "Parent Relationship": "Outer", "Join Type": "Inner", "Startup Cost": 0.0, "Total Cost": 19173.84, "Plan Rows": 24, "Plan Width": 17, "Inner Unique": true, "Plans": [{"Node Type": "Nested Loop", "Parent Relationship": "Outer", "Join Type": "Inner", "Startup Cost": 0.0, "Total Cost": 19167.12, "Plan Rows": 24, "Plan Width": 21, "Inner Unique": false, "Plans": [{"Node Type": "Nested Loop", "Parent Relationship": "Outer", "Join Type": "Inner", "Startup Cost": 0.0, "Total Cost": 19088.13, "Plan Rows": 32, "Plan Width": 25, "Inner Unique": true, "Plans": [{"Node Type": "Nested Loop", "Parent Relationship": "Outer", "Join Type": "Inner", "Startup Cost": 0.0, "Total Cost": 18839.66, "Plan Rows": 30, "Plan Width": 4, "Inner Unique": false, "Join Filter": "(ct.id = mc.company_type_id)", "Plans": [{"Node Type": "Seq Scan", "Parent Relationship": "Outer", "Relation Name": "company_type", "Alias": "ct", "Startup Cost": 0.0, "Total Cost": 1.04, "Plan Rows": 1, "Plan Width": 4, "Filter": "((kind)::text = 'production companies'::text)"}, {"Node Type": "Materialize", "Parent Relationship": "Inner", "Startup Cost": 0.0, "Total Cost": 18838.03, "Plan Rows": 59, "Plan Width": 8, "Plans": [{"Node Type": "Streaming(type: LOCAL GATHER dop: 1/16)", "Parent Relationship": "Outer", "Startup Cost": 0.0, "Total Cost": 18837.88, "Plan Rows": 59, "Plan Width": 8, "Plans": [{"Node Type": "Seq Scan", "Parent Relationship": "Outer", "Relation Name": "movie_companies", "Alias": "mc", "Startup Cost": 0.0, "Total Cost": 18836.61, "Plan Rows": 59, "Plan Width": 8, "Filter": "(((note)::text ~~ '%(VHS)%'::text) AND ((note)::text ~~ '%(USA)%'::text) AND ((note)::text ~~ '%(1994)%'::text))"}]}]}]}, {"Node Type": "Index Scan", "Parent Relationship": "Inner", "Scan Direction": "Forward", "Index Name": "title_pkey", "Relation Name": "title", "Alias": "t", "Startup Cost": 0.0, "Total Cost": 8.27, "Plan Rows": 1, "Plan Width": 21, "Index Cond": "(id = mc.movie_id)", "Filter": "(production_year > 2010)"}]}, {"Node Type": "Index Scan", "Parent Relationship": "Inner", "Scan Direction": "Forward", "Index Name": "movie_id_movie_info", "Relation Name": "movie_info", "Alias": "mi", "Startup Cost": 0.0, "Total Cost": 2.46, "Plan Rows": 1, "Plan Width": 8, "Index Cond": "(movie_id = t.id)", "Filter": "((info)::text = ANY ('{USA,America}'::text[]))"}]}, {"Node Type": "Index Only Scan", "Parent Relationship": "Inner", "Scan Direction": "Forward", "Index Name": "info_type_pkey", "Relation Name": "info_type", "Alias": "it", "Startup Cost": 0.0, "Total Cost": 0.27, "Plan Rows": 1, "Plan Width": 4, "Index Cond": "(id = mi.info_type_id)"}]}]}, "Unique SQL Id": 328306525, "Planner Runtime": 3}, "explain_analyze_plan": {"Plan": {"Node Type": "Aggregate", "Strategy": "Plain", "Startup Cost": 19173.9, "Total Cost": 19173.91, "Plan Rows": 1, "Plan Width": 49, "Actual Min Startup Time": 83.27, "Actual Max Startup Time": 83.27, "Actual Min Total Time": 83.271, "Actual Max Total Time": 83.271, "Plans": [{"Node Type": "Nested Loop", "Parent Relationship": "Outer", "Join Type": "Inner", "Startup Cost": 0.0, "Total Cost": 19173.84, "Plan Rows": 24, "Plan Width": 17, "Actual Min Startup Time": 83.259, "Actual Max Startup Time": 83.259, "Actual Min Total Time": 83.259, "Actual Max Total Time": 83.259, "Inner Unique": true, "Plans": [{"Node Type": "Nested Loop", "Parent Relationship": "Outer", "Join Type": "Inner", "Startup Cost": 0.0, "Total Cost": 19167.12, "Plan Rows": 24, "Plan Width": 21, "Actual Min Startup Time": 83.257, "Actual Max Startup Time": 83.257, "Actual Min Total Time": 83.257, "Actual Max Total Time": 83.257, "Inner Unique": false, "Plans": [{"Node Type": "Nested Loop", "Parent Relationship": "Outer", "Join Type": "Inner", "Startup Cost": 0.0, "Total Cost": 19088.13, "Plan Rows": 32, "Plan Width": 25, "Actual Min Startup Time": 83.256, "Actual Max Startup Time": 83.256, "Actual Min Total Time": 83.256, "Actual Max Total Time": 83.256, "Inner Unique": true, "Plans": [{"Node Type": "Nested Loop", "Parent Relationship": "Outer", "Join Type": "Inner", "Startup Cost": 0.0, "Total Cost": 18839.66, "Plan Rows": 30, "Plan Width": 4, "Actual Min Startup Time": 83.256, "Actual Max Startup Time": 83.256, "Actual Min Total Time": 83.256, "Actual Max Total Time": 83.256, "Inner Unique": false, "Join Filter": "(ct.id = mc.company_type_id)", "Rows Removed by Join Filter": 1418, "Plans": [{"Node Type": "Seq Scan", "Parent Relationship": "Outer", "Relation Name": "company_type", "Alias": "ct", "Startup Cost": 0.0, "Total Cost": 1.04, "Plan Rows": 1, "Plan Width": 4, "Actual Min Startup Time": 0.047, "Actual Max Startup Time": 0.047, "Actual Min Total Time": 0.05, "Actual Max Total Time": 0.05, "Filter": "((kind)::text = 'production companies'::text)", "Rows Removed by Filter": 2, "Actual Rows": 1}, {"Node Type": "Materialize", "Parent Relationship": "Inner", "Startup Cost": 0.0, "Total Cost": 18838.03, "Plan Rows": 59, "Plan Width": 8, "Actual Min Startup Time": 82.738, "Actual Max Startup Time": 82.738, "Actual Min Total Time": 82.874, "Actual Max Total Time": 82.874, "Plans": [{"Node Type": "Streaming(type: LOCAL GATHER dop: 1/16)", "Parent Relationship": "Outer", "Startup Cost": 0.0, "Total Cost": 18837.88, "Plan Rows": 59, "Plan Width": 8, "Actual Min Startup Time": 41.394, "Actual Max Startup Time": 41.394, "Actual Min Total Time": 82.488, "Actual Max Total Time": 82.488, "Plans": [{"Node Type": "Seq Scan", "Parent Relationship": "Outer", "Relation Name": "movie_companies", "Alias": "mc", "Startup Cost": 0.0, "Total Cost": 18836.61, "Plan Rows": 59, "Plan Width": 8, "Actual Min Startup Time": 0.994, "Actual Max Startup Time": 12.189, "Actual Min Total Time": 54.261, "Actual Max Total Time": 60.78, "Filter": "(((note)::text ~~ '%(VHS)%'::text) AND ((note)::text ~~ '%(USA)%'::text) AND ((note)::text ~~ '%(1994)%'::text))", "Rows Removed by Filter": 2607710, "Actual Rows": 1418}], "Actual Rows": 1418}], "Actual Rows": 1419}], "Actual Rows": 0}, {"Node Type": "Index Scan", "Parent Relationship": "Inner", "Scan Direction": "Forward", "Index Name": "title_pkey", "Relation Name": "title", "Alias": "t", "Startup Cost": 0.0, "Total Cost": 8.27, "Plan Rows": 1, "Plan Width": 21, "Actual Startup Time": 0.0, "Actual Total Time": 0.0, "Index Cond": "(id = mc.movie_id)", "Rows Removed by Index Recheck": 0, "Filter": "(production_year > 2010)", "Rows Removed by Filter": 0}], "Actual Rows": 0}, {"Node Type": "Index Scan", "Parent Relationship": "Inner", "Scan Direction": "Forward", "Index Name": "movie_id_movie_info", "Relation Name": "movie_info", "Alias": "mi", "Startup Cost": 0.0, "Total Cost": 2.46, "Plan Rows": 1, "Plan Width": 8, "Actual Startup Time": 0.0, "Actual Total Time": 0.0, "Index Cond": "(movie_id = t.id)", "Rows Removed by Index Recheck": 0, "Filter": "((info)::text = ANY ('{USA,America}'::text[]))", "Rows Removed by Filter": 0}], "Actual Rows": 0}, {"Node Type": "Index Only Scan", "Parent Relationship": "Inner", "Scan Direction": "Forward", "Index Name": "info_type_pkey", "Relation Name": "info_type", "Alias": "it", "Startup Cost": 0.0, "Total Cost": 0.27, "Plan Rows": 1, "Plan Width": 4, "Actual Startup Time": 0.0, "Actual Total Time": 0.0, "Index Cond": "(id = mi.info_type_id)", "Rows Removed by Index Recheck": 0, "Heap Fetches": 0}], "Actual Rows": 0}], "Actual Rows": 1}, "Triggers": [], "Planner Runtime": 10.123, "Total Runtime": 85.75, "Unique SQL Id": 328306525}}, "(16, '121')": {"explain_plan": {"Plan": {"Node Type": "Aggregate", "Strategy": "Plain", "Startup Cost": 85293.18, "Total Cost": 85293.19, "Plan Rows": 1, "Plan Width": 49, "Plans": [{"Node Type": "Nested Loop", "Parent Relationship": "Outer", "Join Type": "Inner", "Startup Cost": 0.0, "Total Cost": 85293.12, "Plan Rows": 24, "Plan Width": 17, "Inner Unique": true, "Plans": [{"Node Type": "Nested Loop", "Parent Relationship": "Outer", "Join Type": "Inner", "Startup Cost": 0.0, "Total Cost": 85286.4, "Plan Rows": 24, "Plan Width": 21, "Inner Unique": false, "Plans": [{"Node Type": "Nested Loop", "Parent Relationship": "Outer", "Join Type": "Inner", "Startup Cost": 0.0, "Total Cost": 85207.41, "Plan Rows": 32, "Plan Width": 25, "Inner Unique": true, "Plans": [{"Node Type": "Nested Loop", "Parent Relationship": "Outer", "Join Type": "Inner", "Startup Cost": 0.0, "Total Cost": 84958.94, "Plan Rows": 30, "Plan Width": 4, "Inner Unique": false, "Join Filter": "(ct.id = mc.company_type_id)", "Plans": [{"Node Type": "Index Scan", "Parent Relationship": "Outer", "Scan Direction": "Forward", "Index Name": "company_type_pkey", "Relation Name": "company_type", "Alias": "ct", "Startup Cost": 0.0, "Total Cost": 12.3, "Plan Rows": 1, "Plan Width": 4, "Filter": "((kind)::text = 'production companies'::text)"}, {"Node Type": "Materialize", "Parent Relationship": "Inner", "Startup Cost": 0.0, "Total Cost": 84946.04, "Plan Rows": 59, "Plan Width": 8, "Plans": [{"Node Type": "Streaming(type: LOCAL GATHER dop: 1/16)", "Parent Relationship": "Outer", "Startup Cost": 0.0, "Total Cost": 84945.9, "Plan Rows": 59, "Plan Width": 8, "Plans": [{"Node Type": "Index Scan", "Parent Relationship": "Outer", "Scan Direction": "Forward", "Index Name": "company_type_id_movie_companies", "Relation Name": "movie_companies", "Alias": "mc", "Startup Cost": 0.0, "Total Cost": 84944.62, "Plan Rows": 59, "Plan Width": 8, "Filter": "(((note)::text ~~ '%(VHS)%'::text) AND ((note)::text ~~ '%(USA)%'::text) AND ((note)::text ~~ '%(1994)%'::text))"}]}]}]}, {"Node Type": "Index Scan", "Parent Relationship": "Inner", "Scan Direction": "Forward", "Index Name": "title_pkey", "Relation Name": "title", "Alias": "t", "Startup Cost": 0.0, "Total Cost": 8.27, "Plan Rows": 1, "Plan Width": 21, "Index Cond": "(id = mc.movie_id)", "Filter": "(production_year > 2010)"}]}, {"Node Type": "Index Scan", "Parent Relationship": "Inner", "Scan Direction": "Forward", "Index Name": "movie_id_movie_info", "Relation Name": "movie_info", "Alias": "mi", "Startup Cost": 0.0, "Total Cost": 2.46, "Plan Rows": 1, "Plan Width": 8, "Index Cond": "(movie_id = t.id)", "Filter": "((info)::text = ANY ('{USA,America}'::text[]))"}]}, {"Node Type": "Index Only Scan", "Parent Relationship": "Inner", "Scan Direction": "Forward", "Index Name": "info_type_pkey", "Relation Name": "info_type", "Alias": "it", "Startup Cost": 0.0, "Total Cost": 0.27, "Plan Rows": 1, "Plan Width": 4, "Index Cond": "(id = mi.info_type_id)"}]}]}, "Unique SQL Id": 328306525, "Planner Runtime": 3}, "explain_analyze_plan": {"Plan": {"Node Type": "Aggregate", "Strategy": "Plain", "Startup Cost": 85293.18, "Total Cost": 85293.19, "Plan Rows": 1, "Plan Width": 49, "Actual Min Startup Time": 150.989, "Actual Max Startup Time": 150.989, "Actual Min Total Time": 150.989, "Actual Max Total Time": 150.989, "Plans": [{"Node Type": "Nested Loop", "Parent Relationship": "Outer", "Join Type": "Inner", "Startup Cost": 0.0, "Total Cost": 85293.12, "Plan Rows": 24, "Plan Width": 17, "Actual Min Startup Time": 150.979, "Actual Max Startup Time": 150.979, "Actual Min Total Time": 150.979, "Actual Max Total Time": 150.979, "Inner Unique": true, "Plans": [{"Node Type": "Nested Loop", "Parent Relationship": "Outer", "Join Type": "Inner", "Startup Cost": 0.0, "Total Cost": 85286.4, "Plan Rows": 24, "Plan Width": 21, "Actual Min Startup Time": 150.977, "Actual Max Startup Time": 150.977, "Actual Min Total Time": 150.977, "Actual Max Total Time": 150.977, "Inner Unique": false, "Plans": [{"Node Type": "Nested Loop", "Parent Relationship": "Outer", "Join Type": "Inner", "Startup Cost": 0.0, "Total Cost": 85207.41, "Plan Rows": 32, "Plan Width": 25, "Actual Min Startup Time": 150.977, "Actual Max Startup Time": 150.977, "Actual Min Total Time": 150.977, "Actual Max Total Time": 150.977, "Inner Unique": true, "Plans": [{"Node Type": "Nested Loop", "Parent Relationship": "Outer", "Join Type": "Inner", "Startup Cost": 0.0, "Total Cost": 84958.94, "Plan Rows": 30, "Plan Width": 4, "Actual Min Startup Time": 150.976, "Actual Max Startup Time": 150.976, "Actual Min Total Time": 150.976, "Actual Max Total Time": 150.976, "Inner Unique": false, "Join Filter": "(ct.id = mc.company_type_id)", "Rows Removed by Join Filter": 1418, "Plans": [{"Node Type": "Index Scan", "Parent Relationship": "Outer", "Scan Direction": "Forward", "Index Name": "company_type_pkey", "Relation Name": "company_type", "Alias": "ct", "Startup Cost": 0.0, "Total Cost": 12.3, "Plan Rows": 1, "Plan Width": 4, "Actual Min Startup Time": 0.046, "Actual Max Startup Time": 0.046, "Actual Min Total Time": 0.05, "Actual Max Total Time": 0.05, "Filter": "((kind)::text = 'production companies'::text)", "Rows Removed by Filter": 2, "Actual Rows": 1}, {"Node Type": "Materialize", "Parent Relationship": "Inner", "Startup Cost": 0.0, "Total Cost": 84946.04, "Plan Rows": 59, "Plan Width": 8, "Actual Min Startup Time": 150.438, "Actual Max Startup Time": 150.438, "Actual Min Total Time": 150.602, "Actual Max Total Time": 150.602, "Plans": [{"Node Type": "Streaming(type: LOCAL GATHER dop: 1/16)", "Parent Relationship": "Outer", "Startup Cost": 0.0, "Total Cost": 84945.9, "Plan Rows": 59, "Plan Width": 8, "Actual Min Startup Time": 66.76, "Actual Max Startup Time": 66.76, "Actual Min Total Time": 150.176, "Actual Max Total Time": 150.176, "Plans": [{"Node Type": "Index Scan", "Parent Relationship": "Outer", "Scan Direction": "Forward", "Index Name": "company_type_id_movie_companies", "Relation Name": "movie_companies", "Alias": "mc", "Startup Cost": 0.0, "Total Cost": 84944.62, "Plan Rows": 59, "Plan Width": 8, "Actual Min Startup Time": 16.096, "Actual Max Startup Time": 90.09, "Actual Min Total Time": 86.621, "Actual Max Total Time": 133.227, "Filter": "(((note)::text ~~ '%(VHS)%'::text) AND ((note)::text ~~ '%(USA)%'::text) AND ((note)::text ~~ '%(1994)%'::text))", "Rows Removed by Filter": 2607710, "Actual Rows": 1418}], "Actual Rows": 1418}], "Actual Rows": 1419}], "Actual Rows": 0}, {"Node Type": "Index Scan", "Parent Relationship": "Inner", "Scan Direction": "Forward", "Index Name": "title_pkey", "Relation Name": "title", "Alias": "t", "Startup Cost": 0.0, "Total Cost": 8.27, "Plan Rows": 1, "Plan Width": 21, "Actual Startup Time": 0.0, "Actual Total Time": 0.0, "Index Cond": "(id = mc.movie_id)", "Rows Removed by Index Recheck": 0, "Filter": "(production_year > 2010)", "Rows Removed by Filter": 0}], "Actual Rows": 0}, {"Node Type": "Index Scan", "Parent Relationship": "Inner", "Scan Direction": "Forward", "Index Name": "movie_id_movie_info", "Relation Name": "movie_info", "Alias": "mi", "Startup Cost": 0.0, "Total Cost": 2.46, "Plan Rows": 1, "Plan Width": 8, "Actual Startup Time": 0.0, "Actual Total Time": 0.0, "Index Cond": "(movie_id = t.id)", "Rows Removed by Index Recheck": 0, "Filter": "((info)::text = ANY ('{USA,America}'::text[]))", "Rows Removed by Filter": 0}], "Actual Rows": 0}, {"Node Type": "Index Only Scan", "Parent Relationship": "Inner", "Scan Direction": "Forward", "Index Name": "info_type_pkey", "Relation Name": "info_type", "Alias": "it", "Startup Cost": 0.0, "Total Cost": 0.27, "Plan Rows": 1, "Plan Width": 4, "Actual Startup Time": 0.0, "Actual Total Time": 0.0, "Index Cond": "(id = mi.info_type_id)", "Rows Removed by Index Recheck": 0, "Heap Fetches": 0}], "Actual Rows": 0}], "Actual Rows": 1}, "Triggers": [], "Planner Runtime": 9.823, "Total Runtime": 153.389, "Unique SQL Id": 328306525}}, "(16, '122')": {"explain_plan": {"Plan": {"Node Type": "Aggregate", "Strategy": "Plain", "Startup Cost": 132485.55, "Total Cost": 132485.56, "Plan Rows": 1, "Plan Width": 49, "Plans": [{"Node Type": "Nested Loop", "Parent Relationship": "Outer", "Join Type": "Inner", "Startup Cost": 0.0, "Total Cost": 132485.49, "Plan Rows": 24, "Plan Width": 17, "Inner Unique": false, "Join Filter": "(mi.info_type_id = it.id)", "Plans": [{"Node Type": "Seq Scan", "Parent Relationship": "Outer", "Relation Name": "info_type", "Alias": "it", "Startup Cost": 0.0, "Total Cost": 2.12, "Plan Rows": 112, "Plan Width": 4}, {"Node Type": "Materialize", "Parent Relationship": "Inner", "Startup Cost": 0.0, "Total Cost": 132443.11, "Plan Rows": 24, "Plan Width": 21, "Plans": [{"Node Type": "Streaming(type: LOCAL GATHER dop: 1/16)", "Parent Relationship": "Outer", "Startup Cost": 0.0, "Total Cost": 132442.99, "Plan Rows": 24, "Plan Width": 21, "Plans": [{"Node Type": "Nested Loop", "Parent Relationship": "Outer", "Join Type": "Inner", "Startup Cost": 0.0, "Total Cost": 132442.47, "Plan Rows": 24, "Plan Width": 21, "Inner Unique": false, "Join Filter": "(t.id = mi.movie_id)", "Plans": [{"Node Type": "Seq Scan", "Parent Relationship": "Outer", "Relation Name": "movie_info", "Alias": "mi", "Startup Cost": 0.0, "Total Cost": 35885.16, "Plan Rows": 584897, "Plan Width": 8, "Filter": "((info)::text = ANY ('{USA,America}'::text[]))"}, {"Node Type": "Materialize", "Parent Relationship": "Inner", "Startup Cost": 0.0, "Total Cost": 79010.48, "Plan Rows": 512, "Plan Width": 25, "Plans": [{"Node Type": "Streaming(type: BROADCAST dop: 16/16)", "Parent Relationship": "Outer", "Startup Cost": 0.0, "Total Cost": 79010.32, "Plan Rows": 512, "Plan Width": 25, "Plans": [{"Node Type": "Nested Loop", "Parent Relationship": "Outer", "Join Type": "Inner", "Startup Cost": 0.0, "Total Cost": 64009.02, "Plan Rows": 32, "Plan Width": 25, "Inner Unique": false, "Join Filter": "(mc.movie_id = t.id)", "Plans": [{"Node Type": "Seq Scan", "Parent Relationship": "Outer", "Relation Name": "title", "Alias": "t", "Startup Cost": 0.0, "Total Cost": 19149.37, "Plan Rows": 391451, "Plan Width": 21, "Filter": "(production_year > 2010), (LLVM Optimized)"}, {"Node Type": "Materialize", "Parent Relationship": "Inner", "Startup Cost": 0.0, "Total Cost": 33850.17, "Plan Rows": 480, "Plan Width": 4, "Plans": [{"Node Type": "Streaming(type: BROADCAST dop: 16/1)", "Parent Relationship": "Outer", "Startup Cost": 0.0, "Total Cost": 33850.02, "Plan Rows": 480, "Plan Width": 4, "Plans": [{"Node Type": "Nested Loop", "Parent Relationship": "Outer", "Join Type": "Inner", "Startup Cost": 0.0, "Total Cost": 18839.66, "Plan Rows": 30, "Plan Width": 4, "Inner Unique": false, "Join Filter": "(ct.id = mc.company_type_id)", "Plans": [{"Node Type": "Seq Scan", "Parent Relationship": "Outer", "Relation Name": "company_type", "Alias": "ct", "Startup Cost": 0.0, "Total Cost": 1.04, "Plan Rows": 1, "Plan Width": 4, "Filter": "((kind)::text = 'production companies'::text)"}, {"Node Type": "Materialize", "Parent Relationship": "Inner", "Startup Cost": 0.0, "Total Cost": 18838.03, "Plan Rows": 59, "Plan Width": 8, "Plans": [{"Node Type": "Streaming(type: LOCAL GATHER dop: 1/16)", "Parent Relationship": "Outer", "Startup Cost": 0.0, "Total Cost": 18837.88, "Plan Rows": 59, "Plan Width": 8, "Plans": [{"Node Type": "Seq Scan", "Parent Relationship": "Outer", "Relation Name": "movie_companies", "Alias": "mc", "Startup Cost": 0.0, "Total Cost": 18836.61, "Plan Rows": 59, "Plan Width": 8, "Filter": "(((note)::text ~~ '%(VHS)%'::text) AND ((note)::text ~~ '%(USA)%'::text) AND ((note)::text ~~ '%(1994)%'::text))"}]}]}]}]}]}]}]}]}]}]}]}]}]}, "Unique SQL Id": 328306525, "Planner Runtime": 4}, "explain_analyze_plan": null}, "(16, '123')": {"explain_plan": {"Plan": {"Node Type": "Aggregate", "Strategy": "Plain", "Startup Cost": 5000130950084.58, "Total Cost": 5000130950084.59, "Plan Rows": 1, "Plan Width": 49, "Plans": [{"Node Type": "Nested Loop", "Parent Relationship": "Outer", "Join Type": "Inner", "Startup Cost": 50000000000.0, "Total Cost": 5000130950084.52, "Plan Rows": 24, "Plan Width": 17, "Inner Unique": true, "Join Filter": "(mi.info_type_id = it.id)", "Plans": [{"Node Type": "Nested Loop", "Parent Relationship": "Outer", "Join Type": "Inner", "Startup Cost": 40000000000.0, "Total Cost": 4000130949050.92, "Plan Rows": 24, "Plan Width": 21, "Inner Unique": false, "Join Filter": "(t.id = mi.movie_id)", "Plans": [{"Node Type": "Index Scan", "Parent Relationship": "Outer", "Scan Direction": "Forward", "Index Name": "info_type_id_movie_info", "Relation Name": "movie_info", "Alias": "mi", "Startup Cost": 10000000000.0, "Total Cost": 1000107401445.12, "Plan Rows": 584897, "Plan Width": 8, "Filter": "((info)::text = ANY ('{USA,America}'::text[]))"}, {"Node Type": "Materialize", "Parent Relationship": "Inner", "Startup Cost": 30000000000.0, "Total Cost": 3000023266855.32, "Plan Rows": 32, "Plan Width": 25, "Plans": [{"Node Type": "Nested Loop", "Parent Relationship": "Outer", "Join Type": "Inner", "Startup Cost": 30000000000.0, "Total Cost": 3000023266855.16, "Plan Rows": 32, "Plan Width": 25, "Inner Unique": true, "Join Filter": "(mc.company_type_id = ct.id)", "Plans": [{"Node Type": "Nested Loop", "Parent Relationship": "Outer", "Join Type": "Inner", "Startup Cost": 20000000000.0, "Total Cost": 2000023265623.95, "Plan Rows": 64, "Plan Width": 29, "Inner Unique": false, "Join Filter": "(mc.movie_id = t.id)", "Plans": [{"Node Type": "Index Scan", "Parent Relationship": "Outer", "Scan Direction": "Forward", "Index Name": "title_pkey", "Relation Name": "title", "Alias": "t", "Startup Cost": 10000000000.0, "Total Cost": 1000011644126.66, "Plan Rows": 391451, "Plan Width": 21, "Filter": "(production_year > 2010), (LLVM Optimized)"}, {"Node Type": "Materialize", "Parent Relationship": "Inner", "Startup Cost": 10000000000.0, "Total Cost": 1000011275063.29, "Plan Rows": 59, "Plan Width": 8, "Plans": [{"Node Type": "Index Scan", "Parent Relationship": "Outer", "Scan Direction": "Forward", "Index Name": "company_type_id_movie_companies", "Relation Name": "movie_companies", "Alias": "mc", "Startup Cost": 10000000000.0, "Total Cost": 1000011275063.0, "Plan Rows": 59, "Plan Width": 8, "Filter": "(((note)::text ~~ '%(VHS)%'::text) AND ((note)::text ~~ '%(USA)%'::text) AND ((note)::text ~~ '%(1994)%'::text))"}]}]}, {"Node Type": "Materialize", "Parent Relationship": "Inner", "Startup Cost": 10000000000.0, "Total Cost": 1000000001230.26, "Plan Rows": 1, "Plan Width": 4, "Plans": [{"Node Type": "Index Scan", "Parent Relationship": "Outer", "Scan Direction": "Forward", "Index Name": "company_type_pkey", "Relation Name": "company_type", "Alias": "ct", "Startup Cost": 10000000000.0, "Total Cost": 1000000001230.25, "Plan Rows": 1, "Plan Width": 4, "Filter": "((kind)::text = 'production companies'::text)"}]}]}]}]}, {"Node Type": "Materialize", "Parent Relationship": "Inner", "Startup Cost": 10000000000.0, "Total Cost": 1000000000993.56, "Plan Rows": 112, "Plan Width": 4, "Plans": [{"Node Type": "Index Only Scan", "Parent Relationship": "Outer", "Scan Direction": "Forward", "Index Name": "info_type_pkey", "Relation Name": "info_type", "Alias": "it", "Startup Cost": 10000000000.0, "Total Cost": 1000000000993.0, "Plan Rows": 112, "Plan Width": 4}]}]}]}, "Unique SQL Id": 328306525, "Planner Runtime": 3}, "explain_analyze_plan": null}, "(16, '124')": {"explain_plan": {"Plan": {"Node Type": "Aggregate", "Strategy": "Plain", "Startup Cost": 19173.9, "Total Cost": 19173.91, "Plan Rows": 1, "Plan Width": 49, "Plans": [{"Node Type": "Nested Loop", "Parent Relationship": "Outer", "Join Type": "Inner", "Startup Cost": 0.0, "Total Cost": 19173.84, "Plan Rows": 24, "Plan Width": 17, "Inner Unique": true, "Plans": [{"Node Type": "Nested Loop", "Parent Relationship": "Outer", "Join Type": "Inner", "Startup Cost": 0.0, "Total Cost": 19167.12, "Plan Rows": 24, "Plan Width": 21, "Inner Unique": false, "Plans": [{"Node Type": "Nested Loop", "Parent Relationship": "Outer", "Join Type": "Inner", "Startup Cost": 0.0, "Total Cost": 19088.13, "Plan Rows": 32, "Plan Width": 25, "Inner Unique": true, "Plans": [{"Node Type": "Nested Loop", "Parent Relationship": "Outer", "Join Type": "Inner", "Startup Cost": 0.0, "Total Cost": 18839.66, "Plan Rows": 30, "Plan Width": 4, "Inner Unique": false, "Join Filter": "(ct.id = mc.company_type_id)", "Plans": [{"Node Type": "Seq Scan", "Parent Relationship": "Outer", "Relation Name": "company_type", "Alias": "ct", "Startup Cost": 0.0, "Total Cost": 1.04, "Plan Rows": 1, "Plan Width": 4, "Filter": "((kind)::text = 'production companies'::text)"}, {"Node Type": "Materialize", "Parent Relationship": "Inner", "Startup Cost": 0.0, "Total Cost": 18838.03, "Plan Rows": 59, "Plan Width": 8, "Plans": [{"Node Type": "Streaming(type: LOCAL GATHER dop: 1/16)", "Parent Relationship": "Outer", "Startup Cost": 0.0, "Total Cost": 18837.88, "Plan Rows": 59, "Plan Width": 8, "Plans": [{"Node Type": "Seq Scan", "Parent Relationship": "Outer", "Relation Name": "movie_companies", "Alias": "mc", "Startup Cost": 0.0, "Total Cost": 18836.61, "Plan Rows": 59, "Plan Width": 8, "Filter": "(((note)::text ~~ '%(VHS)%'::text) AND ((note)::text ~~ '%(USA)%'::text) AND ((note)::text ~~ '%(1994)%'::text))"}]}]}]}, {"Node Type": "Index Scan", "Parent Relationship": "Inner", "Scan Direction": "Forward", "Index Name": "title_pkey", "Relation Name": "title", "Alias": "t", "Startup Cost": 0.0, "Total Cost": 8.27, "Plan Rows": 1, "Plan Width": 21, "Index Cond": "(id = mc.movie_id)", "Filter": "(production_year > 2010)"}]}, {"Node Type": "Index Scan", "Parent Relationship": "Inner", "Scan Direction": "Forward", "Index Name": "movie_id_movie_info", "Relation Name": "movie_info", "Alias": "mi", "Startup Cost": 0.0, "Total Cost": 2.46, "Plan Rows": 1, "Plan Width": 8, "Index Cond": "(movie_id = t.id)", "Filter": "((info)::text = ANY ('{USA,America}'::text[]))"}]}, {"Node Type": "Index Scan", "Parent Relationship": "Inner", "Scan Direction": "Forward", "Index Name": "info_type_pkey", "Relation Name": "info_type", "Alias": "it", "Startup Cost": 0.0, "Total Cost": 0.27, "Plan Rows": 1, "Plan Width": 4, "Index Cond": "(id = mi.info_type_id)"}]}]}, "Unique SQL Id": 328306525, "Planner Runtime": 4}, "explain_analyze_plan": {"Plan": {"Node Type": "Aggregate", "Strategy": "Plain", "Startup Cost": 19173.9, "Total Cost": 19173.91, "Plan Rows": 1, "Plan Width": 49, "Actual Min Startup Time": 82.106, "Actual Max Startup Time": 82.106, "Actual Min Total Time": 82.107, "Actual Max Total Time": 82.107, "Plans": [{"Node Type": "Nested Loop", "Parent Relationship": "Outer", "Join Type": "Inner", "Startup Cost": 0.0, "Total Cost": 19173.84, "Plan Rows": 24, "Plan Width": 17, "Actual Min Startup Time": 82.087, "Actual Max Startup Time": 82.087, "Actual Min Total Time": 82.087, "Actual Max Total Time": 82.087, "Inner Unique": true, "Plans": [{"Node Type": "Nested Loop", "Parent Relationship": "Outer", "Join Type": "Inner", "Startup Cost": 0.0, "Total Cost": 19167.12, "Plan Rows": 24, "Plan Width": 21, "Actual Min Startup Time": 82.085, "Actual Max Startup Time": 82.085, "Actual Min Total Time": 82.085, "Actual Max Total Time": 82.085, "Inner Unique": false, "Plans": [{"Node Type": "Nested Loop", "Parent Relationship": "Outer", "Join Type": "Inner", "Startup Cost": 0.0, "Total Cost": 19088.13, "Plan Rows": 32, "Plan Width": 25, "Actual Min Startup Time": 82.085, "Actual Max Startup Time": 82.085, "Actual Min Total Time": 82.085, "Actual Max Total Time": 82.085, "Inner Unique": true, "Plans": [{"Node Type": "Nested Loop", "Parent Relationship": "Outer", "Join Type": "Inner", "Startup Cost": 0.0, "Total Cost": 18839.66, "Plan Rows": 30, "Plan Width": 4, "Actual Min Startup Time": 82.084, "Actual Max Startup Time": 82.084, "Actual Min Total Time": 82.084, "Actual Max Total Time": 82.084, "Inner Unique": false, "Join Filter": "(ct.id = mc.company_type_id)", "Rows Removed by Join Filter": 1418, "Plans": [{"Node Type": "Seq Scan", "Parent Relationship": "Outer", "Relation Name": "company_type", "Alias": "ct", "Startup Cost": 0.0, "Total Cost": 1.04, "Plan Rows": 1, "Plan Width": 4, "Actual Min Startup Time": 0.038, "Actual Max Startup Time": 0.038, "Actual Min Total Time": 0.041, "Actual Max Total Time": 0.041, "Filter": "((kind)::text = 'production companies'::text)", "Rows Removed by Filter": 2, "Actual Rows": 1}, {"Node Type": "Materialize", "Parent Relationship": "Inner", "Startup Cost": 0.0, "Total Cost": 18838.03, "Plan Rows": 59, "Plan Width": 8, "Actual Min Startup Time": 81.576, "Actual Max Startup Time": 81.576, "Actual Min Total Time": 81.713, "Actual Max Total Time": 81.713, "Plans": [{"Node Type": "Streaming(type: LOCAL GATHER dop: 1/16)", "Parent Relationship": "Outer", "Startup Cost": 0.0, "Total Cost": 18837.88, "Plan Rows": 59, "Plan Width": 8, "Actual Min Startup Time": 45.285, "Actual Max Startup Time": 45.285, "Actual Min Total Time": 81.331, "Actual Max Total Time": 81.331, "Plans": [{"Node Type": "Seq Scan", "Parent Relationship": "Outer", "Relation Name": "movie_companies", "Alias": "mc", "Startup Cost": 0.0, "Total Cost": 18836.61, "Plan Rows": 59, "Plan Width": 8, "Actual Min Startup Time": 1.004, "Actual Max Startup Time": 12.22, "Actual Min Total Time": 54.35, "Actual Max Total Time": 60.791, "Filter": "(((note)::text ~~ '%(VHS)%'::text) AND ((note)::text ~~ '%(USA)%'::text) AND ((note)::text ~~ '%(1994)%'::text))", "Rows Removed by Filter": 2607710, "Actual Rows": 1418}], "Actual Rows": 1418}], "Actual Rows": 1419}], "Actual Rows": 0}, {"Node Type": "Index Scan", "Parent Relationship": "Inner", "Scan Direction": "Forward", "Index Name": "title_pkey", "Relation Name": "title", "Alias": "t", "Startup Cost": 0.0, "Total Cost": 8.27, "Plan Rows": 1, "Plan Width": 21, "Actual Startup Time": 0.0, "Actual Total Time": 0.0, "Index Cond": "(id = mc.movie_id)", "Rows Removed by Index Recheck": 0, "Filter": "(production_year > 2010)", "Rows Removed by Filter": 0}], "Actual Rows": 0}, {"Node Type": "Index Scan", "Parent Relationship": "Inner", "Scan Direction": "Forward", "Index Name": "movie_id_movie_info", "Relation Name": "movie_info", "Alias": "mi", "Startup Cost": 0.0, "Total Cost": 2.46, "Plan Rows": 1, "Plan Width": 8, "Actual Startup Time": 0.0, "Actual Total Time": 0.0, "Index Cond": "(movie_id = t.id)", "Rows Removed by Index Recheck": 0, "Filter": "((info)::text = ANY ('{USA,America}'::text[]))", "Rows Removed by Filter": 0}], "Actual Rows": 0}, {"Node Type": "Index Scan", "Parent Relationship": "Inner", "Scan Direction": "Forward", "Index Name": "info_type_pkey", "Relation Name": "info_type", "Alias": "it", "Startup Cost": 0.0, "Total Cost": 0.27, "Plan Rows": 1, "Plan Width": 4, "Actual Startup Time": 0.0, "Actual Total Time": 0.0, "Index Cond": "(id = mi.info_type_id)", "Rows Removed by Index Recheck": 0}], "Actual Rows": 0}], "Actual Rows": 1}, "Triggers": [], "Planner Runtime": 10.153, "Total Runtime": 84.649, "Unique SQL Id": 328306525}}, "(16, '125')": {"explain_plan": {"Plan": {"Node Type": "Aggregate", "Strategy": "Plain", "Startup Cost": 85293.18, "Total Cost": 85293.19, "Plan Rows": 1, "Plan Width": 49, "Plans": [{"Node Type": "Nested Loop", "Parent Relationship": "Outer", "Join Type": "Inner", "Startup Cost": 0.0, "Total Cost": 85293.12, "Plan Rows": 24, "Plan Width": 17, "Inner Unique": true, "Plans": [{"Node Type": "Nested Loop", "Parent Relationship": "Outer", "Join Type": "Inner", "Startup Cost": 0.0, "Total Cost": 85286.4, "Plan Rows": 24, "Plan Width": 21, "Inner Unique": false, "Plans": [{"Node Type": "Nested Loop", "Parent Relationship": "Outer", "Join Type": "Inner", "Startup Cost": 0.0, "Total Cost": 85207.41, "Plan Rows": 32, "Plan Width": 25, "Inner Unique": true, "Plans": [{"Node Type": "Nested Loop", "Parent Relationship": "Outer", "Join Type": "Inner", "Startup Cost": 0.0, "Total Cost": 84958.94, "Plan Rows": 30, "Plan Width": 4, "Inner Unique": false, "Join Filter": "(ct.id = mc.company_type_id)", "Plans": [{"Node Type": "Index Scan", "Parent Relationship": "Outer", "Scan Direction": "Forward", "Index Name": "company_type_pkey", "Relation Name": "company_type", "Alias": "ct", "Startup Cost": 0.0, "Total Cost": 12.3, "Plan Rows": 1, "Plan Width": 4, "Filter": "((kind)::text = 'production companies'::text)"}, {"Node Type": "Materialize", "Parent Relationship": "Inner", "Startup Cost": 0.0, "Total Cost": 84946.04, "Plan Rows": 59, "Plan Width": 8, "Plans": [{"Node Type": "Streaming(type: LOCAL GATHER dop: 1/16)", "Parent Relationship": "Outer", "Startup Cost": 0.0, "Total Cost": 84945.9, "Plan Rows": 59, "Plan Width": 8, "Plans": [{"Node Type": "Index Scan", "Parent Relationship": "Outer", "Scan Direction": "Forward", "Index Name": "company_type_id_movie_companies", "Relation Name": "movie_companies", "Alias": "mc", "Startup Cost": 0.0, "Total Cost": 84944.62, "Plan Rows": 59, "Plan Width": 8, "Filter": "(((note)::text ~~ '%(VHS)%'::text) AND ((note)::text ~~ '%(USA)%'::text) AND ((note)::text ~~ '%(1994)%'::text))"}]}]}]}, {"Node Type": "Index Scan", "Parent Relationship": "Inner", "Scan Direction": "Forward", "Index Name": "title_pkey", "Relation Name": "title", "Alias": "t", "Startup Cost": 0.0, "Total Cost": 8.27, "Plan Rows": 1, "Plan Width": 21, "Index Cond": "(id = mc.movie_id)", "Filter": "(production_year > 2010)"}]}, {"Node Type": "Index Scan", "Parent Relationship": "Inner", "Scan Direction": "Forward", "Index Name": "movie_id_movie_info", "Relation Name": "movie_info", "Alias": "mi", "Startup Cost": 0.0, "Total Cost": 2.46, "Plan Rows": 1, "Plan Width": 8, "Index Cond": "(movie_id = t.id)", "Filter": "((info)::text = ANY ('{USA,America}'::text[]))"}]}, {"Node Type": "Index Scan", "Parent Relationship": "Inner", "Scan Direction": "Forward", "Index Name": "info_type_pkey", "Relation Name": "info_type", "Alias": "it", "Startup Cost": 0.0, "Total Cost": 0.27, "Plan Rows": 1, "Plan Width": 4, "Index Cond": "(id = mi.info_type_id)"}]}]}, "Unique SQL Id": 328306525, "Planner Runtime": 3}, "explain_analyze_plan": {"Plan": {"Node Type": "Aggregate", "Strategy": "Plain", "Startup Cost": 85293.18, "Total Cost": 85293.19, "Plan Rows": 1, "Plan Width": 49, "Actual Min Startup Time": 153.891, "Actual Max Startup Time": 153.891, "Actual Min Total Time": 153.892, "Actual Max Total Time": 153.892, "Plans": [{"Node Type": "Nested Loop", "Parent Relationship": "Outer", "Join Type": "Inner", "Startup Cost": 0.0, "Total Cost": 85293.12, "Plan Rows": 24, "Plan Width": 17, "Actual Min Startup Time": 153.883, "Actual Max Startup Time": 153.883, "Actual Min Total Time": 153.883, "Actual Max Total Time": 153.883, "Inner Unique": true, "Plans": [{"Node Type": "Nested Loop", "Parent Relationship": "Outer", "Join Type": "Inner", "Startup Cost": 0.0, "Total Cost": 85286.4, "Plan Rows": 24, "Plan Width": 21, "Actual Min Startup Time": 153.881, "Actual Max Startup Time": 153.881, "Actual Min Total Time": 153.881, "Actual Max Total Time": 153.881, "Inner Unique": false, "Plans": [{"Node Type": "Nested Loop", "Parent Relationship": "Outer", "Join Type": "Inner", "Startup Cost": 0.0, "Total Cost": 85207.41, "Plan Rows": 32, "Plan Width": 25, "Actual Min Startup Time": 153.88, "Actual Max Startup Time": 153.88, "Actual Min Total Time": 153.88, "Actual Max Total Time": 153.88, "Inner Unique": true, "Plans": [{"Node Type": "Nested Loop", "Parent Relationship": "Outer", "Join Type": "Inner", "Startup Cost": 0.0, "Total Cost": 84958.94, "Plan Rows": 30, "Plan Width": 4, "Actual Min Startup Time": 153.88, "Actual Max Startup Time": 153.88, "Actual Min Total Time": 153.88, "Actual Max Total Time": 153.88, "Inner Unique": false, "Join Filter": "(ct.id = mc.company_type_id)", "Rows Removed by Join Filter": 1418, "Plans": [{"Node Type": "Index Scan", "Parent Relationship": "Outer", "Scan Direction": "Forward", "Index Name": "company_type_pkey", "Relation Name": "company_type", "Alias": "ct", "Startup Cost": 0.0, "Total Cost": 12.3, "Plan Rows": 1, "Plan Width": 4, "Actual Min Startup Time": 0.047, "Actual Max Startup Time": 0.047, "Actual Min Total Time": 0.052, "Actual Max Total Time": 0.052, "Filter": "((kind)::text = 'production companies'::text)", "Rows Removed by Filter": 2, "Actual Rows": 1}, {"Node Type": "Materialize", "Parent Relationship": "Inner", "Startup Cost": 0.0, "Total Cost": 84946.04, "Plan Rows": 59, "Plan Width": 8, "Actual Min Startup Time": 153.359, "Actual Max Startup Time": 153.359, "Actual Min Total Time": 153.492, "Actual Max Total Time": 153.492, "Plans": [{"Node Type": "Streaming(type: LOCAL GATHER dop: 1/16)", "Parent Relationship": "Outer", "Startup Cost": 0.0, "Total Cost": 84945.9, "Plan Rows": 59, "Plan Width": 8, "Actual Min Startup Time": 69.339, "Actual Max Startup Time": 69.339, "Actual Min Total Time": 153.095, "Actual Max Total Time": 153.095, "Plans": [{"Node Type": "Index Scan", "Parent Relationship": "Outer", "Scan Direction": "Forward", "Index Name": "company_type_id_movie_companies", "Relation Name": "movie_companies", "Alias": "mc", "Startup Cost": 0.0, "Total Cost": 84944.62, "Plan Rows": 59, "Plan Width": 8, "Actual Min Startup Time": 18.666, "Actual Max Startup Time": 91.737, "Actual Min Total Time": 88.45, "Actual Max Total Time": 136.558, "Filter": "(((note)::text ~~ '%(VHS)%'::text) AND ((note)::text ~~ '%(USA)%'::text) AND ((note)::text ~~ '%(1994)%'::text))", "Rows Removed by Filter": 2607710, "Actual Rows": 1418}], "Actual Rows": 1418}], "Actual Rows": 1419}], "Actual Rows": 0}, {"Node Type": "Index Scan", "Parent Relationship": "Inner", "Scan Direction": "Forward", "Index Name": "title_pkey", "Relation Name": "title", "Alias": "t", "Startup Cost": 0.0, "Total Cost": 8.27, "Plan Rows": 1, "Plan Width": 21, "Actual Startup Time": 0.0, "Actual Total Time": 0.0, "Index Cond": "(id = mc.movie_id)", "Rows Removed by Index Recheck": 0, "Filter": "(production_year > 2010)", "Rows Removed by Filter": 0}], "Actual Rows": 0}, {"Node Type": "Index Scan", "Parent Relationship": "Inner", "Scan Direction": "Forward", "Index Name": "movie_id_movie_info", "Relation Name": "movie_info", "Alias": "mi", "Startup Cost": 0.0, "Total Cost": 2.46, "Plan Rows": 1, "Plan Width": 8, "Actual Startup Time": 0.0, "Actual Total Time": 0.0, "Index Cond": "(movie_id = t.id)", "Rows Removed by Index Recheck": 0, "Filter": "((info)::text = ANY ('{USA,America}'::text[]))", "Rows Removed by Filter": 0}], "Actual Rows": 0}, {"Node Type": "Index Scan", "Parent Relationship": "Inner", "Scan Direction": "Forward", "Index Name": "info_type_pkey", "Relation Name": "info_type", "Alias": "it", "Startup Cost": 0.0, "Total Cost": 0.27, "Plan Rows": 1, "Plan Width": 4, "Actual Startup Time": 0.0, "Actual Total Time": 0.0, "Index Cond": "(id = mi.info_type_id)", "Rows Removed by Index Recheck": 0}], "Actual Rows": 0}], "Actual Rows": 1}, "Triggers": [], "Planner Runtime": 9.799, "Total Runtime": 156.415, "Unique SQL Id": 328306525}}, "(16, '126')": {"explain_plan": {"Plan": {"Node Type": "Aggregate", "Strategy": "Plain", "Startup Cost": 132485.55, "Total Cost": 132485.56, "Plan Rows": 1, "Plan Width": 49, "Plans": [{"Node Type": "Nested Loop", "Parent Relationship": "Outer", "Join Type": "Inner", "Startup Cost": 0.0, "Total Cost": 132485.49, "Plan Rows": 24, "Plan Width": 17, "Inner Unique": false, "Join Filter": "(mi.info_type_id = it.id)", "Plans": [{"Node Type": "Seq Scan", "Parent Relationship": "Outer", "Relation Name": "info_type", "Alias": "it", "Startup Cost": 0.0, "Total Cost": 2.12, "Plan Rows": 112, "Plan Width": 4}, {"Node Type": "Materialize", "Parent Relationship": "Inner", "Startup Cost": 0.0, "Total Cost": 132443.11, "Plan Rows": 24, "Plan Width": 21, "Plans": [{"Node Type": "Streaming(type: LOCAL GATHER dop: 1/16)", "Parent Relationship": "Outer", "Startup Cost": 0.0, "Total Cost": 132442.99, "Plan Rows": 24, "Plan Width": 21, "Plans": [{"Node Type": "Nested Loop", "Parent Relationship": "Outer", "Join Type": "Inner", "Startup Cost": 0.0, "Total Cost": 132442.47, "Plan Rows": 24, "Plan Width": 21, "Inner Unique": false, "Join Filter": "(t.id = mi.movie_id)", "Plans": [{"Node Type": "Seq Scan", "Parent Relationship": "Outer", "Relation Name": "movie_info", "Alias": "mi", "Startup Cost": 0.0, "Total Cost": 35885.16, "Plan Rows": 584897, "Plan Width": 8, "Filter": "((info)::text = ANY ('{USA,America}'::text[]))"}, {"Node Type": "Materialize", "Parent Relationship": "Inner", "Startup Cost": 0.0, "Total Cost": 79010.48, "Plan Rows": 512, "Plan Width": 25, "Plans": [{"Node Type": "Streaming(type: BROADCAST dop: 16/16)", "Parent Relationship": "Outer", "Startup Cost": 0.0, "Total Cost": 79010.32, "Plan Rows": 512, "Plan Width": 25, "Plans": [{"Node Type": "Nested Loop", "Parent Relationship": "Outer", "Join Type": "Inner", "Startup Cost": 0.0, "Total Cost": 64009.02, "Plan Rows": 32, "Plan Width": 25, "Inner Unique": false, "Join Filter": "(mc.movie_id = t.id)", "Plans": [{"Node Type": "Seq Scan", "Parent Relationship": "Outer", "Relation Name": "title", "Alias": "t", "Startup Cost": 0.0, "Total Cost": 19149.37, "Plan Rows": 391451, "Plan Width": 21, "Filter": "(production_year > 2010), (LLVM Optimized)"}, {"Node Type": "Materialize", "Parent Relationship": "Inner", "Startup Cost": 0.0, "Total Cost": 33850.17, "Plan Rows": 480, "Plan Width": 4, "Plans": [{"Node Type": "Streaming(type: BROADCAST dop: 16/1)", "Parent Relationship": "Outer", "Startup Cost": 0.0, "Total Cost": 33850.02, "Plan Rows": 480, "Plan Width": 4, "Plans": [{"Node Type": "Nested Loop", "Parent Relationship": "Outer", "Join Type": "Inner", "Startup Cost": 0.0, "Total Cost": 18839.66, "Plan Rows": 30, "Plan Width": 4, "Inner Unique": false, "Join Filter": "(ct.id = mc.company_type_id)", "Plans": [{"Node Type": "Seq Scan", "Parent Relationship": "Outer", "Relation Name": "company_type", "Alias": "ct", "Startup Cost": 0.0, "Total Cost": 1.04, "Plan Rows": 1, "Plan Width": 4, "Filter": "((kind)::text = 'production companies'::text)"}, {"Node Type": "Materialize", "Parent Relationship": "Inner", "Startup Cost": 0.0, "Total Cost": 18838.03, "Plan Rows": 59, "Plan Width": 8, "Plans": [{"Node Type": "Streaming(type: LOCAL GATHER dop: 1/16)", "Parent Relationship": "Outer", "Startup Cost": 0.0, "Total Cost": 18837.88, "Plan Rows": 59, "Plan Width": 8, "Plans": [{"Node Type": "Seq Scan", "Parent Relationship": "Outer", "Relation Name": "movie_companies", "Alias": "mc", "Startup Cost": 0.0, "Total Cost": 18836.61, "Plan Rows": 59, "Plan Width": 8, "Filter": "(((note)::text ~~ '%(VHS)%'::text) AND ((note)::text ~~ '%(USA)%'::text) AND ((note)::text ~~ '%(1994)%'::text))"}]}]}]}]}]}]}]}]}]}]}]}]}]}, "Unique SQL Id": 328306525, "Planner Runtime": 4}, "explain_analyze_plan": null}, "(16, '127')": {"explain_plan": {"Plan": {"Node Type": "Aggregate", "Strategy": "Plain", "Startup Cost": 5000130950484.58, "Total Cost": 5000130950484.59, "Plan Rows": 1, "Plan Width": 49, "Plans": [{"Node Type": "Nested Loop", "Parent Relationship": "Outer", "Join Type": "Inner", "Startup Cost": 50000000000.0, "Total Cost": 5000130950484.52, "Plan Rows": 24, "Plan Width": 17, "Inner Unique": true, "Join Filter": "(mi.info_type_id = it.id)", "Plans": [{"Node Type": "Nested Loop", "Parent Relationship": "Outer", "Join Type": "Inner", "Startup Cost": 40000000000.0, "Total Cost": 4000130949050.92, "Plan Rows": 24, "Plan Width": 21, "Inner Unique": false, "Join Filter": "(t.id = mi.movie_id)", "Plans": [{"Node Type": "Index Scan", "Parent Relationship": "Outer", "Scan Direction": "Forward", "Index Name": "info_type_id_movie_info", "Relation Name": "movie_info", "Alias": "mi", "Startup Cost": 10000000000.0, "Total Cost": 1000107401445.12, "Plan Rows": 584897, "Plan Width": 8, "Filter": "((info)::text = ANY ('{USA,America}'::text[]))"}, {"Node Type": "Materialize", "Parent Relationship": "Inner", "Startup Cost": 30000000000.0, "Total Cost": 3000023266855.32, "Plan Rows": 32, "Plan Width": 25, "Plans": [{"Node Type": "Nested Loop", "Parent Relationship": "Outer", "Join Type": "Inner", "Startup Cost": 30000000000.0, "Total Cost": 3000023266855.16, "Plan Rows": 32, "Plan Width": 25, "Inner Unique": true, "Join Filter": "(mc.company_type_id = ct.id)", "Plans": [{"Node Type": "Nested Loop", "Parent Relationship": "Outer", "Join Type": "Inner", "Startup Cost": 20000000000.0, "Total Cost": 2000023265623.95, "Plan Rows": 64, "Plan Width": 29, "Inner Unique": false, "Join Filter": "(mc.movie_id = t.id)", "Plans": [{"Node Type": "Index Scan", "Parent Relationship": "Outer", "Scan Direction": "Forward", "Index Name": "title_pkey", "Relation Name": "title", "Alias": "t", "Startup Cost": 10000000000.0, "Total Cost": 1000011644126.66, "Plan Rows": 391451, "Plan Width": 21, "Filter": "(production_year > 2010), (LLVM Optimized)"}, {"Node Type": "Materialize", "Parent Relationship": "Inner", "Startup Cost": 10000000000.0, "Total Cost": 1000011275063.29, "Plan Rows": 59, "Plan Width": 8, "Plans": [{"Node Type": "Index Scan", "Parent Relationship": "Outer", "Scan Direction": "Forward", "Index Name": "company_type_id_movie_companies", "Relation Name": "movie_companies", "Alias": "mc", "Startup Cost": 10000000000.0, "Total Cost": 1000011275063.0, "Plan Rows": 59, "Plan Width": 8, "Filter": "(((note)::text ~~ '%(VHS)%'::text) AND ((note)::text ~~ '%(USA)%'::text) AND ((note)::text ~~ '%(1994)%'::text))"}]}]}, {"Node Type": "Materialize", "Parent Relationship": "Inner", "Startup Cost": 10000000000.0, "Total Cost": 1000000001230.26, "Plan Rows": 1, "Plan Width": 4, "Plans": [{"Node Type": "Index Scan", "Parent Relationship": "Outer", "Scan Direction": "Forward", "Index Name": "company_type_pkey", "Relation Name": "company_type", "Alias": "ct", "Startup Cost": 10000000000.0, "Total Cost": 1000000001230.25, "Plan Rows": 1, "Plan Width": 4, "Filter": "((kind)::text = 'production companies'::text)"}]}]}]}]}, {"Node Type": "Materialize", "Parent Relationship": "Inner", "Startup Cost": 10000000000.0, "Total Cost": 1000000001393.56, "Plan Rows": 112, "Plan Width": 4, "Plans": [{"Node Type": "Index Scan", "Parent Relationship": "Outer", "Scan Direction": "Forward", "Index Name": "info_type_pkey", "Relation Name": "info_type", "Alias": "it", "Startup Cost": 10000000000.0, "Total Cost": 1000000001393.0, "Plan Rows": 112, "Plan Width": 4}]}]}]}, "Unique SQL Id": 328306525, "Planner Runtime": 3}, "explain_analyze_plan": null}, "(64, '0')": {"explain_plan": {"Plan": {"Node Type": "Aggregate", "Strategy": "Plain", "Startup Cost": 61721.76, "Total Cost": 61721.77, "Plan Rows": 1, "Plan Width": 49, "Plans": [{"Node Type": "Nested Loop", "Parent Relationship": "Outer", "Join Type": "Inner", "Startup Cost": 0.0, "Total Cost": 61721.7, "Plan Rows": 24, "Plan Width": 17, "Inner Unique": true, "Plans": [{"Node Type": "Nested Loop", "Parent Relationship": "Outer", "Join Type": "Inner", "Startup Cost": 0.0, "Total Cost": 61714.98, "Plan Rows": 24, "Plan Width": 21, "Inner Unique": false, "Plans": [{"Node Type": "Nested Loop", "Parent Relationship": "Outer", "Join Type": "Inner", "Startup Cost": 0.0, "Total Cost": 61635.99, "Plan Rows": 32, "Plan Width": 25, "Inner Unique": true, "Plans": [{"Node Type": "Nested Loop", "Parent Relationship": "Outer", "Join Type": "Inner", "Startup Cost": 0.0, "Total Cost": 61387.52, "Plan Rows": 30, "Plan Width": 4, "Inner Unique": false, "Join Filter": "(ct.id = mc.company_type_id)", "Plans": [{"Node Type": "Seq Scan", "Parent Relationship": "Outer", "Relation Name": "company_type", "Alias": "ct", "Startup Cost": 0.0, "Total Cost": 1.04, "Plan Rows": 1, "Plan Width": 4, "Filter": "((kind)::text = 'production companies'::text)"}, {"Node Type": "Seq Scan", "Parent Relationship": "Inner", "Relation Name": "movie_companies", "Alias": "mc", "Startup Cost": 0.0, "Total Cost": 61385.74, "Plan Rows": 59, "Plan Width": 8, "Filter": "(((note)::text ~~ '%(VHS)%'::text) AND ((note)::text ~~ '%(USA)%'::text) AND ((note)::text ~~ '%(1994)%'::text))"}]}, {"Node Type": "Index Scan", "Parent Relationship": "Inner", "Scan Direction": "Forward", "Index Name": "title_pkey", "Relation Name": "title", "Alias": "t", "Startup Cost": 0.0, "Total Cost": 8.27, "Plan Rows": 1, "Plan Width": 21, "Index Cond": "(id = mc.movie_id)", "Filter": "(production_year > 2010)"}]}, {"Node Type": "Index Scan", "Parent Relationship": "Inner", "Scan Direction": "Forward", "Index Name": "movie_id_movie_info", "Relation Name": "movie_info", "Alias": "mi", "Startup Cost": 0.0, "Total Cost": 2.46, "Plan Rows": 1, "Plan Width": 8, "Index Cond": "(movie_id = t.id)", "Filter": "((info)::text = ANY ('{USA,America}'::text[]))"}]}, {"Node Type": "Index Only Scan", "Parent Relationship": "Inner", "Scan Direction": "Forward", "Index Name": "info_type_pkey", "Relation Name": "info_type", "Alias": "it", "Startup Cost": 0.0, "Total Cost": 0.27, "Plan Rows": 1, "Plan Width": 4, "Index Cond": "(id = mi.info_type_id)"}]}]}, "Unique SQL Id": 328306525, "Planner Runtime": 9}, "explain_analyze_plan": {"Plan": {"Node Type": "Aggregate", "Strategy": "Plain", "Startup Cost": 61721.76, "Total Cost": 61721.77, "Plan Rows": 1, "Plan Width": 49, "Actual Startup Time": 965.018, "Actual Total Time": 965.019, "Actual Rows": 1, "Actual Loops": 1, "Plans": [{"Node Type": "Nested Loop", "Parent Relationship": "Outer", "Join Type": "Inner", "Startup Cost": 0.0, "Total Cost": 61721.7, "Plan Rows": 24, "Plan Width": 17, "Actual Startup Time": 965.012, "Actual Total Time": 965.012, "Actual Rows": 0, "Actual Loops": 1, "Inner Unique": true, "Plans": [{"Node Type": "Nested Loop", "Parent Relationship": "Outer", "Join Type": "Inner", "Startup Cost": 0.0, "Total Cost": 61714.98, "Plan Rows": 24, "Plan Width": 21, "Actual Startup Time": 965.011, "Actual Total Time": 965.011, "Actual Rows": 0, "Actual Loops": 1, "Inner Unique": false, "Plans": [{"Node Type": "Nested Loop", "Parent Relationship": "Outer", "Join Type": "Inner", "Startup Cost": 0.0, "Total Cost": 61635.99, "Plan Rows": 32, "Plan Width": 25, "Actual Startup Time": 965.009, "Actual Total Time": 965.009, "Actual Rows": 0, "Actual Loops": 1, "Inner Unique": true, "Plans": [{"Node Type": "Nested Loop", "Parent Relationship": "Outer", "Join Type": "Inner", "Startup Cost": 0.0, "Total Cost": 61387.52, "Plan Rows": 30, "Plan Width": 4, "Actual Startup Time": 965.006, "Actual Total Time": 965.006, "Actual Rows": 0, "Actual Loops": 1, "Inner Unique": false, "Join Filter": "(ct.id = mc.company_type_id)", "Rows Removed by Join Filter": 1418, "Plans": [{"Node Type": "Seq Scan", "Parent Relationship": "Outer", "Relation Name": "company_type", "Alias": "ct", "Startup Cost": 0.0, "Total Cost": 1.04, "Plan Rows": 1, "Plan Width": 4, "Actual Startup Time": 0.014, "Actual Total Time": 0.021, "Actual Rows": 1, "Actual Loops": 1, "Filter": "((kind)::text = 'production companies'::text)", "Rows Removed by Filter": 2}, {"Node Type": "Seq Scan", "Parent Relationship": "Inner", "Relation Name": "movie_companies", "Alias": "mc", "Startup Cost": 0.0, "Total Cost": 61385.74, "Plan Rows": 59, "Plan Width": 8, "Actual Startup Time": 3.955, "Actual Total Time": 964.568, "Actual Rows": 1418, "Actual Loops": 1, "Filter": "(((note)::text ~~ '%(VHS)%'::text) AND ((note)::text ~~ '%(USA)%'::text) AND ((note)::text ~~ '%(1994)%'::text))", "Rows Removed by Filter": 2607710}]}, {"Node Type": "Index Scan", "Parent Relationship": "Inner", "Scan Direction": "Forward", "Index Name": "title_pkey", "Relation Name": "title", "Alias": "t", "Startup Cost": 0.0, "Total Cost": 8.27, "Plan Rows": 1, "Plan Width": 21, "Actual Startup Time": 0.0, "Actual Total Time": 0.0, "Index Cond": "(id = mc.movie_id)", "Rows Removed by Index Recheck": 0, "Filter": "(production_year > 2010)", "Rows Removed by Filter": 0}]}, {"Node Type": "Index Scan", "Parent Relationship": "Inner", "Scan Direction": "Forward", "Index Name": "movie_id_movie_info", "Relation Name": "movie_info", "Alias": "mi", "Startup Cost": 0.0, "Total Cost": 2.46, "Plan Rows": 1, "Plan Width": 8, "Actual Startup Time": 0.0, "Actual Total Time": 0.0, "Index Cond": "(movie_id = t.id)", "Rows Removed by Index Recheck": 0, "Filter": "((info)::text = ANY ('{USA,America}'::text[]))", "Rows Removed by Filter": 0}]}, {"Node Type": "Index Only Scan", "Parent Relationship": "Inner", "Scan Direction": "Forward", "Index Name": "info_type_pkey", "Relation Name": "info_type", "Alias": "it", "Startup Cost": 0.0, "Total Cost": 0.27, "Plan Rows": 1, "Plan Width": 4, "Actual Startup Time": 0.0, "Actual Total Time": 0.0, "Index Cond": "(id = mi.info_type_id)", "Rows Removed by Index Recheck": 0, "Heap Fetches": 0}]}]}, "Triggers": [], "Planner Runtime": 9.305, "Total Runtime": 965.287, "Unique SQL Id": 328306525}}, "(64, '1')": {"explain_plan": {"Plan": {"Node Type": "Aggregate", "Strategy": "Plain", "Startup Cost": 63248.6, "Total Cost": 63248.61, "Plan Rows": 1, "Plan Width": 49, "Plans": [{"Node Type": "Nested Loop", "Parent Relationship": "Outer", "Join Type": "Inner", "Startup Cost": 0.0, "Total Cost": 63248.54, "Plan Rows": 24, "Plan Width": 17, "Inner Unique": true, "Plans": [{"Node Type": "Nested Loop", "Parent Relationship": "Outer", "Join Type": "Inner", "Startup Cost": 0.0, "Total Cost": 63241.82, "Plan Rows": 24, "Plan Width": 21, "Inner Unique": false, "Plans": [{"Node Type": "Nested Loop", "Parent Relationship": "Outer", "Join Type": "Inner", "Startup Cost": 0.0, "Total Cost": 63162.83, "Plan Rows": 32, "Plan Width": 25, "Inner Unique": true, "Plans": [{"Node Type": "Nested Loop", "Parent Relationship": "Outer", "Join Type": "Inner", "Startup Cost": 0.0, "Total Cost": 62914.35, "Plan Rows": 30, "Plan Width": 4, "Inner Unique": false, "Plans": [{"Node Type": "Index Scan", "Parent Relationship": "Outer", "Scan Direction": "Forward", "Index Name": "company_type_pkey", "Relation Name": "company_type", "Alias": "ct", "Startup Cost": 0.0, "Total Cost": 12.3, "Plan Rows": 1, "Plan Width": 4, "Filter": "((kind)::text = 'production companies'::text)"}, {"Node Type": "Index Scan", "Parent Relationship": "Inner", "Scan Direction": "Forward", "Index Name": "company_type_id_movie_companies", "Relation Name": "movie_companies", "Alias": "mc", "Startup Cost": 0.0, "Total Cost": 62901.76, "Plan Rows": 29, "Plan Width": 8, "Index Cond": "(company_type_id = ct.id)", "Filter": "(((note)::text ~~ '%(VHS)%'::text) AND ((note)::text ~~ '%(USA)%'::text) AND ((note)::text ~~ '%(1994)%'::text))"}]}, {"Node Type": "Index Scan", "Parent Relationship": "Inner", "Scan Direction": "Forward", "Index Name": "title_pkey", "Relation Name": "title", "Alias": "t", "Startup Cost": 0.0, "Total Cost": 8.27, "Plan Rows": 1, "Plan Width": 21, "Index Cond": "(id = mc.movie_id)", "Filter": "(production_year > 2010)"}]}, {"Node Type": "Index Scan", "Parent Relationship": "Inner", "Scan Direction": "Forward", "Index Name": "movie_id_movie_info", "Relation Name": "movie_info", "Alias": "mi", "Startup Cost": 0.0, "Total Cost": 2.46, "Plan Rows": 1, "Plan Width": 8, "Index Cond": "(movie_id = t.id)", "Filter": "((info)::text = ANY ('{USA,America}'::text[]))"}]}, {"Node Type": "Index Only Scan", "Parent Relationship": "Inner", "Scan Direction": "Forward", "Index Name": "info_type_pkey", "Relation Name": "info_type", "Alias": "it", "Startup Cost": 0.0, "Total Cost": 0.27, "Plan Rows": 1, "Plan Width": 4, "Index Cond": "(id = mi.info_type_id)"}]}]}, "Unique SQL Id": 328306525, "Planner Runtime": 9}, "explain_analyze_plan": {"Plan": {"Node Type": "Aggregate", "Strategy": "Plain", "Startup Cost": 63248.6, "Total Cost": 63248.61, "Plan Rows": 1, "Plan Width": 49, "Actual Startup Time": 712.178, "Actual Total Time": 712.179, "Actual Rows": 1, "Actual Loops": 1, "Plans": [{"Node Type": "Nested Loop", "Parent Relationship": "Outer", "Join Type": "Inner", "Startup Cost": 0.0, "Total Cost": 63248.54, "Plan Rows": 24, "Plan Width": 17, "Actual Startup Time": 712.172, "Actual Total Time": 712.172, "Actual Rows": 0, "Actual Loops": 1, "Inner Unique": true, "Plans": [{"Node Type": "Nested Loop", "Parent Relationship": "Outer", "Join Type": "Inner", "Startup Cost": 0.0, "Total Cost": 63241.82, "Plan Rows": 24, "Plan Width": 21, "Actual Startup Time": 712.17, "Actual Total Time": 712.17, "Actual Rows": 0, "Actual Loops": 1, "Inner Unique": false, "Plans": [{"Node Type": "Nested Loop", "Parent Relationship": "Outer", "Join Type": "Inner", "Startup Cost": 0.0, "Total Cost": 63162.83, "Plan Rows": 32, "Plan Width": 25, "Actual Startup Time": 712.168, "Actual Total Time": 712.168, "Actual Rows": 0, "Actual Loops": 1, "Inner Unique": true, "Plans": [{"Node Type": "Nested Loop", "Parent Relationship": "Outer", "Join Type": "Inner", "Startup Cost": 0.0, "Total Cost": 62914.35, "Plan Rows": 30, "Plan Width": 4, "Actual Startup Time": 712.166, "Actual Total Time": 712.166, "Actual Rows": 0, "Actual Loops": 1, "Inner Unique": false, "Plans": [{"Node Type": "Index Scan", "Parent Relationship": "Outer", "Scan Direction": "Forward", "Index Name": "company_type_pkey", "Relation Name": "company_type", "Alias": "ct", "Startup Cost": 0.0, "Total Cost": 12.3, "Plan Rows": 1, "Plan Width": 4, "Actual Startup Time": 0.013, "Actual Total Time": 0.024, "Actual Rows": 1, "Actual Loops": 1, "Filter": "((kind)::text = 'production companies'::text)", "Rows Removed by Filter": 2}, {"Node Type": "Index Scan", "Parent Relationship": "Inner", "Scan Direction": "Forward", "Index Name": "company_type_id_movie_companies", "Relation Name": "movie_companies", "Alias": "mc", "Startup Cost": 0.0, "Total Cost": 62901.76, "Plan Rows": 29, "Plan Width": 8, "Actual Startup Time": 712.136, "Actual Total Time": 712.136, "Actual Rows": 0, "Actual Loops": 1, "Index Cond": "(company_type_id = ct.id)", "Rows Removed by Index Recheck": 0, "Filter": "(((note)::text ~~ '%(VHS)%'::text) AND ((note)::text ~~ '%(USA)%'::text) AND ((note)::text ~~ '%(1994)%'::text))", "Rows Removed by Filter": 1334883}]}, {"Node Type": "Index Scan", "Parent Relationship": "Inner", "Scan Direction": "Forward", "Index Name": "title_pkey", "Relation Name": "title", "Alias": "t", "Startup Cost": 0.0, "Total Cost": 8.27, "Plan Rows": 1, "Plan Width": 21, "Actual Startup Time": 0.0, "Actual Total Time": 0.0, "Index Cond": "(id = mc.movie_id)", "Rows Removed by Index Recheck": 0, "Filter": "(production_year > 2010)", "Rows Removed by Filter": 0}]}, {"Node Type": "Index Scan", "Parent Relationship": "Inner", "Scan Direction": "Forward", "Index Name": "movie_id_movie_info", "Relation Name": "movie_info", "Alias": "mi", "Startup Cost": 0.0, "Total Cost": 2.46, "Plan Rows": 1, "Plan Width": 8, "Actual Startup Time": 0.0, "Actual Total Time": 0.0, "Index Cond": "(movie_id = t.id)", "Rows Removed by Index Recheck": 0, "Filter": "((info)::text = ANY ('{USA,America}'::text[]))", "Rows Removed by Filter": 0}]}, {"Node Type": "Index Only Scan", "Parent Relationship": "Inner", "Scan Direction": "Forward", "Index Name": "info_type_pkey", "Relation Name": "info_type", "Alias": "it", "Startup Cost": 0.0, "Total Cost": 0.27, "Plan Rows": 1, "Plan Width": 4, "Actual Startup Time": 0.0, "Actual Total Time": 0.0, "Index Cond": "(id = mi.info_type_id)", "Rows Removed by Index Recheck": 0, "Heap Fetches": 0}]}]}, "Triggers": [], "Planner Runtime": 9.362, "Total Runtime": 712.43, "Unique SQL Id": 328306525}}, "(64, '2')": {"explain_plan": {"Plan": {"Node Type": "Aggregate", "Strategy": "Plain", "Startup Cost": 62302.06, "Total Cost": 62302.07, "Plan Rows": 1, "Plan Width": 49, "Plans": [{"Node Type": "Nested Loop", "Parent Relationship": "Outer", "Join Type": "Inner", "Startup Cost": 4.61, "Total Cost": 62302.0, "Plan Rows": 24, "Plan Width": 17, "Inner Unique": false, "Join Filter": "(mi.info_type_id = it.id)", "Plans": [{"Node Type": "Seq Scan", "Parent Relationship": "Outer", "Relation Name": "info_type", "Alias": "it", "Startup Cost": 0.0, "Total Cost": 2.12, "Plan Rows": 112, "Plan Width": 4}, {"Node Type": "Materialize", "Parent Relationship": "Inner", "Startup Cost": 4.61, "Total Cost": 62259.62, "Plan Rows": 24, "Plan Width": 21, "Plans": [{"Node Type": "Nested Loop", "Parent Relationship": "Outer", "Join Type": "Inner", "Startup Cost": 4.61, "Total Cost": 62259.5, "Plan Rows": 24, "Plan Width": 21, "Inner Unique": true, "Plans": [{"Node Type": "Nested Loop", "Parent Relationship": "Outer", "Join Type": "Inner", "Startup Cost": 4.29, "Total Cost": 62116.08, "Plan Rows": 33, "Plan Width": 12, "Inner Unique": false, "Plans": [{"Node Type": "Nested Loop", "Parent Relationship": "Outer", "Join Type": "Inner", "Startup Cost": 0.0, "Total Cost": 61387.52, "Plan Rows": 30, "Plan Width": 4, "Inner Unique": false, "Join Filter": "(ct.id = mc.company_type_id)", "Plans": [{"Node Type": "Seq Scan", "Parent Relationship": "Outer", "Relation Name": "company_type", "Alias": "ct", "Startup Cost": 0.0, "Total Cost": 1.04, "Plan Rows": 1, "Plan Width": 4, "Filter": "((kind)::text = 'production companies'::text)"}, {"Node Type": "Seq Scan", "Parent Relationship": "Inner", "Relation Name": "movie_companies", "Alias": "mc", "Startup Cost": 0.0, "Total Cost": 61385.74, "Plan Rows": 59, "Plan Width": 8, "Filter": "(((note)::text ~~ '%(VHS)%'::text) AND ((note)::text ~~ '%(USA)%'::text) AND ((note)::text ~~ '%(1994)%'::text))"}]}, {"Node Type": "Bitmap Heap Scan", "Parent Relationship": "Inner", "Relation Name": "movie_info", "Alias": "mi", "Startup Cost": 4.29, "Total Cost": 24.28, "Plan Rows": 1, "Plan Width": 8, "Recheck Cond": "(movie_id = mc.movie_id)", "Filter": "((info)::text = ANY ('{USA,America}'::text[]))", "Plans": [{"Node Type": "Bitmap Index Scan", "Parent Relationship": "Outer", "Index Name": "movie_id_movie_info", "Startup Cost": 0.0, "Total Cost": 4.29, "Plan Rows": 5, "Plan Width": 0, "Index Cond": "(movie_id = mc.movie_id)"}]}]}, {"Node Type": "Bitmap Heap Scan", "Parent Relationship": "Inner", "Relation Name": "title", "Alias": "t", "Startup Cost": 0.32, "Total Cost": 4.34, "Plan Rows": 1, "Plan Width": 21, "Recheck Cond": "(id = mi.movie_id)", "Filter": "(production_year > 2010)", "Plans": [{"Node Type": "Bitmap Index Scan", "Parent Relationship": "Outer", "Index Name": "title_pkey", "Startup Cost": 0.0, "Total Cost": 0.32, "Plan Rows": 1, "Plan Width": 0, "Index Cond": "(id = mi.movie_id)"}]}]}]}]}]}, "Unique SQL Id": 328306525, "Planner Runtime": 10}, "explain_analyze_plan": {"Plan": {"Node Type": "Aggregate", "Strategy": "Plain", "Startup Cost": 62302.06, "Total Cost": 62302.07, "Plan Rows": 1, "Plan Width": 49, "Actual Startup Time": 948.946, "Actual Total Time": 948.947, "Actual Rows": 1, "Actual Loops": 1, "Plans": [{"Node Type": "Nested Loop", "Parent Relationship": "Outer", "Join Type": "Inner", "Startup Cost": 4.61, "Total Cost": 62302.0, "Plan Rows": 24, "Plan Width": 17, "Actual Startup Time": 948.937, "Actual Total Time": 948.937, "Actual Rows": 0, "Actual Loops": 1, "Inner Unique": false, "Join Filter": "(mi.info_type_id = it.id)", "Rows Removed by Join Filter": 0, "Plans": [{"Node Type": "Seq Scan", "Parent Relationship": "Outer", "Relation Name": "info_type", "Alias": "it", "Startup Cost": 0.0, "Total Cost": 2.12, "Plan Rows": 112, "Plan Width": 4, "Actual Startup Time": 0.024, "Actual Total Time": 0.047, "Actual Rows": 112, "Actual Loops": 1}, {"Node Type": "Materialize", "Parent Relationship": "Inner", "Startup Cost": 4.61, "Total Cost": 62259.62, "Plan Rows": 24, "Plan Width": 21, "Actual Startup Time": 948.862, "Actual Total Time": 948.862, "Actual Rows": 0, "Actual Loops": 112, "Plans": [{"Node Type": "Nested Loop", "Parent Relationship": "Outer", "Join Type": "Inner", "Startup Cost": 4.61, "Total Cost": 62259.5, "Plan Rows": 24, "Plan Width": 21, "Actual Startup Time": 948.851, "Actual Total Time": 948.851, "Actual Rows": 0, "Actual Loops": 1, "Inner Unique": true, "Plans": [{"Node Type": "Nested Loop", "Parent Relationship": "Outer", "Join Type": "Inner", "Startup Cost": 4.29, "Total Cost": 62116.08, "Plan Rows": 33, "Plan Width": 12, "Actual Startup Time": 948.85, "Actual Total Time": 948.85, "Actual Rows": 0, "Actual Loops": 1, "Inner Unique": false, "Plans": [{"Node Type": "Nested Loop", "Parent Relationship": "Outer", "Join Type": "Inner", "Startup Cost": 0.0, "Total Cost": 61387.52, "Plan Rows": 30, "Plan Width": 4, "Actual Startup Time": 948.848, "Actual Total Time": 948.848, "Actual Rows": 0, "Actual Loops": 1, "Inner Unique": false, "Join Filter": "(ct.id = mc.company_type_id)", "Rows Removed by Join Filter": 1418, "Plans": [{"Node Type": "Seq Scan", "Parent Relationship": "Outer", "Relation Name": "company_type", "Alias": "ct", "Startup Cost": 0.0, "Total Cost": 1.04, "Plan Rows": 1, "Plan Width": 4, "Actual Startup Time": 0.009, "Actual Total Time": 0.014, "Actual Rows": 1, "Actual Loops": 1, "Filter": "((kind)::text = 'production companies'::text)", "Rows Removed by Filter": 2}, {"Node Type": "Seq Scan", "Parent Relationship": "Inner", "Relation Name": "movie_companies", "Alias": "mc", "Startup Cost": 0.0, "Total Cost": 61385.74, "Plan Rows": 59, "Plan Width": 8, "Actual Startup Time": 3.999, "Actual Total Time": 948.403, "Actual Rows": 1418, "Actual Loops": 1, "Filter": "(((note)::text ~~ '%(VHS)%'::text) AND ((note)::text ~~ '%(USA)%'::text) AND ((note)::text ~~ '%(1994)%'::text))", "Rows Removed by Filter": 2607710}]}, {"Node Type": "Bitmap Heap Scan", "Parent Relationship": "Inner", "Relation Name": "movie_info", "Alias": "mi", "Startup Cost": 4.29, "Total Cost": 24.28, "Plan Rows": 1, "Plan Width": 8, "Actual Startup Time": 0.0, "Actual Total Time": 0.0, "Recheck Cond": "(movie_id = mc.movie_id)", "Rows Removed by Index Recheck": 0, "Filter": "((info)::text = ANY ('{USA,America}'::text[]))", "Rows Removed by Filter": 0, "Exact Heap Blocks": 0, "Lossy Heap Blocks": 0, "Plans": [{"Node Type": "Bitmap Index Scan", "Parent Relationship": "Outer", "Index Name": "movie_id_movie_info", "Startup Cost": 0.0, "Total Cost": 4.29, "Plan Rows": 5, "Plan Width": 0, "Actual Startup Time": 0.0, "Actual Total Time": 0.0, "Index Cond": "(movie_id = mc.movie_id)"}]}]}, {"Node Type": "Bitmap Heap Scan", "Parent Relationship": "Inner", "Relation Name": "title", "Alias": "t", "Startup Cost": 0.32, "Total Cost": 4.34, "Plan Rows": 1, "Plan Width": 21, "Actual Startup Time": 0.0, "Actual Total Time": 0.0, "Recheck Cond": "(id = mi.movie_id)", "Rows Removed by Index Recheck": 0, "Filter": "(production_year > 2010)", "Rows Removed by Filter": 0, "Exact Heap Blocks": 0, "Lossy Heap Blocks": 0, "Plans": [{"Node Type": "Bitmap Index Scan", "Parent Relationship": "Outer", "Index Name": "title_pkey", "Startup Cost": 0.0, "Total Cost": 0.32, "Plan Rows": 1, "Plan Width": 0, "Actual Startup Time": 0.0, "Actual Total Time": 0.0, "Index Cond": "(id = mi.movie_id)"}]}]}]}]}]}, "Triggers": [], "Planner Runtime": 10.11, "Total Runtime": 949.204, "Unique SQL Id": 328306525}}, "(64, '3')": {"explain_plan": {"Plan": {"Node Type": "Aggregate", "Strategy": "Plain", "Startup Cost": 71749.13, "Total Cost": 71749.14, "Plan Rows": 1, "Plan Width": 49, "Plans": [{"Node Type": "Nested Loop", "Parent Relationship": "Outer", "Join Type": "Inner", "Startup Cost": 28957.62, "Total Cost": 71749.07, "Plan Rows": 24, "Plan Width": 17, "Inner Unique": true, "Plans": [{"Node Type": "Nested Loop", "Parent Relationship": "Outer", "Join Type": "Inner", "Startup Cost": 28957.36, "Total Cost": 71646.35, "Plan Rows": 24, "Plan Width": 21, "Inner Unique": true, "Plans": [{"Node Type": "Nested Loop", "Parent Relationship": "Outer", "Join Type": "Inner", "Startup Cost": 28957.04, "Total Cost": 71502.93, "Plan Rows": 33, "Plan Width": 12, "Inner Unique": false, "Plans": [{"Node Type": "Nested Loop", "Parent Relationship": "Outer", "Join Type": "Inner", "Startup Cost": 28952.75, "Total Cost": 70774.36, "Plan Rows": 30, "Plan Width": 4, "Inner Unique": false, "Plans": [{"Node Type": "Bitmap Heap Scan", "Parent Relationship": "Outer", "Relation Name": "company_type", "Alias": "ct", "Startup Cost": 8.27, "Total Cost": 12.3, "Plan Rows": 1, "Plan Width": 4, "Filter": "((kind)::text = 'production companies'::text)", "Plans": [{"Node Type": "Bitmap Index Scan", "Parent Relationship": "Outer", "Index Name": "company_type_pkey", "Startup Cost": 0.0, "Total Cost": 8.27, "Plan Rows": 3, "Plan Width": 0}]}, {"Node Type": "Bitmap Heap Scan", "Parent Relationship": "Inner", "Relation Name": "movie_companies", "Alias": "mc", "Startup Cost": 28944.49, "Total Cost": 70761.77, "Plan Rows": 29, "Plan Width": 8, "Recheck Cond": "(company_type_id = ct.id)", "Filter": "(((note)::text ~~ '%(VHS)%'::text) AND ((note)::text ~~ '%(USA)%'::text) AND ((note)::text ~~ '%(1994)%'::text))", "Plans": [{"Node Type": "Bitmap Index Scan", "Parent Relationship": "Outer", "Index Name": "company_type_id_movie_companies", "Startup Cost": 0.0, "Total Cost": 28944.48, "Plan Rows": 1304564, "Plan Width": 0, "Index Cond": "(company_type_id = ct.id)"}]}]}, {"Node Type": "Bitmap Heap Scan", "Parent Relationship": "Inner", "Relation Name": "movie_info", "Alias": "mi", "Startup Cost": 4.29, "Total Cost": 24.28, "Plan Rows": 1, "Plan Width": 8, "Recheck Cond": "(movie_id = mc.movie_id)", "Filter": "((info)::text = ANY ('{USA,America}'::text[]))", "Plans": [{"Node Type": "Bitmap Index Scan", "Parent Relationship": "Outer", "Index Name": "movie_id_movie_info", "Startup Cost": 0.0, "Total Cost": 4.29, "Plan Rows": 5, "Plan Width": 0, "Index Cond": "(movie_id = mc.movie_id)"}]}]}, {"Node Type": "Bitmap Heap Scan", "Parent Relationship": "Inner", "Relation Name": "title", "Alias": "t", "Startup Cost": 0.32, "Total Cost": 4.34, "Plan Rows": 1, "Plan Width": 21, "Recheck Cond": "(id = mi.movie_id)", "Filter": "(production_year > 2010)", "Plans": [{"Node Type": "Bitmap Index Scan", "Parent Relationship": "Outer", "Index Name": "title_pkey", "Startup Cost": 0.0, "Total Cost": 0.32, "Plan Rows": 1, "Plan Width": 0, "Index Cond": "(id = mi.movie_id)"}]}]}, {"Node Type": "Bitmap Heap Scan", "Parent Relationship": "Inner", "Relation Name": "info_type", "Alias": "it", "Startup Cost": 0.26, "Total Cost": 4.27, "Plan Rows": 1, "Plan Width": 4, "Recheck Cond": "(id = mi.info_type_id)", "Plans": [{"Node Type": "Bitmap Index Scan", "Parent Relationship": "Outer", "Index Name": "info_type_pkey", "Startup Cost": 0.0, "Total Cost": 0.26, "Plan Rows": 1, "Plan Width": 0, "Index Cond": "(id = mi.info_type_id)"}]}]}]}, "Unique SQL Id": 328306525, "Planner Runtime": 8}, "explain_analyze_plan": {"Plan": {"Node Type": "Aggregate", "Strategy": "Plain", "Startup Cost": 71749.13, "Total Cost": 71749.14, "Plan Rows": 1, "Plan Width": 49, "Actual Startup Time": 576.153, "Actual Total Time": 576.154, "Actual Rows": 1, "Actual Loops": 1, "Plans": [{"Node Type": "Nested Loop", "Parent Relationship": "Outer", "Join Type": "Inner", "Startup Cost": 28957.62, "Total Cost": 71749.07, "Plan Rows": 24, "Plan Width": 17, "Actual Startup Time": 576.145, "Actual Total Time": 576.145, "Actual Rows": 0, "Actual Loops": 1, "Inner Unique": true, "Plans": [{"Node Type": "Nested Loop", "Parent Relationship": "Outer", "Join Type": "Inner", "Startup Cost": 28957.36, "Total Cost": 71646.35, "Plan Rows": 24, "Plan Width": 21, "Actual Startup Time": 576.144, "Actual Total Time": 576.144, "Actual Rows": 0, "Actual Loops": 1, "Inner Unique": true, "Plans": [{"Node Type": "Nested Loop", "Parent Relationship": "Outer", "Join Type": "Inner", "Startup Cost": 28957.04, "Total Cost": 71502.93, "Plan Rows": 33, "Plan Width": 12, "Actual Startup Time": 576.143, "Actual Total Time": 576.143, "Actual Rows": 0, "Actual Loops": 1, "Inner Unique": false, "Plans": [{"Node Type": "Nested Loop", "Parent Relationship": "Outer", "Join Type": "Inner", "Startup Cost": 28952.75, "Total Cost": 70774.36, "Plan Rows": 30, "Plan Width": 4, "Actual Startup Time": 576.141, "Actual Total Time": 576.141, "Actual Rows": 0, "Actual Loops": 1, "Inner Unique": false, "Plans": [{"Node Type": "Bitmap Heap Scan", "Parent Relationship": "Outer", "Relation Name": "company_type", "Alias": "ct", "Startup Cost": 8.27, "Total Cost": 12.3, "Plan Rows": 1, "Plan Width": 4, "Actual Startup Time": 0.029, "Actual Total Time": 0.034, "Actual Rows": 1, "Actual Loops": 1, "Filter": "((kind)::text = 'production companies'::text)", "Rows Removed by Filter": 2, "Exact Heap Blocks": 1, "Lossy Heap Blocks": 1, "Plans": [{"Node Type": "Bitmap Index Scan", "Parent Relationship": "Outer", "Index Name": "company_type_pkey", "Startup Cost": 0.0, "Total Cost": 8.27, "Plan Rows": 3, "Plan Width": 0, "Actual Startup Time": 0.009, "Actual Total Time": 0.009, "Actual Rows": 3, "Actual Loops": 1}]}, {"Node Type": "Bitmap Heap Scan", "Parent Relationship": "Inner", "Relation Name": "movie_companies", "Alias": "mc", "Startup Cost": 28944.49, "Total Cost": 70761.77, "Plan Rows": 29, "Plan Width": 8, "Actual Startup Time": 576.098, "Actual Total Time": 576.098, "Actual Rows": 0, "Actual Loops": 1, "Recheck Cond": "(company_type_id = ct.id)", "Rows Removed by Index Recheck": 0, "Filter": "(((note)::text ~~ '%(VHS)%'::text) AND ((note)::text ~~ '%(USA)%'::text) AND ((note)::text ~~ '%(1994)%'::text))", "Rows Removed by Filter": 1334883, "Exact Heap Blocks": 6196, "Lossy Heap Blocks": 6196, "Plans": [{"Node Type": "Bitmap Index Scan", "Parent Relationship": "Outer", "Index Name": "company_type_id_movie_companies", "Startup Cost": 0.0, "Total Cost": 28944.48, "Plan Rows": 1304564, "Plan Width": 0, "Actual Startup Time": 146.94, "Actual Total Time": 146.94, "Actual Rows": 1334883, "Actual Loops": 1, "Index Cond": "(company_type_id = ct.id)"}]}]}, {"Node Type": "Bitmap Heap Scan", "Parent Relationship": "Inner", "Relation Name": "movie_info", "Alias": "mi", "Startup Cost": 4.29, "Total Cost": 24.28, "Plan Rows": 1, "Plan Width": 8, "Actual Startup Time": 0.0, "Actual Total Time": 0.0, "Recheck Cond": "(movie_id = mc.movie_id)", "Rows Removed by Index Recheck": 0, "Filter": "((info)::text = ANY ('{USA,America}'::text[]))", "Rows Removed by Filter": 0, "Exact Heap Blocks": 0, "Lossy Heap Blocks": 0, "Plans": [{"Node Type": "Bitmap Index Scan", "Parent Relationship": "Outer", "Index Name": "movie_id_movie_info", "Startup Cost": 0.0, "Total Cost": 4.29, "Plan Rows": 5, "Plan Width": 0, "Actual Startup Time": 0.0, "Actual Total Time": 0.0, "Index Cond": "(movie_id = mc.movie_id)"}]}]}, {"Node Type": "Bitmap Heap Scan", "Parent Relationship": "Inner", "Relation Name": "title", "Alias": "t", "Startup Cost": 0.32, "Total Cost": 4.34, "Plan Rows": 1, "Plan Width": 21, "Actual Startup Time": 0.0, "Actual Total Time": 0.0, "Recheck Cond": "(id = mi.movie_id)", "Rows Removed by Index Recheck": 0, "Filter": "(production_year > 2010)", "Rows Removed by Filter": 0, "Exact Heap Blocks": 0, "Lossy Heap Blocks": 0, "Plans": [{"Node Type": "Bitmap Index Scan", "Parent Relationship": "Outer", "Index Name": "title_pkey", "Startup Cost": 0.0, "Total Cost": 0.32, "Plan Rows": 1, "Plan Width": 0, "Actual Startup Time": 0.0, "Actual Total Time": 0.0, "Index Cond": "(id = mi.movie_id)"}]}]}, {"Node Type": "Bitmap Heap Scan", "Parent Relationship": "Inner", "Relation Name": "info_type", "Alias": "it", "Startup Cost": 0.26, "Total Cost": 4.27, "Plan Rows": 1, "Plan Width": 4, "Actual Startup Time": 0.0, "Actual Total Time": 0.0, "Recheck Cond": "(id = mi.info_type_id)", "Rows Removed by Index Recheck": 0, "Exact Heap Blocks": 0, "Lossy Heap Blocks": 0, "Plans": [{"Node Type": "Bitmap Index Scan", "Parent Relationship": "Outer", "Index Name": "info_type_pkey", "Startup Cost": 0.0, "Total Cost": 0.26, "Plan Rows": 1, "Plan Width": 0, "Actual Startup Time": 0.0, "Actual Total Time": 0.0, "Index Cond": "(id = mi.info_type_id)"}]}]}]}, "Triggers": [], "Planner Runtime": 8.36, "Total Runtime": 576.478, "Unique SQL Id": 328306525}}, "(64, '4')": {"explain_plan": {"Plan": {"Node Type": "Aggregate", "Strategy": "Plain", "Startup Cost": 61721.76, "Total Cost": 61721.77, "Plan Rows": 1, "Plan Width": 49, "Plans": [{"Node Type": "Nested Loop", "Parent Relationship": "Outer", "Join Type": "Inner", "Startup Cost": 0.0, "Total Cost": 61721.7, "Plan Rows": 24, "Plan Width": 17, "Inner Unique": true, "Plans": [{"Node Type": "Nested Loop", "Parent Relationship": "Outer", "Join Type": "Inner", "Startup Cost": 0.0, "Total Cost": 61714.98, "Plan Rows": 24, "Plan Width": 21, "Inner Unique": false, "Plans": [{"Node Type": "Nested Loop", "Parent Relationship": "Outer", "Join Type": "Inner", "Startup Cost": 0.0, "Total Cost": 61635.99, "Plan Rows": 32, "Plan Width": 25, "Inner Unique": true, "Plans": [{"Node Type": "Nested Loop", "Parent Relationship": "Outer", "Join Type": "Inner", "Startup Cost": 0.0, "Total Cost": 61387.52, "Plan Rows": 30, "Plan Width": 4, "Inner Unique": false, "Join Filter": "(ct.id = mc.company_type_id)", "Plans": [{"Node Type": "Seq Scan", "Parent Relationship": "Outer", "Relation Name": "company_type", "Alias": "ct", "Startup Cost": 0.0, "Total Cost": 1.04, "Plan Rows": 1, "Plan Width": 4, "Filter": "((kind)::text = 'production companies'::text)"}, {"Node Type": "Seq Scan", "Parent Relationship": "Inner", "Relation Name": "movie_companies", "Alias": "mc", "Startup Cost": 0.0, "Total Cost": 61385.74, "Plan Rows": 59, "Plan Width": 8, "Filter": "(((note)::text ~~ '%(VHS)%'::text) AND ((note)::text ~~ '%(USA)%'::text) AND ((note)::text ~~ '%(1994)%'::text))"}]}, {"Node Type": "Index Scan", "Parent Relationship": "Inner", "Scan Direction": "Forward", "Index Name": "title_pkey", "Relation Name": "title", "Alias": "t", "Startup Cost": 0.0, "Total Cost": 8.27, "Plan Rows": 1, "Plan Width": 21, "Index Cond": "(id = mc.movie_id)", "Filter": "(production_year > 2010)"}]}, {"Node Type": "Index Scan", "Parent Relationship": "Inner", "Scan Direction": "Forward", "Index Name": "movie_id_movie_info", "Relation Name": "movie_info", "Alias": "mi", "Startup Cost": 0.0, "Total Cost": 2.46, "Plan Rows": 1, "Plan Width": 8, "Index Cond": "(movie_id = t.id)", "Filter": "((info)::text = ANY ('{USA,America}'::text[]))"}]}, {"Node Type": "Index Scan", "Parent Relationship": "Inner", "Scan Direction": "Forward", "Index Name": "info_type_pkey", "Relation Name": "info_type", "Alias": "it", "Startup Cost": 0.0, "Total Cost": 0.27, "Plan Rows": 1, "Plan Width": 4, "Index Cond": "(id = mi.info_type_id)"}]}]}, "Unique SQL Id": 328306525, "Planner Runtime": 9}, "explain_analyze_plan": {"Plan": {"Node Type": "Aggregate", "Strategy": "Plain", "Startup Cost": 61721.76, "Total Cost": 61721.77, "Plan Rows": 1, "Plan Width": 49, "Actual Startup Time": 945.137, "Actual Total Time": 945.138, "Actual Rows": 1, "Actual Loops": 1, "Plans": [{"Node Type": "Nested Loop", "Parent Relationship": "Outer", "Join Type": "Inner", "Startup Cost": 0.0, "Total Cost": 61721.7, "Plan Rows": 24, "Plan Width": 17, "Actual Startup Time": 945.129, "Actual Total Time": 945.129, "Actual Rows": 0, "Actual Loops": 1, "Inner Unique": true, "Plans": [{"Node Type": "Nested Loop", "Parent Relationship": "Outer", "Join Type": "Inner", "Startup Cost": 0.0, "Total Cost": 61714.98, "Plan Rows": 24, "Plan Width": 21, "Actual Startup Time": 945.128, "Actual Total Time": 945.128, "Actual Rows": 0, "Actual Loops": 1, "Inner Unique": false, "Plans": [{"Node Type": "Nested Loop", "Parent Relationship": "Outer", "Join Type": "Inner", "Startup Cost": 0.0, "Total Cost": 61635.99, "Plan Rows": 32, "Plan Width": 25, "Actual Startup Time": 945.127, "Actual Total Time": 945.127, "Actual Rows": 0, "Actual Loops": 1, "Inner Unique": true, "Plans": [{"Node Type": "Nested Loop", "Parent Relationship": "Outer", "Join Type": "Inner", "Startup Cost": 0.0, "Total Cost": 61387.52, "Plan Rows": 30, "Plan Width": 4, "Actual Startup Time": 945.125, "Actual Total Time": 945.125, "Actual Rows": 0, "Actual Loops": 1, "Inner Unique": false, "Join Filter": "(ct.id = mc.company_type_id)", "Rows Removed by Join Filter": 1418, "Plans": [{"Node Type": "Seq Scan", "Parent Relationship": "Outer", "Relation Name": "company_type", "Alias": "ct", "Startup Cost": 0.0, "Total Cost": 1.04, "Plan Rows": 1, "Plan Width": 4, "Actual Startup Time": 0.021, "Actual Total Time": 0.027, "Actual Rows": 1, "Actual Loops": 1, "Filter": "((kind)::text = 'production companies'::text)", "Rows Removed by Filter": 2}, {"Node Type": "Seq Scan", "Parent Relationship": "Inner", "Relation Name": "movie_companies", "Alias": "mc", "Startup Cost": 0.0, "Total Cost": 61385.74, "Plan Rows": 59, "Plan Width": 8, "Actual Startup Time": 3.882, "Actual Total Time": 944.67, "Actual Rows": 1418, "Actual Loops": 1, "Filter": "(((note)::text ~~ '%(VHS)%'::text) AND ((note)::text ~~ '%(USA)%'::text) AND ((note)::text ~~ '%(1994)%'::text))", "Rows Removed by Filter": 2607710}]}, {"Node Type": "Index Scan", "Parent Relationship": "Inner", "Scan Direction": "Forward", "Index Name": "title_pkey", "Relation Name": "title", "Alias": "t", "Startup Cost": 0.0, "Total Cost": 8.27, "Plan Rows": 1, "Plan Width": 21, "Actual Startup Time": 0.0, "Actual Total Time": 0.0, "Index Cond": "(id = mc.movie_id)", "Rows Removed by Index Recheck": 0, "Filter": "(production_year > 2010)", "Rows Removed by Filter": 0}]}, {"Node Type": "Index Scan", "Parent Relationship": "Inner", "Scan Direction": "Forward", "Index Name": "movie_id_movie_info", "Relation Name": "movie_info", "Alias": "mi", "Startup Cost": 0.0, "Total Cost": 2.46, "Plan Rows": 1, "Plan Width": 8, "Actual Startup Time": 0.0, "Actual Total Time": 0.0, "Index Cond": "(movie_id = t.id)", "Rows Removed by Index Recheck": 0, "Filter": "((info)::text = ANY ('{USA,America}'::text[]))", "Rows Removed by Filter": 0}]}, {"Node Type": "Index Scan", "Parent Relationship": "Inner", "Scan Direction": "Forward", "Index Name": "info_type_pkey", "Relation Name": "info_type", "Alias": "it", "Startup Cost": 0.0, "Total Cost": 0.27, "Plan Rows": 1, "Plan Width": 4, "Actual Startup Time": 0.0, "Actual Total Time": 0.0, "Index Cond": "(id = mi.info_type_id)", "Rows Removed by Index Recheck": 0}]}]}, "Triggers": [], "Planner Runtime": 9.643, "Total Runtime": 945.575, "Unique SQL Id": 328306525}}, "(64, '5')": {"explain_plan": {"Plan": {"Node Type": "Aggregate", "Strategy": "Plain", "Startup Cost": 63248.6, "Total Cost": 63248.61, "Plan Rows": 1, "Plan Width": 49, "Plans": [{"Node Type": "Nested Loop", "Parent Relationship": "Outer", "Join Type": "Inner", "Startup Cost": 0.0, "Total Cost": 63248.54, "Plan Rows": 24, "Plan Width": 17, "Inner Unique": true, "Plans": [{"Node Type": "Nested Loop", "Parent Relationship": "Outer", "Join Type": "Inner", "Startup Cost": 0.0, "Total Cost": 63241.82, "Plan Rows": 24, "Plan Width": 21, "Inner Unique": false, "Plans": [{"Node Type": "Nested Loop", "Parent Relationship": "Outer", "Join Type": "Inner", "Startup Cost": 0.0, "Total Cost": 63162.83, "Plan Rows": 32, "Plan Width": 25, "Inner Unique": true, "Plans": [{"Node Type": "Nested Loop", "Parent Relationship": "Outer", "Join Type": "Inner", "Startup Cost": 0.0, "Total Cost": 62914.35, "Plan Rows": 30, "Plan Width": 4, "Inner Unique": false, "Plans": [{"Node Type": "Index Scan", "Parent Relationship": "Outer", "Scan Direction": "Forward", "Index Name": "company_type_pkey", "Relation Name": "company_type", "Alias": "ct", "Startup Cost": 0.0, "Total Cost": 12.3, "Plan Rows": 1, "Plan Width": 4, "Filter": "((kind)::text = 'production companies'::text)"}, {"Node Type": "Index Scan", "Parent Relationship": "Inner", "Scan Direction": "Forward", "Index Name": "company_type_id_movie_companies", "Relation Name": "movie_companies", "Alias": "mc", "Startup Cost": 0.0, "Total Cost": 62901.76, "Plan Rows": 29, "Plan Width": 8, "Index Cond": "(company_type_id = ct.id)", "Filter": "(((note)::text ~~ '%(VHS)%'::text) AND ((note)::text ~~ '%(USA)%'::text) AND ((note)::text ~~ '%(1994)%'::text))"}]}, {"Node Type": "Index Scan", "Parent Relationship": "Inner", "Scan Direction": "Forward", "Index Name": "title_pkey", "Relation Name": "title", "Alias": "t", "Startup Cost": 0.0, "Total Cost": 8.27, "Plan Rows": 1, "Plan Width": 21, "Index Cond": "(id = mc.movie_id)", "Filter": "(production_year > 2010)"}]}, {"Node Type": "Index Scan", "Parent Relationship": "Inner", "Scan Direction": "Forward", "Index Name": "movie_id_movie_info", "Relation Name": "movie_info", "Alias": "mi", "Startup Cost": 0.0, "Total Cost": 2.46, "Plan Rows": 1, "Plan Width": 8, "Index Cond": "(movie_id = t.id)", "Filter": "((info)::text = ANY ('{USA,America}'::text[]))"}]}, {"Node Type": "Index Scan", "Parent Relationship": "Inner", "Scan Direction": "Forward", "Index Name": "info_type_pkey", "Relation Name": "info_type", "Alias": "it", "Startup Cost": 0.0, "Total Cost": 0.27, "Plan Rows": 1, "Plan Width": 4, "Index Cond": "(id = mi.info_type_id)"}]}]}, "Unique SQL Id": 328306525, "Planner Runtime": 9}, "explain_analyze_plan": {"Plan": {"Node Type": "Aggregate", "Strategy": "Plain", "Startup Cost": 63248.6, "Total Cost": 63248.61, "Plan Rows": 1, "Plan Width": 49, "Actual Startup Time": 707.469, "Actual Total Time": 707.469, "Actual Rows": 1, "Actual Loops": 1, "Plans": [{"Node Type": "Nested Loop", "Parent Relationship": "Outer", "Join Type": "Inner", "Startup Cost": 0.0, "Total Cost": 63248.54, "Plan Rows": 24, "Plan Width": 17, "Actual Startup Time": 707.462, "Actual Total Time": 707.462, "Actual Rows": 0, "Actual Loops": 1, "Inner Unique": true, "Plans": [{"Node Type": "Nested Loop", "Parent Relationship": "Outer", "Join Type": "Inner", "Startup Cost": 0.0, "Total Cost": 63241.82, "Plan Rows": 24, "Plan Width": 21, "Actual Startup Time": 707.46, "Actual Total Time": 707.46, "Actual Rows": 0, "Actual Loops": 1, "Inner Unique": false, "Plans": [{"Node Type": "Nested Loop", "Parent Relationship": "Outer", "Join Type": "Inner", "Startup Cost": 0.0, "Total Cost": 63162.83, "Plan Rows": 32, "Plan Width": 25, "Actual Startup Time": 707.458, "Actual Total Time": 707.458, "Actual Rows": 0, "Actual Loops": 1, "Inner Unique": true, "Plans": [{"Node Type": "Nested Loop", "Parent Relationship": "Outer", "Join Type": "Inner", "Startup Cost": 0.0, "Total Cost": 62914.35, "Plan Rows": 30, "Plan Width": 4, "Actual Startup Time": 707.457, "Actual Total Time": 707.457, "Actual Rows": 0, "Actual Loops": 1, "Inner Unique": false, "Plans": [{"Node Type": "Index Scan", "Parent Relationship": "Outer", "Scan Direction": "Forward", "Index Name": "company_type_pkey", "Relation Name": "company_type", "Alias": "ct", "Startup Cost": 0.0, "Total Cost": 12.3, "Plan Rows": 1, "Plan Width": 4, "Actual Startup Time": 0.015, "Actual Total Time": 0.026, "Actual Rows": 1, "Actual Loops": 1, "Filter": "((kind)::text = 'production companies'::text)", "Rows Removed by Filter": 2}, {"Node Type": "Index Scan", "Parent Relationship": "Inner", "Scan Direction": "Forward", "Index Name": "company_type_id_movie_companies", "Relation Name": "movie_companies", "Alias": "mc", "Startup Cost": 0.0, "Total Cost": 62901.76, "Plan Rows": 29, "Plan Width": 8, "Actual Startup Time": 707.424, "Actual Total Time": 707.424, "Actual Rows": 0, "Actual Loops": 1, "Index Cond": "(company_type_id = ct.id)", "Rows Removed by Index Recheck": 0, "Filter": "(((note)::text ~~ '%(VHS)%'::text) AND ((note)::text ~~ '%(USA)%'::text) AND ((note)::text ~~ '%(1994)%'::text))", "Rows Removed by Filter": 1334883}]}, {"Node Type": "Index Scan", "Parent Relationship": "Inner", "Scan Direction": "Forward", "Index Name": "title_pkey", "Relation Name": "title", "Alias": "t", "Startup Cost": 0.0, "Total Cost": 8.27, "Plan Rows": 1, "Plan Width": 21, "Actual Startup Time": 0.0, "Actual Total Time": 0.0, "Index Cond": "(id = mc.movie_id)", "Rows Removed by Index Recheck": 0, "Filter": "(production_year > 2010)", "Rows Removed by Filter": 0}]}, {"Node Type": "Index Scan", "Parent Relationship": "Inner", "Scan Direction": "Forward", "Index Name": "movie_id_movie_info", "Relation Name": "movie_info", "Alias": "mi", "Startup Cost": 0.0, "Total Cost": 2.46, "Plan Rows": 1, "Plan Width": 8, "Actual Startup Time": 0.0, "Actual Total Time": 0.0, "Index Cond": "(movie_id = t.id)", "Rows Removed by Index Recheck": 0, "Filter": "((info)::text = ANY ('{USA,America}'::text[]))", "Rows Removed by Filter": 0}]}, {"Node Type": "Index Scan", "Parent Relationship": "Inner", "Scan Direction": "Forward", "Index Name": "info_type_pkey", "Relation Name": "info_type", "Alias": "it", "Startup Cost": 0.0, "Total Cost": 0.27, "Plan Rows": 1, "Plan Width": 4, "Actual Startup Time": 0.0, "Actual Total Time": 0.0, "Index Cond": "(id = mi.info_type_id)", "Rows Removed by Index Recheck": 0}]}]}, "Triggers": [], "Planner Runtime": 9.381, "Total Runtime": 707.729, "Unique SQL Id": 328306525}}, "(64, '6')": {"explain_plan": {"Plan": {"Node Type": "Aggregate", "Strategy": "Plain", "Startup Cost": 62302.06, "Total Cost": 62302.07, "Plan Rows": 1, "Plan Width": 49, "Plans": [{"Node Type": "Nested Loop", "Parent Relationship": "Outer", "Join Type": "Inner", "Startup Cost": 4.61, "Total Cost": 62302.0, "Plan Rows": 24, "Plan Width": 17, "Inner Unique": false, "Join Filter": "(mi.info_type_id = it.id)", "Plans": [{"Node Type": "Seq Scan", "Parent Relationship": "Outer", "Relation Name": "info_type", "Alias": "it", "Startup Cost": 0.0, "Total Cost": 2.12, "Plan Rows": 112, "Plan Width": 4}, {"Node Type": "Materialize", "Parent Relationship": "Inner", "Startup Cost": 4.61, "Total Cost": 62259.62, "Plan Rows": 24, "Plan Width": 21, "Plans": [{"Node Type": "Nested Loop", "Parent Relationship": "Outer", "Join Type": "Inner", "Startup Cost": 4.61, "Total Cost": 62259.5, "Plan Rows": 24, "Plan Width": 21, "Inner Unique": true, "Plans": [{"Node Type": "Nested Loop", "Parent Relationship": "Outer", "Join Type": "Inner", "Startup Cost": 4.29, "Total Cost": 62116.08, "Plan Rows": 33, "Plan Width": 12, "Inner Unique": false, "Plans": [{"Node Type": "Nested Loop", "Parent Relationship": "Outer", "Join Type": "Inner", "Startup Cost": 0.0, "Total Cost": 61387.52, "Plan Rows": 30, "Plan Width": 4, "Inner Unique": false, "Join Filter": "(ct.id = mc.company_type_id)", "Plans": [{"Node Type": "Seq Scan", "Parent Relationship": "Outer", "Relation Name": "company_type", "Alias": "ct", "Startup Cost": 0.0, "Total Cost": 1.04, "Plan Rows": 1, "Plan Width": 4, "Filter": "((kind)::text = 'production companies'::text)"}, {"Node Type": "Seq Scan", "Parent Relationship": "Inner", "Relation Name": "movie_companies", "Alias": "mc", "Startup Cost": 0.0, "Total Cost": 61385.74, "Plan Rows": 59, "Plan Width": 8, "Filter": "(((note)::text ~~ '%(VHS)%'::text) AND ((note)::text ~~ '%(USA)%'::text) AND ((note)::text ~~ '%(1994)%'::text))"}]}, {"Node Type": "Bitmap Heap Scan", "Parent Relationship": "Inner", "Relation Name": "movie_info", "Alias": "mi", "Startup Cost": 4.29, "Total Cost": 24.28, "Plan Rows": 1, "Plan Width": 8, "Recheck Cond": "(movie_id = mc.movie_id)", "Filter": "((info)::text = ANY ('{USA,America}'::text[]))", "Plans": [{"Node Type": "Bitmap Index Scan", "Parent Relationship": "Outer", "Index Name": "movie_id_movie_info", "Startup Cost": 0.0, "Total Cost": 4.29, "Plan Rows": 5, "Plan Width": 0, "Index Cond": "(movie_id = mc.movie_id)"}]}]}, {"Node Type": "Bitmap Heap Scan", "Parent Relationship": "Inner", "Relation Name": "title", "Alias": "t", "Startup Cost": 0.32, "Total Cost": 4.34, "Plan Rows": 1, "Plan Width": 21, "Recheck Cond": "(id = mi.movie_id)", "Filter": "(production_year > 2010)", "Plans": [{"Node Type": "Bitmap Index Scan", "Parent Relationship": "Outer", "Index Name": "title_pkey", "Startup Cost": 0.0, "Total Cost": 0.32, "Plan Rows": 1, "Plan Width": 0, "Index Cond": "(id = mi.movie_id)"}]}]}]}]}]}, "Unique SQL Id": 328306525, "Planner Runtime": 10}, "explain_analyze_plan": {"Plan": {"Node Type": "Aggregate", "Strategy": "Plain", "Startup Cost": 62302.06, "Total Cost": 62302.07, "Plan Rows": 1, "Plan Width": 49, "Actual Startup Time": 948.946, "Actual Total Time": 948.947, "Actual Rows": 1, "Actual Loops": 1, "Plans": [{"Node Type": "Nested Loop", "Parent Relationship": "Outer", "Join Type": "Inner", "Startup Cost": 4.61, "Total Cost": 62302.0, "Plan Rows": 24, "Plan Width": 17, "Actual Startup Time": 948.937, "Actual Total Time": 948.937, "Actual Rows": 0, "Actual Loops": 1, "Inner Unique": false, "Join Filter": "(mi.info_type_id = it.id)", "Rows Removed by Join Filter": 0, "Plans": [{"Node Type": "Seq Scan", "Parent Relationship": "Outer", "Relation Name": "info_type", "Alias": "it", "Startup Cost": 0.0, "Total Cost": 2.12, "Plan Rows": 112, "Plan Width": 4, "Actual Startup Time": 0.024, "Actual Total Time": 0.047, "Actual Rows": 112, "Actual Loops": 1}, {"Node Type": "Materialize", "Parent Relationship": "Inner", "Startup Cost": 4.61, "Total Cost": 62259.62, "Plan Rows": 24, "Plan Width": 21, "Actual Startup Time": 948.862, "Actual Total Time": 948.862, "Actual Rows": 0, "Actual Loops": 112, "Plans": [{"Node Type": "Nested Loop", "Parent Relationship": "Outer", "Join Type": "Inner", "Startup Cost": 4.61, "Total Cost": 62259.5, "Plan Rows": 24, "Plan Width": 21, "Actual Startup Time": 948.851, "Actual Total Time": 948.851, "Actual Rows": 0, "Actual Loops": 1, "Inner Unique": true, "Plans": [{"Node Type": "Nested Loop", "Parent Relationship": "Outer", "Join Type": "Inner", "Startup Cost": 4.29, "Total Cost": 62116.08, "Plan Rows": 33, "Plan Width": 12, "Actual Startup Time": 948.85, "Actual Total Time": 948.85, "Actual Rows": 0, "Actual Loops": 1, "Inner Unique": false, "Plans": [{"Node Type": "Nested Loop", "Parent Relationship": "Outer", "Join Type": "Inner", "Startup Cost": 0.0, "Total Cost": 61387.52, "Plan Rows": 30, "Plan Width": 4, "Actual Startup Time": 948.848, "Actual Total Time": 948.848, "Actual Rows": 0, "Actual Loops": 1, "Inner Unique": false, "Join Filter": "(ct.id = mc.company_type_id)", "Rows Removed by Join Filter": 1418, "Plans": [{"Node Type": "Seq Scan", "Parent Relationship": "Outer", "Relation Name": "company_type", "Alias": "ct", "Startup Cost": 0.0, "Total Cost": 1.04, "Plan Rows": 1, "Plan Width": 4, "Actual Startup Time": 0.009, "Actual Total Time": 0.014, "Actual Rows": 1, "Actual Loops": 1, "Filter": "((kind)::text = 'production companies'::text)", "Rows Removed by Filter": 2}, {"Node Type": "Seq Scan", "Parent Relationship": "Inner", "Relation Name": "movie_companies", "Alias": "mc", "Startup Cost": 0.0, "Total Cost": 61385.74, "Plan Rows": 59, "Plan Width": 8, "Actual Startup Time": 3.999, "Actual Total Time": 948.403, "Actual Rows": 1418, "Actual Loops": 1, "Filter": "(((note)::text ~~ '%(VHS)%'::text) AND ((note)::text ~~ '%(USA)%'::text) AND ((note)::text ~~ '%(1994)%'::text))", "Rows Removed by Filter": 2607710}]}, {"Node Type": "Bitmap Heap Scan", "Parent Relationship": "Inner", "Relation Name": "movie_info", "Alias": "mi", "Startup Cost": 4.29, "Total Cost": 24.28, "Plan Rows": 1, "Plan Width": 8, "Actual Startup Time": 0.0, "Actual Total Time": 0.0, "Recheck Cond": "(movie_id = mc.movie_id)", "Rows Removed by Index Recheck": 0, "Filter": "((info)::text = ANY ('{USA,America}'::text[]))", "Rows Removed by Filter": 0, "Exact Heap Blocks": 0, "Lossy Heap Blocks": 0, "Plans": [{"Node Type": "Bitmap Index Scan", "Parent Relationship": "Outer", "Index Name": "movie_id_movie_info", "Startup Cost": 0.0, "Total Cost": 4.29, "Plan Rows": 5, "Plan Width": 0, "Actual Startup Time": 0.0, "Actual Total Time": 0.0, "Index Cond": "(movie_id = mc.movie_id)"}]}]}, {"Node Type": "Bitmap Heap Scan", "Parent Relationship": "Inner", "Relation Name": "title", "Alias": "t", "Startup Cost": 0.32, "Total Cost": 4.34, "Plan Rows": 1, "Plan Width": 21, "Actual Startup Time": 0.0, "Actual Total Time": 0.0, "Recheck Cond": "(id = mi.movie_id)", "Rows Removed by Index Recheck": 0, "Filter": "(production_year > 2010)", "Rows Removed by Filter": 0, "Exact Heap Blocks": 0, "Lossy Heap Blocks": 0, "Plans": [{"Node Type": "Bitmap Index Scan", "Parent Relationship": "Outer", "Index Name": "title_pkey", "Startup Cost": 0.0, "Total Cost": 0.32, "Plan Rows": 1, "Plan Width": 0, "Actual Startup Time": 0.0, "Actual Total Time": 0.0, "Index Cond": "(id = mi.movie_id)"}]}]}]}]}]}, "Triggers": [], "Planner Runtime": 10.11, "Total Runtime": 949.204, "Unique SQL Id": 328306525}}, "(64, '7')": {"explain_plan": {"Plan": {"Node Type": "Aggregate", "Strategy": "Plain", "Startup Cost": 71749.13, "Total Cost": 71749.14, "Plan Rows": 1, "Plan Width": 49, "Plans": [{"Node Type": "Nested Loop", "Parent Relationship": "Outer", "Join Type": "Inner", "Startup Cost": 28957.62, "Total Cost": 71749.07, "Plan Rows": 24, "Plan Width": 17, "Inner Unique": true, "Plans": [{"Node Type": "Nested Loop", "Parent Relationship": "Outer", "Join Type": "Inner", "Startup Cost": 28957.36, "Total Cost": 71646.35, "Plan Rows": 24, "Plan Width": 21, "Inner Unique": true, "Plans": [{"Node Type": "Nested Loop", "Parent Relationship": "Outer", "Join Type": "Inner", "Startup Cost": 28957.04, "Total Cost": 71502.93, "Plan Rows": 33, "Plan Width": 12, "Inner Unique": false, "Plans": [{"Node Type": "Nested Loop", "Parent Relationship": "Outer", "Join Type": "Inner", "Startup Cost": 28952.75, "Total Cost": 70774.36, "Plan Rows": 30, "Plan Width": 4, "Inner Unique": false, "Plans": [{"Node Type": "Bitmap Heap Scan", "Parent Relationship": "Outer", "Relation Name": "company_type", "Alias": "ct", "Startup Cost": 8.27, "Total Cost": 12.3, "Plan Rows": 1, "Plan Width": 4, "Filter": "((kind)::text = 'production companies'::text)", "Plans": [{"Node Type": "Bitmap Index Scan", "Parent Relationship": "Outer", "Index Name": "company_type_pkey", "Startup Cost": 0.0, "Total Cost": 8.27, "Plan Rows": 3, "Plan Width": 0}]}, {"Node Type": "Bitmap Heap Scan", "Parent Relationship": "Inner", "Relation Name": "movie_companies", "Alias": "mc", "Startup Cost": 28944.49, "Total Cost": 70761.77, "Plan Rows": 29, "Plan Width": 8, "Recheck Cond": "(company_type_id = ct.id)", "Filter": "(((note)::text ~~ '%(VHS)%'::text) AND ((note)::text ~~ '%(USA)%'::text) AND ((note)::text ~~ '%(1994)%'::text))", "Plans": [{"Node Type": "Bitmap Index Scan", "Parent Relationship": "Outer", "Index Name": "company_type_id_movie_companies", "Startup Cost": 0.0, "Total Cost": 28944.48, "Plan Rows": 1304564, "Plan Width": 0, "Index Cond": "(company_type_id = ct.id)"}]}]}, {"Node Type": "Bitmap Heap Scan", "Parent Relationship": "Inner", "Relation Name": "movie_info", "Alias": "mi", "Startup Cost": 4.29, "Total Cost": 24.28, "Plan Rows": 1, "Plan Width": 8, "Recheck Cond": "(movie_id = mc.movie_id)", "Filter": "((info)::text = ANY ('{USA,America}'::text[]))", "Plans": [{"Node Type": "Bitmap Index Scan", "Parent Relationship": "Outer", "Index Name": "movie_id_movie_info", "Startup Cost": 0.0, "Total Cost": 4.29, "Plan Rows": 5, "Plan Width": 0, "Index Cond": "(movie_id = mc.movie_id)"}]}]}, {"Node Type": "Bitmap Heap Scan", "Parent Relationship": "Inner", "Relation Name": "title", "Alias": "t", "Startup Cost": 0.32, "Total Cost": 4.34, "Plan Rows": 1, "Plan Width": 21, "Recheck Cond": "(id = mi.movie_id)", "Filter": "(production_year > 2010)", "Plans": [{"Node Type": "Bitmap Index Scan", "Parent Relationship": "Outer", "Index Name": "title_pkey", "Startup Cost": 0.0, "Total Cost": 0.32, "Plan Rows": 1, "Plan Width": 0, "Index Cond": "(id = mi.movie_id)"}]}]}, {"Node Type": "Bitmap Heap Scan", "Parent Relationship": "Inner", "Relation Name": "info_type", "Alias": "it", "Startup Cost": 0.26, "Total Cost": 4.27, "Plan Rows": 1, "Plan Width": 4, "Recheck Cond": "(id = mi.info_type_id)", "Plans": [{"Node Type": "Bitmap Index Scan", "Parent Relationship": "Outer", "Index Name": "info_type_pkey", "Startup Cost": 0.0, "Total Cost": 0.26, "Plan Rows": 1, "Plan Width": 0, "Index Cond": "(id = mi.info_type_id)"}]}]}]}, "Unique SQL Id": 328306525, "Planner Runtime": 8}, "explain_analyze_plan": {"Plan": {"Node Type": "Aggregate", "Strategy": "Plain", "Startup Cost": 71749.13, "Total Cost": 71749.14, "Plan Rows": 1, "Plan Width": 49, "Actual Startup Time": 576.153, "Actual Total Time": 576.154, "Actual Rows": 1, "Actual Loops": 1, "Plans": [{"Node Type": "Nested Loop", "Parent Relationship": "Outer", "Join Type": "Inner", "Startup Cost": 28957.62, "Total Cost": 71749.07, "Plan Rows": 24, "Plan Width": 17, "Actual Startup Time": 576.145, "Actual Total Time": 576.145, "Actual Rows": 0, "Actual Loops": 1, "Inner Unique": true, "Plans": [{"Node Type": "Nested Loop", "Parent Relationship": "Outer", "Join Type": "Inner", "Startup Cost": 28957.36, "Total Cost": 71646.35, "Plan Rows": 24, "Plan Width": 21, "Actual Startup Time": 576.144, "Actual Total Time": 576.144, "Actual Rows": 0, "Actual Loops": 1, "Inner Unique": true, "Plans": [{"Node Type": "Nested Loop", "Parent Relationship": "Outer", "Join Type": "Inner", "Startup Cost": 28957.04, "Total Cost": 71502.93, "Plan Rows": 33, "Plan Width": 12, "Actual Startup Time": 576.143, "Actual Total Time": 576.143, "Actual Rows": 0, "Actual Loops": 1, "Inner Unique": false, "Plans": [{"Node Type": "Nested Loop", "Parent Relationship": "Outer", "Join Type": "Inner", "Startup Cost": 28952.75, "Total Cost": 70774.36, "Plan Rows": 30, "Plan Width": 4, "Actual Startup Time": 576.141, "Actual Total Time": 576.141, "Actual Rows": 0, "Actual Loops": 1, "Inner Unique": false, "Plans": [{"Node Type": "Bitmap Heap Scan", "Parent Relationship": "Outer", "Relation Name": "company_type", "Alias": "ct", "Startup Cost": 8.27, "Total Cost": 12.3, "Plan Rows": 1, "Plan Width": 4, "Actual Startup Time": 0.029, "Actual Total Time": 0.034, "Actual Rows": 1, "Actual Loops": 1, "Filter": "((kind)::text = 'production companies'::text)", "Rows Removed by Filter": 2, "Exact Heap Blocks": 1, "Lossy Heap Blocks": 1, "Plans": [{"Node Type": "Bitmap Index Scan", "Parent Relationship": "Outer", "Index Name": "company_type_pkey", "Startup Cost": 0.0, "Total Cost": 8.27, "Plan Rows": 3, "Plan Width": 0, "Actual Startup Time": 0.009, "Actual Total Time": 0.009, "Actual Rows": 3, "Actual Loops": 1}]}, {"Node Type": "Bitmap Heap Scan", "Parent Relationship": "Inner", "Relation Name": "movie_companies", "Alias": "mc", "Startup Cost": 28944.49, "Total Cost": 70761.77, "Plan Rows": 29, "Plan Width": 8, "Actual Startup Time": 576.098, "Actual Total Time": 576.098, "Actual Rows": 0, "Actual Loops": 1, "Recheck Cond": "(company_type_id = ct.id)", "Rows Removed by Index Recheck": 0, "Filter": "(((note)::text ~~ '%(VHS)%'::text) AND ((note)::text ~~ '%(USA)%'::text) AND ((note)::text ~~ '%(1994)%'::text))", "Rows Removed by Filter": 1334883, "Exact Heap Blocks": 6196, "Lossy Heap Blocks": 6196, "Plans": [{"Node Type": "Bitmap Index Scan", "Parent Relationship": "Outer", "Index Name": "company_type_id_movie_companies", "Startup Cost": 0.0, "Total Cost": 28944.48, "Plan Rows": 1304564, "Plan Width": 0, "Actual Startup Time": 146.94, "Actual Total Time": 146.94, "Actual Rows": 1334883, "Actual Loops": 1, "Index Cond": "(company_type_id = ct.id)"}]}]}, {"Node Type": "Bitmap Heap Scan", "Parent Relationship": "Inner", "Relation Name": "movie_info", "Alias": "mi", "Startup Cost": 4.29, "Total Cost": 24.28, "Plan Rows": 1, "Plan Width": 8, "Actual Startup Time": 0.0, "Actual Total Time": 0.0, "Recheck Cond": "(movie_id = mc.movie_id)", "Rows Removed by Index Recheck": 0, "Filter": "((info)::text = ANY ('{USA,America}'::text[]))", "Rows Removed by Filter": 0, "Exact Heap Blocks": 0, "Lossy Heap Blocks": 0, "Plans": [{"Node Type": "Bitmap Index Scan", "Parent Relationship": "Outer", "Index Name": "movie_id_movie_info", "Startup Cost": 0.0, "Total Cost": 4.29, "Plan Rows": 5, "Plan Width": 0, "Actual Startup Time": 0.0, "Actual Total Time": 0.0, "Index Cond": "(movie_id = mc.movie_id)"}]}]}, {"Node Type": "Bitmap Heap Scan", "Parent Relationship": "Inner", "Relation Name": "title", "Alias": "t", "Startup Cost": 0.32, "Total Cost": 4.34, "Plan Rows": 1, "Plan Width": 21, "Actual Startup Time": 0.0, "Actual Total Time": 0.0, "Recheck Cond": "(id = mi.movie_id)", "Rows Removed by Index Recheck": 0, "Filter": "(production_year > 2010)", "Rows Removed by Filter": 0, "Exact Heap Blocks": 0, "Lossy Heap Blocks": 0, "Plans": [{"Node Type": "Bitmap Index Scan", "Parent Relationship": "Outer", "Index Name": "title_pkey", "Startup Cost": 0.0, "Total Cost": 0.32, "Plan Rows": 1, "Plan Width": 0, "Actual Startup Time": 0.0, "Actual Total Time": 0.0, "Index Cond": "(id = mi.movie_id)"}]}]}, {"Node Type": "Bitmap Heap Scan", "Parent Relationship": "Inner", "Relation Name": "info_type", "Alias": "it", "Startup Cost": 0.26, "Total Cost": 4.27, "Plan Rows": 1, "Plan Width": 4, "Actual Startup Time": 0.0, "Actual Total Time": 0.0, "Recheck Cond": "(id = mi.info_type_id)", "Rows Removed by Index Recheck": 0, "Exact Heap Blocks": 0, "Lossy Heap Blocks": 0, "Plans": [{"Node Type": "Bitmap Index Scan", "Parent Relationship": "Outer", "Index Name": "info_type_pkey", "Startup Cost": 0.0, "Total Cost": 0.26, "Plan Rows": 1, "Plan Width": 0, "Actual Startup Time": 0.0, "Actual Total Time": 0.0, "Index Cond": "(id = mi.info_type_id)"}]}]}]}, "Triggers": [], "Planner Runtime": 8.36, "Total Runtime": 576.478, "Unique SQL Id": 328306525}}, "(64, '8')": {"explain_plan": {"Plan": {"Node Type": "Aggregate", "Strategy": "Plain", "Startup Cost": 61721.76, "Total Cost": 61721.77, "Plan Rows": 1, "Plan Width": 49, "Plans": [{"Node Type": "Nested Loop", "Parent Relationship": "Outer", "Join Type": "Inner", "Startup Cost": 0.0, "Total Cost": 61721.7, "Plan Rows": 24, "Plan Width": 17, "Inner Unique": true, "Plans": [{"Node Type": "Nested Loop", "Parent Relationship": "Outer", "Join Type": "Inner", "Startup Cost": 0.0, "Total Cost": 61714.98, "Plan Rows": 24, "Plan Width": 21, "Inner Unique": false, "Plans": [{"Node Type": "Nested Loop", "Parent Relationship": "Outer", "Join Type": "Inner", "Startup Cost": 0.0, "Total Cost": 61635.99, "Plan Rows": 32, "Plan Width": 25, "Inner Unique": true, "Plans": [{"Node Type": "Nested Loop", "Parent Relationship": "Outer", "Join Type": "Inner", "Startup Cost": 0.0, "Total Cost": 61387.52, "Plan Rows": 30, "Plan Width": 4, "Inner Unique": false, "Join Filter": "(ct.id = mc.company_type_id)", "Plans": [{"Node Type": "Seq Scan", "Parent Relationship": "Outer", "Relation Name": "company_type", "Alias": "ct", "Startup Cost": 0.0, "Total Cost": 1.04, "Plan Rows": 1, "Plan Width": 4, "Filter": "((kind)::text = 'production companies'::text)"}, {"Node Type": "Seq Scan", "Parent Relationship": "Inner", "Relation Name": "movie_companies", "Alias": "mc", "Startup Cost": 0.0, "Total Cost": 61385.74, "Plan Rows": 59, "Plan Width": 8, "Filter": "(((note)::text ~~ '%(VHS)%'::text) AND ((note)::text ~~ '%(USA)%'::text) AND ((note)::text ~~ '%(1994)%'::text))"}]}, {"Node Type": "Index Scan", "Parent Relationship": "Inner", "Scan Direction": "Forward", "Index Name": "title_pkey", "Relation Name": "title", "Alias": "t", "Startup Cost": 0.0, "Total Cost": 8.27, "Plan Rows": 1, "Plan Width": 21, "Index Cond": "(id = mc.movie_id)", "Filter": "(production_year > 2010)"}]}, {"Node Type": "Index Scan", "Parent Relationship": "Inner", "Scan Direction": "Forward", "Index Name": "movie_id_movie_info", "Relation Name": "movie_info", "Alias": "mi", "Startup Cost": 0.0, "Total Cost": 2.46, "Plan Rows": 1, "Plan Width": 8, "Index Cond": "(movie_id = t.id)", "Filter": "((info)::text = ANY ('{USA,America}'::text[]))"}]}, {"Node Type": "Index Only Scan", "Parent Relationship": "Inner", "Scan Direction": "Forward", "Index Name": "info_type_pkey", "Relation Name": "info_type", "Alias": "it", "Startup Cost": 0.0, "Total Cost": 0.27, "Plan Rows": 1, "Plan Width": 4, "Index Cond": "(id = mi.info_type_id)"}]}]}, "Unique SQL Id": 328306525, "Planner Runtime": 9}, "explain_analyze_plan": {"Plan": {"Node Type": "Aggregate", "Strategy": "Plain", "Startup Cost": 61721.76, "Total Cost": 61721.77, "Plan Rows": 1, "Plan Width": 49, "Actual Startup Time": 965.018, "Actual Total Time": 965.019, "Actual Rows": 1, "Actual Loops": 1, "Plans": [{"Node Type": "Nested Loop", "Parent Relationship": "Outer", "Join Type": "Inner", "Startup Cost": 0.0, "Total Cost": 61721.7, "Plan Rows": 24, "Plan Width": 17, "Actual Startup Time": 965.012, "Actual Total Time": 965.012, "Actual Rows": 0, "Actual Loops": 1, "Inner Unique": true, "Plans": [{"Node Type": "Nested Loop", "Parent Relationship": "Outer", "Join Type": "Inner", "Startup Cost": 0.0, "Total Cost": 61714.98, "Plan Rows": 24, "Plan Width": 21, "Actual Startup Time": 965.011, "Actual Total Time": 965.011, "Actual Rows": 0, "Actual Loops": 1, "Inner Unique": false, "Plans": [{"Node Type": "Nested Loop", "Parent Relationship": "Outer", "Join Type": "Inner", "Startup Cost": 0.0, "Total Cost": 61635.99, "Plan Rows": 32, "Plan Width": 25, "Actual Startup Time": 965.009, "Actual Total Time": 965.009, "Actual Rows": 0, "Actual Loops": 1, "Inner Unique": true, "Plans": [{"Node Type": "Nested Loop", "Parent Relationship": "Outer", "Join Type": "Inner", "Startup Cost": 0.0, "Total Cost": 61387.52, "Plan Rows": 30, "Plan Width": 4, "Actual Startup Time": 965.006, "Actual Total Time": 965.006, "Actual Rows": 0, "Actual Loops": 1, "Inner Unique": false, "Join Filter": "(ct.id = mc.company_type_id)", "Rows Removed by Join Filter": 1418, "Plans": [{"Node Type": "Seq Scan", "Parent Relationship": "Outer", "Relation Name": "company_type", "Alias": "ct", "Startup Cost": 0.0, "Total Cost": 1.04, "Plan Rows": 1, "Plan Width": 4, "Actual Startup Time": 0.014, "Actual Total Time": 0.021, "Actual Rows": 1, "Actual Loops": 1, "Filter": "((kind)::text = 'production companies'::text)", "Rows Removed by Filter": 2}, {"Node Type": "Seq Scan", "Parent Relationship": "Inner", "Relation Name": "movie_companies", "Alias": "mc", "Startup Cost": 0.0, "Total Cost": 61385.74, "Plan Rows": 59, "Plan Width": 8, "Actual Startup Time": 3.955, "Actual Total Time": 964.568, "Actual Rows": 1418, "Actual Loops": 1, "Filter": "(((note)::text ~~ '%(VHS)%'::text) AND ((note)::text ~~ '%(USA)%'::text) AND ((note)::text ~~ '%(1994)%'::text))", "Rows Removed by Filter": 2607710}]}, {"Node Type": "Index Scan", "Parent Relationship": "Inner", "Scan Direction": "Forward", "Index Name": "title_pkey", "Relation Name": "title", "Alias": "t", "Startup Cost": 0.0, "Total Cost": 8.27, "Plan Rows": 1, "Plan Width": 21, "Actual Startup Time": 0.0, "Actual Total Time": 0.0, "Index Cond": "(id = mc.movie_id)", "Rows Removed by Index Recheck": 0, "Filter": "(production_year > 2010)", "Rows Removed by Filter": 0}]}, {"Node Type": "Index Scan", "Parent Relationship": "Inner", "Scan Direction": "Forward", "Index Name": "movie_id_movie_info", "Relation Name": "movie_info", "Alias": "mi", "Startup Cost": 0.0, "Total Cost": 2.46, "Plan Rows": 1, "Plan Width": 8, "Actual Startup Time": 0.0, "Actual Total Time": 0.0, "Index Cond": "(movie_id = t.id)", "Rows Removed by Index Recheck": 0, "Filter": "((info)::text = ANY ('{USA,America}'::text[]))", "Rows Removed by Filter": 0}]}, {"Node Type": "Index Only Scan", "Parent Relationship": "Inner", "Scan Direction": "Forward", "Index Name": "info_type_pkey", "Relation Name": "info_type", "Alias": "it", "Startup Cost": 0.0, "Total Cost": 0.27, "Plan Rows": 1, "Plan Width": 4, "Actual Startup Time": 0.0, "Actual Total Time": 0.0, "Index Cond": "(id = mi.info_type_id)", "Rows Removed by Index Recheck": 0, "Heap Fetches": 0}]}]}, "Triggers": [], "Planner Runtime": 9.305, "Total Runtime": 965.287, "Unique SQL Id": 328306525}}, "(64, '9')": {"explain_plan": {"Plan": {"Node Type": "Aggregate", "Strategy": "Plain", "Startup Cost": 63248.6, "Total Cost": 63248.61, "Plan Rows": 1, "Plan Width": 49, "Plans": [{"Node Type": "Nested Loop", "Parent Relationship": "Outer", "Join Type": "Inner", "Startup Cost": 0.0, "Total Cost": 63248.54, "Plan Rows": 24, "Plan Width": 17, "Inner Unique": true, "Plans": [{"Node Type": "Nested Loop", "Parent Relationship": "Outer", "Join Type": "Inner", "Startup Cost": 0.0, "Total Cost": 63241.82, "Plan Rows": 24, "Plan Width": 21, "Inner Unique": false, "Plans": [{"Node Type": "Nested Loop", "Parent Relationship": "Outer", "Join Type": "Inner", "Startup Cost": 0.0, "Total Cost": 63162.83, "Plan Rows": 32, "Plan Width": 25, "Inner Unique": true, "Plans": [{"Node Type": "Nested Loop", "Parent Relationship": "Outer", "Join Type": "Inner", "Startup Cost": 0.0, "Total Cost": 62914.35, "Plan Rows": 30, "Plan Width": 4, "Inner Unique": false, "Plans": [{"Node Type": "Index Scan", "Parent Relationship": "Outer", "Scan Direction": "Forward", "Index Name": "company_type_pkey", "Relation Name": "company_type", "Alias": "ct", "Startup Cost": 0.0, "Total Cost": 12.3, "Plan Rows": 1, "Plan Width": 4, "Filter": "((kind)::text = 'production companies'::text)"}, {"Node Type": "Index Scan", "Parent Relationship": "Inner", "Scan Direction": "Forward", "Index Name": "company_type_id_movie_companies", "Relation Name": "movie_companies", "Alias": "mc", "Startup Cost": 0.0, "Total Cost": 62901.76, "Plan Rows": 29, "Plan Width": 8, "Index Cond": "(company_type_id = ct.id)", "Filter": "(((note)::text ~~ '%(VHS)%'::text) AND ((note)::text ~~ '%(USA)%'::text) AND ((note)::text ~~ '%(1994)%'::text))"}]}, {"Node Type": "Index Scan", "Parent Relationship": "Inner", "Scan Direction": "Forward", "Index Name": "title_pkey", "Relation Name": "title", "Alias": "t", "Startup Cost": 0.0, "Total Cost": 8.27, "Plan Rows": 1, "Plan Width": 21, "Index Cond": "(id = mc.movie_id)", "Filter": "(production_year > 2010)"}]}, {"Node Type": "Index Scan", "Parent Relationship": "Inner", "Scan Direction": "Forward", "Index Name": "movie_id_movie_info", "Relation Name": "movie_info", "Alias": "mi", "Startup Cost": 0.0, "Total Cost": 2.46, "Plan Rows": 1, "Plan Width": 8, "Index Cond": "(movie_id = t.id)", "Filter": "((info)::text = ANY ('{USA,America}'::text[]))"}]}, {"Node Type": "Index Only Scan", "Parent Relationship": "Inner", "Scan Direction": "Forward", "Index Name": "info_type_pkey", "Relation Name": "info_type", "Alias": "it", "Startup Cost": 0.0, "Total Cost": 0.27, "Plan Rows": 1, "Plan Width": 4, "Index Cond": "(id = mi.info_type_id)"}]}]}, "Unique SQL Id": 328306525, "Planner Runtime": 8}, "explain_analyze_plan": {"Plan": {"Node Type": "Aggregate", "Strategy": "Plain", "Startup Cost": 63248.6, "Total Cost": 63248.61, "Plan Rows": 1, "Plan Width": 49, "Actual Startup Time": 712.178, "Actual Total Time": 712.179, "Actual Rows": 1, "Actual Loops": 1, "Plans": [{"Node Type": "Nested Loop", "Parent Relationship": "Outer", "Join Type": "Inner", "Startup Cost": 0.0, "Total Cost": 63248.54, "Plan Rows": 24, "Plan Width": 17, "Actual Startup Time": 712.172, "Actual Total Time": 712.172, "Actual Rows": 0, "Actual Loops": 1, "Inner Unique": true, "Plans": [{"Node Type": "Nested Loop", "Parent Relationship": "Outer", "Join Type": "Inner", "Startup Cost": 0.0, "Total Cost": 63241.82, "Plan Rows": 24, "Plan Width": 21, "Actual Startup Time": 712.17, "Actual Total Time": 712.17, "Actual Rows": 0, "Actual Loops": 1, "Inner Unique": false, "Plans": [{"Node Type": "Nested Loop", "Parent Relationship": "Outer", "Join Type": "Inner", "Startup Cost": 0.0, "Total Cost": 63162.83, "Plan Rows": 32, "Plan Width": 25, "Actual Startup Time": 712.168, "Actual Total Time": 712.168, "Actual Rows": 0, "Actual Loops": 1, "Inner Unique": true, "Plans": [{"Node Type": "Nested Loop", "Parent Relationship": "Outer", "Join Type": "Inner", "Startup Cost": 0.0, "Total Cost": 62914.35, "Plan Rows": 30, "Plan Width": 4, "Actual Startup Time": 712.166, "Actual Total Time": 712.166, "Actual Rows": 0, "Actual Loops": 1, "Inner Unique": false, "Plans": [{"Node Type": "Index Scan", "Parent Relationship": "Outer", "Scan Direction": "Forward", "Index Name": "company_type_pkey", "Relation Name": "company_type", "Alias": "ct", "Startup Cost": 0.0, "Total Cost": 12.3, "Plan Rows": 1, "Plan Width": 4, "Actual Startup Time": 0.013, "Actual Total Time": 0.024, "Actual Rows": 1, "Actual Loops": 1, "Filter": "((kind)::text = 'production companies'::text)", "Rows Removed by Filter": 2}, {"Node Type": "Index Scan", "Parent Relationship": "Inner", "Scan Direction": "Forward", "Index Name": "company_type_id_movie_companies", "Relation Name": "movie_companies", "Alias": "mc", "Startup Cost": 0.0, "Total Cost": 62901.76, "Plan Rows": 29, "Plan Width": 8, "Actual Startup Time": 712.136, "Actual Total Time": 712.136, "Actual Rows": 0, "Actual Loops": 1, "Index Cond": "(company_type_id = ct.id)", "Rows Removed by Index Recheck": 0, "Filter": "(((note)::text ~~ '%(VHS)%'::text) AND ((note)::text ~~ '%(USA)%'::text) AND ((note)::text ~~ '%(1994)%'::text))", "Rows Removed by Filter": 1334883}]}, {"Node Type": "Index Scan", "Parent Relationship": "Inner", "Scan Direction": "Forward", "Index Name": "title_pkey", "Relation Name": "title", "Alias": "t", "Startup Cost": 0.0, "Total Cost": 8.27, "Plan Rows": 1, "Plan Width": 21, "Actual Startup Time": 0.0, "Actual Total Time": 0.0, "Index Cond": "(id = mc.movie_id)", "Rows Removed by Index Recheck": 0, "Filter": "(production_year > 2010)", "Rows Removed by Filter": 0}]}, {"Node Type": "Index Scan", "Parent Relationship": "Inner", "Scan Direction": "Forward", "Index Name": "movie_id_movie_info", "Relation Name": "movie_info", "Alias": "mi", "Startup Cost": 0.0, "Total Cost": 2.46, "Plan Rows": 1, "Plan Width": 8, "Actual Startup Time": 0.0, "Actual Total Time": 0.0, "Index Cond": "(movie_id = t.id)", "Rows Removed by Index Recheck": 0, "Filter": "((info)::text = ANY ('{USA,America}'::text[]))", "Rows Removed by Filter": 0}]}, {"Node Type": "Index Only Scan", "Parent Relationship": "Inner", "Scan Direction": "Forward", "Index Name": "info_type_pkey", "Relation Name": "info_type", "Alias": "it", "Startup Cost": 0.0, "Total Cost": 0.27, "Plan Rows": 1, "Plan Width": 4, "Actual Startup Time": 0.0, "Actual Total Time": 0.0, "Index Cond": "(id = mi.info_type_id)", "Rows Removed by Index Recheck": 0, "Heap Fetches": 0}]}]}, "Triggers": [], "Planner Runtime": 9.362, "Total Runtime": 712.43, "Unique SQL Id": 328306525}}, "(64, '10')": {"explain_plan": {"Plan": {"Node Type": "Aggregate", "Strategy": "Plain", "Startup Cost": 217016.61, "Total Cost": 217016.62, "Plan Rows": 1, "Plan Width": 49, "Plans": [{"Node Type": "Nested Loop", "Parent Relationship": "Outer", "Join Type": "Inner", "Startup Cost": 134492.69, "Total Cost": 217016.55, "Plan Rows": 24, "Plan Width": 17, "Inner Unique": false, "Join Filter": "(mi.info_type_id = it.id)", "Plans": [{"Node Type": "Seq Scan", "Parent Relationship": "Outer", "Relation Name": "info_type", "Alias": "it", "Startup Cost": 0.0, "Total Cost": 2.12, "Plan Rows": 112, "Plan Width": 4}, {"Node Type": "Materialize", "Parent Relationship": "Inner", "Startup Cost": 134492.69, "Total Cost": 216974.17, "Plan Rows": 24, "Plan Width": 21, "Plans": [{"Node Type": "Hash Join", "Parent Relationship": "Outer", "Join Type": "Inner", "Startup Cost": 134492.69, "Total Cost": 216974.05, "Plan Rows": 24, "Plan Width": 21, "Inner Unique": false, "Hash Cond": "(mi.movie_id = t.id)", "Plans": [{"Node Type": "Streaming(type: LOCAL GATHER dop: 1/64)", "Parent Relationship": "Outer", "Startup Cost": 0.0, "Total Cost": 80287.65, "Plan Rows": 584897, "Plan Width": 8, "Plans": [{"Node Type": "Seq Scan", "Parent Relationship": "Outer", "Relation Name": "movie_info", "Alias": "mi", "Startup Cost": 0.0, "Total Cost": 68221.29, "Plan Rows": 584897, "Plan Width": 8, "Filter": "((info)::text = ANY ('{USA,America}'::text[]))"}]}, {"Node Type": "Hash", "Parent Relationship": "Inner", "Startup Cost": 134492.29, "Total Cost": 134492.29, "Plan Rows": 32, "Plan Width": 25, "Plans": [{"Node Type": "Hash Join", "Parent Relationship": "Outer", "Join Type": "Inner", "Startup Cost": 61387.89, "Total Cost": 134492.29, "Plan Rows": 32, "Plan Width": 25, "Inner Unique": false, "Hash Cond": "(t.id = mc.movie_id)", "Plans": [{"Node Type": "Streaming(type: LOCAL GATHER dop: 1/64)", "Parent Relationship": "Outer", "Startup Cost": 0.0, "Total Cost": 72112.93, "Plan Rows": 391451, "Plan Width": 21, "Plans": [{"Node Type": "Seq Scan", "Parent Relationship": "Outer", "Relation Name": "title", "Alias": "t", "Startup Cost": 0.0, "Total Cost": 64037.34, "Plan Rows": 391451, "Plan Width": 21, "Filter": "(production_year > 2010), (LLVM Optimized)"}]}, {"Node Type": "Hash", "Parent Relationship": "Inner", "Startup Cost": 61387.52, "Total Cost": 61387.52, "Plan Rows": 30, "Plan Width": 4, "Plans": [{"Node Type": "Nested Loop", "Parent Relationship": "Outer", "Join Type": "Inner", "Startup Cost": 0.0, "Total Cost": 61387.52, "Plan Rows": 30, "Plan Width": 4, "Inner Unique": false, "Join Filter": "(ct.id = mc.company_type_id)", "Plans": [{"Node Type": "Seq Scan", "Parent Relationship": "Outer", "Relation Name": "company_type", "Alias": "ct", "Startup Cost": 0.0, "Total Cost": 1.04, "Plan Rows": 1, "Plan Width": 4, "Filter": "((kind)::text = 'production companies'::text)"}, {"Node Type": "Seq Scan", "Parent Relationship": "Inner", "Relation Name": "movie_companies", "Alias": "mc", "Startup Cost": 0.0, "Total Cost": 61385.74, "Plan Rows": 59, "Plan Width": 8, "Filter": "(((note)::text ~~ '%(VHS)%'::text) AND ((note)::text ~~ '%(USA)%'::text) AND ((note)::text ~~ '%(1994)%'::text))"}]}]}]}]}]}]}]}]}, "Unique SQL Id": 328306525, "Planner Runtime": 15}, "explain_analyze_plan": {"Plan": {"Node Type": "Aggregate", "Strategy": "Plain", "Startup Cost": 217016.61, "Total Cost": 217016.62, "Plan Rows": 1, "Plan Width": 49, "Actual Min Startup Time": 966.084, "Actual Max Startup Time": 966.084, "Actual Min Total Time": 966.084, "Actual Max Total Time": 966.084, "Plans": [{"Node Type": "Nested Loop", "Parent Relationship": "Outer", "Join Type": "Inner", "Startup Cost": 134492.69, "Total Cost": 217016.55, "Plan Rows": 24, "Plan Width": 17, "Actual Min Startup Time": 966.077, "Actual Max Startup Time": 966.077, "Actual Min Total Time": 966.077, "Actual Max Total Time": 966.077, "Inner Unique": false, "Join Filter": "(mi.info_type_id = it.id)", "Rows Removed by Join Filter": 0, "Plans": [{"Node Type": "Seq Scan", "Parent Relationship": "Outer", "Relation Name": "info_type", "Alias": "it", "Startup Cost": 0.0, "Total Cost": 2.12, "Plan Rows": 112, "Plan Width": 4, "Actual Min Startup Time": 0.051, "Actual Max Startup Time": 0.051, "Actual Min Total Time": 0.064, "Actual Max Total Time": 0.064, "Actual Rows": 112}, {"Node Type": "Materialize", "Parent Relationship": "Inner", "Startup Cost": 134492.69, "Total Cost": 216974.17, "Plan Rows": 24, "Plan Width": 21, "Actual Min Startup Time": 965.965, "Actual Max Startup Time": 965.965, "Actual Min Total Time": 965.965, "Actual Max Total Time": 965.965, "Plans": [{"Node Type": "Hash Join", "Parent Relationship": "Outer", "Join Type": "Inner", "Startup Cost": 134492.69, "Total Cost": 216974.05, "Plan Rows": 24, "Plan Width": 21, "Actual Min Startup Time": 965.945, "Actual Max Startup Time": 965.945, "Actual Min Total Time": 965.945, "Actual Max Total Time": 965.945, "Inner Unique": false, "Hash Cond": "(mi.movie_id = t.id)", "Plans": [{"Node Type": "Streaming(type: LOCAL GATHER dop: 1/64)", "Parent Relationship": "Outer", "Startup Cost": 0.0, "Total Cost": 80287.65, "Plan Rows": 584897, "Plan Width": 8, "Actual Startup Time": 0.0, "Actual Total Time": 0.0, "Plans": [{"Node Type": "Seq Scan", "Parent Relationship": "Outer", "Relation Name": "movie_info", "Alias": "mi", "Startup Cost": 0.0, "Total Cost": 68221.29, "Plan Rows": 584897, "Plan Width": 8, "Actual Min Startup Time": 0.037, "Actual Max Startup Time": 43.211, "Actual Min Total Time": 12.079, "Actual Max Total Time": 118.593, "Filter": "((info)::text = ANY ('{USA,America}'::text[]))", "Rows Removed by Filter": 10824957, "Actual Rows": 6464}]}, {"Node Type": "Hash", "Parent Relationship": "Inner", "Startup Cost": 134492.29, "Total Cost": 134492.29, "Plan Rows": 32, "Plan Width": 25, "Actual Min Startup Time": 965.613, "Actual Max Startup Time": 965.613, "Actual Min Total Time": 965.613, "Actual Max Total Time": 965.613, "Max Hash Buckets": 32768, "Min Hash Buckets": 32768, "Max Hash Batches": 1, "Min Hash Batches": 1, "Max Original Hash Batches": 1, "Min Original Hash Batches": 1, "Max Peak Memory Usage": 0, "min Peak Memory Usage": 0, "Plans": [{"Node Type": "Hash Join", "Parent Relationship": "Outer", "Join Type": "Inner", "Startup Cost": 61387.89, "Total Cost": 134492.29, "Plan Rows": 32, "Plan Width": 25, "Actual Min Startup Time": 965.611, "Actual Max Startup Time": 965.611, "Actual Min Total Time": 965.611, "Actual Max Total Time": 965.611, "Inner Unique": false, "Hash Cond": "(t.id = mc.movie_id)", "Plans": [{"Node Type": "Streaming(type: LOCAL GATHER dop: 1/64)", "Parent Relationship": "Outer", "Startup Cost": 0.0, "Total Cost": 72112.93, "Plan Rows": 391451, "Plan Width": 21, "Actual Startup Time": 0.0, "Actual Total Time": 0.0, "Plans": [{"Node Type": "Seq Scan", "Parent Relationship": "Outer", "Relation Name": "title", "Alias": "t", "Startup Cost": 0.0, "Total Cost": 64037.34, "Plan Rows": 391451, "Plan Width": 21, "Actual Min Startup Time": 0.029, "Actual Max Startup Time": 0.059, "Actual Min Total Time": 0.217, "Actual Max Total Time": 0.311, "Filter": "(production_year > 2010), (LLVM Optimized)", "Rows Removed by Filter": 33125, "Actual Rows": 6464}]}, {"Node Type": "Hash", "Parent Relationship": "Inner", "Startup Cost": 61387.52, "Total Cost": 61387.52, "Plan Rows": 30, "Plan Width": 4, "Actual Min Startup Time": 965.349, "Actual Max Startup Time": 965.349, "Actual Min Total Time": 965.349, "Actual Max Total Time": 965.349, "Max Hash Buckets": 32768, "Min Hash Buckets": 32768, "Max Hash Batches": 1, "Min Hash Batches": 1, "Max Original Hash Batches": 1, "Min Original Hash Batches": 1, "Max Peak Memory Usage": 0, "min Peak Memory Usage": 0, "Plans": [{"Node Type": "Nested Loop", "Parent Relationship": "Outer", "Join Type": "Inner", "Startup Cost": 0.0, "Total Cost": 61387.52, "Plan Rows": 30, "Plan Width": 4, "Actual Min Startup Time": 965.345, "Actual Max Startup Time": 965.345, "Actual Min Total Time": 965.345, "Actual Max Total Time": 965.345, "Inner Unique": false, "Join Filter": "(ct.id = mc.company_type_id)", "Rows Removed by Join Filter": 1418, "Plans": [{"Node Type": "Seq Scan", "Parent Relationship": "Outer", "Relation Name": "company_type", "Alias": "ct", "Startup Cost": 0.0, "Total Cost": 1.04, "Plan Rows": 1, "Plan Width": 4, "Actual Min Startup Time": 0.042, "Actual Max Startup Time": 0.042, "Actual Min Total Time": 0.048, "Actual Max Total Time": 0.048, "Filter": "((kind)::text = 'production companies'::text)", "Rows Removed by Filter": 2, "Actual Rows": 1}, {"Node Type": "Seq Scan", "Parent Relationship": "Inner", "Relation Name": "movie_companies", "Alias": "mc", "Startup Cost": 0.0, "Total Cost": 61385.74, "Plan Rows": 59, "Plan Width": 8, "Actual Min Startup Time": 4.0, "Actual Max Startup Time": 4.0, "Actual Min Total Time": 964.7, "Actual Max Total Time": 964.7, "Filter": "(((note)::text ~~ '%(VHS)%'::text) AND ((note)::text ~~ '%(USA)%'::text) AND ((note)::text ~~ '%(1994)%'::text))", "Rows Removed by Filter": 2607710, "Actual Rows": 1418}], "Actual Rows": 0}], "Actual Rows": 0}], "Actual Rows": 0}], "Actual Rows": 0}], "Actual Rows": 0}], "Actual Rows": 0}], "Actual Rows": 0}], "Actual Rows": 1}, "Triggers": [], "Planner Runtime": 15.713, "Total Runtime": 999.265, "Unique SQL Id": 328306525}}, "(64, '11')": {"explain_plan": {"Plan": {"Node Type": "Aggregate", "Strategy": "Plain", "Startup Cost": 4998574728100.36, "Total Cost": 4998574728100.37, "Plan Rows": 1, "Plan Width": 49, "Plans": [{"Node Type": "Merge Join", "Parent Relationship": "Outer", "Join Type": "Inner", "Startup Cost": 50025290819.16, "Total Cost": 4998574728100.3, "Plan Rows": 24, "Plan Width": 17, "Inner Unique": true, "Merge Cond": "(mi.movie_id = t.id)", "Plans": [{"Node Type": "Nested Loop", "Parent Relationship": "Outer", "Join Type": "Inner", "Startup Cost": 40000000000.0, "Total Cost": 3999263638685.42, "Plan Rows": 33, "Plan Width": 8, "Inner Unique": true, "Join Filter": "(mc.company_type_id = ct.id)", "Plans": [{"Node Type": "Merge Join", "Parent Relationship": "Outer", "Join Type": "Inner", "Startup Cost": 30000000000.0, "Total Cost": 2999263637454.18, "Plan Rows": 66, "Plan Width": 12, "Inner Unique": false, "Merge Cond": "(mi.movie_id = mc.movie_id)", "Plans": [{"Node Type": "Nested Loop", "Parent Relationship": "Outer", "Join Type": "Inner", "Startup Cost": 20000000000.0, "Total Cost": 2000108518023.96, "Plan Rows": 584897, "Plan Width": 4, "Inner Unique": true, "Join Filter": "(it.id = mi.info_type_id), (LLVM Optimized)", "Plans": [{"Node Type": "Index Scan", "Parent Relationship": "Outer", "Scan Direction": "Forward", "Index Name": "movie_id_movie_info", "Relation Name": "movie_info", "Alias": "mi", "Startup Cost": 10000000000.0, "Total Cost": 1000107534403.72, "Plan Rows": 584897, "Plan Width": 8, "Filter": "((info)::text = ANY ('{USA,America}'::text[]))"}, {"Node Type": "Materialize", "Parent Relationship": "Inner", "Startup Cost": 10000000000.0, "Total Cost": 1000000000993.56, "Plan Rows": 112, "Plan Width": 4, "Plans": [{"Node Type": "Index Only Scan", "Parent Relationship": "Outer", "Scan Direction": "Forward", "Index Name": "info_type_pkey", "Relation Name": "info_type", "Alias": "it", "Startup Cost": 10000000000.0, "Total Cost": 1000000000993.0, "Plan Rows": 112, "Plan Width": 4}]}]}, {"Node Type": "Materialize", "Parent Relationship": "Inner", "Startup Cost": 10000000000.0, "Total Cost": 1000015008792.28, "Plan Rows": 59, "Plan Width": 8, "Plans": [{"Node Type": "Index Scan", "Parent Relationship": "Outer", "Scan Direction": "Forward", "Index Name": "movie_id_movie_companies", "Relation Name": "movie_companies", "Alias": "mc", "Startup Cost": 10000000000.0, "Total Cost": 1000015008792.13, "Plan Rows": 59, "Plan Width": 8, "Filter": "(((note)::text ~~ '%(VHS)%'::text) AND ((note)::text ~~ '%(USA)%'::text) AND ((note)::text ~~ '%(1994)%'::text))"}]}]}, {"Node Type": "Materialize", "Parent Relationship": "Inner", "Startup Cost": 10000000000.0, "Total Cost": 1000000001230.26, "Plan Rows": 1, "Plan Width": 4, "Plans": [{"Node Type": "Index Scan", "Parent Relationship": "Outer", "Scan Direction": "Forward", "Index Name": "company_type_pkey", "Relation Name": "company_type", "Alias": "ct", "Startup Cost": 10000000000.0, "Total Cost": 1000000001230.25, "Plan Rows": 1, "Plan Width": 4, "Filter": "((kind)::text = 'production companies'::text)"}]}]}, {"Node Type": "Index Scan", "Parent Relationship": "Inner", "Scan Direction": "Forward", "Index Name": "title_pkey", "Relation Name": "title", "Alias": "t", "Startup Cost": 10000000000.0, "Total Cost": 1000011644126.66, "Plan Rows": 391451, "Plan Width": 21, "Filter": "(production_year > 2010), (LLVM Optimized)"}]}]}, "Unique SQL Id": 328306525, "Planner Runtime": 14}, "explain_analyze_plan": null}, "(64, '12')": {"explain_plan": {"Plan": {"Node Type": "Aggregate", "Strategy": "Plain", "Startup Cost": 61721.76, "Total Cost": 61721.77, "Plan Rows": 1, "Plan Width": 49, "Plans": [{"Node Type": "Nested Loop", "Parent Relationship": "Outer", "Join Type": "Inner", "Startup Cost": 0.0, "Total Cost": 61721.7, "Plan Rows": 24, "Plan Width": 17, "Inner Unique": true, "Plans": [{"Node Type": "Nested Loop", "Parent Relationship": "Outer", "Join Type": "Inner", "Startup Cost": 0.0, "Total Cost": 61714.98, "Plan Rows": 24, "Plan Width": 21, "Inner Unique": false, "Plans": [{"Node Type": "Nested Loop", "Parent Relationship": "Outer", "Join Type": "Inner", "Startup Cost": 0.0, "Total Cost": 61635.99, "Plan Rows": 32, "Plan Width": 25, "Inner Unique": true, "Plans": [{"Node Type": "Nested Loop", "Parent Relationship": "Outer", "Join Type": "Inner", "Startup Cost": 0.0, "Total Cost": 61387.52, "Plan Rows": 30, "Plan Width": 4, "Inner Unique": false, "Join Filter": "(ct.id = mc.company_type_id)", "Plans": [{"Node Type": "Seq Scan", "Parent Relationship": "Outer", "Relation Name": "company_type", "Alias": "ct", "Startup Cost": 0.0, "Total Cost": 1.04, "Plan Rows": 1, "Plan Width": 4, "Filter": "((kind)::text = 'production companies'::text)"}, {"Node Type": "Seq Scan", "Parent Relationship": "Inner", "Relation Name": "movie_companies", "Alias": "mc", "Startup Cost": 0.0, "Total Cost": 61385.74, "Plan Rows": 59, "Plan Width": 8, "Filter": "(((note)::text ~~ '%(VHS)%'::text) AND ((note)::text ~~ '%(USA)%'::text) AND ((note)::text ~~ '%(1994)%'::text))"}]}, {"Node Type": "Index Scan", "Parent Relationship": "Inner", "Scan Direction": "Forward", "Index Name": "title_pkey", "Relation Name": "title", "Alias": "t", "Startup Cost": 0.0, "Total Cost": 8.27, "Plan Rows": 1, "Plan Width": 21, "Index Cond": "(id = mc.movie_id)", "Filter": "(production_year > 2010)"}]}, {"Node Type": "Index Scan", "Parent Relationship": "Inner", "Scan Direction": "Forward", "Index Name": "movie_id_movie_info", "Relation Name": "movie_info", "Alias": "mi", "Startup Cost": 0.0, "Total Cost": 2.46, "Plan Rows": 1, "Plan Width": 8, "Index Cond": "(movie_id = t.id)", "Filter": "((info)::text = ANY ('{USA,America}'::text[]))"}]}, {"Node Type": "Index Scan", "Parent Relationship": "Inner", "Scan Direction": "Forward", "Index Name": "info_type_pkey", "Relation Name": "info_type", "Alias": "it", "Startup Cost": 0.0, "Total Cost": 0.27, "Plan Rows": 1, "Plan Width": 4, "Index Cond": "(id = mi.info_type_id)"}]}]}, "Unique SQL Id": 328306525, "Planner Runtime": 9}, "explain_analyze_plan": {"Plan": {"Node Type": "Aggregate", "Strategy": "Plain", "Startup Cost": 61721.76, "Total Cost": 61721.77, "Plan Rows": 1, "Plan Width": 49, "Actual Startup Time": 945.137, "Actual Total Time": 945.138, "Actual Rows": 1, "Actual Loops": 1, "Plans": [{"Node Type": "Nested Loop", "Parent Relationship": "Outer", "Join Type": "Inner", "Startup Cost": 0.0, "Total Cost": 61721.7, "Plan Rows": 24, "Plan Width": 17, "Actual Startup Time": 945.129, "Actual Total Time": 945.129, "Actual Rows": 0, "Actual Loops": 1, "Inner Unique": true, "Plans": [{"Node Type": "Nested Loop", "Parent Relationship": "Outer", "Join Type": "Inner", "Startup Cost": 0.0, "Total Cost": 61714.98, "Plan Rows": 24, "Plan Width": 21, "Actual Startup Time": 945.128, "Actual Total Time": 945.128, "Actual Rows": 0, "Actual Loops": 1, "Inner Unique": false, "Plans": [{"Node Type": "Nested Loop", "Parent Relationship": "Outer", "Join Type": "Inner", "Startup Cost": 0.0, "Total Cost": 61635.99, "Plan Rows": 32, "Plan Width": 25, "Actual Startup Time": 945.127, "Actual Total Time": 945.127, "Actual Rows": 0, "Actual Loops": 1, "Inner Unique": true, "Plans": [{"Node Type": "Nested Loop", "Parent Relationship": "Outer", "Join Type": "Inner", "Startup Cost": 0.0, "Total Cost": 61387.52, "Plan Rows": 30, "Plan Width": 4, "Actual Startup Time": 945.125, "Actual Total Time": 945.125, "Actual Rows": 0, "Actual Loops": 1, "Inner Unique": false, "Join Filter": "(ct.id = mc.company_type_id)", "Rows Removed by Join Filter": 1418, "Plans": [{"Node Type": "Seq Scan", "Parent Relationship": "Outer", "Relation Name": "company_type", "Alias": "ct", "Startup Cost": 0.0, "Total Cost": 1.04, "Plan Rows": 1, "Plan Width": 4, "Actual Startup Time": 0.021, "Actual Total Time": 0.027, "Actual Rows": 1, "Actual Loops": 1, "Filter": "((kind)::text = 'production companies'::text)", "Rows Removed by Filter": 2}, {"Node Type": "Seq Scan", "Parent Relationship": "Inner", "Relation Name": "movie_companies", "Alias": "mc", "Startup Cost": 0.0, "Total Cost": 61385.74, "Plan Rows": 59, "Plan Width": 8, "Actual Startup Time": 3.882, "Actual Total Time": 944.67, "Actual Rows": 1418, "Actual Loops": 1, "Filter": "(((note)::text ~~ '%(VHS)%'::text) AND ((note)::text ~~ '%(USA)%'::text) AND ((note)::text ~~ '%(1994)%'::text))", "Rows Removed by Filter": 2607710}]}, {"Node Type": "Index Scan", "Parent Relationship": "Inner", "Scan Direction": "Forward", "Index Name": "title_pkey", "Relation Name": "title", "Alias": "t", "Startup Cost": 0.0, "Total Cost": 8.27, "Plan Rows": 1, "Plan Width": 21, "Actual Startup Time": 0.0, "Actual Total Time": 0.0, "Index Cond": "(id = mc.movie_id)", "Rows Removed by Index Recheck": 0, "Filter": "(production_year > 2010)", "Rows Removed by Filter": 0}]}, {"Node Type": "Index Scan", "Parent Relationship": "Inner", "Scan Direction": "Forward", "Index Name": "movie_id_movie_info", "Relation Name": "movie_info", "Alias": "mi", "Startup Cost": 0.0, "Total Cost": 2.46, "Plan Rows": 1, "Plan Width": 8, "Actual Startup Time": 0.0, "Actual Total Time": 0.0, "Index Cond": "(movie_id = t.id)", "Rows Removed by Index Recheck": 0, "Filter": "((info)::text = ANY ('{USA,America}'::text[]))", "Rows Removed by Filter": 0}]}, {"Node Type": "Index Scan", "Parent Relationship": "Inner", "Scan Direction": "Forward", "Index Name": "info_type_pkey", "Relation Name": "info_type", "Alias": "it", "Startup Cost": 0.0, "Total Cost": 0.27, "Plan Rows": 1, "Plan Width": 4, "Actual Startup Time": 0.0, "Actual Total Time": 0.0, "Index Cond": "(id = mi.info_type_id)", "Rows Removed by Index Recheck": 0}]}]}, "Triggers": [], "Planner Runtime": 9.643, "Total Runtime": 945.575, "Unique SQL Id": 328306525}}, "(64, '13')": {"explain_plan": {"Plan": {"Node Type": "Aggregate", "Strategy": "Plain", "Startup Cost": 63248.6, "Total Cost": 63248.61, "Plan Rows": 1, "Plan Width": 49, "Plans": [{"Node Type": "Nested Loop", "Parent Relationship": "Outer", "Join Type": "Inner", "Startup Cost": 0.0, "Total Cost": 63248.54, "Plan Rows": 24, "Plan Width": 17, "Inner Unique": true, "Plans": [{"Node Type": "Nested Loop", "Parent Relationship": "Outer", "Join Type": "Inner", "Startup Cost": 0.0, "Total Cost": 63241.82, "Plan Rows": 24, "Plan Width": 21, "Inner Unique": false, "Plans": [{"Node Type": "Nested Loop", "Parent Relationship": "Outer", "Join Type": "Inner", "Startup Cost": 0.0, "Total Cost": 63162.83, "Plan Rows": 32, "Plan Width": 25, "Inner Unique": true, "Plans": [{"Node Type": "Nested Loop", "Parent Relationship": "Outer", "Join Type": "Inner", "Startup Cost": 0.0, "Total Cost": 62914.35, "Plan Rows": 30, "Plan Width": 4, "Inner Unique": false, "Plans": [{"Node Type": "Index Scan", "Parent Relationship": "Outer", "Scan Direction": "Forward", "Index Name": "company_type_pkey", "Relation Name": "company_type", "Alias": "ct", "Startup Cost": 0.0, "Total Cost": 12.3, "Plan Rows": 1, "Plan Width": 4, "Filter": "((kind)::text = 'production companies'::text)"}, {"Node Type": "Index Scan", "Parent Relationship": "Inner", "Scan Direction": "Forward", "Index Name": "company_type_id_movie_companies", "Relation Name": "movie_companies", "Alias": "mc", "Startup Cost": 0.0, "Total Cost": 62901.76, "Plan Rows": 29, "Plan Width": 8, "Index Cond": "(company_type_id = ct.id)", "Filter": "(((note)::text ~~ '%(VHS)%'::text) AND ((note)::text ~~ '%(USA)%'::text) AND ((note)::text ~~ '%(1994)%'::text))"}]}, {"Node Type": "Index Scan", "Parent Relationship": "Inner", "Scan Direction": "Forward", "Index Name": "title_pkey", "Relation Name": "title", "Alias": "t", "Startup Cost": 0.0, "Total Cost": 8.27, "Plan Rows": 1, "Plan Width": 21, "Index Cond": "(id = mc.movie_id)", "Filter": "(production_year > 2010)"}]}, {"Node Type": "Index Scan", "Parent Relationship": "Inner", "Scan Direction": "Forward", "Index Name": "movie_id_movie_info", "Relation Name": "movie_info", "Alias": "mi", "Startup Cost": 0.0, "Total Cost": 2.46, "Plan Rows": 1, "Plan Width": 8, "Index Cond": "(movie_id = t.id)", "Filter": "((info)::text = ANY ('{USA,America}'::text[]))"}]}, {"Node Type": "Index Scan", "Parent Relationship": "Inner", "Scan Direction": "Forward", "Index Name": "info_type_pkey", "Relation Name": "info_type", "Alias": "it", "Startup Cost": 0.0, "Total Cost": 0.27, "Plan Rows": 1, "Plan Width": 4, "Index Cond": "(id = mi.info_type_id)"}]}]}, "Unique SQL Id": 328306525, "Planner Runtime": 8}, "explain_analyze_plan": {"Plan": {"Node Type": "Aggregate", "Strategy": "Plain", "Startup Cost": 63248.6, "Total Cost": 63248.61, "Plan Rows": 1, "Plan Width": 49, "Actual Startup Time": 707.469, "Actual Total Time": 707.469, "Actual Rows": 1, "Actual Loops": 1, "Plans": [{"Node Type": "Nested Loop", "Parent Relationship": "Outer", "Join Type": "Inner", "Startup Cost": 0.0, "Total Cost": 63248.54, "Plan Rows": 24, "Plan Width": 17, "Actual Startup Time": 707.462, "Actual Total Time": 707.462, "Actual Rows": 0, "Actual Loops": 1, "Inner Unique": true, "Plans": [{"Node Type": "Nested Loop", "Parent Relationship": "Outer", "Join Type": "Inner", "Startup Cost": 0.0, "Total Cost": 63241.82, "Plan Rows": 24, "Plan Width": 21, "Actual Startup Time": 707.46, "Actual Total Time": 707.46, "Actual Rows": 0, "Actual Loops": 1, "Inner Unique": false, "Plans": [{"Node Type": "Nested Loop", "Parent Relationship": "Outer", "Join Type": "Inner", "Startup Cost": 0.0, "Total Cost": 63162.83, "Plan Rows": 32, "Plan Width": 25, "Actual Startup Time": 707.458, "Actual Total Time": 707.458, "Actual Rows": 0, "Actual Loops": 1, "Inner Unique": true, "Plans": [{"Node Type": "Nested Loop", "Parent Relationship": "Outer", "Join Type": "Inner", "Startup Cost": 0.0, "Total Cost": 62914.35, "Plan Rows": 30, "Plan Width": 4, "Actual Startup Time": 707.457, "Actual Total Time": 707.457, "Actual Rows": 0, "Actual Loops": 1, "Inner Unique": false, "Plans": [{"Node Type": "Index Scan", "Parent Relationship": "Outer", "Scan Direction": "Forward", "Index Name": "company_type_pkey", "Relation Name": "company_type", "Alias": "ct", "Startup Cost": 0.0, "Total Cost": 12.3, "Plan Rows": 1, "Plan Width": 4, "Actual Startup Time": 0.015, "Actual Total Time": 0.026, "Actual Rows": 1, "Actual Loops": 1, "Filter": "((kind)::text = 'production companies'::text)", "Rows Removed by Filter": 2}, {"Node Type": "Index Scan", "Parent Relationship": "Inner", "Scan Direction": "Forward", "Index Name": "company_type_id_movie_companies", "Relation Name": "movie_companies", "Alias": "mc", "Startup Cost": 0.0, "Total Cost": 62901.76, "Plan Rows": 29, "Plan Width": 8, "Actual Startup Time": 707.424, "Actual Total Time": 707.424, "Actual Rows": 0, "Actual Loops": 1, "Index Cond": "(company_type_id = ct.id)", "Rows Removed by Index Recheck": 0, "Filter": "(((note)::text ~~ '%(VHS)%'::text) AND ((note)::text ~~ '%(USA)%'::text) AND ((note)::text ~~ '%(1994)%'::text))", "Rows Removed by Filter": 1334883}]}, {"Node Type": "Index Scan", "Parent Relationship": "Inner", "Scan Direction": "Forward", "Index Name": "title_pkey", "Relation Name": "title", "Alias": "t", "Startup Cost": 0.0, "Total Cost": 8.27, "Plan Rows": 1, "Plan Width": 21, "Actual Startup Time": 0.0, "Actual Total Time": 0.0, "Index Cond": "(id = mc.movie_id)", "Rows Removed by Index Recheck": 0, "Filter": "(production_year > 2010)", "Rows Removed by Filter": 0}]}, {"Node Type": "Index Scan", "Parent Relationship": "Inner", "Scan Direction": "Forward", "Index Name": "movie_id_movie_info", "Relation Name": "movie_info", "Alias": "mi", "Startup Cost": 0.0, "Total Cost": 2.46, "Plan Rows": 1, "Plan Width": 8, "Actual Startup Time": 0.0, "Actual Total Time": 0.0, "Index Cond": "(movie_id = t.id)", "Rows Removed by Index Recheck": 0, "Filter": "((info)::text = ANY ('{USA,America}'::text[]))", "Rows Removed by Filter": 0}]}, {"Node Type": "Index Scan", "Parent Relationship": "Inner", "Scan Direction": "Forward", "Index Name": "info_type_pkey", "Relation Name": "info_type", "Alias": "it", "Startup Cost": 0.0, "Total Cost": 0.27, "Plan Rows": 1, "Plan Width": 4, "Actual Startup Time": 0.0, "Actual Total Time": 0.0, "Index Cond": "(id = mi.info_type_id)", "Rows Removed by Index Recheck": 0}]}]}, "Triggers": [], "Planner Runtime": 9.381, "Total Runtime": 707.729, "Unique SQL Id": 328306525}}, "(64, '14')": {"explain_plan": {"Plan": {"Node Type": "Aggregate", "Strategy": "Plain", "Startup Cost": 217016.61, "Total Cost": 217016.62, "Plan Rows": 1, "Plan Width": 49, "Plans": [{"Node Type": "Nested Loop", "Parent Relationship": "Outer", "Join Type": "Inner", "Startup Cost": 134492.69, "Total Cost": 217016.55, "Plan Rows": 24, "Plan Width": 17, "Inner Unique": false, "Join Filter": "(mi.info_type_id = it.id)", "Plans": [{"Node Type": "Seq Scan", "Parent Relationship": "Outer", "Relation Name": "info_type", "Alias": "it", "Startup Cost": 0.0, "Total Cost": 2.12, "Plan Rows": 112, "Plan Width": 4}, {"Node Type": "Materialize", "Parent Relationship": "Inner", "Startup Cost": 134492.69, "Total Cost": 216974.17, "Plan Rows": 24, "Plan Width": 21, "Plans": [{"Node Type": "Hash Join", "Parent Relationship": "Outer", "Join Type": "Inner", "Startup Cost": 134492.69, "Total Cost": 216974.05, "Plan Rows": 24, "Plan Width": 21, "Inner Unique": false, "Hash Cond": "(mi.movie_id = t.id)", "Plans": [{"Node Type": "Streaming(type: LOCAL GATHER dop: 1/64)", "Parent Relationship": "Outer", "Startup Cost": 0.0, "Total Cost": 80287.65, "Plan Rows": 584897, "Plan Width": 8, "Plans": [{"Node Type": "Seq Scan", "Parent Relationship": "Outer", "Relation Name": "movie_info", "Alias": "mi", "Startup Cost": 0.0, "Total Cost": 68221.29, "Plan Rows": 584897, "Plan Width": 8, "Filter": "((info)::text = ANY ('{USA,America}'::text[]))"}]}, {"Node Type": "Hash", "Parent Relationship": "Inner", "Startup Cost": 134492.29, "Total Cost": 134492.29, "Plan Rows": 32, "Plan Width": 25, "Plans": [{"Node Type": "Hash Join", "Parent Relationship": "Outer", "Join Type": "Inner", "Startup Cost": 61387.89, "Total Cost": 134492.29, "Plan Rows": 32, "Plan Width": 25, "Inner Unique": false, "Hash Cond": "(t.id = mc.movie_id)", "Plans": [{"Node Type": "Streaming(type: LOCAL GATHER dop: 1/64)", "Parent Relationship": "Outer", "Startup Cost": 0.0, "Total Cost": 72112.93, "Plan Rows": 391451, "Plan Width": 21, "Plans": [{"Node Type": "Seq Scan", "Parent Relationship": "Outer", "Relation Name": "title", "Alias": "t", "Startup Cost": 0.0, "Total Cost": 64037.34, "Plan Rows": 391451, "Plan Width": 21, "Filter": "(production_year > 2010), (LLVM Optimized)"}]}, {"Node Type": "Hash", "Parent Relationship": "Inner", "Startup Cost": 61387.52, "Total Cost": 61387.52, "Plan Rows": 30, "Plan Width": 4, "Plans": [{"Node Type": "Nested Loop", "Parent Relationship": "Outer", "Join Type": "Inner", "Startup Cost": 0.0, "Total Cost": 61387.52, "Plan Rows": 30, "Plan Width": 4, "Inner Unique": false, "Join Filter": "(ct.id = mc.company_type_id)", "Plans": [{"Node Type": "Seq Scan", "Parent Relationship": "Outer", "Relation Name": "company_type", "Alias": "ct", "Startup Cost": 0.0, "Total Cost": 1.04, "Plan Rows": 1, "Plan Width": 4, "Filter": "((kind)::text = 'production companies'::text)"}, {"Node Type": "Seq Scan", "Parent Relationship": "Inner", "Relation Name": "movie_companies", "Alias": "mc", "Startup Cost": 0.0, "Total Cost": 61385.74, "Plan Rows": 59, "Plan Width": 8, "Filter": "(((note)::text ~~ '%(VHS)%'::text) AND ((note)::text ~~ '%(USA)%'::text) AND ((note)::text ~~ '%(1994)%'::text))"}]}]}]}]}]}]}]}]}, "Unique SQL Id": 328306525, "Planner Runtime": 15}, "explain_analyze_plan": {"Plan": {"Node Type": "Aggregate", "Strategy": "Plain", "Startup Cost": 217016.61, "Total Cost": 217016.62, "Plan Rows": 1, "Plan Width": 49, "Actual Min Startup Time": 966.084, "Actual Max Startup Time": 966.084, "Actual Min Total Time": 966.084, "Actual Max Total Time": 966.084, "Plans": [{"Node Type": "Nested Loop", "Parent Relationship": "Outer", "Join Type": "Inner", "Startup Cost": 134492.69, "Total Cost": 217016.55, "Plan Rows": 24, "Plan Width": 17, "Actual Min Startup Time": 966.077, "Actual Max Startup Time": 966.077, "Actual Min Total Time": 966.077, "Actual Max Total Time": 966.077, "Inner Unique": false, "Join Filter": "(mi.info_type_id = it.id)", "Rows Removed by Join Filter": 0, "Plans": [{"Node Type": "Seq Scan", "Parent Relationship": "Outer", "Relation Name": "info_type", "Alias": "it", "Startup Cost": 0.0, "Total Cost": 2.12, "Plan Rows": 112, "Plan Width": 4, "Actual Min Startup Time": 0.051, "Actual Max Startup Time": 0.051, "Actual Min Total Time": 0.064, "Actual Max Total Time": 0.064, "Actual Rows": 112}, {"Node Type": "Materialize", "Parent Relationship": "Inner", "Startup Cost": 134492.69, "Total Cost": 216974.17, "Plan Rows": 24, "Plan Width": 21, "Actual Min Startup Time": 965.965, "Actual Max Startup Time": 965.965, "Actual Min Total Time": 965.965, "Actual Max Total Time": 965.965, "Plans": [{"Node Type": "Hash Join", "Parent Relationship": "Outer", "Join Type": "Inner", "Startup Cost": 134492.69, "Total Cost": 216974.05, "Plan Rows": 24, "Plan Width": 21, "Actual Min Startup Time": 965.945, "Actual Max Startup Time": 965.945, "Actual Min Total Time": 965.945, "Actual Max Total Time": 965.945, "Inner Unique": false, "Hash Cond": "(mi.movie_id = t.id)", "Plans": [{"Node Type": "Streaming(type: LOCAL GATHER dop: 1/64)", "Parent Relationship": "Outer", "Startup Cost": 0.0, "Total Cost": 80287.65, "Plan Rows": 584897, "Plan Width": 8, "Actual Startup Time": 0.0, "Actual Total Time": 0.0, "Plans": [{"Node Type": "Seq Scan", "Parent Relationship": "Outer", "Relation Name": "movie_info", "Alias": "mi", "Startup Cost": 0.0, "Total Cost": 68221.29, "Plan Rows": 584897, "Plan Width": 8, "Actual Min Startup Time": 0.037, "Actual Max Startup Time": 43.211, "Actual Min Total Time": 12.079, "Actual Max Total Time": 118.593, "Filter": "((info)::text = ANY ('{USA,America}'::text[]))", "Rows Removed by Filter": 10824957, "Actual Rows": 6464}]}, {"Node Type": "Hash", "Parent Relationship": "Inner", "Startup Cost": 134492.29, "Total Cost": 134492.29, "Plan Rows": 32, "Plan Width": 25, "Actual Min Startup Time": 965.613, "Actual Max Startup Time": 965.613, "Actual Min Total Time": 965.613, "Actual Max Total Time": 965.613, "Max Hash Buckets": 32768, "Min Hash Buckets": 32768, "Max Hash Batches": 1, "Min Hash Batches": 1, "Max Original Hash Batches": 1, "Min Original Hash Batches": 1, "Max Peak Memory Usage": 0, "min Peak Memory Usage": 0, "Plans": [{"Node Type": "Hash Join", "Parent Relationship": "Outer", "Join Type": "Inner", "Startup Cost": 61387.89, "Total Cost": 134492.29, "Plan Rows": 32, "Plan Width": 25, "Actual Min Startup Time": 965.611, "Actual Max Startup Time": 965.611, "Actual Min Total Time": 965.611, "Actual Max Total Time": 965.611, "Inner Unique": false, "Hash Cond": "(t.id = mc.movie_id)", "Plans": [{"Node Type": "Streaming(type: LOCAL GATHER dop: 1/64)", "Parent Relationship": "Outer", "Startup Cost": 0.0, "Total Cost": 72112.93, "Plan Rows": 391451, "Plan Width": 21, "Actual Startup Time": 0.0, "Actual Total Time": 0.0, "Plans": [{"Node Type": "Seq Scan", "Parent Relationship": "Outer", "Relation Name": "title", "Alias": "t", "Startup Cost": 0.0, "Total Cost": 64037.34, "Plan Rows": 391451, "Plan Width": 21, "Actual Min Startup Time": 0.029, "Actual Max Startup Time": 0.059, "Actual Min Total Time": 0.217, "Actual Max Total Time": 0.311, "Filter": "(production_year > 2010), (LLVM Optimized)", "Rows Removed by Filter": 33125, "Actual Rows": 6464}]}, {"Node Type": "Hash", "Parent Relationship": "Inner", "Startup Cost": 61387.52, "Total Cost": 61387.52, "Plan Rows": 30, "Plan Width": 4, "Actual Min Startup Time": 965.349, "Actual Max Startup Time": 965.349, "Actual Min Total Time": 965.349, "Actual Max Total Time": 965.349, "Max Hash Buckets": 32768, "Min Hash Buckets": 32768, "Max Hash Batches": 1, "Min Hash Batches": 1, "Max Original Hash Batches": 1, "Min Original Hash Batches": 1, "Max Peak Memory Usage": 0, "min Peak Memory Usage": 0, "Plans": [{"Node Type": "Nested Loop", "Parent Relationship": "Outer", "Join Type": "Inner", "Startup Cost": 0.0, "Total Cost": 61387.52, "Plan Rows": 30, "Plan Width": 4, "Actual Min Startup Time": 965.345, "Actual Max Startup Time": 965.345, "Actual Min Total Time": 965.345, "Actual Max Total Time": 965.345, "Inner Unique": false, "Join Filter": "(ct.id = mc.company_type_id)", "Rows Removed by Join Filter": 1418, "Plans": [{"Node Type": "Seq Scan", "Parent Relationship": "Outer", "Relation Name": "company_type", "Alias": "ct", "Startup Cost": 0.0, "Total Cost": 1.04, "Plan Rows": 1, "Plan Width": 4, "Actual Min Startup Time": 0.042, "Actual Max Startup Time": 0.042, "Actual Min Total Time": 0.048, "Actual Max Total Time": 0.048, "Filter": "((kind)::text = 'production companies'::text)", "Rows Removed by Filter": 2, "Actual Rows": 1}, {"Node Type": "Seq Scan", "Parent Relationship": "Inner", "Relation Name": "movie_companies", "Alias": "mc", "Startup Cost": 0.0, "Total Cost": 61385.74, "Plan Rows": 59, "Plan Width": 8, "Actual Min Startup Time": 4.0, "Actual Max Startup Time": 4.0, "Actual Min Total Time": 964.7, "Actual Max Total Time": 964.7, "Filter": "(((note)::text ~~ '%(VHS)%'::text) AND ((note)::text ~~ '%(USA)%'::text) AND ((note)::text ~~ '%(1994)%'::text))", "Rows Removed by Filter": 2607710, "Actual Rows": 1418}], "Actual Rows": 0}], "Actual Rows": 0}], "Actual Rows": 0}], "Actual Rows": 0}], "Actual Rows": 0}], "Actual Rows": 0}], "Actual Rows": 0}], "Actual Rows": 1}, "Triggers": [], "Planner Runtime": 15.713, "Total Runtime": 999.265, "Unique SQL Id": 328306525}}, "(64, '15')": {"explain_plan": {"Plan": {"Node Type": "Aggregate", "Strategy": "Plain", "Startup Cost": 4998574728500.19, "Total Cost": 4998574728500.2, "Plan Rows": 1, "Plan Width": 49, "Plans": [{"Node Type": "Merge Join", "Parent Relationship": "Outer", "Join Type": "Inner", "Startup Cost": 50025290819.16, "Total Cost": 4998574728500.13, "Plan Rows": 24, "Plan Width": 17, "Inner Unique": true, "Merge Cond": "(mi.movie_id = t.id)", "Plans": [{"Node Type": "Nested Loop", "Parent Relationship": "Outer", "Join Type": "Inner", "Startup Cost": 40000000000.0, "Total Cost": 3999263639085.25, "Plan Rows": 33, "Plan Width": 8, "Inner Unique": true, "Join Filter": "(mc.company_type_id = ct.id)", "Plans": [{"Node Type": "Merge Join", "Parent Relationship": "Outer", "Join Type": "Inner", "Startup Cost": 30000000000.0, "Total Cost": 2999263637854.01, "Plan Rows": 66, "Plan Width": 12, "Inner Unique": false, "Merge Cond": "(mi.movie_id = mc.movie_id)", "Plans": [{"Node Type": "Nested Loop", "Parent Relationship": "Outer", "Join Type": "Inner", "Startup Cost": 20000000000.0, "Total Cost": 2000108518423.96, "Plan Rows": 584897, "Plan Width": 4, "Inner Unique": true, "Join Filter": "(it.id = mi.info_type_id), (LLVM Optimized)", "Plans": [{"Node Type": "Index Scan", "Parent Relationship": "Outer", "Scan Direction": "Forward", "Index Name": "movie_id_movie_info", "Relation Name": "movie_info", "Alias": "mi", "Startup Cost": 10000000000.0, "Total Cost": 1000107534403.72, "Plan Rows": 584897, "Plan Width": 8, "Filter": "((info)::text = ANY ('{USA,America}'::text[]))"}, {"Node Type": "Materialize", "Parent Relationship": "Inner", "Startup Cost": 10000000000.0, "Total Cost": 1000000001393.56, "Plan Rows": 112, "Plan Width": 4, "Plans": [{"Node Type": "Index Scan", "Parent Relationship": "Outer", "Scan Direction": "Forward", "Index Name": "info_type_pkey", "Relation Name": "info_type", "Alias": "it", "Startup Cost": 10000000000.0, "Total Cost": 1000000001393.0, "Plan Rows": 112, "Plan Width": 4}]}]}, {"Node Type": "Materialize", "Parent Relationship": "Inner", "Startup Cost": 10000000000.0, "Total Cost": 1000015008792.28, "Plan Rows": 59, "Plan Width": 8, "Plans": [{"Node Type": "Index Scan", "Parent Relationship": "Outer", "Scan Direction": "Forward", "Index Name": "movie_id_movie_companies", "Relation Name": "movie_companies", "Alias": "mc", "Startup Cost": 10000000000.0, "Total Cost": 1000015008792.13, "Plan Rows": 59, "Plan Width": 8, "Filter": "(((note)::text ~~ '%(VHS)%'::text) AND ((note)::text ~~ '%(USA)%'::text) AND ((note)::text ~~ '%(1994)%'::text))"}]}]}, {"Node Type": "Materialize", "Parent Relationship": "Inner", "Startup Cost": 10000000000.0, "Total Cost": 1000000001230.26, "Plan Rows": 1, "Plan Width": 4, "Plans": [{"Node Type": "Index Scan", "Parent Relationship": "Outer", "Scan Direction": "Forward", "Index Name": "company_type_pkey", "Relation Name": "company_type", "Alias": "ct", "Startup Cost": 10000000000.0, "Total Cost": 1000000001230.25, "Plan Rows": 1, "Plan Width": 4, "Filter": "((kind)::text = 'production companies'::text)"}]}]}, {"Node Type": "Index Scan", "Parent Relationship": "Inner", "Scan Direction": "Forward", "Index Name": "title_pkey", "Relation Name": "title", "Alias": "t", "Startup Cost": 10000000000.0, "Total Cost": 1000011644126.66, "Plan Rows": 391451, "Plan Width": 21, "Filter": "(production_year > 2010), (LLVM Optimized)"}]}]}, "Unique SQL Id": 328306525, "Planner Runtime": 14}, "explain_analyze_plan": null}, "(64, '16')": {"explain_plan": {"Plan": {"Node Type": "Aggregate", "Strategy": "Plain", "Startup Cost": 61721.76, "Total Cost": 61721.77, "Plan Rows": 1, "Plan Width": 49, "Plans": [{"Node Type": "Nested Loop", "Parent Relationship": "Outer", "Join Type": "Inner", "Startup Cost": 0.0, "Total Cost": 61721.7, "Plan Rows": 24, "Plan Width": 17, "Inner Unique": true, "Plans": [{"Node Type": "Nested Loop", "Parent Relationship": "Outer", "Join Type": "Inner", "Startup Cost": 0.0, "Total Cost": 61714.98, "Plan Rows": 24, "Plan Width": 21, "Inner Unique": false, "Plans": [{"Node Type": "Nested Loop", "Parent Relationship": "Outer", "Join Type": "Inner", "Startup Cost": 0.0, "Total Cost": 61635.99, "Plan Rows": 32, "Plan Width": 25, "Inner Unique": true, "Plans": [{"Node Type": "Nested Loop", "Parent Relationship": "Outer", "Join Type": "Inner", "Startup Cost": 0.0, "Total Cost": 61387.52, "Plan Rows": 30, "Plan Width": 4, "Inner Unique": false, "Join Filter": "(ct.id = mc.company_type_id)", "Plans": [{"Node Type": "Seq Scan", "Parent Relationship": "Outer", "Relation Name": "company_type", "Alias": "ct", "Startup Cost": 0.0, "Total Cost": 1.04, "Plan Rows": 1, "Plan Width": 4, "Filter": "((kind)::text = 'production companies'::text)"}, {"Node Type": "Seq Scan", "Parent Relationship": "Inner", "Relation Name": "movie_companies", "Alias": "mc", "Startup Cost": 0.0, "Total Cost": 61385.74, "Plan Rows": 59, "Plan Width": 8, "Filter": "(((note)::text ~~ '%(VHS)%'::text) AND ((note)::text ~~ '%(USA)%'::text) AND ((note)::text ~~ '%(1994)%'::text))"}]}, {"Node Type": "Index Scan", "Parent Relationship": "Inner", "Scan Direction": "Forward", "Index Name": "title_pkey", "Relation Name": "title", "Alias": "t", "Startup Cost": 0.0, "Total Cost": 8.27, "Plan Rows": 1, "Plan Width": 21, "Index Cond": "(id = mc.movie_id)", "Filter": "(production_year > 2010)"}]}, {"Node Type": "Index Scan", "Parent Relationship": "Inner", "Scan Direction": "Forward", "Index Name": "movie_id_movie_info", "Relation Name": "movie_info", "Alias": "mi", "Startup Cost": 0.0, "Total Cost": 2.46, "Plan Rows": 1, "Plan Width": 8, "Index Cond": "(movie_id = t.id)", "Filter": "((info)::text = ANY ('{USA,America}'::text[]))"}]}, {"Node Type": "Index Only Scan", "Parent Relationship": "Inner", "Scan Direction": "Forward", "Index Name": "info_type_pkey", "Relation Name": "info_type", "Alias": "it", "Startup Cost": 0.0, "Total Cost": 0.27, "Plan Rows": 1, "Plan Width": 4, "Index Cond": "(id = mi.info_type_id)"}]}]}, "Unique SQL Id": 328306525, "Planner Runtime": 6}, "explain_analyze_plan": {"Plan": {"Node Type": "Aggregate", "Strategy": "Plain", "Startup Cost": 61721.76, "Total Cost": 61721.77, "Plan Rows": 1, "Plan Width": 49, "Actual Startup Time": 965.018, "Actual Total Time": 965.019, "Actual Rows": 1, "Actual Loops": 1, "Plans": [{"Node Type": "Nested Loop", "Parent Relationship": "Outer", "Join Type": "Inner", "Startup Cost": 0.0, "Total Cost": 61721.7, "Plan Rows": 24, "Plan Width": 17, "Actual Startup Time": 965.012, "Actual Total Time": 965.012, "Actual Rows": 0, "Actual Loops": 1, "Inner Unique": true, "Plans": [{"Node Type": "Nested Loop", "Parent Relationship": "Outer", "Join Type": "Inner", "Startup Cost": 0.0, "Total Cost": 61714.98, "Plan Rows": 24, "Plan Width": 21, "Actual Startup Time": 965.011, "Actual Total Time": 965.011, "Actual Rows": 0, "Actual Loops": 1, "Inner Unique": false, "Plans": [{"Node Type": "Nested Loop", "Parent Relationship": "Outer", "Join Type": "Inner", "Startup Cost": 0.0, "Total Cost": 61635.99, "Plan Rows": 32, "Plan Width": 25, "Actual Startup Time": 965.009, "Actual Total Time": 965.009, "Actual Rows": 0, "Actual Loops": 1, "Inner Unique": true, "Plans": [{"Node Type": "Nested Loop", "Parent Relationship": "Outer", "Join Type": "Inner", "Startup Cost": 0.0, "Total Cost": 61387.52, "Plan Rows": 30, "Plan Width": 4, "Actual Startup Time": 965.006, "Actual Total Time": 965.006, "Actual Rows": 0, "Actual Loops": 1, "Inner Unique": false, "Join Filter": "(ct.id = mc.company_type_id)", "Rows Removed by Join Filter": 1418, "Plans": [{"Node Type": "Seq Scan", "Parent Relationship": "Outer", "Relation Name": "company_type", "Alias": "ct", "Startup Cost": 0.0, "Total Cost": 1.04, "Plan Rows": 1, "Plan Width": 4, "Actual Startup Time": 0.014, "Actual Total Time": 0.021, "Actual Rows": 1, "Actual Loops": 1, "Filter": "((kind)::text = 'production companies'::text)", "Rows Removed by Filter": 2}, {"Node Type": "Seq Scan", "Parent Relationship": "Inner", "Relation Name": "movie_companies", "Alias": "mc", "Startup Cost": 0.0, "Total Cost": 61385.74, "Plan Rows": 59, "Plan Width": 8, "Actual Startup Time": 3.955, "Actual Total Time": 964.568, "Actual Rows": 1418, "Actual Loops": 1, "Filter": "(((note)::text ~~ '%(VHS)%'::text) AND ((note)::text ~~ '%(USA)%'::text) AND ((note)::text ~~ '%(1994)%'::text))", "Rows Removed by Filter": 2607710}]}, {"Node Type": "Index Scan", "Parent Relationship": "Inner", "Scan Direction": "Forward", "Index Name": "title_pkey", "Relation Name": "title", "Alias": "t", "Startup Cost": 0.0, "Total Cost": 8.27, "Plan Rows": 1, "Plan Width": 21, "Actual Startup Time": 0.0, "Actual Total Time": 0.0, "Index Cond": "(id = mc.movie_id)", "Rows Removed by Index Recheck": 0, "Filter": "(production_year > 2010)", "Rows Removed by Filter": 0}]}, {"Node Type": "Index Scan", "Parent Relationship": "Inner", "Scan Direction": "Forward", "Index Name": "movie_id_movie_info", "Relation Name": "movie_info", "Alias": "mi", "Startup Cost": 0.0, "Total Cost": 2.46, "Plan Rows": 1, "Plan Width": 8, "Actual Startup Time": 0.0, "Actual Total Time": 0.0, "Index Cond": "(movie_id = t.id)", "Rows Removed by Index Recheck": 0, "Filter": "((info)::text = ANY ('{USA,America}'::text[]))", "Rows Removed by Filter": 0}]}, {"Node Type": "Index Only Scan", "Parent Relationship": "Inner", "Scan Direction": "Forward", "Index Name": "info_type_pkey", "Relation Name": "info_type", "Alias": "it", "Startup Cost": 0.0, "Total Cost": 0.27, "Plan Rows": 1, "Plan Width": 4, "Actual Startup Time": 0.0, "Actual Total Time": 0.0, "Index Cond": "(id = mi.info_type_id)", "Rows Removed by Index Recheck": 0, "Heap Fetches": 0}]}]}, "Triggers": [], "Planner Runtime": 9.305, "Total Runtime": 965.287, "Unique SQL Id": 328306525}}, "(64, '17')": {"explain_plan": {"Plan": {"Node Type": "Aggregate", "Strategy": "Plain", "Startup Cost": 63248.6, "Total Cost": 63248.61, "Plan Rows": 1, "Plan Width": 49, "Plans": [{"Node Type": "Nested Loop", "Parent Relationship": "Outer", "Join Type": "Inner", "Startup Cost": 0.0, "Total Cost": 63248.54, "Plan Rows": 24, "Plan Width": 17, "Inner Unique": true, "Plans": [{"Node Type": "Nested Loop", "Parent Relationship": "Outer", "Join Type": "Inner", "Startup Cost": 0.0, "Total Cost": 63241.82, "Plan Rows": 24, "Plan Width": 21, "Inner Unique": false, "Plans": [{"Node Type": "Nested Loop", "Parent Relationship": "Outer", "Join Type": "Inner", "Startup Cost": 0.0, "Total Cost": 63162.83, "Plan Rows": 32, "Plan Width": 25, "Inner Unique": true, "Plans": [{"Node Type": "Nested Loop", "Parent Relationship": "Outer", "Join Type": "Inner", "Startup Cost": 0.0, "Total Cost": 62914.35, "Plan Rows": 30, "Plan Width": 4, "Inner Unique": false, "Plans": [{"Node Type": "Index Scan", "Parent Relationship": "Outer", "Scan Direction": "Forward", "Index Name": "company_type_pkey", "Relation Name": "company_type", "Alias": "ct", "Startup Cost": 0.0, "Total Cost": 12.3, "Plan Rows": 1, "Plan Width": 4, "Filter": "((kind)::text = 'production companies'::text)"}, {"Node Type": "Index Scan", "Parent Relationship": "Inner", "Scan Direction": "Forward", "Index Name": "company_type_id_movie_companies", "Relation Name": "movie_companies", "Alias": "mc", "Startup Cost": 0.0, "Total Cost": 62901.76, "Plan Rows": 29, "Plan Width": 8, "Index Cond": "(company_type_id = ct.id)", "Filter": "(((note)::text ~~ '%(VHS)%'::text) AND ((note)::text ~~ '%(USA)%'::text) AND ((note)::text ~~ '%(1994)%'::text))"}]}, {"Node Type": "Index Scan", "Parent Relationship": "Inner", "Scan Direction": "Forward", "Index Name": "title_pkey", "Relation Name": "title", "Alias": "t", "Startup Cost": 0.0, "Total Cost": 8.27, "Plan Rows": 1, "Plan Width": 21, "Index Cond": "(id = mc.movie_id)", "Filter": "(production_year > 2010)"}]}, {"Node Type": "Index Scan", "Parent Relationship": "Inner", "Scan Direction": "Forward", "Index Name": "movie_id_movie_info", "Relation Name": "movie_info", "Alias": "mi", "Startup Cost": 0.0, "Total Cost": 2.46, "Plan Rows": 1, "Plan Width": 8, "Index Cond": "(movie_id = t.id)", "Filter": "((info)::text = ANY ('{USA,America}'::text[]))"}]}, {"Node Type": "Index Only Scan", "Parent Relationship": "Inner", "Scan Direction": "Forward", "Index Name": "info_type_pkey", "Relation Name": "info_type", "Alias": "it", "Startup Cost": 0.0, "Total Cost": 0.27, "Plan Rows": 1, "Plan Width": 4, "Index Cond": "(id = mi.info_type_id)"}]}]}, "Unique SQL Id": 328306525, "Planner Runtime": 7}, "explain_analyze_plan": {"Plan": {"Node Type": "Aggregate", "Strategy": "Plain", "Startup Cost": 63248.6, "Total Cost": 63248.61, "Plan Rows": 1, "Plan Width": 49, "Actual Startup Time": 712.178, "Actual Total Time": 712.179, "Actual Rows": 1, "Actual Loops": 1, "Plans": [{"Node Type": "Nested Loop", "Parent Relationship": "Outer", "Join Type": "Inner", "Startup Cost": 0.0, "Total Cost": 63248.54, "Plan Rows": 24, "Plan Width": 17, "Actual Startup Time": 712.172, "Actual Total Time": 712.172, "Actual Rows": 0, "Actual Loops": 1, "Inner Unique": true, "Plans": [{"Node Type": "Nested Loop", "Parent Relationship": "Outer", "Join Type": "Inner", "Startup Cost": 0.0, "Total Cost": 63241.82, "Plan Rows": 24, "Plan Width": 21, "Actual Startup Time": 712.17, "Actual Total Time": 712.17, "Actual Rows": 0, "Actual Loops": 1, "Inner Unique": false, "Plans": [{"Node Type": "Nested Loop", "Parent Relationship": "Outer", "Join Type": "Inner", "Startup Cost": 0.0, "Total Cost": 63162.83, "Plan Rows": 32, "Plan Width": 25, "Actual Startup Time": 712.168, "Actual Total Time": 712.168, "Actual Rows": 0, "Actual Loops": 1, "Inner Unique": true, "Plans": [{"Node Type": "Nested Loop", "Parent Relationship": "Outer", "Join Type": "Inner", "Startup Cost": 0.0, "Total Cost": 62914.35, "Plan Rows": 30, "Plan Width": 4, "Actual Startup Time": 712.166, "Actual Total Time": 712.166, "Actual Rows": 0, "Actual Loops": 1, "Inner Unique": false, "Plans": [{"Node Type": "Index Scan", "Parent Relationship": "Outer", "Scan Direction": "Forward", "Index Name": "company_type_pkey", "Relation Name": "company_type", "Alias": "ct", "Startup Cost": 0.0, "Total Cost": 12.3, "Plan Rows": 1, "Plan Width": 4, "Actual Startup Time": 0.013, "Actual Total Time": 0.024, "Actual Rows": 1, "Actual Loops": 1, "Filter": "((kind)::text = 'production companies'::text)", "Rows Removed by Filter": 2}, {"Node Type": "Index Scan", "Parent Relationship": "Inner", "Scan Direction": "Forward", "Index Name": "company_type_id_movie_companies", "Relation Name": "movie_companies", "Alias": "mc", "Startup Cost": 0.0, "Total Cost": 62901.76, "Plan Rows": 29, "Plan Width": 8, "Actual Startup Time": 712.136, "Actual Total Time": 712.136, "Actual Rows": 0, "Actual Loops": 1, "Index Cond": "(company_type_id = ct.id)", "Rows Removed by Index Recheck": 0, "Filter": "(((note)::text ~~ '%(VHS)%'::text) AND ((note)::text ~~ '%(USA)%'::text) AND ((note)::text ~~ '%(1994)%'::text))", "Rows Removed by Filter": 1334883}]}, {"Node Type": "Index Scan", "Parent Relationship": "Inner", "Scan Direction": "Forward", "Index Name": "title_pkey", "Relation Name": "title", "Alias": "t", "Startup Cost": 0.0, "Total Cost": 8.27, "Plan Rows": 1, "Plan Width": 21, "Actual Startup Time": 0.0, "Actual Total Time": 0.0, "Index Cond": "(id = mc.movie_id)", "Rows Removed by Index Recheck": 0, "Filter": "(production_year > 2010)", "Rows Removed by Filter": 0}]}, {"Node Type": "Index Scan", "Parent Relationship": "Inner", "Scan Direction": "Forward", "Index Name": "movie_id_movie_info", "Relation Name": "movie_info", "Alias": "mi", "Startup Cost": 0.0, "Total Cost": 2.46, "Plan Rows": 1, "Plan Width": 8, "Actual Startup Time": 0.0, "Actual Total Time": 0.0, "Index Cond": "(movie_id = t.id)", "Rows Removed by Index Recheck": 0, "Filter": "((info)::text = ANY ('{USA,America}'::text[]))", "Rows Removed by Filter": 0}]}, {"Node Type": "Index Only Scan", "Parent Relationship": "Inner", "Scan Direction": "Forward", "Index Name": "info_type_pkey", "Relation Name": "info_type", "Alias": "it", "Startup Cost": 0.0, "Total Cost": 0.27, "Plan Rows": 1, "Plan Width": 4, "Actual Startup Time": 0.0, "Actual Total Time": 0.0, "Index Cond": "(id = mi.info_type_id)", "Rows Removed by Index Recheck": 0, "Heap Fetches": 0}]}]}, "Triggers": [], "Planner Runtime": 9.362, "Total Runtime": 712.43, "Unique SQL Id": 328306525}}, "(64, '18')": {"explain_plan": {"Plan": {"Node Type": "Aggregate", "Strategy": "Plain", "Startup Cost": 62302.06, "Total Cost": 62302.07, "Plan Rows": 1, "Plan Width": 49, "Plans": [{"Node Type": "Nested Loop", "Parent Relationship": "Outer", "Join Type": "Inner", "Startup Cost": 4.61, "Total Cost": 62302.0, "Plan Rows": 24, "Plan Width": 17, "Inner Unique": false, "Join Filter": "(mi.info_type_id = it.id)", "Plans": [{"Node Type": "Seq Scan", "Parent Relationship": "Outer", "Relation Name": "info_type", "Alias": "it", "Startup Cost": 0.0, "Total Cost": 2.12, "Plan Rows": 112, "Plan Width": 4}, {"Node Type": "Materialize", "Parent Relationship": "Inner", "Startup Cost": 4.61, "Total Cost": 62259.62, "Plan Rows": 24, "Plan Width": 21, "Plans": [{"Node Type": "Nested Loop", "Parent Relationship": "Outer", "Join Type": "Inner", "Startup Cost": 4.61, "Total Cost": 62259.5, "Plan Rows": 24, "Plan Width": 21, "Inner Unique": true, "Plans": [{"Node Type": "Nested Loop", "Parent Relationship": "Outer", "Join Type": "Inner", "Startup Cost": 4.29, "Total Cost": 62116.08, "Plan Rows": 33, "Plan Width": 12, "Inner Unique": false, "Plans": [{"Node Type": "Nested Loop", "Parent Relationship": "Outer", "Join Type": "Inner", "Startup Cost": 0.0, "Total Cost": 61387.52, "Plan Rows": 30, "Plan Width": 4, "Inner Unique": false, "Join Filter": "(ct.id = mc.company_type_id)", "Plans": [{"Node Type": "Seq Scan", "Parent Relationship": "Outer", "Relation Name": "company_type", "Alias": "ct", "Startup Cost": 0.0, "Total Cost": 1.04, "Plan Rows": 1, "Plan Width": 4, "Filter": "((kind)::text = 'production companies'::text)"}, {"Node Type": "Seq Scan", "Parent Relationship": "Inner", "Relation Name": "movie_companies", "Alias": "mc", "Startup Cost": 0.0, "Total Cost": 61385.74, "Plan Rows": 59, "Plan Width": 8, "Filter": "(((note)::text ~~ '%(VHS)%'::text) AND ((note)::text ~~ '%(USA)%'::text) AND ((note)::text ~~ '%(1994)%'::text))"}]}, {"Node Type": "Bitmap Heap Scan", "Parent Relationship": "Inner", "Relation Name": "movie_info", "Alias": "mi", "Startup Cost": 4.29, "Total Cost": 24.28, "Plan Rows": 1, "Plan Width": 8, "Recheck Cond": "(movie_id = mc.movie_id)", "Filter": "((info)::text = ANY ('{USA,America}'::text[]))", "Plans": [{"Node Type": "Bitmap Index Scan", "Parent Relationship": "Outer", "Index Name": "movie_id_movie_info", "Startup Cost": 0.0, "Total Cost": 4.29, "Plan Rows": 5, "Plan Width": 0, "Index Cond": "(movie_id = mc.movie_id)"}]}]}, {"Node Type": "Bitmap Heap Scan", "Parent Relationship": "Inner", "Relation Name": "title", "Alias": "t", "Startup Cost": 0.32, "Total Cost": 4.34, "Plan Rows": 1, "Plan Width": 21, "Recheck Cond": "(id = mi.movie_id)", "Filter": "(production_year > 2010)", "Plans": [{"Node Type": "Bitmap Index Scan", "Parent Relationship": "Outer", "Index Name": "title_pkey", "Startup Cost": 0.0, "Total Cost": 0.32, "Plan Rows": 1, "Plan Width": 0, "Index Cond": "(id = mi.movie_id)"}]}]}]}]}]}, "Unique SQL Id": 328306525, "Planner Runtime": 7}, "explain_analyze_plan": {"Plan": {"Node Type": "Aggregate", "Strategy": "Plain", "Startup Cost": 62302.06, "Total Cost": 62302.07, "Plan Rows": 1, "Plan Width": 49, "Actual Startup Time": 948.946, "Actual Total Time": 948.947, "Actual Rows": 1, "Actual Loops": 1, "Plans": [{"Node Type": "Nested Loop", "Parent Relationship": "Outer", "Join Type": "Inner", "Startup Cost": 4.61, "Total Cost": 62302.0, "Plan Rows": 24, "Plan Width": 17, "Actual Startup Time": 948.937, "Actual Total Time": 948.937, "Actual Rows": 0, "Actual Loops": 1, "Inner Unique": false, "Join Filter": "(mi.info_type_id = it.id)", "Rows Removed by Join Filter": 0, "Plans": [{"Node Type": "Seq Scan", "Parent Relationship": "Outer", "Relation Name": "info_type", "Alias": "it", "Startup Cost": 0.0, "Total Cost": 2.12, "Plan Rows": 112, "Plan Width": 4, "Actual Startup Time": 0.024, "Actual Total Time": 0.047, "Actual Rows": 112, "Actual Loops": 1}, {"Node Type": "Materialize", "Parent Relationship": "Inner", "Startup Cost": 4.61, "Total Cost": 62259.62, "Plan Rows": 24, "Plan Width": 21, "Actual Startup Time": 948.862, "Actual Total Time": 948.862, "Actual Rows": 0, "Actual Loops": 112, "Plans": [{"Node Type": "Nested Loop", "Parent Relationship": "Outer", "Join Type": "Inner", "Startup Cost": 4.61, "Total Cost": 62259.5, "Plan Rows": 24, "Plan Width": 21, "Actual Startup Time": 948.851, "Actual Total Time": 948.851, "Actual Rows": 0, "Actual Loops": 1, "Inner Unique": true, "Plans": [{"Node Type": "Nested Loop", "Parent Relationship": "Outer", "Join Type": "Inner", "Startup Cost": 4.29, "Total Cost": 62116.08, "Plan Rows": 33, "Plan Width": 12, "Actual Startup Time": 948.85, "Actual Total Time": 948.85, "Actual Rows": 0, "Actual Loops": 1, "Inner Unique": false, "Plans": [{"Node Type": "Nested Loop", "Parent Relationship": "Outer", "Join Type": "Inner", "Startup Cost": 0.0, "Total Cost": 61387.52, "Plan Rows": 30, "Plan Width": 4, "Actual Startup Time": 948.848, "Actual Total Time": 948.848, "Actual Rows": 0, "Actual Loops": 1, "Inner Unique": false, "Join Filter": "(ct.id = mc.company_type_id)", "Rows Removed by Join Filter": 1418, "Plans": [{"Node Type": "Seq Scan", "Parent Relationship": "Outer", "Relation Name": "company_type", "Alias": "ct", "Startup Cost": 0.0, "Total Cost": 1.04, "Plan Rows": 1, "Plan Width": 4, "Actual Startup Time": 0.009, "Actual Total Time": 0.014, "Actual Rows": 1, "Actual Loops": 1, "Filter": "((kind)::text = 'production companies'::text)", "Rows Removed by Filter": 2}, {"Node Type": "Seq Scan", "Parent Relationship": "Inner", "Relation Name": "movie_companies", "Alias": "mc", "Startup Cost": 0.0, "Total Cost": 61385.74, "Plan Rows": 59, "Plan Width": 8, "Actual Startup Time": 3.999, "Actual Total Time": 948.403, "Actual Rows": 1418, "Actual Loops": 1, "Filter": "(((note)::text ~~ '%(VHS)%'::text) AND ((note)::text ~~ '%(USA)%'::text) AND ((note)::text ~~ '%(1994)%'::text))", "Rows Removed by Filter": 2607710}]}, {"Node Type": "Bitmap Heap Scan", "Parent Relationship": "Inner", "Relation Name": "movie_info", "Alias": "mi", "Startup Cost": 4.29, "Total Cost": 24.28, "Plan Rows": 1, "Plan Width": 8, "Actual Startup Time": 0.0, "Actual Total Time": 0.0, "Recheck Cond": "(movie_id = mc.movie_id)", "Rows Removed by Index Recheck": 0, "Filter": "((info)::text = ANY ('{USA,America}'::text[]))", "Rows Removed by Filter": 0, "Exact Heap Blocks": 0, "Lossy Heap Blocks": 0, "Plans": [{"Node Type": "Bitmap Index Scan", "Parent Relationship": "Outer", "Index Name": "movie_id_movie_info", "Startup Cost": 0.0, "Total Cost": 4.29, "Plan Rows": 5, "Plan Width": 0, "Actual Startup Time": 0.0, "Actual Total Time": 0.0, "Index Cond": "(movie_id = mc.movie_id)"}]}]}, {"Node Type": "Bitmap Heap Scan", "Parent Relationship": "Inner", "Relation Name": "title", "Alias": "t", "Startup Cost": 0.32, "Total Cost": 4.34, "Plan Rows": 1, "Plan Width": 21, "Actual Startup Time": 0.0, "Actual Total Time": 0.0, "Recheck Cond": "(id = mi.movie_id)", "Rows Removed by Index Recheck": 0, "Filter": "(production_year > 2010)", "Rows Removed by Filter": 0, "Exact Heap Blocks": 0, "Lossy Heap Blocks": 0, "Plans": [{"Node Type": "Bitmap Index Scan", "Parent Relationship": "Outer", "Index Name": "title_pkey", "Startup Cost": 0.0, "Total Cost": 0.32, "Plan Rows": 1, "Plan Width": 0, "Actual Startup Time": 0.0, "Actual Total Time": 0.0, "Index Cond": "(id = mi.movie_id)"}]}]}]}]}]}, "Triggers": [], "Planner Runtime": 10.11, "Total Runtime": 949.204, "Unique SQL Id": 328306525}}, "(64, '19')": {"explain_plan": {"Plan": {"Node Type": "Aggregate", "Strategy": "Plain", "Startup Cost": 71749.13, "Total Cost": 71749.14, "Plan Rows": 1, "Plan Width": 49, "Plans": [{"Node Type": "Nested Loop", "Parent Relationship": "Outer", "Join Type": "Inner", "Startup Cost": 28957.62, "Total Cost": 71749.07, "Plan Rows": 24, "Plan Width": 17, "Inner Unique": true, "Plans": [{"Node Type": "Nested Loop", "Parent Relationship": "Outer", "Join Type": "Inner", "Startup Cost": 28957.36, "Total Cost": 71646.35, "Plan Rows": 24, "Plan Width": 21, "Inner Unique": true, "Plans": [{"Node Type": "Nested Loop", "Parent Relationship": "Outer", "Join Type": "Inner", "Startup Cost": 28957.04, "Total Cost": 71502.93, "Plan Rows": 33, "Plan Width": 12, "Inner Unique": false, "Plans": [{"Node Type": "Nested Loop", "Parent Relationship": "Outer", "Join Type": "Inner", "Startup Cost": 28952.75, "Total Cost": 70774.36, "Plan Rows": 30, "Plan Width": 4, "Inner Unique": false, "Plans": [{"Node Type": "Bitmap Heap Scan", "Parent Relationship": "Outer", "Relation Name": "company_type", "Alias": "ct", "Startup Cost": 8.27, "Total Cost": 12.3, "Plan Rows": 1, "Plan Width": 4, "Filter": "((kind)::text = 'production companies'::text)", "Plans": [{"Node Type": "Bitmap Index Scan", "Parent Relationship": "Outer", "Index Name": "company_type_pkey", "Startup Cost": 0.0, "Total Cost": 8.27, "Plan Rows": 3, "Plan Width": 0}]}, {"Node Type": "Bitmap Heap Scan", "Parent Relationship": "Inner", "Relation Name": "movie_companies", "Alias": "mc", "Startup Cost": 28944.49, "Total Cost": 70761.77, "Plan Rows": 29, "Plan Width": 8, "Recheck Cond": "(company_type_id = ct.id)", "Filter": "(((note)::text ~~ '%(VHS)%'::text) AND ((note)::text ~~ '%(USA)%'::text) AND ((note)::text ~~ '%(1994)%'::text))", "Plans": [{"Node Type": "Bitmap Index Scan", "Parent Relationship": "Outer", "Index Name": "company_type_id_movie_companies", "Startup Cost": 0.0, "Total Cost": 28944.48, "Plan Rows": 1304564, "Plan Width": 0, "Index Cond": "(company_type_id = ct.id)"}]}]}, {"Node Type": "Bitmap Heap Scan", "Parent Relationship": "Inner", "Relation Name": "movie_info", "Alias": "mi", "Startup Cost": 4.29, "Total Cost": 24.28, "Plan Rows": 1, "Plan Width": 8, "Recheck Cond": "(movie_id = mc.movie_id)", "Filter": "((info)::text = ANY ('{USA,America}'::text[]))", "Plans": [{"Node Type": "Bitmap Index Scan", "Parent Relationship": "Outer", "Index Name": "movie_id_movie_info", "Startup Cost": 0.0, "Total Cost": 4.29, "Plan Rows": 5, "Plan Width": 0, "Index Cond": "(movie_id = mc.movie_id)"}]}]}, {"Node Type": "Bitmap Heap Scan", "Parent Relationship": "Inner", "Relation Name": "title", "Alias": "t", "Startup Cost": 0.32, "Total Cost": 4.34, "Plan Rows": 1, "Plan Width": 21, "Recheck Cond": "(id = mi.movie_id)", "Filter": "(production_year > 2010)", "Plans": [{"Node Type": "Bitmap Index Scan", "Parent Relationship": "Outer", "Index Name": "title_pkey", "Startup Cost": 0.0, "Total Cost": 0.32, "Plan Rows": 1, "Plan Width": 0, "Index Cond": "(id = mi.movie_id)"}]}]}, {"Node Type": "Bitmap Heap Scan", "Parent Relationship": "Inner", "Relation Name": "info_type", "Alias": "it", "Startup Cost": 0.26, "Total Cost": 4.27, "Plan Rows": 1, "Plan Width": 4, "Recheck Cond": "(id = mi.info_type_id)", "Plans": [{"Node Type": "Bitmap Index Scan", "Parent Relationship": "Outer", "Index Name": "info_type_pkey", "Startup Cost": 0.0, "Total Cost": 0.26, "Plan Rows": 1, "Plan Width": 0, "Index Cond": "(id = mi.info_type_id)"}]}]}]}, "Unique SQL Id": 328306525, "Planner Runtime": 6}, "explain_analyze_plan": {"Plan": {"Node Type": "Aggregate", "Strategy": "Plain", "Startup Cost": 71749.13, "Total Cost": 71749.14, "Plan Rows": 1, "Plan Width": 49, "Actual Startup Time": 576.153, "Actual Total Time": 576.154, "Actual Rows": 1, "Actual Loops": 1, "Plans": [{"Node Type": "Nested Loop", "Parent Relationship": "Outer", "Join Type": "Inner", "Startup Cost": 28957.62, "Total Cost": 71749.07, "Plan Rows": 24, "Plan Width": 17, "Actual Startup Time": 576.145, "Actual Total Time": 576.145, "Actual Rows": 0, "Actual Loops": 1, "Inner Unique": true, "Plans": [{"Node Type": "Nested Loop", "Parent Relationship": "Outer", "Join Type": "Inner", "Startup Cost": 28957.36, "Total Cost": 71646.35, "Plan Rows": 24, "Plan Width": 21, "Actual Startup Time": 576.144, "Actual Total Time": 576.144, "Actual Rows": 0, "Actual Loops": 1, "Inner Unique": true, "Plans": [{"Node Type": "Nested Loop", "Parent Relationship": "Outer", "Join Type": "Inner", "Startup Cost": 28957.04, "Total Cost": 71502.93, "Plan Rows": 33, "Plan Width": 12, "Actual Startup Time": 576.143, "Actual Total Time": 576.143, "Actual Rows": 0, "Actual Loops": 1, "Inner Unique": false, "Plans": [{"Node Type": "Nested Loop", "Parent Relationship": "Outer", "Join Type": "Inner", "Startup Cost": 28952.75, "Total Cost": 70774.36, "Plan Rows": 30, "Plan Width": 4, "Actual Startup Time": 576.141, "Actual Total Time": 576.141, "Actual Rows": 0, "Actual Loops": 1, "Inner Unique": false, "Plans": [{"Node Type": "Bitmap Heap Scan", "Parent Relationship": "Outer", "Relation Name": "company_type", "Alias": "ct", "Startup Cost": 8.27, "Total Cost": 12.3, "Plan Rows": 1, "Plan Width": 4, "Actual Startup Time": 0.029, "Actual Total Time": 0.034, "Actual Rows": 1, "Actual Loops": 1, "Filter": "((kind)::text = 'production companies'::text)", "Rows Removed by Filter": 2, "Exact Heap Blocks": 1, "Lossy Heap Blocks": 1, "Plans": [{"Node Type": "Bitmap Index Scan", "Parent Relationship": "Outer", "Index Name": "company_type_pkey", "Startup Cost": 0.0, "Total Cost": 8.27, "Plan Rows": 3, "Plan Width": 0, "Actual Startup Time": 0.009, "Actual Total Time": 0.009, "Actual Rows": 3, "Actual Loops": 1}]}, {"Node Type": "Bitmap Heap Scan", "Parent Relationship": "Inner", "Relation Name": "movie_companies", "Alias": "mc", "Startup Cost": 28944.49, "Total Cost": 70761.77, "Plan Rows": 29, "Plan Width": 8, "Actual Startup Time": 576.098, "Actual Total Time": 576.098, "Actual Rows": 0, "Actual Loops": 1, "Recheck Cond": "(company_type_id = ct.id)", "Rows Removed by Index Recheck": 0, "Filter": "(((note)::text ~~ '%(VHS)%'::text) AND ((note)::text ~~ '%(USA)%'::text) AND ((note)::text ~~ '%(1994)%'::text))", "Rows Removed by Filter": 1334883, "Exact Heap Blocks": 6196, "Lossy Heap Blocks": 6196, "Plans": [{"Node Type": "Bitmap Index Scan", "Parent Relationship": "Outer", "Index Name": "company_type_id_movie_companies", "Startup Cost": 0.0, "Total Cost": 28944.48, "Plan Rows": 1304564, "Plan Width": 0, "Actual Startup Time": 146.94, "Actual Total Time": 146.94, "Actual Rows": 1334883, "Actual Loops": 1, "Index Cond": "(company_type_id = ct.id)"}]}]}, {"Node Type": "Bitmap Heap Scan", "Parent Relationship": "Inner", "Relation Name": "movie_info", "Alias": "mi", "Startup Cost": 4.29, "Total Cost": 24.28, "Plan Rows": 1, "Plan Width": 8, "Actual Startup Time": 0.0, "Actual Total Time": 0.0, "Recheck Cond": "(movie_id = mc.movie_id)", "Rows Removed by Index Recheck": 0, "Filter": "((info)::text = ANY ('{USA,America}'::text[]))", "Rows Removed by Filter": 0, "Exact Heap Blocks": 0, "Lossy Heap Blocks": 0, "Plans": [{"Node Type": "Bitmap Index Scan", "Parent Relationship": "Outer", "Index Name": "movie_id_movie_info", "Startup Cost": 0.0, "Total Cost": 4.29, "Plan Rows": 5, "Plan Width": 0, "Actual Startup Time": 0.0, "Actual Total Time": 0.0, "Index Cond": "(movie_id = mc.movie_id)"}]}]}, {"Node Type": "Bitmap Heap Scan", "Parent Relationship": "Inner", "Relation Name": "title", "Alias": "t", "Startup Cost": 0.32, "Total Cost": 4.34, "Plan Rows": 1, "Plan Width": 21, "Actual Startup Time": 0.0, "Actual Total Time": 0.0, "Recheck Cond": "(id = mi.movie_id)", "Rows Removed by Index Recheck": 0, "Filter": "(production_year > 2010)", "Rows Removed by Filter": 0, "Exact Heap Blocks": 0, "Lossy Heap Blocks": 0, "Plans": [{"Node Type": "Bitmap Index Scan", "Parent Relationship": "Outer", "Index Name": "title_pkey", "Startup Cost": 0.0, "Total Cost": 0.32, "Plan Rows": 1, "Plan Width": 0, "Actual Startup Time": 0.0, "Actual Total Time": 0.0, "Index Cond": "(id = mi.movie_id)"}]}]}, {"Node Type": "Bitmap Heap Scan", "Parent Relationship": "Inner", "Relation Name": "info_type", "Alias": "it", "Startup Cost": 0.26, "Total Cost": 4.27, "Plan Rows": 1, "Plan Width": 4, "Actual Startup Time": 0.0, "Actual Total Time": 0.0, "Recheck Cond": "(id = mi.info_type_id)", "Rows Removed by Index Recheck": 0, "Exact Heap Blocks": 0, "Lossy Heap Blocks": 0, "Plans": [{"Node Type": "Bitmap Index Scan", "Parent Relationship": "Outer", "Index Name": "info_type_pkey", "Startup Cost": 0.0, "Total Cost": 0.26, "Plan Rows": 1, "Plan Width": 0, "Actual Startup Time": 0.0, "Actual Total Time": 0.0, "Index Cond": "(id = mi.info_type_id)"}]}]}]}, "Triggers": [], "Planner Runtime": 8.36, "Total Runtime": 576.478, "Unique SQL Id": 328306525}}, "(64, '20')": {"explain_plan": {"Plan": {"Node Type": "Aggregate", "Strategy": "Plain", "Startup Cost": 61721.76, "Total Cost": 61721.77, "Plan Rows": 1, "Plan Width": 49, "Plans": [{"Node Type": "Nested Loop", "Parent Relationship": "Outer", "Join Type": "Inner", "Startup Cost": 0.0, "Total Cost": 61721.7, "Plan Rows": 24, "Plan Width": 17, "Inner Unique": true, "Plans": [{"Node Type": "Nested Loop", "Parent Relationship": "Outer", "Join Type": "Inner", "Startup Cost": 0.0, "Total Cost": 61714.98, "Plan Rows": 24, "Plan Width": 21, "Inner Unique": false, "Plans": [{"Node Type": "Nested Loop", "Parent Relationship": "Outer", "Join Type": "Inner", "Startup Cost": 0.0, "Total Cost": 61635.99, "Plan Rows": 32, "Plan Width": 25, "Inner Unique": true, "Plans": [{"Node Type": "Nested Loop", "Parent Relationship": "Outer", "Join Type": "Inner", "Startup Cost": 0.0, "Total Cost": 61387.52, "Plan Rows": 30, "Plan Width": 4, "Inner Unique": false, "Join Filter": "(ct.id = mc.company_type_id)", "Plans": [{"Node Type": "Seq Scan", "Parent Relationship": "Outer", "Relation Name": "company_type", "Alias": "ct", "Startup Cost": 0.0, "Total Cost": 1.04, "Plan Rows": 1, "Plan Width": 4, "Filter": "((kind)::text = 'production companies'::text)"}, {"Node Type": "Seq Scan", "Parent Relationship": "Inner", "Relation Name": "movie_companies", "Alias": "mc", "Startup Cost": 0.0, "Total Cost": 61385.74, "Plan Rows": 59, "Plan Width": 8, "Filter": "(((note)::text ~~ '%(VHS)%'::text) AND ((note)::text ~~ '%(USA)%'::text) AND ((note)::text ~~ '%(1994)%'::text))"}]}, {"Node Type": "Index Scan", "Parent Relationship": "Inner", "Scan Direction": "Forward", "Index Name": "title_pkey", "Relation Name": "title", "Alias": "t", "Startup Cost": 0.0, "Total Cost": 8.27, "Plan Rows": 1, "Plan Width": 21, "Index Cond": "(id = mc.movie_id)", "Filter": "(production_year > 2010)"}]}, {"Node Type": "Index Scan", "Parent Relationship": "Inner", "Scan Direction": "Forward", "Index Name": "movie_id_movie_info", "Relation Name": "movie_info", "Alias": "mi", "Startup Cost": 0.0, "Total Cost": 2.46, "Plan Rows": 1, "Plan Width": 8, "Index Cond": "(movie_id = t.id)", "Filter": "((info)::text = ANY ('{USA,America}'::text[]))"}]}, {"Node Type": "Index Scan", "Parent Relationship": "Inner", "Scan Direction": "Forward", "Index Name": "info_type_pkey", "Relation Name": "info_type", "Alias": "it", "Startup Cost": 0.0, "Total Cost": 0.27, "Plan Rows": 1, "Plan Width": 4, "Index Cond": "(id = mi.info_type_id)"}]}]}, "Unique SQL Id": 328306525, "Planner Runtime": 5}, "explain_analyze_plan": {"Plan": {"Node Type": "Aggregate", "Strategy": "Plain", "Startup Cost": 61721.76, "Total Cost": 61721.77, "Plan Rows": 1, "Plan Width": 49, "Actual Startup Time": 945.137, "Actual Total Time": 945.138, "Actual Rows": 1, "Actual Loops": 1, "Plans": [{"Node Type": "Nested Loop", "Parent Relationship": "Outer", "Join Type": "Inner", "Startup Cost": 0.0, "Total Cost": 61721.7, "Plan Rows": 24, "Plan Width": 17, "Actual Startup Time": 945.129, "Actual Total Time": 945.129, "Actual Rows": 0, "Actual Loops": 1, "Inner Unique": true, "Plans": [{"Node Type": "Nested Loop", "Parent Relationship": "Outer", "Join Type": "Inner", "Startup Cost": 0.0, "Total Cost": 61714.98, "Plan Rows": 24, "Plan Width": 21, "Actual Startup Time": 945.128, "Actual Total Time": 945.128, "Actual Rows": 0, "Actual Loops": 1, "Inner Unique": false, "Plans": [{"Node Type": "Nested Loop", "Parent Relationship": "Outer", "Join Type": "Inner", "Startup Cost": 0.0, "Total Cost": 61635.99, "Plan Rows": 32, "Plan Width": 25, "Actual Startup Time": 945.127, "Actual Total Time": 945.127, "Actual Rows": 0, "Actual Loops": 1, "Inner Unique": true, "Plans": [{"Node Type": "Nested Loop", "Parent Relationship": "Outer", "Join Type": "Inner", "Startup Cost": 0.0, "Total Cost": 61387.52, "Plan Rows": 30, "Plan Width": 4, "Actual Startup Time": 945.125, "Actual Total Time": 945.125, "Actual Rows": 0, "Actual Loops": 1, "Inner Unique": false, "Join Filter": "(ct.id = mc.company_type_id)", "Rows Removed by Join Filter": 1418, "Plans": [{"Node Type": "Seq Scan", "Parent Relationship": "Outer", "Relation Name": "company_type", "Alias": "ct", "Startup Cost": 0.0, "Total Cost": 1.04, "Plan Rows": 1, "Plan Width": 4, "Actual Startup Time": 0.021, "Actual Total Time": 0.027, "Actual Rows": 1, "Actual Loops": 1, "Filter": "((kind)::text = 'production companies'::text)", "Rows Removed by Filter": 2}, {"Node Type": "Seq Scan", "Parent Relationship": "Inner", "Relation Name": "movie_companies", "Alias": "mc", "Startup Cost": 0.0, "Total Cost": 61385.74, "Plan Rows": 59, "Plan Width": 8, "Actual Startup Time": 3.882, "Actual Total Time": 944.67, "Actual Rows": 1418, "Actual Loops": 1, "Filter": "(((note)::text ~~ '%(VHS)%'::text) AND ((note)::text ~~ '%(USA)%'::text) AND ((note)::text ~~ '%(1994)%'::text))", "Rows Removed by Filter": 2607710}]}, {"Node Type": "Index Scan", "Parent Relationship": "Inner", "Scan Direction": "Forward", "Index Name": "title_pkey", "Relation Name": "title", "Alias": "t", "Startup Cost": 0.0, "Total Cost": 8.27, "Plan Rows": 1, "Plan Width": 21, "Actual Startup Time": 0.0, "Actual Total Time": 0.0, "Index Cond": "(id = mc.movie_id)", "Rows Removed by Index Recheck": 0, "Filter": "(production_year > 2010)", "Rows Removed by Filter": 0}]}, {"Node Type": "Index Scan", "Parent Relationship": "Inner", "Scan Direction": "Forward", "Index Name": "movie_id_movie_info", "Relation Name": "movie_info", "Alias": "mi", "Startup Cost": 0.0, "Total Cost": 2.46, "Plan Rows": 1, "Plan Width": 8, "Actual Startup Time": 0.0, "Actual Total Time": 0.0, "Index Cond": "(movie_id = t.id)", "Rows Removed by Index Recheck": 0, "Filter": "((info)::text = ANY ('{USA,America}'::text[]))", "Rows Removed by Filter": 0}]}, {"Node Type": "Index Scan", "Parent Relationship": "Inner", "Scan Direction": "Forward", "Index Name": "info_type_pkey", "Relation Name": "info_type", "Alias": "it", "Startup Cost": 0.0, "Total Cost": 0.27, "Plan Rows": 1, "Plan Width": 4, "Actual Startup Time": 0.0, "Actual Total Time": 0.0, "Index Cond": "(id = mi.info_type_id)", "Rows Removed by Index Recheck": 0}]}]}, "Triggers": [], "Planner Runtime": 9.643, "Total Runtime": 945.575, "Unique SQL Id": 328306525}}, "(64, '21')": {"explain_plan": {"Plan": {"Node Type": "Aggregate", "Strategy": "Plain", "Startup Cost": 63248.6, "Total Cost": 63248.61, "Plan Rows": 1, "Plan Width": 49, "Plans": [{"Node Type": "Nested Loop", "Parent Relationship": "Outer", "Join Type": "Inner", "Startup Cost": 0.0, "Total Cost": 63248.54, "Plan Rows": 24, "Plan Width": 17, "Inner Unique": true, "Plans": [{"Node Type": "Nested Loop", "Parent Relationship": "Outer", "Join Type": "Inner", "Startup Cost": 0.0, "Total Cost": 63241.82, "Plan Rows": 24, "Plan Width": 21, "Inner Unique": false, "Plans": [{"Node Type": "Nested Loop", "Parent Relationship": "Outer", "Join Type": "Inner", "Startup Cost": 0.0, "Total Cost": 63162.83, "Plan Rows": 32, "Plan Width": 25, "Inner Unique": true, "Plans": [{"Node Type": "Nested Loop", "Parent Relationship": "Outer", "Join Type": "Inner", "Startup Cost": 0.0, "Total Cost": 62914.35, "Plan Rows": 30, "Plan Width": 4, "Inner Unique": false, "Plans": [{"Node Type": "Index Scan", "Parent Relationship": "Outer", "Scan Direction": "Forward", "Index Name": "company_type_pkey", "Relation Name": "company_type", "Alias": "ct", "Startup Cost": 0.0, "Total Cost": 12.3, "Plan Rows": 1, "Plan Width": 4, "Filter": "((kind)::text = 'production companies'::text)"}, {"Node Type": "Index Scan", "Parent Relationship": "Inner", "Scan Direction": "Forward", "Index Name": "company_type_id_movie_companies", "Relation Name": "movie_companies", "Alias": "mc", "Startup Cost": 0.0, "Total Cost": 62901.76, "Plan Rows": 29, "Plan Width": 8, "Index Cond": "(company_type_id = ct.id)", "Filter": "(((note)::text ~~ '%(VHS)%'::text) AND ((note)::text ~~ '%(USA)%'::text) AND ((note)::text ~~ '%(1994)%'::text))"}]}, {"Node Type": "Index Scan", "Parent Relationship": "Inner", "Scan Direction": "Forward", "Index Name": "title_pkey", "Relation Name": "title", "Alias": "t", "Startup Cost": 0.0, "Total Cost": 8.27, "Plan Rows": 1, "Plan Width": 21, "Index Cond": "(id = mc.movie_id)", "Filter": "(production_year > 2010)"}]}, {"Node Type": "Index Scan", "Parent Relationship": "Inner", "Scan Direction": "Forward", "Index Name": "movie_id_movie_info", "Relation Name": "movie_info", "Alias": "mi", "Startup Cost": 0.0, "Total Cost": 2.46, "Plan Rows": 1, "Plan Width": 8, "Index Cond": "(movie_id = t.id)", "Filter": "((info)::text = ANY ('{USA,America}'::text[]))"}]}, {"Node Type": "Index Scan", "Parent Relationship": "Inner", "Scan Direction": "Forward", "Index Name": "info_type_pkey", "Relation Name": "info_type", "Alias": "it", "Startup Cost": 0.0, "Total Cost": 0.27, "Plan Rows": 1, "Plan Width": 4, "Index Cond": "(id = mi.info_type_id)"}]}]}, "Unique SQL Id": 328306525, "Planner Runtime": 7}, "explain_analyze_plan": {"Plan": {"Node Type": "Aggregate", "Strategy": "Plain", "Startup Cost": 63248.6, "Total Cost": 63248.61, "Plan Rows": 1, "Plan Width": 49, "Actual Startup Time": 707.469, "Actual Total Time": 707.469, "Actual Rows": 1, "Actual Loops": 1, "Plans": [{"Node Type": "Nested Loop", "Parent Relationship": "Outer", "Join Type": "Inner", "Startup Cost": 0.0, "Total Cost": 63248.54, "Plan Rows": 24, "Plan Width": 17, "Actual Startup Time": 707.462, "Actual Total Time": 707.462, "Actual Rows": 0, "Actual Loops": 1, "Inner Unique": true, "Plans": [{"Node Type": "Nested Loop", "Parent Relationship": "Outer", "Join Type": "Inner", "Startup Cost": 0.0, "Total Cost": 63241.82, "Plan Rows": 24, "Plan Width": 21, "Actual Startup Time": 707.46, "Actual Total Time": 707.46, "Actual Rows": 0, "Actual Loops": 1, "Inner Unique": false, "Plans": [{"Node Type": "Nested Loop", "Parent Relationship": "Outer", "Join Type": "Inner", "Startup Cost": 0.0, "Total Cost": 63162.83, "Plan Rows": 32, "Plan Width": 25, "Actual Startup Time": 707.458, "Actual Total Time": 707.458, "Actual Rows": 0, "Actual Loops": 1, "Inner Unique": true, "Plans": [{"Node Type": "Nested Loop", "Parent Relationship": "Outer", "Join Type": "Inner", "Startup Cost": 0.0, "Total Cost": 62914.35, "Plan Rows": 30, "Plan Width": 4, "Actual Startup Time": 707.457, "Actual Total Time": 707.457, "Actual Rows": 0, "Actual Loops": 1, "Inner Unique": false, "Plans": [{"Node Type": "Index Scan", "Parent Relationship": "Outer", "Scan Direction": "Forward", "Index Name": "company_type_pkey", "Relation Name": "company_type", "Alias": "ct", "Startup Cost": 0.0, "Total Cost": 12.3, "Plan Rows": 1, "Plan Width": 4, "Actual Startup Time": 0.015, "Actual Total Time": 0.026, "Actual Rows": 1, "Actual Loops": 1, "Filter": "((kind)::text = 'production companies'::text)", "Rows Removed by Filter": 2}, {"Node Type": "Index Scan", "Parent Relationship": "Inner", "Scan Direction": "Forward", "Index Name": "company_type_id_movie_companies", "Relation Name": "movie_companies", "Alias": "mc", "Startup Cost": 0.0, "Total Cost": 62901.76, "Plan Rows": 29, "Plan Width": 8, "Actual Startup Time": 707.424, "Actual Total Time": 707.424, "Actual Rows": 0, "Actual Loops": 1, "Index Cond": "(company_type_id = ct.id)", "Rows Removed by Index Recheck": 0, "Filter": "(((note)::text ~~ '%(VHS)%'::text) AND ((note)::text ~~ '%(USA)%'::text) AND ((note)::text ~~ '%(1994)%'::text))", "Rows Removed by Filter": 1334883}]}, {"Node Type": "Index Scan", "Parent Relationship": "Inner", "Scan Direction": "Forward", "Index Name": "title_pkey", "Relation Name": "title", "Alias": "t", "Startup Cost": 0.0, "Total Cost": 8.27, "Plan Rows": 1, "Plan Width": 21, "Actual Startup Time": 0.0, "Actual Total Time": 0.0, "Index Cond": "(id = mc.movie_id)", "Rows Removed by Index Recheck": 0, "Filter": "(production_year > 2010)", "Rows Removed by Filter": 0}]}, {"Node Type": "Index Scan", "Parent Relationship": "Inner", "Scan Direction": "Forward", "Index Name": "movie_id_movie_info", "Relation Name": "movie_info", "Alias": "mi", "Startup Cost": 0.0, "Total Cost": 2.46, "Plan Rows": 1, "Plan Width": 8, "Actual Startup Time": 0.0, "Actual Total Time": 0.0, "Index Cond": "(movie_id = t.id)", "Rows Removed by Index Recheck": 0, "Filter": "((info)::text = ANY ('{USA,America}'::text[]))", "Rows Removed by Filter": 0}]}, {"Node Type": "Index Scan", "Parent Relationship": "Inner", "Scan Direction": "Forward", "Index Name": "info_type_pkey", "Relation Name": "info_type", "Alias": "it", "Startup Cost": 0.0, "Total Cost": 0.27, "Plan Rows": 1, "Plan Width": 4, "Actual Startup Time": 0.0, "Actual Total Time": 0.0, "Index Cond": "(id = mi.info_type_id)", "Rows Removed by Index Recheck": 0}]}]}, "Triggers": [], "Planner Runtime": 9.381, "Total Runtime": 707.729, "Unique SQL Id": 328306525}}, "(64, '22')": {"explain_plan": {"Plan": {"Node Type": "Aggregate", "Strategy": "Plain", "Startup Cost": 62302.06, "Total Cost": 62302.07, "Plan Rows": 1, "Plan Width": 49, "Plans": [{"Node Type": "Nested Loop", "Parent Relationship": "Outer", "Join Type": "Inner", "Startup Cost": 4.61, "Total Cost": 62302.0, "Plan Rows": 24, "Plan Width": 17, "Inner Unique": false, "Join Filter": "(mi.info_type_id = it.id)", "Plans": [{"Node Type": "Seq Scan", "Parent Relationship": "Outer", "Relation Name": "info_type", "Alias": "it", "Startup Cost": 0.0, "Total Cost": 2.12, "Plan Rows": 112, "Plan Width": 4}, {"Node Type": "Materialize", "Parent Relationship": "Inner", "Startup Cost": 4.61, "Total Cost": 62259.62, "Plan Rows": 24, "Plan Width": 21, "Plans": [{"Node Type": "Nested Loop", "Parent Relationship": "Outer", "Join Type": "Inner", "Startup Cost": 4.61, "Total Cost": 62259.5, "Plan Rows": 24, "Plan Width": 21, "Inner Unique": true, "Plans": [{"Node Type": "Nested Loop", "Parent Relationship": "Outer", "Join Type": "Inner", "Startup Cost": 4.29, "Total Cost": 62116.08, "Plan Rows": 33, "Plan Width": 12, "Inner Unique": false, "Plans": [{"Node Type": "Nested Loop", "Parent Relationship": "Outer", "Join Type": "Inner", "Startup Cost": 0.0, "Total Cost": 61387.52, "Plan Rows": 30, "Plan Width": 4, "Inner Unique": false, "Join Filter": "(ct.id = mc.company_type_id)", "Plans": [{"Node Type": "Seq Scan", "Parent Relationship": "Outer", "Relation Name": "company_type", "Alias": "ct", "Startup Cost": 0.0, "Total Cost": 1.04, "Plan Rows": 1, "Plan Width": 4, "Filter": "((kind)::text = 'production companies'::text)"}, {"Node Type": "Seq Scan", "Parent Relationship": "Inner", "Relation Name": "movie_companies", "Alias": "mc", "Startup Cost": 0.0, "Total Cost": 61385.74, "Plan Rows": 59, "Plan Width": 8, "Filter": "(((note)::text ~~ '%(VHS)%'::text) AND ((note)::text ~~ '%(USA)%'::text) AND ((note)::text ~~ '%(1994)%'::text))"}]}, {"Node Type": "Bitmap Heap Scan", "Parent Relationship": "Inner", "Relation Name": "movie_info", "Alias": "mi", "Startup Cost": 4.29, "Total Cost": 24.28, "Plan Rows": 1, "Plan Width": 8, "Recheck Cond": "(movie_id = mc.movie_id)", "Filter": "((info)::text = ANY ('{USA,America}'::text[]))", "Plans": [{"Node Type": "Bitmap Index Scan", "Parent Relationship": "Outer", "Index Name": "movie_id_movie_info", "Startup Cost": 0.0, "Total Cost": 4.29, "Plan Rows": 5, "Plan Width": 0, "Index Cond": "(movie_id = mc.movie_id)"}]}]}, {"Node Type": "Bitmap Heap Scan", "Parent Relationship": "Inner", "Relation Name": "title", "Alias": "t", "Startup Cost": 0.32, "Total Cost": 4.34, "Plan Rows": 1, "Plan Width": 21, "Recheck Cond": "(id = mi.movie_id)", "Filter": "(production_year > 2010)", "Plans": [{"Node Type": "Bitmap Index Scan", "Parent Relationship": "Outer", "Index Name": "title_pkey", "Startup Cost": 0.0, "Total Cost": 0.32, "Plan Rows": 1, "Plan Width": 0, "Index Cond": "(id = mi.movie_id)"}]}]}]}]}]}, "Unique SQL Id": 328306525, "Planner Runtime": 7}, "explain_analyze_plan": {"Plan": {"Node Type": "Aggregate", "Strategy": "Plain", "Startup Cost": 62302.06, "Total Cost": 62302.07, "Plan Rows": 1, "Plan Width": 49, "Actual Startup Time": 948.946, "Actual Total Time": 948.947, "Actual Rows": 1, "Actual Loops": 1, "Plans": [{"Node Type": "Nested Loop", "Parent Relationship": "Outer", "Join Type": "Inner", "Startup Cost": 4.61, "Total Cost": 62302.0, "Plan Rows": 24, "Plan Width": 17, "Actual Startup Time": 948.937, "Actual Total Time": 948.937, "Actual Rows": 0, "Actual Loops": 1, "Inner Unique": false, "Join Filter": "(mi.info_type_id = it.id)", "Rows Removed by Join Filter": 0, "Plans": [{"Node Type": "Seq Scan", "Parent Relationship": "Outer", "Relation Name": "info_type", "Alias": "it", "Startup Cost": 0.0, "Total Cost": 2.12, "Plan Rows": 112, "Plan Width": 4, "Actual Startup Time": 0.024, "Actual Total Time": 0.047, "Actual Rows": 112, "Actual Loops": 1}, {"Node Type": "Materialize", "Parent Relationship": "Inner", "Startup Cost": 4.61, "Total Cost": 62259.62, "Plan Rows": 24, "Plan Width": 21, "Actual Startup Time": 948.862, "Actual Total Time": 948.862, "Actual Rows": 0, "Actual Loops": 112, "Plans": [{"Node Type": "Nested Loop", "Parent Relationship": "Outer", "Join Type": "Inner", "Startup Cost": 4.61, "Total Cost": 62259.5, "Plan Rows": 24, "Plan Width": 21, "Actual Startup Time": 948.851, "Actual Total Time": 948.851, "Actual Rows": 0, "Actual Loops": 1, "Inner Unique": true, "Plans": [{"Node Type": "Nested Loop", "Parent Relationship": "Outer", "Join Type": "Inner", "Startup Cost": 4.29, "Total Cost": 62116.08, "Plan Rows": 33, "Plan Width": 12, "Actual Startup Time": 948.85, "Actual Total Time": 948.85, "Actual Rows": 0, "Actual Loops": 1, "Inner Unique": false, "Plans": [{"Node Type": "Nested Loop", "Parent Relationship": "Outer", "Join Type": "Inner", "Startup Cost": 0.0, "Total Cost": 61387.52, "Plan Rows": 30, "Plan Width": 4, "Actual Startup Time": 948.848, "Actual Total Time": 948.848, "Actual Rows": 0, "Actual Loops": 1, "Inner Unique": false, "Join Filter": "(ct.id = mc.company_type_id)", "Rows Removed by Join Filter": 1418, "Plans": [{"Node Type": "Seq Scan", "Parent Relationship": "Outer", "Relation Name": "company_type", "Alias": "ct", "Startup Cost": 0.0, "Total Cost": 1.04, "Plan Rows": 1, "Plan Width": 4, "Actual Startup Time": 0.009, "Actual Total Time": 0.014, "Actual Rows": 1, "Actual Loops": 1, "Filter": "((kind)::text = 'production companies'::text)", "Rows Removed by Filter": 2}, {"Node Type": "Seq Scan", "Parent Relationship": "Inner", "Relation Name": "movie_companies", "Alias": "mc", "Startup Cost": 0.0, "Total Cost": 61385.74, "Plan Rows": 59, "Plan Width": 8, "Actual Startup Time": 3.999, "Actual Total Time": 948.403, "Actual Rows": 1418, "Actual Loops": 1, "Filter": "(((note)::text ~~ '%(VHS)%'::text) AND ((note)::text ~~ '%(USA)%'::text) AND ((note)::text ~~ '%(1994)%'::text))", "Rows Removed by Filter": 2607710}]}, {"Node Type": "Bitmap Heap Scan", "Parent Relationship": "Inner", "Relation Name": "movie_info", "Alias": "mi", "Startup Cost": 4.29, "Total Cost": 24.28, "Plan Rows": 1, "Plan Width": 8, "Actual Startup Time": 0.0, "Actual Total Time": 0.0, "Recheck Cond": "(movie_id = mc.movie_id)", "Rows Removed by Index Recheck": 0, "Filter": "((info)::text = ANY ('{USA,America}'::text[]))", "Rows Removed by Filter": 0, "Exact Heap Blocks": 0, "Lossy Heap Blocks": 0, "Plans": [{"Node Type": "Bitmap Index Scan", "Parent Relationship": "Outer", "Index Name": "movie_id_movie_info", "Startup Cost": 0.0, "Total Cost": 4.29, "Plan Rows": 5, "Plan Width": 0, "Actual Startup Time": 0.0, "Actual Total Time": 0.0, "Index Cond": "(movie_id = mc.movie_id)"}]}]}, {"Node Type": "Bitmap Heap Scan", "Parent Relationship": "Inner", "Relation Name": "title", "Alias": "t", "Startup Cost": 0.32, "Total Cost": 4.34, "Plan Rows": 1, "Plan Width": 21, "Actual Startup Time": 0.0, "Actual Total Time": 0.0, "Recheck Cond": "(id = mi.movie_id)", "Rows Removed by Index Recheck": 0, "Filter": "(production_year > 2010)", "Rows Removed by Filter": 0, "Exact Heap Blocks": 0, "Lossy Heap Blocks": 0, "Plans": [{"Node Type": "Bitmap Index Scan", "Parent Relationship": "Outer", "Index Name": "title_pkey", "Startup Cost": 0.0, "Total Cost": 0.32, "Plan Rows": 1, "Plan Width": 0, "Actual Startup Time": 0.0, "Actual Total Time": 0.0, "Index Cond": "(id = mi.movie_id)"}]}]}]}]}]}, "Triggers": [], "Planner Runtime": 10.11, "Total Runtime": 949.204, "Unique SQL Id": 328306525}}, "(64, '23')": {"explain_plan": {"Plan": {"Node Type": "Aggregate", "Strategy": "Plain", "Startup Cost": 71749.13, "Total Cost": 71749.14, "Plan Rows": 1, "Plan Width": 49, "Plans": [{"Node Type": "Nested Loop", "Parent Relationship": "Outer", "Join Type": "Inner", "Startup Cost": 28957.62, "Total Cost": 71749.07, "Plan Rows": 24, "Plan Width": 17, "Inner Unique": true, "Plans": [{"Node Type": "Nested Loop", "Parent Relationship": "Outer", "Join Type": "Inner", "Startup Cost": 28957.36, "Total Cost": 71646.35, "Plan Rows": 24, "Plan Width": 21, "Inner Unique": true, "Plans": [{"Node Type": "Nested Loop", "Parent Relationship": "Outer", "Join Type": "Inner", "Startup Cost": 28957.04, "Total Cost": 71502.93, "Plan Rows": 33, "Plan Width": 12, "Inner Unique": false, "Plans": [{"Node Type": "Nested Loop", "Parent Relationship": "Outer", "Join Type": "Inner", "Startup Cost": 28952.75, "Total Cost": 70774.36, "Plan Rows": 30, "Plan Width": 4, "Inner Unique": false, "Plans": [{"Node Type": "Bitmap Heap Scan", "Parent Relationship": "Outer", "Relation Name": "company_type", "Alias": "ct", "Startup Cost": 8.27, "Total Cost": 12.3, "Plan Rows": 1, "Plan Width": 4, "Filter": "((kind)::text = 'production companies'::text)", "Plans": [{"Node Type": "Bitmap Index Scan", "Parent Relationship": "Outer", "Index Name": "company_type_pkey", "Startup Cost": 0.0, "Total Cost": 8.27, "Plan Rows": 3, "Plan Width": 0}]}, {"Node Type": "Bitmap Heap Scan", "Parent Relationship": "Inner", "Relation Name": "movie_companies", "Alias": "mc", "Startup Cost": 28944.49, "Total Cost": 70761.77, "Plan Rows": 29, "Plan Width": 8, "Recheck Cond": "(company_type_id = ct.id)", "Filter": "(((note)::text ~~ '%(VHS)%'::text) AND ((note)::text ~~ '%(USA)%'::text) AND ((note)::text ~~ '%(1994)%'::text))", "Plans": [{"Node Type": "Bitmap Index Scan", "Parent Relationship": "Outer", "Index Name": "company_type_id_movie_companies", "Startup Cost": 0.0, "Total Cost": 28944.48, "Plan Rows": 1304564, "Plan Width": 0, "Index Cond": "(company_type_id = ct.id)"}]}]}, {"Node Type": "Bitmap Heap Scan", "Parent Relationship": "Inner", "Relation Name": "movie_info", "Alias": "mi", "Startup Cost": 4.29, "Total Cost": 24.28, "Plan Rows": 1, "Plan Width": 8, "Recheck Cond": "(movie_id = mc.movie_id)", "Filter": "((info)::text = ANY ('{USA,America}'::text[]))", "Plans": [{"Node Type": "Bitmap Index Scan", "Parent Relationship": "Outer", "Index Name": "movie_id_movie_info", "Startup Cost": 0.0, "Total Cost": 4.29, "Plan Rows": 5, "Plan Width": 0, "Index Cond": "(movie_id = mc.movie_id)"}]}]}, {"Node Type": "Bitmap Heap Scan", "Parent Relationship": "Inner", "Relation Name": "title", "Alias": "t", "Startup Cost": 0.32, "Total Cost": 4.34, "Plan Rows": 1, "Plan Width": 21, "Recheck Cond": "(id = mi.movie_id)", "Filter": "(production_year > 2010)", "Plans": [{"Node Type": "Bitmap Index Scan", "Parent Relationship": "Outer", "Index Name": "title_pkey", "Startup Cost": 0.0, "Total Cost": 0.32, "Plan Rows": 1, "Plan Width": 0, "Index Cond": "(id = mi.movie_id)"}]}]}, {"Node Type": "Bitmap Heap Scan", "Parent Relationship": "Inner", "Relation Name": "info_type", "Alias": "it", "Startup Cost": 0.26, "Total Cost": 4.27, "Plan Rows": 1, "Plan Width": 4, "Recheck Cond": "(id = mi.info_type_id)", "Plans": [{"Node Type": "Bitmap Index Scan", "Parent Relationship": "Outer", "Index Name": "info_type_pkey", "Startup Cost": 0.0, "Total Cost": 0.26, "Plan Rows": 1, "Plan Width": 0, "Index Cond": "(id = mi.info_type_id)"}]}]}]}, "Unique SQL Id": 328306525, "Planner Runtime": 6}, "explain_analyze_plan": {"Plan": {"Node Type": "Aggregate", "Strategy": "Plain", "Startup Cost": 71749.13, "Total Cost": 71749.14, "Plan Rows": 1, "Plan Width": 49, "Actual Startup Time": 576.153, "Actual Total Time": 576.154, "Actual Rows": 1, "Actual Loops": 1, "Plans": [{"Node Type": "Nested Loop", "Parent Relationship": "Outer", "Join Type": "Inner", "Startup Cost": 28957.62, "Total Cost": 71749.07, "Plan Rows": 24, "Plan Width": 17, "Actual Startup Time": 576.145, "Actual Total Time": 576.145, "Actual Rows": 0, "Actual Loops": 1, "Inner Unique": true, "Plans": [{"Node Type": "Nested Loop", "Parent Relationship": "Outer", "Join Type": "Inner", "Startup Cost": 28957.36, "Total Cost": 71646.35, "Plan Rows": 24, "Plan Width": 21, "Actual Startup Time": 576.144, "Actual Total Time": 576.144, "Actual Rows": 0, "Actual Loops": 1, "Inner Unique": true, "Plans": [{"Node Type": "Nested Loop", "Parent Relationship": "Outer", "Join Type": "Inner", "Startup Cost": 28957.04, "Total Cost": 71502.93, "Plan Rows": 33, "Plan Width": 12, "Actual Startup Time": 576.143, "Actual Total Time": 576.143, "Actual Rows": 0, "Actual Loops": 1, "Inner Unique": false, "Plans": [{"Node Type": "Nested Loop", "Parent Relationship": "Outer", "Join Type": "Inner", "Startup Cost": 28952.75, "Total Cost": 70774.36, "Plan Rows": 30, "Plan Width": 4, "Actual Startup Time": 576.141, "Actual Total Time": 576.141, "Actual Rows": 0, "Actual Loops": 1, "Inner Unique": false, "Plans": [{"Node Type": "Bitmap Heap Scan", "Parent Relationship": "Outer", "Relation Name": "company_type", "Alias": "ct", "Startup Cost": 8.27, "Total Cost": 12.3, "Plan Rows": 1, "Plan Width": 4, "Actual Startup Time": 0.029, "Actual Total Time": 0.034, "Actual Rows": 1, "Actual Loops": 1, "Filter": "((kind)::text = 'production companies'::text)", "Rows Removed by Filter": 2, "Exact Heap Blocks": 1, "Lossy Heap Blocks": 1, "Plans": [{"Node Type": "Bitmap Index Scan", "Parent Relationship": "Outer", "Index Name": "company_type_pkey", "Startup Cost": 0.0, "Total Cost": 8.27, "Plan Rows": 3, "Plan Width": 0, "Actual Startup Time": 0.009, "Actual Total Time": 0.009, "Actual Rows": 3, "Actual Loops": 1}]}, {"Node Type": "Bitmap Heap Scan", "Parent Relationship": "Inner", "Relation Name": "movie_companies", "Alias": "mc", "Startup Cost": 28944.49, "Total Cost": 70761.77, "Plan Rows": 29, "Plan Width": 8, "Actual Startup Time": 576.098, "Actual Total Time": 576.098, "Actual Rows": 0, "Actual Loops": 1, "Recheck Cond": "(company_type_id = ct.id)", "Rows Removed by Index Recheck": 0, "Filter": "(((note)::text ~~ '%(VHS)%'::text) AND ((note)::text ~~ '%(USA)%'::text) AND ((note)::text ~~ '%(1994)%'::text))", "Rows Removed by Filter": 1334883, "Exact Heap Blocks": 6196, "Lossy Heap Blocks": 6196, "Plans": [{"Node Type": "Bitmap Index Scan", "Parent Relationship": "Outer", "Index Name": "company_type_id_movie_companies", "Startup Cost": 0.0, "Total Cost": 28944.48, "Plan Rows": 1304564, "Plan Width": 0, "Actual Startup Time": 146.94, "Actual Total Time": 146.94, "Actual Rows": 1334883, "Actual Loops": 1, "Index Cond": "(company_type_id = ct.id)"}]}]}, {"Node Type": "Bitmap Heap Scan", "Parent Relationship": "Inner", "Relation Name": "movie_info", "Alias": "mi", "Startup Cost": 4.29, "Total Cost": 24.28, "Plan Rows": 1, "Plan Width": 8, "Actual Startup Time": 0.0, "Actual Total Time": 0.0, "Recheck Cond": "(movie_id = mc.movie_id)", "Rows Removed by Index Recheck": 0, "Filter": "((info)::text = ANY ('{USA,America}'::text[]))", "Rows Removed by Filter": 0, "Exact Heap Blocks": 0, "Lossy Heap Blocks": 0, "Plans": [{"Node Type": "Bitmap Index Scan", "Parent Relationship": "Outer", "Index Name": "movie_id_movie_info", "Startup Cost": 0.0, "Total Cost": 4.29, "Plan Rows": 5, "Plan Width": 0, "Actual Startup Time": 0.0, "Actual Total Time": 0.0, "Index Cond": "(movie_id = mc.movie_id)"}]}]}, {"Node Type": "Bitmap Heap Scan", "Parent Relationship": "Inner", "Relation Name": "title", "Alias": "t", "Startup Cost": 0.32, "Total Cost": 4.34, "Plan Rows": 1, "Plan Width": 21, "Actual Startup Time": 0.0, "Actual Total Time": 0.0, "Recheck Cond": "(id = mi.movie_id)", "Rows Removed by Index Recheck": 0, "Filter": "(production_year > 2010)", "Rows Removed by Filter": 0, "Exact Heap Blocks": 0, "Lossy Heap Blocks": 0, "Plans": [{"Node Type": "Bitmap Index Scan", "Parent Relationship": "Outer", "Index Name": "title_pkey", "Startup Cost": 0.0, "Total Cost": 0.32, "Plan Rows": 1, "Plan Width": 0, "Actual Startup Time": 0.0, "Actual Total Time": 0.0, "Index Cond": "(id = mi.movie_id)"}]}]}, {"Node Type": "Bitmap Heap Scan", "Parent Relationship": "Inner", "Relation Name": "info_type", "Alias": "it", "Startup Cost": 0.26, "Total Cost": 4.27, "Plan Rows": 1, "Plan Width": 4, "Actual Startup Time": 0.0, "Actual Total Time": 0.0, "Recheck Cond": "(id = mi.info_type_id)", "Rows Removed by Index Recheck": 0, "Exact Heap Blocks": 0, "Lossy Heap Blocks": 0, "Plans": [{"Node Type": "Bitmap Index Scan", "Parent Relationship": "Outer", "Index Name": "info_type_pkey", "Startup Cost": 0.0, "Total Cost": 0.26, "Plan Rows": 1, "Plan Width": 0, "Actual Startup Time": 0.0, "Actual Total Time": 0.0, "Index Cond": "(id = mi.info_type_id)"}]}]}]}, "Triggers": [], "Planner Runtime": 8.36, "Total Runtime": 576.478, "Unique SQL Id": 328306525}}, "(64, '24')": {"explain_plan": {"Plan": {"Node Type": "Aggregate", "Strategy": "Plain", "Startup Cost": 61721.76, "Total Cost": 61721.77, "Plan Rows": 1, "Plan Width": 49, "Plans": [{"Node Type": "Nested Loop", "Parent Relationship": "Outer", "Join Type": "Inner", "Startup Cost": 0.0, "Total Cost": 61721.7, "Plan Rows": 24, "Plan Width": 17, "Inner Unique": true, "Plans": [{"Node Type": "Nested Loop", "Parent Relationship": "Outer", "Join Type": "Inner", "Startup Cost": 0.0, "Total Cost": 61714.98, "Plan Rows": 24, "Plan Width": 21, "Inner Unique": false, "Plans": [{"Node Type": "Nested Loop", "Parent Relationship": "Outer", "Join Type": "Inner", "Startup Cost": 0.0, "Total Cost": 61635.99, "Plan Rows": 32, "Plan Width": 25, "Inner Unique": true, "Plans": [{"Node Type": "Nested Loop", "Parent Relationship": "Outer", "Join Type": "Inner", "Startup Cost": 0.0, "Total Cost": 61387.52, "Plan Rows": 30, "Plan Width": 4, "Inner Unique": false, "Join Filter": "(ct.id = mc.company_type_id)", "Plans": [{"Node Type": "Seq Scan", "Parent Relationship": "Outer", "Relation Name": "company_type", "Alias": "ct", "Startup Cost": 0.0, "Total Cost": 1.04, "Plan Rows": 1, "Plan Width": 4, "Filter": "((kind)::text = 'production companies'::text)"}, {"Node Type": "Seq Scan", "Parent Relationship": "Inner", "Relation Name": "movie_companies", "Alias": "mc", "Startup Cost": 0.0, "Total Cost": 61385.74, "Plan Rows": 59, "Plan Width": 8, "Filter": "(((note)::text ~~ '%(VHS)%'::text) AND ((note)::text ~~ '%(USA)%'::text) AND ((note)::text ~~ '%(1994)%'::text))"}]}, {"Node Type": "Index Scan", "Parent Relationship": "Inner", "Scan Direction": "Forward", "Index Name": "title_pkey", "Relation Name": "title", "Alias": "t", "Startup Cost": 0.0, "Total Cost": 8.27, "Plan Rows": 1, "Plan Width": 21, "Index Cond": "(id = mc.movie_id)", "Filter": "(production_year > 2010)"}]}, {"Node Type": "Index Scan", "Parent Relationship": "Inner", "Scan Direction": "Forward", "Index Name": "movie_id_movie_info", "Relation Name": "movie_info", "Alias": "mi", "Startup Cost": 0.0, "Total Cost": 2.46, "Plan Rows": 1, "Plan Width": 8, "Index Cond": "(movie_id = t.id)", "Filter": "((info)::text = ANY ('{USA,America}'::text[]))"}]}, {"Node Type": "Index Only Scan", "Parent Relationship": "Inner", "Scan Direction": "Forward", "Index Name": "info_type_pkey", "Relation Name": "info_type", "Alias": "it", "Startup Cost": 0.0, "Total Cost": 0.27, "Plan Rows": 1, "Plan Width": 4, "Index Cond": "(id = mi.info_type_id)"}]}]}, "Unique SQL Id": 328306525, "Planner Runtime": 5}, "explain_analyze_plan": {"Plan": {"Node Type": "Aggregate", "Strategy": "Plain", "Startup Cost": 61721.76, "Total Cost": 61721.77, "Plan Rows": 1, "Plan Width": 49, "Actual Startup Time": 965.018, "Actual Total Time": 965.019, "Actual Rows": 1, "Actual Loops": 1, "Plans": [{"Node Type": "Nested Loop", "Parent Relationship": "Outer", "Join Type": "Inner", "Startup Cost": 0.0, "Total Cost": 61721.7, "Plan Rows": 24, "Plan Width": 17, "Actual Startup Time": 965.012, "Actual Total Time": 965.012, "Actual Rows": 0, "Actual Loops": 1, "Inner Unique": true, "Plans": [{"Node Type": "Nested Loop", "Parent Relationship": "Outer", "Join Type": "Inner", "Startup Cost": 0.0, "Total Cost": 61714.98, "Plan Rows": 24, "Plan Width": 21, "Actual Startup Time": 965.011, "Actual Total Time": 965.011, "Actual Rows": 0, "Actual Loops": 1, "Inner Unique": false, "Plans": [{"Node Type": "Nested Loop", "Parent Relationship": "Outer", "Join Type": "Inner", "Startup Cost": 0.0, "Total Cost": 61635.99, "Plan Rows": 32, "Plan Width": 25, "Actual Startup Time": 965.009, "Actual Total Time": 965.009, "Actual Rows": 0, "Actual Loops": 1, "Inner Unique": true, "Plans": [{"Node Type": "Nested Loop", "Parent Relationship": "Outer", "Join Type": "Inner", "Startup Cost": 0.0, "Total Cost": 61387.52, "Plan Rows": 30, "Plan Width": 4, "Actual Startup Time": 965.006, "Actual Total Time": 965.006, "Actual Rows": 0, "Actual Loops": 1, "Inner Unique": false, "Join Filter": "(ct.id = mc.company_type_id)", "Rows Removed by Join Filter": 1418, "Plans": [{"Node Type": "Seq Scan", "Parent Relationship": "Outer", "Relation Name": "company_type", "Alias": "ct", "Startup Cost": 0.0, "Total Cost": 1.04, "Plan Rows": 1, "Plan Width": 4, "Actual Startup Time": 0.014, "Actual Total Time": 0.021, "Actual Rows": 1, "Actual Loops": 1, "Filter": "((kind)::text = 'production companies'::text)", "Rows Removed by Filter": 2}, {"Node Type": "Seq Scan", "Parent Relationship": "Inner", "Relation Name": "movie_companies", "Alias": "mc", "Startup Cost": 0.0, "Total Cost": 61385.74, "Plan Rows": 59, "Plan Width": 8, "Actual Startup Time": 3.955, "Actual Total Time": 964.568, "Actual Rows": 1418, "Actual Loops": 1, "Filter": "(((note)::text ~~ '%(VHS)%'::text) AND ((note)::text ~~ '%(USA)%'::text) AND ((note)::text ~~ '%(1994)%'::text))", "Rows Removed by Filter": 2607710}]}, {"Node Type": "Index Scan", "Parent Relationship": "Inner", "Scan Direction": "Forward", "Index Name": "title_pkey", "Relation Name": "title", "Alias": "t", "Startup Cost": 0.0, "Total Cost": 8.27, "Plan Rows": 1, "Plan Width": 21, "Actual Startup Time": 0.0, "Actual Total Time": 0.0, "Index Cond": "(id = mc.movie_id)", "Rows Removed by Index Recheck": 0, "Filter": "(production_year > 2010)", "Rows Removed by Filter": 0}]}, {"Node Type": "Index Scan", "Parent Relationship": "Inner", "Scan Direction": "Forward", "Index Name": "movie_id_movie_info", "Relation Name": "movie_info", "Alias": "mi", "Startup Cost": 0.0, "Total Cost": 2.46, "Plan Rows": 1, "Plan Width": 8, "Actual Startup Time": 0.0, "Actual Total Time": 0.0, "Index Cond": "(movie_id = t.id)", "Rows Removed by Index Recheck": 0, "Filter": "((info)::text = ANY ('{USA,America}'::text[]))", "Rows Removed by Filter": 0}]}, {"Node Type": "Index Only Scan", "Parent Relationship": "Inner", "Scan Direction": "Forward", "Index Name": "info_type_pkey", "Relation Name": "info_type", "Alias": "it", "Startup Cost": 0.0, "Total Cost": 0.27, "Plan Rows": 1, "Plan Width": 4, "Actual Startup Time": 0.0, "Actual Total Time": 0.0, "Index Cond": "(id = mi.info_type_id)", "Rows Removed by Index Recheck": 0, "Heap Fetches": 0}]}]}, "Triggers": [], "Planner Runtime": 9.305, "Total Runtime": 965.287, "Unique SQL Id": 328306525}}, "(64, '25')": {"explain_plan": {"Plan": {"Node Type": "Aggregate", "Strategy": "Plain", "Startup Cost": 63248.6, "Total Cost": 63248.61, "Plan Rows": 1, "Plan Width": 49, "Plans": [{"Node Type": "Nested Loop", "Parent Relationship": "Outer", "Join Type": "Inner", "Startup Cost": 0.0, "Total Cost": 63248.54, "Plan Rows": 24, "Plan Width": 17, "Inner Unique": true, "Plans": [{"Node Type": "Nested Loop", "Parent Relationship": "Outer", "Join Type": "Inner", "Startup Cost": 0.0, "Total Cost": 63241.82, "Plan Rows": 24, "Plan Width": 21, "Inner Unique": false, "Plans": [{"Node Type": "Nested Loop", "Parent Relationship": "Outer", "Join Type": "Inner", "Startup Cost": 0.0, "Total Cost": 63162.83, "Plan Rows": 32, "Plan Width": 25, "Inner Unique": true, "Plans": [{"Node Type": "Nested Loop", "Parent Relationship": "Outer", "Join Type": "Inner", "Startup Cost": 0.0, "Total Cost": 62914.35, "Plan Rows": 30, "Plan Width": 4, "Inner Unique": false, "Plans": [{"Node Type": "Index Scan", "Parent Relationship": "Outer", "Scan Direction": "Forward", "Index Name": "company_type_pkey", "Relation Name": "company_type", "Alias": "ct", "Startup Cost": 0.0, "Total Cost": 12.3, "Plan Rows": 1, "Plan Width": 4, "Filter": "((kind)::text = 'production companies'::text)"}, {"Node Type": "Index Scan", "Parent Relationship": "Inner", "Scan Direction": "Forward", "Index Name": "company_type_id_movie_companies", "Relation Name": "movie_companies", "Alias": "mc", "Startup Cost": 0.0, "Total Cost": 62901.76, "Plan Rows": 29, "Plan Width": 8, "Index Cond": "(company_type_id = ct.id)", "Filter": "(((note)::text ~~ '%(VHS)%'::text) AND ((note)::text ~~ '%(USA)%'::text) AND ((note)::text ~~ '%(1994)%'::text))"}]}, {"Node Type": "Index Scan", "Parent Relationship": "Inner", "Scan Direction": "Forward", "Index Name": "title_pkey", "Relation Name": "title", "Alias": "t", "Startup Cost": 0.0, "Total Cost": 8.27, "Plan Rows": 1, "Plan Width": 21, "Index Cond": "(id = mc.movie_id)", "Filter": "(production_year > 2010)"}]}, {"Node Type": "Index Scan", "Parent Relationship": "Inner", "Scan Direction": "Forward", "Index Name": "movie_id_movie_info", "Relation Name": "movie_info", "Alias": "mi", "Startup Cost": 0.0, "Total Cost": 2.46, "Plan Rows": 1, "Plan Width": 8, "Index Cond": "(movie_id = t.id)", "Filter": "((info)::text = ANY ('{USA,America}'::text[]))"}]}, {"Node Type": "Index Only Scan", "Parent Relationship": "Inner", "Scan Direction": "Forward", "Index Name": "info_type_pkey", "Relation Name": "info_type", "Alias": "it", "Startup Cost": 0.0, "Total Cost": 0.27, "Plan Rows": 1, "Plan Width": 4, "Index Cond": "(id = mi.info_type_id)"}]}]}, "Unique SQL Id": 328306525, "Planner Runtime": 5}, "explain_analyze_plan": {"Plan": {"Node Type": "Aggregate", "Strategy": "Plain", "Startup Cost": 63248.6, "Total Cost": 63248.61, "Plan Rows": 1, "Plan Width": 49, "Actual Startup Time": 712.178, "Actual Total Time": 712.179, "Actual Rows": 1, "Actual Loops": 1, "Plans": [{"Node Type": "Nested Loop", "Parent Relationship": "Outer", "Join Type": "Inner", "Startup Cost": 0.0, "Total Cost": 63248.54, "Plan Rows": 24, "Plan Width": 17, "Actual Startup Time": 712.172, "Actual Total Time": 712.172, "Actual Rows": 0, "Actual Loops": 1, "Inner Unique": true, "Plans": [{"Node Type": "Nested Loop", "Parent Relationship": "Outer", "Join Type": "Inner", "Startup Cost": 0.0, "Total Cost": 63241.82, "Plan Rows": 24, "Plan Width": 21, "Actual Startup Time": 712.17, "Actual Total Time": 712.17, "Actual Rows": 0, "Actual Loops": 1, "Inner Unique": false, "Plans": [{"Node Type": "Nested Loop", "Parent Relationship": "Outer", "Join Type": "Inner", "Startup Cost": 0.0, "Total Cost": 63162.83, "Plan Rows": 32, "Plan Width": 25, "Actual Startup Time": 712.168, "Actual Total Time": 712.168, "Actual Rows": 0, "Actual Loops": 1, "Inner Unique": true, "Plans": [{"Node Type": "Nested Loop", "Parent Relationship": "Outer", "Join Type": "Inner", "Startup Cost": 0.0, "Total Cost": 62914.35, "Plan Rows": 30, "Plan Width": 4, "Actual Startup Time": 712.166, "Actual Total Time": 712.166, "Actual Rows": 0, "Actual Loops": 1, "Inner Unique": false, "Plans": [{"Node Type": "Index Scan", "Parent Relationship": "Outer", "Scan Direction": "Forward", "Index Name": "company_type_pkey", "Relation Name": "company_type", "Alias": "ct", "Startup Cost": 0.0, "Total Cost": 12.3, "Plan Rows": 1, "Plan Width": 4, "Actual Startup Time": 0.013, "Actual Total Time": 0.024, "Actual Rows": 1, "Actual Loops": 1, "Filter": "((kind)::text = 'production companies'::text)", "Rows Removed by Filter": 2}, {"Node Type": "Index Scan", "Parent Relationship": "Inner", "Scan Direction": "Forward", "Index Name": "company_type_id_movie_companies", "Relation Name": "movie_companies", "Alias": "mc", "Startup Cost": 0.0, "Total Cost": 62901.76, "Plan Rows": 29, "Plan Width": 8, "Actual Startup Time": 712.136, "Actual Total Time": 712.136, "Actual Rows": 0, "Actual Loops": 1, "Index Cond": "(company_type_id = ct.id)", "Rows Removed by Index Recheck": 0, "Filter": "(((note)::text ~~ '%(VHS)%'::text) AND ((note)::text ~~ '%(USA)%'::text) AND ((note)::text ~~ '%(1994)%'::text))", "Rows Removed by Filter": 1334883}]}, {"Node Type": "Index Scan", "Parent Relationship": "Inner", "Scan Direction": "Forward", "Index Name": "title_pkey", "Relation Name": "title", "Alias": "t", "Startup Cost": 0.0, "Total Cost": 8.27, "Plan Rows": 1, "Plan Width": 21, "Actual Startup Time": 0.0, "Actual Total Time": 0.0, "Index Cond": "(id = mc.movie_id)", "Rows Removed by Index Recheck": 0, "Filter": "(production_year > 2010)", "Rows Removed by Filter": 0}]}, {"Node Type": "Index Scan", "Parent Relationship": "Inner", "Scan Direction": "Forward", "Index Name": "movie_id_movie_info", "Relation Name": "movie_info", "Alias": "mi", "Startup Cost": 0.0, "Total Cost": 2.46, "Plan Rows": 1, "Plan Width": 8, "Actual Startup Time": 0.0, "Actual Total Time": 0.0, "Index Cond": "(movie_id = t.id)", "Rows Removed by Index Recheck": 0, "Filter": "((info)::text = ANY ('{USA,America}'::text[]))", "Rows Removed by Filter": 0}]}, {"Node Type": "Index Only Scan", "Parent Relationship": "Inner", "Scan Direction": "Forward", "Index Name": "info_type_pkey", "Relation Name": "info_type", "Alias": "it", "Startup Cost": 0.0, "Total Cost": 0.27, "Plan Rows": 1, "Plan Width": 4, "Actual Startup Time": 0.0, "Actual Total Time": 0.0, "Index Cond": "(id = mi.info_type_id)", "Rows Removed by Index Recheck": 0, "Heap Fetches": 0}]}]}, "Triggers": [], "Planner Runtime": 9.362, "Total Runtime": 712.43, "Unique SQL Id": 328306525}}, "(64, '26')": {"explain_plan": {"Plan": {"Node Type": "Aggregate", "Strategy": "Plain", "Startup Cost": 326869.38, "Total Cost": 326869.39, "Plan Rows": 1, "Plan Width": 49, "Plans": [{"Node Type": "Nested Loop", "Parent Relationship": "Outer", "Join Type": "Inner", "Startup Cost": 0.0, "Total Cost": 326869.32, "Plan Rows": 24, "Plan Width": 17, "Inner Unique": false, "Join Filter": "(mi.info_type_id = it.id)", "Plans": [{"Node Type": "Seq Scan", "Parent Relationship": "Outer", "Relation Name": "info_type", "Alias": "it", "Startup Cost": 0.0, "Total Cost": 2.12, "Plan Rows": 112, "Plan Width": 4}, {"Node Type": "Materialize", "Parent Relationship": "Inner", "Startup Cost": 0.0, "Total Cost": 326826.94, "Plan Rows": 24, "Plan Width": 21, "Plans": [{"Node Type": "Streaming(type: LOCAL GATHER dop: 1/64)", "Parent Relationship": "Outer", "Startup Cost": 0.0, "Total Cost": 326826.82, "Plan Rows": 24, "Plan Width": 21, "Plans": [{"Node Type": "Nested Loop", "Parent Relationship": "Outer", "Join Type": "Inner", "Startup Cost": 0.0, "Total Cost": 326826.33, "Plan Rows": 24, "Plan Width": 21, "Inner Unique": false, "Join Filter": "(t.id = mi.movie_id)", "Plans": [{"Node Type": "Seq Scan", "Parent Relationship": "Outer", "Relation Name": "movie_info", "Alias": "mi", "Startup Cost": 0.0, "Total Cost": 68221.29, "Plan Rows": 584897, "Plan Width": 8, "Filter": "((info)::text = ANY ('{USA,America}'::text[]))"}, {"Node Type": "Materialize", "Parent Relationship": "Inner", "Startup Cost": 0.0, "Total Cost": 254218.39, "Plan Rows": 2048, "Plan Width": 25, "Plans": [{"Node Type": "Streaming(type: BROADCAST dop: 64/64)", "Parent Relationship": "Outer", "Startup Cost": 0.0, "Total Cost": 254218.23, "Plan Rows": 2048, "Plan Width": 25, "Plans": [{"Node Type": "Nested Loop", "Parent Relationship": "Outer", "Join Type": "Inner", "Startup Cost": 0.0, "Total Cost": 191216.93, "Plan Rows": 32, "Plan Width": 25, "Inner Unique": false, "Join Filter": "(mc.movie_id = t.id)", "Plans": [{"Node Type": "Seq Scan", "Parent Relationship": "Outer", "Relation Name": "title", "Alias": "t", "Startup Cost": 0.0, "Total Cost": 64037.34, "Plan Rows": 391451, "Plan Width": 21, "Filter": "(production_year > 2010), (LLVM Optimized)"}, {"Node Type": "Materialize", "Parent Relationship": "Inner", "Startup Cost": 0.0, "Total Cost": 124427.27, "Plan Rows": 1920, "Plan Width": 4, "Plans": [{"Node Type": "Streaming(type: BROADCAST dop: 64/1)", "Parent Relationship": "Outer", "Startup Cost": 0.0, "Total Cost": 124427.12, "Plan Rows": 1920, "Plan Width": 4, "Plans": [{"Node Type": "Nested Loop", "Parent Relationship": "Outer", "Join Type": "Inner", "Startup Cost": 0.0, "Total Cost": 61387.52, "Plan Rows": 30, "Plan Width": 4, "Inner Unique": false, "Join Filter": "(ct.id = mc.company_type_id)", "Plans": [{"Node Type": "Seq Scan", "Parent Relationship": "Outer", "Relation Name": "company_type", "Alias": "ct", "Startup Cost": 0.0, "Total Cost": 1.04, "Plan Rows": 1, "Plan Width": 4, "Filter": "((kind)::text = 'production companies'::text)"}, {"Node Type": "Seq Scan", "Parent Relationship": "Inner", "Relation Name": "movie_companies", "Alias": "mc", "Startup Cost": 0.0, "Total Cost": 61385.74, "Plan Rows": 59, "Plan Width": 8, "Filter": "(((note)::text ~~ '%(VHS)%'::text) AND ((note)::text ~~ '%(USA)%'::text) AND ((note)::text ~~ '%(1994)%'::text))"}]}]}]}]}]}]}]}]}]}]}]}, "Unique SQL Id": 328306525, "Planner Runtime": 6}, "explain_analyze_plan": {"Plan": {"Node Type": "Aggregate", "Strategy": "Plain", "Startup Cost": 326869.38, "Total Cost": 326869.39, "Plan Rows": 1, "Plan Width": 49, "Actual Min Startup Time": 1236.64, "Actual Max Startup Time": 1236.64, "Actual Min Total Time": 1236.64, "Actual Max Total Time": 1236.64, "Plans": [{"Node Type": "Nested Loop", "Parent Relationship": "Outer", "Join Type": "Inner", "Startup Cost": 0.0, "Total Cost": 326869.32, "Plan Rows": 24, "Plan Width": 17, "Actual Min Startup Time": 1236.63, "Actual Max Startup Time": 1236.63, "Actual Min Total Time": 1236.63, "Actual Max Total Time": 1236.63, "Inner Unique": false, "Join Filter": "(mi.info_type_id = it.id)", "Rows Removed by Join Filter": 0, "Plans": [{"Node Type": "Seq Scan", "Parent Relationship": "Outer", "Relation Name": "info_type", "Alias": "it", "Startup Cost": 0.0, "Total Cost": 2.12, "Plan Rows": 112, "Plan Width": 4, "Actual Min Startup Time": 0.043, "Actual Max Startup Time": 0.043, "Actual Min Total Time": 0.058, "Actual Max Total Time": 0.058, "Actual Rows": 112}, {"Node Type": "Materialize", "Parent Relationship": "Inner", "Startup Cost": 0.0, "Total Cost": 326826.94, "Plan Rows": 24, "Plan Width": 21, "Actual Min Startup Time": 1236.525, "Actual Max Startup Time": 1236.525, "Actual Min Total Time": 1236.525, "Actual Max Total Time": 1236.525, "Plans": [{"Node Type": "Streaming(type: LOCAL GATHER dop: 1/64)", "Parent Relationship": "Outer", "Startup Cost": 0.0, "Total Cost": 326826.82, "Plan Rows": 24, "Plan Width": 21, "Actual Min Startup Time": 1236.507, "Actual Max Startup Time": 1236.507, "Actual Min Total Time": 1236.507, "Actual Max Total Time": 1236.507, "Plans": [{"Node Type": "Nested Loop", "Parent Relationship": "Outer", "Join Type": "Inner", "Startup Cost": 0.0, "Total Cost": 326826.33, "Plan Rows": 24, "Plan Width": 21, "Actual Min Startup Time": 1019.094, "Actual Max Startup Time": 1074.467, "Actual Min Total Time": 1019.094, "Actual Max Total Time": 1074.467, "Inner Unique": false, "Join Filter": "(t.id = mi.movie_id)", "Rows Removed by Join Filter": 0, "Plans": [{"Node Type": "Seq Scan", "Parent Relationship": "Outer", "Relation Name": "movie_info", "Alias": "mi", "Startup Cost": 0.0, "Total Cost": 68221.29, "Plan Rows": 584897, "Plan Width": 8, "Actual Min Startup Time": 0.068, "Actual Max Startup Time": 10.112, "Actual Min Total Time": 92.41, "Actual Max Total Time": 106.807, "Filter": "((info)::text = ANY ('{USA,America}'::text[]))", "Rows Removed by Filter": 14282942, "Actual Rows": 552777}, {"Node Type": "Materialize", "Parent Relationship": "Inner", "Startup Cost": 0.0, "Total Cost": 254218.39, "Plan Rows": 2048, "Plan Width": 25, "Actual Min Startup Time": 919.906, "Actual Max Startup Time": 966.885, "Actual Min Total Time": 919.906, "Actual Max Total Time": 966.885, "Plans": [{"Node Type": "Streaming(type: BROADCAST dop: 64/64)", "Parent Relationship": "Outer", "Startup Cost": 0.0, "Total Cost": 254218.23, "Plan Rows": 2048, "Plan Width": 25, "Actual Min Startup Time": 919.139, "Actual Max Startup Time": 965.671, "Actual Min Total Time": 919.139, "Actual Max Total Time": 965.671, "Plans": [{"Node Type": "Nested Loop", "Parent Relationship": "Outer", "Join Type": "Inner", "Startup Cost": 0.0, "Total Cost": 191216.93, "Plan Rows": 32, "Plan Width": 25, "Actual Min Startup Time": 814.682, "Actual Max Startup Time": 982.15, "Actual Min Total Time": 814.682, "Actual Max Total Time": 982.15, "Inner Unique": false, "Join Filter": "(mc.movie_id = t.id)", "Rows Removed by Join Filter": 0, "Plans": [{"Node Type": "Seq Scan", "Parent Relationship": "Outer", "Relation Name": "title", "Alias": "t", "Startup Cost": 0.0, "Total Cost": 64037.34, "Plan Rows": 391451, "Plan Width": 21, "Actual Min Startup Time": 0.026, "Actual Max Startup Time": 0.091, "Actual Min Total Time": 12.513, "Actual Max Total Time": 15.814, "Filter": "(production_year > 2010), (LLVM Optimized, Jit Execute)", "Rows Removed by Filter": 2136645, "Actual Rows": 391666}, {"Node Type": "Materialize", "Parent Relationship": "Inner", "Startup Cost": 0.0, "Total Cost": 124427.27, "Plan Rows": 1920, "Plan Width": 4, "Actual Min Startup Time": 800.491, "Actual Max Startup Time": 968.22, "Actual Min Total Time": 800.491, "Actual Max Total Time": 968.22, "Plans": [{"Node Type": "Streaming(type: BROADCAST dop: 64/1)", "Parent Relationship": "Outer", "Startup Cost": 0.0, "Total Cost": 124427.12, "Plan Rows": 1920, "Plan Width": 4, "Actual Min Startup Time": 800.043, "Actual Max Startup Time": 967.712, "Actual Min Total Time": 800.043, "Actual Max Total Time": 967.712, "Plans": [{"Node Type": "Nested Loop", "Parent Relationship": "Outer", "Join Type": "Inner", "Startup Cost": 0.0, "Total Cost": 61387.52, "Plan Rows": 30, "Plan Width": 4, "Actual Min Startup Time": 972.85, "Actual Max Startup Time": 972.85, "Actual Min Total Time": 972.85, "Actual Max Total Time": 972.85, "Inner Unique": false, "Join Filter": "(ct.id = mc.company_type_id)", "Rows Removed by Join Filter": 1418, "Plans": [{"Node Type": "Seq Scan", "Parent Relationship": "Outer", "Relation Name": "company_type", "Alias": "ct", "Startup Cost": 0.0, "Total Cost": 1.04, "Plan Rows": 1, "Plan Width": 4, "Actual Min Startup Time": 0.023, "Actual Max Startup Time": 0.023, "Actual Min Total Time": 0.027, "Actual Max Total Time": 0.027, "Filter": "((kind)::text = 'production companies'::text)", "Rows Removed by Filter": 2, "Actual Rows": 1}, {"Node Type": "Seq Scan", "Parent Relationship": "Inner", "Relation Name": "movie_companies", "Alias": "mc", "Startup Cost": 0.0, "Total Cost": 61385.74, "Plan Rows": 59, "Plan Width": 8, "Actual Min Startup Time": 4.027, "Actual Max Startup Time": 4.027, "Actual Min Total Time": 972.409, "Actual Max Total Time": 972.409, "Filter": "(((note)::text ~~ '%(VHS)%'::text) AND ((note)::text ~~ '%(USA)%'::text) AND ((note)::text ~~ '%(1994)%'::text))", "Rows Removed by Filter": 2607710, "Actual Rows": 1418}], "Actual Rows": 0}], "Actual Rows": 0}], "Actual Rows": 0}], "Actual Rows": 0}], "Actual Rows": 0}], "Actual Rows": 0}], "Actual Rows": 0}], "Actual Rows": 0}], "Actual Rows": 0}], "Actual Rows": 0}], "Actual Rows": 1}, "Triggers": [], "Planner Runtime": 7.048, "Total Runtime": 1278.055, "Unique SQL Id": 328306525}}, "(64, '27')": {"explain_plan": {"Plan": {"Node Type": "Aggregate", "Strategy": "Plain", "Startup Cost": 4998574728100.36, "Total Cost": 4998574728100.37, "Plan Rows": 1, "Plan Width": 49, "Plans": [{"Node Type": "Merge Join", "Parent Relationship": "Outer", "Join Type": "Inner", "Startup Cost": 50025290819.16, "Total Cost": 4998574728100.3, "Plan Rows": 24, "Plan Width": 17, "Inner Unique": true, "Merge Cond": "(mi.movie_id = t.id)", "Plans": [{"Node Type": "Nested Loop", "Parent Relationship": "Outer", "Join Type": "Inner", "Startup Cost": 40000000000.0, "Total Cost": 3999263638685.42, "Plan Rows": 33, "Plan Width": 8, "Inner Unique": true, "Join Filter": "(mc.company_type_id = ct.id)", "Plans": [{"Node Type": "Merge Join", "Parent Relationship": "Outer", "Join Type": "Inner", "Startup Cost": 30000000000.0, "Total Cost": 2999263637454.18, "Plan Rows": 66, "Plan Width": 12, "Inner Unique": false, "Merge Cond": "(mi.movie_id = mc.movie_id)", "Plans": [{"Node Type": "Nested Loop", "Parent Relationship": "Outer", "Join Type": "Inner", "Startup Cost": 20000000000.0, "Total Cost": 2000108518023.96, "Plan Rows": 584897, "Plan Width": 4, "Inner Unique": true, "Join Filter": "(it.id = mi.info_type_id), (LLVM Optimized)", "Plans": [{"Node Type": "Index Scan", "Parent Relationship": "Outer", "Scan Direction": "Forward", "Index Name": "movie_id_movie_info", "Relation Name": "movie_info", "Alias": "mi", "Startup Cost": 10000000000.0, "Total Cost": 1000107534403.72, "Plan Rows": 584897, "Plan Width": 8, "Filter": "((info)::text = ANY ('{USA,America}'::text[]))"}, {"Node Type": "Materialize", "Parent Relationship": "Inner", "Startup Cost": 10000000000.0, "Total Cost": 1000000000993.56, "Plan Rows": 112, "Plan Width": 4, "Plans": [{"Node Type": "Index Only Scan", "Parent Relationship": "Outer", "Scan Direction": "Forward", "Index Name": "info_type_pkey", "Relation Name": "info_type", "Alias": "it", "Startup Cost": 10000000000.0, "Total Cost": 1000000000993.0, "Plan Rows": 112, "Plan Width": 4}]}]}, {"Node Type": "Materialize", "Parent Relationship": "Inner", "Startup Cost": 10000000000.0, "Total Cost": 1000015008792.28, "Plan Rows": 59, "Plan Width": 8, "Plans": [{"Node Type": "Index Scan", "Parent Relationship": "Outer", "Scan Direction": "Forward", "Index Name": "movie_id_movie_companies", "Relation Name": "movie_companies", "Alias": "mc", "Startup Cost": 10000000000.0, "Total Cost": 1000015008792.13, "Plan Rows": 59, "Plan Width": 8, "Filter": "(((note)::text ~~ '%(VHS)%'::text) AND ((note)::text ~~ '%(USA)%'::text) AND ((note)::text ~~ '%(1994)%'::text))"}]}]}, {"Node Type": "Materialize", "Parent Relationship": "Inner", "Startup Cost": 10000000000.0, "Total Cost": 1000000001230.26, "Plan Rows": 1, "Plan Width": 4, "Plans": [{"Node Type": "Index Scan", "Parent Relationship": "Outer", "Scan Direction": "Forward", "Index Name": "company_type_pkey", "Relation Name": "company_type", "Alias": "ct", "Startup Cost": 10000000000.0, "Total Cost": 1000000001230.25, "Plan Rows": 1, "Plan Width": 4, "Filter": "((kind)::text = 'production companies'::text)"}]}]}, {"Node Type": "Index Scan", "Parent Relationship": "Inner", "Scan Direction": "Forward", "Index Name": "title_pkey", "Relation Name": "title", "Alias": "t", "Startup Cost": 10000000000.0, "Total Cost": 1000011644126.66, "Plan Rows": 391451, "Plan Width": 21, "Filter": "(production_year > 2010), (LLVM Optimized)"}]}]}, "Unique SQL Id": 328306525, "Planner Runtime": 11}, "explain_analyze_plan": null}, "(64, '28')": {"explain_plan": {"Plan": {"Node Type": "Aggregate", "Strategy": "Plain", "Startup Cost": 61721.76, "Total Cost": 61721.77, "Plan Rows": 1, "Plan Width": 49, "Plans": [{"Node Type": "Nested Loop", "Parent Relationship": "Outer", "Join Type": "Inner", "Startup Cost": 0.0, "Total Cost": 61721.7, "Plan Rows": 24, "Plan Width": 17, "Inner Unique": true, "Plans": [{"Node Type": "Nested Loop", "Parent Relationship": "Outer", "Join Type": "Inner", "Startup Cost": 0.0, "Total Cost": 61714.98, "Plan Rows": 24, "Plan Width": 21, "Inner Unique": false, "Plans": [{"Node Type": "Nested Loop", "Parent Relationship": "Outer", "Join Type": "Inner", "Startup Cost": 0.0, "Total Cost": 61635.99, "Plan Rows": 32, "Plan Width": 25, "Inner Unique": true, "Plans": [{"Node Type": "Nested Loop", "Parent Relationship": "Outer", "Join Type": "Inner", "Startup Cost": 0.0, "Total Cost": 61387.52, "Plan Rows": 30, "Plan Width": 4, "Inner Unique": false, "Join Filter": "(ct.id = mc.company_type_id)", "Plans": [{"Node Type": "Seq Scan", "Parent Relationship": "Outer", "Relation Name": "company_type", "Alias": "ct", "Startup Cost": 0.0, "Total Cost": 1.04, "Plan Rows": 1, "Plan Width": 4, "Filter": "((kind)::text = 'production companies'::text)"}, {"Node Type": "Seq Scan", "Parent Relationship": "Inner", "Relation Name": "movie_companies", "Alias": "mc", "Startup Cost": 0.0, "Total Cost": 61385.74, "Plan Rows": 59, "Plan Width": 8, "Filter": "(((note)::text ~~ '%(VHS)%'::text) AND ((note)::text ~~ '%(USA)%'::text) AND ((note)::text ~~ '%(1994)%'::text))"}]}, {"Node Type": "Index Scan", "Parent Relationship": "Inner", "Scan Direction": "Forward", "Index Name": "title_pkey", "Relation Name": "title", "Alias": "t", "Startup Cost": 0.0, "Total Cost": 8.27, "Plan Rows": 1, "Plan Width": 21, "Index Cond": "(id = mc.movie_id)", "Filter": "(production_year > 2010)"}]}, {"Node Type": "Index Scan", "Parent Relationship": "Inner", "Scan Direction": "Forward", "Index Name": "movie_id_movie_info", "Relation Name": "movie_info", "Alias": "mi", "Startup Cost": 0.0, "Total Cost": 2.46, "Plan Rows": 1, "Plan Width": 8, "Index Cond": "(movie_id = t.id)", "Filter": "((info)::text = ANY ('{USA,America}'::text[]))"}]}, {"Node Type": "Index Scan", "Parent Relationship": "Inner", "Scan Direction": "Forward", "Index Name": "info_type_pkey", "Relation Name": "info_type", "Alias": "it", "Startup Cost": 0.0, "Total Cost": 0.27, "Plan Rows": 1, "Plan Width": 4, "Index Cond": "(id = mi.info_type_id)"}]}]}, "Unique SQL Id": 328306525, "Planner Runtime": 6}, "explain_analyze_plan": {"Plan": {"Node Type": "Aggregate", "Strategy": "Plain", "Startup Cost": 61721.76, "Total Cost": 61721.77, "Plan Rows": 1, "Plan Width": 49, "Actual Startup Time": 945.137, "Actual Total Time": 945.138, "Actual Rows": 1, "Actual Loops": 1, "Plans": [{"Node Type": "Nested Loop", "Parent Relationship": "Outer", "Join Type": "Inner", "Startup Cost": 0.0, "Total Cost": 61721.7, "Plan Rows": 24, "Plan Width": 17, "Actual Startup Time": 945.129, "Actual Total Time": 945.129, "Actual Rows": 0, "Actual Loops": 1, "Inner Unique": true, "Plans": [{"Node Type": "Nested Loop", "Parent Relationship": "Outer", "Join Type": "Inner", "Startup Cost": 0.0, "Total Cost": 61714.98, "Plan Rows": 24, "Plan Width": 21, "Actual Startup Time": 945.128, "Actual Total Time": 945.128, "Actual Rows": 0, "Actual Loops": 1, "Inner Unique": false, "Plans": [{"Node Type": "Nested Loop", "Parent Relationship": "Outer", "Join Type": "Inner", "Startup Cost": 0.0, "Total Cost": 61635.99, "Plan Rows": 32, "Plan Width": 25, "Actual Startup Time": 945.127, "Actual Total Time": 945.127, "Actual Rows": 0, "Actual Loops": 1, "Inner Unique": true, "Plans": [{"Node Type": "Nested Loop", "Parent Relationship": "Outer", "Join Type": "Inner", "Startup Cost": 0.0, "Total Cost": 61387.52, "Plan Rows": 30, "Plan Width": 4, "Actual Startup Time": 945.125, "Actual Total Time": 945.125, "Actual Rows": 0, "Actual Loops": 1, "Inner Unique": false, "Join Filter": "(ct.id = mc.company_type_id)", "Rows Removed by Join Filter": 1418, "Plans": [{"Node Type": "Seq Scan", "Parent Relationship": "Outer", "Relation Name": "company_type", "Alias": "ct", "Startup Cost": 0.0, "Total Cost": 1.04, "Plan Rows": 1, "Plan Width": 4, "Actual Startup Time": 0.021, "Actual Total Time": 0.027, "Actual Rows": 1, "Actual Loops": 1, "Filter": "((kind)::text = 'production companies'::text)", "Rows Removed by Filter": 2}, {"Node Type": "Seq Scan", "Parent Relationship": "Inner", "Relation Name": "movie_companies", "Alias": "mc", "Startup Cost": 0.0, "Total Cost": 61385.74, "Plan Rows": 59, "Plan Width": 8, "Actual Startup Time": 3.882, "Actual Total Time": 944.67, "Actual Rows": 1418, "Actual Loops": 1, "Filter": "(((note)::text ~~ '%(VHS)%'::text) AND ((note)::text ~~ '%(USA)%'::text) AND ((note)::text ~~ '%(1994)%'::text))", "Rows Removed by Filter": 2607710}]}, {"Node Type": "Index Scan", "Parent Relationship": "Inner", "Scan Direction": "Forward", "Index Name": "title_pkey", "Relation Name": "title", "Alias": "t", "Startup Cost": 0.0, "Total Cost": 8.27, "Plan Rows": 1, "Plan Width": 21, "Actual Startup Time": 0.0, "Actual Total Time": 0.0, "Index Cond": "(id = mc.movie_id)", "Rows Removed by Index Recheck": 0, "Filter": "(production_year > 2010)", "Rows Removed by Filter": 0}]}, {"Node Type": "Index Scan", "Parent Relationship": "Inner", "Scan Direction": "Forward", "Index Name": "movie_id_movie_info", "Relation Name": "movie_info", "Alias": "mi", "Startup Cost": 0.0, "Total Cost": 2.46, "Plan Rows": 1, "Plan Width": 8, "Actual Startup Time": 0.0, "Actual Total Time": 0.0, "Index Cond": "(movie_id = t.id)", "Rows Removed by Index Recheck": 0, "Filter": "((info)::text = ANY ('{USA,America}'::text[]))", "Rows Removed by Filter": 0}]}, {"Node Type": "Index Scan", "Parent Relationship": "Inner", "Scan Direction": "Forward", "Index Name": "info_type_pkey", "Relation Name": "info_type", "Alias": "it", "Startup Cost": 0.0, "Total Cost": 0.27, "Plan Rows": 1, "Plan Width": 4, "Actual Startup Time": 0.0, "Actual Total Time": 0.0, "Index Cond": "(id = mi.info_type_id)", "Rows Removed by Index Recheck": 0}]}]}, "Triggers": [], "Planner Runtime": 9.643, "Total Runtime": 945.575, "Unique SQL Id": 328306525}}, "(64, '29')": {"explain_plan": {"Plan": {"Node Type": "Aggregate", "Strategy": "Plain", "Startup Cost": 63248.6, "Total Cost": 63248.61, "Plan Rows": 1, "Plan Width": 49, "Plans": [{"Node Type": "Nested Loop", "Parent Relationship": "Outer", "Join Type": "Inner", "Startup Cost": 0.0, "Total Cost": 63248.54, "Plan Rows": 24, "Plan Width": 17, "Inner Unique": true, "Plans": [{"Node Type": "Nested Loop", "Parent Relationship": "Outer", "Join Type": "Inner", "Startup Cost": 0.0, "Total Cost": 63241.82, "Plan Rows": 24, "Plan Width": 21, "Inner Unique": false, "Plans": [{"Node Type": "Nested Loop", "Parent Relationship": "Outer", "Join Type": "Inner", "Startup Cost": 0.0, "Total Cost": 63162.83, "Plan Rows": 32, "Plan Width": 25, "Inner Unique": true, "Plans": [{"Node Type": "Nested Loop", "Parent Relationship": "Outer", "Join Type": "Inner", "Startup Cost": 0.0, "Total Cost": 62914.35, "Plan Rows": 30, "Plan Width": 4, "Inner Unique": false, "Plans": [{"Node Type": "Index Scan", "Parent Relationship": "Outer", "Scan Direction": "Forward", "Index Name": "company_type_pkey", "Relation Name": "company_type", "Alias": "ct", "Startup Cost": 0.0, "Total Cost": 12.3, "Plan Rows": 1, "Plan Width": 4, "Filter": "((kind)::text = 'production companies'::text)"}, {"Node Type": "Index Scan", "Parent Relationship": "Inner", "Scan Direction": "Forward", "Index Name": "company_type_id_movie_companies", "Relation Name": "movie_companies", "Alias": "mc", "Startup Cost": 0.0, "Total Cost": 62901.76, "Plan Rows": 29, "Plan Width": 8, "Index Cond": "(company_type_id = ct.id)", "Filter": "(((note)::text ~~ '%(VHS)%'::text) AND ((note)::text ~~ '%(USA)%'::text) AND ((note)::text ~~ '%(1994)%'::text))"}]}, {"Node Type": "Index Scan", "Parent Relationship": "Inner", "Scan Direction": "Forward", "Index Name": "title_pkey", "Relation Name": "title", "Alias": "t", "Startup Cost": 0.0, "Total Cost": 8.27, "Plan Rows": 1, "Plan Width": 21, "Index Cond": "(id = mc.movie_id)", "Filter": "(production_year > 2010)"}]}, {"Node Type": "Index Scan", "Parent Relationship": "Inner", "Scan Direction": "Forward", "Index Name": "movie_id_movie_info", "Relation Name": "movie_info", "Alias": "mi", "Startup Cost": 0.0, "Total Cost": 2.46, "Plan Rows": 1, "Plan Width": 8, "Index Cond": "(movie_id = t.id)", "Filter": "((info)::text = ANY ('{USA,America}'::text[]))"}]}, {"Node Type": "Index Scan", "Parent Relationship": "Inner", "Scan Direction": "Forward", "Index Name": "info_type_pkey", "Relation Name": "info_type", "Alias": "it", "Startup Cost": 0.0, "Total Cost": 0.27, "Plan Rows": 1, "Plan Width": 4, "Index Cond": "(id = mi.info_type_id)"}]}]}, "Unique SQL Id": 328306525, "Planner Runtime": 5}, "explain_analyze_plan": {"Plan": {"Node Type": "Aggregate", "Strategy": "Plain", "Startup Cost": 63248.6, "Total Cost": 63248.61, "Plan Rows": 1, "Plan Width": 49, "Actual Startup Time": 707.469, "Actual Total Time": 707.469, "Actual Rows": 1, "Actual Loops": 1, "Plans": [{"Node Type": "Nested Loop", "Parent Relationship": "Outer", "Join Type": "Inner", "Startup Cost": 0.0, "Total Cost": 63248.54, "Plan Rows": 24, "Plan Width": 17, "Actual Startup Time": 707.462, "Actual Total Time": 707.462, "Actual Rows": 0, "Actual Loops": 1, "Inner Unique": true, "Plans": [{"Node Type": "Nested Loop", "Parent Relationship": "Outer", "Join Type": "Inner", "Startup Cost": 0.0, "Total Cost": 63241.82, "Plan Rows": 24, "Plan Width": 21, "Actual Startup Time": 707.46, "Actual Total Time": 707.46, "Actual Rows": 0, "Actual Loops": 1, "Inner Unique": false, "Plans": [{"Node Type": "Nested Loop", "Parent Relationship": "Outer", "Join Type": "Inner", "Startup Cost": 0.0, "Total Cost": 63162.83, "Plan Rows": 32, "Plan Width": 25, "Actual Startup Time": 707.458, "Actual Total Time": 707.458, "Actual Rows": 0, "Actual Loops": 1, "Inner Unique": true, "Plans": [{"Node Type": "Nested Loop", "Parent Relationship": "Outer", "Join Type": "Inner", "Startup Cost": 0.0, "Total Cost": 62914.35, "Plan Rows": 30, "Plan Width": 4, "Actual Startup Time": 707.457, "Actual Total Time": 707.457, "Actual Rows": 0, "Actual Loops": 1, "Inner Unique": false, "Plans": [{"Node Type": "Index Scan", "Parent Relationship": "Outer", "Scan Direction": "Forward", "Index Name": "company_type_pkey", "Relation Name": "company_type", "Alias": "ct", "Startup Cost": 0.0, "Total Cost": 12.3, "Plan Rows": 1, "Plan Width": 4, "Actual Startup Time": 0.015, "Actual Total Time": 0.026, "Actual Rows": 1, "Actual Loops": 1, "Filter": "((kind)::text = 'production companies'::text)", "Rows Removed by Filter": 2}, {"Node Type": "Index Scan", "Parent Relationship": "Inner", "Scan Direction": "Forward", "Index Name": "company_type_id_movie_companies", "Relation Name": "movie_companies", "Alias": "mc", "Startup Cost": 0.0, "Total Cost": 62901.76, "Plan Rows": 29, "Plan Width": 8, "Actual Startup Time": 707.424, "Actual Total Time": 707.424, "Actual Rows": 0, "Actual Loops": 1, "Index Cond": "(company_type_id = ct.id)", "Rows Removed by Index Recheck": 0, "Filter": "(((note)::text ~~ '%(VHS)%'::text) AND ((note)::text ~~ '%(USA)%'::text) AND ((note)::text ~~ '%(1994)%'::text))", "Rows Removed by Filter": 1334883}]}, {"Node Type": "Index Scan", "Parent Relationship": "Inner", "Scan Direction": "Forward", "Index Name": "title_pkey", "Relation Name": "title", "Alias": "t", "Startup Cost": 0.0, "Total Cost": 8.27, "Plan Rows": 1, "Plan Width": 21, "Actual Startup Time": 0.0, "Actual Total Time": 0.0, "Index Cond": "(id = mc.movie_id)", "Rows Removed by Index Recheck": 0, "Filter": "(production_year > 2010)", "Rows Removed by Filter": 0}]}, {"Node Type": "Index Scan", "Parent Relationship": "Inner", "Scan Direction": "Forward", "Index Name": "movie_id_movie_info", "Relation Name": "movie_info", "Alias": "mi", "Startup Cost": 0.0, "Total Cost": 2.46, "Plan Rows": 1, "Plan Width": 8, "Actual Startup Time": 0.0, "Actual Total Time": 0.0, "Index Cond": "(movie_id = t.id)", "Rows Removed by Index Recheck": 0, "Filter": "((info)::text = ANY ('{USA,America}'::text[]))", "Rows Removed by Filter": 0}]}, {"Node Type": "Index Scan", "Parent Relationship": "Inner", "Scan Direction": "Forward", "Index Name": "info_type_pkey", "Relation Name": "info_type", "Alias": "it", "Startup Cost": 0.0, "Total Cost": 0.27, "Plan Rows": 1, "Plan Width": 4, "Actual Startup Time": 0.0, "Actual Total Time": 0.0, "Index Cond": "(id = mi.info_type_id)", "Rows Removed by Index Recheck": 0}]}]}, "Triggers": [], "Planner Runtime": 9.381, "Total Runtime": 707.729, "Unique SQL Id": 328306525}}, "(64, '30')": {"explain_plan": {"Plan": {"Node Type": "Aggregate", "Strategy": "Plain", "Startup Cost": 326869.38, "Total Cost": 326869.39, "Plan Rows": 1, "Plan Width": 49, "Plans": [{"Node Type": "Nested Loop", "Parent Relationship": "Outer", "Join Type": "Inner", "Startup Cost": 0.0, "Total Cost": 326869.32, "Plan Rows": 24, "Plan Width": 17, "Inner Unique": false, "Join Filter": "(mi.info_type_id = it.id)", "Plans": [{"Node Type": "Seq Scan", "Parent Relationship": "Outer", "Relation Name": "info_type", "Alias": "it", "Startup Cost": 0.0, "Total Cost": 2.12, "Plan Rows": 112, "Plan Width": 4}, {"Node Type": "Materialize", "Parent Relationship": "Inner", "Startup Cost": 0.0, "Total Cost": 326826.94, "Plan Rows": 24, "Plan Width": 21, "Plans": [{"Node Type": "Streaming(type: LOCAL GATHER dop: 1/64)", "Parent Relationship": "Outer", "Startup Cost": 0.0, "Total Cost": 326826.82, "Plan Rows": 24, "Plan Width": 21, "Plans": [{"Node Type": "Nested Loop", "Parent Relationship": "Outer", "Join Type": "Inner", "Startup Cost": 0.0, "Total Cost": 326826.33, "Plan Rows": 24, "Plan Width": 21, "Inner Unique": false, "Join Filter": "(t.id = mi.movie_id)", "Plans": [{"Node Type": "Seq Scan", "Parent Relationship": "Outer", "Relation Name": "movie_info", "Alias": "mi", "Startup Cost": 0.0, "Total Cost": 68221.29, "Plan Rows": 584897, "Plan Width": 8, "Filter": "((info)::text = ANY ('{USA,America}'::text[]))"}, {"Node Type": "Materialize", "Parent Relationship": "Inner", "Startup Cost": 0.0, "Total Cost": 254218.39, "Plan Rows": 2048, "Plan Width": 25, "Plans": [{"Node Type": "Streaming(type: BROADCAST dop: 64/64)", "Parent Relationship": "Outer", "Startup Cost": 0.0, "Total Cost": 254218.23, "Plan Rows": 2048, "Plan Width": 25, "Plans": [{"Node Type": "Nested Loop", "Parent Relationship": "Outer", "Join Type": "Inner", "Startup Cost": 0.0, "Total Cost": 191216.93, "Plan Rows": 32, "Plan Width": 25, "Inner Unique": false, "Join Filter": "(mc.movie_id = t.id)", "Plans": [{"Node Type": "Seq Scan", "Parent Relationship": "Outer", "Relation Name": "title", "Alias": "t", "Startup Cost": 0.0, "Total Cost": 64037.34, "Plan Rows": 391451, "Plan Width": 21, "Filter": "(production_year > 2010), (LLVM Optimized)"}, {"Node Type": "Materialize", "Parent Relationship": "Inner", "Startup Cost": 0.0, "Total Cost": 124427.27, "Plan Rows": 1920, "Plan Width": 4, "Plans": [{"Node Type": "Streaming(type: BROADCAST dop: 64/1)", "Parent Relationship": "Outer", "Startup Cost": 0.0, "Total Cost": 124427.12, "Plan Rows": 1920, "Plan Width": 4, "Plans": [{"Node Type": "Nested Loop", "Parent Relationship": "Outer", "Join Type": "Inner", "Startup Cost": 0.0, "Total Cost": 61387.52, "Plan Rows": 30, "Plan Width": 4, "Inner Unique": false, "Join Filter": "(ct.id = mc.company_type_id)", "Plans": [{"Node Type": "Seq Scan", "Parent Relationship": "Outer", "Relation Name": "company_type", "Alias": "ct", "Startup Cost": 0.0, "Total Cost": 1.04, "Plan Rows": 1, "Plan Width": 4, "Filter": "((kind)::text = 'production companies'::text)"}, {"Node Type": "Seq Scan", "Parent Relationship": "Inner", "Relation Name": "movie_companies", "Alias": "mc", "Startup Cost": 0.0, "Total Cost": 61385.74, "Plan Rows": 59, "Plan Width": 8, "Filter": "(((note)::text ~~ '%(VHS)%'::text) AND ((note)::text ~~ '%(USA)%'::text) AND ((note)::text ~~ '%(1994)%'::text))"}]}]}]}]}]}]}]}]}]}]}]}, "Unique SQL Id": 328306525, "Planner Runtime": 6}, "explain_analyze_plan": {"Plan": {"Node Type": "Aggregate", "Strategy": "Plain", "Startup Cost": 326869.38, "Total Cost": 326869.39, "Plan Rows": 1, "Plan Width": 49, "Actual Min Startup Time": 1236.64, "Actual Max Startup Time": 1236.64, "Actual Min Total Time": 1236.64, "Actual Max Total Time": 1236.64, "Plans": [{"Node Type": "Nested Loop", "Parent Relationship": "Outer", "Join Type": "Inner", "Startup Cost": 0.0, "Total Cost": 326869.32, "Plan Rows": 24, "Plan Width": 17, "Actual Min Startup Time": 1236.63, "Actual Max Startup Time": 1236.63, "Actual Min Total Time": 1236.63, "Actual Max Total Time": 1236.63, "Inner Unique": false, "Join Filter": "(mi.info_type_id = it.id)", "Rows Removed by Join Filter": 0, "Plans": [{"Node Type": "Seq Scan", "Parent Relationship": "Outer", "Relation Name": "info_type", "Alias": "it", "Startup Cost": 0.0, "Total Cost": 2.12, "Plan Rows": 112, "Plan Width": 4, "Actual Min Startup Time": 0.043, "Actual Max Startup Time": 0.043, "Actual Min Total Time": 0.058, "Actual Max Total Time": 0.058, "Actual Rows": 112}, {"Node Type": "Materialize", "Parent Relationship": "Inner", "Startup Cost": 0.0, "Total Cost": 326826.94, "Plan Rows": 24, "Plan Width": 21, "Actual Min Startup Time": 1236.525, "Actual Max Startup Time": 1236.525, "Actual Min Total Time": 1236.525, "Actual Max Total Time": 1236.525, "Plans": [{"Node Type": "Streaming(type: LOCAL GATHER dop: 1/64)", "Parent Relationship": "Outer", "Startup Cost": 0.0, "Total Cost": 326826.82, "Plan Rows": 24, "Plan Width": 21, "Actual Min Startup Time": 1236.507, "Actual Max Startup Time": 1236.507, "Actual Min Total Time": 1236.507, "Actual Max Total Time": 1236.507, "Plans": [{"Node Type": "Nested Loop", "Parent Relationship": "Outer", "Join Type": "Inner", "Startup Cost": 0.0, "Total Cost": 326826.33, "Plan Rows": 24, "Plan Width": 21, "Actual Min Startup Time": 1019.094, "Actual Max Startup Time": 1074.467, "Actual Min Total Time": 1019.094, "Actual Max Total Time": 1074.467, "Inner Unique": false, "Join Filter": "(t.id = mi.movie_id)", "Rows Removed by Join Filter": 0, "Plans": [{"Node Type": "Seq Scan", "Parent Relationship": "Outer", "Relation Name": "movie_info", "Alias": "mi", "Startup Cost": 0.0, "Total Cost": 68221.29, "Plan Rows": 584897, "Plan Width": 8, "Actual Min Startup Time": 0.068, "Actual Max Startup Time": 10.112, "Actual Min Total Time": 92.41, "Actual Max Total Time": 106.807, "Filter": "((info)::text = ANY ('{USA,America}'::text[]))", "Rows Removed by Filter": 14282942, "Actual Rows": 552777}, {"Node Type": "Materialize", "Parent Relationship": "Inner", "Startup Cost": 0.0, "Total Cost": 254218.39, "Plan Rows": 2048, "Plan Width": 25, "Actual Min Startup Time": 919.906, "Actual Max Startup Time": 966.885, "Actual Min Total Time": 919.906, "Actual Max Total Time": 966.885, "Plans": [{"Node Type": "Streaming(type: BROADCAST dop: 64/64)", "Parent Relationship": "Outer", "Startup Cost": 0.0, "Total Cost": 254218.23, "Plan Rows": 2048, "Plan Width": 25, "Actual Min Startup Time": 919.139, "Actual Max Startup Time": 965.671, "Actual Min Total Time": 919.139, "Actual Max Total Time": 965.671, "Plans": [{"Node Type": "Nested Loop", "Parent Relationship": "Outer", "Join Type": "Inner", "Startup Cost": 0.0, "Total Cost": 191216.93, "Plan Rows": 32, "Plan Width": 25, "Actual Min Startup Time": 814.682, "Actual Max Startup Time": 982.15, "Actual Min Total Time": 814.682, "Actual Max Total Time": 982.15, "Inner Unique": false, "Join Filter": "(mc.movie_id = t.id)", "Rows Removed by Join Filter": 0, "Plans": [{"Node Type": "Seq Scan", "Parent Relationship": "Outer", "Relation Name": "title", "Alias": "t", "Startup Cost": 0.0, "Total Cost": 64037.34, "Plan Rows": 391451, "Plan Width": 21, "Actual Min Startup Time": 0.026, "Actual Max Startup Time": 0.091, "Actual Min Total Time": 12.513, "Actual Max Total Time": 15.814, "Filter": "(production_year > 2010), (LLVM Optimized, Jit Execute)", "Rows Removed by Filter": 2136645, "Actual Rows": 391666}, {"Node Type": "Materialize", "Parent Relationship": "Inner", "Startup Cost": 0.0, "Total Cost": 124427.27, "Plan Rows": 1920, "Plan Width": 4, "Actual Min Startup Time": 800.491, "Actual Max Startup Time": 968.22, "Actual Min Total Time": 800.491, "Actual Max Total Time": 968.22, "Plans": [{"Node Type": "Streaming(type: BROADCAST dop: 64/1)", "Parent Relationship": "Outer", "Startup Cost": 0.0, "Total Cost": 124427.12, "Plan Rows": 1920, "Plan Width": 4, "Actual Min Startup Time": 800.043, "Actual Max Startup Time": 967.712, "Actual Min Total Time": 800.043, "Actual Max Total Time": 967.712, "Plans": [{"Node Type": "Nested Loop", "Parent Relationship": "Outer", "Join Type": "Inner", "Startup Cost": 0.0, "Total Cost": 61387.52, "Plan Rows": 30, "Plan Width": 4, "Actual Min Startup Time": 972.85, "Actual Max Startup Time": 972.85, "Actual Min Total Time": 972.85, "Actual Max Total Time": 972.85, "Inner Unique": false, "Join Filter": "(ct.id = mc.company_type_id)", "Rows Removed by Join Filter": 1418, "Plans": [{"Node Type": "Seq Scan", "Parent Relationship": "Outer", "Relation Name": "company_type", "Alias": "ct", "Startup Cost": 0.0, "Total Cost": 1.04, "Plan Rows": 1, "Plan Width": 4, "Actual Min Startup Time": 0.023, "Actual Max Startup Time": 0.023, "Actual Min Total Time": 0.027, "Actual Max Total Time": 0.027, "Filter": "((kind)::text = 'production companies'::text)", "Rows Removed by Filter": 2, "Actual Rows": 1}, {"Node Type": "Seq Scan", "Parent Relationship": "Inner", "Relation Name": "movie_companies", "Alias": "mc", "Startup Cost": 0.0, "Total Cost": 61385.74, "Plan Rows": 59, "Plan Width": 8, "Actual Min Startup Time": 4.027, "Actual Max Startup Time": 4.027, "Actual Min Total Time": 972.409, "Actual Max Total Time": 972.409, "Filter": "(((note)::text ~~ '%(VHS)%'::text) AND ((note)::text ~~ '%(USA)%'::text) AND ((note)::text ~~ '%(1994)%'::text))", "Rows Removed by Filter": 2607710, "Actual Rows": 1418}], "Actual Rows": 0}], "Actual Rows": 0}], "Actual Rows": 0}], "Actual Rows": 0}], "Actual Rows": 0}], "Actual Rows": 0}], "Actual Rows": 0}], "Actual Rows": 0}], "Actual Rows": 0}], "Actual Rows": 0}], "Actual Rows": 1}, "Triggers": [], "Planner Runtime": 7.048, "Total Runtime": 1278.055, "Unique SQL Id": 328306525}}, "(64, '31')": {"explain_plan": {"Plan": {"Node Type": "Aggregate", "Strategy": "Plain", "Startup Cost": 4998574728500.19, "Total Cost": 4998574728500.2, "Plan Rows": 1, "Plan Width": 49, "Plans": [{"Node Type": "Merge Join", "Parent Relationship": "Outer", "Join Type": "Inner", "Startup Cost": 50025290819.16, "Total Cost": 4998574728500.13, "Plan Rows": 24, "Plan Width": 17, "Inner Unique": true, "Merge Cond": "(mi.movie_id = t.id)", "Plans": [{"Node Type": "Nested Loop", "Parent Relationship": "Outer", "Join Type": "Inner", "Startup Cost": 40000000000.0, "Total Cost": 3999263639085.25, "Plan Rows": 33, "Plan Width": 8, "Inner Unique": true, "Join Filter": "(mc.company_type_id = ct.id)", "Plans": [{"Node Type": "Merge Join", "Parent Relationship": "Outer", "Join Type": "Inner", "Startup Cost": 30000000000.0, "Total Cost": 2999263637854.01, "Plan Rows": 66, "Plan Width": 12, "Inner Unique": false, "Merge Cond": "(mi.movie_id = mc.movie_id)", "Plans": [{"Node Type": "Nested Loop", "Parent Relationship": "Outer", "Join Type": "Inner", "Startup Cost": 20000000000.0, "Total Cost": 2000108518423.96, "Plan Rows": 584897, "Plan Width": 4, "Inner Unique": true, "Join Filter": "(it.id = mi.info_type_id), (LLVM Optimized)", "Plans": [{"Node Type": "Index Scan", "Parent Relationship": "Outer", "Scan Direction": "Forward", "Index Name": "movie_id_movie_info", "Relation Name": "movie_info", "Alias": "mi", "Startup Cost": 10000000000.0, "Total Cost": 1000107534403.72, "Plan Rows": 584897, "Plan Width": 8, "Filter": "((info)::text = ANY ('{USA,America}'::text[]))"}, {"Node Type": "Materialize", "Parent Relationship": "Inner", "Startup Cost": 10000000000.0, "Total Cost": 1000000001393.56, "Plan Rows": 112, "Plan Width": 4, "Plans": [{"Node Type": "Index Scan", "Parent Relationship": "Outer", "Scan Direction": "Forward", "Index Name": "info_type_pkey", "Relation Name": "info_type", "Alias": "it", "Startup Cost": 10000000000.0, "Total Cost": 1000000001393.0, "Plan Rows": 112, "Plan Width": 4}]}]}, {"Node Type": "Materialize", "Parent Relationship": "Inner", "Startup Cost": 10000000000.0, "Total Cost": 1000015008792.28, "Plan Rows": 59, "Plan Width": 8, "Plans": [{"Node Type": "Index Scan", "Parent Relationship": "Outer", "Scan Direction": "Forward", "Index Name": "movie_id_movie_companies", "Relation Name": "movie_companies", "Alias": "mc", "Startup Cost": 10000000000.0, "Total Cost": 1000015008792.13, "Plan Rows": 59, "Plan Width": 8, "Filter": "(((note)::text ~~ '%(VHS)%'::text) AND ((note)::text ~~ '%(USA)%'::text) AND ((note)::text ~~ '%(1994)%'::text))"}]}]}, {"Node Type": "Materialize", "Parent Relationship": "Inner", "Startup Cost": 10000000000.0, "Total Cost": 1000000001230.26, "Plan Rows": 1, "Plan Width": 4, "Plans": [{"Node Type": "Index Scan", "Parent Relationship": "Outer", "Scan Direction": "Forward", "Index Name": "company_type_pkey", "Relation Name": "company_type", "Alias": "ct", "Startup Cost": 10000000000.0, "Total Cost": 1000000001230.25, "Plan Rows": 1, "Plan Width": 4, "Filter": "((kind)::text = 'production companies'::text)"}]}]}, {"Node Type": "Index Scan", "Parent Relationship": "Inner", "Scan Direction": "Forward", "Index Name": "title_pkey", "Relation Name": "title", "Alias": "t", "Startup Cost": 10000000000.0, "Total Cost": 1000011644126.66, "Plan Rows": 391451, "Plan Width": 21, "Filter": "(production_year > 2010), (LLVM Optimized)"}]}]}, "Unique SQL Id": 328306525, "Planner Runtime": 11}, "explain_analyze_plan": null}, "(64, '32')": {"explain_plan": {"Plan": {"Node Type": "Aggregate", "Strategy": "Plain", "Startup Cost": 61721.76, "Total Cost": 61721.77, "Plan Rows": 1, "Plan Width": 49, "Plans": [{"Node Type": "Nested Loop", "Parent Relationship": "Outer", "Join Type": "Inner", "Startup Cost": 0.0, "Total Cost": 61721.7, "Plan Rows": 24, "Plan Width": 17, "Inner Unique": true, "Plans": [{"Node Type": "Nested Loop", "Parent Relationship": "Outer", "Join Type": "Inner", "Startup Cost": 0.0, "Total Cost": 61714.98, "Plan Rows": 24, "Plan Width": 21, "Inner Unique": false, "Plans": [{"Node Type": "Nested Loop", "Parent Relationship": "Outer", "Join Type": "Inner", "Startup Cost": 0.0, "Total Cost": 61635.99, "Plan Rows": 32, "Plan Width": 25, "Inner Unique": true, "Plans": [{"Node Type": "Nested Loop", "Parent Relationship": "Outer", "Join Type": "Inner", "Startup Cost": 0.0, "Total Cost": 61387.52, "Plan Rows": 30, "Plan Width": 4, "Inner Unique": false, "Join Filter": "(ct.id = mc.company_type_id)", "Plans": [{"Node Type": "Seq Scan", "Parent Relationship": "Outer", "Relation Name": "company_type", "Alias": "ct", "Startup Cost": 0.0, "Total Cost": 1.04, "Plan Rows": 1, "Plan Width": 4, "Filter": "((kind)::text = 'production companies'::text)"}, {"Node Type": "Seq Scan", "Parent Relationship": "Inner", "Relation Name": "movie_companies", "Alias": "mc", "Startup Cost": 0.0, "Total Cost": 61385.74, "Plan Rows": 59, "Plan Width": 8, "Filter": "(((note)::text ~~ '%(VHS)%'::text) AND ((note)::text ~~ '%(USA)%'::text) AND ((note)::text ~~ '%(1994)%'::text))"}]}, {"Node Type": "Index Scan", "Parent Relationship": "Inner", "Scan Direction": "Forward", "Index Name": "title_pkey", "Relation Name": "title", "Alias": "t", "Startup Cost": 0.0, "Total Cost": 8.27, "Plan Rows": 1, "Plan Width": 21, "Index Cond": "(id = mc.movie_id)", "Filter": "(production_year > 2010)"}]}, {"Node Type": "Index Scan", "Parent Relationship": "Inner", "Scan Direction": "Forward", "Index Name": "movie_id_movie_info", "Relation Name": "movie_info", "Alias": "mi", "Startup Cost": 0.0, "Total Cost": 2.46, "Plan Rows": 1, "Plan Width": 8, "Index Cond": "(movie_id = t.id)", "Filter": "((info)::text = ANY ('{USA,America}'::text[]))"}]}, {"Node Type": "Index Only Scan", "Parent Relationship": "Inner", "Scan Direction": "Forward", "Index Name": "info_type_pkey", "Relation Name": "info_type", "Alias": "it", "Startup Cost": 0.0, "Total Cost": 0.27, "Plan Rows": 1, "Plan Width": 4, "Index Cond": "(id = mi.info_type_id)"}]}]}, "Unique SQL Id": 328306525, "Planner Runtime": 6}, "explain_analyze_plan": {"Plan": {"Node Type": "Aggregate", "Strategy": "Plain", "Startup Cost": 61721.76, "Total Cost": 61721.77, "Plan Rows": 1, "Plan Width": 49, "Actual Startup Time": 965.018, "Actual Total Time": 965.019, "Actual Rows": 1, "Actual Loops": 1, "Plans": [{"Node Type": "Nested Loop", "Parent Relationship": "Outer", "Join Type": "Inner", "Startup Cost": 0.0, "Total Cost": 61721.7, "Plan Rows": 24, "Plan Width": 17, "Actual Startup Time": 965.012, "Actual Total Time": 965.012, "Actual Rows": 0, "Actual Loops": 1, "Inner Unique": true, "Plans": [{"Node Type": "Nested Loop", "Parent Relationship": "Outer", "Join Type": "Inner", "Startup Cost": 0.0, "Total Cost": 61714.98, "Plan Rows": 24, "Plan Width": 21, "Actual Startup Time": 965.011, "Actual Total Time": 965.011, "Actual Rows": 0, "Actual Loops": 1, "Inner Unique": false, "Plans": [{"Node Type": "Nested Loop", "Parent Relationship": "Outer", "Join Type": "Inner", "Startup Cost": 0.0, "Total Cost": 61635.99, "Plan Rows": 32, "Plan Width": 25, "Actual Startup Time": 965.009, "Actual Total Time": 965.009, "Actual Rows": 0, "Actual Loops": 1, "Inner Unique": true, "Plans": [{"Node Type": "Nested Loop", "Parent Relationship": "Outer", "Join Type": "Inner", "Startup Cost": 0.0, "Total Cost": 61387.52, "Plan Rows": 30, "Plan Width": 4, "Actual Startup Time": 965.006, "Actual Total Time": 965.006, "Actual Rows": 0, "Actual Loops": 1, "Inner Unique": false, "Join Filter": "(ct.id = mc.company_type_id)", "Rows Removed by Join Filter": 1418, "Plans": [{"Node Type": "Seq Scan", "Parent Relationship": "Outer", "Relation Name": "company_type", "Alias": "ct", "Startup Cost": 0.0, "Total Cost": 1.04, "Plan Rows": 1, "Plan Width": 4, "Actual Startup Time": 0.014, "Actual Total Time": 0.021, "Actual Rows": 1, "Actual Loops": 1, "Filter": "((kind)::text = 'production companies'::text)", "Rows Removed by Filter": 2}, {"Node Type": "Seq Scan", "Parent Relationship": "Inner", "Relation Name": "movie_companies", "Alias": "mc", "Startup Cost": 0.0, "Total Cost": 61385.74, "Plan Rows": 59, "Plan Width": 8, "Actual Startup Time": 3.955, "Actual Total Time": 964.568, "Actual Rows": 1418, "Actual Loops": 1, "Filter": "(((note)::text ~~ '%(VHS)%'::text) AND ((note)::text ~~ '%(USA)%'::text) AND ((note)::text ~~ '%(1994)%'::text))", "Rows Removed by Filter": 2607710}]}, {"Node Type": "Index Scan", "Parent Relationship": "Inner", "Scan Direction": "Forward", "Index Name": "title_pkey", "Relation Name": "title", "Alias": "t", "Startup Cost": 0.0, "Total Cost": 8.27, "Plan Rows": 1, "Plan Width": 21, "Actual Startup Time": 0.0, "Actual Total Time": 0.0, "Index Cond": "(id = mc.movie_id)", "Rows Removed by Index Recheck": 0, "Filter": "(production_year > 2010)", "Rows Removed by Filter": 0}]}, {"Node Type": "Index Scan", "Parent Relationship": "Inner", "Scan Direction": "Forward", "Index Name": "movie_id_movie_info", "Relation Name": "movie_info", "Alias": "mi", "Startup Cost": 0.0, "Total Cost": 2.46, "Plan Rows": 1, "Plan Width": 8, "Actual Startup Time": 0.0, "Actual Total Time": 0.0, "Index Cond": "(movie_id = t.id)", "Rows Removed by Index Recheck": 0, "Filter": "((info)::text = ANY ('{USA,America}'::text[]))", "Rows Removed by Filter": 0}]}, {"Node Type": "Index Only Scan", "Parent Relationship": "Inner", "Scan Direction": "Forward", "Index Name": "info_type_pkey", "Relation Name": "info_type", "Alias": "it", "Startup Cost": 0.0, "Total Cost": 0.27, "Plan Rows": 1, "Plan Width": 4, "Actual Startup Time": 0.0, "Actual Total Time": 0.0, "Index Cond": "(id = mi.info_type_id)", "Rows Removed by Index Recheck": 0, "Heap Fetches": 0}]}]}, "Triggers": [], "Planner Runtime": 9.305, "Total Runtime": 965.287, "Unique SQL Id": 328306525}}, "(64, '33')": {"explain_plan": {"Plan": {"Node Type": "Aggregate", "Strategy": "Plain", "Startup Cost": 63248.6, "Total Cost": 63248.61, "Plan Rows": 1, "Plan Width": 49, "Plans": [{"Node Type": "Nested Loop", "Parent Relationship": "Outer", "Join Type": "Inner", "Startup Cost": 0.0, "Total Cost": 63248.54, "Plan Rows": 24, "Plan Width": 17, "Inner Unique": true, "Plans": [{"Node Type": "Nested Loop", "Parent Relationship": "Outer", "Join Type": "Inner", "Startup Cost": 0.0, "Total Cost": 63241.82, "Plan Rows": 24, "Plan Width": 21, "Inner Unique": false, "Plans": [{"Node Type": "Nested Loop", "Parent Relationship": "Outer", "Join Type": "Inner", "Startup Cost": 0.0, "Total Cost": 63162.83, "Plan Rows": 32, "Plan Width": 25, "Inner Unique": true, "Plans": [{"Node Type": "Nested Loop", "Parent Relationship": "Outer", "Join Type": "Inner", "Startup Cost": 0.0, "Total Cost": 62914.35, "Plan Rows": 30, "Plan Width": 4, "Inner Unique": false, "Plans": [{"Node Type": "Index Scan", "Parent Relationship": "Outer", "Scan Direction": "Forward", "Index Name": "company_type_pkey", "Relation Name": "company_type", "Alias": "ct", "Startup Cost": 0.0, "Total Cost": 12.3, "Plan Rows": 1, "Plan Width": 4, "Filter": "((kind)::text = 'production companies'::text)"}, {"Node Type": "Index Scan", "Parent Relationship": "Inner", "Scan Direction": "Forward", "Index Name": "company_type_id_movie_companies", "Relation Name": "movie_companies", "Alias": "mc", "Startup Cost": 0.0, "Total Cost": 62901.76, "Plan Rows": 29, "Plan Width": 8, "Index Cond": "(company_type_id = ct.id)", "Filter": "(((note)::text ~~ '%(VHS)%'::text) AND ((note)::text ~~ '%(USA)%'::text) AND ((note)::text ~~ '%(1994)%'::text))"}]}, {"Node Type": "Index Scan", "Parent Relationship": "Inner", "Scan Direction": "Forward", "Index Name": "title_pkey", "Relation Name": "title", "Alias": "t", "Startup Cost": 0.0, "Total Cost": 8.27, "Plan Rows": 1, "Plan Width": 21, "Index Cond": "(id = mc.movie_id)", "Filter": "(production_year > 2010)"}]}, {"Node Type": "Index Scan", "Parent Relationship": "Inner", "Scan Direction": "Forward", "Index Name": "movie_id_movie_info", "Relation Name": "movie_info", "Alias": "mi", "Startup Cost": 0.0, "Total Cost": 2.46, "Plan Rows": 1, "Plan Width": 8, "Index Cond": "(movie_id = t.id)", "Filter": "((info)::text = ANY ('{USA,America}'::text[]))"}]}, {"Node Type": "Index Only Scan", "Parent Relationship": "Inner", "Scan Direction": "Forward", "Index Name": "info_type_pkey", "Relation Name": "info_type", "Alias": "it", "Startup Cost": 0.0, "Total Cost": 0.27, "Plan Rows": 1, "Plan Width": 4, "Index Cond": "(id = mi.info_type_id)"}]}]}, "Unique SQL Id": 328306525, "Planner Runtime": 5}, "explain_analyze_plan": {"Plan": {"Node Type": "Aggregate", "Strategy": "Plain", "Startup Cost": 63248.6, "Total Cost": 63248.61, "Plan Rows": 1, "Plan Width": 49, "Actual Startup Time": 712.178, "Actual Total Time": 712.179, "Actual Rows": 1, "Actual Loops": 1, "Plans": [{"Node Type": "Nested Loop", "Parent Relationship": "Outer", "Join Type": "Inner", "Startup Cost": 0.0, "Total Cost": 63248.54, "Plan Rows": 24, "Plan Width": 17, "Actual Startup Time": 712.172, "Actual Total Time": 712.172, "Actual Rows": 0, "Actual Loops": 1, "Inner Unique": true, "Plans": [{"Node Type": "Nested Loop", "Parent Relationship": "Outer", "Join Type": "Inner", "Startup Cost": 0.0, "Total Cost": 63241.82, "Plan Rows": 24, "Plan Width": 21, "Actual Startup Time": 712.17, "Actual Total Time": 712.17, "Actual Rows": 0, "Actual Loops": 1, "Inner Unique": false, "Plans": [{"Node Type": "Nested Loop", "Parent Relationship": "Outer", "Join Type": "Inner", "Startup Cost": 0.0, "Total Cost": 63162.83, "Plan Rows": 32, "Plan Width": 25, "Actual Startup Time": 712.168, "Actual Total Time": 712.168, "Actual Rows": 0, "Actual Loops": 1, "Inner Unique": true, "Plans": [{"Node Type": "Nested Loop", "Parent Relationship": "Outer", "Join Type": "Inner", "Startup Cost": 0.0, "Total Cost": 62914.35, "Plan Rows": 30, "Plan Width": 4, "Actual Startup Time": 712.166, "Actual Total Time": 712.166, "Actual Rows": 0, "Actual Loops": 1, "Inner Unique": false, "Plans": [{"Node Type": "Index Scan", "Parent Relationship": "Outer", "Scan Direction": "Forward", "Index Name": "company_type_pkey", "Relation Name": "company_type", "Alias": "ct", "Startup Cost": 0.0, "Total Cost": 12.3, "Plan Rows": 1, "Plan Width": 4, "Actual Startup Time": 0.013, "Actual Total Time": 0.024, "Actual Rows": 1, "Actual Loops": 1, "Filter": "((kind)::text = 'production companies'::text)", "Rows Removed by Filter": 2}, {"Node Type": "Index Scan", "Parent Relationship": "Inner", "Scan Direction": "Forward", "Index Name": "company_type_id_movie_companies", "Relation Name": "movie_companies", "Alias": "mc", "Startup Cost": 0.0, "Total Cost": 62901.76, "Plan Rows": 29, "Plan Width": 8, "Actual Startup Time": 712.136, "Actual Total Time": 712.136, "Actual Rows": 0, "Actual Loops": 1, "Index Cond": "(company_type_id = ct.id)", "Rows Removed by Index Recheck": 0, "Filter": "(((note)::text ~~ '%(VHS)%'::text) AND ((note)::text ~~ '%(USA)%'::text) AND ((note)::text ~~ '%(1994)%'::text))", "Rows Removed by Filter": 1334883}]}, {"Node Type": "Index Scan", "Parent Relationship": "Inner", "Scan Direction": "Forward", "Index Name": "title_pkey", "Relation Name": "title", "Alias": "t", "Startup Cost": 0.0, "Total Cost": 8.27, "Plan Rows": 1, "Plan Width": 21, "Actual Startup Time": 0.0, "Actual Total Time": 0.0, "Index Cond": "(id = mc.movie_id)", "Rows Removed by Index Recheck": 0, "Filter": "(production_year > 2010)", "Rows Removed by Filter": 0}]}, {"Node Type": "Index Scan", "Parent Relationship": "Inner", "Scan Direction": "Forward", "Index Name": "movie_id_movie_info", "Relation Name": "movie_info", "Alias": "mi", "Startup Cost": 0.0, "Total Cost": 2.46, "Plan Rows": 1, "Plan Width": 8, "Actual Startup Time": 0.0, "Actual Total Time": 0.0, "Index Cond": "(movie_id = t.id)", "Rows Removed by Index Recheck": 0, "Filter": "((info)::text = ANY ('{USA,America}'::text[]))", "Rows Removed by Filter": 0}]}, {"Node Type": "Index Only Scan", "Parent Relationship": "Inner", "Scan Direction": "Forward", "Index Name": "info_type_pkey", "Relation Name": "info_type", "Alias": "it", "Startup Cost": 0.0, "Total Cost": 0.27, "Plan Rows": 1, "Plan Width": 4, "Actual Startup Time": 0.0, "Actual Total Time": 0.0, "Index Cond": "(id = mi.info_type_id)", "Rows Removed by Index Recheck": 0, "Heap Fetches": 0}]}]}, "Triggers": [], "Planner Runtime": 9.362, "Total Runtime": 712.43, "Unique SQL Id": 328306525}}, "(64, '34')": {"explain_plan": {"Plan": {"Node Type": "Aggregate", "Strategy": "Plain", "Startup Cost": 62302.06, "Total Cost": 62302.07, "Plan Rows": 1, "Plan Width": 49, "Plans": [{"Node Type": "Nested Loop", "Parent Relationship": "Outer", "Join Type": "Inner", "Startup Cost": 4.61, "Total Cost": 62302.0, "Plan Rows": 24, "Plan Width": 17, "Inner Unique": false, "Join Filter": "(mi.info_type_id = it.id)", "Plans": [{"Node Type": "Seq Scan", "Parent Relationship": "Outer", "Relation Name": "info_type", "Alias": "it", "Startup Cost": 0.0, "Total Cost": 2.12, "Plan Rows": 112, "Plan Width": 4}, {"Node Type": "Materialize", "Parent Relationship": "Inner", "Startup Cost": 4.61, "Total Cost": 62259.62, "Plan Rows": 24, "Plan Width": 21, "Plans": [{"Node Type": "Nested Loop", "Parent Relationship": "Outer", "Join Type": "Inner", "Startup Cost": 4.61, "Total Cost": 62259.5, "Plan Rows": 24, "Plan Width": 21, "Inner Unique": true, "Plans": [{"Node Type": "Nested Loop", "Parent Relationship": "Outer", "Join Type": "Inner", "Startup Cost": 4.29, "Total Cost": 62116.08, "Plan Rows": 33, "Plan Width": 12, "Inner Unique": false, "Plans": [{"Node Type": "Nested Loop", "Parent Relationship": "Outer", "Join Type": "Inner", "Startup Cost": 0.0, "Total Cost": 61387.52, "Plan Rows": 30, "Plan Width": 4, "Inner Unique": false, "Join Filter": "(ct.id = mc.company_type_id)", "Plans": [{"Node Type": "Seq Scan", "Parent Relationship": "Outer", "Relation Name": "company_type", "Alias": "ct", "Startup Cost": 0.0, "Total Cost": 1.04, "Plan Rows": 1, "Plan Width": 4, "Filter": "((kind)::text = 'production companies'::text)"}, {"Node Type": "Seq Scan", "Parent Relationship": "Inner", "Relation Name": "movie_companies", "Alias": "mc", "Startup Cost": 0.0, "Total Cost": 61385.74, "Plan Rows": 59, "Plan Width": 8, "Filter": "(((note)::text ~~ '%(VHS)%'::text) AND ((note)::text ~~ '%(USA)%'::text) AND ((note)::text ~~ '%(1994)%'::text))"}]}, {"Node Type": "Bitmap Heap Scan", "Parent Relationship": "Inner", "Relation Name": "movie_info", "Alias": "mi", "Startup Cost": 4.29, "Total Cost": 24.28, "Plan Rows": 1, "Plan Width": 8, "Recheck Cond": "(movie_id = mc.movie_id)", "Filter": "((info)::text = ANY ('{USA,America}'::text[]))", "Plans": [{"Node Type": "Bitmap Index Scan", "Parent Relationship": "Outer", "Index Name": "movie_id_movie_info", "Startup Cost": 0.0, "Total Cost": 4.29, "Plan Rows": 5, "Plan Width": 0, "Index Cond": "(movie_id = mc.movie_id)"}]}]}, {"Node Type": "Bitmap Heap Scan", "Parent Relationship": "Inner", "Relation Name": "title", "Alias": "t", "Startup Cost": 0.32, "Total Cost": 4.34, "Plan Rows": 1, "Plan Width": 21, "Recheck Cond": "(id = mi.movie_id)", "Filter": "(production_year > 2010)", "Plans": [{"Node Type": "Bitmap Index Scan", "Parent Relationship": "Outer", "Index Name": "title_pkey", "Startup Cost": 0.0, "Total Cost": 0.32, "Plan Rows": 1, "Plan Width": 0, "Index Cond": "(id = mi.movie_id)"}]}]}]}]}]}, "Unique SQL Id": 328306525, "Planner Runtime": 7}, "explain_analyze_plan": {"Plan": {"Node Type": "Aggregate", "Strategy": "Plain", "Startup Cost": 62302.06, "Total Cost": 62302.07, "Plan Rows": 1, "Plan Width": 49, "Actual Startup Time": 948.946, "Actual Total Time": 948.947, "Actual Rows": 1, "Actual Loops": 1, "Plans": [{"Node Type": "Nested Loop", "Parent Relationship": "Outer", "Join Type": "Inner", "Startup Cost": 4.61, "Total Cost": 62302.0, "Plan Rows": 24, "Plan Width": 17, "Actual Startup Time": 948.937, "Actual Total Time": 948.937, "Actual Rows": 0, "Actual Loops": 1, "Inner Unique": false, "Join Filter": "(mi.info_type_id = it.id)", "Rows Removed by Join Filter": 0, "Plans": [{"Node Type": "Seq Scan", "Parent Relationship": "Outer", "Relation Name": "info_type", "Alias": "it", "Startup Cost": 0.0, "Total Cost": 2.12, "Plan Rows": 112, "Plan Width": 4, "Actual Startup Time": 0.024, "Actual Total Time": 0.047, "Actual Rows": 112, "Actual Loops": 1}, {"Node Type": "Materialize", "Parent Relationship": "Inner", "Startup Cost": 4.61, "Total Cost": 62259.62, "Plan Rows": 24, "Plan Width": 21, "Actual Startup Time": 948.862, "Actual Total Time": 948.862, "Actual Rows": 0, "Actual Loops": 112, "Plans": [{"Node Type": "Nested Loop", "Parent Relationship": "Outer", "Join Type": "Inner", "Startup Cost": 4.61, "Total Cost": 62259.5, "Plan Rows": 24, "Plan Width": 21, "Actual Startup Time": 948.851, "Actual Total Time": 948.851, "Actual Rows": 0, "Actual Loops": 1, "Inner Unique": true, "Plans": [{"Node Type": "Nested Loop", "Parent Relationship": "Outer", "Join Type": "Inner", "Startup Cost": 4.29, "Total Cost": 62116.08, "Plan Rows": 33, "Plan Width": 12, "Actual Startup Time": 948.85, "Actual Total Time": 948.85, "Actual Rows": 0, "Actual Loops": 1, "Inner Unique": false, "Plans": [{"Node Type": "Nested Loop", "Parent Relationship": "Outer", "Join Type": "Inner", "Startup Cost": 0.0, "Total Cost": 61387.52, "Plan Rows": 30, "Plan Width": 4, "Actual Startup Time": 948.848, "Actual Total Time": 948.848, "Actual Rows": 0, "Actual Loops": 1, "Inner Unique": false, "Join Filter": "(ct.id = mc.company_type_id)", "Rows Removed by Join Filter": 1418, "Plans": [{"Node Type": "Seq Scan", "Parent Relationship": "Outer", "Relation Name": "company_type", "Alias": "ct", "Startup Cost": 0.0, "Total Cost": 1.04, "Plan Rows": 1, "Plan Width": 4, "Actual Startup Time": 0.009, "Actual Total Time": 0.014, "Actual Rows": 1, "Actual Loops": 1, "Filter": "((kind)::text = 'production companies'::text)", "Rows Removed by Filter": 2}, {"Node Type": "Seq Scan", "Parent Relationship": "Inner", "Relation Name": "movie_companies", "Alias": "mc", "Startup Cost": 0.0, "Total Cost": 61385.74, "Plan Rows": 59, "Plan Width": 8, "Actual Startup Time": 3.999, "Actual Total Time": 948.403, "Actual Rows": 1418, "Actual Loops": 1, "Filter": "(((note)::text ~~ '%(VHS)%'::text) AND ((note)::text ~~ '%(USA)%'::text) AND ((note)::text ~~ '%(1994)%'::text))", "Rows Removed by Filter": 2607710}]}, {"Node Type": "Bitmap Heap Scan", "Parent Relationship": "Inner", "Relation Name": "movie_info", "Alias": "mi", "Startup Cost": 4.29, "Total Cost": 24.28, "Plan Rows": 1, "Plan Width": 8, "Actual Startup Time": 0.0, "Actual Total Time": 0.0, "Recheck Cond": "(movie_id = mc.movie_id)", "Rows Removed by Index Recheck": 0, "Filter": "((info)::text = ANY ('{USA,America}'::text[]))", "Rows Removed by Filter": 0, "Exact Heap Blocks": 0, "Lossy Heap Blocks": 0, "Plans": [{"Node Type": "Bitmap Index Scan", "Parent Relationship": "Outer", "Index Name": "movie_id_movie_info", "Startup Cost": 0.0, "Total Cost": 4.29, "Plan Rows": 5, "Plan Width": 0, "Actual Startup Time": 0.0, "Actual Total Time": 0.0, "Index Cond": "(movie_id = mc.movie_id)"}]}]}, {"Node Type": "Bitmap Heap Scan", "Parent Relationship": "Inner", "Relation Name": "title", "Alias": "t", "Startup Cost": 0.32, "Total Cost": 4.34, "Plan Rows": 1, "Plan Width": 21, "Actual Startup Time": 0.0, "Actual Total Time": 0.0, "Recheck Cond": "(id = mi.movie_id)", "Rows Removed by Index Recheck": 0, "Filter": "(production_year > 2010)", "Rows Removed by Filter": 0, "Exact Heap Blocks": 0, "Lossy Heap Blocks": 0, "Plans": [{"Node Type": "Bitmap Index Scan", "Parent Relationship": "Outer", "Index Name": "title_pkey", "Startup Cost": 0.0, "Total Cost": 0.32, "Plan Rows": 1, "Plan Width": 0, "Actual Startup Time": 0.0, "Actual Total Time": 0.0, "Index Cond": "(id = mi.movie_id)"}]}]}]}]}]}, "Triggers": [], "Planner Runtime": 10.11, "Total Runtime": 949.204, "Unique SQL Id": 328306525}}, "(64, '35')": {"explain_plan": {"Plan": {"Node Type": "Aggregate", "Strategy": "Plain", "Startup Cost": 71749.13, "Total Cost": 71749.14, "Plan Rows": 1, "Plan Width": 49, "Plans": [{"Node Type": "Nested Loop", "Parent Relationship": "Outer", "Join Type": "Inner", "Startup Cost": 28957.62, "Total Cost": 71749.07, "Plan Rows": 24, "Plan Width": 17, "Inner Unique": true, "Plans": [{"Node Type": "Nested Loop", "Parent Relationship": "Outer", "Join Type": "Inner", "Startup Cost": 28957.36, "Total Cost": 71646.35, "Plan Rows": 24, "Plan Width": 21, "Inner Unique": true, "Plans": [{"Node Type": "Nested Loop", "Parent Relationship": "Outer", "Join Type": "Inner", "Startup Cost": 28957.04, "Total Cost": 71502.93, "Plan Rows": 33, "Plan Width": 12, "Inner Unique": false, "Plans": [{"Node Type": "Nested Loop", "Parent Relationship": "Outer", "Join Type": "Inner", "Startup Cost": 28952.75, "Total Cost": 70774.36, "Plan Rows": 30, "Plan Width": 4, "Inner Unique": false, "Plans": [{"Node Type": "Bitmap Heap Scan", "Parent Relationship": "Outer", "Relation Name": "company_type", "Alias": "ct", "Startup Cost": 8.27, "Total Cost": 12.3, "Plan Rows": 1, "Plan Width": 4, "Filter": "((kind)::text = 'production companies'::text)", "Plans": [{"Node Type": "Bitmap Index Scan", "Parent Relationship": "Outer", "Index Name": "company_type_pkey", "Startup Cost": 0.0, "Total Cost": 8.27, "Plan Rows": 3, "Plan Width": 0}]}, {"Node Type": "Bitmap Heap Scan", "Parent Relationship": "Inner", "Relation Name": "movie_companies", "Alias": "mc", "Startup Cost": 28944.49, "Total Cost": 70761.77, "Plan Rows": 29, "Plan Width": 8, "Recheck Cond": "(company_type_id = ct.id)", "Filter": "(((note)::text ~~ '%(VHS)%'::text) AND ((note)::text ~~ '%(USA)%'::text) AND ((note)::text ~~ '%(1994)%'::text))", "Plans": [{"Node Type": "Bitmap Index Scan", "Parent Relationship": "Outer", "Index Name": "company_type_id_movie_companies", "Startup Cost": 0.0, "Total Cost": 28944.48, "Plan Rows": 1304564, "Plan Width": 0, "Index Cond": "(company_type_id = ct.id)"}]}]}, {"Node Type": "Bitmap Heap Scan", "Parent Relationship": "Inner", "Relation Name": "movie_info", "Alias": "mi", "Startup Cost": 4.29, "Total Cost": 24.28, "Plan Rows": 1, "Plan Width": 8, "Recheck Cond": "(movie_id = mc.movie_id)", "Filter": "((info)::text = ANY ('{USA,America}'::text[]))", "Plans": [{"Node Type": "Bitmap Index Scan", "Parent Relationship": "Outer", "Index Name": "movie_id_movie_info", "Startup Cost": 0.0, "Total Cost": 4.29, "Plan Rows": 5, "Plan Width": 0, "Index Cond": "(movie_id = mc.movie_id)"}]}]}, {"Node Type": "Bitmap Heap Scan", "Parent Relationship": "Inner", "Relation Name": "title", "Alias": "t", "Startup Cost": 0.32, "Total Cost": 4.34, "Plan Rows": 1, "Plan Width": 21, "Recheck Cond": "(id = mi.movie_id)", "Filter": "(production_year > 2010)", "Plans": [{"Node Type": "Bitmap Index Scan", "Parent Relationship": "Outer", "Index Name": "title_pkey", "Startup Cost": 0.0, "Total Cost": 0.32, "Plan Rows": 1, "Plan Width": 0, "Index Cond": "(id = mi.movie_id)"}]}]}, {"Node Type": "Bitmap Heap Scan", "Parent Relationship": "Inner", "Relation Name": "info_type", "Alias": "it", "Startup Cost": 0.26, "Total Cost": 4.27, "Plan Rows": 1, "Plan Width": 4, "Recheck Cond": "(id = mi.info_type_id)", "Plans": [{"Node Type": "Bitmap Index Scan", "Parent Relationship": "Outer", "Index Name": "info_type_pkey", "Startup Cost": 0.0, "Total Cost": 0.26, "Plan Rows": 1, "Plan Width": 0, "Index Cond": "(id = mi.info_type_id)"}]}]}]}, "Unique SQL Id": 328306525, "Planner Runtime": 4}, "explain_analyze_plan": {"Plan": {"Node Type": "Aggregate", "Strategy": "Plain", "Startup Cost": 71749.13, "Total Cost": 71749.14, "Plan Rows": 1, "Plan Width": 49, "Actual Startup Time": 576.153, "Actual Total Time": 576.154, "Actual Rows": 1, "Actual Loops": 1, "Plans": [{"Node Type": "Nested Loop", "Parent Relationship": "Outer", "Join Type": "Inner", "Startup Cost": 28957.62, "Total Cost": 71749.07, "Plan Rows": 24, "Plan Width": 17, "Actual Startup Time": 576.145, "Actual Total Time": 576.145, "Actual Rows": 0, "Actual Loops": 1, "Inner Unique": true, "Plans": [{"Node Type": "Nested Loop", "Parent Relationship": "Outer", "Join Type": "Inner", "Startup Cost": 28957.36, "Total Cost": 71646.35, "Plan Rows": 24, "Plan Width": 21, "Actual Startup Time": 576.144, "Actual Total Time": 576.144, "Actual Rows": 0, "Actual Loops": 1, "Inner Unique": true, "Plans": [{"Node Type": "Nested Loop", "Parent Relationship": "Outer", "Join Type": "Inner", "Startup Cost": 28957.04, "Total Cost": 71502.93, "Plan Rows": 33, "Plan Width": 12, "Actual Startup Time": 576.143, "Actual Total Time": 576.143, "Actual Rows": 0, "Actual Loops": 1, "Inner Unique": false, "Plans": [{"Node Type": "Nested Loop", "Parent Relationship": "Outer", "Join Type": "Inner", "Startup Cost": 28952.75, "Total Cost": 70774.36, "Plan Rows": 30, "Plan Width": 4, "Actual Startup Time": 576.141, "Actual Total Time": 576.141, "Actual Rows": 0, "Actual Loops": 1, "Inner Unique": false, "Plans": [{"Node Type": "Bitmap Heap Scan", "Parent Relationship": "Outer", "Relation Name": "company_type", "Alias": "ct", "Startup Cost": 8.27, "Total Cost": 12.3, "Plan Rows": 1, "Plan Width": 4, "Actual Startup Time": 0.029, "Actual Total Time": 0.034, "Actual Rows": 1, "Actual Loops": 1, "Filter": "((kind)::text = 'production companies'::text)", "Rows Removed by Filter": 2, "Exact Heap Blocks": 1, "Lossy Heap Blocks": 1, "Plans": [{"Node Type": "Bitmap Index Scan", "Parent Relationship": "Outer", "Index Name": "company_type_pkey", "Startup Cost": 0.0, "Total Cost": 8.27, "Plan Rows": 3, "Plan Width": 0, "Actual Startup Time": 0.009, "Actual Total Time": 0.009, "Actual Rows": 3, "Actual Loops": 1}]}, {"Node Type": "Bitmap Heap Scan", "Parent Relationship": "Inner", "Relation Name": "movie_companies", "Alias": "mc", "Startup Cost": 28944.49, "Total Cost": 70761.77, "Plan Rows": 29, "Plan Width": 8, "Actual Startup Time": 576.098, "Actual Total Time": 576.098, "Actual Rows": 0, "Actual Loops": 1, "Recheck Cond": "(company_type_id = ct.id)", "Rows Removed by Index Recheck": 0, "Filter": "(((note)::text ~~ '%(VHS)%'::text) AND ((note)::text ~~ '%(USA)%'::text) AND ((note)::text ~~ '%(1994)%'::text))", "Rows Removed by Filter": 1334883, "Exact Heap Blocks": 6196, "Lossy Heap Blocks": 6196, "Plans": [{"Node Type": "Bitmap Index Scan", "Parent Relationship": "Outer", "Index Name": "company_type_id_movie_companies", "Startup Cost": 0.0, "Total Cost": 28944.48, "Plan Rows": 1304564, "Plan Width": 0, "Actual Startup Time": 146.94, "Actual Total Time": 146.94, "Actual Rows": 1334883, "Actual Loops": 1, "Index Cond": "(company_type_id = ct.id)"}]}]}, {"Node Type": "Bitmap Heap Scan", "Parent Relationship": "Inner", "Relation Name": "movie_info", "Alias": "mi", "Startup Cost": 4.29, "Total Cost": 24.28, "Plan Rows": 1, "Plan Width": 8, "Actual Startup Time": 0.0, "Actual Total Time": 0.0, "Recheck Cond": "(movie_id = mc.movie_id)", "Rows Removed by Index Recheck": 0, "Filter": "((info)::text = ANY ('{USA,America}'::text[]))", "Rows Removed by Filter": 0, "Exact Heap Blocks": 0, "Lossy Heap Blocks": 0, "Plans": [{"Node Type": "Bitmap Index Scan", "Parent Relationship": "Outer", "Index Name": "movie_id_movie_info", "Startup Cost": 0.0, "Total Cost": 4.29, "Plan Rows": 5, "Plan Width": 0, "Actual Startup Time": 0.0, "Actual Total Time": 0.0, "Index Cond": "(movie_id = mc.movie_id)"}]}]}, {"Node Type": "Bitmap Heap Scan", "Parent Relationship": "Inner", "Relation Name": "title", "Alias": "t", "Startup Cost": 0.32, "Total Cost": 4.34, "Plan Rows": 1, "Plan Width": 21, "Actual Startup Time": 0.0, "Actual Total Time": 0.0, "Recheck Cond": "(id = mi.movie_id)", "Rows Removed by Index Recheck": 0, "Filter": "(production_year > 2010)", "Rows Removed by Filter": 0, "Exact Heap Blocks": 0, "Lossy Heap Blocks": 0, "Plans": [{"Node Type": "Bitmap Index Scan", "Parent Relationship": "Outer", "Index Name": "title_pkey", "Startup Cost": 0.0, "Total Cost": 0.32, "Plan Rows": 1, "Plan Width": 0, "Actual Startup Time": 0.0, "Actual Total Time": 0.0, "Index Cond": "(id = mi.movie_id)"}]}]}, {"Node Type": "Bitmap Heap Scan", "Parent Relationship": "Inner", "Relation Name": "info_type", "Alias": "it", "Startup Cost": 0.26, "Total Cost": 4.27, "Plan Rows": 1, "Plan Width": 4, "Actual Startup Time": 0.0, "Actual Total Time": 0.0, "Recheck Cond": "(id = mi.info_type_id)", "Rows Removed by Index Recheck": 0, "Exact Heap Blocks": 0, "Lossy Heap Blocks": 0, "Plans": [{"Node Type": "Bitmap Index Scan", "Parent Relationship": "Outer", "Index Name": "info_type_pkey", "Startup Cost": 0.0, "Total Cost": 0.26, "Plan Rows": 1, "Plan Width": 0, "Actual Startup Time": 0.0, "Actual Total Time": 0.0, "Index Cond": "(id = mi.info_type_id)"}]}]}]}, "Triggers": [], "Planner Runtime": 8.36, "Total Runtime": 576.478, "Unique SQL Id": 328306525}}, "(64, '36')": {"explain_plan": {"Plan": {"Node Type": "Aggregate", "Strategy": "Plain", "Startup Cost": 61721.76, "Total Cost": 61721.77, "Plan Rows": 1, "Plan Width": 49, "Plans": [{"Node Type": "Nested Loop", "Parent Relationship": "Outer", "Join Type": "Inner", "Startup Cost": 0.0, "Total Cost": 61721.7, "Plan Rows": 24, "Plan Width": 17, "Inner Unique": true, "Plans": [{"Node Type": "Nested Loop", "Parent Relationship": "Outer", "Join Type": "Inner", "Startup Cost": 0.0, "Total Cost": 61714.98, "Plan Rows": 24, "Plan Width": 21, "Inner Unique": false, "Plans": [{"Node Type": "Nested Loop", "Parent Relationship": "Outer", "Join Type": "Inner", "Startup Cost": 0.0, "Total Cost": 61635.99, "Plan Rows": 32, "Plan Width": 25, "Inner Unique": true, "Plans": [{"Node Type": "Nested Loop", "Parent Relationship": "Outer", "Join Type": "Inner", "Startup Cost": 0.0, "Total Cost": 61387.52, "Plan Rows": 30, "Plan Width": 4, "Inner Unique": false, "Join Filter": "(ct.id = mc.company_type_id)", "Plans": [{"Node Type": "Seq Scan", "Parent Relationship": "Outer", "Relation Name": "company_type", "Alias": "ct", "Startup Cost": 0.0, "Total Cost": 1.04, "Plan Rows": 1, "Plan Width": 4, "Filter": "((kind)::text = 'production companies'::text)"}, {"Node Type": "Seq Scan", "Parent Relationship": "Inner", "Relation Name": "movie_companies", "Alias": "mc", "Startup Cost": 0.0, "Total Cost": 61385.74, "Plan Rows": 59, "Plan Width": 8, "Filter": "(((note)::text ~~ '%(VHS)%'::text) AND ((note)::text ~~ '%(USA)%'::text) AND ((note)::text ~~ '%(1994)%'::text))"}]}, {"Node Type": "Index Scan", "Parent Relationship": "Inner", "Scan Direction": "Forward", "Index Name": "title_pkey", "Relation Name": "title", "Alias": "t", "Startup Cost": 0.0, "Total Cost": 8.27, "Plan Rows": 1, "Plan Width": 21, "Index Cond": "(id = mc.movie_id)", "Filter": "(production_year > 2010)"}]}, {"Node Type": "Index Scan", "Parent Relationship": "Inner", "Scan Direction": "Forward", "Index Name": "movie_id_movie_info", "Relation Name": "movie_info", "Alias": "mi", "Startup Cost": 0.0, "Total Cost": 2.46, "Plan Rows": 1, "Plan Width": 8, "Index Cond": "(movie_id = t.id)", "Filter": "((info)::text = ANY ('{USA,America}'::text[]))"}]}, {"Node Type": "Index Scan", "Parent Relationship": "Inner", "Scan Direction": "Forward", "Index Name": "info_type_pkey", "Relation Name": "info_type", "Alias": "it", "Startup Cost": 0.0, "Total Cost": 0.27, "Plan Rows": 1, "Plan Width": 4, "Index Cond": "(id = mi.info_type_id)"}]}]}, "Unique SQL Id": 328306525, "Planner Runtime": 6}, "explain_analyze_plan": {"Plan": {"Node Type": "Aggregate", "Strategy": "Plain", "Startup Cost": 61721.76, "Total Cost": 61721.77, "Plan Rows": 1, "Plan Width": 49, "Actual Startup Time": 945.137, "Actual Total Time": 945.138, "Actual Rows": 1, "Actual Loops": 1, "Plans": [{"Node Type": "Nested Loop", "Parent Relationship": "Outer", "Join Type": "Inner", "Startup Cost": 0.0, "Total Cost": 61721.7, "Plan Rows": 24, "Plan Width": 17, "Actual Startup Time": 945.129, "Actual Total Time": 945.129, "Actual Rows": 0, "Actual Loops": 1, "Inner Unique": true, "Plans": [{"Node Type": "Nested Loop", "Parent Relationship": "Outer", "Join Type": "Inner", "Startup Cost": 0.0, "Total Cost": 61714.98, "Plan Rows": 24, "Plan Width": 21, "Actual Startup Time": 945.128, "Actual Total Time": 945.128, "Actual Rows": 0, "Actual Loops": 1, "Inner Unique": false, "Plans": [{"Node Type": "Nested Loop", "Parent Relationship": "Outer", "Join Type": "Inner", "Startup Cost": 0.0, "Total Cost": 61635.99, "Plan Rows": 32, "Plan Width": 25, "Actual Startup Time": 945.127, "Actual Total Time": 945.127, "Actual Rows": 0, "Actual Loops": 1, "Inner Unique": true, "Plans": [{"Node Type": "Nested Loop", "Parent Relationship": "Outer", "Join Type": "Inner", "Startup Cost": 0.0, "Total Cost": 61387.52, "Plan Rows": 30, "Plan Width": 4, "Actual Startup Time": 945.125, "Actual Total Time": 945.125, "Actual Rows": 0, "Actual Loops": 1, "Inner Unique": false, "Join Filter": "(ct.id = mc.company_type_id)", "Rows Removed by Join Filter": 1418, "Plans": [{"Node Type": "Seq Scan", "Parent Relationship": "Outer", "Relation Name": "company_type", "Alias": "ct", "Startup Cost": 0.0, "Total Cost": 1.04, "Plan Rows": 1, "Plan Width": 4, "Actual Startup Time": 0.021, "Actual Total Time": 0.027, "Actual Rows": 1, "Actual Loops": 1, "Filter": "((kind)::text = 'production companies'::text)", "Rows Removed by Filter": 2}, {"Node Type": "Seq Scan", "Parent Relationship": "Inner", "Relation Name": "movie_companies", "Alias": "mc", "Startup Cost": 0.0, "Total Cost": 61385.74, "Plan Rows": 59, "Plan Width": 8, "Actual Startup Time": 3.882, "Actual Total Time": 944.67, "Actual Rows": 1418, "Actual Loops": 1, "Filter": "(((note)::text ~~ '%(VHS)%'::text) AND ((note)::text ~~ '%(USA)%'::text) AND ((note)::text ~~ '%(1994)%'::text))", "Rows Removed by Filter": 2607710}]}, {"Node Type": "Index Scan", "Parent Relationship": "Inner", "Scan Direction": "Forward", "Index Name": "title_pkey", "Relation Name": "title", "Alias": "t", "Startup Cost": 0.0, "Total Cost": 8.27, "Plan Rows": 1, "Plan Width": 21, "Actual Startup Time": 0.0, "Actual Total Time": 0.0, "Index Cond": "(id = mc.movie_id)", "Rows Removed by Index Recheck": 0, "Filter": "(production_year > 2010)", "Rows Removed by Filter": 0}]}, {"Node Type": "Index Scan", "Parent Relationship": "Inner", "Scan Direction": "Forward", "Index Name": "movie_id_movie_info", "Relation Name": "movie_info", "Alias": "mi", "Startup Cost": 0.0, "Total Cost": 2.46, "Plan Rows": 1, "Plan Width": 8, "Actual Startup Time": 0.0, "Actual Total Time": 0.0, "Index Cond": "(movie_id = t.id)", "Rows Removed by Index Recheck": 0, "Filter": "((info)::text = ANY ('{USA,America}'::text[]))", "Rows Removed by Filter": 0}]}, {"Node Type": "Index Scan", "Parent Relationship": "Inner", "Scan Direction": "Forward", "Index Name": "info_type_pkey", "Relation Name": "info_type", "Alias": "it", "Startup Cost": 0.0, "Total Cost": 0.27, "Plan Rows": 1, "Plan Width": 4, "Actual Startup Time": 0.0, "Actual Total Time": 0.0, "Index Cond": "(id = mi.info_type_id)", "Rows Removed by Index Recheck": 0}]}]}, "Triggers": [], "Planner Runtime": 9.643, "Total Runtime": 945.575, "Unique SQL Id": 328306525}}, "(64, '37')": {"explain_plan": {"Plan": {"Node Type": "Aggregate", "Strategy": "Plain", "Startup Cost": 63248.6, "Total Cost": 63248.61, "Plan Rows": 1, "Plan Width": 49, "Plans": [{"Node Type": "Nested Loop", "Parent Relationship": "Outer", "Join Type": "Inner", "Startup Cost": 0.0, "Total Cost": 63248.54, "Plan Rows": 24, "Plan Width": 17, "Inner Unique": true, "Plans": [{"Node Type": "Nested Loop", "Parent Relationship": "Outer", "Join Type": "Inner", "Startup Cost": 0.0, "Total Cost": 63241.82, "Plan Rows": 24, "Plan Width": 21, "Inner Unique": false, "Plans": [{"Node Type": "Nested Loop", "Parent Relationship": "Outer", "Join Type": "Inner", "Startup Cost": 0.0, "Total Cost": 63162.83, "Plan Rows": 32, "Plan Width": 25, "Inner Unique": true, "Plans": [{"Node Type": "Nested Loop", "Parent Relationship": "Outer", "Join Type": "Inner", "Startup Cost": 0.0, "Total Cost": 62914.35, "Plan Rows": 30, "Plan Width": 4, "Inner Unique": false, "Plans": [{"Node Type": "Index Scan", "Parent Relationship": "Outer", "Scan Direction": "Forward", "Index Name": "company_type_pkey", "Relation Name": "company_type", "Alias": "ct", "Startup Cost": 0.0, "Total Cost": 12.3, "Plan Rows": 1, "Plan Width": 4, "Filter": "((kind)::text = 'production companies'::text)"}, {"Node Type": "Index Scan", "Parent Relationship": "Inner", "Scan Direction": "Forward", "Index Name": "company_type_id_movie_companies", "Relation Name": "movie_companies", "Alias": "mc", "Startup Cost": 0.0, "Total Cost": 62901.76, "Plan Rows": 29, "Plan Width": 8, "Index Cond": "(company_type_id = ct.id)", "Filter": "(((note)::text ~~ '%(VHS)%'::text) AND ((note)::text ~~ '%(USA)%'::text) AND ((note)::text ~~ '%(1994)%'::text))"}]}, {"Node Type": "Index Scan", "Parent Relationship": "Inner", "Scan Direction": "Forward", "Index Name": "title_pkey", "Relation Name": "title", "Alias": "t", "Startup Cost": 0.0, "Total Cost": 8.27, "Plan Rows": 1, "Plan Width": 21, "Index Cond": "(id = mc.movie_id)", "Filter": "(production_year > 2010)"}]}, {"Node Type": "Index Scan", "Parent Relationship": "Inner", "Scan Direction": "Forward", "Index Name": "movie_id_movie_info", "Relation Name": "movie_info", "Alias": "mi", "Startup Cost": 0.0, "Total Cost": 2.46, "Plan Rows": 1, "Plan Width": 8, "Index Cond": "(movie_id = t.id)", "Filter": "((info)::text = ANY ('{USA,America}'::text[]))"}]}, {"Node Type": "Index Scan", "Parent Relationship": "Inner", "Scan Direction": "Forward", "Index Name": "info_type_pkey", "Relation Name": "info_type", "Alias": "it", "Startup Cost": 0.0, "Total Cost": 0.27, "Plan Rows": 1, "Plan Width": 4, "Index Cond": "(id = mi.info_type_id)"}]}]}, "Unique SQL Id": 328306525, "Planner Runtime": 5}, "explain_analyze_plan": {"Plan": {"Node Type": "Aggregate", "Strategy": "Plain", "Startup Cost": 63248.6, "Total Cost": 63248.61, "Plan Rows": 1, "Plan Width": 49, "Actual Startup Time": 707.469, "Actual Total Time": 707.469, "Actual Rows": 1, "Actual Loops": 1, "Plans": [{"Node Type": "Nested Loop", "Parent Relationship": "Outer", "Join Type": "Inner", "Startup Cost": 0.0, "Total Cost": 63248.54, "Plan Rows": 24, "Plan Width": 17, "Actual Startup Time": 707.462, "Actual Total Time": 707.462, "Actual Rows": 0, "Actual Loops": 1, "Inner Unique": true, "Plans": [{"Node Type": "Nested Loop", "Parent Relationship": "Outer", "Join Type": "Inner", "Startup Cost": 0.0, "Total Cost": 63241.82, "Plan Rows": 24, "Plan Width": 21, "Actual Startup Time": 707.46, "Actual Total Time": 707.46, "Actual Rows": 0, "Actual Loops": 1, "Inner Unique": false, "Plans": [{"Node Type": "Nested Loop", "Parent Relationship": "Outer", "Join Type": "Inner", "Startup Cost": 0.0, "Total Cost": 63162.83, "Plan Rows": 32, "Plan Width": 25, "Actual Startup Time": 707.458, "Actual Total Time": 707.458, "Actual Rows": 0, "Actual Loops": 1, "Inner Unique": true, "Plans": [{"Node Type": "Nested Loop", "Parent Relationship": "Outer", "Join Type": "Inner", "Startup Cost": 0.0, "Total Cost": 62914.35, "Plan Rows": 30, "Plan Width": 4, "Actual Startup Time": 707.457, "Actual Total Time": 707.457, "Actual Rows": 0, "Actual Loops": 1, "Inner Unique": false, "Plans": [{"Node Type": "Index Scan", "Parent Relationship": "Outer", "Scan Direction": "Forward", "Index Name": "company_type_pkey", "Relation Name": "company_type", "Alias": "ct", "Startup Cost": 0.0, "Total Cost": 12.3, "Plan Rows": 1, "Plan Width": 4, "Actual Startup Time": 0.015, "Actual Total Time": 0.026, "Actual Rows": 1, "Actual Loops": 1, "Filter": "((kind)::text = 'production companies'::text)", "Rows Removed by Filter": 2}, {"Node Type": "Index Scan", "Parent Relationship": "Inner", "Scan Direction": "Forward", "Index Name": "company_type_id_movie_companies", "Relation Name": "movie_companies", "Alias": "mc", "Startup Cost": 0.0, "Total Cost": 62901.76, "Plan Rows": 29, "Plan Width": 8, "Actual Startup Time": 707.424, "Actual Total Time": 707.424, "Actual Rows": 0, "Actual Loops": 1, "Index Cond": "(company_type_id = ct.id)", "Rows Removed by Index Recheck": 0, "Filter": "(((note)::text ~~ '%(VHS)%'::text) AND ((note)::text ~~ '%(USA)%'::text) AND ((note)::text ~~ '%(1994)%'::text))", "Rows Removed by Filter": 1334883}]}, {"Node Type": "Index Scan", "Parent Relationship": "Inner", "Scan Direction": "Forward", "Index Name": "title_pkey", "Relation Name": "title", "Alias": "t", "Startup Cost": 0.0, "Total Cost": 8.27, "Plan Rows": 1, "Plan Width": 21, "Actual Startup Time": 0.0, "Actual Total Time": 0.0, "Index Cond": "(id = mc.movie_id)", "Rows Removed by Index Recheck": 0, "Filter": "(production_year > 2010)", "Rows Removed by Filter": 0}]}, {"Node Type": "Index Scan", "Parent Relationship": "Inner", "Scan Direction": "Forward", "Index Name": "movie_id_movie_info", "Relation Name": "movie_info", "Alias": "mi", "Startup Cost": 0.0, "Total Cost": 2.46, "Plan Rows": 1, "Plan Width": 8, "Actual Startup Time": 0.0, "Actual Total Time": 0.0, "Index Cond": "(movie_id = t.id)", "Rows Removed by Index Recheck": 0, "Filter": "((info)::text = ANY ('{USA,America}'::text[]))", "Rows Removed by Filter": 0}]}, {"Node Type": "Index Scan", "Parent Relationship": "Inner", "Scan Direction": "Forward", "Index Name": "info_type_pkey", "Relation Name": "info_type", "Alias": "it", "Startup Cost": 0.0, "Total Cost": 0.27, "Plan Rows": 1, "Plan Width": 4, "Actual Startup Time": 0.0, "Actual Total Time": 0.0, "Index Cond": "(id = mi.info_type_id)", "Rows Removed by Index Recheck": 0}]}]}, "Triggers": [], "Planner Runtime": 9.381, "Total Runtime": 707.729, "Unique SQL Id": 328306525}}, "(64, '38')": {"explain_plan": {"Plan": {"Node Type": "Aggregate", "Strategy": "Plain", "Startup Cost": 62302.06, "Total Cost": 62302.07, "Plan Rows": 1, "Plan Width": 49, "Plans": [{"Node Type": "Nested Loop", "Parent Relationship": "Outer", "Join Type": "Inner", "Startup Cost": 4.61, "Total Cost": 62302.0, "Plan Rows": 24, "Plan Width": 17, "Inner Unique": false, "Join Filter": "(mi.info_type_id = it.id)", "Plans": [{"Node Type": "Seq Scan", "Parent Relationship": "Outer", "Relation Name": "info_type", "Alias": "it", "Startup Cost": 0.0, "Total Cost": 2.12, "Plan Rows": 112, "Plan Width": 4}, {"Node Type": "Materialize", "Parent Relationship": "Inner", "Startup Cost": 4.61, "Total Cost": 62259.62, "Plan Rows": 24, "Plan Width": 21, "Plans": [{"Node Type": "Nested Loop", "Parent Relationship": "Outer", "Join Type": "Inner", "Startup Cost": 4.61, "Total Cost": 62259.5, "Plan Rows": 24, "Plan Width": 21, "Inner Unique": true, "Plans": [{"Node Type": "Nested Loop", "Parent Relationship": "Outer", "Join Type": "Inner", "Startup Cost": 4.29, "Total Cost": 62116.08, "Plan Rows": 33, "Plan Width": 12, "Inner Unique": false, "Plans": [{"Node Type": "Nested Loop", "Parent Relationship": "Outer", "Join Type": "Inner", "Startup Cost": 0.0, "Total Cost": 61387.52, "Plan Rows": 30, "Plan Width": 4, "Inner Unique": false, "Join Filter": "(ct.id = mc.company_type_id)", "Plans": [{"Node Type": "Seq Scan", "Parent Relationship": "Outer", "Relation Name": "company_type", "Alias": "ct", "Startup Cost": 0.0, "Total Cost": 1.04, "Plan Rows": 1, "Plan Width": 4, "Filter": "((kind)::text = 'production companies'::text)"}, {"Node Type": "Seq Scan", "Parent Relationship": "Inner", "Relation Name": "movie_companies", "Alias": "mc", "Startup Cost": 0.0, "Total Cost": 61385.74, "Plan Rows": 59, "Plan Width": 8, "Filter": "(((note)::text ~~ '%(VHS)%'::text) AND ((note)::text ~~ '%(USA)%'::text) AND ((note)::text ~~ '%(1994)%'::text))"}]}, {"Node Type": "Bitmap Heap Scan", "Parent Relationship": "Inner", "Relation Name": "movie_info", "Alias": "mi", "Startup Cost": 4.29, "Total Cost": 24.28, "Plan Rows": 1, "Plan Width": 8, "Recheck Cond": "(movie_id = mc.movie_id)", "Filter": "((info)::text = ANY ('{USA,America}'::text[]))", "Plans": [{"Node Type": "Bitmap Index Scan", "Parent Relationship": "Outer", "Index Name": "movie_id_movie_info", "Startup Cost": 0.0, "Total Cost": 4.29, "Plan Rows": 5, "Plan Width": 0, "Index Cond": "(movie_id = mc.movie_id)"}]}]}, {"Node Type": "Bitmap Heap Scan", "Parent Relationship": "Inner", "Relation Name": "title", "Alias": "t", "Startup Cost": 0.32, "Total Cost": 4.34, "Plan Rows": 1, "Plan Width": 21, "Recheck Cond": "(id = mi.movie_id)", "Filter": "(production_year > 2010)", "Plans": [{"Node Type": "Bitmap Index Scan", "Parent Relationship": "Outer", "Index Name": "title_pkey", "Startup Cost": 0.0, "Total Cost": 0.32, "Plan Rows": 1, "Plan Width": 0, "Index Cond": "(id = mi.movie_id)"}]}]}]}]}]}, "Unique SQL Id": 328306525, "Planner Runtime": 7}, "explain_analyze_plan": {"Plan": {"Node Type": "Aggregate", "Strategy": "Plain", "Startup Cost": 62302.06, "Total Cost": 62302.07, "Plan Rows": 1, "Plan Width": 49, "Actual Startup Time": 948.946, "Actual Total Time": 948.947, "Actual Rows": 1, "Actual Loops": 1, "Plans": [{"Node Type": "Nested Loop", "Parent Relationship": "Outer", "Join Type": "Inner", "Startup Cost": 4.61, "Total Cost": 62302.0, "Plan Rows": 24, "Plan Width": 17, "Actual Startup Time": 948.937, "Actual Total Time": 948.937, "Actual Rows": 0, "Actual Loops": 1, "Inner Unique": false, "Join Filter": "(mi.info_type_id = it.id)", "Rows Removed by Join Filter": 0, "Plans": [{"Node Type": "Seq Scan", "Parent Relationship": "Outer", "Relation Name": "info_type", "Alias": "it", "Startup Cost": 0.0, "Total Cost": 2.12, "Plan Rows": 112, "Plan Width": 4, "Actual Startup Time": 0.024, "Actual Total Time": 0.047, "Actual Rows": 112, "Actual Loops": 1}, {"Node Type": "Materialize", "Parent Relationship": "Inner", "Startup Cost": 4.61, "Total Cost": 62259.62, "Plan Rows": 24, "Plan Width": 21, "Actual Startup Time": 948.862, "Actual Total Time": 948.862, "Actual Rows": 0, "Actual Loops": 112, "Plans": [{"Node Type": "Nested Loop", "Parent Relationship": "Outer", "Join Type": "Inner", "Startup Cost": 4.61, "Total Cost": 62259.5, "Plan Rows": 24, "Plan Width": 21, "Actual Startup Time": 948.851, "Actual Total Time": 948.851, "Actual Rows": 0, "Actual Loops": 1, "Inner Unique": true, "Plans": [{"Node Type": "Nested Loop", "Parent Relationship": "Outer", "Join Type": "Inner", "Startup Cost": 4.29, "Total Cost": 62116.08, "Plan Rows": 33, "Plan Width": 12, "Actual Startup Time": 948.85, "Actual Total Time": 948.85, "Actual Rows": 0, "Actual Loops": 1, "Inner Unique": false, "Plans": [{"Node Type": "Nested Loop", "Parent Relationship": "Outer", "Join Type": "Inner", "Startup Cost": 0.0, "Total Cost": 61387.52, "Plan Rows": 30, "Plan Width": 4, "Actual Startup Time": 948.848, "Actual Total Time": 948.848, "Actual Rows": 0, "Actual Loops": 1, "Inner Unique": false, "Join Filter": "(ct.id = mc.company_type_id)", "Rows Removed by Join Filter": 1418, "Plans": [{"Node Type": "Seq Scan", "Parent Relationship": "Outer", "Relation Name": "company_type", "Alias": "ct", "Startup Cost": 0.0, "Total Cost": 1.04, "Plan Rows": 1, "Plan Width": 4, "Actual Startup Time": 0.009, "Actual Total Time": 0.014, "Actual Rows": 1, "Actual Loops": 1, "Filter": "((kind)::text = 'production companies'::text)", "Rows Removed by Filter": 2}, {"Node Type": "Seq Scan", "Parent Relationship": "Inner", "Relation Name": "movie_companies", "Alias": "mc", "Startup Cost": 0.0, "Total Cost": 61385.74, "Plan Rows": 59, "Plan Width": 8, "Actual Startup Time": 3.999, "Actual Total Time": 948.403, "Actual Rows": 1418, "Actual Loops": 1, "Filter": "(((note)::text ~~ '%(VHS)%'::text) AND ((note)::text ~~ '%(USA)%'::text) AND ((note)::text ~~ '%(1994)%'::text))", "Rows Removed by Filter": 2607710}]}, {"Node Type": "Bitmap Heap Scan", "Parent Relationship": "Inner", "Relation Name": "movie_info", "Alias": "mi", "Startup Cost": 4.29, "Total Cost": 24.28, "Plan Rows": 1, "Plan Width": 8, "Actual Startup Time": 0.0, "Actual Total Time": 0.0, "Recheck Cond": "(movie_id = mc.movie_id)", "Rows Removed by Index Recheck": 0, "Filter": "((info)::text = ANY ('{USA,America}'::text[]))", "Rows Removed by Filter": 0, "Exact Heap Blocks": 0, "Lossy Heap Blocks": 0, "Plans": [{"Node Type": "Bitmap Index Scan", "Parent Relationship": "Outer", "Index Name": "movie_id_movie_info", "Startup Cost": 0.0, "Total Cost": 4.29, "Plan Rows": 5, "Plan Width": 0, "Actual Startup Time": 0.0, "Actual Total Time": 0.0, "Index Cond": "(movie_id = mc.movie_id)"}]}]}, {"Node Type": "Bitmap Heap Scan", "Parent Relationship": "Inner", "Relation Name": "title", "Alias": "t", "Startup Cost": 0.32, "Total Cost": 4.34, "Plan Rows": 1, "Plan Width": 21, "Actual Startup Time": 0.0, "Actual Total Time": 0.0, "Recheck Cond": "(id = mi.movie_id)", "Rows Removed by Index Recheck": 0, "Filter": "(production_year > 2010)", "Rows Removed by Filter": 0, "Exact Heap Blocks": 0, "Lossy Heap Blocks": 0, "Plans": [{"Node Type": "Bitmap Index Scan", "Parent Relationship": "Outer", "Index Name": "title_pkey", "Startup Cost": 0.0, "Total Cost": 0.32, "Plan Rows": 1, "Plan Width": 0, "Actual Startup Time": 0.0, "Actual Total Time": 0.0, "Index Cond": "(id = mi.movie_id)"}]}]}]}]}]}, "Triggers": [], "Planner Runtime": 10.11, "Total Runtime": 949.204, "Unique SQL Id": 328306525}}, "(64, '39')": {"explain_plan": {"Plan": {"Node Type": "Aggregate", "Strategy": "Plain", "Startup Cost": 71749.13, "Total Cost": 71749.14, "Plan Rows": 1, "Plan Width": 49, "Plans": [{"Node Type": "Nested Loop", "Parent Relationship": "Outer", "Join Type": "Inner", "Startup Cost": 28957.62, "Total Cost": 71749.07, "Plan Rows": 24, "Plan Width": 17, "Inner Unique": true, "Plans": [{"Node Type": "Nested Loop", "Parent Relationship": "Outer", "Join Type": "Inner", "Startup Cost": 28957.36, "Total Cost": 71646.35, "Plan Rows": 24, "Plan Width": 21, "Inner Unique": true, "Plans": [{"Node Type": "Nested Loop", "Parent Relationship": "Outer", "Join Type": "Inner", "Startup Cost": 28957.04, "Total Cost": 71502.93, "Plan Rows": 33, "Plan Width": 12, "Inner Unique": false, "Plans": [{"Node Type": "Nested Loop", "Parent Relationship": "Outer", "Join Type": "Inner", "Startup Cost": 28952.75, "Total Cost": 70774.36, "Plan Rows": 30, "Plan Width": 4, "Inner Unique": false, "Plans": [{"Node Type": "Bitmap Heap Scan", "Parent Relationship": "Outer", "Relation Name": "company_type", "Alias": "ct", "Startup Cost": 8.27, "Total Cost": 12.3, "Plan Rows": 1, "Plan Width": 4, "Filter": "((kind)::text = 'production companies'::text)", "Plans": [{"Node Type": "Bitmap Index Scan", "Parent Relationship": "Outer", "Index Name": "company_type_pkey", "Startup Cost": 0.0, "Total Cost": 8.27, "Plan Rows": 3, "Plan Width": 0}]}, {"Node Type": "Bitmap Heap Scan", "Parent Relationship": "Inner", "Relation Name": "movie_companies", "Alias": "mc", "Startup Cost": 28944.49, "Total Cost": 70761.77, "Plan Rows": 29, "Plan Width": 8, "Recheck Cond": "(company_type_id = ct.id)", "Filter": "(((note)::text ~~ '%(VHS)%'::text) AND ((note)::text ~~ '%(USA)%'::text) AND ((note)::text ~~ '%(1994)%'::text))", "Plans": [{"Node Type": "Bitmap Index Scan", "Parent Relationship": "Outer", "Index Name": "company_type_id_movie_companies", "Startup Cost": 0.0, "Total Cost": 28944.48, "Plan Rows": 1304564, "Plan Width": 0, "Index Cond": "(company_type_id = ct.id)"}]}]}, {"Node Type": "Bitmap Heap Scan", "Parent Relationship": "Inner", "Relation Name": "movie_info", "Alias": "mi", "Startup Cost": 4.29, "Total Cost": 24.28, "Plan Rows": 1, "Plan Width": 8, "Recheck Cond": "(movie_id = mc.movie_id)", "Filter": "((info)::text = ANY ('{USA,America}'::text[]))", "Plans": [{"Node Type": "Bitmap Index Scan", "Parent Relationship": "Outer", "Index Name": "movie_id_movie_info", "Startup Cost": 0.0, "Total Cost": 4.29, "Plan Rows": 5, "Plan Width": 0, "Index Cond": "(movie_id = mc.movie_id)"}]}]}, {"Node Type": "Bitmap Heap Scan", "Parent Relationship": "Inner", "Relation Name": "title", "Alias": "t", "Startup Cost": 0.32, "Total Cost": 4.34, "Plan Rows": 1, "Plan Width": 21, "Recheck Cond": "(id = mi.movie_id)", "Filter": "(production_year > 2010)", "Plans": [{"Node Type": "Bitmap Index Scan", "Parent Relationship": "Outer", "Index Name": "title_pkey", "Startup Cost": 0.0, "Total Cost": 0.32, "Plan Rows": 1, "Plan Width": 0, "Index Cond": "(id = mi.movie_id)"}]}]}, {"Node Type": "Bitmap Heap Scan", "Parent Relationship": "Inner", "Relation Name": "info_type", "Alias": "it", "Startup Cost": 0.26, "Total Cost": 4.27, "Plan Rows": 1, "Plan Width": 4, "Recheck Cond": "(id = mi.info_type_id)", "Plans": [{"Node Type": "Bitmap Index Scan", "Parent Relationship": "Outer", "Index Name": "info_type_pkey", "Startup Cost": 0.0, "Total Cost": 0.26, "Plan Rows": 1, "Plan Width": 0, "Index Cond": "(id = mi.info_type_id)"}]}]}]}, "Unique SQL Id": 328306525, "Planner Runtime": 4}, "explain_analyze_plan": {"Plan": {"Node Type": "Aggregate", "Strategy": "Plain", "Startup Cost": 71749.13, "Total Cost": 71749.14, "Plan Rows": 1, "Plan Width": 49, "Actual Startup Time": 576.153, "Actual Total Time": 576.154, "Actual Rows": 1, "Actual Loops": 1, "Plans": [{"Node Type": "Nested Loop", "Parent Relationship": "Outer", "Join Type": "Inner", "Startup Cost": 28957.62, "Total Cost": 71749.07, "Plan Rows": 24, "Plan Width": 17, "Actual Startup Time": 576.145, "Actual Total Time": 576.145, "Actual Rows": 0, "Actual Loops": 1, "Inner Unique": true, "Plans": [{"Node Type": "Nested Loop", "Parent Relationship": "Outer", "Join Type": "Inner", "Startup Cost": 28957.36, "Total Cost": 71646.35, "Plan Rows": 24, "Plan Width": 21, "Actual Startup Time": 576.144, "Actual Total Time": 576.144, "Actual Rows": 0, "Actual Loops": 1, "Inner Unique": true, "Plans": [{"Node Type": "Nested Loop", "Parent Relationship": "Outer", "Join Type": "Inner", "Startup Cost": 28957.04, "Total Cost": 71502.93, "Plan Rows": 33, "Plan Width": 12, "Actual Startup Time": 576.143, "Actual Total Time": 576.143, "Actual Rows": 0, "Actual Loops": 1, "Inner Unique": false, "Plans": [{"Node Type": "Nested Loop", "Parent Relationship": "Outer", "Join Type": "Inner", "Startup Cost": 28952.75, "Total Cost": 70774.36, "Plan Rows": 30, "Plan Width": 4, "Actual Startup Time": 576.141, "Actual Total Time": 576.141, "Actual Rows": 0, "Actual Loops": 1, "Inner Unique": false, "Plans": [{"Node Type": "Bitmap Heap Scan", "Parent Relationship": "Outer", "Relation Name": "company_type", "Alias": "ct", "Startup Cost": 8.27, "Total Cost": 12.3, "Plan Rows": 1, "Plan Width": 4, "Actual Startup Time": 0.029, "Actual Total Time": 0.034, "Actual Rows": 1, "Actual Loops": 1, "Filter": "((kind)::text = 'production companies'::text)", "Rows Removed by Filter": 2, "Exact Heap Blocks": 1, "Lossy Heap Blocks": 1, "Plans": [{"Node Type": "Bitmap Index Scan", "Parent Relationship": "Outer", "Index Name": "company_type_pkey", "Startup Cost": 0.0, "Total Cost": 8.27, "Plan Rows": 3, "Plan Width": 0, "Actual Startup Time": 0.009, "Actual Total Time": 0.009, "Actual Rows": 3, "Actual Loops": 1}]}, {"Node Type": "Bitmap Heap Scan", "Parent Relationship": "Inner", "Relation Name": "movie_companies", "Alias": "mc", "Startup Cost": 28944.49, "Total Cost": 70761.77, "Plan Rows": 29, "Plan Width": 8, "Actual Startup Time": 576.098, "Actual Total Time": 576.098, "Actual Rows": 0, "Actual Loops": 1, "Recheck Cond": "(company_type_id = ct.id)", "Rows Removed by Index Recheck": 0, "Filter": "(((note)::text ~~ '%(VHS)%'::text) AND ((note)::text ~~ '%(USA)%'::text) AND ((note)::text ~~ '%(1994)%'::text))", "Rows Removed by Filter": 1334883, "Exact Heap Blocks": 6196, "Lossy Heap Blocks": 6196, "Plans": [{"Node Type": "Bitmap Index Scan", "Parent Relationship": "Outer", "Index Name": "company_type_id_movie_companies", "Startup Cost": 0.0, "Total Cost": 28944.48, "Plan Rows": 1304564, "Plan Width": 0, "Actual Startup Time": 146.94, "Actual Total Time": 146.94, "Actual Rows": 1334883, "Actual Loops": 1, "Index Cond": "(company_type_id = ct.id)"}]}]}, {"Node Type": "Bitmap Heap Scan", "Parent Relationship": "Inner", "Relation Name": "movie_info", "Alias": "mi", "Startup Cost": 4.29, "Total Cost": 24.28, "Plan Rows": 1, "Plan Width": 8, "Actual Startup Time": 0.0, "Actual Total Time": 0.0, "Recheck Cond": "(movie_id = mc.movie_id)", "Rows Removed by Index Recheck": 0, "Filter": "((info)::text = ANY ('{USA,America}'::text[]))", "Rows Removed by Filter": 0, "Exact Heap Blocks": 0, "Lossy Heap Blocks": 0, "Plans": [{"Node Type": "Bitmap Index Scan", "Parent Relationship": "Outer", "Index Name": "movie_id_movie_info", "Startup Cost": 0.0, "Total Cost": 4.29, "Plan Rows": 5, "Plan Width": 0, "Actual Startup Time": 0.0, "Actual Total Time": 0.0, "Index Cond": "(movie_id = mc.movie_id)"}]}]}, {"Node Type": "Bitmap Heap Scan", "Parent Relationship": "Inner", "Relation Name": "title", "Alias": "t", "Startup Cost": 0.32, "Total Cost": 4.34, "Plan Rows": 1, "Plan Width": 21, "Actual Startup Time": 0.0, "Actual Total Time": 0.0, "Recheck Cond": "(id = mi.movie_id)", "Rows Removed by Index Recheck": 0, "Filter": "(production_year > 2010)", "Rows Removed by Filter": 0, "Exact Heap Blocks": 0, "Lossy Heap Blocks": 0, "Plans": [{"Node Type": "Bitmap Index Scan", "Parent Relationship": "Outer", "Index Name": "title_pkey", "Startup Cost": 0.0, "Total Cost": 0.32, "Plan Rows": 1, "Plan Width": 0, "Actual Startup Time": 0.0, "Actual Total Time": 0.0, "Index Cond": "(id = mi.movie_id)"}]}]}, {"Node Type": "Bitmap Heap Scan", "Parent Relationship": "Inner", "Relation Name": "info_type", "Alias": "it", "Startup Cost": 0.26, "Total Cost": 4.27, "Plan Rows": 1, "Plan Width": 4, "Actual Startup Time": 0.0, "Actual Total Time": 0.0, "Recheck Cond": "(id = mi.info_type_id)", "Rows Removed by Index Recheck": 0, "Exact Heap Blocks": 0, "Lossy Heap Blocks": 0, "Plans": [{"Node Type": "Bitmap Index Scan", "Parent Relationship": "Outer", "Index Name": "info_type_pkey", "Startup Cost": 0.0, "Total Cost": 0.26, "Plan Rows": 1, "Plan Width": 0, "Actual Startup Time": 0.0, "Actual Total Time": 0.0, "Index Cond": "(id = mi.info_type_id)"}]}]}]}, "Triggers": [], "Planner Runtime": 8.36, "Total Runtime": 576.478, "Unique SQL Id": 328306525}}, "(64, '40')": {"explain_plan": {"Plan": {"Node Type": "Aggregate", "Strategy": "Plain", "Startup Cost": 61721.76, "Total Cost": 61721.77, "Plan Rows": 1, "Plan Width": 49, "Plans": [{"Node Type": "Nested Loop", "Parent Relationship": "Outer", "Join Type": "Inner", "Startup Cost": 0.0, "Total Cost": 61721.7, "Plan Rows": 24, "Plan Width": 17, "Inner Unique": true, "Plans": [{"Node Type": "Nested Loop", "Parent Relationship": "Outer", "Join Type": "Inner", "Startup Cost": 0.0, "Total Cost": 61714.98, "Plan Rows": 24, "Plan Width": 21, "Inner Unique": false, "Plans": [{"Node Type": "Nested Loop", "Parent Relationship": "Outer", "Join Type": "Inner", "Startup Cost": 0.0, "Total Cost": 61635.99, "Plan Rows": 32, "Plan Width": 25, "Inner Unique": true, "Plans": [{"Node Type": "Nested Loop", "Parent Relationship": "Outer", "Join Type": "Inner", "Startup Cost": 0.0, "Total Cost": 61387.52, "Plan Rows": 30, "Plan Width": 4, "Inner Unique": false, "Join Filter": "(ct.id = mc.company_type_id)", "Plans": [{"Node Type": "Seq Scan", "Parent Relationship": "Outer", "Relation Name": "company_type", "Alias": "ct", "Startup Cost": 0.0, "Total Cost": 1.04, "Plan Rows": 1, "Plan Width": 4, "Filter": "((kind)::text = 'production companies'::text)"}, {"Node Type": "Seq Scan", "Parent Relationship": "Inner", "Relation Name": "movie_companies", "Alias": "mc", "Startup Cost": 0.0, "Total Cost": 61385.74, "Plan Rows": 59, "Plan Width": 8, "Filter": "(((note)::text ~~ '%(VHS)%'::text) AND ((note)::text ~~ '%(USA)%'::text) AND ((note)::text ~~ '%(1994)%'::text))"}]}, {"Node Type": "Index Scan", "Parent Relationship": "Inner", "Scan Direction": "Forward", "Index Name": "title_pkey", "Relation Name": "title", "Alias": "t", "Startup Cost": 0.0, "Total Cost": 8.27, "Plan Rows": 1, "Plan Width": 21, "Index Cond": "(id = mc.movie_id)", "Filter": "(production_year > 2010)"}]}, {"Node Type": "Index Scan", "Parent Relationship": "Inner", "Scan Direction": "Forward", "Index Name": "movie_id_movie_info", "Relation Name": "movie_info", "Alias": "mi", "Startup Cost": 0.0, "Total Cost": 2.46, "Plan Rows": 1, "Plan Width": 8, "Index Cond": "(movie_id = t.id)", "Filter": "((info)::text = ANY ('{USA,America}'::text[]))"}]}, {"Node Type": "Index Only Scan", "Parent Relationship": "Inner", "Scan Direction": "Forward", "Index Name": "info_type_pkey", "Relation Name": "info_type", "Alias": "it", "Startup Cost": 0.0, "Total Cost": 0.27, "Plan Rows": 1, "Plan Width": 4, "Index Cond": "(id = mi.info_type_id)"}]}]}, "Unique SQL Id": 328306525, "Planner Runtime": 6}, "explain_analyze_plan": {"Plan": {"Node Type": "Aggregate", "Strategy": "Plain", "Startup Cost": 61721.76, "Total Cost": 61721.77, "Plan Rows": 1, "Plan Width": 49, "Actual Startup Time": 965.018, "Actual Total Time": 965.019, "Actual Rows": 1, "Actual Loops": 1, "Plans": [{"Node Type": "Nested Loop", "Parent Relationship": "Outer", "Join Type": "Inner", "Startup Cost": 0.0, "Total Cost": 61721.7, "Plan Rows": 24, "Plan Width": 17, "Actual Startup Time": 965.012, "Actual Total Time": 965.012, "Actual Rows": 0, "Actual Loops": 1, "Inner Unique": true, "Plans": [{"Node Type": "Nested Loop", "Parent Relationship": "Outer", "Join Type": "Inner", "Startup Cost": 0.0, "Total Cost": 61714.98, "Plan Rows": 24, "Plan Width": 21, "Actual Startup Time": 965.011, "Actual Total Time": 965.011, "Actual Rows": 0, "Actual Loops": 1, "Inner Unique": false, "Plans": [{"Node Type": "Nested Loop", "Parent Relationship": "Outer", "Join Type": "Inner", "Startup Cost": 0.0, "Total Cost": 61635.99, "Plan Rows": 32, "Plan Width": 25, "Actual Startup Time": 965.009, "Actual Total Time": 965.009, "Actual Rows": 0, "Actual Loops": 1, "Inner Unique": true, "Plans": [{"Node Type": "Nested Loop", "Parent Relationship": "Outer", "Join Type": "Inner", "Startup Cost": 0.0, "Total Cost": 61387.52, "Plan Rows": 30, "Plan Width": 4, "Actual Startup Time": 965.006, "Actual Total Time": 965.006, "Actual Rows": 0, "Actual Loops": 1, "Inner Unique": false, "Join Filter": "(ct.id = mc.company_type_id)", "Rows Removed by Join Filter": 1418, "Plans": [{"Node Type": "Seq Scan", "Parent Relationship": "Outer", "Relation Name": "company_type", "Alias": "ct", "Startup Cost": 0.0, "Total Cost": 1.04, "Plan Rows": 1, "Plan Width": 4, "Actual Startup Time": 0.014, "Actual Total Time": 0.021, "Actual Rows": 1, "Actual Loops": 1, "Filter": "((kind)::text = 'production companies'::text)", "Rows Removed by Filter": 2}, {"Node Type": "Seq Scan", "Parent Relationship": "Inner", "Relation Name": "movie_companies", "Alias": "mc", "Startup Cost": 0.0, "Total Cost": 61385.74, "Plan Rows": 59, "Plan Width": 8, "Actual Startup Time": 3.955, "Actual Total Time": 964.568, "Actual Rows": 1418, "Actual Loops": 1, "Filter": "(((note)::text ~~ '%(VHS)%'::text) AND ((note)::text ~~ '%(USA)%'::text) AND ((note)::text ~~ '%(1994)%'::text))", "Rows Removed by Filter": 2607710}]}, {"Node Type": "Index Scan", "Parent Relationship": "Inner", "Scan Direction": "Forward", "Index Name": "title_pkey", "Relation Name": "title", "Alias": "t", "Startup Cost": 0.0, "Total Cost": 8.27, "Plan Rows": 1, "Plan Width": 21, "Actual Startup Time": 0.0, "Actual Total Time": 0.0, "Index Cond": "(id = mc.movie_id)", "Rows Removed by Index Recheck": 0, "Filter": "(production_year > 2010)", "Rows Removed by Filter": 0}]}, {"Node Type": "Index Scan", "Parent Relationship": "Inner", "Scan Direction": "Forward", "Index Name": "movie_id_movie_info", "Relation Name": "movie_info", "Alias": "mi", "Startup Cost": 0.0, "Total Cost": 2.46, "Plan Rows": 1, "Plan Width": 8, "Actual Startup Time": 0.0, "Actual Total Time": 0.0, "Index Cond": "(movie_id = t.id)", "Rows Removed by Index Recheck": 0, "Filter": "((info)::text = ANY ('{USA,America}'::text[]))", "Rows Removed by Filter": 0}]}, {"Node Type": "Index Only Scan", "Parent Relationship": "Inner", "Scan Direction": "Forward", "Index Name": "info_type_pkey", "Relation Name": "info_type", "Alias": "it", "Startup Cost": 0.0, "Total Cost": 0.27, "Plan Rows": 1, "Plan Width": 4, "Actual Startup Time": 0.0, "Actual Total Time": 0.0, "Index Cond": "(id = mi.info_type_id)", "Rows Removed by Index Recheck": 0, "Heap Fetches": 0}]}]}, "Triggers": [], "Planner Runtime": 9.305, "Total Runtime": 965.287, "Unique SQL Id": 328306525}}, "(64, '41')": {"explain_plan": {"Plan": {"Node Type": "Aggregate", "Strategy": "Plain", "Startup Cost": 63248.6, "Total Cost": 63248.61, "Plan Rows": 1, "Plan Width": 49, "Plans": [{"Node Type": "Nested Loop", "Parent Relationship": "Outer", "Join Type": "Inner", "Startup Cost": 0.0, "Total Cost": 63248.54, "Plan Rows": 24, "Plan Width": 17, "Inner Unique": true, "Plans": [{"Node Type": "Nested Loop", "Parent Relationship": "Outer", "Join Type": "Inner", "Startup Cost": 0.0, "Total Cost": 63241.82, "Plan Rows": 24, "Plan Width": 21, "Inner Unique": false, "Plans": [{"Node Type": "Nested Loop", "Parent Relationship": "Outer", "Join Type": "Inner", "Startup Cost": 0.0, "Total Cost": 63162.83, "Plan Rows": 32, "Plan Width": 25, "Inner Unique": true, "Plans": [{"Node Type": "Nested Loop", "Parent Relationship": "Outer", "Join Type": "Inner", "Startup Cost": 0.0, "Total Cost": 62914.35, "Plan Rows": 30, "Plan Width": 4, "Inner Unique": false, "Plans": [{"Node Type": "Index Scan", "Parent Relationship": "Outer", "Scan Direction": "Forward", "Index Name": "company_type_pkey", "Relation Name": "company_type", "Alias": "ct", "Startup Cost": 0.0, "Total Cost": 12.3, "Plan Rows": 1, "Plan Width": 4, "Filter": "((kind)::text = 'production companies'::text)"}, {"Node Type": "Index Scan", "Parent Relationship": "Inner", "Scan Direction": "Forward", "Index Name": "company_type_id_movie_companies", "Relation Name": "movie_companies", "Alias": "mc", "Startup Cost": 0.0, "Total Cost": 62901.76, "Plan Rows": 29, "Plan Width": 8, "Index Cond": "(company_type_id = ct.id)", "Filter": "(((note)::text ~~ '%(VHS)%'::text) AND ((note)::text ~~ '%(USA)%'::text) AND ((note)::text ~~ '%(1994)%'::text))"}]}, {"Node Type": "Index Scan", "Parent Relationship": "Inner", "Scan Direction": "Forward", "Index Name": "title_pkey", "Relation Name": "title", "Alias": "t", "Startup Cost": 0.0, "Total Cost": 8.27, "Plan Rows": 1, "Plan Width": 21, "Index Cond": "(id = mc.movie_id)", "Filter": "(production_year > 2010)"}]}, {"Node Type": "Index Scan", "Parent Relationship": "Inner", "Scan Direction": "Forward", "Index Name": "movie_id_movie_info", "Relation Name": "movie_info", "Alias": "mi", "Startup Cost": 0.0, "Total Cost": 2.46, "Plan Rows": 1, "Plan Width": 8, "Index Cond": "(movie_id = t.id)", "Filter": "((info)::text = ANY ('{USA,America}'::text[]))"}]}, {"Node Type": "Index Only Scan", "Parent Relationship": "Inner", "Scan Direction": "Forward", "Index Name": "info_type_pkey", "Relation Name": "info_type", "Alias": "it", "Startup Cost": 0.0, "Total Cost": 0.27, "Plan Rows": 1, "Plan Width": 4, "Index Cond": "(id = mi.info_type_id)"}]}]}, "Unique SQL Id": 328306525, "Planner Runtime": 5}, "explain_analyze_plan": {"Plan": {"Node Type": "Aggregate", "Strategy": "Plain", "Startup Cost": 63248.6, "Total Cost": 63248.61, "Plan Rows": 1, "Plan Width": 49, "Actual Startup Time": 712.178, "Actual Total Time": 712.179, "Actual Rows": 1, "Actual Loops": 1, "Plans": [{"Node Type": "Nested Loop", "Parent Relationship": "Outer", "Join Type": "Inner", "Startup Cost": 0.0, "Total Cost": 63248.54, "Plan Rows": 24, "Plan Width": 17, "Actual Startup Time": 712.172, "Actual Total Time": 712.172, "Actual Rows": 0, "Actual Loops": 1, "Inner Unique": true, "Plans": [{"Node Type": "Nested Loop", "Parent Relationship": "Outer", "Join Type": "Inner", "Startup Cost": 0.0, "Total Cost": 63241.82, "Plan Rows": 24, "Plan Width": 21, "Actual Startup Time": 712.17, "Actual Total Time": 712.17, "Actual Rows": 0, "Actual Loops": 1, "Inner Unique": false, "Plans": [{"Node Type": "Nested Loop", "Parent Relationship": "Outer", "Join Type": "Inner", "Startup Cost": 0.0, "Total Cost": 63162.83, "Plan Rows": 32, "Plan Width": 25, "Actual Startup Time": 712.168, "Actual Total Time": 712.168, "Actual Rows": 0, "Actual Loops": 1, "Inner Unique": true, "Plans": [{"Node Type": "Nested Loop", "Parent Relationship": "Outer", "Join Type": "Inner", "Startup Cost": 0.0, "Total Cost": 62914.35, "Plan Rows": 30, "Plan Width": 4, "Actual Startup Time": 712.166, "Actual Total Time": 712.166, "Actual Rows": 0, "Actual Loops": 1, "Inner Unique": false, "Plans": [{"Node Type": "Index Scan", "Parent Relationship": "Outer", "Scan Direction": "Forward", "Index Name": "company_type_pkey", "Relation Name": "company_type", "Alias": "ct", "Startup Cost": 0.0, "Total Cost": 12.3, "Plan Rows": 1, "Plan Width": 4, "Actual Startup Time": 0.013, "Actual Total Time": 0.024, "Actual Rows": 1, "Actual Loops": 1, "Filter": "((kind)::text = 'production companies'::text)", "Rows Removed by Filter": 2}, {"Node Type": "Index Scan", "Parent Relationship": "Inner", "Scan Direction": "Forward", "Index Name": "company_type_id_movie_companies", "Relation Name": "movie_companies", "Alias": "mc", "Startup Cost": 0.0, "Total Cost": 62901.76, "Plan Rows": 29, "Plan Width": 8, "Actual Startup Time": 712.136, "Actual Total Time": 712.136, "Actual Rows": 0, "Actual Loops": 1, "Index Cond": "(company_type_id = ct.id)", "Rows Removed by Index Recheck": 0, "Filter": "(((note)::text ~~ '%(VHS)%'::text) AND ((note)::text ~~ '%(USA)%'::text) AND ((note)::text ~~ '%(1994)%'::text))", "Rows Removed by Filter": 1334883}]}, {"Node Type": "Index Scan", "Parent Relationship": "Inner", "Scan Direction": "Forward", "Index Name": "title_pkey", "Relation Name": "title", "Alias": "t", "Startup Cost": 0.0, "Total Cost": 8.27, "Plan Rows": 1, "Plan Width": 21, "Actual Startup Time": 0.0, "Actual Total Time": 0.0, "Index Cond": "(id = mc.movie_id)", "Rows Removed by Index Recheck": 0, "Filter": "(production_year > 2010)", "Rows Removed by Filter": 0}]}, {"Node Type": "Index Scan", "Parent Relationship": "Inner", "Scan Direction": "Forward", "Index Name": "movie_id_movie_info", "Relation Name": "movie_info", "Alias": "mi", "Startup Cost": 0.0, "Total Cost": 2.46, "Plan Rows": 1, "Plan Width": 8, "Actual Startup Time": 0.0, "Actual Total Time": 0.0, "Index Cond": "(movie_id = t.id)", "Rows Removed by Index Recheck": 0, "Filter": "((info)::text = ANY ('{USA,America}'::text[]))", "Rows Removed by Filter": 0}]}, {"Node Type": "Index Only Scan", "Parent Relationship": "Inner", "Scan Direction": "Forward", "Index Name": "info_type_pkey", "Relation Name": "info_type", "Alias": "it", "Startup Cost": 0.0, "Total Cost": 0.27, "Plan Rows": 1, "Plan Width": 4, "Actual Startup Time": 0.0, "Actual Total Time": 0.0, "Index Cond": "(id = mi.info_type_id)", "Rows Removed by Index Recheck": 0, "Heap Fetches": 0}]}]}, "Triggers": [], "Planner Runtime": 9.362, "Total Runtime": 712.43, "Unique SQL Id": 328306525}}, "(64, '42')": {"explain_plan": {"Plan": {"Node Type": "Aggregate", "Strategy": "Plain", "Startup Cost": 217016.61, "Total Cost": 217016.62, "Plan Rows": 1, "Plan Width": 49, "Plans": [{"Node Type": "Nested Loop", "Parent Relationship": "Outer", "Join Type": "Inner", "Startup Cost": 134492.69, "Total Cost": 217016.55, "Plan Rows": 24, "Plan Width": 17, "Inner Unique": false, "Join Filter": "(mi.info_type_id = it.id)", "Plans": [{"Node Type": "Seq Scan", "Parent Relationship": "Outer", "Relation Name": "info_type", "Alias": "it", "Startup Cost": 0.0, "Total Cost": 2.12, "Plan Rows": 112, "Plan Width": 4}, {"Node Type": "Materialize", "Parent Relationship": "Inner", "Startup Cost": 134492.69, "Total Cost": 216974.17, "Plan Rows": 24, "Plan Width": 21, "Plans": [{"Node Type": "Hash Join", "Parent Relationship": "Outer", "Join Type": "Inner", "Startup Cost": 134492.69, "Total Cost": 216974.05, "Plan Rows": 24, "Plan Width": 21, "Inner Unique": false, "Hash Cond": "(mi.movie_id = t.id)", "Plans": [{"Node Type": "Streaming(type: LOCAL GATHER dop: 1/64)", "Parent Relationship": "Outer", "Startup Cost": 0.0, "Total Cost": 80287.65, "Plan Rows": 584897, "Plan Width": 8, "Plans": [{"Node Type": "Seq Scan", "Parent Relationship": "Outer", "Relation Name": "movie_info", "Alias": "mi", "Startup Cost": 0.0, "Total Cost": 68221.29, "Plan Rows": 584897, "Plan Width": 8, "Filter": "((info)::text = ANY ('{USA,America}'::text[]))"}]}, {"Node Type": "Hash", "Parent Relationship": "Inner", "Startup Cost": 134492.29, "Total Cost": 134492.29, "Plan Rows": 32, "Plan Width": 25, "Plans": [{"Node Type": "Hash Join", "Parent Relationship": "Outer", "Join Type": "Inner", "Startup Cost": 61387.89, "Total Cost": 134492.29, "Plan Rows": 32, "Plan Width": 25, "Inner Unique": false, "Hash Cond": "(t.id = mc.movie_id)", "Plans": [{"Node Type": "Streaming(type: LOCAL GATHER dop: 1/64)", "Parent Relationship": "Outer", "Startup Cost": 0.0, "Total Cost": 72112.93, "Plan Rows": 391451, "Plan Width": 21, "Plans": [{"Node Type": "Seq Scan", "Parent Relationship": "Outer", "Relation Name": "title", "Alias": "t", "Startup Cost": 0.0, "Total Cost": 64037.34, "Plan Rows": 391451, "Plan Width": 21, "Filter": "(production_year > 2010), (LLVM Optimized)"}]}, {"Node Type": "Hash", "Parent Relationship": "Inner", "Startup Cost": 61387.52, "Total Cost": 61387.52, "Plan Rows": 30, "Plan Width": 4, "Plans": [{"Node Type": "Nested Loop", "Parent Relationship": "Outer", "Join Type": "Inner", "Startup Cost": 0.0, "Total Cost": 61387.52, "Plan Rows": 30, "Plan Width": 4, "Inner Unique": false, "Join Filter": "(ct.id = mc.company_type_id)", "Plans": [{"Node Type": "Seq Scan", "Parent Relationship": "Outer", "Relation Name": "company_type", "Alias": "ct", "Startup Cost": 0.0, "Total Cost": 1.04, "Plan Rows": 1, "Plan Width": 4, "Filter": "((kind)::text = 'production companies'::text)"}, {"Node Type": "Seq Scan", "Parent Relationship": "Inner", "Relation Name": "movie_companies", "Alias": "mc", "Startup Cost": 0.0, "Total Cost": 61385.74, "Plan Rows": 59, "Plan Width": 8, "Filter": "(((note)::text ~~ '%(VHS)%'::text) AND ((note)::text ~~ '%(USA)%'::text) AND ((note)::text ~~ '%(1994)%'::text))"}]}]}]}]}]}]}]}]}, "Unique SQL Id": 328306525, "Planner Runtime": 12}, "explain_analyze_plan": {"Plan": {"Node Type": "Aggregate", "Strategy": "Plain", "Startup Cost": 217016.61, "Total Cost": 217016.62, "Plan Rows": 1, "Plan Width": 49, "Actual Min Startup Time": 966.084, "Actual Max Startup Time": 966.084, "Actual Min Total Time": 966.084, "Actual Max Total Time": 966.084, "Plans": [{"Node Type": "Nested Loop", "Parent Relationship": "Outer", "Join Type": "Inner", "Startup Cost": 134492.69, "Total Cost": 217016.55, "Plan Rows": 24, "Plan Width": 17, "Actual Min Startup Time": 966.077, "Actual Max Startup Time": 966.077, "Actual Min Total Time": 966.077, "Actual Max Total Time": 966.077, "Inner Unique": false, "Join Filter": "(mi.info_type_id = it.id)", "Rows Removed by Join Filter": 0, "Plans": [{"Node Type": "Seq Scan", "Parent Relationship": "Outer", "Relation Name": "info_type", "Alias": "it", "Startup Cost": 0.0, "Total Cost": 2.12, "Plan Rows": 112, "Plan Width": 4, "Actual Min Startup Time": 0.051, "Actual Max Startup Time": 0.051, "Actual Min Total Time": 0.064, "Actual Max Total Time": 0.064, "Actual Rows": 112}, {"Node Type": "Materialize", "Parent Relationship": "Inner", "Startup Cost": 134492.69, "Total Cost": 216974.17, "Plan Rows": 24, "Plan Width": 21, "Actual Min Startup Time": 965.965, "Actual Max Startup Time": 965.965, "Actual Min Total Time": 965.965, "Actual Max Total Time": 965.965, "Plans": [{"Node Type": "Hash Join", "Parent Relationship": "Outer", "Join Type": "Inner", "Startup Cost": 134492.69, "Total Cost": 216974.05, "Plan Rows": 24, "Plan Width": 21, "Actual Min Startup Time": 965.945, "Actual Max Startup Time": 965.945, "Actual Min Total Time": 965.945, "Actual Max Total Time": 965.945, "Inner Unique": false, "Hash Cond": "(mi.movie_id = t.id)", "Plans": [{"Node Type": "Streaming(type: LOCAL GATHER dop: 1/64)", "Parent Relationship": "Outer", "Startup Cost": 0.0, "Total Cost": 80287.65, "Plan Rows": 584897, "Plan Width": 8, "Actual Startup Time": 0.0, "Actual Total Time": 0.0, "Plans": [{"Node Type": "Seq Scan", "Parent Relationship": "Outer", "Relation Name": "movie_info", "Alias": "mi", "Startup Cost": 0.0, "Total Cost": 68221.29, "Plan Rows": 584897, "Plan Width": 8, "Actual Min Startup Time": 0.037, "Actual Max Startup Time": 43.211, "Actual Min Total Time": 12.079, "Actual Max Total Time": 118.593, "Filter": "((info)::text = ANY ('{USA,America}'::text[]))", "Rows Removed by Filter": 10824957, "Actual Rows": 6464}]}, {"Node Type": "Hash", "Parent Relationship": "Inner", "Startup Cost": 134492.29, "Total Cost": 134492.29, "Plan Rows": 32, "Plan Width": 25, "Actual Min Startup Time": 965.613, "Actual Max Startup Time": 965.613, "Actual Min Total Time": 965.613, "Actual Max Total Time": 965.613, "Max Hash Buckets": 32768, "Min Hash Buckets": 32768, "Max Hash Batches": 1, "Min Hash Batches": 1, "Max Original Hash Batches": 1, "Min Original Hash Batches": 1, "Max Peak Memory Usage": 0, "min Peak Memory Usage": 0, "Plans": [{"Node Type": "Hash Join", "Parent Relationship": "Outer", "Join Type": "Inner", "Startup Cost": 61387.89, "Total Cost": 134492.29, "Plan Rows": 32, "Plan Width": 25, "Actual Min Startup Time": 965.611, "Actual Max Startup Time": 965.611, "Actual Min Total Time": 965.611, "Actual Max Total Time": 965.611, "Inner Unique": false, "Hash Cond": "(t.id = mc.movie_id)", "Plans": [{"Node Type": "Streaming(type: LOCAL GATHER dop: 1/64)", "Parent Relationship": "Outer", "Startup Cost": 0.0, "Total Cost": 72112.93, "Plan Rows": 391451, "Plan Width": 21, "Actual Startup Time": 0.0, "Actual Total Time": 0.0, "Plans": [{"Node Type": "Seq Scan", "Parent Relationship": "Outer", "Relation Name": "title", "Alias": "t", "Startup Cost": 0.0, "Total Cost": 64037.34, "Plan Rows": 391451, "Plan Width": 21, "Actual Min Startup Time": 0.029, "Actual Max Startup Time": 0.059, "Actual Min Total Time": 0.217, "Actual Max Total Time": 0.311, "Filter": "(production_year > 2010), (LLVM Optimized)", "Rows Removed by Filter": 33125, "Actual Rows": 6464}]}, {"Node Type": "Hash", "Parent Relationship": "Inner", "Startup Cost": 61387.52, "Total Cost": 61387.52, "Plan Rows": 30, "Plan Width": 4, "Actual Min Startup Time": 965.349, "Actual Max Startup Time": 965.349, "Actual Min Total Time": 965.349, "Actual Max Total Time": 965.349, "Max Hash Buckets": 32768, "Min Hash Buckets": 32768, "Max Hash Batches": 1, "Min Hash Batches": 1, "Max Original Hash Batches": 1, "Min Original Hash Batches": 1, "Max Peak Memory Usage": 0, "min Peak Memory Usage": 0, "Plans": [{"Node Type": "Nested Loop", "Parent Relationship": "Outer", "Join Type": "Inner", "Startup Cost": 0.0, "Total Cost": 61387.52, "Plan Rows": 30, "Plan Width": 4, "Actual Min Startup Time": 965.345, "Actual Max Startup Time": 965.345, "Actual Min Total Time": 965.345, "Actual Max Total Time": 965.345, "Inner Unique": false, "Join Filter": "(ct.id = mc.company_type_id)", "Rows Removed by Join Filter": 1418, "Plans": [{"Node Type": "Seq Scan", "Parent Relationship": "Outer", "Relation Name": "company_type", "Alias": "ct", "Startup Cost": 0.0, "Total Cost": 1.04, "Plan Rows": 1, "Plan Width": 4, "Actual Min Startup Time": 0.042, "Actual Max Startup Time": 0.042, "Actual Min Total Time": 0.048, "Actual Max Total Time": 0.048, "Filter": "((kind)::text = 'production companies'::text)", "Rows Removed by Filter": 2, "Actual Rows": 1}, {"Node Type": "Seq Scan", "Parent Relationship": "Inner", "Relation Name": "movie_companies", "Alias": "mc", "Startup Cost": 0.0, "Total Cost": 61385.74, "Plan Rows": 59, "Plan Width": 8, "Actual Min Startup Time": 4.0, "Actual Max Startup Time": 4.0, "Actual Min Total Time": 964.7, "Actual Max Total Time": 964.7, "Filter": "(((note)::text ~~ '%(VHS)%'::text) AND ((note)::text ~~ '%(USA)%'::text) AND ((note)::text ~~ '%(1994)%'::text))", "Rows Removed by Filter": 2607710, "Actual Rows": 1418}], "Actual Rows": 0}], "Actual Rows": 0}], "Actual Rows": 0}], "Actual Rows": 0}], "Actual Rows": 0}], "Actual Rows": 0}], "Actual Rows": 0}], "Actual Rows": 1}, "Triggers": [], "Planner Runtime": 15.713, "Total Runtime": 999.265, "Unique SQL Id": 328306525}}, "(64, '43')": {"explain_plan": {"Plan": {"Node Type": "Aggregate", "Strategy": "Plain", "Startup Cost": 5000130950084.58, "Total Cost": 5000130950084.59, "Plan Rows": 1, "Plan Width": 49, "Plans": [{"Node Type": "Nested Loop", "Parent Relationship": "Outer", "Join Type": "Inner", "Startup Cost": 50000000000.0, "Total Cost": 5000130950084.52, "Plan Rows": 24, "Plan Width": 17, "Inner Unique": true, "Join Filter": "(mi.info_type_id = it.id)", "Plans": [{"Node Type": "Nested Loop", "Parent Relationship": "Outer", "Join Type": "Inner", "Startup Cost": 40000000000.0, "Total Cost": 4000130949050.92, "Plan Rows": 24, "Plan Width": 21, "Inner Unique": false, "Join Filter": "(t.id = mi.movie_id)", "Plans": [{"Node Type": "Index Scan", "Parent Relationship": "Outer", "Scan Direction": "Forward", "Index Name": "info_type_id_movie_info", "Relation Name": "movie_info", "Alias": "mi", "Startup Cost": 10000000000.0, "Total Cost": 1000107401445.12, "Plan Rows": 584897, "Plan Width": 8, "Filter": "((info)::text = ANY ('{USA,America}'::text[]))"}, {"Node Type": "Materialize", "Parent Relationship": "Inner", "Startup Cost": 30000000000.0, "Total Cost": 3000023266855.32, "Plan Rows": 32, "Plan Width": 25, "Plans": [{"Node Type": "Nested Loop", "Parent Relationship": "Outer", "Join Type": "Inner", "Startup Cost": 30000000000.0, "Total Cost": 3000023266855.16, "Plan Rows": 32, "Plan Width": 25, "Inner Unique": true, "Join Filter": "(mc.company_type_id = ct.id)", "Plans": [{"Node Type": "Nested Loop", "Parent Relationship": "Outer", "Join Type": "Inner", "Startup Cost": 20000000000.0, "Total Cost": 2000023265623.95, "Plan Rows": 64, "Plan Width": 29, "Inner Unique": false, "Join Filter": "(mc.movie_id = t.id)", "Plans": [{"Node Type": "Index Scan", "Parent Relationship": "Outer", "Scan Direction": "Forward", "Index Name": "title_pkey", "Relation Name": "title", "Alias": "t", "Startup Cost": 10000000000.0, "Total Cost": 1000011644126.66, "Plan Rows": 391451, "Plan Width": 21, "Filter": "(production_year > 2010), (LLVM Optimized)"}, {"Node Type": "Materialize", "Parent Relationship": "Inner", "Startup Cost": 10000000000.0, "Total Cost": 1000011275063.29, "Plan Rows": 59, "Plan Width": 8, "Plans": [{"Node Type": "Index Scan", "Parent Relationship": "Outer", "Scan Direction": "Forward", "Index Name": "company_type_id_movie_companies", "Relation Name": "movie_companies", "Alias": "mc", "Startup Cost": 10000000000.0, "Total Cost": 1000011275063.0, "Plan Rows": 59, "Plan Width": 8, "Filter": "(((note)::text ~~ '%(VHS)%'::text) AND ((note)::text ~~ '%(USA)%'::text) AND ((note)::text ~~ '%(1994)%'::text))"}]}]}, {"Node Type": "Materialize", "Parent Relationship": "Inner", "Startup Cost": 10000000000.0, "Total Cost": 1000000001230.26, "Plan Rows": 1, "Plan Width": 4, "Plans": [{"Node Type": "Index Scan", "Parent Relationship": "Outer", "Scan Direction": "Forward", "Index Name": "company_type_pkey", "Relation Name": "company_type", "Alias": "ct", "Startup Cost": 10000000000.0, "Total Cost": 1000000001230.25, "Plan Rows": 1, "Plan Width": 4, "Filter": "((kind)::text = 'production companies'::text)"}]}]}]}]}, {"Node Type": "Materialize", "Parent Relationship": "Inner", "Startup Cost": 10000000000.0, "Total Cost": 1000000000993.56, "Plan Rows": 112, "Plan Width": 4, "Plans": [{"Node Type": "Index Only Scan", "Parent Relationship": "Outer", "Scan Direction": "Forward", "Index Name": "info_type_pkey", "Relation Name": "info_type", "Alias": "it", "Startup Cost": 10000000000.0, "Total Cost": 1000000000993.0, "Plan Rows": 112, "Plan Width": 4}]}]}]}, "Unique SQL Id": 328306525, "Planner Runtime": 6}, "explain_analyze_plan": null}, "(64, '44')": {"explain_plan": {"Plan": {"Node Type": "Aggregate", "Strategy": "Plain", "Startup Cost": 61721.76, "Total Cost": 61721.77, "Plan Rows": 1, "Plan Width": 49, "Plans": [{"Node Type": "Nested Loop", "Parent Relationship": "Outer", "Join Type": "Inner", "Startup Cost": 0.0, "Total Cost": 61721.7, "Plan Rows": 24, "Plan Width": 17, "Inner Unique": true, "Plans": [{"Node Type": "Nested Loop", "Parent Relationship": "Outer", "Join Type": "Inner", "Startup Cost": 0.0, "Total Cost": 61714.98, "Plan Rows": 24, "Plan Width": 21, "Inner Unique": false, "Plans": [{"Node Type": "Nested Loop", "Parent Relationship": "Outer", "Join Type": "Inner", "Startup Cost": 0.0, "Total Cost": 61635.99, "Plan Rows": 32, "Plan Width": 25, "Inner Unique": true, "Plans": [{"Node Type": "Nested Loop", "Parent Relationship": "Outer", "Join Type": "Inner", "Startup Cost": 0.0, "Total Cost": 61387.52, "Plan Rows": 30, "Plan Width": 4, "Inner Unique": false, "Join Filter": "(ct.id = mc.company_type_id)", "Plans": [{"Node Type": "Seq Scan", "Parent Relationship": "Outer", "Relation Name": "company_type", "Alias": "ct", "Startup Cost": 0.0, "Total Cost": 1.04, "Plan Rows": 1, "Plan Width": 4, "Filter": "((kind)::text = 'production companies'::text)"}, {"Node Type": "Seq Scan", "Parent Relationship": "Inner", "Relation Name": "movie_companies", "Alias": "mc", "Startup Cost": 0.0, "Total Cost": 61385.74, "Plan Rows": 59, "Plan Width": 8, "Filter": "(((note)::text ~~ '%(VHS)%'::text) AND ((note)::text ~~ '%(USA)%'::text) AND ((note)::text ~~ '%(1994)%'::text))"}]}, {"Node Type": "Index Scan", "Parent Relationship": "Inner", "Scan Direction": "Forward", "Index Name": "title_pkey", "Relation Name": "title", "Alias": "t", "Startup Cost": 0.0, "Total Cost": 8.27, "Plan Rows": 1, "Plan Width": 21, "Index Cond": "(id = mc.movie_id)", "Filter": "(production_year > 2010)"}]}, {"Node Type": "Index Scan", "Parent Relationship": "Inner", "Scan Direction": "Forward", "Index Name": "movie_id_movie_info", "Relation Name": "movie_info", "Alias": "mi", "Startup Cost": 0.0, "Total Cost": 2.46, "Plan Rows": 1, "Plan Width": 8, "Index Cond": "(movie_id = t.id)", "Filter": "((info)::text = ANY ('{USA,America}'::text[]))"}]}, {"Node Type": "Index Scan", "Parent Relationship": "Inner", "Scan Direction": "Forward", "Index Name": "info_type_pkey", "Relation Name": "info_type", "Alias": "it", "Startup Cost": 0.0, "Total Cost": 0.27, "Plan Rows": 1, "Plan Width": 4, "Index Cond": "(id = mi.info_type_id)"}]}]}, "Unique SQL Id": 328306525, "Planner Runtime": 6}, "explain_analyze_plan": {"Plan": {"Node Type": "Aggregate", "Strategy": "Plain", "Startup Cost": 61721.76, "Total Cost": 61721.77, "Plan Rows": 1, "Plan Width": 49, "Actual Startup Time": 945.137, "Actual Total Time": 945.138, "Actual Rows": 1, "Actual Loops": 1, "Plans": [{"Node Type": "Nested Loop", "Parent Relationship": "Outer", "Join Type": "Inner", "Startup Cost": 0.0, "Total Cost": 61721.7, "Plan Rows": 24, "Plan Width": 17, "Actual Startup Time": 945.129, "Actual Total Time": 945.129, "Actual Rows": 0, "Actual Loops": 1, "Inner Unique": true, "Plans": [{"Node Type": "Nested Loop", "Parent Relationship": "Outer", "Join Type": "Inner", "Startup Cost": 0.0, "Total Cost": 61714.98, "Plan Rows": 24, "Plan Width": 21, "Actual Startup Time": 945.128, "Actual Total Time": 945.128, "Actual Rows": 0, "Actual Loops": 1, "Inner Unique": false, "Plans": [{"Node Type": "Nested Loop", "Parent Relationship": "Outer", "Join Type": "Inner", "Startup Cost": 0.0, "Total Cost": 61635.99, "Plan Rows": 32, "Plan Width": 25, "Actual Startup Time": 945.127, "Actual Total Time": 945.127, "Actual Rows": 0, "Actual Loops": 1, "Inner Unique": true, "Plans": [{"Node Type": "Nested Loop", "Parent Relationship": "Outer", "Join Type": "Inner", "Startup Cost": 0.0, "Total Cost": 61387.52, "Plan Rows": 30, "Plan Width": 4, "Actual Startup Time": 945.125, "Actual Total Time": 945.125, "Actual Rows": 0, "Actual Loops": 1, "Inner Unique": false, "Join Filter": "(ct.id = mc.company_type_id)", "Rows Removed by Join Filter": 1418, "Plans": [{"Node Type": "Seq Scan", "Parent Relationship": "Outer", "Relation Name": "company_type", "Alias": "ct", "Startup Cost": 0.0, "Total Cost": 1.04, "Plan Rows": 1, "Plan Width": 4, "Actual Startup Time": 0.021, "Actual Total Time": 0.027, "Actual Rows": 1, "Actual Loops": 1, "Filter": "((kind)::text = 'production companies'::text)", "Rows Removed by Filter": 2}, {"Node Type": "Seq Scan", "Parent Relationship": "Inner", "Relation Name": "movie_companies", "Alias": "mc", "Startup Cost": 0.0, "Total Cost": 61385.74, "Plan Rows": 59, "Plan Width": 8, "Actual Startup Time": 3.882, "Actual Total Time": 944.67, "Actual Rows": 1418, "Actual Loops": 1, "Filter": "(((note)::text ~~ '%(VHS)%'::text) AND ((note)::text ~~ '%(USA)%'::text) AND ((note)::text ~~ '%(1994)%'::text))", "Rows Removed by Filter": 2607710}]}, {"Node Type": "Index Scan", "Parent Relationship": "Inner", "Scan Direction": "Forward", "Index Name": "title_pkey", "Relation Name": "title", "Alias": "t", "Startup Cost": 0.0, "Total Cost": 8.27, "Plan Rows": 1, "Plan Width": 21, "Actual Startup Time": 0.0, "Actual Total Time": 0.0, "Index Cond": "(id = mc.movie_id)", "Rows Removed by Index Recheck": 0, "Filter": "(production_year > 2010)", "Rows Removed by Filter": 0}]}, {"Node Type": "Index Scan", "Parent Relationship": "Inner", "Scan Direction": "Forward", "Index Name": "movie_id_movie_info", "Relation Name": "movie_info", "Alias": "mi", "Startup Cost": 0.0, "Total Cost": 2.46, "Plan Rows": 1, "Plan Width": 8, "Actual Startup Time": 0.0, "Actual Total Time": 0.0, "Index Cond": "(movie_id = t.id)", "Rows Removed by Index Recheck": 0, "Filter": "((info)::text = ANY ('{USA,America}'::text[]))", "Rows Removed by Filter": 0}]}, {"Node Type": "Index Scan", "Parent Relationship": "Inner", "Scan Direction": "Forward", "Index Name": "info_type_pkey", "Relation Name": "info_type", "Alias": "it", "Startup Cost": 0.0, "Total Cost": 0.27, "Plan Rows": 1, "Plan Width": 4, "Actual Startup Time": 0.0, "Actual Total Time": 0.0, "Index Cond": "(id = mi.info_type_id)", "Rows Removed by Index Recheck": 0}]}]}, "Triggers": [], "Planner Runtime": 9.643, "Total Runtime": 945.575, "Unique SQL Id": 328306525}}, "(64, '45')": {"explain_plan": {"Plan": {"Node Type": "Aggregate", "Strategy": "Plain", "Startup Cost": 63248.6, "Total Cost": 63248.61, "Plan Rows": 1, "Plan Width": 49, "Plans": [{"Node Type": "Nested Loop", "Parent Relationship": "Outer", "Join Type": "Inner", "Startup Cost": 0.0, "Total Cost": 63248.54, "Plan Rows": 24, "Plan Width": 17, "Inner Unique": true, "Plans": [{"Node Type": "Nested Loop", "Parent Relationship": "Outer", "Join Type": "Inner", "Startup Cost": 0.0, "Total Cost": 63241.82, "Plan Rows": 24, "Plan Width": 21, "Inner Unique": false, "Plans": [{"Node Type": "Nested Loop", "Parent Relationship": "Outer", "Join Type": "Inner", "Startup Cost": 0.0, "Total Cost": 63162.83, "Plan Rows": 32, "Plan Width": 25, "Inner Unique": true, "Plans": [{"Node Type": "Nested Loop", "Parent Relationship": "Outer", "Join Type": "Inner", "Startup Cost": 0.0, "Total Cost": 62914.35, "Plan Rows": 30, "Plan Width": 4, "Inner Unique": false, "Plans": [{"Node Type": "Index Scan", "Parent Relationship": "Outer", "Scan Direction": "Forward", "Index Name": "company_type_pkey", "Relation Name": "company_type", "Alias": "ct", "Startup Cost": 0.0, "Total Cost": 12.3, "Plan Rows": 1, "Plan Width": 4, "Filter": "((kind)::text = 'production companies'::text)"}, {"Node Type": "Index Scan", "Parent Relationship": "Inner", "Scan Direction": "Forward", "Index Name": "company_type_id_movie_companies", "Relation Name": "movie_companies", "Alias": "mc", "Startup Cost": 0.0, "Total Cost": 62901.76, "Plan Rows": 29, "Plan Width": 8, "Index Cond": "(company_type_id = ct.id)", "Filter": "(((note)::text ~~ '%(VHS)%'::text) AND ((note)::text ~~ '%(USA)%'::text) AND ((note)::text ~~ '%(1994)%'::text))"}]}, {"Node Type": "Index Scan", "Parent Relationship": "Inner", "Scan Direction": "Forward", "Index Name": "title_pkey", "Relation Name": "title", "Alias": "t", "Startup Cost": 0.0, "Total Cost": 8.27, "Plan Rows": 1, "Plan Width": 21, "Index Cond": "(id = mc.movie_id)", "Filter": "(production_year > 2010)"}]}, {"Node Type": "Index Scan", "Parent Relationship": "Inner", "Scan Direction": "Forward", "Index Name": "movie_id_movie_info", "Relation Name": "movie_info", "Alias": "mi", "Startup Cost": 0.0, "Total Cost": 2.46, "Plan Rows": 1, "Plan Width": 8, "Index Cond": "(movie_id = t.id)", "Filter": "((info)::text = ANY ('{USA,America}'::text[]))"}]}, {"Node Type": "Index Scan", "Parent Relationship": "Inner", "Scan Direction": "Forward", "Index Name": "info_type_pkey", "Relation Name": "info_type", "Alias": "it", "Startup Cost": 0.0, "Total Cost": 0.27, "Plan Rows": 1, "Plan Width": 4, "Index Cond": "(id = mi.info_type_id)"}]}]}, "Unique SQL Id": 328306525, "Planner Runtime": 5}, "explain_analyze_plan": {"Plan": {"Node Type": "Aggregate", "Strategy": "Plain", "Startup Cost": 63248.6, "Total Cost": 63248.61, "Plan Rows": 1, "Plan Width": 49, "Actual Startup Time": 707.469, "Actual Total Time": 707.469, "Actual Rows": 1, "Actual Loops": 1, "Plans": [{"Node Type": "Nested Loop", "Parent Relationship": "Outer", "Join Type": "Inner", "Startup Cost": 0.0, "Total Cost": 63248.54, "Plan Rows": 24, "Plan Width": 17, "Actual Startup Time": 707.462, "Actual Total Time": 707.462, "Actual Rows": 0, "Actual Loops": 1, "Inner Unique": true, "Plans": [{"Node Type": "Nested Loop", "Parent Relationship": "Outer", "Join Type": "Inner", "Startup Cost": 0.0, "Total Cost": 63241.82, "Plan Rows": 24, "Plan Width": 21, "Actual Startup Time": 707.46, "Actual Total Time": 707.46, "Actual Rows": 0, "Actual Loops": 1, "Inner Unique": false, "Plans": [{"Node Type": "Nested Loop", "Parent Relationship": "Outer", "Join Type": "Inner", "Startup Cost": 0.0, "Total Cost": 63162.83, "Plan Rows": 32, "Plan Width": 25, "Actual Startup Time": 707.458, "Actual Total Time": 707.458, "Actual Rows": 0, "Actual Loops": 1, "Inner Unique": true, "Plans": [{"Node Type": "Nested Loop", "Parent Relationship": "Outer", "Join Type": "Inner", "Startup Cost": 0.0, "Total Cost": 62914.35, "Plan Rows": 30, "Plan Width": 4, "Actual Startup Time": 707.457, "Actual Total Time": 707.457, "Actual Rows": 0, "Actual Loops": 1, "Inner Unique": false, "Plans": [{"Node Type": "Index Scan", "Parent Relationship": "Outer", "Scan Direction": "Forward", "Index Name": "company_type_pkey", "Relation Name": "company_type", "Alias": "ct", "Startup Cost": 0.0, "Total Cost": 12.3, "Plan Rows": 1, "Plan Width": 4, "Actual Startup Time": 0.015, "Actual Total Time": 0.026, "Actual Rows": 1, "Actual Loops": 1, "Filter": "((kind)::text = 'production companies'::text)", "Rows Removed by Filter": 2}, {"Node Type": "Index Scan", "Parent Relationship": "Inner", "Scan Direction": "Forward", "Index Name": "company_type_id_movie_companies", "Relation Name": "movie_companies", "Alias": "mc", "Startup Cost": 0.0, "Total Cost": 62901.76, "Plan Rows": 29, "Plan Width": 8, "Actual Startup Time": 707.424, "Actual Total Time": 707.424, "Actual Rows": 0, "Actual Loops": 1, "Index Cond": "(company_type_id = ct.id)", "Rows Removed by Index Recheck": 0, "Filter": "(((note)::text ~~ '%(VHS)%'::text) AND ((note)::text ~~ '%(USA)%'::text) AND ((note)::text ~~ '%(1994)%'::text))", "Rows Removed by Filter": 1334883}]}, {"Node Type": "Index Scan", "Parent Relationship": "Inner", "Scan Direction": "Forward", "Index Name": "title_pkey", "Relation Name": "title", "Alias": "t", "Startup Cost": 0.0, "Total Cost": 8.27, "Plan Rows": 1, "Plan Width": 21, "Actual Startup Time": 0.0, "Actual Total Time": 0.0, "Index Cond": "(id = mc.movie_id)", "Rows Removed by Index Recheck": 0, "Filter": "(production_year > 2010)", "Rows Removed by Filter": 0}]}, {"Node Type": "Index Scan", "Parent Relationship": "Inner", "Scan Direction": "Forward", "Index Name": "movie_id_movie_info", "Relation Name": "movie_info", "Alias": "mi", "Startup Cost": 0.0, "Total Cost": 2.46, "Plan Rows": 1, "Plan Width": 8, "Actual Startup Time": 0.0, "Actual Total Time": 0.0, "Index Cond": "(movie_id = t.id)", "Rows Removed by Index Recheck": 0, "Filter": "((info)::text = ANY ('{USA,America}'::text[]))", "Rows Removed by Filter": 0}]}, {"Node Type": "Index Scan", "Parent Relationship": "Inner", "Scan Direction": "Forward", "Index Name": "info_type_pkey", "Relation Name": "info_type", "Alias": "it", "Startup Cost": 0.0, "Total Cost": 0.27, "Plan Rows": 1, "Plan Width": 4, "Actual Startup Time": 0.0, "Actual Total Time": 0.0, "Index Cond": "(id = mi.info_type_id)", "Rows Removed by Index Recheck": 0}]}]}, "Triggers": [], "Planner Runtime": 9.381, "Total Runtime": 707.729, "Unique SQL Id": 328306525}}, "(64, '46')": {"explain_plan": {"Plan": {"Node Type": "Aggregate", "Strategy": "Plain", "Startup Cost": 217016.61, "Total Cost": 217016.62, "Plan Rows": 1, "Plan Width": 49, "Plans": [{"Node Type": "Nested Loop", "Parent Relationship": "Outer", "Join Type": "Inner", "Startup Cost": 134492.69, "Total Cost": 217016.55, "Plan Rows": 24, "Plan Width": 17, "Inner Unique": false, "Join Filter": "(mi.info_type_id = it.id)", "Plans": [{"Node Type": "Seq Scan", "Parent Relationship": "Outer", "Relation Name": "info_type", "Alias": "it", "Startup Cost": 0.0, "Total Cost": 2.12, "Plan Rows": 112, "Plan Width": 4}, {"Node Type": "Materialize", "Parent Relationship": "Inner", "Startup Cost": 134492.69, "Total Cost": 216974.17, "Plan Rows": 24, "Plan Width": 21, "Plans": [{"Node Type": "Hash Join", "Parent Relationship": "Outer", "Join Type": "Inner", "Startup Cost": 134492.69, "Total Cost": 216974.05, "Plan Rows": 24, "Plan Width": 21, "Inner Unique": false, "Hash Cond": "(mi.movie_id = t.id)", "Plans": [{"Node Type": "Streaming(type: LOCAL GATHER dop: 1/64)", "Parent Relationship": "Outer", "Startup Cost": 0.0, "Total Cost": 80287.65, "Plan Rows": 584897, "Plan Width": 8, "Plans": [{"Node Type": "Seq Scan", "Parent Relationship": "Outer", "Relation Name": "movie_info", "Alias": "mi", "Startup Cost": 0.0, "Total Cost": 68221.29, "Plan Rows": 584897, "Plan Width": 8, "Filter": "((info)::text = ANY ('{USA,America}'::text[]))"}]}, {"Node Type": "Hash", "Parent Relationship": "Inner", "Startup Cost": 134492.29, "Total Cost": 134492.29, "Plan Rows": 32, "Plan Width": 25, "Plans": [{"Node Type": "Hash Join", "Parent Relationship": "Outer", "Join Type": "Inner", "Startup Cost": 61387.89, "Total Cost": 134492.29, "Plan Rows": 32, "Plan Width": 25, "Inner Unique": false, "Hash Cond": "(t.id = mc.movie_id)", "Plans": [{"Node Type": "Streaming(type: LOCAL GATHER dop: 1/64)", "Parent Relationship": "Outer", "Startup Cost": 0.0, "Total Cost": 72112.93, "Plan Rows": 391451, "Plan Width": 21, "Plans": [{"Node Type": "Seq Scan", "Parent Relationship": "Outer", "Relation Name": "title", "Alias": "t", "Startup Cost": 0.0, "Total Cost": 64037.34, "Plan Rows": 391451, "Plan Width": 21, "Filter": "(production_year > 2010), (LLVM Optimized)"}]}, {"Node Type": "Hash", "Parent Relationship": "Inner", "Startup Cost": 61387.52, "Total Cost": 61387.52, "Plan Rows": 30, "Plan Width": 4, "Plans": [{"Node Type": "Nested Loop", "Parent Relationship": "Outer", "Join Type": "Inner", "Startup Cost": 0.0, "Total Cost": 61387.52, "Plan Rows": 30, "Plan Width": 4, "Inner Unique": false, "Join Filter": "(ct.id = mc.company_type_id)", "Plans": [{"Node Type": "Seq Scan", "Parent Relationship": "Outer", "Relation Name": "company_type", "Alias": "ct", "Startup Cost": 0.0, "Total Cost": 1.04, "Plan Rows": 1, "Plan Width": 4, "Filter": "((kind)::text = 'production companies'::text)"}, {"Node Type": "Seq Scan", "Parent Relationship": "Inner", "Relation Name": "movie_companies", "Alias": "mc", "Startup Cost": 0.0, "Total Cost": 61385.74, "Plan Rows": 59, "Plan Width": 8, "Filter": "(((note)::text ~~ '%(VHS)%'::text) AND ((note)::text ~~ '%(USA)%'::text) AND ((note)::text ~~ '%(1994)%'::text))"}]}]}]}]}]}]}]}]}, "Unique SQL Id": 328306525, "Planner Runtime": 12}, "explain_analyze_plan": {"Plan": {"Node Type": "Aggregate", "Strategy": "Plain", "Startup Cost": 217016.61, "Total Cost": 217016.62, "Plan Rows": 1, "Plan Width": 49, "Actual Min Startup Time": 966.084, "Actual Max Startup Time": 966.084, "Actual Min Total Time": 966.084, "Actual Max Total Time": 966.084, "Plans": [{"Node Type": "Nested Loop", "Parent Relationship": "Outer", "Join Type": "Inner", "Startup Cost": 134492.69, "Total Cost": 217016.55, "Plan Rows": 24, "Plan Width": 17, "Actual Min Startup Time": 966.077, "Actual Max Startup Time": 966.077, "Actual Min Total Time": 966.077, "Actual Max Total Time": 966.077, "Inner Unique": false, "Join Filter": "(mi.info_type_id = it.id)", "Rows Removed by Join Filter": 0, "Plans": [{"Node Type": "Seq Scan", "Parent Relationship": "Outer", "Relation Name": "info_type", "Alias": "it", "Startup Cost": 0.0, "Total Cost": 2.12, "Plan Rows": 112, "Plan Width": 4, "Actual Min Startup Time": 0.051, "Actual Max Startup Time": 0.051, "Actual Min Total Time": 0.064, "Actual Max Total Time": 0.064, "Actual Rows": 112}, {"Node Type": "Materialize", "Parent Relationship": "Inner", "Startup Cost": 134492.69, "Total Cost": 216974.17, "Plan Rows": 24, "Plan Width": 21, "Actual Min Startup Time": 965.965, "Actual Max Startup Time": 965.965, "Actual Min Total Time": 965.965, "Actual Max Total Time": 965.965, "Plans": [{"Node Type": "Hash Join", "Parent Relationship": "Outer", "Join Type": "Inner", "Startup Cost": 134492.69, "Total Cost": 216974.05, "Plan Rows": 24, "Plan Width": 21, "Actual Min Startup Time": 965.945, "Actual Max Startup Time": 965.945, "Actual Min Total Time": 965.945, "Actual Max Total Time": 965.945, "Inner Unique": false, "Hash Cond": "(mi.movie_id = t.id)", "Plans": [{"Node Type": "Streaming(type: LOCAL GATHER dop: 1/64)", "Parent Relationship": "Outer", "Startup Cost": 0.0, "Total Cost": 80287.65, "Plan Rows": 584897, "Plan Width": 8, "Actual Startup Time": 0.0, "Actual Total Time": 0.0, "Plans": [{"Node Type": "Seq Scan", "Parent Relationship": "Outer", "Relation Name": "movie_info", "Alias": "mi", "Startup Cost": 0.0, "Total Cost": 68221.29, "Plan Rows": 584897, "Plan Width": 8, "Actual Min Startup Time": 0.037, "Actual Max Startup Time": 43.211, "Actual Min Total Time": 12.079, "Actual Max Total Time": 118.593, "Filter": "((info)::text = ANY ('{USA,America}'::text[]))", "Rows Removed by Filter": 10824957, "Actual Rows": 6464}]}, {"Node Type": "Hash", "Parent Relationship": "Inner", "Startup Cost": 134492.29, "Total Cost": 134492.29, "Plan Rows": 32, "Plan Width": 25, "Actual Min Startup Time": 965.613, "Actual Max Startup Time": 965.613, "Actual Min Total Time": 965.613, "Actual Max Total Time": 965.613, "Max Hash Buckets": 32768, "Min Hash Buckets": 32768, "Max Hash Batches": 1, "Min Hash Batches": 1, "Max Original Hash Batches": 1, "Min Original Hash Batches": 1, "Max Peak Memory Usage": 0, "min Peak Memory Usage": 0, "Plans": [{"Node Type": "Hash Join", "Parent Relationship": "Outer", "Join Type": "Inner", "Startup Cost": 61387.89, "Total Cost": 134492.29, "Plan Rows": 32, "Plan Width": 25, "Actual Min Startup Time": 965.611, "Actual Max Startup Time": 965.611, "Actual Min Total Time": 965.611, "Actual Max Total Time": 965.611, "Inner Unique": false, "Hash Cond": "(t.id = mc.movie_id)", "Plans": [{"Node Type": "Streaming(type: LOCAL GATHER dop: 1/64)", "Parent Relationship": "Outer", "Startup Cost": 0.0, "Total Cost": 72112.93, "Plan Rows": 391451, "Plan Width": 21, "Actual Startup Time": 0.0, "Actual Total Time": 0.0, "Plans": [{"Node Type": "Seq Scan", "Parent Relationship": "Outer", "Relation Name": "title", "Alias": "t", "Startup Cost": 0.0, "Total Cost": 64037.34, "Plan Rows": 391451, "Plan Width": 21, "Actual Min Startup Time": 0.029, "Actual Max Startup Time": 0.059, "Actual Min Total Time": 0.217, "Actual Max Total Time": 0.311, "Filter": "(production_year > 2010), (LLVM Optimized)", "Rows Removed by Filter": 33125, "Actual Rows": 6464}]}, {"Node Type": "Hash", "Parent Relationship": "Inner", "Startup Cost": 61387.52, "Total Cost": 61387.52, "Plan Rows": 30, "Plan Width": 4, "Actual Min Startup Time": 965.349, "Actual Max Startup Time": 965.349, "Actual Min Total Time": 965.349, "Actual Max Total Time": 965.349, "Max Hash Buckets": 32768, "Min Hash Buckets": 32768, "Max Hash Batches": 1, "Min Hash Batches": 1, "Max Original Hash Batches": 1, "Min Original Hash Batches": 1, "Max Peak Memory Usage": 0, "min Peak Memory Usage": 0, "Plans": [{"Node Type": "Nested Loop", "Parent Relationship": "Outer", "Join Type": "Inner", "Startup Cost": 0.0, "Total Cost": 61387.52, "Plan Rows": 30, "Plan Width": 4, "Actual Min Startup Time": 965.345, "Actual Max Startup Time": 965.345, "Actual Min Total Time": 965.345, "Actual Max Total Time": 965.345, "Inner Unique": false, "Join Filter": "(ct.id = mc.company_type_id)", "Rows Removed by Join Filter": 1418, "Plans": [{"Node Type": "Seq Scan", "Parent Relationship": "Outer", "Relation Name": "company_type", "Alias": "ct", "Startup Cost": 0.0, "Total Cost": 1.04, "Plan Rows": 1, "Plan Width": 4, "Actual Min Startup Time": 0.042, "Actual Max Startup Time": 0.042, "Actual Min Total Time": 0.048, "Actual Max Total Time": 0.048, "Filter": "((kind)::text = 'production companies'::text)", "Rows Removed by Filter": 2, "Actual Rows": 1}, {"Node Type": "Seq Scan", "Parent Relationship": "Inner", "Relation Name": "movie_companies", "Alias": "mc", "Startup Cost": 0.0, "Total Cost": 61385.74, "Plan Rows": 59, "Plan Width": 8, "Actual Min Startup Time": 4.0, "Actual Max Startup Time": 4.0, "Actual Min Total Time": 964.7, "Actual Max Total Time": 964.7, "Filter": "(((note)::text ~~ '%(VHS)%'::text) AND ((note)::text ~~ '%(USA)%'::text) AND ((note)::text ~~ '%(1994)%'::text))", "Rows Removed by Filter": 2607710, "Actual Rows": 1418}], "Actual Rows": 0}], "Actual Rows": 0}], "Actual Rows": 0}], "Actual Rows": 0}], "Actual Rows": 0}], "Actual Rows": 0}], "Actual Rows": 0}], "Actual Rows": 1}, "Triggers": [], "Planner Runtime": 15.713, "Total Runtime": 999.265, "Unique SQL Id": 328306525}}, "(64, '47')": {"explain_plan": {"Plan": {"Node Type": "Aggregate", "Strategy": "Plain", "Startup Cost": 5000130950484.58, "Total Cost": 5000130950484.59, "Plan Rows": 1, "Plan Width": 49, "Plans": [{"Node Type": "Nested Loop", "Parent Relationship": "Outer", "Join Type": "Inner", "Startup Cost": 50000000000.0, "Total Cost": 5000130950484.52, "Plan Rows": 24, "Plan Width": 17, "Inner Unique": true, "Join Filter": "(mi.info_type_id = it.id)", "Plans": [{"Node Type": "Nested Loop", "Parent Relationship": "Outer", "Join Type": "Inner", "Startup Cost": 40000000000.0, "Total Cost": 4000130949050.92, "Plan Rows": 24, "Plan Width": 21, "Inner Unique": false, "Join Filter": "(t.id = mi.movie_id)", "Plans": [{"Node Type": "Index Scan", "Parent Relationship": "Outer", "Scan Direction": "Forward", "Index Name": "info_type_id_movie_info", "Relation Name": "movie_info", "Alias": "mi", "Startup Cost": 10000000000.0, "Total Cost": 1000107401445.12, "Plan Rows": 584897, "Plan Width": 8, "Filter": "((info)::text = ANY ('{USA,America}'::text[]))"}, {"Node Type": "Materialize", "Parent Relationship": "Inner", "Startup Cost": 30000000000.0, "Total Cost": 3000023266855.32, "Plan Rows": 32, "Plan Width": 25, "Plans": [{"Node Type": "Nested Loop", "Parent Relationship": "Outer", "Join Type": "Inner", "Startup Cost": 30000000000.0, "Total Cost": 3000023266855.16, "Plan Rows": 32, "Plan Width": 25, "Inner Unique": true, "Join Filter": "(mc.company_type_id = ct.id)", "Plans": [{"Node Type": "Nested Loop", "Parent Relationship": "Outer", "Join Type": "Inner", "Startup Cost": 20000000000.0, "Total Cost": 2000023265623.95, "Plan Rows": 64, "Plan Width": 29, "Inner Unique": false, "Join Filter": "(mc.movie_id = t.id)", "Plans": [{"Node Type": "Index Scan", "Parent Relationship": "Outer", "Scan Direction": "Forward", "Index Name": "title_pkey", "Relation Name": "title", "Alias": "t", "Startup Cost": 10000000000.0, "Total Cost": 1000011644126.66, "Plan Rows": 391451, "Plan Width": 21, "Filter": "(production_year > 2010), (LLVM Optimized)"}, {"Node Type": "Materialize", "Parent Relationship": "Inner", "Startup Cost": 10000000000.0, "Total Cost": 1000011275063.29, "Plan Rows": 59, "Plan Width": 8, "Plans": [{"Node Type": "Index Scan", "Parent Relationship": "Outer", "Scan Direction": "Forward", "Index Name": "company_type_id_movie_companies", "Relation Name": "movie_companies", "Alias": "mc", "Startup Cost": 10000000000.0, "Total Cost": 1000011275063.0, "Plan Rows": 59, "Plan Width": 8, "Filter": "(((note)::text ~~ '%(VHS)%'::text) AND ((note)::text ~~ '%(USA)%'::text) AND ((note)::text ~~ '%(1994)%'::text))"}]}]}, {"Node Type": "Materialize", "Parent Relationship": "Inner", "Startup Cost": 10000000000.0, "Total Cost": 1000000001230.26, "Plan Rows": 1, "Plan Width": 4, "Plans": [{"Node Type": "Index Scan", "Parent Relationship": "Outer", "Scan Direction": "Forward", "Index Name": "company_type_pkey", "Relation Name": "company_type", "Alias": "ct", "Startup Cost": 10000000000.0, "Total Cost": 1000000001230.25, "Plan Rows": 1, "Plan Width": 4, "Filter": "((kind)::text = 'production companies'::text)"}]}]}]}]}, {"Node Type": "Materialize", "Parent Relationship": "Inner", "Startup Cost": 10000000000.0, "Total Cost": 1000000001393.56, "Plan Rows": 112, "Plan Width": 4, "Plans": [{"Node Type": "Index Scan", "Parent Relationship": "Outer", "Scan Direction": "Forward", "Index Name": "info_type_pkey", "Relation Name": "info_type", "Alias": "it", "Startup Cost": 10000000000.0, "Total Cost": 1000000001393.0, "Plan Rows": 112, "Plan Width": 4}]}]}]}, "Unique SQL Id": 328306525, "Planner Runtime": 6}, "explain_analyze_plan": null}, "(64, '48')": {"explain_plan": {"Plan": {"Node Type": "Aggregate", "Strategy": "Plain", "Startup Cost": 61721.76, "Total Cost": 61721.77, "Plan Rows": 1, "Plan Width": 49, "Plans": [{"Node Type": "Nested Loop", "Parent Relationship": "Outer", "Join Type": "Inner", "Startup Cost": 0.0, "Total Cost": 61721.7, "Plan Rows": 24, "Plan Width": 17, "Inner Unique": true, "Plans": [{"Node Type": "Nested Loop", "Parent Relationship": "Outer", "Join Type": "Inner", "Startup Cost": 0.0, "Total Cost": 61714.98, "Plan Rows": 24, "Plan Width": 21, "Inner Unique": false, "Plans": [{"Node Type": "Nested Loop", "Parent Relationship": "Outer", "Join Type": "Inner", "Startup Cost": 0.0, "Total Cost": 61635.99, "Plan Rows": 32, "Plan Width": 25, "Inner Unique": true, "Plans": [{"Node Type": "Nested Loop", "Parent Relationship": "Outer", "Join Type": "Inner", "Startup Cost": 0.0, "Total Cost": 61387.52, "Plan Rows": 30, "Plan Width": 4, "Inner Unique": false, "Join Filter": "(ct.id = mc.company_type_id)", "Plans": [{"Node Type": "Seq Scan", "Parent Relationship": "Outer", "Relation Name": "company_type", "Alias": "ct", "Startup Cost": 0.0, "Total Cost": 1.04, "Plan Rows": 1, "Plan Width": 4, "Filter": "((kind)::text = 'production companies'::text)"}, {"Node Type": "Seq Scan", "Parent Relationship": "Inner", "Relation Name": "movie_companies", "Alias": "mc", "Startup Cost": 0.0, "Total Cost": 61385.74, "Plan Rows": 59, "Plan Width": 8, "Filter": "(((note)::text ~~ '%(VHS)%'::text) AND ((note)::text ~~ '%(USA)%'::text) AND ((note)::text ~~ '%(1994)%'::text))"}]}, {"Node Type": "Index Scan", "Parent Relationship": "Inner", "Scan Direction": "Forward", "Index Name": "title_pkey", "Relation Name": "title", "Alias": "t", "Startup Cost": 0.0, "Total Cost": 8.27, "Plan Rows": 1, "Plan Width": 21, "Index Cond": "(id = mc.movie_id)", "Filter": "(production_year > 2010)"}]}, {"Node Type": "Index Scan", "Parent Relationship": "Inner", "Scan Direction": "Forward", "Index Name": "movie_id_movie_info", "Relation Name": "movie_info", "Alias": "mi", "Startup Cost": 0.0, "Total Cost": 2.46, "Plan Rows": 1, "Plan Width": 8, "Index Cond": "(movie_id = t.id)", "Filter": "((info)::text = ANY ('{USA,America}'::text[]))"}]}, {"Node Type": "Index Only Scan", "Parent Relationship": "Inner", "Scan Direction": "Forward", "Index Name": "info_type_pkey", "Relation Name": "info_type", "Alias": "it", "Startup Cost": 0.0, "Total Cost": 0.27, "Plan Rows": 1, "Plan Width": 4, "Index Cond": "(id = mi.info_type_id)"}]}]}, "Unique SQL Id": 328306525, "Planner Runtime": 4}, "explain_analyze_plan": {"Plan": {"Node Type": "Aggregate", "Strategy": "Plain", "Startup Cost": 61721.76, "Total Cost": 61721.77, "Plan Rows": 1, "Plan Width": 49, "Actual Startup Time": 965.018, "Actual Total Time": 965.019, "Actual Rows": 1, "Actual Loops": 1, "Plans": [{"Node Type": "Nested Loop", "Parent Relationship": "Outer", "Join Type": "Inner", "Startup Cost": 0.0, "Total Cost": 61721.7, "Plan Rows": 24, "Plan Width": 17, "Actual Startup Time": 965.012, "Actual Total Time": 965.012, "Actual Rows": 0, "Actual Loops": 1, "Inner Unique": true, "Plans": [{"Node Type": "Nested Loop", "Parent Relationship": "Outer", "Join Type": "Inner", "Startup Cost": 0.0, "Total Cost": 61714.98, "Plan Rows": 24, "Plan Width": 21, "Actual Startup Time": 965.011, "Actual Total Time": 965.011, "Actual Rows": 0, "Actual Loops": 1, "Inner Unique": false, "Plans": [{"Node Type": "Nested Loop", "Parent Relationship": "Outer", "Join Type": "Inner", "Startup Cost": 0.0, "Total Cost": 61635.99, "Plan Rows": 32, "Plan Width": 25, "Actual Startup Time": 965.009, "Actual Total Time": 965.009, "Actual Rows": 0, "Actual Loops": 1, "Inner Unique": true, "Plans": [{"Node Type": "Nested Loop", "Parent Relationship": "Outer", "Join Type": "Inner", "Startup Cost": 0.0, "Total Cost": 61387.52, "Plan Rows": 30, "Plan Width": 4, "Actual Startup Time": 965.006, "Actual Total Time": 965.006, "Actual Rows": 0, "Actual Loops": 1, "Inner Unique": false, "Join Filter": "(ct.id = mc.company_type_id)", "Rows Removed by Join Filter": 1418, "Plans": [{"Node Type": "Seq Scan", "Parent Relationship": "Outer", "Relation Name": "company_type", "Alias": "ct", "Startup Cost": 0.0, "Total Cost": 1.04, "Plan Rows": 1, "Plan Width": 4, "Actual Startup Time": 0.014, "Actual Total Time": 0.021, "Actual Rows": 1, "Actual Loops": 1, "Filter": "((kind)::text = 'production companies'::text)", "Rows Removed by Filter": 2}, {"Node Type": "Seq Scan", "Parent Relationship": "Inner", "Relation Name": "movie_companies", "Alias": "mc", "Startup Cost": 0.0, "Total Cost": 61385.74, "Plan Rows": 59, "Plan Width": 8, "Actual Startup Time": 3.955, "Actual Total Time": 964.568, "Actual Rows": 1418, "Actual Loops": 1, "Filter": "(((note)::text ~~ '%(VHS)%'::text) AND ((note)::text ~~ '%(USA)%'::text) AND ((note)::text ~~ '%(1994)%'::text))", "Rows Removed by Filter": 2607710}]}, {"Node Type": "Index Scan", "Parent Relationship": "Inner", "Scan Direction": "Forward", "Index Name": "title_pkey", "Relation Name": "title", "Alias": "t", "Startup Cost": 0.0, "Total Cost": 8.27, "Plan Rows": 1, "Plan Width": 21, "Actual Startup Time": 0.0, "Actual Total Time": 0.0, "Index Cond": "(id = mc.movie_id)", "Rows Removed by Index Recheck": 0, "Filter": "(production_year > 2010)", "Rows Removed by Filter": 0}]}, {"Node Type": "Index Scan", "Parent Relationship": "Inner", "Scan Direction": "Forward", "Index Name": "movie_id_movie_info", "Relation Name": "movie_info", "Alias": "mi", "Startup Cost": 0.0, "Total Cost": 2.46, "Plan Rows": 1, "Plan Width": 8, "Actual Startup Time": 0.0, "Actual Total Time": 0.0, "Index Cond": "(movie_id = t.id)", "Rows Removed by Index Recheck": 0, "Filter": "((info)::text = ANY ('{USA,America}'::text[]))", "Rows Removed by Filter": 0}]}, {"Node Type": "Index Only Scan", "Parent Relationship": "Inner", "Scan Direction": "Forward", "Index Name": "info_type_pkey", "Relation Name": "info_type", "Alias": "it", "Startup Cost": 0.0, "Total Cost": 0.27, "Plan Rows": 1, "Plan Width": 4, "Actual Startup Time": 0.0, "Actual Total Time": 0.0, "Index Cond": "(id = mi.info_type_id)", "Rows Removed by Index Recheck": 0, "Heap Fetches": 0}]}]}, "Triggers": [], "Planner Runtime": 9.305, "Total Runtime": 965.287, "Unique SQL Id": 328306525}}, "(64, '49')": {"explain_plan": {"Plan": {"Node Type": "Aggregate", "Strategy": "Plain", "Startup Cost": 63248.6, "Total Cost": 63248.61, "Plan Rows": 1, "Plan Width": 49, "Plans": [{"Node Type": "Nested Loop", "Parent Relationship": "Outer", "Join Type": "Inner", "Startup Cost": 0.0, "Total Cost": 63248.54, "Plan Rows": 24, "Plan Width": 17, "Inner Unique": true, "Plans": [{"Node Type": "Nested Loop", "Parent Relationship": "Outer", "Join Type": "Inner", "Startup Cost": 0.0, "Total Cost": 63241.82, "Plan Rows": 24, "Plan Width": 21, "Inner Unique": false, "Plans": [{"Node Type": "Nested Loop", "Parent Relationship": "Outer", "Join Type": "Inner", "Startup Cost": 0.0, "Total Cost": 63162.83, "Plan Rows": 32, "Plan Width": 25, "Inner Unique": true, "Plans": [{"Node Type": "Nested Loop", "Parent Relationship": "Outer", "Join Type": "Inner", "Startup Cost": 0.0, "Total Cost": 62914.35, "Plan Rows": 30, "Plan Width": 4, "Inner Unique": false, "Plans": [{"Node Type": "Index Scan", "Parent Relationship": "Outer", "Scan Direction": "Forward", "Index Name": "company_type_pkey", "Relation Name": "company_type", "Alias": "ct", "Startup Cost": 0.0, "Total Cost": 12.3, "Plan Rows": 1, "Plan Width": 4, "Filter": "((kind)::text = 'production companies'::text)"}, {"Node Type": "Index Scan", "Parent Relationship": "Inner", "Scan Direction": "Forward", "Index Name": "company_type_id_movie_companies", "Relation Name": "movie_companies", "Alias": "mc", "Startup Cost": 0.0, "Total Cost": 62901.76, "Plan Rows": 29, "Plan Width": 8, "Index Cond": "(company_type_id = ct.id)", "Filter": "(((note)::text ~~ '%(VHS)%'::text) AND ((note)::text ~~ '%(USA)%'::text) AND ((note)::text ~~ '%(1994)%'::text))"}]}, {"Node Type": "Index Scan", "Parent Relationship": "Inner", "Scan Direction": "Forward", "Index Name": "title_pkey", "Relation Name": "title", "Alias": "t", "Startup Cost": 0.0, "Total Cost": 8.27, "Plan Rows": 1, "Plan Width": 21, "Index Cond": "(id = mc.movie_id)", "Filter": "(production_year > 2010)"}]}, {"Node Type": "Index Scan", "Parent Relationship": "Inner", "Scan Direction": "Forward", "Index Name": "movie_id_movie_info", "Relation Name": "movie_info", "Alias": "mi", "Startup Cost": 0.0, "Total Cost": 2.46, "Plan Rows": 1, "Plan Width": 8, "Index Cond": "(movie_id = t.id)", "Filter": "((info)::text = ANY ('{USA,America}'::text[]))"}]}, {"Node Type": "Index Only Scan", "Parent Relationship": "Inner", "Scan Direction": "Forward", "Index Name": "info_type_pkey", "Relation Name": "info_type", "Alias": "it", "Startup Cost": 0.0, "Total Cost": 0.27, "Plan Rows": 1, "Plan Width": 4, "Index Cond": "(id = mi.info_type_id)"}]}]}, "Unique SQL Id": 328306525, "Planner Runtime": 3}, "explain_analyze_plan": {"Plan": {"Node Type": "Aggregate", "Strategy": "Plain", "Startup Cost": 63248.6, "Total Cost": 63248.61, "Plan Rows": 1, "Plan Width": 49, "Actual Startup Time": 712.178, "Actual Total Time": 712.179, "Actual Rows": 1, "Actual Loops": 1, "Plans": [{"Node Type": "Nested Loop", "Parent Relationship": "Outer", "Join Type": "Inner", "Startup Cost": 0.0, "Total Cost": 63248.54, "Plan Rows": 24, "Plan Width": 17, "Actual Startup Time": 712.172, "Actual Total Time": 712.172, "Actual Rows": 0, "Actual Loops": 1, "Inner Unique": true, "Plans": [{"Node Type": "Nested Loop", "Parent Relationship": "Outer", "Join Type": "Inner", "Startup Cost": 0.0, "Total Cost": 63241.82, "Plan Rows": 24, "Plan Width": 21, "Actual Startup Time": 712.17, "Actual Total Time": 712.17, "Actual Rows": 0, "Actual Loops": 1, "Inner Unique": false, "Plans": [{"Node Type": "Nested Loop", "Parent Relationship": "Outer", "Join Type": "Inner", "Startup Cost": 0.0, "Total Cost": 63162.83, "Plan Rows": 32, "Plan Width": 25, "Actual Startup Time": 712.168, "Actual Total Time": 712.168, "Actual Rows": 0, "Actual Loops": 1, "Inner Unique": true, "Plans": [{"Node Type": "Nested Loop", "Parent Relationship": "Outer", "Join Type": "Inner", "Startup Cost": 0.0, "Total Cost": 62914.35, "Plan Rows": 30, "Plan Width": 4, "Actual Startup Time": 712.166, "Actual Total Time": 712.166, "Actual Rows": 0, "Actual Loops": 1, "Inner Unique": false, "Plans": [{"Node Type": "Index Scan", "Parent Relationship": "Outer", "Scan Direction": "Forward", "Index Name": "company_type_pkey", "Relation Name": "company_type", "Alias": "ct", "Startup Cost": 0.0, "Total Cost": 12.3, "Plan Rows": 1, "Plan Width": 4, "Actual Startup Time": 0.013, "Actual Total Time": 0.024, "Actual Rows": 1, "Actual Loops": 1, "Filter": "((kind)::text = 'production companies'::text)", "Rows Removed by Filter": 2}, {"Node Type": "Index Scan", "Parent Relationship": "Inner", "Scan Direction": "Forward", "Index Name": "company_type_id_movie_companies", "Relation Name": "movie_companies", "Alias": "mc", "Startup Cost": 0.0, "Total Cost": 62901.76, "Plan Rows": 29, "Plan Width": 8, "Actual Startup Time": 712.136, "Actual Total Time": 712.136, "Actual Rows": 0, "Actual Loops": 1, "Index Cond": "(company_type_id = ct.id)", "Rows Removed by Index Recheck": 0, "Filter": "(((note)::text ~~ '%(VHS)%'::text) AND ((note)::text ~~ '%(USA)%'::text) AND ((note)::text ~~ '%(1994)%'::text))", "Rows Removed by Filter": 1334883}]}, {"Node Type": "Index Scan", "Parent Relationship": "Inner", "Scan Direction": "Forward", "Index Name": "title_pkey", "Relation Name": "title", "Alias": "t", "Startup Cost": 0.0, "Total Cost": 8.27, "Plan Rows": 1, "Plan Width": 21, "Actual Startup Time": 0.0, "Actual Total Time": 0.0, "Index Cond": "(id = mc.movie_id)", "Rows Removed by Index Recheck": 0, "Filter": "(production_year > 2010)", "Rows Removed by Filter": 0}]}, {"Node Type": "Index Scan", "Parent Relationship": "Inner", "Scan Direction": "Forward", "Index Name": "movie_id_movie_info", "Relation Name": "movie_info", "Alias": "mi", "Startup Cost": 0.0, "Total Cost": 2.46, "Plan Rows": 1, "Plan Width": 8, "Actual Startup Time": 0.0, "Actual Total Time": 0.0, "Index Cond": "(movie_id = t.id)", "Rows Removed by Index Recheck": 0, "Filter": "((info)::text = ANY ('{USA,America}'::text[]))", "Rows Removed by Filter": 0}]}, {"Node Type": "Index Only Scan", "Parent Relationship": "Inner", "Scan Direction": "Forward", "Index Name": "info_type_pkey", "Relation Name": "info_type", "Alias": "it", "Startup Cost": 0.0, "Total Cost": 0.27, "Plan Rows": 1, "Plan Width": 4, "Actual Startup Time": 0.0, "Actual Total Time": 0.0, "Index Cond": "(id = mi.info_type_id)", "Rows Removed by Index Recheck": 0, "Heap Fetches": 0}]}]}, "Triggers": [], "Planner Runtime": 9.362, "Total Runtime": 712.43, "Unique SQL Id": 328306525}}, "(64, '50')": {"explain_plan": {"Plan": {"Node Type": "Aggregate", "Strategy": "Plain", "Startup Cost": 62302.06, "Total Cost": 62302.07, "Plan Rows": 1, "Plan Width": 49, "Plans": [{"Node Type": "Nested Loop", "Parent Relationship": "Outer", "Join Type": "Inner", "Startup Cost": 4.61, "Total Cost": 62302.0, "Plan Rows": 24, "Plan Width": 17, "Inner Unique": false, "Join Filter": "(mi.info_type_id = it.id)", "Plans": [{"Node Type": "Seq Scan", "Parent Relationship": "Outer", "Relation Name": "info_type", "Alias": "it", "Startup Cost": 0.0, "Total Cost": 2.12, "Plan Rows": 112, "Plan Width": 4}, {"Node Type": "Materialize", "Parent Relationship": "Inner", "Startup Cost": 4.61, "Total Cost": 62259.62, "Plan Rows": 24, "Plan Width": 21, "Plans": [{"Node Type": "Nested Loop", "Parent Relationship": "Outer", "Join Type": "Inner", "Startup Cost": 4.61, "Total Cost": 62259.5, "Plan Rows": 24, "Plan Width": 21, "Inner Unique": true, "Plans": [{"Node Type": "Nested Loop", "Parent Relationship": "Outer", "Join Type": "Inner", "Startup Cost": 4.29, "Total Cost": 62116.08, "Plan Rows": 33, "Plan Width": 12, "Inner Unique": false, "Plans": [{"Node Type": "Nested Loop", "Parent Relationship": "Outer", "Join Type": "Inner", "Startup Cost": 0.0, "Total Cost": 61387.52, "Plan Rows": 30, "Plan Width": 4, "Inner Unique": false, "Join Filter": "(ct.id = mc.company_type_id)", "Plans": [{"Node Type": "Seq Scan", "Parent Relationship": "Outer", "Relation Name": "company_type", "Alias": "ct", "Startup Cost": 0.0, "Total Cost": 1.04, "Plan Rows": 1, "Plan Width": 4, "Filter": "((kind)::text = 'production companies'::text)"}, {"Node Type": "Seq Scan", "Parent Relationship": "Inner", "Relation Name": "movie_companies", "Alias": "mc", "Startup Cost": 0.0, "Total Cost": 61385.74, "Plan Rows": 59, "Plan Width": 8, "Filter": "(((note)::text ~~ '%(VHS)%'::text) AND ((note)::text ~~ '%(USA)%'::text) AND ((note)::text ~~ '%(1994)%'::text))"}]}, {"Node Type": "Bitmap Heap Scan", "Parent Relationship": "Inner", "Relation Name": "movie_info", "Alias": "mi", "Startup Cost": 4.29, "Total Cost": 24.28, "Plan Rows": 1, "Plan Width": 8, "Recheck Cond": "(movie_id = mc.movie_id)", "Filter": "((info)::text = ANY ('{USA,America}'::text[]))", "Plans": [{"Node Type": "Bitmap Index Scan", "Parent Relationship": "Outer", "Index Name": "movie_id_movie_info", "Startup Cost": 0.0, "Total Cost": 4.29, "Plan Rows": 5, "Plan Width": 0, "Index Cond": "(movie_id = mc.movie_id)"}]}]}, {"Node Type": "Bitmap Heap Scan", "Parent Relationship": "Inner", "Relation Name": "title", "Alias": "t", "Startup Cost": 0.32, "Total Cost": 4.34, "Plan Rows": 1, "Plan Width": 21, "Recheck Cond": "(id = mi.movie_id)", "Filter": "(production_year > 2010)", "Plans": [{"Node Type": "Bitmap Index Scan", "Parent Relationship": "Outer", "Index Name": "title_pkey", "Startup Cost": 0.0, "Total Cost": 0.32, "Plan Rows": 1, "Plan Width": 0, "Index Cond": "(id = mi.movie_id)"}]}]}]}]}]}, "Unique SQL Id": 328306525, "Planner Runtime": 4}, "explain_analyze_plan": {"Plan": {"Node Type": "Aggregate", "Strategy": "Plain", "Startup Cost": 62302.06, "Total Cost": 62302.07, "Plan Rows": 1, "Plan Width": 49, "Actual Startup Time": 948.946, "Actual Total Time": 948.947, "Actual Rows": 1, "Actual Loops": 1, "Plans": [{"Node Type": "Nested Loop", "Parent Relationship": "Outer", "Join Type": "Inner", "Startup Cost": 4.61, "Total Cost": 62302.0, "Plan Rows": 24, "Plan Width": 17, "Actual Startup Time": 948.937, "Actual Total Time": 948.937, "Actual Rows": 0, "Actual Loops": 1, "Inner Unique": false, "Join Filter": "(mi.info_type_id = it.id)", "Rows Removed by Join Filter": 0, "Plans": [{"Node Type": "Seq Scan", "Parent Relationship": "Outer", "Relation Name": "info_type", "Alias": "it", "Startup Cost": 0.0, "Total Cost": 2.12, "Plan Rows": 112, "Plan Width": 4, "Actual Startup Time": 0.024, "Actual Total Time": 0.047, "Actual Rows": 112, "Actual Loops": 1}, {"Node Type": "Materialize", "Parent Relationship": "Inner", "Startup Cost": 4.61, "Total Cost": 62259.62, "Plan Rows": 24, "Plan Width": 21, "Actual Startup Time": 948.862, "Actual Total Time": 948.862, "Actual Rows": 0, "Actual Loops": 112, "Plans": [{"Node Type": "Nested Loop", "Parent Relationship": "Outer", "Join Type": "Inner", "Startup Cost": 4.61, "Total Cost": 62259.5, "Plan Rows": 24, "Plan Width": 21, "Actual Startup Time": 948.851, "Actual Total Time": 948.851, "Actual Rows": 0, "Actual Loops": 1, "Inner Unique": true, "Plans": [{"Node Type": "Nested Loop", "Parent Relationship": "Outer", "Join Type": "Inner", "Startup Cost": 4.29, "Total Cost": 62116.08, "Plan Rows": 33, "Plan Width": 12, "Actual Startup Time": 948.85, "Actual Total Time": 948.85, "Actual Rows": 0, "Actual Loops": 1, "Inner Unique": false, "Plans": [{"Node Type": "Nested Loop", "Parent Relationship": "Outer", "Join Type": "Inner", "Startup Cost": 0.0, "Total Cost": 61387.52, "Plan Rows": 30, "Plan Width": 4, "Actual Startup Time": 948.848, "Actual Total Time": 948.848, "Actual Rows": 0, "Actual Loops": 1, "Inner Unique": false, "Join Filter": "(ct.id = mc.company_type_id)", "Rows Removed by Join Filter": 1418, "Plans": [{"Node Type": "Seq Scan", "Parent Relationship": "Outer", "Relation Name": "company_type", "Alias": "ct", "Startup Cost": 0.0, "Total Cost": 1.04, "Plan Rows": 1, "Plan Width": 4, "Actual Startup Time": 0.009, "Actual Total Time": 0.014, "Actual Rows": 1, "Actual Loops": 1, "Filter": "((kind)::text = 'production companies'::text)", "Rows Removed by Filter": 2}, {"Node Type": "Seq Scan", "Parent Relationship": "Inner", "Relation Name": "movie_companies", "Alias": "mc", "Startup Cost": 0.0, "Total Cost": 61385.74, "Plan Rows": 59, "Plan Width": 8, "Actual Startup Time": 3.999, "Actual Total Time": 948.403, "Actual Rows": 1418, "Actual Loops": 1, "Filter": "(((note)::text ~~ '%(VHS)%'::text) AND ((note)::text ~~ '%(USA)%'::text) AND ((note)::text ~~ '%(1994)%'::text))", "Rows Removed by Filter": 2607710}]}, {"Node Type": "Bitmap Heap Scan", "Parent Relationship": "Inner", "Relation Name": "movie_info", "Alias": "mi", "Startup Cost": 4.29, "Total Cost": 24.28, "Plan Rows": 1, "Plan Width": 8, "Actual Startup Time": 0.0, "Actual Total Time": 0.0, "Recheck Cond": "(movie_id = mc.movie_id)", "Rows Removed by Index Recheck": 0, "Filter": "((info)::text = ANY ('{USA,America}'::text[]))", "Rows Removed by Filter": 0, "Exact Heap Blocks": 0, "Lossy Heap Blocks": 0, "Plans": [{"Node Type": "Bitmap Index Scan", "Parent Relationship": "Outer", "Index Name": "movie_id_movie_info", "Startup Cost": 0.0, "Total Cost": 4.29, "Plan Rows": 5, "Plan Width": 0, "Actual Startup Time": 0.0, "Actual Total Time": 0.0, "Index Cond": "(movie_id = mc.movie_id)"}]}]}, {"Node Type": "Bitmap Heap Scan", "Parent Relationship": "Inner", "Relation Name": "title", "Alias": "t", "Startup Cost": 0.32, "Total Cost": 4.34, "Plan Rows": 1, "Plan Width": 21, "Actual Startup Time": 0.0, "Actual Total Time": 0.0, "Recheck Cond": "(id = mi.movie_id)", "Rows Removed by Index Recheck": 0, "Filter": "(production_year > 2010)", "Rows Removed by Filter": 0, "Exact Heap Blocks": 0, "Lossy Heap Blocks": 0, "Plans": [{"Node Type": "Bitmap Index Scan", "Parent Relationship": "Outer", "Index Name": "title_pkey", "Startup Cost": 0.0, "Total Cost": 0.32, "Plan Rows": 1, "Plan Width": 0, "Actual Startup Time": 0.0, "Actual Total Time": 0.0, "Index Cond": "(id = mi.movie_id)"}]}]}]}]}]}, "Triggers": [], "Planner Runtime": 10.11, "Total Runtime": 949.204, "Unique SQL Id": 328306525}}, "(64, '51')": {"explain_plan": {"Plan": {"Node Type": "Aggregate", "Strategy": "Plain", "Startup Cost": 71749.13, "Total Cost": 71749.14, "Plan Rows": 1, "Plan Width": 49, "Plans": [{"Node Type": "Nested Loop", "Parent Relationship": "Outer", "Join Type": "Inner", "Startup Cost": 28957.62, "Total Cost": 71749.07, "Plan Rows": 24, "Plan Width": 17, "Inner Unique": true, "Plans": [{"Node Type": "Nested Loop", "Parent Relationship": "Outer", "Join Type": "Inner", "Startup Cost": 28957.36, "Total Cost": 71646.35, "Plan Rows": 24, "Plan Width": 21, "Inner Unique": true, "Plans": [{"Node Type": "Nested Loop", "Parent Relationship": "Outer", "Join Type": "Inner", "Startup Cost": 28957.04, "Total Cost": 71502.93, "Plan Rows": 33, "Plan Width": 12, "Inner Unique": false, "Plans": [{"Node Type": "Nested Loop", "Parent Relationship": "Outer", "Join Type": "Inner", "Startup Cost": 28952.75, "Total Cost": 70774.36, "Plan Rows": 30, "Plan Width": 4, "Inner Unique": false, "Plans": [{"Node Type": "Bitmap Heap Scan", "Parent Relationship": "Outer", "Relation Name": "company_type", "Alias": "ct", "Startup Cost": 8.27, "Total Cost": 12.3, "Plan Rows": 1, "Plan Width": 4, "Filter": "((kind)::text = 'production companies'::text)", "Plans": [{"Node Type": "Bitmap Index Scan", "Parent Relationship": "Outer", "Index Name": "company_type_pkey", "Startup Cost": 0.0, "Total Cost": 8.27, "Plan Rows": 3, "Plan Width": 0}]}, {"Node Type": "Bitmap Heap Scan", "Parent Relationship": "Inner", "Relation Name": "movie_companies", "Alias": "mc", "Startup Cost": 28944.49, "Total Cost": 70761.77, "Plan Rows": 29, "Plan Width": 8, "Recheck Cond": "(company_type_id = ct.id)", "Filter": "(((note)::text ~~ '%(VHS)%'::text) AND ((note)::text ~~ '%(USA)%'::text) AND ((note)::text ~~ '%(1994)%'::text))", "Plans": [{"Node Type": "Bitmap Index Scan", "Parent Relationship": "Outer", "Index Name": "company_type_id_movie_companies", "Startup Cost": 0.0, "Total Cost": 28944.48, "Plan Rows": 1304564, "Plan Width": 0, "Index Cond": "(company_type_id = ct.id)"}]}]}, {"Node Type": "Bitmap Heap Scan", "Parent Relationship": "Inner", "Relation Name": "movie_info", "Alias": "mi", "Startup Cost": 4.29, "Total Cost": 24.28, "Plan Rows": 1, "Plan Width": 8, "Recheck Cond": "(movie_id = mc.movie_id)", "Filter": "((info)::text = ANY ('{USA,America}'::text[]))", "Plans": [{"Node Type": "Bitmap Index Scan", "Parent Relationship": "Outer", "Index Name": "movie_id_movie_info", "Startup Cost": 0.0, "Total Cost": 4.29, "Plan Rows": 5, "Plan Width": 0, "Index Cond": "(movie_id = mc.movie_id)"}]}]}, {"Node Type": "Bitmap Heap Scan", "Parent Relationship": "Inner", "Relation Name": "title", "Alias": "t", "Startup Cost": 0.32, "Total Cost": 4.34, "Plan Rows": 1, "Plan Width": 21, "Recheck Cond": "(id = mi.movie_id)", "Filter": "(production_year > 2010)", "Plans": [{"Node Type": "Bitmap Index Scan", "Parent Relationship": "Outer", "Index Name": "title_pkey", "Startup Cost": 0.0, "Total Cost": 0.32, "Plan Rows": 1, "Plan Width": 0, "Index Cond": "(id = mi.movie_id)"}]}]}, {"Node Type": "Bitmap Heap Scan", "Parent Relationship": "Inner", "Relation Name": "info_type", "Alias": "it", "Startup Cost": 0.26, "Total Cost": 4.27, "Plan Rows": 1, "Plan Width": 4, "Recheck Cond": "(id = mi.info_type_id)", "Plans": [{"Node Type": "Bitmap Index Scan", "Parent Relationship": "Outer", "Index Name": "info_type_pkey", "Startup Cost": 0.0, "Total Cost": 0.26, "Plan Rows": 1, "Plan Width": 0, "Index Cond": "(id = mi.info_type_id)"}]}]}]}, "Unique SQL Id": 328306525, "Planner Runtime": 3}, "explain_analyze_plan": {"Plan": {"Node Type": "Aggregate", "Strategy": "Plain", "Startup Cost": 71749.13, "Total Cost": 71749.14, "Plan Rows": 1, "Plan Width": 49, "Actual Startup Time": 576.153, "Actual Total Time": 576.154, "Actual Rows": 1, "Actual Loops": 1, "Plans": [{"Node Type": "Nested Loop", "Parent Relationship": "Outer", "Join Type": "Inner", "Startup Cost": 28957.62, "Total Cost": 71749.07, "Plan Rows": 24, "Plan Width": 17, "Actual Startup Time": 576.145, "Actual Total Time": 576.145, "Actual Rows": 0, "Actual Loops": 1, "Inner Unique": true, "Plans": [{"Node Type": "Nested Loop", "Parent Relationship": "Outer", "Join Type": "Inner", "Startup Cost": 28957.36, "Total Cost": 71646.35, "Plan Rows": 24, "Plan Width": 21, "Actual Startup Time": 576.144, "Actual Total Time": 576.144, "Actual Rows": 0, "Actual Loops": 1, "Inner Unique": true, "Plans": [{"Node Type": "Nested Loop", "Parent Relationship": "Outer", "Join Type": "Inner", "Startup Cost": 28957.04, "Total Cost": 71502.93, "Plan Rows": 33, "Plan Width": 12, "Actual Startup Time": 576.143, "Actual Total Time": 576.143, "Actual Rows": 0, "Actual Loops": 1, "Inner Unique": false, "Plans": [{"Node Type": "Nested Loop", "Parent Relationship": "Outer", "Join Type": "Inner", "Startup Cost": 28952.75, "Total Cost": 70774.36, "Plan Rows": 30, "Plan Width": 4, "Actual Startup Time": 576.141, "Actual Total Time": 576.141, "Actual Rows": 0, "Actual Loops": 1, "Inner Unique": false, "Plans": [{"Node Type": "Bitmap Heap Scan", "Parent Relationship": "Outer", "Relation Name": "company_type", "Alias": "ct", "Startup Cost": 8.27, "Total Cost": 12.3, "Plan Rows": 1, "Plan Width": 4, "Actual Startup Time": 0.029, "Actual Total Time": 0.034, "Actual Rows": 1, "Actual Loops": 1, "Filter": "((kind)::text = 'production companies'::text)", "Rows Removed by Filter": 2, "Exact Heap Blocks": 1, "Lossy Heap Blocks": 1, "Plans": [{"Node Type": "Bitmap Index Scan", "Parent Relationship": "Outer", "Index Name": "company_type_pkey", "Startup Cost": 0.0, "Total Cost": 8.27, "Plan Rows": 3, "Plan Width": 0, "Actual Startup Time": 0.009, "Actual Total Time": 0.009, "Actual Rows": 3, "Actual Loops": 1}]}, {"Node Type": "Bitmap Heap Scan", "Parent Relationship": "Inner", "Relation Name": "movie_companies", "Alias": "mc", "Startup Cost": 28944.49, "Total Cost": 70761.77, "Plan Rows": 29, "Plan Width": 8, "Actual Startup Time": 576.098, "Actual Total Time": 576.098, "Actual Rows": 0, "Actual Loops": 1, "Recheck Cond": "(company_type_id = ct.id)", "Rows Removed by Index Recheck": 0, "Filter": "(((note)::text ~~ '%(VHS)%'::text) AND ((note)::text ~~ '%(USA)%'::text) AND ((note)::text ~~ '%(1994)%'::text))", "Rows Removed by Filter": 1334883, "Exact Heap Blocks": 6196, "Lossy Heap Blocks": 6196, "Plans": [{"Node Type": "Bitmap Index Scan", "Parent Relationship": "Outer", "Index Name": "company_type_id_movie_companies", "Startup Cost": 0.0, "Total Cost": 28944.48, "Plan Rows": 1304564, "Plan Width": 0, "Actual Startup Time": 146.94, "Actual Total Time": 146.94, "Actual Rows": 1334883, "Actual Loops": 1, "Index Cond": "(company_type_id = ct.id)"}]}]}, {"Node Type": "Bitmap Heap Scan", "Parent Relationship": "Inner", "Relation Name": "movie_info", "Alias": "mi", "Startup Cost": 4.29, "Total Cost": 24.28, "Plan Rows": 1, "Plan Width": 8, "Actual Startup Time": 0.0, "Actual Total Time": 0.0, "Recheck Cond": "(movie_id = mc.movie_id)", "Rows Removed by Index Recheck": 0, "Filter": "((info)::text = ANY ('{USA,America}'::text[]))", "Rows Removed by Filter": 0, "Exact Heap Blocks": 0, "Lossy Heap Blocks": 0, "Plans": [{"Node Type": "Bitmap Index Scan", "Parent Relationship": "Outer", "Index Name": "movie_id_movie_info", "Startup Cost": 0.0, "Total Cost": 4.29, "Plan Rows": 5, "Plan Width": 0, "Actual Startup Time": 0.0, "Actual Total Time": 0.0, "Index Cond": "(movie_id = mc.movie_id)"}]}]}, {"Node Type": "Bitmap Heap Scan", "Parent Relationship": "Inner", "Relation Name": "title", "Alias": "t", "Startup Cost": 0.32, "Total Cost": 4.34, "Plan Rows": 1, "Plan Width": 21, "Actual Startup Time": 0.0, "Actual Total Time": 0.0, "Recheck Cond": "(id = mi.movie_id)", "Rows Removed by Index Recheck": 0, "Filter": "(production_year > 2010)", "Rows Removed by Filter": 0, "Exact Heap Blocks": 0, "Lossy Heap Blocks": 0, "Plans": [{"Node Type": "Bitmap Index Scan", "Parent Relationship": "Outer", "Index Name": "title_pkey", "Startup Cost": 0.0, "Total Cost": 0.32, "Plan Rows": 1, "Plan Width": 0, "Actual Startup Time": 0.0, "Actual Total Time": 0.0, "Index Cond": "(id = mi.movie_id)"}]}]}, {"Node Type": "Bitmap Heap Scan", "Parent Relationship": "Inner", "Relation Name": "info_type", "Alias": "it", "Startup Cost": 0.26, "Total Cost": 4.27, "Plan Rows": 1, "Plan Width": 4, "Actual Startup Time": 0.0, "Actual Total Time": 0.0, "Recheck Cond": "(id = mi.info_type_id)", "Rows Removed by Index Recheck": 0, "Exact Heap Blocks": 0, "Lossy Heap Blocks": 0, "Plans": [{"Node Type": "Bitmap Index Scan", "Parent Relationship": "Outer", "Index Name": "info_type_pkey", "Startup Cost": 0.0, "Total Cost": 0.26, "Plan Rows": 1, "Plan Width": 0, "Actual Startup Time": 0.0, "Actual Total Time": 0.0, "Index Cond": "(id = mi.info_type_id)"}]}]}]}, "Triggers": [], "Planner Runtime": 8.36, "Total Runtime": 576.478, "Unique SQL Id": 328306525}}, "(64, '52')": {"explain_plan": {"Plan": {"Node Type": "Aggregate", "Strategy": "Plain", "Startup Cost": 61721.76, "Total Cost": 61721.77, "Plan Rows": 1, "Plan Width": 49, "Plans": [{"Node Type": "Nested Loop", "Parent Relationship": "Outer", "Join Type": "Inner", "Startup Cost": 0.0, "Total Cost": 61721.7, "Plan Rows": 24, "Plan Width": 17, "Inner Unique": true, "Plans": [{"Node Type": "Nested Loop", "Parent Relationship": "Outer", "Join Type": "Inner", "Startup Cost": 0.0, "Total Cost": 61714.98, "Plan Rows": 24, "Plan Width": 21, "Inner Unique": false, "Plans": [{"Node Type": "Nested Loop", "Parent Relationship": "Outer", "Join Type": "Inner", "Startup Cost": 0.0, "Total Cost": 61635.99, "Plan Rows": 32, "Plan Width": 25, "Inner Unique": true, "Plans": [{"Node Type": "Nested Loop", "Parent Relationship": "Outer", "Join Type": "Inner", "Startup Cost": 0.0, "Total Cost": 61387.52, "Plan Rows": 30, "Plan Width": 4, "Inner Unique": false, "Join Filter": "(ct.id = mc.company_type_id)", "Plans": [{"Node Type": "Seq Scan", "Parent Relationship": "Outer", "Relation Name": "company_type", "Alias": "ct", "Startup Cost": 0.0, "Total Cost": 1.04, "Plan Rows": 1, "Plan Width": 4, "Filter": "((kind)::text = 'production companies'::text)"}, {"Node Type": "Seq Scan", "Parent Relationship": "Inner", "Relation Name": "movie_companies", "Alias": "mc", "Startup Cost": 0.0, "Total Cost": 61385.74, "Plan Rows": 59, "Plan Width": 8, "Filter": "(((note)::text ~~ '%(VHS)%'::text) AND ((note)::text ~~ '%(USA)%'::text) AND ((note)::text ~~ '%(1994)%'::text))"}]}, {"Node Type": "Index Scan", "Parent Relationship": "Inner", "Scan Direction": "Forward", "Index Name": "title_pkey", "Relation Name": "title", "Alias": "t", "Startup Cost": 0.0, "Total Cost": 8.27, "Plan Rows": 1, "Plan Width": 21, "Index Cond": "(id = mc.movie_id)", "Filter": "(production_year > 2010)"}]}, {"Node Type": "Index Scan", "Parent Relationship": "Inner", "Scan Direction": "Forward", "Index Name": "movie_id_movie_info", "Relation Name": "movie_info", "Alias": "mi", "Startup Cost": 0.0, "Total Cost": 2.46, "Plan Rows": 1, "Plan Width": 8, "Index Cond": "(movie_id = t.id)", "Filter": "((info)::text = ANY ('{USA,America}'::text[]))"}]}, {"Node Type": "Index Scan", "Parent Relationship": "Inner", "Scan Direction": "Forward", "Index Name": "info_type_pkey", "Relation Name": "info_type", "Alias": "it", "Startup Cost": 0.0, "Total Cost": 0.27, "Plan Rows": 1, "Plan Width": 4, "Index Cond": "(id = mi.info_type_id)"}]}]}, "Unique SQL Id": 328306525, "Planner Runtime": 4}, "explain_analyze_plan": {"Plan": {"Node Type": "Aggregate", "Strategy": "Plain", "Startup Cost": 61721.76, "Total Cost": 61721.77, "Plan Rows": 1, "Plan Width": 49, "Actual Startup Time": 945.137, "Actual Total Time": 945.138, "Actual Rows": 1, "Actual Loops": 1, "Plans": [{"Node Type": "Nested Loop", "Parent Relationship": "Outer", "Join Type": "Inner", "Startup Cost": 0.0, "Total Cost": 61721.7, "Plan Rows": 24, "Plan Width": 17, "Actual Startup Time": 945.129, "Actual Total Time": 945.129, "Actual Rows": 0, "Actual Loops": 1, "Inner Unique": true, "Plans": [{"Node Type": "Nested Loop", "Parent Relationship": "Outer", "Join Type": "Inner", "Startup Cost": 0.0, "Total Cost": 61714.98, "Plan Rows": 24, "Plan Width": 21, "Actual Startup Time": 945.128, "Actual Total Time": 945.128, "Actual Rows": 0, "Actual Loops": 1, "Inner Unique": false, "Plans": [{"Node Type": "Nested Loop", "Parent Relationship": "Outer", "Join Type": "Inner", "Startup Cost": 0.0, "Total Cost": 61635.99, "Plan Rows": 32, "Plan Width": 25, "Actual Startup Time": 945.127, "Actual Total Time": 945.127, "Actual Rows": 0, "Actual Loops": 1, "Inner Unique": true, "Plans": [{"Node Type": "Nested Loop", "Parent Relationship": "Outer", "Join Type": "Inner", "Startup Cost": 0.0, "Total Cost": 61387.52, "Plan Rows": 30, "Plan Width": 4, "Actual Startup Time": 945.125, "Actual Total Time": 945.125, "Actual Rows": 0, "Actual Loops": 1, "Inner Unique": false, "Join Filter": "(ct.id = mc.company_type_id)", "Rows Removed by Join Filter": 1418, "Plans": [{"Node Type": "Seq Scan", "Parent Relationship": "Outer", "Relation Name": "company_type", "Alias": "ct", "Startup Cost": 0.0, "Total Cost": 1.04, "Plan Rows": 1, "Plan Width": 4, "Actual Startup Time": 0.021, "Actual Total Time": 0.027, "Actual Rows": 1, "Actual Loops": 1, "Filter": "((kind)::text = 'production companies'::text)", "Rows Removed by Filter": 2}, {"Node Type": "Seq Scan", "Parent Relationship": "Inner", "Relation Name": "movie_companies", "Alias": "mc", "Startup Cost": 0.0, "Total Cost": 61385.74, "Plan Rows": 59, "Plan Width": 8, "Actual Startup Time": 3.882, "Actual Total Time": 944.67, "Actual Rows": 1418, "Actual Loops": 1, "Filter": "(((note)::text ~~ '%(VHS)%'::text) AND ((note)::text ~~ '%(USA)%'::text) AND ((note)::text ~~ '%(1994)%'::text))", "Rows Removed by Filter": 2607710}]}, {"Node Type": "Index Scan", "Parent Relationship": "Inner", "Scan Direction": "Forward", "Index Name": "title_pkey", "Relation Name": "title", "Alias": "t", "Startup Cost": 0.0, "Total Cost": 8.27, "Plan Rows": 1, "Plan Width": 21, "Actual Startup Time": 0.0, "Actual Total Time": 0.0, "Index Cond": "(id = mc.movie_id)", "Rows Removed by Index Recheck": 0, "Filter": "(production_year > 2010)", "Rows Removed by Filter": 0}]}, {"Node Type": "Index Scan", "Parent Relationship": "Inner", "Scan Direction": "Forward", "Index Name": "movie_id_movie_info", "Relation Name": "movie_info", "Alias": "mi", "Startup Cost": 0.0, "Total Cost": 2.46, "Plan Rows": 1, "Plan Width": 8, "Actual Startup Time": 0.0, "Actual Total Time": 0.0, "Index Cond": "(movie_id = t.id)", "Rows Removed by Index Recheck": 0, "Filter": "((info)::text = ANY ('{USA,America}'::text[]))", "Rows Removed by Filter": 0}]}, {"Node Type": "Index Scan", "Parent Relationship": "Inner", "Scan Direction": "Forward", "Index Name": "info_type_pkey", "Relation Name": "info_type", "Alias": "it", "Startup Cost": 0.0, "Total Cost": 0.27, "Plan Rows": 1, "Plan Width": 4, "Actual Startup Time": 0.0, "Actual Total Time": 0.0, "Index Cond": "(id = mi.info_type_id)", "Rows Removed by Index Recheck": 0}]}]}, "Triggers": [], "Planner Runtime": 9.643, "Total Runtime": 945.575, "Unique SQL Id": 328306525}}, "(64, '53')": {"explain_plan": {"Plan": {"Node Type": "Aggregate", "Strategy": "Plain", "Startup Cost": 63248.6, "Total Cost": 63248.61, "Plan Rows": 1, "Plan Width": 49, "Plans": [{"Node Type": "Nested Loop", "Parent Relationship": "Outer", "Join Type": "Inner", "Startup Cost": 0.0, "Total Cost": 63248.54, "Plan Rows": 24, "Plan Width": 17, "Inner Unique": true, "Plans": [{"Node Type": "Nested Loop", "Parent Relationship": "Outer", "Join Type": "Inner", "Startup Cost": 0.0, "Total Cost": 63241.82, "Plan Rows": 24, "Plan Width": 21, "Inner Unique": false, "Plans": [{"Node Type": "Nested Loop", "Parent Relationship": "Outer", "Join Type": "Inner", "Startup Cost": 0.0, "Total Cost": 63162.83, "Plan Rows": 32, "Plan Width": 25, "Inner Unique": true, "Plans": [{"Node Type": "Nested Loop", "Parent Relationship": "Outer", "Join Type": "Inner", "Startup Cost": 0.0, "Total Cost": 62914.35, "Plan Rows": 30, "Plan Width": 4, "Inner Unique": false, "Plans": [{"Node Type": "Index Scan", "Parent Relationship": "Outer", "Scan Direction": "Forward", "Index Name": "company_type_pkey", "Relation Name": "company_type", "Alias": "ct", "Startup Cost": 0.0, "Total Cost": 12.3, "Plan Rows": 1, "Plan Width": 4, "Filter": "((kind)::text = 'production companies'::text)"}, {"Node Type": "Index Scan", "Parent Relationship": "Inner", "Scan Direction": "Forward", "Index Name": "company_type_id_movie_companies", "Relation Name": "movie_companies", "Alias": "mc", "Startup Cost": 0.0, "Total Cost": 62901.76, "Plan Rows": 29, "Plan Width": 8, "Index Cond": "(company_type_id = ct.id)", "Filter": "(((note)::text ~~ '%(VHS)%'::text) AND ((note)::text ~~ '%(USA)%'::text) AND ((note)::text ~~ '%(1994)%'::text))"}]}, {"Node Type": "Index Scan", "Parent Relationship": "Inner", "Scan Direction": "Forward", "Index Name": "title_pkey", "Relation Name": "title", "Alias": "t", "Startup Cost": 0.0, "Total Cost": 8.27, "Plan Rows": 1, "Plan Width": 21, "Index Cond": "(id = mc.movie_id)", "Filter": "(production_year > 2010)"}]}, {"Node Type": "Index Scan", "Parent Relationship": "Inner", "Scan Direction": "Forward", "Index Name": "movie_id_movie_info", "Relation Name": "movie_info", "Alias": "mi", "Startup Cost": 0.0, "Total Cost": 2.46, "Plan Rows": 1, "Plan Width": 8, "Index Cond": "(movie_id = t.id)", "Filter": "((info)::text = ANY ('{USA,America}'::text[]))"}]}, {"Node Type": "Index Scan", "Parent Relationship": "Inner", "Scan Direction": "Forward", "Index Name": "info_type_pkey", "Relation Name": "info_type", "Alias": "it", "Startup Cost": 0.0, "Total Cost": 0.27, "Plan Rows": 1, "Plan Width": 4, "Index Cond": "(id = mi.info_type_id)"}]}]}, "Unique SQL Id": 328306525, "Planner Runtime": 3}, "explain_analyze_plan": {"Plan": {"Node Type": "Aggregate", "Strategy": "Plain", "Startup Cost": 63248.6, "Total Cost": 63248.61, "Plan Rows": 1, "Plan Width": 49, "Actual Startup Time": 707.469, "Actual Total Time": 707.469, "Actual Rows": 1, "Actual Loops": 1, "Plans": [{"Node Type": "Nested Loop", "Parent Relationship": "Outer", "Join Type": "Inner", "Startup Cost": 0.0, "Total Cost": 63248.54, "Plan Rows": 24, "Plan Width": 17, "Actual Startup Time": 707.462, "Actual Total Time": 707.462, "Actual Rows": 0, "Actual Loops": 1, "Inner Unique": true, "Plans": [{"Node Type": "Nested Loop", "Parent Relationship": "Outer", "Join Type": "Inner", "Startup Cost": 0.0, "Total Cost": 63241.82, "Plan Rows": 24, "Plan Width": 21, "Actual Startup Time": 707.46, "Actual Total Time": 707.46, "Actual Rows": 0, "Actual Loops": 1, "Inner Unique": false, "Plans": [{"Node Type": "Nested Loop", "Parent Relationship": "Outer", "Join Type": "Inner", "Startup Cost": 0.0, "Total Cost": 63162.83, "Plan Rows": 32, "Plan Width": 25, "Actual Startup Time": 707.458, "Actual Total Time": 707.458, "Actual Rows": 0, "Actual Loops": 1, "Inner Unique": true, "Plans": [{"Node Type": "Nested Loop", "Parent Relationship": "Outer", "Join Type": "Inner", "Startup Cost": 0.0, "Total Cost": 62914.35, "Plan Rows": 30, "Plan Width": 4, "Actual Startup Time": 707.457, "Actual Total Time": 707.457, "Actual Rows": 0, "Actual Loops": 1, "Inner Unique": false, "Plans": [{"Node Type": "Index Scan", "Parent Relationship": "Outer", "Scan Direction": "Forward", "Index Name": "company_type_pkey", "Relation Name": "company_type", "Alias": "ct", "Startup Cost": 0.0, "Total Cost": 12.3, "Plan Rows": 1, "Plan Width": 4, "Actual Startup Time": 0.015, "Actual Total Time": 0.026, "Actual Rows": 1, "Actual Loops": 1, "Filter": "((kind)::text = 'production companies'::text)", "Rows Removed by Filter": 2}, {"Node Type": "Index Scan", "Parent Relationship": "Inner", "Scan Direction": "Forward", "Index Name": "company_type_id_movie_companies", "Relation Name": "movie_companies", "Alias": "mc", "Startup Cost": 0.0, "Total Cost": 62901.76, "Plan Rows": 29, "Plan Width": 8, "Actual Startup Time": 707.424, "Actual Total Time": 707.424, "Actual Rows": 0, "Actual Loops": 1, "Index Cond": "(company_type_id = ct.id)", "Rows Removed by Index Recheck": 0, "Filter": "(((note)::text ~~ '%(VHS)%'::text) AND ((note)::text ~~ '%(USA)%'::text) AND ((note)::text ~~ '%(1994)%'::text))", "Rows Removed by Filter": 1334883}]}, {"Node Type": "Index Scan", "Parent Relationship": "Inner", "Scan Direction": "Forward", "Index Name": "title_pkey", "Relation Name": "title", "Alias": "t", "Startup Cost": 0.0, "Total Cost": 8.27, "Plan Rows": 1, "Plan Width": 21, "Actual Startup Time": 0.0, "Actual Total Time": 0.0, "Index Cond": "(id = mc.movie_id)", "Rows Removed by Index Recheck": 0, "Filter": "(production_year > 2010)", "Rows Removed by Filter": 0}]}, {"Node Type": "Index Scan", "Parent Relationship": "Inner", "Scan Direction": "Forward", "Index Name": "movie_id_movie_info", "Relation Name": "movie_info", "Alias": "mi", "Startup Cost": 0.0, "Total Cost": 2.46, "Plan Rows": 1, "Plan Width": 8, "Actual Startup Time": 0.0, "Actual Total Time": 0.0, "Index Cond": "(movie_id = t.id)", "Rows Removed by Index Recheck": 0, "Filter": "((info)::text = ANY ('{USA,America}'::text[]))", "Rows Removed by Filter": 0}]}, {"Node Type": "Index Scan", "Parent Relationship": "Inner", "Scan Direction": "Forward", "Index Name": "info_type_pkey", "Relation Name": "info_type", "Alias": "it", "Startup Cost": 0.0, "Total Cost": 0.27, "Plan Rows": 1, "Plan Width": 4, "Actual Startup Time": 0.0, "Actual Total Time": 0.0, "Index Cond": "(id = mi.info_type_id)", "Rows Removed by Index Recheck": 0}]}]}, "Triggers": [], "Planner Runtime": 9.381, "Total Runtime": 707.729, "Unique SQL Id": 328306525}}, "(64, '54')": {"explain_plan": {"Plan": {"Node Type": "Aggregate", "Strategy": "Plain", "Startup Cost": 62302.06, "Total Cost": 62302.07, "Plan Rows": 1, "Plan Width": 49, "Plans": [{"Node Type": "Nested Loop", "Parent Relationship": "Outer", "Join Type": "Inner", "Startup Cost": 4.61, "Total Cost": 62302.0, "Plan Rows": 24, "Plan Width": 17, "Inner Unique": false, "Join Filter": "(mi.info_type_id = it.id)", "Plans": [{"Node Type": "Seq Scan", "Parent Relationship": "Outer", "Relation Name": "info_type", "Alias": "it", "Startup Cost": 0.0, "Total Cost": 2.12, "Plan Rows": 112, "Plan Width": 4}, {"Node Type": "Materialize", "Parent Relationship": "Inner", "Startup Cost": 4.61, "Total Cost": 62259.62, "Plan Rows": 24, "Plan Width": 21, "Plans": [{"Node Type": "Nested Loop", "Parent Relationship": "Outer", "Join Type": "Inner", "Startup Cost": 4.61, "Total Cost": 62259.5, "Plan Rows": 24, "Plan Width": 21, "Inner Unique": true, "Plans": [{"Node Type": "Nested Loop", "Parent Relationship": "Outer", "Join Type": "Inner", "Startup Cost": 4.29, "Total Cost": 62116.08, "Plan Rows": 33, "Plan Width": 12, "Inner Unique": false, "Plans": [{"Node Type": "Nested Loop", "Parent Relationship": "Outer", "Join Type": "Inner", "Startup Cost": 0.0, "Total Cost": 61387.52, "Plan Rows": 30, "Plan Width": 4, "Inner Unique": false, "Join Filter": "(ct.id = mc.company_type_id)", "Plans": [{"Node Type": "Seq Scan", "Parent Relationship": "Outer", "Relation Name": "company_type", "Alias": "ct", "Startup Cost": 0.0, "Total Cost": 1.04, "Plan Rows": 1, "Plan Width": 4, "Filter": "((kind)::text = 'production companies'::text)"}, {"Node Type": "Seq Scan", "Parent Relationship": "Inner", "Relation Name": "movie_companies", "Alias": "mc", "Startup Cost": 0.0, "Total Cost": 61385.74, "Plan Rows": 59, "Plan Width": 8, "Filter": "(((note)::text ~~ '%(VHS)%'::text) AND ((note)::text ~~ '%(USA)%'::text) AND ((note)::text ~~ '%(1994)%'::text))"}]}, {"Node Type": "Bitmap Heap Scan", "Parent Relationship": "Inner", "Relation Name": "movie_info", "Alias": "mi", "Startup Cost": 4.29, "Total Cost": 24.28, "Plan Rows": 1, "Plan Width": 8, "Recheck Cond": "(movie_id = mc.movie_id)", "Filter": "((info)::text = ANY ('{USA,America}'::text[]))", "Plans": [{"Node Type": "Bitmap Index Scan", "Parent Relationship": "Outer", "Index Name": "movie_id_movie_info", "Startup Cost": 0.0, "Total Cost": 4.29, "Plan Rows": 5, "Plan Width": 0, "Index Cond": "(movie_id = mc.movie_id)"}]}]}, {"Node Type": "Bitmap Heap Scan", "Parent Relationship": "Inner", "Relation Name": "title", "Alias": "t", "Startup Cost": 0.32, "Total Cost": 4.34, "Plan Rows": 1, "Plan Width": 21, "Recheck Cond": "(id = mi.movie_id)", "Filter": "(production_year > 2010)", "Plans": [{"Node Type": "Bitmap Index Scan", "Parent Relationship": "Outer", "Index Name": "title_pkey", "Startup Cost": 0.0, "Total Cost": 0.32, "Plan Rows": 1, "Plan Width": 0, "Index Cond": "(id = mi.movie_id)"}]}]}]}]}]}, "Unique SQL Id": 328306525, "Planner Runtime": 4}, "explain_analyze_plan": {"Plan": {"Node Type": "Aggregate", "Strategy": "Plain", "Startup Cost": 62302.06, "Total Cost": 62302.07, "Plan Rows": 1, "Plan Width": 49, "Actual Startup Time": 948.946, "Actual Total Time": 948.947, "Actual Rows": 1, "Actual Loops": 1, "Plans": [{"Node Type": "Nested Loop", "Parent Relationship": "Outer", "Join Type": "Inner", "Startup Cost": 4.61, "Total Cost": 62302.0, "Plan Rows": 24, "Plan Width": 17, "Actual Startup Time": 948.937, "Actual Total Time": 948.937, "Actual Rows": 0, "Actual Loops": 1, "Inner Unique": false, "Join Filter": "(mi.info_type_id = it.id)", "Rows Removed by Join Filter": 0, "Plans": [{"Node Type": "Seq Scan", "Parent Relationship": "Outer", "Relation Name": "info_type", "Alias": "it", "Startup Cost": 0.0, "Total Cost": 2.12, "Plan Rows": 112, "Plan Width": 4, "Actual Startup Time": 0.024, "Actual Total Time": 0.047, "Actual Rows": 112, "Actual Loops": 1}, {"Node Type": "Materialize", "Parent Relationship": "Inner", "Startup Cost": 4.61, "Total Cost": 62259.62, "Plan Rows": 24, "Plan Width": 21, "Actual Startup Time": 948.862, "Actual Total Time": 948.862, "Actual Rows": 0, "Actual Loops": 112, "Plans": [{"Node Type": "Nested Loop", "Parent Relationship": "Outer", "Join Type": "Inner", "Startup Cost": 4.61, "Total Cost": 62259.5, "Plan Rows": 24, "Plan Width": 21, "Actual Startup Time": 948.851, "Actual Total Time": 948.851, "Actual Rows": 0, "Actual Loops": 1, "Inner Unique": true, "Plans": [{"Node Type": "Nested Loop", "Parent Relationship": "Outer", "Join Type": "Inner", "Startup Cost": 4.29, "Total Cost": 62116.08, "Plan Rows": 33, "Plan Width": 12, "Actual Startup Time": 948.85, "Actual Total Time": 948.85, "Actual Rows": 0, "Actual Loops": 1, "Inner Unique": false, "Plans": [{"Node Type": "Nested Loop", "Parent Relationship": "Outer", "Join Type": "Inner", "Startup Cost": 0.0, "Total Cost": 61387.52, "Plan Rows": 30, "Plan Width": 4, "Actual Startup Time": 948.848, "Actual Total Time": 948.848, "Actual Rows": 0, "Actual Loops": 1, "Inner Unique": false, "Join Filter": "(ct.id = mc.company_type_id)", "Rows Removed by Join Filter": 1418, "Plans": [{"Node Type": "Seq Scan", "Parent Relationship": "Outer", "Relation Name": "company_type", "Alias": "ct", "Startup Cost": 0.0, "Total Cost": 1.04, "Plan Rows": 1, "Plan Width": 4, "Actual Startup Time": 0.009, "Actual Total Time": 0.014, "Actual Rows": 1, "Actual Loops": 1, "Filter": "((kind)::text = 'production companies'::text)", "Rows Removed by Filter": 2}, {"Node Type": "Seq Scan", "Parent Relationship": "Inner", "Relation Name": "movie_companies", "Alias": "mc", "Startup Cost": 0.0, "Total Cost": 61385.74, "Plan Rows": 59, "Plan Width": 8, "Actual Startup Time": 3.999, "Actual Total Time": 948.403, "Actual Rows": 1418, "Actual Loops": 1, "Filter": "(((note)::text ~~ '%(VHS)%'::text) AND ((note)::text ~~ '%(USA)%'::text) AND ((note)::text ~~ '%(1994)%'::text))", "Rows Removed by Filter": 2607710}]}, {"Node Type": "Bitmap Heap Scan", "Parent Relationship": "Inner", "Relation Name": "movie_info", "Alias": "mi", "Startup Cost": 4.29, "Total Cost": 24.28, "Plan Rows": 1, "Plan Width": 8, "Actual Startup Time": 0.0, "Actual Total Time": 0.0, "Recheck Cond": "(movie_id = mc.movie_id)", "Rows Removed by Index Recheck": 0, "Filter": "((info)::text = ANY ('{USA,America}'::text[]))", "Rows Removed by Filter": 0, "Exact Heap Blocks": 0, "Lossy Heap Blocks": 0, "Plans": [{"Node Type": "Bitmap Index Scan", "Parent Relationship": "Outer", "Index Name": "movie_id_movie_info", "Startup Cost": 0.0, "Total Cost": 4.29, "Plan Rows": 5, "Plan Width": 0, "Actual Startup Time": 0.0, "Actual Total Time": 0.0, "Index Cond": "(movie_id = mc.movie_id)"}]}]}, {"Node Type": "Bitmap Heap Scan", "Parent Relationship": "Inner", "Relation Name": "title", "Alias": "t", "Startup Cost": 0.32, "Total Cost": 4.34, "Plan Rows": 1, "Plan Width": 21, "Actual Startup Time": 0.0, "Actual Total Time": 0.0, "Recheck Cond": "(id = mi.movie_id)", "Rows Removed by Index Recheck": 0, "Filter": "(production_year > 2010)", "Rows Removed by Filter": 0, "Exact Heap Blocks": 0, "Lossy Heap Blocks": 0, "Plans": [{"Node Type": "Bitmap Index Scan", "Parent Relationship": "Outer", "Index Name": "title_pkey", "Startup Cost": 0.0, "Total Cost": 0.32, "Plan Rows": 1, "Plan Width": 0, "Actual Startup Time": 0.0, "Actual Total Time": 0.0, "Index Cond": "(id = mi.movie_id)"}]}]}]}]}]}, "Triggers": [], "Planner Runtime": 10.11, "Total Runtime": 949.204, "Unique SQL Id": 328306525}}, "(64, '55')": {"explain_plan": {"Plan": {"Node Type": "Aggregate", "Strategy": "Plain", "Startup Cost": 71749.13, "Total Cost": 71749.14, "Plan Rows": 1, "Plan Width": 49, "Plans": [{"Node Type": "Nested Loop", "Parent Relationship": "Outer", "Join Type": "Inner", "Startup Cost": 28957.62, "Total Cost": 71749.07, "Plan Rows": 24, "Plan Width": 17, "Inner Unique": true, "Plans": [{"Node Type": "Nested Loop", "Parent Relationship": "Outer", "Join Type": "Inner", "Startup Cost": 28957.36, "Total Cost": 71646.35, "Plan Rows": 24, "Plan Width": 21, "Inner Unique": true, "Plans": [{"Node Type": "Nested Loop", "Parent Relationship": "Outer", "Join Type": "Inner", "Startup Cost": 28957.04, "Total Cost": 71502.93, "Plan Rows": 33, "Plan Width": 12, "Inner Unique": false, "Plans": [{"Node Type": "Nested Loop", "Parent Relationship": "Outer", "Join Type": "Inner", "Startup Cost": 28952.75, "Total Cost": 70774.36, "Plan Rows": 30, "Plan Width": 4, "Inner Unique": false, "Plans": [{"Node Type": "Bitmap Heap Scan", "Parent Relationship": "Outer", "Relation Name": "company_type", "Alias": "ct", "Startup Cost": 8.27, "Total Cost": 12.3, "Plan Rows": 1, "Plan Width": 4, "Filter": "((kind)::text = 'production companies'::text)", "Plans": [{"Node Type": "Bitmap Index Scan", "Parent Relationship": "Outer", "Index Name": "company_type_pkey", "Startup Cost": 0.0, "Total Cost": 8.27, "Plan Rows": 3, "Plan Width": 0}]}, {"Node Type": "Bitmap Heap Scan", "Parent Relationship": "Inner", "Relation Name": "movie_companies", "Alias": "mc", "Startup Cost": 28944.49, "Total Cost": 70761.77, "Plan Rows": 29, "Plan Width": 8, "Recheck Cond": "(company_type_id = ct.id)", "Filter": "(((note)::text ~~ '%(VHS)%'::text) AND ((note)::text ~~ '%(USA)%'::text) AND ((note)::text ~~ '%(1994)%'::text))", "Plans": [{"Node Type": "Bitmap Index Scan", "Parent Relationship": "Outer", "Index Name": "company_type_id_movie_companies", "Startup Cost": 0.0, "Total Cost": 28944.48, "Plan Rows": 1304564, "Plan Width": 0, "Index Cond": "(company_type_id = ct.id)"}]}]}, {"Node Type": "Bitmap Heap Scan", "Parent Relationship": "Inner", "Relation Name": "movie_info", "Alias": "mi", "Startup Cost": 4.29, "Total Cost": 24.28, "Plan Rows": 1, "Plan Width": 8, "Recheck Cond": "(movie_id = mc.movie_id)", "Filter": "((info)::text = ANY ('{USA,America}'::text[]))", "Plans": [{"Node Type": "Bitmap Index Scan", "Parent Relationship": "Outer", "Index Name": "movie_id_movie_info", "Startup Cost": 0.0, "Total Cost": 4.29, "Plan Rows": 5, "Plan Width": 0, "Index Cond": "(movie_id = mc.movie_id)"}]}]}, {"Node Type": "Bitmap Heap Scan", "Parent Relationship": "Inner", "Relation Name": "title", "Alias": "t", "Startup Cost": 0.32, "Total Cost": 4.34, "Plan Rows": 1, "Plan Width": 21, "Recheck Cond": "(id = mi.movie_id)", "Filter": "(production_year > 2010)", "Plans": [{"Node Type": "Bitmap Index Scan", "Parent Relationship": "Outer", "Index Name": "title_pkey", "Startup Cost": 0.0, "Total Cost": 0.32, "Plan Rows": 1, "Plan Width": 0, "Index Cond": "(id = mi.movie_id)"}]}]}, {"Node Type": "Bitmap Heap Scan", "Parent Relationship": "Inner", "Relation Name": "info_type", "Alias": "it", "Startup Cost": 0.26, "Total Cost": 4.27, "Plan Rows": 1, "Plan Width": 4, "Recheck Cond": "(id = mi.info_type_id)", "Plans": [{"Node Type": "Bitmap Index Scan", "Parent Relationship": "Outer", "Index Name": "info_type_pkey", "Startup Cost": 0.0, "Total Cost": 0.26, "Plan Rows": 1, "Plan Width": 0, "Index Cond": "(id = mi.info_type_id)"}]}]}]}, "Unique SQL Id": 328306525, "Planner Runtime": 3}, "explain_analyze_plan": {"Plan": {"Node Type": "Aggregate", "Strategy": "Plain", "Startup Cost": 71749.13, "Total Cost": 71749.14, "Plan Rows": 1, "Plan Width": 49, "Actual Startup Time": 576.153, "Actual Total Time": 576.154, "Actual Rows": 1, "Actual Loops": 1, "Plans": [{"Node Type": "Nested Loop", "Parent Relationship": "Outer", "Join Type": "Inner", "Startup Cost": 28957.62, "Total Cost": 71749.07, "Plan Rows": 24, "Plan Width": 17, "Actual Startup Time": 576.145, "Actual Total Time": 576.145, "Actual Rows": 0, "Actual Loops": 1, "Inner Unique": true, "Plans": [{"Node Type": "Nested Loop", "Parent Relationship": "Outer", "Join Type": "Inner", "Startup Cost": 28957.36, "Total Cost": 71646.35, "Plan Rows": 24, "Plan Width": 21, "Actual Startup Time": 576.144, "Actual Total Time": 576.144, "Actual Rows": 0, "Actual Loops": 1, "Inner Unique": true, "Plans": [{"Node Type": "Nested Loop", "Parent Relationship": "Outer", "Join Type": "Inner", "Startup Cost": 28957.04, "Total Cost": 71502.93, "Plan Rows": 33, "Plan Width": 12, "Actual Startup Time": 576.143, "Actual Total Time": 576.143, "Actual Rows": 0, "Actual Loops": 1, "Inner Unique": false, "Plans": [{"Node Type": "Nested Loop", "Parent Relationship": "Outer", "Join Type": "Inner", "Startup Cost": 28952.75, "Total Cost": 70774.36, "Plan Rows": 30, "Plan Width": 4, "Actual Startup Time": 576.141, "Actual Total Time": 576.141, "Actual Rows": 0, "Actual Loops": 1, "Inner Unique": false, "Plans": [{"Node Type": "Bitmap Heap Scan", "Parent Relationship": "Outer", "Relation Name": "company_type", "Alias": "ct", "Startup Cost": 8.27, "Total Cost": 12.3, "Plan Rows": 1, "Plan Width": 4, "Actual Startup Time": 0.029, "Actual Total Time": 0.034, "Actual Rows": 1, "Actual Loops": 1, "Filter": "((kind)::text = 'production companies'::text)", "Rows Removed by Filter": 2, "Exact Heap Blocks": 1, "Lossy Heap Blocks": 1, "Plans": [{"Node Type": "Bitmap Index Scan", "Parent Relationship": "Outer", "Index Name": "company_type_pkey", "Startup Cost": 0.0, "Total Cost": 8.27, "Plan Rows": 3, "Plan Width": 0, "Actual Startup Time": 0.009, "Actual Total Time": 0.009, "Actual Rows": 3, "Actual Loops": 1}]}, {"Node Type": "Bitmap Heap Scan", "Parent Relationship": "Inner", "Relation Name": "movie_companies", "Alias": "mc", "Startup Cost": 28944.49, "Total Cost": 70761.77, "Plan Rows": 29, "Plan Width": 8, "Actual Startup Time": 576.098, "Actual Total Time": 576.098, "Actual Rows": 0, "Actual Loops": 1, "Recheck Cond": "(company_type_id = ct.id)", "Rows Removed by Index Recheck": 0, "Filter": "(((note)::text ~~ '%(VHS)%'::text) AND ((note)::text ~~ '%(USA)%'::text) AND ((note)::text ~~ '%(1994)%'::text))", "Rows Removed by Filter": 1334883, "Exact Heap Blocks": 6196, "Lossy Heap Blocks": 6196, "Plans": [{"Node Type": "Bitmap Index Scan", "Parent Relationship": "Outer", "Index Name": "company_type_id_movie_companies", "Startup Cost": 0.0, "Total Cost": 28944.48, "Plan Rows": 1304564, "Plan Width": 0, "Actual Startup Time": 146.94, "Actual Total Time": 146.94, "Actual Rows": 1334883, "Actual Loops": 1, "Index Cond": "(company_type_id = ct.id)"}]}]}, {"Node Type": "Bitmap Heap Scan", "Parent Relationship": "Inner", "Relation Name": "movie_info", "Alias": "mi", "Startup Cost": 4.29, "Total Cost": 24.28, "Plan Rows": 1, "Plan Width": 8, "Actual Startup Time": 0.0, "Actual Total Time": 0.0, "Recheck Cond": "(movie_id = mc.movie_id)", "Rows Removed by Index Recheck": 0, "Filter": "((info)::text = ANY ('{USA,America}'::text[]))", "Rows Removed by Filter": 0, "Exact Heap Blocks": 0, "Lossy Heap Blocks": 0, "Plans": [{"Node Type": "Bitmap Index Scan", "Parent Relationship": "Outer", "Index Name": "movie_id_movie_info", "Startup Cost": 0.0, "Total Cost": 4.29, "Plan Rows": 5, "Plan Width": 0, "Actual Startup Time": 0.0, "Actual Total Time": 0.0, "Index Cond": "(movie_id = mc.movie_id)"}]}]}, {"Node Type": "Bitmap Heap Scan", "Parent Relationship": "Inner", "Relation Name": "title", "Alias": "t", "Startup Cost": 0.32, "Total Cost": 4.34, "Plan Rows": 1, "Plan Width": 21, "Actual Startup Time": 0.0, "Actual Total Time": 0.0, "Recheck Cond": "(id = mi.movie_id)", "Rows Removed by Index Recheck": 0, "Filter": "(production_year > 2010)", "Rows Removed by Filter": 0, "Exact Heap Blocks": 0, "Lossy Heap Blocks": 0, "Plans": [{"Node Type": "Bitmap Index Scan", "Parent Relationship": "Outer", "Index Name": "title_pkey", "Startup Cost": 0.0, "Total Cost": 0.32, "Plan Rows": 1, "Plan Width": 0, "Actual Startup Time": 0.0, "Actual Total Time": 0.0, "Index Cond": "(id = mi.movie_id)"}]}]}, {"Node Type": "Bitmap Heap Scan", "Parent Relationship": "Inner", "Relation Name": "info_type", "Alias": "it", "Startup Cost": 0.26, "Total Cost": 4.27, "Plan Rows": 1, "Plan Width": 4, "Actual Startup Time": 0.0, "Actual Total Time": 0.0, "Recheck Cond": "(id = mi.info_type_id)", "Rows Removed by Index Recheck": 0, "Exact Heap Blocks": 0, "Lossy Heap Blocks": 0, "Plans": [{"Node Type": "Bitmap Index Scan", "Parent Relationship": "Outer", "Index Name": "info_type_pkey", "Startup Cost": 0.0, "Total Cost": 0.26, "Plan Rows": 1, "Plan Width": 0, "Actual Startup Time": 0.0, "Actual Total Time": 0.0, "Index Cond": "(id = mi.info_type_id)"}]}]}]}, "Triggers": [], "Planner Runtime": 8.36, "Total Runtime": 576.478, "Unique SQL Id": 328306525}}, "(64, '56')": {"explain_plan": {"Plan": {"Node Type": "Aggregate", "Strategy": "Plain", "Startup Cost": 61721.76, "Total Cost": 61721.77, "Plan Rows": 1, "Plan Width": 49, "Plans": [{"Node Type": "Nested Loop", "Parent Relationship": "Outer", "Join Type": "Inner", "Startup Cost": 0.0, "Total Cost": 61721.7, "Plan Rows": 24, "Plan Width": 17, "Inner Unique": true, "Plans": [{"Node Type": "Nested Loop", "Parent Relationship": "Outer", "Join Type": "Inner", "Startup Cost": 0.0, "Total Cost": 61714.98, "Plan Rows": 24, "Plan Width": 21, "Inner Unique": false, "Plans": [{"Node Type": "Nested Loop", "Parent Relationship": "Outer", "Join Type": "Inner", "Startup Cost": 0.0, "Total Cost": 61635.99, "Plan Rows": 32, "Plan Width": 25, "Inner Unique": true, "Plans": [{"Node Type": "Nested Loop", "Parent Relationship": "Outer", "Join Type": "Inner", "Startup Cost": 0.0, "Total Cost": 61387.52, "Plan Rows": 30, "Plan Width": 4, "Inner Unique": false, "Join Filter": "(ct.id = mc.company_type_id)", "Plans": [{"Node Type": "Seq Scan", "Parent Relationship": "Outer", "Relation Name": "company_type", "Alias": "ct", "Startup Cost": 0.0, "Total Cost": 1.04, "Plan Rows": 1, "Plan Width": 4, "Filter": "((kind)::text = 'production companies'::text)"}, {"Node Type": "Seq Scan", "Parent Relationship": "Inner", "Relation Name": "movie_companies", "Alias": "mc", "Startup Cost": 0.0, "Total Cost": 61385.74, "Plan Rows": 59, "Plan Width": 8, "Filter": "(((note)::text ~~ '%(VHS)%'::text) AND ((note)::text ~~ '%(USA)%'::text) AND ((note)::text ~~ '%(1994)%'::text))"}]}, {"Node Type": "Index Scan", "Parent Relationship": "Inner", "Scan Direction": "Forward", "Index Name": "title_pkey", "Relation Name": "title", "Alias": "t", "Startup Cost": 0.0, "Total Cost": 8.27, "Plan Rows": 1, "Plan Width": 21, "Index Cond": "(id = mc.movie_id)", "Filter": "(production_year > 2010)"}]}, {"Node Type": "Index Scan", "Parent Relationship": "Inner", "Scan Direction": "Forward", "Index Name": "movie_id_movie_info", "Relation Name": "movie_info", "Alias": "mi", "Startup Cost": 0.0, "Total Cost": 2.46, "Plan Rows": 1, "Plan Width": 8, "Index Cond": "(movie_id = t.id)", "Filter": "((info)::text = ANY ('{USA,America}'::text[]))"}]}, {"Node Type": "Index Only Scan", "Parent Relationship": "Inner", "Scan Direction": "Forward", "Index Name": "info_type_pkey", "Relation Name": "info_type", "Alias": "it", "Startup Cost": 0.0, "Total Cost": 0.27, "Plan Rows": 1, "Plan Width": 4, "Index Cond": "(id = mi.info_type_id)"}]}]}, "Unique SQL Id": 328306525, "Planner Runtime": 3}, "explain_analyze_plan": {"Plan": {"Node Type": "Aggregate", "Strategy": "Plain", "Startup Cost": 61721.76, "Total Cost": 61721.77, "Plan Rows": 1, "Plan Width": 49, "Actual Startup Time": 965.018, "Actual Total Time": 965.019, "Actual Rows": 1, "Actual Loops": 1, "Plans": [{"Node Type": "Nested Loop", "Parent Relationship": "Outer", "Join Type": "Inner", "Startup Cost": 0.0, "Total Cost": 61721.7, "Plan Rows": 24, "Plan Width": 17, "Actual Startup Time": 965.012, "Actual Total Time": 965.012, "Actual Rows": 0, "Actual Loops": 1, "Inner Unique": true, "Plans": [{"Node Type": "Nested Loop", "Parent Relationship": "Outer", "Join Type": "Inner", "Startup Cost": 0.0, "Total Cost": 61714.98, "Plan Rows": 24, "Plan Width": 21, "Actual Startup Time": 965.011, "Actual Total Time": 965.011, "Actual Rows": 0, "Actual Loops": 1, "Inner Unique": false, "Plans": [{"Node Type": "Nested Loop", "Parent Relationship": "Outer", "Join Type": "Inner", "Startup Cost": 0.0, "Total Cost": 61635.99, "Plan Rows": 32, "Plan Width": 25, "Actual Startup Time": 965.009, "Actual Total Time": 965.009, "Actual Rows": 0, "Actual Loops": 1, "Inner Unique": true, "Plans": [{"Node Type": "Nested Loop", "Parent Relationship": "Outer", "Join Type": "Inner", "Startup Cost": 0.0, "Total Cost": 61387.52, "Plan Rows": 30, "Plan Width": 4, "Actual Startup Time": 965.006, "Actual Total Time": 965.006, "Actual Rows": 0, "Actual Loops": 1, "Inner Unique": false, "Join Filter": "(ct.id = mc.company_type_id)", "Rows Removed by Join Filter": 1418, "Plans": [{"Node Type": "Seq Scan", "Parent Relationship": "Outer", "Relation Name": "company_type", "Alias": "ct", "Startup Cost": 0.0, "Total Cost": 1.04, "Plan Rows": 1, "Plan Width": 4, "Actual Startup Time": 0.014, "Actual Total Time": 0.021, "Actual Rows": 1, "Actual Loops": 1, "Filter": "((kind)::text = 'production companies'::text)", "Rows Removed by Filter": 2}, {"Node Type": "Seq Scan", "Parent Relationship": "Inner", "Relation Name": "movie_companies", "Alias": "mc", "Startup Cost": 0.0, "Total Cost": 61385.74, "Plan Rows": 59, "Plan Width": 8, "Actual Startup Time": 3.955, "Actual Total Time": 964.568, "Actual Rows": 1418, "Actual Loops": 1, "Filter": "(((note)::text ~~ '%(VHS)%'::text) AND ((note)::text ~~ '%(USA)%'::text) AND ((note)::text ~~ '%(1994)%'::text))", "Rows Removed by Filter": 2607710}]}, {"Node Type": "Index Scan", "Parent Relationship": "Inner", "Scan Direction": "Forward", "Index Name": "title_pkey", "Relation Name": "title", "Alias": "t", "Startup Cost": 0.0, "Total Cost": 8.27, "Plan Rows": 1, "Plan Width": 21, "Actual Startup Time": 0.0, "Actual Total Time": 0.0, "Index Cond": "(id = mc.movie_id)", "Rows Removed by Index Recheck": 0, "Filter": "(production_year > 2010)", "Rows Removed by Filter": 0}]}, {"Node Type": "Index Scan", "Parent Relationship": "Inner", "Scan Direction": "Forward", "Index Name": "movie_id_movie_info", "Relation Name": "movie_info", "Alias": "mi", "Startup Cost": 0.0, "Total Cost": 2.46, "Plan Rows": 1, "Plan Width": 8, "Actual Startup Time": 0.0, "Actual Total Time": 0.0, "Index Cond": "(movie_id = t.id)", "Rows Removed by Index Recheck": 0, "Filter": "((info)::text = ANY ('{USA,America}'::text[]))", "Rows Removed by Filter": 0}]}, {"Node Type": "Index Only Scan", "Parent Relationship": "Inner", "Scan Direction": "Forward", "Index Name": "info_type_pkey", "Relation Name": "info_type", "Alias": "it", "Startup Cost": 0.0, "Total Cost": 0.27, "Plan Rows": 1, "Plan Width": 4, "Actual Startup Time": 0.0, "Actual Total Time": 0.0, "Index Cond": "(id = mi.info_type_id)", "Rows Removed by Index Recheck": 0, "Heap Fetches": 0}]}]}, "Triggers": [], "Planner Runtime": 9.305, "Total Runtime": 965.287, "Unique SQL Id": 328306525}}, "(64, '57')": {"explain_plan": {"Plan": {"Node Type": "Aggregate", "Strategy": "Plain", "Startup Cost": 63248.6, "Total Cost": 63248.61, "Plan Rows": 1, "Plan Width": 49, "Plans": [{"Node Type": "Nested Loop", "Parent Relationship": "Outer", "Join Type": "Inner", "Startup Cost": 0.0, "Total Cost": 63248.54, "Plan Rows": 24, "Plan Width": 17, "Inner Unique": true, "Plans": [{"Node Type": "Nested Loop", "Parent Relationship": "Outer", "Join Type": "Inner", "Startup Cost": 0.0, "Total Cost": 63241.82, "Plan Rows": 24, "Plan Width": 21, "Inner Unique": false, "Plans": [{"Node Type": "Nested Loop", "Parent Relationship": "Outer", "Join Type": "Inner", "Startup Cost": 0.0, "Total Cost": 63162.83, "Plan Rows": 32, "Plan Width": 25, "Inner Unique": true, "Plans": [{"Node Type": "Nested Loop", "Parent Relationship": "Outer", "Join Type": "Inner", "Startup Cost": 0.0, "Total Cost": 62914.35, "Plan Rows": 30, "Plan Width": 4, "Inner Unique": false, "Plans": [{"Node Type": "Index Scan", "Parent Relationship": "Outer", "Scan Direction": "Forward", "Index Name": "company_type_pkey", "Relation Name": "company_type", "Alias": "ct", "Startup Cost": 0.0, "Total Cost": 12.3, "Plan Rows": 1, "Plan Width": 4, "Filter": "((kind)::text = 'production companies'::text)"}, {"Node Type": "Index Scan", "Parent Relationship": "Inner", "Scan Direction": "Forward", "Index Name": "company_type_id_movie_companies", "Relation Name": "movie_companies", "Alias": "mc", "Startup Cost": 0.0, "Total Cost": 62901.76, "Plan Rows": 29, "Plan Width": 8, "Index Cond": "(company_type_id = ct.id)", "Filter": "(((note)::text ~~ '%(VHS)%'::text) AND ((note)::text ~~ '%(USA)%'::text) AND ((note)::text ~~ '%(1994)%'::text))"}]}, {"Node Type": "Index Scan", "Parent Relationship": "Inner", "Scan Direction": "Forward", "Index Name": "title_pkey", "Relation Name": "title", "Alias": "t", "Startup Cost": 0.0, "Total Cost": 8.27, "Plan Rows": 1, "Plan Width": 21, "Index Cond": "(id = mc.movie_id)", "Filter": "(production_year > 2010)"}]}, {"Node Type": "Index Scan", "Parent Relationship": "Inner", "Scan Direction": "Forward", "Index Name": "movie_id_movie_info", "Relation Name": "movie_info", "Alias": "mi", "Startup Cost": 0.0, "Total Cost": 2.46, "Plan Rows": 1, "Plan Width": 8, "Index Cond": "(movie_id = t.id)", "Filter": "((info)::text = ANY ('{USA,America}'::text[]))"}]}, {"Node Type": "Index Only Scan", "Parent Relationship": "Inner", "Scan Direction": "Forward", "Index Name": "info_type_pkey", "Relation Name": "info_type", "Alias": "it", "Startup Cost": 0.0, "Total Cost": 0.27, "Plan Rows": 1, "Plan Width": 4, "Index Cond": "(id = mi.info_type_id)"}]}]}, "Unique SQL Id": 328306525, "Planner Runtime": 3}, "explain_analyze_plan": {"Plan": {"Node Type": "Aggregate", "Strategy": "Plain", "Startup Cost": 63248.6, "Total Cost": 63248.61, "Plan Rows": 1, "Plan Width": 49, "Actual Startup Time": 712.178, "Actual Total Time": 712.179, "Actual Rows": 1, "Actual Loops": 1, "Plans": [{"Node Type": "Nested Loop", "Parent Relationship": "Outer", "Join Type": "Inner", "Startup Cost": 0.0, "Total Cost": 63248.54, "Plan Rows": 24, "Plan Width": 17, "Actual Startup Time": 712.172, "Actual Total Time": 712.172, "Actual Rows": 0, "Actual Loops": 1, "Inner Unique": true, "Plans": [{"Node Type": "Nested Loop", "Parent Relationship": "Outer", "Join Type": "Inner", "Startup Cost": 0.0, "Total Cost": 63241.82, "Plan Rows": 24, "Plan Width": 21, "Actual Startup Time": 712.17, "Actual Total Time": 712.17, "Actual Rows": 0, "Actual Loops": 1, "Inner Unique": false, "Plans": [{"Node Type": "Nested Loop", "Parent Relationship": "Outer", "Join Type": "Inner", "Startup Cost": 0.0, "Total Cost": 63162.83, "Plan Rows": 32, "Plan Width": 25, "Actual Startup Time": 712.168, "Actual Total Time": 712.168, "Actual Rows": 0, "Actual Loops": 1, "Inner Unique": true, "Plans": [{"Node Type": "Nested Loop", "Parent Relationship": "Outer", "Join Type": "Inner", "Startup Cost": 0.0, "Total Cost": 62914.35, "Plan Rows": 30, "Plan Width": 4, "Actual Startup Time": 712.166, "Actual Total Time": 712.166, "Actual Rows": 0, "Actual Loops": 1, "Inner Unique": false, "Plans": [{"Node Type": "Index Scan", "Parent Relationship": "Outer", "Scan Direction": "Forward", "Index Name": "company_type_pkey", "Relation Name": "company_type", "Alias": "ct", "Startup Cost": 0.0, "Total Cost": 12.3, "Plan Rows": 1, "Plan Width": 4, "Actual Startup Time": 0.013, "Actual Total Time": 0.024, "Actual Rows": 1, "Actual Loops": 1, "Filter": "((kind)::text = 'production companies'::text)", "Rows Removed by Filter": 2}, {"Node Type": "Index Scan", "Parent Relationship": "Inner", "Scan Direction": "Forward", "Index Name": "company_type_id_movie_companies", "Relation Name": "movie_companies", "Alias": "mc", "Startup Cost": 0.0, "Total Cost": 62901.76, "Plan Rows": 29, "Plan Width": 8, "Actual Startup Time": 712.136, "Actual Total Time": 712.136, "Actual Rows": 0, "Actual Loops": 1, "Index Cond": "(company_type_id = ct.id)", "Rows Removed by Index Recheck": 0, "Filter": "(((note)::text ~~ '%(VHS)%'::text) AND ((note)::text ~~ '%(USA)%'::text) AND ((note)::text ~~ '%(1994)%'::text))", "Rows Removed by Filter": 1334883}]}, {"Node Type": "Index Scan", "Parent Relationship": "Inner", "Scan Direction": "Forward", "Index Name": "title_pkey", "Relation Name": "title", "Alias": "t", "Startup Cost": 0.0, "Total Cost": 8.27, "Plan Rows": 1, "Plan Width": 21, "Actual Startup Time": 0.0, "Actual Total Time": 0.0, "Index Cond": "(id = mc.movie_id)", "Rows Removed by Index Recheck": 0, "Filter": "(production_year > 2010)", "Rows Removed by Filter": 0}]}, {"Node Type": "Index Scan", "Parent Relationship": "Inner", "Scan Direction": "Forward", "Index Name": "movie_id_movie_info", "Relation Name": "movie_info", "Alias": "mi", "Startup Cost": 0.0, "Total Cost": 2.46, "Plan Rows": 1, "Plan Width": 8, "Actual Startup Time": 0.0, "Actual Total Time": 0.0, "Index Cond": "(movie_id = t.id)", "Rows Removed by Index Recheck": 0, "Filter": "((info)::text = ANY ('{USA,America}'::text[]))", "Rows Removed by Filter": 0}]}, {"Node Type": "Index Only Scan", "Parent Relationship": "Inner", "Scan Direction": "Forward", "Index Name": "info_type_pkey", "Relation Name": "info_type", "Alias": "it", "Startup Cost": 0.0, "Total Cost": 0.27, "Plan Rows": 1, "Plan Width": 4, "Actual Startup Time": 0.0, "Actual Total Time": 0.0, "Index Cond": "(id = mi.info_type_id)", "Rows Removed by Index Recheck": 0, "Heap Fetches": 0}]}]}, "Triggers": [], "Planner Runtime": 9.362, "Total Runtime": 712.43, "Unique SQL Id": 328306525}}, "(64, '58')": {"explain_plan": {"Plan": {"Node Type": "Aggregate", "Strategy": "Plain", "Startup Cost": 326869.38, "Total Cost": 326869.39, "Plan Rows": 1, "Plan Width": 49, "Plans": [{"Node Type": "Nested Loop", "Parent Relationship": "Outer", "Join Type": "Inner", "Startup Cost": 0.0, "Total Cost": 326869.32, "Plan Rows": 24, "Plan Width": 17, "Inner Unique": false, "Join Filter": "(mi.info_type_id = it.id)", "Plans": [{"Node Type": "Seq Scan", "Parent Relationship": "Outer", "Relation Name": "info_type", "Alias": "it", "Startup Cost": 0.0, "Total Cost": 2.12, "Plan Rows": 112, "Plan Width": 4}, {"Node Type": "Materialize", "Parent Relationship": "Inner", "Startup Cost": 0.0, "Total Cost": 326826.94, "Plan Rows": 24, "Plan Width": 21, "Plans": [{"Node Type": "Streaming(type: LOCAL GATHER dop: 1/64)", "Parent Relationship": "Outer", "Startup Cost": 0.0, "Total Cost": 326826.82, "Plan Rows": 24, "Plan Width": 21, "Plans": [{"Node Type": "Nested Loop", "Parent Relationship": "Outer", "Join Type": "Inner", "Startup Cost": 0.0, "Total Cost": 326826.33, "Plan Rows": 24, "Plan Width": 21, "Inner Unique": false, "Join Filter": "(t.id = mi.movie_id)", "Plans": [{"Node Type": "Seq Scan", "Parent Relationship": "Outer", "Relation Name": "movie_info", "Alias": "mi", "Startup Cost": 0.0, "Total Cost": 68221.29, "Plan Rows": 584897, "Plan Width": 8, "Filter": "((info)::text = ANY ('{USA,America}'::text[]))"}, {"Node Type": "Materialize", "Parent Relationship": "Inner", "Startup Cost": 0.0, "Total Cost": 254218.39, "Plan Rows": 2048, "Plan Width": 25, "Plans": [{"Node Type": "Streaming(type: BROADCAST dop: 64/64)", "Parent Relationship": "Outer", "Startup Cost": 0.0, "Total Cost": 254218.23, "Plan Rows": 2048, "Plan Width": 25, "Plans": [{"Node Type": "Nested Loop", "Parent Relationship": "Outer", "Join Type": "Inner", "Startup Cost": 0.0, "Total Cost": 191216.93, "Plan Rows": 32, "Plan Width": 25, "Inner Unique": false, "Join Filter": "(mc.movie_id = t.id)", "Plans": [{"Node Type": "Seq Scan", "Parent Relationship": "Outer", "Relation Name": "title", "Alias": "t", "Startup Cost": 0.0, "Total Cost": 64037.34, "Plan Rows": 391451, "Plan Width": 21, "Filter": "(production_year > 2010), (LLVM Optimized)"}, {"Node Type": "Materialize", "Parent Relationship": "Inner", "Startup Cost": 0.0, "Total Cost": 124427.27, "Plan Rows": 1920, "Plan Width": 4, "Plans": [{"Node Type": "Streaming(type: BROADCAST dop: 64/1)", "Parent Relationship": "Outer", "Startup Cost": 0.0, "Total Cost": 124427.12, "Plan Rows": 1920, "Plan Width": 4, "Plans": [{"Node Type": "Nested Loop", "Parent Relationship": "Outer", "Join Type": "Inner", "Startup Cost": 0.0, "Total Cost": 61387.52, "Plan Rows": 30, "Plan Width": 4, "Inner Unique": false, "Join Filter": "(ct.id = mc.company_type_id)", "Plans": [{"Node Type": "Seq Scan", "Parent Relationship": "Outer", "Relation Name": "company_type", "Alias": "ct", "Startup Cost": 0.0, "Total Cost": 1.04, "Plan Rows": 1, "Plan Width": 4, "Filter": "((kind)::text = 'production companies'::text)"}, {"Node Type": "Seq Scan", "Parent Relationship": "Inner", "Relation Name": "movie_companies", "Alias": "mc", "Startup Cost": 0.0, "Total Cost": 61385.74, "Plan Rows": 59, "Plan Width": 8, "Filter": "(((note)::text ~~ '%(VHS)%'::text) AND ((note)::text ~~ '%(USA)%'::text) AND ((note)::text ~~ '%(1994)%'::text))"}]}]}]}]}]}]}]}]}]}]}]}, "Unique SQL Id": 328306525, "Planner Runtime": 4}, "explain_analyze_plan": {"Plan": {"Node Type": "Aggregate", "Strategy": "Plain", "Startup Cost": 326869.38, "Total Cost": 326869.39, "Plan Rows": 1, "Plan Width": 49, "Actual Min Startup Time": 1236.64, "Actual Max Startup Time": 1236.64, "Actual Min Total Time": 1236.64, "Actual Max Total Time": 1236.64, "Plans": [{"Node Type": "Nested Loop", "Parent Relationship": "Outer", "Join Type": "Inner", "Startup Cost": 0.0, "Total Cost": 326869.32, "Plan Rows": 24, "Plan Width": 17, "Actual Min Startup Time": 1236.63, "Actual Max Startup Time": 1236.63, "Actual Min Total Time": 1236.63, "Actual Max Total Time": 1236.63, "Inner Unique": false, "Join Filter": "(mi.info_type_id = it.id)", "Rows Removed by Join Filter": 0, "Plans": [{"Node Type": "Seq Scan", "Parent Relationship": "Outer", "Relation Name": "info_type", "Alias": "it", "Startup Cost": 0.0, "Total Cost": 2.12, "Plan Rows": 112, "Plan Width": 4, "Actual Min Startup Time": 0.043, "Actual Max Startup Time": 0.043, "Actual Min Total Time": 0.058, "Actual Max Total Time": 0.058, "Actual Rows": 112}, {"Node Type": "Materialize", "Parent Relationship": "Inner", "Startup Cost": 0.0, "Total Cost": 326826.94, "Plan Rows": 24, "Plan Width": 21, "Actual Min Startup Time": 1236.525, "Actual Max Startup Time": 1236.525, "Actual Min Total Time": 1236.525, "Actual Max Total Time": 1236.525, "Plans": [{"Node Type": "Streaming(type: LOCAL GATHER dop: 1/64)", "Parent Relationship": "Outer", "Startup Cost": 0.0, "Total Cost": 326826.82, "Plan Rows": 24, "Plan Width": 21, "Actual Min Startup Time": 1236.507, "Actual Max Startup Time": 1236.507, "Actual Min Total Time": 1236.507, "Actual Max Total Time": 1236.507, "Plans": [{"Node Type": "Nested Loop", "Parent Relationship": "Outer", "Join Type": "Inner", "Startup Cost": 0.0, "Total Cost": 326826.33, "Plan Rows": 24, "Plan Width": 21, "Actual Min Startup Time": 1019.094, "Actual Max Startup Time": 1074.467, "Actual Min Total Time": 1019.094, "Actual Max Total Time": 1074.467, "Inner Unique": false, "Join Filter": "(t.id = mi.movie_id)", "Rows Removed by Join Filter": 0, "Plans": [{"Node Type": "Seq Scan", "Parent Relationship": "Outer", "Relation Name": "movie_info", "Alias": "mi", "Startup Cost": 0.0, "Total Cost": 68221.29, "Plan Rows": 584897, "Plan Width": 8, "Actual Min Startup Time": 0.068, "Actual Max Startup Time": 10.112, "Actual Min Total Time": 92.41, "Actual Max Total Time": 106.807, "Filter": "((info)::text = ANY ('{USA,America}'::text[]))", "Rows Removed by Filter": 14282942, "Actual Rows": 552777}, {"Node Type": "Materialize", "Parent Relationship": "Inner", "Startup Cost": 0.0, "Total Cost": 254218.39, "Plan Rows": 2048, "Plan Width": 25, "Actual Min Startup Time": 919.906, "Actual Max Startup Time": 966.885, "Actual Min Total Time": 919.906, "Actual Max Total Time": 966.885, "Plans": [{"Node Type": "Streaming(type: BROADCAST dop: 64/64)", "Parent Relationship": "Outer", "Startup Cost": 0.0, "Total Cost": 254218.23, "Plan Rows": 2048, "Plan Width": 25, "Actual Min Startup Time": 919.139, "Actual Max Startup Time": 965.671, "Actual Min Total Time": 919.139, "Actual Max Total Time": 965.671, "Plans": [{"Node Type": "Nested Loop", "Parent Relationship": "Outer", "Join Type": "Inner", "Startup Cost": 0.0, "Total Cost": 191216.93, "Plan Rows": 32, "Plan Width": 25, "Actual Min Startup Time": 814.682, "Actual Max Startup Time": 982.15, "Actual Min Total Time": 814.682, "Actual Max Total Time": 982.15, "Inner Unique": false, "Join Filter": "(mc.movie_id = t.id)", "Rows Removed by Join Filter": 0, "Plans": [{"Node Type": "Seq Scan", "Parent Relationship": "Outer", "Relation Name": "title", "Alias": "t", "Startup Cost": 0.0, "Total Cost": 64037.34, "Plan Rows": 391451, "Plan Width": 21, "Actual Min Startup Time": 0.026, "Actual Max Startup Time": 0.091, "Actual Min Total Time": 12.513, "Actual Max Total Time": 15.814, "Filter": "(production_year > 2010), (LLVM Optimized, Jit Execute)", "Rows Removed by Filter": 2136645, "Actual Rows": 391666}, {"Node Type": "Materialize", "Parent Relationship": "Inner", "Startup Cost": 0.0, "Total Cost": 124427.27, "Plan Rows": 1920, "Plan Width": 4, "Actual Min Startup Time": 800.491, "Actual Max Startup Time": 968.22, "Actual Min Total Time": 800.491, "Actual Max Total Time": 968.22, "Plans": [{"Node Type": "Streaming(type: BROADCAST dop: 64/1)", "Parent Relationship": "Outer", "Startup Cost": 0.0, "Total Cost": 124427.12, "Plan Rows": 1920, "Plan Width": 4, "Actual Min Startup Time": 800.043, "Actual Max Startup Time": 967.712, "Actual Min Total Time": 800.043, "Actual Max Total Time": 967.712, "Plans": [{"Node Type": "Nested Loop", "Parent Relationship": "Outer", "Join Type": "Inner", "Startup Cost": 0.0, "Total Cost": 61387.52, "Plan Rows": 30, "Plan Width": 4, "Actual Min Startup Time": 972.85, "Actual Max Startup Time": 972.85, "Actual Min Total Time": 972.85, "Actual Max Total Time": 972.85, "Inner Unique": false, "Join Filter": "(ct.id = mc.company_type_id)", "Rows Removed by Join Filter": 1418, "Plans": [{"Node Type": "Seq Scan", "Parent Relationship": "Outer", "Relation Name": "company_type", "Alias": "ct", "Startup Cost": 0.0, "Total Cost": 1.04, "Plan Rows": 1, "Plan Width": 4, "Actual Min Startup Time": 0.023, "Actual Max Startup Time": 0.023, "Actual Min Total Time": 0.027, "Actual Max Total Time": 0.027, "Filter": "((kind)::text = 'production companies'::text)", "Rows Removed by Filter": 2, "Actual Rows": 1}, {"Node Type": "Seq Scan", "Parent Relationship": "Inner", "Relation Name": "movie_companies", "Alias": "mc", "Startup Cost": 0.0, "Total Cost": 61385.74, "Plan Rows": 59, "Plan Width": 8, "Actual Min Startup Time": 4.027, "Actual Max Startup Time": 4.027, "Actual Min Total Time": 972.409, "Actual Max Total Time": 972.409, "Filter": "(((note)::text ~~ '%(VHS)%'::text) AND ((note)::text ~~ '%(USA)%'::text) AND ((note)::text ~~ '%(1994)%'::text))", "Rows Removed by Filter": 2607710, "Actual Rows": 1418}], "Actual Rows": 0}], "Actual Rows": 0}], "Actual Rows": 0}], "Actual Rows": 0}], "Actual Rows": 0}], "Actual Rows": 0}], "Actual Rows": 0}], "Actual Rows": 0}], "Actual Rows": 0}], "Actual Rows": 0}], "Actual Rows": 1}, "Triggers": [], "Planner Runtime": 7.048, "Total Runtime": 1278.055, "Unique SQL Id": 328306525}}, "(64, '59')": {"explain_plan": {"Plan": {"Node Type": "Aggregate", "Strategy": "Plain", "Startup Cost": 5000130950084.58, "Total Cost": 5000130950084.59, "Plan Rows": 1, "Plan Width": 49, "Plans": [{"Node Type": "Nested Loop", "Parent Relationship": "Outer", "Join Type": "Inner", "Startup Cost": 50000000000.0, "Total Cost": 5000130950084.52, "Plan Rows": 24, "Plan Width": 17, "Inner Unique": true, "Join Filter": "(mi.info_type_id = it.id)", "Plans": [{"Node Type": "Nested Loop", "Parent Relationship": "Outer", "Join Type": "Inner", "Startup Cost": 40000000000.0, "Total Cost": 4000130949050.92, "Plan Rows": 24, "Plan Width": 21, "Inner Unique": false, "Join Filter": "(t.id = mi.movie_id)", "Plans": [{"Node Type": "Index Scan", "Parent Relationship": "Outer", "Scan Direction": "Forward", "Index Name": "info_type_id_movie_info", "Relation Name": "movie_info", "Alias": "mi", "Startup Cost": 10000000000.0, "Total Cost": 1000107401445.12, "Plan Rows": 584897, "Plan Width": 8, "Filter": "((info)::text = ANY ('{USA,America}'::text[]))"}, {"Node Type": "Materialize", "Parent Relationship": "Inner", "Startup Cost": 30000000000.0, "Total Cost": 3000023266855.32, "Plan Rows": 32, "Plan Width": 25, "Plans": [{"Node Type": "Nested Loop", "Parent Relationship": "Outer", "Join Type": "Inner", "Startup Cost": 30000000000.0, "Total Cost": 3000023266855.16, "Plan Rows": 32, "Plan Width": 25, "Inner Unique": true, "Join Filter": "(mc.company_type_id = ct.id)", "Plans": [{"Node Type": "Nested Loop", "Parent Relationship": "Outer", "Join Type": "Inner", "Startup Cost": 20000000000.0, "Total Cost": 2000023265623.95, "Plan Rows": 64, "Plan Width": 29, "Inner Unique": false, "Join Filter": "(mc.movie_id = t.id)", "Plans": [{"Node Type": "Index Scan", "Parent Relationship": "Outer", "Scan Direction": "Forward", "Index Name": "title_pkey", "Relation Name": "title", "Alias": "t", "Startup Cost": 10000000000.0, "Total Cost": 1000011644126.66, "Plan Rows": 391451, "Plan Width": 21, "Filter": "(production_year > 2010), (LLVM Optimized)"}, {"Node Type": "Materialize", "Parent Relationship": "Inner", "Startup Cost": 10000000000.0, "Total Cost": 1000011275063.29, "Plan Rows": 59, "Plan Width": 8, "Plans": [{"Node Type": "Index Scan", "Parent Relationship": "Outer", "Scan Direction": "Forward", "Index Name": "company_type_id_movie_companies", "Relation Name": "movie_companies", "Alias": "mc", "Startup Cost": 10000000000.0, "Total Cost": 1000011275063.0, "Plan Rows": 59, "Plan Width": 8, "Filter": "(((note)::text ~~ '%(VHS)%'::text) AND ((note)::text ~~ '%(USA)%'::text) AND ((note)::text ~~ '%(1994)%'::text))"}]}]}, {"Node Type": "Materialize", "Parent Relationship": "Inner", "Startup Cost": 10000000000.0, "Total Cost": 1000000001230.26, "Plan Rows": 1, "Plan Width": 4, "Plans": [{"Node Type": "Index Scan", "Parent Relationship": "Outer", "Scan Direction": "Forward", "Index Name": "company_type_pkey", "Relation Name": "company_type", "Alias": "ct", "Startup Cost": 10000000000.0, "Total Cost": 1000000001230.25, "Plan Rows": 1, "Plan Width": 4, "Filter": "((kind)::text = 'production companies'::text)"}]}]}]}]}, {"Node Type": "Materialize", "Parent Relationship": "Inner", "Startup Cost": 10000000000.0, "Total Cost": 1000000000993.56, "Plan Rows": 112, "Plan Width": 4, "Plans": [{"Node Type": "Index Only Scan", "Parent Relationship": "Outer", "Scan Direction": "Forward", "Index Name": "info_type_pkey", "Relation Name": "info_type", "Alias": "it", "Startup Cost": 10000000000.0, "Total Cost": 1000000000993.0, "Plan Rows": 112, "Plan Width": 4}]}]}]}, "Unique SQL Id": 328306525, "Planner Runtime": 3}, "explain_analyze_plan": null}, "(64, '60')": {"explain_plan": {"Plan": {"Node Type": "Aggregate", "Strategy": "Plain", "Startup Cost": 61721.76, "Total Cost": 61721.77, "Plan Rows": 1, "Plan Width": 49, "Plans": [{"Node Type": "Nested Loop", "Parent Relationship": "Outer", "Join Type": "Inner", "Startup Cost": 0.0, "Total Cost": 61721.7, "Plan Rows": 24, "Plan Width": 17, "Inner Unique": true, "Plans": [{"Node Type": "Nested Loop", "Parent Relationship": "Outer", "Join Type": "Inner", "Startup Cost": 0.0, "Total Cost": 61714.98, "Plan Rows": 24, "Plan Width": 21, "Inner Unique": false, "Plans": [{"Node Type": "Nested Loop", "Parent Relationship": "Outer", "Join Type": "Inner", "Startup Cost": 0.0, "Total Cost": 61635.99, "Plan Rows": 32, "Plan Width": 25, "Inner Unique": true, "Plans": [{"Node Type": "Nested Loop", "Parent Relationship": "Outer", "Join Type": "Inner", "Startup Cost": 0.0, "Total Cost": 61387.52, "Plan Rows": 30, "Plan Width": 4, "Inner Unique": false, "Join Filter": "(ct.id = mc.company_type_id)", "Plans": [{"Node Type": "Seq Scan", "Parent Relationship": "Outer", "Relation Name": "company_type", "Alias": "ct", "Startup Cost": 0.0, "Total Cost": 1.04, "Plan Rows": 1, "Plan Width": 4, "Filter": "((kind)::text = 'production companies'::text)"}, {"Node Type": "Seq Scan", "Parent Relationship": "Inner", "Relation Name": "movie_companies", "Alias": "mc", "Startup Cost": 0.0, "Total Cost": 61385.74, "Plan Rows": 59, "Plan Width": 8, "Filter": "(((note)::text ~~ '%(VHS)%'::text) AND ((note)::text ~~ '%(USA)%'::text) AND ((note)::text ~~ '%(1994)%'::text))"}]}, {"Node Type": "Index Scan", "Parent Relationship": "Inner", "Scan Direction": "Forward", "Index Name": "title_pkey", "Relation Name": "title", "Alias": "t", "Startup Cost": 0.0, "Total Cost": 8.27, "Plan Rows": 1, "Plan Width": 21, "Index Cond": "(id = mc.movie_id)", "Filter": "(production_year > 2010)"}]}, {"Node Type": "Index Scan", "Parent Relationship": "Inner", "Scan Direction": "Forward", "Index Name": "movie_id_movie_info", "Relation Name": "movie_info", "Alias": "mi", "Startup Cost": 0.0, "Total Cost": 2.46, "Plan Rows": 1, "Plan Width": 8, "Index Cond": "(movie_id = t.id)", "Filter": "((info)::text = ANY ('{USA,America}'::text[]))"}]}, {"Node Type": "Index Scan", "Parent Relationship": "Inner", "Scan Direction": "Forward", "Index Name": "info_type_pkey", "Relation Name": "info_type", "Alias": "it", "Startup Cost": 0.0, "Total Cost": 0.27, "Plan Rows": 1, "Plan Width": 4, "Index Cond": "(id = mi.info_type_id)"}]}]}, "Unique SQL Id": 328306525, "Planner Runtime": 4}, "explain_analyze_plan": {"Plan": {"Node Type": "Aggregate", "Strategy": "Plain", "Startup Cost": 61721.76, "Total Cost": 61721.77, "Plan Rows": 1, "Plan Width": 49, "Actual Startup Time": 945.137, "Actual Total Time": 945.138, "Actual Rows": 1, "Actual Loops": 1, "Plans": [{"Node Type": "Nested Loop", "Parent Relationship": "Outer", "Join Type": "Inner", "Startup Cost": 0.0, "Total Cost": 61721.7, "Plan Rows": 24, "Plan Width": 17, "Actual Startup Time": 945.129, "Actual Total Time": 945.129, "Actual Rows": 0, "Actual Loops": 1, "Inner Unique": true, "Plans": [{"Node Type": "Nested Loop", "Parent Relationship": "Outer", "Join Type": "Inner", "Startup Cost": 0.0, "Total Cost": 61714.98, "Plan Rows": 24, "Plan Width": 21, "Actual Startup Time": 945.128, "Actual Total Time": 945.128, "Actual Rows": 0, "Actual Loops": 1, "Inner Unique": false, "Plans": [{"Node Type": "Nested Loop", "Parent Relationship": "Outer", "Join Type": "Inner", "Startup Cost": 0.0, "Total Cost": 61635.99, "Plan Rows": 32, "Plan Width": 25, "Actual Startup Time": 945.127, "Actual Total Time": 945.127, "Actual Rows": 0, "Actual Loops": 1, "Inner Unique": true, "Plans": [{"Node Type": "Nested Loop", "Parent Relationship": "Outer", "Join Type": "Inner", "Startup Cost": 0.0, "Total Cost": 61387.52, "Plan Rows": 30, "Plan Width": 4, "Actual Startup Time": 945.125, "Actual Total Time": 945.125, "Actual Rows": 0, "Actual Loops": 1, "Inner Unique": false, "Join Filter": "(ct.id = mc.company_type_id)", "Rows Removed by Join Filter": 1418, "Plans": [{"Node Type": "Seq Scan", "Parent Relationship": "Outer", "Relation Name": "company_type", "Alias": "ct", "Startup Cost": 0.0, "Total Cost": 1.04, "Plan Rows": 1, "Plan Width": 4, "Actual Startup Time": 0.021, "Actual Total Time": 0.027, "Actual Rows": 1, "Actual Loops": 1, "Filter": "((kind)::text = 'production companies'::text)", "Rows Removed by Filter": 2}, {"Node Type": "Seq Scan", "Parent Relationship": "Inner", "Relation Name": "movie_companies", "Alias": "mc", "Startup Cost": 0.0, "Total Cost": 61385.74, "Plan Rows": 59, "Plan Width": 8, "Actual Startup Time": 3.882, "Actual Total Time": 944.67, "Actual Rows": 1418, "Actual Loops": 1, "Filter": "(((note)::text ~~ '%(VHS)%'::text) AND ((note)::text ~~ '%(USA)%'::text) AND ((note)::text ~~ '%(1994)%'::text))", "Rows Removed by Filter": 2607710}]}, {"Node Type": "Index Scan", "Parent Relationship": "Inner", "Scan Direction": "Forward", "Index Name": "title_pkey", "Relation Name": "title", "Alias": "t", "Startup Cost": 0.0, "Total Cost": 8.27, "Plan Rows": 1, "Plan Width": 21, "Actual Startup Time": 0.0, "Actual Total Time": 0.0, "Index Cond": "(id = mc.movie_id)", "Rows Removed by Index Recheck": 0, "Filter": "(production_year > 2010)", "Rows Removed by Filter": 0}]}, {"Node Type": "Index Scan", "Parent Relationship": "Inner", "Scan Direction": "Forward", "Index Name": "movie_id_movie_info", "Relation Name": "movie_info", "Alias": "mi", "Startup Cost": 0.0, "Total Cost": 2.46, "Plan Rows": 1, "Plan Width": 8, "Actual Startup Time": 0.0, "Actual Total Time": 0.0, "Index Cond": "(movie_id = t.id)", "Rows Removed by Index Recheck": 0, "Filter": "((info)::text = ANY ('{USA,America}'::text[]))", "Rows Removed by Filter": 0}]}, {"Node Type": "Index Scan", "Parent Relationship": "Inner", "Scan Direction": "Forward", "Index Name": "info_type_pkey", "Relation Name": "info_type", "Alias": "it", "Startup Cost": 0.0, "Total Cost": 0.27, "Plan Rows": 1, "Plan Width": 4, "Actual Startup Time": 0.0, "Actual Total Time": 0.0, "Index Cond": "(id = mi.info_type_id)", "Rows Removed by Index Recheck": 0}]}]}, "Triggers": [], "Planner Runtime": 9.643, "Total Runtime": 945.575, "Unique SQL Id": 328306525}}, "(64, '61')": {"explain_plan": {"Plan": {"Node Type": "Aggregate", "Strategy": "Plain", "Startup Cost": 63248.6, "Total Cost": 63248.61, "Plan Rows": 1, "Plan Width": 49, "Plans": [{"Node Type": "Nested Loop", "Parent Relationship": "Outer", "Join Type": "Inner", "Startup Cost": 0.0, "Total Cost": 63248.54, "Plan Rows": 24, "Plan Width": 17, "Inner Unique": true, "Plans": [{"Node Type": "Nested Loop", "Parent Relationship": "Outer", "Join Type": "Inner", "Startup Cost": 0.0, "Total Cost": 63241.82, "Plan Rows": 24, "Plan Width": 21, "Inner Unique": false, "Plans": [{"Node Type": "Nested Loop", "Parent Relationship": "Outer", "Join Type": "Inner", "Startup Cost": 0.0, "Total Cost": 63162.83, "Plan Rows": 32, "Plan Width": 25, "Inner Unique": true, "Plans": [{"Node Type": "Nested Loop", "Parent Relationship": "Outer", "Join Type": "Inner", "Startup Cost": 0.0, "Total Cost": 62914.35, "Plan Rows": 30, "Plan Width": 4, "Inner Unique": false, "Plans": [{"Node Type": "Index Scan", "Parent Relationship": "Outer", "Scan Direction": "Forward", "Index Name": "company_type_pkey", "Relation Name": "company_type", "Alias": "ct", "Startup Cost": 0.0, "Total Cost": 12.3, "Plan Rows": 1, "Plan Width": 4, "Filter": "((kind)::text = 'production companies'::text)"}, {"Node Type": "Index Scan", "Parent Relationship": "Inner", "Scan Direction": "Forward", "Index Name": "company_type_id_movie_companies", "Relation Name": "movie_companies", "Alias": "mc", "Startup Cost": 0.0, "Total Cost": 62901.76, "Plan Rows": 29, "Plan Width": 8, "Index Cond": "(company_type_id = ct.id)", "Filter": "(((note)::text ~~ '%(VHS)%'::text) AND ((note)::text ~~ '%(USA)%'::text) AND ((note)::text ~~ '%(1994)%'::text))"}]}, {"Node Type": "Index Scan", "Parent Relationship": "Inner", "Scan Direction": "Forward", "Index Name": "title_pkey", "Relation Name": "title", "Alias": "t", "Startup Cost": 0.0, "Total Cost": 8.27, "Plan Rows": 1, "Plan Width": 21, "Index Cond": "(id = mc.movie_id)", "Filter": "(production_year > 2010)"}]}, {"Node Type": "Index Scan", "Parent Relationship": "Inner", "Scan Direction": "Forward", "Index Name": "movie_id_movie_info", "Relation Name": "movie_info", "Alias": "mi", "Startup Cost": 0.0, "Total Cost": 2.46, "Plan Rows": 1, "Plan Width": 8, "Index Cond": "(movie_id = t.id)", "Filter": "((info)::text = ANY ('{USA,America}'::text[]))"}]}, {"Node Type": "Index Scan", "Parent Relationship": "Inner", "Scan Direction": "Forward", "Index Name": "info_type_pkey", "Relation Name": "info_type", "Alias": "it", "Startup Cost": 0.0, "Total Cost": 0.27, "Plan Rows": 1, "Plan Width": 4, "Index Cond": "(id = mi.info_type_id)"}]}]}, "Unique SQL Id": 328306525, "Planner Runtime": 3}, "explain_analyze_plan": {"Plan": {"Node Type": "Aggregate", "Strategy": "Plain", "Startup Cost": 63248.6, "Total Cost": 63248.61, "Plan Rows": 1, "Plan Width": 49, "Actual Startup Time": 707.469, "Actual Total Time": 707.469, "Actual Rows": 1, "Actual Loops": 1, "Plans": [{"Node Type": "Nested Loop", "Parent Relationship": "Outer", "Join Type": "Inner", "Startup Cost": 0.0, "Total Cost": 63248.54, "Plan Rows": 24, "Plan Width": 17, "Actual Startup Time": 707.462, "Actual Total Time": 707.462, "Actual Rows": 0, "Actual Loops": 1, "Inner Unique": true, "Plans": [{"Node Type": "Nested Loop", "Parent Relationship": "Outer", "Join Type": "Inner", "Startup Cost": 0.0, "Total Cost": 63241.82, "Plan Rows": 24, "Plan Width": 21, "Actual Startup Time": 707.46, "Actual Total Time": 707.46, "Actual Rows": 0, "Actual Loops": 1, "Inner Unique": false, "Plans": [{"Node Type": "Nested Loop", "Parent Relationship": "Outer", "Join Type": "Inner", "Startup Cost": 0.0, "Total Cost": 63162.83, "Plan Rows": 32, "Plan Width": 25, "Actual Startup Time": 707.458, "Actual Total Time": 707.458, "Actual Rows": 0, "Actual Loops": 1, "Inner Unique": true, "Plans": [{"Node Type": "Nested Loop", "Parent Relationship": "Outer", "Join Type": "Inner", "Startup Cost": 0.0, "Total Cost": 62914.35, "Plan Rows": 30, "Plan Width": 4, "Actual Startup Time": 707.457, "Actual Total Time": 707.457, "Actual Rows": 0, "Actual Loops": 1, "Inner Unique": false, "Plans": [{"Node Type": "Index Scan", "Parent Relationship": "Outer", "Scan Direction": "Forward", "Index Name": "company_type_pkey", "Relation Name": "company_type", "Alias": "ct", "Startup Cost": 0.0, "Total Cost": 12.3, "Plan Rows": 1, "Plan Width": 4, "Actual Startup Time": 0.015, "Actual Total Time": 0.026, "Actual Rows": 1, "Actual Loops": 1, "Filter": "((kind)::text = 'production companies'::text)", "Rows Removed by Filter": 2}, {"Node Type": "Index Scan", "Parent Relationship": "Inner", "Scan Direction": "Forward", "Index Name": "company_type_id_movie_companies", "Relation Name": "movie_companies", "Alias": "mc", "Startup Cost": 0.0, "Total Cost": 62901.76, "Plan Rows": 29, "Plan Width": 8, "Actual Startup Time": 707.424, "Actual Total Time": 707.424, "Actual Rows": 0, "Actual Loops": 1, "Index Cond": "(company_type_id = ct.id)", "Rows Removed by Index Recheck": 0, "Filter": "(((note)::text ~~ '%(VHS)%'::text) AND ((note)::text ~~ '%(USA)%'::text) AND ((note)::text ~~ '%(1994)%'::text))", "Rows Removed by Filter": 1334883}]}, {"Node Type": "Index Scan", "Parent Relationship": "Inner", "Scan Direction": "Forward", "Index Name": "title_pkey", "Relation Name": "title", "Alias": "t", "Startup Cost": 0.0, "Total Cost": 8.27, "Plan Rows": 1, "Plan Width": 21, "Actual Startup Time": 0.0, "Actual Total Time": 0.0, "Index Cond": "(id = mc.movie_id)", "Rows Removed by Index Recheck": 0, "Filter": "(production_year > 2010)", "Rows Removed by Filter": 0}]}, {"Node Type": "Index Scan", "Parent Relationship": "Inner", "Scan Direction": "Forward", "Index Name": "movie_id_movie_info", "Relation Name": "movie_info", "Alias": "mi", "Startup Cost": 0.0, "Total Cost": 2.46, "Plan Rows": 1, "Plan Width": 8, "Actual Startup Time": 0.0, "Actual Total Time": 0.0, "Index Cond": "(movie_id = t.id)", "Rows Removed by Index Recheck": 0, "Filter": "((info)::text = ANY ('{USA,America}'::text[]))", "Rows Removed by Filter": 0}]}, {"Node Type": "Index Scan", "Parent Relationship": "Inner", "Scan Direction": "Forward", "Index Name": "info_type_pkey", "Relation Name": "info_type", "Alias": "it", "Startup Cost": 0.0, "Total Cost": 0.27, "Plan Rows": 1, "Plan Width": 4, "Actual Startup Time": 0.0, "Actual Total Time": 0.0, "Index Cond": "(id = mi.info_type_id)", "Rows Removed by Index Recheck": 0}]}]}, "Triggers": [], "Planner Runtime": 9.381, "Total Runtime": 707.729, "Unique SQL Id": 328306525}}, "(64, '62')": {"explain_plan": {"Plan": {"Node Type": "Aggregate", "Strategy": "Plain", "Startup Cost": 326869.38, "Total Cost": 326869.39, "Plan Rows": 1, "Plan Width": 49, "Plans": [{"Node Type": "Nested Loop", "Parent Relationship": "Outer", "Join Type": "Inner", "Startup Cost": 0.0, "Total Cost": 326869.32, "Plan Rows": 24, "Plan Width": 17, "Inner Unique": false, "Join Filter": "(mi.info_type_id = it.id)", "Plans": [{"Node Type": "Seq Scan", "Parent Relationship": "Outer", "Relation Name": "info_type", "Alias": "it", "Startup Cost": 0.0, "Total Cost": 2.12, "Plan Rows": 112, "Plan Width": 4}, {"Node Type": "Materialize", "Parent Relationship": "Inner", "Startup Cost": 0.0, "Total Cost": 326826.94, "Plan Rows": 24, "Plan Width": 21, "Plans": [{"Node Type": "Streaming(type: LOCAL GATHER dop: 1/64)", "Parent Relationship": "Outer", "Startup Cost": 0.0, "Total Cost": 326826.82, "Plan Rows": 24, "Plan Width": 21, "Plans": [{"Node Type": "Nested Loop", "Parent Relationship": "Outer", "Join Type": "Inner", "Startup Cost": 0.0, "Total Cost": 326826.33, "Plan Rows": 24, "Plan Width": 21, "Inner Unique": false, "Join Filter": "(t.id = mi.movie_id)", "Plans": [{"Node Type": "Seq Scan", "Parent Relationship": "Outer", "Relation Name": "movie_info", "Alias": "mi", "Startup Cost": 0.0, "Total Cost": 68221.29, "Plan Rows": 584897, "Plan Width": 8, "Filter": "((info)::text = ANY ('{USA,America}'::text[]))"}, {"Node Type": "Materialize", "Parent Relationship": "Inner", "Startup Cost": 0.0, "Total Cost": 254218.39, "Plan Rows": 2048, "Plan Width": 25, "Plans": [{"Node Type": "Streaming(type: BROADCAST dop: 64/64)", "Parent Relationship": "Outer", "Startup Cost": 0.0, "Total Cost": 254218.23, "Plan Rows": 2048, "Plan Width": 25, "Plans": [{"Node Type": "Nested Loop", "Parent Relationship": "Outer", "Join Type": "Inner", "Startup Cost": 0.0, "Total Cost": 191216.93, "Plan Rows": 32, "Plan Width": 25, "Inner Unique": false, "Join Filter": "(mc.movie_id = t.id)", "Plans": [{"Node Type": "Seq Scan", "Parent Relationship": "Outer", "Relation Name": "title", "Alias": "t", "Startup Cost": 0.0, "Total Cost": 64037.34, "Plan Rows": 391451, "Plan Width": 21, "Filter": "(production_year > 2010), (LLVM Optimized)"}, {"Node Type": "Materialize", "Parent Relationship": "Inner", "Startup Cost": 0.0, "Total Cost": 124427.27, "Plan Rows": 1920, "Plan Width": 4, "Plans": [{"Node Type": "Streaming(type: BROADCAST dop: 64/1)", "Parent Relationship": "Outer", "Startup Cost": 0.0, "Total Cost": 124427.12, "Plan Rows": 1920, "Plan Width": 4, "Plans": [{"Node Type": "Nested Loop", "Parent Relationship": "Outer", "Join Type": "Inner", "Startup Cost": 0.0, "Total Cost": 61387.52, "Plan Rows": 30, "Plan Width": 4, "Inner Unique": false, "Join Filter": "(ct.id = mc.company_type_id)", "Plans": [{"Node Type": "Seq Scan", "Parent Relationship": "Outer", "Relation Name": "company_type", "Alias": "ct", "Startup Cost": 0.0, "Total Cost": 1.04, "Plan Rows": 1, "Plan Width": 4, "Filter": "((kind)::text = 'production companies'::text)"}, {"Node Type": "Seq Scan", "Parent Relationship": "Inner", "Relation Name": "movie_companies", "Alias": "mc", "Startup Cost": 0.0, "Total Cost": 61385.74, "Plan Rows": 59, "Plan Width": 8, "Filter": "(((note)::text ~~ '%(VHS)%'::text) AND ((note)::text ~~ '%(USA)%'::text) AND ((note)::text ~~ '%(1994)%'::text))"}]}]}]}]}]}]}]}]}]}]}]}, "Unique SQL Id": 328306525, "Planner Runtime": 4}, "explain_analyze_plan": {"Plan": {"Node Type": "Aggregate", "Strategy": "Plain", "Startup Cost": 326869.38, "Total Cost": 326869.39, "Plan Rows": 1, "Plan Width": 49, "Actual Min Startup Time": 1236.64, "Actual Max Startup Time": 1236.64, "Actual Min Total Time": 1236.64, "Actual Max Total Time": 1236.64, "Plans": [{"Node Type": "Nested Loop", "Parent Relationship": "Outer", "Join Type": "Inner", "Startup Cost": 0.0, "Total Cost": 326869.32, "Plan Rows": 24, "Plan Width": 17, "Actual Min Startup Time": 1236.63, "Actual Max Startup Time": 1236.63, "Actual Min Total Time": 1236.63, "Actual Max Total Time": 1236.63, "Inner Unique": false, "Join Filter": "(mi.info_type_id = it.id)", "Rows Removed by Join Filter": 0, "Plans": [{"Node Type": "Seq Scan", "Parent Relationship": "Outer", "Relation Name": "info_type", "Alias": "it", "Startup Cost": 0.0, "Total Cost": 2.12, "Plan Rows": 112, "Plan Width": 4, "Actual Min Startup Time": 0.043, "Actual Max Startup Time": 0.043, "Actual Min Total Time": 0.058, "Actual Max Total Time": 0.058, "Actual Rows": 112}, {"Node Type": "Materialize", "Parent Relationship": "Inner", "Startup Cost": 0.0, "Total Cost": 326826.94, "Plan Rows": 24, "Plan Width": 21, "Actual Min Startup Time": 1236.525, "Actual Max Startup Time": 1236.525, "Actual Min Total Time": 1236.525, "Actual Max Total Time": 1236.525, "Plans": [{"Node Type": "Streaming(type: LOCAL GATHER dop: 1/64)", "Parent Relationship": "Outer", "Startup Cost": 0.0, "Total Cost": 326826.82, "Plan Rows": 24, "Plan Width": 21, "Actual Min Startup Time": 1236.507, "Actual Max Startup Time": 1236.507, "Actual Min Total Time": 1236.507, "Actual Max Total Time": 1236.507, "Plans": [{"Node Type": "Nested Loop", "Parent Relationship": "Outer", "Join Type": "Inner", "Startup Cost": 0.0, "Total Cost": 326826.33, "Plan Rows": 24, "Plan Width": 21, "Actual Min Startup Time": 1019.094, "Actual Max Startup Time": 1074.467, "Actual Min Total Time": 1019.094, "Actual Max Total Time": 1074.467, "Inner Unique": false, "Join Filter": "(t.id = mi.movie_id)", "Rows Removed by Join Filter": 0, "Plans": [{"Node Type": "Seq Scan", "Parent Relationship": "Outer", "Relation Name": "movie_info", "Alias": "mi", "Startup Cost": 0.0, "Total Cost": 68221.29, "Plan Rows": 584897, "Plan Width": 8, "Actual Min Startup Time": 0.068, "Actual Max Startup Time": 10.112, "Actual Min Total Time": 92.41, "Actual Max Total Time": 106.807, "Filter": "((info)::text = ANY ('{USA,America}'::text[]))", "Rows Removed by Filter": 14282942, "Actual Rows": 552777}, {"Node Type": "Materialize", "Parent Relationship": "Inner", "Startup Cost": 0.0, "Total Cost": 254218.39, "Plan Rows": 2048, "Plan Width": 25, "Actual Min Startup Time": 919.906, "Actual Max Startup Time": 966.885, "Actual Min Total Time": 919.906, "Actual Max Total Time": 966.885, "Plans": [{"Node Type": "Streaming(type: BROADCAST dop: 64/64)", "Parent Relationship": "Outer", "Startup Cost": 0.0, "Total Cost": 254218.23, "Plan Rows": 2048, "Plan Width": 25, "Actual Min Startup Time": 919.139, "Actual Max Startup Time": 965.671, "Actual Min Total Time": 919.139, "Actual Max Total Time": 965.671, "Plans": [{"Node Type": "Nested Loop", "Parent Relationship": "Outer", "Join Type": "Inner", "Startup Cost": 0.0, "Total Cost": 191216.93, "Plan Rows": 32, "Plan Width": 25, "Actual Min Startup Time": 814.682, "Actual Max Startup Time": 982.15, "Actual Min Total Time": 814.682, "Actual Max Total Time": 982.15, "Inner Unique": false, "Join Filter": "(mc.movie_id = t.id)", "Rows Removed by Join Filter": 0, "Plans": [{"Node Type": "Seq Scan", "Parent Relationship": "Outer", "Relation Name": "title", "Alias": "t", "Startup Cost": 0.0, "Total Cost": 64037.34, "Plan Rows": 391451, "Plan Width": 21, "Actual Min Startup Time": 0.026, "Actual Max Startup Time": 0.091, "Actual Min Total Time": 12.513, "Actual Max Total Time": 15.814, "Filter": "(production_year > 2010), (LLVM Optimized, Jit Execute)", "Rows Removed by Filter": 2136645, "Actual Rows": 391666}, {"Node Type": "Materialize", "Parent Relationship": "Inner", "Startup Cost": 0.0, "Total Cost": 124427.27, "Plan Rows": 1920, "Plan Width": 4, "Actual Min Startup Time": 800.491, "Actual Max Startup Time": 968.22, "Actual Min Total Time": 800.491, "Actual Max Total Time": 968.22, "Plans": [{"Node Type": "Streaming(type: BROADCAST dop: 64/1)", "Parent Relationship": "Outer", "Startup Cost": 0.0, "Total Cost": 124427.12, "Plan Rows": 1920, "Plan Width": 4, "Actual Min Startup Time": 800.043, "Actual Max Startup Time": 967.712, "Actual Min Total Time": 800.043, "Actual Max Total Time": 967.712, "Plans": [{"Node Type": "Nested Loop", "Parent Relationship": "Outer", "Join Type": "Inner", "Startup Cost": 0.0, "Total Cost": 61387.52, "Plan Rows": 30, "Plan Width": 4, "Actual Min Startup Time": 972.85, "Actual Max Startup Time": 972.85, "Actual Min Total Time": 972.85, "Actual Max Total Time": 972.85, "Inner Unique": false, "Join Filter": "(ct.id = mc.company_type_id)", "Rows Removed by Join Filter": 1418, "Plans": [{"Node Type": "Seq Scan", "Parent Relationship": "Outer", "Relation Name": "company_type", "Alias": "ct", "Startup Cost": 0.0, "Total Cost": 1.04, "Plan Rows": 1, "Plan Width": 4, "Actual Min Startup Time": 0.023, "Actual Max Startup Time": 0.023, "Actual Min Total Time": 0.027, "Actual Max Total Time": 0.027, "Filter": "((kind)::text = 'production companies'::text)", "Rows Removed by Filter": 2, "Actual Rows": 1}, {"Node Type": "Seq Scan", "Parent Relationship": "Inner", "Relation Name": "movie_companies", "Alias": "mc", "Startup Cost": 0.0, "Total Cost": 61385.74, "Plan Rows": 59, "Plan Width": 8, "Actual Min Startup Time": 4.027, "Actual Max Startup Time": 4.027, "Actual Min Total Time": 972.409, "Actual Max Total Time": 972.409, "Filter": "(((note)::text ~~ '%(VHS)%'::text) AND ((note)::text ~~ '%(USA)%'::text) AND ((note)::text ~~ '%(1994)%'::text))", "Rows Removed by Filter": 2607710, "Actual Rows": 1418}], "Actual Rows": 0}], "Actual Rows": 0}], "Actual Rows": 0}], "Actual Rows": 0}], "Actual Rows": 0}], "Actual Rows": 0}], "Actual Rows": 0}], "Actual Rows": 0}], "Actual Rows": 0}], "Actual Rows": 0}], "Actual Rows": 1}, "Triggers": [], "Planner Runtime": 7.048, "Total Runtime": 1278.055, "Unique SQL Id": 328306525}}, "(64, '63')": {"explain_plan": {"Plan": {"Node Type": "Aggregate", "Strategy": "Plain", "Startup Cost": 5000130950484.58, "Total Cost": 5000130950484.59, "Plan Rows": 1, "Plan Width": 49, "Plans": [{"Node Type": "Nested Loop", "Parent Relationship": "Outer", "Join Type": "Inner", "Startup Cost": 50000000000.0, "Total Cost": 5000130950484.52, "Plan Rows": 24, "Plan Width": 17, "Inner Unique": true, "Join Filter": "(mi.info_type_id = it.id)", "Plans": [{"Node Type": "Nested Loop", "Parent Relationship": "Outer", "Join Type": "Inner", "Startup Cost": 40000000000.0, "Total Cost": 4000130949050.92, "Plan Rows": 24, "Plan Width": 21, "Inner Unique": false, "Join Filter": "(t.id = mi.movie_id)", "Plans": [{"Node Type": "Index Scan", "Parent Relationship": "Outer", "Scan Direction": "Forward", "Index Name": "info_type_id_movie_info", "Relation Name": "movie_info", "Alias": "mi", "Startup Cost": 10000000000.0, "Total Cost": 1000107401445.12, "Plan Rows": 584897, "Plan Width": 8, "Filter": "((info)::text = ANY ('{USA,America}'::text[]))"}, {"Node Type": "Materialize", "Parent Relationship": "Inner", "Startup Cost": 30000000000.0, "Total Cost": 3000023266855.32, "Plan Rows": 32, "Plan Width": 25, "Plans": [{"Node Type": "Nested Loop", "Parent Relationship": "Outer", "Join Type": "Inner", "Startup Cost": 30000000000.0, "Total Cost": 3000023266855.16, "Plan Rows": 32, "Plan Width": 25, "Inner Unique": true, "Join Filter": "(mc.company_type_id = ct.id)", "Plans": [{"Node Type": "Nested Loop", "Parent Relationship": "Outer", "Join Type": "Inner", "Startup Cost": 20000000000.0, "Total Cost": 2000023265623.95, "Plan Rows": 64, "Plan Width": 29, "Inner Unique": false, "Join Filter": "(mc.movie_id = t.id)", "Plans": [{"Node Type": "Index Scan", "Parent Relationship": "Outer", "Scan Direction": "Forward", "Index Name": "title_pkey", "Relation Name": "title", "Alias": "t", "Startup Cost": 10000000000.0, "Total Cost": 1000011644126.66, "Plan Rows": 391451, "Plan Width": 21, "Filter": "(production_year > 2010), (LLVM Optimized)"}, {"Node Type": "Materialize", "Parent Relationship": "Inner", "Startup Cost": 10000000000.0, "Total Cost": 1000011275063.29, "Plan Rows": 59, "Plan Width": 8, "Plans": [{"Node Type": "Index Scan", "Parent Relationship": "Outer", "Scan Direction": "Forward", "Index Name": "company_type_id_movie_companies", "Relation Name": "movie_companies", "Alias": "mc", "Startup Cost": 10000000000.0, "Total Cost": 1000011275063.0, "Plan Rows": 59, "Plan Width": 8, "Filter": "(((note)::text ~~ '%(VHS)%'::text) AND ((note)::text ~~ '%(USA)%'::text) AND ((note)::text ~~ '%(1994)%'::text))"}]}]}, {"Node Type": "Materialize", "Parent Relationship": "Inner", "Startup Cost": 10000000000.0, "Total Cost": 1000000001230.26, "Plan Rows": 1, "Plan Width": 4, "Plans": [{"Node Type": "Index Scan", "Parent Relationship": "Outer", "Scan Direction": "Forward", "Index Name": "company_type_pkey", "Relation Name": "company_type", "Alias": "ct", "Startup Cost": 10000000000.0, "Total Cost": 1000000001230.25, "Plan Rows": 1, "Plan Width": 4, "Filter": "((kind)::text = 'production companies'::text)"}]}]}]}]}, {"Node Type": "Materialize", "Parent Relationship": "Inner", "Startup Cost": 10000000000.0, "Total Cost": 1000000001393.56, "Plan Rows": 112, "Plan Width": 4, "Plans": [{"Node Type": "Index Scan", "Parent Relationship": "Outer", "Scan Direction": "Forward", "Index Name": "info_type_pkey", "Relation Name": "info_type", "Alias": "it", "Startup Cost": 10000000000.0, "Total Cost": 1000000001393.0, "Plan Rows": 112, "Plan Width": 4}]}]}]}, "Unique SQL Id": 328306525, "Planner Runtime": 3}, "explain_analyze_plan": null}, "(64, '64')": {"explain_plan": {"Plan": {"Node Type": "Aggregate", "Strategy": "Plain", "Startup Cost": 61748.65, "Total Cost": 61748.66, "Plan Rows": 1, "Plan Width": 49, "Plans": [{"Node Type": "Nested Loop", "Parent Relationship": "Outer", "Join Type": "Inner", "Startup Cost": 0.0, "Total Cost": 61748.59, "Plan Rows": 24, "Plan Width": 17, "Inner Unique": true, "Plans": [{"Node Type": "Nested Loop", "Parent Relationship": "Outer", "Join Type": "Inner", "Startup Cost": 0.0, "Total Cost": 61741.87, "Plan Rows": 24, "Plan Width": 21, "Inner Unique": false, "Plans": [{"Node Type": "Nested Loop", "Parent Relationship": "Outer", "Join Type": "Inner", "Startup Cost": 0.0, "Total Cost": 61662.88, "Plan Rows": 32, "Plan Width": 25, "Inner Unique": true, "Plans": [{"Node Type": "Nested Loop", "Parent Relationship": "Outer", "Join Type": "Inner", "Startup Cost": 0.0, "Total Cost": 61414.41, "Plan Rows": 30, "Plan Width": 4, "Inner Unique": true, "Plans": [{"Node Type": "Seq Scan", "Parent Relationship": "Outer", "Relation Name": "movie_companies", "Alias": "mc", "Startup Cost": 0.0, "Total Cost": 61385.74, "Plan Rows": 59, "Plan Width": 8, "Filter": "(((note)::text ~~ '%(VHS)%'::text) AND ((note)::text ~~ '%(USA)%'::text) AND ((note)::text ~~ '%(1994)%'::text))"}, {"Node Type": "Index Scan", "Parent Relationship": "Inner", "Scan Direction": "Forward", "Index Name": "company_type_pkey", "Relation Name": "company_type", "Alias": "ct", "Startup Cost": 0.0, "Total Cost": 0.48, "Plan Rows": 1, "Plan Width": 4, "Index Cond": "(id = mc.company_type_id)", "Filter": "((kind)::text = 'production companies'::text)"}]}, {"Node Type": "Index Scan", "Parent Relationship": "Inner", "Scan Direction": "Forward", "Index Name": "title_pkey", "Relation Name": "title", "Alias": "t", "Startup Cost": 0.0, "Total Cost": 8.27, "Plan Rows": 1, "Plan Width": 21, "Index Cond": "(id = mc.movie_id)", "Filter": "(production_year > 2010)"}]}, {"Node Type": "Index Scan", "Parent Relationship": "Inner", "Scan Direction": "Forward", "Index Name": "movie_id_movie_info", "Relation Name": "movie_info", "Alias": "mi", "Startup Cost": 0.0, "Total Cost": 2.46, "Plan Rows": 1, "Plan Width": 8, "Index Cond": "(movie_id = t.id)", "Filter": "((info)::text = ANY ('{USA,America}'::text[]))"}]}, {"Node Type": "Index Only Scan", "Parent Relationship": "Inner", "Scan Direction": "Forward", "Index Name": "info_type_pkey", "Relation Name": "info_type", "Alias": "it", "Startup Cost": 0.0, "Total Cost": 0.27, "Plan Rows": 1, "Plan Width": 4, "Index Cond": "(id = mi.info_type_id)"}]}]}, "Unique SQL Id": 328306525, "Planner Runtime": 8}, "explain_analyze_plan": {"Plan": {"Node Type": "Aggregate", "Strategy": "Plain", "Startup Cost": 61748.65, "Total Cost": 61748.66, "Plan Rows": 1, "Plan Width": 49, "Actual Startup Time": 959.809, "Actual Total Time": 959.81, "Actual Rows": 1, "Actual Loops": 1, "Plans": [{"Node Type": "Nested Loop", "Parent Relationship": "Outer", "Join Type": "Inner", "Startup Cost": 0.0, "Total Cost": 61748.59, "Plan Rows": 24, "Plan Width": 17, "Actual Startup Time": 959.799, "Actual Total Time": 959.799, "Actual Rows": 0, "Actual Loops": 1, "Inner Unique": true, "Plans": [{"Node Type": "Nested Loop", "Parent Relationship": "Outer", "Join Type": "Inner", "Startup Cost": 0.0, "Total Cost": 61741.87, "Plan Rows": 24, "Plan Width": 21, "Actual Startup Time": 959.798, "Actual Total Time": 959.798, "Actual Rows": 0, "Actual Loops": 1, "Inner Unique": false, "Plans": [{"Node Type": "Nested Loop", "Parent Relationship": "Outer", "Join Type": "Inner", "Startup Cost": 0.0, "Total Cost": 61662.88, "Plan Rows": 32, "Plan Width": 25, "Actual Startup Time": 959.797, "Actual Total Time": 959.797, "Actual Rows": 0, "Actual Loops": 1, "Inner Unique": true, "Plans": [{"Node Type": "Nested Loop", "Parent Relationship": "Outer", "Join Type": "Inner", "Startup Cost": 0.0, "Total Cost": 61414.41, "Plan Rows": 30, "Plan Width": 4, "Actual Startup Time": 959.796, "Actual Total Time": 959.796, "Actual Rows": 0, "Actual Loops": 1, "Inner Unique": true, "Plans": [{"Node Type": "Seq Scan", "Parent Relationship": "Outer", "Relation Name": "movie_companies", "Alias": "mc", "Startup Cost": 0.0, "Total Cost": 61385.74, "Plan Rows": 59, "Plan Width": 8, "Actual Startup Time": 3.997, "Actual Total Time": 957.979, "Actual Rows": 1418, "Actual Loops": 1, "Filter": "(((note)::text ~~ '%(VHS)%'::text) AND ((note)::text ~~ '%(USA)%'::text) AND ((note)::text ~~ '%(1994)%'::text))", "Rows Removed by Filter": 2607710}, {"Node Type": "Index Scan", "Parent Relationship": "Inner", "Scan Direction": "Forward", "Index Name": "company_type_pkey", "Relation Name": "company_type", "Alias": "ct", "Startup Cost": 0.0, "Total Cost": 0.48, "Plan Rows": 1, "Plan Width": 4, "Actual Startup Time": 0.994, "Actual Total Time": 0.994, "Actual Rows": 0, "Actual Loops": 1418, "Index Cond": "(id = mc.company_type_id)", "Rows Removed by Index Recheck": 0, "Filter": "((kind)::text = 'production companies'::text)", "Rows Removed by Filter": 0}]}, {"Node Type": "Index Scan", "Parent Relationship": "Inner", "Scan Direction": "Forward", "Index Name": "title_pkey", "Relation Name": "title", "Alias": "t", "Startup Cost": 0.0, "Total Cost": 8.27, "Plan Rows": 1, "Plan Width": 21, "Actual Startup Time": 0.0, "Actual Total Time": 0.0, "Index Cond": "(id = mc.movie_id)", "Rows Removed by Index Recheck": 0, "Filter": "(production_year > 2010)", "Rows Removed by Filter": 0}]}, {"Node Type": "Index Scan", "Parent Relationship": "Inner", "Scan Direction": "Forward", "Index Name": "movie_id_movie_info", "Relation Name": "movie_info", "Alias": "mi", "Startup Cost": 0.0, "Total Cost": 2.46, "Plan Rows": 1, "Plan Width": 8, "Actual Startup Time": 0.0, "Actual Total Time": 0.0, "Index Cond": "(movie_id = t.id)", "Rows Removed by Index Recheck": 0, "Filter": "((info)::text = ANY ('{USA,America}'::text[]))", "Rows Removed by Filter": 0}]}, {"Node Type": "Index Only Scan", "Parent Relationship": "Inner", "Scan Direction": "Forward", "Index Name": "info_type_pkey", "Relation Name": "info_type", "Alias": "it", "Startup Cost": 0.0, "Total Cost": 0.27, "Plan Rows": 1, "Plan Width": 4, "Actual Startup Time": 0.0, "Actual Total Time": 0.0, "Index Cond": "(id = mi.info_type_id)", "Rows Removed by Index Recheck": 0, "Heap Fetches": 0}]}]}, "Triggers": [], "Planner Runtime": 8.31, "Total Runtime": 960.184, "Unique SQL Id": 328306525}}, "(64, '65')": {"explain_plan": {"Plan": {"Node Type": "Aggregate", "Strategy": "Plain", "Startup Cost": 63248.6, "Total Cost": 63248.61, "Plan Rows": 1, "Plan Width": 49, "Plans": [{"Node Type": "Nested Loop", "Parent Relationship": "Outer", "Join Type": "Inner", "Startup Cost": 0.0, "Total Cost": 63248.54, "Plan Rows": 24, "Plan Width": 17, "Inner Unique": true, "Plans": [{"Node Type": "Nested Loop", "Parent Relationship": "Outer", "Join Type": "Inner", "Startup Cost": 0.0, "Total Cost": 63241.82, "Plan Rows": 24, "Plan Width": 21, "Inner Unique": false, "Plans": [{"Node Type": "Nested Loop", "Parent Relationship": "Outer", "Join Type": "Inner", "Startup Cost": 0.0, "Total Cost": 63162.83, "Plan Rows": 32, "Plan Width": 25, "Inner Unique": true, "Plans": [{"Node Type": "Nested Loop", "Parent Relationship": "Outer", "Join Type": "Inner", "Startup Cost": 0.0, "Total Cost": 62914.35, "Plan Rows": 30, "Plan Width": 4, "Inner Unique": false, "Plans": [{"Node Type": "Index Scan", "Parent Relationship": "Outer", "Scan Direction": "Forward", "Index Name": "company_type_pkey", "Relation Name": "company_type", "Alias": "ct", "Startup Cost": 0.0, "Total Cost": 12.3, "Plan Rows": 1, "Plan Width": 4, "Filter": "((kind)::text = 'production companies'::text)"}, {"Node Type": "Index Scan", "Parent Relationship": "Inner", "Scan Direction": "Forward", "Index Name": "company_type_id_movie_companies", "Relation Name": "movie_companies", "Alias": "mc", "Startup Cost": 0.0, "Total Cost": 62901.76, "Plan Rows": 29, "Plan Width": 8, "Index Cond": "(company_type_id = ct.id)", "Filter": "(((note)::text ~~ '%(VHS)%'::text) AND ((note)::text ~~ '%(USA)%'::text) AND ((note)::text ~~ '%(1994)%'::text))"}]}, {"Node Type": "Index Scan", "Parent Relationship": "Inner", "Scan Direction": "Forward", "Index Name": "title_pkey", "Relation Name": "title", "Alias": "t", "Startup Cost": 0.0, "Total Cost": 8.27, "Plan Rows": 1, "Plan Width": 21, "Index Cond": "(id = mc.movie_id)", "Filter": "(production_year > 2010)"}]}, {"Node Type": "Index Scan", "Parent Relationship": "Inner", "Scan Direction": "Forward", "Index Name": "movie_id_movie_info", "Relation Name": "movie_info", "Alias": "mi", "Startup Cost": 0.0, "Total Cost": 2.46, "Plan Rows": 1, "Plan Width": 8, "Index Cond": "(movie_id = t.id)", "Filter": "((info)::text = ANY ('{USA,America}'::text[]))"}]}, {"Node Type": "Index Only Scan", "Parent Relationship": "Inner", "Scan Direction": "Forward", "Index Name": "info_type_pkey", "Relation Name": "info_type", "Alias": "it", "Startup Cost": 0.0, "Total Cost": 0.27, "Plan Rows": 1, "Plan Width": 4, "Index Cond": "(id = mi.info_type_id)"}]}]}, "Unique SQL Id": 328306525, "Planner Runtime": 8}, "explain_analyze_plan": {"Plan": {"Node Type": "Aggregate", "Strategy": "Plain", "Startup Cost": 63248.6, "Total Cost": 63248.61, "Plan Rows": 1, "Plan Width": 49, "Actual Startup Time": 712.178, "Actual Total Time": 712.179, "Actual Rows": 1, "Actual Loops": 1, "Plans": [{"Node Type": "Nested Loop", "Parent Relationship": "Outer", "Join Type": "Inner", "Startup Cost": 0.0, "Total Cost": 63248.54, "Plan Rows": 24, "Plan Width": 17, "Actual Startup Time": 712.172, "Actual Total Time": 712.172, "Actual Rows": 0, "Actual Loops": 1, "Inner Unique": true, "Plans": [{"Node Type": "Nested Loop", "Parent Relationship": "Outer", "Join Type": "Inner", "Startup Cost": 0.0, "Total Cost": 63241.82, "Plan Rows": 24, "Plan Width": 21, "Actual Startup Time": 712.17, "Actual Total Time": 712.17, "Actual Rows": 0, "Actual Loops": 1, "Inner Unique": false, "Plans": [{"Node Type": "Nested Loop", "Parent Relationship": "Outer", "Join Type": "Inner", "Startup Cost": 0.0, "Total Cost": 63162.83, "Plan Rows": 32, "Plan Width": 25, "Actual Startup Time": 712.168, "Actual Total Time": 712.168, "Actual Rows": 0, "Actual Loops": 1, "Inner Unique": true, "Plans": [{"Node Type": "Nested Loop", "Parent Relationship": "Outer", "Join Type": "Inner", "Startup Cost": 0.0, "Total Cost": 62914.35, "Plan Rows": 30, "Plan Width": 4, "Actual Startup Time": 712.166, "Actual Total Time": 712.166, "Actual Rows": 0, "Actual Loops": 1, "Inner Unique": false, "Plans": [{"Node Type": "Index Scan", "Parent Relationship": "Outer", "Scan Direction": "Forward", "Index Name": "company_type_pkey", "Relation Name": "company_type", "Alias": "ct", "Startup Cost": 0.0, "Total Cost": 12.3, "Plan Rows": 1, "Plan Width": 4, "Actual Startup Time": 0.013, "Actual Total Time": 0.024, "Actual Rows": 1, "Actual Loops": 1, "Filter": "((kind)::text = 'production companies'::text)", "Rows Removed by Filter": 2}, {"Node Type": "Index Scan", "Parent Relationship": "Inner", "Scan Direction": "Forward", "Index Name": "company_type_id_movie_companies", "Relation Name": "movie_companies", "Alias": "mc", "Startup Cost": 0.0, "Total Cost": 62901.76, "Plan Rows": 29, "Plan Width": 8, "Actual Startup Time": 712.136, "Actual Total Time": 712.136, "Actual Rows": 0, "Actual Loops": 1, "Index Cond": "(company_type_id = ct.id)", "Rows Removed by Index Recheck": 0, "Filter": "(((note)::text ~~ '%(VHS)%'::text) AND ((note)::text ~~ '%(USA)%'::text) AND ((note)::text ~~ '%(1994)%'::text))", "Rows Removed by Filter": 1334883}]}, {"Node Type": "Index Scan", "Parent Relationship": "Inner", "Scan Direction": "Forward", "Index Name": "title_pkey", "Relation Name": "title", "Alias": "t", "Startup Cost": 0.0, "Total Cost": 8.27, "Plan Rows": 1, "Plan Width": 21, "Actual Startup Time": 0.0, "Actual Total Time": 0.0, "Index Cond": "(id = mc.movie_id)", "Rows Removed by Index Recheck": 0, "Filter": "(production_year > 2010)", "Rows Removed by Filter": 0}]}, {"Node Type": "Index Scan", "Parent Relationship": "Inner", "Scan Direction": "Forward", "Index Name": "movie_id_movie_info", "Relation Name": "movie_info", "Alias": "mi", "Startup Cost": 0.0, "Total Cost": 2.46, "Plan Rows": 1, "Plan Width": 8, "Actual Startup Time": 0.0, "Actual Total Time": 0.0, "Index Cond": "(movie_id = t.id)", "Rows Removed by Index Recheck": 0, "Filter": "((info)::text = ANY ('{USA,America}'::text[]))", "Rows Removed by Filter": 0}]}, {"Node Type": "Index Only Scan", "Parent Relationship": "Inner", "Scan Direction": "Forward", "Index Name": "info_type_pkey", "Relation Name": "info_type", "Alias": "it", "Startup Cost": 0.0, "Total Cost": 0.27, "Plan Rows": 1, "Plan Width": 4, "Actual Startup Time": 0.0, "Actual Total Time": 0.0, "Index Cond": "(id = mi.info_type_id)", "Rows Removed by Index Recheck": 0, "Heap Fetches": 0}]}]}, "Triggers": [], "Planner Runtime": 9.362, "Total Runtime": 712.43, "Unique SQL Id": 328306525}}, "(64, '66')": {"explain_plan": {"Plan": {"Node Type": "Aggregate", "Strategy": "Plain", "Startup Cost": 62362.01, "Total Cost": 62362.02, "Plan Rows": 1, "Plan Width": 49, "Plans": [{"Node Type": "Nested Loop", "Parent Relationship": "Outer", "Join Type": "Inner", "Startup Cost": 5.92, "Total Cost": 62361.95, "Plan Rows": 24, "Plan Width": 17, "Inner Unique": true, "Plans": [{"Node Type": "Nested Loop", "Parent Relationship": "Outer", "Join Type": "Inner", "Startup Cost": 5.66, "Total Cost": 62259.23, "Plan Rows": 24, "Plan Width": 21, "Inner Unique": true, "Plans": [{"Node Type": "Nested Loop", "Parent Relationship": "Outer", "Join Type": "Inner", "Startup Cost": 5.34, "Total Cost": 62115.81, "Plan Rows": 33, "Plan Width": 12, "Inner Unique": false, "Plans": [{"Node Type": "Hash Join", "Parent Relationship": "Outer", "Join Type": "Inner", "Startup Cost": 1.05, "Total Cost": 61387.24, "Plan Rows": 30, "Plan Width": 4, "Inner Unique": true, "Hash Cond": "(mc.company_type_id = ct.id)", "Plans": [{"Node Type": "Seq Scan", "Parent Relationship": "Outer", "Relation Name": "movie_companies", "Alias": "mc", "Startup Cost": 0.0, "Total Cost": 61385.74, "Plan Rows": 59, "Plan Width": 8, "Filter": "(((note)::text ~~ '%(VHS)%'::text) AND ((note)::text ~~ '%(USA)%'::text) AND ((note)::text ~~ '%(1994)%'::text))"}, {"Node Type": "Hash", "Parent Relationship": "Inner", "Startup Cost": 1.04, "Total Cost": 1.04, "Plan Rows": 1, "Plan Width": 4, "Plans": [{"Node Type": "Seq Scan", "Parent Relationship": "Outer", "Relation Name": "company_type", "Alias": "ct", "Startup Cost": 0.0, "Total Cost": 1.04, "Plan Rows": 1, "Plan Width": 4, "Filter": "((kind)::text = 'production companies'::text)"}]}]}, {"Node Type": "Bitmap Heap Scan", "Parent Relationship": "Inner", "Relation Name": "movie_info", "Alias": "mi", "Startup Cost": 4.29, "Total Cost": 24.28, "Plan Rows": 1, "Plan Width": 8, "Recheck Cond": "(movie_id = mc.movie_id)", "Filter": "((info)::text = ANY ('{USA,America}'::text[]))", "Plans": [{"Node Type": "Bitmap Index Scan", "Parent Relationship": "Outer", "Index Name": "movie_id_movie_info", "Startup Cost": 0.0, "Total Cost": 4.29, "Plan Rows": 5, "Plan Width": 0, "Index Cond": "(movie_id = mc.movie_id)"}]}]}, {"Node Type": "Bitmap Heap Scan", "Parent Relationship": "Inner", "Relation Name": "title", "Alias": "t", "Startup Cost": 0.32, "Total Cost": 4.34, "Plan Rows": 1, "Plan Width": 21, "Recheck Cond": "(id = mi.movie_id)", "Filter": "(production_year > 2010)", "Plans": [{"Node Type": "Bitmap Index Scan", "Parent Relationship": "Outer", "Index Name": "title_pkey", "Startup Cost": 0.0, "Total Cost": 0.32, "Plan Rows": 1, "Plan Width": 0, "Index Cond": "(id = mi.movie_id)"}]}]}, {"Node Type": "Bitmap Heap Scan", "Parent Relationship": "Inner", "Relation Name": "info_type", "Alias": "it", "Startup Cost": 0.26, "Total Cost": 4.27, "Plan Rows": 1, "Plan Width": 4, "Recheck Cond": "(id = mi.info_type_id)", "Plans": [{"Node Type": "Bitmap Index Scan", "Parent Relationship": "Outer", "Index Name": "info_type_pkey", "Startup Cost": 0.0, "Total Cost": 0.26, "Plan Rows": 1, "Plan Width": 0, "Index Cond": "(id = mi.info_type_id)"}]}]}]}, "Unique SQL Id": 328306525, "Planner Runtime": 9}, "explain_analyze_plan": {"Plan": {"Node Type": "Aggregate", "Strategy": "Plain", "Startup Cost": 62362.01, "Total Cost": 62362.02, "Plan Rows": 1, "Plan Width": 49, "Actual Startup Time": 967.916, "Actual Total Time": 967.916, "Actual Rows": 1, "Actual Loops": 1, "Plans": [{"Node Type": "Nested Loop", "Parent Relationship": "Outer", "Join Type": "Inner", "Startup Cost": 5.92, "Total Cost": 62361.95, "Plan Rows": 24, "Plan Width": 17, "Actual Startup Time": 967.908, "Actual Total Time": 967.908, "Actual Rows": 0, "Actual Loops": 1, "Inner Unique": true, "Plans": [{"Node Type": "Nested Loop", "Parent Relationship": "Outer", "Join Type": "Inner", "Startup Cost": 5.66, "Total Cost": 62259.23, "Plan Rows": 24, "Plan Width": 21, "Actual Startup Time": 967.906, "Actual Total Time": 967.906, "Actual Rows": 0, "Actual Loops": 1, "Inner Unique": true, "Plans": [{"Node Type": "Nested Loop", "Parent Relationship": "Outer", "Join Type": "Inner", "Startup Cost": 5.34, "Total Cost": 62115.81, "Plan Rows": 33, "Plan Width": 12, "Actual Startup Time": 967.905, "Actual Total Time": 967.905, "Actual Rows": 0, "Actual Loops": 1, "Inner Unique": false, "Plans": [{"Node Type": "Hash Join", "Parent Relationship": "Outer", "Join Type": "Inner", "Startup Cost": 1.05, "Total Cost": 61387.24, "Plan Rows": 30, "Plan Width": 4, "Actual Startup Time": 967.863, "Actual Total Time": 967.863, "Actual Rows": 0, "Actual Loops": 1, "Inner Unique": true, "Hash Cond": "(mc.company_type_id = ct.id)", "Plans": [{"Node Type": "Seq Scan", "Parent Relationship": "Outer", "Relation Name": "movie_companies", "Alias": "mc", "Startup Cost": 0.0, "Total Cost": 61385.74, "Plan Rows": 59, "Plan Width": 8, "Actual Startup Time": 4.074, "Actual Total Time": 967.403, "Actual Rows": 1418, "Actual Loops": 1, "Filter": "(((note)::text ~~ '%(VHS)%'::text) AND ((note)::text ~~ '%(USA)%'::text) AND ((note)::text ~~ '%(1994)%'::text))", "Rows Removed by Filter": 2607710}, {"Node Type": "Hash", "Parent Relationship": "Inner", "Startup Cost": 1.04, "Total Cost": 1.04, "Plan Rows": 1, "Plan Width": 4, "Actual Startup Time": 0.027, "Actual Total Time": 0.027, "Actual Rows": 1, "Actual Loops": 1, "Hash Buckets": 32768, "Hash Batches": 1, "Original Hash Batches": 1, "Peak Memory Usage": 1, "Plans": [{"Node Type": "Seq Scan", "Parent Relationship": "Outer", "Relation Name": "company_type", "Alias": "ct", "Startup Cost": 0.0, "Total Cost": 1.04, "Plan Rows": 1, "Plan Width": 4, "Actual Startup Time": 0.012, "Actual Total Time": 0.014, "Actual Rows": 1, "Actual Loops": 1, "Filter": "((kind)::text = 'production companies'::text)", "Rows Removed by Filter": 2}]}]}, {"Node Type": "Bitmap Heap Scan", "Parent Relationship": "Inner", "Relation Name": "movie_info", "Alias": "mi", "Startup Cost": 4.29, "Total Cost": 24.28, "Plan Rows": 1, "Plan Width": 8, "Actual Startup Time": 0.0, "Actual Total Time": 0.0, "Recheck Cond": "(movie_id = mc.movie_id)", "Rows Removed by Index Recheck": 0, "Filter": "((info)::text = ANY ('{USA,America}'::text[]))", "Rows Removed by Filter": 0, "Exact Heap Blocks": 0, "Lossy Heap Blocks": 0, "Plans": [{"Node Type": "Bitmap Index Scan", "Parent Relationship": "Outer", "Index Name": "movie_id_movie_info", "Startup Cost": 0.0, "Total Cost": 4.29, "Plan Rows": 5, "Plan Width": 0, "Actual Startup Time": 0.0, "Actual Total Time": 0.0, "Index Cond": "(movie_id = mc.movie_id)"}]}]}, {"Node Type": "Bitmap Heap Scan", "Parent Relationship": "Inner", "Relation Name": "title", "Alias": "t", "Startup Cost": 0.32, "Total Cost": 4.34, "Plan Rows": 1, "Plan Width": 21, "Actual Startup Time": 0.0, "Actual Total Time": 0.0, "Recheck Cond": "(id = mi.movie_id)", "Rows Removed by Index Recheck": 0, "Filter": "(production_year > 2010)", "Rows Removed by Filter": 0, "Exact Heap Blocks": 0, "Lossy Heap Blocks": 0, "Plans": [{"Node Type": "Bitmap Index Scan", "Parent Relationship": "Outer", "Index Name": "title_pkey", "Startup Cost": 0.0, "Total Cost": 0.32, "Plan Rows": 1, "Plan Width": 0, "Actual Startup Time": 0.0, "Actual Total Time": 0.0, "Index Cond": "(id = mi.movie_id)"}]}]}, {"Node Type": "Bitmap Heap Scan", "Parent Relationship": "Inner", "Relation Name": "info_type", "Alias": "it", "Startup Cost": 0.26, "Total Cost": 4.27, "Plan Rows": 1, "Plan Width": 4, "Actual Startup Time": 0.0, "Actual Total Time": 0.0, "Recheck Cond": "(id = mi.info_type_id)", "Rows Removed by Index Recheck": 0, "Exact Heap Blocks": 0, "Lossy Heap Blocks": 0, "Plans": [{"Node Type": "Bitmap Index Scan", "Parent Relationship": "Outer", "Index Name": "info_type_pkey", "Startup Cost": 0.0, "Total Cost": 0.26, "Plan Rows": 1, "Plan Width": 0, "Actual Startup Time": 0.0, "Actual Total Time": 0.0, "Index Cond": "(id = mi.info_type_id)"}]}]}]}, "Triggers": [], "Planner Runtime": 9.049, "Total Runtime": 968.295, "Unique SQL Id": 328306525}}, "(64, '67')": {"explain_plan": {"Plan": {"Node Type": "Aggregate", "Strategy": "Plain", "Startup Cost": 71749.13, "Total Cost": 71749.14, "Plan Rows": 1, "Plan Width": 49, "Plans": [{"Node Type": "Nested Loop", "Parent Relationship": "Outer", "Join Type": "Inner", "Startup Cost": 28957.62, "Total Cost": 71749.07, "Plan Rows": 24, "Plan Width": 17, "Inner Unique": true, "Plans": [{"Node Type": "Nested Loop", "Parent Relationship": "Outer", "Join Type": "Inner", "Startup Cost": 28957.36, "Total Cost": 71646.35, "Plan Rows": 24, "Plan Width": 21, "Inner Unique": true, "Plans": [{"Node Type": "Nested Loop", "Parent Relationship": "Outer", "Join Type": "Inner", "Startup Cost": 28957.04, "Total Cost": 71502.93, "Plan Rows": 33, "Plan Width": 12, "Inner Unique": false, "Plans": [{"Node Type": "Nested Loop", "Parent Relationship": "Outer", "Join Type": "Inner", "Startup Cost": 28952.75, "Total Cost": 70774.36, "Plan Rows": 30, "Plan Width": 4, "Inner Unique": false, "Plans": [{"Node Type": "Bitmap Heap Scan", "Parent Relationship": "Outer", "Relation Name": "company_type", "Alias": "ct", "Startup Cost": 8.27, "Total Cost": 12.3, "Plan Rows": 1, "Plan Width": 4, "Filter": "((kind)::text = 'production companies'::text)", "Plans": [{"Node Type": "Bitmap Index Scan", "Parent Relationship": "Outer", "Index Name": "company_type_pkey", "Startup Cost": 0.0, "Total Cost": 8.27, "Plan Rows": 3, "Plan Width": 0}]}, {"Node Type": "Bitmap Heap Scan", "Parent Relationship": "Inner", "Relation Name": "movie_companies", "Alias": "mc", "Startup Cost": 28944.49, "Total Cost": 70761.77, "Plan Rows": 29, "Plan Width": 8, "Recheck Cond": "(company_type_id = ct.id)", "Filter": "(((note)::text ~~ '%(VHS)%'::text) AND ((note)::text ~~ '%(USA)%'::text) AND ((note)::text ~~ '%(1994)%'::text))", "Plans": [{"Node Type": "Bitmap Index Scan", "Parent Relationship": "Outer", "Index Name": "company_type_id_movie_companies", "Startup Cost": 0.0, "Total Cost": 28944.48, "Plan Rows": 1304564, "Plan Width": 0, "Index Cond": "(company_type_id = ct.id)"}]}]}, {"Node Type": "Bitmap Heap Scan", "Parent Relationship": "Inner", "Relation Name": "movie_info", "Alias": "mi", "Startup Cost": 4.29, "Total Cost": 24.28, "Plan Rows": 1, "Plan Width": 8, "Recheck Cond": "(movie_id = mc.movie_id)", "Filter": "((info)::text = ANY ('{USA,America}'::text[]))", "Plans": [{"Node Type": "Bitmap Index Scan", "Parent Relationship": "Outer", "Index Name": "movie_id_movie_info", "Startup Cost": 0.0, "Total Cost": 4.29, "Plan Rows": 5, "Plan Width": 0, "Index Cond": "(movie_id = mc.movie_id)"}]}]}, {"Node Type": "Bitmap Heap Scan", "Parent Relationship": "Inner", "Relation Name": "title", "Alias": "t", "Startup Cost": 0.32, "Total Cost": 4.34, "Plan Rows": 1, "Plan Width": 21, "Recheck Cond": "(id = mi.movie_id)", "Filter": "(production_year > 2010)", "Plans": [{"Node Type": "Bitmap Index Scan", "Parent Relationship": "Outer", "Index Name": "title_pkey", "Startup Cost": 0.0, "Total Cost": 0.32, "Plan Rows": 1, "Plan Width": 0, "Index Cond": "(id = mi.movie_id)"}]}]}, {"Node Type": "Bitmap Heap Scan", "Parent Relationship": "Inner", "Relation Name": "info_type", "Alias": "it", "Startup Cost": 0.26, "Total Cost": 4.27, "Plan Rows": 1, "Plan Width": 4, "Recheck Cond": "(id = mi.info_type_id)", "Plans": [{"Node Type": "Bitmap Index Scan", "Parent Relationship": "Outer", "Index Name": "info_type_pkey", "Startup Cost": 0.0, "Total Cost": 0.26, "Plan Rows": 1, "Plan Width": 0, "Index Cond": "(id = mi.info_type_id)"}]}]}]}, "Unique SQL Id": 328306525, "Planner Runtime": 8}, "explain_analyze_plan": {"Plan": {"Node Type": "Aggregate", "Strategy": "Plain", "Startup Cost": 71749.13, "Total Cost": 71749.14, "Plan Rows": 1, "Plan Width": 49, "Actual Startup Time": 576.153, "Actual Total Time": 576.154, "Actual Rows": 1, "Actual Loops": 1, "Plans": [{"Node Type": "Nested Loop", "Parent Relationship": "Outer", "Join Type": "Inner", "Startup Cost": 28957.62, "Total Cost": 71749.07, "Plan Rows": 24, "Plan Width": 17, "Actual Startup Time": 576.145, "Actual Total Time": 576.145, "Actual Rows": 0, "Actual Loops": 1, "Inner Unique": true, "Plans": [{"Node Type": "Nested Loop", "Parent Relationship": "Outer", "Join Type": "Inner", "Startup Cost": 28957.36, "Total Cost": 71646.35, "Plan Rows": 24, "Plan Width": 21, "Actual Startup Time": 576.144, "Actual Total Time": 576.144, "Actual Rows": 0, "Actual Loops": 1, "Inner Unique": true, "Plans": [{"Node Type": "Nested Loop", "Parent Relationship": "Outer", "Join Type": "Inner", "Startup Cost": 28957.04, "Total Cost": 71502.93, "Plan Rows": 33, "Plan Width": 12, "Actual Startup Time": 576.143, "Actual Total Time": 576.143, "Actual Rows": 0, "Actual Loops": 1, "Inner Unique": false, "Plans": [{"Node Type": "Nested Loop", "Parent Relationship": "Outer", "Join Type": "Inner", "Startup Cost": 28952.75, "Total Cost": 70774.36, "Plan Rows": 30, "Plan Width": 4, "Actual Startup Time": 576.141, "Actual Total Time": 576.141, "Actual Rows": 0, "Actual Loops": 1, "Inner Unique": false, "Plans": [{"Node Type": "Bitmap Heap Scan", "Parent Relationship": "Outer", "Relation Name": "company_type", "Alias": "ct", "Startup Cost": 8.27, "Total Cost": 12.3, "Plan Rows": 1, "Plan Width": 4, "Actual Startup Time": 0.029, "Actual Total Time": 0.034, "Actual Rows": 1, "Actual Loops": 1, "Filter": "((kind)::text = 'production companies'::text)", "Rows Removed by Filter": 2, "Exact Heap Blocks": 1, "Lossy Heap Blocks": 1, "Plans": [{"Node Type": "Bitmap Index Scan", "Parent Relationship": "Outer", "Index Name": "company_type_pkey", "Startup Cost": 0.0, "Total Cost": 8.27, "Plan Rows": 3, "Plan Width": 0, "Actual Startup Time": 0.009, "Actual Total Time": 0.009, "Actual Rows": 3, "Actual Loops": 1}]}, {"Node Type": "Bitmap Heap Scan", "Parent Relationship": "Inner", "Relation Name": "movie_companies", "Alias": "mc", "Startup Cost": 28944.49, "Total Cost": 70761.77, "Plan Rows": 29, "Plan Width": 8, "Actual Startup Time": 576.098, "Actual Total Time": 576.098, "Actual Rows": 0, "Actual Loops": 1, "Recheck Cond": "(company_type_id = ct.id)", "Rows Removed by Index Recheck": 0, "Filter": "(((note)::text ~~ '%(VHS)%'::text) AND ((note)::text ~~ '%(USA)%'::text) AND ((note)::text ~~ '%(1994)%'::text))", "Rows Removed by Filter": 1334883, "Exact Heap Blocks": 6196, "Lossy Heap Blocks": 6196, "Plans": [{"Node Type": "Bitmap Index Scan", "Parent Relationship": "Outer", "Index Name": "company_type_id_movie_companies", "Startup Cost": 0.0, "Total Cost": 28944.48, "Plan Rows": 1304564, "Plan Width": 0, "Actual Startup Time": 146.94, "Actual Total Time": 146.94, "Actual Rows": 1334883, "Actual Loops": 1, "Index Cond": "(company_type_id = ct.id)"}]}]}, {"Node Type": "Bitmap Heap Scan", "Parent Relationship": "Inner", "Relation Name": "movie_info", "Alias": "mi", "Startup Cost": 4.29, "Total Cost": 24.28, "Plan Rows": 1, "Plan Width": 8, "Actual Startup Time": 0.0, "Actual Total Time": 0.0, "Recheck Cond": "(movie_id = mc.movie_id)", "Rows Removed by Index Recheck": 0, "Filter": "((info)::text = ANY ('{USA,America}'::text[]))", "Rows Removed by Filter": 0, "Exact Heap Blocks": 0, "Lossy Heap Blocks": 0, "Plans": [{"Node Type": "Bitmap Index Scan", "Parent Relationship": "Outer", "Index Name": "movie_id_movie_info", "Startup Cost": 0.0, "Total Cost": 4.29, "Plan Rows": 5, "Plan Width": 0, "Actual Startup Time": 0.0, "Actual Total Time": 0.0, "Index Cond": "(movie_id = mc.movie_id)"}]}]}, {"Node Type": "Bitmap Heap Scan", "Parent Relationship": "Inner", "Relation Name": "title", "Alias": "t", "Startup Cost": 0.32, "Total Cost": 4.34, "Plan Rows": 1, "Plan Width": 21, "Actual Startup Time": 0.0, "Actual Total Time": 0.0, "Recheck Cond": "(id = mi.movie_id)", "Rows Removed by Index Recheck": 0, "Filter": "(production_year > 2010)", "Rows Removed by Filter": 0, "Exact Heap Blocks": 0, "Lossy Heap Blocks": 0, "Plans": [{"Node Type": "Bitmap Index Scan", "Parent Relationship": "Outer", "Index Name": "title_pkey", "Startup Cost": 0.0, "Total Cost": 0.32, "Plan Rows": 1, "Plan Width": 0, "Actual Startup Time": 0.0, "Actual Total Time": 0.0, "Index Cond": "(id = mi.movie_id)"}]}]}, {"Node Type": "Bitmap Heap Scan", "Parent Relationship": "Inner", "Relation Name": "info_type", "Alias": "it", "Startup Cost": 0.26, "Total Cost": 4.27, "Plan Rows": 1, "Plan Width": 4, "Actual Startup Time": 0.0, "Actual Total Time": 0.0, "Recheck Cond": "(id = mi.info_type_id)", "Rows Removed by Index Recheck": 0, "Exact Heap Blocks": 0, "Lossy Heap Blocks": 0, "Plans": [{"Node Type": "Bitmap Index Scan", "Parent Relationship": "Outer", "Index Name": "info_type_pkey", "Startup Cost": 0.0, "Total Cost": 0.26, "Plan Rows": 1, "Plan Width": 0, "Actual Startup Time": 0.0, "Actual Total Time": 0.0, "Index Cond": "(id = mi.info_type_id)"}]}]}]}, "Triggers": [], "Planner Runtime": 8.36, "Total Runtime": 576.478, "Unique SQL Id": 328306525}}, "(64, '68')": {"explain_plan": {"Plan": {"Node Type": "Aggregate", "Strategy": "Plain", "Startup Cost": 61748.65, "Total Cost": 61748.66, "Plan Rows": 1, "Plan Width": 49, "Plans": [{"Node Type": "Nested Loop", "Parent Relationship": "Outer", "Join Type": "Inner", "Startup Cost": 0.0, "Total Cost": 61748.59, "Plan Rows": 24, "Plan Width": 17, "Inner Unique": true, "Plans": [{"Node Type": "Nested Loop", "Parent Relationship": "Outer", "Join Type": "Inner", "Startup Cost": 0.0, "Total Cost": 61741.87, "Plan Rows": 24, "Plan Width": 21, "Inner Unique": false, "Plans": [{"Node Type": "Nested Loop", "Parent Relationship": "Outer", "Join Type": "Inner", "Startup Cost": 0.0, "Total Cost": 61662.88, "Plan Rows": 32, "Plan Width": 25, "Inner Unique": true, "Plans": [{"Node Type": "Nested Loop", "Parent Relationship": "Outer", "Join Type": "Inner", "Startup Cost": 0.0, "Total Cost": 61414.41, "Plan Rows": 30, "Plan Width": 4, "Inner Unique": true, "Plans": [{"Node Type": "Seq Scan", "Parent Relationship": "Outer", "Relation Name": "movie_companies", "Alias": "mc", "Startup Cost": 0.0, "Total Cost": 61385.74, "Plan Rows": 59, "Plan Width": 8, "Filter": "(((note)::text ~~ '%(VHS)%'::text) AND ((note)::text ~~ '%(USA)%'::text) AND ((note)::text ~~ '%(1994)%'::text))"}, {"Node Type": "Index Scan", "Parent Relationship": "Inner", "Scan Direction": "Forward", "Index Name": "company_type_pkey", "Relation Name": "company_type", "Alias": "ct", "Startup Cost": 0.0, "Total Cost": 0.48, "Plan Rows": 1, "Plan Width": 4, "Index Cond": "(id = mc.company_type_id)", "Filter": "((kind)::text = 'production companies'::text)"}]}, {"Node Type": "Index Scan", "Parent Relationship": "Inner", "Scan Direction": "Forward", "Index Name": "title_pkey", "Relation Name": "title", "Alias": "t", "Startup Cost": 0.0, "Total Cost": 8.27, "Plan Rows": 1, "Plan Width": 21, "Index Cond": "(id = mc.movie_id)", "Filter": "(production_year > 2010)"}]}, {"Node Type": "Index Scan", "Parent Relationship": "Inner", "Scan Direction": "Forward", "Index Name": "movie_id_movie_info", "Relation Name": "movie_info", "Alias": "mi", "Startup Cost": 0.0, "Total Cost": 2.46, "Plan Rows": 1, "Plan Width": 8, "Index Cond": "(movie_id = t.id)", "Filter": "((info)::text = ANY ('{USA,America}'::text[]))"}]}, {"Node Type": "Index Scan", "Parent Relationship": "Inner", "Scan Direction": "Forward", "Index Name": "info_type_pkey", "Relation Name": "info_type", "Alias": "it", "Startup Cost": 0.0, "Total Cost": 0.27, "Plan Rows": 1, "Plan Width": 4, "Index Cond": "(id = mi.info_type_id)"}]}]}, "Unique SQL Id": 328306525, "Planner Runtime": 8}, "explain_analyze_plan": {"Plan": {"Node Type": "Aggregate", "Strategy": "Plain", "Startup Cost": 61748.65, "Total Cost": 61748.66, "Plan Rows": 1, "Plan Width": 49, "Actual Startup Time": 966.213, "Actual Total Time": 966.214, "Actual Rows": 1, "Actual Loops": 1, "Plans": [{"Node Type": "Nested Loop", "Parent Relationship": "Outer", "Join Type": "Inner", "Startup Cost": 0.0, "Total Cost": 61748.59, "Plan Rows": 24, "Plan Width": 17, "Actual Startup Time": 966.205, "Actual Total Time": 966.205, "Actual Rows": 0, "Actual Loops": 1, "Inner Unique": true, "Plans": [{"Node Type": "Nested Loop", "Parent Relationship": "Outer", "Join Type": "Inner", "Startup Cost": 0.0, "Total Cost": 61741.87, "Plan Rows": 24, "Plan Width": 21, "Actual Startup Time": 966.203, "Actual Total Time": 966.203, "Actual Rows": 0, "Actual Loops": 1, "Inner Unique": false, "Plans": [{"Node Type": "Nested Loop", "Parent Relationship": "Outer", "Join Type": "Inner", "Startup Cost": 0.0, "Total Cost": 61662.88, "Plan Rows": 32, "Plan Width": 25, "Actual Startup Time": 966.203, "Actual Total Time": 966.203, "Actual Rows": 0, "Actual Loops": 1, "Inner Unique": true, "Plans": [{"Node Type": "Nested Loop", "Parent Relationship": "Outer", "Join Type": "Inner", "Startup Cost": 0.0, "Total Cost": 61414.41, "Plan Rows": 30, "Plan Width": 4, "Actual Startup Time": 966.201, "Actual Total Time": 966.201, "Actual Rows": 0, "Actual Loops": 1, "Inner Unique": true, "Plans": [{"Node Type": "Seq Scan", "Parent Relationship": "Outer", "Relation Name": "movie_companies", "Alias": "mc", "Startup Cost": 0.0, "Total Cost": 61385.74, "Plan Rows": 59, "Plan Width": 8, "Actual Startup Time": 4.005, "Actual Total Time": 964.385, "Actual Rows": 1418, "Actual Loops": 1, "Filter": "(((note)::text ~~ '%(VHS)%'::text) AND ((note)::text ~~ '%(USA)%'::text) AND ((note)::text ~~ '%(1994)%'::text))", "Rows Removed by Filter": 2607710}, {"Node Type": "Index Scan", "Parent Relationship": "Inner", "Scan Direction": "Forward", "Index Name": "company_type_pkey", "Relation Name": "company_type", "Alias": "ct", "Startup Cost": 0.0, "Total Cost": 0.48, "Plan Rows": 1, "Plan Width": 4, "Actual Startup Time": 0.956, "Actual Total Time": 0.956, "Actual Rows": 0, "Actual Loops": 1418, "Index Cond": "(id = mc.company_type_id)", "Rows Removed by Index Recheck": 0, "Filter": "((kind)::text = 'production companies'::text)", "Rows Removed by Filter": 0}]}, {"Node Type": "Index Scan", "Parent Relationship": "Inner", "Scan Direction": "Forward", "Index Name": "title_pkey", "Relation Name": "title", "Alias": "t", "Startup Cost": 0.0, "Total Cost": 8.27, "Plan Rows": 1, "Plan Width": 21, "Actual Startup Time": 0.0, "Actual Total Time": 0.0, "Index Cond": "(id = mc.movie_id)", "Rows Removed by Index Recheck": 0, "Filter": "(production_year > 2010)", "Rows Removed by Filter": 0}]}, {"Node Type": "Index Scan", "Parent Relationship": "Inner", "Scan Direction": "Forward", "Index Name": "movie_id_movie_info", "Relation Name": "movie_info", "Alias": "mi", "Startup Cost": 0.0, "Total Cost": 2.46, "Plan Rows": 1, "Plan Width": 8, "Actual Startup Time": 0.0, "Actual Total Time": 0.0, "Index Cond": "(movie_id = t.id)", "Rows Removed by Index Recheck": 0, "Filter": "((info)::text = ANY ('{USA,America}'::text[]))", "Rows Removed by Filter": 0}]}, {"Node Type": "Index Scan", "Parent Relationship": "Inner", "Scan Direction": "Forward", "Index Name": "info_type_pkey", "Relation Name": "info_type", "Alias": "it", "Startup Cost": 0.0, "Total Cost": 0.27, "Plan Rows": 1, "Plan Width": 4, "Actual Startup Time": 0.0, "Actual Total Time": 0.0, "Index Cond": "(id = mi.info_type_id)", "Rows Removed by Index Recheck": 0}]}]}, "Triggers": [], "Planner Runtime": 8.359, "Total Runtime": 966.465, "Unique SQL Id": 328306525}}, "(64, '69')": {"explain_plan": {"Plan": {"Node Type": "Aggregate", "Strategy": "Plain", "Startup Cost": 63248.6, "Total Cost": 63248.61, "Plan Rows": 1, "Plan Width": 49, "Plans": [{"Node Type": "Nested Loop", "Parent Relationship": "Outer", "Join Type": "Inner", "Startup Cost": 0.0, "Total Cost": 63248.54, "Plan Rows": 24, "Plan Width": 17, "Inner Unique": true, "Plans": [{"Node Type": "Nested Loop", "Parent Relationship": "Outer", "Join Type": "Inner", "Startup Cost": 0.0, "Total Cost": 63241.82, "Plan Rows": 24, "Plan Width": 21, "Inner Unique": false, "Plans": [{"Node Type": "Nested Loop", "Parent Relationship": "Outer", "Join Type": "Inner", "Startup Cost": 0.0, "Total Cost": 63162.83, "Plan Rows": 32, "Plan Width": 25, "Inner Unique": true, "Plans": [{"Node Type": "Nested Loop", "Parent Relationship": "Outer", "Join Type": "Inner", "Startup Cost": 0.0, "Total Cost": 62914.35, "Plan Rows": 30, "Plan Width": 4, "Inner Unique": false, "Plans": [{"Node Type": "Index Scan", "Parent Relationship": "Outer", "Scan Direction": "Forward", "Index Name": "company_type_pkey", "Relation Name": "company_type", "Alias": "ct", "Startup Cost": 0.0, "Total Cost": 12.3, "Plan Rows": 1, "Plan Width": 4, "Filter": "((kind)::text = 'production companies'::text)"}, {"Node Type": "Index Scan", "Parent Relationship": "Inner", "Scan Direction": "Forward", "Index Name": "company_type_id_movie_companies", "Relation Name": "movie_companies", "Alias": "mc", "Startup Cost": 0.0, "Total Cost": 62901.76, "Plan Rows": 29, "Plan Width": 8, "Index Cond": "(company_type_id = ct.id)", "Filter": "(((note)::text ~~ '%(VHS)%'::text) AND ((note)::text ~~ '%(USA)%'::text) AND ((note)::text ~~ '%(1994)%'::text))"}]}, {"Node Type": "Index Scan", "Parent Relationship": "Inner", "Scan Direction": "Forward", "Index Name": "title_pkey", "Relation Name": "title", "Alias": "t", "Startup Cost": 0.0, "Total Cost": 8.27, "Plan Rows": 1, "Plan Width": 21, "Index Cond": "(id = mc.movie_id)", "Filter": "(production_year > 2010)"}]}, {"Node Type": "Index Scan", "Parent Relationship": "Inner", "Scan Direction": "Forward", "Index Name": "movie_id_movie_info", "Relation Name": "movie_info", "Alias": "mi", "Startup Cost": 0.0, "Total Cost": 2.46, "Plan Rows": 1, "Plan Width": 8, "Index Cond": "(movie_id = t.id)", "Filter": "((info)::text = ANY ('{USA,America}'::text[]))"}]}, {"Node Type": "Index Scan", "Parent Relationship": "Inner", "Scan Direction": "Forward", "Index Name": "info_type_pkey", "Relation Name": "info_type", "Alias": "it", "Startup Cost": 0.0, "Total Cost": 0.27, "Plan Rows": 1, "Plan Width": 4, "Index Cond": "(id = mi.info_type_id)"}]}]}, "Unique SQL Id": 328306525, "Planner Runtime": 8}, "explain_analyze_plan": {"Plan": {"Node Type": "Aggregate", "Strategy": "Plain", "Startup Cost": 63248.6, "Total Cost": 63248.61, "Plan Rows": 1, "Plan Width": 49, "Actual Startup Time": 707.469, "Actual Total Time": 707.469, "Actual Rows": 1, "Actual Loops": 1, "Plans": [{"Node Type": "Nested Loop", "Parent Relationship": "Outer", "Join Type": "Inner", "Startup Cost": 0.0, "Total Cost": 63248.54, "Plan Rows": 24, "Plan Width": 17, "Actual Startup Time": 707.462, "Actual Total Time": 707.462, "Actual Rows": 0, "Actual Loops": 1, "Inner Unique": true, "Plans": [{"Node Type": "Nested Loop", "Parent Relationship": "Outer", "Join Type": "Inner", "Startup Cost": 0.0, "Total Cost": 63241.82, "Plan Rows": 24, "Plan Width": 21, "Actual Startup Time": 707.46, "Actual Total Time": 707.46, "Actual Rows": 0, "Actual Loops": 1, "Inner Unique": false, "Plans": [{"Node Type": "Nested Loop", "Parent Relationship": "Outer", "Join Type": "Inner", "Startup Cost": 0.0, "Total Cost": 63162.83, "Plan Rows": 32, "Plan Width": 25, "Actual Startup Time": 707.458, "Actual Total Time": 707.458, "Actual Rows": 0, "Actual Loops": 1, "Inner Unique": true, "Plans": [{"Node Type": "Nested Loop", "Parent Relationship": "Outer", "Join Type": "Inner", "Startup Cost": 0.0, "Total Cost": 62914.35, "Plan Rows": 30, "Plan Width": 4, "Actual Startup Time": 707.457, "Actual Total Time": 707.457, "Actual Rows": 0, "Actual Loops": 1, "Inner Unique": false, "Plans": [{"Node Type": "Index Scan", "Parent Relationship": "Outer", "Scan Direction": "Forward", "Index Name": "company_type_pkey", "Relation Name": "company_type", "Alias": "ct", "Startup Cost": 0.0, "Total Cost": 12.3, "Plan Rows": 1, "Plan Width": 4, "Actual Startup Time": 0.015, "Actual Total Time": 0.026, "Actual Rows": 1, "Actual Loops": 1, "Filter": "((kind)::text = 'production companies'::text)", "Rows Removed by Filter": 2}, {"Node Type": "Index Scan", "Parent Relationship": "Inner", "Scan Direction": "Forward", "Index Name": "company_type_id_movie_companies", "Relation Name": "movie_companies", "Alias": "mc", "Startup Cost": 0.0, "Total Cost": 62901.76, "Plan Rows": 29, "Plan Width": 8, "Actual Startup Time": 707.424, "Actual Total Time": 707.424, "Actual Rows": 0, "Actual Loops": 1, "Index Cond": "(company_type_id = ct.id)", "Rows Removed by Index Recheck": 0, "Filter": "(((note)::text ~~ '%(VHS)%'::text) AND ((note)::text ~~ '%(USA)%'::text) AND ((note)::text ~~ '%(1994)%'::text))", "Rows Removed by Filter": 1334883}]}, {"Node Type": "Index Scan", "Parent Relationship": "Inner", "Scan Direction": "Forward", "Index Name": "title_pkey", "Relation Name": "title", "Alias": "t", "Startup Cost": 0.0, "Total Cost": 8.27, "Plan Rows": 1, "Plan Width": 21, "Actual Startup Time": 0.0, "Actual Total Time": 0.0, "Index Cond": "(id = mc.movie_id)", "Rows Removed by Index Recheck": 0, "Filter": "(production_year > 2010)", "Rows Removed by Filter": 0}]}, {"Node Type": "Index Scan", "Parent Relationship": "Inner", "Scan Direction": "Forward", "Index Name": "movie_id_movie_info", "Relation Name": "movie_info", "Alias": "mi", "Startup Cost": 0.0, "Total Cost": 2.46, "Plan Rows": 1, "Plan Width": 8, "Actual Startup Time": 0.0, "Actual Total Time": 0.0, "Index Cond": "(movie_id = t.id)", "Rows Removed by Index Recheck": 0, "Filter": "((info)::text = ANY ('{USA,America}'::text[]))", "Rows Removed by Filter": 0}]}, {"Node Type": "Index Scan", "Parent Relationship": "Inner", "Scan Direction": "Forward", "Index Name": "info_type_pkey", "Relation Name": "info_type", "Alias": "it", "Startup Cost": 0.0, "Total Cost": 0.27, "Plan Rows": 1, "Plan Width": 4, "Actual Startup Time": 0.0, "Actual Total Time": 0.0, "Index Cond": "(id = mi.info_type_id)", "Rows Removed by Index Recheck": 0}]}]}, "Triggers": [], "Planner Runtime": 9.381, "Total Runtime": 707.729, "Unique SQL Id": 328306525}}, "(64, '70')": {"explain_plan": {"Plan": {"Node Type": "Aggregate", "Strategy": "Plain", "Startup Cost": 62362.01, "Total Cost": 62362.02, "Plan Rows": 1, "Plan Width": 49, "Plans": [{"Node Type": "Nested Loop", "Parent Relationship": "Outer", "Join Type": "Inner", "Startup Cost": 5.92, "Total Cost": 62361.95, "Plan Rows": 24, "Plan Width": 17, "Inner Unique": true, "Plans": [{"Node Type": "Nested Loop", "Parent Relationship": "Outer", "Join Type": "Inner", "Startup Cost": 5.66, "Total Cost": 62259.23, "Plan Rows": 24, "Plan Width": 21, "Inner Unique": true, "Plans": [{"Node Type": "Nested Loop", "Parent Relationship": "Outer", "Join Type": "Inner", "Startup Cost": 5.34, "Total Cost": 62115.81, "Plan Rows": 33, "Plan Width": 12, "Inner Unique": false, "Plans": [{"Node Type": "Hash Join", "Parent Relationship": "Outer", "Join Type": "Inner", "Startup Cost": 1.05, "Total Cost": 61387.24, "Plan Rows": 30, "Plan Width": 4, "Inner Unique": true, "Hash Cond": "(mc.company_type_id = ct.id)", "Plans": [{"Node Type": "Seq Scan", "Parent Relationship": "Outer", "Relation Name": "movie_companies", "Alias": "mc", "Startup Cost": 0.0, "Total Cost": 61385.74, "Plan Rows": 59, "Plan Width": 8, "Filter": "(((note)::text ~~ '%(VHS)%'::text) AND ((note)::text ~~ '%(USA)%'::text) AND ((note)::text ~~ '%(1994)%'::text))"}, {"Node Type": "Hash", "Parent Relationship": "Inner", "Startup Cost": 1.04, "Total Cost": 1.04, "Plan Rows": 1, "Plan Width": 4, "Plans": [{"Node Type": "Seq Scan", "Parent Relationship": "Outer", "Relation Name": "company_type", "Alias": "ct", "Startup Cost": 0.0, "Total Cost": 1.04, "Plan Rows": 1, "Plan Width": 4, "Filter": "((kind)::text = 'production companies'::text)"}]}]}, {"Node Type": "Bitmap Heap Scan", "Parent Relationship": "Inner", "Relation Name": "movie_info", "Alias": "mi", "Startup Cost": 4.29, "Total Cost": 24.28, "Plan Rows": 1, "Plan Width": 8, "Recheck Cond": "(movie_id = mc.movie_id)", "Filter": "((info)::text = ANY ('{USA,America}'::text[]))", "Plans": [{"Node Type": "Bitmap Index Scan", "Parent Relationship": "Outer", "Index Name": "movie_id_movie_info", "Startup Cost": 0.0, "Total Cost": 4.29, "Plan Rows": 5, "Plan Width": 0, "Index Cond": "(movie_id = mc.movie_id)"}]}]}, {"Node Type": "Bitmap Heap Scan", "Parent Relationship": "Inner", "Relation Name": "title", "Alias": "t", "Startup Cost": 0.32, "Total Cost": 4.34, "Plan Rows": 1, "Plan Width": 21, "Recheck Cond": "(id = mi.movie_id)", "Filter": "(production_year > 2010)", "Plans": [{"Node Type": "Bitmap Index Scan", "Parent Relationship": "Outer", "Index Name": "title_pkey", "Startup Cost": 0.0, "Total Cost": 0.32, "Plan Rows": 1, "Plan Width": 0, "Index Cond": "(id = mi.movie_id)"}]}]}, {"Node Type": "Bitmap Heap Scan", "Parent Relationship": "Inner", "Relation Name": "info_type", "Alias": "it", "Startup Cost": 0.26, "Total Cost": 4.27, "Plan Rows": 1, "Plan Width": 4, "Recheck Cond": "(id = mi.info_type_id)", "Plans": [{"Node Type": "Bitmap Index Scan", "Parent Relationship": "Outer", "Index Name": "info_type_pkey", "Startup Cost": 0.0, "Total Cost": 0.26, "Plan Rows": 1, "Plan Width": 0, "Index Cond": "(id = mi.info_type_id)"}]}]}]}, "Unique SQL Id": 328306525, "Planner Runtime": 9}, "explain_analyze_plan": {"Plan": {"Node Type": "Aggregate", "Strategy": "Plain", "Startup Cost": 62362.01, "Total Cost": 62362.02, "Plan Rows": 1, "Plan Width": 49, "Actual Startup Time": 967.916, "Actual Total Time": 967.916, "Actual Rows": 1, "Actual Loops": 1, "Plans": [{"Node Type": "Nested Loop", "Parent Relationship": "Outer", "Join Type": "Inner", "Startup Cost": 5.92, "Total Cost": 62361.95, "Plan Rows": 24, "Plan Width": 17, "Actual Startup Time": 967.908, "Actual Total Time": 967.908, "Actual Rows": 0, "Actual Loops": 1, "Inner Unique": true, "Plans": [{"Node Type": "Nested Loop", "Parent Relationship": "Outer", "Join Type": "Inner", "Startup Cost": 5.66, "Total Cost": 62259.23, "Plan Rows": 24, "Plan Width": 21, "Actual Startup Time": 967.906, "Actual Total Time": 967.906, "Actual Rows": 0, "Actual Loops": 1, "Inner Unique": true, "Plans": [{"Node Type": "Nested Loop", "Parent Relationship": "Outer", "Join Type": "Inner", "Startup Cost": 5.34, "Total Cost": 62115.81, "Plan Rows": 33, "Plan Width": 12, "Actual Startup Time": 967.905, "Actual Total Time": 967.905, "Actual Rows": 0, "Actual Loops": 1, "Inner Unique": false, "Plans": [{"Node Type": "Hash Join", "Parent Relationship": "Outer", "Join Type": "Inner", "Startup Cost": 1.05, "Total Cost": 61387.24, "Plan Rows": 30, "Plan Width": 4, "Actual Startup Time": 967.863, "Actual Total Time": 967.863, "Actual Rows": 0, "Actual Loops": 1, "Inner Unique": true, "Hash Cond": "(mc.company_type_id = ct.id)", "Plans": [{"Node Type": "Seq Scan", "Parent Relationship": "Outer", "Relation Name": "movie_companies", "Alias": "mc", "Startup Cost": 0.0, "Total Cost": 61385.74, "Plan Rows": 59, "Plan Width": 8, "Actual Startup Time": 4.074, "Actual Total Time": 967.403, "Actual Rows": 1418, "Actual Loops": 1, "Filter": "(((note)::text ~~ '%(VHS)%'::text) AND ((note)::text ~~ '%(USA)%'::text) AND ((note)::text ~~ '%(1994)%'::text))", "Rows Removed by Filter": 2607710}, {"Node Type": "Hash", "Parent Relationship": "Inner", "Startup Cost": 1.04, "Total Cost": 1.04, "Plan Rows": 1, "Plan Width": 4, "Actual Startup Time": 0.027, "Actual Total Time": 0.027, "Actual Rows": 1, "Actual Loops": 1, "Hash Buckets": 32768, "Hash Batches": 1, "Original Hash Batches": 1, "Peak Memory Usage": 1, "Plans": [{"Node Type": "Seq Scan", "Parent Relationship": "Outer", "Relation Name": "company_type", "Alias": "ct", "Startup Cost": 0.0, "Total Cost": 1.04, "Plan Rows": 1, "Plan Width": 4, "Actual Startup Time": 0.012, "Actual Total Time": 0.014, "Actual Rows": 1, "Actual Loops": 1, "Filter": "((kind)::text = 'production companies'::text)", "Rows Removed by Filter": 2}]}]}, {"Node Type": "Bitmap Heap Scan", "Parent Relationship": "Inner", "Relation Name": "movie_info", "Alias": "mi", "Startup Cost": 4.29, "Total Cost": 24.28, "Plan Rows": 1, "Plan Width": 8, "Actual Startup Time": 0.0, "Actual Total Time": 0.0, "Recheck Cond": "(movie_id = mc.movie_id)", "Rows Removed by Index Recheck": 0, "Filter": "((info)::text = ANY ('{USA,America}'::text[]))", "Rows Removed by Filter": 0, "Exact Heap Blocks": 0, "Lossy Heap Blocks": 0, "Plans": [{"Node Type": "Bitmap Index Scan", "Parent Relationship": "Outer", "Index Name": "movie_id_movie_info", "Startup Cost": 0.0, "Total Cost": 4.29, "Plan Rows": 5, "Plan Width": 0, "Actual Startup Time": 0.0, "Actual Total Time": 0.0, "Index Cond": "(movie_id = mc.movie_id)"}]}]}, {"Node Type": "Bitmap Heap Scan", "Parent Relationship": "Inner", "Relation Name": "title", "Alias": "t", "Startup Cost": 0.32, "Total Cost": 4.34, "Plan Rows": 1, "Plan Width": 21, "Actual Startup Time": 0.0, "Actual Total Time": 0.0, "Recheck Cond": "(id = mi.movie_id)", "Rows Removed by Index Recheck": 0, "Filter": "(production_year > 2010)", "Rows Removed by Filter": 0, "Exact Heap Blocks": 0, "Lossy Heap Blocks": 0, "Plans": [{"Node Type": "Bitmap Index Scan", "Parent Relationship": "Outer", "Index Name": "title_pkey", "Startup Cost": 0.0, "Total Cost": 0.32, "Plan Rows": 1, "Plan Width": 0, "Actual Startup Time": 0.0, "Actual Total Time": 0.0, "Index Cond": "(id = mi.movie_id)"}]}]}, {"Node Type": "Bitmap Heap Scan", "Parent Relationship": "Inner", "Relation Name": "info_type", "Alias": "it", "Startup Cost": 0.26, "Total Cost": 4.27, "Plan Rows": 1, "Plan Width": 4, "Actual Startup Time": 0.0, "Actual Total Time": 0.0, "Recheck Cond": "(id = mi.info_type_id)", "Rows Removed by Index Recheck": 0, "Exact Heap Blocks": 0, "Lossy Heap Blocks": 0, "Plans": [{"Node Type": "Bitmap Index Scan", "Parent Relationship": "Outer", "Index Name": "info_type_pkey", "Startup Cost": 0.0, "Total Cost": 0.26, "Plan Rows": 1, "Plan Width": 0, "Actual Startup Time": 0.0, "Actual Total Time": 0.0, "Index Cond": "(id = mi.info_type_id)"}]}]}]}, "Triggers": [], "Planner Runtime": 9.049, "Total Runtime": 968.295, "Unique SQL Id": 328306525}}, "(64, '71')": {"explain_plan": {"Plan": {"Node Type": "Aggregate", "Strategy": "Plain", "Startup Cost": 71749.13, "Total Cost": 71749.14, "Plan Rows": 1, "Plan Width": 49, "Plans": [{"Node Type": "Nested Loop", "Parent Relationship": "Outer", "Join Type": "Inner", "Startup Cost": 28957.62, "Total Cost": 71749.07, "Plan Rows": 24, "Plan Width": 17, "Inner Unique": true, "Plans": [{"Node Type": "Nested Loop", "Parent Relationship": "Outer", "Join Type": "Inner", "Startup Cost": 28957.36, "Total Cost": 71646.35, "Plan Rows": 24, "Plan Width": 21, "Inner Unique": true, "Plans": [{"Node Type": "Nested Loop", "Parent Relationship": "Outer", "Join Type": "Inner", "Startup Cost": 28957.04, "Total Cost": 71502.93, "Plan Rows": 33, "Plan Width": 12, "Inner Unique": false, "Plans": [{"Node Type": "Nested Loop", "Parent Relationship": "Outer", "Join Type": "Inner", "Startup Cost": 28952.75, "Total Cost": 70774.36, "Plan Rows": 30, "Plan Width": 4, "Inner Unique": false, "Plans": [{"Node Type": "Bitmap Heap Scan", "Parent Relationship": "Outer", "Relation Name": "company_type", "Alias": "ct", "Startup Cost": 8.27, "Total Cost": 12.3, "Plan Rows": 1, "Plan Width": 4, "Filter": "((kind)::text = 'production companies'::text)", "Plans": [{"Node Type": "Bitmap Index Scan", "Parent Relationship": "Outer", "Index Name": "company_type_pkey", "Startup Cost": 0.0, "Total Cost": 8.27, "Plan Rows": 3, "Plan Width": 0}]}, {"Node Type": "Bitmap Heap Scan", "Parent Relationship": "Inner", "Relation Name": "movie_companies", "Alias": "mc", "Startup Cost": 28944.49, "Total Cost": 70761.77, "Plan Rows": 29, "Plan Width": 8, "Recheck Cond": "(company_type_id = ct.id)", "Filter": "(((note)::text ~~ '%(VHS)%'::text) AND ((note)::text ~~ '%(USA)%'::text) AND ((note)::text ~~ '%(1994)%'::text))", "Plans": [{"Node Type": "Bitmap Index Scan", "Parent Relationship": "Outer", "Index Name": "company_type_id_movie_companies", "Startup Cost": 0.0, "Total Cost": 28944.48, "Plan Rows": 1304564, "Plan Width": 0, "Index Cond": "(company_type_id = ct.id)"}]}]}, {"Node Type": "Bitmap Heap Scan", "Parent Relationship": "Inner", "Relation Name": "movie_info", "Alias": "mi", "Startup Cost": 4.29, "Total Cost": 24.28, "Plan Rows": 1, "Plan Width": 8, "Recheck Cond": "(movie_id = mc.movie_id)", "Filter": "((info)::text = ANY ('{USA,America}'::text[]))", "Plans": [{"Node Type": "Bitmap Index Scan", "Parent Relationship": "Outer", "Index Name": "movie_id_movie_info", "Startup Cost": 0.0, "Total Cost": 4.29, "Plan Rows": 5, "Plan Width": 0, "Index Cond": "(movie_id = mc.movie_id)"}]}]}, {"Node Type": "Bitmap Heap Scan", "Parent Relationship": "Inner", "Relation Name": "title", "Alias": "t", "Startup Cost": 0.32, "Total Cost": 4.34, "Plan Rows": 1, "Plan Width": 21, "Recheck Cond": "(id = mi.movie_id)", "Filter": "(production_year > 2010)", "Plans": [{"Node Type": "Bitmap Index Scan", "Parent Relationship": "Outer", "Index Name": "title_pkey", "Startup Cost": 0.0, "Total Cost": 0.32, "Plan Rows": 1, "Plan Width": 0, "Index Cond": "(id = mi.movie_id)"}]}]}, {"Node Type": "Bitmap Heap Scan", "Parent Relationship": "Inner", "Relation Name": "info_type", "Alias": "it", "Startup Cost": 0.26, "Total Cost": 4.27, "Plan Rows": 1, "Plan Width": 4, "Recheck Cond": "(id = mi.info_type_id)", "Plans": [{"Node Type": "Bitmap Index Scan", "Parent Relationship": "Outer", "Index Name": "info_type_pkey", "Startup Cost": 0.0, "Total Cost": 0.26, "Plan Rows": 1, "Plan Width": 0, "Index Cond": "(id = mi.info_type_id)"}]}]}]}, "Unique SQL Id": 328306525, "Planner Runtime": 8}, "explain_analyze_plan": {"Plan": {"Node Type": "Aggregate", "Strategy": "Plain", "Startup Cost": 71749.13, "Total Cost": 71749.14, "Plan Rows": 1, "Plan Width": 49, "Actual Startup Time": 576.153, "Actual Total Time": 576.154, "Actual Rows": 1, "Actual Loops": 1, "Plans": [{"Node Type": "Nested Loop", "Parent Relationship": "Outer", "Join Type": "Inner", "Startup Cost": 28957.62, "Total Cost": 71749.07, "Plan Rows": 24, "Plan Width": 17, "Actual Startup Time": 576.145, "Actual Total Time": 576.145, "Actual Rows": 0, "Actual Loops": 1, "Inner Unique": true, "Plans": [{"Node Type": "Nested Loop", "Parent Relationship": "Outer", "Join Type": "Inner", "Startup Cost": 28957.36, "Total Cost": 71646.35, "Plan Rows": 24, "Plan Width": 21, "Actual Startup Time": 576.144, "Actual Total Time": 576.144, "Actual Rows": 0, "Actual Loops": 1, "Inner Unique": true, "Plans": [{"Node Type": "Nested Loop", "Parent Relationship": "Outer", "Join Type": "Inner", "Startup Cost": 28957.04, "Total Cost": 71502.93, "Plan Rows": 33, "Plan Width": 12, "Actual Startup Time": 576.143, "Actual Total Time": 576.143, "Actual Rows": 0, "Actual Loops": 1, "Inner Unique": false, "Plans": [{"Node Type": "Nested Loop", "Parent Relationship": "Outer", "Join Type": "Inner", "Startup Cost": 28952.75, "Total Cost": 70774.36, "Plan Rows": 30, "Plan Width": 4, "Actual Startup Time": 576.141, "Actual Total Time": 576.141, "Actual Rows": 0, "Actual Loops": 1, "Inner Unique": false, "Plans": [{"Node Type": "Bitmap Heap Scan", "Parent Relationship": "Outer", "Relation Name": "company_type", "Alias": "ct", "Startup Cost": 8.27, "Total Cost": 12.3, "Plan Rows": 1, "Plan Width": 4, "Actual Startup Time": 0.029, "Actual Total Time": 0.034, "Actual Rows": 1, "Actual Loops": 1, "Filter": "((kind)::text = 'production companies'::text)", "Rows Removed by Filter": 2, "Exact Heap Blocks": 1, "Lossy Heap Blocks": 1, "Plans": [{"Node Type": "Bitmap Index Scan", "Parent Relationship": "Outer", "Index Name": "company_type_pkey", "Startup Cost": 0.0, "Total Cost": 8.27, "Plan Rows": 3, "Plan Width": 0, "Actual Startup Time": 0.009, "Actual Total Time": 0.009, "Actual Rows": 3, "Actual Loops": 1}]}, {"Node Type": "Bitmap Heap Scan", "Parent Relationship": "Inner", "Relation Name": "movie_companies", "Alias": "mc", "Startup Cost": 28944.49, "Total Cost": 70761.77, "Plan Rows": 29, "Plan Width": 8, "Actual Startup Time": 576.098, "Actual Total Time": 576.098, "Actual Rows": 0, "Actual Loops": 1, "Recheck Cond": "(company_type_id = ct.id)", "Rows Removed by Index Recheck": 0, "Filter": "(((note)::text ~~ '%(VHS)%'::text) AND ((note)::text ~~ '%(USA)%'::text) AND ((note)::text ~~ '%(1994)%'::text))", "Rows Removed by Filter": 1334883, "Exact Heap Blocks": 6196, "Lossy Heap Blocks": 6196, "Plans": [{"Node Type": "Bitmap Index Scan", "Parent Relationship": "Outer", "Index Name": "company_type_id_movie_companies", "Startup Cost": 0.0, "Total Cost": 28944.48, "Plan Rows": 1304564, "Plan Width": 0, "Actual Startup Time": 146.94, "Actual Total Time": 146.94, "Actual Rows": 1334883, "Actual Loops": 1, "Index Cond": "(company_type_id = ct.id)"}]}]}, {"Node Type": "Bitmap Heap Scan", "Parent Relationship": "Inner", "Relation Name": "movie_info", "Alias": "mi", "Startup Cost": 4.29, "Total Cost": 24.28, "Plan Rows": 1, "Plan Width": 8, "Actual Startup Time": 0.0, "Actual Total Time": 0.0, "Recheck Cond": "(movie_id = mc.movie_id)", "Rows Removed by Index Recheck": 0, "Filter": "((info)::text = ANY ('{USA,America}'::text[]))", "Rows Removed by Filter": 0, "Exact Heap Blocks": 0, "Lossy Heap Blocks": 0, "Plans": [{"Node Type": "Bitmap Index Scan", "Parent Relationship": "Outer", "Index Name": "movie_id_movie_info", "Startup Cost": 0.0, "Total Cost": 4.29, "Plan Rows": 5, "Plan Width": 0, "Actual Startup Time": 0.0, "Actual Total Time": 0.0, "Index Cond": "(movie_id = mc.movie_id)"}]}]}, {"Node Type": "Bitmap Heap Scan", "Parent Relationship": "Inner", "Relation Name": "title", "Alias": "t", "Startup Cost": 0.32, "Total Cost": 4.34, "Plan Rows": 1, "Plan Width": 21, "Actual Startup Time": 0.0, "Actual Total Time": 0.0, "Recheck Cond": "(id = mi.movie_id)", "Rows Removed by Index Recheck": 0, "Filter": "(production_year > 2010)", "Rows Removed by Filter": 0, "Exact Heap Blocks": 0, "Lossy Heap Blocks": 0, "Plans": [{"Node Type": "Bitmap Index Scan", "Parent Relationship": "Outer", "Index Name": "title_pkey", "Startup Cost": 0.0, "Total Cost": 0.32, "Plan Rows": 1, "Plan Width": 0, "Actual Startup Time": 0.0, "Actual Total Time": 0.0, "Index Cond": "(id = mi.movie_id)"}]}]}, {"Node Type": "Bitmap Heap Scan", "Parent Relationship": "Inner", "Relation Name": "info_type", "Alias": "it", "Startup Cost": 0.26, "Total Cost": 4.27, "Plan Rows": 1, "Plan Width": 4, "Actual Startup Time": 0.0, "Actual Total Time": 0.0, "Recheck Cond": "(id = mi.info_type_id)", "Rows Removed by Index Recheck": 0, "Exact Heap Blocks": 0, "Lossy Heap Blocks": 0, "Plans": [{"Node Type": "Bitmap Index Scan", "Parent Relationship": "Outer", "Index Name": "info_type_pkey", "Startup Cost": 0.0, "Total Cost": 0.26, "Plan Rows": 1, "Plan Width": 0, "Actual Startup Time": 0.0, "Actual Total Time": 0.0, "Index Cond": "(id = mi.info_type_id)"}]}]}]}, "Triggers": [], "Planner Runtime": 8.36, "Total Runtime": 576.478, "Unique SQL Id": 328306525}}, "(64, '72')": {"explain_plan": {"Plan": {"Node Type": "Aggregate", "Strategy": "Plain", "Startup Cost": 61748.65, "Total Cost": 61748.66, "Plan Rows": 1, "Plan Width": 49, "Plans": [{"Node Type": "Nested Loop", "Parent Relationship": "Outer", "Join Type": "Inner", "Startup Cost": 0.0, "Total Cost": 61748.59, "Plan Rows": 24, "Plan Width": 17, "Inner Unique": true, "Plans": [{"Node Type": "Nested Loop", "Parent Relationship": "Outer", "Join Type": "Inner", "Startup Cost": 0.0, "Total Cost": 61741.87, "Plan Rows": 24, "Plan Width": 21, "Inner Unique": false, "Plans": [{"Node Type": "Nested Loop", "Parent Relationship": "Outer", "Join Type": "Inner", "Startup Cost": 0.0, "Total Cost": 61662.88, "Plan Rows": 32, "Plan Width": 25, "Inner Unique": true, "Plans": [{"Node Type": "Nested Loop", "Parent Relationship": "Outer", "Join Type": "Inner", "Startup Cost": 0.0, "Total Cost": 61414.41, "Plan Rows": 30, "Plan Width": 4, "Inner Unique": true, "Plans": [{"Node Type": "Seq Scan", "Parent Relationship": "Outer", "Relation Name": "movie_companies", "Alias": "mc", "Startup Cost": 0.0, "Total Cost": 61385.74, "Plan Rows": 59, "Plan Width": 8, "Filter": "(((note)::text ~~ '%(VHS)%'::text) AND ((note)::text ~~ '%(USA)%'::text) AND ((note)::text ~~ '%(1994)%'::text))"}, {"Node Type": "Index Scan", "Parent Relationship": "Inner", "Scan Direction": "Forward", "Index Name": "company_type_pkey", "Relation Name": "company_type", "Alias": "ct", "Startup Cost": 0.0, "Total Cost": 0.48, "Plan Rows": 1, "Plan Width": 4, "Index Cond": "(id = mc.company_type_id)", "Filter": "((kind)::text = 'production companies'::text)"}]}, {"Node Type": "Index Scan", "Parent Relationship": "Inner", "Scan Direction": "Forward", "Index Name": "title_pkey", "Relation Name": "title", "Alias": "t", "Startup Cost": 0.0, "Total Cost": 8.27, "Plan Rows": 1, "Plan Width": 21, "Index Cond": "(id = mc.movie_id)", "Filter": "(production_year > 2010)"}]}, {"Node Type": "Index Scan", "Parent Relationship": "Inner", "Scan Direction": "Forward", "Index Name": "movie_id_movie_info", "Relation Name": "movie_info", "Alias": "mi", "Startup Cost": 0.0, "Total Cost": 2.46, "Plan Rows": 1, "Plan Width": 8, "Index Cond": "(movie_id = t.id)", "Filter": "((info)::text = ANY ('{USA,America}'::text[]))"}]}, {"Node Type": "Index Only Scan", "Parent Relationship": "Inner", "Scan Direction": "Forward", "Index Name": "info_type_pkey", "Relation Name": "info_type", "Alias": "it", "Startup Cost": 0.0, "Total Cost": 0.27, "Plan Rows": 1, "Plan Width": 4, "Index Cond": "(id = mi.info_type_id)"}]}]}, "Unique SQL Id": 328306525, "Planner Runtime": 8}, "explain_analyze_plan": {"Plan": {"Node Type": "Aggregate", "Strategy": "Plain", "Startup Cost": 61748.65, "Total Cost": 61748.66, "Plan Rows": 1, "Plan Width": 49, "Actual Startup Time": 959.809, "Actual Total Time": 959.81, "Actual Rows": 1, "Actual Loops": 1, "Plans": [{"Node Type": "Nested Loop", "Parent Relationship": "Outer", "Join Type": "Inner", "Startup Cost": 0.0, "Total Cost": 61748.59, "Plan Rows": 24, "Plan Width": 17, "Actual Startup Time": 959.799, "Actual Total Time": 959.799, "Actual Rows": 0, "Actual Loops": 1, "Inner Unique": true, "Plans": [{"Node Type": "Nested Loop", "Parent Relationship": "Outer", "Join Type": "Inner", "Startup Cost": 0.0, "Total Cost": 61741.87, "Plan Rows": 24, "Plan Width": 21, "Actual Startup Time": 959.798, "Actual Total Time": 959.798, "Actual Rows": 0, "Actual Loops": 1, "Inner Unique": false, "Plans": [{"Node Type": "Nested Loop", "Parent Relationship": "Outer", "Join Type": "Inner", "Startup Cost": 0.0, "Total Cost": 61662.88, "Plan Rows": 32, "Plan Width": 25, "Actual Startup Time": 959.797, "Actual Total Time": 959.797, "Actual Rows": 0, "Actual Loops": 1, "Inner Unique": true, "Plans": [{"Node Type": "Nested Loop", "Parent Relationship": "Outer", "Join Type": "Inner", "Startup Cost": 0.0, "Total Cost": 61414.41, "Plan Rows": 30, "Plan Width": 4, "Actual Startup Time": 959.796, "Actual Total Time": 959.796, "Actual Rows": 0, "Actual Loops": 1, "Inner Unique": true, "Plans": [{"Node Type": "Seq Scan", "Parent Relationship": "Outer", "Relation Name": "movie_companies", "Alias": "mc", "Startup Cost": 0.0, "Total Cost": 61385.74, "Plan Rows": 59, "Plan Width": 8, "Actual Startup Time": 3.997, "Actual Total Time": 957.979, "Actual Rows": 1418, "Actual Loops": 1, "Filter": "(((note)::text ~~ '%(VHS)%'::text) AND ((note)::text ~~ '%(USA)%'::text) AND ((note)::text ~~ '%(1994)%'::text))", "Rows Removed by Filter": 2607710}, {"Node Type": "Index Scan", "Parent Relationship": "Inner", "Scan Direction": "Forward", "Index Name": "company_type_pkey", "Relation Name": "company_type", "Alias": "ct", "Startup Cost": 0.0, "Total Cost": 0.48, "Plan Rows": 1, "Plan Width": 4, "Actual Startup Time": 0.994, "Actual Total Time": 0.994, "Actual Rows": 0, "Actual Loops": 1418, "Index Cond": "(id = mc.company_type_id)", "Rows Removed by Index Recheck": 0, "Filter": "((kind)::text = 'production companies'::text)", "Rows Removed by Filter": 0}]}, {"Node Type": "Index Scan", "Parent Relationship": "Inner", "Scan Direction": "Forward", "Index Name": "title_pkey", "Relation Name": "title", "Alias": "t", "Startup Cost": 0.0, "Total Cost": 8.27, "Plan Rows": 1, "Plan Width": 21, "Actual Startup Time": 0.0, "Actual Total Time": 0.0, "Index Cond": "(id = mc.movie_id)", "Rows Removed by Index Recheck": 0, "Filter": "(production_year > 2010)", "Rows Removed by Filter": 0}]}, {"Node Type": "Index Scan", "Parent Relationship": "Inner", "Scan Direction": "Forward", "Index Name": "movie_id_movie_info", "Relation Name": "movie_info", "Alias": "mi", "Startup Cost": 0.0, "Total Cost": 2.46, "Plan Rows": 1, "Plan Width": 8, "Actual Startup Time": 0.0, "Actual Total Time": 0.0, "Index Cond": "(movie_id = t.id)", "Rows Removed by Index Recheck": 0, "Filter": "((info)::text = ANY ('{USA,America}'::text[]))", "Rows Removed by Filter": 0}]}, {"Node Type": "Index Only Scan", "Parent Relationship": "Inner", "Scan Direction": "Forward", "Index Name": "info_type_pkey", "Relation Name": "info_type", "Alias": "it", "Startup Cost": 0.0, "Total Cost": 0.27, "Plan Rows": 1, "Plan Width": 4, "Actual Startup Time": 0.0, "Actual Total Time": 0.0, "Index Cond": "(id = mi.info_type_id)", "Rows Removed by Index Recheck": 0, "Heap Fetches": 0}]}]}, "Triggers": [], "Planner Runtime": 8.31, "Total Runtime": 960.184, "Unique SQL Id": 328306525}}, "(64, '73')": {"explain_plan": {"Plan": {"Node Type": "Aggregate", "Strategy": "Plain", "Startup Cost": 63248.6, "Total Cost": 63248.61, "Plan Rows": 1, "Plan Width": 49, "Plans": [{"Node Type": "Nested Loop", "Parent Relationship": "Outer", "Join Type": "Inner", "Startup Cost": 0.0, "Total Cost": 63248.54, "Plan Rows": 24, "Plan Width": 17, "Inner Unique": true, "Plans": [{"Node Type": "Nested Loop", "Parent Relationship": "Outer", "Join Type": "Inner", "Startup Cost": 0.0, "Total Cost": 63241.82, "Plan Rows": 24, "Plan Width": 21, "Inner Unique": false, "Plans": [{"Node Type": "Nested Loop", "Parent Relationship": "Outer", "Join Type": "Inner", "Startup Cost": 0.0, "Total Cost": 63162.83, "Plan Rows": 32, "Plan Width": 25, "Inner Unique": true, "Plans": [{"Node Type": "Nested Loop", "Parent Relationship": "Outer", "Join Type": "Inner", "Startup Cost": 0.0, "Total Cost": 62914.35, "Plan Rows": 30, "Plan Width": 4, "Inner Unique": false, "Plans": [{"Node Type": "Index Scan", "Parent Relationship": "Outer", "Scan Direction": "Forward", "Index Name": "company_type_pkey", "Relation Name": "company_type", "Alias": "ct", "Startup Cost": 0.0, "Total Cost": 12.3, "Plan Rows": 1, "Plan Width": 4, "Filter": "((kind)::text = 'production companies'::text)"}, {"Node Type": "Index Scan", "Parent Relationship": "Inner", "Scan Direction": "Forward", "Index Name": "company_type_id_movie_companies", "Relation Name": "movie_companies", "Alias": "mc", "Startup Cost": 0.0, "Total Cost": 62901.76, "Plan Rows": 29, "Plan Width": 8, "Index Cond": "(company_type_id = ct.id)", "Filter": "(((note)::text ~~ '%(VHS)%'::text) AND ((note)::text ~~ '%(USA)%'::text) AND ((note)::text ~~ '%(1994)%'::text))"}]}, {"Node Type": "Index Scan", "Parent Relationship": "Inner", "Scan Direction": "Forward", "Index Name": "title_pkey", "Relation Name": "title", "Alias": "t", "Startup Cost": 0.0, "Total Cost": 8.27, "Plan Rows": 1, "Plan Width": 21, "Index Cond": "(id = mc.movie_id)", "Filter": "(production_year > 2010)"}]}, {"Node Type": "Index Scan", "Parent Relationship": "Inner", "Scan Direction": "Forward", "Index Name": "movie_id_movie_info", "Relation Name": "movie_info", "Alias": "mi", "Startup Cost": 0.0, "Total Cost": 2.46, "Plan Rows": 1, "Plan Width": 8, "Index Cond": "(movie_id = t.id)", "Filter": "((info)::text = ANY ('{USA,America}'::text[]))"}]}, {"Node Type": "Index Only Scan", "Parent Relationship": "Inner", "Scan Direction": "Forward", "Index Name": "info_type_pkey", "Relation Name": "info_type", "Alias": "it", "Startup Cost": 0.0, "Total Cost": 0.27, "Plan Rows": 1, "Plan Width": 4, "Index Cond": "(id = mi.info_type_id)"}]}]}, "Unique SQL Id": 328306525, "Planner Runtime": 7}, "explain_analyze_plan": {"Plan": {"Node Type": "Aggregate", "Strategy": "Plain", "Startup Cost": 63248.6, "Total Cost": 63248.61, "Plan Rows": 1, "Plan Width": 49, "Actual Startup Time": 712.178, "Actual Total Time": 712.179, "Actual Rows": 1, "Actual Loops": 1, "Plans": [{"Node Type": "Nested Loop", "Parent Relationship": "Outer", "Join Type": "Inner", "Startup Cost": 0.0, "Total Cost": 63248.54, "Plan Rows": 24, "Plan Width": 17, "Actual Startup Time": 712.172, "Actual Total Time": 712.172, "Actual Rows": 0, "Actual Loops": 1, "Inner Unique": true, "Plans": [{"Node Type": "Nested Loop", "Parent Relationship": "Outer", "Join Type": "Inner", "Startup Cost": 0.0, "Total Cost": 63241.82, "Plan Rows": 24, "Plan Width": 21, "Actual Startup Time": 712.17, "Actual Total Time": 712.17, "Actual Rows": 0, "Actual Loops": 1, "Inner Unique": false, "Plans": [{"Node Type": "Nested Loop", "Parent Relationship": "Outer", "Join Type": "Inner", "Startup Cost": 0.0, "Total Cost": 63162.83, "Plan Rows": 32, "Plan Width": 25, "Actual Startup Time": 712.168, "Actual Total Time": 712.168, "Actual Rows": 0, "Actual Loops": 1, "Inner Unique": true, "Plans": [{"Node Type": "Nested Loop", "Parent Relationship": "Outer", "Join Type": "Inner", "Startup Cost": 0.0, "Total Cost": 62914.35, "Plan Rows": 30, "Plan Width": 4, "Actual Startup Time": 712.166, "Actual Total Time": 712.166, "Actual Rows": 0, "Actual Loops": 1, "Inner Unique": false, "Plans": [{"Node Type": "Index Scan", "Parent Relationship": "Outer", "Scan Direction": "Forward", "Index Name": "company_type_pkey", "Relation Name": "company_type", "Alias": "ct", "Startup Cost": 0.0, "Total Cost": 12.3, "Plan Rows": 1, "Plan Width": 4, "Actual Startup Time": 0.013, "Actual Total Time": 0.024, "Actual Rows": 1, "Actual Loops": 1, "Filter": "((kind)::text = 'production companies'::text)", "Rows Removed by Filter": 2}, {"Node Type": "Index Scan", "Parent Relationship": "Inner", "Scan Direction": "Forward", "Index Name": "company_type_id_movie_companies", "Relation Name": "movie_companies", "Alias": "mc", "Startup Cost": 0.0, "Total Cost": 62901.76, "Plan Rows": 29, "Plan Width": 8, "Actual Startup Time": 712.136, "Actual Total Time": 712.136, "Actual Rows": 0, "Actual Loops": 1, "Index Cond": "(company_type_id = ct.id)", "Rows Removed by Index Recheck": 0, "Filter": "(((note)::text ~~ '%(VHS)%'::text) AND ((note)::text ~~ '%(USA)%'::text) AND ((note)::text ~~ '%(1994)%'::text))", "Rows Removed by Filter": 1334883}]}, {"Node Type": "Index Scan", "Parent Relationship": "Inner", "Scan Direction": "Forward", "Index Name": "title_pkey", "Relation Name": "title", "Alias": "t", "Startup Cost": 0.0, "Total Cost": 8.27, "Plan Rows": 1, "Plan Width": 21, "Actual Startup Time": 0.0, "Actual Total Time": 0.0, "Index Cond": "(id = mc.movie_id)", "Rows Removed by Index Recheck": 0, "Filter": "(production_year > 2010)", "Rows Removed by Filter": 0}]}, {"Node Type": "Index Scan", "Parent Relationship": "Inner", "Scan Direction": "Forward", "Index Name": "movie_id_movie_info", "Relation Name": "movie_info", "Alias": "mi", "Startup Cost": 0.0, "Total Cost": 2.46, "Plan Rows": 1, "Plan Width": 8, "Actual Startup Time": 0.0, "Actual Total Time": 0.0, "Index Cond": "(movie_id = t.id)", "Rows Removed by Index Recheck": 0, "Filter": "((info)::text = ANY ('{USA,America}'::text[]))", "Rows Removed by Filter": 0}]}, {"Node Type": "Index Only Scan", "Parent Relationship": "Inner", "Scan Direction": "Forward", "Index Name": "info_type_pkey", "Relation Name": "info_type", "Alias": "it", "Startup Cost": 0.0, "Total Cost": 0.27, "Plan Rows": 1, "Plan Width": 4, "Actual Startup Time": 0.0, "Actual Total Time": 0.0, "Index Cond": "(id = mi.info_type_id)", "Rows Removed by Index Recheck": 0, "Heap Fetches": 0}]}]}, "Triggers": [], "Planner Runtime": 9.362, "Total Runtime": 712.43, "Unique SQL Id": 328306525}}, "(64, '74')": {"explain_plan": {"Plan": {"Node Type": "Aggregate", "Strategy": "Plain", "Startup Cost": 216977.69, "Total Cost": 216977.7, "Plan Rows": 1, "Plan Width": 49, "Plans": [{"Node Type": "Hash Join", "Parent Relationship": "Outer", "Join Type": "Inner", "Startup Cost": 134495.94, "Total Cost": 216977.63, "Plan Rows": 24, "Plan Width": 17, "Inner Unique": true, "Hash Cond": "(mi.info_type_id = it.id)", "Plans": [{"Node Type": "Hash Join", "Parent Relationship": "Outer", "Join Type": "Inner", "Startup Cost": 134492.42, "Total Cost": 216973.78, "Plan Rows": 24, "Plan Width": 21, "Inner Unique": false, "Hash Cond": "(mi.movie_id = t.id)", "Plans": [{"Node Type": "Streaming(type: LOCAL GATHER dop: 1/64)", "Parent Relationship": "Outer", "Startup Cost": 0.0, "Total Cost": 80287.65, "Plan Rows": 584897, "Plan Width": 8, "Plans": [{"Node Type": "Seq Scan", "Parent Relationship": "Outer", "Relation Name": "movie_info", "Alias": "mi", "Startup Cost": 0.0, "Total Cost": 68221.29, "Plan Rows": 584897, "Plan Width": 8, "Filter": "((info)::text = ANY ('{USA,America}'::text[]))"}]}, {"Node Type": "Hash", "Parent Relationship": "Inner", "Startup Cost": 134492.02, "Total Cost": 134492.02, "Plan Rows": 32, "Plan Width": 25, "Plans": [{"Node Type": "Hash Join", "Parent Relationship": "Outer", "Join Type": "Inner", "Startup Cost": 61387.61, "Total Cost": 134492.02, "Plan Rows": 32, "Plan Width": 25, "Inner Unique": false, "Hash Cond": "(t.id = mc.movie_id)", "Plans": [{"Node Type": "Streaming(type: LOCAL GATHER dop: 1/64)", "Parent Relationship": "Outer", "Startup Cost": 0.0, "Total Cost": 72112.93, "Plan Rows": 391451, "Plan Width": 21, "Plans": [{"Node Type": "Seq Scan", "Parent Relationship": "Outer", "Relation Name": "title", "Alias": "t", "Startup Cost": 0.0, "Total Cost": 64037.34, "Plan Rows": 391451, "Plan Width": 21, "Filter": "(production_year > 2010), (LLVM Optimized)"}]}, {"Node Type": "Hash", "Parent Relationship": "Inner", "Startup Cost": 61387.24, "Total Cost": 61387.24, "Plan Rows": 30, "Plan Width": 4, "Plans": [{"Node Type": "Hash Join", "Parent Relationship": "Outer", "Join Type": "Inner", "Startup Cost": 1.05, "Total Cost": 61387.24, "Plan Rows": 30, "Plan Width": 4, "Inner Unique": true, "Hash Cond": "(mc.company_type_id = ct.id)", "Plans": [{"Node Type": "Seq Scan", "Parent Relationship": "Outer", "Relation Name": "movie_companies", "Alias": "mc", "Startup Cost": 0.0, "Total Cost": 61385.74, "Plan Rows": 59, "Plan Width": 8, "Filter": "(((note)::text ~~ '%(VHS)%'::text) AND ((note)::text ~~ '%(USA)%'::text) AND ((note)::text ~~ '%(1994)%'::text))"}, {"Node Type": "Hash", "Parent Relationship": "Inner", "Startup Cost": 1.04, "Total Cost": 1.04, "Plan Rows": 1, "Plan Width": 4, "Plans": [{"Node Type": "Seq Scan", "Parent Relationship": "Outer", "Relation Name": "company_type", "Alias": "ct", "Startup Cost": 0.0, "Total Cost": 1.04, "Plan Rows": 1, "Plan Width": 4, "Filter": "((kind)::text = 'production companies'::text)"}]}]}]}]}]}]}, {"Node Type": "Hash", "Parent Relationship": "Inner", "Startup Cost": 2.12, "Total Cost": 2.12, "Plan Rows": 112, "Plan Width": 4, "Plans": [{"Node Type": "Seq Scan", "Parent Relationship": "Outer", "Relation Name": "info_type", "Alias": "it", "Startup Cost": 0.0, "Total Cost": 2.12, "Plan Rows": 112, "Plan Width": 4}]}]}]}, "Unique SQL Id": 328306525, "Planner Runtime": 15}, "explain_analyze_plan": {"Plan": {"Node Type": "Aggregate", "Strategy": "Plain", "Startup Cost": 216977.69, "Total Cost": 216977.7, "Plan Rows": 1, "Plan Width": 49, "Actual Min Startup Time": 953.228, "Actual Max Startup Time": 953.228, "Actual Min Total Time": 953.229, "Actual Max Total Time": 953.229, "Plans": [{"Node Type": "Hash Join", "Parent Relationship": "Outer", "Join Type": "Inner", "Startup Cost": 134495.94, "Total Cost": 216977.63, "Plan Rows": 24, "Plan Width": 17, "Actual Min Startup Time": 953.215, "Actual Max Startup Time": 953.215, "Actual Min Total Time": 953.215, "Actual Max Total Time": 953.215, "Inner Unique": true, "Hash Cond": "(mi.info_type_id = it.id)", "Plans": [{"Node Type": "Hash Join", "Parent Relationship": "Outer", "Join Type": "Inner", "Startup Cost": 134492.42, "Total Cost": 216973.78, "Plan Rows": 24, "Plan Width": 21, "Actual Min Startup Time": 952.99, "Actual Max Startup Time": 952.99, "Actual Min Total Time": 952.99, "Actual Max Total Time": 952.99, "Inner Unique": false, "Hash Cond": "(mi.movie_id = t.id)", "Plans": [{"Node Type": "Streaming(type: LOCAL GATHER dop: 1/64)", "Parent Relationship": "Outer", "Startup Cost": 0.0, "Total Cost": 80287.65, "Plan Rows": 584897, "Plan Width": 8, "Actual Startup Time": 0.0, "Actual Total Time": 0.0, "Plans": [{"Node Type": "Seq Scan", "Parent Relationship": "Outer", "Relation Name": "movie_info", "Alias": "mi", "Startup Cost": 0.0, "Total Cost": 68221.29, "Plan Rows": 584897, "Plan Width": 8, "Actual Min Startup Time": 0.043, "Actual Max Startup Time": 21.862, "Actual Min Total Time": 12.058, "Actual Max Total Time": 96.13, "Filter": "((info)::text = ANY ('{USA,America}'::text[]))", "Rows Removed by Filter": 10824957, "Actual Rows": 6464}]}, {"Node Type": "Hash", "Parent Relationship": "Inner", "Startup Cost": 134492.02, "Total Cost": 134492.02, "Plan Rows": 32, "Plan Width": 25, "Actual Min Startup Time": 952.547, "Actual Max Startup Time": 952.547, "Actual Min Total Time": 952.547, "Actual Max Total Time": 952.547, "Max Hash Buckets": 32768, "Min Hash Buckets": 32768, "Max Hash Batches": 1, "Min Hash Batches": 1, "Max Original Hash Batches": 1, "Min Original Hash Batches": 1, "Max Peak Memory Usage": 0, "min Peak Memory Usage": 0, "Plans": [{"Node Type": "Hash Join", "Parent Relationship": "Outer", "Join Type": "Inner", "Startup Cost": 61387.61, "Total Cost": 134492.02, "Plan Rows": 32, "Plan Width": 25, "Actual Min Startup Time": 952.545, "Actual Max Startup Time": 952.545, "Actual Min Total Time": 952.545, "Actual Max Total Time": 952.545, "Inner Unique": false, "Hash Cond": "(t.id = mc.movie_id)", "Plans": [{"Node Type": "Streaming(type: LOCAL GATHER dop: 1/64)", "Parent Relationship": "Outer", "Startup Cost": 0.0, "Total Cost": 72112.93, "Plan Rows": 391451, "Plan Width": 21, "Actual Startup Time": 0.0, "Actual Total Time": 0.0, "Plans": [{"Node Type": "Seq Scan", "Parent Relationship": "Outer", "Relation Name": "title", "Alias": "t", "Startup Cost": 0.0, "Total Cost": 64037.34, "Plan Rows": 391451, "Plan Width": 21, "Actual Min Startup Time": 0.03, "Actual Max Startup Time": 0.061, "Actual Min Total Time": 0.207, "Actual Max Total Time": 0.311, "Filter": "(production_year > 2010), (LLVM Optimized, Jit Execute)", "Rows Removed by Filter": 33125, "Actual Rows": 6464}]}, {"Node Type": "Hash", "Parent Relationship": "Inner", "Startup Cost": 61387.24, "Total Cost": 61387.24, "Plan Rows": 30, "Plan Width": 4, "Actual Min Startup Time": 952.193, "Actual Max Startup Time": 952.193, "Actual Min Total Time": 952.193, "Actual Max Total Time": 952.193, "Max Hash Buckets": 32768, "Min Hash Buckets": 32768, "Max Hash Batches": 1, "Min Hash Batches": 1, "Max Original Hash Batches": 1, "Min Original Hash Batches": 1, "Max Peak Memory Usage": 0, "min Peak Memory Usage": 0, "Plans": [{"Node Type": "Hash Join", "Parent Relationship": "Outer", "Join Type": "Inner", "Startup Cost": 1.05, "Total Cost": 61387.24, "Plan Rows": 30, "Plan Width": 4, "Actual Min Startup Time": 952.188, "Actual Max Startup Time": 952.188, "Actual Min Total Time": 952.188, "Actual Max Total Time": 952.188, "Inner Unique": true, "Hash Cond": "(mc.company_type_id = ct.id)", "Plans": [{"Node Type": "Seq Scan", "Parent Relationship": "Outer", "Relation Name": "movie_companies", "Alias": "mc", "Startup Cost": 0.0, "Total Cost": 61385.74, "Plan Rows": 59, "Plan Width": 8, "Actual Min Startup Time": 4.059, "Actual Max Startup Time": 4.059, "Actual Min Total Time": 951.653, "Actual Max Total Time": 951.653, "Filter": "(((note)::text ~~ '%(VHS)%'::text) AND ((note)::text ~~ '%(USA)%'::text) AND ((note)::text ~~ '%(1994)%'::text))", "Rows Removed by Filter": 2607710, "Actual Rows": 1418}, {"Node Type": "Hash", "Parent Relationship": "Inner", "Startup Cost": 1.04, "Total Cost": 1.04, "Plan Rows": 1, "Plan Width": 4, "Actual Min Startup Time": 0.025, "Actual Max Startup Time": 0.025, "Actual Min Total Time": 0.025, "Actual Max Total Time": 0.025, "Max Hash Buckets": 32768, "Min Hash Buckets": 32768, "Max Hash Batches": 1, "Min Hash Batches": 1, "Max Original Hash Batches": 1, "Min Original Hash Batches": 1, "Max Peak Memory Usage": 1, "min Peak Memory Usage": 1, "Plans": [{"Node Type": "Seq Scan", "Parent Relationship": "Outer", "Relation Name": "company_type", "Alias": "ct", "Startup Cost": 0.0, "Total Cost": 1.04, "Plan Rows": 1, "Plan Width": 4, "Actual Min Startup Time": 0.018, "Actual Max Startup Time": 0.018, "Actual Min Total Time": 0.02, "Actual Max Total Time": 0.02, "Filter": "((kind)::text = 'production companies'::text)", "Rows Removed by Filter": 2, "Actual Rows": 1}], "Actual Rows": 1}], "Actual Rows": 0}], "Actual Rows": 0}], "Actual Rows": 0}], "Actual Rows": 0}], "Actual Rows": 0}, {"Node Type": "Hash", "Parent Relationship": "Inner", "Startup Cost": 2.12, "Total Cost": 2.12, "Plan Rows": 112, "Plan Width": 4, "Actual Min Startup Time": 0.126, "Actual Max Startup Time": 0.126, "Actual Min Total Time": 0.126, "Actual Max Total Time": 0.126, "Max Hash Buckets": 32768, "Min Hash Buckets": 32768, "Max Hash Batches": 1, "Min Hash Batches": 1, "Max Original Hash Batches": 1, "Min Original Hash Batches": 1, "Max Peak Memory Usage": 4, "min Peak Memory Usage": 4, "Plans": [{"Node Type": "Seq Scan", "Parent Relationship": "Outer", "Relation Name": "info_type", "Alias": "it", "Startup Cost": 0.0, "Total Cost": 2.12, "Plan Rows": 112, "Plan Width": 4, "Actual Min Startup Time": 0.047, "Actual Max Startup Time": 0.047, "Actual Min Total Time": 0.066, "Actual Max Total Time": 0.066, "Actual Rows": 112}], "Actual Rows": 112}], "Actual Rows": 0}], "Actual Rows": 1}, "Triggers": [], "Planner Runtime": 15.374, "Total Runtime": 987.784, "Unique SQL Id": 328306525}}, "(64, '75')": {"explain_plan": {"Plan": {"Node Type": "Aggregate", "Strategy": "Plain", "Startup Cost": 4999003667751.02, "Total Cost": 4999003667751.03, "Plan Rows": 1, "Plan Width": 49, "Plans": [{"Node Type": "Hash Join", "Parent Relationship": "Outer", "Join Type": "Inner", "Startup Cost": 2030025293043.82, "Total Cost": 4999003667750.96, "Plan Rows": 24, "Plan Width": 17, "Inner Unique": true, "Hash Cond": "(mi.info_type_id = it.id)", "Plans": [{"Node Type": "Hash Join", "Parent Relationship": "Outer", "Join Type": "Inner", "Startup Cost": 1030025292049.42, "Total Cost": 3999003666756.24, "Plan Rows": 24, "Plan Width": 21, "Inner Unique": true, "Hash Cond": "(mc.company_type_id = ct.id)", "Plans": [{"Node Type": "Merge Join", "Parent Relationship": "Outer", "Join Type": "Inner", "Startup Cost": 30025290819.16, "Total Cost": 2999003665525.61, "Plan Rows": 49, "Plan Width": 25, "Inner Unique": true, "Merge Cond": "(mi.movie_id = t.id)", "Plans": [{"Node Type": "Merge Join", "Parent Relationship": "Outer", "Join Type": "Inner", "Startup Cost": 20000000000.0, "Total Cost": 1999692576110.4, "Plan Rows": 66, "Plan Width": 16, "Inner Unique": false, "Merge Cond": "(mc.movie_id = mi.movie_id)", "Plans": [{"Node Type": "Index Scan", "Parent Relationship": "Outer", "Scan Direction": "Forward", "Index Name": "movie_id_movie_companies", "Relation Name": "movie_companies", "Alias": "mc", "Startup Cost": 10000000000.0, "Total Cost": 1000015008792.13, "Plan Rows": 59, "Plan Width": 8, "Filter": "(((note)::text ~~ '%(VHS)%'::text) AND ((note)::text ~~ '%(USA)%'::text) AND ((note)::text ~~ '%(1994)%'::text))"}, {"Node Type": "Index Scan", "Parent Relationship": "Inner", "Scan Direction": "Forward", "Index Name": "movie_id_movie_info", "Relation Name": "movie_info", "Alias": "mi", "Startup Cost": 10000000000.0, "Total Cost": 1000107534403.72, "Plan Rows": 584897, "Plan Width": 8, "Filter": "((info)::text = ANY ('{USA,America}'::text[]))"}]}, {"Node Type": "Index Scan", "Parent Relationship": "Inner", "Scan Direction": "Forward", "Index Name": "title_pkey", "Relation Name": "title", "Alias": "t", "Startup Cost": 10000000000.0, "Total Cost": 1000011644126.66, "Plan Rows": 391451, "Plan Width": 21, "Filter": "(production_year > 2010), (LLVM Optimized)"}]}, {"Node Type": "Hash", "Parent Relationship": "Inner", "Startup Cost": 1000000001230.25, "Total Cost": 1000000001230.25, "Plan Rows": 1, "Plan Width": 4, "Plans": [{"Node Type": "Index Scan", "Parent Relationship": "Outer", "Scan Direction": "Forward", "Index Name": "company_type_pkey", "Relation Name": "company_type", "Alias": "ct", "Startup Cost": 10000000000.0, "Total Cost": 1000000001230.25, "Plan Rows": 1, "Plan Width": 4, "Filter": "((kind)::text = 'production companies'::text)"}]}]}, {"Node Type": "Hash", "Parent Relationship": "Inner", "Startup Cost": 1000000000993.0, "Total Cost": 1000000000993.0, "Plan Rows": 112, "Plan Width": 4, "Plans": [{"Node Type": "Index Only Scan", "Parent Relationship": "Outer", "Scan Direction": "Forward", "Index Name": "info_type_pkey", "Relation Name": "info_type", "Alias": "it", "Startup Cost": 10000000000.0, "Total Cost": 1000000000993.0, "Plan Rows": 112, "Plan Width": 4}]}]}]}, "Unique SQL Id": 328306525, "Planner Runtime": 17}, "explain_analyze_plan": null}, "(64, '76')": {"explain_plan": {"Plan": {"Node Type": "Aggregate", "Strategy": "Plain", "Startup Cost": 61748.65, "Total Cost": 61748.66, "Plan Rows": 1, "Plan Width": 49, "Plans": [{"Node Type": "Nested Loop", "Parent Relationship": "Outer", "Join Type": "Inner", "Startup Cost": 0.0, "Total Cost": 61748.59, "Plan Rows": 24, "Plan Width": 17, "Inner Unique": true, "Plans": [{"Node Type": "Nested Loop", "Parent Relationship": "Outer", "Join Type": "Inner", "Startup Cost": 0.0, "Total Cost": 61741.87, "Plan Rows": 24, "Plan Width": 21, "Inner Unique": false, "Plans": [{"Node Type": "Nested Loop", "Parent Relationship": "Outer", "Join Type": "Inner", "Startup Cost": 0.0, "Total Cost": 61662.88, "Plan Rows": 32, "Plan Width": 25, "Inner Unique": true, "Plans": [{"Node Type": "Nested Loop", "Parent Relationship": "Outer", "Join Type": "Inner", "Startup Cost": 0.0, "Total Cost": 61414.41, "Plan Rows": 30, "Plan Width": 4, "Inner Unique": true, "Plans": [{"Node Type": "Seq Scan", "Parent Relationship": "Outer", "Relation Name": "movie_companies", "Alias": "mc", "Startup Cost": 0.0, "Total Cost": 61385.74, "Plan Rows": 59, "Plan Width": 8, "Filter": "(((note)::text ~~ '%(VHS)%'::text) AND ((note)::text ~~ '%(USA)%'::text) AND ((note)::text ~~ '%(1994)%'::text))"}, {"Node Type": "Index Scan", "Parent Relationship": "Inner", "Scan Direction": "Forward", "Index Name": "company_type_pkey", "Relation Name": "company_type", "Alias": "ct", "Startup Cost": 0.0, "Total Cost": 0.48, "Plan Rows": 1, "Plan Width": 4, "Index Cond": "(id = mc.company_type_id)", "Filter": "((kind)::text = 'production companies'::text)"}]}, {"Node Type": "Index Scan", "Parent Relationship": "Inner", "Scan Direction": "Forward", "Index Name": "title_pkey", "Relation Name": "title", "Alias": "t", "Startup Cost": 0.0, "Total Cost": 8.27, "Plan Rows": 1, "Plan Width": 21, "Index Cond": "(id = mc.movie_id)", "Filter": "(production_year > 2010)"}]}, {"Node Type": "Index Scan", "Parent Relationship": "Inner", "Scan Direction": "Forward", "Index Name": "movie_id_movie_info", "Relation Name": "movie_info", "Alias": "mi", "Startup Cost": 0.0, "Total Cost": 2.46, "Plan Rows": 1, "Plan Width": 8, "Index Cond": "(movie_id = t.id)", "Filter": "((info)::text = ANY ('{USA,America}'::text[]))"}]}, {"Node Type": "Index Scan", "Parent Relationship": "Inner", "Scan Direction": "Forward", "Index Name": "info_type_pkey", "Relation Name": "info_type", "Alias": "it", "Startup Cost": 0.0, "Total Cost": 0.27, "Plan Rows": 1, "Plan Width": 4, "Index Cond": "(id = mi.info_type_id)"}]}]}, "Unique SQL Id": 328306525, "Planner Runtime": 8}, "explain_analyze_plan": {"Plan": {"Node Type": "Aggregate", "Strategy": "Plain", "Startup Cost": 61748.65, "Total Cost": 61748.66, "Plan Rows": 1, "Plan Width": 49, "Actual Startup Time": 966.213, "Actual Total Time": 966.214, "Actual Rows": 1, "Actual Loops": 1, "Plans": [{"Node Type": "Nested Loop", "Parent Relationship": "Outer", "Join Type": "Inner", "Startup Cost": 0.0, "Total Cost": 61748.59, "Plan Rows": 24, "Plan Width": 17, "Actual Startup Time": 966.205, "Actual Total Time": 966.205, "Actual Rows": 0, "Actual Loops": 1, "Inner Unique": true, "Plans": [{"Node Type": "Nested Loop", "Parent Relationship": "Outer", "Join Type": "Inner", "Startup Cost": 0.0, "Total Cost": 61741.87, "Plan Rows": 24, "Plan Width": 21, "Actual Startup Time": 966.203, "Actual Total Time": 966.203, "Actual Rows": 0, "Actual Loops": 1, "Inner Unique": false, "Plans": [{"Node Type": "Nested Loop", "Parent Relationship": "Outer", "Join Type": "Inner", "Startup Cost": 0.0, "Total Cost": 61662.88, "Plan Rows": 32, "Plan Width": 25, "Actual Startup Time": 966.203, "Actual Total Time": 966.203, "Actual Rows": 0, "Actual Loops": 1, "Inner Unique": true, "Plans": [{"Node Type": "Nested Loop", "Parent Relationship": "Outer", "Join Type": "Inner", "Startup Cost": 0.0, "Total Cost": 61414.41, "Plan Rows": 30, "Plan Width": 4, "Actual Startup Time": 966.201, "Actual Total Time": 966.201, "Actual Rows": 0, "Actual Loops": 1, "Inner Unique": true, "Plans": [{"Node Type": "Seq Scan", "Parent Relationship": "Outer", "Relation Name": "movie_companies", "Alias": "mc", "Startup Cost": 0.0, "Total Cost": 61385.74, "Plan Rows": 59, "Plan Width": 8, "Actual Startup Time": 4.005, "Actual Total Time": 964.385, "Actual Rows": 1418, "Actual Loops": 1, "Filter": "(((note)::text ~~ '%(VHS)%'::text) AND ((note)::text ~~ '%(USA)%'::text) AND ((note)::text ~~ '%(1994)%'::text))", "Rows Removed by Filter": 2607710}, {"Node Type": "Index Scan", "Parent Relationship": "Inner", "Scan Direction": "Forward", "Index Name": "company_type_pkey", "Relation Name": "company_type", "Alias": "ct", "Startup Cost": 0.0, "Total Cost": 0.48, "Plan Rows": 1, "Plan Width": 4, "Actual Startup Time": 0.956, "Actual Total Time": 0.956, "Actual Rows": 0, "Actual Loops": 1418, "Index Cond": "(id = mc.company_type_id)", "Rows Removed by Index Recheck": 0, "Filter": "((kind)::text = 'production companies'::text)", "Rows Removed by Filter": 0}]}, {"Node Type": "Index Scan", "Parent Relationship": "Inner", "Scan Direction": "Forward", "Index Name": "title_pkey", "Relation Name": "title", "Alias": "t", "Startup Cost": 0.0, "Total Cost": 8.27, "Plan Rows": 1, "Plan Width": 21, "Actual Startup Time": 0.0, "Actual Total Time": 0.0, "Index Cond": "(id = mc.movie_id)", "Rows Removed by Index Recheck": 0, "Filter": "(production_year > 2010)", "Rows Removed by Filter": 0}]}, {"Node Type": "Index Scan", "Parent Relationship": "Inner", "Scan Direction": "Forward", "Index Name": "movie_id_movie_info", "Relation Name": "movie_info", "Alias": "mi", "Startup Cost": 0.0, "Total Cost": 2.46, "Plan Rows": 1, "Plan Width": 8, "Actual Startup Time": 0.0, "Actual Total Time": 0.0, "Index Cond": "(movie_id = t.id)", "Rows Removed by Index Recheck": 0, "Filter": "((info)::text = ANY ('{USA,America}'::text[]))", "Rows Removed by Filter": 0}]}, {"Node Type": "Index Scan", "Parent Relationship": "Inner", "Scan Direction": "Forward", "Index Name": "info_type_pkey", "Relation Name": "info_type", "Alias": "it", "Startup Cost": 0.0, "Total Cost": 0.27, "Plan Rows": 1, "Plan Width": 4, "Actual Startup Time": 0.0, "Actual Total Time": 0.0, "Index Cond": "(id = mi.info_type_id)", "Rows Removed by Index Recheck": 0}]}]}, "Triggers": [], "Planner Runtime": 8.359, "Total Runtime": 966.465, "Unique SQL Id": 328306525}}, "(64, '77')": {"explain_plan": {"Plan": {"Node Type": "Aggregate", "Strategy": "Plain", "Startup Cost": 63248.6, "Total Cost": 63248.61, "Plan Rows": 1, "Plan Width": 49, "Plans": [{"Node Type": "Nested Loop", "Parent Relationship": "Outer", "Join Type": "Inner", "Startup Cost": 0.0, "Total Cost": 63248.54, "Plan Rows": 24, "Plan Width": 17, "Inner Unique": true, "Plans": [{"Node Type": "Nested Loop", "Parent Relationship": "Outer", "Join Type": "Inner", "Startup Cost": 0.0, "Total Cost": 63241.82, "Plan Rows": 24, "Plan Width": 21, "Inner Unique": false, "Plans": [{"Node Type": "Nested Loop", "Parent Relationship": "Outer", "Join Type": "Inner", "Startup Cost": 0.0, "Total Cost": 63162.83, "Plan Rows": 32, "Plan Width": 25, "Inner Unique": true, "Plans": [{"Node Type": "Nested Loop", "Parent Relationship": "Outer", "Join Type": "Inner", "Startup Cost": 0.0, "Total Cost": 62914.35, "Plan Rows": 30, "Plan Width": 4, "Inner Unique": false, "Plans": [{"Node Type": "Index Scan", "Parent Relationship": "Outer", "Scan Direction": "Forward", "Index Name": "company_type_pkey", "Relation Name": "company_type", "Alias": "ct", "Startup Cost": 0.0, "Total Cost": 12.3, "Plan Rows": 1, "Plan Width": 4, "Filter": "((kind)::text = 'production companies'::text)"}, {"Node Type": "Index Scan", "Parent Relationship": "Inner", "Scan Direction": "Forward", "Index Name": "company_type_id_movie_companies", "Relation Name": "movie_companies", "Alias": "mc", "Startup Cost": 0.0, "Total Cost": 62901.76, "Plan Rows": 29, "Plan Width": 8, "Index Cond": "(company_type_id = ct.id)", "Filter": "(((note)::text ~~ '%(VHS)%'::text) AND ((note)::text ~~ '%(USA)%'::text) AND ((note)::text ~~ '%(1994)%'::text))"}]}, {"Node Type": "Index Scan", "Parent Relationship": "Inner", "Scan Direction": "Forward", "Index Name": "title_pkey", "Relation Name": "title", "Alias": "t", "Startup Cost": 0.0, "Total Cost": 8.27, "Plan Rows": 1, "Plan Width": 21, "Index Cond": "(id = mc.movie_id)", "Filter": "(production_year > 2010)"}]}, {"Node Type": "Index Scan", "Parent Relationship": "Inner", "Scan Direction": "Forward", "Index Name": "movie_id_movie_info", "Relation Name": "movie_info", "Alias": "mi", "Startup Cost": 0.0, "Total Cost": 2.46, "Plan Rows": 1, "Plan Width": 8, "Index Cond": "(movie_id = t.id)", "Filter": "((info)::text = ANY ('{USA,America}'::text[]))"}]}, {"Node Type": "Index Scan", "Parent Relationship": "Inner", "Scan Direction": "Forward", "Index Name": "info_type_pkey", "Relation Name": "info_type", "Alias": "it", "Startup Cost": 0.0, "Total Cost": 0.27, "Plan Rows": 1, "Plan Width": 4, "Index Cond": "(id = mi.info_type_id)"}]}]}, "Unique SQL Id": 328306525, "Planner Runtime": 7}, "explain_analyze_plan": {"Plan": {"Node Type": "Aggregate", "Strategy": "Plain", "Startup Cost": 63248.6, "Total Cost": 63248.61, "Plan Rows": 1, "Plan Width": 49, "Actual Startup Time": 707.469, "Actual Total Time": 707.469, "Actual Rows": 1, "Actual Loops": 1, "Plans": [{"Node Type": "Nested Loop", "Parent Relationship": "Outer", "Join Type": "Inner", "Startup Cost": 0.0, "Total Cost": 63248.54, "Plan Rows": 24, "Plan Width": 17, "Actual Startup Time": 707.462, "Actual Total Time": 707.462, "Actual Rows": 0, "Actual Loops": 1, "Inner Unique": true, "Plans": [{"Node Type": "Nested Loop", "Parent Relationship": "Outer", "Join Type": "Inner", "Startup Cost": 0.0, "Total Cost": 63241.82, "Plan Rows": 24, "Plan Width": 21, "Actual Startup Time": 707.46, "Actual Total Time": 707.46, "Actual Rows": 0, "Actual Loops": 1, "Inner Unique": false, "Plans": [{"Node Type": "Nested Loop", "Parent Relationship": "Outer", "Join Type": "Inner", "Startup Cost": 0.0, "Total Cost": 63162.83, "Plan Rows": 32, "Plan Width": 25, "Actual Startup Time": 707.458, "Actual Total Time": 707.458, "Actual Rows": 0, "Actual Loops": 1, "Inner Unique": true, "Plans": [{"Node Type": "Nested Loop", "Parent Relationship": "Outer", "Join Type": "Inner", "Startup Cost": 0.0, "Total Cost": 62914.35, "Plan Rows": 30, "Plan Width": 4, "Actual Startup Time": 707.457, "Actual Total Time": 707.457, "Actual Rows": 0, "Actual Loops": 1, "Inner Unique": false, "Plans": [{"Node Type": "Index Scan", "Parent Relationship": "Outer", "Scan Direction": "Forward", "Index Name": "company_type_pkey", "Relation Name": "company_type", "Alias": "ct", "Startup Cost": 0.0, "Total Cost": 12.3, "Plan Rows": 1, "Plan Width": 4, "Actual Startup Time": 0.015, "Actual Total Time": 0.026, "Actual Rows": 1, "Actual Loops": 1, "Filter": "((kind)::text = 'production companies'::text)", "Rows Removed by Filter": 2}, {"Node Type": "Index Scan", "Parent Relationship": "Inner", "Scan Direction": "Forward", "Index Name": "company_type_id_movie_companies", "Relation Name": "movie_companies", "Alias": "mc", "Startup Cost": 0.0, "Total Cost": 62901.76, "Plan Rows": 29, "Plan Width": 8, "Actual Startup Time": 707.424, "Actual Total Time": 707.424, "Actual Rows": 0, "Actual Loops": 1, "Index Cond": "(company_type_id = ct.id)", "Rows Removed by Index Recheck": 0, "Filter": "(((note)::text ~~ '%(VHS)%'::text) AND ((note)::text ~~ '%(USA)%'::text) AND ((note)::text ~~ '%(1994)%'::text))", "Rows Removed by Filter": 1334883}]}, {"Node Type": "Index Scan", "Parent Relationship": "Inner", "Scan Direction": "Forward", "Index Name": "title_pkey", "Relation Name": "title", "Alias": "t", "Startup Cost": 0.0, "Total Cost": 8.27, "Plan Rows": 1, "Plan Width": 21, "Actual Startup Time": 0.0, "Actual Total Time": 0.0, "Index Cond": "(id = mc.movie_id)", "Rows Removed by Index Recheck": 0, "Filter": "(production_year > 2010)", "Rows Removed by Filter": 0}]}, {"Node Type": "Index Scan", "Parent Relationship": "Inner", "Scan Direction": "Forward", "Index Name": "movie_id_movie_info", "Relation Name": "movie_info", "Alias": "mi", "Startup Cost": 0.0, "Total Cost": 2.46, "Plan Rows": 1, "Plan Width": 8, "Actual Startup Time": 0.0, "Actual Total Time": 0.0, "Index Cond": "(movie_id = t.id)", "Rows Removed by Index Recheck": 0, "Filter": "((info)::text = ANY ('{USA,America}'::text[]))", "Rows Removed by Filter": 0}]}, {"Node Type": "Index Scan", "Parent Relationship": "Inner", "Scan Direction": "Forward", "Index Name": "info_type_pkey", "Relation Name": "info_type", "Alias": "it", "Startup Cost": 0.0, "Total Cost": 0.27, "Plan Rows": 1, "Plan Width": 4, "Actual Startup Time": 0.0, "Actual Total Time": 0.0, "Index Cond": "(id = mi.info_type_id)", "Rows Removed by Index Recheck": 0}]}]}, "Triggers": [], "Planner Runtime": 9.381, "Total Runtime": 707.729, "Unique SQL Id": 328306525}}, "(64, '78')": {"explain_plan": {"Plan": {"Node Type": "Aggregate", "Strategy": "Plain", "Startup Cost": 216977.69, "Total Cost": 216977.7, "Plan Rows": 1, "Plan Width": 49, "Plans": [{"Node Type": "Hash Join", "Parent Relationship": "Outer", "Join Type": "Inner", "Startup Cost": 134495.94, "Total Cost": 216977.63, "Plan Rows": 24, "Plan Width": 17, "Inner Unique": true, "Hash Cond": "(mi.info_type_id = it.id)", "Plans": [{"Node Type": "Hash Join", "Parent Relationship": "Outer", "Join Type": "Inner", "Startup Cost": 134492.42, "Total Cost": 216973.78, "Plan Rows": 24, "Plan Width": 21, "Inner Unique": false, "Hash Cond": "(mi.movie_id = t.id)", "Plans": [{"Node Type": "Streaming(type: LOCAL GATHER dop: 1/64)", "Parent Relationship": "Outer", "Startup Cost": 0.0, "Total Cost": 80287.65, "Plan Rows": 584897, "Plan Width": 8, "Plans": [{"Node Type": "Seq Scan", "Parent Relationship": "Outer", "Relation Name": "movie_info", "Alias": "mi", "Startup Cost": 0.0, "Total Cost": 68221.29, "Plan Rows": 584897, "Plan Width": 8, "Filter": "((info)::text = ANY ('{USA,America}'::text[]))"}]}, {"Node Type": "Hash", "Parent Relationship": "Inner", "Startup Cost": 134492.02, "Total Cost": 134492.02, "Plan Rows": 32, "Plan Width": 25, "Plans": [{"Node Type": "Hash Join", "Parent Relationship": "Outer", "Join Type": "Inner", "Startup Cost": 61387.61, "Total Cost": 134492.02, "Plan Rows": 32, "Plan Width": 25, "Inner Unique": false, "Hash Cond": "(t.id = mc.movie_id)", "Plans": [{"Node Type": "Streaming(type: LOCAL GATHER dop: 1/64)", "Parent Relationship": "Outer", "Startup Cost": 0.0, "Total Cost": 72112.93, "Plan Rows": 391451, "Plan Width": 21, "Plans": [{"Node Type": "Seq Scan", "Parent Relationship": "Outer", "Relation Name": "title", "Alias": "t", "Startup Cost": 0.0, "Total Cost": 64037.34, "Plan Rows": 391451, "Plan Width": 21, "Filter": "(production_year > 2010), (LLVM Optimized)"}]}, {"Node Type": "Hash", "Parent Relationship": "Inner", "Startup Cost": 61387.24, "Total Cost": 61387.24, "Plan Rows": 30, "Plan Width": 4, "Plans": [{"Node Type": "Hash Join", "Parent Relationship": "Outer", "Join Type": "Inner", "Startup Cost": 1.05, "Total Cost": 61387.24, "Plan Rows": 30, "Plan Width": 4, "Inner Unique": true, "Hash Cond": "(mc.company_type_id = ct.id)", "Plans": [{"Node Type": "Seq Scan", "Parent Relationship": "Outer", "Relation Name": "movie_companies", "Alias": "mc", "Startup Cost": 0.0, "Total Cost": 61385.74, "Plan Rows": 59, "Plan Width": 8, "Filter": "(((note)::text ~~ '%(VHS)%'::text) AND ((note)::text ~~ '%(USA)%'::text) AND ((note)::text ~~ '%(1994)%'::text))"}, {"Node Type": "Hash", "Parent Relationship": "Inner", "Startup Cost": 1.04, "Total Cost": 1.04, "Plan Rows": 1, "Plan Width": 4, "Plans": [{"Node Type": "Seq Scan", "Parent Relationship": "Outer", "Relation Name": "company_type", "Alias": "ct", "Startup Cost": 0.0, "Total Cost": 1.04, "Plan Rows": 1, "Plan Width": 4, "Filter": "((kind)::text = 'production companies'::text)"}]}]}]}]}]}]}, {"Node Type": "Hash", "Parent Relationship": "Inner", "Startup Cost": 2.12, "Total Cost": 2.12, "Plan Rows": 112, "Plan Width": 4, "Plans": [{"Node Type": "Seq Scan", "Parent Relationship": "Outer", "Relation Name": "info_type", "Alias": "it", "Startup Cost": 0.0, "Total Cost": 2.12, "Plan Rows": 112, "Plan Width": 4}]}]}]}, "Unique SQL Id": 328306525, "Planner Runtime": 15}, "explain_analyze_plan": {"Plan": {"Node Type": "Aggregate", "Strategy": "Plain", "Startup Cost": 216977.69, "Total Cost": 216977.7, "Plan Rows": 1, "Plan Width": 49, "Actual Min Startup Time": 953.228, "Actual Max Startup Time": 953.228, "Actual Min Total Time": 953.229, "Actual Max Total Time": 953.229, "Plans": [{"Node Type": "Hash Join", "Parent Relationship": "Outer", "Join Type": "Inner", "Startup Cost": 134495.94, "Total Cost": 216977.63, "Plan Rows": 24, "Plan Width": 17, "Actual Min Startup Time": 953.215, "Actual Max Startup Time": 953.215, "Actual Min Total Time": 953.215, "Actual Max Total Time": 953.215, "Inner Unique": true, "Hash Cond": "(mi.info_type_id = it.id)", "Plans": [{"Node Type": "Hash Join", "Parent Relationship": "Outer", "Join Type": "Inner", "Startup Cost": 134492.42, "Total Cost": 216973.78, "Plan Rows": 24, "Plan Width": 21, "Actual Min Startup Time": 952.99, "Actual Max Startup Time": 952.99, "Actual Min Total Time": 952.99, "Actual Max Total Time": 952.99, "Inner Unique": false, "Hash Cond": "(mi.movie_id = t.id)", "Plans": [{"Node Type": "Streaming(type: LOCAL GATHER dop: 1/64)", "Parent Relationship": "Outer", "Startup Cost": 0.0, "Total Cost": 80287.65, "Plan Rows": 584897, "Plan Width": 8, "Actual Startup Time": 0.0, "Actual Total Time": 0.0, "Plans": [{"Node Type": "Seq Scan", "Parent Relationship": "Outer", "Relation Name": "movie_info", "Alias": "mi", "Startup Cost": 0.0, "Total Cost": 68221.29, "Plan Rows": 584897, "Plan Width": 8, "Actual Min Startup Time": 0.043, "Actual Max Startup Time": 21.862, "Actual Min Total Time": 12.058, "Actual Max Total Time": 96.13, "Filter": "((info)::text = ANY ('{USA,America}'::text[]))", "Rows Removed by Filter": 10824957, "Actual Rows": 6464}]}, {"Node Type": "Hash", "Parent Relationship": "Inner", "Startup Cost": 134492.02, "Total Cost": 134492.02, "Plan Rows": 32, "Plan Width": 25, "Actual Min Startup Time": 952.547, "Actual Max Startup Time": 952.547, "Actual Min Total Time": 952.547, "Actual Max Total Time": 952.547, "Max Hash Buckets": 32768, "Min Hash Buckets": 32768, "Max Hash Batches": 1, "Min Hash Batches": 1, "Max Original Hash Batches": 1, "Min Original Hash Batches": 1, "Max Peak Memory Usage": 0, "min Peak Memory Usage": 0, "Plans": [{"Node Type": "Hash Join", "Parent Relationship": "Outer", "Join Type": "Inner", "Startup Cost": 61387.61, "Total Cost": 134492.02, "Plan Rows": 32, "Plan Width": 25, "Actual Min Startup Time": 952.545, "Actual Max Startup Time": 952.545, "Actual Min Total Time": 952.545, "Actual Max Total Time": 952.545, "Inner Unique": false, "Hash Cond": "(t.id = mc.movie_id)", "Plans": [{"Node Type": "Streaming(type: LOCAL GATHER dop: 1/64)", "Parent Relationship": "Outer", "Startup Cost": 0.0, "Total Cost": 72112.93, "Plan Rows": 391451, "Plan Width": 21, "Actual Startup Time": 0.0, "Actual Total Time": 0.0, "Plans": [{"Node Type": "Seq Scan", "Parent Relationship": "Outer", "Relation Name": "title", "Alias": "t", "Startup Cost": 0.0, "Total Cost": 64037.34, "Plan Rows": 391451, "Plan Width": 21, "Actual Min Startup Time": 0.03, "Actual Max Startup Time": 0.061, "Actual Min Total Time": 0.207, "Actual Max Total Time": 0.311, "Filter": "(production_year > 2010), (LLVM Optimized, Jit Execute)", "Rows Removed by Filter": 33125, "Actual Rows": 6464}]}, {"Node Type": "Hash", "Parent Relationship": "Inner", "Startup Cost": 61387.24, "Total Cost": 61387.24, "Plan Rows": 30, "Plan Width": 4, "Actual Min Startup Time": 952.193, "Actual Max Startup Time": 952.193, "Actual Min Total Time": 952.193, "Actual Max Total Time": 952.193, "Max Hash Buckets": 32768, "Min Hash Buckets": 32768, "Max Hash Batches": 1, "Min Hash Batches": 1, "Max Original Hash Batches": 1, "Min Original Hash Batches": 1, "Max Peak Memory Usage": 0, "min Peak Memory Usage": 0, "Plans": [{"Node Type": "Hash Join", "Parent Relationship": "Outer", "Join Type": "Inner", "Startup Cost": 1.05, "Total Cost": 61387.24, "Plan Rows": 30, "Plan Width": 4, "Actual Min Startup Time": 952.188, "Actual Max Startup Time": 952.188, "Actual Min Total Time": 952.188, "Actual Max Total Time": 952.188, "Inner Unique": true, "Hash Cond": "(mc.company_type_id = ct.id)", "Plans": [{"Node Type": "Seq Scan", "Parent Relationship": "Outer", "Relation Name": "movie_companies", "Alias": "mc", "Startup Cost": 0.0, "Total Cost": 61385.74, "Plan Rows": 59, "Plan Width": 8, "Actual Min Startup Time": 4.059, "Actual Max Startup Time": 4.059, "Actual Min Total Time": 951.653, "Actual Max Total Time": 951.653, "Filter": "(((note)::text ~~ '%(VHS)%'::text) AND ((note)::text ~~ '%(USA)%'::text) AND ((note)::text ~~ '%(1994)%'::text))", "Rows Removed by Filter": 2607710, "Actual Rows": 1418}, {"Node Type": "Hash", "Parent Relationship": "Inner", "Startup Cost": 1.04, "Total Cost": 1.04, "Plan Rows": 1, "Plan Width": 4, "Actual Min Startup Time": 0.025, "Actual Max Startup Time": 0.025, "Actual Min Total Time": 0.025, "Actual Max Total Time": 0.025, "Max Hash Buckets": 32768, "Min Hash Buckets": 32768, "Max Hash Batches": 1, "Min Hash Batches": 1, "Max Original Hash Batches": 1, "Min Original Hash Batches": 1, "Max Peak Memory Usage": 1, "min Peak Memory Usage": 1, "Plans": [{"Node Type": "Seq Scan", "Parent Relationship": "Outer", "Relation Name": "company_type", "Alias": "ct", "Startup Cost": 0.0, "Total Cost": 1.04, "Plan Rows": 1, "Plan Width": 4, "Actual Min Startup Time": 0.018, "Actual Max Startup Time": 0.018, "Actual Min Total Time": 0.02, "Actual Max Total Time": 0.02, "Filter": "((kind)::text = 'production companies'::text)", "Rows Removed by Filter": 2, "Actual Rows": 1}], "Actual Rows": 1}], "Actual Rows": 0}], "Actual Rows": 0}], "Actual Rows": 0}], "Actual Rows": 0}], "Actual Rows": 0}, {"Node Type": "Hash", "Parent Relationship": "Inner", "Startup Cost": 2.12, "Total Cost": 2.12, "Plan Rows": 112, "Plan Width": 4, "Actual Min Startup Time": 0.126, "Actual Max Startup Time": 0.126, "Actual Min Total Time": 0.126, "Actual Max Total Time": 0.126, "Max Hash Buckets": 32768, "Min Hash Buckets": 32768, "Max Hash Batches": 1, "Min Hash Batches": 1, "Max Original Hash Batches": 1, "Min Original Hash Batches": 1, "Max Peak Memory Usage": 4, "min Peak Memory Usage": 4, "Plans": [{"Node Type": "Seq Scan", "Parent Relationship": "Outer", "Relation Name": "info_type", "Alias": "it", "Startup Cost": 0.0, "Total Cost": 2.12, "Plan Rows": 112, "Plan Width": 4, "Actual Min Startup Time": 0.047, "Actual Max Startup Time": 0.047, "Actual Min Total Time": 0.066, "Actual Max Total Time": 0.066, "Actual Rows": 112}], "Actual Rows": 112}], "Actual Rows": 0}], "Actual Rows": 1}, "Triggers": [], "Planner Runtime": 15.374, "Total Runtime": 987.784, "Unique SQL Id": 328306525}}, "(64, '79')": {"explain_plan": {"Plan": {"Node Type": "Aggregate", "Strategy": "Plain", "Startup Cost": 4999003668151.02, "Total Cost": 4999003668151.03, "Plan Rows": 1, "Plan Width": 49, "Plans": [{"Node Type": "Hash Join", "Parent Relationship": "Outer", "Join Type": "Inner", "Startup Cost": 2030025293443.82, "Total Cost": 4999003668150.96, "Plan Rows": 24, "Plan Width": 17, "Inner Unique": true, "Hash Cond": "(mi.info_type_id = it.id)", "Plans": [{"Node Type": "Hash Join", "Parent Relationship": "Outer", "Join Type": "Inner", "Startup Cost": 1030025292049.42, "Total Cost": 3999003666756.24, "Plan Rows": 24, "Plan Width": 21, "Inner Unique": true, "Hash Cond": "(mc.company_type_id = ct.id)", "Plans": [{"Node Type": "Merge Join", "Parent Relationship": "Outer", "Join Type": "Inner", "Startup Cost": 30025290819.16, "Total Cost": 2999003665525.61, "Plan Rows": 49, "Plan Width": 25, "Inner Unique": true, "Merge Cond": "(mi.movie_id = t.id)", "Plans": [{"Node Type": "Merge Join", "Parent Relationship": "Outer", "Join Type": "Inner", "Startup Cost": 20000000000.0, "Total Cost": 1999692576110.4, "Plan Rows": 66, "Plan Width": 16, "Inner Unique": false, "Merge Cond": "(mc.movie_id = mi.movie_id)", "Plans": [{"Node Type": "Index Scan", "Parent Relationship": "Outer", "Scan Direction": "Forward", "Index Name": "movie_id_movie_companies", "Relation Name": "movie_companies", "Alias": "mc", "Startup Cost": 10000000000.0, "Total Cost": 1000015008792.13, "Plan Rows": 59, "Plan Width": 8, "Filter": "(((note)::text ~~ '%(VHS)%'::text) AND ((note)::text ~~ '%(USA)%'::text) AND ((note)::text ~~ '%(1994)%'::text))"}, {"Node Type": "Index Scan", "Parent Relationship": "Inner", "Scan Direction": "Forward", "Index Name": "movie_id_movie_info", "Relation Name": "movie_info", "Alias": "mi", "Startup Cost": 10000000000.0, "Total Cost": 1000107534403.72, "Plan Rows": 584897, "Plan Width": 8, "Filter": "((info)::text = ANY ('{USA,America}'::text[]))"}]}, {"Node Type": "Index Scan", "Parent Relationship": "Inner", "Scan Direction": "Forward", "Index Name": "title_pkey", "Relation Name": "title", "Alias": "t", "Startup Cost": 10000000000.0, "Total Cost": 1000011644126.66, "Plan Rows": 391451, "Plan Width": 21, "Filter": "(production_year > 2010), (LLVM Optimized)"}]}, {"Node Type": "Hash", "Parent Relationship": "Inner", "Startup Cost": 1000000001230.25, "Total Cost": 1000000001230.25, "Plan Rows": 1, "Plan Width": 4, "Plans": [{"Node Type": "Index Scan", "Parent Relationship": "Outer", "Scan Direction": "Forward", "Index Name": "company_type_pkey", "Relation Name": "company_type", "Alias": "ct", "Startup Cost": 10000000000.0, "Total Cost": 1000000001230.25, "Plan Rows": 1, "Plan Width": 4, "Filter": "((kind)::text = 'production companies'::text)"}]}]}, {"Node Type": "Hash", "Parent Relationship": "Inner", "Startup Cost": 1000000001393.0, "Total Cost": 1000000001393.0, "Plan Rows": 112, "Plan Width": 4, "Plans": [{"Node Type": "Index Scan", "Parent Relationship": "Outer", "Scan Direction": "Forward", "Index Name": "info_type_pkey", "Relation Name": "info_type", "Alias": "it", "Startup Cost": 10000000000.0, "Total Cost": 1000000001393.0, "Plan Rows": 112, "Plan Width": 4}]}]}]}, "Unique SQL Id": 328306525, "Planner Runtime": 16}, "explain_analyze_plan": null}, "(64, '80')": {"explain_plan": {"Plan": {"Node Type": "Aggregate", "Strategy": "Plain", "Startup Cost": 61748.65, "Total Cost": 61748.66, "Plan Rows": 1, "Plan Width": 49, "Plans": [{"Node Type": "Nested Loop", "Parent Relationship": "Outer", "Join Type": "Inner", "Startup Cost": 0.0, "Total Cost": 61748.59, "Plan Rows": 24, "Plan Width": 17, "Inner Unique": true, "Plans": [{"Node Type": "Nested Loop", "Parent Relationship": "Outer", "Join Type": "Inner", "Startup Cost": 0.0, "Total Cost": 61741.87, "Plan Rows": 24, "Plan Width": 21, "Inner Unique": false, "Plans": [{"Node Type": "Nested Loop", "Parent Relationship": "Outer", "Join Type": "Inner", "Startup Cost": 0.0, "Total Cost": 61662.88, "Plan Rows": 32, "Plan Width": 25, "Inner Unique": true, "Plans": [{"Node Type": "Nested Loop", "Parent Relationship": "Outer", "Join Type": "Inner", "Startup Cost": 0.0, "Total Cost": 61414.41, "Plan Rows": 30, "Plan Width": 4, "Inner Unique": true, "Plans": [{"Node Type": "Seq Scan", "Parent Relationship": "Outer", "Relation Name": "movie_companies", "Alias": "mc", "Startup Cost": 0.0, "Total Cost": 61385.74, "Plan Rows": 59, "Plan Width": 8, "Filter": "(((note)::text ~~ '%(VHS)%'::text) AND ((note)::text ~~ '%(USA)%'::text) AND ((note)::text ~~ '%(1994)%'::text))"}, {"Node Type": "Index Scan", "Parent Relationship": "Inner", "Scan Direction": "Forward", "Index Name": "company_type_pkey", "Relation Name": "company_type", "Alias": "ct", "Startup Cost": 0.0, "Total Cost": 0.48, "Plan Rows": 1, "Plan Width": 4, "Index Cond": "(id = mc.company_type_id)", "Filter": "((kind)::text = 'production companies'::text)"}]}, {"Node Type": "Index Scan", "Parent Relationship": "Inner", "Scan Direction": "Forward", "Index Name": "title_pkey", "Relation Name": "title", "Alias": "t", "Startup Cost": 0.0, "Total Cost": 8.27, "Plan Rows": 1, "Plan Width": 21, "Index Cond": "(id = mc.movie_id)", "Filter": "(production_year > 2010)"}]}, {"Node Type": "Index Scan", "Parent Relationship": "Inner", "Scan Direction": "Forward", "Index Name": "movie_id_movie_info", "Relation Name": "movie_info", "Alias": "mi", "Startup Cost": 0.0, "Total Cost": 2.46, "Plan Rows": 1, "Plan Width": 8, "Index Cond": "(movie_id = t.id)", "Filter": "((info)::text = ANY ('{USA,America}'::text[]))"}]}, {"Node Type": "Index Only Scan", "Parent Relationship": "Inner", "Scan Direction": "Forward", "Index Name": "info_type_pkey", "Relation Name": "info_type", "Alias": "it", "Startup Cost": 0.0, "Total Cost": 0.27, "Plan Rows": 1, "Plan Width": 4, "Index Cond": "(id = mi.info_type_id)"}]}]}, "Unique SQL Id": 328306525, "Planner Runtime": 7}, "explain_analyze_plan": {"Plan": {"Node Type": "Aggregate", "Strategy": "Plain", "Startup Cost": 61748.65, "Total Cost": 61748.66, "Plan Rows": 1, "Plan Width": 49, "Actual Startup Time": 959.809, "Actual Total Time": 959.81, "Actual Rows": 1, "Actual Loops": 1, "Plans": [{"Node Type": "Nested Loop", "Parent Relationship": "Outer", "Join Type": "Inner", "Startup Cost": 0.0, "Total Cost": 61748.59, "Plan Rows": 24, "Plan Width": 17, "Actual Startup Time": 959.799, "Actual Total Time": 959.799, "Actual Rows": 0, "Actual Loops": 1, "Inner Unique": true, "Plans": [{"Node Type": "Nested Loop", "Parent Relationship": "Outer", "Join Type": "Inner", "Startup Cost": 0.0, "Total Cost": 61741.87, "Plan Rows": 24, "Plan Width": 21, "Actual Startup Time": 959.798, "Actual Total Time": 959.798, "Actual Rows": 0, "Actual Loops": 1, "Inner Unique": false, "Plans": [{"Node Type": "Nested Loop", "Parent Relationship": "Outer", "Join Type": "Inner", "Startup Cost": 0.0, "Total Cost": 61662.88, "Plan Rows": 32, "Plan Width": 25, "Actual Startup Time": 959.797, "Actual Total Time": 959.797, "Actual Rows": 0, "Actual Loops": 1, "Inner Unique": true, "Plans": [{"Node Type": "Nested Loop", "Parent Relationship": "Outer", "Join Type": "Inner", "Startup Cost": 0.0, "Total Cost": 61414.41, "Plan Rows": 30, "Plan Width": 4, "Actual Startup Time": 959.796, "Actual Total Time": 959.796, "Actual Rows": 0, "Actual Loops": 1, "Inner Unique": true, "Plans": [{"Node Type": "Seq Scan", "Parent Relationship": "Outer", "Relation Name": "movie_companies", "Alias": "mc", "Startup Cost": 0.0, "Total Cost": 61385.74, "Plan Rows": 59, "Plan Width": 8, "Actual Startup Time": 3.997, "Actual Total Time": 957.979, "Actual Rows": 1418, "Actual Loops": 1, "Filter": "(((note)::text ~~ '%(VHS)%'::text) AND ((note)::text ~~ '%(USA)%'::text) AND ((note)::text ~~ '%(1994)%'::text))", "Rows Removed by Filter": 2607710}, {"Node Type": "Index Scan", "Parent Relationship": "Inner", "Scan Direction": "Forward", "Index Name": "company_type_pkey", "Relation Name": "company_type", "Alias": "ct", "Startup Cost": 0.0, "Total Cost": 0.48, "Plan Rows": 1, "Plan Width": 4, "Actual Startup Time": 0.994, "Actual Total Time": 0.994, "Actual Rows": 0, "Actual Loops": 1418, "Index Cond": "(id = mc.company_type_id)", "Rows Removed by Index Recheck": 0, "Filter": "((kind)::text = 'production companies'::text)", "Rows Removed by Filter": 0}]}, {"Node Type": "Index Scan", "Parent Relationship": "Inner", "Scan Direction": "Forward", "Index Name": "title_pkey", "Relation Name": "title", "Alias": "t", "Startup Cost": 0.0, "Total Cost": 8.27, "Plan Rows": 1, "Plan Width": 21, "Actual Startup Time": 0.0, "Actual Total Time": 0.0, "Index Cond": "(id = mc.movie_id)", "Rows Removed by Index Recheck": 0, "Filter": "(production_year > 2010)", "Rows Removed by Filter": 0}]}, {"Node Type": "Index Scan", "Parent Relationship": "Inner", "Scan Direction": "Forward", "Index Name": "movie_id_movie_info", "Relation Name": "movie_info", "Alias": "mi", "Startup Cost": 0.0, "Total Cost": 2.46, "Plan Rows": 1, "Plan Width": 8, "Actual Startup Time": 0.0, "Actual Total Time": 0.0, "Index Cond": "(movie_id = t.id)", "Rows Removed by Index Recheck": 0, "Filter": "((info)::text = ANY ('{USA,America}'::text[]))", "Rows Removed by Filter": 0}]}, {"Node Type": "Index Only Scan", "Parent Relationship": "Inner", "Scan Direction": "Forward", "Index Name": "info_type_pkey", "Relation Name": "info_type", "Alias": "it", "Startup Cost": 0.0, "Total Cost": 0.27, "Plan Rows": 1, "Plan Width": 4, "Actual Startup Time": 0.0, "Actual Total Time": 0.0, "Index Cond": "(id = mi.info_type_id)", "Rows Removed by Index Recheck": 0, "Heap Fetches": 0}]}]}, "Triggers": [], "Planner Runtime": 8.31, "Total Runtime": 960.184, "Unique SQL Id": 328306525}}, "(64, '81')": {"explain_plan": {"Plan": {"Node Type": "Aggregate", "Strategy": "Plain", "Startup Cost": 63248.6, "Total Cost": 63248.61, "Plan Rows": 1, "Plan Width": 49, "Plans": [{"Node Type": "Nested Loop", "Parent Relationship": "Outer", "Join Type": "Inner", "Startup Cost": 0.0, "Total Cost": 63248.54, "Plan Rows": 24, "Plan Width": 17, "Inner Unique": true, "Plans": [{"Node Type": "Nested Loop", "Parent Relationship": "Outer", "Join Type": "Inner", "Startup Cost": 0.0, "Total Cost": 63241.82, "Plan Rows": 24, "Plan Width": 21, "Inner Unique": false, "Plans": [{"Node Type": "Nested Loop", "Parent Relationship": "Outer", "Join Type": "Inner", "Startup Cost": 0.0, "Total Cost": 63162.83, "Plan Rows": 32, "Plan Width": 25, "Inner Unique": true, "Plans": [{"Node Type": "Nested Loop", "Parent Relationship": "Outer", "Join Type": "Inner", "Startup Cost": 0.0, "Total Cost": 62914.35, "Plan Rows": 30, "Plan Width": 4, "Inner Unique": false, "Plans": [{"Node Type": "Index Scan", "Parent Relationship": "Outer", "Scan Direction": "Forward", "Index Name": "company_type_pkey", "Relation Name": "company_type", "Alias": "ct", "Startup Cost": 0.0, "Total Cost": 12.3, "Plan Rows": 1, "Plan Width": 4, "Filter": "((kind)::text = 'production companies'::text)"}, {"Node Type": "Index Scan", "Parent Relationship": "Inner", "Scan Direction": "Forward", "Index Name": "company_type_id_movie_companies", "Relation Name": "movie_companies", "Alias": "mc", "Startup Cost": 0.0, "Total Cost": 62901.76, "Plan Rows": 29, "Plan Width": 8, "Index Cond": "(company_type_id = ct.id)", "Filter": "(((note)::text ~~ '%(VHS)%'::text) AND ((note)::text ~~ '%(USA)%'::text) AND ((note)::text ~~ '%(1994)%'::text))"}]}, {"Node Type": "Index Scan", "Parent Relationship": "Inner", "Scan Direction": "Forward", "Index Name": "title_pkey", "Relation Name": "title", "Alias": "t", "Startup Cost": 0.0, "Total Cost": 8.27, "Plan Rows": 1, "Plan Width": 21, "Index Cond": "(id = mc.movie_id)", "Filter": "(production_year > 2010)"}]}, {"Node Type": "Index Scan", "Parent Relationship": "Inner", "Scan Direction": "Forward", "Index Name": "movie_id_movie_info", "Relation Name": "movie_info", "Alias": "mi", "Startup Cost": 0.0, "Total Cost": 2.46, "Plan Rows": 1, "Plan Width": 8, "Index Cond": "(movie_id = t.id)", "Filter": "((info)::text = ANY ('{USA,America}'::text[]))"}]}, {"Node Type": "Index Only Scan", "Parent Relationship": "Inner", "Scan Direction": "Forward", "Index Name": "info_type_pkey", "Relation Name": "info_type", "Alias": "it", "Startup Cost": 0.0, "Total Cost": 0.27, "Plan Rows": 1, "Plan Width": 4, "Index Cond": "(id = mi.info_type_id)"}]}]}, "Unique SQL Id": 328306525, "Planner Runtime": 7}, "explain_analyze_plan": {"Plan": {"Node Type": "Aggregate", "Strategy": "Plain", "Startup Cost": 63248.6, "Total Cost": 63248.61, "Plan Rows": 1, "Plan Width": 49, "Actual Startup Time": 712.178, "Actual Total Time": 712.179, "Actual Rows": 1, "Actual Loops": 1, "Plans": [{"Node Type": "Nested Loop", "Parent Relationship": "Outer", "Join Type": "Inner", "Startup Cost": 0.0, "Total Cost": 63248.54, "Plan Rows": 24, "Plan Width": 17, "Actual Startup Time": 712.172, "Actual Total Time": 712.172, "Actual Rows": 0, "Actual Loops": 1, "Inner Unique": true, "Plans": [{"Node Type": "Nested Loop", "Parent Relationship": "Outer", "Join Type": "Inner", "Startup Cost": 0.0, "Total Cost": 63241.82, "Plan Rows": 24, "Plan Width": 21, "Actual Startup Time": 712.17, "Actual Total Time": 712.17, "Actual Rows": 0, "Actual Loops": 1, "Inner Unique": false, "Plans": [{"Node Type": "Nested Loop", "Parent Relationship": "Outer", "Join Type": "Inner", "Startup Cost": 0.0, "Total Cost": 63162.83, "Plan Rows": 32, "Plan Width": 25, "Actual Startup Time": 712.168, "Actual Total Time": 712.168, "Actual Rows": 0, "Actual Loops": 1, "Inner Unique": true, "Plans": [{"Node Type": "Nested Loop", "Parent Relationship": "Outer", "Join Type": "Inner", "Startup Cost": 0.0, "Total Cost": 62914.35, "Plan Rows": 30, "Plan Width": 4, "Actual Startup Time": 712.166, "Actual Total Time": 712.166, "Actual Rows": 0, "Actual Loops": 1, "Inner Unique": false, "Plans": [{"Node Type": "Index Scan", "Parent Relationship": "Outer", "Scan Direction": "Forward", "Index Name": "company_type_pkey", "Relation Name": "company_type", "Alias": "ct", "Startup Cost": 0.0, "Total Cost": 12.3, "Plan Rows": 1, "Plan Width": 4, "Actual Startup Time": 0.013, "Actual Total Time": 0.024, "Actual Rows": 1, "Actual Loops": 1, "Filter": "((kind)::text = 'production companies'::text)", "Rows Removed by Filter": 2}, {"Node Type": "Index Scan", "Parent Relationship": "Inner", "Scan Direction": "Forward", "Index Name": "company_type_id_movie_companies", "Relation Name": "movie_companies", "Alias": "mc", "Startup Cost": 0.0, "Total Cost": 62901.76, "Plan Rows": 29, "Plan Width": 8, "Actual Startup Time": 712.136, "Actual Total Time": 712.136, "Actual Rows": 0, "Actual Loops": 1, "Index Cond": "(company_type_id = ct.id)", "Rows Removed by Index Recheck": 0, "Filter": "(((note)::text ~~ '%(VHS)%'::text) AND ((note)::text ~~ '%(USA)%'::text) AND ((note)::text ~~ '%(1994)%'::text))", "Rows Removed by Filter": 1334883}]}, {"Node Type": "Index Scan", "Parent Relationship": "Inner", "Scan Direction": "Forward", "Index Name": "title_pkey", "Relation Name": "title", "Alias": "t", "Startup Cost": 0.0, "Total Cost": 8.27, "Plan Rows": 1, "Plan Width": 21, "Actual Startup Time": 0.0, "Actual Total Time": 0.0, "Index Cond": "(id = mc.movie_id)", "Rows Removed by Index Recheck": 0, "Filter": "(production_year > 2010)", "Rows Removed by Filter": 0}]}, {"Node Type": "Index Scan", "Parent Relationship": "Inner", "Scan Direction": "Forward", "Index Name": "movie_id_movie_info", "Relation Name": "movie_info", "Alias": "mi", "Startup Cost": 0.0, "Total Cost": 2.46, "Plan Rows": 1, "Plan Width": 8, "Actual Startup Time": 0.0, "Actual Total Time": 0.0, "Index Cond": "(movie_id = t.id)", "Rows Removed by Index Recheck": 0, "Filter": "((info)::text = ANY ('{USA,America}'::text[]))", "Rows Removed by Filter": 0}]}, {"Node Type": "Index Only Scan", "Parent Relationship": "Inner", "Scan Direction": "Forward", "Index Name": "info_type_pkey", "Relation Name": "info_type", "Alias": "it", "Startup Cost": 0.0, "Total Cost": 0.27, "Plan Rows": 1, "Plan Width": 4, "Actual Startup Time": 0.0, "Actual Total Time": 0.0, "Index Cond": "(id = mi.info_type_id)", "Rows Removed by Index Recheck": 0, "Heap Fetches": 0}]}]}, "Triggers": [], "Planner Runtime": 9.362, "Total Runtime": 712.43, "Unique SQL Id": 328306525}}, "(64, '82')": {"explain_plan": {"Plan": {"Node Type": "Aggregate", "Strategy": "Plain", "Startup Cost": 62363.9, "Total Cost": 62363.91, "Plan Rows": 1, "Plan Width": 49, "Plans": [{"Node Type": "Nested Loop", "Parent Relationship": "Outer", "Join Type": "Inner", "Startup Cost": 61393.53, "Total Cost": 62363.84, "Plan Rows": 24, "Plan Width": 17, "Inner Unique": true, "Plans": [{"Node Type": "Nested Loop", "Parent Relationship": "Outer", "Join Type": "Inner", "Startup Cost": 61393.28, "Total Cost": 62261.11, "Plan Rows": 24, "Plan Width": 21, "Inner Unique": true, "Plans": [{"Node Type": "Nested Loop", "Parent Relationship": "Outer", "Join Type": "Inner", "Startup Cost": 61392.96, "Total Cost": 62117.69, "Plan Rows": 33, "Plan Width": 12, "Inner Unique": false, "Plans": [{"Node Type": "Merge Join", "Parent Relationship": "Outer", "Join Type": "Inner", "Startup Cost": 61388.67, "Total Cost": 61389.13, "Plan Rows": 30, "Plan Width": 4, "Inner Unique": false, "Merge Cond": "(ct.id = mc.company_type_id)", "Plans": [{"Node Type": "Sort", "Parent Relationship": "Outer", "Startup Cost": 1.05, "Total Cost": 1.05, "Plan Rows": 1, "Plan Width": 4, "Sort Key": ["ct.id"], "Plans": [{"Node Type": "Seq Scan", "Parent Relationship": "Outer", "Relation Name": "company_type", "Alias": "ct", "Startup Cost": 0.0, "Total Cost": 1.04, "Plan Rows": 1, "Plan Width": 4, "Filter": "((kind)::text = 'production companies'::text)"}]}, {"Node Type": "Sort", "Parent Relationship": "Inner", "Startup Cost": 61387.48, "Total Cost": 61387.62, "Plan Rows": 59, "Plan Width": 8, "Sort Key": ["mc.company_type_id"], "Plans": [{"Node Type": "Seq Scan", "Parent Relationship": "Outer", "Relation Name": "movie_companies", "Alias": "mc", "Startup Cost": 0.0, "Total Cost": 61385.74, "Plan Rows": 59, "Plan Width": 8, "Filter": "(((note)::text ~~ '%(VHS)%'::text) AND ((note)::text ~~ '%(USA)%'::text) AND ((note)::text ~~ '%(1994)%'::text))"}]}]}, {"Node Type": "Bitmap Heap Scan", "Parent Relationship": "Inner", "Relation Name": "movie_info", "Alias": "mi", "Startup Cost": 4.29, "Total Cost": 24.28, "Plan Rows": 1, "Plan Width": 8, "Recheck Cond": "(movie_id = mc.movie_id)", "Filter": "((info)::text = ANY ('{USA,America}'::text[]))", "Plans": [{"Node Type": "Bitmap Index Scan", "Parent Relationship": "Outer", "Index Name": "movie_id_movie_info", "Startup Cost": 0.0, "Total Cost": 4.29, "Plan Rows": 5, "Plan Width": 0, "Index Cond": "(movie_id = mc.movie_id)"}]}]}, {"Node Type": "Bitmap Heap Scan", "Parent Relationship": "Inner", "Relation Name": "title", "Alias": "t", "Startup Cost": 0.32, "Total Cost": 4.34, "Plan Rows": 1, "Plan Width": 21, "Recheck Cond": "(id = mi.movie_id)", "Filter": "(production_year > 2010)", "Plans": [{"Node Type": "Bitmap Index Scan", "Parent Relationship": "Outer", "Index Name": "title_pkey", "Startup Cost": 0.0, "Total Cost": 0.32, "Plan Rows": 1, "Plan Width": 0, "Index Cond": "(id = mi.movie_id)"}]}]}, {"Node Type": "Bitmap Heap Scan", "Parent Relationship": "Inner", "Relation Name": "info_type", "Alias": "it", "Startup Cost": 0.26, "Total Cost": 4.27, "Plan Rows": 1, "Plan Width": 4, "Recheck Cond": "(id = mi.info_type_id)", "Plans": [{"Node Type": "Bitmap Index Scan", "Parent Relationship": "Outer", "Index Name": "info_type_pkey", "Startup Cost": 0.0, "Total Cost": 0.26, "Plan Rows": 1, "Plan Width": 0, "Index Cond": "(id = mi.info_type_id)"}]}]}]}, "Unique SQL Id": 328306525, "Planner Runtime": 7}, "explain_analyze_plan": {"Plan": {"Node Type": "Aggregate", "Strategy": "Plain", "Startup Cost": 62363.9, "Total Cost": 62363.91, "Plan Rows": 1, "Plan Width": 49, "Actual Startup Time": 956.903, "Actual Total Time": 956.903, "Actual Rows": 1, "Actual Loops": 1, "Plans": [{"Node Type": "Nested Loop", "Parent Relationship": "Outer", "Join Type": "Inner", "Startup Cost": 61393.53, "Total Cost": 62363.84, "Plan Rows": 24, "Plan Width": 17, "Actual Startup Time": 956.894, "Actual Total Time": 956.894, "Actual Rows": 0, "Actual Loops": 1, "Inner Unique": true, "Plans": [{"Node Type": "Nested Loop", "Parent Relationship": "Outer", "Join Type": "Inner", "Startup Cost": 61393.28, "Total Cost": 62261.11, "Plan Rows": 24, "Plan Width": 21, "Actual Startup Time": 956.894, "Actual Total Time": 956.894, "Actual Rows": 0, "Actual Loops": 1, "Inner Unique": true, "Plans": [{"Node Type": "Nested Loop", "Parent Relationship": "Outer", "Join Type": "Inner", "Startup Cost": 61392.96, "Total Cost": 62117.69, "Plan Rows": 33, "Plan Width": 12, "Actual Startup Time": 956.893, "Actual Total Time": 956.893, "Actual Rows": 0, "Actual Loops": 1, "Inner Unique": false, "Plans": [{"Node Type": "Merge Join", "Parent Relationship": "Outer", "Join Type": "Inner", "Startup Cost": 61388.67, "Total Cost": 61389.13, "Plan Rows": 30, "Plan Width": 4, "Actual Startup Time": 956.89, "Actual Total Time": 956.89, "Actual Rows": 0, "Actual Loops": 1, "Inner Unique": false, "Merge Cond": "(ct.id = mc.company_type_id)", "Plans": [{"Node Type": "Sort", "Parent Relationship": "Outer", "Startup Cost": 1.05, "Total Cost": 1.05, "Plan Rows": 1, "Plan Width": 4, "Actual Startup Time": 0.029, "Actual Total Time": 0.029, "Actual Rows": 1, "Actual Loops": 1, "Sort Key": ["ct.id"], "Sort Method": "quicksort", "Sort Space Used": 25, "Sort Space Type": "Memory", "Plans": [{"Node Type": "Seq Scan", "Parent Relationship": "Outer", "Relation Name": "company_type", "Alias": "ct", "Startup Cost": 0.0, "Total Cost": 1.04, "Plan Rows": 1, "Plan Width": 4, "Actual Startup Time": 0.014, "Actual Total Time": 0.017, "Actual Rows": 1, "Actual Loops": 1, "Filter": "((kind)::text = 'production companies'::text)", "Rows Removed by Filter": 2}]}, {"Node Type": "Sort", "Parent Relationship": "Inner", "Startup Cost": 61387.48, "Total Cost": 61387.62, "Plan Rows": 59, "Plan Width": 8, "Actual Startup Time": 956.469, "Actual Total Time": 956.659, "Actual Rows": 1418, "Actual Loops": 1, "Sort Key": ["mc.company_type_id"], "Sort Method": "quicksort", "Sort Space Used": 137, "Sort Space Type": "Memory", "Plans": [{"Node Type": "Seq Scan", "Parent Relationship": "Outer", "Relation Name": "movie_companies", "Alias": "mc", "Startup Cost": 0.0, "Total Cost": 61385.74, "Plan Rows": 59, "Plan Width": 8, "Actual Startup Time": 3.983, "Actual Total Time": 955.84, "Actual Rows": 1418, "Actual Loops": 1, "Filter": "(((note)::text ~~ '%(VHS)%'::text) AND ((note)::text ~~ '%(USA)%'::text) AND ((note)::text ~~ '%(1994)%'::text))", "Rows Removed by Filter": 2607710}]}]}, {"Node Type": "Bitmap Heap Scan", "Parent Relationship": "Inner", "Relation Name": "movie_info", "Alias": "mi", "Startup Cost": 4.29, "Total Cost": 24.28, "Plan Rows": 1, "Plan Width": 8, "Actual Startup Time": 0.0, "Actual Total Time": 0.0, "Recheck Cond": "(movie_id = mc.movie_id)", "Rows Removed by Index Recheck": 0, "Filter": "((info)::text = ANY ('{USA,America}'::text[]))", "Rows Removed by Filter": 0, "Exact Heap Blocks": 0, "Lossy Heap Blocks": 0, "Plans": [{"Node Type": "Bitmap Index Scan", "Parent Relationship": "Outer", "Index Name": "movie_id_movie_info", "Startup Cost": 0.0, "Total Cost": 4.29, "Plan Rows": 5, "Plan Width": 0, "Actual Startup Time": 0.0, "Actual Total Time": 0.0, "Index Cond": "(movie_id = mc.movie_id)"}]}]}, {"Node Type": "Bitmap Heap Scan", "Parent Relationship": "Inner", "Relation Name": "title", "Alias": "t", "Startup Cost": 0.32, "Total Cost": 4.34, "Plan Rows": 1, "Plan Width": 21, "Actual Startup Time": 0.0, "Actual Total Time": 0.0, "Recheck Cond": "(id = mi.movie_id)", "Rows Removed by Index Recheck": 0, "Filter": "(production_year > 2010)", "Rows Removed by Filter": 0, "Exact Heap Blocks": 0, "Lossy Heap Blocks": 0, "Plans": [{"Node Type": "Bitmap Index Scan", "Parent Relationship": "Outer", "Index Name": "title_pkey", "Startup Cost": 0.0, "Total Cost": 0.32, "Plan Rows": 1, "Plan Width": 0, "Actual Startup Time": 0.0, "Actual Total Time": 0.0, "Index Cond": "(id = mi.movie_id)"}]}]}, {"Node Type": "Bitmap Heap Scan", "Parent Relationship": "Inner", "Relation Name": "info_type", "Alias": "it", "Startup Cost": 0.26, "Total Cost": 4.27, "Plan Rows": 1, "Plan Width": 4, "Actual Startup Time": 0.0, "Actual Total Time": 0.0, "Recheck Cond": "(id = mi.info_type_id)", "Rows Removed by Index Recheck": 0, "Exact Heap Blocks": 0, "Lossy Heap Blocks": 0, "Plans": [{"Node Type": "Bitmap Index Scan", "Parent Relationship": "Outer", "Index Name": "info_type_pkey", "Startup Cost": 0.0, "Total Cost": 0.26, "Plan Rows": 1, "Plan Width": 0, "Actual Startup Time": 0.0, "Actual Total Time": 0.0, "Index Cond": "(id = mi.info_type_id)"}]}]}]}, "Triggers": [], "Planner Runtime": 7.59, "Total Runtime": 957.155, "Unique SQL Id": 328306525}}, "(64, '83')": {"explain_plan": {"Plan": {"Node Type": "Aggregate", "Strategy": "Plain", "Startup Cost": 71749.13, "Total Cost": 71749.14, "Plan Rows": 1, "Plan Width": 49, "Plans": [{"Node Type": "Nested Loop", "Parent Relationship": "Outer", "Join Type": "Inner", "Startup Cost": 28957.62, "Total Cost": 71749.07, "Plan Rows": 24, "Plan Width": 17, "Inner Unique": true, "Plans": [{"Node Type": "Nested Loop", "Parent Relationship": "Outer", "Join Type": "Inner", "Startup Cost": 28957.36, "Total Cost": 71646.35, "Plan Rows": 24, "Plan Width": 21, "Inner Unique": true, "Plans": [{"Node Type": "Nested Loop", "Parent Relationship": "Outer", "Join Type": "Inner", "Startup Cost": 28957.04, "Total Cost": 71502.93, "Plan Rows": 33, "Plan Width": 12, "Inner Unique": false, "Plans": [{"Node Type": "Nested Loop", "Parent Relationship": "Outer", "Join Type": "Inner", "Startup Cost": 28952.75, "Total Cost": 70774.36, "Plan Rows": 30, "Plan Width": 4, "Inner Unique": false, "Plans": [{"Node Type": "Bitmap Heap Scan", "Parent Relationship": "Outer", "Relation Name": "company_type", "Alias": "ct", "Startup Cost": 8.27, "Total Cost": 12.3, "Plan Rows": 1, "Plan Width": 4, "Filter": "((kind)::text = 'production companies'::text)", "Plans": [{"Node Type": "Bitmap Index Scan", "Parent Relationship": "Outer", "Index Name": "company_type_pkey", "Startup Cost": 0.0, "Total Cost": 8.27, "Plan Rows": 3, "Plan Width": 0}]}, {"Node Type": "Bitmap Heap Scan", "Parent Relationship": "Inner", "Relation Name": "movie_companies", "Alias": "mc", "Startup Cost": 28944.49, "Total Cost": 70761.77, "Plan Rows": 29, "Plan Width": 8, "Recheck Cond": "(company_type_id = ct.id)", "Filter": "(((note)::text ~~ '%(VHS)%'::text) AND ((note)::text ~~ '%(USA)%'::text) AND ((note)::text ~~ '%(1994)%'::text))", "Plans": [{"Node Type": "Bitmap Index Scan", "Parent Relationship": "Outer", "Index Name": "company_type_id_movie_companies", "Startup Cost": 0.0, "Total Cost": 28944.48, "Plan Rows": 1304564, "Plan Width": 0, "Index Cond": "(company_type_id = ct.id)"}]}]}, {"Node Type": "Bitmap Heap Scan", "Parent Relationship": "Inner", "Relation Name": "movie_info", "Alias": "mi", "Startup Cost": 4.29, "Total Cost": 24.28, "Plan Rows": 1, "Plan Width": 8, "Recheck Cond": "(movie_id = mc.movie_id)", "Filter": "((info)::text = ANY ('{USA,America}'::text[]))", "Plans": [{"Node Type": "Bitmap Index Scan", "Parent Relationship": "Outer", "Index Name": "movie_id_movie_info", "Startup Cost": 0.0, "Total Cost": 4.29, "Plan Rows": 5, "Plan Width": 0, "Index Cond": "(movie_id = mc.movie_id)"}]}]}, {"Node Type": "Bitmap Heap Scan", "Parent Relationship": "Inner", "Relation Name": "title", "Alias": "t", "Startup Cost": 0.32, "Total Cost": 4.34, "Plan Rows": 1, "Plan Width": 21, "Recheck Cond": "(id = mi.movie_id)", "Filter": "(production_year > 2010)", "Plans": [{"Node Type": "Bitmap Index Scan", "Parent Relationship": "Outer", "Index Name": "title_pkey", "Startup Cost": 0.0, "Total Cost": 0.32, "Plan Rows": 1, "Plan Width": 0, "Index Cond": "(id = mi.movie_id)"}]}]}, {"Node Type": "Bitmap Heap Scan", "Parent Relationship": "Inner", "Relation Name": "info_type", "Alias": "it", "Startup Cost": 0.26, "Total Cost": 4.27, "Plan Rows": 1, "Plan Width": 4, "Recheck Cond": "(id = mi.info_type_id)", "Plans": [{"Node Type": "Bitmap Index Scan", "Parent Relationship": "Outer", "Index Name": "info_type_pkey", "Startup Cost": 0.0, "Total Cost": 0.26, "Plan Rows": 1, "Plan Width": 0, "Index Cond": "(id = mi.info_type_id)"}]}]}]}, "Unique SQL Id": 328306525, "Planner Runtime": 7}, "explain_analyze_plan": {"Plan": {"Node Type": "Aggregate", "Strategy": "Plain", "Startup Cost": 71749.13, "Total Cost": 71749.14, "Plan Rows": 1, "Plan Width": 49, "Actual Startup Time": 576.153, "Actual Total Time": 576.154, "Actual Rows": 1, "Actual Loops": 1, "Plans": [{"Node Type": "Nested Loop", "Parent Relationship": "Outer", "Join Type": "Inner", "Startup Cost": 28957.62, "Total Cost": 71749.07, "Plan Rows": 24, "Plan Width": 17, "Actual Startup Time": 576.145, "Actual Total Time": 576.145, "Actual Rows": 0, "Actual Loops": 1, "Inner Unique": true, "Plans": [{"Node Type": "Nested Loop", "Parent Relationship": "Outer", "Join Type": "Inner", "Startup Cost": 28957.36, "Total Cost": 71646.35, "Plan Rows": 24, "Plan Width": 21, "Actual Startup Time": 576.144, "Actual Total Time": 576.144, "Actual Rows": 0, "Actual Loops": 1, "Inner Unique": true, "Plans": [{"Node Type": "Nested Loop", "Parent Relationship": "Outer", "Join Type": "Inner", "Startup Cost": 28957.04, "Total Cost": 71502.93, "Plan Rows": 33, "Plan Width": 12, "Actual Startup Time": 576.143, "Actual Total Time": 576.143, "Actual Rows": 0, "Actual Loops": 1, "Inner Unique": false, "Plans": [{"Node Type": "Nested Loop", "Parent Relationship": "Outer", "Join Type": "Inner", "Startup Cost": 28952.75, "Total Cost": 70774.36, "Plan Rows": 30, "Plan Width": 4, "Actual Startup Time": 576.141, "Actual Total Time": 576.141, "Actual Rows": 0, "Actual Loops": 1, "Inner Unique": false, "Plans": [{"Node Type": "Bitmap Heap Scan", "Parent Relationship": "Outer", "Relation Name": "company_type", "Alias": "ct", "Startup Cost": 8.27, "Total Cost": 12.3, "Plan Rows": 1, "Plan Width": 4, "Actual Startup Time": 0.029, "Actual Total Time": 0.034, "Actual Rows": 1, "Actual Loops": 1, "Filter": "((kind)::text = 'production companies'::text)", "Rows Removed by Filter": 2, "Exact Heap Blocks": 1, "Lossy Heap Blocks": 1, "Plans": [{"Node Type": "Bitmap Index Scan", "Parent Relationship": "Outer", "Index Name": "company_type_pkey", "Startup Cost": 0.0, "Total Cost": 8.27, "Plan Rows": 3, "Plan Width": 0, "Actual Startup Time": 0.009, "Actual Total Time": 0.009, "Actual Rows": 3, "Actual Loops": 1}]}, {"Node Type": "Bitmap Heap Scan", "Parent Relationship": "Inner", "Relation Name": "movie_companies", "Alias": "mc", "Startup Cost": 28944.49, "Total Cost": 70761.77, "Plan Rows": 29, "Plan Width": 8, "Actual Startup Time": 576.098, "Actual Total Time": 576.098, "Actual Rows": 0, "Actual Loops": 1, "Recheck Cond": "(company_type_id = ct.id)", "Rows Removed by Index Recheck": 0, "Filter": "(((note)::text ~~ '%(VHS)%'::text) AND ((note)::text ~~ '%(USA)%'::text) AND ((note)::text ~~ '%(1994)%'::text))", "Rows Removed by Filter": 1334883, "Exact Heap Blocks": 6196, "Lossy Heap Blocks": 6196, "Plans": [{"Node Type": "Bitmap Index Scan", "Parent Relationship": "Outer", "Index Name": "company_type_id_movie_companies", "Startup Cost": 0.0, "Total Cost": 28944.48, "Plan Rows": 1304564, "Plan Width": 0, "Actual Startup Time": 146.94, "Actual Total Time": 146.94, "Actual Rows": 1334883, "Actual Loops": 1, "Index Cond": "(company_type_id = ct.id)"}]}]}, {"Node Type": "Bitmap Heap Scan", "Parent Relationship": "Inner", "Relation Name": "movie_info", "Alias": "mi", "Startup Cost": 4.29, "Total Cost": 24.28, "Plan Rows": 1, "Plan Width": 8, "Actual Startup Time": 0.0, "Actual Total Time": 0.0, "Recheck Cond": "(movie_id = mc.movie_id)", "Rows Removed by Index Recheck": 0, "Filter": "((info)::text = ANY ('{USA,America}'::text[]))", "Rows Removed by Filter": 0, "Exact Heap Blocks": 0, "Lossy Heap Blocks": 0, "Plans": [{"Node Type": "Bitmap Index Scan", "Parent Relationship": "Outer", "Index Name": "movie_id_movie_info", "Startup Cost": 0.0, "Total Cost": 4.29, "Plan Rows": 5, "Plan Width": 0, "Actual Startup Time": 0.0, "Actual Total Time": 0.0, "Index Cond": "(movie_id = mc.movie_id)"}]}]}, {"Node Type": "Bitmap Heap Scan", "Parent Relationship": "Inner", "Relation Name": "title", "Alias": "t", "Startup Cost": 0.32, "Total Cost": 4.34, "Plan Rows": 1, "Plan Width": 21, "Actual Startup Time": 0.0, "Actual Total Time": 0.0, "Recheck Cond": "(id = mi.movie_id)", "Rows Removed by Index Recheck": 0, "Filter": "(production_year > 2010)", "Rows Removed by Filter": 0, "Exact Heap Blocks": 0, "Lossy Heap Blocks": 0, "Plans": [{"Node Type": "Bitmap Index Scan", "Parent Relationship": "Outer", "Index Name": "title_pkey", "Startup Cost": 0.0, "Total Cost": 0.32, "Plan Rows": 1, "Plan Width": 0, "Actual Startup Time": 0.0, "Actual Total Time": 0.0, "Index Cond": "(id = mi.movie_id)"}]}]}, {"Node Type": "Bitmap Heap Scan", "Parent Relationship": "Inner", "Relation Name": "info_type", "Alias": "it", "Startup Cost": 0.26, "Total Cost": 4.27, "Plan Rows": 1, "Plan Width": 4, "Actual Startup Time": 0.0, "Actual Total Time": 0.0, "Recheck Cond": "(id = mi.info_type_id)", "Rows Removed by Index Recheck": 0, "Exact Heap Blocks": 0, "Lossy Heap Blocks": 0, "Plans": [{"Node Type": "Bitmap Index Scan", "Parent Relationship": "Outer", "Index Name": "info_type_pkey", "Startup Cost": 0.0, "Total Cost": 0.26, "Plan Rows": 1, "Plan Width": 0, "Actual Startup Time": 0.0, "Actual Total Time": 0.0, "Index Cond": "(id = mi.info_type_id)"}]}]}]}, "Triggers": [], "Planner Runtime": 8.36, "Total Runtime": 576.478, "Unique SQL Id": 328306525}}, "(64, '84')": {"explain_plan": {"Plan": {"Node Type": "Aggregate", "Strategy": "Plain", "Startup Cost": 61748.65, "Total Cost": 61748.66, "Plan Rows": 1, "Plan Width": 49, "Plans": [{"Node Type": "Nested Loop", "Parent Relationship": "Outer", "Join Type": "Inner", "Startup Cost": 0.0, "Total Cost": 61748.59, "Plan Rows": 24, "Plan Width": 17, "Inner Unique": true, "Plans": [{"Node Type": "Nested Loop", "Parent Relationship": "Outer", "Join Type": "Inner", "Startup Cost": 0.0, "Total Cost": 61741.87, "Plan Rows": 24, "Plan Width": 21, "Inner Unique": false, "Plans": [{"Node Type": "Nested Loop", "Parent Relationship": "Outer", "Join Type": "Inner", "Startup Cost": 0.0, "Total Cost": 61662.88, "Plan Rows": 32, "Plan Width": 25, "Inner Unique": true, "Plans": [{"Node Type": "Nested Loop", "Parent Relationship": "Outer", "Join Type": "Inner", "Startup Cost": 0.0, "Total Cost": 61414.41, "Plan Rows": 30, "Plan Width": 4, "Inner Unique": true, "Plans": [{"Node Type": "Seq Scan", "Parent Relationship": "Outer", "Relation Name": "movie_companies", "Alias": "mc", "Startup Cost": 0.0, "Total Cost": 61385.74, "Plan Rows": 59, "Plan Width": 8, "Filter": "(((note)::text ~~ '%(VHS)%'::text) AND ((note)::text ~~ '%(USA)%'::text) AND ((note)::text ~~ '%(1994)%'::text))"}, {"Node Type": "Index Scan", "Parent Relationship": "Inner", "Scan Direction": "Forward", "Index Name": "company_type_pkey", "Relation Name": "company_type", "Alias": "ct", "Startup Cost": 0.0, "Total Cost": 0.48, "Plan Rows": 1, "Plan Width": 4, "Index Cond": "(id = mc.company_type_id)", "Filter": "((kind)::text = 'production companies'::text)"}]}, {"Node Type": "Index Scan", "Parent Relationship": "Inner", "Scan Direction": "Forward", "Index Name": "title_pkey", "Relation Name": "title", "Alias": "t", "Startup Cost": 0.0, "Total Cost": 8.27, "Plan Rows": 1, "Plan Width": 21, "Index Cond": "(id = mc.movie_id)", "Filter": "(production_year > 2010)"}]}, {"Node Type": "Index Scan", "Parent Relationship": "Inner", "Scan Direction": "Forward", "Index Name": "movie_id_movie_info", "Relation Name": "movie_info", "Alias": "mi", "Startup Cost": 0.0, "Total Cost": 2.46, "Plan Rows": 1, "Plan Width": 8, "Index Cond": "(movie_id = t.id)", "Filter": "((info)::text = ANY ('{USA,America}'::text[]))"}]}, {"Node Type": "Index Scan", "Parent Relationship": "Inner", "Scan Direction": "Forward", "Index Name": "info_type_pkey", "Relation Name": "info_type", "Alias": "it", "Startup Cost": 0.0, "Total Cost": 0.27, "Plan Rows": 1, "Plan Width": 4, "Index Cond": "(id = mi.info_type_id)"}]}]}, "Unique SQL Id": 328306525, "Planner Runtime": 7}, "explain_analyze_plan": {"Plan": {"Node Type": "Aggregate", "Strategy": "Plain", "Startup Cost": 61748.65, "Total Cost": 61748.66, "Plan Rows": 1, "Plan Width": 49, "Actual Startup Time": 966.213, "Actual Total Time": 966.214, "Actual Rows": 1, "Actual Loops": 1, "Plans": [{"Node Type": "Nested Loop", "Parent Relationship": "Outer", "Join Type": "Inner", "Startup Cost": 0.0, "Total Cost": 61748.59, "Plan Rows": 24, "Plan Width": 17, "Actual Startup Time": 966.205, "Actual Total Time": 966.205, "Actual Rows": 0, "Actual Loops": 1, "Inner Unique": true, "Plans": [{"Node Type": "Nested Loop", "Parent Relationship": "Outer", "Join Type": "Inner", "Startup Cost": 0.0, "Total Cost": 61741.87, "Plan Rows": 24, "Plan Width": 21, "Actual Startup Time": 966.203, "Actual Total Time": 966.203, "Actual Rows": 0, "Actual Loops": 1, "Inner Unique": false, "Plans": [{"Node Type": "Nested Loop", "Parent Relationship": "Outer", "Join Type": "Inner", "Startup Cost": 0.0, "Total Cost": 61662.88, "Plan Rows": 32, "Plan Width": 25, "Actual Startup Time": 966.203, "Actual Total Time": 966.203, "Actual Rows": 0, "Actual Loops": 1, "Inner Unique": true, "Plans": [{"Node Type": "Nested Loop", "Parent Relationship": "Outer", "Join Type": "Inner", "Startup Cost": 0.0, "Total Cost": 61414.41, "Plan Rows": 30, "Plan Width": 4, "Actual Startup Time": 966.201, "Actual Total Time": 966.201, "Actual Rows": 0, "Actual Loops": 1, "Inner Unique": true, "Plans": [{"Node Type": "Seq Scan", "Parent Relationship": "Outer", "Relation Name": "movie_companies", "Alias": "mc", "Startup Cost": 0.0, "Total Cost": 61385.74, "Plan Rows": 59, "Plan Width": 8, "Actual Startup Time": 4.005, "Actual Total Time": 964.385, "Actual Rows": 1418, "Actual Loops": 1, "Filter": "(((note)::text ~~ '%(VHS)%'::text) AND ((note)::text ~~ '%(USA)%'::text) AND ((note)::text ~~ '%(1994)%'::text))", "Rows Removed by Filter": 2607710}, {"Node Type": "Index Scan", "Parent Relationship": "Inner", "Scan Direction": "Forward", "Index Name": "company_type_pkey", "Relation Name": "company_type", "Alias": "ct", "Startup Cost": 0.0, "Total Cost": 0.48, "Plan Rows": 1, "Plan Width": 4, "Actual Startup Time": 0.956, "Actual Total Time": 0.956, "Actual Rows": 0, "Actual Loops": 1418, "Index Cond": "(id = mc.company_type_id)", "Rows Removed by Index Recheck": 0, "Filter": "((kind)::text = 'production companies'::text)", "Rows Removed by Filter": 0}]}, {"Node Type": "Index Scan", "Parent Relationship": "Inner", "Scan Direction": "Forward", "Index Name": "title_pkey", "Relation Name": "title", "Alias": "t", "Startup Cost": 0.0, "Total Cost": 8.27, "Plan Rows": 1, "Plan Width": 21, "Actual Startup Time": 0.0, "Actual Total Time": 0.0, "Index Cond": "(id = mc.movie_id)", "Rows Removed by Index Recheck": 0, "Filter": "(production_year > 2010)", "Rows Removed by Filter": 0}]}, {"Node Type": "Index Scan", "Parent Relationship": "Inner", "Scan Direction": "Forward", "Index Name": "movie_id_movie_info", "Relation Name": "movie_info", "Alias": "mi", "Startup Cost": 0.0, "Total Cost": 2.46, "Plan Rows": 1, "Plan Width": 8, "Actual Startup Time": 0.0, "Actual Total Time": 0.0, "Index Cond": "(movie_id = t.id)", "Rows Removed by Index Recheck": 0, "Filter": "((info)::text = ANY ('{USA,America}'::text[]))", "Rows Removed by Filter": 0}]}, {"Node Type": "Index Scan", "Parent Relationship": "Inner", "Scan Direction": "Forward", "Index Name": "info_type_pkey", "Relation Name": "info_type", "Alias": "it", "Startup Cost": 0.0, "Total Cost": 0.27, "Plan Rows": 1, "Plan Width": 4, "Actual Startup Time": 0.0, "Actual Total Time": 0.0, "Index Cond": "(id = mi.info_type_id)", "Rows Removed by Index Recheck": 0}]}]}, "Triggers": [], "Planner Runtime": 8.359, "Total Runtime": 966.465, "Unique SQL Id": 328306525}}, "(64, '85')": {"explain_plan": {"Plan": {"Node Type": "Aggregate", "Strategy": "Plain", "Startup Cost": 63248.6, "Total Cost": 63248.61, "Plan Rows": 1, "Plan Width": 49, "Plans": [{"Node Type": "Nested Loop", "Parent Relationship": "Outer", "Join Type": "Inner", "Startup Cost": 0.0, "Total Cost": 63248.54, "Plan Rows": 24, "Plan Width": 17, "Inner Unique": true, "Plans": [{"Node Type": "Nested Loop", "Parent Relationship": "Outer", "Join Type": "Inner", "Startup Cost": 0.0, "Total Cost": 63241.82, "Plan Rows": 24, "Plan Width": 21, "Inner Unique": false, "Plans": [{"Node Type": "Nested Loop", "Parent Relationship": "Outer", "Join Type": "Inner", "Startup Cost": 0.0, "Total Cost": 63162.83, "Plan Rows": 32, "Plan Width": 25, "Inner Unique": true, "Plans": [{"Node Type": "Nested Loop", "Parent Relationship": "Outer", "Join Type": "Inner", "Startup Cost": 0.0, "Total Cost": 62914.35, "Plan Rows": 30, "Plan Width": 4, "Inner Unique": false, "Plans": [{"Node Type": "Index Scan", "Parent Relationship": "Outer", "Scan Direction": "Forward", "Index Name": "company_type_pkey", "Relation Name": "company_type", "Alias": "ct", "Startup Cost": 0.0, "Total Cost": 12.3, "Plan Rows": 1, "Plan Width": 4, "Filter": "((kind)::text = 'production companies'::text)"}, {"Node Type": "Index Scan", "Parent Relationship": "Inner", "Scan Direction": "Forward", "Index Name": "company_type_id_movie_companies", "Relation Name": "movie_companies", "Alias": "mc", "Startup Cost": 0.0, "Total Cost": 62901.76, "Plan Rows": 29, "Plan Width": 8, "Index Cond": "(company_type_id = ct.id)", "Filter": "(((note)::text ~~ '%(VHS)%'::text) AND ((note)::text ~~ '%(USA)%'::text) AND ((note)::text ~~ '%(1994)%'::text))"}]}, {"Node Type": "Index Scan", "Parent Relationship": "Inner", "Scan Direction": "Forward", "Index Name": "title_pkey", "Relation Name": "title", "Alias": "t", "Startup Cost": 0.0, "Total Cost": 8.27, "Plan Rows": 1, "Plan Width": 21, "Index Cond": "(id = mc.movie_id)", "Filter": "(production_year > 2010)"}]}, {"Node Type": "Index Scan", "Parent Relationship": "Inner", "Scan Direction": "Forward", "Index Name": "movie_id_movie_info", "Relation Name": "movie_info", "Alias": "mi", "Startup Cost": 0.0, "Total Cost": 2.46, "Plan Rows": 1, "Plan Width": 8, "Index Cond": "(movie_id = t.id)", "Filter": "((info)::text = ANY ('{USA,America}'::text[]))"}]}, {"Node Type": "Index Scan", "Parent Relationship": "Inner", "Scan Direction": "Forward", "Index Name": "info_type_pkey", "Relation Name": "info_type", "Alias": "it", "Startup Cost": 0.0, "Total Cost": 0.27, "Plan Rows": 1, "Plan Width": 4, "Index Cond": "(id = mi.info_type_id)"}]}]}, "Unique SQL Id": 328306525, "Planner Runtime": 7}, "explain_analyze_plan": {"Plan": {"Node Type": "Aggregate", "Strategy": "Plain", "Startup Cost": 63248.6, "Total Cost": 63248.61, "Plan Rows": 1, "Plan Width": 49, "Actual Startup Time": 707.469, "Actual Total Time": 707.469, "Actual Rows": 1, "Actual Loops": 1, "Plans": [{"Node Type": "Nested Loop", "Parent Relationship": "Outer", "Join Type": "Inner", "Startup Cost": 0.0, "Total Cost": 63248.54, "Plan Rows": 24, "Plan Width": 17, "Actual Startup Time": 707.462, "Actual Total Time": 707.462, "Actual Rows": 0, "Actual Loops": 1, "Inner Unique": true, "Plans": [{"Node Type": "Nested Loop", "Parent Relationship": "Outer", "Join Type": "Inner", "Startup Cost": 0.0, "Total Cost": 63241.82, "Plan Rows": 24, "Plan Width": 21, "Actual Startup Time": 707.46, "Actual Total Time": 707.46, "Actual Rows": 0, "Actual Loops": 1, "Inner Unique": false, "Plans": [{"Node Type": "Nested Loop", "Parent Relationship": "Outer", "Join Type": "Inner", "Startup Cost": 0.0, "Total Cost": 63162.83, "Plan Rows": 32, "Plan Width": 25, "Actual Startup Time": 707.458, "Actual Total Time": 707.458, "Actual Rows": 0, "Actual Loops": 1, "Inner Unique": true, "Plans": [{"Node Type": "Nested Loop", "Parent Relationship": "Outer", "Join Type": "Inner", "Startup Cost": 0.0, "Total Cost": 62914.35, "Plan Rows": 30, "Plan Width": 4, "Actual Startup Time": 707.457, "Actual Total Time": 707.457, "Actual Rows": 0, "Actual Loops": 1, "Inner Unique": false, "Plans": [{"Node Type": "Index Scan", "Parent Relationship": "Outer", "Scan Direction": "Forward", "Index Name": "company_type_pkey", "Relation Name": "company_type", "Alias": "ct", "Startup Cost": 0.0, "Total Cost": 12.3, "Plan Rows": 1, "Plan Width": 4, "Actual Startup Time": 0.015, "Actual Total Time": 0.026, "Actual Rows": 1, "Actual Loops": 1, "Filter": "((kind)::text = 'production companies'::text)", "Rows Removed by Filter": 2}, {"Node Type": "Index Scan", "Parent Relationship": "Inner", "Scan Direction": "Forward", "Index Name": "company_type_id_movie_companies", "Relation Name": "movie_companies", "Alias": "mc", "Startup Cost": 0.0, "Total Cost": 62901.76, "Plan Rows": 29, "Plan Width": 8, "Actual Startup Time": 707.424, "Actual Total Time": 707.424, "Actual Rows": 0, "Actual Loops": 1, "Index Cond": "(company_type_id = ct.id)", "Rows Removed by Index Recheck": 0, "Filter": "(((note)::text ~~ '%(VHS)%'::text) AND ((note)::text ~~ '%(USA)%'::text) AND ((note)::text ~~ '%(1994)%'::text))", "Rows Removed by Filter": 1334883}]}, {"Node Type": "Index Scan", "Parent Relationship": "Inner", "Scan Direction": "Forward", "Index Name": "title_pkey", "Relation Name": "title", "Alias": "t", "Startup Cost": 0.0, "Total Cost": 8.27, "Plan Rows": 1, "Plan Width": 21, "Actual Startup Time": 0.0, "Actual Total Time": 0.0, "Index Cond": "(id = mc.movie_id)", "Rows Removed by Index Recheck": 0, "Filter": "(production_year > 2010)", "Rows Removed by Filter": 0}]}, {"Node Type": "Index Scan", "Parent Relationship": "Inner", "Scan Direction": "Forward", "Index Name": "movie_id_movie_info", "Relation Name": "movie_info", "Alias": "mi", "Startup Cost": 0.0, "Total Cost": 2.46, "Plan Rows": 1, "Plan Width": 8, "Actual Startup Time": 0.0, "Actual Total Time": 0.0, "Index Cond": "(movie_id = t.id)", "Rows Removed by Index Recheck": 0, "Filter": "((info)::text = ANY ('{USA,America}'::text[]))", "Rows Removed by Filter": 0}]}, {"Node Type": "Index Scan", "Parent Relationship": "Inner", "Scan Direction": "Forward", "Index Name": "info_type_pkey", "Relation Name": "info_type", "Alias": "it", "Startup Cost": 0.0, "Total Cost": 0.27, "Plan Rows": 1, "Plan Width": 4, "Actual Startup Time": 0.0, "Actual Total Time": 0.0, "Index Cond": "(id = mi.info_type_id)", "Rows Removed by Index Recheck": 0}]}]}, "Triggers": [], "Planner Runtime": 9.381, "Total Runtime": 707.729, "Unique SQL Id": 328306525}}, "(64, '86')": {"explain_plan": {"Plan": {"Node Type": "Aggregate", "Strategy": "Plain", "Startup Cost": 62363.9, "Total Cost": 62363.91, "Plan Rows": 1, "Plan Width": 49, "Plans": [{"Node Type": "Nested Loop", "Parent Relationship": "Outer", "Join Type": "Inner", "Startup Cost": 61393.53, "Total Cost": 62363.84, "Plan Rows": 24, "Plan Width": 17, "Inner Unique": true, "Plans": [{"Node Type": "Nested Loop", "Parent Relationship": "Outer", "Join Type": "Inner", "Startup Cost": 61393.28, "Total Cost": 62261.11, "Plan Rows": 24, "Plan Width": 21, "Inner Unique": true, "Plans": [{"Node Type": "Nested Loop", "Parent Relationship": "Outer", "Join Type": "Inner", "Startup Cost": 61392.96, "Total Cost": 62117.69, "Plan Rows": 33, "Plan Width": 12, "Inner Unique": false, "Plans": [{"Node Type": "Merge Join", "Parent Relationship": "Outer", "Join Type": "Inner", "Startup Cost": 61388.67, "Total Cost": 61389.13, "Plan Rows": 30, "Plan Width": 4, "Inner Unique": false, "Merge Cond": "(ct.id = mc.company_type_id)", "Plans": [{"Node Type": "Sort", "Parent Relationship": "Outer", "Startup Cost": 1.05, "Total Cost": 1.05, "Plan Rows": 1, "Plan Width": 4, "Sort Key": ["ct.id"], "Plans": [{"Node Type": "Seq Scan", "Parent Relationship": "Outer", "Relation Name": "company_type", "Alias": "ct", "Startup Cost": 0.0, "Total Cost": 1.04, "Plan Rows": 1, "Plan Width": 4, "Filter": "((kind)::text = 'production companies'::text)"}]}, {"Node Type": "Sort", "Parent Relationship": "Inner", "Startup Cost": 61387.48, "Total Cost": 61387.62, "Plan Rows": 59, "Plan Width": 8, "Sort Key": ["mc.company_type_id"], "Plans": [{"Node Type": "Seq Scan", "Parent Relationship": "Outer", "Relation Name": "movie_companies", "Alias": "mc", "Startup Cost": 0.0, "Total Cost": 61385.74, "Plan Rows": 59, "Plan Width": 8, "Filter": "(((note)::text ~~ '%(VHS)%'::text) AND ((note)::text ~~ '%(USA)%'::text) AND ((note)::text ~~ '%(1994)%'::text))"}]}]}, {"Node Type": "Bitmap Heap Scan", "Parent Relationship": "Inner", "Relation Name": "movie_info", "Alias": "mi", "Startup Cost": 4.29, "Total Cost": 24.28, "Plan Rows": 1, "Plan Width": 8, "Recheck Cond": "(movie_id = mc.movie_id)", "Filter": "((info)::text = ANY ('{USA,America}'::text[]))", "Plans": [{"Node Type": "Bitmap Index Scan", "Parent Relationship": "Outer", "Index Name": "movie_id_movie_info", "Startup Cost": 0.0, "Total Cost": 4.29, "Plan Rows": 5, "Plan Width": 0, "Index Cond": "(movie_id = mc.movie_id)"}]}]}, {"Node Type": "Bitmap Heap Scan", "Parent Relationship": "Inner", "Relation Name": "title", "Alias": "t", "Startup Cost": 0.32, "Total Cost": 4.34, "Plan Rows": 1, "Plan Width": 21, "Recheck Cond": "(id = mi.movie_id)", "Filter": "(production_year > 2010)", "Plans": [{"Node Type": "Bitmap Index Scan", "Parent Relationship": "Outer", "Index Name": "title_pkey", "Startup Cost": 0.0, "Total Cost": 0.32, "Plan Rows": 1, "Plan Width": 0, "Index Cond": "(id = mi.movie_id)"}]}]}, {"Node Type": "Bitmap Heap Scan", "Parent Relationship": "Inner", "Relation Name": "info_type", "Alias": "it", "Startup Cost": 0.26, "Total Cost": 4.27, "Plan Rows": 1, "Plan Width": 4, "Recheck Cond": "(id = mi.info_type_id)", "Plans": [{"Node Type": "Bitmap Index Scan", "Parent Relationship": "Outer", "Index Name": "info_type_pkey", "Startup Cost": 0.0, "Total Cost": 0.26, "Plan Rows": 1, "Plan Width": 0, "Index Cond": "(id = mi.info_type_id)"}]}]}]}, "Unique SQL Id": 328306525, "Planner Runtime": 7}, "explain_analyze_plan": {"Plan": {"Node Type": "Aggregate", "Strategy": "Plain", "Startup Cost": 62363.9, "Total Cost": 62363.91, "Plan Rows": 1, "Plan Width": 49, "Actual Startup Time": 956.903, "Actual Total Time": 956.903, "Actual Rows": 1, "Actual Loops": 1, "Plans": [{"Node Type": "Nested Loop", "Parent Relationship": "Outer", "Join Type": "Inner", "Startup Cost": 61393.53, "Total Cost": 62363.84, "Plan Rows": 24, "Plan Width": 17, "Actual Startup Time": 956.894, "Actual Total Time": 956.894, "Actual Rows": 0, "Actual Loops": 1, "Inner Unique": true, "Plans": [{"Node Type": "Nested Loop", "Parent Relationship": "Outer", "Join Type": "Inner", "Startup Cost": 61393.28, "Total Cost": 62261.11, "Plan Rows": 24, "Plan Width": 21, "Actual Startup Time": 956.894, "Actual Total Time": 956.894, "Actual Rows": 0, "Actual Loops": 1, "Inner Unique": true, "Plans": [{"Node Type": "Nested Loop", "Parent Relationship": "Outer", "Join Type": "Inner", "Startup Cost": 61392.96, "Total Cost": 62117.69, "Plan Rows": 33, "Plan Width": 12, "Actual Startup Time": 956.893, "Actual Total Time": 956.893, "Actual Rows": 0, "Actual Loops": 1, "Inner Unique": false, "Plans": [{"Node Type": "Merge Join", "Parent Relationship": "Outer", "Join Type": "Inner", "Startup Cost": 61388.67, "Total Cost": 61389.13, "Plan Rows": 30, "Plan Width": 4, "Actual Startup Time": 956.89, "Actual Total Time": 956.89, "Actual Rows": 0, "Actual Loops": 1, "Inner Unique": false, "Merge Cond": "(ct.id = mc.company_type_id)", "Plans": [{"Node Type": "Sort", "Parent Relationship": "Outer", "Startup Cost": 1.05, "Total Cost": 1.05, "Plan Rows": 1, "Plan Width": 4, "Actual Startup Time": 0.029, "Actual Total Time": 0.029, "Actual Rows": 1, "Actual Loops": 1, "Sort Key": ["ct.id"], "Sort Method": "quicksort", "Sort Space Used": 25, "Sort Space Type": "Memory", "Plans": [{"Node Type": "Seq Scan", "Parent Relationship": "Outer", "Relation Name": "company_type", "Alias": "ct", "Startup Cost": 0.0, "Total Cost": 1.04, "Plan Rows": 1, "Plan Width": 4, "Actual Startup Time": 0.014, "Actual Total Time": 0.017, "Actual Rows": 1, "Actual Loops": 1, "Filter": "((kind)::text = 'production companies'::text)", "Rows Removed by Filter": 2}]}, {"Node Type": "Sort", "Parent Relationship": "Inner", "Startup Cost": 61387.48, "Total Cost": 61387.62, "Plan Rows": 59, "Plan Width": 8, "Actual Startup Time": 956.469, "Actual Total Time": 956.659, "Actual Rows": 1418, "Actual Loops": 1, "Sort Key": ["mc.company_type_id"], "Sort Method": "quicksort", "Sort Space Used": 137, "Sort Space Type": "Memory", "Plans": [{"Node Type": "Seq Scan", "Parent Relationship": "Outer", "Relation Name": "movie_companies", "Alias": "mc", "Startup Cost": 0.0, "Total Cost": 61385.74, "Plan Rows": 59, "Plan Width": 8, "Actual Startup Time": 3.983, "Actual Total Time": 955.84, "Actual Rows": 1418, "Actual Loops": 1, "Filter": "(((note)::text ~~ '%(VHS)%'::text) AND ((note)::text ~~ '%(USA)%'::text) AND ((note)::text ~~ '%(1994)%'::text))", "Rows Removed by Filter": 2607710}]}]}, {"Node Type": "Bitmap Heap Scan", "Parent Relationship": "Inner", "Relation Name": "movie_info", "Alias": "mi", "Startup Cost": 4.29, "Total Cost": 24.28, "Plan Rows": 1, "Plan Width": 8, "Actual Startup Time": 0.0, "Actual Total Time": 0.0, "Recheck Cond": "(movie_id = mc.movie_id)", "Rows Removed by Index Recheck": 0, "Filter": "((info)::text = ANY ('{USA,America}'::text[]))", "Rows Removed by Filter": 0, "Exact Heap Blocks": 0, "Lossy Heap Blocks": 0, "Plans": [{"Node Type": "Bitmap Index Scan", "Parent Relationship": "Outer", "Index Name": "movie_id_movie_info", "Startup Cost": 0.0, "Total Cost": 4.29, "Plan Rows": 5, "Plan Width": 0, "Actual Startup Time": 0.0, "Actual Total Time": 0.0, "Index Cond": "(movie_id = mc.movie_id)"}]}]}, {"Node Type": "Bitmap Heap Scan", "Parent Relationship": "Inner", "Relation Name": "title", "Alias": "t", "Startup Cost": 0.32, "Total Cost": 4.34, "Plan Rows": 1, "Plan Width": 21, "Actual Startup Time": 0.0, "Actual Total Time": 0.0, "Recheck Cond": "(id = mi.movie_id)", "Rows Removed by Index Recheck": 0, "Filter": "(production_year > 2010)", "Rows Removed by Filter": 0, "Exact Heap Blocks": 0, "Lossy Heap Blocks": 0, "Plans": [{"Node Type": "Bitmap Index Scan", "Parent Relationship": "Outer", "Index Name": "title_pkey", "Startup Cost": 0.0, "Total Cost": 0.32, "Plan Rows": 1, "Plan Width": 0, "Actual Startup Time": 0.0, "Actual Total Time": 0.0, "Index Cond": "(id = mi.movie_id)"}]}]}, {"Node Type": "Bitmap Heap Scan", "Parent Relationship": "Inner", "Relation Name": "info_type", "Alias": "it", "Startup Cost": 0.26, "Total Cost": 4.27, "Plan Rows": 1, "Plan Width": 4, "Actual Startup Time": 0.0, "Actual Total Time": 0.0, "Recheck Cond": "(id = mi.info_type_id)", "Rows Removed by Index Recheck": 0, "Exact Heap Blocks": 0, "Lossy Heap Blocks": 0, "Plans": [{"Node Type": "Bitmap Index Scan", "Parent Relationship": "Outer", "Index Name": "info_type_pkey", "Startup Cost": 0.0, "Total Cost": 0.26, "Plan Rows": 1, "Plan Width": 0, "Actual Startup Time": 0.0, "Actual Total Time": 0.0, "Index Cond": "(id = mi.info_type_id)"}]}]}]}, "Triggers": [], "Planner Runtime": 7.59, "Total Runtime": 957.155, "Unique SQL Id": 328306525}}, "(64, '87')": {"explain_plan": {"Plan": {"Node Type": "Aggregate", "Strategy": "Plain", "Startup Cost": 71749.13, "Total Cost": 71749.14, "Plan Rows": 1, "Plan Width": 49, "Plans": [{"Node Type": "Nested Loop", "Parent Relationship": "Outer", "Join Type": "Inner", "Startup Cost": 28957.62, "Total Cost": 71749.07, "Plan Rows": 24, "Plan Width": 17, "Inner Unique": true, "Plans": [{"Node Type": "Nested Loop", "Parent Relationship": "Outer", "Join Type": "Inner", "Startup Cost": 28957.36, "Total Cost": 71646.35, "Plan Rows": 24, "Plan Width": 21, "Inner Unique": true, "Plans": [{"Node Type": "Nested Loop", "Parent Relationship": "Outer", "Join Type": "Inner", "Startup Cost": 28957.04, "Total Cost": 71502.93, "Plan Rows": 33, "Plan Width": 12, "Inner Unique": false, "Plans": [{"Node Type": "Nested Loop", "Parent Relationship": "Outer", "Join Type": "Inner", "Startup Cost": 28952.75, "Total Cost": 70774.36, "Plan Rows": 30, "Plan Width": 4, "Inner Unique": false, "Plans": [{"Node Type": "Bitmap Heap Scan", "Parent Relationship": "Outer", "Relation Name": "company_type", "Alias": "ct", "Startup Cost": 8.27, "Total Cost": 12.3, "Plan Rows": 1, "Plan Width": 4, "Filter": "((kind)::text = 'production companies'::text)", "Plans": [{"Node Type": "Bitmap Index Scan", "Parent Relationship": "Outer", "Index Name": "company_type_pkey", "Startup Cost": 0.0, "Total Cost": 8.27, "Plan Rows": 3, "Plan Width": 0}]}, {"Node Type": "Bitmap Heap Scan", "Parent Relationship": "Inner", "Relation Name": "movie_companies", "Alias": "mc", "Startup Cost": 28944.49, "Total Cost": 70761.77, "Plan Rows": 29, "Plan Width": 8, "Recheck Cond": "(company_type_id = ct.id)", "Filter": "(((note)::text ~~ '%(VHS)%'::text) AND ((note)::text ~~ '%(USA)%'::text) AND ((note)::text ~~ '%(1994)%'::text))", "Plans": [{"Node Type": "Bitmap Index Scan", "Parent Relationship": "Outer", "Index Name": "company_type_id_movie_companies", "Startup Cost": 0.0, "Total Cost": 28944.48, "Plan Rows": 1304564, "Plan Width": 0, "Index Cond": "(company_type_id = ct.id)"}]}]}, {"Node Type": "Bitmap Heap Scan", "Parent Relationship": "Inner", "Relation Name": "movie_info", "Alias": "mi", "Startup Cost": 4.29, "Total Cost": 24.28, "Plan Rows": 1, "Plan Width": 8, "Recheck Cond": "(movie_id = mc.movie_id)", "Filter": "((info)::text = ANY ('{USA,America}'::text[]))", "Plans": [{"Node Type": "Bitmap Index Scan", "Parent Relationship": "Outer", "Index Name": "movie_id_movie_info", "Startup Cost": 0.0, "Total Cost": 4.29, "Plan Rows": 5, "Plan Width": 0, "Index Cond": "(movie_id = mc.movie_id)"}]}]}, {"Node Type": "Bitmap Heap Scan", "Parent Relationship": "Inner", "Relation Name": "title", "Alias": "t", "Startup Cost": 0.32, "Total Cost": 4.34, "Plan Rows": 1, "Plan Width": 21, "Recheck Cond": "(id = mi.movie_id)", "Filter": "(production_year > 2010)", "Plans": [{"Node Type": "Bitmap Index Scan", "Parent Relationship": "Outer", "Index Name": "title_pkey", "Startup Cost": 0.0, "Total Cost": 0.32, "Plan Rows": 1, "Plan Width": 0, "Index Cond": "(id = mi.movie_id)"}]}]}, {"Node Type": "Bitmap Heap Scan", "Parent Relationship": "Inner", "Relation Name": "info_type", "Alias": "it", "Startup Cost": 0.26, "Total Cost": 4.27, "Plan Rows": 1, "Plan Width": 4, "Recheck Cond": "(id = mi.info_type_id)", "Plans": [{"Node Type": "Bitmap Index Scan", "Parent Relationship": "Outer", "Index Name": "info_type_pkey", "Startup Cost": 0.0, "Total Cost": 0.26, "Plan Rows": 1, "Plan Width": 0, "Index Cond": "(id = mi.info_type_id)"}]}]}]}, "Unique SQL Id": 328306525, "Planner Runtime": 6}, "explain_analyze_plan": {"Plan": {"Node Type": "Aggregate", "Strategy": "Plain", "Startup Cost": 71749.13, "Total Cost": 71749.14, "Plan Rows": 1, "Plan Width": 49, "Actual Startup Time": 576.153, "Actual Total Time": 576.154, "Actual Rows": 1, "Actual Loops": 1, "Plans": [{"Node Type": "Nested Loop", "Parent Relationship": "Outer", "Join Type": "Inner", "Startup Cost": 28957.62, "Total Cost": 71749.07, "Plan Rows": 24, "Plan Width": 17, "Actual Startup Time": 576.145, "Actual Total Time": 576.145, "Actual Rows": 0, "Actual Loops": 1, "Inner Unique": true, "Plans": [{"Node Type": "Nested Loop", "Parent Relationship": "Outer", "Join Type": "Inner", "Startup Cost": 28957.36, "Total Cost": 71646.35, "Plan Rows": 24, "Plan Width": 21, "Actual Startup Time": 576.144, "Actual Total Time": 576.144, "Actual Rows": 0, "Actual Loops": 1, "Inner Unique": true, "Plans": [{"Node Type": "Nested Loop", "Parent Relationship": "Outer", "Join Type": "Inner", "Startup Cost": 28957.04, "Total Cost": 71502.93, "Plan Rows": 33, "Plan Width": 12, "Actual Startup Time": 576.143, "Actual Total Time": 576.143, "Actual Rows": 0, "Actual Loops": 1, "Inner Unique": false, "Plans": [{"Node Type": "Nested Loop", "Parent Relationship": "Outer", "Join Type": "Inner", "Startup Cost": 28952.75, "Total Cost": 70774.36, "Plan Rows": 30, "Plan Width": 4, "Actual Startup Time": 576.141, "Actual Total Time": 576.141, "Actual Rows": 0, "Actual Loops": 1, "Inner Unique": false, "Plans": [{"Node Type": "Bitmap Heap Scan", "Parent Relationship": "Outer", "Relation Name": "company_type", "Alias": "ct", "Startup Cost": 8.27, "Total Cost": 12.3, "Plan Rows": 1, "Plan Width": 4, "Actual Startup Time": 0.029, "Actual Total Time": 0.034, "Actual Rows": 1, "Actual Loops": 1, "Filter": "((kind)::text = 'production companies'::text)", "Rows Removed by Filter": 2, "Exact Heap Blocks": 1, "Lossy Heap Blocks": 1, "Plans": [{"Node Type": "Bitmap Index Scan", "Parent Relationship": "Outer", "Index Name": "company_type_pkey", "Startup Cost": 0.0, "Total Cost": 8.27, "Plan Rows": 3, "Plan Width": 0, "Actual Startup Time": 0.009, "Actual Total Time": 0.009, "Actual Rows": 3, "Actual Loops": 1}]}, {"Node Type": "Bitmap Heap Scan", "Parent Relationship": "Inner", "Relation Name": "movie_companies", "Alias": "mc", "Startup Cost": 28944.49, "Total Cost": 70761.77, "Plan Rows": 29, "Plan Width": 8, "Actual Startup Time": 576.098, "Actual Total Time": 576.098, "Actual Rows": 0, "Actual Loops": 1, "Recheck Cond": "(company_type_id = ct.id)", "Rows Removed by Index Recheck": 0, "Filter": "(((note)::text ~~ '%(VHS)%'::text) AND ((note)::text ~~ '%(USA)%'::text) AND ((note)::text ~~ '%(1994)%'::text))", "Rows Removed by Filter": 1334883, "Exact Heap Blocks": 6196, "Lossy Heap Blocks": 6196, "Plans": [{"Node Type": "Bitmap Index Scan", "Parent Relationship": "Outer", "Index Name": "company_type_id_movie_companies", "Startup Cost": 0.0, "Total Cost": 28944.48, "Plan Rows": 1304564, "Plan Width": 0, "Actual Startup Time": 146.94, "Actual Total Time": 146.94, "Actual Rows": 1334883, "Actual Loops": 1, "Index Cond": "(company_type_id = ct.id)"}]}]}, {"Node Type": "Bitmap Heap Scan", "Parent Relationship": "Inner", "Relation Name": "movie_info", "Alias": "mi", "Startup Cost": 4.29, "Total Cost": 24.28, "Plan Rows": 1, "Plan Width": 8, "Actual Startup Time": 0.0, "Actual Total Time": 0.0, "Recheck Cond": "(movie_id = mc.movie_id)", "Rows Removed by Index Recheck": 0, "Filter": "((info)::text = ANY ('{USA,America}'::text[]))", "Rows Removed by Filter": 0, "Exact Heap Blocks": 0, "Lossy Heap Blocks": 0, "Plans": [{"Node Type": "Bitmap Index Scan", "Parent Relationship": "Outer", "Index Name": "movie_id_movie_info", "Startup Cost": 0.0, "Total Cost": 4.29, "Plan Rows": 5, "Plan Width": 0, "Actual Startup Time": 0.0, "Actual Total Time": 0.0, "Index Cond": "(movie_id = mc.movie_id)"}]}]}, {"Node Type": "Bitmap Heap Scan", "Parent Relationship": "Inner", "Relation Name": "title", "Alias": "t", "Startup Cost": 0.32, "Total Cost": 4.34, "Plan Rows": 1, "Plan Width": 21, "Actual Startup Time": 0.0, "Actual Total Time": 0.0, "Recheck Cond": "(id = mi.movie_id)", "Rows Removed by Index Recheck": 0, "Filter": "(production_year > 2010)", "Rows Removed by Filter": 0, "Exact Heap Blocks": 0, "Lossy Heap Blocks": 0, "Plans": [{"Node Type": "Bitmap Index Scan", "Parent Relationship": "Outer", "Index Name": "title_pkey", "Startup Cost": 0.0, "Total Cost": 0.32, "Plan Rows": 1, "Plan Width": 0, "Actual Startup Time": 0.0, "Actual Total Time": 0.0, "Index Cond": "(id = mi.movie_id)"}]}]}, {"Node Type": "Bitmap Heap Scan", "Parent Relationship": "Inner", "Relation Name": "info_type", "Alias": "it", "Startup Cost": 0.26, "Total Cost": 4.27, "Plan Rows": 1, "Plan Width": 4, "Actual Startup Time": 0.0, "Actual Total Time": 0.0, "Recheck Cond": "(id = mi.info_type_id)", "Rows Removed by Index Recheck": 0, "Exact Heap Blocks": 0, "Lossy Heap Blocks": 0, "Plans": [{"Node Type": "Bitmap Index Scan", "Parent Relationship": "Outer", "Index Name": "info_type_pkey", "Startup Cost": 0.0, "Total Cost": 0.26, "Plan Rows": 1, "Plan Width": 0, "Actual Startup Time": 0.0, "Actual Total Time": 0.0, "Index Cond": "(id = mi.info_type_id)"}]}]}]}, "Triggers": [], "Planner Runtime": 8.36, "Total Runtime": 576.478, "Unique SQL Id": 328306525}}, "(64, '88')": {"explain_plan": {"Plan": {"Node Type": "Aggregate", "Strategy": "Plain", "Startup Cost": 61748.65, "Total Cost": 61748.66, "Plan Rows": 1, "Plan Width": 49, "Plans": [{"Node Type": "Nested Loop", "Parent Relationship": "Outer", "Join Type": "Inner", "Startup Cost": 0.0, "Total Cost": 61748.59, "Plan Rows": 24, "Plan Width": 17, "Inner Unique": true, "Plans": [{"Node Type": "Nested Loop", "Parent Relationship": "Outer", "Join Type": "Inner", "Startup Cost": 0.0, "Total Cost": 61741.87, "Plan Rows": 24, "Plan Width": 21, "Inner Unique": false, "Plans": [{"Node Type": "Nested Loop", "Parent Relationship": "Outer", "Join Type": "Inner", "Startup Cost": 0.0, "Total Cost": 61662.88, "Plan Rows": 32, "Plan Width": 25, "Inner Unique": true, "Plans": [{"Node Type": "Nested Loop", "Parent Relationship": "Outer", "Join Type": "Inner", "Startup Cost": 0.0, "Total Cost": 61414.41, "Plan Rows": 30, "Plan Width": 4, "Inner Unique": true, "Plans": [{"Node Type": "Seq Scan", "Parent Relationship": "Outer", "Relation Name": "movie_companies", "Alias": "mc", "Startup Cost": 0.0, "Total Cost": 61385.74, "Plan Rows": 59, "Plan Width": 8, "Filter": "(((note)::text ~~ '%(VHS)%'::text) AND ((note)::text ~~ '%(USA)%'::text) AND ((note)::text ~~ '%(1994)%'::text))"}, {"Node Type": "Index Scan", "Parent Relationship": "Inner", "Scan Direction": "Forward", "Index Name": "company_type_pkey", "Relation Name": "company_type", "Alias": "ct", "Startup Cost": 0.0, "Total Cost": 0.48, "Plan Rows": 1, "Plan Width": 4, "Index Cond": "(id = mc.company_type_id)", "Filter": "((kind)::text = 'production companies'::text)"}]}, {"Node Type": "Index Scan", "Parent Relationship": "Inner", "Scan Direction": "Forward", "Index Name": "title_pkey", "Relation Name": "title", "Alias": "t", "Startup Cost": 0.0, "Total Cost": 8.27, "Plan Rows": 1, "Plan Width": 21, "Index Cond": "(id = mc.movie_id)", "Filter": "(production_year > 2010)"}]}, {"Node Type": "Index Scan", "Parent Relationship": "Inner", "Scan Direction": "Forward", "Index Name": "movie_id_movie_info", "Relation Name": "movie_info", "Alias": "mi", "Startup Cost": 0.0, "Total Cost": 2.46, "Plan Rows": 1, "Plan Width": 8, "Index Cond": "(movie_id = t.id)", "Filter": "((info)::text = ANY ('{USA,America}'::text[]))"}]}, {"Node Type": "Index Only Scan", "Parent Relationship": "Inner", "Scan Direction": "Forward", "Index Name": "info_type_pkey", "Relation Name": "info_type", "Alias": "it", "Startup Cost": 0.0, "Total Cost": 0.27, "Plan Rows": 1, "Plan Width": 4, "Index Cond": "(id = mi.info_type_id)"}]}]}, "Unique SQL Id": 328306525, "Planner Runtime": 6}, "explain_analyze_plan": {"Plan": {"Node Type": "Aggregate", "Strategy": "Plain", "Startup Cost": 61748.65, "Total Cost": 61748.66, "Plan Rows": 1, "Plan Width": 49, "Actual Startup Time": 959.809, "Actual Total Time": 959.81, "Actual Rows": 1, "Actual Loops": 1, "Plans": [{"Node Type": "Nested Loop", "Parent Relationship": "Outer", "Join Type": "Inner", "Startup Cost": 0.0, "Total Cost": 61748.59, "Plan Rows": 24, "Plan Width": 17, "Actual Startup Time": 959.799, "Actual Total Time": 959.799, "Actual Rows": 0, "Actual Loops": 1, "Inner Unique": true, "Plans": [{"Node Type": "Nested Loop", "Parent Relationship": "Outer", "Join Type": "Inner", "Startup Cost": 0.0, "Total Cost": 61741.87, "Plan Rows": 24, "Plan Width": 21, "Actual Startup Time": 959.798, "Actual Total Time": 959.798, "Actual Rows": 0, "Actual Loops": 1, "Inner Unique": false, "Plans": [{"Node Type": "Nested Loop", "Parent Relationship": "Outer", "Join Type": "Inner", "Startup Cost": 0.0, "Total Cost": 61662.88, "Plan Rows": 32, "Plan Width": 25, "Actual Startup Time": 959.797, "Actual Total Time": 959.797, "Actual Rows": 0, "Actual Loops": 1, "Inner Unique": true, "Plans": [{"Node Type": "Nested Loop", "Parent Relationship": "Outer", "Join Type": "Inner", "Startup Cost": 0.0, "Total Cost": 61414.41, "Plan Rows": 30, "Plan Width": 4, "Actual Startup Time": 959.796, "Actual Total Time": 959.796, "Actual Rows": 0, "Actual Loops": 1, "Inner Unique": true, "Plans": [{"Node Type": "Seq Scan", "Parent Relationship": "Outer", "Relation Name": "movie_companies", "Alias": "mc", "Startup Cost": 0.0, "Total Cost": 61385.74, "Plan Rows": 59, "Plan Width": 8, "Actual Startup Time": 3.997, "Actual Total Time": 957.979, "Actual Rows": 1418, "Actual Loops": 1, "Filter": "(((note)::text ~~ '%(VHS)%'::text) AND ((note)::text ~~ '%(USA)%'::text) AND ((note)::text ~~ '%(1994)%'::text))", "Rows Removed by Filter": 2607710}, {"Node Type": "Index Scan", "Parent Relationship": "Inner", "Scan Direction": "Forward", "Index Name": "company_type_pkey", "Relation Name": "company_type", "Alias": "ct", "Startup Cost": 0.0, "Total Cost": 0.48, "Plan Rows": 1, "Plan Width": 4, "Actual Startup Time": 0.994, "Actual Total Time": 0.994, "Actual Rows": 0, "Actual Loops": 1418, "Index Cond": "(id = mc.company_type_id)", "Rows Removed by Index Recheck": 0, "Filter": "((kind)::text = 'production companies'::text)", "Rows Removed by Filter": 0}]}, {"Node Type": "Index Scan", "Parent Relationship": "Inner", "Scan Direction": "Forward", "Index Name": "title_pkey", "Relation Name": "title", "Alias": "t", "Startup Cost": 0.0, "Total Cost": 8.27, "Plan Rows": 1, "Plan Width": 21, "Actual Startup Time": 0.0, "Actual Total Time": 0.0, "Index Cond": "(id = mc.movie_id)", "Rows Removed by Index Recheck": 0, "Filter": "(production_year > 2010)", "Rows Removed by Filter": 0}]}, {"Node Type": "Index Scan", "Parent Relationship": "Inner", "Scan Direction": "Forward", "Index Name": "movie_id_movie_info", "Relation Name": "movie_info", "Alias": "mi", "Startup Cost": 0.0, "Total Cost": 2.46, "Plan Rows": 1, "Plan Width": 8, "Actual Startup Time": 0.0, "Actual Total Time": 0.0, "Index Cond": "(movie_id = t.id)", "Rows Removed by Index Recheck": 0, "Filter": "((info)::text = ANY ('{USA,America}'::text[]))", "Rows Removed by Filter": 0}]}, {"Node Type": "Index Only Scan", "Parent Relationship": "Inner", "Scan Direction": "Forward", "Index Name": "info_type_pkey", "Relation Name": "info_type", "Alias": "it", "Startup Cost": 0.0, "Total Cost": 0.27, "Plan Rows": 1, "Plan Width": 4, "Actual Startup Time": 0.0, "Actual Total Time": 0.0, "Index Cond": "(id = mi.info_type_id)", "Rows Removed by Index Recheck": 0, "Heap Fetches": 0}]}]}, "Triggers": [], "Planner Runtime": 8.31, "Total Runtime": 960.184, "Unique SQL Id": 328306525}}, "(64, '89')": {"explain_plan": {"Plan": {"Node Type": "Aggregate", "Strategy": "Plain", "Startup Cost": 63248.6, "Total Cost": 63248.61, "Plan Rows": 1, "Plan Width": 49, "Plans": [{"Node Type": "Nested Loop", "Parent Relationship": "Outer", "Join Type": "Inner", "Startup Cost": 0.0, "Total Cost": 63248.54, "Plan Rows": 24, "Plan Width": 17, "Inner Unique": true, "Plans": [{"Node Type": "Nested Loop", "Parent Relationship": "Outer", "Join Type": "Inner", "Startup Cost": 0.0, "Total Cost": 63241.82, "Plan Rows": 24, "Plan Width": 21, "Inner Unique": false, "Plans": [{"Node Type": "Nested Loop", "Parent Relationship": "Outer", "Join Type": "Inner", "Startup Cost": 0.0, "Total Cost": 63162.83, "Plan Rows": 32, "Plan Width": 25, "Inner Unique": true, "Plans": [{"Node Type": "Nested Loop", "Parent Relationship": "Outer", "Join Type": "Inner", "Startup Cost": 0.0, "Total Cost": 62914.35, "Plan Rows": 30, "Plan Width": 4, "Inner Unique": false, "Plans": [{"Node Type": "Index Scan", "Parent Relationship": "Outer", "Scan Direction": "Forward", "Index Name": "company_type_pkey", "Relation Name": "company_type", "Alias": "ct", "Startup Cost": 0.0, "Total Cost": 12.3, "Plan Rows": 1, "Plan Width": 4, "Filter": "((kind)::text = 'production companies'::text)"}, {"Node Type": "Index Scan", "Parent Relationship": "Inner", "Scan Direction": "Forward", "Index Name": "company_type_id_movie_companies", "Relation Name": "movie_companies", "Alias": "mc", "Startup Cost": 0.0, "Total Cost": 62901.76, "Plan Rows": 29, "Plan Width": 8, "Index Cond": "(company_type_id = ct.id)", "Filter": "(((note)::text ~~ '%(VHS)%'::text) AND ((note)::text ~~ '%(USA)%'::text) AND ((note)::text ~~ '%(1994)%'::text))"}]}, {"Node Type": "Index Scan", "Parent Relationship": "Inner", "Scan Direction": "Forward", "Index Name": "title_pkey", "Relation Name": "title", "Alias": "t", "Startup Cost": 0.0, "Total Cost": 8.27, "Plan Rows": 1, "Plan Width": 21, "Index Cond": "(id = mc.movie_id)", "Filter": "(production_year > 2010)"}]}, {"Node Type": "Index Scan", "Parent Relationship": "Inner", "Scan Direction": "Forward", "Index Name": "movie_id_movie_info", "Relation Name": "movie_info", "Alias": "mi", "Startup Cost": 0.0, "Total Cost": 2.46, "Plan Rows": 1, "Plan Width": 8, "Index Cond": "(movie_id = t.id)", "Filter": "((info)::text = ANY ('{USA,America}'::text[]))"}]}, {"Node Type": "Index Only Scan", "Parent Relationship": "Inner", "Scan Direction": "Forward", "Index Name": "info_type_pkey", "Relation Name": "info_type", "Alias": "it", "Startup Cost": 0.0, "Total Cost": 0.27, "Plan Rows": 1, "Plan Width": 4, "Index Cond": "(id = mi.info_type_id)"}]}]}, "Unique SQL Id": 328306525, "Planner Runtime": 6}, "explain_analyze_plan": {"Plan": {"Node Type": "Aggregate", "Strategy": "Plain", "Startup Cost": 63248.6, "Total Cost": 63248.61, "Plan Rows": 1, "Plan Width": 49, "Actual Startup Time": 712.178, "Actual Total Time": 712.179, "Actual Rows": 1, "Actual Loops": 1, "Plans": [{"Node Type": "Nested Loop", "Parent Relationship": "Outer", "Join Type": "Inner", "Startup Cost": 0.0, "Total Cost": 63248.54, "Plan Rows": 24, "Plan Width": 17, "Actual Startup Time": 712.172, "Actual Total Time": 712.172, "Actual Rows": 0, "Actual Loops": 1, "Inner Unique": true, "Plans": [{"Node Type": "Nested Loop", "Parent Relationship": "Outer", "Join Type": "Inner", "Startup Cost": 0.0, "Total Cost": 63241.82, "Plan Rows": 24, "Plan Width": 21, "Actual Startup Time": 712.17, "Actual Total Time": 712.17, "Actual Rows": 0, "Actual Loops": 1, "Inner Unique": false, "Plans": [{"Node Type": "Nested Loop", "Parent Relationship": "Outer", "Join Type": "Inner", "Startup Cost": 0.0, "Total Cost": 63162.83, "Plan Rows": 32, "Plan Width": 25, "Actual Startup Time": 712.168, "Actual Total Time": 712.168, "Actual Rows": 0, "Actual Loops": 1, "Inner Unique": true, "Plans": [{"Node Type": "Nested Loop", "Parent Relationship": "Outer", "Join Type": "Inner", "Startup Cost": 0.0, "Total Cost": 62914.35, "Plan Rows": 30, "Plan Width": 4, "Actual Startup Time": 712.166, "Actual Total Time": 712.166, "Actual Rows": 0, "Actual Loops": 1, "Inner Unique": false, "Plans": [{"Node Type": "Index Scan", "Parent Relationship": "Outer", "Scan Direction": "Forward", "Index Name": "company_type_pkey", "Relation Name": "company_type", "Alias": "ct", "Startup Cost": 0.0, "Total Cost": 12.3, "Plan Rows": 1, "Plan Width": 4, "Actual Startup Time": 0.013, "Actual Total Time": 0.024, "Actual Rows": 1, "Actual Loops": 1, "Filter": "((kind)::text = 'production companies'::text)", "Rows Removed by Filter": 2}, {"Node Type": "Index Scan", "Parent Relationship": "Inner", "Scan Direction": "Forward", "Index Name": "company_type_id_movie_companies", "Relation Name": "movie_companies", "Alias": "mc", "Startup Cost": 0.0, "Total Cost": 62901.76, "Plan Rows": 29, "Plan Width": 8, "Actual Startup Time": 712.136, "Actual Total Time": 712.136, "Actual Rows": 0, "Actual Loops": 1, "Index Cond": "(company_type_id = ct.id)", "Rows Removed by Index Recheck": 0, "Filter": "(((note)::text ~~ '%(VHS)%'::text) AND ((note)::text ~~ '%(USA)%'::text) AND ((note)::text ~~ '%(1994)%'::text))", "Rows Removed by Filter": 1334883}]}, {"Node Type": "Index Scan", "Parent Relationship": "Inner", "Scan Direction": "Forward", "Index Name": "title_pkey", "Relation Name": "title", "Alias": "t", "Startup Cost": 0.0, "Total Cost": 8.27, "Plan Rows": 1, "Plan Width": 21, "Actual Startup Time": 0.0, "Actual Total Time": 0.0, "Index Cond": "(id = mc.movie_id)", "Rows Removed by Index Recheck": 0, "Filter": "(production_year > 2010)", "Rows Removed by Filter": 0}]}, {"Node Type": "Index Scan", "Parent Relationship": "Inner", "Scan Direction": "Forward", "Index Name": "movie_id_movie_info", "Relation Name": "movie_info", "Alias": "mi", "Startup Cost": 0.0, "Total Cost": 2.46, "Plan Rows": 1, "Plan Width": 8, "Actual Startup Time": 0.0, "Actual Total Time": 0.0, "Index Cond": "(movie_id = t.id)", "Rows Removed by Index Recheck": 0, "Filter": "((info)::text = ANY ('{USA,America}'::text[]))", "Rows Removed by Filter": 0}]}, {"Node Type": "Index Only Scan", "Parent Relationship": "Inner", "Scan Direction": "Forward", "Index Name": "info_type_pkey", "Relation Name": "info_type", "Alias": "it", "Startup Cost": 0.0, "Total Cost": 0.27, "Plan Rows": 1, "Plan Width": 4, "Actual Startup Time": 0.0, "Actual Total Time": 0.0, "Index Cond": "(id = mi.info_type_id)", "Rows Removed by Index Recheck": 0, "Heap Fetches": 0}]}]}, "Triggers": [], "Planner Runtime": 9.362, "Total Runtime": 712.43, "Unique SQL Id": 328306525}}, "(64, '90')": {"explain_plan": {"Plan": {"Node Type": "Aggregate", "Strategy": "Plain", "Startup Cost": 2100034468246.44, "Total Cost": 2100034468246.46, "Plan Rows": 1, "Plan Width": 49, "Plans": [{"Node Type": "Streaming(type: LOCAL GATHER dop: 1/64)", "Parent Relationship": "Outer", "Startup Cost": 2100034468246.44, "Total Cost": 2100034468246.46, "Plan Rows": 1, "Plan Width": 49, "Plans": [{"Node Type": "Aggregate", "Strategy": "Plain", "Parent Relationship": "Outer", "Startup Cost": 2100034468246.44, "Total Cost": 2100034468246.45, "Plan Rows": 1, "Plan Width": 49, "Plans": [{"Node Type": "Nested Loop", "Parent Relationship": "Outer", "Join Type": "Inner", "Startup Cost": 30000061388.67, "Total Cost": 2100034468246.38, "Plan Rows": 24, "Plan Width": 17, "Inner Unique": false, "Join Filter": "(mi.movie_id = t.id)", "Plans": [{"Node Type": "Nested Loop", "Parent Relationship": "Outer", "Join Type": "Inner", "Startup Cost": 10000000000.0, "Total Cost": 100001467251.11, "Plan Rows": 584897, "Plan Width": 4, "Inner Unique": true, "Join Filter": "(it.id = mi.info_type_id), (LLVM Optimized)", "Plans": [{"Node Type": "Seq Scan", "Parent Relationship": "Outer", "Relation Name": "movie_info", "Alias": "mi", "Startup Cost": 0.0, "Total Cost": 68221.29, "Plan Rows": 584897, "Plan Width": 8, "Filter": "((info)::text = ANY ('{USA,America}'::text[]))"}, {"Node Type": "Materialize", "Parent Relationship": "Inner", "Startup Cost": 0.0, "Total Cost": 63150.56, "Plan Rows": 7168, "Plan Width": 4, "Plans": [{"Node Type": "Streaming(type: BROADCAST dop: 64/1)", "Parent Relationship": "Outer", "Startup Cost": 0.0, "Total Cost": 63150.0, "Plan Rows": 7168, "Plan Width": 4, "Plans": [{"Node Type": "Seq Scan", "Parent Relationship": "Outer", "Relation Name": "info_type", "Alias": "it", "Startup Cost": 0.0, "Total Cost": 2.12, "Plan Rows": 112, "Plan Width": 4}]}]}]}, {"Node Type": "Materialize", "Parent Relationship": "Inner", "Startup Cost": 10000061388.67, "Total Cost": 100001975186.88, "Plan Rows": 2048, "Plan Width": 25, "Plans": [{"Node Type": "Streaming(type: BROADCAST dop: 64/64)", "Parent Relationship": "Outer", "Startup Cost": 10000061388.67, "Total Cost": 100001975186.72, "Plan Rows": 2048, "Plan Width": 25, "Plans": [{"Node Type": "Nested Loop", "Parent Relationship": "Outer", "Join Type": "Inner", "Startup Cost": 10000061388.67, "Total Cost": 100001912185.42, "Plan Rows": 32, "Plan Width": 25, "Inner Unique": false, "Join Filter": "(mc.movie_id = t.id)", "Plans": [{"Node Type": "Seq Scan", "Parent Relationship": "Outer", "Relation Name": "title", "Alias": "t", "Startup Cost": 0.0, "Total Cost": 64037.34, "Plan Rows": 391451, "Plan Width": 21, "Filter": "(production_year > 2010), (LLVM Optimized)"}, {"Node Type": "Materialize", "Parent Relationship": "Inner", "Startup Cost": 61388.67, "Total Cost": 124428.88, "Plan Rows": 1920, "Plan Width": 4, "Plans": [{"Node Type": "Streaming(type: BROADCAST dop: 64/1)", "Parent Relationship": "Outer", "Startup Cost": 61388.67, "Total Cost": 124428.73, "Plan Rows": 1920, "Plan Width": 4, "Plans": [{"Node Type": "Merge Join", "Parent Relationship": "Outer", "Join Type": "Inner", "Startup Cost": 61388.67, "Total Cost": 61389.13, "Plan Rows": 30, "Plan Width": 4, "Inner Unique": false, "Merge Cond": "(ct.id = mc.company_type_id)", "Plans": [{"Node Type": "Sort", "Parent Relationship": "Outer", "Startup Cost": 1.05, "Total Cost": 1.05, "Plan Rows": 1, "Plan Width": 4, "Sort Key": ["ct.id"], "Plans": [{"Node Type": "Seq Scan", "Parent Relationship": "Outer", "Relation Name": "company_type", "Alias": "ct", "Startup Cost": 0.0, "Total Cost": 1.04, "Plan Rows": 1, "Plan Width": 4, "Filter": "((kind)::text = 'production companies'::text)"}]}, {"Node Type": "Sort", "Parent Relationship": "Inner", "Startup Cost": 61387.48, "Total Cost": 61387.62, "Plan Rows": 59, "Plan Width": 8, "Sort Key": ["mc.company_type_id"], "Plans": [{"Node Type": "Seq Scan", "Parent Relationship": "Outer", "Relation Name": "movie_companies", "Alias": "mc", "Startup Cost": 0.0, "Total Cost": 61385.74, "Plan Rows": 59, "Plan Width": 8, "Filter": "(((note)::text ~~ '%(VHS)%'::text) AND ((note)::text ~~ '%(USA)%'::text) AND ((note)::text ~~ '%(1994)%'::text))"}]}]}]}]}]}]}]}]}]}]}]}, "Unique SQL Id": 328306525, "Planner Runtime": 9}, "explain_analyze_plan": {"Plan": {"Node Type": "Aggregate", "Strategy": "Plain", "Startup Cost": 2100034468246.44, "Total Cost": 2100034468246.46, "Plan Rows": 1, "Plan Width": 49, "Actual Min Startup Time": 1576.753, "Actual Max Startup Time": 1576.753, "Actual Min Total Time": 1576.754, "Actual Max Total Time": 1576.754, "Plans": [{"Node Type": "Streaming(type: LOCAL GATHER dop: 1/64)", "Parent Relationship": "Outer", "Startup Cost": 2100034468246.44, "Total Cost": 2100034468246.46, "Plan Rows": 1, "Plan Width": 49, "Actual Min Startup Time": 1486.818, "Actual Max Startup Time": 1486.818, "Actual Min Total Time": 1576.713, "Actual Max Total Time": 1576.713, "Plans": [{"Node Type": "Aggregate", "Strategy": "Plain", "Parent Relationship": "Outer", "Startup Cost": 2100034468246.44, "Total Cost": 2100034468246.45, "Plan Rows": 1, "Plan Width": 49, "Actual Min Startup Time": 940.951, "Actual Max Startup Time": 1318.136, "Actual Min Total Time": 940.951, "Actual Max Total Time": 1318.137, "Plans": [{"Node Type": "Nested Loop", "Parent Relationship": "Outer", "Join Type": "Inner", "Startup Cost": 30000061388.67, "Total Cost": 2100034468246.38, "Plan Rows": 24, "Plan Width": 17, "Actual Min Startup Time": 940.946, "Actual Max Startup Time": 1318.129, "Actual Min Total Time": 940.946, "Actual Max Total Time": 1318.129, "Inner Unique": false, "Join Filter": "(mi.movie_id = t.id)", "Rows Removed by Join Filter": 0, "Plans": [{"Node Type": "Nested Loop", "Parent Relationship": "Outer", "Join Type": "Inner", "Startup Cost": 10000000000.0, "Total Cost": 100001467251.11, "Plan Rows": 584897, "Plan Width": 4, "Actual Min Startup Time": 0.906, "Actual Max Startup Time": 34.312, "Actual Min Total Time": 103.932, "Actual Max Total Time": 189.623, "Inner Unique": true, "Join Filter": "(it.id = mi.info_type_id), (LLVM Optimized, Jit Execute)", "Rows Removed by Join Filter": 3830528, "Plans": [{"Node Type": "Seq Scan", "Parent Relationship": "Outer", "Relation Name": "movie_info", "Alias": "mi", "Startup Cost": 0.0, "Total Cost": 68221.29, "Plan Rows": 584897, "Plan Width": 8, "Actual Min Startup Time": 0.059, "Actual Max Startup Time": 10.156, "Actual Min Total Time": 91.934, "Actual Max Total Time": 133.918, "Filter": "((info)::text = ANY ('{USA,America}'::text[]))", "Rows Removed by Filter": 14282942, "Actual Rows": 552777}, {"Node Type": "Materialize", "Parent Relationship": "Inner", "Startup Cost": 0.0, "Total Cost": 63150.56, "Plan Rows": 7168, "Plan Width": 4, "Actual Min Startup Time": 0.904, "Actual Max Startup Time": 26.855, "Actual Min Total Time": 1.88, "Actual Max Total Time": 32.328, "Plans": [{"Node Type": "Streaming(type: BROADCAST dop: 64/1)", "Parent Relationship": "Outer", "Startup Cost": 0.0, "Total Cost": 63150.0, "Plan Rows": 7168, "Plan Width": 4, "Actual Min Startup Time": 0.024, "Actual Max Startup Time": 0.078, "Actual Min Total Time": 0.568, "Actual Max Total Time": 25.87, "Plans": [{"Node Type": "Seq Scan", "Parent Relationship": "Outer", "Relation Name": "info_type", "Alias": "it", "Startup Cost": 0.0, "Total Cost": 2.12, "Plan Rows": 112, "Plan Width": 4, "Actual Min Startup Time": 0.031, "Actual Max Startup Time": 0.031, "Actual Min Total Time": 0.063, "Actual Max Total Time": 0.063, "Actual Rows": 112}], "Actual Rows": 7168}], "Actual Rows": 4383369}], "Actual Rows": 552777}, {"Node Type": "Materialize", "Parent Relationship": "Inner", "Startup Cost": 10000061388.67, "Total Cost": 100001975186.88, "Plan Rows": 2048, "Plan Width": 25, "Actual Min Startup Time": 825.026, "Actual Max Startup Time": 1191.668, "Actual Min Total Time": 825.026, "Actual Max Total Time": 1191.668, "Plans": [{"Node Type": "Streaming(type: BROADCAST dop: 64/64)", "Parent Relationship": "Outer", "Startup Cost": 10000061388.67, "Total Cost": 100001975186.72, "Plan Rows": 2048, "Plan Width": 25, "Actual Min Startup Time": 823.907, "Actual Max Startup Time": 1190.564, "Actual Min Total Time": 823.907, "Actual Max Total Time": 1190.564, "Plans": [{"Node Type": "Nested Loop", "Parent Relationship": "Outer", "Join Type": "Inner", "Startup Cost": 10000061388.67, "Total Cost": 100001912185.42, "Plan Rows": 32, "Plan Width": 25, "Actual Min Startup Time": 807.354, "Actual Max Startup Time": 1187.915, "Actual Min Total Time": 807.354, "Actual Max Total Time": 1187.915, "Inner Unique": false, "Join Filter": "(mc.movie_id = t.id)", "Rows Removed by Join Filter": 0, "Plans": [{"Node Type": "Seq Scan", "Parent Relationship": "Outer", "Relation Name": "title", "Alias": "t", "Startup Cost": 0.0, "Total Cost": 64037.34, "Plan Rows": 391451, "Plan Width": 21, "Actual Min Startup Time": 0.03, "Actual Max Startup Time": 0.125, "Actual Min Total Time": 10.64, "Actual Max Total Time": 15.892, "Filter": "(production_year > 2010), (LLVM Optimized, Jit Execute)", "Rows Removed by Filter": 2136645, "Actual Rows": 391666}, {"Node Type": "Materialize", "Parent Relationship": "Inner", "Startup Cost": 61388.67, "Total Cost": 124428.88, "Plan Rows": 1920, "Plan Width": 4, "Actual Min Startup Time": 793.336, "Actual Max Startup Time": 1173.944, "Actual Min Total Time": 793.336, "Actual Max Total Time": 1173.944, "Plans": [{"Node Type": "Streaming(type: BROADCAST dop: 64/1)", "Parent Relationship": "Outer", "Startup Cost": 61388.67, "Total Cost": 124428.73, "Plan Rows": 1920, "Plan Width": 4, "Actual Min Startup Time": 792.788, "Actual Max Startup Time": 1173.36, "Actual Min Total Time": 792.788, "Actual Max Total Time": 1173.36, "Plans": [{"Node Type": "Merge Join", "Parent Relationship": "Outer", "Join Type": "Inner", "Startup Cost": 61388.67, "Total Cost": 61389.13, "Plan Rows": 30, "Plan Width": 4, "Actual Min Startup Time": 960.308, "Actual Max Startup Time": 960.308, "Actual Min Total Time": 960.308, "Actual Max Total Time": 960.308, "Inner Unique": false, "Merge Cond": "(ct.id = mc.company_type_id)", "Plans": [{"Node Type": "Sort", "Parent Relationship": "Outer", "Startup Cost": 1.05, "Total Cost": 1.05, "Plan Rows": 1, "Plan Width": 4, "Actual Min Startup Time": 0.068, "Actual Max Startup Time": 0.068, "Actual Min Total Time": 0.068, "Actual Max Total Time": 0.068, "Sort Key": ["ct.id"], "Sort Method": "quicksort", "Sort Space Min Used": 25, "Sort Space Max Used": 25, "Sort Space Type": "Memory", "Plans": [{"Node Type": "Seq Scan", "Parent Relationship": "Outer", "Relation Name": "company_type", "Alias": "ct", "Startup Cost": 0.0, "Total Cost": 1.04, "Plan Rows": 1, "Plan Width": 4, "Actual Min Startup Time": 0.039, "Actual Max Startup Time": 0.039, "Actual Min Total Time": 0.042, "Actual Max Total Time": 0.042, "Filter": "((kind)::text = 'production companies'::text)", "Rows Removed by Filter": 2, "Actual Rows": 1}], "Actual Rows": 1}, {"Node Type": "Sort", "Parent Relationship": "Inner", "Startup Cost": 61387.48, "Total Cost": 61387.62, "Plan Rows": 59, "Plan Width": 8, "Actual Min Startup Time": 959.861, "Actual Max Startup Time": 959.861, "Actual Min Total Time": 960.025, "Actual Max Total Time": 960.025, "Sort Key": ["mc.company_type_id"], "Sort Method": "quicksort", "Sort Space Min Used": 137, "Sort Space Max Used": 137, "Sort Space Type": "Memory", "Plans": [{"Node Type": "Seq Scan", "Parent Relationship": "Outer", "Relation Name": "movie_companies", "Alias": "mc", "Startup Cost": 0.0, "Total Cost": 61385.74, "Plan Rows": 59, "Plan Width": 8, "Actual Min Startup Time": 4.169, "Actual Max Startup Time": 4.169, "Actual Min Total Time": 959.072, "Actual Max Total Time": 959.072, "Filter": "(((note)::text ~~ '%(VHS)%'::text) AND ((note)::text ~~ '%(USA)%'::text) AND ((note)::text ~~ '%(1994)%'::text))", "Rows Removed by Filter": 2607710, "Actual Rows": 1418}], "Actual Rows": 1418}], "Actual Rows": 0}], "Actual Rows": 0}], "Actual Rows": 0}], "Actual Rows": 0}], "Actual Rows": 0}], "Actual Rows": 0}], "Actual Rows": 0}], "Actual Rows": 64}], "Actual Rows": 64}], "Actual Rows": 1}, "Triggers": [], "Planner Runtime": 9.427, "Total Runtime": 1615.484, "Unique SQL Id": 328306525}}, "(64, '91')": {"explain_plan": {"Plan": {"Node Type": "Aggregate", "Strategy": "Plain", "Startup Cost": 4981316377689.39, "Total Cost": 4981316377689.4, "Plan Rows": 1, "Plan Width": 49, "Plans": [{"Node Type": "Merge Join", "Parent Relationship": "Outer", "Join Type": "Inner", "Startup Cost": 3992030579093.52, "Total Cost": 4981316377689.33, "Plan Rows": 24, "Plan Width": 17, "Inner Unique": true, "Merge Cond": "(mi.movie_id = t.id)", "Plans": [{"Node Type": "Sort", "Parent Relationship": "Outer", "Startup Cost": 3982005288274.36, "Total Cost": 3982005288274.45, "Plan Rows": 33, "Plan Width": 8, "Sort Key": ["mc.movie_id"], "Plans": [{"Node Type": "Merge Join", "Parent Relationship": "Outer", "Join Type": "Inner", "Startup Cost": 3009683858726.08, "Total Cost": 3982005288273.53, "Plan Rows": 33, "Plan Width": 8, "Inner Unique": true, "Merge Cond": "(mi.info_type_id = it.id)", "Plans": [{"Node Type": "Sort", "Parent Relationship": "Outer", "Startup Cost": 2999683858726.07, "Total Cost": 2999683858726.15, "Plan Rows": 33, "Plan Width": 12, "Sort Key": ["mi.info_type_id"], "Plans": [{"Node Type": "Merge Join", "Parent Relationship": "Outer", "Join Type": "Inner", "Startup Cost": 2010006291407.28, "Total Cost": 2999683858725.23, "Plan Rows": 33, "Plan Width": 12, "Inner Unique": false, "Merge Cond": "(mi.movie_id = mc.movie_id)", "Plans": [{"Node Type": "Index Scan", "Parent Relationship": "Outer", "Scan Direction": "Forward", "Index Name": "movie_id_movie_info", "Relation Name": "movie_info", "Alias": "mi", "Startup Cost": 10000000000.0, "Total Cost": 1000107534403.72, "Plan Rows": 584897, "Plan Width": 8, "Filter": "((info)::text = ANY ('{USA,America}'::text[]))"}, {"Node Type": "Sort", "Parent Relationship": "Inner", "Startup Cost": 2000006291407.28, "Total Cost": 2000006291407.35, "Plan Rows": 30, "Plan Width": 4, "Sort Key": ["mc.movie_id"], "Plans": [{"Node Type": "Nested Loop", "Parent Relationship": "Outer", "Join Type": "Inner", "Startup Cost": 20000000000.0, "Total Cost": 2000006291406.54, "Plan Rows": 30, "Plan Width": 4, "Inner Unique": false, "Plans": [{"Node Type": "Index Scan", "Parent Relationship": "Outer", "Scan Direction": "Forward", "Index Name": "company_type_pkey", "Relation Name": "company_type", "Alias": "ct", "Startup Cost": 10000000000.0, "Total Cost": 1000000001230.25, "Plan Rows": 1, "Plan Width": 4, "Filter": "((kind)::text = 'production companies'::text)"}, {"Node Type": "Index Scan", "Parent Relationship": "Inner", "Scan Direction": "Forward", "Index Name": "company_type_id_movie_companies", "Relation Name": "movie_companies", "Alias": "mc", "Startup Cost": 10000000000.0, "Total Cost": 1000006290176.0, "Plan Rows": 29, "Plan Width": 8, "Index Cond": "(company_type_id = ct.id)", "Filter": "(((note)::text ~~ '%(VHS)%'::text) AND ((note)::text ~~ '%(USA)%'::text) AND ((note)::text ~~ '%(1994)%'::text))"}]}]}]}]}, {"Node Type": "Index Only Scan", "Parent Relationship": "Inner", "Scan Direction": "Forward", "Index Name": "info_type_pkey", "Relation Name": "info_type", "Alias": "it", "Startup Cost": 10000000000.0, "Total Cost": 1000000000993.0, "Plan Rows": 112, "Plan Width": 4}]}]}, {"Node Type": "Index Scan", "Parent Relationship": "Inner", "Scan Direction": "Forward", "Index Name": "title_pkey", "Relation Name": "title", "Alias": "t", "Startup Cost": 10000000000.0, "Total Cost": 1000011644126.66, "Plan Rows": 391451, "Plan Width": 21, "Filter": "(production_year > 2010), (LLVM Optimized)"}]}]}, "Unique SQL Id": 328306525, "Planner Runtime": 14}, "explain_analyze_plan": {"Plan": {"Node Type": "Aggregate", "Strategy": "Plain", "Startup Cost": 4981316377689.39, "Total Cost": 4981316377689.4, "Plan Rows": 1, "Plan Width": 49, "Actual Startup Time": 706.544, "Actual Total Time": 706.545, "Actual Rows": 1, "Actual Loops": 1, "Plans": [{"Node Type": "Merge Join", "Parent Relationship": "Outer", "Join Type": "Inner", "Startup Cost": 3992030579093.52, "Total Cost": 4981316377689.33, "Plan Rows": 24, "Plan Width": 17, "Actual Startup Time": 706.537, "Actual Total Time": 706.537, "Actual Rows": 0, "Actual Loops": 1, "Inner Unique": true, "Merge Cond": "(mi.movie_id = t.id)", "Plans": [{"Node Type": "Sort", "Parent Relationship": "Outer", "Startup Cost": 3982005288274.36, "Total Cost": 3982005288274.45, "Plan Rows": 33, "Plan Width": 8, "Actual Startup Time": 706.532, "Actual Total Time": 706.532, "Actual Rows": 0, "Actual Loops": 1, "Sort Key": ["mc.movie_id"], "Sort Method": "quicksort", "Sort Space Used": 25, "Sort Space Type": "Memory", "Plans": [{"Node Type": "Merge Join", "Parent Relationship": "Outer", "Join Type": "Inner", "Startup Cost": 3009683858726.08, "Total Cost": 3982005288273.53, "Plan Rows": 33, "Plan Width": 8, "Actual Startup Time": 706.522, "Actual Total Time": 706.522, "Actual Rows": 0, "Actual Loops": 1, "Inner Unique": true, "Merge Cond": "(mi.info_type_id = it.id)", "Plans": [{"Node Type": "Sort", "Parent Relationship": "Outer", "Startup Cost": 2999683858726.07, "Total Cost": 2999683858726.15, "Plan Rows": 33, "Plan Width": 12, "Actual Startup Time": 706.517, "Actual Total Time": 706.517, "Actual Rows": 0, "Actual Loops": 1, "Sort Key": ["mi.info_type_id"], "Sort Method": "quicksort", "Sort Space Used": 25, "Sort Space Type": "Memory", "Plans": [{"Node Type": "Merge Join", "Parent Relationship": "Outer", "Join Type": "Inner", "Startup Cost": 2010006291407.28, "Total Cost": 2999683858725.23, "Plan Rows": 33, "Plan Width": 12, "Actual Startup Time": 706.513, "Actual Total Time": 706.513, "Actual Rows": 0, "Actual Loops": 1, "Inner Unique": false, "Merge Cond": "(mi.movie_id = mc.movie_id)", "Plans": [{"Node Type": "Index Scan", "Parent Relationship": "Outer", "Scan Direction": "Forward", "Index Name": "movie_id_movie_info", "Relation Name": "movie_info", "Alias": "mi", "Startup Cost": 10000000000.0, "Total Cost": 1000107534403.72, "Plan Rows": 584897, "Plan Width": 8, "Actual Startup Time": 0.069, "Actual Total Time": 0.069, "Actual Rows": 1, "Actual Loops": 1, "Filter": "((info)::text = ANY ('{USA,America}'::text[]))", "Rows Removed by Filter": 13}, {"Node Type": "Sort", "Parent Relationship": "Inner", "Startup Cost": 2000006291407.28, "Total Cost": 2000006291407.35, "Plan Rows": 30, "Plan Width": 4, "Actual Startup Time": 706.42, "Actual Total Time": 706.42, "Actual Rows": 0, "Actual Loops": 1, "Sort Key": ["mc.movie_id"], "Sort Method": "quicksort", "Sort Space Used": 25, "Sort Space Type": "Memory", "Plans": [{"Node Type": "Nested Loop", "Parent Relationship": "Outer", "Join Type": "Inner", "Startup Cost": 20000000000.0, "Total Cost": 2000006291406.54, "Plan Rows": 30, "Plan Width": 4, "Actual Startup Time": 706.412, "Actual Total Time": 706.412, "Actual Rows": 0, "Actual Loops": 1, "Inner Unique": false, "Plans": [{"Node Type": "Index Scan", "Parent Relationship": "Outer", "Scan Direction": "Forward", "Index Name": "company_type_pkey", "Relation Name": "company_type", "Alias": "ct", "Startup Cost": 10000000000.0, "Total Cost": 1000000001230.25, "Plan Rows": 1, "Plan Width": 4, "Actual Startup Time": 0.007, "Actual Total Time": 0.018, "Actual Rows": 1, "Actual Loops": 1, "Filter": "((kind)::text = 'production companies'::text)", "Rows Removed by Filter": 2}, {"Node Type": "Index Scan", "Parent Relationship": "Inner", "Scan Direction": "Forward", "Index Name": "company_type_id_movie_companies", "Relation Name": "movie_companies", "Alias": "mc", "Startup Cost": 10000000000.0, "Total Cost": 1000006290176.0, "Plan Rows": 29, "Plan Width": 8, "Actual Startup Time": 706.389, "Actual Total Time": 706.389, "Actual Rows": 0, "Actual Loops": 1, "Index Cond": "(company_type_id = ct.id)", "Rows Removed by Index Recheck": 0, "Filter": "(((note)::text ~~ '%(VHS)%'::text) AND ((note)::text ~~ '%(USA)%'::text) AND ((note)::text ~~ '%(1994)%'::text))", "Rows Removed by Filter": 1334883}]}]}]}]}, {"Node Type": "Index Only Scan", "Parent Relationship": "Inner", "Scan Direction": "Forward", "Index Name": "info_type_pkey", "Relation Name": "info_type", "Alias": "it", "Startup Cost": 10000000000.0, "Total Cost": 1000000000993.0, "Plan Rows": 112, "Plan Width": 4, "Actual Startup Time": 0.0, "Actual Total Time": 0.0, "Heap Fetches": 0}]}]}, {"Node Type": "Index Scan", "Parent Relationship": "Inner", "Scan Direction": "Forward", "Index Name": "title_pkey", "Relation Name": "title", "Alias": "t", "Startup Cost": 10000000000.0, "Total Cost": 1000011644126.66, "Plan Rows": 391451, "Plan Width": 21, "Actual Startup Time": 0.0, "Actual Total Time": 0.0, "Filter": "(production_year > 2010), (LLVM Optimized, Jit Execute)", "Rows Removed by Filter": 0}]}]}, "Triggers": [], "Planner Runtime": 13.826, "Total Runtime": 715.536, "Unique SQL Id": 328306525}}, "(64, '92')": {"explain_plan": {"Plan": {"Node Type": "Aggregate", "Strategy": "Plain", "Startup Cost": 61748.65, "Total Cost": 61748.66, "Plan Rows": 1, "Plan Width": 49, "Plans": [{"Node Type": "Nested Loop", "Parent Relationship": "Outer", "Join Type": "Inner", "Startup Cost": 0.0, "Total Cost": 61748.59, "Plan Rows": 24, "Plan Width": 17, "Inner Unique": true, "Plans": [{"Node Type": "Nested Loop", "Parent Relationship": "Outer", "Join Type": "Inner", "Startup Cost": 0.0, "Total Cost": 61741.87, "Plan Rows": 24, "Plan Width": 21, "Inner Unique": false, "Plans": [{"Node Type": "Nested Loop", "Parent Relationship": "Outer", "Join Type": "Inner", "Startup Cost": 0.0, "Total Cost": 61662.88, "Plan Rows": 32, "Plan Width": 25, "Inner Unique": true, "Plans": [{"Node Type": "Nested Loop", "Parent Relationship": "Outer", "Join Type": "Inner", "Startup Cost": 0.0, "Total Cost": 61414.41, "Plan Rows": 30, "Plan Width": 4, "Inner Unique": true, "Plans": [{"Node Type": "Seq Scan", "Parent Relationship": "Outer", "Relation Name": "movie_companies", "Alias": "mc", "Startup Cost": 0.0, "Total Cost": 61385.74, "Plan Rows": 59, "Plan Width": 8, "Filter": "(((note)::text ~~ '%(VHS)%'::text) AND ((note)::text ~~ '%(USA)%'::text) AND ((note)::text ~~ '%(1994)%'::text))"}, {"Node Type": "Index Scan", "Parent Relationship": "Inner", "Scan Direction": "Forward", "Index Name": "company_type_pkey", "Relation Name": "company_type", "Alias": "ct", "Startup Cost": 0.0, "Total Cost": 0.48, "Plan Rows": 1, "Plan Width": 4, "Index Cond": "(id = mc.company_type_id)", "Filter": "((kind)::text = 'production companies'::text)"}]}, {"Node Type": "Index Scan", "Parent Relationship": "Inner", "Scan Direction": "Forward", "Index Name": "title_pkey", "Relation Name": "title", "Alias": "t", "Startup Cost": 0.0, "Total Cost": 8.27, "Plan Rows": 1, "Plan Width": 21, "Index Cond": "(id = mc.movie_id)", "Filter": "(production_year > 2010)"}]}, {"Node Type": "Index Scan", "Parent Relationship": "Inner", "Scan Direction": "Forward", "Index Name": "movie_id_movie_info", "Relation Name": "movie_info", "Alias": "mi", "Startup Cost": 0.0, "Total Cost": 2.46, "Plan Rows": 1, "Plan Width": 8, "Index Cond": "(movie_id = t.id)", "Filter": "((info)::text = ANY ('{USA,America}'::text[]))"}]}, {"Node Type": "Index Scan", "Parent Relationship": "Inner", "Scan Direction": "Forward", "Index Name": "info_type_pkey", "Relation Name": "info_type", "Alias": "it", "Startup Cost": 0.0, "Total Cost": 0.27, "Plan Rows": 1, "Plan Width": 4, "Index Cond": "(id = mi.info_type_id)"}]}]}, "Unique SQL Id": 328306525, "Planner Runtime": 7}, "explain_analyze_plan": {"Plan": {"Node Type": "Aggregate", "Strategy": "Plain", "Startup Cost": 61748.65, "Total Cost": 61748.66, "Plan Rows": 1, "Plan Width": 49, "Actual Startup Time": 966.213, "Actual Total Time": 966.214, "Actual Rows": 1, "Actual Loops": 1, "Plans": [{"Node Type": "Nested Loop", "Parent Relationship": "Outer", "Join Type": "Inner", "Startup Cost": 0.0, "Total Cost": 61748.59, "Plan Rows": 24, "Plan Width": 17, "Actual Startup Time": 966.205, "Actual Total Time": 966.205, "Actual Rows": 0, "Actual Loops": 1, "Inner Unique": true, "Plans": [{"Node Type": "Nested Loop", "Parent Relationship": "Outer", "Join Type": "Inner", "Startup Cost": 0.0, "Total Cost": 61741.87, "Plan Rows": 24, "Plan Width": 21, "Actual Startup Time": 966.203, "Actual Total Time": 966.203, "Actual Rows": 0, "Actual Loops": 1, "Inner Unique": false, "Plans": [{"Node Type": "Nested Loop", "Parent Relationship": "Outer", "Join Type": "Inner", "Startup Cost": 0.0, "Total Cost": 61662.88, "Plan Rows": 32, "Plan Width": 25, "Actual Startup Time": 966.203, "Actual Total Time": 966.203, "Actual Rows": 0, "Actual Loops": 1, "Inner Unique": true, "Plans": [{"Node Type": "Nested Loop", "Parent Relationship": "Outer", "Join Type": "Inner", "Startup Cost": 0.0, "Total Cost": 61414.41, "Plan Rows": 30, "Plan Width": 4, "Actual Startup Time": 966.201, "Actual Total Time": 966.201, "Actual Rows": 0, "Actual Loops": 1, "Inner Unique": true, "Plans": [{"Node Type": "Seq Scan", "Parent Relationship": "Outer", "Relation Name": "movie_companies", "Alias": "mc", "Startup Cost": 0.0, "Total Cost": 61385.74, "Plan Rows": 59, "Plan Width": 8, "Actual Startup Time": 4.005, "Actual Total Time": 964.385, "Actual Rows": 1418, "Actual Loops": 1, "Filter": "(((note)::text ~~ '%(VHS)%'::text) AND ((note)::text ~~ '%(USA)%'::text) AND ((note)::text ~~ '%(1994)%'::text))", "Rows Removed by Filter": 2607710}, {"Node Type": "Index Scan", "Parent Relationship": "Inner", "Scan Direction": "Forward", "Index Name": "company_type_pkey", "Relation Name": "company_type", "Alias": "ct", "Startup Cost": 0.0, "Total Cost": 0.48, "Plan Rows": 1, "Plan Width": 4, "Actual Startup Time": 0.956, "Actual Total Time": 0.956, "Actual Rows": 0, "Actual Loops": 1418, "Index Cond": "(id = mc.company_type_id)", "Rows Removed by Index Recheck": 0, "Filter": "((kind)::text = 'production companies'::text)", "Rows Removed by Filter": 0}]}, {"Node Type": "Index Scan", "Parent Relationship": "Inner", "Scan Direction": "Forward", "Index Name": "title_pkey", "Relation Name": "title", "Alias": "t", "Startup Cost": 0.0, "Total Cost": 8.27, "Plan Rows": 1, "Plan Width": 21, "Actual Startup Time": 0.0, "Actual Total Time": 0.0, "Index Cond": "(id = mc.movie_id)", "Rows Removed by Index Recheck": 0, "Filter": "(production_year > 2010)", "Rows Removed by Filter": 0}]}, {"Node Type": "Index Scan", "Parent Relationship": "Inner", "Scan Direction": "Forward", "Index Name": "movie_id_movie_info", "Relation Name": "movie_info", "Alias": "mi", "Startup Cost": 0.0, "Total Cost": 2.46, "Plan Rows": 1, "Plan Width": 8, "Actual Startup Time": 0.0, "Actual Total Time": 0.0, "Index Cond": "(movie_id = t.id)", "Rows Removed by Index Recheck": 0, "Filter": "((info)::text = ANY ('{USA,America}'::text[]))", "Rows Removed by Filter": 0}]}, {"Node Type": "Index Scan", "Parent Relationship": "Inner", "Scan Direction": "Forward", "Index Name": "info_type_pkey", "Relation Name": "info_type", "Alias": "it", "Startup Cost": 0.0, "Total Cost": 0.27, "Plan Rows": 1, "Plan Width": 4, "Actual Startup Time": 0.0, "Actual Total Time": 0.0, "Index Cond": "(id = mi.info_type_id)", "Rows Removed by Index Recheck": 0}]}]}, "Triggers": [], "Planner Runtime": 8.359, "Total Runtime": 966.465, "Unique SQL Id": 328306525}}, "(64, '93')": {"explain_plan": {"Plan": {"Node Type": "Aggregate", "Strategy": "Plain", "Startup Cost": 63248.6, "Total Cost": 63248.61, "Plan Rows": 1, "Plan Width": 49, "Plans": [{"Node Type": "Nested Loop", "Parent Relationship": "Outer", "Join Type": "Inner", "Startup Cost": 0.0, "Total Cost": 63248.54, "Plan Rows": 24, "Plan Width": 17, "Inner Unique": true, "Plans": [{"Node Type": "Nested Loop", "Parent Relationship": "Outer", "Join Type": "Inner", "Startup Cost": 0.0, "Total Cost": 63241.82, "Plan Rows": 24, "Plan Width": 21, "Inner Unique": false, "Plans": [{"Node Type": "Nested Loop", "Parent Relationship": "Outer", "Join Type": "Inner", "Startup Cost": 0.0, "Total Cost": 63162.83, "Plan Rows": 32, "Plan Width": 25, "Inner Unique": true, "Plans": [{"Node Type": "Nested Loop", "Parent Relationship": "Outer", "Join Type": "Inner", "Startup Cost": 0.0, "Total Cost": 62914.35, "Plan Rows": 30, "Plan Width": 4, "Inner Unique": false, "Plans": [{"Node Type": "Index Scan", "Parent Relationship": "Outer", "Scan Direction": "Forward", "Index Name": "company_type_pkey", "Relation Name": "company_type", "Alias": "ct", "Startup Cost": 0.0, "Total Cost": 12.3, "Plan Rows": 1, "Plan Width": 4, "Filter": "((kind)::text = 'production companies'::text)"}, {"Node Type": "Index Scan", "Parent Relationship": "Inner", "Scan Direction": "Forward", "Index Name": "company_type_id_movie_companies", "Relation Name": "movie_companies", "Alias": "mc", "Startup Cost": 0.0, "Total Cost": 62901.76, "Plan Rows": 29, "Plan Width": 8, "Index Cond": "(company_type_id = ct.id)", "Filter": "(((note)::text ~~ '%(VHS)%'::text) AND ((note)::text ~~ '%(USA)%'::text) AND ((note)::text ~~ '%(1994)%'::text))"}]}, {"Node Type": "Index Scan", "Parent Relationship": "Inner", "Scan Direction": "Forward", "Index Name": "title_pkey", "Relation Name": "title", "Alias": "t", "Startup Cost": 0.0, "Total Cost": 8.27, "Plan Rows": 1, "Plan Width": 21, "Index Cond": "(id = mc.movie_id)", "Filter": "(production_year > 2010)"}]}, {"Node Type": "Index Scan", "Parent Relationship": "Inner", "Scan Direction": "Forward", "Index Name": "movie_id_movie_info", "Relation Name": "movie_info", "Alias": "mi", "Startup Cost": 0.0, "Total Cost": 2.46, "Plan Rows": 1, "Plan Width": 8, "Index Cond": "(movie_id = t.id)", "Filter": "((info)::text = ANY ('{USA,America}'::text[]))"}]}, {"Node Type": "Index Scan", "Parent Relationship": "Inner", "Scan Direction": "Forward", "Index Name": "info_type_pkey", "Relation Name": "info_type", "Alias": "it", "Startup Cost": 0.0, "Total Cost": 0.27, "Plan Rows": 1, "Plan Width": 4, "Index Cond": "(id = mi.info_type_id)"}]}]}, "Unique SQL Id": 328306525, "Planner Runtime": 6}, "explain_analyze_plan": {"Plan": {"Node Type": "Aggregate", "Strategy": "Plain", "Startup Cost": 63248.6, "Total Cost": 63248.61, "Plan Rows": 1, "Plan Width": 49, "Actual Startup Time": 707.469, "Actual Total Time": 707.469, "Actual Rows": 1, "Actual Loops": 1, "Plans": [{"Node Type": "Nested Loop", "Parent Relationship": "Outer", "Join Type": "Inner", "Startup Cost": 0.0, "Total Cost": 63248.54, "Plan Rows": 24, "Plan Width": 17, "Actual Startup Time": 707.462, "Actual Total Time": 707.462, "Actual Rows": 0, "Actual Loops": 1, "Inner Unique": true, "Plans": [{"Node Type": "Nested Loop", "Parent Relationship": "Outer", "Join Type": "Inner", "Startup Cost": 0.0, "Total Cost": 63241.82, "Plan Rows": 24, "Plan Width": 21, "Actual Startup Time": 707.46, "Actual Total Time": 707.46, "Actual Rows": 0, "Actual Loops": 1, "Inner Unique": false, "Plans": [{"Node Type": "Nested Loop", "Parent Relationship": "Outer", "Join Type": "Inner", "Startup Cost": 0.0, "Total Cost": 63162.83, "Plan Rows": 32, "Plan Width": 25, "Actual Startup Time": 707.458, "Actual Total Time": 707.458, "Actual Rows": 0, "Actual Loops": 1, "Inner Unique": true, "Plans": [{"Node Type": "Nested Loop", "Parent Relationship": "Outer", "Join Type": "Inner", "Startup Cost": 0.0, "Total Cost": 62914.35, "Plan Rows": 30, "Plan Width": 4, "Actual Startup Time": 707.457, "Actual Total Time": 707.457, "Actual Rows": 0, "Actual Loops": 1, "Inner Unique": false, "Plans": [{"Node Type": "Index Scan", "Parent Relationship": "Outer", "Scan Direction": "Forward", "Index Name": "company_type_pkey", "Relation Name": "company_type", "Alias": "ct", "Startup Cost": 0.0, "Total Cost": 12.3, "Plan Rows": 1, "Plan Width": 4, "Actual Startup Time": 0.015, "Actual Total Time": 0.026, "Actual Rows": 1, "Actual Loops": 1, "Filter": "((kind)::text = 'production companies'::text)", "Rows Removed by Filter": 2}, {"Node Type": "Index Scan", "Parent Relationship": "Inner", "Scan Direction": "Forward", "Index Name": "company_type_id_movie_companies", "Relation Name": "movie_companies", "Alias": "mc", "Startup Cost": 0.0, "Total Cost": 62901.76, "Plan Rows": 29, "Plan Width": 8, "Actual Startup Time": 707.424, "Actual Total Time": 707.424, "Actual Rows": 0, "Actual Loops": 1, "Index Cond": "(company_type_id = ct.id)", "Rows Removed by Index Recheck": 0, "Filter": "(((note)::text ~~ '%(VHS)%'::text) AND ((note)::text ~~ '%(USA)%'::text) AND ((note)::text ~~ '%(1994)%'::text))", "Rows Removed by Filter": 1334883}]}, {"Node Type": "Index Scan", "Parent Relationship": "Inner", "Scan Direction": "Forward", "Index Name": "title_pkey", "Relation Name": "title", "Alias": "t", "Startup Cost": 0.0, "Total Cost": 8.27, "Plan Rows": 1, "Plan Width": 21, "Actual Startup Time": 0.0, "Actual Total Time": 0.0, "Index Cond": "(id = mc.movie_id)", "Rows Removed by Index Recheck": 0, "Filter": "(production_year > 2010)", "Rows Removed by Filter": 0}]}, {"Node Type": "Index Scan", "Parent Relationship": "Inner", "Scan Direction": "Forward", "Index Name": "movie_id_movie_info", "Relation Name": "movie_info", "Alias": "mi", "Startup Cost": 0.0, "Total Cost": 2.46, "Plan Rows": 1, "Plan Width": 8, "Actual Startup Time": 0.0, "Actual Total Time": 0.0, "Index Cond": "(movie_id = t.id)", "Rows Removed by Index Recheck": 0, "Filter": "((info)::text = ANY ('{USA,America}'::text[]))", "Rows Removed by Filter": 0}]}, {"Node Type": "Index Scan", "Parent Relationship": "Inner", "Scan Direction": "Forward", "Index Name": "info_type_pkey", "Relation Name": "info_type", "Alias": "it", "Startup Cost": 0.0, "Total Cost": 0.27, "Plan Rows": 1, "Plan Width": 4, "Actual Startup Time": 0.0, "Actual Total Time": 0.0, "Index Cond": "(id = mi.info_type_id)", "Rows Removed by Index Recheck": 0}]}]}, "Triggers": [], "Planner Runtime": 9.381, "Total Runtime": 707.729, "Unique SQL Id": 328306525}}, "(64, '94')": {"explain_plan": {"Plan": {"Node Type": "Aggregate", "Strategy": "Plain", "Startup Cost": 2100034468246.44, "Total Cost": 2100034468246.46, "Plan Rows": 1, "Plan Width": 49, "Plans": [{"Node Type": "Streaming(type: LOCAL GATHER dop: 1/64)", "Parent Relationship": "Outer", "Startup Cost": 2100034468246.44, "Total Cost": 2100034468246.46, "Plan Rows": 1, "Plan Width": 49, "Plans": [{"Node Type": "Aggregate", "Strategy": "Plain", "Parent Relationship": "Outer", "Startup Cost": 2100034468246.44, "Total Cost": 2100034468246.45, "Plan Rows": 1, "Plan Width": 49, "Plans": [{"Node Type": "Nested Loop", "Parent Relationship": "Outer", "Join Type": "Inner", "Startup Cost": 30000061388.67, "Total Cost": 2100034468246.38, "Plan Rows": 24, "Plan Width": 17, "Inner Unique": false, "Join Filter": "(mi.movie_id = t.id)", "Plans": [{"Node Type": "Nested Loop", "Parent Relationship": "Outer", "Join Type": "Inner", "Startup Cost": 10000000000.0, "Total Cost": 100001467251.11, "Plan Rows": 584897, "Plan Width": 4, "Inner Unique": true, "Join Filter": "(it.id = mi.info_type_id), (LLVM Optimized)", "Plans": [{"Node Type": "Seq Scan", "Parent Relationship": "Outer", "Relation Name": "movie_info", "Alias": "mi", "Startup Cost": 0.0, "Total Cost": 68221.29, "Plan Rows": 584897, "Plan Width": 8, "Filter": "((info)::text = ANY ('{USA,America}'::text[]))"}, {"Node Type": "Materialize", "Parent Relationship": "Inner", "Startup Cost": 0.0, "Total Cost": 63150.56, "Plan Rows": 7168, "Plan Width": 4, "Plans": [{"Node Type": "Streaming(type: BROADCAST dop: 64/1)", "Parent Relationship": "Outer", "Startup Cost": 0.0, "Total Cost": 63150.0, "Plan Rows": 7168, "Plan Width": 4, "Plans": [{"Node Type": "Seq Scan", "Parent Relationship": "Outer", "Relation Name": "info_type", "Alias": "it", "Startup Cost": 0.0, "Total Cost": 2.12, "Plan Rows": 112, "Plan Width": 4}]}]}]}, {"Node Type": "Materialize", "Parent Relationship": "Inner", "Startup Cost": 10000061388.67, "Total Cost": 100001975186.88, "Plan Rows": 2048, "Plan Width": 25, "Plans": [{"Node Type": "Streaming(type: BROADCAST dop: 64/64)", "Parent Relationship": "Outer", "Startup Cost": 10000061388.67, "Total Cost": 100001975186.72, "Plan Rows": 2048, "Plan Width": 25, "Plans": [{"Node Type": "Nested Loop", "Parent Relationship": "Outer", "Join Type": "Inner", "Startup Cost": 10000061388.67, "Total Cost": 100001912185.42, "Plan Rows": 32, "Plan Width": 25, "Inner Unique": false, "Join Filter": "(mc.movie_id = t.id)", "Plans": [{"Node Type": "Seq Scan", "Parent Relationship": "Outer", "Relation Name": "title", "Alias": "t", "Startup Cost": 0.0, "Total Cost": 64037.34, "Plan Rows": 391451, "Plan Width": 21, "Filter": "(production_year > 2010), (LLVM Optimized)"}, {"Node Type": "Materialize", "Parent Relationship": "Inner", "Startup Cost": 61388.67, "Total Cost": 124428.88, "Plan Rows": 1920, "Plan Width": 4, "Plans": [{"Node Type": "Streaming(type: BROADCAST dop: 64/1)", "Parent Relationship": "Outer", "Startup Cost": 61388.67, "Total Cost": 124428.73, "Plan Rows": 1920, "Plan Width": 4, "Plans": [{"Node Type": "Merge Join", "Parent Relationship": "Outer", "Join Type": "Inner", "Startup Cost": 61388.67, "Total Cost": 61389.13, "Plan Rows": 30, "Plan Width": 4, "Inner Unique": false, "Merge Cond": "(ct.id = mc.company_type_id)", "Plans": [{"Node Type": "Sort", "Parent Relationship": "Outer", "Startup Cost": 1.05, "Total Cost": 1.05, "Plan Rows": 1, "Plan Width": 4, "Sort Key": ["ct.id"], "Plans": [{"Node Type": "Seq Scan", "Parent Relationship": "Outer", "Relation Name": "company_type", "Alias": "ct", "Startup Cost": 0.0, "Total Cost": 1.04, "Plan Rows": 1, "Plan Width": 4, "Filter": "((kind)::text = 'production companies'::text)"}]}, {"Node Type": "Sort", "Parent Relationship": "Inner", "Startup Cost": 61387.48, "Total Cost": 61387.62, "Plan Rows": 59, "Plan Width": 8, "Sort Key": ["mc.company_type_id"], "Plans": [{"Node Type": "Seq Scan", "Parent Relationship": "Outer", "Relation Name": "movie_companies", "Alias": "mc", "Startup Cost": 0.0, "Total Cost": 61385.74, "Plan Rows": 59, "Plan Width": 8, "Filter": "(((note)::text ~~ '%(VHS)%'::text) AND ((note)::text ~~ '%(USA)%'::text) AND ((note)::text ~~ '%(1994)%'::text))"}]}]}]}]}]}]}]}]}]}]}]}, "Unique SQL Id": 328306525, "Planner Runtime": 9}, "explain_analyze_plan": {"Plan": {"Node Type": "Aggregate", "Strategy": "Plain", "Startup Cost": 2100034468246.44, "Total Cost": 2100034468246.46, "Plan Rows": 1, "Plan Width": 49, "Actual Min Startup Time": 1576.753, "Actual Max Startup Time": 1576.753, "Actual Min Total Time": 1576.754, "Actual Max Total Time": 1576.754, "Plans": [{"Node Type": "Streaming(type: LOCAL GATHER dop: 1/64)", "Parent Relationship": "Outer", "Startup Cost": 2100034468246.44, "Total Cost": 2100034468246.46, "Plan Rows": 1, "Plan Width": 49, "Actual Min Startup Time": 1486.818, "Actual Max Startup Time": 1486.818, "Actual Min Total Time": 1576.713, "Actual Max Total Time": 1576.713, "Plans": [{"Node Type": "Aggregate", "Strategy": "Plain", "Parent Relationship": "Outer", "Startup Cost": 2100034468246.44, "Total Cost": 2100034468246.45, "Plan Rows": 1, "Plan Width": 49, "Actual Min Startup Time": 940.951, "Actual Max Startup Time": 1318.136, "Actual Min Total Time": 940.951, "Actual Max Total Time": 1318.137, "Plans": [{"Node Type": "Nested Loop", "Parent Relationship": "Outer", "Join Type": "Inner", "Startup Cost": 30000061388.67, "Total Cost": 2100034468246.38, "Plan Rows": 24, "Plan Width": 17, "Actual Min Startup Time": 940.946, "Actual Max Startup Time": 1318.129, "Actual Min Total Time": 940.946, "Actual Max Total Time": 1318.129, "Inner Unique": false, "Join Filter": "(mi.movie_id = t.id)", "Rows Removed by Join Filter": 0, "Plans": [{"Node Type": "Nested Loop", "Parent Relationship": "Outer", "Join Type": "Inner", "Startup Cost": 10000000000.0, "Total Cost": 100001467251.11, "Plan Rows": 584897, "Plan Width": 4, "Actual Min Startup Time": 0.906, "Actual Max Startup Time": 34.312, "Actual Min Total Time": 103.932, "Actual Max Total Time": 189.623, "Inner Unique": true, "Join Filter": "(it.id = mi.info_type_id), (LLVM Optimized, Jit Execute)", "Rows Removed by Join Filter": 3830528, "Plans": [{"Node Type": "Seq Scan", "Parent Relationship": "Outer", "Relation Name": "movie_info", "Alias": "mi", "Startup Cost": 0.0, "Total Cost": 68221.29, "Plan Rows": 584897, "Plan Width": 8, "Actual Min Startup Time": 0.059, "Actual Max Startup Time": 10.156, "Actual Min Total Time": 91.934, "Actual Max Total Time": 133.918, "Filter": "((info)::text = ANY ('{USA,America}'::text[]))", "Rows Removed by Filter": 14282942, "Actual Rows": 552777}, {"Node Type": "Materialize", "Parent Relationship": "Inner", "Startup Cost": 0.0, "Total Cost": 63150.56, "Plan Rows": 7168, "Plan Width": 4, "Actual Min Startup Time": 0.904, "Actual Max Startup Time": 26.855, "Actual Min Total Time": 1.88, "Actual Max Total Time": 32.328, "Plans": [{"Node Type": "Streaming(type: BROADCAST dop: 64/1)", "Parent Relationship": "Outer", "Startup Cost": 0.0, "Total Cost": 63150.0, "Plan Rows": 7168, "Plan Width": 4, "Actual Min Startup Time": 0.024, "Actual Max Startup Time": 0.078, "Actual Min Total Time": 0.568, "Actual Max Total Time": 25.87, "Plans": [{"Node Type": "Seq Scan", "Parent Relationship": "Outer", "Relation Name": "info_type", "Alias": "it", "Startup Cost": 0.0, "Total Cost": 2.12, "Plan Rows": 112, "Plan Width": 4, "Actual Min Startup Time": 0.031, "Actual Max Startup Time": 0.031, "Actual Min Total Time": 0.063, "Actual Max Total Time": 0.063, "Actual Rows": 112}], "Actual Rows": 7168}], "Actual Rows": 4383369}], "Actual Rows": 552777}, {"Node Type": "Materialize", "Parent Relationship": "Inner", "Startup Cost": 10000061388.67, "Total Cost": 100001975186.88, "Plan Rows": 2048, "Plan Width": 25, "Actual Min Startup Time": 825.026, "Actual Max Startup Time": 1191.668, "Actual Min Total Time": 825.026, "Actual Max Total Time": 1191.668, "Plans": [{"Node Type": "Streaming(type: BROADCAST dop: 64/64)", "Parent Relationship": "Outer", "Startup Cost": 10000061388.67, "Total Cost": 100001975186.72, "Plan Rows": 2048, "Plan Width": 25, "Actual Min Startup Time": 823.907, "Actual Max Startup Time": 1190.564, "Actual Min Total Time": 823.907, "Actual Max Total Time": 1190.564, "Plans": [{"Node Type": "Nested Loop", "Parent Relationship": "Outer", "Join Type": "Inner", "Startup Cost": 10000061388.67, "Total Cost": 100001912185.42, "Plan Rows": 32, "Plan Width": 25, "Actual Min Startup Time": 807.354, "Actual Max Startup Time": 1187.915, "Actual Min Total Time": 807.354, "Actual Max Total Time": 1187.915, "Inner Unique": false, "Join Filter": "(mc.movie_id = t.id)", "Rows Removed by Join Filter": 0, "Plans": [{"Node Type": "Seq Scan", "Parent Relationship": "Outer", "Relation Name": "title", "Alias": "t", "Startup Cost": 0.0, "Total Cost": 64037.34, "Plan Rows": 391451, "Plan Width": 21, "Actual Min Startup Time": 0.03, "Actual Max Startup Time": 0.125, "Actual Min Total Time": 10.64, "Actual Max Total Time": 15.892, "Filter": "(production_year > 2010), (LLVM Optimized, Jit Execute)", "Rows Removed by Filter": 2136645, "Actual Rows": 391666}, {"Node Type": "Materialize", "Parent Relationship": "Inner", "Startup Cost": 61388.67, "Total Cost": 124428.88, "Plan Rows": 1920, "Plan Width": 4, "Actual Min Startup Time": 793.336, "Actual Max Startup Time": 1173.944, "Actual Min Total Time": 793.336, "Actual Max Total Time": 1173.944, "Plans": [{"Node Type": "Streaming(type: BROADCAST dop: 64/1)", "Parent Relationship": "Outer", "Startup Cost": 61388.67, "Total Cost": 124428.73, "Plan Rows": 1920, "Plan Width": 4, "Actual Min Startup Time": 792.788, "Actual Max Startup Time": 1173.36, "Actual Min Total Time": 792.788, "Actual Max Total Time": 1173.36, "Plans": [{"Node Type": "Merge Join", "Parent Relationship": "Outer", "Join Type": "Inner", "Startup Cost": 61388.67, "Total Cost": 61389.13, "Plan Rows": 30, "Plan Width": 4, "Actual Min Startup Time": 960.308, "Actual Max Startup Time": 960.308, "Actual Min Total Time": 960.308, "Actual Max Total Time": 960.308, "Inner Unique": false, "Merge Cond": "(ct.id = mc.company_type_id)", "Plans": [{"Node Type": "Sort", "Parent Relationship": "Outer", "Startup Cost": 1.05, "Total Cost": 1.05, "Plan Rows": 1, "Plan Width": 4, "Actual Min Startup Time": 0.068, "Actual Max Startup Time": 0.068, "Actual Min Total Time": 0.068, "Actual Max Total Time": 0.068, "Sort Key": ["ct.id"], "Sort Method": "quicksort", "Sort Space Min Used": 25, "Sort Space Max Used": 25, "Sort Space Type": "Memory", "Plans": [{"Node Type": "Seq Scan", "Parent Relationship": "Outer", "Relation Name": "company_type", "Alias": "ct", "Startup Cost": 0.0, "Total Cost": 1.04, "Plan Rows": 1, "Plan Width": 4, "Actual Min Startup Time": 0.039, "Actual Max Startup Time": 0.039, "Actual Min Total Time": 0.042, "Actual Max Total Time": 0.042, "Filter": "((kind)::text = 'production companies'::text)", "Rows Removed by Filter": 2, "Actual Rows": 1}], "Actual Rows": 1}, {"Node Type": "Sort", "Parent Relationship": "Inner", "Startup Cost": 61387.48, "Total Cost": 61387.62, "Plan Rows": 59, "Plan Width": 8, "Actual Min Startup Time": 959.861, "Actual Max Startup Time": 959.861, "Actual Min Total Time": 960.025, "Actual Max Total Time": 960.025, "Sort Key": ["mc.company_type_id"], "Sort Method": "quicksort", "Sort Space Min Used": 137, "Sort Space Max Used": 137, "Sort Space Type": "Memory", "Plans": [{"Node Type": "Seq Scan", "Parent Relationship": "Outer", "Relation Name": "movie_companies", "Alias": "mc", "Startup Cost": 0.0, "Total Cost": 61385.74, "Plan Rows": 59, "Plan Width": 8, "Actual Min Startup Time": 4.169, "Actual Max Startup Time": 4.169, "Actual Min Total Time": 959.072, "Actual Max Total Time": 959.072, "Filter": "(((note)::text ~~ '%(VHS)%'::text) AND ((note)::text ~~ '%(USA)%'::text) AND ((note)::text ~~ '%(1994)%'::text))", "Rows Removed by Filter": 2607710, "Actual Rows": 1418}], "Actual Rows": 1418}], "Actual Rows": 0}], "Actual Rows": 0}], "Actual Rows": 0}], "Actual Rows": 0}], "Actual Rows": 0}], "Actual Rows": 0}], "Actual Rows": 0}], "Actual Rows": 64}], "Actual Rows": 64}], "Actual Rows": 1}, "Triggers": [], "Planner Runtime": 9.427, "Total Runtime": 1615.484, "Unique SQL Id": 328306525}}, "(64, '95')": {"explain_plan": {"Plan": {"Node Type": "Aggregate", "Strategy": "Plain", "Startup Cost": 4981316378082.24, "Total Cost": 4981316378082.25, "Plan Rows": 1, "Plan Width": 49, "Plans": [{"Node Type": "Merge Join", "Parent Relationship": "Outer", "Join Type": "Inner", "Startup Cost": 3992030579486.38, "Total Cost": 4981316378082.18, "Plan Rows": 24, "Plan Width": 17, "Inner Unique": true, "Merge Cond": "(mi.movie_id = t.id)", "Plans": [{"Node Type": "Sort", "Parent Relationship": "Outer", "Startup Cost": 3982005288667.22, "Total Cost": 3982005288667.3, "Plan Rows": 33, "Plan Width": 8, "Sort Key": ["mc.movie_id"], "Plans": [{"Node Type": "Merge Join", "Parent Relationship": "Outer", "Join Type": "Inner", "Startup Cost": 3009683858726.08, "Total Cost": 3982005288666.39, "Plan Rows": 33, "Plan Width": 8, "Inner Unique": true, "Merge Cond": "(mi.info_type_id = it.id)", "Plans": [{"Node Type": "Sort", "Parent Relationship": "Outer", "Startup Cost": 2999683858726.07, "Total Cost": 2999683858726.15, "Plan Rows": 33, "Plan Width": 12, "Sort Key": ["mi.info_type_id"], "Plans": [{"Node Type": "Merge Join", "Parent Relationship": "Outer", "Join Type": "Inner", "Startup Cost": 2010006291407.28, "Total Cost": 2999683858725.23, "Plan Rows": 33, "Plan Width": 12, "Inner Unique": false, "Merge Cond": "(mi.movie_id = mc.movie_id)", "Plans": [{"Node Type": "Index Scan", "Parent Relationship": "Outer", "Scan Direction": "Forward", "Index Name": "movie_id_movie_info", "Relation Name": "movie_info", "Alias": "mi", "Startup Cost": 10000000000.0, "Total Cost": 1000107534403.72, "Plan Rows": 584897, "Plan Width": 8, "Filter": "((info)::text = ANY ('{USA,America}'::text[]))"}, {"Node Type": "Sort", "Parent Relationship": "Inner", "Startup Cost": 2000006291407.28, "Total Cost": 2000006291407.35, "Plan Rows": 30, "Plan Width": 4, "Sort Key": ["mc.movie_id"], "Plans": [{"Node Type": "Nested Loop", "Parent Relationship": "Outer", "Join Type": "Inner", "Startup Cost": 20000000000.0, "Total Cost": 2000006291406.54, "Plan Rows": 30, "Plan Width": 4, "Inner Unique": false, "Plans": [{"Node Type": "Index Scan", "Parent Relationship": "Outer", "Scan Direction": "Forward", "Index Name": "company_type_pkey", "Relation Name": "company_type", "Alias": "ct", "Startup Cost": 10000000000.0, "Total Cost": 1000000001230.25, "Plan Rows": 1, "Plan Width": 4, "Filter": "((kind)::text = 'production companies'::text)"}, {"Node Type": "Index Scan", "Parent Relationship": "Inner", "Scan Direction": "Forward", "Index Name": "company_type_id_movie_companies", "Relation Name": "movie_companies", "Alias": "mc", "Startup Cost": 10000000000.0, "Total Cost": 1000006290176.0, "Plan Rows": 29, "Plan Width": 8, "Index Cond": "(company_type_id = ct.id)", "Filter": "(((note)::text ~~ '%(VHS)%'::text) AND ((note)::text ~~ '%(USA)%'::text) AND ((note)::text ~~ '%(1994)%'::text))"}]}]}]}]}, {"Node Type": "Index Scan", "Parent Relationship": "Inner", "Scan Direction": "Forward", "Index Name": "info_type_pkey", "Relation Name": "info_type", "Alias": "it", "Startup Cost": 10000000000.0, "Total Cost": 1000000001393.0, "Plan Rows": 112, "Plan Width": 4}]}]}, {"Node Type": "Index Scan", "Parent Relationship": "Inner", "Scan Direction": "Forward", "Index Name": "title_pkey", "Relation Name": "title", "Alias": "t", "Startup Cost": 10000000000.0, "Total Cost": 1000011644126.66, "Plan Rows": 391451, "Plan Width": 21, "Filter": "(production_year > 2010), (LLVM Optimized)"}]}]}, "Unique SQL Id": 328306525, "Planner Runtime": 13}, "explain_analyze_plan": {"Plan": {"Node Type": "Aggregate", "Strategy": "Plain", "Startup Cost": 4981316378082.24, "Total Cost": 4981316378082.25, "Plan Rows": 1, "Plan Width": 49, "Actual Startup Time": 650.161, "Actual Total Time": 650.162, "Actual Rows": 1, "Actual Loops": 1, "Plans": [{"Node Type": "Merge Join", "Parent Relationship": "Outer", "Join Type": "Inner", "Startup Cost": 3992030579486.38, "Total Cost": 4981316378082.18, "Plan Rows": 24, "Plan Width": 17, "Actual Startup Time": 650.153, "Actual Total Time": 650.153, "Actual Rows": 0, "Actual Loops": 1, "Inner Unique": true, "Merge Cond": "(mi.movie_id = t.id)", "Plans": [{"Node Type": "Sort", "Parent Relationship": "Outer", "Startup Cost": 3982005288667.22, "Total Cost": 3982005288667.3, "Plan Rows": 33, "Plan Width": 8, "Actual Startup Time": 650.148, "Actual Total Time": 650.148, "Actual Rows": 0, "Actual Loops": 1, "Sort Key": ["mc.movie_id"], "Sort Method": "quicksort", "Sort Space Used": 25, "Sort Space Type": "Memory", "Plans": [{"Node Type": "Merge Join", "Parent Relationship": "Outer", "Join Type": "Inner", "Startup Cost": 3009683858726.08, "Total Cost": 3982005288666.39, "Plan Rows": 33, "Plan Width": 8, "Actual Startup Time": 650.137, "Actual Total Time": 650.137, "Actual Rows": 0, "Actual Loops": 1, "Inner Unique": true, "Merge Cond": "(mi.info_type_id = it.id)", "Plans": [{"Node Type": "Sort", "Parent Relationship": "Outer", "Startup Cost": 2999683858726.07, "Total Cost": 2999683858726.15, "Plan Rows": 33, "Plan Width": 12, "Actual Startup Time": 650.132, "Actual Total Time": 650.132, "Actual Rows": 0, "Actual Loops": 1, "Sort Key": ["mi.info_type_id"], "Sort Method": "quicksort", "Sort Space Used": 25, "Sort Space Type": "Memory", "Plans": [{"Node Type": "Merge Join", "Parent Relationship": "Outer", "Join Type": "Inner", "Startup Cost": 2010006291407.28, "Total Cost": 2999683858725.23, "Plan Rows": 33, "Plan Width": 12, "Actual Startup Time": 650.126, "Actual Total Time": 650.126, "Actual Rows": 0, "Actual Loops": 1, "Inner Unique": false, "Merge Cond": "(mi.movie_id = mc.movie_id)", "Plans": [{"Node Type": "Index Scan", "Parent Relationship": "Outer", "Scan Direction": "Forward", "Index Name": "movie_id_movie_info", "Relation Name": "movie_info", "Alias": "mi", "Startup Cost": 10000000000.0, "Total Cost": 1000107534403.72, "Plan Rows": 584897, "Plan Width": 8, "Actual Startup Time": 0.069, "Actual Total Time": 0.069, "Actual Rows": 1, "Actual Loops": 1, "Filter": "((info)::text = ANY ('{USA,America}'::text[]))", "Rows Removed by Filter": 13}, {"Node Type": "Sort", "Parent Relationship": "Inner", "Startup Cost": 2000006291407.28, "Total Cost": 2000006291407.35, "Plan Rows": 30, "Plan Width": 4, "Actual Startup Time": 650.033, "Actual Total Time": 650.033, "Actual Rows": 0, "Actual Loops": 1, "Sort Key": ["mc.movie_id"], "Sort Method": "quicksort", "Sort Space Used": 25, "Sort Space Type": "Memory", "Plans": [{"Node Type": "Nested Loop", "Parent Relationship": "Outer", "Join Type": "Inner", "Startup Cost": 20000000000.0, "Total Cost": 2000006291406.54, "Plan Rows": 30, "Plan Width": 4, "Actual Startup Time": 650.024, "Actual Total Time": 650.024, "Actual Rows": 0, "Actual Loops": 1, "Inner Unique": false, "Plans": [{"Node Type": "Index Scan", "Parent Relationship": "Outer", "Scan Direction": "Forward", "Index Name": "company_type_pkey", "Relation Name": "company_type", "Alias": "ct", "Startup Cost": 10000000000.0, "Total Cost": 1000000001230.25, "Plan Rows": 1, "Plan Width": 4, "Actual Startup Time": 0.008, "Actual Total Time": 0.02, "Actual Rows": 1, "Actual Loops": 1, "Filter": "((kind)::text = 'production companies'::text)", "Rows Removed by Filter": 2}, {"Node Type": "Index Scan", "Parent Relationship": "Inner", "Scan Direction": "Forward", "Index Name": "company_type_id_movie_companies", "Relation Name": "movie_companies", "Alias": "mc", "Startup Cost": 10000000000.0, "Total Cost": 1000006290176.0, "Plan Rows": 29, "Plan Width": 8, "Actual Startup Time": 649.999, "Actual Total Time": 649.999, "Actual Rows": 0, "Actual Loops": 1, "Index Cond": "(company_type_id = ct.id)", "Rows Removed by Index Recheck": 0, "Filter": "(((note)::text ~~ '%(VHS)%'::text) AND ((note)::text ~~ '%(USA)%'::text) AND ((note)::text ~~ '%(1994)%'::text))", "Rows Removed by Filter": 1334883}]}]}]}]}, {"Node Type": "Index Scan", "Parent Relationship": "Inner", "Scan Direction": "Forward", "Index Name": "info_type_pkey", "Relation Name": "info_type", "Alias": "it", "Startup Cost": 10000000000.0, "Total Cost": 1000000001393.0, "Plan Rows": 112, "Plan Width": 4, "Actual Startup Time": 0.0, "Actual Total Time": 0.0}]}]}, {"Node Type": "Index Scan", "Parent Relationship": "Inner", "Scan Direction": "Forward", "Index Name": "title_pkey", "Relation Name": "title", "Alias": "t", "Startup Cost": 10000000000.0, "Total Cost": 1000011644126.66, "Plan Rows": 391451, "Plan Width": 21, "Actual Startup Time": 0.0, "Actual Total Time": 0.0, "Filter": "(production_year > 2010), (LLVM Optimized, Jit Execute)", "Rows Removed by Filter": 0}]}]}, "Triggers": [], "Planner Runtime": 13.727, "Total Runtime": 659.01, "Unique SQL Id": 328306525}}, "(64, '96')": {"explain_plan": {"Plan": {"Node Type": "Aggregate", "Strategy": "Plain", "Startup Cost": 61748.65, "Total Cost": 61748.66, "Plan Rows": 1, "Plan Width": 49, "Plans": [{"Node Type": "Nested Loop", "Parent Relationship": "Outer", "Join Type": "Inner", "Startup Cost": 0.0, "Total Cost": 61748.59, "Plan Rows": 24, "Plan Width": 17, "Inner Unique": true, "Plans": [{"Node Type": "Nested Loop", "Parent Relationship": "Outer", "Join Type": "Inner", "Startup Cost": 0.0, "Total Cost": 61741.87, "Plan Rows": 24, "Plan Width": 21, "Inner Unique": false, "Plans": [{"Node Type": "Nested Loop", "Parent Relationship": "Outer", "Join Type": "Inner", "Startup Cost": 0.0, "Total Cost": 61662.88, "Plan Rows": 32, "Plan Width": 25, "Inner Unique": true, "Plans": [{"Node Type": "Nested Loop", "Parent Relationship": "Outer", "Join Type": "Inner", "Startup Cost": 0.0, "Total Cost": 61414.41, "Plan Rows": 30, "Plan Width": 4, "Inner Unique": true, "Plans": [{"Node Type": "Seq Scan", "Parent Relationship": "Outer", "Relation Name": "movie_companies", "Alias": "mc", "Startup Cost": 0.0, "Total Cost": 61385.74, "Plan Rows": 59, "Plan Width": 8, "Filter": "(((note)::text ~~ '%(VHS)%'::text) AND ((note)::text ~~ '%(USA)%'::text) AND ((note)::text ~~ '%(1994)%'::text))"}, {"Node Type": "Index Scan", "Parent Relationship": "Inner", "Scan Direction": "Forward", "Index Name": "company_type_pkey", "Relation Name": "company_type", "Alias": "ct", "Startup Cost": 0.0, "Total Cost": 0.48, "Plan Rows": 1, "Plan Width": 4, "Index Cond": "(id = mc.company_type_id)", "Filter": "((kind)::text = 'production companies'::text)"}]}, {"Node Type": "Index Scan", "Parent Relationship": "Inner", "Scan Direction": "Forward", "Index Name": "title_pkey", "Relation Name": "title", "Alias": "t", "Startup Cost": 0.0, "Total Cost": 8.27, "Plan Rows": 1, "Plan Width": 21, "Index Cond": "(id = mc.movie_id)", "Filter": "(production_year > 2010)"}]}, {"Node Type": "Index Scan", "Parent Relationship": "Inner", "Scan Direction": "Forward", "Index Name": "movie_id_movie_info", "Relation Name": "movie_info", "Alias": "mi", "Startup Cost": 0.0, "Total Cost": 2.46, "Plan Rows": 1, "Plan Width": 8, "Index Cond": "(movie_id = t.id)", "Filter": "((info)::text = ANY ('{USA,America}'::text[]))"}]}, {"Node Type": "Index Only Scan", "Parent Relationship": "Inner", "Scan Direction": "Forward", "Index Name": "info_type_pkey", "Relation Name": "info_type", "Alias": "it", "Startup Cost": 0.0, "Total Cost": 0.27, "Plan Rows": 1, "Plan Width": 4, "Index Cond": "(id = mi.info_type_id)"}]}]}, "Unique SQL Id": 328306525, "Planner Runtime": 5}, "explain_analyze_plan": {"Plan": {"Node Type": "Aggregate", "Strategy": "Plain", "Startup Cost": 61748.65, "Total Cost": 61748.66, "Plan Rows": 1, "Plan Width": 49, "Actual Startup Time": 959.809, "Actual Total Time": 959.81, "Actual Rows": 1, "Actual Loops": 1, "Plans": [{"Node Type": "Nested Loop", "Parent Relationship": "Outer", "Join Type": "Inner", "Startup Cost": 0.0, "Total Cost": 61748.59, "Plan Rows": 24, "Plan Width": 17, "Actual Startup Time": 959.799, "Actual Total Time": 959.799, "Actual Rows": 0, "Actual Loops": 1, "Inner Unique": true, "Plans": [{"Node Type": "Nested Loop", "Parent Relationship": "Outer", "Join Type": "Inner", "Startup Cost": 0.0, "Total Cost": 61741.87, "Plan Rows": 24, "Plan Width": 21, "Actual Startup Time": 959.798, "Actual Total Time": 959.798, "Actual Rows": 0, "Actual Loops": 1, "Inner Unique": false, "Plans": [{"Node Type": "Nested Loop", "Parent Relationship": "Outer", "Join Type": "Inner", "Startup Cost": 0.0, "Total Cost": 61662.88, "Plan Rows": 32, "Plan Width": 25, "Actual Startup Time": 959.797, "Actual Total Time": 959.797, "Actual Rows": 0, "Actual Loops": 1, "Inner Unique": true, "Plans": [{"Node Type": "Nested Loop", "Parent Relationship": "Outer", "Join Type": "Inner", "Startup Cost": 0.0, "Total Cost": 61414.41, "Plan Rows": 30, "Plan Width": 4, "Actual Startup Time": 959.796, "Actual Total Time": 959.796, "Actual Rows": 0, "Actual Loops": 1, "Inner Unique": true, "Plans": [{"Node Type": "Seq Scan", "Parent Relationship": "Outer", "Relation Name": "movie_companies", "Alias": "mc", "Startup Cost": 0.0, "Total Cost": 61385.74, "Plan Rows": 59, "Plan Width": 8, "Actual Startup Time": 3.997, "Actual Total Time": 957.979, "Actual Rows": 1418, "Actual Loops": 1, "Filter": "(((note)::text ~~ '%(VHS)%'::text) AND ((note)::text ~~ '%(USA)%'::text) AND ((note)::text ~~ '%(1994)%'::text))", "Rows Removed by Filter": 2607710}, {"Node Type": "Index Scan", "Parent Relationship": "Inner", "Scan Direction": "Forward", "Index Name": "company_type_pkey", "Relation Name": "company_type", "Alias": "ct", "Startup Cost": 0.0, "Total Cost": 0.48, "Plan Rows": 1, "Plan Width": 4, "Actual Startup Time": 0.994, "Actual Total Time": 0.994, "Actual Rows": 0, "Actual Loops": 1418, "Index Cond": "(id = mc.company_type_id)", "Rows Removed by Index Recheck": 0, "Filter": "((kind)::text = 'production companies'::text)", "Rows Removed by Filter": 0}]}, {"Node Type": "Index Scan", "Parent Relationship": "Inner", "Scan Direction": "Forward", "Index Name": "title_pkey", "Relation Name": "title", "Alias": "t", "Startup Cost": 0.0, "Total Cost": 8.27, "Plan Rows": 1, "Plan Width": 21, "Actual Startup Time": 0.0, "Actual Total Time": 0.0, "Index Cond": "(id = mc.movie_id)", "Rows Removed by Index Recheck": 0, "Filter": "(production_year > 2010)", "Rows Removed by Filter": 0}]}, {"Node Type": "Index Scan", "Parent Relationship": "Inner", "Scan Direction": "Forward", "Index Name": "movie_id_movie_info", "Relation Name": "movie_info", "Alias": "mi", "Startup Cost": 0.0, "Total Cost": 2.46, "Plan Rows": 1, "Plan Width": 8, "Actual Startup Time": 0.0, "Actual Total Time": 0.0, "Index Cond": "(movie_id = t.id)", "Rows Removed by Index Recheck": 0, "Filter": "((info)::text = ANY ('{USA,America}'::text[]))", "Rows Removed by Filter": 0}]}, {"Node Type": "Index Only Scan", "Parent Relationship": "Inner", "Scan Direction": "Forward", "Index Name": "info_type_pkey", "Relation Name": "info_type", "Alias": "it", "Startup Cost": 0.0, "Total Cost": 0.27, "Plan Rows": 1, "Plan Width": 4, "Actual Startup Time": 0.0, "Actual Total Time": 0.0, "Index Cond": "(id = mi.info_type_id)", "Rows Removed by Index Recheck": 0, "Heap Fetches": 0}]}]}, "Triggers": [], "Planner Runtime": 8.31, "Total Runtime": 960.184, "Unique SQL Id": 328306525}}, "(64, '97')": {"explain_plan": {"Plan": {"Node Type": "Aggregate", "Strategy": "Plain", "Startup Cost": 63248.6, "Total Cost": 63248.61, "Plan Rows": 1, "Plan Width": 49, "Plans": [{"Node Type": "Nested Loop", "Parent Relationship": "Outer", "Join Type": "Inner", "Startup Cost": 0.0, "Total Cost": 63248.54, "Plan Rows": 24, "Plan Width": 17, "Inner Unique": true, "Plans": [{"Node Type": "Nested Loop", "Parent Relationship": "Outer", "Join Type": "Inner", "Startup Cost": 0.0, "Total Cost": 63241.82, "Plan Rows": 24, "Plan Width": 21, "Inner Unique": false, "Plans": [{"Node Type": "Nested Loop", "Parent Relationship": "Outer", "Join Type": "Inner", "Startup Cost": 0.0, "Total Cost": 63162.83, "Plan Rows": 32, "Plan Width": 25, "Inner Unique": true, "Plans": [{"Node Type": "Nested Loop", "Parent Relationship": "Outer", "Join Type": "Inner", "Startup Cost": 0.0, "Total Cost": 62914.35, "Plan Rows": 30, "Plan Width": 4, "Inner Unique": false, "Plans": [{"Node Type": "Index Scan", "Parent Relationship": "Outer", "Scan Direction": "Forward", "Index Name": "company_type_pkey", "Relation Name": "company_type", "Alias": "ct", "Startup Cost": 0.0, "Total Cost": 12.3, "Plan Rows": 1, "Plan Width": 4, "Filter": "((kind)::text = 'production companies'::text)"}, {"Node Type": "Index Scan", "Parent Relationship": "Inner", "Scan Direction": "Forward", "Index Name": "company_type_id_movie_companies", "Relation Name": "movie_companies", "Alias": "mc", "Startup Cost": 0.0, "Total Cost": 62901.76, "Plan Rows": 29, "Plan Width": 8, "Index Cond": "(company_type_id = ct.id)", "Filter": "(((note)::text ~~ '%(VHS)%'::text) AND ((note)::text ~~ '%(USA)%'::text) AND ((note)::text ~~ '%(1994)%'::text))"}]}, {"Node Type": "Index Scan", "Parent Relationship": "Inner", "Scan Direction": "Forward", "Index Name": "title_pkey", "Relation Name": "title", "Alias": "t", "Startup Cost": 0.0, "Total Cost": 8.27, "Plan Rows": 1, "Plan Width": 21, "Index Cond": "(id = mc.movie_id)", "Filter": "(production_year > 2010)"}]}, {"Node Type": "Index Scan", "Parent Relationship": "Inner", "Scan Direction": "Forward", "Index Name": "movie_id_movie_info", "Relation Name": "movie_info", "Alias": "mi", "Startup Cost": 0.0, "Total Cost": 2.46, "Plan Rows": 1, "Plan Width": 8, "Index Cond": "(movie_id = t.id)", "Filter": "((info)::text = ANY ('{USA,America}'::text[]))"}]}, {"Node Type": "Index Only Scan", "Parent Relationship": "Inner", "Scan Direction": "Forward", "Index Name": "info_type_pkey", "Relation Name": "info_type", "Alias": "it", "Startup Cost": 0.0, "Total Cost": 0.27, "Plan Rows": 1, "Plan Width": 4, "Index Cond": "(id = mi.info_type_id)"}]}]}, "Unique SQL Id": 328306525, "Planner Runtime": 4}, "explain_analyze_plan": {"Plan": {"Node Type": "Aggregate", "Strategy": "Plain", "Startup Cost": 63248.6, "Total Cost": 63248.61, "Plan Rows": 1, "Plan Width": 49, "Actual Startup Time": 712.178, "Actual Total Time": 712.179, "Actual Rows": 1, "Actual Loops": 1, "Plans": [{"Node Type": "Nested Loop", "Parent Relationship": "Outer", "Join Type": "Inner", "Startup Cost": 0.0, "Total Cost": 63248.54, "Plan Rows": 24, "Plan Width": 17, "Actual Startup Time": 712.172, "Actual Total Time": 712.172, "Actual Rows": 0, "Actual Loops": 1, "Inner Unique": true, "Plans": [{"Node Type": "Nested Loop", "Parent Relationship": "Outer", "Join Type": "Inner", "Startup Cost": 0.0, "Total Cost": 63241.82, "Plan Rows": 24, "Plan Width": 21, "Actual Startup Time": 712.17, "Actual Total Time": 712.17, "Actual Rows": 0, "Actual Loops": 1, "Inner Unique": false, "Plans": [{"Node Type": "Nested Loop", "Parent Relationship": "Outer", "Join Type": "Inner", "Startup Cost": 0.0, "Total Cost": 63162.83, "Plan Rows": 32, "Plan Width": 25, "Actual Startup Time": 712.168, "Actual Total Time": 712.168, "Actual Rows": 0, "Actual Loops": 1, "Inner Unique": true, "Plans": [{"Node Type": "Nested Loop", "Parent Relationship": "Outer", "Join Type": "Inner", "Startup Cost": 0.0, "Total Cost": 62914.35, "Plan Rows": 30, "Plan Width": 4, "Actual Startup Time": 712.166, "Actual Total Time": 712.166, "Actual Rows": 0, "Actual Loops": 1, "Inner Unique": false, "Plans": [{"Node Type": "Index Scan", "Parent Relationship": "Outer", "Scan Direction": "Forward", "Index Name": "company_type_pkey", "Relation Name": "company_type", "Alias": "ct", "Startup Cost": 0.0, "Total Cost": 12.3, "Plan Rows": 1, "Plan Width": 4, "Actual Startup Time": 0.013, "Actual Total Time": 0.024, "Actual Rows": 1, "Actual Loops": 1, "Filter": "((kind)::text = 'production companies'::text)", "Rows Removed by Filter": 2}, {"Node Type": "Index Scan", "Parent Relationship": "Inner", "Scan Direction": "Forward", "Index Name": "company_type_id_movie_companies", "Relation Name": "movie_companies", "Alias": "mc", "Startup Cost": 0.0, "Total Cost": 62901.76, "Plan Rows": 29, "Plan Width": 8, "Actual Startup Time": 712.136, "Actual Total Time": 712.136, "Actual Rows": 0, "Actual Loops": 1, "Index Cond": "(company_type_id = ct.id)", "Rows Removed by Index Recheck": 0, "Filter": "(((note)::text ~~ '%(VHS)%'::text) AND ((note)::text ~~ '%(USA)%'::text) AND ((note)::text ~~ '%(1994)%'::text))", "Rows Removed by Filter": 1334883}]}, {"Node Type": "Index Scan", "Parent Relationship": "Inner", "Scan Direction": "Forward", "Index Name": "title_pkey", "Relation Name": "title", "Alias": "t", "Startup Cost": 0.0, "Total Cost": 8.27, "Plan Rows": 1, "Plan Width": 21, "Actual Startup Time": 0.0, "Actual Total Time": 0.0, "Index Cond": "(id = mc.movie_id)", "Rows Removed by Index Recheck": 0, "Filter": "(production_year > 2010)", "Rows Removed by Filter": 0}]}, {"Node Type": "Index Scan", "Parent Relationship": "Inner", "Scan Direction": "Forward", "Index Name": "movie_id_movie_info", "Relation Name": "movie_info", "Alias": "mi", "Startup Cost": 0.0, "Total Cost": 2.46, "Plan Rows": 1, "Plan Width": 8, "Actual Startup Time": 0.0, "Actual Total Time": 0.0, "Index Cond": "(movie_id = t.id)", "Rows Removed by Index Recheck": 0, "Filter": "((info)::text = ANY ('{USA,America}'::text[]))", "Rows Removed by Filter": 0}]}, {"Node Type": "Index Only Scan", "Parent Relationship": "Inner", "Scan Direction": "Forward", "Index Name": "info_type_pkey", "Relation Name": "info_type", "Alias": "it", "Startup Cost": 0.0, "Total Cost": 0.27, "Plan Rows": 1, "Plan Width": 4, "Actual Startup Time": 0.0, "Actual Total Time": 0.0, "Index Cond": "(id = mi.info_type_id)", "Rows Removed by Index Recheck": 0, "Heap Fetches": 0}]}]}, "Triggers": [], "Planner Runtime": 9.362, "Total Runtime": 712.43, "Unique SQL Id": 328306525}}, "(64, '98')": {"explain_plan": {"Plan": {"Node Type": "Aggregate", "Strategy": "Plain", "Startup Cost": 62362.01, "Total Cost": 62362.02, "Plan Rows": 1, "Plan Width": 49, "Plans": [{"Node Type": "Nested Loop", "Parent Relationship": "Outer", "Join Type": "Inner", "Startup Cost": 5.92, "Total Cost": 62361.95, "Plan Rows": 24, "Plan Width": 17, "Inner Unique": true, "Plans": [{"Node Type": "Nested Loop", "Parent Relationship": "Outer", "Join Type": "Inner", "Startup Cost": 5.66, "Total Cost": 62259.23, "Plan Rows": 24, "Plan Width": 21, "Inner Unique": true, "Plans": [{"Node Type": "Nested Loop", "Parent Relationship": "Outer", "Join Type": "Inner", "Startup Cost": 5.34, "Total Cost": 62115.81, "Plan Rows": 33, "Plan Width": 12, "Inner Unique": false, "Plans": [{"Node Type": "Hash Join", "Parent Relationship": "Outer", "Join Type": "Inner", "Startup Cost": 1.05, "Total Cost": 61387.24, "Plan Rows": 30, "Plan Width": 4, "Inner Unique": true, "Hash Cond": "(mc.company_type_id = ct.id)", "Plans": [{"Node Type": "Seq Scan", "Parent Relationship": "Outer", "Relation Name": "movie_companies", "Alias": "mc", "Startup Cost": 0.0, "Total Cost": 61385.74, "Plan Rows": 59, "Plan Width": 8, "Filter": "(((note)::text ~~ '%(VHS)%'::text) AND ((note)::text ~~ '%(USA)%'::text) AND ((note)::text ~~ '%(1994)%'::text))"}, {"Node Type": "Hash", "Parent Relationship": "Inner", "Startup Cost": 1.04, "Total Cost": 1.04, "Plan Rows": 1, "Plan Width": 4, "Plans": [{"Node Type": "Seq Scan", "Parent Relationship": "Outer", "Relation Name": "company_type", "Alias": "ct", "Startup Cost": 0.0, "Total Cost": 1.04, "Plan Rows": 1, "Plan Width": 4, "Filter": "((kind)::text = 'production companies'::text)"}]}]}, {"Node Type": "Bitmap Heap Scan", "Parent Relationship": "Inner", "Relation Name": "movie_info", "Alias": "mi", "Startup Cost": 4.29, "Total Cost": 24.28, "Plan Rows": 1, "Plan Width": 8, "Recheck Cond": "(movie_id = mc.movie_id)", "Filter": "((info)::text = ANY ('{USA,America}'::text[]))", "Plans": [{"Node Type": "Bitmap Index Scan", "Parent Relationship": "Outer", "Index Name": "movie_id_movie_info", "Startup Cost": 0.0, "Total Cost": 4.29, "Plan Rows": 5, "Plan Width": 0, "Index Cond": "(movie_id = mc.movie_id)"}]}]}, {"Node Type": "Bitmap Heap Scan", "Parent Relationship": "Inner", "Relation Name": "title", "Alias": "t", "Startup Cost": 0.32, "Total Cost": 4.34, "Plan Rows": 1, "Plan Width": 21, "Recheck Cond": "(id = mi.movie_id)", "Filter": "(production_year > 2010)", "Plans": [{"Node Type": "Bitmap Index Scan", "Parent Relationship": "Outer", "Index Name": "title_pkey", "Startup Cost": 0.0, "Total Cost": 0.32, "Plan Rows": 1, "Plan Width": 0, "Index Cond": "(id = mi.movie_id)"}]}]}, {"Node Type": "Bitmap Heap Scan", "Parent Relationship": "Inner", "Relation Name": "info_type", "Alias": "it", "Startup Cost": 0.26, "Total Cost": 4.27, "Plan Rows": 1, "Plan Width": 4, "Recheck Cond": "(id = mi.info_type_id)", "Plans": [{"Node Type": "Bitmap Index Scan", "Parent Relationship": "Outer", "Index Name": "info_type_pkey", "Startup Cost": 0.0, "Total Cost": 0.26, "Plan Rows": 1, "Plan Width": 0, "Index Cond": "(id = mi.info_type_id)"}]}]}]}, "Unique SQL Id": 328306525, "Planner Runtime": 6}, "explain_analyze_plan": {"Plan": {"Node Type": "Aggregate", "Strategy": "Plain", "Startup Cost": 62362.01, "Total Cost": 62362.02, "Plan Rows": 1, "Plan Width": 49, "Actual Startup Time": 967.916, "Actual Total Time": 967.916, "Actual Rows": 1, "Actual Loops": 1, "Plans": [{"Node Type": "Nested Loop", "Parent Relationship": "Outer", "Join Type": "Inner", "Startup Cost": 5.92, "Total Cost": 62361.95, "Plan Rows": 24, "Plan Width": 17, "Actual Startup Time": 967.908, "Actual Total Time": 967.908, "Actual Rows": 0, "Actual Loops": 1, "Inner Unique": true, "Plans": [{"Node Type": "Nested Loop", "Parent Relationship": "Outer", "Join Type": "Inner", "Startup Cost": 5.66, "Total Cost": 62259.23, "Plan Rows": 24, "Plan Width": 21, "Actual Startup Time": 967.906, "Actual Total Time": 967.906, "Actual Rows": 0, "Actual Loops": 1, "Inner Unique": true, "Plans": [{"Node Type": "Nested Loop", "Parent Relationship": "Outer", "Join Type": "Inner", "Startup Cost": 5.34, "Total Cost": 62115.81, "Plan Rows": 33, "Plan Width": 12, "Actual Startup Time": 967.905, "Actual Total Time": 967.905, "Actual Rows": 0, "Actual Loops": 1, "Inner Unique": false, "Plans": [{"Node Type": "Hash Join", "Parent Relationship": "Outer", "Join Type": "Inner", "Startup Cost": 1.05, "Total Cost": 61387.24, "Plan Rows": 30, "Plan Width": 4, "Actual Startup Time": 967.863, "Actual Total Time": 967.863, "Actual Rows": 0, "Actual Loops": 1, "Inner Unique": true, "Hash Cond": "(mc.company_type_id = ct.id)", "Plans": [{"Node Type": "Seq Scan", "Parent Relationship": "Outer", "Relation Name": "movie_companies", "Alias": "mc", "Startup Cost": 0.0, "Total Cost": 61385.74, "Plan Rows": 59, "Plan Width": 8, "Actual Startup Time": 4.074, "Actual Total Time": 967.403, "Actual Rows": 1418, "Actual Loops": 1, "Filter": "(((note)::text ~~ '%(VHS)%'::text) AND ((note)::text ~~ '%(USA)%'::text) AND ((note)::text ~~ '%(1994)%'::text))", "Rows Removed by Filter": 2607710}, {"Node Type": "Hash", "Parent Relationship": "Inner", "Startup Cost": 1.04, "Total Cost": 1.04, "Plan Rows": 1, "Plan Width": 4, "Actual Startup Time": 0.027, "Actual Total Time": 0.027, "Actual Rows": 1, "Actual Loops": 1, "Hash Buckets": 32768, "Hash Batches": 1, "Original Hash Batches": 1, "Peak Memory Usage": 1, "Plans": [{"Node Type": "Seq Scan", "Parent Relationship": "Outer", "Relation Name": "company_type", "Alias": "ct", "Startup Cost": 0.0, "Total Cost": 1.04, "Plan Rows": 1, "Plan Width": 4, "Actual Startup Time": 0.012, "Actual Total Time": 0.014, "Actual Rows": 1, "Actual Loops": 1, "Filter": "((kind)::text = 'production companies'::text)", "Rows Removed by Filter": 2}]}]}, {"Node Type": "Bitmap Heap Scan", "Parent Relationship": "Inner", "Relation Name": "movie_info", "Alias": "mi", "Startup Cost": 4.29, "Total Cost": 24.28, "Plan Rows": 1, "Plan Width": 8, "Actual Startup Time": 0.0, "Actual Total Time": 0.0, "Recheck Cond": "(movie_id = mc.movie_id)", "Rows Removed by Index Recheck": 0, "Filter": "((info)::text = ANY ('{USA,America}'::text[]))", "Rows Removed by Filter": 0, "Exact Heap Blocks": 0, "Lossy Heap Blocks": 0, "Plans": [{"Node Type": "Bitmap Index Scan", "Parent Relationship": "Outer", "Index Name": "movie_id_movie_info", "Startup Cost": 0.0, "Total Cost": 4.29, "Plan Rows": 5, "Plan Width": 0, "Actual Startup Time": 0.0, "Actual Total Time": 0.0, "Index Cond": "(movie_id = mc.movie_id)"}]}]}, {"Node Type": "Bitmap Heap Scan", "Parent Relationship": "Inner", "Relation Name": "title", "Alias": "t", "Startup Cost": 0.32, "Total Cost": 4.34, "Plan Rows": 1, "Plan Width": 21, "Actual Startup Time": 0.0, "Actual Total Time": 0.0, "Recheck Cond": "(id = mi.movie_id)", "Rows Removed by Index Recheck": 0, "Filter": "(production_year > 2010)", "Rows Removed by Filter": 0, "Exact Heap Blocks": 0, "Lossy Heap Blocks": 0, "Plans": [{"Node Type": "Bitmap Index Scan", "Parent Relationship": "Outer", "Index Name": "title_pkey", "Startup Cost": 0.0, "Total Cost": 0.32, "Plan Rows": 1, "Plan Width": 0, "Actual Startup Time": 0.0, "Actual Total Time": 0.0, "Index Cond": "(id = mi.movie_id)"}]}]}, {"Node Type": "Bitmap Heap Scan", "Parent Relationship": "Inner", "Relation Name": "info_type", "Alias": "it", "Startup Cost": 0.26, "Total Cost": 4.27, "Plan Rows": 1, "Plan Width": 4, "Actual Startup Time": 0.0, "Actual Total Time": 0.0, "Recheck Cond": "(id = mi.info_type_id)", "Rows Removed by Index Recheck": 0, "Exact Heap Blocks": 0, "Lossy Heap Blocks": 0, "Plans": [{"Node Type": "Bitmap Index Scan", "Parent Relationship": "Outer", "Index Name": "info_type_pkey", "Startup Cost": 0.0, "Total Cost": 0.26, "Plan Rows": 1, "Plan Width": 0, "Actual Startup Time": 0.0, "Actual Total Time": 0.0, "Index Cond": "(id = mi.info_type_id)"}]}]}]}, "Triggers": [], "Planner Runtime": 9.049, "Total Runtime": 968.295, "Unique SQL Id": 328306525}}, "(64, '99')": {"explain_plan": {"Plan": {"Node Type": "Aggregate", "Strategy": "Plain", "Startup Cost": 71749.13, "Total Cost": 71749.14, "Plan Rows": 1, "Plan Width": 49, "Plans": [{"Node Type": "Nested Loop", "Parent Relationship": "Outer", "Join Type": "Inner", "Startup Cost": 28957.62, "Total Cost": 71749.07, "Plan Rows": 24, "Plan Width": 17, "Inner Unique": true, "Plans": [{"Node Type": "Nested Loop", "Parent Relationship": "Outer", "Join Type": "Inner", "Startup Cost": 28957.36, "Total Cost": 71646.35, "Plan Rows": 24, "Plan Width": 21, "Inner Unique": true, "Plans": [{"Node Type": "Nested Loop", "Parent Relationship": "Outer", "Join Type": "Inner", "Startup Cost": 28957.04, "Total Cost": 71502.93, "Plan Rows": 33, "Plan Width": 12, "Inner Unique": false, "Plans": [{"Node Type": "Nested Loop", "Parent Relationship": "Outer", "Join Type": "Inner", "Startup Cost": 28952.75, "Total Cost": 70774.36, "Plan Rows": 30, "Plan Width": 4, "Inner Unique": false, "Plans": [{"Node Type": "Bitmap Heap Scan", "Parent Relationship": "Outer", "Relation Name": "company_type", "Alias": "ct", "Startup Cost": 8.27, "Total Cost": 12.3, "Plan Rows": 1, "Plan Width": 4, "Filter": "((kind)::text = 'production companies'::text)", "Plans": [{"Node Type": "Bitmap Index Scan", "Parent Relationship": "Outer", "Index Name": "company_type_pkey", "Startup Cost": 0.0, "Total Cost": 8.27, "Plan Rows": 3, "Plan Width": 0}]}, {"Node Type": "Bitmap Heap Scan", "Parent Relationship": "Inner", "Relation Name": "movie_companies", "Alias": "mc", "Startup Cost": 28944.49, "Total Cost": 70761.77, "Plan Rows": 29, "Plan Width": 8, "Recheck Cond": "(company_type_id = ct.id)", "Filter": "(((note)::text ~~ '%(VHS)%'::text) AND ((note)::text ~~ '%(USA)%'::text) AND ((note)::text ~~ '%(1994)%'::text))", "Plans": [{"Node Type": "Bitmap Index Scan", "Parent Relationship": "Outer", "Index Name": "company_type_id_movie_companies", "Startup Cost": 0.0, "Total Cost": 28944.48, "Plan Rows": 1304564, "Plan Width": 0, "Index Cond": "(company_type_id = ct.id)"}]}]}, {"Node Type": "Bitmap Heap Scan", "Parent Relationship": "Inner", "Relation Name": "movie_info", "Alias": "mi", "Startup Cost": 4.29, "Total Cost": 24.28, "Plan Rows": 1, "Plan Width": 8, "Recheck Cond": "(movie_id = mc.movie_id)", "Filter": "((info)::text = ANY ('{USA,America}'::text[]))", "Plans": [{"Node Type": "Bitmap Index Scan", "Parent Relationship": "Outer", "Index Name": "movie_id_movie_info", "Startup Cost": 0.0, "Total Cost": 4.29, "Plan Rows": 5, "Plan Width": 0, "Index Cond": "(movie_id = mc.movie_id)"}]}]}, {"Node Type": "Bitmap Heap Scan", "Parent Relationship": "Inner", "Relation Name": "title", "Alias": "t", "Startup Cost": 0.32, "Total Cost": 4.34, "Plan Rows": 1, "Plan Width": 21, "Recheck Cond": "(id = mi.movie_id)", "Filter": "(production_year > 2010)", "Plans": [{"Node Type": "Bitmap Index Scan", "Parent Relationship": "Outer", "Index Name": "title_pkey", "Startup Cost": 0.0, "Total Cost": 0.32, "Plan Rows": 1, "Plan Width": 0, "Index Cond": "(id = mi.movie_id)"}]}]}, {"Node Type": "Bitmap Heap Scan", "Parent Relationship": "Inner", "Relation Name": "info_type", "Alias": "it", "Startup Cost": 0.26, "Total Cost": 4.27, "Plan Rows": 1, "Plan Width": 4, "Recheck Cond": "(id = mi.info_type_id)", "Plans": [{"Node Type": "Bitmap Index Scan", "Parent Relationship": "Outer", "Index Name": "info_type_pkey", "Startup Cost": 0.0, "Total Cost": 0.26, "Plan Rows": 1, "Plan Width": 0, "Index Cond": "(id = mi.info_type_id)"}]}]}]}, "Unique SQL Id": 328306525, "Planner Runtime": 4}, "explain_analyze_plan": {"Plan": {"Node Type": "Aggregate", "Strategy": "Plain", "Startup Cost": 71749.13, "Total Cost": 71749.14, "Plan Rows": 1, "Plan Width": 49, "Actual Startup Time": 576.153, "Actual Total Time": 576.154, "Actual Rows": 1, "Actual Loops": 1, "Plans": [{"Node Type": "Nested Loop", "Parent Relationship": "Outer", "Join Type": "Inner", "Startup Cost": 28957.62, "Total Cost": 71749.07, "Plan Rows": 24, "Plan Width": 17, "Actual Startup Time": 576.145, "Actual Total Time": 576.145, "Actual Rows": 0, "Actual Loops": 1, "Inner Unique": true, "Plans": [{"Node Type": "Nested Loop", "Parent Relationship": "Outer", "Join Type": "Inner", "Startup Cost": 28957.36, "Total Cost": 71646.35, "Plan Rows": 24, "Plan Width": 21, "Actual Startup Time": 576.144, "Actual Total Time": 576.144, "Actual Rows": 0, "Actual Loops": 1, "Inner Unique": true, "Plans": [{"Node Type": "Nested Loop", "Parent Relationship": "Outer", "Join Type": "Inner", "Startup Cost": 28957.04, "Total Cost": 71502.93, "Plan Rows": 33, "Plan Width": 12, "Actual Startup Time": 576.143, "Actual Total Time": 576.143, "Actual Rows": 0, "Actual Loops": 1, "Inner Unique": false, "Plans": [{"Node Type": "Nested Loop", "Parent Relationship": "Outer", "Join Type": "Inner", "Startup Cost": 28952.75, "Total Cost": 70774.36, "Plan Rows": 30, "Plan Width": 4, "Actual Startup Time": 576.141, "Actual Total Time": 576.141, "Actual Rows": 0, "Actual Loops": 1, "Inner Unique": false, "Plans": [{"Node Type": "Bitmap Heap Scan", "Parent Relationship": "Outer", "Relation Name": "company_type", "Alias": "ct", "Startup Cost": 8.27, "Total Cost": 12.3, "Plan Rows": 1, "Plan Width": 4, "Actual Startup Time": 0.029, "Actual Total Time": 0.034, "Actual Rows": 1, "Actual Loops": 1, "Filter": "((kind)::text = 'production companies'::text)", "Rows Removed by Filter": 2, "Exact Heap Blocks": 1, "Lossy Heap Blocks": 1, "Plans": [{"Node Type": "Bitmap Index Scan", "Parent Relationship": "Outer", "Index Name": "company_type_pkey", "Startup Cost": 0.0, "Total Cost": 8.27, "Plan Rows": 3, "Plan Width": 0, "Actual Startup Time": 0.009, "Actual Total Time": 0.009, "Actual Rows": 3, "Actual Loops": 1}]}, {"Node Type": "Bitmap Heap Scan", "Parent Relationship": "Inner", "Relation Name": "movie_companies", "Alias": "mc", "Startup Cost": 28944.49, "Total Cost": 70761.77, "Plan Rows": 29, "Plan Width": 8, "Actual Startup Time": 576.098, "Actual Total Time": 576.098, "Actual Rows": 0, "Actual Loops": 1, "Recheck Cond": "(company_type_id = ct.id)", "Rows Removed by Index Recheck": 0, "Filter": "(((note)::text ~~ '%(VHS)%'::text) AND ((note)::text ~~ '%(USA)%'::text) AND ((note)::text ~~ '%(1994)%'::text))", "Rows Removed by Filter": 1334883, "Exact Heap Blocks": 6196, "Lossy Heap Blocks": 6196, "Plans": [{"Node Type": "Bitmap Index Scan", "Parent Relationship": "Outer", "Index Name": "company_type_id_movie_companies", "Startup Cost": 0.0, "Total Cost": 28944.48, "Plan Rows": 1304564, "Plan Width": 0, "Actual Startup Time": 146.94, "Actual Total Time": 146.94, "Actual Rows": 1334883, "Actual Loops": 1, "Index Cond": "(company_type_id = ct.id)"}]}]}, {"Node Type": "Bitmap Heap Scan", "Parent Relationship": "Inner", "Relation Name": "movie_info", "Alias": "mi", "Startup Cost": 4.29, "Total Cost": 24.28, "Plan Rows": 1, "Plan Width": 8, "Actual Startup Time": 0.0, "Actual Total Time": 0.0, "Recheck Cond": "(movie_id = mc.movie_id)", "Rows Removed by Index Recheck": 0, "Filter": "((info)::text = ANY ('{USA,America}'::text[]))", "Rows Removed by Filter": 0, "Exact Heap Blocks": 0, "Lossy Heap Blocks": 0, "Plans": [{"Node Type": "Bitmap Index Scan", "Parent Relationship": "Outer", "Index Name": "movie_id_movie_info", "Startup Cost": 0.0, "Total Cost": 4.29, "Plan Rows": 5, "Plan Width": 0, "Actual Startup Time": 0.0, "Actual Total Time": 0.0, "Index Cond": "(movie_id = mc.movie_id)"}]}]}, {"Node Type": "Bitmap Heap Scan", "Parent Relationship": "Inner", "Relation Name": "title", "Alias": "t", "Startup Cost": 0.32, "Total Cost": 4.34, "Plan Rows": 1, "Plan Width": 21, "Actual Startup Time": 0.0, "Actual Total Time": 0.0, "Recheck Cond": "(id = mi.movie_id)", "Rows Removed by Index Recheck": 0, "Filter": "(production_year > 2010)", "Rows Removed by Filter": 0, "Exact Heap Blocks": 0, "Lossy Heap Blocks": 0, "Plans": [{"Node Type": "Bitmap Index Scan", "Parent Relationship": "Outer", "Index Name": "title_pkey", "Startup Cost": 0.0, "Total Cost": 0.32, "Plan Rows": 1, "Plan Width": 0, "Actual Startup Time": 0.0, "Actual Total Time": 0.0, "Index Cond": "(id = mi.movie_id)"}]}]}, {"Node Type": "Bitmap Heap Scan", "Parent Relationship": "Inner", "Relation Name": "info_type", "Alias": "it", "Startup Cost": 0.26, "Total Cost": 4.27, "Plan Rows": 1, "Plan Width": 4, "Actual Startup Time": 0.0, "Actual Total Time": 0.0, "Recheck Cond": "(id = mi.info_type_id)", "Rows Removed by Index Recheck": 0, "Exact Heap Blocks": 0, "Lossy Heap Blocks": 0, "Plans": [{"Node Type": "Bitmap Index Scan", "Parent Relationship": "Outer", "Index Name": "info_type_pkey", "Startup Cost": 0.0, "Total Cost": 0.26, "Plan Rows": 1, "Plan Width": 0, "Actual Startup Time": 0.0, "Actual Total Time": 0.0, "Index Cond": "(id = mi.info_type_id)"}]}]}]}, "Triggers": [], "Planner Runtime": 8.36, "Total Runtime": 576.478, "Unique SQL Id": 328306525}}, "(64, '100')": {"explain_plan": {"Plan": {"Node Type": "Aggregate", "Strategy": "Plain", "Startup Cost": 61748.65, "Total Cost": 61748.66, "Plan Rows": 1, "Plan Width": 49, "Plans": [{"Node Type": "Nested Loop", "Parent Relationship": "Outer", "Join Type": "Inner", "Startup Cost": 0.0, "Total Cost": 61748.59, "Plan Rows": 24, "Plan Width": 17, "Inner Unique": true, "Plans": [{"Node Type": "Nested Loop", "Parent Relationship": "Outer", "Join Type": "Inner", "Startup Cost": 0.0, "Total Cost": 61741.87, "Plan Rows": 24, "Plan Width": 21, "Inner Unique": false, "Plans": [{"Node Type": "Nested Loop", "Parent Relationship": "Outer", "Join Type": "Inner", "Startup Cost": 0.0, "Total Cost": 61662.88, "Plan Rows": 32, "Plan Width": 25, "Inner Unique": true, "Plans": [{"Node Type": "Nested Loop", "Parent Relationship": "Outer", "Join Type": "Inner", "Startup Cost": 0.0, "Total Cost": 61414.41, "Plan Rows": 30, "Plan Width": 4, "Inner Unique": true, "Plans": [{"Node Type": "Seq Scan", "Parent Relationship": "Outer", "Relation Name": "movie_companies", "Alias": "mc", "Startup Cost": 0.0, "Total Cost": 61385.74, "Plan Rows": 59, "Plan Width": 8, "Filter": "(((note)::text ~~ '%(VHS)%'::text) AND ((note)::text ~~ '%(USA)%'::text) AND ((note)::text ~~ '%(1994)%'::text))"}, {"Node Type": "Index Scan", "Parent Relationship": "Inner", "Scan Direction": "Forward", "Index Name": "company_type_pkey", "Relation Name": "company_type", "Alias": "ct", "Startup Cost": 0.0, "Total Cost": 0.48, "Plan Rows": 1, "Plan Width": 4, "Index Cond": "(id = mc.company_type_id)", "Filter": "((kind)::text = 'production companies'::text)"}]}, {"Node Type": "Index Scan", "Parent Relationship": "Inner", "Scan Direction": "Forward", "Index Name": "title_pkey", "Relation Name": "title", "Alias": "t", "Startup Cost": 0.0, "Total Cost": 8.27, "Plan Rows": 1, "Plan Width": 21, "Index Cond": "(id = mc.movie_id)", "Filter": "(production_year > 2010)"}]}, {"Node Type": "Index Scan", "Parent Relationship": "Inner", "Scan Direction": "Forward", "Index Name": "movie_id_movie_info", "Relation Name": "movie_info", "Alias": "mi", "Startup Cost": 0.0, "Total Cost": 2.46, "Plan Rows": 1, "Plan Width": 8, "Index Cond": "(movie_id = t.id)", "Filter": "((info)::text = ANY ('{USA,America}'::text[]))"}]}, {"Node Type": "Index Scan", "Parent Relationship": "Inner", "Scan Direction": "Forward", "Index Name": "info_type_pkey", "Relation Name": "info_type", "Alias": "it", "Startup Cost": 0.0, "Total Cost": 0.27, "Plan Rows": 1, "Plan Width": 4, "Index Cond": "(id = mi.info_type_id)"}]}]}, "Unique SQL Id": 328306525, "Planner Runtime": 5}, "explain_analyze_plan": {"Plan": {"Node Type": "Aggregate", "Strategy": "Plain", "Startup Cost": 61748.65, "Total Cost": 61748.66, "Plan Rows": 1, "Plan Width": 49, "Actual Startup Time": 966.213, "Actual Total Time": 966.214, "Actual Rows": 1, "Actual Loops": 1, "Plans": [{"Node Type": "Nested Loop", "Parent Relationship": "Outer", "Join Type": "Inner", "Startup Cost": 0.0, "Total Cost": 61748.59, "Plan Rows": 24, "Plan Width": 17, "Actual Startup Time": 966.205, "Actual Total Time": 966.205, "Actual Rows": 0, "Actual Loops": 1, "Inner Unique": true, "Plans": [{"Node Type": "Nested Loop", "Parent Relationship": "Outer", "Join Type": "Inner", "Startup Cost": 0.0, "Total Cost": 61741.87, "Plan Rows": 24, "Plan Width": 21, "Actual Startup Time": 966.203, "Actual Total Time": 966.203, "Actual Rows": 0, "Actual Loops": 1, "Inner Unique": false, "Plans": [{"Node Type": "Nested Loop", "Parent Relationship": "Outer", "Join Type": "Inner", "Startup Cost": 0.0, "Total Cost": 61662.88, "Plan Rows": 32, "Plan Width": 25, "Actual Startup Time": 966.203, "Actual Total Time": 966.203, "Actual Rows": 0, "Actual Loops": 1, "Inner Unique": true, "Plans": [{"Node Type": "Nested Loop", "Parent Relationship": "Outer", "Join Type": "Inner", "Startup Cost": 0.0, "Total Cost": 61414.41, "Plan Rows": 30, "Plan Width": 4, "Actual Startup Time": 966.201, "Actual Total Time": 966.201, "Actual Rows": 0, "Actual Loops": 1, "Inner Unique": true, "Plans": [{"Node Type": "Seq Scan", "Parent Relationship": "Outer", "Relation Name": "movie_companies", "Alias": "mc", "Startup Cost": 0.0, "Total Cost": 61385.74, "Plan Rows": 59, "Plan Width": 8, "Actual Startup Time": 4.005, "Actual Total Time": 964.385, "Actual Rows": 1418, "Actual Loops": 1, "Filter": "(((note)::text ~~ '%(VHS)%'::text) AND ((note)::text ~~ '%(USA)%'::text) AND ((note)::text ~~ '%(1994)%'::text))", "Rows Removed by Filter": 2607710}, {"Node Type": "Index Scan", "Parent Relationship": "Inner", "Scan Direction": "Forward", "Index Name": "company_type_pkey", "Relation Name": "company_type", "Alias": "ct", "Startup Cost": 0.0, "Total Cost": 0.48, "Plan Rows": 1, "Plan Width": 4, "Actual Startup Time": 0.956, "Actual Total Time": 0.956, "Actual Rows": 0, "Actual Loops": 1418, "Index Cond": "(id = mc.company_type_id)", "Rows Removed by Index Recheck": 0, "Filter": "((kind)::text = 'production companies'::text)", "Rows Removed by Filter": 0}]}, {"Node Type": "Index Scan", "Parent Relationship": "Inner", "Scan Direction": "Forward", "Index Name": "title_pkey", "Relation Name": "title", "Alias": "t", "Startup Cost": 0.0, "Total Cost": 8.27, "Plan Rows": 1, "Plan Width": 21, "Actual Startup Time": 0.0, "Actual Total Time": 0.0, "Index Cond": "(id = mc.movie_id)", "Rows Removed by Index Recheck": 0, "Filter": "(production_year > 2010)", "Rows Removed by Filter": 0}]}, {"Node Type": "Index Scan", "Parent Relationship": "Inner", "Scan Direction": "Forward", "Index Name": "movie_id_movie_info", "Relation Name": "movie_info", "Alias": "mi", "Startup Cost": 0.0, "Total Cost": 2.46, "Plan Rows": 1, "Plan Width": 8, "Actual Startup Time": 0.0, "Actual Total Time": 0.0, "Index Cond": "(movie_id = t.id)", "Rows Removed by Index Recheck": 0, "Filter": "((info)::text = ANY ('{USA,America}'::text[]))", "Rows Removed by Filter": 0}]}, {"Node Type": "Index Scan", "Parent Relationship": "Inner", "Scan Direction": "Forward", "Index Name": "info_type_pkey", "Relation Name": "info_type", "Alias": "it", "Startup Cost": 0.0, "Total Cost": 0.27, "Plan Rows": 1, "Plan Width": 4, "Actual Startup Time": 0.0, "Actual Total Time": 0.0, "Index Cond": "(id = mi.info_type_id)", "Rows Removed by Index Recheck": 0}]}]}, "Triggers": [], "Planner Runtime": 8.359, "Total Runtime": 966.465, "Unique SQL Id": 328306525}}, "(64, '101')": {"explain_plan": {"Plan": {"Node Type": "Aggregate", "Strategy": "Plain", "Startup Cost": 63248.6, "Total Cost": 63248.61, "Plan Rows": 1, "Plan Width": 49, "Plans": [{"Node Type": "Nested Loop", "Parent Relationship": "Outer", "Join Type": "Inner", "Startup Cost": 0.0, "Total Cost": 63248.54, "Plan Rows": 24, "Plan Width": 17, "Inner Unique": true, "Plans": [{"Node Type": "Nested Loop", "Parent Relationship": "Outer", "Join Type": "Inner", "Startup Cost": 0.0, "Total Cost": 63241.82, "Plan Rows": 24, "Plan Width": 21, "Inner Unique": false, "Plans": [{"Node Type": "Nested Loop", "Parent Relationship": "Outer", "Join Type": "Inner", "Startup Cost": 0.0, "Total Cost": 63162.83, "Plan Rows": 32, "Plan Width": 25, "Inner Unique": true, "Plans": [{"Node Type": "Nested Loop", "Parent Relationship": "Outer", "Join Type": "Inner", "Startup Cost": 0.0, "Total Cost": 62914.35, "Plan Rows": 30, "Plan Width": 4, "Inner Unique": false, "Plans": [{"Node Type": "Index Scan", "Parent Relationship": "Outer", "Scan Direction": "Forward", "Index Name": "company_type_pkey", "Relation Name": "company_type", "Alias": "ct", "Startup Cost": 0.0, "Total Cost": 12.3, "Plan Rows": 1, "Plan Width": 4, "Filter": "((kind)::text = 'production companies'::text)"}, {"Node Type": "Index Scan", "Parent Relationship": "Inner", "Scan Direction": "Forward", "Index Name": "company_type_id_movie_companies", "Relation Name": "movie_companies", "Alias": "mc", "Startup Cost": 0.0, "Total Cost": 62901.76, "Plan Rows": 29, "Plan Width": 8, "Index Cond": "(company_type_id = ct.id)", "Filter": "(((note)::text ~~ '%(VHS)%'::text) AND ((note)::text ~~ '%(USA)%'::text) AND ((note)::text ~~ '%(1994)%'::text))"}]}, {"Node Type": "Index Scan", "Parent Relationship": "Inner", "Scan Direction": "Forward", "Index Name": "title_pkey", "Relation Name": "title", "Alias": "t", "Startup Cost": 0.0, "Total Cost": 8.27, "Plan Rows": 1, "Plan Width": 21, "Index Cond": "(id = mc.movie_id)", "Filter": "(production_year > 2010)"}]}, {"Node Type": "Index Scan", "Parent Relationship": "Inner", "Scan Direction": "Forward", "Index Name": "movie_id_movie_info", "Relation Name": "movie_info", "Alias": "mi", "Startup Cost": 0.0, "Total Cost": 2.46, "Plan Rows": 1, "Plan Width": 8, "Index Cond": "(movie_id = t.id)", "Filter": "((info)::text = ANY ('{USA,America}'::text[]))"}]}, {"Node Type": "Index Scan", "Parent Relationship": "Inner", "Scan Direction": "Forward", "Index Name": "info_type_pkey", "Relation Name": "info_type", "Alias": "it", "Startup Cost": 0.0, "Total Cost": 0.27, "Plan Rows": 1, "Plan Width": 4, "Index Cond": "(id = mi.info_type_id)"}]}]}, "Unique SQL Id": 328306525, "Planner Runtime": 4}, "explain_analyze_plan": {"Plan": {"Node Type": "Aggregate", "Strategy": "Plain", "Startup Cost": 63248.6, "Total Cost": 63248.61, "Plan Rows": 1, "Plan Width": 49, "Actual Startup Time": 707.469, "Actual Total Time": 707.469, "Actual Rows": 1, "Actual Loops": 1, "Plans": [{"Node Type": "Nested Loop", "Parent Relationship": "Outer", "Join Type": "Inner", "Startup Cost": 0.0, "Total Cost": 63248.54, "Plan Rows": 24, "Plan Width": 17, "Actual Startup Time": 707.462, "Actual Total Time": 707.462, "Actual Rows": 0, "Actual Loops": 1, "Inner Unique": true, "Plans": [{"Node Type": "Nested Loop", "Parent Relationship": "Outer", "Join Type": "Inner", "Startup Cost": 0.0, "Total Cost": 63241.82, "Plan Rows": 24, "Plan Width": 21, "Actual Startup Time": 707.46, "Actual Total Time": 707.46, "Actual Rows": 0, "Actual Loops": 1, "Inner Unique": false, "Plans": [{"Node Type": "Nested Loop", "Parent Relationship": "Outer", "Join Type": "Inner", "Startup Cost": 0.0, "Total Cost": 63162.83, "Plan Rows": 32, "Plan Width": 25, "Actual Startup Time": 707.458, "Actual Total Time": 707.458, "Actual Rows": 0, "Actual Loops": 1, "Inner Unique": true, "Plans": [{"Node Type": "Nested Loop", "Parent Relationship": "Outer", "Join Type": "Inner", "Startup Cost": 0.0, "Total Cost": 62914.35, "Plan Rows": 30, "Plan Width": 4, "Actual Startup Time": 707.457, "Actual Total Time": 707.457, "Actual Rows": 0, "Actual Loops": 1, "Inner Unique": false, "Plans": [{"Node Type": "Index Scan", "Parent Relationship": "Outer", "Scan Direction": "Forward", "Index Name": "company_type_pkey", "Relation Name": "company_type", "Alias": "ct", "Startup Cost": 0.0, "Total Cost": 12.3, "Plan Rows": 1, "Plan Width": 4, "Actual Startup Time": 0.015, "Actual Total Time": 0.026, "Actual Rows": 1, "Actual Loops": 1, "Filter": "((kind)::text = 'production companies'::text)", "Rows Removed by Filter": 2}, {"Node Type": "Index Scan", "Parent Relationship": "Inner", "Scan Direction": "Forward", "Index Name": "company_type_id_movie_companies", "Relation Name": "movie_companies", "Alias": "mc", "Startup Cost": 0.0, "Total Cost": 62901.76, "Plan Rows": 29, "Plan Width": 8, "Actual Startup Time": 707.424, "Actual Total Time": 707.424, "Actual Rows": 0, "Actual Loops": 1, "Index Cond": "(company_type_id = ct.id)", "Rows Removed by Index Recheck": 0, "Filter": "(((note)::text ~~ '%(VHS)%'::text) AND ((note)::text ~~ '%(USA)%'::text) AND ((note)::text ~~ '%(1994)%'::text))", "Rows Removed by Filter": 1334883}]}, {"Node Type": "Index Scan", "Parent Relationship": "Inner", "Scan Direction": "Forward", "Index Name": "title_pkey", "Relation Name": "title", "Alias": "t", "Startup Cost": 0.0, "Total Cost": 8.27, "Plan Rows": 1, "Plan Width": 21, "Actual Startup Time": 0.0, "Actual Total Time": 0.0, "Index Cond": "(id = mc.movie_id)", "Rows Removed by Index Recheck": 0, "Filter": "(production_year > 2010)", "Rows Removed by Filter": 0}]}, {"Node Type": "Index Scan", "Parent Relationship": "Inner", "Scan Direction": "Forward", "Index Name": "movie_id_movie_info", "Relation Name": "movie_info", "Alias": "mi", "Startup Cost": 0.0, "Total Cost": 2.46, "Plan Rows": 1, "Plan Width": 8, "Actual Startup Time": 0.0, "Actual Total Time": 0.0, "Index Cond": "(movie_id = t.id)", "Rows Removed by Index Recheck": 0, "Filter": "((info)::text = ANY ('{USA,America}'::text[]))", "Rows Removed by Filter": 0}]}, {"Node Type": "Index Scan", "Parent Relationship": "Inner", "Scan Direction": "Forward", "Index Name": "info_type_pkey", "Relation Name": "info_type", "Alias": "it", "Startup Cost": 0.0, "Total Cost": 0.27, "Plan Rows": 1, "Plan Width": 4, "Actual Startup Time": 0.0, "Actual Total Time": 0.0, "Index Cond": "(id = mi.info_type_id)", "Rows Removed by Index Recheck": 0}]}]}, "Triggers": [], "Planner Runtime": 9.381, "Total Runtime": 707.729, "Unique SQL Id": 328306525}}, "(64, '102')": {"explain_plan": {"Plan": {"Node Type": "Aggregate", "Strategy": "Plain", "Startup Cost": 62362.01, "Total Cost": 62362.02, "Plan Rows": 1, "Plan Width": 49, "Plans": [{"Node Type": "Nested Loop", "Parent Relationship": "Outer", "Join Type": "Inner", "Startup Cost": 5.92, "Total Cost": 62361.95, "Plan Rows": 24, "Plan Width": 17, "Inner Unique": true, "Plans": [{"Node Type": "Nested Loop", "Parent Relationship": "Outer", "Join Type": "Inner", "Startup Cost": 5.66, "Total Cost": 62259.23, "Plan Rows": 24, "Plan Width": 21, "Inner Unique": true, "Plans": [{"Node Type": "Nested Loop", "Parent Relationship": "Outer", "Join Type": "Inner", "Startup Cost": 5.34, "Total Cost": 62115.81, "Plan Rows": 33, "Plan Width": 12, "Inner Unique": false, "Plans": [{"Node Type": "Hash Join", "Parent Relationship": "Outer", "Join Type": "Inner", "Startup Cost": 1.05, "Total Cost": 61387.24, "Plan Rows": 30, "Plan Width": 4, "Inner Unique": true, "Hash Cond": "(mc.company_type_id = ct.id)", "Plans": [{"Node Type": "Seq Scan", "Parent Relationship": "Outer", "Relation Name": "movie_companies", "Alias": "mc", "Startup Cost": 0.0, "Total Cost": 61385.74, "Plan Rows": 59, "Plan Width": 8, "Filter": "(((note)::text ~~ '%(VHS)%'::text) AND ((note)::text ~~ '%(USA)%'::text) AND ((note)::text ~~ '%(1994)%'::text))"}, {"Node Type": "Hash", "Parent Relationship": "Inner", "Startup Cost": 1.04, "Total Cost": 1.04, "Plan Rows": 1, "Plan Width": 4, "Plans": [{"Node Type": "Seq Scan", "Parent Relationship": "Outer", "Relation Name": "company_type", "Alias": "ct", "Startup Cost": 0.0, "Total Cost": 1.04, "Plan Rows": 1, "Plan Width": 4, "Filter": "((kind)::text = 'production companies'::text)"}]}]}, {"Node Type": "Bitmap Heap Scan", "Parent Relationship": "Inner", "Relation Name": "movie_info", "Alias": "mi", "Startup Cost": 4.29, "Total Cost": 24.28, "Plan Rows": 1, "Plan Width": 8, "Recheck Cond": "(movie_id = mc.movie_id)", "Filter": "((info)::text = ANY ('{USA,America}'::text[]))", "Plans": [{"Node Type": "Bitmap Index Scan", "Parent Relationship": "Outer", "Index Name": "movie_id_movie_info", "Startup Cost": 0.0, "Total Cost": 4.29, "Plan Rows": 5, "Plan Width": 0, "Index Cond": "(movie_id = mc.movie_id)"}]}]}, {"Node Type": "Bitmap Heap Scan", "Parent Relationship": "Inner", "Relation Name": "title", "Alias": "t", "Startup Cost": 0.32, "Total Cost": 4.34, "Plan Rows": 1, "Plan Width": 21, "Recheck Cond": "(id = mi.movie_id)", "Filter": "(production_year > 2010)", "Plans": [{"Node Type": "Bitmap Index Scan", "Parent Relationship": "Outer", "Index Name": "title_pkey", "Startup Cost": 0.0, "Total Cost": 0.32, "Plan Rows": 1, "Plan Width": 0, "Index Cond": "(id = mi.movie_id)"}]}]}, {"Node Type": "Bitmap Heap Scan", "Parent Relationship": "Inner", "Relation Name": "info_type", "Alias": "it", "Startup Cost": 0.26, "Total Cost": 4.27, "Plan Rows": 1, "Plan Width": 4, "Recheck Cond": "(id = mi.info_type_id)", "Plans": [{"Node Type": "Bitmap Index Scan", "Parent Relationship": "Outer", "Index Name": "info_type_pkey", "Startup Cost": 0.0, "Total Cost": 0.26, "Plan Rows": 1, "Plan Width": 0, "Index Cond": "(id = mi.info_type_id)"}]}]}]}, "Unique SQL Id": 328306525, "Planner Runtime": 6}, "explain_analyze_plan": {"Plan": {"Node Type": "Aggregate", "Strategy": "Plain", "Startup Cost": 62362.01, "Total Cost": 62362.02, "Plan Rows": 1, "Plan Width": 49, "Actual Startup Time": 967.916, "Actual Total Time": 967.916, "Actual Rows": 1, "Actual Loops": 1, "Plans": [{"Node Type": "Nested Loop", "Parent Relationship": "Outer", "Join Type": "Inner", "Startup Cost": 5.92, "Total Cost": 62361.95, "Plan Rows": 24, "Plan Width": 17, "Actual Startup Time": 967.908, "Actual Total Time": 967.908, "Actual Rows": 0, "Actual Loops": 1, "Inner Unique": true, "Plans": [{"Node Type": "Nested Loop", "Parent Relationship": "Outer", "Join Type": "Inner", "Startup Cost": 5.66, "Total Cost": 62259.23, "Plan Rows": 24, "Plan Width": 21, "Actual Startup Time": 967.906, "Actual Total Time": 967.906, "Actual Rows": 0, "Actual Loops": 1, "Inner Unique": true, "Plans": [{"Node Type": "Nested Loop", "Parent Relationship": "Outer", "Join Type": "Inner", "Startup Cost": 5.34, "Total Cost": 62115.81, "Plan Rows": 33, "Plan Width": 12, "Actual Startup Time": 967.905, "Actual Total Time": 967.905, "Actual Rows": 0, "Actual Loops": 1, "Inner Unique": false, "Plans": [{"Node Type": "Hash Join", "Parent Relationship": "Outer", "Join Type": "Inner", "Startup Cost": 1.05, "Total Cost": 61387.24, "Plan Rows": 30, "Plan Width": 4, "Actual Startup Time": 967.863, "Actual Total Time": 967.863, "Actual Rows": 0, "Actual Loops": 1, "Inner Unique": true, "Hash Cond": "(mc.company_type_id = ct.id)", "Plans": [{"Node Type": "Seq Scan", "Parent Relationship": "Outer", "Relation Name": "movie_companies", "Alias": "mc", "Startup Cost": 0.0, "Total Cost": 61385.74, "Plan Rows": 59, "Plan Width": 8, "Actual Startup Time": 4.074, "Actual Total Time": 967.403, "Actual Rows": 1418, "Actual Loops": 1, "Filter": "(((note)::text ~~ '%(VHS)%'::text) AND ((note)::text ~~ '%(USA)%'::text) AND ((note)::text ~~ '%(1994)%'::text))", "Rows Removed by Filter": 2607710}, {"Node Type": "Hash", "Parent Relationship": "Inner", "Startup Cost": 1.04, "Total Cost": 1.04, "Plan Rows": 1, "Plan Width": 4, "Actual Startup Time": 0.027, "Actual Total Time": 0.027, "Actual Rows": 1, "Actual Loops": 1, "Hash Buckets": 32768, "Hash Batches": 1, "Original Hash Batches": 1, "Peak Memory Usage": 1, "Plans": [{"Node Type": "Seq Scan", "Parent Relationship": "Outer", "Relation Name": "company_type", "Alias": "ct", "Startup Cost": 0.0, "Total Cost": 1.04, "Plan Rows": 1, "Plan Width": 4, "Actual Startup Time": 0.012, "Actual Total Time": 0.014, "Actual Rows": 1, "Actual Loops": 1, "Filter": "((kind)::text = 'production companies'::text)", "Rows Removed by Filter": 2}]}]}, {"Node Type": "Bitmap Heap Scan", "Parent Relationship": "Inner", "Relation Name": "movie_info", "Alias": "mi", "Startup Cost": 4.29, "Total Cost": 24.28, "Plan Rows": 1, "Plan Width": 8, "Actual Startup Time": 0.0, "Actual Total Time": 0.0, "Recheck Cond": "(movie_id = mc.movie_id)", "Rows Removed by Index Recheck": 0, "Filter": "((info)::text = ANY ('{USA,America}'::text[]))", "Rows Removed by Filter": 0, "Exact Heap Blocks": 0, "Lossy Heap Blocks": 0, "Plans": [{"Node Type": "Bitmap Index Scan", "Parent Relationship": "Outer", "Index Name": "movie_id_movie_info", "Startup Cost": 0.0, "Total Cost": 4.29, "Plan Rows": 5, "Plan Width": 0, "Actual Startup Time": 0.0, "Actual Total Time": 0.0, "Index Cond": "(movie_id = mc.movie_id)"}]}]}, {"Node Type": "Bitmap Heap Scan", "Parent Relationship": "Inner", "Relation Name": "title", "Alias": "t", "Startup Cost": 0.32, "Total Cost": 4.34, "Plan Rows": 1, "Plan Width": 21, "Actual Startup Time": 0.0, "Actual Total Time": 0.0, "Recheck Cond": "(id = mi.movie_id)", "Rows Removed by Index Recheck": 0, "Filter": "(production_year > 2010)", "Rows Removed by Filter": 0, "Exact Heap Blocks": 0, "Lossy Heap Blocks": 0, "Plans": [{"Node Type": "Bitmap Index Scan", "Parent Relationship": "Outer", "Index Name": "title_pkey", "Startup Cost": 0.0, "Total Cost": 0.32, "Plan Rows": 1, "Plan Width": 0, "Actual Startup Time": 0.0, "Actual Total Time": 0.0, "Index Cond": "(id = mi.movie_id)"}]}]}, {"Node Type": "Bitmap Heap Scan", "Parent Relationship": "Inner", "Relation Name": "info_type", "Alias": "it", "Startup Cost": 0.26, "Total Cost": 4.27, "Plan Rows": 1, "Plan Width": 4, "Actual Startup Time": 0.0, "Actual Total Time": 0.0, "Recheck Cond": "(id = mi.info_type_id)", "Rows Removed by Index Recheck": 0, "Exact Heap Blocks": 0, "Lossy Heap Blocks": 0, "Plans": [{"Node Type": "Bitmap Index Scan", "Parent Relationship": "Outer", "Index Name": "info_type_pkey", "Startup Cost": 0.0, "Total Cost": 0.26, "Plan Rows": 1, "Plan Width": 0, "Actual Startup Time": 0.0, "Actual Total Time": 0.0, "Index Cond": "(id = mi.info_type_id)"}]}]}]}, "Triggers": [], "Planner Runtime": 9.049, "Total Runtime": 968.295, "Unique SQL Id": 328306525}}, "(64, '103')": {"explain_plan": {"Plan": {"Node Type": "Aggregate", "Strategy": "Plain", "Startup Cost": 71749.13, "Total Cost": 71749.14, "Plan Rows": 1, "Plan Width": 49, "Plans": [{"Node Type": "Nested Loop", "Parent Relationship": "Outer", "Join Type": "Inner", "Startup Cost": 28957.62, "Total Cost": 71749.07, "Plan Rows": 24, "Plan Width": 17, "Inner Unique": true, "Plans": [{"Node Type": "Nested Loop", "Parent Relationship": "Outer", "Join Type": "Inner", "Startup Cost": 28957.36, "Total Cost": 71646.35, "Plan Rows": 24, "Plan Width": 21, "Inner Unique": true, "Plans": [{"Node Type": "Nested Loop", "Parent Relationship": "Outer", "Join Type": "Inner", "Startup Cost": 28957.04, "Total Cost": 71502.93, "Plan Rows": 33, "Plan Width": 12, "Inner Unique": false, "Plans": [{"Node Type": "Nested Loop", "Parent Relationship": "Outer", "Join Type": "Inner", "Startup Cost": 28952.75, "Total Cost": 70774.36, "Plan Rows": 30, "Plan Width": 4, "Inner Unique": false, "Plans": [{"Node Type": "Bitmap Heap Scan", "Parent Relationship": "Outer", "Relation Name": "company_type", "Alias": "ct", "Startup Cost": 8.27, "Total Cost": 12.3, "Plan Rows": 1, "Plan Width": 4, "Filter": "((kind)::text = 'production companies'::text)", "Plans": [{"Node Type": "Bitmap Index Scan", "Parent Relationship": "Outer", "Index Name": "company_type_pkey", "Startup Cost": 0.0, "Total Cost": 8.27, "Plan Rows": 3, "Plan Width": 0}]}, {"Node Type": "Bitmap Heap Scan", "Parent Relationship": "Inner", "Relation Name": "movie_companies", "Alias": "mc", "Startup Cost": 28944.49, "Total Cost": 70761.77, "Plan Rows": 29, "Plan Width": 8, "Recheck Cond": "(company_type_id = ct.id)", "Filter": "(((note)::text ~~ '%(VHS)%'::text) AND ((note)::text ~~ '%(USA)%'::text) AND ((note)::text ~~ '%(1994)%'::text))", "Plans": [{"Node Type": "Bitmap Index Scan", "Parent Relationship": "Outer", "Index Name": "company_type_id_movie_companies", "Startup Cost": 0.0, "Total Cost": 28944.48, "Plan Rows": 1304564, "Plan Width": 0, "Index Cond": "(company_type_id = ct.id)"}]}]}, {"Node Type": "Bitmap Heap Scan", "Parent Relationship": "Inner", "Relation Name": "movie_info", "Alias": "mi", "Startup Cost": 4.29, "Total Cost": 24.28, "Plan Rows": 1, "Plan Width": 8, "Recheck Cond": "(movie_id = mc.movie_id)", "Filter": "((info)::text = ANY ('{USA,America}'::text[]))", "Plans": [{"Node Type": "Bitmap Index Scan", "Parent Relationship": "Outer", "Index Name": "movie_id_movie_info", "Startup Cost": 0.0, "Total Cost": 4.29, "Plan Rows": 5, "Plan Width": 0, "Index Cond": "(movie_id = mc.movie_id)"}]}]}, {"Node Type": "Bitmap Heap Scan", "Parent Relationship": "Inner", "Relation Name": "title", "Alias": "t", "Startup Cost": 0.32, "Total Cost": 4.34, "Plan Rows": 1, "Plan Width": 21, "Recheck Cond": "(id = mi.movie_id)", "Filter": "(production_year > 2010)", "Plans": [{"Node Type": "Bitmap Index Scan", "Parent Relationship": "Outer", "Index Name": "title_pkey", "Startup Cost": 0.0, "Total Cost": 0.32, "Plan Rows": 1, "Plan Width": 0, "Index Cond": "(id = mi.movie_id)"}]}]}, {"Node Type": "Bitmap Heap Scan", "Parent Relationship": "Inner", "Relation Name": "info_type", "Alias": "it", "Startup Cost": 0.26, "Total Cost": 4.27, "Plan Rows": 1, "Plan Width": 4, "Recheck Cond": "(id = mi.info_type_id)", "Plans": [{"Node Type": "Bitmap Index Scan", "Parent Relationship": "Outer", "Index Name": "info_type_pkey", "Startup Cost": 0.0, "Total Cost": 0.26, "Plan Rows": 1, "Plan Width": 0, "Index Cond": "(id = mi.info_type_id)"}]}]}]}, "Unique SQL Id": 328306525, "Planner Runtime": 4}, "explain_analyze_plan": {"Plan": {"Node Type": "Aggregate", "Strategy": "Plain", "Startup Cost": 71749.13, "Total Cost": 71749.14, "Plan Rows": 1, "Plan Width": 49, "Actual Startup Time": 576.153, "Actual Total Time": 576.154, "Actual Rows": 1, "Actual Loops": 1, "Plans": [{"Node Type": "Nested Loop", "Parent Relationship": "Outer", "Join Type": "Inner", "Startup Cost": 28957.62, "Total Cost": 71749.07, "Plan Rows": 24, "Plan Width": 17, "Actual Startup Time": 576.145, "Actual Total Time": 576.145, "Actual Rows": 0, "Actual Loops": 1, "Inner Unique": true, "Plans": [{"Node Type": "Nested Loop", "Parent Relationship": "Outer", "Join Type": "Inner", "Startup Cost": 28957.36, "Total Cost": 71646.35, "Plan Rows": 24, "Plan Width": 21, "Actual Startup Time": 576.144, "Actual Total Time": 576.144, "Actual Rows": 0, "Actual Loops": 1, "Inner Unique": true, "Plans": [{"Node Type": "Nested Loop", "Parent Relationship": "Outer", "Join Type": "Inner", "Startup Cost": 28957.04, "Total Cost": 71502.93, "Plan Rows": 33, "Plan Width": 12, "Actual Startup Time": 576.143, "Actual Total Time": 576.143, "Actual Rows": 0, "Actual Loops": 1, "Inner Unique": false, "Plans": [{"Node Type": "Nested Loop", "Parent Relationship": "Outer", "Join Type": "Inner", "Startup Cost": 28952.75, "Total Cost": 70774.36, "Plan Rows": 30, "Plan Width": 4, "Actual Startup Time": 576.141, "Actual Total Time": 576.141, "Actual Rows": 0, "Actual Loops": 1, "Inner Unique": false, "Plans": [{"Node Type": "Bitmap Heap Scan", "Parent Relationship": "Outer", "Relation Name": "company_type", "Alias": "ct", "Startup Cost": 8.27, "Total Cost": 12.3, "Plan Rows": 1, "Plan Width": 4, "Actual Startup Time": 0.029, "Actual Total Time": 0.034, "Actual Rows": 1, "Actual Loops": 1, "Filter": "((kind)::text = 'production companies'::text)", "Rows Removed by Filter": 2, "Exact Heap Blocks": 1, "Lossy Heap Blocks": 1, "Plans": [{"Node Type": "Bitmap Index Scan", "Parent Relationship": "Outer", "Index Name": "company_type_pkey", "Startup Cost": 0.0, "Total Cost": 8.27, "Plan Rows": 3, "Plan Width": 0, "Actual Startup Time": 0.009, "Actual Total Time": 0.009, "Actual Rows": 3, "Actual Loops": 1}]}, {"Node Type": "Bitmap Heap Scan", "Parent Relationship": "Inner", "Relation Name": "movie_companies", "Alias": "mc", "Startup Cost": 28944.49, "Total Cost": 70761.77, "Plan Rows": 29, "Plan Width": 8, "Actual Startup Time": 576.098, "Actual Total Time": 576.098, "Actual Rows": 0, "Actual Loops": 1, "Recheck Cond": "(company_type_id = ct.id)", "Rows Removed by Index Recheck": 0, "Filter": "(((note)::text ~~ '%(VHS)%'::text) AND ((note)::text ~~ '%(USA)%'::text) AND ((note)::text ~~ '%(1994)%'::text))", "Rows Removed by Filter": 1334883, "Exact Heap Blocks": 6196, "Lossy Heap Blocks": 6196, "Plans": [{"Node Type": "Bitmap Index Scan", "Parent Relationship": "Outer", "Index Name": "company_type_id_movie_companies", "Startup Cost": 0.0, "Total Cost": 28944.48, "Plan Rows": 1304564, "Plan Width": 0, "Actual Startup Time": 146.94, "Actual Total Time": 146.94, "Actual Rows": 1334883, "Actual Loops": 1, "Index Cond": "(company_type_id = ct.id)"}]}]}, {"Node Type": "Bitmap Heap Scan", "Parent Relationship": "Inner", "Relation Name": "movie_info", "Alias": "mi", "Startup Cost": 4.29, "Total Cost": 24.28, "Plan Rows": 1, "Plan Width": 8, "Actual Startup Time": 0.0, "Actual Total Time": 0.0, "Recheck Cond": "(movie_id = mc.movie_id)", "Rows Removed by Index Recheck": 0, "Filter": "((info)::text = ANY ('{USA,America}'::text[]))", "Rows Removed by Filter": 0, "Exact Heap Blocks": 0, "Lossy Heap Blocks": 0, "Plans": [{"Node Type": "Bitmap Index Scan", "Parent Relationship": "Outer", "Index Name": "movie_id_movie_info", "Startup Cost": 0.0, "Total Cost": 4.29, "Plan Rows": 5, "Plan Width": 0, "Actual Startup Time": 0.0, "Actual Total Time": 0.0, "Index Cond": "(movie_id = mc.movie_id)"}]}]}, {"Node Type": "Bitmap Heap Scan", "Parent Relationship": "Inner", "Relation Name": "title", "Alias": "t", "Startup Cost": 0.32, "Total Cost": 4.34, "Plan Rows": 1, "Plan Width": 21, "Actual Startup Time": 0.0, "Actual Total Time": 0.0, "Recheck Cond": "(id = mi.movie_id)", "Rows Removed by Index Recheck": 0, "Filter": "(production_year > 2010)", "Rows Removed by Filter": 0, "Exact Heap Blocks": 0, "Lossy Heap Blocks": 0, "Plans": [{"Node Type": "Bitmap Index Scan", "Parent Relationship": "Outer", "Index Name": "title_pkey", "Startup Cost": 0.0, "Total Cost": 0.32, "Plan Rows": 1, "Plan Width": 0, "Actual Startup Time": 0.0, "Actual Total Time": 0.0, "Index Cond": "(id = mi.movie_id)"}]}]}, {"Node Type": "Bitmap Heap Scan", "Parent Relationship": "Inner", "Relation Name": "info_type", "Alias": "it", "Startup Cost": 0.26, "Total Cost": 4.27, "Plan Rows": 1, "Plan Width": 4, "Actual Startup Time": 0.0, "Actual Total Time": 0.0, "Recheck Cond": "(id = mi.info_type_id)", "Rows Removed by Index Recheck": 0, "Exact Heap Blocks": 0, "Lossy Heap Blocks": 0, "Plans": [{"Node Type": "Bitmap Index Scan", "Parent Relationship": "Outer", "Index Name": "info_type_pkey", "Startup Cost": 0.0, "Total Cost": 0.26, "Plan Rows": 1, "Plan Width": 0, "Actual Startup Time": 0.0, "Actual Total Time": 0.0, "Index Cond": "(id = mi.info_type_id)"}]}]}]}, "Triggers": [], "Planner Runtime": 8.36, "Total Runtime": 576.478, "Unique SQL Id": 328306525}}, "(64, '104')": {"explain_plan": {"Plan": {"Node Type": "Aggregate", "Strategy": "Plain", "Startup Cost": 61748.65, "Total Cost": 61748.66, "Plan Rows": 1, "Plan Width": 49, "Plans": [{"Node Type": "Nested Loop", "Parent Relationship": "Outer", "Join Type": "Inner", "Startup Cost": 0.0, "Total Cost": 61748.59, "Plan Rows": 24, "Plan Width": 17, "Inner Unique": true, "Plans": [{"Node Type": "Nested Loop", "Parent Relationship": "Outer", "Join Type": "Inner", "Startup Cost": 0.0, "Total Cost": 61741.87, "Plan Rows": 24, "Plan Width": 21, "Inner Unique": false, "Plans": [{"Node Type": "Nested Loop", "Parent Relationship": "Outer", "Join Type": "Inner", "Startup Cost": 0.0, "Total Cost": 61662.88, "Plan Rows": 32, "Plan Width": 25, "Inner Unique": true, "Plans": [{"Node Type": "Nested Loop", "Parent Relationship": "Outer", "Join Type": "Inner", "Startup Cost": 0.0, "Total Cost": 61414.41, "Plan Rows": 30, "Plan Width": 4, "Inner Unique": true, "Plans": [{"Node Type": "Seq Scan", "Parent Relationship": "Outer", "Relation Name": "movie_companies", "Alias": "mc", "Startup Cost": 0.0, "Total Cost": 61385.74, "Plan Rows": 59, "Plan Width": 8, "Filter": "(((note)::text ~~ '%(VHS)%'::text) AND ((note)::text ~~ '%(USA)%'::text) AND ((note)::text ~~ '%(1994)%'::text))"}, {"Node Type": "Index Scan", "Parent Relationship": "Inner", "Scan Direction": "Forward", "Index Name": "company_type_pkey", "Relation Name": "company_type", "Alias": "ct", "Startup Cost": 0.0, "Total Cost": 0.48, "Plan Rows": 1, "Plan Width": 4, "Index Cond": "(id = mc.company_type_id)", "Filter": "((kind)::text = 'production companies'::text)"}]}, {"Node Type": "Index Scan", "Parent Relationship": "Inner", "Scan Direction": "Forward", "Index Name": "title_pkey", "Relation Name": "title", "Alias": "t", "Startup Cost": 0.0, "Total Cost": 8.27, "Plan Rows": 1, "Plan Width": 21, "Index Cond": "(id = mc.movie_id)", "Filter": "(production_year > 2010)"}]}, {"Node Type": "Index Scan", "Parent Relationship": "Inner", "Scan Direction": "Forward", "Index Name": "movie_id_movie_info", "Relation Name": "movie_info", "Alias": "mi", "Startup Cost": 0.0, "Total Cost": 2.46, "Plan Rows": 1, "Plan Width": 8, "Index Cond": "(movie_id = t.id)", "Filter": "((info)::text = ANY ('{USA,America}'::text[]))"}]}, {"Node Type": "Index Only Scan", "Parent Relationship": "Inner", "Scan Direction": "Forward", "Index Name": "info_type_pkey", "Relation Name": "info_type", "Alias": "it", "Startup Cost": 0.0, "Total Cost": 0.27, "Plan Rows": 1, "Plan Width": 4, "Index Cond": "(id = mi.info_type_id)"}]}]}, "Unique SQL Id": 328306525, "Planner Runtime": 5}, "explain_analyze_plan": {"Plan": {"Node Type": "Aggregate", "Strategy": "Plain", "Startup Cost": 61748.65, "Total Cost": 61748.66, "Plan Rows": 1, "Plan Width": 49, "Actual Startup Time": 959.809, "Actual Total Time": 959.81, "Actual Rows": 1, "Actual Loops": 1, "Plans": [{"Node Type": "Nested Loop", "Parent Relationship": "Outer", "Join Type": "Inner", "Startup Cost": 0.0, "Total Cost": 61748.59, "Plan Rows": 24, "Plan Width": 17, "Actual Startup Time": 959.799, "Actual Total Time": 959.799, "Actual Rows": 0, "Actual Loops": 1, "Inner Unique": true, "Plans": [{"Node Type": "Nested Loop", "Parent Relationship": "Outer", "Join Type": "Inner", "Startup Cost": 0.0, "Total Cost": 61741.87, "Plan Rows": 24, "Plan Width": 21, "Actual Startup Time": 959.798, "Actual Total Time": 959.798, "Actual Rows": 0, "Actual Loops": 1, "Inner Unique": false, "Plans": [{"Node Type": "Nested Loop", "Parent Relationship": "Outer", "Join Type": "Inner", "Startup Cost": 0.0, "Total Cost": 61662.88, "Plan Rows": 32, "Plan Width": 25, "Actual Startup Time": 959.797, "Actual Total Time": 959.797, "Actual Rows": 0, "Actual Loops": 1, "Inner Unique": true, "Plans": [{"Node Type": "Nested Loop", "Parent Relationship": "Outer", "Join Type": "Inner", "Startup Cost": 0.0, "Total Cost": 61414.41, "Plan Rows": 30, "Plan Width": 4, "Actual Startup Time": 959.796, "Actual Total Time": 959.796, "Actual Rows": 0, "Actual Loops": 1, "Inner Unique": true, "Plans": [{"Node Type": "Seq Scan", "Parent Relationship": "Outer", "Relation Name": "movie_companies", "Alias": "mc", "Startup Cost": 0.0, "Total Cost": 61385.74, "Plan Rows": 59, "Plan Width": 8, "Actual Startup Time": 3.997, "Actual Total Time": 957.979, "Actual Rows": 1418, "Actual Loops": 1, "Filter": "(((note)::text ~~ '%(VHS)%'::text) AND ((note)::text ~~ '%(USA)%'::text) AND ((note)::text ~~ '%(1994)%'::text))", "Rows Removed by Filter": 2607710}, {"Node Type": "Index Scan", "Parent Relationship": "Inner", "Scan Direction": "Forward", "Index Name": "company_type_pkey", "Relation Name": "company_type", "Alias": "ct", "Startup Cost": 0.0, "Total Cost": 0.48, "Plan Rows": 1, "Plan Width": 4, "Actual Startup Time": 0.994, "Actual Total Time": 0.994, "Actual Rows": 0, "Actual Loops": 1418, "Index Cond": "(id = mc.company_type_id)", "Rows Removed by Index Recheck": 0, "Filter": "((kind)::text = 'production companies'::text)", "Rows Removed by Filter": 0}]}, {"Node Type": "Index Scan", "Parent Relationship": "Inner", "Scan Direction": "Forward", "Index Name": "title_pkey", "Relation Name": "title", "Alias": "t", "Startup Cost": 0.0, "Total Cost": 8.27, "Plan Rows": 1, "Plan Width": 21, "Actual Startup Time": 0.0, "Actual Total Time": 0.0, "Index Cond": "(id = mc.movie_id)", "Rows Removed by Index Recheck": 0, "Filter": "(production_year > 2010)", "Rows Removed by Filter": 0}]}, {"Node Type": "Index Scan", "Parent Relationship": "Inner", "Scan Direction": "Forward", "Index Name": "movie_id_movie_info", "Relation Name": "movie_info", "Alias": "mi", "Startup Cost": 0.0, "Total Cost": 2.46, "Plan Rows": 1, "Plan Width": 8, "Actual Startup Time": 0.0, "Actual Total Time": 0.0, "Index Cond": "(movie_id = t.id)", "Rows Removed by Index Recheck": 0, "Filter": "((info)::text = ANY ('{USA,America}'::text[]))", "Rows Removed by Filter": 0}]}, {"Node Type": "Index Only Scan", "Parent Relationship": "Inner", "Scan Direction": "Forward", "Index Name": "info_type_pkey", "Relation Name": "info_type", "Alias": "it", "Startup Cost": 0.0, "Total Cost": 0.27, "Plan Rows": 1, "Plan Width": 4, "Actual Startup Time": 0.0, "Actual Total Time": 0.0, "Index Cond": "(id = mi.info_type_id)", "Rows Removed by Index Recheck": 0, "Heap Fetches": 0}]}]}, "Triggers": [], "Planner Runtime": 8.31, "Total Runtime": 960.184, "Unique SQL Id": 328306525}}, "(64, '105')": {"explain_plan": {"Plan": {"Node Type": "Aggregate", "Strategy": "Plain", "Startup Cost": 63248.6, "Total Cost": 63248.61, "Plan Rows": 1, "Plan Width": 49, "Plans": [{"Node Type": "Nested Loop", "Parent Relationship": "Outer", "Join Type": "Inner", "Startup Cost": 0.0, "Total Cost": 63248.54, "Plan Rows": 24, "Plan Width": 17, "Inner Unique": true, "Plans": [{"Node Type": "Nested Loop", "Parent Relationship": "Outer", "Join Type": "Inner", "Startup Cost": 0.0, "Total Cost": 63241.82, "Plan Rows": 24, "Plan Width": 21, "Inner Unique": false, "Plans": [{"Node Type": "Nested Loop", "Parent Relationship": "Outer", "Join Type": "Inner", "Startup Cost": 0.0, "Total Cost": 63162.83, "Plan Rows": 32, "Plan Width": 25, "Inner Unique": true, "Plans": [{"Node Type": "Nested Loop", "Parent Relationship": "Outer", "Join Type": "Inner", "Startup Cost": 0.0, "Total Cost": 62914.35, "Plan Rows": 30, "Plan Width": 4, "Inner Unique": false, "Plans": [{"Node Type": "Index Scan", "Parent Relationship": "Outer", "Scan Direction": "Forward", "Index Name": "company_type_pkey", "Relation Name": "company_type", "Alias": "ct", "Startup Cost": 0.0, "Total Cost": 12.3, "Plan Rows": 1, "Plan Width": 4, "Filter": "((kind)::text = 'production companies'::text)"}, {"Node Type": "Index Scan", "Parent Relationship": "Inner", "Scan Direction": "Forward", "Index Name": "company_type_id_movie_companies", "Relation Name": "movie_companies", "Alias": "mc", "Startup Cost": 0.0, "Total Cost": 62901.76, "Plan Rows": 29, "Plan Width": 8, "Index Cond": "(company_type_id = ct.id)", "Filter": "(((note)::text ~~ '%(VHS)%'::text) AND ((note)::text ~~ '%(USA)%'::text) AND ((note)::text ~~ '%(1994)%'::text))"}]}, {"Node Type": "Index Scan", "Parent Relationship": "Inner", "Scan Direction": "Forward", "Index Name": "title_pkey", "Relation Name": "title", "Alias": "t", "Startup Cost": 0.0, "Total Cost": 8.27, "Plan Rows": 1, "Plan Width": 21, "Index Cond": "(id = mc.movie_id)", "Filter": "(production_year > 2010)"}]}, {"Node Type": "Index Scan", "Parent Relationship": "Inner", "Scan Direction": "Forward", "Index Name": "movie_id_movie_info", "Relation Name": "movie_info", "Alias": "mi", "Startup Cost": 0.0, "Total Cost": 2.46, "Plan Rows": 1, "Plan Width": 8, "Index Cond": "(movie_id = t.id)", "Filter": "((info)::text = ANY ('{USA,America}'::text[]))"}]}, {"Node Type": "Index Only Scan", "Parent Relationship": "Inner", "Scan Direction": "Forward", "Index Name": "info_type_pkey", "Relation Name": "info_type", "Alias": "it", "Startup Cost": 0.0, "Total Cost": 0.27, "Plan Rows": 1, "Plan Width": 4, "Index Cond": "(id = mi.info_type_id)"}]}]}, "Unique SQL Id": 328306525, "Planner Runtime": 4}, "explain_analyze_plan": {"Plan": {"Node Type": "Aggregate", "Strategy": "Plain", "Startup Cost": 63248.6, "Total Cost": 63248.61, "Plan Rows": 1, "Plan Width": 49, "Actual Startup Time": 712.178, "Actual Total Time": 712.179, "Actual Rows": 1, "Actual Loops": 1, "Plans": [{"Node Type": "Nested Loop", "Parent Relationship": "Outer", "Join Type": "Inner", "Startup Cost": 0.0, "Total Cost": 63248.54, "Plan Rows": 24, "Plan Width": 17, "Actual Startup Time": 712.172, "Actual Total Time": 712.172, "Actual Rows": 0, "Actual Loops": 1, "Inner Unique": true, "Plans": [{"Node Type": "Nested Loop", "Parent Relationship": "Outer", "Join Type": "Inner", "Startup Cost": 0.0, "Total Cost": 63241.82, "Plan Rows": 24, "Plan Width": 21, "Actual Startup Time": 712.17, "Actual Total Time": 712.17, "Actual Rows": 0, "Actual Loops": 1, "Inner Unique": false, "Plans": [{"Node Type": "Nested Loop", "Parent Relationship": "Outer", "Join Type": "Inner", "Startup Cost": 0.0, "Total Cost": 63162.83, "Plan Rows": 32, "Plan Width": 25, "Actual Startup Time": 712.168, "Actual Total Time": 712.168, "Actual Rows": 0, "Actual Loops": 1, "Inner Unique": true, "Plans": [{"Node Type": "Nested Loop", "Parent Relationship": "Outer", "Join Type": "Inner", "Startup Cost": 0.0, "Total Cost": 62914.35, "Plan Rows": 30, "Plan Width": 4, "Actual Startup Time": 712.166, "Actual Total Time": 712.166, "Actual Rows": 0, "Actual Loops": 1, "Inner Unique": false, "Plans": [{"Node Type": "Index Scan", "Parent Relationship": "Outer", "Scan Direction": "Forward", "Index Name": "company_type_pkey", "Relation Name": "company_type", "Alias": "ct", "Startup Cost": 0.0, "Total Cost": 12.3, "Plan Rows": 1, "Plan Width": 4, "Actual Startup Time": 0.013, "Actual Total Time": 0.024, "Actual Rows": 1, "Actual Loops": 1, "Filter": "((kind)::text = 'production companies'::text)", "Rows Removed by Filter": 2}, {"Node Type": "Index Scan", "Parent Relationship": "Inner", "Scan Direction": "Forward", "Index Name": "company_type_id_movie_companies", "Relation Name": "movie_companies", "Alias": "mc", "Startup Cost": 0.0, "Total Cost": 62901.76, "Plan Rows": 29, "Plan Width": 8, "Actual Startup Time": 712.136, "Actual Total Time": 712.136, "Actual Rows": 0, "Actual Loops": 1, "Index Cond": "(company_type_id = ct.id)", "Rows Removed by Index Recheck": 0, "Filter": "(((note)::text ~~ '%(VHS)%'::text) AND ((note)::text ~~ '%(USA)%'::text) AND ((note)::text ~~ '%(1994)%'::text))", "Rows Removed by Filter": 1334883}]}, {"Node Type": "Index Scan", "Parent Relationship": "Inner", "Scan Direction": "Forward", "Index Name": "title_pkey", "Relation Name": "title", "Alias": "t", "Startup Cost": 0.0, "Total Cost": 8.27, "Plan Rows": 1, "Plan Width": 21, "Actual Startup Time": 0.0, "Actual Total Time": 0.0, "Index Cond": "(id = mc.movie_id)", "Rows Removed by Index Recheck": 0, "Filter": "(production_year > 2010)", "Rows Removed by Filter": 0}]}, {"Node Type": "Index Scan", "Parent Relationship": "Inner", "Scan Direction": "Forward", "Index Name": "movie_id_movie_info", "Relation Name": "movie_info", "Alias": "mi", "Startup Cost": 0.0, "Total Cost": 2.46, "Plan Rows": 1, "Plan Width": 8, "Actual Startup Time": 0.0, "Actual Total Time": 0.0, "Index Cond": "(movie_id = t.id)", "Rows Removed by Index Recheck": 0, "Filter": "((info)::text = ANY ('{USA,America}'::text[]))", "Rows Removed by Filter": 0}]}, {"Node Type": "Index Only Scan", "Parent Relationship": "Inner", "Scan Direction": "Forward", "Index Name": "info_type_pkey", "Relation Name": "info_type", "Alias": "it", "Startup Cost": 0.0, "Total Cost": 0.27, "Plan Rows": 1, "Plan Width": 4, "Actual Startup Time": 0.0, "Actual Total Time": 0.0, "Index Cond": "(id = mi.info_type_id)", "Rows Removed by Index Recheck": 0, "Heap Fetches": 0}]}]}, "Triggers": [], "Planner Runtime": 9.362, "Total Runtime": 712.43, "Unique SQL Id": 328306525}}, "(64, '106')": {"explain_plan": {"Plan": {"Node Type": "Aggregate", "Strategy": "Plain", "Startup Cost": 216977.69, "Total Cost": 216977.7, "Plan Rows": 1, "Plan Width": 49, "Plans": [{"Node Type": "Hash Join", "Parent Relationship": "Outer", "Join Type": "Inner", "Startup Cost": 134495.94, "Total Cost": 216977.63, "Plan Rows": 24, "Plan Width": 17, "Inner Unique": true, "Hash Cond": "(mi.info_type_id = it.id)", "Plans": [{"Node Type": "Hash Join", "Parent Relationship": "Outer", "Join Type": "Inner", "Startup Cost": 134492.42, "Total Cost": 216973.78, "Plan Rows": 24, "Plan Width": 21, "Inner Unique": false, "Hash Cond": "(mi.movie_id = t.id)", "Plans": [{"Node Type": "Streaming(type: LOCAL GATHER dop: 1/64)", "Parent Relationship": "Outer", "Startup Cost": 0.0, "Total Cost": 80287.65, "Plan Rows": 584897, "Plan Width": 8, "Plans": [{"Node Type": "Seq Scan", "Parent Relationship": "Outer", "Relation Name": "movie_info", "Alias": "mi", "Startup Cost": 0.0, "Total Cost": 68221.29, "Plan Rows": 584897, "Plan Width": 8, "Filter": "((info)::text = ANY ('{USA,America}'::text[]))"}]}, {"Node Type": "Hash", "Parent Relationship": "Inner", "Startup Cost": 134492.02, "Total Cost": 134492.02, "Plan Rows": 32, "Plan Width": 25, "Plans": [{"Node Type": "Hash Join", "Parent Relationship": "Outer", "Join Type": "Inner", "Startup Cost": 61387.61, "Total Cost": 134492.02, "Plan Rows": 32, "Plan Width": 25, "Inner Unique": false, "Hash Cond": "(t.id = mc.movie_id)", "Plans": [{"Node Type": "Streaming(type: LOCAL GATHER dop: 1/64)", "Parent Relationship": "Outer", "Startup Cost": 0.0, "Total Cost": 72112.93, "Plan Rows": 391451, "Plan Width": 21, "Plans": [{"Node Type": "Seq Scan", "Parent Relationship": "Outer", "Relation Name": "title", "Alias": "t", "Startup Cost": 0.0, "Total Cost": 64037.34, "Plan Rows": 391451, "Plan Width": 21, "Filter": "(production_year > 2010), (LLVM Optimized)"}]}, {"Node Type": "Hash", "Parent Relationship": "Inner", "Startup Cost": 61387.24, "Total Cost": 61387.24, "Plan Rows": 30, "Plan Width": 4, "Plans": [{"Node Type": "Hash Join", "Parent Relationship": "Outer", "Join Type": "Inner", "Startup Cost": 1.05, "Total Cost": 61387.24, "Plan Rows": 30, "Plan Width": 4, "Inner Unique": true, "Hash Cond": "(mc.company_type_id = ct.id)", "Plans": [{"Node Type": "Seq Scan", "Parent Relationship": "Outer", "Relation Name": "movie_companies", "Alias": "mc", "Startup Cost": 0.0, "Total Cost": 61385.74, "Plan Rows": 59, "Plan Width": 8, "Filter": "(((note)::text ~~ '%(VHS)%'::text) AND ((note)::text ~~ '%(USA)%'::text) AND ((note)::text ~~ '%(1994)%'::text))"}, {"Node Type": "Hash", "Parent Relationship": "Inner", "Startup Cost": 1.04, "Total Cost": 1.04, "Plan Rows": 1, "Plan Width": 4, "Plans": [{"Node Type": "Seq Scan", "Parent Relationship": "Outer", "Relation Name": "company_type", "Alias": "ct", "Startup Cost": 0.0, "Total Cost": 1.04, "Plan Rows": 1, "Plan Width": 4, "Filter": "((kind)::text = 'production companies'::text)"}]}]}]}]}]}]}, {"Node Type": "Hash", "Parent Relationship": "Inner", "Startup Cost": 2.12, "Total Cost": 2.12, "Plan Rows": 112, "Plan Width": 4, "Plans": [{"Node Type": "Seq Scan", "Parent Relationship": "Outer", "Relation Name": "info_type", "Alias": "it", "Startup Cost": 0.0, "Total Cost": 2.12, "Plan Rows": 112, "Plan Width": 4}]}]}]}, "Unique SQL Id": 328306525, "Planner Runtime": 11}, "explain_analyze_plan": {"Plan": {"Node Type": "Aggregate", "Strategy": "Plain", "Startup Cost": 216977.69, "Total Cost": 216977.7, "Plan Rows": 1, "Plan Width": 49, "Actual Min Startup Time": 953.228, "Actual Max Startup Time": 953.228, "Actual Min Total Time": 953.229, "Actual Max Total Time": 953.229, "Plans": [{"Node Type": "Hash Join", "Parent Relationship": "Outer", "Join Type": "Inner", "Startup Cost": 134495.94, "Total Cost": 216977.63, "Plan Rows": 24, "Plan Width": 17, "Actual Min Startup Time": 953.215, "Actual Max Startup Time": 953.215, "Actual Min Total Time": 953.215, "Actual Max Total Time": 953.215, "Inner Unique": true, "Hash Cond": "(mi.info_type_id = it.id)", "Plans": [{"Node Type": "Hash Join", "Parent Relationship": "Outer", "Join Type": "Inner", "Startup Cost": 134492.42, "Total Cost": 216973.78, "Plan Rows": 24, "Plan Width": 21, "Actual Min Startup Time": 952.99, "Actual Max Startup Time": 952.99, "Actual Min Total Time": 952.99, "Actual Max Total Time": 952.99, "Inner Unique": false, "Hash Cond": "(mi.movie_id = t.id)", "Plans": [{"Node Type": "Streaming(type: LOCAL GATHER dop: 1/64)", "Parent Relationship": "Outer", "Startup Cost": 0.0, "Total Cost": 80287.65, "Plan Rows": 584897, "Plan Width": 8, "Actual Startup Time": 0.0, "Actual Total Time": 0.0, "Plans": [{"Node Type": "Seq Scan", "Parent Relationship": "Outer", "Relation Name": "movie_info", "Alias": "mi", "Startup Cost": 0.0, "Total Cost": 68221.29, "Plan Rows": 584897, "Plan Width": 8, "Actual Min Startup Time": 0.043, "Actual Max Startup Time": 21.862, "Actual Min Total Time": 12.058, "Actual Max Total Time": 96.13, "Filter": "((info)::text = ANY ('{USA,America}'::text[]))", "Rows Removed by Filter": 10824957, "Actual Rows": 6464}]}, {"Node Type": "Hash", "Parent Relationship": "Inner", "Startup Cost": 134492.02, "Total Cost": 134492.02, "Plan Rows": 32, "Plan Width": 25, "Actual Min Startup Time": 952.547, "Actual Max Startup Time": 952.547, "Actual Min Total Time": 952.547, "Actual Max Total Time": 952.547, "Max Hash Buckets": 32768, "Min Hash Buckets": 32768, "Max Hash Batches": 1, "Min Hash Batches": 1, "Max Original Hash Batches": 1, "Min Original Hash Batches": 1, "Max Peak Memory Usage": 0, "min Peak Memory Usage": 0, "Plans": [{"Node Type": "Hash Join", "Parent Relationship": "Outer", "Join Type": "Inner", "Startup Cost": 61387.61, "Total Cost": 134492.02, "Plan Rows": 32, "Plan Width": 25, "Actual Min Startup Time": 952.545, "Actual Max Startup Time": 952.545, "Actual Min Total Time": 952.545, "Actual Max Total Time": 952.545, "Inner Unique": false, "Hash Cond": "(t.id = mc.movie_id)", "Plans": [{"Node Type": "Streaming(type: LOCAL GATHER dop: 1/64)", "Parent Relationship": "Outer", "Startup Cost": 0.0, "Total Cost": 72112.93, "Plan Rows": 391451, "Plan Width": 21, "Actual Startup Time": 0.0, "Actual Total Time": 0.0, "Plans": [{"Node Type": "Seq Scan", "Parent Relationship": "Outer", "Relation Name": "title", "Alias": "t", "Startup Cost": 0.0, "Total Cost": 64037.34, "Plan Rows": 391451, "Plan Width": 21, "Actual Min Startup Time": 0.03, "Actual Max Startup Time": 0.061, "Actual Min Total Time": 0.207, "Actual Max Total Time": 0.311, "Filter": "(production_year > 2010), (LLVM Optimized, Jit Execute)", "Rows Removed by Filter": 33125, "Actual Rows": 6464}]}, {"Node Type": "Hash", "Parent Relationship": "Inner", "Startup Cost": 61387.24, "Total Cost": 61387.24, "Plan Rows": 30, "Plan Width": 4, "Actual Min Startup Time": 952.193, "Actual Max Startup Time": 952.193, "Actual Min Total Time": 952.193, "Actual Max Total Time": 952.193, "Max Hash Buckets": 32768, "Min Hash Buckets": 32768, "Max Hash Batches": 1, "Min Hash Batches": 1, "Max Original Hash Batches": 1, "Min Original Hash Batches": 1, "Max Peak Memory Usage": 0, "min Peak Memory Usage": 0, "Plans": [{"Node Type": "Hash Join", "Parent Relationship": "Outer", "Join Type": "Inner", "Startup Cost": 1.05, "Total Cost": 61387.24, "Plan Rows": 30, "Plan Width": 4, "Actual Min Startup Time": 952.188, "Actual Max Startup Time": 952.188, "Actual Min Total Time": 952.188, "Actual Max Total Time": 952.188, "Inner Unique": true, "Hash Cond": "(mc.company_type_id = ct.id)", "Plans": [{"Node Type": "Seq Scan", "Parent Relationship": "Outer", "Relation Name": "movie_companies", "Alias": "mc", "Startup Cost": 0.0, "Total Cost": 61385.74, "Plan Rows": 59, "Plan Width": 8, "Actual Min Startup Time": 4.059, "Actual Max Startup Time": 4.059, "Actual Min Total Time": 951.653, "Actual Max Total Time": 951.653, "Filter": "(((note)::text ~~ '%(VHS)%'::text) AND ((note)::text ~~ '%(USA)%'::text) AND ((note)::text ~~ '%(1994)%'::text))", "Rows Removed by Filter": 2607710, "Actual Rows": 1418}, {"Node Type": "Hash", "Parent Relationship": "Inner", "Startup Cost": 1.04, "Total Cost": 1.04, "Plan Rows": 1, "Plan Width": 4, "Actual Min Startup Time": 0.025, "Actual Max Startup Time": 0.025, "Actual Min Total Time": 0.025, "Actual Max Total Time": 0.025, "Max Hash Buckets": 32768, "Min Hash Buckets": 32768, "Max Hash Batches": 1, "Min Hash Batches": 1, "Max Original Hash Batches": 1, "Min Original Hash Batches": 1, "Max Peak Memory Usage": 1, "min Peak Memory Usage": 1, "Plans": [{"Node Type": "Seq Scan", "Parent Relationship": "Outer", "Relation Name": "company_type", "Alias": "ct", "Startup Cost": 0.0, "Total Cost": 1.04, "Plan Rows": 1, "Plan Width": 4, "Actual Min Startup Time": 0.018, "Actual Max Startup Time": 0.018, "Actual Min Total Time": 0.02, "Actual Max Total Time": 0.02, "Filter": "((kind)::text = 'production companies'::text)", "Rows Removed by Filter": 2, "Actual Rows": 1}], "Actual Rows": 1}], "Actual Rows": 0}], "Actual Rows": 0}], "Actual Rows": 0}], "Actual Rows": 0}], "Actual Rows": 0}, {"Node Type": "Hash", "Parent Relationship": "Inner", "Startup Cost": 2.12, "Total Cost": 2.12, "Plan Rows": 112, "Plan Width": 4, "Actual Min Startup Time": 0.126, "Actual Max Startup Time": 0.126, "Actual Min Total Time": 0.126, "Actual Max Total Time": 0.126, "Max Hash Buckets": 32768, "Min Hash Buckets": 32768, "Max Hash Batches": 1, "Min Hash Batches": 1, "Max Original Hash Batches": 1, "Min Original Hash Batches": 1, "Max Peak Memory Usage": 4, "min Peak Memory Usage": 4, "Plans": [{"Node Type": "Seq Scan", "Parent Relationship": "Outer", "Relation Name": "info_type", "Alias": "it", "Startup Cost": 0.0, "Total Cost": 2.12, "Plan Rows": 112, "Plan Width": 4, "Actual Min Startup Time": 0.047, "Actual Max Startup Time": 0.047, "Actual Min Total Time": 0.066, "Actual Max Total Time": 0.066, "Actual Rows": 112}], "Actual Rows": 112}], "Actual Rows": 0}], "Actual Rows": 1}, "Triggers": [], "Planner Runtime": 15.374, "Total Runtime": 987.784, "Unique SQL Id": 328306525}}, "(64, '107')": {"explain_plan": {"Plan": {"Node Type": "Aggregate", "Strategy": "Plain", "Startup Cost": 5000125350283.69, "Total Cost": 5000125350283.7, "Plan Rows": 1, "Plan Width": 49, "Plans": [{"Node Type": "Hash Join", "Parent Relationship": "Outer", "Join Type": "Inner", "Startup Cost": 3020119058770.53, "Total Cost": 5000125350283.63, "Plan Rows": 24, "Plan Width": 17, "Inner Unique": true, "Hash Cond": "(mi.movie_id = t.id)", "Plans": [{"Node Type": "Hash Join", "Parent Relationship": "Outer", "Join Type": "Inner", "Startup Cost": 2020107409750.73, "Total Cost": 4000113701263.47, "Plan Rows": 33, "Plan Width": 8, "Inner Unique": true, "Hash Cond": "(mi.info_type_id = it.id)", "Plans": [{"Node Type": "Hash Join", "Parent Relationship": "Outer", "Join Type": "Inner", "Startup Cost": 1020107408756.33, "Total Cost": 3000113700268.61, "Plan Rows": 33, "Plan Width": 12, "Inner Unique": false, "Hash Cond": "(mc.movie_id = mi.movie_id)", "Plans": [{"Node Type": "Nested Loop", "Parent Relationship": "Outer", "Join Type": "Inner", "Startup Cost": 20000000000.0, "Total Cost": 2000006291406.54, "Plan Rows": 30, "Plan Width": 4, "Inner Unique": false, "Plans": [{"Node Type": "Index Scan", "Parent Relationship": "Outer", "Scan Direction": "Forward", "Index Name": "company_type_pkey", "Relation Name": "company_type", "Alias": "ct", "Startup Cost": 10000000000.0, "Total Cost": 1000000001230.25, "Plan Rows": 1, "Plan Width": 4, "Filter": "((kind)::text = 'production companies'::text)"}, {"Node Type": "Index Scan", "Parent Relationship": "Inner", "Scan Direction": "Forward", "Index Name": "company_type_id_movie_companies", "Relation Name": "movie_companies", "Alias": "mc", "Startup Cost": 10000000000.0, "Total Cost": 1000006290176.0, "Plan Rows": 29, "Plan Width": 8, "Index Cond": "(company_type_id = ct.id)", "Filter": "(((note)::text ~~ '%(VHS)%'::text) AND ((note)::text ~~ '%(USA)%'::text) AND ((note)::text ~~ '%(1994)%'::text))"}]}, {"Node Type": "Hash", "Parent Relationship": "Inner", "Startup Cost": 1000107401445.12, "Total Cost": 1000107401445.12, "Plan Rows": 584897, "Plan Width": 8, "Plans": [{"Node Type": "Index Scan", "Parent Relationship": "Outer", "Scan Direction": "Forward", "Index Name": "info_type_id_movie_info", "Relation Name": "movie_info", "Alias": "mi", "Startup Cost": 10000000000.0, "Total Cost": 1000107401445.12, "Plan Rows": 584897, "Plan Width": 8, "Filter": "((info)::text = ANY ('{USA,America}'::text[]))"}]}]}, {"Node Type": "Hash", "Parent Relationship": "Inner", "Startup Cost": 1000000000993.0, "Total Cost": 1000000000993.0, "Plan Rows": 112, "Plan Width": 4, "Plans": [{"Node Type": "Index Only Scan", "Parent Relationship": "Outer", "Scan Direction": "Forward", "Index Name": "info_type_pkey", "Relation Name": "info_type", "Alias": "it", "Startup Cost": 10000000000.0, "Total Cost": 1000000000993.0, "Plan Rows": 112, "Plan Width": 4}]}]}, {"Node Type": "Hash", "Parent Relationship": "Inner", "Startup Cost": 1000011644126.66, "Total Cost": 1000011644126.66, "Plan Rows": 391451, "Plan Width": 21, "Plans": [{"Node Type": "Index Scan", "Parent Relationship": "Outer", "Scan Direction": "Forward", "Index Name": "title_pkey", "Relation Name": "title", "Alias": "t", "Startup Cost": 10000000000.0, "Total Cost": 1000011644126.66, "Plan Rows": 391451, "Plan Width": 21, "Filter": "(production_year > 2010), (LLVM Optimized)"}]}]}]}, "Unique SQL Id": 328306525, "Planner Runtime": 7}, "explain_analyze_plan": null}, "(64, '108')": {"explain_plan": {"Plan": {"Node Type": "Aggregate", "Strategy": "Plain", "Startup Cost": 61748.65, "Total Cost": 61748.66, "Plan Rows": 1, "Plan Width": 49, "Plans": [{"Node Type": "Nested Loop", "Parent Relationship": "Outer", "Join Type": "Inner", "Startup Cost": 0.0, "Total Cost": 61748.59, "Plan Rows": 24, "Plan Width": 17, "Inner Unique": true, "Plans": [{"Node Type": "Nested Loop", "Parent Relationship": "Outer", "Join Type": "Inner", "Startup Cost": 0.0, "Total Cost": 61741.87, "Plan Rows": 24, "Plan Width": 21, "Inner Unique": false, "Plans": [{"Node Type": "Nested Loop", "Parent Relationship": "Outer", "Join Type": "Inner", "Startup Cost": 0.0, "Total Cost": 61662.88, "Plan Rows": 32, "Plan Width": 25, "Inner Unique": true, "Plans": [{"Node Type": "Nested Loop", "Parent Relationship": "Outer", "Join Type": "Inner", "Startup Cost": 0.0, "Total Cost": 61414.41, "Plan Rows": 30, "Plan Width": 4, "Inner Unique": true, "Plans": [{"Node Type": "Seq Scan", "Parent Relationship": "Outer", "Relation Name": "movie_companies", "Alias": "mc", "Startup Cost": 0.0, "Total Cost": 61385.74, "Plan Rows": 59, "Plan Width": 8, "Filter": "(((note)::text ~~ '%(VHS)%'::text) AND ((note)::text ~~ '%(USA)%'::text) AND ((note)::text ~~ '%(1994)%'::text))"}, {"Node Type": "Index Scan", "Parent Relationship": "Inner", "Scan Direction": "Forward", "Index Name": "company_type_pkey", "Relation Name": "company_type", "Alias": "ct", "Startup Cost": 0.0, "Total Cost": 0.48, "Plan Rows": 1, "Plan Width": 4, "Index Cond": "(id = mc.company_type_id)", "Filter": "((kind)::text = 'production companies'::text)"}]}, {"Node Type": "Index Scan", "Parent Relationship": "Inner", "Scan Direction": "Forward", "Index Name": "title_pkey", "Relation Name": "title", "Alias": "t", "Startup Cost": 0.0, "Total Cost": 8.27, "Plan Rows": 1, "Plan Width": 21, "Index Cond": "(id = mc.movie_id)", "Filter": "(production_year > 2010)"}]}, {"Node Type": "Index Scan", "Parent Relationship": "Inner", "Scan Direction": "Forward", "Index Name": "movie_id_movie_info", "Relation Name": "movie_info", "Alias": "mi", "Startup Cost": 0.0, "Total Cost": 2.46, "Plan Rows": 1, "Plan Width": 8, "Index Cond": "(movie_id = t.id)", "Filter": "((info)::text = ANY ('{USA,America}'::text[]))"}]}, {"Node Type": "Index Scan", "Parent Relationship": "Inner", "Scan Direction": "Forward", "Index Name": "info_type_pkey", "Relation Name": "info_type", "Alias": "it", "Startup Cost": 0.0, "Total Cost": 0.27, "Plan Rows": 1, "Plan Width": 4, "Index Cond": "(id = mi.info_type_id)"}]}]}, "Unique SQL Id": 328306525, "Planner Runtime": 5}, "explain_analyze_plan": {"Plan": {"Node Type": "Aggregate", "Strategy": "Plain", "Startup Cost": 61748.65, "Total Cost": 61748.66, "Plan Rows": 1, "Plan Width": 49, "Actual Startup Time": 966.213, "Actual Total Time": 966.214, "Actual Rows": 1, "Actual Loops": 1, "Plans": [{"Node Type": "Nested Loop", "Parent Relationship": "Outer", "Join Type": "Inner", "Startup Cost": 0.0, "Total Cost": 61748.59, "Plan Rows": 24, "Plan Width": 17, "Actual Startup Time": 966.205, "Actual Total Time": 966.205, "Actual Rows": 0, "Actual Loops": 1, "Inner Unique": true, "Plans": [{"Node Type": "Nested Loop", "Parent Relationship": "Outer", "Join Type": "Inner", "Startup Cost": 0.0, "Total Cost": 61741.87, "Plan Rows": 24, "Plan Width": 21, "Actual Startup Time": 966.203, "Actual Total Time": 966.203, "Actual Rows": 0, "Actual Loops": 1, "Inner Unique": false, "Plans": [{"Node Type": "Nested Loop", "Parent Relationship": "Outer", "Join Type": "Inner", "Startup Cost": 0.0, "Total Cost": 61662.88, "Plan Rows": 32, "Plan Width": 25, "Actual Startup Time": 966.203, "Actual Total Time": 966.203, "Actual Rows": 0, "Actual Loops": 1, "Inner Unique": true, "Plans": [{"Node Type": "Nested Loop", "Parent Relationship": "Outer", "Join Type": "Inner", "Startup Cost": 0.0, "Total Cost": 61414.41, "Plan Rows": 30, "Plan Width": 4, "Actual Startup Time": 966.201, "Actual Total Time": 966.201, "Actual Rows": 0, "Actual Loops": 1, "Inner Unique": true, "Plans": [{"Node Type": "Seq Scan", "Parent Relationship": "Outer", "Relation Name": "movie_companies", "Alias": "mc", "Startup Cost": 0.0, "Total Cost": 61385.74, "Plan Rows": 59, "Plan Width": 8, "Actual Startup Time": 4.005, "Actual Total Time": 964.385, "Actual Rows": 1418, "Actual Loops": 1, "Filter": "(((note)::text ~~ '%(VHS)%'::text) AND ((note)::text ~~ '%(USA)%'::text) AND ((note)::text ~~ '%(1994)%'::text))", "Rows Removed by Filter": 2607710}, {"Node Type": "Index Scan", "Parent Relationship": "Inner", "Scan Direction": "Forward", "Index Name": "company_type_pkey", "Relation Name": "company_type", "Alias": "ct", "Startup Cost": 0.0, "Total Cost": 0.48, "Plan Rows": 1, "Plan Width": 4, "Actual Startup Time": 0.956, "Actual Total Time": 0.956, "Actual Rows": 0, "Actual Loops": 1418, "Index Cond": "(id = mc.company_type_id)", "Rows Removed by Index Recheck": 0, "Filter": "((kind)::text = 'production companies'::text)", "Rows Removed by Filter": 0}]}, {"Node Type": "Index Scan", "Parent Relationship": "Inner", "Scan Direction": "Forward", "Index Name": "title_pkey", "Relation Name": "title", "Alias": "t", "Startup Cost": 0.0, "Total Cost": 8.27, "Plan Rows": 1, "Plan Width": 21, "Actual Startup Time": 0.0, "Actual Total Time": 0.0, "Index Cond": "(id = mc.movie_id)", "Rows Removed by Index Recheck": 0, "Filter": "(production_year > 2010)", "Rows Removed by Filter": 0}]}, {"Node Type": "Index Scan", "Parent Relationship": "Inner", "Scan Direction": "Forward", "Index Name": "movie_id_movie_info", "Relation Name": "movie_info", "Alias": "mi", "Startup Cost": 0.0, "Total Cost": 2.46, "Plan Rows": 1, "Plan Width": 8, "Actual Startup Time": 0.0, "Actual Total Time": 0.0, "Index Cond": "(movie_id = t.id)", "Rows Removed by Index Recheck": 0, "Filter": "((info)::text = ANY ('{USA,America}'::text[]))", "Rows Removed by Filter": 0}]}, {"Node Type": "Index Scan", "Parent Relationship": "Inner", "Scan Direction": "Forward", "Index Name": "info_type_pkey", "Relation Name": "info_type", "Alias": "it", "Startup Cost": 0.0, "Total Cost": 0.27, "Plan Rows": 1, "Plan Width": 4, "Actual Startup Time": 0.0, "Actual Total Time": 0.0, "Index Cond": "(id = mi.info_type_id)", "Rows Removed by Index Recheck": 0}]}]}, "Triggers": [], "Planner Runtime": 8.359, "Total Runtime": 966.465, "Unique SQL Id": 328306525}}, "(64, '109')": {"explain_plan": {"Plan": {"Node Type": "Aggregate", "Strategy": "Plain", "Startup Cost": 63248.6, "Total Cost": 63248.61, "Plan Rows": 1, "Plan Width": 49, "Plans": [{"Node Type": "Nested Loop", "Parent Relationship": "Outer", "Join Type": "Inner", "Startup Cost": 0.0, "Total Cost": 63248.54, "Plan Rows": 24, "Plan Width": 17, "Inner Unique": true, "Plans": [{"Node Type": "Nested Loop", "Parent Relationship": "Outer", "Join Type": "Inner", "Startup Cost": 0.0, "Total Cost": 63241.82, "Plan Rows": 24, "Plan Width": 21, "Inner Unique": false, "Plans": [{"Node Type": "Nested Loop", "Parent Relationship": "Outer", "Join Type": "Inner", "Startup Cost": 0.0, "Total Cost": 63162.83, "Plan Rows": 32, "Plan Width": 25, "Inner Unique": true, "Plans": [{"Node Type": "Nested Loop", "Parent Relationship": "Outer", "Join Type": "Inner", "Startup Cost": 0.0, "Total Cost": 62914.35, "Plan Rows": 30, "Plan Width": 4, "Inner Unique": false, "Plans": [{"Node Type": "Index Scan", "Parent Relationship": "Outer", "Scan Direction": "Forward", "Index Name": "company_type_pkey", "Relation Name": "company_type", "Alias": "ct", "Startup Cost": 0.0, "Total Cost": 12.3, "Plan Rows": 1, "Plan Width": 4, "Filter": "((kind)::text = 'production companies'::text)"}, {"Node Type": "Index Scan", "Parent Relationship": "Inner", "Scan Direction": "Forward", "Index Name": "company_type_id_movie_companies", "Relation Name": "movie_companies", "Alias": "mc", "Startup Cost": 0.0, "Total Cost": 62901.76, "Plan Rows": 29, "Plan Width": 8, "Index Cond": "(company_type_id = ct.id)", "Filter": "(((note)::text ~~ '%(VHS)%'::text) AND ((note)::text ~~ '%(USA)%'::text) AND ((note)::text ~~ '%(1994)%'::text))"}]}, {"Node Type": "Index Scan", "Parent Relationship": "Inner", "Scan Direction": "Forward", "Index Name": "title_pkey", "Relation Name": "title", "Alias": "t", "Startup Cost": 0.0, "Total Cost": 8.27, "Plan Rows": 1, "Plan Width": 21, "Index Cond": "(id = mc.movie_id)", "Filter": "(production_year > 2010)"}]}, {"Node Type": "Index Scan", "Parent Relationship": "Inner", "Scan Direction": "Forward", "Index Name": "movie_id_movie_info", "Relation Name": "movie_info", "Alias": "mi", "Startup Cost": 0.0, "Total Cost": 2.46, "Plan Rows": 1, "Plan Width": 8, "Index Cond": "(movie_id = t.id)", "Filter": "((info)::text = ANY ('{USA,America}'::text[]))"}]}, {"Node Type": "Index Scan", "Parent Relationship": "Inner", "Scan Direction": "Forward", "Index Name": "info_type_pkey", "Relation Name": "info_type", "Alias": "it", "Startup Cost": 0.0, "Total Cost": 0.27, "Plan Rows": 1, "Plan Width": 4, "Index Cond": "(id = mi.info_type_id)"}]}]}, "Unique SQL Id": 328306525, "Planner Runtime": 4}, "explain_analyze_plan": {"Plan": {"Node Type": "Aggregate", "Strategy": "Plain", "Startup Cost": 63248.6, "Total Cost": 63248.61, "Plan Rows": 1, "Plan Width": 49, "Actual Startup Time": 707.469, "Actual Total Time": 707.469, "Actual Rows": 1, "Actual Loops": 1, "Plans": [{"Node Type": "Nested Loop", "Parent Relationship": "Outer", "Join Type": "Inner", "Startup Cost": 0.0, "Total Cost": 63248.54, "Plan Rows": 24, "Plan Width": 17, "Actual Startup Time": 707.462, "Actual Total Time": 707.462, "Actual Rows": 0, "Actual Loops": 1, "Inner Unique": true, "Plans": [{"Node Type": "Nested Loop", "Parent Relationship": "Outer", "Join Type": "Inner", "Startup Cost": 0.0, "Total Cost": 63241.82, "Plan Rows": 24, "Plan Width": 21, "Actual Startup Time": 707.46, "Actual Total Time": 707.46, "Actual Rows": 0, "Actual Loops": 1, "Inner Unique": false, "Plans": [{"Node Type": "Nested Loop", "Parent Relationship": "Outer", "Join Type": "Inner", "Startup Cost": 0.0, "Total Cost": 63162.83, "Plan Rows": 32, "Plan Width": 25, "Actual Startup Time": 707.458, "Actual Total Time": 707.458, "Actual Rows": 0, "Actual Loops": 1, "Inner Unique": true, "Plans": [{"Node Type": "Nested Loop", "Parent Relationship": "Outer", "Join Type": "Inner", "Startup Cost": 0.0, "Total Cost": 62914.35, "Plan Rows": 30, "Plan Width": 4, "Actual Startup Time": 707.457, "Actual Total Time": 707.457, "Actual Rows": 0, "Actual Loops": 1, "Inner Unique": false, "Plans": [{"Node Type": "Index Scan", "Parent Relationship": "Outer", "Scan Direction": "Forward", "Index Name": "company_type_pkey", "Relation Name": "company_type", "Alias": "ct", "Startup Cost": 0.0, "Total Cost": 12.3, "Plan Rows": 1, "Plan Width": 4, "Actual Startup Time": 0.015, "Actual Total Time": 0.026, "Actual Rows": 1, "Actual Loops": 1, "Filter": "((kind)::text = 'production companies'::text)", "Rows Removed by Filter": 2}, {"Node Type": "Index Scan", "Parent Relationship": "Inner", "Scan Direction": "Forward", "Index Name": "company_type_id_movie_companies", "Relation Name": "movie_companies", "Alias": "mc", "Startup Cost": 0.0, "Total Cost": 62901.76, "Plan Rows": 29, "Plan Width": 8, "Actual Startup Time": 707.424, "Actual Total Time": 707.424, "Actual Rows": 0, "Actual Loops": 1, "Index Cond": "(company_type_id = ct.id)", "Rows Removed by Index Recheck": 0, "Filter": "(((note)::text ~~ '%(VHS)%'::text) AND ((note)::text ~~ '%(USA)%'::text) AND ((note)::text ~~ '%(1994)%'::text))", "Rows Removed by Filter": 1334883}]}, {"Node Type": "Index Scan", "Parent Relationship": "Inner", "Scan Direction": "Forward", "Index Name": "title_pkey", "Relation Name": "title", "Alias": "t", "Startup Cost": 0.0, "Total Cost": 8.27, "Plan Rows": 1, "Plan Width": 21, "Actual Startup Time": 0.0, "Actual Total Time": 0.0, "Index Cond": "(id = mc.movie_id)", "Rows Removed by Index Recheck": 0, "Filter": "(production_year > 2010)", "Rows Removed by Filter": 0}]}, {"Node Type": "Index Scan", "Parent Relationship": "Inner", "Scan Direction": "Forward", "Index Name": "movie_id_movie_info", "Relation Name": "movie_info", "Alias": "mi", "Startup Cost": 0.0, "Total Cost": 2.46, "Plan Rows": 1, "Plan Width": 8, "Actual Startup Time": 0.0, "Actual Total Time": 0.0, "Index Cond": "(movie_id = t.id)", "Rows Removed by Index Recheck": 0, "Filter": "((info)::text = ANY ('{USA,America}'::text[]))", "Rows Removed by Filter": 0}]}, {"Node Type": "Index Scan", "Parent Relationship": "Inner", "Scan Direction": "Forward", "Index Name": "info_type_pkey", "Relation Name": "info_type", "Alias": "it", "Startup Cost": 0.0, "Total Cost": 0.27, "Plan Rows": 1, "Plan Width": 4, "Actual Startup Time": 0.0, "Actual Total Time": 0.0, "Index Cond": "(id = mi.info_type_id)", "Rows Removed by Index Recheck": 0}]}]}, "Triggers": [], "Planner Runtime": 9.381, "Total Runtime": 707.729, "Unique SQL Id": 328306525}}, "(64, '110')": {"explain_plan": {"Plan": {"Node Type": "Aggregate", "Strategy": "Plain", "Startup Cost": 216977.69, "Total Cost": 216977.7, "Plan Rows": 1, "Plan Width": 49, "Plans": [{"Node Type": "Hash Join", "Parent Relationship": "Outer", "Join Type": "Inner", "Startup Cost": 134495.94, "Total Cost": 216977.63, "Plan Rows": 24, "Plan Width": 17, "Inner Unique": true, "Hash Cond": "(mi.info_type_id = it.id)", "Plans": [{"Node Type": "Hash Join", "Parent Relationship": "Outer", "Join Type": "Inner", "Startup Cost": 134492.42, "Total Cost": 216973.78, "Plan Rows": 24, "Plan Width": 21, "Inner Unique": false, "Hash Cond": "(mi.movie_id = t.id)", "Plans": [{"Node Type": "Streaming(type: LOCAL GATHER dop: 1/64)", "Parent Relationship": "Outer", "Startup Cost": 0.0, "Total Cost": 80287.65, "Plan Rows": 584897, "Plan Width": 8, "Plans": [{"Node Type": "Seq Scan", "Parent Relationship": "Outer", "Relation Name": "movie_info", "Alias": "mi", "Startup Cost": 0.0, "Total Cost": 68221.29, "Plan Rows": 584897, "Plan Width": 8, "Filter": "((info)::text = ANY ('{USA,America}'::text[]))"}]}, {"Node Type": "Hash", "Parent Relationship": "Inner", "Startup Cost": 134492.02, "Total Cost": 134492.02, "Plan Rows": 32, "Plan Width": 25, "Plans": [{"Node Type": "Hash Join", "Parent Relationship": "Outer", "Join Type": "Inner", "Startup Cost": 61387.61, "Total Cost": 134492.02, "Plan Rows": 32, "Plan Width": 25, "Inner Unique": false, "Hash Cond": "(t.id = mc.movie_id)", "Plans": [{"Node Type": "Streaming(type: LOCAL GATHER dop: 1/64)", "Parent Relationship": "Outer", "Startup Cost": 0.0, "Total Cost": 72112.93, "Plan Rows": 391451, "Plan Width": 21, "Plans": [{"Node Type": "Seq Scan", "Parent Relationship": "Outer", "Relation Name": "title", "Alias": "t", "Startup Cost": 0.0, "Total Cost": 64037.34, "Plan Rows": 391451, "Plan Width": 21, "Filter": "(production_year > 2010), (LLVM Optimized)"}]}, {"Node Type": "Hash", "Parent Relationship": "Inner", "Startup Cost": 61387.24, "Total Cost": 61387.24, "Plan Rows": 30, "Plan Width": 4, "Plans": [{"Node Type": "Hash Join", "Parent Relationship": "Outer", "Join Type": "Inner", "Startup Cost": 1.05, "Total Cost": 61387.24, "Plan Rows": 30, "Plan Width": 4, "Inner Unique": true, "Hash Cond": "(mc.company_type_id = ct.id)", "Plans": [{"Node Type": "Seq Scan", "Parent Relationship": "Outer", "Relation Name": "movie_companies", "Alias": "mc", "Startup Cost": 0.0, "Total Cost": 61385.74, "Plan Rows": 59, "Plan Width": 8, "Filter": "(((note)::text ~~ '%(VHS)%'::text) AND ((note)::text ~~ '%(USA)%'::text) AND ((note)::text ~~ '%(1994)%'::text))"}, {"Node Type": "Hash", "Parent Relationship": "Inner", "Startup Cost": 1.04, "Total Cost": 1.04, "Plan Rows": 1, "Plan Width": 4, "Plans": [{"Node Type": "Seq Scan", "Parent Relationship": "Outer", "Relation Name": "company_type", "Alias": "ct", "Startup Cost": 0.0, "Total Cost": 1.04, "Plan Rows": 1, "Plan Width": 4, "Filter": "((kind)::text = 'production companies'::text)"}]}]}]}]}]}]}, {"Node Type": "Hash", "Parent Relationship": "Inner", "Startup Cost": 2.12, "Total Cost": 2.12, "Plan Rows": 112, "Plan Width": 4, "Plans": [{"Node Type": "Seq Scan", "Parent Relationship": "Outer", "Relation Name": "info_type", "Alias": "it", "Startup Cost": 0.0, "Total Cost": 2.12, "Plan Rows": 112, "Plan Width": 4}]}]}]}, "Unique SQL Id": 328306525, "Planner Runtime": 11}, "explain_analyze_plan": {"Plan": {"Node Type": "Aggregate", "Strategy": "Plain", "Startup Cost": 216977.69, "Total Cost": 216977.7, "Plan Rows": 1, "Plan Width": 49, "Actual Min Startup Time": 953.228, "Actual Max Startup Time": 953.228, "Actual Min Total Time": 953.229, "Actual Max Total Time": 953.229, "Plans": [{"Node Type": "Hash Join", "Parent Relationship": "Outer", "Join Type": "Inner", "Startup Cost": 134495.94, "Total Cost": 216977.63, "Plan Rows": 24, "Plan Width": 17, "Actual Min Startup Time": 953.215, "Actual Max Startup Time": 953.215, "Actual Min Total Time": 953.215, "Actual Max Total Time": 953.215, "Inner Unique": true, "Hash Cond": "(mi.info_type_id = it.id)", "Plans": [{"Node Type": "Hash Join", "Parent Relationship": "Outer", "Join Type": "Inner", "Startup Cost": 134492.42, "Total Cost": 216973.78, "Plan Rows": 24, "Plan Width": 21, "Actual Min Startup Time": 952.99, "Actual Max Startup Time": 952.99, "Actual Min Total Time": 952.99, "Actual Max Total Time": 952.99, "Inner Unique": false, "Hash Cond": "(mi.movie_id = t.id)", "Plans": [{"Node Type": "Streaming(type: LOCAL GATHER dop: 1/64)", "Parent Relationship": "Outer", "Startup Cost": 0.0, "Total Cost": 80287.65, "Plan Rows": 584897, "Plan Width": 8, "Actual Startup Time": 0.0, "Actual Total Time": 0.0, "Plans": [{"Node Type": "Seq Scan", "Parent Relationship": "Outer", "Relation Name": "movie_info", "Alias": "mi", "Startup Cost": 0.0, "Total Cost": 68221.29, "Plan Rows": 584897, "Plan Width": 8, "Actual Min Startup Time": 0.043, "Actual Max Startup Time": 21.862, "Actual Min Total Time": 12.058, "Actual Max Total Time": 96.13, "Filter": "((info)::text = ANY ('{USA,America}'::text[]))", "Rows Removed by Filter": 10824957, "Actual Rows": 6464}]}, {"Node Type": "Hash", "Parent Relationship": "Inner", "Startup Cost": 134492.02, "Total Cost": 134492.02, "Plan Rows": 32, "Plan Width": 25, "Actual Min Startup Time": 952.547, "Actual Max Startup Time": 952.547, "Actual Min Total Time": 952.547, "Actual Max Total Time": 952.547, "Max Hash Buckets": 32768, "Min Hash Buckets": 32768, "Max Hash Batches": 1, "Min Hash Batches": 1, "Max Original Hash Batches": 1, "Min Original Hash Batches": 1, "Max Peak Memory Usage": 0, "min Peak Memory Usage": 0, "Plans": [{"Node Type": "Hash Join", "Parent Relationship": "Outer", "Join Type": "Inner", "Startup Cost": 61387.61, "Total Cost": 134492.02, "Plan Rows": 32, "Plan Width": 25, "Actual Min Startup Time": 952.545, "Actual Max Startup Time": 952.545, "Actual Min Total Time": 952.545, "Actual Max Total Time": 952.545, "Inner Unique": false, "Hash Cond": "(t.id = mc.movie_id)", "Plans": [{"Node Type": "Streaming(type: LOCAL GATHER dop: 1/64)", "Parent Relationship": "Outer", "Startup Cost": 0.0, "Total Cost": 72112.93, "Plan Rows": 391451, "Plan Width": 21, "Actual Startup Time": 0.0, "Actual Total Time": 0.0, "Plans": [{"Node Type": "Seq Scan", "Parent Relationship": "Outer", "Relation Name": "title", "Alias": "t", "Startup Cost": 0.0, "Total Cost": 64037.34, "Plan Rows": 391451, "Plan Width": 21, "Actual Min Startup Time": 0.03, "Actual Max Startup Time": 0.061, "Actual Min Total Time": 0.207, "Actual Max Total Time": 0.311, "Filter": "(production_year > 2010), (LLVM Optimized, Jit Execute)", "Rows Removed by Filter": 33125, "Actual Rows": 6464}]}, {"Node Type": "Hash", "Parent Relationship": "Inner", "Startup Cost": 61387.24, "Total Cost": 61387.24, "Plan Rows": 30, "Plan Width": 4, "Actual Min Startup Time": 952.193, "Actual Max Startup Time": 952.193, "Actual Min Total Time": 952.193, "Actual Max Total Time": 952.193, "Max Hash Buckets": 32768, "Min Hash Buckets": 32768, "Max Hash Batches": 1, "Min Hash Batches": 1, "Max Original Hash Batches": 1, "Min Original Hash Batches": 1, "Max Peak Memory Usage": 0, "min Peak Memory Usage": 0, "Plans": [{"Node Type": "Hash Join", "Parent Relationship": "Outer", "Join Type": "Inner", "Startup Cost": 1.05, "Total Cost": 61387.24, "Plan Rows": 30, "Plan Width": 4, "Actual Min Startup Time": 952.188, "Actual Max Startup Time": 952.188, "Actual Min Total Time": 952.188, "Actual Max Total Time": 952.188, "Inner Unique": true, "Hash Cond": "(mc.company_type_id = ct.id)", "Plans": [{"Node Type": "Seq Scan", "Parent Relationship": "Outer", "Relation Name": "movie_companies", "Alias": "mc", "Startup Cost": 0.0, "Total Cost": 61385.74, "Plan Rows": 59, "Plan Width": 8, "Actual Min Startup Time": 4.059, "Actual Max Startup Time": 4.059, "Actual Min Total Time": 951.653, "Actual Max Total Time": 951.653, "Filter": "(((note)::text ~~ '%(VHS)%'::text) AND ((note)::text ~~ '%(USA)%'::text) AND ((note)::text ~~ '%(1994)%'::text))", "Rows Removed by Filter": 2607710, "Actual Rows": 1418}, {"Node Type": "Hash", "Parent Relationship": "Inner", "Startup Cost": 1.04, "Total Cost": 1.04, "Plan Rows": 1, "Plan Width": 4, "Actual Min Startup Time": 0.025, "Actual Max Startup Time": 0.025, "Actual Min Total Time": 0.025, "Actual Max Total Time": 0.025, "Max Hash Buckets": 32768, "Min Hash Buckets": 32768, "Max Hash Batches": 1, "Min Hash Batches": 1, "Max Original Hash Batches": 1, "Min Original Hash Batches": 1, "Max Peak Memory Usage": 1, "min Peak Memory Usage": 1, "Plans": [{"Node Type": "Seq Scan", "Parent Relationship": "Outer", "Relation Name": "company_type", "Alias": "ct", "Startup Cost": 0.0, "Total Cost": 1.04, "Plan Rows": 1, "Plan Width": 4, "Actual Min Startup Time": 0.018, "Actual Max Startup Time": 0.018, "Actual Min Total Time": 0.02, "Actual Max Total Time": 0.02, "Filter": "((kind)::text = 'production companies'::text)", "Rows Removed by Filter": 2, "Actual Rows": 1}], "Actual Rows": 1}], "Actual Rows": 0}], "Actual Rows": 0}], "Actual Rows": 0}], "Actual Rows": 0}], "Actual Rows": 0}, {"Node Type": "Hash", "Parent Relationship": "Inner", "Startup Cost": 2.12, "Total Cost": 2.12, "Plan Rows": 112, "Plan Width": 4, "Actual Min Startup Time": 0.126, "Actual Max Startup Time": 0.126, "Actual Min Total Time": 0.126, "Actual Max Total Time": 0.126, "Max Hash Buckets": 32768, "Min Hash Buckets": 32768, "Max Hash Batches": 1, "Min Hash Batches": 1, "Max Original Hash Batches": 1, "Min Original Hash Batches": 1, "Max Peak Memory Usage": 4, "min Peak Memory Usage": 4, "Plans": [{"Node Type": "Seq Scan", "Parent Relationship": "Outer", "Relation Name": "info_type", "Alias": "it", "Startup Cost": 0.0, "Total Cost": 2.12, "Plan Rows": 112, "Plan Width": 4, "Actual Min Startup Time": 0.047, "Actual Max Startup Time": 0.047, "Actual Min Total Time": 0.066, "Actual Max Total Time": 0.066, "Actual Rows": 112}], "Actual Rows": 112}], "Actual Rows": 0}], "Actual Rows": 1}, "Triggers": [], "Planner Runtime": 15.374, "Total Runtime": 987.784, "Unique SQL Id": 328306525}}, "(64, '111')": {"explain_plan": {"Plan": {"Node Type": "Aggregate", "Strategy": "Plain", "Startup Cost": 5000125350683.69, "Total Cost": 5000125350683.7, "Plan Rows": 1, "Plan Width": 49, "Plans": [{"Node Type": "Hash Join", "Parent Relationship": "Outer", "Join Type": "Inner", "Startup Cost": 3020119059170.53, "Total Cost": 5000125350683.63, "Plan Rows": 24, "Plan Width": 17, "Inner Unique": true, "Hash Cond": "(mi.movie_id = t.id)", "Plans": [{"Node Type": "Hash Join", "Parent Relationship": "Outer", "Join Type": "Inner", "Startup Cost": 2020107410150.73, "Total Cost": 4000113701663.47, "Plan Rows": 33, "Plan Width": 8, "Inner Unique": true, "Hash Cond": "(mi.info_type_id = it.id)", "Plans": [{"Node Type": "Hash Join", "Parent Relationship": "Outer", "Join Type": "Inner", "Startup Cost": 1020107408756.33, "Total Cost": 3000113700268.61, "Plan Rows": 33, "Plan Width": 12, "Inner Unique": false, "Hash Cond": "(mc.movie_id = mi.movie_id)", "Plans": [{"Node Type": "Nested Loop", "Parent Relationship": "Outer", "Join Type": "Inner", "Startup Cost": 20000000000.0, "Total Cost": 2000006291406.54, "Plan Rows": 30, "Plan Width": 4, "Inner Unique": false, "Plans": [{"Node Type": "Index Scan", "Parent Relationship": "Outer", "Scan Direction": "Forward", "Index Name": "company_type_pkey", "Relation Name": "company_type", "Alias": "ct", "Startup Cost": 10000000000.0, "Total Cost": 1000000001230.25, "Plan Rows": 1, "Plan Width": 4, "Filter": "((kind)::text = 'production companies'::text)"}, {"Node Type": "Index Scan", "Parent Relationship": "Inner", "Scan Direction": "Forward", "Index Name": "company_type_id_movie_companies", "Relation Name": "movie_companies", "Alias": "mc", "Startup Cost": 10000000000.0, "Total Cost": 1000006290176.0, "Plan Rows": 29, "Plan Width": 8, "Index Cond": "(company_type_id = ct.id)", "Filter": "(((note)::text ~~ '%(VHS)%'::text) AND ((note)::text ~~ '%(USA)%'::text) AND ((note)::text ~~ '%(1994)%'::text))"}]}, {"Node Type": "Hash", "Parent Relationship": "Inner", "Startup Cost": 1000107401445.12, "Total Cost": 1000107401445.12, "Plan Rows": 584897, "Plan Width": 8, "Plans": [{"Node Type": "Index Scan", "Parent Relationship": "Outer", "Scan Direction": "Forward", "Index Name": "info_type_id_movie_info", "Relation Name": "movie_info", "Alias": "mi", "Startup Cost": 10000000000.0, "Total Cost": 1000107401445.12, "Plan Rows": 584897, "Plan Width": 8, "Filter": "((info)::text = ANY ('{USA,America}'::text[]))"}]}]}, {"Node Type": "Hash", "Parent Relationship": "Inner", "Startup Cost": 1000000001393.0, "Total Cost": 1000000001393.0, "Plan Rows": 112, "Plan Width": 4, "Plans": [{"Node Type": "Index Scan", "Parent Relationship": "Outer", "Scan Direction": "Forward", "Index Name": "info_type_pkey", "Relation Name": "info_type", "Alias": "it", "Startup Cost": 10000000000.0, "Total Cost": 1000000001393.0, "Plan Rows": 112, "Plan Width": 4}]}]}, {"Node Type": "Hash", "Parent Relationship": "Inner", "Startup Cost": 1000011644126.66, "Total Cost": 1000011644126.66, "Plan Rows": 391451, "Plan Width": 21, "Plans": [{"Node Type": "Index Scan", "Parent Relationship": "Outer", "Scan Direction": "Forward", "Index Name": "title_pkey", "Relation Name": "title", "Alias": "t", "Startup Cost": 10000000000.0, "Total Cost": 1000011644126.66, "Plan Rows": 391451, "Plan Width": 21, "Filter": "(production_year > 2010), (LLVM Optimized)"}]}]}]}, "Unique SQL Id": 328306525, "Planner Runtime": 7}, "explain_analyze_plan": null}, "(64, '112')": {"explain_plan": {"Plan": {"Node Type": "Aggregate", "Strategy": "Plain", "Startup Cost": 61721.76, "Total Cost": 61721.77, "Plan Rows": 1, "Plan Width": 49, "Plans": [{"Node Type": "Nested Loop", "Parent Relationship": "Outer", "Join Type": "Inner", "Startup Cost": 0.0, "Total Cost": 61721.7, "Plan Rows": 24, "Plan Width": 17, "Inner Unique": true, "Plans": [{"Node Type": "Nested Loop", "Parent Relationship": "Outer", "Join Type": "Inner", "Startup Cost": 0.0, "Total Cost": 61714.98, "Plan Rows": 24, "Plan Width": 21, "Inner Unique": false, "Plans": [{"Node Type": "Nested Loop", "Parent Relationship": "Outer", "Join Type": "Inner", "Startup Cost": 0.0, "Total Cost": 61635.99, "Plan Rows": 32, "Plan Width": 25, "Inner Unique": true, "Plans": [{"Node Type": "Nested Loop", "Parent Relationship": "Outer", "Join Type": "Inner", "Startup Cost": 0.0, "Total Cost": 61387.52, "Plan Rows": 30, "Plan Width": 4, "Inner Unique": false, "Join Filter": "(ct.id = mc.company_type_id)", "Plans": [{"Node Type": "Seq Scan", "Parent Relationship": "Outer", "Relation Name": "company_type", "Alias": "ct", "Startup Cost": 0.0, "Total Cost": 1.04, "Plan Rows": 1, "Plan Width": 4, "Filter": "((kind)::text = 'production companies'::text)"}, {"Node Type": "Seq Scan", "Parent Relationship": "Inner", "Relation Name": "movie_companies", "Alias": "mc", "Startup Cost": 0.0, "Total Cost": 61385.74, "Plan Rows": 59, "Plan Width": 8, "Filter": "(((note)::text ~~ '%(VHS)%'::text) AND ((note)::text ~~ '%(USA)%'::text) AND ((note)::text ~~ '%(1994)%'::text))"}]}, {"Node Type": "Index Scan", "Parent Relationship": "Inner", "Scan Direction": "Forward", "Index Name": "title_pkey", "Relation Name": "title", "Alias": "t", "Startup Cost": 0.0, "Total Cost": 8.27, "Plan Rows": 1, "Plan Width": 21, "Index Cond": "(id = mc.movie_id)", "Filter": "(production_year > 2010)"}]}, {"Node Type": "Index Scan", "Parent Relationship": "Inner", "Scan Direction": "Forward", "Index Name": "movie_id_movie_info", "Relation Name": "movie_info", "Alias": "mi", "Startup Cost": 0.0, "Total Cost": 2.46, "Plan Rows": 1, "Plan Width": 8, "Index Cond": "(movie_id = t.id)", "Filter": "((info)::text = ANY ('{USA,America}'::text[]))"}]}, {"Node Type": "Index Only Scan", "Parent Relationship": "Inner", "Scan Direction": "Forward", "Index Name": "info_type_pkey", "Relation Name": "info_type", "Alias": "it", "Startup Cost": 0.0, "Total Cost": 0.27, "Plan Rows": 1, "Plan Width": 4, "Index Cond": "(id = mi.info_type_id)"}]}]}, "Unique SQL Id": 328306525, "Planner Runtime": 4}, "explain_analyze_plan": {"Plan": {"Node Type": "Aggregate", "Strategy": "Plain", "Startup Cost": 61721.76, "Total Cost": 61721.77, "Plan Rows": 1, "Plan Width": 49, "Actual Startup Time": 965.018, "Actual Total Time": 965.019, "Actual Rows": 1, "Actual Loops": 1, "Plans": [{"Node Type": "Nested Loop", "Parent Relationship": "Outer", "Join Type": "Inner", "Startup Cost": 0.0, "Total Cost": 61721.7, "Plan Rows": 24, "Plan Width": 17, "Actual Startup Time": 965.012, "Actual Total Time": 965.012, "Actual Rows": 0, "Actual Loops": 1, "Inner Unique": true, "Plans": [{"Node Type": "Nested Loop", "Parent Relationship": "Outer", "Join Type": "Inner", "Startup Cost": 0.0, "Total Cost": 61714.98, "Plan Rows": 24, "Plan Width": 21, "Actual Startup Time": 965.011, "Actual Total Time": 965.011, "Actual Rows": 0, "Actual Loops": 1, "Inner Unique": false, "Plans": [{"Node Type": "Nested Loop", "Parent Relationship": "Outer", "Join Type": "Inner", "Startup Cost": 0.0, "Total Cost": 61635.99, "Plan Rows": 32, "Plan Width": 25, "Actual Startup Time": 965.009, "Actual Total Time": 965.009, "Actual Rows": 0, "Actual Loops": 1, "Inner Unique": true, "Plans": [{"Node Type": "Nested Loop", "Parent Relationship": "Outer", "Join Type": "Inner", "Startup Cost": 0.0, "Total Cost": 61387.52, "Plan Rows": 30, "Plan Width": 4, "Actual Startup Time": 965.006, "Actual Total Time": 965.006, "Actual Rows": 0, "Actual Loops": 1, "Inner Unique": false, "Join Filter": "(ct.id = mc.company_type_id)", "Rows Removed by Join Filter": 1418, "Plans": [{"Node Type": "Seq Scan", "Parent Relationship": "Outer", "Relation Name": "company_type", "Alias": "ct", "Startup Cost": 0.0, "Total Cost": 1.04, "Plan Rows": 1, "Plan Width": 4, "Actual Startup Time": 0.014, "Actual Total Time": 0.021, "Actual Rows": 1, "Actual Loops": 1, "Filter": "((kind)::text = 'production companies'::text)", "Rows Removed by Filter": 2}, {"Node Type": "Seq Scan", "Parent Relationship": "Inner", "Relation Name": "movie_companies", "Alias": "mc", "Startup Cost": 0.0, "Total Cost": 61385.74, "Plan Rows": 59, "Plan Width": 8, "Actual Startup Time": 3.955, "Actual Total Time": 964.568, "Actual Rows": 1418, "Actual Loops": 1, "Filter": "(((note)::text ~~ '%(VHS)%'::text) AND ((note)::text ~~ '%(USA)%'::text) AND ((note)::text ~~ '%(1994)%'::text))", "Rows Removed by Filter": 2607710}]}, {"Node Type": "Index Scan", "Parent Relationship": "Inner", "Scan Direction": "Forward", "Index Name": "title_pkey", "Relation Name": "title", "Alias": "t", "Startup Cost": 0.0, "Total Cost": 8.27, "Plan Rows": 1, "Plan Width": 21, "Actual Startup Time": 0.0, "Actual Total Time": 0.0, "Index Cond": "(id = mc.movie_id)", "Rows Removed by Index Recheck": 0, "Filter": "(production_year > 2010)", "Rows Removed by Filter": 0}]}, {"Node Type": "Index Scan", "Parent Relationship": "Inner", "Scan Direction": "Forward", "Index Name": "movie_id_movie_info", "Relation Name": "movie_info", "Alias": "mi", "Startup Cost": 0.0, "Total Cost": 2.46, "Plan Rows": 1, "Plan Width": 8, "Actual Startup Time": 0.0, "Actual Total Time": 0.0, "Index Cond": "(movie_id = t.id)", "Rows Removed by Index Recheck": 0, "Filter": "((info)::text = ANY ('{USA,America}'::text[]))", "Rows Removed by Filter": 0}]}, {"Node Type": "Index Only Scan", "Parent Relationship": "Inner", "Scan Direction": "Forward", "Index Name": "info_type_pkey", "Relation Name": "info_type", "Alias": "it", "Startup Cost": 0.0, "Total Cost": 0.27, "Plan Rows": 1, "Plan Width": 4, "Actual Startup Time": 0.0, "Actual Total Time": 0.0, "Index Cond": "(id = mi.info_type_id)", "Rows Removed by Index Recheck": 0, "Heap Fetches": 0}]}]}, "Triggers": [], "Planner Runtime": 9.305, "Total Runtime": 965.287, "Unique SQL Id": 328306525}}, "(64, '113')": {"explain_plan": {"Plan": {"Node Type": "Aggregate", "Strategy": "Plain", "Startup Cost": 63248.6, "Total Cost": 63248.61, "Plan Rows": 1, "Plan Width": 49, "Plans": [{"Node Type": "Nested Loop", "Parent Relationship": "Outer", "Join Type": "Inner", "Startup Cost": 0.0, "Total Cost": 63248.54, "Plan Rows": 24, "Plan Width": 17, "Inner Unique": true, "Plans": [{"Node Type": "Nested Loop", "Parent Relationship": "Outer", "Join Type": "Inner", "Startup Cost": 0.0, "Total Cost": 63241.82, "Plan Rows": 24, "Plan Width": 21, "Inner Unique": false, "Plans": [{"Node Type": "Nested Loop", "Parent Relationship": "Outer", "Join Type": "Inner", "Startup Cost": 0.0, "Total Cost": 63162.83, "Plan Rows": 32, "Plan Width": 25, "Inner Unique": true, "Plans": [{"Node Type": "Nested Loop", "Parent Relationship": "Outer", "Join Type": "Inner", "Startup Cost": 0.0, "Total Cost": 62914.35, "Plan Rows": 30, "Plan Width": 4, "Inner Unique": false, "Plans": [{"Node Type": "Index Scan", "Parent Relationship": "Outer", "Scan Direction": "Forward", "Index Name": "company_type_pkey", "Relation Name": "company_type", "Alias": "ct", "Startup Cost": 0.0, "Total Cost": 12.3, "Plan Rows": 1, "Plan Width": 4, "Filter": "((kind)::text = 'production companies'::text)"}, {"Node Type": "Index Scan", "Parent Relationship": "Inner", "Scan Direction": "Forward", "Index Name": "company_type_id_movie_companies", "Relation Name": "movie_companies", "Alias": "mc", "Startup Cost": 0.0, "Total Cost": 62901.76, "Plan Rows": 29, "Plan Width": 8, "Index Cond": "(company_type_id = ct.id)", "Filter": "(((note)::text ~~ '%(VHS)%'::text) AND ((note)::text ~~ '%(USA)%'::text) AND ((note)::text ~~ '%(1994)%'::text))"}]}, {"Node Type": "Index Scan", "Parent Relationship": "Inner", "Scan Direction": "Forward", "Index Name": "title_pkey", "Relation Name": "title", "Alias": "t", "Startup Cost": 0.0, "Total Cost": 8.27, "Plan Rows": 1, "Plan Width": 21, "Index Cond": "(id = mc.movie_id)", "Filter": "(production_year > 2010)"}]}, {"Node Type": "Index Scan", "Parent Relationship": "Inner", "Scan Direction": "Forward", "Index Name": "movie_id_movie_info", "Relation Name": "movie_info", "Alias": "mi", "Startup Cost": 0.0, "Total Cost": 2.46, "Plan Rows": 1, "Plan Width": 8, "Index Cond": "(movie_id = t.id)", "Filter": "((info)::text = ANY ('{USA,America}'::text[]))"}]}, {"Node Type": "Index Only Scan", "Parent Relationship": "Inner", "Scan Direction": "Forward", "Index Name": "info_type_pkey", "Relation Name": "info_type", "Alias": "it", "Startup Cost": 0.0, "Total Cost": 0.27, "Plan Rows": 1, "Plan Width": 4, "Index Cond": "(id = mi.info_type_id)"}]}]}, "Unique SQL Id": 328306525, "Planner Runtime": 3}, "explain_analyze_plan": {"Plan": {"Node Type": "Aggregate", "Strategy": "Plain", "Startup Cost": 63248.6, "Total Cost": 63248.61, "Plan Rows": 1, "Plan Width": 49, "Actual Startup Time": 712.178, "Actual Total Time": 712.179, "Actual Rows": 1, "Actual Loops": 1, "Plans": [{"Node Type": "Nested Loop", "Parent Relationship": "Outer", "Join Type": "Inner", "Startup Cost": 0.0, "Total Cost": 63248.54, "Plan Rows": 24, "Plan Width": 17, "Actual Startup Time": 712.172, "Actual Total Time": 712.172, "Actual Rows": 0, "Actual Loops": 1, "Inner Unique": true, "Plans": [{"Node Type": "Nested Loop", "Parent Relationship": "Outer", "Join Type": "Inner", "Startup Cost": 0.0, "Total Cost": 63241.82, "Plan Rows": 24, "Plan Width": 21, "Actual Startup Time": 712.17, "Actual Total Time": 712.17, "Actual Rows": 0, "Actual Loops": 1, "Inner Unique": false, "Plans": [{"Node Type": "Nested Loop", "Parent Relationship": "Outer", "Join Type": "Inner", "Startup Cost": 0.0, "Total Cost": 63162.83, "Plan Rows": 32, "Plan Width": 25, "Actual Startup Time": 712.168, "Actual Total Time": 712.168, "Actual Rows": 0, "Actual Loops": 1, "Inner Unique": true, "Plans": [{"Node Type": "Nested Loop", "Parent Relationship": "Outer", "Join Type": "Inner", "Startup Cost": 0.0, "Total Cost": 62914.35, "Plan Rows": 30, "Plan Width": 4, "Actual Startup Time": 712.166, "Actual Total Time": 712.166, "Actual Rows": 0, "Actual Loops": 1, "Inner Unique": false, "Plans": [{"Node Type": "Index Scan", "Parent Relationship": "Outer", "Scan Direction": "Forward", "Index Name": "company_type_pkey", "Relation Name": "company_type", "Alias": "ct", "Startup Cost": 0.0, "Total Cost": 12.3, "Plan Rows": 1, "Plan Width": 4, "Actual Startup Time": 0.013, "Actual Total Time": 0.024, "Actual Rows": 1, "Actual Loops": 1, "Filter": "((kind)::text = 'production companies'::text)", "Rows Removed by Filter": 2}, {"Node Type": "Index Scan", "Parent Relationship": "Inner", "Scan Direction": "Forward", "Index Name": "company_type_id_movie_companies", "Relation Name": "movie_companies", "Alias": "mc", "Startup Cost": 0.0, "Total Cost": 62901.76, "Plan Rows": 29, "Plan Width": 8, "Actual Startup Time": 712.136, "Actual Total Time": 712.136, "Actual Rows": 0, "Actual Loops": 1, "Index Cond": "(company_type_id = ct.id)", "Rows Removed by Index Recheck": 0, "Filter": "(((note)::text ~~ '%(VHS)%'::text) AND ((note)::text ~~ '%(USA)%'::text) AND ((note)::text ~~ '%(1994)%'::text))", "Rows Removed by Filter": 1334883}]}, {"Node Type": "Index Scan", "Parent Relationship": "Inner", "Scan Direction": "Forward", "Index Name": "title_pkey", "Relation Name": "title", "Alias": "t", "Startup Cost": 0.0, "Total Cost": 8.27, "Plan Rows": 1, "Plan Width": 21, "Actual Startup Time": 0.0, "Actual Total Time": 0.0, "Index Cond": "(id = mc.movie_id)", "Rows Removed by Index Recheck": 0, "Filter": "(production_year > 2010)", "Rows Removed by Filter": 0}]}, {"Node Type": "Index Scan", "Parent Relationship": "Inner", "Scan Direction": "Forward", "Index Name": "movie_id_movie_info", "Relation Name": "movie_info", "Alias": "mi", "Startup Cost": 0.0, "Total Cost": 2.46, "Plan Rows": 1, "Plan Width": 8, "Actual Startup Time": 0.0, "Actual Total Time": 0.0, "Index Cond": "(movie_id = t.id)", "Rows Removed by Index Recheck": 0, "Filter": "((info)::text = ANY ('{USA,America}'::text[]))", "Rows Removed by Filter": 0}]}, {"Node Type": "Index Only Scan", "Parent Relationship": "Inner", "Scan Direction": "Forward", "Index Name": "info_type_pkey", "Relation Name": "info_type", "Alias": "it", "Startup Cost": 0.0, "Total Cost": 0.27, "Plan Rows": 1, "Plan Width": 4, "Actual Startup Time": 0.0, "Actual Total Time": 0.0, "Index Cond": "(id = mi.info_type_id)", "Rows Removed by Index Recheck": 0, "Heap Fetches": 0}]}]}, "Triggers": [], "Planner Runtime": 9.362, "Total Runtime": 712.43, "Unique SQL Id": 328306525}}, "(64, '114')": {"explain_plan": {"Plan": {"Node Type": "Aggregate", "Strategy": "Plain", "Startup Cost": 62302.06, "Total Cost": 62302.07, "Plan Rows": 1, "Plan Width": 49, "Plans": [{"Node Type": "Nested Loop", "Parent Relationship": "Outer", "Join Type": "Inner", "Startup Cost": 4.61, "Total Cost": 62302.0, "Plan Rows": 24, "Plan Width": 17, "Inner Unique": false, "Join Filter": "(mi.info_type_id = it.id)", "Plans": [{"Node Type": "Seq Scan", "Parent Relationship": "Outer", "Relation Name": "info_type", "Alias": "it", "Startup Cost": 0.0, "Total Cost": 2.12, "Plan Rows": 112, "Plan Width": 4}, {"Node Type": "Materialize", "Parent Relationship": "Inner", "Startup Cost": 4.61, "Total Cost": 62259.62, "Plan Rows": 24, "Plan Width": 21, "Plans": [{"Node Type": "Nested Loop", "Parent Relationship": "Outer", "Join Type": "Inner", "Startup Cost": 4.61, "Total Cost": 62259.5, "Plan Rows": 24, "Plan Width": 21, "Inner Unique": true, "Plans": [{"Node Type": "Nested Loop", "Parent Relationship": "Outer", "Join Type": "Inner", "Startup Cost": 4.29, "Total Cost": 62116.08, "Plan Rows": 33, "Plan Width": 12, "Inner Unique": false, "Plans": [{"Node Type": "Nested Loop", "Parent Relationship": "Outer", "Join Type": "Inner", "Startup Cost": 0.0, "Total Cost": 61387.52, "Plan Rows": 30, "Plan Width": 4, "Inner Unique": false, "Join Filter": "(ct.id = mc.company_type_id)", "Plans": [{"Node Type": "Seq Scan", "Parent Relationship": "Outer", "Relation Name": "company_type", "Alias": "ct", "Startup Cost": 0.0, "Total Cost": 1.04, "Plan Rows": 1, "Plan Width": 4, "Filter": "((kind)::text = 'production companies'::text)"}, {"Node Type": "Seq Scan", "Parent Relationship": "Inner", "Relation Name": "movie_companies", "Alias": "mc", "Startup Cost": 0.0, "Total Cost": 61385.74, "Plan Rows": 59, "Plan Width": 8, "Filter": "(((note)::text ~~ '%(VHS)%'::text) AND ((note)::text ~~ '%(USA)%'::text) AND ((note)::text ~~ '%(1994)%'::text))"}]}, {"Node Type": "Bitmap Heap Scan", "Parent Relationship": "Inner", "Relation Name": "movie_info", "Alias": "mi", "Startup Cost": 4.29, "Total Cost": 24.28, "Plan Rows": 1, "Plan Width": 8, "Recheck Cond": "(movie_id = mc.movie_id)", "Filter": "((info)::text = ANY ('{USA,America}'::text[]))", "Plans": [{"Node Type": "Bitmap Index Scan", "Parent Relationship": "Outer", "Index Name": "movie_id_movie_info", "Startup Cost": 0.0, "Total Cost": 4.29, "Plan Rows": 5, "Plan Width": 0, "Index Cond": "(movie_id = mc.movie_id)"}]}]}, {"Node Type": "Bitmap Heap Scan", "Parent Relationship": "Inner", "Relation Name": "title", "Alias": "t", "Startup Cost": 0.32, "Total Cost": 4.34, "Plan Rows": 1, "Plan Width": 21, "Recheck Cond": "(id = mi.movie_id)", "Filter": "(production_year > 2010)", "Plans": [{"Node Type": "Bitmap Index Scan", "Parent Relationship": "Outer", "Index Name": "title_pkey", "Startup Cost": 0.0, "Total Cost": 0.32, "Plan Rows": 1, "Plan Width": 0, "Index Cond": "(id = mi.movie_id)"}]}]}]}]}]}, "Unique SQL Id": 328306525, "Planner Runtime": 4}, "explain_analyze_plan": {"Plan": {"Node Type": "Aggregate", "Strategy": "Plain", "Startup Cost": 62302.06, "Total Cost": 62302.07, "Plan Rows": 1, "Plan Width": 49, "Actual Startup Time": 948.946, "Actual Total Time": 948.947, "Actual Rows": 1, "Actual Loops": 1, "Plans": [{"Node Type": "Nested Loop", "Parent Relationship": "Outer", "Join Type": "Inner", "Startup Cost": 4.61, "Total Cost": 62302.0, "Plan Rows": 24, "Plan Width": 17, "Actual Startup Time": 948.937, "Actual Total Time": 948.937, "Actual Rows": 0, "Actual Loops": 1, "Inner Unique": false, "Join Filter": "(mi.info_type_id = it.id)", "Rows Removed by Join Filter": 0, "Plans": [{"Node Type": "Seq Scan", "Parent Relationship": "Outer", "Relation Name": "info_type", "Alias": "it", "Startup Cost": 0.0, "Total Cost": 2.12, "Plan Rows": 112, "Plan Width": 4, "Actual Startup Time": 0.024, "Actual Total Time": 0.047, "Actual Rows": 112, "Actual Loops": 1}, {"Node Type": "Materialize", "Parent Relationship": "Inner", "Startup Cost": 4.61, "Total Cost": 62259.62, "Plan Rows": 24, "Plan Width": 21, "Actual Startup Time": 948.862, "Actual Total Time": 948.862, "Actual Rows": 0, "Actual Loops": 112, "Plans": [{"Node Type": "Nested Loop", "Parent Relationship": "Outer", "Join Type": "Inner", "Startup Cost": 4.61, "Total Cost": 62259.5, "Plan Rows": 24, "Plan Width": 21, "Actual Startup Time": 948.851, "Actual Total Time": 948.851, "Actual Rows": 0, "Actual Loops": 1, "Inner Unique": true, "Plans": [{"Node Type": "Nested Loop", "Parent Relationship": "Outer", "Join Type": "Inner", "Startup Cost": 4.29, "Total Cost": 62116.08, "Plan Rows": 33, "Plan Width": 12, "Actual Startup Time": 948.85, "Actual Total Time": 948.85, "Actual Rows": 0, "Actual Loops": 1, "Inner Unique": false, "Plans": [{"Node Type": "Nested Loop", "Parent Relationship": "Outer", "Join Type": "Inner", "Startup Cost": 0.0, "Total Cost": 61387.52, "Plan Rows": 30, "Plan Width": 4, "Actual Startup Time": 948.848, "Actual Total Time": 948.848, "Actual Rows": 0, "Actual Loops": 1, "Inner Unique": false, "Join Filter": "(ct.id = mc.company_type_id)", "Rows Removed by Join Filter": 1418, "Plans": [{"Node Type": "Seq Scan", "Parent Relationship": "Outer", "Relation Name": "company_type", "Alias": "ct", "Startup Cost": 0.0, "Total Cost": 1.04, "Plan Rows": 1, "Plan Width": 4, "Actual Startup Time": 0.009, "Actual Total Time": 0.014, "Actual Rows": 1, "Actual Loops": 1, "Filter": "((kind)::text = 'production companies'::text)", "Rows Removed by Filter": 2}, {"Node Type": "Seq Scan", "Parent Relationship": "Inner", "Relation Name": "movie_companies", "Alias": "mc", "Startup Cost": 0.0, "Total Cost": 61385.74, "Plan Rows": 59, "Plan Width": 8, "Actual Startup Time": 3.999, "Actual Total Time": 948.403, "Actual Rows": 1418, "Actual Loops": 1, "Filter": "(((note)::text ~~ '%(VHS)%'::text) AND ((note)::text ~~ '%(USA)%'::text) AND ((note)::text ~~ '%(1994)%'::text))", "Rows Removed by Filter": 2607710}]}, {"Node Type": "Bitmap Heap Scan", "Parent Relationship": "Inner", "Relation Name": "movie_info", "Alias": "mi", "Startup Cost": 4.29, "Total Cost": 24.28, "Plan Rows": 1, "Plan Width": 8, "Actual Startup Time": 0.0, "Actual Total Time": 0.0, "Recheck Cond": "(movie_id = mc.movie_id)", "Rows Removed by Index Recheck": 0, "Filter": "((info)::text = ANY ('{USA,America}'::text[]))", "Rows Removed by Filter": 0, "Exact Heap Blocks": 0, "Lossy Heap Blocks": 0, "Plans": [{"Node Type": "Bitmap Index Scan", "Parent Relationship": "Outer", "Index Name": "movie_id_movie_info", "Startup Cost": 0.0, "Total Cost": 4.29, "Plan Rows": 5, "Plan Width": 0, "Actual Startup Time": 0.0, "Actual Total Time": 0.0, "Index Cond": "(movie_id = mc.movie_id)"}]}]}, {"Node Type": "Bitmap Heap Scan", "Parent Relationship": "Inner", "Relation Name": "title", "Alias": "t", "Startup Cost": 0.32, "Total Cost": 4.34, "Plan Rows": 1, "Plan Width": 21, "Actual Startup Time": 0.0, "Actual Total Time": 0.0, "Recheck Cond": "(id = mi.movie_id)", "Rows Removed by Index Recheck": 0, "Filter": "(production_year > 2010)", "Rows Removed by Filter": 0, "Exact Heap Blocks": 0, "Lossy Heap Blocks": 0, "Plans": [{"Node Type": "Bitmap Index Scan", "Parent Relationship": "Outer", "Index Name": "title_pkey", "Startup Cost": 0.0, "Total Cost": 0.32, "Plan Rows": 1, "Plan Width": 0, "Actual Startup Time": 0.0, "Actual Total Time": 0.0, "Index Cond": "(id = mi.movie_id)"}]}]}]}]}]}, "Triggers": [], "Planner Runtime": 10.11, "Total Runtime": 949.204, "Unique SQL Id": 328306525}}, "(64, '115')": {"explain_plan": {"Plan": {"Node Type": "Aggregate", "Strategy": "Plain", "Startup Cost": 71749.13, "Total Cost": 71749.14, "Plan Rows": 1, "Plan Width": 49, "Plans": [{"Node Type": "Nested Loop", "Parent Relationship": "Outer", "Join Type": "Inner", "Startup Cost": 28957.62, "Total Cost": 71749.07, "Plan Rows": 24, "Plan Width": 17, "Inner Unique": true, "Plans": [{"Node Type": "Nested Loop", "Parent Relationship": "Outer", "Join Type": "Inner", "Startup Cost": 28957.36, "Total Cost": 71646.35, "Plan Rows": 24, "Plan Width": 21, "Inner Unique": true, "Plans": [{"Node Type": "Nested Loop", "Parent Relationship": "Outer", "Join Type": "Inner", "Startup Cost": 28957.04, "Total Cost": 71502.93, "Plan Rows": 33, "Plan Width": 12, "Inner Unique": false, "Plans": [{"Node Type": "Nested Loop", "Parent Relationship": "Outer", "Join Type": "Inner", "Startup Cost": 28952.75, "Total Cost": 70774.36, "Plan Rows": 30, "Plan Width": 4, "Inner Unique": false, "Plans": [{"Node Type": "Bitmap Heap Scan", "Parent Relationship": "Outer", "Relation Name": "company_type", "Alias": "ct", "Startup Cost": 8.27, "Total Cost": 12.3, "Plan Rows": 1, "Plan Width": 4, "Filter": "((kind)::text = 'production companies'::text)", "Plans": [{"Node Type": "Bitmap Index Scan", "Parent Relationship": "Outer", "Index Name": "company_type_pkey", "Startup Cost": 0.0, "Total Cost": 8.27, "Plan Rows": 3, "Plan Width": 0}]}, {"Node Type": "Bitmap Heap Scan", "Parent Relationship": "Inner", "Relation Name": "movie_companies", "Alias": "mc", "Startup Cost": 28944.49, "Total Cost": 70761.77, "Plan Rows": 29, "Plan Width": 8, "Recheck Cond": "(company_type_id = ct.id)", "Filter": "(((note)::text ~~ '%(VHS)%'::text) AND ((note)::text ~~ '%(USA)%'::text) AND ((note)::text ~~ '%(1994)%'::text))", "Plans": [{"Node Type": "Bitmap Index Scan", "Parent Relationship": "Outer", "Index Name": "company_type_id_movie_companies", "Startup Cost": 0.0, "Total Cost": 28944.48, "Plan Rows": 1304564, "Plan Width": 0, "Index Cond": "(company_type_id = ct.id)"}]}]}, {"Node Type": "Bitmap Heap Scan", "Parent Relationship": "Inner", "Relation Name": "movie_info", "Alias": "mi", "Startup Cost": 4.29, "Total Cost": 24.28, "Plan Rows": 1, "Plan Width": 8, "Recheck Cond": "(movie_id = mc.movie_id)", "Filter": "((info)::text = ANY ('{USA,America}'::text[]))", "Plans": [{"Node Type": "Bitmap Index Scan", "Parent Relationship": "Outer", "Index Name": "movie_id_movie_info", "Startup Cost": 0.0, "Total Cost": 4.29, "Plan Rows": 5, "Plan Width": 0, "Index Cond": "(movie_id = mc.movie_id)"}]}]}, {"Node Type": "Bitmap Heap Scan", "Parent Relationship": "Inner", "Relation Name": "title", "Alias": "t", "Startup Cost": 0.32, "Total Cost": 4.34, "Plan Rows": 1, "Plan Width": 21, "Recheck Cond": "(id = mi.movie_id)", "Filter": "(production_year > 2010)", "Plans": [{"Node Type": "Bitmap Index Scan", "Parent Relationship": "Outer", "Index Name": "title_pkey", "Startup Cost": 0.0, "Total Cost": 0.32, "Plan Rows": 1, "Plan Width": 0, "Index Cond": "(id = mi.movie_id)"}]}]}, {"Node Type": "Bitmap Heap Scan", "Parent Relationship": "Inner", "Relation Name": "info_type", "Alias": "it", "Startup Cost": 0.26, "Total Cost": 4.27, "Plan Rows": 1, "Plan Width": 4, "Recheck Cond": "(id = mi.info_type_id)", "Plans": [{"Node Type": "Bitmap Index Scan", "Parent Relationship": "Outer", "Index Name": "info_type_pkey", "Startup Cost": 0.0, "Total Cost": 0.26, "Plan Rows": 1, "Plan Width": 0, "Index Cond": "(id = mi.info_type_id)"}]}]}]}, "Unique SQL Id": 328306525, "Planner Runtime": 3}, "explain_analyze_plan": {"Plan": {"Node Type": "Aggregate", "Strategy": "Plain", "Startup Cost": 71749.13, "Total Cost": 71749.14, "Plan Rows": 1, "Plan Width": 49, "Actual Startup Time": 576.153, "Actual Total Time": 576.154, "Actual Rows": 1, "Actual Loops": 1, "Plans": [{"Node Type": "Nested Loop", "Parent Relationship": "Outer", "Join Type": "Inner", "Startup Cost": 28957.62, "Total Cost": 71749.07, "Plan Rows": 24, "Plan Width": 17, "Actual Startup Time": 576.145, "Actual Total Time": 576.145, "Actual Rows": 0, "Actual Loops": 1, "Inner Unique": true, "Plans": [{"Node Type": "Nested Loop", "Parent Relationship": "Outer", "Join Type": "Inner", "Startup Cost": 28957.36, "Total Cost": 71646.35, "Plan Rows": 24, "Plan Width": 21, "Actual Startup Time": 576.144, "Actual Total Time": 576.144, "Actual Rows": 0, "Actual Loops": 1, "Inner Unique": true, "Plans": [{"Node Type": "Nested Loop", "Parent Relationship": "Outer", "Join Type": "Inner", "Startup Cost": 28957.04, "Total Cost": 71502.93, "Plan Rows": 33, "Plan Width": 12, "Actual Startup Time": 576.143, "Actual Total Time": 576.143, "Actual Rows": 0, "Actual Loops": 1, "Inner Unique": false, "Plans": [{"Node Type": "Nested Loop", "Parent Relationship": "Outer", "Join Type": "Inner", "Startup Cost": 28952.75, "Total Cost": 70774.36, "Plan Rows": 30, "Plan Width": 4, "Actual Startup Time": 576.141, "Actual Total Time": 576.141, "Actual Rows": 0, "Actual Loops": 1, "Inner Unique": false, "Plans": [{"Node Type": "Bitmap Heap Scan", "Parent Relationship": "Outer", "Relation Name": "company_type", "Alias": "ct", "Startup Cost": 8.27, "Total Cost": 12.3, "Plan Rows": 1, "Plan Width": 4, "Actual Startup Time": 0.029, "Actual Total Time": 0.034, "Actual Rows": 1, "Actual Loops": 1, "Filter": "((kind)::text = 'production companies'::text)", "Rows Removed by Filter": 2, "Exact Heap Blocks": 1, "Lossy Heap Blocks": 1, "Plans": [{"Node Type": "Bitmap Index Scan", "Parent Relationship": "Outer", "Index Name": "company_type_pkey", "Startup Cost": 0.0, "Total Cost": 8.27, "Plan Rows": 3, "Plan Width": 0, "Actual Startup Time": 0.009, "Actual Total Time": 0.009, "Actual Rows": 3, "Actual Loops": 1}]}, {"Node Type": "Bitmap Heap Scan", "Parent Relationship": "Inner", "Relation Name": "movie_companies", "Alias": "mc", "Startup Cost": 28944.49, "Total Cost": 70761.77, "Plan Rows": 29, "Plan Width": 8, "Actual Startup Time": 576.098, "Actual Total Time": 576.098, "Actual Rows": 0, "Actual Loops": 1, "Recheck Cond": "(company_type_id = ct.id)", "Rows Removed by Index Recheck": 0, "Filter": "(((note)::text ~~ '%(VHS)%'::text) AND ((note)::text ~~ '%(USA)%'::text) AND ((note)::text ~~ '%(1994)%'::text))", "Rows Removed by Filter": 1334883, "Exact Heap Blocks": 6196, "Lossy Heap Blocks": 6196, "Plans": [{"Node Type": "Bitmap Index Scan", "Parent Relationship": "Outer", "Index Name": "company_type_id_movie_companies", "Startup Cost": 0.0, "Total Cost": 28944.48, "Plan Rows": 1304564, "Plan Width": 0, "Actual Startup Time": 146.94, "Actual Total Time": 146.94, "Actual Rows": 1334883, "Actual Loops": 1, "Index Cond": "(company_type_id = ct.id)"}]}]}, {"Node Type": "Bitmap Heap Scan", "Parent Relationship": "Inner", "Relation Name": "movie_info", "Alias": "mi", "Startup Cost": 4.29, "Total Cost": 24.28, "Plan Rows": 1, "Plan Width": 8, "Actual Startup Time": 0.0, "Actual Total Time": 0.0, "Recheck Cond": "(movie_id = mc.movie_id)", "Rows Removed by Index Recheck": 0, "Filter": "((info)::text = ANY ('{USA,America}'::text[]))", "Rows Removed by Filter": 0, "Exact Heap Blocks": 0, "Lossy Heap Blocks": 0, "Plans": [{"Node Type": "Bitmap Index Scan", "Parent Relationship": "Outer", "Index Name": "movie_id_movie_info", "Startup Cost": 0.0, "Total Cost": 4.29, "Plan Rows": 5, "Plan Width": 0, "Actual Startup Time": 0.0, "Actual Total Time": 0.0, "Index Cond": "(movie_id = mc.movie_id)"}]}]}, {"Node Type": "Bitmap Heap Scan", "Parent Relationship": "Inner", "Relation Name": "title", "Alias": "t", "Startup Cost": 0.32, "Total Cost": 4.34, "Plan Rows": 1, "Plan Width": 21, "Actual Startup Time": 0.0, "Actual Total Time": 0.0, "Recheck Cond": "(id = mi.movie_id)", "Rows Removed by Index Recheck": 0, "Filter": "(production_year > 2010)", "Rows Removed by Filter": 0, "Exact Heap Blocks": 0, "Lossy Heap Blocks": 0, "Plans": [{"Node Type": "Bitmap Index Scan", "Parent Relationship": "Outer", "Index Name": "title_pkey", "Startup Cost": 0.0, "Total Cost": 0.32, "Plan Rows": 1, "Plan Width": 0, "Actual Startup Time": 0.0, "Actual Total Time": 0.0, "Index Cond": "(id = mi.movie_id)"}]}]}, {"Node Type": "Bitmap Heap Scan", "Parent Relationship": "Inner", "Relation Name": "info_type", "Alias": "it", "Startup Cost": 0.26, "Total Cost": 4.27, "Plan Rows": 1, "Plan Width": 4, "Actual Startup Time": 0.0, "Actual Total Time": 0.0, "Recheck Cond": "(id = mi.info_type_id)", "Rows Removed by Index Recheck": 0, "Exact Heap Blocks": 0, "Lossy Heap Blocks": 0, "Plans": [{"Node Type": "Bitmap Index Scan", "Parent Relationship": "Outer", "Index Name": "info_type_pkey", "Startup Cost": 0.0, "Total Cost": 0.26, "Plan Rows": 1, "Plan Width": 0, "Actual Startup Time": 0.0, "Actual Total Time": 0.0, "Index Cond": "(id = mi.info_type_id)"}]}]}]}, "Triggers": [], "Planner Runtime": 8.36, "Total Runtime": 576.478, "Unique SQL Id": 328306525}}, "(64, '116')": {"explain_plan": {"Plan": {"Node Type": "Aggregate", "Strategy": "Plain", "Startup Cost": 61721.76, "Total Cost": 61721.77, "Plan Rows": 1, "Plan Width": 49, "Plans": [{"Node Type": "Nested Loop", "Parent Relationship": "Outer", "Join Type": "Inner", "Startup Cost": 0.0, "Total Cost": 61721.7, "Plan Rows": 24, "Plan Width": 17, "Inner Unique": true, "Plans": [{"Node Type": "Nested Loop", "Parent Relationship": "Outer", "Join Type": "Inner", "Startup Cost": 0.0, "Total Cost": 61714.98, "Plan Rows": 24, "Plan Width": 21, "Inner Unique": false, "Plans": [{"Node Type": "Nested Loop", "Parent Relationship": "Outer", "Join Type": "Inner", "Startup Cost": 0.0, "Total Cost": 61635.99, "Plan Rows": 32, "Plan Width": 25, "Inner Unique": true, "Plans": [{"Node Type": "Nested Loop", "Parent Relationship": "Outer", "Join Type": "Inner", "Startup Cost": 0.0, "Total Cost": 61387.52, "Plan Rows": 30, "Plan Width": 4, "Inner Unique": false, "Join Filter": "(ct.id = mc.company_type_id)", "Plans": [{"Node Type": "Seq Scan", "Parent Relationship": "Outer", "Relation Name": "company_type", "Alias": "ct", "Startup Cost": 0.0, "Total Cost": 1.04, "Plan Rows": 1, "Plan Width": 4, "Filter": "((kind)::text = 'production companies'::text)"}, {"Node Type": "Seq Scan", "Parent Relationship": "Inner", "Relation Name": "movie_companies", "Alias": "mc", "Startup Cost": 0.0, "Total Cost": 61385.74, "Plan Rows": 59, "Plan Width": 8, "Filter": "(((note)::text ~~ '%(VHS)%'::text) AND ((note)::text ~~ '%(USA)%'::text) AND ((note)::text ~~ '%(1994)%'::text))"}]}, {"Node Type": "Index Scan", "Parent Relationship": "Inner", "Scan Direction": "Forward", "Index Name": "title_pkey", "Relation Name": "title", "Alias": "t", "Startup Cost": 0.0, "Total Cost": 8.27, "Plan Rows": 1, "Plan Width": 21, "Index Cond": "(id = mc.movie_id)", "Filter": "(production_year > 2010)"}]}, {"Node Type": "Index Scan", "Parent Relationship": "Inner", "Scan Direction": "Forward", "Index Name": "movie_id_movie_info", "Relation Name": "movie_info", "Alias": "mi", "Startup Cost": 0.0, "Total Cost": 2.46, "Plan Rows": 1, "Plan Width": 8, "Index Cond": "(movie_id = t.id)", "Filter": "((info)::text = ANY ('{USA,America}'::text[]))"}]}, {"Node Type": "Index Scan", "Parent Relationship": "Inner", "Scan Direction": "Forward", "Index Name": "info_type_pkey", "Relation Name": "info_type", "Alias": "it", "Startup Cost": 0.0, "Total Cost": 0.27, "Plan Rows": 1, "Plan Width": 4, "Index Cond": "(id = mi.info_type_id)"}]}]}, "Unique SQL Id": 328306525, "Planner Runtime": 4}, "explain_analyze_plan": {"Plan": {"Node Type": "Aggregate", "Strategy": "Plain", "Startup Cost": 61721.76, "Total Cost": 61721.77, "Plan Rows": 1, "Plan Width": 49, "Actual Startup Time": 945.137, "Actual Total Time": 945.138, "Actual Rows": 1, "Actual Loops": 1, "Plans": [{"Node Type": "Nested Loop", "Parent Relationship": "Outer", "Join Type": "Inner", "Startup Cost": 0.0, "Total Cost": 61721.7, "Plan Rows": 24, "Plan Width": 17, "Actual Startup Time": 945.129, "Actual Total Time": 945.129, "Actual Rows": 0, "Actual Loops": 1, "Inner Unique": true, "Plans": [{"Node Type": "Nested Loop", "Parent Relationship": "Outer", "Join Type": "Inner", "Startup Cost": 0.0, "Total Cost": 61714.98, "Plan Rows": 24, "Plan Width": 21, "Actual Startup Time": 945.128, "Actual Total Time": 945.128, "Actual Rows": 0, "Actual Loops": 1, "Inner Unique": false, "Plans": [{"Node Type": "Nested Loop", "Parent Relationship": "Outer", "Join Type": "Inner", "Startup Cost": 0.0, "Total Cost": 61635.99, "Plan Rows": 32, "Plan Width": 25, "Actual Startup Time": 945.127, "Actual Total Time": 945.127, "Actual Rows": 0, "Actual Loops": 1, "Inner Unique": true, "Plans": [{"Node Type": "Nested Loop", "Parent Relationship": "Outer", "Join Type": "Inner", "Startup Cost": 0.0, "Total Cost": 61387.52, "Plan Rows": 30, "Plan Width": 4, "Actual Startup Time": 945.125, "Actual Total Time": 945.125, "Actual Rows": 0, "Actual Loops": 1, "Inner Unique": false, "Join Filter": "(ct.id = mc.company_type_id)", "Rows Removed by Join Filter": 1418, "Plans": [{"Node Type": "Seq Scan", "Parent Relationship": "Outer", "Relation Name": "company_type", "Alias": "ct", "Startup Cost": 0.0, "Total Cost": 1.04, "Plan Rows": 1, "Plan Width": 4, "Actual Startup Time": 0.021, "Actual Total Time": 0.027, "Actual Rows": 1, "Actual Loops": 1, "Filter": "((kind)::text = 'production companies'::text)", "Rows Removed by Filter": 2}, {"Node Type": "Seq Scan", "Parent Relationship": "Inner", "Relation Name": "movie_companies", "Alias": "mc", "Startup Cost": 0.0, "Total Cost": 61385.74, "Plan Rows": 59, "Plan Width": 8, "Actual Startup Time": 3.882, "Actual Total Time": 944.67, "Actual Rows": 1418, "Actual Loops": 1, "Filter": "(((note)::text ~~ '%(VHS)%'::text) AND ((note)::text ~~ '%(USA)%'::text) AND ((note)::text ~~ '%(1994)%'::text))", "Rows Removed by Filter": 2607710}]}, {"Node Type": "Index Scan", "Parent Relationship": "Inner", "Scan Direction": "Forward", "Index Name": "title_pkey", "Relation Name": "title", "Alias": "t", "Startup Cost": 0.0, "Total Cost": 8.27, "Plan Rows": 1, "Plan Width": 21, "Actual Startup Time": 0.0, "Actual Total Time": 0.0, "Index Cond": "(id = mc.movie_id)", "Rows Removed by Index Recheck": 0, "Filter": "(production_year > 2010)", "Rows Removed by Filter": 0}]}, {"Node Type": "Index Scan", "Parent Relationship": "Inner", "Scan Direction": "Forward", "Index Name": "movie_id_movie_info", "Relation Name": "movie_info", "Alias": "mi", "Startup Cost": 0.0, "Total Cost": 2.46, "Plan Rows": 1, "Plan Width": 8, "Actual Startup Time": 0.0, "Actual Total Time": 0.0, "Index Cond": "(movie_id = t.id)", "Rows Removed by Index Recheck": 0, "Filter": "((info)::text = ANY ('{USA,America}'::text[]))", "Rows Removed by Filter": 0}]}, {"Node Type": "Index Scan", "Parent Relationship": "Inner", "Scan Direction": "Forward", "Index Name": "info_type_pkey", "Relation Name": "info_type", "Alias": "it", "Startup Cost": 0.0, "Total Cost": 0.27, "Plan Rows": 1, "Plan Width": 4, "Actual Startup Time": 0.0, "Actual Total Time": 0.0, "Index Cond": "(id = mi.info_type_id)", "Rows Removed by Index Recheck": 0}]}]}, "Triggers": [], "Planner Runtime": 9.643, "Total Runtime": 945.575, "Unique SQL Id": 328306525}}, "(64, '117')": {"explain_plan": {"Plan": {"Node Type": "Aggregate", "Strategy": "Plain", "Startup Cost": 63248.6, "Total Cost": 63248.61, "Plan Rows": 1, "Plan Width": 49, "Plans": [{"Node Type": "Nested Loop", "Parent Relationship": "Outer", "Join Type": "Inner", "Startup Cost": 0.0, "Total Cost": 63248.54, "Plan Rows": 24, "Plan Width": 17, "Inner Unique": true, "Plans": [{"Node Type": "Nested Loop", "Parent Relationship": "Outer", "Join Type": "Inner", "Startup Cost": 0.0, "Total Cost": 63241.82, "Plan Rows": 24, "Plan Width": 21, "Inner Unique": false, "Plans": [{"Node Type": "Nested Loop", "Parent Relationship": "Outer", "Join Type": "Inner", "Startup Cost": 0.0, "Total Cost": 63162.83, "Plan Rows": 32, "Plan Width": 25, "Inner Unique": true, "Plans": [{"Node Type": "Nested Loop", "Parent Relationship": "Outer", "Join Type": "Inner", "Startup Cost": 0.0, "Total Cost": 62914.35, "Plan Rows": 30, "Plan Width": 4, "Inner Unique": false, "Plans": [{"Node Type": "Index Scan", "Parent Relationship": "Outer", "Scan Direction": "Forward", "Index Name": "company_type_pkey", "Relation Name": "company_type", "Alias": "ct", "Startup Cost": 0.0, "Total Cost": 12.3, "Plan Rows": 1, "Plan Width": 4, "Filter": "((kind)::text = 'production companies'::text)"}, {"Node Type": "Index Scan", "Parent Relationship": "Inner", "Scan Direction": "Forward", "Index Name": "company_type_id_movie_companies", "Relation Name": "movie_companies", "Alias": "mc", "Startup Cost": 0.0, "Total Cost": 62901.76, "Plan Rows": 29, "Plan Width": 8, "Index Cond": "(company_type_id = ct.id)", "Filter": "(((note)::text ~~ '%(VHS)%'::text) AND ((note)::text ~~ '%(USA)%'::text) AND ((note)::text ~~ '%(1994)%'::text))"}]}, {"Node Type": "Index Scan", "Parent Relationship": "Inner", "Scan Direction": "Forward", "Index Name": "title_pkey", "Relation Name": "title", "Alias": "t", "Startup Cost": 0.0, "Total Cost": 8.27, "Plan Rows": 1, "Plan Width": 21, "Index Cond": "(id = mc.movie_id)", "Filter": "(production_year > 2010)"}]}, {"Node Type": "Index Scan", "Parent Relationship": "Inner", "Scan Direction": "Forward", "Index Name": "movie_id_movie_info", "Relation Name": "movie_info", "Alias": "mi", "Startup Cost": 0.0, "Total Cost": 2.46, "Plan Rows": 1, "Plan Width": 8, "Index Cond": "(movie_id = t.id)", "Filter": "((info)::text = ANY ('{USA,America}'::text[]))"}]}, {"Node Type": "Index Scan", "Parent Relationship": "Inner", "Scan Direction": "Forward", "Index Name": "info_type_pkey", "Relation Name": "info_type", "Alias": "it", "Startup Cost": 0.0, "Total Cost": 0.27, "Plan Rows": 1, "Plan Width": 4, "Index Cond": "(id = mi.info_type_id)"}]}]}, "Unique SQL Id": 328306525, "Planner Runtime": 3}, "explain_analyze_plan": {"Plan": {"Node Type": "Aggregate", "Strategy": "Plain", "Startup Cost": 63248.6, "Total Cost": 63248.61, "Plan Rows": 1, "Plan Width": 49, "Actual Startup Time": 707.469, "Actual Total Time": 707.469, "Actual Rows": 1, "Actual Loops": 1, "Plans": [{"Node Type": "Nested Loop", "Parent Relationship": "Outer", "Join Type": "Inner", "Startup Cost": 0.0, "Total Cost": 63248.54, "Plan Rows": 24, "Plan Width": 17, "Actual Startup Time": 707.462, "Actual Total Time": 707.462, "Actual Rows": 0, "Actual Loops": 1, "Inner Unique": true, "Plans": [{"Node Type": "Nested Loop", "Parent Relationship": "Outer", "Join Type": "Inner", "Startup Cost": 0.0, "Total Cost": 63241.82, "Plan Rows": 24, "Plan Width": 21, "Actual Startup Time": 707.46, "Actual Total Time": 707.46, "Actual Rows": 0, "Actual Loops": 1, "Inner Unique": false, "Plans": [{"Node Type": "Nested Loop", "Parent Relationship": "Outer", "Join Type": "Inner", "Startup Cost": 0.0, "Total Cost": 63162.83, "Plan Rows": 32, "Plan Width": 25, "Actual Startup Time": 707.458, "Actual Total Time": 707.458, "Actual Rows": 0, "Actual Loops": 1, "Inner Unique": true, "Plans": [{"Node Type": "Nested Loop", "Parent Relationship": "Outer", "Join Type": "Inner", "Startup Cost": 0.0, "Total Cost": 62914.35, "Plan Rows": 30, "Plan Width": 4, "Actual Startup Time": 707.457, "Actual Total Time": 707.457, "Actual Rows": 0, "Actual Loops": 1, "Inner Unique": false, "Plans": [{"Node Type": "Index Scan", "Parent Relationship": "Outer", "Scan Direction": "Forward", "Index Name": "company_type_pkey", "Relation Name": "company_type", "Alias": "ct", "Startup Cost": 0.0, "Total Cost": 12.3, "Plan Rows": 1, "Plan Width": 4, "Actual Startup Time": 0.015, "Actual Total Time": 0.026, "Actual Rows": 1, "Actual Loops": 1, "Filter": "((kind)::text = 'production companies'::text)", "Rows Removed by Filter": 2}, {"Node Type": "Index Scan", "Parent Relationship": "Inner", "Scan Direction": "Forward", "Index Name": "company_type_id_movie_companies", "Relation Name": "movie_companies", "Alias": "mc", "Startup Cost": 0.0, "Total Cost": 62901.76, "Plan Rows": 29, "Plan Width": 8, "Actual Startup Time": 707.424, "Actual Total Time": 707.424, "Actual Rows": 0, "Actual Loops": 1, "Index Cond": "(company_type_id = ct.id)", "Rows Removed by Index Recheck": 0, "Filter": "(((note)::text ~~ '%(VHS)%'::text) AND ((note)::text ~~ '%(USA)%'::text) AND ((note)::text ~~ '%(1994)%'::text))", "Rows Removed by Filter": 1334883}]}, {"Node Type": "Index Scan", "Parent Relationship": "Inner", "Scan Direction": "Forward", "Index Name": "title_pkey", "Relation Name": "title", "Alias": "t", "Startup Cost": 0.0, "Total Cost": 8.27, "Plan Rows": 1, "Plan Width": 21, "Actual Startup Time": 0.0, "Actual Total Time": 0.0, "Index Cond": "(id = mc.movie_id)", "Rows Removed by Index Recheck": 0, "Filter": "(production_year > 2010)", "Rows Removed by Filter": 0}]}, {"Node Type": "Index Scan", "Parent Relationship": "Inner", "Scan Direction": "Forward", "Index Name": "movie_id_movie_info", "Relation Name": "movie_info", "Alias": "mi", "Startup Cost": 0.0, "Total Cost": 2.46, "Plan Rows": 1, "Plan Width": 8, "Actual Startup Time": 0.0, "Actual Total Time": 0.0, "Index Cond": "(movie_id = t.id)", "Rows Removed by Index Recheck": 0, "Filter": "((info)::text = ANY ('{USA,America}'::text[]))", "Rows Removed by Filter": 0}]}, {"Node Type": "Index Scan", "Parent Relationship": "Inner", "Scan Direction": "Forward", "Index Name": "info_type_pkey", "Relation Name": "info_type", "Alias": "it", "Startup Cost": 0.0, "Total Cost": 0.27, "Plan Rows": 1, "Plan Width": 4, "Actual Startup Time": 0.0, "Actual Total Time": 0.0, "Index Cond": "(id = mi.info_type_id)", "Rows Removed by Index Recheck": 0}]}]}, "Triggers": [], "Planner Runtime": 9.381, "Total Runtime": 707.729, "Unique SQL Id": 328306525}}, "(64, '118')": {"explain_plan": {"Plan": {"Node Type": "Aggregate", "Strategy": "Plain", "Startup Cost": 62302.06, "Total Cost": 62302.07, "Plan Rows": 1, "Plan Width": 49, "Plans": [{"Node Type": "Nested Loop", "Parent Relationship": "Outer", "Join Type": "Inner", "Startup Cost": 4.61, "Total Cost": 62302.0, "Plan Rows": 24, "Plan Width": 17, "Inner Unique": false, "Join Filter": "(mi.info_type_id = it.id)", "Plans": [{"Node Type": "Seq Scan", "Parent Relationship": "Outer", "Relation Name": "info_type", "Alias": "it", "Startup Cost": 0.0, "Total Cost": 2.12, "Plan Rows": 112, "Plan Width": 4}, {"Node Type": "Materialize", "Parent Relationship": "Inner", "Startup Cost": 4.61, "Total Cost": 62259.62, "Plan Rows": 24, "Plan Width": 21, "Plans": [{"Node Type": "Nested Loop", "Parent Relationship": "Outer", "Join Type": "Inner", "Startup Cost": 4.61, "Total Cost": 62259.5, "Plan Rows": 24, "Plan Width": 21, "Inner Unique": true, "Plans": [{"Node Type": "Nested Loop", "Parent Relationship": "Outer", "Join Type": "Inner", "Startup Cost": 4.29, "Total Cost": 62116.08, "Plan Rows": 33, "Plan Width": 12, "Inner Unique": false, "Plans": [{"Node Type": "Nested Loop", "Parent Relationship": "Outer", "Join Type": "Inner", "Startup Cost": 0.0, "Total Cost": 61387.52, "Plan Rows": 30, "Plan Width": 4, "Inner Unique": false, "Join Filter": "(ct.id = mc.company_type_id)", "Plans": [{"Node Type": "Seq Scan", "Parent Relationship": "Outer", "Relation Name": "company_type", "Alias": "ct", "Startup Cost": 0.0, "Total Cost": 1.04, "Plan Rows": 1, "Plan Width": 4, "Filter": "((kind)::text = 'production companies'::text)"}, {"Node Type": "Seq Scan", "Parent Relationship": "Inner", "Relation Name": "movie_companies", "Alias": "mc", "Startup Cost": 0.0, "Total Cost": 61385.74, "Plan Rows": 59, "Plan Width": 8, "Filter": "(((note)::text ~~ '%(VHS)%'::text) AND ((note)::text ~~ '%(USA)%'::text) AND ((note)::text ~~ '%(1994)%'::text))"}]}, {"Node Type": "Bitmap Heap Scan", "Parent Relationship": "Inner", "Relation Name": "movie_info", "Alias": "mi", "Startup Cost": 4.29, "Total Cost": 24.28, "Plan Rows": 1, "Plan Width": 8, "Recheck Cond": "(movie_id = mc.movie_id)", "Filter": "((info)::text = ANY ('{USA,America}'::text[]))", "Plans": [{"Node Type": "Bitmap Index Scan", "Parent Relationship": "Outer", "Index Name": "movie_id_movie_info", "Startup Cost": 0.0, "Total Cost": 4.29, "Plan Rows": 5, "Plan Width": 0, "Index Cond": "(movie_id = mc.movie_id)"}]}]}, {"Node Type": "Bitmap Heap Scan", "Parent Relationship": "Inner", "Relation Name": "title", "Alias": "t", "Startup Cost": 0.32, "Total Cost": 4.34, "Plan Rows": 1, "Plan Width": 21, "Recheck Cond": "(id = mi.movie_id)", "Filter": "(production_year > 2010)", "Plans": [{"Node Type": "Bitmap Index Scan", "Parent Relationship": "Outer", "Index Name": "title_pkey", "Startup Cost": 0.0, "Total Cost": 0.32, "Plan Rows": 1, "Plan Width": 0, "Index Cond": "(id = mi.movie_id)"}]}]}]}]}]}, "Unique SQL Id": 328306525, "Planner Runtime": 4}, "explain_analyze_plan": {"Plan": {"Node Type": "Aggregate", "Strategy": "Plain", "Startup Cost": 62302.06, "Total Cost": 62302.07, "Plan Rows": 1, "Plan Width": 49, "Actual Startup Time": 948.946, "Actual Total Time": 948.947, "Actual Rows": 1, "Actual Loops": 1, "Plans": [{"Node Type": "Nested Loop", "Parent Relationship": "Outer", "Join Type": "Inner", "Startup Cost": 4.61, "Total Cost": 62302.0, "Plan Rows": 24, "Plan Width": 17, "Actual Startup Time": 948.937, "Actual Total Time": 948.937, "Actual Rows": 0, "Actual Loops": 1, "Inner Unique": false, "Join Filter": "(mi.info_type_id = it.id)", "Rows Removed by Join Filter": 0, "Plans": [{"Node Type": "Seq Scan", "Parent Relationship": "Outer", "Relation Name": "info_type", "Alias": "it", "Startup Cost": 0.0, "Total Cost": 2.12, "Plan Rows": 112, "Plan Width": 4, "Actual Startup Time": 0.024, "Actual Total Time": 0.047, "Actual Rows": 112, "Actual Loops": 1}, {"Node Type": "Materialize", "Parent Relationship": "Inner", "Startup Cost": 4.61, "Total Cost": 62259.62, "Plan Rows": 24, "Plan Width": 21, "Actual Startup Time": 948.862, "Actual Total Time": 948.862, "Actual Rows": 0, "Actual Loops": 112, "Plans": [{"Node Type": "Nested Loop", "Parent Relationship": "Outer", "Join Type": "Inner", "Startup Cost": 4.61, "Total Cost": 62259.5, "Plan Rows": 24, "Plan Width": 21, "Actual Startup Time": 948.851, "Actual Total Time": 948.851, "Actual Rows": 0, "Actual Loops": 1, "Inner Unique": true, "Plans": [{"Node Type": "Nested Loop", "Parent Relationship": "Outer", "Join Type": "Inner", "Startup Cost": 4.29, "Total Cost": 62116.08, "Plan Rows": 33, "Plan Width": 12, "Actual Startup Time": 948.85, "Actual Total Time": 948.85, "Actual Rows": 0, "Actual Loops": 1, "Inner Unique": false, "Plans": [{"Node Type": "Nested Loop", "Parent Relationship": "Outer", "Join Type": "Inner", "Startup Cost": 0.0, "Total Cost": 61387.52, "Plan Rows": 30, "Plan Width": 4, "Actual Startup Time": 948.848, "Actual Total Time": 948.848, "Actual Rows": 0, "Actual Loops": 1, "Inner Unique": false, "Join Filter": "(ct.id = mc.company_type_id)", "Rows Removed by Join Filter": 1418, "Plans": [{"Node Type": "Seq Scan", "Parent Relationship": "Outer", "Relation Name": "company_type", "Alias": "ct", "Startup Cost": 0.0, "Total Cost": 1.04, "Plan Rows": 1, "Plan Width": 4, "Actual Startup Time": 0.009, "Actual Total Time": 0.014, "Actual Rows": 1, "Actual Loops": 1, "Filter": "((kind)::text = 'production companies'::text)", "Rows Removed by Filter": 2}, {"Node Type": "Seq Scan", "Parent Relationship": "Inner", "Relation Name": "movie_companies", "Alias": "mc", "Startup Cost": 0.0, "Total Cost": 61385.74, "Plan Rows": 59, "Plan Width": 8, "Actual Startup Time": 3.999, "Actual Total Time": 948.403, "Actual Rows": 1418, "Actual Loops": 1, "Filter": "(((note)::text ~~ '%(VHS)%'::text) AND ((note)::text ~~ '%(USA)%'::text) AND ((note)::text ~~ '%(1994)%'::text))", "Rows Removed by Filter": 2607710}]}, {"Node Type": "Bitmap Heap Scan", "Parent Relationship": "Inner", "Relation Name": "movie_info", "Alias": "mi", "Startup Cost": 4.29, "Total Cost": 24.28, "Plan Rows": 1, "Plan Width": 8, "Actual Startup Time": 0.0, "Actual Total Time": 0.0, "Recheck Cond": "(movie_id = mc.movie_id)", "Rows Removed by Index Recheck": 0, "Filter": "((info)::text = ANY ('{USA,America}'::text[]))", "Rows Removed by Filter": 0, "Exact Heap Blocks": 0, "Lossy Heap Blocks": 0, "Plans": [{"Node Type": "Bitmap Index Scan", "Parent Relationship": "Outer", "Index Name": "movie_id_movie_info", "Startup Cost": 0.0, "Total Cost": 4.29, "Plan Rows": 5, "Plan Width": 0, "Actual Startup Time": 0.0, "Actual Total Time": 0.0, "Index Cond": "(movie_id = mc.movie_id)"}]}]}, {"Node Type": "Bitmap Heap Scan", "Parent Relationship": "Inner", "Relation Name": "title", "Alias": "t", "Startup Cost": 0.32, "Total Cost": 4.34, "Plan Rows": 1, "Plan Width": 21, "Actual Startup Time": 0.0, "Actual Total Time": 0.0, "Recheck Cond": "(id = mi.movie_id)", "Rows Removed by Index Recheck": 0, "Filter": "(production_year > 2010)", "Rows Removed by Filter": 0, "Exact Heap Blocks": 0, "Lossy Heap Blocks": 0, "Plans": [{"Node Type": "Bitmap Index Scan", "Parent Relationship": "Outer", "Index Name": "title_pkey", "Startup Cost": 0.0, "Total Cost": 0.32, "Plan Rows": 1, "Plan Width": 0, "Actual Startup Time": 0.0, "Actual Total Time": 0.0, "Index Cond": "(id = mi.movie_id)"}]}]}]}]}]}, "Triggers": [], "Planner Runtime": 10.11, "Total Runtime": 949.204, "Unique SQL Id": 328306525}}, "(64, '119')": {"explain_plan": {"Plan": {"Node Type": "Aggregate", "Strategy": "Plain", "Startup Cost": 71749.13, "Total Cost": 71749.14, "Plan Rows": 1, "Plan Width": 49, "Plans": [{"Node Type": "Nested Loop", "Parent Relationship": "Outer", "Join Type": "Inner", "Startup Cost": 28957.62, "Total Cost": 71749.07, "Plan Rows": 24, "Plan Width": 17, "Inner Unique": true, "Plans": [{"Node Type": "Nested Loop", "Parent Relationship": "Outer", "Join Type": "Inner", "Startup Cost": 28957.36, "Total Cost": 71646.35, "Plan Rows": 24, "Plan Width": 21, "Inner Unique": true, "Plans": [{"Node Type": "Nested Loop", "Parent Relationship": "Outer", "Join Type": "Inner", "Startup Cost": 28957.04, "Total Cost": 71502.93, "Plan Rows": 33, "Plan Width": 12, "Inner Unique": false, "Plans": [{"Node Type": "Nested Loop", "Parent Relationship": "Outer", "Join Type": "Inner", "Startup Cost": 28952.75, "Total Cost": 70774.36, "Plan Rows": 30, "Plan Width": 4, "Inner Unique": false, "Plans": [{"Node Type": "Bitmap Heap Scan", "Parent Relationship": "Outer", "Relation Name": "company_type", "Alias": "ct", "Startup Cost": 8.27, "Total Cost": 12.3, "Plan Rows": 1, "Plan Width": 4, "Filter": "((kind)::text = 'production companies'::text)", "Plans": [{"Node Type": "Bitmap Index Scan", "Parent Relationship": "Outer", "Index Name": "company_type_pkey", "Startup Cost": 0.0, "Total Cost": 8.27, "Plan Rows": 3, "Plan Width": 0}]}, {"Node Type": "Bitmap Heap Scan", "Parent Relationship": "Inner", "Relation Name": "movie_companies", "Alias": "mc", "Startup Cost": 28944.49, "Total Cost": 70761.77, "Plan Rows": 29, "Plan Width": 8, "Recheck Cond": "(company_type_id = ct.id)", "Filter": "(((note)::text ~~ '%(VHS)%'::text) AND ((note)::text ~~ '%(USA)%'::text) AND ((note)::text ~~ '%(1994)%'::text))", "Plans": [{"Node Type": "Bitmap Index Scan", "Parent Relationship": "Outer", "Index Name": "company_type_id_movie_companies", "Startup Cost": 0.0, "Total Cost": 28944.48, "Plan Rows": 1304564, "Plan Width": 0, "Index Cond": "(company_type_id = ct.id)"}]}]}, {"Node Type": "Bitmap Heap Scan", "Parent Relationship": "Inner", "Relation Name": "movie_info", "Alias": "mi", "Startup Cost": 4.29, "Total Cost": 24.28, "Plan Rows": 1, "Plan Width": 8, "Recheck Cond": "(movie_id = mc.movie_id)", "Filter": "((info)::text = ANY ('{USA,America}'::text[]))", "Plans": [{"Node Type": "Bitmap Index Scan", "Parent Relationship": "Outer", "Index Name": "movie_id_movie_info", "Startup Cost": 0.0, "Total Cost": 4.29, "Plan Rows": 5, "Plan Width": 0, "Index Cond": "(movie_id = mc.movie_id)"}]}]}, {"Node Type": "Bitmap Heap Scan", "Parent Relationship": "Inner", "Relation Name": "title", "Alias": "t", "Startup Cost": 0.32, "Total Cost": 4.34, "Plan Rows": 1, "Plan Width": 21, "Recheck Cond": "(id = mi.movie_id)", "Filter": "(production_year > 2010)", "Plans": [{"Node Type": "Bitmap Index Scan", "Parent Relationship": "Outer", "Index Name": "title_pkey", "Startup Cost": 0.0, "Total Cost": 0.32, "Plan Rows": 1, "Plan Width": 0, "Index Cond": "(id = mi.movie_id)"}]}]}, {"Node Type": "Bitmap Heap Scan", "Parent Relationship": "Inner", "Relation Name": "info_type", "Alias": "it", "Startup Cost": 0.26, "Total Cost": 4.27, "Plan Rows": 1, "Plan Width": 4, "Recheck Cond": "(id = mi.info_type_id)", "Plans": [{"Node Type": "Bitmap Index Scan", "Parent Relationship": "Outer", "Index Name": "info_type_pkey", "Startup Cost": 0.0, "Total Cost": 0.26, "Plan Rows": 1, "Plan Width": 0, "Index Cond": "(id = mi.info_type_id)"}]}]}]}, "Unique SQL Id": 328306525, "Planner Runtime": 3}, "explain_analyze_plan": {"Plan": {"Node Type": "Aggregate", "Strategy": "Plain", "Startup Cost": 71749.13, "Total Cost": 71749.14, "Plan Rows": 1, "Plan Width": 49, "Actual Startup Time": 576.153, "Actual Total Time": 576.154, "Actual Rows": 1, "Actual Loops": 1, "Plans": [{"Node Type": "Nested Loop", "Parent Relationship": "Outer", "Join Type": "Inner", "Startup Cost": 28957.62, "Total Cost": 71749.07, "Plan Rows": 24, "Plan Width": 17, "Actual Startup Time": 576.145, "Actual Total Time": 576.145, "Actual Rows": 0, "Actual Loops": 1, "Inner Unique": true, "Plans": [{"Node Type": "Nested Loop", "Parent Relationship": "Outer", "Join Type": "Inner", "Startup Cost": 28957.36, "Total Cost": 71646.35, "Plan Rows": 24, "Plan Width": 21, "Actual Startup Time": 576.144, "Actual Total Time": 576.144, "Actual Rows": 0, "Actual Loops": 1, "Inner Unique": true, "Plans": [{"Node Type": "Nested Loop", "Parent Relationship": "Outer", "Join Type": "Inner", "Startup Cost": 28957.04, "Total Cost": 71502.93, "Plan Rows": 33, "Plan Width": 12, "Actual Startup Time": 576.143, "Actual Total Time": 576.143, "Actual Rows": 0, "Actual Loops": 1, "Inner Unique": false, "Plans": [{"Node Type": "Nested Loop", "Parent Relationship": "Outer", "Join Type": "Inner", "Startup Cost": 28952.75, "Total Cost": 70774.36, "Plan Rows": 30, "Plan Width": 4, "Actual Startup Time": 576.141, "Actual Total Time": 576.141, "Actual Rows": 0, "Actual Loops": 1, "Inner Unique": false, "Plans": [{"Node Type": "Bitmap Heap Scan", "Parent Relationship": "Outer", "Relation Name": "company_type", "Alias": "ct", "Startup Cost": 8.27, "Total Cost": 12.3, "Plan Rows": 1, "Plan Width": 4, "Actual Startup Time": 0.029, "Actual Total Time": 0.034, "Actual Rows": 1, "Actual Loops": 1, "Filter": "((kind)::text = 'production companies'::text)", "Rows Removed by Filter": 2, "Exact Heap Blocks": 1, "Lossy Heap Blocks": 1, "Plans": [{"Node Type": "Bitmap Index Scan", "Parent Relationship": "Outer", "Index Name": "company_type_pkey", "Startup Cost": 0.0, "Total Cost": 8.27, "Plan Rows": 3, "Plan Width": 0, "Actual Startup Time": 0.009, "Actual Total Time": 0.009, "Actual Rows": 3, "Actual Loops": 1}]}, {"Node Type": "Bitmap Heap Scan", "Parent Relationship": "Inner", "Relation Name": "movie_companies", "Alias": "mc", "Startup Cost": 28944.49, "Total Cost": 70761.77, "Plan Rows": 29, "Plan Width": 8, "Actual Startup Time": 576.098, "Actual Total Time": 576.098, "Actual Rows": 0, "Actual Loops": 1, "Recheck Cond": "(company_type_id = ct.id)", "Rows Removed by Index Recheck": 0, "Filter": "(((note)::text ~~ '%(VHS)%'::text) AND ((note)::text ~~ '%(USA)%'::text) AND ((note)::text ~~ '%(1994)%'::text))", "Rows Removed by Filter": 1334883, "Exact Heap Blocks": 6196, "Lossy Heap Blocks": 6196, "Plans": [{"Node Type": "Bitmap Index Scan", "Parent Relationship": "Outer", "Index Name": "company_type_id_movie_companies", "Startup Cost": 0.0, "Total Cost": 28944.48, "Plan Rows": 1304564, "Plan Width": 0, "Actual Startup Time": 146.94, "Actual Total Time": 146.94, "Actual Rows": 1334883, "Actual Loops": 1, "Index Cond": "(company_type_id = ct.id)"}]}]}, {"Node Type": "Bitmap Heap Scan", "Parent Relationship": "Inner", "Relation Name": "movie_info", "Alias": "mi", "Startup Cost": 4.29, "Total Cost": 24.28, "Plan Rows": 1, "Plan Width": 8, "Actual Startup Time": 0.0, "Actual Total Time": 0.0, "Recheck Cond": "(movie_id = mc.movie_id)", "Rows Removed by Index Recheck": 0, "Filter": "((info)::text = ANY ('{USA,America}'::text[]))", "Rows Removed by Filter": 0, "Exact Heap Blocks": 0, "Lossy Heap Blocks": 0, "Plans": [{"Node Type": "Bitmap Index Scan", "Parent Relationship": "Outer", "Index Name": "movie_id_movie_info", "Startup Cost": 0.0, "Total Cost": 4.29, "Plan Rows": 5, "Plan Width": 0, "Actual Startup Time": 0.0, "Actual Total Time": 0.0, "Index Cond": "(movie_id = mc.movie_id)"}]}]}, {"Node Type": "Bitmap Heap Scan", "Parent Relationship": "Inner", "Relation Name": "title", "Alias": "t", "Startup Cost": 0.32, "Total Cost": 4.34, "Plan Rows": 1, "Plan Width": 21, "Actual Startup Time": 0.0, "Actual Total Time": 0.0, "Recheck Cond": "(id = mi.movie_id)", "Rows Removed by Index Recheck": 0, "Filter": "(production_year > 2010)", "Rows Removed by Filter": 0, "Exact Heap Blocks": 0, "Lossy Heap Blocks": 0, "Plans": [{"Node Type": "Bitmap Index Scan", "Parent Relationship": "Outer", "Index Name": "title_pkey", "Startup Cost": 0.0, "Total Cost": 0.32, "Plan Rows": 1, "Plan Width": 0, "Actual Startup Time": 0.0, "Actual Total Time": 0.0, "Index Cond": "(id = mi.movie_id)"}]}]}, {"Node Type": "Bitmap Heap Scan", "Parent Relationship": "Inner", "Relation Name": "info_type", "Alias": "it", "Startup Cost": 0.26, "Total Cost": 4.27, "Plan Rows": 1, "Plan Width": 4, "Actual Startup Time": 0.0, "Actual Total Time": 0.0, "Recheck Cond": "(id = mi.info_type_id)", "Rows Removed by Index Recheck": 0, "Exact Heap Blocks": 0, "Lossy Heap Blocks": 0, "Plans": [{"Node Type": "Bitmap Index Scan", "Parent Relationship": "Outer", "Index Name": "info_type_pkey", "Startup Cost": 0.0, "Total Cost": 0.26, "Plan Rows": 1, "Plan Width": 0, "Actual Startup Time": 0.0, "Actual Total Time": 0.0, "Index Cond": "(id = mi.info_type_id)"}]}]}]}, "Triggers": [], "Planner Runtime": 8.36, "Total Runtime": 576.478, "Unique SQL Id": 328306525}}, "(64, '120')": {"explain_plan": {"Plan": {"Node Type": "Aggregate", "Strategy": "Plain", "Startup Cost": 61721.76, "Total Cost": 61721.77, "Plan Rows": 1, "Plan Width": 49, "Plans": [{"Node Type": "Nested Loop", "Parent Relationship": "Outer", "Join Type": "Inner", "Startup Cost": 0.0, "Total Cost": 61721.7, "Plan Rows": 24, "Plan Width": 17, "Inner Unique": true, "Plans": [{"Node Type": "Nested Loop", "Parent Relationship": "Outer", "Join Type": "Inner", "Startup Cost": 0.0, "Total Cost": 61714.98, "Plan Rows": 24, "Plan Width": 21, "Inner Unique": false, "Plans": [{"Node Type": "Nested Loop", "Parent Relationship": "Outer", "Join Type": "Inner", "Startup Cost": 0.0, "Total Cost": 61635.99, "Plan Rows": 32, "Plan Width": 25, "Inner Unique": true, "Plans": [{"Node Type": "Nested Loop", "Parent Relationship": "Outer", "Join Type": "Inner", "Startup Cost": 0.0, "Total Cost": 61387.52, "Plan Rows": 30, "Plan Width": 4, "Inner Unique": false, "Join Filter": "(ct.id = mc.company_type_id)", "Plans": [{"Node Type": "Seq Scan", "Parent Relationship": "Outer", "Relation Name": "company_type", "Alias": "ct", "Startup Cost": 0.0, "Total Cost": 1.04, "Plan Rows": 1, "Plan Width": 4, "Filter": "((kind)::text = 'production companies'::text)"}, {"Node Type": "Seq Scan", "Parent Relationship": "Inner", "Relation Name": "movie_companies", "Alias": "mc", "Startup Cost": 0.0, "Total Cost": 61385.74, "Plan Rows": 59, "Plan Width": 8, "Filter": "(((note)::text ~~ '%(VHS)%'::text) AND ((note)::text ~~ '%(USA)%'::text) AND ((note)::text ~~ '%(1994)%'::text))"}]}, {"Node Type": "Index Scan", "Parent Relationship": "Inner", "Scan Direction": "Forward", "Index Name": "title_pkey", "Relation Name": "title", "Alias": "t", "Startup Cost": 0.0, "Total Cost": 8.27, "Plan Rows": 1, "Plan Width": 21, "Index Cond": "(id = mc.movie_id)", "Filter": "(production_year > 2010)"}]}, {"Node Type": "Index Scan", "Parent Relationship": "Inner", "Scan Direction": "Forward", "Index Name": "movie_id_movie_info", "Relation Name": "movie_info", "Alias": "mi", "Startup Cost": 0.0, "Total Cost": 2.46, "Plan Rows": 1, "Plan Width": 8, "Index Cond": "(movie_id = t.id)", "Filter": "((info)::text = ANY ('{USA,America}'::text[]))"}]}, {"Node Type": "Index Only Scan", "Parent Relationship": "Inner", "Scan Direction": "Forward", "Index Name": "info_type_pkey", "Relation Name": "info_type", "Alias": "it", "Startup Cost": 0.0, "Total Cost": 0.27, "Plan Rows": 1, "Plan Width": 4, "Index Cond": "(id = mi.info_type_id)"}]}]}, "Unique SQL Id": 328306525, "Planner Runtime": 3}, "explain_analyze_plan": {"Plan": {"Node Type": "Aggregate", "Strategy": "Plain", "Startup Cost": 61721.76, "Total Cost": 61721.77, "Plan Rows": 1, "Plan Width": 49, "Actual Startup Time": 965.018, "Actual Total Time": 965.019, "Actual Rows": 1, "Actual Loops": 1, "Plans": [{"Node Type": "Nested Loop", "Parent Relationship": "Outer", "Join Type": "Inner", "Startup Cost": 0.0, "Total Cost": 61721.7, "Plan Rows": 24, "Plan Width": 17, "Actual Startup Time": 965.012, "Actual Total Time": 965.012, "Actual Rows": 0, "Actual Loops": 1, "Inner Unique": true, "Plans": [{"Node Type": "Nested Loop", "Parent Relationship": "Outer", "Join Type": "Inner", "Startup Cost": 0.0, "Total Cost": 61714.98, "Plan Rows": 24, "Plan Width": 21, "Actual Startup Time": 965.011, "Actual Total Time": 965.011, "Actual Rows": 0, "Actual Loops": 1, "Inner Unique": false, "Plans": [{"Node Type": "Nested Loop", "Parent Relationship": "Outer", "Join Type": "Inner", "Startup Cost": 0.0, "Total Cost": 61635.99, "Plan Rows": 32, "Plan Width": 25, "Actual Startup Time": 965.009, "Actual Total Time": 965.009, "Actual Rows": 0, "Actual Loops": 1, "Inner Unique": true, "Plans": [{"Node Type": "Nested Loop", "Parent Relationship": "Outer", "Join Type": "Inner", "Startup Cost": 0.0, "Total Cost": 61387.52, "Plan Rows": 30, "Plan Width": 4, "Actual Startup Time": 965.006, "Actual Total Time": 965.006, "Actual Rows": 0, "Actual Loops": 1, "Inner Unique": false, "Join Filter": "(ct.id = mc.company_type_id)", "Rows Removed by Join Filter": 1418, "Plans": [{"Node Type": "Seq Scan", "Parent Relationship": "Outer", "Relation Name": "company_type", "Alias": "ct", "Startup Cost": 0.0, "Total Cost": 1.04, "Plan Rows": 1, "Plan Width": 4, "Actual Startup Time": 0.014, "Actual Total Time": 0.021, "Actual Rows": 1, "Actual Loops": 1, "Filter": "((kind)::text = 'production companies'::text)", "Rows Removed by Filter": 2}, {"Node Type": "Seq Scan", "Parent Relationship": "Inner", "Relation Name": "movie_companies", "Alias": "mc", "Startup Cost": 0.0, "Total Cost": 61385.74, "Plan Rows": 59, "Plan Width": 8, "Actual Startup Time": 3.955, "Actual Total Time": 964.568, "Actual Rows": 1418, "Actual Loops": 1, "Filter": "(((note)::text ~~ '%(VHS)%'::text) AND ((note)::text ~~ '%(USA)%'::text) AND ((note)::text ~~ '%(1994)%'::text))", "Rows Removed by Filter": 2607710}]}, {"Node Type": "Index Scan", "Parent Relationship": "Inner", "Scan Direction": "Forward", "Index Name": "title_pkey", "Relation Name": "title", "Alias": "t", "Startup Cost": 0.0, "Total Cost": 8.27, "Plan Rows": 1, "Plan Width": 21, "Actual Startup Time": 0.0, "Actual Total Time": 0.0, "Index Cond": "(id = mc.movie_id)", "Rows Removed by Index Recheck": 0, "Filter": "(production_year > 2010)", "Rows Removed by Filter": 0}]}, {"Node Type": "Index Scan", "Parent Relationship": "Inner", "Scan Direction": "Forward", "Index Name": "movie_id_movie_info", "Relation Name": "movie_info", "Alias": "mi", "Startup Cost": 0.0, "Total Cost": 2.46, "Plan Rows": 1, "Plan Width": 8, "Actual Startup Time": 0.0, "Actual Total Time": 0.0, "Index Cond": "(movie_id = t.id)", "Rows Removed by Index Recheck": 0, "Filter": "((info)::text = ANY ('{USA,America}'::text[]))", "Rows Removed by Filter": 0}]}, {"Node Type": "Index Only Scan", "Parent Relationship": "Inner", "Scan Direction": "Forward", "Index Name": "info_type_pkey", "Relation Name": "info_type", "Alias": "it", "Startup Cost": 0.0, "Total Cost": 0.27, "Plan Rows": 1, "Plan Width": 4, "Actual Startup Time": 0.0, "Actual Total Time": 0.0, "Index Cond": "(id = mi.info_type_id)", "Rows Removed by Index Recheck": 0, "Heap Fetches": 0}]}]}, "Triggers": [], "Planner Runtime": 9.305, "Total Runtime": 965.287, "Unique SQL Id": 328306525}}, "(64, '121')": {"explain_plan": {"Plan": {"Node Type": "Aggregate", "Strategy": "Plain", "Startup Cost": 63248.6, "Total Cost": 63248.61, "Plan Rows": 1, "Plan Width": 49, "Plans": [{"Node Type": "Nested Loop", "Parent Relationship": "Outer", "Join Type": "Inner", "Startup Cost": 0.0, "Total Cost": 63248.54, "Plan Rows": 24, "Plan Width": 17, "Inner Unique": true, "Plans": [{"Node Type": "Nested Loop", "Parent Relationship": "Outer", "Join Type": "Inner", "Startup Cost": 0.0, "Total Cost": 63241.82, "Plan Rows": 24, "Plan Width": 21, "Inner Unique": false, "Plans": [{"Node Type": "Nested Loop", "Parent Relationship": "Outer", "Join Type": "Inner", "Startup Cost": 0.0, "Total Cost": 63162.83, "Plan Rows": 32, "Plan Width": 25, "Inner Unique": true, "Plans": [{"Node Type": "Nested Loop", "Parent Relationship": "Outer", "Join Type": "Inner", "Startup Cost": 0.0, "Total Cost": 62914.35, "Plan Rows": 30, "Plan Width": 4, "Inner Unique": false, "Plans": [{"Node Type": "Index Scan", "Parent Relationship": "Outer", "Scan Direction": "Forward", "Index Name": "company_type_pkey", "Relation Name": "company_type", "Alias": "ct", "Startup Cost": 0.0, "Total Cost": 12.3, "Plan Rows": 1, "Plan Width": 4, "Filter": "((kind)::text = 'production companies'::text)"}, {"Node Type": "Index Scan", "Parent Relationship": "Inner", "Scan Direction": "Forward", "Index Name": "company_type_id_movie_companies", "Relation Name": "movie_companies", "Alias": "mc", "Startup Cost": 0.0, "Total Cost": 62901.76, "Plan Rows": 29, "Plan Width": 8, "Index Cond": "(company_type_id = ct.id)", "Filter": "(((note)::text ~~ '%(VHS)%'::text) AND ((note)::text ~~ '%(USA)%'::text) AND ((note)::text ~~ '%(1994)%'::text))"}]}, {"Node Type": "Index Scan", "Parent Relationship": "Inner", "Scan Direction": "Forward", "Index Name": "title_pkey", "Relation Name": "title", "Alias": "t", "Startup Cost": 0.0, "Total Cost": 8.27, "Plan Rows": 1, "Plan Width": 21, "Index Cond": "(id = mc.movie_id)", "Filter": "(production_year > 2010)"}]}, {"Node Type": "Index Scan", "Parent Relationship": "Inner", "Scan Direction": "Forward", "Index Name": "movie_id_movie_info", "Relation Name": "movie_info", "Alias": "mi", "Startup Cost": 0.0, "Total Cost": 2.46, "Plan Rows": 1, "Plan Width": 8, "Index Cond": "(movie_id = t.id)", "Filter": "((info)::text = ANY ('{USA,America}'::text[]))"}]}, {"Node Type": "Index Only Scan", "Parent Relationship": "Inner", "Scan Direction": "Forward", "Index Name": "info_type_pkey", "Relation Name": "info_type", "Alias": "it", "Startup Cost": 0.0, "Total Cost": 0.27, "Plan Rows": 1, "Plan Width": 4, "Index Cond": "(id = mi.info_type_id)"}]}]}, "Unique SQL Id": 328306525, "Planner Runtime": 3}, "explain_analyze_plan": {"Plan": {"Node Type": "Aggregate", "Strategy": "Plain", "Startup Cost": 63248.6, "Total Cost": 63248.61, "Plan Rows": 1, "Plan Width": 49, "Actual Startup Time": 712.178, "Actual Total Time": 712.179, "Actual Rows": 1, "Actual Loops": 1, "Plans": [{"Node Type": "Nested Loop", "Parent Relationship": "Outer", "Join Type": "Inner", "Startup Cost": 0.0, "Total Cost": 63248.54, "Plan Rows": 24, "Plan Width": 17, "Actual Startup Time": 712.172, "Actual Total Time": 712.172, "Actual Rows": 0, "Actual Loops": 1, "Inner Unique": true, "Plans": [{"Node Type": "Nested Loop", "Parent Relationship": "Outer", "Join Type": "Inner", "Startup Cost": 0.0, "Total Cost": 63241.82, "Plan Rows": 24, "Plan Width": 21, "Actual Startup Time": 712.17, "Actual Total Time": 712.17, "Actual Rows": 0, "Actual Loops": 1, "Inner Unique": false, "Plans": [{"Node Type": "Nested Loop", "Parent Relationship": "Outer", "Join Type": "Inner", "Startup Cost": 0.0, "Total Cost": 63162.83, "Plan Rows": 32, "Plan Width": 25, "Actual Startup Time": 712.168, "Actual Total Time": 712.168, "Actual Rows": 0, "Actual Loops": 1, "Inner Unique": true, "Plans": [{"Node Type": "Nested Loop", "Parent Relationship": "Outer", "Join Type": "Inner", "Startup Cost": 0.0, "Total Cost": 62914.35, "Plan Rows": 30, "Plan Width": 4, "Actual Startup Time": 712.166, "Actual Total Time": 712.166, "Actual Rows": 0, "Actual Loops": 1, "Inner Unique": false, "Plans": [{"Node Type": "Index Scan", "Parent Relationship": "Outer", "Scan Direction": "Forward", "Index Name": "company_type_pkey", "Relation Name": "company_type", "Alias": "ct", "Startup Cost": 0.0, "Total Cost": 12.3, "Plan Rows": 1, "Plan Width": 4, "Actual Startup Time": 0.013, "Actual Total Time": 0.024, "Actual Rows": 1, "Actual Loops": 1, "Filter": "((kind)::text = 'production companies'::text)", "Rows Removed by Filter": 2}, {"Node Type": "Index Scan", "Parent Relationship": "Inner", "Scan Direction": "Forward", "Index Name": "company_type_id_movie_companies", "Relation Name": "movie_companies", "Alias": "mc", "Startup Cost": 0.0, "Total Cost": 62901.76, "Plan Rows": 29, "Plan Width": 8, "Actual Startup Time": 712.136, "Actual Total Time": 712.136, "Actual Rows": 0, "Actual Loops": 1, "Index Cond": "(company_type_id = ct.id)", "Rows Removed by Index Recheck": 0, "Filter": "(((note)::text ~~ '%(VHS)%'::text) AND ((note)::text ~~ '%(USA)%'::text) AND ((note)::text ~~ '%(1994)%'::text))", "Rows Removed by Filter": 1334883}]}, {"Node Type": "Index Scan", "Parent Relationship": "Inner", "Scan Direction": "Forward", "Index Name": "title_pkey", "Relation Name": "title", "Alias": "t", "Startup Cost": 0.0, "Total Cost": 8.27, "Plan Rows": 1, "Plan Width": 21, "Actual Startup Time": 0.0, "Actual Total Time": 0.0, "Index Cond": "(id = mc.movie_id)", "Rows Removed by Index Recheck": 0, "Filter": "(production_year > 2010)", "Rows Removed by Filter": 0}]}, {"Node Type": "Index Scan", "Parent Relationship": "Inner", "Scan Direction": "Forward", "Index Name": "movie_id_movie_info", "Relation Name": "movie_info", "Alias": "mi", "Startup Cost": 0.0, "Total Cost": 2.46, "Plan Rows": 1, "Plan Width": 8, "Actual Startup Time": 0.0, "Actual Total Time": 0.0, "Index Cond": "(movie_id = t.id)", "Rows Removed by Index Recheck": 0, "Filter": "((info)::text = ANY ('{USA,America}'::text[]))", "Rows Removed by Filter": 0}]}, {"Node Type": "Index Only Scan", "Parent Relationship": "Inner", "Scan Direction": "Forward", "Index Name": "info_type_pkey", "Relation Name": "info_type", "Alias": "it", "Startup Cost": 0.0, "Total Cost": 0.27, "Plan Rows": 1, "Plan Width": 4, "Actual Startup Time": 0.0, "Actual Total Time": 0.0, "Index Cond": "(id = mi.info_type_id)", "Rows Removed by Index Recheck": 0, "Heap Fetches": 0}]}]}, "Triggers": [], "Planner Runtime": 9.362, "Total Runtime": 712.43, "Unique SQL Id": 328306525}}, "(64, '122')": {"explain_plan": {"Plan": {"Node Type": "Aggregate", "Strategy": "Plain", "Startup Cost": 326869.38, "Total Cost": 326869.39, "Plan Rows": 1, "Plan Width": 49, "Plans": [{"Node Type": "Nested Loop", "Parent Relationship": "Outer", "Join Type": "Inner", "Startup Cost": 0.0, "Total Cost": 326869.32, "Plan Rows": 24, "Plan Width": 17, "Inner Unique": false, "Join Filter": "(mi.info_type_id = it.id)", "Plans": [{"Node Type": "Seq Scan", "Parent Relationship": "Outer", "Relation Name": "info_type", "Alias": "it", "Startup Cost": 0.0, "Total Cost": 2.12, "Plan Rows": 112, "Plan Width": 4}, {"Node Type": "Materialize", "Parent Relationship": "Inner", "Startup Cost": 0.0, "Total Cost": 326826.94, "Plan Rows": 24, "Plan Width": 21, "Plans": [{"Node Type": "Streaming(type: LOCAL GATHER dop: 1/64)", "Parent Relationship": "Outer", "Startup Cost": 0.0, "Total Cost": 326826.82, "Plan Rows": 24, "Plan Width": 21, "Plans": [{"Node Type": "Nested Loop", "Parent Relationship": "Outer", "Join Type": "Inner", "Startup Cost": 0.0, "Total Cost": 326826.33, "Plan Rows": 24, "Plan Width": 21, "Inner Unique": false, "Join Filter": "(t.id = mi.movie_id)", "Plans": [{"Node Type": "Seq Scan", "Parent Relationship": "Outer", "Relation Name": "movie_info", "Alias": "mi", "Startup Cost": 0.0, "Total Cost": 68221.29, "Plan Rows": 584897, "Plan Width": 8, "Filter": "((info)::text = ANY ('{USA,America}'::text[]))"}, {"Node Type": "Materialize", "Parent Relationship": "Inner", "Startup Cost": 0.0, "Total Cost": 254218.39, "Plan Rows": 2048, "Plan Width": 25, "Plans": [{"Node Type": "Streaming(type: BROADCAST dop: 64/64)", "Parent Relationship": "Outer", "Startup Cost": 0.0, "Total Cost": 254218.23, "Plan Rows": 2048, "Plan Width": 25, "Plans": [{"Node Type": "Nested Loop", "Parent Relationship": "Outer", "Join Type": "Inner", "Startup Cost": 0.0, "Total Cost": 191216.93, "Plan Rows": 32, "Plan Width": 25, "Inner Unique": false, "Join Filter": "(mc.movie_id = t.id)", "Plans": [{"Node Type": "Seq Scan", "Parent Relationship": "Outer", "Relation Name": "title", "Alias": "t", "Startup Cost": 0.0, "Total Cost": 64037.34, "Plan Rows": 391451, "Plan Width": 21, "Filter": "(production_year > 2010), (LLVM Optimized)"}, {"Node Type": "Materialize", "Parent Relationship": "Inner", "Startup Cost": 0.0, "Total Cost": 124427.27, "Plan Rows": 1920, "Plan Width": 4, "Plans": [{"Node Type": "Streaming(type: BROADCAST dop: 64/1)", "Parent Relationship": "Outer", "Startup Cost": 0.0, "Total Cost": 124427.12, "Plan Rows": 1920, "Plan Width": 4, "Plans": [{"Node Type": "Nested Loop", "Parent Relationship": "Outer", "Join Type": "Inner", "Startup Cost": 0.0, "Total Cost": 61387.52, "Plan Rows": 30, "Plan Width": 4, "Inner Unique": false, "Join Filter": "(ct.id = mc.company_type_id)", "Plans": [{"Node Type": "Seq Scan", "Parent Relationship": "Outer", "Relation Name": "company_type", "Alias": "ct", "Startup Cost": 0.0, "Total Cost": 1.04, "Plan Rows": 1, "Plan Width": 4, "Filter": "((kind)::text = 'production companies'::text)"}, {"Node Type": "Seq Scan", "Parent Relationship": "Inner", "Relation Name": "movie_companies", "Alias": "mc", "Startup Cost": 0.0, "Total Cost": 61385.74, "Plan Rows": 59, "Plan Width": 8, "Filter": "(((note)::text ~~ '%(VHS)%'::text) AND ((note)::text ~~ '%(USA)%'::text) AND ((note)::text ~~ '%(1994)%'::text))"}]}]}]}]}]}]}]}]}]}]}]}, "Unique SQL Id": 328306525, "Planner Runtime": 4}, "explain_analyze_plan": {"Plan": {"Node Type": "Aggregate", "Strategy": "Plain", "Startup Cost": 326869.38, "Total Cost": 326869.39, "Plan Rows": 1, "Plan Width": 49, "Actual Min Startup Time": 1236.64, "Actual Max Startup Time": 1236.64, "Actual Min Total Time": 1236.64, "Actual Max Total Time": 1236.64, "Plans": [{"Node Type": "Nested Loop", "Parent Relationship": "Outer", "Join Type": "Inner", "Startup Cost": 0.0, "Total Cost": 326869.32, "Plan Rows": 24, "Plan Width": 17, "Actual Min Startup Time": 1236.63, "Actual Max Startup Time": 1236.63, "Actual Min Total Time": 1236.63, "Actual Max Total Time": 1236.63, "Inner Unique": false, "Join Filter": "(mi.info_type_id = it.id)", "Rows Removed by Join Filter": 0, "Plans": [{"Node Type": "Seq Scan", "Parent Relationship": "Outer", "Relation Name": "info_type", "Alias": "it", "Startup Cost": 0.0, "Total Cost": 2.12, "Plan Rows": 112, "Plan Width": 4, "Actual Min Startup Time": 0.043, "Actual Max Startup Time": 0.043, "Actual Min Total Time": 0.058, "Actual Max Total Time": 0.058, "Actual Rows": 112}, {"Node Type": "Materialize", "Parent Relationship": "Inner", "Startup Cost": 0.0, "Total Cost": 326826.94, "Plan Rows": 24, "Plan Width": 21, "Actual Min Startup Time": 1236.525, "Actual Max Startup Time": 1236.525, "Actual Min Total Time": 1236.525, "Actual Max Total Time": 1236.525, "Plans": [{"Node Type": "Streaming(type: LOCAL GATHER dop: 1/64)", "Parent Relationship": "Outer", "Startup Cost": 0.0, "Total Cost": 326826.82, "Plan Rows": 24, "Plan Width": 21, "Actual Min Startup Time": 1236.507, "Actual Max Startup Time": 1236.507, "Actual Min Total Time": 1236.507, "Actual Max Total Time": 1236.507, "Plans": [{"Node Type": "Nested Loop", "Parent Relationship": "Outer", "Join Type": "Inner", "Startup Cost": 0.0, "Total Cost": 326826.33, "Plan Rows": 24, "Plan Width": 21, "Actual Min Startup Time": 1019.094, "Actual Max Startup Time": 1074.467, "Actual Min Total Time": 1019.094, "Actual Max Total Time": 1074.467, "Inner Unique": false, "Join Filter": "(t.id = mi.movie_id)", "Rows Removed by Join Filter": 0, "Plans": [{"Node Type": "Seq Scan", "Parent Relationship": "Outer", "Relation Name": "movie_info", "Alias": "mi", "Startup Cost": 0.0, "Total Cost": 68221.29, "Plan Rows": 584897, "Plan Width": 8, "Actual Min Startup Time": 0.068, "Actual Max Startup Time": 10.112, "Actual Min Total Time": 92.41, "Actual Max Total Time": 106.807, "Filter": "((info)::text = ANY ('{USA,America}'::text[]))", "Rows Removed by Filter": 14282942, "Actual Rows": 552777}, {"Node Type": "Materialize", "Parent Relationship": "Inner", "Startup Cost": 0.0, "Total Cost": 254218.39, "Plan Rows": 2048, "Plan Width": 25, "Actual Min Startup Time": 919.906, "Actual Max Startup Time": 966.885, "Actual Min Total Time": 919.906, "Actual Max Total Time": 966.885, "Plans": [{"Node Type": "Streaming(type: BROADCAST dop: 64/64)", "Parent Relationship": "Outer", "Startup Cost": 0.0, "Total Cost": 254218.23, "Plan Rows": 2048, "Plan Width": 25, "Actual Min Startup Time": 919.139, "Actual Max Startup Time": 965.671, "Actual Min Total Time": 919.139, "Actual Max Total Time": 965.671, "Plans": [{"Node Type": "Nested Loop", "Parent Relationship": "Outer", "Join Type": "Inner", "Startup Cost": 0.0, "Total Cost": 191216.93, "Plan Rows": 32, "Plan Width": 25, "Actual Min Startup Time": 814.682, "Actual Max Startup Time": 982.15, "Actual Min Total Time": 814.682, "Actual Max Total Time": 982.15, "Inner Unique": false, "Join Filter": "(mc.movie_id = t.id)", "Rows Removed by Join Filter": 0, "Plans": [{"Node Type": "Seq Scan", "Parent Relationship": "Outer", "Relation Name": "title", "Alias": "t", "Startup Cost": 0.0, "Total Cost": 64037.34, "Plan Rows": 391451, "Plan Width": 21, "Actual Min Startup Time": 0.026, "Actual Max Startup Time": 0.091, "Actual Min Total Time": 12.513, "Actual Max Total Time": 15.814, "Filter": "(production_year > 2010), (LLVM Optimized, Jit Execute)", "Rows Removed by Filter": 2136645, "Actual Rows": 391666}, {"Node Type": "Materialize", "Parent Relationship": "Inner", "Startup Cost": 0.0, "Total Cost": 124427.27, "Plan Rows": 1920, "Plan Width": 4, "Actual Min Startup Time": 800.491, "Actual Max Startup Time": 968.22, "Actual Min Total Time": 800.491, "Actual Max Total Time": 968.22, "Plans": [{"Node Type": "Streaming(type: BROADCAST dop: 64/1)", "Parent Relationship": "Outer", "Startup Cost": 0.0, "Total Cost": 124427.12, "Plan Rows": 1920, "Plan Width": 4, "Actual Min Startup Time": 800.043, "Actual Max Startup Time": 967.712, "Actual Min Total Time": 800.043, "Actual Max Total Time": 967.712, "Plans": [{"Node Type": "Nested Loop", "Parent Relationship": "Outer", "Join Type": "Inner", "Startup Cost": 0.0, "Total Cost": 61387.52, "Plan Rows": 30, "Plan Width": 4, "Actual Min Startup Time": 972.85, "Actual Max Startup Time": 972.85, "Actual Min Total Time": 972.85, "Actual Max Total Time": 972.85, "Inner Unique": false, "Join Filter": "(ct.id = mc.company_type_id)", "Rows Removed by Join Filter": 1418, "Plans": [{"Node Type": "Seq Scan", "Parent Relationship": "Outer", "Relation Name": "company_type", "Alias": "ct", "Startup Cost": 0.0, "Total Cost": 1.04, "Plan Rows": 1, "Plan Width": 4, "Actual Min Startup Time": 0.023, "Actual Max Startup Time": 0.023, "Actual Min Total Time": 0.027, "Actual Max Total Time": 0.027, "Filter": "((kind)::text = 'production companies'::text)", "Rows Removed by Filter": 2, "Actual Rows": 1}, {"Node Type": "Seq Scan", "Parent Relationship": "Inner", "Relation Name": "movie_companies", "Alias": "mc", "Startup Cost": 0.0, "Total Cost": 61385.74, "Plan Rows": 59, "Plan Width": 8, "Actual Min Startup Time": 4.027, "Actual Max Startup Time": 4.027, "Actual Min Total Time": 972.409, "Actual Max Total Time": 972.409, "Filter": "(((note)::text ~~ '%(VHS)%'::text) AND ((note)::text ~~ '%(USA)%'::text) AND ((note)::text ~~ '%(1994)%'::text))", "Rows Removed by Filter": 2607710, "Actual Rows": 1418}], "Actual Rows": 0}], "Actual Rows": 0}], "Actual Rows": 0}], "Actual Rows": 0}], "Actual Rows": 0}], "Actual Rows": 0}], "Actual Rows": 0}], "Actual Rows": 0}], "Actual Rows": 0}], "Actual Rows": 0}], "Actual Rows": 1}, "Triggers": [], "Planner Runtime": 7.048, "Total Runtime": 1278.055, "Unique SQL Id": 328306525}}, "(64, '123')": {"explain_plan": {"Plan": {"Node Type": "Aggregate", "Strategy": "Plain", "Startup Cost": 5000130950084.58, "Total Cost": 5000130950084.59, "Plan Rows": 1, "Plan Width": 49, "Plans": [{"Node Type": "Nested Loop", "Parent Relationship": "Outer", "Join Type": "Inner", "Startup Cost": 50000000000.0, "Total Cost": 5000130950084.52, "Plan Rows": 24, "Plan Width": 17, "Inner Unique": true, "Join Filter": "(mi.info_type_id = it.id)", "Plans": [{"Node Type": "Nested Loop", "Parent Relationship": "Outer", "Join Type": "Inner", "Startup Cost": 40000000000.0, "Total Cost": 4000130949050.92, "Plan Rows": 24, "Plan Width": 21, "Inner Unique": false, "Join Filter": "(t.id = mi.movie_id)", "Plans": [{"Node Type": "Index Scan", "Parent Relationship": "Outer", "Scan Direction": "Forward", "Index Name": "info_type_id_movie_info", "Relation Name": "movie_info", "Alias": "mi", "Startup Cost": 10000000000.0, "Total Cost": 1000107401445.12, "Plan Rows": 584897, "Plan Width": 8, "Filter": "((info)::text = ANY ('{USA,America}'::text[]))"}, {"Node Type": "Materialize", "Parent Relationship": "Inner", "Startup Cost": 30000000000.0, "Total Cost": 3000023266855.32, "Plan Rows": 32, "Plan Width": 25, "Plans": [{"Node Type": "Nested Loop", "Parent Relationship": "Outer", "Join Type": "Inner", "Startup Cost": 30000000000.0, "Total Cost": 3000023266855.16, "Plan Rows": 32, "Plan Width": 25, "Inner Unique": true, "Join Filter": "(mc.company_type_id = ct.id)", "Plans": [{"Node Type": "Nested Loop", "Parent Relationship": "Outer", "Join Type": "Inner", "Startup Cost": 20000000000.0, "Total Cost": 2000023265623.95, "Plan Rows": 64, "Plan Width": 29, "Inner Unique": false, "Join Filter": "(mc.movie_id = t.id)", "Plans": [{"Node Type": "Index Scan", "Parent Relationship": "Outer", "Scan Direction": "Forward", "Index Name": "title_pkey", "Relation Name": "title", "Alias": "t", "Startup Cost": 10000000000.0, "Total Cost": 1000011644126.66, "Plan Rows": 391451, "Plan Width": 21, "Filter": "(production_year > 2010), (LLVM Optimized)"}, {"Node Type": "Materialize", "Parent Relationship": "Inner", "Startup Cost": 10000000000.0, "Total Cost": 1000011275063.29, "Plan Rows": 59, "Plan Width": 8, "Plans": [{"Node Type": "Index Scan", "Parent Relationship": "Outer", "Scan Direction": "Forward", "Index Name": "company_type_id_movie_companies", "Relation Name": "movie_companies", "Alias": "mc", "Startup Cost": 10000000000.0, "Total Cost": 1000011275063.0, "Plan Rows": 59, "Plan Width": 8, "Filter": "(((note)::text ~~ '%(VHS)%'::text) AND ((note)::text ~~ '%(USA)%'::text) AND ((note)::text ~~ '%(1994)%'::text))"}]}]}, {"Node Type": "Materialize", "Parent Relationship": "Inner", "Startup Cost": 10000000000.0, "Total Cost": 1000000001230.26, "Plan Rows": 1, "Plan Width": 4, "Plans": [{"Node Type": "Index Scan", "Parent Relationship": "Outer", "Scan Direction": "Forward", "Index Name": "company_type_pkey", "Relation Name": "company_type", "Alias": "ct", "Startup Cost": 10000000000.0, "Total Cost": 1000000001230.25, "Plan Rows": 1, "Plan Width": 4, "Filter": "((kind)::text = 'production companies'::text)"}]}]}]}]}, {"Node Type": "Materialize", "Parent Relationship": "Inner", "Startup Cost": 10000000000.0, "Total Cost": 1000000000993.56, "Plan Rows": 112, "Plan Width": 4, "Plans": [{"Node Type": "Index Only Scan", "Parent Relationship": "Outer", "Scan Direction": "Forward", "Index Name": "info_type_pkey", "Relation Name": "info_type", "Alias": "it", "Startup Cost": 10000000000.0, "Total Cost": 1000000000993.0, "Plan Rows": 112, "Plan Width": 4}]}]}]}, "Unique SQL Id": 328306525, "Planner Runtime": 3}, "explain_analyze_plan": null}, "(64, '124')": {"explain_plan": {"Plan": {"Node Type": "Aggregate", "Strategy": "Plain", "Startup Cost": 61721.76, "Total Cost": 61721.77, "Plan Rows": 1, "Plan Width": 49, "Plans": [{"Node Type": "Nested Loop", "Parent Relationship": "Outer", "Join Type": "Inner", "Startup Cost": 0.0, "Total Cost": 61721.7, "Plan Rows": 24, "Plan Width": 17, "Inner Unique": true, "Plans": [{"Node Type": "Nested Loop", "Parent Relationship": "Outer", "Join Type": "Inner", "Startup Cost": 0.0, "Total Cost": 61714.98, "Plan Rows": 24, "Plan Width": 21, "Inner Unique": false, "Plans": [{"Node Type": "Nested Loop", "Parent Relationship": "Outer", "Join Type": "Inner", "Startup Cost": 0.0, "Total Cost": 61635.99, "Plan Rows": 32, "Plan Width": 25, "Inner Unique": true, "Plans": [{"Node Type": "Nested Loop", "Parent Relationship": "Outer", "Join Type": "Inner", "Startup Cost": 0.0, "Total Cost": 61387.52, "Plan Rows": 30, "Plan Width": 4, "Inner Unique": false, "Join Filter": "(ct.id = mc.company_type_id)", "Plans": [{"Node Type": "Seq Scan", "Parent Relationship": "Outer", "Relation Name": "company_type", "Alias": "ct", "Startup Cost": 0.0, "Total Cost": 1.04, "Plan Rows": 1, "Plan Width": 4, "Filter": "((kind)::text = 'production companies'::text)"}, {"Node Type": "Seq Scan", "Parent Relationship": "Inner", "Relation Name": "movie_companies", "Alias": "mc", "Startup Cost": 0.0, "Total Cost": 61385.74, "Plan Rows": 59, "Plan Width": 8, "Filter": "(((note)::text ~~ '%(VHS)%'::text) AND ((note)::text ~~ '%(USA)%'::text) AND ((note)::text ~~ '%(1994)%'::text))"}]}, {"Node Type": "Index Scan", "Parent Relationship": "Inner", "Scan Direction": "Forward", "Index Name": "title_pkey", "Relation Name": "title", "Alias": "t", "Startup Cost": 0.0, "Total Cost": 8.27, "Plan Rows": 1, "Plan Width": 21, "Index Cond": "(id = mc.movie_id)", "Filter": "(production_year > 2010)"}]}, {"Node Type": "Index Scan", "Parent Relationship": "Inner", "Scan Direction": "Forward", "Index Name": "movie_id_movie_info", "Relation Name": "movie_info", "Alias": "mi", "Startup Cost": 0.0, "Total Cost": 2.46, "Plan Rows": 1, "Plan Width": 8, "Index Cond": "(movie_id = t.id)", "Filter": "((info)::text = ANY ('{USA,America}'::text[]))"}]}, {"Node Type": "Index Scan", "Parent Relationship": "Inner", "Scan Direction": "Forward", "Index Name": "info_type_pkey", "Relation Name": "info_type", "Alias": "it", "Startup Cost": 0.0, "Total Cost": 0.27, "Plan Rows": 1, "Plan Width": 4, "Index Cond": "(id = mi.info_type_id)"}]}]}, "Unique SQL Id": 328306525, "Planner Runtime": 4}, "explain_analyze_plan": {"Plan": {"Node Type": "Aggregate", "Strategy": "Plain", "Startup Cost": 61721.76, "Total Cost": 61721.77, "Plan Rows": 1, "Plan Width": 49, "Actual Startup Time": 945.137, "Actual Total Time": 945.138, "Actual Rows": 1, "Actual Loops": 1, "Plans": [{"Node Type": "Nested Loop", "Parent Relationship": "Outer", "Join Type": "Inner", "Startup Cost": 0.0, "Total Cost": 61721.7, "Plan Rows": 24, "Plan Width": 17, "Actual Startup Time": 945.129, "Actual Total Time": 945.129, "Actual Rows": 0, "Actual Loops": 1, "Inner Unique": true, "Plans": [{"Node Type": "Nested Loop", "Parent Relationship": "Outer", "Join Type": "Inner", "Startup Cost": 0.0, "Total Cost": 61714.98, "Plan Rows": 24, "Plan Width": 21, "Actual Startup Time": 945.128, "Actual Total Time": 945.128, "Actual Rows": 0, "Actual Loops": 1, "Inner Unique": false, "Plans": [{"Node Type": "Nested Loop", "Parent Relationship": "Outer", "Join Type": "Inner", "Startup Cost": 0.0, "Total Cost": 61635.99, "Plan Rows": 32, "Plan Width": 25, "Actual Startup Time": 945.127, "Actual Total Time": 945.127, "Actual Rows": 0, "Actual Loops": 1, "Inner Unique": true, "Plans": [{"Node Type": "Nested Loop", "Parent Relationship": "Outer", "Join Type": "Inner", "Startup Cost": 0.0, "Total Cost": 61387.52, "Plan Rows": 30, "Plan Width": 4, "Actual Startup Time": 945.125, "Actual Total Time": 945.125, "Actual Rows": 0, "Actual Loops": 1, "Inner Unique": false, "Join Filter": "(ct.id = mc.company_type_id)", "Rows Removed by Join Filter": 1418, "Plans": [{"Node Type": "Seq Scan", "Parent Relationship": "Outer", "Relation Name": "company_type", "Alias": "ct", "Startup Cost": 0.0, "Total Cost": 1.04, "Plan Rows": 1, "Plan Width": 4, "Actual Startup Time": 0.021, "Actual Total Time": 0.027, "Actual Rows": 1, "Actual Loops": 1, "Filter": "((kind)::text = 'production companies'::text)", "Rows Removed by Filter": 2}, {"Node Type": "Seq Scan", "Parent Relationship": "Inner", "Relation Name": "movie_companies", "Alias": "mc", "Startup Cost": 0.0, "Total Cost": 61385.74, "Plan Rows": 59, "Plan Width": 8, "Actual Startup Time": 3.882, "Actual Total Time": 944.67, "Actual Rows": 1418, "Actual Loops": 1, "Filter": "(((note)::text ~~ '%(VHS)%'::text) AND ((note)::text ~~ '%(USA)%'::text) AND ((note)::text ~~ '%(1994)%'::text))", "Rows Removed by Filter": 2607710}]}, {"Node Type": "Index Scan", "Parent Relationship": "Inner", "Scan Direction": "Forward", "Index Name": "title_pkey", "Relation Name": "title", "Alias": "t", "Startup Cost": 0.0, "Total Cost": 8.27, "Plan Rows": 1, "Plan Width": 21, "Actual Startup Time": 0.0, "Actual Total Time": 0.0, "Index Cond": "(id = mc.movie_id)", "Rows Removed by Index Recheck": 0, "Filter": "(production_year > 2010)", "Rows Removed by Filter": 0}]}, {"Node Type": "Index Scan", "Parent Relationship": "Inner", "Scan Direction": "Forward", "Index Name": "movie_id_movie_info", "Relation Name": "movie_info", "Alias": "mi", "Startup Cost": 0.0, "Total Cost": 2.46, "Plan Rows": 1, "Plan Width": 8, "Actual Startup Time": 0.0, "Actual Total Time": 0.0, "Index Cond": "(movie_id = t.id)", "Rows Removed by Index Recheck": 0, "Filter": "((info)::text = ANY ('{USA,America}'::text[]))", "Rows Removed by Filter": 0}]}, {"Node Type": "Index Scan", "Parent Relationship": "Inner", "Scan Direction": "Forward", "Index Name": "info_type_pkey", "Relation Name": "info_type", "Alias": "it", "Startup Cost": 0.0, "Total Cost": 0.27, "Plan Rows": 1, "Plan Width": 4, "Actual Startup Time": 0.0, "Actual Total Time": 0.0, "Index Cond": "(id = mi.info_type_id)", "Rows Removed by Index Recheck": 0}]}]}, "Triggers": [], "Planner Runtime": 9.643, "Total Runtime": 945.575, "Unique SQL Id": 328306525}}, "(64, '125')": {"explain_plan": {"Plan": {"Node Type": "Aggregate", "Strategy": "Plain", "Startup Cost": 63248.6, "Total Cost": 63248.61, "Plan Rows": 1, "Plan Width": 49, "Plans": [{"Node Type": "Nested Loop", "Parent Relationship": "Outer", "Join Type": "Inner", "Startup Cost": 0.0, "Total Cost": 63248.54, "Plan Rows": 24, "Plan Width": 17, "Inner Unique": true, "Plans": [{"Node Type": "Nested Loop", "Parent Relationship": "Outer", "Join Type": "Inner", "Startup Cost": 0.0, "Total Cost": 63241.82, "Plan Rows": 24, "Plan Width": 21, "Inner Unique": false, "Plans": [{"Node Type": "Nested Loop", "Parent Relationship": "Outer", "Join Type": "Inner", "Startup Cost": 0.0, "Total Cost": 63162.83, "Plan Rows": 32, "Plan Width": 25, "Inner Unique": true, "Plans": [{"Node Type": "Nested Loop", "Parent Relationship": "Outer", "Join Type": "Inner", "Startup Cost": 0.0, "Total Cost": 62914.35, "Plan Rows": 30, "Plan Width": 4, "Inner Unique": false, "Plans": [{"Node Type": "Index Scan", "Parent Relationship": "Outer", "Scan Direction": "Forward", "Index Name": "company_type_pkey", "Relation Name": "company_type", "Alias": "ct", "Startup Cost": 0.0, "Total Cost": 12.3, "Plan Rows": 1, "Plan Width": 4, "Filter": "((kind)::text = 'production companies'::text)"}, {"Node Type": "Index Scan", "Parent Relationship": "Inner", "Scan Direction": "Forward", "Index Name": "company_type_id_movie_companies", "Relation Name": "movie_companies", "Alias": "mc", "Startup Cost": 0.0, "Total Cost": 62901.76, "Plan Rows": 29, "Plan Width": 8, "Index Cond": "(company_type_id = ct.id)", "Filter": "(((note)::text ~~ '%(VHS)%'::text) AND ((note)::text ~~ '%(USA)%'::text) AND ((note)::text ~~ '%(1994)%'::text))"}]}, {"Node Type": "Index Scan", "Parent Relationship": "Inner", "Scan Direction": "Forward", "Index Name": "title_pkey", "Relation Name": "title", "Alias": "t", "Startup Cost": 0.0, "Total Cost": 8.27, "Plan Rows": 1, "Plan Width": 21, "Index Cond": "(id = mc.movie_id)", "Filter": "(production_year > 2010)"}]}, {"Node Type": "Index Scan", "Parent Relationship": "Inner", "Scan Direction": "Forward", "Index Name": "movie_id_movie_info", "Relation Name": "movie_info", "Alias": "mi", "Startup Cost": 0.0, "Total Cost": 2.46, "Plan Rows": 1, "Plan Width": 8, "Index Cond": "(movie_id = t.id)", "Filter": "((info)::text = ANY ('{USA,America}'::text[]))"}]}, {"Node Type": "Index Scan", "Parent Relationship": "Inner", "Scan Direction": "Forward", "Index Name": "info_type_pkey", "Relation Name": "info_type", "Alias": "it", "Startup Cost": 0.0, "Total Cost": 0.27, "Plan Rows": 1, "Plan Width": 4, "Index Cond": "(id = mi.info_type_id)"}]}]}, "Unique SQL Id": 328306525, "Planner Runtime": 3}, "explain_analyze_plan": {"Plan": {"Node Type": "Aggregate", "Strategy": "Plain", "Startup Cost": 63248.6, "Total Cost": 63248.61, "Plan Rows": 1, "Plan Width": 49, "Actual Startup Time": 707.469, "Actual Total Time": 707.469, "Actual Rows": 1, "Actual Loops": 1, "Plans": [{"Node Type": "Nested Loop", "Parent Relationship": "Outer", "Join Type": "Inner", "Startup Cost": 0.0, "Total Cost": 63248.54, "Plan Rows": 24, "Plan Width": 17, "Actual Startup Time": 707.462, "Actual Total Time": 707.462, "Actual Rows": 0, "Actual Loops": 1, "Inner Unique": true, "Plans": [{"Node Type": "Nested Loop", "Parent Relationship": "Outer", "Join Type": "Inner", "Startup Cost": 0.0, "Total Cost": 63241.82, "Plan Rows": 24, "Plan Width": 21, "Actual Startup Time": 707.46, "Actual Total Time": 707.46, "Actual Rows": 0, "Actual Loops": 1, "Inner Unique": false, "Plans": [{"Node Type": "Nested Loop", "Parent Relationship": "Outer", "Join Type": "Inner", "Startup Cost": 0.0, "Total Cost": 63162.83, "Plan Rows": 32, "Plan Width": 25, "Actual Startup Time": 707.458, "Actual Total Time": 707.458, "Actual Rows": 0, "Actual Loops": 1, "Inner Unique": true, "Plans": [{"Node Type": "Nested Loop", "Parent Relationship": "Outer", "Join Type": "Inner", "Startup Cost": 0.0, "Total Cost": 62914.35, "Plan Rows": 30, "Plan Width": 4, "Actual Startup Time": 707.457, "Actual Total Time": 707.457, "Actual Rows": 0, "Actual Loops": 1, "Inner Unique": false, "Plans": [{"Node Type": "Index Scan", "Parent Relationship": "Outer", "Scan Direction": "Forward", "Index Name": "company_type_pkey", "Relation Name": "company_type", "Alias": "ct", "Startup Cost": 0.0, "Total Cost": 12.3, "Plan Rows": 1, "Plan Width": 4, "Actual Startup Time": 0.015, "Actual Total Time": 0.026, "Actual Rows": 1, "Actual Loops": 1, "Filter": "((kind)::text = 'production companies'::text)", "Rows Removed by Filter": 2}, {"Node Type": "Index Scan", "Parent Relationship": "Inner", "Scan Direction": "Forward", "Index Name": "company_type_id_movie_companies", "Relation Name": "movie_companies", "Alias": "mc", "Startup Cost": 0.0, "Total Cost": 62901.76, "Plan Rows": 29, "Plan Width": 8, "Actual Startup Time": 707.424, "Actual Total Time": 707.424, "Actual Rows": 0, "Actual Loops": 1, "Index Cond": "(company_type_id = ct.id)", "Rows Removed by Index Recheck": 0, "Filter": "(((note)::text ~~ '%(VHS)%'::text) AND ((note)::text ~~ '%(USA)%'::text) AND ((note)::text ~~ '%(1994)%'::text))", "Rows Removed by Filter": 1334883}]}, {"Node Type": "Index Scan", "Parent Relationship": "Inner", "Scan Direction": "Forward", "Index Name": "title_pkey", "Relation Name": "title", "Alias": "t", "Startup Cost": 0.0, "Total Cost": 8.27, "Plan Rows": 1, "Plan Width": 21, "Actual Startup Time": 0.0, "Actual Total Time": 0.0, "Index Cond": "(id = mc.movie_id)", "Rows Removed by Index Recheck": 0, "Filter": "(production_year > 2010)", "Rows Removed by Filter": 0}]}, {"Node Type": "Index Scan", "Parent Relationship": "Inner", "Scan Direction": "Forward", "Index Name": "movie_id_movie_info", "Relation Name": "movie_info", "Alias": "mi", "Startup Cost": 0.0, "Total Cost": 2.46, "Plan Rows": 1, "Plan Width": 8, "Actual Startup Time": 0.0, "Actual Total Time": 0.0, "Index Cond": "(movie_id = t.id)", "Rows Removed by Index Recheck": 0, "Filter": "((info)::text = ANY ('{USA,America}'::text[]))", "Rows Removed by Filter": 0}]}, {"Node Type": "Index Scan", "Parent Relationship": "Inner", "Scan Direction": "Forward", "Index Name": "info_type_pkey", "Relation Name": "info_type", "Alias": "it", "Startup Cost": 0.0, "Total Cost": 0.27, "Plan Rows": 1, "Plan Width": 4, "Actual Startup Time": 0.0, "Actual Total Time": 0.0, "Index Cond": "(id = mi.info_type_id)", "Rows Removed by Index Recheck": 0}]}]}, "Triggers": [], "Planner Runtime": 9.381, "Total Runtime": 707.729, "Unique SQL Id": 328306525}}, "(64, '126')": {"explain_plan": {"Plan": {"Node Type": "Aggregate", "Strategy": "Plain", "Startup Cost": 326869.38, "Total Cost": 326869.39, "Plan Rows": 1, "Plan Width": 49, "Plans": [{"Node Type": "Nested Loop", "Parent Relationship": "Outer", "Join Type": "Inner", "Startup Cost": 0.0, "Total Cost": 326869.32, "Plan Rows": 24, "Plan Width": 17, "Inner Unique": false, "Join Filter": "(mi.info_type_id = it.id)", "Plans": [{"Node Type": "Seq Scan", "Parent Relationship": "Outer", "Relation Name": "info_type", "Alias": "it", "Startup Cost": 0.0, "Total Cost": 2.12, "Plan Rows": 112, "Plan Width": 4}, {"Node Type": "Materialize", "Parent Relationship": "Inner", "Startup Cost": 0.0, "Total Cost": 326826.94, "Plan Rows": 24, "Plan Width": 21, "Plans": [{"Node Type": "Streaming(type: LOCAL GATHER dop: 1/64)", "Parent Relationship": "Outer", "Startup Cost": 0.0, "Total Cost": 326826.82, "Plan Rows": 24, "Plan Width": 21, "Plans": [{"Node Type": "Nested Loop", "Parent Relationship": "Outer", "Join Type": "Inner", "Startup Cost": 0.0, "Total Cost": 326826.33, "Plan Rows": 24, "Plan Width": 21, "Inner Unique": false, "Join Filter": "(t.id = mi.movie_id)", "Plans": [{"Node Type": "Seq Scan", "Parent Relationship": "Outer", "Relation Name": "movie_info", "Alias": "mi", "Startup Cost": 0.0, "Total Cost": 68221.29, "Plan Rows": 584897, "Plan Width": 8, "Filter": "((info)::text = ANY ('{USA,America}'::text[]))"}, {"Node Type": "Materialize", "Parent Relationship": "Inner", "Startup Cost": 0.0, "Total Cost": 254218.39, "Plan Rows": 2048, "Plan Width": 25, "Plans": [{"Node Type": "Streaming(type: BROADCAST dop: 64/64)", "Parent Relationship": "Outer", "Startup Cost": 0.0, "Total Cost": 254218.23, "Plan Rows": 2048, "Plan Width": 25, "Plans": [{"Node Type": "Nested Loop", "Parent Relationship": "Outer", "Join Type": "Inner", "Startup Cost": 0.0, "Total Cost": 191216.93, "Plan Rows": 32, "Plan Width": 25, "Inner Unique": false, "Join Filter": "(mc.movie_id = t.id)", "Plans": [{"Node Type": "Seq Scan", "Parent Relationship": "Outer", "Relation Name": "title", "Alias": "t", "Startup Cost": 0.0, "Total Cost": 64037.34, "Plan Rows": 391451, "Plan Width": 21, "Filter": "(production_year > 2010), (LLVM Optimized)"}, {"Node Type": "Materialize", "Parent Relationship": "Inner", "Startup Cost": 0.0, "Total Cost": 124427.27, "Plan Rows": 1920, "Plan Width": 4, "Plans": [{"Node Type": "Streaming(type: BROADCAST dop: 64/1)", "Parent Relationship": "Outer", "Startup Cost": 0.0, "Total Cost": 124427.12, "Plan Rows": 1920, "Plan Width": 4, "Plans": [{"Node Type": "Nested Loop", "Parent Relationship": "Outer", "Join Type": "Inner", "Startup Cost": 0.0, "Total Cost": 61387.52, "Plan Rows": 30, "Plan Width": 4, "Inner Unique": false, "Join Filter": "(ct.id = mc.company_type_id)", "Plans": [{"Node Type": "Seq Scan", "Parent Relationship": "Outer", "Relation Name": "company_type", "Alias": "ct", "Startup Cost": 0.0, "Total Cost": 1.04, "Plan Rows": 1, "Plan Width": 4, "Filter": "((kind)::text = 'production companies'::text)"}, {"Node Type": "Seq Scan", "Parent Relationship": "Inner", "Relation Name": "movie_companies", "Alias": "mc", "Startup Cost": 0.0, "Total Cost": 61385.74, "Plan Rows": 59, "Plan Width": 8, "Filter": "(((note)::text ~~ '%(VHS)%'::text) AND ((note)::text ~~ '%(USA)%'::text) AND ((note)::text ~~ '%(1994)%'::text))"}]}]}]}]}]}]}]}]}]}]}]}, "Unique SQL Id": 328306525, "Planner Runtime": 4}, "explain_analyze_plan": {"Plan": {"Node Type": "Aggregate", "Strategy": "Plain", "Startup Cost": 326869.38, "Total Cost": 326869.39, "Plan Rows": 1, "Plan Width": 49, "Actual Min Startup Time": 1236.64, "Actual Max Startup Time": 1236.64, "Actual Min Total Time": 1236.64, "Actual Max Total Time": 1236.64, "Plans": [{"Node Type": "Nested Loop", "Parent Relationship": "Outer", "Join Type": "Inner", "Startup Cost": 0.0, "Total Cost": 326869.32, "Plan Rows": 24, "Plan Width": 17, "Actual Min Startup Time": 1236.63, "Actual Max Startup Time": 1236.63, "Actual Min Total Time": 1236.63, "Actual Max Total Time": 1236.63, "Inner Unique": false, "Join Filter": "(mi.info_type_id = it.id)", "Rows Removed by Join Filter": 0, "Plans": [{"Node Type": "Seq Scan", "Parent Relationship": "Outer", "Relation Name": "info_type", "Alias": "it", "Startup Cost": 0.0, "Total Cost": 2.12, "Plan Rows": 112, "Plan Width": 4, "Actual Min Startup Time": 0.043, "Actual Max Startup Time": 0.043, "Actual Min Total Time": 0.058, "Actual Max Total Time": 0.058, "Actual Rows": 112}, {"Node Type": "Materialize", "Parent Relationship": "Inner", "Startup Cost": 0.0, "Total Cost": 326826.94, "Plan Rows": 24, "Plan Width": 21, "Actual Min Startup Time": 1236.525, "Actual Max Startup Time": 1236.525, "Actual Min Total Time": 1236.525, "Actual Max Total Time": 1236.525, "Plans": [{"Node Type": "Streaming(type: LOCAL GATHER dop: 1/64)", "Parent Relationship": "Outer", "Startup Cost": 0.0, "Total Cost": 326826.82, "Plan Rows": 24, "Plan Width": 21, "Actual Min Startup Time": 1236.507, "Actual Max Startup Time": 1236.507, "Actual Min Total Time": 1236.507, "Actual Max Total Time": 1236.507, "Plans": [{"Node Type": "Nested Loop", "Parent Relationship": "Outer", "Join Type": "Inner", "Startup Cost": 0.0, "Total Cost": 326826.33, "Plan Rows": 24, "Plan Width": 21, "Actual Min Startup Time": 1019.094, "Actual Max Startup Time": 1074.467, "Actual Min Total Time": 1019.094, "Actual Max Total Time": 1074.467, "Inner Unique": false, "Join Filter": "(t.id = mi.movie_id)", "Rows Removed by Join Filter": 0, "Plans": [{"Node Type": "Seq Scan", "Parent Relationship": "Outer", "Relation Name": "movie_info", "Alias": "mi", "Startup Cost": 0.0, "Total Cost": 68221.29, "Plan Rows": 584897, "Plan Width": 8, "Actual Min Startup Time": 0.068, "Actual Max Startup Time": 10.112, "Actual Min Total Time": 92.41, "Actual Max Total Time": 106.807, "Filter": "((info)::text = ANY ('{USA,America}'::text[]))", "Rows Removed by Filter": 14282942, "Actual Rows": 552777}, {"Node Type": "Materialize", "Parent Relationship": "Inner", "Startup Cost": 0.0, "Total Cost": 254218.39, "Plan Rows": 2048, "Plan Width": 25, "Actual Min Startup Time": 919.906, "Actual Max Startup Time": 966.885, "Actual Min Total Time": 919.906, "Actual Max Total Time": 966.885, "Plans": [{"Node Type": "Streaming(type: BROADCAST dop: 64/64)", "Parent Relationship": "Outer", "Startup Cost": 0.0, "Total Cost": 254218.23, "Plan Rows": 2048, "Plan Width": 25, "Actual Min Startup Time": 919.139, "Actual Max Startup Time": 965.671, "Actual Min Total Time": 919.139, "Actual Max Total Time": 965.671, "Plans": [{"Node Type": "Nested Loop", "Parent Relationship": "Outer", "Join Type": "Inner", "Startup Cost": 0.0, "Total Cost": 191216.93, "Plan Rows": 32, "Plan Width": 25, "Actual Min Startup Time": 814.682, "Actual Max Startup Time": 982.15, "Actual Min Total Time": 814.682, "Actual Max Total Time": 982.15, "Inner Unique": false, "Join Filter": "(mc.movie_id = t.id)", "Rows Removed by Join Filter": 0, "Plans": [{"Node Type": "Seq Scan", "Parent Relationship": "Outer", "Relation Name": "title", "Alias": "t", "Startup Cost": 0.0, "Total Cost": 64037.34, "Plan Rows": 391451, "Plan Width": 21, "Actual Min Startup Time": 0.026, "Actual Max Startup Time": 0.091, "Actual Min Total Time": 12.513, "Actual Max Total Time": 15.814, "Filter": "(production_year > 2010), (LLVM Optimized, Jit Execute)", "Rows Removed by Filter": 2136645, "Actual Rows": 391666}, {"Node Type": "Materialize", "Parent Relationship": "Inner", "Startup Cost": 0.0, "Total Cost": 124427.27, "Plan Rows": 1920, "Plan Width": 4, "Actual Min Startup Time": 800.491, "Actual Max Startup Time": 968.22, "Actual Min Total Time": 800.491, "Actual Max Total Time": 968.22, "Plans": [{"Node Type": "Streaming(type: BROADCAST dop: 64/1)", "Parent Relationship": "Outer", "Startup Cost": 0.0, "Total Cost": 124427.12, "Plan Rows": 1920, "Plan Width": 4, "Actual Min Startup Time": 800.043, "Actual Max Startup Time": 967.712, "Actual Min Total Time": 800.043, "Actual Max Total Time": 967.712, "Plans": [{"Node Type": "Nested Loop", "Parent Relationship": "Outer", "Join Type": "Inner", "Startup Cost": 0.0, "Total Cost": 61387.52, "Plan Rows": 30, "Plan Width": 4, "Actual Min Startup Time": 972.85, "Actual Max Startup Time": 972.85, "Actual Min Total Time": 972.85, "Actual Max Total Time": 972.85, "Inner Unique": false, "Join Filter": "(ct.id = mc.company_type_id)", "Rows Removed by Join Filter": 1418, "Plans": [{"Node Type": "Seq Scan", "Parent Relationship": "Outer", "Relation Name": "company_type", "Alias": "ct", "Startup Cost": 0.0, "Total Cost": 1.04, "Plan Rows": 1, "Plan Width": 4, "Actual Min Startup Time": 0.023, "Actual Max Startup Time": 0.023, "Actual Min Total Time": 0.027, "Actual Max Total Time": 0.027, "Filter": "((kind)::text = 'production companies'::text)", "Rows Removed by Filter": 2, "Actual Rows": 1}, {"Node Type": "Seq Scan", "Parent Relationship": "Inner", "Relation Name": "movie_companies", "Alias": "mc", "Startup Cost": 0.0, "Total Cost": 61385.74, "Plan Rows": 59, "Plan Width": 8, "Actual Min Startup Time": 4.027, "Actual Max Startup Time": 4.027, "Actual Min Total Time": 972.409, "Actual Max Total Time": 972.409, "Filter": "(((note)::text ~~ '%(VHS)%'::text) AND ((note)::text ~~ '%(USA)%'::text) AND ((note)::text ~~ '%(1994)%'::text))", "Rows Removed by Filter": 2607710, "Actual Rows": 1418}], "Actual Rows": 0}], "Actual Rows": 0}], "Actual Rows": 0}], "Actual Rows": 0}], "Actual Rows": 0}], "Actual Rows": 0}], "Actual Rows": 0}], "Actual Rows": 0}], "Actual Rows": 0}], "Actual Rows": 0}], "Actual Rows": 1}, "Triggers": [], "Planner Runtime": 7.048, "Total Runtime": 1278.055, "Unique SQL Id": 328306525}}, "(64, '127')": {"explain_plan": {"Plan": {"Node Type": "Aggregate", "Strategy": "Plain", "Startup Cost": 5000130950484.58, "Total Cost": 5000130950484.59, "Plan Rows": 1, "Plan Width": 49, "Plans": [{"Node Type": "Nested Loop", "Parent Relationship": "Outer", "Join Type": "Inner", "Startup Cost": 50000000000.0, "Total Cost": 5000130950484.52, "Plan Rows": 24, "Plan Width": 17, "Inner Unique": true, "Join Filter": "(mi.info_type_id = it.id)", "Plans": [{"Node Type": "Nested Loop", "Parent Relationship": "Outer", "Join Type": "Inner", "Startup Cost": 40000000000.0, "Total Cost": 4000130949050.92, "Plan Rows": 24, "Plan Width": 21, "Inner Unique": false, "Join Filter": "(t.id = mi.movie_id)", "Plans": [{"Node Type": "Index Scan", "Parent Relationship": "Outer", "Scan Direction": "Forward", "Index Name": "info_type_id_movie_info", "Relation Name": "movie_info", "Alias": "mi", "Startup Cost": 10000000000.0, "Total Cost": 1000107401445.12, "Plan Rows": 584897, "Plan Width": 8, "Filter": "((info)::text = ANY ('{USA,America}'::text[]))"}, {"Node Type": "Materialize", "Parent Relationship": "Inner", "Startup Cost": 30000000000.0, "Total Cost": 3000023266855.32, "Plan Rows": 32, "Plan Width": 25, "Plans": [{"Node Type": "Nested Loop", "Parent Relationship": "Outer", "Join Type": "Inner", "Startup Cost": 30000000000.0, "Total Cost": 3000023266855.16, "Plan Rows": 32, "Plan Width": 25, "Inner Unique": true, "Join Filter": "(mc.company_type_id = ct.id)", "Plans": [{"Node Type": "Nested Loop", "Parent Relationship": "Outer", "Join Type": "Inner", "Startup Cost": 20000000000.0, "Total Cost": 2000023265623.95, "Plan Rows": 64, "Plan Width": 29, "Inner Unique": false, "Join Filter": "(mc.movie_id = t.id)", "Plans": [{"Node Type": "Index Scan", "Parent Relationship": "Outer", "Scan Direction": "Forward", "Index Name": "title_pkey", "Relation Name": "title", "Alias": "t", "Startup Cost": 10000000000.0, "Total Cost": 1000011644126.66, "Plan Rows": 391451, "Plan Width": 21, "Filter": "(production_year > 2010), (LLVM Optimized)"}, {"Node Type": "Materialize", "Parent Relationship": "Inner", "Startup Cost": 10000000000.0, "Total Cost": 1000011275063.29, "Plan Rows": 59, "Plan Width": 8, "Plans": [{"Node Type": "Index Scan", "Parent Relationship": "Outer", "Scan Direction": "Forward", "Index Name": "company_type_id_movie_companies", "Relation Name": "movie_companies", "Alias": "mc", "Startup Cost": 10000000000.0, "Total Cost": 1000011275063.0, "Plan Rows": 59, "Plan Width": 8, "Filter": "(((note)::text ~~ '%(VHS)%'::text) AND ((note)::text ~~ '%(USA)%'::text) AND ((note)::text ~~ '%(1994)%'::text))"}]}]}, {"Node Type": "Materialize", "Parent Relationship": "Inner", "Startup Cost": 10000000000.0, "Total Cost": 1000000001230.26, "Plan Rows": 1, "Plan Width": 4, "Plans": [{"Node Type": "Index Scan", "Parent Relationship": "Outer", "Scan Direction": "Forward", "Index Name": "company_type_pkey", "Relation Name": "company_type", "Alias": "ct", "Startup Cost": 10000000000.0, "Total Cost": 1000000001230.25, "Plan Rows": 1, "Plan Width": 4, "Filter": "((kind)::text = 'production companies'::text)"}]}]}]}]}, {"Node Type": "Materialize", "Parent Relationship": "Inner", "Startup Cost": 10000000000.0, "Total Cost": 1000000001393.56, "Plan Rows": 112, "Plan Width": 4, "Plans": [{"Node Type": "Index Scan", "Parent Relationship": "Outer", "Scan Direction": "Forward", "Index Name": "info_type_pkey", "Relation Name": "info_type", "Alias": "it", "Startup Cost": 10000000000.0, "Total Cost": 1000000001393.0, "Plan Rows": 112, "Plan Width": 4}]}]}]}, "Unique SQL Id": 328306525, "Planner Runtime": 3}, "explain_analyze_plan": null}}