{"(1, '0')": {"explain_plan": {"Plan": {"Node Type": "Aggregate", "Strategy": "Plain", "Startup Cost": 2653.12, "Total Cost": 2653.13, "Plan Rows": 1, "Plan Width": 144, "Plans": [{"Node Type": "Nested Loop", "Parent Relationship": "Outer", "Join Type": "Inner", "Startup Cost": 4.51, "Total Cost": 2653.12, "Plan Rows": 1, "Plan Width": 48, "Inner Unique": true, "Join Filter": "(mk.movie_id = t.id)", "Plans": [{"Node Type": "Nested Loop", "Parent Relationship": "Outer", "Join Type": "Inner", "Startup Cost": 4.51, "Total Cost": 2652.83, "Plan Rows": 1, "Plan Width": 39, "Inner Unique": true, "Plans": [{"Node Type": "Nested Loop", "Parent Relationship": "Outer", "Join Type": "Inner", "Startup Cost": 4.51, "Total Cost": 2594.27, "Plan Rows": 202, "Plan Width": 28, "Inner Unique": false, "Plans": [{"Node Type": "Nested Loop", "Parent Relationship": "Outer", "Join Type": "Inner", "Startup Cost": 4.51, "Total Cost": 2569.02, "Plan Rows": 33, "Plan Width": 20, "Inner Unique": false, "Plans": [{"Node Type": "Seq Scan", "Parent Relationship": "Outer", "Relation Name": "keyword", "Alias": "k", "Startup Cost": 0.0, "Total Cost": 2436.11, "Plan Rows": 1, "Plan Width": 20, "Filter": "((keyword)::text = 'marvel-cinematic-universe'::text)"}, {"Node Type": "Bitmap Heap Scan", "Parent Relationship": "Inner", "Relation Name": "movie_keyword", "Alias": "mk", "Startup Cost": 4.51, "Total Cost": 132.58, "Plan Rows": 33, "Plan Width": 8, "Recheck Cond": "(keyword_id = k.id)", "Plans": [{"Node Type": "Bitmap Index Scan", "Parent Relationship": "Outer", "Index Name": "keyword_id_movie_keyword", "Startup Cost": 0.0, "Total Cost": 4.5, "Plan Rows": 33, "Plan Width": 0, "Index Cond": "(keyword_id = k.id)"}]}]}, {"Node Type": "Index Scan", "Parent Relationship": "Inner", "Scan Direction": "Forward", "Index Name": "movie_id_cast_info", "Relation Name": "cast_info", "Alias": "ci", "Startup Cost": 0.0, "Total Cost": 0.7, "Plan Rows": 6, "Plan Width": 8, "Index Cond": "(movie_id = mk.movie_id)"}]}, {"Node Type": "Index Scan", "Parent Relationship": "Inner", "Scan Direction": "Forward", "Index Name": "name_pkey", "Relation Name": "name", "Alias": "n", "Startup Cost": 0.0, "Total Cost": 0.28, "Plan Rows": 1, "Plan Width": 19, "Index Cond": "(id = ci.person_id)", "Filter": "((name)::text ~~ '%Downey%Robert%'::text)"}]}, {"Node Type": "Index Scan", "Parent Relationship": "Inner", "Scan Direction": "Forward", "Index Name": "title_pkey", "Relation Name": "title", "Alias": "t", "Startup Cost": 0.0, "Total Cost": 0.28, "Plan Rows": 1, "Plan Width": 21, "Index Cond": "(id = ci.movie_id)", "Filter": "(production_year > 2010)"}]}]}, "Unique SQL Id": 4208751436, "Planner Runtime": 7}, "explain_analyze_plan": {"Plan": {"Node Type": "Aggregate", "Strategy": "Plain", "Startup Cost": 2653.12, "Total Cost": 2653.13, "Plan Rows": 1, "Plan Width": 144, "Actual Startup Time": 50.116, "Actual Total Time": 50.116, "Actual Rows": 1, "Actual Loops": 1, "Plans": [{"Node Type": "Nested Loop", "Parent Relationship": "Outer", "Join Type": "Inner", "Startup Cost": 4.51, "Total Cost": 2653.12, "Plan Rows": 1, "Plan Width": 48, "Actual Startup Time": 2.78, "Actual Total Time": 50.084, "Actual Rows": 6, "Actual Loops": 1, "Inner Unique": true, "Join Filter": "(mk.movie_id = t.id)", "Rows Removed by Join Filter": 0, "Plans": [{"Node Type": "Nested Loop", "Parent Relationship": "Outer", "Join Type": "Inner", "Startup Cost": 4.51, "Total Cost": 2652.83, "Plan Rows": 1, "Plan Width": 39, "Actual Startup Time": 2.763, "Actual Total Time": 50.032, "Actual Rows": 6, "Actual Loops": 1, "Inner Unique": true, "Plans": [{"Node Type": "Nested Loop", "Parent Relationship": "Outer", "Join Type": "Inner", "Startup Cost": 4.51, "Total Cost": 2594.27, "Plan Rows": 202, "Plan Width": 28, "Actual Startup Time": 1.106, "Actual Total Time": 42.984, "Actual Rows": 1242, "Actual Loops": 1, "Inner Unique": false, "Plans": [{"Node Type": "Nested Loop", "Parent Relationship": "Outer", "Join Type": "Inner", "Startup Cost": 4.51, "Total Cost": 2569.02, "Plan Rows": 33, "Plan Width": 20, "Actual Startup Time": 1.089, "Actual Total Time": 40.586, "Actual Rows": 14, "Actual Loops": 1, "Inner Unique": false, "Plans": [{"Node Type": "Seq Scan", "Parent Relationship": "Outer", "Relation Name": "keyword", "Alias": "k", "Startup Cost": 0.0, "Total Cost": 2436.11, "Plan Rows": 1, "Plan Width": 20, "Actual Startup Time": 1.052, "Actual Total Time": 40.505, "Actual Rows": 1, "Actual Loops": 1, "Filter": "((keyword)::text = 'marvel-cinematic-universe'::text)", "Rows Removed by Filter": 134168}, {"Node Type": "Bitmap Heap Scan", "Parent Relationship": "Inner", "Relation Name": "movie_keyword", "Alias": "mk", "Startup Cost": 4.51, "Total Cost": 132.58, "Plan Rows": 33, "Plan Width": 8, "Actual Startup Time": 0.03, "Actual Total Time": 0.064, "Actual Rows": 14, "Actual Loops": 1, "Recheck Cond": "(keyword_id = k.id)", "Rows Removed by Index Recheck": 0, "Exact Heap Blocks": 13, "Lossy Heap Blocks": 13, "Plans": [{"Node Type": "Bitmap Index Scan", "Parent Relationship": "Outer", "Index Name": "keyword_id_movie_keyword", "Startup Cost": 0.0, "Total Cost": 4.5, "Plan Rows": 33, "Plan Width": 0, "Actual Startup Time": 0.018, "Actual Total Time": 0.018, "Actual Rows": 14, "Actual Loops": 1, "Index Cond": "(keyword_id = k.id)"}]}]}, {"Node Type": "Index Scan", "Parent Relationship": "Inner", "Scan Direction": "Forward", "Index Name": "movie_id_cast_info", "Relation Name": "cast_info", "Alias": "ci", "Startup Cost": 0.0, "Total Cost": 0.7, "Plan Rows": 6, "Plan Width": 8, "Actual Startup Time": 0.178, "Actual Total Time": 2.086, "Actual Rows": 1242, "Actual Loops": 14, "Index Cond": "(movie_id = mk.movie_id)", "Rows Removed by Index Recheck": 0}]}, {"Node Type": "Index Scan", "Parent Relationship": "Inner", "Scan Direction": "Forward", "Index Name": "name_pkey", "Relation Name": "name", "Alias": "n", "Startup Cost": 0.0, "Total Cost": 0.28, "Plan Rows": 1, "Plan Width": 19, "Actual Startup Time": 6.418, "Actual Total Time": 6.418, "Actual Rows": 6, "Actual Loops": 1242, "Index Cond": "(id = ci.person_id)", "Rows Removed by Index Recheck": 0, "Filter": "((name)::text ~~ '%Downey%Robert%'::text)", "Rows Removed by Filter": 1236}]}, {"Node Type": "Index Scan", "Parent Relationship": "Inner", "Scan Direction": "Forward", "Index Name": "title_pkey", "Relation Name": "title", "Alias": "t", "Startup Cost": 0.0, "Total Cost": 0.28, "Plan Rows": 1, "Plan Width": 21, "Actual Startup Time": 0.037, "Actual Total Time": 0.037, "Actual Rows": 6, "Actual Loops": 6, "Index Cond": "(id = ci.movie_id)", "Rows Removed by Index Recheck": 0, "Filter": "(production_year > 2010)", "Rows Removed by Filter": 0}]}]}, "Triggers": [], "Planner Runtime": 6.792, "Total Runtime": 50.355, "Unique SQL Id": 4208751436}}, "(1, '1')": {"explain_plan": {"Plan": {"Node Type": "Aggregate", "Strategy": "Plain", "Startup Cost": 3399.73, "Total Cost": 3399.74, "Plan Rows": 1, "Plan Width": 144, "Plans": [{"Node Type": "Nested Loop", "Parent Relationship": "Outer", "Join Type": "Inner", "Startup Cost": 4.51, "Total Cost": 3399.72, "Plan Rows": 1, "Plan Width": 48, "Inner Unique": true, "Join Filter": "(mk.movie_id = t.id)", "Plans": [{"Node Type": "Nested Loop", "Parent Relationship": "Outer", "Join Type": "Inner", "Startup Cost": 4.51, "Total Cost": 3399.43, "Plan Rows": 1, "Plan Width": 39, "Inner Unique": true, "Plans": [{"Node Type": "Nested Loop", "Parent Relationship": "Outer", "Join Type": "Inner", "Startup Cost": 4.51, "Total Cost": 3340.87, "Plan Rows": 202, "Plan Width": 28, "Inner Unique": false, "Plans": [{"Node Type": "Nested Loop", "Parent Relationship": "Outer", "Join Type": "Inner", "Startup Cost": 4.51, "Total Cost": 3315.63, "Plan Rows": 33, "Plan Width": 20, "Inner Unique": false, "Plans": [{"Node Type": "Index Scan", "Parent Relationship": "Outer", "Scan Direction": "Forward", "Index Name": "keyword_pkey", "Relation Name": "keyword", "Alias": "k", "Startup Cost": 0.0, "Total Cost": 3182.72, "Plan Rows": 1, "Plan Width": 20, "Filter": "((keyword)::text = 'marvel-cinematic-universe'::text)"}, {"Node Type": "Bitmap Heap Scan", "Parent Relationship": "Inner", "Relation Name": "movie_keyword", "Alias": "mk", "Startup Cost": 4.51, "Total Cost": 132.58, "Plan Rows": 33, "Plan Width": 8, "Recheck Cond": "(keyword_id = k.id)", "Plans": [{"Node Type": "Bitmap Index Scan", "Parent Relationship": "Outer", "Index Name": "keyword_id_movie_keyword", "Startup Cost": 0.0, "Total Cost": 4.5, "Plan Rows": 33, "Plan Width": 0, "Index Cond": "(keyword_id = k.id)"}]}]}, {"Node Type": "Index Scan", "Parent Relationship": "Inner", "Scan Direction": "Forward", "Index Name": "movie_id_cast_info", "Relation Name": "cast_info", "Alias": "ci", "Startup Cost": 0.0, "Total Cost": 0.7, "Plan Rows": 6, "Plan Width": 8, "Index Cond": "(movie_id = mk.movie_id)"}]}, {"Node Type": "Index Scan", "Parent Relationship": "Inner", "Scan Direction": "Forward", "Index Name": "name_pkey", "Relation Name": "name", "Alias": "n", "Startup Cost": 0.0, "Total Cost": 0.28, "Plan Rows": 1, "Plan Width": 19, "Index Cond": "(id = ci.person_id)", "Filter": "((name)::text ~~ '%Downey%Robert%'::text)"}]}, {"Node Type": "Index Scan", "Parent Relationship": "Inner", "Scan Direction": "Forward", "Index Name": "title_pkey", "Relation Name": "title", "Alias": "t", "Startup Cost": 0.0, "Total Cost": 0.28, "Plan Rows": 1, "Plan Width": 21, "Index Cond": "(id = ci.movie_id)", "Filter": "(production_year > 2010)"}]}]}, "Unique SQL Id": 4208751436, "Planner Runtime": 6}, "explain_analyze_plan": null}, "(1, '2')": {"explain_plan": {"Plan": {"Node Type": "Aggregate", "Strategy": "Plain", "Startup Cost": 3810.23, "Total Cost": 3810.24, "Plan Rows": 1, "Plan Width": 144, "Plans": [{"Node Type": "Nested Loop", "Parent Relationship": "Outer", "Join Type": "Inner", "Startup Cost": 5.45, "Total Cost": 3809.16, "Plan Rows": 143, "Plan Width": 48, "Inner Unique": true, "Plans": [{"Node Type": "Nested Loop", "Parent Relationship": "Outer", "Join Type": "Inner", "Startup Cost": 5.19, "Total Cost": 2875.14, "Plan Rows": 218, "Plan Width": 37, "Inner Unique": false, "Join Filter": "(t.id = ci.movie_id)", "Plans": [{"Node Type": "Nested Loop", "Parent Relationship": "Outer", "Join Type": "Inner", "Startup Cost": 4.77, "Total Cost": 2710.63, "Plan Rows": 36, "Plan Width": 41, "Inner Unique": true, "Plans": [{"Node Type": "Nested Loop", "Parent Relationship": "Outer", "Join Type": "Inner", "Startup Cost": 4.51, "Total Cost": 2569.02, "Plan Rows": 33, "Plan Width": 20, "Inner Unique": false, "Plans": [{"Node Type": "Seq Scan", "Parent Relationship": "Outer", "Relation Name": "keyword", "Alias": "k", "Startup Cost": 0.0, "Total Cost": 2436.11, "Plan Rows": 1, "Plan Width": 20, "Filter": "((keyword)::text = 'marvel-cinematic-universe'::text)"}, {"Node Type": "Bitmap Heap Scan", "Parent Relationship": "Inner", "Relation Name": "movie_keyword", "Alias": "mk", "Startup Cost": 4.51, "Total Cost": 132.58, "Plan Rows": 33, "Plan Width": 8, "Recheck Cond": "(keyword_id = k.id)", "Plans": [{"Node Type": "Bitmap Index Scan", "Parent Relationship": "Outer", "Index Name": "keyword_id_movie_keyword", "Startup Cost": 0.0, "Total Cost": 4.5, "Plan Rows": 33, "Plan Width": 0, "Index Cond": "(keyword_id = k.id)"}]}]}, {"Node Type": "Bitmap Heap Scan", "Parent Relationship": "Inner", "Relation Name": "title", "Alias": "t", "Startup Cost": 0.27, "Total Cost": 4.28, "Plan Rows": 1, "Plan Width": 21, "Recheck Cond": "(id = mk.movie_id)", "Filter": "(production_year > 2010)", "Plans": [{"Node Type": "Bitmap Index Scan", "Parent Relationship": "Outer", "Index Name": "title_pkey", "Startup Cost": 0.0, "Total Cost": 0.27, "Plan Rows": 1, "Plan Width": 0, "Index Cond": "(id = mk.movie_id)"}]}]}, {"Node Type": "Bitmap Heap Scan", "Parent Relationship": "Inner", "Relation Name": "cast_info", "Alias": "ci", "Startup Cost": 0.42, "Total Cost": 4.49, "Plan Rows": 6, "Plan Width": 8, "Recheck Cond": "(movie_id = mk.movie_id)", "Plans": [{"Node Type": "Bitmap Index Scan", "Parent Relationship": "Outer", "Index Name": "movie_id_cast_info", "Startup Cost": 0.0, "Total Cost": 0.42, "Plan Rows": 6, "Plan Width": 0, "Index Cond": "(movie_id = mk.movie_id)"}]}]}, {"Node Type": "Bitmap Heap Scan", "Parent Relationship": "Inner", "Relation Name": "name", "Alias": "n", "Startup Cost": 0.26, "Total Cost": 4.27, "Plan Rows": 1, "Plan Width": 19, "Recheck Cond": "(id = ci.person_id)", "Filter": "((name)::text ~~ '%Downey%Robert%'::text)", "Plans": [{"Node Type": "Bitmap Index Scan", "Parent Relationship": "Outer", "Index Name": "name_pkey", "Startup Cost": 0.0, "Total Cost": 0.26, "Plan Rows": 1, "Plan Width": 0, "Index Cond": "(id = ci.person_id)"}]}]}]}, "Unique SQL Id": 4208751436, "Planner Runtime": 6}, "explain_analyze_plan": {"Plan": {"Node Type": "Aggregate", "Strategy": "Plain", "Startup Cost": 3810.23, "Total Cost": 3810.24, "Plan Rows": 1, "Plan Width": 144, "Actual Startup Time": 52.817, "Actual Total Time": 52.817, "Actual Rows": 1, "Actual Loops": 1, "Plans": [{"Node Type": "Nested Loop", "Parent Relationship": "Outer", "Join Type": "Inner", "Startup Cost": 5.45, "Total Cost": 3809.16, "Plan Rows": 143, "Plan Width": 48, "Actual Startup Time": 3.321, "Actual Total Time": 52.782, "Actual Rows": 6, "Actual Loops": 1, "Inner Unique": true, "Plans": [{"Node Type": "Nested Loop", "Parent Relationship": "Outer", "Join Type": "Inner", "Startup Cost": 5.19, "Total Cost": 2875.14, "Plan Rows": 218, "Plan Width": 37, "Actual Startup Time": 1.135, "Actual Total Time": 43.931, "Actual Rows": 1224, "Actual Loops": 1, "Inner Unique": false, "Join Filter": "(t.id = ci.movie_id)", "Rows Removed by Join Filter": 0, "Plans": [{"Node Type": "Nested Loop", "Parent Relationship": "Outer", "Join Type": "Inner", "Startup Cost": 4.77, "Total Cost": 2710.63, "Plan Rows": 36, "Plan Width": 41, "Actual Startup Time": 1.105, "Actual Total Time": 40.655, "Actual Rows": 11, "Actual Loops": 1, "Inner Unique": true, "Plans": [{"Node Type": "Nested Loop", "Parent Relationship": "Outer", "Join Type": "Inner", "Startup Cost": 4.51, "Total Cost": 2569.02, "Plan Rows": 33, "Plan Width": 20, "Actual Startup Time": 1.087, "Actual Total Time": 40.509, "Actual Rows": 14, "Actual Loops": 1, "Inner Unique": false, "Plans": [{"Node Type": "Seq Scan", "Parent Relationship": "Outer", "Relation Name": "keyword", "Alias": "k", "Startup Cost": 0.0, "Total Cost": 2436.11, "Plan Rows": 1, "Plan Width": 20, "Actual Startup Time": 1.051, "Actual Total Time": 40.437, "Actual Rows": 1, "Actual Loops": 1, "Filter": "((keyword)::text = 'marvel-cinematic-universe'::text)", "Rows Removed by Filter": 134168}, {"Node Type": "Bitmap Heap Scan", "Parent Relationship": "Inner", "Relation Name": "movie_keyword", "Alias": "mk", "Startup Cost": 4.51, "Total Cost": 132.58, "Plan Rows": 33, "Plan Width": 8, "Actual Startup Time": 0.03, "Actual Total Time": 0.06, "Actual Rows": 14, "Actual Loops": 1, "Recheck Cond": "(keyword_id = k.id)", "Rows Removed by Index Recheck": 0, "Exact Heap Blocks": 13, "Lossy Heap Blocks": 13, "Plans": [{"Node Type": "Bitmap Index Scan", "Parent Relationship": "Outer", "Index Name": "keyword_id_movie_keyword", "Startup Cost": 0.0, "Total Cost": 4.5, "Plan Rows": 33, "Plan Width": 0, "Actual Startup Time": 0.019, "Actual Total Time": 0.019, "Actual Rows": 14, "Actual Loops": 1, "Index Cond": "(keyword_id = k.id)"}]}]}, {"Node Type": "Bitmap Heap Scan", "Parent Relationship": "Inner", "Relation Name": "title", "Alias": "t", "Startup Cost": 0.27, "Total Cost": 4.28, "Plan Rows": 1, "Plan Width": 21, "Actual Startup Time": 0.114, "Actual Total Time": 0.114, "Actual Rows": 11, "Actual Loops": 14, "Recheck Cond": "(id = mk.movie_id)", "Rows Removed by Index Recheck": 0, "Filter": "(production_year > 2010)", "Rows Removed by Filter": 3, "Exact Heap Blocks": 14, "Lossy Heap Blocks": 14, "Plans": [{"Node Type": "Bitmap Index Scan", "Parent Relationship": "Outer", "Index Name": "title_pkey", "Startup Cost": 0.0, "Total Cost": 0.27, "Plan Rows": 1, "Plan Width": 0, "Actual Startup Time": 0.068, "Actual Total Time": 0.068, "Actual Rows": 14, "Actual Loops": 14, "Index Cond": "(id = mk.movie_id)"}]}]}, {"Node Type": "Bitmap Heap Scan", "Parent Relationship": "Inner", "Relation Name": "cast_info", "Alias": "ci", "Startup Cost": 0.42, "Total Cost": 4.49, "Plan Rows": 6, "Plan Width": 8, "Actual Startup Time": 0.579, "Actual Total Time": 2.712, "Actual Rows": 1224, "Actual Loops": 11, "Recheck Cond": "(movie_id = mk.movie_id)", "Rows Removed by Index Recheck": 0, "Exact Heap Blocks": 1166, "Lossy Heap Blocks": 1166, "Plans": [{"Node Type": "Bitmap Index Scan", "Parent Relationship": "Outer", "Index Name": "movie_id_cast_info", "Startup Cost": 0.0, "Total Cost": 0.42, "Plan Rows": 6, "Plan Width": 0, "Actual Startup Time": 0.364, "Actual Total Time": 0.364, "Actual Rows": 1224, "Actual Loops": 11, "Index Cond": "(movie_id = mk.movie_id)"}]}]}, {"Node Type": "Bitmap Heap Scan", "Parent Relationship": "Inner", "Relation Name": "name", "Alias": "n", "Startup Cost": 0.26, "Total Cost": 4.27, "Plan Rows": 1, "Plan Width": 19, "Actual Startup Time": 7.466, "Actual Total Time": 7.466, "Actual Rows": 6, "Actual Loops": 1224, "Recheck Cond": "(id = ci.person_id)", "Rows Removed by Index Recheck": 0, "Filter": "((name)::text ~~ '%Downey%Robert%'::text)", "Rows Removed by Filter": 1218, "Exact Heap Blocks": 1224, "Lossy Heap Blocks": 1224, "Plans": [{"Node Type": "Bitmap Index Scan", "Parent Relationship": "Outer", "Index Name": "name_pkey", "Startup Cost": 0.0, "Total Cost": 0.26, "Plan Rows": 1, "Plan Width": 0, "Actual Startup Time": 4.426, "Actual Total Time": 4.426, "Actual Rows": 1224, "Actual Loops": 1224, "Index Cond": "(id = ci.person_id)"}]}]}]}, "Triggers": [], "Planner Runtime": 5.916, "Total Runtime": 53.054, "Unique SQL Id": 4208751436}}, "(1, '3')": {"explain_plan": {"Plan": {"Node Type": "Aggregate", "Strategy": "Plain", "Startup Cost": 1000034676559.16, "Total Cost": 1000034676559.17, "Plan Rows": 1, "Plan Width": 144, "Plans": [{"Node Type": "Nested Loop", "Parent Relationship": "Outer", "Join Type": "Inner", "Startup Cost": 10000000001.2, "Total Cost": 1000034676559.15, "Plan Rows": 1, "Plan Width": 48, "Inner Unique": true, "Join Filter": "(mk.movie_id = t.id)", "Plans": [{"Node Type": "Nested Loop", "Parent Relationship": "Outer", "Join Type": "Inner", "Startup Cost": 10000000000.94, "Total Cost": 1000034676554.87, "Plan Rows": 1, "Plan Width": 39, "Inner Unique": true, "Plans": [{"Node Type": "Nested Loop", "Parent Relationship": "Outer", "Join Type": "Inner", "Startup Cost": 10000000000.68, "Total Cost": 1000034675689.4, "Plan Rows": 202, "Plan Width": 28, "Inner Unique": false, "Plans": [{"Node Type": "Nested Loop", "Parent Relationship": "Outer", "Join Type": "Inner", "Startup Cost": 10000000000.26, "Total Cost": 1000034675539.09, "Plan Rows": 33, "Plan Width": 20, "Inner Unique": true, "Plans": [{"Node Type": "Index Scan", "Parent Relationship": "Outer", "Scan Direction": "Forward", "Index Name": "movie_id_movie_keyword", "Relation Name": "movie_keyword", "Alias": "mk", "Startup Cost": 10000000000.0, "Total Cost": 1000015300634.17, "Plan Rows": 4523929, "Plan Width": 8}, {"Node Type": "Bitmap Heap Scan", "Parent Relationship": "Inner", "Relation Name": "keyword", "Alias": "k", "Startup Cost": 0.26, "Total Cost": 4.27, "Plan Rows": 1, "Plan Width": 20, "Recheck Cond": "(id = mk.keyword_id)", "Filter": "((keyword)::text = 'marvel-cinematic-universe'::text)", "Plans": [{"Node Type": "Bitmap Index Scan", "Parent Relationship": "Outer", "Index Name": "keyword_pkey", "Startup Cost": 0.0, "Total Cost": 0.26, "Plan Rows": 1, "Plan Width": 0, "Index Cond": "(id = mk.keyword_id)"}]}]}, {"Node Type": "Bitmap Heap Scan", "Parent Relationship": "Inner", "Relation Name": "cast_info", "Alias": "ci", "Startup Cost": 0.42, "Total Cost": 4.49, "Plan Rows": 6, "Plan Width": 8, "Recheck Cond": "(movie_id = mk.movie_id)", "Plans": [{"Node Type": "Bitmap Index Scan", "Parent Relationship": "Outer", "Index Name": "movie_id_cast_info", "Startup Cost": 0.0, "Total Cost": 0.42, "Plan Rows": 6, "Plan Width": 0, "Index Cond": "(movie_id = mk.movie_id)"}]}]}, {"Node Type": "Bitmap Heap Scan", "Parent Relationship": "Inner", "Relation Name": "name", "Alias": "n", "Startup Cost": 0.26, "Total Cost": 4.27, "Plan Rows": 1, "Plan Width": 19, "Recheck Cond": "(id = ci.person_id)", "Filter": "((name)::text ~~ '%Downey%Robert%'::text)", "Plans": [{"Node Type": "Bitmap Index Scan", "Parent Relationship": "Outer", "Index Name": "name_pkey", "Startup Cost": 0.0, "Total Cost": 0.26, "Plan Rows": 1, "Plan Width": 0, "Index Cond": "(id = ci.person_id)"}]}]}, {"Node Type": "Bitmap Heap Scan", "Parent Relationship": "Inner", "Relation Name": "title", "Alias": "t", "Startup Cost": 0.26, "Total Cost": 4.27, "Plan Rows": 1, "Plan Width": 21, "Recheck Cond": "(id = ci.movie_id)", "Filter": "(production_year > 2010)", "Plans": [{"Node Type": "Bitmap Index Scan", "Parent Relationship": "Outer", "Index Name": "title_pkey", "Startup Cost": 0.0, "Total Cost": 0.26, "Plan Rows": 1, "Plan Width": 0, "Index Cond": "(id = ci.movie_id)"}]}]}]}, "Unique SQL Id": 4208751436, "Planner Runtime": 2}, "explain_analyze_plan": null}, "(1, '4')": {"explain_plan": {"Plan": {"Node Type": "Aggregate", "Strategy": "Plain", "Startup Cost": 2653.12, "Total Cost": 2653.13, "Plan Rows": 1, "Plan Width": 144, "Plans": [{"Node Type": "Nested Loop", "Parent Relationship": "Outer", "Join Type": "Inner", "Startup Cost": 4.51, "Total Cost": 2653.12, "Plan Rows": 1, "Plan Width": 48, "Inner Unique": true, "Join Filter": "(mk.movie_id = t.id)", "Plans": [{"Node Type": "Nested Loop", "Parent Relationship": "Outer", "Join Type": "Inner", "Startup Cost": 4.51, "Total Cost": 2652.83, "Plan Rows": 1, "Plan Width": 39, "Inner Unique": true, "Plans": [{"Node Type": "Nested Loop", "Parent Relationship": "Outer", "Join Type": "Inner", "Startup Cost": 4.51, "Total Cost": 2594.27, "Plan Rows": 202, "Plan Width": 28, "Inner Unique": false, "Plans": [{"Node Type": "Nested Loop", "Parent Relationship": "Outer", "Join Type": "Inner", "Startup Cost": 4.51, "Total Cost": 2569.02, "Plan Rows": 33, "Plan Width": 20, "Inner Unique": false, "Plans": [{"Node Type": "Seq Scan", "Parent Relationship": "Outer", "Relation Name": "keyword", "Alias": "k", "Startup Cost": 0.0, "Total Cost": 2436.11, "Plan Rows": 1, "Plan Width": 20, "Filter": "((keyword)::text = 'marvel-cinematic-universe'::text)"}, {"Node Type": "Bitmap Heap Scan", "Parent Relationship": "Inner", "Relation Name": "movie_keyword", "Alias": "mk", "Startup Cost": 4.51, "Total Cost": 132.58, "Plan Rows": 33, "Plan Width": 8, "Recheck Cond": "(keyword_id = k.id)", "Plans": [{"Node Type": "Bitmap Index Scan", "Parent Relationship": "Outer", "Index Name": "keyword_id_movie_keyword", "Startup Cost": 0.0, "Total Cost": 4.5, "Plan Rows": 33, "Plan Width": 0, "Index Cond": "(keyword_id = k.id)"}]}]}, {"Node Type": "Index Scan", "Parent Relationship": "Inner", "Scan Direction": "Forward", "Index Name": "movie_id_cast_info", "Relation Name": "cast_info", "Alias": "ci", "Startup Cost": 0.0, "Total Cost": 0.7, "Plan Rows": 6, "Plan Width": 8, "Index Cond": "(movie_id = mk.movie_id)"}]}, {"Node Type": "Index Scan", "Parent Relationship": "Inner", "Scan Direction": "Forward", "Index Name": "name_pkey", "Relation Name": "name", "Alias": "n", "Startup Cost": 0.0, "Total Cost": 0.28, "Plan Rows": 1, "Plan Width": 19, "Index Cond": "(id = ci.person_id)", "Filter": "((name)::text ~~ '%Downey%Robert%'::text)"}]}, {"Node Type": "Index Scan", "Parent Relationship": "Inner", "Scan Direction": "Forward", "Index Name": "title_pkey", "Relation Name": "title", "Alias": "t", "Startup Cost": 0.0, "Total Cost": 0.28, "Plan Rows": 1, "Plan Width": 21, "Index Cond": "(id = ci.movie_id)", "Filter": "(production_year > 2010)"}]}]}, "Unique SQL Id": 4208751436, "Planner Runtime": 7}, "explain_analyze_plan": {"Plan": {"Node Type": "Aggregate", "Strategy": "Plain", "Startup Cost": 2653.12, "Total Cost": 2653.13, "Plan Rows": 1, "Plan Width": 144, "Actual Startup Time": 50.116, "Actual Total Time": 50.116, "Actual Rows": 1, "Actual Loops": 1, "Plans": [{"Node Type": "Nested Loop", "Parent Relationship": "Outer", "Join Type": "Inner", "Startup Cost": 4.51, "Total Cost": 2653.12, "Plan Rows": 1, "Plan Width": 48, "Actual Startup Time": 2.78, "Actual Total Time": 50.084, "Actual Rows": 6, "Actual Loops": 1, "Inner Unique": true, "Join Filter": "(mk.movie_id = t.id)", "Rows Removed by Join Filter": 0, "Plans": [{"Node Type": "Nested Loop", "Parent Relationship": "Outer", "Join Type": "Inner", "Startup Cost": 4.51, "Total Cost": 2652.83, "Plan Rows": 1, "Plan Width": 39, "Actual Startup Time": 2.763, "Actual Total Time": 50.032, "Actual Rows": 6, "Actual Loops": 1, "Inner Unique": true, "Plans": [{"Node Type": "Nested Loop", "Parent Relationship": "Outer", "Join Type": "Inner", "Startup Cost": 4.51, "Total Cost": 2594.27, "Plan Rows": 202, "Plan Width": 28, "Actual Startup Time": 1.106, "Actual Total Time": 42.984, "Actual Rows": 1242, "Actual Loops": 1, "Inner Unique": false, "Plans": [{"Node Type": "Nested Loop", "Parent Relationship": "Outer", "Join Type": "Inner", "Startup Cost": 4.51, "Total Cost": 2569.02, "Plan Rows": 33, "Plan Width": 20, "Actual Startup Time": 1.089, "Actual Total Time": 40.586, "Actual Rows": 14, "Actual Loops": 1, "Inner Unique": false, "Plans": [{"Node Type": "Seq Scan", "Parent Relationship": "Outer", "Relation Name": "keyword", "Alias": "k", "Startup Cost": 0.0, "Total Cost": 2436.11, "Plan Rows": 1, "Plan Width": 20, "Actual Startup Time": 1.052, "Actual Total Time": 40.505, "Actual Rows": 1, "Actual Loops": 1, "Filter": "((keyword)::text = 'marvel-cinematic-universe'::text)", "Rows Removed by Filter": 134168}, {"Node Type": "Bitmap Heap Scan", "Parent Relationship": "Inner", "Relation Name": "movie_keyword", "Alias": "mk", "Startup Cost": 4.51, "Total Cost": 132.58, "Plan Rows": 33, "Plan Width": 8, "Actual Startup Time": 0.03, "Actual Total Time": 0.064, "Actual Rows": 14, "Actual Loops": 1, "Recheck Cond": "(keyword_id = k.id)", "Rows Removed by Index Recheck": 0, "Exact Heap Blocks": 13, "Lossy Heap Blocks": 13, "Plans": [{"Node Type": "Bitmap Index Scan", "Parent Relationship": "Outer", "Index Name": "keyword_id_movie_keyword", "Startup Cost": 0.0, "Total Cost": 4.5, "Plan Rows": 33, "Plan Width": 0, "Actual Startup Time": 0.018, "Actual Total Time": 0.018, "Actual Rows": 14, "Actual Loops": 1, "Index Cond": "(keyword_id = k.id)"}]}]}, {"Node Type": "Index Scan", "Parent Relationship": "Inner", "Scan Direction": "Forward", "Index Name": "movie_id_cast_info", "Relation Name": "cast_info", "Alias": "ci", "Startup Cost": 0.0, "Total Cost": 0.7, "Plan Rows": 6, "Plan Width": 8, "Actual Startup Time": 0.178, "Actual Total Time": 2.086, "Actual Rows": 1242, "Actual Loops": 14, "Index Cond": "(movie_id = mk.movie_id)", "Rows Removed by Index Recheck": 0}]}, {"Node Type": "Index Scan", "Parent Relationship": "Inner", "Scan Direction": "Forward", "Index Name": "name_pkey", "Relation Name": "name", "Alias": "n", "Startup Cost": 0.0, "Total Cost": 0.28, "Plan Rows": 1, "Plan Width": 19, "Actual Startup Time": 6.418, "Actual Total Time": 6.418, "Actual Rows": 6, "Actual Loops": 1242, "Index Cond": "(id = ci.person_id)", "Rows Removed by Index Recheck": 0, "Filter": "((name)::text ~~ '%Downey%Robert%'::text)", "Rows Removed by Filter": 1236}]}, {"Node Type": "Index Scan", "Parent Relationship": "Inner", "Scan Direction": "Forward", "Index Name": "title_pkey", "Relation Name": "title", "Alias": "t", "Startup Cost": 0.0, "Total Cost": 0.28, "Plan Rows": 1, "Plan Width": 21, "Actual Startup Time": 0.037, "Actual Total Time": 0.037, "Actual Rows": 6, "Actual Loops": 6, "Index Cond": "(id = ci.movie_id)", "Rows Removed by Index Recheck": 0, "Filter": "(production_year > 2010)", "Rows Removed by Filter": 0}]}]}, "Triggers": [], "Planner Runtime": 6.792, "Total Runtime": 50.355, "Unique SQL Id": 4208751436}}, "(1, '5')": {"explain_plan": {"Plan": {"Node Type": "Aggregate", "Strategy": "Plain", "Startup Cost": 3399.73, "Total Cost": 3399.74, "Plan Rows": 1, "Plan Width": 144, "Plans": [{"Node Type": "Nested Loop", "Parent Relationship": "Outer", "Join Type": "Inner", "Startup Cost": 4.51, "Total Cost": 3399.72, "Plan Rows": 1, "Plan Width": 48, "Inner Unique": true, "Join Filter": "(mk.movie_id = t.id)", "Plans": [{"Node Type": "Nested Loop", "Parent Relationship": "Outer", "Join Type": "Inner", "Startup Cost": 4.51, "Total Cost": 3399.43, "Plan Rows": 1, "Plan Width": 39, "Inner Unique": true, "Plans": [{"Node Type": "Nested Loop", "Parent Relationship": "Outer", "Join Type": "Inner", "Startup Cost": 4.51, "Total Cost": 3340.87, "Plan Rows": 202, "Plan Width": 28, "Inner Unique": false, "Plans": [{"Node Type": "Nested Loop", "Parent Relationship": "Outer", "Join Type": "Inner", "Startup Cost": 4.51, "Total Cost": 3315.63, "Plan Rows": 33, "Plan Width": 20, "Inner Unique": false, "Plans": [{"Node Type": "Index Scan", "Parent Relationship": "Outer", "Scan Direction": "Forward", "Index Name": "keyword_pkey", "Relation Name": "keyword", "Alias": "k", "Startup Cost": 0.0, "Total Cost": 3182.72, "Plan Rows": 1, "Plan Width": 20, "Filter": "((keyword)::text = 'marvel-cinematic-universe'::text)"}, {"Node Type": "Bitmap Heap Scan", "Parent Relationship": "Inner", "Relation Name": "movie_keyword", "Alias": "mk", "Startup Cost": 4.51, "Total Cost": 132.58, "Plan Rows": 33, "Plan Width": 8, "Recheck Cond": "(keyword_id = k.id)", "Plans": [{"Node Type": "Bitmap Index Scan", "Parent Relationship": "Outer", "Index Name": "keyword_id_movie_keyword", "Startup Cost": 0.0, "Total Cost": 4.5, "Plan Rows": 33, "Plan Width": 0, "Index Cond": "(keyword_id = k.id)"}]}]}, {"Node Type": "Index Scan", "Parent Relationship": "Inner", "Scan Direction": "Forward", "Index Name": "movie_id_cast_info", "Relation Name": "cast_info", "Alias": "ci", "Startup Cost": 0.0, "Total Cost": 0.7, "Plan Rows": 6, "Plan Width": 8, "Index Cond": "(movie_id = mk.movie_id)"}]}, {"Node Type": "Index Scan", "Parent Relationship": "Inner", "Scan Direction": "Forward", "Index Name": "name_pkey", "Relation Name": "name", "Alias": "n", "Startup Cost": 0.0, "Total Cost": 0.28, "Plan Rows": 1, "Plan Width": 19, "Index Cond": "(id = ci.person_id)", "Filter": "((name)::text ~~ '%Downey%Robert%'::text)"}]}, {"Node Type": "Index Scan", "Parent Relationship": "Inner", "Scan Direction": "Forward", "Index Name": "title_pkey", "Relation Name": "title", "Alias": "t", "Startup Cost": 0.0, "Total Cost": 0.28, "Plan Rows": 1, "Plan Width": 21, "Index Cond": "(id = ci.movie_id)", "Filter": "(production_year > 2010)"}]}]}, "Unique SQL Id": 4208751436, "Planner Runtime": 6}, "explain_analyze_plan": null}, "(1, '6')": {"explain_plan": {"Plan": {"Node Type": "Aggregate", "Strategy": "Plain", "Startup Cost": 3810.23, "Total Cost": 3810.24, "Plan Rows": 1, "Plan Width": 144, "Plans": [{"Node Type": "Nested Loop", "Parent Relationship": "Outer", "Join Type": "Inner", "Startup Cost": 5.45, "Total Cost": 3809.16, "Plan Rows": 143, "Plan Width": 48, "Inner Unique": true, "Plans": [{"Node Type": "Nested Loop", "Parent Relationship": "Outer", "Join Type": "Inner", "Startup Cost": 5.19, "Total Cost": 2875.14, "Plan Rows": 218, "Plan Width": 37, "Inner Unique": false, "Join Filter": "(t.id = ci.movie_id)", "Plans": [{"Node Type": "Nested Loop", "Parent Relationship": "Outer", "Join Type": "Inner", "Startup Cost": 4.77, "Total Cost": 2710.63, "Plan Rows": 36, "Plan Width": 41, "Inner Unique": true, "Plans": [{"Node Type": "Nested Loop", "Parent Relationship": "Outer", "Join Type": "Inner", "Startup Cost": 4.51, "Total Cost": 2569.02, "Plan Rows": 33, "Plan Width": 20, "Inner Unique": false, "Plans": [{"Node Type": "Seq Scan", "Parent Relationship": "Outer", "Relation Name": "keyword", "Alias": "k", "Startup Cost": 0.0, "Total Cost": 2436.11, "Plan Rows": 1, "Plan Width": 20, "Filter": "((keyword)::text = 'marvel-cinematic-universe'::text)"}, {"Node Type": "Bitmap Heap Scan", "Parent Relationship": "Inner", "Relation Name": "movie_keyword", "Alias": "mk", "Startup Cost": 4.51, "Total Cost": 132.58, "Plan Rows": 33, "Plan Width": 8, "Recheck Cond": "(keyword_id = k.id)", "Plans": [{"Node Type": "Bitmap Index Scan", "Parent Relationship": "Outer", "Index Name": "keyword_id_movie_keyword", "Startup Cost": 0.0, "Total Cost": 4.5, "Plan Rows": 33, "Plan Width": 0, "Index Cond": "(keyword_id = k.id)"}]}]}, {"Node Type": "Bitmap Heap Scan", "Parent Relationship": "Inner", "Relation Name": "title", "Alias": "t", "Startup Cost": 0.27, "Total Cost": 4.28, "Plan Rows": 1, "Plan Width": 21, "Recheck Cond": "(id = mk.movie_id)", "Filter": "(production_year > 2010)", "Plans": [{"Node Type": "Bitmap Index Scan", "Parent Relationship": "Outer", "Index Name": "title_pkey", "Startup Cost": 0.0, "Total Cost": 0.27, "Plan Rows": 1, "Plan Width": 0, "Index Cond": "(id = mk.movie_id)"}]}]}, {"Node Type": "Bitmap Heap Scan", "Parent Relationship": "Inner", "Relation Name": "cast_info", "Alias": "ci", "Startup Cost": 0.42, "Total Cost": 4.49, "Plan Rows": 6, "Plan Width": 8, "Recheck Cond": "(movie_id = mk.movie_id)", "Plans": [{"Node Type": "Bitmap Index Scan", "Parent Relationship": "Outer", "Index Name": "movie_id_cast_info", "Startup Cost": 0.0, "Total Cost": 0.42, "Plan Rows": 6, "Plan Width": 0, "Index Cond": "(movie_id = mk.movie_id)"}]}]}, {"Node Type": "Bitmap Heap Scan", "Parent Relationship": "Inner", "Relation Name": "name", "Alias": "n", "Startup Cost": 0.26, "Total Cost": 4.27, "Plan Rows": 1, "Plan Width": 19, "Recheck Cond": "(id = ci.person_id)", "Filter": "((name)::text ~~ '%Downey%Robert%'::text)", "Plans": [{"Node Type": "Bitmap Index Scan", "Parent Relationship": "Outer", "Index Name": "name_pkey", "Startup Cost": 0.0, "Total Cost": 0.26, "Plan Rows": 1, "Plan Width": 0, "Index Cond": "(id = ci.person_id)"}]}]}]}, "Unique SQL Id": 4208751436, "Planner Runtime": 5}, "explain_analyze_plan": {"Plan": {"Node Type": "Aggregate", "Strategy": "Plain", "Startup Cost": 3810.23, "Total Cost": 3810.24, "Plan Rows": 1, "Plan Width": 144, "Actual Startup Time": 52.817, "Actual Total Time": 52.817, "Actual Rows": 1, "Actual Loops": 1, "Plans": [{"Node Type": "Nested Loop", "Parent Relationship": "Outer", "Join Type": "Inner", "Startup Cost": 5.45, "Total Cost": 3809.16, "Plan Rows": 143, "Plan Width": 48, "Actual Startup Time": 3.321, "Actual Total Time": 52.782, "Actual Rows": 6, "Actual Loops": 1, "Inner Unique": true, "Plans": [{"Node Type": "Nested Loop", "Parent Relationship": "Outer", "Join Type": "Inner", "Startup Cost": 5.19, "Total Cost": 2875.14, "Plan Rows": 218, "Plan Width": 37, "Actual Startup Time": 1.135, "Actual Total Time": 43.931, "Actual Rows": 1224, "Actual Loops": 1, "Inner Unique": false, "Join Filter": "(t.id = ci.movie_id)", "Rows Removed by Join Filter": 0, "Plans": [{"Node Type": "Nested Loop", "Parent Relationship": "Outer", "Join Type": "Inner", "Startup Cost": 4.77, "Total Cost": 2710.63, "Plan Rows": 36, "Plan Width": 41, "Actual Startup Time": 1.105, "Actual Total Time": 40.655, "Actual Rows": 11, "Actual Loops": 1, "Inner Unique": true, "Plans": [{"Node Type": "Nested Loop", "Parent Relationship": "Outer", "Join Type": "Inner", "Startup Cost": 4.51, "Total Cost": 2569.02, "Plan Rows": 33, "Plan Width": 20, "Actual Startup Time": 1.087, "Actual Total Time": 40.509, "Actual Rows": 14, "Actual Loops": 1, "Inner Unique": false, "Plans": [{"Node Type": "Seq Scan", "Parent Relationship": "Outer", "Relation Name": "keyword", "Alias": "k", "Startup Cost": 0.0, "Total Cost": 2436.11, "Plan Rows": 1, "Plan Width": 20, "Actual Startup Time": 1.051, "Actual Total Time": 40.437, "Actual Rows": 1, "Actual Loops": 1, "Filter": "((keyword)::text = 'marvel-cinematic-universe'::text)", "Rows Removed by Filter": 134168}, {"Node Type": "Bitmap Heap Scan", "Parent Relationship": "Inner", "Relation Name": "movie_keyword", "Alias": "mk", "Startup Cost": 4.51, "Total Cost": 132.58, "Plan Rows": 33, "Plan Width": 8, "Actual Startup Time": 0.03, "Actual Total Time": 0.06, "Actual Rows": 14, "Actual Loops": 1, "Recheck Cond": "(keyword_id = k.id)", "Rows Removed by Index Recheck": 0, "Exact Heap Blocks": 13, "Lossy Heap Blocks": 13, "Plans": [{"Node Type": "Bitmap Index Scan", "Parent Relationship": "Outer", "Index Name": "keyword_id_movie_keyword", "Startup Cost": 0.0, "Total Cost": 4.5, "Plan Rows": 33, "Plan Width": 0, "Actual Startup Time": 0.019, "Actual Total Time": 0.019, "Actual Rows": 14, "Actual Loops": 1, "Index Cond": "(keyword_id = k.id)"}]}]}, {"Node Type": "Bitmap Heap Scan", "Parent Relationship": "Inner", "Relation Name": "title", "Alias": "t", "Startup Cost": 0.27, "Total Cost": 4.28, "Plan Rows": 1, "Plan Width": 21, "Actual Startup Time": 0.114, "Actual Total Time": 0.114, "Actual Rows": 11, "Actual Loops": 14, "Recheck Cond": "(id = mk.movie_id)", "Rows Removed by Index Recheck": 0, "Filter": "(production_year > 2010)", "Rows Removed by Filter": 3, "Exact Heap Blocks": 14, "Lossy Heap Blocks": 14, "Plans": [{"Node Type": "Bitmap Index Scan", "Parent Relationship": "Outer", "Index Name": "title_pkey", "Startup Cost": 0.0, "Total Cost": 0.27, "Plan Rows": 1, "Plan Width": 0, "Actual Startup Time": 0.068, "Actual Total Time": 0.068, "Actual Rows": 14, "Actual Loops": 14, "Index Cond": "(id = mk.movie_id)"}]}]}, {"Node Type": "Bitmap Heap Scan", "Parent Relationship": "Inner", "Relation Name": "cast_info", "Alias": "ci", "Startup Cost": 0.42, "Total Cost": 4.49, "Plan Rows": 6, "Plan Width": 8, "Actual Startup Time": 0.579, "Actual Total Time": 2.712, "Actual Rows": 1224, "Actual Loops": 11, "Recheck Cond": "(movie_id = mk.movie_id)", "Rows Removed by Index Recheck": 0, "Exact Heap Blocks": 1166, "Lossy Heap Blocks": 1166, "Plans": [{"Node Type": "Bitmap Index Scan", "Parent Relationship": "Outer", "Index Name": "movie_id_cast_info", "Startup Cost": 0.0, "Total Cost": 0.42, "Plan Rows": 6, "Plan Width": 0, "Actual Startup Time": 0.364, "Actual Total Time": 0.364, "Actual Rows": 1224, "Actual Loops": 11, "Index Cond": "(movie_id = mk.movie_id)"}]}]}, {"Node Type": "Bitmap Heap Scan", "Parent Relationship": "Inner", "Relation Name": "name", "Alias": "n", "Startup Cost": 0.26, "Total Cost": 4.27, "Plan Rows": 1, "Plan Width": 19, "Actual Startup Time": 7.466, "Actual Total Time": 7.466, "Actual Rows": 6, "Actual Loops": 1224, "Recheck Cond": "(id = ci.person_id)", "Rows Removed by Index Recheck": 0, "Filter": "((name)::text ~~ '%Downey%Robert%'::text)", "Rows Removed by Filter": 1218, "Exact Heap Blocks": 1224, "Lossy Heap Blocks": 1224, "Plans": [{"Node Type": "Bitmap Index Scan", "Parent Relationship": "Outer", "Index Name": "name_pkey", "Startup Cost": 0.0, "Total Cost": 0.26, "Plan Rows": 1, "Plan Width": 0, "Actual Startup Time": 4.426, "Actual Total Time": 4.426, "Actual Rows": 1224, "Actual Loops": 1224, "Index Cond": "(id = ci.person_id)"}]}]}]}, "Triggers": [], "Planner Runtime": 5.916, "Total Runtime": 53.054, "Unique SQL Id": 4208751436}}, "(1, '7')": {"explain_plan": {"Plan": {"Node Type": "Aggregate", "Strategy": "Plain", "Startup Cost": 1000034676559.16, "Total Cost": 1000034676559.17, "Plan Rows": 1, "Plan Width": 144, "Plans": [{"Node Type": "Nested Loop", "Parent Relationship": "Outer", "Join Type": "Inner", "Startup Cost": 10000000001.2, "Total Cost": 1000034676559.15, "Plan Rows": 1, "Plan Width": 48, "Inner Unique": true, "Join Filter": "(mk.movie_id = t.id)", "Plans": [{"Node Type": "Nested Loop", "Parent Relationship": "Outer", "Join Type": "Inner", "Startup Cost": 10000000000.94, "Total Cost": 1000034676554.87, "Plan Rows": 1, "Plan Width": 39, "Inner Unique": true, "Plans": [{"Node Type": "Nested Loop", "Parent Relationship": "Outer", "Join Type": "Inner", "Startup Cost": 10000000000.68, "Total Cost": 1000034675689.4, "Plan Rows": 202, "Plan Width": 28, "Inner Unique": false, "Plans": [{"Node Type": "Nested Loop", "Parent Relationship": "Outer", "Join Type": "Inner", "Startup Cost": 10000000000.26, "Total Cost": 1000034675539.09, "Plan Rows": 33, "Plan Width": 20, "Inner Unique": true, "Plans": [{"Node Type": "Index Scan", "Parent Relationship": "Outer", "Scan Direction": "Forward", "Index Name": "movie_id_movie_keyword", "Relation Name": "movie_keyword", "Alias": "mk", "Startup Cost": 10000000000.0, "Total Cost": 1000015300634.17, "Plan Rows": 4523929, "Plan Width": 8}, {"Node Type": "Bitmap Heap Scan", "Parent Relationship": "Inner", "Relation Name": "keyword", "Alias": "k", "Startup Cost": 0.26, "Total Cost": 4.27, "Plan Rows": 1, "Plan Width": 20, "Recheck Cond": "(id = mk.keyword_id)", "Filter": "((keyword)::text = 'marvel-cinematic-universe'::text)", "Plans": [{"Node Type": "Bitmap Index Scan", "Parent Relationship": "Outer", "Index Name": "keyword_pkey", "Startup Cost": 0.0, "Total Cost": 0.26, "Plan Rows": 1, "Plan Width": 0, "Index Cond": "(id = mk.keyword_id)"}]}]}, {"Node Type": "Bitmap Heap Scan", "Parent Relationship": "Inner", "Relation Name": "cast_info", "Alias": "ci", "Startup Cost": 0.42, "Total Cost": 4.49, "Plan Rows": 6, "Plan Width": 8, "Recheck Cond": "(movie_id = mk.movie_id)", "Plans": [{"Node Type": "Bitmap Index Scan", "Parent Relationship": "Outer", "Index Name": "movie_id_cast_info", "Startup Cost": 0.0, "Total Cost": 0.42, "Plan Rows": 6, "Plan Width": 0, "Index Cond": "(movie_id = mk.movie_id)"}]}]}, {"Node Type": "Bitmap Heap Scan", "Parent Relationship": "Inner", "Relation Name": "name", "Alias": "n", "Startup Cost": 0.26, "Total Cost": 4.27, "Plan Rows": 1, "Plan Width": 19, "Recheck Cond": "(id = ci.person_id)", "Filter": "((name)::text ~~ '%Downey%Robert%'::text)", "Plans": [{"Node Type": "Bitmap Index Scan", "Parent Relationship": "Outer", "Index Name": "name_pkey", "Startup Cost": 0.0, "Total Cost": 0.26, "Plan Rows": 1, "Plan Width": 0, "Index Cond": "(id = ci.person_id)"}]}]}, {"Node Type": "Bitmap Heap Scan", "Parent Relationship": "Inner", "Relation Name": "title", "Alias": "t", "Startup Cost": 0.26, "Total Cost": 4.27, "Plan Rows": 1, "Plan Width": 21, "Recheck Cond": "(id = ci.movie_id)", "Filter": "(production_year > 2010)", "Plans": [{"Node Type": "Bitmap Index Scan", "Parent Relationship": "Outer", "Index Name": "title_pkey", "Startup Cost": 0.0, "Total Cost": 0.26, "Plan Rows": 1, "Plan Width": 0, "Index Cond": "(id = ci.movie_id)"}]}]}]}, "Unique SQL Id": 4208751436, "Planner Runtime": 2}, "explain_analyze_plan": null}, "(1, '8')": {"explain_plan": {"Plan": {"Node Type": "Aggregate", "Strategy": "Plain", "Startup Cost": 2657.42, "Total Cost": 2657.43, "Plan Rows": 1, "Plan Width": 144, "Plans": [{"Node Type": "Nested Loop", "Parent Relationship": "Outer", "Join Type": "Inner", "Startup Cost": 0.0, "Total Cost": 2657.41, "Plan Rows": 1, "Plan Width": 48, "Inner Unique": true, "Join Filter": "(mk.movie_id = t.id)", "Plans": [{"Node Type": "Nested Loop", "Parent Relationship": "Outer", "Join Type": "Inner", "Startup Cost": 0.0, "Total Cost": 2657.12, "Plan Rows": 1, "Plan Width": 39, "Inner Unique": true, "Plans": [{"Node Type": "Nested Loop", "Parent Relationship": "Outer", "Join Type": "Inner", "Startup Cost": 0.0, "Total Cost": 2598.56, "Plan Rows": 202, "Plan Width": 28, "Inner Unique": false, "Plans": [{"Node Type": "Nested Loop", "Parent Relationship": "Outer", "Join Type": "Inner", "Startup Cost": 0.0, "Total Cost": 2573.32, "Plan Rows": 33, "Plan Width": 20, "Inner Unique": false, "Plans": [{"Node Type": "Seq Scan", "Parent Relationship": "Outer", "Relation Name": "keyword", "Alias": "k", "Startup Cost": 0.0, "Total Cost": 2436.11, "Plan Rows": 1, "Plan Width": 20, "Filter": "((keyword)::text = 'marvel-cinematic-universe'::text)"}, {"Node Type": "Index Scan", "Parent Relationship": "Inner", "Scan Direction": "Forward", "Index Name": "keyword_id_movie_keyword", "Relation Name": "movie_keyword", "Alias": "mk", "Startup Cost": 0.0, "Total Cost": 136.88, "Plan Rows": 33, "Plan Width": 8, "Index Cond": "(keyword_id = k.id)"}]}, {"Node Type": "Index Scan", "Parent Relationship": "Inner", "Scan Direction": "Forward", "Index Name": "movie_id_cast_info", "Relation Name": "cast_info", "Alias": "ci", "Startup Cost": 0.0, "Total Cost": 0.7, "Plan Rows": 6, "Plan Width": 8, "Index Cond": "(movie_id = mk.movie_id)"}]}, {"Node Type": "Index Scan", "Parent Relationship": "Inner", "Scan Direction": "Forward", "Index Name": "name_pkey", "Relation Name": "name", "Alias": "n", "Startup Cost": 0.0, "Total Cost": 0.28, "Plan Rows": 1, "Plan Width": 19, "Index Cond": "(id = ci.person_id)", "Filter": "((name)::text ~~ '%Downey%Robert%'::text)"}]}, {"Node Type": "Index Scan", "Parent Relationship": "Inner", "Scan Direction": "Forward", "Index Name": "title_pkey", "Relation Name": "title", "Alias": "t", "Startup Cost": 0.0, "Total Cost": 0.28, "Plan Rows": 1, "Plan Width": 21, "Index Cond": "(id = ci.movie_id)", "Filter": "(production_year > 2010)"}]}]}, "Unique SQL Id": 4208751436, "Planner Runtime": 6}, "explain_analyze_plan": {"Plan": {"Node Type": "Aggregate", "Strategy": "Plain", "Startup Cost": 2657.42, "Total Cost": 2657.43, "Plan Rows": 1, "Plan Width": 144, "Actual Startup Time": 50.033, "Actual Total Time": 50.033, "Actual Rows": 1, "Actual Loops": 1, "Plans": [{"Node Type": "Nested Loop", "Parent Relationship": "Outer", "Join Type": "Inner", "Startup Cost": 0.0, "Total Cost": 2657.41, "Plan Rows": 1, "Plan Width": 48, "Actual Startup Time": 2.738, "Actual Total Time": 49.998, "Actual Rows": 6, "Actual Loops": 1, "Inner Unique": true, "Join Filter": "(mk.movie_id = t.id)", "Rows Removed by Join Filter": 0, "Plans": [{"Node Type": "Nested Loop", "Parent Relationship": "Outer", "Join Type": "Inner", "Startup Cost": 0.0, "Total Cost": 2657.12, "Plan Rows": 1, "Plan Width": 39, "Actual Startup Time": 2.722, "Actual Total Time": 49.943, "Actual Rows": 6, "Actual Loops": 1, "Inner Unique": true, "Plans": [{"Node Type": "Nested Loop", "Parent Relationship": "Outer", "Join Type": "Inner", "Startup Cost": 0.0, "Total Cost": 2598.56, "Plan Rows": 202, "Plan Width": 28, "Actual Startup Time": 1.069, "Actual Total Time": 42.909, "Actual Rows": 1242, "Actual Loops": 1, "Inner Unique": false, "Plans": [{"Node Type": "Nested Loop", "Parent Relationship": "Outer", "Join Type": "Inner", "Startup Cost": 0.0, "Total Cost": 2573.32, "Plan Rows": 33, "Plan Width": 20, "Actual Startup Time": 1.054, "Actual Total Time": 40.494, "Actual Rows": 14, "Actual Loops": 1, "Inner Unique": false, "Plans": [{"Node Type": "Seq Scan", "Parent Relationship": "Outer", "Relation Name": "keyword", "Alias": "k", "Startup Cost": 0.0, "Total Cost": 2436.11, "Plan Rows": 1, "Plan Width": 20, "Actual Startup Time": 1.034, "Actual Total Time": 40.443, "Actual Rows": 1, "Actual Loops": 1, "Filter": "((keyword)::text = 'marvel-cinematic-universe'::text)", "Rows Removed by Filter": 134168}, {"Node Type": "Index Scan", "Parent Relationship": "Inner", "Scan Direction": "Forward", "Index Name": "keyword_id_movie_keyword", "Relation Name": "movie_keyword", "Alias": "mk", "Startup Cost": 0.0, "Total Cost": 136.88, "Plan Rows": 33, "Plan Width": 8, "Actual Startup Time": 0.014, "Actual Total Time": 0.039, "Actual Rows": 14, "Actual Loops": 1, "Index Cond": "(keyword_id = k.id)", "Rows Removed by Index Recheck": 0}]}, {"Node Type": "Index Scan", "Parent Relationship": "Inner", "Scan Direction": "Forward", "Index Name": "movie_id_cast_info", "Relation Name": "cast_info", "Alias": "ci", "Startup Cost": 0.0, "Total Cost": 0.7, "Plan Rows": 6, "Plan Width": 8, "Actual Startup Time": 0.169, "Actual Total Time": 2.091, "Actual Rows": 1242, "Actual Loops": 14, "Index Cond": "(movie_id = mk.movie_id)", "Rows Removed by Index Recheck": 0}]}, {"Node Type": "Index Scan", "Parent Relationship": "Inner", "Scan Direction": "Forward", "Index Name": "name_pkey", "Relation Name": "name", "Alias": "n", "Startup Cost": 0.0, "Total Cost": 0.28, "Plan Rows": 1, "Plan Width": 19, "Actual Startup Time": 6.441, "Actual Total Time": 6.441, "Actual Rows": 6, "Actual Loops": 1242, "Index Cond": "(id = ci.person_id)", "Rows Removed by Index Recheck": 0, "Filter": "((name)::text ~~ '%Downey%Robert%'::text)", "Rows Removed by Filter": 1236}]}, {"Node Type": "Index Scan", "Parent Relationship": "Inner", "Scan Direction": "Forward", "Index Name": "title_pkey", "Relation Name": "title", "Alias": "t", "Startup Cost": 0.0, "Total Cost": 0.28, "Plan Rows": 1, "Plan Width": 21, "Actual Startup Time": 0.04, "Actual Total Time": 0.04, "Actual Rows": 6, "Actual Loops": 6, "Index Cond": "(id = ci.movie_id)", "Rows Removed by Index Recheck": 0, "Filter": "(production_year > 2010)", "Rows Removed by Filter": 0}]}]}, "Triggers": [], "Planner Runtime": 6.763, "Total Runtime": 50.265, "Unique SQL Id": 4208751436}}, "(1, '9')": {"explain_plan": {"Plan": {"Node Type": "Aggregate", "Strategy": "Plain", "Startup Cost": 3404.02, "Total Cost": 3404.03, "Plan Rows": 1, "Plan Width": 144, "Plans": [{"Node Type": "Nested Loop", "Parent Relationship": "Outer", "Join Type": "Inner", "Startup Cost": 0.0, "Total Cost": 3404.01, "Plan Rows": 1, "Plan Width": 48, "Inner Unique": true, "Join Filter": "(mk.movie_id = t.id)", "Plans": [{"Node Type": "Nested Loop", "Parent Relationship": "Outer", "Join Type": "Inner", "Startup Cost": 0.0, "Total Cost": 3403.72, "Plan Rows": 1, "Plan Width": 39, "Inner Unique": true, "Plans": [{"Node Type": "Nested Loop", "Parent Relationship": "Outer", "Join Type": "Inner", "Startup Cost": 0.0, "Total Cost": 3345.17, "Plan Rows": 202, "Plan Width": 28, "Inner Unique": false, "Plans": [{"Node Type": "Nested Loop", "Parent Relationship": "Outer", "Join Type": "Inner", "Startup Cost": 0.0, "Total Cost": 3319.92, "Plan Rows": 33, "Plan Width": 20, "Inner Unique": false, "Plans": [{"Node Type": "Index Scan", "Parent Relationship": "Outer", "Scan Direction": "Forward", "Index Name": "keyword_pkey", "Relation Name": "keyword", "Alias": "k", "Startup Cost": 0.0, "Total Cost": 3182.72, "Plan Rows": 1, "Plan Width": 20, "Filter": "((keyword)::text = 'marvel-cinematic-universe'::text)"}, {"Node Type": "Index Scan", "Parent Relationship": "Inner", "Scan Direction": "Forward", "Index Name": "keyword_id_movie_keyword", "Relation Name": "movie_keyword", "Alias": "mk", "Startup Cost": 0.0, "Total Cost": 136.88, "Plan Rows": 33, "Plan Width": 8, "Index Cond": "(keyword_id = k.id)"}]}, {"Node Type": "Index Scan", "Parent Relationship": "Inner", "Scan Direction": "Forward", "Index Name": "movie_id_cast_info", "Relation Name": "cast_info", "Alias": "ci", "Startup Cost": 0.0, "Total Cost": 0.7, "Plan Rows": 6, "Plan Width": 8, "Index Cond": "(movie_id = mk.movie_id)"}]}, {"Node Type": "Index Scan", "Parent Relationship": "Inner", "Scan Direction": "Forward", "Index Name": "name_pkey", "Relation Name": "name", "Alias": "n", "Startup Cost": 0.0, "Total Cost": 0.28, "Plan Rows": 1, "Plan Width": 19, "Index Cond": "(id = ci.person_id)", "Filter": "((name)::text ~~ '%Downey%Robert%'::text)"}]}, {"Node Type": "Index Scan", "Parent Relationship": "Inner", "Scan Direction": "Forward", "Index Name": "title_pkey", "Relation Name": "title", "Alias": "t", "Startup Cost": 0.0, "Total Cost": 0.28, "Plan Rows": 1, "Plan Width": 21, "Index Cond": "(id = ci.movie_id)", "Filter": "(production_year > 2010)"}]}]}, "Unique SQL Id": 4208751436, "Planner Runtime": 6}, "explain_analyze_plan": null}, "(1, '10')": {"explain_plan": {"Plan": {"Node Type": "Aggregate", "Strategy": "Plain", "Startup Cost": 986777.43, "Total Cost": 986777.44, "Plan Rows": 1, "Plan Width": 144, "Plans": [{"Node Type": "Nested Loop", "Parent Relationship": "Outer", "Join Type": "Inner", "Startup Cost": 144074.89, "Total Cost": 986776.36, "Plan Rows": 143, "Plan Width": 48, "Inner Unique": false, "Join Filter": "(ci.person_id = n.id)", "Plans": [{"Node Type": "Seq Scan", "Parent Relationship": "Outer", "Relation Name": "name", "Alias": "n", "Startup Cost": 0.0, "Total Cost": 103490.62, "Plan Rows": 415, "Plan Width": 19, "Filter": "((name)::text ~~ '%Downey%Robert%'::text)"}, {"Node Type": "Materialize", "Parent Relationship": "Inner", "Startup Cost": 144074.89, "Total Cost": 881929.23, "Plan Rows": 218, "Plan Width": 37, "Plans": [{"Node Type": "Hash Join", "Parent Relationship": "Outer", "Join Type": "Inner", "Startup Cost": 144074.89, "Total Cost": 881928.14, "Plan Rows": 218, "Plan Width": 37, "Inner Unique": false, "Hash Cond": "(ci.movie_id = t.id)", "Plans": [{"Node Type": "Seq Scan", "Parent Relationship": "Outer", "Relation Name": "cast_info", "Alias": "ci", "Startup Cost": 0.0, "Total Cost": 601877.94, "Plan Rows": 36259494, "Plan Width": 8}, {"Node Type": "Hash", "Parent Relationship": "Inner", "Startup Cost": 144074.44, "Total Cost": 144074.44, "Plan Rows": 36, "Plan Width": 41, "Plans": [{"Node Type": "Hash Join", "Parent Relationship": "Outer", "Join Type": "Inner", "Startup Cost": 76216.26, "Total Cost": 144074.44, "Plan Rows": 36, "Plan Width": 41, "Inner Unique": false, "Hash Cond": "(t.id = mk.movie_id)", "Plans": [{"Node Type": "Seq Scan", "Parent Relationship": "Outer", "Relation Name": "title", "Alias": "t", "Startup Cost": 0.0, "Total Cost": 66389.89, "Plan Rows": 391451, "Plan Width": 21, "Filter": "(production_year > 2010), (LLVM Optimized)"}, {"Node Type": "Hash", "Parent Relationship": "Inner", "Startup Cost": 76215.84, "Total Cost": 76215.84, "Plan Rows": 33, "Plan Width": 20, "Plans": [{"Node Type": "Hash Join", "Parent Relationship": "Outer", "Join Type": "Inner", "Startup Cost": 2436.12, "Total Cost": 76215.84, "Plan Rows": 33, "Plan Width": 20, "Inner Unique": true, "Hash Cond": "(mk.keyword_id = k.id)", "Plans": [{"Node Type": "Seq Scan", "Parent Relationship": "Outer", "Relation Name": "movie_keyword", "Alias": "mk", "Startup Cost": 0.0, "Total Cost": 62441.29, "Plan Rows": 4523929, "Plan Width": 8}, {"Node Type": "Hash", "Parent Relationship": "Inner", "Startup Cost": 2436.11, "Total Cost": 2436.11, "Plan Rows": 1, "Plan Width": 20, "Plans": [{"Node Type": "Seq Scan", "Parent Relationship": "Outer", "Relation Name": "keyword", "Alias": "k", "Startup Cost": 0.0, "Total Cost": 2436.11, "Plan Rows": 1, "Plan Width": 20, "Filter": "((keyword)::text = 'marvel-cinematic-universe'::text)"}]}]}]}]}]}]}]}]}]}, "Unique SQL Id": 4208751436, "Planner Runtime": 8}, "explain_analyze_plan": null}, "(1, '11')": {"explain_plan": {"Plan": {"Node Type": "Aggregate", "Strategy": "Plain", "Startup Cost": 4973004114307.04, "Total Cost": 4973004114307.05, "Plan Rows": 1, "Plan Width": 144, "Plans": [{"Node Type": "Merge Join", "Parent Relationship": "Outer", "Join Type": "Inner", "Startup Cost": 50152554249.12, "Total Cost": 4973004114305.4, "Plan Rows": 218, "Plan Width": 48, "Inner Unique": true, "Merge Cond": "(mk.movie_id = t.id)", "Plans": [{"Node Type": "Nested Loop", "Parent Relationship": "Outer", "Join Type": "Inner", "Startup Cost": 40031158317.15, "Total Cost": 3973963636653.18, "Plan Rows": 202, "Plan Width": 39, "Inner Unique": false, "Join Filter": "(ci.movie_id = mk.movie_id)", "Plans": [{"Node Type": "Nested Loop", "Parent Relationship": "Outer", "Join Type": "Inner", "Startup Cost": 20000000000.0, "Total Cost": 2000015686764.79, "Plan Rows": 33, "Plan Width": 20, "Inner Unique": true, "Join Filter": "(k.id = mk.keyword_id)", "Plans": [{"Node Type": "Index Scan", "Parent Relationship": "Outer", "Scan Direction": "Forward", "Index Name": "movie_id_movie_keyword", "Relation Name": "movie_keyword", "Alias": "mk", "Startup Cost": 10000000000.0, "Total Cost": 1000015300634.17, "Plan Rows": 4523929, "Plan Width": 8}, {"Node Type": "Materialize", "Parent Relationship": "Inner", "Startup Cost": 10000000000.0, "Total Cost": 1000000318271.69, "Plan Rows": 1, "Plan Width": 20, "Plans": [{"Node Type": "Index Scan", "Parent Relationship": "Outer", "Scan Direction": "Forward", "Index Name": "keyword_pkey", "Relation Name": "keyword", "Alias": "k", "Startup Cost": 10000000000.0, "Total Cost": 1000000318271.68, "Plan Rows": 1, "Plan Width": 20, "Filter": "((keyword)::text = 'marvel-cinematic-universe'::text)"}]}]}, {"Node Type": "Materialize", "Parent Relationship": "Inner", "Startup Cost": 20031158317.15, "Total Cost": 1973947946184.79, "Plan Rows": 7520, "Plan Width": 19, "Plans": [{"Node Type": "Merge Join", "Parent Relationship": "Outer", "Join Type": "Inner", "Startup Cost": 20031158317.15, "Total Cost": 1973947946147.19, "Plan Rows": 7520, "Plan Width": 19, "Inner Unique": true, "Merge Cond": "(ci.person_id = n.id)", "Plans": [{"Node Type": "Index Scan", "Parent Relationship": "Outer", "Scan Direction": "Forward", "Index Name": "person_id_cast_info", "Relation Name": "cast_info", "Alias": "ci", "Startup Cost": 10000000000.0, "Total Cost": 1000170648833.21, "Plan Rows": 36259494, "Plan Width": 8}, {"Node Type": "Materialize", "Parent Relationship": "Inner", "Startup Cost": 10000000000.0, "Total Cost": 1000018665148.24, "Plan Rows": 415, "Plan Width": 19, "Plans": [{"Node Type": "Index Scan", "Parent Relationship": "Outer", "Scan Direction": "Forward", "Index Name": "name_pkey", "Relation Name": "name", "Alias": "n", "Startup Cost": 10000000000.0, "Total Cost": 1000018665147.2, "Plan Rows": 415, "Plan Width": 19, "Filter": "((name)::text ~~ '%Downey%Robert%'::text)"}]}]}]}]}, {"Node Type": "Index Scan", "Parent Relationship": "Inner", "Scan Direction": "Forward", "Index Name": "title_pkey", "Relation Name": "title", "Alias": "t", "Startup Cost": 10000000000.0, "Total Cost": 1000011644126.66, "Plan Rows": 391451, "Plan Width": 21, "Filter": "(production_year > 2010), (LLVM Optimized)"}]}]}, "Unique SQL Id": 4208751436, "Planner Runtime": 8}, "explain_analyze_plan": null}, "(1, '12')": {"explain_plan": {"Plan": {"Node Type": "Aggregate", "Strategy": "Plain", "Startup Cost": 2657.42, "Total Cost": 2657.43, "Plan Rows": 1, "Plan Width": 144, "Plans": [{"Node Type": "Nested Loop", "Parent Relationship": "Outer", "Join Type": "Inner", "Startup Cost": 0.0, "Total Cost": 2657.41, "Plan Rows": 1, "Plan Width": 48, "Inner Unique": true, "Join Filter": "(mk.movie_id = t.id)", "Plans": [{"Node Type": "Nested Loop", "Parent Relationship": "Outer", "Join Type": "Inner", "Startup Cost": 0.0, "Total Cost": 2657.12, "Plan Rows": 1, "Plan Width": 39, "Inner Unique": true, "Plans": [{"Node Type": "Nested Loop", "Parent Relationship": "Outer", "Join Type": "Inner", "Startup Cost": 0.0, "Total Cost": 2598.56, "Plan Rows": 202, "Plan Width": 28, "Inner Unique": false, "Plans": [{"Node Type": "Nested Loop", "Parent Relationship": "Outer", "Join Type": "Inner", "Startup Cost": 0.0, "Total Cost": 2573.32, "Plan Rows": 33, "Plan Width": 20, "Inner Unique": false, "Plans": [{"Node Type": "Seq Scan", "Parent Relationship": "Outer", "Relation Name": "keyword", "Alias": "k", "Startup Cost": 0.0, "Total Cost": 2436.11, "Plan Rows": 1, "Plan Width": 20, "Filter": "((keyword)::text = 'marvel-cinematic-universe'::text)"}, {"Node Type": "Index Scan", "Parent Relationship": "Inner", "Scan Direction": "Forward", "Index Name": "keyword_id_movie_keyword", "Relation Name": "movie_keyword", "Alias": "mk", "Startup Cost": 0.0, "Total Cost": 136.88, "Plan Rows": 33, "Plan Width": 8, "Index Cond": "(keyword_id = k.id)"}]}, {"Node Type": "Index Scan", "Parent Relationship": "Inner", "Scan Direction": "Forward", "Index Name": "movie_id_cast_info", "Relation Name": "cast_info", "Alias": "ci", "Startup Cost": 0.0, "Total Cost": 0.7, "Plan Rows": 6, "Plan Width": 8, "Index Cond": "(movie_id = mk.movie_id)"}]}, {"Node Type": "Index Scan", "Parent Relationship": "Inner", "Scan Direction": "Forward", "Index Name": "name_pkey", "Relation Name": "name", "Alias": "n", "Startup Cost": 0.0, "Total Cost": 0.28, "Plan Rows": 1, "Plan Width": 19, "Index Cond": "(id = ci.person_id)", "Filter": "((name)::text ~~ '%Downey%Robert%'::text)"}]}, {"Node Type": "Index Scan", "Parent Relationship": "Inner", "Scan Direction": "Forward", "Index Name": "title_pkey", "Relation Name": "title", "Alias": "t", "Startup Cost": 0.0, "Total Cost": 0.28, "Plan Rows": 1, "Plan Width": 21, "Index Cond": "(id = ci.movie_id)", "Filter": "(production_year > 2010)"}]}]}, "Unique SQL Id": 4208751436, "Planner Runtime": 7}, "explain_analyze_plan": {"Plan": {"Node Type": "Aggregate", "Strategy": "Plain", "Startup Cost": 2657.42, "Total Cost": 2657.43, "Plan Rows": 1, "Plan Width": 144, "Actual Startup Time": 50.033, "Actual Total Time": 50.033, "Actual Rows": 1, "Actual Loops": 1, "Plans": [{"Node Type": "Nested Loop", "Parent Relationship": "Outer", "Join Type": "Inner", "Startup Cost": 0.0, "Total Cost": 2657.41, "Plan Rows": 1, "Plan Width": 48, "Actual Startup Time": 2.738, "Actual Total Time": 49.998, "Actual Rows": 6, "Actual Loops": 1, "Inner Unique": true, "Join Filter": "(mk.movie_id = t.id)", "Rows Removed by Join Filter": 0, "Plans": [{"Node Type": "Nested Loop", "Parent Relationship": "Outer", "Join Type": "Inner", "Startup Cost": 0.0, "Total Cost": 2657.12, "Plan Rows": 1, "Plan Width": 39, "Actual Startup Time": 2.722, "Actual Total Time": 49.943, "Actual Rows": 6, "Actual Loops": 1, "Inner Unique": true, "Plans": [{"Node Type": "Nested Loop", "Parent Relationship": "Outer", "Join Type": "Inner", "Startup Cost": 0.0, "Total Cost": 2598.56, "Plan Rows": 202, "Plan Width": 28, "Actual Startup Time": 1.069, "Actual Total Time": 42.909, "Actual Rows": 1242, "Actual Loops": 1, "Inner Unique": false, "Plans": [{"Node Type": "Nested Loop", "Parent Relationship": "Outer", "Join Type": "Inner", "Startup Cost": 0.0, "Total Cost": 2573.32, "Plan Rows": 33, "Plan Width": 20, "Actual Startup Time": 1.054, "Actual Total Time": 40.494, "Actual Rows": 14, "Actual Loops": 1, "Inner Unique": false, "Plans": [{"Node Type": "Seq Scan", "Parent Relationship": "Outer", "Relation Name": "keyword", "Alias": "k", "Startup Cost": 0.0, "Total Cost": 2436.11, "Plan Rows": 1, "Plan Width": 20, "Actual Startup Time": 1.034, "Actual Total Time": 40.443, "Actual Rows": 1, "Actual Loops": 1, "Filter": "((keyword)::text = 'marvel-cinematic-universe'::text)", "Rows Removed by Filter": 134168}, {"Node Type": "Index Scan", "Parent Relationship": "Inner", "Scan Direction": "Forward", "Index Name": "keyword_id_movie_keyword", "Relation Name": "movie_keyword", "Alias": "mk", "Startup Cost": 0.0, "Total Cost": 136.88, "Plan Rows": 33, "Plan Width": 8, "Actual Startup Time": 0.014, "Actual Total Time": 0.039, "Actual Rows": 14, "Actual Loops": 1, "Index Cond": "(keyword_id = k.id)", "Rows Removed by Index Recheck": 0}]}, {"Node Type": "Index Scan", "Parent Relationship": "Inner", "Scan Direction": "Forward", "Index Name": "movie_id_cast_info", "Relation Name": "cast_info", "Alias": "ci", "Startup Cost": 0.0, "Total Cost": 0.7, "Plan Rows": 6, "Plan Width": 8, "Actual Startup Time": 0.169, "Actual Total Time": 2.091, "Actual Rows": 1242, "Actual Loops": 14, "Index Cond": "(movie_id = mk.movie_id)", "Rows Removed by Index Recheck": 0}]}, {"Node Type": "Index Scan", "Parent Relationship": "Inner", "Scan Direction": "Forward", "Index Name": "name_pkey", "Relation Name": "name", "Alias": "n", "Startup Cost": 0.0, "Total Cost": 0.28, "Plan Rows": 1, "Plan Width": 19, "Actual Startup Time": 6.441, "Actual Total Time": 6.441, "Actual Rows": 6, "Actual Loops": 1242, "Index Cond": "(id = ci.person_id)", "Rows Removed by Index Recheck": 0, "Filter": "((name)::text ~~ '%Downey%Robert%'::text)", "Rows Removed by Filter": 1236}]}, {"Node Type": "Index Scan", "Parent Relationship": "Inner", "Scan Direction": "Forward", "Index Name": "title_pkey", "Relation Name": "title", "Alias": "t", "Startup Cost": 0.0, "Total Cost": 0.28, "Plan Rows": 1, "Plan Width": 21, "Actual Startup Time": 0.04, "Actual Total Time": 0.04, "Actual Rows": 6, "Actual Loops": 6, "Index Cond": "(id = ci.movie_id)", "Rows Removed by Index Recheck": 0, "Filter": "(production_year > 2010)", "Rows Removed by Filter": 0}]}]}, "Triggers": [], "Planner Runtime": 6.763, "Total Runtime": 50.265, "Unique SQL Id": 4208751436}}, "(1, '13')": {"explain_plan": {"Plan": {"Node Type": "Aggregate", "Strategy": "Plain", "Startup Cost": 3404.02, "Total Cost": 3404.03, "Plan Rows": 1, "Plan Width": 144, "Plans": [{"Node Type": "Nested Loop", "Parent Relationship": "Outer", "Join Type": "Inner", "Startup Cost": 0.0, "Total Cost": 3404.01, "Plan Rows": 1, "Plan Width": 48, "Inner Unique": true, "Join Filter": "(mk.movie_id = t.id)", "Plans": [{"Node Type": "Nested Loop", "Parent Relationship": "Outer", "Join Type": "Inner", "Startup Cost": 0.0, "Total Cost": 3403.72, "Plan Rows": 1, "Plan Width": 39, "Inner Unique": true, "Plans": [{"Node Type": "Nested Loop", "Parent Relationship": "Outer", "Join Type": "Inner", "Startup Cost": 0.0, "Total Cost": 3345.17, "Plan Rows": 202, "Plan Width": 28, "Inner Unique": false, "Plans": [{"Node Type": "Nested Loop", "Parent Relationship": "Outer", "Join Type": "Inner", "Startup Cost": 0.0, "Total Cost": 3319.92, "Plan Rows": 33, "Plan Width": 20, "Inner Unique": false, "Plans": [{"Node Type": "Index Scan", "Parent Relationship": "Outer", "Scan Direction": "Forward", "Index Name": "keyword_pkey", "Relation Name": "keyword", "Alias": "k", "Startup Cost": 0.0, "Total Cost": 3182.72, "Plan Rows": 1, "Plan Width": 20, "Filter": "((keyword)::text = 'marvel-cinematic-universe'::text)"}, {"Node Type": "Index Scan", "Parent Relationship": "Inner", "Scan Direction": "Forward", "Index Name": "keyword_id_movie_keyword", "Relation Name": "movie_keyword", "Alias": "mk", "Startup Cost": 0.0, "Total Cost": 136.88, "Plan Rows": 33, "Plan Width": 8, "Index Cond": "(keyword_id = k.id)"}]}, {"Node Type": "Index Scan", "Parent Relationship": "Inner", "Scan Direction": "Forward", "Index Name": "movie_id_cast_info", "Relation Name": "cast_info", "Alias": "ci", "Startup Cost": 0.0, "Total Cost": 0.7, "Plan Rows": 6, "Plan Width": 8, "Index Cond": "(movie_id = mk.movie_id)"}]}, {"Node Type": "Index Scan", "Parent Relationship": "Inner", "Scan Direction": "Forward", "Index Name": "name_pkey", "Relation Name": "name", "Alias": "n", "Startup Cost": 0.0, "Total Cost": 0.28, "Plan Rows": 1, "Plan Width": 19, "Index Cond": "(id = ci.person_id)", "Filter": "((name)::text ~~ '%Downey%Robert%'::text)"}]}, {"Node Type": "Index Scan", "Parent Relationship": "Inner", "Scan Direction": "Forward", "Index Name": "title_pkey", "Relation Name": "title", "Alias": "t", "Startup Cost": 0.0, "Total Cost": 0.28, "Plan Rows": 1, "Plan Width": 21, "Index Cond": "(id = ci.movie_id)", "Filter": "(production_year > 2010)"}]}]}, "Unique SQL Id": 4208751436, "Planner Runtime": 6}, "explain_analyze_plan": null}, "(1, '14')": {"explain_plan": {"Plan": {"Node Type": "Aggregate", "Strategy": "Plain", "Startup Cost": 986777.43, "Total Cost": 986777.44, "Plan Rows": 1, "Plan Width": 144, "Plans": [{"Node Type": "Nested Loop", "Parent Relationship": "Outer", "Join Type": "Inner", "Startup Cost": 144074.89, "Total Cost": 986776.36, "Plan Rows": 143, "Plan Width": 48, "Inner Unique": false, "Join Filter": "(ci.person_id = n.id)", "Plans": [{"Node Type": "Seq Scan", "Parent Relationship": "Outer", "Relation Name": "name", "Alias": "n", "Startup Cost": 0.0, "Total Cost": 103490.62, "Plan Rows": 415, "Plan Width": 19, "Filter": "((name)::text ~~ '%Downey%Robert%'::text)"}, {"Node Type": "Materialize", "Parent Relationship": "Inner", "Startup Cost": 144074.89, "Total Cost": 881929.23, "Plan Rows": 218, "Plan Width": 37, "Plans": [{"Node Type": "Hash Join", "Parent Relationship": "Outer", "Join Type": "Inner", "Startup Cost": 144074.89, "Total Cost": 881928.14, "Plan Rows": 218, "Plan Width": 37, "Inner Unique": false, "Hash Cond": "(ci.movie_id = t.id)", "Plans": [{"Node Type": "Seq Scan", "Parent Relationship": "Outer", "Relation Name": "cast_info", "Alias": "ci", "Startup Cost": 0.0, "Total Cost": 601877.94, "Plan Rows": 36259494, "Plan Width": 8}, {"Node Type": "Hash", "Parent Relationship": "Inner", "Startup Cost": 144074.44, "Total Cost": 144074.44, "Plan Rows": 36, "Plan Width": 41, "Plans": [{"Node Type": "Hash Join", "Parent Relationship": "Outer", "Join Type": "Inner", "Startup Cost": 76216.26, "Total Cost": 144074.44, "Plan Rows": 36, "Plan Width": 41, "Inner Unique": false, "Hash Cond": "(t.id = mk.movie_id)", "Plans": [{"Node Type": "Seq Scan", "Parent Relationship": "Outer", "Relation Name": "title", "Alias": "t", "Startup Cost": 0.0, "Total Cost": 66389.89, "Plan Rows": 391451, "Plan Width": 21, "Filter": "(production_year > 2010), (LLVM Optimized)"}, {"Node Type": "Hash", "Parent Relationship": "Inner", "Startup Cost": 76215.84, "Total Cost": 76215.84, "Plan Rows": 33, "Plan Width": 20, "Plans": [{"Node Type": "Hash Join", "Parent Relationship": "Outer", "Join Type": "Inner", "Startup Cost": 2436.12, "Total Cost": 76215.84, "Plan Rows": 33, "Plan Width": 20, "Inner Unique": true, "Hash Cond": "(mk.keyword_id = k.id)", "Plans": [{"Node Type": "Seq Scan", "Parent Relationship": "Outer", "Relation Name": "movie_keyword", "Alias": "mk", "Startup Cost": 0.0, "Total Cost": 62441.29, "Plan Rows": 4523929, "Plan Width": 8}, {"Node Type": "Hash", "Parent Relationship": "Inner", "Startup Cost": 2436.11, "Total Cost": 2436.11, "Plan Rows": 1, "Plan Width": 20, "Plans": [{"Node Type": "Seq Scan", "Parent Relationship": "Outer", "Relation Name": "keyword", "Alias": "k", "Startup Cost": 0.0, "Total Cost": 2436.11, "Plan Rows": 1, "Plan Width": 20, "Filter": "((keyword)::text = 'marvel-cinematic-universe'::text)"}]}]}]}]}]}]}]}]}]}, "Unique SQL Id": 4208751436, "Planner Runtime": 8}, "explain_analyze_plan": null}, "(1, '15')": {"explain_plan": {"Plan": {"Node Type": "Aggregate", "Strategy": "Plain", "Startup Cost": 4973004114307.04, "Total Cost": 4973004114307.05, "Plan Rows": 1, "Plan Width": 144, "Plans": [{"Node Type": "Merge Join", "Parent Relationship": "Outer", "Join Type": "Inner", "Startup Cost": 50152554249.12, "Total Cost": 4973004114305.4, "Plan Rows": 218, "Plan Width": 48, "Inner Unique": true, "Merge Cond": "(mk.movie_id = t.id)", "Plans": [{"Node Type": "Nested Loop", "Parent Relationship": "Outer", "Join Type": "Inner", "Startup Cost": 40031158317.15, "Total Cost": 3973963636653.18, "Plan Rows": 202, "Plan Width": 39, "Inner Unique": false, "Join Filter": "(ci.movie_id = mk.movie_id)", "Plans": [{"Node Type": "Nested Loop", "Parent Relationship": "Outer", "Join Type": "Inner", "Startup Cost": 20000000000.0, "Total Cost": 2000015686764.79, "Plan Rows": 33, "Plan Width": 20, "Inner Unique": true, "Join Filter": "(k.id = mk.keyword_id)", "Plans": [{"Node Type": "Index Scan", "Parent Relationship": "Outer", "Scan Direction": "Forward", "Index Name": "movie_id_movie_keyword", "Relation Name": "movie_keyword", "Alias": "mk", "Startup Cost": 10000000000.0, "Total Cost": 1000015300634.17, "Plan Rows": 4523929, "Plan Width": 8}, {"Node Type": "Materialize", "Parent Relationship": "Inner", "Startup Cost": 10000000000.0, "Total Cost": 1000000318271.69, "Plan Rows": 1, "Plan Width": 20, "Plans": [{"Node Type": "Index Scan", "Parent Relationship": "Outer", "Scan Direction": "Forward", "Index Name": "keyword_pkey", "Relation Name": "keyword", "Alias": "k", "Startup Cost": 10000000000.0, "Total Cost": 1000000318271.68, "Plan Rows": 1, "Plan Width": 20, "Filter": "((keyword)::text = 'marvel-cinematic-universe'::text)"}]}]}, {"Node Type": "Materialize", "Parent Relationship": "Inner", "Startup Cost": 20031158317.15, "Total Cost": 1973947946184.79, "Plan Rows": 7520, "Plan Width": 19, "Plans": [{"Node Type": "Merge Join", "Parent Relationship": "Outer", "Join Type": "Inner", "Startup Cost": 20031158317.15, "Total Cost": 1973947946147.19, "Plan Rows": 7520, "Plan Width": 19, "Inner Unique": true, "Merge Cond": "(ci.person_id = n.id)", "Plans": [{"Node Type": "Index Scan", "Parent Relationship": "Outer", "Scan Direction": "Forward", "Index Name": "person_id_cast_info", "Relation Name": "cast_info", "Alias": "ci", "Startup Cost": 10000000000.0, "Total Cost": 1000170648833.21, "Plan Rows": 36259494, "Plan Width": 8}, {"Node Type": "Materialize", "Parent Relationship": "Inner", "Startup Cost": 10000000000.0, "Total Cost": 1000018665148.24, "Plan Rows": 415, "Plan Width": 19, "Plans": [{"Node Type": "Index Scan", "Parent Relationship": "Outer", "Scan Direction": "Forward", "Index Name": "name_pkey", "Relation Name": "name", "Alias": "n", "Startup Cost": 10000000000.0, "Total Cost": 1000018665147.2, "Plan Rows": 415, "Plan Width": 19, "Filter": "((name)::text ~~ '%Downey%Robert%'::text)"}]}]}]}]}, {"Node Type": "Index Scan", "Parent Relationship": "Inner", "Scan Direction": "Forward", "Index Name": "title_pkey", "Relation Name": "title", "Alias": "t", "Startup Cost": 10000000000.0, "Total Cost": 1000011644126.66, "Plan Rows": 391451, "Plan Width": 21, "Filter": "(production_year > 2010), (LLVM Optimized)"}]}]}, "Unique SQL Id": 4208751436, "Planner Runtime": 7}, "explain_analyze_plan": null}, "(1, '16')": {"explain_plan": {"Plan": {"Node Type": "Aggregate", "Strategy": "Plain", "Startup Cost": 2653.12, "Total Cost": 2653.13, "Plan Rows": 1, "Plan Width": 144, "Plans": [{"Node Type": "Nested Loop", "Parent Relationship": "Outer", "Join Type": "Inner", "Startup Cost": 4.51, "Total Cost": 2653.12, "Plan Rows": 1, "Plan Width": 48, "Inner Unique": true, "Join Filter": "(mk.movie_id = t.id)", "Plans": [{"Node Type": "Nested Loop", "Parent Relationship": "Outer", "Join Type": "Inner", "Startup Cost": 4.51, "Total Cost": 2652.83, "Plan Rows": 1, "Plan Width": 39, "Inner Unique": true, "Plans": [{"Node Type": "Nested Loop", "Parent Relationship": "Outer", "Join Type": "Inner", "Startup Cost": 4.51, "Total Cost": 2594.27, "Plan Rows": 202, "Plan Width": 28, "Inner Unique": false, "Plans": [{"Node Type": "Nested Loop", "Parent Relationship": "Outer", "Join Type": "Inner", "Startup Cost": 4.51, "Total Cost": 2569.02, "Plan Rows": 33, "Plan Width": 20, "Inner Unique": false, "Plans": [{"Node Type": "Seq Scan", "Parent Relationship": "Outer", "Relation Name": "keyword", "Alias": "k", "Startup Cost": 0.0, "Total Cost": 2436.11, "Plan Rows": 1, "Plan Width": 20, "Filter": "((keyword)::text = 'marvel-cinematic-universe'::text)"}, {"Node Type": "Bitmap Heap Scan", "Parent Relationship": "Inner", "Relation Name": "movie_keyword", "Alias": "mk", "Startup Cost": 4.51, "Total Cost": 132.58, "Plan Rows": 33, "Plan Width": 8, "Recheck Cond": "(keyword_id = k.id)", "Plans": [{"Node Type": "Bitmap Index Scan", "Parent Relationship": "Outer", "Index Name": "keyword_id_movie_keyword", "Startup Cost": 0.0, "Total Cost": 4.5, "Plan Rows": 33, "Plan Width": 0, "Index Cond": "(keyword_id = k.id)"}]}]}, {"Node Type": "Index Scan", "Parent Relationship": "Inner", "Scan Direction": "Forward", "Index Name": "movie_id_cast_info", "Relation Name": "cast_info", "Alias": "ci", "Startup Cost": 0.0, "Total Cost": 0.7, "Plan Rows": 6, "Plan Width": 8, "Index Cond": "(movie_id = mk.movie_id)"}]}, {"Node Type": "Index Scan", "Parent Relationship": "Inner", "Scan Direction": "Forward", "Index Name": "name_pkey", "Relation Name": "name", "Alias": "n", "Startup Cost": 0.0, "Total Cost": 0.28, "Plan Rows": 1, "Plan Width": 19, "Index Cond": "(id = ci.person_id)", "Filter": "((name)::text ~~ '%Downey%Robert%'::text)"}]}, {"Node Type": "Index Scan", "Parent Relationship": "Inner", "Scan Direction": "Forward", "Index Name": "title_pkey", "Relation Name": "title", "Alias": "t", "Startup Cost": 0.0, "Total Cost": 0.28, "Plan Rows": 1, "Plan Width": 21, "Index Cond": "(id = ci.movie_id)", "Filter": "(production_year > 2010)"}]}]}, "Unique SQL Id": 4208751436, "Planner Runtime": 6}, "explain_analyze_plan": {"Plan": {"Node Type": "Aggregate", "Strategy": "Plain", "Startup Cost": 2653.12, "Total Cost": 2653.13, "Plan Rows": 1, "Plan Width": 144, "Actual Startup Time": 50.116, "Actual Total Time": 50.116, "Actual Rows": 1, "Actual Loops": 1, "Plans": [{"Node Type": "Nested Loop", "Parent Relationship": "Outer", "Join Type": "Inner", "Startup Cost": 4.51, "Total Cost": 2653.12, "Plan Rows": 1, "Plan Width": 48, "Actual Startup Time": 2.78, "Actual Total Time": 50.084, "Actual Rows": 6, "Actual Loops": 1, "Inner Unique": true, "Join Filter": "(mk.movie_id = t.id)", "Rows Removed by Join Filter": 0, "Plans": [{"Node Type": "Nested Loop", "Parent Relationship": "Outer", "Join Type": "Inner", "Startup Cost": 4.51, "Total Cost": 2652.83, "Plan Rows": 1, "Plan Width": 39, "Actual Startup Time": 2.763, "Actual Total Time": 50.032, "Actual Rows": 6, "Actual Loops": 1, "Inner Unique": true, "Plans": [{"Node Type": "Nested Loop", "Parent Relationship": "Outer", "Join Type": "Inner", "Startup Cost": 4.51, "Total Cost": 2594.27, "Plan Rows": 202, "Plan Width": 28, "Actual Startup Time": 1.106, "Actual Total Time": 42.984, "Actual Rows": 1242, "Actual Loops": 1, "Inner Unique": false, "Plans": [{"Node Type": "Nested Loop", "Parent Relationship": "Outer", "Join Type": "Inner", "Startup Cost": 4.51, "Total Cost": 2569.02, "Plan Rows": 33, "Plan Width": 20, "Actual Startup Time": 1.089, "Actual Total Time": 40.586, "Actual Rows": 14, "Actual Loops": 1, "Inner Unique": false, "Plans": [{"Node Type": "Seq Scan", "Parent Relationship": "Outer", "Relation Name": "keyword", "Alias": "k", "Startup Cost": 0.0, "Total Cost": 2436.11, "Plan Rows": 1, "Plan Width": 20, "Actual Startup Time": 1.052, "Actual Total Time": 40.505, "Actual Rows": 1, "Actual Loops": 1, "Filter": "((keyword)::text = 'marvel-cinematic-universe'::text)", "Rows Removed by Filter": 134168}, {"Node Type": "Bitmap Heap Scan", "Parent Relationship": "Inner", "Relation Name": "movie_keyword", "Alias": "mk", "Startup Cost": 4.51, "Total Cost": 132.58, "Plan Rows": 33, "Plan Width": 8, "Actual Startup Time": 0.03, "Actual Total Time": 0.064, "Actual Rows": 14, "Actual Loops": 1, "Recheck Cond": "(keyword_id = k.id)", "Rows Removed by Index Recheck": 0, "Exact Heap Blocks": 13, "Lossy Heap Blocks": 13, "Plans": [{"Node Type": "Bitmap Index Scan", "Parent Relationship": "Outer", "Index Name": "keyword_id_movie_keyword", "Startup Cost": 0.0, "Total Cost": 4.5, "Plan Rows": 33, "Plan Width": 0, "Actual Startup Time": 0.018, "Actual Total Time": 0.018, "Actual Rows": 14, "Actual Loops": 1, "Index Cond": "(keyword_id = k.id)"}]}]}, {"Node Type": "Index Scan", "Parent Relationship": "Inner", "Scan Direction": "Forward", "Index Name": "movie_id_cast_info", "Relation Name": "cast_info", "Alias": "ci", "Startup Cost": 0.0, "Total Cost": 0.7, "Plan Rows": 6, "Plan Width": 8, "Actual Startup Time": 0.178, "Actual Total Time": 2.086, "Actual Rows": 1242, "Actual Loops": 14, "Index Cond": "(movie_id = mk.movie_id)", "Rows Removed by Index Recheck": 0}]}, {"Node Type": "Index Scan", "Parent Relationship": "Inner", "Scan Direction": "Forward", "Index Name": "name_pkey", "Relation Name": "name", "Alias": "n", "Startup Cost": 0.0, "Total Cost": 0.28, "Plan Rows": 1, "Plan Width": 19, "Actual Startup Time": 6.418, "Actual Total Time": 6.418, "Actual Rows": 6, "Actual Loops": 1242, "Index Cond": "(id = ci.person_id)", "Rows Removed by Index Recheck": 0, "Filter": "((name)::text ~~ '%Downey%Robert%'::text)", "Rows Removed by Filter": 1236}]}, {"Node Type": "Index Scan", "Parent Relationship": "Inner", "Scan Direction": "Forward", "Index Name": "title_pkey", "Relation Name": "title", "Alias": "t", "Startup Cost": 0.0, "Total Cost": 0.28, "Plan Rows": 1, "Plan Width": 21, "Actual Startup Time": 0.037, "Actual Total Time": 0.037, "Actual Rows": 6, "Actual Loops": 6, "Index Cond": "(id = ci.movie_id)", "Rows Removed by Index Recheck": 0, "Filter": "(production_year > 2010)", "Rows Removed by Filter": 0}]}]}, "Triggers": [], "Planner Runtime": 6.792, "Total Runtime": 50.355, "Unique SQL Id": 4208751436}}, "(1, '17')": {"explain_plan": {"Plan": {"Node Type": "Aggregate", "Strategy": "Plain", "Startup Cost": 3399.73, "Total Cost": 3399.74, "Plan Rows": 1, "Plan Width": 144, "Plans": [{"Node Type": "Nested Loop", "Parent Relationship": "Outer", "Join Type": "Inner", "Startup Cost": 4.51, "Total Cost": 3399.72, "Plan Rows": 1, "Plan Width": 48, "Inner Unique": true, "Join Filter": "(mk.movie_id = t.id)", "Plans": [{"Node Type": "Nested Loop", "Parent Relationship": "Outer", "Join Type": "Inner", "Startup Cost": 4.51, "Total Cost": 3399.43, "Plan Rows": 1, "Plan Width": 39, "Inner Unique": true, "Plans": [{"Node Type": "Nested Loop", "Parent Relationship": "Outer", "Join Type": "Inner", "Startup Cost": 4.51, "Total Cost": 3340.87, "Plan Rows": 202, "Plan Width": 28, "Inner Unique": false, "Plans": [{"Node Type": "Nested Loop", "Parent Relationship": "Outer", "Join Type": "Inner", "Startup Cost": 4.51, "Total Cost": 3315.63, "Plan Rows": 33, "Plan Width": 20, "Inner Unique": false, "Plans": [{"Node Type": "Index Scan", "Parent Relationship": "Outer", "Scan Direction": "Forward", "Index Name": "keyword_pkey", "Relation Name": "keyword", "Alias": "k", "Startup Cost": 0.0, "Total Cost": 3182.72, "Plan Rows": 1, "Plan Width": 20, "Filter": "((keyword)::text = 'marvel-cinematic-universe'::text)"}, {"Node Type": "Bitmap Heap Scan", "Parent Relationship": "Inner", "Relation Name": "movie_keyword", "Alias": "mk", "Startup Cost": 4.51, "Total Cost": 132.58, "Plan Rows": 33, "Plan Width": 8, "Recheck Cond": "(keyword_id = k.id)", "Plans": [{"Node Type": "Bitmap Index Scan", "Parent Relationship": "Outer", "Index Name": "keyword_id_movie_keyword", "Startup Cost": 0.0, "Total Cost": 4.5, "Plan Rows": 33, "Plan Width": 0, "Index Cond": "(keyword_id = k.id)"}]}]}, {"Node Type": "Index Scan", "Parent Relationship": "Inner", "Scan Direction": "Forward", "Index Name": "movie_id_cast_info", "Relation Name": "cast_info", "Alias": "ci", "Startup Cost": 0.0, "Total Cost": 0.7, "Plan Rows": 6, "Plan Width": 8, "Index Cond": "(movie_id = mk.movie_id)"}]}, {"Node Type": "Index Scan", "Parent Relationship": "Inner", "Scan Direction": "Forward", "Index Name": "name_pkey", "Relation Name": "name", "Alias": "n", "Startup Cost": 0.0, "Total Cost": 0.28, "Plan Rows": 1, "Plan Width": 19, "Index Cond": "(id = ci.person_id)", "Filter": "((name)::text ~~ '%Downey%Robert%'::text)"}]}, {"Node Type": "Index Scan", "Parent Relationship": "Inner", "Scan Direction": "Forward", "Index Name": "title_pkey", "Relation Name": "title", "Alias": "t", "Startup Cost": 0.0, "Total Cost": 0.28, "Plan Rows": 1, "Plan Width": 21, "Index Cond": "(id = ci.movie_id)", "Filter": "(production_year > 2010)"}]}]}, "Unique SQL Id": 4208751436, "Planner Runtime": 5}, "explain_analyze_plan": null}, "(1, '18')": {"explain_plan": {"Plan": {"Node Type": "Aggregate", "Strategy": "Plain", "Startup Cost": 3810.23, "Total Cost": 3810.24, "Plan Rows": 1, "Plan Width": 144, "Plans": [{"Node Type": "Nested Loop", "Parent Relationship": "Outer", "Join Type": "Inner", "Startup Cost": 5.45, "Total Cost": 3809.16, "Plan Rows": 143, "Plan Width": 48, "Inner Unique": true, "Plans": [{"Node Type": "Nested Loop", "Parent Relationship": "Outer", "Join Type": "Inner", "Startup Cost": 5.19, "Total Cost": 2875.14, "Plan Rows": 218, "Plan Width": 37, "Inner Unique": false, "Join Filter": "(t.id = ci.movie_id)", "Plans": [{"Node Type": "Nested Loop", "Parent Relationship": "Outer", "Join Type": "Inner", "Startup Cost": 4.77, "Total Cost": 2710.63, "Plan Rows": 36, "Plan Width": 41, "Inner Unique": true, "Plans": [{"Node Type": "Nested Loop", "Parent Relationship": "Outer", "Join Type": "Inner", "Startup Cost": 4.51, "Total Cost": 2569.02, "Plan Rows": 33, "Plan Width": 20, "Inner Unique": false, "Plans": [{"Node Type": "Seq Scan", "Parent Relationship": "Outer", "Relation Name": "keyword", "Alias": "k", "Startup Cost": 0.0, "Total Cost": 2436.11, "Plan Rows": 1, "Plan Width": 20, "Filter": "((keyword)::text = 'marvel-cinematic-universe'::text)"}, {"Node Type": "Bitmap Heap Scan", "Parent Relationship": "Inner", "Relation Name": "movie_keyword", "Alias": "mk", "Startup Cost": 4.51, "Total Cost": 132.58, "Plan Rows": 33, "Plan Width": 8, "Recheck Cond": "(keyword_id = k.id)", "Plans": [{"Node Type": "Bitmap Index Scan", "Parent Relationship": "Outer", "Index Name": "keyword_id_movie_keyword", "Startup Cost": 0.0, "Total Cost": 4.5, "Plan Rows": 33, "Plan Width": 0, "Index Cond": "(keyword_id = k.id)"}]}]}, {"Node Type": "Bitmap Heap Scan", "Parent Relationship": "Inner", "Relation Name": "title", "Alias": "t", "Startup Cost": 0.27, "Total Cost": 4.28, "Plan Rows": 1, "Plan Width": 21, "Recheck Cond": "(id = mk.movie_id)", "Filter": "(production_year > 2010)", "Plans": [{"Node Type": "Bitmap Index Scan", "Parent Relationship": "Outer", "Index Name": "title_pkey", "Startup Cost": 0.0, "Total Cost": 0.27, "Plan Rows": 1, "Plan Width": 0, "Index Cond": "(id = mk.movie_id)"}]}]}, {"Node Type": "Bitmap Heap Scan", "Parent Relationship": "Inner", "Relation Name": "cast_info", "Alias": "ci", "Startup Cost": 0.42, "Total Cost": 4.49, "Plan Rows": 6, "Plan Width": 8, "Recheck Cond": "(movie_id = mk.movie_id)", "Plans": [{"Node Type": "Bitmap Index Scan", "Parent Relationship": "Outer", "Index Name": "movie_id_cast_info", "Startup Cost": 0.0, "Total Cost": 0.42, "Plan Rows": 6, "Plan Width": 0, "Index Cond": "(movie_id = mk.movie_id)"}]}]}, {"Node Type": "Bitmap Heap Scan", "Parent Relationship": "Inner", "Relation Name": "name", "Alias": "n", "Startup Cost": 0.26, "Total Cost": 4.27, "Plan Rows": 1, "Plan Width": 19, "Recheck Cond": "(id = ci.person_id)", "Filter": "((name)::text ~~ '%Downey%Robert%'::text)", "Plans": [{"Node Type": "Bitmap Index Scan", "Parent Relationship": "Outer", "Index Name": "name_pkey", "Startup Cost": 0.0, "Total Cost": 0.26, "Plan Rows": 1, "Plan Width": 0, "Index Cond": "(id = ci.person_id)"}]}]}]}, "Unique SQL Id": 4208751436, "Planner Runtime": 5}, "explain_analyze_plan": {"Plan": {"Node Type": "Aggregate", "Strategy": "Plain", "Startup Cost": 3810.23, "Total Cost": 3810.24, "Plan Rows": 1, "Plan Width": 144, "Actual Startup Time": 52.817, "Actual Total Time": 52.817, "Actual Rows": 1, "Actual Loops": 1, "Plans": [{"Node Type": "Nested Loop", "Parent Relationship": "Outer", "Join Type": "Inner", "Startup Cost": 5.45, "Total Cost": 3809.16, "Plan Rows": 143, "Plan Width": 48, "Actual Startup Time": 3.321, "Actual Total Time": 52.782, "Actual Rows": 6, "Actual Loops": 1, "Inner Unique": true, "Plans": [{"Node Type": "Nested Loop", "Parent Relationship": "Outer", "Join Type": "Inner", "Startup Cost": 5.19, "Total Cost": 2875.14, "Plan Rows": 218, "Plan Width": 37, "Actual Startup Time": 1.135, "Actual Total Time": 43.931, "Actual Rows": 1224, "Actual Loops": 1, "Inner Unique": false, "Join Filter": "(t.id = ci.movie_id)", "Rows Removed by Join Filter": 0, "Plans": [{"Node Type": "Nested Loop", "Parent Relationship": "Outer", "Join Type": "Inner", "Startup Cost": 4.77, "Total Cost": 2710.63, "Plan Rows": 36, "Plan Width": 41, "Actual Startup Time": 1.105, "Actual Total Time": 40.655, "Actual Rows": 11, "Actual Loops": 1, "Inner Unique": true, "Plans": [{"Node Type": "Nested Loop", "Parent Relationship": "Outer", "Join Type": "Inner", "Startup Cost": 4.51, "Total Cost": 2569.02, "Plan Rows": 33, "Plan Width": 20, "Actual Startup Time": 1.087, "Actual Total Time": 40.509, "Actual Rows": 14, "Actual Loops": 1, "Inner Unique": false, "Plans": [{"Node Type": "Seq Scan", "Parent Relationship": "Outer", "Relation Name": "keyword", "Alias": "k", "Startup Cost": 0.0, "Total Cost": 2436.11, "Plan Rows": 1, "Plan Width": 20, "Actual Startup Time": 1.051, "Actual Total Time": 40.437, "Actual Rows": 1, "Actual Loops": 1, "Filter": "((keyword)::text = 'marvel-cinematic-universe'::text)", "Rows Removed by Filter": 134168}, {"Node Type": "Bitmap Heap Scan", "Parent Relationship": "Inner", "Relation Name": "movie_keyword", "Alias": "mk", "Startup Cost": 4.51, "Total Cost": 132.58, "Plan Rows": 33, "Plan Width": 8, "Actual Startup Time": 0.03, "Actual Total Time": 0.06, "Actual Rows": 14, "Actual Loops": 1, "Recheck Cond": "(keyword_id = k.id)", "Rows Removed by Index Recheck": 0, "Exact Heap Blocks": 13, "Lossy Heap Blocks": 13, "Plans": [{"Node Type": "Bitmap Index Scan", "Parent Relationship": "Outer", "Index Name": "keyword_id_movie_keyword", "Startup Cost": 0.0, "Total Cost": 4.5, "Plan Rows": 33, "Plan Width": 0, "Actual Startup Time": 0.019, "Actual Total Time": 0.019, "Actual Rows": 14, "Actual Loops": 1, "Index Cond": "(keyword_id = k.id)"}]}]}, {"Node Type": "Bitmap Heap Scan", "Parent Relationship": "Inner", "Relation Name": "title", "Alias": "t", "Startup Cost": 0.27, "Total Cost": 4.28, "Plan Rows": 1, "Plan Width": 21, "Actual Startup Time": 0.114, "Actual Total Time": 0.114, "Actual Rows": 11, "Actual Loops": 14, "Recheck Cond": "(id = mk.movie_id)", "Rows Removed by Index Recheck": 0, "Filter": "(production_year > 2010)", "Rows Removed by Filter": 3, "Exact Heap Blocks": 14, "Lossy Heap Blocks": 14, "Plans": [{"Node Type": "Bitmap Index Scan", "Parent Relationship": "Outer", "Index Name": "title_pkey", "Startup Cost": 0.0, "Total Cost": 0.27, "Plan Rows": 1, "Plan Width": 0, "Actual Startup Time": 0.068, "Actual Total Time": 0.068, "Actual Rows": 14, "Actual Loops": 14, "Index Cond": "(id = mk.movie_id)"}]}]}, {"Node Type": "Bitmap Heap Scan", "Parent Relationship": "Inner", "Relation Name": "cast_info", "Alias": "ci", "Startup Cost": 0.42, "Total Cost": 4.49, "Plan Rows": 6, "Plan Width": 8, "Actual Startup Time": 0.579, "Actual Total Time": 2.712, "Actual Rows": 1224, "Actual Loops": 11, "Recheck Cond": "(movie_id = mk.movie_id)", "Rows Removed by Index Recheck": 0, "Exact Heap Blocks": 1166, "Lossy Heap Blocks": 1166, "Plans": [{"Node Type": "Bitmap Index Scan", "Parent Relationship": "Outer", "Index Name": "movie_id_cast_info", "Startup Cost": 0.0, "Total Cost": 0.42, "Plan Rows": 6, "Plan Width": 0, "Actual Startup Time": 0.364, "Actual Total Time": 0.364, "Actual Rows": 1224, "Actual Loops": 11, "Index Cond": "(movie_id = mk.movie_id)"}]}]}, {"Node Type": "Bitmap Heap Scan", "Parent Relationship": "Inner", "Relation Name": "name", "Alias": "n", "Startup Cost": 0.26, "Total Cost": 4.27, "Plan Rows": 1, "Plan Width": 19, "Actual Startup Time": 7.466, "Actual Total Time": 7.466, "Actual Rows": 6, "Actual Loops": 1224, "Recheck Cond": "(id = ci.person_id)", "Rows Removed by Index Recheck": 0, "Filter": "((name)::text ~~ '%Downey%Robert%'::text)", "Rows Removed by Filter": 1218, "Exact Heap Blocks": 1224, "Lossy Heap Blocks": 1224, "Plans": [{"Node Type": "Bitmap Index Scan", "Parent Relationship": "Outer", "Index Name": "name_pkey", "Startup Cost": 0.0, "Total Cost": 0.26, "Plan Rows": 1, "Plan Width": 0, "Actual Startup Time": 4.426, "Actual Total Time": 4.426, "Actual Rows": 1224, "Actual Loops": 1224, "Index Cond": "(id = ci.person_id)"}]}]}]}, "Triggers": [], "Planner Runtime": 5.916, "Total Runtime": 53.054, "Unique SQL Id": 4208751436}}, "(1, '19')": {"explain_plan": {"Plan": {"Node Type": "Aggregate", "Strategy": "Plain", "Startup Cost": 1000034676559.16, "Total Cost": 1000034676559.17, "Plan Rows": 1, "Plan Width": 144, "Plans": [{"Node Type": "Nested Loop", "Parent Relationship": "Outer", "Join Type": "Inner", "Startup Cost": 10000000001.2, "Total Cost": 1000034676559.15, "Plan Rows": 1, "Plan Width": 48, "Inner Unique": true, "Join Filter": "(mk.movie_id = t.id)", "Plans": [{"Node Type": "Nested Loop", "Parent Relationship": "Outer", "Join Type": "Inner", "Startup Cost": 10000000000.94, "Total Cost": 1000034676554.87, "Plan Rows": 1, "Plan Width": 39, "Inner Unique": true, "Plans": [{"Node Type": "Nested Loop", "Parent Relationship": "Outer", "Join Type": "Inner", "Startup Cost": 10000000000.68, "Total Cost": 1000034675689.4, "Plan Rows": 202, "Plan Width": 28, "Inner Unique": false, "Plans": [{"Node Type": "Nested Loop", "Parent Relationship": "Outer", "Join Type": "Inner", "Startup Cost": 10000000000.26, "Total Cost": 1000034675539.09, "Plan Rows": 33, "Plan Width": 20, "Inner Unique": true, "Plans": [{"Node Type": "Index Scan", "Parent Relationship": "Outer", "Scan Direction": "Forward", "Index Name": "movie_id_movie_keyword", "Relation Name": "movie_keyword", "Alias": "mk", "Startup Cost": 10000000000.0, "Total Cost": 1000015300634.17, "Plan Rows": 4523929, "Plan Width": 8}, {"Node Type": "Bitmap Heap Scan", "Parent Relationship": "Inner", "Relation Name": "keyword", "Alias": "k", "Startup Cost": 0.26, "Total Cost": 4.27, "Plan Rows": 1, "Plan Width": 20, "Recheck Cond": "(id = mk.keyword_id)", "Filter": "((keyword)::text = 'marvel-cinematic-universe'::text)", "Plans": [{"Node Type": "Bitmap Index Scan", "Parent Relationship": "Outer", "Index Name": "keyword_pkey", "Startup Cost": 0.0, "Total Cost": 0.26, "Plan Rows": 1, "Plan Width": 0, "Index Cond": "(id = mk.keyword_id)"}]}]}, {"Node Type": "Bitmap Heap Scan", "Parent Relationship": "Inner", "Relation Name": "cast_info", "Alias": "ci", "Startup Cost": 0.42, "Total Cost": 4.49, "Plan Rows": 6, "Plan Width": 8, "Recheck Cond": "(movie_id = mk.movie_id)", "Plans": [{"Node Type": "Bitmap Index Scan", "Parent Relationship": "Outer", "Index Name": "movie_id_cast_info", "Startup Cost": 0.0, "Total Cost": 0.42, "Plan Rows": 6, "Plan Width": 0, "Index Cond": "(movie_id = mk.movie_id)"}]}]}, {"Node Type": "Bitmap Heap Scan", "Parent Relationship": "Inner", "Relation Name": "name", "Alias": "n", "Startup Cost": 0.26, "Total Cost": 4.27, "Plan Rows": 1, "Plan Width": 19, "Recheck Cond": "(id = ci.person_id)", "Filter": "((name)::text ~~ '%Downey%Robert%'::text)", "Plans": [{"Node Type": "Bitmap Index Scan", "Parent Relationship": "Outer", "Index Name": "name_pkey", "Startup Cost": 0.0, "Total Cost": 0.26, "Plan Rows": 1, "Plan Width": 0, "Index Cond": "(id = ci.person_id)"}]}]}, {"Node Type": "Bitmap Heap Scan", "Parent Relationship": "Inner", "Relation Name": "title", "Alias": "t", "Startup Cost": 0.26, "Total Cost": 4.27, "Plan Rows": 1, "Plan Width": 21, "Recheck Cond": "(id = ci.movie_id)", "Filter": "(production_year > 2010)", "Plans": [{"Node Type": "Bitmap Index Scan", "Parent Relationship": "Outer", "Index Name": "title_pkey", "Startup Cost": 0.0, "Total Cost": 0.26, "Plan Rows": 1, "Plan Width": 0, "Index Cond": "(id = ci.movie_id)"}]}]}]}, "Unique SQL Id": 4208751436, "Planner Runtime": 2}, "explain_analyze_plan": null}, "(1, '20')": {"explain_plan": {"Plan": {"Node Type": "Aggregate", "Strategy": "Plain", "Startup Cost": 2653.12, "Total Cost": 2653.13, "Plan Rows": 1, "Plan Width": 144, "Plans": [{"Node Type": "Nested Loop", "Parent Relationship": "Outer", "Join Type": "Inner", "Startup Cost": 4.51, "Total Cost": 2653.12, "Plan Rows": 1, "Plan Width": 48, "Inner Unique": true, "Join Filter": "(mk.movie_id = t.id)", "Plans": [{"Node Type": "Nested Loop", "Parent Relationship": "Outer", "Join Type": "Inner", "Startup Cost": 4.51, "Total Cost": 2652.83, "Plan Rows": 1, "Plan Width": 39, "Inner Unique": true, "Plans": [{"Node Type": "Nested Loop", "Parent Relationship": "Outer", "Join Type": "Inner", "Startup Cost": 4.51, "Total Cost": 2594.27, "Plan Rows": 202, "Plan Width": 28, "Inner Unique": false, "Plans": [{"Node Type": "Nested Loop", "Parent Relationship": "Outer", "Join Type": "Inner", "Startup Cost": 4.51, "Total Cost": 2569.02, "Plan Rows": 33, "Plan Width": 20, "Inner Unique": false, "Plans": [{"Node Type": "Seq Scan", "Parent Relationship": "Outer", "Relation Name": "keyword", "Alias": "k", "Startup Cost": 0.0, "Total Cost": 2436.11, "Plan Rows": 1, "Plan Width": 20, "Filter": "((keyword)::text = 'marvel-cinematic-universe'::text)"}, {"Node Type": "Bitmap Heap Scan", "Parent Relationship": "Inner", "Relation Name": "movie_keyword", "Alias": "mk", "Startup Cost": 4.51, "Total Cost": 132.58, "Plan Rows": 33, "Plan Width": 8, "Recheck Cond": "(keyword_id = k.id)", "Plans": [{"Node Type": "Bitmap Index Scan", "Parent Relationship": "Outer", "Index Name": "keyword_id_movie_keyword", "Startup Cost": 0.0, "Total Cost": 4.5, "Plan Rows": 33, "Plan Width": 0, "Index Cond": "(keyword_id = k.id)"}]}]}, {"Node Type": "Index Scan", "Parent Relationship": "Inner", "Scan Direction": "Forward", "Index Name": "movie_id_cast_info", "Relation Name": "cast_info", "Alias": "ci", "Startup Cost": 0.0, "Total Cost": 0.7, "Plan Rows": 6, "Plan Width": 8, "Index Cond": "(movie_id = mk.movie_id)"}]}, {"Node Type": "Index Scan", "Parent Relationship": "Inner", "Scan Direction": "Forward", "Index Name": "name_pkey", "Relation Name": "name", "Alias": "n", "Startup Cost": 0.0, "Total Cost": 0.28, "Plan Rows": 1, "Plan Width": 19, "Index Cond": "(id = ci.person_id)", "Filter": "((name)::text ~~ '%Downey%Robert%'::text)"}]}, {"Node Type": "Index Scan", "Parent Relationship": "Inner", "Scan Direction": "Forward", "Index Name": "title_pkey", "Relation Name": "title", "Alias": "t", "Startup Cost": 0.0, "Total Cost": 0.28, "Plan Rows": 1, "Plan Width": 21, "Index Cond": "(id = ci.movie_id)", "Filter": "(production_year > 2010)"}]}]}, "Unique SQL Id": 4208751436, "Planner Runtime": 6}, "explain_analyze_plan": {"Plan": {"Node Type": "Aggregate", "Strategy": "Plain", "Startup Cost": 2653.12, "Total Cost": 2653.13, "Plan Rows": 1, "Plan Width": 144, "Actual Startup Time": 50.116, "Actual Total Time": 50.116, "Actual Rows": 1, "Actual Loops": 1, "Plans": [{"Node Type": "Nested Loop", "Parent Relationship": "Outer", "Join Type": "Inner", "Startup Cost": 4.51, "Total Cost": 2653.12, "Plan Rows": 1, "Plan Width": 48, "Actual Startup Time": 2.78, "Actual Total Time": 50.084, "Actual Rows": 6, "Actual Loops": 1, "Inner Unique": true, "Join Filter": "(mk.movie_id = t.id)", "Rows Removed by Join Filter": 0, "Plans": [{"Node Type": "Nested Loop", "Parent Relationship": "Outer", "Join Type": "Inner", "Startup Cost": 4.51, "Total Cost": 2652.83, "Plan Rows": 1, "Plan Width": 39, "Actual Startup Time": 2.763, "Actual Total Time": 50.032, "Actual Rows": 6, "Actual Loops": 1, "Inner Unique": true, "Plans": [{"Node Type": "Nested Loop", "Parent Relationship": "Outer", "Join Type": "Inner", "Startup Cost": 4.51, "Total Cost": 2594.27, "Plan Rows": 202, "Plan Width": 28, "Actual Startup Time": 1.106, "Actual Total Time": 42.984, "Actual Rows": 1242, "Actual Loops": 1, "Inner Unique": false, "Plans": [{"Node Type": "Nested Loop", "Parent Relationship": "Outer", "Join Type": "Inner", "Startup Cost": 4.51, "Total Cost": 2569.02, "Plan Rows": 33, "Plan Width": 20, "Actual Startup Time": 1.089, "Actual Total Time": 40.586, "Actual Rows": 14, "Actual Loops": 1, "Inner Unique": false, "Plans": [{"Node Type": "Seq Scan", "Parent Relationship": "Outer", "Relation Name": "keyword", "Alias": "k", "Startup Cost": 0.0, "Total Cost": 2436.11, "Plan Rows": 1, "Plan Width": 20, "Actual Startup Time": 1.052, "Actual Total Time": 40.505, "Actual Rows": 1, "Actual Loops": 1, "Filter": "((keyword)::text = 'marvel-cinematic-universe'::text)", "Rows Removed by Filter": 134168}, {"Node Type": "Bitmap Heap Scan", "Parent Relationship": "Inner", "Relation Name": "movie_keyword", "Alias": "mk", "Startup Cost": 4.51, "Total Cost": 132.58, "Plan Rows": 33, "Plan Width": 8, "Actual Startup Time": 0.03, "Actual Total Time": 0.064, "Actual Rows": 14, "Actual Loops": 1, "Recheck Cond": "(keyword_id = k.id)", "Rows Removed by Index Recheck": 0, "Exact Heap Blocks": 13, "Lossy Heap Blocks": 13, "Plans": [{"Node Type": "Bitmap Index Scan", "Parent Relationship": "Outer", "Index Name": "keyword_id_movie_keyword", "Startup Cost": 0.0, "Total Cost": 4.5, "Plan Rows": 33, "Plan Width": 0, "Actual Startup Time": 0.018, "Actual Total Time": 0.018, "Actual Rows": 14, "Actual Loops": 1, "Index Cond": "(keyword_id = k.id)"}]}]}, {"Node Type": "Index Scan", "Parent Relationship": "Inner", "Scan Direction": "Forward", "Index Name": "movie_id_cast_info", "Relation Name": "cast_info", "Alias": "ci", "Startup Cost": 0.0, "Total Cost": 0.7, "Plan Rows": 6, "Plan Width": 8, "Actual Startup Time": 0.178, "Actual Total Time": 2.086, "Actual Rows": 1242, "Actual Loops": 14, "Index Cond": "(movie_id = mk.movie_id)", "Rows Removed by Index Recheck": 0}]}, {"Node Type": "Index Scan", "Parent Relationship": "Inner", "Scan Direction": "Forward", "Index Name": "name_pkey", "Relation Name": "name", "Alias": "n", "Startup Cost": 0.0, "Total Cost": 0.28, "Plan Rows": 1, "Plan Width": 19, "Actual Startup Time": 6.418, "Actual Total Time": 6.418, "Actual Rows": 6, "Actual Loops": 1242, "Index Cond": "(id = ci.person_id)", "Rows Removed by Index Recheck": 0, "Filter": "((name)::text ~~ '%Downey%Robert%'::text)", "Rows Removed by Filter": 1236}]}, {"Node Type": "Index Scan", "Parent Relationship": "Inner", "Scan Direction": "Forward", "Index Name": "title_pkey", "Relation Name": "title", "Alias": "t", "Startup Cost": 0.0, "Total Cost": 0.28, "Plan Rows": 1, "Plan Width": 21, "Actual Startup Time": 0.037, "Actual Total Time": 0.037, "Actual Rows": 6, "Actual Loops": 6, "Index Cond": "(id = ci.movie_id)", "Rows Removed by Index Recheck": 0, "Filter": "(production_year > 2010)", "Rows Removed by Filter": 0}]}]}, "Triggers": [], "Planner Runtime": 6.792, "Total Runtime": 50.355, "Unique SQL Id": 4208751436}}, "(1, '21')": {"explain_plan": {"Plan": {"Node Type": "Aggregate", "Strategy": "Plain", "Startup Cost": 3399.73, "Total Cost": 3399.74, "Plan Rows": 1, "Plan Width": 144, "Plans": [{"Node Type": "Nested Loop", "Parent Relationship": "Outer", "Join Type": "Inner", "Startup Cost": 4.51, "Total Cost": 3399.72, "Plan Rows": 1, "Plan Width": 48, "Inner Unique": true, "Join Filter": "(mk.movie_id = t.id)", "Plans": [{"Node Type": "Nested Loop", "Parent Relationship": "Outer", "Join Type": "Inner", "Startup Cost": 4.51, "Total Cost": 3399.43, "Plan Rows": 1, "Plan Width": 39, "Inner Unique": true, "Plans": [{"Node Type": "Nested Loop", "Parent Relationship": "Outer", "Join Type": "Inner", "Startup Cost": 4.51, "Total Cost": 3340.87, "Plan Rows": 202, "Plan Width": 28, "Inner Unique": false, "Plans": [{"Node Type": "Nested Loop", "Parent Relationship": "Outer", "Join Type": "Inner", "Startup Cost": 4.51, "Total Cost": 3315.63, "Plan Rows": 33, "Plan Width": 20, "Inner Unique": false, "Plans": [{"Node Type": "Index Scan", "Parent Relationship": "Outer", "Scan Direction": "Forward", "Index Name": "keyword_pkey", "Relation Name": "keyword", "Alias": "k", "Startup Cost": 0.0, "Total Cost": 3182.72, "Plan Rows": 1, "Plan Width": 20, "Filter": "((keyword)::text = 'marvel-cinematic-universe'::text)"}, {"Node Type": "Bitmap Heap Scan", "Parent Relationship": "Inner", "Relation Name": "movie_keyword", "Alias": "mk", "Startup Cost": 4.51, "Total Cost": 132.58, "Plan Rows": 33, "Plan Width": 8, "Recheck Cond": "(keyword_id = k.id)", "Plans": [{"Node Type": "Bitmap Index Scan", "Parent Relationship": "Outer", "Index Name": "keyword_id_movie_keyword", "Startup Cost": 0.0, "Total Cost": 4.5, "Plan Rows": 33, "Plan Width": 0, "Index Cond": "(keyword_id = k.id)"}]}]}, {"Node Type": "Index Scan", "Parent Relationship": "Inner", "Scan Direction": "Forward", "Index Name": "movie_id_cast_info", "Relation Name": "cast_info", "Alias": "ci", "Startup Cost": 0.0, "Total Cost": 0.7, "Plan Rows": 6, "Plan Width": 8, "Index Cond": "(movie_id = mk.movie_id)"}]}, {"Node Type": "Index Scan", "Parent Relationship": "Inner", "Scan Direction": "Forward", "Index Name": "name_pkey", "Relation Name": "name", "Alias": "n", "Startup Cost": 0.0, "Total Cost": 0.28, "Plan Rows": 1, "Plan Width": 19, "Index Cond": "(id = ci.person_id)", "Filter": "((name)::text ~~ '%Downey%Robert%'::text)"}]}, {"Node Type": "Index Scan", "Parent Relationship": "Inner", "Scan Direction": "Forward", "Index Name": "title_pkey", "Relation Name": "title", "Alias": "t", "Startup Cost": 0.0, "Total Cost": 0.28, "Plan Rows": 1, "Plan Width": 21, "Index Cond": "(id = ci.movie_id)", "Filter": "(production_year > 2010)"}]}]}, "Unique SQL Id": 4208751436, "Planner Runtime": 5}, "explain_analyze_plan": null}, "(1, '22')": {"explain_plan": {"Plan": {"Node Type": "Aggregate", "Strategy": "Plain", "Startup Cost": 3810.23, "Total Cost": 3810.24, "Plan Rows": 1, "Plan Width": 144, "Plans": [{"Node Type": "Nested Loop", "Parent Relationship": "Outer", "Join Type": "Inner", "Startup Cost": 5.45, "Total Cost": 3809.16, "Plan Rows": 143, "Plan Width": 48, "Inner Unique": true, "Plans": [{"Node Type": "Nested Loop", "Parent Relationship": "Outer", "Join Type": "Inner", "Startup Cost": 5.19, "Total Cost": 2875.14, "Plan Rows": 218, "Plan Width": 37, "Inner Unique": false, "Join Filter": "(t.id = ci.movie_id)", "Plans": [{"Node Type": "Nested Loop", "Parent Relationship": "Outer", "Join Type": "Inner", "Startup Cost": 4.77, "Total Cost": 2710.63, "Plan Rows": 36, "Plan Width": 41, "Inner Unique": true, "Plans": [{"Node Type": "Nested Loop", "Parent Relationship": "Outer", "Join Type": "Inner", "Startup Cost": 4.51, "Total Cost": 2569.02, "Plan Rows": 33, "Plan Width": 20, "Inner Unique": false, "Plans": [{"Node Type": "Seq Scan", "Parent Relationship": "Outer", "Relation Name": "keyword", "Alias": "k", "Startup Cost": 0.0, "Total Cost": 2436.11, "Plan Rows": 1, "Plan Width": 20, "Filter": "((keyword)::text = 'marvel-cinematic-universe'::text)"}, {"Node Type": "Bitmap Heap Scan", "Parent Relationship": "Inner", "Relation Name": "movie_keyword", "Alias": "mk", "Startup Cost": 4.51, "Total Cost": 132.58, "Plan Rows": 33, "Plan Width": 8, "Recheck Cond": "(keyword_id = k.id)", "Plans": [{"Node Type": "Bitmap Index Scan", "Parent Relationship": "Outer", "Index Name": "keyword_id_movie_keyword", "Startup Cost": 0.0, "Total Cost": 4.5, "Plan Rows": 33, "Plan Width": 0, "Index Cond": "(keyword_id = k.id)"}]}]}, {"Node Type": "Bitmap Heap Scan", "Parent Relationship": "Inner", "Relation Name": "title", "Alias": "t", "Startup Cost": 0.27, "Total Cost": 4.28, "Plan Rows": 1, "Plan Width": 21, "Recheck Cond": "(id = mk.movie_id)", "Filter": "(production_year > 2010)", "Plans": [{"Node Type": "Bitmap Index Scan", "Parent Relationship": "Outer", "Index Name": "title_pkey", "Startup Cost": 0.0, "Total Cost": 0.27, "Plan Rows": 1, "Plan Width": 0, "Index Cond": "(id = mk.movie_id)"}]}]}, {"Node Type": "Bitmap Heap Scan", "Parent Relationship": "Inner", "Relation Name": "cast_info", "Alias": "ci", "Startup Cost": 0.42, "Total Cost": 4.49, "Plan Rows": 6, "Plan Width": 8, "Recheck Cond": "(movie_id = mk.movie_id)", "Plans": [{"Node Type": "Bitmap Index Scan", "Parent Relationship": "Outer", "Index Name": "movie_id_cast_info", "Startup Cost": 0.0, "Total Cost": 0.42, "Plan Rows": 6, "Plan Width": 0, "Index Cond": "(movie_id = mk.movie_id)"}]}]}, {"Node Type": "Bitmap Heap Scan", "Parent Relationship": "Inner", "Relation Name": "name", "Alias": "n", "Startup Cost": 0.26, "Total Cost": 4.27, "Plan Rows": 1, "Plan Width": 19, "Recheck Cond": "(id = ci.person_id)", "Filter": "((name)::text ~~ '%Downey%Robert%'::text)", "Plans": [{"Node Type": "Bitmap Index Scan", "Parent Relationship": "Outer", "Index Name": "name_pkey", "Startup Cost": 0.0, "Total Cost": 0.26, "Plan Rows": 1, "Plan Width": 0, "Index Cond": "(id = ci.person_id)"}]}]}]}, "Unique SQL Id": 4208751436, "Planner Runtime": 5}, "explain_analyze_plan": {"Plan": {"Node Type": "Aggregate", "Strategy": "Plain", "Startup Cost": 3810.23, "Total Cost": 3810.24, "Plan Rows": 1, "Plan Width": 144, "Actual Startup Time": 52.817, "Actual Total Time": 52.817, "Actual Rows": 1, "Actual Loops": 1, "Plans": [{"Node Type": "Nested Loop", "Parent Relationship": "Outer", "Join Type": "Inner", "Startup Cost": 5.45, "Total Cost": 3809.16, "Plan Rows": 143, "Plan Width": 48, "Actual Startup Time": 3.321, "Actual Total Time": 52.782, "Actual Rows": 6, "Actual Loops": 1, "Inner Unique": true, "Plans": [{"Node Type": "Nested Loop", "Parent Relationship": "Outer", "Join Type": "Inner", "Startup Cost": 5.19, "Total Cost": 2875.14, "Plan Rows": 218, "Plan Width": 37, "Actual Startup Time": 1.135, "Actual Total Time": 43.931, "Actual Rows": 1224, "Actual Loops": 1, "Inner Unique": false, "Join Filter": "(t.id = ci.movie_id)", "Rows Removed by Join Filter": 0, "Plans": [{"Node Type": "Nested Loop", "Parent Relationship": "Outer", "Join Type": "Inner", "Startup Cost": 4.77, "Total Cost": 2710.63, "Plan Rows": 36, "Plan Width": 41, "Actual Startup Time": 1.105, "Actual Total Time": 40.655, "Actual Rows": 11, "Actual Loops": 1, "Inner Unique": true, "Plans": [{"Node Type": "Nested Loop", "Parent Relationship": "Outer", "Join Type": "Inner", "Startup Cost": 4.51, "Total Cost": 2569.02, "Plan Rows": 33, "Plan Width": 20, "Actual Startup Time": 1.087, "Actual Total Time": 40.509, "Actual Rows": 14, "Actual Loops": 1, "Inner Unique": false, "Plans": [{"Node Type": "Seq Scan", "Parent Relationship": "Outer", "Relation Name": "keyword", "Alias": "k", "Startup Cost": 0.0, "Total Cost": 2436.11, "Plan Rows": 1, "Plan Width": 20, "Actual Startup Time": 1.051, "Actual Total Time": 40.437, "Actual Rows": 1, "Actual Loops": 1, "Filter": "((keyword)::text = 'marvel-cinematic-universe'::text)", "Rows Removed by Filter": 134168}, {"Node Type": "Bitmap Heap Scan", "Parent Relationship": "Inner", "Relation Name": "movie_keyword", "Alias": "mk", "Startup Cost": 4.51, "Total Cost": 132.58, "Plan Rows": 33, "Plan Width": 8, "Actual Startup Time": 0.03, "Actual Total Time": 0.06, "Actual Rows": 14, "Actual Loops": 1, "Recheck Cond": "(keyword_id = k.id)", "Rows Removed by Index Recheck": 0, "Exact Heap Blocks": 13, "Lossy Heap Blocks": 13, "Plans": [{"Node Type": "Bitmap Index Scan", "Parent Relationship": "Outer", "Index Name": "keyword_id_movie_keyword", "Startup Cost": 0.0, "Total Cost": 4.5, "Plan Rows": 33, "Plan Width": 0, "Actual Startup Time": 0.019, "Actual Total Time": 0.019, "Actual Rows": 14, "Actual Loops": 1, "Index Cond": "(keyword_id = k.id)"}]}]}, {"Node Type": "Bitmap Heap Scan", "Parent Relationship": "Inner", "Relation Name": "title", "Alias": "t", "Startup Cost": 0.27, "Total Cost": 4.28, "Plan Rows": 1, "Plan Width": 21, "Actual Startup Time": 0.114, "Actual Total Time": 0.114, "Actual Rows": 11, "Actual Loops": 14, "Recheck Cond": "(id = mk.movie_id)", "Rows Removed by Index Recheck": 0, "Filter": "(production_year > 2010)", "Rows Removed by Filter": 3, "Exact Heap Blocks": 14, "Lossy Heap Blocks": 14, "Plans": [{"Node Type": "Bitmap Index Scan", "Parent Relationship": "Outer", "Index Name": "title_pkey", "Startup Cost": 0.0, "Total Cost": 0.27, "Plan Rows": 1, "Plan Width": 0, "Actual Startup Time": 0.068, "Actual Total Time": 0.068, "Actual Rows": 14, "Actual Loops": 14, "Index Cond": "(id = mk.movie_id)"}]}]}, {"Node Type": "Bitmap Heap Scan", "Parent Relationship": "Inner", "Relation Name": "cast_info", "Alias": "ci", "Startup Cost": 0.42, "Total Cost": 4.49, "Plan Rows": 6, "Plan Width": 8, "Actual Startup Time": 0.579, "Actual Total Time": 2.712, "Actual Rows": 1224, "Actual Loops": 11, "Recheck Cond": "(movie_id = mk.movie_id)", "Rows Removed by Index Recheck": 0, "Exact Heap Blocks": 1166, "Lossy Heap Blocks": 1166, "Plans": [{"Node Type": "Bitmap Index Scan", "Parent Relationship": "Outer", "Index Name": "movie_id_cast_info", "Startup Cost": 0.0, "Total Cost": 0.42, "Plan Rows": 6, "Plan Width": 0, "Actual Startup Time": 0.364, "Actual Total Time": 0.364, "Actual Rows": 1224, "Actual Loops": 11, "Index Cond": "(movie_id = mk.movie_id)"}]}]}, {"Node Type": "Bitmap Heap Scan", "Parent Relationship": "Inner", "Relation Name": "name", "Alias": "n", "Startup Cost": 0.26, "Total Cost": 4.27, "Plan Rows": 1, "Plan Width": 19, "Actual Startup Time": 7.466, "Actual Total Time": 7.466, "Actual Rows": 6, "Actual Loops": 1224, "Recheck Cond": "(id = ci.person_id)", "Rows Removed by Index Recheck": 0, "Filter": "((name)::text ~~ '%Downey%Robert%'::text)", "Rows Removed by Filter": 1218, "Exact Heap Blocks": 1224, "Lossy Heap Blocks": 1224, "Plans": [{"Node Type": "Bitmap Index Scan", "Parent Relationship": "Outer", "Index Name": "name_pkey", "Startup Cost": 0.0, "Total Cost": 0.26, "Plan Rows": 1, "Plan Width": 0, "Actual Startup Time": 4.426, "Actual Total Time": 4.426, "Actual Rows": 1224, "Actual Loops": 1224, "Index Cond": "(id = ci.person_id)"}]}]}]}, "Triggers": [], "Planner Runtime": 5.916, "Total Runtime": 53.054, "Unique SQL Id": 4208751436}}, "(1, '23')": {"explain_plan": {"Plan": {"Node Type": "Aggregate", "Strategy": "Plain", "Startup Cost": 1000034676559.16, "Total Cost": 1000034676559.17, "Plan Rows": 1, "Plan Width": 144, "Plans": [{"Node Type": "Nested Loop", "Parent Relationship": "Outer", "Join Type": "Inner", "Startup Cost": 10000000001.2, "Total Cost": 1000034676559.15, "Plan Rows": 1, "Plan Width": 48, "Inner Unique": true, "Join Filter": "(mk.movie_id = t.id)", "Plans": [{"Node Type": "Nested Loop", "Parent Relationship": "Outer", "Join Type": "Inner", "Startup Cost": 10000000000.94, "Total Cost": 1000034676554.87, "Plan Rows": 1, "Plan Width": 39, "Inner Unique": true, "Plans": [{"Node Type": "Nested Loop", "Parent Relationship": "Outer", "Join Type": "Inner", "Startup Cost": 10000000000.68, "Total Cost": 1000034675689.4, "Plan Rows": 202, "Plan Width": 28, "Inner Unique": false, "Plans": [{"Node Type": "Nested Loop", "Parent Relationship": "Outer", "Join Type": "Inner", "Startup Cost": 10000000000.26, "Total Cost": 1000034675539.09, "Plan Rows": 33, "Plan Width": 20, "Inner Unique": true, "Plans": [{"Node Type": "Index Scan", "Parent Relationship": "Outer", "Scan Direction": "Forward", "Index Name": "movie_id_movie_keyword", "Relation Name": "movie_keyword", "Alias": "mk", "Startup Cost": 10000000000.0, "Total Cost": 1000015300634.17, "Plan Rows": 4523929, "Plan Width": 8}, {"Node Type": "Bitmap Heap Scan", "Parent Relationship": "Inner", "Relation Name": "keyword", "Alias": "k", "Startup Cost": 0.26, "Total Cost": 4.27, "Plan Rows": 1, "Plan Width": 20, "Recheck Cond": "(id = mk.keyword_id)", "Filter": "((keyword)::text = 'marvel-cinematic-universe'::text)", "Plans": [{"Node Type": "Bitmap Index Scan", "Parent Relationship": "Outer", "Index Name": "keyword_pkey", "Startup Cost": 0.0, "Total Cost": 0.26, "Plan Rows": 1, "Plan Width": 0, "Index Cond": "(id = mk.keyword_id)"}]}]}, {"Node Type": "Bitmap Heap Scan", "Parent Relationship": "Inner", "Relation Name": "cast_info", "Alias": "ci", "Startup Cost": 0.42, "Total Cost": 4.49, "Plan Rows": 6, "Plan Width": 8, "Recheck Cond": "(movie_id = mk.movie_id)", "Plans": [{"Node Type": "Bitmap Index Scan", "Parent Relationship": "Outer", "Index Name": "movie_id_cast_info", "Startup Cost": 0.0, "Total Cost": 0.42, "Plan Rows": 6, "Plan Width": 0, "Index Cond": "(movie_id = mk.movie_id)"}]}]}, {"Node Type": "Bitmap Heap Scan", "Parent Relationship": "Inner", "Relation Name": "name", "Alias": "n", "Startup Cost": 0.26, "Total Cost": 4.27, "Plan Rows": 1, "Plan Width": 19, "Recheck Cond": "(id = ci.person_id)", "Filter": "((name)::text ~~ '%Downey%Robert%'::text)", "Plans": [{"Node Type": "Bitmap Index Scan", "Parent Relationship": "Outer", "Index Name": "name_pkey", "Startup Cost": 0.0, "Total Cost": 0.26, "Plan Rows": 1, "Plan Width": 0, "Index Cond": "(id = ci.person_id)"}]}]}, {"Node Type": "Bitmap Heap Scan", "Parent Relationship": "Inner", "Relation Name": "title", "Alias": "t", "Startup Cost": 0.26, "Total Cost": 4.27, "Plan Rows": 1, "Plan Width": 21, "Recheck Cond": "(id = ci.movie_id)", "Filter": "(production_year > 2010)", "Plans": [{"Node Type": "Bitmap Index Scan", "Parent Relationship": "Outer", "Index Name": "title_pkey", "Startup Cost": 0.0, "Total Cost": 0.26, "Plan Rows": 1, "Plan Width": 0, "Index Cond": "(id = ci.movie_id)"}]}]}]}, "Unique SQL Id": 4208751436, "Planner Runtime": 2}, "explain_analyze_plan": null}, "(1, '24')": {"explain_plan": {"Plan": {"Node Type": "Aggregate", "Strategy": "Plain", "Startup Cost": 2657.42, "Total Cost": 2657.43, "Plan Rows": 1, "Plan Width": 144, "Plans": [{"Node Type": "Nested Loop", "Parent Relationship": "Outer", "Join Type": "Inner", "Startup Cost": 0.0, "Total Cost": 2657.41, "Plan Rows": 1, "Plan Width": 48, "Inner Unique": true, "Join Filter": "(mk.movie_id = t.id)", "Plans": [{"Node Type": "Nested Loop", "Parent Relationship": "Outer", "Join Type": "Inner", "Startup Cost": 0.0, "Total Cost": 2657.12, "Plan Rows": 1, "Plan Width": 39, "Inner Unique": true, "Plans": [{"Node Type": "Nested Loop", "Parent Relationship": "Outer", "Join Type": "Inner", "Startup Cost": 0.0, "Total Cost": 2598.56, "Plan Rows": 202, "Plan Width": 28, "Inner Unique": false, "Plans": [{"Node Type": "Nested Loop", "Parent Relationship": "Outer", "Join Type": "Inner", "Startup Cost": 0.0, "Total Cost": 2573.32, "Plan Rows": 33, "Plan Width": 20, "Inner Unique": false, "Plans": [{"Node Type": "Seq Scan", "Parent Relationship": "Outer", "Relation Name": "keyword", "Alias": "k", "Startup Cost": 0.0, "Total Cost": 2436.11, "Plan Rows": 1, "Plan Width": 20, "Filter": "((keyword)::text = 'marvel-cinematic-universe'::text)"}, {"Node Type": "Index Scan", "Parent Relationship": "Inner", "Scan Direction": "Forward", "Index Name": "keyword_id_movie_keyword", "Relation Name": "movie_keyword", "Alias": "mk", "Startup Cost": 0.0, "Total Cost": 136.88, "Plan Rows": 33, "Plan Width": 8, "Index Cond": "(keyword_id = k.id)"}]}, {"Node Type": "Index Scan", "Parent Relationship": "Inner", "Scan Direction": "Forward", "Index Name": "movie_id_cast_info", "Relation Name": "cast_info", "Alias": "ci", "Startup Cost": 0.0, "Total Cost": 0.7, "Plan Rows": 6, "Plan Width": 8, "Index Cond": "(movie_id = mk.movie_id)"}]}, {"Node Type": "Index Scan", "Parent Relationship": "Inner", "Scan Direction": "Forward", "Index Name": "name_pkey", "Relation Name": "name", "Alias": "n", "Startup Cost": 0.0, "Total Cost": 0.28, "Plan Rows": 1, "Plan Width": 19, "Index Cond": "(id = ci.person_id)", "Filter": "((name)::text ~~ '%Downey%Robert%'::text)"}]}, {"Node Type": "Index Scan", "Parent Relationship": "Inner", "Scan Direction": "Forward", "Index Name": "title_pkey", "Relation Name": "title", "Alias": "t", "Startup Cost": 0.0, "Total Cost": 0.28, "Plan Rows": 1, "Plan Width": 21, "Index Cond": "(id = ci.movie_id)", "Filter": "(production_year > 2010)"}]}]}, "Unique SQL Id": 4208751436, "Planner Runtime": 6}, "explain_analyze_plan": {"Plan": {"Node Type": "Aggregate", "Strategy": "Plain", "Startup Cost": 2657.42, "Total Cost": 2657.43, "Plan Rows": 1, "Plan Width": 144, "Actual Startup Time": 50.033, "Actual Total Time": 50.033, "Actual Rows": 1, "Actual Loops": 1, "Plans": [{"Node Type": "Nested Loop", "Parent Relationship": "Outer", "Join Type": "Inner", "Startup Cost": 0.0, "Total Cost": 2657.41, "Plan Rows": 1, "Plan Width": 48, "Actual Startup Time": 2.738, "Actual Total Time": 49.998, "Actual Rows": 6, "Actual Loops": 1, "Inner Unique": true, "Join Filter": "(mk.movie_id = t.id)", "Rows Removed by Join Filter": 0, "Plans": [{"Node Type": "Nested Loop", "Parent Relationship": "Outer", "Join Type": "Inner", "Startup Cost": 0.0, "Total Cost": 2657.12, "Plan Rows": 1, "Plan Width": 39, "Actual Startup Time": 2.722, "Actual Total Time": 49.943, "Actual Rows": 6, "Actual Loops": 1, "Inner Unique": true, "Plans": [{"Node Type": "Nested Loop", "Parent Relationship": "Outer", "Join Type": "Inner", "Startup Cost": 0.0, "Total Cost": 2598.56, "Plan Rows": 202, "Plan Width": 28, "Actual Startup Time": 1.069, "Actual Total Time": 42.909, "Actual Rows": 1242, "Actual Loops": 1, "Inner Unique": false, "Plans": [{"Node Type": "Nested Loop", "Parent Relationship": "Outer", "Join Type": "Inner", "Startup Cost": 0.0, "Total Cost": 2573.32, "Plan Rows": 33, "Plan Width": 20, "Actual Startup Time": 1.054, "Actual Total Time": 40.494, "Actual Rows": 14, "Actual Loops": 1, "Inner Unique": false, "Plans": [{"Node Type": "Seq Scan", "Parent Relationship": "Outer", "Relation Name": "keyword", "Alias": "k", "Startup Cost": 0.0, "Total Cost": 2436.11, "Plan Rows": 1, "Plan Width": 20, "Actual Startup Time": 1.034, "Actual Total Time": 40.443, "Actual Rows": 1, "Actual Loops": 1, "Filter": "((keyword)::text = 'marvel-cinematic-universe'::text)", "Rows Removed by Filter": 134168}, {"Node Type": "Index Scan", "Parent Relationship": "Inner", "Scan Direction": "Forward", "Index Name": "keyword_id_movie_keyword", "Relation Name": "movie_keyword", "Alias": "mk", "Startup Cost": 0.0, "Total Cost": 136.88, "Plan Rows": 33, "Plan Width": 8, "Actual Startup Time": 0.014, "Actual Total Time": 0.039, "Actual Rows": 14, "Actual Loops": 1, "Index Cond": "(keyword_id = k.id)", "Rows Removed by Index Recheck": 0}]}, {"Node Type": "Index Scan", "Parent Relationship": "Inner", "Scan Direction": "Forward", "Index Name": "movie_id_cast_info", "Relation Name": "cast_info", "Alias": "ci", "Startup Cost": 0.0, "Total Cost": 0.7, "Plan Rows": 6, "Plan Width": 8, "Actual Startup Time": 0.169, "Actual Total Time": 2.091, "Actual Rows": 1242, "Actual Loops": 14, "Index Cond": "(movie_id = mk.movie_id)", "Rows Removed by Index Recheck": 0}]}, {"Node Type": "Index Scan", "Parent Relationship": "Inner", "Scan Direction": "Forward", "Index Name": "name_pkey", "Relation Name": "name", "Alias": "n", "Startup Cost": 0.0, "Total Cost": 0.28, "Plan Rows": 1, "Plan Width": 19, "Actual Startup Time": 6.441, "Actual Total Time": 6.441, "Actual Rows": 6, "Actual Loops": 1242, "Index Cond": "(id = ci.person_id)", "Rows Removed by Index Recheck": 0, "Filter": "((name)::text ~~ '%Downey%Robert%'::text)", "Rows Removed by Filter": 1236}]}, {"Node Type": "Index Scan", "Parent Relationship": "Inner", "Scan Direction": "Forward", "Index Name": "title_pkey", "Relation Name": "title", "Alias": "t", "Startup Cost": 0.0, "Total Cost": 0.28, "Plan Rows": 1, "Plan Width": 21, "Actual Startup Time": 0.04, "Actual Total Time": 0.04, "Actual Rows": 6, "Actual Loops": 6, "Index Cond": "(id = ci.movie_id)", "Rows Removed by Index Recheck": 0, "Filter": "(production_year > 2010)", "Rows Removed by Filter": 0}]}]}, "Triggers": [], "Planner Runtime": 6.763, "Total Runtime": 50.265, "Unique SQL Id": 4208751436}}, "(1, '25')": {"explain_plan": {"Plan": {"Node Type": "Aggregate", "Strategy": "Plain", "Startup Cost": 3404.02, "Total Cost": 3404.03, "Plan Rows": 1, "Plan Width": 144, "Plans": [{"Node Type": "Nested Loop", "Parent Relationship": "Outer", "Join Type": "Inner", "Startup Cost": 0.0, "Total Cost": 3404.01, "Plan Rows": 1, "Plan Width": 48, "Inner Unique": true, "Join Filter": "(mk.movie_id = t.id)", "Plans": [{"Node Type": "Nested Loop", "Parent Relationship": "Outer", "Join Type": "Inner", "Startup Cost": 0.0, "Total Cost": 3403.72, "Plan Rows": 1, "Plan Width": 39, "Inner Unique": true, "Plans": [{"Node Type": "Nested Loop", "Parent Relationship": "Outer", "Join Type": "Inner", "Startup Cost": 0.0, "Total Cost": 3345.17, "Plan Rows": 202, "Plan Width": 28, "Inner Unique": false, "Plans": [{"Node Type": "Nested Loop", "Parent Relationship": "Outer", "Join Type": "Inner", "Startup Cost": 0.0, "Total Cost": 3319.92, "Plan Rows": 33, "Plan Width": 20, "Inner Unique": false, "Plans": [{"Node Type": "Index Scan", "Parent Relationship": "Outer", "Scan Direction": "Forward", "Index Name": "keyword_pkey", "Relation Name": "keyword", "Alias": "k", "Startup Cost": 0.0, "Total Cost": 3182.72, "Plan Rows": 1, "Plan Width": 20, "Filter": "((keyword)::text = 'marvel-cinematic-universe'::text)"}, {"Node Type": "Index Scan", "Parent Relationship": "Inner", "Scan Direction": "Forward", "Index Name": "keyword_id_movie_keyword", "Relation Name": "movie_keyword", "Alias": "mk", "Startup Cost": 0.0, "Total Cost": 136.88, "Plan Rows": 33, "Plan Width": 8, "Index Cond": "(keyword_id = k.id)"}]}, {"Node Type": "Index Scan", "Parent Relationship": "Inner", "Scan Direction": "Forward", "Index Name": "movie_id_cast_info", "Relation Name": "cast_info", "Alias": "ci", "Startup Cost": 0.0, "Total Cost": 0.7, "Plan Rows": 6, "Plan Width": 8, "Index Cond": "(movie_id = mk.movie_id)"}]}, {"Node Type": "Index Scan", "Parent Relationship": "Inner", "Scan Direction": "Forward", "Index Name": "name_pkey", "Relation Name": "name", "Alias": "n", "Startup Cost": 0.0, "Total Cost": 0.28, "Plan Rows": 1, "Plan Width": 19, "Index Cond": "(id = ci.person_id)", "Filter": "((name)::text ~~ '%Downey%Robert%'::text)"}]}, {"Node Type": "Index Scan", "Parent Relationship": "Inner", "Scan Direction": "Forward", "Index Name": "title_pkey", "Relation Name": "title", "Alias": "t", "Startup Cost": 0.0, "Total Cost": 0.28, "Plan Rows": 1, "Plan Width": 21, "Index Cond": "(id = ci.movie_id)", "Filter": "(production_year > 2010)"}]}]}, "Unique SQL Id": 4208751436, "Planner Runtime": 5}, "explain_analyze_plan": null}, "(1, '26')": {"explain_plan": {"Plan": {"Node Type": "Aggregate", "Strategy": "Plain", "Startup Cost": 5666754.1, "Total Cost": 5666754.11, "Plan Rows": 1, "Plan Width": 144, "Plans": [{"Node Type": "Merge Join", "Parent Relationship": "Outer", "Join Type": "Inner", "Startup Cost": 5378793.3, "Total Cost": 5666753.03, "Plan Rows": 143, "Plan Width": 48, "Inner Unique": true, "Merge Cond": "(mk.movie_id = t.id)", "Plans": [{"Node Type": "Nested Loop", "Parent Relationship": "Outer", "Join Type": "Inner", "Startup Cost": 5276040.37, "Total Cost": 5562043.06, "Plan Rows": 202, "Plan Width": 39, "Inner Unique": true, "Join Filter": "(ci.person_id = n.id)", "Plans": [{"Node Type": "Merge Join", "Parent Relationship": "Outer", "Join Type": "Inner", "Startup Cost": 5276040.37, "Total Cost": 5457293.95, "Plan Rows": 202, "Plan Width": 28, "Inner Unique": false, "Merge Cond": "(mk.movie_id = ci.movie_id)", "Plans": [{"Node Type": "Sort", "Parent Relationship": "Outer", "Startup Cost": 121427.35, "Total Cost": 121427.43, "Plan Rows": 33, "Plan Width": 20, "Sort Key": ["mk.movie_id"], "Plans": [{"Node Type": "Nested Loop", "Parent Relationship": "Outer", "Join Type": "Inner", "Startup Cost": 0.0, "Total Cost": 121426.52, "Plan Rows": 33, "Plan Width": 20, "Inner Unique": false, "Join Filter": "(k.id = mk.keyword_id)", "Plans": [{"Node Type": "Seq Scan", "Parent Relationship": "Outer", "Relation Name": "keyword", "Alias": "k", "Startup Cost": 0.0, "Total Cost": 2436.11, "Plan Rows": 1, "Plan Width": 20, "Filter": "((keyword)::text = 'marvel-cinematic-universe'::text)"}, {"Node Type": "Seq Scan", "Parent Relationship": "Inner", "Relation Name": "movie_keyword", "Alias": "mk", "Startup Cost": 0.0, "Total Cost": 62441.29, "Plan Rows": 4523929, "Plan Width": 8}]}]}, {"Node Type": "Sort", "Parent Relationship": "Inner", "Startup Cost": 5154593.8, "Total Cost": 5245242.54, "Plan Rows": 36259494, "Plan Width": 8, "Sort Key": ["ci.movie_id"], "Plans": [{"Node Type": "Seq Scan", "Parent Relationship": "Outer", "Relation Name": "cast_info", "Alias": "ci", "Startup Cost": 0.0, "Total Cost": 601877.94, "Plan Rows": 36259494, "Plan Width": 8}]}]}, {"Node Type": "Materialize", "Parent Relationship": "Inner", "Startup Cost": 0.0, "Total Cost": 103492.7, "Plan Rows": 415, "Plan Width": 19, "Plans": [{"Node Type": "Seq Scan", "Parent Relationship": "Outer", "Relation Name": "name", "Alias": "n", "Startup Cost": 0.0, "Total Cost": 103490.62, "Plan Rows": 415, "Plan Width": 19, "Filter": "((name)::text ~~ '%Downey%Robert%'::text)"}]}]}, {"Node Type": "Sort", "Parent Relationship": "Inner", "Startup Cost": 102752.7, "Total Cost": 103731.32, "Plan Rows": 391451, "Plan Width": 21, "Sort Key": ["t.id"], "Plans": [{"Node Type": "Seq Scan", "Parent Relationship": "Outer", "Relation Name": "title", "Alias": "t", "Startup Cost": 0.0, "Total Cost": 66389.89, "Plan Rows": 391451, "Plan Width": 21, "Filter": "(production_year > 2010), (LLVM Optimized)"}]}]}]}, "Unique SQL Id": 4208751436, "Planner Runtime": 5}, "explain_analyze_plan": null}, "(1, '27')": {"explain_plan": {"Plan": {"Node Type": "Aggregate", "Strategy": "Plain", "Startup Cost": 4973004114307.04, "Total Cost": 4973004114307.05, "Plan Rows": 1, "Plan Width": 144, "Plans": [{"Node Type": "Merge Join", "Parent Relationship": "Outer", "Join Type": "Inner", "Startup Cost": 50152554249.12, "Total Cost": 4973004114305.4, "Plan Rows": 218, "Plan Width": 48, "Inner Unique": true, "Merge Cond": "(mk.movie_id = t.id)", "Plans": [{"Node Type": "Nested Loop", "Parent Relationship": "Outer", "Join Type": "Inner", "Startup Cost": 40031158317.15, "Total Cost": 3973963636653.18, "Plan Rows": 202, "Plan Width": 39, "Inner Unique": false, "Join Filter": "(ci.movie_id = mk.movie_id)", "Plans": [{"Node Type": "Nested Loop", "Parent Relationship": "Outer", "Join Type": "Inner", "Startup Cost": 20000000000.0, "Total Cost": 2000015686764.79, "Plan Rows": 33, "Plan Width": 20, "Inner Unique": true, "Join Filter": "(k.id = mk.keyword_id)", "Plans": [{"Node Type": "Index Scan", "Parent Relationship": "Outer", "Scan Direction": "Forward", "Index Name": "movie_id_movie_keyword", "Relation Name": "movie_keyword", "Alias": "mk", "Startup Cost": 10000000000.0, "Total Cost": 1000015300634.17, "Plan Rows": 4523929, "Plan Width": 8}, {"Node Type": "Materialize", "Parent Relationship": "Inner", "Startup Cost": 10000000000.0, "Total Cost": 1000000318271.69, "Plan Rows": 1, "Plan Width": 20, "Plans": [{"Node Type": "Index Scan", "Parent Relationship": "Outer", "Scan Direction": "Forward", "Index Name": "keyword_pkey", "Relation Name": "keyword", "Alias": "k", "Startup Cost": 10000000000.0, "Total Cost": 1000000318271.68, "Plan Rows": 1, "Plan Width": 20, "Filter": "((keyword)::text = 'marvel-cinematic-universe'::text)"}]}]}, {"Node Type": "Materialize", "Parent Relationship": "Inner", "Startup Cost": 20031158317.15, "Total Cost": 1973947946184.79, "Plan Rows": 7520, "Plan Width": 19, "Plans": [{"Node Type": "Merge Join", "Parent Relationship": "Outer", "Join Type": "Inner", "Startup Cost": 20031158317.15, "Total Cost": 1973947946147.19, "Plan Rows": 7520, "Plan Width": 19, "Inner Unique": true, "Merge Cond": "(ci.person_id = n.id)", "Plans": [{"Node Type": "Index Scan", "Parent Relationship": "Outer", "Scan Direction": "Forward", "Index Name": "person_id_cast_info", "Relation Name": "cast_info", "Alias": "ci", "Startup Cost": 10000000000.0, "Total Cost": 1000170648833.21, "Plan Rows": 36259494, "Plan Width": 8}, {"Node Type": "Materialize", "Parent Relationship": "Inner", "Startup Cost": 10000000000.0, "Total Cost": 1000018665148.24, "Plan Rows": 415, "Plan Width": 19, "Plans": [{"Node Type": "Index Scan", "Parent Relationship": "Outer", "Scan Direction": "Forward", "Index Name": "name_pkey", "Relation Name": "name", "Alias": "n", "Startup Cost": 10000000000.0, "Total Cost": 1000018665147.2, "Plan Rows": 415, "Plan Width": 19, "Filter": "((name)::text ~~ '%Downey%Robert%'::text)"}]}]}]}]}, {"Node Type": "Index Scan", "Parent Relationship": "Inner", "Scan Direction": "Forward", "Index Name": "title_pkey", "Relation Name": "title", "Alias": "t", "Startup Cost": 10000000000.0, "Total Cost": 1000011644126.66, "Plan Rows": 391451, "Plan Width": 21, "Filter": "(production_year > 2010), (LLVM Optimized)"}]}]}, "Unique SQL Id": 4208751436, "Planner Runtime": 6}, "explain_analyze_plan": null}, "(1, '28')": {"explain_plan": {"Plan": {"Node Type": "Aggregate", "Strategy": "Plain", "Startup Cost": 2657.42, "Total Cost": 2657.43, "Plan Rows": 1, "Plan Width": 144, "Plans": [{"Node Type": "Nested Loop", "Parent Relationship": "Outer", "Join Type": "Inner", "Startup Cost": 0.0, "Total Cost": 2657.41, "Plan Rows": 1, "Plan Width": 48, "Inner Unique": true, "Join Filter": "(mk.movie_id = t.id)", "Plans": [{"Node Type": "Nested Loop", "Parent Relationship": "Outer", "Join Type": "Inner", "Startup Cost": 0.0, "Total Cost": 2657.12, "Plan Rows": 1, "Plan Width": 39, "Inner Unique": true, "Plans": [{"Node Type": "Nested Loop", "Parent Relationship": "Outer", "Join Type": "Inner", "Startup Cost": 0.0, "Total Cost": 2598.56, "Plan Rows": 202, "Plan Width": 28, "Inner Unique": false, "Plans": [{"Node Type": "Nested Loop", "Parent Relationship": "Outer", "Join Type": "Inner", "Startup Cost": 0.0, "Total Cost": 2573.32, "Plan Rows": 33, "Plan Width": 20, "Inner Unique": false, "Plans": [{"Node Type": "Seq Scan", "Parent Relationship": "Outer", "Relation Name": "keyword", "Alias": "k", "Startup Cost": 0.0, "Total Cost": 2436.11, "Plan Rows": 1, "Plan Width": 20, "Filter": "((keyword)::text = 'marvel-cinematic-universe'::text)"}, {"Node Type": "Index Scan", "Parent Relationship": "Inner", "Scan Direction": "Forward", "Index Name": "keyword_id_movie_keyword", "Relation Name": "movie_keyword", "Alias": "mk", "Startup Cost": 0.0, "Total Cost": 136.88, "Plan Rows": 33, "Plan Width": 8, "Index Cond": "(keyword_id = k.id)"}]}, {"Node Type": "Index Scan", "Parent Relationship": "Inner", "Scan Direction": "Forward", "Index Name": "movie_id_cast_info", "Relation Name": "cast_info", "Alias": "ci", "Startup Cost": 0.0, "Total Cost": 0.7, "Plan Rows": 6, "Plan Width": 8, "Index Cond": "(movie_id = mk.movie_id)"}]}, {"Node Type": "Index Scan", "Parent Relationship": "Inner", "Scan Direction": "Forward", "Index Name": "name_pkey", "Relation Name": "name", "Alias": "n", "Startup Cost": 0.0, "Total Cost": 0.28, "Plan Rows": 1, "Plan Width": 19, "Index Cond": "(id = ci.person_id)", "Filter": "((name)::text ~~ '%Downey%Robert%'::text)"}]}, {"Node Type": "Index Scan", "Parent Relationship": "Inner", "Scan Direction": "Forward", "Index Name": "title_pkey", "Relation Name": "title", "Alias": "t", "Startup Cost": 0.0, "Total Cost": 0.28, "Plan Rows": 1, "Plan Width": 21, "Index Cond": "(id = ci.movie_id)", "Filter": "(production_year > 2010)"}]}]}, "Unique SQL Id": 4208751436, "Planner Runtime": 6}, "explain_analyze_plan": {"Plan": {"Node Type": "Aggregate", "Strategy": "Plain", "Startup Cost": 2657.42, "Total Cost": 2657.43, "Plan Rows": 1, "Plan Width": 144, "Actual Startup Time": 50.033, "Actual Total Time": 50.033, "Actual Rows": 1, "Actual Loops": 1, "Plans": [{"Node Type": "Nested Loop", "Parent Relationship": "Outer", "Join Type": "Inner", "Startup Cost": 0.0, "Total Cost": 2657.41, "Plan Rows": 1, "Plan Width": 48, "Actual Startup Time": 2.738, "Actual Total Time": 49.998, "Actual Rows": 6, "Actual Loops": 1, "Inner Unique": true, "Join Filter": "(mk.movie_id = t.id)", "Rows Removed by Join Filter": 0, "Plans": [{"Node Type": "Nested Loop", "Parent Relationship": "Outer", "Join Type": "Inner", "Startup Cost": 0.0, "Total Cost": 2657.12, "Plan Rows": 1, "Plan Width": 39, "Actual Startup Time": 2.722, "Actual Total Time": 49.943, "Actual Rows": 6, "Actual Loops": 1, "Inner Unique": true, "Plans": [{"Node Type": "Nested Loop", "Parent Relationship": "Outer", "Join Type": "Inner", "Startup Cost": 0.0, "Total Cost": 2598.56, "Plan Rows": 202, "Plan Width": 28, "Actual Startup Time": 1.069, "Actual Total Time": 42.909, "Actual Rows": 1242, "Actual Loops": 1, "Inner Unique": false, "Plans": [{"Node Type": "Nested Loop", "Parent Relationship": "Outer", "Join Type": "Inner", "Startup Cost": 0.0, "Total Cost": 2573.32, "Plan Rows": 33, "Plan Width": 20, "Actual Startup Time": 1.054, "Actual Total Time": 40.494, "Actual Rows": 14, "Actual Loops": 1, "Inner Unique": false, "Plans": [{"Node Type": "Seq Scan", "Parent Relationship": "Outer", "Relation Name": "keyword", "Alias": "k", "Startup Cost": 0.0, "Total Cost": 2436.11, "Plan Rows": 1, "Plan Width": 20, "Actual Startup Time": 1.034, "Actual Total Time": 40.443, "Actual Rows": 1, "Actual Loops": 1, "Filter": "((keyword)::text = 'marvel-cinematic-universe'::text)", "Rows Removed by Filter": 134168}, {"Node Type": "Index Scan", "Parent Relationship": "Inner", "Scan Direction": "Forward", "Index Name": "keyword_id_movie_keyword", "Relation Name": "movie_keyword", "Alias": "mk", "Startup Cost": 0.0, "Total Cost": 136.88, "Plan Rows": 33, "Plan Width": 8, "Actual Startup Time": 0.014, "Actual Total Time": 0.039, "Actual Rows": 14, "Actual Loops": 1, "Index Cond": "(keyword_id = k.id)", "Rows Removed by Index Recheck": 0}]}, {"Node Type": "Index Scan", "Parent Relationship": "Inner", "Scan Direction": "Forward", "Index Name": "movie_id_cast_info", "Relation Name": "cast_info", "Alias": "ci", "Startup Cost": 0.0, "Total Cost": 0.7, "Plan Rows": 6, "Plan Width": 8, "Actual Startup Time": 0.169, "Actual Total Time": 2.091, "Actual Rows": 1242, "Actual Loops": 14, "Index Cond": "(movie_id = mk.movie_id)", "Rows Removed by Index Recheck": 0}]}, {"Node Type": "Index Scan", "Parent Relationship": "Inner", "Scan Direction": "Forward", "Index Name": "name_pkey", "Relation Name": "name", "Alias": "n", "Startup Cost": 0.0, "Total Cost": 0.28, "Plan Rows": 1, "Plan Width": 19, "Actual Startup Time": 6.441, "Actual Total Time": 6.441, "Actual Rows": 6, "Actual Loops": 1242, "Index Cond": "(id = ci.person_id)", "Rows Removed by Index Recheck": 0, "Filter": "((name)::text ~~ '%Downey%Robert%'::text)", "Rows Removed by Filter": 1236}]}, {"Node Type": "Index Scan", "Parent Relationship": "Inner", "Scan Direction": "Forward", "Index Name": "title_pkey", "Relation Name": "title", "Alias": "t", "Startup Cost": 0.0, "Total Cost": 0.28, "Plan Rows": 1, "Plan Width": 21, "Actual Startup Time": 0.04, "Actual Total Time": 0.04, "Actual Rows": 6, "Actual Loops": 6, "Index Cond": "(id = ci.movie_id)", "Rows Removed by Index Recheck": 0, "Filter": "(production_year > 2010)", "Rows Removed by Filter": 0}]}]}, "Triggers": [], "Planner Runtime": 6.763, "Total Runtime": 50.265, "Unique SQL Id": 4208751436}}, "(1, '29')": {"explain_plan": {"Plan": {"Node Type": "Aggregate", "Strategy": "Plain", "Startup Cost": 3404.02, "Total Cost": 3404.03, "Plan Rows": 1, "Plan Width": 144, "Plans": [{"Node Type": "Nested Loop", "Parent Relationship": "Outer", "Join Type": "Inner", "Startup Cost": 0.0, "Total Cost": 3404.01, "Plan Rows": 1, "Plan Width": 48, "Inner Unique": true, "Join Filter": "(mk.movie_id = t.id)", "Plans": [{"Node Type": "Nested Loop", "Parent Relationship": "Outer", "Join Type": "Inner", "Startup Cost": 0.0, "Total Cost": 3403.72, "Plan Rows": 1, "Plan Width": 39, "Inner Unique": true, "Plans": [{"Node Type": "Nested Loop", "Parent Relationship": "Outer", "Join Type": "Inner", "Startup Cost": 0.0, "Total Cost": 3345.17, "Plan Rows": 202, "Plan Width": 28, "Inner Unique": false, "Plans": [{"Node Type": "Nested Loop", "Parent Relationship": "Outer", "Join Type": "Inner", "Startup Cost": 0.0, "Total Cost": 3319.92, "Plan Rows": 33, "Plan Width": 20, "Inner Unique": false, "Plans": [{"Node Type": "Index Scan", "Parent Relationship": "Outer", "Scan Direction": "Forward", "Index Name": "keyword_pkey", "Relation Name": "keyword", "Alias": "k", "Startup Cost": 0.0, "Total Cost": 3182.72, "Plan Rows": 1, "Plan Width": 20, "Filter": "((keyword)::text = 'marvel-cinematic-universe'::text)"}, {"Node Type": "Index Scan", "Parent Relationship": "Inner", "Scan Direction": "Forward", "Index Name": "keyword_id_movie_keyword", "Relation Name": "movie_keyword", "Alias": "mk", "Startup Cost": 0.0, "Total Cost": 136.88, "Plan Rows": 33, "Plan Width": 8, "Index Cond": "(keyword_id = k.id)"}]}, {"Node Type": "Index Scan", "Parent Relationship": "Inner", "Scan Direction": "Forward", "Index Name": "movie_id_cast_info", "Relation Name": "cast_info", "Alias": "ci", "Startup Cost": 0.0, "Total Cost": 0.7, "Plan Rows": 6, "Plan Width": 8, "Index Cond": "(movie_id = mk.movie_id)"}]}, {"Node Type": "Index Scan", "Parent Relationship": "Inner", "Scan Direction": "Forward", "Index Name": "name_pkey", "Relation Name": "name", "Alias": "n", "Startup Cost": 0.0, "Total Cost": 0.28, "Plan Rows": 1, "Plan Width": 19, "Index Cond": "(id = ci.person_id)", "Filter": "((name)::text ~~ '%Downey%Robert%'::text)"}]}, {"Node Type": "Index Scan", "Parent Relationship": "Inner", "Scan Direction": "Forward", "Index Name": "title_pkey", "Relation Name": "title", "Alias": "t", "Startup Cost": 0.0, "Total Cost": 0.28, "Plan Rows": 1, "Plan Width": 21, "Index Cond": "(id = ci.movie_id)", "Filter": "(production_year > 2010)"}]}]}, "Unique SQL Id": 4208751436, "Planner Runtime": 5}, "explain_analyze_plan": null}, "(1, '30')": {"explain_plan": {"Plan": {"Node Type": "Aggregate", "Strategy": "Plain", "Startup Cost": 5666754.1, "Total Cost": 5666754.11, "Plan Rows": 1, "Plan Width": 144, "Plans": [{"Node Type": "Merge Join", "Parent Relationship": "Outer", "Join Type": "Inner", "Startup Cost": 5378793.3, "Total Cost": 5666753.03, "Plan Rows": 143, "Plan Width": 48, "Inner Unique": true, "Merge Cond": "(mk.movie_id = t.id)", "Plans": [{"Node Type": "Nested Loop", "Parent Relationship": "Outer", "Join Type": "Inner", "Startup Cost": 5276040.37, "Total Cost": 5562043.06, "Plan Rows": 202, "Plan Width": 39, "Inner Unique": true, "Join Filter": "(ci.person_id = n.id)", "Plans": [{"Node Type": "Merge Join", "Parent Relationship": "Outer", "Join Type": "Inner", "Startup Cost": 5276040.37, "Total Cost": 5457293.95, "Plan Rows": 202, "Plan Width": 28, "Inner Unique": false, "Merge Cond": "(mk.movie_id = ci.movie_id)", "Plans": [{"Node Type": "Sort", "Parent Relationship": "Outer", "Startup Cost": 121427.35, "Total Cost": 121427.43, "Plan Rows": 33, "Plan Width": 20, "Sort Key": ["mk.movie_id"], "Plans": [{"Node Type": "Nested Loop", "Parent Relationship": "Outer", "Join Type": "Inner", "Startup Cost": 0.0, "Total Cost": 121426.52, "Plan Rows": 33, "Plan Width": 20, "Inner Unique": false, "Join Filter": "(k.id = mk.keyword_id)", "Plans": [{"Node Type": "Seq Scan", "Parent Relationship": "Outer", "Relation Name": "keyword", "Alias": "k", "Startup Cost": 0.0, "Total Cost": 2436.11, "Plan Rows": 1, "Plan Width": 20, "Filter": "((keyword)::text = 'marvel-cinematic-universe'::text)"}, {"Node Type": "Seq Scan", "Parent Relationship": "Inner", "Relation Name": "movie_keyword", "Alias": "mk", "Startup Cost": 0.0, "Total Cost": 62441.29, "Plan Rows": 4523929, "Plan Width": 8}]}]}, {"Node Type": "Sort", "Parent Relationship": "Inner", "Startup Cost": 5154593.8, "Total Cost": 5245242.54, "Plan Rows": 36259494, "Plan Width": 8, "Sort Key": ["ci.movie_id"], "Plans": [{"Node Type": "Seq Scan", "Parent Relationship": "Outer", "Relation Name": "cast_info", "Alias": "ci", "Startup Cost": 0.0, "Total Cost": 601877.94, "Plan Rows": 36259494, "Plan Width": 8}]}]}, {"Node Type": "Materialize", "Parent Relationship": "Inner", "Startup Cost": 0.0, "Total Cost": 103492.7, "Plan Rows": 415, "Plan Width": 19, "Plans": [{"Node Type": "Seq Scan", "Parent Relationship": "Outer", "Relation Name": "name", "Alias": "n", "Startup Cost": 0.0, "Total Cost": 103490.62, "Plan Rows": 415, "Plan Width": 19, "Filter": "((name)::text ~~ '%Downey%Robert%'::text)"}]}]}, {"Node Type": "Sort", "Parent Relationship": "Inner", "Startup Cost": 102752.7, "Total Cost": 103731.32, "Plan Rows": 391451, "Plan Width": 21, "Sort Key": ["t.id"], "Plans": [{"Node Type": "Seq Scan", "Parent Relationship": "Outer", "Relation Name": "title", "Alias": "t", "Startup Cost": 0.0, "Total Cost": 66389.89, "Plan Rows": 391451, "Plan Width": 21, "Filter": "(production_year > 2010), (LLVM Optimized)"}]}]}]}, "Unique SQL Id": 4208751436, "Planner Runtime": 5}, "explain_analyze_plan": null}, "(1, '31')": {"explain_plan": {"Plan": {"Node Type": "Aggregate", "Strategy": "Plain", "Startup Cost": 4973004114307.04, "Total Cost": 4973004114307.05, "Plan Rows": 1, "Plan Width": 144, "Plans": [{"Node Type": "Merge Join", "Parent Relationship": "Outer", "Join Type": "Inner", "Startup Cost": 50152554249.12, "Total Cost": 4973004114305.4, "Plan Rows": 218, "Plan Width": 48, "Inner Unique": true, "Merge Cond": "(mk.movie_id = t.id)", "Plans": [{"Node Type": "Nested Loop", "Parent Relationship": "Outer", "Join Type": "Inner", "Startup Cost": 40031158317.15, "Total Cost": 3973963636653.18, "Plan Rows": 202, "Plan Width": 39, "Inner Unique": false, "Join Filter": "(ci.movie_id = mk.movie_id)", "Plans": [{"Node Type": "Nested Loop", "Parent Relationship": "Outer", "Join Type": "Inner", "Startup Cost": 20000000000.0, "Total Cost": 2000015686764.79, "Plan Rows": 33, "Plan Width": 20, "Inner Unique": true, "Join Filter": "(k.id = mk.keyword_id)", "Plans": [{"Node Type": "Index Scan", "Parent Relationship": "Outer", "Scan Direction": "Forward", "Index Name": "movie_id_movie_keyword", "Relation Name": "movie_keyword", "Alias": "mk", "Startup Cost": 10000000000.0, "Total Cost": 1000015300634.17, "Plan Rows": 4523929, "Plan Width": 8}, {"Node Type": "Materialize", "Parent Relationship": "Inner", "Startup Cost": 10000000000.0, "Total Cost": 1000000318271.69, "Plan Rows": 1, "Plan Width": 20, "Plans": [{"Node Type": "Index Scan", "Parent Relationship": "Outer", "Scan Direction": "Forward", "Index Name": "keyword_pkey", "Relation Name": "keyword", "Alias": "k", "Startup Cost": 10000000000.0, "Total Cost": 1000000318271.68, "Plan Rows": 1, "Plan Width": 20, "Filter": "((keyword)::text = 'marvel-cinematic-universe'::text)"}]}]}, {"Node Type": "Materialize", "Parent Relationship": "Inner", "Startup Cost": 20031158317.15, "Total Cost": 1973947946184.79, "Plan Rows": 7520, "Plan Width": 19, "Plans": [{"Node Type": "Merge Join", "Parent Relationship": "Outer", "Join Type": "Inner", "Startup Cost": 20031158317.15, "Total Cost": 1973947946147.19, "Plan Rows": 7520, "Plan Width": 19, "Inner Unique": true, "Merge Cond": "(ci.person_id = n.id)", "Plans": [{"Node Type": "Index Scan", "Parent Relationship": "Outer", "Scan Direction": "Forward", "Index Name": "person_id_cast_info", "Relation Name": "cast_info", "Alias": "ci", "Startup Cost": 10000000000.0, "Total Cost": 1000170648833.21, "Plan Rows": 36259494, "Plan Width": 8}, {"Node Type": "Materialize", "Parent Relationship": "Inner", "Startup Cost": 10000000000.0, "Total Cost": 1000018665148.24, "Plan Rows": 415, "Plan Width": 19, "Plans": [{"Node Type": "Index Scan", "Parent Relationship": "Outer", "Scan Direction": "Forward", "Index Name": "name_pkey", "Relation Name": "name", "Alias": "n", "Startup Cost": 10000000000.0, "Total Cost": 1000018665147.2, "Plan Rows": 415, "Plan Width": 19, "Filter": "((name)::text ~~ '%Downey%Robert%'::text)"}]}]}]}]}, {"Node Type": "Index Scan", "Parent Relationship": "Inner", "Scan Direction": "Forward", "Index Name": "title_pkey", "Relation Name": "title", "Alias": "t", "Startup Cost": 10000000000.0, "Total Cost": 1000011644126.66, "Plan Rows": 391451, "Plan Width": 21, "Filter": "(production_year > 2010), (LLVM Optimized)"}]}]}, "Unique SQL Id": 4208751436, "Planner Runtime": 6}, "explain_analyze_plan": null}, "(1, '32')": {"explain_plan": {"Plan": {"Node Type": "Aggregate", "Strategy": "Plain", "Startup Cost": 2653.12, "Total Cost": 2653.13, "Plan Rows": 1, "Plan Width": 144, "Plans": [{"Node Type": "Nested Loop", "Parent Relationship": "Outer", "Join Type": "Inner", "Startup Cost": 4.51, "Total Cost": 2653.12, "Plan Rows": 1, "Plan Width": 48, "Inner Unique": true, "Join Filter": "(mk.movie_id = t.id)", "Plans": [{"Node Type": "Nested Loop", "Parent Relationship": "Outer", "Join Type": "Inner", "Startup Cost": 4.51, "Total Cost": 2652.83, "Plan Rows": 1, "Plan Width": 39, "Inner Unique": true, "Plans": [{"Node Type": "Nested Loop", "Parent Relationship": "Outer", "Join Type": "Inner", "Startup Cost": 4.51, "Total Cost": 2594.27, "Plan Rows": 202, "Plan Width": 28, "Inner Unique": false, "Plans": [{"Node Type": "Nested Loop", "Parent Relationship": "Outer", "Join Type": "Inner", "Startup Cost": 4.51, "Total Cost": 2569.02, "Plan Rows": 33, "Plan Width": 20, "Inner Unique": false, "Plans": [{"Node Type": "Seq Scan", "Parent Relationship": "Outer", "Relation Name": "keyword", "Alias": "k", "Startup Cost": 0.0, "Total Cost": 2436.11, "Plan Rows": 1, "Plan Width": 20, "Filter": "((keyword)::text = 'marvel-cinematic-universe'::text)"}, {"Node Type": "Bitmap Heap Scan", "Parent Relationship": "Inner", "Relation Name": "movie_keyword", "Alias": "mk", "Startup Cost": 4.51, "Total Cost": 132.58, "Plan Rows": 33, "Plan Width": 8, "Recheck Cond": "(keyword_id = k.id)", "Plans": [{"Node Type": "Bitmap Index Scan", "Parent Relationship": "Outer", "Index Name": "keyword_id_movie_keyword", "Startup Cost": 0.0, "Total Cost": 4.5, "Plan Rows": 33, "Plan Width": 0, "Index Cond": "(keyword_id = k.id)"}]}]}, {"Node Type": "Index Scan", "Parent Relationship": "Inner", "Scan Direction": "Forward", "Index Name": "movie_id_cast_info", "Relation Name": "cast_info", "Alias": "ci", "Startup Cost": 0.0, "Total Cost": 0.7, "Plan Rows": 6, "Plan Width": 8, "Index Cond": "(movie_id = mk.movie_id)"}]}, {"Node Type": "Index Scan", "Parent Relationship": "Inner", "Scan Direction": "Forward", "Index Name": "name_pkey", "Relation Name": "name", "Alias": "n", "Startup Cost": 0.0, "Total Cost": 0.28, "Plan Rows": 1, "Plan Width": 19, "Index Cond": "(id = ci.person_id)", "Filter": "((name)::text ~~ '%Downey%Robert%'::text)"}]}, {"Node Type": "Index Scan", "Parent Relationship": "Inner", "Scan Direction": "Forward", "Index Name": "title_pkey", "Relation Name": "title", "Alias": "t", "Startup Cost": 0.0, "Total Cost": 0.28, "Plan Rows": 1, "Plan Width": 21, "Index Cond": "(id = ci.movie_id)", "Filter": "(production_year > 2010)"}]}]}, "Unique SQL Id": 4208751436, "Planner Runtime": 2}, "explain_analyze_plan": {"Plan": {"Node Type": "Aggregate", "Strategy": "Plain", "Startup Cost": 2653.12, "Total Cost": 2653.13, "Plan Rows": 1, "Plan Width": 144, "Actual Startup Time": 50.116, "Actual Total Time": 50.116, "Actual Rows": 1, "Actual Loops": 1, "Plans": [{"Node Type": "Nested Loop", "Parent Relationship": "Outer", "Join Type": "Inner", "Startup Cost": 4.51, "Total Cost": 2653.12, "Plan Rows": 1, "Plan Width": 48, "Actual Startup Time": 2.78, "Actual Total Time": 50.084, "Actual Rows": 6, "Actual Loops": 1, "Inner Unique": true, "Join Filter": "(mk.movie_id = t.id)", "Rows Removed by Join Filter": 0, "Plans": [{"Node Type": "Nested Loop", "Parent Relationship": "Outer", "Join Type": "Inner", "Startup Cost": 4.51, "Total Cost": 2652.83, "Plan Rows": 1, "Plan Width": 39, "Actual Startup Time": 2.763, "Actual Total Time": 50.032, "Actual Rows": 6, "Actual Loops": 1, "Inner Unique": true, "Plans": [{"Node Type": "Nested Loop", "Parent Relationship": "Outer", "Join Type": "Inner", "Startup Cost": 4.51, "Total Cost": 2594.27, "Plan Rows": 202, "Plan Width": 28, "Actual Startup Time": 1.106, "Actual Total Time": 42.984, "Actual Rows": 1242, "Actual Loops": 1, "Inner Unique": false, "Plans": [{"Node Type": "Nested Loop", "Parent Relationship": "Outer", "Join Type": "Inner", "Startup Cost": 4.51, "Total Cost": 2569.02, "Plan Rows": 33, "Plan Width": 20, "Actual Startup Time": 1.089, "Actual Total Time": 40.586, "Actual Rows": 14, "Actual Loops": 1, "Inner Unique": false, "Plans": [{"Node Type": "Seq Scan", "Parent Relationship": "Outer", "Relation Name": "keyword", "Alias": "k", "Startup Cost": 0.0, "Total Cost": 2436.11, "Plan Rows": 1, "Plan Width": 20, "Actual Startup Time": 1.052, "Actual Total Time": 40.505, "Actual Rows": 1, "Actual Loops": 1, "Filter": "((keyword)::text = 'marvel-cinematic-universe'::text)", "Rows Removed by Filter": 134168}, {"Node Type": "Bitmap Heap Scan", "Parent Relationship": "Inner", "Relation Name": "movie_keyword", "Alias": "mk", "Startup Cost": 4.51, "Total Cost": 132.58, "Plan Rows": 33, "Plan Width": 8, "Actual Startup Time": 0.03, "Actual Total Time": 0.064, "Actual Rows": 14, "Actual Loops": 1, "Recheck Cond": "(keyword_id = k.id)", "Rows Removed by Index Recheck": 0, "Exact Heap Blocks": 13, "Lossy Heap Blocks": 13, "Plans": [{"Node Type": "Bitmap Index Scan", "Parent Relationship": "Outer", "Index Name": "keyword_id_movie_keyword", "Startup Cost": 0.0, "Total Cost": 4.5, "Plan Rows": 33, "Plan Width": 0, "Actual Startup Time": 0.018, "Actual Total Time": 0.018, "Actual Rows": 14, "Actual Loops": 1, "Index Cond": "(keyword_id = k.id)"}]}]}, {"Node Type": "Index Scan", "Parent Relationship": "Inner", "Scan Direction": "Forward", "Index Name": "movie_id_cast_info", "Relation Name": "cast_info", "Alias": "ci", "Startup Cost": 0.0, "Total Cost": 0.7, "Plan Rows": 6, "Plan Width": 8, "Actual Startup Time": 0.178, "Actual Total Time": 2.086, "Actual Rows": 1242, "Actual Loops": 14, "Index Cond": "(movie_id = mk.movie_id)", "Rows Removed by Index Recheck": 0}]}, {"Node Type": "Index Scan", "Parent Relationship": "Inner", "Scan Direction": "Forward", "Index Name": "name_pkey", "Relation Name": "name", "Alias": "n", "Startup Cost": 0.0, "Total Cost": 0.28, "Plan Rows": 1, "Plan Width": 19, "Actual Startup Time": 6.418, "Actual Total Time": 6.418, "Actual Rows": 6, "Actual Loops": 1242, "Index Cond": "(id = ci.person_id)", "Rows Removed by Index Recheck": 0, "Filter": "((name)::text ~~ '%Downey%Robert%'::text)", "Rows Removed by Filter": 1236}]}, {"Node Type": "Index Scan", "Parent Relationship": "Inner", "Scan Direction": "Forward", "Index Name": "title_pkey", "Relation Name": "title", "Alias": "t", "Startup Cost": 0.0, "Total Cost": 0.28, "Plan Rows": 1, "Plan Width": 21, "Actual Startup Time": 0.037, "Actual Total Time": 0.037, "Actual Rows": 6, "Actual Loops": 6, "Index Cond": "(id = ci.movie_id)", "Rows Removed by Index Recheck": 0, "Filter": "(production_year > 2010)", "Rows Removed by Filter": 0}]}]}, "Triggers": [], "Planner Runtime": 6.792, "Total Runtime": 50.355, "Unique SQL Id": 4208751436}}, "(1, '33')": {"explain_plan": {"Plan": {"Node Type": "Aggregate", "Strategy": "Plain", "Startup Cost": 3399.73, "Total Cost": 3399.74, "Plan Rows": 1, "Plan Width": 144, "Plans": [{"Node Type": "Nested Loop", "Parent Relationship": "Outer", "Join Type": "Inner", "Startup Cost": 4.51, "Total Cost": 3399.72, "Plan Rows": 1, "Plan Width": 48, "Inner Unique": true, "Join Filter": "(mk.movie_id = t.id)", "Plans": [{"Node Type": "Nested Loop", "Parent Relationship": "Outer", "Join Type": "Inner", "Startup Cost": 4.51, "Total Cost": 3399.43, "Plan Rows": 1, "Plan Width": 39, "Inner Unique": true, "Plans": [{"Node Type": "Nested Loop", "Parent Relationship": "Outer", "Join Type": "Inner", "Startup Cost": 4.51, "Total Cost": 3340.87, "Plan Rows": 202, "Plan Width": 28, "Inner Unique": false, "Plans": [{"Node Type": "Nested Loop", "Parent Relationship": "Outer", "Join Type": "Inner", "Startup Cost": 4.51, "Total Cost": 3315.63, "Plan Rows": 33, "Plan Width": 20, "Inner Unique": false, "Plans": [{"Node Type": "Index Scan", "Parent Relationship": "Outer", "Scan Direction": "Forward", "Index Name": "keyword_pkey", "Relation Name": "keyword", "Alias": "k", "Startup Cost": 0.0, "Total Cost": 3182.72, "Plan Rows": 1, "Plan Width": 20, "Filter": "((keyword)::text = 'marvel-cinematic-universe'::text)"}, {"Node Type": "Bitmap Heap Scan", "Parent Relationship": "Inner", "Relation Name": "movie_keyword", "Alias": "mk", "Startup Cost": 4.51, "Total Cost": 132.58, "Plan Rows": 33, "Plan Width": 8, "Recheck Cond": "(keyword_id = k.id)", "Plans": [{"Node Type": "Bitmap Index Scan", "Parent Relationship": "Outer", "Index Name": "keyword_id_movie_keyword", "Startup Cost": 0.0, "Total Cost": 4.5, "Plan Rows": 33, "Plan Width": 0, "Index Cond": "(keyword_id = k.id)"}]}]}, {"Node Type": "Index Scan", "Parent Relationship": "Inner", "Scan Direction": "Forward", "Index Name": "movie_id_cast_info", "Relation Name": "cast_info", "Alias": "ci", "Startup Cost": 0.0, "Total Cost": 0.7, "Plan Rows": 6, "Plan Width": 8, "Index Cond": "(movie_id = mk.movie_id)"}]}, {"Node Type": "Index Scan", "Parent Relationship": "Inner", "Scan Direction": "Forward", "Index Name": "name_pkey", "Relation Name": "name", "Alias": "n", "Startup Cost": 0.0, "Total Cost": 0.28, "Plan Rows": 1, "Plan Width": 19, "Index Cond": "(id = ci.person_id)", "Filter": "((name)::text ~~ '%Downey%Robert%'::text)"}]}, {"Node Type": "Index Scan", "Parent Relationship": "Inner", "Scan Direction": "Forward", "Index Name": "title_pkey", "Relation Name": "title", "Alias": "t", "Startup Cost": 0.0, "Total Cost": 0.28, "Plan Rows": 1, "Plan Width": 21, "Index Cond": "(id = ci.movie_id)", "Filter": "(production_year > 2010)"}]}]}, "Unique SQL Id": 4208751436, "Planner Runtime": 1}, "explain_analyze_plan": null}, "(1, '34')": {"explain_plan": {"Plan": {"Node Type": "Aggregate", "Strategy": "Plain", "Startup Cost": 3589.09, "Total Cost": 3589.1, "Plan Rows": 1, "Plan Width": 144, "Plans": [{"Node Type": "Nested Loop", "Parent Relationship": "Outer", "Join Type": "Inner", "Startup Cost": 5.44, "Total Cost": 3589.09, "Plan Rows": 1, "Plan Width": 48, "Inner Unique": true, "Join Filter": "(mk.movie_id = t.id)", "Plans": [{"Node Type": "Nested Loop", "Parent Relationship": "Outer", "Join Type": "Inner", "Startup Cost": 5.19, "Total Cost": 3584.8, "Plan Rows": 1, "Plan Width": 39, "Inner Unique": true, "Plans": [{"Node Type": "Nested Loop", "Parent Relationship": "Outer", "Join Type": "Inner", "Startup Cost": 4.93, "Total Cost": 2719.34, "Plan Rows": 202, "Plan Width": 28, "Inner Unique": false, "Plans": [{"Node Type": "Nested Loop", "Parent Relationship": "Outer", "Join Type": "Inner", "Startup Cost": 4.51, "Total Cost": 2569.02, "Plan Rows": 33, "Plan Width": 20, "Inner Unique": false, "Plans": [{"Node Type": "Seq Scan", "Parent Relationship": "Outer", "Relation Name": "keyword", "Alias": "k", "Startup Cost": 0.0, "Total Cost": 2436.11, "Plan Rows": 1, "Plan Width": 20, "Filter": "((keyword)::text = 'marvel-cinematic-universe'::text)"}, {"Node Type": "Bitmap Heap Scan", "Parent Relationship": "Inner", "Relation Name": "movie_keyword", "Alias": "mk", "Startup Cost": 4.51, "Total Cost": 132.58, "Plan Rows": 33, "Plan Width": 8, "Recheck Cond": "(keyword_id = k.id)", "Plans": [{"Node Type": "Bitmap Index Scan", "Parent Relationship": "Outer", "Index Name": "keyword_id_movie_keyword", "Startup Cost": 0.0, "Total Cost": 4.5, "Plan Rows": 33, "Plan Width": 0, "Index Cond": "(keyword_id = k.id)"}]}]}, {"Node Type": "Bitmap Heap Scan", "Parent Relationship": "Inner", "Relation Name": "cast_info", "Alias": "ci", "Startup Cost": 0.42, "Total Cost": 4.49, "Plan Rows": 6, "Plan Width": 8, "Recheck Cond": "(movie_id = mk.movie_id)", "Plans": [{"Node Type": "Bitmap Index Scan", "Parent Relationship": "Outer", "Index Name": "movie_id_cast_info", "Startup Cost": 0.0, "Total Cost": 0.42, "Plan Rows": 6, "Plan Width": 0, "Index Cond": "(movie_id = mk.movie_id)"}]}]}, {"Node Type": "Bitmap Heap Scan", "Parent Relationship": "Inner", "Relation Name": "name", "Alias": "n", "Startup Cost": 0.26, "Total Cost": 4.27, "Plan Rows": 1, "Plan Width": 19, "Recheck Cond": "(id = ci.person_id)", "Filter": "((name)::text ~~ '%Downey%Robert%'::text)", "Plans": [{"Node Type": "Bitmap Index Scan", "Parent Relationship": "Outer", "Index Name": "name_pkey", "Startup Cost": 0.0, "Total Cost": 0.26, "Plan Rows": 1, "Plan Width": 0, "Index Cond": "(id = ci.person_id)"}]}]}, {"Node Type": "Bitmap Heap Scan", "Parent Relationship": "Inner", "Relation Name": "title", "Alias": "t", "Startup Cost": 0.26, "Total Cost": 4.27, "Plan Rows": 1, "Plan Width": 21, "Recheck Cond": "(id = ci.movie_id)", "Filter": "(production_year > 2010)", "Plans": [{"Node Type": "Bitmap Index Scan", "Parent Relationship": "Outer", "Index Name": "title_pkey", "Startup Cost": 0.0, "Total Cost": 0.26, "Plan Rows": 1, "Plan Width": 0, "Index Cond": "(id = ci.movie_id)"}]}]}]}, "Unique SQL Id": 4208751436, "Planner Runtime": 2}, "explain_analyze_plan": {"Plan": {"Node Type": "Aggregate", "Strategy": "Plain", "Startup Cost": 3589.09, "Total Cost": 3589.1, "Plan Rows": 1, "Plan Width": 144, "Actual Startup Time": 53.171, "Actual Total Time": 53.171, "Actual Rows": 1, "Actual Loops": 1, "Plans": [{"Node Type": "Nested Loop", "Parent Relationship": "Outer", "Join Type": "Inner", "Startup Cost": 5.44, "Total Cost": 3589.09, "Plan Rows": 1, "Plan Width": 48, "Actual Startup Time": 3.448, "Actual Total Time": 53.134, "Actual Rows": 6, "Actual Loops": 1, "Inner Unique": true, "Join Filter": "(mk.movie_id = t.id)", "Rows Removed by Join Filter": 0, "Plans": [{"Node Type": "Nested Loop", "Parent Relationship": "Outer", "Join Type": "Inner", "Startup Cost": 5.19, "Total Cost": 3584.8, "Plan Rows": 1, "Plan Width": 39, "Actual Startup Time": 3.427, "Actual Total Time": 53.065, "Actual Rows": 6, "Actual Loops": 1, "Inner Unique": true, "Plans": [{"Node Type": "Nested Loop", "Parent Relationship": "Outer", "Join Type": "Inner", "Startup Cost": 4.93, "Total Cost": 2719.34, "Plan Rows": 202, "Plan Width": 28, "Actual Startup Time": 1.113, "Actual Total Time": 43.869, "Actual Rows": 1242, "Actual Loops": 1, "Inner Unique": false, "Plans": [{"Node Type": "Nested Loop", "Parent Relationship": "Outer", "Join Type": "Inner", "Startup Cost": 4.51, "Total Cost": 2569.02, "Plan Rows": 33, "Plan Width": 20, "Actual Startup Time": 1.075, "Actual Total Time": 40.613, "Actual Rows": 14, "Actual Loops": 1, "Inner Unique": false, "Plans": [{"Node Type": "Seq Scan", "Parent Relationship": "Outer", "Relation Name": "keyword", "Alias": "k", "Startup Cost": 0.0, "Total Cost": 2436.11, "Plan Rows": 1, "Plan Width": 20, "Actual Startup Time": 1.032, "Actual Total Time": 40.534, "Actual Rows": 1, "Actual Loops": 1, "Filter": "((keyword)::text = 'marvel-cinematic-universe'::text)", "Rows Removed by Filter": 134168}, {"Node Type": "Bitmap Heap Scan", "Parent Relationship": "Inner", "Relation Name": "movie_keyword", "Alias": "mk", "Startup Cost": 4.51, "Total Cost": 132.58, "Plan Rows": 33, "Plan Width": 8, "Actual Startup Time": 0.037, "Actual Total Time": 0.067, "Actual Rows": 14, "Actual Loops": 1, "Recheck Cond": "(keyword_id = k.id)", "Rows Removed by Index Recheck": 0, "Exact Heap Blocks": 13, "Lossy Heap Blocks": 13, "Plans": [{"Node Type": "Bitmap Index Scan", "Parent Relationship": "Outer", "Index Name": "keyword_id_movie_keyword", "Startup Cost": 0.0, "Total Cost": 4.5, "Plan Rows": 33, "Plan Width": 0, "Actual Startup Time": 0.021, "Actual Total Time": 0.021, "Actual Rows": 14, "Actual Loops": 1, "Index Cond": "(keyword_id = k.id)"}]}]}, {"Node Type": "Bitmap Heap Scan", "Parent Relationship": "Inner", "Relation Name": "cast_info", "Alias": "ci", "Startup Cost": 0.42, "Total Cost": 4.49, "Plan Rows": 6, "Plan Width": 8, "Actual Startup Time": 0.637, "Actual Total Time": 2.904, "Actual Rows": 1242, "Actual Loops": 14, "Recheck Cond": "(movie_id = mk.movie_id)", "Rows Removed by Index Recheck": 0, "Exact Heap Blocks": 1184, "Lossy Heap Blocks": 1184, "Plans": [{"Node Type": "Bitmap Index Scan", "Parent Relationship": "Outer", "Index Name": "movie_id_cast_info", "Startup Cost": 0.0, "Total Cost": 0.42, "Plan Rows": 6, "Plan Width": 0, "Actual Startup Time": 0.398, "Actual Total Time": 0.398, "Actual Rows": 1242, "Actual Loops": 14, "Index Cond": "(movie_id = mk.movie_id)"}]}]}, {"Node Type": "Bitmap Heap Scan", "Parent Relationship": "Inner", "Relation Name": "name", "Alias": "n", "Startup Cost": 0.26, "Total Cost": 4.27, "Plan Rows": 1, "Plan Width": 19, "Actual Startup Time": 7.816, "Actual Total Time": 7.816, "Actual Rows": 6, "Actual Loops": 1242, "Recheck Cond": "(id = ci.person_id)", "Rows Removed by Index Recheck": 0, "Filter": "((name)::text ~~ '%Downey%Robert%'::text)", "Rows Removed by Filter": 1236, "Exact Heap Blocks": 1242, "Lossy Heap Blocks": 1242, "Plans": [{"Node Type": "Bitmap Index Scan", "Parent Relationship": "Outer", "Index Name": "name_pkey", "Startup Cost": 0.0, "Total Cost": 0.26, "Plan Rows": 1, "Plan Width": 0, "Actual Startup Time": 4.579, "Actual Total Time": 4.579, "Actual Rows": 1242, "Actual Loops": 1242, "Index Cond": "(id = ci.person_id)"}]}]}, {"Node Type": "Bitmap Heap Scan", "Parent Relationship": "Inner", "Relation Name": "title", "Alias": "t", "Startup Cost": 0.26, "Total Cost": 4.27, "Plan Rows": 1, "Plan Width": 21, "Actual Startup Time": 0.052, "Actual Total Time": 0.052, "Actual Rows": 6, "Actual Loops": 6, "Recheck Cond": "(id = ci.movie_id)", "Rows Removed by Index Recheck": 0, "Filter": "(production_year > 2010)", "Rows Removed by Filter": 0, "Exact Heap Blocks": 6, "Lossy Heap Blocks": 6, "Plans": [{"Node Type": "Bitmap Index Scan", "Parent Relationship": "Outer", "Index Name": "title_pkey", "Startup Cost": 0.0, "Total Cost": 0.26, "Plan Rows": 1, "Plan Width": 0, "Actual Startup Time": 0.027, "Actual Total Time": 0.027, "Actual Rows": 6, "Actual Loops": 6, "Index Cond": "(id = ci.movie_id)"}]}]}]}, "Triggers": [], "Planner Runtime": 2.206, "Total Runtime": 53.451, "Unique SQL Id": 4208751436}}, "(1, '35')": {"explain_plan": {"Plan": {"Node Type": "Aggregate", "Strategy": "Plain", "Startup Cost": 1000034676559.16, "Total Cost": 1000034676559.17, "Plan Rows": 1, "Plan Width": 144, "Plans": [{"Node Type": "Nested Loop", "Parent Relationship": "Outer", "Join Type": "Inner", "Startup Cost": 10000000001.2, "Total Cost": 1000034676559.15, "Plan Rows": 1, "Plan Width": 48, "Inner Unique": true, "Join Filter": "(mk.movie_id = t.id)", "Plans": [{"Node Type": "Nested Loop", "Parent Relationship": "Outer", "Join Type": "Inner", "Startup Cost": 10000000000.94, "Total Cost": 1000034676554.87, "Plan Rows": 1, "Plan Width": 39, "Inner Unique": true, "Plans": [{"Node Type": "Nested Loop", "Parent Relationship": "Outer", "Join Type": "Inner", "Startup Cost": 10000000000.68, "Total Cost": 1000034675689.4, "Plan Rows": 202, "Plan Width": 28, "Inner Unique": false, "Plans": [{"Node Type": "Nested Loop", "Parent Relationship": "Outer", "Join Type": "Inner", "Startup Cost": 10000000000.26, "Total Cost": 1000034675539.09, "Plan Rows": 33, "Plan Width": 20, "Inner Unique": true, "Plans": [{"Node Type": "Index Scan", "Parent Relationship": "Outer", "Scan Direction": "Forward", "Index Name": "movie_id_movie_keyword", "Relation Name": "movie_keyword", "Alias": "mk", "Startup Cost": 10000000000.0, "Total Cost": 1000015300634.17, "Plan Rows": 4523929, "Plan Width": 8}, {"Node Type": "Bitmap Heap Scan", "Parent Relationship": "Inner", "Relation Name": "keyword", "Alias": "k", "Startup Cost": 0.26, "Total Cost": 4.27, "Plan Rows": 1, "Plan Width": 20, "Recheck Cond": "(id = mk.keyword_id)", "Filter": "((keyword)::text = 'marvel-cinematic-universe'::text)", "Plans": [{"Node Type": "Bitmap Index Scan", "Parent Relationship": "Outer", "Index Name": "keyword_pkey", "Startup Cost": 0.0, "Total Cost": 0.26, "Plan Rows": 1, "Plan Width": 0, "Index Cond": "(id = mk.keyword_id)"}]}]}, {"Node Type": "Bitmap Heap Scan", "Parent Relationship": "Inner", "Relation Name": "cast_info", "Alias": "ci", "Startup Cost": 0.42, "Total Cost": 4.49, "Plan Rows": 6, "Plan Width": 8, "Recheck Cond": "(movie_id = mk.movie_id)", "Plans": [{"Node Type": "Bitmap Index Scan", "Parent Relationship": "Outer", "Index Name": "movie_id_cast_info", "Startup Cost": 0.0, "Total Cost": 0.42, "Plan Rows": 6, "Plan Width": 0, "Index Cond": "(movie_id = mk.movie_id)"}]}]}, {"Node Type": "Bitmap Heap Scan", "Parent Relationship": "Inner", "Relation Name": "name", "Alias": "n", "Startup Cost": 0.26, "Total Cost": 4.27, "Plan Rows": 1, "Plan Width": 19, "Recheck Cond": "(id = ci.person_id)", "Filter": "((name)::text ~~ '%Downey%Robert%'::text)", "Plans": [{"Node Type": "Bitmap Index Scan", "Parent Relationship": "Outer", "Index Name": "name_pkey", "Startup Cost": 0.0, "Total Cost": 0.26, "Plan Rows": 1, "Plan Width": 0, "Index Cond": "(id = ci.person_id)"}]}]}, {"Node Type": "Bitmap Heap Scan", "Parent Relationship": "Inner", "Relation Name": "title", "Alias": "t", "Startup Cost": 0.26, "Total Cost": 4.27, "Plan Rows": 1, "Plan Width": 21, "Recheck Cond": "(id = ci.movie_id)", "Filter": "(production_year > 2010)", "Plans": [{"Node Type": "Bitmap Index Scan", "Parent Relationship": "Outer", "Index Name": "title_pkey", "Startup Cost": 0.0, "Total Cost": 0.26, "Plan Rows": 1, "Plan Width": 0, "Index Cond": "(id = ci.movie_id)"}]}]}]}, "Unique SQL Id": 4208751436, "Planner Runtime": 1}, "explain_analyze_plan": null}, "(1, '36')": {"explain_plan": {"Plan": {"Node Type": "Aggregate", "Strategy": "Plain", "Startup Cost": 2653.12, "Total Cost": 2653.13, "Plan Rows": 1, "Plan Width": 144, "Plans": [{"Node Type": "Nested Loop", "Parent Relationship": "Outer", "Join Type": "Inner", "Startup Cost": 4.51, "Total Cost": 2653.12, "Plan Rows": 1, "Plan Width": 48, "Inner Unique": true, "Join Filter": "(mk.movie_id = t.id)", "Plans": [{"Node Type": "Nested Loop", "Parent Relationship": "Outer", "Join Type": "Inner", "Startup Cost": 4.51, "Total Cost": 2652.83, "Plan Rows": 1, "Plan Width": 39, "Inner Unique": true, "Plans": [{"Node Type": "Nested Loop", "Parent Relationship": "Outer", "Join Type": "Inner", "Startup Cost": 4.51, "Total Cost": 2594.27, "Plan Rows": 202, "Plan Width": 28, "Inner Unique": false, "Plans": [{"Node Type": "Nested Loop", "Parent Relationship": "Outer", "Join Type": "Inner", "Startup Cost": 4.51, "Total Cost": 2569.02, "Plan Rows": 33, "Plan Width": 20, "Inner Unique": false, "Plans": [{"Node Type": "Seq Scan", "Parent Relationship": "Outer", "Relation Name": "keyword", "Alias": "k", "Startup Cost": 0.0, "Total Cost": 2436.11, "Plan Rows": 1, "Plan Width": 20, "Filter": "((keyword)::text = 'marvel-cinematic-universe'::text)"}, {"Node Type": "Bitmap Heap Scan", "Parent Relationship": "Inner", "Relation Name": "movie_keyword", "Alias": "mk", "Startup Cost": 4.51, "Total Cost": 132.58, "Plan Rows": 33, "Plan Width": 8, "Recheck Cond": "(keyword_id = k.id)", "Plans": [{"Node Type": "Bitmap Index Scan", "Parent Relationship": "Outer", "Index Name": "keyword_id_movie_keyword", "Startup Cost": 0.0, "Total Cost": 4.5, "Plan Rows": 33, "Plan Width": 0, "Index Cond": "(keyword_id = k.id)"}]}]}, {"Node Type": "Index Scan", "Parent Relationship": "Inner", "Scan Direction": "Forward", "Index Name": "movie_id_cast_info", "Relation Name": "cast_info", "Alias": "ci", "Startup Cost": 0.0, "Total Cost": 0.7, "Plan Rows": 6, "Plan Width": 8, "Index Cond": "(movie_id = mk.movie_id)"}]}, {"Node Type": "Index Scan", "Parent Relationship": "Inner", "Scan Direction": "Forward", "Index Name": "name_pkey", "Relation Name": "name", "Alias": "n", "Startup Cost": 0.0, "Total Cost": 0.28, "Plan Rows": 1, "Plan Width": 19, "Index Cond": "(id = ci.person_id)", "Filter": "((name)::text ~~ '%Downey%Robert%'::text)"}]}, {"Node Type": "Index Scan", "Parent Relationship": "Inner", "Scan Direction": "Forward", "Index Name": "title_pkey", "Relation Name": "title", "Alias": "t", "Startup Cost": 0.0, "Total Cost": 0.28, "Plan Rows": 1, "Plan Width": 21, "Index Cond": "(id = ci.movie_id)", "Filter": "(production_year > 2010)"}]}]}, "Unique SQL Id": 4208751436, "Planner Runtime": 2}, "explain_analyze_plan": {"Plan": {"Node Type": "Aggregate", "Strategy": "Plain", "Startup Cost": 2653.12, "Total Cost": 2653.13, "Plan Rows": 1, "Plan Width": 144, "Actual Startup Time": 50.116, "Actual Total Time": 50.116, "Actual Rows": 1, "Actual Loops": 1, "Plans": [{"Node Type": "Nested Loop", "Parent Relationship": "Outer", "Join Type": "Inner", "Startup Cost": 4.51, "Total Cost": 2653.12, "Plan Rows": 1, "Plan Width": 48, "Actual Startup Time": 2.78, "Actual Total Time": 50.084, "Actual Rows": 6, "Actual Loops": 1, "Inner Unique": true, "Join Filter": "(mk.movie_id = t.id)", "Rows Removed by Join Filter": 0, "Plans": [{"Node Type": "Nested Loop", "Parent Relationship": "Outer", "Join Type": "Inner", "Startup Cost": 4.51, "Total Cost": 2652.83, "Plan Rows": 1, "Plan Width": 39, "Actual Startup Time": 2.763, "Actual Total Time": 50.032, "Actual Rows": 6, "Actual Loops": 1, "Inner Unique": true, "Plans": [{"Node Type": "Nested Loop", "Parent Relationship": "Outer", "Join Type": "Inner", "Startup Cost": 4.51, "Total Cost": 2594.27, "Plan Rows": 202, "Plan Width": 28, "Actual Startup Time": 1.106, "Actual Total Time": 42.984, "Actual Rows": 1242, "Actual Loops": 1, "Inner Unique": false, "Plans": [{"Node Type": "Nested Loop", "Parent Relationship": "Outer", "Join Type": "Inner", "Startup Cost": 4.51, "Total Cost": 2569.02, "Plan Rows": 33, "Plan Width": 20, "Actual Startup Time": 1.089, "Actual Total Time": 40.586, "Actual Rows": 14, "Actual Loops": 1, "Inner Unique": false, "Plans": [{"Node Type": "Seq Scan", "Parent Relationship": "Outer", "Relation Name": "keyword", "Alias": "k", "Startup Cost": 0.0, "Total Cost": 2436.11, "Plan Rows": 1, "Plan Width": 20, "Actual Startup Time": 1.052, "Actual Total Time": 40.505, "Actual Rows": 1, "Actual Loops": 1, "Filter": "((keyword)::text = 'marvel-cinematic-universe'::text)", "Rows Removed by Filter": 134168}, {"Node Type": "Bitmap Heap Scan", "Parent Relationship": "Inner", "Relation Name": "movie_keyword", "Alias": "mk", "Startup Cost": 4.51, "Total Cost": 132.58, "Plan Rows": 33, "Plan Width": 8, "Actual Startup Time": 0.03, "Actual Total Time": 0.064, "Actual Rows": 14, "Actual Loops": 1, "Recheck Cond": "(keyword_id = k.id)", "Rows Removed by Index Recheck": 0, "Exact Heap Blocks": 13, "Lossy Heap Blocks": 13, "Plans": [{"Node Type": "Bitmap Index Scan", "Parent Relationship": "Outer", "Index Name": "keyword_id_movie_keyword", "Startup Cost": 0.0, "Total Cost": 4.5, "Plan Rows": 33, "Plan Width": 0, "Actual Startup Time": 0.018, "Actual Total Time": 0.018, "Actual Rows": 14, "Actual Loops": 1, "Index Cond": "(keyword_id = k.id)"}]}]}, {"Node Type": "Index Scan", "Parent Relationship": "Inner", "Scan Direction": "Forward", "Index Name": "movie_id_cast_info", "Relation Name": "cast_info", "Alias": "ci", "Startup Cost": 0.0, "Total Cost": 0.7, "Plan Rows": 6, "Plan Width": 8, "Actual Startup Time": 0.178, "Actual Total Time": 2.086, "Actual Rows": 1242, "Actual Loops": 14, "Index Cond": "(movie_id = mk.movie_id)", "Rows Removed by Index Recheck": 0}]}, {"Node Type": "Index Scan", "Parent Relationship": "Inner", "Scan Direction": "Forward", "Index Name": "name_pkey", "Relation Name": "name", "Alias": "n", "Startup Cost": 0.0, "Total Cost": 0.28, "Plan Rows": 1, "Plan Width": 19, "Actual Startup Time": 6.418, "Actual Total Time": 6.418, "Actual Rows": 6, "Actual Loops": 1242, "Index Cond": "(id = ci.person_id)", "Rows Removed by Index Recheck": 0, "Filter": "((name)::text ~~ '%Downey%Robert%'::text)", "Rows Removed by Filter": 1236}]}, {"Node Type": "Index Scan", "Parent Relationship": "Inner", "Scan Direction": "Forward", "Index Name": "title_pkey", "Relation Name": "title", "Alias": "t", "Startup Cost": 0.0, "Total Cost": 0.28, "Plan Rows": 1, "Plan Width": 21, "Actual Startup Time": 0.037, "Actual Total Time": 0.037, "Actual Rows": 6, "Actual Loops": 6, "Index Cond": "(id = ci.movie_id)", "Rows Removed by Index Recheck": 0, "Filter": "(production_year > 2010)", "Rows Removed by Filter": 0}]}]}, "Triggers": [], "Planner Runtime": 6.792, "Total Runtime": 50.355, "Unique SQL Id": 4208751436}}, "(1, '37')": {"explain_plan": {"Plan": {"Node Type": "Aggregate", "Strategy": "Plain", "Startup Cost": 3399.73, "Total Cost": 3399.74, "Plan Rows": 1, "Plan Width": 144, "Plans": [{"Node Type": "Nested Loop", "Parent Relationship": "Outer", "Join Type": "Inner", "Startup Cost": 4.51, "Total Cost": 3399.72, "Plan Rows": 1, "Plan Width": 48, "Inner Unique": true, "Join Filter": "(mk.movie_id = t.id)", "Plans": [{"Node Type": "Nested Loop", "Parent Relationship": "Outer", "Join Type": "Inner", "Startup Cost": 4.51, "Total Cost": 3399.43, "Plan Rows": 1, "Plan Width": 39, "Inner Unique": true, "Plans": [{"Node Type": "Nested Loop", "Parent Relationship": "Outer", "Join Type": "Inner", "Startup Cost": 4.51, "Total Cost": 3340.87, "Plan Rows": 202, "Plan Width": 28, "Inner Unique": false, "Plans": [{"Node Type": "Nested Loop", "Parent Relationship": "Outer", "Join Type": "Inner", "Startup Cost": 4.51, "Total Cost": 3315.63, "Plan Rows": 33, "Plan Width": 20, "Inner Unique": false, "Plans": [{"Node Type": "Index Scan", "Parent Relationship": "Outer", "Scan Direction": "Forward", "Index Name": "keyword_pkey", "Relation Name": "keyword", "Alias": "k", "Startup Cost": 0.0, "Total Cost": 3182.72, "Plan Rows": 1, "Plan Width": 20, "Filter": "((keyword)::text = 'marvel-cinematic-universe'::text)"}, {"Node Type": "Bitmap Heap Scan", "Parent Relationship": "Inner", "Relation Name": "movie_keyword", "Alias": "mk", "Startup Cost": 4.51, "Total Cost": 132.58, "Plan Rows": 33, "Plan Width": 8, "Recheck Cond": "(keyword_id = k.id)", "Plans": [{"Node Type": "Bitmap Index Scan", "Parent Relationship": "Outer", "Index Name": "keyword_id_movie_keyword", "Startup Cost": 0.0, "Total Cost": 4.5, "Plan Rows": 33, "Plan Width": 0, "Index Cond": "(keyword_id = k.id)"}]}]}, {"Node Type": "Index Scan", "Parent Relationship": "Inner", "Scan Direction": "Forward", "Index Name": "movie_id_cast_info", "Relation Name": "cast_info", "Alias": "ci", "Startup Cost": 0.0, "Total Cost": 0.7, "Plan Rows": 6, "Plan Width": 8, "Index Cond": "(movie_id = mk.movie_id)"}]}, {"Node Type": "Index Scan", "Parent Relationship": "Inner", "Scan Direction": "Forward", "Index Name": "name_pkey", "Relation Name": "name", "Alias": "n", "Startup Cost": 0.0, "Total Cost": 0.28, "Plan Rows": 1, "Plan Width": 19, "Index Cond": "(id = ci.person_id)", "Filter": "((name)::text ~~ '%Downey%Robert%'::text)"}]}, {"Node Type": "Index Scan", "Parent Relationship": "Inner", "Scan Direction": "Forward", "Index Name": "title_pkey", "Relation Name": "title", "Alias": "t", "Startup Cost": 0.0, "Total Cost": 0.28, "Plan Rows": 1, "Plan Width": 21, "Index Cond": "(id = ci.movie_id)", "Filter": "(production_year > 2010)"}]}]}, "Unique SQL Id": 4208751436, "Planner Runtime": 1}, "explain_analyze_plan": null}, "(1, '38')": {"explain_plan": {"Plan": {"Node Type": "Aggregate", "Strategy": "Plain", "Startup Cost": 3589.09, "Total Cost": 3589.1, "Plan Rows": 1, "Plan Width": 144, "Plans": [{"Node Type": "Nested Loop", "Parent Relationship": "Outer", "Join Type": "Inner", "Startup Cost": 5.44, "Total Cost": 3589.09, "Plan Rows": 1, "Plan Width": 48, "Inner Unique": true, "Join Filter": "(mk.movie_id = t.id)", "Plans": [{"Node Type": "Nested Loop", "Parent Relationship": "Outer", "Join Type": "Inner", "Startup Cost": 5.19, "Total Cost": 3584.8, "Plan Rows": 1, "Plan Width": 39, "Inner Unique": true, "Plans": [{"Node Type": "Nested Loop", "Parent Relationship": "Outer", "Join Type": "Inner", "Startup Cost": 4.93, "Total Cost": 2719.34, "Plan Rows": 202, "Plan Width": 28, "Inner Unique": false, "Plans": [{"Node Type": "Nested Loop", "Parent Relationship": "Outer", "Join Type": "Inner", "Startup Cost": 4.51, "Total Cost": 2569.02, "Plan Rows": 33, "Plan Width": 20, "Inner Unique": false, "Plans": [{"Node Type": "Seq Scan", "Parent Relationship": "Outer", "Relation Name": "keyword", "Alias": "k", "Startup Cost": 0.0, "Total Cost": 2436.11, "Plan Rows": 1, "Plan Width": 20, "Filter": "((keyword)::text = 'marvel-cinematic-universe'::text)"}, {"Node Type": "Bitmap Heap Scan", "Parent Relationship": "Inner", "Relation Name": "movie_keyword", "Alias": "mk", "Startup Cost": 4.51, "Total Cost": 132.58, "Plan Rows": 33, "Plan Width": 8, "Recheck Cond": "(keyword_id = k.id)", "Plans": [{"Node Type": "Bitmap Index Scan", "Parent Relationship": "Outer", "Index Name": "keyword_id_movie_keyword", "Startup Cost": 0.0, "Total Cost": 4.5, "Plan Rows": 33, "Plan Width": 0, "Index Cond": "(keyword_id = k.id)"}]}]}, {"Node Type": "Bitmap Heap Scan", "Parent Relationship": "Inner", "Relation Name": "cast_info", "Alias": "ci", "Startup Cost": 0.42, "Total Cost": 4.49, "Plan Rows": 6, "Plan Width": 8, "Recheck Cond": "(movie_id = mk.movie_id)", "Plans": [{"Node Type": "Bitmap Index Scan", "Parent Relationship": "Outer", "Index Name": "movie_id_cast_info", "Startup Cost": 0.0, "Total Cost": 0.42, "Plan Rows": 6, "Plan Width": 0, "Index Cond": "(movie_id = mk.movie_id)"}]}]}, {"Node Type": "Bitmap Heap Scan", "Parent Relationship": "Inner", "Relation Name": "name", "Alias": "n", "Startup Cost": 0.26, "Total Cost": 4.27, "Plan Rows": 1, "Plan Width": 19, "Recheck Cond": "(id = ci.person_id)", "Filter": "((name)::text ~~ '%Downey%Robert%'::text)", "Plans": [{"Node Type": "Bitmap Index Scan", "Parent Relationship": "Outer", "Index Name": "name_pkey", "Startup Cost": 0.0, "Total Cost": 0.26, "Plan Rows": 1, "Plan Width": 0, "Index Cond": "(id = ci.person_id)"}]}]}, {"Node Type": "Bitmap Heap Scan", "Parent Relationship": "Inner", "Relation Name": "title", "Alias": "t", "Startup Cost": 0.26, "Total Cost": 4.27, "Plan Rows": 1, "Plan Width": 21, "Recheck Cond": "(id = ci.movie_id)", "Filter": "(production_year > 2010)", "Plans": [{"Node Type": "Bitmap Index Scan", "Parent Relationship": "Outer", "Index Name": "title_pkey", "Startup Cost": 0.0, "Total Cost": 0.26, "Plan Rows": 1, "Plan Width": 0, "Index Cond": "(id = ci.movie_id)"}]}]}]}, "Unique SQL Id": 4208751436, "Planner Runtime": 2}, "explain_analyze_plan": {"Plan": {"Node Type": "Aggregate", "Strategy": "Plain", "Startup Cost": 3589.09, "Total Cost": 3589.1, "Plan Rows": 1, "Plan Width": 144, "Actual Startup Time": 53.171, "Actual Total Time": 53.171, "Actual Rows": 1, "Actual Loops": 1, "Plans": [{"Node Type": "Nested Loop", "Parent Relationship": "Outer", "Join Type": "Inner", "Startup Cost": 5.44, "Total Cost": 3589.09, "Plan Rows": 1, "Plan Width": 48, "Actual Startup Time": 3.448, "Actual Total Time": 53.134, "Actual Rows": 6, "Actual Loops": 1, "Inner Unique": true, "Join Filter": "(mk.movie_id = t.id)", "Rows Removed by Join Filter": 0, "Plans": [{"Node Type": "Nested Loop", "Parent Relationship": "Outer", "Join Type": "Inner", "Startup Cost": 5.19, "Total Cost": 3584.8, "Plan Rows": 1, "Plan Width": 39, "Actual Startup Time": 3.427, "Actual Total Time": 53.065, "Actual Rows": 6, "Actual Loops": 1, "Inner Unique": true, "Plans": [{"Node Type": "Nested Loop", "Parent Relationship": "Outer", "Join Type": "Inner", "Startup Cost": 4.93, "Total Cost": 2719.34, "Plan Rows": 202, "Plan Width": 28, "Actual Startup Time": 1.113, "Actual Total Time": 43.869, "Actual Rows": 1242, "Actual Loops": 1, "Inner Unique": false, "Plans": [{"Node Type": "Nested Loop", "Parent Relationship": "Outer", "Join Type": "Inner", "Startup Cost": 4.51, "Total Cost": 2569.02, "Plan Rows": 33, "Plan Width": 20, "Actual Startup Time": 1.075, "Actual Total Time": 40.613, "Actual Rows": 14, "Actual Loops": 1, "Inner Unique": false, "Plans": [{"Node Type": "Seq Scan", "Parent Relationship": "Outer", "Relation Name": "keyword", "Alias": "k", "Startup Cost": 0.0, "Total Cost": 2436.11, "Plan Rows": 1, "Plan Width": 20, "Actual Startup Time": 1.032, "Actual Total Time": 40.534, "Actual Rows": 1, "Actual Loops": 1, "Filter": "((keyword)::text = 'marvel-cinematic-universe'::text)", "Rows Removed by Filter": 134168}, {"Node Type": "Bitmap Heap Scan", "Parent Relationship": "Inner", "Relation Name": "movie_keyword", "Alias": "mk", "Startup Cost": 4.51, "Total Cost": 132.58, "Plan Rows": 33, "Plan Width": 8, "Actual Startup Time": 0.037, "Actual Total Time": 0.067, "Actual Rows": 14, "Actual Loops": 1, "Recheck Cond": "(keyword_id = k.id)", "Rows Removed by Index Recheck": 0, "Exact Heap Blocks": 13, "Lossy Heap Blocks": 13, "Plans": [{"Node Type": "Bitmap Index Scan", "Parent Relationship": "Outer", "Index Name": "keyword_id_movie_keyword", "Startup Cost": 0.0, "Total Cost": 4.5, "Plan Rows": 33, "Plan Width": 0, "Actual Startup Time": 0.021, "Actual Total Time": 0.021, "Actual Rows": 14, "Actual Loops": 1, "Index Cond": "(keyword_id = k.id)"}]}]}, {"Node Type": "Bitmap Heap Scan", "Parent Relationship": "Inner", "Relation Name": "cast_info", "Alias": "ci", "Startup Cost": 0.42, "Total Cost": 4.49, "Plan Rows": 6, "Plan Width": 8, "Actual Startup Time": 0.637, "Actual Total Time": 2.904, "Actual Rows": 1242, "Actual Loops": 14, "Recheck Cond": "(movie_id = mk.movie_id)", "Rows Removed by Index Recheck": 0, "Exact Heap Blocks": 1184, "Lossy Heap Blocks": 1184, "Plans": [{"Node Type": "Bitmap Index Scan", "Parent Relationship": "Outer", "Index Name": "movie_id_cast_info", "Startup Cost": 0.0, "Total Cost": 0.42, "Plan Rows": 6, "Plan Width": 0, "Actual Startup Time": 0.398, "Actual Total Time": 0.398, "Actual Rows": 1242, "Actual Loops": 14, "Index Cond": "(movie_id = mk.movie_id)"}]}]}, {"Node Type": "Bitmap Heap Scan", "Parent Relationship": "Inner", "Relation Name": "name", "Alias": "n", "Startup Cost": 0.26, "Total Cost": 4.27, "Plan Rows": 1, "Plan Width": 19, "Actual Startup Time": 7.816, "Actual Total Time": 7.816, "Actual Rows": 6, "Actual Loops": 1242, "Recheck Cond": "(id = ci.person_id)", "Rows Removed by Index Recheck": 0, "Filter": "((name)::text ~~ '%Downey%Robert%'::text)", "Rows Removed by Filter": 1236, "Exact Heap Blocks": 1242, "Lossy Heap Blocks": 1242, "Plans": [{"Node Type": "Bitmap Index Scan", "Parent Relationship": "Outer", "Index Name": "name_pkey", "Startup Cost": 0.0, "Total Cost": 0.26, "Plan Rows": 1, "Plan Width": 0, "Actual Startup Time": 4.579, "Actual Total Time": 4.579, "Actual Rows": 1242, "Actual Loops": 1242, "Index Cond": "(id = ci.person_id)"}]}]}, {"Node Type": "Bitmap Heap Scan", "Parent Relationship": "Inner", "Relation Name": "title", "Alias": "t", "Startup Cost": 0.26, "Total Cost": 4.27, "Plan Rows": 1, "Plan Width": 21, "Actual Startup Time": 0.052, "Actual Total Time": 0.052, "Actual Rows": 6, "Actual Loops": 6, "Recheck Cond": "(id = ci.movie_id)", "Rows Removed by Index Recheck": 0, "Filter": "(production_year > 2010)", "Rows Removed by Filter": 0, "Exact Heap Blocks": 6, "Lossy Heap Blocks": 6, "Plans": [{"Node Type": "Bitmap Index Scan", "Parent Relationship": "Outer", "Index Name": "title_pkey", "Startup Cost": 0.0, "Total Cost": 0.26, "Plan Rows": 1, "Plan Width": 0, "Actual Startup Time": 0.027, "Actual Total Time": 0.027, "Actual Rows": 6, "Actual Loops": 6, "Index Cond": "(id = ci.movie_id)"}]}]}]}, "Triggers": [], "Planner Runtime": 2.206, "Total Runtime": 53.451, "Unique SQL Id": 4208751436}}, "(1, '39')": {"explain_plan": {"Plan": {"Node Type": "Aggregate", "Strategy": "Plain", "Startup Cost": 1000034676559.16, "Total Cost": 1000034676559.17, "Plan Rows": 1, "Plan Width": 144, "Plans": [{"Node Type": "Nested Loop", "Parent Relationship": "Outer", "Join Type": "Inner", "Startup Cost": 10000000001.2, "Total Cost": 1000034676559.15, "Plan Rows": 1, "Plan Width": 48, "Inner Unique": true, "Join Filter": "(mk.movie_id = t.id)", "Plans": [{"Node Type": "Nested Loop", "Parent Relationship": "Outer", "Join Type": "Inner", "Startup Cost": 10000000000.94, "Total Cost": 1000034676554.87, "Plan Rows": 1, "Plan Width": 39, "Inner Unique": true, "Plans": [{"Node Type": "Nested Loop", "Parent Relationship": "Outer", "Join Type": "Inner", "Startup Cost": 10000000000.68, "Total Cost": 1000034675689.4, "Plan Rows": 202, "Plan Width": 28, "Inner Unique": false, "Plans": [{"Node Type": "Nested Loop", "Parent Relationship": "Outer", "Join Type": "Inner", "Startup Cost": 10000000000.26, "Total Cost": 1000034675539.09, "Plan Rows": 33, "Plan Width": 20, "Inner Unique": true, "Plans": [{"Node Type": "Index Scan", "Parent Relationship": "Outer", "Scan Direction": "Forward", "Index Name": "movie_id_movie_keyword", "Relation Name": "movie_keyword", "Alias": "mk", "Startup Cost": 10000000000.0, "Total Cost": 1000015300634.17, "Plan Rows": 4523929, "Plan Width": 8}, {"Node Type": "Bitmap Heap Scan", "Parent Relationship": "Inner", "Relation Name": "keyword", "Alias": "k", "Startup Cost": 0.26, "Total Cost": 4.27, "Plan Rows": 1, "Plan Width": 20, "Recheck Cond": "(id = mk.keyword_id)", "Filter": "((keyword)::text = 'marvel-cinematic-universe'::text)", "Plans": [{"Node Type": "Bitmap Index Scan", "Parent Relationship": "Outer", "Index Name": "keyword_pkey", "Startup Cost": 0.0, "Total Cost": 0.26, "Plan Rows": 1, "Plan Width": 0, "Index Cond": "(id = mk.keyword_id)"}]}]}, {"Node Type": "Bitmap Heap Scan", "Parent Relationship": "Inner", "Relation Name": "cast_info", "Alias": "ci", "Startup Cost": 0.42, "Total Cost": 4.49, "Plan Rows": 6, "Plan Width": 8, "Recheck Cond": "(movie_id = mk.movie_id)", "Plans": [{"Node Type": "Bitmap Index Scan", "Parent Relationship": "Outer", "Index Name": "movie_id_cast_info", "Startup Cost": 0.0, "Total Cost": 0.42, "Plan Rows": 6, "Plan Width": 0, "Index Cond": "(movie_id = mk.movie_id)"}]}]}, {"Node Type": "Bitmap Heap Scan", "Parent Relationship": "Inner", "Relation Name": "name", "Alias": "n", "Startup Cost": 0.26, "Total Cost": 4.27, "Plan Rows": 1, "Plan Width": 19, "Recheck Cond": "(id = ci.person_id)", "Filter": "((name)::text ~~ '%Downey%Robert%'::text)", "Plans": [{"Node Type": "Bitmap Index Scan", "Parent Relationship": "Outer", "Index Name": "name_pkey", "Startup Cost": 0.0, "Total Cost": 0.26, "Plan Rows": 1, "Plan Width": 0, "Index Cond": "(id = ci.person_id)"}]}]}, {"Node Type": "Bitmap Heap Scan", "Parent Relationship": "Inner", "Relation Name": "title", "Alias": "t", "Startup Cost": 0.26, "Total Cost": 4.27, "Plan Rows": 1, "Plan Width": 21, "Recheck Cond": "(id = ci.movie_id)", "Filter": "(production_year > 2010)", "Plans": [{"Node Type": "Bitmap Index Scan", "Parent Relationship": "Outer", "Index Name": "title_pkey", "Startup Cost": 0.0, "Total Cost": 0.26, "Plan Rows": 1, "Plan Width": 0, "Index Cond": "(id = ci.movie_id)"}]}]}]}, "Unique SQL Id": 4208751436, "Planner Runtime": 1}, "explain_analyze_plan": null}, "(1, '40')": {"explain_plan": {"Plan": {"Node Type": "Aggregate", "Strategy": "Plain", "Startup Cost": 2657.42, "Total Cost": 2657.43, "Plan Rows": 1, "Plan Width": 144, "Plans": [{"Node Type": "Nested Loop", "Parent Relationship": "Outer", "Join Type": "Inner", "Startup Cost": 0.0, "Total Cost": 2657.41, "Plan Rows": 1, "Plan Width": 48, "Inner Unique": true, "Join Filter": "(mk.movie_id = t.id)", "Plans": [{"Node Type": "Nested Loop", "Parent Relationship": "Outer", "Join Type": "Inner", "Startup Cost": 0.0, "Total Cost": 2657.12, "Plan Rows": 1, "Plan Width": 39, "Inner Unique": true, "Plans": [{"Node Type": "Nested Loop", "Parent Relationship": "Outer", "Join Type": "Inner", "Startup Cost": 0.0, "Total Cost": 2598.56, "Plan Rows": 202, "Plan Width": 28, "Inner Unique": false, "Plans": [{"Node Type": "Nested Loop", "Parent Relationship": "Outer", "Join Type": "Inner", "Startup Cost": 0.0, "Total Cost": 2573.32, "Plan Rows": 33, "Plan Width": 20, "Inner Unique": false, "Plans": [{"Node Type": "Seq Scan", "Parent Relationship": "Outer", "Relation Name": "keyword", "Alias": "k", "Startup Cost": 0.0, "Total Cost": 2436.11, "Plan Rows": 1, "Plan Width": 20, "Filter": "((keyword)::text = 'marvel-cinematic-universe'::text)"}, {"Node Type": "Index Scan", "Parent Relationship": "Inner", "Scan Direction": "Forward", "Index Name": "keyword_id_movie_keyword", "Relation Name": "movie_keyword", "Alias": "mk", "Startup Cost": 0.0, "Total Cost": 136.88, "Plan Rows": 33, "Plan Width": 8, "Index Cond": "(keyword_id = k.id)"}]}, {"Node Type": "Index Scan", "Parent Relationship": "Inner", "Scan Direction": "Forward", "Index Name": "movie_id_cast_info", "Relation Name": "cast_info", "Alias": "ci", "Startup Cost": 0.0, "Total Cost": 0.7, "Plan Rows": 6, "Plan Width": 8, "Index Cond": "(movie_id = mk.movie_id)"}]}, {"Node Type": "Index Scan", "Parent Relationship": "Inner", "Scan Direction": "Forward", "Index Name": "name_pkey", "Relation Name": "name", "Alias": "n", "Startup Cost": 0.0, "Total Cost": 0.28, "Plan Rows": 1, "Plan Width": 19, "Index Cond": "(id = ci.person_id)", "Filter": "((name)::text ~~ '%Downey%Robert%'::text)"}]}, {"Node Type": "Index Scan", "Parent Relationship": "Inner", "Scan Direction": "Forward", "Index Name": "title_pkey", "Relation Name": "title", "Alias": "t", "Startup Cost": 0.0, "Total Cost": 0.28, "Plan Rows": 1, "Plan Width": 21, "Index Cond": "(id = ci.movie_id)", "Filter": "(production_year > 2010)"}]}]}, "Unique SQL Id": 4208751436, "Planner Runtime": 1}, "explain_analyze_plan": {"Plan": {"Node Type": "Aggregate", "Strategy": "Plain", "Startup Cost": 2657.42, "Total Cost": 2657.43, "Plan Rows": 1, "Plan Width": 144, "Actual Startup Time": 50.033, "Actual Total Time": 50.033, "Actual Rows": 1, "Actual Loops": 1, "Plans": [{"Node Type": "Nested Loop", "Parent Relationship": "Outer", "Join Type": "Inner", "Startup Cost": 0.0, "Total Cost": 2657.41, "Plan Rows": 1, "Plan Width": 48, "Actual Startup Time": 2.738, "Actual Total Time": 49.998, "Actual Rows": 6, "Actual Loops": 1, "Inner Unique": true, "Join Filter": "(mk.movie_id = t.id)", "Rows Removed by Join Filter": 0, "Plans": [{"Node Type": "Nested Loop", "Parent Relationship": "Outer", "Join Type": "Inner", "Startup Cost": 0.0, "Total Cost": 2657.12, "Plan Rows": 1, "Plan Width": 39, "Actual Startup Time": 2.722, "Actual Total Time": 49.943, "Actual Rows": 6, "Actual Loops": 1, "Inner Unique": true, "Plans": [{"Node Type": "Nested Loop", "Parent Relationship": "Outer", "Join Type": "Inner", "Startup Cost": 0.0, "Total Cost": 2598.56, "Plan Rows": 202, "Plan Width": 28, "Actual Startup Time": 1.069, "Actual Total Time": 42.909, "Actual Rows": 1242, "Actual Loops": 1, "Inner Unique": false, "Plans": [{"Node Type": "Nested Loop", "Parent Relationship": "Outer", "Join Type": "Inner", "Startup Cost": 0.0, "Total Cost": 2573.32, "Plan Rows": 33, "Plan Width": 20, "Actual Startup Time": 1.054, "Actual Total Time": 40.494, "Actual Rows": 14, "Actual Loops": 1, "Inner Unique": false, "Plans": [{"Node Type": "Seq Scan", "Parent Relationship": "Outer", "Relation Name": "keyword", "Alias": "k", "Startup Cost": 0.0, "Total Cost": 2436.11, "Plan Rows": 1, "Plan Width": 20, "Actual Startup Time": 1.034, "Actual Total Time": 40.443, "Actual Rows": 1, "Actual Loops": 1, "Filter": "((keyword)::text = 'marvel-cinematic-universe'::text)", "Rows Removed by Filter": 134168}, {"Node Type": "Index Scan", "Parent Relationship": "Inner", "Scan Direction": "Forward", "Index Name": "keyword_id_movie_keyword", "Relation Name": "movie_keyword", "Alias": "mk", "Startup Cost": 0.0, "Total Cost": 136.88, "Plan Rows": 33, "Plan Width": 8, "Actual Startup Time": 0.014, "Actual Total Time": 0.039, "Actual Rows": 14, "Actual Loops": 1, "Index Cond": "(keyword_id = k.id)", "Rows Removed by Index Recheck": 0}]}, {"Node Type": "Index Scan", "Parent Relationship": "Inner", "Scan Direction": "Forward", "Index Name": "movie_id_cast_info", "Relation Name": "cast_info", "Alias": "ci", "Startup Cost": 0.0, "Total Cost": 0.7, "Plan Rows": 6, "Plan Width": 8, "Actual Startup Time": 0.169, "Actual Total Time": 2.091, "Actual Rows": 1242, "Actual Loops": 14, "Index Cond": "(movie_id = mk.movie_id)", "Rows Removed by Index Recheck": 0}]}, {"Node Type": "Index Scan", "Parent Relationship": "Inner", "Scan Direction": "Forward", "Index Name": "name_pkey", "Relation Name": "name", "Alias": "n", "Startup Cost": 0.0, "Total Cost": 0.28, "Plan Rows": 1, "Plan Width": 19, "Actual Startup Time": 6.441, "Actual Total Time": 6.441, "Actual Rows": 6, "Actual Loops": 1242, "Index Cond": "(id = ci.person_id)", "Rows Removed by Index Recheck": 0, "Filter": "((name)::text ~~ '%Downey%Robert%'::text)", "Rows Removed by Filter": 1236}]}, {"Node Type": "Index Scan", "Parent Relationship": "Inner", "Scan Direction": "Forward", "Index Name": "title_pkey", "Relation Name": "title", "Alias": "t", "Startup Cost": 0.0, "Total Cost": 0.28, "Plan Rows": 1, "Plan Width": 21, "Actual Startup Time": 0.04, "Actual Total Time": 0.04, "Actual Rows": 6, "Actual Loops": 6, "Index Cond": "(id = ci.movie_id)", "Rows Removed by Index Recheck": 0, "Filter": "(production_year > 2010)", "Rows Removed by Filter": 0}]}]}, "Triggers": [], "Planner Runtime": 6.763, "Total Runtime": 50.265, "Unique SQL Id": 4208751436}}, "(1, '41')": {"explain_plan": {"Plan": {"Node Type": "Aggregate", "Strategy": "Plain", "Startup Cost": 3404.02, "Total Cost": 3404.03, "Plan Rows": 1, "Plan Width": 144, "Plans": [{"Node Type": "Nested Loop", "Parent Relationship": "Outer", "Join Type": "Inner", "Startup Cost": 0.0, "Total Cost": 3404.01, "Plan Rows": 1, "Plan Width": 48, "Inner Unique": true, "Join Filter": "(mk.movie_id = t.id)", "Plans": [{"Node Type": "Nested Loop", "Parent Relationship": "Outer", "Join Type": "Inner", "Startup Cost": 0.0, "Total Cost": 3403.72, "Plan Rows": 1, "Plan Width": 39, "Inner Unique": true, "Plans": [{"Node Type": "Nested Loop", "Parent Relationship": "Outer", "Join Type": "Inner", "Startup Cost": 0.0, "Total Cost": 3345.17, "Plan Rows": 202, "Plan Width": 28, "Inner Unique": false, "Plans": [{"Node Type": "Nested Loop", "Parent Relationship": "Outer", "Join Type": "Inner", "Startup Cost": 0.0, "Total Cost": 3319.92, "Plan Rows": 33, "Plan Width": 20, "Inner Unique": false, "Plans": [{"Node Type": "Index Scan", "Parent Relationship": "Outer", "Scan Direction": "Forward", "Index Name": "keyword_pkey", "Relation Name": "keyword", "Alias": "k", "Startup Cost": 0.0, "Total Cost": 3182.72, "Plan Rows": 1, "Plan Width": 20, "Filter": "((keyword)::text = 'marvel-cinematic-universe'::text)"}, {"Node Type": "Index Scan", "Parent Relationship": "Inner", "Scan Direction": "Forward", "Index Name": "keyword_id_movie_keyword", "Relation Name": "movie_keyword", "Alias": "mk", "Startup Cost": 0.0, "Total Cost": 136.88, "Plan Rows": 33, "Plan Width": 8, "Index Cond": "(keyword_id = k.id)"}]}, {"Node Type": "Index Scan", "Parent Relationship": "Inner", "Scan Direction": "Forward", "Index Name": "movie_id_cast_info", "Relation Name": "cast_info", "Alias": "ci", "Startup Cost": 0.0, "Total Cost": 0.7, "Plan Rows": 6, "Plan Width": 8, "Index Cond": "(movie_id = mk.movie_id)"}]}, {"Node Type": "Index Scan", "Parent Relationship": "Inner", "Scan Direction": "Forward", "Index Name": "name_pkey", "Relation Name": "name", "Alias": "n", "Startup Cost": 0.0, "Total Cost": 0.28, "Plan Rows": 1, "Plan Width": 19, "Index Cond": "(id = ci.person_id)", "Filter": "((name)::text ~~ '%Downey%Robert%'::text)"}]}, {"Node Type": "Index Scan", "Parent Relationship": "Inner", "Scan Direction": "Forward", "Index Name": "title_pkey", "Relation Name": "title", "Alias": "t", "Startup Cost": 0.0, "Total Cost": 0.28, "Plan Rows": 1, "Plan Width": 21, "Index Cond": "(id = ci.movie_id)", "Filter": "(production_year > 2010)"}]}]}, "Unique SQL Id": 4208751436, "Planner Runtime": 1}, "explain_analyze_plan": null}, "(1, '42')": {"explain_plan": {"Plan": {"Node Type": "Aggregate", "Strategy": "Plain", "Startup Cost": 986777.43, "Total Cost": 986777.44, "Plan Rows": 1, "Plan Width": 144, "Plans": [{"Node Type": "Nested Loop", "Parent Relationship": "Outer", "Join Type": "Inner", "Startup Cost": 144074.89, "Total Cost": 986776.36, "Plan Rows": 143, "Plan Width": 48, "Inner Unique": false, "Join Filter": "(ci.person_id = n.id)", "Plans": [{"Node Type": "Seq Scan", "Parent Relationship": "Outer", "Relation Name": "name", "Alias": "n", "Startup Cost": 0.0, "Total Cost": 103490.62, "Plan Rows": 415, "Plan Width": 19, "Filter": "((name)::text ~~ '%Downey%Robert%'::text)"}, {"Node Type": "Materialize", "Parent Relationship": "Inner", "Startup Cost": 144074.89, "Total Cost": 881929.23, "Plan Rows": 218, "Plan Width": 37, "Plans": [{"Node Type": "Hash Join", "Parent Relationship": "Outer", "Join Type": "Inner", "Startup Cost": 144074.89, "Total Cost": 881928.14, "Plan Rows": 218, "Plan Width": 37, "Inner Unique": false, "Hash Cond": "(ci.movie_id = t.id)", "Plans": [{"Node Type": "Seq Scan", "Parent Relationship": "Outer", "Relation Name": "cast_info", "Alias": "ci", "Startup Cost": 0.0, "Total Cost": 601877.94, "Plan Rows": 36259494, "Plan Width": 8}, {"Node Type": "Hash", "Parent Relationship": "Inner", "Startup Cost": 144074.44, "Total Cost": 144074.44, "Plan Rows": 36, "Plan Width": 41, "Plans": [{"Node Type": "Hash Join", "Parent Relationship": "Outer", "Join Type": "Inner", "Startup Cost": 76216.26, "Total Cost": 144074.44, "Plan Rows": 36, "Plan Width": 41, "Inner Unique": false, "Hash Cond": "(t.id = mk.movie_id)", "Plans": [{"Node Type": "Seq Scan", "Parent Relationship": "Outer", "Relation Name": "title", "Alias": "t", "Startup Cost": 0.0, "Total Cost": 66389.89, "Plan Rows": 391451, "Plan Width": 21, "Filter": "(production_year > 2010), (LLVM Optimized)"}, {"Node Type": "Hash", "Parent Relationship": "Inner", "Startup Cost": 76215.84, "Total Cost": 76215.84, "Plan Rows": 33, "Plan Width": 20, "Plans": [{"Node Type": "Hash Join", "Parent Relationship": "Outer", "Join Type": "Inner", "Startup Cost": 2436.12, "Total Cost": 76215.84, "Plan Rows": 33, "Plan Width": 20, "Inner Unique": true, "Hash Cond": "(mk.keyword_id = k.id)", "Plans": [{"Node Type": "Seq Scan", "Parent Relationship": "Outer", "Relation Name": "movie_keyword", "Alias": "mk", "Startup Cost": 0.0, "Total Cost": 62441.29, "Plan Rows": 4523929, "Plan Width": 8}, {"Node Type": "Hash", "Parent Relationship": "Inner", "Startup Cost": 2436.11, "Total Cost": 2436.11, "Plan Rows": 1, "Plan Width": 20, "Plans": [{"Node Type": "Seq Scan", "Parent Relationship": "Outer", "Relation Name": "keyword", "Alias": "k", "Startup Cost": 0.0, "Total Cost": 2436.11, "Plan Rows": 1, "Plan Width": 20, "Filter": "((keyword)::text = 'marvel-cinematic-universe'::text)"}]}]}]}]}]}]}]}]}]}, "Unique SQL Id": 4208751436, "Planner Runtime": 4}, "explain_analyze_plan": null}, "(1, '43')": {"explain_plan": {"Plan": {"Node Type": "Aggregate", "Strategy": "Plain", "Startup Cost": 5000235781755.78, "Total Cost": 5000235781755.79, "Plan Rows": 1, "Plan Width": 144, "Plans": [{"Node Type": "Nested Loop", "Parent Relationship": "Outer", "Join Type": "Inner", "Startup Cost": 50000000000.0, "Total Cost": 5000235781754.72, "Plan Rows": 141, "Plan Width": 48, "Inner Unique": true, "Join Filter": "(ci.person_id = n.id)", "Plans": [{"Node Type": "Nested Loop", "Parent Relationship": "Outer", "Join Type": "Inner", "Startup Cost": 40000000000.0, "Total Cost": 4000217115249.43, "Plan Rows": 218, "Plan Width": 37, "Inner Unique": true, "Join Filter": "(mk.movie_id = t.id)", "Plans": [{"Node Type": "Nested Loop", "Parent Relationship": "Outer", "Join Type": "Inner", "Startup Cost": 30000000000.0, "Total Cost": 3000204284047.61, "Plan Rows": 202, "Plan Width": 28, "Inner Unique": false, "Join Filter": "(mk.movie_id = ci.movie_id)", "Plans": [{"Node Type": "Index Scan", "Parent Relationship": "Outer", "Scan Direction": "Forward", "Index Name": "person_id_cast_info", "Relation Name": "cast_info", "Alias": "ci", "Startup Cost": 10000000000.0, "Total Cost": 1000170648833.21, "Plan Rows": 36259494, "Plan Width": 8}, {"Node Type": "Materialize", "Parent Relationship": "Inner", "Startup Cost": 20000000000.0, "Total Cost": 2000015686764.96, "Plan Rows": 33, "Plan Width": 20, "Plans": [{"Node Type": "Nested Loop", "Parent Relationship": "Outer", "Join Type": "Inner", "Startup Cost": 20000000000.0, "Total Cost": 2000015686764.79, "Plan Rows": 33, "Plan Width": 20, "Inner Unique": true, "Join Filter": "(k.id = mk.keyword_id)", "Plans": [{"Node Type": "Index Scan", "Parent Relationship": "Outer", "Scan Direction": "Forward", "Index Name": "movie_id_movie_keyword", "Relation Name": "movie_keyword", "Alias": "mk", "Startup Cost": 10000000000.0, "Total Cost": 1000015300634.17, "Plan Rows": 4523929, "Plan Width": 8}, {"Node Type": "Materialize", "Parent Relationship": "Inner", "Startup Cost": 10000000000.0, "Total Cost": 1000000318271.69, "Plan Rows": 1, "Plan Width": 20, "Plans": [{"Node Type": "Index Scan", "Parent Relationship": "Outer", "Scan Direction": "Forward", "Index Name": "keyword_pkey", "Relation Name": "keyword", "Alias": "k", "Startup Cost": 10000000000.0, "Total Cost": 1000000318271.68, "Plan Rows": 1, "Plan Width": 20, "Filter": "((keyword)::text = 'marvel-cinematic-universe'::text)"}]}]}]}]}, {"Node Type": "Materialize", "Parent Relationship": "Inner", "Startup Cost": 10000000000.0, "Total Cost": 1000011646083.92, "Plan Rows": 391451, "Plan Width": 21, "Plans": [{"Node Type": "Index Scan", "Parent Relationship": "Outer", "Scan Direction": "Forward", "Index Name": "title_pkey", "Relation Name": "title", "Alias": "t", "Startup Cost": 10000000000.0, "Total Cost": 1000011644126.66, "Plan Rows": 391451, "Plan Width": 21, "Filter": "(production_year > 2010), (LLVM Optimized)"}]}]}, {"Node Type": "Materialize", "Parent Relationship": "Inner", "Startup Cost": 10000000000.0, "Total Cost": 1000018665149.28, "Plan Rows": 415, "Plan Width": 19, "Plans": [{"Node Type": "Index Scan", "Parent Relationship": "Outer", "Scan Direction": "Forward", "Index Name": "name_pkey", "Relation Name": "name", "Alias": "n", "Startup Cost": 10000000000.0, "Total Cost": 1000018665147.2, "Plan Rows": 415, "Plan Width": 19, "Filter": "((name)::text ~~ '%Downey%Robert%'::text)"}]}]}]}, "Unique SQL Id": 4208751436, "Planner Runtime": 3}, "explain_analyze_plan": null}, "(1, '44')": {"explain_plan": {"Plan": {"Node Type": "Aggregate", "Strategy": "Plain", "Startup Cost": 2657.42, "Total Cost": 2657.43, "Plan Rows": 1, "Plan Width": 144, "Plans": [{"Node Type": "Nested Loop", "Parent Relationship": "Outer", "Join Type": "Inner", "Startup Cost": 0.0, "Total Cost": 2657.41, "Plan Rows": 1, "Plan Width": 48, "Inner Unique": true, "Join Filter": "(mk.movie_id = t.id)", "Plans": [{"Node Type": "Nested Loop", "Parent Relationship": "Outer", "Join Type": "Inner", "Startup Cost": 0.0, "Total Cost": 2657.12, "Plan Rows": 1, "Plan Width": 39, "Inner Unique": true, "Plans": [{"Node Type": "Nested Loop", "Parent Relationship": "Outer", "Join Type": "Inner", "Startup Cost": 0.0, "Total Cost": 2598.56, "Plan Rows": 202, "Plan Width": 28, "Inner Unique": false, "Plans": [{"Node Type": "Nested Loop", "Parent Relationship": "Outer", "Join Type": "Inner", "Startup Cost": 0.0, "Total Cost": 2573.32, "Plan Rows": 33, "Plan Width": 20, "Inner Unique": false, "Plans": [{"Node Type": "Seq Scan", "Parent Relationship": "Outer", "Relation Name": "keyword", "Alias": "k", "Startup Cost": 0.0, "Total Cost": 2436.11, "Plan Rows": 1, "Plan Width": 20, "Filter": "((keyword)::text = 'marvel-cinematic-universe'::text)"}, {"Node Type": "Index Scan", "Parent Relationship": "Inner", "Scan Direction": "Forward", "Index Name": "keyword_id_movie_keyword", "Relation Name": "movie_keyword", "Alias": "mk", "Startup Cost": 0.0, "Total Cost": 136.88, "Plan Rows": 33, "Plan Width": 8, "Index Cond": "(keyword_id = k.id)"}]}, {"Node Type": "Index Scan", "Parent Relationship": "Inner", "Scan Direction": "Forward", "Index Name": "movie_id_cast_info", "Relation Name": "cast_info", "Alias": "ci", "Startup Cost": 0.0, "Total Cost": 0.7, "Plan Rows": 6, "Plan Width": 8, "Index Cond": "(movie_id = mk.movie_id)"}]}, {"Node Type": "Index Scan", "Parent Relationship": "Inner", "Scan Direction": "Forward", "Index Name": "name_pkey", "Relation Name": "name", "Alias": "n", "Startup Cost": 0.0, "Total Cost": 0.28, "Plan Rows": 1, "Plan Width": 19, "Index Cond": "(id = ci.person_id)", "Filter": "((name)::text ~~ '%Downey%Robert%'::text)"}]}, {"Node Type": "Index Scan", "Parent Relationship": "Inner", "Scan Direction": "Forward", "Index Name": "title_pkey", "Relation Name": "title", "Alias": "t", "Startup Cost": 0.0, "Total Cost": 0.28, "Plan Rows": 1, "Plan Width": 21, "Index Cond": "(id = ci.movie_id)", "Filter": "(production_year > 2010)"}]}]}, "Unique SQL Id": 4208751436, "Planner Runtime": 2}, "explain_analyze_plan": {"Plan": {"Node Type": "Aggregate", "Strategy": "Plain", "Startup Cost": 2657.42, "Total Cost": 2657.43, "Plan Rows": 1, "Plan Width": 144, "Actual Startup Time": 50.033, "Actual Total Time": 50.033, "Actual Rows": 1, "Actual Loops": 1, "Plans": [{"Node Type": "Nested Loop", "Parent Relationship": "Outer", "Join Type": "Inner", "Startup Cost": 0.0, "Total Cost": 2657.41, "Plan Rows": 1, "Plan Width": 48, "Actual Startup Time": 2.738, "Actual Total Time": 49.998, "Actual Rows": 6, "Actual Loops": 1, "Inner Unique": true, "Join Filter": "(mk.movie_id = t.id)", "Rows Removed by Join Filter": 0, "Plans": [{"Node Type": "Nested Loop", "Parent Relationship": "Outer", "Join Type": "Inner", "Startup Cost": 0.0, "Total Cost": 2657.12, "Plan Rows": 1, "Plan Width": 39, "Actual Startup Time": 2.722, "Actual Total Time": 49.943, "Actual Rows": 6, "Actual Loops": 1, "Inner Unique": true, "Plans": [{"Node Type": "Nested Loop", "Parent Relationship": "Outer", "Join Type": "Inner", "Startup Cost": 0.0, "Total Cost": 2598.56, "Plan Rows": 202, "Plan Width": 28, "Actual Startup Time": 1.069, "Actual Total Time": 42.909, "Actual Rows": 1242, "Actual Loops": 1, "Inner Unique": false, "Plans": [{"Node Type": "Nested Loop", "Parent Relationship": "Outer", "Join Type": "Inner", "Startup Cost": 0.0, "Total Cost": 2573.32, "Plan Rows": 33, "Plan Width": 20, "Actual Startup Time": 1.054, "Actual Total Time": 40.494, "Actual Rows": 14, "Actual Loops": 1, "Inner Unique": false, "Plans": [{"Node Type": "Seq Scan", "Parent Relationship": "Outer", "Relation Name": "keyword", "Alias": "k", "Startup Cost": 0.0, "Total Cost": 2436.11, "Plan Rows": 1, "Plan Width": 20, "Actual Startup Time": 1.034, "Actual Total Time": 40.443, "Actual Rows": 1, "Actual Loops": 1, "Filter": "((keyword)::text = 'marvel-cinematic-universe'::text)", "Rows Removed by Filter": 134168}, {"Node Type": "Index Scan", "Parent Relationship": "Inner", "Scan Direction": "Forward", "Index Name": "keyword_id_movie_keyword", "Relation Name": "movie_keyword", "Alias": "mk", "Startup Cost": 0.0, "Total Cost": 136.88, "Plan Rows": 33, "Plan Width": 8, "Actual Startup Time": 0.014, "Actual Total Time": 0.039, "Actual Rows": 14, "Actual Loops": 1, "Index Cond": "(keyword_id = k.id)", "Rows Removed by Index Recheck": 0}]}, {"Node Type": "Index Scan", "Parent Relationship": "Inner", "Scan Direction": "Forward", "Index Name": "movie_id_cast_info", "Relation Name": "cast_info", "Alias": "ci", "Startup Cost": 0.0, "Total Cost": 0.7, "Plan Rows": 6, "Plan Width": 8, "Actual Startup Time": 0.169, "Actual Total Time": 2.091, "Actual Rows": 1242, "Actual Loops": 14, "Index Cond": "(movie_id = mk.movie_id)", "Rows Removed by Index Recheck": 0}]}, {"Node Type": "Index Scan", "Parent Relationship": "Inner", "Scan Direction": "Forward", "Index Name": "name_pkey", "Relation Name": "name", "Alias": "n", "Startup Cost": 0.0, "Total Cost": 0.28, "Plan Rows": 1, "Plan Width": 19, "Actual Startup Time": 6.441, "Actual Total Time": 6.441, "Actual Rows": 6, "Actual Loops": 1242, "Index Cond": "(id = ci.person_id)", "Rows Removed by Index Recheck": 0, "Filter": "((name)::text ~~ '%Downey%Robert%'::text)", "Rows Removed by Filter": 1236}]}, {"Node Type": "Index Scan", "Parent Relationship": "Inner", "Scan Direction": "Forward", "Index Name": "title_pkey", "Relation Name": "title", "Alias": "t", "Startup Cost": 0.0, "Total Cost": 0.28, "Plan Rows": 1, "Plan Width": 21, "Actual Startup Time": 0.04, "Actual Total Time": 0.04, "Actual Rows": 6, "Actual Loops": 6, "Index Cond": "(id = ci.movie_id)", "Rows Removed by Index Recheck": 0, "Filter": "(production_year > 2010)", "Rows Removed by Filter": 0}]}]}, "Triggers": [], "Planner Runtime": 6.763, "Total Runtime": 50.265, "Unique SQL Id": 4208751436}}, "(1, '45')": {"explain_plan": {"Plan": {"Node Type": "Aggregate", "Strategy": "Plain", "Startup Cost": 3404.02, "Total Cost": 3404.03, "Plan Rows": 1, "Plan Width": 144, "Plans": [{"Node Type": "Nested Loop", "Parent Relationship": "Outer", "Join Type": "Inner", "Startup Cost": 0.0, "Total Cost": 3404.01, "Plan Rows": 1, "Plan Width": 48, "Inner Unique": true, "Join Filter": "(mk.movie_id = t.id)", "Plans": [{"Node Type": "Nested Loop", "Parent Relationship": "Outer", "Join Type": "Inner", "Startup Cost": 0.0, "Total Cost": 3403.72, "Plan Rows": 1, "Plan Width": 39, "Inner Unique": true, "Plans": [{"Node Type": "Nested Loop", "Parent Relationship": "Outer", "Join Type": "Inner", "Startup Cost": 0.0, "Total Cost": 3345.17, "Plan Rows": 202, "Plan Width": 28, "Inner Unique": false, "Plans": [{"Node Type": "Nested Loop", "Parent Relationship": "Outer", "Join Type": "Inner", "Startup Cost": 0.0, "Total Cost": 3319.92, "Plan Rows": 33, "Plan Width": 20, "Inner Unique": false, "Plans": [{"Node Type": "Index Scan", "Parent Relationship": "Outer", "Scan Direction": "Forward", "Index Name": "keyword_pkey", "Relation Name": "keyword", "Alias": "k", "Startup Cost": 0.0, "Total Cost": 3182.72, "Plan Rows": 1, "Plan Width": 20, "Filter": "((keyword)::text = 'marvel-cinematic-universe'::text)"}, {"Node Type": "Index Scan", "Parent Relationship": "Inner", "Scan Direction": "Forward", "Index Name": "keyword_id_movie_keyword", "Relation Name": "movie_keyword", "Alias": "mk", "Startup Cost": 0.0, "Total Cost": 136.88, "Plan Rows": 33, "Plan Width": 8, "Index Cond": "(keyword_id = k.id)"}]}, {"Node Type": "Index Scan", "Parent Relationship": "Inner", "Scan Direction": "Forward", "Index Name": "movie_id_cast_info", "Relation Name": "cast_info", "Alias": "ci", "Startup Cost": 0.0, "Total Cost": 0.7, "Plan Rows": 6, "Plan Width": 8, "Index Cond": "(movie_id = mk.movie_id)"}]}, {"Node Type": "Index Scan", "Parent Relationship": "Inner", "Scan Direction": "Forward", "Index Name": "name_pkey", "Relation Name": "name", "Alias": "n", "Startup Cost": 0.0, "Total Cost": 0.28, "Plan Rows": 1, "Plan Width": 19, "Index Cond": "(id = ci.person_id)", "Filter": "((name)::text ~~ '%Downey%Robert%'::text)"}]}, {"Node Type": "Index Scan", "Parent Relationship": "Inner", "Scan Direction": "Forward", "Index Name": "title_pkey", "Relation Name": "title", "Alias": "t", "Startup Cost": 0.0, "Total Cost": 0.28, "Plan Rows": 1, "Plan Width": 21, "Index Cond": "(id = ci.movie_id)", "Filter": "(production_year > 2010)"}]}]}, "Unique SQL Id": 4208751436, "Planner Runtime": 2}, "explain_analyze_plan": null}, "(1, '46')": {"explain_plan": {"Plan": {"Node Type": "Aggregate", "Strategy": "Plain", "Startup Cost": 986777.43, "Total Cost": 986777.44, "Plan Rows": 1, "Plan Width": 144, "Plans": [{"Node Type": "Nested Loop", "Parent Relationship": "Outer", "Join Type": "Inner", "Startup Cost": 144074.89, "Total Cost": 986776.36, "Plan Rows": 143, "Plan Width": 48, "Inner Unique": false, "Join Filter": "(ci.person_id = n.id)", "Plans": [{"Node Type": "Seq Scan", "Parent Relationship": "Outer", "Relation Name": "name", "Alias": "n", "Startup Cost": 0.0, "Total Cost": 103490.62, "Plan Rows": 415, "Plan Width": 19, "Filter": "((name)::text ~~ '%Downey%Robert%'::text)"}, {"Node Type": "Materialize", "Parent Relationship": "Inner", "Startup Cost": 144074.89, "Total Cost": 881929.23, "Plan Rows": 218, "Plan Width": 37, "Plans": [{"Node Type": "Hash Join", "Parent Relationship": "Outer", "Join Type": "Inner", "Startup Cost": 144074.89, "Total Cost": 881928.14, "Plan Rows": 218, "Plan Width": 37, "Inner Unique": false, "Hash Cond": "(ci.movie_id = t.id)", "Plans": [{"Node Type": "Seq Scan", "Parent Relationship": "Outer", "Relation Name": "cast_info", "Alias": "ci", "Startup Cost": 0.0, "Total Cost": 601877.94, "Plan Rows": 36259494, "Plan Width": 8}, {"Node Type": "Hash", "Parent Relationship": "Inner", "Startup Cost": 144074.44, "Total Cost": 144074.44, "Plan Rows": 36, "Plan Width": 41, "Plans": [{"Node Type": "Hash Join", "Parent Relationship": "Outer", "Join Type": "Inner", "Startup Cost": 76216.26, "Total Cost": 144074.44, "Plan Rows": 36, "Plan Width": 41, "Inner Unique": false, "Hash Cond": "(t.id = mk.movie_id)", "Plans": [{"Node Type": "Seq Scan", "Parent Relationship": "Outer", "Relation Name": "title", "Alias": "t", "Startup Cost": 0.0, "Total Cost": 66389.89, "Plan Rows": 391451, "Plan Width": 21, "Filter": "(production_year > 2010), (LLVM Optimized)"}, {"Node Type": "Hash", "Parent Relationship": "Inner", "Startup Cost": 76215.84, "Total Cost": 76215.84, "Plan Rows": 33, "Plan Width": 20, "Plans": [{"Node Type": "Hash Join", "Parent Relationship": "Outer", "Join Type": "Inner", "Startup Cost": 2436.12, "Total Cost": 76215.84, "Plan Rows": 33, "Plan Width": 20, "Inner Unique": true, "Hash Cond": "(mk.keyword_id = k.id)", "Plans": [{"Node Type": "Seq Scan", "Parent Relationship": "Outer", "Relation Name": "movie_keyword", "Alias": "mk", "Startup Cost": 0.0, "Total Cost": 62441.29, "Plan Rows": 4523929, "Plan Width": 8}, {"Node Type": "Hash", "Parent Relationship": "Inner", "Startup Cost": 2436.11, "Total Cost": 2436.11, "Plan Rows": 1, "Plan Width": 20, "Plans": [{"Node Type": "Seq Scan", "Parent Relationship": "Outer", "Relation Name": "keyword", "Alias": "k", "Startup Cost": 0.0, "Total Cost": 2436.11, "Plan Rows": 1, "Plan Width": 20, "Filter": "((keyword)::text = 'marvel-cinematic-universe'::text)"}]}]}]}]}]}]}]}]}]}, "Unique SQL Id": 4208751436, "Planner Runtime": 4}, "explain_analyze_plan": null}, "(1, '47')": {"explain_plan": {"Plan": {"Node Type": "Aggregate", "Strategy": "Plain", "Startup Cost": 5000235781755.78, "Total Cost": 5000235781755.79, "Plan Rows": 1, "Plan Width": 144, "Plans": [{"Node Type": "Nested Loop", "Parent Relationship": "Outer", "Join Type": "Inner", "Startup Cost": 50000000000.0, "Total Cost": 5000235781754.72, "Plan Rows": 141, "Plan Width": 48, "Inner Unique": true, "Join Filter": "(ci.person_id = n.id)", "Plans": [{"Node Type": "Nested Loop", "Parent Relationship": "Outer", "Join Type": "Inner", "Startup Cost": 40000000000.0, "Total Cost": 4000217115249.43, "Plan Rows": 218, "Plan Width": 37, "Inner Unique": true, "Join Filter": "(mk.movie_id = t.id)", "Plans": [{"Node Type": "Nested Loop", "Parent Relationship": "Outer", "Join Type": "Inner", "Startup Cost": 30000000000.0, "Total Cost": 3000204284047.61, "Plan Rows": 202, "Plan Width": 28, "Inner Unique": false, "Join Filter": "(mk.movie_id = ci.movie_id)", "Plans": [{"Node Type": "Index Scan", "Parent Relationship": "Outer", "Scan Direction": "Forward", "Index Name": "person_id_cast_info", "Relation Name": "cast_info", "Alias": "ci", "Startup Cost": 10000000000.0, "Total Cost": 1000170648833.21, "Plan Rows": 36259494, "Plan Width": 8}, {"Node Type": "Materialize", "Parent Relationship": "Inner", "Startup Cost": 20000000000.0, "Total Cost": 2000015686764.96, "Plan Rows": 33, "Plan Width": 20, "Plans": [{"Node Type": "Nested Loop", "Parent Relationship": "Outer", "Join Type": "Inner", "Startup Cost": 20000000000.0, "Total Cost": 2000015686764.79, "Plan Rows": 33, "Plan Width": 20, "Inner Unique": true, "Join Filter": "(k.id = mk.keyword_id)", "Plans": [{"Node Type": "Index Scan", "Parent Relationship": "Outer", "Scan Direction": "Forward", "Index Name": "movie_id_movie_keyword", "Relation Name": "movie_keyword", "Alias": "mk", "Startup Cost": 10000000000.0, "Total Cost": 1000015300634.17, "Plan Rows": 4523929, "Plan Width": 8}, {"Node Type": "Materialize", "Parent Relationship": "Inner", "Startup Cost": 10000000000.0, "Total Cost": 1000000318271.69, "Plan Rows": 1, "Plan Width": 20, "Plans": [{"Node Type": "Index Scan", "Parent Relationship": "Outer", "Scan Direction": "Forward", "Index Name": "keyword_pkey", "Relation Name": "keyword", "Alias": "k", "Startup Cost": 10000000000.0, "Total Cost": 1000000318271.68, "Plan Rows": 1, "Plan Width": 20, "Filter": "((keyword)::text = 'marvel-cinematic-universe'::text)"}]}]}]}]}, {"Node Type": "Materialize", "Parent Relationship": "Inner", "Startup Cost": 10000000000.0, "Total Cost": 1000011646083.92, "Plan Rows": 391451, "Plan Width": 21, "Plans": [{"Node Type": "Index Scan", "Parent Relationship": "Outer", "Scan Direction": "Forward", "Index Name": "title_pkey", "Relation Name": "title", "Alias": "t", "Startup Cost": 10000000000.0, "Total Cost": 1000011644126.66, "Plan Rows": 391451, "Plan Width": 21, "Filter": "(production_year > 2010), (LLVM Optimized)"}]}]}, {"Node Type": "Materialize", "Parent Relationship": "Inner", "Startup Cost": 10000000000.0, "Total Cost": 1000018665149.28, "Plan Rows": 415, "Plan Width": 19, "Plans": [{"Node Type": "Index Scan", "Parent Relationship": "Outer", "Scan Direction": "Forward", "Index Name": "name_pkey", "Relation Name": "name", "Alias": "n", "Startup Cost": 10000000000.0, "Total Cost": 1000018665147.2, "Plan Rows": 415, "Plan Width": 19, "Filter": "((name)::text ~~ '%Downey%Robert%'::text)"}]}]}]}, "Unique SQL Id": 4208751436, "Planner Runtime": 3}, "explain_analyze_plan": null}, "(1, '48')": {"explain_plan": {"Plan": {"Node Type": "Aggregate", "Strategy": "Plain", "Startup Cost": 2653.12, "Total Cost": 2653.13, "Plan Rows": 1, "Plan Width": 144, "Plans": [{"Node Type": "Nested Loop", "Parent Relationship": "Outer", "Join Type": "Inner", "Startup Cost": 4.51, "Total Cost": 2653.12, "Plan Rows": 1, "Plan Width": 48, "Inner Unique": true, "Join Filter": "(mk.movie_id = t.id)", "Plans": [{"Node Type": "Nested Loop", "Parent Relationship": "Outer", "Join Type": "Inner", "Startup Cost": 4.51, "Total Cost": 2652.83, "Plan Rows": 1, "Plan Width": 39, "Inner Unique": true, "Plans": [{"Node Type": "Nested Loop", "Parent Relationship": "Outer", "Join Type": "Inner", "Startup Cost": 4.51, "Total Cost": 2594.27, "Plan Rows": 202, "Plan Width": 28, "Inner Unique": false, "Plans": [{"Node Type": "Nested Loop", "Parent Relationship": "Outer", "Join Type": "Inner", "Startup Cost": 4.51, "Total Cost": 2569.02, "Plan Rows": 33, "Plan Width": 20, "Inner Unique": false, "Plans": [{"Node Type": "Seq Scan", "Parent Relationship": "Outer", "Relation Name": "keyword", "Alias": "k", "Startup Cost": 0.0, "Total Cost": 2436.11, "Plan Rows": 1, "Plan Width": 20, "Filter": "((keyword)::text = 'marvel-cinematic-universe'::text)"}, {"Node Type": "Bitmap Heap Scan", "Parent Relationship": "Inner", "Relation Name": "movie_keyword", "Alias": "mk", "Startup Cost": 4.51, "Total Cost": 132.58, "Plan Rows": 33, "Plan Width": 8, "Recheck Cond": "(keyword_id = k.id)", "Plans": [{"Node Type": "Bitmap Index Scan", "Parent Relationship": "Outer", "Index Name": "keyword_id_movie_keyword", "Startup Cost": 0.0, "Total Cost": 4.5, "Plan Rows": 33, "Plan Width": 0, "Index Cond": "(keyword_id = k.id)"}]}]}, {"Node Type": "Index Scan", "Parent Relationship": "Inner", "Scan Direction": "Forward", "Index Name": "movie_id_cast_info", "Relation Name": "cast_info", "Alias": "ci", "Startup Cost": 0.0, "Total Cost": 0.7, "Plan Rows": 6, "Plan Width": 8, "Index Cond": "(movie_id = mk.movie_id)"}]}, {"Node Type": "Index Scan", "Parent Relationship": "Inner", "Scan Direction": "Forward", "Index Name": "name_pkey", "Relation Name": "name", "Alias": "n", "Startup Cost": 0.0, "Total Cost": 0.28, "Plan Rows": 1, "Plan Width": 19, "Index Cond": "(id = ci.person_id)", "Filter": "((name)::text ~~ '%Downey%Robert%'::text)"}]}, {"Node Type": "Index Scan", "Parent Relationship": "Inner", "Scan Direction": "Forward", "Index Name": "title_pkey", "Relation Name": "title", "Alias": "t", "Startup Cost": 0.0, "Total Cost": 0.28, "Plan Rows": 1, "Plan Width": 21, "Index Cond": "(id = ci.movie_id)", "Filter": "(production_year > 2010)"}]}]}, "Unique SQL Id": 4208751436, "Planner Runtime": 1}, "explain_analyze_plan": {"Plan": {"Node Type": "Aggregate", "Strategy": "Plain", "Startup Cost": 2653.12, "Total Cost": 2653.13, "Plan Rows": 1, "Plan Width": 144, "Actual Startup Time": 50.116, "Actual Total Time": 50.116, "Actual Rows": 1, "Actual Loops": 1, "Plans": [{"Node Type": "Nested Loop", "Parent Relationship": "Outer", "Join Type": "Inner", "Startup Cost": 4.51, "Total Cost": 2653.12, "Plan Rows": 1, "Plan Width": 48, "Actual Startup Time": 2.78, "Actual Total Time": 50.084, "Actual Rows": 6, "Actual Loops": 1, "Inner Unique": true, "Join Filter": "(mk.movie_id = t.id)", "Rows Removed by Join Filter": 0, "Plans": [{"Node Type": "Nested Loop", "Parent Relationship": "Outer", "Join Type": "Inner", "Startup Cost": 4.51, "Total Cost": 2652.83, "Plan Rows": 1, "Plan Width": 39, "Actual Startup Time": 2.763, "Actual Total Time": 50.032, "Actual Rows": 6, "Actual Loops": 1, "Inner Unique": true, "Plans": [{"Node Type": "Nested Loop", "Parent Relationship": "Outer", "Join Type": "Inner", "Startup Cost": 4.51, "Total Cost": 2594.27, "Plan Rows": 202, "Plan Width": 28, "Actual Startup Time": 1.106, "Actual Total Time": 42.984, "Actual Rows": 1242, "Actual Loops": 1, "Inner Unique": false, "Plans": [{"Node Type": "Nested Loop", "Parent Relationship": "Outer", "Join Type": "Inner", "Startup Cost": 4.51, "Total Cost": 2569.02, "Plan Rows": 33, "Plan Width": 20, "Actual Startup Time": 1.089, "Actual Total Time": 40.586, "Actual Rows": 14, "Actual Loops": 1, "Inner Unique": false, "Plans": [{"Node Type": "Seq Scan", "Parent Relationship": "Outer", "Relation Name": "keyword", "Alias": "k", "Startup Cost": 0.0, "Total Cost": 2436.11, "Plan Rows": 1, "Plan Width": 20, "Actual Startup Time": 1.052, "Actual Total Time": 40.505, "Actual Rows": 1, "Actual Loops": 1, "Filter": "((keyword)::text = 'marvel-cinematic-universe'::text)", "Rows Removed by Filter": 134168}, {"Node Type": "Bitmap Heap Scan", "Parent Relationship": "Inner", "Relation Name": "movie_keyword", "Alias": "mk", "Startup Cost": 4.51, "Total Cost": 132.58, "Plan Rows": 33, "Plan Width": 8, "Actual Startup Time": 0.03, "Actual Total Time": 0.064, "Actual Rows": 14, "Actual Loops": 1, "Recheck Cond": "(keyword_id = k.id)", "Rows Removed by Index Recheck": 0, "Exact Heap Blocks": 13, "Lossy Heap Blocks": 13, "Plans": [{"Node Type": "Bitmap Index Scan", "Parent Relationship": "Outer", "Index Name": "keyword_id_movie_keyword", "Startup Cost": 0.0, "Total Cost": 4.5, "Plan Rows": 33, "Plan Width": 0, "Actual Startup Time": 0.018, "Actual Total Time": 0.018, "Actual Rows": 14, "Actual Loops": 1, "Index Cond": "(keyword_id = k.id)"}]}]}, {"Node Type": "Index Scan", "Parent Relationship": "Inner", "Scan Direction": "Forward", "Index Name": "movie_id_cast_info", "Relation Name": "cast_info", "Alias": "ci", "Startup Cost": 0.0, "Total Cost": 0.7, "Plan Rows": 6, "Plan Width": 8, "Actual Startup Time": 0.178, "Actual Total Time": 2.086, "Actual Rows": 1242, "Actual Loops": 14, "Index Cond": "(movie_id = mk.movie_id)", "Rows Removed by Index Recheck": 0}]}, {"Node Type": "Index Scan", "Parent Relationship": "Inner", "Scan Direction": "Forward", "Index Name": "name_pkey", "Relation Name": "name", "Alias": "n", "Startup Cost": 0.0, "Total Cost": 0.28, "Plan Rows": 1, "Plan Width": 19, "Actual Startup Time": 6.418, "Actual Total Time": 6.418, "Actual Rows": 6, "Actual Loops": 1242, "Index Cond": "(id = ci.person_id)", "Rows Removed by Index Recheck": 0, "Filter": "((name)::text ~~ '%Downey%Robert%'::text)", "Rows Removed by Filter": 1236}]}, {"Node Type": "Index Scan", "Parent Relationship": "Inner", "Scan Direction": "Forward", "Index Name": "title_pkey", "Relation Name": "title", "Alias": "t", "Startup Cost": 0.0, "Total Cost": 0.28, "Plan Rows": 1, "Plan Width": 21, "Actual Startup Time": 0.037, "Actual Total Time": 0.037, "Actual Rows": 6, "Actual Loops": 6, "Index Cond": "(id = ci.movie_id)", "Rows Removed by Index Recheck": 0, "Filter": "(production_year > 2010)", "Rows Removed by Filter": 0}]}]}, "Triggers": [], "Planner Runtime": 6.792, "Total Runtime": 50.355, "Unique SQL Id": 4208751436}}, "(1, '49')": {"explain_plan": {"Plan": {"Node Type": "Aggregate", "Strategy": "Plain", "Startup Cost": 3399.73, "Total Cost": 3399.74, "Plan Rows": 1, "Plan Width": 144, "Plans": [{"Node Type": "Nested Loop", "Parent Relationship": "Outer", "Join Type": "Inner", "Startup Cost": 4.51, "Total Cost": 3399.72, "Plan Rows": 1, "Plan Width": 48, "Inner Unique": true, "Join Filter": "(mk.movie_id = t.id)", "Plans": [{"Node Type": "Nested Loop", "Parent Relationship": "Outer", "Join Type": "Inner", "Startup Cost": 4.51, "Total Cost": 3399.43, "Plan Rows": 1, "Plan Width": 39, "Inner Unique": true, "Plans": [{"Node Type": "Nested Loop", "Parent Relationship": "Outer", "Join Type": "Inner", "Startup Cost": 4.51, "Total Cost": 3340.87, "Plan Rows": 202, "Plan Width": 28, "Inner Unique": false, "Plans": [{"Node Type": "Nested Loop", "Parent Relationship": "Outer", "Join Type": "Inner", "Startup Cost": 4.51, "Total Cost": 3315.63, "Plan Rows": 33, "Plan Width": 20, "Inner Unique": false, "Plans": [{"Node Type": "Index Scan", "Parent Relationship": "Outer", "Scan Direction": "Forward", "Index Name": "keyword_pkey", "Relation Name": "keyword", "Alias": "k", "Startup Cost": 0.0, "Total Cost": 3182.72, "Plan Rows": 1, "Plan Width": 20, "Filter": "((keyword)::text = 'marvel-cinematic-universe'::text)"}, {"Node Type": "Bitmap Heap Scan", "Parent Relationship": "Inner", "Relation Name": "movie_keyword", "Alias": "mk", "Startup Cost": 4.51, "Total Cost": 132.58, "Plan Rows": 33, "Plan Width": 8, "Recheck Cond": "(keyword_id = k.id)", "Plans": [{"Node Type": "Bitmap Index Scan", "Parent Relationship": "Outer", "Index Name": "keyword_id_movie_keyword", "Startup Cost": 0.0, "Total Cost": 4.5, "Plan Rows": 33, "Plan Width": 0, "Index Cond": "(keyword_id = k.id)"}]}]}, {"Node Type": "Index Scan", "Parent Relationship": "Inner", "Scan Direction": "Forward", "Index Name": "movie_id_cast_info", "Relation Name": "cast_info", "Alias": "ci", "Startup Cost": 0.0, "Total Cost": 0.7, "Plan Rows": 6, "Plan Width": 8, "Index Cond": "(movie_id = mk.movie_id)"}]}, {"Node Type": "Index Scan", "Parent Relationship": "Inner", "Scan Direction": "Forward", "Index Name": "name_pkey", "Relation Name": "name", "Alias": "n", "Startup Cost": 0.0, "Total Cost": 0.28, "Plan Rows": 1, "Plan Width": 19, "Index Cond": "(id = ci.person_id)", "Filter": "((name)::text ~~ '%Downey%Robert%'::text)"}]}, {"Node Type": "Index Scan", "Parent Relationship": "Inner", "Scan Direction": "Forward", "Index Name": "title_pkey", "Relation Name": "title", "Alias": "t", "Startup Cost": 0.0, "Total Cost": 0.28, "Plan Rows": 1, "Plan Width": 21, "Index Cond": "(id = ci.movie_id)", "Filter": "(production_year > 2010)"}]}]}, "Unique SQL Id": 4208751436, "Planner Runtime": 1}, "explain_analyze_plan": null}, "(1, '50')": {"explain_plan": {"Plan": {"Node Type": "Aggregate", "Strategy": "Plain", "Startup Cost": 3589.09, "Total Cost": 3589.1, "Plan Rows": 1, "Plan Width": 144, "Plans": [{"Node Type": "Nested Loop", "Parent Relationship": "Outer", "Join Type": "Inner", "Startup Cost": 5.44, "Total Cost": 3589.09, "Plan Rows": 1, "Plan Width": 48, "Inner Unique": true, "Join Filter": "(mk.movie_id = t.id)", "Plans": [{"Node Type": "Nested Loop", "Parent Relationship": "Outer", "Join Type": "Inner", "Startup Cost": 5.19, "Total Cost": 3584.8, "Plan Rows": 1, "Plan Width": 39, "Inner Unique": true, "Plans": [{"Node Type": "Nested Loop", "Parent Relationship": "Outer", "Join Type": "Inner", "Startup Cost": 4.93, "Total Cost": 2719.34, "Plan Rows": 202, "Plan Width": 28, "Inner Unique": false, "Plans": [{"Node Type": "Nested Loop", "Parent Relationship": "Outer", "Join Type": "Inner", "Startup Cost": 4.51, "Total Cost": 2569.02, "Plan Rows": 33, "Plan Width": 20, "Inner Unique": false, "Plans": [{"Node Type": "Seq Scan", "Parent Relationship": "Outer", "Relation Name": "keyword", "Alias": "k", "Startup Cost": 0.0, "Total Cost": 2436.11, "Plan Rows": 1, "Plan Width": 20, "Filter": "((keyword)::text = 'marvel-cinematic-universe'::text)"}, {"Node Type": "Bitmap Heap Scan", "Parent Relationship": "Inner", "Relation Name": "movie_keyword", "Alias": "mk", "Startup Cost": 4.51, "Total Cost": 132.58, "Plan Rows": 33, "Plan Width": 8, "Recheck Cond": "(keyword_id = k.id)", "Plans": [{"Node Type": "Bitmap Index Scan", "Parent Relationship": "Outer", "Index Name": "keyword_id_movie_keyword", "Startup Cost": 0.0, "Total Cost": 4.5, "Plan Rows": 33, "Plan Width": 0, "Index Cond": "(keyword_id = k.id)"}]}]}, {"Node Type": "Bitmap Heap Scan", "Parent Relationship": "Inner", "Relation Name": "cast_info", "Alias": "ci", "Startup Cost": 0.42, "Total Cost": 4.49, "Plan Rows": 6, "Plan Width": 8, "Recheck Cond": "(movie_id = mk.movie_id)", "Plans": [{"Node Type": "Bitmap Index Scan", "Parent Relationship": "Outer", "Index Name": "movie_id_cast_info", "Startup Cost": 0.0, "Total Cost": 0.42, "Plan Rows": 6, "Plan Width": 0, "Index Cond": "(movie_id = mk.movie_id)"}]}]}, {"Node Type": "Bitmap Heap Scan", "Parent Relationship": "Inner", "Relation Name": "name", "Alias": "n", "Startup Cost": 0.26, "Total Cost": 4.27, "Plan Rows": 1, "Plan Width": 19, "Recheck Cond": "(id = ci.person_id)", "Filter": "((name)::text ~~ '%Downey%Robert%'::text)", "Plans": [{"Node Type": "Bitmap Index Scan", "Parent Relationship": "Outer", "Index Name": "name_pkey", "Startup Cost": 0.0, "Total Cost": 0.26, "Plan Rows": 1, "Plan Width": 0, "Index Cond": "(id = ci.person_id)"}]}]}, {"Node Type": "Bitmap Heap Scan", "Parent Relationship": "Inner", "Relation Name": "title", "Alias": "t", "Startup Cost": 0.26, "Total Cost": 4.27, "Plan Rows": 1, "Plan Width": 21, "Recheck Cond": "(id = ci.movie_id)", "Filter": "(production_year > 2010)", "Plans": [{"Node Type": "Bitmap Index Scan", "Parent Relationship": "Outer", "Index Name": "title_pkey", "Startup Cost": 0.0, "Total Cost": 0.26, "Plan Rows": 1, "Plan Width": 0, "Index Cond": "(id = ci.movie_id)"}]}]}]}, "Unique SQL Id": 4208751436, "Planner Runtime": 1}, "explain_analyze_plan": {"Plan": {"Node Type": "Aggregate", "Strategy": "Plain", "Startup Cost": 3589.09, "Total Cost": 3589.1, "Plan Rows": 1, "Plan Width": 144, "Actual Startup Time": 53.171, "Actual Total Time": 53.171, "Actual Rows": 1, "Actual Loops": 1, "Plans": [{"Node Type": "Nested Loop", "Parent Relationship": "Outer", "Join Type": "Inner", "Startup Cost": 5.44, "Total Cost": 3589.09, "Plan Rows": 1, "Plan Width": 48, "Actual Startup Time": 3.448, "Actual Total Time": 53.134, "Actual Rows": 6, "Actual Loops": 1, "Inner Unique": true, "Join Filter": "(mk.movie_id = t.id)", "Rows Removed by Join Filter": 0, "Plans": [{"Node Type": "Nested Loop", "Parent Relationship": "Outer", "Join Type": "Inner", "Startup Cost": 5.19, "Total Cost": 3584.8, "Plan Rows": 1, "Plan Width": 39, "Actual Startup Time": 3.427, "Actual Total Time": 53.065, "Actual Rows": 6, "Actual Loops": 1, "Inner Unique": true, "Plans": [{"Node Type": "Nested Loop", "Parent Relationship": "Outer", "Join Type": "Inner", "Startup Cost": 4.93, "Total Cost": 2719.34, "Plan Rows": 202, "Plan Width": 28, "Actual Startup Time": 1.113, "Actual Total Time": 43.869, "Actual Rows": 1242, "Actual Loops": 1, "Inner Unique": false, "Plans": [{"Node Type": "Nested Loop", "Parent Relationship": "Outer", "Join Type": "Inner", "Startup Cost": 4.51, "Total Cost": 2569.02, "Plan Rows": 33, "Plan Width": 20, "Actual Startup Time": 1.075, "Actual Total Time": 40.613, "Actual Rows": 14, "Actual Loops": 1, "Inner Unique": false, "Plans": [{"Node Type": "Seq Scan", "Parent Relationship": "Outer", "Relation Name": "keyword", "Alias": "k", "Startup Cost": 0.0, "Total Cost": 2436.11, "Plan Rows": 1, "Plan Width": 20, "Actual Startup Time": 1.032, "Actual Total Time": 40.534, "Actual Rows": 1, "Actual Loops": 1, "Filter": "((keyword)::text = 'marvel-cinematic-universe'::text)", "Rows Removed by Filter": 134168}, {"Node Type": "Bitmap Heap Scan", "Parent Relationship": "Inner", "Relation Name": "movie_keyword", "Alias": "mk", "Startup Cost": 4.51, "Total Cost": 132.58, "Plan Rows": 33, "Plan Width": 8, "Actual Startup Time": 0.037, "Actual Total Time": 0.067, "Actual Rows": 14, "Actual Loops": 1, "Recheck Cond": "(keyword_id = k.id)", "Rows Removed by Index Recheck": 0, "Exact Heap Blocks": 13, "Lossy Heap Blocks": 13, "Plans": [{"Node Type": "Bitmap Index Scan", "Parent Relationship": "Outer", "Index Name": "keyword_id_movie_keyword", "Startup Cost": 0.0, "Total Cost": 4.5, "Plan Rows": 33, "Plan Width": 0, "Actual Startup Time": 0.021, "Actual Total Time": 0.021, "Actual Rows": 14, "Actual Loops": 1, "Index Cond": "(keyword_id = k.id)"}]}]}, {"Node Type": "Bitmap Heap Scan", "Parent Relationship": "Inner", "Relation Name": "cast_info", "Alias": "ci", "Startup Cost": 0.42, "Total Cost": 4.49, "Plan Rows": 6, "Plan Width": 8, "Actual Startup Time": 0.637, "Actual Total Time": 2.904, "Actual Rows": 1242, "Actual Loops": 14, "Recheck Cond": "(movie_id = mk.movie_id)", "Rows Removed by Index Recheck": 0, "Exact Heap Blocks": 1184, "Lossy Heap Blocks": 1184, "Plans": [{"Node Type": "Bitmap Index Scan", "Parent Relationship": "Outer", "Index Name": "movie_id_cast_info", "Startup Cost": 0.0, "Total Cost": 0.42, "Plan Rows": 6, "Plan Width": 0, "Actual Startup Time": 0.398, "Actual Total Time": 0.398, "Actual Rows": 1242, "Actual Loops": 14, "Index Cond": "(movie_id = mk.movie_id)"}]}]}, {"Node Type": "Bitmap Heap Scan", "Parent Relationship": "Inner", "Relation Name": "name", "Alias": "n", "Startup Cost": 0.26, "Total Cost": 4.27, "Plan Rows": 1, "Plan Width": 19, "Actual Startup Time": 7.816, "Actual Total Time": 7.816, "Actual Rows": 6, "Actual Loops": 1242, "Recheck Cond": "(id = ci.person_id)", "Rows Removed by Index Recheck": 0, "Filter": "((name)::text ~~ '%Downey%Robert%'::text)", "Rows Removed by Filter": 1236, "Exact Heap Blocks": 1242, "Lossy Heap Blocks": 1242, "Plans": [{"Node Type": "Bitmap Index Scan", "Parent Relationship": "Outer", "Index Name": "name_pkey", "Startup Cost": 0.0, "Total Cost": 0.26, "Plan Rows": 1, "Plan Width": 0, "Actual Startup Time": 4.579, "Actual Total Time": 4.579, "Actual Rows": 1242, "Actual Loops": 1242, "Index Cond": "(id = ci.person_id)"}]}]}, {"Node Type": "Bitmap Heap Scan", "Parent Relationship": "Inner", "Relation Name": "title", "Alias": "t", "Startup Cost": 0.26, "Total Cost": 4.27, "Plan Rows": 1, "Plan Width": 21, "Actual Startup Time": 0.052, "Actual Total Time": 0.052, "Actual Rows": 6, "Actual Loops": 6, "Recheck Cond": "(id = ci.movie_id)", "Rows Removed by Index Recheck": 0, "Filter": "(production_year > 2010)", "Rows Removed by Filter": 0, "Exact Heap Blocks": 6, "Lossy Heap Blocks": 6, "Plans": [{"Node Type": "Bitmap Index Scan", "Parent Relationship": "Outer", "Index Name": "title_pkey", "Startup Cost": 0.0, "Total Cost": 0.26, "Plan Rows": 1, "Plan Width": 0, "Actual Startup Time": 0.027, "Actual Total Time": 0.027, "Actual Rows": 6, "Actual Loops": 6, "Index Cond": "(id = ci.movie_id)"}]}]}]}, "Triggers": [], "Planner Runtime": 2.206, "Total Runtime": 53.451, "Unique SQL Id": 4208751436}}, "(1, '51')": {"explain_plan": {"Plan": {"Node Type": "Aggregate", "Strategy": "Plain", "Startup Cost": 1000034676559.16, "Total Cost": 1000034676559.17, "Plan Rows": 1, "Plan Width": 144, "Plans": [{"Node Type": "Nested Loop", "Parent Relationship": "Outer", "Join Type": "Inner", "Startup Cost": 10000000001.2, "Total Cost": 1000034676559.15, "Plan Rows": 1, "Plan Width": 48, "Inner Unique": true, "Join Filter": "(mk.movie_id = t.id)", "Plans": [{"Node Type": "Nested Loop", "Parent Relationship": "Outer", "Join Type": "Inner", "Startup Cost": 10000000000.94, "Total Cost": 1000034676554.87, "Plan Rows": 1, "Plan Width": 39, "Inner Unique": true, "Plans": [{"Node Type": "Nested Loop", "Parent Relationship": "Outer", "Join Type": "Inner", "Startup Cost": 10000000000.68, "Total Cost": 1000034675689.4, "Plan Rows": 202, "Plan Width": 28, "Inner Unique": false, "Plans": [{"Node Type": "Nested Loop", "Parent Relationship": "Outer", "Join Type": "Inner", "Startup Cost": 10000000000.26, "Total Cost": 1000034675539.09, "Plan Rows": 33, "Plan Width": 20, "Inner Unique": true, "Plans": [{"Node Type": "Index Scan", "Parent Relationship": "Outer", "Scan Direction": "Forward", "Index Name": "movie_id_movie_keyword", "Relation Name": "movie_keyword", "Alias": "mk", "Startup Cost": 10000000000.0, "Total Cost": 1000015300634.17, "Plan Rows": 4523929, "Plan Width": 8}, {"Node Type": "Bitmap Heap Scan", "Parent Relationship": "Inner", "Relation Name": "keyword", "Alias": "k", "Startup Cost": 0.26, "Total Cost": 4.27, "Plan Rows": 1, "Plan Width": 20, "Recheck Cond": "(id = mk.keyword_id)", "Filter": "((keyword)::text = 'marvel-cinematic-universe'::text)", "Plans": [{"Node Type": "Bitmap Index Scan", "Parent Relationship": "Outer", "Index Name": "keyword_pkey", "Startup Cost": 0.0, "Total Cost": 0.26, "Plan Rows": 1, "Plan Width": 0, "Index Cond": "(id = mk.keyword_id)"}]}]}, {"Node Type": "Bitmap Heap Scan", "Parent Relationship": "Inner", "Relation Name": "cast_info", "Alias": "ci", "Startup Cost": 0.42, "Total Cost": 4.49, "Plan Rows": 6, "Plan Width": 8, "Recheck Cond": "(movie_id = mk.movie_id)", "Plans": [{"Node Type": "Bitmap Index Scan", "Parent Relationship": "Outer", "Index Name": "movie_id_cast_info", "Startup Cost": 0.0, "Total Cost": 0.42, "Plan Rows": 6, "Plan Width": 0, "Index Cond": "(movie_id = mk.movie_id)"}]}]}, {"Node Type": "Bitmap Heap Scan", "Parent Relationship": "Inner", "Relation Name": "name", "Alias": "n", "Startup Cost": 0.26, "Total Cost": 4.27, "Plan Rows": 1, "Plan Width": 19, "Recheck Cond": "(id = ci.person_id)", "Filter": "((name)::text ~~ '%Downey%Robert%'::text)", "Plans": [{"Node Type": "Bitmap Index Scan", "Parent Relationship": "Outer", "Index Name": "name_pkey", "Startup Cost": 0.0, "Total Cost": 0.26, "Plan Rows": 1, "Plan Width": 0, "Index Cond": "(id = ci.person_id)"}]}]}, {"Node Type": "Bitmap Heap Scan", "Parent Relationship": "Inner", "Relation Name": "title", "Alias": "t", "Startup Cost": 0.26, "Total Cost": 4.27, "Plan Rows": 1, "Plan Width": 21, "Recheck Cond": "(id = ci.movie_id)", "Filter": "(production_year > 2010)", "Plans": [{"Node Type": "Bitmap Index Scan", "Parent Relationship": "Outer", "Index Name": "title_pkey", "Startup Cost": 0.0, "Total Cost": 0.26, "Plan Rows": 1, "Plan Width": 0, "Index Cond": "(id = ci.movie_id)"}]}]}]}, "Unique SQL Id": 4208751436, "Planner Runtime": 1}, "explain_analyze_plan": null}, "(1, '52')": {"explain_plan": {"Plan": {"Node Type": "Aggregate", "Strategy": "Plain", "Startup Cost": 2653.12, "Total Cost": 2653.13, "Plan Rows": 1, "Plan Width": 144, "Plans": [{"Node Type": "Nested Loop", "Parent Relationship": "Outer", "Join Type": "Inner", "Startup Cost": 4.51, "Total Cost": 2653.12, "Plan Rows": 1, "Plan Width": 48, "Inner Unique": true, "Join Filter": "(mk.movie_id = t.id)", "Plans": [{"Node Type": "Nested Loop", "Parent Relationship": "Outer", "Join Type": "Inner", "Startup Cost": 4.51, "Total Cost": 2652.83, "Plan Rows": 1, "Plan Width": 39, "Inner Unique": true, "Plans": [{"Node Type": "Nested Loop", "Parent Relationship": "Outer", "Join Type": "Inner", "Startup Cost": 4.51, "Total Cost": 2594.27, "Plan Rows": 202, "Plan Width": 28, "Inner Unique": false, "Plans": [{"Node Type": "Nested Loop", "Parent Relationship": "Outer", "Join Type": "Inner", "Startup Cost": 4.51, "Total Cost": 2569.02, "Plan Rows": 33, "Plan Width": 20, "Inner Unique": false, "Plans": [{"Node Type": "Seq Scan", "Parent Relationship": "Outer", "Relation Name": "keyword", "Alias": "k", "Startup Cost": 0.0, "Total Cost": 2436.11, "Plan Rows": 1, "Plan Width": 20, "Filter": "((keyword)::text = 'marvel-cinematic-universe'::text)"}, {"Node Type": "Bitmap Heap Scan", "Parent Relationship": "Inner", "Relation Name": "movie_keyword", "Alias": "mk", "Startup Cost": 4.51, "Total Cost": 132.58, "Plan Rows": 33, "Plan Width": 8, "Recheck Cond": "(keyword_id = k.id)", "Plans": [{"Node Type": "Bitmap Index Scan", "Parent Relationship": "Outer", "Index Name": "keyword_id_movie_keyword", "Startup Cost": 0.0, "Total Cost": 4.5, "Plan Rows": 33, "Plan Width": 0, "Index Cond": "(keyword_id = k.id)"}]}]}, {"Node Type": "Index Scan", "Parent Relationship": "Inner", "Scan Direction": "Forward", "Index Name": "movie_id_cast_info", "Relation Name": "cast_info", "Alias": "ci", "Startup Cost": 0.0, "Total Cost": 0.7, "Plan Rows": 6, "Plan Width": 8, "Index Cond": "(movie_id = mk.movie_id)"}]}, {"Node Type": "Index Scan", "Parent Relationship": "Inner", "Scan Direction": "Forward", "Index Name": "name_pkey", "Relation Name": "name", "Alias": "n", "Startup Cost": 0.0, "Total Cost": 0.28, "Plan Rows": 1, "Plan Width": 19, "Index Cond": "(id = ci.person_id)", "Filter": "((name)::text ~~ '%Downey%Robert%'::text)"}]}, {"Node Type": "Index Scan", "Parent Relationship": "Inner", "Scan Direction": "Forward", "Index Name": "title_pkey", "Relation Name": "title", "Alias": "t", "Startup Cost": 0.0, "Total Cost": 0.28, "Plan Rows": 1, "Plan Width": 21, "Index Cond": "(id = ci.movie_id)", "Filter": "(production_year > 2010)"}]}]}, "Unique SQL Id": 4208751436, "Planner Runtime": 1}, "explain_analyze_plan": {"Plan": {"Node Type": "Aggregate", "Strategy": "Plain", "Startup Cost": 2653.12, "Total Cost": 2653.13, "Plan Rows": 1, "Plan Width": 144, "Actual Startup Time": 50.116, "Actual Total Time": 50.116, "Actual Rows": 1, "Actual Loops": 1, "Plans": [{"Node Type": "Nested Loop", "Parent Relationship": "Outer", "Join Type": "Inner", "Startup Cost": 4.51, "Total Cost": 2653.12, "Plan Rows": 1, "Plan Width": 48, "Actual Startup Time": 2.78, "Actual Total Time": 50.084, "Actual Rows": 6, "Actual Loops": 1, "Inner Unique": true, "Join Filter": "(mk.movie_id = t.id)", "Rows Removed by Join Filter": 0, "Plans": [{"Node Type": "Nested Loop", "Parent Relationship": "Outer", "Join Type": "Inner", "Startup Cost": 4.51, "Total Cost": 2652.83, "Plan Rows": 1, "Plan Width": 39, "Actual Startup Time": 2.763, "Actual Total Time": 50.032, "Actual Rows": 6, "Actual Loops": 1, "Inner Unique": true, "Plans": [{"Node Type": "Nested Loop", "Parent Relationship": "Outer", "Join Type": "Inner", "Startup Cost": 4.51, "Total Cost": 2594.27, "Plan Rows": 202, "Plan Width": 28, "Actual Startup Time": 1.106, "Actual Total Time": 42.984, "Actual Rows": 1242, "Actual Loops": 1, "Inner Unique": false, "Plans": [{"Node Type": "Nested Loop", "Parent Relationship": "Outer", "Join Type": "Inner", "Startup Cost": 4.51, "Total Cost": 2569.02, "Plan Rows": 33, "Plan Width": 20, "Actual Startup Time": 1.089, "Actual Total Time": 40.586, "Actual Rows": 14, "Actual Loops": 1, "Inner Unique": false, "Plans": [{"Node Type": "Seq Scan", "Parent Relationship": "Outer", "Relation Name": "keyword", "Alias": "k", "Startup Cost": 0.0, "Total Cost": 2436.11, "Plan Rows": 1, "Plan Width": 20, "Actual Startup Time": 1.052, "Actual Total Time": 40.505, "Actual Rows": 1, "Actual Loops": 1, "Filter": "((keyword)::text = 'marvel-cinematic-universe'::text)", "Rows Removed by Filter": 134168}, {"Node Type": "Bitmap Heap Scan", "Parent Relationship": "Inner", "Relation Name": "movie_keyword", "Alias": "mk", "Startup Cost": 4.51, "Total Cost": 132.58, "Plan Rows": 33, "Plan Width": 8, "Actual Startup Time": 0.03, "Actual Total Time": 0.064, "Actual Rows": 14, "Actual Loops": 1, "Recheck Cond": "(keyword_id = k.id)", "Rows Removed by Index Recheck": 0, "Exact Heap Blocks": 13, "Lossy Heap Blocks": 13, "Plans": [{"Node Type": "Bitmap Index Scan", "Parent Relationship": "Outer", "Index Name": "keyword_id_movie_keyword", "Startup Cost": 0.0, "Total Cost": 4.5, "Plan Rows": 33, "Plan Width": 0, "Actual Startup Time": 0.018, "Actual Total Time": 0.018, "Actual Rows": 14, "Actual Loops": 1, "Index Cond": "(keyword_id = k.id)"}]}]}, {"Node Type": "Index Scan", "Parent Relationship": "Inner", "Scan Direction": "Forward", "Index Name": "movie_id_cast_info", "Relation Name": "cast_info", "Alias": "ci", "Startup Cost": 0.0, "Total Cost": 0.7, "Plan Rows": 6, "Plan Width": 8, "Actual Startup Time": 0.178, "Actual Total Time": 2.086, "Actual Rows": 1242, "Actual Loops": 14, "Index Cond": "(movie_id = mk.movie_id)", "Rows Removed by Index Recheck": 0}]}, {"Node Type": "Index Scan", "Parent Relationship": "Inner", "Scan Direction": "Forward", "Index Name": "name_pkey", "Relation Name": "name", "Alias": "n", "Startup Cost": 0.0, "Total Cost": 0.28, "Plan Rows": 1, "Plan Width": 19, "Actual Startup Time": 6.418, "Actual Total Time": 6.418, "Actual Rows": 6, "Actual Loops": 1242, "Index Cond": "(id = ci.person_id)", "Rows Removed by Index Recheck": 0, "Filter": "((name)::text ~~ '%Downey%Robert%'::text)", "Rows Removed by Filter": 1236}]}, {"Node Type": "Index Scan", "Parent Relationship": "Inner", "Scan Direction": "Forward", "Index Name": "title_pkey", "Relation Name": "title", "Alias": "t", "Startup Cost": 0.0, "Total Cost": 0.28, "Plan Rows": 1, "Plan Width": 21, "Actual Startup Time": 0.037, "Actual Total Time": 0.037, "Actual Rows": 6, "Actual Loops": 6, "Index Cond": "(id = ci.movie_id)", "Rows Removed by Index Recheck": 0, "Filter": "(production_year > 2010)", "Rows Removed by Filter": 0}]}]}, "Triggers": [], "Planner Runtime": 6.792, "Total Runtime": 50.355, "Unique SQL Id": 4208751436}}, "(1, '53')": {"explain_plan": {"Plan": {"Node Type": "Aggregate", "Strategy": "Plain", "Startup Cost": 3399.73, "Total Cost": 3399.74, "Plan Rows": 1, "Plan Width": 144, "Plans": [{"Node Type": "Nested Loop", "Parent Relationship": "Outer", "Join Type": "Inner", "Startup Cost": 4.51, "Total Cost": 3399.72, "Plan Rows": 1, "Plan Width": 48, "Inner Unique": true, "Join Filter": "(mk.movie_id = t.id)", "Plans": [{"Node Type": "Nested Loop", "Parent Relationship": "Outer", "Join Type": "Inner", "Startup Cost": 4.51, "Total Cost": 3399.43, "Plan Rows": 1, "Plan Width": 39, "Inner Unique": true, "Plans": [{"Node Type": "Nested Loop", "Parent Relationship": "Outer", "Join Type": "Inner", "Startup Cost": 4.51, "Total Cost": 3340.87, "Plan Rows": 202, "Plan Width": 28, "Inner Unique": false, "Plans": [{"Node Type": "Nested Loop", "Parent Relationship": "Outer", "Join Type": "Inner", "Startup Cost": 4.51, "Total Cost": 3315.63, "Plan Rows": 33, "Plan Width": 20, "Inner Unique": false, "Plans": [{"Node Type": "Index Scan", "Parent Relationship": "Outer", "Scan Direction": "Forward", "Index Name": "keyword_pkey", "Relation Name": "keyword", "Alias": "k", "Startup Cost": 0.0, "Total Cost": 3182.72, "Plan Rows": 1, "Plan Width": 20, "Filter": "((keyword)::text = 'marvel-cinematic-universe'::text)"}, {"Node Type": "Bitmap Heap Scan", "Parent Relationship": "Inner", "Relation Name": "movie_keyword", "Alias": "mk", "Startup Cost": 4.51, "Total Cost": 132.58, "Plan Rows": 33, "Plan Width": 8, "Recheck Cond": "(keyword_id = k.id)", "Plans": [{"Node Type": "Bitmap Index Scan", "Parent Relationship": "Outer", "Index Name": "keyword_id_movie_keyword", "Startup Cost": 0.0, "Total Cost": 4.5, "Plan Rows": 33, "Plan Width": 0, "Index Cond": "(keyword_id = k.id)"}]}]}, {"Node Type": "Index Scan", "Parent Relationship": "Inner", "Scan Direction": "Forward", "Index Name": "movie_id_cast_info", "Relation Name": "cast_info", "Alias": "ci", "Startup Cost": 0.0, "Total Cost": 0.7, "Plan Rows": 6, "Plan Width": 8, "Index Cond": "(movie_id = mk.movie_id)"}]}, {"Node Type": "Index Scan", "Parent Relationship": "Inner", "Scan Direction": "Forward", "Index Name": "name_pkey", "Relation Name": "name", "Alias": "n", "Startup Cost": 0.0, "Total Cost": 0.28, "Plan Rows": 1, "Plan Width": 19, "Index Cond": "(id = ci.person_id)", "Filter": "((name)::text ~~ '%Downey%Robert%'::text)"}]}, {"Node Type": "Index Scan", "Parent Relationship": "Inner", "Scan Direction": "Forward", "Index Name": "title_pkey", "Relation Name": "title", "Alias": "t", "Startup Cost": 0.0, "Total Cost": 0.28, "Plan Rows": 1, "Plan Width": 21, "Index Cond": "(id = ci.movie_id)", "Filter": "(production_year > 2010)"}]}]}, "Unique SQL Id": 4208751436, "Planner Runtime": 1}, "explain_analyze_plan": null}, "(1, '54')": {"explain_plan": {"Plan": {"Node Type": "Aggregate", "Strategy": "Plain", "Startup Cost": 3589.09, "Total Cost": 3589.1, "Plan Rows": 1, "Plan Width": 144, "Plans": [{"Node Type": "Nested Loop", "Parent Relationship": "Outer", "Join Type": "Inner", "Startup Cost": 5.44, "Total Cost": 3589.09, "Plan Rows": 1, "Plan Width": 48, "Inner Unique": true, "Join Filter": "(mk.movie_id = t.id)", "Plans": [{"Node Type": "Nested Loop", "Parent Relationship": "Outer", "Join Type": "Inner", "Startup Cost": 5.19, "Total Cost": 3584.8, "Plan Rows": 1, "Plan Width": 39, "Inner Unique": true, "Plans": [{"Node Type": "Nested Loop", "Parent Relationship": "Outer", "Join Type": "Inner", "Startup Cost": 4.93, "Total Cost": 2719.34, "Plan Rows": 202, "Plan Width": 28, "Inner Unique": false, "Plans": [{"Node Type": "Nested Loop", "Parent Relationship": "Outer", "Join Type": "Inner", "Startup Cost": 4.51, "Total Cost": 2569.02, "Plan Rows": 33, "Plan Width": 20, "Inner Unique": false, "Plans": [{"Node Type": "Seq Scan", "Parent Relationship": "Outer", "Relation Name": "keyword", "Alias": "k", "Startup Cost": 0.0, "Total Cost": 2436.11, "Plan Rows": 1, "Plan Width": 20, "Filter": "((keyword)::text = 'marvel-cinematic-universe'::text)"}, {"Node Type": "Bitmap Heap Scan", "Parent Relationship": "Inner", "Relation Name": "movie_keyword", "Alias": "mk", "Startup Cost": 4.51, "Total Cost": 132.58, "Plan Rows": 33, "Plan Width": 8, "Recheck Cond": "(keyword_id = k.id)", "Plans": [{"Node Type": "Bitmap Index Scan", "Parent Relationship": "Outer", "Index Name": "keyword_id_movie_keyword", "Startup Cost": 0.0, "Total Cost": 4.5, "Plan Rows": 33, "Plan Width": 0, "Index Cond": "(keyword_id = k.id)"}]}]}, {"Node Type": "Bitmap Heap Scan", "Parent Relationship": "Inner", "Relation Name": "cast_info", "Alias": "ci", "Startup Cost": 0.42, "Total Cost": 4.49, "Plan Rows": 6, "Plan Width": 8, "Recheck Cond": "(movie_id = mk.movie_id)", "Plans": [{"Node Type": "Bitmap Index Scan", "Parent Relationship": "Outer", "Index Name": "movie_id_cast_info", "Startup Cost": 0.0, "Total Cost": 0.42, "Plan Rows": 6, "Plan Width": 0, "Index Cond": "(movie_id = mk.movie_id)"}]}]}, {"Node Type": "Bitmap Heap Scan", "Parent Relationship": "Inner", "Relation Name": "name", "Alias": "n", "Startup Cost": 0.26, "Total Cost": 4.27, "Plan Rows": 1, "Plan Width": 19, "Recheck Cond": "(id = ci.person_id)", "Filter": "((name)::text ~~ '%Downey%Robert%'::text)", "Plans": [{"Node Type": "Bitmap Index Scan", "Parent Relationship": "Outer", "Index Name": "name_pkey", "Startup Cost": 0.0, "Total Cost": 0.26, "Plan Rows": 1, "Plan Width": 0, "Index Cond": "(id = ci.person_id)"}]}]}, {"Node Type": "Bitmap Heap Scan", "Parent Relationship": "Inner", "Relation Name": "title", "Alias": "t", "Startup Cost": 0.26, "Total Cost": 4.27, "Plan Rows": 1, "Plan Width": 21, "Recheck Cond": "(id = ci.movie_id)", "Filter": "(production_year > 2010)", "Plans": [{"Node Type": "Bitmap Index Scan", "Parent Relationship": "Outer", "Index Name": "title_pkey", "Startup Cost": 0.0, "Total Cost": 0.26, "Plan Rows": 1, "Plan Width": 0, "Index Cond": "(id = ci.movie_id)"}]}]}]}, "Unique SQL Id": 4208751436, "Planner Runtime": 1}, "explain_analyze_plan": {"Plan": {"Node Type": "Aggregate", "Strategy": "Plain", "Startup Cost": 3589.09, "Total Cost": 3589.1, "Plan Rows": 1, "Plan Width": 144, "Actual Startup Time": 53.171, "Actual Total Time": 53.171, "Actual Rows": 1, "Actual Loops": 1, "Plans": [{"Node Type": "Nested Loop", "Parent Relationship": "Outer", "Join Type": "Inner", "Startup Cost": 5.44, "Total Cost": 3589.09, "Plan Rows": 1, "Plan Width": 48, "Actual Startup Time": 3.448, "Actual Total Time": 53.134, "Actual Rows": 6, "Actual Loops": 1, "Inner Unique": true, "Join Filter": "(mk.movie_id = t.id)", "Rows Removed by Join Filter": 0, "Plans": [{"Node Type": "Nested Loop", "Parent Relationship": "Outer", "Join Type": "Inner", "Startup Cost": 5.19, "Total Cost": 3584.8, "Plan Rows": 1, "Plan Width": 39, "Actual Startup Time": 3.427, "Actual Total Time": 53.065, "Actual Rows": 6, "Actual Loops": 1, "Inner Unique": true, "Plans": [{"Node Type": "Nested Loop", "Parent Relationship": "Outer", "Join Type": "Inner", "Startup Cost": 4.93, "Total Cost": 2719.34, "Plan Rows": 202, "Plan Width": 28, "Actual Startup Time": 1.113, "Actual Total Time": 43.869, "Actual Rows": 1242, "Actual Loops": 1, "Inner Unique": false, "Plans": [{"Node Type": "Nested Loop", "Parent Relationship": "Outer", "Join Type": "Inner", "Startup Cost": 4.51, "Total Cost": 2569.02, "Plan Rows": 33, "Plan Width": 20, "Actual Startup Time": 1.075, "Actual Total Time": 40.613, "Actual Rows": 14, "Actual Loops": 1, "Inner Unique": false, "Plans": [{"Node Type": "Seq Scan", "Parent Relationship": "Outer", "Relation Name": "keyword", "Alias": "k", "Startup Cost": 0.0, "Total Cost": 2436.11, "Plan Rows": 1, "Plan Width": 20, "Actual Startup Time": 1.032, "Actual Total Time": 40.534, "Actual Rows": 1, "Actual Loops": 1, "Filter": "((keyword)::text = 'marvel-cinematic-universe'::text)", "Rows Removed by Filter": 134168}, {"Node Type": "Bitmap Heap Scan", "Parent Relationship": "Inner", "Relation Name": "movie_keyword", "Alias": "mk", "Startup Cost": 4.51, "Total Cost": 132.58, "Plan Rows": 33, "Plan Width": 8, "Actual Startup Time": 0.037, "Actual Total Time": 0.067, "Actual Rows": 14, "Actual Loops": 1, "Recheck Cond": "(keyword_id = k.id)", "Rows Removed by Index Recheck": 0, "Exact Heap Blocks": 13, "Lossy Heap Blocks": 13, "Plans": [{"Node Type": "Bitmap Index Scan", "Parent Relationship": "Outer", "Index Name": "keyword_id_movie_keyword", "Startup Cost": 0.0, "Total Cost": 4.5, "Plan Rows": 33, "Plan Width": 0, "Actual Startup Time": 0.021, "Actual Total Time": 0.021, "Actual Rows": 14, "Actual Loops": 1, "Index Cond": "(keyword_id = k.id)"}]}]}, {"Node Type": "Bitmap Heap Scan", "Parent Relationship": "Inner", "Relation Name": "cast_info", "Alias": "ci", "Startup Cost": 0.42, "Total Cost": 4.49, "Plan Rows": 6, "Plan Width": 8, "Actual Startup Time": 0.637, "Actual Total Time": 2.904, "Actual Rows": 1242, "Actual Loops": 14, "Recheck Cond": "(movie_id = mk.movie_id)", "Rows Removed by Index Recheck": 0, "Exact Heap Blocks": 1184, "Lossy Heap Blocks": 1184, "Plans": [{"Node Type": "Bitmap Index Scan", "Parent Relationship": "Outer", "Index Name": "movie_id_cast_info", "Startup Cost": 0.0, "Total Cost": 0.42, "Plan Rows": 6, "Plan Width": 0, "Actual Startup Time": 0.398, "Actual Total Time": 0.398, "Actual Rows": 1242, "Actual Loops": 14, "Index Cond": "(movie_id = mk.movie_id)"}]}]}, {"Node Type": "Bitmap Heap Scan", "Parent Relationship": "Inner", "Relation Name": "name", "Alias": "n", "Startup Cost": 0.26, "Total Cost": 4.27, "Plan Rows": 1, "Plan Width": 19, "Actual Startup Time": 7.816, "Actual Total Time": 7.816, "Actual Rows": 6, "Actual Loops": 1242, "Recheck Cond": "(id = ci.person_id)", "Rows Removed by Index Recheck": 0, "Filter": "((name)::text ~~ '%Downey%Robert%'::text)", "Rows Removed by Filter": 1236, "Exact Heap Blocks": 1242, "Lossy Heap Blocks": 1242, "Plans": [{"Node Type": "Bitmap Index Scan", "Parent Relationship": "Outer", "Index Name": "name_pkey", "Startup Cost": 0.0, "Total Cost": 0.26, "Plan Rows": 1, "Plan Width": 0, "Actual Startup Time": 4.579, "Actual Total Time": 4.579, "Actual Rows": 1242, "Actual Loops": 1242, "Index Cond": "(id = ci.person_id)"}]}]}, {"Node Type": "Bitmap Heap Scan", "Parent Relationship": "Inner", "Relation Name": "title", "Alias": "t", "Startup Cost": 0.26, "Total Cost": 4.27, "Plan Rows": 1, "Plan Width": 21, "Actual Startup Time": 0.052, "Actual Total Time": 0.052, "Actual Rows": 6, "Actual Loops": 6, "Recheck Cond": "(id = ci.movie_id)", "Rows Removed by Index Recheck": 0, "Filter": "(production_year > 2010)", "Rows Removed by Filter": 0, "Exact Heap Blocks": 6, "Lossy Heap Blocks": 6, "Plans": [{"Node Type": "Bitmap Index Scan", "Parent Relationship": "Outer", "Index Name": "title_pkey", "Startup Cost": 0.0, "Total Cost": 0.26, "Plan Rows": 1, "Plan Width": 0, "Actual Startup Time": 0.027, "Actual Total Time": 0.027, "Actual Rows": 6, "Actual Loops": 6, "Index Cond": "(id = ci.movie_id)"}]}]}]}, "Triggers": [], "Planner Runtime": 2.206, "Total Runtime": 53.451, "Unique SQL Id": 4208751436}}, "(1, '55')": {"explain_plan": {"Plan": {"Node Type": "Aggregate", "Strategy": "Plain", "Startup Cost": 1000034676559.16, "Total Cost": 1000034676559.17, "Plan Rows": 1, "Plan Width": 144, "Plans": [{"Node Type": "Nested Loop", "Parent Relationship": "Outer", "Join Type": "Inner", "Startup Cost": 10000000001.2, "Total Cost": 1000034676559.15, "Plan Rows": 1, "Plan Width": 48, "Inner Unique": true, "Join Filter": "(mk.movie_id = t.id)", "Plans": [{"Node Type": "Nested Loop", "Parent Relationship": "Outer", "Join Type": "Inner", "Startup Cost": 10000000000.94, "Total Cost": 1000034676554.87, "Plan Rows": 1, "Plan Width": 39, "Inner Unique": true, "Plans": [{"Node Type": "Nested Loop", "Parent Relationship": "Outer", "Join Type": "Inner", "Startup Cost": 10000000000.68, "Total Cost": 1000034675689.4, "Plan Rows": 202, "Plan Width": 28, "Inner Unique": false, "Plans": [{"Node Type": "Nested Loop", "Parent Relationship": "Outer", "Join Type": "Inner", "Startup Cost": 10000000000.26, "Total Cost": 1000034675539.09, "Plan Rows": 33, "Plan Width": 20, "Inner Unique": true, "Plans": [{"Node Type": "Index Scan", "Parent Relationship": "Outer", "Scan Direction": "Forward", "Index Name": "movie_id_movie_keyword", "Relation Name": "movie_keyword", "Alias": "mk", "Startup Cost": 10000000000.0, "Total Cost": 1000015300634.17, "Plan Rows": 4523929, "Plan Width": 8}, {"Node Type": "Bitmap Heap Scan", "Parent Relationship": "Inner", "Relation Name": "keyword", "Alias": "k", "Startup Cost": 0.26, "Total Cost": 4.27, "Plan Rows": 1, "Plan Width": 20, "Recheck Cond": "(id = mk.keyword_id)", "Filter": "((keyword)::text = 'marvel-cinematic-universe'::text)", "Plans": [{"Node Type": "Bitmap Index Scan", "Parent Relationship": "Outer", "Index Name": "keyword_pkey", "Startup Cost": 0.0, "Total Cost": 0.26, "Plan Rows": 1, "Plan Width": 0, "Index Cond": "(id = mk.keyword_id)"}]}]}, {"Node Type": "Bitmap Heap Scan", "Parent Relationship": "Inner", "Relation Name": "cast_info", "Alias": "ci", "Startup Cost": 0.42, "Total Cost": 4.49, "Plan Rows": 6, "Plan Width": 8, "Recheck Cond": "(movie_id = mk.movie_id)", "Plans": [{"Node Type": "Bitmap Index Scan", "Parent Relationship": "Outer", "Index Name": "movie_id_cast_info", "Startup Cost": 0.0, "Total Cost": 0.42, "Plan Rows": 6, "Plan Width": 0, "Index Cond": "(movie_id = mk.movie_id)"}]}]}, {"Node Type": "Bitmap Heap Scan", "Parent Relationship": "Inner", "Relation Name": "name", "Alias": "n", "Startup Cost": 0.26, "Total Cost": 4.27, "Plan Rows": 1, "Plan Width": 19, "Recheck Cond": "(id = ci.person_id)", "Filter": "((name)::text ~~ '%Downey%Robert%'::text)", "Plans": [{"Node Type": "Bitmap Index Scan", "Parent Relationship": "Outer", "Index Name": "name_pkey", "Startup Cost": 0.0, "Total Cost": 0.26, "Plan Rows": 1, "Plan Width": 0, "Index Cond": "(id = ci.person_id)"}]}]}, {"Node Type": "Bitmap Heap Scan", "Parent Relationship": "Inner", "Relation Name": "title", "Alias": "t", "Startup Cost": 0.26, "Total Cost": 4.27, "Plan Rows": 1, "Plan Width": 21, "Recheck Cond": "(id = ci.movie_id)", "Filter": "(production_year > 2010)", "Plans": [{"Node Type": "Bitmap Index Scan", "Parent Relationship": "Outer", "Index Name": "title_pkey", "Startup Cost": 0.0, "Total Cost": 0.26, "Plan Rows": 1, "Plan Width": 0, "Index Cond": "(id = ci.movie_id)"}]}]}]}, "Unique SQL Id": 4208751436, "Planner Runtime": 1}, "explain_analyze_plan": null}, "(1, '56')": {"explain_plan": {"Plan": {"Node Type": "Aggregate", "Strategy": "Plain", "Startup Cost": 2657.42, "Total Cost": 2657.43, "Plan Rows": 1, "Plan Width": 144, "Plans": [{"Node Type": "Nested Loop", "Parent Relationship": "Outer", "Join Type": "Inner", "Startup Cost": 0.0, "Total Cost": 2657.41, "Plan Rows": 1, "Plan Width": 48, "Inner Unique": true, "Join Filter": "(mk.movie_id = t.id)", "Plans": [{"Node Type": "Nested Loop", "Parent Relationship": "Outer", "Join Type": "Inner", "Startup Cost": 0.0, "Total Cost": 2657.12, "Plan Rows": 1, "Plan Width": 39, "Inner Unique": true, "Plans": [{"Node Type": "Nested Loop", "Parent Relationship": "Outer", "Join Type": "Inner", "Startup Cost": 0.0, "Total Cost": 2598.56, "Plan Rows": 202, "Plan Width": 28, "Inner Unique": false, "Plans": [{"Node Type": "Nested Loop", "Parent Relationship": "Outer", "Join Type": "Inner", "Startup Cost": 0.0, "Total Cost": 2573.32, "Plan Rows": 33, "Plan Width": 20, "Inner Unique": false, "Plans": [{"Node Type": "Seq Scan", "Parent Relationship": "Outer", "Relation Name": "keyword", "Alias": "k", "Startup Cost": 0.0, "Total Cost": 2436.11, "Plan Rows": 1, "Plan Width": 20, "Filter": "((keyword)::text = 'marvel-cinematic-universe'::text)"}, {"Node Type": "Index Scan", "Parent Relationship": "Inner", "Scan Direction": "Forward", "Index Name": "keyword_id_movie_keyword", "Relation Name": "movie_keyword", "Alias": "mk", "Startup Cost": 0.0, "Total Cost": 136.88, "Plan Rows": 33, "Plan Width": 8, "Index Cond": "(keyword_id = k.id)"}]}, {"Node Type": "Index Scan", "Parent Relationship": "Inner", "Scan Direction": "Forward", "Index Name": "movie_id_cast_info", "Relation Name": "cast_info", "Alias": "ci", "Startup Cost": 0.0, "Total Cost": 0.7, "Plan Rows": 6, "Plan Width": 8, "Index Cond": "(movie_id = mk.movie_id)"}]}, {"Node Type": "Index Scan", "Parent Relationship": "Inner", "Scan Direction": "Forward", "Index Name": "name_pkey", "Relation Name": "name", "Alias": "n", "Startup Cost": 0.0, "Total Cost": 0.28, "Plan Rows": 1, "Plan Width": 19, "Index Cond": "(id = ci.person_id)", "Filter": "((name)::text ~~ '%Downey%Robert%'::text)"}]}, {"Node Type": "Index Scan", "Parent Relationship": "Inner", "Scan Direction": "Forward", "Index Name": "title_pkey", "Relation Name": "title", "Alias": "t", "Startup Cost": 0.0, "Total Cost": 0.28, "Plan Rows": 1, "Plan Width": 21, "Index Cond": "(id = ci.movie_id)", "Filter": "(production_year > 2010)"}]}]}, "Unique SQL Id": 4208751436, "Planner Runtime": 1}, "explain_analyze_plan": {"Plan": {"Node Type": "Aggregate", "Strategy": "Plain", "Startup Cost": 2657.42, "Total Cost": 2657.43, "Plan Rows": 1, "Plan Width": 144, "Actual Startup Time": 50.033, "Actual Total Time": 50.033, "Actual Rows": 1, "Actual Loops": 1, "Plans": [{"Node Type": "Nested Loop", "Parent Relationship": "Outer", "Join Type": "Inner", "Startup Cost": 0.0, "Total Cost": 2657.41, "Plan Rows": 1, "Plan Width": 48, "Actual Startup Time": 2.738, "Actual Total Time": 49.998, "Actual Rows": 6, "Actual Loops": 1, "Inner Unique": true, "Join Filter": "(mk.movie_id = t.id)", "Rows Removed by Join Filter": 0, "Plans": [{"Node Type": "Nested Loop", "Parent Relationship": "Outer", "Join Type": "Inner", "Startup Cost": 0.0, "Total Cost": 2657.12, "Plan Rows": 1, "Plan Width": 39, "Actual Startup Time": 2.722, "Actual Total Time": 49.943, "Actual Rows": 6, "Actual Loops": 1, "Inner Unique": true, "Plans": [{"Node Type": "Nested Loop", "Parent Relationship": "Outer", "Join Type": "Inner", "Startup Cost": 0.0, "Total Cost": 2598.56, "Plan Rows": 202, "Plan Width": 28, "Actual Startup Time": 1.069, "Actual Total Time": 42.909, "Actual Rows": 1242, "Actual Loops": 1, "Inner Unique": false, "Plans": [{"Node Type": "Nested Loop", "Parent Relationship": "Outer", "Join Type": "Inner", "Startup Cost": 0.0, "Total Cost": 2573.32, "Plan Rows": 33, "Plan Width": 20, "Actual Startup Time": 1.054, "Actual Total Time": 40.494, "Actual Rows": 14, "Actual Loops": 1, "Inner Unique": false, "Plans": [{"Node Type": "Seq Scan", "Parent Relationship": "Outer", "Relation Name": "keyword", "Alias": "k", "Startup Cost": 0.0, "Total Cost": 2436.11, "Plan Rows": 1, "Plan Width": 20, "Actual Startup Time": 1.034, "Actual Total Time": 40.443, "Actual Rows": 1, "Actual Loops": 1, "Filter": "((keyword)::text = 'marvel-cinematic-universe'::text)", "Rows Removed by Filter": 134168}, {"Node Type": "Index Scan", "Parent Relationship": "Inner", "Scan Direction": "Forward", "Index Name": "keyword_id_movie_keyword", "Relation Name": "movie_keyword", "Alias": "mk", "Startup Cost": 0.0, "Total Cost": 136.88, "Plan Rows": 33, "Plan Width": 8, "Actual Startup Time": 0.014, "Actual Total Time": 0.039, "Actual Rows": 14, "Actual Loops": 1, "Index Cond": "(keyword_id = k.id)", "Rows Removed by Index Recheck": 0}]}, {"Node Type": "Index Scan", "Parent Relationship": "Inner", "Scan Direction": "Forward", "Index Name": "movie_id_cast_info", "Relation Name": "cast_info", "Alias": "ci", "Startup Cost": 0.0, "Total Cost": 0.7, "Plan Rows": 6, "Plan Width": 8, "Actual Startup Time": 0.169, "Actual Total Time": 2.091, "Actual Rows": 1242, "Actual Loops": 14, "Index Cond": "(movie_id = mk.movie_id)", "Rows Removed by Index Recheck": 0}]}, {"Node Type": "Index Scan", "Parent Relationship": "Inner", "Scan Direction": "Forward", "Index Name": "name_pkey", "Relation Name": "name", "Alias": "n", "Startup Cost": 0.0, "Total Cost": 0.28, "Plan Rows": 1, "Plan Width": 19, "Actual Startup Time": 6.441, "Actual Total Time": 6.441, "Actual Rows": 6, "Actual Loops": 1242, "Index Cond": "(id = ci.person_id)", "Rows Removed by Index Recheck": 0, "Filter": "((name)::text ~~ '%Downey%Robert%'::text)", "Rows Removed by Filter": 1236}]}, {"Node Type": "Index Scan", "Parent Relationship": "Inner", "Scan Direction": "Forward", "Index Name": "title_pkey", "Relation Name": "title", "Alias": "t", "Startup Cost": 0.0, "Total Cost": 0.28, "Plan Rows": 1, "Plan Width": 21, "Actual Startup Time": 0.04, "Actual Total Time": 0.04, "Actual Rows": 6, "Actual Loops": 6, "Index Cond": "(id = ci.movie_id)", "Rows Removed by Index Recheck": 0, "Filter": "(production_year > 2010)", "Rows Removed by Filter": 0}]}]}, "Triggers": [], "Planner Runtime": 6.763, "Total Runtime": 50.265, "Unique SQL Id": 4208751436}}, "(1, '57')": {"explain_plan": {"Plan": {"Node Type": "Aggregate", "Strategy": "Plain", "Startup Cost": 3404.02, "Total Cost": 3404.03, "Plan Rows": 1, "Plan Width": 144, "Plans": [{"Node Type": "Nested Loop", "Parent Relationship": "Outer", "Join Type": "Inner", "Startup Cost": 0.0, "Total Cost": 3404.01, "Plan Rows": 1, "Plan Width": 48, "Inner Unique": true, "Join Filter": "(mk.movie_id = t.id)", "Plans": [{"Node Type": "Nested Loop", "Parent Relationship": "Outer", "Join Type": "Inner", "Startup Cost": 0.0, "Total Cost": 3403.72, "Plan Rows": 1, "Plan Width": 39, "Inner Unique": true, "Plans": [{"Node Type": "Nested Loop", "Parent Relationship": "Outer", "Join Type": "Inner", "Startup Cost": 0.0, "Total Cost": 3345.17, "Plan Rows": 202, "Plan Width": 28, "Inner Unique": false, "Plans": [{"Node Type": "Nested Loop", "Parent Relationship": "Outer", "Join Type": "Inner", "Startup Cost": 0.0, "Total Cost": 3319.92, "Plan Rows": 33, "Plan Width": 20, "Inner Unique": false, "Plans": [{"Node Type": "Index Scan", "Parent Relationship": "Outer", "Scan Direction": "Forward", "Index Name": "keyword_pkey", "Relation Name": "keyword", "Alias": "k", "Startup Cost": 0.0, "Total Cost": 3182.72, "Plan Rows": 1, "Plan Width": 20, "Filter": "((keyword)::text = 'marvel-cinematic-universe'::text)"}, {"Node Type": "Index Scan", "Parent Relationship": "Inner", "Scan Direction": "Forward", "Index Name": "keyword_id_movie_keyword", "Relation Name": "movie_keyword", "Alias": "mk", "Startup Cost": 0.0, "Total Cost": 136.88, "Plan Rows": 33, "Plan Width": 8, "Index Cond": "(keyword_id = k.id)"}]}, {"Node Type": "Index Scan", "Parent Relationship": "Inner", "Scan Direction": "Forward", "Index Name": "movie_id_cast_info", "Relation Name": "cast_info", "Alias": "ci", "Startup Cost": 0.0, "Total Cost": 0.7, "Plan Rows": 6, "Plan Width": 8, "Index Cond": "(movie_id = mk.movie_id)"}]}, {"Node Type": "Index Scan", "Parent Relationship": "Inner", "Scan Direction": "Forward", "Index Name": "name_pkey", "Relation Name": "name", "Alias": "n", "Startup Cost": 0.0, "Total Cost": 0.28, "Plan Rows": 1, "Plan Width": 19, "Index Cond": "(id = ci.person_id)", "Filter": "((name)::text ~~ '%Downey%Robert%'::text)"}]}, {"Node Type": "Index Scan", "Parent Relationship": "Inner", "Scan Direction": "Forward", "Index Name": "title_pkey", "Relation Name": "title", "Alias": "t", "Startup Cost": 0.0, "Total Cost": 0.28, "Plan Rows": 1, "Plan Width": 21, "Index Cond": "(id = ci.movie_id)", "Filter": "(production_year > 2010)"}]}]}, "Unique SQL Id": 4208751436, "Planner Runtime": 1}, "explain_analyze_plan": null}, "(1, '58')": {"explain_plan": {"Plan": {"Node Type": "Aggregate", "Strategy": "Plain", "Startup Cost": 18847785.68, "Total Cost": 18847785.69, "Plan Rows": 1, "Plan Width": 144, "Plans": [{"Node Type": "Nested Loop", "Parent Relationship": "Outer", "Join Type": "Inner", "Startup Cost": 0.0, "Total Cost": 18847785.67, "Plan Rows": 1, "Plan Width": 48, "Inner Unique": true, "Join Filter": "(mk.movie_id = t.id)", "Plans": [{"Node Type": "Nested Loop", "Parent Relationship": "Outer", "Join Type": "Inner", "Startup Cost": 0.0, "Total Cost": 18776502.65, "Plan Rows": 1, "Plan Width": 39, "Inner Unique": false, "Join Filter": "(ci.person_id = n.id)", "Plans": [{"Node Type": "Seq Scan", "Parent Relationship": "Outer", "Relation Name": "name", "Alias": "n", "Startup Cost": 0.0, "Total Cost": 103490.62, "Plan Rows": 415, "Plan Width": 19, "Filter": "((name)::text ~~ '%Downey%Robert%'::text)"}, {"Node Type": "Materialize", "Parent Relationship": "Inner", "Startup Cost": 0.0, "Total Cost": 18671755.08, "Plan Rows": 202, "Plan Width": 28, "Plans": [{"Node Type": "Nested Loop", "Parent Relationship": "Outer", "Join Type": "Inner", "Startup Cost": 0.0, "Total Cost": 18671754.07, "Plan Rows": 202, "Plan Width": 28, "Inner Unique": false, "Join Filter": "(mk.movie_id = ci.movie_id)", "Plans": [{"Node Type": "Seq Scan", "Parent Relationship": "Outer", "Relation Name": "cast_info", "Alias": "ci", "Startup Cost": 0.0, "Total Cost": 601877.94, "Plan Rows": 36259494, "Plan Width": 8}, {"Node Type": "Materialize", "Parent Relationship": "Inner", "Startup Cost": 0.0, "Total Cost": 121426.68, "Plan Rows": 33, "Plan Width": 20, "Plans": [{"Node Type": "Nested Loop", "Parent Relationship": "Outer", "Join Type": "Inner", "Startup Cost": 0.0, "Total Cost": 121426.52, "Plan Rows": 33, "Plan Width": 20, "Inner Unique": false, "Join Filter": "(k.id = mk.keyword_id)", "Plans": [{"Node Type": "Seq Scan", "Parent Relationship": "Outer", "Relation Name": "keyword", "Alias": "k", "Startup Cost": 0.0, "Total Cost": 2436.11, "Plan Rows": 1, "Plan Width": 20, "Filter": "((keyword)::text = 'marvel-cinematic-universe'::text)"}, {"Node Type": "Seq Scan", "Parent Relationship": "Inner", "Relation Name": "movie_keyword", "Alias": "mk", "Startup Cost": 0.0, "Total Cost": 62441.29, "Plan Rows": 4523929, "Plan Width": 8}]}]}]}]}]}, {"Node Type": "Seq Scan", "Parent Relationship": "Inner", "Relation Name": "title", "Alias": "t", "Startup Cost": 0.0, "Total Cost": 66389.89, "Plan Rows": 391451, "Plan Width": 21, "Filter": "(production_year > 2010), (LLVM Optimized)"}]}]}, "Unique SQL Id": 4208751436, "Planner Runtime": 1}, "explain_analyze_plan": null}, "(1, '59')": {"explain_plan": {"Plan": {"Node Type": "Aggregate", "Strategy": "Plain", "Startup Cost": 5000223041129.71, "Total Cost": 5000223041129.72, "Plan Rows": 1, "Plan Width": 144, "Plans": [{"Node Type": "Nested Loop", "Parent Relationship": "Outer", "Join Type": "Inner", "Startup Cost": 50000000000.0, "Total Cost": 5000223041129.7, "Plan Rows": 1, "Plan Width": 48, "Inner Unique": true, "Join Filter": "(mk.movie_id = t.id)", "Plans": [{"Node Type": "Nested Loop", "Parent Relationship": "Outer", "Join Type": "Inner", "Startup Cost": 40000000000.0, "Total Cost": 4000223041101.96, "Plan Rows": 1, "Plan Width": 39, "Inner Unique": true, "Join Filter": "(ci.person_id = n.id)", "Plans": [{"Node Type": "Nested Loop", "Parent Relationship": "Outer", "Join Type": "Inner", "Startup Cost": 30000000000.0, "Total Cost": 3000204374696.26, "Plan Rows": 202, "Plan Width": 28, "Inner Unique": false, "Join Filter": "(mk.movie_id = ci.movie_id)", "Plans": [{"Node Type": "Nested Loop", "Parent Relationship": "Outer", "Join Type": "Inner", "Startup Cost": 20000000000.0, "Total Cost": 2000015686764.79, "Plan Rows": 33, "Plan Width": 20, "Inner Unique": true, "Join Filter": "(k.id = mk.keyword_id)", "Plans": [{"Node Type": "Index Scan", "Parent Relationship": "Outer", "Scan Direction": "Forward", "Index Name": "movie_id_movie_keyword", "Relation Name": "movie_keyword", "Alias": "mk", "Startup Cost": 10000000000.0, "Total Cost": 1000015300634.17, "Plan Rows": 4523929, "Plan Width": 8}, {"Node Type": "Materialize", "Parent Relationship": "Inner", "Startup Cost": 10000000000.0, "Total Cost": 1000000318271.69, "Plan Rows": 1, "Plan Width": 20, "Plans": [{"Node Type": "Index Scan", "Parent Relationship": "Outer", "Scan Direction": "Forward", "Index Name": "keyword_pkey", "Relation Name": "keyword", "Alias": "k", "Startup Cost": 10000000000.0, "Total Cost": 1000000318271.68, "Plan Rows": 1, "Plan Width": 20, "Filter": "((keyword)::text = 'marvel-cinematic-universe'::text)"}]}]}, {"Node Type": "Materialize", "Parent Relationship": "Inner", "Startup Cost": 10000000000.0, "Total Cost": 1000170830130.68, "Plan Rows": 36259494, "Plan Width": 8, "Plans": [{"Node Type": "Index Scan", "Parent Relationship": "Outer", "Scan Direction": "Forward", "Index Name": "person_id_cast_info", "Relation Name": "cast_info", "Alias": "ci", "Startup Cost": 10000000000.0, "Total Cost": 1000170648833.21, "Plan Rows": 36259494, "Plan Width": 8}]}]}, {"Node Type": "Materialize", "Parent Relationship": "Inner", "Startup Cost": 10000000000.0, "Total Cost": 1000018665149.28, "Plan Rows": 415, "Plan Width": 19, "Plans": [{"Node Type": "Index Scan", "Parent Relationship": "Outer", "Scan Direction": "Forward", "Index Name": "name_pkey", "Relation Name": "name", "Alias": "n", "Startup Cost": 10000000000.0, "Total Cost": 1000018665147.2, "Plan Rows": 415, "Plan Width": 19, "Filter": "((name)::text ~~ '%Downey%Robert%'::text)"}]}]}, {"Node Type": "Index Scan", "Parent Relationship": "Inner", "Scan Direction": "Forward", "Index Name": "title_pkey", "Relation Name": "title", "Alias": "t", "Startup Cost": 10000000000.0, "Total Cost": 1000000000027.74, "Plan Rows": 1, "Plan Width": 21, "Index Cond": "(id = ci.movie_id)", "Filter": "(production_year > 2010)"}]}]}, "Unique SQL Id": 4208751436, "Planner Runtime": 1}, "explain_analyze_plan": null}, "(1, '60')": {"explain_plan": {"Plan": {"Node Type": "Aggregate", "Strategy": "Plain", "Startup Cost": 2657.42, "Total Cost": 2657.43, "Plan Rows": 1, "Plan Width": 144, "Plans": [{"Node Type": "Nested Loop", "Parent Relationship": "Outer", "Join Type": "Inner", "Startup Cost": 0.0, "Total Cost": 2657.41, "Plan Rows": 1, "Plan Width": 48, "Inner Unique": true, "Join Filter": "(mk.movie_id = t.id)", "Plans": [{"Node Type": "Nested Loop", "Parent Relationship": "Outer", "Join Type": "Inner", "Startup Cost": 0.0, "Total Cost": 2657.12, "Plan Rows": 1, "Plan Width": 39, "Inner Unique": true, "Plans": [{"Node Type": "Nested Loop", "Parent Relationship": "Outer", "Join Type": "Inner", "Startup Cost": 0.0, "Total Cost": 2598.56, "Plan Rows": 202, "Plan Width": 28, "Inner Unique": false, "Plans": [{"Node Type": "Nested Loop", "Parent Relationship": "Outer", "Join Type": "Inner", "Startup Cost": 0.0, "Total Cost": 2573.32, "Plan Rows": 33, "Plan Width": 20, "Inner Unique": false, "Plans": [{"Node Type": "Seq Scan", "Parent Relationship": "Outer", "Relation Name": "keyword", "Alias": "k", "Startup Cost": 0.0, "Total Cost": 2436.11, "Plan Rows": 1, "Plan Width": 20, "Filter": "((keyword)::text = 'marvel-cinematic-universe'::text)"}, {"Node Type": "Index Scan", "Parent Relationship": "Inner", "Scan Direction": "Forward", "Index Name": "keyword_id_movie_keyword", "Relation Name": "movie_keyword", "Alias": "mk", "Startup Cost": 0.0, "Total Cost": 136.88, "Plan Rows": 33, "Plan Width": 8, "Index Cond": "(keyword_id = k.id)"}]}, {"Node Type": "Index Scan", "Parent Relationship": "Inner", "Scan Direction": "Forward", "Index Name": "movie_id_cast_info", "Relation Name": "cast_info", "Alias": "ci", "Startup Cost": 0.0, "Total Cost": 0.7, "Plan Rows": 6, "Plan Width": 8, "Index Cond": "(movie_id = mk.movie_id)"}]}, {"Node Type": "Index Scan", "Parent Relationship": "Inner", "Scan Direction": "Forward", "Index Name": "name_pkey", "Relation Name": "name", "Alias": "n", "Startup Cost": 0.0, "Total Cost": 0.28, "Plan Rows": 1, "Plan Width": 19, "Index Cond": "(id = ci.person_id)", "Filter": "((name)::text ~~ '%Downey%Robert%'::text)"}]}, {"Node Type": "Index Scan", "Parent Relationship": "Inner", "Scan Direction": "Forward", "Index Name": "title_pkey", "Relation Name": "title", "Alias": "t", "Startup Cost": 0.0, "Total Cost": 0.28, "Plan Rows": 1, "Plan Width": 21, "Index Cond": "(id = ci.movie_id)", "Filter": "(production_year > 2010)"}]}]}, "Unique SQL Id": 4208751436, "Planner Runtime": 1}, "explain_analyze_plan": {"Plan": {"Node Type": "Aggregate", "Strategy": "Plain", "Startup Cost": 2657.42, "Total Cost": 2657.43, "Plan Rows": 1, "Plan Width": 144, "Actual Startup Time": 50.033, "Actual Total Time": 50.033, "Actual Rows": 1, "Actual Loops": 1, "Plans": [{"Node Type": "Nested Loop", "Parent Relationship": "Outer", "Join Type": "Inner", "Startup Cost": 0.0, "Total Cost": 2657.41, "Plan Rows": 1, "Plan Width": 48, "Actual Startup Time": 2.738, "Actual Total Time": 49.998, "Actual Rows": 6, "Actual Loops": 1, "Inner Unique": true, "Join Filter": "(mk.movie_id = t.id)", "Rows Removed by Join Filter": 0, "Plans": [{"Node Type": "Nested Loop", "Parent Relationship": "Outer", "Join Type": "Inner", "Startup Cost": 0.0, "Total Cost": 2657.12, "Plan Rows": 1, "Plan Width": 39, "Actual Startup Time": 2.722, "Actual Total Time": 49.943, "Actual Rows": 6, "Actual Loops": 1, "Inner Unique": true, "Plans": [{"Node Type": "Nested Loop", "Parent Relationship": "Outer", "Join Type": "Inner", "Startup Cost": 0.0, "Total Cost": 2598.56, "Plan Rows": 202, "Plan Width": 28, "Actual Startup Time": 1.069, "Actual Total Time": 42.909, "Actual Rows": 1242, "Actual Loops": 1, "Inner Unique": false, "Plans": [{"Node Type": "Nested Loop", "Parent Relationship": "Outer", "Join Type": "Inner", "Startup Cost": 0.0, "Total Cost": 2573.32, "Plan Rows": 33, "Plan Width": 20, "Actual Startup Time": 1.054, "Actual Total Time": 40.494, "Actual Rows": 14, "Actual Loops": 1, "Inner Unique": false, "Plans": [{"Node Type": "Seq Scan", "Parent Relationship": "Outer", "Relation Name": "keyword", "Alias": "k", "Startup Cost": 0.0, "Total Cost": 2436.11, "Plan Rows": 1, "Plan Width": 20, "Actual Startup Time": 1.034, "Actual Total Time": 40.443, "Actual Rows": 1, "Actual Loops": 1, "Filter": "((keyword)::text = 'marvel-cinematic-universe'::text)", "Rows Removed by Filter": 134168}, {"Node Type": "Index Scan", "Parent Relationship": "Inner", "Scan Direction": "Forward", "Index Name": "keyword_id_movie_keyword", "Relation Name": "movie_keyword", "Alias": "mk", "Startup Cost": 0.0, "Total Cost": 136.88, "Plan Rows": 33, "Plan Width": 8, "Actual Startup Time": 0.014, "Actual Total Time": 0.039, "Actual Rows": 14, "Actual Loops": 1, "Index Cond": "(keyword_id = k.id)", "Rows Removed by Index Recheck": 0}]}, {"Node Type": "Index Scan", "Parent Relationship": "Inner", "Scan Direction": "Forward", "Index Name": "movie_id_cast_info", "Relation Name": "cast_info", "Alias": "ci", "Startup Cost": 0.0, "Total Cost": 0.7, "Plan Rows": 6, "Plan Width": 8, "Actual Startup Time": 0.169, "Actual Total Time": 2.091, "Actual Rows": 1242, "Actual Loops": 14, "Index Cond": "(movie_id = mk.movie_id)", "Rows Removed by Index Recheck": 0}]}, {"Node Type": "Index Scan", "Parent Relationship": "Inner", "Scan Direction": "Forward", "Index Name": "name_pkey", "Relation Name": "name", "Alias": "n", "Startup Cost": 0.0, "Total Cost": 0.28, "Plan Rows": 1, "Plan Width": 19, "Actual Startup Time": 6.441, "Actual Total Time": 6.441, "Actual Rows": 6, "Actual Loops": 1242, "Index Cond": "(id = ci.person_id)", "Rows Removed by Index Recheck": 0, "Filter": "((name)::text ~~ '%Downey%Robert%'::text)", "Rows Removed by Filter": 1236}]}, {"Node Type": "Index Scan", "Parent Relationship": "Inner", "Scan Direction": "Forward", "Index Name": "title_pkey", "Relation Name": "title", "Alias": "t", "Startup Cost": 0.0, "Total Cost": 0.28, "Plan Rows": 1, "Plan Width": 21, "Actual Startup Time": 0.04, "Actual Total Time": 0.04, "Actual Rows": 6, "Actual Loops": 6, "Index Cond": "(id = ci.movie_id)", "Rows Removed by Index Recheck": 0, "Filter": "(production_year > 2010)", "Rows Removed by Filter": 0}]}]}, "Triggers": [], "Planner Runtime": 6.763, "Total Runtime": 50.265, "Unique SQL Id": 4208751436}}, "(1, '61')": {"explain_plan": {"Plan": {"Node Type": "Aggregate", "Strategy": "Plain", "Startup Cost": 3404.02, "Total Cost": 3404.03, "Plan Rows": 1, "Plan Width": 144, "Plans": [{"Node Type": "Nested Loop", "Parent Relationship": "Outer", "Join Type": "Inner", "Startup Cost": 0.0, "Total Cost": 3404.01, "Plan Rows": 1, "Plan Width": 48, "Inner Unique": true, "Join Filter": "(mk.movie_id = t.id)", "Plans": [{"Node Type": "Nested Loop", "Parent Relationship": "Outer", "Join Type": "Inner", "Startup Cost": 0.0, "Total Cost": 3403.72, "Plan Rows": 1, "Plan Width": 39, "Inner Unique": true, "Plans": [{"Node Type": "Nested Loop", "Parent Relationship": "Outer", "Join Type": "Inner", "Startup Cost": 0.0, "Total Cost": 3345.17, "Plan Rows": 202, "Plan Width": 28, "Inner Unique": false, "Plans": [{"Node Type": "Nested Loop", "Parent Relationship": "Outer", "Join Type": "Inner", "Startup Cost": 0.0, "Total Cost": 3319.92, "Plan Rows": 33, "Plan Width": 20, "Inner Unique": false, "Plans": [{"Node Type": "Index Scan", "Parent Relationship": "Outer", "Scan Direction": "Forward", "Index Name": "keyword_pkey", "Relation Name": "keyword", "Alias": "k", "Startup Cost": 0.0, "Total Cost": 3182.72, "Plan Rows": 1, "Plan Width": 20, "Filter": "((keyword)::text = 'marvel-cinematic-universe'::text)"}, {"Node Type": "Index Scan", "Parent Relationship": "Inner", "Scan Direction": "Forward", "Index Name": "keyword_id_movie_keyword", "Relation Name": "movie_keyword", "Alias": "mk", "Startup Cost": 0.0, "Total Cost": 136.88, "Plan Rows": 33, "Plan Width": 8, "Index Cond": "(keyword_id = k.id)"}]}, {"Node Type": "Index Scan", "Parent Relationship": "Inner", "Scan Direction": "Forward", "Index Name": "movie_id_cast_info", "Relation Name": "cast_info", "Alias": "ci", "Startup Cost": 0.0, "Total Cost": 0.7, "Plan Rows": 6, "Plan Width": 8, "Index Cond": "(movie_id = mk.movie_id)"}]}, {"Node Type": "Index Scan", "Parent Relationship": "Inner", "Scan Direction": "Forward", "Index Name": "name_pkey", "Relation Name": "name", "Alias": "n", "Startup Cost": 0.0, "Total Cost": 0.28, "Plan Rows": 1, "Plan Width": 19, "Index Cond": "(id = ci.person_id)", "Filter": "((name)::text ~~ '%Downey%Robert%'::text)"}]}, {"Node Type": "Index Scan", "Parent Relationship": "Inner", "Scan Direction": "Forward", "Index Name": "title_pkey", "Relation Name": "title", "Alias": "t", "Startup Cost": 0.0, "Total Cost": 0.28, "Plan Rows": 1, "Plan Width": 21, "Index Cond": "(id = ci.movie_id)", "Filter": "(production_year > 2010)"}]}]}, "Unique SQL Id": 4208751436, "Planner Runtime": 1}, "explain_analyze_plan": null}, "(1, '62')": {"explain_plan": {"Plan": {"Node Type": "Aggregate", "Strategy": "Plain", "Startup Cost": 18847785.68, "Total Cost": 18847785.69, "Plan Rows": 1, "Plan Width": 144, "Plans": [{"Node Type": "Nested Loop", "Parent Relationship": "Outer", "Join Type": "Inner", "Startup Cost": 0.0, "Total Cost": 18847785.67, "Plan Rows": 1, "Plan Width": 48, "Inner Unique": true, "Join Filter": "(mk.movie_id = t.id)", "Plans": [{"Node Type": "Nested Loop", "Parent Relationship": "Outer", "Join Type": "Inner", "Startup Cost": 0.0, "Total Cost": 18776502.65, "Plan Rows": 1, "Plan Width": 39, "Inner Unique": false, "Join Filter": "(ci.person_id = n.id)", "Plans": [{"Node Type": "Seq Scan", "Parent Relationship": "Outer", "Relation Name": "name", "Alias": "n", "Startup Cost": 0.0, "Total Cost": 103490.62, "Plan Rows": 415, "Plan Width": 19, "Filter": "((name)::text ~~ '%Downey%Robert%'::text)"}, {"Node Type": "Materialize", "Parent Relationship": "Inner", "Startup Cost": 0.0, "Total Cost": 18671755.08, "Plan Rows": 202, "Plan Width": 28, "Plans": [{"Node Type": "Nested Loop", "Parent Relationship": "Outer", "Join Type": "Inner", "Startup Cost": 0.0, "Total Cost": 18671754.07, "Plan Rows": 202, "Plan Width": 28, "Inner Unique": false, "Join Filter": "(mk.movie_id = ci.movie_id)", "Plans": [{"Node Type": "Seq Scan", "Parent Relationship": "Outer", "Relation Name": "cast_info", "Alias": "ci", "Startup Cost": 0.0, "Total Cost": 601877.94, "Plan Rows": 36259494, "Plan Width": 8}, {"Node Type": "Materialize", "Parent Relationship": "Inner", "Startup Cost": 0.0, "Total Cost": 121426.68, "Plan Rows": 33, "Plan Width": 20, "Plans": [{"Node Type": "Nested Loop", "Parent Relationship": "Outer", "Join Type": "Inner", "Startup Cost": 0.0, "Total Cost": 121426.52, "Plan Rows": 33, "Plan Width": 20, "Inner Unique": false, "Join Filter": "(k.id = mk.keyword_id)", "Plans": [{"Node Type": "Seq Scan", "Parent Relationship": "Outer", "Relation Name": "keyword", "Alias": "k", "Startup Cost": 0.0, "Total Cost": 2436.11, "Plan Rows": 1, "Plan Width": 20, "Filter": "((keyword)::text = 'marvel-cinematic-universe'::text)"}, {"Node Type": "Seq Scan", "Parent Relationship": "Inner", "Relation Name": "movie_keyword", "Alias": "mk", "Startup Cost": 0.0, "Total Cost": 62441.29, "Plan Rows": 4523929, "Plan Width": 8}]}]}]}]}]}, {"Node Type": "Seq Scan", "Parent Relationship": "Inner", "Relation Name": "title", "Alias": "t", "Startup Cost": 0.0, "Total Cost": 66389.89, "Plan Rows": 391451, "Plan Width": 21, "Filter": "(production_year > 2010), (LLVM Optimized)"}]}]}, "Unique SQL Id": 4208751436, "Planner Runtime": 1}, "explain_analyze_plan": null}, "(1, '63')": {"explain_plan": {"Plan": {"Node Type": "Aggregate", "Strategy": "Plain", "Startup Cost": 5000223041129.71, "Total Cost": 5000223041129.72, "Plan Rows": 1, "Plan Width": 144, "Plans": [{"Node Type": "Nested Loop", "Parent Relationship": "Outer", "Join Type": "Inner", "Startup Cost": 50000000000.0, "Total Cost": 5000223041129.7, "Plan Rows": 1, "Plan Width": 48, "Inner Unique": true, "Join Filter": "(mk.movie_id = t.id)", "Plans": [{"Node Type": "Nested Loop", "Parent Relationship": "Outer", "Join Type": "Inner", "Startup Cost": 40000000000.0, "Total Cost": 4000223041101.96, "Plan Rows": 1, "Plan Width": 39, "Inner Unique": true, "Join Filter": "(ci.person_id = n.id)", "Plans": [{"Node Type": "Nested Loop", "Parent Relationship": "Outer", "Join Type": "Inner", "Startup Cost": 30000000000.0, "Total Cost": 3000204374696.26, "Plan Rows": 202, "Plan Width": 28, "Inner Unique": false, "Join Filter": "(mk.movie_id = ci.movie_id)", "Plans": [{"Node Type": "Nested Loop", "Parent Relationship": "Outer", "Join Type": "Inner", "Startup Cost": 20000000000.0, "Total Cost": 2000015686764.79, "Plan Rows": 33, "Plan Width": 20, "Inner Unique": true, "Join Filter": "(k.id = mk.keyword_id)", "Plans": [{"Node Type": "Index Scan", "Parent Relationship": "Outer", "Scan Direction": "Forward", "Index Name": "movie_id_movie_keyword", "Relation Name": "movie_keyword", "Alias": "mk", "Startup Cost": 10000000000.0, "Total Cost": 1000015300634.17, "Plan Rows": 4523929, "Plan Width": 8}, {"Node Type": "Materialize", "Parent Relationship": "Inner", "Startup Cost": 10000000000.0, "Total Cost": 1000000318271.69, "Plan Rows": 1, "Plan Width": 20, "Plans": [{"Node Type": "Index Scan", "Parent Relationship": "Outer", "Scan Direction": "Forward", "Index Name": "keyword_pkey", "Relation Name": "keyword", "Alias": "k", "Startup Cost": 10000000000.0, "Total Cost": 1000000318271.68, "Plan Rows": 1, "Plan Width": 20, "Filter": "((keyword)::text = 'marvel-cinematic-universe'::text)"}]}]}, {"Node Type": "Materialize", "Parent Relationship": "Inner", "Startup Cost": 10000000000.0, "Total Cost": 1000170830130.68, "Plan Rows": 36259494, "Plan Width": 8, "Plans": [{"Node Type": "Index Scan", "Parent Relationship": "Outer", "Scan Direction": "Forward", "Index Name": "person_id_cast_info", "Relation Name": "cast_info", "Alias": "ci", "Startup Cost": 10000000000.0, "Total Cost": 1000170648833.21, "Plan Rows": 36259494, "Plan Width": 8}]}]}, {"Node Type": "Materialize", "Parent Relationship": "Inner", "Startup Cost": 10000000000.0, "Total Cost": 1000018665149.28, "Plan Rows": 415, "Plan Width": 19, "Plans": [{"Node Type": "Index Scan", "Parent Relationship": "Outer", "Scan Direction": "Forward", "Index Name": "name_pkey", "Relation Name": "name", "Alias": "n", "Startup Cost": 10000000000.0, "Total Cost": 1000018665147.2, "Plan Rows": 415, "Plan Width": 19, "Filter": "((name)::text ~~ '%Downey%Robert%'::text)"}]}]}, {"Node Type": "Index Scan", "Parent Relationship": "Inner", "Scan Direction": "Forward", "Index Name": "title_pkey", "Relation Name": "title", "Alias": "t", "Startup Cost": 10000000000.0, "Total Cost": 1000000000027.74, "Plan Rows": 1, "Plan Width": 21, "Index Cond": "(id = ci.movie_id)", "Filter": "(production_year > 2010)"}]}]}, "Unique SQL Id": 4208751436, "Planner Runtime": 1}, "explain_analyze_plan": null}, "(1, '64')": {"explain_plan": {"Plan": {"Node Type": "Aggregate", "Strategy": "Plain", "Startup Cost": 2671.98, "Total Cost": 2671.99, "Plan Rows": 1, "Plan Width": 144, "Plans": [{"Node Type": "Nested Loop", "Parent Relationship": "Outer", "Join Type": "Inner", "Startup Cost": 4.51, "Total Cost": 2670.91, "Plan Rows": 143, "Plan Width": 48, "Inner Unique": true, "Plans": [{"Node Type": "Nested Loop", "Parent Relationship": "Outer", "Join Type": "Inner", "Startup Cost": 4.51, "Total Cost": 2607.71, "Plan Rows": 218, "Plan Width": 37, "Inner Unique": false, "Join Filter": "(t.id = ci.movie_id)", "Plans": [{"Node Type": "Nested Loop", "Parent Relationship": "Outer", "Join Type": "Inner", "Startup Cost": 4.51, "Total Cost": 2579.63, "Plan Rows": 36, "Plan Width": 41, "Inner Unique": true, "Plans": [{"Node Type": "Nested Loop", "Parent Relationship": "Outer", "Join Type": "Inner", "Startup Cost": 4.51, "Total Cost": 2569.02, "Plan Rows": 33, "Plan Width": 20, "Inner Unique": false, "Plans": [{"Node Type": "Seq Scan", "Parent Relationship": "Outer", "Relation Name": "keyword", "Alias": "k", "Startup Cost": 0.0, "Total Cost": 2436.11, "Plan Rows": 1, "Plan Width": 20, "Filter": "((keyword)::text = 'marvel-cinematic-universe'::text)"}, {"Node Type": "Bitmap Heap Scan", "Parent Relationship": "Inner", "Relation Name": "movie_keyword", "Alias": "mk", "Startup Cost": 4.51, "Total Cost": 132.58, "Plan Rows": 33, "Plan Width": 8, "Recheck Cond": "(keyword_id = k.id)", "Plans": [{"Node Type": "Bitmap Index Scan", "Parent Relationship": "Outer", "Index Name": "keyword_id_movie_keyword", "Startup Cost": 0.0, "Total Cost": 4.5, "Plan Rows": 33, "Plan Width": 0, "Index Cond": "(keyword_id = k.id)"}]}]}, {"Node Type": "Index Scan", "Parent Relationship": "Inner", "Scan Direction": "Forward", "Index Name": "title_pkey", "Relation Name": "title", "Alias": "t", "Startup Cost": 0.0, "Total Cost": 0.31, "Plan Rows": 1, "Plan Width": 21, "Index Cond": "(id = mk.movie_id)", "Filter": "(production_year > 2010)"}]}, {"Node Type": "Index Scan", "Parent Relationship": "Inner", "Scan Direction": "Forward", "Index Name": "movie_id_cast_info", "Relation Name": "cast_info", "Alias": "ci", "Startup Cost": 0.0, "Total Cost": 0.7, "Plan Rows": 6, "Plan Width": 8, "Index Cond": "(movie_id = mk.movie_id)"}]}, {"Node Type": "Index Scan", "Parent Relationship": "Inner", "Scan Direction": "Forward", "Index Name": "name_pkey", "Relation Name": "name", "Alias": "n", "Startup Cost": 0.0, "Total Cost": 0.28, "Plan Rows": 1, "Plan Width": 19, "Index Cond": "(id = ci.person_id)", "Filter": "((name)::text ~~ '%Downey%Robert%'::text)"}]}]}, "Unique SQL Id": 4208751436, "Planner Runtime": 7}, "explain_analyze_plan": {"Plan": {"Node Type": "Aggregate", "Strategy": "Plain", "Startup Cost": 2671.98, "Total Cost": 2671.99, "Plan Rows": 1, "Plan Width": 144, "Actual Startup Time": 51.759, "Actual Total Time": 51.759, "Actual Rows": 1, "Actual Loops": 1, "Plans": [{"Node Type": "Nested Loop", "Parent Relationship": "Outer", "Join Type": "Inner", "Startup Cost": 4.51, "Total Cost": 2670.91, "Plan Rows": 143, "Plan Width": 48, "Actual Startup Time": 2.818, "Actual Total Time": 51.721, "Actual Rows": 6, "Actual Loops": 1, "Inner Unique": true, "Plans": [{"Node Type": "Nested Loop", "Parent Relationship": "Outer", "Join Type": "Inner", "Startup Cost": 4.51, "Total Cost": 2607.71, "Plan Rows": 218, "Plan Width": 37, "Actual Startup Time": 1.113, "Actual Total Time": 44.613, "Actual Rows": 1224, "Actual Loops": 1, "Inner Unique": false, "Join Filter": "(t.id = ci.movie_id)", "Rows Removed by Join Filter": 0, "Plans": [{"Node Type": "Nested Loop", "Parent Relationship": "Outer", "Join Type": "Inner", "Startup Cost": 4.51, "Total Cost": 2579.63, "Plan Rows": 36, "Plan Width": 41, "Actual Startup Time": 1.096, "Actual Total Time": 42.091, "Actual Rows": 11, "Actual Loops": 1, "Inner Unique": true, "Plans": [{"Node Type": "Nested Loop", "Parent Relationship": "Outer", "Join Type": "Inner", "Startup Cost": 4.51, "Total Cost": 2569.02, "Plan Rows": 33, "Plan Width": 20, "Actual Startup Time": 1.079, "Actual Total Time": 41.967, "Actual Rows": 14, "Actual Loops": 1, "Inner Unique": false, "Plans": [{"Node Type": "Seq Scan", "Parent Relationship": "Outer", "Relation Name": "keyword", "Alias": "k", "Startup Cost": 0.0, "Total Cost": 2436.11, "Plan Rows": 1, "Plan Width": 20, "Actual Startup Time": 1.037, "Actual Total Time": 41.881, "Actual Rows": 1, "Actual Loops": 1, "Filter": "((keyword)::text = 'marvel-cinematic-universe'::text)", "Rows Removed by Filter": 134168}, {"Node Type": "Bitmap Heap Scan", "Parent Relationship": "Inner", "Relation Name": "movie_keyword", "Alias": "mk", "Startup Cost": 4.51, "Total Cost": 132.58, "Plan Rows": 33, "Plan Width": 8, "Actual Startup Time": 0.034, "Actual Total Time": 0.07, "Actual Rows": 14, "Actual Loops": 1, "Recheck Cond": "(keyword_id = k.id)", "Rows Removed by Index Recheck": 0, "Exact Heap Blocks": 13, "Lossy Heap Blocks": 13, "Plans": [{"Node Type": "Bitmap Index Scan", "Parent Relationship": "Outer", "Index Name": "keyword_id_movie_keyword", "Startup Cost": 0.0, "Total Cost": 4.5, "Plan Rows": 33, "Plan Width": 0, "Actual Startup Time": 0.02, "Actual Total Time": 0.02, "Actual Rows": 14, "Actual Loops": 1, "Index Cond": "(keyword_id = k.id)"}]}]}, {"Node Type": "Index Scan", "Parent Relationship": "Inner", "Scan Direction": "Forward", "Index Name": "title_pkey", "Relation Name": "title", "Alias": "t", "Startup Cost": 0.0, "Total Cost": 0.31, "Plan Rows": 1, "Plan Width": 21, "Actual Startup Time": 0.107, "Actual Total Time": 0.107, "Actual Rows": 11, "Actual Loops": 14, "Index Cond": "(id = mk.movie_id)", "Rows Removed by Index Recheck": 0, "Filter": "(production_year > 2010)", "Rows Removed by Filter": 3}]}, {"Node Type": "Index Scan", "Parent Relationship": "Inner", "Scan Direction": "Forward", "Index Name": "movie_id_cast_info", "Relation Name": "cast_info", "Alias": "ci", "Startup Cost": 0.0, "Total Cost": 0.7, "Plan Rows": 6, "Plan Width": 8, "Actual Startup Time": 0.149, "Actual Total Time": 2.015, "Actual Rows": 1224, "Actual Loops": 11, "Index Cond": "(movie_id = mk.movie_id)", "Rows Removed by Index Recheck": 0}]}, {"Node Type": "Index Scan", "Parent Relationship": "Inner", "Scan Direction": "Forward", "Index Name": "name_pkey", "Relation Name": "name", "Alias": "n", "Startup Cost": 0.0, "Total Cost": 0.28, "Plan Rows": 1, "Plan Width": 19, "Actual Startup Time": 6.507, "Actual Total Time": 6.507, "Actual Rows": 6, "Actual Loops": 1224, "Index Cond": "(id = ci.person_id)", "Rows Removed by Index Recheck": 0, "Filter": "((name)::text ~~ '%Downey%Robert%'::text)", "Rows Removed by Filter": 1218}]}]}, "Triggers": [], "Planner Runtime": 7.092, "Total Runtime": 52.059, "Unique SQL Id": 4208751436}}, "(1, '65')": {"explain_plan": {"Plan": {"Node Type": "Aggregate", "Strategy": "Plain", "Startup Cost": 3418.58, "Total Cost": 3418.59, "Plan Rows": 1, "Plan Width": 144, "Plans": [{"Node Type": "Nested Loop", "Parent Relationship": "Outer", "Join Type": "Inner", "Startup Cost": 4.51, "Total Cost": 3417.51, "Plan Rows": 143, "Plan Width": 48, "Inner Unique": true, "Plans": [{"Node Type": "Nested Loop", "Parent Relationship": "Outer", "Join Type": "Inner", "Startup Cost": 4.51, "Total Cost": 3354.32, "Plan Rows": 218, "Plan Width": 37, "Inner Unique": false, "Join Filter": "(t.id = ci.movie_id)", "Plans": [{"Node Type": "Nested Loop", "Parent Relationship": "Outer", "Join Type": "Inner", "Startup Cost": 4.51, "Total Cost": 3326.24, "Plan Rows": 36, "Plan Width": 41, "Inner Unique": true, "Plans": [{"Node Type": "Nested Loop", "Parent Relationship": "Outer", "Join Type": "Inner", "Startup Cost": 4.51, "Total Cost": 3315.63, "Plan Rows": 33, "Plan Width": 20, "Inner Unique": false, "Plans": [{"Node Type": "Index Scan", "Parent Relationship": "Outer", "Scan Direction": "Forward", "Index Name": "keyword_pkey", "Relation Name": "keyword", "Alias": "k", "Startup Cost": 0.0, "Total Cost": 3182.72, "Plan Rows": 1, "Plan Width": 20, "Filter": "((keyword)::text = 'marvel-cinematic-universe'::text)"}, {"Node Type": "Bitmap Heap Scan", "Parent Relationship": "Inner", "Relation Name": "movie_keyword", "Alias": "mk", "Startup Cost": 4.51, "Total Cost": 132.58, "Plan Rows": 33, "Plan Width": 8, "Recheck Cond": "(keyword_id = k.id)", "Plans": [{"Node Type": "Bitmap Index Scan", "Parent Relationship": "Outer", "Index Name": "keyword_id_movie_keyword", "Startup Cost": 0.0, "Total Cost": 4.5, "Plan Rows": 33, "Plan Width": 0, "Index Cond": "(keyword_id = k.id)"}]}]}, {"Node Type": "Index Scan", "Parent Relationship": "Inner", "Scan Direction": "Forward", "Index Name": "title_pkey", "Relation Name": "title", "Alias": "t", "Startup Cost": 0.0, "Total Cost": 0.31, "Plan Rows": 1, "Plan Width": 21, "Index Cond": "(id = mk.movie_id)", "Filter": "(production_year > 2010)"}]}, {"Node Type": "Index Scan", "Parent Relationship": "Inner", "Scan Direction": "Forward", "Index Name": "movie_id_cast_info", "Relation Name": "cast_info", "Alias": "ci", "Startup Cost": 0.0, "Total Cost": 0.7, "Plan Rows": 6, "Plan Width": 8, "Index Cond": "(movie_id = mk.movie_id)"}]}, {"Node Type": "Index Scan", "Parent Relationship": "Inner", "Scan Direction": "Forward", "Index Name": "name_pkey", "Relation Name": "name", "Alias": "n", "Startup Cost": 0.0, "Total Cost": 0.28, "Plan Rows": 1, "Plan Width": 19, "Index Cond": "(id = ci.person_id)", "Filter": "((name)::text ~~ '%Downey%Robert%'::text)"}]}]}, "Unique SQL Id": 4208751436, "Planner Runtime": 7}, "explain_analyze_plan": null}, "(1, '66')": {"explain_plan": {"Plan": {"Node Type": "Aggregate", "Strategy": "Plain", "Startup Cost": 3810.23, "Total Cost": 3810.24, "Plan Rows": 1, "Plan Width": 144, "Plans": [{"Node Type": "Nested Loop", "Parent Relationship": "Outer", "Join Type": "Inner", "Startup Cost": 5.45, "Total Cost": 3809.16, "Plan Rows": 143, "Plan Width": 48, "Inner Unique": true, "Plans": [{"Node Type": "Nested Loop", "Parent Relationship": "Outer", "Join Type": "Inner", "Startup Cost": 5.19, "Total Cost": 2875.14, "Plan Rows": 218, "Plan Width": 37, "Inner Unique": false, "Join Filter": "(t.id = ci.movie_id)", "Plans": [{"Node Type": "Nested Loop", "Parent Relationship": "Outer", "Join Type": "Inner", "Startup Cost": 4.77, "Total Cost": 2710.63, "Plan Rows": 36, "Plan Width": 41, "Inner Unique": true, "Plans": [{"Node Type": "Nested Loop", "Parent Relationship": "Outer", "Join Type": "Inner", "Startup Cost": 4.51, "Total Cost": 2569.02, "Plan Rows": 33, "Plan Width": 20, "Inner Unique": false, "Plans": [{"Node Type": "Seq Scan", "Parent Relationship": "Outer", "Relation Name": "keyword", "Alias": "k", "Startup Cost": 0.0, "Total Cost": 2436.11, "Plan Rows": 1, "Plan Width": 20, "Filter": "((keyword)::text = 'marvel-cinematic-universe'::text)"}, {"Node Type": "Bitmap Heap Scan", "Parent Relationship": "Inner", "Relation Name": "movie_keyword", "Alias": "mk", "Startup Cost": 4.51, "Total Cost": 132.58, "Plan Rows": 33, "Plan Width": 8, "Recheck Cond": "(keyword_id = k.id)", "Plans": [{"Node Type": "Bitmap Index Scan", "Parent Relationship": "Outer", "Index Name": "keyword_id_movie_keyword", "Startup Cost": 0.0, "Total Cost": 4.5, "Plan Rows": 33, "Plan Width": 0, "Index Cond": "(keyword_id = k.id)"}]}]}, {"Node Type": "Bitmap Heap Scan", "Parent Relationship": "Inner", "Relation Name": "title", "Alias": "t", "Startup Cost": 0.27, "Total Cost": 4.28, "Plan Rows": 1, "Plan Width": 21, "Recheck Cond": "(id = mk.movie_id)", "Filter": "(production_year > 2010)", "Plans": [{"Node Type": "Bitmap Index Scan", "Parent Relationship": "Outer", "Index Name": "title_pkey", "Startup Cost": 0.0, "Total Cost": 0.27, "Plan Rows": 1, "Plan Width": 0, "Index Cond": "(id = mk.movie_id)"}]}]}, {"Node Type": "Bitmap Heap Scan", "Parent Relationship": "Inner", "Relation Name": "cast_info", "Alias": "ci", "Startup Cost": 0.42, "Total Cost": 4.49, "Plan Rows": 6, "Plan Width": 8, "Recheck Cond": "(movie_id = mk.movie_id)", "Plans": [{"Node Type": "Bitmap Index Scan", "Parent Relationship": "Outer", "Index Name": "movie_id_cast_info", "Startup Cost": 0.0, "Total Cost": 0.42, "Plan Rows": 6, "Plan Width": 0, "Index Cond": "(movie_id = mk.movie_id)"}]}]}, {"Node Type": "Bitmap Heap Scan", "Parent Relationship": "Inner", "Relation Name": "name", "Alias": "n", "Startup Cost": 0.26, "Total Cost": 4.27, "Plan Rows": 1, "Plan Width": 19, "Recheck Cond": "(id = ci.person_id)", "Filter": "((name)::text ~~ '%Downey%Robert%'::text)", "Plans": [{"Node Type": "Bitmap Index Scan", "Parent Relationship": "Outer", "Index Name": "name_pkey", "Startup Cost": 0.0, "Total Cost": 0.26, "Plan Rows": 1, "Plan Width": 0, "Index Cond": "(id = ci.person_id)"}]}]}]}, "Unique SQL Id": 4208751436, "Planner Runtime": 6}, "explain_analyze_plan": {"Plan": {"Node Type": "Aggregate", "Strategy": "Plain", "Startup Cost": 3810.23, "Total Cost": 3810.24, "Plan Rows": 1, "Plan Width": 144, "Actual Startup Time": 52.817, "Actual Total Time": 52.817, "Actual Rows": 1, "Actual Loops": 1, "Plans": [{"Node Type": "Nested Loop", "Parent Relationship": "Outer", "Join Type": "Inner", "Startup Cost": 5.45, "Total Cost": 3809.16, "Plan Rows": 143, "Plan Width": 48, "Actual Startup Time": 3.321, "Actual Total Time": 52.782, "Actual Rows": 6, "Actual Loops": 1, "Inner Unique": true, "Plans": [{"Node Type": "Nested Loop", "Parent Relationship": "Outer", "Join Type": "Inner", "Startup Cost": 5.19, "Total Cost": 2875.14, "Plan Rows": 218, "Plan Width": 37, "Actual Startup Time": 1.135, "Actual Total Time": 43.931, "Actual Rows": 1224, "Actual Loops": 1, "Inner Unique": false, "Join Filter": "(t.id = ci.movie_id)", "Rows Removed by Join Filter": 0, "Plans": [{"Node Type": "Nested Loop", "Parent Relationship": "Outer", "Join Type": "Inner", "Startup Cost": 4.77, "Total Cost": 2710.63, "Plan Rows": 36, "Plan Width": 41, "Actual Startup Time": 1.105, "Actual Total Time": 40.655, "Actual Rows": 11, "Actual Loops": 1, "Inner Unique": true, "Plans": [{"Node Type": "Nested Loop", "Parent Relationship": "Outer", "Join Type": "Inner", "Startup Cost": 4.51, "Total Cost": 2569.02, "Plan Rows": 33, "Plan Width": 20, "Actual Startup Time": 1.087, "Actual Total Time": 40.509, "Actual Rows": 14, "Actual Loops": 1, "Inner Unique": false, "Plans": [{"Node Type": "Seq Scan", "Parent Relationship": "Outer", "Relation Name": "keyword", "Alias": "k", "Startup Cost": 0.0, "Total Cost": 2436.11, "Plan Rows": 1, "Plan Width": 20, "Actual Startup Time": 1.051, "Actual Total Time": 40.437, "Actual Rows": 1, "Actual Loops": 1, "Filter": "((keyword)::text = 'marvel-cinematic-universe'::text)", "Rows Removed by Filter": 134168}, {"Node Type": "Bitmap Heap Scan", "Parent Relationship": "Inner", "Relation Name": "movie_keyword", "Alias": "mk", "Startup Cost": 4.51, "Total Cost": 132.58, "Plan Rows": 33, "Plan Width": 8, "Actual Startup Time": 0.03, "Actual Total Time": 0.06, "Actual Rows": 14, "Actual Loops": 1, "Recheck Cond": "(keyword_id = k.id)", "Rows Removed by Index Recheck": 0, "Exact Heap Blocks": 13, "Lossy Heap Blocks": 13, "Plans": [{"Node Type": "Bitmap Index Scan", "Parent Relationship": "Outer", "Index Name": "keyword_id_movie_keyword", "Startup Cost": 0.0, "Total Cost": 4.5, "Plan Rows": 33, "Plan Width": 0, "Actual Startup Time": 0.019, "Actual Total Time": 0.019, "Actual Rows": 14, "Actual Loops": 1, "Index Cond": "(keyword_id = k.id)"}]}]}, {"Node Type": "Bitmap Heap Scan", "Parent Relationship": "Inner", "Relation Name": "title", "Alias": "t", "Startup Cost": 0.27, "Total Cost": 4.28, "Plan Rows": 1, "Plan Width": 21, "Actual Startup Time": 0.114, "Actual Total Time": 0.114, "Actual Rows": 11, "Actual Loops": 14, "Recheck Cond": "(id = mk.movie_id)", "Rows Removed by Index Recheck": 0, "Filter": "(production_year > 2010)", "Rows Removed by Filter": 3, "Exact Heap Blocks": 14, "Lossy Heap Blocks": 14, "Plans": [{"Node Type": "Bitmap Index Scan", "Parent Relationship": "Outer", "Index Name": "title_pkey", "Startup Cost": 0.0, "Total Cost": 0.27, "Plan Rows": 1, "Plan Width": 0, "Actual Startup Time": 0.068, "Actual Total Time": 0.068, "Actual Rows": 14, "Actual Loops": 14, "Index Cond": "(id = mk.movie_id)"}]}]}, {"Node Type": "Bitmap Heap Scan", "Parent Relationship": "Inner", "Relation Name": "cast_info", "Alias": "ci", "Startup Cost": 0.42, "Total Cost": 4.49, "Plan Rows": 6, "Plan Width": 8, "Actual Startup Time": 0.579, "Actual Total Time": 2.712, "Actual Rows": 1224, "Actual Loops": 11, "Recheck Cond": "(movie_id = mk.movie_id)", "Rows Removed by Index Recheck": 0, "Exact Heap Blocks": 1166, "Lossy Heap Blocks": 1166, "Plans": [{"Node Type": "Bitmap Index Scan", "Parent Relationship": "Outer", "Index Name": "movie_id_cast_info", "Startup Cost": 0.0, "Total Cost": 0.42, "Plan Rows": 6, "Plan Width": 0, "Actual Startup Time": 0.364, "Actual Total Time": 0.364, "Actual Rows": 1224, "Actual Loops": 11, "Index Cond": "(movie_id = mk.movie_id)"}]}]}, {"Node Type": "Bitmap Heap Scan", "Parent Relationship": "Inner", "Relation Name": "name", "Alias": "n", "Startup Cost": 0.26, "Total Cost": 4.27, "Plan Rows": 1, "Plan Width": 19, "Actual Startup Time": 7.466, "Actual Total Time": 7.466, "Actual Rows": 6, "Actual Loops": 1224, "Recheck Cond": "(id = ci.person_id)", "Rows Removed by Index Recheck": 0, "Filter": "((name)::text ~~ '%Downey%Robert%'::text)", "Rows Removed by Filter": 1218, "Exact Heap Blocks": 1224, "Lossy Heap Blocks": 1224, "Plans": [{"Node Type": "Bitmap Index Scan", "Parent Relationship": "Outer", "Index Name": "name_pkey", "Startup Cost": 0.0, "Total Cost": 0.26, "Plan Rows": 1, "Plan Width": 0, "Actual Startup Time": 4.426, "Actual Total Time": 4.426, "Actual Rows": 1224, "Actual Loops": 1224, "Index Cond": "(id = ci.person_id)"}]}]}]}, "Triggers": [], "Planner Runtime": 5.916, "Total Runtime": 53.054, "Unique SQL Id": 4208751436}}, "(1, '67')": {"explain_plan": {"Plan": {"Node Type": "Aggregate", "Strategy": "Plain", "Startup Cost": 1000034676559.16, "Total Cost": 1000034676559.17, "Plan Rows": 1, "Plan Width": 144, "Plans": [{"Node Type": "Nested Loop", "Parent Relationship": "Outer", "Join Type": "Inner", "Startup Cost": 10000000001.2, "Total Cost": 1000034676559.15, "Plan Rows": 1, "Plan Width": 48, "Inner Unique": true, "Join Filter": "(mk.movie_id = t.id)", "Plans": [{"Node Type": "Nested Loop", "Parent Relationship": "Outer", "Join Type": "Inner", "Startup Cost": 10000000000.94, "Total Cost": 1000034676554.87, "Plan Rows": 1, "Plan Width": 39, "Inner Unique": true, "Plans": [{"Node Type": "Nested Loop", "Parent Relationship": "Outer", "Join Type": "Inner", "Startup Cost": 10000000000.68, "Total Cost": 1000034675689.4, "Plan Rows": 202, "Plan Width": 28, "Inner Unique": false, "Plans": [{"Node Type": "Nested Loop", "Parent Relationship": "Outer", "Join Type": "Inner", "Startup Cost": 10000000000.26, "Total Cost": 1000034675539.09, "Plan Rows": 33, "Plan Width": 20, "Inner Unique": true, "Plans": [{"Node Type": "Index Scan", "Parent Relationship": "Outer", "Scan Direction": "Forward", "Index Name": "movie_id_movie_keyword", "Relation Name": "movie_keyword", "Alias": "mk", "Startup Cost": 10000000000.0, "Total Cost": 1000015300634.17, "Plan Rows": 4523929, "Plan Width": 8}, {"Node Type": "Bitmap Heap Scan", "Parent Relationship": "Inner", "Relation Name": "keyword", "Alias": "k", "Startup Cost": 0.26, "Total Cost": 4.27, "Plan Rows": 1, "Plan Width": 20, "Recheck Cond": "(id = mk.keyword_id)", "Filter": "((keyword)::text = 'marvel-cinematic-universe'::text)", "Plans": [{"Node Type": "Bitmap Index Scan", "Parent Relationship": "Outer", "Index Name": "keyword_pkey", "Startup Cost": 0.0, "Total Cost": 0.26, "Plan Rows": 1, "Plan Width": 0, "Index Cond": "(id = mk.keyword_id)"}]}]}, {"Node Type": "Bitmap Heap Scan", "Parent Relationship": "Inner", "Relation Name": "cast_info", "Alias": "ci", "Startup Cost": 0.42, "Total Cost": 4.49, "Plan Rows": 6, "Plan Width": 8, "Recheck Cond": "(movie_id = mk.movie_id)", "Plans": [{"Node Type": "Bitmap Index Scan", "Parent Relationship": "Outer", "Index Name": "movie_id_cast_info", "Startup Cost": 0.0, "Total Cost": 0.42, "Plan Rows": 6, "Plan Width": 0, "Index Cond": "(movie_id = mk.movie_id)"}]}]}, {"Node Type": "Bitmap Heap Scan", "Parent Relationship": "Inner", "Relation Name": "name", "Alias": "n", "Startup Cost": 0.26, "Total Cost": 4.27, "Plan Rows": 1, "Plan Width": 19, "Recheck Cond": "(id = ci.person_id)", "Filter": "((name)::text ~~ '%Downey%Robert%'::text)", "Plans": [{"Node Type": "Bitmap Index Scan", "Parent Relationship": "Outer", "Index Name": "name_pkey", "Startup Cost": 0.0, "Total Cost": 0.26, "Plan Rows": 1, "Plan Width": 0, "Index Cond": "(id = ci.person_id)"}]}]}, {"Node Type": "Bitmap Heap Scan", "Parent Relationship": "Inner", "Relation Name": "title", "Alias": "t", "Startup Cost": 0.26, "Total Cost": 4.27, "Plan Rows": 1, "Plan Width": 21, "Recheck Cond": "(id = ci.movie_id)", "Filter": "(production_year > 2010)", "Plans": [{"Node Type": "Bitmap Index Scan", "Parent Relationship": "Outer", "Index Name": "title_pkey", "Startup Cost": 0.0, "Total Cost": 0.26, "Plan Rows": 1, "Plan Width": 0, "Index Cond": "(id = ci.movie_id)"}]}]}]}, "Unique SQL Id": 4208751436, "Planner Runtime": 2}, "explain_analyze_plan": null}, "(1, '68')": {"explain_plan": {"Plan": {"Node Type": "Aggregate", "Strategy": "Plain", "Startup Cost": 2671.98, "Total Cost": 2671.99, "Plan Rows": 1, "Plan Width": 144, "Plans": [{"Node Type": "Nested Loop", "Parent Relationship": "Outer", "Join Type": "Inner", "Startup Cost": 4.51, "Total Cost": 2670.91, "Plan Rows": 143, "Plan Width": 48, "Inner Unique": true, "Plans": [{"Node Type": "Nested Loop", "Parent Relationship": "Outer", "Join Type": "Inner", "Startup Cost": 4.51, "Total Cost": 2607.71, "Plan Rows": 218, "Plan Width": 37, "Inner Unique": false, "Join Filter": "(t.id = ci.movie_id)", "Plans": [{"Node Type": "Nested Loop", "Parent Relationship": "Outer", "Join Type": "Inner", "Startup Cost": 4.51, "Total Cost": 2579.63, "Plan Rows": 36, "Plan Width": 41, "Inner Unique": true, "Plans": [{"Node Type": "Nested Loop", "Parent Relationship": "Outer", "Join Type": "Inner", "Startup Cost": 4.51, "Total Cost": 2569.02, "Plan Rows": 33, "Plan Width": 20, "Inner Unique": false, "Plans": [{"Node Type": "Seq Scan", "Parent Relationship": "Outer", "Relation Name": "keyword", "Alias": "k", "Startup Cost": 0.0, "Total Cost": 2436.11, "Plan Rows": 1, "Plan Width": 20, "Filter": "((keyword)::text = 'marvel-cinematic-universe'::text)"}, {"Node Type": "Bitmap Heap Scan", "Parent Relationship": "Inner", "Relation Name": "movie_keyword", "Alias": "mk", "Startup Cost": 4.51, "Total Cost": 132.58, "Plan Rows": 33, "Plan Width": 8, "Recheck Cond": "(keyword_id = k.id)", "Plans": [{"Node Type": "Bitmap Index Scan", "Parent Relationship": "Outer", "Index Name": "keyword_id_movie_keyword", "Startup Cost": 0.0, "Total Cost": 4.5, "Plan Rows": 33, "Plan Width": 0, "Index Cond": "(keyword_id = k.id)"}]}]}, {"Node Type": "Index Scan", "Parent Relationship": "Inner", "Scan Direction": "Forward", "Index Name": "title_pkey", "Relation Name": "title", "Alias": "t", "Startup Cost": 0.0, "Total Cost": 0.31, "Plan Rows": 1, "Plan Width": 21, "Index Cond": "(id = mk.movie_id)", "Filter": "(production_year > 2010)"}]}, {"Node Type": "Index Scan", "Parent Relationship": "Inner", "Scan Direction": "Forward", "Index Name": "movie_id_cast_info", "Relation Name": "cast_info", "Alias": "ci", "Startup Cost": 0.0, "Total Cost": 0.7, "Plan Rows": 6, "Plan Width": 8, "Index Cond": "(movie_id = mk.movie_id)"}]}, {"Node Type": "Index Scan", "Parent Relationship": "Inner", "Scan Direction": "Forward", "Index Name": "name_pkey", "Relation Name": "name", "Alias": "n", "Startup Cost": 0.0, "Total Cost": 0.28, "Plan Rows": 1, "Plan Width": 19, "Index Cond": "(id = ci.person_id)", "Filter": "((name)::text ~~ '%Downey%Robert%'::text)"}]}]}, "Unique SQL Id": 4208751436, "Planner Runtime": 7}, "explain_analyze_plan": {"Plan": {"Node Type": "Aggregate", "Strategy": "Plain", "Startup Cost": 2671.98, "Total Cost": 2671.99, "Plan Rows": 1, "Plan Width": 144, "Actual Startup Time": 51.759, "Actual Total Time": 51.759, "Actual Rows": 1, "Actual Loops": 1, "Plans": [{"Node Type": "Nested Loop", "Parent Relationship": "Outer", "Join Type": "Inner", "Startup Cost": 4.51, "Total Cost": 2670.91, "Plan Rows": 143, "Plan Width": 48, "Actual Startup Time": 2.818, "Actual Total Time": 51.721, "Actual Rows": 6, "Actual Loops": 1, "Inner Unique": true, "Plans": [{"Node Type": "Nested Loop", "Parent Relationship": "Outer", "Join Type": "Inner", "Startup Cost": 4.51, "Total Cost": 2607.71, "Plan Rows": 218, "Plan Width": 37, "Actual Startup Time": 1.113, "Actual Total Time": 44.613, "Actual Rows": 1224, "Actual Loops": 1, "Inner Unique": false, "Join Filter": "(t.id = ci.movie_id)", "Rows Removed by Join Filter": 0, "Plans": [{"Node Type": "Nested Loop", "Parent Relationship": "Outer", "Join Type": "Inner", "Startup Cost": 4.51, "Total Cost": 2579.63, "Plan Rows": 36, "Plan Width": 41, "Actual Startup Time": 1.096, "Actual Total Time": 42.091, "Actual Rows": 11, "Actual Loops": 1, "Inner Unique": true, "Plans": [{"Node Type": "Nested Loop", "Parent Relationship": "Outer", "Join Type": "Inner", "Startup Cost": 4.51, "Total Cost": 2569.02, "Plan Rows": 33, "Plan Width": 20, "Actual Startup Time": 1.079, "Actual Total Time": 41.967, "Actual Rows": 14, "Actual Loops": 1, "Inner Unique": false, "Plans": [{"Node Type": "Seq Scan", "Parent Relationship": "Outer", "Relation Name": "keyword", "Alias": "k", "Startup Cost": 0.0, "Total Cost": 2436.11, "Plan Rows": 1, "Plan Width": 20, "Actual Startup Time": 1.037, "Actual Total Time": 41.881, "Actual Rows": 1, "Actual Loops": 1, "Filter": "((keyword)::text = 'marvel-cinematic-universe'::text)", "Rows Removed by Filter": 134168}, {"Node Type": "Bitmap Heap Scan", "Parent Relationship": "Inner", "Relation Name": "movie_keyword", "Alias": "mk", "Startup Cost": 4.51, "Total Cost": 132.58, "Plan Rows": 33, "Plan Width": 8, "Actual Startup Time": 0.034, "Actual Total Time": 0.07, "Actual Rows": 14, "Actual Loops": 1, "Recheck Cond": "(keyword_id = k.id)", "Rows Removed by Index Recheck": 0, "Exact Heap Blocks": 13, "Lossy Heap Blocks": 13, "Plans": [{"Node Type": "Bitmap Index Scan", "Parent Relationship": "Outer", "Index Name": "keyword_id_movie_keyword", "Startup Cost": 0.0, "Total Cost": 4.5, "Plan Rows": 33, "Plan Width": 0, "Actual Startup Time": 0.02, "Actual Total Time": 0.02, "Actual Rows": 14, "Actual Loops": 1, "Index Cond": "(keyword_id = k.id)"}]}]}, {"Node Type": "Index Scan", "Parent Relationship": "Inner", "Scan Direction": "Forward", "Index Name": "title_pkey", "Relation Name": "title", "Alias": "t", "Startup Cost": 0.0, "Total Cost": 0.31, "Plan Rows": 1, "Plan Width": 21, "Actual Startup Time": 0.107, "Actual Total Time": 0.107, "Actual Rows": 11, "Actual Loops": 14, "Index Cond": "(id = mk.movie_id)", "Rows Removed by Index Recheck": 0, "Filter": "(production_year > 2010)", "Rows Removed by Filter": 3}]}, {"Node Type": "Index Scan", "Parent Relationship": "Inner", "Scan Direction": "Forward", "Index Name": "movie_id_cast_info", "Relation Name": "cast_info", "Alias": "ci", "Startup Cost": 0.0, "Total Cost": 0.7, "Plan Rows": 6, "Plan Width": 8, "Actual Startup Time": 0.149, "Actual Total Time": 2.015, "Actual Rows": 1224, "Actual Loops": 11, "Index Cond": "(movie_id = mk.movie_id)", "Rows Removed by Index Recheck": 0}]}, {"Node Type": "Index Scan", "Parent Relationship": "Inner", "Scan Direction": "Forward", "Index Name": "name_pkey", "Relation Name": "name", "Alias": "n", "Startup Cost": 0.0, "Total Cost": 0.28, "Plan Rows": 1, "Plan Width": 19, "Actual Startup Time": 6.507, "Actual Total Time": 6.507, "Actual Rows": 6, "Actual Loops": 1224, "Index Cond": "(id = ci.person_id)", "Rows Removed by Index Recheck": 0, "Filter": "((name)::text ~~ '%Downey%Robert%'::text)", "Rows Removed by Filter": 1218}]}]}, "Triggers": [], "Planner Runtime": 7.092, "Total Runtime": 52.059, "Unique SQL Id": 4208751436}}, "(1, '69')": {"explain_plan": {"Plan": {"Node Type": "Aggregate", "Strategy": "Plain", "Startup Cost": 3418.58, "Total Cost": 3418.59, "Plan Rows": 1, "Plan Width": 144, "Plans": [{"Node Type": "Nested Loop", "Parent Relationship": "Outer", "Join Type": "Inner", "Startup Cost": 4.51, "Total Cost": 3417.51, "Plan Rows": 143, "Plan Width": 48, "Inner Unique": true, "Plans": [{"Node Type": "Nested Loop", "Parent Relationship": "Outer", "Join Type": "Inner", "Startup Cost": 4.51, "Total Cost": 3354.32, "Plan Rows": 218, "Plan Width": 37, "Inner Unique": false, "Join Filter": "(t.id = ci.movie_id)", "Plans": [{"Node Type": "Nested Loop", "Parent Relationship": "Outer", "Join Type": "Inner", "Startup Cost": 4.51, "Total Cost": 3326.24, "Plan Rows": 36, "Plan Width": 41, "Inner Unique": true, "Plans": [{"Node Type": "Nested Loop", "Parent Relationship": "Outer", "Join Type": "Inner", "Startup Cost": 4.51, "Total Cost": 3315.63, "Plan Rows": 33, "Plan Width": 20, "Inner Unique": false, "Plans": [{"Node Type": "Index Scan", "Parent Relationship": "Outer", "Scan Direction": "Forward", "Index Name": "keyword_pkey", "Relation Name": "keyword", "Alias": "k", "Startup Cost": 0.0, "Total Cost": 3182.72, "Plan Rows": 1, "Plan Width": 20, "Filter": "((keyword)::text = 'marvel-cinematic-universe'::text)"}, {"Node Type": "Bitmap Heap Scan", "Parent Relationship": "Inner", "Relation Name": "movie_keyword", "Alias": "mk", "Startup Cost": 4.51, "Total Cost": 132.58, "Plan Rows": 33, "Plan Width": 8, "Recheck Cond": "(keyword_id = k.id)", "Plans": [{"Node Type": "Bitmap Index Scan", "Parent Relationship": "Outer", "Index Name": "keyword_id_movie_keyword", "Startup Cost": 0.0, "Total Cost": 4.5, "Plan Rows": 33, "Plan Width": 0, "Index Cond": "(keyword_id = k.id)"}]}]}, {"Node Type": "Index Scan", "Parent Relationship": "Inner", "Scan Direction": "Forward", "Index Name": "title_pkey", "Relation Name": "title", "Alias": "t", "Startup Cost": 0.0, "Total Cost": 0.31, "Plan Rows": 1, "Plan Width": 21, "Index Cond": "(id = mk.movie_id)", "Filter": "(production_year > 2010)"}]}, {"Node Type": "Index Scan", "Parent Relationship": "Inner", "Scan Direction": "Forward", "Index Name": "movie_id_cast_info", "Relation Name": "cast_info", "Alias": "ci", "Startup Cost": 0.0, "Total Cost": 0.7, "Plan Rows": 6, "Plan Width": 8, "Index Cond": "(movie_id = mk.movie_id)"}]}, {"Node Type": "Index Scan", "Parent Relationship": "Inner", "Scan Direction": "Forward", "Index Name": "name_pkey", "Relation Name": "name", "Alias": "n", "Startup Cost": 0.0, "Total Cost": 0.28, "Plan Rows": 1, "Plan Width": 19, "Index Cond": "(id = ci.person_id)", "Filter": "((name)::text ~~ '%Downey%Robert%'::text)"}]}]}, "Unique SQL Id": 4208751436, "Planner Runtime": 6}, "explain_analyze_plan": null}, "(1, '70')": {"explain_plan": {"Plan": {"Node Type": "Aggregate", "Strategy": "Plain", "Startup Cost": 3810.23, "Total Cost": 3810.24, "Plan Rows": 1, "Plan Width": 144, "Plans": [{"Node Type": "Nested Loop", "Parent Relationship": "Outer", "Join Type": "Inner", "Startup Cost": 5.45, "Total Cost": 3809.16, "Plan Rows": 143, "Plan Width": 48, "Inner Unique": true, "Plans": [{"Node Type": "Nested Loop", "Parent Relationship": "Outer", "Join Type": "Inner", "Startup Cost": 5.19, "Total Cost": 2875.14, "Plan Rows": 218, "Plan Width": 37, "Inner Unique": false, "Join Filter": "(t.id = ci.movie_id)", "Plans": [{"Node Type": "Nested Loop", "Parent Relationship": "Outer", "Join Type": "Inner", "Startup Cost": 4.77, "Total Cost": 2710.63, "Plan Rows": 36, "Plan Width": 41, "Inner Unique": true, "Plans": [{"Node Type": "Nested Loop", "Parent Relationship": "Outer", "Join Type": "Inner", "Startup Cost": 4.51, "Total Cost": 2569.02, "Plan Rows": 33, "Plan Width": 20, "Inner Unique": false, "Plans": [{"Node Type": "Seq Scan", "Parent Relationship": "Outer", "Relation Name": "keyword", "Alias": "k", "Startup Cost": 0.0, "Total Cost": 2436.11, "Plan Rows": 1, "Plan Width": 20, "Filter": "((keyword)::text = 'marvel-cinematic-universe'::text)"}, {"Node Type": "Bitmap Heap Scan", "Parent Relationship": "Inner", "Relation Name": "movie_keyword", "Alias": "mk", "Startup Cost": 4.51, "Total Cost": 132.58, "Plan Rows": 33, "Plan Width": 8, "Recheck Cond": "(keyword_id = k.id)", "Plans": [{"Node Type": "Bitmap Index Scan", "Parent Relationship": "Outer", "Index Name": "keyword_id_movie_keyword", "Startup Cost": 0.0, "Total Cost": 4.5, "Plan Rows": 33, "Plan Width": 0, "Index Cond": "(keyword_id = k.id)"}]}]}, {"Node Type": "Bitmap Heap Scan", "Parent Relationship": "Inner", "Relation Name": "title", "Alias": "t", "Startup Cost": 0.27, "Total Cost": 4.28, "Plan Rows": 1, "Plan Width": 21, "Recheck Cond": "(id = mk.movie_id)", "Filter": "(production_year > 2010)", "Plans": [{"Node Type": "Bitmap Index Scan", "Parent Relationship": "Outer", "Index Name": "title_pkey", "Startup Cost": 0.0, "Total Cost": 0.27, "Plan Rows": 1, "Plan Width": 0, "Index Cond": "(id = mk.movie_id)"}]}]}, {"Node Type": "Bitmap Heap Scan", "Parent Relationship": "Inner", "Relation Name": "cast_info", "Alias": "ci", "Startup Cost": 0.42, "Total Cost": 4.49, "Plan Rows": 6, "Plan Width": 8, "Recheck Cond": "(movie_id = mk.movie_id)", "Plans": [{"Node Type": "Bitmap Index Scan", "Parent Relationship": "Outer", "Index Name": "movie_id_cast_info", "Startup Cost": 0.0, "Total Cost": 0.42, "Plan Rows": 6, "Plan Width": 0, "Index Cond": "(movie_id = mk.movie_id)"}]}]}, {"Node Type": "Bitmap Heap Scan", "Parent Relationship": "Inner", "Relation Name": "name", "Alias": "n", "Startup Cost": 0.26, "Total Cost": 4.27, "Plan Rows": 1, "Plan Width": 19, "Recheck Cond": "(id = ci.person_id)", "Filter": "((name)::text ~~ '%Downey%Robert%'::text)", "Plans": [{"Node Type": "Bitmap Index Scan", "Parent Relationship": "Outer", "Index Name": "name_pkey", "Startup Cost": 0.0, "Total Cost": 0.26, "Plan Rows": 1, "Plan Width": 0, "Index Cond": "(id = ci.person_id)"}]}]}]}, "Unique SQL Id": 4208751436, "Planner Runtime": 5}, "explain_analyze_plan": {"Plan": {"Node Type": "Aggregate", "Strategy": "Plain", "Startup Cost": 3810.23, "Total Cost": 3810.24, "Plan Rows": 1, "Plan Width": 144, "Actual Startup Time": 52.817, "Actual Total Time": 52.817, "Actual Rows": 1, "Actual Loops": 1, "Plans": [{"Node Type": "Nested Loop", "Parent Relationship": "Outer", "Join Type": "Inner", "Startup Cost": 5.45, "Total Cost": 3809.16, "Plan Rows": 143, "Plan Width": 48, "Actual Startup Time": 3.321, "Actual Total Time": 52.782, "Actual Rows": 6, "Actual Loops": 1, "Inner Unique": true, "Plans": [{"Node Type": "Nested Loop", "Parent Relationship": "Outer", "Join Type": "Inner", "Startup Cost": 5.19, "Total Cost": 2875.14, "Plan Rows": 218, "Plan Width": 37, "Actual Startup Time": 1.135, "Actual Total Time": 43.931, "Actual Rows": 1224, "Actual Loops": 1, "Inner Unique": false, "Join Filter": "(t.id = ci.movie_id)", "Rows Removed by Join Filter": 0, "Plans": [{"Node Type": "Nested Loop", "Parent Relationship": "Outer", "Join Type": "Inner", "Startup Cost": 4.77, "Total Cost": 2710.63, "Plan Rows": 36, "Plan Width": 41, "Actual Startup Time": 1.105, "Actual Total Time": 40.655, "Actual Rows": 11, "Actual Loops": 1, "Inner Unique": true, "Plans": [{"Node Type": "Nested Loop", "Parent Relationship": "Outer", "Join Type": "Inner", "Startup Cost": 4.51, "Total Cost": 2569.02, "Plan Rows": 33, "Plan Width": 20, "Actual Startup Time": 1.087, "Actual Total Time": 40.509, "Actual Rows": 14, "Actual Loops": 1, "Inner Unique": false, "Plans": [{"Node Type": "Seq Scan", "Parent Relationship": "Outer", "Relation Name": "keyword", "Alias": "k", "Startup Cost": 0.0, "Total Cost": 2436.11, "Plan Rows": 1, "Plan Width": 20, "Actual Startup Time": 1.051, "Actual Total Time": 40.437, "Actual Rows": 1, "Actual Loops": 1, "Filter": "((keyword)::text = 'marvel-cinematic-universe'::text)", "Rows Removed by Filter": 134168}, {"Node Type": "Bitmap Heap Scan", "Parent Relationship": "Inner", "Relation Name": "movie_keyword", "Alias": "mk", "Startup Cost": 4.51, "Total Cost": 132.58, "Plan Rows": 33, "Plan Width": 8, "Actual Startup Time": 0.03, "Actual Total Time": 0.06, "Actual Rows": 14, "Actual Loops": 1, "Recheck Cond": "(keyword_id = k.id)", "Rows Removed by Index Recheck": 0, "Exact Heap Blocks": 13, "Lossy Heap Blocks": 13, "Plans": [{"Node Type": "Bitmap Index Scan", "Parent Relationship": "Outer", "Index Name": "keyword_id_movie_keyword", "Startup Cost": 0.0, "Total Cost": 4.5, "Plan Rows": 33, "Plan Width": 0, "Actual Startup Time": 0.019, "Actual Total Time": 0.019, "Actual Rows": 14, "Actual Loops": 1, "Index Cond": "(keyword_id = k.id)"}]}]}, {"Node Type": "Bitmap Heap Scan", "Parent Relationship": "Inner", "Relation Name": "title", "Alias": "t", "Startup Cost": 0.27, "Total Cost": 4.28, "Plan Rows": 1, "Plan Width": 21, "Actual Startup Time": 0.114, "Actual Total Time": 0.114, "Actual Rows": 11, "Actual Loops": 14, "Recheck Cond": "(id = mk.movie_id)", "Rows Removed by Index Recheck": 0, "Filter": "(production_year > 2010)", "Rows Removed by Filter": 3, "Exact Heap Blocks": 14, "Lossy Heap Blocks": 14, "Plans": [{"Node Type": "Bitmap Index Scan", "Parent Relationship": "Outer", "Index Name": "title_pkey", "Startup Cost": 0.0, "Total Cost": 0.27, "Plan Rows": 1, "Plan Width": 0, "Actual Startup Time": 0.068, "Actual Total Time": 0.068, "Actual Rows": 14, "Actual Loops": 14, "Index Cond": "(id = mk.movie_id)"}]}]}, {"Node Type": "Bitmap Heap Scan", "Parent Relationship": "Inner", "Relation Name": "cast_info", "Alias": "ci", "Startup Cost": 0.42, "Total Cost": 4.49, "Plan Rows": 6, "Plan Width": 8, "Actual Startup Time": 0.579, "Actual Total Time": 2.712, "Actual Rows": 1224, "Actual Loops": 11, "Recheck Cond": "(movie_id = mk.movie_id)", "Rows Removed by Index Recheck": 0, "Exact Heap Blocks": 1166, "Lossy Heap Blocks": 1166, "Plans": [{"Node Type": "Bitmap Index Scan", "Parent Relationship": "Outer", "Index Name": "movie_id_cast_info", "Startup Cost": 0.0, "Total Cost": 0.42, "Plan Rows": 6, "Plan Width": 0, "Actual Startup Time": 0.364, "Actual Total Time": 0.364, "Actual Rows": 1224, "Actual Loops": 11, "Index Cond": "(movie_id = mk.movie_id)"}]}]}, {"Node Type": "Bitmap Heap Scan", "Parent Relationship": "Inner", "Relation Name": "name", "Alias": "n", "Startup Cost": 0.26, "Total Cost": 4.27, "Plan Rows": 1, "Plan Width": 19, "Actual Startup Time": 7.466, "Actual Total Time": 7.466, "Actual Rows": 6, "Actual Loops": 1224, "Recheck Cond": "(id = ci.person_id)", "Rows Removed by Index Recheck": 0, "Filter": "((name)::text ~~ '%Downey%Robert%'::text)", "Rows Removed by Filter": 1218, "Exact Heap Blocks": 1224, "Lossy Heap Blocks": 1224, "Plans": [{"Node Type": "Bitmap Index Scan", "Parent Relationship": "Outer", "Index Name": "name_pkey", "Startup Cost": 0.0, "Total Cost": 0.26, "Plan Rows": 1, "Plan Width": 0, "Actual Startup Time": 4.426, "Actual Total Time": 4.426, "Actual Rows": 1224, "Actual Loops": 1224, "Index Cond": "(id = ci.person_id)"}]}]}]}, "Triggers": [], "Planner Runtime": 5.916, "Total Runtime": 53.054, "Unique SQL Id": 4208751436}}, "(1, '71')": {"explain_plan": {"Plan": {"Node Type": "Aggregate", "Strategy": "Plain", "Startup Cost": 1000034676559.16, "Total Cost": 1000034676559.17, "Plan Rows": 1, "Plan Width": 144, "Plans": [{"Node Type": "Nested Loop", "Parent Relationship": "Outer", "Join Type": "Inner", "Startup Cost": 10000000001.2, "Total Cost": 1000034676559.15, "Plan Rows": 1, "Plan Width": 48, "Inner Unique": true, "Join Filter": "(mk.movie_id = t.id)", "Plans": [{"Node Type": "Nested Loop", "Parent Relationship": "Outer", "Join Type": "Inner", "Startup Cost": 10000000000.94, "Total Cost": 1000034676554.87, "Plan Rows": 1, "Plan Width": 39, "Inner Unique": true, "Plans": [{"Node Type": "Nested Loop", "Parent Relationship": "Outer", "Join Type": "Inner", "Startup Cost": 10000000000.68, "Total Cost": 1000034675689.4, "Plan Rows": 202, "Plan Width": 28, "Inner Unique": false, "Plans": [{"Node Type": "Nested Loop", "Parent Relationship": "Outer", "Join Type": "Inner", "Startup Cost": 10000000000.26, "Total Cost": 1000034675539.09, "Plan Rows": 33, "Plan Width": 20, "Inner Unique": true, "Plans": [{"Node Type": "Index Scan", "Parent Relationship": "Outer", "Scan Direction": "Forward", "Index Name": "movie_id_movie_keyword", "Relation Name": "movie_keyword", "Alias": "mk", "Startup Cost": 10000000000.0, "Total Cost": 1000015300634.17, "Plan Rows": 4523929, "Plan Width": 8}, {"Node Type": "Bitmap Heap Scan", "Parent Relationship": "Inner", "Relation Name": "keyword", "Alias": "k", "Startup Cost": 0.26, "Total Cost": 4.27, "Plan Rows": 1, "Plan Width": 20, "Recheck Cond": "(id = mk.keyword_id)", "Filter": "((keyword)::text = 'marvel-cinematic-universe'::text)", "Plans": [{"Node Type": "Bitmap Index Scan", "Parent Relationship": "Outer", "Index Name": "keyword_pkey", "Startup Cost": 0.0, "Total Cost": 0.26, "Plan Rows": 1, "Plan Width": 0, "Index Cond": "(id = mk.keyword_id)"}]}]}, {"Node Type": "Bitmap Heap Scan", "Parent Relationship": "Inner", "Relation Name": "cast_info", "Alias": "ci", "Startup Cost": 0.42, "Total Cost": 4.49, "Plan Rows": 6, "Plan Width": 8, "Recheck Cond": "(movie_id = mk.movie_id)", "Plans": [{"Node Type": "Bitmap Index Scan", "Parent Relationship": "Outer", "Index Name": "movie_id_cast_info", "Startup Cost": 0.0, "Total Cost": 0.42, "Plan Rows": 6, "Plan Width": 0, "Index Cond": "(movie_id = mk.movie_id)"}]}]}, {"Node Type": "Bitmap Heap Scan", "Parent Relationship": "Inner", "Relation Name": "name", "Alias": "n", "Startup Cost": 0.26, "Total Cost": 4.27, "Plan Rows": 1, "Plan Width": 19, "Recheck Cond": "(id = ci.person_id)", "Filter": "((name)::text ~~ '%Downey%Robert%'::text)", "Plans": [{"Node Type": "Bitmap Index Scan", "Parent Relationship": "Outer", "Index Name": "name_pkey", "Startup Cost": 0.0, "Total Cost": 0.26, "Plan Rows": 1, "Plan Width": 0, "Index Cond": "(id = ci.person_id)"}]}]}, {"Node Type": "Bitmap Heap Scan", "Parent Relationship": "Inner", "Relation Name": "title", "Alias": "t", "Startup Cost": 0.26, "Total Cost": 4.27, "Plan Rows": 1, "Plan Width": 21, "Recheck Cond": "(id = ci.movie_id)", "Filter": "(production_year > 2010)", "Plans": [{"Node Type": "Bitmap Index Scan", "Parent Relationship": "Outer", "Index Name": "title_pkey", "Startup Cost": 0.0, "Total Cost": 0.26, "Plan Rows": 1, "Plan Width": 0, "Index Cond": "(id = ci.movie_id)"}]}]}]}, "Unique SQL Id": 4208751436, "Planner Runtime": 2}, "explain_analyze_plan": null}, "(1, '72')": {"explain_plan": {"Plan": {"Node Type": "Aggregate", "Strategy": "Plain", "Startup Cost": 2676.27, "Total Cost": 2676.28, "Plan Rows": 1, "Plan Width": 144, "Plans": [{"Node Type": "Nested Loop", "Parent Relationship": "Outer", "Join Type": "Inner", "Startup Cost": 0.0, "Total Cost": 2675.2, "Plan Rows": 143, "Plan Width": 48, "Inner Unique": true, "Plans": [{"Node Type": "Nested Loop", "Parent Relationship": "Outer", "Join Type": "Inner", "Startup Cost": 0.0, "Total Cost": 2612.01, "Plan Rows": 218, "Plan Width": 37, "Inner Unique": false, "Join Filter": "(t.id = ci.movie_id)", "Plans": [{"Node Type": "Nested Loop", "Parent Relationship": "Outer", "Join Type": "Inner", "Startup Cost": 0.0, "Total Cost": 2583.93, "Plan Rows": 36, "Plan Width": 41, "Inner Unique": true, "Plans": [{"Node Type": "Nested Loop", "Parent Relationship": "Outer", "Join Type": "Inner", "Startup Cost": 0.0, "Total Cost": 2573.32, "Plan Rows": 33, "Plan Width": 20, "Inner Unique": false, "Plans": [{"Node Type": "Seq Scan", "Parent Relationship": "Outer", "Relation Name": "keyword", "Alias": "k", "Startup Cost": 0.0, "Total Cost": 2436.11, "Plan Rows": 1, "Plan Width": 20, "Filter": "((keyword)::text = 'marvel-cinematic-universe'::text)"}, {"Node Type": "Index Scan", "Parent Relationship": "Inner", "Scan Direction": "Forward", "Index Name": "keyword_id_movie_keyword", "Relation Name": "movie_keyword", "Alias": "mk", "Startup Cost": 0.0, "Total Cost": 136.88, "Plan Rows": 33, "Plan Width": 8, "Index Cond": "(keyword_id = k.id)"}]}, {"Node Type": "Index Scan", "Parent Relationship": "Inner", "Scan Direction": "Forward", "Index Name": "title_pkey", "Relation Name": "title", "Alias": "t", "Startup Cost": 0.0, "Total Cost": 0.31, "Plan Rows": 1, "Plan Width": 21, "Index Cond": "(id = mk.movie_id)", "Filter": "(production_year > 2010)"}]}, {"Node Type": "Index Scan", "Parent Relationship": "Inner", "Scan Direction": "Forward", "Index Name": "movie_id_cast_info", "Relation Name": "cast_info", "Alias": "ci", "Startup Cost": 0.0, "Total Cost": 0.7, "Plan Rows": 6, "Plan Width": 8, "Index Cond": "(movie_id = mk.movie_id)"}]}, {"Node Type": "Index Scan", "Parent Relationship": "Inner", "Scan Direction": "Forward", "Index Name": "name_pkey", "Relation Name": "name", "Alias": "n", "Startup Cost": 0.0, "Total Cost": 0.28, "Plan Rows": 1, "Plan Width": 19, "Index Cond": "(id = ci.person_id)", "Filter": "((name)::text ~~ '%Downey%Robert%'::text)"}]}]}, "Unique SQL Id": 4208751436, "Planner Runtime": 7}, "explain_analyze_plan": {"Plan": {"Node Type": "Aggregate", "Strategy": "Plain", "Startup Cost": 2676.27, "Total Cost": 2676.28, "Plan Rows": 1, "Plan Width": 144, "Actual Startup Time": 53.852, "Actual Total Time": 53.852, "Actual Rows": 1, "Actual Loops": 1, "Plans": [{"Node Type": "Nested Loop", "Parent Relationship": "Outer", "Join Type": "Inner", "Startup Cost": 0.0, "Total Cost": 2675.2, "Plan Rows": 143, "Plan Width": 48, "Actual Startup Time": 3.256, "Actual Total Time": 53.816, "Actual Rows": 6, "Actual Loops": 1, "Inner Unique": true, "Plans": [{"Node Type": "Nested Loop", "Parent Relationship": "Outer", "Join Type": "Inner", "Startup Cost": 0.0, "Total Cost": 2612.01, "Plan Rows": 218, "Plan Width": 37, "Actual Startup Time": 1.114, "Actual Total Time": 45.003, "Actual Rows": 1224, "Actual Loops": 1, "Inner Unique": false, "Join Filter": "(t.id = ci.movie_id)", "Rows Removed by Join Filter": 0, "Plans": [{"Node Type": "Nested Loop", "Parent Relationship": "Outer", "Join Type": "Inner", "Startup Cost": 0.0, "Total Cost": 2583.93, "Plan Rows": 36, "Plan Width": 41, "Actual Startup Time": 1.093, "Actual Total Time": 41.801, "Actual Rows": 11, "Actual Loops": 1, "Inner Unique": true, "Plans": [{"Node Type": "Nested Loop", "Parent Relationship": "Outer", "Join Type": "Inner", "Startup Cost": 0.0, "Total Cost": 2573.32, "Plan Rows": 33, "Plan Width": 20, "Actual Startup Time": 1.078, "Actual Total Time": 41.656, "Actual Rows": 14, "Actual Loops": 1, "Inner Unique": false, "Plans": [{"Node Type": "Seq Scan", "Parent Relationship": "Outer", "Relation Name": "keyword", "Alias": "k", "Startup Cost": 0.0, "Total Cost": 2436.11, "Plan Rows": 1, "Plan Width": 20, "Actual Startup Time": 1.056, "Actual Total Time": 41.592, "Actual Rows": 1, "Actual Loops": 1, "Filter": "((keyword)::text = 'marvel-cinematic-universe'::text)", "Rows Removed by Filter": 134168}, {"Node Type": "Index Scan", "Parent Relationship": "Inner", "Scan Direction": "Forward", "Index Name": "keyword_id_movie_keyword", "Relation Name": "movie_keyword", "Alias": "mk", "Startup Cost": 0.0, "Total Cost": 136.88, "Plan Rows": 33, "Plan Width": 8, "Actual Startup Time": 0.017, "Actual Total Time": 0.052, "Actual Rows": 14, "Actual Loops": 1, "Index Cond": "(keyword_id = k.id)", "Rows Removed by Index Recheck": 0}]}, {"Node Type": "Index Scan", "Parent Relationship": "Inner", "Scan Direction": "Forward", "Index Name": "title_pkey", "Relation Name": "title", "Alias": "t", "Startup Cost": 0.0, "Total Cost": 0.31, "Plan Rows": 1, "Plan Width": 21, "Actual Startup Time": 0.128, "Actual Total Time": 0.128, "Actual Rows": 11, "Actual Loops": 14, "Index Cond": "(id = mk.movie_id)", "Rows Removed by Index Recheck": 0, "Filter": "(production_year > 2010)", "Rows Removed by Filter": 3}]}, {"Node Type": "Index Scan", "Parent Relationship": "Inner", "Scan Direction": "Forward", "Index Name": "movie_id_cast_info", "Relation Name": "cast_info", "Alias": "ci", "Startup Cost": 0.0, "Total Cost": 0.7, "Plan Rows": 6, "Plan Width": 8, "Actual Startup Time": 0.18, "Actual Total Time": 2.714, "Actual Rows": 1224, "Actual Loops": 11, "Index Cond": "(movie_id = mk.movie_id)", "Rows Removed by Index Recheck": 0}]}, {"Node Type": "Index Scan", "Parent Relationship": "Inner", "Scan Direction": "Forward", "Index Name": "name_pkey", "Relation Name": "name", "Alias": "n", "Startup Cost": 0.0, "Total Cost": 0.28, "Plan Rows": 1, "Plan Width": 19, "Actual Startup Time": 8.191, "Actual Total Time": 8.191, "Actual Rows": 6, "Actual Loops": 1224, "Index Cond": "(id = ci.person_id)", "Rows Removed by Index Recheck": 0, "Filter": "((name)::text ~~ '%Downey%Robert%'::text)", "Rows Removed by Filter": 1218}]}]}, "Triggers": [], "Planner Runtime": 7.052, "Total Runtime": 54.126, "Unique SQL Id": 4208751436}}, "(1, '73')": {"explain_plan": {"Plan": {"Node Type": "Aggregate", "Strategy": "Plain", "Startup Cost": 3422.88, "Total Cost": 3422.89, "Plan Rows": 1, "Plan Width": 144, "Plans": [{"Node Type": "Nested Loop", "Parent Relationship": "Outer", "Join Type": "Inner", "Startup Cost": 0.0, "Total Cost": 3421.81, "Plan Rows": 143, "Plan Width": 48, "Inner Unique": true, "Plans": [{"Node Type": "Nested Loop", "Parent Relationship": "Outer", "Join Type": "Inner", "Startup Cost": 0.0, "Total Cost": 3358.61, "Plan Rows": 218, "Plan Width": 37, "Inner Unique": false, "Join Filter": "(t.id = ci.movie_id)", "Plans": [{"Node Type": "Nested Loop", "Parent Relationship": "Outer", "Join Type": "Inner", "Startup Cost": 0.0, "Total Cost": 3330.53, "Plan Rows": 36, "Plan Width": 41, "Inner Unique": true, "Plans": [{"Node Type": "Nested Loop", "Parent Relationship": "Outer", "Join Type": "Inner", "Startup Cost": 0.0, "Total Cost": 3319.92, "Plan Rows": 33, "Plan Width": 20, "Inner Unique": false, "Plans": [{"Node Type": "Index Scan", "Parent Relationship": "Outer", "Scan Direction": "Forward", "Index Name": "keyword_pkey", "Relation Name": "keyword", "Alias": "k", "Startup Cost": 0.0, "Total Cost": 3182.72, "Plan Rows": 1, "Plan Width": 20, "Filter": "((keyword)::text = 'marvel-cinematic-universe'::text)"}, {"Node Type": "Index Scan", "Parent Relationship": "Inner", "Scan Direction": "Forward", "Index Name": "keyword_id_movie_keyword", "Relation Name": "movie_keyword", "Alias": "mk", "Startup Cost": 0.0, "Total Cost": 136.88, "Plan Rows": 33, "Plan Width": 8, "Index Cond": "(keyword_id = k.id)"}]}, {"Node Type": "Index Scan", "Parent Relationship": "Inner", "Scan Direction": "Forward", "Index Name": "title_pkey", "Relation Name": "title", "Alias": "t", "Startup Cost": 0.0, "Total Cost": 0.31, "Plan Rows": 1, "Plan Width": 21, "Index Cond": "(id = mk.movie_id)", "Filter": "(production_year > 2010)"}]}, {"Node Type": "Index Scan", "Parent Relationship": "Inner", "Scan Direction": "Forward", "Index Name": "movie_id_cast_info", "Relation Name": "cast_info", "Alias": "ci", "Startup Cost": 0.0, "Total Cost": 0.7, "Plan Rows": 6, "Plan Width": 8, "Index Cond": "(movie_id = mk.movie_id)"}]}, {"Node Type": "Index Scan", "Parent Relationship": "Inner", "Scan Direction": "Forward", "Index Name": "name_pkey", "Relation Name": "name", "Alias": "n", "Startup Cost": 0.0, "Total Cost": 0.28, "Plan Rows": 1, "Plan Width": 19, "Index Cond": "(id = ci.person_id)", "Filter": "((name)::text ~~ '%Downey%Robert%'::text)"}]}]}, "Unique SQL Id": 4208751436, "Planner Runtime": 7}, "explain_analyze_plan": null}, "(1, '74')": {"explain_plan": {"Plan": {"Node Type": "Aggregate", "Strategy": "Plain", "Startup Cost": 985425.61, "Total Cost": 985425.62, "Plan Rows": 1, "Plan Width": 144, "Plans": [{"Node Type": "Hash Join", "Parent Relationship": "Outer", "Join Type": "Inner", "Startup Cost": 247570.71, "Total Cost": 985424.53, "Plan Rows": 143, "Plan Width": 48, "Inner Unique": true, "Hash Cond": "(ci.person_id = n.id)", "Plans": [{"Node Type": "Hash Join", "Parent Relationship": "Outer", "Join Type": "Inner", "Startup Cost": 144074.89, "Total Cost": 881928.14, "Plan Rows": 218, "Plan Width": 37, "Inner Unique": false, "Hash Cond": "(ci.movie_id = t.id)", "Plans": [{"Node Type": "Seq Scan", "Parent Relationship": "Outer", "Relation Name": "cast_info", "Alias": "ci", "Startup Cost": 0.0, "Total Cost": 601877.94, "Plan Rows": 36259494, "Plan Width": 8}, {"Node Type": "Hash", "Parent Relationship": "Inner", "Startup Cost": 144074.44, "Total Cost": 144074.44, "Plan Rows": 36, "Plan Width": 41, "Plans": [{"Node Type": "Hash Join", "Parent Relationship": "Outer", "Join Type": "Inner", "Startup Cost": 76216.26, "Total Cost": 144074.44, "Plan Rows": 36, "Plan Width": 41, "Inner Unique": false, "Hash Cond": "(t.id = mk.movie_id)", "Plans": [{"Node Type": "Seq Scan", "Parent Relationship": "Outer", "Relation Name": "title", "Alias": "t", "Startup Cost": 0.0, "Total Cost": 66389.89, "Plan Rows": 391451, "Plan Width": 21, "Filter": "(production_year > 2010), (LLVM Optimized)"}, {"Node Type": "Hash", "Parent Relationship": "Inner", "Startup Cost": 76215.84, "Total Cost": 76215.84, "Plan Rows": 33, "Plan Width": 20, "Plans": [{"Node Type": "Hash Join", "Parent Relationship": "Outer", "Join Type": "Inner", "Startup Cost": 2436.12, "Total Cost": 76215.84, "Plan Rows": 33, "Plan Width": 20, "Inner Unique": true, "Hash Cond": "(mk.keyword_id = k.id)", "Plans": [{"Node Type": "Seq Scan", "Parent Relationship": "Outer", "Relation Name": "movie_keyword", "Alias": "mk", "Startup Cost": 0.0, "Total Cost": 62441.29, "Plan Rows": 4523929, "Plan Width": 8}, {"Node Type": "Hash", "Parent Relationship": "Inner", "Startup Cost": 2436.11, "Total Cost": 2436.11, "Plan Rows": 1, "Plan Width": 20, "Plans": [{"Node Type": "Seq Scan", "Parent Relationship": "Outer", "Relation Name": "keyword", "Alias": "k", "Startup Cost": 0.0, "Total Cost": 2436.11, "Plan Rows": 1, "Plan Width": 20, "Filter": "((keyword)::text = 'marvel-cinematic-universe'::text)"}]}]}]}]}]}]}, {"Node Type": "Hash", "Parent Relationship": "Inner", "Startup Cost": 103490.62, "Total Cost": 103490.62, "Plan Rows": 415, "Plan Width": 19, "Plans": [{"Node Type": "Seq Scan", "Parent Relationship": "Outer", "Relation Name": "name", "Alias": "n", "Startup Cost": 0.0, "Total Cost": 103490.62, "Plan Rows": 415, "Plan Width": 19, "Filter": "((name)::text ~~ '%Downey%Robert%'::text)"}]}]}]}, "Unique SQL Id": 4208751436, "Planner Runtime": 7}, "explain_analyze_plan": null}, "(1, '75')": {"explain_plan": {"Plan": {"Node Type": "Aggregate", "Strategy": "Plain", "Startup Cost": 4997516136472.81, "Total Cost": 4997516136472.82, "Plan Rows": 1, "Plan Width": 144, "Plans": [{"Node Type": "Hash Join", "Parent Relationship": "Outer", "Join Type": "Inner", "Startup Cost": 2030146687706.4, "Total Cost": 4997516136471.18, "Plan Rows": 218, "Plan Width": 48, "Inner Unique": true, "Hash Cond": "(ci.person_id = n.id)", "Plans": [{"Node Type": "Hash Join", "Parent Relationship": "Outer", "Join Type": "Inner", "Startup Cost": 1030128022554.01, "Total Cost": 3997497471318.2, "Plan Rows": 218, "Plan Width": 37, "Inner Unique": true, "Hash Cond": "(mk.keyword_id = k.id)", "Plans": [{"Node Type": "Merge Join", "Parent Relationship": "Outer", "Join Type": "Inner", "Startup Cost": 30127704282.31, "Total Cost": 2997497104207.24, "Plan Rows": 19486421, "Plan Width": 25, "Inner Unique": false, "Merge Cond": "(t.id = ci.movie_id)", "Plans": [{"Node Type": "Merge Join", "Parent Relationship": "Outer", "Join Type": "Inner", "Startup Cost": 20121395931.97, "Total Cost": 1999055821179.06, "Plan Rows": 3158553, "Plan Width": 29, "Inner Unique": false, "Merge Cond": "(t.id = mk.movie_id)", "Plans": [{"Node Type": "Index Scan", "Parent Relationship": "Outer", "Scan Direction": "Forward", "Index Name": "title_pkey", "Relation Name": "title", "Alias": "t", "Startup Cost": 10000000000.0, "Total Cost": 1000011644126.66, "Plan Rows": 391451, "Plan Width": 21, "Filter": "(production_year > 2010), (LLVM Optimized)"}, {"Node Type": "Index Scan", "Parent Relationship": "Inner", "Scan Direction": "Forward", "Index Name": "movie_id_movie_keyword", "Relation Name": "movie_keyword", "Alias": "mk", "Startup Cost": 10000000000.0, "Total Cost": 1000015300634.17, "Plan Rows": 4523929, "Plan Width": 8}]}, {"Node Type": "Index Scan", "Parent Relationship": "Inner", "Scan Direction": "Forward", "Index Name": "movie_id_cast_info", "Relation Name": "cast_info", "Alias": "ci", "Startup Cost": 10000000000.0, "Total Cost": 1000205932389.3, "Plan Rows": 36259494, "Plan Width": 8}]}, {"Node Type": "Hash", "Parent Relationship": "Inner", "Startup Cost": 1000000318271.68, "Total Cost": 1000000318271.68, "Plan Rows": 1, "Plan Width": 20, "Plans": [{"Node Type": "Index Scan", "Parent Relationship": "Outer", "Scan Direction": "Forward", "Index Name": "keyword_pkey", "Relation Name": "keyword", "Alias": "k", "Startup Cost": 10000000000.0, "Total Cost": 1000000318271.68, "Plan Rows": 1, "Plan Width": 20, "Filter": "((keyword)::text = 'marvel-cinematic-universe'::text)"}]}]}, {"Node Type": "Hash", "Parent Relationship": "Inner", "Startup Cost": 1000018665147.2, "Total Cost": 1000018665147.2, "Plan Rows": 415, "Plan Width": 19, "Plans": [{"Node Type": "Index Scan", "Parent Relationship": "Outer", "Scan Direction": "Forward", "Index Name": "name_pkey", "Relation Name": "name", "Alias": "n", "Startup Cost": 10000000000.0, "Total Cost": 1000018665147.2, "Plan Rows": 415, "Plan Width": 19, "Filter": "((name)::text ~~ '%Downey%Robert%'::text)"}]}]}]}, "Unique SQL Id": 4208751436, "Planner Runtime": 10}, "explain_analyze_plan": null}, "(1, '76')": {"explain_plan": {"Plan": {"Node Type": "Aggregate", "Strategy": "Plain", "Startup Cost": 2676.27, "Total Cost": 2676.28, "Plan Rows": 1, "Plan Width": 144, "Plans": [{"Node Type": "Nested Loop", "Parent Relationship": "Outer", "Join Type": "Inner", "Startup Cost": 0.0, "Total Cost": 2675.2, "Plan Rows": 143, "Plan Width": 48, "Inner Unique": true, "Plans": [{"Node Type": "Nested Loop", "Parent Relationship": "Outer", "Join Type": "Inner", "Startup Cost": 0.0, "Total Cost": 2612.01, "Plan Rows": 218, "Plan Width": 37, "Inner Unique": false, "Join Filter": "(t.id = ci.movie_id)", "Plans": [{"Node Type": "Nested Loop", "Parent Relationship": "Outer", "Join Type": "Inner", "Startup Cost": 0.0, "Total Cost": 2583.93, "Plan Rows": 36, "Plan Width": 41, "Inner Unique": true, "Plans": [{"Node Type": "Nested Loop", "Parent Relationship": "Outer", "Join Type": "Inner", "Startup Cost": 0.0, "Total Cost": 2573.32, "Plan Rows": 33, "Plan Width": 20, "Inner Unique": false, "Plans": [{"Node Type": "Seq Scan", "Parent Relationship": "Outer", "Relation Name": "keyword", "Alias": "k", "Startup Cost": 0.0, "Total Cost": 2436.11, "Plan Rows": 1, "Plan Width": 20, "Filter": "((keyword)::text = 'marvel-cinematic-universe'::text)"}, {"Node Type": "Index Scan", "Parent Relationship": "Inner", "Scan Direction": "Forward", "Index Name": "keyword_id_movie_keyword", "Relation Name": "movie_keyword", "Alias": "mk", "Startup Cost": 0.0, "Total Cost": 136.88, "Plan Rows": 33, "Plan Width": 8, "Index Cond": "(keyword_id = k.id)"}]}, {"Node Type": "Index Scan", "Parent Relationship": "Inner", "Scan Direction": "Forward", "Index Name": "title_pkey", "Relation Name": "title", "Alias": "t", "Startup Cost": 0.0, "Total Cost": 0.31, "Plan Rows": 1, "Plan Width": 21, "Index Cond": "(id = mk.movie_id)", "Filter": "(production_year > 2010)"}]}, {"Node Type": "Index Scan", "Parent Relationship": "Inner", "Scan Direction": "Forward", "Index Name": "movie_id_cast_info", "Relation Name": "cast_info", "Alias": "ci", "Startup Cost": 0.0, "Total Cost": 0.7, "Plan Rows": 6, "Plan Width": 8, "Index Cond": "(movie_id = mk.movie_id)"}]}, {"Node Type": "Index Scan", "Parent Relationship": "Inner", "Scan Direction": "Forward", "Index Name": "name_pkey", "Relation Name": "name", "Alias": "n", "Startup Cost": 0.0, "Total Cost": 0.28, "Plan Rows": 1, "Plan Width": 19, "Index Cond": "(id = ci.person_id)", "Filter": "((name)::text ~~ '%Downey%Robert%'::text)"}]}]}, "Unique SQL Id": 4208751436, "Planner Runtime": 7}, "explain_analyze_plan": {"Plan": {"Node Type": "Aggregate", "Strategy": "Plain", "Startup Cost": 2676.27, "Total Cost": 2676.28, "Plan Rows": 1, "Plan Width": 144, "Actual Startup Time": 53.852, "Actual Total Time": 53.852, "Actual Rows": 1, "Actual Loops": 1, "Plans": [{"Node Type": "Nested Loop", "Parent Relationship": "Outer", "Join Type": "Inner", "Startup Cost": 0.0, "Total Cost": 2675.2, "Plan Rows": 143, "Plan Width": 48, "Actual Startup Time": 3.256, "Actual Total Time": 53.816, "Actual Rows": 6, "Actual Loops": 1, "Inner Unique": true, "Plans": [{"Node Type": "Nested Loop", "Parent Relationship": "Outer", "Join Type": "Inner", "Startup Cost": 0.0, "Total Cost": 2612.01, "Plan Rows": 218, "Plan Width": 37, "Actual Startup Time": 1.114, "Actual Total Time": 45.003, "Actual Rows": 1224, "Actual Loops": 1, "Inner Unique": false, "Join Filter": "(t.id = ci.movie_id)", "Rows Removed by Join Filter": 0, "Plans": [{"Node Type": "Nested Loop", "Parent Relationship": "Outer", "Join Type": "Inner", "Startup Cost": 0.0, "Total Cost": 2583.93, "Plan Rows": 36, "Plan Width": 41, "Actual Startup Time": 1.093, "Actual Total Time": 41.801, "Actual Rows": 11, "Actual Loops": 1, "Inner Unique": true, "Plans": [{"Node Type": "Nested Loop", "Parent Relationship": "Outer", "Join Type": "Inner", "Startup Cost": 0.0, "Total Cost": 2573.32, "Plan Rows": 33, "Plan Width": 20, "Actual Startup Time": 1.078, "Actual Total Time": 41.656, "Actual Rows": 14, "Actual Loops": 1, "Inner Unique": false, "Plans": [{"Node Type": "Seq Scan", "Parent Relationship": "Outer", "Relation Name": "keyword", "Alias": "k", "Startup Cost": 0.0, "Total Cost": 2436.11, "Plan Rows": 1, "Plan Width": 20, "Actual Startup Time": 1.056, "Actual Total Time": 41.592, "Actual Rows": 1, "Actual Loops": 1, "Filter": "((keyword)::text = 'marvel-cinematic-universe'::text)", "Rows Removed by Filter": 134168}, {"Node Type": "Index Scan", "Parent Relationship": "Inner", "Scan Direction": "Forward", "Index Name": "keyword_id_movie_keyword", "Relation Name": "movie_keyword", "Alias": "mk", "Startup Cost": 0.0, "Total Cost": 136.88, "Plan Rows": 33, "Plan Width": 8, "Actual Startup Time": 0.017, "Actual Total Time": 0.052, "Actual Rows": 14, "Actual Loops": 1, "Index Cond": "(keyword_id = k.id)", "Rows Removed by Index Recheck": 0}]}, {"Node Type": "Index Scan", "Parent Relationship": "Inner", "Scan Direction": "Forward", "Index Name": "title_pkey", "Relation Name": "title", "Alias": "t", "Startup Cost": 0.0, "Total Cost": 0.31, "Plan Rows": 1, "Plan Width": 21, "Actual Startup Time": 0.128, "Actual Total Time": 0.128, "Actual Rows": 11, "Actual Loops": 14, "Index Cond": "(id = mk.movie_id)", "Rows Removed by Index Recheck": 0, "Filter": "(production_year > 2010)", "Rows Removed by Filter": 3}]}, {"Node Type": "Index Scan", "Parent Relationship": "Inner", "Scan Direction": "Forward", "Index Name": "movie_id_cast_info", "Relation Name": "cast_info", "Alias": "ci", "Startup Cost": 0.0, "Total Cost": 0.7, "Plan Rows": 6, "Plan Width": 8, "Actual Startup Time": 0.18, "Actual Total Time": 2.714, "Actual Rows": 1224, "Actual Loops": 11, "Index Cond": "(movie_id = mk.movie_id)", "Rows Removed by Index Recheck": 0}]}, {"Node Type": "Index Scan", "Parent Relationship": "Inner", "Scan Direction": "Forward", "Index Name": "name_pkey", "Relation Name": "name", "Alias": "n", "Startup Cost": 0.0, "Total Cost": 0.28, "Plan Rows": 1, "Plan Width": 19, "Actual Startup Time": 8.191, "Actual Total Time": 8.191, "Actual Rows": 6, "Actual Loops": 1224, "Index Cond": "(id = ci.person_id)", "Rows Removed by Index Recheck": 0, "Filter": "((name)::text ~~ '%Downey%Robert%'::text)", "Rows Removed by Filter": 1218}]}]}, "Triggers": [], "Planner Runtime": 7.052, "Total Runtime": 54.126, "Unique SQL Id": 4208751436}}, "(1, '77')": {"explain_plan": {"Plan": {"Node Type": "Aggregate", "Strategy": "Plain", "Startup Cost": 3422.88, "Total Cost": 3422.89, "Plan Rows": 1, "Plan Width": 144, "Plans": [{"Node Type": "Nested Loop", "Parent Relationship": "Outer", "Join Type": "Inner", "Startup Cost": 0.0, "Total Cost": 3421.81, "Plan Rows": 143, "Plan Width": 48, "Inner Unique": true, "Plans": [{"Node Type": "Nested Loop", "Parent Relationship": "Outer", "Join Type": "Inner", "Startup Cost": 0.0, "Total Cost": 3358.61, "Plan Rows": 218, "Plan Width": 37, "Inner Unique": false, "Join Filter": "(t.id = ci.movie_id)", "Plans": [{"Node Type": "Nested Loop", "Parent Relationship": "Outer", "Join Type": "Inner", "Startup Cost": 0.0, "Total Cost": 3330.53, "Plan Rows": 36, "Plan Width": 41, "Inner Unique": true, "Plans": [{"Node Type": "Nested Loop", "Parent Relationship": "Outer", "Join Type": "Inner", "Startup Cost": 0.0, "Total Cost": 3319.92, "Plan Rows": 33, "Plan Width": 20, "Inner Unique": false, "Plans": [{"Node Type": "Index Scan", "Parent Relationship": "Outer", "Scan Direction": "Forward", "Index Name": "keyword_pkey", "Relation Name": "keyword", "Alias": "k", "Startup Cost": 0.0, "Total Cost": 3182.72, "Plan Rows": 1, "Plan Width": 20, "Filter": "((keyword)::text = 'marvel-cinematic-universe'::text)"}, {"Node Type": "Index Scan", "Parent Relationship": "Inner", "Scan Direction": "Forward", "Index Name": "keyword_id_movie_keyword", "Relation Name": "movie_keyword", "Alias": "mk", "Startup Cost": 0.0, "Total Cost": 136.88, "Plan Rows": 33, "Plan Width": 8, "Index Cond": "(keyword_id = k.id)"}]}, {"Node Type": "Index Scan", "Parent Relationship": "Inner", "Scan Direction": "Forward", "Index Name": "title_pkey", "Relation Name": "title", "Alias": "t", "Startup Cost": 0.0, "Total Cost": 0.31, "Plan Rows": 1, "Plan Width": 21, "Index Cond": "(id = mk.movie_id)", "Filter": "(production_year > 2010)"}]}, {"Node Type": "Index Scan", "Parent Relationship": "Inner", "Scan Direction": "Forward", "Index Name": "movie_id_cast_info", "Relation Name": "cast_info", "Alias": "ci", "Startup Cost": 0.0, "Total Cost": 0.7, "Plan Rows": 6, "Plan Width": 8, "Index Cond": "(movie_id = mk.movie_id)"}]}, {"Node Type": "Index Scan", "Parent Relationship": "Inner", "Scan Direction": "Forward", "Index Name": "name_pkey", "Relation Name": "name", "Alias": "n", "Startup Cost": 0.0, "Total Cost": 0.28, "Plan Rows": 1, "Plan Width": 19, "Index Cond": "(id = ci.person_id)", "Filter": "((name)::text ~~ '%Downey%Robert%'::text)"}]}]}, "Unique SQL Id": 4208751436, "Planner Runtime": 6}, "explain_analyze_plan": null}, "(1, '78')": {"explain_plan": {"Plan": {"Node Type": "Aggregate", "Strategy": "Plain", "Startup Cost": 985425.61, "Total Cost": 985425.62, "Plan Rows": 1, "Plan Width": 144, "Plans": [{"Node Type": "Hash Join", "Parent Relationship": "Outer", "Join Type": "Inner", "Startup Cost": 247570.71, "Total Cost": 985424.53, "Plan Rows": 143, "Plan Width": 48, "Inner Unique": true, "Hash Cond": "(ci.person_id = n.id)", "Plans": [{"Node Type": "Hash Join", "Parent Relationship": "Outer", "Join Type": "Inner", "Startup Cost": 144074.89, "Total Cost": 881928.14, "Plan Rows": 218, "Plan Width": 37, "Inner Unique": false, "Hash Cond": "(ci.movie_id = t.id)", "Plans": [{"Node Type": "Seq Scan", "Parent Relationship": "Outer", "Relation Name": "cast_info", "Alias": "ci", "Startup Cost": 0.0, "Total Cost": 601877.94, "Plan Rows": 36259494, "Plan Width": 8}, {"Node Type": "Hash", "Parent Relationship": "Inner", "Startup Cost": 144074.44, "Total Cost": 144074.44, "Plan Rows": 36, "Plan Width": 41, "Plans": [{"Node Type": "Hash Join", "Parent Relationship": "Outer", "Join Type": "Inner", "Startup Cost": 76216.26, "Total Cost": 144074.44, "Plan Rows": 36, "Plan Width": 41, "Inner Unique": false, "Hash Cond": "(t.id = mk.movie_id)", "Plans": [{"Node Type": "Seq Scan", "Parent Relationship": "Outer", "Relation Name": "title", "Alias": "t", "Startup Cost": 0.0, "Total Cost": 66389.89, "Plan Rows": 391451, "Plan Width": 21, "Filter": "(production_year > 2010), (LLVM Optimized)"}, {"Node Type": "Hash", "Parent Relationship": "Inner", "Startup Cost": 76215.84, "Total Cost": 76215.84, "Plan Rows": 33, "Plan Width": 20, "Plans": [{"Node Type": "Hash Join", "Parent Relationship": "Outer", "Join Type": "Inner", "Startup Cost": 2436.12, "Total Cost": 76215.84, "Plan Rows": 33, "Plan Width": 20, "Inner Unique": true, "Hash Cond": "(mk.keyword_id = k.id)", "Plans": [{"Node Type": "Seq Scan", "Parent Relationship": "Outer", "Relation Name": "movie_keyword", "Alias": "mk", "Startup Cost": 0.0, "Total Cost": 62441.29, "Plan Rows": 4523929, "Plan Width": 8}, {"Node Type": "Hash", "Parent Relationship": "Inner", "Startup Cost": 2436.11, "Total Cost": 2436.11, "Plan Rows": 1, "Plan Width": 20, "Plans": [{"Node Type": "Seq Scan", "Parent Relationship": "Outer", "Relation Name": "keyword", "Alias": "k", "Startup Cost": 0.0, "Total Cost": 2436.11, "Plan Rows": 1, "Plan Width": 20, "Filter": "((keyword)::text = 'marvel-cinematic-universe'::text)"}]}]}]}]}]}]}, {"Node Type": "Hash", "Parent Relationship": "Inner", "Startup Cost": 103490.62, "Total Cost": 103490.62, "Plan Rows": 415, "Plan Width": 19, "Plans": [{"Node Type": "Seq Scan", "Parent Relationship": "Outer", "Relation Name": "name", "Alias": "n", "Startup Cost": 0.0, "Total Cost": 103490.62, "Plan Rows": 415, "Plan Width": 19, "Filter": "((name)::text ~~ '%Downey%Robert%'::text)"}]}]}]}, "Unique SQL Id": 4208751436, "Planner Runtime": 7}, "explain_analyze_plan": null}, "(1, '79')": {"explain_plan": {"Plan": {"Node Type": "Aggregate", "Strategy": "Plain", "Startup Cost": 4997516136472.81, "Total Cost": 4997516136472.82, "Plan Rows": 1, "Plan Width": 144, "Plans": [{"Node Type": "Hash Join", "Parent Relationship": "Outer", "Join Type": "Inner", "Startup Cost": 2030146687706.4, "Total Cost": 4997516136471.18, "Plan Rows": 218, "Plan Width": 48, "Inner Unique": true, "Hash Cond": "(ci.person_id = n.id)", "Plans": [{"Node Type": "Hash Join", "Parent Relationship": "Outer", "Join Type": "Inner", "Startup Cost": 1030128022554.01, "Total Cost": 3997497471318.2, "Plan Rows": 218, "Plan Width": 37, "Inner Unique": true, "Hash Cond": "(mk.keyword_id = k.id)", "Plans": [{"Node Type": "Merge Join", "Parent Relationship": "Outer", "Join Type": "Inner", "Startup Cost": 30127704282.31, "Total Cost": 2997497104207.24, "Plan Rows": 19486421, "Plan Width": 25, "Inner Unique": false, "Merge Cond": "(t.id = ci.movie_id)", "Plans": [{"Node Type": "Merge Join", "Parent Relationship": "Outer", "Join Type": "Inner", "Startup Cost": 20121395931.97, "Total Cost": 1999055821179.06, "Plan Rows": 3158553, "Plan Width": 29, "Inner Unique": false, "Merge Cond": "(t.id = mk.movie_id)", "Plans": [{"Node Type": "Index Scan", "Parent Relationship": "Outer", "Scan Direction": "Forward", "Index Name": "title_pkey", "Relation Name": "title", "Alias": "t", "Startup Cost": 10000000000.0, "Total Cost": 1000011644126.66, "Plan Rows": 391451, "Plan Width": 21, "Filter": "(production_year > 2010), (LLVM Optimized)"}, {"Node Type": "Index Scan", "Parent Relationship": "Inner", "Scan Direction": "Forward", "Index Name": "movie_id_movie_keyword", "Relation Name": "movie_keyword", "Alias": "mk", "Startup Cost": 10000000000.0, "Total Cost": 1000015300634.17, "Plan Rows": 4523929, "Plan Width": 8}]}, {"Node Type": "Index Scan", "Parent Relationship": "Inner", "Scan Direction": "Forward", "Index Name": "movie_id_cast_info", "Relation Name": "cast_info", "Alias": "ci", "Startup Cost": 10000000000.0, "Total Cost": 1000205932389.3, "Plan Rows": 36259494, "Plan Width": 8}]}, {"Node Type": "Hash", "Parent Relationship": "Inner", "Startup Cost": 1000000318271.68, "Total Cost": 1000000318271.68, "Plan Rows": 1, "Plan Width": 20, "Plans": [{"Node Type": "Index Scan", "Parent Relationship": "Outer", "Scan Direction": "Forward", "Index Name": "keyword_pkey", "Relation Name": "keyword", "Alias": "k", "Startup Cost": 10000000000.0, "Total Cost": 1000000318271.68, "Plan Rows": 1, "Plan Width": 20, "Filter": "((keyword)::text = 'marvel-cinematic-universe'::text)"}]}]}, {"Node Type": "Hash", "Parent Relationship": "Inner", "Startup Cost": 1000018665147.2, "Total Cost": 1000018665147.2, "Plan Rows": 415, "Plan Width": 19, "Plans": [{"Node Type": "Index Scan", "Parent Relationship": "Outer", "Scan Direction": "Forward", "Index Name": "name_pkey", "Relation Name": "name", "Alias": "n", "Startup Cost": 10000000000.0, "Total Cost": 1000018665147.2, "Plan Rows": 415, "Plan Width": 19, "Filter": "((name)::text ~~ '%Downey%Robert%'::text)"}]}]}]}, "Unique SQL Id": 4208751436, "Planner Runtime": 10}, "explain_analyze_plan": null}, "(1, '80')": {"explain_plan": {"Plan": {"Node Type": "Aggregate", "Strategy": "Plain", "Startup Cost": 2671.98, "Total Cost": 2671.99, "Plan Rows": 1, "Plan Width": 144, "Plans": [{"Node Type": "Nested Loop", "Parent Relationship": "Outer", "Join Type": "Inner", "Startup Cost": 4.51, "Total Cost": 2670.91, "Plan Rows": 143, "Plan Width": 48, "Inner Unique": true, "Plans": [{"Node Type": "Nested Loop", "Parent Relationship": "Outer", "Join Type": "Inner", "Startup Cost": 4.51, "Total Cost": 2607.71, "Plan Rows": 218, "Plan Width": 37, "Inner Unique": false, "Join Filter": "(t.id = ci.movie_id)", "Plans": [{"Node Type": "Nested Loop", "Parent Relationship": "Outer", "Join Type": "Inner", "Startup Cost": 4.51, "Total Cost": 2579.63, "Plan Rows": 36, "Plan Width": 41, "Inner Unique": true, "Plans": [{"Node Type": "Nested Loop", "Parent Relationship": "Outer", "Join Type": "Inner", "Startup Cost": 4.51, "Total Cost": 2569.02, "Plan Rows": 33, "Plan Width": 20, "Inner Unique": false, "Plans": [{"Node Type": "Seq Scan", "Parent Relationship": "Outer", "Relation Name": "keyword", "Alias": "k", "Startup Cost": 0.0, "Total Cost": 2436.11, "Plan Rows": 1, "Plan Width": 20, "Filter": "((keyword)::text = 'marvel-cinematic-universe'::text)"}, {"Node Type": "Bitmap Heap Scan", "Parent Relationship": "Inner", "Relation Name": "movie_keyword", "Alias": "mk", "Startup Cost": 4.51, "Total Cost": 132.58, "Plan Rows": 33, "Plan Width": 8, "Recheck Cond": "(keyword_id = k.id)", "Plans": [{"Node Type": "Bitmap Index Scan", "Parent Relationship": "Outer", "Index Name": "keyword_id_movie_keyword", "Startup Cost": 0.0, "Total Cost": 4.5, "Plan Rows": 33, "Plan Width": 0, "Index Cond": "(keyword_id = k.id)"}]}]}, {"Node Type": "Index Scan", "Parent Relationship": "Inner", "Scan Direction": "Forward", "Index Name": "title_pkey", "Relation Name": "title", "Alias": "t", "Startup Cost": 0.0, "Total Cost": 0.31, "Plan Rows": 1, "Plan Width": 21, "Index Cond": "(id = mk.movie_id)", "Filter": "(production_year > 2010)"}]}, {"Node Type": "Index Scan", "Parent Relationship": "Inner", "Scan Direction": "Forward", "Index Name": "movie_id_cast_info", "Relation Name": "cast_info", "Alias": "ci", "Startup Cost": 0.0, "Total Cost": 0.7, "Plan Rows": 6, "Plan Width": 8, "Index Cond": "(movie_id = mk.movie_id)"}]}, {"Node Type": "Index Scan", "Parent Relationship": "Inner", "Scan Direction": "Forward", "Index Name": "name_pkey", "Relation Name": "name", "Alias": "n", "Startup Cost": 0.0, "Total Cost": 0.28, "Plan Rows": 1, "Plan Width": 19, "Index Cond": "(id = ci.person_id)", "Filter": "((name)::text ~~ '%Downey%Robert%'::text)"}]}]}, "Unique SQL Id": 4208751436, "Planner Runtime": 6}, "explain_analyze_plan": {"Plan": {"Node Type": "Aggregate", "Strategy": "Plain", "Startup Cost": 2671.98, "Total Cost": 2671.99, "Plan Rows": 1, "Plan Width": 144, "Actual Startup Time": 51.759, "Actual Total Time": 51.759, "Actual Rows": 1, "Actual Loops": 1, "Plans": [{"Node Type": "Nested Loop", "Parent Relationship": "Outer", "Join Type": "Inner", "Startup Cost": 4.51, "Total Cost": 2670.91, "Plan Rows": 143, "Plan Width": 48, "Actual Startup Time": 2.818, "Actual Total Time": 51.721, "Actual Rows": 6, "Actual Loops": 1, "Inner Unique": true, "Plans": [{"Node Type": "Nested Loop", "Parent Relationship": "Outer", "Join Type": "Inner", "Startup Cost": 4.51, "Total Cost": 2607.71, "Plan Rows": 218, "Plan Width": 37, "Actual Startup Time": 1.113, "Actual Total Time": 44.613, "Actual Rows": 1224, "Actual Loops": 1, "Inner Unique": false, "Join Filter": "(t.id = ci.movie_id)", "Rows Removed by Join Filter": 0, "Plans": [{"Node Type": "Nested Loop", "Parent Relationship": "Outer", "Join Type": "Inner", "Startup Cost": 4.51, "Total Cost": 2579.63, "Plan Rows": 36, "Plan Width": 41, "Actual Startup Time": 1.096, "Actual Total Time": 42.091, "Actual Rows": 11, "Actual Loops": 1, "Inner Unique": true, "Plans": [{"Node Type": "Nested Loop", "Parent Relationship": "Outer", "Join Type": "Inner", "Startup Cost": 4.51, "Total Cost": 2569.02, "Plan Rows": 33, "Plan Width": 20, "Actual Startup Time": 1.079, "Actual Total Time": 41.967, "Actual Rows": 14, "Actual Loops": 1, "Inner Unique": false, "Plans": [{"Node Type": "Seq Scan", "Parent Relationship": "Outer", "Relation Name": "keyword", "Alias": "k", "Startup Cost": 0.0, "Total Cost": 2436.11, "Plan Rows": 1, "Plan Width": 20, "Actual Startup Time": 1.037, "Actual Total Time": 41.881, "Actual Rows": 1, "Actual Loops": 1, "Filter": "((keyword)::text = 'marvel-cinematic-universe'::text)", "Rows Removed by Filter": 134168}, {"Node Type": "Bitmap Heap Scan", "Parent Relationship": "Inner", "Relation Name": "movie_keyword", "Alias": "mk", "Startup Cost": 4.51, "Total Cost": 132.58, "Plan Rows": 33, "Plan Width": 8, "Actual Startup Time": 0.034, "Actual Total Time": 0.07, "Actual Rows": 14, "Actual Loops": 1, "Recheck Cond": "(keyword_id = k.id)", "Rows Removed by Index Recheck": 0, "Exact Heap Blocks": 13, "Lossy Heap Blocks": 13, "Plans": [{"Node Type": "Bitmap Index Scan", "Parent Relationship": "Outer", "Index Name": "keyword_id_movie_keyword", "Startup Cost": 0.0, "Total Cost": 4.5, "Plan Rows": 33, "Plan Width": 0, "Actual Startup Time": 0.02, "Actual Total Time": 0.02, "Actual Rows": 14, "Actual Loops": 1, "Index Cond": "(keyword_id = k.id)"}]}]}, {"Node Type": "Index Scan", "Parent Relationship": "Inner", "Scan Direction": "Forward", "Index Name": "title_pkey", "Relation Name": "title", "Alias": "t", "Startup Cost": 0.0, "Total Cost": 0.31, "Plan Rows": 1, "Plan Width": 21, "Actual Startup Time": 0.107, "Actual Total Time": 0.107, "Actual Rows": 11, "Actual Loops": 14, "Index Cond": "(id = mk.movie_id)", "Rows Removed by Index Recheck": 0, "Filter": "(production_year > 2010)", "Rows Removed by Filter": 3}]}, {"Node Type": "Index Scan", "Parent Relationship": "Inner", "Scan Direction": "Forward", "Index Name": "movie_id_cast_info", "Relation Name": "cast_info", "Alias": "ci", "Startup Cost": 0.0, "Total Cost": 0.7, "Plan Rows": 6, "Plan Width": 8, "Actual Startup Time": 0.149, "Actual Total Time": 2.015, "Actual Rows": 1224, "Actual Loops": 11, "Index Cond": "(movie_id = mk.movie_id)", "Rows Removed by Index Recheck": 0}]}, {"Node Type": "Index Scan", "Parent Relationship": "Inner", "Scan Direction": "Forward", "Index Name": "name_pkey", "Relation Name": "name", "Alias": "n", "Startup Cost": 0.0, "Total Cost": 0.28, "Plan Rows": 1, "Plan Width": 19, "Actual Startup Time": 6.507, "Actual Total Time": 6.507, "Actual Rows": 6, "Actual Loops": 1224, "Index Cond": "(id = ci.person_id)", "Rows Removed by Index Recheck": 0, "Filter": "((name)::text ~~ '%Downey%Robert%'::text)", "Rows Removed by Filter": 1218}]}]}, "Triggers": [], "Planner Runtime": 7.092, "Total Runtime": 52.059, "Unique SQL Id": 4208751436}}, "(1, '81')": {"explain_plan": {"Plan": {"Node Type": "Aggregate", "Strategy": "Plain", "Startup Cost": 3418.58, "Total Cost": 3418.59, "Plan Rows": 1, "Plan Width": 144, "Plans": [{"Node Type": "Nested Loop", "Parent Relationship": "Outer", "Join Type": "Inner", "Startup Cost": 4.51, "Total Cost": 3417.51, "Plan Rows": 143, "Plan Width": 48, "Inner Unique": true, "Plans": [{"Node Type": "Nested Loop", "Parent Relationship": "Outer", "Join Type": "Inner", "Startup Cost": 4.51, "Total Cost": 3354.32, "Plan Rows": 218, "Plan Width": 37, "Inner Unique": false, "Join Filter": "(t.id = ci.movie_id)", "Plans": [{"Node Type": "Nested Loop", "Parent Relationship": "Outer", "Join Type": "Inner", "Startup Cost": 4.51, "Total Cost": 3326.24, "Plan Rows": 36, "Plan Width": 41, "Inner Unique": true, "Plans": [{"Node Type": "Nested Loop", "Parent Relationship": "Outer", "Join Type": "Inner", "Startup Cost": 4.51, "Total Cost": 3315.63, "Plan Rows": 33, "Plan Width": 20, "Inner Unique": false, "Plans": [{"Node Type": "Index Scan", "Parent Relationship": "Outer", "Scan Direction": "Forward", "Index Name": "keyword_pkey", "Relation Name": "keyword", "Alias": "k", "Startup Cost": 0.0, "Total Cost": 3182.72, "Plan Rows": 1, "Plan Width": 20, "Filter": "((keyword)::text = 'marvel-cinematic-universe'::text)"}, {"Node Type": "Bitmap Heap Scan", "Parent Relationship": "Inner", "Relation Name": "movie_keyword", "Alias": "mk", "Startup Cost": 4.51, "Total Cost": 132.58, "Plan Rows": 33, "Plan Width": 8, "Recheck Cond": "(keyword_id = k.id)", "Plans": [{"Node Type": "Bitmap Index Scan", "Parent Relationship": "Outer", "Index Name": "keyword_id_movie_keyword", "Startup Cost": 0.0, "Total Cost": 4.5, "Plan Rows": 33, "Plan Width": 0, "Index Cond": "(keyword_id = k.id)"}]}]}, {"Node Type": "Index Scan", "Parent Relationship": "Inner", "Scan Direction": "Forward", "Index Name": "title_pkey", "Relation Name": "title", "Alias": "t", "Startup Cost": 0.0, "Total Cost": 0.31, "Plan Rows": 1, "Plan Width": 21, "Index Cond": "(id = mk.movie_id)", "Filter": "(production_year > 2010)"}]}, {"Node Type": "Index Scan", "Parent Relationship": "Inner", "Scan Direction": "Forward", "Index Name": "movie_id_cast_info", "Relation Name": "cast_info", "Alias": "ci", "Startup Cost": 0.0, "Total Cost": 0.7, "Plan Rows": 6, "Plan Width": 8, "Index Cond": "(movie_id = mk.movie_id)"}]}, {"Node Type": "Index Scan", "Parent Relationship": "Inner", "Scan Direction": "Forward", "Index Name": "name_pkey", "Relation Name": "name", "Alias": "n", "Startup Cost": 0.0, "Total Cost": 0.28, "Plan Rows": 1, "Plan Width": 19, "Index Cond": "(id = ci.person_id)", "Filter": "((name)::text ~~ '%Downey%Robert%'::text)"}]}]}, "Unique SQL Id": 4208751436, "Planner Runtime": 5}, "explain_analyze_plan": null}, "(1, '82')": {"explain_plan": {"Plan": {"Node Type": "Aggregate", "Strategy": "Plain", "Startup Cost": 3810.23, "Total Cost": 3810.24, "Plan Rows": 1, "Plan Width": 144, "Plans": [{"Node Type": "Nested Loop", "Parent Relationship": "Outer", "Join Type": "Inner", "Startup Cost": 5.45, "Total Cost": 3809.16, "Plan Rows": 143, "Plan Width": 48, "Inner Unique": true, "Plans": [{"Node Type": "Nested Loop", "Parent Relationship": "Outer", "Join Type": "Inner", "Startup Cost": 5.19, "Total Cost": 2875.14, "Plan Rows": 218, "Plan Width": 37, "Inner Unique": false, "Join Filter": "(t.id = ci.movie_id)", "Plans": [{"Node Type": "Nested Loop", "Parent Relationship": "Outer", "Join Type": "Inner", "Startup Cost": 4.77, "Total Cost": 2710.63, "Plan Rows": 36, "Plan Width": 41, "Inner Unique": true, "Plans": [{"Node Type": "Nested Loop", "Parent Relationship": "Outer", "Join Type": "Inner", "Startup Cost": 4.51, "Total Cost": 2569.02, "Plan Rows": 33, "Plan Width": 20, "Inner Unique": false, "Plans": [{"Node Type": "Seq Scan", "Parent Relationship": "Outer", "Relation Name": "keyword", "Alias": "k", "Startup Cost": 0.0, "Total Cost": 2436.11, "Plan Rows": 1, "Plan Width": 20, "Filter": "((keyword)::text = 'marvel-cinematic-universe'::text)"}, {"Node Type": "Bitmap Heap Scan", "Parent Relationship": "Inner", "Relation Name": "movie_keyword", "Alias": "mk", "Startup Cost": 4.51, "Total Cost": 132.58, "Plan Rows": 33, "Plan Width": 8, "Recheck Cond": "(keyword_id = k.id)", "Plans": [{"Node Type": "Bitmap Index Scan", "Parent Relationship": "Outer", "Index Name": "keyword_id_movie_keyword", "Startup Cost": 0.0, "Total Cost": 4.5, "Plan Rows": 33, "Plan Width": 0, "Index Cond": "(keyword_id = k.id)"}]}]}, {"Node Type": "Bitmap Heap Scan", "Parent Relationship": "Inner", "Relation Name": "title", "Alias": "t", "Startup Cost": 0.27, "Total Cost": 4.28, "Plan Rows": 1, "Plan Width": 21, "Recheck Cond": "(id = mk.movie_id)", "Filter": "(production_year > 2010)", "Plans": [{"Node Type": "Bitmap Index Scan", "Parent Relationship": "Outer", "Index Name": "title_pkey", "Startup Cost": 0.0, "Total Cost": 0.27, "Plan Rows": 1, "Plan Width": 0, "Index Cond": "(id = mk.movie_id)"}]}]}, {"Node Type": "Bitmap Heap Scan", "Parent Relationship": "Inner", "Relation Name": "cast_info", "Alias": "ci", "Startup Cost": 0.42, "Total Cost": 4.49, "Plan Rows": 6, "Plan Width": 8, "Recheck Cond": "(movie_id = mk.movie_id)", "Plans": [{"Node Type": "Bitmap Index Scan", "Parent Relationship": "Outer", "Index Name": "movie_id_cast_info", "Startup Cost": 0.0, "Total Cost": 0.42, "Plan Rows": 6, "Plan Width": 0, "Index Cond": "(movie_id = mk.movie_id)"}]}]}, {"Node Type": "Bitmap Heap Scan", "Parent Relationship": "Inner", "Relation Name": "name", "Alias": "n", "Startup Cost": 0.26, "Total Cost": 4.27, "Plan Rows": 1, "Plan Width": 19, "Recheck Cond": "(id = ci.person_id)", "Filter": "((name)::text ~~ '%Downey%Robert%'::text)", "Plans": [{"Node Type": "Bitmap Index Scan", "Parent Relationship": "Outer", "Index Name": "name_pkey", "Startup Cost": 0.0, "Total Cost": 0.26, "Plan Rows": 1, "Plan Width": 0, "Index Cond": "(id = ci.person_id)"}]}]}]}, "Unique SQL Id": 4208751436, "Planner Runtime": 5}, "explain_analyze_plan": {"Plan": {"Node Type": "Aggregate", "Strategy": "Plain", "Startup Cost": 3810.23, "Total Cost": 3810.24, "Plan Rows": 1, "Plan Width": 144, "Actual Startup Time": 52.817, "Actual Total Time": 52.817, "Actual Rows": 1, "Actual Loops": 1, "Plans": [{"Node Type": "Nested Loop", "Parent Relationship": "Outer", "Join Type": "Inner", "Startup Cost": 5.45, "Total Cost": 3809.16, "Plan Rows": 143, "Plan Width": 48, "Actual Startup Time": 3.321, "Actual Total Time": 52.782, "Actual Rows": 6, "Actual Loops": 1, "Inner Unique": true, "Plans": [{"Node Type": "Nested Loop", "Parent Relationship": "Outer", "Join Type": "Inner", "Startup Cost": 5.19, "Total Cost": 2875.14, "Plan Rows": 218, "Plan Width": 37, "Actual Startup Time": 1.135, "Actual Total Time": 43.931, "Actual Rows": 1224, "Actual Loops": 1, "Inner Unique": false, "Join Filter": "(t.id = ci.movie_id)", "Rows Removed by Join Filter": 0, "Plans": [{"Node Type": "Nested Loop", "Parent Relationship": "Outer", "Join Type": "Inner", "Startup Cost": 4.77, "Total Cost": 2710.63, "Plan Rows": 36, "Plan Width": 41, "Actual Startup Time": 1.105, "Actual Total Time": 40.655, "Actual Rows": 11, "Actual Loops": 1, "Inner Unique": true, "Plans": [{"Node Type": "Nested Loop", "Parent Relationship": "Outer", "Join Type": "Inner", "Startup Cost": 4.51, "Total Cost": 2569.02, "Plan Rows": 33, "Plan Width": 20, "Actual Startup Time": 1.087, "Actual Total Time": 40.509, "Actual Rows": 14, "Actual Loops": 1, "Inner Unique": false, "Plans": [{"Node Type": "Seq Scan", "Parent Relationship": "Outer", "Relation Name": "keyword", "Alias": "k", "Startup Cost": 0.0, "Total Cost": 2436.11, "Plan Rows": 1, "Plan Width": 20, "Actual Startup Time": 1.051, "Actual Total Time": 40.437, "Actual Rows": 1, "Actual Loops": 1, "Filter": "((keyword)::text = 'marvel-cinematic-universe'::text)", "Rows Removed by Filter": 134168}, {"Node Type": "Bitmap Heap Scan", "Parent Relationship": "Inner", "Relation Name": "movie_keyword", "Alias": "mk", "Startup Cost": 4.51, "Total Cost": 132.58, "Plan Rows": 33, "Plan Width": 8, "Actual Startup Time": 0.03, "Actual Total Time": 0.06, "Actual Rows": 14, "Actual Loops": 1, "Recheck Cond": "(keyword_id = k.id)", "Rows Removed by Index Recheck": 0, "Exact Heap Blocks": 13, "Lossy Heap Blocks": 13, "Plans": [{"Node Type": "Bitmap Index Scan", "Parent Relationship": "Outer", "Index Name": "keyword_id_movie_keyword", "Startup Cost": 0.0, "Total Cost": 4.5, "Plan Rows": 33, "Plan Width": 0, "Actual Startup Time": 0.019, "Actual Total Time": 0.019, "Actual Rows": 14, "Actual Loops": 1, "Index Cond": "(keyword_id = k.id)"}]}]}, {"Node Type": "Bitmap Heap Scan", "Parent Relationship": "Inner", "Relation Name": "title", "Alias": "t", "Startup Cost": 0.27, "Total Cost": 4.28, "Plan Rows": 1, "Plan Width": 21, "Actual Startup Time": 0.114, "Actual Total Time": 0.114, "Actual Rows": 11, "Actual Loops": 14, "Recheck Cond": "(id = mk.movie_id)", "Rows Removed by Index Recheck": 0, "Filter": "(production_year > 2010)", "Rows Removed by Filter": 3, "Exact Heap Blocks": 14, "Lossy Heap Blocks": 14, "Plans": [{"Node Type": "Bitmap Index Scan", "Parent Relationship": "Outer", "Index Name": "title_pkey", "Startup Cost": 0.0, "Total Cost": 0.27, "Plan Rows": 1, "Plan Width": 0, "Actual Startup Time": 0.068, "Actual Total Time": 0.068, "Actual Rows": 14, "Actual Loops": 14, "Index Cond": "(id = mk.movie_id)"}]}]}, {"Node Type": "Bitmap Heap Scan", "Parent Relationship": "Inner", "Relation Name": "cast_info", "Alias": "ci", "Startup Cost": 0.42, "Total Cost": 4.49, "Plan Rows": 6, "Plan Width": 8, "Actual Startup Time": 0.579, "Actual Total Time": 2.712, "Actual Rows": 1224, "Actual Loops": 11, "Recheck Cond": "(movie_id = mk.movie_id)", "Rows Removed by Index Recheck": 0, "Exact Heap Blocks": 1166, "Lossy Heap Blocks": 1166, "Plans": [{"Node Type": "Bitmap Index Scan", "Parent Relationship": "Outer", "Index Name": "movie_id_cast_info", "Startup Cost": 0.0, "Total Cost": 0.42, "Plan Rows": 6, "Plan Width": 0, "Actual Startup Time": 0.364, "Actual Total Time": 0.364, "Actual Rows": 1224, "Actual Loops": 11, "Index Cond": "(movie_id = mk.movie_id)"}]}]}, {"Node Type": "Bitmap Heap Scan", "Parent Relationship": "Inner", "Relation Name": "name", "Alias": "n", "Startup Cost": 0.26, "Total Cost": 4.27, "Plan Rows": 1, "Plan Width": 19, "Actual Startup Time": 7.466, "Actual Total Time": 7.466, "Actual Rows": 6, "Actual Loops": 1224, "Recheck Cond": "(id = ci.person_id)", "Rows Removed by Index Recheck": 0, "Filter": "((name)::text ~~ '%Downey%Robert%'::text)", "Rows Removed by Filter": 1218, "Exact Heap Blocks": 1224, "Lossy Heap Blocks": 1224, "Plans": [{"Node Type": "Bitmap Index Scan", "Parent Relationship": "Outer", "Index Name": "name_pkey", "Startup Cost": 0.0, "Total Cost": 0.26, "Plan Rows": 1, "Plan Width": 0, "Actual Startup Time": 4.426, "Actual Total Time": 4.426, "Actual Rows": 1224, "Actual Loops": 1224, "Index Cond": "(id = ci.person_id)"}]}]}]}, "Triggers": [], "Planner Runtime": 5.916, "Total Runtime": 53.054, "Unique SQL Id": 4208751436}}, "(1, '83')": {"explain_plan": {"Plan": {"Node Type": "Aggregate", "Strategy": "Plain", "Startup Cost": 1000034676559.16, "Total Cost": 1000034676559.17, "Plan Rows": 1, "Plan Width": 144, "Plans": [{"Node Type": "Nested Loop", "Parent Relationship": "Outer", "Join Type": "Inner", "Startup Cost": 10000000001.2, "Total Cost": 1000034676559.15, "Plan Rows": 1, "Plan Width": 48, "Inner Unique": true, "Join Filter": "(mk.movie_id = t.id)", "Plans": [{"Node Type": "Nested Loop", "Parent Relationship": "Outer", "Join Type": "Inner", "Startup Cost": 10000000000.94, "Total Cost": 1000034676554.87, "Plan Rows": 1, "Plan Width": 39, "Inner Unique": true, "Plans": [{"Node Type": "Nested Loop", "Parent Relationship": "Outer", "Join Type": "Inner", "Startup Cost": 10000000000.68, "Total Cost": 1000034675689.4, "Plan Rows": 202, "Plan Width": 28, "Inner Unique": false, "Plans": [{"Node Type": "Nested Loop", "Parent Relationship": "Outer", "Join Type": "Inner", "Startup Cost": 10000000000.26, "Total Cost": 1000034675539.09, "Plan Rows": 33, "Plan Width": 20, "Inner Unique": true, "Plans": [{"Node Type": "Index Scan", "Parent Relationship": "Outer", "Scan Direction": "Forward", "Index Name": "movie_id_movie_keyword", "Relation Name": "movie_keyword", "Alias": "mk", "Startup Cost": 10000000000.0, "Total Cost": 1000015300634.17, "Plan Rows": 4523929, "Plan Width": 8}, {"Node Type": "Bitmap Heap Scan", "Parent Relationship": "Inner", "Relation Name": "keyword", "Alias": "k", "Startup Cost": 0.26, "Total Cost": 4.27, "Plan Rows": 1, "Plan Width": 20, "Recheck Cond": "(id = mk.keyword_id)", "Filter": "((keyword)::text = 'marvel-cinematic-universe'::text)", "Plans": [{"Node Type": "Bitmap Index Scan", "Parent Relationship": "Outer", "Index Name": "keyword_pkey", "Startup Cost": 0.0, "Total Cost": 0.26, "Plan Rows": 1, "Plan Width": 0, "Index Cond": "(id = mk.keyword_id)"}]}]}, {"Node Type": "Bitmap Heap Scan", "Parent Relationship": "Inner", "Relation Name": "cast_info", "Alias": "ci", "Startup Cost": 0.42, "Total Cost": 4.49, "Plan Rows": 6, "Plan Width": 8, "Recheck Cond": "(movie_id = mk.movie_id)", "Plans": [{"Node Type": "Bitmap Index Scan", "Parent Relationship": "Outer", "Index Name": "movie_id_cast_info", "Startup Cost": 0.0, "Total Cost": 0.42, "Plan Rows": 6, "Plan Width": 0, "Index Cond": "(movie_id = mk.movie_id)"}]}]}, {"Node Type": "Bitmap Heap Scan", "Parent Relationship": "Inner", "Relation Name": "name", "Alias": "n", "Startup Cost": 0.26, "Total Cost": 4.27, "Plan Rows": 1, "Plan Width": 19, "Recheck Cond": "(id = ci.person_id)", "Filter": "((name)::text ~~ '%Downey%Robert%'::text)", "Plans": [{"Node Type": "Bitmap Index Scan", "Parent Relationship": "Outer", "Index Name": "name_pkey", "Startup Cost": 0.0, "Total Cost": 0.26, "Plan Rows": 1, "Plan Width": 0, "Index Cond": "(id = ci.person_id)"}]}]}, {"Node Type": "Bitmap Heap Scan", "Parent Relationship": "Inner", "Relation Name": "title", "Alias": "t", "Startup Cost": 0.26, "Total Cost": 4.27, "Plan Rows": 1, "Plan Width": 21, "Recheck Cond": "(id = ci.movie_id)", "Filter": "(production_year > 2010)", "Plans": [{"Node Type": "Bitmap Index Scan", "Parent Relationship": "Outer", "Index Name": "title_pkey", "Startup Cost": 0.0, "Total Cost": 0.26, "Plan Rows": 1, "Plan Width": 0, "Index Cond": "(id = ci.movie_id)"}]}]}]}, "Unique SQL Id": 4208751436, "Planner Runtime": 2}, "explain_analyze_plan": null}, "(1, '84')": {"explain_plan": {"Plan": {"Node Type": "Aggregate", "Strategy": "Plain", "Startup Cost": 2671.98, "Total Cost": 2671.99, "Plan Rows": 1, "Plan Width": 144, "Plans": [{"Node Type": "Nested Loop", "Parent Relationship": "Outer", "Join Type": "Inner", "Startup Cost": 4.51, "Total Cost": 2670.91, "Plan Rows": 143, "Plan Width": 48, "Inner Unique": true, "Plans": [{"Node Type": "Nested Loop", "Parent Relationship": "Outer", "Join Type": "Inner", "Startup Cost": 4.51, "Total Cost": 2607.71, "Plan Rows": 218, "Plan Width": 37, "Inner Unique": false, "Join Filter": "(t.id = ci.movie_id)", "Plans": [{"Node Type": "Nested Loop", "Parent Relationship": "Outer", "Join Type": "Inner", "Startup Cost": 4.51, "Total Cost": 2579.63, "Plan Rows": 36, "Plan Width": 41, "Inner Unique": true, "Plans": [{"Node Type": "Nested Loop", "Parent Relationship": "Outer", "Join Type": "Inner", "Startup Cost": 4.51, "Total Cost": 2569.02, "Plan Rows": 33, "Plan Width": 20, "Inner Unique": false, "Plans": [{"Node Type": "Seq Scan", "Parent Relationship": "Outer", "Relation Name": "keyword", "Alias": "k", "Startup Cost": 0.0, "Total Cost": 2436.11, "Plan Rows": 1, "Plan Width": 20, "Filter": "((keyword)::text = 'marvel-cinematic-universe'::text)"}, {"Node Type": "Bitmap Heap Scan", "Parent Relationship": "Inner", "Relation Name": "movie_keyword", "Alias": "mk", "Startup Cost": 4.51, "Total Cost": 132.58, "Plan Rows": 33, "Plan Width": 8, "Recheck Cond": "(keyword_id = k.id)", "Plans": [{"Node Type": "Bitmap Index Scan", "Parent Relationship": "Outer", "Index Name": "keyword_id_movie_keyword", "Startup Cost": 0.0, "Total Cost": 4.5, "Plan Rows": 33, "Plan Width": 0, "Index Cond": "(keyword_id = k.id)"}]}]}, {"Node Type": "Index Scan", "Parent Relationship": "Inner", "Scan Direction": "Forward", "Index Name": "title_pkey", "Relation Name": "title", "Alias": "t", "Startup Cost": 0.0, "Total Cost": 0.31, "Plan Rows": 1, "Plan Width": 21, "Index Cond": "(id = mk.movie_id)", "Filter": "(production_year > 2010)"}]}, {"Node Type": "Index Scan", "Parent Relationship": "Inner", "Scan Direction": "Forward", "Index Name": "movie_id_cast_info", "Relation Name": "cast_info", "Alias": "ci", "Startup Cost": 0.0, "Total Cost": 0.7, "Plan Rows": 6, "Plan Width": 8, "Index Cond": "(movie_id = mk.movie_id)"}]}, {"Node Type": "Index Scan", "Parent Relationship": "Inner", "Scan Direction": "Forward", "Index Name": "name_pkey", "Relation Name": "name", "Alias": "n", "Startup Cost": 0.0, "Total Cost": 0.28, "Plan Rows": 1, "Plan Width": 19, "Index Cond": "(id = ci.person_id)", "Filter": "((name)::text ~~ '%Downey%Robert%'::text)"}]}]}, "Unique SQL Id": 4208751436, "Planner Runtime": 6}, "explain_analyze_plan": {"Plan": {"Node Type": "Aggregate", "Strategy": "Plain", "Startup Cost": 2671.98, "Total Cost": 2671.99, "Plan Rows": 1, "Plan Width": 144, "Actual Startup Time": 51.759, "Actual Total Time": 51.759, "Actual Rows": 1, "Actual Loops": 1, "Plans": [{"Node Type": "Nested Loop", "Parent Relationship": "Outer", "Join Type": "Inner", "Startup Cost": 4.51, "Total Cost": 2670.91, "Plan Rows": 143, "Plan Width": 48, "Actual Startup Time": 2.818, "Actual Total Time": 51.721, "Actual Rows": 6, "Actual Loops": 1, "Inner Unique": true, "Plans": [{"Node Type": "Nested Loop", "Parent Relationship": "Outer", "Join Type": "Inner", "Startup Cost": 4.51, "Total Cost": 2607.71, "Plan Rows": 218, "Plan Width": 37, "Actual Startup Time": 1.113, "Actual Total Time": 44.613, "Actual Rows": 1224, "Actual Loops": 1, "Inner Unique": false, "Join Filter": "(t.id = ci.movie_id)", "Rows Removed by Join Filter": 0, "Plans": [{"Node Type": "Nested Loop", "Parent Relationship": "Outer", "Join Type": "Inner", "Startup Cost": 4.51, "Total Cost": 2579.63, "Plan Rows": 36, "Plan Width": 41, "Actual Startup Time": 1.096, "Actual Total Time": 42.091, "Actual Rows": 11, "Actual Loops": 1, "Inner Unique": true, "Plans": [{"Node Type": "Nested Loop", "Parent Relationship": "Outer", "Join Type": "Inner", "Startup Cost": 4.51, "Total Cost": 2569.02, "Plan Rows": 33, "Plan Width": 20, "Actual Startup Time": 1.079, "Actual Total Time": 41.967, "Actual Rows": 14, "Actual Loops": 1, "Inner Unique": false, "Plans": [{"Node Type": "Seq Scan", "Parent Relationship": "Outer", "Relation Name": "keyword", "Alias": "k", "Startup Cost": 0.0, "Total Cost": 2436.11, "Plan Rows": 1, "Plan Width": 20, "Actual Startup Time": 1.037, "Actual Total Time": 41.881, "Actual Rows": 1, "Actual Loops": 1, "Filter": "((keyword)::text = 'marvel-cinematic-universe'::text)", "Rows Removed by Filter": 134168}, {"Node Type": "Bitmap Heap Scan", "Parent Relationship": "Inner", "Relation Name": "movie_keyword", "Alias": "mk", "Startup Cost": 4.51, "Total Cost": 132.58, "Plan Rows": 33, "Plan Width": 8, "Actual Startup Time": 0.034, "Actual Total Time": 0.07, "Actual Rows": 14, "Actual Loops": 1, "Recheck Cond": "(keyword_id = k.id)", "Rows Removed by Index Recheck": 0, "Exact Heap Blocks": 13, "Lossy Heap Blocks": 13, "Plans": [{"Node Type": "Bitmap Index Scan", "Parent Relationship": "Outer", "Index Name": "keyword_id_movie_keyword", "Startup Cost": 0.0, "Total Cost": 4.5, "Plan Rows": 33, "Plan Width": 0, "Actual Startup Time": 0.02, "Actual Total Time": 0.02, "Actual Rows": 14, "Actual Loops": 1, "Index Cond": "(keyword_id = k.id)"}]}]}, {"Node Type": "Index Scan", "Parent Relationship": "Inner", "Scan Direction": "Forward", "Index Name": "title_pkey", "Relation Name": "title", "Alias": "t", "Startup Cost": 0.0, "Total Cost": 0.31, "Plan Rows": 1, "Plan Width": 21, "Actual Startup Time": 0.107, "Actual Total Time": 0.107, "Actual Rows": 11, "Actual Loops": 14, "Index Cond": "(id = mk.movie_id)", "Rows Removed by Index Recheck": 0, "Filter": "(production_year > 2010)", "Rows Removed by Filter": 3}]}, {"Node Type": "Index Scan", "Parent Relationship": "Inner", "Scan Direction": "Forward", "Index Name": "movie_id_cast_info", "Relation Name": "cast_info", "Alias": "ci", "Startup Cost": 0.0, "Total Cost": 0.7, "Plan Rows": 6, "Plan Width": 8, "Actual Startup Time": 0.149, "Actual Total Time": 2.015, "Actual Rows": 1224, "Actual Loops": 11, "Index Cond": "(movie_id = mk.movie_id)", "Rows Removed by Index Recheck": 0}]}, {"Node Type": "Index Scan", "Parent Relationship": "Inner", "Scan Direction": "Forward", "Index Name": "name_pkey", "Relation Name": "name", "Alias": "n", "Startup Cost": 0.0, "Total Cost": 0.28, "Plan Rows": 1, "Plan Width": 19, "Actual Startup Time": 6.507, "Actual Total Time": 6.507, "Actual Rows": 6, "Actual Loops": 1224, "Index Cond": "(id = ci.person_id)", "Rows Removed by Index Recheck": 0, "Filter": "((name)::text ~~ '%Downey%Robert%'::text)", "Rows Removed by Filter": 1218}]}]}, "Triggers": [], "Planner Runtime": 7.092, "Total Runtime": 52.059, "Unique SQL Id": 4208751436}}, "(1, '85')": {"explain_plan": {"Plan": {"Node Type": "Aggregate", "Strategy": "Plain", "Startup Cost": 3418.58, "Total Cost": 3418.59, "Plan Rows": 1, "Plan Width": 144, "Plans": [{"Node Type": "Nested Loop", "Parent Relationship": "Outer", "Join Type": "Inner", "Startup Cost": 4.51, "Total Cost": 3417.51, "Plan Rows": 143, "Plan Width": 48, "Inner Unique": true, "Plans": [{"Node Type": "Nested Loop", "Parent Relationship": "Outer", "Join Type": "Inner", "Startup Cost": 4.51, "Total Cost": 3354.32, "Plan Rows": 218, "Plan Width": 37, "Inner Unique": false, "Join Filter": "(t.id = ci.movie_id)", "Plans": [{"Node Type": "Nested Loop", "Parent Relationship": "Outer", "Join Type": "Inner", "Startup Cost": 4.51, "Total Cost": 3326.24, "Plan Rows": 36, "Plan Width": 41, "Inner Unique": true, "Plans": [{"Node Type": "Nested Loop", "Parent Relationship": "Outer", "Join Type": "Inner", "Startup Cost": 4.51, "Total Cost": 3315.63, "Plan Rows": 33, "Plan Width": 20, "Inner Unique": false, "Plans": [{"Node Type": "Index Scan", "Parent Relationship": "Outer", "Scan Direction": "Forward", "Index Name": "keyword_pkey", "Relation Name": "keyword", "Alias": "k", "Startup Cost": 0.0, "Total Cost": 3182.72, "Plan Rows": 1, "Plan Width": 20, "Filter": "((keyword)::text = 'marvel-cinematic-universe'::text)"}, {"Node Type": "Bitmap Heap Scan", "Parent Relationship": "Inner", "Relation Name": "movie_keyword", "Alias": "mk", "Startup Cost": 4.51, "Total Cost": 132.58, "Plan Rows": 33, "Plan Width": 8, "Recheck Cond": "(keyword_id = k.id)", "Plans": [{"Node Type": "Bitmap Index Scan", "Parent Relationship": "Outer", "Index Name": "keyword_id_movie_keyword", "Startup Cost": 0.0, "Total Cost": 4.5, "Plan Rows": 33, "Plan Width": 0, "Index Cond": "(keyword_id = k.id)"}]}]}, {"Node Type": "Index Scan", "Parent Relationship": "Inner", "Scan Direction": "Forward", "Index Name": "title_pkey", "Relation Name": "title", "Alias": "t", "Startup Cost": 0.0, "Total Cost": 0.31, "Plan Rows": 1, "Plan Width": 21, "Index Cond": "(id = mk.movie_id)", "Filter": "(production_year > 2010)"}]}, {"Node Type": "Index Scan", "Parent Relationship": "Inner", "Scan Direction": "Forward", "Index Name": "movie_id_cast_info", "Relation Name": "cast_info", "Alias": "ci", "Startup Cost": 0.0, "Total Cost": 0.7, "Plan Rows": 6, "Plan Width": 8, "Index Cond": "(movie_id = mk.movie_id)"}]}, {"Node Type": "Index Scan", "Parent Relationship": "Inner", "Scan Direction": "Forward", "Index Name": "name_pkey", "Relation Name": "name", "Alias": "n", "Startup Cost": 0.0, "Total Cost": 0.28, "Plan Rows": 1, "Plan Width": 19, "Index Cond": "(id = ci.person_id)", "Filter": "((name)::text ~~ '%Downey%Robert%'::text)"}]}]}, "Unique SQL Id": 4208751436, "Planner Runtime": 5}, "explain_analyze_plan": null}, "(1, '86')": {"explain_plan": {"Plan": {"Node Type": "Aggregate", "Strategy": "Plain", "Startup Cost": 3810.23, "Total Cost": 3810.24, "Plan Rows": 1, "Plan Width": 144, "Plans": [{"Node Type": "Nested Loop", "Parent Relationship": "Outer", "Join Type": "Inner", "Startup Cost": 5.45, "Total Cost": 3809.16, "Plan Rows": 143, "Plan Width": 48, "Inner Unique": true, "Plans": [{"Node Type": "Nested Loop", "Parent Relationship": "Outer", "Join Type": "Inner", "Startup Cost": 5.19, "Total Cost": 2875.14, "Plan Rows": 218, "Plan Width": 37, "Inner Unique": false, "Join Filter": "(t.id = ci.movie_id)", "Plans": [{"Node Type": "Nested Loop", "Parent Relationship": "Outer", "Join Type": "Inner", "Startup Cost": 4.77, "Total Cost": 2710.63, "Plan Rows": 36, "Plan Width": 41, "Inner Unique": true, "Plans": [{"Node Type": "Nested Loop", "Parent Relationship": "Outer", "Join Type": "Inner", "Startup Cost": 4.51, "Total Cost": 2569.02, "Plan Rows": 33, "Plan Width": 20, "Inner Unique": false, "Plans": [{"Node Type": "Seq Scan", "Parent Relationship": "Outer", "Relation Name": "keyword", "Alias": "k", "Startup Cost": 0.0, "Total Cost": 2436.11, "Plan Rows": 1, "Plan Width": 20, "Filter": "((keyword)::text = 'marvel-cinematic-universe'::text)"}, {"Node Type": "Bitmap Heap Scan", "Parent Relationship": "Inner", "Relation Name": "movie_keyword", "Alias": "mk", "Startup Cost": 4.51, "Total Cost": 132.58, "Plan Rows": 33, "Plan Width": 8, "Recheck Cond": "(keyword_id = k.id)", "Plans": [{"Node Type": "Bitmap Index Scan", "Parent Relationship": "Outer", "Index Name": "keyword_id_movie_keyword", "Startup Cost": 0.0, "Total Cost": 4.5, "Plan Rows": 33, "Plan Width": 0, "Index Cond": "(keyword_id = k.id)"}]}]}, {"Node Type": "Bitmap Heap Scan", "Parent Relationship": "Inner", "Relation Name": "title", "Alias": "t", "Startup Cost": 0.27, "Total Cost": 4.28, "Plan Rows": 1, "Plan Width": 21, "Recheck Cond": "(id = mk.movie_id)", "Filter": "(production_year > 2010)", "Plans": [{"Node Type": "Bitmap Index Scan", "Parent Relationship": "Outer", "Index Name": "title_pkey", "Startup Cost": 0.0, "Total Cost": 0.27, "Plan Rows": 1, "Plan Width": 0, "Index Cond": "(id = mk.movie_id)"}]}]}, {"Node Type": "Bitmap Heap Scan", "Parent Relationship": "Inner", "Relation Name": "cast_info", "Alias": "ci", "Startup Cost": 0.42, "Total Cost": 4.49, "Plan Rows": 6, "Plan Width": 8, "Recheck Cond": "(movie_id = mk.movie_id)", "Plans": [{"Node Type": "Bitmap Index Scan", "Parent Relationship": "Outer", "Index Name": "movie_id_cast_info", "Startup Cost": 0.0, "Total Cost": 0.42, "Plan Rows": 6, "Plan Width": 0, "Index Cond": "(movie_id = mk.movie_id)"}]}]}, {"Node Type": "Bitmap Heap Scan", "Parent Relationship": "Inner", "Relation Name": "name", "Alias": "n", "Startup Cost": 0.26, "Total Cost": 4.27, "Plan Rows": 1, "Plan Width": 19, "Recheck Cond": "(id = ci.person_id)", "Filter": "((name)::text ~~ '%Downey%Robert%'::text)", "Plans": [{"Node Type": "Bitmap Index Scan", "Parent Relationship": "Outer", "Index Name": "name_pkey", "Startup Cost": 0.0, "Total Cost": 0.26, "Plan Rows": 1, "Plan Width": 0, "Index Cond": "(id = ci.person_id)"}]}]}]}, "Unique SQL Id": 4208751436, "Planner Runtime": 5}, "explain_analyze_plan": {"Plan": {"Node Type": "Aggregate", "Strategy": "Plain", "Startup Cost": 3810.23, "Total Cost": 3810.24, "Plan Rows": 1, "Plan Width": 144, "Actual Startup Time": 52.817, "Actual Total Time": 52.817, "Actual Rows": 1, "Actual Loops": 1, "Plans": [{"Node Type": "Nested Loop", "Parent Relationship": "Outer", "Join Type": "Inner", "Startup Cost": 5.45, "Total Cost": 3809.16, "Plan Rows": 143, "Plan Width": 48, "Actual Startup Time": 3.321, "Actual Total Time": 52.782, "Actual Rows": 6, "Actual Loops": 1, "Inner Unique": true, "Plans": [{"Node Type": "Nested Loop", "Parent Relationship": "Outer", "Join Type": "Inner", "Startup Cost": 5.19, "Total Cost": 2875.14, "Plan Rows": 218, "Plan Width": 37, "Actual Startup Time": 1.135, "Actual Total Time": 43.931, "Actual Rows": 1224, "Actual Loops": 1, "Inner Unique": false, "Join Filter": "(t.id = ci.movie_id)", "Rows Removed by Join Filter": 0, "Plans": [{"Node Type": "Nested Loop", "Parent Relationship": "Outer", "Join Type": "Inner", "Startup Cost": 4.77, "Total Cost": 2710.63, "Plan Rows": 36, "Plan Width": 41, "Actual Startup Time": 1.105, "Actual Total Time": 40.655, "Actual Rows": 11, "Actual Loops": 1, "Inner Unique": true, "Plans": [{"Node Type": "Nested Loop", "Parent Relationship": "Outer", "Join Type": "Inner", "Startup Cost": 4.51, "Total Cost": 2569.02, "Plan Rows": 33, "Plan Width": 20, "Actual Startup Time": 1.087, "Actual Total Time": 40.509, "Actual Rows": 14, "Actual Loops": 1, "Inner Unique": false, "Plans": [{"Node Type": "Seq Scan", "Parent Relationship": "Outer", "Relation Name": "keyword", "Alias": "k", "Startup Cost": 0.0, "Total Cost": 2436.11, "Plan Rows": 1, "Plan Width": 20, "Actual Startup Time": 1.051, "Actual Total Time": 40.437, "Actual Rows": 1, "Actual Loops": 1, "Filter": "((keyword)::text = 'marvel-cinematic-universe'::text)", "Rows Removed by Filter": 134168}, {"Node Type": "Bitmap Heap Scan", "Parent Relationship": "Inner", "Relation Name": "movie_keyword", "Alias": "mk", "Startup Cost": 4.51, "Total Cost": 132.58, "Plan Rows": 33, "Plan Width": 8, "Actual Startup Time": 0.03, "Actual Total Time": 0.06, "Actual Rows": 14, "Actual Loops": 1, "Recheck Cond": "(keyword_id = k.id)", "Rows Removed by Index Recheck": 0, "Exact Heap Blocks": 13, "Lossy Heap Blocks": 13, "Plans": [{"Node Type": "Bitmap Index Scan", "Parent Relationship": "Outer", "Index Name": "keyword_id_movie_keyword", "Startup Cost": 0.0, "Total Cost": 4.5, "Plan Rows": 33, "Plan Width": 0, "Actual Startup Time": 0.019, "Actual Total Time": 0.019, "Actual Rows": 14, "Actual Loops": 1, "Index Cond": "(keyword_id = k.id)"}]}]}, {"Node Type": "Bitmap Heap Scan", "Parent Relationship": "Inner", "Relation Name": "title", "Alias": "t", "Startup Cost": 0.27, "Total Cost": 4.28, "Plan Rows": 1, "Plan Width": 21, "Actual Startup Time": 0.114, "Actual Total Time": 0.114, "Actual Rows": 11, "Actual Loops": 14, "Recheck Cond": "(id = mk.movie_id)", "Rows Removed by Index Recheck": 0, "Filter": "(production_year > 2010)", "Rows Removed by Filter": 3, "Exact Heap Blocks": 14, "Lossy Heap Blocks": 14, "Plans": [{"Node Type": "Bitmap Index Scan", "Parent Relationship": "Outer", "Index Name": "title_pkey", "Startup Cost": 0.0, "Total Cost": 0.27, "Plan Rows": 1, "Plan Width": 0, "Actual Startup Time": 0.068, "Actual Total Time": 0.068, "Actual Rows": 14, "Actual Loops": 14, "Index Cond": "(id = mk.movie_id)"}]}]}, {"Node Type": "Bitmap Heap Scan", "Parent Relationship": "Inner", "Relation Name": "cast_info", "Alias": "ci", "Startup Cost": 0.42, "Total Cost": 4.49, "Plan Rows": 6, "Plan Width": 8, "Actual Startup Time": 0.579, "Actual Total Time": 2.712, "Actual Rows": 1224, "Actual Loops": 11, "Recheck Cond": "(movie_id = mk.movie_id)", "Rows Removed by Index Recheck": 0, "Exact Heap Blocks": 1166, "Lossy Heap Blocks": 1166, "Plans": [{"Node Type": "Bitmap Index Scan", "Parent Relationship": "Outer", "Index Name": "movie_id_cast_info", "Startup Cost": 0.0, "Total Cost": 0.42, "Plan Rows": 6, "Plan Width": 0, "Actual Startup Time": 0.364, "Actual Total Time": 0.364, "Actual Rows": 1224, "Actual Loops": 11, "Index Cond": "(movie_id = mk.movie_id)"}]}]}, {"Node Type": "Bitmap Heap Scan", "Parent Relationship": "Inner", "Relation Name": "name", "Alias": "n", "Startup Cost": 0.26, "Total Cost": 4.27, "Plan Rows": 1, "Plan Width": 19, "Actual Startup Time": 7.466, "Actual Total Time": 7.466, "Actual Rows": 6, "Actual Loops": 1224, "Recheck Cond": "(id = ci.person_id)", "Rows Removed by Index Recheck": 0, "Filter": "((name)::text ~~ '%Downey%Robert%'::text)", "Rows Removed by Filter": 1218, "Exact Heap Blocks": 1224, "Lossy Heap Blocks": 1224, "Plans": [{"Node Type": "Bitmap Index Scan", "Parent Relationship": "Outer", "Index Name": "name_pkey", "Startup Cost": 0.0, "Total Cost": 0.26, "Plan Rows": 1, "Plan Width": 0, "Actual Startup Time": 4.426, "Actual Total Time": 4.426, "Actual Rows": 1224, "Actual Loops": 1224, "Index Cond": "(id = ci.person_id)"}]}]}]}, "Triggers": [], "Planner Runtime": 5.916, "Total Runtime": 53.054, "Unique SQL Id": 4208751436}}, "(1, '87')": {"explain_plan": {"Plan": {"Node Type": "Aggregate", "Strategy": "Plain", "Startup Cost": 1000034676559.16, "Total Cost": 1000034676559.17, "Plan Rows": 1, "Plan Width": 144, "Plans": [{"Node Type": "Nested Loop", "Parent Relationship": "Outer", "Join Type": "Inner", "Startup Cost": 10000000001.2, "Total Cost": 1000034676559.15, "Plan Rows": 1, "Plan Width": 48, "Inner Unique": true, "Join Filter": "(mk.movie_id = t.id)", "Plans": [{"Node Type": "Nested Loop", "Parent Relationship": "Outer", "Join Type": "Inner", "Startup Cost": 10000000000.94, "Total Cost": 1000034676554.87, "Plan Rows": 1, "Plan Width": 39, "Inner Unique": true, "Plans": [{"Node Type": "Nested Loop", "Parent Relationship": "Outer", "Join Type": "Inner", "Startup Cost": 10000000000.68, "Total Cost": 1000034675689.4, "Plan Rows": 202, "Plan Width": 28, "Inner Unique": false, "Plans": [{"Node Type": "Nested Loop", "Parent Relationship": "Outer", "Join Type": "Inner", "Startup Cost": 10000000000.26, "Total Cost": 1000034675539.09, "Plan Rows": 33, "Plan Width": 20, "Inner Unique": true, "Plans": [{"Node Type": "Index Scan", "Parent Relationship": "Outer", "Scan Direction": "Forward", "Index Name": "movie_id_movie_keyword", "Relation Name": "movie_keyword", "Alias": "mk", "Startup Cost": 10000000000.0, "Total Cost": 1000015300634.17, "Plan Rows": 4523929, "Plan Width": 8}, {"Node Type": "Bitmap Heap Scan", "Parent Relationship": "Inner", "Relation Name": "keyword", "Alias": "k", "Startup Cost": 0.26, "Total Cost": 4.27, "Plan Rows": 1, "Plan Width": 20, "Recheck Cond": "(id = mk.keyword_id)", "Filter": "((keyword)::text = 'marvel-cinematic-universe'::text)", "Plans": [{"Node Type": "Bitmap Index Scan", "Parent Relationship": "Outer", "Index Name": "keyword_pkey", "Startup Cost": 0.0, "Total Cost": 0.26, "Plan Rows": 1, "Plan Width": 0, "Index Cond": "(id = mk.keyword_id)"}]}]}, {"Node Type": "Bitmap Heap Scan", "Parent Relationship": "Inner", "Relation Name": "cast_info", "Alias": "ci", "Startup Cost": 0.42, "Total Cost": 4.49, "Plan Rows": 6, "Plan Width": 8, "Recheck Cond": "(movie_id = mk.movie_id)", "Plans": [{"Node Type": "Bitmap Index Scan", "Parent Relationship": "Outer", "Index Name": "movie_id_cast_info", "Startup Cost": 0.0, "Total Cost": 0.42, "Plan Rows": 6, "Plan Width": 0, "Index Cond": "(movie_id = mk.movie_id)"}]}]}, {"Node Type": "Bitmap Heap Scan", "Parent Relationship": "Inner", "Relation Name": "name", "Alias": "n", "Startup Cost": 0.26, "Total Cost": 4.27, "Plan Rows": 1, "Plan Width": 19, "Recheck Cond": "(id = ci.person_id)", "Filter": "((name)::text ~~ '%Downey%Robert%'::text)", "Plans": [{"Node Type": "Bitmap Index Scan", "Parent Relationship": "Outer", "Index Name": "name_pkey", "Startup Cost": 0.0, "Total Cost": 0.26, "Plan Rows": 1, "Plan Width": 0, "Index Cond": "(id = ci.person_id)"}]}]}, {"Node Type": "Bitmap Heap Scan", "Parent Relationship": "Inner", "Relation Name": "title", "Alias": "t", "Startup Cost": 0.26, "Total Cost": 4.27, "Plan Rows": 1, "Plan Width": 21, "Recheck Cond": "(id = ci.movie_id)", "Filter": "(production_year > 2010)", "Plans": [{"Node Type": "Bitmap Index Scan", "Parent Relationship": "Outer", "Index Name": "title_pkey", "Startup Cost": 0.0, "Total Cost": 0.26, "Plan Rows": 1, "Plan Width": 0, "Index Cond": "(id = ci.movie_id)"}]}]}]}, "Unique SQL Id": 4208751436, "Planner Runtime": 2}, "explain_analyze_plan": null}, "(1, '88')": {"explain_plan": {"Plan": {"Node Type": "Aggregate", "Strategy": "Plain", "Startup Cost": 2676.27, "Total Cost": 2676.28, "Plan Rows": 1, "Plan Width": 144, "Plans": [{"Node Type": "Nested Loop", "Parent Relationship": "Outer", "Join Type": "Inner", "Startup Cost": 0.0, "Total Cost": 2675.2, "Plan Rows": 143, "Plan Width": 48, "Inner Unique": true, "Plans": [{"Node Type": "Nested Loop", "Parent Relationship": "Outer", "Join Type": "Inner", "Startup Cost": 0.0, "Total Cost": 2612.01, "Plan Rows": 218, "Plan Width": 37, "Inner Unique": false, "Join Filter": "(t.id = ci.movie_id)", "Plans": [{"Node Type": "Nested Loop", "Parent Relationship": "Outer", "Join Type": "Inner", "Startup Cost": 0.0, "Total Cost": 2583.93, "Plan Rows": 36, "Plan Width": 41, "Inner Unique": true, "Plans": [{"Node Type": "Nested Loop", "Parent Relationship": "Outer", "Join Type": "Inner", "Startup Cost": 0.0, "Total Cost": 2573.32, "Plan Rows": 33, "Plan Width": 20, "Inner Unique": false, "Plans": [{"Node Type": "Seq Scan", "Parent Relationship": "Outer", "Relation Name": "keyword", "Alias": "k", "Startup Cost": 0.0, "Total Cost": 2436.11, "Plan Rows": 1, "Plan Width": 20, "Filter": "((keyword)::text = 'marvel-cinematic-universe'::text)"}, {"Node Type": "Index Scan", "Parent Relationship": "Inner", "Scan Direction": "Forward", "Index Name": "keyword_id_movie_keyword", "Relation Name": "movie_keyword", "Alias": "mk", "Startup Cost": 0.0, "Total Cost": 136.88, "Plan Rows": 33, "Plan Width": 8, "Index Cond": "(keyword_id = k.id)"}]}, {"Node Type": "Index Scan", "Parent Relationship": "Inner", "Scan Direction": "Forward", "Index Name": "title_pkey", "Relation Name": "title", "Alias": "t", "Startup Cost": 0.0, "Total Cost": 0.31, "Plan Rows": 1, "Plan Width": 21, "Index Cond": "(id = mk.movie_id)", "Filter": "(production_year > 2010)"}]}, {"Node Type": "Index Scan", "Parent Relationship": "Inner", "Scan Direction": "Forward", "Index Name": "movie_id_cast_info", "Relation Name": "cast_info", "Alias": "ci", "Startup Cost": 0.0, "Total Cost": 0.7, "Plan Rows": 6, "Plan Width": 8, "Index Cond": "(movie_id = mk.movie_id)"}]}, {"Node Type": "Index Scan", "Parent Relationship": "Inner", "Scan Direction": "Forward", "Index Name": "name_pkey", "Relation Name": "name", "Alias": "n", "Startup Cost": 0.0, "Total Cost": 0.28, "Plan Rows": 1, "Plan Width": 19, "Index Cond": "(id = ci.person_id)", "Filter": "((name)::text ~~ '%Downey%Robert%'::text)"}]}]}, "Unique SQL Id": 4208751436, "Planner Runtime": 6}, "explain_analyze_plan": {"Plan": {"Node Type": "Aggregate", "Strategy": "Plain", "Startup Cost": 2676.27, "Total Cost": 2676.28, "Plan Rows": 1, "Plan Width": 144, "Actual Startup Time": 53.852, "Actual Total Time": 53.852, "Actual Rows": 1, "Actual Loops": 1, "Plans": [{"Node Type": "Nested Loop", "Parent Relationship": "Outer", "Join Type": "Inner", "Startup Cost": 0.0, "Total Cost": 2675.2, "Plan Rows": 143, "Plan Width": 48, "Actual Startup Time": 3.256, "Actual Total Time": 53.816, "Actual Rows": 6, "Actual Loops": 1, "Inner Unique": true, "Plans": [{"Node Type": "Nested Loop", "Parent Relationship": "Outer", "Join Type": "Inner", "Startup Cost": 0.0, "Total Cost": 2612.01, "Plan Rows": 218, "Plan Width": 37, "Actual Startup Time": 1.114, "Actual Total Time": 45.003, "Actual Rows": 1224, "Actual Loops": 1, "Inner Unique": false, "Join Filter": "(t.id = ci.movie_id)", "Rows Removed by Join Filter": 0, "Plans": [{"Node Type": "Nested Loop", "Parent Relationship": "Outer", "Join Type": "Inner", "Startup Cost": 0.0, "Total Cost": 2583.93, "Plan Rows": 36, "Plan Width": 41, "Actual Startup Time": 1.093, "Actual Total Time": 41.801, "Actual Rows": 11, "Actual Loops": 1, "Inner Unique": true, "Plans": [{"Node Type": "Nested Loop", "Parent Relationship": "Outer", "Join Type": "Inner", "Startup Cost": 0.0, "Total Cost": 2573.32, "Plan Rows": 33, "Plan Width": 20, "Actual Startup Time": 1.078, "Actual Total Time": 41.656, "Actual Rows": 14, "Actual Loops": 1, "Inner Unique": false, "Plans": [{"Node Type": "Seq Scan", "Parent Relationship": "Outer", "Relation Name": "keyword", "Alias": "k", "Startup Cost": 0.0, "Total Cost": 2436.11, "Plan Rows": 1, "Plan Width": 20, "Actual Startup Time": 1.056, "Actual Total Time": 41.592, "Actual Rows": 1, "Actual Loops": 1, "Filter": "((keyword)::text = 'marvel-cinematic-universe'::text)", "Rows Removed by Filter": 134168}, {"Node Type": "Index Scan", "Parent Relationship": "Inner", "Scan Direction": "Forward", "Index Name": "keyword_id_movie_keyword", "Relation Name": "movie_keyword", "Alias": "mk", "Startup Cost": 0.0, "Total Cost": 136.88, "Plan Rows": 33, "Plan Width": 8, "Actual Startup Time": 0.017, "Actual Total Time": 0.052, "Actual Rows": 14, "Actual Loops": 1, "Index Cond": "(keyword_id = k.id)", "Rows Removed by Index Recheck": 0}]}, {"Node Type": "Index Scan", "Parent Relationship": "Inner", "Scan Direction": "Forward", "Index Name": "title_pkey", "Relation Name": "title", "Alias": "t", "Startup Cost": 0.0, "Total Cost": 0.31, "Plan Rows": 1, "Plan Width": 21, "Actual Startup Time": 0.128, "Actual Total Time": 0.128, "Actual Rows": 11, "Actual Loops": 14, "Index Cond": "(id = mk.movie_id)", "Rows Removed by Index Recheck": 0, "Filter": "(production_year > 2010)", "Rows Removed by Filter": 3}]}, {"Node Type": "Index Scan", "Parent Relationship": "Inner", "Scan Direction": "Forward", "Index Name": "movie_id_cast_info", "Relation Name": "cast_info", "Alias": "ci", "Startup Cost": 0.0, "Total Cost": 0.7, "Plan Rows": 6, "Plan Width": 8, "Actual Startup Time": 0.18, "Actual Total Time": 2.714, "Actual Rows": 1224, "Actual Loops": 11, "Index Cond": "(movie_id = mk.movie_id)", "Rows Removed by Index Recheck": 0}]}, {"Node Type": "Index Scan", "Parent Relationship": "Inner", "Scan Direction": "Forward", "Index Name": "name_pkey", "Relation Name": "name", "Alias": "n", "Startup Cost": 0.0, "Total Cost": 0.28, "Plan Rows": 1, "Plan Width": 19, "Actual Startup Time": 8.191, "Actual Total Time": 8.191, "Actual Rows": 6, "Actual Loops": 1224, "Index Cond": "(id = ci.person_id)", "Rows Removed by Index Recheck": 0, "Filter": "((name)::text ~~ '%Downey%Robert%'::text)", "Rows Removed by Filter": 1218}]}]}, "Triggers": [], "Planner Runtime": 7.052, "Total Runtime": 54.126, "Unique SQL Id": 4208751436}}, "(1, '89')": {"explain_plan": {"Plan": {"Node Type": "Aggregate", "Strategy": "Plain", "Startup Cost": 3422.88, "Total Cost": 3422.89, "Plan Rows": 1, "Plan Width": 144, "Plans": [{"Node Type": "Nested Loop", "Parent Relationship": "Outer", "Join Type": "Inner", "Startup Cost": 0.0, "Total Cost": 3421.81, "Plan Rows": 143, "Plan Width": 48, "Inner Unique": true, "Plans": [{"Node Type": "Nested Loop", "Parent Relationship": "Outer", "Join Type": "Inner", "Startup Cost": 0.0, "Total Cost": 3358.61, "Plan Rows": 218, "Plan Width": 37, "Inner Unique": false, "Join Filter": "(t.id = ci.movie_id)", "Plans": [{"Node Type": "Nested Loop", "Parent Relationship": "Outer", "Join Type": "Inner", "Startup Cost": 0.0, "Total Cost": 3330.53, "Plan Rows": 36, "Plan Width": 41, "Inner Unique": true, "Plans": [{"Node Type": "Nested Loop", "Parent Relationship": "Outer", "Join Type": "Inner", "Startup Cost": 0.0, "Total Cost": 3319.92, "Plan Rows": 33, "Plan Width": 20, "Inner Unique": false, "Plans": [{"Node Type": "Index Scan", "Parent Relationship": "Outer", "Scan Direction": "Forward", "Index Name": "keyword_pkey", "Relation Name": "keyword", "Alias": "k", "Startup Cost": 0.0, "Total Cost": 3182.72, "Plan Rows": 1, "Plan Width": 20, "Filter": "((keyword)::text = 'marvel-cinematic-universe'::text)"}, {"Node Type": "Index Scan", "Parent Relationship": "Inner", "Scan Direction": "Forward", "Index Name": "keyword_id_movie_keyword", "Relation Name": "movie_keyword", "Alias": "mk", "Startup Cost": 0.0, "Total Cost": 136.88, "Plan Rows": 33, "Plan Width": 8, "Index Cond": "(keyword_id = k.id)"}]}, {"Node Type": "Index Scan", "Parent Relationship": "Inner", "Scan Direction": "Forward", "Index Name": "title_pkey", "Relation Name": "title", "Alias": "t", "Startup Cost": 0.0, "Total Cost": 0.31, "Plan Rows": 1, "Plan Width": 21, "Index Cond": "(id = mk.movie_id)", "Filter": "(production_year > 2010)"}]}, {"Node Type": "Index Scan", "Parent Relationship": "Inner", "Scan Direction": "Forward", "Index Name": "movie_id_cast_info", "Relation Name": "cast_info", "Alias": "ci", "Startup Cost": 0.0, "Total Cost": 0.7, "Plan Rows": 6, "Plan Width": 8, "Index Cond": "(movie_id = mk.movie_id)"}]}, {"Node Type": "Index Scan", "Parent Relationship": "Inner", "Scan Direction": "Forward", "Index Name": "name_pkey", "Relation Name": "name", "Alias": "n", "Startup Cost": 0.0, "Total Cost": 0.28, "Plan Rows": 1, "Plan Width": 19, "Index Cond": "(id = ci.person_id)", "Filter": "((name)::text ~~ '%Downey%Robert%'::text)"}]}]}, "Unique SQL Id": 4208751436, "Planner Runtime": 5}, "explain_analyze_plan": null}, "(1, '90')": {"explain_plan": {"Plan": {"Node Type": "Aggregate", "Strategy": "Plain", "Startup Cost": 6132307.88, "Total Cost": 6132307.89, "Plan Rows": 1, "Plan Width": 144, "Plans": [{"Node Type": "Merge Join", "Parent Relationship": "Outer", "Join Type": "Inner", "Startup Cost": 6130313.49, "Total Cost": 6132306.81, "Plan Rows": 143, "Plan Width": 48, "Inner Unique": false, "Merge Cond": "(t.id = ci.movie_id)", "Plans": [{"Node Type": "Merge Join", "Parent Relationship": "Outer", "Join Type": "Inner", "Startup Cost": 690352.17, "Total Cost": 692307.79, "Plan Rows": 36, "Plan Width": 41, "Inner Unique": true, "Merge Cond": "(mk.movie_id = t.id)", "Plans": [{"Node Type": "Sort", "Parent Relationship": "Outer", "Startup Cost": 587599.24, "Total Cost": 587599.32, "Plan Rows": 33, "Plan Width": 20, "Sort Key": ["mk.movie_id"], "Plans": [{"Node Type": "Merge Join", "Parent Relationship": "Outer", "Join Type": "Inner", "Startup Cost": 564978.42, "Total Cost": 587598.4, "Plan Rows": 33, "Plan Width": 20, "Inner Unique": false, "Merge Cond": "(k.id = mk.keyword_id)", "Plans": [{"Node Type": "Sort", "Parent Relationship": "Outer", "Startup Cost": 2436.12, "Total Cost": 2436.13, "Plan Rows": 1, "Plan Width": 20, "Sort Key": ["k.id"], "Plans": [{"Node Type": "Seq Scan", "Parent Relationship": "Outer", "Relation Name": "keyword", "Alias": "k", "Startup Cost": 0.0, "Total Cost": 2436.11, "Plan Rows": 1, "Plan Width": 20, "Filter": "((keyword)::text = 'marvel-cinematic-universe'::text)"}]}, {"Node Type": "Sort", "Parent Relationship": "Inner", "Startup Cost": 562542.3, "Total Cost": 573852.12, "Plan Rows": 4523929, "Plan Width": 8, "Sort Key": ["mk.keyword_id"], "Plans": [{"Node Type": "Seq Scan", "Parent Relationship": "Outer", "Relation Name": "movie_keyword", "Alias": "mk", "Startup Cost": 0.0, "Total Cost": 62441.29, "Plan Rows": 4523929, "Plan Width": 8}]}]}]}, {"Node Type": "Sort", "Parent Relationship": "Inner", "Startup Cost": 102752.7, "Total Cost": 103731.32, "Plan Rows": 391451, "Plan Width": 21, "Sort Key": ["t.id"], "Plans": [{"Node Type": "Seq Scan", "Parent Relationship": "Outer", "Relation Name": "title", "Alias": "t", "Startup Cost": 0.0, "Total Cost": 66389.89, "Plan Rows": 391451, "Plan Width": 21, "Filter": "(production_year > 2010), (LLVM Optimized)"}]}]}, {"Node Type": "Sort", "Parent Relationship": "Inner", "Startup Cost": 5439961.32, "Total Cost": 5439980.12, "Plan Rows": 7520, "Plan Width": 19, "Sort Key": ["ci.movie_id"], "Plans": [{"Node Type": "Merge Join", "Parent Relationship": "Outer", "Join Type": "Inner", "Startup Cost": 5258108.18, "Total Cost": 5439477.16, "Plan Rows": 7520, "Plan Width": 19, "Inner Unique": false, "Merge Cond": "(n.id = ci.person_id)", "Plans": [{"Node Type": "Sort", "Parent Relationship": "Outer", "Startup Cost": 103508.67, "Total Cost": 103509.71, "Plan Rows": 415, "Plan Width": 19, "Sort Key": ["n.id"], "Plans": [{"Node Type": "Seq Scan", "Parent Relationship": "Outer", "Relation Name": "name", "Alias": "n", "Startup Cost": 0.0, "Total Cost": 103490.62, "Plan Rows": 415, "Plan Width": 19, "Filter": "((name)::text ~~ '%Downey%Robert%'::text)"}]}, {"Node Type": "Sort", "Parent Relationship": "Inner", "Startup Cost": 5154593.8, "Total Cost": 5245242.54, "Plan Rows": 36259494, "Plan Width": 8, "Sort Key": ["ci.person_id"], "Plans": [{"Node Type": "Seq Scan", "Parent Relationship": "Outer", "Relation Name": "cast_info", "Alias": "ci", "Startup Cost": 0.0, "Total Cost": 601877.94, "Plan Rows": 36259494, "Plan Width": 8}]}]}]}]}]}, "Unique SQL Id": 4208751436, "Planner Runtime": 5}, "explain_analyze_plan": null}, "(1, '91')": {"explain_plan": {"Plan": {"Node Type": "Aggregate", "Strategy": "Plain", "Startup Cost": 4971239154927.62, "Total Cost": 4971239154927.63, "Plan Rows": 1, "Plan Width": 144, "Plans": [{"Node Type": "Merge Join", "Parent Relationship": "Outer", "Join Type": "Inner", "Startup Cost": 3981238836616.52, "Total Cost": 4971239154925.99, "Plan Rows": 218, "Plan Width": 48, "Inner Unique": true, "Merge Cond": "(mk.keyword_id = k.id)", "Plans": [{"Node Type": "Sort", "Parent Relationship": "Outer", "Startup Cost": 3971238836616.52, "Total Cost": 3971238836635.41, "Plan Rows": 7553, "Plan Width": 36, "Sort Key": ["mk.keyword_id"], "Plans": [{"Node Type": "Merge Join", "Parent Relationship": "Outer", "Join Type": "Inner", "Startup Cost": 1994069342563.31, "Total Cost": 3971238836130.0, "Plan Rows": 7553, "Plan Width": 36, "Inner Unique": false, "Merge Cond": "(t.id = ci.movie_id)", "Plans": [{"Node Type": "Merge Join", "Parent Relationship": "Outer", "Join Type": "Inner", "Startup Cost": 20121395931.97, "Total Cost": 1999055821179.06, "Plan Rows": 3158553, "Plan Width": 29, "Inner Unique": false, "Merge Cond": "(t.id = mk.movie_id)", "Plans": [{"Node Type": "Index Scan", "Parent Relationship": "Outer", "Scan Direction": "Forward", "Index Name": "title_pkey", "Relation Name": "title", "Alias": "t", "Startup Cost": 10000000000.0, "Total Cost": 1000011644126.66, "Plan Rows": 391451, "Plan Width": 21, "Filter": "(production_year > 2010), (LLVM Optimized)"}, {"Node Type": "Index Scan", "Parent Relationship": "Inner", "Scan Direction": "Forward", "Index Name": "movie_id_movie_keyword", "Relation Name": "movie_keyword", "Alias": "mk", "Startup Cost": 10000000000.0, "Total Cost": 1000015300634.17, "Plan Rows": 4523929, "Plan Width": 8}]}, {"Node Type": "Sort", "Parent Relationship": "Inner", "Startup Cost": 1973947946631.34, "Total Cost": 1973947946650.14, "Plan Rows": 7520, "Plan Width": 19, "Sort Key": ["ci.movie_id"], "Plans": [{"Node Type": "Merge Join", "Parent Relationship": "Outer", "Join Type": "Inner", "Startup Cost": 20031158317.15, "Total Cost": 1973947946147.19, "Plan Rows": 7520, "Plan Width": 19, "Inner Unique": true, "Merge Cond": "(ci.person_id = n.id)", "Plans": [{"Node Type": "Index Scan", "Parent Relationship": "Outer", "Scan Direction": "Forward", "Index Name": "person_id_cast_info", "Relation Name": "cast_info", "Alias": "ci", "Startup Cost": 10000000000.0, "Total Cost": 1000170648833.21, "Plan Rows": 36259494, "Plan Width": 8}, {"Node Type": "Materialize", "Parent Relationship": "Inner", "Startup Cost": 10000000000.0, "Total Cost": 1000018665148.24, "Plan Rows": 415, "Plan Width": 19, "Plans": [{"Node Type": "Index Scan", "Parent Relationship": "Outer", "Scan Direction": "Forward", "Index Name": "name_pkey", "Relation Name": "name", "Alias": "n", "Startup Cost": 10000000000.0, "Total Cost": 1000018665147.2, "Plan Rows": 415, "Plan Width": 19, "Filter": "((name)::text ~~ '%Downey%Robert%'::text)"}]}]}]}]}]}, {"Node Type": "Index Scan", "Parent Relationship": "Inner", "Scan Direction": "Forward", "Index Name": "keyword_pkey", "Relation Name": "keyword", "Alias": "k", "Startup Cost": 10000000000.0, "Total Cost": 1000000318271.68, "Plan Rows": 1, "Plan Width": 20, "Filter": "((keyword)::text = 'marvel-cinematic-universe'::text)"}]}]}, "Unique SQL Id": 4208751436, "Planner Runtime": 9}, "explain_analyze_plan": null}, "(1, '92')": {"explain_plan": {"Plan": {"Node Type": "Aggregate", "Strategy": "Plain", "Startup Cost": 2676.27, "Total Cost": 2676.28, "Plan Rows": 1, "Plan Width": 144, "Plans": [{"Node Type": "Nested Loop", "Parent Relationship": "Outer", "Join Type": "Inner", "Startup Cost": 0.0, "Total Cost": 2675.2, "Plan Rows": 143, "Plan Width": 48, "Inner Unique": true, "Plans": [{"Node Type": "Nested Loop", "Parent Relationship": "Outer", "Join Type": "Inner", "Startup Cost": 0.0, "Total Cost": 2612.01, "Plan Rows": 218, "Plan Width": 37, "Inner Unique": false, "Join Filter": "(t.id = ci.movie_id)", "Plans": [{"Node Type": "Nested Loop", "Parent Relationship": "Outer", "Join Type": "Inner", "Startup Cost": 0.0, "Total Cost": 2583.93, "Plan Rows": 36, "Plan Width": 41, "Inner Unique": true, "Plans": [{"Node Type": "Nested Loop", "Parent Relationship": "Outer", "Join Type": "Inner", "Startup Cost": 0.0, "Total Cost": 2573.32, "Plan Rows": 33, "Plan Width": 20, "Inner Unique": false, "Plans": [{"Node Type": "Seq Scan", "Parent Relationship": "Outer", "Relation Name": "keyword", "Alias": "k", "Startup Cost": 0.0, "Total Cost": 2436.11, "Plan Rows": 1, "Plan Width": 20, "Filter": "((keyword)::text = 'marvel-cinematic-universe'::text)"}, {"Node Type": "Index Scan", "Parent Relationship": "Inner", "Scan Direction": "Forward", "Index Name": "keyword_id_movie_keyword", "Relation Name": "movie_keyword", "Alias": "mk", "Startup Cost": 0.0, "Total Cost": 136.88, "Plan Rows": 33, "Plan Width": 8, "Index Cond": "(keyword_id = k.id)"}]}, {"Node Type": "Index Scan", "Parent Relationship": "Inner", "Scan Direction": "Forward", "Index Name": "title_pkey", "Relation Name": "title", "Alias": "t", "Startup Cost": 0.0, "Total Cost": 0.31, "Plan Rows": 1, "Plan Width": 21, "Index Cond": "(id = mk.movie_id)", "Filter": "(production_year > 2010)"}]}, {"Node Type": "Index Scan", "Parent Relationship": "Inner", "Scan Direction": "Forward", "Index Name": "movie_id_cast_info", "Relation Name": "cast_info", "Alias": "ci", "Startup Cost": 0.0, "Total Cost": 0.7, "Plan Rows": 6, "Plan Width": 8, "Index Cond": "(movie_id = mk.movie_id)"}]}, {"Node Type": "Index Scan", "Parent Relationship": "Inner", "Scan Direction": "Forward", "Index Name": "name_pkey", "Relation Name": "name", "Alias": "n", "Startup Cost": 0.0, "Total Cost": 0.28, "Plan Rows": 1, "Plan Width": 19, "Index Cond": "(id = ci.person_id)", "Filter": "((name)::text ~~ '%Downey%Robert%'::text)"}]}]}, "Unique SQL Id": 4208751436, "Planner Runtime": 6}, "explain_analyze_plan": {"Plan": {"Node Type": "Aggregate", "Strategy": "Plain", "Startup Cost": 2676.27, "Total Cost": 2676.28, "Plan Rows": 1, "Plan Width": 144, "Actual Startup Time": 53.852, "Actual Total Time": 53.852, "Actual Rows": 1, "Actual Loops": 1, "Plans": [{"Node Type": "Nested Loop", "Parent Relationship": "Outer", "Join Type": "Inner", "Startup Cost": 0.0, "Total Cost": 2675.2, "Plan Rows": 143, "Plan Width": 48, "Actual Startup Time": 3.256, "Actual Total Time": 53.816, "Actual Rows": 6, "Actual Loops": 1, "Inner Unique": true, "Plans": [{"Node Type": "Nested Loop", "Parent Relationship": "Outer", "Join Type": "Inner", "Startup Cost": 0.0, "Total Cost": 2612.01, "Plan Rows": 218, "Plan Width": 37, "Actual Startup Time": 1.114, "Actual Total Time": 45.003, "Actual Rows": 1224, "Actual Loops": 1, "Inner Unique": false, "Join Filter": "(t.id = ci.movie_id)", "Rows Removed by Join Filter": 0, "Plans": [{"Node Type": "Nested Loop", "Parent Relationship": "Outer", "Join Type": "Inner", "Startup Cost": 0.0, "Total Cost": 2583.93, "Plan Rows": 36, "Plan Width": 41, "Actual Startup Time": 1.093, "Actual Total Time": 41.801, "Actual Rows": 11, "Actual Loops": 1, "Inner Unique": true, "Plans": [{"Node Type": "Nested Loop", "Parent Relationship": "Outer", "Join Type": "Inner", "Startup Cost": 0.0, "Total Cost": 2573.32, "Plan Rows": 33, "Plan Width": 20, "Actual Startup Time": 1.078, "Actual Total Time": 41.656, "Actual Rows": 14, "Actual Loops": 1, "Inner Unique": false, "Plans": [{"Node Type": "Seq Scan", "Parent Relationship": "Outer", "Relation Name": "keyword", "Alias": "k", "Startup Cost": 0.0, "Total Cost": 2436.11, "Plan Rows": 1, "Plan Width": 20, "Actual Startup Time": 1.056, "Actual Total Time": 41.592, "Actual Rows": 1, "Actual Loops": 1, "Filter": "((keyword)::text = 'marvel-cinematic-universe'::text)", "Rows Removed by Filter": 134168}, {"Node Type": "Index Scan", "Parent Relationship": "Inner", "Scan Direction": "Forward", "Index Name": "keyword_id_movie_keyword", "Relation Name": "movie_keyword", "Alias": "mk", "Startup Cost": 0.0, "Total Cost": 136.88, "Plan Rows": 33, "Plan Width": 8, "Actual Startup Time": 0.017, "Actual Total Time": 0.052, "Actual Rows": 14, "Actual Loops": 1, "Index Cond": "(keyword_id = k.id)", "Rows Removed by Index Recheck": 0}]}, {"Node Type": "Index Scan", "Parent Relationship": "Inner", "Scan Direction": "Forward", "Index Name": "title_pkey", "Relation Name": "title", "Alias": "t", "Startup Cost": 0.0, "Total Cost": 0.31, "Plan Rows": 1, "Plan Width": 21, "Actual Startup Time": 0.128, "Actual Total Time": 0.128, "Actual Rows": 11, "Actual Loops": 14, "Index Cond": "(id = mk.movie_id)", "Rows Removed by Index Recheck": 0, "Filter": "(production_year > 2010)", "Rows Removed by Filter": 3}]}, {"Node Type": "Index Scan", "Parent Relationship": "Inner", "Scan Direction": "Forward", "Index Name": "movie_id_cast_info", "Relation Name": "cast_info", "Alias": "ci", "Startup Cost": 0.0, "Total Cost": 0.7, "Plan Rows": 6, "Plan Width": 8, "Actual Startup Time": 0.18, "Actual Total Time": 2.714, "Actual Rows": 1224, "Actual Loops": 11, "Index Cond": "(movie_id = mk.movie_id)", "Rows Removed by Index Recheck": 0}]}, {"Node Type": "Index Scan", "Parent Relationship": "Inner", "Scan Direction": "Forward", "Index Name": "name_pkey", "Relation Name": "name", "Alias": "n", "Startup Cost": 0.0, "Total Cost": 0.28, "Plan Rows": 1, "Plan Width": 19, "Actual Startup Time": 8.191, "Actual Total Time": 8.191, "Actual Rows": 6, "Actual Loops": 1224, "Index Cond": "(id = ci.person_id)", "Rows Removed by Index Recheck": 0, "Filter": "((name)::text ~~ '%Downey%Robert%'::text)", "Rows Removed by Filter": 1218}]}]}, "Triggers": [], "Planner Runtime": 7.052, "Total Runtime": 54.126, "Unique SQL Id": 4208751436}}, "(1, '93')": {"explain_plan": {"Plan": {"Node Type": "Aggregate", "Strategy": "Plain", "Startup Cost": 3422.88, "Total Cost": 3422.89, "Plan Rows": 1, "Plan Width": 144, "Plans": [{"Node Type": "Nested Loop", "Parent Relationship": "Outer", "Join Type": "Inner", "Startup Cost": 0.0, "Total Cost": 3421.81, "Plan Rows": 143, "Plan Width": 48, "Inner Unique": true, "Plans": [{"Node Type": "Nested Loop", "Parent Relationship": "Outer", "Join Type": "Inner", "Startup Cost": 0.0, "Total Cost": 3358.61, "Plan Rows": 218, "Plan Width": 37, "Inner Unique": false, "Join Filter": "(t.id = ci.movie_id)", "Plans": [{"Node Type": "Nested Loop", "Parent Relationship": "Outer", "Join Type": "Inner", "Startup Cost": 0.0, "Total Cost": 3330.53, "Plan Rows": 36, "Plan Width": 41, "Inner Unique": true, "Plans": [{"Node Type": "Nested Loop", "Parent Relationship": "Outer", "Join Type": "Inner", "Startup Cost": 0.0, "Total Cost": 3319.92, "Plan Rows": 33, "Plan Width": 20, "Inner Unique": false, "Plans": [{"Node Type": "Index Scan", "Parent Relationship": "Outer", "Scan Direction": "Forward", "Index Name": "keyword_pkey", "Relation Name": "keyword", "Alias": "k", "Startup Cost": 0.0, "Total Cost": 3182.72, "Plan Rows": 1, "Plan Width": 20, "Filter": "((keyword)::text = 'marvel-cinematic-universe'::text)"}, {"Node Type": "Index Scan", "Parent Relationship": "Inner", "Scan Direction": "Forward", "Index Name": "keyword_id_movie_keyword", "Relation Name": "movie_keyword", "Alias": "mk", "Startup Cost": 0.0, "Total Cost": 136.88, "Plan Rows": 33, "Plan Width": 8, "Index Cond": "(keyword_id = k.id)"}]}, {"Node Type": "Index Scan", "Parent Relationship": "Inner", "Scan Direction": "Forward", "Index Name": "title_pkey", "Relation Name": "title", "Alias": "t", "Startup Cost": 0.0, "Total Cost": 0.31, "Plan Rows": 1, "Plan Width": 21, "Index Cond": "(id = mk.movie_id)", "Filter": "(production_year > 2010)"}]}, {"Node Type": "Index Scan", "Parent Relationship": "Inner", "Scan Direction": "Forward", "Index Name": "movie_id_cast_info", "Relation Name": "cast_info", "Alias": "ci", "Startup Cost": 0.0, "Total Cost": 0.7, "Plan Rows": 6, "Plan Width": 8, "Index Cond": "(movie_id = mk.movie_id)"}]}, {"Node Type": "Index Scan", "Parent Relationship": "Inner", "Scan Direction": "Forward", "Index Name": "name_pkey", "Relation Name": "name", "Alias": "n", "Startup Cost": 0.0, "Total Cost": 0.28, "Plan Rows": 1, "Plan Width": 19, "Index Cond": "(id = ci.person_id)", "Filter": "((name)::text ~~ '%Downey%Robert%'::text)"}]}]}, "Unique SQL Id": 4208751436, "Planner Runtime": 5}, "explain_analyze_plan": null}, "(1, '94')": {"explain_plan": {"Plan": {"Node Type": "Aggregate", "Strategy": "Plain", "Startup Cost": 6132307.88, "Total Cost": 6132307.89, "Plan Rows": 1, "Plan Width": 144, "Plans": [{"Node Type": "Merge Join", "Parent Relationship": "Outer", "Join Type": "Inner", "Startup Cost": 6130313.49, "Total Cost": 6132306.81, "Plan Rows": 143, "Plan Width": 48, "Inner Unique": false, "Merge Cond": "(t.id = ci.movie_id)", "Plans": [{"Node Type": "Merge Join", "Parent Relationship": "Outer", "Join Type": "Inner", "Startup Cost": 690352.17, "Total Cost": 692307.79, "Plan Rows": 36, "Plan Width": 41, "Inner Unique": true, "Merge Cond": "(mk.movie_id = t.id)", "Plans": [{"Node Type": "Sort", "Parent Relationship": "Outer", "Startup Cost": 587599.24, "Total Cost": 587599.32, "Plan Rows": 33, "Plan Width": 20, "Sort Key": ["mk.movie_id"], "Plans": [{"Node Type": "Merge Join", "Parent Relationship": "Outer", "Join Type": "Inner", "Startup Cost": 564978.42, "Total Cost": 587598.4, "Plan Rows": 33, "Plan Width": 20, "Inner Unique": false, "Merge Cond": "(k.id = mk.keyword_id)", "Plans": [{"Node Type": "Sort", "Parent Relationship": "Outer", "Startup Cost": 2436.12, "Total Cost": 2436.13, "Plan Rows": 1, "Plan Width": 20, "Sort Key": ["k.id"], "Plans": [{"Node Type": "Seq Scan", "Parent Relationship": "Outer", "Relation Name": "keyword", "Alias": "k", "Startup Cost": 0.0, "Total Cost": 2436.11, "Plan Rows": 1, "Plan Width": 20, "Filter": "((keyword)::text = 'marvel-cinematic-universe'::text)"}]}, {"Node Type": "Sort", "Parent Relationship": "Inner", "Startup Cost": 562542.3, "Total Cost": 573852.12, "Plan Rows": 4523929, "Plan Width": 8, "Sort Key": ["mk.keyword_id"], "Plans": [{"Node Type": "Seq Scan", "Parent Relationship": "Outer", "Relation Name": "movie_keyword", "Alias": "mk", "Startup Cost": 0.0, "Total Cost": 62441.29, "Plan Rows": 4523929, "Plan Width": 8}]}]}]}, {"Node Type": "Sort", "Parent Relationship": "Inner", "Startup Cost": 102752.7, "Total Cost": 103731.32, "Plan Rows": 391451, "Plan Width": 21, "Sort Key": ["t.id"], "Plans": [{"Node Type": "Seq Scan", "Parent Relationship": "Outer", "Relation Name": "title", "Alias": "t", "Startup Cost": 0.0, "Total Cost": 66389.89, "Plan Rows": 391451, "Plan Width": 21, "Filter": "(production_year > 2010), (LLVM Optimized)"}]}]}, {"Node Type": "Sort", "Parent Relationship": "Inner", "Startup Cost": 5439961.32, "Total Cost": 5439980.12, "Plan Rows": 7520, "Plan Width": 19, "Sort Key": ["ci.movie_id"], "Plans": [{"Node Type": "Merge Join", "Parent Relationship": "Outer", "Join Type": "Inner", "Startup Cost": 5258108.18, "Total Cost": 5439477.16, "Plan Rows": 7520, "Plan Width": 19, "Inner Unique": false, "Merge Cond": "(n.id = ci.person_id)", "Plans": [{"Node Type": "Sort", "Parent Relationship": "Outer", "Startup Cost": 103508.67, "Total Cost": 103509.71, "Plan Rows": 415, "Plan Width": 19, "Sort Key": ["n.id"], "Plans": [{"Node Type": "Seq Scan", "Parent Relationship": "Outer", "Relation Name": "name", "Alias": "n", "Startup Cost": 0.0, "Total Cost": 103490.62, "Plan Rows": 415, "Plan Width": 19, "Filter": "((name)::text ~~ '%Downey%Robert%'::text)"}]}, {"Node Type": "Sort", "Parent Relationship": "Inner", "Startup Cost": 5154593.8, "Total Cost": 5245242.54, "Plan Rows": 36259494, "Plan Width": 8, "Sort Key": ["ci.person_id"], "Plans": [{"Node Type": "Seq Scan", "Parent Relationship": "Outer", "Relation Name": "cast_info", "Alias": "ci", "Startup Cost": 0.0, "Total Cost": 601877.94, "Plan Rows": 36259494, "Plan Width": 8}]}]}]}]}]}, "Unique SQL Id": 4208751436, "Planner Runtime": 5}, "explain_analyze_plan": null}, "(1, '95')": {"explain_plan": {"Plan": {"Node Type": "Aggregate", "Strategy": "Plain", "Startup Cost": 4971239154927.62, "Total Cost": 4971239154927.63, "Plan Rows": 1, "Plan Width": 144, "Plans": [{"Node Type": "Merge Join", "Parent Relationship": "Outer", "Join Type": "Inner", "Startup Cost": 3981238836616.52, "Total Cost": 4971239154925.99, "Plan Rows": 218, "Plan Width": 48, "Inner Unique": true, "Merge Cond": "(mk.keyword_id = k.id)", "Plans": [{"Node Type": "Sort", "Parent Relationship": "Outer", "Startup Cost": 3971238836616.52, "Total Cost": 3971238836635.41, "Plan Rows": 7553, "Plan Width": 36, "Sort Key": ["mk.keyword_id"], "Plans": [{"Node Type": "Merge Join", "Parent Relationship": "Outer", "Join Type": "Inner", "Startup Cost": 1994069342563.31, "Total Cost": 3971238836130.0, "Plan Rows": 7553, "Plan Width": 36, "Inner Unique": false, "Merge Cond": "(t.id = ci.movie_id)", "Plans": [{"Node Type": "Merge Join", "Parent Relationship": "Outer", "Join Type": "Inner", "Startup Cost": 20121395931.97, "Total Cost": 1999055821179.06, "Plan Rows": 3158553, "Plan Width": 29, "Inner Unique": false, "Merge Cond": "(t.id = mk.movie_id)", "Plans": [{"Node Type": "Index Scan", "Parent Relationship": "Outer", "Scan Direction": "Forward", "Index Name": "title_pkey", "Relation Name": "title", "Alias": "t", "Startup Cost": 10000000000.0, "Total Cost": 1000011644126.66, "Plan Rows": 391451, "Plan Width": 21, "Filter": "(production_year > 2010), (LLVM Optimized)"}, {"Node Type": "Index Scan", "Parent Relationship": "Inner", "Scan Direction": "Forward", "Index Name": "movie_id_movie_keyword", "Relation Name": "movie_keyword", "Alias": "mk", "Startup Cost": 10000000000.0, "Total Cost": 1000015300634.17, "Plan Rows": 4523929, "Plan Width": 8}]}, {"Node Type": "Sort", "Parent Relationship": "Inner", "Startup Cost": 1973947946631.34, "Total Cost": 1973947946650.14, "Plan Rows": 7520, "Plan Width": 19, "Sort Key": ["ci.movie_id"], "Plans": [{"Node Type": "Merge Join", "Parent Relationship": "Outer", "Join Type": "Inner", "Startup Cost": 20031158317.15, "Total Cost": 1973947946147.19, "Plan Rows": 7520, "Plan Width": 19, "Inner Unique": true, "Merge Cond": "(ci.person_id = n.id)", "Plans": [{"Node Type": "Index Scan", "Parent Relationship": "Outer", "Scan Direction": "Forward", "Index Name": "person_id_cast_info", "Relation Name": "cast_info", "Alias": "ci", "Startup Cost": 10000000000.0, "Total Cost": 1000170648833.21, "Plan Rows": 36259494, "Plan Width": 8}, {"Node Type": "Materialize", "Parent Relationship": "Inner", "Startup Cost": 10000000000.0, "Total Cost": 1000018665148.24, "Plan Rows": 415, "Plan Width": 19, "Plans": [{"Node Type": "Index Scan", "Parent Relationship": "Outer", "Scan Direction": "Forward", "Index Name": "name_pkey", "Relation Name": "name", "Alias": "n", "Startup Cost": 10000000000.0, "Total Cost": 1000018665147.2, "Plan Rows": 415, "Plan Width": 19, "Filter": "((name)::text ~~ '%Downey%Robert%'::text)"}]}]}]}]}]}, {"Node Type": "Index Scan", "Parent Relationship": "Inner", "Scan Direction": "Forward", "Index Name": "keyword_pkey", "Relation Name": "keyword", "Alias": "k", "Startup Cost": 10000000000.0, "Total Cost": 1000000318271.68, "Plan Rows": 1, "Plan Width": 20, "Filter": "((keyword)::text = 'marvel-cinematic-universe'::text)"}]}]}, "Unique SQL Id": 4208751436, "Planner Runtime": 9}, "explain_analyze_plan": null}, "(1, '96')": {"explain_plan": {"Plan": {"Node Type": "Aggregate", "Strategy": "Plain", "Startup Cost": 2653.12, "Total Cost": 2653.13, "Plan Rows": 1, "Plan Width": 144, "Plans": [{"Node Type": "Nested Loop", "Parent Relationship": "Outer", "Join Type": "Inner", "Startup Cost": 4.51, "Total Cost": 2653.12, "Plan Rows": 1, "Plan Width": 48, "Inner Unique": true, "Join Filter": "(mk.movie_id = t.id)", "Plans": [{"Node Type": "Nested Loop", "Parent Relationship": "Outer", "Join Type": "Inner", "Startup Cost": 4.51, "Total Cost": 2652.83, "Plan Rows": 1, "Plan Width": 39, "Inner Unique": true, "Plans": [{"Node Type": "Nested Loop", "Parent Relationship": "Outer", "Join Type": "Inner", "Startup Cost": 4.51, "Total Cost": 2594.27, "Plan Rows": 202, "Plan Width": 28, "Inner Unique": false, "Plans": [{"Node Type": "Nested Loop", "Parent Relationship": "Outer", "Join Type": "Inner", "Startup Cost": 4.51, "Total Cost": 2569.02, "Plan Rows": 33, "Plan Width": 20, "Inner Unique": false, "Plans": [{"Node Type": "Seq Scan", "Parent Relationship": "Outer", "Relation Name": "keyword", "Alias": "k", "Startup Cost": 0.0, "Total Cost": 2436.11, "Plan Rows": 1, "Plan Width": 20, "Filter": "((keyword)::text = 'marvel-cinematic-universe'::text)"}, {"Node Type": "Bitmap Heap Scan", "Parent Relationship": "Inner", "Relation Name": "movie_keyword", "Alias": "mk", "Startup Cost": 4.51, "Total Cost": 132.58, "Plan Rows": 33, "Plan Width": 8, "Recheck Cond": "(keyword_id = k.id)", "Plans": [{"Node Type": "Bitmap Index Scan", "Parent Relationship": "Outer", "Index Name": "keyword_id_movie_keyword", "Startup Cost": 0.0, "Total Cost": 4.5, "Plan Rows": 33, "Plan Width": 0, "Index Cond": "(keyword_id = k.id)"}]}]}, {"Node Type": "Index Scan", "Parent Relationship": "Inner", "Scan Direction": "Forward", "Index Name": "movie_id_cast_info", "Relation Name": "cast_info", "Alias": "ci", "Startup Cost": 0.0, "Total Cost": 0.7, "Plan Rows": 6, "Plan Width": 8, "Index Cond": "(movie_id = mk.movie_id)"}]}, {"Node Type": "Index Scan", "Parent Relationship": "Inner", "Scan Direction": "Forward", "Index Name": "name_pkey", "Relation Name": "name", "Alias": "n", "Startup Cost": 0.0, "Total Cost": 0.28, "Plan Rows": 1, "Plan Width": 19, "Index Cond": "(id = ci.person_id)", "Filter": "((name)::text ~~ '%Downey%Robert%'::text)"}]}, {"Node Type": "Index Scan", "Parent Relationship": "Inner", "Scan Direction": "Forward", "Index Name": "title_pkey", "Relation Name": "title", "Alias": "t", "Startup Cost": 0.0, "Total Cost": 0.28, "Plan Rows": 1, "Plan Width": 21, "Index Cond": "(id = ci.movie_id)", "Filter": "(production_year > 2010)"}]}]}, "Unique SQL Id": 4208751436, "Planner Runtime": 2}, "explain_analyze_plan": {"Plan": {"Node Type": "Aggregate", "Strategy": "Plain", "Startup Cost": 2653.12, "Total Cost": 2653.13, "Plan Rows": 1, "Plan Width": 144, "Actual Startup Time": 50.116, "Actual Total Time": 50.116, "Actual Rows": 1, "Actual Loops": 1, "Plans": [{"Node Type": "Nested Loop", "Parent Relationship": "Outer", "Join Type": "Inner", "Startup Cost": 4.51, "Total Cost": 2653.12, "Plan Rows": 1, "Plan Width": 48, "Actual Startup Time": 2.78, "Actual Total Time": 50.084, "Actual Rows": 6, "Actual Loops": 1, "Inner Unique": true, "Join Filter": "(mk.movie_id = t.id)", "Rows Removed by Join Filter": 0, "Plans": [{"Node Type": "Nested Loop", "Parent Relationship": "Outer", "Join Type": "Inner", "Startup Cost": 4.51, "Total Cost": 2652.83, "Plan Rows": 1, "Plan Width": 39, "Actual Startup Time": 2.763, "Actual Total Time": 50.032, "Actual Rows": 6, "Actual Loops": 1, "Inner Unique": true, "Plans": [{"Node Type": "Nested Loop", "Parent Relationship": "Outer", "Join Type": "Inner", "Startup Cost": 4.51, "Total Cost": 2594.27, "Plan Rows": 202, "Plan Width": 28, "Actual Startup Time": 1.106, "Actual Total Time": 42.984, "Actual Rows": 1242, "Actual Loops": 1, "Inner Unique": false, "Plans": [{"Node Type": "Nested Loop", "Parent Relationship": "Outer", "Join Type": "Inner", "Startup Cost": 4.51, "Total Cost": 2569.02, "Plan Rows": 33, "Plan Width": 20, "Actual Startup Time": 1.089, "Actual Total Time": 40.586, "Actual Rows": 14, "Actual Loops": 1, "Inner Unique": false, "Plans": [{"Node Type": "Seq Scan", "Parent Relationship": "Outer", "Relation Name": "keyword", "Alias": "k", "Startup Cost": 0.0, "Total Cost": 2436.11, "Plan Rows": 1, "Plan Width": 20, "Actual Startup Time": 1.052, "Actual Total Time": 40.505, "Actual Rows": 1, "Actual Loops": 1, "Filter": "((keyword)::text = 'marvel-cinematic-universe'::text)", "Rows Removed by Filter": 134168}, {"Node Type": "Bitmap Heap Scan", "Parent Relationship": "Inner", "Relation Name": "movie_keyword", "Alias": "mk", "Startup Cost": 4.51, "Total Cost": 132.58, "Plan Rows": 33, "Plan Width": 8, "Actual Startup Time": 0.03, "Actual Total Time": 0.064, "Actual Rows": 14, "Actual Loops": 1, "Recheck Cond": "(keyword_id = k.id)", "Rows Removed by Index Recheck": 0, "Exact Heap Blocks": 13, "Lossy Heap Blocks": 13, "Plans": [{"Node Type": "Bitmap Index Scan", "Parent Relationship": "Outer", "Index Name": "keyword_id_movie_keyword", "Startup Cost": 0.0, "Total Cost": 4.5, "Plan Rows": 33, "Plan Width": 0, "Actual Startup Time": 0.018, "Actual Total Time": 0.018, "Actual Rows": 14, "Actual Loops": 1, "Index Cond": "(keyword_id = k.id)"}]}]}, {"Node Type": "Index Scan", "Parent Relationship": "Inner", "Scan Direction": "Forward", "Index Name": "movie_id_cast_info", "Relation Name": "cast_info", "Alias": "ci", "Startup Cost": 0.0, "Total Cost": 0.7, "Plan Rows": 6, "Plan Width": 8, "Actual Startup Time": 0.178, "Actual Total Time": 2.086, "Actual Rows": 1242, "Actual Loops": 14, "Index Cond": "(movie_id = mk.movie_id)", "Rows Removed by Index Recheck": 0}]}, {"Node Type": "Index Scan", "Parent Relationship": "Inner", "Scan Direction": "Forward", "Index Name": "name_pkey", "Relation Name": "name", "Alias": "n", "Startup Cost": 0.0, "Total Cost": 0.28, "Plan Rows": 1, "Plan Width": 19, "Actual Startup Time": 6.418, "Actual Total Time": 6.418, "Actual Rows": 6, "Actual Loops": 1242, "Index Cond": "(id = ci.person_id)", "Rows Removed by Index Recheck": 0, "Filter": "((name)::text ~~ '%Downey%Robert%'::text)", "Rows Removed by Filter": 1236}]}, {"Node Type": "Index Scan", "Parent Relationship": "Inner", "Scan Direction": "Forward", "Index Name": "title_pkey", "Relation Name": "title", "Alias": "t", "Startup Cost": 0.0, "Total Cost": 0.28, "Plan Rows": 1, "Plan Width": 21, "Actual Startup Time": 0.037, "Actual Total Time": 0.037, "Actual Rows": 6, "Actual Loops": 6, "Index Cond": "(id = ci.movie_id)", "Rows Removed by Index Recheck": 0, "Filter": "(production_year > 2010)", "Rows Removed by Filter": 0}]}]}, "Triggers": [], "Planner Runtime": 6.792, "Total Runtime": 50.355, "Unique SQL Id": 4208751436}}, "(1, '97')": {"explain_plan": {"Plan": {"Node Type": "Aggregate", "Strategy": "Plain", "Startup Cost": 3399.73, "Total Cost": 3399.74, "Plan Rows": 1, "Plan Width": 144, "Plans": [{"Node Type": "Nested Loop", "Parent Relationship": "Outer", "Join Type": "Inner", "Startup Cost": 4.51, "Total Cost": 3399.72, "Plan Rows": 1, "Plan Width": 48, "Inner Unique": true, "Join Filter": "(mk.movie_id = t.id)", "Plans": [{"Node Type": "Nested Loop", "Parent Relationship": "Outer", "Join Type": "Inner", "Startup Cost": 4.51, "Total Cost": 3399.43, "Plan Rows": 1, "Plan Width": 39, "Inner Unique": true, "Plans": [{"Node Type": "Nested Loop", "Parent Relationship": "Outer", "Join Type": "Inner", "Startup Cost": 4.51, "Total Cost": 3340.87, "Plan Rows": 202, "Plan Width": 28, "Inner Unique": false, "Plans": [{"Node Type": "Nested Loop", "Parent Relationship": "Outer", "Join Type": "Inner", "Startup Cost": 4.51, "Total Cost": 3315.63, "Plan Rows": 33, "Plan Width": 20, "Inner Unique": false, "Plans": [{"Node Type": "Index Scan", "Parent Relationship": "Outer", "Scan Direction": "Forward", "Index Name": "keyword_pkey", "Relation Name": "keyword", "Alias": "k", "Startup Cost": 0.0, "Total Cost": 3182.72, "Plan Rows": 1, "Plan Width": 20, "Filter": "((keyword)::text = 'marvel-cinematic-universe'::text)"}, {"Node Type": "Bitmap Heap Scan", "Parent Relationship": "Inner", "Relation Name": "movie_keyword", "Alias": "mk", "Startup Cost": 4.51, "Total Cost": 132.58, "Plan Rows": 33, "Plan Width": 8, "Recheck Cond": "(keyword_id = k.id)", "Plans": [{"Node Type": "Bitmap Index Scan", "Parent Relationship": "Outer", "Index Name": "keyword_id_movie_keyword", "Startup Cost": 0.0, "Total Cost": 4.5, "Plan Rows": 33, "Plan Width": 0, "Index Cond": "(keyword_id = k.id)"}]}]}, {"Node Type": "Index Scan", "Parent Relationship": "Inner", "Scan Direction": "Forward", "Index Name": "movie_id_cast_info", "Relation Name": "cast_info", "Alias": "ci", "Startup Cost": 0.0, "Total Cost": 0.7, "Plan Rows": 6, "Plan Width": 8, "Index Cond": "(movie_id = mk.movie_id)"}]}, {"Node Type": "Index Scan", "Parent Relationship": "Inner", "Scan Direction": "Forward", "Index Name": "name_pkey", "Relation Name": "name", "Alias": "n", "Startup Cost": 0.0, "Total Cost": 0.28, "Plan Rows": 1, "Plan Width": 19, "Index Cond": "(id = ci.person_id)", "Filter": "((name)::text ~~ '%Downey%Robert%'::text)"}]}, {"Node Type": "Index Scan", "Parent Relationship": "Inner", "Scan Direction": "Forward", "Index Name": "title_pkey", "Relation Name": "title", "Alias": "t", "Startup Cost": 0.0, "Total Cost": 0.28, "Plan Rows": 1, "Plan Width": 21, "Index Cond": "(id = ci.movie_id)", "Filter": "(production_year > 2010)"}]}]}, "Unique SQL Id": 4208751436, "Planner Runtime": 1}, "explain_analyze_plan": null}, "(1, '98')": {"explain_plan": {"Plan": {"Node Type": "Aggregate", "Strategy": "Plain", "Startup Cost": 3589.09, "Total Cost": 3589.1, "Plan Rows": 1, "Plan Width": 144, "Plans": [{"Node Type": "Nested Loop", "Parent Relationship": "Outer", "Join Type": "Inner", "Startup Cost": 5.44, "Total Cost": 3589.09, "Plan Rows": 1, "Plan Width": 48, "Inner Unique": true, "Join Filter": "(mk.movie_id = t.id)", "Plans": [{"Node Type": "Nested Loop", "Parent Relationship": "Outer", "Join Type": "Inner", "Startup Cost": 5.19, "Total Cost": 3584.8, "Plan Rows": 1, "Plan Width": 39, "Inner Unique": true, "Plans": [{"Node Type": "Nested Loop", "Parent Relationship": "Outer", "Join Type": "Inner", "Startup Cost": 4.93, "Total Cost": 2719.34, "Plan Rows": 202, "Plan Width": 28, "Inner Unique": false, "Plans": [{"Node Type": "Nested Loop", "Parent Relationship": "Outer", "Join Type": "Inner", "Startup Cost": 4.51, "Total Cost": 2569.02, "Plan Rows": 33, "Plan Width": 20, "Inner Unique": false, "Plans": [{"Node Type": "Seq Scan", "Parent Relationship": "Outer", "Relation Name": "keyword", "Alias": "k", "Startup Cost": 0.0, "Total Cost": 2436.11, "Plan Rows": 1, "Plan Width": 20, "Filter": "((keyword)::text = 'marvel-cinematic-universe'::text)"}, {"Node Type": "Bitmap Heap Scan", "Parent Relationship": "Inner", "Relation Name": "movie_keyword", "Alias": "mk", "Startup Cost": 4.51, "Total Cost": 132.58, "Plan Rows": 33, "Plan Width": 8, "Recheck Cond": "(keyword_id = k.id)", "Plans": [{"Node Type": "Bitmap Index Scan", "Parent Relationship": "Outer", "Index Name": "keyword_id_movie_keyword", "Startup Cost": 0.0, "Total Cost": 4.5, "Plan Rows": 33, "Plan Width": 0, "Index Cond": "(keyword_id = k.id)"}]}]}, {"Node Type": "Bitmap Heap Scan", "Parent Relationship": "Inner", "Relation Name": "cast_info", "Alias": "ci", "Startup Cost": 0.42, "Total Cost": 4.49, "Plan Rows": 6, "Plan Width": 8, "Recheck Cond": "(movie_id = mk.movie_id)", "Plans": [{"Node Type": "Bitmap Index Scan", "Parent Relationship": "Outer", "Index Name": "movie_id_cast_info", "Startup Cost": 0.0, "Total Cost": 0.42, "Plan Rows": 6, "Plan Width": 0, "Index Cond": "(movie_id = mk.movie_id)"}]}]}, {"Node Type": "Bitmap Heap Scan", "Parent Relationship": "Inner", "Relation Name": "name", "Alias": "n", "Startup Cost": 0.26, "Total Cost": 4.27, "Plan Rows": 1, "Plan Width": 19, "Recheck Cond": "(id = ci.person_id)", "Filter": "((name)::text ~~ '%Downey%Robert%'::text)", "Plans": [{"Node Type": "Bitmap Index Scan", "Parent Relationship": "Outer", "Index Name": "name_pkey", "Startup Cost": 0.0, "Total Cost": 0.26, "Plan Rows": 1, "Plan Width": 0, "Index Cond": "(id = ci.person_id)"}]}]}, {"Node Type": "Bitmap Heap Scan", "Parent Relationship": "Inner", "Relation Name": "title", "Alias": "t", "Startup Cost": 0.26, "Total Cost": 4.27, "Plan Rows": 1, "Plan Width": 21, "Recheck Cond": "(id = ci.movie_id)", "Filter": "(production_year > 2010)", "Plans": [{"Node Type": "Bitmap Index Scan", "Parent Relationship": "Outer", "Index Name": "title_pkey", "Startup Cost": 0.0, "Total Cost": 0.26, "Plan Rows": 1, "Plan Width": 0, "Index Cond": "(id = ci.movie_id)"}]}]}]}, "Unique SQL Id": 4208751436, "Planner Runtime": 2}, "explain_analyze_plan": {"Plan": {"Node Type": "Aggregate", "Strategy": "Plain", "Startup Cost": 3589.09, "Total Cost": 3589.1, "Plan Rows": 1, "Plan Width": 144, "Actual Startup Time": 53.171, "Actual Total Time": 53.171, "Actual Rows": 1, "Actual Loops": 1, "Plans": [{"Node Type": "Nested Loop", "Parent Relationship": "Outer", "Join Type": "Inner", "Startup Cost": 5.44, "Total Cost": 3589.09, "Plan Rows": 1, "Plan Width": 48, "Actual Startup Time": 3.448, "Actual Total Time": 53.134, "Actual Rows": 6, "Actual Loops": 1, "Inner Unique": true, "Join Filter": "(mk.movie_id = t.id)", "Rows Removed by Join Filter": 0, "Plans": [{"Node Type": "Nested Loop", "Parent Relationship": "Outer", "Join Type": "Inner", "Startup Cost": 5.19, "Total Cost": 3584.8, "Plan Rows": 1, "Plan Width": 39, "Actual Startup Time": 3.427, "Actual Total Time": 53.065, "Actual Rows": 6, "Actual Loops": 1, "Inner Unique": true, "Plans": [{"Node Type": "Nested Loop", "Parent Relationship": "Outer", "Join Type": "Inner", "Startup Cost": 4.93, "Total Cost": 2719.34, "Plan Rows": 202, "Plan Width": 28, "Actual Startup Time": 1.113, "Actual Total Time": 43.869, "Actual Rows": 1242, "Actual Loops": 1, "Inner Unique": false, "Plans": [{"Node Type": "Nested Loop", "Parent Relationship": "Outer", "Join Type": "Inner", "Startup Cost": 4.51, "Total Cost": 2569.02, "Plan Rows": 33, "Plan Width": 20, "Actual Startup Time": 1.075, "Actual Total Time": 40.613, "Actual Rows": 14, "Actual Loops": 1, "Inner Unique": false, "Plans": [{"Node Type": "Seq Scan", "Parent Relationship": "Outer", "Relation Name": "keyword", "Alias": "k", "Startup Cost": 0.0, "Total Cost": 2436.11, "Plan Rows": 1, "Plan Width": 20, "Actual Startup Time": 1.032, "Actual Total Time": 40.534, "Actual Rows": 1, "Actual Loops": 1, "Filter": "((keyword)::text = 'marvel-cinematic-universe'::text)", "Rows Removed by Filter": 134168}, {"Node Type": "Bitmap Heap Scan", "Parent Relationship": "Inner", "Relation Name": "movie_keyword", "Alias": "mk", "Startup Cost": 4.51, "Total Cost": 132.58, "Plan Rows": 33, "Plan Width": 8, "Actual Startup Time": 0.037, "Actual Total Time": 0.067, "Actual Rows": 14, "Actual Loops": 1, "Recheck Cond": "(keyword_id = k.id)", "Rows Removed by Index Recheck": 0, "Exact Heap Blocks": 13, "Lossy Heap Blocks": 13, "Plans": [{"Node Type": "Bitmap Index Scan", "Parent Relationship": "Outer", "Index Name": "keyword_id_movie_keyword", "Startup Cost": 0.0, "Total Cost": 4.5, "Plan Rows": 33, "Plan Width": 0, "Actual Startup Time": 0.021, "Actual Total Time": 0.021, "Actual Rows": 14, "Actual Loops": 1, "Index Cond": "(keyword_id = k.id)"}]}]}, {"Node Type": "Bitmap Heap Scan", "Parent Relationship": "Inner", "Relation Name": "cast_info", "Alias": "ci", "Startup Cost": 0.42, "Total Cost": 4.49, "Plan Rows": 6, "Plan Width": 8, "Actual Startup Time": 0.637, "Actual Total Time": 2.904, "Actual Rows": 1242, "Actual Loops": 14, "Recheck Cond": "(movie_id = mk.movie_id)", "Rows Removed by Index Recheck": 0, "Exact Heap Blocks": 1184, "Lossy Heap Blocks": 1184, "Plans": [{"Node Type": "Bitmap Index Scan", "Parent Relationship": "Outer", "Index Name": "movie_id_cast_info", "Startup Cost": 0.0, "Total Cost": 0.42, "Plan Rows": 6, "Plan Width": 0, "Actual Startup Time": 0.398, "Actual Total Time": 0.398, "Actual Rows": 1242, "Actual Loops": 14, "Index Cond": "(movie_id = mk.movie_id)"}]}]}, {"Node Type": "Bitmap Heap Scan", "Parent Relationship": "Inner", "Relation Name": "name", "Alias": "n", "Startup Cost": 0.26, "Total Cost": 4.27, "Plan Rows": 1, "Plan Width": 19, "Actual Startup Time": 7.816, "Actual Total Time": 7.816, "Actual Rows": 6, "Actual Loops": 1242, "Recheck Cond": "(id = ci.person_id)", "Rows Removed by Index Recheck": 0, "Filter": "((name)::text ~~ '%Downey%Robert%'::text)", "Rows Removed by Filter": 1236, "Exact Heap Blocks": 1242, "Lossy Heap Blocks": 1242, "Plans": [{"Node Type": "Bitmap Index Scan", "Parent Relationship": "Outer", "Index Name": "name_pkey", "Startup Cost": 0.0, "Total Cost": 0.26, "Plan Rows": 1, "Plan Width": 0, "Actual Startup Time": 4.579, "Actual Total Time": 4.579, "Actual Rows": 1242, "Actual Loops": 1242, "Index Cond": "(id = ci.person_id)"}]}]}, {"Node Type": "Bitmap Heap Scan", "Parent Relationship": "Inner", "Relation Name": "title", "Alias": "t", "Startup Cost": 0.26, "Total Cost": 4.27, "Plan Rows": 1, "Plan Width": 21, "Actual Startup Time": 0.052, "Actual Total Time": 0.052, "Actual Rows": 6, "Actual Loops": 6, "Recheck Cond": "(id = ci.movie_id)", "Rows Removed by Index Recheck": 0, "Filter": "(production_year > 2010)", "Rows Removed by Filter": 0, "Exact Heap Blocks": 6, "Lossy Heap Blocks": 6, "Plans": [{"Node Type": "Bitmap Index Scan", "Parent Relationship": "Outer", "Index Name": "title_pkey", "Startup Cost": 0.0, "Total Cost": 0.26, "Plan Rows": 1, "Plan Width": 0, "Actual Startup Time": 0.027, "Actual Total Time": 0.027, "Actual Rows": 6, "Actual Loops": 6, "Index Cond": "(id = ci.movie_id)"}]}]}]}, "Triggers": [], "Planner Runtime": 2.206, "Total Runtime": 53.451, "Unique SQL Id": 4208751436}}, "(1, '99')": {"explain_plan": {"Plan": {"Node Type": "Aggregate", "Strategy": "Plain", "Startup Cost": 1000034676559.16, "Total Cost": 1000034676559.17, "Plan Rows": 1, "Plan Width": 144, "Plans": [{"Node Type": "Nested Loop", "Parent Relationship": "Outer", "Join Type": "Inner", "Startup Cost": 10000000001.2, "Total Cost": 1000034676559.15, "Plan Rows": 1, "Plan Width": 48, "Inner Unique": true, "Join Filter": "(mk.movie_id = t.id)", "Plans": [{"Node Type": "Nested Loop", "Parent Relationship": "Outer", "Join Type": "Inner", "Startup Cost": 10000000000.94, "Total Cost": 1000034676554.87, "Plan Rows": 1, "Plan Width": 39, "Inner Unique": true, "Plans": [{"Node Type": "Nested Loop", "Parent Relationship": "Outer", "Join Type": "Inner", "Startup Cost": 10000000000.68, "Total Cost": 1000034675689.4, "Plan Rows": 202, "Plan Width": 28, "Inner Unique": false, "Plans": [{"Node Type": "Nested Loop", "Parent Relationship": "Outer", "Join Type": "Inner", "Startup Cost": 10000000000.26, "Total Cost": 1000034675539.09, "Plan Rows": 33, "Plan Width": 20, "Inner Unique": true, "Plans": [{"Node Type": "Index Scan", "Parent Relationship": "Outer", "Scan Direction": "Forward", "Index Name": "movie_id_movie_keyword", "Relation Name": "movie_keyword", "Alias": "mk", "Startup Cost": 10000000000.0, "Total Cost": 1000015300634.17, "Plan Rows": 4523929, "Plan Width": 8}, {"Node Type": "Bitmap Heap Scan", "Parent Relationship": "Inner", "Relation Name": "keyword", "Alias": "k", "Startup Cost": 0.26, "Total Cost": 4.27, "Plan Rows": 1, "Plan Width": 20, "Recheck Cond": "(id = mk.keyword_id)", "Filter": "((keyword)::text = 'marvel-cinematic-universe'::text)", "Plans": [{"Node Type": "Bitmap Index Scan", "Parent Relationship": "Outer", "Index Name": "keyword_pkey", "Startup Cost": 0.0, "Total Cost": 0.26, "Plan Rows": 1, "Plan Width": 0, "Index Cond": "(id = mk.keyword_id)"}]}]}, {"Node Type": "Bitmap Heap Scan", "Parent Relationship": "Inner", "Relation Name": "cast_info", "Alias": "ci", "Startup Cost": 0.42, "Total Cost": 4.49, "Plan Rows": 6, "Plan Width": 8, "Recheck Cond": "(movie_id = mk.movie_id)", "Plans": [{"Node Type": "Bitmap Index Scan", "Parent Relationship": "Outer", "Index Name": "movie_id_cast_info", "Startup Cost": 0.0, "Total Cost": 0.42, "Plan Rows": 6, "Plan Width": 0, "Index Cond": "(movie_id = mk.movie_id)"}]}]}, {"Node Type": "Bitmap Heap Scan", "Parent Relationship": "Inner", "Relation Name": "name", "Alias": "n", "Startup Cost": 0.26, "Total Cost": 4.27, "Plan Rows": 1, "Plan Width": 19, "Recheck Cond": "(id = ci.person_id)", "Filter": "((name)::text ~~ '%Downey%Robert%'::text)", "Plans": [{"Node Type": "Bitmap Index Scan", "Parent Relationship": "Outer", "Index Name": "name_pkey", "Startup Cost": 0.0, "Total Cost": 0.26, "Plan Rows": 1, "Plan Width": 0, "Index Cond": "(id = ci.person_id)"}]}]}, {"Node Type": "Bitmap Heap Scan", "Parent Relationship": "Inner", "Relation Name": "title", "Alias": "t", "Startup Cost": 0.26, "Total Cost": 4.27, "Plan Rows": 1, "Plan Width": 21, "Recheck Cond": "(id = ci.movie_id)", "Filter": "(production_year > 2010)", "Plans": [{"Node Type": "Bitmap Index Scan", "Parent Relationship": "Outer", "Index Name": "title_pkey", "Startup Cost": 0.0, "Total Cost": 0.26, "Plan Rows": 1, "Plan Width": 0, "Index Cond": "(id = ci.movie_id)"}]}]}]}, "Unique SQL Id": 4208751436, "Planner Runtime": 1}, "explain_analyze_plan": null}, "(1, '100')": {"explain_plan": {"Plan": {"Node Type": "Aggregate", "Strategy": "Plain", "Startup Cost": 2653.12, "Total Cost": 2653.13, "Plan Rows": 1, "Plan Width": 144, "Plans": [{"Node Type": "Nested Loop", "Parent Relationship": "Outer", "Join Type": "Inner", "Startup Cost": 4.51, "Total Cost": 2653.12, "Plan Rows": 1, "Plan Width": 48, "Inner Unique": true, "Join Filter": "(mk.movie_id = t.id)", "Plans": [{"Node Type": "Nested Loop", "Parent Relationship": "Outer", "Join Type": "Inner", "Startup Cost": 4.51, "Total Cost": 2652.83, "Plan Rows": 1, "Plan Width": 39, "Inner Unique": true, "Plans": [{"Node Type": "Nested Loop", "Parent Relationship": "Outer", "Join Type": "Inner", "Startup Cost": 4.51, "Total Cost": 2594.27, "Plan Rows": 202, "Plan Width": 28, "Inner Unique": false, "Plans": [{"Node Type": "Nested Loop", "Parent Relationship": "Outer", "Join Type": "Inner", "Startup Cost": 4.51, "Total Cost": 2569.02, "Plan Rows": 33, "Plan Width": 20, "Inner Unique": false, "Plans": [{"Node Type": "Seq Scan", "Parent Relationship": "Outer", "Relation Name": "keyword", "Alias": "k", "Startup Cost": 0.0, "Total Cost": 2436.11, "Plan Rows": 1, "Plan Width": 20, "Filter": "((keyword)::text = 'marvel-cinematic-universe'::text)"}, {"Node Type": "Bitmap Heap Scan", "Parent Relationship": "Inner", "Relation Name": "movie_keyword", "Alias": "mk", "Startup Cost": 4.51, "Total Cost": 132.58, "Plan Rows": 33, "Plan Width": 8, "Recheck Cond": "(keyword_id = k.id)", "Plans": [{"Node Type": "Bitmap Index Scan", "Parent Relationship": "Outer", "Index Name": "keyword_id_movie_keyword", "Startup Cost": 0.0, "Total Cost": 4.5, "Plan Rows": 33, "Plan Width": 0, "Index Cond": "(keyword_id = k.id)"}]}]}, {"Node Type": "Index Scan", "Parent Relationship": "Inner", "Scan Direction": "Forward", "Index Name": "movie_id_cast_info", "Relation Name": "cast_info", "Alias": "ci", "Startup Cost": 0.0, "Total Cost": 0.7, "Plan Rows": 6, "Plan Width": 8, "Index Cond": "(movie_id = mk.movie_id)"}]}, {"Node Type": "Index Scan", "Parent Relationship": "Inner", "Scan Direction": "Forward", "Index Name": "name_pkey", "Relation Name": "name", "Alias": "n", "Startup Cost": 0.0, "Total Cost": 0.28, "Plan Rows": 1, "Plan Width": 19, "Index Cond": "(id = ci.person_id)", "Filter": "((name)::text ~~ '%Downey%Robert%'::text)"}]}, {"Node Type": "Index Scan", "Parent Relationship": "Inner", "Scan Direction": "Forward", "Index Name": "title_pkey", "Relation Name": "title", "Alias": "t", "Startup Cost": 0.0, "Total Cost": 0.28, "Plan Rows": 1, "Plan Width": 21, "Index Cond": "(id = ci.movie_id)", "Filter": "(production_year > 2010)"}]}]}, "Unique SQL Id": 4208751436, "Planner Runtime": 2}, "explain_analyze_plan": {"Plan": {"Node Type": "Aggregate", "Strategy": "Plain", "Startup Cost": 2653.12, "Total Cost": 2653.13, "Plan Rows": 1, "Plan Width": 144, "Actual Startup Time": 50.116, "Actual Total Time": 50.116, "Actual Rows": 1, "Actual Loops": 1, "Plans": [{"Node Type": "Nested Loop", "Parent Relationship": "Outer", "Join Type": "Inner", "Startup Cost": 4.51, "Total Cost": 2653.12, "Plan Rows": 1, "Plan Width": 48, "Actual Startup Time": 2.78, "Actual Total Time": 50.084, "Actual Rows": 6, "Actual Loops": 1, "Inner Unique": true, "Join Filter": "(mk.movie_id = t.id)", "Rows Removed by Join Filter": 0, "Plans": [{"Node Type": "Nested Loop", "Parent Relationship": "Outer", "Join Type": "Inner", "Startup Cost": 4.51, "Total Cost": 2652.83, "Plan Rows": 1, "Plan Width": 39, "Actual Startup Time": 2.763, "Actual Total Time": 50.032, "Actual Rows": 6, "Actual Loops": 1, "Inner Unique": true, "Plans": [{"Node Type": "Nested Loop", "Parent Relationship": "Outer", "Join Type": "Inner", "Startup Cost": 4.51, "Total Cost": 2594.27, "Plan Rows": 202, "Plan Width": 28, "Actual Startup Time": 1.106, "Actual Total Time": 42.984, "Actual Rows": 1242, "Actual Loops": 1, "Inner Unique": false, "Plans": [{"Node Type": "Nested Loop", "Parent Relationship": "Outer", "Join Type": "Inner", "Startup Cost": 4.51, "Total Cost": 2569.02, "Plan Rows": 33, "Plan Width": 20, "Actual Startup Time": 1.089, "Actual Total Time": 40.586, "Actual Rows": 14, "Actual Loops": 1, "Inner Unique": false, "Plans": [{"Node Type": "Seq Scan", "Parent Relationship": "Outer", "Relation Name": "keyword", "Alias": "k", "Startup Cost": 0.0, "Total Cost": 2436.11, "Plan Rows": 1, "Plan Width": 20, "Actual Startup Time": 1.052, "Actual Total Time": 40.505, "Actual Rows": 1, "Actual Loops": 1, "Filter": "((keyword)::text = 'marvel-cinematic-universe'::text)", "Rows Removed by Filter": 134168}, {"Node Type": "Bitmap Heap Scan", "Parent Relationship": "Inner", "Relation Name": "movie_keyword", "Alias": "mk", "Startup Cost": 4.51, "Total Cost": 132.58, "Plan Rows": 33, "Plan Width": 8, "Actual Startup Time": 0.03, "Actual Total Time": 0.064, "Actual Rows": 14, "Actual Loops": 1, "Recheck Cond": "(keyword_id = k.id)", "Rows Removed by Index Recheck": 0, "Exact Heap Blocks": 13, "Lossy Heap Blocks": 13, "Plans": [{"Node Type": "Bitmap Index Scan", "Parent Relationship": "Outer", "Index Name": "keyword_id_movie_keyword", "Startup Cost": 0.0, "Total Cost": 4.5, "Plan Rows": 33, "Plan Width": 0, "Actual Startup Time": 0.018, "Actual Total Time": 0.018, "Actual Rows": 14, "Actual Loops": 1, "Index Cond": "(keyword_id = k.id)"}]}]}, {"Node Type": "Index Scan", "Parent Relationship": "Inner", "Scan Direction": "Forward", "Index Name": "movie_id_cast_info", "Relation Name": "cast_info", "Alias": "ci", "Startup Cost": 0.0, "Total Cost": 0.7, "Plan Rows": 6, "Plan Width": 8, "Actual Startup Time": 0.178, "Actual Total Time": 2.086, "Actual Rows": 1242, "Actual Loops": 14, "Index Cond": "(movie_id = mk.movie_id)", "Rows Removed by Index Recheck": 0}]}, {"Node Type": "Index Scan", "Parent Relationship": "Inner", "Scan Direction": "Forward", "Index Name": "name_pkey", "Relation Name": "name", "Alias": "n", "Startup Cost": 0.0, "Total Cost": 0.28, "Plan Rows": 1, "Plan Width": 19, "Actual Startup Time": 6.418, "Actual Total Time": 6.418, "Actual Rows": 6, "Actual Loops": 1242, "Index Cond": "(id = ci.person_id)", "Rows Removed by Index Recheck": 0, "Filter": "((name)::text ~~ '%Downey%Robert%'::text)", "Rows Removed by Filter": 1236}]}, {"Node Type": "Index Scan", "Parent Relationship": "Inner", "Scan Direction": "Forward", "Index Name": "title_pkey", "Relation Name": "title", "Alias": "t", "Startup Cost": 0.0, "Total Cost": 0.28, "Plan Rows": 1, "Plan Width": 21, "Actual Startup Time": 0.037, "Actual Total Time": 0.037, "Actual Rows": 6, "Actual Loops": 6, "Index Cond": "(id = ci.movie_id)", "Rows Removed by Index Recheck": 0, "Filter": "(production_year > 2010)", "Rows Removed by Filter": 0}]}]}, "Triggers": [], "Planner Runtime": 6.792, "Total Runtime": 50.355, "Unique SQL Id": 4208751436}}, "(1, '101')": {"explain_plan": {"Plan": {"Node Type": "Aggregate", "Strategy": "Plain", "Startup Cost": 3399.73, "Total Cost": 3399.74, "Plan Rows": 1, "Plan Width": 144, "Plans": [{"Node Type": "Nested Loop", "Parent Relationship": "Outer", "Join Type": "Inner", "Startup Cost": 4.51, "Total Cost": 3399.72, "Plan Rows": 1, "Plan Width": 48, "Inner Unique": true, "Join Filter": "(mk.movie_id = t.id)", "Plans": [{"Node Type": "Nested Loop", "Parent Relationship": "Outer", "Join Type": "Inner", "Startup Cost": 4.51, "Total Cost": 3399.43, "Plan Rows": 1, "Plan Width": 39, "Inner Unique": true, "Plans": [{"Node Type": "Nested Loop", "Parent Relationship": "Outer", "Join Type": "Inner", "Startup Cost": 4.51, "Total Cost": 3340.87, "Plan Rows": 202, "Plan Width": 28, "Inner Unique": false, "Plans": [{"Node Type": "Nested Loop", "Parent Relationship": "Outer", "Join Type": "Inner", "Startup Cost": 4.51, "Total Cost": 3315.63, "Plan Rows": 33, "Plan Width": 20, "Inner Unique": false, "Plans": [{"Node Type": "Index Scan", "Parent Relationship": "Outer", "Scan Direction": "Forward", "Index Name": "keyword_pkey", "Relation Name": "keyword", "Alias": "k", "Startup Cost": 0.0, "Total Cost": 3182.72, "Plan Rows": 1, "Plan Width": 20, "Filter": "((keyword)::text = 'marvel-cinematic-universe'::text)"}, {"Node Type": "Bitmap Heap Scan", "Parent Relationship": "Inner", "Relation Name": "movie_keyword", "Alias": "mk", "Startup Cost": 4.51, "Total Cost": 132.58, "Plan Rows": 33, "Plan Width": 8, "Recheck Cond": "(keyword_id = k.id)", "Plans": [{"Node Type": "Bitmap Index Scan", "Parent Relationship": "Outer", "Index Name": "keyword_id_movie_keyword", "Startup Cost": 0.0, "Total Cost": 4.5, "Plan Rows": 33, "Plan Width": 0, "Index Cond": "(keyword_id = k.id)"}]}]}, {"Node Type": "Index Scan", "Parent Relationship": "Inner", "Scan Direction": "Forward", "Index Name": "movie_id_cast_info", "Relation Name": "cast_info", "Alias": "ci", "Startup Cost": 0.0, "Total Cost": 0.7, "Plan Rows": 6, "Plan Width": 8, "Index Cond": "(movie_id = mk.movie_id)"}]}, {"Node Type": "Index Scan", "Parent Relationship": "Inner", "Scan Direction": "Forward", "Index Name": "name_pkey", "Relation Name": "name", "Alias": "n", "Startup Cost": 0.0, "Total Cost": 0.28, "Plan Rows": 1, "Plan Width": 19, "Index Cond": "(id = ci.person_id)", "Filter": "((name)::text ~~ '%Downey%Robert%'::text)"}]}, {"Node Type": "Index Scan", "Parent Relationship": "Inner", "Scan Direction": "Forward", "Index Name": "title_pkey", "Relation Name": "title", "Alias": "t", "Startup Cost": 0.0, "Total Cost": 0.28, "Plan Rows": 1, "Plan Width": 21, "Index Cond": "(id = ci.movie_id)", "Filter": "(production_year > 2010)"}]}]}, "Unique SQL Id": 4208751436, "Planner Runtime": 1}, "explain_analyze_plan": null}, "(1, '102')": {"explain_plan": {"Plan": {"Node Type": "Aggregate", "Strategy": "Plain", "Startup Cost": 3589.09, "Total Cost": 3589.1, "Plan Rows": 1, "Plan Width": 144, "Plans": [{"Node Type": "Nested Loop", "Parent Relationship": "Outer", "Join Type": "Inner", "Startup Cost": 5.44, "Total Cost": 3589.09, "Plan Rows": 1, "Plan Width": 48, "Inner Unique": true, "Join Filter": "(mk.movie_id = t.id)", "Plans": [{"Node Type": "Nested Loop", "Parent Relationship": "Outer", "Join Type": "Inner", "Startup Cost": 5.19, "Total Cost": 3584.8, "Plan Rows": 1, "Plan Width": 39, "Inner Unique": true, "Plans": [{"Node Type": "Nested Loop", "Parent Relationship": "Outer", "Join Type": "Inner", "Startup Cost": 4.93, "Total Cost": 2719.34, "Plan Rows": 202, "Plan Width": 28, "Inner Unique": false, "Plans": [{"Node Type": "Nested Loop", "Parent Relationship": "Outer", "Join Type": "Inner", "Startup Cost": 4.51, "Total Cost": 2569.02, "Plan Rows": 33, "Plan Width": 20, "Inner Unique": false, "Plans": [{"Node Type": "Seq Scan", "Parent Relationship": "Outer", "Relation Name": "keyword", "Alias": "k", "Startup Cost": 0.0, "Total Cost": 2436.11, "Plan Rows": 1, "Plan Width": 20, "Filter": "((keyword)::text = 'marvel-cinematic-universe'::text)"}, {"Node Type": "Bitmap Heap Scan", "Parent Relationship": "Inner", "Relation Name": "movie_keyword", "Alias": "mk", "Startup Cost": 4.51, "Total Cost": 132.58, "Plan Rows": 33, "Plan Width": 8, "Recheck Cond": "(keyword_id = k.id)", "Plans": [{"Node Type": "Bitmap Index Scan", "Parent Relationship": "Outer", "Index Name": "keyword_id_movie_keyword", "Startup Cost": 0.0, "Total Cost": 4.5, "Plan Rows": 33, "Plan Width": 0, "Index Cond": "(keyword_id = k.id)"}]}]}, {"Node Type": "Bitmap Heap Scan", "Parent Relationship": "Inner", "Relation Name": "cast_info", "Alias": "ci", "Startup Cost": 0.42, "Total Cost": 4.49, "Plan Rows": 6, "Plan Width": 8, "Recheck Cond": "(movie_id = mk.movie_id)", "Plans": [{"Node Type": "Bitmap Index Scan", "Parent Relationship": "Outer", "Index Name": "movie_id_cast_info", "Startup Cost": 0.0, "Total Cost": 0.42, "Plan Rows": 6, "Plan Width": 0, "Index Cond": "(movie_id = mk.movie_id)"}]}]}, {"Node Type": "Bitmap Heap Scan", "Parent Relationship": "Inner", "Relation Name": "name", "Alias": "n", "Startup Cost": 0.26, "Total Cost": 4.27, "Plan Rows": 1, "Plan Width": 19, "Recheck Cond": "(id = ci.person_id)", "Filter": "((name)::text ~~ '%Downey%Robert%'::text)", "Plans": [{"Node Type": "Bitmap Index Scan", "Parent Relationship": "Outer", "Index Name": "name_pkey", "Startup Cost": 0.0, "Total Cost": 0.26, "Plan Rows": 1, "Plan Width": 0, "Index Cond": "(id = ci.person_id)"}]}]}, {"Node Type": "Bitmap Heap Scan", "Parent Relationship": "Inner", "Relation Name": "title", "Alias": "t", "Startup Cost": 0.26, "Total Cost": 4.27, "Plan Rows": 1, "Plan Width": 21, "Recheck Cond": "(id = ci.movie_id)", "Filter": "(production_year > 2010)", "Plans": [{"Node Type": "Bitmap Index Scan", "Parent Relationship": "Outer", "Index Name": "title_pkey", "Startup Cost": 0.0, "Total Cost": 0.26, "Plan Rows": 1, "Plan Width": 0, "Index Cond": "(id = ci.movie_id)"}]}]}]}, "Unique SQL Id": 4208751436, "Planner Runtime": 2}, "explain_analyze_plan": {"Plan": {"Node Type": "Aggregate", "Strategy": "Plain", "Startup Cost": 3589.09, "Total Cost": 3589.1, "Plan Rows": 1, "Plan Width": 144, "Actual Startup Time": 53.171, "Actual Total Time": 53.171, "Actual Rows": 1, "Actual Loops": 1, "Plans": [{"Node Type": "Nested Loop", "Parent Relationship": "Outer", "Join Type": "Inner", "Startup Cost": 5.44, "Total Cost": 3589.09, "Plan Rows": 1, "Plan Width": 48, "Actual Startup Time": 3.448, "Actual Total Time": 53.134, "Actual Rows": 6, "Actual Loops": 1, "Inner Unique": true, "Join Filter": "(mk.movie_id = t.id)", "Rows Removed by Join Filter": 0, "Plans": [{"Node Type": "Nested Loop", "Parent Relationship": "Outer", "Join Type": "Inner", "Startup Cost": 5.19, "Total Cost": 3584.8, "Plan Rows": 1, "Plan Width": 39, "Actual Startup Time": 3.427, "Actual Total Time": 53.065, "Actual Rows": 6, "Actual Loops": 1, "Inner Unique": true, "Plans": [{"Node Type": "Nested Loop", "Parent Relationship": "Outer", "Join Type": "Inner", "Startup Cost": 4.93, "Total Cost": 2719.34, "Plan Rows": 202, "Plan Width": 28, "Actual Startup Time": 1.113, "Actual Total Time": 43.869, "Actual Rows": 1242, "Actual Loops": 1, "Inner Unique": false, "Plans": [{"Node Type": "Nested Loop", "Parent Relationship": "Outer", "Join Type": "Inner", "Startup Cost": 4.51, "Total Cost": 2569.02, "Plan Rows": 33, "Plan Width": 20, "Actual Startup Time": 1.075, "Actual Total Time": 40.613, "Actual Rows": 14, "Actual Loops": 1, "Inner Unique": false, "Plans": [{"Node Type": "Seq Scan", "Parent Relationship": "Outer", "Relation Name": "keyword", "Alias": "k", "Startup Cost": 0.0, "Total Cost": 2436.11, "Plan Rows": 1, "Plan Width": 20, "Actual Startup Time": 1.032, "Actual Total Time": 40.534, "Actual Rows": 1, "Actual Loops": 1, "Filter": "((keyword)::text = 'marvel-cinematic-universe'::text)", "Rows Removed by Filter": 134168}, {"Node Type": "Bitmap Heap Scan", "Parent Relationship": "Inner", "Relation Name": "movie_keyword", "Alias": "mk", "Startup Cost": 4.51, "Total Cost": 132.58, "Plan Rows": 33, "Plan Width": 8, "Actual Startup Time": 0.037, "Actual Total Time": 0.067, "Actual Rows": 14, "Actual Loops": 1, "Recheck Cond": "(keyword_id = k.id)", "Rows Removed by Index Recheck": 0, "Exact Heap Blocks": 13, "Lossy Heap Blocks": 13, "Plans": [{"Node Type": "Bitmap Index Scan", "Parent Relationship": "Outer", "Index Name": "keyword_id_movie_keyword", "Startup Cost": 0.0, "Total Cost": 4.5, "Plan Rows": 33, "Plan Width": 0, "Actual Startup Time": 0.021, "Actual Total Time": 0.021, "Actual Rows": 14, "Actual Loops": 1, "Index Cond": "(keyword_id = k.id)"}]}]}, {"Node Type": "Bitmap Heap Scan", "Parent Relationship": "Inner", "Relation Name": "cast_info", "Alias": "ci", "Startup Cost": 0.42, "Total Cost": 4.49, "Plan Rows": 6, "Plan Width": 8, "Actual Startup Time": 0.637, "Actual Total Time": 2.904, "Actual Rows": 1242, "Actual Loops": 14, "Recheck Cond": "(movie_id = mk.movie_id)", "Rows Removed by Index Recheck": 0, "Exact Heap Blocks": 1184, "Lossy Heap Blocks": 1184, "Plans": [{"Node Type": "Bitmap Index Scan", "Parent Relationship": "Outer", "Index Name": "movie_id_cast_info", "Startup Cost": 0.0, "Total Cost": 0.42, "Plan Rows": 6, "Plan Width": 0, "Actual Startup Time": 0.398, "Actual Total Time": 0.398, "Actual Rows": 1242, "Actual Loops": 14, "Index Cond": "(movie_id = mk.movie_id)"}]}]}, {"Node Type": "Bitmap Heap Scan", "Parent Relationship": "Inner", "Relation Name": "name", "Alias": "n", "Startup Cost": 0.26, "Total Cost": 4.27, "Plan Rows": 1, "Plan Width": 19, "Actual Startup Time": 7.816, "Actual Total Time": 7.816, "Actual Rows": 6, "Actual Loops": 1242, "Recheck Cond": "(id = ci.person_id)", "Rows Removed by Index Recheck": 0, "Filter": "((name)::text ~~ '%Downey%Robert%'::text)", "Rows Removed by Filter": 1236, "Exact Heap Blocks": 1242, "Lossy Heap Blocks": 1242, "Plans": [{"Node Type": "Bitmap Index Scan", "Parent Relationship": "Outer", "Index Name": "name_pkey", "Startup Cost": 0.0, "Total Cost": 0.26, "Plan Rows": 1, "Plan Width": 0, "Actual Startup Time": 4.579, "Actual Total Time": 4.579, "Actual Rows": 1242, "Actual Loops": 1242, "Index Cond": "(id = ci.person_id)"}]}]}, {"Node Type": "Bitmap Heap Scan", "Parent Relationship": "Inner", "Relation Name": "title", "Alias": "t", "Startup Cost": 0.26, "Total Cost": 4.27, "Plan Rows": 1, "Plan Width": 21, "Actual Startup Time": 0.052, "Actual Total Time": 0.052, "Actual Rows": 6, "Actual Loops": 6, "Recheck Cond": "(id = ci.movie_id)", "Rows Removed by Index Recheck": 0, "Filter": "(production_year > 2010)", "Rows Removed by Filter": 0, "Exact Heap Blocks": 6, "Lossy Heap Blocks": 6, "Plans": [{"Node Type": "Bitmap Index Scan", "Parent Relationship": "Outer", "Index Name": "title_pkey", "Startup Cost": 0.0, "Total Cost": 0.26, "Plan Rows": 1, "Plan Width": 0, "Actual Startup Time": 0.027, "Actual Total Time": 0.027, "Actual Rows": 6, "Actual Loops": 6, "Index Cond": "(id = ci.movie_id)"}]}]}]}, "Triggers": [], "Planner Runtime": 2.206, "Total Runtime": 53.451, "Unique SQL Id": 4208751436}}, "(1, '103')": {"explain_plan": {"Plan": {"Node Type": "Aggregate", "Strategy": "Plain", "Startup Cost": 1000034676559.16, "Total Cost": 1000034676559.17, "Plan Rows": 1, "Plan Width": 144, "Plans": [{"Node Type": "Nested Loop", "Parent Relationship": "Outer", "Join Type": "Inner", "Startup Cost": 10000000001.2, "Total Cost": 1000034676559.15, "Plan Rows": 1, "Plan Width": 48, "Inner Unique": true, "Join Filter": "(mk.movie_id = t.id)", "Plans": [{"Node Type": "Nested Loop", "Parent Relationship": "Outer", "Join Type": "Inner", "Startup Cost": 10000000000.94, "Total Cost": 1000034676554.87, "Plan Rows": 1, "Plan Width": 39, "Inner Unique": true, "Plans": [{"Node Type": "Nested Loop", "Parent Relationship": "Outer", "Join Type": "Inner", "Startup Cost": 10000000000.68, "Total Cost": 1000034675689.4, "Plan Rows": 202, "Plan Width": 28, "Inner Unique": false, "Plans": [{"Node Type": "Nested Loop", "Parent Relationship": "Outer", "Join Type": "Inner", "Startup Cost": 10000000000.26, "Total Cost": 1000034675539.09, "Plan Rows": 33, "Plan Width": 20, "Inner Unique": true, "Plans": [{"Node Type": "Index Scan", "Parent Relationship": "Outer", "Scan Direction": "Forward", "Index Name": "movie_id_movie_keyword", "Relation Name": "movie_keyword", "Alias": "mk", "Startup Cost": 10000000000.0, "Total Cost": 1000015300634.17, "Plan Rows": 4523929, "Plan Width": 8}, {"Node Type": "Bitmap Heap Scan", "Parent Relationship": "Inner", "Relation Name": "keyword", "Alias": "k", "Startup Cost": 0.26, "Total Cost": 4.27, "Plan Rows": 1, "Plan Width": 20, "Recheck Cond": "(id = mk.keyword_id)", "Filter": "((keyword)::text = 'marvel-cinematic-universe'::text)", "Plans": [{"Node Type": "Bitmap Index Scan", "Parent Relationship": "Outer", "Index Name": "keyword_pkey", "Startup Cost": 0.0, "Total Cost": 0.26, "Plan Rows": 1, "Plan Width": 0, "Index Cond": "(id = mk.keyword_id)"}]}]}, {"Node Type": "Bitmap Heap Scan", "Parent Relationship": "Inner", "Relation Name": "cast_info", "Alias": "ci", "Startup Cost": 0.42, "Total Cost": 4.49, "Plan Rows": 6, "Plan Width": 8, "Recheck Cond": "(movie_id = mk.movie_id)", "Plans": [{"Node Type": "Bitmap Index Scan", "Parent Relationship": "Outer", "Index Name": "movie_id_cast_info", "Startup Cost": 0.0, "Total Cost": 0.42, "Plan Rows": 6, "Plan Width": 0, "Index Cond": "(movie_id = mk.movie_id)"}]}]}, {"Node Type": "Bitmap Heap Scan", "Parent Relationship": "Inner", "Relation Name": "name", "Alias": "n", "Startup Cost": 0.26, "Total Cost": 4.27, "Plan Rows": 1, "Plan Width": 19, "Recheck Cond": "(id = ci.person_id)", "Filter": "((name)::text ~~ '%Downey%Robert%'::text)", "Plans": [{"Node Type": "Bitmap Index Scan", "Parent Relationship": "Outer", "Index Name": "name_pkey", "Startup Cost": 0.0, "Total Cost": 0.26, "Plan Rows": 1, "Plan Width": 0, "Index Cond": "(id = ci.person_id)"}]}]}, {"Node Type": "Bitmap Heap Scan", "Parent Relationship": "Inner", "Relation Name": "title", "Alias": "t", "Startup Cost": 0.26, "Total Cost": 4.27, "Plan Rows": 1, "Plan Width": 21, "Recheck Cond": "(id = ci.movie_id)", "Filter": "(production_year > 2010)", "Plans": [{"Node Type": "Bitmap Index Scan", "Parent Relationship": "Outer", "Index Name": "title_pkey", "Startup Cost": 0.0, "Total Cost": 0.26, "Plan Rows": 1, "Plan Width": 0, "Index Cond": "(id = ci.movie_id)"}]}]}]}, "Unique SQL Id": 4208751436, "Planner Runtime": 1}, "explain_analyze_plan": null}, "(1, '104')": {"explain_plan": {"Plan": {"Node Type": "Aggregate", "Strategy": "Plain", "Startup Cost": 2657.42, "Total Cost": 2657.43, "Plan Rows": 1, "Plan Width": 144, "Plans": [{"Node Type": "Nested Loop", "Parent Relationship": "Outer", "Join Type": "Inner", "Startup Cost": 0.0, "Total Cost": 2657.41, "Plan Rows": 1, "Plan Width": 48, "Inner Unique": true, "Join Filter": "(mk.movie_id = t.id)", "Plans": [{"Node Type": "Nested Loop", "Parent Relationship": "Outer", "Join Type": "Inner", "Startup Cost": 0.0, "Total Cost": 2657.12, "Plan Rows": 1, "Plan Width": 39, "Inner Unique": true, "Plans": [{"Node Type": "Nested Loop", "Parent Relationship": "Outer", "Join Type": "Inner", "Startup Cost": 0.0, "Total Cost": 2598.56, "Plan Rows": 202, "Plan Width": 28, "Inner Unique": false, "Plans": [{"Node Type": "Nested Loop", "Parent Relationship": "Outer", "Join Type": "Inner", "Startup Cost": 0.0, "Total Cost": 2573.32, "Plan Rows": 33, "Plan Width": 20, "Inner Unique": false, "Plans": [{"Node Type": "Seq Scan", "Parent Relationship": "Outer", "Relation Name": "keyword", "Alias": "k", "Startup Cost": 0.0, "Total Cost": 2436.11, "Plan Rows": 1, "Plan Width": 20, "Filter": "((keyword)::text = 'marvel-cinematic-universe'::text)"}, {"Node Type": "Index Scan", "Parent Relationship": "Inner", "Scan Direction": "Forward", "Index Name": "keyword_id_movie_keyword", "Relation Name": "movie_keyword", "Alias": "mk", "Startup Cost": 0.0, "Total Cost": 136.88, "Plan Rows": 33, "Plan Width": 8, "Index Cond": "(keyword_id = k.id)"}]}, {"Node Type": "Index Scan", "Parent Relationship": "Inner", "Scan Direction": "Forward", "Index Name": "movie_id_cast_info", "Relation Name": "cast_info", "Alias": "ci", "Startup Cost": 0.0, "Total Cost": 0.7, "Plan Rows": 6, "Plan Width": 8, "Index Cond": "(movie_id = mk.movie_id)"}]}, {"Node Type": "Index Scan", "Parent Relationship": "Inner", "Scan Direction": "Forward", "Index Name": "name_pkey", "Relation Name": "name", "Alias": "n", "Startup Cost": 0.0, "Total Cost": 0.28, "Plan Rows": 1, "Plan Width": 19, "Index Cond": "(id = ci.person_id)", "Filter": "((name)::text ~~ '%Downey%Robert%'::text)"}]}, {"Node Type": "Index Scan", "Parent Relationship": "Inner", "Scan Direction": "Forward", "Index Name": "title_pkey", "Relation Name": "title", "Alias": "t", "Startup Cost": 0.0, "Total Cost": 0.28, "Plan Rows": 1, "Plan Width": 21, "Index Cond": "(id = ci.movie_id)", "Filter": "(production_year > 2010)"}]}]}, "Unique SQL Id": 4208751436, "Planner Runtime": 1}, "explain_analyze_plan": {"Plan": {"Node Type": "Aggregate", "Strategy": "Plain", "Startup Cost": 2657.42, "Total Cost": 2657.43, "Plan Rows": 1, "Plan Width": 144, "Actual Startup Time": 50.033, "Actual Total Time": 50.033, "Actual Rows": 1, "Actual Loops": 1, "Plans": [{"Node Type": "Nested Loop", "Parent Relationship": "Outer", "Join Type": "Inner", "Startup Cost": 0.0, "Total Cost": 2657.41, "Plan Rows": 1, "Plan Width": 48, "Actual Startup Time": 2.738, "Actual Total Time": 49.998, "Actual Rows": 6, "Actual Loops": 1, "Inner Unique": true, "Join Filter": "(mk.movie_id = t.id)", "Rows Removed by Join Filter": 0, "Plans": [{"Node Type": "Nested Loop", "Parent Relationship": "Outer", "Join Type": "Inner", "Startup Cost": 0.0, "Total Cost": 2657.12, "Plan Rows": 1, "Plan Width": 39, "Actual Startup Time": 2.722, "Actual Total Time": 49.943, "Actual Rows": 6, "Actual Loops": 1, "Inner Unique": true, "Plans": [{"Node Type": "Nested Loop", "Parent Relationship": "Outer", "Join Type": "Inner", "Startup Cost": 0.0, "Total Cost": 2598.56, "Plan Rows": 202, "Plan Width": 28, "Actual Startup Time": 1.069, "Actual Total Time": 42.909, "Actual Rows": 1242, "Actual Loops": 1, "Inner Unique": false, "Plans": [{"Node Type": "Nested Loop", "Parent Relationship": "Outer", "Join Type": "Inner", "Startup Cost": 0.0, "Total Cost": 2573.32, "Plan Rows": 33, "Plan Width": 20, "Actual Startup Time": 1.054, "Actual Total Time": 40.494, "Actual Rows": 14, "Actual Loops": 1, "Inner Unique": false, "Plans": [{"Node Type": "Seq Scan", "Parent Relationship": "Outer", "Relation Name": "keyword", "Alias": "k", "Startup Cost": 0.0, "Total Cost": 2436.11, "Plan Rows": 1, "Plan Width": 20, "Actual Startup Time": 1.034, "Actual Total Time": 40.443, "Actual Rows": 1, "Actual Loops": 1, "Filter": "((keyword)::text = 'marvel-cinematic-universe'::text)", "Rows Removed by Filter": 134168}, {"Node Type": "Index Scan", "Parent Relationship": "Inner", "Scan Direction": "Forward", "Index Name": "keyword_id_movie_keyword", "Relation Name": "movie_keyword", "Alias": "mk", "Startup Cost": 0.0, "Total Cost": 136.88, "Plan Rows": 33, "Plan Width": 8, "Actual Startup Time": 0.014, "Actual Total Time": 0.039, "Actual Rows": 14, "Actual Loops": 1, "Index Cond": "(keyword_id = k.id)", "Rows Removed by Index Recheck": 0}]}, {"Node Type": "Index Scan", "Parent Relationship": "Inner", "Scan Direction": "Forward", "Index Name": "movie_id_cast_info", "Relation Name": "cast_info", "Alias": "ci", "Startup Cost": 0.0, "Total Cost": 0.7, "Plan Rows": 6, "Plan Width": 8, "Actual Startup Time": 0.169, "Actual Total Time": 2.091, "Actual Rows": 1242, "Actual Loops": 14, "Index Cond": "(movie_id = mk.movie_id)", "Rows Removed by Index Recheck": 0}]}, {"Node Type": "Index Scan", "Parent Relationship": "Inner", "Scan Direction": "Forward", "Index Name": "name_pkey", "Relation Name": "name", "Alias": "n", "Startup Cost": 0.0, "Total Cost": 0.28, "Plan Rows": 1, "Plan Width": 19, "Actual Startup Time": 6.441, "Actual Total Time": 6.441, "Actual Rows": 6, "Actual Loops": 1242, "Index Cond": "(id = ci.person_id)", "Rows Removed by Index Recheck": 0, "Filter": "((name)::text ~~ '%Downey%Robert%'::text)", "Rows Removed by Filter": 1236}]}, {"Node Type": "Index Scan", "Parent Relationship": "Inner", "Scan Direction": "Forward", "Index Name": "title_pkey", "Relation Name": "title", "Alias": "t", "Startup Cost": 0.0, "Total Cost": 0.28, "Plan Rows": 1, "Plan Width": 21, "Actual Startup Time": 0.04, "Actual Total Time": 0.04, "Actual Rows": 6, "Actual Loops": 6, "Index Cond": "(id = ci.movie_id)", "Rows Removed by Index Recheck": 0, "Filter": "(production_year > 2010)", "Rows Removed by Filter": 0}]}]}, "Triggers": [], "Planner Runtime": 6.763, "Total Runtime": 50.265, "Unique SQL Id": 4208751436}}, "(1, '105')": {"explain_plan": {"Plan": {"Node Type": "Aggregate", "Strategy": "Plain", "Startup Cost": 3404.02, "Total Cost": 3404.03, "Plan Rows": 1, "Plan Width": 144, "Plans": [{"Node Type": "Nested Loop", "Parent Relationship": "Outer", "Join Type": "Inner", "Startup Cost": 0.0, "Total Cost": 3404.01, "Plan Rows": 1, "Plan Width": 48, "Inner Unique": true, "Join Filter": "(mk.movie_id = t.id)", "Plans": [{"Node Type": "Nested Loop", "Parent Relationship": "Outer", "Join Type": "Inner", "Startup Cost": 0.0, "Total Cost": 3403.72, "Plan Rows": 1, "Plan Width": 39, "Inner Unique": true, "Plans": [{"Node Type": "Nested Loop", "Parent Relationship": "Outer", "Join Type": "Inner", "Startup Cost": 0.0, "Total Cost": 3345.17, "Plan Rows": 202, "Plan Width": 28, "Inner Unique": false, "Plans": [{"Node Type": "Nested Loop", "Parent Relationship": "Outer", "Join Type": "Inner", "Startup Cost": 0.0, "Total Cost": 3319.92, "Plan Rows": 33, "Plan Width": 20, "Inner Unique": false, "Plans": [{"Node Type": "Index Scan", "Parent Relationship": "Outer", "Scan Direction": "Forward", "Index Name": "keyword_pkey", "Relation Name": "keyword", "Alias": "k", "Startup Cost": 0.0, "Total Cost": 3182.72, "Plan Rows": 1, "Plan Width": 20, "Filter": "((keyword)::text = 'marvel-cinematic-universe'::text)"}, {"Node Type": "Index Scan", "Parent Relationship": "Inner", "Scan Direction": "Forward", "Index Name": "keyword_id_movie_keyword", "Relation Name": "movie_keyword", "Alias": "mk", "Startup Cost": 0.0, "Total Cost": 136.88, "Plan Rows": 33, "Plan Width": 8, "Index Cond": "(keyword_id = k.id)"}]}, {"Node Type": "Index Scan", "Parent Relationship": "Inner", "Scan Direction": "Forward", "Index Name": "movie_id_cast_info", "Relation Name": "cast_info", "Alias": "ci", "Startup Cost": 0.0, "Total Cost": 0.7, "Plan Rows": 6, "Plan Width": 8, "Index Cond": "(movie_id = mk.movie_id)"}]}, {"Node Type": "Index Scan", "Parent Relationship": "Inner", "Scan Direction": "Forward", "Index Name": "name_pkey", "Relation Name": "name", "Alias": "n", "Startup Cost": 0.0, "Total Cost": 0.28, "Plan Rows": 1, "Plan Width": 19, "Index Cond": "(id = ci.person_id)", "Filter": "((name)::text ~~ '%Downey%Robert%'::text)"}]}, {"Node Type": "Index Scan", "Parent Relationship": "Inner", "Scan Direction": "Forward", "Index Name": "title_pkey", "Relation Name": "title", "Alias": "t", "Startup Cost": 0.0, "Total Cost": 0.28, "Plan Rows": 1, "Plan Width": 21, "Index Cond": "(id = ci.movie_id)", "Filter": "(production_year > 2010)"}]}]}, "Unique SQL Id": 4208751436, "Planner Runtime": 1}, "explain_analyze_plan": null}, "(1, '106')": {"explain_plan": {"Plan": {"Node Type": "Aggregate", "Strategy": "Plain", "Startup Cost": 985425.59, "Total Cost": 985425.6, "Plan Rows": 1, "Plan Width": 144, "Plans": [{"Node Type": "Hash Join", "Parent Relationship": "Outer", "Join Type": "Inner", "Startup Cost": 247570.71, "Total Cost": 985424.53, "Plan Rows": 141, "Plan Width": 48, "Inner Unique": true, "Hash Cond": "(ci.person_id = n.id)", "Plans": [{"Node Type": "Hash Join", "Parent Relationship": "Outer", "Join Type": "Inner", "Startup Cost": 144074.89, "Total Cost": 881928.14, "Plan Rows": 218, "Plan Width": 37, "Inner Unique": false, "Hash Cond": "(ci.movie_id = t.id)", "Plans": [{"Node Type": "Seq Scan", "Parent Relationship": "Outer", "Relation Name": "cast_info", "Alias": "ci", "Startup Cost": 0.0, "Total Cost": 601877.94, "Plan Rows": 36259494, "Plan Width": 8}, {"Node Type": "Hash", "Parent Relationship": "Inner", "Startup Cost": 144074.44, "Total Cost": 144074.44, "Plan Rows": 36, "Plan Width": 41, "Plans": [{"Node Type": "Hash Join", "Parent Relationship": "Outer", "Join Type": "Inner", "Startup Cost": 76216.26, "Total Cost": 144074.44, "Plan Rows": 36, "Plan Width": 41, "Inner Unique": false, "Hash Cond": "(t.id = mk.movie_id)", "Plans": [{"Node Type": "Seq Scan", "Parent Relationship": "Outer", "Relation Name": "title", "Alias": "t", "Startup Cost": 0.0, "Total Cost": 66389.89, "Plan Rows": 391451, "Plan Width": 21, "Filter": "(production_year > 2010), (LLVM Optimized)"}, {"Node Type": "Hash", "Parent Relationship": "Inner", "Startup Cost": 76215.84, "Total Cost": 76215.84, "Plan Rows": 33, "Plan Width": 20, "Plans": [{"Node Type": "Hash Join", "Parent Relationship": "Outer", "Join Type": "Inner", "Startup Cost": 2436.12, "Total Cost": 76215.84, "Plan Rows": 33, "Plan Width": 20, "Inner Unique": true, "Hash Cond": "(mk.keyword_id = k.id)", "Plans": [{"Node Type": "Seq Scan", "Parent Relationship": "Outer", "Relation Name": "movie_keyword", "Alias": "mk", "Startup Cost": 0.0, "Total Cost": 62441.29, "Plan Rows": 4523929, "Plan Width": 8}, {"Node Type": "Hash", "Parent Relationship": "Inner", "Startup Cost": 2436.11, "Total Cost": 2436.11, "Plan Rows": 1, "Plan Width": 20, "Plans": [{"Node Type": "Seq Scan", "Parent Relationship": "Outer", "Relation Name": "keyword", "Alias": "k", "Startup Cost": 0.0, "Total Cost": 2436.11, "Plan Rows": 1, "Plan Width": 20, "Filter": "((keyword)::text = 'marvel-cinematic-universe'::text)"}]}]}]}]}]}]}, {"Node Type": "Hash", "Parent Relationship": "Inner", "Startup Cost": 103490.62, "Total Cost": 103490.62, "Plan Rows": 415, "Plan Width": 19, "Plans": [{"Node Type": "Seq Scan", "Parent Relationship": "Outer", "Relation Name": "name", "Alias": "n", "Startup Cost": 0.0, "Total Cost": 103490.62, "Plan Rows": 415, "Plan Width": 19, "Filter": "((name)::text ~~ '%Downey%Robert%'::text)"}]}]}]}, "Unique SQL Id": 4208751436, "Planner Runtime": 3}, "explain_analyze_plan": null}, "(1, '107')": {"explain_plan": {"Plan": {"Node Type": "Aggregate", "Strategy": "Plain", "Startup Cost": 5000201430681.64, "Total Cost": 5000201430681.65, "Plan Rows": 1, "Plan Width": 144, "Plans": [{"Node Type": "Hash Join", "Parent Relationship": "Outer", "Join Type": "Inner", "Startup Cost": 3020201099152.21, "Total Cost": 5000201430680.57, "Plan Rows": 143, "Plan Width": 48, "Inner Unique": true, "Hash Cond": "(mk.movie_id = t.id)", "Plans": [{"Node Type": "Hash Join", "Parent Relationship": "Outer", "Join Type": "Inner", "Startup Cost": 2020189450132.41, "Total Cost": 4000189781658.58, "Plan Rows": 202, "Plan Width": 39, "Inner Unique": false, "Hash Cond": "(mk.movie_id = ci.movie_id)", "Plans": [{"Node Type": "Nested Loop", "Parent Relationship": "Outer", "Join Type": "Inner", "Startup Cost": 20000000004.51, "Total Cost": 2000000331530.23, "Plan Rows": 33, "Plan Width": 20, "Inner Unique": false, "Plans": [{"Node Type": "Index Scan", "Parent Relationship": "Outer", "Scan Direction": "Forward", "Index Name": "keyword_pkey", "Relation Name": "keyword", "Alias": "k", "Startup Cost": 10000000000.0, "Total Cost": 1000000318271.68, "Plan Rows": 1, "Plan Width": 20, "Filter": "((keyword)::text = 'marvel-cinematic-universe'::text)"}, {"Node Type": "Bitmap Heap Scan", "Parent Relationship": "Inner", "Relation Name": "movie_keyword", "Alias": "mk", "Startup Cost": 10000000004.51, "Total Cost": 1000000013258.21, "Plan Rows": 33, "Plan Width": 8, "Recheck Cond": "(keyword_id = k.id)", "Plans": [{"Node Type": "Bitmap Index Scan", "Parent Relationship": "Outer", "Index Name": "keyword_id_movie_keyword", "Startup Cost": 0.0, "Total Cost": 4.5, "Plan Rows": 33, "Plan Width": 0, "Index Cond": "(keyword_id = k.id)"}]}]}, {"Node Type": "Hash", "Parent Relationship": "Inner", "Startup Cost": 2000189450033.9, "Total Cost": 2000189450033.9, "Plan Rows": 7520, "Plan Width": 19, "Plans": [{"Node Type": "Hash Join", "Parent Relationship": "Outer", "Join Type": "Inner", "Startup Cost": 1010018665152.39, "Total Cost": 2000189450033.9, "Plan Rows": 7520, "Plan Width": 19, "Inner Unique": true, "Hash Cond": "(ci.person_id = n.id)", "Plans": [{"Node Type": "Index Scan", "Parent Relationship": "Outer", "Scan Direction": "Forward", "Index Name": "person_id_cast_info", "Relation Name": "cast_info", "Alias": "ci", "Startup Cost": 10000000000.0, "Total Cost": 1000170648833.21, "Plan Rows": 36259494, "Plan Width": 8}, {"Node Type": "Hash", "Parent Relationship": "Inner", "Startup Cost": 1000018665147.2, "Total Cost": 1000018665147.2, "Plan Rows": 415, "Plan Width": 19, "Plans": [{"Node Type": "Index Scan", "Parent Relationship": "Outer", "Scan Direction": "Forward", "Index Name": "name_pkey", "Relation Name": "name", "Alias": "n", "Startup Cost": 10000000000.0, "Total Cost": 1000018665147.2, "Plan Rows": 415, "Plan Width": 19, "Filter": "((name)::text ~~ '%Downey%Robert%'::text)"}]}]}]}]}, {"Node Type": "Hash", "Parent Relationship": "Inner", "Startup Cost": 1000011644126.66, "Total Cost": 1000011644126.66, "Plan Rows": 391451, "Plan Width": 21, "Plans": [{"Node Type": "Index Scan", "Parent Relationship": "Outer", "Scan Direction": "Forward", "Index Name": "title_pkey", "Relation Name": "title", "Alias": "t", "Startup Cost": 10000000000.0, "Total Cost": 1000011644126.66, "Plan Rows": 391451, "Plan Width": 21, "Filter": "(production_year > 2010), (LLVM Optimized)"}]}]}]}, "Unique SQL Id": 4208751436, "Planner Runtime": 4}, "explain_analyze_plan": null}, "(1, '108')": {"explain_plan": {"Plan": {"Node Type": "Aggregate", "Strategy": "Plain", "Startup Cost": 2657.42, "Total Cost": 2657.43, "Plan Rows": 1, "Plan Width": 144, "Plans": [{"Node Type": "Nested Loop", "Parent Relationship": "Outer", "Join Type": "Inner", "Startup Cost": 0.0, "Total Cost": 2657.41, "Plan Rows": 1, "Plan Width": 48, "Inner Unique": true, "Join Filter": "(mk.movie_id = t.id)", "Plans": [{"Node Type": "Nested Loop", "Parent Relationship": "Outer", "Join Type": "Inner", "Startup Cost": 0.0, "Total Cost": 2657.12, "Plan Rows": 1, "Plan Width": 39, "Inner Unique": true, "Plans": [{"Node Type": "Nested Loop", "Parent Relationship": "Outer", "Join Type": "Inner", "Startup Cost": 0.0, "Total Cost": 2598.56, "Plan Rows": 202, "Plan Width": 28, "Inner Unique": false, "Plans": [{"Node Type": "Nested Loop", "Parent Relationship": "Outer", "Join Type": "Inner", "Startup Cost": 0.0, "Total Cost": 2573.32, "Plan Rows": 33, "Plan Width": 20, "Inner Unique": false, "Plans": [{"Node Type": "Seq Scan", "Parent Relationship": "Outer", "Relation Name": "keyword", "Alias": "k", "Startup Cost": 0.0, "Total Cost": 2436.11, "Plan Rows": 1, "Plan Width": 20, "Filter": "((keyword)::text = 'marvel-cinematic-universe'::text)"}, {"Node Type": "Index Scan", "Parent Relationship": "Inner", "Scan Direction": "Forward", "Index Name": "keyword_id_movie_keyword", "Relation Name": "movie_keyword", "Alias": "mk", "Startup Cost": 0.0, "Total Cost": 136.88, "Plan Rows": 33, "Plan Width": 8, "Index Cond": "(keyword_id = k.id)"}]}, {"Node Type": "Index Scan", "Parent Relationship": "Inner", "Scan Direction": "Forward", "Index Name": "movie_id_cast_info", "Relation Name": "cast_info", "Alias": "ci", "Startup Cost": 0.0, "Total Cost": 0.7, "Plan Rows": 6, "Plan Width": 8, "Index Cond": "(movie_id = mk.movie_id)"}]}, {"Node Type": "Index Scan", "Parent Relationship": "Inner", "Scan Direction": "Forward", "Index Name": "name_pkey", "Relation Name": "name", "Alias": "n", "Startup Cost": 0.0, "Total Cost": 0.28, "Plan Rows": 1, "Plan Width": 19, "Index Cond": "(id = ci.person_id)", "Filter": "((name)::text ~~ '%Downey%Robert%'::text)"}]}, {"Node Type": "Index Scan", "Parent Relationship": "Inner", "Scan Direction": "Forward", "Index Name": "title_pkey", "Relation Name": "title", "Alias": "t", "Startup Cost": 0.0, "Total Cost": 0.28, "Plan Rows": 1, "Plan Width": 21, "Index Cond": "(id = ci.movie_id)", "Filter": "(production_year > 2010)"}]}]}, "Unique SQL Id": 4208751436, "Planner Runtime": 2}, "explain_analyze_plan": {"Plan": {"Node Type": "Aggregate", "Strategy": "Plain", "Startup Cost": 2657.42, "Total Cost": 2657.43, "Plan Rows": 1, "Plan Width": 144, "Actual Startup Time": 50.033, "Actual Total Time": 50.033, "Actual Rows": 1, "Actual Loops": 1, "Plans": [{"Node Type": "Nested Loop", "Parent Relationship": "Outer", "Join Type": "Inner", "Startup Cost": 0.0, "Total Cost": 2657.41, "Plan Rows": 1, "Plan Width": 48, "Actual Startup Time": 2.738, "Actual Total Time": 49.998, "Actual Rows": 6, "Actual Loops": 1, "Inner Unique": true, "Join Filter": "(mk.movie_id = t.id)", "Rows Removed by Join Filter": 0, "Plans": [{"Node Type": "Nested Loop", "Parent Relationship": "Outer", "Join Type": "Inner", "Startup Cost": 0.0, "Total Cost": 2657.12, "Plan Rows": 1, "Plan Width": 39, "Actual Startup Time": 2.722, "Actual Total Time": 49.943, "Actual Rows": 6, "Actual Loops": 1, "Inner Unique": true, "Plans": [{"Node Type": "Nested Loop", "Parent Relationship": "Outer", "Join Type": "Inner", "Startup Cost": 0.0, "Total Cost": 2598.56, "Plan Rows": 202, "Plan Width": 28, "Actual Startup Time": 1.069, "Actual Total Time": 42.909, "Actual Rows": 1242, "Actual Loops": 1, "Inner Unique": false, "Plans": [{"Node Type": "Nested Loop", "Parent Relationship": "Outer", "Join Type": "Inner", "Startup Cost": 0.0, "Total Cost": 2573.32, "Plan Rows": 33, "Plan Width": 20, "Actual Startup Time": 1.054, "Actual Total Time": 40.494, "Actual Rows": 14, "Actual Loops": 1, "Inner Unique": false, "Plans": [{"Node Type": "Seq Scan", "Parent Relationship": "Outer", "Relation Name": "keyword", "Alias": "k", "Startup Cost": 0.0, "Total Cost": 2436.11, "Plan Rows": 1, "Plan Width": 20, "Actual Startup Time": 1.034, "Actual Total Time": 40.443, "Actual Rows": 1, "Actual Loops": 1, "Filter": "((keyword)::text = 'marvel-cinematic-universe'::text)", "Rows Removed by Filter": 134168}, {"Node Type": "Index Scan", "Parent Relationship": "Inner", "Scan Direction": "Forward", "Index Name": "keyword_id_movie_keyword", "Relation Name": "movie_keyword", "Alias": "mk", "Startup Cost": 0.0, "Total Cost": 136.88, "Plan Rows": 33, "Plan Width": 8, "Actual Startup Time": 0.014, "Actual Total Time": 0.039, "Actual Rows": 14, "Actual Loops": 1, "Index Cond": "(keyword_id = k.id)", "Rows Removed by Index Recheck": 0}]}, {"Node Type": "Index Scan", "Parent Relationship": "Inner", "Scan Direction": "Forward", "Index Name": "movie_id_cast_info", "Relation Name": "cast_info", "Alias": "ci", "Startup Cost": 0.0, "Total Cost": 0.7, "Plan Rows": 6, "Plan Width": 8, "Actual Startup Time": 0.169, "Actual Total Time": 2.091, "Actual Rows": 1242, "Actual Loops": 14, "Index Cond": "(movie_id = mk.movie_id)", "Rows Removed by Index Recheck": 0}]}, {"Node Type": "Index Scan", "Parent Relationship": "Inner", "Scan Direction": "Forward", "Index Name": "name_pkey", "Relation Name": "name", "Alias": "n", "Startup Cost": 0.0, "Total Cost": 0.28, "Plan Rows": 1, "Plan Width": 19, "Actual Startup Time": 6.441, "Actual Total Time": 6.441, "Actual Rows": 6, "Actual Loops": 1242, "Index Cond": "(id = ci.person_id)", "Rows Removed by Index Recheck": 0, "Filter": "((name)::text ~~ '%Downey%Robert%'::text)", "Rows Removed by Filter": 1236}]}, {"Node Type": "Index Scan", "Parent Relationship": "Inner", "Scan Direction": "Forward", "Index Name": "title_pkey", "Relation Name": "title", "Alias": "t", "Startup Cost": 0.0, "Total Cost": 0.28, "Plan Rows": 1, "Plan Width": 21, "Actual Startup Time": 0.04, "Actual Total Time": 0.04, "Actual Rows": 6, "Actual Loops": 6, "Index Cond": "(id = ci.movie_id)", "Rows Removed by Index Recheck": 0, "Filter": "(production_year > 2010)", "Rows Removed by Filter": 0}]}]}, "Triggers": [], "Planner Runtime": 6.763, "Total Runtime": 50.265, "Unique SQL Id": 4208751436}}, "(1, '109')": {"explain_plan": {"Plan": {"Node Type": "Aggregate", "Strategy": "Plain", "Startup Cost": 3404.02, "Total Cost": 3404.03, "Plan Rows": 1, "Plan Width": 144, "Plans": [{"Node Type": "Nested Loop", "Parent Relationship": "Outer", "Join Type": "Inner", "Startup Cost": 0.0, "Total Cost": 3404.01, "Plan Rows": 1, "Plan Width": 48, "Inner Unique": true, "Join Filter": "(mk.movie_id = t.id)", "Plans": [{"Node Type": "Nested Loop", "Parent Relationship": "Outer", "Join Type": "Inner", "Startup Cost": 0.0, "Total Cost": 3403.72, "Plan Rows": 1, "Plan Width": 39, "Inner Unique": true, "Plans": [{"Node Type": "Nested Loop", "Parent Relationship": "Outer", "Join Type": "Inner", "Startup Cost": 0.0, "Total Cost": 3345.17, "Plan Rows": 202, "Plan Width": 28, "Inner Unique": false, "Plans": [{"Node Type": "Nested Loop", "Parent Relationship": "Outer", "Join Type": "Inner", "Startup Cost": 0.0, "Total Cost": 3319.92, "Plan Rows": 33, "Plan Width": 20, "Inner Unique": false, "Plans": [{"Node Type": "Index Scan", "Parent Relationship": "Outer", "Scan Direction": "Forward", "Index Name": "keyword_pkey", "Relation Name": "keyword", "Alias": "k", "Startup Cost": 0.0, "Total Cost": 3182.72, "Plan Rows": 1, "Plan Width": 20, "Filter": "((keyword)::text = 'marvel-cinematic-universe'::text)"}, {"Node Type": "Index Scan", "Parent Relationship": "Inner", "Scan Direction": "Forward", "Index Name": "keyword_id_movie_keyword", "Relation Name": "movie_keyword", "Alias": "mk", "Startup Cost": 0.0, "Total Cost": 136.88, "Plan Rows": 33, "Plan Width": 8, "Index Cond": "(keyword_id = k.id)"}]}, {"Node Type": "Index Scan", "Parent Relationship": "Inner", "Scan Direction": "Forward", "Index Name": "movie_id_cast_info", "Relation Name": "cast_info", "Alias": "ci", "Startup Cost": 0.0, "Total Cost": 0.7, "Plan Rows": 6, "Plan Width": 8, "Index Cond": "(movie_id = mk.movie_id)"}]}, {"Node Type": "Index Scan", "Parent Relationship": "Inner", "Scan Direction": "Forward", "Index Name": "name_pkey", "Relation Name": "name", "Alias": "n", "Startup Cost": 0.0, "Total Cost": 0.28, "Plan Rows": 1, "Plan Width": 19, "Index Cond": "(id = ci.person_id)", "Filter": "((name)::text ~~ '%Downey%Robert%'::text)"}]}, {"Node Type": "Index Scan", "Parent Relationship": "Inner", "Scan Direction": "Forward", "Index Name": "title_pkey", "Relation Name": "title", "Alias": "t", "Startup Cost": 0.0, "Total Cost": 0.28, "Plan Rows": 1, "Plan Width": 21, "Index Cond": "(id = ci.movie_id)", "Filter": "(production_year > 2010)"}]}]}, "Unique SQL Id": 4208751436, "Planner Runtime": 1}, "explain_analyze_plan": null}, "(1, '110')": {"explain_plan": {"Plan": {"Node Type": "Aggregate", "Strategy": "Plain", "Startup Cost": 985425.59, "Total Cost": 985425.6, "Plan Rows": 1, "Plan Width": 144, "Plans": [{"Node Type": "Hash Join", "Parent Relationship": "Outer", "Join Type": "Inner", "Startup Cost": 247570.71, "Total Cost": 985424.53, "Plan Rows": 141, "Plan Width": 48, "Inner Unique": true, "Hash Cond": "(ci.person_id = n.id)", "Plans": [{"Node Type": "Hash Join", "Parent Relationship": "Outer", "Join Type": "Inner", "Startup Cost": 144074.89, "Total Cost": 881928.14, "Plan Rows": 218, "Plan Width": 37, "Inner Unique": false, "Hash Cond": "(ci.movie_id = t.id)", "Plans": [{"Node Type": "Seq Scan", "Parent Relationship": "Outer", "Relation Name": "cast_info", "Alias": "ci", "Startup Cost": 0.0, "Total Cost": 601877.94, "Plan Rows": 36259494, "Plan Width": 8}, {"Node Type": "Hash", "Parent Relationship": "Inner", "Startup Cost": 144074.44, "Total Cost": 144074.44, "Plan Rows": 36, "Plan Width": 41, "Plans": [{"Node Type": "Hash Join", "Parent Relationship": "Outer", "Join Type": "Inner", "Startup Cost": 76216.26, "Total Cost": 144074.44, "Plan Rows": 36, "Plan Width": 41, "Inner Unique": false, "Hash Cond": "(t.id = mk.movie_id)", "Plans": [{"Node Type": "Seq Scan", "Parent Relationship": "Outer", "Relation Name": "title", "Alias": "t", "Startup Cost": 0.0, "Total Cost": 66389.89, "Plan Rows": 391451, "Plan Width": 21, "Filter": "(production_year > 2010), (LLVM Optimized)"}, {"Node Type": "Hash", "Parent Relationship": "Inner", "Startup Cost": 76215.84, "Total Cost": 76215.84, "Plan Rows": 33, "Plan Width": 20, "Plans": [{"Node Type": "Hash Join", "Parent Relationship": "Outer", "Join Type": "Inner", "Startup Cost": 2436.12, "Total Cost": 76215.84, "Plan Rows": 33, "Plan Width": 20, "Inner Unique": true, "Hash Cond": "(mk.keyword_id = k.id)", "Plans": [{"Node Type": "Seq Scan", "Parent Relationship": "Outer", "Relation Name": "movie_keyword", "Alias": "mk", "Startup Cost": 0.0, "Total Cost": 62441.29, "Plan Rows": 4523929, "Plan Width": 8}, {"Node Type": "Hash", "Parent Relationship": "Inner", "Startup Cost": 2436.11, "Total Cost": 2436.11, "Plan Rows": 1, "Plan Width": 20, "Plans": [{"Node Type": "Seq Scan", "Parent Relationship": "Outer", "Relation Name": "keyword", "Alias": "k", "Startup Cost": 0.0, "Total Cost": 2436.11, "Plan Rows": 1, "Plan Width": 20, "Filter": "((keyword)::text = 'marvel-cinematic-universe'::text)"}]}]}]}]}]}]}, {"Node Type": "Hash", "Parent Relationship": "Inner", "Startup Cost": 103490.62, "Total Cost": 103490.62, "Plan Rows": 415, "Plan Width": 19, "Plans": [{"Node Type": "Seq Scan", "Parent Relationship": "Outer", "Relation Name": "name", "Alias": "n", "Startup Cost": 0.0, "Total Cost": 103490.62, "Plan Rows": 415, "Plan Width": 19, "Filter": "((name)::text ~~ '%Downey%Robert%'::text)"}]}]}]}, "Unique SQL Id": 4208751436, "Planner Runtime": 3}, "explain_analyze_plan": null}, "(1, '111')": {"explain_plan": {"Plan": {"Node Type": "Aggregate", "Strategy": "Plain", "Startup Cost": 5000201430681.64, "Total Cost": 5000201430681.65, "Plan Rows": 1, "Plan Width": 144, "Plans": [{"Node Type": "Hash Join", "Parent Relationship": "Outer", "Join Type": "Inner", "Startup Cost": 3020201099152.21, "Total Cost": 5000201430680.57, "Plan Rows": 143, "Plan Width": 48, "Inner Unique": true, "Hash Cond": "(mk.movie_id = t.id)", "Plans": [{"Node Type": "Hash Join", "Parent Relationship": "Outer", "Join Type": "Inner", "Startup Cost": 2020189450132.41, "Total Cost": 4000189781658.58, "Plan Rows": 202, "Plan Width": 39, "Inner Unique": false, "Hash Cond": "(mk.movie_id = ci.movie_id)", "Plans": [{"Node Type": "Nested Loop", "Parent Relationship": "Outer", "Join Type": "Inner", "Startup Cost": 20000000004.51, "Total Cost": 2000000331530.23, "Plan Rows": 33, "Plan Width": 20, "Inner Unique": false, "Plans": [{"Node Type": "Index Scan", "Parent Relationship": "Outer", "Scan Direction": "Forward", "Index Name": "keyword_pkey", "Relation Name": "keyword", "Alias": "k", "Startup Cost": 10000000000.0, "Total Cost": 1000000318271.68, "Plan Rows": 1, "Plan Width": 20, "Filter": "((keyword)::text = 'marvel-cinematic-universe'::text)"}, {"Node Type": "Bitmap Heap Scan", "Parent Relationship": "Inner", "Relation Name": "movie_keyword", "Alias": "mk", "Startup Cost": 10000000004.51, "Total Cost": 1000000013258.21, "Plan Rows": 33, "Plan Width": 8, "Recheck Cond": "(keyword_id = k.id)", "Plans": [{"Node Type": "Bitmap Index Scan", "Parent Relationship": "Outer", "Index Name": "keyword_id_movie_keyword", "Startup Cost": 0.0, "Total Cost": 4.5, "Plan Rows": 33, "Plan Width": 0, "Index Cond": "(keyword_id = k.id)"}]}]}, {"Node Type": "Hash", "Parent Relationship": "Inner", "Startup Cost": 2000189450033.9, "Total Cost": 2000189450033.9, "Plan Rows": 7520, "Plan Width": 19, "Plans": [{"Node Type": "Hash Join", "Parent Relationship": "Outer", "Join Type": "Inner", "Startup Cost": 1010018665152.39, "Total Cost": 2000189450033.9, "Plan Rows": 7520, "Plan Width": 19, "Inner Unique": true, "Hash Cond": "(ci.person_id = n.id)", "Plans": [{"Node Type": "Index Scan", "Parent Relationship": "Outer", "Scan Direction": "Forward", "Index Name": "person_id_cast_info", "Relation Name": "cast_info", "Alias": "ci", "Startup Cost": 10000000000.0, "Total Cost": 1000170648833.21, "Plan Rows": 36259494, "Plan Width": 8}, {"Node Type": "Hash", "Parent Relationship": "Inner", "Startup Cost": 1000018665147.2, "Total Cost": 1000018665147.2, "Plan Rows": 415, "Plan Width": 19, "Plans": [{"Node Type": "Index Scan", "Parent Relationship": "Outer", "Scan Direction": "Forward", "Index Name": "name_pkey", "Relation Name": "name", "Alias": "n", "Startup Cost": 10000000000.0, "Total Cost": 1000018665147.2, "Plan Rows": 415, "Plan Width": 19, "Filter": "((name)::text ~~ '%Downey%Robert%'::text)"}]}]}]}]}, {"Node Type": "Hash", "Parent Relationship": "Inner", "Startup Cost": 1000011644126.66, "Total Cost": 1000011644126.66, "Plan Rows": 391451, "Plan Width": 21, "Plans": [{"Node Type": "Index Scan", "Parent Relationship": "Outer", "Scan Direction": "Forward", "Index Name": "title_pkey", "Relation Name": "title", "Alias": "t", "Startup Cost": 10000000000.0, "Total Cost": 1000011644126.66, "Plan Rows": 391451, "Plan Width": 21, "Filter": "(production_year > 2010), (LLVM Optimized)"}]}]}]}, "Unique SQL Id": 4208751436, "Planner Runtime": 4}, "explain_analyze_plan": null}, "(1, '112')": {"explain_plan": {"Plan": {"Node Type": "Aggregate", "Strategy": "Plain", "Startup Cost": 2653.12, "Total Cost": 2653.13, "Plan Rows": 1, "Plan Width": 144, "Plans": [{"Node Type": "Nested Loop", "Parent Relationship": "Outer", "Join Type": "Inner", "Startup Cost": 4.51, "Total Cost": 2653.12, "Plan Rows": 1, "Plan Width": 48, "Inner Unique": true, "Join Filter": "(mk.movie_id = t.id)", "Plans": [{"Node Type": "Nested Loop", "Parent Relationship": "Outer", "Join Type": "Inner", "Startup Cost": 4.51, "Total Cost": 2652.83, "Plan Rows": 1, "Plan Width": 39, "Inner Unique": true, "Plans": [{"Node Type": "Nested Loop", "Parent Relationship": "Outer", "Join Type": "Inner", "Startup Cost": 4.51, "Total Cost": 2594.27, "Plan Rows": 202, "Plan Width": 28, "Inner Unique": false, "Plans": [{"Node Type": "Nested Loop", "Parent Relationship": "Outer", "Join Type": "Inner", "Startup Cost": 4.51, "Total Cost": 2569.02, "Plan Rows": 33, "Plan Width": 20, "Inner Unique": false, "Plans": [{"Node Type": "Seq Scan", "Parent Relationship": "Outer", "Relation Name": "keyword", "Alias": "k", "Startup Cost": 0.0, "Total Cost": 2436.11, "Plan Rows": 1, "Plan Width": 20, "Filter": "((keyword)::text = 'marvel-cinematic-universe'::text)"}, {"Node Type": "Bitmap Heap Scan", "Parent Relationship": "Inner", "Relation Name": "movie_keyword", "Alias": "mk", "Startup Cost": 4.51, "Total Cost": 132.58, "Plan Rows": 33, "Plan Width": 8, "Recheck Cond": "(keyword_id = k.id)", "Plans": [{"Node Type": "Bitmap Index Scan", "Parent Relationship": "Outer", "Index Name": "keyword_id_movie_keyword", "Startup Cost": 0.0, "Total Cost": 4.5, "Plan Rows": 33, "Plan Width": 0, "Index Cond": "(keyword_id = k.id)"}]}]}, {"Node Type": "Index Scan", "Parent Relationship": "Inner", "Scan Direction": "Forward", "Index Name": "movie_id_cast_info", "Relation Name": "cast_info", "Alias": "ci", "Startup Cost": 0.0, "Total Cost": 0.7, "Plan Rows": 6, "Plan Width": 8, "Index Cond": "(movie_id = mk.movie_id)"}]}, {"Node Type": "Index Scan", "Parent Relationship": "Inner", "Scan Direction": "Forward", "Index Name": "name_pkey", "Relation Name": "name", "Alias": "n", "Startup Cost": 0.0, "Total Cost": 0.28, "Plan Rows": 1, "Plan Width": 19, "Index Cond": "(id = ci.person_id)", "Filter": "((name)::text ~~ '%Downey%Robert%'::text)"}]}, {"Node Type": "Index Scan", "Parent Relationship": "Inner", "Scan Direction": "Forward", "Index Name": "title_pkey", "Relation Name": "title", "Alias": "t", "Startup Cost": 0.0, "Total Cost": 0.28, "Plan Rows": 1, "Plan Width": 21, "Index Cond": "(id = ci.movie_id)", "Filter": "(production_year > 2010)"}]}]}, "Unique SQL Id": 4208751436, "Planner Runtime": 1}, "explain_analyze_plan": {"Plan": {"Node Type": "Aggregate", "Strategy": "Plain", "Startup Cost": 2653.12, "Total Cost": 2653.13, "Plan Rows": 1, "Plan Width": 144, "Actual Startup Time": 50.116, "Actual Total Time": 50.116, "Actual Rows": 1, "Actual Loops": 1, "Plans": [{"Node Type": "Nested Loop", "Parent Relationship": "Outer", "Join Type": "Inner", "Startup Cost": 4.51, "Total Cost": 2653.12, "Plan Rows": 1, "Plan Width": 48, "Actual Startup Time": 2.78, "Actual Total Time": 50.084, "Actual Rows": 6, "Actual Loops": 1, "Inner Unique": true, "Join Filter": "(mk.movie_id = t.id)", "Rows Removed by Join Filter": 0, "Plans": [{"Node Type": "Nested Loop", "Parent Relationship": "Outer", "Join Type": "Inner", "Startup Cost": 4.51, "Total Cost": 2652.83, "Plan Rows": 1, "Plan Width": 39, "Actual Startup Time": 2.763, "Actual Total Time": 50.032, "Actual Rows": 6, "Actual Loops": 1, "Inner Unique": true, "Plans": [{"Node Type": "Nested Loop", "Parent Relationship": "Outer", "Join Type": "Inner", "Startup Cost": 4.51, "Total Cost": 2594.27, "Plan Rows": 202, "Plan Width": 28, "Actual Startup Time": 1.106, "Actual Total Time": 42.984, "Actual Rows": 1242, "Actual Loops": 1, "Inner Unique": false, "Plans": [{"Node Type": "Nested Loop", "Parent Relationship": "Outer", "Join Type": "Inner", "Startup Cost": 4.51, "Total Cost": 2569.02, "Plan Rows": 33, "Plan Width": 20, "Actual Startup Time": 1.089, "Actual Total Time": 40.586, "Actual Rows": 14, "Actual Loops": 1, "Inner Unique": false, "Plans": [{"Node Type": "Seq Scan", "Parent Relationship": "Outer", "Relation Name": "keyword", "Alias": "k", "Startup Cost": 0.0, "Total Cost": 2436.11, "Plan Rows": 1, "Plan Width": 20, "Actual Startup Time": 1.052, "Actual Total Time": 40.505, "Actual Rows": 1, "Actual Loops": 1, "Filter": "((keyword)::text = 'marvel-cinematic-universe'::text)", "Rows Removed by Filter": 134168}, {"Node Type": "Bitmap Heap Scan", "Parent Relationship": "Inner", "Relation Name": "movie_keyword", "Alias": "mk", "Startup Cost": 4.51, "Total Cost": 132.58, "Plan Rows": 33, "Plan Width": 8, "Actual Startup Time": 0.03, "Actual Total Time": 0.064, "Actual Rows": 14, "Actual Loops": 1, "Recheck Cond": "(keyword_id = k.id)", "Rows Removed by Index Recheck": 0, "Exact Heap Blocks": 13, "Lossy Heap Blocks": 13, "Plans": [{"Node Type": "Bitmap Index Scan", "Parent Relationship": "Outer", "Index Name": "keyword_id_movie_keyword", "Startup Cost": 0.0, "Total Cost": 4.5, "Plan Rows": 33, "Plan Width": 0, "Actual Startup Time": 0.018, "Actual Total Time": 0.018, "Actual Rows": 14, "Actual Loops": 1, "Index Cond": "(keyword_id = k.id)"}]}]}, {"Node Type": "Index Scan", "Parent Relationship": "Inner", "Scan Direction": "Forward", "Index Name": "movie_id_cast_info", "Relation Name": "cast_info", "Alias": "ci", "Startup Cost": 0.0, "Total Cost": 0.7, "Plan Rows": 6, "Plan Width": 8, "Actual Startup Time": 0.178, "Actual Total Time": 2.086, "Actual Rows": 1242, "Actual Loops": 14, "Index Cond": "(movie_id = mk.movie_id)", "Rows Removed by Index Recheck": 0}]}, {"Node Type": "Index Scan", "Parent Relationship": "Inner", "Scan Direction": "Forward", "Index Name": "name_pkey", "Relation Name": "name", "Alias": "n", "Startup Cost": 0.0, "Total Cost": 0.28, "Plan Rows": 1, "Plan Width": 19, "Actual Startup Time": 6.418, "Actual Total Time": 6.418, "Actual Rows": 6, "Actual Loops": 1242, "Index Cond": "(id = ci.person_id)", "Rows Removed by Index Recheck": 0, "Filter": "((name)::text ~~ '%Downey%Robert%'::text)", "Rows Removed by Filter": 1236}]}, {"Node Type": "Index Scan", "Parent Relationship": "Inner", "Scan Direction": "Forward", "Index Name": "title_pkey", "Relation Name": "title", "Alias": "t", "Startup Cost": 0.0, "Total Cost": 0.28, "Plan Rows": 1, "Plan Width": 21, "Actual Startup Time": 0.037, "Actual Total Time": 0.037, "Actual Rows": 6, "Actual Loops": 6, "Index Cond": "(id = ci.movie_id)", "Rows Removed by Index Recheck": 0, "Filter": "(production_year > 2010)", "Rows Removed by Filter": 0}]}]}, "Triggers": [], "Planner Runtime": 6.792, "Total Runtime": 50.355, "Unique SQL Id": 4208751436}}, "(1, '113')": {"explain_plan": {"Plan": {"Node Type": "Aggregate", "Strategy": "Plain", "Startup Cost": 3399.73, "Total Cost": 3399.74, "Plan Rows": 1, "Plan Width": 144, "Plans": [{"Node Type": "Nested Loop", "Parent Relationship": "Outer", "Join Type": "Inner", "Startup Cost": 4.51, "Total Cost": 3399.72, "Plan Rows": 1, "Plan Width": 48, "Inner Unique": true, "Join Filter": "(mk.movie_id = t.id)", "Plans": [{"Node Type": "Nested Loop", "Parent Relationship": "Outer", "Join Type": "Inner", "Startup Cost": 4.51, "Total Cost": 3399.43, "Plan Rows": 1, "Plan Width": 39, "Inner Unique": true, "Plans": [{"Node Type": "Nested Loop", "Parent Relationship": "Outer", "Join Type": "Inner", "Startup Cost": 4.51, "Total Cost": 3340.87, "Plan Rows": 202, "Plan Width": 28, "Inner Unique": false, "Plans": [{"Node Type": "Nested Loop", "Parent Relationship": "Outer", "Join Type": "Inner", "Startup Cost": 4.51, "Total Cost": 3315.63, "Plan Rows": 33, "Plan Width": 20, "Inner Unique": false, "Plans": [{"Node Type": "Index Scan", "Parent Relationship": "Outer", "Scan Direction": "Forward", "Index Name": "keyword_pkey", "Relation Name": "keyword", "Alias": "k", "Startup Cost": 0.0, "Total Cost": 3182.72, "Plan Rows": 1, "Plan Width": 20, "Filter": "((keyword)::text = 'marvel-cinematic-universe'::text)"}, {"Node Type": "Bitmap Heap Scan", "Parent Relationship": "Inner", "Relation Name": "movie_keyword", "Alias": "mk", "Startup Cost": 4.51, "Total Cost": 132.58, "Plan Rows": 33, "Plan Width": 8, "Recheck Cond": "(keyword_id = k.id)", "Plans": [{"Node Type": "Bitmap Index Scan", "Parent Relationship": "Outer", "Index Name": "keyword_id_movie_keyword", "Startup Cost": 0.0, "Total Cost": 4.5, "Plan Rows": 33, "Plan Width": 0, "Index Cond": "(keyword_id = k.id)"}]}]}, {"Node Type": "Index Scan", "Parent Relationship": "Inner", "Scan Direction": "Forward", "Index Name": "movie_id_cast_info", "Relation Name": "cast_info", "Alias": "ci", "Startup Cost": 0.0, "Total Cost": 0.7, "Plan Rows": 6, "Plan Width": 8, "Index Cond": "(movie_id = mk.movie_id)"}]}, {"Node Type": "Index Scan", "Parent Relationship": "Inner", "Scan Direction": "Forward", "Index Name": "name_pkey", "Relation Name": "name", "Alias": "n", "Startup Cost": 0.0, "Total Cost": 0.28, "Plan Rows": 1, "Plan Width": 19, "Index Cond": "(id = ci.person_id)", "Filter": "((name)::text ~~ '%Downey%Robert%'::text)"}]}, {"Node Type": "Index Scan", "Parent Relationship": "Inner", "Scan Direction": "Forward", "Index Name": "title_pkey", "Relation Name": "title", "Alias": "t", "Startup Cost": 0.0, "Total Cost": 0.28, "Plan Rows": 1, "Plan Width": 21, "Index Cond": "(id = ci.movie_id)", "Filter": "(production_year > 2010)"}]}]}, "Unique SQL Id": 4208751436, "Planner Runtime": 1}, "explain_analyze_plan": null}, "(1, '114')": {"explain_plan": {"Plan": {"Node Type": "Aggregate", "Strategy": "Plain", "Startup Cost": 3589.09, "Total Cost": 3589.1, "Plan Rows": 1, "Plan Width": 144, "Plans": [{"Node Type": "Nested Loop", "Parent Relationship": "Outer", "Join Type": "Inner", "Startup Cost": 5.44, "Total Cost": 3589.09, "Plan Rows": 1, "Plan Width": 48, "Inner Unique": true, "Join Filter": "(mk.movie_id = t.id)", "Plans": [{"Node Type": "Nested Loop", "Parent Relationship": "Outer", "Join Type": "Inner", "Startup Cost": 5.19, "Total Cost": 3584.8, "Plan Rows": 1, "Plan Width": 39, "Inner Unique": true, "Plans": [{"Node Type": "Nested Loop", "Parent Relationship": "Outer", "Join Type": "Inner", "Startup Cost": 4.93, "Total Cost": 2719.34, "Plan Rows": 202, "Plan Width": 28, "Inner Unique": false, "Plans": [{"Node Type": "Nested Loop", "Parent Relationship": "Outer", "Join Type": "Inner", "Startup Cost": 4.51, "Total Cost": 2569.02, "Plan Rows": 33, "Plan Width": 20, "Inner Unique": false, "Plans": [{"Node Type": "Seq Scan", "Parent Relationship": "Outer", "Relation Name": "keyword", "Alias": "k", "Startup Cost": 0.0, "Total Cost": 2436.11, "Plan Rows": 1, "Plan Width": 20, "Filter": "((keyword)::text = 'marvel-cinematic-universe'::text)"}, {"Node Type": "Bitmap Heap Scan", "Parent Relationship": "Inner", "Relation Name": "movie_keyword", "Alias": "mk", "Startup Cost": 4.51, "Total Cost": 132.58, "Plan Rows": 33, "Plan Width": 8, "Recheck Cond": "(keyword_id = k.id)", "Plans": [{"Node Type": "Bitmap Index Scan", "Parent Relationship": "Outer", "Index Name": "keyword_id_movie_keyword", "Startup Cost": 0.0, "Total Cost": 4.5, "Plan Rows": 33, "Plan Width": 0, "Index Cond": "(keyword_id = k.id)"}]}]}, {"Node Type": "Bitmap Heap Scan", "Parent Relationship": "Inner", "Relation Name": "cast_info", "Alias": "ci", "Startup Cost": 0.42, "Total Cost": 4.49, "Plan Rows": 6, "Plan Width": 8, "Recheck Cond": "(movie_id = mk.movie_id)", "Plans": [{"Node Type": "Bitmap Index Scan", "Parent Relationship": "Outer", "Index Name": "movie_id_cast_info", "Startup Cost": 0.0, "Total Cost": 0.42, "Plan Rows": 6, "Plan Width": 0, "Index Cond": "(movie_id = mk.movie_id)"}]}]}, {"Node Type": "Bitmap Heap Scan", "Parent Relationship": "Inner", "Relation Name": "name", "Alias": "n", "Startup Cost": 0.26, "Total Cost": 4.27, "Plan Rows": 1, "Plan Width": 19, "Recheck Cond": "(id = ci.person_id)", "Filter": "((name)::text ~~ '%Downey%Robert%'::text)", "Plans": [{"Node Type": "Bitmap Index Scan", "Parent Relationship": "Outer", "Index Name": "name_pkey", "Startup Cost": 0.0, "Total Cost": 0.26, "Plan Rows": 1, "Plan Width": 0, "Index Cond": "(id = ci.person_id)"}]}]}, {"Node Type": "Bitmap Heap Scan", "Parent Relationship": "Inner", "Relation Name": "title", "Alias": "t", "Startup Cost": 0.26, "Total Cost": 4.27, "Plan Rows": 1, "Plan Width": 21, "Recheck Cond": "(id = ci.movie_id)", "Filter": "(production_year > 2010)", "Plans": [{"Node Type": "Bitmap Index Scan", "Parent Relationship": "Outer", "Index Name": "title_pkey", "Startup Cost": 0.0, "Total Cost": 0.26, "Plan Rows": 1, "Plan Width": 0, "Index Cond": "(id = ci.movie_id)"}]}]}]}, "Unique SQL Id": 4208751436, "Planner Runtime": 1}, "explain_analyze_plan": {"Plan": {"Node Type": "Aggregate", "Strategy": "Plain", "Startup Cost": 3589.09, "Total Cost": 3589.1, "Plan Rows": 1, "Plan Width": 144, "Actual Startup Time": 53.171, "Actual Total Time": 53.171, "Actual Rows": 1, "Actual Loops": 1, "Plans": [{"Node Type": "Nested Loop", "Parent Relationship": "Outer", "Join Type": "Inner", "Startup Cost": 5.44, "Total Cost": 3589.09, "Plan Rows": 1, "Plan Width": 48, "Actual Startup Time": 3.448, "Actual Total Time": 53.134, "Actual Rows": 6, "Actual Loops": 1, "Inner Unique": true, "Join Filter": "(mk.movie_id = t.id)", "Rows Removed by Join Filter": 0, "Plans": [{"Node Type": "Nested Loop", "Parent Relationship": "Outer", "Join Type": "Inner", "Startup Cost": 5.19, "Total Cost": 3584.8, "Plan Rows": 1, "Plan Width": 39, "Actual Startup Time": 3.427, "Actual Total Time": 53.065, "Actual Rows": 6, "Actual Loops": 1, "Inner Unique": true, "Plans": [{"Node Type": "Nested Loop", "Parent Relationship": "Outer", "Join Type": "Inner", "Startup Cost": 4.93, "Total Cost": 2719.34, "Plan Rows": 202, "Plan Width": 28, "Actual Startup Time": 1.113, "Actual Total Time": 43.869, "Actual Rows": 1242, "Actual Loops": 1, "Inner Unique": false, "Plans": [{"Node Type": "Nested Loop", "Parent Relationship": "Outer", "Join Type": "Inner", "Startup Cost": 4.51, "Total Cost": 2569.02, "Plan Rows": 33, "Plan Width": 20, "Actual Startup Time": 1.075, "Actual Total Time": 40.613, "Actual Rows": 14, "Actual Loops": 1, "Inner Unique": false, "Plans": [{"Node Type": "Seq Scan", "Parent Relationship": "Outer", "Relation Name": "keyword", "Alias": "k", "Startup Cost": 0.0, "Total Cost": 2436.11, "Plan Rows": 1, "Plan Width": 20, "Actual Startup Time": 1.032, "Actual Total Time": 40.534, "Actual Rows": 1, "Actual Loops": 1, "Filter": "((keyword)::text = 'marvel-cinematic-universe'::text)", "Rows Removed by Filter": 134168}, {"Node Type": "Bitmap Heap Scan", "Parent Relationship": "Inner", "Relation Name": "movie_keyword", "Alias": "mk", "Startup Cost": 4.51, "Total Cost": 132.58, "Plan Rows": 33, "Plan Width": 8, "Actual Startup Time": 0.037, "Actual Total Time": 0.067, "Actual Rows": 14, "Actual Loops": 1, "Recheck Cond": "(keyword_id = k.id)", "Rows Removed by Index Recheck": 0, "Exact Heap Blocks": 13, "Lossy Heap Blocks": 13, "Plans": [{"Node Type": "Bitmap Index Scan", "Parent Relationship": "Outer", "Index Name": "keyword_id_movie_keyword", "Startup Cost": 0.0, "Total Cost": 4.5, "Plan Rows": 33, "Plan Width": 0, "Actual Startup Time": 0.021, "Actual Total Time": 0.021, "Actual Rows": 14, "Actual Loops": 1, "Index Cond": "(keyword_id = k.id)"}]}]}, {"Node Type": "Bitmap Heap Scan", "Parent Relationship": "Inner", "Relation Name": "cast_info", "Alias": "ci", "Startup Cost": 0.42, "Total Cost": 4.49, "Plan Rows": 6, "Plan Width": 8, "Actual Startup Time": 0.637, "Actual Total Time": 2.904, "Actual Rows": 1242, "Actual Loops": 14, "Recheck Cond": "(movie_id = mk.movie_id)", "Rows Removed by Index Recheck": 0, "Exact Heap Blocks": 1184, "Lossy Heap Blocks": 1184, "Plans": [{"Node Type": "Bitmap Index Scan", "Parent Relationship": "Outer", "Index Name": "movie_id_cast_info", "Startup Cost": 0.0, "Total Cost": 0.42, "Plan Rows": 6, "Plan Width": 0, "Actual Startup Time": 0.398, "Actual Total Time": 0.398, "Actual Rows": 1242, "Actual Loops": 14, "Index Cond": "(movie_id = mk.movie_id)"}]}]}, {"Node Type": "Bitmap Heap Scan", "Parent Relationship": "Inner", "Relation Name": "name", "Alias": "n", "Startup Cost": 0.26, "Total Cost": 4.27, "Plan Rows": 1, "Plan Width": 19, "Actual Startup Time": 7.816, "Actual Total Time": 7.816, "Actual Rows": 6, "Actual Loops": 1242, "Recheck Cond": "(id = ci.person_id)", "Rows Removed by Index Recheck": 0, "Filter": "((name)::text ~~ '%Downey%Robert%'::text)", "Rows Removed by Filter": 1236, "Exact Heap Blocks": 1242, "Lossy Heap Blocks": 1242, "Plans": [{"Node Type": "Bitmap Index Scan", "Parent Relationship": "Outer", "Index Name": "name_pkey", "Startup Cost": 0.0, "Total Cost": 0.26, "Plan Rows": 1, "Plan Width": 0, "Actual Startup Time": 4.579, "Actual Total Time": 4.579, "Actual Rows": 1242, "Actual Loops": 1242, "Index Cond": "(id = ci.person_id)"}]}]}, {"Node Type": "Bitmap Heap Scan", "Parent Relationship": "Inner", "Relation Name": "title", "Alias": "t", "Startup Cost": 0.26, "Total Cost": 4.27, "Plan Rows": 1, "Plan Width": 21, "Actual Startup Time": 0.052, "Actual Total Time": 0.052, "Actual Rows": 6, "Actual Loops": 6, "Recheck Cond": "(id = ci.movie_id)", "Rows Removed by Index Recheck": 0, "Filter": "(production_year > 2010)", "Rows Removed by Filter": 0, "Exact Heap Blocks": 6, "Lossy Heap Blocks": 6, "Plans": [{"Node Type": "Bitmap Index Scan", "Parent Relationship": "Outer", "Index Name": "title_pkey", "Startup Cost": 0.0, "Total Cost": 0.26, "Plan Rows": 1, "Plan Width": 0, "Actual Startup Time": 0.027, "Actual Total Time": 0.027, "Actual Rows": 6, "Actual Loops": 6, "Index Cond": "(id = ci.movie_id)"}]}]}]}, "Triggers": [], "Planner Runtime": 2.206, "Total Runtime": 53.451, "Unique SQL Id": 4208751436}}, "(1, '115')": {"explain_plan": {"Plan": {"Node Type": "Aggregate", "Strategy": "Plain", "Startup Cost": 1000034676559.16, "Total Cost": 1000034676559.17, "Plan Rows": 1, "Plan Width": 144, "Plans": [{"Node Type": "Nested Loop", "Parent Relationship": "Outer", "Join Type": "Inner", "Startup Cost": 10000000001.2, "Total Cost": 1000034676559.15, "Plan Rows": 1, "Plan Width": 48, "Inner Unique": true, "Join Filter": "(mk.movie_id = t.id)", "Plans": [{"Node Type": "Nested Loop", "Parent Relationship": "Outer", "Join Type": "Inner", "Startup Cost": 10000000000.94, "Total Cost": 1000034676554.87, "Plan Rows": 1, "Plan Width": 39, "Inner Unique": true, "Plans": [{"Node Type": "Nested Loop", "Parent Relationship": "Outer", "Join Type": "Inner", "Startup Cost": 10000000000.68, "Total Cost": 1000034675689.4, "Plan Rows": 202, "Plan Width": 28, "Inner Unique": false, "Plans": [{"Node Type": "Nested Loop", "Parent Relationship": "Outer", "Join Type": "Inner", "Startup Cost": 10000000000.26, "Total Cost": 1000034675539.09, "Plan Rows": 33, "Plan Width": 20, "Inner Unique": true, "Plans": [{"Node Type": "Index Scan", "Parent Relationship": "Outer", "Scan Direction": "Forward", "Index Name": "movie_id_movie_keyword", "Relation Name": "movie_keyword", "Alias": "mk", "Startup Cost": 10000000000.0, "Total Cost": 1000015300634.17, "Plan Rows": 4523929, "Plan Width": 8}, {"Node Type": "Bitmap Heap Scan", "Parent Relationship": "Inner", "Relation Name": "keyword", "Alias": "k", "Startup Cost": 0.26, "Total Cost": 4.27, "Plan Rows": 1, "Plan Width": 20, "Recheck Cond": "(id = mk.keyword_id)", "Filter": "((keyword)::text = 'marvel-cinematic-universe'::text)", "Plans": [{"Node Type": "Bitmap Index Scan", "Parent Relationship": "Outer", "Index Name": "keyword_pkey", "Startup Cost": 0.0, "Total Cost": 0.26, "Plan Rows": 1, "Plan Width": 0, "Index Cond": "(id = mk.keyword_id)"}]}]}, {"Node Type": "Bitmap Heap Scan", "Parent Relationship": "Inner", "Relation Name": "cast_info", "Alias": "ci", "Startup Cost": 0.42, "Total Cost": 4.49, "Plan Rows": 6, "Plan Width": 8, "Recheck Cond": "(movie_id = mk.movie_id)", "Plans": [{"Node Type": "Bitmap Index Scan", "Parent Relationship": "Outer", "Index Name": "movie_id_cast_info", "Startup Cost": 0.0, "Total Cost": 0.42, "Plan Rows": 6, "Plan Width": 0, "Index Cond": "(movie_id = mk.movie_id)"}]}]}, {"Node Type": "Bitmap Heap Scan", "Parent Relationship": "Inner", "Relation Name": "name", "Alias": "n", "Startup Cost": 0.26, "Total Cost": 4.27, "Plan Rows": 1, "Plan Width": 19, "Recheck Cond": "(id = ci.person_id)", "Filter": "((name)::text ~~ '%Downey%Robert%'::text)", "Plans": [{"Node Type": "Bitmap Index Scan", "Parent Relationship": "Outer", "Index Name": "name_pkey", "Startup Cost": 0.0, "Total Cost": 0.26, "Plan Rows": 1, "Plan Width": 0, "Index Cond": "(id = ci.person_id)"}]}]}, {"Node Type": "Bitmap Heap Scan", "Parent Relationship": "Inner", "Relation Name": "title", "Alias": "t", "Startup Cost": 0.26, "Total Cost": 4.27, "Plan Rows": 1, "Plan Width": 21, "Recheck Cond": "(id = ci.movie_id)", "Filter": "(production_year > 2010)", "Plans": [{"Node Type": "Bitmap Index Scan", "Parent Relationship": "Outer", "Index Name": "title_pkey", "Startup Cost": 0.0, "Total Cost": 0.26, "Plan Rows": 1, "Plan Width": 0, "Index Cond": "(id = ci.movie_id)"}]}]}]}, "Unique SQL Id": 4208751436, "Planner Runtime": 1}, "explain_analyze_plan": null}, "(1, '116')": {"explain_plan": {"Plan": {"Node Type": "Aggregate", "Strategy": "Plain", "Startup Cost": 2653.12, "Total Cost": 2653.13, "Plan Rows": 1, "Plan Width": 144, "Plans": [{"Node Type": "Nested Loop", "Parent Relationship": "Outer", "Join Type": "Inner", "Startup Cost": 4.51, "Total Cost": 2653.12, "Plan Rows": 1, "Plan Width": 48, "Inner Unique": true, "Join Filter": "(mk.movie_id = t.id)", "Plans": [{"Node Type": "Nested Loop", "Parent Relationship": "Outer", "Join Type": "Inner", "Startup Cost": 4.51, "Total Cost": 2652.83, "Plan Rows": 1, "Plan Width": 39, "Inner Unique": true, "Plans": [{"Node Type": "Nested Loop", "Parent Relationship": "Outer", "Join Type": "Inner", "Startup Cost": 4.51, "Total Cost": 2594.27, "Plan Rows": 202, "Plan Width": 28, "Inner Unique": false, "Plans": [{"Node Type": "Nested Loop", "Parent Relationship": "Outer", "Join Type": "Inner", "Startup Cost": 4.51, "Total Cost": 2569.02, "Plan Rows": 33, "Plan Width": 20, "Inner Unique": false, "Plans": [{"Node Type": "Seq Scan", "Parent Relationship": "Outer", "Relation Name": "keyword", "Alias": "k", "Startup Cost": 0.0, "Total Cost": 2436.11, "Plan Rows": 1, "Plan Width": 20, "Filter": "((keyword)::text = 'marvel-cinematic-universe'::text)"}, {"Node Type": "Bitmap Heap Scan", "Parent Relationship": "Inner", "Relation Name": "movie_keyword", "Alias": "mk", "Startup Cost": 4.51, "Total Cost": 132.58, "Plan Rows": 33, "Plan Width": 8, "Recheck Cond": "(keyword_id = k.id)", "Plans": [{"Node Type": "Bitmap Index Scan", "Parent Relationship": "Outer", "Index Name": "keyword_id_movie_keyword", "Startup Cost": 0.0, "Total Cost": 4.5, "Plan Rows": 33, "Plan Width": 0, "Index Cond": "(keyword_id = k.id)"}]}]}, {"Node Type": "Index Scan", "Parent Relationship": "Inner", "Scan Direction": "Forward", "Index Name": "movie_id_cast_info", "Relation Name": "cast_info", "Alias": "ci", "Startup Cost": 0.0, "Total Cost": 0.7, "Plan Rows": 6, "Plan Width": 8, "Index Cond": "(movie_id = mk.movie_id)"}]}, {"Node Type": "Index Scan", "Parent Relationship": "Inner", "Scan Direction": "Forward", "Index Name": "name_pkey", "Relation Name": "name", "Alias": "n", "Startup Cost": 0.0, "Total Cost": 0.28, "Plan Rows": 1, "Plan Width": 19, "Index Cond": "(id = ci.person_id)", "Filter": "((name)::text ~~ '%Downey%Robert%'::text)"}]}, {"Node Type": "Index Scan", "Parent Relationship": "Inner", "Scan Direction": "Forward", "Index Name": "title_pkey", "Relation Name": "title", "Alias": "t", "Startup Cost": 0.0, "Total Cost": 0.28, "Plan Rows": 1, "Plan Width": 21, "Index Cond": "(id = ci.movie_id)", "Filter": "(production_year > 2010)"}]}]}, "Unique SQL Id": 4208751436, "Planner Runtime": 1}, "explain_analyze_plan": {"Plan": {"Node Type": "Aggregate", "Strategy": "Plain", "Startup Cost": 2653.12, "Total Cost": 2653.13, "Plan Rows": 1, "Plan Width": 144, "Actual Startup Time": 50.116, "Actual Total Time": 50.116, "Actual Rows": 1, "Actual Loops": 1, "Plans": [{"Node Type": "Nested Loop", "Parent Relationship": "Outer", "Join Type": "Inner", "Startup Cost": 4.51, "Total Cost": 2653.12, "Plan Rows": 1, "Plan Width": 48, "Actual Startup Time": 2.78, "Actual Total Time": 50.084, "Actual Rows": 6, "Actual Loops": 1, "Inner Unique": true, "Join Filter": "(mk.movie_id = t.id)", "Rows Removed by Join Filter": 0, "Plans": [{"Node Type": "Nested Loop", "Parent Relationship": "Outer", "Join Type": "Inner", "Startup Cost": 4.51, "Total Cost": 2652.83, "Plan Rows": 1, "Plan Width": 39, "Actual Startup Time": 2.763, "Actual Total Time": 50.032, "Actual Rows": 6, "Actual Loops": 1, "Inner Unique": true, "Plans": [{"Node Type": "Nested Loop", "Parent Relationship": "Outer", "Join Type": "Inner", "Startup Cost": 4.51, "Total Cost": 2594.27, "Plan Rows": 202, "Plan Width": 28, "Actual Startup Time": 1.106, "Actual Total Time": 42.984, "Actual Rows": 1242, "Actual Loops": 1, "Inner Unique": false, "Plans": [{"Node Type": "Nested Loop", "Parent Relationship": "Outer", "Join Type": "Inner", "Startup Cost": 4.51, "Total Cost": 2569.02, "Plan Rows": 33, "Plan Width": 20, "Actual Startup Time": 1.089, "Actual Total Time": 40.586, "Actual Rows": 14, "Actual Loops": 1, "Inner Unique": false, "Plans": [{"Node Type": "Seq Scan", "Parent Relationship": "Outer", "Relation Name": "keyword", "Alias": "k", "Startup Cost": 0.0, "Total Cost": 2436.11, "Plan Rows": 1, "Plan Width": 20, "Actual Startup Time": 1.052, "Actual Total Time": 40.505, "Actual Rows": 1, "Actual Loops": 1, "Filter": "((keyword)::text = 'marvel-cinematic-universe'::text)", "Rows Removed by Filter": 134168}, {"Node Type": "Bitmap Heap Scan", "Parent Relationship": "Inner", "Relation Name": "movie_keyword", "Alias": "mk", "Startup Cost": 4.51, "Total Cost": 132.58, "Plan Rows": 33, "Plan Width": 8, "Actual Startup Time": 0.03, "Actual Total Time": 0.064, "Actual Rows": 14, "Actual Loops": 1, "Recheck Cond": "(keyword_id = k.id)", "Rows Removed by Index Recheck": 0, "Exact Heap Blocks": 13, "Lossy Heap Blocks": 13, "Plans": [{"Node Type": "Bitmap Index Scan", "Parent Relationship": "Outer", "Index Name": "keyword_id_movie_keyword", "Startup Cost": 0.0, "Total Cost": 4.5, "Plan Rows": 33, "Plan Width": 0, "Actual Startup Time": 0.018, "Actual Total Time": 0.018, "Actual Rows": 14, "Actual Loops": 1, "Index Cond": "(keyword_id = k.id)"}]}]}, {"Node Type": "Index Scan", "Parent Relationship": "Inner", "Scan Direction": "Forward", "Index Name": "movie_id_cast_info", "Relation Name": "cast_info", "Alias": "ci", "Startup Cost": 0.0, "Total Cost": 0.7, "Plan Rows": 6, "Plan Width": 8, "Actual Startup Time": 0.178, "Actual Total Time": 2.086, "Actual Rows": 1242, "Actual Loops": 14, "Index Cond": "(movie_id = mk.movie_id)", "Rows Removed by Index Recheck": 0}]}, {"Node Type": "Index Scan", "Parent Relationship": "Inner", "Scan Direction": "Forward", "Index Name": "name_pkey", "Relation Name": "name", "Alias": "n", "Startup Cost": 0.0, "Total Cost": 0.28, "Plan Rows": 1, "Plan Width": 19, "Actual Startup Time": 6.418, "Actual Total Time": 6.418, "Actual Rows": 6, "Actual Loops": 1242, "Index Cond": "(id = ci.person_id)", "Rows Removed by Index Recheck": 0, "Filter": "((name)::text ~~ '%Downey%Robert%'::text)", "Rows Removed by Filter": 1236}]}, {"Node Type": "Index Scan", "Parent Relationship": "Inner", "Scan Direction": "Forward", "Index Name": "title_pkey", "Relation Name": "title", "Alias": "t", "Startup Cost": 0.0, "Total Cost": 0.28, "Plan Rows": 1, "Plan Width": 21, "Actual Startup Time": 0.037, "Actual Total Time": 0.037, "Actual Rows": 6, "Actual Loops": 6, "Index Cond": "(id = ci.movie_id)", "Rows Removed by Index Recheck": 0, "Filter": "(production_year > 2010)", "Rows Removed by Filter": 0}]}]}, "Triggers": [], "Planner Runtime": 6.792, "Total Runtime": 50.355, "Unique SQL Id": 4208751436}}, "(1, '117')": {"explain_plan": {"Plan": {"Node Type": "Aggregate", "Strategy": "Plain", "Startup Cost": 3399.73, "Total Cost": 3399.74, "Plan Rows": 1, "Plan Width": 144, "Plans": [{"Node Type": "Nested Loop", "Parent Relationship": "Outer", "Join Type": "Inner", "Startup Cost": 4.51, "Total Cost": 3399.72, "Plan Rows": 1, "Plan Width": 48, "Inner Unique": true, "Join Filter": "(mk.movie_id = t.id)", "Plans": [{"Node Type": "Nested Loop", "Parent Relationship": "Outer", "Join Type": "Inner", "Startup Cost": 4.51, "Total Cost": 3399.43, "Plan Rows": 1, "Plan Width": 39, "Inner Unique": true, "Plans": [{"Node Type": "Nested Loop", "Parent Relationship": "Outer", "Join Type": "Inner", "Startup Cost": 4.51, "Total Cost": 3340.87, "Plan Rows": 202, "Plan Width": 28, "Inner Unique": false, "Plans": [{"Node Type": "Nested Loop", "Parent Relationship": "Outer", "Join Type": "Inner", "Startup Cost": 4.51, "Total Cost": 3315.63, "Plan Rows": 33, "Plan Width": 20, "Inner Unique": false, "Plans": [{"Node Type": "Index Scan", "Parent Relationship": "Outer", "Scan Direction": "Forward", "Index Name": "keyword_pkey", "Relation Name": "keyword", "Alias": "k", "Startup Cost": 0.0, "Total Cost": 3182.72, "Plan Rows": 1, "Plan Width": 20, "Filter": "((keyword)::text = 'marvel-cinematic-universe'::text)"}, {"Node Type": "Bitmap Heap Scan", "Parent Relationship": "Inner", "Relation Name": "movie_keyword", "Alias": "mk", "Startup Cost": 4.51, "Total Cost": 132.58, "Plan Rows": 33, "Plan Width": 8, "Recheck Cond": "(keyword_id = k.id)", "Plans": [{"Node Type": "Bitmap Index Scan", "Parent Relationship": "Outer", "Index Name": "keyword_id_movie_keyword", "Startup Cost": 0.0, "Total Cost": 4.5, "Plan Rows": 33, "Plan Width": 0, "Index Cond": "(keyword_id = k.id)"}]}]}, {"Node Type": "Index Scan", "Parent Relationship": "Inner", "Scan Direction": "Forward", "Index Name": "movie_id_cast_info", "Relation Name": "cast_info", "Alias": "ci", "Startup Cost": 0.0, "Total Cost": 0.7, "Plan Rows": 6, "Plan Width": 8, "Index Cond": "(movie_id = mk.movie_id)"}]}, {"Node Type": "Index Scan", "Parent Relationship": "Inner", "Scan Direction": "Forward", "Index Name": "name_pkey", "Relation Name": "name", "Alias": "n", "Startup Cost": 0.0, "Total Cost": 0.28, "Plan Rows": 1, "Plan Width": 19, "Index Cond": "(id = ci.person_id)", "Filter": "((name)::text ~~ '%Downey%Robert%'::text)"}]}, {"Node Type": "Index Scan", "Parent Relationship": "Inner", "Scan Direction": "Forward", "Index Name": "title_pkey", "Relation Name": "title", "Alias": "t", "Startup Cost": 0.0, "Total Cost": 0.28, "Plan Rows": 1, "Plan Width": 21, "Index Cond": "(id = ci.movie_id)", "Filter": "(production_year > 2010)"}]}]}, "Unique SQL Id": 4208751436, "Planner Runtime": 1}, "explain_analyze_plan": null}, "(1, '118')": {"explain_plan": {"Plan": {"Node Type": "Aggregate", "Strategy": "Plain", "Startup Cost": 3589.09, "Total Cost": 3589.1, "Plan Rows": 1, "Plan Width": 144, "Plans": [{"Node Type": "Nested Loop", "Parent Relationship": "Outer", "Join Type": "Inner", "Startup Cost": 5.44, "Total Cost": 3589.09, "Plan Rows": 1, "Plan Width": 48, "Inner Unique": true, "Join Filter": "(mk.movie_id = t.id)", "Plans": [{"Node Type": "Nested Loop", "Parent Relationship": "Outer", "Join Type": "Inner", "Startup Cost": 5.19, "Total Cost": 3584.8, "Plan Rows": 1, "Plan Width": 39, "Inner Unique": true, "Plans": [{"Node Type": "Nested Loop", "Parent Relationship": "Outer", "Join Type": "Inner", "Startup Cost": 4.93, "Total Cost": 2719.34, "Plan Rows": 202, "Plan Width": 28, "Inner Unique": false, "Plans": [{"Node Type": "Nested Loop", "Parent Relationship": "Outer", "Join Type": "Inner", "Startup Cost": 4.51, "Total Cost": 2569.02, "Plan Rows": 33, "Plan Width": 20, "Inner Unique": false, "Plans": [{"Node Type": "Seq Scan", "Parent Relationship": "Outer", "Relation Name": "keyword", "Alias": "k", "Startup Cost": 0.0, "Total Cost": 2436.11, "Plan Rows": 1, "Plan Width": 20, "Filter": "((keyword)::text = 'marvel-cinematic-universe'::text)"}, {"Node Type": "Bitmap Heap Scan", "Parent Relationship": "Inner", "Relation Name": "movie_keyword", "Alias": "mk", "Startup Cost": 4.51, "Total Cost": 132.58, "Plan Rows": 33, "Plan Width": 8, "Recheck Cond": "(keyword_id = k.id)", "Plans": [{"Node Type": "Bitmap Index Scan", "Parent Relationship": "Outer", "Index Name": "keyword_id_movie_keyword", "Startup Cost": 0.0, "Total Cost": 4.5, "Plan Rows": 33, "Plan Width": 0, "Index Cond": "(keyword_id = k.id)"}]}]}, {"Node Type": "Bitmap Heap Scan", "Parent Relationship": "Inner", "Relation Name": "cast_info", "Alias": "ci", "Startup Cost": 0.42, "Total Cost": 4.49, "Plan Rows": 6, "Plan Width": 8, "Recheck Cond": "(movie_id = mk.movie_id)", "Plans": [{"Node Type": "Bitmap Index Scan", "Parent Relationship": "Outer", "Index Name": "movie_id_cast_info", "Startup Cost": 0.0, "Total Cost": 0.42, "Plan Rows": 6, "Plan Width": 0, "Index Cond": "(movie_id = mk.movie_id)"}]}]}, {"Node Type": "Bitmap Heap Scan", "Parent Relationship": "Inner", "Relation Name": "name", "Alias": "n", "Startup Cost": 0.26, "Total Cost": 4.27, "Plan Rows": 1, "Plan Width": 19, "Recheck Cond": "(id = ci.person_id)", "Filter": "((name)::text ~~ '%Downey%Robert%'::text)", "Plans": [{"Node Type": "Bitmap Index Scan", "Parent Relationship": "Outer", "Index Name": "name_pkey", "Startup Cost": 0.0, "Total Cost": 0.26, "Plan Rows": 1, "Plan Width": 0, "Index Cond": "(id = ci.person_id)"}]}]}, {"Node Type": "Bitmap Heap Scan", "Parent Relationship": "Inner", "Relation Name": "title", "Alias": "t", "Startup Cost": 0.26, "Total Cost": 4.27, "Plan Rows": 1, "Plan Width": 21, "Recheck Cond": "(id = ci.movie_id)", "Filter": "(production_year > 2010)", "Plans": [{"Node Type": "Bitmap Index Scan", "Parent Relationship": "Outer", "Index Name": "title_pkey", "Startup Cost": 0.0, "Total Cost": 0.26, "Plan Rows": 1, "Plan Width": 0, "Index Cond": "(id = ci.movie_id)"}]}]}]}, "Unique SQL Id": 4208751436, "Planner Runtime": 1}, "explain_analyze_plan": {"Plan": {"Node Type": "Aggregate", "Strategy": "Plain", "Startup Cost": 3589.09, "Total Cost": 3589.1, "Plan Rows": 1, "Plan Width": 144, "Actual Startup Time": 53.171, "Actual Total Time": 53.171, "Actual Rows": 1, "Actual Loops": 1, "Plans": [{"Node Type": "Nested Loop", "Parent Relationship": "Outer", "Join Type": "Inner", "Startup Cost": 5.44, "Total Cost": 3589.09, "Plan Rows": 1, "Plan Width": 48, "Actual Startup Time": 3.448, "Actual Total Time": 53.134, "Actual Rows": 6, "Actual Loops": 1, "Inner Unique": true, "Join Filter": "(mk.movie_id = t.id)", "Rows Removed by Join Filter": 0, "Plans": [{"Node Type": "Nested Loop", "Parent Relationship": "Outer", "Join Type": "Inner", "Startup Cost": 5.19, "Total Cost": 3584.8, "Plan Rows": 1, "Plan Width": 39, "Actual Startup Time": 3.427, "Actual Total Time": 53.065, "Actual Rows": 6, "Actual Loops": 1, "Inner Unique": true, "Plans": [{"Node Type": "Nested Loop", "Parent Relationship": "Outer", "Join Type": "Inner", "Startup Cost": 4.93, "Total Cost": 2719.34, "Plan Rows": 202, "Plan Width": 28, "Actual Startup Time": 1.113, "Actual Total Time": 43.869, "Actual Rows": 1242, "Actual Loops": 1, "Inner Unique": false, "Plans": [{"Node Type": "Nested Loop", "Parent Relationship": "Outer", "Join Type": "Inner", "Startup Cost": 4.51, "Total Cost": 2569.02, "Plan Rows": 33, "Plan Width": 20, "Actual Startup Time": 1.075, "Actual Total Time": 40.613, "Actual Rows": 14, "Actual Loops": 1, "Inner Unique": false, "Plans": [{"Node Type": "Seq Scan", "Parent Relationship": "Outer", "Relation Name": "keyword", "Alias": "k", "Startup Cost": 0.0, "Total Cost": 2436.11, "Plan Rows": 1, "Plan Width": 20, "Actual Startup Time": 1.032, "Actual Total Time": 40.534, "Actual Rows": 1, "Actual Loops": 1, "Filter": "((keyword)::text = 'marvel-cinematic-universe'::text)", "Rows Removed by Filter": 134168}, {"Node Type": "Bitmap Heap Scan", "Parent Relationship": "Inner", "Relation Name": "movie_keyword", "Alias": "mk", "Startup Cost": 4.51, "Total Cost": 132.58, "Plan Rows": 33, "Plan Width": 8, "Actual Startup Time": 0.037, "Actual Total Time": 0.067, "Actual Rows": 14, "Actual Loops": 1, "Recheck Cond": "(keyword_id = k.id)", "Rows Removed by Index Recheck": 0, "Exact Heap Blocks": 13, "Lossy Heap Blocks": 13, "Plans": [{"Node Type": "Bitmap Index Scan", "Parent Relationship": "Outer", "Index Name": "keyword_id_movie_keyword", "Startup Cost": 0.0, "Total Cost": 4.5, "Plan Rows": 33, "Plan Width": 0, "Actual Startup Time": 0.021, "Actual Total Time": 0.021, "Actual Rows": 14, "Actual Loops": 1, "Index Cond": "(keyword_id = k.id)"}]}]}, {"Node Type": "Bitmap Heap Scan", "Parent Relationship": "Inner", "Relation Name": "cast_info", "Alias": "ci", "Startup Cost": 0.42, "Total Cost": 4.49, "Plan Rows": 6, "Plan Width": 8, "Actual Startup Time": 0.637, "Actual Total Time": 2.904, "Actual Rows": 1242, "Actual Loops": 14, "Recheck Cond": "(movie_id = mk.movie_id)", "Rows Removed by Index Recheck": 0, "Exact Heap Blocks": 1184, "Lossy Heap Blocks": 1184, "Plans": [{"Node Type": "Bitmap Index Scan", "Parent Relationship": "Outer", "Index Name": "movie_id_cast_info", "Startup Cost": 0.0, "Total Cost": 0.42, "Plan Rows": 6, "Plan Width": 0, "Actual Startup Time": 0.398, "Actual Total Time": 0.398, "Actual Rows": 1242, "Actual Loops": 14, "Index Cond": "(movie_id = mk.movie_id)"}]}]}, {"Node Type": "Bitmap Heap Scan", "Parent Relationship": "Inner", "Relation Name": "name", "Alias": "n", "Startup Cost": 0.26, "Total Cost": 4.27, "Plan Rows": 1, "Plan Width": 19, "Actual Startup Time": 7.816, "Actual Total Time": 7.816, "Actual Rows": 6, "Actual Loops": 1242, "Recheck Cond": "(id = ci.person_id)", "Rows Removed by Index Recheck": 0, "Filter": "((name)::text ~~ '%Downey%Robert%'::text)", "Rows Removed by Filter": 1236, "Exact Heap Blocks": 1242, "Lossy Heap Blocks": 1242, "Plans": [{"Node Type": "Bitmap Index Scan", "Parent Relationship": "Outer", "Index Name": "name_pkey", "Startup Cost": 0.0, "Total Cost": 0.26, "Plan Rows": 1, "Plan Width": 0, "Actual Startup Time": 4.579, "Actual Total Time": 4.579, "Actual Rows": 1242, "Actual Loops": 1242, "Index Cond": "(id = ci.person_id)"}]}]}, {"Node Type": "Bitmap Heap Scan", "Parent Relationship": "Inner", "Relation Name": "title", "Alias": "t", "Startup Cost": 0.26, "Total Cost": 4.27, "Plan Rows": 1, "Plan Width": 21, "Actual Startup Time": 0.052, "Actual Total Time": 0.052, "Actual Rows": 6, "Actual Loops": 6, "Recheck Cond": "(id = ci.movie_id)", "Rows Removed by Index Recheck": 0, "Filter": "(production_year > 2010)", "Rows Removed by Filter": 0, "Exact Heap Blocks": 6, "Lossy Heap Blocks": 6, "Plans": [{"Node Type": "Bitmap Index Scan", "Parent Relationship": "Outer", "Index Name": "title_pkey", "Startup Cost": 0.0, "Total Cost": 0.26, "Plan Rows": 1, "Plan Width": 0, "Actual Startup Time": 0.027, "Actual Total Time": 0.027, "Actual Rows": 6, "Actual Loops": 6, "Index Cond": "(id = ci.movie_id)"}]}]}]}, "Triggers": [], "Planner Runtime": 2.206, "Total Runtime": 53.451, "Unique SQL Id": 4208751436}}, "(1, '119')": {"explain_plan": {"Plan": {"Node Type": "Aggregate", "Strategy": "Plain", "Startup Cost": 1000034676559.16, "Total Cost": 1000034676559.17, "Plan Rows": 1, "Plan Width": 144, "Plans": [{"Node Type": "Nested Loop", "Parent Relationship": "Outer", "Join Type": "Inner", "Startup Cost": 10000000001.2, "Total Cost": 1000034676559.15, "Plan Rows": 1, "Plan Width": 48, "Inner Unique": true, "Join Filter": "(mk.movie_id = t.id)", "Plans": [{"Node Type": "Nested Loop", "Parent Relationship": "Outer", "Join Type": "Inner", "Startup Cost": 10000000000.94, "Total Cost": 1000034676554.87, "Plan Rows": 1, "Plan Width": 39, "Inner Unique": true, "Plans": [{"Node Type": "Nested Loop", "Parent Relationship": "Outer", "Join Type": "Inner", "Startup Cost": 10000000000.68, "Total Cost": 1000034675689.4, "Plan Rows": 202, "Plan Width": 28, "Inner Unique": false, "Plans": [{"Node Type": "Nested Loop", "Parent Relationship": "Outer", "Join Type": "Inner", "Startup Cost": 10000000000.26, "Total Cost": 1000034675539.09, "Plan Rows": 33, "Plan Width": 20, "Inner Unique": true, "Plans": [{"Node Type": "Index Scan", "Parent Relationship": "Outer", "Scan Direction": "Forward", "Index Name": "movie_id_movie_keyword", "Relation Name": "movie_keyword", "Alias": "mk", "Startup Cost": 10000000000.0, "Total Cost": 1000015300634.17, "Plan Rows": 4523929, "Plan Width": 8}, {"Node Type": "Bitmap Heap Scan", "Parent Relationship": "Inner", "Relation Name": "keyword", "Alias": "k", "Startup Cost": 0.26, "Total Cost": 4.27, "Plan Rows": 1, "Plan Width": 20, "Recheck Cond": "(id = mk.keyword_id)", "Filter": "((keyword)::text = 'marvel-cinematic-universe'::text)", "Plans": [{"Node Type": "Bitmap Index Scan", "Parent Relationship": "Outer", "Index Name": "keyword_pkey", "Startup Cost": 0.0, "Total Cost": 0.26, "Plan Rows": 1, "Plan Width": 0, "Index Cond": "(id = mk.keyword_id)"}]}]}, {"Node Type": "Bitmap Heap Scan", "Parent Relationship": "Inner", "Relation Name": "cast_info", "Alias": "ci", "Startup Cost": 0.42, "Total Cost": 4.49, "Plan Rows": 6, "Plan Width": 8, "Recheck Cond": "(movie_id = mk.movie_id)", "Plans": [{"Node Type": "Bitmap Index Scan", "Parent Relationship": "Outer", "Index Name": "movie_id_cast_info", "Startup Cost": 0.0, "Total Cost": 0.42, "Plan Rows": 6, "Plan Width": 0, "Index Cond": "(movie_id = mk.movie_id)"}]}]}, {"Node Type": "Bitmap Heap Scan", "Parent Relationship": "Inner", "Relation Name": "name", "Alias": "n", "Startup Cost": 0.26, "Total Cost": 4.27, "Plan Rows": 1, "Plan Width": 19, "Recheck Cond": "(id = ci.person_id)", "Filter": "((name)::text ~~ '%Downey%Robert%'::text)", "Plans": [{"Node Type": "Bitmap Index Scan", "Parent Relationship": "Outer", "Index Name": "name_pkey", "Startup Cost": 0.0, "Total Cost": 0.26, "Plan Rows": 1, "Plan Width": 0, "Index Cond": "(id = ci.person_id)"}]}]}, {"Node Type": "Bitmap Heap Scan", "Parent Relationship": "Inner", "Relation Name": "title", "Alias": "t", "Startup Cost": 0.26, "Total Cost": 4.27, "Plan Rows": 1, "Plan Width": 21, "Recheck Cond": "(id = ci.movie_id)", "Filter": "(production_year > 2010)", "Plans": [{"Node Type": "Bitmap Index Scan", "Parent Relationship": "Outer", "Index Name": "title_pkey", "Startup Cost": 0.0, "Total Cost": 0.26, "Plan Rows": 1, "Plan Width": 0, "Index Cond": "(id = ci.movie_id)"}]}]}]}, "Unique SQL Id": 4208751436, "Planner Runtime": 1}, "explain_analyze_plan": null}, "(1, '120')": {"explain_plan": {"Plan": {"Node Type": "Aggregate", "Strategy": "Plain", "Startup Cost": 2657.42, "Total Cost": 2657.43, "Plan Rows": 1, "Plan Width": 144, "Plans": [{"Node Type": "Nested Loop", "Parent Relationship": "Outer", "Join Type": "Inner", "Startup Cost": 0.0, "Total Cost": 2657.41, "Plan Rows": 1, "Plan Width": 48, "Inner Unique": true, "Join Filter": "(mk.movie_id = t.id)", "Plans": [{"Node Type": "Nested Loop", "Parent Relationship": "Outer", "Join Type": "Inner", "Startup Cost": 0.0, "Total Cost": 2657.12, "Plan Rows": 1, "Plan Width": 39, "Inner Unique": true, "Plans": [{"Node Type": "Nested Loop", "Parent Relationship": "Outer", "Join Type": "Inner", "Startup Cost": 0.0, "Total Cost": 2598.56, "Plan Rows": 202, "Plan Width": 28, "Inner Unique": false, "Plans": [{"Node Type": "Nested Loop", "Parent Relationship": "Outer", "Join Type": "Inner", "Startup Cost": 0.0, "Total Cost": 2573.32, "Plan Rows": 33, "Plan Width": 20, "Inner Unique": false, "Plans": [{"Node Type": "Seq Scan", "Parent Relationship": "Outer", "Relation Name": "keyword", "Alias": "k", "Startup Cost": 0.0, "Total Cost": 2436.11, "Plan Rows": 1, "Plan Width": 20, "Filter": "((keyword)::text = 'marvel-cinematic-universe'::text)"}, {"Node Type": "Index Scan", "Parent Relationship": "Inner", "Scan Direction": "Forward", "Index Name": "keyword_id_movie_keyword", "Relation Name": "movie_keyword", "Alias": "mk", "Startup Cost": 0.0, "Total Cost": 136.88, "Plan Rows": 33, "Plan Width": 8, "Index Cond": "(keyword_id = k.id)"}]}, {"Node Type": "Index Scan", "Parent Relationship": "Inner", "Scan Direction": "Forward", "Index Name": "movie_id_cast_info", "Relation Name": "cast_info", "Alias": "ci", "Startup Cost": 0.0, "Total Cost": 0.7, "Plan Rows": 6, "Plan Width": 8, "Index Cond": "(movie_id = mk.movie_id)"}]}, {"Node Type": "Index Scan", "Parent Relationship": "Inner", "Scan Direction": "Forward", "Index Name": "name_pkey", "Relation Name": "name", "Alias": "n", "Startup Cost": 0.0, "Total Cost": 0.28, "Plan Rows": 1, "Plan Width": 19, "Index Cond": "(id = ci.person_id)", "Filter": "((name)::text ~~ '%Downey%Robert%'::text)"}]}, {"Node Type": "Index Scan", "Parent Relationship": "Inner", "Scan Direction": "Forward", "Index Name": "title_pkey", "Relation Name": "title", "Alias": "t", "Startup Cost": 0.0, "Total Cost": 0.28, "Plan Rows": 1, "Plan Width": 21, "Index Cond": "(id = ci.movie_id)", "Filter": "(production_year > 2010)"}]}]}, "Unique SQL Id": 4208751436, "Planner Runtime": 1}, "explain_analyze_plan": {"Plan": {"Node Type": "Aggregate", "Strategy": "Plain", "Startup Cost": 2657.42, "Total Cost": 2657.43, "Plan Rows": 1, "Plan Width": 144, "Actual Startup Time": 50.033, "Actual Total Time": 50.033, "Actual Rows": 1, "Actual Loops": 1, "Plans": [{"Node Type": "Nested Loop", "Parent Relationship": "Outer", "Join Type": "Inner", "Startup Cost": 0.0, "Total Cost": 2657.41, "Plan Rows": 1, "Plan Width": 48, "Actual Startup Time": 2.738, "Actual Total Time": 49.998, "Actual Rows": 6, "Actual Loops": 1, "Inner Unique": true, "Join Filter": "(mk.movie_id = t.id)", "Rows Removed by Join Filter": 0, "Plans": [{"Node Type": "Nested Loop", "Parent Relationship": "Outer", "Join Type": "Inner", "Startup Cost": 0.0, "Total Cost": 2657.12, "Plan Rows": 1, "Plan Width": 39, "Actual Startup Time": 2.722, "Actual Total Time": 49.943, "Actual Rows": 6, "Actual Loops": 1, "Inner Unique": true, "Plans": [{"Node Type": "Nested Loop", "Parent Relationship": "Outer", "Join Type": "Inner", "Startup Cost": 0.0, "Total Cost": 2598.56, "Plan Rows": 202, "Plan Width": 28, "Actual Startup Time": 1.069, "Actual Total Time": 42.909, "Actual Rows": 1242, "Actual Loops": 1, "Inner Unique": false, "Plans": [{"Node Type": "Nested Loop", "Parent Relationship": "Outer", "Join Type": "Inner", "Startup Cost": 0.0, "Total Cost": 2573.32, "Plan Rows": 33, "Plan Width": 20, "Actual Startup Time": 1.054, "Actual Total Time": 40.494, "Actual Rows": 14, "Actual Loops": 1, "Inner Unique": false, "Plans": [{"Node Type": "Seq Scan", "Parent Relationship": "Outer", "Relation Name": "keyword", "Alias": "k", "Startup Cost": 0.0, "Total Cost": 2436.11, "Plan Rows": 1, "Plan Width": 20, "Actual Startup Time": 1.034, "Actual Total Time": 40.443, "Actual Rows": 1, "Actual Loops": 1, "Filter": "((keyword)::text = 'marvel-cinematic-universe'::text)", "Rows Removed by Filter": 134168}, {"Node Type": "Index Scan", "Parent Relationship": "Inner", "Scan Direction": "Forward", "Index Name": "keyword_id_movie_keyword", "Relation Name": "movie_keyword", "Alias": "mk", "Startup Cost": 0.0, "Total Cost": 136.88, "Plan Rows": 33, "Plan Width": 8, "Actual Startup Time": 0.014, "Actual Total Time": 0.039, "Actual Rows": 14, "Actual Loops": 1, "Index Cond": "(keyword_id = k.id)", "Rows Removed by Index Recheck": 0}]}, {"Node Type": "Index Scan", "Parent Relationship": "Inner", "Scan Direction": "Forward", "Index Name": "movie_id_cast_info", "Relation Name": "cast_info", "Alias": "ci", "Startup Cost": 0.0, "Total Cost": 0.7, "Plan Rows": 6, "Plan Width": 8, "Actual Startup Time": 0.169, "Actual Total Time": 2.091, "Actual Rows": 1242, "Actual Loops": 14, "Index Cond": "(movie_id = mk.movie_id)", "Rows Removed by Index Recheck": 0}]}, {"Node Type": "Index Scan", "Parent Relationship": "Inner", "Scan Direction": "Forward", "Index Name": "name_pkey", "Relation Name": "name", "Alias": "n", "Startup Cost": 0.0, "Total Cost": 0.28, "Plan Rows": 1, "Plan Width": 19, "Actual Startup Time": 6.441, "Actual Total Time": 6.441, "Actual Rows": 6, "Actual Loops": 1242, "Index Cond": "(id = ci.person_id)", "Rows Removed by Index Recheck": 0, "Filter": "((name)::text ~~ '%Downey%Robert%'::text)", "Rows Removed by Filter": 1236}]}, {"Node Type": "Index Scan", "Parent Relationship": "Inner", "Scan Direction": "Forward", "Index Name": "title_pkey", "Relation Name": "title", "Alias": "t", "Startup Cost": 0.0, "Total Cost": 0.28, "Plan Rows": 1, "Plan Width": 21, "Actual Startup Time": 0.04, "Actual Total Time": 0.04, "Actual Rows": 6, "Actual Loops": 6, "Index Cond": "(id = ci.movie_id)", "Rows Removed by Index Recheck": 0, "Filter": "(production_year > 2010)", "Rows Removed by Filter": 0}]}]}, "Triggers": [], "Planner Runtime": 6.763, "Total Runtime": 50.265, "Unique SQL Id": 4208751436}}, "(1, '121')": {"explain_plan": {"Plan": {"Node Type": "Aggregate", "Strategy": "Plain", "Startup Cost": 3404.02, "Total Cost": 3404.03, "Plan Rows": 1, "Plan Width": 144, "Plans": [{"Node Type": "Nested Loop", "Parent Relationship": "Outer", "Join Type": "Inner", "Startup Cost": 0.0, "Total Cost": 3404.01, "Plan Rows": 1, "Plan Width": 48, "Inner Unique": true, "Join Filter": "(mk.movie_id = t.id)", "Plans": [{"Node Type": "Nested Loop", "Parent Relationship": "Outer", "Join Type": "Inner", "Startup Cost": 0.0, "Total Cost": 3403.72, "Plan Rows": 1, "Plan Width": 39, "Inner Unique": true, "Plans": [{"Node Type": "Nested Loop", "Parent Relationship": "Outer", "Join Type": "Inner", "Startup Cost": 0.0, "Total Cost": 3345.17, "Plan Rows": 202, "Plan Width": 28, "Inner Unique": false, "Plans": [{"Node Type": "Nested Loop", "Parent Relationship": "Outer", "Join Type": "Inner", "Startup Cost": 0.0, "Total Cost": 3319.92, "Plan Rows": 33, "Plan Width": 20, "Inner Unique": false, "Plans": [{"Node Type": "Index Scan", "Parent Relationship": "Outer", "Scan Direction": "Forward", "Index Name": "keyword_pkey", "Relation Name": "keyword", "Alias": "k", "Startup Cost": 0.0, "Total Cost": 3182.72, "Plan Rows": 1, "Plan Width": 20, "Filter": "((keyword)::text = 'marvel-cinematic-universe'::text)"}, {"Node Type": "Index Scan", "Parent Relationship": "Inner", "Scan Direction": "Forward", "Index Name": "keyword_id_movie_keyword", "Relation Name": "movie_keyword", "Alias": "mk", "Startup Cost": 0.0, "Total Cost": 136.88, "Plan Rows": 33, "Plan Width": 8, "Index Cond": "(keyword_id = k.id)"}]}, {"Node Type": "Index Scan", "Parent Relationship": "Inner", "Scan Direction": "Forward", "Index Name": "movie_id_cast_info", "Relation Name": "cast_info", "Alias": "ci", "Startup Cost": 0.0, "Total Cost": 0.7, "Plan Rows": 6, "Plan Width": 8, "Index Cond": "(movie_id = mk.movie_id)"}]}, {"Node Type": "Index Scan", "Parent Relationship": "Inner", "Scan Direction": "Forward", "Index Name": "name_pkey", "Relation Name": "name", "Alias": "n", "Startup Cost": 0.0, "Total Cost": 0.28, "Plan Rows": 1, "Plan Width": 19, "Index Cond": "(id = ci.person_id)", "Filter": "((name)::text ~~ '%Downey%Robert%'::text)"}]}, {"Node Type": "Index Scan", "Parent Relationship": "Inner", "Scan Direction": "Forward", "Index Name": "title_pkey", "Relation Name": "title", "Alias": "t", "Startup Cost": 0.0, "Total Cost": 0.28, "Plan Rows": 1, "Plan Width": 21, "Index Cond": "(id = ci.movie_id)", "Filter": "(production_year > 2010)"}]}]}, "Unique SQL Id": 4208751436, "Planner Runtime": 1}, "explain_analyze_plan": null}, "(1, '122')": {"explain_plan": {"Plan": {"Node Type": "Aggregate", "Strategy": "Plain", "Startup Cost": 18847785.68, "Total Cost": 18847785.69, "Plan Rows": 1, "Plan Width": 144, "Plans": [{"Node Type": "Nested Loop", "Parent Relationship": "Outer", "Join Type": "Inner", "Startup Cost": 0.0, "Total Cost": 18847785.67, "Plan Rows": 1, "Plan Width": 48, "Inner Unique": true, "Join Filter": "(mk.movie_id = t.id)", "Plans": [{"Node Type": "Nested Loop", "Parent Relationship": "Outer", "Join Type": "Inner", "Startup Cost": 0.0, "Total Cost": 18776502.65, "Plan Rows": 1, "Plan Width": 39, "Inner Unique": false, "Join Filter": "(ci.person_id = n.id)", "Plans": [{"Node Type": "Seq Scan", "Parent Relationship": "Outer", "Relation Name": "name", "Alias": "n", "Startup Cost": 0.0, "Total Cost": 103490.62, "Plan Rows": 415, "Plan Width": 19, "Filter": "((name)::text ~~ '%Downey%Robert%'::text)"}, {"Node Type": "Materialize", "Parent Relationship": "Inner", "Startup Cost": 0.0, "Total Cost": 18671755.08, "Plan Rows": 202, "Plan Width": 28, "Plans": [{"Node Type": "Nested Loop", "Parent Relationship": "Outer", "Join Type": "Inner", "Startup Cost": 0.0, "Total Cost": 18671754.07, "Plan Rows": 202, "Plan Width": 28, "Inner Unique": false, "Join Filter": "(mk.movie_id = ci.movie_id)", "Plans": [{"Node Type": "Seq Scan", "Parent Relationship": "Outer", "Relation Name": "cast_info", "Alias": "ci", "Startup Cost": 0.0, "Total Cost": 601877.94, "Plan Rows": 36259494, "Plan Width": 8}, {"Node Type": "Materialize", "Parent Relationship": "Inner", "Startup Cost": 0.0, "Total Cost": 121426.68, "Plan Rows": 33, "Plan Width": 20, "Plans": [{"Node Type": "Nested Loop", "Parent Relationship": "Outer", "Join Type": "Inner", "Startup Cost": 0.0, "Total Cost": 121426.52, "Plan Rows": 33, "Plan Width": 20, "Inner Unique": false, "Join Filter": "(k.id = mk.keyword_id)", "Plans": [{"Node Type": "Seq Scan", "Parent Relationship": "Outer", "Relation Name": "keyword", "Alias": "k", "Startup Cost": 0.0, "Total Cost": 2436.11, "Plan Rows": 1, "Plan Width": 20, "Filter": "((keyword)::text = 'marvel-cinematic-universe'::text)"}, {"Node Type": "Seq Scan", "Parent Relationship": "Inner", "Relation Name": "movie_keyword", "Alias": "mk", "Startup Cost": 0.0, "Total Cost": 62441.29, "Plan Rows": 4523929, "Plan Width": 8}]}]}]}]}]}, {"Node Type": "Seq Scan", "Parent Relationship": "Inner", "Relation Name": "title", "Alias": "t", "Startup Cost": 0.0, "Total Cost": 66389.89, "Plan Rows": 391451, "Plan Width": 21, "Filter": "(production_year > 2010), (LLVM Optimized)"}]}]}, "Unique SQL Id": 4208751436, "Planner Runtime": 1}, "explain_analyze_plan": null}, "(1, '123')": {"explain_plan": {"Plan": {"Node Type": "Aggregate", "Strategy": "Plain", "Startup Cost": 5000223041129.71, "Total Cost": 5000223041129.72, "Plan Rows": 1, "Plan Width": 144, "Plans": [{"Node Type": "Nested Loop", "Parent Relationship": "Outer", "Join Type": "Inner", "Startup Cost": 50000000000.0, "Total Cost": 5000223041129.7, "Plan Rows": 1, "Plan Width": 48, "Inner Unique": true, "Join Filter": "(mk.movie_id = t.id)", "Plans": [{"Node Type": "Nested Loop", "Parent Relationship": "Outer", "Join Type": "Inner", "Startup Cost": 40000000000.0, "Total Cost": 4000223041101.96, "Plan Rows": 1, "Plan Width": 39, "Inner Unique": true, "Join Filter": "(ci.person_id = n.id)", "Plans": [{"Node Type": "Nested Loop", "Parent Relationship": "Outer", "Join Type": "Inner", "Startup Cost": 30000000000.0, "Total Cost": 3000204374696.26, "Plan Rows": 202, "Plan Width": 28, "Inner Unique": false, "Join Filter": "(mk.movie_id = ci.movie_id)", "Plans": [{"Node Type": "Nested Loop", "Parent Relationship": "Outer", "Join Type": "Inner", "Startup Cost": 20000000000.0, "Total Cost": 2000015686764.79, "Plan Rows": 33, "Plan Width": 20, "Inner Unique": true, "Join Filter": "(k.id = mk.keyword_id)", "Plans": [{"Node Type": "Index Scan", "Parent Relationship": "Outer", "Scan Direction": "Forward", "Index Name": "movie_id_movie_keyword", "Relation Name": "movie_keyword", "Alias": "mk", "Startup Cost": 10000000000.0, "Total Cost": 1000015300634.17, "Plan Rows": 4523929, "Plan Width": 8}, {"Node Type": "Materialize", "Parent Relationship": "Inner", "Startup Cost": 10000000000.0, "Total Cost": 1000000318271.69, "Plan Rows": 1, "Plan Width": 20, "Plans": [{"Node Type": "Index Scan", "Parent Relationship": "Outer", "Scan Direction": "Forward", "Index Name": "keyword_pkey", "Relation Name": "keyword", "Alias": "k", "Startup Cost": 10000000000.0, "Total Cost": 1000000318271.68, "Plan Rows": 1, "Plan Width": 20, "Filter": "((keyword)::text = 'marvel-cinematic-universe'::text)"}]}]}, {"Node Type": "Materialize", "Parent Relationship": "Inner", "Startup Cost": 10000000000.0, "Total Cost": 1000170830130.68, "Plan Rows": 36259494, "Plan Width": 8, "Plans": [{"Node Type": "Index Scan", "Parent Relationship": "Outer", "Scan Direction": "Forward", "Index Name": "person_id_cast_info", "Relation Name": "cast_info", "Alias": "ci", "Startup Cost": 10000000000.0, "Total Cost": 1000170648833.21, "Plan Rows": 36259494, "Plan Width": 8}]}]}, {"Node Type": "Materialize", "Parent Relationship": "Inner", "Startup Cost": 10000000000.0, "Total Cost": 1000018665149.28, "Plan Rows": 415, "Plan Width": 19, "Plans": [{"Node Type": "Index Scan", "Parent Relationship": "Outer", "Scan Direction": "Forward", "Index Name": "name_pkey", "Relation Name": "name", "Alias": "n", "Startup Cost": 10000000000.0, "Total Cost": 1000018665147.2, "Plan Rows": 415, "Plan Width": 19, "Filter": "((name)::text ~~ '%Downey%Robert%'::text)"}]}]}, {"Node Type": "Index Scan", "Parent Relationship": "Inner", "Scan Direction": "Forward", "Index Name": "title_pkey", "Relation Name": "title", "Alias": "t", "Startup Cost": 10000000000.0, "Total Cost": 1000000000027.74, "Plan Rows": 1, "Plan Width": 21, "Index Cond": "(id = ci.movie_id)", "Filter": "(production_year > 2010)"}]}]}, "Unique SQL Id": 4208751436, "Planner Runtime": 1}, "explain_analyze_plan": null}, "(1, '124')": {"explain_plan": {"Plan": {"Node Type": "Aggregate", "Strategy": "Plain", "Startup Cost": 2657.42, "Total Cost": 2657.43, "Plan Rows": 1, "Plan Width": 144, "Plans": [{"Node Type": "Nested Loop", "Parent Relationship": "Outer", "Join Type": "Inner", "Startup Cost": 0.0, "Total Cost": 2657.41, "Plan Rows": 1, "Plan Width": 48, "Inner Unique": true, "Join Filter": "(mk.movie_id = t.id)", "Plans": [{"Node Type": "Nested Loop", "Parent Relationship": "Outer", "Join Type": "Inner", "Startup Cost": 0.0, "Total Cost": 2657.12, "Plan Rows": 1, "Plan Width": 39, "Inner Unique": true, "Plans": [{"Node Type": "Nested Loop", "Parent Relationship": "Outer", "Join Type": "Inner", "Startup Cost": 0.0, "Total Cost": 2598.56, "Plan Rows": 202, "Plan Width": 28, "Inner Unique": false, "Plans": [{"Node Type": "Nested Loop", "Parent Relationship": "Outer", "Join Type": "Inner", "Startup Cost": 0.0, "Total Cost": 2573.32, "Plan Rows": 33, "Plan Width": 20, "Inner Unique": false, "Plans": [{"Node Type": "Seq Scan", "Parent Relationship": "Outer", "Relation Name": "keyword", "Alias": "k", "Startup Cost": 0.0, "Total Cost": 2436.11, "Plan Rows": 1, "Plan Width": 20, "Filter": "((keyword)::text = 'marvel-cinematic-universe'::text)"}, {"Node Type": "Index Scan", "Parent Relationship": "Inner", "Scan Direction": "Forward", "Index Name": "keyword_id_movie_keyword", "Relation Name": "movie_keyword", "Alias": "mk", "Startup Cost": 0.0, "Total Cost": 136.88, "Plan Rows": 33, "Plan Width": 8, "Index Cond": "(keyword_id = k.id)"}]}, {"Node Type": "Index Scan", "Parent Relationship": "Inner", "Scan Direction": "Forward", "Index Name": "movie_id_cast_info", "Relation Name": "cast_info", "Alias": "ci", "Startup Cost": 0.0, "Total Cost": 0.7, "Plan Rows": 6, "Plan Width": 8, "Index Cond": "(movie_id = mk.movie_id)"}]}, {"Node Type": "Index Scan", "Parent Relationship": "Inner", "Scan Direction": "Forward", "Index Name": "name_pkey", "Relation Name": "name", "Alias": "n", "Startup Cost": 0.0, "Total Cost": 0.28, "Plan Rows": 1, "Plan Width": 19, "Index Cond": "(id = ci.person_id)", "Filter": "((name)::text ~~ '%Downey%Robert%'::text)"}]}, {"Node Type": "Index Scan", "Parent Relationship": "Inner", "Scan Direction": "Forward", "Index Name": "title_pkey", "Relation Name": "title", "Alias": "t", "Startup Cost": 0.0, "Total Cost": 0.28, "Plan Rows": 1, "Plan Width": 21, "Index Cond": "(id = ci.movie_id)", "Filter": "(production_year > 2010)"}]}]}, "Unique SQL Id": 4208751436, "Planner Runtime": 1}, "explain_analyze_plan": {"Plan": {"Node Type": "Aggregate", "Strategy": "Plain", "Startup Cost": 2657.42, "Total Cost": 2657.43, "Plan Rows": 1, "Plan Width": 144, "Actual Startup Time": 50.033, "Actual Total Time": 50.033, "Actual Rows": 1, "Actual Loops": 1, "Plans": [{"Node Type": "Nested Loop", "Parent Relationship": "Outer", "Join Type": "Inner", "Startup Cost": 0.0, "Total Cost": 2657.41, "Plan Rows": 1, "Plan Width": 48, "Actual Startup Time": 2.738, "Actual Total Time": 49.998, "Actual Rows": 6, "Actual Loops": 1, "Inner Unique": true, "Join Filter": "(mk.movie_id = t.id)", "Rows Removed by Join Filter": 0, "Plans": [{"Node Type": "Nested Loop", "Parent Relationship": "Outer", "Join Type": "Inner", "Startup Cost": 0.0, "Total Cost": 2657.12, "Plan Rows": 1, "Plan Width": 39, "Actual Startup Time": 2.722, "Actual Total Time": 49.943, "Actual Rows": 6, "Actual Loops": 1, "Inner Unique": true, "Plans": [{"Node Type": "Nested Loop", "Parent Relationship": "Outer", "Join Type": "Inner", "Startup Cost": 0.0, "Total Cost": 2598.56, "Plan Rows": 202, "Plan Width": 28, "Actual Startup Time": 1.069, "Actual Total Time": 42.909, "Actual Rows": 1242, "Actual Loops": 1, "Inner Unique": false, "Plans": [{"Node Type": "Nested Loop", "Parent Relationship": "Outer", "Join Type": "Inner", "Startup Cost": 0.0, "Total Cost": 2573.32, "Plan Rows": 33, "Plan Width": 20, "Actual Startup Time": 1.054, "Actual Total Time": 40.494, "Actual Rows": 14, "Actual Loops": 1, "Inner Unique": false, "Plans": [{"Node Type": "Seq Scan", "Parent Relationship": "Outer", "Relation Name": "keyword", "Alias": "k", "Startup Cost": 0.0, "Total Cost": 2436.11, "Plan Rows": 1, "Plan Width": 20, "Actual Startup Time": 1.034, "Actual Total Time": 40.443, "Actual Rows": 1, "Actual Loops": 1, "Filter": "((keyword)::text = 'marvel-cinematic-universe'::text)", "Rows Removed by Filter": 134168}, {"Node Type": "Index Scan", "Parent Relationship": "Inner", "Scan Direction": "Forward", "Index Name": "keyword_id_movie_keyword", "Relation Name": "movie_keyword", "Alias": "mk", "Startup Cost": 0.0, "Total Cost": 136.88, "Plan Rows": 33, "Plan Width": 8, "Actual Startup Time": 0.014, "Actual Total Time": 0.039, "Actual Rows": 14, "Actual Loops": 1, "Index Cond": "(keyword_id = k.id)", "Rows Removed by Index Recheck": 0}]}, {"Node Type": "Index Scan", "Parent Relationship": "Inner", "Scan Direction": "Forward", "Index Name": "movie_id_cast_info", "Relation Name": "cast_info", "Alias": "ci", "Startup Cost": 0.0, "Total Cost": 0.7, "Plan Rows": 6, "Plan Width": 8, "Actual Startup Time": 0.169, "Actual Total Time": 2.091, "Actual Rows": 1242, "Actual Loops": 14, "Index Cond": "(movie_id = mk.movie_id)", "Rows Removed by Index Recheck": 0}]}, {"Node Type": "Index Scan", "Parent Relationship": "Inner", "Scan Direction": "Forward", "Index Name": "name_pkey", "Relation Name": "name", "Alias": "n", "Startup Cost": 0.0, "Total Cost": 0.28, "Plan Rows": 1, "Plan Width": 19, "Actual Startup Time": 6.441, "Actual Total Time": 6.441, "Actual Rows": 6, "Actual Loops": 1242, "Index Cond": "(id = ci.person_id)", "Rows Removed by Index Recheck": 0, "Filter": "((name)::text ~~ '%Downey%Robert%'::text)", "Rows Removed by Filter": 1236}]}, {"Node Type": "Index Scan", "Parent Relationship": "Inner", "Scan Direction": "Forward", "Index Name": "title_pkey", "Relation Name": "title", "Alias": "t", "Startup Cost": 0.0, "Total Cost": 0.28, "Plan Rows": 1, "Plan Width": 21, "Actual Startup Time": 0.04, "Actual Total Time": 0.04, "Actual Rows": 6, "Actual Loops": 6, "Index Cond": "(id = ci.movie_id)", "Rows Removed by Index Recheck": 0, "Filter": "(production_year > 2010)", "Rows Removed by Filter": 0}]}]}, "Triggers": [], "Planner Runtime": 6.763, "Total Runtime": 50.265, "Unique SQL Id": 4208751436}}, "(1, '125')": {"explain_plan": {"Plan": {"Node Type": "Aggregate", "Strategy": "Plain", "Startup Cost": 3404.02, "Total Cost": 3404.03, "Plan Rows": 1, "Plan Width": 144, "Plans": [{"Node Type": "Nested Loop", "Parent Relationship": "Outer", "Join Type": "Inner", "Startup Cost": 0.0, "Total Cost": 3404.01, "Plan Rows": 1, "Plan Width": 48, "Inner Unique": true, "Join Filter": "(mk.movie_id = t.id)", "Plans": [{"Node Type": "Nested Loop", "Parent Relationship": "Outer", "Join Type": "Inner", "Startup Cost": 0.0, "Total Cost": 3403.72, "Plan Rows": 1, "Plan Width": 39, "Inner Unique": true, "Plans": [{"Node Type": "Nested Loop", "Parent Relationship": "Outer", "Join Type": "Inner", "Startup Cost": 0.0, "Total Cost": 3345.17, "Plan Rows": 202, "Plan Width": 28, "Inner Unique": false, "Plans": [{"Node Type": "Nested Loop", "Parent Relationship": "Outer", "Join Type": "Inner", "Startup Cost": 0.0, "Total Cost": 3319.92, "Plan Rows": 33, "Plan Width": 20, "Inner Unique": false, "Plans": [{"Node Type": "Index Scan", "Parent Relationship": "Outer", "Scan Direction": "Forward", "Index Name": "keyword_pkey", "Relation Name": "keyword", "Alias": "k", "Startup Cost": 0.0, "Total Cost": 3182.72, "Plan Rows": 1, "Plan Width": 20, "Filter": "((keyword)::text = 'marvel-cinematic-universe'::text)"}, {"Node Type": "Index Scan", "Parent Relationship": "Inner", "Scan Direction": "Forward", "Index Name": "keyword_id_movie_keyword", "Relation Name": "movie_keyword", "Alias": "mk", "Startup Cost": 0.0, "Total Cost": 136.88, "Plan Rows": 33, "Plan Width": 8, "Index Cond": "(keyword_id = k.id)"}]}, {"Node Type": "Index Scan", "Parent Relationship": "Inner", "Scan Direction": "Forward", "Index Name": "movie_id_cast_info", "Relation Name": "cast_info", "Alias": "ci", "Startup Cost": 0.0, "Total Cost": 0.7, "Plan Rows": 6, "Plan Width": 8, "Index Cond": "(movie_id = mk.movie_id)"}]}, {"Node Type": "Index Scan", "Parent Relationship": "Inner", "Scan Direction": "Forward", "Index Name": "name_pkey", "Relation Name": "name", "Alias": "n", "Startup Cost": 0.0, "Total Cost": 0.28, "Plan Rows": 1, "Plan Width": 19, "Index Cond": "(id = ci.person_id)", "Filter": "((name)::text ~~ '%Downey%Robert%'::text)"}]}, {"Node Type": "Index Scan", "Parent Relationship": "Inner", "Scan Direction": "Forward", "Index Name": "title_pkey", "Relation Name": "title", "Alias": "t", "Startup Cost": 0.0, "Total Cost": 0.28, "Plan Rows": 1, "Plan Width": 21, "Index Cond": "(id = ci.movie_id)", "Filter": "(production_year > 2010)"}]}]}, "Unique SQL Id": 4208751436, "Planner Runtime": 1}, "explain_analyze_plan": null}, "(1, '126')": {"explain_plan": {"Plan": {"Node Type": "Aggregate", "Strategy": "Plain", "Startup Cost": 18847785.68, "Total Cost": 18847785.69, "Plan Rows": 1, "Plan Width": 144, "Plans": [{"Node Type": "Nested Loop", "Parent Relationship": "Outer", "Join Type": "Inner", "Startup Cost": 0.0, "Total Cost": 18847785.67, "Plan Rows": 1, "Plan Width": 48, "Inner Unique": true, "Join Filter": "(mk.movie_id = t.id)", "Plans": [{"Node Type": "Nested Loop", "Parent Relationship": "Outer", "Join Type": "Inner", "Startup Cost": 0.0, "Total Cost": 18776502.65, "Plan Rows": 1, "Plan Width": 39, "Inner Unique": false, "Join Filter": "(ci.person_id = n.id)", "Plans": [{"Node Type": "Seq Scan", "Parent Relationship": "Outer", "Relation Name": "name", "Alias": "n", "Startup Cost": 0.0, "Total Cost": 103490.62, "Plan Rows": 415, "Plan Width": 19, "Filter": "((name)::text ~~ '%Downey%Robert%'::text)"}, {"Node Type": "Materialize", "Parent Relationship": "Inner", "Startup Cost": 0.0, "Total Cost": 18671755.08, "Plan Rows": 202, "Plan Width": 28, "Plans": [{"Node Type": "Nested Loop", "Parent Relationship": "Outer", "Join Type": "Inner", "Startup Cost": 0.0, "Total Cost": 18671754.07, "Plan Rows": 202, "Plan Width": 28, "Inner Unique": false, "Join Filter": "(mk.movie_id = ci.movie_id)", "Plans": [{"Node Type": "Seq Scan", "Parent Relationship": "Outer", "Relation Name": "cast_info", "Alias": "ci", "Startup Cost": 0.0, "Total Cost": 601877.94, "Plan Rows": 36259494, "Plan Width": 8}, {"Node Type": "Materialize", "Parent Relationship": "Inner", "Startup Cost": 0.0, "Total Cost": 121426.68, "Plan Rows": 33, "Plan Width": 20, "Plans": [{"Node Type": "Nested Loop", "Parent Relationship": "Outer", "Join Type": "Inner", "Startup Cost": 0.0, "Total Cost": 121426.52, "Plan Rows": 33, "Plan Width": 20, "Inner Unique": false, "Join Filter": "(k.id = mk.keyword_id)", "Plans": [{"Node Type": "Seq Scan", "Parent Relationship": "Outer", "Relation Name": "keyword", "Alias": "k", "Startup Cost": 0.0, "Total Cost": 2436.11, "Plan Rows": 1, "Plan Width": 20, "Filter": "((keyword)::text = 'marvel-cinematic-universe'::text)"}, {"Node Type": "Seq Scan", "Parent Relationship": "Inner", "Relation Name": "movie_keyword", "Alias": "mk", "Startup Cost": 0.0, "Total Cost": 62441.29, "Plan Rows": 4523929, "Plan Width": 8}]}]}]}]}]}, {"Node Type": "Seq Scan", "Parent Relationship": "Inner", "Relation Name": "title", "Alias": "t", "Startup Cost": 0.0, "Total Cost": 66389.89, "Plan Rows": 391451, "Plan Width": 21, "Filter": "(production_year > 2010), (LLVM Optimized)"}]}]}, "Unique SQL Id": 4208751436, "Planner Runtime": 1}, "explain_analyze_plan": null}, "(1, '127')": {"explain_plan": {"Plan": {"Node Type": "Aggregate", "Strategy": "Plain", "Startup Cost": 5000223041129.71, "Total Cost": 5000223041129.72, "Plan Rows": 1, "Plan Width": 144, "Plans": [{"Node Type": "Nested Loop", "Parent Relationship": "Outer", "Join Type": "Inner", "Startup Cost": 50000000000.0, "Total Cost": 5000223041129.7, "Plan Rows": 1, "Plan Width": 48, "Inner Unique": true, "Join Filter": "(mk.movie_id = t.id)", "Plans": [{"Node Type": "Nested Loop", "Parent Relationship": "Outer", "Join Type": "Inner", "Startup Cost": 40000000000.0, "Total Cost": 4000223041101.96, "Plan Rows": 1, "Plan Width": 39, "Inner Unique": true, "Join Filter": "(ci.person_id = n.id)", "Plans": [{"Node Type": "Nested Loop", "Parent Relationship": "Outer", "Join Type": "Inner", "Startup Cost": 30000000000.0, "Total Cost": 3000204374696.26, "Plan Rows": 202, "Plan Width": 28, "Inner Unique": false, "Join Filter": "(mk.movie_id = ci.movie_id)", "Plans": [{"Node Type": "Nested Loop", "Parent Relationship": "Outer", "Join Type": "Inner", "Startup Cost": 20000000000.0, "Total Cost": 2000015686764.79, "Plan Rows": 33, "Plan Width": 20, "Inner Unique": true, "Join Filter": "(k.id = mk.keyword_id)", "Plans": [{"Node Type": "Index Scan", "Parent Relationship": "Outer", "Scan Direction": "Forward", "Index Name": "movie_id_movie_keyword", "Relation Name": "movie_keyword", "Alias": "mk", "Startup Cost": 10000000000.0, "Total Cost": 1000015300634.17, "Plan Rows": 4523929, "Plan Width": 8}, {"Node Type": "Materialize", "Parent Relationship": "Inner", "Startup Cost": 10000000000.0, "Total Cost": 1000000318271.69, "Plan Rows": 1, "Plan Width": 20, "Plans": [{"Node Type": "Index Scan", "Parent Relationship": "Outer", "Scan Direction": "Forward", "Index Name": "keyword_pkey", "Relation Name": "keyword", "Alias": "k", "Startup Cost": 10000000000.0, "Total Cost": 1000000318271.68, "Plan Rows": 1, "Plan Width": 20, "Filter": "((keyword)::text = 'marvel-cinematic-universe'::text)"}]}]}, {"Node Type": "Materialize", "Parent Relationship": "Inner", "Startup Cost": 10000000000.0, "Total Cost": 1000170830130.68, "Plan Rows": 36259494, "Plan Width": 8, "Plans": [{"Node Type": "Index Scan", "Parent Relationship": "Outer", "Scan Direction": "Forward", "Index Name": "person_id_cast_info", "Relation Name": "cast_info", "Alias": "ci", "Startup Cost": 10000000000.0, "Total Cost": 1000170648833.21, "Plan Rows": 36259494, "Plan Width": 8}]}]}, {"Node Type": "Materialize", "Parent Relationship": "Inner", "Startup Cost": 10000000000.0, "Total Cost": 1000018665149.28, "Plan Rows": 415, "Plan Width": 19, "Plans": [{"Node Type": "Index Scan", "Parent Relationship": "Outer", "Scan Direction": "Forward", "Index Name": "name_pkey", "Relation Name": "name", "Alias": "n", "Startup Cost": 10000000000.0, "Total Cost": 1000018665147.2, "Plan Rows": 415, "Plan Width": 19, "Filter": "((name)::text ~~ '%Downey%Robert%'::text)"}]}]}, {"Node Type": "Index Scan", "Parent Relationship": "Inner", "Scan Direction": "Forward", "Index Name": "title_pkey", "Relation Name": "title", "Alias": "t", "Startup Cost": 10000000000.0, "Total Cost": 1000000000027.74, "Plan Rows": 1, "Plan Width": 21, "Index Cond": "(id = ci.movie_id)", "Filter": "(production_year > 2010)"}]}]}, "Unique SQL Id": 4208751436, "Planner Runtime": 1}, "explain_analyze_plan": null}, "(16, '0')": {"explain_plan": {"Plan": {"Node Type": "Aggregate", "Strategy": "Plain", "Startup Cost": 2653.12, "Total Cost": 2653.13, "Plan Rows": 1, "Plan Width": 144, "Plans": [{"Node Type": "Nested Loop", "Parent Relationship": "Outer", "Join Type": "Inner", "Startup Cost": 4.51, "Total Cost": 2653.12, "Plan Rows": 1, "Plan Width": 48, "Inner Unique": true, "Join Filter": "(mk.movie_id = t.id)", "Plans": [{"Node Type": "Nested Loop", "Parent Relationship": "Outer", "Join Type": "Inner", "Startup Cost": 4.51, "Total Cost": 2652.83, "Plan Rows": 1, "Plan Width": 39, "Inner Unique": true, "Plans": [{"Node Type": "Nested Loop", "Parent Relationship": "Outer", "Join Type": "Inner", "Startup Cost": 4.51, "Total Cost": 2594.27, "Plan Rows": 202, "Plan Width": 28, "Inner Unique": false, "Plans": [{"Node Type": "Nested Loop", "Parent Relationship": "Outer", "Join Type": "Inner", "Startup Cost": 4.51, "Total Cost": 2569.02, "Plan Rows": 33, "Plan Width": 20, "Inner Unique": false, "Plans": [{"Node Type": "Seq Scan", "Parent Relationship": "Outer", "Relation Name": "keyword", "Alias": "k", "Startup Cost": 0.0, "Total Cost": 2436.11, "Plan Rows": 1, "Plan Width": 20, "Filter": "((keyword)::text = 'marvel-cinematic-universe'::text)"}, {"Node Type": "Bitmap Heap Scan", "Parent Relationship": "Inner", "Relation Name": "movie_keyword", "Alias": "mk", "Startup Cost": 4.51, "Total Cost": 132.58, "Plan Rows": 33, "Plan Width": 8, "Recheck Cond": "(keyword_id = k.id)", "Plans": [{"Node Type": "Bitmap Index Scan", "Parent Relationship": "Outer", "Index Name": "keyword_id_movie_keyword", "Startup Cost": 0.0, "Total Cost": 4.5, "Plan Rows": 33, "Plan Width": 0, "Index Cond": "(keyword_id = k.id)"}]}]}, {"Node Type": "Index Scan", "Parent Relationship": "Inner", "Scan Direction": "Forward", "Index Name": "movie_id_cast_info", "Relation Name": "cast_info", "Alias": "ci", "Startup Cost": 0.0, "Total Cost": 0.7, "Plan Rows": 6, "Plan Width": 8, "Index Cond": "(movie_id = mk.movie_id)"}]}, {"Node Type": "Index Scan", "Parent Relationship": "Inner", "Scan Direction": "Forward", "Index Name": "name_pkey", "Relation Name": "name", "Alias": "n", "Startup Cost": 0.0, "Total Cost": 0.28, "Plan Rows": 1, "Plan Width": 19, "Index Cond": "(id = ci.person_id)", "Filter": "((name)::text ~~ '%Downey%Robert%'::text)"}]}, {"Node Type": "Index Scan", "Parent Relationship": "Inner", "Scan Direction": "Forward", "Index Name": "title_pkey", "Relation Name": "title", "Alias": "t", "Startup Cost": 0.0, "Total Cost": 0.28, "Plan Rows": 1, "Plan Width": 21, "Index Cond": "(id = ci.movie_id)", "Filter": "(production_year > 2010)"}]}]}, "Unique SQL Id": 4208751436, "Planner Runtime": 9}, "explain_analyze_plan": {"Plan": {"Node Type": "Aggregate", "Strategy": "Plain", "Startup Cost": 2653.12, "Total Cost": 2653.13, "Plan Rows": 1, "Plan Width": 144, "Actual Startup Time": 49.672, "Actual Total Time": 49.672, "Actual Rows": 1, "Actual Loops": 1, "Plans": [{"Node Type": "Nested Loop", "Parent Relationship": "Outer", "Join Type": "Inner", "Startup Cost": 4.51, "Total Cost": 2653.12, "Plan Rows": 1, "Plan Width": 48, "Actual Startup Time": 2.684, "Actual Total Time": 49.638, "Actual Rows": 6, "Actual Loops": 1, "Inner Unique": true, "Join Filter": "(mk.movie_id = t.id)", "Rows Removed by Join Filter": 0, "Plans": [{"Node Type": "Nested Loop", "Parent Relationship": "Outer", "Join Type": "Inner", "Startup Cost": 4.51, "Total Cost": 2652.83, "Plan Rows": 1, "Plan Width": 39, "Actual Startup Time": 2.651, "Actual Total Time": 49.565, "Actual Rows": 6, "Actual Loops": 1, "Inner Unique": true, "Plans": [{"Node Type": "Nested Loop", "Parent Relationship": "Outer", "Join Type": "Inner", "Startup Cost": 4.51, "Total Cost": 2594.27, "Plan Rows": 202, "Plan Width": 28, "Actual Startup Time": 1.11, "Actual Total Time": 42.722, "Actual Rows": 1242, "Actual Loops": 1, "Inner Unique": false, "Plans": [{"Node Type": "Nested Loop", "Parent Relationship": "Outer", "Join Type": "Inner", "Startup Cost": 4.51, "Total Cost": 2569.02, "Plan Rows": 33, "Plan Width": 20, "Actual Startup Time": 1.094, "Actual Total Time": 40.566, "Actual Rows": 14, "Actual Loops": 1, "Inner Unique": false, "Plans": [{"Node Type": "Seq Scan", "Parent Relationship": "Outer", "Relation Name": "keyword", "Alias": "k", "Startup Cost": 0.0, "Total Cost": 2436.11, "Plan Rows": 1, "Plan Width": 20, "Actual Startup Time": 1.054, "Actual Total Time": 40.487, "Actual Rows": 1, "Actual Loops": 1, "Filter": "((keyword)::text = 'marvel-cinematic-universe'::text)", "Rows Removed by Filter": 134168}, {"Node Type": "Bitmap Heap Scan", "Parent Relationship": "Inner", "Relation Name": "movie_keyword", "Alias": "mk", "Startup Cost": 4.51, "Total Cost": 132.58, "Plan Rows": 33, "Plan Width": 8, "Actual Startup Time": 0.033, "Actual Total Time": 0.066, "Actual Rows": 14, "Actual Loops": 1, "Recheck Cond": "(keyword_id = k.id)", "Rows Removed by Index Recheck": 0, "Exact Heap Blocks": 13, "Lossy Heap Blocks": 13, "Plans": [{"Node Type": "Bitmap Index Scan", "Parent Relationship": "Outer", "Index Name": "keyword_id_movie_keyword", "Startup Cost": 0.0, "Total Cost": 4.5, "Plan Rows": 33, "Plan Width": 0, "Actual Startup Time": 0.019, "Actual Total Time": 0.019, "Actual Rows": 14, "Actual Loops": 1, "Index Cond": "(keyword_id = k.id)"}]}]}, {"Node Type": "Index Scan", "Parent Relationship": "Inner", "Scan Direction": "Forward", "Index Name": "movie_id_cast_info", "Relation Name": "cast_info", "Alias": "ci", "Startup Cost": 0.0, "Total Cost": 0.7, "Plan Rows": 6, "Plan Width": 8, "Actual Startup Time": 0.166, "Actual Total Time": 1.857, "Actual Rows": 1242, "Actual Loops": 14, "Index Cond": "(movie_id = mk.movie_id)", "Rows Removed by Index Recheck": 0}]}, {"Node Type": "Index Scan", "Parent Relationship": "Inner", "Scan Direction": "Forward", "Index Name": "name_pkey", "Relation Name": "name", "Alias": "n", "Startup Cost": 0.0, "Total Cost": 0.28, "Plan Rows": 1, "Plan Width": 19, "Actual Startup Time": 6.233, "Actual Total Time": 6.233, "Actual Rows": 6, "Actual Loops": 1242, "Index Cond": "(id = ci.person_id)", "Rows Removed by Index Recheck": 0, "Filter": "((name)::text ~~ '%Downey%Robert%'::text)", "Rows Removed by Filter": 1236}]}, {"Node Type": "Index Scan", "Parent Relationship": "Inner", "Scan Direction": "Forward", "Index Name": "title_pkey", "Relation Name": "title", "Alias": "t", "Startup Cost": 0.0, "Total Cost": 0.28, "Plan Rows": 1, "Plan Width": 21, "Actual Startup Time": 0.047, "Actual Total Time": 0.047, "Actual Rows": 6, "Actual Loops": 6, "Index Cond": "(id = ci.movie_id)", "Rows Removed by Index Recheck": 0, "Filter": "(production_year > 2010)", "Rows Removed by Filter": 0}]}]}, "Triggers": [], "Planner Runtime": 8.753, "Total Runtime": 49.979, "Unique SQL Id": 4208751436}}, "(16, '1')": {"explain_plan": {"Plan": {"Node Type": "Aggregate", "Strategy": "Plain", "Startup Cost": 3399.73, "Total Cost": 3399.74, "Plan Rows": 1, "Plan Width": 144, "Plans": [{"Node Type": "Nested Loop", "Parent Relationship": "Outer", "Join Type": "Inner", "Startup Cost": 4.51, "Total Cost": 3399.72, "Plan Rows": 1, "Plan Width": 48, "Inner Unique": true, "Join Filter": "(mk.movie_id = t.id)", "Plans": [{"Node Type": "Nested Loop", "Parent Relationship": "Outer", "Join Type": "Inner", "Startup Cost": 4.51, "Total Cost": 3399.43, "Plan Rows": 1, "Plan Width": 39, "Inner Unique": true, "Plans": [{"Node Type": "Nested Loop", "Parent Relationship": "Outer", "Join Type": "Inner", "Startup Cost": 4.51, "Total Cost": 3340.87, "Plan Rows": 202, "Plan Width": 28, "Inner Unique": false, "Plans": [{"Node Type": "Nested Loop", "Parent Relationship": "Outer", "Join Type": "Inner", "Startup Cost": 4.51, "Total Cost": 3315.63, "Plan Rows": 33, "Plan Width": 20, "Inner Unique": false, "Plans": [{"Node Type": "Index Scan", "Parent Relationship": "Outer", "Scan Direction": "Forward", "Index Name": "keyword_pkey", "Relation Name": "keyword", "Alias": "k", "Startup Cost": 0.0, "Total Cost": 3182.72, "Plan Rows": 1, "Plan Width": 20, "Filter": "((keyword)::text = 'marvel-cinematic-universe'::text)"}, {"Node Type": "Bitmap Heap Scan", "Parent Relationship": "Inner", "Relation Name": "movie_keyword", "Alias": "mk", "Startup Cost": 4.51, "Total Cost": 132.58, "Plan Rows": 33, "Plan Width": 8, "Recheck Cond": "(keyword_id = k.id)", "Plans": [{"Node Type": "Bitmap Index Scan", "Parent Relationship": "Outer", "Index Name": "keyword_id_movie_keyword", "Startup Cost": 0.0, "Total Cost": 4.5, "Plan Rows": 33, "Plan Width": 0, "Index Cond": "(keyword_id = k.id)"}]}]}, {"Node Type": "Index Scan", "Parent Relationship": "Inner", "Scan Direction": "Forward", "Index Name": "movie_id_cast_info", "Relation Name": "cast_info", "Alias": "ci", "Startup Cost": 0.0, "Total Cost": 0.7, "Plan Rows": 6, "Plan Width": 8, "Index Cond": "(movie_id = mk.movie_id)"}]}, {"Node Type": "Index Scan", "Parent Relationship": "Inner", "Scan Direction": "Forward", "Index Name": "name_pkey", "Relation Name": "name", "Alias": "n", "Startup Cost": 0.0, "Total Cost": 0.28, "Plan Rows": 1, "Plan Width": 19, "Index Cond": "(id = ci.person_id)", "Filter": "((name)::text ~~ '%Downey%Robert%'::text)"}]}, {"Node Type": "Index Scan", "Parent Relationship": "Inner", "Scan Direction": "Forward", "Index Name": "title_pkey", "Relation Name": "title", "Alias": "t", "Startup Cost": 0.0, "Total Cost": 0.28, "Plan Rows": 1, "Plan Width": 21, "Index Cond": "(id = ci.movie_id)", "Filter": "(production_year > 2010)"}]}]}, "Unique SQL Id": 4208751436, "Planner Runtime": 10}, "explain_analyze_plan": {"Plan": {"Node Type": "Aggregate", "Strategy": "Plain", "Startup Cost": 3399.73, "Total Cost": 3399.74, "Plan Rows": 1, "Plan Width": 144, "Actual Startup Time": 130.05, "Actual Total Time": 130.051, "Actual Rows": 1, "Actual Loops": 1, "Plans": [{"Node Type": "Nested Loop", "Parent Relationship": "Outer", "Join Type": "Inner", "Startup Cost": 4.51, "Total Cost": 3399.72, "Plan Rows": 1, "Plan Width": 48, "Actual Startup Time": 9.062, "Actual Total Time": 130.018, "Actual Rows": 6, "Actual Loops": 1, "Inner Unique": true, "Join Filter": "(mk.movie_id = t.id)", "Rows Removed by Join Filter": 0, "Plans": [{"Node Type": "Nested Loop", "Parent Relationship": "Outer", "Join Type": "Inner", "Startup Cost": 4.51, "Total Cost": 3399.43, "Plan Rows": 1, "Plan Width": 39, "Actual Startup Time": 9.03, "Actual Total Time": 129.951, "Actual Rows": 6, "Actual Loops": 1, "Inner Unique": true, "Plans": [{"Node Type": "Nested Loop", "Parent Relationship": "Outer", "Join Type": "Inner", "Startup Cost": 4.51, "Total Cost": 3340.87, "Plan Rows": 202, "Plan Width": 28, "Actual Startup Time": 7.483, "Actual Total Time": 123.046, "Actual Rows": 1242, "Actual Loops": 1, "Inner Unique": false, "Plans": [{"Node Type": "Nested Loop", "Parent Relationship": "Outer", "Join Type": "Inner", "Startup Cost": 4.51, "Total Cost": 3315.63, "Plan Rows": 33, "Plan Width": 20, "Actual Startup Time": 7.468, "Actual Total Time": 120.867, "Actual Rows": 14, "Actual Loops": 1, "Inner Unique": false, "Plans": [{"Node Type": "Index Scan", "Parent Relationship": "Outer", "Scan Direction": "Forward", "Index Name": "keyword_pkey", "Relation Name": "keyword", "Alias": "k", "Startup Cost": 0.0, "Total Cost": 3182.72, "Plan Rows": 1, "Plan Width": 20, "Actual Startup Time": 7.433, "Actual Total Time": 120.793, "Actual Rows": 1, "Actual Loops": 1, "Filter": "((keyword)::text = 'marvel-cinematic-universe'::text)", "Rows Removed by Filter": 134168}, {"Node Type": "Bitmap Heap Scan", "Parent Relationship": "Inner", "Relation Name": "movie_keyword", "Alias": "mk", "Startup Cost": 4.51, "Total Cost": 132.58, "Plan Rows": 33, "Plan Width": 8, "Actual Startup Time": 0.027, "Actual Total Time": 0.06, "Actual Rows": 14, "Actual Loops": 1, "Recheck Cond": "(keyword_id = k.id)", "Rows Removed by Index Recheck": 0, "Exact Heap Blocks": 13, "Lossy Heap Blocks": 13, "Plans": [{"Node Type": "Bitmap Index Scan", "Parent Relationship": "Outer", "Index Name": "keyword_id_movie_keyword", "Startup Cost": 0.0, "Total Cost": 4.5, "Plan Rows": 33, "Plan Width": 0, "Actual Startup Time": 0.015, "Actual Total Time": 0.015, "Actual Rows": 14, "Actual Loops": 1, "Index Cond": "(keyword_id = k.id)"}]}]}, {"Node Type": "Index Scan", "Parent Relationship": "Inner", "Scan Direction": "Forward", "Index Name": "movie_id_cast_info", "Relation Name": "cast_info", "Alias": "ci", "Startup Cost": 0.0, "Total Cost": 0.7, "Plan Rows": 6, "Plan Width": 8, "Actual Startup Time": 0.166, "Actual Total Time": 1.85, "Actual Rows": 1242, "Actual Loops": 14, "Index Cond": "(movie_id = mk.movie_id)", "Rows Removed by Index Recheck": 0}]}, {"Node Type": "Index Scan", "Parent Relationship": "Inner", "Scan Direction": "Forward", "Index Name": "name_pkey", "Relation Name": "name", "Alias": "n", "Startup Cost": 0.0, "Total Cost": 0.28, "Plan Rows": 1, "Plan Width": 19, "Actual Startup Time": 6.274, "Actual Total Time": 6.274, "Actual Rows": 6, "Actual Loops": 1242, "Index Cond": "(id = ci.person_id)", "Rows Removed by Index Recheck": 0, "Filter": "((name)::text ~~ '%Downey%Robert%'::text)", "Rows Removed by Filter": 1236}]}, {"Node Type": "Index Scan", "Parent Relationship": "Inner", "Scan Direction": "Forward", "Index Name": "title_pkey", "Relation Name": "title", "Alias": "t", "Startup Cost": 0.0, "Total Cost": 0.28, "Plan Rows": 1, "Plan Width": 21, "Actual Startup Time": 0.045, "Actual Total Time": 0.045, "Actual Rows": 6, "Actual Loops": 6, "Index Cond": "(id = ci.movie_id)", "Rows Removed by Index Recheck": 0, "Filter": "(production_year > 2010)", "Rows Removed by Filter": 0}]}]}, "Triggers": [], "Planner Runtime": 9.763, "Total Runtime": 130.32, "Unique SQL Id": 4208751436}}, "(16, '2')": {"explain_plan": {"Plan": {"Node Type": "Aggregate", "Strategy": "Plain", "Startup Cost": 3810.23, "Total Cost": 3810.24, "Plan Rows": 1, "Plan Width": 144, "Plans": [{"Node Type": "Nested Loop", "Parent Relationship": "Outer", "Join Type": "Inner", "Startup Cost": 5.45, "Total Cost": 3809.16, "Plan Rows": 143, "Plan Width": 48, "Inner Unique": true, "Plans": [{"Node Type": "Nested Loop", "Parent Relationship": "Outer", "Join Type": "Inner", "Startup Cost": 5.19, "Total Cost": 2875.14, "Plan Rows": 218, "Plan Width": 37, "Inner Unique": false, "Join Filter": "(t.id = ci.movie_id)", "Plans": [{"Node Type": "Nested Loop", "Parent Relationship": "Outer", "Join Type": "Inner", "Startup Cost": 4.77, "Total Cost": 2710.63, "Plan Rows": 36, "Plan Width": 41, "Inner Unique": true, "Plans": [{"Node Type": "Nested Loop", "Parent Relationship": "Outer", "Join Type": "Inner", "Startup Cost": 4.51, "Total Cost": 2569.02, "Plan Rows": 33, "Plan Width": 20, "Inner Unique": false, "Plans": [{"Node Type": "Seq Scan", "Parent Relationship": "Outer", "Relation Name": "keyword", "Alias": "k", "Startup Cost": 0.0, "Total Cost": 2436.11, "Plan Rows": 1, "Plan Width": 20, "Filter": "((keyword)::text = 'marvel-cinematic-universe'::text)"}, {"Node Type": "Bitmap Heap Scan", "Parent Relationship": "Inner", "Relation Name": "movie_keyword", "Alias": "mk", "Startup Cost": 4.51, "Total Cost": 132.58, "Plan Rows": 33, "Plan Width": 8, "Recheck Cond": "(keyword_id = k.id)", "Plans": [{"Node Type": "Bitmap Index Scan", "Parent Relationship": "Outer", "Index Name": "keyword_id_movie_keyword", "Startup Cost": 0.0, "Total Cost": 4.5, "Plan Rows": 33, "Plan Width": 0, "Index Cond": "(keyword_id = k.id)"}]}]}, {"Node Type": "Bitmap Heap Scan", "Parent Relationship": "Inner", "Relation Name": "title", "Alias": "t", "Startup Cost": 0.27, "Total Cost": 4.28, "Plan Rows": 1, "Plan Width": 21, "Recheck Cond": "(id = mk.movie_id)", "Filter": "(production_year > 2010)", "Plans": [{"Node Type": "Bitmap Index Scan", "Parent Relationship": "Outer", "Index Name": "title_pkey", "Startup Cost": 0.0, "Total Cost": 0.27, "Plan Rows": 1, "Plan Width": 0, "Index Cond": "(id = mk.movie_id)"}]}]}, {"Node Type": "Bitmap Heap Scan", "Parent Relationship": "Inner", "Relation Name": "cast_info", "Alias": "ci", "Startup Cost": 0.42, "Total Cost": 4.49, "Plan Rows": 6, "Plan Width": 8, "Recheck Cond": "(movie_id = mk.movie_id)", "Plans": [{"Node Type": "Bitmap Index Scan", "Parent Relationship": "Outer", "Index Name": "movie_id_cast_info", "Startup Cost": 0.0, "Total Cost": 0.42, "Plan Rows": 6, "Plan Width": 0, "Index Cond": "(movie_id = mk.movie_id)"}]}]}, {"Node Type": "Bitmap Heap Scan", "Parent Relationship": "Inner", "Relation Name": "name", "Alias": "n", "Startup Cost": 0.26, "Total Cost": 4.27, "Plan Rows": 1, "Plan Width": 19, "Recheck Cond": "(id = ci.person_id)", "Filter": "((name)::text ~~ '%Downey%Robert%'::text)", "Plans": [{"Node Type": "Bitmap Index Scan", "Parent Relationship": "Outer", "Index Name": "name_pkey", "Startup Cost": 0.0, "Total Cost": 0.26, "Plan Rows": 1, "Plan Width": 0, "Index Cond": "(id = ci.person_id)"}]}]}]}, "Unique SQL Id": 4208751436, "Planner Runtime": 12}, "explain_analyze_plan": {"Plan": {"Node Type": "Aggregate", "Strategy": "Plain", "Startup Cost": 3810.23, "Total Cost": 3810.24, "Plan Rows": 1, "Plan Width": 144, "Actual Startup Time": 53.114, "Actual Total Time": 53.114, "Actual Rows": 1, "Actual Loops": 1, "Plans": [{"Node Type": "Nested Loop", "Parent Relationship": "Outer", "Join Type": "Inner", "Startup Cost": 5.45, "Total Cost": 3809.16, "Plan Rows": 143, "Plan Width": 48, "Actual Startup Time": 3.683, "Actual Total Time": 53.075, "Actual Rows": 6, "Actual Loops": 1, "Inner Unique": true, "Plans": [{"Node Type": "Nested Loop", "Parent Relationship": "Outer", "Join Type": "Inner", "Startup Cost": 5.19, "Total Cost": 2875.14, "Plan Rows": 218, "Plan Width": 37, "Actual Startup Time": 1.272, "Actual Total Time": 44.468, "Actual Rows": 1224, "Actual Loops": 1, "Inner Unique": false, "Join Filter": "(t.id = ci.movie_id)", "Rows Removed by Join Filter": 0, "Plans": [{"Node Type": "Nested Loop", "Parent Relationship": "Outer", "Join Type": "Inner", "Startup Cost": 4.77, "Total Cost": 2710.63, "Plan Rows": 36, "Plan Width": 41, "Actual Startup Time": 1.234, "Actual Total Time": 41.314, "Actual Rows": 11, "Actual Loops": 1, "Inner Unique": true, "Plans": [{"Node Type": "Nested Loop", "Parent Relationship": "Outer", "Join Type": "Inner", "Startup Cost": 4.51, "Total Cost": 2569.02, "Plan Rows": 33, "Plan Width": 20, "Actual Startup Time": 1.105, "Actual Total Time": 40.546, "Actual Rows": 14, "Actual Loops": 1, "Inner Unique": false, "Plans": [{"Node Type": "Seq Scan", "Parent Relationship": "Outer", "Relation Name": "keyword", "Alias": "k", "Startup Cost": 0.0, "Total Cost": 2436.11, "Plan Rows": 1, "Plan Width": 20, "Actual Startup Time": 1.064, "Actual Total Time": 40.47, "Actual Rows": 1, "Actual Loops": 1, "Filter": "((keyword)::text = 'marvel-cinematic-universe'::text)", "Rows Removed by Filter": 134168}, {"Node Type": "Bitmap Heap Scan", "Parent Relationship": "Inner", "Relation Name": "movie_keyword", "Alias": "mk", "Startup Cost": 4.51, "Total Cost": 132.58, "Plan Rows": 33, "Plan Width": 8, "Actual Startup Time": 0.033, "Actual Total Time": 0.059, "Actual Rows": 14, "Actual Loops": 1, "Recheck Cond": "(keyword_id = k.id)", "Rows Removed by Index Recheck": 0, "Exact Heap Blocks": 13, "Lossy Heap Blocks": 13, "Plans": [{"Node Type": "Bitmap Index Scan", "Parent Relationship": "Outer", "Index Name": "keyword_id_movie_keyword", "Startup Cost": 0.0, "Total Cost": 4.5, "Plan Rows": 33, "Plan Width": 0, "Actual Startup Time": 0.019, "Actual Total Time": 0.019, "Actual Rows": 14, "Actual Loops": 1, "Index Cond": "(keyword_id = k.id)"}]}]}, {"Node Type": "Bitmap Heap Scan", "Parent Relationship": "Inner", "Relation Name": "title", "Alias": "t", "Startup Cost": 0.27, "Total Cost": 4.28, "Plan Rows": 1, "Plan Width": 21, "Actual Startup Time": 0.736, "Actual Total Time": 0.736, "Actual Rows": 11, "Actual Loops": 14, "Recheck Cond": "(id = mk.movie_id)", "Rows Removed by Index Recheck": 0, "Filter": "(production_year > 2010)", "Rows Removed by Filter": 3, "Exact Heap Blocks": 14, "Lossy Heap Blocks": 14, "Plans": [{"Node Type": "Bitmap Index Scan", "Parent Relationship": "Outer", "Index Name": "title_pkey", "Startup Cost": 0.0, "Total Cost": 0.27, "Plan Rows": 1, "Plan Width": 0, "Actual Startup Time": 0.426, "Actual Total Time": 0.426, "Actual Rows": 14, "Actual Loops": 14, "Index Cond": "(id = mk.movie_id)"}]}]}, {"Node Type": "Bitmap Heap Scan", "Parent Relationship": "Inner", "Relation Name": "cast_info", "Alias": "ci", "Startup Cost": 0.42, "Total Cost": 4.49, "Plan Rows": 6, "Plan Width": 8, "Actual Startup Time": 0.609, "Actual Total Time": 2.58, "Actual Rows": 1224, "Actual Loops": 11, "Recheck Cond": "(movie_id = mk.movie_id)", "Rows Removed by Index Recheck": 0, "Exact Heap Blocks": 1166, "Lossy Heap Blocks": 1166, "Plans": [{"Node Type": "Bitmap Index Scan", "Parent Relationship": "Outer", "Index Name": "movie_id_cast_info", "Startup Cost": 0.0, "Total Cost": 0.42, "Plan Rows": 6, "Plan Width": 0, "Actual Startup Time": 0.383, "Actual Total Time": 0.383, "Actual Rows": 1224, "Actual Loops": 11, "Index Cond": "(movie_id = mk.movie_id)"}]}]}, {"Node Type": "Bitmap Heap Scan", "Parent Relationship": "Inner", "Relation Name": "name", "Alias": "n", "Startup Cost": 0.26, "Total Cost": 4.27, "Plan Rows": 1, "Plan Width": 19, "Actual Startup Time": 7.233, "Actual Total Time": 7.233, "Actual Rows": 6, "Actual Loops": 1224, "Recheck Cond": "(id = ci.person_id)", "Rows Removed by Index Recheck": 0, "Filter": "((name)::text ~~ '%Downey%Robert%'::text)", "Rows Removed by Filter": 1218, "Exact Heap Blocks": 1224, "Lossy Heap Blocks": 1224, "Plans": [{"Node Type": "Bitmap Index Scan", "Parent Relationship": "Outer", "Index Name": "name_pkey", "Startup Cost": 0.0, "Total Cost": 0.26, "Plan Rows": 1, "Plan Width": 0, "Actual Startup Time": 4.403, "Actual Total Time": 4.403, "Actual Rows": 1224, "Actual Loops": 1224, "Index Cond": "(id = ci.person_id)"}]}]}]}, "Triggers": [], "Planner Runtime": 12.374, "Total Runtime": 53.382, "Unique SQL Id": 4208751436}}, "(16, '3')": {"explain_plan": {"Plan": {"Node Type": "Aggregate", "Strategy": "Plain", "Startup Cost": 4529.32, "Total Cost": 4529.33, "Plan Rows": 1, "Plan Width": 144, "Plans": [{"Node Type": "Nested Loop", "Parent Relationship": "Outer", "Join Type": "Inner", "Startup Cost": 724.55, "Total Cost": 4528.25, "Plan Rows": 143, "Plan Width": 48, "Inner Unique": true, "Plans": [{"Node Type": "Nested Loop", "Parent Relationship": "Outer", "Join Type": "Inner", "Startup Cost": 724.29, "Total Cost": 3594.24, "Plan Rows": 218, "Plan Width": 37, "Inner Unique": false, "Join Filter": "(t.id = ci.movie_id)", "Plans": [{"Node Type": "Nested Loop", "Parent Relationship": "Outer", "Join Type": "Inner", "Startup Cost": 723.87, "Total Cost": 3429.72, "Plan Rows": 36, "Plan Width": 41, "Inner Unique": true, "Plans": [{"Node Type": "Nested Loop", "Parent Relationship": "Outer", "Join Type": "Inner", "Startup Cost": 723.6, "Total Cost": 3288.12, "Plan Rows": 33, "Plan Width": 20, "Inner Unique": false, "Plans": [{"Node Type": "Bitmap Heap Scan", "Parent Relationship": "Outer", "Relation Name": "keyword", "Alias": "k", "Startup Cost": 719.1, "Total Cost": 3155.21, "Plan Rows": 1, "Plan Width": 20, "Filter": "((keyword)::text = 'marvel-cinematic-universe'::text)", "Plans": [{"Node Type": "Bitmap Index Scan", "Parent Relationship": "Outer", "Index Name": "keyword_pkey", "Startup Cost": 0.0, "Total Cost": 719.1, "Plan Rows": 134169, "Plan Width": 0}]}, {"Node Type": "Bitmap Heap Scan", "Parent Relationship": "Inner", "Relation Name": "movie_keyword", "Alias": "mk", "Startup Cost": 4.51, "Total Cost": 132.58, "Plan Rows": 33, "Plan Width": 8, "Recheck Cond": "(keyword_id = k.id)", "Plans": [{"Node Type": "Bitmap Index Scan", "Parent Relationship": "Outer", "Index Name": "keyword_id_movie_keyword", "Startup Cost": 0.0, "Total Cost": 4.5, "Plan Rows": 33, "Plan Width": 0, "Index Cond": "(keyword_id = k.id)"}]}]}, {"Node Type": "Bitmap Heap Scan", "Parent Relationship": "Inner", "Relation Name": "title", "Alias": "t", "Startup Cost": 0.27, "Total Cost": 4.28, "Plan Rows": 1, "Plan Width": 21, "Recheck Cond": "(id = mk.movie_id)", "Filter": "(production_year > 2010)", "Plans": [{"Node Type": "Bitmap Index Scan", "Parent Relationship": "Outer", "Index Name": "title_pkey", "Startup Cost": 0.0, "Total Cost": 0.27, "Plan Rows": 1, "Plan Width": 0, "Index Cond": "(id = mk.movie_id)"}]}]}, {"Node Type": "Bitmap Heap Scan", "Parent Relationship": "Inner", "Relation Name": "cast_info", "Alias": "ci", "Startup Cost": 0.42, "Total Cost": 4.49, "Plan Rows": 6, "Plan Width": 8, "Recheck Cond": "(movie_id = mk.movie_id)", "Plans": [{"Node Type": "Bitmap Index Scan", "Parent Relationship": "Outer", "Index Name": "movie_id_cast_info", "Startup Cost": 0.0, "Total Cost": 0.42, "Plan Rows": 6, "Plan Width": 0, "Index Cond": "(movie_id = mk.movie_id)"}]}]}, {"Node Type": "Bitmap Heap Scan", "Parent Relationship": "Inner", "Relation Name": "name", "Alias": "n", "Startup Cost": 0.26, "Total Cost": 4.27, "Plan Rows": 1, "Plan Width": 19, "Recheck Cond": "(id = ci.person_id)", "Filter": "((name)::text ~~ '%Downey%Robert%'::text)", "Plans": [{"Node Type": "Bitmap Index Scan", "Parent Relationship": "Outer", "Index Name": "name_pkey", "Startup Cost": 0.0, "Total Cost": 0.26, "Plan Rows": 1, "Plan Width": 0, "Index Cond": "(id = ci.person_id)"}]}]}]}, "Unique SQL Id": 4208751436, "Planner Runtime": 6}, "explain_analyze_plan": {"Plan": {"Node Type": "Aggregate", "Strategy": "Plain", "Startup Cost": 4529.32, "Total Cost": 4529.33, "Plan Rows": 1, "Plan Width": 144, "Actual Startup Time": 72.661, "Actual Total Time": 72.661, "Actual Rows": 1, "Actual Loops": 1, "Plans": [{"Node Type": "Nested Loop", "Parent Relationship": "Outer", "Join Type": "Inner", "Startup Cost": 724.55, "Total Cost": 4528.25, "Plan Rows": 143, "Plan Width": 48, "Actual Startup Time": 14.187, "Actual Total Time": 72.625, "Actual Rows": 6, "Actual Loops": 1, "Inner Unique": true, "Plans": [{"Node Type": "Nested Loop", "Parent Relationship": "Outer", "Join Type": "Inner", "Startup Cost": 724.29, "Total Cost": 3594.24, "Plan Rows": 218, "Plan Width": 37, "Actual Startup Time": 12.089, "Actual Total Time": 64.002, "Actual Rows": 1224, "Actual Loops": 1, "Inner Unique": false, "Join Filter": "(t.id = ci.movie_id)", "Rows Removed by Join Filter": 0, "Plans": [{"Node Type": "Nested Loop", "Parent Relationship": "Outer", "Join Type": "Inner", "Startup Cost": 723.87, "Total Cost": 3429.72, "Plan Rows": 36, "Plan Width": 41, "Actual Startup Time": 12.062, "Actual Total Time": 60.973, "Actual Rows": 11, "Actual Loops": 1, "Inner Unique": true, "Plans": [{"Node Type": "Nested Loop", "Parent Relationship": "Outer", "Join Type": "Inner", "Startup Cost": 723.6, "Total Cost": 3288.12, "Plan Rows": 33, "Plan Width": 20, "Actual Startup Time": 12.043, "Actual Total Time": 60.833, "Actual Rows": 14, "Actual Loops": 1, "Inner Unique": false, "Plans": [{"Node Type": "Bitmap Heap Scan", "Parent Relationship": "Outer", "Relation Name": "keyword", "Alias": "k", "Startup Cost": 719.1, "Total Cost": 3155.21, "Plan Rows": 1, "Plan Width": 20, "Actual Startup Time": 12.006, "Actual Total Time": 60.762, "Actual Rows": 1, "Actual Loops": 1, "Filter": "((keyword)::text = 'marvel-cinematic-universe'::text)", "Rows Removed by Filter": 134168, "Exact Heap Blocks": 759, "Lossy Heap Blocks": 759, "Plans": [{"Node Type": "Bitmap Index Scan", "Parent Relationship": "Outer", "Index Name": "keyword_pkey", "Startup Cost": 0.0, "Total Cost": 719.1, "Plan Rows": 134169, "Plan Width": 0, "Actual Startup Time": 10.585, "Actual Total Time": 10.585, "Actual Rows": 134169, "Actual Loops": 1}]}, {"Node Type": "Bitmap Heap Scan", "Parent Relationship": "Inner", "Relation Name": "movie_keyword", "Alias": "mk", "Startup Cost": 4.51, "Total Cost": 132.58, "Plan Rows": 33, "Plan Width": 8, "Actual Startup Time": 0.026, "Actual Total Time": 0.054, "Actual Rows": 14, "Actual Loops": 1, "Recheck Cond": "(keyword_id = k.id)", "Rows Removed by Index Recheck": 0, "Exact Heap Blocks": 13, "Lossy Heap Blocks": 13, "Plans": [{"Node Type": "Bitmap Index Scan", "Parent Relationship": "Outer", "Index Name": "keyword_id_movie_keyword", "Startup Cost": 0.0, "Total Cost": 4.5, "Plan Rows": 33, "Plan Width": 0, "Actual Startup Time": 0.018, "Actual Total Time": 0.018, "Actual Rows": 14, "Actual Loops": 1, "Index Cond": "(keyword_id = k.id)"}]}]}, {"Node Type": "Bitmap Heap Scan", "Parent Relationship": "Inner", "Relation Name": "title", "Alias": "t", "Startup Cost": 0.27, "Total Cost": 4.28, "Plan Rows": 1, "Plan Width": 21, "Actual Startup Time": 0.113, "Actual Total Time": 0.113, "Actual Rows": 11, "Actual Loops": 14, "Recheck Cond": "(id = mk.movie_id)", "Rows Removed by Index Recheck": 0, "Filter": "(production_year > 2010)", "Rows Removed by Filter": 3, "Exact Heap Blocks": 14, "Lossy Heap Blocks": 14, "Plans": [{"Node Type": "Bitmap Index Scan", "Parent Relationship": "Outer", "Index Name": "title_pkey", "Startup Cost": 0.0, "Total Cost": 0.27, "Plan Rows": 1, "Plan Width": 0, "Actual Startup Time": 0.065, "Actual Total Time": 0.065, "Actual Rows": 14, "Actual Loops": 14, "Index Cond": "(id = mk.movie_id)"}]}]}, {"Node Type": "Bitmap Heap Scan", "Parent Relationship": "Inner", "Relation Name": "cast_info", "Alias": "ci", "Startup Cost": 0.42, "Total Cost": 4.49, "Plan Rows": 6, "Plan Width": 8, "Actual Startup Time": 0.561, "Actual Total Time": 2.548, "Actual Rows": 1224, "Actual Loops": 11, "Recheck Cond": "(movie_id = mk.movie_id)", "Rows Removed by Index Recheck": 0, "Exact Heap Blocks": 1166, "Lossy Heap Blocks": 1166, "Plans": [{"Node Type": "Bitmap Index Scan", "Parent Relationship": "Outer", "Index Name": "movie_id_cast_info", "Startup Cost": 0.0, "Total Cost": 0.42, "Plan Rows": 6, "Plan Width": 0, "Actual Startup Time": 0.352, "Actual Total Time": 0.352, "Actual Rows": 1224, "Actual Loops": 11, "Index Cond": "(movie_id = mk.movie_id)"}]}]}, {"Node Type": "Bitmap Heap Scan", "Parent Relationship": "Inner", "Relation Name": "name", "Alias": "n", "Startup Cost": 0.26, "Total Cost": 4.27, "Plan Rows": 1, "Plan Width": 19, "Actual Startup Time": 7.211, "Actual Total Time": 7.211, "Actual Rows": 6, "Actual Loops": 1224, "Recheck Cond": "(id = ci.person_id)", "Rows Removed by Index Recheck": 0, "Filter": "((name)::text ~~ '%Downey%Robert%'::text)", "Rows Removed by Filter": 1218, "Exact Heap Blocks": 1224, "Lossy Heap Blocks": 1224, "Plans": [{"Node Type": "Bitmap Index Scan", "Parent Relationship": "Outer", "Index Name": "name_pkey", "Startup Cost": 0.0, "Total Cost": 0.26, "Plan Rows": 1, "Plan Width": 0, "Actual Startup Time": 4.359, "Actual Total Time": 4.359, "Actual Rows": 1224, "Actual Loops": 1224, "Index Cond": "(id = ci.person_id)"}]}]}]}, "Triggers": [], "Planner Runtime": 6.386, "Total Runtime": 72.949, "Unique SQL Id": 4208751436}}, "(16, '4')": {"explain_plan": {"Plan": {"Node Type": "Aggregate", "Strategy": "Plain", "Startup Cost": 2653.12, "Total Cost": 2653.13, "Plan Rows": 1, "Plan Width": 144, "Plans": [{"Node Type": "Nested Loop", "Parent Relationship": "Outer", "Join Type": "Inner", "Startup Cost": 4.51, "Total Cost": 2653.12, "Plan Rows": 1, "Plan Width": 48, "Inner Unique": true, "Join Filter": "(mk.movie_id = t.id)", "Plans": [{"Node Type": "Nested Loop", "Parent Relationship": "Outer", "Join Type": "Inner", "Startup Cost": 4.51, "Total Cost": 2652.83, "Plan Rows": 1, "Plan Width": 39, "Inner Unique": true, "Plans": [{"Node Type": "Nested Loop", "Parent Relationship": "Outer", "Join Type": "Inner", "Startup Cost": 4.51, "Total Cost": 2594.27, "Plan Rows": 202, "Plan Width": 28, "Inner Unique": false, "Plans": [{"Node Type": "Nested Loop", "Parent Relationship": "Outer", "Join Type": "Inner", "Startup Cost": 4.51, "Total Cost": 2569.02, "Plan Rows": 33, "Plan Width": 20, "Inner Unique": false, "Plans": [{"Node Type": "Seq Scan", "Parent Relationship": "Outer", "Relation Name": "keyword", "Alias": "k", "Startup Cost": 0.0, "Total Cost": 2436.11, "Plan Rows": 1, "Plan Width": 20, "Filter": "((keyword)::text = 'marvel-cinematic-universe'::text)"}, {"Node Type": "Bitmap Heap Scan", "Parent Relationship": "Inner", "Relation Name": "movie_keyword", "Alias": "mk", "Startup Cost": 4.51, "Total Cost": 132.58, "Plan Rows": 33, "Plan Width": 8, "Recheck Cond": "(keyword_id = k.id)", "Plans": [{"Node Type": "Bitmap Index Scan", "Parent Relationship": "Outer", "Index Name": "keyword_id_movie_keyword", "Startup Cost": 0.0, "Total Cost": 4.5, "Plan Rows": 33, "Plan Width": 0, "Index Cond": "(keyword_id = k.id)"}]}]}, {"Node Type": "Index Scan", "Parent Relationship": "Inner", "Scan Direction": "Forward", "Index Name": "movie_id_cast_info", "Relation Name": "cast_info", "Alias": "ci", "Startup Cost": 0.0, "Total Cost": 0.7, "Plan Rows": 6, "Plan Width": 8, "Index Cond": "(movie_id = mk.movie_id)"}]}, {"Node Type": "Index Scan", "Parent Relationship": "Inner", "Scan Direction": "Forward", "Index Name": "name_pkey", "Relation Name": "name", "Alias": "n", "Startup Cost": 0.0, "Total Cost": 0.28, "Plan Rows": 1, "Plan Width": 19, "Index Cond": "(id = ci.person_id)", "Filter": "((name)::text ~~ '%Downey%Robert%'::text)"}]}, {"Node Type": "Index Scan", "Parent Relationship": "Inner", "Scan Direction": "Forward", "Index Name": "title_pkey", "Relation Name": "title", "Alias": "t", "Startup Cost": 0.0, "Total Cost": 0.28, "Plan Rows": 1, "Plan Width": 21, "Index Cond": "(id = ci.movie_id)", "Filter": "(production_year > 2010)"}]}]}, "Unique SQL Id": 4208751436, "Planner Runtime": 9}, "explain_analyze_plan": {"Plan": {"Node Type": "Aggregate", "Strategy": "Plain", "Startup Cost": 2653.12, "Total Cost": 2653.13, "Plan Rows": 1, "Plan Width": 144, "Actual Startup Time": 49.672, "Actual Total Time": 49.672, "Actual Rows": 1, "Actual Loops": 1, "Plans": [{"Node Type": "Nested Loop", "Parent Relationship": "Outer", "Join Type": "Inner", "Startup Cost": 4.51, "Total Cost": 2653.12, "Plan Rows": 1, "Plan Width": 48, "Actual Startup Time": 2.684, "Actual Total Time": 49.638, "Actual Rows": 6, "Actual Loops": 1, "Inner Unique": true, "Join Filter": "(mk.movie_id = t.id)", "Rows Removed by Join Filter": 0, "Plans": [{"Node Type": "Nested Loop", "Parent Relationship": "Outer", "Join Type": "Inner", "Startup Cost": 4.51, "Total Cost": 2652.83, "Plan Rows": 1, "Plan Width": 39, "Actual Startup Time": 2.651, "Actual Total Time": 49.565, "Actual Rows": 6, "Actual Loops": 1, "Inner Unique": true, "Plans": [{"Node Type": "Nested Loop", "Parent Relationship": "Outer", "Join Type": "Inner", "Startup Cost": 4.51, "Total Cost": 2594.27, "Plan Rows": 202, "Plan Width": 28, "Actual Startup Time": 1.11, "Actual Total Time": 42.722, "Actual Rows": 1242, "Actual Loops": 1, "Inner Unique": false, "Plans": [{"Node Type": "Nested Loop", "Parent Relationship": "Outer", "Join Type": "Inner", "Startup Cost": 4.51, "Total Cost": 2569.02, "Plan Rows": 33, "Plan Width": 20, "Actual Startup Time": 1.094, "Actual Total Time": 40.566, "Actual Rows": 14, "Actual Loops": 1, "Inner Unique": false, "Plans": [{"Node Type": "Seq Scan", "Parent Relationship": "Outer", "Relation Name": "keyword", "Alias": "k", "Startup Cost": 0.0, "Total Cost": 2436.11, "Plan Rows": 1, "Plan Width": 20, "Actual Startup Time": 1.054, "Actual Total Time": 40.487, "Actual Rows": 1, "Actual Loops": 1, "Filter": "((keyword)::text = 'marvel-cinematic-universe'::text)", "Rows Removed by Filter": 134168}, {"Node Type": "Bitmap Heap Scan", "Parent Relationship": "Inner", "Relation Name": "movie_keyword", "Alias": "mk", "Startup Cost": 4.51, "Total Cost": 132.58, "Plan Rows": 33, "Plan Width": 8, "Actual Startup Time": 0.033, "Actual Total Time": 0.066, "Actual Rows": 14, "Actual Loops": 1, "Recheck Cond": "(keyword_id = k.id)", "Rows Removed by Index Recheck": 0, "Exact Heap Blocks": 13, "Lossy Heap Blocks": 13, "Plans": [{"Node Type": "Bitmap Index Scan", "Parent Relationship": "Outer", "Index Name": "keyword_id_movie_keyword", "Startup Cost": 0.0, "Total Cost": 4.5, "Plan Rows": 33, "Plan Width": 0, "Actual Startup Time": 0.019, "Actual Total Time": 0.019, "Actual Rows": 14, "Actual Loops": 1, "Index Cond": "(keyword_id = k.id)"}]}]}, {"Node Type": "Index Scan", "Parent Relationship": "Inner", "Scan Direction": "Forward", "Index Name": "movie_id_cast_info", "Relation Name": "cast_info", "Alias": "ci", "Startup Cost": 0.0, "Total Cost": 0.7, "Plan Rows": 6, "Plan Width": 8, "Actual Startup Time": 0.166, "Actual Total Time": 1.857, "Actual Rows": 1242, "Actual Loops": 14, "Index Cond": "(movie_id = mk.movie_id)", "Rows Removed by Index Recheck": 0}]}, {"Node Type": "Index Scan", "Parent Relationship": "Inner", "Scan Direction": "Forward", "Index Name": "name_pkey", "Relation Name": "name", "Alias": "n", "Startup Cost": 0.0, "Total Cost": 0.28, "Plan Rows": 1, "Plan Width": 19, "Actual Startup Time": 6.233, "Actual Total Time": 6.233, "Actual Rows": 6, "Actual Loops": 1242, "Index Cond": "(id = ci.person_id)", "Rows Removed by Index Recheck": 0, "Filter": "((name)::text ~~ '%Downey%Robert%'::text)", "Rows Removed by Filter": 1236}]}, {"Node Type": "Index Scan", "Parent Relationship": "Inner", "Scan Direction": "Forward", "Index Name": "title_pkey", "Relation Name": "title", "Alias": "t", "Startup Cost": 0.0, "Total Cost": 0.28, "Plan Rows": 1, "Plan Width": 21, "Actual Startup Time": 0.047, "Actual Total Time": 0.047, "Actual Rows": 6, "Actual Loops": 6, "Index Cond": "(id = ci.movie_id)", "Rows Removed by Index Recheck": 0, "Filter": "(production_year > 2010)", "Rows Removed by Filter": 0}]}]}, "Triggers": [], "Planner Runtime": 8.753, "Total Runtime": 49.979, "Unique SQL Id": 4208751436}}, "(16, '5')": {"explain_plan": {"Plan": {"Node Type": "Aggregate", "Strategy": "Plain", "Startup Cost": 3399.73, "Total Cost": 3399.74, "Plan Rows": 1, "Plan Width": 144, "Plans": [{"Node Type": "Nested Loop", "Parent Relationship": "Outer", "Join Type": "Inner", "Startup Cost": 4.51, "Total Cost": 3399.72, "Plan Rows": 1, "Plan Width": 48, "Inner Unique": true, "Join Filter": "(mk.movie_id = t.id)", "Plans": [{"Node Type": "Nested Loop", "Parent Relationship": "Outer", "Join Type": "Inner", "Startup Cost": 4.51, "Total Cost": 3399.43, "Plan Rows": 1, "Plan Width": 39, "Inner Unique": true, "Plans": [{"Node Type": "Nested Loop", "Parent Relationship": "Outer", "Join Type": "Inner", "Startup Cost": 4.51, "Total Cost": 3340.87, "Plan Rows": 202, "Plan Width": 28, "Inner Unique": false, "Plans": [{"Node Type": "Nested Loop", "Parent Relationship": "Outer", "Join Type": "Inner", "Startup Cost": 4.51, "Total Cost": 3315.63, "Plan Rows": 33, "Plan Width": 20, "Inner Unique": false, "Plans": [{"Node Type": "Index Scan", "Parent Relationship": "Outer", "Scan Direction": "Forward", "Index Name": "keyword_pkey", "Relation Name": "keyword", "Alias": "k", "Startup Cost": 0.0, "Total Cost": 3182.72, "Plan Rows": 1, "Plan Width": 20, "Filter": "((keyword)::text = 'marvel-cinematic-universe'::text)"}, {"Node Type": "Bitmap Heap Scan", "Parent Relationship": "Inner", "Relation Name": "movie_keyword", "Alias": "mk", "Startup Cost": 4.51, "Total Cost": 132.58, "Plan Rows": 33, "Plan Width": 8, "Recheck Cond": "(keyword_id = k.id)", "Plans": [{"Node Type": "Bitmap Index Scan", "Parent Relationship": "Outer", "Index Name": "keyword_id_movie_keyword", "Startup Cost": 0.0, "Total Cost": 4.5, "Plan Rows": 33, "Plan Width": 0, "Index Cond": "(keyword_id = k.id)"}]}]}, {"Node Type": "Index Scan", "Parent Relationship": "Inner", "Scan Direction": "Forward", "Index Name": "movie_id_cast_info", "Relation Name": "cast_info", "Alias": "ci", "Startup Cost": 0.0, "Total Cost": 0.7, "Plan Rows": 6, "Plan Width": 8, "Index Cond": "(movie_id = mk.movie_id)"}]}, {"Node Type": "Index Scan", "Parent Relationship": "Inner", "Scan Direction": "Forward", "Index Name": "name_pkey", "Relation Name": "name", "Alias": "n", "Startup Cost": 0.0, "Total Cost": 0.28, "Plan Rows": 1, "Plan Width": 19, "Index Cond": "(id = ci.person_id)", "Filter": "((name)::text ~~ '%Downey%Robert%'::text)"}]}, {"Node Type": "Index Scan", "Parent Relationship": "Inner", "Scan Direction": "Forward", "Index Name": "title_pkey", "Relation Name": "title", "Alias": "t", "Startup Cost": 0.0, "Total Cost": 0.28, "Plan Rows": 1, "Plan Width": 21, "Index Cond": "(id = ci.movie_id)", "Filter": "(production_year > 2010)"}]}]}, "Unique SQL Id": 4208751436, "Planner Runtime": 9}, "explain_analyze_plan": {"Plan": {"Node Type": "Aggregate", "Strategy": "Plain", "Startup Cost": 3399.73, "Total Cost": 3399.74, "Plan Rows": 1, "Plan Width": 144, "Actual Startup Time": 130.05, "Actual Total Time": 130.051, "Actual Rows": 1, "Actual Loops": 1, "Plans": [{"Node Type": "Nested Loop", "Parent Relationship": "Outer", "Join Type": "Inner", "Startup Cost": 4.51, "Total Cost": 3399.72, "Plan Rows": 1, "Plan Width": 48, "Actual Startup Time": 9.062, "Actual Total Time": 130.018, "Actual Rows": 6, "Actual Loops": 1, "Inner Unique": true, "Join Filter": "(mk.movie_id = t.id)", "Rows Removed by Join Filter": 0, "Plans": [{"Node Type": "Nested Loop", "Parent Relationship": "Outer", "Join Type": "Inner", "Startup Cost": 4.51, "Total Cost": 3399.43, "Plan Rows": 1, "Plan Width": 39, "Actual Startup Time": 9.03, "Actual Total Time": 129.951, "Actual Rows": 6, "Actual Loops": 1, "Inner Unique": true, "Plans": [{"Node Type": "Nested Loop", "Parent Relationship": "Outer", "Join Type": "Inner", "Startup Cost": 4.51, "Total Cost": 3340.87, "Plan Rows": 202, "Plan Width": 28, "Actual Startup Time": 7.483, "Actual Total Time": 123.046, "Actual Rows": 1242, "Actual Loops": 1, "Inner Unique": false, "Plans": [{"Node Type": "Nested Loop", "Parent Relationship": "Outer", "Join Type": "Inner", "Startup Cost": 4.51, "Total Cost": 3315.63, "Plan Rows": 33, "Plan Width": 20, "Actual Startup Time": 7.468, "Actual Total Time": 120.867, "Actual Rows": 14, "Actual Loops": 1, "Inner Unique": false, "Plans": [{"Node Type": "Index Scan", "Parent Relationship": "Outer", "Scan Direction": "Forward", "Index Name": "keyword_pkey", "Relation Name": "keyword", "Alias": "k", "Startup Cost": 0.0, "Total Cost": 3182.72, "Plan Rows": 1, "Plan Width": 20, "Actual Startup Time": 7.433, "Actual Total Time": 120.793, "Actual Rows": 1, "Actual Loops": 1, "Filter": "((keyword)::text = 'marvel-cinematic-universe'::text)", "Rows Removed by Filter": 134168}, {"Node Type": "Bitmap Heap Scan", "Parent Relationship": "Inner", "Relation Name": "movie_keyword", "Alias": "mk", "Startup Cost": 4.51, "Total Cost": 132.58, "Plan Rows": 33, "Plan Width": 8, "Actual Startup Time": 0.027, "Actual Total Time": 0.06, "Actual Rows": 14, "Actual Loops": 1, "Recheck Cond": "(keyword_id = k.id)", "Rows Removed by Index Recheck": 0, "Exact Heap Blocks": 13, "Lossy Heap Blocks": 13, "Plans": [{"Node Type": "Bitmap Index Scan", "Parent Relationship": "Outer", "Index Name": "keyword_id_movie_keyword", "Startup Cost": 0.0, "Total Cost": 4.5, "Plan Rows": 33, "Plan Width": 0, "Actual Startup Time": 0.015, "Actual Total Time": 0.015, "Actual Rows": 14, "Actual Loops": 1, "Index Cond": "(keyword_id = k.id)"}]}]}, {"Node Type": "Index Scan", "Parent Relationship": "Inner", "Scan Direction": "Forward", "Index Name": "movie_id_cast_info", "Relation Name": "cast_info", "Alias": "ci", "Startup Cost": 0.0, "Total Cost": 0.7, "Plan Rows": 6, "Plan Width": 8, "Actual Startup Time": 0.166, "Actual Total Time": 1.85, "Actual Rows": 1242, "Actual Loops": 14, "Index Cond": "(movie_id = mk.movie_id)", "Rows Removed by Index Recheck": 0}]}, {"Node Type": "Index Scan", "Parent Relationship": "Inner", "Scan Direction": "Forward", "Index Name": "name_pkey", "Relation Name": "name", "Alias": "n", "Startup Cost": 0.0, "Total Cost": 0.28, "Plan Rows": 1, "Plan Width": 19, "Actual Startup Time": 6.274, "Actual Total Time": 6.274, "Actual Rows": 6, "Actual Loops": 1242, "Index Cond": "(id = ci.person_id)", "Rows Removed by Index Recheck": 0, "Filter": "((name)::text ~~ '%Downey%Robert%'::text)", "Rows Removed by Filter": 1236}]}, {"Node Type": "Index Scan", "Parent Relationship": "Inner", "Scan Direction": "Forward", "Index Name": "title_pkey", "Relation Name": "title", "Alias": "t", "Startup Cost": 0.0, "Total Cost": 0.28, "Plan Rows": 1, "Plan Width": 21, "Actual Startup Time": 0.045, "Actual Total Time": 0.045, "Actual Rows": 6, "Actual Loops": 6, "Index Cond": "(id = ci.movie_id)", "Rows Removed by Index Recheck": 0, "Filter": "(production_year > 2010)", "Rows Removed by Filter": 0}]}]}, "Triggers": [], "Planner Runtime": 9.763, "Total Runtime": 130.32, "Unique SQL Id": 4208751436}}, "(16, '6')": {"explain_plan": {"Plan": {"Node Type": "Aggregate", "Strategy": "Plain", "Startup Cost": 3810.23, "Total Cost": 3810.24, "Plan Rows": 1, "Plan Width": 144, "Plans": [{"Node Type": "Nested Loop", "Parent Relationship": "Outer", "Join Type": "Inner", "Startup Cost": 5.45, "Total Cost": 3809.16, "Plan Rows": 143, "Plan Width": 48, "Inner Unique": true, "Plans": [{"Node Type": "Nested Loop", "Parent Relationship": "Outer", "Join Type": "Inner", "Startup Cost": 5.19, "Total Cost": 2875.14, "Plan Rows": 218, "Plan Width": 37, "Inner Unique": false, "Join Filter": "(t.id = ci.movie_id)", "Plans": [{"Node Type": "Nested Loop", "Parent Relationship": "Outer", "Join Type": "Inner", "Startup Cost": 4.77, "Total Cost": 2710.63, "Plan Rows": 36, "Plan Width": 41, "Inner Unique": true, "Plans": [{"Node Type": "Nested Loop", "Parent Relationship": "Outer", "Join Type": "Inner", "Startup Cost": 4.51, "Total Cost": 2569.02, "Plan Rows": 33, "Plan Width": 20, "Inner Unique": false, "Plans": [{"Node Type": "Seq Scan", "Parent Relationship": "Outer", "Relation Name": "keyword", "Alias": "k", "Startup Cost": 0.0, "Total Cost": 2436.11, "Plan Rows": 1, "Plan Width": 20, "Filter": "((keyword)::text = 'marvel-cinematic-universe'::text)"}, {"Node Type": "Bitmap Heap Scan", "Parent Relationship": "Inner", "Relation Name": "movie_keyword", "Alias": "mk", "Startup Cost": 4.51, "Total Cost": 132.58, "Plan Rows": 33, "Plan Width": 8, "Recheck Cond": "(keyword_id = k.id)", "Plans": [{"Node Type": "Bitmap Index Scan", "Parent Relationship": "Outer", "Index Name": "keyword_id_movie_keyword", "Startup Cost": 0.0, "Total Cost": 4.5, "Plan Rows": 33, "Plan Width": 0, "Index Cond": "(keyword_id = k.id)"}]}]}, {"Node Type": "Bitmap Heap Scan", "Parent Relationship": "Inner", "Relation Name": "title", "Alias": "t", "Startup Cost": 0.27, "Total Cost": 4.28, "Plan Rows": 1, "Plan Width": 21, "Recheck Cond": "(id = mk.movie_id)", "Filter": "(production_year > 2010)", "Plans": [{"Node Type": "Bitmap Index Scan", "Parent Relationship": "Outer", "Index Name": "title_pkey", "Startup Cost": 0.0, "Total Cost": 0.27, "Plan Rows": 1, "Plan Width": 0, "Index Cond": "(id = mk.movie_id)"}]}]}, {"Node Type": "Bitmap Heap Scan", "Parent Relationship": "Inner", "Relation Name": "cast_info", "Alias": "ci", "Startup Cost": 0.42, "Total Cost": 4.49, "Plan Rows": 6, "Plan Width": 8, "Recheck Cond": "(movie_id = mk.movie_id)", "Plans": [{"Node Type": "Bitmap Index Scan", "Parent Relationship": "Outer", "Index Name": "movie_id_cast_info", "Startup Cost": 0.0, "Total Cost": 0.42, "Plan Rows": 6, "Plan Width": 0, "Index Cond": "(movie_id = mk.movie_id)"}]}]}, {"Node Type": "Bitmap Heap Scan", "Parent Relationship": "Inner", "Relation Name": "name", "Alias": "n", "Startup Cost": 0.26, "Total Cost": 4.27, "Plan Rows": 1, "Plan Width": 19, "Recheck Cond": "(id = ci.person_id)", "Filter": "((name)::text ~~ '%Downey%Robert%'::text)", "Plans": [{"Node Type": "Bitmap Index Scan", "Parent Relationship": "Outer", "Index Name": "name_pkey", "Startup Cost": 0.0, "Total Cost": 0.26, "Plan Rows": 1, "Plan Width": 0, "Index Cond": "(id = ci.person_id)"}]}]}]}, "Unique SQL Id": 4208751436, "Planner Runtime": 12}, "explain_analyze_plan": {"Plan": {"Node Type": "Aggregate", "Strategy": "Plain", "Startup Cost": 3810.23, "Total Cost": 3810.24, "Plan Rows": 1, "Plan Width": 144, "Actual Startup Time": 53.114, "Actual Total Time": 53.114, "Actual Rows": 1, "Actual Loops": 1, "Plans": [{"Node Type": "Nested Loop", "Parent Relationship": "Outer", "Join Type": "Inner", "Startup Cost": 5.45, "Total Cost": 3809.16, "Plan Rows": 143, "Plan Width": 48, "Actual Startup Time": 3.683, "Actual Total Time": 53.075, "Actual Rows": 6, "Actual Loops": 1, "Inner Unique": true, "Plans": [{"Node Type": "Nested Loop", "Parent Relationship": "Outer", "Join Type": "Inner", "Startup Cost": 5.19, "Total Cost": 2875.14, "Plan Rows": 218, "Plan Width": 37, "Actual Startup Time": 1.272, "Actual Total Time": 44.468, "Actual Rows": 1224, "Actual Loops": 1, "Inner Unique": false, "Join Filter": "(t.id = ci.movie_id)", "Rows Removed by Join Filter": 0, "Plans": [{"Node Type": "Nested Loop", "Parent Relationship": "Outer", "Join Type": "Inner", "Startup Cost": 4.77, "Total Cost": 2710.63, "Plan Rows": 36, "Plan Width": 41, "Actual Startup Time": 1.234, "Actual Total Time": 41.314, "Actual Rows": 11, "Actual Loops": 1, "Inner Unique": true, "Plans": [{"Node Type": "Nested Loop", "Parent Relationship": "Outer", "Join Type": "Inner", "Startup Cost": 4.51, "Total Cost": 2569.02, "Plan Rows": 33, "Plan Width": 20, "Actual Startup Time": 1.105, "Actual Total Time": 40.546, "Actual Rows": 14, "Actual Loops": 1, "Inner Unique": false, "Plans": [{"Node Type": "Seq Scan", "Parent Relationship": "Outer", "Relation Name": "keyword", "Alias": "k", "Startup Cost": 0.0, "Total Cost": 2436.11, "Plan Rows": 1, "Plan Width": 20, "Actual Startup Time": 1.064, "Actual Total Time": 40.47, "Actual Rows": 1, "Actual Loops": 1, "Filter": "((keyword)::text = 'marvel-cinematic-universe'::text)", "Rows Removed by Filter": 134168}, {"Node Type": "Bitmap Heap Scan", "Parent Relationship": "Inner", "Relation Name": "movie_keyword", "Alias": "mk", "Startup Cost": 4.51, "Total Cost": 132.58, "Plan Rows": 33, "Plan Width": 8, "Actual Startup Time": 0.033, "Actual Total Time": 0.059, "Actual Rows": 14, "Actual Loops": 1, "Recheck Cond": "(keyword_id = k.id)", "Rows Removed by Index Recheck": 0, "Exact Heap Blocks": 13, "Lossy Heap Blocks": 13, "Plans": [{"Node Type": "Bitmap Index Scan", "Parent Relationship": "Outer", "Index Name": "keyword_id_movie_keyword", "Startup Cost": 0.0, "Total Cost": 4.5, "Plan Rows": 33, "Plan Width": 0, "Actual Startup Time": 0.019, "Actual Total Time": 0.019, "Actual Rows": 14, "Actual Loops": 1, "Index Cond": "(keyword_id = k.id)"}]}]}, {"Node Type": "Bitmap Heap Scan", "Parent Relationship": "Inner", "Relation Name": "title", "Alias": "t", "Startup Cost": 0.27, "Total Cost": 4.28, "Plan Rows": 1, "Plan Width": 21, "Actual Startup Time": 0.736, "Actual Total Time": 0.736, "Actual Rows": 11, "Actual Loops": 14, "Recheck Cond": "(id = mk.movie_id)", "Rows Removed by Index Recheck": 0, "Filter": "(production_year > 2010)", "Rows Removed by Filter": 3, "Exact Heap Blocks": 14, "Lossy Heap Blocks": 14, "Plans": [{"Node Type": "Bitmap Index Scan", "Parent Relationship": "Outer", "Index Name": "title_pkey", "Startup Cost": 0.0, "Total Cost": 0.27, "Plan Rows": 1, "Plan Width": 0, "Actual Startup Time": 0.426, "Actual Total Time": 0.426, "Actual Rows": 14, "Actual Loops": 14, "Index Cond": "(id = mk.movie_id)"}]}]}, {"Node Type": "Bitmap Heap Scan", "Parent Relationship": "Inner", "Relation Name": "cast_info", "Alias": "ci", "Startup Cost": 0.42, "Total Cost": 4.49, "Plan Rows": 6, "Plan Width": 8, "Actual Startup Time": 0.609, "Actual Total Time": 2.58, "Actual Rows": 1224, "Actual Loops": 11, "Recheck Cond": "(movie_id = mk.movie_id)", "Rows Removed by Index Recheck": 0, "Exact Heap Blocks": 1166, "Lossy Heap Blocks": 1166, "Plans": [{"Node Type": "Bitmap Index Scan", "Parent Relationship": "Outer", "Index Name": "movie_id_cast_info", "Startup Cost": 0.0, "Total Cost": 0.42, "Plan Rows": 6, "Plan Width": 0, "Actual Startup Time": 0.383, "Actual Total Time": 0.383, "Actual Rows": 1224, "Actual Loops": 11, "Index Cond": "(movie_id = mk.movie_id)"}]}]}, {"Node Type": "Bitmap Heap Scan", "Parent Relationship": "Inner", "Relation Name": "name", "Alias": "n", "Startup Cost": 0.26, "Total Cost": 4.27, "Plan Rows": 1, "Plan Width": 19, "Actual Startup Time": 7.233, "Actual Total Time": 7.233, "Actual Rows": 6, "Actual Loops": 1224, "Recheck Cond": "(id = ci.person_id)", "Rows Removed by Index Recheck": 0, "Filter": "((name)::text ~~ '%Downey%Robert%'::text)", "Rows Removed by Filter": 1218, "Exact Heap Blocks": 1224, "Lossy Heap Blocks": 1224, "Plans": [{"Node Type": "Bitmap Index Scan", "Parent Relationship": "Outer", "Index Name": "name_pkey", "Startup Cost": 0.0, "Total Cost": 0.26, "Plan Rows": 1, "Plan Width": 0, "Actual Startup Time": 4.403, "Actual Total Time": 4.403, "Actual Rows": 1224, "Actual Loops": 1224, "Index Cond": "(id = ci.person_id)"}]}]}]}, "Triggers": [], "Planner Runtime": 12.374, "Total Runtime": 53.382, "Unique SQL Id": 4208751436}}, "(16, '7')": {"explain_plan": {"Plan": {"Node Type": "Aggregate", "Strategy": "Plain", "Startup Cost": 4529.32, "Total Cost": 4529.33, "Plan Rows": 1, "Plan Width": 144, "Plans": [{"Node Type": "Nested Loop", "Parent Relationship": "Outer", "Join Type": "Inner", "Startup Cost": 724.55, "Total Cost": 4528.25, "Plan Rows": 143, "Plan Width": 48, "Inner Unique": true, "Plans": [{"Node Type": "Nested Loop", "Parent Relationship": "Outer", "Join Type": "Inner", "Startup Cost": 724.29, "Total Cost": 3594.24, "Plan Rows": 218, "Plan Width": 37, "Inner Unique": false, "Join Filter": "(t.id = ci.movie_id)", "Plans": [{"Node Type": "Nested Loop", "Parent Relationship": "Outer", "Join Type": "Inner", "Startup Cost": 723.87, "Total Cost": 3429.72, "Plan Rows": 36, "Plan Width": 41, "Inner Unique": true, "Plans": [{"Node Type": "Nested Loop", "Parent Relationship": "Outer", "Join Type": "Inner", "Startup Cost": 723.6, "Total Cost": 3288.12, "Plan Rows": 33, "Plan Width": 20, "Inner Unique": false, "Plans": [{"Node Type": "Bitmap Heap Scan", "Parent Relationship": "Outer", "Relation Name": "keyword", "Alias": "k", "Startup Cost": 719.1, "Total Cost": 3155.21, "Plan Rows": 1, "Plan Width": 20, "Filter": "((keyword)::text = 'marvel-cinematic-universe'::text)", "Plans": [{"Node Type": "Bitmap Index Scan", "Parent Relationship": "Outer", "Index Name": "keyword_pkey", "Startup Cost": 0.0, "Total Cost": 719.1, "Plan Rows": 134169, "Plan Width": 0}]}, {"Node Type": "Bitmap Heap Scan", "Parent Relationship": "Inner", "Relation Name": "movie_keyword", "Alias": "mk", "Startup Cost": 4.51, "Total Cost": 132.58, "Plan Rows": 33, "Plan Width": 8, "Recheck Cond": "(keyword_id = k.id)", "Plans": [{"Node Type": "Bitmap Index Scan", "Parent Relationship": "Outer", "Index Name": "keyword_id_movie_keyword", "Startup Cost": 0.0, "Total Cost": 4.5, "Plan Rows": 33, "Plan Width": 0, "Index Cond": "(keyword_id = k.id)"}]}]}, {"Node Type": "Bitmap Heap Scan", "Parent Relationship": "Inner", "Relation Name": "title", "Alias": "t", "Startup Cost": 0.27, "Total Cost": 4.28, "Plan Rows": 1, "Plan Width": 21, "Recheck Cond": "(id = mk.movie_id)", "Filter": "(production_year > 2010)", "Plans": [{"Node Type": "Bitmap Index Scan", "Parent Relationship": "Outer", "Index Name": "title_pkey", "Startup Cost": 0.0, "Total Cost": 0.27, "Plan Rows": 1, "Plan Width": 0, "Index Cond": "(id = mk.movie_id)"}]}]}, {"Node Type": "Bitmap Heap Scan", "Parent Relationship": "Inner", "Relation Name": "cast_info", "Alias": "ci", "Startup Cost": 0.42, "Total Cost": 4.49, "Plan Rows": 6, "Plan Width": 8, "Recheck Cond": "(movie_id = mk.movie_id)", "Plans": [{"Node Type": "Bitmap Index Scan", "Parent Relationship": "Outer", "Index Name": "movie_id_cast_info", "Startup Cost": 0.0, "Total Cost": 0.42, "Plan Rows": 6, "Plan Width": 0, "Index Cond": "(movie_id = mk.movie_id)"}]}]}, {"Node Type": "Bitmap Heap Scan", "Parent Relationship": "Inner", "Relation Name": "name", "Alias": "n", "Startup Cost": 0.26, "Total Cost": 4.27, "Plan Rows": 1, "Plan Width": 19, "Recheck Cond": "(id = ci.person_id)", "Filter": "((name)::text ~~ '%Downey%Robert%'::text)", "Plans": [{"Node Type": "Bitmap Index Scan", "Parent Relationship": "Outer", "Index Name": "name_pkey", "Startup Cost": 0.0, "Total Cost": 0.26, "Plan Rows": 1, "Plan Width": 0, "Index Cond": "(id = ci.person_id)"}]}]}]}, "Unique SQL Id": 4208751436, "Planner Runtime": 6}, "explain_analyze_plan": {"Plan": {"Node Type": "Aggregate", "Strategy": "Plain", "Startup Cost": 4529.32, "Total Cost": 4529.33, "Plan Rows": 1, "Plan Width": 144, "Actual Startup Time": 72.661, "Actual Total Time": 72.661, "Actual Rows": 1, "Actual Loops": 1, "Plans": [{"Node Type": "Nested Loop", "Parent Relationship": "Outer", "Join Type": "Inner", "Startup Cost": 724.55, "Total Cost": 4528.25, "Plan Rows": 143, "Plan Width": 48, "Actual Startup Time": 14.187, "Actual Total Time": 72.625, "Actual Rows": 6, "Actual Loops": 1, "Inner Unique": true, "Plans": [{"Node Type": "Nested Loop", "Parent Relationship": "Outer", "Join Type": "Inner", "Startup Cost": 724.29, "Total Cost": 3594.24, "Plan Rows": 218, "Plan Width": 37, "Actual Startup Time": 12.089, "Actual Total Time": 64.002, "Actual Rows": 1224, "Actual Loops": 1, "Inner Unique": false, "Join Filter": "(t.id = ci.movie_id)", "Rows Removed by Join Filter": 0, "Plans": [{"Node Type": "Nested Loop", "Parent Relationship": "Outer", "Join Type": "Inner", "Startup Cost": 723.87, "Total Cost": 3429.72, "Plan Rows": 36, "Plan Width": 41, "Actual Startup Time": 12.062, "Actual Total Time": 60.973, "Actual Rows": 11, "Actual Loops": 1, "Inner Unique": true, "Plans": [{"Node Type": "Nested Loop", "Parent Relationship": "Outer", "Join Type": "Inner", "Startup Cost": 723.6, "Total Cost": 3288.12, "Plan Rows": 33, "Plan Width": 20, "Actual Startup Time": 12.043, "Actual Total Time": 60.833, "Actual Rows": 14, "Actual Loops": 1, "Inner Unique": false, "Plans": [{"Node Type": "Bitmap Heap Scan", "Parent Relationship": "Outer", "Relation Name": "keyword", "Alias": "k", "Startup Cost": 719.1, "Total Cost": 3155.21, "Plan Rows": 1, "Plan Width": 20, "Actual Startup Time": 12.006, "Actual Total Time": 60.762, "Actual Rows": 1, "Actual Loops": 1, "Filter": "((keyword)::text = 'marvel-cinematic-universe'::text)", "Rows Removed by Filter": 134168, "Exact Heap Blocks": 759, "Lossy Heap Blocks": 759, "Plans": [{"Node Type": "Bitmap Index Scan", "Parent Relationship": "Outer", "Index Name": "keyword_pkey", "Startup Cost": 0.0, "Total Cost": 719.1, "Plan Rows": 134169, "Plan Width": 0, "Actual Startup Time": 10.585, "Actual Total Time": 10.585, "Actual Rows": 134169, "Actual Loops": 1}]}, {"Node Type": "Bitmap Heap Scan", "Parent Relationship": "Inner", "Relation Name": "movie_keyword", "Alias": "mk", "Startup Cost": 4.51, "Total Cost": 132.58, "Plan Rows": 33, "Plan Width": 8, "Actual Startup Time": 0.026, "Actual Total Time": 0.054, "Actual Rows": 14, "Actual Loops": 1, "Recheck Cond": "(keyword_id = k.id)", "Rows Removed by Index Recheck": 0, "Exact Heap Blocks": 13, "Lossy Heap Blocks": 13, "Plans": [{"Node Type": "Bitmap Index Scan", "Parent Relationship": "Outer", "Index Name": "keyword_id_movie_keyword", "Startup Cost": 0.0, "Total Cost": 4.5, "Plan Rows": 33, "Plan Width": 0, "Actual Startup Time": 0.018, "Actual Total Time": 0.018, "Actual Rows": 14, "Actual Loops": 1, "Index Cond": "(keyword_id = k.id)"}]}]}, {"Node Type": "Bitmap Heap Scan", "Parent Relationship": "Inner", "Relation Name": "title", "Alias": "t", "Startup Cost": 0.27, "Total Cost": 4.28, "Plan Rows": 1, "Plan Width": 21, "Actual Startup Time": 0.113, "Actual Total Time": 0.113, "Actual Rows": 11, "Actual Loops": 14, "Recheck Cond": "(id = mk.movie_id)", "Rows Removed by Index Recheck": 0, "Filter": "(production_year > 2010)", "Rows Removed by Filter": 3, "Exact Heap Blocks": 14, "Lossy Heap Blocks": 14, "Plans": [{"Node Type": "Bitmap Index Scan", "Parent Relationship": "Outer", "Index Name": "title_pkey", "Startup Cost": 0.0, "Total Cost": 0.27, "Plan Rows": 1, "Plan Width": 0, "Actual Startup Time": 0.065, "Actual Total Time": 0.065, "Actual Rows": 14, "Actual Loops": 14, "Index Cond": "(id = mk.movie_id)"}]}]}, {"Node Type": "Bitmap Heap Scan", "Parent Relationship": "Inner", "Relation Name": "cast_info", "Alias": "ci", "Startup Cost": 0.42, "Total Cost": 4.49, "Plan Rows": 6, "Plan Width": 8, "Actual Startup Time": 0.561, "Actual Total Time": 2.548, "Actual Rows": 1224, "Actual Loops": 11, "Recheck Cond": "(movie_id = mk.movie_id)", "Rows Removed by Index Recheck": 0, "Exact Heap Blocks": 1166, "Lossy Heap Blocks": 1166, "Plans": [{"Node Type": "Bitmap Index Scan", "Parent Relationship": "Outer", "Index Name": "movie_id_cast_info", "Startup Cost": 0.0, "Total Cost": 0.42, "Plan Rows": 6, "Plan Width": 0, "Actual Startup Time": 0.352, "Actual Total Time": 0.352, "Actual Rows": 1224, "Actual Loops": 11, "Index Cond": "(movie_id = mk.movie_id)"}]}]}, {"Node Type": "Bitmap Heap Scan", "Parent Relationship": "Inner", "Relation Name": "name", "Alias": "n", "Startup Cost": 0.26, "Total Cost": 4.27, "Plan Rows": 1, "Plan Width": 19, "Actual Startup Time": 7.211, "Actual Total Time": 7.211, "Actual Rows": 6, "Actual Loops": 1224, "Recheck Cond": "(id = ci.person_id)", "Rows Removed by Index Recheck": 0, "Filter": "((name)::text ~~ '%Downey%Robert%'::text)", "Rows Removed by Filter": 1218, "Exact Heap Blocks": 1224, "Lossy Heap Blocks": 1224, "Plans": [{"Node Type": "Bitmap Index Scan", "Parent Relationship": "Outer", "Index Name": "name_pkey", "Startup Cost": 0.0, "Total Cost": 0.26, "Plan Rows": 1, "Plan Width": 0, "Actual Startup Time": 4.359, "Actual Total Time": 4.359, "Actual Rows": 1224, "Actual Loops": 1224, "Index Cond": "(id = ci.person_id)"}]}]}]}, "Triggers": [], "Planner Runtime": 6.386, "Total Runtime": 72.949, "Unique SQL Id": 4208751436}}, "(16, '8')": {"explain_plan": {"Plan": {"Node Type": "Aggregate", "Strategy": "Plain", "Startup Cost": 2657.42, "Total Cost": 2657.43, "Plan Rows": 1, "Plan Width": 144, "Plans": [{"Node Type": "Nested Loop", "Parent Relationship": "Outer", "Join Type": "Inner", "Startup Cost": 0.0, "Total Cost": 2657.41, "Plan Rows": 1, "Plan Width": 48, "Inner Unique": true, "Join Filter": "(mk.movie_id = t.id)", "Plans": [{"Node Type": "Nested Loop", "Parent Relationship": "Outer", "Join Type": "Inner", "Startup Cost": 0.0, "Total Cost": 2657.12, "Plan Rows": 1, "Plan Width": 39, "Inner Unique": true, "Plans": [{"Node Type": "Nested Loop", "Parent Relationship": "Outer", "Join Type": "Inner", "Startup Cost": 0.0, "Total Cost": 2598.56, "Plan Rows": 202, "Plan Width": 28, "Inner Unique": false, "Plans": [{"Node Type": "Nested Loop", "Parent Relationship": "Outer", "Join Type": "Inner", "Startup Cost": 0.0, "Total Cost": 2573.32, "Plan Rows": 33, "Plan Width": 20, "Inner Unique": false, "Plans": [{"Node Type": "Seq Scan", "Parent Relationship": "Outer", "Relation Name": "keyword", "Alias": "k", "Startup Cost": 0.0, "Total Cost": 2436.11, "Plan Rows": 1, "Plan Width": 20, "Filter": "((keyword)::text = 'marvel-cinematic-universe'::text)"}, {"Node Type": "Index Scan", "Parent Relationship": "Inner", "Scan Direction": "Forward", "Index Name": "keyword_id_movie_keyword", "Relation Name": "movie_keyword", "Alias": "mk", "Startup Cost": 0.0, "Total Cost": 136.88, "Plan Rows": 33, "Plan Width": 8, "Index Cond": "(keyword_id = k.id)"}]}, {"Node Type": "Index Scan", "Parent Relationship": "Inner", "Scan Direction": "Forward", "Index Name": "movie_id_cast_info", "Relation Name": "cast_info", "Alias": "ci", "Startup Cost": 0.0, "Total Cost": 0.7, "Plan Rows": 6, "Plan Width": 8, "Index Cond": "(movie_id = mk.movie_id)"}]}, {"Node Type": "Index Scan", "Parent Relationship": "Inner", "Scan Direction": "Forward", "Index Name": "name_pkey", "Relation Name": "name", "Alias": "n", "Startup Cost": 0.0, "Total Cost": 0.28, "Plan Rows": 1, "Plan Width": 19, "Index Cond": "(id = ci.person_id)", "Filter": "((name)::text ~~ '%Downey%Robert%'::text)"}]}, {"Node Type": "Index Scan", "Parent Relationship": "Inner", "Scan Direction": "Forward", "Index Name": "title_pkey", "Relation Name": "title", "Alias": "t", "Startup Cost": 0.0, "Total Cost": 0.28, "Plan Rows": 1, "Plan Width": 21, "Index Cond": "(id = ci.movie_id)", "Filter": "(production_year > 2010)"}]}]}, "Unique SQL Id": 4208751436, "Planner Runtime": 8}, "explain_analyze_plan": {"Plan": {"Node Type": "Aggregate", "Strategy": "Plain", "Startup Cost": 2657.42, "Total Cost": 2657.43, "Plan Rows": 1, "Plan Width": 144, "Actual Startup Time": 49.573, "Actual Total Time": 49.573, "Actual Rows": 1, "Actual Loops": 1, "Plans": [{"Node Type": "Nested Loop", "Parent Relationship": "Outer", "Join Type": "Inner", "Startup Cost": 0.0, "Total Cost": 2657.41, "Plan Rows": 1, "Plan Width": 48, "Actual Startup Time": 2.65, "Actual Total Time": 49.529, "Actual Rows": 6, "Actual Loops": 1, "Inner Unique": true, "Join Filter": "(mk.movie_id = t.id)", "Rows Removed by Join Filter": 0, "Plans": [{"Node Type": "Nested Loop", "Parent Relationship": "Outer", "Join Type": "Inner", "Startup Cost": 0.0, "Total Cost": 2657.12, "Plan Rows": 1, "Plan Width": 39, "Actual Startup Time": 2.627, "Actual Total Time": 49.472, "Actual Rows": 6, "Actual Loops": 1, "Inner Unique": true, "Plans": [{"Node Type": "Nested Loop", "Parent Relationship": "Outer", "Join Type": "Inner", "Startup Cost": 0.0, "Total Cost": 2598.56, "Plan Rows": 202, "Plan Width": 28, "Actual Startup Time": 1.088, "Actual Total Time": 42.692, "Actual Rows": 1242, "Actual Loops": 1, "Inner Unique": false, "Plans": [{"Node Type": "Nested Loop", "Parent Relationship": "Outer", "Join Type": "Inner", "Startup Cost": 0.0, "Total Cost": 2573.32, "Plan Rows": 33, "Plan Width": 20, "Actual Startup Time": 1.074, "Actual Total Time": 40.525, "Actual Rows": 14, "Actual Loops": 1, "Inner Unique": false, "Plans": [{"Node Type": "Seq Scan", "Parent Relationship": "Outer", "Relation Name": "keyword", "Alias": "k", "Startup Cost": 0.0, "Total Cost": 2436.11, "Plan Rows": 1, "Plan Width": 20, "Actual Startup Time": 1.052, "Actual Total Time": 40.474, "Actual Rows": 1, "Actual Loops": 1, "Filter": "((keyword)::text = 'marvel-cinematic-universe'::text)", "Rows Removed by Filter": 134168}, {"Node Type": "Index Scan", "Parent Relationship": "Inner", "Scan Direction": "Forward", "Index Name": "keyword_id_movie_keyword", "Relation Name": "movie_keyword", "Alias": "mk", "Startup Cost": 0.0, "Total Cost": 136.88, "Plan Rows": 33, "Plan Width": 8, "Actual Startup Time": 0.016, "Actual Total Time": 0.039, "Actual Rows": 14, "Actual Loops": 1, "Index Cond": "(keyword_id = k.id)", "Rows Removed by Index Recheck": 0}]}, {"Node Type": "Index Scan", "Parent Relationship": "Inner", "Scan Direction": "Forward", "Index Name": "movie_id_cast_info", "Relation Name": "cast_info", "Alias": "ci", "Startup Cost": 0.0, "Total Cost": 0.7, "Plan Rows": 6, "Plan Width": 8, "Actual Startup Time": 0.16, "Actual Total Time": 1.838, "Actual Rows": 1242, "Actual Loops": 14, "Index Cond": "(movie_id = mk.movie_id)", "Rows Removed by Index Recheck": 0}]}, {"Node Type": "Index Scan", "Parent Relationship": "Inner", "Scan Direction": "Forward", "Index Name": "name_pkey", "Relation Name": "name", "Alias": "n", "Startup Cost": 0.0, "Total Cost": 0.28, "Plan Rows": 1, "Plan Width": 19, "Actual Startup Time": 6.167, "Actual Total Time": 6.167, "Actual Rows": 6, "Actual Loops": 1242, "Index Cond": "(id = ci.person_id)", "Rows Removed by Index Recheck": 0, "Filter": "((name)::text ~~ '%Downey%Robert%'::text)", "Rows Removed by Filter": 1236}]}, {"Node Type": "Index Scan", "Parent Relationship": "Inner", "Scan Direction": "Forward", "Index Name": "title_pkey", "Relation Name": "title", "Alias": "t", "Startup Cost": 0.0, "Total Cost": 0.28, "Plan Rows": 1, "Plan Width": 21, "Actual Startup Time": 0.038, "Actual Total Time": 0.038, "Actual Rows": 6, "Actual Loops": 6, "Index Cond": "(id = ci.movie_id)", "Rows Removed by Index Recheck": 0, "Filter": "(production_year > 2010)", "Rows Removed by Filter": 0}]}]}, "Triggers": [], "Planner Runtime": 8.574, "Total Runtime": 49.842, "Unique SQL Id": 4208751436}}, "(16, '9')": {"explain_plan": {"Plan": {"Node Type": "Aggregate", "Strategy": "Plain", "Startup Cost": 3404.02, "Total Cost": 3404.03, "Plan Rows": 1, "Plan Width": 144, "Plans": [{"Node Type": "Nested Loop", "Parent Relationship": "Outer", "Join Type": "Inner", "Startup Cost": 0.0, "Total Cost": 3404.01, "Plan Rows": 1, "Plan Width": 48, "Inner Unique": true, "Join Filter": "(mk.movie_id = t.id)", "Plans": [{"Node Type": "Nested Loop", "Parent Relationship": "Outer", "Join Type": "Inner", "Startup Cost": 0.0, "Total Cost": 3403.72, "Plan Rows": 1, "Plan Width": 39, "Inner Unique": true, "Plans": [{"Node Type": "Nested Loop", "Parent Relationship": "Outer", "Join Type": "Inner", "Startup Cost": 0.0, "Total Cost": 3345.17, "Plan Rows": 202, "Plan Width": 28, "Inner Unique": false, "Plans": [{"Node Type": "Nested Loop", "Parent Relationship": "Outer", "Join Type": "Inner", "Startup Cost": 0.0, "Total Cost": 3319.92, "Plan Rows": 33, "Plan Width": 20, "Inner Unique": false, "Plans": [{"Node Type": "Index Scan", "Parent Relationship": "Outer", "Scan Direction": "Forward", "Index Name": "keyword_pkey", "Relation Name": "keyword", "Alias": "k", "Startup Cost": 0.0, "Total Cost": 3182.72, "Plan Rows": 1, "Plan Width": 20, "Filter": "((keyword)::text = 'marvel-cinematic-universe'::text)"}, {"Node Type": "Index Scan", "Parent Relationship": "Inner", "Scan Direction": "Forward", "Index Name": "keyword_id_movie_keyword", "Relation Name": "movie_keyword", "Alias": "mk", "Startup Cost": 0.0, "Total Cost": 136.88, "Plan Rows": 33, "Plan Width": 8, "Index Cond": "(keyword_id = k.id)"}]}, {"Node Type": "Index Scan", "Parent Relationship": "Inner", "Scan Direction": "Forward", "Index Name": "movie_id_cast_info", "Relation Name": "cast_info", "Alias": "ci", "Startup Cost": 0.0, "Total Cost": 0.7, "Plan Rows": 6, "Plan Width": 8, "Index Cond": "(movie_id = mk.movie_id)"}]}, {"Node Type": "Index Scan", "Parent Relationship": "Inner", "Scan Direction": "Forward", "Index Name": "name_pkey", "Relation Name": "name", "Alias": "n", "Startup Cost": 0.0, "Total Cost": 0.28, "Plan Rows": 1, "Plan Width": 19, "Index Cond": "(id = ci.person_id)", "Filter": "((name)::text ~~ '%Downey%Robert%'::text)"}]}, {"Node Type": "Index Scan", "Parent Relationship": "Inner", "Scan Direction": "Forward", "Index Name": "title_pkey", "Relation Name": "title", "Alias": "t", "Startup Cost": 0.0, "Total Cost": 0.28, "Plan Rows": 1, "Plan Width": 21, "Index Cond": "(id = ci.movie_id)", "Filter": "(production_year > 2010)"}]}]}, "Unique SQL Id": 4208751436, "Planner Runtime": 8}, "explain_analyze_plan": {"Plan": {"Node Type": "Aggregate", "Strategy": "Plain", "Startup Cost": 3404.02, "Total Cost": 3404.03, "Plan Rows": 1, "Plan Width": 144, "Actual Startup Time": 129.093, "Actual Total Time": 129.094, "Actual Rows": 1, "Actual Loops": 1, "Plans": [{"Node Type": "Nested Loop", "Parent Relationship": "Outer", "Join Type": "Inner", "Startup Cost": 0.0, "Total Cost": 3404.01, "Plan Rows": 1, "Plan Width": 48, "Actual Startup Time": 8.547, "Actual Total Time": 129.04, "Actual Rows": 6, "Actual Loops": 1, "Inner Unique": true, "Join Filter": "(mk.movie_id = t.id)", "Rows Removed by Join Filter": 0, "Plans": [{"Node Type": "Nested Loop", "Parent Relationship": "Outer", "Join Type": "Inner", "Startup Cost": 0.0, "Total Cost": 3403.72, "Plan Rows": 1, "Plan Width": 39, "Actual Startup Time": 8.53, "Actual Total Time": 128.988, "Actual Rows": 6, "Actual Loops": 1, "Inner Unique": true, "Plans": [{"Node Type": "Nested Loop", "Parent Relationship": "Outer", "Join Type": "Inner", "Startup Cost": 0.0, "Total Cost": 3345.17, "Plan Rows": 202, "Plan Width": 28, "Actual Startup Time": 6.99, "Actual Total Time": 122.056, "Actual Rows": 1242, "Actual Loops": 1, "Inner Unique": false, "Plans": [{"Node Type": "Nested Loop", "Parent Relationship": "Outer", "Join Type": "Inner", "Startup Cost": 0.0, "Total Cost": 3319.92, "Plan Rows": 33, "Plan Width": 20, "Actual Startup Time": 6.977, "Actual Total Time": 119.872, "Actual Rows": 14, "Actual Loops": 1, "Inner Unique": false, "Plans": [{"Node Type": "Index Scan", "Parent Relationship": "Outer", "Scan Direction": "Forward", "Index Name": "keyword_pkey", "Relation Name": "keyword", "Alias": "k", "Startup Cost": 0.0, "Total Cost": 3182.72, "Plan Rows": 1, "Plan Width": 20, "Actual Startup Time": 6.958, "Actual Total Time": 119.824, "Actual Rows": 1, "Actual Loops": 1, "Filter": "((keyword)::text = 'marvel-cinematic-universe'::text)", "Rows Removed by Filter": 134168}, {"Node Type": "Index Scan", "Parent Relationship": "Inner", "Scan Direction": "Forward", "Index Name": "keyword_id_movie_keyword", "Relation Name": "movie_keyword", "Alias": "mk", "Startup Cost": 0.0, "Total Cost": 136.88, "Plan Rows": 33, "Plan Width": 8, "Actual Startup Time": 0.012, "Actual Total Time": 0.032, "Actual Rows": 14, "Actual Loops": 1, "Index Cond": "(keyword_id = k.id)", "Rows Removed by Index Recheck": 0}]}, {"Node Type": "Index Scan", "Parent Relationship": "Inner", "Scan Direction": "Forward", "Index Name": "movie_id_cast_info", "Relation Name": "cast_info", "Alias": "ci", "Startup Cost": 0.0, "Total Cost": 0.7, "Plan Rows": 6, "Plan Width": 8, "Actual Startup Time": 0.158, "Actual Total Time": 1.852, "Actual Rows": 1242, "Actual Loops": 14, "Index Cond": "(movie_id = mk.movie_id)", "Rows Removed by Index Recheck": 0}]}, {"Node Type": "Index Scan", "Parent Relationship": "Inner", "Scan Direction": "Forward", "Index Name": "name_pkey", "Relation Name": "name", "Alias": "n", "Startup Cost": 0.0, "Total Cost": 0.28, "Plan Rows": 1, "Plan Width": 19, "Actual Startup Time": 6.301, "Actual Total Time": 6.301, "Actual Rows": 6, "Actual Loops": 1242, "Index Cond": "(id = ci.person_id)", "Rows Removed by Index Recheck": 0, "Filter": "((name)::text ~~ '%Downey%Robert%'::text)", "Rows Removed by Filter": 1236}]}, {"Node Type": "Index Scan", "Parent Relationship": "Inner", "Scan Direction": "Forward", "Index Name": "title_pkey", "Relation Name": "title", "Alias": "t", "Startup Cost": 0.0, "Total Cost": 0.28, "Plan Rows": 1, "Plan Width": 21, "Actual Startup Time": 0.038, "Actual Total Time": 0.038, "Actual Rows": 6, "Actual Loops": 6, "Index Cond": "(id = ci.movie_id)", "Rows Removed by Index Recheck": 0, "Filter": "(production_year > 2010)", "Rows Removed by Filter": 0}]}]}, "Triggers": [], "Planner Runtime": 8.278, "Total Runtime": 129.388, "Unique SQL Id": 4208751436}}, "(16, '10')": {"explain_plan": {"Plan": {"Node Type": "Aggregate", "Strategy": "Plain", "Startup Cost": 147588.39, "Total Cost": 147588.4, "Plan Rows": 1, "Plan Width": 144, "Plans": [{"Node Type": "Nested Loop", "Parent Relationship": "Outer", "Join Type": "Inner", "Startup Cost": 124802.66, "Total Cost": 147586.76, "Plan Rows": 218, "Plan Width": 48, "Inner Unique": false, "Join Filter": "(mk.keyword_id = k.id)", "Plans": [{"Node Type": "Seq Scan", "Parent Relationship": "Outer", "Relation Name": "keyword", "Alias": "k", "Startup Cost": 0.0, "Total Cost": 2436.11, "Plan Rows": 1, "Plan Width": 20, "Filter": "((keyword)::text = 'marvel-cinematic-universe'::text)"}, {"Node Type": "Materialize", "Parent Relationship": "Inner", "Startup Cost": 124802.66, "Total Cost": 145075.11, "Plan Rows": 7553, "Plan Width": 36, "Plans": [{"Node Type": "Hash Join", "Parent Relationship": "Outer", "Join Type": "Inner", "Startup Cost": 124802.66, "Total Cost": 145056.23, "Plan Rows": 7553, "Plan Width": 36, "Inner Unique": true, "Hash Cond": "(mk.movie_id = t.id)", "Plans": [{"Node Type": "Streaming(type: LOCAL GATHER dop: 1/16)", "Parent Relationship": "Outer", "Startup Cost": 113010.1, "Total Cost": 133161.91, "Plan Rows": 6997, "Plan Width": 27, "Plans": [{"Node Type": "Hash Join", "Parent Relationship": "Outer", "Join Type": "Inner", "Startup Cost": 113010.1, "Total Cost": 133010.9, "Plan Rows": 6997, "Plan Width": 27, "Inner Unique": false, "Hash Cond": "(mk.movie_id = ci.movie_id)", "Plans": [{"Node Type": "Seq Scan", "Parent Relationship": "Outer", "Relation Name": "movie_keyword", "Alias": "mk", "Startup Cost": 0.0, "Total Cost": 18902.58, "Plan Rows": 4523929, "Plan Width": 8}, {"Node Type": "Hash", "Parent Relationship": "Inner", "Startup Cost": 112916.1, "Total Cost": 112916.1, "Plan Rows": 120320, "Plan Width": 19, "Plans": [{"Node Type": "Streaming(type: BROADCAST dop: 16/16)", "Parent Relationship": "Outer", "Startup Cost": 36490.21, "Total Cost": 112916.1, "Plan Rows": 120320, "Plan Width": 19, "Plans": [{"Node Type": "Hash Join", "Parent Relationship": "Outer", "Join Type": "Inner", "Startup Cost": 36490.21, "Total Cost": 97610.6, "Plan Rows": 7520, "Plan Width": 19, "Inner Unique": true, "Hash Cond": "(ci.person_id = n.id)", "Plans": [{"Node Type": "Seq Scan", "Parent Relationship": "Outer", "Relation Name": "cast_info", "Alias": "ci", "Startup Cost": 0.0, "Total Cost": 52617.37, "Plan Rows": 36259494, "Plan Width": 8}, {"Node Type": "Hash", "Parent Relationship": "Inner", "Startup Cost": 36485.02, "Total Cost": 36485.02, "Plan Rows": 6640, "Plan Width": 19, "Plans": [{"Node Type": "Streaming(type: BROADCAST dop: 16/16)", "Parent Relationship": "Outer", "Startup Cost": 0.0, "Total Cost": 36485.02, "Plan Rows": 6640, "Plan Width": 19, "Plans": [{"Node Type": "Seq Scan", "Parent Relationship": "Outer", "Relation Name": "name", "Alias": "n", "Startup Cost": 0.0, "Total Cost": 21468.16, "Plan Rows": 415, "Plan Width": 19, "Filter": "((name)::text ~~ '%Downey%Robert%'::text)"}]}]}]}]}]}]}]}, {"Node Type": "Hash", "Parent Relationship": "Inner", "Startup Cost": 27597.68, "Total Cost": 27597.68, "Plan Rows": 391451, "Plan Width": 21, "Plans": [{"Node Type": "Streaming(type: LOCAL GATHER dop: 1/16)", "Parent Relationship": "Outer", "Startup Cost": 0.0, "Total Cost": 27597.68, "Plan Rows": 391451, "Plan Width": 21, "Plans": [{"Node Type": "Seq Scan", "Parent Relationship": "Outer", "Relation Name": "title", "Alias": "t", "Startup Cost": 0.0, "Total Cost": 19149.37, "Plan Rows": 391451, "Plan Width": 21, "Filter": "(production_year > 2010), (LLVM Optimized)"}]}]}]}]}]}]}, "Unique SQL Id": 4208751436, "Planner Runtime": 20}, "explain_analyze_plan": null}, "(16, '11')": {"explain_plan": {"Plan": {"Node Type": "Aggregate", "Strategy": "Plain", "Startup Cost": 4973004114307.04, "Total Cost": 4973004114307.05, "Plan Rows": 1, "Plan Width": 144, "Plans": [{"Node Type": "Merge Join", "Parent Relationship": "Outer", "Join Type": "Inner", "Startup Cost": 50152554249.12, "Total Cost": 4973004114305.4, "Plan Rows": 218, "Plan Width": 48, "Inner Unique": true, "Merge Cond": "(mk.movie_id = t.id)", "Plans": [{"Node Type": "Nested Loop", "Parent Relationship": "Outer", "Join Type": "Inner", "Startup Cost": 40031158317.15, "Total Cost": 3973963636653.18, "Plan Rows": 202, "Plan Width": 39, "Inner Unique": false, "Join Filter": "(ci.movie_id = mk.movie_id)", "Plans": [{"Node Type": "Nested Loop", "Parent Relationship": "Outer", "Join Type": "Inner", "Startup Cost": 20000000000.0, "Total Cost": 2000015686764.79, "Plan Rows": 33, "Plan Width": 20, "Inner Unique": true, "Join Filter": "(k.id = mk.keyword_id)", "Plans": [{"Node Type": "Index Scan", "Parent Relationship": "Outer", "Scan Direction": "Forward", "Index Name": "movie_id_movie_keyword", "Relation Name": "movie_keyword", "Alias": "mk", "Startup Cost": 10000000000.0, "Total Cost": 1000015300634.17, "Plan Rows": 4523929, "Plan Width": 8}, {"Node Type": "Materialize", "Parent Relationship": "Inner", "Startup Cost": 10000000000.0, "Total Cost": 1000000318271.69, "Plan Rows": 1, "Plan Width": 20, "Plans": [{"Node Type": "Index Scan", "Parent Relationship": "Outer", "Scan Direction": "Forward", "Index Name": "keyword_pkey", "Relation Name": "keyword", "Alias": "k", "Startup Cost": 10000000000.0, "Total Cost": 1000000318271.68, "Plan Rows": 1, "Plan Width": 20, "Filter": "((keyword)::text = 'marvel-cinematic-universe'::text)"}]}]}, {"Node Type": "Materialize", "Parent Relationship": "Inner", "Startup Cost": 20031158317.15, "Total Cost": 1973947946184.79, "Plan Rows": 7520, "Plan Width": 19, "Plans": [{"Node Type": "Merge Join", "Parent Relationship": "Outer", "Join Type": "Inner", "Startup Cost": 20031158317.15, "Total Cost": 1973947946147.19, "Plan Rows": 7520, "Plan Width": 19, "Inner Unique": true, "Merge Cond": "(ci.person_id = n.id)", "Plans": [{"Node Type": "Index Scan", "Parent Relationship": "Outer", "Scan Direction": "Forward", "Index Name": "person_id_cast_info", "Relation Name": "cast_info", "Alias": "ci", "Startup Cost": 10000000000.0, "Total Cost": 1000170648833.21, "Plan Rows": 36259494, "Plan Width": 8}, {"Node Type": "Materialize", "Parent Relationship": "Inner", "Startup Cost": 10000000000.0, "Total Cost": 1000018665148.24, "Plan Rows": 415, "Plan Width": 19, "Plans": [{"Node Type": "Index Scan", "Parent Relationship": "Outer", "Scan Direction": "Forward", "Index Name": "name_pkey", "Relation Name": "name", "Alias": "n", "Startup Cost": 10000000000.0, "Total Cost": 1000018665147.2, "Plan Rows": 415, "Plan Width": 19, "Filter": "((name)::text ~~ '%Downey%Robert%'::text)"}]}]}]}]}, {"Node Type": "Index Scan", "Parent Relationship": "Inner", "Scan Direction": "Forward", "Index Name": "title_pkey", "Relation Name": "title", "Alias": "t", "Startup Cost": 10000000000.0, "Total Cost": 1000011644126.66, "Plan Rows": 391451, "Plan Width": 21, "Filter": "(production_year > 2010), (LLVM Optimized)"}]}]}, "Unique SQL Id": 4208751436, "Planner Runtime": 13}, "explain_analyze_plan": null}, "(16, '12')": {"explain_plan": {"Plan": {"Node Type": "Aggregate", "Strategy": "Plain", "Startup Cost": 2657.42, "Total Cost": 2657.43, "Plan Rows": 1, "Plan Width": 144, "Plans": [{"Node Type": "Nested Loop", "Parent Relationship": "Outer", "Join Type": "Inner", "Startup Cost": 0.0, "Total Cost": 2657.41, "Plan Rows": 1, "Plan Width": 48, "Inner Unique": true, "Join Filter": "(mk.movie_id = t.id)", "Plans": [{"Node Type": "Nested Loop", "Parent Relationship": "Outer", "Join Type": "Inner", "Startup Cost": 0.0, "Total Cost": 2657.12, "Plan Rows": 1, "Plan Width": 39, "Inner Unique": true, "Plans": [{"Node Type": "Nested Loop", "Parent Relationship": "Outer", "Join Type": "Inner", "Startup Cost": 0.0, "Total Cost": 2598.56, "Plan Rows": 202, "Plan Width": 28, "Inner Unique": false, "Plans": [{"Node Type": "Nested Loop", "Parent Relationship": "Outer", "Join Type": "Inner", "Startup Cost": 0.0, "Total Cost": 2573.32, "Plan Rows": 33, "Plan Width": 20, "Inner Unique": false, "Plans": [{"Node Type": "Seq Scan", "Parent Relationship": "Outer", "Relation Name": "keyword", "Alias": "k", "Startup Cost": 0.0, "Total Cost": 2436.11, "Plan Rows": 1, "Plan Width": 20, "Filter": "((keyword)::text = 'marvel-cinematic-universe'::text)"}, {"Node Type": "Index Scan", "Parent Relationship": "Inner", "Scan Direction": "Forward", "Index Name": "keyword_id_movie_keyword", "Relation Name": "movie_keyword", "Alias": "mk", "Startup Cost": 0.0, "Total Cost": 136.88, "Plan Rows": 33, "Plan Width": 8, "Index Cond": "(keyword_id = k.id)"}]}, {"Node Type": "Index Scan", "Parent Relationship": "Inner", "Scan Direction": "Forward", "Index Name": "movie_id_cast_info", "Relation Name": "cast_info", "Alias": "ci", "Startup Cost": 0.0, "Total Cost": 0.7, "Plan Rows": 6, "Plan Width": 8, "Index Cond": "(movie_id = mk.movie_id)"}]}, {"Node Type": "Index Scan", "Parent Relationship": "Inner", "Scan Direction": "Forward", "Index Name": "name_pkey", "Relation Name": "name", "Alias": "n", "Startup Cost": 0.0, "Total Cost": 0.28, "Plan Rows": 1, "Plan Width": 19, "Index Cond": "(id = ci.person_id)", "Filter": "((name)::text ~~ '%Downey%Robert%'::text)"}]}, {"Node Type": "Index Scan", "Parent Relationship": "Inner", "Scan Direction": "Forward", "Index Name": "title_pkey", "Relation Name": "title", "Alias": "t", "Startup Cost": 0.0, "Total Cost": 0.28, "Plan Rows": 1, "Plan Width": 21, "Index Cond": "(id = ci.movie_id)", "Filter": "(production_year > 2010)"}]}]}, "Unique SQL Id": 4208751436, "Planner Runtime": 9}, "explain_analyze_plan": {"Plan": {"Node Type": "Aggregate", "Strategy": "Plain", "Startup Cost": 2657.42, "Total Cost": 2657.43, "Plan Rows": 1, "Plan Width": 144, "Actual Startup Time": 49.573, "Actual Total Time": 49.573, "Actual Rows": 1, "Actual Loops": 1, "Plans": [{"Node Type": "Nested Loop", "Parent Relationship": "Outer", "Join Type": "Inner", "Startup Cost": 0.0, "Total Cost": 2657.41, "Plan Rows": 1, "Plan Width": 48, "Actual Startup Time": 2.65, "Actual Total Time": 49.529, "Actual Rows": 6, "Actual Loops": 1, "Inner Unique": true, "Join Filter": "(mk.movie_id = t.id)", "Rows Removed by Join Filter": 0, "Plans": [{"Node Type": "Nested Loop", "Parent Relationship": "Outer", "Join Type": "Inner", "Startup Cost": 0.0, "Total Cost": 2657.12, "Plan Rows": 1, "Plan Width": 39, "Actual Startup Time": 2.627, "Actual Total Time": 49.472, "Actual Rows": 6, "Actual Loops": 1, "Inner Unique": true, "Plans": [{"Node Type": "Nested Loop", "Parent Relationship": "Outer", "Join Type": "Inner", "Startup Cost": 0.0, "Total Cost": 2598.56, "Plan Rows": 202, "Plan Width": 28, "Actual Startup Time": 1.088, "Actual Total Time": 42.692, "Actual Rows": 1242, "Actual Loops": 1, "Inner Unique": false, "Plans": [{"Node Type": "Nested Loop", "Parent Relationship": "Outer", "Join Type": "Inner", "Startup Cost": 0.0, "Total Cost": 2573.32, "Plan Rows": 33, "Plan Width": 20, "Actual Startup Time": 1.074, "Actual Total Time": 40.525, "Actual Rows": 14, "Actual Loops": 1, "Inner Unique": false, "Plans": [{"Node Type": "Seq Scan", "Parent Relationship": "Outer", "Relation Name": "keyword", "Alias": "k", "Startup Cost": 0.0, "Total Cost": 2436.11, "Plan Rows": 1, "Plan Width": 20, "Actual Startup Time": 1.052, "Actual Total Time": 40.474, "Actual Rows": 1, "Actual Loops": 1, "Filter": "((keyword)::text = 'marvel-cinematic-universe'::text)", "Rows Removed by Filter": 134168}, {"Node Type": "Index Scan", "Parent Relationship": "Inner", "Scan Direction": "Forward", "Index Name": "keyword_id_movie_keyword", "Relation Name": "movie_keyword", "Alias": "mk", "Startup Cost": 0.0, "Total Cost": 136.88, "Plan Rows": 33, "Plan Width": 8, "Actual Startup Time": 0.016, "Actual Total Time": 0.039, "Actual Rows": 14, "Actual Loops": 1, "Index Cond": "(keyword_id = k.id)", "Rows Removed by Index Recheck": 0}]}, {"Node Type": "Index Scan", "Parent Relationship": "Inner", "Scan Direction": "Forward", "Index Name": "movie_id_cast_info", "Relation Name": "cast_info", "Alias": "ci", "Startup Cost": 0.0, "Total Cost": 0.7, "Plan Rows": 6, "Plan Width": 8, "Actual Startup Time": 0.16, "Actual Total Time": 1.838, "Actual Rows": 1242, "Actual Loops": 14, "Index Cond": "(movie_id = mk.movie_id)", "Rows Removed by Index Recheck": 0}]}, {"Node Type": "Index Scan", "Parent Relationship": "Inner", "Scan Direction": "Forward", "Index Name": "name_pkey", "Relation Name": "name", "Alias": "n", "Startup Cost": 0.0, "Total Cost": 0.28, "Plan Rows": 1, "Plan Width": 19, "Actual Startup Time": 6.167, "Actual Total Time": 6.167, "Actual Rows": 6, "Actual Loops": 1242, "Index Cond": "(id = ci.person_id)", "Rows Removed by Index Recheck": 0, "Filter": "((name)::text ~~ '%Downey%Robert%'::text)", "Rows Removed by Filter": 1236}]}, {"Node Type": "Index Scan", "Parent Relationship": "Inner", "Scan Direction": "Forward", "Index Name": "title_pkey", "Relation Name": "title", "Alias": "t", "Startup Cost": 0.0, "Total Cost": 0.28, "Plan Rows": 1, "Plan Width": 21, "Actual Startup Time": 0.038, "Actual Total Time": 0.038, "Actual Rows": 6, "Actual Loops": 6, "Index Cond": "(id = ci.movie_id)", "Rows Removed by Index Recheck": 0, "Filter": "(production_year > 2010)", "Rows Removed by Filter": 0}]}]}, "Triggers": [], "Planner Runtime": 8.574, "Total Runtime": 49.842, "Unique SQL Id": 4208751436}}, "(16, '13')": {"explain_plan": {"Plan": {"Node Type": "Aggregate", "Strategy": "Plain", "Startup Cost": 3404.02, "Total Cost": 3404.03, "Plan Rows": 1, "Plan Width": 144, "Plans": [{"Node Type": "Nested Loop", "Parent Relationship": "Outer", "Join Type": "Inner", "Startup Cost": 0.0, "Total Cost": 3404.01, "Plan Rows": 1, "Plan Width": 48, "Inner Unique": true, "Join Filter": "(mk.movie_id = t.id)", "Plans": [{"Node Type": "Nested Loop", "Parent Relationship": "Outer", "Join Type": "Inner", "Startup Cost": 0.0, "Total Cost": 3403.72, "Plan Rows": 1, "Plan Width": 39, "Inner Unique": true, "Plans": [{"Node Type": "Nested Loop", "Parent Relationship": "Outer", "Join Type": "Inner", "Startup Cost": 0.0, "Total Cost": 3345.17, "Plan Rows": 202, "Plan Width": 28, "Inner Unique": false, "Plans": [{"Node Type": "Nested Loop", "Parent Relationship": "Outer", "Join Type": "Inner", "Startup Cost": 0.0, "Total Cost": 3319.92, "Plan Rows": 33, "Plan Width": 20, "Inner Unique": false, "Plans": [{"Node Type": "Index Scan", "Parent Relationship": "Outer", "Scan Direction": "Forward", "Index Name": "keyword_pkey", "Relation Name": "keyword", "Alias": "k", "Startup Cost": 0.0, "Total Cost": 3182.72, "Plan Rows": 1, "Plan Width": 20, "Filter": "((keyword)::text = 'marvel-cinematic-universe'::text)"}, {"Node Type": "Index Scan", "Parent Relationship": "Inner", "Scan Direction": "Forward", "Index Name": "keyword_id_movie_keyword", "Relation Name": "movie_keyword", "Alias": "mk", "Startup Cost": 0.0, "Total Cost": 136.88, "Plan Rows": 33, "Plan Width": 8, "Index Cond": "(keyword_id = k.id)"}]}, {"Node Type": "Index Scan", "Parent Relationship": "Inner", "Scan Direction": "Forward", "Index Name": "movie_id_cast_info", "Relation Name": "cast_info", "Alias": "ci", "Startup Cost": 0.0, "Total Cost": 0.7, "Plan Rows": 6, "Plan Width": 8, "Index Cond": "(movie_id = mk.movie_id)"}]}, {"Node Type": "Index Scan", "Parent Relationship": "Inner", "Scan Direction": "Forward", "Index Name": "name_pkey", "Relation Name": "name", "Alias": "n", "Startup Cost": 0.0, "Total Cost": 0.28, "Plan Rows": 1, "Plan Width": 19, "Index Cond": "(id = ci.person_id)", "Filter": "((name)::text ~~ '%Downey%Robert%'::text)"}]}, {"Node Type": "Index Scan", "Parent Relationship": "Inner", "Scan Direction": "Forward", "Index Name": "title_pkey", "Relation Name": "title", "Alias": "t", "Startup Cost": 0.0, "Total Cost": 0.28, "Plan Rows": 1, "Plan Width": 21, "Index Cond": "(id = ci.movie_id)", "Filter": "(production_year > 2010)"}]}]}, "Unique SQL Id": 4208751436, "Planner Runtime": 8}, "explain_analyze_plan": {"Plan": {"Node Type": "Aggregate", "Strategy": "Plain", "Startup Cost": 3404.02, "Total Cost": 3404.03, "Plan Rows": 1, "Plan Width": 144, "Actual Startup Time": 129.093, "Actual Total Time": 129.094, "Actual Rows": 1, "Actual Loops": 1, "Plans": [{"Node Type": "Nested Loop", "Parent Relationship": "Outer", "Join Type": "Inner", "Startup Cost": 0.0, "Total Cost": 3404.01, "Plan Rows": 1, "Plan Width": 48, "Actual Startup Time": 8.547, "Actual Total Time": 129.04, "Actual Rows": 6, "Actual Loops": 1, "Inner Unique": true, "Join Filter": "(mk.movie_id = t.id)", "Rows Removed by Join Filter": 0, "Plans": [{"Node Type": "Nested Loop", "Parent Relationship": "Outer", "Join Type": "Inner", "Startup Cost": 0.0, "Total Cost": 3403.72, "Plan Rows": 1, "Plan Width": 39, "Actual Startup Time": 8.53, "Actual Total Time": 128.988, "Actual Rows": 6, "Actual Loops": 1, "Inner Unique": true, "Plans": [{"Node Type": "Nested Loop", "Parent Relationship": "Outer", "Join Type": "Inner", "Startup Cost": 0.0, "Total Cost": 3345.17, "Plan Rows": 202, "Plan Width": 28, "Actual Startup Time": 6.99, "Actual Total Time": 122.056, "Actual Rows": 1242, "Actual Loops": 1, "Inner Unique": false, "Plans": [{"Node Type": "Nested Loop", "Parent Relationship": "Outer", "Join Type": "Inner", "Startup Cost": 0.0, "Total Cost": 3319.92, "Plan Rows": 33, "Plan Width": 20, "Actual Startup Time": 6.977, "Actual Total Time": 119.872, "Actual Rows": 14, "Actual Loops": 1, "Inner Unique": false, "Plans": [{"Node Type": "Index Scan", "Parent Relationship": "Outer", "Scan Direction": "Forward", "Index Name": "keyword_pkey", "Relation Name": "keyword", "Alias": "k", "Startup Cost": 0.0, "Total Cost": 3182.72, "Plan Rows": 1, "Plan Width": 20, "Actual Startup Time": 6.958, "Actual Total Time": 119.824, "Actual Rows": 1, "Actual Loops": 1, "Filter": "((keyword)::text = 'marvel-cinematic-universe'::text)", "Rows Removed by Filter": 134168}, {"Node Type": "Index Scan", "Parent Relationship": "Inner", "Scan Direction": "Forward", "Index Name": "keyword_id_movie_keyword", "Relation Name": "movie_keyword", "Alias": "mk", "Startup Cost": 0.0, "Total Cost": 136.88, "Plan Rows": 33, "Plan Width": 8, "Actual Startup Time": 0.012, "Actual Total Time": 0.032, "Actual Rows": 14, "Actual Loops": 1, "Index Cond": "(keyword_id = k.id)", "Rows Removed by Index Recheck": 0}]}, {"Node Type": "Index Scan", "Parent Relationship": "Inner", "Scan Direction": "Forward", "Index Name": "movie_id_cast_info", "Relation Name": "cast_info", "Alias": "ci", "Startup Cost": 0.0, "Total Cost": 0.7, "Plan Rows": 6, "Plan Width": 8, "Actual Startup Time": 0.158, "Actual Total Time": 1.852, "Actual Rows": 1242, "Actual Loops": 14, "Index Cond": "(movie_id = mk.movie_id)", "Rows Removed by Index Recheck": 0}]}, {"Node Type": "Index Scan", "Parent Relationship": "Inner", "Scan Direction": "Forward", "Index Name": "name_pkey", "Relation Name": "name", "Alias": "n", "Startup Cost": 0.0, "Total Cost": 0.28, "Plan Rows": 1, "Plan Width": 19, "Actual Startup Time": 6.301, "Actual Total Time": 6.301, "Actual Rows": 6, "Actual Loops": 1242, "Index Cond": "(id = ci.person_id)", "Rows Removed by Index Recheck": 0, "Filter": "((name)::text ~~ '%Downey%Robert%'::text)", "Rows Removed by Filter": 1236}]}, {"Node Type": "Index Scan", "Parent Relationship": "Inner", "Scan Direction": "Forward", "Index Name": "title_pkey", "Relation Name": "title", "Alias": "t", "Startup Cost": 0.0, "Total Cost": 0.28, "Plan Rows": 1, "Plan Width": 21, "Actual Startup Time": 0.038, "Actual Total Time": 0.038, "Actual Rows": 6, "Actual Loops": 6, "Index Cond": "(id = ci.movie_id)", "Rows Removed by Index Recheck": 0, "Filter": "(production_year > 2010)", "Rows Removed by Filter": 0}]}]}, "Triggers": [], "Planner Runtime": 8.278, "Total Runtime": 129.388, "Unique SQL Id": 4208751436}}, "(16, '14')": {"explain_plan": {"Plan": {"Node Type": "Aggregate", "Strategy": "Plain", "Startup Cost": 147588.39, "Total Cost": 147588.4, "Plan Rows": 1, "Plan Width": 144, "Plans": [{"Node Type": "Nested Loop", "Parent Relationship": "Outer", "Join Type": "Inner", "Startup Cost": 124802.66, "Total Cost": 147586.76, "Plan Rows": 218, "Plan Width": 48, "Inner Unique": false, "Join Filter": "(mk.keyword_id = k.id)", "Plans": [{"Node Type": "Seq Scan", "Parent Relationship": "Outer", "Relation Name": "keyword", "Alias": "k", "Startup Cost": 0.0, "Total Cost": 2436.11, "Plan Rows": 1, "Plan Width": 20, "Filter": "((keyword)::text = 'marvel-cinematic-universe'::text)"}, {"Node Type": "Materialize", "Parent Relationship": "Inner", "Startup Cost": 124802.66, "Total Cost": 145075.11, "Plan Rows": 7553, "Plan Width": 36, "Plans": [{"Node Type": "Hash Join", "Parent Relationship": "Outer", "Join Type": "Inner", "Startup Cost": 124802.66, "Total Cost": 145056.23, "Plan Rows": 7553, "Plan Width": 36, "Inner Unique": true, "Hash Cond": "(mk.movie_id = t.id)", "Plans": [{"Node Type": "Streaming(type: LOCAL GATHER dop: 1/16)", "Parent Relationship": "Outer", "Startup Cost": 113010.1, "Total Cost": 133161.91, "Plan Rows": 6997, "Plan Width": 27, "Plans": [{"Node Type": "Hash Join", "Parent Relationship": "Outer", "Join Type": "Inner", "Startup Cost": 113010.1, "Total Cost": 133010.9, "Plan Rows": 6997, "Plan Width": 27, "Inner Unique": false, "Hash Cond": "(mk.movie_id = ci.movie_id)", "Plans": [{"Node Type": "Seq Scan", "Parent Relationship": "Outer", "Relation Name": "movie_keyword", "Alias": "mk", "Startup Cost": 0.0, "Total Cost": 18902.58, "Plan Rows": 4523929, "Plan Width": 8}, {"Node Type": "Hash", "Parent Relationship": "Inner", "Startup Cost": 112916.1, "Total Cost": 112916.1, "Plan Rows": 120320, "Plan Width": 19, "Plans": [{"Node Type": "Streaming(type: BROADCAST dop: 16/16)", "Parent Relationship": "Outer", "Startup Cost": 36490.21, "Total Cost": 112916.1, "Plan Rows": 120320, "Plan Width": 19, "Plans": [{"Node Type": "Hash Join", "Parent Relationship": "Outer", "Join Type": "Inner", "Startup Cost": 36490.21, "Total Cost": 97610.6, "Plan Rows": 7520, "Plan Width": 19, "Inner Unique": true, "Hash Cond": "(ci.person_id = n.id)", "Plans": [{"Node Type": "Seq Scan", "Parent Relationship": "Outer", "Relation Name": "cast_info", "Alias": "ci", "Startup Cost": 0.0, "Total Cost": 52617.37, "Plan Rows": 36259494, "Plan Width": 8}, {"Node Type": "Hash", "Parent Relationship": "Inner", "Startup Cost": 36485.02, "Total Cost": 36485.02, "Plan Rows": 6640, "Plan Width": 19, "Plans": [{"Node Type": "Streaming(type: BROADCAST dop: 16/16)", "Parent Relationship": "Outer", "Startup Cost": 0.0, "Total Cost": 36485.02, "Plan Rows": 6640, "Plan Width": 19, "Plans": [{"Node Type": "Seq Scan", "Parent Relationship": "Outer", "Relation Name": "name", "Alias": "n", "Startup Cost": 0.0, "Total Cost": 21468.16, "Plan Rows": 415, "Plan Width": 19, "Filter": "((name)::text ~~ '%Downey%Robert%'::text)"}]}]}]}]}]}]}]}, {"Node Type": "Hash", "Parent Relationship": "Inner", "Startup Cost": 27597.68, "Total Cost": 27597.68, "Plan Rows": 391451, "Plan Width": 21, "Plans": [{"Node Type": "Streaming(type: LOCAL GATHER dop: 1/16)", "Parent Relationship": "Outer", "Startup Cost": 0.0, "Total Cost": 27597.68, "Plan Rows": 391451, "Plan Width": 21, "Plans": [{"Node Type": "Seq Scan", "Parent Relationship": "Outer", "Relation Name": "title", "Alias": "t", "Startup Cost": 0.0, "Total Cost": 19149.37, "Plan Rows": 391451, "Plan Width": 21, "Filter": "(production_year > 2010), (LLVM Optimized)"}]}]}]}]}]}]}, "Unique SQL Id": 4208751436, "Planner Runtime": 19}, "explain_analyze_plan": null}, "(16, '15')": {"explain_plan": {"Plan": {"Node Type": "Aggregate", "Strategy": "Plain", "Startup Cost": 4973004114307.04, "Total Cost": 4973004114307.05, "Plan Rows": 1, "Plan Width": 144, "Plans": [{"Node Type": "Merge Join", "Parent Relationship": "Outer", "Join Type": "Inner", "Startup Cost": 50152554249.12, "Total Cost": 4973004114305.4, "Plan Rows": 218, "Plan Width": 48, "Inner Unique": true, "Merge Cond": "(mk.movie_id = t.id)", "Plans": [{"Node Type": "Nested Loop", "Parent Relationship": "Outer", "Join Type": "Inner", "Startup Cost": 40031158317.15, "Total Cost": 3973963636653.18, "Plan Rows": 202, "Plan Width": 39, "Inner Unique": false, "Join Filter": "(ci.movie_id = mk.movie_id)", "Plans": [{"Node Type": "Nested Loop", "Parent Relationship": "Outer", "Join Type": "Inner", "Startup Cost": 20000000000.0, "Total Cost": 2000015686764.79, "Plan Rows": 33, "Plan Width": 20, "Inner Unique": true, "Join Filter": "(k.id = mk.keyword_id)", "Plans": [{"Node Type": "Index Scan", "Parent Relationship": "Outer", "Scan Direction": "Forward", "Index Name": "movie_id_movie_keyword", "Relation Name": "movie_keyword", "Alias": "mk", "Startup Cost": 10000000000.0, "Total Cost": 1000015300634.17, "Plan Rows": 4523929, "Plan Width": 8}, {"Node Type": "Materialize", "Parent Relationship": "Inner", "Startup Cost": 10000000000.0, "Total Cost": 1000000318271.69, "Plan Rows": 1, "Plan Width": 20, "Plans": [{"Node Type": "Index Scan", "Parent Relationship": "Outer", "Scan Direction": "Forward", "Index Name": "keyword_pkey", "Relation Name": "keyword", "Alias": "k", "Startup Cost": 10000000000.0, "Total Cost": 1000000318271.68, "Plan Rows": 1, "Plan Width": 20, "Filter": "((keyword)::text = 'marvel-cinematic-universe'::text)"}]}]}, {"Node Type": "Materialize", "Parent Relationship": "Inner", "Startup Cost": 20031158317.15, "Total Cost": 1973947946184.79, "Plan Rows": 7520, "Plan Width": 19, "Plans": [{"Node Type": "Merge Join", "Parent Relationship": "Outer", "Join Type": "Inner", "Startup Cost": 20031158317.15, "Total Cost": 1973947946147.19, "Plan Rows": 7520, "Plan Width": 19, "Inner Unique": true, "Merge Cond": "(ci.person_id = n.id)", "Plans": [{"Node Type": "Index Scan", "Parent Relationship": "Outer", "Scan Direction": "Forward", "Index Name": "person_id_cast_info", "Relation Name": "cast_info", "Alias": "ci", "Startup Cost": 10000000000.0, "Total Cost": 1000170648833.21, "Plan Rows": 36259494, "Plan Width": 8}, {"Node Type": "Materialize", "Parent Relationship": "Inner", "Startup Cost": 10000000000.0, "Total Cost": 1000018665148.24, "Plan Rows": 415, "Plan Width": 19, "Plans": [{"Node Type": "Index Scan", "Parent Relationship": "Outer", "Scan Direction": "Forward", "Index Name": "name_pkey", "Relation Name": "name", "Alias": "n", "Startup Cost": 10000000000.0, "Total Cost": 1000018665147.2, "Plan Rows": 415, "Plan Width": 19, "Filter": "((name)::text ~~ '%Downey%Robert%'::text)"}]}]}]}]}, {"Node Type": "Index Scan", "Parent Relationship": "Inner", "Scan Direction": "Forward", "Index Name": "title_pkey", "Relation Name": "title", "Alias": "t", "Startup Cost": 10000000000.0, "Total Cost": 1000011644126.66, "Plan Rows": 391451, "Plan Width": 21, "Filter": "(production_year > 2010), (LLVM Optimized)"}]}]}, "Unique SQL Id": 4208751436, "Planner Runtime": 13}, "explain_analyze_plan": null}, "(16, '16')": {"explain_plan": {"Plan": {"Node Type": "Aggregate", "Strategy": "Plain", "Startup Cost": 2653.12, "Total Cost": 2653.13, "Plan Rows": 1, "Plan Width": 144, "Plans": [{"Node Type": "Nested Loop", "Parent Relationship": "Outer", "Join Type": "Inner", "Startup Cost": 4.51, "Total Cost": 2653.12, "Plan Rows": 1, "Plan Width": 48, "Inner Unique": true, "Join Filter": "(mk.movie_id = t.id)", "Plans": [{"Node Type": "Nested Loop", "Parent Relationship": "Outer", "Join Type": "Inner", "Startup Cost": 4.51, "Total Cost": 2652.83, "Plan Rows": 1, "Plan Width": 39, "Inner Unique": true, "Plans": [{"Node Type": "Nested Loop", "Parent Relationship": "Outer", "Join Type": "Inner", "Startup Cost": 4.51, "Total Cost": 2594.27, "Plan Rows": 202, "Plan Width": 28, "Inner Unique": false, "Plans": [{"Node Type": "Nested Loop", "Parent Relationship": "Outer", "Join Type": "Inner", "Startup Cost": 4.51, "Total Cost": 2569.02, "Plan Rows": 33, "Plan Width": 20, "Inner Unique": false, "Plans": [{"Node Type": "Seq Scan", "Parent Relationship": "Outer", "Relation Name": "keyword", "Alias": "k", "Startup Cost": 0.0, "Total Cost": 2436.11, "Plan Rows": 1, "Plan Width": 20, "Filter": "((keyword)::text = 'marvel-cinematic-universe'::text)"}, {"Node Type": "Bitmap Heap Scan", "Parent Relationship": "Inner", "Relation Name": "movie_keyword", "Alias": "mk", "Startup Cost": 4.51, "Total Cost": 132.58, "Plan Rows": 33, "Plan Width": 8, "Recheck Cond": "(keyword_id = k.id)", "Plans": [{"Node Type": "Bitmap Index Scan", "Parent Relationship": "Outer", "Index Name": "keyword_id_movie_keyword", "Startup Cost": 0.0, "Total Cost": 4.5, "Plan Rows": 33, "Plan Width": 0, "Index Cond": "(keyword_id = k.id)"}]}]}, {"Node Type": "Index Scan", "Parent Relationship": "Inner", "Scan Direction": "Forward", "Index Name": "movie_id_cast_info", "Relation Name": "cast_info", "Alias": "ci", "Startup Cost": 0.0, "Total Cost": 0.7, "Plan Rows": 6, "Plan Width": 8, "Index Cond": "(movie_id = mk.movie_id)"}]}, {"Node Type": "Index Scan", "Parent Relationship": "Inner", "Scan Direction": "Forward", "Index Name": "name_pkey", "Relation Name": "name", "Alias": "n", "Startup Cost": 0.0, "Total Cost": 0.28, "Plan Rows": 1, "Plan Width": 19, "Index Cond": "(id = ci.person_id)", "Filter": "((name)::text ~~ '%Downey%Robert%'::text)"}]}, {"Node Type": "Index Scan", "Parent Relationship": "Inner", "Scan Direction": "Forward", "Index Name": "title_pkey", "Relation Name": "title", "Alias": "t", "Startup Cost": 0.0, "Total Cost": 0.28, "Plan Rows": 1, "Plan Width": 21, "Index Cond": "(id = ci.movie_id)", "Filter": "(production_year > 2010)"}]}]}, "Unique SQL Id": 4208751436, "Planner Runtime": 5}, "explain_analyze_plan": {"Plan": {"Node Type": "Aggregate", "Strategy": "Plain", "Startup Cost": 2653.12, "Total Cost": 2653.13, "Plan Rows": 1, "Plan Width": 144, "Actual Startup Time": 49.672, "Actual Total Time": 49.672, "Actual Rows": 1, "Actual Loops": 1, "Plans": [{"Node Type": "Nested Loop", "Parent Relationship": "Outer", "Join Type": "Inner", "Startup Cost": 4.51, "Total Cost": 2653.12, "Plan Rows": 1, "Plan Width": 48, "Actual Startup Time": 2.684, "Actual Total Time": 49.638, "Actual Rows": 6, "Actual Loops": 1, "Inner Unique": true, "Join Filter": "(mk.movie_id = t.id)", "Rows Removed by Join Filter": 0, "Plans": [{"Node Type": "Nested Loop", "Parent Relationship": "Outer", "Join Type": "Inner", "Startup Cost": 4.51, "Total Cost": 2652.83, "Plan Rows": 1, "Plan Width": 39, "Actual Startup Time": 2.651, "Actual Total Time": 49.565, "Actual Rows": 6, "Actual Loops": 1, "Inner Unique": true, "Plans": [{"Node Type": "Nested Loop", "Parent Relationship": "Outer", "Join Type": "Inner", "Startup Cost": 4.51, "Total Cost": 2594.27, "Plan Rows": 202, "Plan Width": 28, "Actual Startup Time": 1.11, "Actual Total Time": 42.722, "Actual Rows": 1242, "Actual Loops": 1, "Inner Unique": false, "Plans": [{"Node Type": "Nested Loop", "Parent Relationship": "Outer", "Join Type": "Inner", "Startup Cost": 4.51, "Total Cost": 2569.02, "Plan Rows": 33, "Plan Width": 20, "Actual Startup Time": 1.094, "Actual Total Time": 40.566, "Actual Rows": 14, "Actual Loops": 1, "Inner Unique": false, "Plans": [{"Node Type": "Seq Scan", "Parent Relationship": "Outer", "Relation Name": "keyword", "Alias": "k", "Startup Cost": 0.0, "Total Cost": 2436.11, "Plan Rows": 1, "Plan Width": 20, "Actual Startup Time": 1.054, "Actual Total Time": 40.487, "Actual Rows": 1, "Actual Loops": 1, "Filter": "((keyword)::text = 'marvel-cinematic-universe'::text)", "Rows Removed by Filter": 134168}, {"Node Type": "Bitmap Heap Scan", "Parent Relationship": "Inner", "Relation Name": "movie_keyword", "Alias": "mk", "Startup Cost": 4.51, "Total Cost": 132.58, "Plan Rows": 33, "Plan Width": 8, "Actual Startup Time": 0.033, "Actual Total Time": 0.066, "Actual Rows": 14, "Actual Loops": 1, "Recheck Cond": "(keyword_id = k.id)", "Rows Removed by Index Recheck": 0, "Exact Heap Blocks": 13, "Lossy Heap Blocks": 13, "Plans": [{"Node Type": "Bitmap Index Scan", "Parent Relationship": "Outer", "Index Name": "keyword_id_movie_keyword", "Startup Cost": 0.0, "Total Cost": 4.5, "Plan Rows": 33, "Plan Width": 0, "Actual Startup Time": 0.019, "Actual Total Time": 0.019, "Actual Rows": 14, "Actual Loops": 1, "Index Cond": "(keyword_id = k.id)"}]}]}, {"Node Type": "Index Scan", "Parent Relationship": "Inner", "Scan Direction": "Forward", "Index Name": "movie_id_cast_info", "Relation Name": "cast_info", "Alias": "ci", "Startup Cost": 0.0, "Total Cost": 0.7, "Plan Rows": 6, "Plan Width": 8, "Actual Startup Time": 0.166, "Actual Total Time": 1.857, "Actual Rows": 1242, "Actual Loops": 14, "Index Cond": "(movie_id = mk.movie_id)", "Rows Removed by Index Recheck": 0}]}, {"Node Type": "Index Scan", "Parent Relationship": "Inner", "Scan Direction": "Forward", "Index Name": "name_pkey", "Relation Name": "name", "Alias": "n", "Startup Cost": 0.0, "Total Cost": 0.28, "Plan Rows": 1, "Plan Width": 19, "Actual Startup Time": 6.233, "Actual Total Time": 6.233, "Actual Rows": 6, "Actual Loops": 1242, "Index Cond": "(id = ci.person_id)", "Rows Removed by Index Recheck": 0, "Filter": "((name)::text ~~ '%Downey%Robert%'::text)", "Rows Removed by Filter": 1236}]}, {"Node Type": "Index Scan", "Parent Relationship": "Inner", "Scan Direction": "Forward", "Index Name": "title_pkey", "Relation Name": "title", "Alias": "t", "Startup Cost": 0.0, "Total Cost": 0.28, "Plan Rows": 1, "Plan Width": 21, "Actual Startup Time": 0.047, "Actual Total Time": 0.047, "Actual Rows": 6, "Actual Loops": 6, "Index Cond": "(id = ci.movie_id)", "Rows Removed by Index Recheck": 0, "Filter": "(production_year > 2010)", "Rows Removed by Filter": 0}]}]}, "Triggers": [], "Planner Runtime": 8.753, "Total Runtime": 49.979, "Unique SQL Id": 4208751436}}, "(16, '17')": {"explain_plan": {"Plan": {"Node Type": "Aggregate", "Strategy": "Plain", "Startup Cost": 3399.73, "Total Cost": 3399.74, "Plan Rows": 1, "Plan Width": 144, "Plans": [{"Node Type": "Nested Loop", "Parent Relationship": "Outer", "Join Type": "Inner", "Startup Cost": 4.51, "Total Cost": 3399.72, "Plan Rows": 1, "Plan Width": 48, "Inner Unique": true, "Join Filter": "(mk.movie_id = t.id)", "Plans": [{"Node Type": "Nested Loop", "Parent Relationship": "Outer", "Join Type": "Inner", "Startup Cost": 4.51, "Total Cost": 3399.43, "Plan Rows": 1, "Plan Width": 39, "Inner Unique": true, "Plans": [{"Node Type": "Nested Loop", "Parent Relationship": "Outer", "Join Type": "Inner", "Startup Cost": 4.51, "Total Cost": 3340.87, "Plan Rows": 202, "Plan Width": 28, "Inner Unique": false, "Plans": [{"Node Type": "Nested Loop", "Parent Relationship": "Outer", "Join Type": "Inner", "Startup Cost": 4.51, "Total Cost": 3315.63, "Plan Rows": 33, "Plan Width": 20, "Inner Unique": false, "Plans": [{"Node Type": "Index Scan", "Parent Relationship": "Outer", "Scan Direction": "Forward", "Index Name": "keyword_pkey", "Relation Name": "keyword", "Alias": "k", "Startup Cost": 0.0, "Total Cost": 3182.72, "Plan Rows": 1, "Plan Width": 20, "Filter": "((keyword)::text = 'marvel-cinematic-universe'::text)"}, {"Node Type": "Bitmap Heap Scan", "Parent Relationship": "Inner", "Relation Name": "movie_keyword", "Alias": "mk", "Startup Cost": 4.51, "Total Cost": 132.58, "Plan Rows": 33, "Plan Width": 8, "Recheck Cond": "(keyword_id = k.id)", "Plans": [{"Node Type": "Bitmap Index Scan", "Parent Relationship": "Outer", "Index Name": "keyword_id_movie_keyword", "Startup Cost": 0.0, "Total Cost": 4.5, "Plan Rows": 33, "Plan Width": 0, "Index Cond": "(keyword_id = k.id)"}]}]}, {"Node Type": "Index Scan", "Parent Relationship": "Inner", "Scan Direction": "Forward", "Index Name": "movie_id_cast_info", "Relation Name": "cast_info", "Alias": "ci", "Startup Cost": 0.0, "Total Cost": 0.7, "Plan Rows": 6, "Plan Width": 8, "Index Cond": "(movie_id = mk.movie_id)"}]}, {"Node Type": "Index Scan", "Parent Relationship": "Inner", "Scan Direction": "Forward", "Index Name": "name_pkey", "Relation Name": "name", "Alias": "n", "Startup Cost": 0.0, "Total Cost": 0.28, "Plan Rows": 1, "Plan Width": 19, "Index Cond": "(id = ci.person_id)", "Filter": "((name)::text ~~ '%Downey%Robert%'::text)"}]}, {"Node Type": "Index Scan", "Parent Relationship": "Inner", "Scan Direction": "Forward", "Index Name": "title_pkey", "Relation Name": "title", "Alias": "t", "Startup Cost": 0.0, "Total Cost": 0.28, "Plan Rows": 1, "Plan Width": 21, "Index Cond": "(id = ci.movie_id)", "Filter": "(production_year > 2010)"}]}]}, "Unique SQL Id": 4208751436, "Planner Runtime": 5}, "explain_analyze_plan": {"Plan": {"Node Type": "Aggregate", "Strategy": "Plain", "Startup Cost": 3399.73, "Total Cost": 3399.74, "Plan Rows": 1, "Plan Width": 144, "Actual Startup Time": 130.05, "Actual Total Time": 130.051, "Actual Rows": 1, "Actual Loops": 1, "Plans": [{"Node Type": "Nested Loop", "Parent Relationship": "Outer", "Join Type": "Inner", "Startup Cost": 4.51, "Total Cost": 3399.72, "Plan Rows": 1, "Plan Width": 48, "Actual Startup Time": 9.062, "Actual Total Time": 130.018, "Actual Rows": 6, "Actual Loops": 1, "Inner Unique": true, "Join Filter": "(mk.movie_id = t.id)", "Rows Removed by Join Filter": 0, "Plans": [{"Node Type": "Nested Loop", "Parent Relationship": "Outer", "Join Type": "Inner", "Startup Cost": 4.51, "Total Cost": 3399.43, "Plan Rows": 1, "Plan Width": 39, "Actual Startup Time": 9.03, "Actual Total Time": 129.951, "Actual Rows": 6, "Actual Loops": 1, "Inner Unique": true, "Plans": [{"Node Type": "Nested Loop", "Parent Relationship": "Outer", "Join Type": "Inner", "Startup Cost": 4.51, "Total Cost": 3340.87, "Plan Rows": 202, "Plan Width": 28, "Actual Startup Time": 7.483, "Actual Total Time": 123.046, "Actual Rows": 1242, "Actual Loops": 1, "Inner Unique": false, "Plans": [{"Node Type": "Nested Loop", "Parent Relationship": "Outer", "Join Type": "Inner", "Startup Cost": 4.51, "Total Cost": 3315.63, "Plan Rows": 33, "Plan Width": 20, "Actual Startup Time": 7.468, "Actual Total Time": 120.867, "Actual Rows": 14, "Actual Loops": 1, "Inner Unique": false, "Plans": [{"Node Type": "Index Scan", "Parent Relationship": "Outer", "Scan Direction": "Forward", "Index Name": "keyword_pkey", "Relation Name": "keyword", "Alias": "k", "Startup Cost": 0.0, "Total Cost": 3182.72, "Plan Rows": 1, "Plan Width": 20, "Actual Startup Time": 7.433, "Actual Total Time": 120.793, "Actual Rows": 1, "Actual Loops": 1, "Filter": "((keyword)::text = 'marvel-cinematic-universe'::text)", "Rows Removed by Filter": 134168}, {"Node Type": "Bitmap Heap Scan", "Parent Relationship": "Inner", "Relation Name": "movie_keyword", "Alias": "mk", "Startup Cost": 4.51, "Total Cost": 132.58, "Plan Rows": 33, "Plan Width": 8, "Actual Startup Time": 0.027, "Actual Total Time": 0.06, "Actual Rows": 14, "Actual Loops": 1, "Recheck Cond": "(keyword_id = k.id)", "Rows Removed by Index Recheck": 0, "Exact Heap Blocks": 13, "Lossy Heap Blocks": 13, "Plans": [{"Node Type": "Bitmap Index Scan", "Parent Relationship": "Outer", "Index Name": "keyword_id_movie_keyword", "Startup Cost": 0.0, "Total Cost": 4.5, "Plan Rows": 33, "Plan Width": 0, "Actual Startup Time": 0.015, "Actual Total Time": 0.015, "Actual Rows": 14, "Actual Loops": 1, "Index Cond": "(keyword_id = k.id)"}]}]}, {"Node Type": "Index Scan", "Parent Relationship": "Inner", "Scan Direction": "Forward", "Index Name": "movie_id_cast_info", "Relation Name": "cast_info", "Alias": "ci", "Startup Cost": 0.0, "Total Cost": 0.7, "Plan Rows": 6, "Plan Width": 8, "Actual Startup Time": 0.166, "Actual Total Time": 1.85, "Actual Rows": 1242, "Actual Loops": 14, "Index Cond": "(movie_id = mk.movie_id)", "Rows Removed by Index Recheck": 0}]}, {"Node Type": "Index Scan", "Parent Relationship": "Inner", "Scan Direction": "Forward", "Index Name": "name_pkey", "Relation Name": "name", "Alias": "n", "Startup Cost": 0.0, "Total Cost": 0.28, "Plan Rows": 1, "Plan Width": 19, "Actual Startup Time": 6.274, "Actual Total Time": 6.274, "Actual Rows": 6, "Actual Loops": 1242, "Index Cond": "(id = ci.person_id)", "Rows Removed by Index Recheck": 0, "Filter": "((name)::text ~~ '%Downey%Robert%'::text)", "Rows Removed by Filter": 1236}]}, {"Node Type": "Index Scan", "Parent Relationship": "Inner", "Scan Direction": "Forward", "Index Name": "title_pkey", "Relation Name": "title", "Alias": "t", "Startup Cost": 0.0, "Total Cost": 0.28, "Plan Rows": 1, "Plan Width": 21, "Actual Startup Time": 0.045, "Actual Total Time": 0.045, "Actual Rows": 6, "Actual Loops": 6, "Index Cond": "(id = ci.movie_id)", "Rows Removed by Index Recheck": 0, "Filter": "(production_year > 2010)", "Rows Removed by Filter": 0}]}]}, "Triggers": [], "Planner Runtime": 9.763, "Total Runtime": 130.32, "Unique SQL Id": 4208751436}}, "(16, '18')": {"explain_plan": {"Plan": {"Node Type": "Aggregate", "Strategy": "Plain", "Startup Cost": 3810.23, "Total Cost": 3810.24, "Plan Rows": 1, "Plan Width": 144, "Plans": [{"Node Type": "Nested Loop", "Parent Relationship": "Outer", "Join Type": "Inner", "Startup Cost": 5.45, "Total Cost": 3809.16, "Plan Rows": 143, "Plan Width": 48, "Inner Unique": true, "Plans": [{"Node Type": "Nested Loop", "Parent Relationship": "Outer", "Join Type": "Inner", "Startup Cost": 5.19, "Total Cost": 2875.14, "Plan Rows": 218, "Plan Width": 37, "Inner Unique": false, "Join Filter": "(t.id = ci.movie_id)", "Plans": [{"Node Type": "Nested Loop", "Parent Relationship": "Outer", "Join Type": "Inner", "Startup Cost": 4.77, "Total Cost": 2710.63, "Plan Rows": 36, "Plan Width": 41, "Inner Unique": true, "Plans": [{"Node Type": "Nested Loop", "Parent Relationship": "Outer", "Join Type": "Inner", "Startup Cost": 4.51, "Total Cost": 2569.02, "Plan Rows": 33, "Plan Width": 20, "Inner Unique": false, "Plans": [{"Node Type": "Seq Scan", "Parent Relationship": "Outer", "Relation Name": "keyword", "Alias": "k", "Startup Cost": 0.0, "Total Cost": 2436.11, "Plan Rows": 1, "Plan Width": 20, "Filter": "((keyword)::text = 'marvel-cinematic-universe'::text)"}, {"Node Type": "Bitmap Heap Scan", "Parent Relationship": "Inner", "Relation Name": "movie_keyword", "Alias": "mk", "Startup Cost": 4.51, "Total Cost": 132.58, "Plan Rows": 33, "Plan Width": 8, "Recheck Cond": "(keyword_id = k.id)", "Plans": [{"Node Type": "Bitmap Index Scan", "Parent Relationship": "Outer", "Index Name": "keyword_id_movie_keyword", "Startup Cost": 0.0, "Total Cost": 4.5, "Plan Rows": 33, "Plan Width": 0, "Index Cond": "(keyword_id = k.id)"}]}]}, {"Node Type": "Bitmap Heap Scan", "Parent Relationship": "Inner", "Relation Name": "title", "Alias": "t", "Startup Cost": 0.27, "Total Cost": 4.28, "Plan Rows": 1, "Plan Width": 21, "Recheck Cond": "(id = mk.movie_id)", "Filter": "(production_year > 2010)", "Plans": [{"Node Type": "Bitmap Index Scan", "Parent Relationship": "Outer", "Index Name": "title_pkey", "Startup Cost": 0.0, "Total Cost": 0.27, "Plan Rows": 1, "Plan Width": 0, "Index Cond": "(id = mk.movie_id)"}]}]}, {"Node Type": "Bitmap Heap Scan", "Parent Relationship": "Inner", "Relation Name": "cast_info", "Alias": "ci", "Startup Cost": 0.42, "Total Cost": 4.49, "Plan Rows": 6, "Plan Width": 8, "Recheck Cond": "(movie_id = mk.movie_id)", "Plans": [{"Node Type": "Bitmap Index Scan", "Parent Relationship": "Outer", "Index Name": "movie_id_cast_info", "Startup Cost": 0.0, "Total Cost": 0.42, "Plan Rows": 6, "Plan Width": 0, "Index Cond": "(movie_id = mk.movie_id)"}]}]}, {"Node Type": "Bitmap Heap Scan", "Parent Relationship": "Inner", "Relation Name": "name", "Alias": "n", "Startup Cost": 0.26, "Total Cost": 4.27, "Plan Rows": 1, "Plan Width": 19, "Recheck Cond": "(id = ci.person_id)", "Filter": "((name)::text ~~ '%Downey%Robert%'::text)", "Plans": [{"Node Type": "Bitmap Index Scan", "Parent Relationship": "Outer", "Index Name": "name_pkey", "Startup Cost": 0.0, "Total Cost": 0.26, "Plan Rows": 1, "Plan Width": 0, "Index Cond": "(id = ci.person_id)"}]}]}]}, "Unique SQL Id": 4208751436, "Planner Runtime": 6}, "explain_analyze_plan": {"Plan": {"Node Type": "Aggregate", "Strategy": "Plain", "Startup Cost": 3810.23, "Total Cost": 3810.24, "Plan Rows": 1, "Plan Width": 144, "Actual Startup Time": 53.114, "Actual Total Time": 53.114, "Actual Rows": 1, "Actual Loops": 1, "Plans": [{"Node Type": "Nested Loop", "Parent Relationship": "Outer", "Join Type": "Inner", "Startup Cost": 5.45, "Total Cost": 3809.16, "Plan Rows": 143, "Plan Width": 48, "Actual Startup Time": 3.683, "Actual Total Time": 53.075, "Actual Rows": 6, "Actual Loops": 1, "Inner Unique": true, "Plans": [{"Node Type": "Nested Loop", "Parent Relationship": "Outer", "Join Type": "Inner", "Startup Cost": 5.19, "Total Cost": 2875.14, "Plan Rows": 218, "Plan Width": 37, "Actual Startup Time": 1.272, "Actual Total Time": 44.468, "Actual Rows": 1224, "Actual Loops": 1, "Inner Unique": false, "Join Filter": "(t.id = ci.movie_id)", "Rows Removed by Join Filter": 0, "Plans": [{"Node Type": "Nested Loop", "Parent Relationship": "Outer", "Join Type": "Inner", "Startup Cost": 4.77, "Total Cost": 2710.63, "Plan Rows": 36, "Plan Width": 41, "Actual Startup Time": 1.234, "Actual Total Time": 41.314, "Actual Rows": 11, "Actual Loops": 1, "Inner Unique": true, "Plans": [{"Node Type": "Nested Loop", "Parent Relationship": "Outer", "Join Type": "Inner", "Startup Cost": 4.51, "Total Cost": 2569.02, "Plan Rows": 33, "Plan Width": 20, "Actual Startup Time": 1.105, "Actual Total Time": 40.546, "Actual Rows": 14, "Actual Loops": 1, "Inner Unique": false, "Plans": [{"Node Type": "Seq Scan", "Parent Relationship": "Outer", "Relation Name": "keyword", "Alias": "k", "Startup Cost": 0.0, "Total Cost": 2436.11, "Plan Rows": 1, "Plan Width": 20, "Actual Startup Time": 1.064, "Actual Total Time": 40.47, "Actual Rows": 1, "Actual Loops": 1, "Filter": "((keyword)::text = 'marvel-cinematic-universe'::text)", "Rows Removed by Filter": 134168}, {"Node Type": "Bitmap Heap Scan", "Parent Relationship": "Inner", "Relation Name": "movie_keyword", "Alias": "mk", "Startup Cost": 4.51, "Total Cost": 132.58, "Plan Rows": 33, "Plan Width": 8, "Actual Startup Time": 0.033, "Actual Total Time": 0.059, "Actual Rows": 14, "Actual Loops": 1, "Recheck Cond": "(keyword_id = k.id)", "Rows Removed by Index Recheck": 0, "Exact Heap Blocks": 13, "Lossy Heap Blocks": 13, "Plans": [{"Node Type": "Bitmap Index Scan", "Parent Relationship": "Outer", "Index Name": "keyword_id_movie_keyword", "Startup Cost": 0.0, "Total Cost": 4.5, "Plan Rows": 33, "Plan Width": 0, "Actual Startup Time": 0.019, "Actual Total Time": 0.019, "Actual Rows": 14, "Actual Loops": 1, "Index Cond": "(keyword_id = k.id)"}]}]}, {"Node Type": "Bitmap Heap Scan", "Parent Relationship": "Inner", "Relation Name": "title", "Alias": "t", "Startup Cost": 0.27, "Total Cost": 4.28, "Plan Rows": 1, "Plan Width": 21, "Actual Startup Time": 0.736, "Actual Total Time": 0.736, "Actual Rows": 11, "Actual Loops": 14, "Recheck Cond": "(id = mk.movie_id)", "Rows Removed by Index Recheck": 0, "Filter": "(production_year > 2010)", "Rows Removed by Filter": 3, "Exact Heap Blocks": 14, "Lossy Heap Blocks": 14, "Plans": [{"Node Type": "Bitmap Index Scan", "Parent Relationship": "Outer", "Index Name": "title_pkey", "Startup Cost": 0.0, "Total Cost": 0.27, "Plan Rows": 1, "Plan Width": 0, "Actual Startup Time": 0.426, "Actual Total Time": 0.426, "Actual Rows": 14, "Actual Loops": 14, "Index Cond": "(id = mk.movie_id)"}]}]}, {"Node Type": "Bitmap Heap Scan", "Parent Relationship": "Inner", "Relation Name": "cast_info", "Alias": "ci", "Startup Cost": 0.42, "Total Cost": 4.49, "Plan Rows": 6, "Plan Width": 8, "Actual Startup Time": 0.609, "Actual Total Time": 2.58, "Actual Rows": 1224, "Actual Loops": 11, "Recheck Cond": "(movie_id = mk.movie_id)", "Rows Removed by Index Recheck": 0, "Exact Heap Blocks": 1166, "Lossy Heap Blocks": 1166, "Plans": [{"Node Type": "Bitmap Index Scan", "Parent Relationship": "Outer", "Index Name": "movie_id_cast_info", "Startup Cost": 0.0, "Total Cost": 0.42, "Plan Rows": 6, "Plan Width": 0, "Actual Startup Time": 0.383, "Actual Total Time": 0.383, "Actual Rows": 1224, "Actual Loops": 11, "Index Cond": "(movie_id = mk.movie_id)"}]}]}, {"Node Type": "Bitmap Heap Scan", "Parent Relationship": "Inner", "Relation Name": "name", "Alias": "n", "Startup Cost": 0.26, "Total Cost": 4.27, "Plan Rows": 1, "Plan Width": 19, "Actual Startup Time": 7.233, "Actual Total Time": 7.233, "Actual Rows": 6, "Actual Loops": 1224, "Recheck Cond": "(id = ci.person_id)", "Rows Removed by Index Recheck": 0, "Filter": "((name)::text ~~ '%Downey%Robert%'::text)", "Rows Removed by Filter": 1218, "Exact Heap Blocks": 1224, "Lossy Heap Blocks": 1224, "Plans": [{"Node Type": "Bitmap Index Scan", "Parent Relationship": "Outer", "Index Name": "name_pkey", "Startup Cost": 0.0, "Total Cost": 0.26, "Plan Rows": 1, "Plan Width": 0, "Actual Startup Time": 4.403, "Actual Total Time": 4.403, "Actual Rows": 1224, "Actual Loops": 1224, "Index Cond": "(id = ci.person_id)"}]}]}]}, "Triggers": [], "Planner Runtime": 12.374, "Total Runtime": 53.382, "Unique SQL Id": 4208751436}}, "(16, '19')": {"explain_plan": {"Plan": {"Node Type": "Aggregate", "Strategy": "Plain", "Startup Cost": 4529.32, "Total Cost": 4529.33, "Plan Rows": 1, "Plan Width": 144, "Plans": [{"Node Type": "Nested Loop", "Parent Relationship": "Outer", "Join Type": "Inner", "Startup Cost": 724.55, "Total Cost": 4528.25, "Plan Rows": 143, "Plan Width": 48, "Inner Unique": true, "Plans": [{"Node Type": "Nested Loop", "Parent Relationship": "Outer", "Join Type": "Inner", "Startup Cost": 724.29, "Total Cost": 3594.24, "Plan Rows": 218, "Plan Width": 37, "Inner Unique": false, "Join Filter": "(t.id = ci.movie_id)", "Plans": [{"Node Type": "Nested Loop", "Parent Relationship": "Outer", "Join Type": "Inner", "Startup Cost": 723.87, "Total Cost": 3429.72, "Plan Rows": 36, "Plan Width": 41, "Inner Unique": true, "Plans": [{"Node Type": "Nested Loop", "Parent Relationship": "Outer", "Join Type": "Inner", "Startup Cost": 723.6, "Total Cost": 3288.12, "Plan Rows": 33, "Plan Width": 20, "Inner Unique": false, "Plans": [{"Node Type": "Bitmap Heap Scan", "Parent Relationship": "Outer", "Relation Name": "keyword", "Alias": "k", "Startup Cost": 719.1, "Total Cost": 3155.21, "Plan Rows": 1, "Plan Width": 20, "Filter": "((keyword)::text = 'marvel-cinematic-universe'::text)", "Plans": [{"Node Type": "Bitmap Index Scan", "Parent Relationship": "Outer", "Index Name": "keyword_pkey", "Startup Cost": 0.0, "Total Cost": 719.1, "Plan Rows": 134169, "Plan Width": 0}]}, {"Node Type": "Bitmap Heap Scan", "Parent Relationship": "Inner", "Relation Name": "movie_keyword", "Alias": "mk", "Startup Cost": 4.51, "Total Cost": 132.58, "Plan Rows": 33, "Plan Width": 8, "Recheck Cond": "(keyword_id = k.id)", "Plans": [{"Node Type": "Bitmap Index Scan", "Parent Relationship": "Outer", "Index Name": "keyword_id_movie_keyword", "Startup Cost": 0.0, "Total Cost": 4.5, "Plan Rows": 33, "Plan Width": 0, "Index Cond": "(keyword_id = k.id)"}]}]}, {"Node Type": "Bitmap Heap Scan", "Parent Relationship": "Inner", "Relation Name": "title", "Alias": "t", "Startup Cost": 0.27, "Total Cost": 4.28, "Plan Rows": 1, "Plan Width": 21, "Recheck Cond": "(id = mk.movie_id)", "Filter": "(production_year > 2010)", "Plans": [{"Node Type": "Bitmap Index Scan", "Parent Relationship": "Outer", "Index Name": "title_pkey", "Startup Cost": 0.0, "Total Cost": 0.27, "Plan Rows": 1, "Plan Width": 0, "Index Cond": "(id = mk.movie_id)"}]}]}, {"Node Type": "Bitmap Heap Scan", "Parent Relationship": "Inner", "Relation Name": "cast_info", "Alias": "ci", "Startup Cost": 0.42, "Total Cost": 4.49, "Plan Rows": 6, "Plan Width": 8, "Recheck Cond": "(movie_id = mk.movie_id)", "Plans": [{"Node Type": "Bitmap Index Scan", "Parent Relationship": "Outer", "Index Name": "movie_id_cast_info", "Startup Cost": 0.0, "Total Cost": 0.42, "Plan Rows": 6, "Plan Width": 0, "Index Cond": "(movie_id = mk.movie_id)"}]}]}, {"Node Type": "Bitmap Heap Scan", "Parent Relationship": "Inner", "Relation Name": "name", "Alias": "n", "Startup Cost": 0.26, "Total Cost": 4.27, "Plan Rows": 1, "Plan Width": 19, "Recheck Cond": "(id = ci.person_id)", "Filter": "((name)::text ~~ '%Downey%Robert%'::text)", "Plans": [{"Node Type": "Bitmap Index Scan", "Parent Relationship": "Outer", "Index Name": "name_pkey", "Startup Cost": 0.0, "Total Cost": 0.26, "Plan Rows": 1, "Plan Width": 0, "Index Cond": "(id = ci.person_id)"}]}]}]}, "Unique SQL Id": 4208751436, "Planner Runtime": 5}, "explain_analyze_plan": {"Plan": {"Node Type": "Aggregate", "Strategy": "Plain", "Startup Cost": 4529.32, "Total Cost": 4529.33, "Plan Rows": 1, "Plan Width": 144, "Actual Startup Time": 72.661, "Actual Total Time": 72.661, "Actual Rows": 1, "Actual Loops": 1, "Plans": [{"Node Type": "Nested Loop", "Parent Relationship": "Outer", "Join Type": "Inner", "Startup Cost": 724.55, "Total Cost": 4528.25, "Plan Rows": 143, "Plan Width": 48, "Actual Startup Time": 14.187, "Actual Total Time": 72.625, "Actual Rows": 6, "Actual Loops": 1, "Inner Unique": true, "Plans": [{"Node Type": "Nested Loop", "Parent Relationship": "Outer", "Join Type": "Inner", "Startup Cost": 724.29, "Total Cost": 3594.24, "Plan Rows": 218, "Plan Width": 37, "Actual Startup Time": 12.089, "Actual Total Time": 64.002, "Actual Rows": 1224, "Actual Loops": 1, "Inner Unique": false, "Join Filter": "(t.id = ci.movie_id)", "Rows Removed by Join Filter": 0, "Plans": [{"Node Type": "Nested Loop", "Parent Relationship": "Outer", "Join Type": "Inner", "Startup Cost": 723.87, "Total Cost": 3429.72, "Plan Rows": 36, "Plan Width": 41, "Actual Startup Time": 12.062, "Actual Total Time": 60.973, "Actual Rows": 11, "Actual Loops": 1, "Inner Unique": true, "Plans": [{"Node Type": "Nested Loop", "Parent Relationship": "Outer", "Join Type": "Inner", "Startup Cost": 723.6, "Total Cost": 3288.12, "Plan Rows": 33, "Plan Width": 20, "Actual Startup Time": 12.043, "Actual Total Time": 60.833, "Actual Rows": 14, "Actual Loops": 1, "Inner Unique": false, "Plans": [{"Node Type": "Bitmap Heap Scan", "Parent Relationship": "Outer", "Relation Name": "keyword", "Alias": "k", "Startup Cost": 719.1, "Total Cost": 3155.21, "Plan Rows": 1, "Plan Width": 20, "Actual Startup Time": 12.006, "Actual Total Time": 60.762, "Actual Rows": 1, "Actual Loops": 1, "Filter": "((keyword)::text = 'marvel-cinematic-universe'::text)", "Rows Removed by Filter": 134168, "Exact Heap Blocks": 759, "Lossy Heap Blocks": 759, "Plans": [{"Node Type": "Bitmap Index Scan", "Parent Relationship": "Outer", "Index Name": "keyword_pkey", "Startup Cost": 0.0, "Total Cost": 719.1, "Plan Rows": 134169, "Plan Width": 0, "Actual Startup Time": 10.585, "Actual Total Time": 10.585, "Actual Rows": 134169, "Actual Loops": 1}]}, {"Node Type": "Bitmap Heap Scan", "Parent Relationship": "Inner", "Relation Name": "movie_keyword", "Alias": "mk", "Startup Cost": 4.51, "Total Cost": 132.58, "Plan Rows": 33, "Plan Width": 8, "Actual Startup Time": 0.026, "Actual Total Time": 0.054, "Actual Rows": 14, "Actual Loops": 1, "Recheck Cond": "(keyword_id = k.id)", "Rows Removed by Index Recheck": 0, "Exact Heap Blocks": 13, "Lossy Heap Blocks": 13, "Plans": [{"Node Type": "Bitmap Index Scan", "Parent Relationship": "Outer", "Index Name": "keyword_id_movie_keyword", "Startup Cost": 0.0, "Total Cost": 4.5, "Plan Rows": 33, "Plan Width": 0, "Actual Startup Time": 0.018, "Actual Total Time": 0.018, "Actual Rows": 14, "Actual Loops": 1, "Index Cond": "(keyword_id = k.id)"}]}]}, {"Node Type": "Bitmap Heap Scan", "Parent Relationship": "Inner", "Relation Name": "title", "Alias": "t", "Startup Cost": 0.27, "Total Cost": 4.28, "Plan Rows": 1, "Plan Width": 21, "Actual Startup Time": 0.113, "Actual Total Time": 0.113, "Actual Rows": 11, "Actual Loops": 14, "Recheck Cond": "(id = mk.movie_id)", "Rows Removed by Index Recheck": 0, "Filter": "(production_year > 2010)", "Rows Removed by Filter": 3, "Exact Heap Blocks": 14, "Lossy Heap Blocks": 14, "Plans": [{"Node Type": "Bitmap Index Scan", "Parent Relationship": "Outer", "Index Name": "title_pkey", "Startup Cost": 0.0, "Total Cost": 0.27, "Plan Rows": 1, "Plan Width": 0, "Actual Startup Time": 0.065, "Actual Total Time": 0.065, "Actual Rows": 14, "Actual Loops": 14, "Index Cond": "(id = mk.movie_id)"}]}]}, {"Node Type": "Bitmap Heap Scan", "Parent Relationship": "Inner", "Relation Name": "cast_info", "Alias": "ci", "Startup Cost": 0.42, "Total Cost": 4.49, "Plan Rows": 6, "Plan Width": 8, "Actual Startup Time": 0.561, "Actual Total Time": 2.548, "Actual Rows": 1224, "Actual Loops": 11, "Recheck Cond": "(movie_id = mk.movie_id)", "Rows Removed by Index Recheck": 0, "Exact Heap Blocks": 1166, "Lossy Heap Blocks": 1166, "Plans": [{"Node Type": "Bitmap Index Scan", "Parent Relationship": "Outer", "Index Name": "movie_id_cast_info", "Startup Cost": 0.0, "Total Cost": 0.42, "Plan Rows": 6, "Plan Width": 0, "Actual Startup Time": 0.352, "Actual Total Time": 0.352, "Actual Rows": 1224, "Actual Loops": 11, "Index Cond": "(movie_id = mk.movie_id)"}]}]}, {"Node Type": "Bitmap Heap Scan", "Parent Relationship": "Inner", "Relation Name": "name", "Alias": "n", "Startup Cost": 0.26, "Total Cost": 4.27, "Plan Rows": 1, "Plan Width": 19, "Actual Startup Time": 7.211, "Actual Total Time": 7.211, "Actual Rows": 6, "Actual Loops": 1224, "Recheck Cond": "(id = ci.person_id)", "Rows Removed by Index Recheck": 0, "Filter": "((name)::text ~~ '%Downey%Robert%'::text)", "Rows Removed by Filter": 1218, "Exact Heap Blocks": 1224, "Lossy Heap Blocks": 1224, "Plans": [{"Node Type": "Bitmap Index Scan", "Parent Relationship": "Outer", "Index Name": "name_pkey", "Startup Cost": 0.0, "Total Cost": 0.26, "Plan Rows": 1, "Plan Width": 0, "Actual Startup Time": 4.359, "Actual Total Time": 4.359, "Actual Rows": 1224, "Actual Loops": 1224, "Index Cond": "(id = ci.person_id)"}]}]}]}, "Triggers": [], "Planner Runtime": 6.386, "Total Runtime": 72.949, "Unique SQL Id": 4208751436}}, "(16, '20')": {"explain_plan": {"Plan": {"Node Type": "Aggregate", "Strategy": "Plain", "Startup Cost": 2653.12, "Total Cost": 2653.13, "Plan Rows": 1, "Plan Width": 144, "Plans": [{"Node Type": "Nested Loop", "Parent Relationship": "Outer", "Join Type": "Inner", "Startup Cost": 4.51, "Total Cost": 2653.12, "Plan Rows": 1, "Plan Width": 48, "Inner Unique": true, "Join Filter": "(mk.movie_id = t.id)", "Plans": [{"Node Type": "Nested Loop", "Parent Relationship": "Outer", "Join Type": "Inner", "Startup Cost": 4.51, "Total Cost": 2652.83, "Plan Rows": 1, "Plan Width": 39, "Inner Unique": true, "Plans": [{"Node Type": "Nested Loop", "Parent Relationship": "Outer", "Join Type": "Inner", "Startup Cost": 4.51, "Total Cost": 2594.27, "Plan Rows": 202, "Plan Width": 28, "Inner Unique": false, "Plans": [{"Node Type": "Nested Loop", "Parent Relationship": "Outer", "Join Type": "Inner", "Startup Cost": 4.51, "Total Cost": 2569.02, "Plan Rows": 33, "Plan Width": 20, "Inner Unique": false, "Plans": [{"Node Type": "Seq Scan", "Parent Relationship": "Outer", "Relation Name": "keyword", "Alias": "k", "Startup Cost": 0.0, "Total Cost": 2436.11, "Plan Rows": 1, "Plan Width": 20, "Filter": "((keyword)::text = 'marvel-cinematic-universe'::text)"}, {"Node Type": "Bitmap Heap Scan", "Parent Relationship": "Inner", "Relation Name": "movie_keyword", "Alias": "mk", "Startup Cost": 4.51, "Total Cost": 132.58, "Plan Rows": 33, "Plan Width": 8, "Recheck Cond": "(keyword_id = k.id)", "Plans": [{"Node Type": "Bitmap Index Scan", "Parent Relationship": "Outer", "Index Name": "keyword_id_movie_keyword", "Startup Cost": 0.0, "Total Cost": 4.5, "Plan Rows": 33, "Plan Width": 0, "Index Cond": "(keyword_id = k.id)"}]}]}, {"Node Type": "Index Scan", "Parent Relationship": "Inner", "Scan Direction": "Forward", "Index Name": "movie_id_cast_info", "Relation Name": "cast_info", "Alias": "ci", "Startup Cost": 0.0, "Total Cost": 0.7, "Plan Rows": 6, "Plan Width": 8, "Index Cond": "(movie_id = mk.movie_id)"}]}, {"Node Type": "Index Scan", "Parent Relationship": "Inner", "Scan Direction": "Forward", "Index Name": "name_pkey", "Relation Name": "name", "Alias": "n", "Startup Cost": 0.0, "Total Cost": 0.28, "Plan Rows": 1, "Plan Width": 19, "Index Cond": "(id = ci.person_id)", "Filter": "((name)::text ~~ '%Downey%Robert%'::text)"}]}, {"Node Type": "Index Scan", "Parent Relationship": "Inner", "Scan Direction": "Forward", "Index Name": "title_pkey", "Relation Name": "title", "Alias": "t", "Startup Cost": 0.0, "Total Cost": 0.28, "Plan Rows": 1, "Plan Width": 21, "Index Cond": "(id = ci.movie_id)", "Filter": "(production_year > 2010)"}]}]}, "Unique SQL Id": 4208751436, "Planner Runtime": 5}, "explain_analyze_plan": {"Plan": {"Node Type": "Aggregate", "Strategy": "Plain", "Startup Cost": 2653.12, "Total Cost": 2653.13, "Plan Rows": 1, "Plan Width": 144, "Actual Startup Time": 49.672, "Actual Total Time": 49.672, "Actual Rows": 1, "Actual Loops": 1, "Plans": [{"Node Type": "Nested Loop", "Parent Relationship": "Outer", "Join Type": "Inner", "Startup Cost": 4.51, "Total Cost": 2653.12, "Plan Rows": 1, "Plan Width": 48, "Actual Startup Time": 2.684, "Actual Total Time": 49.638, "Actual Rows": 6, "Actual Loops": 1, "Inner Unique": true, "Join Filter": "(mk.movie_id = t.id)", "Rows Removed by Join Filter": 0, "Plans": [{"Node Type": "Nested Loop", "Parent Relationship": "Outer", "Join Type": "Inner", "Startup Cost": 4.51, "Total Cost": 2652.83, "Plan Rows": 1, "Plan Width": 39, "Actual Startup Time": 2.651, "Actual Total Time": 49.565, "Actual Rows": 6, "Actual Loops": 1, "Inner Unique": true, "Plans": [{"Node Type": "Nested Loop", "Parent Relationship": "Outer", "Join Type": "Inner", "Startup Cost": 4.51, "Total Cost": 2594.27, "Plan Rows": 202, "Plan Width": 28, "Actual Startup Time": 1.11, "Actual Total Time": 42.722, "Actual Rows": 1242, "Actual Loops": 1, "Inner Unique": false, "Plans": [{"Node Type": "Nested Loop", "Parent Relationship": "Outer", "Join Type": "Inner", "Startup Cost": 4.51, "Total Cost": 2569.02, "Plan Rows": 33, "Plan Width": 20, "Actual Startup Time": 1.094, "Actual Total Time": 40.566, "Actual Rows": 14, "Actual Loops": 1, "Inner Unique": false, "Plans": [{"Node Type": "Seq Scan", "Parent Relationship": "Outer", "Relation Name": "keyword", "Alias": "k", "Startup Cost": 0.0, "Total Cost": 2436.11, "Plan Rows": 1, "Plan Width": 20, "Actual Startup Time": 1.054, "Actual Total Time": 40.487, "Actual Rows": 1, "Actual Loops": 1, "Filter": "((keyword)::text = 'marvel-cinematic-universe'::text)", "Rows Removed by Filter": 134168}, {"Node Type": "Bitmap Heap Scan", "Parent Relationship": "Inner", "Relation Name": "movie_keyword", "Alias": "mk", "Startup Cost": 4.51, "Total Cost": 132.58, "Plan Rows": 33, "Plan Width": 8, "Actual Startup Time": 0.033, "Actual Total Time": 0.066, "Actual Rows": 14, "Actual Loops": 1, "Recheck Cond": "(keyword_id = k.id)", "Rows Removed by Index Recheck": 0, "Exact Heap Blocks": 13, "Lossy Heap Blocks": 13, "Plans": [{"Node Type": "Bitmap Index Scan", "Parent Relationship": "Outer", "Index Name": "keyword_id_movie_keyword", "Startup Cost": 0.0, "Total Cost": 4.5, "Plan Rows": 33, "Plan Width": 0, "Actual Startup Time": 0.019, "Actual Total Time": 0.019, "Actual Rows": 14, "Actual Loops": 1, "Index Cond": "(keyword_id = k.id)"}]}]}, {"Node Type": "Index Scan", "Parent Relationship": "Inner", "Scan Direction": "Forward", "Index Name": "movie_id_cast_info", "Relation Name": "cast_info", "Alias": "ci", "Startup Cost": 0.0, "Total Cost": 0.7, "Plan Rows": 6, "Plan Width": 8, "Actual Startup Time": 0.166, "Actual Total Time": 1.857, "Actual Rows": 1242, "Actual Loops": 14, "Index Cond": "(movie_id = mk.movie_id)", "Rows Removed by Index Recheck": 0}]}, {"Node Type": "Index Scan", "Parent Relationship": "Inner", "Scan Direction": "Forward", "Index Name": "name_pkey", "Relation Name": "name", "Alias": "n", "Startup Cost": 0.0, "Total Cost": 0.28, "Plan Rows": 1, "Plan Width": 19, "Actual Startup Time": 6.233, "Actual Total Time": 6.233, "Actual Rows": 6, "Actual Loops": 1242, "Index Cond": "(id = ci.person_id)", "Rows Removed by Index Recheck": 0, "Filter": "((name)::text ~~ '%Downey%Robert%'::text)", "Rows Removed by Filter": 1236}]}, {"Node Type": "Index Scan", "Parent Relationship": "Inner", "Scan Direction": "Forward", "Index Name": "title_pkey", "Relation Name": "title", "Alias": "t", "Startup Cost": 0.0, "Total Cost": 0.28, "Plan Rows": 1, "Plan Width": 21, "Actual Startup Time": 0.047, "Actual Total Time": 0.047, "Actual Rows": 6, "Actual Loops": 6, "Index Cond": "(id = ci.movie_id)", "Rows Removed by Index Recheck": 0, "Filter": "(production_year > 2010)", "Rows Removed by Filter": 0}]}]}, "Triggers": [], "Planner Runtime": 8.753, "Total Runtime": 49.979, "Unique SQL Id": 4208751436}}, "(16, '21')": {"explain_plan": {"Plan": {"Node Type": "Aggregate", "Strategy": "Plain", "Startup Cost": 3399.73, "Total Cost": 3399.74, "Plan Rows": 1, "Plan Width": 144, "Plans": [{"Node Type": "Nested Loop", "Parent Relationship": "Outer", "Join Type": "Inner", "Startup Cost": 4.51, "Total Cost": 3399.72, "Plan Rows": 1, "Plan Width": 48, "Inner Unique": true, "Join Filter": "(mk.movie_id = t.id)", "Plans": [{"Node Type": "Nested Loop", "Parent Relationship": "Outer", "Join Type": "Inner", "Startup Cost": 4.51, "Total Cost": 3399.43, "Plan Rows": 1, "Plan Width": 39, "Inner Unique": true, "Plans": [{"Node Type": "Nested Loop", "Parent Relationship": "Outer", "Join Type": "Inner", "Startup Cost": 4.51, "Total Cost": 3340.87, "Plan Rows": 202, "Plan Width": 28, "Inner Unique": false, "Plans": [{"Node Type": "Nested Loop", "Parent Relationship": "Outer", "Join Type": "Inner", "Startup Cost": 4.51, "Total Cost": 3315.63, "Plan Rows": 33, "Plan Width": 20, "Inner Unique": false, "Plans": [{"Node Type": "Index Scan", "Parent Relationship": "Outer", "Scan Direction": "Forward", "Index Name": "keyword_pkey", "Relation Name": "keyword", "Alias": "k", "Startup Cost": 0.0, "Total Cost": 3182.72, "Plan Rows": 1, "Plan Width": 20, "Filter": "((keyword)::text = 'marvel-cinematic-universe'::text)"}, {"Node Type": "Bitmap Heap Scan", "Parent Relationship": "Inner", "Relation Name": "movie_keyword", "Alias": "mk", "Startup Cost": 4.51, "Total Cost": 132.58, "Plan Rows": 33, "Plan Width": 8, "Recheck Cond": "(keyword_id = k.id)", "Plans": [{"Node Type": "Bitmap Index Scan", "Parent Relationship": "Outer", "Index Name": "keyword_id_movie_keyword", "Startup Cost": 0.0, "Total Cost": 4.5, "Plan Rows": 33, "Plan Width": 0, "Index Cond": "(keyword_id = k.id)"}]}]}, {"Node Type": "Index Scan", "Parent Relationship": "Inner", "Scan Direction": "Forward", "Index Name": "movie_id_cast_info", "Relation Name": "cast_info", "Alias": "ci", "Startup Cost": 0.0, "Total Cost": 0.7, "Plan Rows": 6, "Plan Width": 8, "Index Cond": "(movie_id = mk.movie_id)"}]}, {"Node Type": "Index Scan", "Parent Relationship": "Inner", "Scan Direction": "Forward", "Index Name": "name_pkey", "Relation Name": "name", "Alias": "n", "Startup Cost": 0.0, "Total Cost": 0.28, "Plan Rows": 1, "Plan Width": 19, "Index Cond": "(id = ci.person_id)", "Filter": "((name)::text ~~ '%Downey%Robert%'::text)"}]}, {"Node Type": "Index Scan", "Parent Relationship": "Inner", "Scan Direction": "Forward", "Index Name": "title_pkey", "Relation Name": "title", "Alias": "t", "Startup Cost": 0.0, "Total Cost": 0.28, "Plan Rows": 1, "Plan Width": 21, "Index Cond": "(id = ci.movie_id)", "Filter": "(production_year > 2010)"}]}]}, "Unique SQL Id": 4208751436, "Planner Runtime": 5}, "explain_analyze_plan": {"Plan": {"Node Type": "Aggregate", "Strategy": "Plain", "Startup Cost": 3399.73, "Total Cost": 3399.74, "Plan Rows": 1, "Plan Width": 144, "Actual Startup Time": 130.05, "Actual Total Time": 130.051, "Actual Rows": 1, "Actual Loops": 1, "Plans": [{"Node Type": "Nested Loop", "Parent Relationship": "Outer", "Join Type": "Inner", "Startup Cost": 4.51, "Total Cost": 3399.72, "Plan Rows": 1, "Plan Width": 48, "Actual Startup Time": 9.062, "Actual Total Time": 130.018, "Actual Rows": 6, "Actual Loops": 1, "Inner Unique": true, "Join Filter": "(mk.movie_id = t.id)", "Rows Removed by Join Filter": 0, "Plans": [{"Node Type": "Nested Loop", "Parent Relationship": "Outer", "Join Type": "Inner", "Startup Cost": 4.51, "Total Cost": 3399.43, "Plan Rows": 1, "Plan Width": 39, "Actual Startup Time": 9.03, "Actual Total Time": 129.951, "Actual Rows": 6, "Actual Loops": 1, "Inner Unique": true, "Plans": [{"Node Type": "Nested Loop", "Parent Relationship": "Outer", "Join Type": "Inner", "Startup Cost": 4.51, "Total Cost": 3340.87, "Plan Rows": 202, "Plan Width": 28, "Actual Startup Time": 7.483, "Actual Total Time": 123.046, "Actual Rows": 1242, "Actual Loops": 1, "Inner Unique": false, "Plans": [{"Node Type": "Nested Loop", "Parent Relationship": "Outer", "Join Type": "Inner", "Startup Cost": 4.51, "Total Cost": 3315.63, "Plan Rows": 33, "Plan Width": 20, "Actual Startup Time": 7.468, "Actual Total Time": 120.867, "Actual Rows": 14, "Actual Loops": 1, "Inner Unique": false, "Plans": [{"Node Type": "Index Scan", "Parent Relationship": "Outer", "Scan Direction": "Forward", "Index Name": "keyword_pkey", "Relation Name": "keyword", "Alias": "k", "Startup Cost": 0.0, "Total Cost": 3182.72, "Plan Rows": 1, "Plan Width": 20, "Actual Startup Time": 7.433, "Actual Total Time": 120.793, "Actual Rows": 1, "Actual Loops": 1, "Filter": "((keyword)::text = 'marvel-cinematic-universe'::text)", "Rows Removed by Filter": 134168}, {"Node Type": "Bitmap Heap Scan", "Parent Relationship": "Inner", "Relation Name": "movie_keyword", "Alias": "mk", "Startup Cost": 4.51, "Total Cost": 132.58, "Plan Rows": 33, "Plan Width": 8, "Actual Startup Time": 0.027, "Actual Total Time": 0.06, "Actual Rows": 14, "Actual Loops": 1, "Recheck Cond": "(keyword_id = k.id)", "Rows Removed by Index Recheck": 0, "Exact Heap Blocks": 13, "Lossy Heap Blocks": 13, "Plans": [{"Node Type": "Bitmap Index Scan", "Parent Relationship": "Outer", "Index Name": "keyword_id_movie_keyword", "Startup Cost": 0.0, "Total Cost": 4.5, "Plan Rows": 33, "Plan Width": 0, "Actual Startup Time": 0.015, "Actual Total Time": 0.015, "Actual Rows": 14, "Actual Loops": 1, "Index Cond": "(keyword_id = k.id)"}]}]}, {"Node Type": "Index Scan", "Parent Relationship": "Inner", "Scan Direction": "Forward", "Index Name": "movie_id_cast_info", "Relation Name": "cast_info", "Alias": "ci", "Startup Cost": 0.0, "Total Cost": 0.7, "Plan Rows": 6, "Plan Width": 8, "Actual Startup Time": 0.166, "Actual Total Time": 1.85, "Actual Rows": 1242, "Actual Loops": 14, "Index Cond": "(movie_id = mk.movie_id)", "Rows Removed by Index Recheck": 0}]}, {"Node Type": "Index Scan", "Parent Relationship": "Inner", "Scan Direction": "Forward", "Index Name": "name_pkey", "Relation Name": "name", "Alias": "n", "Startup Cost": 0.0, "Total Cost": 0.28, "Plan Rows": 1, "Plan Width": 19, "Actual Startup Time": 6.274, "Actual Total Time": 6.274, "Actual Rows": 6, "Actual Loops": 1242, "Index Cond": "(id = ci.person_id)", "Rows Removed by Index Recheck": 0, "Filter": "((name)::text ~~ '%Downey%Robert%'::text)", "Rows Removed by Filter": 1236}]}, {"Node Type": "Index Scan", "Parent Relationship": "Inner", "Scan Direction": "Forward", "Index Name": "title_pkey", "Relation Name": "title", "Alias": "t", "Startup Cost": 0.0, "Total Cost": 0.28, "Plan Rows": 1, "Plan Width": 21, "Actual Startup Time": 0.045, "Actual Total Time": 0.045, "Actual Rows": 6, "Actual Loops": 6, "Index Cond": "(id = ci.movie_id)", "Rows Removed by Index Recheck": 0, "Filter": "(production_year > 2010)", "Rows Removed by Filter": 0}]}]}, "Triggers": [], "Planner Runtime": 9.763, "Total Runtime": 130.32, "Unique SQL Id": 4208751436}}, "(16, '22')": {"explain_plan": {"Plan": {"Node Type": "Aggregate", "Strategy": "Plain", "Startup Cost": 3810.23, "Total Cost": 3810.24, "Plan Rows": 1, "Plan Width": 144, "Plans": [{"Node Type": "Nested Loop", "Parent Relationship": "Outer", "Join Type": "Inner", "Startup Cost": 5.45, "Total Cost": 3809.16, "Plan Rows": 143, "Plan Width": 48, "Inner Unique": true, "Plans": [{"Node Type": "Nested Loop", "Parent Relationship": "Outer", "Join Type": "Inner", "Startup Cost": 5.19, "Total Cost": 2875.14, "Plan Rows": 218, "Plan Width": 37, "Inner Unique": false, "Join Filter": "(t.id = ci.movie_id)", "Plans": [{"Node Type": "Nested Loop", "Parent Relationship": "Outer", "Join Type": "Inner", "Startup Cost": 4.77, "Total Cost": 2710.63, "Plan Rows": 36, "Plan Width": 41, "Inner Unique": true, "Plans": [{"Node Type": "Nested Loop", "Parent Relationship": "Outer", "Join Type": "Inner", "Startup Cost": 4.51, "Total Cost": 2569.02, "Plan Rows": 33, "Plan Width": 20, "Inner Unique": false, "Plans": [{"Node Type": "Seq Scan", "Parent Relationship": "Outer", "Relation Name": "keyword", "Alias": "k", "Startup Cost": 0.0, "Total Cost": 2436.11, "Plan Rows": 1, "Plan Width": 20, "Filter": "((keyword)::text = 'marvel-cinematic-universe'::text)"}, {"Node Type": "Bitmap Heap Scan", "Parent Relationship": "Inner", "Relation Name": "movie_keyword", "Alias": "mk", "Startup Cost": 4.51, "Total Cost": 132.58, "Plan Rows": 33, "Plan Width": 8, "Recheck Cond": "(keyword_id = k.id)", "Plans": [{"Node Type": "Bitmap Index Scan", "Parent Relationship": "Outer", "Index Name": "keyword_id_movie_keyword", "Startup Cost": 0.0, "Total Cost": 4.5, "Plan Rows": 33, "Plan Width": 0, "Index Cond": "(keyword_id = k.id)"}]}]}, {"Node Type": "Bitmap Heap Scan", "Parent Relationship": "Inner", "Relation Name": "title", "Alias": "t", "Startup Cost": 0.27, "Total Cost": 4.28, "Plan Rows": 1, "Plan Width": 21, "Recheck Cond": "(id = mk.movie_id)", "Filter": "(production_year > 2010)", "Plans": [{"Node Type": "Bitmap Index Scan", "Parent Relationship": "Outer", "Index Name": "title_pkey", "Startup Cost": 0.0, "Total Cost": 0.27, "Plan Rows": 1, "Plan Width": 0, "Index Cond": "(id = mk.movie_id)"}]}]}, {"Node Type": "Bitmap Heap Scan", "Parent Relationship": "Inner", "Relation Name": "cast_info", "Alias": "ci", "Startup Cost": 0.42, "Total Cost": 4.49, "Plan Rows": 6, "Plan Width": 8, "Recheck Cond": "(movie_id = mk.movie_id)", "Plans": [{"Node Type": "Bitmap Index Scan", "Parent Relationship": "Outer", "Index Name": "movie_id_cast_info", "Startup Cost": 0.0, "Total Cost": 0.42, "Plan Rows": 6, "Plan Width": 0, "Index Cond": "(movie_id = mk.movie_id)"}]}]}, {"Node Type": "Bitmap Heap Scan", "Parent Relationship": "Inner", "Relation Name": "name", "Alias": "n", "Startup Cost": 0.26, "Total Cost": 4.27, "Plan Rows": 1, "Plan Width": 19, "Recheck Cond": "(id = ci.person_id)", "Filter": "((name)::text ~~ '%Downey%Robert%'::text)", "Plans": [{"Node Type": "Bitmap Index Scan", "Parent Relationship": "Outer", "Index Name": "name_pkey", "Startup Cost": 0.0, "Total Cost": 0.26, "Plan Rows": 1, "Plan Width": 0, "Index Cond": "(id = ci.person_id)"}]}]}]}, "Unique SQL Id": 4208751436, "Planner Runtime": 6}, "explain_analyze_plan": {"Plan": {"Node Type": "Aggregate", "Strategy": "Plain", "Startup Cost": 3810.23, "Total Cost": 3810.24, "Plan Rows": 1, "Plan Width": 144, "Actual Startup Time": 53.114, "Actual Total Time": 53.114, "Actual Rows": 1, "Actual Loops": 1, "Plans": [{"Node Type": "Nested Loop", "Parent Relationship": "Outer", "Join Type": "Inner", "Startup Cost": 5.45, "Total Cost": 3809.16, "Plan Rows": 143, "Plan Width": 48, "Actual Startup Time": 3.683, "Actual Total Time": 53.075, "Actual Rows": 6, "Actual Loops": 1, "Inner Unique": true, "Plans": [{"Node Type": "Nested Loop", "Parent Relationship": "Outer", "Join Type": "Inner", "Startup Cost": 5.19, "Total Cost": 2875.14, "Plan Rows": 218, "Plan Width": 37, "Actual Startup Time": 1.272, "Actual Total Time": 44.468, "Actual Rows": 1224, "Actual Loops": 1, "Inner Unique": false, "Join Filter": "(t.id = ci.movie_id)", "Rows Removed by Join Filter": 0, "Plans": [{"Node Type": "Nested Loop", "Parent Relationship": "Outer", "Join Type": "Inner", "Startup Cost": 4.77, "Total Cost": 2710.63, "Plan Rows": 36, "Plan Width": 41, "Actual Startup Time": 1.234, "Actual Total Time": 41.314, "Actual Rows": 11, "Actual Loops": 1, "Inner Unique": true, "Plans": [{"Node Type": "Nested Loop", "Parent Relationship": "Outer", "Join Type": "Inner", "Startup Cost": 4.51, "Total Cost": 2569.02, "Plan Rows": 33, "Plan Width": 20, "Actual Startup Time": 1.105, "Actual Total Time": 40.546, "Actual Rows": 14, "Actual Loops": 1, "Inner Unique": false, "Plans": [{"Node Type": "Seq Scan", "Parent Relationship": "Outer", "Relation Name": "keyword", "Alias": "k", "Startup Cost": 0.0, "Total Cost": 2436.11, "Plan Rows": 1, "Plan Width": 20, "Actual Startup Time": 1.064, "Actual Total Time": 40.47, "Actual Rows": 1, "Actual Loops": 1, "Filter": "((keyword)::text = 'marvel-cinematic-universe'::text)", "Rows Removed by Filter": 134168}, {"Node Type": "Bitmap Heap Scan", "Parent Relationship": "Inner", "Relation Name": "movie_keyword", "Alias": "mk", "Startup Cost": 4.51, "Total Cost": 132.58, "Plan Rows": 33, "Plan Width": 8, "Actual Startup Time": 0.033, "Actual Total Time": 0.059, "Actual Rows": 14, "Actual Loops": 1, "Recheck Cond": "(keyword_id = k.id)", "Rows Removed by Index Recheck": 0, "Exact Heap Blocks": 13, "Lossy Heap Blocks": 13, "Plans": [{"Node Type": "Bitmap Index Scan", "Parent Relationship": "Outer", "Index Name": "keyword_id_movie_keyword", "Startup Cost": 0.0, "Total Cost": 4.5, "Plan Rows": 33, "Plan Width": 0, "Actual Startup Time": 0.019, "Actual Total Time": 0.019, "Actual Rows": 14, "Actual Loops": 1, "Index Cond": "(keyword_id = k.id)"}]}]}, {"Node Type": "Bitmap Heap Scan", "Parent Relationship": "Inner", "Relation Name": "title", "Alias": "t", "Startup Cost": 0.27, "Total Cost": 4.28, "Plan Rows": 1, "Plan Width": 21, "Actual Startup Time": 0.736, "Actual Total Time": 0.736, "Actual Rows": 11, "Actual Loops": 14, "Recheck Cond": "(id = mk.movie_id)", "Rows Removed by Index Recheck": 0, "Filter": "(production_year > 2010)", "Rows Removed by Filter": 3, "Exact Heap Blocks": 14, "Lossy Heap Blocks": 14, "Plans": [{"Node Type": "Bitmap Index Scan", "Parent Relationship": "Outer", "Index Name": "title_pkey", "Startup Cost": 0.0, "Total Cost": 0.27, "Plan Rows": 1, "Plan Width": 0, "Actual Startup Time": 0.426, "Actual Total Time": 0.426, "Actual Rows": 14, "Actual Loops": 14, "Index Cond": "(id = mk.movie_id)"}]}]}, {"Node Type": "Bitmap Heap Scan", "Parent Relationship": "Inner", "Relation Name": "cast_info", "Alias": "ci", "Startup Cost": 0.42, "Total Cost": 4.49, "Plan Rows": 6, "Plan Width": 8, "Actual Startup Time": 0.609, "Actual Total Time": 2.58, "Actual Rows": 1224, "Actual Loops": 11, "Recheck Cond": "(movie_id = mk.movie_id)", "Rows Removed by Index Recheck": 0, "Exact Heap Blocks": 1166, "Lossy Heap Blocks": 1166, "Plans": [{"Node Type": "Bitmap Index Scan", "Parent Relationship": "Outer", "Index Name": "movie_id_cast_info", "Startup Cost": 0.0, "Total Cost": 0.42, "Plan Rows": 6, "Plan Width": 0, "Actual Startup Time": 0.383, "Actual Total Time": 0.383, "Actual Rows": 1224, "Actual Loops": 11, "Index Cond": "(movie_id = mk.movie_id)"}]}]}, {"Node Type": "Bitmap Heap Scan", "Parent Relationship": "Inner", "Relation Name": "name", "Alias": "n", "Startup Cost": 0.26, "Total Cost": 4.27, "Plan Rows": 1, "Plan Width": 19, "Actual Startup Time": 7.233, "Actual Total Time": 7.233, "Actual Rows": 6, "Actual Loops": 1224, "Recheck Cond": "(id = ci.person_id)", "Rows Removed by Index Recheck": 0, "Filter": "((name)::text ~~ '%Downey%Robert%'::text)", "Rows Removed by Filter": 1218, "Exact Heap Blocks": 1224, "Lossy Heap Blocks": 1224, "Plans": [{"Node Type": "Bitmap Index Scan", "Parent Relationship": "Outer", "Index Name": "name_pkey", "Startup Cost": 0.0, "Total Cost": 0.26, "Plan Rows": 1, "Plan Width": 0, "Actual Startup Time": 4.403, "Actual Total Time": 4.403, "Actual Rows": 1224, "Actual Loops": 1224, "Index Cond": "(id = ci.person_id)"}]}]}]}, "Triggers": [], "Planner Runtime": 12.374, "Total Runtime": 53.382, "Unique SQL Id": 4208751436}}, "(16, '23')": {"explain_plan": {"Plan": {"Node Type": "Aggregate", "Strategy": "Plain", "Startup Cost": 4529.32, "Total Cost": 4529.33, "Plan Rows": 1, "Plan Width": 144, "Plans": [{"Node Type": "Nested Loop", "Parent Relationship": "Outer", "Join Type": "Inner", "Startup Cost": 724.55, "Total Cost": 4528.25, "Plan Rows": 143, "Plan Width": 48, "Inner Unique": true, "Plans": [{"Node Type": "Nested Loop", "Parent Relationship": "Outer", "Join Type": "Inner", "Startup Cost": 724.29, "Total Cost": 3594.24, "Plan Rows": 218, "Plan Width": 37, "Inner Unique": false, "Join Filter": "(t.id = ci.movie_id)", "Plans": [{"Node Type": "Nested Loop", "Parent Relationship": "Outer", "Join Type": "Inner", "Startup Cost": 723.87, "Total Cost": 3429.72, "Plan Rows": 36, "Plan Width": 41, "Inner Unique": true, "Plans": [{"Node Type": "Nested Loop", "Parent Relationship": "Outer", "Join Type": "Inner", "Startup Cost": 723.6, "Total Cost": 3288.12, "Plan Rows": 33, "Plan Width": 20, "Inner Unique": false, "Plans": [{"Node Type": "Bitmap Heap Scan", "Parent Relationship": "Outer", "Relation Name": "keyword", "Alias": "k", "Startup Cost": 719.1, "Total Cost": 3155.21, "Plan Rows": 1, "Plan Width": 20, "Filter": "((keyword)::text = 'marvel-cinematic-universe'::text)", "Plans": [{"Node Type": "Bitmap Index Scan", "Parent Relationship": "Outer", "Index Name": "keyword_pkey", "Startup Cost": 0.0, "Total Cost": 719.1, "Plan Rows": 134169, "Plan Width": 0}]}, {"Node Type": "Bitmap Heap Scan", "Parent Relationship": "Inner", "Relation Name": "movie_keyword", "Alias": "mk", "Startup Cost": 4.51, "Total Cost": 132.58, "Plan Rows": 33, "Plan Width": 8, "Recheck Cond": "(keyword_id = k.id)", "Plans": [{"Node Type": "Bitmap Index Scan", "Parent Relationship": "Outer", "Index Name": "keyword_id_movie_keyword", "Startup Cost": 0.0, "Total Cost": 4.5, "Plan Rows": 33, "Plan Width": 0, "Index Cond": "(keyword_id = k.id)"}]}]}, {"Node Type": "Bitmap Heap Scan", "Parent Relationship": "Inner", "Relation Name": "title", "Alias": "t", "Startup Cost": 0.27, "Total Cost": 4.28, "Plan Rows": 1, "Plan Width": 21, "Recheck Cond": "(id = mk.movie_id)", "Filter": "(production_year > 2010)", "Plans": [{"Node Type": "Bitmap Index Scan", "Parent Relationship": "Outer", "Index Name": "title_pkey", "Startup Cost": 0.0, "Total Cost": 0.27, "Plan Rows": 1, "Plan Width": 0, "Index Cond": "(id = mk.movie_id)"}]}]}, {"Node Type": "Bitmap Heap Scan", "Parent Relationship": "Inner", "Relation Name": "cast_info", "Alias": "ci", "Startup Cost": 0.42, "Total Cost": 4.49, "Plan Rows": 6, "Plan Width": 8, "Recheck Cond": "(movie_id = mk.movie_id)", "Plans": [{"Node Type": "Bitmap Index Scan", "Parent Relationship": "Outer", "Index Name": "movie_id_cast_info", "Startup Cost": 0.0, "Total Cost": 0.42, "Plan Rows": 6, "Plan Width": 0, "Index Cond": "(movie_id = mk.movie_id)"}]}]}, {"Node Type": "Bitmap Heap Scan", "Parent Relationship": "Inner", "Relation Name": "name", "Alias": "n", "Startup Cost": 0.26, "Total Cost": 4.27, "Plan Rows": 1, "Plan Width": 19, "Recheck Cond": "(id = ci.person_id)", "Filter": "((name)::text ~~ '%Downey%Robert%'::text)", "Plans": [{"Node Type": "Bitmap Index Scan", "Parent Relationship": "Outer", "Index Name": "name_pkey", "Startup Cost": 0.0, "Total Cost": 0.26, "Plan Rows": 1, "Plan Width": 0, "Index Cond": "(id = ci.person_id)"}]}]}]}, "Unique SQL Id": 4208751436, "Planner Runtime": 5}, "explain_analyze_plan": {"Plan": {"Node Type": "Aggregate", "Strategy": "Plain", "Startup Cost": 4529.32, "Total Cost": 4529.33, "Plan Rows": 1, "Plan Width": 144, "Actual Startup Time": 72.661, "Actual Total Time": 72.661, "Actual Rows": 1, "Actual Loops": 1, "Plans": [{"Node Type": "Nested Loop", "Parent Relationship": "Outer", "Join Type": "Inner", "Startup Cost": 724.55, "Total Cost": 4528.25, "Plan Rows": 143, "Plan Width": 48, "Actual Startup Time": 14.187, "Actual Total Time": 72.625, "Actual Rows": 6, "Actual Loops": 1, "Inner Unique": true, "Plans": [{"Node Type": "Nested Loop", "Parent Relationship": "Outer", "Join Type": "Inner", "Startup Cost": 724.29, "Total Cost": 3594.24, "Plan Rows": 218, "Plan Width": 37, "Actual Startup Time": 12.089, "Actual Total Time": 64.002, "Actual Rows": 1224, "Actual Loops": 1, "Inner Unique": false, "Join Filter": "(t.id = ci.movie_id)", "Rows Removed by Join Filter": 0, "Plans": [{"Node Type": "Nested Loop", "Parent Relationship": "Outer", "Join Type": "Inner", "Startup Cost": 723.87, "Total Cost": 3429.72, "Plan Rows": 36, "Plan Width": 41, "Actual Startup Time": 12.062, "Actual Total Time": 60.973, "Actual Rows": 11, "Actual Loops": 1, "Inner Unique": true, "Plans": [{"Node Type": "Nested Loop", "Parent Relationship": "Outer", "Join Type": "Inner", "Startup Cost": 723.6, "Total Cost": 3288.12, "Plan Rows": 33, "Plan Width": 20, "Actual Startup Time": 12.043, "Actual Total Time": 60.833, "Actual Rows": 14, "Actual Loops": 1, "Inner Unique": false, "Plans": [{"Node Type": "Bitmap Heap Scan", "Parent Relationship": "Outer", "Relation Name": "keyword", "Alias": "k", "Startup Cost": 719.1, "Total Cost": 3155.21, "Plan Rows": 1, "Plan Width": 20, "Actual Startup Time": 12.006, "Actual Total Time": 60.762, "Actual Rows": 1, "Actual Loops": 1, "Filter": "((keyword)::text = 'marvel-cinematic-universe'::text)", "Rows Removed by Filter": 134168, "Exact Heap Blocks": 759, "Lossy Heap Blocks": 759, "Plans": [{"Node Type": "Bitmap Index Scan", "Parent Relationship": "Outer", "Index Name": "keyword_pkey", "Startup Cost": 0.0, "Total Cost": 719.1, "Plan Rows": 134169, "Plan Width": 0, "Actual Startup Time": 10.585, "Actual Total Time": 10.585, "Actual Rows": 134169, "Actual Loops": 1}]}, {"Node Type": "Bitmap Heap Scan", "Parent Relationship": "Inner", "Relation Name": "movie_keyword", "Alias": "mk", "Startup Cost": 4.51, "Total Cost": 132.58, "Plan Rows": 33, "Plan Width": 8, "Actual Startup Time": 0.026, "Actual Total Time": 0.054, "Actual Rows": 14, "Actual Loops": 1, "Recheck Cond": "(keyword_id = k.id)", "Rows Removed by Index Recheck": 0, "Exact Heap Blocks": 13, "Lossy Heap Blocks": 13, "Plans": [{"Node Type": "Bitmap Index Scan", "Parent Relationship": "Outer", "Index Name": "keyword_id_movie_keyword", "Startup Cost": 0.0, "Total Cost": 4.5, "Plan Rows": 33, "Plan Width": 0, "Actual Startup Time": 0.018, "Actual Total Time": 0.018, "Actual Rows": 14, "Actual Loops": 1, "Index Cond": "(keyword_id = k.id)"}]}]}, {"Node Type": "Bitmap Heap Scan", "Parent Relationship": "Inner", "Relation Name": "title", "Alias": "t", "Startup Cost": 0.27, "Total Cost": 4.28, "Plan Rows": 1, "Plan Width": 21, "Actual Startup Time": 0.113, "Actual Total Time": 0.113, "Actual Rows": 11, "Actual Loops": 14, "Recheck Cond": "(id = mk.movie_id)", "Rows Removed by Index Recheck": 0, "Filter": "(production_year > 2010)", "Rows Removed by Filter": 3, "Exact Heap Blocks": 14, "Lossy Heap Blocks": 14, "Plans": [{"Node Type": "Bitmap Index Scan", "Parent Relationship": "Outer", "Index Name": "title_pkey", "Startup Cost": 0.0, "Total Cost": 0.27, "Plan Rows": 1, "Plan Width": 0, "Actual Startup Time": 0.065, "Actual Total Time": 0.065, "Actual Rows": 14, "Actual Loops": 14, "Index Cond": "(id = mk.movie_id)"}]}]}, {"Node Type": "Bitmap Heap Scan", "Parent Relationship": "Inner", "Relation Name": "cast_info", "Alias": "ci", "Startup Cost": 0.42, "Total Cost": 4.49, "Plan Rows": 6, "Plan Width": 8, "Actual Startup Time": 0.561, "Actual Total Time": 2.548, "Actual Rows": 1224, "Actual Loops": 11, "Recheck Cond": "(movie_id = mk.movie_id)", "Rows Removed by Index Recheck": 0, "Exact Heap Blocks": 1166, "Lossy Heap Blocks": 1166, "Plans": [{"Node Type": "Bitmap Index Scan", "Parent Relationship": "Outer", "Index Name": "movie_id_cast_info", "Startup Cost": 0.0, "Total Cost": 0.42, "Plan Rows": 6, "Plan Width": 0, "Actual Startup Time": 0.352, "Actual Total Time": 0.352, "Actual Rows": 1224, "Actual Loops": 11, "Index Cond": "(movie_id = mk.movie_id)"}]}]}, {"Node Type": "Bitmap Heap Scan", "Parent Relationship": "Inner", "Relation Name": "name", "Alias": "n", "Startup Cost": 0.26, "Total Cost": 4.27, "Plan Rows": 1, "Plan Width": 19, "Actual Startup Time": 7.211, "Actual Total Time": 7.211, "Actual Rows": 6, "Actual Loops": 1224, "Recheck Cond": "(id = ci.person_id)", "Rows Removed by Index Recheck": 0, "Filter": "((name)::text ~~ '%Downey%Robert%'::text)", "Rows Removed by Filter": 1218, "Exact Heap Blocks": 1224, "Lossy Heap Blocks": 1224, "Plans": [{"Node Type": "Bitmap Index Scan", "Parent Relationship": "Outer", "Index Name": "name_pkey", "Startup Cost": 0.0, "Total Cost": 0.26, "Plan Rows": 1, "Plan Width": 0, "Actual Startup Time": 4.359, "Actual Total Time": 4.359, "Actual Rows": 1224, "Actual Loops": 1224, "Index Cond": "(id = ci.person_id)"}]}]}]}, "Triggers": [], "Planner Runtime": 6.386, "Total Runtime": 72.949, "Unique SQL Id": 4208751436}}, "(16, '24')": {"explain_plan": {"Plan": {"Node Type": "Aggregate", "Strategy": "Plain", "Startup Cost": 2657.42, "Total Cost": 2657.43, "Plan Rows": 1, "Plan Width": 144, "Plans": [{"Node Type": "Nested Loop", "Parent Relationship": "Outer", "Join Type": "Inner", "Startup Cost": 0.0, "Total Cost": 2657.41, "Plan Rows": 1, "Plan Width": 48, "Inner Unique": true, "Join Filter": "(mk.movie_id = t.id)", "Plans": [{"Node Type": "Nested Loop", "Parent Relationship": "Outer", "Join Type": "Inner", "Startup Cost": 0.0, "Total Cost": 2657.12, "Plan Rows": 1, "Plan Width": 39, "Inner Unique": true, "Plans": [{"Node Type": "Nested Loop", "Parent Relationship": "Outer", "Join Type": "Inner", "Startup Cost": 0.0, "Total Cost": 2598.56, "Plan Rows": 202, "Plan Width": 28, "Inner Unique": false, "Plans": [{"Node Type": "Nested Loop", "Parent Relationship": "Outer", "Join Type": "Inner", "Startup Cost": 0.0, "Total Cost": 2573.32, "Plan Rows": 33, "Plan Width": 20, "Inner Unique": false, "Plans": [{"Node Type": "Seq Scan", "Parent Relationship": "Outer", "Relation Name": "keyword", "Alias": "k", "Startup Cost": 0.0, "Total Cost": 2436.11, "Plan Rows": 1, "Plan Width": 20, "Filter": "((keyword)::text = 'marvel-cinematic-universe'::text)"}, {"Node Type": "Index Scan", "Parent Relationship": "Inner", "Scan Direction": "Forward", "Index Name": "keyword_id_movie_keyword", "Relation Name": "movie_keyword", "Alias": "mk", "Startup Cost": 0.0, "Total Cost": 136.88, "Plan Rows": 33, "Plan Width": 8, "Index Cond": "(keyword_id = k.id)"}]}, {"Node Type": "Index Scan", "Parent Relationship": "Inner", "Scan Direction": "Forward", "Index Name": "movie_id_cast_info", "Relation Name": "cast_info", "Alias": "ci", "Startup Cost": 0.0, "Total Cost": 0.7, "Plan Rows": 6, "Plan Width": 8, "Index Cond": "(movie_id = mk.movie_id)"}]}, {"Node Type": "Index Scan", "Parent Relationship": "Inner", "Scan Direction": "Forward", "Index Name": "name_pkey", "Relation Name": "name", "Alias": "n", "Startup Cost": 0.0, "Total Cost": 0.28, "Plan Rows": 1, "Plan Width": 19, "Index Cond": "(id = ci.person_id)", "Filter": "((name)::text ~~ '%Downey%Robert%'::text)"}]}, {"Node Type": "Index Scan", "Parent Relationship": "Inner", "Scan Direction": "Forward", "Index Name": "title_pkey", "Relation Name": "title", "Alias": "t", "Startup Cost": 0.0, "Total Cost": 0.28, "Plan Rows": 1, "Plan Width": 21, "Index Cond": "(id = ci.movie_id)", "Filter": "(production_year > 2010)"}]}]}, "Unique SQL Id": 4208751436, "Planner Runtime": 5}, "explain_analyze_plan": {"Plan": {"Node Type": "Aggregate", "Strategy": "Plain", "Startup Cost": 2657.42, "Total Cost": 2657.43, "Plan Rows": 1, "Plan Width": 144, "Actual Startup Time": 49.573, "Actual Total Time": 49.573, "Actual Rows": 1, "Actual Loops": 1, "Plans": [{"Node Type": "Nested Loop", "Parent Relationship": "Outer", "Join Type": "Inner", "Startup Cost": 0.0, "Total Cost": 2657.41, "Plan Rows": 1, "Plan Width": 48, "Actual Startup Time": 2.65, "Actual Total Time": 49.529, "Actual Rows": 6, "Actual Loops": 1, "Inner Unique": true, "Join Filter": "(mk.movie_id = t.id)", "Rows Removed by Join Filter": 0, "Plans": [{"Node Type": "Nested Loop", "Parent Relationship": "Outer", "Join Type": "Inner", "Startup Cost": 0.0, "Total Cost": 2657.12, "Plan Rows": 1, "Plan Width": 39, "Actual Startup Time": 2.627, "Actual Total Time": 49.472, "Actual Rows": 6, "Actual Loops": 1, "Inner Unique": true, "Plans": [{"Node Type": "Nested Loop", "Parent Relationship": "Outer", "Join Type": "Inner", "Startup Cost": 0.0, "Total Cost": 2598.56, "Plan Rows": 202, "Plan Width": 28, "Actual Startup Time": 1.088, "Actual Total Time": 42.692, "Actual Rows": 1242, "Actual Loops": 1, "Inner Unique": false, "Plans": [{"Node Type": "Nested Loop", "Parent Relationship": "Outer", "Join Type": "Inner", "Startup Cost": 0.0, "Total Cost": 2573.32, "Plan Rows": 33, "Plan Width": 20, "Actual Startup Time": 1.074, "Actual Total Time": 40.525, "Actual Rows": 14, "Actual Loops": 1, "Inner Unique": false, "Plans": [{"Node Type": "Seq Scan", "Parent Relationship": "Outer", "Relation Name": "keyword", "Alias": "k", "Startup Cost": 0.0, "Total Cost": 2436.11, "Plan Rows": 1, "Plan Width": 20, "Actual Startup Time": 1.052, "Actual Total Time": 40.474, "Actual Rows": 1, "Actual Loops": 1, "Filter": "((keyword)::text = 'marvel-cinematic-universe'::text)", "Rows Removed by Filter": 134168}, {"Node Type": "Index Scan", "Parent Relationship": "Inner", "Scan Direction": "Forward", "Index Name": "keyword_id_movie_keyword", "Relation Name": "movie_keyword", "Alias": "mk", "Startup Cost": 0.0, "Total Cost": 136.88, "Plan Rows": 33, "Plan Width": 8, "Actual Startup Time": 0.016, "Actual Total Time": 0.039, "Actual Rows": 14, "Actual Loops": 1, "Index Cond": "(keyword_id = k.id)", "Rows Removed by Index Recheck": 0}]}, {"Node Type": "Index Scan", "Parent Relationship": "Inner", "Scan Direction": "Forward", "Index Name": "movie_id_cast_info", "Relation Name": "cast_info", "Alias": "ci", "Startup Cost": 0.0, "Total Cost": 0.7, "Plan Rows": 6, "Plan Width": 8, "Actual Startup Time": 0.16, "Actual Total Time": 1.838, "Actual Rows": 1242, "Actual Loops": 14, "Index Cond": "(movie_id = mk.movie_id)", "Rows Removed by Index Recheck": 0}]}, {"Node Type": "Index Scan", "Parent Relationship": "Inner", "Scan Direction": "Forward", "Index Name": "name_pkey", "Relation Name": "name", "Alias": "n", "Startup Cost": 0.0, "Total Cost": 0.28, "Plan Rows": 1, "Plan Width": 19, "Actual Startup Time": 6.167, "Actual Total Time": 6.167, "Actual Rows": 6, "Actual Loops": 1242, "Index Cond": "(id = ci.person_id)", "Rows Removed by Index Recheck": 0, "Filter": "((name)::text ~~ '%Downey%Robert%'::text)", "Rows Removed by Filter": 1236}]}, {"Node Type": "Index Scan", "Parent Relationship": "Inner", "Scan Direction": "Forward", "Index Name": "title_pkey", "Relation Name": "title", "Alias": "t", "Startup Cost": 0.0, "Total Cost": 0.28, "Plan Rows": 1, "Plan Width": 21, "Actual Startup Time": 0.038, "Actual Total Time": 0.038, "Actual Rows": 6, "Actual Loops": 6, "Index Cond": "(id = ci.movie_id)", "Rows Removed by Index Recheck": 0, "Filter": "(production_year > 2010)", "Rows Removed by Filter": 0}]}]}, "Triggers": [], "Planner Runtime": 8.574, "Total Runtime": 49.842, "Unique SQL Id": 4208751436}}, "(16, '25')": {"explain_plan": {"Plan": {"Node Type": "Aggregate", "Strategy": "Plain", "Startup Cost": 3404.02, "Total Cost": 3404.03, "Plan Rows": 1, "Plan Width": 144, "Plans": [{"Node Type": "Nested Loop", "Parent Relationship": "Outer", "Join Type": "Inner", "Startup Cost": 0.0, "Total Cost": 3404.01, "Plan Rows": 1, "Plan Width": 48, "Inner Unique": true, "Join Filter": "(mk.movie_id = t.id)", "Plans": [{"Node Type": "Nested Loop", "Parent Relationship": "Outer", "Join Type": "Inner", "Startup Cost": 0.0, "Total Cost": 3403.72, "Plan Rows": 1, "Plan Width": 39, "Inner Unique": true, "Plans": [{"Node Type": "Nested Loop", "Parent Relationship": "Outer", "Join Type": "Inner", "Startup Cost": 0.0, "Total Cost": 3345.17, "Plan Rows": 202, "Plan Width": 28, "Inner Unique": false, "Plans": [{"Node Type": "Nested Loop", "Parent Relationship": "Outer", "Join Type": "Inner", "Startup Cost": 0.0, "Total Cost": 3319.92, "Plan Rows": 33, "Plan Width": 20, "Inner Unique": false, "Plans": [{"Node Type": "Index Scan", "Parent Relationship": "Outer", "Scan Direction": "Forward", "Index Name": "keyword_pkey", "Relation Name": "keyword", "Alias": "k", "Startup Cost": 0.0, "Total Cost": 3182.72, "Plan Rows": 1, "Plan Width": 20, "Filter": "((keyword)::text = 'marvel-cinematic-universe'::text)"}, {"Node Type": "Index Scan", "Parent Relationship": "Inner", "Scan Direction": "Forward", "Index Name": "keyword_id_movie_keyword", "Relation Name": "movie_keyword", "Alias": "mk", "Startup Cost": 0.0, "Total Cost": 136.88, "Plan Rows": 33, "Plan Width": 8, "Index Cond": "(keyword_id = k.id)"}]}, {"Node Type": "Index Scan", "Parent Relationship": "Inner", "Scan Direction": "Forward", "Index Name": "movie_id_cast_info", "Relation Name": "cast_info", "Alias": "ci", "Startup Cost": 0.0, "Total Cost": 0.7, "Plan Rows": 6, "Plan Width": 8, "Index Cond": "(movie_id = mk.movie_id)"}]}, {"Node Type": "Index Scan", "Parent Relationship": "Inner", "Scan Direction": "Forward", "Index Name": "name_pkey", "Relation Name": "name", "Alias": "n", "Startup Cost": 0.0, "Total Cost": 0.28, "Plan Rows": 1, "Plan Width": 19, "Index Cond": "(id = ci.person_id)", "Filter": "((name)::text ~~ '%Downey%Robert%'::text)"}]}, {"Node Type": "Index Scan", "Parent Relationship": "Inner", "Scan Direction": "Forward", "Index Name": "title_pkey", "Relation Name": "title", "Alias": "t", "Startup Cost": 0.0, "Total Cost": 0.28, "Plan Rows": 1, "Plan Width": 21, "Index Cond": "(id = ci.movie_id)", "Filter": "(production_year > 2010)"}]}]}, "Unique SQL Id": 4208751436, "Planner Runtime": 4}, "explain_analyze_plan": {"Plan": {"Node Type": "Aggregate", "Strategy": "Plain", "Startup Cost": 3404.02, "Total Cost": 3404.03, "Plan Rows": 1, "Plan Width": 144, "Actual Startup Time": 129.093, "Actual Total Time": 129.094, "Actual Rows": 1, "Actual Loops": 1, "Plans": [{"Node Type": "Nested Loop", "Parent Relationship": "Outer", "Join Type": "Inner", "Startup Cost": 0.0, "Total Cost": 3404.01, "Plan Rows": 1, "Plan Width": 48, "Actual Startup Time": 8.547, "Actual Total Time": 129.04, "Actual Rows": 6, "Actual Loops": 1, "Inner Unique": true, "Join Filter": "(mk.movie_id = t.id)", "Rows Removed by Join Filter": 0, "Plans": [{"Node Type": "Nested Loop", "Parent Relationship": "Outer", "Join Type": "Inner", "Startup Cost": 0.0, "Total Cost": 3403.72, "Plan Rows": 1, "Plan Width": 39, "Actual Startup Time": 8.53, "Actual Total Time": 128.988, "Actual Rows": 6, "Actual Loops": 1, "Inner Unique": true, "Plans": [{"Node Type": "Nested Loop", "Parent Relationship": "Outer", "Join Type": "Inner", "Startup Cost": 0.0, "Total Cost": 3345.17, "Plan Rows": 202, "Plan Width": 28, "Actual Startup Time": 6.99, "Actual Total Time": 122.056, "Actual Rows": 1242, "Actual Loops": 1, "Inner Unique": false, "Plans": [{"Node Type": "Nested Loop", "Parent Relationship": "Outer", "Join Type": "Inner", "Startup Cost": 0.0, "Total Cost": 3319.92, "Plan Rows": 33, "Plan Width": 20, "Actual Startup Time": 6.977, "Actual Total Time": 119.872, "Actual Rows": 14, "Actual Loops": 1, "Inner Unique": false, "Plans": [{"Node Type": "Index Scan", "Parent Relationship": "Outer", "Scan Direction": "Forward", "Index Name": "keyword_pkey", "Relation Name": "keyword", "Alias": "k", "Startup Cost": 0.0, "Total Cost": 3182.72, "Plan Rows": 1, "Plan Width": 20, "Actual Startup Time": 6.958, "Actual Total Time": 119.824, "Actual Rows": 1, "Actual Loops": 1, "Filter": "((keyword)::text = 'marvel-cinematic-universe'::text)", "Rows Removed by Filter": 134168}, {"Node Type": "Index Scan", "Parent Relationship": "Inner", "Scan Direction": "Forward", "Index Name": "keyword_id_movie_keyword", "Relation Name": "movie_keyword", "Alias": "mk", "Startup Cost": 0.0, "Total Cost": 136.88, "Plan Rows": 33, "Plan Width": 8, "Actual Startup Time": 0.012, "Actual Total Time": 0.032, "Actual Rows": 14, "Actual Loops": 1, "Index Cond": "(keyword_id = k.id)", "Rows Removed by Index Recheck": 0}]}, {"Node Type": "Index Scan", "Parent Relationship": "Inner", "Scan Direction": "Forward", "Index Name": "movie_id_cast_info", "Relation Name": "cast_info", "Alias": "ci", "Startup Cost": 0.0, "Total Cost": 0.7, "Plan Rows": 6, "Plan Width": 8, "Actual Startup Time": 0.158, "Actual Total Time": 1.852, "Actual Rows": 1242, "Actual Loops": 14, "Index Cond": "(movie_id = mk.movie_id)", "Rows Removed by Index Recheck": 0}]}, {"Node Type": "Index Scan", "Parent Relationship": "Inner", "Scan Direction": "Forward", "Index Name": "name_pkey", "Relation Name": "name", "Alias": "n", "Startup Cost": 0.0, "Total Cost": 0.28, "Plan Rows": 1, "Plan Width": 19, "Actual Startup Time": 6.301, "Actual Total Time": 6.301, "Actual Rows": 6, "Actual Loops": 1242, "Index Cond": "(id = ci.person_id)", "Rows Removed by Index Recheck": 0, "Filter": "((name)::text ~~ '%Downey%Robert%'::text)", "Rows Removed by Filter": 1236}]}, {"Node Type": "Index Scan", "Parent Relationship": "Inner", "Scan Direction": "Forward", "Index Name": "title_pkey", "Relation Name": "title", "Alias": "t", "Startup Cost": 0.0, "Total Cost": 0.28, "Plan Rows": 1, "Plan Width": 21, "Actual Startup Time": 0.038, "Actual Total Time": 0.038, "Actual Rows": 6, "Actual Loops": 6, "Index Cond": "(id = ci.movie_id)", "Rows Removed by Index Recheck": 0, "Filter": "(production_year > 2010)", "Rows Removed by Filter": 0}]}]}, "Triggers": [], "Planner Runtime": 8.278, "Total Runtime": 129.388, "Unique SQL Id": 4208751436}}, "(16, '26')": {"explain_plan": {"Plan": {"Node Type": "Aggregate", "Strategy": "Plain", "Startup Cost": 385221.74, "Total Cost": 385221.75, "Plan Rows": 1, "Plan Width": 144, "Plans": [{"Node Type": "Nested Loop", "Parent Relationship": "Outer", "Join Type": "Inner", "Startup Cost": 0.0, "Total Cost": 385221.73, "Plan Rows": 1, "Plan Width": 48, "Inner Unique": true, "Join Filter": "(mk.movie_id = t.id)", "Plans": [{"Node Type": "Nested Loop", "Parent Relationship": "Outer", "Join Type": "Inner", "Startup Cost": 0.0, "Total Cost": 352730.91, "Plan Rows": 1, "Plan Width": 39, "Inner Unique": false, "Join Filter": "(ci.person_id = n.id)", "Plans": [{"Node Type": "Streaming(type: LOCAL GATHER dop: 1/16)", "Parent Relationship": "Outer", "Startup Cost": 0.0, "Total Cost": 21477.12, "Plan Rows": 415, "Plan Width": 19, "Plans": [{"Node Type": "Seq Scan", "Parent Relationship": "Outer", "Relation Name": "name", "Alias": "n", "Startup Cost": 0.0, "Total Cost": 21468.16, "Plan Rows": 415, "Plan Width": 19, "Filter": "((name)::text ~~ '%Downey%Robert%'::text)"}]}, {"Node Type": "Materialize", "Parent Relationship": "Inner", "Startup Cost": 0.0, "Total Cost": 329996.85, "Plan Rows": 202, "Plan Width": 28, "Plans": [{"Node Type": "Streaming(type: LOCAL GATHER dop: 1/16)", "Parent Relationship": "Outer", "Startup Cost": 0.0, "Total Cost": 329995.84, "Plan Rows": 202, "Plan Width": 28, "Plans": [{"Node Type": "Nested Loop", "Parent Relationship": "Outer", "Join Type": "Inner", "Startup Cost": 0.0, "Total Cost": 329991.48, "Plan Rows": 202, "Plan Width": 28, "Inner Unique": false, "Join Filter": "(mk.movie_id = ci.movie_id)", "Plans": [{"Node Type": "Streaming(type: LOCAL REDISTRIBUTE dop: 16/16)", "Parent Relationship": "Outer", "Startup Cost": 0.0, "Total Cost": 205006.86, "Plan Rows": 36259494, "Plan Width": 8, "Plans": [{"Node Type": "Seq Scan", "Parent Relationship": "Outer", "Relation Name": "cast_info", "Alias": "ci", "Startup Cost": 0.0, "Total Cost": 52617.37, "Plan Rows": 36259494, "Plan Width": 8}]}, {"Node Type": "Materialize", "Parent Relationship": "Inner", "Startup Cost": 0.0, "Total Cost": 54873.49, "Plan Rows": 33, "Plan Width": 20, "Plans": [{"Node Type": "Streaming(type: LOCAL REDISTRIBUTE dop: 16/16)", "Parent Relationship": "Outer", "Startup Cost": 0.0, "Total Cost": 54873.48, "Plan Rows": 33, "Plan Width": 20, "Plans": [{"Node Type": "Nested Loop", "Parent Relationship": "Outer", "Join Type": "Inner", "Startup Cost": 0.0, "Total Cost": 39873.36, "Plan Rows": 33, "Plan Width": 20, "Inner Unique": false, "Join Filter": "(k.id = mk.keyword_id)", "Plans": [{"Node Type": "Streaming(type: BROADCAST dop: 16/1)", "Parent Relationship": "Outer", "Startup Cost": 0.0, "Total Cost": 17436.46, "Plan Rows": 16, "Plan Width": 20, "Plans": [{"Node Type": "Seq Scan", "Parent Relationship": "Outer", "Relation Name": "keyword", "Alias": "k", "Startup Cost": 0.0, "Total Cost": 2436.11, "Plan Rows": 1, "Plan Width": 20, "Filter": "((keyword)::text = 'marvel-cinematic-universe'::text)"}]}, {"Node Type": "Seq Scan", "Parent Relationship": "Inner", "Relation Name": "movie_keyword", "Alias": "mk", "Startup Cost": 0.0, "Total Cost": 18902.58, "Plan Rows": 4523929, "Plan Width": 8}]}]}]}]}]}]}]}, {"Node Type": "Materialize", "Parent Relationship": "Inner", "Startup Cost": 0.0, "Total Cost": 28576.3, "Plan Rows": 391451, "Plan Width": 21, "Plans": [{"Node Type": "Streaming(type: LOCAL GATHER dop: 1/16)", "Parent Relationship": "Outer", "Startup Cost": 0.0, "Total Cost": 27597.68, "Plan Rows": 391451, "Plan Width": 21, "Plans": [{"Node Type": "Seq Scan", "Parent Relationship": "Outer", "Relation Name": "title", "Alias": "t", "Startup Cost": 0.0, "Total Cost": 19149.37, "Plan Rows": 391451, "Plan Width": 21, "Filter": "(production_year > 2010), (LLVM Optimized)"}]}]}]}]}, "Unique SQL Id": 4208751436, "Planner Runtime": 5}, "explain_analyze_plan": null}, "(16, '27')": {"explain_plan": {"Plan": {"Node Type": "Aggregate", "Strategy": "Plain", "Startup Cost": 4973004114307.04, "Total Cost": 4973004114307.05, "Plan Rows": 1, "Plan Width": 144, "Plans": [{"Node Type": "Merge Join", "Parent Relationship": "Outer", "Join Type": "Inner", "Startup Cost": 50152554249.12, "Total Cost": 4973004114305.4, "Plan Rows": 218, "Plan Width": 48, "Inner Unique": true, "Merge Cond": "(mk.movie_id = t.id)", "Plans": [{"Node Type": "Nested Loop", "Parent Relationship": "Outer", "Join Type": "Inner", "Startup Cost": 40031158317.15, "Total Cost": 3973963636653.18, "Plan Rows": 202, "Plan Width": 39, "Inner Unique": false, "Join Filter": "(ci.movie_id = mk.movie_id)", "Plans": [{"Node Type": "Nested Loop", "Parent Relationship": "Outer", "Join Type": "Inner", "Startup Cost": 20000000000.0, "Total Cost": 2000015686764.79, "Plan Rows": 33, "Plan Width": 20, "Inner Unique": true, "Join Filter": "(k.id = mk.keyword_id)", "Plans": [{"Node Type": "Index Scan", "Parent Relationship": "Outer", "Scan Direction": "Forward", "Index Name": "movie_id_movie_keyword", "Relation Name": "movie_keyword", "Alias": "mk", "Startup Cost": 10000000000.0, "Total Cost": 1000015300634.17, "Plan Rows": 4523929, "Plan Width": 8}, {"Node Type": "Materialize", "Parent Relationship": "Inner", "Startup Cost": 10000000000.0, "Total Cost": 1000000318271.69, "Plan Rows": 1, "Plan Width": 20, "Plans": [{"Node Type": "Index Scan", "Parent Relationship": "Outer", "Scan Direction": "Forward", "Index Name": "keyword_pkey", "Relation Name": "keyword", "Alias": "k", "Startup Cost": 10000000000.0, "Total Cost": 1000000318271.68, "Plan Rows": 1, "Plan Width": 20, "Filter": "((keyword)::text = 'marvel-cinematic-universe'::text)"}]}]}, {"Node Type": "Materialize", "Parent Relationship": "Inner", "Startup Cost": 20031158317.15, "Total Cost": 1973947946184.79, "Plan Rows": 7520, "Plan Width": 19, "Plans": [{"Node Type": "Merge Join", "Parent Relationship": "Outer", "Join Type": "Inner", "Startup Cost": 20031158317.15, "Total Cost": 1973947946147.19, "Plan Rows": 7520, "Plan Width": 19, "Inner Unique": true, "Merge Cond": "(ci.person_id = n.id)", "Plans": [{"Node Type": "Index Scan", "Parent Relationship": "Outer", "Scan Direction": "Forward", "Index Name": "person_id_cast_info", "Relation Name": "cast_info", "Alias": "ci", "Startup Cost": 10000000000.0, "Total Cost": 1000170648833.21, "Plan Rows": 36259494, "Plan Width": 8}, {"Node Type": "Materialize", "Parent Relationship": "Inner", "Startup Cost": 10000000000.0, "Total Cost": 1000018665148.24, "Plan Rows": 415, "Plan Width": 19, "Plans": [{"Node Type": "Index Scan", "Parent Relationship": "Outer", "Scan Direction": "Forward", "Index Name": "name_pkey", "Relation Name": "name", "Alias": "n", "Startup Cost": 10000000000.0, "Total Cost": 1000018665147.2, "Plan Rows": 415, "Plan Width": 19, "Filter": "((name)::text ~~ '%Downey%Robert%'::text)"}]}]}]}]}, {"Node Type": "Index Scan", "Parent Relationship": "Inner", "Scan Direction": "Forward", "Index Name": "title_pkey", "Relation Name": "title", "Alias": "t", "Startup Cost": 10000000000.0, "Total Cost": 1000011644126.66, "Plan Rows": 391451, "Plan Width": 21, "Filter": "(production_year > 2010), (LLVM Optimized)"}]}]}, "Unique SQL Id": 4208751436, "Planner Runtime": 10}, "explain_analyze_plan": null}, "(16, '28')": {"explain_plan": {"Plan": {"Node Type": "Aggregate", "Strategy": "Plain", "Startup Cost": 2657.42, "Total Cost": 2657.43, "Plan Rows": 1, "Plan Width": 144, "Plans": [{"Node Type": "Nested Loop", "Parent Relationship": "Outer", "Join Type": "Inner", "Startup Cost": 0.0, "Total Cost": 2657.41, "Plan Rows": 1, "Plan Width": 48, "Inner Unique": true, "Join Filter": "(mk.movie_id = t.id)", "Plans": [{"Node Type": "Nested Loop", "Parent Relationship": "Outer", "Join Type": "Inner", "Startup Cost": 0.0, "Total Cost": 2657.12, "Plan Rows": 1, "Plan Width": 39, "Inner Unique": true, "Plans": [{"Node Type": "Nested Loop", "Parent Relationship": "Outer", "Join Type": "Inner", "Startup Cost": 0.0, "Total Cost": 2598.56, "Plan Rows": 202, "Plan Width": 28, "Inner Unique": false, "Plans": [{"Node Type": "Nested Loop", "Parent Relationship": "Outer", "Join Type": "Inner", "Startup Cost": 0.0, "Total Cost": 2573.32, "Plan Rows": 33, "Plan Width": 20, "Inner Unique": false, "Plans": [{"Node Type": "Seq Scan", "Parent Relationship": "Outer", "Relation Name": "keyword", "Alias": "k", "Startup Cost": 0.0, "Total Cost": 2436.11, "Plan Rows": 1, "Plan Width": 20, "Filter": "((keyword)::text = 'marvel-cinematic-universe'::text)"}, {"Node Type": "Index Scan", "Parent Relationship": "Inner", "Scan Direction": "Forward", "Index Name": "keyword_id_movie_keyword", "Relation Name": "movie_keyword", "Alias": "mk", "Startup Cost": 0.0, "Total Cost": 136.88, "Plan Rows": 33, "Plan Width": 8, "Index Cond": "(keyword_id = k.id)"}]}, {"Node Type": "Index Scan", "Parent Relationship": "Inner", "Scan Direction": "Forward", "Index Name": "movie_id_cast_info", "Relation Name": "cast_info", "Alias": "ci", "Startup Cost": 0.0, "Total Cost": 0.7, "Plan Rows": 6, "Plan Width": 8, "Index Cond": "(movie_id = mk.movie_id)"}]}, {"Node Type": "Index Scan", "Parent Relationship": "Inner", "Scan Direction": "Forward", "Index Name": "name_pkey", "Relation Name": "name", "Alias": "n", "Startup Cost": 0.0, "Total Cost": 0.28, "Plan Rows": 1, "Plan Width": 19, "Index Cond": "(id = ci.person_id)", "Filter": "((name)::text ~~ '%Downey%Robert%'::text)"}]}, {"Node Type": "Index Scan", "Parent Relationship": "Inner", "Scan Direction": "Forward", "Index Name": "title_pkey", "Relation Name": "title", "Alias": "t", "Startup Cost": 0.0, "Total Cost": 0.28, "Plan Rows": 1, "Plan Width": 21, "Index Cond": "(id = ci.movie_id)", "Filter": "(production_year > 2010)"}]}]}, "Unique SQL Id": 4208751436, "Planner Runtime": 5}, "explain_analyze_plan": {"Plan": {"Node Type": "Aggregate", "Strategy": "Plain", "Startup Cost": 2657.42, "Total Cost": 2657.43, "Plan Rows": 1, "Plan Width": 144, "Actual Startup Time": 49.573, "Actual Total Time": 49.573, "Actual Rows": 1, "Actual Loops": 1, "Plans": [{"Node Type": "Nested Loop", "Parent Relationship": "Outer", "Join Type": "Inner", "Startup Cost": 0.0, "Total Cost": 2657.41, "Plan Rows": 1, "Plan Width": 48, "Actual Startup Time": 2.65, "Actual Total Time": 49.529, "Actual Rows": 6, "Actual Loops": 1, "Inner Unique": true, "Join Filter": "(mk.movie_id = t.id)", "Rows Removed by Join Filter": 0, "Plans": [{"Node Type": "Nested Loop", "Parent Relationship": "Outer", "Join Type": "Inner", "Startup Cost": 0.0, "Total Cost": 2657.12, "Plan Rows": 1, "Plan Width": 39, "Actual Startup Time": 2.627, "Actual Total Time": 49.472, "Actual Rows": 6, "Actual Loops": 1, "Inner Unique": true, "Plans": [{"Node Type": "Nested Loop", "Parent Relationship": "Outer", "Join Type": "Inner", "Startup Cost": 0.0, "Total Cost": 2598.56, "Plan Rows": 202, "Plan Width": 28, "Actual Startup Time": 1.088, "Actual Total Time": 42.692, "Actual Rows": 1242, "Actual Loops": 1, "Inner Unique": false, "Plans": [{"Node Type": "Nested Loop", "Parent Relationship": "Outer", "Join Type": "Inner", "Startup Cost": 0.0, "Total Cost": 2573.32, "Plan Rows": 33, "Plan Width": 20, "Actual Startup Time": 1.074, "Actual Total Time": 40.525, "Actual Rows": 14, "Actual Loops": 1, "Inner Unique": false, "Plans": [{"Node Type": "Seq Scan", "Parent Relationship": "Outer", "Relation Name": "keyword", "Alias": "k", "Startup Cost": 0.0, "Total Cost": 2436.11, "Plan Rows": 1, "Plan Width": 20, "Actual Startup Time": 1.052, "Actual Total Time": 40.474, "Actual Rows": 1, "Actual Loops": 1, "Filter": "((keyword)::text = 'marvel-cinematic-universe'::text)", "Rows Removed by Filter": 134168}, {"Node Type": "Index Scan", "Parent Relationship": "Inner", "Scan Direction": "Forward", "Index Name": "keyword_id_movie_keyword", "Relation Name": "movie_keyword", "Alias": "mk", "Startup Cost": 0.0, "Total Cost": 136.88, "Plan Rows": 33, "Plan Width": 8, "Actual Startup Time": 0.016, "Actual Total Time": 0.039, "Actual Rows": 14, "Actual Loops": 1, "Index Cond": "(keyword_id = k.id)", "Rows Removed by Index Recheck": 0}]}, {"Node Type": "Index Scan", "Parent Relationship": "Inner", "Scan Direction": "Forward", "Index Name": "movie_id_cast_info", "Relation Name": "cast_info", "Alias": "ci", "Startup Cost": 0.0, "Total Cost": 0.7, "Plan Rows": 6, "Plan Width": 8, "Actual Startup Time": 0.16, "Actual Total Time": 1.838, "Actual Rows": 1242, "Actual Loops": 14, "Index Cond": "(movie_id = mk.movie_id)", "Rows Removed by Index Recheck": 0}]}, {"Node Type": "Index Scan", "Parent Relationship": "Inner", "Scan Direction": "Forward", "Index Name": "name_pkey", "Relation Name": "name", "Alias": "n", "Startup Cost": 0.0, "Total Cost": 0.28, "Plan Rows": 1, "Plan Width": 19, "Actual Startup Time": 6.167, "Actual Total Time": 6.167, "Actual Rows": 6, "Actual Loops": 1242, "Index Cond": "(id = ci.person_id)", "Rows Removed by Index Recheck": 0, "Filter": "((name)::text ~~ '%Downey%Robert%'::text)", "Rows Removed by Filter": 1236}]}, {"Node Type": "Index Scan", "Parent Relationship": "Inner", "Scan Direction": "Forward", "Index Name": "title_pkey", "Relation Name": "title", "Alias": "t", "Startup Cost": 0.0, "Total Cost": 0.28, "Plan Rows": 1, "Plan Width": 21, "Actual Startup Time": 0.038, "Actual Total Time": 0.038, "Actual Rows": 6, "Actual Loops": 6, "Index Cond": "(id = ci.movie_id)", "Rows Removed by Index Recheck": 0, "Filter": "(production_year > 2010)", "Rows Removed by Filter": 0}]}]}, "Triggers": [], "Planner Runtime": 8.574, "Total Runtime": 49.842, "Unique SQL Id": 4208751436}}, "(16, '29')": {"explain_plan": {"Plan": {"Node Type": "Aggregate", "Strategy": "Plain", "Startup Cost": 3404.02, "Total Cost": 3404.03, "Plan Rows": 1, "Plan Width": 144, "Plans": [{"Node Type": "Nested Loop", "Parent Relationship": "Outer", "Join Type": "Inner", "Startup Cost": 0.0, "Total Cost": 3404.01, "Plan Rows": 1, "Plan Width": 48, "Inner Unique": true, "Join Filter": "(mk.movie_id = t.id)", "Plans": [{"Node Type": "Nested Loop", "Parent Relationship": "Outer", "Join Type": "Inner", "Startup Cost": 0.0, "Total Cost": 3403.72, "Plan Rows": 1, "Plan Width": 39, "Inner Unique": true, "Plans": [{"Node Type": "Nested Loop", "Parent Relationship": "Outer", "Join Type": "Inner", "Startup Cost": 0.0, "Total Cost": 3345.17, "Plan Rows": 202, "Plan Width": 28, "Inner Unique": false, "Plans": [{"Node Type": "Nested Loop", "Parent Relationship": "Outer", "Join Type": "Inner", "Startup Cost": 0.0, "Total Cost": 3319.92, "Plan Rows": 33, "Plan Width": 20, "Inner Unique": false, "Plans": [{"Node Type": "Index Scan", "Parent Relationship": "Outer", "Scan Direction": "Forward", "Index Name": "keyword_pkey", "Relation Name": "keyword", "Alias": "k", "Startup Cost": 0.0, "Total Cost": 3182.72, "Plan Rows": 1, "Plan Width": 20, "Filter": "((keyword)::text = 'marvel-cinematic-universe'::text)"}, {"Node Type": "Index Scan", "Parent Relationship": "Inner", "Scan Direction": "Forward", "Index Name": "keyword_id_movie_keyword", "Relation Name": "movie_keyword", "Alias": "mk", "Startup Cost": 0.0, "Total Cost": 136.88, "Plan Rows": 33, "Plan Width": 8, "Index Cond": "(keyword_id = k.id)"}]}, {"Node Type": "Index Scan", "Parent Relationship": "Inner", "Scan Direction": "Forward", "Index Name": "movie_id_cast_info", "Relation Name": "cast_info", "Alias": "ci", "Startup Cost": 0.0, "Total Cost": 0.7, "Plan Rows": 6, "Plan Width": 8, "Index Cond": "(movie_id = mk.movie_id)"}]}, {"Node Type": "Index Scan", "Parent Relationship": "Inner", "Scan Direction": "Forward", "Index Name": "name_pkey", "Relation Name": "name", "Alias": "n", "Startup Cost": 0.0, "Total Cost": 0.28, "Plan Rows": 1, "Plan Width": 19, "Index Cond": "(id = ci.person_id)", "Filter": "((name)::text ~~ '%Downey%Robert%'::text)"}]}, {"Node Type": "Index Scan", "Parent Relationship": "Inner", "Scan Direction": "Forward", "Index Name": "title_pkey", "Relation Name": "title", "Alias": "t", "Startup Cost": 0.0, "Total Cost": 0.28, "Plan Rows": 1, "Plan Width": 21, "Index Cond": "(id = ci.movie_id)", "Filter": "(production_year > 2010)"}]}]}, "Unique SQL Id": 4208751436, "Planner Runtime": 4}, "explain_analyze_plan": {"Plan": {"Node Type": "Aggregate", "Strategy": "Plain", "Startup Cost": 3404.02, "Total Cost": 3404.03, "Plan Rows": 1, "Plan Width": 144, "Actual Startup Time": 129.093, "Actual Total Time": 129.094, "Actual Rows": 1, "Actual Loops": 1, "Plans": [{"Node Type": "Nested Loop", "Parent Relationship": "Outer", "Join Type": "Inner", "Startup Cost": 0.0, "Total Cost": 3404.01, "Plan Rows": 1, "Plan Width": 48, "Actual Startup Time": 8.547, "Actual Total Time": 129.04, "Actual Rows": 6, "Actual Loops": 1, "Inner Unique": true, "Join Filter": "(mk.movie_id = t.id)", "Rows Removed by Join Filter": 0, "Plans": [{"Node Type": "Nested Loop", "Parent Relationship": "Outer", "Join Type": "Inner", "Startup Cost": 0.0, "Total Cost": 3403.72, "Plan Rows": 1, "Plan Width": 39, "Actual Startup Time": 8.53, "Actual Total Time": 128.988, "Actual Rows": 6, "Actual Loops": 1, "Inner Unique": true, "Plans": [{"Node Type": "Nested Loop", "Parent Relationship": "Outer", "Join Type": "Inner", "Startup Cost": 0.0, "Total Cost": 3345.17, "Plan Rows": 202, "Plan Width": 28, "Actual Startup Time": 6.99, "Actual Total Time": 122.056, "Actual Rows": 1242, "Actual Loops": 1, "Inner Unique": false, "Plans": [{"Node Type": "Nested Loop", "Parent Relationship": "Outer", "Join Type": "Inner", "Startup Cost": 0.0, "Total Cost": 3319.92, "Plan Rows": 33, "Plan Width": 20, "Actual Startup Time": 6.977, "Actual Total Time": 119.872, "Actual Rows": 14, "Actual Loops": 1, "Inner Unique": false, "Plans": [{"Node Type": "Index Scan", "Parent Relationship": "Outer", "Scan Direction": "Forward", "Index Name": "keyword_pkey", "Relation Name": "keyword", "Alias": "k", "Startup Cost": 0.0, "Total Cost": 3182.72, "Plan Rows": 1, "Plan Width": 20, "Actual Startup Time": 6.958, "Actual Total Time": 119.824, "Actual Rows": 1, "Actual Loops": 1, "Filter": "((keyword)::text = 'marvel-cinematic-universe'::text)", "Rows Removed by Filter": 134168}, {"Node Type": "Index Scan", "Parent Relationship": "Inner", "Scan Direction": "Forward", "Index Name": "keyword_id_movie_keyword", "Relation Name": "movie_keyword", "Alias": "mk", "Startup Cost": 0.0, "Total Cost": 136.88, "Plan Rows": 33, "Plan Width": 8, "Actual Startup Time": 0.012, "Actual Total Time": 0.032, "Actual Rows": 14, "Actual Loops": 1, "Index Cond": "(keyword_id = k.id)", "Rows Removed by Index Recheck": 0}]}, {"Node Type": "Index Scan", "Parent Relationship": "Inner", "Scan Direction": "Forward", "Index Name": "movie_id_cast_info", "Relation Name": "cast_info", "Alias": "ci", "Startup Cost": 0.0, "Total Cost": 0.7, "Plan Rows": 6, "Plan Width": 8, "Actual Startup Time": 0.158, "Actual Total Time": 1.852, "Actual Rows": 1242, "Actual Loops": 14, "Index Cond": "(movie_id = mk.movie_id)", "Rows Removed by Index Recheck": 0}]}, {"Node Type": "Index Scan", "Parent Relationship": "Inner", "Scan Direction": "Forward", "Index Name": "name_pkey", "Relation Name": "name", "Alias": "n", "Startup Cost": 0.0, "Total Cost": 0.28, "Plan Rows": 1, "Plan Width": 19, "Actual Startup Time": 6.301, "Actual Total Time": 6.301, "Actual Rows": 6, "Actual Loops": 1242, "Index Cond": "(id = ci.person_id)", "Rows Removed by Index Recheck": 0, "Filter": "((name)::text ~~ '%Downey%Robert%'::text)", "Rows Removed by Filter": 1236}]}, {"Node Type": "Index Scan", "Parent Relationship": "Inner", "Scan Direction": "Forward", "Index Name": "title_pkey", "Relation Name": "title", "Alias": "t", "Startup Cost": 0.0, "Total Cost": 0.28, "Plan Rows": 1, "Plan Width": 21, "Actual Startup Time": 0.038, "Actual Total Time": 0.038, "Actual Rows": 6, "Actual Loops": 6, "Index Cond": "(id = ci.movie_id)", "Rows Removed by Index Recheck": 0, "Filter": "(production_year > 2010)", "Rows Removed by Filter": 0}]}]}, "Triggers": [], "Planner Runtime": 8.278, "Total Runtime": 129.388, "Unique SQL Id": 4208751436}}, "(16, '30')": {"explain_plan": {"Plan": {"Node Type": "Aggregate", "Strategy": "Plain", "Startup Cost": 385221.74, "Total Cost": 385221.75, "Plan Rows": 1, "Plan Width": 144, "Plans": [{"Node Type": "Nested Loop", "Parent Relationship": "Outer", "Join Type": "Inner", "Startup Cost": 0.0, "Total Cost": 385221.73, "Plan Rows": 1, "Plan Width": 48, "Inner Unique": true, "Join Filter": "(mk.movie_id = t.id)", "Plans": [{"Node Type": "Nested Loop", "Parent Relationship": "Outer", "Join Type": "Inner", "Startup Cost": 0.0, "Total Cost": 352730.91, "Plan Rows": 1, "Plan Width": 39, "Inner Unique": false, "Join Filter": "(ci.person_id = n.id)", "Plans": [{"Node Type": "Streaming(type: LOCAL GATHER dop: 1/16)", "Parent Relationship": "Outer", "Startup Cost": 0.0, "Total Cost": 21477.12, "Plan Rows": 415, "Plan Width": 19, "Plans": [{"Node Type": "Seq Scan", "Parent Relationship": "Outer", "Relation Name": "name", "Alias": "n", "Startup Cost": 0.0, "Total Cost": 21468.16, "Plan Rows": 415, "Plan Width": 19, "Filter": "((name)::text ~~ '%Downey%Robert%'::text)"}]}, {"Node Type": "Materialize", "Parent Relationship": "Inner", "Startup Cost": 0.0, "Total Cost": 329996.85, "Plan Rows": 202, "Plan Width": 28, "Plans": [{"Node Type": "Streaming(type: LOCAL GATHER dop: 1/16)", "Parent Relationship": "Outer", "Startup Cost": 0.0, "Total Cost": 329995.84, "Plan Rows": 202, "Plan Width": 28, "Plans": [{"Node Type": "Nested Loop", "Parent Relationship": "Outer", "Join Type": "Inner", "Startup Cost": 0.0, "Total Cost": 329991.48, "Plan Rows": 202, "Plan Width": 28, "Inner Unique": false, "Join Filter": "(mk.movie_id = ci.movie_id)", "Plans": [{"Node Type": "Streaming(type: LOCAL REDISTRIBUTE dop: 16/16)", "Parent Relationship": "Outer", "Startup Cost": 0.0, "Total Cost": 205006.86, "Plan Rows": 36259494, "Plan Width": 8, "Plans": [{"Node Type": "Seq Scan", "Parent Relationship": "Outer", "Relation Name": "cast_info", "Alias": "ci", "Startup Cost": 0.0, "Total Cost": 52617.37, "Plan Rows": 36259494, "Plan Width": 8}]}, {"Node Type": "Materialize", "Parent Relationship": "Inner", "Startup Cost": 0.0, "Total Cost": 54873.49, "Plan Rows": 33, "Plan Width": 20, "Plans": [{"Node Type": "Streaming(type: LOCAL REDISTRIBUTE dop: 16/16)", "Parent Relationship": "Outer", "Startup Cost": 0.0, "Total Cost": 54873.48, "Plan Rows": 33, "Plan Width": 20, "Plans": [{"Node Type": "Nested Loop", "Parent Relationship": "Outer", "Join Type": "Inner", "Startup Cost": 0.0, "Total Cost": 39873.36, "Plan Rows": 33, "Plan Width": 20, "Inner Unique": false, "Join Filter": "(k.id = mk.keyword_id)", "Plans": [{"Node Type": "Streaming(type: BROADCAST dop: 16/1)", "Parent Relationship": "Outer", "Startup Cost": 0.0, "Total Cost": 17436.46, "Plan Rows": 16, "Plan Width": 20, "Plans": [{"Node Type": "Seq Scan", "Parent Relationship": "Outer", "Relation Name": "keyword", "Alias": "k", "Startup Cost": 0.0, "Total Cost": 2436.11, "Plan Rows": 1, "Plan Width": 20, "Filter": "((keyword)::text = 'marvel-cinematic-universe'::text)"}]}, {"Node Type": "Seq Scan", "Parent Relationship": "Inner", "Relation Name": "movie_keyword", "Alias": "mk", "Startup Cost": 0.0, "Total Cost": 18902.58, "Plan Rows": 4523929, "Plan Width": 8}]}]}]}]}]}]}]}, {"Node Type": "Materialize", "Parent Relationship": "Inner", "Startup Cost": 0.0, "Total Cost": 28576.3, "Plan Rows": 391451, "Plan Width": 21, "Plans": [{"Node Type": "Streaming(type: LOCAL GATHER dop: 1/16)", "Parent Relationship": "Outer", "Startup Cost": 0.0, "Total Cost": 27597.68, "Plan Rows": 391451, "Plan Width": 21, "Plans": [{"Node Type": "Seq Scan", "Parent Relationship": "Outer", "Relation Name": "title", "Alias": "t", "Startup Cost": 0.0, "Total Cost": 19149.37, "Plan Rows": 391451, "Plan Width": 21, "Filter": "(production_year > 2010), (LLVM Optimized)"}]}]}]}]}, "Unique SQL Id": 4208751436, "Planner Runtime": 4}, "explain_analyze_plan": null}, "(16, '31')": {"explain_plan": {"Plan": {"Node Type": "Aggregate", "Strategy": "Plain", "Startup Cost": 4973004114307.04, "Total Cost": 4973004114307.05, "Plan Rows": 1, "Plan Width": 144, "Plans": [{"Node Type": "Merge Join", "Parent Relationship": "Outer", "Join Type": "Inner", "Startup Cost": 50152554249.12, "Total Cost": 4973004114305.4, "Plan Rows": 218, "Plan Width": 48, "Inner Unique": true, "Merge Cond": "(mk.movie_id = t.id)", "Plans": [{"Node Type": "Nested Loop", "Parent Relationship": "Outer", "Join Type": "Inner", "Startup Cost": 40031158317.15, "Total Cost": 3973963636653.18, "Plan Rows": 202, "Plan Width": 39, "Inner Unique": false, "Join Filter": "(ci.movie_id = mk.movie_id)", "Plans": [{"Node Type": "Nested Loop", "Parent Relationship": "Outer", "Join Type": "Inner", "Startup Cost": 20000000000.0, "Total Cost": 2000015686764.79, "Plan Rows": 33, "Plan Width": 20, "Inner Unique": true, "Join Filter": "(k.id = mk.keyword_id)", "Plans": [{"Node Type": "Index Scan", "Parent Relationship": "Outer", "Scan Direction": "Forward", "Index Name": "movie_id_movie_keyword", "Relation Name": "movie_keyword", "Alias": "mk", "Startup Cost": 10000000000.0, "Total Cost": 1000015300634.17, "Plan Rows": 4523929, "Plan Width": 8}, {"Node Type": "Materialize", "Parent Relationship": "Inner", "Startup Cost": 10000000000.0, "Total Cost": 1000000318271.69, "Plan Rows": 1, "Plan Width": 20, "Plans": [{"Node Type": "Index Scan", "Parent Relationship": "Outer", "Scan Direction": "Forward", "Index Name": "keyword_pkey", "Relation Name": "keyword", "Alias": "k", "Startup Cost": 10000000000.0, "Total Cost": 1000000318271.68, "Plan Rows": 1, "Plan Width": 20, "Filter": "((keyword)::text = 'marvel-cinematic-universe'::text)"}]}]}, {"Node Type": "Materialize", "Parent Relationship": "Inner", "Startup Cost": 20031158317.15, "Total Cost": 1973947946184.79, "Plan Rows": 7520, "Plan Width": 19, "Plans": [{"Node Type": "Merge Join", "Parent Relationship": "Outer", "Join Type": "Inner", "Startup Cost": 20031158317.15, "Total Cost": 1973947946147.19, "Plan Rows": 7520, "Plan Width": 19, "Inner Unique": true, "Merge Cond": "(ci.person_id = n.id)", "Plans": [{"Node Type": "Index Scan", "Parent Relationship": "Outer", "Scan Direction": "Forward", "Index Name": "person_id_cast_info", "Relation Name": "cast_info", "Alias": "ci", "Startup Cost": 10000000000.0, "Total Cost": 1000170648833.21, "Plan Rows": 36259494, "Plan Width": 8}, {"Node Type": "Materialize", "Parent Relationship": "Inner", "Startup Cost": 10000000000.0, "Total Cost": 1000018665148.24, "Plan Rows": 415, "Plan Width": 19, "Plans": [{"Node Type": "Index Scan", "Parent Relationship": "Outer", "Scan Direction": "Forward", "Index Name": "name_pkey", "Relation Name": "name", "Alias": "n", "Startup Cost": 10000000000.0, "Total Cost": 1000018665147.2, "Plan Rows": 415, "Plan Width": 19, "Filter": "((name)::text ~~ '%Downey%Robert%'::text)"}]}]}]}]}, {"Node Type": "Index Scan", "Parent Relationship": "Inner", "Scan Direction": "Forward", "Index Name": "title_pkey", "Relation Name": "title", "Alias": "t", "Startup Cost": 10000000000.0, "Total Cost": 1000011644126.66, "Plan Rows": 391451, "Plan Width": 21, "Filter": "(production_year > 2010), (LLVM Optimized)"}]}]}, "Unique SQL Id": 4208751436, "Planner Runtime": 9}, "explain_analyze_plan": null}, "(16, '32')": {"explain_plan": {"Plan": {"Node Type": "Aggregate", "Strategy": "Plain", "Startup Cost": 2653.12, "Total Cost": 2653.13, "Plan Rows": 1, "Plan Width": 144, "Plans": [{"Node Type": "Nested Loop", "Parent Relationship": "Outer", "Join Type": "Inner", "Startup Cost": 4.51, "Total Cost": 2653.12, "Plan Rows": 1, "Plan Width": 48, "Inner Unique": true, "Join Filter": "(mk.movie_id = t.id)", "Plans": [{"Node Type": "Nested Loop", "Parent Relationship": "Outer", "Join Type": "Inner", "Startup Cost": 4.51, "Total Cost": 2652.83, "Plan Rows": 1, "Plan Width": 39, "Inner Unique": true, "Plans": [{"Node Type": "Nested Loop", "Parent Relationship": "Outer", "Join Type": "Inner", "Startup Cost": 4.51, "Total Cost": 2594.27, "Plan Rows": 202, "Plan Width": 28, "Inner Unique": false, "Plans": [{"Node Type": "Nested Loop", "Parent Relationship": "Outer", "Join Type": "Inner", "Startup Cost": 4.51, "Total Cost": 2569.02, "Plan Rows": 33, "Plan Width": 20, "Inner Unique": false, "Plans": [{"Node Type": "Seq Scan", "Parent Relationship": "Outer", "Relation Name": "keyword", "Alias": "k", "Startup Cost": 0.0, "Total Cost": 2436.11, "Plan Rows": 1, "Plan Width": 20, "Filter": "((keyword)::text = 'marvel-cinematic-universe'::text)"}, {"Node Type": "Bitmap Heap Scan", "Parent Relationship": "Inner", "Relation Name": "movie_keyword", "Alias": "mk", "Startup Cost": 4.51, "Total Cost": 132.58, "Plan Rows": 33, "Plan Width": 8, "Recheck Cond": "(keyword_id = k.id)", "Plans": [{"Node Type": "Bitmap Index Scan", "Parent Relationship": "Outer", "Index Name": "keyword_id_movie_keyword", "Startup Cost": 0.0, "Total Cost": 4.5, "Plan Rows": 33, "Plan Width": 0, "Index Cond": "(keyword_id = k.id)"}]}]}, {"Node Type": "Index Scan", "Parent Relationship": "Inner", "Scan Direction": "Forward", "Index Name": "movie_id_cast_info", "Relation Name": "cast_info", "Alias": "ci", "Startup Cost": 0.0, "Total Cost": 0.7, "Plan Rows": 6, "Plan Width": 8, "Index Cond": "(movie_id = mk.movie_id)"}]}, {"Node Type": "Index Scan", "Parent Relationship": "Inner", "Scan Direction": "Forward", "Index Name": "name_pkey", "Relation Name": "name", "Alias": "n", "Startup Cost": 0.0, "Total Cost": 0.28, "Plan Rows": 1, "Plan Width": 19, "Index Cond": "(id = ci.person_id)", "Filter": "((name)::text ~~ '%Downey%Robert%'::text)"}]}, {"Node Type": "Index Scan", "Parent Relationship": "Inner", "Scan Direction": "Forward", "Index Name": "title_pkey", "Relation Name": "title", "Alias": "t", "Startup Cost": 0.0, "Total Cost": 0.28, "Plan Rows": 1, "Plan Width": 21, "Index Cond": "(id = ci.movie_id)", "Filter": "(production_year > 2010)"}]}]}, "Unique SQL Id": 4208751436, "Planner Runtime": 5}, "explain_analyze_plan": {"Plan": {"Node Type": "Aggregate", "Strategy": "Plain", "Startup Cost": 2653.12, "Total Cost": 2653.13, "Plan Rows": 1, "Plan Width": 144, "Actual Startup Time": 49.672, "Actual Total Time": 49.672, "Actual Rows": 1, "Actual Loops": 1, "Plans": [{"Node Type": "Nested Loop", "Parent Relationship": "Outer", "Join Type": "Inner", "Startup Cost": 4.51, "Total Cost": 2653.12, "Plan Rows": 1, "Plan Width": 48, "Actual Startup Time": 2.684, "Actual Total Time": 49.638, "Actual Rows": 6, "Actual Loops": 1, "Inner Unique": true, "Join Filter": "(mk.movie_id = t.id)", "Rows Removed by Join Filter": 0, "Plans": [{"Node Type": "Nested Loop", "Parent Relationship": "Outer", "Join Type": "Inner", "Startup Cost": 4.51, "Total Cost": 2652.83, "Plan Rows": 1, "Plan Width": 39, "Actual Startup Time": 2.651, "Actual Total Time": 49.565, "Actual Rows": 6, "Actual Loops": 1, "Inner Unique": true, "Plans": [{"Node Type": "Nested Loop", "Parent Relationship": "Outer", "Join Type": "Inner", "Startup Cost": 4.51, "Total Cost": 2594.27, "Plan Rows": 202, "Plan Width": 28, "Actual Startup Time": 1.11, "Actual Total Time": 42.722, "Actual Rows": 1242, "Actual Loops": 1, "Inner Unique": false, "Plans": [{"Node Type": "Nested Loop", "Parent Relationship": "Outer", "Join Type": "Inner", "Startup Cost": 4.51, "Total Cost": 2569.02, "Plan Rows": 33, "Plan Width": 20, "Actual Startup Time": 1.094, "Actual Total Time": 40.566, "Actual Rows": 14, "Actual Loops": 1, "Inner Unique": false, "Plans": [{"Node Type": "Seq Scan", "Parent Relationship": "Outer", "Relation Name": "keyword", "Alias": "k", "Startup Cost": 0.0, "Total Cost": 2436.11, "Plan Rows": 1, "Plan Width": 20, "Actual Startup Time": 1.054, "Actual Total Time": 40.487, "Actual Rows": 1, "Actual Loops": 1, "Filter": "((keyword)::text = 'marvel-cinematic-universe'::text)", "Rows Removed by Filter": 134168}, {"Node Type": "Bitmap Heap Scan", "Parent Relationship": "Inner", "Relation Name": "movie_keyword", "Alias": "mk", "Startup Cost": 4.51, "Total Cost": 132.58, "Plan Rows": 33, "Plan Width": 8, "Actual Startup Time": 0.033, "Actual Total Time": 0.066, "Actual Rows": 14, "Actual Loops": 1, "Recheck Cond": "(keyword_id = k.id)", "Rows Removed by Index Recheck": 0, "Exact Heap Blocks": 13, "Lossy Heap Blocks": 13, "Plans": [{"Node Type": "Bitmap Index Scan", "Parent Relationship": "Outer", "Index Name": "keyword_id_movie_keyword", "Startup Cost": 0.0, "Total Cost": 4.5, "Plan Rows": 33, "Plan Width": 0, "Actual Startup Time": 0.019, "Actual Total Time": 0.019, "Actual Rows": 14, "Actual Loops": 1, "Index Cond": "(keyword_id = k.id)"}]}]}, {"Node Type": "Index Scan", "Parent Relationship": "Inner", "Scan Direction": "Forward", "Index Name": "movie_id_cast_info", "Relation Name": "cast_info", "Alias": "ci", "Startup Cost": 0.0, "Total Cost": 0.7, "Plan Rows": 6, "Plan Width": 8, "Actual Startup Time": 0.166, "Actual Total Time": 1.857, "Actual Rows": 1242, "Actual Loops": 14, "Index Cond": "(movie_id = mk.movie_id)", "Rows Removed by Index Recheck": 0}]}, {"Node Type": "Index Scan", "Parent Relationship": "Inner", "Scan Direction": "Forward", "Index Name": "name_pkey", "Relation Name": "name", "Alias": "n", "Startup Cost": 0.0, "Total Cost": 0.28, "Plan Rows": 1, "Plan Width": 19, "Actual Startup Time": 6.233, "Actual Total Time": 6.233, "Actual Rows": 6, "Actual Loops": 1242, "Index Cond": "(id = ci.person_id)", "Rows Removed by Index Recheck": 0, "Filter": "((name)::text ~~ '%Downey%Robert%'::text)", "Rows Removed by Filter": 1236}]}, {"Node Type": "Index Scan", "Parent Relationship": "Inner", "Scan Direction": "Forward", "Index Name": "title_pkey", "Relation Name": "title", "Alias": "t", "Startup Cost": 0.0, "Total Cost": 0.28, "Plan Rows": 1, "Plan Width": 21, "Actual Startup Time": 0.047, "Actual Total Time": 0.047, "Actual Rows": 6, "Actual Loops": 6, "Index Cond": "(id = ci.movie_id)", "Rows Removed by Index Recheck": 0, "Filter": "(production_year > 2010)", "Rows Removed by Filter": 0}]}]}, "Triggers": [], "Planner Runtime": 8.753, "Total Runtime": 49.979, "Unique SQL Id": 4208751436}}, "(16, '33')": {"explain_plan": {"Plan": {"Node Type": "Aggregate", "Strategy": "Plain", "Startup Cost": 3399.73, "Total Cost": 3399.74, "Plan Rows": 1, "Plan Width": 144, "Plans": [{"Node Type": "Nested Loop", "Parent Relationship": "Outer", "Join Type": "Inner", "Startup Cost": 4.51, "Total Cost": 3399.72, "Plan Rows": 1, "Plan Width": 48, "Inner Unique": true, "Join Filter": "(mk.movie_id = t.id)", "Plans": [{"Node Type": "Nested Loop", "Parent Relationship": "Outer", "Join Type": "Inner", "Startup Cost": 4.51, "Total Cost": 3399.43, "Plan Rows": 1, "Plan Width": 39, "Inner Unique": true, "Plans": [{"Node Type": "Nested Loop", "Parent Relationship": "Outer", "Join Type": "Inner", "Startup Cost": 4.51, "Total Cost": 3340.87, "Plan Rows": 202, "Plan Width": 28, "Inner Unique": false, "Plans": [{"Node Type": "Nested Loop", "Parent Relationship": "Outer", "Join Type": "Inner", "Startup Cost": 4.51, "Total Cost": 3315.63, "Plan Rows": 33, "Plan Width": 20, "Inner Unique": false, "Plans": [{"Node Type": "Index Scan", "Parent Relationship": "Outer", "Scan Direction": "Forward", "Index Name": "keyword_pkey", "Relation Name": "keyword", "Alias": "k", "Startup Cost": 0.0, "Total Cost": 3182.72, "Plan Rows": 1, "Plan Width": 20, "Filter": "((keyword)::text = 'marvel-cinematic-universe'::text)"}, {"Node Type": "Bitmap Heap Scan", "Parent Relationship": "Inner", "Relation Name": "movie_keyword", "Alias": "mk", "Startup Cost": 4.51, "Total Cost": 132.58, "Plan Rows": 33, "Plan Width": 8, "Recheck Cond": "(keyword_id = k.id)", "Plans": [{"Node Type": "Bitmap Index Scan", "Parent Relationship": "Outer", "Index Name": "keyword_id_movie_keyword", "Startup Cost": 0.0, "Total Cost": 4.5, "Plan Rows": 33, "Plan Width": 0, "Index Cond": "(keyword_id = k.id)"}]}]}, {"Node Type": "Index Scan", "Parent Relationship": "Inner", "Scan Direction": "Forward", "Index Name": "movie_id_cast_info", "Relation Name": "cast_info", "Alias": "ci", "Startup Cost": 0.0, "Total Cost": 0.7, "Plan Rows": 6, "Plan Width": 8, "Index Cond": "(movie_id = mk.movie_id)"}]}, {"Node Type": "Index Scan", "Parent Relationship": "Inner", "Scan Direction": "Forward", "Index Name": "name_pkey", "Relation Name": "name", "Alias": "n", "Startup Cost": 0.0, "Total Cost": 0.28, "Plan Rows": 1, "Plan Width": 19, "Index Cond": "(id = ci.person_id)", "Filter": "((name)::text ~~ '%Downey%Robert%'::text)"}]}, {"Node Type": "Index Scan", "Parent Relationship": "Inner", "Scan Direction": "Forward", "Index Name": "title_pkey", "Relation Name": "title", "Alias": "t", "Startup Cost": 0.0, "Total Cost": 0.28, "Plan Rows": 1, "Plan Width": 21, "Index Cond": "(id = ci.movie_id)", "Filter": "(production_year > 2010)"}]}]}, "Unique SQL Id": 4208751436, "Planner Runtime": 6}, "explain_analyze_plan": {"Plan": {"Node Type": "Aggregate", "Strategy": "Plain", "Startup Cost": 3399.73, "Total Cost": 3399.74, "Plan Rows": 1, "Plan Width": 144, "Actual Startup Time": 130.05, "Actual Total Time": 130.051, "Actual Rows": 1, "Actual Loops": 1, "Plans": [{"Node Type": "Nested Loop", "Parent Relationship": "Outer", "Join Type": "Inner", "Startup Cost": 4.51, "Total Cost": 3399.72, "Plan Rows": 1, "Plan Width": 48, "Actual Startup Time": 9.062, "Actual Total Time": 130.018, "Actual Rows": 6, "Actual Loops": 1, "Inner Unique": true, "Join Filter": "(mk.movie_id = t.id)", "Rows Removed by Join Filter": 0, "Plans": [{"Node Type": "Nested Loop", "Parent Relationship": "Outer", "Join Type": "Inner", "Startup Cost": 4.51, "Total Cost": 3399.43, "Plan Rows": 1, "Plan Width": 39, "Actual Startup Time": 9.03, "Actual Total Time": 129.951, "Actual Rows": 6, "Actual Loops": 1, "Inner Unique": true, "Plans": [{"Node Type": "Nested Loop", "Parent Relationship": "Outer", "Join Type": "Inner", "Startup Cost": 4.51, "Total Cost": 3340.87, "Plan Rows": 202, "Plan Width": 28, "Actual Startup Time": 7.483, "Actual Total Time": 123.046, "Actual Rows": 1242, "Actual Loops": 1, "Inner Unique": false, "Plans": [{"Node Type": "Nested Loop", "Parent Relationship": "Outer", "Join Type": "Inner", "Startup Cost": 4.51, "Total Cost": 3315.63, "Plan Rows": 33, "Plan Width": 20, "Actual Startup Time": 7.468, "Actual Total Time": 120.867, "Actual Rows": 14, "Actual Loops": 1, "Inner Unique": false, "Plans": [{"Node Type": "Index Scan", "Parent Relationship": "Outer", "Scan Direction": "Forward", "Index Name": "keyword_pkey", "Relation Name": "keyword", "Alias": "k", "Startup Cost": 0.0, "Total Cost": 3182.72, "Plan Rows": 1, "Plan Width": 20, "Actual Startup Time": 7.433, "Actual Total Time": 120.793, "Actual Rows": 1, "Actual Loops": 1, "Filter": "((keyword)::text = 'marvel-cinematic-universe'::text)", "Rows Removed by Filter": 134168}, {"Node Type": "Bitmap Heap Scan", "Parent Relationship": "Inner", "Relation Name": "movie_keyword", "Alias": "mk", "Startup Cost": 4.51, "Total Cost": 132.58, "Plan Rows": 33, "Plan Width": 8, "Actual Startup Time": 0.027, "Actual Total Time": 0.06, "Actual Rows": 14, "Actual Loops": 1, "Recheck Cond": "(keyword_id = k.id)", "Rows Removed by Index Recheck": 0, "Exact Heap Blocks": 13, "Lossy Heap Blocks": 13, "Plans": [{"Node Type": "Bitmap Index Scan", "Parent Relationship": "Outer", "Index Name": "keyword_id_movie_keyword", "Startup Cost": 0.0, "Total Cost": 4.5, "Plan Rows": 33, "Plan Width": 0, "Actual Startup Time": 0.015, "Actual Total Time": 0.015, "Actual Rows": 14, "Actual Loops": 1, "Index Cond": "(keyword_id = k.id)"}]}]}, {"Node Type": "Index Scan", "Parent Relationship": "Inner", "Scan Direction": "Forward", "Index Name": "movie_id_cast_info", "Relation Name": "cast_info", "Alias": "ci", "Startup Cost": 0.0, "Total Cost": 0.7, "Plan Rows": 6, "Plan Width": 8, "Actual Startup Time": 0.166, "Actual Total Time": 1.85, "Actual Rows": 1242, "Actual Loops": 14, "Index Cond": "(movie_id = mk.movie_id)", "Rows Removed by Index Recheck": 0}]}, {"Node Type": "Index Scan", "Parent Relationship": "Inner", "Scan Direction": "Forward", "Index Name": "name_pkey", "Relation Name": "name", "Alias": "n", "Startup Cost": 0.0, "Total Cost": 0.28, "Plan Rows": 1, "Plan Width": 19, "Actual Startup Time": 6.274, "Actual Total Time": 6.274, "Actual Rows": 6, "Actual Loops": 1242, "Index Cond": "(id = ci.person_id)", "Rows Removed by Index Recheck": 0, "Filter": "((name)::text ~~ '%Downey%Robert%'::text)", "Rows Removed by Filter": 1236}]}, {"Node Type": "Index Scan", "Parent Relationship": "Inner", "Scan Direction": "Forward", "Index Name": "title_pkey", "Relation Name": "title", "Alias": "t", "Startup Cost": 0.0, "Total Cost": 0.28, "Plan Rows": 1, "Plan Width": 21, "Actual Startup Time": 0.045, "Actual Total Time": 0.045, "Actual Rows": 6, "Actual Loops": 6, "Index Cond": "(id = ci.movie_id)", "Rows Removed by Index Recheck": 0, "Filter": "(production_year > 2010)", "Rows Removed by Filter": 0}]}]}, "Triggers": [], "Planner Runtime": 9.763, "Total Runtime": 130.32, "Unique SQL Id": 4208751436}}, "(16, '34')": {"explain_plan": {"Plan": {"Node Type": "Aggregate", "Strategy": "Plain", "Startup Cost": 3589.09, "Total Cost": 3589.1, "Plan Rows": 1, "Plan Width": 144, "Plans": [{"Node Type": "Nested Loop", "Parent Relationship": "Outer", "Join Type": "Inner", "Startup Cost": 5.44, "Total Cost": 3589.09, "Plan Rows": 1, "Plan Width": 48, "Inner Unique": true, "Join Filter": "(mk.movie_id = t.id)", "Plans": [{"Node Type": "Nested Loop", "Parent Relationship": "Outer", "Join Type": "Inner", "Startup Cost": 5.19, "Total Cost": 3584.8, "Plan Rows": 1, "Plan Width": 39, "Inner Unique": true, "Plans": [{"Node Type": "Nested Loop", "Parent Relationship": "Outer", "Join Type": "Inner", "Startup Cost": 4.93, "Total Cost": 2719.34, "Plan Rows": 202, "Plan Width": 28, "Inner Unique": false, "Plans": [{"Node Type": "Nested Loop", "Parent Relationship": "Outer", "Join Type": "Inner", "Startup Cost": 4.51, "Total Cost": 2569.02, "Plan Rows": 33, "Plan Width": 20, "Inner Unique": false, "Plans": [{"Node Type": "Seq Scan", "Parent Relationship": "Outer", "Relation Name": "keyword", "Alias": "k", "Startup Cost": 0.0, "Total Cost": 2436.11, "Plan Rows": 1, "Plan Width": 20, "Filter": "((keyword)::text = 'marvel-cinematic-universe'::text)"}, {"Node Type": "Bitmap Heap Scan", "Parent Relationship": "Inner", "Relation Name": "movie_keyword", "Alias": "mk", "Startup Cost": 4.51, "Total Cost": 132.58, "Plan Rows": 33, "Plan Width": 8, "Recheck Cond": "(keyword_id = k.id)", "Plans": [{"Node Type": "Bitmap Index Scan", "Parent Relationship": "Outer", "Index Name": "keyword_id_movie_keyword", "Startup Cost": 0.0, "Total Cost": 4.5, "Plan Rows": 33, "Plan Width": 0, "Index Cond": "(keyword_id = k.id)"}]}]}, {"Node Type": "Bitmap Heap Scan", "Parent Relationship": "Inner", "Relation Name": "cast_info", "Alias": "ci", "Startup Cost": 0.42, "Total Cost": 4.49, "Plan Rows": 6, "Plan Width": 8, "Recheck Cond": "(movie_id = mk.movie_id)", "Plans": [{"Node Type": "Bitmap Index Scan", "Parent Relationship": "Outer", "Index Name": "movie_id_cast_info", "Startup Cost": 0.0, "Total Cost": 0.42, "Plan Rows": 6, "Plan Width": 0, "Index Cond": "(movie_id = mk.movie_id)"}]}]}, {"Node Type": "Bitmap Heap Scan", "Parent Relationship": "Inner", "Relation Name": "name", "Alias": "n", "Startup Cost": 0.26, "Total Cost": 4.27, "Plan Rows": 1, "Plan Width": 19, "Recheck Cond": "(id = ci.person_id)", "Filter": "((name)::text ~~ '%Downey%Robert%'::text)", "Plans": [{"Node Type": "Bitmap Index Scan", "Parent Relationship": "Outer", "Index Name": "name_pkey", "Startup Cost": 0.0, "Total Cost": 0.26, "Plan Rows": 1, "Plan Width": 0, "Index Cond": "(id = ci.person_id)"}]}]}, {"Node Type": "Bitmap Heap Scan", "Parent Relationship": "Inner", "Relation Name": "title", "Alias": "t", "Startup Cost": 0.26, "Total Cost": 4.27, "Plan Rows": 1, "Plan Width": 21, "Recheck Cond": "(id = ci.movie_id)", "Filter": "(production_year > 2010)", "Plans": [{"Node Type": "Bitmap Index Scan", "Parent Relationship": "Outer", "Index Name": "title_pkey", "Startup Cost": 0.0, "Total Cost": 0.26, "Plan Rows": 1, "Plan Width": 0, "Index Cond": "(id = ci.movie_id)"}]}]}]}, "Unique SQL Id": 4208751436, "Planner Runtime": 9}, "explain_analyze_plan": {"Plan": {"Node Type": "Aggregate", "Strategy": "Plain", "Startup Cost": 3589.09, "Total Cost": 3589.1, "Plan Rows": 1, "Plan Width": 144, "Actual Startup Time": 53.753, "Actual Total Time": 53.753, "Actual Rows": 1, "Actual Loops": 1, "Plans": [{"Node Type": "Nested Loop", "Parent Relationship": "Outer", "Join Type": "Inner", "Startup Cost": 5.44, "Total Cost": 3589.09, "Plan Rows": 1, "Plan Width": 48, "Actual Startup Time": 3.484, "Actual Total Time": 53.714, "Actual Rows": 6, "Actual Loops": 1, "Inner Unique": true, "Join Filter": "(mk.movie_id = t.id)", "Rows Removed by Join Filter": 0, "Plans": [{"Node Type": "Nested Loop", "Parent Relationship": "Outer", "Join Type": "Inner", "Startup Cost": 5.19, "Total Cost": 3584.8, "Plan Rows": 1, "Plan Width": 39, "Actual Startup Time": 3.465, "Actual Total Time": 53.648, "Actual Rows": 6, "Actual Loops": 1, "Inner Unique": true, "Plans": [{"Node Type": "Nested Loop", "Parent Relationship": "Outer", "Join Type": "Inner", "Startup Cost": 4.93, "Total Cost": 2719.34, "Plan Rows": 202, "Plan Width": 28, "Actual Startup Time": 1.158, "Actual Total Time": 44.383, "Actual Rows": 1242, "Actual Loops": 1, "Inner Unique": false, "Plans": [{"Node Type": "Nested Loop", "Parent Relationship": "Outer", "Join Type": "Inner", "Startup Cost": 4.51, "Total Cost": 2569.02, "Plan Rows": 33, "Plan Width": 20, "Actual Startup Time": 1.127, "Actual Total Time": 41.171, "Actual Rows": 14, "Actual Loops": 1, "Inner Unique": false, "Plans": [{"Node Type": "Seq Scan", "Parent Relationship": "Outer", "Relation Name": "keyword", "Alias": "k", "Startup Cost": 0.0, "Total Cost": 2436.11, "Plan Rows": 1, "Plan Width": 20, "Actual Startup Time": 1.072, "Actual Total Time": 41.077, "Actual Rows": 1, "Actual Loops": 1, "Filter": "((keyword)::text = 'marvel-cinematic-universe'::text)", "Rows Removed by Filter": 134168}, {"Node Type": "Bitmap Heap Scan", "Parent Relationship": "Inner", "Relation Name": "movie_keyword", "Alias": "mk", "Startup Cost": 4.51, "Total Cost": 132.58, "Plan Rows": 33, "Plan Width": 8, "Actual Startup Time": 0.048, "Actual Total Time": 0.077, "Actual Rows": 14, "Actual Loops": 1, "Recheck Cond": "(keyword_id = k.id)", "Rows Removed by Index Recheck": 0, "Exact Heap Blocks": 13, "Lossy Heap Blocks": 13, "Plans": [{"Node Type": "Bitmap Index Scan", "Parent Relationship": "Outer", "Index Name": "keyword_id_movie_keyword", "Startup Cost": 0.0, "Total Cost": 4.5, "Plan Rows": 33, "Plan Width": 0, "Actual Startup Time": 0.03, "Actual Total Time": 0.03, "Actual Rows": 14, "Actual Loops": 1, "Index Cond": "(keyword_id = k.id)"}]}]}, {"Node Type": "Bitmap Heap Scan", "Parent Relationship": "Inner", "Relation Name": "cast_info", "Alias": "ci", "Startup Cost": 0.42, "Total Cost": 4.49, "Plan Rows": 6, "Plan Width": 8, "Actual Startup Time": 0.635, "Actual Total Time": 2.839, "Actual Rows": 1242, "Actual Loops": 14, "Recheck Cond": "(movie_id = mk.movie_id)", "Rows Removed by Index Recheck": 0, "Exact Heap Blocks": 1184, "Lossy Heap Blocks": 1184, "Plans": [{"Node Type": "Bitmap Index Scan", "Parent Relationship": "Outer", "Index Name": "movie_id_cast_info", "Startup Cost": 0.0, "Total Cost": 0.42, "Plan Rows": 6, "Plan Width": 0, "Actual Startup Time": 0.408, "Actual Total Time": 0.408, "Actual Rows": 1242, "Actual Loops": 14, "Index Cond": "(movie_id = mk.movie_id)"}]}]}, {"Node Type": "Bitmap Heap Scan", "Parent Relationship": "Inner", "Relation Name": "name", "Alias": "n", "Startup Cost": 0.26, "Total Cost": 4.27, "Plan Rows": 1, "Plan Width": 19, "Actual Startup Time": 7.861, "Actual Total Time": 7.861, "Actual Rows": 6, "Actual Loops": 1242, "Recheck Cond": "(id = ci.person_id)", "Rows Removed by Index Recheck": 0, "Filter": "((name)::text ~~ '%Downey%Robert%'::text)", "Rows Removed by Filter": 1236, "Exact Heap Blocks": 1242, "Lossy Heap Blocks": 1242, "Plans": [{"Node Type": "Bitmap Index Scan", "Parent Relationship": "Outer", "Index Name": "name_pkey", "Startup Cost": 0.0, "Total Cost": 0.26, "Plan Rows": 1, "Plan Width": 0, "Actual Startup Time": 4.728, "Actual Total Time": 4.728, "Actual Rows": 1242, "Actual Loops": 1242, "Index Cond": "(id = ci.person_id)"}]}]}, {"Node Type": "Bitmap Heap Scan", "Parent Relationship": "Inner", "Relation Name": "title", "Alias": "t", "Startup Cost": 0.26, "Total Cost": 4.27, "Plan Rows": 1, "Plan Width": 21, "Actual Startup Time": 0.048, "Actual Total Time": 0.048, "Actual Rows": 6, "Actual Loops": 6, "Recheck Cond": "(id = ci.movie_id)", "Rows Removed by Index Recheck": 0, "Filter": "(production_year > 2010)", "Rows Removed by Filter": 0, "Exact Heap Blocks": 6, "Lossy Heap Blocks": 6, "Plans": [{"Node Type": "Bitmap Index Scan", "Parent Relationship": "Outer", "Index Name": "title_pkey", "Startup Cost": 0.0, "Total Cost": 0.26, "Plan Rows": 1, "Plan Width": 0, "Actual Startup Time": 0.026, "Actual Total Time": 0.026, "Actual Rows": 6, "Actual Loops": 6, "Index Cond": "(id = ci.movie_id)"}]}]}]}, "Triggers": [], "Planner Runtime": 9.755, "Total Runtime": 54.031, "Unique SQL Id": 4208751436}}, "(16, '35')": {"explain_plan": {"Plan": {"Node Type": "Aggregate", "Strategy": "Plain", "Startup Cost": 4308.19, "Total Cost": 4308.2, "Plan Rows": 1, "Plan Width": 144, "Plans": [{"Node Type": "Nested Loop", "Parent Relationship": "Outer", "Join Type": "Inner", "Startup Cost": 724.54, "Total Cost": 4308.18, "Plan Rows": 1, "Plan Width": 48, "Inner Unique": true, "Join Filter": "(mk.movie_id = t.id)", "Plans": [{"Node Type": "Nested Loop", "Parent Relationship": "Outer", "Join Type": "Inner", "Startup Cost": 724.28, "Total Cost": 4303.89, "Plan Rows": 1, "Plan Width": 39, "Inner Unique": true, "Plans": [{"Node Type": "Nested Loop", "Parent Relationship": "Outer", "Join Type": "Inner", "Startup Cost": 724.02, "Total Cost": 3438.43, "Plan Rows": 202, "Plan Width": 28, "Inner Unique": false, "Plans": [{"Node Type": "Nested Loop", "Parent Relationship": "Outer", "Join Type": "Inner", "Startup Cost": 723.6, "Total Cost": 3288.12, "Plan Rows": 33, "Plan Width": 20, "Inner Unique": false, "Plans": [{"Node Type": "Bitmap Heap Scan", "Parent Relationship": "Outer", "Relation Name": "keyword", "Alias": "k", "Startup Cost": 719.1, "Total Cost": 3155.21, "Plan Rows": 1, "Plan Width": 20, "Filter": "((keyword)::text = 'marvel-cinematic-universe'::text)", "Plans": [{"Node Type": "Bitmap Index Scan", "Parent Relationship": "Outer", "Index Name": "keyword_pkey", "Startup Cost": 0.0, "Total Cost": 719.1, "Plan Rows": 134169, "Plan Width": 0}]}, {"Node Type": "Bitmap Heap Scan", "Parent Relationship": "Inner", "Relation Name": "movie_keyword", "Alias": "mk", "Startup Cost": 4.51, "Total Cost": 132.58, "Plan Rows": 33, "Plan Width": 8, "Recheck Cond": "(keyword_id = k.id)", "Plans": [{"Node Type": "Bitmap Index Scan", "Parent Relationship": "Outer", "Index Name": "keyword_id_movie_keyword", "Startup Cost": 0.0, "Total Cost": 4.5, "Plan Rows": 33, "Plan Width": 0, "Index Cond": "(keyword_id = k.id)"}]}]}, {"Node Type": "Bitmap Heap Scan", "Parent Relationship": "Inner", "Relation Name": "cast_info", "Alias": "ci", "Startup Cost": 0.42, "Total Cost": 4.49, "Plan Rows": 6, "Plan Width": 8, "Recheck Cond": "(movie_id = mk.movie_id)", "Plans": [{"Node Type": "Bitmap Index Scan", "Parent Relationship": "Outer", "Index Name": "movie_id_cast_info", "Startup Cost": 0.0, "Total Cost": 0.42, "Plan Rows": 6, "Plan Width": 0, "Index Cond": "(movie_id = mk.movie_id)"}]}]}, {"Node Type": "Bitmap Heap Scan", "Parent Relationship": "Inner", "Relation Name": "name", "Alias": "n", "Startup Cost": 0.26, "Total Cost": 4.27, "Plan Rows": 1, "Plan Width": 19, "Recheck Cond": "(id = ci.person_id)", "Filter": "((name)::text ~~ '%Downey%Robert%'::text)", "Plans": [{"Node Type": "Bitmap Index Scan", "Parent Relationship": "Outer", "Index Name": "name_pkey", "Startup Cost": 0.0, "Total Cost": 0.26, "Plan Rows": 1, "Plan Width": 0, "Index Cond": "(id = ci.person_id)"}]}]}, {"Node Type": "Bitmap Heap Scan", "Parent Relationship": "Inner", "Relation Name": "title", "Alias": "t", "Startup Cost": 0.26, "Total Cost": 4.27, "Plan Rows": 1, "Plan Width": 21, "Recheck Cond": "(id = ci.movie_id)", "Filter": "(production_year > 2010)", "Plans": [{"Node Type": "Bitmap Index Scan", "Parent Relationship": "Outer", "Index Name": "title_pkey", "Startup Cost": 0.0, "Total Cost": 0.26, "Plan Rows": 1, "Plan Width": 0, "Index Cond": "(id = ci.movie_id)"}]}]}]}, "Unique SQL Id": 4208751436, "Planner Runtime": 2}, "explain_analyze_plan": {"Plan": {"Node Type": "Aggregate", "Strategy": "Plain", "Startup Cost": 4308.19, "Total Cost": 4308.2, "Plan Rows": 1, "Plan Width": 144, "Actual Startup Time": 75.88, "Actual Total Time": 75.881, "Actual Rows": 1, "Actual Loops": 1, "Plans": [{"Node Type": "Nested Loop", "Parent Relationship": "Outer", "Join Type": "Inner", "Startup Cost": 724.54, "Total Cost": 4308.18, "Plan Rows": 1, "Plan Width": 48, "Actual Startup Time": 14.628, "Actual Total Time": 75.845, "Actual Rows": 6, "Actual Loops": 1, "Inner Unique": true, "Join Filter": "(mk.movie_id = t.id)", "Rows Removed by Join Filter": 0, "Plans": [{"Node Type": "Nested Loop", "Parent Relationship": "Outer", "Join Type": "Inner", "Startup Cost": 724.28, "Total Cost": 4303.89, "Plan Rows": 1, "Plan Width": 39, "Actual Startup Time": 14.603, "Actual Total Time": 75.774, "Actual Rows": 6, "Actual Loops": 1, "Inner Unique": true, "Plans": [{"Node Type": "Nested Loop", "Parent Relationship": "Outer", "Join Type": "Inner", "Startup Cost": 724.02, "Total Cost": 3438.43, "Plan Rows": 202, "Plan Width": 28, "Actual Startup Time": 12.29, "Actual Total Time": 66.474, "Actual Rows": 1242, "Actual Loops": 1, "Inner Unique": false, "Plans": [{"Node Type": "Nested Loop", "Parent Relationship": "Outer", "Join Type": "Inner", "Startup Cost": 723.6, "Total Cost": 3288.12, "Plan Rows": 33, "Plan Width": 20, "Actual Startup Time": 12.259, "Actual Total Time": 63.243, "Actual Rows": 14, "Actual Loops": 1, "Inner Unique": false, "Plans": [{"Node Type": "Bitmap Heap Scan", "Parent Relationship": "Outer", "Relation Name": "keyword", "Alias": "k", "Startup Cost": 719.1, "Total Cost": 3155.21, "Plan Rows": 1, "Plan Width": 20, "Actual Startup Time": 12.222, "Actual Total Time": 63.169, "Actual Rows": 1, "Actual Loops": 1, "Filter": "((keyword)::text = 'marvel-cinematic-universe'::text)", "Rows Removed by Filter": 134168, "Exact Heap Blocks": 759, "Lossy Heap Blocks": 759, "Plans": [{"Node Type": "Bitmap Index Scan", "Parent Relationship": "Outer", "Index Name": "keyword_pkey", "Startup Cost": 0.0, "Total Cost": 719.1, "Plan Rows": 134169, "Plan Width": 0, "Actual Startup Time": 10.757, "Actual Total Time": 10.757, "Actual Rows": 134169, "Actual Loops": 1}]}, {"Node Type": "Bitmap Heap Scan", "Parent Relationship": "Inner", "Relation Name": "movie_keyword", "Alias": "mk", "Startup Cost": 4.51, "Total Cost": 132.58, "Plan Rows": 33, "Plan Width": 8, "Actual Startup Time": 0.026, "Actual Total Time": 0.055, "Actual Rows": 14, "Actual Loops": 1, "Recheck Cond": "(keyword_id = k.id)", "Rows Removed by Index Recheck": 0, "Exact Heap Blocks": 13, "Lossy Heap Blocks": 13, "Plans": [{"Node Type": "Bitmap Index Scan", "Parent Relationship": "Outer", "Index Name": "keyword_id_movie_keyword", "Startup Cost": 0.0, "Total Cost": 4.5, "Plan Rows": 33, "Plan Width": 0, "Actual Startup Time": 0.017, "Actual Total Time": 0.017, "Actual Rows": 14, "Actual Loops": 1, "Index Cond": "(keyword_id = k.id)"}]}]}, {"Node Type": "Bitmap Heap Scan", "Parent Relationship": "Inner", "Relation Name": "cast_info", "Alias": "ci", "Startup Cost": 0.42, "Total Cost": 4.49, "Plan Rows": 6, "Plan Width": 8, "Actual Startup Time": 0.619, "Actual Total Time": 2.869, "Actual Rows": 1242, "Actual Loops": 14, "Recheck Cond": "(movie_id = mk.movie_id)", "Rows Removed by Index Recheck": 0, "Exact Heap Blocks": 1184, "Lossy Heap Blocks": 1184, "Plans": [{"Node Type": "Bitmap Index Scan", "Parent Relationship": "Outer", "Index Name": "movie_id_cast_info", "Startup Cost": 0.0, "Total Cost": 0.42, "Plan Rows": 6, "Plan Width": 0, "Actual Startup Time": 0.399, "Actual Total Time": 0.399, "Actual Rows": 1242, "Actual Loops": 14, "Index Cond": "(movie_id = mk.movie_id)"}]}]}, {"Node Type": "Bitmap Heap Scan", "Parent Relationship": "Inner", "Relation Name": "name", "Alias": "n", "Startup Cost": 0.26, "Total Cost": 4.27, "Plan Rows": 1, "Plan Width": 19, "Actual Startup Time": 7.886, "Actual Total Time": 7.886, "Actual Rows": 6, "Actual Loops": 1242, "Recheck Cond": "(id = ci.person_id)", "Rows Removed by Index Recheck": 0, "Filter": "((name)::text ~~ '%Downey%Robert%'::text)", "Rows Removed by Filter": 1236, "Exact Heap Blocks": 1242, "Lossy Heap Blocks": 1242, "Plans": [{"Node Type": "Bitmap Index Scan", "Parent Relationship": "Outer", "Index Name": "name_pkey", "Startup Cost": 0.0, "Total Cost": 0.26, "Plan Rows": 1, "Plan Width": 0, "Actual Startup Time": 4.757, "Actual Total Time": 4.757, "Actual Rows": 1242, "Actual Loops": 1242, "Index Cond": "(id = ci.person_id)"}]}]}, {"Node Type": "Bitmap Heap Scan", "Parent Relationship": "Inner", "Relation Name": "title", "Alias": "t", "Startup Cost": 0.26, "Total Cost": 4.27, "Plan Rows": 1, "Plan Width": 21, "Actual Startup Time": 0.051, "Actual Total Time": 0.051, "Actual Rows": 6, "Actual Loops": 6, "Recheck Cond": "(id = ci.movie_id)", "Rows Removed by Index Recheck": 0, "Filter": "(production_year > 2010)", "Rows Removed by Filter": 0, "Exact Heap Blocks": 6, "Lossy Heap Blocks": 6, "Plans": [{"Node Type": "Bitmap Index Scan", "Parent Relationship": "Outer", "Index Name": "title_pkey", "Startup Cost": 0.0, "Total Cost": 0.26, "Plan Rows": 1, "Plan Width": 0, "Actual Startup Time": 0.028, "Actual Total Time": 0.028, "Actual Rows": 6, "Actual Loops": 6, "Index Cond": "(id = ci.movie_id)"}]}]}]}, "Triggers": [], "Planner Runtime": 2.651, "Total Runtime": 76.201, "Unique SQL Id": 4208751436}}, "(16, '36')": {"explain_plan": {"Plan": {"Node Type": "Aggregate", "Strategy": "Plain", "Startup Cost": 2653.12, "Total Cost": 2653.13, "Plan Rows": 1, "Plan Width": 144, "Plans": [{"Node Type": "Nested Loop", "Parent Relationship": "Outer", "Join Type": "Inner", "Startup Cost": 4.51, "Total Cost": 2653.12, "Plan Rows": 1, "Plan Width": 48, "Inner Unique": true, "Join Filter": "(mk.movie_id = t.id)", "Plans": [{"Node Type": "Nested Loop", "Parent Relationship": "Outer", "Join Type": "Inner", "Startup Cost": 4.51, "Total Cost": 2652.83, "Plan Rows": 1, "Plan Width": 39, "Inner Unique": true, "Plans": [{"Node Type": "Nested Loop", "Parent Relationship": "Outer", "Join Type": "Inner", "Startup Cost": 4.51, "Total Cost": 2594.27, "Plan Rows": 202, "Plan Width": 28, "Inner Unique": false, "Plans": [{"Node Type": "Nested Loop", "Parent Relationship": "Outer", "Join Type": "Inner", "Startup Cost": 4.51, "Total Cost": 2569.02, "Plan Rows": 33, "Plan Width": 20, "Inner Unique": false, "Plans": [{"Node Type": "Seq Scan", "Parent Relationship": "Outer", "Relation Name": "keyword", "Alias": "k", "Startup Cost": 0.0, "Total Cost": 2436.11, "Plan Rows": 1, "Plan Width": 20, "Filter": "((keyword)::text = 'marvel-cinematic-universe'::text)"}, {"Node Type": "Bitmap Heap Scan", "Parent Relationship": "Inner", "Relation Name": "movie_keyword", "Alias": "mk", "Startup Cost": 4.51, "Total Cost": 132.58, "Plan Rows": 33, "Plan Width": 8, "Recheck Cond": "(keyword_id = k.id)", "Plans": [{"Node Type": "Bitmap Index Scan", "Parent Relationship": "Outer", "Index Name": "keyword_id_movie_keyword", "Startup Cost": 0.0, "Total Cost": 4.5, "Plan Rows": 33, "Plan Width": 0, "Index Cond": "(keyword_id = k.id)"}]}]}, {"Node Type": "Index Scan", "Parent Relationship": "Inner", "Scan Direction": "Forward", "Index Name": "movie_id_cast_info", "Relation Name": "cast_info", "Alias": "ci", "Startup Cost": 0.0, "Total Cost": 0.7, "Plan Rows": 6, "Plan Width": 8, "Index Cond": "(movie_id = mk.movie_id)"}]}, {"Node Type": "Index Scan", "Parent Relationship": "Inner", "Scan Direction": "Forward", "Index Name": "name_pkey", "Relation Name": "name", "Alias": "n", "Startup Cost": 0.0, "Total Cost": 0.28, "Plan Rows": 1, "Plan Width": 19, "Index Cond": "(id = ci.person_id)", "Filter": "((name)::text ~~ '%Downey%Robert%'::text)"}]}, {"Node Type": "Index Scan", "Parent Relationship": "Inner", "Scan Direction": "Forward", "Index Name": "title_pkey", "Relation Name": "title", "Alias": "t", "Startup Cost": 0.0, "Total Cost": 0.28, "Plan Rows": 1, "Plan Width": 21, "Index Cond": "(id = ci.movie_id)", "Filter": "(production_year > 2010)"}]}]}, "Unique SQL Id": 4208751436, "Planner Runtime": 6}, "explain_analyze_plan": {"Plan": {"Node Type": "Aggregate", "Strategy": "Plain", "Startup Cost": 2653.12, "Total Cost": 2653.13, "Plan Rows": 1, "Plan Width": 144, "Actual Startup Time": 49.672, "Actual Total Time": 49.672, "Actual Rows": 1, "Actual Loops": 1, "Plans": [{"Node Type": "Nested Loop", "Parent Relationship": "Outer", "Join Type": "Inner", "Startup Cost": 4.51, "Total Cost": 2653.12, "Plan Rows": 1, "Plan Width": 48, "Actual Startup Time": 2.684, "Actual Total Time": 49.638, "Actual Rows": 6, "Actual Loops": 1, "Inner Unique": true, "Join Filter": "(mk.movie_id = t.id)", "Rows Removed by Join Filter": 0, "Plans": [{"Node Type": "Nested Loop", "Parent Relationship": "Outer", "Join Type": "Inner", "Startup Cost": 4.51, "Total Cost": 2652.83, "Plan Rows": 1, "Plan Width": 39, "Actual Startup Time": 2.651, "Actual Total Time": 49.565, "Actual Rows": 6, "Actual Loops": 1, "Inner Unique": true, "Plans": [{"Node Type": "Nested Loop", "Parent Relationship": "Outer", "Join Type": "Inner", "Startup Cost": 4.51, "Total Cost": 2594.27, "Plan Rows": 202, "Plan Width": 28, "Actual Startup Time": 1.11, "Actual Total Time": 42.722, "Actual Rows": 1242, "Actual Loops": 1, "Inner Unique": false, "Plans": [{"Node Type": "Nested Loop", "Parent Relationship": "Outer", "Join Type": "Inner", "Startup Cost": 4.51, "Total Cost": 2569.02, "Plan Rows": 33, "Plan Width": 20, "Actual Startup Time": 1.094, "Actual Total Time": 40.566, "Actual Rows": 14, "Actual Loops": 1, "Inner Unique": false, "Plans": [{"Node Type": "Seq Scan", "Parent Relationship": "Outer", "Relation Name": "keyword", "Alias": "k", "Startup Cost": 0.0, "Total Cost": 2436.11, "Plan Rows": 1, "Plan Width": 20, "Actual Startup Time": 1.054, "Actual Total Time": 40.487, "Actual Rows": 1, "Actual Loops": 1, "Filter": "((keyword)::text = 'marvel-cinematic-universe'::text)", "Rows Removed by Filter": 134168}, {"Node Type": "Bitmap Heap Scan", "Parent Relationship": "Inner", "Relation Name": "movie_keyword", "Alias": "mk", "Startup Cost": 4.51, "Total Cost": 132.58, "Plan Rows": 33, "Plan Width": 8, "Actual Startup Time": 0.033, "Actual Total Time": 0.066, "Actual Rows": 14, "Actual Loops": 1, "Recheck Cond": "(keyword_id = k.id)", "Rows Removed by Index Recheck": 0, "Exact Heap Blocks": 13, "Lossy Heap Blocks": 13, "Plans": [{"Node Type": "Bitmap Index Scan", "Parent Relationship": "Outer", "Index Name": "keyword_id_movie_keyword", "Startup Cost": 0.0, "Total Cost": 4.5, "Plan Rows": 33, "Plan Width": 0, "Actual Startup Time": 0.019, "Actual Total Time": 0.019, "Actual Rows": 14, "Actual Loops": 1, "Index Cond": "(keyword_id = k.id)"}]}]}, {"Node Type": "Index Scan", "Parent Relationship": "Inner", "Scan Direction": "Forward", "Index Name": "movie_id_cast_info", "Relation Name": "cast_info", "Alias": "ci", "Startup Cost": 0.0, "Total Cost": 0.7, "Plan Rows": 6, "Plan Width": 8, "Actual Startup Time": 0.166, "Actual Total Time": 1.857, "Actual Rows": 1242, "Actual Loops": 14, "Index Cond": "(movie_id = mk.movie_id)", "Rows Removed by Index Recheck": 0}]}, {"Node Type": "Index Scan", "Parent Relationship": "Inner", "Scan Direction": "Forward", "Index Name": "name_pkey", "Relation Name": "name", "Alias": "n", "Startup Cost": 0.0, "Total Cost": 0.28, "Plan Rows": 1, "Plan Width": 19, "Actual Startup Time": 6.233, "Actual Total Time": 6.233, "Actual Rows": 6, "Actual Loops": 1242, "Index Cond": "(id = ci.person_id)", "Rows Removed by Index Recheck": 0, "Filter": "((name)::text ~~ '%Downey%Robert%'::text)", "Rows Removed by Filter": 1236}]}, {"Node Type": "Index Scan", "Parent Relationship": "Inner", "Scan Direction": "Forward", "Index Name": "title_pkey", "Relation Name": "title", "Alias": "t", "Startup Cost": 0.0, "Total Cost": 0.28, "Plan Rows": 1, "Plan Width": 21, "Actual Startup Time": 0.047, "Actual Total Time": 0.047, "Actual Rows": 6, "Actual Loops": 6, "Index Cond": "(id = ci.movie_id)", "Rows Removed by Index Recheck": 0, "Filter": "(production_year > 2010)", "Rows Removed by Filter": 0}]}]}, "Triggers": [], "Planner Runtime": 8.753, "Total Runtime": 49.979, "Unique SQL Id": 4208751436}}, "(16, '37')": {"explain_plan": {"Plan": {"Node Type": "Aggregate", "Strategy": "Plain", "Startup Cost": 3399.73, "Total Cost": 3399.74, "Plan Rows": 1, "Plan Width": 144, "Plans": [{"Node Type": "Nested Loop", "Parent Relationship": "Outer", "Join Type": "Inner", "Startup Cost": 4.51, "Total Cost": 3399.72, "Plan Rows": 1, "Plan Width": 48, "Inner Unique": true, "Join Filter": "(mk.movie_id = t.id)", "Plans": [{"Node Type": "Nested Loop", "Parent Relationship": "Outer", "Join Type": "Inner", "Startup Cost": 4.51, "Total Cost": 3399.43, "Plan Rows": 1, "Plan Width": 39, "Inner Unique": true, "Plans": [{"Node Type": "Nested Loop", "Parent Relationship": "Outer", "Join Type": "Inner", "Startup Cost": 4.51, "Total Cost": 3340.87, "Plan Rows": 202, "Plan Width": 28, "Inner Unique": false, "Plans": [{"Node Type": "Nested Loop", "Parent Relationship": "Outer", "Join Type": "Inner", "Startup Cost": 4.51, "Total Cost": 3315.63, "Plan Rows": 33, "Plan Width": 20, "Inner Unique": false, "Plans": [{"Node Type": "Index Scan", "Parent Relationship": "Outer", "Scan Direction": "Forward", "Index Name": "keyword_pkey", "Relation Name": "keyword", "Alias": "k", "Startup Cost": 0.0, "Total Cost": 3182.72, "Plan Rows": 1, "Plan Width": 20, "Filter": "((keyword)::text = 'marvel-cinematic-universe'::text)"}, {"Node Type": "Bitmap Heap Scan", "Parent Relationship": "Inner", "Relation Name": "movie_keyword", "Alias": "mk", "Startup Cost": 4.51, "Total Cost": 132.58, "Plan Rows": 33, "Plan Width": 8, "Recheck Cond": "(keyword_id = k.id)", "Plans": [{"Node Type": "Bitmap Index Scan", "Parent Relationship": "Outer", "Index Name": "keyword_id_movie_keyword", "Startup Cost": 0.0, "Total Cost": 4.5, "Plan Rows": 33, "Plan Width": 0, "Index Cond": "(keyword_id = k.id)"}]}]}, {"Node Type": "Index Scan", "Parent Relationship": "Inner", "Scan Direction": "Forward", "Index Name": "movie_id_cast_info", "Relation Name": "cast_info", "Alias": "ci", "Startup Cost": 0.0, "Total Cost": 0.7, "Plan Rows": 6, "Plan Width": 8, "Index Cond": "(movie_id = mk.movie_id)"}]}, {"Node Type": "Index Scan", "Parent Relationship": "Inner", "Scan Direction": "Forward", "Index Name": "name_pkey", "Relation Name": "name", "Alias": "n", "Startup Cost": 0.0, "Total Cost": 0.28, "Plan Rows": 1, "Plan Width": 19, "Index Cond": "(id = ci.person_id)", "Filter": "((name)::text ~~ '%Downey%Robert%'::text)"}]}, {"Node Type": "Index Scan", "Parent Relationship": "Inner", "Scan Direction": "Forward", "Index Name": "title_pkey", "Relation Name": "title", "Alias": "t", "Startup Cost": 0.0, "Total Cost": 0.28, "Plan Rows": 1, "Plan Width": 21, "Index Cond": "(id = ci.movie_id)", "Filter": "(production_year > 2010)"}]}]}, "Unique SQL Id": 4208751436, "Planner Runtime": 6}, "explain_analyze_plan": {"Plan": {"Node Type": "Aggregate", "Strategy": "Plain", "Startup Cost": 3399.73, "Total Cost": 3399.74, "Plan Rows": 1, "Plan Width": 144, "Actual Startup Time": 130.05, "Actual Total Time": 130.051, "Actual Rows": 1, "Actual Loops": 1, "Plans": [{"Node Type": "Nested Loop", "Parent Relationship": "Outer", "Join Type": "Inner", "Startup Cost": 4.51, "Total Cost": 3399.72, "Plan Rows": 1, "Plan Width": 48, "Actual Startup Time": 9.062, "Actual Total Time": 130.018, "Actual Rows": 6, "Actual Loops": 1, "Inner Unique": true, "Join Filter": "(mk.movie_id = t.id)", "Rows Removed by Join Filter": 0, "Plans": [{"Node Type": "Nested Loop", "Parent Relationship": "Outer", "Join Type": "Inner", "Startup Cost": 4.51, "Total Cost": 3399.43, "Plan Rows": 1, "Plan Width": 39, "Actual Startup Time": 9.03, "Actual Total Time": 129.951, "Actual Rows": 6, "Actual Loops": 1, "Inner Unique": true, "Plans": [{"Node Type": "Nested Loop", "Parent Relationship": "Outer", "Join Type": "Inner", "Startup Cost": 4.51, "Total Cost": 3340.87, "Plan Rows": 202, "Plan Width": 28, "Actual Startup Time": 7.483, "Actual Total Time": 123.046, "Actual Rows": 1242, "Actual Loops": 1, "Inner Unique": false, "Plans": [{"Node Type": "Nested Loop", "Parent Relationship": "Outer", "Join Type": "Inner", "Startup Cost": 4.51, "Total Cost": 3315.63, "Plan Rows": 33, "Plan Width": 20, "Actual Startup Time": 7.468, "Actual Total Time": 120.867, "Actual Rows": 14, "Actual Loops": 1, "Inner Unique": false, "Plans": [{"Node Type": "Index Scan", "Parent Relationship": "Outer", "Scan Direction": "Forward", "Index Name": "keyword_pkey", "Relation Name": "keyword", "Alias": "k", "Startup Cost": 0.0, "Total Cost": 3182.72, "Plan Rows": 1, "Plan Width": 20, "Actual Startup Time": 7.433, "Actual Total Time": 120.793, "Actual Rows": 1, "Actual Loops": 1, "Filter": "((keyword)::text = 'marvel-cinematic-universe'::text)", "Rows Removed by Filter": 134168}, {"Node Type": "Bitmap Heap Scan", "Parent Relationship": "Inner", "Relation Name": "movie_keyword", "Alias": "mk", "Startup Cost": 4.51, "Total Cost": 132.58, "Plan Rows": 33, "Plan Width": 8, "Actual Startup Time": 0.027, "Actual Total Time": 0.06, "Actual Rows": 14, "Actual Loops": 1, "Recheck Cond": "(keyword_id = k.id)", "Rows Removed by Index Recheck": 0, "Exact Heap Blocks": 13, "Lossy Heap Blocks": 13, "Plans": [{"Node Type": "Bitmap Index Scan", "Parent Relationship": "Outer", "Index Name": "keyword_id_movie_keyword", "Startup Cost": 0.0, "Total Cost": 4.5, "Plan Rows": 33, "Plan Width": 0, "Actual Startup Time": 0.015, "Actual Total Time": 0.015, "Actual Rows": 14, "Actual Loops": 1, "Index Cond": "(keyword_id = k.id)"}]}]}, {"Node Type": "Index Scan", "Parent Relationship": "Inner", "Scan Direction": "Forward", "Index Name": "movie_id_cast_info", "Relation Name": "cast_info", "Alias": "ci", "Startup Cost": 0.0, "Total Cost": 0.7, "Plan Rows": 6, "Plan Width": 8, "Actual Startup Time": 0.166, "Actual Total Time": 1.85, "Actual Rows": 1242, "Actual Loops": 14, "Index Cond": "(movie_id = mk.movie_id)", "Rows Removed by Index Recheck": 0}]}, {"Node Type": "Index Scan", "Parent Relationship": "Inner", "Scan Direction": "Forward", "Index Name": "name_pkey", "Relation Name": "name", "Alias": "n", "Startup Cost": 0.0, "Total Cost": 0.28, "Plan Rows": 1, "Plan Width": 19, "Actual Startup Time": 6.274, "Actual Total Time": 6.274, "Actual Rows": 6, "Actual Loops": 1242, "Index Cond": "(id = ci.person_id)", "Rows Removed by Index Recheck": 0, "Filter": "((name)::text ~~ '%Downey%Robert%'::text)", "Rows Removed by Filter": 1236}]}, {"Node Type": "Index Scan", "Parent Relationship": "Inner", "Scan Direction": "Forward", "Index Name": "title_pkey", "Relation Name": "title", "Alias": "t", "Startup Cost": 0.0, "Total Cost": 0.28, "Plan Rows": 1, "Plan Width": 21, "Actual Startup Time": 0.045, "Actual Total Time": 0.045, "Actual Rows": 6, "Actual Loops": 6, "Index Cond": "(id = ci.movie_id)", "Rows Removed by Index Recheck": 0, "Filter": "(production_year > 2010)", "Rows Removed by Filter": 0}]}]}, "Triggers": [], "Planner Runtime": 9.763, "Total Runtime": 130.32, "Unique SQL Id": 4208751436}}, "(16, '38')": {"explain_plan": {"Plan": {"Node Type": "Aggregate", "Strategy": "Plain", "Startup Cost": 3589.09, "Total Cost": 3589.1, "Plan Rows": 1, "Plan Width": 144, "Plans": [{"Node Type": "Nested Loop", "Parent Relationship": "Outer", "Join Type": "Inner", "Startup Cost": 5.44, "Total Cost": 3589.09, "Plan Rows": 1, "Plan Width": 48, "Inner Unique": true, "Join Filter": "(mk.movie_id = t.id)", "Plans": [{"Node Type": "Nested Loop", "Parent Relationship": "Outer", "Join Type": "Inner", "Startup Cost": 5.19, "Total Cost": 3584.8, "Plan Rows": 1, "Plan Width": 39, "Inner Unique": true, "Plans": [{"Node Type": "Nested Loop", "Parent Relationship": "Outer", "Join Type": "Inner", "Startup Cost": 4.93, "Total Cost": 2719.34, "Plan Rows": 202, "Plan Width": 28, "Inner Unique": false, "Plans": [{"Node Type": "Nested Loop", "Parent Relationship": "Outer", "Join Type": "Inner", "Startup Cost": 4.51, "Total Cost": 2569.02, "Plan Rows": 33, "Plan Width": 20, "Inner Unique": false, "Plans": [{"Node Type": "Seq Scan", "Parent Relationship": "Outer", "Relation Name": "keyword", "Alias": "k", "Startup Cost": 0.0, "Total Cost": 2436.11, "Plan Rows": 1, "Plan Width": 20, "Filter": "((keyword)::text = 'marvel-cinematic-universe'::text)"}, {"Node Type": "Bitmap Heap Scan", "Parent Relationship": "Inner", "Relation Name": "movie_keyword", "Alias": "mk", "Startup Cost": 4.51, "Total Cost": 132.58, "Plan Rows": 33, "Plan Width": 8, "Recheck Cond": "(keyword_id = k.id)", "Plans": [{"Node Type": "Bitmap Index Scan", "Parent Relationship": "Outer", "Index Name": "keyword_id_movie_keyword", "Startup Cost": 0.0, "Total Cost": 4.5, "Plan Rows": 33, "Plan Width": 0, "Index Cond": "(keyword_id = k.id)"}]}]}, {"Node Type": "Bitmap Heap Scan", "Parent Relationship": "Inner", "Relation Name": "cast_info", "Alias": "ci", "Startup Cost": 0.42, "Total Cost": 4.49, "Plan Rows": 6, "Plan Width": 8, "Recheck Cond": "(movie_id = mk.movie_id)", "Plans": [{"Node Type": "Bitmap Index Scan", "Parent Relationship": "Outer", "Index Name": "movie_id_cast_info", "Startup Cost": 0.0, "Total Cost": 0.42, "Plan Rows": 6, "Plan Width": 0, "Index Cond": "(movie_id = mk.movie_id)"}]}]}, {"Node Type": "Bitmap Heap Scan", "Parent Relationship": "Inner", "Relation Name": "name", "Alias": "n", "Startup Cost": 0.26, "Total Cost": 4.27, "Plan Rows": 1, "Plan Width": 19, "Recheck Cond": "(id = ci.person_id)", "Filter": "((name)::text ~~ '%Downey%Robert%'::text)", "Plans": [{"Node Type": "Bitmap Index Scan", "Parent Relationship": "Outer", "Index Name": "name_pkey", "Startup Cost": 0.0, "Total Cost": 0.26, "Plan Rows": 1, "Plan Width": 0, "Index Cond": "(id = ci.person_id)"}]}]}, {"Node Type": "Bitmap Heap Scan", "Parent Relationship": "Inner", "Relation Name": "title", "Alias": "t", "Startup Cost": 0.26, "Total Cost": 4.27, "Plan Rows": 1, "Plan Width": 21, "Recheck Cond": "(id = ci.movie_id)", "Filter": "(production_year > 2010)", "Plans": [{"Node Type": "Bitmap Index Scan", "Parent Relationship": "Outer", "Index Name": "title_pkey", "Startup Cost": 0.0, "Total Cost": 0.26, "Plan Rows": 1, "Plan Width": 0, "Index Cond": "(id = ci.movie_id)"}]}]}]}, "Unique SQL Id": 4208751436, "Planner Runtime": 9}, "explain_analyze_plan": {"Plan": {"Node Type": "Aggregate", "Strategy": "Plain", "Startup Cost": 3589.09, "Total Cost": 3589.1, "Plan Rows": 1, "Plan Width": 144, "Actual Startup Time": 53.753, "Actual Total Time": 53.753, "Actual Rows": 1, "Actual Loops": 1, "Plans": [{"Node Type": "Nested Loop", "Parent Relationship": "Outer", "Join Type": "Inner", "Startup Cost": 5.44, "Total Cost": 3589.09, "Plan Rows": 1, "Plan Width": 48, "Actual Startup Time": 3.484, "Actual Total Time": 53.714, "Actual Rows": 6, "Actual Loops": 1, "Inner Unique": true, "Join Filter": "(mk.movie_id = t.id)", "Rows Removed by Join Filter": 0, "Plans": [{"Node Type": "Nested Loop", "Parent Relationship": "Outer", "Join Type": "Inner", "Startup Cost": 5.19, "Total Cost": 3584.8, "Plan Rows": 1, "Plan Width": 39, "Actual Startup Time": 3.465, "Actual Total Time": 53.648, "Actual Rows": 6, "Actual Loops": 1, "Inner Unique": true, "Plans": [{"Node Type": "Nested Loop", "Parent Relationship": "Outer", "Join Type": "Inner", "Startup Cost": 4.93, "Total Cost": 2719.34, "Plan Rows": 202, "Plan Width": 28, "Actual Startup Time": 1.158, "Actual Total Time": 44.383, "Actual Rows": 1242, "Actual Loops": 1, "Inner Unique": false, "Plans": [{"Node Type": "Nested Loop", "Parent Relationship": "Outer", "Join Type": "Inner", "Startup Cost": 4.51, "Total Cost": 2569.02, "Plan Rows": 33, "Plan Width": 20, "Actual Startup Time": 1.127, "Actual Total Time": 41.171, "Actual Rows": 14, "Actual Loops": 1, "Inner Unique": false, "Plans": [{"Node Type": "Seq Scan", "Parent Relationship": "Outer", "Relation Name": "keyword", "Alias": "k", "Startup Cost": 0.0, "Total Cost": 2436.11, "Plan Rows": 1, "Plan Width": 20, "Actual Startup Time": 1.072, "Actual Total Time": 41.077, "Actual Rows": 1, "Actual Loops": 1, "Filter": "((keyword)::text = 'marvel-cinematic-universe'::text)", "Rows Removed by Filter": 134168}, {"Node Type": "Bitmap Heap Scan", "Parent Relationship": "Inner", "Relation Name": "movie_keyword", "Alias": "mk", "Startup Cost": 4.51, "Total Cost": 132.58, "Plan Rows": 33, "Plan Width": 8, "Actual Startup Time": 0.048, "Actual Total Time": 0.077, "Actual Rows": 14, "Actual Loops": 1, "Recheck Cond": "(keyword_id = k.id)", "Rows Removed by Index Recheck": 0, "Exact Heap Blocks": 13, "Lossy Heap Blocks": 13, "Plans": [{"Node Type": "Bitmap Index Scan", "Parent Relationship": "Outer", "Index Name": "keyword_id_movie_keyword", "Startup Cost": 0.0, "Total Cost": 4.5, "Plan Rows": 33, "Plan Width": 0, "Actual Startup Time": 0.03, "Actual Total Time": 0.03, "Actual Rows": 14, "Actual Loops": 1, "Index Cond": "(keyword_id = k.id)"}]}]}, {"Node Type": "Bitmap Heap Scan", "Parent Relationship": "Inner", "Relation Name": "cast_info", "Alias": "ci", "Startup Cost": 0.42, "Total Cost": 4.49, "Plan Rows": 6, "Plan Width": 8, "Actual Startup Time": 0.635, "Actual Total Time": 2.839, "Actual Rows": 1242, "Actual Loops": 14, "Recheck Cond": "(movie_id = mk.movie_id)", "Rows Removed by Index Recheck": 0, "Exact Heap Blocks": 1184, "Lossy Heap Blocks": 1184, "Plans": [{"Node Type": "Bitmap Index Scan", "Parent Relationship": "Outer", "Index Name": "movie_id_cast_info", "Startup Cost": 0.0, "Total Cost": 0.42, "Plan Rows": 6, "Plan Width": 0, "Actual Startup Time": 0.408, "Actual Total Time": 0.408, "Actual Rows": 1242, "Actual Loops": 14, "Index Cond": "(movie_id = mk.movie_id)"}]}]}, {"Node Type": "Bitmap Heap Scan", "Parent Relationship": "Inner", "Relation Name": "name", "Alias": "n", "Startup Cost": 0.26, "Total Cost": 4.27, "Plan Rows": 1, "Plan Width": 19, "Actual Startup Time": 7.861, "Actual Total Time": 7.861, "Actual Rows": 6, "Actual Loops": 1242, "Recheck Cond": "(id = ci.person_id)", "Rows Removed by Index Recheck": 0, "Filter": "((name)::text ~~ '%Downey%Robert%'::text)", "Rows Removed by Filter": 1236, "Exact Heap Blocks": 1242, "Lossy Heap Blocks": 1242, "Plans": [{"Node Type": "Bitmap Index Scan", "Parent Relationship": "Outer", "Index Name": "name_pkey", "Startup Cost": 0.0, "Total Cost": 0.26, "Plan Rows": 1, "Plan Width": 0, "Actual Startup Time": 4.728, "Actual Total Time": 4.728, "Actual Rows": 1242, "Actual Loops": 1242, "Index Cond": "(id = ci.person_id)"}]}]}, {"Node Type": "Bitmap Heap Scan", "Parent Relationship": "Inner", "Relation Name": "title", "Alias": "t", "Startup Cost": 0.26, "Total Cost": 4.27, "Plan Rows": 1, "Plan Width": 21, "Actual Startup Time": 0.048, "Actual Total Time": 0.048, "Actual Rows": 6, "Actual Loops": 6, "Recheck Cond": "(id = ci.movie_id)", "Rows Removed by Index Recheck": 0, "Filter": "(production_year > 2010)", "Rows Removed by Filter": 0, "Exact Heap Blocks": 6, "Lossy Heap Blocks": 6, "Plans": [{"Node Type": "Bitmap Index Scan", "Parent Relationship": "Outer", "Index Name": "title_pkey", "Startup Cost": 0.0, "Total Cost": 0.26, "Plan Rows": 1, "Plan Width": 0, "Actual Startup Time": 0.026, "Actual Total Time": 0.026, "Actual Rows": 6, "Actual Loops": 6, "Index Cond": "(id = ci.movie_id)"}]}]}]}, "Triggers": [], "Planner Runtime": 9.755, "Total Runtime": 54.031, "Unique SQL Id": 4208751436}}, "(16, '39')": {"explain_plan": {"Plan": {"Node Type": "Aggregate", "Strategy": "Plain", "Startup Cost": 4308.19, "Total Cost": 4308.2, "Plan Rows": 1, "Plan Width": 144, "Plans": [{"Node Type": "Nested Loop", "Parent Relationship": "Outer", "Join Type": "Inner", "Startup Cost": 724.54, "Total Cost": 4308.18, "Plan Rows": 1, "Plan Width": 48, "Inner Unique": true, "Join Filter": "(mk.movie_id = t.id)", "Plans": [{"Node Type": "Nested Loop", "Parent Relationship": "Outer", "Join Type": "Inner", "Startup Cost": 724.28, "Total Cost": 4303.89, "Plan Rows": 1, "Plan Width": 39, "Inner Unique": true, "Plans": [{"Node Type": "Nested Loop", "Parent Relationship": "Outer", "Join Type": "Inner", "Startup Cost": 724.02, "Total Cost": 3438.43, "Plan Rows": 202, "Plan Width": 28, "Inner Unique": false, "Plans": [{"Node Type": "Nested Loop", "Parent Relationship": "Outer", "Join Type": "Inner", "Startup Cost": 723.6, "Total Cost": 3288.12, "Plan Rows": 33, "Plan Width": 20, "Inner Unique": false, "Plans": [{"Node Type": "Bitmap Heap Scan", "Parent Relationship": "Outer", "Relation Name": "keyword", "Alias": "k", "Startup Cost": 719.1, "Total Cost": 3155.21, "Plan Rows": 1, "Plan Width": 20, "Filter": "((keyword)::text = 'marvel-cinematic-universe'::text)", "Plans": [{"Node Type": "Bitmap Index Scan", "Parent Relationship": "Outer", "Index Name": "keyword_pkey", "Startup Cost": 0.0, "Total Cost": 719.1, "Plan Rows": 134169, "Plan Width": 0}]}, {"Node Type": "Bitmap Heap Scan", "Parent Relationship": "Inner", "Relation Name": "movie_keyword", "Alias": "mk", "Startup Cost": 4.51, "Total Cost": 132.58, "Plan Rows": 33, "Plan Width": 8, "Recheck Cond": "(keyword_id = k.id)", "Plans": [{"Node Type": "Bitmap Index Scan", "Parent Relationship": "Outer", "Index Name": "keyword_id_movie_keyword", "Startup Cost": 0.0, "Total Cost": 4.5, "Plan Rows": 33, "Plan Width": 0, "Index Cond": "(keyword_id = k.id)"}]}]}, {"Node Type": "Bitmap Heap Scan", "Parent Relationship": "Inner", "Relation Name": "cast_info", "Alias": "ci", "Startup Cost": 0.42, "Total Cost": 4.49, "Plan Rows": 6, "Plan Width": 8, "Recheck Cond": "(movie_id = mk.movie_id)", "Plans": [{"Node Type": "Bitmap Index Scan", "Parent Relationship": "Outer", "Index Name": "movie_id_cast_info", "Startup Cost": 0.0, "Total Cost": 0.42, "Plan Rows": 6, "Plan Width": 0, "Index Cond": "(movie_id = mk.movie_id)"}]}]}, {"Node Type": "Bitmap Heap Scan", "Parent Relationship": "Inner", "Relation Name": "name", "Alias": "n", "Startup Cost": 0.26, "Total Cost": 4.27, "Plan Rows": 1, "Plan Width": 19, "Recheck Cond": "(id = ci.person_id)", "Filter": "((name)::text ~~ '%Downey%Robert%'::text)", "Plans": [{"Node Type": "Bitmap Index Scan", "Parent Relationship": "Outer", "Index Name": "name_pkey", "Startup Cost": 0.0, "Total Cost": 0.26, "Plan Rows": 1, "Plan Width": 0, "Index Cond": "(id = ci.person_id)"}]}]}, {"Node Type": "Bitmap Heap Scan", "Parent Relationship": "Inner", "Relation Name": "title", "Alias": "t", "Startup Cost": 0.26, "Total Cost": 4.27, "Plan Rows": 1, "Plan Width": 21, "Recheck Cond": "(id = ci.movie_id)", "Filter": "(production_year > 2010)", "Plans": [{"Node Type": "Bitmap Index Scan", "Parent Relationship": "Outer", "Index Name": "title_pkey", "Startup Cost": 0.0, "Total Cost": 0.26, "Plan Rows": 1, "Plan Width": 0, "Index Cond": "(id = ci.movie_id)"}]}]}]}, "Unique SQL Id": 4208751436, "Planner Runtime": 2}, "explain_analyze_plan": {"Plan": {"Node Type": "Aggregate", "Strategy": "Plain", "Startup Cost": 4308.19, "Total Cost": 4308.2, "Plan Rows": 1, "Plan Width": 144, "Actual Startup Time": 75.88, "Actual Total Time": 75.881, "Actual Rows": 1, "Actual Loops": 1, "Plans": [{"Node Type": "Nested Loop", "Parent Relationship": "Outer", "Join Type": "Inner", "Startup Cost": 724.54, "Total Cost": 4308.18, "Plan Rows": 1, "Plan Width": 48, "Actual Startup Time": 14.628, "Actual Total Time": 75.845, "Actual Rows": 6, "Actual Loops": 1, "Inner Unique": true, "Join Filter": "(mk.movie_id = t.id)", "Rows Removed by Join Filter": 0, "Plans": [{"Node Type": "Nested Loop", "Parent Relationship": "Outer", "Join Type": "Inner", "Startup Cost": 724.28, "Total Cost": 4303.89, "Plan Rows": 1, "Plan Width": 39, "Actual Startup Time": 14.603, "Actual Total Time": 75.774, "Actual Rows": 6, "Actual Loops": 1, "Inner Unique": true, "Plans": [{"Node Type": "Nested Loop", "Parent Relationship": "Outer", "Join Type": "Inner", "Startup Cost": 724.02, "Total Cost": 3438.43, "Plan Rows": 202, "Plan Width": 28, "Actual Startup Time": 12.29, "Actual Total Time": 66.474, "Actual Rows": 1242, "Actual Loops": 1, "Inner Unique": false, "Plans": [{"Node Type": "Nested Loop", "Parent Relationship": "Outer", "Join Type": "Inner", "Startup Cost": 723.6, "Total Cost": 3288.12, "Plan Rows": 33, "Plan Width": 20, "Actual Startup Time": 12.259, "Actual Total Time": 63.243, "Actual Rows": 14, "Actual Loops": 1, "Inner Unique": false, "Plans": [{"Node Type": "Bitmap Heap Scan", "Parent Relationship": "Outer", "Relation Name": "keyword", "Alias": "k", "Startup Cost": 719.1, "Total Cost": 3155.21, "Plan Rows": 1, "Plan Width": 20, "Actual Startup Time": 12.222, "Actual Total Time": 63.169, "Actual Rows": 1, "Actual Loops": 1, "Filter": "((keyword)::text = 'marvel-cinematic-universe'::text)", "Rows Removed by Filter": 134168, "Exact Heap Blocks": 759, "Lossy Heap Blocks": 759, "Plans": [{"Node Type": "Bitmap Index Scan", "Parent Relationship": "Outer", "Index Name": "keyword_pkey", "Startup Cost": 0.0, "Total Cost": 719.1, "Plan Rows": 134169, "Plan Width": 0, "Actual Startup Time": 10.757, "Actual Total Time": 10.757, "Actual Rows": 134169, "Actual Loops": 1}]}, {"Node Type": "Bitmap Heap Scan", "Parent Relationship": "Inner", "Relation Name": "movie_keyword", "Alias": "mk", "Startup Cost": 4.51, "Total Cost": 132.58, "Plan Rows": 33, "Plan Width": 8, "Actual Startup Time": 0.026, "Actual Total Time": 0.055, "Actual Rows": 14, "Actual Loops": 1, "Recheck Cond": "(keyword_id = k.id)", "Rows Removed by Index Recheck": 0, "Exact Heap Blocks": 13, "Lossy Heap Blocks": 13, "Plans": [{"Node Type": "Bitmap Index Scan", "Parent Relationship": "Outer", "Index Name": "keyword_id_movie_keyword", "Startup Cost": 0.0, "Total Cost": 4.5, "Plan Rows": 33, "Plan Width": 0, "Actual Startup Time": 0.017, "Actual Total Time": 0.017, "Actual Rows": 14, "Actual Loops": 1, "Index Cond": "(keyword_id = k.id)"}]}]}, {"Node Type": "Bitmap Heap Scan", "Parent Relationship": "Inner", "Relation Name": "cast_info", "Alias": "ci", "Startup Cost": 0.42, "Total Cost": 4.49, "Plan Rows": 6, "Plan Width": 8, "Actual Startup Time": 0.619, "Actual Total Time": 2.869, "Actual Rows": 1242, "Actual Loops": 14, "Recheck Cond": "(movie_id = mk.movie_id)", "Rows Removed by Index Recheck": 0, "Exact Heap Blocks": 1184, "Lossy Heap Blocks": 1184, "Plans": [{"Node Type": "Bitmap Index Scan", "Parent Relationship": "Outer", "Index Name": "movie_id_cast_info", "Startup Cost": 0.0, "Total Cost": 0.42, "Plan Rows": 6, "Plan Width": 0, "Actual Startup Time": 0.399, "Actual Total Time": 0.399, "Actual Rows": 1242, "Actual Loops": 14, "Index Cond": "(movie_id = mk.movie_id)"}]}]}, {"Node Type": "Bitmap Heap Scan", "Parent Relationship": "Inner", "Relation Name": "name", "Alias": "n", "Startup Cost": 0.26, "Total Cost": 4.27, "Plan Rows": 1, "Plan Width": 19, "Actual Startup Time": 7.886, "Actual Total Time": 7.886, "Actual Rows": 6, "Actual Loops": 1242, "Recheck Cond": "(id = ci.person_id)", "Rows Removed by Index Recheck": 0, "Filter": "((name)::text ~~ '%Downey%Robert%'::text)", "Rows Removed by Filter": 1236, "Exact Heap Blocks": 1242, "Lossy Heap Blocks": 1242, "Plans": [{"Node Type": "Bitmap Index Scan", "Parent Relationship": "Outer", "Index Name": "name_pkey", "Startup Cost": 0.0, "Total Cost": 0.26, "Plan Rows": 1, "Plan Width": 0, "Actual Startup Time": 4.757, "Actual Total Time": 4.757, "Actual Rows": 1242, "Actual Loops": 1242, "Index Cond": "(id = ci.person_id)"}]}]}, {"Node Type": "Bitmap Heap Scan", "Parent Relationship": "Inner", "Relation Name": "title", "Alias": "t", "Startup Cost": 0.26, "Total Cost": 4.27, "Plan Rows": 1, "Plan Width": 21, "Actual Startup Time": 0.051, "Actual Total Time": 0.051, "Actual Rows": 6, "Actual Loops": 6, "Recheck Cond": "(id = ci.movie_id)", "Rows Removed by Index Recheck": 0, "Filter": "(production_year > 2010)", "Rows Removed by Filter": 0, "Exact Heap Blocks": 6, "Lossy Heap Blocks": 6, "Plans": [{"Node Type": "Bitmap Index Scan", "Parent Relationship": "Outer", "Index Name": "title_pkey", "Startup Cost": 0.0, "Total Cost": 0.26, "Plan Rows": 1, "Plan Width": 0, "Actual Startup Time": 0.028, "Actual Total Time": 0.028, "Actual Rows": 6, "Actual Loops": 6, "Index Cond": "(id = ci.movie_id)"}]}]}]}, "Triggers": [], "Planner Runtime": 2.651, "Total Runtime": 76.201, "Unique SQL Id": 4208751436}}, "(16, '40')": {"explain_plan": {"Plan": {"Node Type": "Aggregate", "Strategy": "Plain", "Startup Cost": 2657.42, "Total Cost": 2657.43, "Plan Rows": 1, "Plan Width": 144, "Plans": [{"Node Type": "Nested Loop", "Parent Relationship": "Outer", "Join Type": "Inner", "Startup Cost": 0.0, "Total Cost": 2657.41, "Plan Rows": 1, "Plan Width": 48, "Inner Unique": true, "Join Filter": "(mk.movie_id = t.id)", "Plans": [{"Node Type": "Nested Loop", "Parent Relationship": "Outer", "Join Type": "Inner", "Startup Cost": 0.0, "Total Cost": 2657.12, "Plan Rows": 1, "Plan Width": 39, "Inner Unique": true, "Plans": [{"Node Type": "Nested Loop", "Parent Relationship": "Outer", "Join Type": "Inner", "Startup Cost": 0.0, "Total Cost": 2598.56, "Plan Rows": 202, "Plan Width": 28, "Inner Unique": false, "Plans": [{"Node Type": "Nested Loop", "Parent Relationship": "Outer", "Join Type": "Inner", "Startup Cost": 0.0, "Total Cost": 2573.32, "Plan Rows": 33, "Plan Width": 20, "Inner Unique": false, "Plans": [{"Node Type": "Seq Scan", "Parent Relationship": "Outer", "Relation Name": "keyword", "Alias": "k", "Startup Cost": 0.0, "Total Cost": 2436.11, "Plan Rows": 1, "Plan Width": 20, "Filter": "((keyword)::text = 'marvel-cinematic-universe'::text)"}, {"Node Type": "Index Scan", "Parent Relationship": "Inner", "Scan Direction": "Forward", "Index Name": "keyword_id_movie_keyword", "Relation Name": "movie_keyword", "Alias": "mk", "Startup Cost": 0.0, "Total Cost": 136.88, "Plan Rows": 33, "Plan Width": 8, "Index Cond": "(keyword_id = k.id)"}]}, {"Node Type": "Index Scan", "Parent Relationship": "Inner", "Scan Direction": "Forward", "Index Name": "movie_id_cast_info", "Relation Name": "cast_info", "Alias": "ci", "Startup Cost": 0.0, "Total Cost": 0.7, "Plan Rows": 6, "Plan Width": 8, "Index Cond": "(movie_id = mk.movie_id)"}]}, {"Node Type": "Index Scan", "Parent Relationship": "Inner", "Scan Direction": "Forward", "Index Name": "name_pkey", "Relation Name": "name", "Alias": "n", "Startup Cost": 0.0, "Total Cost": 0.28, "Plan Rows": 1, "Plan Width": 19, "Index Cond": "(id = ci.person_id)", "Filter": "((name)::text ~~ '%Downey%Robert%'::text)"}]}, {"Node Type": "Index Scan", "Parent Relationship": "Inner", "Scan Direction": "Forward", "Index Name": "title_pkey", "Relation Name": "title", "Alias": "t", "Startup Cost": 0.0, "Total Cost": 0.28, "Plan Rows": 1, "Plan Width": 21, "Index Cond": "(id = ci.movie_id)", "Filter": "(production_year > 2010)"}]}]}, "Unique SQL Id": 4208751436, "Planner Runtime": 5}, "explain_analyze_plan": {"Plan": {"Node Type": "Aggregate", "Strategy": "Plain", "Startup Cost": 2657.42, "Total Cost": 2657.43, "Plan Rows": 1, "Plan Width": 144, "Actual Startup Time": 49.573, "Actual Total Time": 49.573, "Actual Rows": 1, "Actual Loops": 1, "Plans": [{"Node Type": "Nested Loop", "Parent Relationship": "Outer", "Join Type": "Inner", "Startup Cost": 0.0, "Total Cost": 2657.41, "Plan Rows": 1, "Plan Width": 48, "Actual Startup Time": 2.65, "Actual Total Time": 49.529, "Actual Rows": 6, "Actual Loops": 1, "Inner Unique": true, "Join Filter": "(mk.movie_id = t.id)", "Rows Removed by Join Filter": 0, "Plans": [{"Node Type": "Nested Loop", "Parent Relationship": "Outer", "Join Type": "Inner", "Startup Cost": 0.0, "Total Cost": 2657.12, "Plan Rows": 1, "Plan Width": 39, "Actual Startup Time": 2.627, "Actual Total Time": 49.472, "Actual Rows": 6, "Actual Loops": 1, "Inner Unique": true, "Plans": [{"Node Type": "Nested Loop", "Parent Relationship": "Outer", "Join Type": "Inner", "Startup Cost": 0.0, "Total Cost": 2598.56, "Plan Rows": 202, "Plan Width": 28, "Actual Startup Time": 1.088, "Actual Total Time": 42.692, "Actual Rows": 1242, "Actual Loops": 1, "Inner Unique": false, "Plans": [{"Node Type": "Nested Loop", "Parent Relationship": "Outer", "Join Type": "Inner", "Startup Cost": 0.0, "Total Cost": 2573.32, "Plan Rows": 33, "Plan Width": 20, "Actual Startup Time": 1.074, "Actual Total Time": 40.525, "Actual Rows": 14, "Actual Loops": 1, "Inner Unique": false, "Plans": [{"Node Type": "Seq Scan", "Parent Relationship": "Outer", "Relation Name": "keyword", "Alias": "k", "Startup Cost": 0.0, "Total Cost": 2436.11, "Plan Rows": 1, "Plan Width": 20, "Actual Startup Time": 1.052, "Actual Total Time": 40.474, "Actual Rows": 1, "Actual Loops": 1, "Filter": "((keyword)::text = 'marvel-cinematic-universe'::text)", "Rows Removed by Filter": 134168}, {"Node Type": "Index Scan", "Parent Relationship": "Inner", "Scan Direction": "Forward", "Index Name": "keyword_id_movie_keyword", "Relation Name": "movie_keyword", "Alias": "mk", "Startup Cost": 0.0, "Total Cost": 136.88, "Plan Rows": 33, "Plan Width": 8, "Actual Startup Time": 0.016, "Actual Total Time": 0.039, "Actual Rows": 14, "Actual Loops": 1, "Index Cond": "(keyword_id = k.id)", "Rows Removed by Index Recheck": 0}]}, {"Node Type": "Index Scan", "Parent Relationship": "Inner", "Scan Direction": "Forward", "Index Name": "movie_id_cast_info", "Relation Name": "cast_info", "Alias": "ci", "Startup Cost": 0.0, "Total Cost": 0.7, "Plan Rows": 6, "Plan Width": 8, "Actual Startup Time": 0.16, "Actual Total Time": 1.838, "Actual Rows": 1242, "Actual Loops": 14, "Index Cond": "(movie_id = mk.movie_id)", "Rows Removed by Index Recheck": 0}]}, {"Node Type": "Index Scan", "Parent Relationship": "Inner", "Scan Direction": "Forward", "Index Name": "name_pkey", "Relation Name": "name", "Alias": "n", "Startup Cost": 0.0, "Total Cost": 0.28, "Plan Rows": 1, "Plan Width": 19, "Actual Startup Time": 6.167, "Actual Total Time": 6.167, "Actual Rows": 6, "Actual Loops": 1242, "Index Cond": "(id = ci.person_id)", "Rows Removed by Index Recheck": 0, "Filter": "((name)::text ~~ '%Downey%Robert%'::text)", "Rows Removed by Filter": 1236}]}, {"Node Type": "Index Scan", "Parent Relationship": "Inner", "Scan Direction": "Forward", "Index Name": "title_pkey", "Relation Name": "title", "Alias": "t", "Startup Cost": 0.0, "Total Cost": 0.28, "Plan Rows": 1, "Plan Width": 21, "Actual Startup Time": 0.038, "Actual Total Time": 0.038, "Actual Rows": 6, "Actual Loops": 6, "Index Cond": "(id = ci.movie_id)", "Rows Removed by Index Recheck": 0, "Filter": "(production_year > 2010)", "Rows Removed by Filter": 0}]}]}, "Triggers": [], "Planner Runtime": 8.574, "Total Runtime": 49.842, "Unique SQL Id": 4208751436}}, "(16, '41')": {"explain_plan": {"Plan": {"Node Type": "Aggregate", "Strategy": "Plain", "Startup Cost": 3404.02, "Total Cost": 3404.03, "Plan Rows": 1, "Plan Width": 144, "Plans": [{"Node Type": "Nested Loop", "Parent Relationship": "Outer", "Join Type": "Inner", "Startup Cost": 0.0, "Total Cost": 3404.01, "Plan Rows": 1, "Plan Width": 48, "Inner Unique": true, "Join Filter": "(mk.movie_id = t.id)", "Plans": [{"Node Type": "Nested Loop", "Parent Relationship": "Outer", "Join Type": "Inner", "Startup Cost": 0.0, "Total Cost": 3403.72, "Plan Rows": 1, "Plan Width": 39, "Inner Unique": true, "Plans": [{"Node Type": "Nested Loop", "Parent Relationship": "Outer", "Join Type": "Inner", "Startup Cost": 0.0, "Total Cost": 3345.17, "Plan Rows": 202, "Plan Width": 28, "Inner Unique": false, "Plans": [{"Node Type": "Nested Loop", "Parent Relationship": "Outer", "Join Type": "Inner", "Startup Cost": 0.0, "Total Cost": 3319.92, "Plan Rows": 33, "Plan Width": 20, "Inner Unique": false, "Plans": [{"Node Type": "Index Scan", "Parent Relationship": "Outer", "Scan Direction": "Forward", "Index Name": "keyword_pkey", "Relation Name": "keyword", "Alias": "k", "Startup Cost": 0.0, "Total Cost": 3182.72, "Plan Rows": 1, "Plan Width": 20, "Filter": "((keyword)::text = 'marvel-cinematic-universe'::text)"}, {"Node Type": "Index Scan", "Parent Relationship": "Inner", "Scan Direction": "Forward", "Index Name": "keyword_id_movie_keyword", "Relation Name": "movie_keyword", "Alias": "mk", "Startup Cost": 0.0, "Total Cost": 136.88, "Plan Rows": 33, "Plan Width": 8, "Index Cond": "(keyword_id = k.id)"}]}, {"Node Type": "Index Scan", "Parent Relationship": "Inner", "Scan Direction": "Forward", "Index Name": "movie_id_cast_info", "Relation Name": "cast_info", "Alias": "ci", "Startup Cost": 0.0, "Total Cost": 0.7, "Plan Rows": 6, "Plan Width": 8, "Index Cond": "(movie_id = mk.movie_id)"}]}, {"Node Type": "Index Scan", "Parent Relationship": "Inner", "Scan Direction": "Forward", "Index Name": "name_pkey", "Relation Name": "name", "Alias": "n", "Startup Cost": 0.0, "Total Cost": 0.28, "Plan Rows": 1, "Plan Width": 19, "Index Cond": "(id = ci.person_id)", "Filter": "((name)::text ~~ '%Downey%Robert%'::text)"}]}, {"Node Type": "Index Scan", "Parent Relationship": "Inner", "Scan Direction": "Forward", "Index Name": "title_pkey", "Relation Name": "title", "Alias": "t", "Startup Cost": 0.0, "Total Cost": 0.28, "Plan Rows": 1, "Plan Width": 21, "Index Cond": "(id = ci.movie_id)", "Filter": "(production_year > 2010)"}]}]}, "Unique SQL Id": 4208751436, "Planner Runtime": 5}, "explain_analyze_plan": {"Plan": {"Node Type": "Aggregate", "Strategy": "Plain", "Startup Cost": 3404.02, "Total Cost": 3404.03, "Plan Rows": 1, "Plan Width": 144, "Actual Startup Time": 129.093, "Actual Total Time": 129.094, "Actual Rows": 1, "Actual Loops": 1, "Plans": [{"Node Type": "Nested Loop", "Parent Relationship": "Outer", "Join Type": "Inner", "Startup Cost": 0.0, "Total Cost": 3404.01, "Plan Rows": 1, "Plan Width": 48, "Actual Startup Time": 8.547, "Actual Total Time": 129.04, "Actual Rows": 6, "Actual Loops": 1, "Inner Unique": true, "Join Filter": "(mk.movie_id = t.id)", "Rows Removed by Join Filter": 0, "Plans": [{"Node Type": "Nested Loop", "Parent Relationship": "Outer", "Join Type": "Inner", "Startup Cost": 0.0, "Total Cost": 3403.72, "Plan Rows": 1, "Plan Width": 39, "Actual Startup Time": 8.53, "Actual Total Time": 128.988, "Actual Rows": 6, "Actual Loops": 1, "Inner Unique": true, "Plans": [{"Node Type": "Nested Loop", "Parent Relationship": "Outer", "Join Type": "Inner", "Startup Cost": 0.0, "Total Cost": 3345.17, "Plan Rows": 202, "Plan Width": 28, "Actual Startup Time": 6.99, "Actual Total Time": 122.056, "Actual Rows": 1242, "Actual Loops": 1, "Inner Unique": false, "Plans": [{"Node Type": "Nested Loop", "Parent Relationship": "Outer", "Join Type": "Inner", "Startup Cost": 0.0, "Total Cost": 3319.92, "Plan Rows": 33, "Plan Width": 20, "Actual Startup Time": 6.977, "Actual Total Time": 119.872, "Actual Rows": 14, "Actual Loops": 1, "Inner Unique": false, "Plans": [{"Node Type": "Index Scan", "Parent Relationship": "Outer", "Scan Direction": "Forward", "Index Name": "keyword_pkey", "Relation Name": "keyword", "Alias": "k", "Startup Cost": 0.0, "Total Cost": 3182.72, "Plan Rows": 1, "Plan Width": 20, "Actual Startup Time": 6.958, "Actual Total Time": 119.824, "Actual Rows": 1, "Actual Loops": 1, "Filter": "((keyword)::text = 'marvel-cinematic-universe'::text)", "Rows Removed by Filter": 134168}, {"Node Type": "Index Scan", "Parent Relationship": "Inner", "Scan Direction": "Forward", "Index Name": "keyword_id_movie_keyword", "Relation Name": "movie_keyword", "Alias": "mk", "Startup Cost": 0.0, "Total Cost": 136.88, "Plan Rows": 33, "Plan Width": 8, "Actual Startup Time": 0.012, "Actual Total Time": 0.032, "Actual Rows": 14, "Actual Loops": 1, "Index Cond": "(keyword_id = k.id)", "Rows Removed by Index Recheck": 0}]}, {"Node Type": "Index Scan", "Parent Relationship": "Inner", "Scan Direction": "Forward", "Index Name": "movie_id_cast_info", "Relation Name": "cast_info", "Alias": "ci", "Startup Cost": 0.0, "Total Cost": 0.7, "Plan Rows": 6, "Plan Width": 8, "Actual Startup Time": 0.158, "Actual Total Time": 1.852, "Actual Rows": 1242, "Actual Loops": 14, "Index Cond": "(movie_id = mk.movie_id)", "Rows Removed by Index Recheck": 0}]}, {"Node Type": "Index Scan", "Parent Relationship": "Inner", "Scan Direction": "Forward", "Index Name": "name_pkey", "Relation Name": "name", "Alias": "n", "Startup Cost": 0.0, "Total Cost": 0.28, "Plan Rows": 1, "Plan Width": 19, "Actual Startup Time": 6.301, "Actual Total Time": 6.301, "Actual Rows": 6, "Actual Loops": 1242, "Index Cond": "(id = ci.person_id)", "Rows Removed by Index Recheck": 0, "Filter": "((name)::text ~~ '%Downey%Robert%'::text)", "Rows Removed by Filter": 1236}]}, {"Node Type": "Index Scan", "Parent Relationship": "Inner", "Scan Direction": "Forward", "Index Name": "title_pkey", "Relation Name": "title", "Alias": "t", "Startup Cost": 0.0, "Total Cost": 0.28, "Plan Rows": 1, "Plan Width": 21, "Actual Startup Time": 0.038, "Actual Total Time": 0.038, "Actual Rows": 6, "Actual Loops": 6, "Index Cond": "(id = ci.movie_id)", "Rows Removed by Index Recheck": 0, "Filter": "(production_year > 2010)", "Rows Removed by Filter": 0}]}]}, "Triggers": [], "Planner Runtime": 8.278, "Total Runtime": 129.388, "Unique SQL Id": 4208751436}}, "(16, '42')": {"explain_plan": {"Plan": {"Node Type": "Aggregate", "Strategy": "Plain", "Startup Cost": 147588.39, "Total Cost": 147588.4, "Plan Rows": 1, "Plan Width": 144, "Plans": [{"Node Type": "Nested Loop", "Parent Relationship": "Outer", "Join Type": "Inner", "Startup Cost": 124802.66, "Total Cost": 147586.76, "Plan Rows": 218, "Plan Width": 48, "Inner Unique": false, "Join Filter": "(mk.keyword_id = k.id)", "Plans": [{"Node Type": "Seq Scan", "Parent Relationship": "Outer", "Relation Name": "keyword", "Alias": "k", "Startup Cost": 0.0, "Total Cost": 2436.11, "Plan Rows": 1, "Plan Width": 20, "Filter": "((keyword)::text = 'marvel-cinematic-universe'::text)"}, {"Node Type": "Materialize", "Parent Relationship": "Inner", "Startup Cost": 124802.66, "Total Cost": 145075.11, "Plan Rows": 7553, "Plan Width": 36, "Plans": [{"Node Type": "Hash Join", "Parent Relationship": "Outer", "Join Type": "Inner", "Startup Cost": 124802.66, "Total Cost": 145056.23, "Plan Rows": 7553, "Plan Width": 36, "Inner Unique": true, "Hash Cond": "(mk.movie_id = t.id)", "Plans": [{"Node Type": "Streaming(type: LOCAL GATHER dop: 1/16)", "Parent Relationship": "Outer", "Startup Cost": 113010.1, "Total Cost": 133161.91, "Plan Rows": 6997, "Plan Width": 27, "Plans": [{"Node Type": "Hash Join", "Parent Relationship": "Outer", "Join Type": "Inner", "Startup Cost": 113010.1, "Total Cost": 133010.9, "Plan Rows": 6997, "Plan Width": 27, "Inner Unique": false, "Hash Cond": "(mk.movie_id = ci.movie_id)", "Plans": [{"Node Type": "Seq Scan", "Parent Relationship": "Outer", "Relation Name": "movie_keyword", "Alias": "mk", "Startup Cost": 0.0, "Total Cost": 18902.58, "Plan Rows": 4523929, "Plan Width": 8}, {"Node Type": "Hash", "Parent Relationship": "Inner", "Startup Cost": 112916.1, "Total Cost": 112916.1, "Plan Rows": 120320, "Plan Width": 19, "Plans": [{"Node Type": "Streaming(type: BROADCAST dop: 16/16)", "Parent Relationship": "Outer", "Startup Cost": 36490.21, "Total Cost": 112916.1, "Plan Rows": 120320, "Plan Width": 19, "Plans": [{"Node Type": "Hash Join", "Parent Relationship": "Outer", "Join Type": "Inner", "Startup Cost": 36490.21, "Total Cost": 97610.6, "Plan Rows": 7520, "Plan Width": 19, "Inner Unique": true, "Hash Cond": "(ci.person_id = n.id)", "Plans": [{"Node Type": "Seq Scan", "Parent Relationship": "Outer", "Relation Name": "cast_info", "Alias": "ci", "Startup Cost": 0.0, "Total Cost": 52617.37, "Plan Rows": 36259494, "Plan Width": 8}, {"Node Type": "Hash", "Parent Relationship": "Inner", "Startup Cost": 36485.02, "Total Cost": 36485.02, "Plan Rows": 6640, "Plan Width": 19, "Plans": [{"Node Type": "Streaming(type: BROADCAST dop: 16/16)", "Parent Relationship": "Outer", "Startup Cost": 0.0, "Total Cost": 36485.02, "Plan Rows": 6640, "Plan Width": 19, "Plans": [{"Node Type": "Seq Scan", "Parent Relationship": "Outer", "Relation Name": "name", "Alias": "n", "Startup Cost": 0.0, "Total Cost": 21468.16, "Plan Rows": 415, "Plan Width": 19, "Filter": "((name)::text ~~ '%Downey%Robert%'::text)"}]}]}]}]}]}]}]}, {"Node Type": "Hash", "Parent Relationship": "Inner", "Startup Cost": 27597.68, "Total Cost": 27597.68, "Plan Rows": 391451, "Plan Width": 21, "Plans": [{"Node Type": "Streaming(type: LOCAL GATHER dop: 1/16)", "Parent Relationship": "Outer", "Startup Cost": 0.0, "Total Cost": 27597.68, "Plan Rows": 391451, "Plan Width": 21, "Plans": [{"Node Type": "Seq Scan", "Parent Relationship": "Outer", "Relation Name": "title", "Alias": "t", "Startup Cost": 0.0, "Total Cost": 19149.37, "Plan Rows": 391451, "Plan Width": 21, "Filter": "(production_year > 2010), (LLVM Optimized)"}]}]}]}]}]}]}, "Unique SQL Id": 4208751436, "Planner Runtime": 17}, "explain_analyze_plan": null}, "(16, '43')": {"explain_plan": {"Plan": {"Node Type": "Aggregate", "Strategy": "Plain", "Startup Cost": 5000235781756.36, "Total Cost": 5000235781756.37, "Plan Rows": 1, "Plan Width": 144, "Plans": [{"Node Type": "Nested Loop", "Parent Relationship": "Outer", "Join Type": "Inner", "Startup Cost": 50000000000.0, "Total Cost": 5000235781754.72, "Plan Rows": 218, "Plan Width": 48, "Inner Unique": true, "Join Filter": "(ci.person_id = n.id)", "Plans": [{"Node Type": "Nested Loop", "Parent Relationship": "Outer", "Join Type": "Inner", "Startup Cost": 40000000000.0, "Total Cost": 4000217115249.43, "Plan Rows": 218, "Plan Width": 37, "Inner Unique": true, "Join Filter": "(mk.movie_id = t.id)", "Plans": [{"Node Type": "Nested Loop", "Parent Relationship": "Outer", "Join Type": "Inner", "Startup Cost": 30000000000.0, "Total Cost": 3000204284047.61, "Plan Rows": 202, "Plan Width": 28, "Inner Unique": false, "Join Filter": "(mk.movie_id = ci.movie_id)", "Plans": [{"Node Type": "Index Scan", "Parent Relationship": "Outer", "Scan Direction": "Forward", "Index Name": "person_id_cast_info", "Relation Name": "cast_info", "Alias": "ci", "Startup Cost": 10000000000.0, "Total Cost": 1000170648833.21, "Plan Rows": 36259494, "Plan Width": 8}, {"Node Type": "Materialize", "Parent Relationship": "Inner", "Startup Cost": 20000000000.0, "Total Cost": 2000015686764.96, "Plan Rows": 33, "Plan Width": 20, "Plans": [{"Node Type": "Nested Loop", "Parent Relationship": "Outer", "Join Type": "Inner", "Startup Cost": 20000000000.0, "Total Cost": 2000015686764.79, "Plan Rows": 33, "Plan Width": 20, "Inner Unique": true, "Join Filter": "(k.id = mk.keyword_id)", "Plans": [{"Node Type": "Index Scan", "Parent Relationship": "Outer", "Scan Direction": "Forward", "Index Name": "movie_id_movie_keyword", "Relation Name": "movie_keyword", "Alias": "mk", "Startup Cost": 10000000000.0, "Total Cost": 1000015300634.17, "Plan Rows": 4523929, "Plan Width": 8}, {"Node Type": "Materialize", "Parent Relationship": "Inner", "Startup Cost": 10000000000.0, "Total Cost": 1000000318271.69, "Plan Rows": 1, "Plan Width": 20, "Plans": [{"Node Type": "Index Scan", "Parent Relationship": "Outer", "Scan Direction": "Forward", "Index Name": "keyword_pkey", "Relation Name": "keyword", "Alias": "k", "Startup Cost": 10000000000.0, "Total Cost": 1000000318271.68, "Plan Rows": 1, "Plan Width": 20, "Filter": "((keyword)::text = 'marvel-cinematic-universe'::text)"}]}]}]}]}, {"Node Type": "Materialize", "Parent Relationship": "Inner", "Startup Cost": 10000000000.0, "Total Cost": 1000011646083.92, "Plan Rows": 391451, "Plan Width": 21, "Plans": [{"Node Type": "Index Scan", "Parent Relationship": "Outer", "Scan Direction": "Forward", "Index Name": "title_pkey", "Relation Name": "title", "Alias": "t", "Startup Cost": 10000000000.0, "Total Cost": 1000011644126.66, "Plan Rows": 391451, "Plan Width": 21, "Filter": "(production_year > 2010), (LLVM Optimized)"}]}]}, {"Node Type": "Materialize", "Parent Relationship": "Inner", "Startup Cost": 10000000000.0, "Total Cost": 1000018665149.28, "Plan Rows": 415, "Plan Width": 19, "Plans": [{"Node Type": "Index Scan", "Parent Relationship": "Outer", "Scan Direction": "Forward", "Index Name": "name_pkey", "Relation Name": "name", "Alias": "n", "Startup Cost": 10000000000.0, "Total Cost": 1000018665147.2, "Plan Rows": 415, "Plan Width": 19, "Filter": "((name)::text ~~ '%Downey%Robert%'::text)"}]}]}]}, "Unique SQL Id": 4208751436, "Planner Runtime": 4}, "explain_analyze_plan": null}, "(16, '44')": {"explain_plan": {"Plan": {"Node Type": "Aggregate", "Strategy": "Plain", "Startup Cost": 2657.42, "Total Cost": 2657.43, "Plan Rows": 1, "Plan Width": 144, "Plans": [{"Node Type": "Nested Loop", "Parent Relationship": "Outer", "Join Type": "Inner", "Startup Cost": 0.0, "Total Cost": 2657.41, "Plan Rows": 1, "Plan Width": 48, "Inner Unique": true, "Join Filter": "(mk.movie_id = t.id)", "Plans": [{"Node Type": "Nested Loop", "Parent Relationship": "Outer", "Join Type": "Inner", "Startup Cost": 0.0, "Total Cost": 2657.12, "Plan Rows": 1, "Plan Width": 39, "Inner Unique": true, "Plans": [{"Node Type": "Nested Loop", "Parent Relationship": "Outer", "Join Type": "Inner", "Startup Cost": 0.0, "Total Cost": 2598.56, "Plan Rows": 202, "Plan Width": 28, "Inner Unique": false, "Plans": [{"Node Type": "Nested Loop", "Parent Relationship": "Outer", "Join Type": "Inner", "Startup Cost": 0.0, "Total Cost": 2573.32, "Plan Rows": 33, "Plan Width": 20, "Inner Unique": false, "Plans": [{"Node Type": "Seq Scan", "Parent Relationship": "Outer", "Relation Name": "keyword", "Alias": "k", "Startup Cost": 0.0, "Total Cost": 2436.11, "Plan Rows": 1, "Plan Width": 20, "Filter": "((keyword)::text = 'marvel-cinematic-universe'::text)"}, {"Node Type": "Index Scan", "Parent Relationship": "Inner", "Scan Direction": "Forward", "Index Name": "keyword_id_movie_keyword", "Relation Name": "movie_keyword", "Alias": "mk", "Startup Cost": 0.0, "Total Cost": 136.88, "Plan Rows": 33, "Plan Width": 8, "Index Cond": "(keyword_id = k.id)"}]}, {"Node Type": "Index Scan", "Parent Relationship": "Inner", "Scan Direction": "Forward", "Index Name": "movie_id_cast_info", "Relation Name": "cast_info", "Alias": "ci", "Startup Cost": 0.0, "Total Cost": 0.7, "Plan Rows": 6, "Plan Width": 8, "Index Cond": "(movie_id = mk.movie_id)"}]}, {"Node Type": "Index Scan", "Parent Relationship": "Inner", "Scan Direction": "Forward", "Index Name": "name_pkey", "Relation Name": "name", "Alias": "n", "Startup Cost": 0.0, "Total Cost": 0.28, "Plan Rows": 1, "Plan Width": 19, "Index Cond": "(id = ci.person_id)", "Filter": "((name)::text ~~ '%Downey%Robert%'::text)"}]}, {"Node Type": "Index Scan", "Parent Relationship": "Inner", "Scan Direction": "Forward", "Index Name": "title_pkey", "Relation Name": "title", "Alias": "t", "Startup Cost": 0.0, "Total Cost": 0.28, "Plan Rows": 1, "Plan Width": 21, "Index Cond": "(id = ci.movie_id)", "Filter": "(production_year > 2010)"}]}]}, "Unique SQL Id": 4208751436, "Planner Runtime": 6}, "explain_analyze_plan": {"Plan": {"Node Type": "Aggregate", "Strategy": "Plain", "Startup Cost": 2657.42, "Total Cost": 2657.43, "Plan Rows": 1, "Plan Width": 144, "Actual Startup Time": 49.573, "Actual Total Time": 49.573, "Actual Rows": 1, "Actual Loops": 1, "Plans": [{"Node Type": "Nested Loop", "Parent Relationship": "Outer", "Join Type": "Inner", "Startup Cost": 0.0, "Total Cost": 2657.41, "Plan Rows": 1, "Plan Width": 48, "Actual Startup Time": 2.65, "Actual Total Time": 49.529, "Actual Rows": 6, "Actual Loops": 1, "Inner Unique": true, "Join Filter": "(mk.movie_id = t.id)", "Rows Removed by Join Filter": 0, "Plans": [{"Node Type": "Nested Loop", "Parent Relationship": "Outer", "Join Type": "Inner", "Startup Cost": 0.0, "Total Cost": 2657.12, "Plan Rows": 1, "Plan Width": 39, "Actual Startup Time": 2.627, "Actual Total Time": 49.472, "Actual Rows": 6, "Actual Loops": 1, "Inner Unique": true, "Plans": [{"Node Type": "Nested Loop", "Parent Relationship": "Outer", "Join Type": "Inner", "Startup Cost": 0.0, "Total Cost": 2598.56, "Plan Rows": 202, "Plan Width": 28, "Actual Startup Time": 1.088, "Actual Total Time": 42.692, "Actual Rows": 1242, "Actual Loops": 1, "Inner Unique": false, "Plans": [{"Node Type": "Nested Loop", "Parent Relationship": "Outer", "Join Type": "Inner", "Startup Cost": 0.0, "Total Cost": 2573.32, "Plan Rows": 33, "Plan Width": 20, "Actual Startup Time": 1.074, "Actual Total Time": 40.525, "Actual Rows": 14, "Actual Loops": 1, "Inner Unique": false, "Plans": [{"Node Type": "Seq Scan", "Parent Relationship": "Outer", "Relation Name": "keyword", "Alias": "k", "Startup Cost": 0.0, "Total Cost": 2436.11, "Plan Rows": 1, "Plan Width": 20, "Actual Startup Time": 1.052, "Actual Total Time": 40.474, "Actual Rows": 1, "Actual Loops": 1, "Filter": "((keyword)::text = 'marvel-cinematic-universe'::text)", "Rows Removed by Filter": 134168}, {"Node Type": "Index Scan", "Parent Relationship": "Inner", "Scan Direction": "Forward", "Index Name": "keyword_id_movie_keyword", "Relation Name": "movie_keyword", "Alias": "mk", "Startup Cost": 0.0, "Total Cost": 136.88, "Plan Rows": 33, "Plan Width": 8, "Actual Startup Time": 0.016, "Actual Total Time": 0.039, "Actual Rows": 14, "Actual Loops": 1, "Index Cond": "(keyword_id = k.id)", "Rows Removed by Index Recheck": 0}]}, {"Node Type": "Index Scan", "Parent Relationship": "Inner", "Scan Direction": "Forward", "Index Name": "movie_id_cast_info", "Relation Name": "cast_info", "Alias": "ci", "Startup Cost": 0.0, "Total Cost": 0.7, "Plan Rows": 6, "Plan Width": 8, "Actual Startup Time": 0.16, "Actual Total Time": 1.838, "Actual Rows": 1242, "Actual Loops": 14, "Index Cond": "(movie_id = mk.movie_id)", "Rows Removed by Index Recheck": 0}]}, {"Node Type": "Index Scan", "Parent Relationship": "Inner", "Scan Direction": "Forward", "Index Name": "name_pkey", "Relation Name": "name", "Alias": "n", "Startup Cost": 0.0, "Total Cost": 0.28, "Plan Rows": 1, "Plan Width": 19, "Actual Startup Time": 6.167, "Actual Total Time": 6.167, "Actual Rows": 6, "Actual Loops": 1242, "Index Cond": "(id = ci.person_id)", "Rows Removed by Index Recheck": 0, "Filter": "((name)::text ~~ '%Downey%Robert%'::text)", "Rows Removed by Filter": 1236}]}, {"Node Type": "Index Scan", "Parent Relationship": "Inner", "Scan Direction": "Forward", "Index Name": "title_pkey", "Relation Name": "title", "Alias": "t", "Startup Cost": 0.0, "Total Cost": 0.28, "Plan Rows": 1, "Plan Width": 21, "Actual Startup Time": 0.038, "Actual Total Time": 0.038, "Actual Rows": 6, "Actual Loops": 6, "Index Cond": "(id = ci.movie_id)", "Rows Removed by Index Recheck": 0, "Filter": "(production_year > 2010)", "Rows Removed by Filter": 0}]}]}, "Triggers": [], "Planner Runtime": 8.574, "Total Runtime": 49.842, "Unique SQL Id": 4208751436}}, "(16, '45')": {"explain_plan": {"Plan": {"Node Type": "Aggregate", "Strategy": "Plain", "Startup Cost": 3404.02, "Total Cost": 3404.03, "Plan Rows": 1, "Plan Width": 144, "Plans": [{"Node Type": "Nested Loop", "Parent Relationship": "Outer", "Join Type": "Inner", "Startup Cost": 0.0, "Total Cost": 3404.01, "Plan Rows": 1, "Plan Width": 48, "Inner Unique": true, "Join Filter": "(mk.movie_id = t.id)", "Plans": [{"Node Type": "Nested Loop", "Parent Relationship": "Outer", "Join Type": "Inner", "Startup Cost": 0.0, "Total Cost": 3403.72, "Plan Rows": 1, "Plan Width": 39, "Inner Unique": true, "Plans": [{"Node Type": "Nested Loop", "Parent Relationship": "Outer", "Join Type": "Inner", "Startup Cost": 0.0, "Total Cost": 3345.17, "Plan Rows": 202, "Plan Width": 28, "Inner Unique": false, "Plans": [{"Node Type": "Nested Loop", "Parent Relationship": "Outer", "Join Type": "Inner", "Startup Cost": 0.0, "Total Cost": 3319.92, "Plan Rows": 33, "Plan Width": 20, "Inner Unique": false, "Plans": [{"Node Type": "Index Scan", "Parent Relationship": "Outer", "Scan Direction": "Forward", "Index Name": "keyword_pkey", "Relation Name": "keyword", "Alias": "k", "Startup Cost": 0.0, "Total Cost": 3182.72, "Plan Rows": 1, "Plan Width": 20, "Filter": "((keyword)::text = 'marvel-cinematic-universe'::text)"}, {"Node Type": "Index Scan", "Parent Relationship": "Inner", "Scan Direction": "Forward", "Index Name": "keyword_id_movie_keyword", "Relation Name": "movie_keyword", "Alias": "mk", "Startup Cost": 0.0, "Total Cost": 136.88, "Plan Rows": 33, "Plan Width": 8, "Index Cond": "(keyword_id = k.id)"}]}, {"Node Type": "Index Scan", "Parent Relationship": "Inner", "Scan Direction": "Forward", "Index Name": "movie_id_cast_info", "Relation Name": "cast_info", "Alias": "ci", "Startup Cost": 0.0, "Total Cost": 0.7, "Plan Rows": 6, "Plan Width": 8, "Index Cond": "(movie_id = mk.movie_id)"}]}, {"Node Type": "Index Scan", "Parent Relationship": "Inner", "Scan Direction": "Forward", "Index Name": "name_pkey", "Relation Name": "name", "Alias": "n", "Startup Cost": 0.0, "Total Cost": 0.28, "Plan Rows": 1, "Plan Width": 19, "Index Cond": "(id = ci.person_id)", "Filter": "((name)::text ~~ '%Downey%Robert%'::text)"}]}, {"Node Type": "Index Scan", "Parent Relationship": "Inner", "Scan Direction": "Forward", "Index Name": "title_pkey", "Relation Name": "title", "Alias": "t", "Startup Cost": 0.0, "Total Cost": 0.28, "Plan Rows": 1, "Plan Width": 21, "Index Cond": "(id = ci.movie_id)", "Filter": "(production_year > 2010)"}]}]}, "Unique SQL Id": 4208751436, "Planner Runtime": 5}, "explain_analyze_plan": {"Plan": {"Node Type": "Aggregate", "Strategy": "Plain", "Startup Cost": 3404.02, "Total Cost": 3404.03, "Plan Rows": 1, "Plan Width": 144, "Actual Startup Time": 129.093, "Actual Total Time": 129.094, "Actual Rows": 1, "Actual Loops": 1, "Plans": [{"Node Type": "Nested Loop", "Parent Relationship": "Outer", "Join Type": "Inner", "Startup Cost": 0.0, "Total Cost": 3404.01, "Plan Rows": 1, "Plan Width": 48, "Actual Startup Time": 8.547, "Actual Total Time": 129.04, "Actual Rows": 6, "Actual Loops": 1, "Inner Unique": true, "Join Filter": "(mk.movie_id = t.id)", "Rows Removed by Join Filter": 0, "Plans": [{"Node Type": "Nested Loop", "Parent Relationship": "Outer", "Join Type": "Inner", "Startup Cost": 0.0, "Total Cost": 3403.72, "Plan Rows": 1, "Plan Width": 39, "Actual Startup Time": 8.53, "Actual Total Time": 128.988, "Actual Rows": 6, "Actual Loops": 1, "Inner Unique": true, "Plans": [{"Node Type": "Nested Loop", "Parent Relationship": "Outer", "Join Type": "Inner", "Startup Cost": 0.0, "Total Cost": 3345.17, "Plan Rows": 202, "Plan Width": 28, "Actual Startup Time": 6.99, "Actual Total Time": 122.056, "Actual Rows": 1242, "Actual Loops": 1, "Inner Unique": false, "Plans": [{"Node Type": "Nested Loop", "Parent Relationship": "Outer", "Join Type": "Inner", "Startup Cost": 0.0, "Total Cost": 3319.92, "Plan Rows": 33, "Plan Width": 20, "Actual Startup Time": 6.977, "Actual Total Time": 119.872, "Actual Rows": 14, "Actual Loops": 1, "Inner Unique": false, "Plans": [{"Node Type": "Index Scan", "Parent Relationship": "Outer", "Scan Direction": "Forward", "Index Name": "keyword_pkey", "Relation Name": "keyword", "Alias": "k", "Startup Cost": 0.0, "Total Cost": 3182.72, "Plan Rows": 1, "Plan Width": 20, "Actual Startup Time": 6.958, "Actual Total Time": 119.824, "Actual Rows": 1, "Actual Loops": 1, "Filter": "((keyword)::text = 'marvel-cinematic-universe'::text)", "Rows Removed by Filter": 134168}, {"Node Type": "Index Scan", "Parent Relationship": "Inner", "Scan Direction": "Forward", "Index Name": "keyword_id_movie_keyword", "Relation Name": "movie_keyword", "Alias": "mk", "Startup Cost": 0.0, "Total Cost": 136.88, "Plan Rows": 33, "Plan Width": 8, "Actual Startup Time": 0.012, "Actual Total Time": 0.032, "Actual Rows": 14, "Actual Loops": 1, "Index Cond": "(keyword_id = k.id)", "Rows Removed by Index Recheck": 0}]}, {"Node Type": "Index Scan", "Parent Relationship": "Inner", "Scan Direction": "Forward", "Index Name": "movie_id_cast_info", "Relation Name": "cast_info", "Alias": "ci", "Startup Cost": 0.0, "Total Cost": 0.7, "Plan Rows": 6, "Plan Width": 8, "Actual Startup Time": 0.158, "Actual Total Time": 1.852, "Actual Rows": 1242, "Actual Loops": 14, "Index Cond": "(movie_id = mk.movie_id)", "Rows Removed by Index Recheck": 0}]}, {"Node Type": "Index Scan", "Parent Relationship": "Inner", "Scan Direction": "Forward", "Index Name": "name_pkey", "Relation Name": "name", "Alias": "n", "Startup Cost": 0.0, "Total Cost": 0.28, "Plan Rows": 1, "Plan Width": 19, "Actual Startup Time": 6.301, "Actual Total Time": 6.301, "Actual Rows": 6, "Actual Loops": 1242, "Index Cond": "(id = ci.person_id)", "Rows Removed by Index Recheck": 0, "Filter": "((name)::text ~~ '%Downey%Robert%'::text)", "Rows Removed by Filter": 1236}]}, {"Node Type": "Index Scan", "Parent Relationship": "Inner", "Scan Direction": "Forward", "Index Name": "title_pkey", "Relation Name": "title", "Alias": "t", "Startup Cost": 0.0, "Total Cost": 0.28, "Plan Rows": 1, "Plan Width": 21, "Actual Startup Time": 0.038, "Actual Total Time": 0.038, "Actual Rows": 6, "Actual Loops": 6, "Index Cond": "(id = ci.movie_id)", "Rows Removed by Index Recheck": 0, "Filter": "(production_year > 2010)", "Rows Removed by Filter": 0}]}]}, "Triggers": [], "Planner Runtime": 8.278, "Total Runtime": 129.388, "Unique SQL Id": 4208751436}}, "(16, '46')": {"explain_plan": {"Plan": {"Node Type": "Aggregate", "Strategy": "Plain", "Startup Cost": 147588.39, "Total Cost": 147588.4, "Plan Rows": 1, "Plan Width": 144, "Plans": [{"Node Type": "Nested Loop", "Parent Relationship": "Outer", "Join Type": "Inner", "Startup Cost": 124802.66, "Total Cost": 147586.76, "Plan Rows": 218, "Plan Width": 48, "Inner Unique": false, "Join Filter": "(mk.keyword_id = k.id)", "Plans": [{"Node Type": "Seq Scan", "Parent Relationship": "Outer", "Relation Name": "keyword", "Alias": "k", "Startup Cost": 0.0, "Total Cost": 2436.11, "Plan Rows": 1, "Plan Width": 20, "Filter": "((keyword)::text = 'marvel-cinematic-universe'::text)"}, {"Node Type": "Materialize", "Parent Relationship": "Inner", "Startup Cost": 124802.66, "Total Cost": 145075.11, "Plan Rows": 7553, "Plan Width": 36, "Plans": [{"Node Type": "Hash Join", "Parent Relationship": "Outer", "Join Type": "Inner", "Startup Cost": 124802.66, "Total Cost": 145056.23, "Plan Rows": 7553, "Plan Width": 36, "Inner Unique": true, "Hash Cond": "(mk.movie_id = t.id)", "Plans": [{"Node Type": "Streaming(type: LOCAL GATHER dop: 1/16)", "Parent Relationship": "Outer", "Startup Cost": 113010.1, "Total Cost": 133161.91, "Plan Rows": 6997, "Plan Width": 27, "Plans": [{"Node Type": "Hash Join", "Parent Relationship": "Outer", "Join Type": "Inner", "Startup Cost": 113010.1, "Total Cost": 133010.9, "Plan Rows": 6997, "Plan Width": 27, "Inner Unique": false, "Hash Cond": "(mk.movie_id = ci.movie_id)", "Plans": [{"Node Type": "Seq Scan", "Parent Relationship": "Outer", "Relation Name": "movie_keyword", "Alias": "mk", "Startup Cost": 0.0, "Total Cost": 18902.58, "Plan Rows": 4523929, "Plan Width": 8}, {"Node Type": "Hash", "Parent Relationship": "Inner", "Startup Cost": 112916.1, "Total Cost": 112916.1, "Plan Rows": 120320, "Plan Width": 19, "Plans": [{"Node Type": "Streaming(type: BROADCAST dop: 16/16)", "Parent Relationship": "Outer", "Startup Cost": 36490.21, "Total Cost": 112916.1, "Plan Rows": 120320, "Plan Width": 19, "Plans": [{"Node Type": "Hash Join", "Parent Relationship": "Outer", "Join Type": "Inner", "Startup Cost": 36490.21, "Total Cost": 97610.6, "Plan Rows": 7520, "Plan Width": 19, "Inner Unique": true, "Hash Cond": "(ci.person_id = n.id)", "Plans": [{"Node Type": "Seq Scan", "Parent Relationship": "Outer", "Relation Name": "cast_info", "Alias": "ci", "Startup Cost": 0.0, "Total Cost": 52617.37, "Plan Rows": 36259494, "Plan Width": 8}, {"Node Type": "Hash", "Parent Relationship": "Inner", "Startup Cost": 36485.02, "Total Cost": 36485.02, "Plan Rows": 6640, "Plan Width": 19, "Plans": [{"Node Type": "Streaming(type: BROADCAST dop: 16/16)", "Parent Relationship": "Outer", "Startup Cost": 0.0, "Total Cost": 36485.02, "Plan Rows": 6640, "Plan Width": 19, "Plans": [{"Node Type": "Seq Scan", "Parent Relationship": "Outer", "Relation Name": "name", "Alias": "n", "Startup Cost": 0.0, "Total Cost": 21468.16, "Plan Rows": 415, "Plan Width": 19, "Filter": "((name)::text ~~ '%Downey%Robert%'::text)"}]}]}]}]}]}]}]}, {"Node Type": "Hash", "Parent Relationship": "Inner", "Startup Cost": 27597.68, "Total Cost": 27597.68, "Plan Rows": 391451, "Plan Width": 21, "Plans": [{"Node Type": "Streaming(type: LOCAL GATHER dop: 1/16)", "Parent Relationship": "Outer", "Startup Cost": 0.0, "Total Cost": 27597.68, "Plan Rows": 391451, "Plan Width": 21, "Plans": [{"Node Type": "Seq Scan", "Parent Relationship": "Outer", "Relation Name": "title", "Alias": "t", "Startup Cost": 0.0, "Total Cost": 19149.37, "Plan Rows": 391451, "Plan Width": 21, "Filter": "(production_year > 2010), (LLVM Optimized)"}]}]}]}]}]}]}, "Unique SQL Id": 4208751436, "Planner Runtime": 18}, "explain_analyze_plan": null}, "(16, '47')": {"explain_plan": {"Plan": {"Node Type": "Aggregate", "Strategy": "Plain", "Startup Cost": 5000235781756.36, "Total Cost": 5000235781756.37, "Plan Rows": 1, "Plan Width": 144, "Plans": [{"Node Type": "Nested Loop", "Parent Relationship": "Outer", "Join Type": "Inner", "Startup Cost": 50000000000.0, "Total Cost": 5000235781754.72, "Plan Rows": 218, "Plan Width": 48, "Inner Unique": true, "Join Filter": "(ci.person_id = n.id)", "Plans": [{"Node Type": "Nested Loop", "Parent Relationship": "Outer", "Join Type": "Inner", "Startup Cost": 40000000000.0, "Total Cost": 4000217115249.43, "Plan Rows": 218, "Plan Width": 37, "Inner Unique": true, "Join Filter": "(mk.movie_id = t.id)", "Plans": [{"Node Type": "Nested Loop", "Parent Relationship": "Outer", "Join Type": "Inner", "Startup Cost": 30000000000.0, "Total Cost": 3000204284047.61, "Plan Rows": 202, "Plan Width": 28, "Inner Unique": false, "Join Filter": "(mk.movie_id = ci.movie_id)", "Plans": [{"Node Type": "Index Scan", "Parent Relationship": "Outer", "Scan Direction": "Forward", "Index Name": "person_id_cast_info", "Relation Name": "cast_info", "Alias": "ci", "Startup Cost": 10000000000.0, "Total Cost": 1000170648833.21, "Plan Rows": 36259494, "Plan Width": 8}, {"Node Type": "Materialize", "Parent Relationship": "Inner", "Startup Cost": 20000000000.0, "Total Cost": 2000015686764.96, "Plan Rows": 33, "Plan Width": 20, "Plans": [{"Node Type": "Nested Loop", "Parent Relationship": "Outer", "Join Type": "Inner", "Startup Cost": 20000000000.0, "Total Cost": 2000015686764.79, "Plan Rows": 33, "Plan Width": 20, "Inner Unique": true, "Join Filter": "(k.id = mk.keyword_id)", "Plans": [{"Node Type": "Index Scan", "Parent Relationship": "Outer", "Scan Direction": "Forward", "Index Name": "movie_id_movie_keyword", "Relation Name": "movie_keyword", "Alias": "mk", "Startup Cost": 10000000000.0, "Total Cost": 1000015300634.17, "Plan Rows": 4523929, "Plan Width": 8}, {"Node Type": "Materialize", "Parent Relationship": "Inner", "Startup Cost": 10000000000.0, "Total Cost": 1000000318271.69, "Plan Rows": 1, "Plan Width": 20, "Plans": [{"Node Type": "Index Scan", "Parent Relationship": "Outer", "Scan Direction": "Forward", "Index Name": "keyword_pkey", "Relation Name": "keyword", "Alias": "k", "Startup Cost": 10000000000.0, "Total Cost": 1000000318271.68, "Plan Rows": 1, "Plan Width": 20, "Filter": "((keyword)::text = 'marvel-cinematic-universe'::text)"}]}]}]}]}, {"Node Type": "Materialize", "Parent Relationship": "Inner", "Startup Cost": 10000000000.0, "Total Cost": 1000011646083.92, "Plan Rows": 391451, "Plan Width": 21, "Plans": [{"Node Type": "Index Scan", "Parent Relationship": "Outer", "Scan Direction": "Forward", "Index Name": "title_pkey", "Relation Name": "title", "Alias": "t", "Startup Cost": 10000000000.0, "Total Cost": 1000011644126.66, "Plan Rows": 391451, "Plan Width": 21, "Filter": "(production_year > 2010), (LLVM Optimized)"}]}]}, {"Node Type": "Materialize", "Parent Relationship": "Inner", "Startup Cost": 10000000000.0, "Total Cost": 1000018665149.28, "Plan Rows": 415, "Plan Width": 19, "Plans": [{"Node Type": "Index Scan", "Parent Relationship": "Outer", "Scan Direction": "Forward", "Index Name": "name_pkey", "Relation Name": "name", "Alias": "n", "Startup Cost": 10000000000.0, "Total Cost": 1000018665147.2, "Plan Rows": 415, "Plan Width": 19, "Filter": "((name)::text ~~ '%Downey%Robert%'::text)"}]}]}]}, "Unique SQL Id": 4208751436, "Planner Runtime": 4}, "explain_analyze_plan": null}, "(16, '48')": {"explain_plan": {"Plan": {"Node Type": "Aggregate", "Strategy": "Plain", "Startup Cost": 2653.12, "Total Cost": 2653.13, "Plan Rows": 1, "Plan Width": 144, "Plans": [{"Node Type": "Nested Loop", "Parent Relationship": "Outer", "Join Type": "Inner", "Startup Cost": 4.51, "Total Cost": 2653.12, "Plan Rows": 1, "Plan Width": 48, "Inner Unique": true, "Join Filter": "(mk.movie_id = t.id)", "Plans": [{"Node Type": "Nested Loop", "Parent Relationship": "Outer", "Join Type": "Inner", "Startup Cost": 4.51, "Total Cost": 2652.83, "Plan Rows": 1, "Plan Width": 39, "Inner Unique": true, "Plans": [{"Node Type": "Nested Loop", "Parent Relationship": "Outer", "Join Type": "Inner", "Startup Cost": 4.51, "Total Cost": 2594.27, "Plan Rows": 202, "Plan Width": 28, "Inner Unique": false, "Plans": [{"Node Type": "Nested Loop", "Parent Relationship": "Outer", "Join Type": "Inner", "Startup Cost": 4.51, "Total Cost": 2569.02, "Plan Rows": 33, "Plan Width": 20, "Inner Unique": false, "Plans": [{"Node Type": "Seq Scan", "Parent Relationship": "Outer", "Relation Name": "keyword", "Alias": "k", "Startup Cost": 0.0, "Total Cost": 2436.11, "Plan Rows": 1, "Plan Width": 20, "Filter": "((keyword)::text = 'marvel-cinematic-universe'::text)"}, {"Node Type": "Bitmap Heap Scan", "Parent Relationship": "Inner", "Relation Name": "movie_keyword", "Alias": "mk", "Startup Cost": 4.51, "Total Cost": 132.58, "Plan Rows": 33, "Plan Width": 8, "Recheck Cond": "(keyword_id = k.id)", "Plans": [{"Node Type": "Bitmap Index Scan", "Parent Relationship": "Outer", "Index Name": "keyword_id_movie_keyword", "Startup Cost": 0.0, "Total Cost": 4.5, "Plan Rows": 33, "Plan Width": 0, "Index Cond": "(keyword_id = k.id)"}]}]}, {"Node Type": "Index Scan", "Parent Relationship": "Inner", "Scan Direction": "Forward", "Index Name": "movie_id_cast_info", "Relation Name": "cast_info", "Alias": "ci", "Startup Cost": 0.0, "Total Cost": 0.7, "Plan Rows": 6, "Plan Width": 8, "Index Cond": "(movie_id = mk.movie_id)"}]}, {"Node Type": "Index Scan", "Parent Relationship": "Inner", "Scan Direction": "Forward", "Index Name": "name_pkey", "Relation Name": "name", "Alias": "n", "Startup Cost": 0.0, "Total Cost": 0.28, "Plan Rows": 1, "Plan Width": 19, "Index Cond": "(id = ci.person_id)", "Filter": "((name)::text ~~ '%Downey%Robert%'::text)"}]}, {"Node Type": "Index Scan", "Parent Relationship": "Inner", "Scan Direction": "Forward", "Index Name": "title_pkey", "Relation Name": "title", "Alias": "t", "Startup Cost": 0.0, "Total Cost": 0.28, "Plan Rows": 1, "Plan Width": 21, "Index Cond": "(id = ci.movie_id)", "Filter": "(production_year > 2010)"}]}]}, "Unique SQL Id": 4208751436, "Planner Runtime": 2}, "explain_analyze_plan": {"Plan": {"Node Type": "Aggregate", "Strategy": "Plain", "Startup Cost": 2653.12, "Total Cost": 2653.13, "Plan Rows": 1, "Plan Width": 144, "Actual Startup Time": 49.672, "Actual Total Time": 49.672, "Actual Rows": 1, "Actual Loops": 1, "Plans": [{"Node Type": "Nested Loop", "Parent Relationship": "Outer", "Join Type": "Inner", "Startup Cost": 4.51, "Total Cost": 2653.12, "Plan Rows": 1, "Plan Width": 48, "Actual Startup Time": 2.684, "Actual Total Time": 49.638, "Actual Rows": 6, "Actual Loops": 1, "Inner Unique": true, "Join Filter": "(mk.movie_id = t.id)", "Rows Removed by Join Filter": 0, "Plans": [{"Node Type": "Nested Loop", "Parent Relationship": "Outer", "Join Type": "Inner", "Startup Cost": 4.51, "Total Cost": 2652.83, "Plan Rows": 1, "Plan Width": 39, "Actual Startup Time": 2.651, "Actual Total Time": 49.565, "Actual Rows": 6, "Actual Loops": 1, "Inner Unique": true, "Plans": [{"Node Type": "Nested Loop", "Parent Relationship": "Outer", "Join Type": "Inner", "Startup Cost": 4.51, "Total Cost": 2594.27, "Plan Rows": 202, "Plan Width": 28, "Actual Startup Time": 1.11, "Actual Total Time": 42.722, "Actual Rows": 1242, "Actual Loops": 1, "Inner Unique": false, "Plans": [{"Node Type": "Nested Loop", "Parent Relationship": "Outer", "Join Type": "Inner", "Startup Cost": 4.51, "Total Cost": 2569.02, "Plan Rows": 33, "Plan Width": 20, "Actual Startup Time": 1.094, "Actual Total Time": 40.566, "Actual Rows": 14, "Actual Loops": 1, "Inner Unique": false, "Plans": [{"Node Type": "Seq Scan", "Parent Relationship": "Outer", "Relation Name": "keyword", "Alias": "k", "Startup Cost": 0.0, "Total Cost": 2436.11, "Plan Rows": 1, "Plan Width": 20, "Actual Startup Time": 1.054, "Actual Total Time": 40.487, "Actual Rows": 1, "Actual Loops": 1, "Filter": "((keyword)::text = 'marvel-cinematic-universe'::text)", "Rows Removed by Filter": 134168}, {"Node Type": "Bitmap Heap Scan", "Parent Relationship": "Inner", "Relation Name": "movie_keyword", "Alias": "mk", "Startup Cost": 4.51, "Total Cost": 132.58, "Plan Rows": 33, "Plan Width": 8, "Actual Startup Time": 0.033, "Actual Total Time": 0.066, "Actual Rows": 14, "Actual Loops": 1, "Recheck Cond": "(keyword_id = k.id)", "Rows Removed by Index Recheck": 0, "Exact Heap Blocks": 13, "Lossy Heap Blocks": 13, "Plans": [{"Node Type": "Bitmap Index Scan", "Parent Relationship": "Outer", "Index Name": "keyword_id_movie_keyword", "Startup Cost": 0.0, "Total Cost": 4.5, "Plan Rows": 33, "Plan Width": 0, "Actual Startup Time": 0.019, "Actual Total Time": 0.019, "Actual Rows": 14, "Actual Loops": 1, "Index Cond": "(keyword_id = k.id)"}]}]}, {"Node Type": "Index Scan", "Parent Relationship": "Inner", "Scan Direction": "Forward", "Index Name": "movie_id_cast_info", "Relation Name": "cast_info", "Alias": "ci", "Startup Cost": 0.0, "Total Cost": 0.7, "Plan Rows": 6, "Plan Width": 8, "Actual Startup Time": 0.166, "Actual Total Time": 1.857, "Actual Rows": 1242, "Actual Loops": 14, "Index Cond": "(movie_id = mk.movie_id)", "Rows Removed by Index Recheck": 0}]}, {"Node Type": "Index Scan", "Parent Relationship": "Inner", "Scan Direction": "Forward", "Index Name": "name_pkey", "Relation Name": "name", "Alias": "n", "Startup Cost": 0.0, "Total Cost": 0.28, "Plan Rows": 1, "Plan Width": 19, "Actual Startup Time": 6.233, "Actual Total Time": 6.233, "Actual Rows": 6, "Actual Loops": 1242, "Index Cond": "(id = ci.person_id)", "Rows Removed by Index Recheck": 0, "Filter": "((name)::text ~~ '%Downey%Robert%'::text)", "Rows Removed by Filter": 1236}]}, {"Node Type": "Index Scan", "Parent Relationship": "Inner", "Scan Direction": "Forward", "Index Name": "title_pkey", "Relation Name": "title", "Alias": "t", "Startup Cost": 0.0, "Total Cost": 0.28, "Plan Rows": 1, "Plan Width": 21, "Actual Startup Time": 0.047, "Actual Total Time": 0.047, "Actual Rows": 6, "Actual Loops": 6, "Index Cond": "(id = ci.movie_id)", "Rows Removed by Index Recheck": 0, "Filter": "(production_year > 2010)", "Rows Removed by Filter": 0}]}]}, "Triggers": [], "Planner Runtime": 8.753, "Total Runtime": 49.979, "Unique SQL Id": 4208751436}}, "(16, '49')": {"explain_plan": {"Plan": {"Node Type": "Aggregate", "Strategy": "Plain", "Startup Cost": 3399.73, "Total Cost": 3399.74, "Plan Rows": 1, "Plan Width": 144, "Plans": [{"Node Type": "Nested Loop", "Parent Relationship": "Outer", "Join Type": "Inner", "Startup Cost": 4.51, "Total Cost": 3399.72, "Plan Rows": 1, "Plan Width": 48, "Inner Unique": true, "Join Filter": "(mk.movie_id = t.id)", "Plans": [{"Node Type": "Nested Loop", "Parent Relationship": "Outer", "Join Type": "Inner", "Startup Cost": 4.51, "Total Cost": 3399.43, "Plan Rows": 1, "Plan Width": 39, "Inner Unique": true, "Plans": [{"Node Type": "Nested Loop", "Parent Relationship": "Outer", "Join Type": "Inner", "Startup Cost": 4.51, "Total Cost": 3340.87, "Plan Rows": 202, "Plan Width": 28, "Inner Unique": false, "Plans": [{"Node Type": "Nested Loop", "Parent Relationship": "Outer", "Join Type": "Inner", "Startup Cost": 4.51, "Total Cost": 3315.63, "Plan Rows": 33, "Plan Width": 20, "Inner Unique": false, "Plans": [{"Node Type": "Index Scan", "Parent Relationship": "Outer", "Scan Direction": "Forward", "Index Name": "keyword_pkey", "Relation Name": "keyword", "Alias": "k", "Startup Cost": 0.0, "Total Cost": 3182.72, "Plan Rows": 1, "Plan Width": 20, "Filter": "((keyword)::text = 'marvel-cinematic-universe'::text)"}, {"Node Type": "Bitmap Heap Scan", "Parent Relationship": "Inner", "Relation Name": "movie_keyword", "Alias": "mk", "Startup Cost": 4.51, "Total Cost": 132.58, "Plan Rows": 33, "Plan Width": 8, "Recheck Cond": "(keyword_id = k.id)", "Plans": [{"Node Type": "Bitmap Index Scan", "Parent Relationship": "Outer", "Index Name": "keyword_id_movie_keyword", "Startup Cost": 0.0, "Total Cost": 4.5, "Plan Rows": 33, "Plan Width": 0, "Index Cond": "(keyword_id = k.id)"}]}]}, {"Node Type": "Index Scan", "Parent Relationship": "Inner", "Scan Direction": "Forward", "Index Name": "movie_id_cast_info", "Relation Name": "cast_info", "Alias": "ci", "Startup Cost": 0.0, "Total Cost": 0.7, "Plan Rows": 6, "Plan Width": 8, "Index Cond": "(movie_id = mk.movie_id)"}]}, {"Node Type": "Index Scan", "Parent Relationship": "Inner", "Scan Direction": "Forward", "Index Name": "name_pkey", "Relation Name": "name", "Alias": "n", "Startup Cost": 0.0, "Total Cost": 0.28, "Plan Rows": 1, "Plan Width": 19, "Index Cond": "(id = ci.person_id)", "Filter": "((name)::text ~~ '%Downey%Robert%'::text)"}]}, {"Node Type": "Index Scan", "Parent Relationship": "Inner", "Scan Direction": "Forward", "Index Name": "title_pkey", "Relation Name": "title", "Alias": "t", "Startup Cost": 0.0, "Total Cost": 0.28, "Plan Rows": 1, "Plan Width": 21, "Index Cond": "(id = ci.movie_id)", "Filter": "(production_year > 2010)"}]}]}, "Unique SQL Id": 4208751436, "Planner Runtime": 2}, "explain_analyze_plan": {"Plan": {"Node Type": "Aggregate", "Strategy": "Plain", "Startup Cost": 3399.73, "Total Cost": 3399.74, "Plan Rows": 1, "Plan Width": 144, "Actual Startup Time": 130.05, "Actual Total Time": 130.051, "Actual Rows": 1, "Actual Loops": 1, "Plans": [{"Node Type": "Nested Loop", "Parent Relationship": "Outer", "Join Type": "Inner", "Startup Cost": 4.51, "Total Cost": 3399.72, "Plan Rows": 1, "Plan Width": 48, "Actual Startup Time": 9.062, "Actual Total Time": 130.018, "Actual Rows": 6, "Actual Loops": 1, "Inner Unique": true, "Join Filter": "(mk.movie_id = t.id)", "Rows Removed by Join Filter": 0, "Plans": [{"Node Type": "Nested Loop", "Parent Relationship": "Outer", "Join Type": "Inner", "Startup Cost": 4.51, "Total Cost": 3399.43, "Plan Rows": 1, "Plan Width": 39, "Actual Startup Time": 9.03, "Actual Total Time": 129.951, "Actual Rows": 6, "Actual Loops": 1, "Inner Unique": true, "Plans": [{"Node Type": "Nested Loop", "Parent Relationship": "Outer", "Join Type": "Inner", "Startup Cost": 4.51, "Total Cost": 3340.87, "Plan Rows": 202, "Plan Width": 28, "Actual Startup Time": 7.483, "Actual Total Time": 123.046, "Actual Rows": 1242, "Actual Loops": 1, "Inner Unique": false, "Plans": [{"Node Type": "Nested Loop", "Parent Relationship": "Outer", "Join Type": "Inner", "Startup Cost": 4.51, "Total Cost": 3315.63, "Plan Rows": 33, "Plan Width": 20, "Actual Startup Time": 7.468, "Actual Total Time": 120.867, "Actual Rows": 14, "Actual Loops": 1, "Inner Unique": false, "Plans": [{"Node Type": "Index Scan", "Parent Relationship": "Outer", "Scan Direction": "Forward", "Index Name": "keyword_pkey", "Relation Name": "keyword", "Alias": "k", "Startup Cost": 0.0, "Total Cost": 3182.72, "Plan Rows": 1, "Plan Width": 20, "Actual Startup Time": 7.433, "Actual Total Time": 120.793, "Actual Rows": 1, "Actual Loops": 1, "Filter": "((keyword)::text = 'marvel-cinematic-universe'::text)", "Rows Removed by Filter": 134168}, {"Node Type": "Bitmap Heap Scan", "Parent Relationship": "Inner", "Relation Name": "movie_keyword", "Alias": "mk", "Startup Cost": 4.51, "Total Cost": 132.58, "Plan Rows": 33, "Plan Width": 8, "Actual Startup Time": 0.027, "Actual Total Time": 0.06, "Actual Rows": 14, "Actual Loops": 1, "Recheck Cond": "(keyword_id = k.id)", "Rows Removed by Index Recheck": 0, "Exact Heap Blocks": 13, "Lossy Heap Blocks": 13, "Plans": [{"Node Type": "Bitmap Index Scan", "Parent Relationship": "Outer", "Index Name": "keyword_id_movie_keyword", "Startup Cost": 0.0, "Total Cost": 4.5, "Plan Rows": 33, "Plan Width": 0, "Actual Startup Time": 0.015, "Actual Total Time": 0.015, "Actual Rows": 14, "Actual Loops": 1, "Index Cond": "(keyword_id = k.id)"}]}]}, {"Node Type": "Index Scan", "Parent Relationship": "Inner", "Scan Direction": "Forward", "Index Name": "movie_id_cast_info", "Relation Name": "cast_info", "Alias": "ci", "Startup Cost": 0.0, "Total Cost": 0.7, "Plan Rows": 6, "Plan Width": 8, "Actual Startup Time": 0.166, "Actual Total Time": 1.85, "Actual Rows": 1242, "Actual Loops": 14, "Index Cond": "(movie_id = mk.movie_id)", "Rows Removed by Index Recheck": 0}]}, {"Node Type": "Index Scan", "Parent Relationship": "Inner", "Scan Direction": "Forward", "Index Name": "name_pkey", "Relation Name": "name", "Alias": "n", "Startup Cost": 0.0, "Total Cost": 0.28, "Plan Rows": 1, "Plan Width": 19, "Actual Startup Time": 6.274, "Actual Total Time": 6.274, "Actual Rows": 6, "Actual Loops": 1242, "Index Cond": "(id = ci.person_id)", "Rows Removed by Index Recheck": 0, "Filter": "((name)::text ~~ '%Downey%Robert%'::text)", "Rows Removed by Filter": 1236}]}, {"Node Type": "Index Scan", "Parent Relationship": "Inner", "Scan Direction": "Forward", "Index Name": "title_pkey", "Relation Name": "title", "Alias": "t", "Startup Cost": 0.0, "Total Cost": 0.28, "Plan Rows": 1, "Plan Width": 21, "Actual Startup Time": 0.045, "Actual Total Time": 0.045, "Actual Rows": 6, "Actual Loops": 6, "Index Cond": "(id = ci.movie_id)", "Rows Removed by Index Recheck": 0, "Filter": "(production_year > 2010)", "Rows Removed by Filter": 0}]}]}, "Triggers": [], "Planner Runtime": 9.763, "Total Runtime": 130.32, "Unique SQL Id": 4208751436}}, "(16, '50')": {"explain_plan": {"Plan": {"Node Type": "Aggregate", "Strategy": "Plain", "Startup Cost": 3589.09, "Total Cost": 3589.1, "Plan Rows": 1, "Plan Width": 144, "Plans": [{"Node Type": "Nested Loop", "Parent Relationship": "Outer", "Join Type": "Inner", "Startup Cost": 5.44, "Total Cost": 3589.09, "Plan Rows": 1, "Plan Width": 48, "Inner Unique": true, "Join Filter": "(mk.movie_id = t.id)", "Plans": [{"Node Type": "Nested Loop", "Parent Relationship": "Outer", "Join Type": "Inner", "Startup Cost": 5.19, "Total Cost": 3584.8, "Plan Rows": 1, "Plan Width": 39, "Inner Unique": true, "Plans": [{"Node Type": "Nested Loop", "Parent Relationship": "Outer", "Join Type": "Inner", "Startup Cost": 4.93, "Total Cost": 2719.34, "Plan Rows": 202, "Plan Width": 28, "Inner Unique": false, "Plans": [{"Node Type": "Nested Loop", "Parent Relationship": "Outer", "Join Type": "Inner", "Startup Cost": 4.51, "Total Cost": 2569.02, "Plan Rows": 33, "Plan Width": 20, "Inner Unique": false, "Plans": [{"Node Type": "Seq Scan", "Parent Relationship": "Outer", "Relation Name": "keyword", "Alias": "k", "Startup Cost": 0.0, "Total Cost": 2436.11, "Plan Rows": 1, "Plan Width": 20, "Filter": "((keyword)::text = 'marvel-cinematic-universe'::text)"}, {"Node Type": "Bitmap Heap Scan", "Parent Relationship": "Inner", "Relation Name": "movie_keyword", "Alias": "mk", "Startup Cost": 4.51, "Total Cost": 132.58, "Plan Rows": 33, "Plan Width": 8, "Recheck Cond": "(keyword_id = k.id)", "Plans": [{"Node Type": "Bitmap Index Scan", "Parent Relationship": "Outer", "Index Name": "keyword_id_movie_keyword", "Startup Cost": 0.0, "Total Cost": 4.5, "Plan Rows": 33, "Plan Width": 0, "Index Cond": "(keyword_id = k.id)"}]}]}, {"Node Type": "Bitmap Heap Scan", "Parent Relationship": "Inner", "Relation Name": "cast_info", "Alias": "ci", "Startup Cost": 0.42, "Total Cost": 4.49, "Plan Rows": 6, "Plan Width": 8, "Recheck Cond": "(movie_id = mk.movie_id)", "Plans": [{"Node Type": "Bitmap Index Scan", "Parent Relationship": "Outer", "Index Name": "movie_id_cast_info", "Startup Cost": 0.0, "Total Cost": 0.42, "Plan Rows": 6, "Plan Width": 0, "Index Cond": "(movie_id = mk.movie_id)"}]}]}, {"Node Type": "Bitmap Heap Scan", "Parent Relationship": "Inner", "Relation Name": "name", "Alias": "n", "Startup Cost": 0.26, "Total Cost": 4.27, "Plan Rows": 1, "Plan Width": 19, "Recheck Cond": "(id = ci.person_id)", "Filter": "((name)::text ~~ '%Downey%Robert%'::text)", "Plans": [{"Node Type": "Bitmap Index Scan", "Parent Relationship": "Outer", "Index Name": "name_pkey", "Startup Cost": 0.0, "Total Cost": 0.26, "Plan Rows": 1, "Plan Width": 0, "Index Cond": "(id = ci.person_id)"}]}]}, {"Node Type": "Bitmap Heap Scan", "Parent Relationship": "Inner", "Relation Name": "title", "Alias": "t", "Startup Cost": 0.26, "Total Cost": 4.27, "Plan Rows": 1, "Plan Width": 21, "Recheck Cond": "(id = ci.movie_id)", "Filter": "(production_year > 2010)", "Plans": [{"Node Type": "Bitmap Index Scan", "Parent Relationship": "Outer", "Index Name": "title_pkey", "Startup Cost": 0.0, "Total Cost": 0.26, "Plan Rows": 1, "Plan Width": 0, "Index Cond": "(id = ci.movie_id)"}]}]}]}, "Unique SQL Id": 4208751436, "Planner Runtime": 3}, "explain_analyze_plan": {"Plan": {"Node Type": "Aggregate", "Strategy": "Plain", "Startup Cost": 3589.09, "Total Cost": 3589.1, "Plan Rows": 1, "Plan Width": 144, "Actual Startup Time": 53.753, "Actual Total Time": 53.753, "Actual Rows": 1, "Actual Loops": 1, "Plans": [{"Node Type": "Nested Loop", "Parent Relationship": "Outer", "Join Type": "Inner", "Startup Cost": 5.44, "Total Cost": 3589.09, "Plan Rows": 1, "Plan Width": 48, "Actual Startup Time": 3.484, "Actual Total Time": 53.714, "Actual Rows": 6, "Actual Loops": 1, "Inner Unique": true, "Join Filter": "(mk.movie_id = t.id)", "Rows Removed by Join Filter": 0, "Plans": [{"Node Type": "Nested Loop", "Parent Relationship": "Outer", "Join Type": "Inner", "Startup Cost": 5.19, "Total Cost": 3584.8, "Plan Rows": 1, "Plan Width": 39, "Actual Startup Time": 3.465, "Actual Total Time": 53.648, "Actual Rows": 6, "Actual Loops": 1, "Inner Unique": true, "Plans": [{"Node Type": "Nested Loop", "Parent Relationship": "Outer", "Join Type": "Inner", "Startup Cost": 4.93, "Total Cost": 2719.34, "Plan Rows": 202, "Plan Width": 28, "Actual Startup Time": 1.158, "Actual Total Time": 44.383, "Actual Rows": 1242, "Actual Loops": 1, "Inner Unique": false, "Plans": [{"Node Type": "Nested Loop", "Parent Relationship": "Outer", "Join Type": "Inner", "Startup Cost": 4.51, "Total Cost": 2569.02, "Plan Rows": 33, "Plan Width": 20, "Actual Startup Time": 1.127, "Actual Total Time": 41.171, "Actual Rows": 14, "Actual Loops": 1, "Inner Unique": false, "Plans": [{"Node Type": "Seq Scan", "Parent Relationship": "Outer", "Relation Name": "keyword", "Alias": "k", "Startup Cost": 0.0, "Total Cost": 2436.11, "Plan Rows": 1, "Plan Width": 20, "Actual Startup Time": 1.072, "Actual Total Time": 41.077, "Actual Rows": 1, "Actual Loops": 1, "Filter": "((keyword)::text = 'marvel-cinematic-universe'::text)", "Rows Removed by Filter": 134168}, {"Node Type": "Bitmap Heap Scan", "Parent Relationship": "Inner", "Relation Name": "movie_keyword", "Alias": "mk", "Startup Cost": 4.51, "Total Cost": 132.58, "Plan Rows": 33, "Plan Width": 8, "Actual Startup Time": 0.048, "Actual Total Time": 0.077, "Actual Rows": 14, "Actual Loops": 1, "Recheck Cond": "(keyword_id = k.id)", "Rows Removed by Index Recheck": 0, "Exact Heap Blocks": 13, "Lossy Heap Blocks": 13, "Plans": [{"Node Type": "Bitmap Index Scan", "Parent Relationship": "Outer", "Index Name": "keyword_id_movie_keyword", "Startup Cost": 0.0, "Total Cost": 4.5, "Plan Rows": 33, "Plan Width": 0, "Actual Startup Time": 0.03, "Actual Total Time": 0.03, "Actual Rows": 14, "Actual Loops": 1, "Index Cond": "(keyword_id = k.id)"}]}]}, {"Node Type": "Bitmap Heap Scan", "Parent Relationship": "Inner", "Relation Name": "cast_info", "Alias": "ci", "Startup Cost": 0.42, "Total Cost": 4.49, "Plan Rows": 6, "Plan Width": 8, "Actual Startup Time": 0.635, "Actual Total Time": 2.839, "Actual Rows": 1242, "Actual Loops": 14, "Recheck Cond": "(movie_id = mk.movie_id)", "Rows Removed by Index Recheck": 0, "Exact Heap Blocks": 1184, "Lossy Heap Blocks": 1184, "Plans": [{"Node Type": "Bitmap Index Scan", "Parent Relationship": "Outer", "Index Name": "movie_id_cast_info", "Startup Cost": 0.0, "Total Cost": 0.42, "Plan Rows": 6, "Plan Width": 0, "Actual Startup Time": 0.408, "Actual Total Time": 0.408, "Actual Rows": 1242, "Actual Loops": 14, "Index Cond": "(movie_id = mk.movie_id)"}]}]}, {"Node Type": "Bitmap Heap Scan", "Parent Relationship": "Inner", "Relation Name": "name", "Alias": "n", "Startup Cost": 0.26, "Total Cost": 4.27, "Plan Rows": 1, "Plan Width": 19, "Actual Startup Time": 7.861, "Actual Total Time": 7.861, "Actual Rows": 6, "Actual Loops": 1242, "Recheck Cond": "(id = ci.person_id)", "Rows Removed by Index Recheck": 0, "Filter": "((name)::text ~~ '%Downey%Robert%'::text)", "Rows Removed by Filter": 1236, "Exact Heap Blocks": 1242, "Lossy Heap Blocks": 1242, "Plans": [{"Node Type": "Bitmap Index Scan", "Parent Relationship": "Outer", "Index Name": "name_pkey", "Startup Cost": 0.0, "Total Cost": 0.26, "Plan Rows": 1, "Plan Width": 0, "Actual Startup Time": 4.728, "Actual Total Time": 4.728, "Actual Rows": 1242, "Actual Loops": 1242, "Index Cond": "(id = ci.person_id)"}]}]}, {"Node Type": "Bitmap Heap Scan", "Parent Relationship": "Inner", "Relation Name": "title", "Alias": "t", "Startup Cost": 0.26, "Total Cost": 4.27, "Plan Rows": 1, "Plan Width": 21, "Actual Startup Time": 0.048, "Actual Total Time": 0.048, "Actual Rows": 6, "Actual Loops": 6, "Recheck Cond": "(id = ci.movie_id)", "Rows Removed by Index Recheck": 0, "Filter": "(production_year > 2010)", "Rows Removed by Filter": 0, "Exact Heap Blocks": 6, "Lossy Heap Blocks": 6, "Plans": [{"Node Type": "Bitmap Index Scan", "Parent Relationship": "Outer", "Index Name": "title_pkey", "Startup Cost": 0.0, "Total Cost": 0.26, "Plan Rows": 1, "Plan Width": 0, "Actual Startup Time": 0.026, "Actual Total Time": 0.026, "Actual Rows": 6, "Actual Loops": 6, "Index Cond": "(id = ci.movie_id)"}]}]}]}, "Triggers": [], "Planner Runtime": 9.755, "Total Runtime": 54.031, "Unique SQL Id": 4208751436}}, "(16, '51')": {"explain_plan": {"Plan": {"Node Type": "Aggregate", "Strategy": "Plain", "Startup Cost": 4308.19, "Total Cost": 4308.2, "Plan Rows": 1, "Plan Width": 144, "Plans": [{"Node Type": "Nested Loop", "Parent Relationship": "Outer", "Join Type": "Inner", "Startup Cost": 724.54, "Total Cost": 4308.18, "Plan Rows": 1, "Plan Width": 48, "Inner Unique": true, "Join Filter": "(mk.movie_id = t.id)", "Plans": [{"Node Type": "Nested Loop", "Parent Relationship": "Outer", "Join Type": "Inner", "Startup Cost": 724.28, "Total Cost": 4303.89, "Plan Rows": 1, "Plan Width": 39, "Inner Unique": true, "Plans": [{"Node Type": "Nested Loop", "Parent Relationship": "Outer", "Join Type": "Inner", "Startup Cost": 724.02, "Total Cost": 3438.43, "Plan Rows": 202, "Plan Width": 28, "Inner Unique": false, "Plans": [{"Node Type": "Nested Loop", "Parent Relationship": "Outer", "Join Type": "Inner", "Startup Cost": 723.6, "Total Cost": 3288.12, "Plan Rows": 33, "Plan Width": 20, "Inner Unique": false, "Plans": [{"Node Type": "Bitmap Heap Scan", "Parent Relationship": "Outer", "Relation Name": "keyword", "Alias": "k", "Startup Cost": 719.1, "Total Cost": 3155.21, "Plan Rows": 1, "Plan Width": 20, "Filter": "((keyword)::text = 'marvel-cinematic-universe'::text)", "Plans": [{"Node Type": "Bitmap Index Scan", "Parent Relationship": "Outer", "Index Name": "keyword_pkey", "Startup Cost": 0.0, "Total Cost": 719.1, "Plan Rows": 134169, "Plan Width": 0}]}, {"Node Type": "Bitmap Heap Scan", "Parent Relationship": "Inner", "Relation Name": "movie_keyword", "Alias": "mk", "Startup Cost": 4.51, "Total Cost": 132.58, "Plan Rows": 33, "Plan Width": 8, "Recheck Cond": "(keyword_id = k.id)", "Plans": [{"Node Type": "Bitmap Index Scan", "Parent Relationship": "Outer", "Index Name": "keyword_id_movie_keyword", "Startup Cost": 0.0, "Total Cost": 4.5, "Plan Rows": 33, "Plan Width": 0, "Index Cond": "(keyword_id = k.id)"}]}]}, {"Node Type": "Bitmap Heap Scan", "Parent Relationship": "Inner", "Relation Name": "cast_info", "Alias": "ci", "Startup Cost": 0.42, "Total Cost": 4.49, "Plan Rows": 6, "Plan Width": 8, "Recheck Cond": "(movie_id = mk.movie_id)", "Plans": [{"Node Type": "Bitmap Index Scan", "Parent Relationship": "Outer", "Index Name": "movie_id_cast_info", "Startup Cost": 0.0, "Total Cost": 0.42, "Plan Rows": 6, "Plan Width": 0, "Index Cond": "(movie_id = mk.movie_id)"}]}]}, {"Node Type": "Bitmap Heap Scan", "Parent Relationship": "Inner", "Relation Name": "name", "Alias": "n", "Startup Cost": 0.26, "Total Cost": 4.27, "Plan Rows": 1, "Plan Width": 19, "Recheck Cond": "(id = ci.person_id)", "Filter": "((name)::text ~~ '%Downey%Robert%'::text)", "Plans": [{"Node Type": "Bitmap Index Scan", "Parent Relationship": "Outer", "Index Name": "name_pkey", "Startup Cost": 0.0, "Total Cost": 0.26, "Plan Rows": 1, "Plan Width": 0, "Index Cond": "(id = ci.person_id)"}]}]}, {"Node Type": "Bitmap Heap Scan", "Parent Relationship": "Inner", "Relation Name": "title", "Alias": "t", "Startup Cost": 0.26, "Total Cost": 4.27, "Plan Rows": 1, "Plan Width": 21, "Recheck Cond": "(id = ci.movie_id)", "Filter": "(production_year > 2010)", "Plans": [{"Node Type": "Bitmap Index Scan", "Parent Relationship": "Outer", "Index Name": "title_pkey", "Startup Cost": 0.0, "Total Cost": 0.26, "Plan Rows": 1, "Plan Width": 0, "Index Cond": "(id = ci.movie_id)"}]}]}]}, "Unique SQL Id": 4208751436, "Planner Runtime": 1}, "explain_analyze_plan": {"Plan": {"Node Type": "Aggregate", "Strategy": "Plain", "Startup Cost": 4308.19, "Total Cost": 4308.2, "Plan Rows": 1, "Plan Width": 144, "Actual Startup Time": 75.88, "Actual Total Time": 75.881, "Actual Rows": 1, "Actual Loops": 1, "Plans": [{"Node Type": "Nested Loop", "Parent Relationship": "Outer", "Join Type": "Inner", "Startup Cost": 724.54, "Total Cost": 4308.18, "Plan Rows": 1, "Plan Width": 48, "Actual Startup Time": 14.628, "Actual Total Time": 75.845, "Actual Rows": 6, "Actual Loops": 1, "Inner Unique": true, "Join Filter": "(mk.movie_id = t.id)", "Rows Removed by Join Filter": 0, "Plans": [{"Node Type": "Nested Loop", "Parent Relationship": "Outer", "Join Type": "Inner", "Startup Cost": 724.28, "Total Cost": 4303.89, "Plan Rows": 1, "Plan Width": 39, "Actual Startup Time": 14.603, "Actual Total Time": 75.774, "Actual Rows": 6, "Actual Loops": 1, "Inner Unique": true, "Plans": [{"Node Type": "Nested Loop", "Parent Relationship": "Outer", "Join Type": "Inner", "Startup Cost": 724.02, "Total Cost": 3438.43, "Plan Rows": 202, "Plan Width": 28, "Actual Startup Time": 12.29, "Actual Total Time": 66.474, "Actual Rows": 1242, "Actual Loops": 1, "Inner Unique": false, "Plans": [{"Node Type": "Nested Loop", "Parent Relationship": "Outer", "Join Type": "Inner", "Startup Cost": 723.6, "Total Cost": 3288.12, "Plan Rows": 33, "Plan Width": 20, "Actual Startup Time": 12.259, "Actual Total Time": 63.243, "Actual Rows": 14, "Actual Loops": 1, "Inner Unique": false, "Plans": [{"Node Type": "Bitmap Heap Scan", "Parent Relationship": "Outer", "Relation Name": "keyword", "Alias": "k", "Startup Cost": 719.1, "Total Cost": 3155.21, "Plan Rows": 1, "Plan Width": 20, "Actual Startup Time": 12.222, "Actual Total Time": 63.169, "Actual Rows": 1, "Actual Loops": 1, "Filter": "((keyword)::text = 'marvel-cinematic-universe'::text)", "Rows Removed by Filter": 134168, "Exact Heap Blocks": 759, "Lossy Heap Blocks": 759, "Plans": [{"Node Type": "Bitmap Index Scan", "Parent Relationship": "Outer", "Index Name": "keyword_pkey", "Startup Cost": 0.0, "Total Cost": 719.1, "Plan Rows": 134169, "Plan Width": 0, "Actual Startup Time": 10.757, "Actual Total Time": 10.757, "Actual Rows": 134169, "Actual Loops": 1}]}, {"Node Type": "Bitmap Heap Scan", "Parent Relationship": "Inner", "Relation Name": "movie_keyword", "Alias": "mk", "Startup Cost": 4.51, "Total Cost": 132.58, "Plan Rows": 33, "Plan Width": 8, "Actual Startup Time": 0.026, "Actual Total Time": 0.055, "Actual Rows": 14, "Actual Loops": 1, "Recheck Cond": "(keyword_id = k.id)", "Rows Removed by Index Recheck": 0, "Exact Heap Blocks": 13, "Lossy Heap Blocks": 13, "Plans": [{"Node Type": "Bitmap Index Scan", "Parent Relationship": "Outer", "Index Name": "keyword_id_movie_keyword", "Startup Cost": 0.0, "Total Cost": 4.5, "Plan Rows": 33, "Plan Width": 0, "Actual Startup Time": 0.017, "Actual Total Time": 0.017, "Actual Rows": 14, "Actual Loops": 1, "Index Cond": "(keyword_id = k.id)"}]}]}, {"Node Type": "Bitmap Heap Scan", "Parent Relationship": "Inner", "Relation Name": "cast_info", "Alias": "ci", "Startup Cost": 0.42, "Total Cost": 4.49, "Plan Rows": 6, "Plan Width": 8, "Actual Startup Time": 0.619, "Actual Total Time": 2.869, "Actual Rows": 1242, "Actual Loops": 14, "Recheck Cond": "(movie_id = mk.movie_id)", "Rows Removed by Index Recheck": 0, "Exact Heap Blocks": 1184, "Lossy Heap Blocks": 1184, "Plans": [{"Node Type": "Bitmap Index Scan", "Parent Relationship": "Outer", "Index Name": "movie_id_cast_info", "Startup Cost": 0.0, "Total Cost": 0.42, "Plan Rows": 6, "Plan Width": 0, "Actual Startup Time": 0.399, "Actual Total Time": 0.399, "Actual Rows": 1242, "Actual Loops": 14, "Index Cond": "(movie_id = mk.movie_id)"}]}]}, {"Node Type": "Bitmap Heap Scan", "Parent Relationship": "Inner", "Relation Name": "name", "Alias": "n", "Startup Cost": 0.26, "Total Cost": 4.27, "Plan Rows": 1, "Plan Width": 19, "Actual Startup Time": 7.886, "Actual Total Time": 7.886, "Actual Rows": 6, "Actual Loops": 1242, "Recheck Cond": "(id = ci.person_id)", "Rows Removed by Index Recheck": 0, "Filter": "((name)::text ~~ '%Downey%Robert%'::text)", "Rows Removed by Filter": 1236, "Exact Heap Blocks": 1242, "Lossy Heap Blocks": 1242, "Plans": [{"Node Type": "Bitmap Index Scan", "Parent Relationship": "Outer", "Index Name": "name_pkey", "Startup Cost": 0.0, "Total Cost": 0.26, "Plan Rows": 1, "Plan Width": 0, "Actual Startup Time": 4.757, "Actual Total Time": 4.757, "Actual Rows": 1242, "Actual Loops": 1242, "Index Cond": "(id = ci.person_id)"}]}]}, {"Node Type": "Bitmap Heap Scan", "Parent Relationship": "Inner", "Relation Name": "title", "Alias": "t", "Startup Cost": 0.26, "Total Cost": 4.27, "Plan Rows": 1, "Plan Width": 21, "Actual Startup Time": 0.051, "Actual Total Time": 0.051, "Actual Rows": 6, "Actual Loops": 6, "Recheck Cond": "(id = ci.movie_id)", "Rows Removed by Index Recheck": 0, "Filter": "(production_year > 2010)", "Rows Removed by Filter": 0, "Exact Heap Blocks": 6, "Lossy Heap Blocks": 6, "Plans": [{"Node Type": "Bitmap Index Scan", "Parent Relationship": "Outer", "Index Name": "title_pkey", "Startup Cost": 0.0, "Total Cost": 0.26, "Plan Rows": 1, "Plan Width": 0, "Actual Startup Time": 0.028, "Actual Total Time": 0.028, "Actual Rows": 6, "Actual Loops": 6, "Index Cond": "(id = ci.movie_id)"}]}]}]}, "Triggers": [], "Planner Runtime": 2.651, "Total Runtime": 76.201, "Unique SQL Id": 4208751436}}, "(16, '52')": {"explain_plan": {"Plan": {"Node Type": "Aggregate", "Strategy": "Plain", "Startup Cost": 2653.12, "Total Cost": 2653.13, "Plan Rows": 1, "Plan Width": 144, "Plans": [{"Node Type": "Nested Loop", "Parent Relationship": "Outer", "Join Type": "Inner", "Startup Cost": 4.51, "Total Cost": 2653.12, "Plan Rows": 1, "Plan Width": 48, "Inner Unique": true, "Join Filter": "(mk.movie_id = t.id)", "Plans": [{"Node Type": "Nested Loop", "Parent Relationship": "Outer", "Join Type": "Inner", "Startup Cost": 4.51, "Total Cost": 2652.83, "Plan Rows": 1, "Plan Width": 39, "Inner Unique": true, "Plans": [{"Node Type": "Nested Loop", "Parent Relationship": "Outer", "Join Type": "Inner", "Startup Cost": 4.51, "Total Cost": 2594.27, "Plan Rows": 202, "Plan Width": 28, "Inner Unique": false, "Plans": [{"Node Type": "Nested Loop", "Parent Relationship": "Outer", "Join Type": "Inner", "Startup Cost": 4.51, "Total Cost": 2569.02, "Plan Rows": 33, "Plan Width": 20, "Inner Unique": false, "Plans": [{"Node Type": "Seq Scan", "Parent Relationship": "Outer", "Relation Name": "keyword", "Alias": "k", "Startup Cost": 0.0, "Total Cost": 2436.11, "Plan Rows": 1, "Plan Width": 20, "Filter": "((keyword)::text = 'marvel-cinematic-universe'::text)"}, {"Node Type": "Bitmap Heap Scan", "Parent Relationship": "Inner", "Relation Name": "movie_keyword", "Alias": "mk", "Startup Cost": 4.51, "Total Cost": 132.58, "Plan Rows": 33, "Plan Width": 8, "Recheck Cond": "(keyword_id = k.id)", "Plans": [{"Node Type": "Bitmap Index Scan", "Parent Relationship": "Outer", "Index Name": "keyword_id_movie_keyword", "Startup Cost": 0.0, "Total Cost": 4.5, "Plan Rows": 33, "Plan Width": 0, "Index Cond": "(keyword_id = k.id)"}]}]}, {"Node Type": "Index Scan", "Parent Relationship": "Inner", "Scan Direction": "Forward", "Index Name": "movie_id_cast_info", "Relation Name": "cast_info", "Alias": "ci", "Startup Cost": 0.0, "Total Cost": 0.7, "Plan Rows": 6, "Plan Width": 8, "Index Cond": "(movie_id = mk.movie_id)"}]}, {"Node Type": "Index Scan", "Parent Relationship": "Inner", "Scan Direction": "Forward", "Index Name": "name_pkey", "Relation Name": "name", "Alias": "n", "Startup Cost": 0.0, "Total Cost": 0.28, "Plan Rows": 1, "Plan Width": 19, "Index Cond": "(id = ci.person_id)", "Filter": "((name)::text ~~ '%Downey%Robert%'::text)"}]}, {"Node Type": "Index Scan", "Parent Relationship": "Inner", "Scan Direction": "Forward", "Index Name": "title_pkey", "Relation Name": "title", "Alias": "t", "Startup Cost": 0.0, "Total Cost": 0.28, "Plan Rows": 1, "Plan Width": 21, "Index Cond": "(id = ci.movie_id)", "Filter": "(production_year > 2010)"}]}]}, "Unique SQL Id": 4208751436, "Planner Runtime": 2}, "explain_analyze_plan": {"Plan": {"Node Type": "Aggregate", "Strategy": "Plain", "Startup Cost": 2653.12, "Total Cost": 2653.13, "Plan Rows": 1, "Plan Width": 144, "Actual Startup Time": 49.672, "Actual Total Time": 49.672, "Actual Rows": 1, "Actual Loops": 1, "Plans": [{"Node Type": "Nested Loop", "Parent Relationship": "Outer", "Join Type": "Inner", "Startup Cost": 4.51, "Total Cost": 2653.12, "Plan Rows": 1, "Plan Width": 48, "Actual Startup Time": 2.684, "Actual Total Time": 49.638, "Actual Rows": 6, "Actual Loops": 1, "Inner Unique": true, "Join Filter": "(mk.movie_id = t.id)", "Rows Removed by Join Filter": 0, "Plans": [{"Node Type": "Nested Loop", "Parent Relationship": "Outer", "Join Type": "Inner", "Startup Cost": 4.51, "Total Cost": 2652.83, "Plan Rows": 1, "Plan Width": 39, "Actual Startup Time": 2.651, "Actual Total Time": 49.565, "Actual Rows": 6, "Actual Loops": 1, "Inner Unique": true, "Plans": [{"Node Type": "Nested Loop", "Parent Relationship": "Outer", "Join Type": "Inner", "Startup Cost": 4.51, "Total Cost": 2594.27, "Plan Rows": 202, "Plan Width": 28, "Actual Startup Time": 1.11, "Actual Total Time": 42.722, "Actual Rows": 1242, "Actual Loops": 1, "Inner Unique": false, "Plans": [{"Node Type": "Nested Loop", "Parent Relationship": "Outer", "Join Type": "Inner", "Startup Cost": 4.51, "Total Cost": 2569.02, "Plan Rows": 33, "Plan Width": 20, "Actual Startup Time": 1.094, "Actual Total Time": 40.566, "Actual Rows": 14, "Actual Loops": 1, "Inner Unique": false, "Plans": [{"Node Type": "Seq Scan", "Parent Relationship": "Outer", "Relation Name": "keyword", "Alias": "k", "Startup Cost": 0.0, "Total Cost": 2436.11, "Plan Rows": 1, "Plan Width": 20, "Actual Startup Time": 1.054, "Actual Total Time": 40.487, "Actual Rows": 1, "Actual Loops": 1, "Filter": "((keyword)::text = 'marvel-cinematic-universe'::text)", "Rows Removed by Filter": 134168}, {"Node Type": "Bitmap Heap Scan", "Parent Relationship": "Inner", "Relation Name": "movie_keyword", "Alias": "mk", "Startup Cost": 4.51, "Total Cost": 132.58, "Plan Rows": 33, "Plan Width": 8, "Actual Startup Time": 0.033, "Actual Total Time": 0.066, "Actual Rows": 14, "Actual Loops": 1, "Recheck Cond": "(keyword_id = k.id)", "Rows Removed by Index Recheck": 0, "Exact Heap Blocks": 13, "Lossy Heap Blocks": 13, "Plans": [{"Node Type": "Bitmap Index Scan", "Parent Relationship": "Outer", "Index Name": "keyword_id_movie_keyword", "Startup Cost": 0.0, "Total Cost": 4.5, "Plan Rows": 33, "Plan Width": 0, "Actual Startup Time": 0.019, "Actual Total Time": 0.019, "Actual Rows": 14, "Actual Loops": 1, "Index Cond": "(keyword_id = k.id)"}]}]}, {"Node Type": "Index Scan", "Parent Relationship": "Inner", "Scan Direction": "Forward", "Index Name": "movie_id_cast_info", "Relation Name": "cast_info", "Alias": "ci", "Startup Cost": 0.0, "Total Cost": 0.7, "Plan Rows": 6, "Plan Width": 8, "Actual Startup Time": 0.166, "Actual Total Time": 1.857, "Actual Rows": 1242, "Actual Loops": 14, "Index Cond": "(movie_id = mk.movie_id)", "Rows Removed by Index Recheck": 0}]}, {"Node Type": "Index Scan", "Parent Relationship": "Inner", "Scan Direction": "Forward", "Index Name": "name_pkey", "Relation Name": "name", "Alias": "n", "Startup Cost": 0.0, "Total Cost": 0.28, "Plan Rows": 1, "Plan Width": 19, "Actual Startup Time": 6.233, "Actual Total Time": 6.233, "Actual Rows": 6, "Actual Loops": 1242, "Index Cond": "(id = ci.person_id)", "Rows Removed by Index Recheck": 0, "Filter": "((name)::text ~~ '%Downey%Robert%'::text)", "Rows Removed by Filter": 1236}]}, {"Node Type": "Index Scan", "Parent Relationship": "Inner", "Scan Direction": "Forward", "Index Name": "title_pkey", "Relation Name": "title", "Alias": "t", "Startup Cost": 0.0, "Total Cost": 0.28, "Plan Rows": 1, "Plan Width": 21, "Actual Startup Time": 0.047, "Actual Total Time": 0.047, "Actual Rows": 6, "Actual Loops": 6, "Index Cond": "(id = ci.movie_id)", "Rows Removed by Index Recheck": 0, "Filter": "(production_year > 2010)", "Rows Removed by Filter": 0}]}]}, "Triggers": [], "Planner Runtime": 8.753, "Total Runtime": 49.979, "Unique SQL Id": 4208751436}}, "(16, '53')": {"explain_plan": {"Plan": {"Node Type": "Aggregate", "Strategy": "Plain", "Startup Cost": 3399.73, "Total Cost": 3399.74, "Plan Rows": 1, "Plan Width": 144, "Plans": [{"Node Type": "Nested Loop", "Parent Relationship": "Outer", "Join Type": "Inner", "Startup Cost": 4.51, "Total Cost": 3399.72, "Plan Rows": 1, "Plan Width": 48, "Inner Unique": true, "Join Filter": "(mk.movie_id = t.id)", "Plans": [{"Node Type": "Nested Loop", "Parent Relationship": "Outer", "Join Type": "Inner", "Startup Cost": 4.51, "Total Cost": 3399.43, "Plan Rows": 1, "Plan Width": 39, "Inner Unique": true, "Plans": [{"Node Type": "Nested Loop", "Parent Relationship": "Outer", "Join Type": "Inner", "Startup Cost": 4.51, "Total Cost": 3340.87, "Plan Rows": 202, "Plan Width": 28, "Inner Unique": false, "Plans": [{"Node Type": "Nested Loop", "Parent Relationship": "Outer", "Join Type": "Inner", "Startup Cost": 4.51, "Total Cost": 3315.63, "Plan Rows": 33, "Plan Width": 20, "Inner Unique": false, "Plans": [{"Node Type": "Index Scan", "Parent Relationship": "Outer", "Scan Direction": "Forward", "Index Name": "keyword_pkey", "Relation Name": "keyword", "Alias": "k", "Startup Cost": 0.0, "Total Cost": 3182.72, "Plan Rows": 1, "Plan Width": 20, "Filter": "((keyword)::text = 'marvel-cinematic-universe'::text)"}, {"Node Type": "Bitmap Heap Scan", "Parent Relationship": "Inner", "Relation Name": "movie_keyword", "Alias": "mk", "Startup Cost": 4.51, "Total Cost": 132.58, "Plan Rows": 33, "Plan Width": 8, "Recheck Cond": "(keyword_id = k.id)", "Plans": [{"Node Type": "Bitmap Index Scan", "Parent Relationship": "Outer", "Index Name": "keyword_id_movie_keyword", "Startup Cost": 0.0, "Total Cost": 4.5, "Plan Rows": 33, "Plan Width": 0, "Index Cond": "(keyword_id = k.id)"}]}]}, {"Node Type": "Index Scan", "Parent Relationship": "Inner", "Scan Direction": "Forward", "Index Name": "movie_id_cast_info", "Relation Name": "cast_info", "Alias": "ci", "Startup Cost": 0.0, "Total Cost": 0.7, "Plan Rows": 6, "Plan Width": 8, "Index Cond": "(movie_id = mk.movie_id)"}]}, {"Node Type": "Index Scan", "Parent Relationship": "Inner", "Scan Direction": "Forward", "Index Name": "name_pkey", "Relation Name": "name", "Alias": "n", "Startup Cost": 0.0, "Total Cost": 0.28, "Plan Rows": 1, "Plan Width": 19, "Index Cond": "(id = ci.person_id)", "Filter": "((name)::text ~~ '%Downey%Robert%'::text)"}]}, {"Node Type": "Index Scan", "Parent Relationship": "Inner", "Scan Direction": "Forward", "Index Name": "title_pkey", "Relation Name": "title", "Alias": "t", "Startup Cost": 0.0, "Total Cost": 0.28, "Plan Rows": 1, "Plan Width": 21, "Index Cond": "(id = ci.movie_id)", "Filter": "(production_year > 2010)"}]}]}, "Unique SQL Id": 4208751436, "Planner Runtime": 2}, "explain_analyze_plan": {"Plan": {"Node Type": "Aggregate", "Strategy": "Plain", "Startup Cost": 3399.73, "Total Cost": 3399.74, "Plan Rows": 1, "Plan Width": 144, "Actual Startup Time": 130.05, "Actual Total Time": 130.051, "Actual Rows": 1, "Actual Loops": 1, "Plans": [{"Node Type": "Nested Loop", "Parent Relationship": "Outer", "Join Type": "Inner", "Startup Cost": 4.51, "Total Cost": 3399.72, "Plan Rows": 1, "Plan Width": 48, "Actual Startup Time": 9.062, "Actual Total Time": 130.018, "Actual Rows": 6, "Actual Loops": 1, "Inner Unique": true, "Join Filter": "(mk.movie_id = t.id)", "Rows Removed by Join Filter": 0, "Plans": [{"Node Type": "Nested Loop", "Parent Relationship": "Outer", "Join Type": "Inner", "Startup Cost": 4.51, "Total Cost": 3399.43, "Plan Rows": 1, "Plan Width": 39, "Actual Startup Time": 9.03, "Actual Total Time": 129.951, "Actual Rows": 6, "Actual Loops": 1, "Inner Unique": true, "Plans": [{"Node Type": "Nested Loop", "Parent Relationship": "Outer", "Join Type": "Inner", "Startup Cost": 4.51, "Total Cost": 3340.87, "Plan Rows": 202, "Plan Width": 28, "Actual Startup Time": 7.483, "Actual Total Time": 123.046, "Actual Rows": 1242, "Actual Loops": 1, "Inner Unique": false, "Plans": [{"Node Type": "Nested Loop", "Parent Relationship": "Outer", "Join Type": "Inner", "Startup Cost": 4.51, "Total Cost": 3315.63, "Plan Rows": 33, "Plan Width": 20, "Actual Startup Time": 7.468, "Actual Total Time": 120.867, "Actual Rows": 14, "Actual Loops": 1, "Inner Unique": false, "Plans": [{"Node Type": "Index Scan", "Parent Relationship": "Outer", "Scan Direction": "Forward", "Index Name": "keyword_pkey", "Relation Name": "keyword", "Alias": "k", "Startup Cost": 0.0, "Total Cost": 3182.72, "Plan Rows": 1, "Plan Width": 20, "Actual Startup Time": 7.433, "Actual Total Time": 120.793, "Actual Rows": 1, "Actual Loops": 1, "Filter": "((keyword)::text = 'marvel-cinematic-universe'::text)", "Rows Removed by Filter": 134168}, {"Node Type": "Bitmap Heap Scan", "Parent Relationship": "Inner", "Relation Name": "movie_keyword", "Alias": "mk", "Startup Cost": 4.51, "Total Cost": 132.58, "Plan Rows": 33, "Plan Width": 8, "Actual Startup Time": 0.027, "Actual Total Time": 0.06, "Actual Rows": 14, "Actual Loops": 1, "Recheck Cond": "(keyword_id = k.id)", "Rows Removed by Index Recheck": 0, "Exact Heap Blocks": 13, "Lossy Heap Blocks": 13, "Plans": [{"Node Type": "Bitmap Index Scan", "Parent Relationship": "Outer", "Index Name": "keyword_id_movie_keyword", "Startup Cost": 0.0, "Total Cost": 4.5, "Plan Rows": 33, "Plan Width": 0, "Actual Startup Time": 0.015, "Actual Total Time": 0.015, "Actual Rows": 14, "Actual Loops": 1, "Index Cond": "(keyword_id = k.id)"}]}]}, {"Node Type": "Index Scan", "Parent Relationship": "Inner", "Scan Direction": "Forward", "Index Name": "movie_id_cast_info", "Relation Name": "cast_info", "Alias": "ci", "Startup Cost": 0.0, "Total Cost": 0.7, "Plan Rows": 6, "Plan Width": 8, "Actual Startup Time": 0.166, "Actual Total Time": 1.85, "Actual Rows": 1242, "Actual Loops": 14, "Index Cond": "(movie_id = mk.movie_id)", "Rows Removed by Index Recheck": 0}]}, {"Node Type": "Index Scan", "Parent Relationship": "Inner", "Scan Direction": "Forward", "Index Name": "name_pkey", "Relation Name": "name", "Alias": "n", "Startup Cost": 0.0, "Total Cost": 0.28, "Plan Rows": 1, "Plan Width": 19, "Actual Startup Time": 6.274, "Actual Total Time": 6.274, "Actual Rows": 6, "Actual Loops": 1242, "Index Cond": "(id = ci.person_id)", "Rows Removed by Index Recheck": 0, "Filter": "((name)::text ~~ '%Downey%Robert%'::text)", "Rows Removed by Filter": 1236}]}, {"Node Type": "Index Scan", "Parent Relationship": "Inner", "Scan Direction": "Forward", "Index Name": "title_pkey", "Relation Name": "title", "Alias": "t", "Startup Cost": 0.0, "Total Cost": 0.28, "Plan Rows": 1, "Plan Width": 21, "Actual Startup Time": 0.045, "Actual Total Time": 0.045, "Actual Rows": 6, "Actual Loops": 6, "Index Cond": "(id = ci.movie_id)", "Rows Removed by Index Recheck": 0, "Filter": "(production_year > 2010)", "Rows Removed by Filter": 0}]}]}, "Triggers": [], "Planner Runtime": 9.763, "Total Runtime": 130.32, "Unique SQL Id": 4208751436}}, "(16, '54')": {"explain_plan": {"Plan": {"Node Type": "Aggregate", "Strategy": "Plain", "Startup Cost": 3589.09, "Total Cost": 3589.1, "Plan Rows": 1, "Plan Width": 144, "Plans": [{"Node Type": "Nested Loop", "Parent Relationship": "Outer", "Join Type": "Inner", "Startup Cost": 5.44, "Total Cost": 3589.09, "Plan Rows": 1, "Plan Width": 48, "Inner Unique": true, "Join Filter": "(mk.movie_id = t.id)", "Plans": [{"Node Type": "Nested Loop", "Parent Relationship": "Outer", "Join Type": "Inner", "Startup Cost": 5.19, "Total Cost": 3584.8, "Plan Rows": 1, "Plan Width": 39, "Inner Unique": true, "Plans": [{"Node Type": "Nested Loop", "Parent Relationship": "Outer", "Join Type": "Inner", "Startup Cost": 4.93, "Total Cost": 2719.34, "Plan Rows": 202, "Plan Width": 28, "Inner Unique": false, "Plans": [{"Node Type": "Nested Loop", "Parent Relationship": "Outer", "Join Type": "Inner", "Startup Cost": 4.51, "Total Cost": 2569.02, "Plan Rows": 33, "Plan Width": 20, "Inner Unique": false, "Plans": [{"Node Type": "Seq Scan", "Parent Relationship": "Outer", "Relation Name": "keyword", "Alias": "k", "Startup Cost": 0.0, "Total Cost": 2436.11, "Plan Rows": 1, "Plan Width": 20, "Filter": "((keyword)::text = 'marvel-cinematic-universe'::text)"}, {"Node Type": "Bitmap Heap Scan", "Parent Relationship": "Inner", "Relation Name": "movie_keyword", "Alias": "mk", "Startup Cost": 4.51, "Total Cost": 132.58, "Plan Rows": 33, "Plan Width": 8, "Recheck Cond": "(keyword_id = k.id)", "Plans": [{"Node Type": "Bitmap Index Scan", "Parent Relationship": "Outer", "Index Name": "keyword_id_movie_keyword", "Startup Cost": 0.0, "Total Cost": 4.5, "Plan Rows": 33, "Plan Width": 0, "Index Cond": "(keyword_id = k.id)"}]}]}, {"Node Type": "Bitmap Heap Scan", "Parent Relationship": "Inner", "Relation Name": "cast_info", "Alias": "ci", "Startup Cost": 0.42, "Total Cost": 4.49, "Plan Rows": 6, "Plan Width": 8, "Recheck Cond": "(movie_id = mk.movie_id)", "Plans": [{"Node Type": "Bitmap Index Scan", "Parent Relationship": "Outer", "Index Name": "movie_id_cast_info", "Startup Cost": 0.0, "Total Cost": 0.42, "Plan Rows": 6, "Plan Width": 0, "Index Cond": "(movie_id = mk.movie_id)"}]}]}, {"Node Type": "Bitmap Heap Scan", "Parent Relationship": "Inner", "Relation Name": "name", "Alias": "n", "Startup Cost": 0.26, "Total Cost": 4.27, "Plan Rows": 1, "Plan Width": 19, "Recheck Cond": "(id = ci.person_id)", "Filter": "((name)::text ~~ '%Downey%Robert%'::text)", "Plans": [{"Node Type": "Bitmap Index Scan", "Parent Relationship": "Outer", "Index Name": "name_pkey", "Startup Cost": 0.0, "Total Cost": 0.26, "Plan Rows": 1, "Plan Width": 0, "Index Cond": "(id = ci.person_id)"}]}]}, {"Node Type": "Bitmap Heap Scan", "Parent Relationship": "Inner", "Relation Name": "title", "Alias": "t", "Startup Cost": 0.26, "Total Cost": 4.27, "Plan Rows": 1, "Plan Width": 21, "Recheck Cond": "(id = ci.movie_id)", "Filter": "(production_year > 2010)", "Plans": [{"Node Type": "Bitmap Index Scan", "Parent Relationship": "Outer", "Index Name": "title_pkey", "Startup Cost": 0.0, "Total Cost": 0.26, "Plan Rows": 1, "Plan Width": 0, "Index Cond": "(id = ci.movie_id)"}]}]}]}, "Unique SQL Id": 4208751436, "Planner Runtime": 3}, "explain_analyze_plan": {"Plan": {"Node Type": "Aggregate", "Strategy": "Plain", "Startup Cost": 3589.09, "Total Cost": 3589.1, "Plan Rows": 1, "Plan Width": 144, "Actual Startup Time": 53.753, "Actual Total Time": 53.753, "Actual Rows": 1, "Actual Loops": 1, "Plans": [{"Node Type": "Nested Loop", "Parent Relationship": "Outer", "Join Type": "Inner", "Startup Cost": 5.44, "Total Cost": 3589.09, "Plan Rows": 1, "Plan Width": 48, "Actual Startup Time": 3.484, "Actual Total Time": 53.714, "Actual Rows": 6, "Actual Loops": 1, "Inner Unique": true, "Join Filter": "(mk.movie_id = t.id)", "Rows Removed by Join Filter": 0, "Plans": [{"Node Type": "Nested Loop", "Parent Relationship": "Outer", "Join Type": "Inner", "Startup Cost": 5.19, "Total Cost": 3584.8, "Plan Rows": 1, "Plan Width": 39, "Actual Startup Time": 3.465, "Actual Total Time": 53.648, "Actual Rows": 6, "Actual Loops": 1, "Inner Unique": true, "Plans": [{"Node Type": "Nested Loop", "Parent Relationship": "Outer", "Join Type": "Inner", "Startup Cost": 4.93, "Total Cost": 2719.34, "Plan Rows": 202, "Plan Width": 28, "Actual Startup Time": 1.158, "Actual Total Time": 44.383, "Actual Rows": 1242, "Actual Loops": 1, "Inner Unique": false, "Plans": [{"Node Type": "Nested Loop", "Parent Relationship": "Outer", "Join Type": "Inner", "Startup Cost": 4.51, "Total Cost": 2569.02, "Plan Rows": 33, "Plan Width": 20, "Actual Startup Time": 1.127, "Actual Total Time": 41.171, "Actual Rows": 14, "Actual Loops": 1, "Inner Unique": false, "Plans": [{"Node Type": "Seq Scan", "Parent Relationship": "Outer", "Relation Name": "keyword", "Alias": "k", "Startup Cost": 0.0, "Total Cost": 2436.11, "Plan Rows": 1, "Plan Width": 20, "Actual Startup Time": 1.072, "Actual Total Time": 41.077, "Actual Rows": 1, "Actual Loops": 1, "Filter": "((keyword)::text = 'marvel-cinematic-universe'::text)", "Rows Removed by Filter": 134168}, {"Node Type": "Bitmap Heap Scan", "Parent Relationship": "Inner", "Relation Name": "movie_keyword", "Alias": "mk", "Startup Cost": 4.51, "Total Cost": 132.58, "Plan Rows": 33, "Plan Width": 8, "Actual Startup Time": 0.048, "Actual Total Time": 0.077, "Actual Rows": 14, "Actual Loops": 1, "Recheck Cond": "(keyword_id = k.id)", "Rows Removed by Index Recheck": 0, "Exact Heap Blocks": 13, "Lossy Heap Blocks": 13, "Plans": [{"Node Type": "Bitmap Index Scan", "Parent Relationship": "Outer", "Index Name": "keyword_id_movie_keyword", "Startup Cost": 0.0, "Total Cost": 4.5, "Plan Rows": 33, "Plan Width": 0, "Actual Startup Time": 0.03, "Actual Total Time": 0.03, "Actual Rows": 14, "Actual Loops": 1, "Index Cond": "(keyword_id = k.id)"}]}]}, {"Node Type": "Bitmap Heap Scan", "Parent Relationship": "Inner", "Relation Name": "cast_info", "Alias": "ci", "Startup Cost": 0.42, "Total Cost": 4.49, "Plan Rows": 6, "Plan Width": 8, "Actual Startup Time": 0.635, "Actual Total Time": 2.839, "Actual Rows": 1242, "Actual Loops": 14, "Recheck Cond": "(movie_id = mk.movie_id)", "Rows Removed by Index Recheck": 0, "Exact Heap Blocks": 1184, "Lossy Heap Blocks": 1184, "Plans": [{"Node Type": "Bitmap Index Scan", "Parent Relationship": "Outer", "Index Name": "movie_id_cast_info", "Startup Cost": 0.0, "Total Cost": 0.42, "Plan Rows": 6, "Plan Width": 0, "Actual Startup Time": 0.408, "Actual Total Time": 0.408, "Actual Rows": 1242, "Actual Loops": 14, "Index Cond": "(movie_id = mk.movie_id)"}]}]}, {"Node Type": "Bitmap Heap Scan", "Parent Relationship": "Inner", "Relation Name": "name", "Alias": "n", "Startup Cost": 0.26, "Total Cost": 4.27, "Plan Rows": 1, "Plan Width": 19, "Actual Startup Time": 7.861, "Actual Total Time": 7.861, "Actual Rows": 6, "Actual Loops": 1242, "Recheck Cond": "(id = ci.person_id)", "Rows Removed by Index Recheck": 0, "Filter": "((name)::text ~~ '%Downey%Robert%'::text)", "Rows Removed by Filter": 1236, "Exact Heap Blocks": 1242, "Lossy Heap Blocks": 1242, "Plans": [{"Node Type": "Bitmap Index Scan", "Parent Relationship": "Outer", "Index Name": "name_pkey", "Startup Cost": 0.0, "Total Cost": 0.26, "Plan Rows": 1, "Plan Width": 0, "Actual Startup Time": 4.728, "Actual Total Time": 4.728, "Actual Rows": 1242, "Actual Loops": 1242, "Index Cond": "(id = ci.person_id)"}]}]}, {"Node Type": "Bitmap Heap Scan", "Parent Relationship": "Inner", "Relation Name": "title", "Alias": "t", "Startup Cost": 0.26, "Total Cost": 4.27, "Plan Rows": 1, "Plan Width": 21, "Actual Startup Time": 0.048, "Actual Total Time": 0.048, "Actual Rows": 6, "Actual Loops": 6, "Recheck Cond": "(id = ci.movie_id)", "Rows Removed by Index Recheck": 0, "Filter": "(production_year > 2010)", "Rows Removed by Filter": 0, "Exact Heap Blocks": 6, "Lossy Heap Blocks": 6, "Plans": [{"Node Type": "Bitmap Index Scan", "Parent Relationship": "Outer", "Index Name": "title_pkey", "Startup Cost": 0.0, "Total Cost": 0.26, "Plan Rows": 1, "Plan Width": 0, "Actual Startup Time": 0.026, "Actual Total Time": 0.026, "Actual Rows": 6, "Actual Loops": 6, "Index Cond": "(id = ci.movie_id)"}]}]}]}, "Triggers": [], "Planner Runtime": 9.755, "Total Runtime": 54.031, "Unique SQL Id": 4208751436}}, "(16, '55')": {"explain_plan": {"Plan": {"Node Type": "Aggregate", "Strategy": "Plain", "Startup Cost": 4308.19, "Total Cost": 4308.2, "Plan Rows": 1, "Plan Width": 144, "Plans": [{"Node Type": "Nested Loop", "Parent Relationship": "Outer", "Join Type": "Inner", "Startup Cost": 724.54, "Total Cost": 4308.18, "Plan Rows": 1, "Plan Width": 48, "Inner Unique": true, "Join Filter": "(mk.movie_id = t.id)", "Plans": [{"Node Type": "Nested Loop", "Parent Relationship": "Outer", "Join Type": "Inner", "Startup Cost": 724.28, "Total Cost": 4303.89, "Plan Rows": 1, "Plan Width": 39, "Inner Unique": true, "Plans": [{"Node Type": "Nested Loop", "Parent Relationship": "Outer", "Join Type": "Inner", "Startup Cost": 724.02, "Total Cost": 3438.43, "Plan Rows": 202, "Plan Width": 28, "Inner Unique": false, "Plans": [{"Node Type": "Nested Loop", "Parent Relationship": "Outer", "Join Type": "Inner", "Startup Cost": 723.6, "Total Cost": 3288.12, "Plan Rows": 33, "Plan Width": 20, "Inner Unique": false, "Plans": [{"Node Type": "Bitmap Heap Scan", "Parent Relationship": "Outer", "Relation Name": "keyword", "Alias": "k", "Startup Cost": 719.1, "Total Cost": 3155.21, "Plan Rows": 1, "Plan Width": 20, "Filter": "((keyword)::text = 'marvel-cinematic-universe'::text)", "Plans": [{"Node Type": "Bitmap Index Scan", "Parent Relationship": "Outer", "Index Name": "keyword_pkey", "Startup Cost": 0.0, "Total Cost": 719.1, "Plan Rows": 134169, "Plan Width": 0}]}, {"Node Type": "Bitmap Heap Scan", "Parent Relationship": "Inner", "Relation Name": "movie_keyword", "Alias": "mk", "Startup Cost": 4.51, "Total Cost": 132.58, "Plan Rows": 33, "Plan Width": 8, "Recheck Cond": "(keyword_id = k.id)", "Plans": [{"Node Type": "Bitmap Index Scan", "Parent Relationship": "Outer", "Index Name": "keyword_id_movie_keyword", "Startup Cost": 0.0, "Total Cost": 4.5, "Plan Rows": 33, "Plan Width": 0, "Index Cond": "(keyword_id = k.id)"}]}]}, {"Node Type": "Bitmap Heap Scan", "Parent Relationship": "Inner", "Relation Name": "cast_info", "Alias": "ci", "Startup Cost": 0.42, "Total Cost": 4.49, "Plan Rows": 6, "Plan Width": 8, "Recheck Cond": "(movie_id = mk.movie_id)", "Plans": [{"Node Type": "Bitmap Index Scan", "Parent Relationship": "Outer", "Index Name": "movie_id_cast_info", "Startup Cost": 0.0, "Total Cost": 0.42, "Plan Rows": 6, "Plan Width": 0, "Index Cond": "(movie_id = mk.movie_id)"}]}]}, {"Node Type": "Bitmap Heap Scan", "Parent Relationship": "Inner", "Relation Name": "name", "Alias": "n", "Startup Cost": 0.26, "Total Cost": 4.27, "Plan Rows": 1, "Plan Width": 19, "Recheck Cond": "(id = ci.person_id)", "Filter": "((name)::text ~~ '%Downey%Robert%'::text)", "Plans": [{"Node Type": "Bitmap Index Scan", "Parent Relationship": "Outer", "Index Name": "name_pkey", "Startup Cost": 0.0, "Total Cost": 0.26, "Plan Rows": 1, "Plan Width": 0, "Index Cond": "(id = ci.person_id)"}]}]}, {"Node Type": "Bitmap Heap Scan", "Parent Relationship": "Inner", "Relation Name": "title", "Alias": "t", "Startup Cost": 0.26, "Total Cost": 4.27, "Plan Rows": 1, "Plan Width": 21, "Recheck Cond": "(id = ci.movie_id)", "Filter": "(production_year > 2010)", "Plans": [{"Node Type": "Bitmap Index Scan", "Parent Relationship": "Outer", "Index Name": "title_pkey", "Startup Cost": 0.0, "Total Cost": 0.26, "Plan Rows": 1, "Plan Width": 0, "Index Cond": "(id = ci.movie_id)"}]}]}]}, "Unique SQL Id": 4208751436, "Planner Runtime": 1}, "explain_analyze_plan": {"Plan": {"Node Type": "Aggregate", "Strategy": "Plain", "Startup Cost": 4308.19, "Total Cost": 4308.2, "Plan Rows": 1, "Plan Width": 144, "Actual Startup Time": 75.88, "Actual Total Time": 75.881, "Actual Rows": 1, "Actual Loops": 1, "Plans": [{"Node Type": "Nested Loop", "Parent Relationship": "Outer", "Join Type": "Inner", "Startup Cost": 724.54, "Total Cost": 4308.18, "Plan Rows": 1, "Plan Width": 48, "Actual Startup Time": 14.628, "Actual Total Time": 75.845, "Actual Rows": 6, "Actual Loops": 1, "Inner Unique": true, "Join Filter": "(mk.movie_id = t.id)", "Rows Removed by Join Filter": 0, "Plans": [{"Node Type": "Nested Loop", "Parent Relationship": "Outer", "Join Type": "Inner", "Startup Cost": 724.28, "Total Cost": 4303.89, "Plan Rows": 1, "Plan Width": 39, "Actual Startup Time": 14.603, "Actual Total Time": 75.774, "Actual Rows": 6, "Actual Loops": 1, "Inner Unique": true, "Plans": [{"Node Type": "Nested Loop", "Parent Relationship": "Outer", "Join Type": "Inner", "Startup Cost": 724.02, "Total Cost": 3438.43, "Plan Rows": 202, "Plan Width": 28, "Actual Startup Time": 12.29, "Actual Total Time": 66.474, "Actual Rows": 1242, "Actual Loops": 1, "Inner Unique": false, "Plans": [{"Node Type": "Nested Loop", "Parent Relationship": "Outer", "Join Type": "Inner", "Startup Cost": 723.6, "Total Cost": 3288.12, "Plan Rows": 33, "Plan Width": 20, "Actual Startup Time": 12.259, "Actual Total Time": 63.243, "Actual Rows": 14, "Actual Loops": 1, "Inner Unique": false, "Plans": [{"Node Type": "Bitmap Heap Scan", "Parent Relationship": "Outer", "Relation Name": "keyword", "Alias": "k", "Startup Cost": 719.1, "Total Cost": 3155.21, "Plan Rows": 1, "Plan Width": 20, "Actual Startup Time": 12.222, "Actual Total Time": 63.169, "Actual Rows": 1, "Actual Loops": 1, "Filter": "((keyword)::text = 'marvel-cinematic-universe'::text)", "Rows Removed by Filter": 134168, "Exact Heap Blocks": 759, "Lossy Heap Blocks": 759, "Plans": [{"Node Type": "Bitmap Index Scan", "Parent Relationship": "Outer", "Index Name": "keyword_pkey", "Startup Cost": 0.0, "Total Cost": 719.1, "Plan Rows": 134169, "Plan Width": 0, "Actual Startup Time": 10.757, "Actual Total Time": 10.757, "Actual Rows": 134169, "Actual Loops": 1}]}, {"Node Type": "Bitmap Heap Scan", "Parent Relationship": "Inner", "Relation Name": "movie_keyword", "Alias": "mk", "Startup Cost": 4.51, "Total Cost": 132.58, "Plan Rows": 33, "Plan Width": 8, "Actual Startup Time": 0.026, "Actual Total Time": 0.055, "Actual Rows": 14, "Actual Loops": 1, "Recheck Cond": "(keyword_id = k.id)", "Rows Removed by Index Recheck": 0, "Exact Heap Blocks": 13, "Lossy Heap Blocks": 13, "Plans": [{"Node Type": "Bitmap Index Scan", "Parent Relationship": "Outer", "Index Name": "keyword_id_movie_keyword", "Startup Cost": 0.0, "Total Cost": 4.5, "Plan Rows": 33, "Plan Width": 0, "Actual Startup Time": 0.017, "Actual Total Time": 0.017, "Actual Rows": 14, "Actual Loops": 1, "Index Cond": "(keyword_id = k.id)"}]}]}, {"Node Type": "Bitmap Heap Scan", "Parent Relationship": "Inner", "Relation Name": "cast_info", "Alias": "ci", "Startup Cost": 0.42, "Total Cost": 4.49, "Plan Rows": 6, "Plan Width": 8, "Actual Startup Time": 0.619, "Actual Total Time": 2.869, "Actual Rows": 1242, "Actual Loops": 14, "Recheck Cond": "(movie_id = mk.movie_id)", "Rows Removed by Index Recheck": 0, "Exact Heap Blocks": 1184, "Lossy Heap Blocks": 1184, "Plans": [{"Node Type": "Bitmap Index Scan", "Parent Relationship": "Outer", "Index Name": "movie_id_cast_info", "Startup Cost": 0.0, "Total Cost": 0.42, "Plan Rows": 6, "Plan Width": 0, "Actual Startup Time": 0.399, "Actual Total Time": 0.399, "Actual Rows": 1242, "Actual Loops": 14, "Index Cond": "(movie_id = mk.movie_id)"}]}]}, {"Node Type": "Bitmap Heap Scan", "Parent Relationship": "Inner", "Relation Name": "name", "Alias": "n", "Startup Cost": 0.26, "Total Cost": 4.27, "Plan Rows": 1, "Plan Width": 19, "Actual Startup Time": 7.886, "Actual Total Time": 7.886, "Actual Rows": 6, "Actual Loops": 1242, "Recheck Cond": "(id = ci.person_id)", "Rows Removed by Index Recheck": 0, "Filter": "((name)::text ~~ '%Downey%Robert%'::text)", "Rows Removed by Filter": 1236, "Exact Heap Blocks": 1242, "Lossy Heap Blocks": 1242, "Plans": [{"Node Type": "Bitmap Index Scan", "Parent Relationship": "Outer", "Index Name": "name_pkey", "Startup Cost": 0.0, "Total Cost": 0.26, "Plan Rows": 1, "Plan Width": 0, "Actual Startup Time": 4.757, "Actual Total Time": 4.757, "Actual Rows": 1242, "Actual Loops": 1242, "Index Cond": "(id = ci.person_id)"}]}]}, {"Node Type": "Bitmap Heap Scan", "Parent Relationship": "Inner", "Relation Name": "title", "Alias": "t", "Startup Cost": 0.26, "Total Cost": 4.27, "Plan Rows": 1, "Plan Width": 21, "Actual Startup Time": 0.051, "Actual Total Time": 0.051, "Actual Rows": 6, "Actual Loops": 6, "Recheck Cond": "(id = ci.movie_id)", "Rows Removed by Index Recheck": 0, "Filter": "(production_year > 2010)", "Rows Removed by Filter": 0, "Exact Heap Blocks": 6, "Lossy Heap Blocks": 6, "Plans": [{"Node Type": "Bitmap Index Scan", "Parent Relationship": "Outer", "Index Name": "title_pkey", "Startup Cost": 0.0, "Total Cost": 0.26, "Plan Rows": 1, "Plan Width": 0, "Actual Startup Time": 0.028, "Actual Total Time": 0.028, "Actual Rows": 6, "Actual Loops": 6, "Index Cond": "(id = ci.movie_id)"}]}]}]}, "Triggers": [], "Planner Runtime": 2.651, "Total Runtime": 76.201, "Unique SQL Id": 4208751436}}, "(16, '56')": {"explain_plan": {"Plan": {"Node Type": "Aggregate", "Strategy": "Plain", "Startup Cost": 2657.42, "Total Cost": 2657.43, "Plan Rows": 1, "Plan Width": 144, "Plans": [{"Node Type": "Nested Loop", "Parent Relationship": "Outer", "Join Type": "Inner", "Startup Cost": 0.0, "Total Cost": 2657.41, "Plan Rows": 1, "Plan Width": 48, "Inner Unique": true, "Join Filter": "(mk.movie_id = t.id)", "Plans": [{"Node Type": "Nested Loop", "Parent Relationship": "Outer", "Join Type": "Inner", "Startup Cost": 0.0, "Total Cost": 2657.12, "Plan Rows": 1, "Plan Width": 39, "Inner Unique": true, "Plans": [{"Node Type": "Nested Loop", "Parent Relationship": "Outer", "Join Type": "Inner", "Startup Cost": 0.0, "Total Cost": 2598.56, "Plan Rows": 202, "Plan Width": 28, "Inner Unique": false, "Plans": [{"Node Type": "Nested Loop", "Parent Relationship": "Outer", "Join Type": "Inner", "Startup Cost": 0.0, "Total Cost": 2573.32, "Plan Rows": 33, "Plan Width": 20, "Inner Unique": false, "Plans": [{"Node Type": "Seq Scan", "Parent Relationship": "Outer", "Relation Name": "keyword", "Alias": "k", "Startup Cost": 0.0, "Total Cost": 2436.11, "Plan Rows": 1, "Plan Width": 20, "Filter": "((keyword)::text = 'marvel-cinematic-universe'::text)"}, {"Node Type": "Index Scan", "Parent Relationship": "Inner", "Scan Direction": "Forward", "Index Name": "keyword_id_movie_keyword", "Relation Name": "movie_keyword", "Alias": "mk", "Startup Cost": 0.0, "Total Cost": 136.88, "Plan Rows": 33, "Plan Width": 8, "Index Cond": "(keyword_id = k.id)"}]}, {"Node Type": "Index Scan", "Parent Relationship": "Inner", "Scan Direction": "Forward", "Index Name": "movie_id_cast_info", "Relation Name": "cast_info", "Alias": "ci", "Startup Cost": 0.0, "Total Cost": 0.7, "Plan Rows": 6, "Plan Width": 8, "Index Cond": "(movie_id = mk.movie_id)"}]}, {"Node Type": "Index Scan", "Parent Relationship": "Inner", "Scan Direction": "Forward", "Index Name": "name_pkey", "Relation Name": "name", "Alias": "n", "Startup Cost": 0.0, "Total Cost": 0.28, "Plan Rows": 1, "Plan Width": 19, "Index Cond": "(id = ci.person_id)", "Filter": "((name)::text ~~ '%Downey%Robert%'::text)"}]}, {"Node Type": "Index Scan", "Parent Relationship": "Inner", "Scan Direction": "Forward", "Index Name": "title_pkey", "Relation Name": "title", "Alias": "t", "Startup Cost": 0.0, "Total Cost": 0.28, "Plan Rows": 1, "Plan Width": 21, "Index Cond": "(id = ci.movie_id)", "Filter": "(production_year > 2010)"}]}]}, "Unique SQL Id": 4208751436, "Planner Runtime": 2}, "explain_analyze_plan": {"Plan": {"Node Type": "Aggregate", "Strategy": "Plain", "Startup Cost": 2657.42, "Total Cost": 2657.43, "Plan Rows": 1, "Plan Width": 144, "Actual Startup Time": 49.573, "Actual Total Time": 49.573, "Actual Rows": 1, "Actual Loops": 1, "Plans": [{"Node Type": "Nested Loop", "Parent Relationship": "Outer", "Join Type": "Inner", "Startup Cost": 0.0, "Total Cost": 2657.41, "Plan Rows": 1, "Plan Width": 48, "Actual Startup Time": 2.65, "Actual Total Time": 49.529, "Actual Rows": 6, "Actual Loops": 1, "Inner Unique": true, "Join Filter": "(mk.movie_id = t.id)", "Rows Removed by Join Filter": 0, "Plans": [{"Node Type": "Nested Loop", "Parent Relationship": "Outer", "Join Type": "Inner", "Startup Cost": 0.0, "Total Cost": 2657.12, "Plan Rows": 1, "Plan Width": 39, "Actual Startup Time": 2.627, "Actual Total Time": 49.472, "Actual Rows": 6, "Actual Loops": 1, "Inner Unique": true, "Plans": [{"Node Type": "Nested Loop", "Parent Relationship": "Outer", "Join Type": "Inner", "Startup Cost": 0.0, "Total Cost": 2598.56, "Plan Rows": 202, "Plan Width": 28, "Actual Startup Time": 1.088, "Actual Total Time": 42.692, "Actual Rows": 1242, "Actual Loops": 1, "Inner Unique": false, "Plans": [{"Node Type": "Nested Loop", "Parent Relationship": "Outer", "Join Type": "Inner", "Startup Cost": 0.0, "Total Cost": 2573.32, "Plan Rows": 33, "Plan Width": 20, "Actual Startup Time": 1.074, "Actual Total Time": 40.525, "Actual Rows": 14, "Actual Loops": 1, "Inner Unique": false, "Plans": [{"Node Type": "Seq Scan", "Parent Relationship": "Outer", "Relation Name": "keyword", "Alias": "k", "Startup Cost": 0.0, "Total Cost": 2436.11, "Plan Rows": 1, "Plan Width": 20, "Actual Startup Time": 1.052, "Actual Total Time": 40.474, "Actual Rows": 1, "Actual Loops": 1, "Filter": "((keyword)::text = 'marvel-cinematic-universe'::text)", "Rows Removed by Filter": 134168}, {"Node Type": "Index Scan", "Parent Relationship": "Inner", "Scan Direction": "Forward", "Index Name": "keyword_id_movie_keyword", "Relation Name": "movie_keyword", "Alias": "mk", "Startup Cost": 0.0, "Total Cost": 136.88, "Plan Rows": 33, "Plan Width": 8, "Actual Startup Time": 0.016, "Actual Total Time": 0.039, "Actual Rows": 14, "Actual Loops": 1, "Index Cond": "(keyword_id = k.id)", "Rows Removed by Index Recheck": 0}]}, {"Node Type": "Index Scan", "Parent Relationship": "Inner", "Scan Direction": "Forward", "Index Name": "movie_id_cast_info", "Relation Name": "cast_info", "Alias": "ci", "Startup Cost": 0.0, "Total Cost": 0.7, "Plan Rows": 6, "Plan Width": 8, "Actual Startup Time": 0.16, "Actual Total Time": 1.838, "Actual Rows": 1242, "Actual Loops": 14, "Index Cond": "(movie_id = mk.movie_id)", "Rows Removed by Index Recheck": 0}]}, {"Node Type": "Index Scan", "Parent Relationship": "Inner", "Scan Direction": "Forward", "Index Name": "name_pkey", "Relation Name": "name", "Alias": "n", "Startup Cost": 0.0, "Total Cost": 0.28, "Plan Rows": 1, "Plan Width": 19, "Actual Startup Time": 6.167, "Actual Total Time": 6.167, "Actual Rows": 6, "Actual Loops": 1242, "Index Cond": "(id = ci.person_id)", "Rows Removed by Index Recheck": 0, "Filter": "((name)::text ~~ '%Downey%Robert%'::text)", "Rows Removed by Filter": 1236}]}, {"Node Type": "Index Scan", "Parent Relationship": "Inner", "Scan Direction": "Forward", "Index Name": "title_pkey", "Relation Name": "title", "Alias": "t", "Startup Cost": 0.0, "Total Cost": 0.28, "Plan Rows": 1, "Plan Width": 21, "Actual Startup Time": 0.038, "Actual Total Time": 0.038, "Actual Rows": 6, "Actual Loops": 6, "Index Cond": "(id = ci.movie_id)", "Rows Removed by Index Recheck": 0, "Filter": "(production_year > 2010)", "Rows Removed by Filter": 0}]}]}, "Triggers": [], "Planner Runtime": 8.574, "Total Runtime": 49.842, "Unique SQL Id": 4208751436}}, "(16, '57')": {"explain_plan": {"Plan": {"Node Type": "Aggregate", "Strategy": "Plain", "Startup Cost": 3404.02, "Total Cost": 3404.03, "Plan Rows": 1, "Plan Width": 144, "Plans": [{"Node Type": "Nested Loop", "Parent Relationship": "Outer", "Join Type": "Inner", "Startup Cost": 0.0, "Total Cost": 3404.01, "Plan Rows": 1, "Plan Width": 48, "Inner Unique": true, "Join Filter": "(mk.movie_id = t.id)", "Plans": [{"Node Type": "Nested Loop", "Parent Relationship": "Outer", "Join Type": "Inner", "Startup Cost": 0.0, "Total Cost": 3403.72, "Plan Rows": 1, "Plan Width": 39, "Inner Unique": true, "Plans": [{"Node Type": "Nested Loop", "Parent Relationship": "Outer", "Join Type": "Inner", "Startup Cost": 0.0, "Total Cost": 3345.17, "Plan Rows": 202, "Plan Width": 28, "Inner Unique": false, "Plans": [{"Node Type": "Nested Loop", "Parent Relationship": "Outer", "Join Type": "Inner", "Startup Cost": 0.0, "Total Cost": 3319.92, "Plan Rows": 33, "Plan Width": 20, "Inner Unique": false, "Plans": [{"Node Type": "Index Scan", "Parent Relationship": "Outer", "Scan Direction": "Forward", "Index Name": "keyword_pkey", "Relation Name": "keyword", "Alias": "k", "Startup Cost": 0.0, "Total Cost": 3182.72, "Plan Rows": 1, "Plan Width": 20, "Filter": "((keyword)::text = 'marvel-cinematic-universe'::text)"}, {"Node Type": "Index Scan", "Parent Relationship": "Inner", "Scan Direction": "Forward", "Index Name": "keyword_id_movie_keyword", "Relation Name": "movie_keyword", "Alias": "mk", "Startup Cost": 0.0, "Total Cost": 136.88, "Plan Rows": 33, "Plan Width": 8, "Index Cond": "(keyword_id = k.id)"}]}, {"Node Type": "Index Scan", "Parent Relationship": "Inner", "Scan Direction": "Forward", "Index Name": "movie_id_cast_info", "Relation Name": "cast_info", "Alias": "ci", "Startup Cost": 0.0, "Total Cost": 0.7, "Plan Rows": 6, "Plan Width": 8, "Index Cond": "(movie_id = mk.movie_id)"}]}, {"Node Type": "Index Scan", "Parent Relationship": "Inner", "Scan Direction": "Forward", "Index Name": "name_pkey", "Relation Name": "name", "Alias": "n", "Startup Cost": 0.0, "Total Cost": 0.28, "Plan Rows": 1, "Plan Width": 19, "Index Cond": "(id = ci.person_id)", "Filter": "((name)::text ~~ '%Downey%Robert%'::text)"}]}, {"Node Type": "Index Scan", "Parent Relationship": "Inner", "Scan Direction": "Forward", "Index Name": "title_pkey", "Relation Name": "title", "Alias": "t", "Startup Cost": 0.0, "Total Cost": 0.28, "Plan Rows": 1, "Plan Width": 21, "Index Cond": "(id = ci.movie_id)", "Filter": "(production_year > 2010)"}]}]}, "Unique SQL Id": 4208751436, "Planner Runtime": 2}, "explain_analyze_plan": {"Plan": {"Node Type": "Aggregate", "Strategy": "Plain", "Startup Cost": 3404.02, "Total Cost": 3404.03, "Plan Rows": 1, "Plan Width": 144, "Actual Startup Time": 129.093, "Actual Total Time": 129.094, "Actual Rows": 1, "Actual Loops": 1, "Plans": [{"Node Type": "Nested Loop", "Parent Relationship": "Outer", "Join Type": "Inner", "Startup Cost": 0.0, "Total Cost": 3404.01, "Plan Rows": 1, "Plan Width": 48, "Actual Startup Time": 8.547, "Actual Total Time": 129.04, "Actual Rows": 6, "Actual Loops": 1, "Inner Unique": true, "Join Filter": "(mk.movie_id = t.id)", "Rows Removed by Join Filter": 0, "Plans": [{"Node Type": "Nested Loop", "Parent Relationship": "Outer", "Join Type": "Inner", "Startup Cost": 0.0, "Total Cost": 3403.72, "Plan Rows": 1, "Plan Width": 39, "Actual Startup Time": 8.53, "Actual Total Time": 128.988, "Actual Rows": 6, "Actual Loops": 1, "Inner Unique": true, "Plans": [{"Node Type": "Nested Loop", "Parent Relationship": "Outer", "Join Type": "Inner", "Startup Cost": 0.0, "Total Cost": 3345.17, "Plan Rows": 202, "Plan Width": 28, "Actual Startup Time": 6.99, "Actual Total Time": 122.056, "Actual Rows": 1242, "Actual Loops": 1, "Inner Unique": false, "Plans": [{"Node Type": "Nested Loop", "Parent Relationship": "Outer", "Join Type": "Inner", "Startup Cost": 0.0, "Total Cost": 3319.92, "Plan Rows": 33, "Plan Width": 20, "Actual Startup Time": 6.977, "Actual Total Time": 119.872, "Actual Rows": 14, "Actual Loops": 1, "Inner Unique": false, "Plans": [{"Node Type": "Index Scan", "Parent Relationship": "Outer", "Scan Direction": "Forward", "Index Name": "keyword_pkey", "Relation Name": "keyword", "Alias": "k", "Startup Cost": 0.0, "Total Cost": 3182.72, "Plan Rows": 1, "Plan Width": 20, "Actual Startup Time": 6.958, "Actual Total Time": 119.824, "Actual Rows": 1, "Actual Loops": 1, "Filter": "((keyword)::text = 'marvel-cinematic-universe'::text)", "Rows Removed by Filter": 134168}, {"Node Type": "Index Scan", "Parent Relationship": "Inner", "Scan Direction": "Forward", "Index Name": "keyword_id_movie_keyword", "Relation Name": "movie_keyword", "Alias": "mk", "Startup Cost": 0.0, "Total Cost": 136.88, "Plan Rows": 33, "Plan Width": 8, "Actual Startup Time": 0.012, "Actual Total Time": 0.032, "Actual Rows": 14, "Actual Loops": 1, "Index Cond": "(keyword_id = k.id)", "Rows Removed by Index Recheck": 0}]}, {"Node Type": "Index Scan", "Parent Relationship": "Inner", "Scan Direction": "Forward", "Index Name": "movie_id_cast_info", "Relation Name": "cast_info", "Alias": "ci", "Startup Cost": 0.0, "Total Cost": 0.7, "Plan Rows": 6, "Plan Width": 8, "Actual Startup Time": 0.158, "Actual Total Time": 1.852, "Actual Rows": 1242, "Actual Loops": 14, "Index Cond": "(movie_id = mk.movie_id)", "Rows Removed by Index Recheck": 0}]}, {"Node Type": "Index Scan", "Parent Relationship": "Inner", "Scan Direction": "Forward", "Index Name": "name_pkey", "Relation Name": "name", "Alias": "n", "Startup Cost": 0.0, "Total Cost": 0.28, "Plan Rows": 1, "Plan Width": 19, "Actual Startup Time": 6.301, "Actual Total Time": 6.301, "Actual Rows": 6, "Actual Loops": 1242, "Index Cond": "(id = ci.person_id)", "Rows Removed by Index Recheck": 0, "Filter": "((name)::text ~~ '%Downey%Robert%'::text)", "Rows Removed by Filter": 1236}]}, {"Node Type": "Index Scan", "Parent Relationship": "Inner", "Scan Direction": "Forward", "Index Name": "title_pkey", "Relation Name": "title", "Alias": "t", "Startup Cost": 0.0, "Total Cost": 0.28, "Plan Rows": 1, "Plan Width": 21, "Actual Startup Time": 0.038, "Actual Total Time": 0.038, "Actual Rows": 6, "Actual Loops": 6, "Index Cond": "(id = ci.movie_id)", "Rows Removed by Index Recheck": 0, "Filter": "(production_year > 2010)", "Rows Removed by Filter": 0}]}]}, "Triggers": [], "Planner Runtime": 8.278, "Total Runtime": 129.388, "Unique SQL Id": 4208751436}}, "(16, '58')": {"explain_plan": {"Plan": {"Node Type": "Aggregate", "Strategy": "Plain", "Startup Cost": 385221.74, "Total Cost": 385221.75, "Plan Rows": 1, "Plan Width": 144, "Plans": [{"Node Type": "Nested Loop", "Parent Relationship": "Outer", "Join Type": "Inner", "Startup Cost": 0.0, "Total Cost": 385221.73, "Plan Rows": 1, "Plan Width": 48, "Inner Unique": true, "Join Filter": "(mk.movie_id = t.id)", "Plans": [{"Node Type": "Nested Loop", "Parent Relationship": "Outer", "Join Type": "Inner", "Startup Cost": 0.0, "Total Cost": 352730.91, "Plan Rows": 1, "Plan Width": 39, "Inner Unique": false, "Join Filter": "(ci.person_id = n.id)", "Plans": [{"Node Type": "Streaming(type: LOCAL GATHER dop: 1/16)", "Parent Relationship": "Outer", "Startup Cost": 0.0, "Total Cost": 21477.12, "Plan Rows": 415, "Plan Width": 19, "Plans": [{"Node Type": "Seq Scan", "Parent Relationship": "Outer", "Relation Name": "name", "Alias": "n", "Startup Cost": 0.0, "Total Cost": 21468.16, "Plan Rows": 415, "Plan Width": 19, "Filter": "((name)::text ~~ '%Downey%Robert%'::text)"}]}, {"Node Type": "Materialize", "Parent Relationship": "Inner", "Startup Cost": 0.0, "Total Cost": 329996.85, "Plan Rows": 202, "Plan Width": 28, "Plans": [{"Node Type": "Streaming(type: LOCAL GATHER dop: 1/16)", "Parent Relationship": "Outer", "Startup Cost": 0.0, "Total Cost": 329995.84, "Plan Rows": 202, "Plan Width": 28, "Plans": [{"Node Type": "Nested Loop", "Parent Relationship": "Outer", "Join Type": "Inner", "Startup Cost": 0.0, "Total Cost": 329991.48, "Plan Rows": 202, "Plan Width": 28, "Inner Unique": false, "Join Filter": "(mk.movie_id = ci.movie_id)", "Plans": [{"Node Type": "Streaming(type: LOCAL REDISTRIBUTE dop: 16/16)", "Parent Relationship": "Outer", "Startup Cost": 0.0, "Total Cost": 205006.86, "Plan Rows": 36259494, "Plan Width": 8, "Plans": [{"Node Type": "Seq Scan", "Parent Relationship": "Outer", "Relation Name": "cast_info", "Alias": "ci", "Startup Cost": 0.0, "Total Cost": 52617.37, "Plan Rows": 36259494, "Plan Width": 8}]}, {"Node Type": "Materialize", "Parent Relationship": "Inner", "Startup Cost": 0.0, "Total Cost": 54873.49, "Plan Rows": 33, "Plan Width": 20, "Plans": [{"Node Type": "Streaming(type: LOCAL REDISTRIBUTE dop: 16/16)", "Parent Relationship": "Outer", "Startup Cost": 0.0, "Total Cost": 54873.48, "Plan Rows": 33, "Plan Width": 20, "Plans": [{"Node Type": "Nested Loop", "Parent Relationship": "Outer", "Join Type": "Inner", "Startup Cost": 0.0, "Total Cost": 39873.36, "Plan Rows": 33, "Plan Width": 20, "Inner Unique": false, "Join Filter": "(k.id = mk.keyword_id)", "Plans": [{"Node Type": "Streaming(type: BROADCAST dop: 16/1)", "Parent Relationship": "Outer", "Startup Cost": 0.0, "Total Cost": 17436.46, "Plan Rows": 16, "Plan Width": 20, "Plans": [{"Node Type": "Seq Scan", "Parent Relationship": "Outer", "Relation Name": "keyword", "Alias": "k", "Startup Cost": 0.0, "Total Cost": 2436.11, "Plan Rows": 1, "Plan Width": 20, "Filter": "((keyword)::text = 'marvel-cinematic-universe'::text)"}]}, {"Node Type": "Seq Scan", "Parent Relationship": "Inner", "Relation Name": "movie_keyword", "Alias": "mk", "Startup Cost": 0.0, "Total Cost": 18902.58, "Plan Rows": 4523929, "Plan Width": 8}]}]}]}]}]}]}]}, {"Node Type": "Materialize", "Parent Relationship": "Inner", "Startup Cost": 0.0, "Total Cost": 28576.3, "Plan Rows": 391451, "Plan Width": 21, "Plans": [{"Node Type": "Streaming(type: LOCAL GATHER dop: 1/16)", "Parent Relationship": "Outer", "Startup Cost": 0.0, "Total Cost": 27597.68, "Plan Rows": 391451, "Plan Width": 21, "Plans": [{"Node Type": "Seq Scan", "Parent Relationship": "Outer", "Relation Name": "title", "Alias": "t", "Startup Cost": 0.0, "Total Cost": 19149.37, "Plan Rows": 391451, "Plan Width": 21, "Filter": "(production_year > 2010), (LLVM Optimized)"}]}]}]}]}, "Unique SQL Id": 4208751436, "Planner Runtime": 2}, "explain_analyze_plan": null}, "(16, '59')": {"explain_plan": {"Plan": {"Node Type": "Aggregate", "Strategy": "Plain", "Startup Cost": 5000223041129.71, "Total Cost": 5000223041129.72, "Plan Rows": 1, "Plan Width": 144, "Plans": [{"Node Type": "Nested Loop", "Parent Relationship": "Outer", "Join Type": "Inner", "Startup Cost": 50000000000.0, "Total Cost": 5000223041129.7, "Plan Rows": 1, "Plan Width": 48, "Inner Unique": true, "Join Filter": "(mk.movie_id = t.id)", "Plans": [{"Node Type": "Nested Loop", "Parent Relationship": "Outer", "Join Type": "Inner", "Startup Cost": 40000000000.0, "Total Cost": 4000223041101.96, "Plan Rows": 1, "Plan Width": 39, "Inner Unique": true, "Join Filter": "(ci.person_id = n.id)", "Plans": [{"Node Type": "Nested Loop", "Parent Relationship": "Outer", "Join Type": "Inner", "Startup Cost": 30000000000.0, "Total Cost": 3000204374696.26, "Plan Rows": 202, "Plan Width": 28, "Inner Unique": false, "Join Filter": "(mk.movie_id = ci.movie_id)", "Plans": [{"Node Type": "Nested Loop", "Parent Relationship": "Outer", "Join Type": "Inner", "Startup Cost": 20000000000.0, "Total Cost": 2000015686764.79, "Plan Rows": 33, "Plan Width": 20, "Inner Unique": true, "Join Filter": "(k.id = mk.keyword_id)", "Plans": [{"Node Type": "Index Scan", "Parent Relationship": "Outer", "Scan Direction": "Forward", "Index Name": "movie_id_movie_keyword", "Relation Name": "movie_keyword", "Alias": "mk", "Startup Cost": 10000000000.0, "Total Cost": 1000015300634.17, "Plan Rows": 4523929, "Plan Width": 8}, {"Node Type": "Materialize", "Parent Relationship": "Inner", "Startup Cost": 10000000000.0, "Total Cost": 1000000318271.69, "Plan Rows": 1, "Plan Width": 20, "Plans": [{"Node Type": "Index Scan", "Parent Relationship": "Outer", "Scan Direction": "Forward", "Index Name": "keyword_pkey", "Relation Name": "keyword", "Alias": "k", "Startup Cost": 10000000000.0, "Total Cost": 1000000318271.68, "Plan Rows": 1, "Plan Width": 20, "Filter": "((keyword)::text = 'marvel-cinematic-universe'::text)"}]}]}, {"Node Type": "Materialize", "Parent Relationship": "Inner", "Startup Cost": 10000000000.0, "Total Cost": 1000170830130.68, "Plan Rows": 36259494, "Plan Width": 8, "Plans": [{"Node Type": "Index Scan", "Parent Relationship": "Outer", "Scan Direction": "Forward", "Index Name": "person_id_cast_info", "Relation Name": "cast_info", "Alias": "ci", "Startup Cost": 10000000000.0, "Total Cost": 1000170648833.21, "Plan Rows": 36259494, "Plan Width": 8}]}]}, {"Node Type": "Materialize", "Parent Relationship": "Inner", "Startup Cost": 10000000000.0, "Total Cost": 1000018665149.28, "Plan Rows": 415, "Plan Width": 19, "Plans": [{"Node Type": "Index Scan", "Parent Relationship": "Outer", "Scan Direction": "Forward", "Index Name": "name_pkey", "Relation Name": "name", "Alias": "n", "Startup Cost": 10000000000.0, "Total Cost": 1000018665147.2, "Plan Rows": 415, "Plan Width": 19, "Filter": "((name)::text ~~ '%Downey%Robert%'::text)"}]}]}, {"Node Type": "Index Scan", "Parent Relationship": "Inner", "Scan Direction": "Forward", "Index Name": "title_pkey", "Relation Name": "title", "Alias": "t", "Startup Cost": 10000000000.0, "Total Cost": 1000000000027.74, "Plan Rows": 1, "Plan Width": 21, "Index Cond": "(id = ci.movie_id)", "Filter": "(production_year > 2010)"}]}]}, "Unique SQL Id": 4208751436, "Planner Runtime": 1}, "explain_analyze_plan": null}, "(16, '60')": {"explain_plan": {"Plan": {"Node Type": "Aggregate", "Strategy": "Plain", "Startup Cost": 2657.42, "Total Cost": 2657.43, "Plan Rows": 1, "Plan Width": 144, "Plans": [{"Node Type": "Nested Loop", "Parent Relationship": "Outer", "Join Type": "Inner", "Startup Cost": 0.0, "Total Cost": 2657.41, "Plan Rows": 1, "Plan Width": 48, "Inner Unique": true, "Join Filter": "(mk.movie_id = t.id)", "Plans": [{"Node Type": "Nested Loop", "Parent Relationship": "Outer", "Join Type": "Inner", "Startup Cost": 0.0, "Total Cost": 2657.12, "Plan Rows": 1, "Plan Width": 39, "Inner Unique": true, "Plans": [{"Node Type": "Nested Loop", "Parent Relationship": "Outer", "Join Type": "Inner", "Startup Cost": 0.0, "Total Cost": 2598.56, "Plan Rows": 202, "Plan Width": 28, "Inner Unique": false, "Plans": [{"Node Type": "Nested Loop", "Parent Relationship": "Outer", "Join Type": "Inner", "Startup Cost": 0.0, "Total Cost": 2573.32, "Plan Rows": 33, "Plan Width": 20, "Inner Unique": false, "Plans": [{"Node Type": "Seq Scan", "Parent Relationship": "Outer", "Relation Name": "keyword", "Alias": "k", "Startup Cost": 0.0, "Total Cost": 2436.11, "Plan Rows": 1, "Plan Width": 20, "Filter": "((keyword)::text = 'marvel-cinematic-universe'::text)"}, {"Node Type": "Index Scan", "Parent Relationship": "Inner", "Scan Direction": "Forward", "Index Name": "keyword_id_movie_keyword", "Relation Name": "movie_keyword", "Alias": "mk", "Startup Cost": 0.0, "Total Cost": 136.88, "Plan Rows": 33, "Plan Width": 8, "Index Cond": "(keyword_id = k.id)"}]}, {"Node Type": "Index Scan", "Parent Relationship": "Inner", "Scan Direction": "Forward", "Index Name": "movie_id_cast_info", "Relation Name": "cast_info", "Alias": "ci", "Startup Cost": 0.0, "Total Cost": 0.7, "Plan Rows": 6, "Plan Width": 8, "Index Cond": "(movie_id = mk.movie_id)"}]}, {"Node Type": "Index Scan", "Parent Relationship": "Inner", "Scan Direction": "Forward", "Index Name": "name_pkey", "Relation Name": "name", "Alias": "n", "Startup Cost": 0.0, "Total Cost": 0.28, "Plan Rows": 1, "Plan Width": 19, "Index Cond": "(id = ci.person_id)", "Filter": "((name)::text ~~ '%Downey%Robert%'::text)"}]}, {"Node Type": "Index Scan", "Parent Relationship": "Inner", "Scan Direction": "Forward", "Index Name": "title_pkey", "Relation Name": "title", "Alias": "t", "Startup Cost": 0.0, "Total Cost": 0.28, "Plan Rows": 1, "Plan Width": 21, "Index Cond": "(id = ci.movie_id)", "Filter": "(production_year > 2010)"}]}]}, "Unique SQL Id": 4208751436, "Planner Runtime": 2}, "explain_analyze_plan": {"Plan": {"Node Type": "Aggregate", "Strategy": "Plain", "Startup Cost": 2657.42, "Total Cost": 2657.43, "Plan Rows": 1, "Plan Width": 144, "Actual Startup Time": 49.573, "Actual Total Time": 49.573, "Actual Rows": 1, "Actual Loops": 1, "Plans": [{"Node Type": "Nested Loop", "Parent Relationship": "Outer", "Join Type": "Inner", "Startup Cost": 0.0, "Total Cost": 2657.41, "Plan Rows": 1, "Plan Width": 48, "Actual Startup Time": 2.65, "Actual Total Time": 49.529, "Actual Rows": 6, "Actual Loops": 1, "Inner Unique": true, "Join Filter": "(mk.movie_id = t.id)", "Rows Removed by Join Filter": 0, "Plans": [{"Node Type": "Nested Loop", "Parent Relationship": "Outer", "Join Type": "Inner", "Startup Cost": 0.0, "Total Cost": 2657.12, "Plan Rows": 1, "Plan Width": 39, "Actual Startup Time": 2.627, "Actual Total Time": 49.472, "Actual Rows": 6, "Actual Loops": 1, "Inner Unique": true, "Plans": [{"Node Type": "Nested Loop", "Parent Relationship": "Outer", "Join Type": "Inner", "Startup Cost": 0.0, "Total Cost": 2598.56, "Plan Rows": 202, "Plan Width": 28, "Actual Startup Time": 1.088, "Actual Total Time": 42.692, "Actual Rows": 1242, "Actual Loops": 1, "Inner Unique": false, "Plans": [{"Node Type": "Nested Loop", "Parent Relationship": "Outer", "Join Type": "Inner", "Startup Cost": 0.0, "Total Cost": 2573.32, "Plan Rows": 33, "Plan Width": 20, "Actual Startup Time": 1.074, "Actual Total Time": 40.525, "Actual Rows": 14, "Actual Loops": 1, "Inner Unique": false, "Plans": [{"Node Type": "Seq Scan", "Parent Relationship": "Outer", "Relation Name": "keyword", "Alias": "k", "Startup Cost": 0.0, "Total Cost": 2436.11, "Plan Rows": 1, "Plan Width": 20, "Actual Startup Time": 1.052, "Actual Total Time": 40.474, "Actual Rows": 1, "Actual Loops": 1, "Filter": "((keyword)::text = 'marvel-cinematic-universe'::text)", "Rows Removed by Filter": 134168}, {"Node Type": "Index Scan", "Parent Relationship": "Inner", "Scan Direction": "Forward", "Index Name": "keyword_id_movie_keyword", "Relation Name": "movie_keyword", "Alias": "mk", "Startup Cost": 0.0, "Total Cost": 136.88, "Plan Rows": 33, "Plan Width": 8, "Actual Startup Time": 0.016, "Actual Total Time": 0.039, "Actual Rows": 14, "Actual Loops": 1, "Index Cond": "(keyword_id = k.id)", "Rows Removed by Index Recheck": 0}]}, {"Node Type": "Index Scan", "Parent Relationship": "Inner", "Scan Direction": "Forward", "Index Name": "movie_id_cast_info", "Relation Name": "cast_info", "Alias": "ci", "Startup Cost": 0.0, "Total Cost": 0.7, "Plan Rows": 6, "Plan Width": 8, "Actual Startup Time": 0.16, "Actual Total Time": 1.838, "Actual Rows": 1242, "Actual Loops": 14, "Index Cond": "(movie_id = mk.movie_id)", "Rows Removed by Index Recheck": 0}]}, {"Node Type": "Index Scan", "Parent Relationship": "Inner", "Scan Direction": "Forward", "Index Name": "name_pkey", "Relation Name": "name", "Alias": "n", "Startup Cost": 0.0, "Total Cost": 0.28, "Plan Rows": 1, "Plan Width": 19, "Actual Startup Time": 6.167, "Actual Total Time": 6.167, "Actual Rows": 6, "Actual Loops": 1242, "Index Cond": "(id = ci.person_id)", "Rows Removed by Index Recheck": 0, "Filter": "((name)::text ~~ '%Downey%Robert%'::text)", "Rows Removed by Filter": 1236}]}, {"Node Type": "Index Scan", "Parent Relationship": "Inner", "Scan Direction": "Forward", "Index Name": "title_pkey", "Relation Name": "title", "Alias": "t", "Startup Cost": 0.0, "Total Cost": 0.28, "Plan Rows": 1, "Plan Width": 21, "Actual Startup Time": 0.038, "Actual Total Time": 0.038, "Actual Rows": 6, "Actual Loops": 6, "Index Cond": "(id = ci.movie_id)", "Rows Removed by Index Recheck": 0, "Filter": "(production_year > 2010)", "Rows Removed by Filter": 0}]}]}, "Triggers": [], "Planner Runtime": 8.574, "Total Runtime": 49.842, "Unique SQL Id": 4208751436}}, "(16, '61')": {"explain_plan": {"Plan": {"Node Type": "Aggregate", "Strategy": "Plain", "Startup Cost": 3404.02, "Total Cost": 3404.03, "Plan Rows": 1, "Plan Width": 144, "Plans": [{"Node Type": "Nested Loop", "Parent Relationship": "Outer", "Join Type": "Inner", "Startup Cost": 0.0, "Total Cost": 3404.01, "Plan Rows": 1, "Plan Width": 48, "Inner Unique": true, "Join Filter": "(mk.movie_id = t.id)", "Plans": [{"Node Type": "Nested Loop", "Parent Relationship": "Outer", "Join Type": "Inner", "Startup Cost": 0.0, "Total Cost": 3403.72, "Plan Rows": 1, "Plan Width": 39, "Inner Unique": true, "Plans": [{"Node Type": "Nested Loop", "Parent Relationship": "Outer", "Join Type": "Inner", "Startup Cost": 0.0, "Total Cost": 3345.17, "Plan Rows": 202, "Plan Width": 28, "Inner Unique": false, "Plans": [{"Node Type": "Nested Loop", "Parent Relationship": "Outer", "Join Type": "Inner", "Startup Cost": 0.0, "Total Cost": 3319.92, "Plan Rows": 33, "Plan Width": 20, "Inner Unique": false, "Plans": [{"Node Type": "Index Scan", "Parent Relationship": "Outer", "Scan Direction": "Forward", "Index Name": "keyword_pkey", "Relation Name": "keyword", "Alias": "k", "Startup Cost": 0.0, "Total Cost": 3182.72, "Plan Rows": 1, "Plan Width": 20, "Filter": "((keyword)::text = 'marvel-cinematic-universe'::text)"}, {"Node Type": "Index Scan", "Parent Relationship": "Inner", "Scan Direction": "Forward", "Index Name": "keyword_id_movie_keyword", "Relation Name": "movie_keyword", "Alias": "mk", "Startup Cost": 0.0, "Total Cost": 136.88, "Plan Rows": 33, "Plan Width": 8, "Index Cond": "(keyword_id = k.id)"}]}, {"Node Type": "Index Scan", "Parent Relationship": "Inner", "Scan Direction": "Forward", "Index Name": "movie_id_cast_info", "Relation Name": "cast_info", "Alias": "ci", "Startup Cost": 0.0, "Total Cost": 0.7, "Plan Rows": 6, "Plan Width": 8, "Index Cond": "(movie_id = mk.movie_id)"}]}, {"Node Type": "Index Scan", "Parent Relationship": "Inner", "Scan Direction": "Forward", "Index Name": "name_pkey", "Relation Name": "name", "Alias": "n", "Startup Cost": 0.0, "Total Cost": 0.28, "Plan Rows": 1, "Plan Width": 19, "Index Cond": "(id = ci.person_id)", "Filter": "((name)::text ~~ '%Downey%Robert%'::text)"}]}, {"Node Type": "Index Scan", "Parent Relationship": "Inner", "Scan Direction": "Forward", "Index Name": "title_pkey", "Relation Name": "title", "Alias": "t", "Startup Cost": 0.0, "Total Cost": 0.28, "Plan Rows": 1, "Plan Width": 21, "Index Cond": "(id = ci.movie_id)", "Filter": "(production_year > 2010)"}]}]}, "Unique SQL Id": 4208751436, "Planner Runtime": 2}, "explain_analyze_plan": {"Plan": {"Node Type": "Aggregate", "Strategy": "Plain", "Startup Cost": 3404.02, "Total Cost": 3404.03, "Plan Rows": 1, "Plan Width": 144, "Actual Startup Time": 129.093, "Actual Total Time": 129.094, "Actual Rows": 1, "Actual Loops": 1, "Plans": [{"Node Type": "Nested Loop", "Parent Relationship": "Outer", "Join Type": "Inner", "Startup Cost": 0.0, "Total Cost": 3404.01, "Plan Rows": 1, "Plan Width": 48, "Actual Startup Time": 8.547, "Actual Total Time": 129.04, "Actual Rows": 6, "Actual Loops": 1, "Inner Unique": true, "Join Filter": "(mk.movie_id = t.id)", "Rows Removed by Join Filter": 0, "Plans": [{"Node Type": "Nested Loop", "Parent Relationship": "Outer", "Join Type": "Inner", "Startup Cost": 0.0, "Total Cost": 3403.72, "Plan Rows": 1, "Plan Width": 39, "Actual Startup Time": 8.53, "Actual Total Time": 128.988, "Actual Rows": 6, "Actual Loops": 1, "Inner Unique": true, "Plans": [{"Node Type": "Nested Loop", "Parent Relationship": "Outer", "Join Type": "Inner", "Startup Cost": 0.0, "Total Cost": 3345.17, "Plan Rows": 202, "Plan Width": 28, "Actual Startup Time": 6.99, "Actual Total Time": 122.056, "Actual Rows": 1242, "Actual Loops": 1, "Inner Unique": false, "Plans": [{"Node Type": "Nested Loop", "Parent Relationship": "Outer", "Join Type": "Inner", "Startup Cost": 0.0, "Total Cost": 3319.92, "Plan Rows": 33, "Plan Width": 20, "Actual Startup Time": 6.977, "Actual Total Time": 119.872, "Actual Rows": 14, "Actual Loops": 1, "Inner Unique": false, "Plans": [{"Node Type": "Index Scan", "Parent Relationship": "Outer", "Scan Direction": "Forward", "Index Name": "keyword_pkey", "Relation Name": "keyword", "Alias": "k", "Startup Cost": 0.0, "Total Cost": 3182.72, "Plan Rows": 1, "Plan Width": 20, "Actual Startup Time": 6.958, "Actual Total Time": 119.824, "Actual Rows": 1, "Actual Loops": 1, "Filter": "((keyword)::text = 'marvel-cinematic-universe'::text)", "Rows Removed by Filter": 134168}, {"Node Type": "Index Scan", "Parent Relationship": "Inner", "Scan Direction": "Forward", "Index Name": "keyword_id_movie_keyword", "Relation Name": "movie_keyword", "Alias": "mk", "Startup Cost": 0.0, "Total Cost": 136.88, "Plan Rows": 33, "Plan Width": 8, "Actual Startup Time": 0.012, "Actual Total Time": 0.032, "Actual Rows": 14, "Actual Loops": 1, "Index Cond": "(keyword_id = k.id)", "Rows Removed by Index Recheck": 0}]}, {"Node Type": "Index Scan", "Parent Relationship": "Inner", "Scan Direction": "Forward", "Index Name": "movie_id_cast_info", "Relation Name": "cast_info", "Alias": "ci", "Startup Cost": 0.0, "Total Cost": 0.7, "Plan Rows": 6, "Plan Width": 8, "Actual Startup Time": 0.158, "Actual Total Time": 1.852, "Actual Rows": 1242, "Actual Loops": 14, "Index Cond": "(movie_id = mk.movie_id)", "Rows Removed by Index Recheck": 0}]}, {"Node Type": "Index Scan", "Parent Relationship": "Inner", "Scan Direction": "Forward", "Index Name": "name_pkey", "Relation Name": "name", "Alias": "n", "Startup Cost": 0.0, "Total Cost": 0.28, "Plan Rows": 1, "Plan Width": 19, "Actual Startup Time": 6.301, "Actual Total Time": 6.301, "Actual Rows": 6, "Actual Loops": 1242, "Index Cond": "(id = ci.person_id)", "Rows Removed by Index Recheck": 0, "Filter": "((name)::text ~~ '%Downey%Robert%'::text)", "Rows Removed by Filter": 1236}]}, {"Node Type": "Index Scan", "Parent Relationship": "Inner", "Scan Direction": "Forward", "Index Name": "title_pkey", "Relation Name": "title", "Alias": "t", "Startup Cost": 0.0, "Total Cost": 0.28, "Plan Rows": 1, "Plan Width": 21, "Actual Startup Time": 0.038, "Actual Total Time": 0.038, "Actual Rows": 6, "Actual Loops": 6, "Index Cond": "(id = ci.movie_id)", "Rows Removed by Index Recheck": 0, "Filter": "(production_year > 2010)", "Rows Removed by Filter": 0}]}]}, "Triggers": [], "Planner Runtime": 8.278, "Total Runtime": 129.388, "Unique SQL Id": 4208751436}}, "(16, '62')": {"explain_plan": {"Plan": {"Node Type": "Aggregate", "Strategy": "Plain", "Startup Cost": 385221.74, "Total Cost": 385221.75, "Plan Rows": 1, "Plan Width": 144, "Plans": [{"Node Type": "Nested Loop", "Parent Relationship": "Outer", "Join Type": "Inner", "Startup Cost": 0.0, "Total Cost": 385221.73, "Plan Rows": 1, "Plan Width": 48, "Inner Unique": true, "Join Filter": "(mk.movie_id = t.id)", "Plans": [{"Node Type": "Nested Loop", "Parent Relationship": "Outer", "Join Type": "Inner", "Startup Cost": 0.0, "Total Cost": 352730.91, "Plan Rows": 1, "Plan Width": 39, "Inner Unique": false, "Join Filter": "(ci.person_id = n.id)", "Plans": [{"Node Type": "Streaming(type: LOCAL GATHER dop: 1/16)", "Parent Relationship": "Outer", "Startup Cost": 0.0, "Total Cost": 21477.12, "Plan Rows": 415, "Plan Width": 19, "Plans": [{"Node Type": "Seq Scan", "Parent Relationship": "Outer", "Relation Name": "name", "Alias": "n", "Startup Cost": 0.0, "Total Cost": 21468.16, "Plan Rows": 415, "Plan Width": 19, "Filter": "((name)::text ~~ '%Downey%Robert%'::text)"}]}, {"Node Type": "Materialize", "Parent Relationship": "Inner", "Startup Cost": 0.0, "Total Cost": 329996.85, "Plan Rows": 202, "Plan Width": 28, "Plans": [{"Node Type": "Streaming(type: LOCAL GATHER dop: 1/16)", "Parent Relationship": "Outer", "Startup Cost": 0.0, "Total Cost": 329995.84, "Plan Rows": 202, "Plan Width": 28, "Plans": [{"Node Type": "Nested Loop", "Parent Relationship": "Outer", "Join Type": "Inner", "Startup Cost": 0.0, "Total Cost": 329991.48, "Plan Rows": 202, "Plan Width": 28, "Inner Unique": false, "Join Filter": "(mk.movie_id = ci.movie_id)", "Plans": [{"Node Type": "Streaming(type: LOCAL REDISTRIBUTE dop: 16/16)", "Parent Relationship": "Outer", "Startup Cost": 0.0, "Total Cost": 205006.86, "Plan Rows": 36259494, "Plan Width": 8, "Plans": [{"Node Type": "Seq Scan", "Parent Relationship": "Outer", "Relation Name": "cast_info", "Alias": "ci", "Startup Cost": 0.0, "Total Cost": 52617.37, "Plan Rows": 36259494, "Plan Width": 8}]}, {"Node Type": "Materialize", "Parent Relationship": "Inner", "Startup Cost": 0.0, "Total Cost": 54873.49, "Plan Rows": 33, "Plan Width": 20, "Plans": [{"Node Type": "Streaming(type: LOCAL REDISTRIBUTE dop: 16/16)", "Parent Relationship": "Outer", "Startup Cost": 0.0, "Total Cost": 54873.48, "Plan Rows": 33, "Plan Width": 20, "Plans": [{"Node Type": "Nested Loop", "Parent Relationship": "Outer", "Join Type": "Inner", "Startup Cost": 0.0, "Total Cost": 39873.36, "Plan Rows": 33, "Plan Width": 20, "Inner Unique": false, "Join Filter": "(k.id = mk.keyword_id)", "Plans": [{"Node Type": "Streaming(type: BROADCAST dop: 16/1)", "Parent Relationship": "Outer", "Startup Cost": 0.0, "Total Cost": 17436.46, "Plan Rows": 16, "Plan Width": 20, "Plans": [{"Node Type": "Seq Scan", "Parent Relationship": "Outer", "Relation Name": "keyword", "Alias": "k", "Startup Cost": 0.0, "Total Cost": 2436.11, "Plan Rows": 1, "Plan Width": 20, "Filter": "((keyword)::text = 'marvel-cinematic-universe'::text)"}]}, {"Node Type": "Seq Scan", "Parent Relationship": "Inner", "Relation Name": "movie_keyword", "Alias": "mk", "Startup Cost": 0.0, "Total Cost": 18902.58, "Plan Rows": 4523929, "Plan Width": 8}]}]}]}]}]}]}]}, {"Node Type": "Materialize", "Parent Relationship": "Inner", "Startup Cost": 0.0, "Total Cost": 28576.3, "Plan Rows": 391451, "Plan Width": 21, "Plans": [{"Node Type": "Streaming(type: LOCAL GATHER dop: 1/16)", "Parent Relationship": "Outer", "Startup Cost": 0.0, "Total Cost": 27597.68, "Plan Rows": 391451, "Plan Width": 21, "Plans": [{"Node Type": "Seq Scan", "Parent Relationship": "Outer", "Relation Name": "title", "Alias": "t", "Startup Cost": 0.0, "Total Cost": 19149.37, "Plan Rows": 391451, "Plan Width": 21, "Filter": "(production_year > 2010), (LLVM Optimized)"}]}]}]}]}, "Unique SQL Id": 4208751436, "Planner Runtime": 2}, "explain_analyze_plan": null}, "(16, '63')": {"explain_plan": {"Plan": {"Node Type": "Aggregate", "Strategy": "Plain", "Startup Cost": 5000223041129.71, "Total Cost": 5000223041129.72, "Plan Rows": 1, "Plan Width": 144, "Plans": [{"Node Type": "Nested Loop", "Parent Relationship": "Outer", "Join Type": "Inner", "Startup Cost": 50000000000.0, "Total Cost": 5000223041129.7, "Plan Rows": 1, "Plan Width": 48, "Inner Unique": true, "Join Filter": "(mk.movie_id = t.id)", "Plans": [{"Node Type": "Nested Loop", "Parent Relationship": "Outer", "Join Type": "Inner", "Startup Cost": 40000000000.0, "Total Cost": 4000223041101.96, "Plan Rows": 1, "Plan Width": 39, "Inner Unique": true, "Join Filter": "(ci.person_id = n.id)", "Plans": [{"Node Type": "Nested Loop", "Parent Relationship": "Outer", "Join Type": "Inner", "Startup Cost": 30000000000.0, "Total Cost": 3000204374696.26, "Plan Rows": 202, "Plan Width": 28, "Inner Unique": false, "Join Filter": "(mk.movie_id = ci.movie_id)", "Plans": [{"Node Type": "Nested Loop", "Parent Relationship": "Outer", "Join Type": "Inner", "Startup Cost": 20000000000.0, "Total Cost": 2000015686764.79, "Plan Rows": 33, "Plan Width": 20, "Inner Unique": true, "Join Filter": "(k.id = mk.keyword_id)", "Plans": [{"Node Type": "Index Scan", "Parent Relationship": "Outer", "Scan Direction": "Forward", "Index Name": "movie_id_movie_keyword", "Relation Name": "movie_keyword", "Alias": "mk", "Startup Cost": 10000000000.0, "Total Cost": 1000015300634.17, "Plan Rows": 4523929, "Plan Width": 8}, {"Node Type": "Materialize", "Parent Relationship": "Inner", "Startup Cost": 10000000000.0, "Total Cost": 1000000318271.69, "Plan Rows": 1, "Plan Width": 20, "Plans": [{"Node Type": "Index Scan", "Parent Relationship": "Outer", "Scan Direction": "Forward", "Index Name": "keyword_pkey", "Relation Name": "keyword", "Alias": "k", "Startup Cost": 10000000000.0, "Total Cost": 1000000318271.68, "Plan Rows": 1, "Plan Width": 20, "Filter": "((keyword)::text = 'marvel-cinematic-universe'::text)"}]}]}, {"Node Type": "Materialize", "Parent Relationship": "Inner", "Startup Cost": 10000000000.0, "Total Cost": 1000170830130.68, "Plan Rows": 36259494, "Plan Width": 8, "Plans": [{"Node Type": "Index Scan", "Parent Relationship": "Outer", "Scan Direction": "Forward", "Index Name": "person_id_cast_info", "Relation Name": "cast_info", "Alias": "ci", "Startup Cost": 10000000000.0, "Total Cost": 1000170648833.21, "Plan Rows": 36259494, "Plan Width": 8}]}]}, {"Node Type": "Materialize", "Parent Relationship": "Inner", "Startup Cost": 10000000000.0, "Total Cost": 1000018665149.28, "Plan Rows": 415, "Plan Width": 19, "Plans": [{"Node Type": "Index Scan", "Parent Relationship": "Outer", "Scan Direction": "Forward", "Index Name": "name_pkey", "Relation Name": "name", "Alias": "n", "Startup Cost": 10000000000.0, "Total Cost": 1000018665147.2, "Plan Rows": 415, "Plan Width": 19, "Filter": "((name)::text ~~ '%Downey%Robert%'::text)"}]}]}, {"Node Type": "Index Scan", "Parent Relationship": "Inner", "Scan Direction": "Forward", "Index Name": "title_pkey", "Relation Name": "title", "Alias": "t", "Startup Cost": 10000000000.0, "Total Cost": 1000000000027.74, "Plan Rows": 1, "Plan Width": 21, "Index Cond": "(id = ci.movie_id)", "Filter": "(production_year > 2010)"}]}]}, "Unique SQL Id": 4208751436, "Planner Runtime": 1}, "explain_analyze_plan": null}, "(16, '64')": {"explain_plan": {"Plan": {"Node Type": "Aggregate", "Strategy": "Plain", "Startup Cost": 2653.12, "Total Cost": 2653.13, "Plan Rows": 1, "Plan Width": 144, "Plans": [{"Node Type": "Nested Loop", "Parent Relationship": "Outer", "Join Type": "Inner", "Startup Cost": 4.51, "Total Cost": 2653.12, "Plan Rows": 1, "Plan Width": 48, "Inner Unique": true, "Join Filter": "(mk.movie_id = t.id)", "Plans": [{"Node Type": "Nested Loop", "Parent Relationship": "Outer", "Join Type": "Inner", "Startup Cost": 4.51, "Total Cost": 2652.83, "Plan Rows": 1, "Plan Width": 39, "Inner Unique": true, "Plans": [{"Node Type": "Nested Loop", "Parent Relationship": "Outer", "Join Type": "Inner", "Startup Cost": 4.51, "Total Cost": 2594.27, "Plan Rows": 202, "Plan Width": 28, "Inner Unique": false, "Plans": [{"Node Type": "Nested Loop", "Parent Relationship": "Outer", "Join Type": "Inner", "Startup Cost": 4.51, "Total Cost": 2569.02, "Plan Rows": 33, "Plan Width": 20, "Inner Unique": false, "Plans": [{"Node Type": "Seq Scan", "Parent Relationship": "Outer", "Relation Name": "keyword", "Alias": "k", "Startup Cost": 0.0, "Total Cost": 2436.11, "Plan Rows": 1, "Plan Width": 20, "Filter": "((keyword)::text = 'marvel-cinematic-universe'::text)"}, {"Node Type": "Bitmap Heap Scan", "Parent Relationship": "Inner", "Relation Name": "movie_keyword", "Alias": "mk", "Startup Cost": 4.51, "Total Cost": 132.58, "Plan Rows": 33, "Plan Width": 8, "Recheck Cond": "(keyword_id = k.id)", "Plans": [{"Node Type": "Bitmap Index Scan", "Parent Relationship": "Outer", "Index Name": "keyword_id_movie_keyword", "Startup Cost": 0.0, "Total Cost": 4.5, "Plan Rows": 33, "Plan Width": 0, "Index Cond": "(keyword_id = k.id)"}]}]}, {"Node Type": "Index Scan", "Parent Relationship": "Inner", "Scan Direction": "Forward", "Index Name": "movie_id_cast_info", "Relation Name": "cast_info", "Alias": "ci", "Startup Cost": 0.0, "Total Cost": 0.7, "Plan Rows": 6, "Plan Width": 8, "Index Cond": "(movie_id = mk.movie_id)"}]}, {"Node Type": "Index Scan", "Parent Relationship": "Inner", "Scan Direction": "Forward", "Index Name": "name_pkey", "Relation Name": "name", "Alias": "n", "Startup Cost": 0.0, "Total Cost": 0.28, "Plan Rows": 1, "Plan Width": 19, "Index Cond": "(id = ci.person_id)", "Filter": "((name)::text ~~ '%Downey%Robert%'::text)"}]}, {"Node Type": "Index Scan", "Parent Relationship": "Inner", "Scan Direction": "Forward", "Index Name": "title_pkey", "Relation Name": "title", "Alias": "t", "Startup Cost": 0.0, "Total Cost": 0.28, "Plan Rows": 1, "Plan Width": 21, "Index Cond": "(id = ci.movie_id)", "Filter": "(production_year > 2010)"}]}]}, "Unique SQL Id": 4208751436, "Planner Runtime": 8}, "explain_analyze_plan": {"Plan": {"Node Type": "Aggregate", "Strategy": "Plain", "Startup Cost": 2653.12, "Total Cost": 2653.13, "Plan Rows": 1, "Plan Width": 144, "Actual Startup Time": 49.672, "Actual Total Time": 49.672, "Actual Rows": 1, "Actual Loops": 1, "Plans": [{"Node Type": "Nested Loop", "Parent Relationship": "Outer", "Join Type": "Inner", "Startup Cost": 4.51, "Total Cost": 2653.12, "Plan Rows": 1, "Plan Width": 48, "Actual Startup Time": 2.684, "Actual Total Time": 49.638, "Actual Rows": 6, "Actual Loops": 1, "Inner Unique": true, "Join Filter": "(mk.movie_id = t.id)", "Rows Removed by Join Filter": 0, "Plans": [{"Node Type": "Nested Loop", "Parent Relationship": "Outer", "Join Type": "Inner", "Startup Cost": 4.51, "Total Cost": 2652.83, "Plan Rows": 1, "Plan Width": 39, "Actual Startup Time": 2.651, "Actual Total Time": 49.565, "Actual Rows": 6, "Actual Loops": 1, "Inner Unique": true, "Plans": [{"Node Type": "Nested Loop", "Parent Relationship": "Outer", "Join Type": "Inner", "Startup Cost": 4.51, "Total Cost": 2594.27, "Plan Rows": 202, "Plan Width": 28, "Actual Startup Time": 1.11, "Actual Total Time": 42.722, "Actual Rows": 1242, "Actual Loops": 1, "Inner Unique": false, "Plans": [{"Node Type": "Nested Loop", "Parent Relationship": "Outer", "Join Type": "Inner", "Startup Cost": 4.51, "Total Cost": 2569.02, "Plan Rows": 33, "Plan Width": 20, "Actual Startup Time": 1.094, "Actual Total Time": 40.566, "Actual Rows": 14, "Actual Loops": 1, "Inner Unique": false, "Plans": [{"Node Type": "Seq Scan", "Parent Relationship": "Outer", "Relation Name": "keyword", "Alias": "k", "Startup Cost": 0.0, "Total Cost": 2436.11, "Plan Rows": 1, "Plan Width": 20, "Actual Startup Time": 1.054, "Actual Total Time": 40.487, "Actual Rows": 1, "Actual Loops": 1, "Filter": "((keyword)::text = 'marvel-cinematic-universe'::text)", "Rows Removed by Filter": 134168}, {"Node Type": "Bitmap Heap Scan", "Parent Relationship": "Inner", "Relation Name": "movie_keyword", "Alias": "mk", "Startup Cost": 4.51, "Total Cost": 132.58, "Plan Rows": 33, "Plan Width": 8, "Actual Startup Time": 0.033, "Actual Total Time": 0.066, "Actual Rows": 14, "Actual Loops": 1, "Recheck Cond": "(keyword_id = k.id)", "Rows Removed by Index Recheck": 0, "Exact Heap Blocks": 13, "Lossy Heap Blocks": 13, "Plans": [{"Node Type": "Bitmap Index Scan", "Parent Relationship": "Outer", "Index Name": "keyword_id_movie_keyword", "Startup Cost": 0.0, "Total Cost": 4.5, "Plan Rows": 33, "Plan Width": 0, "Actual Startup Time": 0.019, "Actual Total Time": 0.019, "Actual Rows": 14, "Actual Loops": 1, "Index Cond": "(keyword_id = k.id)"}]}]}, {"Node Type": "Index Scan", "Parent Relationship": "Inner", "Scan Direction": "Forward", "Index Name": "movie_id_cast_info", "Relation Name": "cast_info", "Alias": "ci", "Startup Cost": 0.0, "Total Cost": 0.7, "Plan Rows": 6, "Plan Width": 8, "Actual Startup Time": 0.166, "Actual Total Time": 1.857, "Actual Rows": 1242, "Actual Loops": 14, "Index Cond": "(movie_id = mk.movie_id)", "Rows Removed by Index Recheck": 0}]}, {"Node Type": "Index Scan", "Parent Relationship": "Inner", "Scan Direction": "Forward", "Index Name": "name_pkey", "Relation Name": "name", "Alias": "n", "Startup Cost": 0.0, "Total Cost": 0.28, "Plan Rows": 1, "Plan Width": 19, "Actual Startup Time": 6.233, "Actual Total Time": 6.233, "Actual Rows": 6, "Actual Loops": 1242, "Index Cond": "(id = ci.person_id)", "Rows Removed by Index Recheck": 0, "Filter": "((name)::text ~~ '%Downey%Robert%'::text)", "Rows Removed by Filter": 1236}]}, {"Node Type": "Index Scan", "Parent Relationship": "Inner", "Scan Direction": "Forward", "Index Name": "title_pkey", "Relation Name": "title", "Alias": "t", "Startup Cost": 0.0, "Total Cost": 0.28, "Plan Rows": 1, "Plan Width": 21, "Actual Startup Time": 0.047, "Actual Total Time": 0.047, "Actual Rows": 6, "Actual Loops": 6, "Index Cond": "(id = ci.movie_id)", "Rows Removed by Index Recheck": 0, "Filter": "(production_year > 2010)", "Rows Removed by Filter": 0}]}]}, "Triggers": [], "Planner Runtime": 8.753, "Total Runtime": 49.979, "Unique SQL Id": 4208751436}}, "(16, '65')": {"explain_plan": {"Plan": {"Node Type": "Aggregate", "Strategy": "Plain", "Startup Cost": 3418.58, "Total Cost": 3418.59, "Plan Rows": 1, "Plan Width": 144, "Plans": [{"Node Type": "Nested Loop", "Parent Relationship": "Outer", "Join Type": "Inner", "Startup Cost": 4.51, "Total Cost": 3417.51, "Plan Rows": 143, "Plan Width": 48, "Inner Unique": true, "Plans": [{"Node Type": "Nested Loop", "Parent Relationship": "Outer", "Join Type": "Inner", "Startup Cost": 4.51, "Total Cost": 3354.32, "Plan Rows": 218, "Plan Width": 37, "Inner Unique": false, "Join Filter": "(t.id = ci.movie_id)", "Plans": [{"Node Type": "Nested Loop", "Parent Relationship": "Outer", "Join Type": "Inner", "Startup Cost": 4.51, "Total Cost": 3326.24, "Plan Rows": 36, "Plan Width": 41, "Inner Unique": true, "Plans": [{"Node Type": "Nested Loop", "Parent Relationship": "Outer", "Join Type": "Inner", "Startup Cost": 4.51, "Total Cost": 3315.63, "Plan Rows": 33, "Plan Width": 20, "Inner Unique": false, "Plans": [{"Node Type": "Index Scan", "Parent Relationship": "Outer", "Scan Direction": "Forward", "Index Name": "keyword_pkey", "Relation Name": "keyword", "Alias": "k", "Startup Cost": 0.0, "Total Cost": 3182.72, "Plan Rows": 1, "Plan Width": 20, "Filter": "((keyword)::text = 'marvel-cinematic-universe'::text)"}, {"Node Type": "Bitmap Heap Scan", "Parent Relationship": "Inner", "Relation Name": "movie_keyword", "Alias": "mk", "Startup Cost": 4.51, "Total Cost": 132.58, "Plan Rows": 33, "Plan Width": 8, "Recheck Cond": "(keyword_id = k.id)", "Plans": [{"Node Type": "Bitmap Index Scan", "Parent Relationship": "Outer", "Index Name": "keyword_id_movie_keyword", "Startup Cost": 0.0, "Total Cost": 4.5, "Plan Rows": 33, "Plan Width": 0, "Index Cond": "(keyword_id = k.id)"}]}]}, {"Node Type": "Index Scan", "Parent Relationship": "Inner", "Scan Direction": "Forward", "Index Name": "title_pkey", "Relation Name": "title", "Alias": "t", "Startup Cost": 0.0, "Total Cost": 0.31, "Plan Rows": 1, "Plan Width": 21, "Index Cond": "(id = mk.movie_id)", "Filter": "(production_year > 2010)"}]}, {"Node Type": "Index Scan", "Parent Relationship": "Inner", "Scan Direction": "Forward", "Index Name": "movie_id_cast_info", "Relation Name": "cast_info", "Alias": "ci", "Startup Cost": 0.0, "Total Cost": 0.7, "Plan Rows": 6, "Plan Width": 8, "Index Cond": "(movie_id = mk.movie_id)"}]}, {"Node Type": "Index Scan", "Parent Relationship": "Inner", "Scan Direction": "Forward", "Index Name": "name_pkey", "Relation Name": "name", "Alias": "n", "Startup Cost": 0.0, "Total Cost": 0.28, "Plan Rows": 1, "Plan Width": 19, "Index Cond": "(id = ci.person_id)", "Filter": "((name)::text ~~ '%Downey%Robert%'::text)"}]}]}, "Unique SQL Id": 4208751436, "Planner Runtime": 10}, "explain_analyze_plan": {"Plan": {"Node Type": "Aggregate", "Strategy": "Plain", "Startup Cost": 3418.58, "Total Cost": 3418.59, "Plan Rows": 1, "Plan Width": 144, "Actual Startup Time": 123.665, "Actual Total Time": 123.666, "Actual Rows": 1, "Actual Loops": 1, "Plans": [{"Node Type": "Nested Loop", "Parent Relationship": "Outer", "Join Type": "Inner", "Startup Cost": 4.51, "Total Cost": 3417.51, "Plan Rows": 143, "Plan Width": 48, "Actual Startup Time": 8.653, "Actual Total Time": 123.629, "Actual Rows": 6, "Actual Loops": 1, "Inner Unique": true, "Plans": [{"Node Type": "Nested Loop", "Parent Relationship": "Outer", "Join Type": "Inner", "Startup Cost": 4.51, "Total Cost": 3354.32, "Plan Rows": 218, "Plan Width": 37, "Actual Startup Time": 7.003, "Actual Total Time": 116.075, "Actual Rows": 1224, "Actual Loops": 1, "Inner Unique": false, "Join Filter": "(t.id = ci.movie_id)", "Rows Removed by Join Filter": 0, "Plans": [{"Node Type": "Nested Loop", "Parent Relationship": "Outer", "Join Type": "Inner", "Startup Cost": 4.51, "Total Cost": 3326.24, "Plan Rows": 36, "Plan Width": 41, "Actual Startup Time": 6.987, "Actual Total Time": 113.724, "Actual Rows": 11, "Actual Loops": 1, "Inner Unique": true, "Plans": [{"Node Type": "Nested Loop", "Parent Relationship": "Outer", "Join Type": "Inner", "Startup Cost": 4.51, "Total Cost": 3315.63, "Plan Rows": 33, "Plan Width": 20, "Actual Startup Time": 6.971, "Actual Total Time": 113.606, "Actual Rows": 14, "Actual Loops": 1, "Inner Unique": false, "Plans": [{"Node Type": "Index Scan", "Parent Relationship": "Outer", "Scan Direction": "Forward", "Index Name": "keyword_pkey", "Relation Name": "keyword", "Alias": "k", "Startup Cost": 0.0, "Total Cost": 3182.72, "Plan Rows": 1, "Plan Width": 20, "Actual Startup Time": 6.929, "Actual Total Time": 113.522, "Actual Rows": 1, "Actual Loops": 1, "Filter": "((keyword)::text = 'marvel-cinematic-universe'::text)", "Rows Removed by Filter": 134168}, {"Node Type": "Bitmap Heap Scan", "Parent Relationship": "Inner", "Relation Name": "movie_keyword", "Alias": "mk", "Startup Cost": 4.51, "Total Cost": 132.58, "Plan Rows": 33, "Plan Width": 8, "Actual Startup Time": 0.033, "Actual Total Time": 0.069, "Actual Rows": 14, "Actual Loops": 1, "Recheck Cond": "(keyword_id = k.id)", "Rows Removed by Index Recheck": 0, "Exact Heap Blocks": 13, "Lossy Heap Blocks": 13, "Plans": [{"Node Type": "Bitmap Index Scan", "Parent Relationship": "Outer", "Index Name": "keyword_id_movie_keyword", "Startup Cost": 0.0, "Total Cost": 4.5, "Plan Rows": 33, "Plan Width": 0, "Actual Startup Time": 0.019, "Actual Total Time": 0.019, "Actual Rows": 14, "Actual Loops": 1, "Index Cond": "(keyword_id = k.id)"}]}]}, {"Node Type": "Index Scan", "Parent Relationship": "Inner", "Scan Direction": "Forward", "Index Name": "title_pkey", "Relation Name": "title", "Alias": "t", "Startup Cost": 0.0, "Total Cost": 0.31, "Plan Rows": 1, "Plan Width": 21, "Actual Startup Time": 0.098, "Actual Total Time": 0.098, "Actual Rows": 11, "Actual Loops": 14, "Index Cond": "(id = mk.movie_id)", "Rows Removed by Index Recheck": 0, "Filter": "(production_year > 2010)", "Rows Removed by Filter": 3}]}, {"Node Type": "Index Scan", "Parent Relationship": "Inner", "Scan Direction": "Forward", "Index Name": "movie_id_cast_info", "Relation Name": "cast_info", "Alias": "ci", "Startup Cost": 0.0, "Total Cost": 0.7, "Plan Rows": 6, "Plan Width": 8, "Actual Startup Time": 0.145, "Actual Total Time": 1.872, "Actual Rows": 1224, "Actual Loops": 11, "Index Cond": "(movie_id = mk.movie_id)", "Rows Removed by Index Recheck": 0}]}, {"Node Type": "Index Scan", "Parent Relationship": "Inner", "Scan Direction": "Forward", "Index Name": "name_pkey", "Relation Name": "name", "Alias": "n", "Startup Cost": 0.0, "Total Cost": 0.28, "Plan Rows": 1, "Plan Width": 19, "Actual Startup Time": 6.339, "Actual Total Time": 6.339, "Actual Rows": 6, "Actual Loops": 1224, "Index Cond": "(id = ci.person_id)", "Rows Removed by Index Recheck": 0, "Filter": "((name)::text ~~ '%Downey%Robert%'::text)", "Rows Removed by Filter": 1218}]}]}, "Triggers": [], "Planner Runtime": 10.03, "Total Runtime": 123.994, "Unique SQL Id": 4208751436}}, "(16, '66')": {"explain_plan": {"Plan": {"Node Type": "Aggregate", "Strategy": "Plain", "Startup Cost": 3810.23, "Total Cost": 3810.24, "Plan Rows": 1, "Plan Width": 144, "Plans": [{"Node Type": "Nested Loop", "Parent Relationship": "Outer", "Join Type": "Inner", "Startup Cost": 5.45, "Total Cost": 3809.16, "Plan Rows": 143, "Plan Width": 48, "Inner Unique": true, "Plans": [{"Node Type": "Nested Loop", "Parent Relationship": "Outer", "Join Type": "Inner", "Startup Cost": 5.19, "Total Cost": 2875.14, "Plan Rows": 218, "Plan Width": 37, "Inner Unique": false, "Join Filter": "(t.id = ci.movie_id)", "Plans": [{"Node Type": "Nested Loop", "Parent Relationship": "Outer", "Join Type": "Inner", "Startup Cost": 4.77, "Total Cost": 2710.63, "Plan Rows": 36, "Plan Width": 41, "Inner Unique": true, "Plans": [{"Node Type": "Nested Loop", "Parent Relationship": "Outer", "Join Type": "Inner", "Startup Cost": 4.51, "Total Cost": 2569.02, "Plan Rows": 33, "Plan Width": 20, "Inner Unique": false, "Plans": [{"Node Type": "Seq Scan", "Parent Relationship": "Outer", "Relation Name": "keyword", "Alias": "k", "Startup Cost": 0.0, "Total Cost": 2436.11, "Plan Rows": 1, "Plan Width": 20, "Filter": "((keyword)::text = 'marvel-cinematic-universe'::text)"}, {"Node Type": "Bitmap Heap Scan", "Parent Relationship": "Inner", "Relation Name": "movie_keyword", "Alias": "mk", "Startup Cost": 4.51, "Total Cost": 132.58, "Plan Rows": 33, "Plan Width": 8, "Recheck Cond": "(keyword_id = k.id)", "Plans": [{"Node Type": "Bitmap Index Scan", "Parent Relationship": "Outer", "Index Name": "keyword_id_movie_keyword", "Startup Cost": 0.0, "Total Cost": 4.5, "Plan Rows": 33, "Plan Width": 0, "Index Cond": "(keyword_id = k.id)"}]}]}, {"Node Type": "Bitmap Heap Scan", "Parent Relationship": "Inner", "Relation Name": "title", "Alias": "t", "Startup Cost": 0.27, "Total Cost": 4.28, "Plan Rows": 1, "Plan Width": 21, "Recheck Cond": "(id = mk.movie_id)", "Filter": "(production_year > 2010)", "Plans": [{"Node Type": "Bitmap Index Scan", "Parent Relationship": "Outer", "Index Name": "title_pkey", "Startup Cost": 0.0, "Total Cost": 0.27, "Plan Rows": 1, "Plan Width": 0, "Index Cond": "(id = mk.movie_id)"}]}]}, {"Node Type": "Bitmap Heap Scan", "Parent Relationship": "Inner", "Relation Name": "cast_info", "Alias": "ci", "Startup Cost": 0.42, "Total Cost": 4.49, "Plan Rows": 6, "Plan Width": 8, "Recheck Cond": "(movie_id = mk.movie_id)", "Plans": [{"Node Type": "Bitmap Index Scan", "Parent Relationship": "Outer", "Index Name": "movie_id_cast_info", "Startup Cost": 0.0, "Total Cost": 0.42, "Plan Rows": 6, "Plan Width": 0, "Index Cond": "(movie_id = mk.movie_id)"}]}]}, {"Node Type": "Bitmap Heap Scan", "Parent Relationship": "Inner", "Relation Name": "name", "Alias": "n", "Startup Cost": 0.26, "Total Cost": 4.27, "Plan Rows": 1, "Plan Width": 19, "Recheck Cond": "(id = ci.person_id)", "Filter": "((name)::text ~~ '%Downey%Robert%'::text)", "Plans": [{"Node Type": "Bitmap Index Scan", "Parent Relationship": "Outer", "Index Name": "name_pkey", "Startup Cost": 0.0, "Total Cost": 0.26, "Plan Rows": 1, "Plan Width": 0, "Index Cond": "(id = ci.person_id)"}]}]}]}, "Unique SQL Id": 4208751436, "Planner Runtime": 13}, "explain_analyze_plan": {"Plan": {"Node Type": "Aggregate", "Strategy": "Plain", "Startup Cost": 3810.23, "Total Cost": 3810.24, "Plan Rows": 1, "Plan Width": 144, "Actual Startup Time": 53.114, "Actual Total Time": 53.114, "Actual Rows": 1, "Actual Loops": 1, "Plans": [{"Node Type": "Nested Loop", "Parent Relationship": "Outer", "Join Type": "Inner", "Startup Cost": 5.45, "Total Cost": 3809.16, "Plan Rows": 143, "Plan Width": 48, "Actual Startup Time": 3.683, "Actual Total Time": 53.075, "Actual Rows": 6, "Actual Loops": 1, "Inner Unique": true, "Plans": [{"Node Type": "Nested Loop", "Parent Relationship": "Outer", "Join Type": "Inner", "Startup Cost": 5.19, "Total Cost": 2875.14, "Plan Rows": 218, "Plan Width": 37, "Actual Startup Time": 1.272, "Actual Total Time": 44.468, "Actual Rows": 1224, "Actual Loops": 1, "Inner Unique": false, "Join Filter": "(t.id = ci.movie_id)", "Rows Removed by Join Filter": 0, "Plans": [{"Node Type": "Nested Loop", "Parent Relationship": "Outer", "Join Type": "Inner", "Startup Cost": 4.77, "Total Cost": 2710.63, "Plan Rows": 36, "Plan Width": 41, "Actual Startup Time": 1.234, "Actual Total Time": 41.314, "Actual Rows": 11, "Actual Loops": 1, "Inner Unique": true, "Plans": [{"Node Type": "Nested Loop", "Parent Relationship": "Outer", "Join Type": "Inner", "Startup Cost": 4.51, "Total Cost": 2569.02, "Plan Rows": 33, "Plan Width": 20, "Actual Startup Time": 1.105, "Actual Total Time": 40.546, "Actual Rows": 14, "Actual Loops": 1, "Inner Unique": false, "Plans": [{"Node Type": "Seq Scan", "Parent Relationship": "Outer", "Relation Name": "keyword", "Alias": "k", "Startup Cost": 0.0, "Total Cost": 2436.11, "Plan Rows": 1, "Plan Width": 20, "Actual Startup Time": 1.064, "Actual Total Time": 40.47, "Actual Rows": 1, "Actual Loops": 1, "Filter": "((keyword)::text = 'marvel-cinematic-universe'::text)", "Rows Removed by Filter": 134168}, {"Node Type": "Bitmap Heap Scan", "Parent Relationship": "Inner", "Relation Name": "movie_keyword", "Alias": "mk", "Startup Cost": 4.51, "Total Cost": 132.58, "Plan Rows": 33, "Plan Width": 8, "Actual Startup Time": 0.033, "Actual Total Time": 0.059, "Actual Rows": 14, "Actual Loops": 1, "Recheck Cond": "(keyword_id = k.id)", "Rows Removed by Index Recheck": 0, "Exact Heap Blocks": 13, "Lossy Heap Blocks": 13, "Plans": [{"Node Type": "Bitmap Index Scan", "Parent Relationship": "Outer", "Index Name": "keyword_id_movie_keyword", "Startup Cost": 0.0, "Total Cost": 4.5, "Plan Rows": 33, "Plan Width": 0, "Actual Startup Time": 0.019, "Actual Total Time": 0.019, "Actual Rows": 14, "Actual Loops": 1, "Index Cond": "(keyword_id = k.id)"}]}]}, {"Node Type": "Bitmap Heap Scan", "Parent Relationship": "Inner", "Relation Name": "title", "Alias": "t", "Startup Cost": 0.27, "Total Cost": 4.28, "Plan Rows": 1, "Plan Width": 21, "Actual Startup Time": 0.736, "Actual Total Time": 0.736, "Actual Rows": 11, "Actual Loops": 14, "Recheck Cond": "(id = mk.movie_id)", "Rows Removed by Index Recheck": 0, "Filter": "(production_year > 2010)", "Rows Removed by Filter": 3, "Exact Heap Blocks": 14, "Lossy Heap Blocks": 14, "Plans": [{"Node Type": "Bitmap Index Scan", "Parent Relationship": "Outer", "Index Name": "title_pkey", "Startup Cost": 0.0, "Total Cost": 0.27, "Plan Rows": 1, "Plan Width": 0, "Actual Startup Time": 0.426, "Actual Total Time": 0.426, "Actual Rows": 14, "Actual Loops": 14, "Index Cond": "(id = mk.movie_id)"}]}]}, {"Node Type": "Bitmap Heap Scan", "Parent Relationship": "Inner", "Relation Name": "cast_info", "Alias": "ci", "Startup Cost": 0.42, "Total Cost": 4.49, "Plan Rows": 6, "Plan Width": 8, "Actual Startup Time": 0.609, "Actual Total Time": 2.58, "Actual Rows": 1224, "Actual Loops": 11, "Recheck Cond": "(movie_id = mk.movie_id)", "Rows Removed by Index Recheck": 0, "Exact Heap Blocks": 1166, "Lossy Heap Blocks": 1166, "Plans": [{"Node Type": "Bitmap Index Scan", "Parent Relationship": "Outer", "Index Name": "movie_id_cast_info", "Startup Cost": 0.0, "Total Cost": 0.42, "Plan Rows": 6, "Plan Width": 0, "Actual Startup Time": 0.383, "Actual Total Time": 0.383, "Actual Rows": 1224, "Actual Loops": 11, "Index Cond": "(movie_id = mk.movie_id)"}]}]}, {"Node Type": "Bitmap Heap Scan", "Parent Relationship": "Inner", "Relation Name": "name", "Alias": "n", "Startup Cost": 0.26, "Total Cost": 4.27, "Plan Rows": 1, "Plan Width": 19, "Actual Startup Time": 7.233, "Actual Total Time": 7.233, "Actual Rows": 6, "Actual Loops": 1224, "Recheck Cond": "(id = ci.person_id)", "Rows Removed by Index Recheck": 0, "Filter": "((name)::text ~~ '%Downey%Robert%'::text)", "Rows Removed by Filter": 1218, "Exact Heap Blocks": 1224, "Lossy Heap Blocks": 1224, "Plans": [{"Node Type": "Bitmap Index Scan", "Parent Relationship": "Outer", "Index Name": "name_pkey", "Startup Cost": 0.0, "Total Cost": 0.26, "Plan Rows": 1, "Plan Width": 0, "Actual Startup Time": 4.403, "Actual Total Time": 4.403, "Actual Rows": 1224, "Actual Loops": 1224, "Index Cond": "(id = ci.person_id)"}]}]}]}, "Triggers": [], "Planner Runtime": 12.374, "Total Runtime": 53.382, "Unique SQL Id": 4208751436}}, "(16, '67')": {"explain_plan": {"Plan": {"Node Type": "Aggregate", "Strategy": "Plain", "Startup Cost": 4529.32, "Total Cost": 4529.33, "Plan Rows": 1, "Plan Width": 144, "Plans": [{"Node Type": "Nested Loop", "Parent Relationship": "Outer", "Join Type": "Inner", "Startup Cost": 724.55, "Total Cost": 4528.25, "Plan Rows": 143, "Plan Width": 48, "Inner Unique": true, "Plans": [{"Node Type": "Nested Loop", "Parent Relationship": "Outer", "Join Type": "Inner", "Startup Cost": 724.29, "Total Cost": 3594.24, "Plan Rows": 218, "Plan Width": 37, "Inner Unique": false, "Join Filter": "(t.id = ci.movie_id)", "Plans": [{"Node Type": "Nested Loop", "Parent Relationship": "Outer", "Join Type": "Inner", "Startup Cost": 723.87, "Total Cost": 3429.72, "Plan Rows": 36, "Plan Width": 41, "Inner Unique": true, "Plans": [{"Node Type": "Nested Loop", "Parent Relationship": "Outer", "Join Type": "Inner", "Startup Cost": 723.6, "Total Cost": 3288.12, "Plan Rows": 33, "Plan Width": 20, "Inner Unique": false, "Plans": [{"Node Type": "Bitmap Heap Scan", "Parent Relationship": "Outer", "Relation Name": "keyword", "Alias": "k", "Startup Cost": 719.1, "Total Cost": 3155.21, "Plan Rows": 1, "Plan Width": 20, "Filter": "((keyword)::text = 'marvel-cinematic-universe'::text)", "Plans": [{"Node Type": "Bitmap Index Scan", "Parent Relationship": "Outer", "Index Name": "keyword_pkey", "Startup Cost": 0.0, "Total Cost": 719.1, "Plan Rows": 134169, "Plan Width": 0}]}, {"Node Type": "Bitmap Heap Scan", "Parent Relationship": "Inner", "Relation Name": "movie_keyword", "Alias": "mk", "Startup Cost": 4.51, "Total Cost": 132.58, "Plan Rows": 33, "Plan Width": 8, "Recheck Cond": "(keyword_id = k.id)", "Plans": [{"Node Type": "Bitmap Index Scan", "Parent Relationship": "Outer", "Index Name": "keyword_id_movie_keyword", "Startup Cost": 0.0, "Total Cost": 4.5, "Plan Rows": 33, "Plan Width": 0, "Index Cond": "(keyword_id = k.id)"}]}]}, {"Node Type": "Bitmap Heap Scan", "Parent Relationship": "Inner", "Relation Name": "title", "Alias": "t", "Startup Cost": 0.27, "Total Cost": 4.28, "Plan Rows": 1, "Plan Width": 21, "Recheck Cond": "(id = mk.movie_id)", "Filter": "(production_year > 2010)", "Plans": [{"Node Type": "Bitmap Index Scan", "Parent Relationship": "Outer", "Index Name": "title_pkey", "Startup Cost": 0.0, "Total Cost": 0.27, "Plan Rows": 1, "Plan Width": 0, "Index Cond": "(id = mk.movie_id)"}]}]}, {"Node Type": "Bitmap Heap Scan", "Parent Relationship": "Inner", "Relation Name": "cast_info", "Alias": "ci", "Startup Cost": 0.42, "Total Cost": 4.49, "Plan Rows": 6, "Plan Width": 8, "Recheck Cond": "(movie_id = mk.movie_id)", "Plans": [{"Node Type": "Bitmap Index Scan", "Parent Relationship": "Outer", "Index Name": "movie_id_cast_info", "Startup Cost": 0.0, "Total Cost": 0.42, "Plan Rows": 6, "Plan Width": 0, "Index Cond": "(movie_id = mk.movie_id)"}]}]}, {"Node Type": "Bitmap Heap Scan", "Parent Relationship": "Inner", "Relation Name": "name", "Alias": "n", "Startup Cost": 0.26, "Total Cost": 4.27, "Plan Rows": 1, "Plan Width": 19, "Recheck Cond": "(id = ci.person_id)", "Filter": "((name)::text ~~ '%Downey%Robert%'::text)", "Plans": [{"Node Type": "Bitmap Index Scan", "Parent Relationship": "Outer", "Index Name": "name_pkey", "Startup Cost": 0.0, "Total Cost": 0.26, "Plan Rows": 1, "Plan Width": 0, "Index Cond": "(id = ci.person_id)"}]}]}]}, "Unique SQL Id": 4208751436, "Planner Runtime": 6}, "explain_analyze_plan": {"Plan": {"Node Type": "Aggregate", "Strategy": "Plain", "Startup Cost": 4529.32, "Total Cost": 4529.33, "Plan Rows": 1, "Plan Width": 144, "Actual Startup Time": 72.661, "Actual Total Time": 72.661, "Actual Rows": 1, "Actual Loops": 1, "Plans": [{"Node Type": "Nested Loop", "Parent Relationship": "Outer", "Join Type": "Inner", "Startup Cost": 724.55, "Total Cost": 4528.25, "Plan Rows": 143, "Plan Width": 48, "Actual Startup Time": 14.187, "Actual Total Time": 72.625, "Actual Rows": 6, "Actual Loops": 1, "Inner Unique": true, "Plans": [{"Node Type": "Nested Loop", "Parent Relationship": "Outer", "Join Type": "Inner", "Startup Cost": 724.29, "Total Cost": 3594.24, "Plan Rows": 218, "Plan Width": 37, "Actual Startup Time": 12.089, "Actual Total Time": 64.002, "Actual Rows": 1224, "Actual Loops": 1, "Inner Unique": false, "Join Filter": "(t.id = ci.movie_id)", "Rows Removed by Join Filter": 0, "Plans": [{"Node Type": "Nested Loop", "Parent Relationship": "Outer", "Join Type": "Inner", "Startup Cost": 723.87, "Total Cost": 3429.72, "Plan Rows": 36, "Plan Width": 41, "Actual Startup Time": 12.062, "Actual Total Time": 60.973, "Actual Rows": 11, "Actual Loops": 1, "Inner Unique": true, "Plans": [{"Node Type": "Nested Loop", "Parent Relationship": "Outer", "Join Type": "Inner", "Startup Cost": 723.6, "Total Cost": 3288.12, "Plan Rows": 33, "Plan Width": 20, "Actual Startup Time": 12.043, "Actual Total Time": 60.833, "Actual Rows": 14, "Actual Loops": 1, "Inner Unique": false, "Plans": [{"Node Type": "Bitmap Heap Scan", "Parent Relationship": "Outer", "Relation Name": "keyword", "Alias": "k", "Startup Cost": 719.1, "Total Cost": 3155.21, "Plan Rows": 1, "Plan Width": 20, "Actual Startup Time": 12.006, "Actual Total Time": 60.762, "Actual Rows": 1, "Actual Loops": 1, "Filter": "((keyword)::text = 'marvel-cinematic-universe'::text)", "Rows Removed by Filter": 134168, "Exact Heap Blocks": 759, "Lossy Heap Blocks": 759, "Plans": [{"Node Type": "Bitmap Index Scan", "Parent Relationship": "Outer", "Index Name": "keyword_pkey", "Startup Cost": 0.0, "Total Cost": 719.1, "Plan Rows": 134169, "Plan Width": 0, "Actual Startup Time": 10.585, "Actual Total Time": 10.585, "Actual Rows": 134169, "Actual Loops": 1}]}, {"Node Type": "Bitmap Heap Scan", "Parent Relationship": "Inner", "Relation Name": "movie_keyword", "Alias": "mk", "Startup Cost": 4.51, "Total Cost": 132.58, "Plan Rows": 33, "Plan Width": 8, "Actual Startup Time": 0.026, "Actual Total Time": 0.054, "Actual Rows": 14, "Actual Loops": 1, "Recheck Cond": "(keyword_id = k.id)", "Rows Removed by Index Recheck": 0, "Exact Heap Blocks": 13, "Lossy Heap Blocks": 13, "Plans": [{"Node Type": "Bitmap Index Scan", "Parent Relationship": "Outer", "Index Name": "keyword_id_movie_keyword", "Startup Cost": 0.0, "Total Cost": 4.5, "Plan Rows": 33, "Plan Width": 0, "Actual Startup Time": 0.018, "Actual Total Time": 0.018, "Actual Rows": 14, "Actual Loops": 1, "Index Cond": "(keyword_id = k.id)"}]}]}, {"Node Type": "Bitmap Heap Scan", "Parent Relationship": "Inner", "Relation Name": "title", "Alias": "t", "Startup Cost": 0.27, "Total Cost": 4.28, "Plan Rows": 1, "Plan Width": 21, "Actual Startup Time": 0.113, "Actual Total Time": 0.113, "Actual Rows": 11, "Actual Loops": 14, "Recheck Cond": "(id = mk.movie_id)", "Rows Removed by Index Recheck": 0, "Filter": "(production_year > 2010)", "Rows Removed by Filter": 3, "Exact Heap Blocks": 14, "Lossy Heap Blocks": 14, "Plans": [{"Node Type": "Bitmap Index Scan", "Parent Relationship": "Outer", "Index Name": "title_pkey", "Startup Cost": 0.0, "Total Cost": 0.27, "Plan Rows": 1, "Plan Width": 0, "Actual Startup Time": 0.065, "Actual Total Time": 0.065, "Actual Rows": 14, "Actual Loops": 14, "Index Cond": "(id = mk.movie_id)"}]}]}, {"Node Type": "Bitmap Heap Scan", "Parent Relationship": "Inner", "Relation Name": "cast_info", "Alias": "ci", "Startup Cost": 0.42, "Total Cost": 4.49, "Plan Rows": 6, "Plan Width": 8, "Actual Startup Time": 0.561, "Actual Total Time": 2.548, "Actual Rows": 1224, "Actual Loops": 11, "Recheck Cond": "(movie_id = mk.movie_id)", "Rows Removed by Index Recheck": 0, "Exact Heap Blocks": 1166, "Lossy Heap Blocks": 1166, "Plans": [{"Node Type": "Bitmap Index Scan", "Parent Relationship": "Outer", "Index Name": "movie_id_cast_info", "Startup Cost": 0.0, "Total Cost": 0.42, "Plan Rows": 6, "Plan Width": 0, "Actual Startup Time": 0.352, "Actual Total Time": 0.352, "Actual Rows": 1224, "Actual Loops": 11, "Index Cond": "(movie_id = mk.movie_id)"}]}]}, {"Node Type": "Bitmap Heap Scan", "Parent Relationship": "Inner", "Relation Name": "name", "Alias": "n", "Startup Cost": 0.26, "Total Cost": 4.27, "Plan Rows": 1, "Plan Width": 19, "Actual Startup Time": 7.211, "Actual Total Time": 7.211, "Actual Rows": 6, "Actual Loops": 1224, "Recheck Cond": "(id = ci.person_id)", "Rows Removed by Index Recheck": 0, "Filter": "((name)::text ~~ '%Downey%Robert%'::text)", "Rows Removed by Filter": 1218, "Exact Heap Blocks": 1224, "Lossy Heap Blocks": 1224, "Plans": [{"Node Type": "Bitmap Index Scan", "Parent Relationship": "Outer", "Index Name": "name_pkey", "Startup Cost": 0.0, "Total Cost": 0.26, "Plan Rows": 1, "Plan Width": 0, "Actual Startup Time": 4.359, "Actual Total Time": 4.359, "Actual Rows": 1224, "Actual Loops": 1224, "Index Cond": "(id = ci.person_id)"}]}]}]}, "Triggers": [], "Planner Runtime": 6.386, "Total Runtime": 72.949, "Unique SQL Id": 4208751436}}, "(16, '68')": {"explain_plan": {"Plan": {"Node Type": "Aggregate", "Strategy": "Plain", "Startup Cost": 2653.12, "Total Cost": 2653.13, "Plan Rows": 1, "Plan Width": 144, "Plans": [{"Node Type": "Nested Loop", "Parent Relationship": "Outer", "Join Type": "Inner", "Startup Cost": 4.51, "Total Cost": 2653.12, "Plan Rows": 1, "Plan Width": 48, "Inner Unique": true, "Join Filter": "(mk.movie_id = t.id)", "Plans": [{"Node Type": "Nested Loop", "Parent Relationship": "Outer", "Join Type": "Inner", "Startup Cost": 4.51, "Total Cost": 2652.83, "Plan Rows": 1, "Plan Width": 39, "Inner Unique": true, "Plans": [{"Node Type": "Nested Loop", "Parent Relationship": "Outer", "Join Type": "Inner", "Startup Cost": 4.51, "Total Cost": 2594.27, "Plan Rows": 202, "Plan Width": 28, "Inner Unique": false, "Plans": [{"Node Type": "Nested Loop", "Parent Relationship": "Outer", "Join Type": "Inner", "Startup Cost": 4.51, "Total Cost": 2569.02, "Plan Rows": 33, "Plan Width": 20, "Inner Unique": false, "Plans": [{"Node Type": "Seq Scan", "Parent Relationship": "Outer", "Relation Name": "keyword", "Alias": "k", "Startup Cost": 0.0, "Total Cost": 2436.11, "Plan Rows": 1, "Plan Width": 20, "Filter": "((keyword)::text = 'marvel-cinematic-universe'::text)"}, {"Node Type": "Bitmap Heap Scan", "Parent Relationship": "Inner", "Relation Name": "movie_keyword", "Alias": "mk", "Startup Cost": 4.51, "Total Cost": 132.58, "Plan Rows": 33, "Plan Width": 8, "Recheck Cond": "(keyword_id = k.id)", "Plans": [{"Node Type": "Bitmap Index Scan", "Parent Relationship": "Outer", "Index Name": "keyword_id_movie_keyword", "Startup Cost": 0.0, "Total Cost": 4.5, "Plan Rows": 33, "Plan Width": 0, "Index Cond": "(keyword_id = k.id)"}]}]}, {"Node Type": "Index Scan", "Parent Relationship": "Inner", "Scan Direction": "Forward", "Index Name": "movie_id_cast_info", "Relation Name": "cast_info", "Alias": "ci", "Startup Cost": 0.0, "Total Cost": 0.7, "Plan Rows": 6, "Plan Width": 8, "Index Cond": "(movie_id = mk.movie_id)"}]}, {"Node Type": "Index Scan", "Parent Relationship": "Inner", "Scan Direction": "Forward", "Index Name": "name_pkey", "Relation Name": "name", "Alias": "n", "Startup Cost": 0.0, "Total Cost": 0.28, "Plan Rows": 1, "Plan Width": 19, "Index Cond": "(id = ci.person_id)", "Filter": "((name)::text ~~ '%Downey%Robert%'::text)"}]}, {"Node Type": "Index Scan", "Parent Relationship": "Inner", "Scan Direction": "Forward", "Index Name": "title_pkey", "Relation Name": "title", "Alias": "t", "Startup Cost": 0.0, "Total Cost": 0.28, "Plan Rows": 1, "Plan Width": 21, "Index Cond": "(id = ci.movie_id)", "Filter": "(production_year > 2010)"}]}]}, "Unique SQL Id": 4208751436, "Planner Runtime": 8}, "explain_analyze_plan": {"Plan": {"Node Type": "Aggregate", "Strategy": "Plain", "Startup Cost": 2653.12, "Total Cost": 2653.13, "Plan Rows": 1, "Plan Width": 144, "Actual Startup Time": 49.672, "Actual Total Time": 49.672, "Actual Rows": 1, "Actual Loops": 1, "Plans": [{"Node Type": "Nested Loop", "Parent Relationship": "Outer", "Join Type": "Inner", "Startup Cost": 4.51, "Total Cost": 2653.12, "Plan Rows": 1, "Plan Width": 48, "Actual Startup Time": 2.684, "Actual Total Time": 49.638, "Actual Rows": 6, "Actual Loops": 1, "Inner Unique": true, "Join Filter": "(mk.movie_id = t.id)", "Rows Removed by Join Filter": 0, "Plans": [{"Node Type": "Nested Loop", "Parent Relationship": "Outer", "Join Type": "Inner", "Startup Cost": 4.51, "Total Cost": 2652.83, "Plan Rows": 1, "Plan Width": 39, "Actual Startup Time": 2.651, "Actual Total Time": 49.565, "Actual Rows": 6, "Actual Loops": 1, "Inner Unique": true, "Plans": [{"Node Type": "Nested Loop", "Parent Relationship": "Outer", "Join Type": "Inner", "Startup Cost": 4.51, "Total Cost": 2594.27, "Plan Rows": 202, "Plan Width": 28, "Actual Startup Time": 1.11, "Actual Total Time": 42.722, "Actual Rows": 1242, "Actual Loops": 1, "Inner Unique": false, "Plans": [{"Node Type": "Nested Loop", "Parent Relationship": "Outer", "Join Type": "Inner", "Startup Cost": 4.51, "Total Cost": 2569.02, "Plan Rows": 33, "Plan Width": 20, "Actual Startup Time": 1.094, "Actual Total Time": 40.566, "Actual Rows": 14, "Actual Loops": 1, "Inner Unique": false, "Plans": [{"Node Type": "Seq Scan", "Parent Relationship": "Outer", "Relation Name": "keyword", "Alias": "k", "Startup Cost": 0.0, "Total Cost": 2436.11, "Plan Rows": 1, "Plan Width": 20, "Actual Startup Time": 1.054, "Actual Total Time": 40.487, "Actual Rows": 1, "Actual Loops": 1, "Filter": "((keyword)::text = 'marvel-cinematic-universe'::text)", "Rows Removed by Filter": 134168}, {"Node Type": "Bitmap Heap Scan", "Parent Relationship": "Inner", "Relation Name": "movie_keyword", "Alias": "mk", "Startup Cost": 4.51, "Total Cost": 132.58, "Plan Rows": 33, "Plan Width": 8, "Actual Startup Time": 0.033, "Actual Total Time": 0.066, "Actual Rows": 14, "Actual Loops": 1, "Recheck Cond": "(keyword_id = k.id)", "Rows Removed by Index Recheck": 0, "Exact Heap Blocks": 13, "Lossy Heap Blocks": 13, "Plans": [{"Node Type": "Bitmap Index Scan", "Parent Relationship": "Outer", "Index Name": "keyword_id_movie_keyword", "Startup Cost": 0.0, "Total Cost": 4.5, "Plan Rows": 33, "Plan Width": 0, "Actual Startup Time": 0.019, "Actual Total Time": 0.019, "Actual Rows": 14, "Actual Loops": 1, "Index Cond": "(keyword_id = k.id)"}]}]}, {"Node Type": "Index Scan", "Parent Relationship": "Inner", "Scan Direction": "Forward", "Index Name": "movie_id_cast_info", "Relation Name": "cast_info", "Alias": "ci", "Startup Cost": 0.0, "Total Cost": 0.7, "Plan Rows": 6, "Plan Width": 8, "Actual Startup Time": 0.166, "Actual Total Time": 1.857, "Actual Rows": 1242, "Actual Loops": 14, "Index Cond": "(movie_id = mk.movie_id)", "Rows Removed by Index Recheck": 0}]}, {"Node Type": "Index Scan", "Parent Relationship": "Inner", "Scan Direction": "Forward", "Index Name": "name_pkey", "Relation Name": "name", "Alias": "n", "Startup Cost": 0.0, "Total Cost": 0.28, "Plan Rows": 1, "Plan Width": 19, "Actual Startup Time": 6.233, "Actual Total Time": 6.233, "Actual Rows": 6, "Actual Loops": 1242, "Index Cond": "(id = ci.person_id)", "Rows Removed by Index Recheck": 0, "Filter": "((name)::text ~~ '%Downey%Robert%'::text)", "Rows Removed by Filter": 1236}]}, {"Node Type": "Index Scan", "Parent Relationship": "Inner", "Scan Direction": "Forward", "Index Name": "title_pkey", "Relation Name": "title", "Alias": "t", "Startup Cost": 0.0, "Total Cost": 0.28, "Plan Rows": 1, "Plan Width": 21, "Actual Startup Time": 0.047, "Actual Total Time": 0.047, "Actual Rows": 6, "Actual Loops": 6, "Index Cond": "(id = ci.movie_id)", "Rows Removed by Index Recheck": 0, "Filter": "(production_year > 2010)", "Rows Removed by Filter": 0}]}]}, "Triggers": [], "Planner Runtime": 8.753, "Total Runtime": 49.979, "Unique SQL Id": 4208751436}}, "(16, '69')": {"explain_plan": {"Plan": {"Node Type": "Aggregate", "Strategy": "Plain", "Startup Cost": 3418.58, "Total Cost": 3418.59, "Plan Rows": 1, "Plan Width": 144, "Plans": [{"Node Type": "Nested Loop", "Parent Relationship": "Outer", "Join Type": "Inner", "Startup Cost": 4.51, "Total Cost": 3417.51, "Plan Rows": 143, "Plan Width": 48, "Inner Unique": true, "Plans": [{"Node Type": "Nested Loop", "Parent Relationship": "Outer", "Join Type": "Inner", "Startup Cost": 4.51, "Total Cost": 3354.32, "Plan Rows": 218, "Plan Width": 37, "Inner Unique": false, "Join Filter": "(t.id = ci.movie_id)", "Plans": [{"Node Type": "Nested Loop", "Parent Relationship": "Outer", "Join Type": "Inner", "Startup Cost": 4.51, "Total Cost": 3326.24, "Plan Rows": 36, "Plan Width": 41, "Inner Unique": true, "Plans": [{"Node Type": "Nested Loop", "Parent Relationship": "Outer", "Join Type": "Inner", "Startup Cost": 4.51, "Total Cost": 3315.63, "Plan Rows": 33, "Plan Width": 20, "Inner Unique": false, "Plans": [{"Node Type": "Index Scan", "Parent Relationship": "Outer", "Scan Direction": "Forward", "Index Name": "keyword_pkey", "Relation Name": "keyword", "Alias": "k", "Startup Cost": 0.0, "Total Cost": 3182.72, "Plan Rows": 1, "Plan Width": 20, "Filter": "((keyword)::text = 'marvel-cinematic-universe'::text)"}, {"Node Type": "Bitmap Heap Scan", "Parent Relationship": "Inner", "Relation Name": "movie_keyword", "Alias": "mk", "Startup Cost": 4.51, "Total Cost": 132.58, "Plan Rows": 33, "Plan Width": 8, "Recheck Cond": "(keyword_id = k.id)", "Plans": [{"Node Type": "Bitmap Index Scan", "Parent Relationship": "Outer", "Index Name": "keyword_id_movie_keyword", "Startup Cost": 0.0, "Total Cost": 4.5, "Plan Rows": 33, "Plan Width": 0, "Index Cond": "(keyword_id = k.id)"}]}]}, {"Node Type": "Index Scan", "Parent Relationship": "Inner", "Scan Direction": "Forward", "Index Name": "title_pkey", "Relation Name": "title", "Alias": "t", "Startup Cost": 0.0, "Total Cost": 0.31, "Plan Rows": 1, "Plan Width": 21, "Index Cond": "(id = mk.movie_id)", "Filter": "(production_year > 2010)"}]}, {"Node Type": "Index Scan", "Parent Relationship": "Inner", "Scan Direction": "Forward", "Index Name": "movie_id_cast_info", "Relation Name": "cast_info", "Alias": "ci", "Startup Cost": 0.0, "Total Cost": 0.7, "Plan Rows": 6, "Plan Width": 8, "Index Cond": "(movie_id = mk.movie_id)"}]}, {"Node Type": "Index Scan", "Parent Relationship": "Inner", "Scan Direction": "Forward", "Index Name": "name_pkey", "Relation Name": "name", "Alias": "n", "Startup Cost": 0.0, "Total Cost": 0.28, "Plan Rows": 1, "Plan Width": 19, "Index Cond": "(id = ci.person_id)", "Filter": "((name)::text ~~ '%Downey%Robert%'::text)"}]}]}, "Unique SQL Id": 4208751436, "Planner Runtime": 10}, "explain_analyze_plan": {"Plan": {"Node Type": "Aggregate", "Strategy": "Plain", "Startup Cost": 3418.58, "Total Cost": 3418.59, "Plan Rows": 1, "Plan Width": 144, "Actual Startup Time": 123.665, "Actual Total Time": 123.666, "Actual Rows": 1, "Actual Loops": 1, "Plans": [{"Node Type": "Nested Loop", "Parent Relationship": "Outer", "Join Type": "Inner", "Startup Cost": 4.51, "Total Cost": 3417.51, "Plan Rows": 143, "Plan Width": 48, "Actual Startup Time": 8.653, "Actual Total Time": 123.629, "Actual Rows": 6, "Actual Loops": 1, "Inner Unique": true, "Plans": [{"Node Type": "Nested Loop", "Parent Relationship": "Outer", "Join Type": "Inner", "Startup Cost": 4.51, "Total Cost": 3354.32, "Plan Rows": 218, "Plan Width": 37, "Actual Startup Time": 7.003, "Actual Total Time": 116.075, "Actual Rows": 1224, "Actual Loops": 1, "Inner Unique": false, "Join Filter": "(t.id = ci.movie_id)", "Rows Removed by Join Filter": 0, "Plans": [{"Node Type": "Nested Loop", "Parent Relationship": "Outer", "Join Type": "Inner", "Startup Cost": 4.51, "Total Cost": 3326.24, "Plan Rows": 36, "Plan Width": 41, "Actual Startup Time": 6.987, "Actual Total Time": 113.724, "Actual Rows": 11, "Actual Loops": 1, "Inner Unique": true, "Plans": [{"Node Type": "Nested Loop", "Parent Relationship": "Outer", "Join Type": "Inner", "Startup Cost": 4.51, "Total Cost": 3315.63, "Plan Rows": 33, "Plan Width": 20, "Actual Startup Time": 6.971, "Actual Total Time": 113.606, "Actual Rows": 14, "Actual Loops": 1, "Inner Unique": false, "Plans": [{"Node Type": "Index Scan", "Parent Relationship": "Outer", "Scan Direction": "Forward", "Index Name": "keyword_pkey", "Relation Name": "keyword", "Alias": "k", "Startup Cost": 0.0, "Total Cost": 3182.72, "Plan Rows": 1, "Plan Width": 20, "Actual Startup Time": 6.929, "Actual Total Time": 113.522, "Actual Rows": 1, "Actual Loops": 1, "Filter": "((keyword)::text = 'marvel-cinematic-universe'::text)", "Rows Removed by Filter": 134168}, {"Node Type": "Bitmap Heap Scan", "Parent Relationship": "Inner", "Relation Name": "movie_keyword", "Alias": "mk", "Startup Cost": 4.51, "Total Cost": 132.58, "Plan Rows": 33, "Plan Width": 8, "Actual Startup Time": 0.033, "Actual Total Time": 0.069, "Actual Rows": 14, "Actual Loops": 1, "Recheck Cond": "(keyword_id = k.id)", "Rows Removed by Index Recheck": 0, "Exact Heap Blocks": 13, "Lossy Heap Blocks": 13, "Plans": [{"Node Type": "Bitmap Index Scan", "Parent Relationship": "Outer", "Index Name": "keyword_id_movie_keyword", "Startup Cost": 0.0, "Total Cost": 4.5, "Plan Rows": 33, "Plan Width": 0, "Actual Startup Time": 0.019, "Actual Total Time": 0.019, "Actual Rows": 14, "Actual Loops": 1, "Index Cond": "(keyword_id = k.id)"}]}]}, {"Node Type": "Index Scan", "Parent Relationship": "Inner", "Scan Direction": "Forward", "Index Name": "title_pkey", "Relation Name": "title", "Alias": "t", "Startup Cost": 0.0, "Total Cost": 0.31, "Plan Rows": 1, "Plan Width": 21, "Actual Startup Time": 0.098, "Actual Total Time": 0.098, "Actual Rows": 11, "Actual Loops": 14, "Index Cond": "(id = mk.movie_id)", "Rows Removed by Index Recheck": 0, "Filter": "(production_year > 2010)", "Rows Removed by Filter": 3}]}, {"Node Type": "Index Scan", "Parent Relationship": "Inner", "Scan Direction": "Forward", "Index Name": "movie_id_cast_info", "Relation Name": "cast_info", "Alias": "ci", "Startup Cost": 0.0, "Total Cost": 0.7, "Plan Rows": 6, "Plan Width": 8, "Actual Startup Time": 0.145, "Actual Total Time": 1.872, "Actual Rows": 1224, "Actual Loops": 11, "Index Cond": "(movie_id = mk.movie_id)", "Rows Removed by Index Recheck": 0}]}, {"Node Type": "Index Scan", "Parent Relationship": "Inner", "Scan Direction": "Forward", "Index Name": "name_pkey", "Relation Name": "name", "Alias": "n", "Startup Cost": 0.0, "Total Cost": 0.28, "Plan Rows": 1, "Plan Width": 19, "Actual Startup Time": 6.339, "Actual Total Time": 6.339, "Actual Rows": 6, "Actual Loops": 1224, "Index Cond": "(id = ci.person_id)", "Rows Removed by Index Recheck": 0, "Filter": "((name)::text ~~ '%Downey%Robert%'::text)", "Rows Removed by Filter": 1218}]}]}, "Triggers": [], "Planner Runtime": 10.03, "Total Runtime": 123.994, "Unique SQL Id": 4208751436}}, "(16, '70')": {"explain_plan": {"Plan": {"Node Type": "Aggregate", "Strategy": "Plain", "Startup Cost": 3810.23, "Total Cost": 3810.24, "Plan Rows": 1, "Plan Width": 144, "Plans": [{"Node Type": "Nested Loop", "Parent Relationship": "Outer", "Join Type": "Inner", "Startup Cost": 5.45, "Total Cost": 3809.16, "Plan Rows": 143, "Plan Width": 48, "Inner Unique": true, "Plans": [{"Node Type": "Nested Loop", "Parent Relationship": "Outer", "Join Type": "Inner", "Startup Cost": 5.19, "Total Cost": 2875.14, "Plan Rows": 218, "Plan Width": 37, "Inner Unique": false, "Join Filter": "(t.id = ci.movie_id)", "Plans": [{"Node Type": "Nested Loop", "Parent Relationship": "Outer", "Join Type": "Inner", "Startup Cost": 4.77, "Total Cost": 2710.63, "Plan Rows": 36, "Plan Width": 41, "Inner Unique": true, "Plans": [{"Node Type": "Nested Loop", "Parent Relationship": "Outer", "Join Type": "Inner", "Startup Cost": 4.51, "Total Cost": 2569.02, "Plan Rows": 33, "Plan Width": 20, "Inner Unique": false, "Plans": [{"Node Type": "Seq Scan", "Parent Relationship": "Outer", "Relation Name": "keyword", "Alias": "k", "Startup Cost": 0.0, "Total Cost": 2436.11, "Plan Rows": 1, "Plan Width": 20, "Filter": "((keyword)::text = 'marvel-cinematic-universe'::text)"}, {"Node Type": "Bitmap Heap Scan", "Parent Relationship": "Inner", "Relation Name": "movie_keyword", "Alias": "mk", "Startup Cost": 4.51, "Total Cost": 132.58, "Plan Rows": 33, "Plan Width": 8, "Recheck Cond": "(keyword_id = k.id)", "Plans": [{"Node Type": "Bitmap Index Scan", "Parent Relationship": "Outer", "Index Name": "keyword_id_movie_keyword", "Startup Cost": 0.0, "Total Cost": 4.5, "Plan Rows": 33, "Plan Width": 0, "Index Cond": "(keyword_id = k.id)"}]}]}, {"Node Type": "Bitmap Heap Scan", "Parent Relationship": "Inner", "Relation Name": "title", "Alias": "t", "Startup Cost": 0.27, "Total Cost": 4.28, "Plan Rows": 1, "Plan Width": 21, "Recheck Cond": "(id = mk.movie_id)", "Filter": "(production_year > 2010)", "Plans": [{"Node Type": "Bitmap Index Scan", "Parent Relationship": "Outer", "Index Name": "title_pkey", "Startup Cost": 0.0, "Total Cost": 0.27, "Plan Rows": 1, "Plan Width": 0, "Index Cond": "(id = mk.movie_id)"}]}]}, {"Node Type": "Bitmap Heap Scan", "Parent Relationship": "Inner", "Relation Name": "cast_info", "Alias": "ci", "Startup Cost": 0.42, "Total Cost": 4.49, "Plan Rows": 6, "Plan Width": 8, "Recheck Cond": "(movie_id = mk.movie_id)", "Plans": [{"Node Type": "Bitmap Index Scan", "Parent Relationship": "Outer", "Index Name": "movie_id_cast_info", "Startup Cost": 0.0, "Total Cost": 0.42, "Plan Rows": 6, "Plan Width": 0, "Index Cond": "(movie_id = mk.movie_id)"}]}]}, {"Node Type": "Bitmap Heap Scan", "Parent Relationship": "Inner", "Relation Name": "name", "Alias": "n", "Startup Cost": 0.26, "Total Cost": 4.27, "Plan Rows": 1, "Plan Width": 19, "Recheck Cond": "(id = ci.person_id)", "Filter": "((name)::text ~~ '%Downey%Robert%'::text)", "Plans": [{"Node Type": "Bitmap Index Scan", "Parent Relationship": "Outer", "Index Name": "name_pkey", "Startup Cost": 0.0, "Total Cost": 0.26, "Plan Rows": 1, "Plan Width": 0, "Index Cond": "(id = ci.person_id)"}]}]}]}, "Unique SQL Id": 4208751436, "Planner Runtime": 12}, "explain_analyze_plan": {"Plan": {"Node Type": "Aggregate", "Strategy": "Plain", "Startup Cost": 3810.23, "Total Cost": 3810.24, "Plan Rows": 1, "Plan Width": 144, "Actual Startup Time": 53.114, "Actual Total Time": 53.114, "Actual Rows": 1, "Actual Loops": 1, "Plans": [{"Node Type": "Nested Loop", "Parent Relationship": "Outer", "Join Type": "Inner", "Startup Cost": 5.45, "Total Cost": 3809.16, "Plan Rows": 143, "Plan Width": 48, "Actual Startup Time": 3.683, "Actual Total Time": 53.075, "Actual Rows": 6, "Actual Loops": 1, "Inner Unique": true, "Plans": [{"Node Type": "Nested Loop", "Parent Relationship": "Outer", "Join Type": "Inner", "Startup Cost": 5.19, "Total Cost": 2875.14, "Plan Rows": 218, "Plan Width": 37, "Actual Startup Time": 1.272, "Actual Total Time": 44.468, "Actual Rows": 1224, "Actual Loops": 1, "Inner Unique": false, "Join Filter": "(t.id = ci.movie_id)", "Rows Removed by Join Filter": 0, "Plans": [{"Node Type": "Nested Loop", "Parent Relationship": "Outer", "Join Type": "Inner", "Startup Cost": 4.77, "Total Cost": 2710.63, "Plan Rows": 36, "Plan Width": 41, "Actual Startup Time": 1.234, "Actual Total Time": 41.314, "Actual Rows": 11, "Actual Loops": 1, "Inner Unique": true, "Plans": [{"Node Type": "Nested Loop", "Parent Relationship": "Outer", "Join Type": "Inner", "Startup Cost": 4.51, "Total Cost": 2569.02, "Plan Rows": 33, "Plan Width": 20, "Actual Startup Time": 1.105, "Actual Total Time": 40.546, "Actual Rows": 14, "Actual Loops": 1, "Inner Unique": false, "Plans": [{"Node Type": "Seq Scan", "Parent Relationship": "Outer", "Relation Name": "keyword", "Alias": "k", "Startup Cost": 0.0, "Total Cost": 2436.11, "Plan Rows": 1, "Plan Width": 20, "Actual Startup Time": 1.064, "Actual Total Time": 40.47, "Actual Rows": 1, "Actual Loops": 1, "Filter": "((keyword)::text = 'marvel-cinematic-universe'::text)", "Rows Removed by Filter": 134168}, {"Node Type": "Bitmap Heap Scan", "Parent Relationship": "Inner", "Relation Name": "movie_keyword", "Alias": "mk", "Startup Cost": 4.51, "Total Cost": 132.58, "Plan Rows": 33, "Plan Width": 8, "Actual Startup Time": 0.033, "Actual Total Time": 0.059, "Actual Rows": 14, "Actual Loops": 1, "Recheck Cond": "(keyword_id = k.id)", "Rows Removed by Index Recheck": 0, "Exact Heap Blocks": 13, "Lossy Heap Blocks": 13, "Plans": [{"Node Type": "Bitmap Index Scan", "Parent Relationship": "Outer", "Index Name": "keyword_id_movie_keyword", "Startup Cost": 0.0, "Total Cost": 4.5, "Plan Rows": 33, "Plan Width": 0, "Actual Startup Time": 0.019, "Actual Total Time": 0.019, "Actual Rows": 14, "Actual Loops": 1, "Index Cond": "(keyword_id = k.id)"}]}]}, {"Node Type": "Bitmap Heap Scan", "Parent Relationship": "Inner", "Relation Name": "title", "Alias": "t", "Startup Cost": 0.27, "Total Cost": 4.28, "Plan Rows": 1, "Plan Width": 21, "Actual Startup Time": 0.736, "Actual Total Time": 0.736, "Actual Rows": 11, "Actual Loops": 14, "Recheck Cond": "(id = mk.movie_id)", "Rows Removed by Index Recheck": 0, "Filter": "(production_year > 2010)", "Rows Removed by Filter": 3, "Exact Heap Blocks": 14, "Lossy Heap Blocks": 14, "Plans": [{"Node Type": "Bitmap Index Scan", "Parent Relationship": "Outer", "Index Name": "title_pkey", "Startup Cost": 0.0, "Total Cost": 0.27, "Plan Rows": 1, "Plan Width": 0, "Actual Startup Time": 0.426, "Actual Total Time": 0.426, "Actual Rows": 14, "Actual Loops": 14, "Index Cond": "(id = mk.movie_id)"}]}]}, {"Node Type": "Bitmap Heap Scan", "Parent Relationship": "Inner", "Relation Name": "cast_info", "Alias": "ci", "Startup Cost": 0.42, "Total Cost": 4.49, "Plan Rows": 6, "Plan Width": 8, "Actual Startup Time": 0.609, "Actual Total Time": 2.58, "Actual Rows": 1224, "Actual Loops": 11, "Recheck Cond": "(movie_id = mk.movie_id)", "Rows Removed by Index Recheck": 0, "Exact Heap Blocks": 1166, "Lossy Heap Blocks": 1166, "Plans": [{"Node Type": "Bitmap Index Scan", "Parent Relationship": "Outer", "Index Name": "movie_id_cast_info", "Startup Cost": 0.0, "Total Cost": 0.42, "Plan Rows": 6, "Plan Width": 0, "Actual Startup Time": 0.383, "Actual Total Time": 0.383, "Actual Rows": 1224, "Actual Loops": 11, "Index Cond": "(movie_id = mk.movie_id)"}]}]}, {"Node Type": "Bitmap Heap Scan", "Parent Relationship": "Inner", "Relation Name": "name", "Alias": "n", "Startup Cost": 0.26, "Total Cost": 4.27, "Plan Rows": 1, "Plan Width": 19, "Actual Startup Time": 7.233, "Actual Total Time": 7.233, "Actual Rows": 6, "Actual Loops": 1224, "Recheck Cond": "(id = ci.person_id)", "Rows Removed by Index Recheck": 0, "Filter": "((name)::text ~~ '%Downey%Robert%'::text)", "Rows Removed by Filter": 1218, "Exact Heap Blocks": 1224, "Lossy Heap Blocks": 1224, "Plans": [{"Node Type": "Bitmap Index Scan", "Parent Relationship": "Outer", "Index Name": "name_pkey", "Startup Cost": 0.0, "Total Cost": 0.26, "Plan Rows": 1, "Plan Width": 0, "Actual Startup Time": 4.403, "Actual Total Time": 4.403, "Actual Rows": 1224, "Actual Loops": 1224, "Index Cond": "(id = ci.person_id)"}]}]}]}, "Triggers": [], "Planner Runtime": 12.374, "Total Runtime": 53.382, "Unique SQL Id": 4208751436}}, "(16, '71')": {"explain_plan": {"Plan": {"Node Type": "Aggregate", "Strategy": "Plain", "Startup Cost": 4529.32, "Total Cost": 4529.33, "Plan Rows": 1, "Plan Width": 144, "Plans": [{"Node Type": "Nested Loop", "Parent Relationship": "Outer", "Join Type": "Inner", "Startup Cost": 724.55, "Total Cost": 4528.25, "Plan Rows": 143, "Plan Width": 48, "Inner Unique": true, "Plans": [{"Node Type": "Nested Loop", "Parent Relationship": "Outer", "Join Type": "Inner", "Startup Cost": 724.29, "Total Cost": 3594.24, "Plan Rows": 218, "Plan Width": 37, "Inner Unique": false, "Join Filter": "(t.id = ci.movie_id)", "Plans": [{"Node Type": "Nested Loop", "Parent Relationship": "Outer", "Join Type": "Inner", "Startup Cost": 723.87, "Total Cost": 3429.72, "Plan Rows": 36, "Plan Width": 41, "Inner Unique": true, "Plans": [{"Node Type": "Nested Loop", "Parent Relationship": "Outer", "Join Type": "Inner", "Startup Cost": 723.6, "Total Cost": 3288.12, "Plan Rows": 33, "Plan Width": 20, "Inner Unique": false, "Plans": [{"Node Type": "Bitmap Heap Scan", "Parent Relationship": "Outer", "Relation Name": "keyword", "Alias": "k", "Startup Cost": 719.1, "Total Cost": 3155.21, "Plan Rows": 1, "Plan Width": 20, "Filter": "((keyword)::text = 'marvel-cinematic-universe'::text)", "Plans": [{"Node Type": "Bitmap Index Scan", "Parent Relationship": "Outer", "Index Name": "keyword_pkey", "Startup Cost": 0.0, "Total Cost": 719.1, "Plan Rows": 134169, "Plan Width": 0}]}, {"Node Type": "Bitmap Heap Scan", "Parent Relationship": "Inner", "Relation Name": "movie_keyword", "Alias": "mk", "Startup Cost": 4.51, "Total Cost": 132.58, "Plan Rows": 33, "Plan Width": 8, "Recheck Cond": "(keyword_id = k.id)", "Plans": [{"Node Type": "Bitmap Index Scan", "Parent Relationship": "Outer", "Index Name": "keyword_id_movie_keyword", "Startup Cost": 0.0, "Total Cost": 4.5, "Plan Rows": 33, "Plan Width": 0, "Index Cond": "(keyword_id = k.id)"}]}]}, {"Node Type": "Bitmap Heap Scan", "Parent Relationship": "Inner", "Relation Name": "title", "Alias": "t", "Startup Cost": 0.27, "Total Cost": 4.28, "Plan Rows": 1, "Plan Width": 21, "Recheck Cond": "(id = mk.movie_id)", "Filter": "(production_year > 2010)", "Plans": [{"Node Type": "Bitmap Index Scan", "Parent Relationship": "Outer", "Index Name": "title_pkey", "Startup Cost": 0.0, "Total Cost": 0.27, "Plan Rows": 1, "Plan Width": 0, "Index Cond": "(id = mk.movie_id)"}]}]}, {"Node Type": "Bitmap Heap Scan", "Parent Relationship": "Inner", "Relation Name": "cast_info", "Alias": "ci", "Startup Cost": 0.42, "Total Cost": 4.49, "Plan Rows": 6, "Plan Width": 8, "Recheck Cond": "(movie_id = mk.movie_id)", "Plans": [{"Node Type": "Bitmap Index Scan", "Parent Relationship": "Outer", "Index Name": "movie_id_cast_info", "Startup Cost": 0.0, "Total Cost": 0.42, "Plan Rows": 6, "Plan Width": 0, "Index Cond": "(movie_id = mk.movie_id)"}]}]}, {"Node Type": "Bitmap Heap Scan", "Parent Relationship": "Inner", "Relation Name": "name", "Alias": "n", "Startup Cost": 0.26, "Total Cost": 4.27, "Plan Rows": 1, "Plan Width": 19, "Recheck Cond": "(id = ci.person_id)", "Filter": "((name)::text ~~ '%Downey%Robert%'::text)", "Plans": [{"Node Type": "Bitmap Index Scan", "Parent Relationship": "Outer", "Index Name": "name_pkey", "Startup Cost": 0.0, "Total Cost": 0.26, "Plan Rows": 1, "Plan Width": 0, "Index Cond": "(id = ci.person_id)"}]}]}]}, "Unique SQL Id": 4208751436, "Planner Runtime": 6}, "explain_analyze_plan": {"Plan": {"Node Type": "Aggregate", "Strategy": "Plain", "Startup Cost": 4529.32, "Total Cost": 4529.33, "Plan Rows": 1, "Plan Width": 144, "Actual Startup Time": 72.661, "Actual Total Time": 72.661, "Actual Rows": 1, "Actual Loops": 1, "Plans": [{"Node Type": "Nested Loop", "Parent Relationship": "Outer", "Join Type": "Inner", "Startup Cost": 724.55, "Total Cost": 4528.25, "Plan Rows": 143, "Plan Width": 48, "Actual Startup Time": 14.187, "Actual Total Time": 72.625, "Actual Rows": 6, "Actual Loops": 1, "Inner Unique": true, "Plans": [{"Node Type": "Nested Loop", "Parent Relationship": "Outer", "Join Type": "Inner", "Startup Cost": 724.29, "Total Cost": 3594.24, "Plan Rows": 218, "Plan Width": 37, "Actual Startup Time": 12.089, "Actual Total Time": 64.002, "Actual Rows": 1224, "Actual Loops": 1, "Inner Unique": false, "Join Filter": "(t.id = ci.movie_id)", "Rows Removed by Join Filter": 0, "Plans": [{"Node Type": "Nested Loop", "Parent Relationship": "Outer", "Join Type": "Inner", "Startup Cost": 723.87, "Total Cost": 3429.72, "Plan Rows": 36, "Plan Width": 41, "Actual Startup Time": 12.062, "Actual Total Time": 60.973, "Actual Rows": 11, "Actual Loops": 1, "Inner Unique": true, "Plans": [{"Node Type": "Nested Loop", "Parent Relationship": "Outer", "Join Type": "Inner", "Startup Cost": 723.6, "Total Cost": 3288.12, "Plan Rows": 33, "Plan Width": 20, "Actual Startup Time": 12.043, "Actual Total Time": 60.833, "Actual Rows": 14, "Actual Loops": 1, "Inner Unique": false, "Plans": [{"Node Type": "Bitmap Heap Scan", "Parent Relationship": "Outer", "Relation Name": "keyword", "Alias": "k", "Startup Cost": 719.1, "Total Cost": 3155.21, "Plan Rows": 1, "Plan Width": 20, "Actual Startup Time": 12.006, "Actual Total Time": 60.762, "Actual Rows": 1, "Actual Loops": 1, "Filter": "((keyword)::text = 'marvel-cinematic-universe'::text)", "Rows Removed by Filter": 134168, "Exact Heap Blocks": 759, "Lossy Heap Blocks": 759, "Plans": [{"Node Type": "Bitmap Index Scan", "Parent Relationship": "Outer", "Index Name": "keyword_pkey", "Startup Cost": 0.0, "Total Cost": 719.1, "Plan Rows": 134169, "Plan Width": 0, "Actual Startup Time": 10.585, "Actual Total Time": 10.585, "Actual Rows": 134169, "Actual Loops": 1}]}, {"Node Type": "Bitmap Heap Scan", "Parent Relationship": "Inner", "Relation Name": "movie_keyword", "Alias": "mk", "Startup Cost": 4.51, "Total Cost": 132.58, "Plan Rows": 33, "Plan Width": 8, "Actual Startup Time": 0.026, "Actual Total Time": 0.054, "Actual Rows": 14, "Actual Loops": 1, "Recheck Cond": "(keyword_id = k.id)", "Rows Removed by Index Recheck": 0, "Exact Heap Blocks": 13, "Lossy Heap Blocks": 13, "Plans": [{"Node Type": "Bitmap Index Scan", "Parent Relationship": "Outer", "Index Name": "keyword_id_movie_keyword", "Startup Cost": 0.0, "Total Cost": 4.5, "Plan Rows": 33, "Plan Width": 0, "Actual Startup Time": 0.018, "Actual Total Time": 0.018, "Actual Rows": 14, "Actual Loops": 1, "Index Cond": "(keyword_id = k.id)"}]}]}, {"Node Type": "Bitmap Heap Scan", "Parent Relationship": "Inner", "Relation Name": "title", "Alias": "t", "Startup Cost": 0.27, "Total Cost": 4.28, "Plan Rows": 1, "Plan Width": 21, "Actual Startup Time": 0.113, "Actual Total Time": 0.113, "Actual Rows": 11, "Actual Loops": 14, "Recheck Cond": "(id = mk.movie_id)", "Rows Removed by Index Recheck": 0, "Filter": "(production_year > 2010)", "Rows Removed by Filter": 3, "Exact Heap Blocks": 14, "Lossy Heap Blocks": 14, "Plans": [{"Node Type": "Bitmap Index Scan", "Parent Relationship": "Outer", "Index Name": "title_pkey", "Startup Cost": 0.0, "Total Cost": 0.27, "Plan Rows": 1, "Plan Width": 0, "Actual Startup Time": 0.065, "Actual Total Time": 0.065, "Actual Rows": 14, "Actual Loops": 14, "Index Cond": "(id = mk.movie_id)"}]}]}, {"Node Type": "Bitmap Heap Scan", "Parent Relationship": "Inner", "Relation Name": "cast_info", "Alias": "ci", "Startup Cost": 0.42, "Total Cost": 4.49, "Plan Rows": 6, "Plan Width": 8, "Actual Startup Time": 0.561, "Actual Total Time": 2.548, "Actual Rows": 1224, "Actual Loops": 11, "Recheck Cond": "(movie_id = mk.movie_id)", "Rows Removed by Index Recheck": 0, "Exact Heap Blocks": 1166, "Lossy Heap Blocks": 1166, "Plans": [{"Node Type": "Bitmap Index Scan", "Parent Relationship": "Outer", "Index Name": "movie_id_cast_info", "Startup Cost": 0.0, "Total Cost": 0.42, "Plan Rows": 6, "Plan Width": 0, "Actual Startup Time": 0.352, "Actual Total Time": 0.352, "Actual Rows": 1224, "Actual Loops": 11, "Index Cond": "(movie_id = mk.movie_id)"}]}]}, {"Node Type": "Bitmap Heap Scan", "Parent Relationship": "Inner", "Relation Name": "name", "Alias": "n", "Startup Cost": 0.26, "Total Cost": 4.27, "Plan Rows": 1, "Plan Width": 19, "Actual Startup Time": 7.211, "Actual Total Time": 7.211, "Actual Rows": 6, "Actual Loops": 1224, "Recheck Cond": "(id = ci.person_id)", "Rows Removed by Index Recheck": 0, "Filter": "((name)::text ~~ '%Downey%Robert%'::text)", "Rows Removed by Filter": 1218, "Exact Heap Blocks": 1224, "Lossy Heap Blocks": 1224, "Plans": [{"Node Type": "Bitmap Index Scan", "Parent Relationship": "Outer", "Index Name": "name_pkey", "Startup Cost": 0.0, "Total Cost": 0.26, "Plan Rows": 1, "Plan Width": 0, "Actual Startup Time": 4.359, "Actual Total Time": 4.359, "Actual Rows": 1224, "Actual Loops": 1224, "Index Cond": "(id = ci.person_id)"}]}]}]}, "Triggers": [], "Planner Runtime": 6.386, "Total Runtime": 72.949, "Unique SQL Id": 4208751436}}, "(16, '72')": {"explain_plan": {"Plan": {"Node Type": "Aggregate", "Strategy": "Plain", "Startup Cost": 2657.42, "Total Cost": 2657.43, "Plan Rows": 1, "Plan Width": 144, "Plans": [{"Node Type": "Nested Loop", "Parent Relationship": "Outer", "Join Type": "Inner", "Startup Cost": 0.0, "Total Cost": 2657.41, "Plan Rows": 1, "Plan Width": 48, "Inner Unique": true, "Join Filter": "(mk.movie_id = t.id)", "Plans": [{"Node Type": "Nested Loop", "Parent Relationship": "Outer", "Join Type": "Inner", "Startup Cost": 0.0, "Total Cost": 2657.12, "Plan Rows": 1, "Plan Width": 39, "Inner Unique": true, "Plans": [{"Node Type": "Nested Loop", "Parent Relationship": "Outer", "Join Type": "Inner", "Startup Cost": 0.0, "Total Cost": 2598.56, "Plan Rows": 202, "Plan Width": 28, "Inner Unique": false, "Plans": [{"Node Type": "Nested Loop", "Parent Relationship": "Outer", "Join Type": "Inner", "Startup Cost": 0.0, "Total Cost": 2573.32, "Plan Rows": 33, "Plan Width": 20, "Inner Unique": false, "Plans": [{"Node Type": "Seq Scan", "Parent Relationship": "Outer", "Relation Name": "keyword", "Alias": "k", "Startup Cost": 0.0, "Total Cost": 2436.11, "Plan Rows": 1, "Plan Width": 20, "Filter": "((keyword)::text = 'marvel-cinematic-universe'::text)"}, {"Node Type": "Index Scan", "Parent Relationship": "Inner", "Scan Direction": "Forward", "Index Name": "keyword_id_movie_keyword", "Relation Name": "movie_keyword", "Alias": "mk", "Startup Cost": 0.0, "Total Cost": 136.88, "Plan Rows": 33, "Plan Width": 8, "Index Cond": "(keyword_id = k.id)"}]}, {"Node Type": "Index Scan", "Parent Relationship": "Inner", "Scan Direction": "Forward", "Index Name": "movie_id_cast_info", "Relation Name": "cast_info", "Alias": "ci", "Startup Cost": 0.0, "Total Cost": 0.7, "Plan Rows": 6, "Plan Width": 8, "Index Cond": "(movie_id = mk.movie_id)"}]}, {"Node Type": "Index Scan", "Parent Relationship": "Inner", "Scan Direction": "Forward", "Index Name": "name_pkey", "Relation Name": "name", "Alias": "n", "Startup Cost": 0.0, "Total Cost": 0.28, "Plan Rows": 1, "Plan Width": 19, "Index Cond": "(id = ci.person_id)", "Filter": "((name)::text ~~ '%Downey%Robert%'::text)"}]}, {"Node Type": "Index Scan", "Parent Relationship": "Inner", "Scan Direction": "Forward", "Index Name": "title_pkey", "Relation Name": "title", "Alias": "t", "Startup Cost": 0.0, "Total Cost": 0.28, "Plan Rows": 1, "Plan Width": 21, "Index Cond": "(id = ci.movie_id)", "Filter": "(production_year > 2010)"}]}]}, "Unique SQL Id": 4208751436, "Planner Runtime": 8}, "explain_analyze_plan": {"Plan": {"Node Type": "Aggregate", "Strategy": "Plain", "Startup Cost": 2657.42, "Total Cost": 2657.43, "Plan Rows": 1, "Plan Width": 144, "Actual Startup Time": 49.573, "Actual Total Time": 49.573, "Actual Rows": 1, "Actual Loops": 1, "Plans": [{"Node Type": "Nested Loop", "Parent Relationship": "Outer", "Join Type": "Inner", "Startup Cost": 0.0, "Total Cost": 2657.41, "Plan Rows": 1, "Plan Width": 48, "Actual Startup Time": 2.65, "Actual Total Time": 49.529, "Actual Rows": 6, "Actual Loops": 1, "Inner Unique": true, "Join Filter": "(mk.movie_id = t.id)", "Rows Removed by Join Filter": 0, "Plans": [{"Node Type": "Nested Loop", "Parent Relationship": "Outer", "Join Type": "Inner", "Startup Cost": 0.0, "Total Cost": 2657.12, "Plan Rows": 1, "Plan Width": 39, "Actual Startup Time": 2.627, "Actual Total Time": 49.472, "Actual Rows": 6, "Actual Loops": 1, "Inner Unique": true, "Plans": [{"Node Type": "Nested Loop", "Parent Relationship": "Outer", "Join Type": "Inner", "Startup Cost": 0.0, "Total Cost": 2598.56, "Plan Rows": 202, "Plan Width": 28, "Actual Startup Time": 1.088, "Actual Total Time": 42.692, "Actual Rows": 1242, "Actual Loops": 1, "Inner Unique": false, "Plans": [{"Node Type": "Nested Loop", "Parent Relationship": "Outer", "Join Type": "Inner", "Startup Cost": 0.0, "Total Cost": 2573.32, "Plan Rows": 33, "Plan Width": 20, "Actual Startup Time": 1.074, "Actual Total Time": 40.525, "Actual Rows": 14, "Actual Loops": 1, "Inner Unique": false, "Plans": [{"Node Type": "Seq Scan", "Parent Relationship": "Outer", "Relation Name": "keyword", "Alias": "k", "Startup Cost": 0.0, "Total Cost": 2436.11, "Plan Rows": 1, "Plan Width": 20, "Actual Startup Time": 1.052, "Actual Total Time": 40.474, "Actual Rows": 1, "Actual Loops": 1, "Filter": "((keyword)::text = 'marvel-cinematic-universe'::text)", "Rows Removed by Filter": 134168}, {"Node Type": "Index Scan", "Parent Relationship": "Inner", "Scan Direction": "Forward", "Index Name": "keyword_id_movie_keyword", "Relation Name": "movie_keyword", "Alias": "mk", "Startup Cost": 0.0, "Total Cost": 136.88, "Plan Rows": 33, "Plan Width": 8, "Actual Startup Time": 0.016, "Actual Total Time": 0.039, "Actual Rows": 14, "Actual Loops": 1, "Index Cond": "(keyword_id = k.id)", "Rows Removed by Index Recheck": 0}]}, {"Node Type": "Index Scan", "Parent Relationship": "Inner", "Scan Direction": "Forward", "Index Name": "movie_id_cast_info", "Relation Name": "cast_info", "Alias": "ci", "Startup Cost": 0.0, "Total Cost": 0.7, "Plan Rows": 6, "Plan Width": 8, "Actual Startup Time": 0.16, "Actual Total Time": 1.838, "Actual Rows": 1242, "Actual Loops": 14, "Index Cond": "(movie_id = mk.movie_id)", "Rows Removed by Index Recheck": 0}]}, {"Node Type": "Index Scan", "Parent Relationship": "Inner", "Scan Direction": "Forward", "Index Name": "name_pkey", "Relation Name": "name", "Alias": "n", "Startup Cost": 0.0, "Total Cost": 0.28, "Plan Rows": 1, "Plan Width": 19, "Actual Startup Time": 6.167, "Actual Total Time": 6.167, "Actual Rows": 6, "Actual Loops": 1242, "Index Cond": "(id = ci.person_id)", "Rows Removed by Index Recheck": 0, "Filter": "((name)::text ~~ '%Downey%Robert%'::text)", "Rows Removed by Filter": 1236}]}, {"Node Type": "Index Scan", "Parent Relationship": "Inner", "Scan Direction": "Forward", "Index Name": "title_pkey", "Relation Name": "title", "Alias": "t", "Startup Cost": 0.0, "Total Cost": 0.28, "Plan Rows": 1, "Plan Width": 21, "Actual Startup Time": 0.038, "Actual Total Time": 0.038, "Actual Rows": 6, "Actual Loops": 6, "Index Cond": "(id = ci.movie_id)", "Rows Removed by Index Recheck": 0, "Filter": "(production_year > 2010)", "Rows Removed by Filter": 0}]}]}, "Triggers": [], "Planner Runtime": 8.574, "Total Runtime": 49.842, "Unique SQL Id": 4208751436}}, "(16, '73')": {"explain_plan": {"Plan": {"Node Type": "Aggregate", "Strategy": "Plain", "Startup Cost": 3404.02, "Total Cost": 3404.03, "Plan Rows": 1, "Plan Width": 144, "Plans": [{"Node Type": "Nested Loop", "Parent Relationship": "Outer", "Join Type": "Inner", "Startup Cost": 0.0, "Total Cost": 3404.01, "Plan Rows": 1, "Plan Width": 48, "Inner Unique": true, "Join Filter": "(mk.movie_id = t.id)", "Plans": [{"Node Type": "Nested Loop", "Parent Relationship": "Outer", "Join Type": "Inner", "Startup Cost": 0.0, "Total Cost": 3403.72, "Plan Rows": 1, "Plan Width": 39, "Inner Unique": true, "Plans": [{"Node Type": "Nested Loop", "Parent Relationship": "Outer", "Join Type": "Inner", "Startup Cost": 0.0, "Total Cost": 3345.17, "Plan Rows": 202, "Plan Width": 28, "Inner Unique": false, "Plans": [{"Node Type": "Nested Loop", "Parent Relationship": "Outer", "Join Type": "Inner", "Startup Cost": 0.0, "Total Cost": 3319.92, "Plan Rows": 33, "Plan Width": 20, "Inner Unique": false, "Plans": [{"Node Type": "Index Scan", "Parent Relationship": "Outer", "Scan Direction": "Forward", "Index Name": "keyword_pkey", "Relation Name": "keyword", "Alias": "k", "Startup Cost": 0.0, "Total Cost": 3182.72, "Plan Rows": 1, "Plan Width": 20, "Filter": "((keyword)::text = 'marvel-cinematic-universe'::text)"}, {"Node Type": "Index Scan", "Parent Relationship": "Inner", "Scan Direction": "Forward", "Index Name": "keyword_id_movie_keyword", "Relation Name": "movie_keyword", "Alias": "mk", "Startup Cost": 0.0, "Total Cost": 136.88, "Plan Rows": 33, "Plan Width": 8, "Index Cond": "(keyword_id = k.id)"}]}, {"Node Type": "Index Scan", "Parent Relationship": "Inner", "Scan Direction": "Forward", "Index Name": "movie_id_cast_info", "Relation Name": "cast_info", "Alias": "ci", "Startup Cost": 0.0, "Total Cost": 0.7, "Plan Rows": 6, "Plan Width": 8, "Index Cond": "(movie_id = mk.movie_id)"}]}, {"Node Type": "Index Scan", "Parent Relationship": "Inner", "Scan Direction": "Forward", "Index Name": "name_pkey", "Relation Name": "name", "Alias": "n", "Startup Cost": 0.0, "Total Cost": 0.28, "Plan Rows": 1, "Plan Width": 19, "Index Cond": "(id = ci.person_id)", "Filter": "((name)::text ~~ '%Downey%Robert%'::text)"}]}, {"Node Type": "Index Scan", "Parent Relationship": "Inner", "Scan Direction": "Forward", "Index Name": "title_pkey", "Relation Name": "title", "Alias": "t", "Startup Cost": 0.0, "Total Cost": 0.28, "Plan Rows": 1, "Plan Width": 21, "Index Cond": "(id = ci.movie_id)", "Filter": "(production_year > 2010)"}]}]}, "Unique SQL Id": 4208751436, "Planner Runtime": 8}, "explain_analyze_plan": {"Plan": {"Node Type": "Aggregate", "Strategy": "Plain", "Startup Cost": 3404.02, "Total Cost": 3404.03, "Plan Rows": 1, "Plan Width": 144, "Actual Startup Time": 129.093, "Actual Total Time": 129.094, "Actual Rows": 1, "Actual Loops": 1, "Plans": [{"Node Type": "Nested Loop", "Parent Relationship": "Outer", "Join Type": "Inner", "Startup Cost": 0.0, "Total Cost": 3404.01, "Plan Rows": 1, "Plan Width": 48, "Actual Startup Time": 8.547, "Actual Total Time": 129.04, "Actual Rows": 6, "Actual Loops": 1, "Inner Unique": true, "Join Filter": "(mk.movie_id = t.id)", "Rows Removed by Join Filter": 0, "Plans": [{"Node Type": "Nested Loop", "Parent Relationship": "Outer", "Join Type": "Inner", "Startup Cost": 0.0, "Total Cost": 3403.72, "Plan Rows": 1, "Plan Width": 39, "Actual Startup Time": 8.53, "Actual Total Time": 128.988, "Actual Rows": 6, "Actual Loops": 1, "Inner Unique": true, "Plans": [{"Node Type": "Nested Loop", "Parent Relationship": "Outer", "Join Type": "Inner", "Startup Cost": 0.0, "Total Cost": 3345.17, "Plan Rows": 202, "Plan Width": 28, "Actual Startup Time": 6.99, "Actual Total Time": 122.056, "Actual Rows": 1242, "Actual Loops": 1, "Inner Unique": false, "Plans": [{"Node Type": "Nested Loop", "Parent Relationship": "Outer", "Join Type": "Inner", "Startup Cost": 0.0, "Total Cost": 3319.92, "Plan Rows": 33, "Plan Width": 20, "Actual Startup Time": 6.977, "Actual Total Time": 119.872, "Actual Rows": 14, "Actual Loops": 1, "Inner Unique": false, "Plans": [{"Node Type": "Index Scan", "Parent Relationship": "Outer", "Scan Direction": "Forward", "Index Name": "keyword_pkey", "Relation Name": "keyword", "Alias": "k", "Startup Cost": 0.0, "Total Cost": 3182.72, "Plan Rows": 1, "Plan Width": 20, "Actual Startup Time": 6.958, "Actual Total Time": 119.824, "Actual Rows": 1, "Actual Loops": 1, "Filter": "((keyword)::text = 'marvel-cinematic-universe'::text)", "Rows Removed by Filter": 134168}, {"Node Type": "Index Scan", "Parent Relationship": "Inner", "Scan Direction": "Forward", "Index Name": "keyword_id_movie_keyword", "Relation Name": "movie_keyword", "Alias": "mk", "Startup Cost": 0.0, "Total Cost": 136.88, "Plan Rows": 33, "Plan Width": 8, "Actual Startup Time": 0.012, "Actual Total Time": 0.032, "Actual Rows": 14, "Actual Loops": 1, "Index Cond": "(keyword_id = k.id)", "Rows Removed by Index Recheck": 0}]}, {"Node Type": "Index Scan", "Parent Relationship": "Inner", "Scan Direction": "Forward", "Index Name": "movie_id_cast_info", "Relation Name": "cast_info", "Alias": "ci", "Startup Cost": 0.0, "Total Cost": 0.7, "Plan Rows": 6, "Plan Width": 8, "Actual Startup Time": 0.158, "Actual Total Time": 1.852, "Actual Rows": 1242, "Actual Loops": 14, "Index Cond": "(movie_id = mk.movie_id)", "Rows Removed by Index Recheck": 0}]}, {"Node Type": "Index Scan", "Parent Relationship": "Inner", "Scan Direction": "Forward", "Index Name": "name_pkey", "Relation Name": "name", "Alias": "n", "Startup Cost": 0.0, "Total Cost": 0.28, "Plan Rows": 1, "Plan Width": 19, "Actual Startup Time": 6.301, "Actual Total Time": 6.301, "Actual Rows": 6, "Actual Loops": 1242, "Index Cond": "(id = ci.person_id)", "Rows Removed by Index Recheck": 0, "Filter": "((name)::text ~~ '%Downey%Robert%'::text)", "Rows Removed by Filter": 1236}]}, {"Node Type": "Index Scan", "Parent Relationship": "Inner", "Scan Direction": "Forward", "Index Name": "title_pkey", "Relation Name": "title", "Alias": "t", "Startup Cost": 0.0, "Total Cost": 0.28, "Plan Rows": 1, "Plan Width": 21, "Actual Startup Time": 0.038, "Actual Total Time": 0.038, "Actual Rows": 6, "Actual Loops": 6, "Index Cond": "(id = ci.movie_id)", "Rows Removed by Index Recheck": 0, "Filter": "(production_year > 2010)", "Rows Removed by Filter": 0}]}]}, "Triggers": [], "Planner Runtime": 8.278, "Total Runtime": 129.388, "Unique SQL Id": 4208751436}}, "(16, '74')": {"explain_plan": {"Plan": {"Node Type": "Aggregate", "Strategy": "Plain", "Startup Cost": 147513.04, "Total Cost": 147513.05, "Plan Rows": 1, "Plan Width": 144, "Plans": [{"Node Type": "Hash Join", "Parent Relationship": "Outer", "Join Type": "Inner", "Startup Cost": 127238.78, "Total Cost": 147511.4, "Plan Rows": 218, "Plan Width": 48, "Inner Unique": true, "Hash Cond": "(mk.keyword_id = k.id)", "Plans": [{"Node Type": "Hash Join", "Parent Relationship": "Outer", "Join Type": "Inner", "Startup Cost": 124802.66, "Total Cost": 145056.23, "Plan Rows": 7553, "Plan Width": 36, "Inner Unique": true, "Hash Cond": "(mk.movie_id = t.id)", "Plans": [{"Node Type": "Streaming(type: LOCAL GATHER dop: 1/16)", "Parent Relationship": "Outer", "Startup Cost": 113010.1, "Total Cost": 133161.91, "Plan Rows": 6997, "Plan Width": 27, "Plans": [{"Node Type": "Hash Join", "Parent Relationship": "Outer", "Join Type": "Inner", "Startup Cost": 113010.1, "Total Cost": 133010.9, "Plan Rows": 6997, "Plan Width": 27, "Inner Unique": false, "Hash Cond": "(mk.movie_id = ci.movie_id)", "Plans": [{"Node Type": "Seq Scan", "Parent Relationship": "Outer", "Relation Name": "movie_keyword", "Alias": "mk", "Startup Cost": 0.0, "Total Cost": 18902.58, "Plan Rows": 4523929, "Plan Width": 8}, {"Node Type": "Hash", "Parent Relationship": "Inner", "Startup Cost": 112916.1, "Total Cost": 112916.1, "Plan Rows": 120320, "Plan Width": 19, "Plans": [{"Node Type": "Streaming(type: BROADCAST dop: 16/16)", "Parent Relationship": "Outer", "Startup Cost": 36490.21, "Total Cost": 112916.1, "Plan Rows": 120320, "Plan Width": 19, "Plans": [{"Node Type": "Hash Join", "Parent Relationship": "Outer", "Join Type": "Inner", "Startup Cost": 36490.21, "Total Cost": 97610.6, "Plan Rows": 7520, "Plan Width": 19, "Inner Unique": true, "Hash Cond": "(ci.person_id = n.id)", "Plans": [{"Node Type": "Seq Scan", "Parent Relationship": "Outer", "Relation Name": "cast_info", "Alias": "ci", "Startup Cost": 0.0, "Total Cost": 52617.37, "Plan Rows": 36259494, "Plan Width": 8}, {"Node Type": "Hash", "Parent Relationship": "Inner", "Startup Cost": 36485.02, "Total Cost": 36485.02, "Plan Rows": 6640, "Plan Width": 19, "Plans": [{"Node Type": "Streaming(type: BROADCAST dop: 16/16)", "Parent Relationship": "Outer", "Startup Cost": 0.0, "Total Cost": 36485.02, "Plan Rows": 6640, "Plan Width": 19, "Plans": [{"Node Type": "Seq Scan", "Parent Relationship": "Outer", "Relation Name": "name", "Alias": "n", "Startup Cost": 0.0, "Total Cost": 21468.16, "Plan Rows": 415, "Plan Width": 19, "Filter": "((name)::text ~~ '%Downey%Robert%'::text)"}]}]}]}]}]}]}]}, {"Node Type": "Hash", "Parent Relationship": "Inner", "Startup Cost": 27597.68, "Total Cost": 27597.68, "Plan Rows": 391451, "Plan Width": 21, "Plans": [{"Node Type": "Streaming(type: LOCAL GATHER dop: 1/16)", "Parent Relationship": "Outer", "Startup Cost": 0.0, "Total Cost": 27597.68, "Plan Rows": 391451, "Plan Width": 21, "Plans": [{"Node Type": "Seq Scan", "Parent Relationship": "Outer", "Relation Name": "title", "Alias": "t", "Startup Cost": 0.0, "Total Cost": 19149.37, "Plan Rows": 391451, "Plan Width": 21, "Filter": "(production_year > 2010), (LLVM Optimized)"}]}]}]}, {"Node Type": "Hash", "Parent Relationship": "Inner", "Startup Cost": 2436.11, "Total Cost": 2436.11, "Plan Rows": 1, "Plan Width": 20, "Plans": [{"Node Type": "Seq Scan", "Parent Relationship": "Outer", "Relation Name": "keyword", "Alias": "k", "Startup Cost": 0.0, "Total Cost": 2436.11, "Plan Rows": 1, "Plan Width": 20, "Filter": "((keyword)::text = 'marvel-cinematic-universe'::text)"}]}]}]}, "Unique SQL Id": 4208751436, "Planner Runtime": 25}, "explain_analyze_plan": null}, "(16, '75')": {"explain_plan": {"Plan": {"Node Type": "Aggregate", "Strategy": "Plain", "Startup Cost": 4997516136472.81, "Total Cost": 4997516136472.82, "Plan Rows": 1, "Plan Width": 144, "Plans": [{"Node Type": "Hash Join", "Parent Relationship": "Outer", "Join Type": "Inner", "Startup Cost": 2030146687706.4, "Total Cost": 4997516136471.18, "Plan Rows": 218, "Plan Width": 48, "Inner Unique": true, "Hash Cond": "(ci.person_id = n.id)", "Plans": [{"Node Type": "Hash Join", "Parent Relationship": "Outer", "Join Type": "Inner", "Startup Cost": 1030128022554.01, "Total Cost": 3997497471318.2, "Plan Rows": 218, "Plan Width": 37, "Inner Unique": true, "Hash Cond": "(mk.keyword_id = k.id)", "Plans": [{"Node Type": "Merge Join", "Parent Relationship": "Outer", "Join Type": "Inner", "Startup Cost": 30127704282.31, "Total Cost": 2997497104207.24, "Plan Rows": 19486421, "Plan Width": 25, "Inner Unique": false, "Merge Cond": "(t.id = ci.movie_id)", "Plans": [{"Node Type": "Merge Join", "Parent Relationship": "Outer", "Join Type": "Inner", "Startup Cost": 20121395931.97, "Total Cost": 1999055821179.06, "Plan Rows": 3158553, "Plan Width": 29, "Inner Unique": false, "Merge Cond": "(t.id = mk.movie_id)", "Plans": [{"Node Type": "Index Scan", "Parent Relationship": "Outer", "Scan Direction": "Forward", "Index Name": "title_pkey", "Relation Name": "title", "Alias": "t", "Startup Cost": 10000000000.0, "Total Cost": 1000011644126.66, "Plan Rows": 391451, "Plan Width": 21, "Filter": "(production_year > 2010), (LLVM Optimized)"}, {"Node Type": "Index Scan", "Parent Relationship": "Inner", "Scan Direction": "Forward", "Index Name": "movie_id_movie_keyword", "Relation Name": "movie_keyword", "Alias": "mk", "Startup Cost": 10000000000.0, "Total Cost": 1000015300634.17, "Plan Rows": 4523929, "Plan Width": 8}]}, {"Node Type": "Index Scan", "Parent Relationship": "Inner", "Scan Direction": "Forward", "Index Name": "movie_id_cast_info", "Relation Name": "cast_info", "Alias": "ci", "Startup Cost": 10000000000.0, "Total Cost": 1000205932389.3, "Plan Rows": 36259494, "Plan Width": 8}]}, {"Node Type": "Hash", "Parent Relationship": "Inner", "Startup Cost": 1000000318271.68, "Total Cost": 1000000318271.68, "Plan Rows": 1, "Plan Width": 20, "Plans": [{"Node Type": "Index Scan", "Parent Relationship": "Outer", "Scan Direction": "Forward", "Index Name": "keyword_pkey", "Relation Name": "keyword", "Alias": "k", "Startup Cost": 10000000000.0, "Total Cost": 1000000318271.68, "Plan Rows": 1, "Plan Width": 20, "Filter": "((keyword)::text = 'marvel-cinematic-universe'::text)"}]}]}, {"Node Type": "Hash", "Parent Relationship": "Inner", "Startup Cost": 1000018665147.2, "Total Cost": 1000018665147.2, "Plan Rows": 415, "Plan Width": 19, "Plans": [{"Node Type": "Index Scan", "Parent Relationship": "Outer", "Scan Direction": "Forward", "Index Name": "name_pkey", "Relation Name": "name", "Alias": "n", "Startup Cost": 10000000000.0, "Total Cost": 1000018665147.2, "Plan Rows": 415, "Plan Width": 19, "Filter": "((name)::text ~~ '%Downey%Robert%'::text)"}]}]}]}, "Unique SQL Id": 4208751436, "Planner Runtime": 14}, "explain_analyze_plan": null}, "(16, '76')": {"explain_plan": {"Plan": {"Node Type": "Aggregate", "Strategy": "Plain", "Startup Cost": 2657.42, "Total Cost": 2657.43, "Plan Rows": 1, "Plan Width": 144, "Plans": [{"Node Type": "Nested Loop", "Parent Relationship": "Outer", "Join Type": "Inner", "Startup Cost": 0.0, "Total Cost": 2657.41, "Plan Rows": 1, "Plan Width": 48, "Inner Unique": true, "Join Filter": "(mk.movie_id = t.id)", "Plans": [{"Node Type": "Nested Loop", "Parent Relationship": "Outer", "Join Type": "Inner", "Startup Cost": 0.0, "Total Cost": 2657.12, "Plan Rows": 1, "Plan Width": 39, "Inner Unique": true, "Plans": [{"Node Type": "Nested Loop", "Parent Relationship": "Outer", "Join Type": "Inner", "Startup Cost": 0.0, "Total Cost": 2598.56, "Plan Rows": 202, "Plan Width": 28, "Inner Unique": false, "Plans": [{"Node Type": "Nested Loop", "Parent Relationship": "Outer", "Join Type": "Inner", "Startup Cost": 0.0, "Total Cost": 2573.32, "Plan Rows": 33, "Plan Width": 20, "Inner Unique": false, "Plans": [{"Node Type": "Seq Scan", "Parent Relationship": "Outer", "Relation Name": "keyword", "Alias": "k", "Startup Cost": 0.0, "Total Cost": 2436.11, "Plan Rows": 1, "Plan Width": 20, "Filter": "((keyword)::text = 'marvel-cinematic-universe'::text)"}, {"Node Type": "Index Scan", "Parent Relationship": "Inner", "Scan Direction": "Forward", "Index Name": "keyword_id_movie_keyword", "Relation Name": "movie_keyword", "Alias": "mk", "Startup Cost": 0.0, "Total Cost": 136.88, "Plan Rows": 33, "Plan Width": 8, "Index Cond": "(keyword_id = k.id)"}]}, {"Node Type": "Index Scan", "Parent Relationship": "Inner", "Scan Direction": "Forward", "Index Name": "movie_id_cast_info", "Relation Name": "cast_info", "Alias": "ci", "Startup Cost": 0.0, "Total Cost": 0.7, "Plan Rows": 6, "Plan Width": 8, "Index Cond": "(movie_id = mk.movie_id)"}]}, {"Node Type": "Index Scan", "Parent Relationship": "Inner", "Scan Direction": "Forward", "Index Name": "name_pkey", "Relation Name": "name", "Alias": "n", "Startup Cost": 0.0, "Total Cost": 0.28, "Plan Rows": 1, "Plan Width": 19, "Index Cond": "(id = ci.person_id)", "Filter": "((name)::text ~~ '%Downey%Robert%'::text)"}]}, {"Node Type": "Index Scan", "Parent Relationship": "Inner", "Scan Direction": "Forward", "Index Name": "title_pkey", "Relation Name": "title", "Alias": "t", "Startup Cost": 0.0, "Total Cost": 0.28, "Plan Rows": 1, "Plan Width": 21, "Index Cond": "(id = ci.movie_id)", "Filter": "(production_year > 2010)"}]}]}, "Unique SQL Id": 4208751436, "Planner Runtime": 9}, "explain_analyze_plan": {"Plan": {"Node Type": "Aggregate", "Strategy": "Plain", "Startup Cost": 2657.42, "Total Cost": 2657.43, "Plan Rows": 1, "Plan Width": 144, "Actual Startup Time": 49.573, "Actual Total Time": 49.573, "Actual Rows": 1, "Actual Loops": 1, "Plans": [{"Node Type": "Nested Loop", "Parent Relationship": "Outer", "Join Type": "Inner", "Startup Cost": 0.0, "Total Cost": 2657.41, "Plan Rows": 1, "Plan Width": 48, "Actual Startup Time": 2.65, "Actual Total Time": 49.529, "Actual Rows": 6, "Actual Loops": 1, "Inner Unique": true, "Join Filter": "(mk.movie_id = t.id)", "Rows Removed by Join Filter": 0, "Plans": [{"Node Type": "Nested Loop", "Parent Relationship": "Outer", "Join Type": "Inner", "Startup Cost": 0.0, "Total Cost": 2657.12, "Plan Rows": 1, "Plan Width": 39, "Actual Startup Time": 2.627, "Actual Total Time": 49.472, "Actual Rows": 6, "Actual Loops": 1, "Inner Unique": true, "Plans": [{"Node Type": "Nested Loop", "Parent Relationship": "Outer", "Join Type": "Inner", "Startup Cost": 0.0, "Total Cost": 2598.56, "Plan Rows": 202, "Plan Width": 28, "Actual Startup Time": 1.088, "Actual Total Time": 42.692, "Actual Rows": 1242, "Actual Loops": 1, "Inner Unique": false, "Plans": [{"Node Type": "Nested Loop", "Parent Relationship": "Outer", "Join Type": "Inner", "Startup Cost": 0.0, "Total Cost": 2573.32, "Plan Rows": 33, "Plan Width": 20, "Actual Startup Time": 1.074, "Actual Total Time": 40.525, "Actual Rows": 14, "Actual Loops": 1, "Inner Unique": false, "Plans": [{"Node Type": "Seq Scan", "Parent Relationship": "Outer", "Relation Name": "keyword", "Alias": "k", "Startup Cost": 0.0, "Total Cost": 2436.11, "Plan Rows": 1, "Plan Width": 20, "Actual Startup Time": 1.052, "Actual Total Time": 40.474, "Actual Rows": 1, "Actual Loops": 1, "Filter": "((keyword)::text = 'marvel-cinematic-universe'::text)", "Rows Removed by Filter": 134168}, {"Node Type": "Index Scan", "Parent Relationship": "Inner", "Scan Direction": "Forward", "Index Name": "keyword_id_movie_keyword", "Relation Name": "movie_keyword", "Alias": "mk", "Startup Cost": 0.0, "Total Cost": 136.88, "Plan Rows": 33, "Plan Width": 8, "Actual Startup Time": 0.016, "Actual Total Time": 0.039, "Actual Rows": 14, "Actual Loops": 1, "Index Cond": "(keyword_id = k.id)", "Rows Removed by Index Recheck": 0}]}, {"Node Type": "Index Scan", "Parent Relationship": "Inner", "Scan Direction": "Forward", "Index Name": "movie_id_cast_info", "Relation Name": "cast_info", "Alias": "ci", "Startup Cost": 0.0, "Total Cost": 0.7, "Plan Rows": 6, "Plan Width": 8, "Actual Startup Time": 0.16, "Actual Total Time": 1.838, "Actual Rows": 1242, "Actual Loops": 14, "Index Cond": "(movie_id = mk.movie_id)", "Rows Removed by Index Recheck": 0}]}, {"Node Type": "Index Scan", "Parent Relationship": "Inner", "Scan Direction": "Forward", "Index Name": "name_pkey", "Relation Name": "name", "Alias": "n", "Startup Cost": 0.0, "Total Cost": 0.28, "Plan Rows": 1, "Plan Width": 19, "Actual Startup Time": 6.167, "Actual Total Time": 6.167, "Actual Rows": 6, "Actual Loops": 1242, "Index Cond": "(id = ci.person_id)", "Rows Removed by Index Recheck": 0, "Filter": "((name)::text ~~ '%Downey%Robert%'::text)", "Rows Removed by Filter": 1236}]}, {"Node Type": "Index Scan", "Parent Relationship": "Inner", "Scan Direction": "Forward", "Index Name": "title_pkey", "Relation Name": "title", "Alias": "t", "Startup Cost": 0.0, "Total Cost": 0.28, "Plan Rows": 1, "Plan Width": 21, "Actual Startup Time": 0.038, "Actual Total Time": 0.038, "Actual Rows": 6, "Actual Loops": 6, "Index Cond": "(id = ci.movie_id)", "Rows Removed by Index Recheck": 0, "Filter": "(production_year > 2010)", "Rows Removed by Filter": 0}]}]}, "Triggers": [], "Planner Runtime": 8.574, "Total Runtime": 49.842, "Unique SQL Id": 4208751436}}, "(16, '77')": {"explain_plan": {"Plan": {"Node Type": "Aggregate", "Strategy": "Plain", "Startup Cost": 3404.02, "Total Cost": 3404.03, "Plan Rows": 1, "Plan Width": 144, "Plans": [{"Node Type": "Nested Loop", "Parent Relationship": "Outer", "Join Type": "Inner", "Startup Cost": 0.0, "Total Cost": 3404.01, "Plan Rows": 1, "Plan Width": 48, "Inner Unique": true, "Join Filter": "(mk.movie_id = t.id)", "Plans": [{"Node Type": "Nested Loop", "Parent Relationship": "Outer", "Join Type": "Inner", "Startup Cost": 0.0, "Total Cost": 3403.72, "Plan Rows": 1, "Plan Width": 39, "Inner Unique": true, "Plans": [{"Node Type": "Nested Loop", "Parent Relationship": "Outer", "Join Type": "Inner", "Startup Cost": 0.0, "Total Cost": 3345.17, "Plan Rows": 202, "Plan Width": 28, "Inner Unique": false, "Plans": [{"Node Type": "Nested Loop", "Parent Relationship": "Outer", "Join Type": "Inner", "Startup Cost": 0.0, "Total Cost": 3319.92, "Plan Rows": 33, "Plan Width": 20, "Inner Unique": false, "Plans": [{"Node Type": "Index Scan", "Parent Relationship": "Outer", "Scan Direction": "Forward", "Index Name": "keyword_pkey", "Relation Name": "keyword", "Alias": "k", "Startup Cost": 0.0, "Total Cost": 3182.72, "Plan Rows": 1, "Plan Width": 20, "Filter": "((keyword)::text = 'marvel-cinematic-universe'::text)"}, {"Node Type": "Index Scan", "Parent Relationship": "Inner", "Scan Direction": "Forward", "Index Name": "keyword_id_movie_keyword", "Relation Name": "movie_keyword", "Alias": "mk", "Startup Cost": 0.0, "Total Cost": 136.88, "Plan Rows": 33, "Plan Width": 8, "Index Cond": "(keyword_id = k.id)"}]}, {"Node Type": "Index Scan", "Parent Relationship": "Inner", "Scan Direction": "Forward", "Index Name": "movie_id_cast_info", "Relation Name": "cast_info", "Alias": "ci", "Startup Cost": 0.0, "Total Cost": 0.7, "Plan Rows": 6, "Plan Width": 8, "Index Cond": "(movie_id = mk.movie_id)"}]}, {"Node Type": "Index Scan", "Parent Relationship": "Inner", "Scan Direction": "Forward", "Index Name": "name_pkey", "Relation Name": "name", "Alias": "n", "Startup Cost": 0.0, "Total Cost": 0.28, "Plan Rows": 1, "Plan Width": 19, "Index Cond": "(id = ci.person_id)", "Filter": "((name)::text ~~ '%Downey%Robert%'::text)"}]}, {"Node Type": "Index Scan", "Parent Relationship": "Inner", "Scan Direction": "Forward", "Index Name": "title_pkey", "Relation Name": "title", "Alias": "t", "Startup Cost": 0.0, "Total Cost": 0.28, "Plan Rows": 1, "Plan Width": 21, "Index Cond": "(id = ci.movie_id)", "Filter": "(production_year > 2010)"}]}]}, "Unique SQL Id": 4208751436, "Planner Runtime": 8}, "explain_analyze_plan": {"Plan": {"Node Type": "Aggregate", "Strategy": "Plain", "Startup Cost": 3404.02, "Total Cost": 3404.03, "Plan Rows": 1, "Plan Width": 144, "Actual Startup Time": 129.093, "Actual Total Time": 129.094, "Actual Rows": 1, "Actual Loops": 1, "Plans": [{"Node Type": "Nested Loop", "Parent Relationship": "Outer", "Join Type": "Inner", "Startup Cost": 0.0, "Total Cost": 3404.01, "Plan Rows": 1, "Plan Width": 48, "Actual Startup Time": 8.547, "Actual Total Time": 129.04, "Actual Rows": 6, "Actual Loops": 1, "Inner Unique": true, "Join Filter": "(mk.movie_id = t.id)", "Rows Removed by Join Filter": 0, "Plans": [{"Node Type": "Nested Loop", "Parent Relationship": "Outer", "Join Type": "Inner", "Startup Cost": 0.0, "Total Cost": 3403.72, "Plan Rows": 1, "Plan Width": 39, "Actual Startup Time": 8.53, "Actual Total Time": 128.988, "Actual Rows": 6, "Actual Loops": 1, "Inner Unique": true, "Plans": [{"Node Type": "Nested Loop", "Parent Relationship": "Outer", "Join Type": "Inner", "Startup Cost": 0.0, "Total Cost": 3345.17, "Plan Rows": 202, "Plan Width": 28, "Actual Startup Time": 6.99, "Actual Total Time": 122.056, "Actual Rows": 1242, "Actual Loops": 1, "Inner Unique": false, "Plans": [{"Node Type": "Nested Loop", "Parent Relationship": "Outer", "Join Type": "Inner", "Startup Cost": 0.0, "Total Cost": 3319.92, "Plan Rows": 33, "Plan Width": 20, "Actual Startup Time": 6.977, "Actual Total Time": 119.872, "Actual Rows": 14, "Actual Loops": 1, "Inner Unique": false, "Plans": [{"Node Type": "Index Scan", "Parent Relationship": "Outer", "Scan Direction": "Forward", "Index Name": "keyword_pkey", "Relation Name": "keyword", "Alias": "k", "Startup Cost": 0.0, "Total Cost": 3182.72, "Plan Rows": 1, "Plan Width": 20, "Actual Startup Time": 6.958, "Actual Total Time": 119.824, "Actual Rows": 1, "Actual Loops": 1, "Filter": "((keyword)::text = 'marvel-cinematic-universe'::text)", "Rows Removed by Filter": 134168}, {"Node Type": "Index Scan", "Parent Relationship": "Inner", "Scan Direction": "Forward", "Index Name": "keyword_id_movie_keyword", "Relation Name": "movie_keyword", "Alias": "mk", "Startup Cost": 0.0, "Total Cost": 136.88, "Plan Rows": 33, "Plan Width": 8, "Actual Startup Time": 0.012, "Actual Total Time": 0.032, "Actual Rows": 14, "Actual Loops": 1, "Index Cond": "(keyword_id = k.id)", "Rows Removed by Index Recheck": 0}]}, {"Node Type": "Index Scan", "Parent Relationship": "Inner", "Scan Direction": "Forward", "Index Name": "movie_id_cast_info", "Relation Name": "cast_info", "Alias": "ci", "Startup Cost": 0.0, "Total Cost": 0.7, "Plan Rows": 6, "Plan Width": 8, "Actual Startup Time": 0.158, "Actual Total Time": 1.852, "Actual Rows": 1242, "Actual Loops": 14, "Index Cond": "(movie_id = mk.movie_id)", "Rows Removed by Index Recheck": 0}]}, {"Node Type": "Index Scan", "Parent Relationship": "Inner", "Scan Direction": "Forward", "Index Name": "name_pkey", "Relation Name": "name", "Alias": "n", "Startup Cost": 0.0, "Total Cost": 0.28, "Plan Rows": 1, "Plan Width": 19, "Actual Startup Time": 6.301, "Actual Total Time": 6.301, "Actual Rows": 6, "Actual Loops": 1242, "Index Cond": "(id = ci.person_id)", "Rows Removed by Index Recheck": 0, "Filter": "((name)::text ~~ '%Downey%Robert%'::text)", "Rows Removed by Filter": 1236}]}, {"Node Type": "Index Scan", "Parent Relationship": "Inner", "Scan Direction": "Forward", "Index Name": "title_pkey", "Relation Name": "title", "Alias": "t", "Startup Cost": 0.0, "Total Cost": 0.28, "Plan Rows": 1, "Plan Width": 21, "Actual Startup Time": 0.038, "Actual Total Time": 0.038, "Actual Rows": 6, "Actual Loops": 6, "Index Cond": "(id = ci.movie_id)", "Rows Removed by Index Recheck": 0, "Filter": "(production_year > 2010)", "Rows Removed by Filter": 0}]}]}, "Triggers": [], "Planner Runtime": 8.278, "Total Runtime": 129.388, "Unique SQL Id": 4208751436}}, "(16, '78')": {"explain_plan": {"Plan": {"Node Type": "Aggregate", "Strategy": "Plain", "Startup Cost": 147513.04, "Total Cost": 147513.05, "Plan Rows": 1, "Plan Width": 144, "Plans": [{"Node Type": "Hash Join", "Parent Relationship": "Outer", "Join Type": "Inner", "Startup Cost": 127238.78, "Total Cost": 147511.4, "Plan Rows": 218, "Plan Width": 48, "Inner Unique": true, "Hash Cond": "(mk.keyword_id = k.id)", "Plans": [{"Node Type": "Hash Join", "Parent Relationship": "Outer", "Join Type": "Inner", "Startup Cost": 124802.66, "Total Cost": 145056.23, "Plan Rows": 7553, "Plan Width": 36, "Inner Unique": true, "Hash Cond": "(mk.movie_id = t.id)", "Plans": [{"Node Type": "Streaming(type: LOCAL GATHER dop: 1/16)", "Parent Relationship": "Outer", "Startup Cost": 113010.1, "Total Cost": 133161.91, "Plan Rows": 6997, "Plan Width": 27, "Plans": [{"Node Type": "Hash Join", "Parent Relationship": "Outer", "Join Type": "Inner", "Startup Cost": 113010.1, "Total Cost": 133010.9, "Plan Rows": 6997, "Plan Width": 27, "Inner Unique": false, "Hash Cond": "(mk.movie_id = ci.movie_id)", "Plans": [{"Node Type": "Seq Scan", "Parent Relationship": "Outer", "Relation Name": "movie_keyword", "Alias": "mk", "Startup Cost": 0.0, "Total Cost": 18902.58, "Plan Rows": 4523929, "Plan Width": 8}, {"Node Type": "Hash", "Parent Relationship": "Inner", "Startup Cost": 112916.1, "Total Cost": 112916.1, "Plan Rows": 120320, "Plan Width": 19, "Plans": [{"Node Type": "Streaming(type: BROADCAST dop: 16/16)", "Parent Relationship": "Outer", "Startup Cost": 36490.21, "Total Cost": 112916.1, "Plan Rows": 120320, "Plan Width": 19, "Plans": [{"Node Type": "Hash Join", "Parent Relationship": "Outer", "Join Type": "Inner", "Startup Cost": 36490.21, "Total Cost": 97610.6, "Plan Rows": 7520, "Plan Width": 19, "Inner Unique": true, "Hash Cond": "(ci.person_id = n.id)", "Plans": [{"Node Type": "Seq Scan", "Parent Relationship": "Outer", "Relation Name": "cast_info", "Alias": "ci", "Startup Cost": 0.0, "Total Cost": 52617.37, "Plan Rows": 36259494, "Plan Width": 8}, {"Node Type": "Hash", "Parent Relationship": "Inner", "Startup Cost": 36485.02, "Total Cost": 36485.02, "Plan Rows": 6640, "Plan Width": 19, "Plans": [{"Node Type": "Streaming(type: BROADCAST dop: 16/16)", "Parent Relationship": "Outer", "Startup Cost": 0.0, "Total Cost": 36485.02, "Plan Rows": 6640, "Plan Width": 19, "Plans": [{"Node Type": "Seq Scan", "Parent Relationship": "Outer", "Relation Name": "name", "Alias": "n", "Startup Cost": 0.0, "Total Cost": 21468.16, "Plan Rows": 415, "Plan Width": 19, "Filter": "((name)::text ~~ '%Downey%Robert%'::text)"}]}]}]}]}]}]}]}, {"Node Type": "Hash", "Parent Relationship": "Inner", "Startup Cost": 27597.68, "Total Cost": 27597.68, "Plan Rows": 391451, "Plan Width": 21, "Plans": [{"Node Type": "Streaming(type: LOCAL GATHER dop: 1/16)", "Parent Relationship": "Outer", "Startup Cost": 0.0, "Total Cost": 27597.68, "Plan Rows": 391451, "Plan Width": 21, "Plans": [{"Node Type": "Seq Scan", "Parent Relationship": "Outer", "Relation Name": "title", "Alias": "t", "Startup Cost": 0.0, "Total Cost": 19149.37, "Plan Rows": 391451, "Plan Width": 21, "Filter": "(production_year > 2010), (LLVM Optimized)"}]}]}]}, {"Node Type": "Hash", "Parent Relationship": "Inner", "Startup Cost": 2436.11, "Total Cost": 2436.11, "Plan Rows": 1, "Plan Width": 20, "Plans": [{"Node Type": "Seq Scan", "Parent Relationship": "Outer", "Relation Name": "keyword", "Alias": "k", "Startup Cost": 0.0, "Total Cost": 2436.11, "Plan Rows": 1, "Plan Width": 20, "Filter": "((keyword)::text = 'marvel-cinematic-universe'::text)"}]}]}]}, "Unique SQL Id": 4208751436, "Planner Runtime": 23}, "explain_analyze_plan": null}, "(16, '79')": {"explain_plan": {"Plan": {"Node Type": "Aggregate", "Strategy": "Plain", "Startup Cost": 4997516136472.81, "Total Cost": 4997516136472.82, "Plan Rows": 1, "Plan Width": 144, "Plans": [{"Node Type": "Hash Join", "Parent Relationship": "Outer", "Join Type": "Inner", "Startup Cost": 2030146687706.4, "Total Cost": 4997516136471.18, "Plan Rows": 218, "Plan Width": 48, "Inner Unique": true, "Hash Cond": "(ci.person_id = n.id)", "Plans": [{"Node Type": "Hash Join", "Parent Relationship": "Outer", "Join Type": "Inner", "Startup Cost": 1030128022554.01, "Total Cost": 3997497471318.2, "Plan Rows": 218, "Plan Width": 37, "Inner Unique": true, "Hash Cond": "(mk.keyword_id = k.id)", "Plans": [{"Node Type": "Merge Join", "Parent Relationship": "Outer", "Join Type": "Inner", "Startup Cost": 30127704282.31, "Total Cost": 2997497104207.24, "Plan Rows": 19486421, "Plan Width": 25, "Inner Unique": false, "Merge Cond": "(t.id = ci.movie_id)", "Plans": [{"Node Type": "Merge Join", "Parent Relationship": "Outer", "Join Type": "Inner", "Startup Cost": 20121395931.97, "Total Cost": 1999055821179.06, "Plan Rows": 3158553, "Plan Width": 29, "Inner Unique": false, "Merge Cond": "(t.id = mk.movie_id)", "Plans": [{"Node Type": "Index Scan", "Parent Relationship": "Outer", "Scan Direction": "Forward", "Index Name": "title_pkey", "Relation Name": "title", "Alias": "t", "Startup Cost": 10000000000.0, "Total Cost": 1000011644126.66, "Plan Rows": 391451, "Plan Width": 21, "Filter": "(production_year > 2010), (LLVM Optimized)"}, {"Node Type": "Index Scan", "Parent Relationship": "Inner", "Scan Direction": "Forward", "Index Name": "movie_id_movie_keyword", "Relation Name": "movie_keyword", "Alias": "mk", "Startup Cost": 10000000000.0, "Total Cost": 1000015300634.17, "Plan Rows": 4523929, "Plan Width": 8}]}, {"Node Type": "Index Scan", "Parent Relationship": "Inner", "Scan Direction": "Forward", "Index Name": "movie_id_cast_info", "Relation Name": "cast_info", "Alias": "ci", "Startup Cost": 10000000000.0, "Total Cost": 1000205932389.3, "Plan Rows": 36259494, "Plan Width": 8}]}, {"Node Type": "Hash", "Parent Relationship": "Inner", "Startup Cost": 1000000318271.68, "Total Cost": 1000000318271.68, "Plan Rows": 1, "Plan Width": 20, "Plans": [{"Node Type": "Index Scan", "Parent Relationship": "Outer", "Scan Direction": "Forward", "Index Name": "keyword_pkey", "Relation Name": "keyword", "Alias": "k", "Startup Cost": 10000000000.0, "Total Cost": 1000000318271.68, "Plan Rows": 1, "Plan Width": 20, "Filter": "((keyword)::text = 'marvel-cinematic-universe'::text)"}]}]}, {"Node Type": "Hash", "Parent Relationship": "Inner", "Startup Cost": 1000018665147.2, "Total Cost": 1000018665147.2, "Plan Rows": 415, "Plan Width": 19, "Plans": [{"Node Type": "Index Scan", "Parent Relationship": "Outer", "Scan Direction": "Forward", "Index Name": "name_pkey", "Relation Name": "name", "Alias": "n", "Startup Cost": 10000000000.0, "Total Cost": 1000018665147.2, "Plan Rows": 415, "Plan Width": 19, "Filter": "((name)::text ~~ '%Downey%Robert%'::text)"}]}]}]}, "Unique SQL Id": 4208751436, "Planner Runtime": 14}, "explain_analyze_plan": null}, "(16, '80')": {"explain_plan": {"Plan": {"Node Type": "Aggregate", "Strategy": "Plain", "Startup Cost": 2653.12, "Total Cost": 2653.13, "Plan Rows": 1, "Plan Width": 144, "Plans": [{"Node Type": "Nested Loop", "Parent Relationship": "Outer", "Join Type": "Inner", "Startup Cost": 4.51, "Total Cost": 2653.12, "Plan Rows": 1, "Plan Width": 48, "Inner Unique": true, "Join Filter": "(mk.movie_id = t.id)", "Plans": [{"Node Type": "Nested Loop", "Parent Relationship": "Outer", "Join Type": "Inner", "Startup Cost": 4.51, "Total Cost": 2652.83, "Plan Rows": 1, "Plan Width": 39, "Inner Unique": true, "Plans": [{"Node Type": "Nested Loop", "Parent Relationship": "Outer", "Join Type": "Inner", "Startup Cost": 4.51, "Total Cost": 2594.27, "Plan Rows": 202, "Plan Width": 28, "Inner Unique": false, "Plans": [{"Node Type": "Nested Loop", "Parent Relationship": "Outer", "Join Type": "Inner", "Startup Cost": 4.51, "Total Cost": 2569.02, "Plan Rows": 33, "Plan Width": 20, "Inner Unique": false, "Plans": [{"Node Type": "Seq Scan", "Parent Relationship": "Outer", "Relation Name": "keyword", "Alias": "k", "Startup Cost": 0.0, "Total Cost": 2436.11, "Plan Rows": 1, "Plan Width": 20, "Filter": "((keyword)::text = 'marvel-cinematic-universe'::text)"}, {"Node Type": "Bitmap Heap Scan", "Parent Relationship": "Inner", "Relation Name": "movie_keyword", "Alias": "mk", "Startup Cost": 4.51, "Total Cost": 132.58, "Plan Rows": 33, "Plan Width": 8, "Recheck Cond": "(keyword_id = k.id)", "Plans": [{"Node Type": "Bitmap Index Scan", "Parent Relationship": "Outer", "Index Name": "keyword_id_movie_keyword", "Startup Cost": 0.0, "Total Cost": 4.5, "Plan Rows": 33, "Plan Width": 0, "Index Cond": "(keyword_id = k.id)"}]}]}, {"Node Type": "Index Scan", "Parent Relationship": "Inner", "Scan Direction": "Forward", "Index Name": "movie_id_cast_info", "Relation Name": "cast_info", "Alias": "ci", "Startup Cost": 0.0, "Total Cost": 0.7, "Plan Rows": 6, "Plan Width": 8, "Index Cond": "(movie_id = mk.movie_id)"}]}, {"Node Type": "Index Scan", "Parent Relationship": "Inner", "Scan Direction": "Forward", "Index Name": "name_pkey", "Relation Name": "name", "Alias": "n", "Startup Cost": 0.0, "Total Cost": 0.28, "Plan Rows": 1, "Plan Width": 19, "Index Cond": "(id = ci.person_id)", "Filter": "((name)::text ~~ '%Downey%Robert%'::text)"}]}, {"Node Type": "Index Scan", "Parent Relationship": "Inner", "Scan Direction": "Forward", "Index Name": "title_pkey", "Relation Name": "title", "Alias": "t", "Startup Cost": 0.0, "Total Cost": 0.28, "Plan Rows": 1, "Plan Width": 21, "Index Cond": "(id = ci.movie_id)", "Filter": "(production_year > 2010)"}]}]}, "Unique SQL Id": 4208751436, "Planner Runtime": 5}, "explain_analyze_plan": {"Plan": {"Node Type": "Aggregate", "Strategy": "Plain", "Startup Cost": 2653.12, "Total Cost": 2653.13, "Plan Rows": 1, "Plan Width": 144, "Actual Startup Time": 49.672, "Actual Total Time": 49.672, "Actual Rows": 1, "Actual Loops": 1, "Plans": [{"Node Type": "Nested Loop", "Parent Relationship": "Outer", "Join Type": "Inner", "Startup Cost": 4.51, "Total Cost": 2653.12, "Plan Rows": 1, "Plan Width": 48, "Actual Startup Time": 2.684, "Actual Total Time": 49.638, "Actual Rows": 6, "Actual Loops": 1, "Inner Unique": true, "Join Filter": "(mk.movie_id = t.id)", "Rows Removed by Join Filter": 0, "Plans": [{"Node Type": "Nested Loop", "Parent Relationship": "Outer", "Join Type": "Inner", "Startup Cost": 4.51, "Total Cost": 2652.83, "Plan Rows": 1, "Plan Width": 39, "Actual Startup Time": 2.651, "Actual Total Time": 49.565, "Actual Rows": 6, "Actual Loops": 1, "Inner Unique": true, "Plans": [{"Node Type": "Nested Loop", "Parent Relationship": "Outer", "Join Type": "Inner", "Startup Cost": 4.51, "Total Cost": 2594.27, "Plan Rows": 202, "Plan Width": 28, "Actual Startup Time": 1.11, "Actual Total Time": 42.722, "Actual Rows": 1242, "Actual Loops": 1, "Inner Unique": false, "Plans": [{"Node Type": "Nested Loop", "Parent Relationship": "Outer", "Join Type": "Inner", "Startup Cost": 4.51, "Total Cost": 2569.02, "Plan Rows": 33, "Plan Width": 20, "Actual Startup Time": 1.094, "Actual Total Time": 40.566, "Actual Rows": 14, "Actual Loops": 1, "Inner Unique": false, "Plans": [{"Node Type": "Seq Scan", "Parent Relationship": "Outer", "Relation Name": "keyword", "Alias": "k", "Startup Cost": 0.0, "Total Cost": 2436.11, "Plan Rows": 1, "Plan Width": 20, "Actual Startup Time": 1.054, "Actual Total Time": 40.487, "Actual Rows": 1, "Actual Loops": 1, "Filter": "((keyword)::text = 'marvel-cinematic-universe'::text)", "Rows Removed by Filter": 134168}, {"Node Type": "Bitmap Heap Scan", "Parent Relationship": "Inner", "Relation Name": "movie_keyword", "Alias": "mk", "Startup Cost": 4.51, "Total Cost": 132.58, "Plan Rows": 33, "Plan Width": 8, "Actual Startup Time": 0.033, "Actual Total Time": 0.066, "Actual Rows": 14, "Actual Loops": 1, "Recheck Cond": "(keyword_id = k.id)", "Rows Removed by Index Recheck": 0, "Exact Heap Blocks": 13, "Lossy Heap Blocks": 13, "Plans": [{"Node Type": "Bitmap Index Scan", "Parent Relationship": "Outer", "Index Name": "keyword_id_movie_keyword", "Startup Cost": 0.0, "Total Cost": 4.5, "Plan Rows": 33, "Plan Width": 0, "Actual Startup Time": 0.019, "Actual Total Time": 0.019, "Actual Rows": 14, "Actual Loops": 1, "Index Cond": "(keyword_id = k.id)"}]}]}, {"Node Type": "Index Scan", "Parent Relationship": "Inner", "Scan Direction": "Forward", "Index Name": "movie_id_cast_info", "Relation Name": "cast_info", "Alias": "ci", "Startup Cost": 0.0, "Total Cost": 0.7, "Plan Rows": 6, "Plan Width": 8, "Actual Startup Time": 0.166, "Actual Total Time": 1.857, "Actual Rows": 1242, "Actual Loops": 14, "Index Cond": "(movie_id = mk.movie_id)", "Rows Removed by Index Recheck": 0}]}, {"Node Type": "Index Scan", "Parent Relationship": "Inner", "Scan Direction": "Forward", "Index Name": "name_pkey", "Relation Name": "name", "Alias": "n", "Startup Cost": 0.0, "Total Cost": 0.28, "Plan Rows": 1, "Plan Width": 19, "Actual Startup Time": 6.233, "Actual Total Time": 6.233, "Actual Rows": 6, "Actual Loops": 1242, "Index Cond": "(id = ci.person_id)", "Rows Removed by Index Recheck": 0, "Filter": "((name)::text ~~ '%Downey%Robert%'::text)", "Rows Removed by Filter": 1236}]}, {"Node Type": "Index Scan", "Parent Relationship": "Inner", "Scan Direction": "Forward", "Index Name": "title_pkey", "Relation Name": "title", "Alias": "t", "Startup Cost": 0.0, "Total Cost": 0.28, "Plan Rows": 1, "Plan Width": 21, "Actual Startup Time": 0.047, "Actual Total Time": 0.047, "Actual Rows": 6, "Actual Loops": 6, "Index Cond": "(id = ci.movie_id)", "Rows Removed by Index Recheck": 0, "Filter": "(production_year > 2010)", "Rows Removed by Filter": 0}]}]}, "Triggers": [], "Planner Runtime": 8.753, "Total Runtime": 49.979, "Unique SQL Id": 4208751436}}, "(16, '81')": {"explain_plan": {"Plan": {"Node Type": "Aggregate", "Strategy": "Plain", "Startup Cost": 3418.58, "Total Cost": 3418.59, "Plan Rows": 1, "Plan Width": 144, "Plans": [{"Node Type": "Nested Loop", "Parent Relationship": "Outer", "Join Type": "Inner", "Startup Cost": 4.51, "Total Cost": 3417.51, "Plan Rows": 143, "Plan Width": 48, "Inner Unique": true, "Plans": [{"Node Type": "Nested Loop", "Parent Relationship": "Outer", "Join Type": "Inner", "Startup Cost": 4.51, "Total Cost": 3354.32, "Plan Rows": 218, "Plan Width": 37, "Inner Unique": false, "Join Filter": "(t.id = ci.movie_id)", "Plans": [{"Node Type": "Nested Loop", "Parent Relationship": "Outer", "Join Type": "Inner", "Startup Cost": 4.51, "Total Cost": 3326.24, "Plan Rows": 36, "Plan Width": 41, "Inner Unique": true, "Plans": [{"Node Type": "Nested Loop", "Parent Relationship": "Outer", "Join Type": "Inner", "Startup Cost": 4.51, "Total Cost": 3315.63, "Plan Rows": 33, "Plan Width": 20, "Inner Unique": false, "Plans": [{"Node Type": "Index Scan", "Parent Relationship": "Outer", "Scan Direction": "Forward", "Index Name": "keyword_pkey", "Relation Name": "keyword", "Alias": "k", "Startup Cost": 0.0, "Total Cost": 3182.72, "Plan Rows": 1, "Plan Width": 20, "Filter": "((keyword)::text = 'marvel-cinematic-universe'::text)"}, {"Node Type": "Bitmap Heap Scan", "Parent Relationship": "Inner", "Relation Name": "movie_keyword", "Alias": "mk", "Startup Cost": 4.51, "Total Cost": 132.58, "Plan Rows": 33, "Plan Width": 8, "Recheck Cond": "(keyword_id = k.id)", "Plans": [{"Node Type": "Bitmap Index Scan", "Parent Relationship": "Outer", "Index Name": "keyword_id_movie_keyword", "Startup Cost": 0.0, "Total Cost": 4.5, "Plan Rows": 33, "Plan Width": 0, "Index Cond": "(keyword_id = k.id)"}]}]}, {"Node Type": "Index Scan", "Parent Relationship": "Inner", "Scan Direction": "Forward", "Index Name": "title_pkey", "Relation Name": "title", "Alias": "t", "Startup Cost": 0.0, "Total Cost": 0.31, "Plan Rows": 1, "Plan Width": 21, "Index Cond": "(id = mk.movie_id)", "Filter": "(production_year > 2010)"}]}, {"Node Type": "Index Scan", "Parent Relationship": "Inner", "Scan Direction": "Forward", "Index Name": "movie_id_cast_info", "Relation Name": "cast_info", "Alias": "ci", "Startup Cost": 0.0, "Total Cost": 0.7, "Plan Rows": 6, "Plan Width": 8, "Index Cond": "(movie_id = mk.movie_id)"}]}, {"Node Type": "Index Scan", "Parent Relationship": "Inner", "Scan Direction": "Forward", "Index Name": "name_pkey", "Relation Name": "name", "Alias": "n", "Startup Cost": 0.0, "Total Cost": 0.28, "Plan Rows": 1, "Plan Width": 19, "Index Cond": "(id = ci.person_id)", "Filter": "((name)::text ~~ '%Downey%Robert%'::text)"}]}]}, "Unique SQL Id": 4208751436, "Planner Runtime": 5}, "explain_analyze_plan": {"Plan": {"Node Type": "Aggregate", "Strategy": "Plain", "Startup Cost": 3418.58, "Total Cost": 3418.59, "Plan Rows": 1, "Plan Width": 144, "Actual Startup Time": 123.665, "Actual Total Time": 123.666, "Actual Rows": 1, "Actual Loops": 1, "Plans": [{"Node Type": "Nested Loop", "Parent Relationship": "Outer", "Join Type": "Inner", "Startup Cost": 4.51, "Total Cost": 3417.51, "Plan Rows": 143, "Plan Width": 48, "Actual Startup Time": 8.653, "Actual Total Time": 123.629, "Actual Rows": 6, "Actual Loops": 1, "Inner Unique": true, "Plans": [{"Node Type": "Nested Loop", "Parent Relationship": "Outer", "Join Type": "Inner", "Startup Cost": 4.51, "Total Cost": 3354.32, "Plan Rows": 218, "Plan Width": 37, "Actual Startup Time": 7.003, "Actual Total Time": 116.075, "Actual Rows": 1224, "Actual Loops": 1, "Inner Unique": false, "Join Filter": "(t.id = ci.movie_id)", "Rows Removed by Join Filter": 0, "Plans": [{"Node Type": "Nested Loop", "Parent Relationship": "Outer", "Join Type": "Inner", "Startup Cost": 4.51, "Total Cost": 3326.24, "Plan Rows": 36, "Plan Width": 41, "Actual Startup Time": 6.987, "Actual Total Time": 113.724, "Actual Rows": 11, "Actual Loops": 1, "Inner Unique": true, "Plans": [{"Node Type": "Nested Loop", "Parent Relationship": "Outer", "Join Type": "Inner", "Startup Cost": 4.51, "Total Cost": 3315.63, "Plan Rows": 33, "Plan Width": 20, "Actual Startup Time": 6.971, "Actual Total Time": 113.606, "Actual Rows": 14, "Actual Loops": 1, "Inner Unique": false, "Plans": [{"Node Type": "Index Scan", "Parent Relationship": "Outer", "Scan Direction": "Forward", "Index Name": "keyword_pkey", "Relation Name": "keyword", "Alias": "k", "Startup Cost": 0.0, "Total Cost": 3182.72, "Plan Rows": 1, "Plan Width": 20, "Actual Startup Time": 6.929, "Actual Total Time": 113.522, "Actual Rows": 1, "Actual Loops": 1, "Filter": "((keyword)::text = 'marvel-cinematic-universe'::text)", "Rows Removed by Filter": 134168}, {"Node Type": "Bitmap Heap Scan", "Parent Relationship": "Inner", "Relation Name": "movie_keyword", "Alias": "mk", "Startup Cost": 4.51, "Total Cost": 132.58, "Plan Rows": 33, "Plan Width": 8, "Actual Startup Time": 0.033, "Actual Total Time": 0.069, "Actual Rows": 14, "Actual Loops": 1, "Recheck Cond": "(keyword_id = k.id)", "Rows Removed by Index Recheck": 0, "Exact Heap Blocks": 13, "Lossy Heap Blocks": 13, "Plans": [{"Node Type": "Bitmap Index Scan", "Parent Relationship": "Outer", "Index Name": "keyword_id_movie_keyword", "Startup Cost": 0.0, "Total Cost": 4.5, "Plan Rows": 33, "Plan Width": 0, "Actual Startup Time": 0.019, "Actual Total Time": 0.019, "Actual Rows": 14, "Actual Loops": 1, "Index Cond": "(keyword_id = k.id)"}]}]}, {"Node Type": "Index Scan", "Parent Relationship": "Inner", "Scan Direction": "Forward", "Index Name": "title_pkey", "Relation Name": "title", "Alias": "t", "Startup Cost": 0.0, "Total Cost": 0.31, "Plan Rows": 1, "Plan Width": 21, "Actual Startup Time": 0.098, "Actual Total Time": 0.098, "Actual Rows": 11, "Actual Loops": 14, "Index Cond": "(id = mk.movie_id)", "Rows Removed by Index Recheck": 0, "Filter": "(production_year > 2010)", "Rows Removed by Filter": 3}]}, {"Node Type": "Index Scan", "Parent Relationship": "Inner", "Scan Direction": "Forward", "Index Name": "movie_id_cast_info", "Relation Name": "cast_info", "Alias": "ci", "Startup Cost": 0.0, "Total Cost": 0.7, "Plan Rows": 6, "Plan Width": 8, "Actual Startup Time": 0.145, "Actual Total Time": 1.872, "Actual Rows": 1224, "Actual Loops": 11, "Index Cond": "(movie_id = mk.movie_id)", "Rows Removed by Index Recheck": 0}]}, {"Node Type": "Index Scan", "Parent Relationship": "Inner", "Scan Direction": "Forward", "Index Name": "name_pkey", "Relation Name": "name", "Alias": "n", "Startup Cost": 0.0, "Total Cost": 0.28, "Plan Rows": 1, "Plan Width": 19, "Actual Startup Time": 6.339, "Actual Total Time": 6.339, "Actual Rows": 6, "Actual Loops": 1224, "Index Cond": "(id = ci.person_id)", "Rows Removed by Index Recheck": 0, "Filter": "((name)::text ~~ '%Downey%Robert%'::text)", "Rows Removed by Filter": 1218}]}]}, "Triggers": [], "Planner Runtime": 10.03, "Total Runtime": 123.994, "Unique SQL Id": 4208751436}}, "(16, '82')": {"explain_plan": {"Plan": {"Node Type": "Aggregate", "Strategy": "Plain", "Startup Cost": 3810.23, "Total Cost": 3810.24, "Plan Rows": 1, "Plan Width": 144, "Plans": [{"Node Type": "Nested Loop", "Parent Relationship": "Outer", "Join Type": "Inner", "Startup Cost": 5.45, "Total Cost": 3809.16, "Plan Rows": 143, "Plan Width": 48, "Inner Unique": true, "Plans": [{"Node Type": "Nested Loop", "Parent Relationship": "Outer", "Join Type": "Inner", "Startup Cost": 5.19, "Total Cost": 2875.14, "Plan Rows": 218, "Plan Width": 37, "Inner Unique": false, "Join Filter": "(t.id = ci.movie_id)", "Plans": [{"Node Type": "Nested Loop", "Parent Relationship": "Outer", "Join Type": "Inner", "Startup Cost": 4.77, "Total Cost": 2710.63, "Plan Rows": 36, "Plan Width": 41, "Inner Unique": true, "Plans": [{"Node Type": "Nested Loop", "Parent Relationship": "Outer", "Join Type": "Inner", "Startup Cost": 4.51, "Total Cost": 2569.02, "Plan Rows": 33, "Plan Width": 20, "Inner Unique": false, "Plans": [{"Node Type": "Seq Scan", "Parent Relationship": "Outer", "Relation Name": "keyword", "Alias": "k", "Startup Cost": 0.0, "Total Cost": 2436.11, "Plan Rows": 1, "Plan Width": 20, "Filter": "((keyword)::text = 'marvel-cinematic-universe'::text)"}, {"Node Type": "Bitmap Heap Scan", "Parent Relationship": "Inner", "Relation Name": "movie_keyword", "Alias": "mk", "Startup Cost": 4.51, "Total Cost": 132.58, "Plan Rows": 33, "Plan Width": 8, "Recheck Cond": "(keyword_id = k.id)", "Plans": [{"Node Type": "Bitmap Index Scan", "Parent Relationship": "Outer", "Index Name": "keyword_id_movie_keyword", "Startup Cost": 0.0, "Total Cost": 4.5, "Plan Rows": 33, "Plan Width": 0, "Index Cond": "(keyword_id = k.id)"}]}]}, {"Node Type": "Bitmap Heap Scan", "Parent Relationship": "Inner", "Relation Name": "title", "Alias": "t", "Startup Cost": 0.27, "Total Cost": 4.28, "Plan Rows": 1, "Plan Width": 21, "Recheck Cond": "(id = mk.movie_id)", "Filter": "(production_year > 2010)", "Plans": [{"Node Type": "Bitmap Index Scan", "Parent Relationship": "Outer", "Index Name": "title_pkey", "Startup Cost": 0.0, "Total Cost": 0.27, "Plan Rows": 1, "Plan Width": 0, "Index Cond": "(id = mk.movie_id)"}]}]}, {"Node Type": "Bitmap Heap Scan", "Parent Relationship": "Inner", "Relation Name": "cast_info", "Alias": "ci", "Startup Cost": 0.42, "Total Cost": 4.49, "Plan Rows": 6, "Plan Width": 8, "Recheck Cond": "(movie_id = mk.movie_id)", "Plans": [{"Node Type": "Bitmap Index Scan", "Parent Relationship": "Outer", "Index Name": "movie_id_cast_info", "Startup Cost": 0.0, "Total Cost": 0.42, "Plan Rows": 6, "Plan Width": 0, "Index Cond": "(movie_id = mk.movie_id)"}]}]}, {"Node Type": "Bitmap Heap Scan", "Parent Relationship": "Inner", "Relation Name": "name", "Alias": "n", "Startup Cost": 0.26, "Total Cost": 4.27, "Plan Rows": 1, "Plan Width": 19, "Recheck Cond": "(id = ci.person_id)", "Filter": "((name)::text ~~ '%Downey%Robert%'::text)", "Plans": [{"Node Type": "Bitmap Index Scan", "Parent Relationship": "Outer", "Index Name": "name_pkey", "Startup Cost": 0.0, "Total Cost": 0.26, "Plan Rows": 1, "Plan Width": 0, "Index Cond": "(id = ci.person_id)"}]}]}]}, "Unique SQL Id": 4208751436, "Planner Runtime": 6}, "explain_analyze_plan": {"Plan": {"Node Type": "Aggregate", "Strategy": "Plain", "Startup Cost": 3810.23, "Total Cost": 3810.24, "Plan Rows": 1, "Plan Width": 144, "Actual Startup Time": 53.114, "Actual Total Time": 53.114, "Actual Rows": 1, "Actual Loops": 1, "Plans": [{"Node Type": "Nested Loop", "Parent Relationship": "Outer", "Join Type": "Inner", "Startup Cost": 5.45, "Total Cost": 3809.16, "Plan Rows": 143, "Plan Width": 48, "Actual Startup Time": 3.683, "Actual Total Time": 53.075, "Actual Rows": 6, "Actual Loops": 1, "Inner Unique": true, "Plans": [{"Node Type": "Nested Loop", "Parent Relationship": "Outer", "Join Type": "Inner", "Startup Cost": 5.19, "Total Cost": 2875.14, "Plan Rows": 218, "Plan Width": 37, "Actual Startup Time": 1.272, "Actual Total Time": 44.468, "Actual Rows": 1224, "Actual Loops": 1, "Inner Unique": false, "Join Filter": "(t.id = ci.movie_id)", "Rows Removed by Join Filter": 0, "Plans": [{"Node Type": "Nested Loop", "Parent Relationship": "Outer", "Join Type": "Inner", "Startup Cost": 4.77, "Total Cost": 2710.63, "Plan Rows": 36, "Plan Width": 41, "Actual Startup Time": 1.234, "Actual Total Time": 41.314, "Actual Rows": 11, "Actual Loops": 1, "Inner Unique": true, "Plans": [{"Node Type": "Nested Loop", "Parent Relationship": "Outer", "Join Type": "Inner", "Startup Cost": 4.51, "Total Cost": 2569.02, "Plan Rows": 33, "Plan Width": 20, "Actual Startup Time": 1.105, "Actual Total Time": 40.546, "Actual Rows": 14, "Actual Loops": 1, "Inner Unique": false, "Plans": [{"Node Type": "Seq Scan", "Parent Relationship": "Outer", "Relation Name": "keyword", "Alias": "k", "Startup Cost": 0.0, "Total Cost": 2436.11, "Plan Rows": 1, "Plan Width": 20, "Actual Startup Time": 1.064, "Actual Total Time": 40.47, "Actual Rows": 1, "Actual Loops": 1, "Filter": "((keyword)::text = 'marvel-cinematic-universe'::text)", "Rows Removed by Filter": 134168}, {"Node Type": "Bitmap Heap Scan", "Parent Relationship": "Inner", "Relation Name": "movie_keyword", "Alias": "mk", "Startup Cost": 4.51, "Total Cost": 132.58, "Plan Rows": 33, "Plan Width": 8, "Actual Startup Time": 0.033, "Actual Total Time": 0.059, "Actual Rows": 14, "Actual Loops": 1, "Recheck Cond": "(keyword_id = k.id)", "Rows Removed by Index Recheck": 0, "Exact Heap Blocks": 13, "Lossy Heap Blocks": 13, "Plans": [{"Node Type": "Bitmap Index Scan", "Parent Relationship": "Outer", "Index Name": "keyword_id_movie_keyword", "Startup Cost": 0.0, "Total Cost": 4.5, "Plan Rows": 33, "Plan Width": 0, "Actual Startup Time": 0.019, "Actual Total Time": 0.019, "Actual Rows": 14, "Actual Loops": 1, "Index Cond": "(keyword_id = k.id)"}]}]}, {"Node Type": "Bitmap Heap Scan", "Parent Relationship": "Inner", "Relation Name": "title", "Alias": "t", "Startup Cost": 0.27, "Total Cost": 4.28, "Plan Rows": 1, "Plan Width": 21, "Actual Startup Time": 0.736, "Actual Total Time": 0.736, "Actual Rows": 11, "Actual Loops": 14, "Recheck Cond": "(id = mk.movie_id)", "Rows Removed by Index Recheck": 0, "Filter": "(production_year > 2010)", "Rows Removed by Filter": 3, "Exact Heap Blocks": 14, "Lossy Heap Blocks": 14, "Plans": [{"Node Type": "Bitmap Index Scan", "Parent Relationship": "Outer", "Index Name": "title_pkey", "Startup Cost": 0.0, "Total Cost": 0.27, "Plan Rows": 1, "Plan Width": 0, "Actual Startup Time": 0.426, "Actual Total Time": 0.426, "Actual Rows": 14, "Actual Loops": 14, "Index Cond": "(id = mk.movie_id)"}]}]}, {"Node Type": "Bitmap Heap Scan", "Parent Relationship": "Inner", "Relation Name": "cast_info", "Alias": "ci", "Startup Cost": 0.42, "Total Cost": 4.49, "Plan Rows": 6, "Plan Width": 8, "Actual Startup Time": 0.609, "Actual Total Time": 2.58, "Actual Rows": 1224, "Actual Loops": 11, "Recheck Cond": "(movie_id = mk.movie_id)", "Rows Removed by Index Recheck": 0, "Exact Heap Blocks": 1166, "Lossy Heap Blocks": 1166, "Plans": [{"Node Type": "Bitmap Index Scan", "Parent Relationship": "Outer", "Index Name": "movie_id_cast_info", "Startup Cost": 0.0, "Total Cost": 0.42, "Plan Rows": 6, "Plan Width": 0, "Actual Startup Time": 0.383, "Actual Total Time": 0.383, "Actual Rows": 1224, "Actual Loops": 11, "Index Cond": "(movie_id = mk.movie_id)"}]}]}, {"Node Type": "Bitmap Heap Scan", "Parent Relationship": "Inner", "Relation Name": "name", "Alias": "n", "Startup Cost": 0.26, "Total Cost": 4.27, "Plan Rows": 1, "Plan Width": 19, "Actual Startup Time": 7.233, "Actual Total Time": 7.233, "Actual Rows": 6, "Actual Loops": 1224, "Recheck Cond": "(id = ci.person_id)", "Rows Removed by Index Recheck": 0, "Filter": "((name)::text ~~ '%Downey%Robert%'::text)", "Rows Removed by Filter": 1218, "Exact Heap Blocks": 1224, "Lossy Heap Blocks": 1224, "Plans": [{"Node Type": "Bitmap Index Scan", "Parent Relationship": "Outer", "Index Name": "name_pkey", "Startup Cost": 0.0, "Total Cost": 0.26, "Plan Rows": 1, "Plan Width": 0, "Actual Startup Time": 4.403, "Actual Total Time": 4.403, "Actual Rows": 1224, "Actual Loops": 1224, "Index Cond": "(id = ci.person_id)"}]}]}]}, "Triggers": [], "Planner Runtime": 12.374, "Total Runtime": 53.382, "Unique SQL Id": 4208751436}}, "(16, '83')": {"explain_plan": {"Plan": {"Node Type": "Aggregate", "Strategy": "Plain", "Startup Cost": 4529.32, "Total Cost": 4529.33, "Plan Rows": 1, "Plan Width": 144, "Plans": [{"Node Type": "Nested Loop", "Parent Relationship": "Outer", "Join Type": "Inner", "Startup Cost": 724.55, "Total Cost": 4528.25, "Plan Rows": 143, "Plan Width": 48, "Inner Unique": true, "Plans": [{"Node Type": "Nested Loop", "Parent Relationship": "Outer", "Join Type": "Inner", "Startup Cost": 724.29, "Total Cost": 3594.24, "Plan Rows": 218, "Plan Width": 37, "Inner Unique": false, "Join Filter": "(t.id = ci.movie_id)", "Plans": [{"Node Type": "Nested Loop", "Parent Relationship": "Outer", "Join Type": "Inner", "Startup Cost": 723.87, "Total Cost": 3429.72, "Plan Rows": 36, "Plan Width": 41, "Inner Unique": true, "Plans": [{"Node Type": "Nested Loop", "Parent Relationship": "Outer", "Join Type": "Inner", "Startup Cost": 723.6, "Total Cost": 3288.12, "Plan Rows": 33, "Plan Width": 20, "Inner Unique": false, "Plans": [{"Node Type": "Bitmap Heap Scan", "Parent Relationship": "Outer", "Relation Name": "keyword", "Alias": "k", "Startup Cost": 719.1, "Total Cost": 3155.21, "Plan Rows": 1, "Plan Width": 20, "Filter": "((keyword)::text = 'marvel-cinematic-universe'::text)", "Plans": [{"Node Type": "Bitmap Index Scan", "Parent Relationship": "Outer", "Index Name": "keyword_pkey", "Startup Cost": 0.0, "Total Cost": 719.1, "Plan Rows": 134169, "Plan Width": 0}]}, {"Node Type": "Bitmap Heap Scan", "Parent Relationship": "Inner", "Relation Name": "movie_keyword", "Alias": "mk", "Startup Cost": 4.51, "Total Cost": 132.58, "Plan Rows": 33, "Plan Width": 8, "Recheck Cond": "(keyword_id = k.id)", "Plans": [{"Node Type": "Bitmap Index Scan", "Parent Relationship": "Outer", "Index Name": "keyword_id_movie_keyword", "Startup Cost": 0.0, "Total Cost": 4.5, "Plan Rows": 33, "Plan Width": 0, "Index Cond": "(keyword_id = k.id)"}]}]}, {"Node Type": "Bitmap Heap Scan", "Parent Relationship": "Inner", "Relation Name": "title", "Alias": "t", "Startup Cost": 0.27, "Total Cost": 4.28, "Plan Rows": 1, "Plan Width": 21, "Recheck Cond": "(id = mk.movie_id)", "Filter": "(production_year > 2010)", "Plans": [{"Node Type": "Bitmap Index Scan", "Parent Relationship": "Outer", "Index Name": "title_pkey", "Startup Cost": 0.0, "Total Cost": 0.27, "Plan Rows": 1, "Plan Width": 0, "Index Cond": "(id = mk.movie_id)"}]}]}, {"Node Type": "Bitmap Heap Scan", "Parent Relationship": "Inner", "Relation Name": "cast_info", "Alias": "ci", "Startup Cost": 0.42, "Total Cost": 4.49, "Plan Rows": 6, "Plan Width": 8, "Recheck Cond": "(movie_id = mk.movie_id)", "Plans": [{"Node Type": "Bitmap Index Scan", "Parent Relationship": "Outer", "Index Name": "movie_id_cast_info", "Startup Cost": 0.0, "Total Cost": 0.42, "Plan Rows": 6, "Plan Width": 0, "Index Cond": "(movie_id = mk.movie_id)"}]}]}, {"Node Type": "Bitmap Heap Scan", "Parent Relationship": "Inner", "Relation Name": "name", "Alias": "n", "Startup Cost": 0.26, "Total Cost": 4.27, "Plan Rows": 1, "Plan Width": 19, "Recheck Cond": "(id = ci.person_id)", "Filter": "((name)::text ~~ '%Downey%Robert%'::text)", "Plans": [{"Node Type": "Bitmap Index Scan", "Parent Relationship": "Outer", "Index Name": "name_pkey", "Startup Cost": 0.0, "Total Cost": 0.26, "Plan Rows": 1, "Plan Width": 0, "Index Cond": "(id = ci.person_id)"}]}]}]}, "Unique SQL Id": 4208751436, "Planner Runtime": 5}, "explain_analyze_plan": {"Plan": {"Node Type": "Aggregate", "Strategy": "Plain", "Startup Cost": 4529.32, "Total Cost": 4529.33, "Plan Rows": 1, "Plan Width": 144, "Actual Startup Time": 72.661, "Actual Total Time": 72.661, "Actual Rows": 1, "Actual Loops": 1, "Plans": [{"Node Type": "Nested Loop", "Parent Relationship": "Outer", "Join Type": "Inner", "Startup Cost": 724.55, "Total Cost": 4528.25, "Plan Rows": 143, "Plan Width": 48, "Actual Startup Time": 14.187, "Actual Total Time": 72.625, "Actual Rows": 6, "Actual Loops": 1, "Inner Unique": true, "Plans": [{"Node Type": "Nested Loop", "Parent Relationship": "Outer", "Join Type": "Inner", "Startup Cost": 724.29, "Total Cost": 3594.24, "Plan Rows": 218, "Plan Width": 37, "Actual Startup Time": 12.089, "Actual Total Time": 64.002, "Actual Rows": 1224, "Actual Loops": 1, "Inner Unique": false, "Join Filter": "(t.id = ci.movie_id)", "Rows Removed by Join Filter": 0, "Plans": [{"Node Type": "Nested Loop", "Parent Relationship": "Outer", "Join Type": "Inner", "Startup Cost": 723.87, "Total Cost": 3429.72, "Plan Rows": 36, "Plan Width": 41, "Actual Startup Time": 12.062, "Actual Total Time": 60.973, "Actual Rows": 11, "Actual Loops": 1, "Inner Unique": true, "Plans": [{"Node Type": "Nested Loop", "Parent Relationship": "Outer", "Join Type": "Inner", "Startup Cost": 723.6, "Total Cost": 3288.12, "Plan Rows": 33, "Plan Width": 20, "Actual Startup Time": 12.043, "Actual Total Time": 60.833, "Actual Rows": 14, "Actual Loops": 1, "Inner Unique": false, "Plans": [{"Node Type": "Bitmap Heap Scan", "Parent Relationship": "Outer", "Relation Name": "keyword", "Alias": "k", "Startup Cost": 719.1, "Total Cost": 3155.21, "Plan Rows": 1, "Plan Width": 20, "Actual Startup Time": 12.006, "Actual Total Time": 60.762, "Actual Rows": 1, "Actual Loops": 1, "Filter": "((keyword)::text = 'marvel-cinematic-universe'::text)", "Rows Removed by Filter": 134168, "Exact Heap Blocks": 759, "Lossy Heap Blocks": 759, "Plans": [{"Node Type": "Bitmap Index Scan", "Parent Relationship": "Outer", "Index Name": "keyword_pkey", "Startup Cost": 0.0, "Total Cost": 719.1, "Plan Rows": 134169, "Plan Width": 0, "Actual Startup Time": 10.585, "Actual Total Time": 10.585, "Actual Rows": 134169, "Actual Loops": 1}]}, {"Node Type": "Bitmap Heap Scan", "Parent Relationship": "Inner", "Relation Name": "movie_keyword", "Alias": "mk", "Startup Cost": 4.51, "Total Cost": 132.58, "Plan Rows": 33, "Plan Width": 8, "Actual Startup Time": 0.026, "Actual Total Time": 0.054, "Actual Rows": 14, "Actual Loops": 1, "Recheck Cond": "(keyword_id = k.id)", "Rows Removed by Index Recheck": 0, "Exact Heap Blocks": 13, "Lossy Heap Blocks": 13, "Plans": [{"Node Type": "Bitmap Index Scan", "Parent Relationship": "Outer", "Index Name": "keyword_id_movie_keyword", "Startup Cost": 0.0, "Total Cost": 4.5, "Plan Rows": 33, "Plan Width": 0, "Actual Startup Time": 0.018, "Actual Total Time": 0.018, "Actual Rows": 14, "Actual Loops": 1, "Index Cond": "(keyword_id = k.id)"}]}]}, {"Node Type": "Bitmap Heap Scan", "Parent Relationship": "Inner", "Relation Name": "title", "Alias": "t", "Startup Cost": 0.27, "Total Cost": 4.28, "Plan Rows": 1, "Plan Width": 21, "Actual Startup Time": 0.113, "Actual Total Time": 0.113, "Actual Rows": 11, "Actual Loops": 14, "Recheck Cond": "(id = mk.movie_id)", "Rows Removed by Index Recheck": 0, "Filter": "(production_year > 2010)", "Rows Removed by Filter": 3, "Exact Heap Blocks": 14, "Lossy Heap Blocks": 14, "Plans": [{"Node Type": "Bitmap Index Scan", "Parent Relationship": "Outer", "Index Name": "title_pkey", "Startup Cost": 0.0, "Total Cost": 0.27, "Plan Rows": 1, "Plan Width": 0, "Actual Startup Time": 0.065, "Actual Total Time": 0.065, "Actual Rows": 14, "Actual Loops": 14, "Index Cond": "(id = mk.movie_id)"}]}]}, {"Node Type": "Bitmap Heap Scan", "Parent Relationship": "Inner", "Relation Name": "cast_info", "Alias": "ci", "Startup Cost": 0.42, "Total Cost": 4.49, "Plan Rows": 6, "Plan Width": 8, "Actual Startup Time": 0.561, "Actual Total Time": 2.548, "Actual Rows": 1224, "Actual Loops": 11, "Recheck Cond": "(movie_id = mk.movie_id)", "Rows Removed by Index Recheck": 0, "Exact Heap Blocks": 1166, "Lossy Heap Blocks": 1166, "Plans": [{"Node Type": "Bitmap Index Scan", "Parent Relationship": "Outer", "Index Name": "movie_id_cast_info", "Startup Cost": 0.0, "Total Cost": 0.42, "Plan Rows": 6, "Plan Width": 0, "Actual Startup Time": 0.352, "Actual Total Time": 0.352, "Actual Rows": 1224, "Actual Loops": 11, "Index Cond": "(movie_id = mk.movie_id)"}]}]}, {"Node Type": "Bitmap Heap Scan", "Parent Relationship": "Inner", "Relation Name": "name", "Alias": "n", "Startup Cost": 0.26, "Total Cost": 4.27, "Plan Rows": 1, "Plan Width": 19, "Actual Startup Time": 7.211, "Actual Total Time": 7.211, "Actual Rows": 6, "Actual Loops": 1224, "Recheck Cond": "(id = ci.person_id)", "Rows Removed by Index Recheck": 0, "Filter": "((name)::text ~~ '%Downey%Robert%'::text)", "Rows Removed by Filter": 1218, "Exact Heap Blocks": 1224, "Lossy Heap Blocks": 1224, "Plans": [{"Node Type": "Bitmap Index Scan", "Parent Relationship": "Outer", "Index Name": "name_pkey", "Startup Cost": 0.0, "Total Cost": 0.26, "Plan Rows": 1, "Plan Width": 0, "Actual Startup Time": 4.359, "Actual Total Time": 4.359, "Actual Rows": 1224, "Actual Loops": 1224, "Index Cond": "(id = ci.person_id)"}]}]}]}, "Triggers": [], "Planner Runtime": 6.386, "Total Runtime": 72.949, "Unique SQL Id": 4208751436}}, "(16, '84')": {"explain_plan": {"Plan": {"Node Type": "Aggregate", "Strategy": "Plain", "Startup Cost": 2653.12, "Total Cost": 2653.13, "Plan Rows": 1, "Plan Width": 144, "Plans": [{"Node Type": "Nested Loop", "Parent Relationship": "Outer", "Join Type": "Inner", "Startup Cost": 4.51, "Total Cost": 2653.12, "Plan Rows": 1, "Plan Width": 48, "Inner Unique": true, "Join Filter": "(mk.movie_id = t.id)", "Plans": [{"Node Type": "Nested Loop", "Parent Relationship": "Outer", "Join Type": "Inner", "Startup Cost": 4.51, "Total Cost": 2652.83, "Plan Rows": 1, "Plan Width": 39, "Inner Unique": true, "Plans": [{"Node Type": "Nested Loop", "Parent Relationship": "Outer", "Join Type": "Inner", "Startup Cost": 4.51, "Total Cost": 2594.27, "Plan Rows": 202, "Plan Width": 28, "Inner Unique": false, "Plans": [{"Node Type": "Nested Loop", "Parent Relationship": "Outer", "Join Type": "Inner", "Startup Cost": 4.51, "Total Cost": 2569.02, "Plan Rows": 33, "Plan Width": 20, "Inner Unique": false, "Plans": [{"Node Type": "Seq Scan", "Parent Relationship": "Outer", "Relation Name": "keyword", "Alias": "k", "Startup Cost": 0.0, "Total Cost": 2436.11, "Plan Rows": 1, "Plan Width": 20, "Filter": "((keyword)::text = 'marvel-cinematic-universe'::text)"}, {"Node Type": "Bitmap Heap Scan", "Parent Relationship": "Inner", "Relation Name": "movie_keyword", "Alias": "mk", "Startup Cost": 4.51, "Total Cost": 132.58, "Plan Rows": 33, "Plan Width": 8, "Recheck Cond": "(keyword_id = k.id)", "Plans": [{"Node Type": "Bitmap Index Scan", "Parent Relationship": "Outer", "Index Name": "keyword_id_movie_keyword", "Startup Cost": 0.0, "Total Cost": 4.5, "Plan Rows": 33, "Plan Width": 0, "Index Cond": "(keyword_id = k.id)"}]}]}, {"Node Type": "Index Scan", "Parent Relationship": "Inner", "Scan Direction": "Forward", "Index Name": "movie_id_cast_info", "Relation Name": "cast_info", "Alias": "ci", "Startup Cost": 0.0, "Total Cost": 0.7, "Plan Rows": 6, "Plan Width": 8, "Index Cond": "(movie_id = mk.movie_id)"}]}, {"Node Type": "Index Scan", "Parent Relationship": "Inner", "Scan Direction": "Forward", "Index Name": "name_pkey", "Relation Name": "name", "Alias": "n", "Startup Cost": 0.0, "Total Cost": 0.28, "Plan Rows": 1, "Plan Width": 19, "Index Cond": "(id = ci.person_id)", "Filter": "((name)::text ~~ '%Downey%Robert%'::text)"}]}, {"Node Type": "Index Scan", "Parent Relationship": "Inner", "Scan Direction": "Forward", "Index Name": "title_pkey", "Relation Name": "title", "Alias": "t", "Startup Cost": 0.0, "Total Cost": 0.28, "Plan Rows": 1, "Plan Width": 21, "Index Cond": "(id = ci.movie_id)", "Filter": "(production_year > 2010)"}]}]}, "Unique SQL Id": 4208751436, "Planner Runtime": 5}, "explain_analyze_plan": {"Plan": {"Node Type": "Aggregate", "Strategy": "Plain", "Startup Cost": 2653.12, "Total Cost": 2653.13, "Plan Rows": 1, "Plan Width": 144, "Actual Startup Time": 49.672, "Actual Total Time": 49.672, "Actual Rows": 1, "Actual Loops": 1, "Plans": [{"Node Type": "Nested Loop", "Parent Relationship": "Outer", "Join Type": "Inner", "Startup Cost": 4.51, "Total Cost": 2653.12, "Plan Rows": 1, "Plan Width": 48, "Actual Startup Time": 2.684, "Actual Total Time": 49.638, "Actual Rows": 6, "Actual Loops": 1, "Inner Unique": true, "Join Filter": "(mk.movie_id = t.id)", "Rows Removed by Join Filter": 0, "Plans": [{"Node Type": "Nested Loop", "Parent Relationship": "Outer", "Join Type": "Inner", "Startup Cost": 4.51, "Total Cost": 2652.83, "Plan Rows": 1, "Plan Width": 39, "Actual Startup Time": 2.651, "Actual Total Time": 49.565, "Actual Rows": 6, "Actual Loops": 1, "Inner Unique": true, "Plans": [{"Node Type": "Nested Loop", "Parent Relationship": "Outer", "Join Type": "Inner", "Startup Cost": 4.51, "Total Cost": 2594.27, "Plan Rows": 202, "Plan Width": 28, "Actual Startup Time": 1.11, "Actual Total Time": 42.722, "Actual Rows": 1242, "Actual Loops": 1, "Inner Unique": false, "Plans": [{"Node Type": "Nested Loop", "Parent Relationship": "Outer", "Join Type": "Inner", "Startup Cost": 4.51, "Total Cost": 2569.02, "Plan Rows": 33, "Plan Width": 20, "Actual Startup Time": 1.094, "Actual Total Time": 40.566, "Actual Rows": 14, "Actual Loops": 1, "Inner Unique": false, "Plans": [{"Node Type": "Seq Scan", "Parent Relationship": "Outer", "Relation Name": "keyword", "Alias": "k", "Startup Cost": 0.0, "Total Cost": 2436.11, "Plan Rows": 1, "Plan Width": 20, "Actual Startup Time": 1.054, "Actual Total Time": 40.487, "Actual Rows": 1, "Actual Loops": 1, "Filter": "((keyword)::text = 'marvel-cinematic-universe'::text)", "Rows Removed by Filter": 134168}, {"Node Type": "Bitmap Heap Scan", "Parent Relationship": "Inner", "Relation Name": "movie_keyword", "Alias": "mk", "Startup Cost": 4.51, "Total Cost": 132.58, "Plan Rows": 33, "Plan Width": 8, "Actual Startup Time": 0.033, "Actual Total Time": 0.066, "Actual Rows": 14, "Actual Loops": 1, "Recheck Cond": "(keyword_id = k.id)", "Rows Removed by Index Recheck": 0, "Exact Heap Blocks": 13, "Lossy Heap Blocks": 13, "Plans": [{"Node Type": "Bitmap Index Scan", "Parent Relationship": "Outer", "Index Name": "keyword_id_movie_keyword", "Startup Cost": 0.0, "Total Cost": 4.5, "Plan Rows": 33, "Plan Width": 0, "Actual Startup Time": 0.019, "Actual Total Time": 0.019, "Actual Rows": 14, "Actual Loops": 1, "Index Cond": "(keyword_id = k.id)"}]}]}, {"Node Type": "Index Scan", "Parent Relationship": "Inner", "Scan Direction": "Forward", "Index Name": "movie_id_cast_info", "Relation Name": "cast_info", "Alias": "ci", "Startup Cost": 0.0, "Total Cost": 0.7, "Plan Rows": 6, "Plan Width": 8, "Actual Startup Time": 0.166, "Actual Total Time": 1.857, "Actual Rows": 1242, "Actual Loops": 14, "Index Cond": "(movie_id = mk.movie_id)", "Rows Removed by Index Recheck": 0}]}, {"Node Type": "Index Scan", "Parent Relationship": "Inner", "Scan Direction": "Forward", "Index Name": "name_pkey", "Relation Name": "name", "Alias": "n", "Startup Cost": 0.0, "Total Cost": 0.28, "Plan Rows": 1, "Plan Width": 19, "Actual Startup Time": 6.233, "Actual Total Time": 6.233, "Actual Rows": 6, "Actual Loops": 1242, "Index Cond": "(id = ci.person_id)", "Rows Removed by Index Recheck": 0, "Filter": "((name)::text ~~ '%Downey%Robert%'::text)", "Rows Removed by Filter": 1236}]}, {"Node Type": "Index Scan", "Parent Relationship": "Inner", "Scan Direction": "Forward", "Index Name": "title_pkey", "Relation Name": "title", "Alias": "t", "Startup Cost": 0.0, "Total Cost": 0.28, "Plan Rows": 1, "Plan Width": 21, "Actual Startup Time": 0.047, "Actual Total Time": 0.047, "Actual Rows": 6, "Actual Loops": 6, "Index Cond": "(id = ci.movie_id)", "Rows Removed by Index Recheck": 0, "Filter": "(production_year > 2010)", "Rows Removed by Filter": 0}]}]}, "Triggers": [], "Planner Runtime": 8.753, "Total Runtime": 49.979, "Unique SQL Id": 4208751436}}, "(16, '85')": {"explain_plan": {"Plan": {"Node Type": "Aggregate", "Strategy": "Plain", "Startup Cost": 3418.58, "Total Cost": 3418.59, "Plan Rows": 1, "Plan Width": 144, "Plans": [{"Node Type": "Nested Loop", "Parent Relationship": "Outer", "Join Type": "Inner", "Startup Cost": 4.51, "Total Cost": 3417.51, "Plan Rows": 143, "Plan Width": 48, "Inner Unique": true, "Plans": [{"Node Type": "Nested Loop", "Parent Relationship": "Outer", "Join Type": "Inner", "Startup Cost": 4.51, "Total Cost": 3354.32, "Plan Rows": 218, "Plan Width": 37, "Inner Unique": false, "Join Filter": "(t.id = ci.movie_id)", "Plans": [{"Node Type": "Nested Loop", "Parent Relationship": "Outer", "Join Type": "Inner", "Startup Cost": 4.51, "Total Cost": 3326.24, "Plan Rows": 36, "Plan Width": 41, "Inner Unique": true, "Plans": [{"Node Type": "Nested Loop", "Parent Relationship": "Outer", "Join Type": "Inner", "Startup Cost": 4.51, "Total Cost": 3315.63, "Plan Rows": 33, "Plan Width": 20, "Inner Unique": false, "Plans": [{"Node Type": "Index Scan", "Parent Relationship": "Outer", "Scan Direction": "Forward", "Index Name": "keyword_pkey", "Relation Name": "keyword", "Alias": "k", "Startup Cost": 0.0, "Total Cost": 3182.72, "Plan Rows": 1, "Plan Width": 20, "Filter": "((keyword)::text = 'marvel-cinematic-universe'::text)"}, {"Node Type": "Bitmap Heap Scan", "Parent Relationship": "Inner", "Relation Name": "movie_keyword", "Alias": "mk", "Startup Cost": 4.51, "Total Cost": 132.58, "Plan Rows": 33, "Plan Width": 8, "Recheck Cond": "(keyword_id = k.id)", "Plans": [{"Node Type": "Bitmap Index Scan", "Parent Relationship": "Outer", "Index Name": "keyword_id_movie_keyword", "Startup Cost": 0.0, "Total Cost": 4.5, "Plan Rows": 33, "Plan Width": 0, "Index Cond": "(keyword_id = k.id)"}]}]}, {"Node Type": "Index Scan", "Parent Relationship": "Inner", "Scan Direction": "Forward", "Index Name": "title_pkey", "Relation Name": "title", "Alias": "t", "Startup Cost": 0.0, "Total Cost": 0.31, "Plan Rows": 1, "Plan Width": 21, "Index Cond": "(id = mk.movie_id)", "Filter": "(production_year > 2010)"}]}, {"Node Type": "Index Scan", "Parent Relationship": "Inner", "Scan Direction": "Forward", "Index Name": "movie_id_cast_info", "Relation Name": "cast_info", "Alias": "ci", "Startup Cost": 0.0, "Total Cost": 0.7, "Plan Rows": 6, "Plan Width": 8, "Index Cond": "(movie_id = mk.movie_id)"}]}, {"Node Type": "Index Scan", "Parent Relationship": "Inner", "Scan Direction": "Forward", "Index Name": "name_pkey", "Relation Name": "name", "Alias": "n", "Startup Cost": 0.0, "Total Cost": 0.28, "Plan Rows": 1, "Plan Width": 19, "Index Cond": "(id = ci.person_id)", "Filter": "((name)::text ~~ '%Downey%Robert%'::text)"}]}]}, "Unique SQL Id": 4208751436, "Planner Runtime": 5}, "explain_analyze_plan": {"Plan": {"Node Type": "Aggregate", "Strategy": "Plain", "Startup Cost": 3418.58, "Total Cost": 3418.59, "Plan Rows": 1, "Plan Width": 144, "Actual Startup Time": 123.665, "Actual Total Time": 123.666, "Actual Rows": 1, "Actual Loops": 1, "Plans": [{"Node Type": "Nested Loop", "Parent Relationship": "Outer", "Join Type": "Inner", "Startup Cost": 4.51, "Total Cost": 3417.51, "Plan Rows": 143, "Plan Width": 48, "Actual Startup Time": 8.653, "Actual Total Time": 123.629, "Actual Rows": 6, "Actual Loops": 1, "Inner Unique": true, "Plans": [{"Node Type": "Nested Loop", "Parent Relationship": "Outer", "Join Type": "Inner", "Startup Cost": 4.51, "Total Cost": 3354.32, "Plan Rows": 218, "Plan Width": 37, "Actual Startup Time": 7.003, "Actual Total Time": 116.075, "Actual Rows": 1224, "Actual Loops": 1, "Inner Unique": false, "Join Filter": "(t.id = ci.movie_id)", "Rows Removed by Join Filter": 0, "Plans": [{"Node Type": "Nested Loop", "Parent Relationship": "Outer", "Join Type": "Inner", "Startup Cost": 4.51, "Total Cost": 3326.24, "Plan Rows": 36, "Plan Width": 41, "Actual Startup Time": 6.987, "Actual Total Time": 113.724, "Actual Rows": 11, "Actual Loops": 1, "Inner Unique": true, "Plans": [{"Node Type": "Nested Loop", "Parent Relationship": "Outer", "Join Type": "Inner", "Startup Cost": 4.51, "Total Cost": 3315.63, "Plan Rows": 33, "Plan Width": 20, "Actual Startup Time": 6.971, "Actual Total Time": 113.606, "Actual Rows": 14, "Actual Loops": 1, "Inner Unique": false, "Plans": [{"Node Type": "Index Scan", "Parent Relationship": "Outer", "Scan Direction": "Forward", "Index Name": "keyword_pkey", "Relation Name": "keyword", "Alias": "k", "Startup Cost": 0.0, "Total Cost": 3182.72, "Plan Rows": 1, "Plan Width": 20, "Actual Startup Time": 6.929, "Actual Total Time": 113.522, "Actual Rows": 1, "Actual Loops": 1, "Filter": "((keyword)::text = 'marvel-cinematic-universe'::text)", "Rows Removed by Filter": 134168}, {"Node Type": "Bitmap Heap Scan", "Parent Relationship": "Inner", "Relation Name": "movie_keyword", "Alias": "mk", "Startup Cost": 4.51, "Total Cost": 132.58, "Plan Rows": 33, "Plan Width": 8, "Actual Startup Time": 0.033, "Actual Total Time": 0.069, "Actual Rows": 14, "Actual Loops": 1, "Recheck Cond": "(keyword_id = k.id)", "Rows Removed by Index Recheck": 0, "Exact Heap Blocks": 13, "Lossy Heap Blocks": 13, "Plans": [{"Node Type": "Bitmap Index Scan", "Parent Relationship": "Outer", "Index Name": "keyword_id_movie_keyword", "Startup Cost": 0.0, "Total Cost": 4.5, "Plan Rows": 33, "Plan Width": 0, "Actual Startup Time": 0.019, "Actual Total Time": 0.019, "Actual Rows": 14, "Actual Loops": 1, "Index Cond": "(keyword_id = k.id)"}]}]}, {"Node Type": "Index Scan", "Parent Relationship": "Inner", "Scan Direction": "Forward", "Index Name": "title_pkey", "Relation Name": "title", "Alias": "t", "Startup Cost": 0.0, "Total Cost": 0.31, "Plan Rows": 1, "Plan Width": 21, "Actual Startup Time": 0.098, "Actual Total Time": 0.098, "Actual Rows": 11, "Actual Loops": 14, "Index Cond": "(id = mk.movie_id)", "Rows Removed by Index Recheck": 0, "Filter": "(production_year > 2010)", "Rows Removed by Filter": 3}]}, {"Node Type": "Index Scan", "Parent Relationship": "Inner", "Scan Direction": "Forward", "Index Name": "movie_id_cast_info", "Relation Name": "cast_info", "Alias": "ci", "Startup Cost": 0.0, "Total Cost": 0.7, "Plan Rows": 6, "Plan Width": 8, "Actual Startup Time": 0.145, "Actual Total Time": 1.872, "Actual Rows": 1224, "Actual Loops": 11, "Index Cond": "(movie_id = mk.movie_id)", "Rows Removed by Index Recheck": 0}]}, {"Node Type": "Index Scan", "Parent Relationship": "Inner", "Scan Direction": "Forward", "Index Name": "name_pkey", "Relation Name": "name", "Alias": "n", "Startup Cost": 0.0, "Total Cost": 0.28, "Plan Rows": 1, "Plan Width": 19, "Actual Startup Time": 6.339, "Actual Total Time": 6.339, "Actual Rows": 6, "Actual Loops": 1224, "Index Cond": "(id = ci.person_id)", "Rows Removed by Index Recheck": 0, "Filter": "((name)::text ~~ '%Downey%Robert%'::text)", "Rows Removed by Filter": 1218}]}]}, "Triggers": [], "Planner Runtime": 10.03, "Total Runtime": 123.994, "Unique SQL Id": 4208751436}}, "(16, '86')": {"explain_plan": {"Plan": {"Node Type": "Aggregate", "Strategy": "Plain", "Startup Cost": 3810.23, "Total Cost": 3810.24, "Plan Rows": 1, "Plan Width": 144, "Plans": [{"Node Type": "Nested Loop", "Parent Relationship": "Outer", "Join Type": "Inner", "Startup Cost": 5.45, "Total Cost": 3809.16, "Plan Rows": 143, "Plan Width": 48, "Inner Unique": true, "Plans": [{"Node Type": "Nested Loop", "Parent Relationship": "Outer", "Join Type": "Inner", "Startup Cost": 5.19, "Total Cost": 2875.14, "Plan Rows": 218, "Plan Width": 37, "Inner Unique": false, "Join Filter": "(t.id = ci.movie_id)", "Plans": [{"Node Type": "Nested Loop", "Parent Relationship": "Outer", "Join Type": "Inner", "Startup Cost": 4.77, "Total Cost": 2710.63, "Plan Rows": 36, "Plan Width": 41, "Inner Unique": true, "Plans": [{"Node Type": "Nested Loop", "Parent Relationship": "Outer", "Join Type": "Inner", "Startup Cost": 4.51, "Total Cost": 2569.02, "Plan Rows": 33, "Plan Width": 20, "Inner Unique": false, "Plans": [{"Node Type": "Seq Scan", "Parent Relationship": "Outer", "Relation Name": "keyword", "Alias": "k", "Startup Cost": 0.0, "Total Cost": 2436.11, "Plan Rows": 1, "Plan Width": 20, "Filter": "((keyword)::text = 'marvel-cinematic-universe'::text)"}, {"Node Type": "Bitmap Heap Scan", "Parent Relationship": "Inner", "Relation Name": "movie_keyword", "Alias": "mk", "Startup Cost": 4.51, "Total Cost": 132.58, "Plan Rows": 33, "Plan Width": 8, "Recheck Cond": "(keyword_id = k.id)", "Plans": [{"Node Type": "Bitmap Index Scan", "Parent Relationship": "Outer", "Index Name": "keyword_id_movie_keyword", "Startup Cost": 0.0, "Total Cost": 4.5, "Plan Rows": 33, "Plan Width": 0, "Index Cond": "(keyword_id = k.id)"}]}]}, {"Node Type": "Bitmap Heap Scan", "Parent Relationship": "Inner", "Relation Name": "title", "Alias": "t", "Startup Cost": 0.27, "Total Cost": 4.28, "Plan Rows": 1, "Plan Width": 21, "Recheck Cond": "(id = mk.movie_id)", "Filter": "(production_year > 2010)", "Plans": [{"Node Type": "Bitmap Index Scan", "Parent Relationship": "Outer", "Index Name": "title_pkey", "Startup Cost": 0.0, "Total Cost": 0.27, "Plan Rows": 1, "Plan Width": 0, "Index Cond": "(id = mk.movie_id)"}]}]}, {"Node Type": "Bitmap Heap Scan", "Parent Relationship": "Inner", "Relation Name": "cast_info", "Alias": "ci", "Startup Cost": 0.42, "Total Cost": 4.49, "Plan Rows": 6, "Plan Width": 8, "Recheck Cond": "(movie_id = mk.movie_id)", "Plans": [{"Node Type": "Bitmap Index Scan", "Parent Relationship": "Outer", "Index Name": "movie_id_cast_info", "Startup Cost": 0.0, "Total Cost": 0.42, "Plan Rows": 6, "Plan Width": 0, "Index Cond": "(movie_id = mk.movie_id)"}]}]}, {"Node Type": "Bitmap Heap Scan", "Parent Relationship": "Inner", "Relation Name": "name", "Alias": "n", "Startup Cost": 0.26, "Total Cost": 4.27, "Plan Rows": 1, "Plan Width": 19, "Recheck Cond": "(id = ci.person_id)", "Filter": "((name)::text ~~ '%Downey%Robert%'::text)", "Plans": [{"Node Type": "Bitmap Index Scan", "Parent Relationship": "Outer", "Index Name": "name_pkey", "Startup Cost": 0.0, "Total Cost": 0.26, "Plan Rows": 1, "Plan Width": 0, "Index Cond": "(id = ci.person_id)"}]}]}]}, "Unique SQL Id": 4208751436, "Planner Runtime": 6}, "explain_analyze_plan": {"Plan": {"Node Type": "Aggregate", "Strategy": "Plain", "Startup Cost": 3810.23, "Total Cost": 3810.24, "Plan Rows": 1, "Plan Width": 144, "Actual Startup Time": 53.114, "Actual Total Time": 53.114, "Actual Rows": 1, "Actual Loops": 1, "Plans": [{"Node Type": "Nested Loop", "Parent Relationship": "Outer", "Join Type": "Inner", "Startup Cost": 5.45, "Total Cost": 3809.16, "Plan Rows": 143, "Plan Width": 48, "Actual Startup Time": 3.683, "Actual Total Time": 53.075, "Actual Rows": 6, "Actual Loops": 1, "Inner Unique": true, "Plans": [{"Node Type": "Nested Loop", "Parent Relationship": "Outer", "Join Type": "Inner", "Startup Cost": 5.19, "Total Cost": 2875.14, "Plan Rows": 218, "Plan Width": 37, "Actual Startup Time": 1.272, "Actual Total Time": 44.468, "Actual Rows": 1224, "Actual Loops": 1, "Inner Unique": false, "Join Filter": "(t.id = ci.movie_id)", "Rows Removed by Join Filter": 0, "Plans": [{"Node Type": "Nested Loop", "Parent Relationship": "Outer", "Join Type": "Inner", "Startup Cost": 4.77, "Total Cost": 2710.63, "Plan Rows": 36, "Plan Width": 41, "Actual Startup Time": 1.234, "Actual Total Time": 41.314, "Actual Rows": 11, "Actual Loops": 1, "Inner Unique": true, "Plans": [{"Node Type": "Nested Loop", "Parent Relationship": "Outer", "Join Type": "Inner", "Startup Cost": 4.51, "Total Cost": 2569.02, "Plan Rows": 33, "Plan Width": 20, "Actual Startup Time": 1.105, "Actual Total Time": 40.546, "Actual Rows": 14, "Actual Loops": 1, "Inner Unique": false, "Plans": [{"Node Type": "Seq Scan", "Parent Relationship": "Outer", "Relation Name": "keyword", "Alias": "k", "Startup Cost": 0.0, "Total Cost": 2436.11, "Plan Rows": 1, "Plan Width": 20, "Actual Startup Time": 1.064, "Actual Total Time": 40.47, "Actual Rows": 1, "Actual Loops": 1, "Filter": "((keyword)::text = 'marvel-cinematic-universe'::text)", "Rows Removed by Filter": 134168}, {"Node Type": "Bitmap Heap Scan", "Parent Relationship": "Inner", "Relation Name": "movie_keyword", "Alias": "mk", "Startup Cost": 4.51, "Total Cost": 132.58, "Plan Rows": 33, "Plan Width": 8, "Actual Startup Time": 0.033, "Actual Total Time": 0.059, "Actual Rows": 14, "Actual Loops": 1, "Recheck Cond": "(keyword_id = k.id)", "Rows Removed by Index Recheck": 0, "Exact Heap Blocks": 13, "Lossy Heap Blocks": 13, "Plans": [{"Node Type": "Bitmap Index Scan", "Parent Relationship": "Outer", "Index Name": "keyword_id_movie_keyword", "Startup Cost": 0.0, "Total Cost": 4.5, "Plan Rows": 33, "Plan Width": 0, "Actual Startup Time": 0.019, "Actual Total Time": 0.019, "Actual Rows": 14, "Actual Loops": 1, "Index Cond": "(keyword_id = k.id)"}]}]}, {"Node Type": "Bitmap Heap Scan", "Parent Relationship": "Inner", "Relation Name": "title", "Alias": "t", "Startup Cost": 0.27, "Total Cost": 4.28, "Plan Rows": 1, "Plan Width": 21, "Actual Startup Time": 0.736, "Actual Total Time": 0.736, "Actual Rows": 11, "Actual Loops": 14, "Recheck Cond": "(id = mk.movie_id)", "Rows Removed by Index Recheck": 0, "Filter": "(production_year > 2010)", "Rows Removed by Filter": 3, "Exact Heap Blocks": 14, "Lossy Heap Blocks": 14, "Plans": [{"Node Type": "Bitmap Index Scan", "Parent Relationship": "Outer", "Index Name": "title_pkey", "Startup Cost": 0.0, "Total Cost": 0.27, "Plan Rows": 1, "Plan Width": 0, "Actual Startup Time": 0.426, "Actual Total Time": 0.426, "Actual Rows": 14, "Actual Loops": 14, "Index Cond": "(id = mk.movie_id)"}]}]}, {"Node Type": "Bitmap Heap Scan", "Parent Relationship": "Inner", "Relation Name": "cast_info", "Alias": "ci", "Startup Cost": 0.42, "Total Cost": 4.49, "Plan Rows": 6, "Plan Width": 8, "Actual Startup Time": 0.609, "Actual Total Time": 2.58, "Actual Rows": 1224, "Actual Loops": 11, "Recheck Cond": "(movie_id = mk.movie_id)", "Rows Removed by Index Recheck": 0, "Exact Heap Blocks": 1166, "Lossy Heap Blocks": 1166, "Plans": [{"Node Type": "Bitmap Index Scan", "Parent Relationship": "Outer", "Index Name": "movie_id_cast_info", "Startup Cost": 0.0, "Total Cost": 0.42, "Plan Rows": 6, "Plan Width": 0, "Actual Startup Time": 0.383, "Actual Total Time": 0.383, "Actual Rows": 1224, "Actual Loops": 11, "Index Cond": "(movie_id = mk.movie_id)"}]}]}, {"Node Type": "Bitmap Heap Scan", "Parent Relationship": "Inner", "Relation Name": "name", "Alias": "n", "Startup Cost": 0.26, "Total Cost": 4.27, "Plan Rows": 1, "Plan Width": 19, "Actual Startup Time": 7.233, "Actual Total Time": 7.233, "Actual Rows": 6, "Actual Loops": 1224, "Recheck Cond": "(id = ci.person_id)", "Rows Removed by Index Recheck": 0, "Filter": "((name)::text ~~ '%Downey%Robert%'::text)", "Rows Removed by Filter": 1218, "Exact Heap Blocks": 1224, "Lossy Heap Blocks": 1224, "Plans": [{"Node Type": "Bitmap Index Scan", "Parent Relationship": "Outer", "Index Name": "name_pkey", "Startup Cost": 0.0, "Total Cost": 0.26, "Plan Rows": 1, "Plan Width": 0, "Actual Startup Time": 4.403, "Actual Total Time": 4.403, "Actual Rows": 1224, "Actual Loops": 1224, "Index Cond": "(id = ci.person_id)"}]}]}]}, "Triggers": [], "Planner Runtime": 12.374, "Total Runtime": 53.382, "Unique SQL Id": 4208751436}}, "(16, '87')": {"explain_plan": {"Plan": {"Node Type": "Aggregate", "Strategy": "Plain", "Startup Cost": 4529.32, "Total Cost": 4529.33, "Plan Rows": 1, "Plan Width": 144, "Plans": [{"Node Type": "Nested Loop", "Parent Relationship": "Outer", "Join Type": "Inner", "Startup Cost": 724.55, "Total Cost": 4528.25, "Plan Rows": 143, "Plan Width": 48, "Inner Unique": true, "Plans": [{"Node Type": "Nested Loop", "Parent Relationship": "Outer", "Join Type": "Inner", "Startup Cost": 724.29, "Total Cost": 3594.24, "Plan Rows": 218, "Plan Width": 37, "Inner Unique": false, "Join Filter": "(t.id = ci.movie_id)", "Plans": [{"Node Type": "Nested Loop", "Parent Relationship": "Outer", "Join Type": "Inner", "Startup Cost": 723.87, "Total Cost": 3429.72, "Plan Rows": 36, "Plan Width": 41, "Inner Unique": true, "Plans": [{"Node Type": "Nested Loop", "Parent Relationship": "Outer", "Join Type": "Inner", "Startup Cost": 723.6, "Total Cost": 3288.12, "Plan Rows": 33, "Plan Width": 20, "Inner Unique": false, "Plans": [{"Node Type": "Bitmap Heap Scan", "Parent Relationship": "Outer", "Relation Name": "keyword", "Alias": "k", "Startup Cost": 719.1, "Total Cost": 3155.21, "Plan Rows": 1, "Plan Width": 20, "Filter": "((keyword)::text = 'marvel-cinematic-universe'::text)", "Plans": [{"Node Type": "Bitmap Index Scan", "Parent Relationship": "Outer", "Index Name": "keyword_pkey", "Startup Cost": 0.0, "Total Cost": 719.1, "Plan Rows": 134169, "Plan Width": 0}]}, {"Node Type": "Bitmap Heap Scan", "Parent Relationship": "Inner", "Relation Name": "movie_keyword", "Alias": "mk", "Startup Cost": 4.51, "Total Cost": 132.58, "Plan Rows": 33, "Plan Width": 8, "Recheck Cond": "(keyword_id = k.id)", "Plans": [{"Node Type": "Bitmap Index Scan", "Parent Relationship": "Outer", "Index Name": "keyword_id_movie_keyword", "Startup Cost": 0.0, "Total Cost": 4.5, "Plan Rows": 33, "Plan Width": 0, "Index Cond": "(keyword_id = k.id)"}]}]}, {"Node Type": "Bitmap Heap Scan", "Parent Relationship": "Inner", "Relation Name": "title", "Alias": "t", "Startup Cost": 0.27, "Total Cost": 4.28, "Plan Rows": 1, "Plan Width": 21, "Recheck Cond": "(id = mk.movie_id)", "Filter": "(production_year > 2010)", "Plans": [{"Node Type": "Bitmap Index Scan", "Parent Relationship": "Outer", "Index Name": "title_pkey", "Startup Cost": 0.0, "Total Cost": 0.27, "Plan Rows": 1, "Plan Width": 0, "Index Cond": "(id = mk.movie_id)"}]}]}, {"Node Type": "Bitmap Heap Scan", "Parent Relationship": "Inner", "Relation Name": "cast_info", "Alias": "ci", "Startup Cost": 0.42, "Total Cost": 4.49, "Plan Rows": 6, "Plan Width": 8, "Recheck Cond": "(movie_id = mk.movie_id)", "Plans": [{"Node Type": "Bitmap Index Scan", "Parent Relationship": "Outer", "Index Name": "movie_id_cast_info", "Startup Cost": 0.0, "Total Cost": 0.42, "Plan Rows": 6, "Plan Width": 0, "Index Cond": "(movie_id = mk.movie_id)"}]}]}, {"Node Type": "Bitmap Heap Scan", "Parent Relationship": "Inner", "Relation Name": "name", "Alias": "n", "Startup Cost": 0.26, "Total Cost": 4.27, "Plan Rows": 1, "Plan Width": 19, "Recheck Cond": "(id = ci.person_id)", "Filter": "((name)::text ~~ '%Downey%Robert%'::text)", "Plans": [{"Node Type": "Bitmap Index Scan", "Parent Relationship": "Outer", "Index Name": "name_pkey", "Startup Cost": 0.0, "Total Cost": 0.26, "Plan Rows": 1, "Plan Width": 0, "Index Cond": "(id = ci.person_id)"}]}]}]}, "Unique SQL Id": 4208751436, "Planner Runtime": 5}, "explain_analyze_plan": {"Plan": {"Node Type": "Aggregate", "Strategy": "Plain", "Startup Cost": 4529.32, "Total Cost": 4529.33, "Plan Rows": 1, "Plan Width": 144, "Actual Startup Time": 72.661, "Actual Total Time": 72.661, "Actual Rows": 1, "Actual Loops": 1, "Plans": [{"Node Type": "Nested Loop", "Parent Relationship": "Outer", "Join Type": "Inner", "Startup Cost": 724.55, "Total Cost": 4528.25, "Plan Rows": 143, "Plan Width": 48, "Actual Startup Time": 14.187, "Actual Total Time": 72.625, "Actual Rows": 6, "Actual Loops": 1, "Inner Unique": true, "Plans": [{"Node Type": "Nested Loop", "Parent Relationship": "Outer", "Join Type": "Inner", "Startup Cost": 724.29, "Total Cost": 3594.24, "Plan Rows": 218, "Plan Width": 37, "Actual Startup Time": 12.089, "Actual Total Time": 64.002, "Actual Rows": 1224, "Actual Loops": 1, "Inner Unique": false, "Join Filter": "(t.id = ci.movie_id)", "Rows Removed by Join Filter": 0, "Plans": [{"Node Type": "Nested Loop", "Parent Relationship": "Outer", "Join Type": "Inner", "Startup Cost": 723.87, "Total Cost": 3429.72, "Plan Rows": 36, "Plan Width": 41, "Actual Startup Time": 12.062, "Actual Total Time": 60.973, "Actual Rows": 11, "Actual Loops": 1, "Inner Unique": true, "Plans": [{"Node Type": "Nested Loop", "Parent Relationship": "Outer", "Join Type": "Inner", "Startup Cost": 723.6, "Total Cost": 3288.12, "Plan Rows": 33, "Plan Width": 20, "Actual Startup Time": 12.043, "Actual Total Time": 60.833, "Actual Rows": 14, "Actual Loops": 1, "Inner Unique": false, "Plans": [{"Node Type": "Bitmap Heap Scan", "Parent Relationship": "Outer", "Relation Name": "keyword", "Alias": "k", "Startup Cost": 719.1, "Total Cost": 3155.21, "Plan Rows": 1, "Plan Width": 20, "Actual Startup Time": 12.006, "Actual Total Time": 60.762, "Actual Rows": 1, "Actual Loops": 1, "Filter": "((keyword)::text = 'marvel-cinematic-universe'::text)", "Rows Removed by Filter": 134168, "Exact Heap Blocks": 759, "Lossy Heap Blocks": 759, "Plans": [{"Node Type": "Bitmap Index Scan", "Parent Relationship": "Outer", "Index Name": "keyword_pkey", "Startup Cost": 0.0, "Total Cost": 719.1, "Plan Rows": 134169, "Plan Width": 0, "Actual Startup Time": 10.585, "Actual Total Time": 10.585, "Actual Rows": 134169, "Actual Loops": 1}]}, {"Node Type": "Bitmap Heap Scan", "Parent Relationship": "Inner", "Relation Name": "movie_keyword", "Alias": "mk", "Startup Cost": 4.51, "Total Cost": 132.58, "Plan Rows": 33, "Plan Width": 8, "Actual Startup Time": 0.026, "Actual Total Time": 0.054, "Actual Rows": 14, "Actual Loops": 1, "Recheck Cond": "(keyword_id = k.id)", "Rows Removed by Index Recheck": 0, "Exact Heap Blocks": 13, "Lossy Heap Blocks": 13, "Plans": [{"Node Type": "Bitmap Index Scan", "Parent Relationship": "Outer", "Index Name": "keyword_id_movie_keyword", "Startup Cost": 0.0, "Total Cost": 4.5, "Plan Rows": 33, "Plan Width": 0, "Actual Startup Time": 0.018, "Actual Total Time": 0.018, "Actual Rows": 14, "Actual Loops": 1, "Index Cond": "(keyword_id = k.id)"}]}]}, {"Node Type": "Bitmap Heap Scan", "Parent Relationship": "Inner", "Relation Name": "title", "Alias": "t", "Startup Cost": 0.27, "Total Cost": 4.28, "Plan Rows": 1, "Plan Width": 21, "Actual Startup Time": 0.113, "Actual Total Time": 0.113, "Actual Rows": 11, "Actual Loops": 14, "Recheck Cond": "(id = mk.movie_id)", "Rows Removed by Index Recheck": 0, "Filter": "(production_year > 2010)", "Rows Removed by Filter": 3, "Exact Heap Blocks": 14, "Lossy Heap Blocks": 14, "Plans": [{"Node Type": "Bitmap Index Scan", "Parent Relationship": "Outer", "Index Name": "title_pkey", "Startup Cost": 0.0, "Total Cost": 0.27, "Plan Rows": 1, "Plan Width": 0, "Actual Startup Time": 0.065, "Actual Total Time": 0.065, "Actual Rows": 14, "Actual Loops": 14, "Index Cond": "(id = mk.movie_id)"}]}]}, {"Node Type": "Bitmap Heap Scan", "Parent Relationship": "Inner", "Relation Name": "cast_info", "Alias": "ci", "Startup Cost": 0.42, "Total Cost": 4.49, "Plan Rows": 6, "Plan Width": 8, "Actual Startup Time": 0.561, "Actual Total Time": 2.548, "Actual Rows": 1224, "Actual Loops": 11, "Recheck Cond": "(movie_id = mk.movie_id)", "Rows Removed by Index Recheck": 0, "Exact Heap Blocks": 1166, "Lossy Heap Blocks": 1166, "Plans": [{"Node Type": "Bitmap Index Scan", "Parent Relationship": "Outer", "Index Name": "movie_id_cast_info", "Startup Cost": 0.0, "Total Cost": 0.42, "Plan Rows": 6, "Plan Width": 0, "Actual Startup Time": 0.352, "Actual Total Time": 0.352, "Actual Rows": 1224, "Actual Loops": 11, "Index Cond": "(movie_id = mk.movie_id)"}]}]}, {"Node Type": "Bitmap Heap Scan", "Parent Relationship": "Inner", "Relation Name": "name", "Alias": "n", "Startup Cost": 0.26, "Total Cost": 4.27, "Plan Rows": 1, "Plan Width": 19, "Actual Startup Time": 7.211, "Actual Total Time": 7.211, "Actual Rows": 6, "Actual Loops": 1224, "Recheck Cond": "(id = ci.person_id)", "Rows Removed by Index Recheck": 0, "Filter": "((name)::text ~~ '%Downey%Robert%'::text)", "Rows Removed by Filter": 1218, "Exact Heap Blocks": 1224, "Lossy Heap Blocks": 1224, "Plans": [{"Node Type": "Bitmap Index Scan", "Parent Relationship": "Outer", "Index Name": "name_pkey", "Startup Cost": 0.0, "Total Cost": 0.26, "Plan Rows": 1, "Plan Width": 0, "Actual Startup Time": 4.359, "Actual Total Time": 4.359, "Actual Rows": 1224, "Actual Loops": 1224, "Index Cond": "(id = ci.person_id)"}]}]}]}, "Triggers": [], "Planner Runtime": 6.386, "Total Runtime": 72.949, "Unique SQL Id": 4208751436}}, "(16, '88')": {"explain_plan": {"Plan": {"Node Type": "Aggregate", "Strategy": "Plain", "Startup Cost": 2657.42, "Total Cost": 2657.43, "Plan Rows": 1, "Plan Width": 144, "Plans": [{"Node Type": "Nested Loop", "Parent Relationship": "Outer", "Join Type": "Inner", "Startup Cost": 0.0, "Total Cost": 2657.41, "Plan Rows": 1, "Plan Width": 48, "Inner Unique": true, "Join Filter": "(mk.movie_id = t.id)", "Plans": [{"Node Type": "Nested Loop", "Parent Relationship": "Outer", "Join Type": "Inner", "Startup Cost": 0.0, "Total Cost": 2657.12, "Plan Rows": 1, "Plan Width": 39, "Inner Unique": true, "Plans": [{"Node Type": "Nested Loop", "Parent Relationship": "Outer", "Join Type": "Inner", "Startup Cost": 0.0, "Total Cost": 2598.56, "Plan Rows": 202, "Plan Width": 28, "Inner Unique": false, "Plans": [{"Node Type": "Nested Loop", "Parent Relationship": "Outer", "Join Type": "Inner", "Startup Cost": 0.0, "Total Cost": 2573.32, "Plan Rows": 33, "Plan Width": 20, "Inner Unique": false, "Plans": [{"Node Type": "Seq Scan", "Parent Relationship": "Outer", "Relation Name": "keyword", "Alias": "k", "Startup Cost": 0.0, "Total Cost": 2436.11, "Plan Rows": 1, "Plan Width": 20, "Filter": "((keyword)::text = 'marvel-cinematic-universe'::text)"}, {"Node Type": "Index Scan", "Parent Relationship": "Inner", "Scan Direction": "Forward", "Index Name": "keyword_id_movie_keyword", "Relation Name": "movie_keyword", "Alias": "mk", "Startup Cost": 0.0, "Total Cost": 136.88, "Plan Rows": 33, "Plan Width": 8, "Index Cond": "(keyword_id = k.id)"}]}, {"Node Type": "Index Scan", "Parent Relationship": "Inner", "Scan Direction": "Forward", "Index Name": "movie_id_cast_info", "Relation Name": "cast_info", "Alias": "ci", "Startup Cost": 0.0, "Total Cost": 0.7, "Plan Rows": 6, "Plan Width": 8, "Index Cond": "(movie_id = mk.movie_id)"}]}, {"Node Type": "Index Scan", "Parent Relationship": "Inner", "Scan Direction": "Forward", "Index Name": "name_pkey", "Relation Name": "name", "Alias": "n", "Startup Cost": 0.0, "Total Cost": 0.28, "Plan Rows": 1, "Plan Width": 19, "Index Cond": "(id = ci.person_id)", "Filter": "((name)::text ~~ '%Downey%Robert%'::text)"}]}, {"Node Type": "Index Scan", "Parent Relationship": "Inner", "Scan Direction": "Forward", "Index Name": "title_pkey", "Relation Name": "title", "Alias": "t", "Startup Cost": 0.0, "Total Cost": 0.28, "Plan Rows": 1, "Plan Width": 21, "Index Cond": "(id = ci.movie_id)", "Filter": "(production_year > 2010)"}]}]}, "Unique SQL Id": 4208751436, "Planner Runtime": 5}, "explain_analyze_plan": {"Plan": {"Node Type": "Aggregate", "Strategy": "Plain", "Startup Cost": 2657.42, "Total Cost": 2657.43, "Plan Rows": 1, "Plan Width": 144, "Actual Startup Time": 49.573, "Actual Total Time": 49.573, "Actual Rows": 1, "Actual Loops": 1, "Plans": [{"Node Type": "Nested Loop", "Parent Relationship": "Outer", "Join Type": "Inner", "Startup Cost": 0.0, "Total Cost": 2657.41, "Plan Rows": 1, "Plan Width": 48, "Actual Startup Time": 2.65, "Actual Total Time": 49.529, "Actual Rows": 6, "Actual Loops": 1, "Inner Unique": true, "Join Filter": "(mk.movie_id = t.id)", "Rows Removed by Join Filter": 0, "Plans": [{"Node Type": "Nested Loop", "Parent Relationship": "Outer", "Join Type": "Inner", "Startup Cost": 0.0, "Total Cost": 2657.12, "Plan Rows": 1, "Plan Width": 39, "Actual Startup Time": 2.627, "Actual Total Time": 49.472, "Actual Rows": 6, "Actual Loops": 1, "Inner Unique": true, "Plans": [{"Node Type": "Nested Loop", "Parent Relationship": "Outer", "Join Type": "Inner", "Startup Cost": 0.0, "Total Cost": 2598.56, "Plan Rows": 202, "Plan Width": 28, "Actual Startup Time": 1.088, "Actual Total Time": 42.692, "Actual Rows": 1242, "Actual Loops": 1, "Inner Unique": false, "Plans": [{"Node Type": "Nested Loop", "Parent Relationship": "Outer", "Join Type": "Inner", "Startup Cost": 0.0, "Total Cost": 2573.32, "Plan Rows": 33, "Plan Width": 20, "Actual Startup Time": 1.074, "Actual Total Time": 40.525, "Actual Rows": 14, "Actual Loops": 1, "Inner Unique": false, "Plans": [{"Node Type": "Seq Scan", "Parent Relationship": "Outer", "Relation Name": "keyword", "Alias": "k", "Startup Cost": 0.0, "Total Cost": 2436.11, "Plan Rows": 1, "Plan Width": 20, "Actual Startup Time": 1.052, "Actual Total Time": 40.474, "Actual Rows": 1, "Actual Loops": 1, "Filter": "((keyword)::text = 'marvel-cinematic-universe'::text)", "Rows Removed by Filter": 134168}, {"Node Type": "Index Scan", "Parent Relationship": "Inner", "Scan Direction": "Forward", "Index Name": "keyword_id_movie_keyword", "Relation Name": "movie_keyword", "Alias": "mk", "Startup Cost": 0.0, "Total Cost": 136.88, "Plan Rows": 33, "Plan Width": 8, "Actual Startup Time": 0.016, "Actual Total Time": 0.039, "Actual Rows": 14, "Actual Loops": 1, "Index Cond": "(keyword_id = k.id)", "Rows Removed by Index Recheck": 0}]}, {"Node Type": "Index Scan", "Parent Relationship": "Inner", "Scan Direction": "Forward", "Index Name": "movie_id_cast_info", "Relation Name": "cast_info", "Alias": "ci", "Startup Cost": 0.0, "Total Cost": 0.7, "Plan Rows": 6, "Plan Width": 8, "Actual Startup Time": 0.16, "Actual Total Time": 1.838, "Actual Rows": 1242, "Actual Loops": 14, "Index Cond": "(movie_id = mk.movie_id)", "Rows Removed by Index Recheck": 0}]}, {"Node Type": "Index Scan", "Parent Relationship": "Inner", "Scan Direction": "Forward", "Index Name": "name_pkey", "Relation Name": "name", "Alias": "n", "Startup Cost": 0.0, "Total Cost": 0.28, "Plan Rows": 1, "Plan Width": 19, "Actual Startup Time": 6.167, "Actual Total Time": 6.167, "Actual Rows": 6, "Actual Loops": 1242, "Index Cond": "(id = ci.person_id)", "Rows Removed by Index Recheck": 0, "Filter": "((name)::text ~~ '%Downey%Robert%'::text)", "Rows Removed by Filter": 1236}]}, {"Node Type": "Index Scan", "Parent Relationship": "Inner", "Scan Direction": "Forward", "Index Name": "title_pkey", "Relation Name": "title", "Alias": "t", "Startup Cost": 0.0, "Total Cost": 0.28, "Plan Rows": 1, "Plan Width": 21, "Actual Startup Time": 0.038, "Actual Total Time": 0.038, "Actual Rows": 6, "Actual Loops": 6, "Index Cond": "(id = ci.movie_id)", "Rows Removed by Index Recheck": 0, "Filter": "(production_year > 2010)", "Rows Removed by Filter": 0}]}]}, "Triggers": [], "Planner Runtime": 8.574, "Total Runtime": 49.842, "Unique SQL Id": 4208751436}}, "(16, '89')": {"explain_plan": {"Plan": {"Node Type": "Aggregate", "Strategy": "Plain", "Startup Cost": 3404.02, "Total Cost": 3404.03, "Plan Rows": 1, "Plan Width": 144, "Plans": [{"Node Type": "Nested Loop", "Parent Relationship": "Outer", "Join Type": "Inner", "Startup Cost": 0.0, "Total Cost": 3404.01, "Plan Rows": 1, "Plan Width": 48, "Inner Unique": true, "Join Filter": "(mk.movie_id = t.id)", "Plans": [{"Node Type": "Nested Loop", "Parent Relationship": "Outer", "Join Type": "Inner", "Startup Cost": 0.0, "Total Cost": 3403.72, "Plan Rows": 1, "Plan Width": 39, "Inner Unique": true, "Plans": [{"Node Type": "Nested Loop", "Parent Relationship": "Outer", "Join Type": "Inner", "Startup Cost": 0.0, "Total Cost": 3345.17, "Plan Rows": 202, "Plan Width": 28, "Inner Unique": false, "Plans": [{"Node Type": "Nested Loop", "Parent Relationship": "Outer", "Join Type": "Inner", "Startup Cost": 0.0, "Total Cost": 3319.92, "Plan Rows": 33, "Plan Width": 20, "Inner Unique": false, "Plans": [{"Node Type": "Index Scan", "Parent Relationship": "Outer", "Scan Direction": "Forward", "Index Name": "keyword_pkey", "Relation Name": "keyword", "Alias": "k", "Startup Cost": 0.0, "Total Cost": 3182.72, "Plan Rows": 1, "Plan Width": 20, "Filter": "((keyword)::text = 'marvel-cinematic-universe'::text)"}, {"Node Type": "Index Scan", "Parent Relationship": "Inner", "Scan Direction": "Forward", "Index Name": "keyword_id_movie_keyword", "Relation Name": "movie_keyword", "Alias": "mk", "Startup Cost": 0.0, "Total Cost": 136.88, "Plan Rows": 33, "Plan Width": 8, "Index Cond": "(keyword_id = k.id)"}]}, {"Node Type": "Index Scan", "Parent Relationship": "Inner", "Scan Direction": "Forward", "Index Name": "movie_id_cast_info", "Relation Name": "cast_info", "Alias": "ci", "Startup Cost": 0.0, "Total Cost": 0.7, "Plan Rows": 6, "Plan Width": 8, "Index Cond": "(movie_id = mk.movie_id)"}]}, {"Node Type": "Index Scan", "Parent Relationship": "Inner", "Scan Direction": "Forward", "Index Name": "name_pkey", "Relation Name": "name", "Alias": "n", "Startup Cost": 0.0, "Total Cost": 0.28, "Plan Rows": 1, "Plan Width": 19, "Index Cond": "(id = ci.person_id)", "Filter": "((name)::text ~~ '%Downey%Robert%'::text)"}]}, {"Node Type": "Index Scan", "Parent Relationship": "Inner", "Scan Direction": "Forward", "Index Name": "title_pkey", "Relation Name": "title", "Alias": "t", "Startup Cost": 0.0, "Total Cost": 0.28, "Plan Rows": 1, "Plan Width": 21, "Index Cond": "(id = ci.movie_id)", "Filter": "(production_year > 2010)"}]}]}, "Unique SQL Id": 4208751436, "Planner Runtime": 5}, "explain_analyze_plan": {"Plan": {"Node Type": "Aggregate", "Strategy": "Plain", "Startup Cost": 3404.02, "Total Cost": 3404.03, "Plan Rows": 1, "Plan Width": 144, "Actual Startup Time": 129.093, "Actual Total Time": 129.094, "Actual Rows": 1, "Actual Loops": 1, "Plans": [{"Node Type": "Nested Loop", "Parent Relationship": "Outer", "Join Type": "Inner", "Startup Cost": 0.0, "Total Cost": 3404.01, "Plan Rows": 1, "Plan Width": 48, "Actual Startup Time": 8.547, "Actual Total Time": 129.04, "Actual Rows": 6, "Actual Loops": 1, "Inner Unique": true, "Join Filter": "(mk.movie_id = t.id)", "Rows Removed by Join Filter": 0, "Plans": [{"Node Type": "Nested Loop", "Parent Relationship": "Outer", "Join Type": "Inner", "Startup Cost": 0.0, "Total Cost": 3403.72, "Plan Rows": 1, "Plan Width": 39, "Actual Startup Time": 8.53, "Actual Total Time": 128.988, "Actual Rows": 6, "Actual Loops": 1, "Inner Unique": true, "Plans": [{"Node Type": "Nested Loop", "Parent Relationship": "Outer", "Join Type": "Inner", "Startup Cost": 0.0, "Total Cost": 3345.17, "Plan Rows": 202, "Plan Width": 28, "Actual Startup Time": 6.99, "Actual Total Time": 122.056, "Actual Rows": 1242, "Actual Loops": 1, "Inner Unique": false, "Plans": [{"Node Type": "Nested Loop", "Parent Relationship": "Outer", "Join Type": "Inner", "Startup Cost": 0.0, "Total Cost": 3319.92, "Plan Rows": 33, "Plan Width": 20, "Actual Startup Time": 6.977, "Actual Total Time": 119.872, "Actual Rows": 14, "Actual Loops": 1, "Inner Unique": false, "Plans": [{"Node Type": "Index Scan", "Parent Relationship": "Outer", "Scan Direction": "Forward", "Index Name": "keyword_pkey", "Relation Name": "keyword", "Alias": "k", "Startup Cost": 0.0, "Total Cost": 3182.72, "Plan Rows": 1, "Plan Width": 20, "Actual Startup Time": 6.958, "Actual Total Time": 119.824, "Actual Rows": 1, "Actual Loops": 1, "Filter": "((keyword)::text = 'marvel-cinematic-universe'::text)", "Rows Removed by Filter": 134168}, {"Node Type": "Index Scan", "Parent Relationship": "Inner", "Scan Direction": "Forward", "Index Name": "keyword_id_movie_keyword", "Relation Name": "movie_keyword", "Alias": "mk", "Startup Cost": 0.0, "Total Cost": 136.88, "Plan Rows": 33, "Plan Width": 8, "Actual Startup Time": 0.012, "Actual Total Time": 0.032, "Actual Rows": 14, "Actual Loops": 1, "Index Cond": "(keyword_id = k.id)", "Rows Removed by Index Recheck": 0}]}, {"Node Type": "Index Scan", "Parent Relationship": "Inner", "Scan Direction": "Forward", "Index Name": "movie_id_cast_info", "Relation Name": "cast_info", "Alias": "ci", "Startup Cost": 0.0, "Total Cost": 0.7, "Plan Rows": 6, "Plan Width": 8, "Actual Startup Time": 0.158, "Actual Total Time": 1.852, "Actual Rows": 1242, "Actual Loops": 14, "Index Cond": "(movie_id = mk.movie_id)", "Rows Removed by Index Recheck": 0}]}, {"Node Type": "Index Scan", "Parent Relationship": "Inner", "Scan Direction": "Forward", "Index Name": "name_pkey", "Relation Name": "name", "Alias": "n", "Startup Cost": 0.0, "Total Cost": 0.28, "Plan Rows": 1, "Plan Width": 19, "Actual Startup Time": 6.301, "Actual Total Time": 6.301, "Actual Rows": 6, "Actual Loops": 1242, "Index Cond": "(id = ci.person_id)", "Rows Removed by Index Recheck": 0, "Filter": "((name)::text ~~ '%Downey%Robert%'::text)", "Rows Removed by Filter": 1236}]}, {"Node Type": "Index Scan", "Parent Relationship": "Inner", "Scan Direction": "Forward", "Index Name": "title_pkey", "Relation Name": "title", "Alias": "t", "Startup Cost": 0.0, "Total Cost": 0.28, "Plan Rows": 1, "Plan Width": 21, "Actual Startup Time": 0.038, "Actual Total Time": 0.038, "Actual Rows": 6, "Actual Loops": 6, "Index Cond": "(id = ci.movie_id)", "Rows Removed by Index Recheck": 0, "Filter": "(production_year > 2010)", "Rows Removed by Filter": 0}]}]}, "Triggers": [], "Planner Runtime": 8.278, "Total Runtime": 129.388, "Unique SQL Id": 4208751436}}, "(16, '90')": {"explain_plan": {"Plan": {"Node Type": "Aggregate", "Strategy": "Plain", "Startup Cost": 3099156821577.71, "Total Cost": 3099156821577.72, "Plan Rows": 1, "Plan Width": 144, "Plans": [{"Node Type": "Merge Join", "Parent Relationship": "Outer", "Join Type": "Inner", "Startup Cost": 2110237739855.23, "Total Cost": 3099156821576.07, "Plan Rows": 218, "Plan Width": 48, "Inner Unique": false, "Merge Cond": "(t.id = mk.movie_id)", "Plans": [{"Node Type": "Index Scan", "Parent Relationship": "Outer", "Scan Direction": "Forward", "Index Name": "title_pkey", "Relation Name": "title", "Alias": "t", "Startup Cost": 10000000000.0, "Total Cost": 1000011644126.66, "Plan Rows": 391451, "Plan Width": 21, "Filter": "(production_year > 2010), (LLVM Optimized)"}, {"Node Type": "Sort", "Parent Relationship": "Inner", "Startup Cost": 2100116343923.26, "Total Cost": 2100116343923.76, "Plan Rows": 202, "Plan Width": 39, "Sort Key": ["ci.movie_id"], "Plans": [{"Node Type": "Nested Loop", "Parent Relationship": "Outer", "Join Type": "Inner", "Startup Cost": 30000000000.0, "Total Cost": 2100116343915.53, "Plan Rows": 202, "Plan Width": 39, "Inner Unique": false, "Join Filter": "(ci.movie_id = mk.movie_id)", "Plans": [{"Node Type": "Streaming(type: LOCAL GATHER dop: 1/16)", "Parent Relationship": "Outer", "Startup Cost": 10000000000.0, "Total Cost": 100011231934.78, "Plan Rows": 7520, "Plan Width": 19, "Plans": [{"Node Type": "Nested Loop", "Parent Relationship": "Outer", "Join Type": "Inner", "Startup Cost": 10000000000.0, "Total Cost": 100011231772.48, "Plan Rows": 7520, "Plan Width": 19, "Inner Unique": true, "Join Filter": "(ci.person_id = n.id)", "Plans": [{"Node Type": "Streaming(type: LOCAL REDISTRIBUTE dop: 16/16)", "Parent Relationship": "Outer", "Startup Cost": 0.0, "Total Cost": 205006.86, "Plan Rows": 36259494, "Plan Width": 8, "Plans": [{"Node Type": "Seq Scan", "Parent Relationship": "Outer", "Relation Name": "cast_info", "Alias": "ci", "Startup Cost": 0.0, "Total Cost": 52617.37, "Plan Rows": 36259494, "Plan Width": 8}]}, {"Node Type": "Materialize", "Parent Relationship": "Inner", "Startup Cost": 0.0, "Total Cost": 36469.87, "Plan Rows": 415, "Plan Width": 19, "Plans": [{"Node Type": "Streaming(type: LOCAL REDISTRIBUTE dop: 16/16)", "Parent Relationship": "Outer", "Startup Cost": 0.0, "Total Cost": 36469.74, "Plan Rows": 415, "Plan Width": 19, "Plans": [{"Node Type": "Seq Scan", "Parent Relationship": "Outer", "Relation Name": "name", "Alias": "n", "Startup Cost": 0.0, "Total Cost": 21468.16, "Plan Rows": 415, "Plan Width": 19, "Filter": "((name)::text ~~ '%Downey%Robert%'::text)"}]}]}]}]}, {"Node Type": "Materialize", "Parent Relationship": "Inner", "Startup Cost": 10000000000.0, "Total Cost": 100000398734.46, "Plan Rows": 33, "Plan Width": 20, "Plans": [{"Node Type": "Streaming(type: LOCAL GATHER dop: 1/16)", "Parent Relationship": "Outer", "Startup Cost": 10000000000.0, "Total Cost": 100000398734.29, "Plan Rows": 33, "Plan Width": 20, "Plans": [{"Node Type": "Nested Loop", "Parent Relationship": "Outer", "Join Type": "Inner", "Startup Cost": 10000000000.0, "Total Cost": 100000398733.58, "Plan Rows": 33, "Plan Width": 20, "Inner Unique": false, "Join Filter": "(k.id = mk.keyword_id)", "Plans": [{"Node Type": "Streaming(type: BROADCAST dop: 16/1)", "Parent Relationship": "Outer", "Startup Cost": 0.0, "Total Cost": 17436.46, "Plan Rows": 16, "Plan Width": 20, "Plans": [{"Node Type": "Seq Scan", "Parent Relationship": "Outer", "Relation Name": "keyword", "Alias": "k", "Startup Cost": 0.0, "Total Cost": 2436.11, "Plan Rows": 1, "Plan Width": 20, "Filter": "((keyword)::text = 'marvel-cinematic-universe'::text)"}]}, {"Node Type": "Seq Scan", "Parent Relationship": "Inner", "Relation Name": "movie_keyword", "Alias": "mk", "Startup Cost": 0.0, "Total Cost": 18902.58, "Plan Rows": 4523929, "Plan Width": 8}]}]}]}]}]}]}]}, "Unique SQL Id": 4208751436, "Planner Runtime": 8}, "explain_analyze_plan": null}, "(16, '91')": {"explain_plan": {"Plan": {"Node Type": "Aggregate", "Strategy": "Plain", "Startup Cost": 4971239154927.62, "Total Cost": 4971239154927.63, "Plan Rows": 1, "Plan Width": 144, "Plans": [{"Node Type": "Merge Join", "Parent Relationship": "Outer", "Join Type": "Inner", "Startup Cost": 3981238836616.52, "Total Cost": 4971239154925.99, "Plan Rows": 218, "Plan Width": 48, "Inner Unique": true, "Merge Cond": "(mk.keyword_id = k.id)", "Plans": [{"Node Type": "Sort", "Parent Relationship": "Outer", "Startup Cost": 3971238836616.52, "Total Cost": 3971238836635.41, "Plan Rows": 7553, "Plan Width": 36, "Sort Key": ["mk.keyword_id"], "Plans": [{"Node Type": "Merge Join", "Parent Relationship": "Outer", "Join Type": "Inner", "Startup Cost": 1994069342563.31, "Total Cost": 3971238836130.0, "Plan Rows": 7553, "Plan Width": 36, "Inner Unique": false, "Merge Cond": "(t.id = ci.movie_id)", "Plans": [{"Node Type": "Merge Join", "Parent Relationship": "Outer", "Join Type": "Inner", "Startup Cost": 20121395931.97, "Total Cost": 1999055821179.06, "Plan Rows": 3158553, "Plan Width": 29, "Inner Unique": false, "Merge Cond": "(t.id = mk.movie_id)", "Plans": [{"Node Type": "Index Scan", "Parent Relationship": "Outer", "Scan Direction": "Forward", "Index Name": "title_pkey", "Relation Name": "title", "Alias": "t", "Startup Cost": 10000000000.0, "Total Cost": 1000011644126.66, "Plan Rows": 391451, "Plan Width": 21, "Filter": "(production_year > 2010), (LLVM Optimized)"}, {"Node Type": "Index Scan", "Parent Relationship": "Inner", "Scan Direction": "Forward", "Index Name": "movie_id_movie_keyword", "Relation Name": "movie_keyword", "Alias": "mk", "Startup Cost": 10000000000.0, "Total Cost": 1000015300634.17, "Plan Rows": 4523929, "Plan Width": 8}]}, {"Node Type": "Sort", "Parent Relationship": "Inner", "Startup Cost": 1973947946631.34, "Total Cost": 1973947946650.14, "Plan Rows": 7520, "Plan Width": 19, "Sort Key": ["ci.movie_id"], "Plans": [{"Node Type": "Merge Join", "Parent Relationship": "Outer", "Join Type": "Inner", "Startup Cost": 20031158317.15, "Total Cost": 1973947946147.19, "Plan Rows": 7520, "Plan Width": 19, "Inner Unique": true, "Merge Cond": "(ci.person_id = n.id)", "Plans": [{"Node Type": "Index Scan", "Parent Relationship": "Outer", "Scan Direction": "Forward", "Index Name": "person_id_cast_info", "Relation Name": "cast_info", "Alias": "ci", "Startup Cost": 10000000000.0, "Total Cost": 1000170648833.21, "Plan Rows": 36259494, "Plan Width": 8}, {"Node Type": "Materialize", "Parent Relationship": "Inner", "Startup Cost": 10000000000.0, "Total Cost": 1000018665148.24, "Plan Rows": 415, "Plan Width": 19, "Plans": [{"Node Type": "Index Scan", "Parent Relationship": "Outer", "Scan Direction": "Forward", "Index Name": "name_pkey", "Relation Name": "name", "Alias": "n", "Startup Cost": 10000000000.0, "Total Cost": 1000018665147.2, "Plan Rows": 415, "Plan Width": 19, "Filter": "((name)::text ~~ '%Downey%Robert%'::text)"}]}]}]}]}]}, {"Node Type": "Index Scan", "Parent Relationship": "Inner", "Scan Direction": "Forward", "Index Name": "keyword_pkey", "Relation Name": "keyword", "Alias": "k", "Startup Cost": 10000000000.0, "Total Cost": 1000000318271.68, "Plan Rows": 1, "Plan Width": 20, "Filter": "((keyword)::text = 'marvel-cinematic-universe'::text)"}]}]}, "Unique SQL Id": 4208751436, "Planner Runtime": 11}, "explain_analyze_plan": null}, "(16, '92')": {"explain_plan": {"Plan": {"Node Type": "Aggregate", "Strategy": "Plain", "Startup Cost": 2657.42, "Total Cost": 2657.43, "Plan Rows": 1, "Plan Width": 144, "Plans": [{"Node Type": "Nested Loop", "Parent Relationship": "Outer", "Join Type": "Inner", "Startup Cost": 0.0, "Total Cost": 2657.41, "Plan Rows": 1, "Plan Width": 48, "Inner Unique": true, "Join Filter": "(mk.movie_id = t.id)", "Plans": [{"Node Type": "Nested Loop", "Parent Relationship": "Outer", "Join Type": "Inner", "Startup Cost": 0.0, "Total Cost": 2657.12, "Plan Rows": 1, "Plan Width": 39, "Inner Unique": true, "Plans": [{"Node Type": "Nested Loop", "Parent Relationship": "Outer", "Join Type": "Inner", "Startup Cost": 0.0, "Total Cost": 2598.56, "Plan Rows": 202, "Plan Width": 28, "Inner Unique": false, "Plans": [{"Node Type": "Nested Loop", "Parent Relationship": "Outer", "Join Type": "Inner", "Startup Cost": 0.0, "Total Cost": 2573.32, "Plan Rows": 33, "Plan Width": 20, "Inner Unique": false, "Plans": [{"Node Type": "Seq Scan", "Parent Relationship": "Outer", "Relation Name": "keyword", "Alias": "k", "Startup Cost": 0.0, "Total Cost": 2436.11, "Plan Rows": 1, "Plan Width": 20, "Filter": "((keyword)::text = 'marvel-cinematic-universe'::text)"}, {"Node Type": "Index Scan", "Parent Relationship": "Inner", "Scan Direction": "Forward", "Index Name": "keyword_id_movie_keyword", "Relation Name": "movie_keyword", "Alias": "mk", "Startup Cost": 0.0, "Total Cost": 136.88, "Plan Rows": 33, "Plan Width": 8, "Index Cond": "(keyword_id = k.id)"}]}, {"Node Type": "Index Scan", "Parent Relationship": "Inner", "Scan Direction": "Forward", "Index Name": "movie_id_cast_info", "Relation Name": "cast_info", "Alias": "ci", "Startup Cost": 0.0, "Total Cost": 0.7, "Plan Rows": 6, "Plan Width": 8, "Index Cond": "(movie_id = mk.movie_id)"}]}, {"Node Type": "Index Scan", "Parent Relationship": "Inner", "Scan Direction": "Forward", "Index Name": "name_pkey", "Relation Name": "name", "Alias": "n", "Startup Cost": 0.0, "Total Cost": 0.28, "Plan Rows": 1, "Plan Width": 19, "Index Cond": "(id = ci.person_id)", "Filter": "((name)::text ~~ '%Downey%Robert%'::text)"}]}, {"Node Type": "Index Scan", "Parent Relationship": "Inner", "Scan Direction": "Forward", "Index Name": "title_pkey", "Relation Name": "title", "Alias": "t", "Startup Cost": 0.0, "Total Cost": 0.28, "Plan Rows": 1, "Plan Width": 21, "Index Cond": "(id = ci.movie_id)", "Filter": "(production_year > 2010)"}]}]}, "Unique SQL Id": 4208751436, "Planner Runtime": 5}, "explain_analyze_plan": {"Plan": {"Node Type": "Aggregate", "Strategy": "Plain", "Startup Cost": 2657.42, "Total Cost": 2657.43, "Plan Rows": 1, "Plan Width": 144, "Actual Startup Time": 49.573, "Actual Total Time": 49.573, "Actual Rows": 1, "Actual Loops": 1, "Plans": [{"Node Type": "Nested Loop", "Parent Relationship": "Outer", "Join Type": "Inner", "Startup Cost": 0.0, "Total Cost": 2657.41, "Plan Rows": 1, "Plan Width": 48, "Actual Startup Time": 2.65, "Actual Total Time": 49.529, "Actual Rows": 6, "Actual Loops": 1, "Inner Unique": true, "Join Filter": "(mk.movie_id = t.id)", "Rows Removed by Join Filter": 0, "Plans": [{"Node Type": "Nested Loop", "Parent Relationship": "Outer", "Join Type": "Inner", "Startup Cost": 0.0, "Total Cost": 2657.12, "Plan Rows": 1, "Plan Width": 39, "Actual Startup Time": 2.627, "Actual Total Time": 49.472, "Actual Rows": 6, "Actual Loops": 1, "Inner Unique": true, "Plans": [{"Node Type": "Nested Loop", "Parent Relationship": "Outer", "Join Type": "Inner", "Startup Cost": 0.0, "Total Cost": 2598.56, "Plan Rows": 202, "Plan Width": 28, "Actual Startup Time": 1.088, "Actual Total Time": 42.692, "Actual Rows": 1242, "Actual Loops": 1, "Inner Unique": false, "Plans": [{"Node Type": "Nested Loop", "Parent Relationship": "Outer", "Join Type": "Inner", "Startup Cost": 0.0, "Total Cost": 2573.32, "Plan Rows": 33, "Plan Width": 20, "Actual Startup Time": 1.074, "Actual Total Time": 40.525, "Actual Rows": 14, "Actual Loops": 1, "Inner Unique": false, "Plans": [{"Node Type": "Seq Scan", "Parent Relationship": "Outer", "Relation Name": "keyword", "Alias": "k", "Startup Cost": 0.0, "Total Cost": 2436.11, "Plan Rows": 1, "Plan Width": 20, "Actual Startup Time": 1.052, "Actual Total Time": 40.474, "Actual Rows": 1, "Actual Loops": 1, "Filter": "((keyword)::text = 'marvel-cinematic-universe'::text)", "Rows Removed by Filter": 134168}, {"Node Type": "Index Scan", "Parent Relationship": "Inner", "Scan Direction": "Forward", "Index Name": "keyword_id_movie_keyword", "Relation Name": "movie_keyword", "Alias": "mk", "Startup Cost": 0.0, "Total Cost": 136.88, "Plan Rows": 33, "Plan Width": 8, "Actual Startup Time": 0.016, "Actual Total Time": 0.039, "Actual Rows": 14, "Actual Loops": 1, "Index Cond": "(keyword_id = k.id)", "Rows Removed by Index Recheck": 0}]}, {"Node Type": "Index Scan", "Parent Relationship": "Inner", "Scan Direction": "Forward", "Index Name": "movie_id_cast_info", "Relation Name": "cast_info", "Alias": "ci", "Startup Cost": 0.0, "Total Cost": 0.7, "Plan Rows": 6, "Plan Width": 8, "Actual Startup Time": 0.16, "Actual Total Time": 1.838, "Actual Rows": 1242, "Actual Loops": 14, "Index Cond": "(movie_id = mk.movie_id)", "Rows Removed by Index Recheck": 0}]}, {"Node Type": "Index Scan", "Parent Relationship": "Inner", "Scan Direction": "Forward", "Index Name": "name_pkey", "Relation Name": "name", "Alias": "n", "Startup Cost": 0.0, "Total Cost": 0.28, "Plan Rows": 1, "Plan Width": 19, "Actual Startup Time": 6.167, "Actual Total Time": 6.167, "Actual Rows": 6, "Actual Loops": 1242, "Index Cond": "(id = ci.person_id)", "Rows Removed by Index Recheck": 0, "Filter": "((name)::text ~~ '%Downey%Robert%'::text)", "Rows Removed by Filter": 1236}]}, {"Node Type": "Index Scan", "Parent Relationship": "Inner", "Scan Direction": "Forward", "Index Name": "title_pkey", "Relation Name": "title", "Alias": "t", "Startup Cost": 0.0, "Total Cost": 0.28, "Plan Rows": 1, "Plan Width": 21, "Actual Startup Time": 0.038, "Actual Total Time": 0.038, "Actual Rows": 6, "Actual Loops": 6, "Index Cond": "(id = ci.movie_id)", "Rows Removed by Index Recheck": 0, "Filter": "(production_year > 2010)", "Rows Removed by Filter": 0}]}]}, "Triggers": [], "Planner Runtime": 8.574, "Total Runtime": 49.842, "Unique SQL Id": 4208751436}}, "(16, '93')": {"explain_plan": {"Plan": {"Node Type": "Aggregate", "Strategy": "Plain", "Startup Cost": 3404.02, "Total Cost": 3404.03, "Plan Rows": 1, "Plan Width": 144, "Plans": [{"Node Type": "Nested Loop", "Parent Relationship": "Outer", "Join Type": "Inner", "Startup Cost": 0.0, "Total Cost": 3404.01, "Plan Rows": 1, "Plan Width": 48, "Inner Unique": true, "Join Filter": "(mk.movie_id = t.id)", "Plans": [{"Node Type": "Nested Loop", "Parent Relationship": "Outer", "Join Type": "Inner", "Startup Cost": 0.0, "Total Cost": 3403.72, "Plan Rows": 1, "Plan Width": 39, "Inner Unique": true, "Plans": [{"Node Type": "Nested Loop", "Parent Relationship": "Outer", "Join Type": "Inner", "Startup Cost": 0.0, "Total Cost": 3345.17, "Plan Rows": 202, "Plan Width": 28, "Inner Unique": false, "Plans": [{"Node Type": "Nested Loop", "Parent Relationship": "Outer", "Join Type": "Inner", "Startup Cost": 0.0, "Total Cost": 3319.92, "Plan Rows": 33, "Plan Width": 20, "Inner Unique": false, "Plans": [{"Node Type": "Index Scan", "Parent Relationship": "Outer", "Scan Direction": "Forward", "Index Name": "keyword_pkey", "Relation Name": "keyword", "Alias": "k", "Startup Cost": 0.0, "Total Cost": 3182.72, "Plan Rows": 1, "Plan Width": 20, "Filter": "((keyword)::text = 'marvel-cinematic-universe'::text)"}, {"Node Type": "Index Scan", "Parent Relationship": "Inner", "Scan Direction": "Forward", "Index Name": "keyword_id_movie_keyword", "Relation Name": "movie_keyword", "Alias": "mk", "Startup Cost": 0.0, "Total Cost": 136.88, "Plan Rows": 33, "Plan Width": 8, "Index Cond": "(keyword_id = k.id)"}]}, {"Node Type": "Index Scan", "Parent Relationship": "Inner", "Scan Direction": "Forward", "Index Name": "movie_id_cast_info", "Relation Name": "cast_info", "Alias": "ci", "Startup Cost": 0.0, "Total Cost": 0.7, "Plan Rows": 6, "Plan Width": 8, "Index Cond": "(movie_id = mk.movie_id)"}]}, {"Node Type": "Index Scan", "Parent Relationship": "Inner", "Scan Direction": "Forward", "Index Name": "name_pkey", "Relation Name": "name", "Alias": "n", "Startup Cost": 0.0, "Total Cost": 0.28, "Plan Rows": 1, "Plan Width": 19, "Index Cond": "(id = ci.person_id)", "Filter": "((name)::text ~~ '%Downey%Robert%'::text)"}]}, {"Node Type": "Index Scan", "Parent Relationship": "Inner", "Scan Direction": "Forward", "Index Name": "title_pkey", "Relation Name": "title", "Alias": "t", "Startup Cost": 0.0, "Total Cost": 0.28, "Plan Rows": 1, "Plan Width": 21, "Index Cond": "(id = ci.movie_id)", "Filter": "(production_year > 2010)"}]}]}, "Unique SQL Id": 4208751436, "Planner Runtime": 5}, "explain_analyze_plan": {"Plan": {"Node Type": "Aggregate", "Strategy": "Plain", "Startup Cost": 3404.02, "Total Cost": 3404.03, "Plan Rows": 1, "Plan Width": 144, "Actual Startup Time": 129.093, "Actual Total Time": 129.094, "Actual Rows": 1, "Actual Loops": 1, "Plans": [{"Node Type": "Nested Loop", "Parent Relationship": "Outer", "Join Type": "Inner", "Startup Cost": 0.0, "Total Cost": 3404.01, "Plan Rows": 1, "Plan Width": 48, "Actual Startup Time": 8.547, "Actual Total Time": 129.04, "Actual Rows": 6, "Actual Loops": 1, "Inner Unique": true, "Join Filter": "(mk.movie_id = t.id)", "Rows Removed by Join Filter": 0, "Plans": [{"Node Type": "Nested Loop", "Parent Relationship": "Outer", "Join Type": "Inner", "Startup Cost": 0.0, "Total Cost": 3403.72, "Plan Rows": 1, "Plan Width": 39, "Actual Startup Time": 8.53, "Actual Total Time": 128.988, "Actual Rows": 6, "Actual Loops": 1, "Inner Unique": true, "Plans": [{"Node Type": "Nested Loop", "Parent Relationship": "Outer", "Join Type": "Inner", "Startup Cost": 0.0, "Total Cost": 3345.17, "Plan Rows": 202, "Plan Width": 28, "Actual Startup Time": 6.99, "Actual Total Time": 122.056, "Actual Rows": 1242, "Actual Loops": 1, "Inner Unique": false, "Plans": [{"Node Type": "Nested Loop", "Parent Relationship": "Outer", "Join Type": "Inner", "Startup Cost": 0.0, "Total Cost": 3319.92, "Plan Rows": 33, "Plan Width": 20, "Actual Startup Time": 6.977, "Actual Total Time": 119.872, "Actual Rows": 14, "Actual Loops": 1, "Inner Unique": false, "Plans": [{"Node Type": "Index Scan", "Parent Relationship": "Outer", "Scan Direction": "Forward", "Index Name": "keyword_pkey", "Relation Name": "keyword", "Alias": "k", "Startup Cost": 0.0, "Total Cost": 3182.72, "Plan Rows": 1, "Plan Width": 20, "Actual Startup Time": 6.958, "Actual Total Time": 119.824, "Actual Rows": 1, "Actual Loops": 1, "Filter": "((keyword)::text = 'marvel-cinematic-universe'::text)", "Rows Removed by Filter": 134168}, {"Node Type": "Index Scan", "Parent Relationship": "Inner", "Scan Direction": "Forward", "Index Name": "keyword_id_movie_keyword", "Relation Name": "movie_keyword", "Alias": "mk", "Startup Cost": 0.0, "Total Cost": 136.88, "Plan Rows": 33, "Plan Width": 8, "Actual Startup Time": 0.012, "Actual Total Time": 0.032, "Actual Rows": 14, "Actual Loops": 1, "Index Cond": "(keyword_id = k.id)", "Rows Removed by Index Recheck": 0}]}, {"Node Type": "Index Scan", "Parent Relationship": "Inner", "Scan Direction": "Forward", "Index Name": "movie_id_cast_info", "Relation Name": "cast_info", "Alias": "ci", "Startup Cost": 0.0, "Total Cost": 0.7, "Plan Rows": 6, "Plan Width": 8, "Actual Startup Time": 0.158, "Actual Total Time": 1.852, "Actual Rows": 1242, "Actual Loops": 14, "Index Cond": "(movie_id = mk.movie_id)", "Rows Removed by Index Recheck": 0}]}, {"Node Type": "Index Scan", "Parent Relationship": "Inner", "Scan Direction": "Forward", "Index Name": "name_pkey", "Relation Name": "name", "Alias": "n", "Startup Cost": 0.0, "Total Cost": 0.28, "Plan Rows": 1, "Plan Width": 19, "Actual Startup Time": 6.301, "Actual Total Time": 6.301, "Actual Rows": 6, "Actual Loops": 1242, "Index Cond": "(id = ci.person_id)", "Rows Removed by Index Recheck": 0, "Filter": "((name)::text ~~ '%Downey%Robert%'::text)", "Rows Removed by Filter": 1236}]}, {"Node Type": "Index Scan", "Parent Relationship": "Inner", "Scan Direction": "Forward", "Index Name": "title_pkey", "Relation Name": "title", "Alias": "t", "Startup Cost": 0.0, "Total Cost": 0.28, "Plan Rows": 1, "Plan Width": 21, "Actual Startup Time": 0.038, "Actual Total Time": 0.038, "Actual Rows": 6, "Actual Loops": 6, "Index Cond": "(id = ci.movie_id)", "Rows Removed by Index Recheck": 0, "Filter": "(production_year > 2010)", "Rows Removed by Filter": 0}]}]}, "Triggers": [], "Planner Runtime": 8.278, "Total Runtime": 129.388, "Unique SQL Id": 4208751436}}, "(16, '94')": {"explain_plan": {"Plan": {"Node Type": "Aggregate", "Strategy": "Plain", "Startup Cost": 3099156821577.71, "Total Cost": 3099156821577.72, "Plan Rows": 1, "Plan Width": 144, "Plans": [{"Node Type": "Merge Join", "Parent Relationship": "Outer", "Join Type": "Inner", "Startup Cost": 2110237739855.23, "Total Cost": 3099156821576.07, "Plan Rows": 218, "Plan Width": 48, "Inner Unique": false, "Merge Cond": "(t.id = mk.movie_id)", "Plans": [{"Node Type": "Index Scan", "Parent Relationship": "Outer", "Scan Direction": "Forward", "Index Name": "title_pkey", "Relation Name": "title", "Alias": "t", "Startup Cost": 10000000000.0, "Total Cost": 1000011644126.66, "Plan Rows": 391451, "Plan Width": 21, "Filter": "(production_year > 2010), (LLVM Optimized)"}, {"Node Type": "Sort", "Parent Relationship": "Inner", "Startup Cost": 2100116343923.26, "Total Cost": 2100116343923.76, "Plan Rows": 202, "Plan Width": 39, "Sort Key": ["ci.movie_id"], "Plans": [{"Node Type": "Nested Loop", "Parent Relationship": "Outer", "Join Type": "Inner", "Startup Cost": 30000000000.0, "Total Cost": 2100116343915.53, "Plan Rows": 202, "Plan Width": 39, "Inner Unique": false, "Join Filter": "(ci.movie_id = mk.movie_id)", "Plans": [{"Node Type": "Streaming(type: LOCAL GATHER dop: 1/16)", "Parent Relationship": "Outer", "Startup Cost": 10000000000.0, "Total Cost": 100011231934.78, "Plan Rows": 7520, "Plan Width": 19, "Plans": [{"Node Type": "Nested Loop", "Parent Relationship": "Outer", "Join Type": "Inner", "Startup Cost": 10000000000.0, "Total Cost": 100011231772.48, "Plan Rows": 7520, "Plan Width": 19, "Inner Unique": true, "Join Filter": "(ci.person_id = n.id)", "Plans": [{"Node Type": "Streaming(type: LOCAL REDISTRIBUTE dop: 16/16)", "Parent Relationship": "Outer", "Startup Cost": 0.0, "Total Cost": 205006.86, "Plan Rows": 36259494, "Plan Width": 8, "Plans": [{"Node Type": "Seq Scan", "Parent Relationship": "Outer", "Relation Name": "cast_info", "Alias": "ci", "Startup Cost": 0.0, "Total Cost": 52617.37, "Plan Rows": 36259494, "Plan Width": 8}]}, {"Node Type": "Materialize", "Parent Relationship": "Inner", "Startup Cost": 0.0, "Total Cost": 36469.87, "Plan Rows": 415, "Plan Width": 19, "Plans": [{"Node Type": "Streaming(type: LOCAL REDISTRIBUTE dop: 16/16)", "Parent Relationship": "Outer", "Startup Cost": 0.0, "Total Cost": 36469.74, "Plan Rows": 415, "Plan Width": 19, "Plans": [{"Node Type": "Seq Scan", "Parent Relationship": "Outer", "Relation Name": "name", "Alias": "n", "Startup Cost": 0.0, "Total Cost": 21468.16, "Plan Rows": 415, "Plan Width": 19, "Filter": "((name)::text ~~ '%Downey%Robert%'::text)"}]}]}]}]}, {"Node Type": "Materialize", "Parent Relationship": "Inner", "Startup Cost": 10000000000.0, "Total Cost": 100000398734.46, "Plan Rows": 33, "Plan Width": 20, "Plans": [{"Node Type": "Streaming(type: LOCAL GATHER dop: 1/16)", "Parent Relationship": "Outer", "Startup Cost": 10000000000.0, "Total Cost": 100000398734.29, "Plan Rows": 33, "Plan Width": 20, "Plans": [{"Node Type": "Nested Loop", "Parent Relationship": "Outer", "Join Type": "Inner", "Startup Cost": 10000000000.0, "Total Cost": 100000398733.58, "Plan Rows": 33, "Plan Width": 20, "Inner Unique": false, "Join Filter": "(k.id = mk.keyword_id)", "Plans": [{"Node Type": "Streaming(type: BROADCAST dop: 16/1)", "Parent Relationship": "Outer", "Startup Cost": 0.0, "Total Cost": 17436.46, "Plan Rows": 16, "Plan Width": 20, "Plans": [{"Node Type": "Seq Scan", "Parent Relationship": "Outer", "Relation Name": "keyword", "Alias": "k", "Startup Cost": 0.0, "Total Cost": 2436.11, "Plan Rows": 1, "Plan Width": 20, "Filter": "((keyword)::text = 'marvel-cinematic-universe'::text)"}]}, {"Node Type": "Seq Scan", "Parent Relationship": "Inner", "Relation Name": "movie_keyword", "Alias": "mk", "Startup Cost": 0.0, "Total Cost": 18902.58, "Plan Rows": 4523929, "Plan Width": 8}]}]}]}]}]}]}]}, "Unique SQL Id": 4208751436, "Planner Runtime": 8}, "explain_analyze_plan": null}, "(16, '95')": {"explain_plan": {"Plan": {"Node Type": "Aggregate", "Strategy": "Plain", "Startup Cost": 4971239154927.62, "Total Cost": 4971239154927.63, "Plan Rows": 1, "Plan Width": 144, "Plans": [{"Node Type": "Merge Join", "Parent Relationship": "Outer", "Join Type": "Inner", "Startup Cost": 3981238836616.52, "Total Cost": 4971239154925.99, "Plan Rows": 218, "Plan Width": 48, "Inner Unique": true, "Merge Cond": "(mk.keyword_id = k.id)", "Plans": [{"Node Type": "Sort", "Parent Relationship": "Outer", "Startup Cost": 3971238836616.52, "Total Cost": 3971238836635.41, "Plan Rows": 7553, "Plan Width": 36, "Sort Key": ["mk.keyword_id"], "Plans": [{"Node Type": "Merge Join", "Parent Relationship": "Outer", "Join Type": "Inner", "Startup Cost": 1994069342563.31, "Total Cost": 3971238836130.0, "Plan Rows": 7553, "Plan Width": 36, "Inner Unique": false, "Merge Cond": "(t.id = ci.movie_id)", "Plans": [{"Node Type": "Merge Join", "Parent Relationship": "Outer", "Join Type": "Inner", "Startup Cost": 20121395931.97, "Total Cost": 1999055821179.06, "Plan Rows": 3158553, "Plan Width": 29, "Inner Unique": false, "Merge Cond": "(t.id = mk.movie_id)", "Plans": [{"Node Type": "Index Scan", "Parent Relationship": "Outer", "Scan Direction": "Forward", "Index Name": "title_pkey", "Relation Name": "title", "Alias": "t", "Startup Cost": 10000000000.0, "Total Cost": 1000011644126.66, "Plan Rows": 391451, "Plan Width": 21, "Filter": "(production_year > 2010), (LLVM Optimized)"}, {"Node Type": "Index Scan", "Parent Relationship": "Inner", "Scan Direction": "Forward", "Index Name": "movie_id_movie_keyword", "Relation Name": "movie_keyword", "Alias": "mk", "Startup Cost": 10000000000.0, "Total Cost": 1000015300634.17, "Plan Rows": 4523929, "Plan Width": 8}]}, {"Node Type": "Sort", "Parent Relationship": "Inner", "Startup Cost": 1973947946631.34, "Total Cost": 1973947946650.14, "Plan Rows": 7520, "Plan Width": 19, "Sort Key": ["ci.movie_id"], "Plans": [{"Node Type": "Merge Join", "Parent Relationship": "Outer", "Join Type": "Inner", "Startup Cost": 20031158317.15, "Total Cost": 1973947946147.19, "Plan Rows": 7520, "Plan Width": 19, "Inner Unique": true, "Merge Cond": "(ci.person_id = n.id)", "Plans": [{"Node Type": "Index Scan", "Parent Relationship": "Outer", "Scan Direction": "Forward", "Index Name": "person_id_cast_info", "Relation Name": "cast_info", "Alias": "ci", "Startup Cost": 10000000000.0, "Total Cost": 1000170648833.21, "Plan Rows": 36259494, "Plan Width": 8}, {"Node Type": "Materialize", "Parent Relationship": "Inner", "Startup Cost": 10000000000.0, "Total Cost": 1000018665148.24, "Plan Rows": 415, "Plan Width": 19, "Plans": [{"Node Type": "Index Scan", "Parent Relationship": "Outer", "Scan Direction": "Forward", "Index Name": "name_pkey", "Relation Name": "name", "Alias": "n", "Startup Cost": 10000000000.0, "Total Cost": 1000018665147.2, "Plan Rows": 415, "Plan Width": 19, "Filter": "((name)::text ~~ '%Downey%Robert%'::text)"}]}]}]}]}]}, {"Node Type": "Index Scan", "Parent Relationship": "Inner", "Scan Direction": "Forward", "Index Name": "keyword_pkey", "Relation Name": "keyword", "Alias": "k", "Startup Cost": 10000000000.0, "Total Cost": 1000000318271.68, "Plan Rows": 1, "Plan Width": 20, "Filter": "((keyword)::text = 'marvel-cinematic-universe'::text)"}]}]}, "Unique SQL Id": 4208751436, "Planner Runtime": 12}, "explain_analyze_plan": null}, "(16, '96')": {"explain_plan": {"Plan": {"Node Type": "Aggregate", "Strategy": "Plain", "Startup Cost": 2653.12, "Total Cost": 2653.13, "Plan Rows": 1, "Plan Width": 144, "Plans": [{"Node Type": "Nested Loop", "Parent Relationship": "Outer", "Join Type": "Inner", "Startup Cost": 4.51, "Total Cost": 2653.12, "Plan Rows": 1, "Plan Width": 48, "Inner Unique": true, "Join Filter": "(mk.movie_id = t.id)", "Plans": [{"Node Type": "Nested Loop", "Parent Relationship": "Outer", "Join Type": "Inner", "Startup Cost": 4.51, "Total Cost": 2652.83, "Plan Rows": 1, "Plan Width": 39, "Inner Unique": true, "Plans": [{"Node Type": "Nested Loop", "Parent Relationship": "Outer", "Join Type": "Inner", "Startup Cost": 4.51, "Total Cost": 2594.27, "Plan Rows": 202, "Plan Width": 28, "Inner Unique": false, "Plans": [{"Node Type": "Nested Loop", "Parent Relationship": "Outer", "Join Type": "Inner", "Startup Cost": 4.51, "Total Cost": 2569.02, "Plan Rows": 33, "Plan Width": 20, "Inner Unique": false, "Plans": [{"Node Type": "Seq Scan", "Parent Relationship": "Outer", "Relation Name": "keyword", "Alias": "k", "Startup Cost": 0.0, "Total Cost": 2436.11, "Plan Rows": 1, "Plan Width": 20, "Filter": "((keyword)::text = 'marvel-cinematic-universe'::text)"}, {"Node Type": "Bitmap Heap Scan", "Parent Relationship": "Inner", "Relation Name": "movie_keyword", "Alias": "mk", "Startup Cost": 4.51, "Total Cost": 132.58, "Plan Rows": 33, "Plan Width": 8, "Recheck Cond": "(keyword_id = k.id)", "Plans": [{"Node Type": "Bitmap Index Scan", "Parent Relationship": "Outer", "Index Name": "keyword_id_movie_keyword", "Startup Cost": 0.0, "Total Cost": 4.5, "Plan Rows": 33, "Plan Width": 0, "Index Cond": "(keyword_id = k.id)"}]}]}, {"Node Type": "Index Scan", "Parent Relationship": "Inner", "Scan Direction": "Forward", "Index Name": "movie_id_cast_info", "Relation Name": "cast_info", "Alias": "ci", "Startup Cost": 0.0, "Total Cost": 0.7, "Plan Rows": 6, "Plan Width": 8, "Index Cond": "(movie_id = mk.movie_id)"}]}, {"Node Type": "Index Scan", "Parent Relationship": "Inner", "Scan Direction": "Forward", "Index Name": "name_pkey", "Relation Name": "name", "Alias": "n", "Startup Cost": 0.0, "Total Cost": 0.28, "Plan Rows": 1, "Plan Width": 19, "Index Cond": "(id = ci.person_id)", "Filter": "((name)::text ~~ '%Downey%Robert%'::text)"}]}, {"Node Type": "Index Scan", "Parent Relationship": "Inner", "Scan Direction": "Forward", "Index Name": "title_pkey", "Relation Name": "title", "Alias": "t", "Startup Cost": 0.0, "Total Cost": 0.28, "Plan Rows": 1, "Plan Width": 21, "Index Cond": "(id = ci.movie_id)", "Filter": "(production_year > 2010)"}]}]}, "Unique SQL Id": 4208751436, "Planner Runtime": 5}, "explain_analyze_plan": {"Plan": {"Node Type": "Aggregate", "Strategy": "Plain", "Startup Cost": 2653.12, "Total Cost": 2653.13, "Plan Rows": 1, "Plan Width": 144, "Actual Startup Time": 49.672, "Actual Total Time": 49.672, "Actual Rows": 1, "Actual Loops": 1, "Plans": [{"Node Type": "Nested Loop", "Parent Relationship": "Outer", "Join Type": "Inner", "Startup Cost": 4.51, "Total Cost": 2653.12, "Plan Rows": 1, "Plan Width": 48, "Actual Startup Time": 2.684, "Actual Total Time": 49.638, "Actual Rows": 6, "Actual Loops": 1, "Inner Unique": true, "Join Filter": "(mk.movie_id = t.id)", "Rows Removed by Join Filter": 0, "Plans": [{"Node Type": "Nested Loop", "Parent Relationship": "Outer", "Join Type": "Inner", "Startup Cost": 4.51, "Total Cost": 2652.83, "Plan Rows": 1, "Plan Width": 39, "Actual Startup Time": 2.651, "Actual Total Time": 49.565, "Actual Rows": 6, "Actual Loops": 1, "Inner Unique": true, "Plans": [{"Node Type": "Nested Loop", "Parent Relationship": "Outer", "Join Type": "Inner", "Startup Cost": 4.51, "Total Cost": 2594.27, "Plan Rows": 202, "Plan Width": 28, "Actual Startup Time": 1.11, "Actual Total Time": 42.722, "Actual Rows": 1242, "Actual Loops": 1, "Inner Unique": false, "Plans": [{"Node Type": "Nested Loop", "Parent Relationship": "Outer", "Join Type": "Inner", "Startup Cost": 4.51, "Total Cost": 2569.02, "Plan Rows": 33, "Plan Width": 20, "Actual Startup Time": 1.094, "Actual Total Time": 40.566, "Actual Rows": 14, "Actual Loops": 1, "Inner Unique": false, "Plans": [{"Node Type": "Seq Scan", "Parent Relationship": "Outer", "Relation Name": "keyword", "Alias": "k", "Startup Cost": 0.0, "Total Cost": 2436.11, "Plan Rows": 1, "Plan Width": 20, "Actual Startup Time": 1.054, "Actual Total Time": 40.487, "Actual Rows": 1, "Actual Loops": 1, "Filter": "((keyword)::text = 'marvel-cinematic-universe'::text)", "Rows Removed by Filter": 134168}, {"Node Type": "Bitmap Heap Scan", "Parent Relationship": "Inner", "Relation Name": "movie_keyword", "Alias": "mk", "Startup Cost": 4.51, "Total Cost": 132.58, "Plan Rows": 33, "Plan Width": 8, "Actual Startup Time": 0.033, "Actual Total Time": 0.066, "Actual Rows": 14, "Actual Loops": 1, "Recheck Cond": "(keyword_id = k.id)", "Rows Removed by Index Recheck": 0, "Exact Heap Blocks": 13, "Lossy Heap Blocks": 13, "Plans": [{"Node Type": "Bitmap Index Scan", "Parent Relationship": "Outer", "Index Name": "keyword_id_movie_keyword", "Startup Cost": 0.0, "Total Cost": 4.5, "Plan Rows": 33, "Plan Width": 0, "Actual Startup Time": 0.019, "Actual Total Time": 0.019, "Actual Rows": 14, "Actual Loops": 1, "Index Cond": "(keyword_id = k.id)"}]}]}, {"Node Type": "Index Scan", "Parent Relationship": "Inner", "Scan Direction": "Forward", "Index Name": "movie_id_cast_info", "Relation Name": "cast_info", "Alias": "ci", "Startup Cost": 0.0, "Total Cost": 0.7, "Plan Rows": 6, "Plan Width": 8, "Actual Startup Time": 0.166, "Actual Total Time": 1.857, "Actual Rows": 1242, "Actual Loops": 14, "Index Cond": "(movie_id = mk.movie_id)", "Rows Removed by Index Recheck": 0}]}, {"Node Type": "Index Scan", "Parent Relationship": "Inner", "Scan Direction": "Forward", "Index Name": "name_pkey", "Relation Name": "name", "Alias": "n", "Startup Cost": 0.0, "Total Cost": 0.28, "Plan Rows": 1, "Plan Width": 19, "Actual Startup Time": 6.233, "Actual Total Time": 6.233, "Actual Rows": 6, "Actual Loops": 1242, "Index Cond": "(id = ci.person_id)", "Rows Removed by Index Recheck": 0, "Filter": "((name)::text ~~ '%Downey%Robert%'::text)", "Rows Removed by Filter": 1236}]}, {"Node Type": "Index Scan", "Parent Relationship": "Inner", "Scan Direction": "Forward", "Index Name": "title_pkey", "Relation Name": "title", "Alias": "t", "Startup Cost": 0.0, "Total Cost": 0.28, "Plan Rows": 1, "Plan Width": 21, "Actual Startup Time": 0.047, "Actual Total Time": 0.047, "Actual Rows": 6, "Actual Loops": 6, "Index Cond": "(id = ci.movie_id)", "Rows Removed by Index Recheck": 0, "Filter": "(production_year > 2010)", "Rows Removed by Filter": 0}]}]}, "Triggers": [], "Planner Runtime": 8.753, "Total Runtime": 49.979, "Unique SQL Id": 4208751436}}, "(16, '97')": {"explain_plan": {"Plan": {"Node Type": "Aggregate", "Strategy": "Plain", "Startup Cost": 3399.73, "Total Cost": 3399.74, "Plan Rows": 1, "Plan Width": 144, "Plans": [{"Node Type": "Nested Loop", "Parent Relationship": "Outer", "Join Type": "Inner", "Startup Cost": 4.51, "Total Cost": 3399.72, "Plan Rows": 1, "Plan Width": 48, "Inner Unique": true, "Join Filter": "(mk.movie_id = t.id)", "Plans": [{"Node Type": "Nested Loop", "Parent Relationship": "Outer", "Join Type": "Inner", "Startup Cost": 4.51, "Total Cost": 3399.43, "Plan Rows": 1, "Plan Width": 39, "Inner Unique": true, "Plans": [{"Node Type": "Nested Loop", "Parent Relationship": "Outer", "Join Type": "Inner", "Startup Cost": 4.51, "Total Cost": 3340.87, "Plan Rows": 202, "Plan Width": 28, "Inner Unique": false, "Plans": [{"Node Type": "Nested Loop", "Parent Relationship": "Outer", "Join Type": "Inner", "Startup Cost": 4.51, "Total Cost": 3315.63, "Plan Rows": 33, "Plan Width": 20, "Inner Unique": false, "Plans": [{"Node Type": "Index Scan", "Parent Relationship": "Outer", "Scan Direction": "Forward", "Index Name": "keyword_pkey", "Relation Name": "keyword", "Alias": "k", "Startup Cost": 0.0, "Total Cost": 3182.72, "Plan Rows": 1, "Plan Width": 20, "Filter": "((keyword)::text = 'marvel-cinematic-universe'::text)"}, {"Node Type": "Bitmap Heap Scan", "Parent Relationship": "Inner", "Relation Name": "movie_keyword", "Alias": "mk", "Startup Cost": 4.51, "Total Cost": 132.58, "Plan Rows": 33, "Plan Width": 8, "Recheck Cond": "(keyword_id = k.id)", "Plans": [{"Node Type": "Bitmap Index Scan", "Parent Relationship": "Outer", "Index Name": "keyword_id_movie_keyword", "Startup Cost": 0.0, "Total Cost": 4.5, "Plan Rows": 33, "Plan Width": 0, "Index Cond": "(keyword_id = k.id)"}]}]}, {"Node Type": "Index Scan", "Parent Relationship": "Inner", "Scan Direction": "Forward", "Index Name": "movie_id_cast_info", "Relation Name": "cast_info", "Alias": "ci", "Startup Cost": 0.0, "Total Cost": 0.7, "Plan Rows": 6, "Plan Width": 8, "Index Cond": "(movie_id = mk.movie_id)"}]}, {"Node Type": "Index Scan", "Parent Relationship": "Inner", "Scan Direction": "Forward", "Index Name": "name_pkey", "Relation Name": "name", "Alias": "n", "Startup Cost": 0.0, "Total Cost": 0.28, "Plan Rows": 1, "Plan Width": 19, "Index Cond": "(id = ci.person_id)", "Filter": "((name)::text ~~ '%Downey%Robert%'::text)"}]}, {"Node Type": "Index Scan", "Parent Relationship": "Inner", "Scan Direction": "Forward", "Index Name": "title_pkey", "Relation Name": "title", "Alias": "t", "Startup Cost": 0.0, "Total Cost": 0.28, "Plan Rows": 1, "Plan Width": 21, "Index Cond": "(id = ci.movie_id)", "Filter": "(production_year > 2010)"}]}]}, "Unique SQL Id": 4208751436, "Planner Runtime": 6}, "explain_analyze_plan": {"Plan": {"Node Type": "Aggregate", "Strategy": "Plain", "Startup Cost": 3399.73, "Total Cost": 3399.74, "Plan Rows": 1, "Plan Width": 144, "Actual Startup Time": 130.05, "Actual Total Time": 130.051, "Actual Rows": 1, "Actual Loops": 1, "Plans": [{"Node Type": "Nested Loop", "Parent Relationship": "Outer", "Join Type": "Inner", "Startup Cost": 4.51, "Total Cost": 3399.72, "Plan Rows": 1, "Plan Width": 48, "Actual Startup Time": 9.062, "Actual Total Time": 130.018, "Actual Rows": 6, "Actual Loops": 1, "Inner Unique": true, "Join Filter": "(mk.movie_id = t.id)", "Rows Removed by Join Filter": 0, "Plans": [{"Node Type": "Nested Loop", "Parent Relationship": "Outer", "Join Type": "Inner", "Startup Cost": 4.51, "Total Cost": 3399.43, "Plan Rows": 1, "Plan Width": 39, "Actual Startup Time": 9.03, "Actual Total Time": 129.951, "Actual Rows": 6, "Actual Loops": 1, "Inner Unique": true, "Plans": [{"Node Type": "Nested Loop", "Parent Relationship": "Outer", "Join Type": "Inner", "Startup Cost": 4.51, "Total Cost": 3340.87, "Plan Rows": 202, "Plan Width": 28, "Actual Startup Time": 7.483, "Actual Total Time": 123.046, "Actual Rows": 1242, "Actual Loops": 1, "Inner Unique": false, "Plans": [{"Node Type": "Nested Loop", "Parent Relationship": "Outer", "Join Type": "Inner", "Startup Cost": 4.51, "Total Cost": 3315.63, "Plan Rows": 33, "Plan Width": 20, "Actual Startup Time": 7.468, "Actual Total Time": 120.867, "Actual Rows": 14, "Actual Loops": 1, "Inner Unique": false, "Plans": [{"Node Type": "Index Scan", "Parent Relationship": "Outer", "Scan Direction": "Forward", "Index Name": "keyword_pkey", "Relation Name": "keyword", "Alias": "k", "Startup Cost": 0.0, "Total Cost": 3182.72, "Plan Rows": 1, "Plan Width": 20, "Actual Startup Time": 7.433, "Actual Total Time": 120.793, "Actual Rows": 1, "Actual Loops": 1, "Filter": "((keyword)::text = 'marvel-cinematic-universe'::text)", "Rows Removed by Filter": 134168}, {"Node Type": "Bitmap Heap Scan", "Parent Relationship": "Inner", "Relation Name": "movie_keyword", "Alias": "mk", "Startup Cost": 4.51, "Total Cost": 132.58, "Plan Rows": 33, "Plan Width": 8, "Actual Startup Time": 0.027, "Actual Total Time": 0.06, "Actual Rows": 14, "Actual Loops": 1, "Recheck Cond": "(keyword_id = k.id)", "Rows Removed by Index Recheck": 0, "Exact Heap Blocks": 13, "Lossy Heap Blocks": 13, "Plans": [{"Node Type": "Bitmap Index Scan", "Parent Relationship": "Outer", "Index Name": "keyword_id_movie_keyword", "Startup Cost": 0.0, "Total Cost": 4.5, "Plan Rows": 33, "Plan Width": 0, "Actual Startup Time": 0.015, "Actual Total Time": 0.015, "Actual Rows": 14, "Actual Loops": 1, "Index Cond": "(keyword_id = k.id)"}]}]}, {"Node Type": "Index Scan", "Parent Relationship": "Inner", "Scan Direction": "Forward", "Index Name": "movie_id_cast_info", "Relation Name": "cast_info", "Alias": "ci", "Startup Cost": 0.0, "Total Cost": 0.7, "Plan Rows": 6, "Plan Width": 8, "Actual Startup Time": 0.166, "Actual Total Time": 1.85, "Actual Rows": 1242, "Actual Loops": 14, "Index Cond": "(movie_id = mk.movie_id)", "Rows Removed by Index Recheck": 0}]}, {"Node Type": "Index Scan", "Parent Relationship": "Inner", "Scan Direction": "Forward", "Index Name": "name_pkey", "Relation Name": "name", "Alias": "n", "Startup Cost": 0.0, "Total Cost": 0.28, "Plan Rows": 1, "Plan Width": 19, "Actual Startup Time": 6.274, "Actual Total Time": 6.274, "Actual Rows": 6, "Actual Loops": 1242, "Index Cond": "(id = ci.person_id)", "Rows Removed by Index Recheck": 0, "Filter": "((name)::text ~~ '%Downey%Robert%'::text)", "Rows Removed by Filter": 1236}]}, {"Node Type": "Index Scan", "Parent Relationship": "Inner", "Scan Direction": "Forward", "Index Name": "title_pkey", "Relation Name": "title", "Alias": "t", "Startup Cost": 0.0, "Total Cost": 0.28, "Plan Rows": 1, "Plan Width": 21, "Actual Startup Time": 0.045, "Actual Total Time": 0.045, "Actual Rows": 6, "Actual Loops": 6, "Index Cond": "(id = ci.movie_id)", "Rows Removed by Index Recheck": 0, "Filter": "(production_year > 2010)", "Rows Removed by Filter": 0}]}]}, "Triggers": [], "Planner Runtime": 9.763, "Total Runtime": 130.32, "Unique SQL Id": 4208751436}}, "(16, '98')": {"explain_plan": {"Plan": {"Node Type": "Aggregate", "Strategy": "Plain", "Startup Cost": 3589.09, "Total Cost": 3589.1, "Plan Rows": 1, "Plan Width": 144, "Plans": [{"Node Type": "Nested Loop", "Parent Relationship": "Outer", "Join Type": "Inner", "Startup Cost": 5.44, "Total Cost": 3589.09, "Plan Rows": 1, "Plan Width": 48, "Inner Unique": true, "Join Filter": "(mk.movie_id = t.id)", "Plans": [{"Node Type": "Nested Loop", "Parent Relationship": "Outer", "Join Type": "Inner", "Startup Cost": 5.19, "Total Cost": 3584.8, "Plan Rows": 1, "Plan Width": 39, "Inner Unique": true, "Plans": [{"Node Type": "Nested Loop", "Parent Relationship": "Outer", "Join Type": "Inner", "Startup Cost": 4.93, "Total Cost": 2719.34, "Plan Rows": 202, "Plan Width": 28, "Inner Unique": false, "Plans": [{"Node Type": "Nested Loop", "Parent Relationship": "Outer", "Join Type": "Inner", "Startup Cost": 4.51, "Total Cost": 2569.02, "Plan Rows": 33, "Plan Width": 20, "Inner Unique": false, "Plans": [{"Node Type": "Seq Scan", "Parent Relationship": "Outer", "Relation Name": "keyword", "Alias": "k", "Startup Cost": 0.0, "Total Cost": 2436.11, "Plan Rows": 1, "Plan Width": 20, "Filter": "((keyword)::text = 'marvel-cinematic-universe'::text)"}, {"Node Type": "Bitmap Heap Scan", "Parent Relationship": "Inner", "Relation Name": "movie_keyword", "Alias": "mk", "Startup Cost": 4.51, "Total Cost": 132.58, "Plan Rows": 33, "Plan Width": 8, "Recheck Cond": "(keyword_id = k.id)", "Plans": [{"Node Type": "Bitmap Index Scan", "Parent Relationship": "Outer", "Index Name": "keyword_id_movie_keyword", "Startup Cost": 0.0, "Total Cost": 4.5, "Plan Rows": 33, "Plan Width": 0, "Index Cond": "(keyword_id = k.id)"}]}]}, {"Node Type": "Bitmap Heap Scan", "Parent Relationship": "Inner", "Relation Name": "cast_info", "Alias": "ci", "Startup Cost": 0.42, "Total Cost": 4.49, "Plan Rows": 6, "Plan Width": 8, "Recheck Cond": "(movie_id = mk.movie_id)", "Plans": [{"Node Type": "Bitmap Index Scan", "Parent Relationship": "Outer", "Index Name": "movie_id_cast_info", "Startup Cost": 0.0, "Total Cost": 0.42, "Plan Rows": 6, "Plan Width": 0, "Index Cond": "(movie_id = mk.movie_id)"}]}]}, {"Node Type": "Bitmap Heap Scan", "Parent Relationship": "Inner", "Relation Name": "name", "Alias": "n", "Startup Cost": 0.26, "Total Cost": 4.27, "Plan Rows": 1, "Plan Width": 19, "Recheck Cond": "(id = ci.person_id)", "Filter": "((name)::text ~~ '%Downey%Robert%'::text)", "Plans": [{"Node Type": "Bitmap Index Scan", "Parent Relationship": "Outer", "Index Name": "name_pkey", "Startup Cost": 0.0, "Total Cost": 0.26, "Plan Rows": 1, "Plan Width": 0, "Index Cond": "(id = ci.person_id)"}]}]}, {"Node Type": "Bitmap Heap Scan", "Parent Relationship": "Inner", "Relation Name": "title", "Alias": "t", "Startup Cost": 0.26, "Total Cost": 4.27, "Plan Rows": 1, "Plan Width": 21, "Recheck Cond": "(id = ci.movie_id)", "Filter": "(production_year > 2010)", "Plans": [{"Node Type": "Bitmap Index Scan", "Parent Relationship": "Outer", "Index Name": "title_pkey", "Startup Cost": 0.0, "Total Cost": 0.26, "Plan Rows": 1, "Plan Width": 0, "Index Cond": "(id = ci.movie_id)"}]}]}]}, "Unique SQL Id": 4208751436, "Planner Runtime": 9}, "explain_analyze_plan": {"Plan": {"Node Type": "Aggregate", "Strategy": "Plain", "Startup Cost": 3589.09, "Total Cost": 3589.1, "Plan Rows": 1, "Plan Width": 144, "Actual Startup Time": 53.753, "Actual Total Time": 53.753, "Actual Rows": 1, "Actual Loops": 1, "Plans": [{"Node Type": "Nested Loop", "Parent Relationship": "Outer", "Join Type": "Inner", "Startup Cost": 5.44, "Total Cost": 3589.09, "Plan Rows": 1, "Plan Width": 48, "Actual Startup Time": 3.484, "Actual Total Time": 53.714, "Actual Rows": 6, "Actual Loops": 1, "Inner Unique": true, "Join Filter": "(mk.movie_id = t.id)", "Rows Removed by Join Filter": 0, "Plans": [{"Node Type": "Nested Loop", "Parent Relationship": "Outer", "Join Type": "Inner", "Startup Cost": 5.19, "Total Cost": 3584.8, "Plan Rows": 1, "Plan Width": 39, "Actual Startup Time": 3.465, "Actual Total Time": 53.648, "Actual Rows": 6, "Actual Loops": 1, "Inner Unique": true, "Plans": [{"Node Type": "Nested Loop", "Parent Relationship": "Outer", "Join Type": "Inner", "Startup Cost": 4.93, "Total Cost": 2719.34, "Plan Rows": 202, "Plan Width": 28, "Actual Startup Time": 1.158, "Actual Total Time": 44.383, "Actual Rows": 1242, "Actual Loops": 1, "Inner Unique": false, "Plans": [{"Node Type": "Nested Loop", "Parent Relationship": "Outer", "Join Type": "Inner", "Startup Cost": 4.51, "Total Cost": 2569.02, "Plan Rows": 33, "Plan Width": 20, "Actual Startup Time": 1.127, "Actual Total Time": 41.171, "Actual Rows": 14, "Actual Loops": 1, "Inner Unique": false, "Plans": [{"Node Type": "Seq Scan", "Parent Relationship": "Outer", "Relation Name": "keyword", "Alias": "k", "Startup Cost": 0.0, "Total Cost": 2436.11, "Plan Rows": 1, "Plan Width": 20, "Actual Startup Time": 1.072, "Actual Total Time": 41.077, "Actual Rows": 1, "Actual Loops": 1, "Filter": "((keyword)::text = 'marvel-cinematic-universe'::text)", "Rows Removed by Filter": 134168}, {"Node Type": "Bitmap Heap Scan", "Parent Relationship": "Inner", "Relation Name": "movie_keyword", "Alias": "mk", "Startup Cost": 4.51, "Total Cost": 132.58, "Plan Rows": 33, "Plan Width": 8, "Actual Startup Time": 0.048, "Actual Total Time": 0.077, "Actual Rows": 14, "Actual Loops": 1, "Recheck Cond": "(keyword_id = k.id)", "Rows Removed by Index Recheck": 0, "Exact Heap Blocks": 13, "Lossy Heap Blocks": 13, "Plans": [{"Node Type": "Bitmap Index Scan", "Parent Relationship": "Outer", "Index Name": "keyword_id_movie_keyword", "Startup Cost": 0.0, "Total Cost": 4.5, "Plan Rows": 33, "Plan Width": 0, "Actual Startup Time": 0.03, "Actual Total Time": 0.03, "Actual Rows": 14, "Actual Loops": 1, "Index Cond": "(keyword_id = k.id)"}]}]}, {"Node Type": "Bitmap Heap Scan", "Parent Relationship": "Inner", "Relation Name": "cast_info", "Alias": "ci", "Startup Cost": 0.42, "Total Cost": 4.49, "Plan Rows": 6, "Plan Width": 8, "Actual Startup Time": 0.635, "Actual Total Time": 2.839, "Actual Rows": 1242, "Actual Loops": 14, "Recheck Cond": "(movie_id = mk.movie_id)", "Rows Removed by Index Recheck": 0, "Exact Heap Blocks": 1184, "Lossy Heap Blocks": 1184, "Plans": [{"Node Type": "Bitmap Index Scan", "Parent Relationship": "Outer", "Index Name": "movie_id_cast_info", "Startup Cost": 0.0, "Total Cost": 0.42, "Plan Rows": 6, "Plan Width": 0, "Actual Startup Time": 0.408, "Actual Total Time": 0.408, "Actual Rows": 1242, "Actual Loops": 14, "Index Cond": "(movie_id = mk.movie_id)"}]}]}, {"Node Type": "Bitmap Heap Scan", "Parent Relationship": "Inner", "Relation Name": "name", "Alias": "n", "Startup Cost": 0.26, "Total Cost": 4.27, "Plan Rows": 1, "Plan Width": 19, "Actual Startup Time": 7.861, "Actual Total Time": 7.861, "Actual Rows": 6, "Actual Loops": 1242, "Recheck Cond": "(id = ci.person_id)", "Rows Removed by Index Recheck": 0, "Filter": "((name)::text ~~ '%Downey%Robert%'::text)", "Rows Removed by Filter": 1236, "Exact Heap Blocks": 1242, "Lossy Heap Blocks": 1242, "Plans": [{"Node Type": "Bitmap Index Scan", "Parent Relationship": "Outer", "Index Name": "name_pkey", "Startup Cost": 0.0, "Total Cost": 0.26, "Plan Rows": 1, "Plan Width": 0, "Actual Startup Time": 4.728, "Actual Total Time": 4.728, "Actual Rows": 1242, "Actual Loops": 1242, "Index Cond": "(id = ci.person_id)"}]}]}, {"Node Type": "Bitmap Heap Scan", "Parent Relationship": "Inner", "Relation Name": "title", "Alias": "t", "Startup Cost": 0.26, "Total Cost": 4.27, "Plan Rows": 1, "Plan Width": 21, "Actual Startup Time": 0.048, "Actual Total Time": 0.048, "Actual Rows": 6, "Actual Loops": 6, "Recheck Cond": "(id = ci.movie_id)", "Rows Removed by Index Recheck": 0, "Filter": "(production_year > 2010)", "Rows Removed by Filter": 0, "Exact Heap Blocks": 6, "Lossy Heap Blocks": 6, "Plans": [{"Node Type": "Bitmap Index Scan", "Parent Relationship": "Outer", "Index Name": "title_pkey", "Startup Cost": 0.0, "Total Cost": 0.26, "Plan Rows": 1, "Plan Width": 0, "Actual Startup Time": 0.026, "Actual Total Time": 0.026, "Actual Rows": 6, "Actual Loops": 6, "Index Cond": "(id = ci.movie_id)"}]}]}]}, "Triggers": [], "Planner Runtime": 9.755, "Total Runtime": 54.031, "Unique SQL Id": 4208751436}}, "(16, '99')": {"explain_plan": {"Plan": {"Node Type": "Aggregate", "Strategy": "Plain", "Startup Cost": 4308.19, "Total Cost": 4308.2, "Plan Rows": 1, "Plan Width": 144, "Plans": [{"Node Type": "Nested Loop", "Parent Relationship": "Outer", "Join Type": "Inner", "Startup Cost": 724.54, "Total Cost": 4308.18, "Plan Rows": 1, "Plan Width": 48, "Inner Unique": true, "Join Filter": "(mk.movie_id = t.id)", "Plans": [{"Node Type": "Nested Loop", "Parent Relationship": "Outer", "Join Type": "Inner", "Startup Cost": 724.28, "Total Cost": 4303.89, "Plan Rows": 1, "Plan Width": 39, "Inner Unique": true, "Plans": [{"Node Type": "Nested Loop", "Parent Relationship": "Outer", "Join Type": "Inner", "Startup Cost": 724.02, "Total Cost": 3438.43, "Plan Rows": 202, "Plan Width": 28, "Inner Unique": false, "Plans": [{"Node Type": "Nested Loop", "Parent Relationship": "Outer", "Join Type": "Inner", "Startup Cost": 723.6, "Total Cost": 3288.12, "Plan Rows": 33, "Plan Width": 20, "Inner Unique": false, "Plans": [{"Node Type": "Bitmap Heap Scan", "Parent Relationship": "Outer", "Relation Name": "keyword", "Alias": "k", "Startup Cost": 719.1, "Total Cost": 3155.21, "Plan Rows": 1, "Plan Width": 20, "Filter": "((keyword)::text = 'marvel-cinematic-universe'::text)", "Plans": [{"Node Type": "Bitmap Index Scan", "Parent Relationship": "Outer", "Index Name": "keyword_pkey", "Startup Cost": 0.0, "Total Cost": 719.1, "Plan Rows": 134169, "Plan Width": 0}]}, {"Node Type": "Bitmap Heap Scan", "Parent Relationship": "Inner", "Relation Name": "movie_keyword", "Alias": "mk", "Startup Cost": 4.51, "Total Cost": 132.58, "Plan Rows": 33, "Plan Width": 8, "Recheck Cond": "(keyword_id = k.id)", "Plans": [{"Node Type": "Bitmap Index Scan", "Parent Relationship": "Outer", "Index Name": "keyword_id_movie_keyword", "Startup Cost": 0.0, "Total Cost": 4.5, "Plan Rows": 33, "Plan Width": 0, "Index Cond": "(keyword_id = k.id)"}]}]}, {"Node Type": "Bitmap Heap Scan", "Parent Relationship": "Inner", "Relation Name": "cast_info", "Alias": "ci", "Startup Cost": 0.42, "Total Cost": 4.49, "Plan Rows": 6, "Plan Width": 8, "Recheck Cond": "(movie_id = mk.movie_id)", "Plans": [{"Node Type": "Bitmap Index Scan", "Parent Relationship": "Outer", "Index Name": "movie_id_cast_info", "Startup Cost": 0.0, "Total Cost": 0.42, "Plan Rows": 6, "Plan Width": 0, "Index Cond": "(movie_id = mk.movie_id)"}]}]}, {"Node Type": "Bitmap Heap Scan", "Parent Relationship": "Inner", "Relation Name": "name", "Alias": "n", "Startup Cost": 0.26, "Total Cost": 4.27, "Plan Rows": 1, "Plan Width": 19, "Recheck Cond": "(id = ci.person_id)", "Filter": "((name)::text ~~ '%Downey%Robert%'::text)", "Plans": [{"Node Type": "Bitmap Index Scan", "Parent Relationship": "Outer", "Index Name": "name_pkey", "Startup Cost": 0.0, "Total Cost": 0.26, "Plan Rows": 1, "Plan Width": 0, "Index Cond": "(id = ci.person_id)"}]}]}, {"Node Type": "Bitmap Heap Scan", "Parent Relationship": "Inner", "Relation Name": "title", "Alias": "t", "Startup Cost": 0.26, "Total Cost": 4.27, "Plan Rows": 1, "Plan Width": 21, "Recheck Cond": "(id = ci.movie_id)", "Filter": "(production_year > 2010)", "Plans": [{"Node Type": "Bitmap Index Scan", "Parent Relationship": "Outer", "Index Name": "title_pkey", "Startup Cost": 0.0, "Total Cost": 0.26, "Plan Rows": 1, "Plan Width": 0, "Index Cond": "(id = ci.movie_id)"}]}]}]}, "Unique SQL Id": 4208751436, "Planner Runtime": 2}, "explain_analyze_plan": {"Plan": {"Node Type": "Aggregate", "Strategy": "Plain", "Startup Cost": 4308.19, "Total Cost": 4308.2, "Plan Rows": 1, "Plan Width": 144, "Actual Startup Time": 75.88, "Actual Total Time": 75.881, "Actual Rows": 1, "Actual Loops": 1, "Plans": [{"Node Type": "Nested Loop", "Parent Relationship": "Outer", "Join Type": "Inner", "Startup Cost": 724.54, "Total Cost": 4308.18, "Plan Rows": 1, "Plan Width": 48, "Actual Startup Time": 14.628, "Actual Total Time": 75.845, "Actual Rows": 6, "Actual Loops": 1, "Inner Unique": true, "Join Filter": "(mk.movie_id = t.id)", "Rows Removed by Join Filter": 0, "Plans": [{"Node Type": "Nested Loop", "Parent Relationship": "Outer", "Join Type": "Inner", "Startup Cost": 724.28, "Total Cost": 4303.89, "Plan Rows": 1, "Plan Width": 39, "Actual Startup Time": 14.603, "Actual Total Time": 75.774, "Actual Rows": 6, "Actual Loops": 1, "Inner Unique": true, "Plans": [{"Node Type": "Nested Loop", "Parent Relationship": "Outer", "Join Type": "Inner", "Startup Cost": 724.02, "Total Cost": 3438.43, "Plan Rows": 202, "Plan Width": 28, "Actual Startup Time": 12.29, "Actual Total Time": 66.474, "Actual Rows": 1242, "Actual Loops": 1, "Inner Unique": false, "Plans": [{"Node Type": "Nested Loop", "Parent Relationship": "Outer", "Join Type": "Inner", "Startup Cost": 723.6, "Total Cost": 3288.12, "Plan Rows": 33, "Plan Width": 20, "Actual Startup Time": 12.259, "Actual Total Time": 63.243, "Actual Rows": 14, "Actual Loops": 1, "Inner Unique": false, "Plans": [{"Node Type": "Bitmap Heap Scan", "Parent Relationship": "Outer", "Relation Name": "keyword", "Alias": "k", "Startup Cost": 719.1, "Total Cost": 3155.21, "Plan Rows": 1, "Plan Width": 20, "Actual Startup Time": 12.222, "Actual Total Time": 63.169, "Actual Rows": 1, "Actual Loops": 1, "Filter": "((keyword)::text = 'marvel-cinematic-universe'::text)", "Rows Removed by Filter": 134168, "Exact Heap Blocks": 759, "Lossy Heap Blocks": 759, "Plans": [{"Node Type": "Bitmap Index Scan", "Parent Relationship": "Outer", "Index Name": "keyword_pkey", "Startup Cost": 0.0, "Total Cost": 719.1, "Plan Rows": 134169, "Plan Width": 0, "Actual Startup Time": 10.757, "Actual Total Time": 10.757, "Actual Rows": 134169, "Actual Loops": 1}]}, {"Node Type": "Bitmap Heap Scan", "Parent Relationship": "Inner", "Relation Name": "movie_keyword", "Alias": "mk", "Startup Cost": 4.51, "Total Cost": 132.58, "Plan Rows": 33, "Plan Width": 8, "Actual Startup Time": 0.026, "Actual Total Time": 0.055, "Actual Rows": 14, "Actual Loops": 1, "Recheck Cond": "(keyword_id = k.id)", "Rows Removed by Index Recheck": 0, "Exact Heap Blocks": 13, "Lossy Heap Blocks": 13, "Plans": [{"Node Type": "Bitmap Index Scan", "Parent Relationship": "Outer", "Index Name": "keyword_id_movie_keyword", "Startup Cost": 0.0, "Total Cost": 4.5, "Plan Rows": 33, "Plan Width": 0, "Actual Startup Time": 0.017, "Actual Total Time": 0.017, "Actual Rows": 14, "Actual Loops": 1, "Index Cond": "(keyword_id = k.id)"}]}]}, {"Node Type": "Bitmap Heap Scan", "Parent Relationship": "Inner", "Relation Name": "cast_info", "Alias": "ci", "Startup Cost": 0.42, "Total Cost": 4.49, "Plan Rows": 6, "Plan Width": 8, "Actual Startup Time": 0.619, "Actual Total Time": 2.869, "Actual Rows": 1242, "Actual Loops": 14, "Recheck Cond": "(movie_id = mk.movie_id)", "Rows Removed by Index Recheck": 0, "Exact Heap Blocks": 1184, "Lossy Heap Blocks": 1184, "Plans": [{"Node Type": "Bitmap Index Scan", "Parent Relationship": "Outer", "Index Name": "movie_id_cast_info", "Startup Cost": 0.0, "Total Cost": 0.42, "Plan Rows": 6, "Plan Width": 0, "Actual Startup Time": 0.399, "Actual Total Time": 0.399, "Actual Rows": 1242, "Actual Loops": 14, "Index Cond": "(movie_id = mk.movie_id)"}]}]}, {"Node Type": "Bitmap Heap Scan", "Parent Relationship": "Inner", "Relation Name": "name", "Alias": "n", "Startup Cost": 0.26, "Total Cost": 4.27, "Plan Rows": 1, "Plan Width": 19, "Actual Startup Time": 7.886, "Actual Total Time": 7.886, "Actual Rows": 6, "Actual Loops": 1242, "Recheck Cond": "(id = ci.person_id)", "Rows Removed by Index Recheck": 0, "Filter": "((name)::text ~~ '%Downey%Robert%'::text)", "Rows Removed by Filter": 1236, "Exact Heap Blocks": 1242, "Lossy Heap Blocks": 1242, "Plans": [{"Node Type": "Bitmap Index Scan", "Parent Relationship": "Outer", "Index Name": "name_pkey", "Startup Cost": 0.0, "Total Cost": 0.26, "Plan Rows": 1, "Plan Width": 0, "Actual Startup Time": 4.757, "Actual Total Time": 4.757, "Actual Rows": 1242, "Actual Loops": 1242, "Index Cond": "(id = ci.person_id)"}]}]}, {"Node Type": "Bitmap Heap Scan", "Parent Relationship": "Inner", "Relation Name": "title", "Alias": "t", "Startup Cost": 0.26, "Total Cost": 4.27, "Plan Rows": 1, "Plan Width": 21, "Actual Startup Time": 0.051, "Actual Total Time": 0.051, "Actual Rows": 6, "Actual Loops": 6, "Recheck Cond": "(id = ci.movie_id)", "Rows Removed by Index Recheck": 0, "Filter": "(production_year > 2010)", "Rows Removed by Filter": 0, "Exact Heap Blocks": 6, "Lossy Heap Blocks": 6, "Plans": [{"Node Type": "Bitmap Index Scan", "Parent Relationship": "Outer", "Index Name": "title_pkey", "Startup Cost": 0.0, "Total Cost": 0.26, "Plan Rows": 1, "Plan Width": 0, "Actual Startup Time": 0.028, "Actual Total Time": 0.028, "Actual Rows": 6, "Actual Loops": 6, "Index Cond": "(id = ci.movie_id)"}]}]}]}, "Triggers": [], "Planner Runtime": 2.651, "Total Runtime": 76.201, "Unique SQL Id": 4208751436}}, "(16, '100')": {"explain_plan": {"Plan": {"Node Type": "Aggregate", "Strategy": "Plain", "Startup Cost": 2653.12, "Total Cost": 2653.13, "Plan Rows": 1, "Plan Width": 144, "Plans": [{"Node Type": "Nested Loop", "Parent Relationship": "Outer", "Join Type": "Inner", "Startup Cost": 4.51, "Total Cost": 2653.12, "Plan Rows": 1, "Plan Width": 48, "Inner Unique": true, "Join Filter": "(mk.movie_id = t.id)", "Plans": [{"Node Type": "Nested Loop", "Parent Relationship": "Outer", "Join Type": "Inner", "Startup Cost": 4.51, "Total Cost": 2652.83, "Plan Rows": 1, "Plan Width": 39, "Inner Unique": true, "Plans": [{"Node Type": "Nested Loop", "Parent Relationship": "Outer", "Join Type": "Inner", "Startup Cost": 4.51, "Total Cost": 2594.27, "Plan Rows": 202, "Plan Width": 28, "Inner Unique": false, "Plans": [{"Node Type": "Nested Loop", "Parent Relationship": "Outer", "Join Type": "Inner", "Startup Cost": 4.51, "Total Cost": 2569.02, "Plan Rows": 33, "Plan Width": 20, "Inner Unique": false, "Plans": [{"Node Type": "Seq Scan", "Parent Relationship": "Outer", "Relation Name": "keyword", "Alias": "k", "Startup Cost": 0.0, "Total Cost": 2436.11, "Plan Rows": 1, "Plan Width": 20, "Filter": "((keyword)::text = 'marvel-cinematic-universe'::text)"}, {"Node Type": "Bitmap Heap Scan", "Parent Relationship": "Inner", "Relation Name": "movie_keyword", "Alias": "mk", "Startup Cost": 4.51, "Total Cost": 132.58, "Plan Rows": 33, "Plan Width": 8, "Recheck Cond": "(keyword_id = k.id)", "Plans": [{"Node Type": "Bitmap Index Scan", "Parent Relationship": "Outer", "Index Name": "keyword_id_movie_keyword", "Startup Cost": 0.0, "Total Cost": 4.5, "Plan Rows": 33, "Plan Width": 0, "Index Cond": "(keyword_id = k.id)"}]}]}, {"Node Type": "Index Scan", "Parent Relationship": "Inner", "Scan Direction": "Forward", "Index Name": "movie_id_cast_info", "Relation Name": "cast_info", "Alias": "ci", "Startup Cost": 0.0, "Total Cost": 0.7, "Plan Rows": 6, "Plan Width": 8, "Index Cond": "(movie_id = mk.movie_id)"}]}, {"Node Type": "Index Scan", "Parent Relationship": "Inner", "Scan Direction": "Forward", "Index Name": "name_pkey", "Relation Name": "name", "Alias": "n", "Startup Cost": 0.0, "Total Cost": 0.28, "Plan Rows": 1, "Plan Width": 19, "Index Cond": "(id = ci.person_id)", "Filter": "((name)::text ~~ '%Downey%Robert%'::text)"}]}, {"Node Type": "Index Scan", "Parent Relationship": "Inner", "Scan Direction": "Forward", "Index Name": "title_pkey", "Relation Name": "title", "Alias": "t", "Startup Cost": 0.0, "Total Cost": 0.28, "Plan Rows": 1, "Plan Width": 21, "Index Cond": "(id = ci.movie_id)", "Filter": "(production_year > 2010)"}]}]}, "Unique SQL Id": 4208751436, "Planner Runtime": 5}, "explain_analyze_plan": {"Plan": {"Node Type": "Aggregate", "Strategy": "Plain", "Startup Cost": 2653.12, "Total Cost": 2653.13, "Plan Rows": 1, "Plan Width": 144, "Actual Startup Time": 49.672, "Actual Total Time": 49.672, "Actual Rows": 1, "Actual Loops": 1, "Plans": [{"Node Type": "Nested Loop", "Parent Relationship": "Outer", "Join Type": "Inner", "Startup Cost": 4.51, "Total Cost": 2653.12, "Plan Rows": 1, "Plan Width": 48, "Actual Startup Time": 2.684, "Actual Total Time": 49.638, "Actual Rows": 6, "Actual Loops": 1, "Inner Unique": true, "Join Filter": "(mk.movie_id = t.id)", "Rows Removed by Join Filter": 0, "Plans": [{"Node Type": "Nested Loop", "Parent Relationship": "Outer", "Join Type": "Inner", "Startup Cost": 4.51, "Total Cost": 2652.83, "Plan Rows": 1, "Plan Width": 39, "Actual Startup Time": 2.651, "Actual Total Time": 49.565, "Actual Rows": 6, "Actual Loops": 1, "Inner Unique": true, "Plans": [{"Node Type": "Nested Loop", "Parent Relationship": "Outer", "Join Type": "Inner", "Startup Cost": 4.51, "Total Cost": 2594.27, "Plan Rows": 202, "Plan Width": 28, "Actual Startup Time": 1.11, "Actual Total Time": 42.722, "Actual Rows": 1242, "Actual Loops": 1, "Inner Unique": false, "Plans": [{"Node Type": "Nested Loop", "Parent Relationship": "Outer", "Join Type": "Inner", "Startup Cost": 4.51, "Total Cost": 2569.02, "Plan Rows": 33, "Plan Width": 20, "Actual Startup Time": 1.094, "Actual Total Time": 40.566, "Actual Rows": 14, "Actual Loops": 1, "Inner Unique": false, "Plans": [{"Node Type": "Seq Scan", "Parent Relationship": "Outer", "Relation Name": "keyword", "Alias": "k", "Startup Cost": 0.0, "Total Cost": 2436.11, "Plan Rows": 1, "Plan Width": 20, "Actual Startup Time": 1.054, "Actual Total Time": 40.487, "Actual Rows": 1, "Actual Loops": 1, "Filter": "((keyword)::text = 'marvel-cinematic-universe'::text)", "Rows Removed by Filter": 134168}, {"Node Type": "Bitmap Heap Scan", "Parent Relationship": "Inner", "Relation Name": "movie_keyword", "Alias": "mk", "Startup Cost": 4.51, "Total Cost": 132.58, "Plan Rows": 33, "Plan Width": 8, "Actual Startup Time": 0.033, "Actual Total Time": 0.066, "Actual Rows": 14, "Actual Loops": 1, "Recheck Cond": "(keyword_id = k.id)", "Rows Removed by Index Recheck": 0, "Exact Heap Blocks": 13, "Lossy Heap Blocks": 13, "Plans": [{"Node Type": "Bitmap Index Scan", "Parent Relationship": "Outer", "Index Name": "keyword_id_movie_keyword", "Startup Cost": 0.0, "Total Cost": 4.5, "Plan Rows": 33, "Plan Width": 0, "Actual Startup Time": 0.019, "Actual Total Time": 0.019, "Actual Rows": 14, "Actual Loops": 1, "Index Cond": "(keyword_id = k.id)"}]}]}, {"Node Type": "Index Scan", "Parent Relationship": "Inner", "Scan Direction": "Forward", "Index Name": "movie_id_cast_info", "Relation Name": "cast_info", "Alias": "ci", "Startup Cost": 0.0, "Total Cost": 0.7, "Plan Rows": 6, "Plan Width": 8, "Actual Startup Time": 0.166, "Actual Total Time": 1.857, "Actual Rows": 1242, "Actual Loops": 14, "Index Cond": "(movie_id = mk.movie_id)", "Rows Removed by Index Recheck": 0}]}, {"Node Type": "Index Scan", "Parent Relationship": "Inner", "Scan Direction": "Forward", "Index Name": "name_pkey", "Relation Name": "name", "Alias": "n", "Startup Cost": 0.0, "Total Cost": 0.28, "Plan Rows": 1, "Plan Width": 19, "Actual Startup Time": 6.233, "Actual Total Time": 6.233, "Actual Rows": 6, "Actual Loops": 1242, "Index Cond": "(id = ci.person_id)", "Rows Removed by Index Recheck": 0, "Filter": "((name)::text ~~ '%Downey%Robert%'::text)", "Rows Removed by Filter": 1236}]}, {"Node Type": "Index Scan", "Parent Relationship": "Inner", "Scan Direction": "Forward", "Index Name": "title_pkey", "Relation Name": "title", "Alias": "t", "Startup Cost": 0.0, "Total Cost": 0.28, "Plan Rows": 1, "Plan Width": 21, "Actual Startup Time": 0.047, "Actual Total Time": 0.047, "Actual Rows": 6, "Actual Loops": 6, "Index Cond": "(id = ci.movie_id)", "Rows Removed by Index Recheck": 0, "Filter": "(production_year > 2010)", "Rows Removed by Filter": 0}]}]}, "Triggers": [], "Planner Runtime": 8.753, "Total Runtime": 49.979, "Unique SQL Id": 4208751436}}, "(16, '101')": {"explain_plan": {"Plan": {"Node Type": "Aggregate", "Strategy": "Plain", "Startup Cost": 3399.73, "Total Cost": 3399.74, "Plan Rows": 1, "Plan Width": 144, "Plans": [{"Node Type": "Nested Loop", "Parent Relationship": "Outer", "Join Type": "Inner", "Startup Cost": 4.51, "Total Cost": 3399.72, "Plan Rows": 1, "Plan Width": 48, "Inner Unique": true, "Join Filter": "(mk.movie_id = t.id)", "Plans": [{"Node Type": "Nested Loop", "Parent Relationship": "Outer", "Join Type": "Inner", "Startup Cost": 4.51, "Total Cost": 3399.43, "Plan Rows": 1, "Plan Width": 39, "Inner Unique": true, "Plans": [{"Node Type": "Nested Loop", "Parent Relationship": "Outer", "Join Type": "Inner", "Startup Cost": 4.51, "Total Cost": 3340.87, "Plan Rows": 202, "Plan Width": 28, "Inner Unique": false, "Plans": [{"Node Type": "Nested Loop", "Parent Relationship": "Outer", "Join Type": "Inner", "Startup Cost": 4.51, "Total Cost": 3315.63, "Plan Rows": 33, "Plan Width": 20, "Inner Unique": false, "Plans": [{"Node Type": "Index Scan", "Parent Relationship": "Outer", "Scan Direction": "Forward", "Index Name": "keyword_pkey", "Relation Name": "keyword", "Alias": "k", "Startup Cost": 0.0, "Total Cost": 3182.72, "Plan Rows": 1, "Plan Width": 20, "Filter": "((keyword)::text = 'marvel-cinematic-universe'::text)"}, {"Node Type": "Bitmap Heap Scan", "Parent Relationship": "Inner", "Relation Name": "movie_keyword", "Alias": "mk", "Startup Cost": 4.51, "Total Cost": 132.58, "Plan Rows": 33, "Plan Width": 8, "Recheck Cond": "(keyword_id = k.id)", "Plans": [{"Node Type": "Bitmap Index Scan", "Parent Relationship": "Outer", "Index Name": "keyword_id_movie_keyword", "Startup Cost": 0.0, "Total Cost": 4.5, "Plan Rows": 33, "Plan Width": 0, "Index Cond": "(keyword_id = k.id)"}]}]}, {"Node Type": "Index Scan", "Parent Relationship": "Inner", "Scan Direction": "Forward", "Index Name": "movie_id_cast_info", "Relation Name": "cast_info", "Alias": "ci", "Startup Cost": 0.0, "Total Cost": 0.7, "Plan Rows": 6, "Plan Width": 8, "Index Cond": "(movie_id = mk.movie_id)"}]}, {"Node Type": "Index Scan", "Parent Relationship": "Inner", "Scan Direction": "Forward", "Index Name": "name_pkey", "Relation Name": "name", "Alias": "n", "Startup Cost": 0.0, "Total Cost": 0.28, "Plan Rows": 1, "Plan Width": 19, "Index Cond": "(id = ci.person_id)", "Filter": "((name)::text ~~ '%Downey%Robert%'::text)"}]}, {"Node Type": "Index Scan", "Parent Relationship": "Inner", "Scan Direction": "Forward", "Index Name": "title_pkey", "Relation Name": "title", "Alias": "t", "Startup Cost": 0.0, "Total Cost": 0.28, "Plan Rows": 1, "Plan Width": 21, "Index Cond": "(id = ci.movie_id)", "Filter": "(production_year > 2010)"}]}]}, "Unique SQL Id": 4208751436, "Planner Runtime": 6}, "explain_analyze_plan": {"Plan": {"Node Type": "Aggregate", "Strategy": "Plain", "Startup Cost": 3399.73, "Total Cost": 3399.74, "Plan Rows": 1, "Plan Width": 144, "Actual Startup Time": 130.05, "Actual Total Time": 130.051, "Actual Rows": 1, "Actual Loops": 1, "Plans": [{"Node Type": "Nested Loop", "Parent Relationship": "Outer", "Join Type": "Inner", "Startup Cost": 4.51, "Total Cost": 3399.72, "Plan Rows": 1, "Plan Width": 48, "Actual Startup Time": 9.062, "Actual Total Time": 130.018, "Actual Rows": 6, "Actual Loops": 1, "Inner Unique": true, "Join Filter": "(mk.movie_id = t.id)", "Rows Removed by Join Filter": 0, "Plans": [{"Node Type": "Nested Loop", "Parent Relationship": "Outer", "Join Type": "Inner", "Startup Cost": 4.51, "Total Cost": 3399.43, "Plan Rows": 1, "Plan Width": 39, "Actual Startup Time": 9.03, "Actual Total Time": 129.951, "Actual Rows": 6, "Actual Loops": 1, "Inner Unique": true, "Plans": [{"Node Type": "Nested Loop", "Parent Relationship": "Outer", "Join Type": "Inner", "Startup Cost": 4.51, "Total Cost": 3340.87, "Plan Rows": 202, "Plan Width": 28, "Actual Startup Time": 7.483, "Actual Total Time": 123.046, "Actual Rows": 1242, "Actual Loops": 1, "Inner Unique": false, "Plans": [{"Node Type": "Nested Loop", "Parent Relationship": "Outer", "Join Type": "Inner", "Startup Cost": 4.51, "Total Cost": 3315.63, "Plan Rows": 33, "Plan Width": 20, "Actual Startup Time": 7.468, "Actual Total Time": 120.867, "Actual Rows": 14, "Actual Loops": 1, "Inner Unique": false, "Plans": [{"Node Type": "Index Scan", "Parent Relationship": "Outer", "Scan Direction": "Forward", "Index Name": "keyword_pkey", "Relation Name": "keyword", "Alias": "k", "Startup Cost": 0.0, "Total Cost": 3182.72, "Plan Rows": 1, "Plan Width": 20, "Actual Startup Time": 7.433, "Actual Total Time": 120.793, "Actual Rows": 1, "Actual Loops": 1, "Filter": "((keyword)::text = 'marvel-cinematic-universe'::text)", "Rows Removed by Filter": 134168}, {"Node Type": "Bitmap Heap Scan", "Parent Relationship": "Inner", "Relation Name": "movie_keyword", "Alias": "mk", "Startup Cost": 4.51, "Total Cost": 132.58, "Plan Rows": 33, "Plan Width": 8, "Actual Startup Time": 0.027, "Actual Total Time": 0.06, "Actual Rows": 14, "Actual Loops": 1, "Recheck Cond": "(keyword_id = k.id)", "Rows Removed by Index Recheck": 0, "Exact Heap Blocks": 13, "Lossy Heap Blocks": 13, "Plans": [{"Node Type": "Bitmap Index Scan", "Parent Relationship": "Outer", "Index Name": "keyword_id_movie_keyword", "Startup Cost": 0.0, "Total Cost": 4.5, "Plan Rows": 33, "Plan Width": 0, "Actual Startup Time": 0.015, "Actual Total Time": 0.015, "Actual Rows": 14, "Actual Loops": 1, "Index Cond": "(keyword_id = k.id)"}]}]}, {"Node Type": "Index Scan", "Parent Relationship": "Inner", "Scan Direction": "Forward", "Index Name": "movie_id_cast_info", "Relation Name": "cast_info", "Alias": "ci", "Startup Cost": 0.0, "Total Cost": 0.7, "Plan Rows": 6, "Plan Width": 8, "Actual Startup Time": 0.166, "Actual Total Time": 1.85, "Actual Rows": 1242, "Actual Loops": 14, "Index Cond": "(movie_id = mk.movie_id)", "Rows Removed by Index Recheck": 0}]}, {"Node Type": "Index Scan", "Parent Relationship": "Inner", "Scan Direction": "Forward", "Index Name": "name_pkey", "Relation Name": "name", "Alias": "n", "Startup Cost": 0.0, "Total Cost": 0.28, "Plan Rows": 1, "Plan Width": 19, "Actual Startup Time": 6.274, "Actual Total Time": 6.274, "Actual Rows": 6, "Actual Loops": 1242, "Index Cond": "(id = ci.person_id)", "Rows Removed by Index Recheck": 0, "Filter": "((name)::text ~~ '%Downey%Robert%'::text)", "Rows Removed by Filter": 1236}]}, {"Node Type": "Index Scan", "Parent Relationship": "Inner", "Scan Direction": "Forward", "Index Name": "title_pkey", "Relation Name": "title", "Alias": "t", "Startup Cost": 0.0, "Total Cost": 0.28, "Plan Rows": 1, "Plan Width": 21, "Actual Startup Time": 0.045, "Actual Total Time": 0.045, "Actual Rows": 6, "Actual Loops": 6, "Index Cond": "(id = ci.movie_id)", "Rows Removed by Index Recheck": 0, "Filter": "(production_year > 2010)", "Rows Removed by Filter": 0}]}]}, "Triggers": [], "Planner Runtime": 9.763, "Total Runtime": 130.32, "Unique SQL Id": 4208751436}}, "(16, '102')": {"explain_plan": {"Plan": {"Node Type": "Aggregate", "Strategy": "Plain", "Startup Cost": 3589.09, "Total Cost": 3589.1, "Plan Rows": 1, "Plan Width": 144, "Plans": [{"Node Type": "Nested Loop", "Parent Relationship": "Outer", "Join Type": "Inner", "Startup Cost": 5.44, "Total Cost": 3589.09, "Plan Rows": 1, "Plan Width": 48, "Inner Unique": true, "Join Filter": "(mk.movie_id = t.id)", "Plans": [{"Node Type": "Nested Loop", "Parent Relationship": "Outer", "Join Type": "Inner", "Startup Cost": 5.19, "Total Cost": 3584.8, "Plan Rows": 1, "Plan Width": 39, "Inner Unique": true, "Plans": [{"Node Type": "Nested Loop", "Parent Relationship": "Outer", "Join Type": "Inner", "Startup Cost": 4.93, "Total Cost": 2719.34, "Plan Rows": 202, "Plan Width": 28, "Inner Unique": false, "Plans": [{"Node Type": "Nested Loop", "Parent Relationship": "Outer", "Join Type": "Inner", "Startup Cost": 4.51, "Total Cost": 2569.02, "Plan Rows": 33, "Plan Width": 20, "Inner Unique": false, "Plans": [{"Node Type": "Seq Scan", "Parent Relationship": "Outer", "Relation Name": "keyword", "Alias": "k", "Startup Cost": 0.0, "Total Cost": 2436.11, "Plan Rows": 1, "Plan Width": 20, "Filter": "((keyword)::text = 'marvel-cinematic-universe'::text)"}, {"Node Type": "Bitmap Heap Scan", "Parent Relationship": "Inner", "Relation Name": "movie_keyword", "Alias": "mk", "Startup Cost": 4.51, "Total Cost": 132.58, "Plan Rows": 33, "Plan Width": 8, "Recheck Cond": "(keyword_id = k.id)", "Plans": [{"Node Type": "Bitmap Index Scan", "Parent Relationship": "Outer", "Index Name": "keyword_id_movie_keyword", "Startup Cost": 0.0, "Total Cost": 4.5, "Plan Rows": 33, "Plan Width": 0, "Index Cond": "(keyword_id = k.id)"}]}]}, {"Node Type": "Bitmap Heap Scan", "Parent Relationship": "Inner", "Relation Name": "cast_info", "Alias": "ci", "Startup Cost": 0.42, "Total Cost": 4.49, "Plan Rows": 6, "Plan Width": 8, "Recheck Cond": "(movie_id = mk.movie_id)", "Plans": [{"Node Type": "Bitmap Index Scan", "Parent Relationship": "Outer", "Index Name": "movie_id_cast_info", "Startup Cost": 0.0, "Total Cost": 0.42, "Plan Rows": 6, "Plan Width": 0, "Index Cond": "(movie_id = mk.movie_id)"}]}]}, {"Node Type": "Bitmap Heap Scan", "Parent Relationship": "Inner", "Relation Name": "name", "Alias": "n", "Startup Cost": 0.26, "Total Cost": 4.27, "Plan Rows": 1, "Plan Width": 19, "Recheck Cond": "(id = ci.person_id)", "Filter": "((name)::text ~~ '%Downey%Robert%'::text)", "Plans": [{"Node Type": "Bitmap Index Scan", "Parent Relationship": "Outer", "Index Name": "name_pkey", "Startup Cost": 0.0, "Total Cost": 0.26, "Plan Rows": 1, "Plan Width": 0, "Index Cond": "(id = ci.person_id)"}]}]}, {"Node Type": "Bitmap Heap Scan", "Parent Relationship": "Inner", "Relation Name": "title", "Alias": "t", "Startup Cost": 0.26, "Total Cost": 4.27, "Plan Rows": 1, "Plan Width": 21, "Recheck Cond": "(id = ci.movie_id)", "Filter": "(production_year > 2010)", "Plans": [{"Node Type": "Bitmap Index Scan", "Parent Relationship": "Outer", "Index Name": "title_pkey", "Startup Cost": 0.0, "Total Cost": 0.26, "Plan Rows": 1, "Plan Width": 0, "Index Cond": "(id = ci.movie_id)"}]}]}]}, "Unique SQL Id": 4208751436, "Planner Runtime": 9}, "explain_analyze_plan": {"Plan": {"Node Type": "Aggregate", "Strategy": "Plain", "Startup Cost": 3589.09, "Total Cost": 3589.1, "Plan Rows": 1, "Plan Width": 144, "Actual Startup Time": 53.753, "Actual Total Time": 53.753, "Actual Rows": 1, "Actual Loops": 1, "Plans": [{"Node Type": "Nested Loop", "Parent Relationship": "Outer", "Join Type": "Inner", "Startup Cost": 5.44, "Total Cost": 3589.09, "Plan Rows": 1, "Plan Width": 48, "Actual Startup Time": 3.484, "Actual Total Time": 53.714, "Actual Rows": 6, "Actual Loops": 1, "Inner Unique": true, "Join Filter": "(mk.movie_id = t.id)", "Rows Removed by Join Filter": 0, "Plans": [{"Node Type": "Nested Loop", "Parent Relationship": "Outer", "Join Type": "Inner", "Startup Cost": 5.19, "Total Cost": 3584.8, "Plan Rows": 1, "Plan Width": 39, "Actual Startup Time": 3.465, "Actual Total Time": 53.648, "Actual Rows": 6, "Actual Loops": 1, "Inner Unique": true, "Plans": [{"Node Type": "Nested Loop", "Parent Relationship": "Outer", "Join Type": "Inner", "Startup Cost": 4.93, "Total Cost": 2719.34, "Plan Rows": 202, "Plan Width": 28, "Actual Startup Time": 1.158, "Actual Total Time": 44.383, "Actual Rows": 1242, "Actual Loops": 1, "Inner Unique": false, "Plans": [{"Node Type": "Nested Loop", "Parent Relationship": "Outer", "Join Type": "Inner", "Startup Cost": 4.51, "Total Cost": 2569.02, "Plan Rows": 33, "Plan Width": 20, "Actual Startup Time": 1.127, "Actual Total Time": 41.171, "Actual Rows": 14, "Actual Loops": 1, "Inner Unique": false, "Plans": [{"Node Type": "Seq Scan", "Parent Relationship": "Outer", "Relation Name": "keyword", "Alias": "k", "Startup Cost": 0.0, "Total Cost": 2436.11, "Plan Rows": 1, "Plan Width": 20, "Actual Startup Time": 1.072, "Actual Total Time": 41.077, "Actual Rows": 1, "Actual Loops": 1, "Filter": "((keyword)::text = 'marvel-cinematic-universe'::text)", "Rows Removed by Filter": 134168}, {"Node Type": "Bitmap Heap Scan", "Parent Relationship": "Inner", "Relation Name": "movie_keyword", "Alias": "mk", "Startup Cost": 4.51, "Total Cost": 132.58, "Plan Rows": 33, "Plan Width": 8, "Actual Startup Time": 0.048, "Actual Total Time": 0.077, "Actual Rows": 14, "Actual Loops": 1, "Recheck Cond": "(keyword_id = k.id)", "Rows Removed by Index Recheck": 0, "Exact Heap Blocks": 13, "Lossy Heap Blocks": 13, "Plans": [{"Node Type": "Bitmap Index Scan", "Parent Relationship": "Outer", "Index Name": "keyword_id_movie_keyword", "Startup Cost": 0.0, "Total Cost": 4.5, "Plan Rows": 33, "Plan Width": 0, "Actual Startup Time": 0.03, "Actual Total Time": 0.03, "Actual Rows": 14, "Actual Loops": 1, "Index Cond": "(keyword_id = k.id)"}]}]}, {"Node Type": "Bitmap Heap Scan", "Parent Relationship": "Inner", "Relation Name": "cast_info", "Alias": "ci", "Startup Cost": 0.42, "Total Cost": 4.49, "Plan Rows": 6, "Plan Width": 8, "Actual Startup Time": 0.635, "Actual Total Time": 2.839, "Actual Rows": 1242, "Actual Loops": 14, "Recheck Cond": "(movie_id = mk.movie_id)", "Rows Removed by Index Recheck": 0, "Exact Heap Blocks": 1184, "Lossy Heap Blocks": 1184, "Plans": [{"Node Type": "Bitmap Index Scan", "Parent Relationship": "Outer", "Index Name": "movie_id_cast_info", "Startup Cost": 0.0, "Total Cost": 0.42, "Plan Rows": 6, "Plan Width": 0, "Actual Startup Time": 0.408, "Actual Total Time": 0.408, "Actual Rows": 1242, "Actual Loops": 14, "Index Cond": "(movie_id = mk.movie_id)"}]}]}, {"Node Type": "Bitmap Heap Scan", "Parent Relationship": "Inner", "Relation Name": "name", "Alias": "n", "Startup Cost": 0.26, "Total Cost": 4.27, "Plan Rows": 1, "Plan Width": 19, "Actual Startup Time": 7.861, "Actual Total Time": 7.861, "Actual Rows": 6, "Actual Loops": 1242, "Recheck Cond": "(id = ci.person_id)", "Rows Removed by Index Recheck": 0, "Filter": "((name)::text ~~ '%Downey%Robert%'::text)", "Rows Removed by Filter": 1236, "Exact Heap Blocks": 1242, "Lossy Heap Blocks": 1242, "Plans": [{"Node Type": "Bitmap Index Scan", "Parent Relationship": "Outer", "Index Name": "name_pkey", "Startup Cost": 0.0, "Total Cost": 0.26, "Plan Rows": 1, "Plan Width": 0, "Actual Startup Time": 4.728, "Actual Total Time": 4.728, "Actual Rows": 1242, "Actual Loops": 1242, "Index Cond": "(id = ci.person_id)"}]}]}, {"Node Type": "Bitmap Heap Scan", "Parent Relationship": "Inner", "Relation Name": "title", "Alias": "t", "Startup Cost": 0.26, "Total Cost": 4.27, "Plan Rows": 1, "Plan Width": 21, "Actual Startup Time": 0.048, "Actual Total Time": 0.048, "Actual Rows": 6, "Actual Loops": 6, "Recheck Cond": "(id = ci.movie_id)", "Rows Removed by Index Recheck": 0, "Filter": "(production_year > 2010)", "Rows Removed by Filter": 0, "Exact Heap Blocks": 6, "Lossy Heap Blocks": 6, "Plans": [{"Node Type": "Bitmap Index Scan", "Parent Relationship": "Outer", "Index Name": "title_pkey", "Startup Cost": 0.0, "Total Cost": 0.26, "Plan Rows": 1, "Plan Width": 0, "Actual Startup Time": 0.026, "Actual Total Time": 0.026, "Actual Rows": 6, "Actual Loops": 6, "Index Cond": "(id = ci.movie_id)"}]}]}]}, "Triggers": [], "Planner Runtime": 9.755, "Total Runtime": 54.031, "Unique SQL Id": 4208751436}}, "(16, '103')": {"explain_plan": {"Plan": {"Node Type": "Aggregate", "Strategy": "Plain", "Startup Cost": 4308.19, "Total Cost": 4308.2, "Plan Rows": 1, "Plan Width": 144, "Plans": [{"Node Type": "Nested Loop", "Parent Relationship": "Outer", "Join Type": "Inner", "Startup Cost": 724.54, "Total Cost": 4308.18, "Plan Rows": 1, "Plan Width": 48, "Inner Unique": true, "Join Filter": "(mk.movie_id = t.id)", "Plans": [{"Node Type": "Nested Loop", "Parent Relationship": "Outer", "Join Type": "Inner", "Startup Cost": 724.28, "Total Cost": 4303.89, "Plan Rows": 1, "Plan Width": 39, "Inner Unique": true, "Plans": [{"Node Type": "Nested Loop", "Parent Relationship": "Outer", "Join Type": "Inner", "Startup Cost": 724.02, "Total Cost": 3438.43, "Plan Rows": 202, "Plan Width": 28, "Inner Unique": false, "Plans": [{"Node Type": "Nested Loop", "Parent Relationship": "Outer", "Join Type": "Inner", "Startup Cost": 723.6, "Total Cost": 3288.12, "Plan Rows": 33, "Plan Width": 20, "Inner Unique": false, "Plans": [{"Node Type": "Bitmap Heap Scan", "Parent Relationship": "Outer", "Relation Name": "keyword", "Alias": "k", "Startup Cost": 719.1, "Total Cost": 3155.21, "Plan Rows": 1, "Plan Width": 20, "Filter": "((keyword)::text = 'marvel-cinematic-universe'::text)", "Plans": [{"Node Type": "Bitmap Index Scan", "Parent Relationship": "Outer", "Index Name": "keyword_pkey", "Startup Cost": 0.0, "Total Cost": 719.1, "Plan Rows": 134169, "Plan Width": 0}]}, {"Node Type": "Bitmap Heap Scan", "Parent Relationship": "Inner", "Relation Name": "movie_keyword", "Alias": "mk", "Startup Cost": 4.51, "Total Cost": 132.58, "Plan Rows": 33, "Plan Width": 8, "Recheck Cond": "(keyword_id = k.id)", "Plans": [{"Node Type": "Bitmap Index Scan", "Parent Relationship": "Outer", "Index Name": "keyword_id_movie_keyword", "Startup Cost": 0.0, "Total Cost": 4.5, "Plan Rows": 33, "Plan Width": 0, "Index Cond": "(keyword_id = k.id)"}]}]}, {"Node Type": "Bitmap Heap Scan", "Parent Relationship": "Inner", "Relation Name": "cast_info", "Alias": "ci", "Startup Cost": 0.42, "Total Cost": 4.49, "Plan Rows": 6, "Plan Width": 8, "Recheck Cond": "(movie_id = mk.movie_id)", "Plans": [{"Node Type": "Bitmap Index Scan", "Parent Relationship": "Outer", "Index Name": "movie_id_cast_info", "Startup Cost": 0.0, "Total Cost": 0.42, "Plan Rows": 6, "Plan Width": 0, "Index Cond": "(movie_id = mk.movie_id)"}]}]}, {"Node Type": "Bitmap Heap Scan", "Parent Relationship": "Inner", "Relation Name": "name", "Alias": "n", "Startup Cost": 0.26, "Total Cost": 4.27, "Plan Rows": 1, "Plan Width": 19, "Recheck Cond": "(id = ci.person_id)", "Filter": "((name)::text ~~ '%Downey%Robert%'::text)", "Plans": [{"Node Type": "Bitmap Index Scan", "Parent Relationship": "Outer", "Index Name": "name_pkey", "Startup Cost": 0.0, "Total Cost": 0.26, "Plan Rows": 1, "Plan Width": 0, "Index Cond": "(id = ci.person_id)"}]}]}, {"Node Type": "Bitmap Heap Scan", "Parent Relationship": "Inner", "Relation Name": "title", "Alias": "t", "Startup Cost": 0.26, "Total Cost": 4.27, "Plan Rows": 1, "Plan Width": 21, "Recheck Cond": "(id = ci.movie_id)", "Filter": "(production_year > 2010)", "Plans": [{"Node Type": "Bitmap Index Scan", "Parent Relationship": "Outer", "Index Name": "title_pkey", "Startup Cost": 0.0, "Total Cost": 0.26, "Plan Rows": 1, "Plan Width": 0, "Index Cond": "(id = ci.movie_id)"}]}]}]}, "Unique SQL Id": 4208751436, "Planner Runtime": 2}, "explain_analyze_plan": {"Plan": {"Node Type": "Aggregate", "Strategy": "Plain", "Startup Cost": 4308.19, "Total Cost": 4308.2, "Plan Rows": 1, "Plan Width": 144, "Actual Startup Time": 75.88, "Actual Total Time": 75.881, "Actual Rows": 1, "Actual Loops": 1, "Plans": [{"Node Type": "Nested Loop", "Parent Relationship": "Outer", "Join Type": "Inner", "Startup Cost": 724.54, "Total Cost": 4308.18, "Plan Rows": 1, "Plan Width": 48, "Actual Startup Time": 14.628, "Actual Total Time": 75.845, "Actual Rows": 6, "Actual Loops": 1, "Inner Unique": true, "Join Filter": "(mk.movie_id = t.id)", "Rows Removed by Join Filter": 0, "Plans": [{"Node Type": "Nested Loop", "Parent Relationship": "Outer", "Join Type": "Inner", "Startup Cost": 724.28, "Total Cost": 4303.89, "Plan Rows": 1, "Plan Width": 39, "Actual Startup Time": 14.603, "Actual Total Time": 75.774, "Actual Rows": 6, "Actual Loops": 1, "Inner Unique": true, "Plans": [{"Node Type": "Nested Loop", "Parent Relationship": "Outer", "Join Type": "Inner", "Startup Cost": 724.02, "Total Cost": 3438.43, "Plan Rows": 202, "Plan Width": 28, "Actual Startup Time": 12.29, "Actual Total Time": 66.474, "Actual Rows": 1242, "Actual Loops": 1, "Inner Unique": false, "Plans": [{"Node Type": "Nested Loop", "Parent Relationship": "Outer", "Join Type": "Inner", "Startup Cost": 723.6, "Total Cost": 3288.12, "Plan Rows": 33, "Plan Width": 20, "Actual Startup Time": 12.259, "Actual Total Time": 63.243, "Actual Rows": 14, "Actual Loops": 1, "Inner Unique": false, "Plans": [{"Node Type": "Bitmap Heap Scan", "Parent Relationship": "Outer", "Relation Name": "keyword", "Alias": "k", "Startup Cost": 719.1, "Total Cost": 3155.21, "Plan Rows": 1, "Plan Width": 20, "Actual Startup Time": 12.222, "Actual Total Time": 63.169, "Actual Rows": 1, "Actual Loops": 1, "Filter": "((keyword)::text = 'marvel-cinematic-universe'::text)", "Rows Removed by Filter": 134168, "Exact Heap Blocks": 759, "Lossy Heap Blocks": 759, "Plans": [{"Node Type": "Bitmap Index Scan", "Parent Relationship": "Outer", "Index Name": "keyword_pkey", "Startup Cost": 0.0, "Total Cost": 719.1, "Plan Rows": 134169, "Plan Width": 0, "Actual Startup Time": 10.757, "Actual Total Time": 10.757, "Actual Rows": 134169, "Actual Loops": 1}]}, {"Node Type": "Bitmap Heap Scan", "Parent Relationship": "Inner", "Relation Name": "movie_keyword", "Alias": "mk", "Startup Cost": 4.51, "Total Cost": 132.58, "Plan Rows": 33, "Plan Width": 8, "Actual Startup Time": 0.026, "Actual Total Time": 0.055, "Actual Rows": 14, "Actual Loops": 1, "Recheck Cond": "(keyword_id = k.id)", "Rows Removed by Index Recheck": 0, "Exact Heap Blocks": 13, "Lossy Heap Blocks": 13, "Plans": [{"Node Type": "Bitmap Index Scan", "Parent Relationship": "Outer", "Index Name": "keyword_id_movie_keyword", "Startup Cost": 0.0, "Total Cost": 4.5, "Plan Rows": 33, "Plan Width": 0, "Actual Startup Time": 0.017, "Actual Total Time": 0.017, "Actual Rows": 14, "Actual Loops": 1, "Index Cond": "(keyword_id = k.id)"}]}]}, {"Node Type": "Bitmap Heap Scan", "Parent Relationship": "Inner", "Relation Name": "cast_info", "Alias": "ci", "Startup Cost": 0.42, "Total Cost": 4.49, "Plan Rows": 6, "Plan Width": 8, "Actual Startup Time": 0.619, "Actual Total Time": 2.869, "Actual Rows": 1242, "Actual Loops": 14, "Recheck Cond": "(movie_id = mk.movie_id)", "Rows Removed by Index Recheck": 0, "Exact Heap Blocks": 1184, "Lossy Heap Blocks": 1184, "Plans": [{"Node Type": "Bitmap Index Scan", "Parent Relationship": "Outer", "Index Name": "movie_id_cast_info", "Startup Cost": 0.0, "Total Cost": 0.42, "Plan Rows": 6, "Plan Width": 0, "Actual Startup Time": 0.399, "Actual Total Time": 0.399, "Actual Rows": 1242, "Actual Loops": 14, "Index Cond": "(movie_id = mk.movie_id)"}]}]}, {"Node Type": "Bitmap Heap Scan", "Parent Relationship": "Inner", "Relation Name": "name", "Alias": "n", "Startup Cost": 0.26, "Total Cost": 4.27, "Plan Rows": 1, "Plan Width": 19, "Actual Startup Time": 7.886, "Actual Total Time": 7.886, "Actual Rows": 6, "Actual Loops": 1242, "Recheck Cond": "(id = ci.person_id)", "Rows Removed by Index Recheck": 0, "Filter": "((name)::text ~~ '%Downey%Robert%'::text)", "Rows Removed by Filter": 1236, "Exact Heap Blocks": 1242, "Lossy Heap Blocks": 1242, "Plans": [{"Node Type": "Bitmap Index Scan", "Parent Relationship": "Outer", "Index Name": "name_pkey", "Startup Cost": 0.0, "Total Cost": 0.26, "Plan Rows": 1, "Plan Width": 0, "Actual Startup Time": 4.757, "Actual Total Time": 4.757, "Actual Rows": 1242, "Actual Loops": 1242, "Index Cond": "(id = ci.person_id)"}]}]}, {"Node Type": "Bitmap Heap Scan", "Parent Relationship": "Inner", "Relation Name": "title", "Alias": "t", "Startup Cost": 0.26, "Total Cost": 4.27, "Plan Rows": 1, "Plan Width": 21, "Actual Startup Time": 0.051, "Actual Total Time": 0.051, "Actual Rows": 6, "Actual Loops": 6, "Recheck Cond": "(id = ci.movie_id)", "Rows Removed by Index Recheck": 0, "Filter": "(production_year > 2010)", "Rows Removed by Filter": 0, "Exact Heap Blocks": 6, "Lossy Heap Blocks": 6, "Plans": [{"Node Type": "Bitmap Index Scan", "Parent Relationship": "Outer", "Index Name": "title_pkey", "Startup Cost": 0.0, "Total Cost": 0.26, "Plan Rows": 1, "Plan Width": 0, "Actual Startup Time": 0.028, "Actual Total Time": 0.028, "Actual Rows": 6, "Actual Loops": 6, "Index Cond": "(id = ci.movie_id)"}]}]}]}, "Triggers": [], "Planner Runtime": 2.651, "Total Runtime": 76.201, "Unique SQL Id": 4208751436}}, "(16, '104')": {"explain_plan": {"Plan": {"Node Type": "Aggregate", "Strategy": "Plain", "Startup Cost": 2657.42, "Total Cost": 2657.43, "Plan Rows": 1, "Plan Width": 144, "Plans": [{"Node Type": "Nested Loop", "Parent Relationship": "Outer", "Join Type": "Inner", "Startup Cost": 0.0, "Total Cost": 2657.41, "Plan Rows": 1, "Plan Width": 48, "Inner Unique": true, "Join Filter": "(mk.movie_id = t.id)", "Plans": [{"Node Type": "Nested Loop", "Parent Relationship": "Outer", "Join Type": "Inner", "Startup Cost": 0.0, "Total Cost": 2657.12, "Plan Rows": 1, "Plan Width": 39, "Inner Unique": true, "Plans": [{"Node Type": "Nested Loop", "Parent Relationship": "Outer", "Join Type": "Inner", "Startup Cost": 0.0, "Total Cost": 2598.56, "Plan Rows": 202, "Plan Width": 28, "Inner Unique": false, "Plans": [{"Node Type": "Nested Loop", "Parent Relationship": "Outer", "Join Type": "Inner", "Startup Cost": 0.0, "Total Cost": 2573.32, "Plan Rows": 33, "Plan Width": 20, "Inner Unique": false, "Plans": [{"Node Type": "Seq Scan", "Parent Relationship": "Outer", "Relation Name": "keyword", "Alias": "k", "Startup Cost": 0.0, "Total Cost": 2436.11, "Plan Rows": 1, "Plan Width": 20, "Filter": "((keyword)::text = 'marvel-cinematic-universe'::text)"}, {"Node Type": "Index Scan", "Parent Relationship": "Inner", "Scan Direction": "Forward", "Index Name": "keyword_id_movie_keyword", "Relation Name": "movie_keyword", "Alias": "mk", "Startup Cost": 0.0, "Total Cost": 136.88, "Plan Rows": 33, "Plan Width": 8, "Index Cond": "(keyword_id = k.id)"}]}, {"Node Type": "Index Scan", "Parent Relationship": "Inner", "Scan Direction": "Forward", "Index Name": "movie_id_cast_info", "Relation Name": "cast_info", "Alias": "ci", "Startup Cost": 0.0, "Total Cost": 0.7, "Plan Rows": 6, "Plan Width": 8, "Index Cond": "(movie_id = mk.movie_id)"}]}, {"Node Type": "Index Scan", "Parent Relationship": "Inner", "Scan Direction": "Forward", "Index Name": "name_pkey", "Relation Name": "name", "Alias": "n", "Startup Cost": 0.0, "Total Cost": 0.28, "Plan Rows": 1, "Plan Width": 19, "Index Cond": "(id = ci.person_id)", "Filter": "((name)::text ~~ '%Downey%Robert%'::text)"}]}, {"Node Type": "Index Scan", "Parent Relationship": "Inner", "Scan Direction": "Forward", "Index Name": "title_pkey", "Relation Name": "title", "Alias": "t", "Startup Cost": 0.0, "Total Cost": 0.28, "Plan Rows": 1, "Plan Width": 21, "Index Cond": "(id = ci.movie_id)", "Filter": "(production_year > 2010)"}]}]}, "Unique SQL Id": 4208751436, "Planner Runtime": 5}, "explain_analyze_plan": {"Plan": {"Node Type": "Aggregate", "Strategy": "Plain", "Startup Cost": 2657.42, "Total Cost": 2657.43, "Plan Rows": 1, "Plan Width": 144, "Actual Startup Time": 49.573, "Actual Total Time": 49.573, "Actual Rows": 1, "Actual Loops": 1, "Plans": [{"Node Type": "Nested Loop", "Parent Relationship": "Outer", "Join Type": "Inner", "Startup Cost": 0.0, "Total Cost": 2657.41, "Plan Rows": 1, "Plan Width": 48, "Actual Startup Time": 2.65, "Actual Total Time": 49.529, "Actual Rows": 6, "Actual Loops": 1, "Inner Unique": true, "Join Filter": "(mk.movie_id = t.id)", "Rows Removed by Join Filter": 0, "Plans": [{"Node Type": "Nested Loop", "Parent Relationship": "Outer", "Join Type": "Inner", "Startup Cost": 0.0, "Total Cost": 2657.12, "Plan Rows": 1, "Plan Width": 39, "Actual Startup Time": 2.627, "Actual Total Time": 49.472, "Actual Rows": 6, "Actual Loops": 1, "Inner Unique": true, "Plans": [{"Node Type": "Nested Loop", "Parent Relationship": "Outer", "Join Type": "Inner", "Startup Cost": 0.0, "Total Cost": 2598.56, "Plan Rows": 202, "Plan Width": 28, "Actual Startup Time": 1.088, "Actual Total Time": 42.692, "Actual Rows": 1242, "Actual Loops": 1, "Inner Unique": false, "Plans": [{"Node Type": "Nested Loop", "Parent Relationship": "Outer", "Join Type": "Inner", "Startup Cost": 0.0, "Total Cost": 2573.32, "Plan Rows": 33, "Plan Width": 20, "Actual Startup Time": 1.074, "Actual Total Time": 40.525, "Actual Rows": 14, "Actual Loops": 1, "Inner Unique": false, "Plans": [{"Node Type": "Seq Scan", "Parent Relationship": "Outer", "Relation Name": "keyword", "Alias": "k", "Startup Cost": 0.0, "Total Cost": 2436.11, "Plan Rows": 1, "Plan Width": 20, "Actual Startup Time": 1.052, "Actual Total Time": 40.474, "Actual Rows": 1, "Actual Loops": 1, "Filter": "((keyword)::text = 'marvel-cinematic-universe'::text)", "Rows Removed by Filter": 134168}, {"Node Type": "Index Scan", "Parent Relationship": "Inner", "Scan Direction": "Forward", "Index Name": "keyword_id_movie_keyword", "Relation Name": "movie_keyword", "Alias": "mk", "Startup Cost": 0.0, "Total Cost": 136.88, "Plan Rows": 33, "Plan Width": 8, "Actual Startup Time": 0.016, "Actual Total Time": 0.039, "Actual Rows": 14, "Actual Loops": 1, "Index Cond": "(keyword_id = k.id)", "Rows Removed by Index Recheck": 0}]}, {"Node Type": "Index Scan", "Parent Relationship": "Inner", "Scan Direction": "Forward", "Index Name": "movie_id_cast_info", "Relation Name": "cast_info", "Alias": "ci", "Startup Cost": 0.0, "Total Cost": 0.7, "Plan Rows": 6, "Plan Width": 8, "Actual Startup Time": 0.16, "Actual Total Time": 1.838, "Actual Rows": 1242, "Actual Loops": 14, "Index Cond": "(movie_id = mk.movie_id)", "Rows Removed by Index Recheck": 0}]}, {"Node Type": "Index Scan", "Parent Relationship": "Inner", "Scan Direction": "Forward", "Index Name": "name_pkey", "Relation Name": "name", "Alias": "n", "Startup Cost": 0.0, "Total Cost": 0.28, "Plan Rows": 1, "Plan Width": 19, "Actual Startup Time": 6.167, "Actual Total Time": 6.167, "Actual Rows": 6, "Actual Loops": 1242, "Index Cond": "(id = ci.person_id)", "Rows Removed by Index Recheck": 0, "Filter": "((name)::text ~~ '%Downey%Robert%'::text)", "Rows Removed by Filter": 1236}]}, {"Node Type": "Index Scan", "Parent Relationship": "Inner", "Scan Direction": "Forward", "Index Name": "title_pkey", "Relation Name": "title", "Alias": "t", "Startup Cost": 0.0, "Total Cost": 0.28, "Plan Rows": 1, "Plan Width": 21, "Actual Startup Time": 0.038, "Actual Total Time": 0.038, "Actual Rows": 6, "Actual Loops": 6, "Index Cond": "(id = ci.movie_id)", "Rows Removed by Index Recheck": 0, "Filter": "(production_year > 2010)", "Rows Removed by Filter": 0}]}]}, "Triggers": [], "Planner Runtime": 8.574, "Total Runtime": 49.842, "Unique SQL Id": 4208751436}}, "(16, '105')": {"explain_plan": {"Plan": {"Node Type": "Aggregate", "Strategy": "Plain", "Startup Cost": 3404.02, "Total Cost": 3404.03, "Plan Rows": 1, "Plan Width": 144, "Plans": [{"Node Type": "Nested Loop", "Parent Relationship": "Outer", "Join Type": "Inner", "Startup Cost": 0.0, "Total Cost": 3404.01, "Plan Rows": 1, "Plan Width": 48, "Inner Unique": true, "Join Filter": "(mk.movie_id = t.id)", "Plans": [{"Node Type": "Nested Loop", "Parent Relationship": "Outer", "Join Type": "Inner", "Startup Cost": 0.0, "Total Cost": 3403.72, "Plan Rows": 1, "Plan Width": 39, "Inner Unique": true, "Plans": [{"Node Type": "Nested Loop", "Parent Relationship": "Outer", "Join Type": "Inner", "Startup Cost": 0.0, "Total Cost": 3345.17, "Plan Rows": 202, "Plan Width": 28, "Inner Unique": false, "Plans": [{"Node Type": "Nested Loop", "Parent Relationship": "Outer", "Join Type": "Inner", "Startup Cost": 0.0, "Total Cost": 3319.92, "Plan Rows": 33, "Plan Width": 20, "Inner Unique": false, "Plans": [{"Node Type": "Index Scan", "Parent Relationship": "Outer", "Scan Direction": "Forward", "Index Name": "keyword_pkey", "Relation Name": "keyword", "Alias": "k", "Startup Cost": 0.0, "Total Cost": 3182.72, "Plan Rows": 1, "Plan Width": 20, "Filter": "((keyword)::text = 'marvel-cinematic-universe'::text)"}, {"Node Type": "Index Scan", "Parent Relationship": "Inner", "Scan Direction": "Forward", "Index Name": "keyword_id_movie_keyword", "Relation Name": "movie_keyword", "Alias": "mk", "Startup Cost": 0.0, "Total Cost": 136.88, "Plan Rows": 33, "Plan Width": 8, "Index Cond": "(keyword_id = k.id)"}]}, {"Node Type": "Index Scan", "Parent Relationship": "Inner", "Scan Direction": "Forward", "Index Name": "movie_id_cast_info", "Relation Name": "cast_info", "Alias": "ci", "Startup Cost": 0.0, "Total Cost": 0.7, "Plan Rows": 6, "Plan Width": 8, "Index Cond": "(movie_id = mk.movie_id)"}]}, {"Node Type": "Index Scan", "Parent Relationship": "Inner", "Scan Direction": "Forward", "Index Name": "name_pkey", "Relation Name": "name", "Alias": "n", "Startup Cost": 0.0, "Total Cost": 0.28, "Plan Rows": 1, "Plan Width": 19, "Index Cond": "(id = ci.person_id)", "Filter": "((name)::text ~~ '%Downey%Robert%'::text)"}]}, {"Node Type": "Index Scan", "Parent Relationship": "Inner", "Scan Direction": "Forward", "Index Name": "title_pkey", "Relation Name": "title", "Alias": "t", "Startup Cost": 0.0, "Total Cost": 0.28, "Plan Rows": 1, "Plan Width": 21, "Index Cond": "(id = ci.movie_id)", "Filter": "(production_year > 2010)"}]}]}, "Unique SQL Id": 4208751436, "Planner Runtime": 5}, "explain_analyze_plan": {"Plan": {"Node Type": "Aggregate", "Strategy": "Plain", "Startup Cost": 3404.02, "Total Cost": 3404.03, "Plan Rows": 1, "Plan Width": 144, "Actual Startup Time": 129.093, "Actual Total Time": 129.094, "Actual Rows": 1, "Actual Loops": 1, "Plans": [{"Node Type": "Nested Loop", "Parent Relationship": "Outer", "Join Type": "Inner", "Startup Cost": 0.0, "Total Cost": 3404.01, "Plan Rows": 1, "Plan Width": 48, "Actual Startup Time": 8.547, "Actual Total Time": 129.04, "Actual Rows": 6, "Actual Loops": 1, "Inner Unique": true, "Join Filter": "(mk.movie_id = t.id)", "Rows Removed by Join Filter": 0, "Plans": [{"Node Type": "Nested Loop", "Parent Relationship": "Outer", "Join Type": "Inner", "Startup Cost": 0.0, "Total Cost": 3403.72, "Plan Rows": 1, "Plan Width": 39, "Actual Startup Time": 8.53, "Actual Total Time": 128.988, "Actual Rows": 6, "Actual Loops": 1, "Inner Unique": true, "Plans": [{"Node Type": "Nested Loop", "Parent Relationship": "Outer", "Join Type": "Inner", "Startup Cost": 0.0, "Total Cost": 3345.17, "Plan Rows": 202, "Plan Width": 28, "Actual Startup Time": 6.99, "Actual Total Time": 122.056, "Actual Rows": 1242, "Actual Loops": 1, "Inner Unique": false, "Plans": [{"Node Type": "Nested Loop", "Parent Relationship": "Outer", "Join Type": "Inner", "Startup Cost": 0.0, "Total Cost": 3319.92, "Plan Rows": 33, "Plan Width": 20, "Actual Startup Time": 6.977, "Actual Total Time": 119.872, "Actual Rows": 14, "Actual Loops": 1, "Inner Unique": false, "Plans": [{"Node Type": "Index Scan", "Parent Relationship": "Outer", "Scan Direction": "Forward", "Index Name": "keyword_pkey", "Relation Name": "keyword", "Alias": "k", "Startup Cost": 0.0, "Total Cost": 3182.72, "Plan Rows": 1, "Plan Width": 20, "Actual Startup Time": 6.958, "Actual Total Time": 119.824, "Actual Rows": 1, "Actual Loops": 1, "Filter": "((keyword)::text = 'marvel-cinematic-universe'::text)", "Rows Removed by Filter": 134168}, {"Node Type": "Index Scan", "Parent Relationship": "Inner", "Scan Direction": "Forward", "Index Name": "keyword_id_movie_keyword", "Relation Name": "movie_keyword", "Alias": "mk", "Startup Cost": 0.0, "Total Cost": 136.88, "Plan Rows": 33, "Plan Width": 8, "Actual Startup Time": 0.012, "Actual Total Time": 0.032, "Actual Rows": 14, "Actual Loops": 1, "Index Cond": "(keyword_id = k.id)", "Rows Removed by Index Recheck": 0}]}, {"Node Type": "Index Scan", "Parent Relationship": "Inner", "Scan Direction": "Forward", "Index Name": "movie_id_cast_info", "Relation Name": "cast_info", "Alias": "ci", "Startup Cost": 0.0, "Total Cost": 0.7, "Plan Rows": 6, "Plan Width": 8, "Actual Startup Time": 0.158, "Actual Total Time": 1.852, "Actual Rows": 1242, "Actual Loops": 14, "Index Cond": "(movie_id = mk.movie_id)", "Rows Removed by Index Recheck": 0}]}, {"Node Type": "Index Scan", "Parent Relationship": "Inner", "Scan Direction": "Forward", "Index Name": "name_pkey", "Relation Name": "name", "Alias": "n", "Startup Cost": 0.0, "Total Cost": 0.28, "Plan Rows": 1, "Plan Width": 19, "Actual Startup Time": 6.301, "Actual Total Time": 6.301, "Actual Rows": 6, "Actual Loops": 1242, "Index Cond": "(id = ci.person_id)", "Rows Removed by Index Recheck": 0, "Filter": "((name)::text ~~ '%Downey%Robert%'::text)", "Rows Removed by Filter": 1236}]}, {"Node Type": "Index Scan", "Parent Relationship": "Inner", "Scan Direction": "Forward", "Index Name": "title_pkey", "Relation Name": "title", "Alias": "t", "Startup Cost": 0.0, "Total Cost": 0.28, "Plan Rows": 1, "Plan Width": 21, "Actual Startup Time": 0.038, "Actual Total Time": 0.038, "Actual Rows": 6, "Actual Loops": 6, "Index Cond": "(id = ci.movie_id)", "Rows Removed by Index Recheck": 0, "Filter": "(production_year > 2010)", "Rows Removed by Filter": 0}]}]}, "Triggers": [], "Planner Runtime": 8.278, "Total Runtime": 129.388, "Unique SQL Id": 4208751436}}, "(16, '106')": {"explain_plan": {"Plan": {"Node Type": "Aggregate", "Strategy": "Plain", "Startup Cost": 147513.04, "Total Cost": 147513.05, "Plan Rows": 1, "Plan Width": 144, "Plans": [{"Node Type": "Hash Join", "Parent Relationship": "Outer", "Join Type": "Inner", "Startup Cost": 127238.78, "Total Cost": 147511.4, "Plan Rows": 218, "Plan Width": 48, "Inner Unique": true, "Hash Cond": "(mk.keyword_id = k.id)", "Plans": [{"Node Type": "Hash Join", "Parent Relationship": "Outer", "Join Type": "Inner", "Startup Cost": 124802.66, "Total Cost": 145056.23, "Plan Rows": 7553, "Plan Width": 36, "Inner Unique": true, "Hash Cond": "(mk.movie_id = t.id)", "Plans": [{"Node Type": "Streaming(type: LOCAL GATHER dop: 1/16)", "Parent Relationship": "Outer", "Startup Cost": 113010.1, "Total Cost": 133161.91, "Plan Rows": 6997, "Plan Width": 27, "Plans": [{"Node Type": "Hash Join", "Parent Relationship": "Outer", "Join Type": "Inner", "Startup Cost": 113010.1, "Total Cost": 133010.9, "Plan Rows": 6997, "Plan Width": 27, "Inner Unique": false, "Hash Cond": "(mk.movie_id = ci.movie_id)", "Plans": [{"Node Type": "Seq Scan", "Parent Relationship": "Outer", "Relation Name": "movie_keyword", "Alias": "mk", "Startup Cost": 0.0, "Total Cost": 18902.58, "Plan Rows": 4523929, "Plan Width": 8}, {"Node Type": "Hash", "Parent Relationship": "Inner", "Startup Cost": 112916.1, "Total Cost": 112916.1, "Plan Rows": 120320, "Plan Width": 19, "Plans": [{"Node Type": "Streaming(type: BROADCAST dop: 16/16)", "Parent Relationship": "Outer", "Startup Cost": 36490.21, "Total Cost": 112916.1, "Plan Rows": 120320, "Plan Width": 19, "Plans": [{"Node Type": "Hash Join", "Parent Relationship": "Outer", "Join Type": "Inner", "Startup Cost": 36490.21, "Total Cost": 97610.6, "Plan Rows": 7520, "Plan Width": 19, "Inner Unique": true, "Hash Cond": "(ci.person_id = n.id)", "Plans": [{"Node Type": "Seq Scan", "Parent Relationship": "Outer", "Relation Name": "cast_info", "Alias": "ci", "Startup Cost": 0.0, "Total Cost": 52617.37, "Plan Rows": 36259494, "Plan Width": 8}, {"Node Type": "Hash", "Parent Relationship": "Inner", "Startup Cost": 36485.02, "Total Cost": 36485.02, "Plan Rows": 6640, "Plan Width": 19, "Plans": [{"Node Type": "Streaming(type: BROADCAST dop: 16/16)", "Parent Relationship": "Outer", "Startup Cost": 0.0, "Total Cost": 36485.02, "Plan Rows": 6640, "Plan Width": 19, "Plans": [{"Node Type": "Seq Scan", "Parent Relationship": "Outer", "Relation Name": "name", "Alias": "n", "Startup Cost": 0.0, "Total Cost": 21468.16, "Plan Rows": 415, "Plan Width": 19, "Filter": "((name)::text ~~ '%Downey%Robert%'::text)"}]}]}]}]}]}]}]}, {"Node Type": "Hash", "Parent Relationship": "Inner", "Startup Cost": 27597.68, "Total Cost": 27597.68, "Plan Rows": 391451, "Plan Width": 21, "Plans": [{"Node Type": "Streaming(type: LOCAL GATHER dop: 1/16)", "Parent Relationship": "Outer", "Startup Cost": 0.0, "Total Cost": 27597.68, "Plan Rows": 391451, "Plan Width": 21, "Plans": [{"Node Type": "Seq Scan", "Parent Relationship": "Outer", "Relation Name": "title", "Alias": "t", "Startup Cost": 0.0, "Total Cost": 19149.37, "Plan Rows": 391451, "Plan Width": 21, "Filter": "(production_year > 2010), (LLVM Optimized)"}]}]}]}, {"Node Type": "Hash", "Parent Relationship": "Inner", "Startup Cost": 2436.11, "Total Cost": 2436.11, "Plan Rows": 1, "Plan Width": 20, "Plans": [{"Node Type": "Seq Scan", "Parent Relationship": "Outer", "Relation Name": "keyword", "Alias": "k", "Startup Cost": 0.0, "Total Cost": 2436.11, "Plan Rows": 1, "Plan Width": 20, "Filter": "((keyword)::text = 'marvel-cinematic-universe'::text)"}]}]}]}, "Unique SQL Id": 4208751436, "Planner Runtime": 21}, "explain_analyze_plan": null}, "(16, '107')": {"explain_plan": {"Plan": {"Node Type": "Aggregate", "Strategy": "Plain", "Startup Cost": 5000201430682.96, "Total Cost": 5000201430682.97, "Plan Rows": 1, "Plan Width": 144, "Plans": [{"Node Type": "Hash Join", "Parent Relationship": "Outer", "Join Type": "Inner", "Startup Cost": 3020201099152.21, "Total Cost": 5000201430681.32, "Plan Rows": 218, "Plan Width": 48, "Inner Unique": true, "Hash Cond": "(mk.movie_id = t.id)", "Plans": [{"Node Type": "Hash Join", "Parent Relationship": "Outer", "Join Type": "Inner", "Startup Cost": 2020189450132.41, "Total Cost": 4000189781658.58, "Plan Rows": 202, "Plan Width": 39, "Inner Unique": false, "Hash Cond": "(mk.movie_id = ci.movie_id)", "Plans": [{"Node Type": "Nested Loop", "Parent Relationship": "Outer", "Join Type": "Inner", "Startup Cost": 20000000004.51, "Total Cost": 2000000331530.23, "Plan Rows": 33, "Plan Width": 20, "Inner Unique": false, "Plans": [{"Node Type": "Index Scan", "Parent Relationship": "Outer", "Scan Direction": "Forward", "Index Name": "keyword_pkey", "Relation Name": "keyword", "Alias": "k", "Startup Cost": 10000000000.0, "Total Cost": 1000000318271.68, "Plan Rows": 1, "Plan Width": 20, "Filter": "((keyword)::text = 'marvel-cinematic-universe'::text)"}, {"Node Type": "Bitmap Heap Scan", "Parent Relationship": "Inner", "Relation Name": "movie_keyword", "Alias": "mk", "Startup Cost": 10000000004.51, "Total Cost": 1000000013258.21, "Plan Rows": 33, "Plan Width": 8, "Recheck Cond": "(keyword_id = k.id)", "Plans": [{"Node Type": "Bitmap Index Scan", "Parent Relationship": "Outer", "Index Name": "keyword_id_movie_keyword", "Startup Cost": 0.0, "Total Cost": 4.5, "Plan Rows": 33, "Plan Width": 0, "Index Cond": "(keyword_id = k.id)"}]}]}, {"Node Type": "Hash", "Parent Relationship": "Inner", "Startup Cost": 2000189450033.9, "Total Cost": 2000189450033.9, "Plan Rows": 7520, "Plan Width": 19, "Plans": [{"Node Type": "Hash Join", "Parent Relationship": "Outer", "Join Type": "Inner", "Startup Cost": 1010018665152.39, "Total Cost": 2000189450033.9, "Plan Rows": 7520, "Plan Width": 19, "Inner Unique": true, "Hash Cond": "(ci.person_id = n.id)", "Plans": [{"Node Type": "Index Scan", "Parent Relationship": "Outer", "Scan Direction": "Forward", "Index Name": "person_id_cast_info", "Relation Name": "cast_info", "Alias": "ci", "Startup Cost": 10000000000.0, "Total Cost": 1000170648833.21, "Plan Rows": 36259494, "Plan Width": 8}, {"Node Type": "Hash", "Parent Relationship": "Inner", "Startup Cost": 1000018665147.2, "Total Cost": 1000018665147.2, "Plan Rows": 415, "Plan Width": 19, "Plans": [{"Node Type": "Index Scan", "Parent Relationship": "Outer", "Scan Direction": "Forward", "Index Name": "name_pkey", "Relation Name": "name", "Alias": "n", "Startup Cost": 10000000000.0, "Total Cost": 1000018665147.2, "Plan Rows": 415, "Plan Width": 19, "Filter": "((name)::text ~~ '%Downey%Robert%'::text)"}]}]}]}]}, {"Node Type": "Hash", "Parent Relationship": "Inner", "Startup Cost": 1000011644126.66, "Total Cost": 1000011644126.66, "Plan Rows": 391451, "Plan Width": 21, "Plans": [{"Node Type": "Index Scan", "Parent Relationship": "Outer", "Scan Direction": "Forward", "Index Name": "title_pkey", "Relation Name": "title", "Alias": "t", "Startup Cost": 10000000000.0, "Total Cost": 1000011644126.66, "Plan Rows": 391451, "Plan Width": 21, "Filter": "(production_year > 2010), (LLVM Optimized)"}]}]}]}, "Unique SQL Id": 4208751436, "Planner Runtime": 5}, "explain_analyze_plan": null}, "(16, '108')": {"explain_plan": {"Plan": {"Node Type": "Aggregate", "Strategy": "Plain", "Startup Cost": 2657.42, "Total Cost": 2657.43, "Plan Rows": 1, "Plan Width": 144, "Plans": [{"Node Type": "Nested Loop", "Parent Relationship": "Outer", "Join Type": "Inner", "Startup Cost": 0.0, "Total Cost": 2657.41, "Plan Rows": 1, "Plan Width": 48, "Inner Unique": true, "Join Filter": "(mk.movie_id = t.id)", "Plans": [{"Node Type": "Nested Loop", "Parent Relationship": "Outer", "Join Type": "Inner", "Startup Cost": 0.0, "Total Cost": 2657.12, "Plan Rows": 1, "Plan Width": 39, "Inner Unique": true, "Plans": [{"Node Type": "Nested Loop", "Parent Relationship": "Outer", "Join Type": "Inner", "Startup Cost": 0.0, "Total Cost": 2598.56, "Plan Rows": 202, "Plan Width": 28, "Inner Unique": false, "Plans": [{"Node Type": "Nested Loop", "Parent Relationship": "Outer", "Join Type": "Inner", "Startup Cost": 0.0, "Total Cost": 2573.32, "Plan Rows": 33, "Plan Width": 20, "Inner Unique": false, "Plans": [{"Node Type": "Seq Scan", "Parent Relationship": "Outer", "Relation Name": "keyword", "Alias": "k", "Startup Cost": 0.0, "Total Cost": 2436.11, "Plan Rows": 1, "Plan Width": 20, "Filter": "((keyword)::text = 'marvel-cinematic-universe'::text)"}, {"Node Type": "Index Scan", "Parent Relationship": "Inner", "Scan Direction": "Forward", "Index Name": "keyword_id_movie_keyword", "Relation Name": "movie_keyword", "Alias": "mk", "Startup Cost": 0.0, "Total Cost": 136.88, "Plan Rows": 33, "Plan Width": 8, "Index Cond": "(keyword_id = k.id)"}]}, {"Node Type": "Index Scan", "Parent Relationship": "Inner", "Scan Direction": "Forward", "Index Name": "movie_id_cast_info", "Relation Name": "cast_info", "Alias": "ci", "Startup Cost": 0.0, "Total Cost": 0.7, "Plan Rows": 6, "Plan Width": 8, "Index Cond": "(movie_id = mk.movie_id)"}]}, {"Node Type": "Index Scan", "Parent Relationship": "Inner", "Scan Direction": "Forward", "Index Name": "name_pkey", "Relation Name": "name", "Alias": "n", "Startup Cost": 0.0, "Total Cost": 0.28, "Plan Rows": 1, "Plan Width": 19, "Index Cond": "(id = ci.person_id)", "Filter": "((name)::text ~~ '%Downey%Robert%'::text)"}]}, {"Node Type": "Index Scan", "Parent Relationship": "Inner", "Scan Direction": "Forward", "Index Name": "title_pkey", "Relation Name": "title", "Alias": "t", "Startup Cost": 0.0, "Total Cost": 0.28, "Plan Rows": 1, "Plan Width": 21, "Index Cond": "(id = ci.movie_id)", "Filter": "(production_year > 2010)"}]}]}, "Unique SQL Id": 4208751436, "Planner Runtime": 5}, "explain_analyze_plan": {"Plan": {"Node Type": "Aggregate", "Strategy": "Plain", "Startup Cost": 2657.42, "Total Cost": 2657.43, "Plan Rows": 1, "Plan Width": 144, "Actual Startup Time": 49.573, "Actual Total Time": 49.573, "Actual Rows": 1, "Actual Loops": 1, "Plans": [{"Node Type": "Nested Loop", "Parent Relationship": "Outer", "Join Type": "Inner", "Startup Cost": 0.0, "Total Cost": 2657.41, "Plan Rows": 1, "Plan Width": 48, "Actual Startup Time": 2.65, "Actual Total Time": 49.529, "Actual Rows": 6, "Actual Loops": 1, "Inner Unique": true, "Join Filter": "(mk.movie_id = t.id)", "Rows Removed by Join Filter": 0, "Plans": [{"Node Type": "Nested Loop", "Parent Relationship": "Outer", "Join Type": "Inner", "Startup Cost": 0.0, "Total Cost": 2657.12, "Plan Rows": 1, "Plan Width": 39, "Actual Startup Time": 2.627, "Actual Total Time": 49.472, "Actual Rows": 6, "Actual Loops": 1, "Inner Unique": true, "Plans": [{"Node Type": "Nested Loop", "Parent Relationship": "Outer", "Join Type": "Inner", "Startup Cost": 0.0, "Total Cost": 2598.56, "Plan Rows": 202, "Plan Width": 28, "Actual Startup Time": 1.088, "Actual Total Time": 42.692, "Actual Rows": 1242, "Actual Loops": 1, "Inner Unique": false, "Plans": [{"Node Type": "Nested Loop", "Parent Relationship": "Outer", "Join Type": "Inner", "Startup Cost": 0.0, "Total Cost": 2573.32, "Plan Rows": 33, "Plan Width": 20, "Actual Startup Time": 1.074, "Actual Total Time": 40.525, "Actual Rows": 14, "Actual Loops": 1, "Inner Unique": false, "Plans": [{"Node Type": "Seq Scan", "Parent Relationship": "Outer", "Relation Name": "keyword", "Alias": "k", "Startup Cost": 0.0, "Total Cost": 2436.11, "Plan Rows": 1, "Plan Width": 20, "Actual Startup Time": 1.052, "Actual Total Time": 40.474, "Actual Rows": 1, "Actual Loops": 1, "Filter": "((keyword)::text = 'marvel-cinematic-universe'::text)", "Rows Removed by Filter": 134168}, {"Node Type": "Index Scan", "Parent Relationship": "Inner", "Scan Direction": "Forward", "Index Name": "keyword_id_movie_keyword", "Relation Name": "movie_keyword", "Alias": "mk", "Startup Cost": 0.0, "Total Cost": 136.88, "Plan Rows": 33, "Plan Width": 8, "Actual Startup Time": 0.016, "Actual Total Time": 0.039, "Actual Rows": 14, "Actual Loops": 1, "Index Cond": "(keyword_id = k.id)", "Rows Removed by Index Recheck": 0}]}, {"Node Type": "Index Scan", "Parent Relationship": "Inner", "Scan Direction": "Forward", "Index Name": "movie_id_cast_info", "Relation Name": "cast_info", "Alias": "ci", "Startup Cost": 0.0, "Total Cost": 0.7, "Plan Rows": 6, "Plan Width": 8, "Actual Startup Time": 0.16, "Actual Total Time": 1.838, "Actual Rows": 1242, "Actual Loops": 14, "Index Cond": "(movie_id = mk.movie_id)", "Rows Removed by Index Recheck": 0}]}, {"Node Type": "Index Scan", "Parent Relationship": "Inner", "Scan Direction": "Forward", "Index Name": "name_pkey", "Relation Name": "name", "Alias": "n", "Startup Cost": 0.0, "Total Cost": 0.28, "Plan Rows": 1, "Plan Width": 19, "Actual Startup Time": 6.167, "Actual Total Time": 6.167, "Actual Rows": 6, "Actual Loops": 1242, "Index Cond": "(id = ci.person_id)", "Rows Removed by Index Recheck": 0, "Filter": "((name)::text ~~ '%Downey%Robert%'::text)", "Rows Removed by Filter": 1236}]}, {"Node Type": "Index Scan", "Parent Relationship": "Inner", "Scan Direction": "Forward", "Index Name": "title_pkey", "Relation Name": "title", "Alias": "t", "Startup Cost": 0.0, "Total Cost": 0.28, "Plan Rows": 1, "Plan Width": 21, "Actual Startup Time": 0.038, "Actual Total Time": 0.038, "Actual Rows": 6, "Actual Loops": 6, "Index Cond": "(id = ci.movie_id)", "Rows Removed by Index Recheck": 0, "Filter": "(production_year > 2010)", "Rows Removed by Filter": 0}]}]}, "Triggers": [], "Planner Runtime": 8.574, "Total Runtime": 49.842, "Unique SQL Id": 4208751436}}, "(16, '109')": {"explain_plan": {"Plan": {"Node Type": "Aggregate", "Strategy": "Plain", "Startup Cost": 3404.02, "Total Cost": 3404.03, "Plan Rows": 1, "Plan Width": 144, "Plans": [{"Node Type": "Nested Loop", "Parent Relationship": "Outer", "Join Type": "Inner", "Startup Cost": 0.0, "Total Cost": 3404.01, "Plan Rows": 1, "Plan Width": 48, "Inner Unique": true, "Join Filter": "(mk.movie_id = t.id)", "Plans": [{"Node Type": "Nested Loop", "Parent Relationship": "Outer", "Join Type": "Inner", "Startup Cost": 0.0, "Total Cost": 3403.72, "Plan Rows": 1, "Plan Width": 39, "Inner Unique": true, "Plans": [{"Node Type": "Nested Loop", "Parent Relationship": "Outer", "Join Type": "Inner", "Startup Cost": 0.0, "Total Cost": 3345.17, "Plan Rows": 202, "Plan Width": 28, "Inner Unique": false, "Plans": [{"Node Type": "Nested Loop", "Parent Relationship": "Outer", "Join Type": "Inner", "Startup Cost": 0.0, "Total Cost": 3319.92, "Plan Rows": 33, "Plan Width": 20, "Inner Unique": false, "Plans": [{"Node Type": "Index Scan", "Parent Relationship": "Outer", "Scan Direction": "Forward", "Index Name": "keyword_pkey", "Relation Name": "keyword", "Alias": "k", "Startup Cost": 0.0, "Total Cost": 3182.72, "Plan Rows": 1, "Plan Width": 20, "Filter": "((keyword)::text = 'marvel-cinematic-universe'::text)"}, {"Node Type": "Index Scan", "Parent Relationship": "Inner", "Scan Direction": "Forward", "Index Name": "keyword_id_movie_keyword", "Relation Name": "movie_keyword", "Alias": "mk", "Startup Cost": 0.0, "Total Cost": 136.88, "Plan Rows": 33, "Plan Width": 8, "Index Cond": "(keyword_id = k.id)"}]}, {"Node Type": "Index Scan", "Parent Relationship": "Inner", "Scan Direction": "Forward", "Index Name": "movie_id_cast_info", "Relation Name": "cast_info", "Alias": "ci", "Startup Cost": 0.0, "Total Cost": 0.7, "Plan Rows": 6, "Plan Width": 8, "Index Cond": "(movie_id = mk.movie_id)"}]}, {"Node Type": "Index Scan", "Parent Relationship": "Inner", "Scan Direction": "Forward", "Index Name": "name_pkey", "Relation Name": "name", "Alias": "n", "Startup Cost": 0.0, "Total Cost": 0.28, "Plan Rows": 1, "Plan Width": 19, "Index Cond": "(id = ci.person_id)", "Filter": "((name)::text ~~ '%Downey%Robert%'::text)"}]}, {"Node Type": "Index Scan", "Parent Relationship": "Inner", "Scan Direction": "Forward", "Index Name": "title_pkey", "Relation Name": "title", "Alias": "t", "Startup Cost": 0.0, "Total Cost": 0.28, "Plan Rows": 1, "Plan Width": 21, "Index Cond": "(id = ci.movie_id)", "Filter": "(production_year > 2010)"}]}]}, "Unique SQL Id": 4208751436, "Planner Runtime": 5}, "explain_analyze_plan": {"Plan": {"Node Type": "Aggregate", "Strategy": "Plain", "Startup Cost": 3404.02, "Total Cost": 3404.03, "Plan Rows": 1, "Plan Width": 144, "Actual Startup Time": 129.093, "Actual Total Time": 129.094, "Actual Rows": 1, "Actual Loops": 1, "Plans": [{"Node Type": "Nested Loop", "Parent Relationship": "Outer", "Join Type": "Inner", "Startup Cost": 0.0, "Total Cost": 3404.01, "Plan Rows": 1, "Plan Width": 48, "Actual Startup Time": 8.547, "Actual Total Time": 129.04, "Actual Rows": 6, "Actual Loops": 1, "Inner Unique": true, "Join Filter": "(mk.movie_id = t.id)", "Rows Removed by Join Filter": 0, "Plans": [{"Node Type": "Nested Loop", "Parent Relationship": "Outer", "Join Type": "Inner", "Startup Cost": 0.0, "Total Cost": 3403.72, "Plan Rows": 1, "Plan Width": 39, "Actual Startup Time": 8.53, "Actual Total Time": 128.988, "Actual Rows": 6, "Actual Loops": 1, "Inner Unique": true, "Plans": [{"Node Type": "Nested Loop", "Parent Relationship": "Outer", "Join Type": "Inner", "Startup Cost": 0.0, "Total Cost": 3345.17, "Plan Rows": 202, "Plan Width": 28, "Actual Startup Time": 6.99, "Actual Total Time": 122.056, "Actual Rows": 1242, "Actual Loops": 1, "Inner Unique": false, "Plans": [{"Node Type": "Nested Loop", "Parent Relationship": "Outer", "Join Type": "Inner", "Startup Cost": 0.0, "Total Cost": 3319.92, "Plan Rows": 33, "Plan Width": 20, "Actual Startup Time": 6.977, "Actual Total Time": 119.872, "Actual Rows": 14, "Actual Loops": 1, "Inner Unique": false, "Plans": [{"Node Type": "Index Scan", "Parent Relationship": "Outer", "Scan Direction": "Forward", "Index Name": "keyword_pkey", "Relation Name": "keyword", "Alias": "k", "Startup Cost": 0.0, "Total Cost": 3182.72, "Plan Rows": 1, "Plan Width": 20, "Actual Startup Time": 6.958, "Actual Total Time": 119.824, "Actual Rows": 1, "Actual Loops": 1, "Filter": "((keyword)::text = 'marvel-cinematic-universe'::text)", "Rows Removed by Filter": 134168}, {"Node Type": "Index Scan", "Parent Relationship": "Inner", "Scan Direction": "Forward", "Index Name": "keyword_id_movie_keyword", "Relation Name": "movie_keyword", "Alias": "mk", "Startup Cost": 0.0, "Total Cost": 136.88, "Plan Rows": 33, "Plan Width": 8, "Actual Startup Time": 0.012, "Actual Total Time": 0.032, "Actual Rows": 14, "Actual Loops": 1, "Index Cond": "(keyword_id = k.id)", "Rows Removed by Index Recheck": 0}]}, {"Node Type": "Index Scan", "Parent Relationship": "Inner", "Scan Direction": "Forward", "Index Name": "movie_id_cast_info", "Relation Name": "cast_info", "Alias": "ci", "Startup Cost": 0.0, "Total Cost": 0.7, "Plan Rows": 6, "Plan Width": 8, "Actual Startup Time": 0.158, "Actual Total Time": 1.852, "Actual Rows": 1242, "Actual Loops": 14, "Index Cond": "(movie_id = mk.movie_id)", "Rows Removed by Index Recheck": 0}]}, {"Node Type": "Index Scan", "Parent Relationship": "Inner", "Scan Direction": "Forward", "Index Name": "name_pkey", "Relation Name": "name", "Alias": "n", "Startup Cost": 0.0, "Total Cost": 0.28, "Plan Rows": 1, "Plan Width": 19, "Actual Startup Time": 6.301, "Actual Total Time": 6.301, "Actual Rows": 6, "Actual Loops": 1242, "Index Cond": "(id = ci.person_id)", "Rows Removed by Index Recheck": 0, "Filter": "((name)::text ~~ '%Downey%Robert%'::text)", "Rows Removed by Filter": 1236}]}, {"Node Type": "Index Scan", "Parent Relationship": "Inner", "Scan Direction": "Forward", "Index Name": "title_pkey", "Relation Name": "title", "Alias": "t", "Startup Cost": 0.0, "Total Cost": 0.28, "Plan Rows": 1, "Plan Width": 21, "Actual Startup Time": 0.038, "Actual Total Time": 0.038, "Actual Rows": 6, "Actual Loops": 6, "Index Cond": "(id = ci.movie_id)", "Rows Removed by Index Recheck": 0, "Filter": "(production_year > 2010)", "Rows Removed by Filter": 0}]}]}, "Triggers": [], "Planner Runtime": 8.278, "Total Runtime": 129.388, "Unique SQL Id": 4208751436}}, "(16, '110')": {"explain_plan": {"Plan": {"Node Type": "Aggregate", "Strategy": "Plain", "Startup Cost": 147513.04, "Total Cost": 147513.05, "Plan Rows": 1, "Plan Width": 144, "Plans": [{"Node Type": "Hash Join", "Parent Relationship": "Outer", "Join Type": "Inner", "Startup Cost": 127238.78, "Total Cost": 147511.4, "Plan Rows": 218, "Plan Width": 48, "Inner Unique": true, "Hash Cond": "(mk.keyword_id = k.id)", "Plans": [{"Node Type": "Hash Join", "Parent Relationship": "Outer", "Join Type": "Inner", "Startup Cost": 124802.66, "Total Cost": 145056.23, "Plan Rows": 7553, "Plan Width": 36, "Inner Unique": true, "Hash Cond": "(mk.movie_id = t.id)", "Plans": [{"Node Type": "Streaming(type: LOCAL GATHER dop: 1/16)", "Parent Relationship": "Outer", "Startup Cost": 113010.1, "Total Cost": 133161.91, "Plan Rows": 6997, "Plan Width": 27, "Plans": [{"Node Type": "Hash Join", "Parent Relationship": "Outer", "Join Type": "Inner", "Startup Cost": 113010.1, "Total Cost": 133010.9, "Plan Rows": 6997, "Plan Width": 27, "Inner Unique": false, "Hash Cond": "(mk.movie_id = ci.movie_id)", "Plans": [{"Node Type": "Seq Scan", "Parent Relationship": "Outer", "Relation Name": "movie_keyword", "Alias": "mk", "Startup Cost": 0.0, "Total Cost": 18902.58, "Plan Rows": 4523929, "Plan Width": 8}, {"Node Type": "Hash", "Parent Relationship": "Inner", "Startup Cost": 112916.1, "Total Cost": 112916.1, "Plan Rows": 120320, "Plan Width": 19, "Plans": [{"Node Type": "Streaming(type: BROADCAST dop: 16/16)", "Parent Relationship": "Outer", "Startup Cost": 36490.21, "Total Cost": 112916.1, "Plan Rows": 120320, "Plan Width": 19, "Plans": [{"Node Type": "Hash Join", "Parent Relationship": "Outer", "Join Type": "Inner", "Startup Cost": 36490.21, "Total Cost": 97610.6, "Plan Rows": 7520, "Plan Width": 19, "Inner Unique": true, "Hash Cond": "(ci.person_id = n.id)", "Plans": [{"Node Type": "Seq Scan", "Parent Relationship": "Outer", "Relation Name": "cast_info", "Alias": "ci", "Startup Cost": 0.0, "Total Cost": 52617.37, "Plan Rows": 36259494, "Plan Width": 8}, {"Node Type": "Hash", "Parent Relationship": "Inner", "Startup Cost": 36485.02, "Total Cost": 36485.02, "Plan Rows": 6640, "Plan Width": 19, "Plans": [{"Node Type": "Streaming(type: BROADCAST dop: 16/16)", "Parent Relationship": "Outer", "Startup Cost": 0.0, "Total Cost": 36485.02, "Plan Rows": 6640, "Plan Width": 19, "Plans": [{"Node Type": "Seq Scan", "Parent Relationship": "Outer", "Relation Name": "name", "Alias": "n", "Startup Cost": 0.0, "Total Cost": 21468.16, "Plan Rows": 415, "Plan Width": 19, "Filter": "((name)::text ~~ '%Downey%Robert%'::text)"}]}]}]}]}]}]}]}, {"Node Type": "Hash", "Parent Relationship": "Inner", "Startup Cost": 27597.68, "Total Cost": 27597.68, "Plan Rows": 391451, "Plan Width": 21, "Plans": [{"Node Type": "Streaming(type: LOCAL GATHER dop: 1/16)", "Parent Relationship": "Outer", "Startup Cost": 0.0, "Total Cost": 27597.68, "Plan Rows": 391451, "Plan Width": 21, "Plans": [{"Node Type": "Seq Scan", "Parent Relationship": "Outer", "Relation Name": "title", "Alias": "t", "Startup Cost": 0.0, "Total Cost": 19149.37, "Plan Rows": 391451, "Plan Width": 21, "Filter": "(production_year > 2010), (LLVM Optimized)"}]}]}]}, {"Node Type": "Hash", "Parent Relationship": "Inner", "Startup Cost": 2436.11, "Total Cost": 2436.11, "Plan Rows": 1, "Plan Width": 20, "Plans": [{"Node Type": "Seq Scan", "Parent Relationship": "Outer", "Relation Name": "keyword", "Alias": "k", "Startup Cost": 0.0, "Total Cost": 2436.11, "Plan Rows": 1, "Plan Width": 20, "Filter": "((keyword)::text = 'marvel-cinematic-universe'::text)"}]}]}]}, "Unique SQL Id": 4208751436, "Planner Runtime": 20}, "explain_analyze_plan": null}, "(16, '111')": {"explain_plan": {"Plan": {"Node Type": "Aggregate", "Strategy": "Plain", "Startup Cost": 5000201430682.96, "Total Cost": 5000201430682.97, "Plan Rows": 1, "Plan Width": 144, "Plans": [{"Node Type": "Hash Join", "Parent Relationship": "Outer", "Join Type": "Inner", "Startup Cost": 3020201099152.21, "Total Cost": 5000201430681.32, "Plan Rows": 218, "Plan Width": 48, "Inner Unique": true, "Hash Cond": "(mk.movie_id = t.id)", "Plans": [{"Node Type": "Hash Join", "Parent Relationship": "Outer", "Join Type": "Inner", "Startup Cost": 2020189450132.41, "Total Cost": 4000189781658.58, "Plan Rows": 202, "Plan Width": 39, "Inner Unique": false, "Hash Cond": "(mk.movie_id = ci.movie_id)", "Plans": [{"Node Type": "Nested Loop", "Parent Relationship": "Outer", "Join Type": "Inner", "Startup Cost": 20000000004.51, "Total Cost": 2000000331530.23, "Plan Rows": 33, "Plan Width": 20, "Inner Unique": false, "Plans": [{"Node Type": "Index Scan", "Parent Relationship": "Outer", "Scan Direction": "Forward", "Index Name": "keyword_pkey", "Relation Name": "keyword", "Alias": "k", "Startup Cost": 10000000000.0, "Total Cost": 1000000318271.68, "Plan Rows": 1, "Plan Width": 20, "Filter": "((keyword)::text = 'marvel-cinematic-universe'::text)"}, {"Node Type": "Bitmap Heap Scan", "Parent Relationship": "Inner", "Relation Name": "movie_keyword", "Alias": "mk", "Startup Cost": 10000000004.51, "Total Cost": 1000000013258.21, "Plan Rows": 33, "Plan Width": 8, "Recheck Cond": "(keyword_id = k.id)", "Plans": [{"Node Type": "Bitmap Index Scan", "Parent Relationship": "Outer", "Index Name": "keyword_id_movie_keyword", "Startup Cost": 0.0, "Total Cost": 4.5, "Plan Rows": 33, "Plan Width": 0, "Index Cond": "(keyword_id = k.id)"}]}]}, {"Node Type": "Hash", "Parent Relationship": "Inner", "Startup Cost": 2000189450033.9, "Total Cost": 2000189450033.9, "Plan Rows": 7520, "Plan Width": 19, "Plans": [{"Node Type": "Hash Join", "Parent Relationship": "Outer", "Join Type": "Inner", "Startup Cost": 1010018665152.39, "Total Cost": 2000189450033.9, "Plan Rows": 7520, "Plan Width": 19, "Inner Unique": true, "Hash Cond": "(ci.person_id = n.id)", "Plans": [{"Node Type": "Index Scan", "Parent Relationship": "Outer", "Scan Direction": "Forward", "Index Name": "person_id_cast_info", "Relation Name": "cast_info", "Alias": "ci", "Startup Cost": 10000000000.0, "Total Cost": 1000170648833.21, "Plan Rows": 36259494, "Plan Width": 8}, {"Node Type": "Hash", "Parent Relationship": "Inner", "Startup Cost": 1000018665147.2, "Total Cost": 1000018665147.2, "Plan Rows": 415, "Plan Width": 19, "Plans": [{"Node Type": "Index Scan", "Parent Relationship": "Outer", "Scan Direction": "Forward", "Index Name": "name_pkey", "Relation Name": "name", "Alias": "n", "Startup Cost": 10000000000.0, "Total Cost": 1000018665147.2, "Plan Rows": 415, "Plan Width": 19, "Filter": "((name)::text ~~ '%Downey%Robert%'::text)"}]}]}]}]}, {"Node Type": "Hash", "Parent Relationship": "Inner", "Startup Cost": 1000011644126.66, "Total Cost": 1000011644126.66, "Plan Rows": 391451, "Plan Width": 21, "Plans": [{"Node Type": "Index Scan", "Parent Relationship": "Outer", "Scan Direction": "Forward", "Index Name": "title_pkey", "Relation Name": "title", "Alias": "t", "Startup Cost": 10000000000.0, "Total Cost": 1000011644126.66, "Plan Rows": 391451, "Plan Width": 21, "Filter": "(production_year > 2010), (LLVM Optimized)"}]}]}]}, "Unique SQL Id": 4208751436, "Planner Runtime": 5}, "explain_analyze_plan": null}, "(16, '112')": {"explain_plan": {"Plan": {"Node Type": "Aggregate", "Strategy": "Plain", "Startup Cost": 2653.12, "Total Cost": 2653.13, "Plan Rows": 1, "Plan Width": 144, "Plans": [{"Node Type": "Nested Loop", "Parent Relationship": "Outer", "Join Type": "Inner", "Startup Cost": 4.51, "Total Cost": 2653.12, "Plan Rows": 1, "Plan Width": 48, "Inner Unique": true, "Join Filter": "(mk.movie_id = t.id)", "Plans": [{"Node Type": "Nested Loop", "Parent Relationship": "Outer", "Join Type": "Inner", "Startup Cost": 4.51, "Total Cost": 2652.83, "Plan Rows": 1, "Plan Width": 39, "Inner Unique": true, "Plans": [{"Node Type": "Nested Loop", "Parent Relationship": "Outer", "Join Type": "Inner", "Startup Cost": 4.51, "Total Cost": 2594.27, "Plan Rows": 202, "Plan Width": 28, "Inner Unique": false, "Plans": [{"Node Type": "Nested Loop", "Parent Relationship": "Outer", "Join Type": "Inner", "Startup Cost": 4.51, "Total Cost": 2569.02, "Plan Rows": 33, "Plan Width": 20, "Inner Unique": false, "Plans": [{"Node Type": "Seq Scan", "Parent Relationship": "Outer", "Relation Name": "keyword", "Alias": "k", "Startup Cost": 0.0, "Total Cost": 2436.11, "Plan Rows": 1, "Plan Width": 20, "Filter": "((keyword)::text = 'marvel-cinematic-universe'::text)"}, {"Node Type": "Bitmap Heap Scan", "Parent Relationship": "Inner", "Relation Name": "movie_keyword", "Alias": "mk", "Startup Cost": 4.51, "Total Cost": 132.58, "Plan Rows": 33, "Plan Width": 8, "Recheck Cond": "(keyword_id = k.id)", "Plans": [{"Node Type": "Bitmap Index Scan", "Parent Relationship": "Outer", "Index Name": "keyword_id_movie_keyword", "Startup Cost": 0.0, "Total Cost": 4.5, "Plan Rows": 33, "Plan Width": 0, "Index Cond": "(keyword_id = k.id)"}]}]}, {"Node Type": "Index Scan", "Parent Relationship": "Inner", "Scan Direction": "Forward", "Index Name": "movie_id_cast_info", "Relation Name": "cast_info", "Alias": "ci", "Startup Cost": 0.0, "Total Cost": 0.7, "Plan Rows": 6, "Plan Width": 8, "Index Cond": "(movie_id = mk.movie_id)"}]}, {"Node Type": "Index Scan", "Parent Relationship": "Inner", "Scan Direction": "Forward", "Index Name": "name_pkey", "Relation Name": "name", "Alias": "n", "Startup Cost": 0.0, "Total Cost": 0.28, "Plan Rows": 1, "Plan Width": 19, "Index Cond": "(id = ci.person_id)", "Filter": "((name)::text ~~ '%Downey%Robert%'::text)"}]}, {"Node Type": "Index Scan", "Parent Relationship": "Inner", "Scan Direction": "Forward", "Index Name": "title_pkey", "Relation Name": "title", "Alias": "t", "Startup Cost": 0.0, "Total Cost": 0.28, "Plan Rows": 1, "Plan Width": 21, "Index Cond": "(id = ci.movie_id)", "Filter": "(production_year > 2010)"}]}]}, "Unique SQL Id": 4208751436, "Planner Runtime": 2}, "explain_analyze_plan": {"Plan": {"Node Type": "Aggregate", "Strategy": "Plain", "Startup Cost": 2653.12, "Total Cost": 2653.13, "Plan Rows": 1, "Plan Width": 144, "Actual Startup Time": 49.672, "Actual Total Time": 49.672, "Actual Rows": 1, "Actual Loops": 1, "Plans": [{"Node Type": "Nested Loop", "Parent Relationship": "Outer", "Join Type": "Inner", "Startup Cost": 4.51, "Total Cost": 2653.12, "Plan Rows": 1, "Plan Width": 48, "Actual Startup Time": 2.684, "Actual Total Time": 49.638, "Actual Rows": 6, "Actual Loops": 1, "Inner Unique": true, "Join Filter": "(mk.movie_id = t.id)", "Rows Removed by Join Filter": 0, "Plans": [{"Node Type": "Nested Loop", "Parent Relationship": "Outer", "Join Type": "Inner", "Startup Cost": 4.51, "Total Cost": 2652.83, "Plan Rows": 1, "Plan Width": 39, "Actual Startup Time": 2.651, "Actual Total Time": 49.565, "Actual Rows": 6, "Actual Loops": 1, "Inner Unique": true, "Plans": [{"Node Type": "Nested Loop", "Parent Relationship": "Outer", "Join Type": "Inner", "Startup Cost": 4.51, "Total Cost": 2594.27, "Plan Rows": 202, "Plan Width": 28, "Actual Startup Time": 1.11, "Actual Total Time": 42.722, "Actual Rows": 1242, "Actual Loops": 1, "Inner Unique": false, "Plans": [{"Node Type": "Nested Loop", "Parent Relationship": "Outer", "Join Type": "Inner", "Startup Cost": 4.51, "Total Cost": 2569.02, "Plan Rows": 33, "Plan Width": 20, "Actual Startup Time": 1.094, "Actual Total Time": 40.566, "Actual Rows": 14, "Actual Loops": 1, "Inner Unique": false, "Plans": [{"Node Type": "Seq Scan", "Parent Relationship": "Outer", "Relation Name": "keyword", "Alias": "k", "Startup Cost": 0.0, "Total Cost": 2436.11, "Plan Rows": 1, "Plan Width": 20, "Actual Startup Time": 1.054, "Actual Total Time": 40.487, "Actual Rows": 1, "Actual Loops": 1, "Filter": "((keyword)::text = 'marvel-cinematic-universe'::text)", "Rows Removed by Filter": 134168}, {"Node Type": "Bitmap Heap Scan", "Parent Relationship": "Inner", "Relation Name": "movie_keyword", "Alias": "mk", "Startup Cost": 4.51, "Total Cost": 132.58, "Plan Rows": 33, "Plan Width": 8, "Actual Startup Time": 0.033, "Actual Total Time": 0.066, "Actual Rows": 14, "Actual Loops": 1, "Recheck Cond": "(keyword_id = k.id)", "Rows Removed by Index Recheck": 0, "Exact Heap Blocks": 13, "Lossy Heap Blocks": 13, "Plans": [{"Node Type": "Bitmap Index Scan", "Parent Relationship": "Outer", "Index Name": "keyword_id_movie_keyword", "Startup Cost": 0.0, "Total Cost": 4.5, "Plan Rows": 33, "Plan Width": 0, "Actual Startup Time": 0.019, "Actual Total Time": 0.019, "Actual Rows": 14, "Actual Loops": 1, "Index Cond": "(keyword_id = k.id)"}]}]}, {"Node Type": "Index Scan", "Parent Relationship": "Inner", "Scan Direction": "Forward", "Index Name": "movie_id_cast_info", "Relation Name": "cast_info", "Alias": "ci", "Startup Cost": 0.0, "Total Cost": 0.7, "Plan Rows": 6, "Plan Width": 8, "Actual Startup Time": 0.166, "Actual Total Time": 1.857, "Actual Rows": 1242, "Actual Loops": 14, "Index Cond": "(movie_id = mk.movie_id)", "Rows Removed by Index Recheck": 0}]}, {"Node Type": "Index Scan", "Parent Relationship": "Inner", "Scan Direction": "Forward", "Index Name": "name_pkey", "Relation Name": "name", "Alias": "n", "Startup Cost": 0.0, "Total Cost": 0.28, "Plan Rows": 1, "Plan Width": 19, "Actual Startup Time": 6.233, "Actual Total Time": 6.233, "Actual Rows": 6, "Actual Loops": 1242, "Index Cond": "(id = ci.person_id)", "Rows Removed by Index Recheck": 0, "Filter": "((name)::text ~~ '%Downey%Robert%'::text)", "Rows Removed by Filter": 1236}]}, {"Node Type": "Index Scan", "Parent Relationship": "Inner", "Scan Direction": "Forward", "Index Name": "title_pkey", "Relation Name": "title", "Alias": "t", "Startup Cost": 0.0, "Total Cost": 0.28, "Plan Rows": 1, "Plan Width": 21, "Actual Startup Time": 0.047, "Actual Total Time": 0.047, "Actual Rows": 6, "Actual Loops": 6, "Index Cond": "(id = ci.movie_id)", "Rows Removed by Index Recheck": 0, "Filter": "(production_year > 2010)", "Rows Removed by Filter": 0}]}]}, "Triggers": [], "Planner Runtime": 8.753, "Total Runtime": 49.979, "Unique SQL Id": 4208751436}}, "(16, '113')": {"explain_plan": {"Plan": {"Node Type": "Aggregate", "Strategy": "Plain", "Startup Cost": 3399.73, "Total Cost": 3399.74, "Plan Rows": 1, "Plan Width": 144, "Plans": [{"Node Type": "Nested Loop", "Parent Relationship": "Outer", "Join Type": "Inner", "Startup Cost": 4.51, "Total Cost": 3399.72, "Plan Rows": 1, "Plan Width": 48, "Inner Unique": true, "Join Filter": "(mk.movie_id = t.id)", "Plans": [{"Node Type": "Nested Loop", "Parent Relationship": "Outer", "Join Type": "Inner", "Startup Cost": 4.51, "Total Cost": 3399.43, "Plan Rows": 1, "Plan Width": 39, "Inner Unique": true, "Plans": [{"Node Type": "Nested Loop", "Parent Relationship": "Outer", "Join Type": "Inner", "Startup Cost": 4.51, "Total Cost": 3340.87, "Plan Rows": 202, "Plan Width": 28, "Inner Unique": false, "Plans": [{"Node Type": "Nested Loop", "Parent Relationship": "Outer", "Join Type": "Inner", "Startup Cost": 4.51, "Total Cost": 3315.63, "Plan Rows": 33, "Plan Width": 20, "Inner Unique": false, "Plans": [{"Node Type": "Index Scan", "Parent Relationship": "Outer", "Scan Direction": "Forward", "Index Name": "keyword_pkey", "Relation Name": "keyword", "Alias": "k", "Startup Cost": 0.0, "Total Cost": 3182.72, "Plan Rows": 1, "Plan Width": 20, "Filter": "((keyword)::text = 'marvel-cinematic-universe'::text)"}, {"Node Type": "Bitmap Heap Scan", "Parent Relationship": "Inner", "Relation Name": "movie_keyword", "Alias": "mk", "Startup Cost": 4.51, "Total Cost": 132.58, "Plan Rows": 33, "Plan Width": 8, "Recheck Cond": "(keyword_id = k.id)", "Plans": [{"Node Type": "Bitmap Index Scan", "Parent Relationship": "Outer", "Index Name": "keyword_id_movie_keyword", "Startup Cost": 0.0, "Total Cost": 4.5, "Plan Rows": 33, "Plan Width": 0, "Index Cond": "(keyword_id = k.id)"}]}]}, {"Node Type": "Index Scan", "Parent Relationship": "Inner", "Scan Direction": "Forward", "Index Name": "movie_id_cast_info", "Relation Name": "cast_info", "Alias": "ci", "Startup Cost": 0.0, "Total Cost": 0.7, "Plan Rows": 6, "Plan Width": 8, "Index Cond": "(movie_id = mk.movie_id)"}]}, {"Node Type": "Index Scan", "Parent Relationship": "Inner", "Scan Direction": "Forward", "Index Name": "name_pkey", "Relation Name": "name", "Alias": "n", "Startup Cost": 0.0, "Total Cost": 0.28, "Plan Rows": 1, "Plan Width": 19, "Index Cond": "(id = ci.person_id)", "Filter": "((name)::text ~~ '%Downey%Robert%'::text)"}]}, {"Node Type": "Index Scan", "Parent Relationship": "Inner", "Scan Direction": "Forward", "Index Name": "title_pkey", "Relation Name": "title", "Alias": "t", "Startup Cost": 0.0, "Total Cost": 0.28, "Plan Rows": 1, "Plan Width": 21, "Index Cond": "(id = ci.movie_id)", "Filter": "(production_year > 2010)"}]}]}, "Unique SQL Id": 4208751436, "Planner Runtime": 2}, "explain_analyze_plan": {"Plan": {"Node Type": "Aggregate", "Strategy": "Plain", "Startup Cost": 3399.73, "Total Cost": 3399.74, "Plan Rows": 1, "Plan Width": 144, "Actual Startup Time": 130.05, "Actual Total Time": 130.051, "Actual Rows": 1, "Actual Loops": 1, "Plans": [{"Node Type": "Nested Loop", "Parent Relationship": "Outer", "Join Type": "Inner", "Startup Cost": 4.51, "Total Cost": 3399.72, "Plan Rows": 1, "Plan Width": 48, "Actual Startup Time": 9.062, "Actual Total Time": 130.018, "Actual Rows": 6, "Actual Loops": 1, "Inner Unique": true, "Join Filter": "(mk.movie_id = t.id)", "Rows Removed by Join Filter": 0, "Plans": [{"Node Type": "Nested Loop", "Parent Relationship": "Outer", "Join Type": "Inner", "Startup Cost": 4.51, "Total Cost": 3399.43, "Plan Rows": 1, "Plan Width": 39, "Actual Startup Time": 9.03, "Actual Total Time": 129.951, "Actual Rows": 6, "Actual Loops": 1, "Inner Unique": true, "Plans": [{"Node Type": "Nested Loop", "Parent Relationship": "Outer", "Join Type": "Inner", "Startup Cost": 4.51, "Total Cost": 3340.87, "Plan Rows": 202, "Plan Width": 28, "Actual Startup Time": 7.483, "Actual Total Time": 123.046, "Actual Rows": 1242, "Actual Loops": 1, "Inner Unique": false, "Plans": [{"Node Type": "Nested Loop", "Parent Relationship": "Outer", "Join Type": "Inner", "Startup Cost": 4.51, "Total Cost": 3315.63, "Plan Rows": 33, "Plan Width": 20, "Actual Startup Time": 7.468, "Actual Total Time": 120.867, "Actual Rows": 14, "Actual Loops": 1, "Inner Unique": false, "Plans": [{"Node Type": "Index Scan", "Parent Relationship": "Outer", "Scan Direction": "Forward", "Index Name": "keyword_pkey", "Relation Name": "keyword", "Alias": "k", "Startup Cost": 0.0, "Total Cost": 3182.72, "Plan Rows": 1, "Plan Width": 20, "Actual Startup Time": 7.433, "Actual Total Time": 120.793, "Actual Rows": 1, "Actual Loops": 1, "Filter": "((keyword)::text = 'marvel-cinematic-universe'::text)", "Rows Removed by Filter": 134168}, {"Node Type": "Bitmap Heap Scan", "Parent Relationship": "Inner", "Relation Name": "movie_keyword", "Alias": "mk", "Startup Cost": 4.51, "Total Cost": 132.58, "Plan Rows": 33, "Plan Width": 8, "Actual Startup Time": 0.027, "Actual Total Time": 0.06, "Actual Rows": 14, "Actual Loops": 1, "Recheck Cond": "(keyword_id = k.id)", "Rows Removed by Index Recheck": 0, "Exact Heap Blocks": 13, "Lossy Heap Blocks": 13, "Plans": [{"Node Type": "Bitmap Index Scan", "Parent Relationship": "Outer", "Index Name": "keyword_id_movie_keyword", "Startup Cost": 0.0, "Total Cost": 4.5, "Plan Rows": 33, "Plan Width": 0, "Actual Startup Time": 0.015, "Actual Total Time": 0.015, "Actual Rows": 14, "Actual Loops": 1, "Index Cond": "(keyword_id = k.id)"}]}]}, {"Node Type": "Index Scan", "Parent Relationship": "Inner", "Scan Direction": "Forward", "Index Name": "movie_id_cast_info", "Relation Name": "cast_info", "Alias": "ci", "Startup Cost": 0.0, "Total Cost": 0.7, "Plan Rows": 6, "Plan Width": 8, "Actual Startup Time": 0.166, "Actual Total Time": 1.85, "Actual Rows": 1242, "Actual Loops": 14, "Index Cond": "(movie_id = mk.movie_id)", "Rows Removed by Index Recheck": 0}]}, {"Node Type": "Index Scan", "Parent Relationship": "Inner", "Scan Direction": "Forward", "Index Name": "name_pkey", "Relation Name": "name", "Alias": "n", "Startup Cost": 0.0, "Total Cost": 0.28, "Plan Rows": 1, "Plan Width": 19, "Actual Startup Time": 6.274, "Actual Total Time": 6.274, "Actual Rows": 6, "Actual Loops": 1242, "Index Cond": "(id = ci.person_id)", "Rows Removed by Index Recheck": 0, "Filter": "((name)::text ~~ '%Downey%Robert%'::text)", "Rows Removed by Filter": 1236}]}, {"Node Type": "Index Scan", "Parent Relationship": "Inner", "Scan Direction": "Forward", "Index Name": "title_pkey", "Relation Name": "title", "Alias": "t", "Startup Cost": 0.0, "Total Cost": 0.28, "Plan Rows": 1, "Plan Width": 21, "Actual Startup Time": 0.045, "Actual Total Time": 0.045, "Actual Rows": 6, "Actual Loops": 6, "Index Cond": "(id = ci.movie_id)", "Rows Removed by Index Recheck": 0, "Filter": "(production_year > 2010)", "Rows Removed by Filter": 0}]}]}, "Triggers": [], "Planner Runtime": 9.763, "Total Runtime": 130.32, "Unique SQL Id": 4208751436}}, "(16, '114')": {"explain_plan": {"Plan": {"Node Type": "Aggregate", "Strategy": "Plain", "Startup Cost": 3589.09, "Total Cost": 3589.1, "Plan Rows": 1, "Plan Width": 144, "Plans": [{"Node Type": "Nested Loop", "Parent Relationship": "Outer", "Join Type": "Inner", "Startup Cost": 5.44, "Total Cost": 3589.09, "Plan Rows": 1, "Plan Width": 48, "Inner Unique": true, "Join Filter": "(mk.movie_id = t.id)", "Plans": [{"Node Type": "Nested Loop", "Parent Relationship": "Outer", "Join Type": "Inner", "Startup Cost": 5.19, "Total Cost": 3584.8, "Plan Rows": 1, "Plan Width": 39, "Inner Unique": true, "Plans": [{"Node Type": "Nested Loop", "Parent Relationship": "Outer", "Join Type": "Inner", "Startup Cost": 4.93, "Total Cost": 2719.34, "Plan Rows": 202, "Plan Width": 28, "Inner Unique": false, "Plans": [{"Node Type": "Nested Loop", "Parent Relationship": "Outer", "Join Type": "Inner", "Startup Cost": 4.51, "Total Cost": 2569.02, "Plan Rows": 33, "Plan Width": 20, "Inner Unique": false, "Plans": [{"Node Type": "Seq Scan", "Parent Relationship": "Outer", "Relation Name": "keyword", "Alias": "k", "Startup Cost": 0.0, "Total Cost": 2436.11, "Plan Rows": 1, "Plan Width": 20, "Filter": "((keyword)::text = 'marvel-cinematic-universe'::text)"}, {"Node Type": "Bitmap Heap Scan", "Parent Relationship": "Inner", "Relation Name": "movie_keyword", "Alias": "mk", "Startup Cost": 4.51, "Total Cost": 132.58, "Plan Rows": 33, "Plan Width": 8, "Recheck Cond": "(keyword_id = k.id)", "Plans": [{"Node Type": "Bitmap Index Scan", "Parent Relationship": "Outer", "Index Name": "keyword_id_movie_keyword", "Startup Cost": 0.0, "Total Cost": 4.5, "Plan Rows": 33, "Plan Width": 0, "Index Cond": "(keyword_id = k.id)"}]}]}, {"Node Type": "Bitmap Heap Scan", "Parent Relationship": "Inner", "Relation Name": "cast_info", "Alias": "ci", "Startup Cost": 0.42, "Total Cost": 4.49, "Plan Rows": 6, "Plan Width": 8, "Recheck Cond": "(movie_id = mk.movie_id)", "Plans": [{"Node Type": "Bitmap Index Scan", "Parent Relationship": "Outer", "Index Name": "movie_id_cast_info", "Startup Cost": 0.0, "Total Cost": 0.42, "Plan Rows": 6, "Plan Width": 0, "Index Cond": "(movie_id = mk.movie_id)"}]}]}, {"Node Type": "Bitmap Heap Scan", "Parent Relationship": "Inner", "Relation Name": "name", "Alias": "n", "Startup Cost": 0.26, "Total Cost": 4.27, "Plan Rows": 1, "Plan Width": 19, "Recheck Cond": "(id = ci.person_id)", "Filter": "((name)::text ~~ '%Downey%Robert%'::text)", "Plans": [{"Node Type": "Bitmap Index Scan", "Parent Relationship": "Outer", "Index Name": "name_pkey", "Startup Cost": 0.0, "Total Cost": 0.26, "Plan Rows": 1, "Plan Width": 0, "Index Cond": "(id = ci.person_id)"}]}]}, {"Node Type": "Bitmap Heap Scan", "Parent Relationship": "Inner", "Relation Name": "title", "Alias": "t", "Startup Cost": 0.26, "Total Cost": 4.27, "Plan Rows": 1, "Plan Width": 21, "Recheck Cond": "(id = ci.movie_id)", "Filter": "(production_year > 2010)", "Plans": [{"Node Type": "Bitmap Index Scan", "Parent Relationship": "Outer", "Index Name": "title_pkey", "Startup Cost": 0.0, "Total Cost": 0.26, "Plan Rows": 1, "Plan Width": 0, "Index Cond": "(id = ci.movie_id)"}]}]}]}, "Unique SQL Id": 4208751436, "Planner Runtime": 3}, "explain_analyze_plan": {"Plan": {"Node Type": "Aggregate", "Strategy": "Plain", "Startup Cost": 3589.09, "Total Cost": 3589.1, "Plan Rows": 1, "Plan Width": 144, "Actual Startup Time": 53.753, "Actual Total Time": 53.753, "Actual Rows": 1, "Actual Loops": 1, "Plans": [{"Node Type": "Nested Loop", "Parent Relationship": "Outer", "Join Type": "Inner", "Startup Cost": 5.44, "Total Cost": 3589.09, "Plan Rows": 1, "Plan Width": 48, "Actual Startup Time": 3.484, "Actual Total Time": 53.714, "Actual Rows": 6, "Actual Loops": 1, "Inner Unique": true, "Join Filter": "(mk.movie_id = t.id)", "Rows Removed by Join Filter": 0, "Plans": [{"Node Type": "Nested Loop", "Parent Relationship": "Outer", "Join Type": "Inner", "Startup Cost": 5.19, "Total Cost": 3584.8, "Plan Rows": 1, "Plan Width": 39, "Actual Startup Time": 3.465, "Actual Total Time": 53.648, "Actual Rows": 6, "Actual Loops": 1, "Inner Unique": true, "Plans": [{"Node Type": "Nested Loop", "Parent Relationship": "Outer", "Join Type": "Inner", "Startup Cost": 4.93, "Total Cost": 2719.34, "Plan Rows": 202, "Plan Width": 28, "Actual Startup Time": 1.158, "Actual Total Time": 44.383, "Actual Rows": 1242, "Actual Loops": 1, "Inner Unique": false, "Plans": [{"Node Type": "Nested Loop", "Parent Relationship": "Outer", "Join Type": "Inner", "Startup Cost": 4.51, "Total Cost": 2569.02, "Plan Rows": 33, "Plan Width": 20, "Actual Startup Time": 1.127, "Actual Total Time": 41.171, "Actual Rows": 14, "Actual Loops": 1, "Inner Unique": false, "Plans": [{"Node Type": "Seq Scan", "Parent Relationship": "Outer", "Relation Name": "keyword", "Alias": "k", "Startup Cost": 0.0, "Total Cost": 2436.11, "Plan Rows": 1, "Plan Width": 20, "Actual Startup Time": 1.072, "Actual Total Time": 41.077, "Actual Rows": 1, "Actual Loops": 1, "Filter": "((keyword)::text = 'marvel-cinematic-universe'::text)", "Rows Removed by Filter": 134168}, {"Node Type": "Bitmap Heap Scan", "Parent Relationship": "Inner", "Relation Name": "movie_keyword", "Alias": "mk", "Startup Cost": 4.51, "Total Cost": 132.58, "Plan Rows": 33, "Plan Width": 8, "Actual Startup Time": 0.048, "Actual Total Time": 0.077, "Actual Rows": 14, "Actual Loops": 1, "Recheck Cond": "(keyword_id = k.id)", "Rows Removed by Index Recheck": 0, "Exact Heap Blocks": 13, "Lossy Heap Blocks": 13, "Plans": [{"Node Type": "Bitmap Index Scan", "Parent Relationship": "Outer", "Index Name": "keyword_id_movie_keyword", "Startup Cost": 0.0, "Total Cost": 4.5, "Plan Rows": 33, "Plan Width": 0, "Actual Startup Time": 0.03, "Actual Total Time": 0.03, "Actual Rows": 14, "Actual Loops": 1, "Index Cond": "(keyword_id = k.id)"}]}]}, {"Node Type": "Bitmap Heap Scan", "Parent Relationship": "Inner", "Relation Name": "cast_info", "Alias": "ci", "Startup Cost": 0.42, "Total Cost": 4.49, "Plan Rows": 6, "Plan Width": 8, "Actual Startup Time": 0.635, "Actual Total Time": 2.839, "Actual Rows": 1242, "Actual Loops": 14, "Recheck Cond": "(movie_id = mk.movie_id)", "Rows Removed by Index Recheck": 0, "Exact Heap Blocks": 1184, "Lossy Heap Blocks": 1184, "Plans": [{"Node Type": "Bitmap Index Scan", "Parent Relationship": "Outer", "Index Name": "movie_id_cast_info", "Startup Cost": 0.0, "Total Cost": 0.42, "Plan Rows": 6, "Plan Width": 0, "Actual Startup Time": 0.408, "Actual Total Time": 0.408, "Actual Rows": 1242, "Actual Loops": 14, "Index Cond": "(movie_id = mk.movie_id)"}]}]}, {"Node Type": "Bitmap Heap Scan", "Parent Relationship": "Inner", "Relation Name": "name", "Alias": "n", "Startup Cost": 0.26, "Total Cost": 4.27, "Plan Rows": 1, "Plan Width": 19, "Actual Startup Time": 7.861, "Actual Total Time": 7.861, "Actual Rows": 6, "Actual Loops": 1242, "Recheck Cond": "(id = ci.person_id)", "Rows Removed by Index Recheck": 0, "Filter": "((name)::text ~~ '%Downey%Robert%'::text)", "Rows Removed by Filter": 1236, "Exact Heap Blocks": 1242, "Lossy Heap Blocks": 1242, "Plans": [{"Node Type": "Bitmap Index Scan", "Parent Relationship": "Outer", "Index Name": "name_pkey", "Startup Cost": 0.0, "Total Cost": 0.26, "Plan Rows": 1, "Plan Width": 0, "Actual Startup Time": 4.728, "Actual Total Time": 4.728, "Actual Rows": 1242, "Actual Loops": 1242, "Index Cond": "(id = ci.person_id)"}]}]}, {"Node Type": "Bitmap Heap Scan", "Parent Relationship": "Inner", "Relation Name": "title", "Alias": "t", "Startup Cost": 0.26, "Total Cost": 4.27, "Plan Rows": 1, "Plan Width": 21, "Actual Startup Time": 0.048, "Actual Total Time": 0.048, "Actual Rows": 6, "Actual Loops": 6, "Recheck Cond": "(id = ci.movie_id)", "Rows Removed by Index Recheck": 0, "Filter": "(production_year > 2010)", "Rows Removed by Filter": 0, "Exact Heap Blocks": 6, "Lossy Heap Blocks": 6, "Plans": [{"Node Type": "Bitmap Index Scan", "Parent Relationship": "Outer", "Index Name": "title_pkey", "Startup Cost": 0.0, "Total Cost": 0.26, "Plan Rows": 1, "Plan Width": 0, "Actual Startup Time": 0.026, "Actual Total Time": 0.026, "Actual Rows": 6, "Actual Loops": 6, "Index Cond": "(id = ci.movie_id)"}]}]}]}, "Triggers": [], "Planner Runtime": 9.755, "Total Runtime": 54.031, "Unique SQL Id": 4208751436}}, "(16, '115')": {"explain_plan": {"Plan": {"Node Type": "Aggregate", "Strategy": "Plain", "Startup Cost": 4308.19, "Total Cost": 4308.2, "Plan Rows": 1, "Plan Width": 144, "Plans": [{"Node Type": "Nested Loop", "Parent Relationship": "Outer", "Join Type": "Inner", "Startup Cost": 724.54, "Total Cost": 4308.18, "Plan Rows": 1, "Plan Width": 48, "Inner Unique": true, "Join Filter": "(mk.movie_id = t.id)", "Plans": [{"Node Type": "Nested Loop", "Parent Relationship": "Outer", "Join Type": "Inner", "Startup Cost": 724.28, "Total Cost": 4303.89, "Plan Rows": 1, "Plan Width": 39, "Inner Unique": true, "Plans": [{"Node Type": "Nested Loop", "Parent Relationship": "Outer", "Join Type": "Inner", "Startup Cost": 724.02, "Total Cost": 3438.43, "Plan Rows": 202, "Plan Width": 28, "Inner Unique": false, "Plans": [{"Node Type": "Nested Loop", "Parent Relationship": "Outer", "Join Type": "Inner", "Startup Cost": 723.6, "Total Cost": 3288.12, "Plan Rows": 33, "Plan Width": 20, "Inner Unique": false, "Plans": [{"Node Type": "Bitmap Heap Scan", "Parent Relationship": "Outer", "Relation Name": "keyword", "Alias": "k", "Startup Cost": 719.1, "Total Cost": 3155.21, "Plan Rows": 1, "Plan Width": 20, "Filter": "((keyword)::text = 'marvel-cinematic-universe'::text)", "Plans": [{"Node Type": "Bitmap Index Scan", "Parent Relationship": "Outer", "Index Name": "keyword_pkey", "Startup Cost": 0.0, "Total Cost": 719.1, "Plan Rows": 134169, "Plan Width": 0}]}, {"Node Type": "Bitmap Heap Scan", "Parent Relationship": "Inner", "Relation Name": "movie_keyword", "Alias": "mk", "Startup Cost": 4.51, "Total Cost": 132.58, "Plan Rows": 33, "Plan Width": 8, "Recheck Cond": "(keyword_id = k.id)", "Plans": [{"Node Type": "Bitmap Index Scan", "Parent Relationship": "Outer", "Index Name": "keyword_id_movie_keyword", "Startup Cost": 0.0, "Total Cost": 4.5, "Plan Rows": 33, "Plan Width": 0, "Index Cond": "(keyword_id = k.id)"}]}]}, {"Node Type": "Bitmap Heap Scan", "Parent Relationship": "Inner", "Relation Name": "cast_info", "Alias": "ci", "Startup Cost": 0.42, "Total Cost": 4.49, "Plan Rows": 6, "Plan Width": 8, "Recheck Cond": "(movie_id = mk.movie_id)", "Plans": [{"Node Type": "Bitmap Index Scan", "Parent Relationship": "Outer", "Index Name": "movie_id_cast_info", "Startup Cost": 0.0, "Total Cost": 0.42, "Plan Rows": 6, "Plan Width": 0, "Index Cond": "(movie_id = mk.movie_id)"}]}]}, {"Node Type": "Bitmap Heap Scan", "Parent Relationship": "Inner", "Relation Name": "name", "Alias": "n", "Startup Cost": 0.26, "Total Cost": 4.27, "Plan Rows": 1, "Plan Width": 19, "Recheck Cond": "(id = ci.person_id)", "Filter": "((name)::text ~~ '%Downey%Robert%'::text)", "Plans": [{"Node Type": "Bitmap Index Scan", "Parent Relationship": "Outer", "Index Name": "name_pkey", "Startup Cost": 0.0, "Total Cost": 0.26, "Plan Rows": 1, "Plan Width": 0, "Index Cond": "(id = ci.person_id)"}]}]}, {"Node Type": "Bitmap Heap Scan", "Parent Relationship": "Inner", "Relation Name": "title", "Alias": "t", "Startup Cost": 0.26, "Total Cost": 4.27, "Plan Rows": 1, "Plan Width": 21, "Recheck Cond": "(id = ci.movie_id)", "Filter": "(production_year > 2010)", "Plans": [{"Node Type": "Bitmap Index Scan", "Parent Relationship": "Outer", "Index Name": "title_pkey", "Startup Cost": 0.0, "Total Cost": 0.26, "Plan Rows": 1, "Plan Width": 0, "Index Cond": "(id = ci.movie_id)"}]}]}]}, "Unique SQL Id": 4208751436, "Planner Runtime": 1}, "explain_analyze_plan": {"Plan": {"Node Type": "Aggregate", "Strategy": "Plain", "Startup Cost": 4308.19, "Total Cost": 4308.2, "Plan Rows": 1, "Plan Width": 144, "Actual Startup Time": 75.88, "Actual Total Time": 75.881, "Actual Rows": 1, "Actual Loops": 1, "Plans": [{"Node Type": "Nested Loop", "Parent Relationship": "Outer", "Join Type": "Inner", "Startup Cost": 724.54, "Total Cost": 4308.18, "Plan Rows": 1, "Plan Width": 48, "Actual Startup Time": 14.628, "Actual Total Time": 75.845, "Actual Rows": 6, "Actual Loops": 1, "Inner Unique": true, "Join Filter": "(mk.movie_id = t.id)", "Rows Removed by Join Filter": 0, "Plans": [{"Node Type": "Nested Loop", "Parent Relationship": "Outer", "Join Type": "Inner", "Startup Cost": 724.28, "Total Cost": 4303.89, "Plan Rows": 1, "Plan Width": 39, "Actual Startup Time": 14.603, "Actual Total Time": 75.774, "Actual Rows": 6, "Actual Loops": 1, "Inner Unique": true, "Plans": [{"Node Type": "Nested Loop", "Parent Relationship": "Outer", "Join Type": "Inner", "Startup Cost": 724.02, "Total Cost": 3438.43, "Plan Rows": 202, "Plan Width": 28, "Actual Startup Time": 12.29, "Actual Total Time": 66.474, "Actual Rows": 1242, "Actual Loops": 1, "Inner Unique": false, "Plans": [{"Node Type": "Nested Loop", "Parent Relationship": "Outer", "Join Type": "Inner", "Startup Cost": 723.6, "Total Cost": 3288.12, "Plan Rows": 33, "Plan Width": 20, "Actual Startup Time": 12.259, "Actual Total Time": 63.243, "Actual Rows": 14, "Actual Loops": 1, "Inner Unique": false, "Plans": [{"Node Type": "Bitmap Heap Scan", "Parent Relationship": "Outer", "Relation Name": "keyword", "Alias": "k", "Startup Cost": 719.1, "Total Cost": 3155.21, "Plan Rows": 1, "Plan Width": 20, "Actual Startup Time": 12.222, "Actual Total Time": 63.169, "Actual Rows": 1, "Actual Loops": 1, "Filter": "((keyword)::text = 'marvel-cinematic-universe'::text)", "Rows Removed by Filter": 134168, "Exact Heap Blocks": 759, "Lossy Heap Blocks": 759, "Plans": [{"Node Type": "Bitmap Index Scan", "Parent Relationship": "Outer", "Index Name": "keyword_pkey", "Startup Cost": 0.0, "Total Cost": 719.1, "Plan Rows": 134169, "Plan Width": 0, "Actual Startup Time": 10.757, "Actual Total Time": 10.757, "Actual Rows": 134169, "Actual Loops": 1}]}, {"Node Type": "Bitmap Heap Scan", "Parent Relationship": "Inner", "Relation Name": "movie_keyword", "Alias": "mk", "Startup Cost": 4.51, "Total Cost": 132.58, "Plan Rows": 33, "Plan Width": 8, "Actual Startup Time": 0.026, "Actual Total Time": 0.055, "Actual Rows": 14, "Actual Loops": 1, "Recheck Cond": "(keyword_id = k.id)", "Rows Removed by Index Recheck": 0, "Exact Heap Blocks": 13, "Lossy Heap Blocks": 13, "Plans": [{"Node Type": "Bitmap Index Scan", "Parent Relationship": "Outer", "Index Name": "keyword_id_movie_keyword", "Startup Cost": 0.0, "Total Cost": 4.5, "Plan Rows": 33, "Plan Width": 0, "Actual Startup Time": 0.017, "Actual Total Time": 0.017, "Actual Rows": 14, "Actual Loops": 1, "Index Cond": "(keyword_id = k.id)"}]}]}, {"Node Type": "Bitmap Heap Scan", "Parent Relationship": "Inner", "Relation Name": "cast_info", "Alias": "ci", "Startup Cost": 0.42, "Total Cost": 4.49, "Plan Rows": 6, "Plan Width": 8, "Actual Startup Time": 0.619, "Actual Total Time": 2.869, "Actual Rows": 1242, "Actual Loops": 14, "Recheck Cond": "(movie_id = mk.movie_id)", "Rows Removed by Index Recheck": 0, "Exact Heap Blocks": 1184, "Lossy Heap Blocks": 1184, "Plans": [{"Node Type": "Bitmap Index Scan", "Parent Relationship": "Outer", "Index Name": "movie_id_cast_info", "Startup Cost": 0.0, "Total Cost": 0.42, "Plan Rows": 6, "Plan Width": 0, "Actual Startup Time": 0.399, "Actual Total Time": 0.399, "Actual Rows": 1242, "Actual Loops": 14, "Index Cond": "(movie_id = mk.movie_id)"}]}]}, {"Node Type": "Bitmap Heap Scan", "Parent Relationship": "Inner", "Relation Name": "name", "Alias": "n", "Startup Cost": 0.26, "Total Cost": 4.27, "Plan Rows": 1, "Plan Width": 19, "Actual Startup Time": 7.886, "Actual Total Time": 7.886, "Actual Rows": 6, "Actual Loops": 1242, "Recheck Cond": "(id = ci.person_id)", "Rows Removed by Index Recheck": 0, "Filter": "((name)::text ~~ '%Downey%Robert%'::text)", "Rows Removed by Filter": 1236, "Exact Heap Blocks": 1242, "Lossy Heap Blocks": 1242, "Plans": [{"Node Type": "Bitmap Index Scan", "Parent Relationship": "Outer", "Index Name": "name_pkey", "Startup Cost": 0.0, "Total Cost": 0.26, "Plan Rows": 1, "Plan Width": 0, "Actual Startup Time": 4.757, "Actual Total Time": 4.757, "Actual Rows": 1242, "Actual Loops": 1242, "Index Cond": "(id = ci.person_id)"}]}]}, {"Node Type": "Bitmap Heap Scan", "Parent Relationship": "Inner", "Relation Name": "title", "Alias": "t", "Startup Cost": 0.26, "Total Cost": 4.27, "Plan Rows": 1, "Plan Width": 21, "Actual Startup Time": 0.051, "Actual Total Time": 0.051, "Actual Rows": 6, "Actual Loops": 6, "Recheck Cond": "(id = ci.movie_id)", "Rows Removed by Index Recheck": 0, "Filter": "(production_year > 2010)", "Rows Removed by Filter": 0, "Exact Heap Blocks": 6, "Lossy Heap Blocks": 6, "Plans": [{"Node Type": "Bitmap Index Scan", "Parent Relationship": "Outer", "Index Name": "title_pkey", "Startup Cost": 0.0, "Total Cost": 0.26, "Plan Rows": 1, "Plan Width": 0, "Actual Startup Time": 0.028, "Actual Total Time": 0.028, "Actual Rows": 6, "Actual Loops": 6, "Index Cond": "(id = ci.movie_id)"}]}]}]}, "Triggers": [], "Planner Runtime": 2.651, "Total Runtime": 76.201, "Unique SQL Id": 4208751436}}, "(16, '116')": {"explain_plan": {"Plan": {"Node Type": "Aggregate", "Strategy": "Plain", "Startup Cost": 2653.12, "Total Cost": 2653.13, "Plan Rows": 1, "Plan Width": 144, "Plans": [{"Node Type": "Nested Loop", "Parent Relationship": "Outer", "Join Type": "Inner", "Startup Cost": 4.51, "Total Cost": 2653.12, "Plan Rows": 1, "Plan Width": 48, "Inner Unique": true, "Join Filter": "(mk.movie_id = t.id)", "Plans": [{"Node Type": "Nested Loop", "Parent Relationship": "Outer", "Join Type": "Inner", "Startup Cost": 4.51, "Total Cost": 2652.83, "Plan Rows": 1, "Plan Width": 39, "Inner Unique": true, "Plans": [{"Node Type": "Nested Loop", "Parent Relationship": "Outer", "Join Type": "Inner", "Startup Cost": 4.51, "Total Cost": 2594.27, "Plan Rows": 202, "Plan Width": 28, "Inner Unique": false, "Plans": [{"Node Type": "Nested Loop", "Parent Relationship": "Outer", "Join Type": "Inner", "Startup Cost": 4.51, "Total Cost": 2569.02, "Plan Rows": 33, "Plan Width": 20, "Inner Unique": false, "Plans": [{"Node Type": "Seq Scan", "Parent Relationship": "Outer", "Relation Name": "keyword", "Alias": "k", "Startup Cost": 0.0, "Total Cost": 2436.11, "Plan Rows": 1, "Plan Width": 20, "Filter": "((keyword)::text = 'marvel-cinematic-universe'::text)"}, {"Node Type": "Bitmap Heap Scan", "Parent Relationship": "Inner", "Relation Name": "movie_keyword", "Alias": "mk", "Startup Cost": 4.51, "Total Cost": 132.58, "Plan Rows": 33, "Plan Width": 8, "Recheck Cond": "(keyword_id = k.id)", "Plans": [{"Node Type": "Bitmap Index Scan", "Parent Relationship": "Outer", "Index Name": "keyword_id_movie_keyword", "Startup Cost": 0.0, "Total Cost": 4.5, "Plan Rows": 33, "Plan Width": 0, "Index Cond": "(keyword_id = k.id)"}]}]}, {"Node Type": "Index Scan", "Parent Relationship": "Inner", "Scan Direction": "Forward", "Index Name": "movie_id_cast_info", "Relation Name": "cast_info", "Alias": "ci", "Startup Cost": 0.0, "Total Cost": 0.7, "Plan Rows": 6, "Plan Width": 8, "Index Cond": "(movie_id = mk.movie_id)"}]}, {"Node Type": "Index Scan", "Parent Relationship": "Inner", "Scan Direction": "Forward", "Index Name": "name_pkey", "Relation Name": "name", "Alias": "n", "Startup Cost": 0.0, "Total Cost": 0.28, "Plan Rows": 1, "Plan Width": 19, "Index Cond": "(id = ci.person_id)", "Filter": "((name)::text ~~ '%Downey%Robert%'::text)"}]}, {"Node Type": "Index Scan", "Parent Relationship": "Inner", "Scan Direction": "Forward", "Index Name": "title_pkey", "Relation Name": "title", "Alias": "t", "Startup Cost": 0.0, "Total Cost": 0.28, "Plan Rows": 1, "Plan Width": 21, "Index Cond": "(id = ci.movie_id)", "Filter": "(production_year > 2010)"}]}]}, "Unique SQL Id": 4208751436, "Planner Runtime": 2}, "explain_analyze_plan": {"Plan": {"Node Type": "Aggregate", "Strategy": "Plain", "Startup Cost": 2653.12, "Total Cost": 2653.13, "Plan Rows": 1, "Plan Width": 144, "Actual Startup Time": 49.672, "Actual Total Time": 49.672, "Actual Rows": 1, "Actual Loops": 1, "Plans": [{"Node Type": "Nested Loop", "Parent Relationship": "Outer", "Join Type": "Inner", "Startup Cost": 4.51, "Total Cost": 2653.12, "Plan Rows": 1, "Plan Width": 48, "Actual Startup Time": 2.684, "Actual Total Time": 49.638, "Actual Rows": 6, "Actual Loops": 1, "Inner Unique": true, "Join Filter": "(mk.movie_id = t.id)", "Rows Removed by Join Filter": 0, "Plans": [{"Node Type": "Nested Loop", "Parent Relationship": "Outer", "Join Type": "Inner", "Startup Cost": 4.51, "Total Cost": 2652.83, "Plan Rows": 1, "Plan Width": 39, "Actual Startup Time": 2.651, "Actual Total Time": 49.565, "Actual Rows": 6, "Actual Loops": 1, "Inner Unique": true, "Plans": [{"Node Type": "Nested Loop", "Parent Relationship": "Outer", "Join Type": "Inner", "Startup Cost": 4.51, "Total Cost": 2594.27, "Plan Rows": 202, "Plan Width": 28, "Actual Startup Time": 1.11, "Actual Total Time": 42.722, "Actual Rows": 1242, "Actual Loops": 1, "Inner Unique": false, "Plans": [{"Node Type": "Nested Loop", "Parent Relationship": "Outer", "Join Type": "Inner", "Startup Cost": 4.51, "Total Cost": 2569.02, "Plan Rows": 33, "Plan Width": 20, "Actual Startup Time": 1.094, "Actual Total Time": 40.566, "Actual Rows": 14, "Actual Loops": 1, "Inner Unique": false, "Plans": [{"Node Type": "Seq Scan", "Parent Relationship": "Outer", "Relation Name": "keyword", "Alias": "k", "Startup Cost": 0.0, "Total Cost": 2436.11, "Plan Rows": 1, "Plan Width": 20, "Actual Startup Time": 1.054, "Actual Total Time": 40.487, "Actual Rows": 1, "Actual Loops": 1, "Filter": "((keyword)::text = 'marvel-cinematic-universe'::text)", "Rows Removed by Filter": 134168}, {"Node Type": "Bitmap Heap Scan", "Parent Relationship": "Inner", "Relation Name": "movie_keyword", "Alias": "mk", "Startup Cost": 4.51, "Total Cost": 132.58, "Plan Rows": 33, "Plan Width": 8, "Actual Startup Time": 0.033, "Actual Total Time": 0.066, "Actual Rows": 14, "Actual Loops": 1, "Recheck Cond": "(keyword_id = k.id)", "Rows Removed by Index Recheck": 0, "Exact Heap Blocks": 13, "Lossy Heap Blocks": 13, "Plans": [{"Node Type": "Bitmap Index Scan", "Parent Relationship": "Outer", "Index Name": "keyword_id_movie_keyword", "Startup Cost": 0.0, "Total Cost": 4.5, "Plan Rows": 33, "Plan Width": 0, "Actual Startup Time": 0.019, "Actual Total Time": 0.019, "Actual Rows": 14, "Actual Loops": 1, "Index Cond": "(keyword_id = k.id)"}]}]}, {"Node Type": "Index Scan", "Parent Relationship": "Inner", "Scan Direction": "Forward", "Index Name": "movie_id_cast_info", "Relation Name": "cast_info", "Alias": "ci", "Startup Cost": 0.0, "Total Cost": 0.7, "Plan Rows": 6, "Plan Width": 8, "Actual Startup Time": 0.166, "Actual Total Time": 1.857, "Actual Rows": 1242, "Actual Loops": 14, "Index Cond": "(movie_id = mk.movie_id)", "Rows Removed by Index Recheck": 0}]}, {"Node Type": "Index Scan", "Parent Relationship": "Inner", "Scan Direction": "Forward", "Index Name": "name_pkey", "Relation Name": "name", "Alias": "n", "Startup Cost": 0.0, "Total Cost": 0.28, "Plan Rows": 1, "Plan Width": 19, "Actual Startup Time": 6.233, "Actual Total Time": 6.233, "Actual Rows": 6, "Actual Loops": 1242, "Index Cond": "(id = ci.person_id)", "Rows Removed by Index Recheck": 0, "Filter": "((name)::text ~~ '%Downey%Robert%'::text)", "Rows Removed by Filter": 1236}]}, {"Node Type": "Index Scan", "Parent Relationship": "Inner", "Scan Direction": "Forward", "Index Name": "title_pkey", "Relation Name": "title", "Alias": "t", "Startup Cost": 0.0, "Total Cost": 0.28, "Plan Rows": 1, "Plan Width": 21, "Actual Startup Time": 0.047, "Actual Total Time": 0.047, "Actual Rows": 6, "Actual Loops": 6, "Index Cond": "(id = ci.movie_id)", "Rows Removed by Index Recheck": 0, "Filter": "(production_year > 2010)", "Rows Removed by Filter": 0}]}]}, "Triggers": [], "Planner Runtime": 8.753, "Total Runtime": 49.979, "Unique SQL Id": 4208751436}}, "(16, '117')": {"explain_plan": {"Plan": {"Node Type": "Aggregate", "Strategy": "Plain", "Startup Cost": 3399.73, "Total Cost": 3399.74, "Plan Rows": 1, "Plan Width": 144, "Plans": [{"Node Type": "Nested Loop", "Parent Relationship": "Outer", "Join Type": "Inner", "Startup Cost": 4.51, "Total Cost": 3399.72, "Plan Rows": 1, "Plan Width": 48, "Inner Unique": true, "Join Filter": "(mk.movie_id = t.id)", "Plans": [{"Node Type": "Nested Loop", "Parent Relationship": "Outer", "Join Type": "Inner", "Startup Cost": 4.51, "Total Cost": 3399.43, "Plan Rows": 1, "Plan Width": 39, "Inner Unique": true, "Plans": [{"Node Type": "Nested Loop", "Parent Relationship": "Outer", "Join Type": "Inner", "Startup Cost": 4.51, "Total Cost": 3340.87, "Plan Rows": 202, "Plan Width": 28, "Inner Unique": false, "Plans": [{"Node Type": "Nested Loop", "Parent Relationship": "Outer", "Join Type": "Inner", "Startup Cost": 4.51, "Total Cost": 3315.63, "Plan Rows": 33, "Plan Width": 20, "Inner Unique": false, "Plans": [{"Node Type": "Index Scan", "Parent Relationship": "Outer", "Scan Direction": "Forward", "Index Name": "keyword_pkey", "Relation Name": "keyword", "Alias": "k", "Startup Cost": 0.0, "Total Cost": 3182.72, "Plan Rows": 1, "Plan Width": 20, "Filter": "((keyword)::text = 'marvel-cinematic-universe'::text)"}, {"Node Type": "Bitmap Heap Scan", "Parent Relationship": "Inner", "Relation Name": "movie_keyword", "Alias": "mk", "Startup Cost": 4.51, "Total Cost": 132.58, "Plan Rows": 33, "Plan Width": 8, "Recheck Cond": "(keyword_id = k.id)", "Plans": [{"Node Type": "Bitmap Index Scan", "Parent Relationship": "Outer", "Index Name": "keyword_id_movie_keyword", "Startup Cost": 0.0, "Total Cost": 4.5, "Plan Rows": 33, "Plan Width": 0, "Index Cond": "(keyword_id = k.id)"}]}]}, {"Node Type": "Index Scan", "Parent Relationship": "Inner", "Scan Direction": "Forward", "Index Name": "movie_id_cast_info", "Relation Name": "cast_info", "Alias": "ci", "Startup Cost": 0.0, "Total Cost": 0.7, "Plan Rows": 6, "Plan Width": 8, "Index Cond": "(movie_id = mk.movie_id)"}]}, {"Node Type": "Index Scan", "Parent Relationship": "Inner", "Scan Direction": "Forward", "Index Name": "name_pkey", "Relation Name": "name", "Alias": "n", "Startup Cost": 0.0, "Total Cost": 0.28, "Plan Rows": 1, "Plan Width": 19, "Index Cond": "(id = ci.person_id)", "Filter": "((name)::text ~~ '%Downey%Robert%'::text)"}]}, {"Node Type": "Index Scan", "Parent Relationship": "Inner", "Scan Direction": "Forward", "Index Name": "title_pkey", "Relation Name": "title", "Alias": "t", "Startup Cost": 0.0, "Total Cost": 0.28, "Plan Rows": 1, "Plan Width": 21, "Index Cond": "(id = ci.movie_id)", "Filter": "(production_year > 2010)"}]}]}, "Unique SQL Id": 4208751436, "Planner Runtime": 2}, "explain_analyze_plan": {"Plan": {"Node Type": "Aggregate", "Strategy": "Plain", "Startup Cost": 3399.73, "Total Cost": 3399.74, "Plan Rows": 1, "Plan Width": 144, "Actual Startup Time": 130.05, "Actual Total Time": 130.051, "Actual Rows": 1, "Actual Loops": 1, "Plans": [{"Node Type": "Nested Loop", "Parent Relationship": "Outer", "Join Type": "Inner", "Startup Cost": 4.51, "Total Cost": 3399.72, "Plan Rows": 1, "Plan Width": 48, "Actual Startup Time": 9.062, "Actual Total Time": 130.018, "Actual Rows": 6, "Actual Loops": 1, "Inner Unique": true, "Join Filter": "(mk.movie_id = t.id)", "Rows Removed by Join Filter": 0, "Plans": [{"Node Type": "Nested Loop", "Parent Relationship": "Outer", "Join Type": "Inner", "Startup Cost": 4.51, "Total Cost": 3399.43, "Plan Rows": 1, "Plan Width": 39, "Actual Startup Time": 9.03, "Actual Total Time": 129.951, "Actual Rows": 6, "Actual Loops": 1, "Inner Unique": true, "Plans": [{"Node Type": "Nested Loop", "Parent Relationship": "Outer", "Join Type": "Inner", "Startup Cost": 4.51, "Total Cost": 3340.87, "Plan Rows": 202, "Plan Width": 28, "Actual Startup Time": 7.483, "Actual Total Time": 123.046, "Actual Rows": 1242, "Actual Loops": 1, "Inner Unique": false, "Plans": [{"Node Type": "Nested Loop", "Parent Relationship": "Outer", "Join Type": "Inner", "Startup Cost": 4.51, "Total Cost": 3315.63, "Plan Rows": 33, "Plan Width": 20, "Actual Startup Time": 7.468, "Actual Total Time": 120.867, "Actual Rows": 14, "Actual Loops": 1, "Inner Unique": false, "Plans": [{"Node Type": "Index Scan", "Parent Relationship": "Outer", "Scan Direction": "Forward", "Index Name": "keyword_pkey", "Relation Name": "keyword", "Alias": "k", "Startup Cost": 0.0, "Total Cost": 3182.72, "Plan Rows": 1, "Plan Width": 20, "Actual Startup Time": 7.433, "Actual Total Time": 120.793, "Actual Rows": 1, "Actual Loops": 1, "Filter": "((keyword)::text = 'marvel-cinematic-universe'::text)", "Rows Removed by Filter": 134168}, {"Node Type": "Bitmap Heap Scan", "Parent Relationship": "Inner", "Relation Name": "movie_keyword", "Alias": "mk", "Startup Cost": 4.51, "Total Cost": 132.58, "Plan Rows": 33, "Plan Width": 8, "Actual Startup Time": 0.027, "Actual Total Time": 0.06, "Actual Rows": 14, "Actual Loops": 1, "Recheck Cond": "(keyword_id = k.id)", "Rows Removed by Index Recheck": 0, "Exact Heap Blocks": 13, "Lossy Heap Blocks": 13, "Plans": [{"Node Type": "Bitmap Index Scan", "Parent Relationship": "Outer", "Index Name": "keyword_id_movie_keyword", "Startup Cost": 0.0, "Total Cost": 4.5, "Plan Rows": 33, "Plan Width": 0, "Actual Startup Time": 0.015, "Actual Total Time": 0.015, "Actual Rows": 14, "Actual Loops": 1, "Index Cond": "(keyword_id = k.id)"}]}]}, {"Node Type": "Index Scan", "Parent Relationship": "Inner", "Scan Direction": "Forward", "Index Name": "movie_id_cast_info", "Relation Name": "cast_info", "Alias": "ci", "Startup Cost": 0.0, "Total Cost": 0.7, "Plan Rows": 6, "Plan Width": 8, "Actual Startup Time": 0.166, "Actual Total Time": 1.85, "Actual Rows": 1242, "Actual Loops": 14, "Index Cond": "(movie_id = mk.movie_id)", "Rows Removed by Index Recheck": 0}]}, {"Node Type": "Index Scan", "Parent Relationship": "Inner", "Scan Direction": "Forward", "Index Name": "name_pkey", "Relation Name": "name", "Alias": "n", "Startup Cost": 0.0, "Total Cost": 0.28, "Plan Rows": 1, "Plan Width": 19, "Actual Startup Time": 6.274, "Actual Total Time": 6.274, "Actual Rows": 6, "Actual Loops": 1242, "Index Cond": "(id = ci.person_id)", "Rows Removed by Index Recheck": 0, "Filter": "((name)::text ~~ '%Downey%Robert%'::text)", "Rows Removed by Filter": 1236}]}, {"Node Type": "Index Scan", "Parent Relationship": "Inner", "Scan Direction": "Forward", "Index Name": "title_pkey", "Relation Name": "title", "Alias": "t", "Startup Cost": 0.0, "Total Cost": 0.28, "Plan Rows": 1, "Plan Width": 21, "Actual Startup Time": 0.045, "Actual Total Time": 0.045, "Actual Rows": 6, "Actual Loops": 6, "Index Cond": "(id = ci.movie_id)", "Rows Removed by Index Recheck": 0, "Filter": "(production_year > 2010)", "Rows Removed by Filter": 0}]}]}, "Triggers": [], "Planner Runtime": 9.763, "Total Runtime": 130.32, "Unique SQL Id": 4208751436}}, "(16, '118')": {"explain_plan": {"Plan": {"Node Type": "Aggregate", "Strategy": "Plain", "Startup Cost": 3589.09, "Total Cost": 3589.1, "Plan Rows": 1, "Plan Width": 144, "Plans": [{"Node Type": "Nested Loop", "Parent Relationship": "Outer", "Join Type": "Inner", "Startup Cost": 5.44, "Total Cost": 3589.09, "Plan Rows": 1, "Plan Width": 48, "Inner Unique": true, "Join Filter": "(mk.movie_id = t.id)", "Plans": [{"Node Type": "Nested Loop", "Parent Relationship": "Outer", "Join Type": "Inner", "Startup Cost": 5.19, "Total Cost": 3584.8, "Plan Rows": 1, "Plan Width": 39, "Inner Unique": true, "Plans": [{"Node Type": "Nested Loop", "Parent Relationship": "Outer", "Join Type": "Inner", "Startup Cost": 4.93, "Total Cost": 2719.34, "Plan Rows": 202, "Plan Width": 28, "Inner Unique": false, "Plans": [{"Node Type": "Nested Loop", "Parent Relationship": "Outer", "Join Type": "Inner", "Startup Cost": 4.51, "Total Cost": 2569.02, "Plan Rows": 33, "Plan Width": 20, "Inner Unique": false, "Plans": [{"Node Type": "Seq Scan", "Parent Relationship": "Outer", "Relation Name": "keyword", "Alias": "k", "Startup Cost": 0.0, "Total Cost": 2436.11, "Plan Rows": 1, "Plan Width": 20, "Filter": "((keyword)::text = 'marvel-cinematic-universe'::text)"}, {"Node Type": "Bitmap Heap Scan", "Parent Relationship": "Inner", "Relation Name": "movie_keyword", "Alias": "mk", "Startup Cost": 4.51, "Total Cost": 132.58, "Plan Rows": 33, "Plan Width": 8, "Recheck Cond": "(keyword_id = k.id)", "Plans": [{"Node Type": "Bitmap Index Scan", "Parent Relationship": "Outer", "Index Name": "keyword_id_movie_keyword", "Startup Cost": 0.0, "Total Cost": 4.5, "Plan Rows": 33, "Plan Width": 0, "Index Cond": "(keyword_id = k.id)"}]}]}, {"Node Type": "Bitmap Heap Scan", "Parent Relationship": "Inner", "Relation Name": "cast_info", "Alias": "ci", "Startup Cost": 0.42, "Total Cost": 4.49, "Plan Rows": 6, "Plan Width": 8, "Recheck Cond": "(movie_id = mk.movie_id)", "Plans": [{"Node Type": "Bitmap Index Scan", "Parent Relationship": "Outer", "Index Name": "movie_id_cast_info", "Startup Cost": 0.0, "Total Cost": 0.42, "Plan Rows": 6, "Plan Width": 0, "Index Cond": "(movie_id = mk.movie_id)"}]}]}, {"Node Type": "Bitmap Heap Scan", "Parent Relationship": "Inner", "Relation Name": "name", "Alias": "n", "Startup Cost": 0.26, "Total Cost": 4.27, "Plan Rows": 1, "Plan Width": 19, "Recheck Cond": "(id = ci.person_id)", "Filter": "((name)::text ~~ '%Downey%Robert%'::text)", "Plans": [{"Node Type": "Bitmap Index Scan", "Parent Relationship": "Outer", "Index Name": "name_pkey", "Startup Cost": 0.0, "Total Cost": 0.26, "Plan Rows": 1, "Plan Width": 0, "Index Cond": "(id = ci.person_id)"}]}]}, {"Node Type": "Bitmap Heap Scan", "Parent Relationship": "Inner", "Relation Name": "title", "Alias": "t", "Startup Cost": 0.26, "Total Cost": 4.27, "Plan Rows": 1, "Plan Width": 21, "Recheck Cond": "(id = ci.movie_id)", "Filter": "(production_year > 2010)", "Plans": [{"Node Type": "Bitmap Index Scan", "Parent Relationship": "Outer", "Index Name": "title_pkey", "Startup Cost": 0.0, "Total Cost": 0.26, "Plan Rows": 1, "Plan Width": 0, "Index Cond": "(id = ci.movie_id)"}]}]}]}, "Unique SQL Id": 4208751436, "Planner Runtime": 3}, "explain_analyze_plan": {"Plan": {"Node Type": "Aggregate", "Strategy": "Plain", "Startup Cost": 3589.09, "Total Cost": 3589.1, "Plan Rows": 1, "Plan Width": 144, "Actual Startup Time": 53.753, "Actual Total Time": 53.753, "Actual Rows": 1, "Actual Loops": 1, "Plans": [{"Node Type": "Nested Loop", "Parent Relationship": "Outer", "Join Type": "Inner", "Startup Cost": 5.44, "Total Cost": 3589.09, "Plan Rows": 1, "Plan Width": 48, "Actual Startup Time": 3.484, "Actual Total Time": 53.714, "Actual Rows": 6, "Actual Loops": 1, "Inner Unique": true, "Join Filter": "(mk.movie_id = t.id)", "Rows Removed by Join Filter": 0, "Plans": [{"Node Type": "Nested Loop", "Parent Relationship": "Outer", "Join Type": "Inner", "Startup Cost": 5.19, "Total Cost": 3584.8, "Plan Rows": 1, "Plan Width": 39, "Actual Startup Time": 3.465, "Actual Total Time": 53.648, "Actual Rows": 6, "Actual Loops": 1, "Inner Unique": true, "Plans": [{"Node Type": "Nested Loop", "Parent Relationship": "Outer", "Join Type": "Inner", "Startup Cost": 4.93, "Total Cost": 2719.34, "Plan Rows": 202, "Plan Width": 28, "Actual Startup Time": 1.158, "Actual Total Time": 44.383, "Actual Rows": 1242, "Actual Loops": 1, "Inner Unique": false, "Plans": [{"Node Type": "Nested Loop", "Parent Relationship": "Outer", "Join Type": "Inner", "Startup Cost": 4.51, "Total Cost": 2569.02, "Plan Rows": 33, "Plan Width": 20, "Actual Startup Time": 1.127, "Actual Total Time": 41.171, "Actual Rows": 14, "Actual Loops": 1, "Inner Unique": false, "Plans": [{"Node Type": "Seq Scan", "Parent Relationship": "Outer", "Relation Name": "keyword", "Alias": "k", "Startup Cost": 0.0, "Total Cost": 2436.11, "Plan Rows": 1, "Plan Width": 20, "Actual Startup Time": 1.072, "Actual Total Time": 41.077, "Actual Rows": 1, "Actual Loops": 1, "Filter": "((keyword)::text = 'marvel-cinematic-universe'::text)", "Rows Removed by Filter": 134168}, {"Node Type": "Bitmap Heap Scan", "Parent Relationship": "Inner", "Relation Name": "movie_keyword", "Alias": "mk", "Startup Cost": 4.51, "Total Cost": 132.58, "Plan Rows": 33, "Plan Width": 8, "Actual Startup Time": 0.048, "Actual Total Time": 0.077, "Actual Rows": 14, "Actual Loops": 1, "Recheck Cond": "(keyword_id = k.id)", "Rows Removed by Index Recheck": 0, "Exact Heap Blocks": 13, "Lossy Heap Blocks": 13, "Plans": [{"Node Type": "Bitmap Index Scan", "Parent Relationship": "Outer", "Index Name": "keyword_id_movie_keyword", "Startup Cost": 0.0, "Total Cost": 4.5, "Plan Rows": 33, "Plan Width": 0, "Actual Startup Time": 0.03, "Actual Total Time": 0.03, "Actual Rows": 14, "Actual Loops": 1, "Index Cond": "(keyword_id = k.id)"}]}]}, {"Node Type": "Bitmap Heap Scan", "Parent Relationship": "Inner", "Relation Name": "cast_info", "Alias": "ci", "Startup Cost": 0.42, "Total Cost": 4.49, "Plan Rows": 6, "Plan Width": 8, "Actual Startup Time": 0.635, "Actual Total Time": 2.839, "Actual Rows": 1242, "Actual Loops": 14, "Recheck Cond": "(movie_id = mk.movie_id)", "Rows Removed by Index Recheck": 0, "Exact Heap Blocks": 1184, "Lossy Heap Blocks": 1184, "Plans": [{"Node Type": "Bitmap Index Scan", "Parent Relationship": "Outer", "Index Name": "movie_id_cast_info", "Startup Cost": 0.0, "Total Cost": 0.42, "Plan Rows": 6, "Plan Width": 0, "Actual Startup Time": 0.408, "Actual Total Time": 0.408, "Actual Rows": 1242, "Actual Loops": 14, "Index Cond": "(movie_id = mk.movie_id)"}]}]}, {"Node Type": "Bitmap Heap Scan", "Parent Relationship": "Inner", "Relation Name": "name", "Alias": "n", "Startup Cost": 0.26, "Total Cost": 4.27, "Plan Rows": 1, "Plan Width": 19, "Actual Startup Time": 7.861, "Actual Total Time": 7.861, "Actual Rows": 6, "Actual Loops": 1242, "Recheck Cond": "(id = ci.person_id)", "Rows Removed by Index Recheck": 0, "Filter": "((name)::text ~~ '%Downey%Robert%'::text)", "Rows Removed by Filter": 1236, "Exact Heap Blocks": 1242, "Lossy Heap Blocks": 1242, "Plans": [{"Node Type": "Bitmap Index Scan", "Parent Relationship": "Outer", "Index Name": "name_pkey", "Startup Cost": 0.0, "Total Cost": 0.26, "Plan Rows": 1, "Plan Width": 0, "Actual Startup Time": 4.728, "Actual Total Time": 4.728, "Actual Rows": 1242, "Actual Loops": 1242, "Index Cond": "(id = ci.person_id)"}]}]}, {"Node Type": "Bitmap Heap Scan", "Parent Relationship": "Inner", "Relation Name": "title", "Alias": "t", "Startup Cost": 0.26, "Total Cost": 4.27, "Plan Rows": 1, "Plan Width": 21, "Actual Startup Time": 0.048, "Actual Total Time": 0.048, "Actual Rows": 6, "Actual Loops": 6, "Recheck Cond": "(id = ci.movie_id)", "Rows Removed by Index Recheck": 0, "Filter": "(production_year > 2010)", "Rows Removed by Filter": 0, "Exact Heap Blocks": 6, "Lossy Heap Blocks": 6, "Plans": [{"Node Type": "Bitmap Index Scan", "Parent Relationship": "Outer", "Index Name": "title_pkey", "Startup Cost": 0.0, "Total Cost": 0.26, "Plan Rows": 1, "Plan Width": 0, "Actual Startup Time": 0.026, "Actual Total Time": 0.026, "Actual Rows": 6, "Actual Loops": 6, "Index Cond": "(id = ci.movie_id)"}]}]}]}, "Triggers": [], "Planner Runtime": 9.755, "Total Runtime": 54.031, "Unique SQL Id": 4208751436}}, "(16, '119')": {"explain_plan": {"Plan": {"Node Type": "Aggregate", "Strategy": "Plain", "Startup Cost": 4308.19, "Total Cost": 4308.2, "Plan Rows": 1, "Plan Width": 144, "Plans": [{"Node Type": "Nested Loop", "Parent Relationship": "Outer", "Join Type": "Inner", "Startup Cost": 724.54, "Total Cost": 4308.18, "Plan Rows": 1, "Plan Width": 48, "Inner Unique": true, "Join Filter": "(mk.movie_id = t.id)", "Plans": [{"Node Type": "Nested Loop", "Parent Relationship": "Outer", "Join Type": "Inner", "Startup Cost": 724.28, "Total Cost": 4303.89, "Plan Rows": 1, "Plan Width": 39, "Inner Unique": true, "Plans": [{"Node Type": "Nested Loop", "Parent Relationship": "Outer", "Join Type": "Inner", "Startup Cost": 724.02, "Total Cost": 3438.43, "Plan Rows": 202, "Plan Width": 28, "Inner Unique": false, "Plans": [{"Node Type": "Nested Loop", "Parent Relationship": "Outer", "Join Type": "Inner", "Startup Cost": 723.6, "Total Cost": 3288.12, "Plan Rows": 33, "Plan Width": 20, "Inner Unique": false, "Plans": [{"Node Type": "Bitmap Heap Scan", "Parent Relationship": "Outer", "Relation Name": "keyword", "Alias": "k", "Startup Cost": 719.1, "Total Cost": 3155.21, "Plan Rows": 1, "Plan Width": 20, "Filter": "((keyword)::text = 'marvel-cinematic-universe'::text)", "Plans": [{"Node Type": "Bitmap Index Scan", "Parent Relationship": "Outer", "Index Name": "keyword_pkey", "Startup Cost": 0.0, "Total Cost": 719.1, "Plan Rows": 134169, "Plan Width": 0}]}, {"Node Type": "Bitmap Heap Scan", "Parent Relationship": "Inner", "Relation Name": "movie_keyword", "Alias": "mk", "Startup Cost": 4.51, "Total Cost": 132.58, "Plan Rows": 33, "Plan Width": 8, "Recheck Cond": "(keyword_id = k.id)", "Plans": [{"Node Type": "Bitmap Index Scan", "Parent Relationship": "Outer", "Index Name": "keyword_id_movie_keyword", "Startup Cost": 0.0, "Total Cost": 4.5, "Plan Rows": 33, "Plan Width": 0, "Index Cond": "(keyword_id = k.id)"}]}]}, {"Node Type": "Bitmap Heap Scan", "Parent Relationship": "Inner", "Relation Name": "cast_info", "Alias": "ci", "Startup Cost": 0.42, "Total Cost": 4.49, "Plan Rows": 6, "Plan Width": 8, "Recheck Cond": "(movie_id = mk.movie_id)", "Plans": [{"Node Type": "Bitmap Index Scan", "Parent Relationship": "Outer", "Index Name": "movie_id_cast_info", "Startup Cost": 0.0, "Total Cost": 0.42, "Plan Rows": 6, "Plan Width": 0, "Index Cond": "(movie_id = mk.movie_id)"}]}]}, {"Node Type": "Bitmap Heap Scan", "Parent Relationship": "Inner", "Relation Name": "name", "Alias": "n", "Startup Cost": 0.26, "Total Cost": 4.27, "Plan Rows": 1, "Plan Width": 19, "Recheck Cond": "(id = ci.person_id)", "Filter": "((name)::text ~~ '%Downey%Robert%'::text)", "Plans": [{"Node Type": "Bitmap Index Scan", "Parent Relationship": "Outer", "Index Name": "name_pkey", "Startup Cost": 0.0, "Total Cost": 0.26, "Plan Rows": 1, "Plan Width": 0, "Index Cond": "(id = ci.person_id)"}]}]}, {"Node Type": "Bitmap Heap Scan", "Parent Relationship": "Inner", "Relation Name": "title", "Alias": "t", "Startup Cost": 0.26, "Total Cost": 4.27, "Plan Rows": 1, "Plan Width": 21, "Recheck Cond": "(id = ci.movie_id)", "Filter": "(production_year > 2010)", "Plans": [{"Node Type": "Bitmap Index Scan", "Parent Relationship": "Outer", "Index Name": "title_pkey", "Startup Cost": 0.0, "Total Cost": 0.26, "Plan Rows": 1, "Plan Width": 0, "Index Cond": "(id = ci.movie_id)"}]}]}]}, "Unique SQL Id": 4208751436, "Planner Runtime": 1}, "explain_analyze_plan": {"Plan": {"Node Type": "Aggregate", "Strategy": "Plain", "Startup Cost": 4308.19, "Total Cost": 4308.2, "Plan Rows": 1, "Plan Width": 144, "Actual Startup Time": 75.88, "Actual Total Time": 75.881, "Actual Rows": 1, "Actual Loops": 1, "Plans": [{"Node Type": "Nested Loop", "Parent Relationship": "Outer", "Join Type": "Inner", "Startup Cost": 724.54, "Total Cost": 4308.18, "Plan Rows": 1, "Plan Width": 48, "Actual Startup Time": 14.628, "Actual Total Time": 75.845, "Actual Rows": 6, "Actual Loops": 1, "Inner Unique": true, "Join Filter": "(mk.movie_id = t.id)", "Rows Removed by Join Filter": 0, "Plans": [{"Node Type": "Nested Loop", "Parent Relationship": "Outer", "Join Type": "Inner", "Startup Cost": 724.28, "Total Cost": 4303.89, "Plan Rows": 1, "Plan Width": 39, "Actual Startup Time": 14.603, "Actual Total Time": 75.774, "Actual Rows": 6, "Actual Loops": 1, "Inner Unique": true, "Plans": [{"Node Type": "Nested Loop", "Parent Relationship": "Outer", "Join Type": "Inner", "Startup Cost": 724.02, "Total Cost": 3438.43, "Plan Rows": 202, "Plan Width": 28, "Actual Startup Time": 12.29, "Actual Total Time": 66.474, "Actual Rows": 1242, "Actual Loops": 1, "Inner Unique": false, "Plans": [{"Node Type": "Nested Loop", "Parent Relationship": "Outer", "Join Type": "Inner", "Startup Cost": 723.6, "Total Cost": 3288.12, "Plan Rows": 33, "Plan Width": 20, "Actual Startup Time": 12.259, "Actual Total Time": 63.243, "Actual Rows": 14, "Actual Loops": 1, "Inner Unique": false, "Plans": [{"Node Type": "Bitmap Heap Scan", "Parent Relationship": "Outer", "Relation Name": "keyword", "Alias": "k", "Startup Cost": 719.1, "Total Cost": 3155.21, "Plan Rows": 1, "Plan Width": 20, "Actual Startup Time": 12.222, "Actual Total Time": 63.169, "Actual Rows": 1, "Actual Loops": 1, "Filter": "((keyword)::text = 'marvel-cinematic-universe'::text)", "Rows Removed by Filter": 134168, "Exact Heap Blocks": 759, "Lossy Heap Blocks": 759, "Plans": [{"Node Type": "Bitmap Index Scan", "Parent Relationship": "Outer", "Index Name": "keyword_pkey", "Startup Cost": 0.0, "Total Cost": 719.1, "Plan Rows": 134169, "Plan Width": 0, "Actual Startup Time": 10.757, "Actual Total Time": 10.757, "Actual Rows": 134169, "Actual Loops": 1}]}, {"Node Type": "Bitmap Heap Scan", "Parent Relationship": "Inner", "Relation Name": "movie_keyword", "Alias": "mk", "Startup Cost": 4.51, "Total Cost": 132.58, "Plan Rows": 33, "Plan Width": 8, "Actual Startup Time": 0.026, "Actual Total Time": 0.055, "Actual Rows": 14, "Actual Loops": 1, "Recheck Cond": "(keyword_id = k.id)", "Rows Removed by Index Recheck": 0, "Exact Heap Blocks": 13, "Lossy Heap Blocks": 13, "Plans": [{"Node Type": "Bitmap Index Scan", "Parent Relationship": "Outer", "Index Name": "keyword_id_movie_keyword", "Startup Cost": 0.0, "Total Cost": 4.5, "Plan Rows": 33, "Plan Width": 0, "Actual Startup Time": 0.017, "Actual Total Time": 0.017, "Actual Rows": 14, "Actual Loops": 1, "Index Cond": "(keyword_id = k.id)"}]}]}, {"Node Type": "Bitmap Heap Scan", "Parent Relationship": "Inner", "Relation Name": "cast_info", "Alias": "ci", "Startup Cost": 0.42, "Total Cost": 4.49, "Plan Rows": 6, "Plan Width": 8, "Actual Startup Time": 0.619, "Actual Total Time": 2.869, "Actual Rows": 1242, "Actual Loops": 14, "Recheck Cond": "(movie_id = mk.movie_id)", "Rows Removed by Index Recheck": 0, "Exact Heap Blocks": 1184, "Lossy Heap Blocks": 1184, "Plans": [{"Node Type": "Bitmap Index Scan", "Parent Relationship": "Outer", "Index Name": "movie_id_cast_info", "Startup Cost": 0.0, "Total Cost": 0.42, "Plan Rows": 6, "Plan Width": 0, "Actual Startup Time": 0.399, "Actual Total Time": 0.399, "Actual Rows": 1242, "Actual Loops": 14, "Index Cond": "(movie_id = mk.movie_id)"}]}]}, {"Node Type": "Bitmap Heap Scan", "Parent Relationship": "Inner", "Relation Name": "name", "Alias": "n", "Startup Cost": 0.26, "Total Cost": 4.27, "Plan Rows": 1, "Plan Width": 19, "Actual Startup Time": 7.886, "Actual Total Time": 7.886, "Actual Rows": 6, "Actual Loops": 1242, "Recheck Cond": "(id = ci.person_id)", "Rows Removed by Index Recheck": 0, "Filter": "((name)::text ~~ '%Downey%Robert%'::text)", "Rows Removed by Filter": 1236, "Exact Heap Blocks": 1242, "Lossy Heap Blocks": 1242, "Plans": [{"Node Type": "Bitmap Index Scan", "Parent Relationship": "Outer", "Index Name": "name_pkey", "Startup Cost": 0.0, "Total Cost": 0.26, "Plan Rows": 1, "Plan Width": 0, "Actual Startup Time": 4.757, "Actual Total Time": 4.757, "Actual Rows": 1242, "Actual Loops": 1242, "Index Cond": "(id = ci.person_id)"}]}]}, {"Node Type": "Bitmap Heap Scan", "Parent Relationship": "Inner", "Relation Name": "title", "Alias": "t", "Startup Cost": 0.26, "Total Cost": 4.27, "Plan Rows": 1, "Plan Width": 21, "Actual Startup Time": 0.051, "Actual Total Time": 0.051, "Actual Rows": 6, "Actual Loops": 6, "Recheck Cond": "(id = ci.movie_id)", "Rows Removed by Index Recheck": 0, "Filter": "(production_year > 2010)", "Rows Removed by Filter": 0, "Exact Heap Blocks": 6, "Lossy Heap Blocks": 6, "Plans": [{"Node Type": "Bitmap Index Scan", "Parent Relationship": "Outer", "Index Name": "title_pkey", "Startup Cost": 0.0, "Total Cost": 0.26, "Plan Rows": 1, "Plan Width": 0, "Actual Startup Time": 0.028, "Actual Total Time": 0.028, "Actual Rows": 6, "Actual Loops": 6, "Index Cond": "(id = ci.movie_id)"}]}]}]}, "Triggers": [], "Planner Runtime": 2.651, "Total Runtime": 76.201, "Unique SQL Id": 4208751436}}, "(16, '120')": {"explain_plan": {"Plan": {"Node Type": "Aggregate", "Strategy": "Plain", "Startup Cost": 2657.42, "Total Cost": 2657.43, "Plan Rows": 1, "Plan Width": 144, "Plans": [{"Node Type": "Nested Loop", "Parent Relationship": "Outer", "Join Type": "Inner", "Startup Cost": 0.0, "Total Cost": 2657.41, "Plan Rows": 1, "Plan Width": 48, "Inner Unique": true, "Join Filter": "(mk.movie_id = t.id)", "Plans": [{"Node Type": "Nested Loop", "Parent Relationship": "Outer", "Join Type": "Inner", "Startup Cost": 0.0, "Total Cost": 2657.12, "Plan Rows": 1, "Plan Width": 39, "Inner Unique": true, "Plans": [{"Node Type": "Nested Loop", "Parent Relationship": "Outer", "Join Type": "Inner", "Startup Cost": 0.0, "Total Cost": 2598.56, "Plan Rows": 202, "Plan Width": 28, "Inner Unique": false, "Plans": [{"Node Type": "Nested Loop", "Parent Relationship": "Outer", "Join Type": "Inner", "Startup Cost": 0.0, "Total Cost": 2573.32, "Plan Rows": 33, "Plan Width": 20, "Inner Unique": false, "Plans": [{"Node Type": "Seq Scan", "Parent Relationship": "Outer", "Relation Name": "keyword", "Alias": "k", "Startup Cost": 0.0, "Total Cost": 2436.11, "Plan Rows": 1, "Plan Width": 20, "Filter": "((keyword)::text = 'marvel-cinematic-universe'::text)"}, {"Node Type": "Index Scan", "Parent Relationship": "Inner", "Scan Direction": "Forward", "Index Name": "keyword_id_movie_keyword", "Relation Name": "movie_keyword", "Alias": "mk", "Startup Cost": 0.0, "Total Cost": 136.88, "Plan Rows": 33, "Plan Width": 8, "Index Cond": "(keyword_id = k.id)"}]}, {"Node Type": "Index Scan", "Parent Relationship": "Inner", "Scan Direction": "Forward", "Index Name": "movie_id_cast_info", "Relation Name": "cast_info", "Alias": "ci", "Startup Cost": 0.0, "Total Cost": 0.7, "Plan Rows": 6, "Plan Width": 8, "Index Cond": "(movie_id = mk.movie_id)"}]}, {"Node Type": "Index Scan", "Parent Relationship": "Inner", "Scan Direction": "Forward", "Index Name": "name_pkey", "Relation Name": "name", "Alias": "n", "Startup Cost": 0.0, "Total Cost": 0.28, "Plan Rows": 1, "Plan Width": 19, "Index Cond": "(id = ci.person_id)", "Filter": "((name)::text ~~ '%Downey%Robert%'::text)"}]}, {"Node Type": "Index Scan", "Parent Relationship": "Inner", "Scan Direction": "Forward", "Index Name": "title_pkey", "Relation Name": "title", "Alias": "t", "Startup Cost": 0.0, "Total Cost": 0.28, "Plan Rows": 1, "Plan Width": 21, "Index Cond": "(id = ci.movie_id)", "Filter": "(production_year > 2010)"}]}]}, "Unique SQL Id": 4208751436, "Planner Runtime": 2}, "explain_analyze_plan": {"Plan": {"Node Type": "Aggregate", "Strategy": "Plain", "Startup Cost": 2657.42, "Total Cost": 2657.43, "Plan Rows": 1, "Plan Width": 144, "Actual Startup Time": 49.573, "Actual Total Time": 49.573, "Actual Rows": 1, "Actual Loops": 1, "Plans": [{"Node Type": "Nested Loop", "Parent Relationship": "Outer", "Join Type": "Inner", "Startup Cost": 0.0, "Total Cost": 2657.41, "Plan Rows": 1, "Plan Width": 48, "Actual Startup Time": 2.65, "Actual Total Time": 49.529, "Actual Rows": 6, "Actual Loops": 1, "Inner Unique": true, "Join Filter": "(mk.movie_id = t.id)", "Rows Removed by Join Filter": 0, "Plans": [{"Node Type": "Nested Loop", "Parent Relationship": "Outer", "Join Type": "Inner", "Startup Cost": 0.0, "Total Cost": 2657.12, "Plan Rows": 1, "Plan Width": 39, "Actual Startup Time": 2.627, "Actual Total Time": 49.472, "Actual Rows": 6, "Actual Loops": 1, "Inner Unique": true, "Plans": [{"Node Type": "Nested Loop", "Parent Relationship": "Outer", "Join Type": "Inner", "Startup Cost": 0.0, "Total Cost": 2598.56, "Plan Rows": 202, "Plan Width": 28, "Actual Startup Time": 1.088, "Actual Total Time": 42.692, "Actual Rows": 1242, "Actual Loops": 1, "Inner Unique": false, "Plans": [{"Node Type": "Nested Loop", "Parent Relationship": "Outer", "Join Type": "Inner", "Startup Cost": 0.0, "Total Cost": 2573.32, "Plan Rows": 33, "Plan Width": 20, "Actual Startup Time": 1.074, "Actual Total Time": 40.525, "Actual Rows": 14, "Actual Loops": 1, "Inner Unique": false, "Plans": [{"Node Type": "Seq Scan", "Parent Relationship": "Outer", "Relation Name": "keyword", "Alias": "k", "Startup Cost": 0.0, "Total Cost": 2436.11, "Plan Rows": 1, "Plan Width": 20, "Actual Startup Time": 1.052, "Actual Total Time": 40.474, "Actual Rows": 1, "Actual Loops": 1, "Filter": "((keyword)::text = 'marvel-cinematic-universe'::text)", "Rows Removed by Filter": 134168}, {"Node Type": "Index Scan", "Parent Relationship": "Inner", "Scan Direction": "Forward", "Index Name": "keyword_id_movie_keyword", "Relation Name": "movie_keyword", "Alias": "mk", "Startup Cost": 0.0, "Total Cost": 136.88, "Plan Rows": 33, "Plan Width": 8, "Actual Startup Time": 0.016, "Actual Total Time": 0.039, "Actual Rows": 14, "Actual Loops": 1, "Index Cond": "(keyword_id = k.id)", "Rows Removed by Index Recheck": 0}]}, {"Node Type": "Index Scan", "Parent Relationship": "Inner", "Scan Direction": "Forward", "Index Name": "movie_id_cast_info", "Relation Name": "cast_info", "Alias": "ci", "Startup Cost": 0.0, "Total Cost": 0.7, "Plan Rows": 6, "Plan Width": 8, "Actual Startup Time": 0.16, "Actual Total Time": 1.838, "Actual Rows": 1242, "Actual Loops": 14, "Index Cond": "(movie_id = mk.movie_id)", "Rows Removed by Index Recheck": 0}]}, {"Node Type": "Index Scan", "Parent Relationship": "Inner", "Scan Direction": "Forward", "Index Name": "name_pkey", "Relation Name": "name", "Alias": "n", "Startup Cost": 0.0, "Total Cost": 0.28, "Plan Rows": 1, "Plan Width": 19, "Actual Startup Time": 6.167, "Actual Total Time": 6.167, "Actual Rows": 6, "Actual Loops": 1242, "Index Cond": "(id = ci.person_id)", "Rows Removed by Index Recheck": 0, "Filter": "((name)::text ~~ '%Downey%Robert%'::text)", "Rows Removed by Filter": 1236}]}, {"Node Type": "Index Scan", "Parent Relationship": "Inner", "Scan Direction": "Forward", "Index Name": "title_pkey", "Relation Name": "title", "Alias": "t", "Startup Cost": 0.0, "Total Cost": 0.28, "Plan Rows": 1, "Plan Width": 21, "Actual Startup Time": 0.038, "Actual Total Time": 0.038, "Actual Rows": 6, "Actual Loops": 6, "Index Cond": "(id = ci.movie_id)", "Rows Removed by Index Recheck": 0, "Filter": "(production_year > 2010)", "Rows Removed by Filter": 0}]}]}, "Triggers": [], "Planner Runtime": 8.574, "Total Runtime": 49.842, "Unique SQL Id": 4208751436}}, "(16, '121')": {"explain_plan": {"Plan": {"Node Type": "Aggregate", "Strategy": "Plain", "Startup Cost": 3404.02, "Total Cost": 3404.03, "Plan Rows": 1, "Plan Width": 144, "Plans": [{"Node Type": "Nested Loop", "Parent Relationship": "Outer", "Join Type": "Inner", "Startup Cost": 0.0, "Total Cost": 3404.01, "Plan Rows": 1, "Plan Width": 48, "Inner Unique": true, "Join Filter": "(mk.movie_id = t.id)", "Plans": [{"Node Type": "Nested Loop", "Parent Relationship": "Outer", "Join Type": "Inner", "Startup Cost": 0.0, "Total Cost": 3403.72, "Plan Rows": 1, "Plan Width": 39, "Inner Unique": true, "Plans": [{"Node Type": "Nested Loop", "Parent Relationship": "Outer", "Join Type": "Inner", "Startup Cost": 0.0, "Total Cost": 3345.17, "Plan Rows": 202, "Plan Width": 28, "Inner Unique": false, "Plans": [{"Node Type": "Nested Loop", "Parent Relationship": "Outer", "Join Type": "Inner", "Startup Cost": 0.0, "Total Cost": 3319.92, "Plan Rows": 33, "Plan Width": 20, "Inner Unique": false, "Plans": [{"Node Type": "Index Scan", "Parent Relationship": "Outer", "Scan Direction": "Forward", "Index Name": "keyword_pkey", "Relation Name": "keyword", "Alias": "k", "Startup Cost": 0.0, "Total Cost": 3182.72, "Plan Rows": 1, "Plan Width": 20, "Filter": "((keyword)::text = 'marvel-cinematic-universe'::text)"}, {"Node Type": "Index Scan", "Parent Relationship": "Inner", "Scan Direction": "Forward", "Index Name": "keyword_id_movie_keyword", "Relation Name": "movie_keyword", "Alias": "mk", "Startup Cost": 0.0, "Total Cost": 136.88, "Plan Rows": 33, "Plan Width": 8, "Index Cond": "(keyword_id = k.id)"}]}, {"Node Type": "Index Scan", "Parent Relationship": "Inner", "Scan Direction": "Forward", "Index Name": "movie_id_cast_info", "Relation Name": "cast_info", "Alias": "ci", "Startup Cost": 0.0, "Total Cost": 0.7, "Plan Rows": 6, "Plan Width": 8, "Index Cond": "(movie_id = mk.movie_id)"}]}, {"Node Type": "Index Scan", "Parent Relationship": "Inner", "Scan Direction": "Forward", "Index Name": "name_pkey", "Relation Name": "name", "Alias": "n", "Startup Cost": 0.0, "Total Cost": 0.28, "Plan Rows": 1, "Plan Width": 19, "Index Cond": "(id = ci.person_id)", "Filter": "((name)::text ~~ '%Downey%Robert%'::text)"}]}, {"Node Type": "Index Scan", "Parent Relationship": "Inner", "Scan Direction": "Forward", "Index Name": "title_pkey", "Relation Name": "title", "Alias": "t", "Startup Cost": 0.0, "Total Cost": 0.28, "Plan Rows": 1, "Plan Width": 21, "Index Cond": "(id = ci.movie_id)", "Filter": "(production_year > 2010)"}]}]}, "Unique SQL Id": 4208751436, "Planner Runtime": 2}, "explain_analyze_plan": {"Plan": {"Node Type": "Aggregate", "Strategy": "Plain", "Startup Cost": 3404.02, "Total Cost": 3404.03, "Plan Rows": 1, "Plan Width": 144, "Actual Startup Time": 129.093, "Actual Total Time": 129.094, "Actual Rows": 1, "Actual Loops": 1, "Plans": [{"Node Type": "Nested Loop", "Parent Relationship": "Outer", "Join Type": "Inner", "Startup Cost": 0.0, "Total Cost": 3404.01, "Plan Rows": 1, "Plan Width": 48, "Actual Startup Time": 8.547, "Actual Total Time": 129.04, "Actual Rows": 6, "Actual Loops": 1, "Inner Unique": true, "Join Filter": "(mk.movie_id = t.id)", "Rows Removed by Join Filter": 0, "Plans": [{"Node Type": "Nested Loop", "Parent Relationship": "Outer", "Join Type": "Inner", "Startup Cost": 0.0, "Total Cost": 3403.72, "Plan Rows": 1, "Plan Width": 39, "Actual Startup Time": 8.53, "Actual Total Time": 128.988, "Actual Rows": 6, "Actual Loops": 1, "Inner Unique": true, "Plans": [{"Node Type": "Nested Loop", "Parent Relationship": "Outer", "Join Type": "Inner", "Startup Cost": 0.0, "Total Cost": 3345.17, "Plan Rows": 202, "Plan Width": 28, "Actual Startup Time": 6.99, "Actual Total Time": 122.056, "Actual Rows": 1242, "Actual Loops": 1, "Inner Unique": false, "Plans": [{"Node Type": "Nested Loop", "Parent Relationship": "Outer", "Join Type": "Inner", "Startup Cost": 0.0, "Total Cost": 3319.92, "Plan Rows": 33, "Plan Width": 20, "Actual Startup Time": 6.977, "Actual Total Time": 119.872, "Actual Rows": 14, "Actual Loops": 1, "Inner Unique": false, "Plans": [{"Node Type": "Index Scan", "Parent Relationship": "Outer", "Scan Direction": "Forward", "Index Name": "keyword_pkey", "Relation Name": "keyword", "Alias": "k", "Startup Cost": 0.0, "Total Cost": 3182.72, "Plan Rows": 1, "Plan Width": 20, "Actual Startup Time": 6.958, "Actual Total Time": 119.824, "Actual Rows": 1, "Actual Loops": 1, "Filter": "((keyword)::text = 'marvel-cinematic-universe'::text)", "Rows Removed by Filter": 134168}, {"Node Type": "Index Scan", "Parent Relationship": "Inner", "Scan Direction": "Forward", "Index Name": "keyword_id_movie_keyword", "Relation Name": "movie_keyword", "Alias": "mk", "Startup Cost": 0.0, "Total Cost": 136.88, "Plan Rows": 33, "Plan Width": 8, "Actual Startup Time": 0.012, "Actual Total Time": 0.032, "Actual Rows": 14, "Actual Loops": 1, "Index Cond": "(keyword_id = k.id)", "Rows Removed by Index Recheck": 0}]}, {"Node Type": "Index Scan", "Parent Relationship": "Inner", "Scan Direction": "Forward", "Index Name": "movie_id_cast_info", "Relation Name": "cast_info", "Alias": "ci", "Startup Cost": 0.0, "Total Cost": 0.7, "Plan Rows": 6, "Plan Width": 8, "Actual Startup Time": 0.158, "Actual Total Time": 1.852, "Actual Rows": 1242, "Actual Loops": 14, "Index Cond": "(movie_id = mk.movie_id)", "Rows Removed by Index Recheck": 0}]}, {"Node Type": "Index Scan", "Parent Relationship": "Inner", "Scan Direction": "Forward", "Index Name": "name_pkey", "Relation Name": "name", "Alias": "n", "Startup Cost": 0.0, "Total Cost": 0.28, "Plan Rows": 1, "Plan Width": 19, "Actual Startup Time": 6.301, "Actual Total Time": 6.301, "Actual Rows": 6, "Actual Loops": 1242, "Index Cond": "(id = ci.person_id)", "Rows Removed by Index Recheck": 0, "Filter": "((name)::text ~~ '%Downey%Robert%'::text)", "Rows Removed by Filter": 1236}]}, {"Node Type": "Index Scan", "Parent Relationship": "Inner", "Scan Direction": "Forward", "Index Name": "title_pkey", "Relation Name": "title", "Alias": "t", "Startup Cost": 0.0, "Total Cost": 0.28, "Plan Rows": 1, "Plan Width": 21, "Actual Startup Time": 0.038, "Actual Total Time": 0.038, "Actual Rows": 6, "Actual Loops": 6, "Index Cond": "(id = ci.movie_id)", "Rows Removed by Index Recheck": 0, "Filter": "(production_year > 2010)", "Rows Removed by Filter": 0}]}]}, "Triggers": [], "Planner Runtime": 8.278, "Total Runtime": 129.388, "Unique SQL Id": 4208751436}}, "(16, '122')": {"explain_plan": {"Plan": {"Node Type": "Aggregate", "Strategy": "Plain", "Startup Cost": 385221.74, "Total Cost": 385221.75, "Plan Rows": 1, "Plan Width": 144, "Plans": [{"Node Type": "Nested Loop", "Parent Relationship": "Outer", "Join Type": "Inner", "Startup Cost": 0.0, "Total Cost": 385221.73, "Plan Rows": 1, "Plan Width": 48, "Inner Unique": true, "Join Filter": "(mk.movie_id = t.id)", "Plans": [{"Node Type": "Nested Loop", "Parent Relationship": "Outer", "Join Type": "Inner", "Startup Cost": 0.0, "Total Cost": 352730.91, "Plan Rows": 1, "Plan Width": 39, "Inner Unique": false, "Join Filter": "(ci.person_id = n.id)", "Plans": [{"Node Type": "Streaming(type: LOCAL GATHER dop: 1/16)", "Parent Relationship": "Outer", "Startup Cost": 0.0, "Total Cost": 21477.12, "Plan Rows": 415, "Plan Width": 19, "Plans": [{"Node Type": "Seq Scan", "Parent Relationship": "Outer", "Relation Name": "name", "Alias": "n", "Startup Cost": 0.0, "Total Cost": 21468.16, "Plan Rows": 415, "Plan Width": 19, "Filter": "((name)::text ~~ '%Downey%Robert%'::text)"}]}, {"Node Type": "Materialize", "Parent Relationship": "Inner", "Startup Cost": 0.0, "Total Cost": 329996.85, "Plan Rows": 202, "Plan Width": 28, "Plans": [{"Node Type": "Streaming(type: LOCAL GATHER dop: 1/16)", "Parent Relationship": "Outer", "Startup Cost": 0.0, "Total Cost": 329995.84, "Plan Rows": 202, "Plan Width": 28, "Plans": [{"Node Type": "Nested Loop", "Parent Relationship": "Outer", "Join Type": "Inner", "Startup Cost": 0.0, "Total Cost": 329991.48, "Plan Rows": 202, "Plan Width": 28, "Inner Unique": false, "Join Filter": "(mk.movie_id = ci.movie_id)", "Plans": [{"Node Type": "Streaming(type: LOCAL REDISTRIBUTE dop: 16/16)", "Parent Relationship": "Outer", "Startup Cost": 0.0, "Total Cost": 205006.86, "Plan Rows": 36259494, "Plan Width": 8, "Plans": [{"Node Type": "Seq Scan", "Parent Relationship": "Outer", "Relation Name": "cast_info", "Alias": "ci", "Startup Cost": 0.0, "Total Cost": 52617.37, "Plan Rows": 36259494, "Plan Width": 8}]}, {"Node Type": "Materialize", "Parent Relationship": "Inner", "Startup Cost": 0.0, "Total Cost": 54873.49, "Plan Rows": 33, "Plan Width": 20, "Plans": [{"Node Type": "Streaming(type: LOCAL REDISTRIBUTE dop: 16/16)", "Parent Relationship": "Outer", "Startup Cost": 0.0, "Total Cost": 54873.48, "Plan Rows": 33, "Plan Width": 20, "Plans": [{"Node Type": "Nested Loop", "Parent Relationship": "Outer", "Join Type": "Inner", "Startup Cost": 0.0, "Total Cost": 39873.36, "Plan Rows": 33, "Plan Width": 20, "Inner Unique": false, "Join Filter": "(k.id = mk.keyword_id)", "Plans": [{"Node Type": "Streaming(type: BROADCAST dop: 16/1)", "Parent Relationship": "Outer", "Startup Cost": 0.0, "Total Cost": 17436.46, "Plan Rows": 16, "Plan Width": 20, "Plans": [{"Node Type": "Seq Scan", "Parent Relationship": "Outer", "Relation Name": "keyword", "Alias": "k", "Startup Cost": 0.0, "Total Cost": 2436.11, "Plan Rows": 1, "Plan Width": 20, "Filter": "((keyword)::text = 'marvel-cinematic-universe'::text)"}]}, {"Node Type": "Seq Scan", "Parent Relationship": "Inner", "Relation Name": "movie_keyword", "Alias": "mk", "Startup Cost": 0.0, "Total Cost": 18902.58, "Plan Rows": 4523929, "Plan Width": 8}]}]}]}]}]}]}]}, {"Node Type": "Materialize", "Parent Relationship": "Inner", "Startup Cost": 0.0, "Total Cost": 28576.3, "Plan Rows": 391451, "Plan Width": 21, "Plans": [{"Node Type": "Streaming(type: LOCAL GATHER dop: 1/16)", "Parent Relationship": "Outer", "Startup Cost": 0.0, "Total Cost": 27597.68, "Plan Rows": 391451, "Plan Width": 21, "Plans": [{"Node Type": "Seq Scan", "Parent Relationship": "Outer", "Relation Name": "title", "Alias": "t", "Startup Cost": 0.0, "Total Cost": 19149.37, "Plan Rows": 391451, "Plan Width": 21, "Filter": "(production_year > 2010), (LLVM Optimized)"}]}]}]}]}, "Unique SQL Id": 4208751436, "Planner Runtime": 2}, "explain_analyze_plan": null}, "(16, '123')": {"explain_plan": {"Plan": {"Node Type": "Aggregate", "Strategy": "Plain", "Startup Cost": 5000223041129.71, "Total Cost": 5000223041129.72, "Plan Rows": 1, "Plan Width": 144, "Plans": [{"Node Type": "Nested Loop", "Parent Relationship": "Outer", "Join Type": "Inner", "Startup Cost": 50000000000.0, "Total Cost": 5000223041129.7, "Plan Rows": 1, "Plan Width": 48, "Inner Unique": true, "Join Filter": "(mk.movie_id = t.id)", "Plans": [{"Node Type": "Nested Loop", "Parent Relationship": "Outer", "Join Type": "Inner", "Startup Cost": 40000000000.0, "Total Cost": 4000223041101.96, "Plan Rows": 1, "Plan Width": 39, "Inner Unique": true, "Join Filter": "(ci.person_id = n.id)", "Plans": [{"Node Type": "Nested Loop", "Parent Relationship": "Outer", "Join Type": "Inner", "Startup Cost": 30000000000.0, "Total Cost": 3000204374696.26, "Plan Rows": 202, "Plan Width": 28, "Inner Unique": false, "Join Filter": "(mk.movie_id = ci.movie_id)", "Plans": [{"Node Type": "Nested Loop", "Parent Relationship": "Outer", "Join Type": "Inner", "Startup Cost": 20000000000.0, "Total Cost": 2000015686764.79, "Plan Rows": 33, "Plan Width": 20, "Inner Unique": true, "Join Filter": "(k.id = mk.keyword_id)", "Plans": [{"Node Type": "Index Scan", "Parent Relationship": "Outer", "Scan Direction": "Forward", "Index Name": "movie_id_movie_keyword", "Relation Name": "movie_keyword", "Alias": "mk", "Startup Cost": 10000000000.0, "Total Cost": 1000015300634.17, "Plan Rows": 4523929, "Plan Width": 8}, {"Node Type": "Materialize", "Parent Relationship": "Inner", "Startup Cost": 10000000000.0, "Total Cost": 1000000318271.69, "Plan Rows": 1, "Plan Width": 20, "Plans": [{"Node Type": "Index Scan", "Parent Relationship": "Outer", "Scan Direction": "Forward", "Index Name": "keyword_pkey", "Relation Name": "keyword", "Alias": "k", "Startup Cost": 10000000000.0, "Total Cost": 1000000318271.68, "Plan Rows": 1, "Plan Width": 20, "Filter": "((keyword)::text = 'marvel-cinematic-universe'::text)"}]}]}, {"Node Type": "Materialize", "Parent Relationship": "Inner", "Startup Cost": 10000000000.0, "Total Cost": 1000170830130.68, "Plan Rows": 36259494, "Plan Width": 8, "Plans": [{"Node Type": "Index Scan", "Parent Relationship": "Outer", "Scan Direction": "Forward", "Index Name": "person_id_cast_info", "Relation Name": "cast_info", "Alias": "ci", "Startup Cost": 10000000000.0, "Total Cost": 1000170648833.21, "Plan Rows": 36259494, "Plan Width": 8}]}]}, {"Node Type": "Materialize", "Parent Relationship": "Inner", "Startup Cost": 10000000000.0, "Total Cost": 1000018665149.28, "Plan Rows": 415, "Plan Width": 19, "Plans": [{"Node Type": "Index Scan", "Parent Relationship": "Outer", "Scan Direction": "Forward", "Index Name": "name_pkey", "Relation Name": "name", "Alias": "n", "Startup Cost": 10000000000.0, "Total Cost": 1000018665147.2, "Plan Rows": 415, "Plan Width": 19, "Filter": "((name)::text ~~ '%Downey%Robert%'::text)"}]}]}, {"Node Type": "Index Scan", "Parent Relationship": "Inner", "Scan Direction": "Forward", "Index Name": "title_pkey", "Relation Name": "title", "Alias": "t", "Startup Cost": 10000000000.0, "Total Cost": 1000000000027.74, "Plan Rows": 1, "Plan Width": 21, "Index Cond": "(id = ci.movie_id)", "Filter": "(production_year > 2010)"}]}]}, "Unique SQL Id": 4208751436, "Planner Runtime": 1}, "explain_analyze_plan": null}, "(16, '124')": {"explain_plan": {"Plan": {"Node Type": "Aggregate", "Strategy": "Plain", "Startup Cost": 2657.42, "Total Cost": 2657.43, "Plan Rows": 1, "Plan Width": 144, "Plans": [{"Node Type": "Nested Loop", "Parent Relationship": "Outer", "Join Type": "Inner", "Startup Cost": 0.0, "Total Cost": 2657.41, "Plan Rows": 1, "Plan Width": 48, "Inner Unique": true, "Join Filter": "(mk.movie_id = t.id)", "Plans": [{"Node Type": "Nested Loop", "Parent Relationship": "Outer", "Join Type": "Inner", "Startup Cost": 0.0, "Total Cost": 2657.12, "Plan Rows": 1, "Plan Width": 39, "Inner Unique": true, "Plans": [{"Node Type": "Nested Loop", "Parent Relationship": "Outer", "Join Type": "Inner", "Startup Cost": 0.0, "Total Cost": 2598.56, "Plan Rows": 202, "Plan Width": 28, "Inner Unique": false, "Plans": [{"Node Type": "Nested Loop", "Parent Relationship": "Outer", "Join Type": "Inner", "Startup Cost": 0.0, "Total Cost": 2573.32, "Plan Rows": 33, "Plan Width": 20, "Inner Unique": false, "Plans": [{"Node Type": "Seq Scan", "Parent Relationship": "Outer", "Relation Name": "keyword", "Alias": "k", "Startup Cost": 0.0, "Total Cost": 2436.11, "Plan Rows": 1, "Plan Width": 20, "Filter": "((keyword)::text = 'marvel-cinematic-universe'::text)"}, {"Node Type": "Index Scan", "Parent Relationship": "Inner", "Scan Direction": "Forward", "Index Name": "keyword_id_movie_keyword", "Relation Name": "movie_keyword", "Alias": "mk", "Startup Cost": 0.0, "Total Cost": 136.88, "Plan Rows": 33, "Plan Width": 8, "Index Cond": "(keyword_id = k.id)"}]}, {"Node Type": "Index Scan", "Parent Relationship": "Inner", "Scan Direction": "Forward", "Index Name": "movie_id_cast_info", "Relation Name": "cast_info", "Alias": "ci", "Startup Cost": 0.0, "Total Cost": 0.7, "Plan Rows": 6, "Plan Width": 8, "Index Cond": "(movie_id = mk.movie_id)"}]}, {"Node Type": "Index Scan", "Parent Relationship": "Inner", "Scan Direction": "Forward", "Index Name": "name_pkey", "Relation Name": "name", "Alias": "n", "Startup Cost": 0.0, "Total Cost": 0.28, "Plan Rows": 1, "Plan Width": 19, "Index Cond": "(id = ci.person_id)", "Filter": "((name)::text ~~ '%Downey%Robert%'::text)"}]}, {"Node Type": "Index Scan", "Parent Relationship": "Inner", "Scan Direction": "Forward", "Index Name": "title_pkey", "Relation Name": "title", "Alias": "t", "Startup Cost": 0.0, "Total Cost": 0.28, "Plan Rows": 1, "Plan Width": 21, "Index Cond": "(id = ci.movie_id)", "Filter": "(production_year > 2010)"}]}]}, "Unique SQL Id": 4208751436, "Planner Runtime": 2}, "explain_analyze_plan": {"Plan": {"Node Type": "Aggregate", "Strategy": "Plain", "Startup Cost": 2657.42, "Total Cost": 2657.43, "Plan Rows": 1, "Plan Width": 144, "Actual Startup Time": 49.573, "Actual Total Time": 49.573, "Actual Rows": 1, "Actual Loops": 1, "Plans": [{"Node Type": "Nested Loop", "Parent Relationship": "Outer", "Join Type": "Inner", "Startup Cost": 0.0, "Total Cost": 2657.41, "Plan Rows": 1, "Plan Width": 48, "Actual Startup Time": 2.65, "Actual Total Time": 49.529, "Actual Rows": 6, "Actual Loops": 1, "Inner Unique": true, "Join Filter": "(mk.movie_id = t.id)", "Rows Removed by Join Filter": 0, "Plans": [{"Node Type": "Nested Loop", "Parent Relationship": "Outer", "Join Type": "Inner", "Startup Cost": 0.0, "Total Cost": 2657.12, "Plan Rows": 1, "Plan Width": 39, "Actual Startup Time": 2.627, "Actual Total Time": 49.472, "Actual Rows": 6, "Actual Loops": 1, "Inner Unique": true, "Plans": [{"Node Type": "Nested Loop", "Parent Relationship": "Outer", "Join Type": "Inner", "Startup Cost": 0.0, "Total Cost": 2598.56, "Plan Rows": 202, "Plan Width": 28, "Actual Startup Time": 1.088, "Actual Total Time": 42.692, "Actual Rows": 1242, "Actual Loops": 1, "Inner Unique": false, "Plans": [{"Node Type": "Nested Loop", "Parent Relationship": "Outer", "Join Type": "Inner", "Startup Cost": 0.0, "Total Cost": 2573.32, "Plan Rows": 33, "Plan Width": 20, "Actual Startup Time": 1.074, "Actual Total Time": 40.525, "Actual Rows": 14, "Actual Loops": 1, "Inner Unique": false, "Plans": [{"Node Type": "Seq Scan", "Parent Relationship": "Outer", "Relation Name": "keyword", "Alias": "k", "Startup Cost": 0.0, "Total Cost": 2436.11, "Plan Rows": 1, "Plan Width": 20, "Actual Startup Time": 1.052, "Actual Total Time": 40.474, "Actual Rows": 1, "Actual Loops": 1, "Filter": "((keyword)::text = 'marvel-cinematic-universe'::text)", "Rows Removed by Filter": 134168}, {"Node Type": "Index Scan", "Parent Relationship": "Inner", "Scan Direction": "Forward", "Index Name": "keyword_id_movie_keyword", "Relation Name": "movie_keyword", "Alias": "mk", "Startup Cost": 0.0, "Total Cost": 136.88, "Plan Rows": 33, "Plan Width": 8, "Actual Startup Time": 0.016, "Actual Total Time": 0.039, "Actual Rows": 14, "Actual Loops": 1, "Index Cond": "(keyword_id = k.id)", "Rows Removed by Index Recheck": 0}]}, {"Node Type": "Index Scan", "Parent Relationship": "Inner", "Scan Direction": "Forward", "Index Name": "movie_id_cast_info", "Relation Name": "cast_info", "Alias": "ci", "Startup Cost": 0.0, "Total Cost": 0.7, "Plan Rows": 6, "Plan Width": 8, "Actual Startup Time": 0.16, "Actual Total Time": 1.838, "Actual Rows": 1242, "Actual Loops": 14, "Index Cond": "(movie_id = mk.movie_id)", "Rows Removed by Index Recheck": 0}]}, {"Node Type": "Index Scan", "Parent Relationship": "Inner", "Scan Direction": "Forward", "Index Name": "name_pkey", "Relation Name": "name", "Alias": "n", "Startup Cost": 0.0, "Total Cost": 0.28, "Plan Rows": 1, "Plan Width": 19, "Actual Startup Time": 6.167, "Actual Total Time": 6.167, "Actual Rows": 6, "Actual Loops": 1242, "Index Cond": "(id = ci.person_id)", "Rows Removed by Index Recheck": 0, "Filter": "((name)::text ~~ '%Downey%Robert%'::text)", "Rows Removed by Filter": 1236}]}, {"Node Type": "Index Scan", "Parent Relationship": "Inner", "Scan Direction": "Forward", "Index Name": "title_pkey", "Relation Name": "title", "Alias": "t", "Startup Cost": 0.0, "Total Cost": 0.28, "Plan Rows": 1, "Plan Width": 21, "Actual Startup Time": 0.038, "Actual Total Time": 0.038, "Actual Rows": 6, "Actual Loops": 6, "Index Cond": "(id = ci.movie_id)", "Rows Removed by Index Recheck": 0, "Filter": "(production_year > 2010)", "Rows Removed by Filter": 0}]}]}, "Triggers": [], "Planner Runtime": 8.574, "Total Runtime": 49.842, "Unique SQL Id": 4208751436}}, "(16, '125')": {"explain_plan": {"Plan": {"Node Type": "Aggregate", "Strategy": "Plain", "Startup Cost": 3404.02, "Total Cost": 3404.03, "Plan Rows": 1, "Plan Width": 144, "Plans": [{"Node Type": "Nested Loop", "Parent Relationship": "Outer", "Join Type": "Inner", "Startup Cost": 0.0, "Total Cost": 3404.01, "Plan Rows": 1, "Plan Width": 48, "Inner Unique": true, "Join Filter": "(mk.movie_id = t.id)", "Plans": [{"Node Type": "Nested Loop", "Parent Relationship": "Outer", "Join Type": "Inner", "Startup Cost": 0.0, "Total Cost": 3403.72, "Plan Rows": 1, "Plan Width": 39, "Inner Unique": true, "Plans": [{"Node Type": "Nested Loop", "Parent Relationship": "Outer", "Join Type": "Inner", "Startup Cost": 0.0, "Total Cost": 3345.17, "Plan Rows": 202, "Plan Width": 28, "Inner Unique": false, "Plans": [{"Node Type": "Nested Loop", "Parent Relationship": "Outer", "Join Type": "Inner", "Startup Cost": 0.0, "Total Cost": 3319.92, "Plan Rows": 33, "Plan Width": 20, "Inner Unique": false, "Plans": [{"Node Type": "Index Scan", "Parent Relationship": "Outer", "Scan Direction": "Forward", "Index Name": "keyword_pkey", "Relation Name": "keyword", "Alias": "k", "Startup Cost": 0.0, "Total Cost": 3182.72, "Plan Rows": 1, "Plan Width": 20, "Filter": "((keyword)::text = 'marvel-cinematic-universe'::text)"}, {"Node Type": "Index Scan", "Parent Relationship": "Inner", "Scan Direction": "Forward", "Index Name": "keyword_id_movie_keyword", "Relation Name": "movie_keyword", "Alias": "mk", "Startup Cost": 0.0, "Total Cost": 136.88, "Plan Rows": 33, "Plan Width": 8, "Index Cond": "(keyword_id = k.id)"}]}, {"Node Type": "Index Scan", "Parent Relationship": "Inner", "Scan Direction": "Forward", "Index Name": "movie_id_cast_info", "Relation Name": "cast_info", "Alias": "ci", "Startup Cost": 0.0, "Total Cost": 0.7, "Plan Rows": 6, "Plan Width": 8, "Index Cond": "(movie_id = mk.movie_id)"}]}, {"Node Type": "Index Scan", "Parent Relationship": "Inner", "Scan Direction": "Forward", "Index Name": "name_pkey", "Relation Name": "name", "Alias": "n", "Startup Cost": 0.0, "Total Cost": 0.28, "Plan Rows": 1, "Plan Width": 19, "Index Cond": "(id = ci.person_id)", "Filter": "((name)::text ~~ '%Downey%Robert%'::text)"}]}, {"Node Type": "Index Scan", "Parent Relationship": "Inner", "Scan Direction": "Forward", "Index Name": "title_pkey", "Relation Name": "title", "Alias": "t", "Startup Cost": 0.0, "Total Cost": 0.28, "Plan Rows": 1, "Plan Width": 21, "Index Cond": "(id = ci.movie_id)", "Filter": "(production_year > 2010)"}]}]}, "Unique SQL Id": 4208751436, "Planner Runtime": 2}, "explain_analyze_plan": {"Plan": {"Node Type": "Aggregate", "Strategy": "Plain", "Startup Cost": 3404.02, "Total Cost": 3404.03, "Plan Rows": 1, "Plan Width": 144, "Actual Startup Time": 129.093, "Actual Total Time": 129.094, "Actual Rows": 1, "Actual Loops": 1, "Plans": [{"Node Type": "Nested Loop", "Parent Relationship": "Outer", "Join Type": "Inner", "Startup Cost": 0.0, "Total Cost": 3404.01, "Plan Rows": 1, "Plan Width": 48, "Actual Startup Time": 8.547, "Actual Total Time": 129.04, "Actual Rows": 6, "Actual Loops": 1, "Inner Unique": true, "Join Filter": "(mk.movie_id = t.id)", "Rows Removed by Join Filter": 0, "Plans": [{"Node Type": "Nested Loop", "Parent Relationship": "Outer", "Join Type": "Inner", "Startup Cost": 0.0, "Total Cost": 3403.72, "Plan Rows": 1, "Plan Width": 39, "Actual Startup Time": 8.53, "Actual Total Time": 128.988, "Actual Rows": 6, "Actual Loops": 1, "Inner Unique": true, "Plans": [{"Node Type": "Nested Loop", "Parent Relationship": "Outer", "Join Type": "Inner", "Startup Cost": 0.0, "Total Cost": 3345.17, "Plan Rows": 202, "Plan Width": 28, "Actual Startup Time": 6.99, "Actual Total Time": 122.056, "Actual Rows": 1242, "Actual Loops": 1, "Inner Unique": false, "Plans": [{"Node Type": "Nested Loop", "Parent Relationship": "Outer", "Join Type": "Inner", "Startup Cost": 0.0, "Total Cost": 3319.92, "Plan Rows": 33, "Plan Width": 20, "Actual Startup Time": 6.977, "Actual Total Time": 119.872, "Actual Rows": 14, "Actual Loops": 1, "Inner Unique": false, "Plans": [{"Node Type": "Index Scan", "Parent Relationship": "Outer", "Scan Direction": "Forward", "Index Name": "keyword_pkey", "Relation Name": "keyword", "Alias": "k", "Startup Cost": 0.0, "Total Cost": 3182.72, "Plan Rows": 1, "Plan Width": 20, "Actual Startup Time": 6.958, "Actual Total Time": 119.824, "Actual Rows": 1, "Actual Loops": 1, "Filter": "((keyword)::text = 'marvel-cinematic-universe'::text)", "Rows Removed by Filter": 134168}, {"Node Type": "Index Scan", "Parent Relationship": "Inner", "Scan Direction": "Forward", "Index Name": "keyword_id_movie_keyword", "Relation Name": "movie_keyword", "Alias": "mk", "Startup Cost": 0.0, "Total Cost": 136.88, "Plan Rows": 33, "Plan Width": 8, "Actual Startup Time": 0.012, "Actual Total Time": 0.032, "Actual Rows": 14, "Actual Loops": 1, "Index Cond": "(keyword_id = k.id)", "Rows Removed by Index Recheck": 0}]}, {"Node Type": "Index Scan", "Parent Relationship": "Inner", "Scan Direction": "Forward", "Index Name": "movie_id_cast_info", "Relation Name": "cast_info", "Alias": "ci", "Startup Cost": 0.0, "Total Cost": 0.7, "Plan Rows": 6, "Plan Width": 8, "Actual Startup Time": 0.158, "Actual Total Time": 1.852, "Actual Rows": 1242, "Actual Loops": 14, "Index Cond": "(movie_id = mk.movie_id)", "Rows Removed by Index Recheck": 0}]}, {"Node Type": "Index Scan", "Parent Relationship": "Inner", "Scan Direction": "Forward", "Index Name": "name_pkey", "Relation Name": "name", "Alias": "n", "Startup Cost": 0.0, "Total Cost": 0.28, "Plan Rows": 1, "Plan Width": 19, "Actual Startup Time": 6.301, "Actual Total Time": 6.301, "Actual Rows": 6, "Actual Loops": 1242, "Index Cond": "(id = ci.person_id)", "Rows Removed by Index Recheck": 0, "Filter": "((name)::text ~~ '%Downey%Robert%'::text)", "Rows Removed by Filter": 1236}]}, {"Node Type": "Index Scan", "Parent Relationship": "Inner", "Scan Direction": "Forward", "Index Name": "title_pkey", "Relation Name": "title", "Alias": "t", "Startup Cost": 0.0, "Total Cost": 0.28, "Plan Rows": 1, "Plan Width": 21, "Actual Startup Time": 0.038, "Actual Total Time": 0.038, "Actual Rows": 6, "Actual Loops": 6, "Index Cond": "(id = ci.movie_id)", "Rows Removed by Index Recheck": 0, "Filter": "(production_year > 2010)", "Rows Removed by Filter": 0}]}]}, "Triggers": [], "Planner Runtime": 8.278, "Total Runtime": 129.388, "Unique SQL Id": 4208751436}}, "(16, '126')": {"explain_plan": {"Plan": {"Node Type": "Aggregate", "Strategy": "Plain", "Startup Cost": 385221.74, "Total Cost": 385221.75, "Plan Rows": 1, "Plan Width": 144, "Plans": [{"Node Type": "Nested Loop", "Parent Relationship": "Outer", "Join Type": "Inner", "Startup Cost": 0.0, "Total Cost": 385221.73, "Plan Rows": 1, "Plan Width": 48, "Inner Unique": true, "Join Filter": "(mk.movie_id = t.id)", "Plans": [{"Node Type": "Nested Loop", "Parent Relationship": "Outer", "Join Type": "Inner", "Startup Cost": 0.0, "Total Cost": 352730.91, "Plan Rows": 1, "Plan Width": 39, "Inner Unique": false, "Join Filter": "(ci.person_id = n.id)", "Plans": [{"Node Type": "Streaming(type: LOCAL GATHER dop: 1/16)", "Parent Relationship": "Outer", "Startup Cost": 0.0, "Total Cost": 21477.12, "Plan Rows": 415, "Plan Width": 19, "Plans": [{"Node Type": "Seq Scan", "Parent Relationship": "Outer", "Relation Name": "name", "Alias": "n", "Startup Cost": 0.0, "Total Cost": 21468.16, "Plan Rows": 415, "Plan Width": 19, "Filter": "((name)::text ~~ '%Downey%Robert%'::text)"}]}, {"Node Type": "Materialize", "Parent Relationship": "Inner", "Startup Cost": 0.0, "Total Cost": 329996.85, "Plan Rows": 202, "Plan Width": 28, "Plans": [{"Node Type": "Streaming(type: LOCAL GATHER dop: 1/16)", "Parent Relationship": "Outer", "Startup Cost": 0.0, "Total Cost": 329995.84, "Plan Rows": 202, "Plan Width": 28, "Plans": [{"Node Type": "Nested Loop", "Parent Relationship": "Outer", "Join Type": "Inner", "Startup Cost": 0.0, "Total Cost": 329991.48, "Plan Rows": 202, "Plan Width": 28, "Inner Unique": false, "Join Filter": "(mk.movie_id = ci.movie_id)", "Plans": [{"Node Type": "Streaming(type: LOCAL REDISTRIBUTE dop: 16/16)", "Parent Relationship": "Outer", "Startup Cost": 0.0, "Total Cost": 205006.86, "Plan Rows": 36259494, "Plan Width": 8, "Plans": [{"Node Type": "Seq Scan", "Parent Relationship": "Outer", "Relation Name": "cast_info", "Alias": "ci", "Startup Cost": 0.0, "Total Cost": 52617.37, "Plan Rows": 36259494, "Plan Width": 8}]}, {"Node Type": "Materialize", "Parent Relationship": "Inner", "Startup Cost": 0.0, "Total Cost": 54873.49, "Plan Rows": 33, "Plan Width": 20, "Plans": [{"Node Type": "Streaming(type: LOCAL REDISTRIBUTE dop: 16/16)", "Parent Relationship": "Outer", "Startup Cost": 0.0, "Total Cost": 54873.48, "Plan Rows": 33, "Plan Width": 20, "Plans": [{"Node Type": "Nested Loop", "Parent Relationship": "Outer", "Join Type": "Inner", "Startup Cost": 0.0, "Total Cost": 39873.36, "Plan Rows": 33, "Plan Width": 20, "Inner Unique": false, "Join Filter": "(k.id = mk.keyword_id)", "Plans": [{"Node Type": "Streaming(type: BROADCAST dop: 16/1)", "Parent Relationship": "Outer", "Startup Cost": 0.0, "Total Cost": 17436.46, "Plan Rows": 16, "Plan Width": 20, "Plans": [{"Node Type": "Seq Scan", "Parent Relationship": "Outer", "Relation Name": "keyword", "Alias": "k", "Startup Cost": 0.0, "Total Cost": 2436.11, "Plan Rows": 1, "Plan Width": 20, "Filter": "((keyword)::text = 'marvel-cinematic-universe'::text)"}]}, {"Node Type": "Seq Scan", "Parent Relationship": "Inner", "Relation Name": "movie_keyword", "Alias": "mk", "Startup Cost": 0.0, "Total Cost": 18902.58, "Plan Rows": 4523929, "Plan Width": 8}]}]}]}]}]}]}]}, {"Node Type": "Materialize", "Parent Relationship": "Inner", "Startup Cost": 0.0, "Total Cost": 28576.3, "Plan Rows": 391451, "Plan Width": 21, "Plans": [{"Node Type": "Streaming(type: LOCAL GATHER dop: 1/16)", "Parent Relationship": "Outer", "Startup Cost": 0.0, "Total Cost": 27597.68, "Plan Rows": 391451, "Plan Width": 21, "Plans": [{"Node Type": "Seq Scan", "Parent Relationship": "Outer", "Relation Name": "title", "Alias": "t", "Startup Cost": 0.0, "Total Cost": 19149.37, "Plan Rows": 391451, "Plan Width": 21, "Filter": "(production_year > 2010), (LLVM Optimized)"}]}]}]}]}, "Unique SQL Id": 4208751436, "Planner Runtime": 2}, "explain_analyze_plan": null}, "(16, '127')": {"explain_plan": {"Plan": {"Node Type": "Aggregate", "Strategy": "Plain", "Startup Cost": 5000223041129.71, "Total Cost": 5000223041129.72, "Plan Rows": 1, "Plan Width": 144, "Plans": [{"Node Type": "Nested Loop", "Parent Relationship": "Outer", "Join Type": "Inner", "Startup Cost": 50000000000.0, "Total Cost": 5000223041129.7, "Plan Rows": 1, "Plan Width": 48, "Inner Unique": true, "Join Filter": "(mk.movie_id = t.id)", "Plans": [{"Node Type": "Nested Loop", "Parent Relationship": "Outer", "Join Type": "Inner", "Startup Cost": 40000000000.0, "Total Cost": 4000223041101.96, "Plan Rows": 1, "Plan Width": 39, "Inner Unique": true, "Join Filter": "(ci.person_id = n.id)", "Plans": [{"Node Type": "Nested Loop", "Parent Relationship": "Outer", "Join Type": "Inner", "Startup Cost": 30000000000.0, "Total Cost": 3000204374696.26, "Plan Rows": 202, "Plan Width": 28, "Inner Unique": false, "Join Filter": "(mk.movie_id = ci.movie_id)", "Plans": [{"Node Type": "Nested Loop", "Parent Relationship": "Outer", "Join Type": "Inner", "Startup Cost": 20000000000.0, "Total Cost": 2000015686764.79, "Plan Rows": 33, "Plan Width": 20, "Inner Unique": true, "Join Filter": "(k.id = mk.keyword_id)", "Plans": [{"Node Type": "Index Scan", "Parent Relationship": "Outer", "Scan Direction": "Forward", "Index Name": "movie_id_movie_keyword", "Relation Name": "movie_keyword", "Alias": "mk", "Startup Cost": 10000000000.0, "Total Cost": 1000015300634.17, "Plan Rows": 4523929, "Plan Width": 8}, {"Node Type": "Materialize", "Parent Relationship": "Inner", "Startup Cost": 10000000000.0, "Total Cost": 1000000318271.69, "Plan Rows": 1, "Plan Width": 20, "Plans": [{"Node Type": "Index Scan", "Parent Relationship": "Outer", "Scan Direction": "Forward", "Index Name": "keyword_pkey", "Relation Name": "keyword", "Alias": "k", "Startup Cost": 10000000000.0, "Total Cost": 1000000318271.68, "Plan Rows": 1, "Plan Width": 20, "Filter": "((keyword)::text = 'marvel-cinematic-universe'::text)"}]}]}, {"Node Type": "Materialize", "Parent Relationship": "Inner", "Startup Cost": 10000000000.0, "Total Cost": 1000170830130.68, "Plan Rows": 36259494, "Plan Width": 8, "Plans": [{"Node Type": "Index Scan", "Parent Relationship": "Outer", "Scan Direction": "Forward", "Index Name": "person_id_cast_info", "Relation Name": "cast_info", "Alias": "ci", "Startup Cost": 10000000000.0, "Total Cost": 1000170648833.21, "Plan Rows": 36259494, "Plan Width": 8}]}]}, {"Node Type": "Materialize", "Parent Relationship": "Inner", "Startup Cost": 10000000000.0, "Total Cost": 1000018665149.28, "Plan Rows": 415, "Plan Width": 19, "Plans": [{"Node Type": "Index Scan", "Parent Relationship": "Outer", "Scan Direction": "Forward", "Index Name": "name_pkey", "Relation Name": "name", "Alias": "n", "Startup Cost": 10000000000.0, "Total Cost": 1000018665147.2, "Plan Rows": 415, "Plan Width": 19, "Filter": "((name)::text ~~ '%Downey%Robert%'::text)"}]}]}, {"Node Type": "Index Scan", "Parent Relationship": "Inner", "Scan Direction": "Forward", "Index Name": "title_pkey", "Relation Name": "title", "Alias": "t", "Startup Cost": 10000000000.0, "Total Cost": 1000000000027.74, "Plan Rows": 1, "Plan Width": 21, "Index Cond": "(id = ci.movie_id)", "Filter": "(production_year > 2010)"}]}]}, "Unique SQL Id": 4208751436, "Planner Runtime": 1}, "explain_analyze_plan": null}, "(64, '0')": {"explain_plan": {"Plan": {"Node Type": "Aggregate", "Strategy": "Plain", "Startup Cost": 2653.12, "Total Cost": 2653.13, "Plan Rows": 1, "Plan Width": 144, "Plans": [{"Node Type": "Nested Loop", "Parent Relationship": "Outer", "Join Type": "Inner", "Startup Cost": 4.51, "Total Cost": 2653.12, "Plan Rows": 1, "Plan Width": 48, "Inner Unique": true, "Join Filter": "(mk.movie_id = t.id)", "Plans": [{"Node Type": "Nested Loop", "Parent Relationship": "Outer", "Join Type": "Inner", "Startup Cost": 4.51, "Total Cost": 2652.83, "Plan Rows": 1, "Plan Width": 39, "Inner Unique": true, "Plans": [{"Node Type": "Nested Loop", "Parent Relationship": "Outer", "Join Type": "Inner", "Startup Cost": 4.51, "Total Cost": 2594.27, "Plan Rows": 202, "Plan Width": 28, "Inner Unique": false, "Plans": [{"Node Type": "Nested Loop", "Parent Relationship": "Outer", "Join Type": "Inner", "Startup Cost": 4.51, "Total Cost": 2569.02, "Plan Rows": 33, "Plan Width": 20, "Inner Unique": false, "Plans": [{"Node Type": "Seq Scan", "Parent Relationship": "Outer", "Relation Name": "keyword", "Alias": "k", "Startup Cost": 0.0, "Total Cost": 2436.11, "Plan Rows": 1, "Plan Width": 20, "Filter": "((keyword)::text = 'marvel-cinematic-universe'::text)"}, {"Node Type": "Bitmap Heap Scan", "Parent Relationship": "Inner", "Relation Name": "movie_keyword", "Alias": "mk", "Startup Cost": 4.51, "Total Cost": 132.58, "Plan Rows": 33, "Plan Width": 8, "Recheck Cond": "(keyword_id = k.id)", "Plans": [{"Node Type": "Bitmap Index Scan", "Parent Relationship": "Outer", "Index Name": "keyword_id_movie_keyword", "Startup Cost": 0.0, "Total Cost": 4.5, "Plan Rows": 33, "Plan Width": 0, "Index Cond": "(keyword_id = k.id)"}]}]}, {"Node Type": "Index Scan", "Parent Relationship": "Inner", "Scan Direction": "Forward", "Index Name": "movie_id_cast_info", "Relation Name": "cast_info", "Alias": "ci", "Startup Cost": 0.0, "Total Cost": 0.7, "Plan Rows": 6, "Plan Width": 8, "Index Cond": "(movie_id = mk.movie_id)"}]}, {"Node Type": "Index Scan", "Parent Relationship": "Inner", "Scan Direction": "Forward", "Index Name": "name_pkey", "Relation Name": "name", "Alias": "n", "Startup Cost": 0.0, "Total Cost": 0.28, "Plan Rows": 1, "Plan Width": 19, "Index Cond": "(id = ci.person_id)", "Filter": "((name)::text ~~ '%Downey%Robert%'::text)"}]}, {"Node Type": "Index Scan", "Parent Relationship": "Inner", "Scan Direction": "Forward", "Index Name": "title_pkey", "Relation Name": "title", "Alias": "t", "Startup Cost": 0.0, "Total Cost": 0.28, "Plan Rows": 1, "Plan Width": 21, "Index Cond": "(id = ci.movie_id)", "Filter": "(production_year > 2010)"}]}]}, "Unique SQL Id": 4208751436, "Planner Runtime": 10}, "explain_analyze_plan": {"Plan": {"Node Type": "Aggregate", "Strategy": "Plain", "Startup Cost": 2653.12, "Total Cost": 2653.13, "Plan Rows": 1, "Plan Width": 144, "Actual Startup Time": 53.108, "Actual Total Time": 53.108, "Actual Rows": 1, "Actual Loops": 1, "Plans": [{"Node Type": "Nested Loop", "Parent Relationship": "Outer", "Join Type": "Inner", "Startup Cost": 4.51, "Total Cost": 2653.12, "Plan Rows": 1, "Plan Width": 48, "Actual Startup Time": 3.077, "Actual Total Time": 53.078, "Actual Rows": 6, "Actual Loops": 1, "Inner Unique": true, "Join Filter": "(mk.movie_id = t.id)", "Rows Removed by Join Filter": 0, "Plans": [{"Node Type": "Nested Loop", "Parent Relationship": "Outer", "Join Type": "Inner", "Startup Cost": 4.51, "Total Cost": 2652.83, "Plan Rows": 1, "Plan Width": 39, "Actual Startup Time": 3.044, "Actual Total Time": 53.008, "Actual Rows": 6, "Actual Loops": 1, "Inner Unique": true, "Plans": [{"Node Type": "Nested Loop", "Parent Relationship": "Outer", "Join Type": "Inner", "Startup Cost": 4.51, "Total Cost": 2594.27, "Plan Rows": 202, "Plan Width": 28, "Actual Startup Time": 1.158, "Actual Total Time": 45.186, "Actual Rows": 1242, "Actual Loops": 1, "Inner Unique": false, "Plans": [{"Node Type": "Nested Loop", "Parent Relationship": "Outer", "Join Type": "Inner", "Startup Cost": 4.51, "Total Cost": 2569.02, "Plan Rows": 33, "Plan Width": 20, "Actual Startup Time": 1.138, "Actual Total Time": 42.528, "Actual Rows": 14, "Actual Loops": 1, "Inner Unique": false, "Plans": [{"Node Type": "Seq Scan", "Parent Relationship": "Outer", "Relation Name": "keyword", "Alias": "k", "Startup Cost": 0.0, "Total Cost": 2436.11, "Plan Rows": 1, "Plan Width": 20, "Actual Startup Time": 1.095, "Actual Total Time": 42.442, "Actual Rows": 1, "Actual Loops": 1, "Filter": "((keyword)::text = 'marvel-cinematic-universe'::text)", "Rows Removed by Filter": 134168}, {"Node Type": "Bitmap Heap Scan", "Parent Relationship": "Inner", "Relation Name": "movie_keyword", "Alias": "mk", "Startup Cost": 4.51, "Total Cost": 132.58, "Plan Rows": 33, "Plan Width": 8, "Actual Startup Time": 0.035, "Actual Total Time": 0.069, "Actual Rows": 14, "Actual Loops": 1, "Recheck Cond": "(keyword_id = k.id)", "Rows Removed by Index Recheck": 0, "Exact Heap Blocks": 13, "Lossy Heap Blocks": 13, "Plans": [{"Node Type": "Bitmap Index Scan", "Parent Relationship": "Outer", "Index Name": "keyword_id_movie_keyword", "Startup Cost": 0.0, "Total Cost": 4.5, "Plan Rows": 33, "Plan Width": 0, "Actual Startup Time": 0.021, "Actual Total Time": 0.021, "Actual Rows": 14, "Actual Loops": 1, "Index Cond": "(keyword_id = k.id)"}]}]}, {"Node Type": "Index Scan", "Parent Relationship": "Inner", "Scan Direction": "Forward", "Index Name": "movie_id_cast_info", "Relation Name": "cast_info", "Alias": "ci", "Startup Cost": 0.0, "Total Cost": 0.7, "Plan Rows": 6, "Plan Width": 8, "Actual Startup Time": 0.192, "Actual Total Time": 2.354, "Actual Rows": 1242, "Actual Loops": 14, "Index Cond": "(movie_id = mk.movie_id)", "Rows Removed by Index Recheck": 0}]}, {"Node Type": "Index Scan", "Parent Relationship": "Inner", "Scan Direction": "Forward", "Index Name": "name_pkey", "Relation Name": "name", "Alias": "n", "Startup Cost": 0.0, "Total Cost": 0.28, "Plan Rows": 1, "Plan Width": 19, "Actual Startup Time": 7.222, "Actual Total Time": 7.222, "Actual Rows": 6, "Actual Loops": 1242, "Index Cond": "(id = ci.person_id)", "Rows Removed by Index Recheck": 0, "Filter": "((name)::text ~~ '%Downey%Robert%'::text)", "Rows Removed by Filter": 1236}]}, {"Node Type": "Index Scan", "Parent Relationship": "Inner", "Scan Direction": "Forward", "Index Name": "title_pkey", "Relation Name": "title", "Alias": "t", "Startup Cost": 0.0, "Total Cost": 0.28, "Plan Rows": 1, "Plan Width": 21, "Actual Startup Time": 0.048, "Actual Total Time": 0.048, "Actual Rows": 6, "Actual Loops": 6, "Index Cond": "(id = ci.movie_id)", "Rows Removed by Index Recheck": 0, "Filter": "(production_year > 2010)", "Rows Removed by Filter": 0}]}]}, "Triggers": [], "Planner Runtime": 9.728, "Total Runtime": 53.358, "Unique SQL Id": 4208751436}}, "(64, '1')": {"explain_plan": {"Plan": {"Node Type": "Aggregate", "Strategy": "Plain", "Startup Cost": 3399.73, "Total Cost": 3399.74, "Plan Rows": 1, "Plan Width": 144, "Plans": [{"Node Type": "Nested Loop", "Parent Relationship": "Outer", "Join Type": "Inner", "Startup Cost": 4.51, "Total Cost": 3399.72, "Plan Rows": 1, "Plan Width": 48, "Inner Unique": true, "Join Filter": "(mk.movie_id = t.id)", "Plans": [{"Node Type": "Nested Loop", "Parent Relationship": "Outer", "Join Type": "Inner", "Startup Cost": 4.51, "Total Cost": 3399.43, "Plan Rows": 1, "Plan Width": 39, "Inner Unique": true, "Plans": [{"Node Type": "Nested Loop", "Parent Relationship": "Outer", "Join Type": "Inner", "Startup Cost": 4.51, "Total Cost": 3340.87, "Plan Rows": 202, "Plan Width": 28, "Inner Unique": false, "Plans": [{"Node Type": "Nested Loop", "Parent Relationship": "Outer", "Join Type": "Inner", "Startup Cost": 4.51, "Total Cost": 3315.63, "Plan Rows": 33, "Plan Width": 20, "Inner Unique": false, "Plans": [{"Node Type": "Index Scan", "Parent Relationship": "Outer", "Scan Direction": "Forward", "Index Name": "keyword_pkey", "Relation Name": "keyword", "Alias": "k", "Startup Cost": 0.0, "Total Cost": 3182.72, "Plan Rows": 1, "Plan Width": 20, "Filter": "((keyword)::text = 'marvel-cinematic-universe'::text)"}, {"Node Type": "Bitmap Heap Scan", "Parent Relationship": "Inner", "Relation Name": "movie_keyword", "Alias": "mk", "Startup Cost": 4.51, "Total Cost": 132.58, "Plan Rows": 33, "Plan Width": 8, "Recheck Cond": "(keyword_id = k.id)", "Plans": [{"Node Type": "Bitmap Index Scan", "Parent Relationship": "Outer", "Index Name": "keyword_id_movie_keyword", "Startup Cost": 0.0, "Total Cost": 4.5, "Plan Rows": 33, "Plan Width": 0, "Index Cond": "(keyword_id = k.id)"}]}]}, {"Node Type": "Index Scan", "Parent Relationship": "Inner", "Scan Direction": "Forward", "Index Name": "movie_id_cast_info", "Relation Name": "cast_info", "Alias": "ci", "Startup Cost": 0.0, "Total Cost": 0.7, "Plan Rows": 6, "Plan Width": 8, "Index Cond": "(movie_id = mk.movie_id)"}]}, {"Node Type": "Index Scan", "Parent Relationship": "Inner", "Scan Direction": "Forward", "Index Name": "name_pkey", "Relation Name": "name", "Alias": "n", "Startup Cost": 0.0, "Total Cost": 0.28, "Plan Rows": 1, "Plan Width": 19, "Index Cond": "(id = ci.person_id)", "Filter": "((name)::text ~~ '%Downey%Robert%'::text)"}]}, {"Node Type": "Index Scan", "Parent Relationship": "Inner", "Scan Direction": "Forward", "Index Name": "title_pkey", "Relation Name": "title", "Alias": "t", "Startup Cost": 0.0, "Total Cost": 0.28, "Plan Rows": 1, "Plan Width": 21, "Index Cond": "(id = ci.movie_id)", "Filter": "(production_year > 2010)"}]}]}, "Unique SQL Id": 4208751436, "Planner Runtime": 8}, "explain_analyze_plan": {"Plan": {"Node Type": "Aggregate", "Strategy": "Plain", "Startup Cost": 3399.73, "Total Cost": 3399.74, "Plan Rows": 1, "Plan Width": 144, "Actual Startup Time": 139.429, "Actual Total Time": 139.43, "Actual Rows": 1, "Actual Loops": 1, "Plans": [{"Node Type": "Nested Loop", "Parent Relationship": "Outer", "Join Type": "Inner", "Startup Cost": 4.51, "Total Cost": 3399.72, "Plan Rows": 1, "Plan Width": 48, "Actual Startup Time": 9.73, "Actual Total Time": 139.398, "Actual Rows": 6, "Actual Loops": 1, "Inner Unique": true, "Join Filter": "(mk.movie_id = t.id)", "Rows Removed by Join Filter": 0, "Plans": [{"Node Type": "Nested Loop", "Parent Relationship": "Outer", "Join Type": "Inner", "Startup Cost": 4.51, "Total Cost": 3399.43, "Plan Rows": 1, "Plan Width": 39, "Actual Startup Time": 9.698, "Actual Total Time": 139.332, "Actual Rows": 6, "Actual Loops": 1, "Inner Unique": true, "Plans": [{"Node Type": "Nested Loop", "Parent Relationship": "Outer", "Join Type": "Inner", "Startup Cost": 4.51, "Total Cost": 3340.87, "Plan Rows": 202, "Plan Width": 28, "Actual Startup Time": 8.151, "Actual Total Time": 132.477, "Actual Rows": 1242, "Actual Loops": 1, "Inner Unique": false, "Plans": [{"Node Type": "Nested Loop", "Parent Relationship": "Outer", "Join Type": "Inner", "Startup Cost": 4.51, "Total Cost": 3315.63, "Plan Rows": 33, "Plan Width": 20, "Actual Startup Time": 8.136, "Actual Total Time": 130.28, "Actual Rows": 14, "Actual Loops": 1, "Inner Unique": false, "Plans": [{"Node Type": "Index Scan", "Parent Relationship": "Outer", "Scan Direction": "Forward", "Index Name": "keyword_pkey", "Relation Name": "keyword", "Alias": "k", "Startup Cost": 0.0, "Total Cost": 3182.72, "Plan Rows": 1, "Plan Width": 20, "Actual Startup Time": 8.1, "Actual Total Time": 130.203, "Actual Rows": 1, "Actual Loops": 1, "Filter": "((keyword)::text = 'marvel-cinematic-universe'::text)", "Rows Removed by Filter": 134168}, {"Node Type": "Bitmap Heap Scan", "Parent Relationship": "Inner", "Relation Name": "movie_keyword", "Alias": "mk", "Startup Cost": 4.51, "Total Cost": 132.58, "Plan Rows": 33, "Plan Width": 8, "Actual Startup Time": 0.027, "Actual Total Time": 0.057, "Actual Rows": 14, "Actual Loops": 1, "Recheck Cond": "(keyword_id = k.id)", "Rows Removed by Index Recheck": 0, "Exact Heap Blocks": 13, "Lossy Heap Blocks": 13, "Plans": [{"Node Type": "Bitmap Index Scan", "Parent Relationship": "Outer", "Index Name": "keyword_id_movie_keyword", "Startup Cost": 0.0, "Total Cost": 4.5, "Plan Rows": 33, "Plan Width": 0, "Actual Startup Time": 0.016, "Actual Total Time": 0.016, "Actual Rows": 14, "Actual Loops": 1, "Index Cond": "(keyword_id = k.id)"}]}]}, {"Node Type": "Index Scan", "Parent Relationship": "Inner", "Scan Direction": "Forward", "Index Name": "movie_id_cast_info", "Relation Name": "cast_info", "Alias": "ci", "Startup Cost": 0.0, "Total Cost": 0.7, "Plan Rows": 6, "Plan Width": 8, "Actual Startup Time": 0.164, "Actual Total Time": 1.871, "Actual Rows": 1242, "Actual Loops": 14, "Index Cond": "(movie_id = mk.movie_id)", "Rows Removed by Index Recheck": 0}]}, {"Node Type": "Index Scan", "Parent Relationship": "Inner", "Scan Direction": "Forward", "Index Name": "name_pkey", "Relation Name": "name", "Alias": "n", "Startup Cost": 0.0, "Total Cost": 0.28, "Plan Rows": 1, "Plan Width": 19, "Actual Startup Time": 6.215, "Actual Total Time": 6.215, "Actual Rows": 6, "Actual Loops": 1242, "Index Cond": "(id = ci.person_id)", "Rows Removed by Index Recheck": 0, "Filter": "((name)::text ~~ '%Downey%Robert%'::text)", "Rows Removed by Filter": 1236}]}, {"Node Type": "Index Scan", "Parent Relationship": "Inner", "Scan Direction": "Forward", "Index Name": "title_pkey", "Relation Name": "title", "Alias": "t", "Startup Cost": 0.0, "Total Cost": 0.28, "Plan Rows": 1, "Plan Width": 21, "Actual Startup Time": 0.046, "Actual Total Time": 0.046, "Actual Rows": 6, "Actual Loops": 6, "Index Cond": "(id = ci.movie_id)", "Rows Removed by Index Recheck": 0, "Filter": "(production_year > 2010)", "Rows Removed by Filter": 0}]}]}, "Triggers": [], "Planner Runtime": 8.292, "Total Runtime": 139.725, "Unique SQL Id": 4208751436}}, "(64, '2')": {"explain_plan": {"Plan": {"Node Type": "Aggregate", "Strategy": "Plain", "Startup Cost": 3810.23, "Total Cost": 3810.24, "Plan Rows": 1, "Plan Width": 144, "Plans": [{"Node Type": "Nested Loop", "Parent Relationship": "Outer", "Join Type": "Inner", "Startup Cost": 5.45, "Total Cost": 3809.16, "Plan Rows": 143, "Plan Width": 48, "Inner Unique": true, "Plans": [{"Node Type": "Nested Loop", "Parent Relationship": "Outer", "Join Type": "Inner", "Startup Cost": 5.19, "Total Cost": 2875.14, "Plan Rows": 218, "Plan Width": 37, "Inner Unique": false, "Join Filter": "(t.id = ci.movie_id)", "Plans": [{"Node Type": "Nested Loop", "Parent Relationship": "Outer", "Join Type": "Inner", "Startup Cost": 4.77, "Total Cost": 2710.63, "Plan Rows": 36, "Plan Width": 41, "Inner Unique": true, "Plans": [{"Node Type": "Nested Loop", "Parent Relationship": "Outer", "Join Type": "Inner", "Startup Cost": 4.51, "Total Cost": 2569.02, "Plan Rows": 33, "Plan Width": 20, "Inner Unique": false, "Plans": [{"Node Type": "Seq Scan", "Parent Relationship": "Outer", "Relation Name": "keyword", "Alias": "k", "Startup Cost": 0.0, "Total Cost": 2436.11, "Plan Rows": 1, "Plan Width": 20, "Filter": "((keyword)::text = 'marvel-cinematic-universe'::text)"}, {"Node Type": "Bitmap Heap Scan", "Parent Relationship": "Inner", "Relation Name": "movie_keyword", "Alias": "mk", "Startup Cost": 4.51, "Total Cost": 132.58, "Plan Rows": 33, "Plan Width": 8, "Recheck Cond": "(keyword_id = k.id)", "Plans": [{"Node Type": "Bitmap Index Scan", "Parent Relationship": "Outer", "Index Name": "keyword_id_movie_keyword", "Startup Cost": 0.0, "Total Cost": 4.5, "Plan Rows": 33, "Plan Width": 0, "Index Cond": "(keyword_id = k.id)"}]}]}, {"Node Type": "Bitmap Heap Scan", "Parent Relationship": "Inner", "Relation Name": "title", "Alias": "t", "Startup Cost": 0.27, "Total Cost": 4.28, "Plan Rows": 1, "Plan Width": 21, "Recheck Cond": "(id = mk.movie_id)", "Filter": "(production_year > 2010)", "Plans": [{"Node Type": "Bitmap Index Scan", "Parent Relationship": "Outer", "Index Name": "title_pkey", "Startup Cost": 0.0, "Total Cost": 0.27, "Plan Rows": 1, "Plan Width": 0, "Index Cond": "(id = mk.movie_id)"}]}]}, {"Node Type": "Bitmap Heap Scan", "Parent Relationship": "Inner", "Relation Name": "cast_info", "Alias": "ci", "Startup Cost": 0.42, "Total Cost": 4.49, "Plan Rows": 6, "Plan Width": 8, "Recheck Cond": "(movie_id = mk.movie_id)", "Plans": [{"Node Type": "Bitmap Index Scan", "Parent Relationship": "Outer", "Index Name": "movie_id_cast_info", "Startup Cost": 0.0, "Total Cost": 0.42, "Plan Rows": 6, "Plan Width": 0, "Index Cond": "(movie_id = mk.movie_id)"}]}]}, {"Node Type": "Bitmap Heap Scan", "Parent Relationship": "Inner", "Relation Name": "name", "Alias": "n", "Startup Cost": 0.26, "Total Cost": 4.27, "Plan Rows": 1, "Plan Width": 19, "Recheck Cond": "(id = ci.person_id)", "Filter": "((name)::text ~~ '%Downey%Robert%'::text)", "Plans": [{"Node Type": "Bitmap Index Scan", "Parent Relationship": "Outer", "Index Name": "name_pkey", "Startup Cost": 0.0, "Total Cost": 0.26, "Plan Rows": 1, "Plan Width": 0, "Index Cond": "(id = ci.person_id)"}]}]}]}, "Unique SQL Id": 4208751436, "Planner Runtime": 10}, "explain_analyze_plan": {"Plan": {"Node Type": "Aggregate", "Strategy": "Plain", "Startup Cost": 3810.23, "Total Cost": 3810.24, "Plan Rows": 1, "Plan Width": 144, "Actual Startup Time": 56.348, "Actual Total Time": 56.348, "Actual Rows": 1, "Actual Loops": 1, "Plans": [{"Node Type": "Nested Loop", "Parent Relationship": "Outer", "Join Type": "Inner", "Startup Cost": 5.45, "Total Cost": 3809.16, "Plan Rows": 143, "Plan Width": 48, "Actual Startup Time": 4.076, "Actual Total Time": 56.316, "Actual Rows": 6, "Actual Loops": 1, "Inner Unique": true, "Plans": [{"Node Type": "Nested Loop", "Parent Relationship": "Outer", "Join Type": "Inner", "Startup Cost": 5.19, "Total Cost": 2875.14, "Plan Rows": 218, "Plan Width": 37, "Actual Startup Time": 1.279, "Actual Total Time": 46.811, "Actual Rows": 1224, "Actual Loops": 1, "Inner Unique": false, "Join Filter": "(t.id = ci.movie_id)", "Rows Removed by Join Filter": 0, "Plans": [{"Node Type": "Nested Loop", "Parent Relationship": "Outer", "Join Type": "Inner", "Startup Cost": 4.77, "Total Cost": 2710.63, "Plan Rows": 36, "Plan Width": 41, "Actual Startup Time": 1.241, "Actual Total Time": 43.379, "Actual Rows": 11, "Actual Loops": 1, "Inner Unique": true, "Plans": [{"Node Type": "Nested Loop", "Parent Relationship": "Outer", "Join Type": "Inner", "Startup Cost": 4.51, "Total Cost": 2569.02, "Plan Rows": 33, "Plan Width": 20, "Actual Startup Time": 1.135, "Actual Total Time": 42.397, "Actual Rows": 14, "Actual Loops": 1, "Inner Unique": false, "Plans": [{"Node Type": "Seq Scan", "Parent Relationship": "Outer", "Relation Name": "keyword", "Alias": "k", "Startup Cost": 0.0, "Total Cost": 2436.11, "Plan Rows": 1, "Plan Width": 20, "Actual Startup Time": 1.097, "Actual Total Time": 42.316, "Actual Rows": 1, "Actual Loops": 1, "Filter": "((keyword)::text = 'marvel-cinematic-universe'::text)", "Rows Removed by Filter": 134168}, {"Node Type": "Bitmap Heap Scan", "Parent Relationship": "Inner", "Relation Name": "movie_keyword", "Alias": "mk", "Startup Cost": 4.51, "Total Cost": 132.58, "Plan Rows": 33, "Plan Width": 8, "Actual Startup Time": 0.032, "Actual Total Time": 0.066, "Actual Rows": 14, "Actual Loops": 1, "Recheck Cond": "(keyword_id = k.id)", "Rows Removed by Index Recheck": 0, "Exact Heap Blocks": 13, "Lossy Heap Blocks": 13, "Plans": [{"Node Type": "Bitmap Index Scan", "Parent Relationship": "Outer", "Index Name": "keyword_id_movie_keyword", "Startup Cost": 0.0, "Total Cost": 4.5, "Plan Rows": 33, "Plan Width": 0, "Actual Startup Time": 0.019, "Actual Total Time": 0.019, "Actual Rows": 14, "Actual Loops": 1, "Index Cond": "(keyword_id = k.id)"}]}]}, {"Node Type": "Bitmap Heap Scan", "Parent Relationship": "Inner", "Relation Name": "title", "Alias": "t", "Startup Cost": 0.27, "Total Cost": 4.28, "Plan Rows": 1, "Plan Width": 21, "Actual Startup Time": 0.957, "Actual Total Time": 0.957, "Actual Rows": 11, "Actual Loops": 14, "Recheck Cond": "(id = mk.movie_id)", "Rows Removed by Index Recheck": 0, "Filter": "(production_year > 2010)", "Rows Removed by Filter": 3, "Exact Heap Blocks": 14, "Lossy Heap Blocks": 14, "Plans": [{"Node Type": "Bitmap Index Scan", "Parent Relationship": "Outer", "Index Name": "title_pkey", "Startup Cost": 0.0, "Total Cost": 0.27, "Plan Rows": 1, "Plan Width": 0, "Actual Startup Time": 0.544, "Actual Total Time": 0.544, "Actual Rows": 14, "Actual Loops": 14, "Index Cond": "(id = mk.movie_id)"}]}]}, {"Node Type": "Bitmap Heap Scan", "Parent Relationship": "Inner", "Relation Name": "cast_info", "Alias": "ci", "Startup Cost": 0.42, "Total Cost": 4.49, "Plan Rows": 6, "Plan Width": 8, "Actual Startup Time": 0.64, "Actual Total Time": 2.909, "Actual Rows": 1224, "Actual Loops": 11, "Recheck Cond": "(movie_id = mk.movie_id)", "Rows Removed by Index Recheck": 0, "Exact Heap Blocks": 1166, "Lossy Heap Blocks": 1166, "Plans": [{"Node Type": "Bitmap Index Scan", "Parent Relationship": "Outer", "Index Name": "movie_id_cast_info", "Startup Cost": 0.0, "Total Cost": 0.42, "Plan Rows": 6, "Plan Width": 0, "Actual Startup Time": 0.411, "Actual Total Time": 0.411, "Actual Rows": 1224, "Actual Loops": 11, "Index Cond": "(movie_id = mk.movie_id)"}]}]}, {"Node Type": "Bitmap Heap Scan", "Parent Relationship": "Inner", "Relation Name": "name", "Alias": "n", "Startup Cost": 0.26, "Total Cost": 4.27, "Plan Rows": 1, "Plan Width": 19, "Actual Startup Time": 8.076, "Actual Total Time": 8.076, "Actual Rows": 6, "Actual Loops": 1224, "Recheck Cond": "(id = ci.person_id)", "Rows Removed by Index Recheck": 0, "Filter": "((name)::text ~~ '%Downey%Robert%'::text)", "Rows Removed by Filter": 1218, "Exact Heap Blocks": 1224, "Lossy Heap Blocks": 1224, "Plans": [{"Node Type": "Bitmap Index Scan", "Parent Relationship": "Outer", "Index Name": "name_pkey", "Startup Cost": 0.0, "Total Cost": 0.26, "Plan Rows": 1, "Plan Width": 0, "Actual Startup Time": 4.777, "Actual Total Time": 4.777, "Actual Rows": 1224, "Actual Loops": 1224, "Index Cond": "(id = ci.person_id)"}]}]}]}, "Triggers": [], "Planner Runtime": 10.13, "Total Runtime": 56.603, "Unique SQL Id": 4208751436}}, "(64, '3')": {"explain_plan": {"Plan": {"Node Type": "Aggregate", "Strategy": "Plain", "Startup Cost": 4529.32, "Total Cost": 4529.33, "Plan Rows": 1, "Plan Width": 144, "Plans": [{"Node Type": "Nested Loop", "Parent Relationship": "Outer", "Join Type": "Inner", "Startup Cost": 724.55, "Total Cost": 4528.25, "Plan Rows": 143, "Plan Width": 48, "Inner Unique": true, "Plans": [{"Node Type": "Nested Loop", "Parent Relationship": "Outer", "Join Type": "Inner", "Startup Cost": 724.29, "Total Cost": 3594.24, "Plan Rows": 218, "Plan Width": 37, "Inner Unique": false, "Join Filter": "(t.id = ci.movie_id)", "Plans": [{"Node Type": "Nested Loop", "Parent Relationship": "Outer", "Join Type": "Inner", "Startup Cost": 723.87, "Total Cost": 3429.72, "Plan Rows": 36, "Plan Width": 41, "Inner Unique": true, "Plans": [{"Node Type": "Nested Loop", "Parent Relationship": "Outer", "Join Type": "Inner", "Startup Cost": 723.6, "Total Cost": 3288.12, "Plan Rows": 33, "Plan Width": 20, "Inner Unique": false, "Plans": [{"Node Type": "Bitmap Heap Scan", "Parent Relationship": "Outer", "Relation Name": "keyword", "Alias": "k", "Startup Cost": 719.1, "Total Cost": 3155.21, "Plan Rows": 1, "Plan Width": 20, "Filter": "((keyword)::text = 'marvel-cinematic-universe'::text)", "Plans": [{"Node Type": "Bitmap Index Scan", "Parent Relationship": "Outer", "Index Name": "keyword_pkey", "Startup Cost": 0.0, "Total Cost": 719.1, "Plan Rows": 134169, "Plan Width": 0}]}, {"Node Type": "Bitmap Heap Scan", "Parent Relationship": "Inner", "Relation Name": "movie_keyword", "Alias": "mk", "Startup Cost": 4.51, "Total Cost": 132.58, "Plan Rows": 33, "Plan Width": 8, "Recheck Cond": "(keyword_id = k.id)", "Plans": [{"Node Type": "Bitmap Index Scan", "Parent Relationship": "Outer", "Index Name": "keyword_id_movie_keyword", "Startup Cost": 0.0, "Total Cost": 4.5, "Plan Rows": 33, "Plan Width": 0, "Index Cond": "(keyword_id = k.id)"}]}]}, {"Node Type": "Bitmap Heap Scan", "Parent Relationship": "Inner", "Relation Name": "title", "Alias": "t", "Startup Cost": 0.27, "Total Cost": 4.28, "Plan Rows": 1, "Plan Width": 21, "Recheck Cond": "(id = mk.movie_id)", "Filter": "(production_year > 2010)", "Plans": [{"Node Type": "Bitmap Index Scan", "Parent Relationship": "Outer", "Index Name": "title_pkey", "Startup Cost": 0.0, "Total Cost": 0.27, "Plan Rows": 1, "Plan Width": 0, "Index Cond": "(id = mk.movie_id)"}]}]}, {"Node Type": "Bitmap Heap Scan", "Parent Relationship": "Inner", "Relation Name": "cast_info", "Alias": "ci", "Startup Cost": 0.42, "Total Cost": 4.49, "Plan Rows": 6, "Plan Width": 8, "Recheck Cond": "(movie_id = mk.movie_id)", "Plans": [{"Node Type": "Bitmap Index Scan", "Parent Relationship": "Outer", "Index Name": "movie_id_cast_info", "Startup Cost": 0.0, "Total Cost": 0.42, "Plan Rows": 6, "Plan Width": 0, "Index Cond": "(movie_id = mk.movie_id)"}]}]}, {"Node Type": "Bitmap Heap Scan", "Parent Relationship": "Inner", "Relation Name": "name", "Alias": "n", "Startup Cost": 0.26, "Total Cost": 4.27, "Plan Rows": 1, "Plan Width": 19, "Recheck Cond": "(id = ci.person_id)", "Filter": "((name)::text ~~ '%Downey%Robert%'::text)", "Plans": [{"Node Type": "Bitmap Index Scan", "Parent Relationship": "Outer", "Index Name": "name_pkey", "Startup Cost": 0.0, "Total Cost": 0.26, "Plan Rows": 1, "Plan Width": 0, "Index Cond": "(id = ci.person_id)"}]}]}]}, "Unique SQL Id": 4208751436, "Planner Runtime": 6}, "explain_analyze_plan": {"Plan": {"Node Type": "Aggregate", "Strategy": "Plain", "Startup Cost": 4529.32, "Total Cost": 4529.33, "Plan Rows": 1, "Plan Width": 144, "Actual Startup Time": 75.187, "Actual Total Time": 75.188, "Actual Rows": 1, "Actual Loops": 1, "Plans": [{"Node Type": "Nested Loop", "Parent Relationship": "Outer", "Join Type": "Inner", "Startup Cost": 724.55, "Total Cost": 4528.25, "Plan Rows": 143, "Plan Width": 48, "Actual Startup Time": 14.458, "Actual Total Time": 75.146, "Actual Rows": 6, "Actual Loops": 1, "Inner Unique": true, "Plans": [{"Node Type": "Nested Loop", "Parent Relationship": "Outer", "Join Type": "Inner", "Startup Cost": 724.29, "Total Cost": 3594.24, "Plan Rows": 218, "Plan Width": 37, "Actual Startup Time": 12.27, "Actual Total Time": 66.234, "Actual Rows": 1224, "Actual Loops": 1, "Inner Unique": false, "Join Filter": "(t.id = ci.movie_id)", "Rows Removed by Join Filter": 0, "Plans": [{"Node Type": "Nested Loop", "Parent Relationship": "Outer", "Join Type": "Inner", "Startup Cost": 723.87, "Total Cost": 3429.72, "Plan Rows": 36, "Plan Width": 41, "Actual Startup Time": 12.24, "Actual Total Time": 63.028, "Actual Rows": 11, "Actual Loops": 1, "Inner Unique": true, "Plans": [{"Node Type": "Nested Loop", "Parent Relationship": "Outer", "Join Type": "Inner", "Startup Cost": 723.6, "Total Cost": 3288.12, "Plan Rows": 33, "Plan Width": 20, "Actual Startup Time": 12.219, "Actual Total Time": 62.88, "Actual Rows": 14, "Actual Loops": 1, "Inner Unique": false, "Plans": [{"Node Type": "Bitmap Heap Scan", "Parent Relationship": "Outer", "Relation Name": "keyword", "Alias": "k", "Startup Cost": 719.1, "Total Cost": 3155.21, "Plan Rows": 1, "Plan Width": 20, "Actual Startup Time": 12.181, "Actual Total Time": 62.809, "Actual Rows": 1, "Actual Loops": 1, "Filter": "((keyword)::text = 'marvel-cinematic-universe'::text)", "Rows Removed by Filter": 134168, "Exact Heap Blocks": 759, "Lossy Heap Blocks": 759, "Plans": [{"Node Type": "Bitmap Index Scan", "Parent Relationship": "Outer", "Index Name": "keyword_pkey", "Startup Cost": 0.0, "Total Cost": 719.1, "Plan Rows": 134169, "Plan Width": 0, "Actual Startup Time": 10.737, "Actual Total Time": 10.737, "Actual Rows": 134169, "Actual Loops": 1}]}, {"Node Type": "Bitmap Heap Scan", "Parent Relationship": "Inner", "Relation Name": "movie_keyword", "Alias": "mk", "Startup Cost": 4.51, "Total Cost": 132.58, "Plan Rows": 33, "Plan Width": 8, "Actual Startup Time": 0.026, "Actual Total Time": 0.053, "Actual Rows": 14, "Actual Loops": 1, "Recheck Cond": "(keyword_id = k.id)", "Rows Removed by Index Recheck": 0, "Exact Heap Blocks": 13, "Lossy Heap Blocks": 13, "Plans": [{"Node Type": "Bitmap Index Scan", "Parent Relationship": "Outer", "Index Name": "keyword_id_movie_keyword", "Startup Cost": 0.0, "Total Cost": 4.5, "Plan Rows": 33, "Plan Width": 0, "Actual Startup Time": 0.017, "Actual Total Time": 0.017, "Actual Rows": 14, "Actual Loops": 1, "Index Cond": "(keyword_id = k.id)"}]}]}, {"Node Type": "Bitmap Heap Scan", "Parent Relationship": "Inner", "Relation Name": "title", "Alias": "t", "Startup Cost": 0.27, "Total Cost": 4.28, "Plan Rows": 1, "Plan Width": 21, "Actual Startup Time": 0.115, "Actual Total Time": 0.115, "Actual Rows": 11, "Actual Loops": 14, "Recheck Cond": "(id = mk.movie_id)", "Rows Removed by Index Recheck": 0, "Filter": "(production_year > 2010)", "Rows Removed by Filter": 3, "Exact Heap Blocks": 14, "Lossy Heap Blocks": 14, "Plans": [{"Node Type": "Bitmap Index Scan", "Parent Relationship": "Outer", "Index Name": "title_pkey", "Startup Cost": 0.0, "Total Cost": 0.27, "Plan Rows": 1, "Plan Width": 0, "Actual Startup Time": 0.07, "Actual Total Time": 0.07, "Actual Rows": 14, "Actual Loops": 14, "Index Cond": "(id = mk.movie_id)"}]}]}, {"Node Type": "Bitmap Heap Scan", "Parent Relationship": "Inner", "Relation Name": "cast_info", "Alias": "ci", "Startup Cost": 0.42, "Total Cost": 4.49, "Plan Rows": 6, "Plan Width": 8, "Actual Startup Time": 0.595, "Actual Total Time": 2.665, "Actual Rows": 1224, "Actual Loops": 11, "Recheck Cond": "(movie_id = mk.movie_id)", "Rows Removed by Index Recheck": 0, "Exact Heap Blocks": 1166, "Lossy Heap Blocks": 1166, "Plans": [{"Node Type": "Bitmap Index Scan", "Parent Relationship": "Outer", "Index Name": "movie_id_cast_info", "Startup Cost": 0.0, "Total Cost": 0.42, "Plan Rows": 6, "Plan Width": 0, "Actual Startup Time": 0.381, "Actual Total Time": 0.381, "Actual Rows": 1224, "Actual Loops": 11, "Index Cond": "(movie_id = mk.movie_id)"}]}]}, {"Node Type": "Bitmap Heap Scan", "Parent Relationship": "Inner", "Relation Name": "name", "Alias": "n", "Startup Cost": 0.26, "Total Cost": 4.27, "Plan Rows": 1, "Plan Width": 19, "Actual Startup Time": 7.491, "Actual Total Time": 7.491, "Actual Rows": 6, "Actual Loops": 1224, "Recheck Cond": "(id = ci.person_id)", "Rows Removed by Index Recheck": 0, "Filter": "((name)::text ~~ '%Downey%Robert%'::text)", "Rows Removed by Filter": 1218, "Exact Heap Blocks": 1224, "Lossy Heap Blocks": 1224, "Plans": [{"Node Type": "Bitmap Index Scan", "Parent Relationship": "Outer", "Index Name": "name_pkey", "Startup Cost": 0.0, "Total Cost": 0.26, "Plan Rows": 1, "Plan Width": 0, "Actual Startup Time": 4.492, "Actual Total Time": 4.492, "Actual Rows": 1224, "Actual Loops": 1224, "Index Cond": "(id = ci.person_id)"}]}]}]}, "Triggers": [], "Planner Runtime": 6.436, "Total Runtime": 75.551, "Unique SQL Id": 4208751436}}, "(64, '4')": {"explain_plan": {"Plan": {"Node Type": "Aggregate", "Strategy": "Plain", "Startup Cost": 2653.12, "Total Cost": 2653.13, "Plan Rows": 1, "Plan Width": 144, "Plans": [{"Node Type": "Nested Loop", "Parent Relationship": "Outer", "Join Type": "Inner", "Startup Cost": 4.51, "Total Cost": 2653.12, "Plan Rows": 1, "Plan Width": 48, "Inner Unique": true, "Join Filter": "(mk.movie_id = t.id)", "Plans": [{"Node Type": "Nested Loop", "Parent Relationship": "Outer", "Join Type": "Inner", "Startup Cost": 4.51, "Total Cost": 2652.83, "Plan Rows": 1, "Plan Width": 39, "Inner Unique": true, "Plans": [{"Node Type": "Nested Loop", "Parent Relationship": "Outer", "Join Type": "Inner", "Startup Cost": 4.51, "Total Cost": 2594.27, "Plan Rows": 202, "Plan Width": 28, "Inner Unique": false, "Plans": [{"Node Type": "Nested Loop", "Parent Relationship": "Outer", "Join Type": "Inner", "Startup Cost": 4.51, "Total Cost": 2569.02, "Plan Rows": 33, "Plan Width": 20, "Inner Unique": false, "Plans": [{"Node Type": "Seq Scan", "Parent Relationship": "Outer", "Relation Name": "keyword", "Alias": "k", "Startup Cost": 0.0, "Total Cost": 2436.11, "Plan Rows": 1, "Plan Width": 20, "Filter": "((keyword)::text = 'marvel-cinematic-universe'::text)"}, {"Node Type": "Bitmap Heap Scan", "Parent Relationship": "Inner", "Relation Name": "movie_keyword", "Alias": "mk", "Startup Cost": 4.51, "Total Cost": 132.58, "Plan Rows": 33, "Plan Width": 8, "Recheck Cond": "(keyword_id = k.id)", "Plans": [{"Node Type": "Bitmap Index Scan", "Parent Relationship": "Outer", "Index Name": "keyword_id_movie_keyword", "Startup Cost": 0.0, "Total Cost": 4.5, "Plan Rows": 33, "Plan Width": 0, "Index Cond": "(keyword_id = k.id)"}]}]}, {"Node Type": "Index Scan", "Parent Relationship": "Inner", "Scan Direction": "Forward", "Index Name": "movie_id_cast_info", "Relation Name": "cast_info", "Alias": "ci", "Startup Cost": 0.0, "Total Cost": 0.7, "Plan Rows": 6, "Plan Width": 8, "Index Cond": "(movie_id = mk.movie_id)"}]}, {"Node Type": "Index Scan", "Parent Relationship": "Inner", "Scan Direction": "Forward", "Index Name": "name_pkey", "Relation Name": "name", "Alias": "n", "Startup Cost": 0.0, "Total Cost": 0.28, "Plan Rows": 1, "Plan Width": 19, "Index Cond": "(id = ci.person_id)", "Filter": "((name)::text ~~ '%Downey%Robert%'::text)"}]}, {"Node Type": "Index Scan", "Parent Relationship": "Inner", "Scan Direction": "Forward", "Index Name": "title_pkey", "Relation Name": "title", "Alias": "t", "Startup Cost": 0.0, "Total Cost": 0.28, "Plan Rows": 1, "Plan Width": 21, "Index Cond": "(id = ci.movie_id)", "Filter": "(production_year > 2010)"}]}]}, "Unique SQL Id": 4208751436, "Planner Runtime": 11}, "explain_analyze_plan": {"Plan": {"Node Type": "Aggregate", "Strategy": "Plain", "Startup Cost": 2653.12, "Total Cost": 2653.13, "Plan Rows": 1, "Plan Width": 144, "Actual Startup Time": 53.108, "Actual Total Time": 53.108, "Actual Rows": 1, "Actual Loops": 1, "Plans": [{"Node Type": "Nested Loop", "Parent Relationship": "Outer", "Join Type": "Inner", "Startup Cost": 4.51, "Total Cost": 2653.12, "Plan Rows": 1, "Plan Width": 48, "Actual Startup Time": 3.077, "Actual Total Time": 53.078, "Actual Rows": 6, "Actual Loops": 1, "Inner Unique": true, "Join Filter": "(mk.movie_id = t.id)", "Rows Removed by Join Filter": 0, "Plans": [{"Node Type": "Nested Loop", "Parent Relationship": "Outer", "Join Type": "Inner", "Startup Cost": 4.51, "Total Cost": 2652.83, "Plan Rows": 1, "Plan Width": 39, "Actual Startup Time": 3.044, "Actual Total Time": 53.008, "Actual Rows": 6, "Actual Loops": 1, "Inner Unique": true, "Plans": [{"Node Type": "Nested Loop", "Parent Relationship": "Outer", "Join Type": "Inner", "Startup Cost": 4.51, "Total Cost": 2594.27, "Plan Rows": 202, "Plan Width": 28, "Actual Startup Time": 1.158, "Actual Total Time": 45.186, "Actual Rows": 1242, "Actual Loops": 1, "Inner Unique": false, "Plans": [{"Node Type": "Nested Loop", "Parent Relationship": "Outer", "Join Type": "Inner", "Startup Cost": 4.51, "Total Cost": 2569.02, "Plan Rows": 33, "Plan Width": 20, "Actual Startup Time": 1.138, "Actual Total Time": 42.528, "Actual Rows": 14, "Actual Loops": 1, "Inner Unique": false, "Plans": [{"Node Type": "Seq Scan", "Parent Relationship": "Outer", "Relation Name": "keyword", "Alias": "k", "Startup Cost": 0.0, "Total Cost": 2436.11, "Plan Rows": 1, "Plan Width": 20, "Actual Startup Time": 1.095, "Actual Total Time": 42.442, "Actual Rows": 1, "Actual Loops": 1, "Filter": "((keyword)::text = 'marvel-cinematic-universe'::text)", "Rows Removed by Filter": 134168}, {"Node Type": "Bitmap Heap Scan", "Parent Relationship": "Inner", "Relation Name": "movie_keyword", "Alias": "mk", "Startup Cost": 4.51, "Total Cost": 132.58, "Plan Rows": 33, "Plan Width": 8, "Actual Startup Time": 0.035, "Actual Total Time": 0.069, "Actual Rows": 14, "Actual Loops": 1, "Recheck Cond": "(keyword_id = k.id)", "Rows Removed by Index Recheck": 0, "Exact Heap Blocks": 13, "Lossy Heap Blocks": 13, "Plans": [{"Node Type": "Bitmap Index Scan", "Parent Relationship": "Outer", "Index Name": "keyword_id_movie_keyword", "Startup Cost": 0.0, "Total Cost": 4.5, "Plan Rows": 33, "Plan Width": 0, "Actual Startup Time": 0.021, "Actual Total Time": 0.021, "Actual Rows": 14, "Actual Loops": 1, "Index Cond": "(keyword_id = k.id)"}]}]}, {"Node Type": "Index Scan", "Parent Relationship": "Inner", "Scan Direction": "Forward", "Index Name": "movie_id_cast_info", "Relation Name": "cast_info", "Alias": "ci", "Startup Cost": 0.0, "Total Cost": 0.7, "Plan Rows": 6, "Plan Width": 8, "Actual Startup Time": 0.192, "Actual Total Time": 2.354, "Actual Rows": 1242, "Actual Loops": 14, "Index Cond": "(movie_id = mk.movie_id)", "Rows Removed by Index Recheck": 0}]}, {"Node Type": "Index Scan", "Parent Relationship": "Inner", "Scan Direction": "Forward", "Index Name": "name_pkey", "Relation Name": "name", "Alias": "n", "Startup Cost": 0.0, "Total Cost": 0.28, "Plan Rows": 1, "Plan Width": 19, "Actual Startup Time": 7.222, "Actual Total Time": 7.222, "Actual Rows": 6, "Actual Loops": 1242, "Index Cond": "(id = ci.person_id)", "Rows Removed by Index Recheck": 0, "Filter": "((name)::text ~~ '%Downey%Robert%'::text)", "Rows Removed by Filter": 1236}]}, {"Node Type": "Index Scan", "Parent Relationship": "Inner", "Scan Direction": "Forward", "Index Name": "title_pkey", "Relation Name": "title", "Alias": "t", "Startup Cost": 0.0, "Total Cost": 0.28, "Plan Rows": 1, "Plan Width": 21, "Actual Startup Time": 0.048, "Actual Total Time": 0.048, "Actual Rows": 6, "Actual Loops": 6, "Index Cond": "(id = ci.movie_id)", "Rows Removed by Index Recheck": 0, "Filter": "(production_year > 2010)", "Rows Removed by Filter": 0}]}]}, "Triggers": [], "Planner Runtime": 9.728, "Total Runtime": 53.358, "Unique SQL Id": 4208751436}}, "(64, '5')": {"explain_plan": {"Plan": {"Node Type": "Aggregate", "Strategy": "Plain", "Startup Cost": 3399.73, "Total Cost": 3399.74, "Plan Rows": 1, "Plan Width": 144, "Plans": [{"Node Type": "Nested Loop", "Parent Relationship": "Outer", "Join Type": "Inner", "Startup Cost": 4.51, "Total Cost": 3399.72, "Plan Rows": 1, "Plan Width": 48, "Inner Unique": true, "Join Filter": "(mk.movie_id = t.id)", "Plans": [{"Node Type": "Nested Loop", "Parent Relationship": "Outer", "Join Type": "Inner", "Startup Cost": 4.51, "Total Cost": 3399.43, "Plan Rows": 1, "Plan Width": 39, "Inner Unique": true, "Plans": [{"Node Type": "Nested Loop", "Parent Relationship": "Outer", "Join Type": "Inner", "Startup Cost": 4.51, "Total Cost": 3340.87, "Plan Rows": 202, "Plan Width": 28, "Inner Unique": false, "Plans": [{"Node Type": "Nested Loop", "Parent Relationship": "Outer", "Join Type": "Inner", "Startup Cost": 4.51, "Total Cost": 3315.63, "Plan Rows": 33, "Plan Width": 20, "Inner Unique": false, "Plans": [{"Node Type": "Index Scan", "Parent Relationship": "Outer", "Scan Direction": "Forward", "Index Name": "keyword_pkey", "Relation Name": "keyword", "Alias": "k", "Startup Cost": 0.0, "Total Cost": 3182.72, "Plan Rows": 1, "Plan Width": 20, "Filter": "((keyword)::text = 'marvel-cinematic-universe'::text)"}, {"Node Type": "Bitmap Heap Scan", "Parent Relationship": "Inner", "Relation Name": "movie_keyword", "Alias": "mk", "Startup Cost": 4.51, "Total Cost": 132.58, "Plan Rows": 33, "Plan Width": 8, "Recheck Cond": "(keyword_id = k.id)", "Plans": [{"Node Type": "Bitmap Index Scan", "Parent Relationship": "Outer", "Index Name": "keyword_id_movie_keyword", "Startup Cost": 0.0, "Total Cost": 4.5, "Plan Rows": 33, "Plan Width": 0, "Index Cond": "(keyword_id = k.id)"}]}]}, {"Node Type": "Index Scan", "Parent Relationship": "Inner", "Scan Direction": "Forward", "Index Name": "movie_id_cast_info", "Relation Name": "cast_info", "Alias": "ci", "Startup Cost": 0.0, "Total Cost": 0.7, "Plan Rows": 6, "Plan Width": 8, "Index Cond": "(movie_id = mk.movie_id)"}]}, {"Node Type": "Index Scan", "Parent Relationship": "Inner", "Scan Direction": "Forward", "Index Name": "name_pkey", "Relation Name": "name", "Alias": "n", "Startup Cost": 0.0, "Total Cost": 0.28, "Plan Rows": 1, "Plan Width": 19, "Index Cond": "(id = ci.person_id)", "Filter": "((name)::text ~~ '%Downey%Robert%'::text)"}]}, {"Node Type": "Index Scan", "Parent Relationship": "Inner", "Scan Direction": "Forward", "Index Name": "title_pkey", "Relation Name": "title", "Alias": "t", "Startup Cost": 0.0, "Total Cost": 0.28, "Plan Rows": 1, "Plan Width": 21, "Index Cond": "(id = ci.movie_id)", "Filter": "(production_year > 2010)"}]}]}, "Unique SQL Id": 4208751436, "Planner Runtime": 9}, "explain_analyze_plan": {"Plan": {"Node Type": "Aggregate", "Strategy": "Plain", "Startup Cost": 3399.73, "Total Cost": 3399.74, "Plan Rows": 1, "Plan Width": 144, "Actual Startup Time": 139.429, "Actual Total Time": 139.43, "Actual Rows": 1, "Actual Loops": 1, "Plans": [{"Node Type": "Nested Loop", "Parent Relationship": "Outer", "Join Type": "Inner", "Startup Cost": 4.51, "Total Cost": 3399.72, "Plan Rows": 1, "Plan Width": 48, "Actual Startup Time": 9.73, "Actual Total Time": 139.398, "Actual Rows": 6, "Actual Loops": 1, "Inner Unique": true, "Join Filter": "(mk.movie_id = t.id)", "Rows Removed by Join Filter": 0, "Plans": [{"Node Type": "Nested Loop", "Parent Relationship": "Outer", "Join Type": "Inner", "Startup Cost": 4.51, "Total Cost": 3399.43, "Plan Rows": 1, "Plan Width": 39, "Actual Startup Time": 9.698, "Actual Total Time": 139.332, "Actual Rows": 6, "Actual Loops": 1, "Inner Unique": true, "Plans": [{"Node Type": "Nested Loop", "Parent Relationship": "Outer", "Join Type": "Inner", "Startup Cost": 4.51, "Total Cost": 3340.87, "Plan Rows": 202, "Plan Width": 28, "Actual Startup Time": 8.151, "Actual Total Time": 132.477, "Actual Rows": 1242, "Actual Loops": 1, "Inner Unique": false, "Plans": [{"Node Type": "Nested Loop", "Parent Relationship": "Outer", "Join Type": "Inner", "Startup Cost": 4.51, "Total Cost": 3315.63, "Plan Rows": 33, "Plan Width": 20, "Actual Startup Time": 8.136, "Actual Total Time": 130.28, "Actual Rows": 14, "Actual Loops": 1, "Inner Unique": false, "Plans": [{"Node Type": "Index Scan", "Parent Relationship": "Outer", "Scan Direction": "Forward", "Index Name": "keyword_pkey", "Relation Name": "keyword", "Alias": "k", "Startup Cost": 0.0, "Total Cost": 3182.72, "Plan Rows": 1, "Plan Width": 20, "Actual Startup Time": 8.1, "Actual Total Time": 130.203, "Actual Rows": 1, "Actual Loops": 1, "Filter": "((keyword)::text = 'marvel-cinematic-universe'::text)", "Rows Removed by Filter": 134168}, {"Node Type": "Bitmap Heap Scan", "Parent Relationship": "Inner", "Relation Name": "movie_keyword", "Alias": "mk", "Startup Cost": 4.51, "Total Cost": 132.58, "Plan Rows": 33, "Plan Width": 8, "Actual Startup Time": 0.027, "Actual Total Time": 0.057, "Actual Rows": 14, "Actual Loops": 1, "Recheck Cond": "(keyword_id = k.id)", "Rows Removed by Index Recheck": 0, "Exact Heap Blocks": 13, "Lossy Heap Blocks": 13, "Plans": [{"Node Type": "Bitmap Index Scan", "Parent Relationship": "Outer", "Index Name": "keyword_id_movie_keyword", "Startup Cost": 0.0, "Total Cost": 4.5, "Plan Rows": 33, "Plan Width": 0, "Actual Startup Time": 0.016, "Actual Total Time": 0.016, "Actual Rows": 14, "Actual Loops": 1, "Index Cond": "(keyword_id = k.id)"}]}]}, {"Node Type": "Index Scan", "Parent Relationship": "Inner", "Scan Direction": "Forward", "Index Name": "movie_id_cast_info", "Relation Name": "cast_info", "Alias": "ci", "Startup Cost": 0.0, "Total Cost": 0.7, "Plan Rows": 6, "Plan Width": 8, "Actual Startup Time": 0.164, "Actual Total Time": 1.871, "Actual Rows": 1242, "Actual Loops": 14, "Index Cond": "(movie_id = mk.movie_id)", "Rows Removed by Index Recheck": 0}]}, {"Node Type": "Index Scan", "Parent Relationship": "Inner", "Scan Direction": "Forward", "Index Name": "name_pkey", "Relation Name": "name", "Alias": "n", "Startup Cost": 0.0, "Total Cost": 0.28, "Plan Rows": 1, "Plan Width": 19, "Actual Startup Time": 6.215, "Actual Total Time": 6.215, "Actual Rows": 6, "Actual Loops": 1242, "Index Cond": "(id = ci.person_id)", "Rows Removed by Index Recheck": 0, "Filter": "((name)::text ~~ '%Downey%Robert%'::text)", "Rows Removed by Filter": 1236}]}, {"Node Type": "Index Scan", "Parent Relationship": "Inner", "Scan Direction": "Forward", "Index Name": "title_pkey", "Relation Name": "title", "Alias": "t", "Startup Cost": 0.0, "Total Cost": 0.28, "Plan Rows": 1, "Plan Width": 21, "Actual Startup Time": 0.046, "Actual Total Time": 0.046, "Actual Rows": 6, "Actual Loops": 6, "Index Cond": "(id = ci.movie_id)", "Rows Removed by Index Recheck": 0, "Filter": "(production_year > 2010)", "Rows Removed by Filter": 0}]}]}, "Triggers": [], "Planner Runtime": 8.292, "Total Runtime": 139.725, "Unique SQL Id": 4208751436}}, "(64, '6')": {"explain_plan": {"Plan": {"Node Type": "Aggregate", "Strategy": "Plain", "Startup Cost": 3810.23, "Total Cost": 3810.24, "Plan Rows": 1, "Plan Width": 144, "Plans": [{"Node Type": "Nested Loop", "Parent Relationship": "Outer", "Join Type": "Inner", "Startup Cost": 5.45, "Total Cost": 3809.16, "Plan Rows": 143, "Plan Width": 48, "Inner Unique": true, "Plans": [{"Node Type": "Nested Loop", "Parent Relationship": "Outer", "Join Type": "Inner", "Startup Cost": 5.19, "Total Cost": 2875.14, "Plan Rows": 218, "Plan Width": 37, "Inner Unique": false, "Join Filter": "(t.id = ci.movie_id)", "Plans": [{"Node Type": "Nested Loop", "Parent Relationship": "Outer", "Join Type": "Inner", "Startup Cost": 4.77, "Total Cost": 2710.63, "Plan Rows": 36, "Plan Width": 41, "Inner Unique": true, "Plans": [{"Node Type": "Nested Loop", "Parent Relationship": "Outer", "Join Type": "Inner", "Startup Cost": 4.51, "Total Cost": 2569.02, "Plan Rows": 33, "Plan Width": 20, "Inner Unique": false, "Plans": [{"Node Type": "Seq Scan", "Parent Relationship": "Outer", "Relation Name": "keyword", "Alias": "k", "Startup Cost": 0.0, "Total Cost": 2436.11, "Plan Rows": 1, "Plan Width": 20, "Filter": "((keyword)::text = 'marvel-cinematic-universe'::text)"}, {"Node Type": "Bitmap Heap Scan", "Parent Relationship": "Inner", "Relation Name": "movie_keyword", "Alias": "mk", "Startup Cost": 4.51, "Total Cost": 132.58, "Plan Rows": 33, "Plan Width": 8, "Recheck Cond": "(keyword_id = k.id)", "Plans": [{"Node Type": "Bitmap Index Scan", "Parent Relationship": "Outer", "Index Name": "keyword_id_movie_keyword", "Startup Cost": 0.0, "Total Cost": 4.5, "Plan Rows": 33, "Plan Width": 0, "Index Cond": "(keyword_id = k.id)"}]}]}, {"Node Type": "Bitmap Heap Scan", "Parent Relationship": "Inner", "Relation Name": "title", "Alias": "t", "Startup Cost": 0.27, "Total Cost": 4.28, "Plan Rows": 1, "Plan Width": 21, "Recheck Cond": "(id = mk.movie_id)", "Filter": "(production_year > 2010)", "Plans": [{"Node Type": "Bitmap Index Scan", "Parent Relationship": "Outer", "Index Name": "title_pkey", "Startup Cost": 0.0, "Total Cost": 0.27, "Plan Rows": 1, "Plan Width": 0, "Index Cond": "(id = mk.movie_id)"}]}]}, {"Node Type": "Bitmap Heap Scan", "Parent Relationship": "Inner", "Relation Name": "cast_info", "Alias": "ci", "Startup Cost": 0.42, "Total Cost": 4.49, "Plan Rows": 6, "Plan Width": 8, "Recheck Cond": "(movie_id = mk.movie_id)", "Plans": [{"Node Type": "Bitmap Index Scan", "Parent Relationship": "Outer", "Index Name": "movie_id_cast_info", "Startup Cost": 0.0, "Total Cost": 0.42, "Plan Rows": 6, "Plan Width": 0, "Index Cond": "(movie_id = mk.movie_id)"}]}]}, {"Node Type": "Bitmap Heap Scan", "Parent Relationship": "Inner", "Relation Name": "name", "Alias": "n", "Startup Cost": 0.26, "Total Cost": 4.27, "Plan Rows": 1, "Plan Width": 19, "Recheck Cond": "(id = ci.person_id)", "Filter": "((name)::text ~~ '%Downey%Robert%'::text)", "Plans": [{"Node Type": "Bitmap Index Scan", "Parent Relationship": "Outer", "Index Name": "name_pkey", "Startup Cost": 0.0, "Total Cost": 0.26, "Plan Rows": 1, "Plan Width": 0, "Index Cond": "(id = ci.person_id)"}]}]}]}, "Unique SQL Id": 4208751436, "Planner Runtime": 10}, "explain_analyze_plan": {"Plan": {"Node Type": "Aggregate", "Strategy": "Plain", "Startup Cost": 3810.23, "Total Cost": 3810.24, "Plan Rows": 1, "Plan Width": 144, "Actual Startup Time": 56.348, "Actual Total Time": 56.348, "Actual Rows": 1, "Actual Loops": 1, "Plans": [{"Node Type": "Nested Loop", "Parent Relationship": "Outer", "Join Type": "Inner", "Startup Cost": 5.45, "Total Cost": 3809.16, "Plan Rows": 143, "Plan Width": 48, "Actual Startup Time": 4.076, "Actual Total Time": 56.316, "Actual Rows": 6, "Actual Loops": 1, "Inner Unique": true, "Plans": [{"Node Type": "Nested Loop", "Parent Relationship": "Outer", "Join Type": "Inner", "Startup Cost": 5.19, "Total Cost": 2875.14, "Plan Rows": 218, "Plan Width": 37, "Actual Startup Time": 1.279, "Actual Total Time": 46.811, "Actual Rows": 1224, "Actual Loops": 1, "Inner Unique": false, "Join Filter": "(t.id = ci.movie_id)", "Rows Removed by Join Filter": 0, "Plans": [{"Node Type": "Nested Loop", "Parent Relationship": "Outer", "Join Type": "Inner", "Startup Cost": 4.77, "Total Cost": 2710.63, "Plan Rows": 36, "Plan Width": 41, "Actual Startup Time": 1.241, "Actual Total Time": 43.379, "Actual Rows": 11, "Actual Loops": 1, "Inner Unique": true, "Plans": [{"Node Type": "Nested Loop", "Parent Relationship": "Outer", "Join Type": "Inner", "Startup Cost": 4.51, "Total Cost": 2569.02, "Plan Rows": 33, "Plan Width": 20, "Actual Startup Time": 1.135, "Actual Total Time": 42.397, "Actual Rows": 14, "Actual Loops": 1, "Inner Unique": false, "Plans": [{"Node Type": "Seq Scan", "Parent Relationship": "Outer", "Relation Name": "keyword", "Alias": "k", "Startup Cost": 0.0, "Total Cost": 2436.11, "Plan Rows": 1, "Plan Width": 20, "Actual Startup Time": 1.097, "Actual Total Time": 42.316, "Actual Rows": 1, "Actual Loops": 1, "Filter": "((keyword)::text = 'marvel-cinematic-universe'::text)", "Rows Removed by Filter": 134168}, {"Node Type": "Bitmap Heap Scan", "Parent Relationship": "Inner", "Relation Name": "movie_keyword", "Alias": "mk", "Startup Cost": 4.51, "Total Cost": 132.58, "Plan Rows": 33, "Plan Width": 8, "Actual Startup Time": 0.032, "Actual Total Time": 0.066, "Actual Rows": 14, "Actual Loops": 1, "Recheck Cond": "(keyword_id = k.id)", "Rows Removed by Index Recheck": 0, "Exact Heap Blocks": 13, "Lossy Heap Blocks": 13, "Plans": [{"Node Type": "Bitmap Index Scan", "Parent Relationship": "Outer", "Index Name": "keyword_id_movie_keyword", "Startup Cost": 0.0, "Total Cost": 4.5, "Plan Rows": 33, "Plan Width": 0, "Actual Startup Time": 0.019, "Actual Total Time": 0.019, "Actual Rows": 14, "Actual Loops": 1, "Index Cond": "(keyword_id = k.id)"}]}]}, {"Node Type": "Bitmap Heap Scan", "Parent Relationship": "Inner", "Relation Name": "title", "Alias": "t", "Startup Cost": 0.27, "Total Cost": 4.28, "Plan Rows": 1, "Plan Width": 21, "Actual Startup Time": 0.957, "Actual Total Time": 0.957, "Actual Rows": 11, "Actual Loops": 14, "Recheck Cond": "(id = mk.movie_id)", "Rows Removed by Index Recheck": 0, "Filter": "(production_year > 2010)", "Rows Removed by Filter": 3, "Exact Heap Blocks": 14, "Lossy Heap Blocks": 14, "Plans": [{"Node Type": "Bitmap Index Scan", "Parent Relationship": "Outer", "Index Name": "title_pkey", "Startup Cost": 0.0, "Total Cost": 0.27, "Plan Rows": 1, "Plan Width": 0, "Actual Startup Time": 0.544, "Actual Total Time": 0.544, "Actual Rows": 14, "Actual Loops": 14, "Index Cond": "(id = mk.movie_id)"}]}]}, {"Node Type": "Bitmap Heap Scan", "Parent Relationship": "Inner", "Relation Name": "cast_info", "Alias": "ci", "Startup Cost": 0.42, "Total Cost": 4.49, "Plan Rows": 6, "Plan Width": 8, "Actual Startup Time": 0.64, "Actual Total Time": 2.909, "Actual Rows": 1224, "Actual Loops": 11, "Recheck Cond": "(movie_id = mk.movie_id)", "Rows Removed by Index Recheck": 0, "Exact Heap Blocks": 1166, "Lossy Heap Blocks": 1166, "Plans": [{"Node Type": "Bitmap Index Scan", "Parent Relationship": "Outer", "Index Name": "movie_id_cast_info", "Startup Cost": 0.0, "Total Cost": 0.42, "Plan Rows": 6, "Plan Width": 0, "Actual Startup Time": 0.411, "Actual Total Time": 0.411, "Actual Rows": 1224, "Actual Loops": 11, "Index Cond": "(movie_id = mk.movie_id)"}]}]}, {"Node Type": "Bitmap Heap Scan", "Parent Relationship": "Inner", "Relation Name": "name", "Alias": "n", "Startup Cost": 0.26, "Total Cost": 4.27, "Plan Rows": 1, "Plan Width": 19, "Actual Startup Time": 8.076, "Actual Total Time": 8.076, "Actual Rows": 6, "Actual Loops": 1224, "Recheck Cond": "(id = ci.person_id)", "Rows Removed by Index Recheck": 0, "Filter": "((name)::text ~~ '%Downey%Robert%'::text)", "Rows Removed by Filter": 1218, "Exact Heap Blocks": 1224, "Lossy Heap Blocks": 1224, "Plans": [{"Node Type": "Bitmap Index Scan", "Parent Relationship": "Outer", "Index Name": "name_pkey", "Startup Cost": 0.0, "Total Cost": 0.26, "Plan Rows": 1, "Plan Width": 0, "Actual Startup Time": 4.777, "Actual Total Time": 4.777, "Actual Rows": 1224, "Actual Loops": 1224, "Index Cond": "(id = ci.person_id)"}]}]}]}, "Triggers": [], "Planner Runtime": 10.13, "Total Runtime": 56.603, "Unique SQL Id": 4208751436}}, "(64, '7')": {"explain_plan": {"Plan": {"Node Type": "Aggregate", "Strategy": "Plain", "Startup Cost": 4529.32, "Total Cost": 4529.33, "Plan Rows": 1, "Plan Width": 144, "Plans": [{"Node Type": "Nested Loop", "Parent Relationship": "Outer", "Join Type": "Inner", "Startup Cost": 724.55, "Total Cost": 4528.25, "Plan Rows": 143, "Plan Width": 48, "Inner Unique": true, "Plans": [{"Node Type": "Nested Loop", "Parent Relationship": "Outer", "Join Type": "Inner", "Startup Cost": 724.29, "Total Cost": 3594.24, "Plan Rows": 218, "Plan Width": 37, "Inner Unique": false, "Join Filter": "(t.id = ci.movie_id)", "Plans": [{"Node Type": "Nested Loop", "Parent Relationship": "Outer", "Join Type": "Inner", "Startup Cost": 723.87, "Total Cost": 3429.72, "Plan Rows": 36, "Plan Width": 41, "Inner Unique": true, "Plans": [{"Node Type": "Nested Loop", "Parent Relationship": "Outer", "Join Type": "Inner", "Startup Cost": 723.6, "Total Cost": 3288.12, "Plan Rows": 33, "Plan Width": 20, "Inner Unique": false, "Plans": [{"Node Type": "Bitmap Heap Scan", "Parent Relationship": "Outer", "Relation Name": "keyword", "Alias": "k", "Startup Cost": 719.1, "Total Cost": 3155.21, "Plan Rows": 1, "Plan Width": 20, "Filter": "((keyword)::text = 'marvel-cinematic-universe'::text)", "Plans": [{"Node Type": "Bitmap Index Scan", "Parent Relationship": "Outer", "Index Name": "keyword_pkey", "Startup Cost": 0.0, "Total Cost": 719.1, "Plan Rows": 134169, "Plan Width": 0}]}, {"Node Type": "Bitmap Heap Scan", "Parent Relationship": "Inner", "Relation Name": "movie_keyword", "Alias": "mk", "Startup Cost": 4.51, "Total Cost": 132.58, "Plan Rows": 33, "Plan Width": 8, "Recheck Cond": "(keyword_id = k.id)", "Plans": [{"Node Type": "Bitmap Index Scan", "Parent Relationship": "Outer", "Index Name": "keyword_id_movie_keyword", "Startup Cost": 0.0, "Total Cost": 4.5, "Plan Rows": 33, "Plan Width": 0, "Index Cond": "(keyword_id = k.id)"}]}]}, {"Node Type": "Bitmap Heap Scan", "Parent Relationship": "Inner", "Relation Name": "title", "Alias": "t", "Startup Cost": 0.27, "Total Cost": 4.28, "Plan Rows": 1, "Plan Width": 21, "Recheck Cond": "(id = mk.movie_id)", "Filter": "(production_year > 2010)", "Plans": [{"Node Type": "Bitmap Index Scan", "Parent Relationship": "Outer", "Index Name": "title_pkey", "Startup Cost": 0.0, "Total Cost": 0.27, "Plan Rows": 1, "Plan Width": 0, "Index Cond": "(id = mk.movie_id)"}]}]}, {"Node Type": "Bitmap Heap Scan", "Parent Relationship": "Inner", "Relation Name": "cast_info", "Alias": "ci", "Startup Cost": 0.42, "Total Cost": 4.49, "Plan Rows": 6, "Plan Width": 8, "Recheck Cond": "(movie_id = mk.movie_id)", "Plans": [{"Node Type": "Bitmap Index Scan", "Parent Relationship": "Outer", "Index Name": "movie_id_cast_info", "Startup Cost": 0.0, "Total Cost": 0.42, "Plan Rows": 6, "Plan Width": 0, "Index Cond": "(movie_id = mk.movie_id)"}]}]}, {"Node Type": "Bitmap Heap Scan", "Parent Relationship": "Inner", "Relation Name": "name", "Alias": "n", "Startup Cost": 0.26, "Total Cost": 4.27, "Plan Rows": 1, "Plan Width": 19, "Recheck Cond": "(id = ci.person_id)", "Filter": "((name)::text ~~ '%Downey%Robert%'::text)", "Plans": [{"Node Type": "Bitmap Index Scan", "Parent Relationship": "Outer", "Index Name": "name_pkey", "Startup Cost": 0.0, "Total Cost": 0.26, "Plan Rows": 1, "Plan Width": 0, "Index Cond": "(id = ci.person_id)"}]}]}]}, "Unique SQL Id": 4208751436, "Planner Runtime": 6}, "explain_analyze_plan": {"Plan": {"Node Type": "Aggregate", "Strategy": "Plain", "Startup Cost": 4529.32, "Total Cost": 4529.33, "Plan Rows": 1, "Plan Width": 144, "Actual Startup Time": 75.187, "Actual Total Time": 75.188, "Actual Rows": 1, "Actual Loops": 1, "Plans": [{"Node Type": "Nested Loop", "Parent Relationship": "Outer", "Join Type": "Inner", "Startup Cost": 724.55, "Total Cost": 4528.25, "Plan Rows": 143, "Plan Width": 48, "Actual Startup Time": 14.458, "Actual Total Time": 75.146, "Actual Rows": 6, "Actual Loops": 1, "Inner Unique": true, "Plans": [{"Node Type": "Nested Loop", "Parent Relationship": "Outer", "Join Type": "Inner", "Startup Cost": 724.29, "Total Cost": 3594.24, "Plan Rows": 218, "Plan Width": 37, "Actual Startup Time": 12.27, "Actual Total Time": 66.234, "Actual Rows": 1224, "Actual Loops": 1, "Inner Unique": false, "Join Filter": "(t.id = ci.movie_id)", "Rows Removed by Join Filter": 0, "Plans": [{"Node Type": "Nested Loop", "Parent Relationship": "Outer", "Join Type": "Inner", "Startup Cost": 723.87, "Total Cost": 3429.72, "Plan Rows": 36, "Plan Width": 41, "Actual Startup Time": 12.24, "Actual Total Time": 63.028, "Actual Rows": 11, "Actual Loops": 1, "Inner Unique": true, "Plans": [{"Node Type": "Nested Loop", "Parent Relationship": "Outer", "Join Type": "Inner", "Startup Cost": 723.6, "Total Cost": 3288.12, "Plan Rows": 33, "Plan Width": 20, "Actual Startup Time": 12.219, "Actual Total Time": 62.88, "Actual Rows": 14, "Actual Loops": 1, "Inner Unique": false, "Plans": [{"Node Type": "Bitmap Heap Scan", "Parent Relationship": "Outer", "Relation Name": "keyword", "Alias": "k", "Startup Cost": 719.1, "Total Cost": 3155.21, "Plan Rows": 1, "Plan Width": 20, "Actual Startup Time": 12.181, "Actual Total Time": 62.809, "Actual Rows": 1, "Actual Loops": 1, "Filter": "((keyword)::text = 'marvel-cinematic-universe'::text)", "Rows Removed by Filter": 134168, "Exact Heap Blocks": 759, "Lossy Heap Blocks": 759, "Plans": [{"Node Type": "Bitmap Index Scan", "Parent Relationship": "Outer", "Index Name": "keyword_pkey", "Startup Cost": 0.0, "Total Cost": 719.1, "Plan Rows": 134169, "Plan Width": 0, "Actual Startup Time": 10.737, "Actual Total Time": 10.737, "Actual Rows": 134169, "Actual Loops": 1}]}, {"Node Type": "Bitmap Heap Scan", "Parent Relationship": "Inner", "Relation Name": "movie_keyword", "Alias": "mk", "Startup Cost": 4.51, "Total Cost": 132.58, "Plan Rows": 33, "Plan Width": 8, "Actual Startup Time": 0.026, "Actual Total Time": 0.053, "Actual Rows": 14, "Actual Loops": 1, "Recheck Cond": "(keyword_id = k.id)", "Rows Removed by Index Recheck": 0, "Exact Heap Blocks": 13, "Lossy Heap Blocks": 13, "Plans": [{"Node Type": "Bitmap Index Scan", "Parent Relationship": "Outer", "Index Name": "keyword_id_movie_keyword", "Startup Cost": 0.0, "Total Cost": 4.5, "Plan Rows": 33, "Plan Width": 0, "Actual Startup Time": 0.017, "Actual Total Time": 0.017, "Actual Rows": 14, "Actual Loops": 1, "Index Cond": "(keyword_id = k.id)"}]}]}, {"Node Type": "Bitmap Heap Scan", "Parent Relationship": "Inner", "Relation Name": "title", "Alias": "t", "Startup Cost": 0.27, "Total Cost": 4.28, "Plan Rows": 1, "Plan Width": 21, "Actual Startup Time": 0.115, "Actual Total Time": 0.115, "Actual Rows": 11, "Actual Loops": 14, "Recheck Cond": "(id = mk.movie_id)", "Rows Removed by Index Recheck": 0, "Filter": "(production_year > 2010)", "Rows Removed by Filter": 3, "Exact Heap Blocks": 14, "Lossy Heap Blocks": 14, "Plans": [{"Node Type": "Bitmap Index Scan", "Parent Relationship": "Outer", "Index Name": "title_pkey", "Startup Cost": 0.0, "Total Cost": 0.27, "Plan Rows": 1, "Plan Width": 0, "Actual Startup Time": 0.07, "Actual Total Time": 0.07, "Actual Rows": 14, "Actual Loops": 14, "Index Cond": "(id = mk.movie_id)"}]}]}, {"Node Type": "Bitmap Heap Scan", "Parent Relationship": "Inner", "Relation Name": "cast_info", "Alias": "ci", "Startup Cost": 0.42, "Total Cost": 4.49, "Plan Rows": 6, "Plan Width": 8, "Actual Startup Time": 0.595, "Actual Total Time": 2.665, "Actual Rows": 1224, "Actual Loops": 11, "Recheck Cond": "(movie_id = mk.movie_id)", "Rows Removed by Index Recheck": 0, "Exact Heap Blocks": 1166, "Lossy Heap Blocks": 1166, "Plans": [{"Node Type": "Bitmap Index Scan", "Parent Relationship": "Outer", "Index Name": "movie_id_cast_info", "Startup Cost": 0.0, "Total Cost": 0.42, "Plan Rows": 6, "Plan Width": 0, "Actual Startup Time": 0.381, "Actual Total Time": 0.381, "Actual Rows": 1224, "Actual Loops": 11, "Index Cond": "(movie_id = mk.movie_id)"}]}]}, {"Node Type": "Bitmap Heap Scan", "Parent Relationship": "Inner", "Relation Name": "name", "Alias": "n", "Startup Cost": 0.26, "Total Cost": 4.27, "Plan Rows": 1, "Plan Width": 19, "Actual Startup Time": 7.491, "Actual Total Time": 7.491, "Actual Rows": 6, "Actual Loops": 1224, "Recheck Cond": "(id = ci.person_id)", "Rows Removed by Index Recheck": 0, "Filter": "((name)::text ~~ '%Downey%Robert%'::text)", "Rows Removed by Filter": 1218, "Exact Heap Blocks": 1224, "Lossy Heap Blocks": 1224, "Plans": [{"Node Type": "Bitmap Index Scan", "Parent Relationship": "Outer", "Index Name": "name_pkey", "Startup Cost": 0.0, "Total Cost": 0.26, "Plan Rows": 1, "Plan Width": 0, "Actual Startup Time": 4.492, "Actual Total Time": 4.492, "Actual Rows": 1224, "Actual Loops": 1224, "Index Cond": "(id = ci.person_id)"}]}]}]}, "Triggers": [], "Planner Runtime": 6.436, "Total Runtime": 75.551, "Unique SQL Id": 4208751436}}, "(64, '8')": {"explain_plan": {"Plan": {"Node Type": "Aggregate", "Strategy": "Plain", "Startup Cost": 2657.42, "Total Cost": 2657.43, "Plan Rows": 1, "Plan Width": 144, "Plans": [{"Node Type": "Nested Loop", "Parent Relationship": "Outer", "Join Type": "Inner", "Startup Cost": 0.0, "Total Cost": 2657.41, "Plan Rows": 1, "Plan Width": 48, "Inner Unique": true, "Join Filter": "(mk.movie_id = t.id)", "Plans": [{"Node Type": "Nested Loop", "Parent Relationship": "Outer", "Join Type": "Inner", "Startup Cost": 0.0, "Total Cost": 2657.12, "Plan Rows": 1, "Plan Width": 39, "Inner Unique": true, "Plans": [{"Node Type": "Nested Loop", "Parent Relationship": "Outer", "Join Type": "Inner", "Startup Cost": 0.0, "Total Cost": 2598.56, "Plan Rows": 202, "Plan Width": 28, "Inner Unique": false, "Plans": [{"Node Type": "Nested Loop", "Parent Relationship": "Outer", "Join Type": "Inner", "Startup Cost": 0.0, "Total Cost": 2573.32, "Plan Rows": 33, "Plan Width": 20, "Inner Unique": false, "Plans": [{"Node Type": "Seq Scan", "Parent Relationship": "Outer", "Relation Name": "keyword", "Alias": "k", "Startup Cost": 0.0, "Total Cost": 2436.11, "Plan Rows": 1, "Plan Width": 20, "Filter": "((keyword)::text = 'marvel-cinematic-universe'::text)"}, {"Node Type": "Index Scan", "Parent Relationship": "Inner", "Scan Direction": "Forward", "Index Name": "keyword_id_movie_keyword", "Relation Name": "movie_keyword", "Alias": "mk", "Startup Cost": 0.0, "Total Cost": 136.88, "Plan Rows": 33, "Plan Width": 8, "Index Cond": "(keyword_id = k.id)"}]}, {"Node Type": "Index Scan", "Parent Relationship": "Inner", "Scan Direction": "Forward", "Index Name": "movie_id_cast_info", "Relation Name": "cast_info", "Alias": "ci", "Startup Cost": 0.0, "Total Cost": 0.7, "Plan Rows": 6, "Plan Width": 8, "Index Cond": "(movie_id = mk.movie_id)"}]}, {"Node Type": "Index Scan", "Parent Relationship": "Inner", "Scan Direction": "Forward", "Index Name": "name_pkey", "Relation Name": "name", "Alias": "n", "Startup Cost": 0.0, "Total Cost": 0.28, "Plan Rows": 1, "Plan Width": 19, "Index Cond": "(id = ci.person_id)", "Filter": "((name)::text ~~ '%Downey%Robert%'::text)"}]}, {"Node Type": "Index Scan", "Parent Relationship": "Inner", "Scan Direction": "Forward", "Index Name": "title_pkey", "Relation Name": "title", "Alias": "t", "Startup Cost": 0.0, "Total Cost": 0.28, "Plan Rows": 1, "Plan Width": 21, "Index Cond": "(id = ci.movie_id)", "Filter": "(production_year > 2010)"}]}]}, "Unique SQL Id": 4208751436, "Planner Runtime": 9}, "explain_analyze_plan": {"Plan": {"Node Type": "Aggregate", "Strategy": "Plain", "Startup Cost": 2657.42, "Total Cost": 2657.43, "Plan Rows": 1, "Plan Width": 144, "Actual Startup Time": 53.179, "Actual Total Time": 53.179, "Actual Rows": 1, "Actual Loops": 1, "Plans": [{"Node Type": "Nested Loop", "Parent Relationship": "Outer", "Join Type": "Inner", "Startup Cost": 0.0, "Total Cost": 2657.41, "Plan Rows": 1, "Plan Width": 48, "Actual Startup Time": 3.067, "Actual Total Time": 53.134, "Actual Rows": 6, "Actual Loops": 1, "Inner Unique": true, "Join Filter": "(mk.movie_id = t.id)", "Rows Removed by Join Filter": 0, "Plans": [{"Node Type": "Nested Loop", "Parent Relationship": "Outer", "Join Type": "Inner", "Startup Cost": 0.0, "Total Cost": 2657.12, "Plan Rows": 1, "Plan Width": 39, "Actual Startup Time": 3.044, "Actual Total Time": 53.073, "Actual Rows": 6, "Actual Loops": 1, "Inner Unique": true, "Plans": [{"Node Type": "Nested Loop", "Parent Relationship": "Outer", "Join Type": "Inner", "Startup Cost": 0.0, "Total Cost": 2598.56, "Plan Rows": 202, "Plan Width": 28, "Actual Startup Time": 1.153, "Actual Total Time": 45.245, "Actual Rows": 1242, "Actual Loops": 1, "Inner Unique": false, "Plans": [{"Node Type": "Nested Loop", "Parent Relationship": "Outer", "Join Type": "Inner", "Startup Cost": 0.0, "Total Cost": 2573.32, "Plan Rows": 33, "Plan Width": 20, "Actual Startup Time": 1.139, "Actual Total Time": 42.599, "Actual Rows": 14, "Actual Loops": 1, "Inner Unique": false, "Plans": [{"Node Type": "Seq Scan", "Parent Relationship": "Outer", "Relation Name": "keyword", "Alias": "k", "Startup Cost": 0.0, "Total Cost": 2436.11, "Plan Rows": 1, "Plan Width": 20, "Actual Startup Time": 1.116, "Actual Total Time": 42.539, "Actual Rows": 1, "Actual Loops": 1, "Filter": "((keyword)::text = 'marvel-cinematic-universe'::text)", "Rows Removed by Filter": 134168}, {"Node Type": "Index Scan", "Parent Relationship": "Inner", "Scan Direction": "Forward", "Index Name": "keyword_id_movie_keyword", "Relation Name": "movie_keyword", "Alias": "mk", "Startup Cost": 0.0, "Total Cost": 136.88, "Plan Rows": 33, "Plan Width": 8, "Actual Startup Time": 0.018, "Actual Total Time": 0.043, "Actual Rows": 14, "Actual Loops": 1, "Index Cond": "(keyword_id = k.id)", "Rows Removed by Index Recheck": 0}]}, {"Node Type": "Index Scan", "Parent Relationship": "Inner", "Scan Direction": "Forward", "Index Name": "movie_id_cast_info", "Relation Name": "cast_info", "Alias": "ci", "Startup Cost": 0.0, "Total Cost": 0.7, "Plan Rows": 6, "Plan Width": 8, "Actual Startup Time": 0.179, "Actual Total Time": 2.353, "Actual Rows": 1242, "Actual Loops": 14, "Index Cond": "(movie_id = mk.movie_id)", "Rows Removed by Index Recheck": 0}]}, {"Node Type": "Index Scan", "Parent Relationship": "Inner", "Scan Direction": "Forward", "Index Name": "name_pkey", "Relation Name": "name", "Alias": "n", "Startup Cost": 0.0, "Total Cost": 0.28, "Plan Rows": 1, "Plan Width": 19, "Actual Startup Time": 7.21, "Actual Total Time": 7.21, "Actual Rows": 6, "Actual Loops": 1242, "Index Cond": "(id = ci.person_id)", "Rows Removed by Index Recheck": 0, "Filter": "((name)::text ~~ '%Downey%Robert%'::text)", "Rows Removed by Filter": 1236}]}, {"Node Type": "Index Scan", "Parent Relationship": "Inner", "Scan Direction": "Forward", "Index Name": "title_pkey", "Relation Name": "title", "Alias": "t", "Startup Cost": 0.0, "Total Cost": 0.28, "Plan Rows": 1, "Plan Width": 21, "Actual Startup Time": 0.042, "Actual Total Time": 0.042, "Actual Rows": 6, "Actual Loops": 6, "Index Cond": "(id = ci.movie_id)", "Rows Removed by Index Recheck": 0, "Filter": "(production_year > 2010)", "Rows Removed by Filter": 0}]}]}, "Triggers": [], "Planner Runtime": 9.561, "Total Runtime": 53.444, "Unique SQL Id": 4208751436}}, "(64, '9')": {"explain_plan": {"Plan": {"Node Type": "Aggregate", "Strategy": "Plain", "Startup Cost": 3404.02, "Total Cost": 3404.03, "Plan Rows": 1, "Plan Width": 144, "Plans": [{"Node Type": "Nested Loop", "Parent Relationship": "Outer", "Join Type": "Inner", "Startup Cost": 0.0, "Total Cost": 3404.01, "Plan Rows": 1, "Plan Width": 48, "Inner Unique": true, "Join Filter": "(mk.movie_id = t.id)", "Plans": [{"Node Type": "Nested Loop", "Parent Relationship": "Outer", "Join Type": "Inner", "Startup Cost": 0.0, "Total Cost": 3403.72, "Plan Rows": 1, "Plan Width": 39, "Inner Unique": true, "Plans": [{"Node Type": "Nested Loop", "Parent Relationship": "Outer", "Join Type": "Inner", "Startup Cost": 0.0, "Total Cost": 3345.17, "Plan Rows": 202, "Plan Width": 28, "Inner Unique": false, "Plans": [{"Node Type": "Nested Loop", "Parent Relationship": "Outer", "Join Type": "Inner", "Startup Cost": 0.0, "Total Cost": 3319.92, "Plan Rows": 33, "Plan Width": 20, "Inner Unique": false, "Plans": [{"Node Type": "Index Scan", "Parent Relationship": "Outer", "Scan Direction": "Forward", "Index Name": "keyword_pkey", "Relation Name": "keyword", "Alias": "k", "Startup Cost": 0.0, "Total Cost": 3182.72, "Plan Rows": 1, "Plan Width": 20, "Filter": "((keyword)::text = 'marvel-cinematic-universe'::text)"}, {"Node Type": "Index Scan", "Parent Relationship": "Inner", "Scan Direction": "Forward", "Index Name": "keyword_id_movie_keyword", "Relation Name": "movie_keyword", "Alias": "mk", "Startup Cost": 0.0, "Total Cost": 136.88, "Plan Rows": 33, "Plan Width": 8, "Index Cond": "(keyword_id = k.id)"}]}, {"Node Type": "Index Scan", "Parent Relationship": "Inner", "Scan Direction": "Forward", "Index Name": "movie_id_cast_info", "Relation Name": "cast_info", "Alias": "ci", "Startup Cost": 0.0, "Total Cost": 0.7, "Plan Rows": 6, "Plan Width": 8, "Index Cond": "(movie_id = mk.movie_id)"}]}, {"Node Type": "Index Scan", "Parent Relationship": "Inner", "Scan Direction": "Forward", "Index Name": "name_pkey", "Relation Name": "name", "Alias": "n", "Startup Cost": 0.0, "Total Cost": 0.28, "Plan Rows": 1, "Plan Width": 19, "Index Cond": "(id = ci.person_id)", "Filter": "((name)::text ~~ '%Downey%Robert%'::text)"}]}, {"Node Type": "Index Scan", "Parent Relationship": "Inner", "Scan Direction": "Forward", "Index Name": "title_pkey", "Relation Name": "title", "Alias": "t", "Startup Cost": 0.0, "Total Cost": 0.28, "Plan Rows": 1, "Plan Width": 21, "Index Cond": "(id = ci.movie_id)", "Filter": "(production_year > 2010)"}]}]}, "Unique SQL Id": 4208751436, "Planner Runtime": 8}, "explain_analyze_plan": {"Plan": {"Node Type": "Aggregate", "Strategy": "Plain", "Startup Cost": 3404.02, "Total Cost": 3404.03, "Plan Rows": 1, "Plan Width": 144, "Actual Startup Time": 123.981, "Actual Total Time": 123.983, "Actual Rows": 1, "Actual Loops": 1, "Plans": [{"Node Type": "Nested Loop", "Parent Relationship": "Outer", "Join Type": "Inner", "Startup Cost": 0.0, "Total Cost": 3404.01, "Plan Rows": 1, "Plan Width": 48, "Actual Startup Time": 8.671, "Actual Total Time": 123.935, "Actual Rows": 6, "Actual Loops": 1, "Inner Unique": true, "Join Filter": "(mk.movie_id = t.id)", "Rows Removed by Join Filter": 0, "Plans": [{"Node Type": "Nested Loop", "Parent Relationship": "Outer", "Join Type": "Inner", "Startup Cost": 0.0, "Total Cost": 3403.72, "Plan Rows": 1, "Plan Width": 39, "Actual Startup Time": 8.653, "Actual Total Time": 123.882, "Actual Rows": 6, "Actual Loops": 1, "Inner Unique": true, "Plans": [{"Node Type": "Nested Loop", "Parent Relationship": "Outer", "Join Type": "Inner", "Startup Cost": 0.0, "Total Cost": 3345.17, "Plan Rows": 202, "Plan Width": 28, "Actual Startup Time": 7.067, "Actual Total Time": 116.917, "Actual Rows": 1242, "Actual Loops": 1, "Inner Unique": false, "Plans": [{"Node Type": "Nested Loop", "Parent Relationship": "Outer", "Join Type": "Inner", "Startup Cost": 0.0, "Total Cost": 3319.92, "Plan Rows": 33, "Plan Width": 20, "Actual Startup Time": 7.054, "Actual Total Time": 114.743, "Actual Rows": 14, "Actual Loops": 1, "Inner Unique": false, "Plans": [{"Node Type": "Index Scan", "Parent Relationship": "Outer", "Scan Direction": "Forward", "Index Name": "keyword_pkey", "Relation Name": "keyword", "Alias": "k", "Startup Cost": 0.0, "Total Cost": 3182.72, "Plan Rows": 1, "Plan Width": 20, "Actual Startup Time": 7.038, "Actual Total Time": 114.697, "Actual Rows": 1, "Actual Loops": 1, "Filter": "((keyword)::text = 'marvel-cinematic-universe'::text)", "Rows Removed by Filter": 134168}, {"Node Type": "Index Scan", "Parent Relationship": "Inner", "Scan Direction": "Forward", "Index Name": "keyword_id_movie_keyword", "Relation Name": "movie_keyword", "Alias": "mk", "Startup Cost": 0.0, "Total Cost": 136.88, "Plan Rows": 33, "Plan Width": 8, "Actual Startup Time": 0.012, "Actual Total Time": 0.034, "Actual Rows": 14, "Actual Loops": 1, "Index Cond": "(keyword_id = k.id)", "Rows Removed by Index Recheck": 0}]}, {"Node Type": "Index Scan", "Parent Relationship": "Inner", "Scan Direction": "Forward", "Index Name": "movie_id_cast_info", "Relation Name": "cast_info", "Alias": "ci", "Startup Cost": 0.0, "Total Cost": 0.7, "Plan Rows": 6, "Plan Width": 8, "Actual Startup Time": 0.159, "Actual Total Time": 1.869, "Actual Rows": 1242, "Actual Loops": 14, "Index Cond": "(movie_id = mk.movie_id)", "Rows Removed by Index Recheck": 0}]}, {"Node Type": "Index Scan", "Parent Relationship": "Inner", "Scan Direction": "Forward", "Index Name": "name_pkey", "Relation Name": "name", "Alias": "n", "Startup Cost": 0.0, "Total Cost": 0.28, "Plan Rows": 1, "Plan Width": 19, "Actual Startup Time": 6.305, "Actual Total Time": 6.305, "Actual Rows": 6, "Actual Loops": 1242, "Index Cond": "(id = ci.person_id)", "Rows Removed by Index Recheck": 0, "Filter": "((name)::text ~~ '%Downey%Robert%'::text)", "Rows Removed by Filter": 1236}]}, {"Node Type": "Index Scan", "Parent Relationship": "Inner", "Scan Direction": "Forward", "Index Name": "title_pkey", "Relation Name": "title", "Alias": "t", "Startup Cost": 0.0, "Total Cost": 0.28, "Plan Rows": 1, "Plan Width": 21, "Actual Startup Time": 0.04, "Actual Total Time": 0.04, "Actual Rows": 6, "Actual Loops": 6, "Index Cond": "(id = ci.movie_id)", "Rows Removed by Index Recheck": 0, "Filter": "(production_year > 2010)", "Rows Removed by Filter": 0}]}]}, "Triggers": [], "Planner Runtime": 8.449, "Total Runtime": 124.25, "Unique SQL Id": 4208751436}}, "(64, '10')": {"explain_plan": {"Plan": {"Node Type": "Aggregate", "Strategy": "Plain", "Startup Cost": 301602.84, "Total Cost": 301602.85, "Plan Rows": 1, "Plan Width": 144, "Plans": [{"Node Type": "Hash Join", "Parent Relationship": "Outer", "Join Type": "Inner", "Startup Cost": 226776.71, "Total Cost": 301601.77, "Plan Rows": 143, "Plan Width": 48, "Inner Unique": false, "Hash Cond": "(t.id = mk.movie_id)", "Plans": [{"Node Type": "Hash Join", "Parent Relationship": "Outer", "Join Type": "Inner", "Startup Cost": 150560.46, "Total Cost": 225355.07, "Plan Rows": 8117, "Plan Width": 40, "Inner Unique": true, "Hash Cond": "(ci.movie_id = t.id)", "Plans": [{"Node Type": "Streaming(type: LOCAL GATHER dop: 1/64)", "Parent Relationship": "Outer", "Startup Cost": 127639.09, "Total Cost": 202324.33, "Plan Rows": 7520, "Plan Width": 19, "Plans": [{"Node Type": "Hash Join", "Parent Relationship": "Outer", "Join Type": "Inner", "Startup Cost": 127639.09, "Total Cost": 202169.19, "Plan Rows": 7520, "Plan Width": 19, "Inner Unique": true, "Hash Cond": "(ci.person_id = n.id)", "Plans": [{"Node Type": "Seq Scan", "Parent Relationship": "Outer", "Relation Name": "cast_info", "Alias": "ci", "Startup Cost": 0.0, "Total Cost": 72404.34, "Plan Rows": 36259494, "Plan Width": 8}, {"Node Type": "Hash", "Parent Relationship": "Inner", "Startup Cost": 127633.9, "Total Cost": 127633.9, "Plan Rows": 26560, "Plan Width": 19, "Plans": [{"Node Type": "Streaming(type: BROADCAST dop: 64/64)", "Parent Relationship": "Outer", "Startup Cost": 0.0, "Total Cost": 127633.9, "Plan Rows": 26560, "Plan Width": 19, "Plans": [{"Node Type": "Seq Scan", "Parent Relationship": "Outer", "Relation Name": "name", "Alias": "n", "Startup Cost": 0.0, "Total Cost": 64617.04, "Plan Rows": 415, "Plan Width": 19, "Filter": "((name)::text ~~ '%Downey%Robert%'::text)"}]}]}]}]}, {"Node Type": "Hash", "Parent Relationship": "Inner", "Startup Cost": 72112.93, "Total Cost": 72112.93, "Plan Rows": 391451, "Plan Width": 21, "Plans": [{"Node Type": "Streaming(type: LOCAL GATHER dop: 1/64)", "Parent Relationship": "Outer", "Startup Cost": 0.0, "Total Cost": 72112.93, "Plan Rows": 391451, "Plan Width": 21, "Plans": [{"Node Type": "Seq Scan", "Parent Relationship": "Outer", "Relation Name": "title", "Alias": "t", "Startup Cost": 0.0, "Total Cost": 64037.34, "Plan Rows": 391451, "Plan Width": 21, "Filter": "(production_year > 2010), (LLVM Optimized)"}]}]}]}, {"Node Type": "Hash", "Parent Relationship": "Inner", "Startup Cost": 76215.84, "Total Cost": 76215.84, "Plan Rows": 33, "Plan Width": 20, "Plans": [{"Node Type": "Hash Join", "Parent Relationship": "Outer", "Join Type": "Inner", "Startup Cost": 2436.12, "Total Cost": 76215.84, "Plan Rows": 33, "Plan Width": 20, "Inner Unique": true, "Hash Cond": "(mk.keyword_id = k.id)", "Plans": [{"Node Type": "Seq Scan", "Parent Relationship": "Outer", "Relation Name": "movie_keyword", "Alias": "mk", "Startup Cost": 0.0, "Total Cost": 62441.29, "Plan Rows": 4523929, "Plan Width": 8}, {"Node Type": "Hash", "Parent Relationship": "Inner", "Startup Cost": 2436.11, "Total Cost": 2436.11, "Plan Rows": 1, "Plan Width": 20, "Plans": [{"Node Type": "Seq Scan", "Parent Relationship": "Outer", "Relation Name": "keyword", "Alias": "k", "Startup Cost": 0.0, "Total Cost": 2436.11, "Plan Rows": 1, "Plan Width": 20, "Filter": "((keyword)::text = 'marvel-cinematic-universe'::text)"}]}]}]}]}]}, "Unique SQL Id": 4208751436, "Planner Runtime": 19}, "explain_analyze_plan": null}, "(64, '11')": {"explain_plan": {"Plan": {"Node Type": "Aggregate", "Strategy": "Plain", "Startup Cost": 4973004114307.04, "Total Cost": 4973004114307.05, "Plan Rows": 1, "Plan Width": 144, "Plans": [{"Node Type": "Merge Join", "Parent Relationship": "Outer", "Join Type": "Inner", "Startup Cost": 50152554249.12, "Total Cost": 4973004114305.4, "Plan Rows": 218, "Plan Width": 48, "Inner Unique": true, "Merge Cond": "(mk.movie_id = t.id)", "Plans": [{"Node Type": "Nested Loop", "Parent Relationship": "Outer", "Join Type": "Inner", "Startup Cost": 40031158317.15, "Total Cost": 3973963636653.18, "Plan Rows": 202, "Plan Width": 39, "Inner Unique": false, "Join Filter": "(ci.movie_id = mk.movie_id)", "Plans": [{"Node Type": "Nested Loop", "Parent Relationship": "Outer", "Join Type": "Inner", "Startup Cost": 20000000000.0, "Total Cost": 2000015686764.79, "Plan Rows": 33, "Plan Width": 20, "Inner Unique": true, "Join Filter": "(k.id = mk.keyword_id)", "Plans": [{"Node Type": "Index Scan", "Parent Relationship": "Outer", "Scan Direction": "Forward", "Index Name": "movie_id_movie_keyword", "Relation Name": "movie_keyword", "Alias": "mk", "Startup Cost": 10000000000.0, "Total Cost": 1000015300634.17, "Plan Rows": 4523929, "Plan Width": 8}, {"Node Type": "Materialize", "Parent Relationship": "Inner", "Startup Cost": 10000000000.0, "Total Cost": 1000000318271.69, "Plan Rows": 1, "Plan Width": 20, "Plans": [{"Node Type": "Index Scan", "Parent Relationship": "Outer", "Scan Direction": "Forward", "Index Name": "keyword_pkey", "Relation Name": "keyword", "Alias": "k", "Startup Cost": 10000000000.0, "Total Cost": 1000000318271.68, "Plan Rows": 1, "Plan Width": 20, "Filter": "((keyword)::text = 'marvel-cinematic-universe'::text)"}]}]}, {"Node Type": "Materialize", "Parent Relationship": "Inner", "Startup Cost": 20031158317.15, "Total Cost": 1973947946184.79, "Plan Rows": 7520, "Plan Width": 19, "Plans": [{"Node Type": "Merge Join", "Parent Relationship": "Outer", "Join Type": "Inner", "Startup Cost": 20031158317.15, "Total Cost": 1973947946147.19, "Plan Rows": 7520, "Plan Width": 19, "Inner Unique": true, "Merge Cond": "(ci.person_id = n.id)", "Plans": [{"Node Type": "Index Scan", "Parent Relationship": "Outer", "Scan Direction": "Forward", "Index Name": "person_id_cast_info", "Relation Name": "cast_info", "Alias": "ci", "Startup Cost": 10000000000.0, "Total Cost": 1000170648833.21, "Plan Rows": 36259494, "Plan Width": 8}, {"Node Type": "Materialize", "Parent Relationship": "Inner", "Startup Cost": 10000000000.0, "Total Cost": 1000018665148.24, "Plan Rows": 415, "Plan Width": 19, "Plans": [{"Node Type": "Index Scan", "Parent Relationship": "Outer", "Scan Direction": "Forward", "Index Name": "name_pkey", "Relation Name": "name", "Alias": "n", "Startup Cost": 10000000000.0, "Total Cost": 1000018665147.2, "Plan Rows": 415, "Plan Width": 19, "Filter": "((name)::text ~~ '%Downey%Robert%'::text)"}]}]}]}]}, {"Node Type": "Index Scan", "Parent Relationship": "Inner", "Scan Direction": "Forward", "Index Name": "title_pkey", "Relation Name": "title", "Alias": "t", "Startup Cost": 10000000000.0, "Total Cost": 1000011644126.66, "Plan Rows": 391451, "Plan Width": 21, "Filter": "(production_year > 2010), (LLVM Optimized)"}]}]}, "Unique SQL Id": 4208751436, "Planner Runtime": 14}, "explain_analyze_plan": null}, "(64, '12')": {"explain_plan": {"Plan": {"Node Type": "Aggregate", "Strategy": "Plain", "Startup Cost": 2657.42, "Total Cost": 2657.43, "Plan Rows": 1, "Plan Width": 144, "Plans": [{"Node Type": "Nested Loop", "Parent Relationship": "Outer", "Join Type": "Inner", "Startup Cost": 0.0, "Total Cost": 2657.41, "Plan Rows": 1, "Plan Width": 48, "Inner Unique": true, "Join Filter": "(mk.movie_id = t.id)", "Plans": [{"Node Type": "Nested Loop", "Parent Relationship": "Outer", "Join Type": "Inner", "Startup Cost": 0.0, "Total Cost": 2657.12, "Plan Rows": 1, "Plan Width": 39, "Inner Unique": true, "Plans": [{"Node Type": "Nested Loop", "Parent Relationship": "Outer", "Join Type": "Inner", "Startup Cost": 0.0, "Total Cost": 2598.56, "Plan Rows": 202, "Plan Width": 28, "Inner Unique": false, "Plans": [{"Node Type": "Nested Loop", "Parent Relationship": "Outer", "Join Type": "Inner", "Startup Cost": 0.0, "Total Cost": 2573.32, "Plan Rows": 33, "Plan Width": 20, "Inner Unique": false, "Plans": [{"Node Type": "Seq Scan", "Parent Relationship": "Outer", "Relation Name": "keyword", "Alias": "k", "Startup Cost": 0.0, "Total Cost": 2436.11, "Plan Rows": 1, "Plan Width": 20, "Filter": "((keyword)::text = 'marvel-cinematic-universe'::text)"}, {"Node Type": "Index Scan", "Parent Relationship": "Inner", "Scan Direction": "Forward", "Index Name": "keyword_id_movie_keyword", "Relation Name": "movie_keyword", "Alias": "mk", "Startup Cost": 0.0, "Total Cost": 136.88, "Plan Rows": 33, "Plan Width": 8, "Index Cond": "(keyword_id = k.id)"}]}, {"Node Type": "Index Scan", "Parent Relationship": "Inner", "Scan Direction": "Forward", "Index Name": "movie_id_cast_info", "Relation Name": "cast_info", "Alias": "ci", "Startup Cost": 0.0, "Total Cost": 0.7, "Plan Rows": 6, "Plan Width": 8, "Index Cond": "(movie_id = mk.movie_id)"}]}, {"Node Type": "Index Scan", "Parent Relationship": "Inner", "Scan Direction": "Forward", "Index Name": "name_pkey", "Relation Name": "name", "Alias": "n", "Startup Cost": 0.0, "Total Cost": 0.28, "Plan Rows": 1, "Plan Width": 19, "Index Cond": "(id = ci.person_id)", "Filter": "((name)::text ~~ '%Downey%Robert%'::text)"}]}, {"Node Type": "Index Scan", "Parent Relationship": "Inner", "Scan Direction": "Forward", "Index Name": "title_pkey", "Relation Name": "title", "Alias": "t", "Startup Cost": 0.0, "Total Cost": 0.28, "Plan Rows": 1, "Plan Width": 21, "Index Cond": "(id = ci.movie_id)", "Filter": "(production_year > 2010)"}]}]}, "Unique SQL Id": 4208751436, "Planner Runtime": 10}, "explain_analyze_plan": {"Plan": {"Node Type": "Aggregate", "Strategy": "Plain", "Startup Cost": 2657.42, "Total Cost": 2657.43, "Plan Rows": 1, "Plan Width": 144, "Actual Startup Time": 53.179, "Actual Total Time": 53.179, "Actual Rows": 1, "Actual Loops": 1, "Plans": [{"Node Type": "Nested Loop", "Parent Relationship": "Outer", "Join Type": "Inner", "Startup Cost": 0.0, "Total Cost": 2657.41, "Plan Rows": 1, "Plan Width": 48, "Actual Startup Time": 3.067, "Actual Total Time": 53.134, "Actual Rows": 6, "Actual Loops": 1, "Inner Unique": true, "Join Filter": "(mk.movie_id = t.id)", "Rows Removed by Join Filter": 0, "Plans": [{"Node Type": "Nested Loop", "Parent Relationship": "Outer", "Join Type": "Inner", "Startup Cost": 0.0, "Total Cost": 2657.12, "Plan Rows": 1, "Plan Width": 39, "Actual Startup Time": 3.044, "Actual Total Time": 53.073, "Actual Rows": 6, "Actual Loops": 1, "Inner Unique": true, "Plans": [{"Node Type": "Nested Loop", "Parent Relationship": "Outer", "Join Type": "Inner", "Startup Cost": 0.0, "Total Cost": 2598.56, "Plan Rows": 202, "Plan Width": 28, "Actual Startup Time": 1.153, "Actual Total Time": 45.245, "Actual Rows": 1242, "Actual Loops": 1, "Inner Unique": false, "Plans": [{"Node Type": "Nested Loop", "Parent Relationship": "Outer", "Join Type": "Inner", "Startup Cost": 0.0, "Total Cost": 2573.32, "Plan Rows": 33, "Plan Width": 20, "Actual Startup Time": 1.139, "Actual Total Time": 42.599, "Actual Rows": 14, "Actual Loops": 1, "Inner Unique": false, "Plans": [{"Node Type": "Seq Scan", "Parent Relationship": "Outer", "Relation Name": "keyword", "Alias": "k", "Startup Cost": 0.0, "Total Cost": 2436.11, "Plan Rows": 1, "Plan Width": 20, "Actual Startup Time": 1.116, "Actual Total Time": 42.539, "Actual Rows": 1, "Actual Loops": 1, "Filter": "((keyword)::text = 'marvel-cinematic-universe'::text)", "Rows Removed by Filter": 134168}, {"Node Type": "Index Scan", "Parent Relationship": "Inner", "Scan Direction": "Forward", "Index Name": "keyword_id_movie_keyword", "Relation Name": "movie_keyword", "Alias": "mk", "Startup Cost": 0.0, "Total Cost": 136.88, "Plan Rows": 33, "Plan Width": 8, "Actual Startup Time": 0.018, "Actual Total Time": 0.043, "Actual Rows": 14, "Actual Loops": 1, "Index Cond": "(keyword_id = k.id)", "Rows Removed by Index Recheck": 0}]}, {"Node Type": "Index Scan", "Parent Relationship": "Inner", "Scan Direction": "Forward", "Index Name": "movie_id_cast_info", "Relation Name": "cast_info", "Alias": "ci", "Startup Cost": 0.0, "Total Cost": 0.7, "Plan Rows": 6, "Plan Width": 8, "Actual Startup Time": 0.179, "Actual Total Time": 2.353, "Actual Rows": 1242, "Actual Loops": 14, "Index Cond": "(movie_id = mk.movie_id)", "Rows Removed by Index Recheck": 0}]}, {"Node Type": "Index Scan", "Parent Relationship": "Inner", "Scan Direction": "Forward", "Index Name": "name_pkey", "Relation Name": "name", "Alias": "n", "Startup Cost": 0.0, "Total Cost": 0.28, "Plan Rows": 1, "Plan Width": 19, "Actual Startup Time": 7.21, "Actual Total Time": 7.21, "Actual Rows": 6, "Actual Loops": 1242, "Index Cond": "(id = ci.person_id)", "Rows Removed by Index Recheck": 0, "Filter": "((name)::text ~~ '%Downey%Robert%'::text)", "Rows Removed by Filter": 1236}]}, {"Node Type": "Index Scan", "Parent Relationship": "Inner", "Scan Direction": "Forward", "Index Name": "title_pkey", "Relation Name": "title", "Alias": "t", "Startup Cost": 0.0, "Total Cost": 0.28, "Plan Rows": 1, "Plan Width": 21, "Actual Startup Time": 0.042, "Actual Total Time": 0.042, "Actual Rows": 6, "Actual Loops": 6, "Index Cond": "(id = ci.movie_id)", "Rows Removed by Index Recheck": 0, "Filter": "(production_year > 2010)", "Rows Removed by Filter": 0}]}]}, "Triggers": [], "Planner Runtime": 9.561, "Total Runtime": 53.444, "Unique SQL Id": 4208751436}}, "(64, '13')": {"explain_plan": {"Plan": {"Node Type": "Aggregate", "Strategy": "Plain", "Startup Cost": 3404.02, "Total Cost": 3404.03, "Plan Rows": 1, "Plan Width": 144, "Plans": [{"Node Type": "Nested Loop", "Parent Relationship": "Outer", "Join Type": "Inner", "Startup Cost": 0.0, "Total Cost": 3404.01, "Plan Rows": 1, "Plan Width": 48, "Inner Unique": true, "Join Filter": "(mk.movie_id = t.id)", "Plans": [{"Node Type": "Nested Loop", "Parent Relationship": "Outer", "Join Type": "Inner", "Startup Cost": 0.0, "Total Cost": 3403.72, "Plan Rows": 1, "Plan Width": 39, "Inner Unique": true, "Plans": [{"Node Type": "Nested Loop", "Parent Relationship": "Outer", "Join Type": "Inner", "Startup Cost": 0.0, "Total Cost": 3345.17, "Plan Rows": 202, "Plan Width": 28, "Inner Unique": false, "Plans": [{"Node Type": "Nested Loop", "Parent Relationship": "Outer", "Join Type": "Inner", "Startup Cost": 0.0, "Total Cost": 3319.92, "Plan Rows": 33, "Plan Width": 20, "Inner Unique": false, "Plans": [{"Node Type": "Index Scan", "Parent Relationship": "Outer", "Scan Direction": "Forward", "Index Name": "keyword_pkey", "Relation Name": "keyword", "Alias": "k", "Startup Cost": 0.0, "Total Cost": 3182.72, "Plan Rows": 1, "Plan Width": 20, "Filter": "((keyword)::text = 'marvel-cinematic-universe'::text)"}, {"Node Type": "Index Scan", "Parent Relationship": "Inner", "Scan Direction": "Forward", "Index Name": "keyword_id_movie_keyword", "Relation Name": "movie_keyword", "Alias": "mk", "Startup Cost": 0.0, "Total Cost": 136.88, "Plan Rows": 33, "Plan Width": 8, "Index Cond": "(keyword_id = k.id)"}]}, {"Node Type": "Index Scan", "Parent Relationship": "Inner", "Scan Direction": "Forward", "Index Name": "movie_id_cast_info", "Relation Name": "cast_info", "Alias": "ci", "Startup Cost": 0.0, "Total Cost": 0.7, "Plan Rows": 6, "Plan Width": 8, "Index Cond": "(movie_id = mk.movie_id)"}]}, {"Node Type": "Index Scan", "Parent Relationship": "Inner", "Scan Direction": "Forward", "Index Name": "name_pkey", "Relation Name": "name", "Alias": "n", "Startup Cost": 0.0, "Total Cost": 0.28, "Plan Rows": 1, "Plan Width": 19, "Index Cond": "(id = ci.person_id)", "Filter": "((name)::text ~~ '%Downey%Robert%'::text)"}]}, {"Node Type": "Index Scan", "Parent Relationship": "Inner", "Scan Direction": "Forward", "Index Name": "title_pkey", "Relation Name": "title", "Alias": "t", "Startup Cost": 0.0, "Total Cost": 0.28, "Plan Rows": 1, "Plan Width": 21, "Index Cond": "(id = ci.movie_id)", "Filter": "(production_year > 2010)"}]}]}, "Unique SQL Id": 4208751436, "Planner Runtime": 8}, "explain_analyze_plan": {"Plan": {"Node Type": "Aggregate", "Strategy": "Plain", "Startup Cost": 3404.02, "Total Cost": 3404.03, "Plan Rows": 1, "Plan Width": 144, "Actual Startup Time": 123.981, "Actual Total Time": 123.983, "Actual Rows": 1, "Actual Loops": 1, "Plans": [{"Node Type": "Nested Loop", "Parent Relationship": "Outer", "Join Type": "Inner", "Startup Cost": 0.0, "Total Cost": 3404.01, "Plan Rows": 1, "Plan Width": 48, "Actual Startup Time": 8.671, "Actual Total Time": 123.935, "Actual Rows": 6, "Actual Loops": 1, "Inner Unique": true, "Join Filter": "(mk.movie_id = t.id)", "Rows Removed by Join Filter": 0, "Plans": [{"Node Type": "Nested Loop", "Parent Relationship": "Outer", "Join Type": "Inner", "Startup Cost": 0.0, "Total Cost": 3403.72, "Plan Rows": 1, "Plan Width": 39, "Actual Startup Time": 8.653, "Actual Total Time": 123.882, "Actual Rows": 6, "Actual Loops": 1, "Inner Unique": true, "Plans": [{"Node Type": "Nested Loop", "Parent Relationship": "Outer", "Join Type": "Inner", "Startup Cost": 0.0, "Total Cost": 3345.17, "Plan Rows": 202, "Plan Width": 28, "Actual Startup Time": 7.067, "Actual Total Time": 116.917, "Actual Rows": 1242, "Actual Loops": 1, "Inner Unique": false, "Plans": [{"Node Type": "Nested Loop", "Parent Relationship": "Outer", "Join Type": "Inner", "Startup Cost": 0.0, "Total Cost": 3319.92, "Plan Rows": 33, "Plan Width": 20, "Actual Startup Time": 7.054, "Actual Total Time": 114.743, "Actual Rows": 14, "Actual Loops": 1, "Inner Unique": false, "Plans": [{"Node Type": "Index Scan", "Parent Relationship": "Outer", "Scan Direction": "Forward", "Index Name": "keyword_pkey", "Relation Name": "keyword", "Alias": "k", "Startup Cost": 0.0, "Total Cost": 3182.72, "Plan Rows": 1, "Plan Width": 20, "Actual Startup Time": 7.038, "Actual Total Time": 114.697, "Actual Rows": 1, "Actual Loops": 1, "Filter": "((keyword)::text = 'marvel-cinematic-universe'::text)", "Rows Removed by Filter": 134168}, {"Node Type": "Index Scan", "Parent Relationship": "Inner", "Scan Direction": "Forward", "Index Name": "keyword_id_movie_keyword", "Relation Name": "movie_keyword", "Alias": "mk", "Startup Cost": 0.0, "Total Cost": 136.88, "Plan Rows": 33, "Plan Width": 8, "Actual Startup Time": 0.012, "Actual Total Time": 0.034, "Actual Rows": 14, "Actual Loops": 1, "Index Cond": "(keyword_id = k.id)", "Rows Removed by Index Recheck": 0}]}, {"Node Type": "Index Scan", "Parent Relationship": "Inner", "Scan Direction": "Forward", "Index Name": "movie_id_cast_info", "Relation Name": "cast_info", "Alias": "ci", "Startup Cost": 0.0, "Total Cost": 0.7, "Plan Rows": 6, "Plan Width": 8, "Actual Startup Time": 0.159, "Actual Total Time": 1.869, "Actual Rows": 1242, "Actual Loops": 14, "Index Cond": "(movie_id = mk.movie_id)", "Rows Removed by Index Recheck": 0}]}, {"Node Type": "Index Scan", "Parent Relationship": "Inner", "Scan Direction": "Forward", "Index Name": "name_pkey", "Relation Name": "name", "Alias": "n", "Startup Cost": 0.0, "Total Cost": 0.28, "Plan Rows": 1, "Plan Width": 19, "Actual Startup Time": 6.305, "Actual Total Time": 6.305, "Actual Rows": 6, "Actual Loops": 1242, "Index Cond": "(id = ci.person_id)", "Rows Removed by Index Recheck": 0, "Filter": "((name)::text ~~ '%Downey%Robert%'::text)", "Rows Removed by Filter": 1236}]}, {"Node Type": "Index Scan", "Parent Relationship": "Inner", "Scan Direction": "Forward", "Index Name": "title_pkey", "Relation Name": "title", "Alias": "t", "Startup Cost": 0.0, "Total Cost": 0.28, "Plan Rows": 1, "Plan Width": 21, "Actual Startup Time": 0.04, "Actual Total Time": 0.04, "Actual Rows": 6, "Actual Loops": 6, "Index Cond": "(id = ci.movie_id)", "Rows Removed by Index Recheck": 0, "Filter": "(production_year > 2010)", "Rows Removed by Filter": 0}]}]}, "Triggers": [], "Planner Runtime": 8.449, "Total Runtime": 124.25, "Unique SQL Id": 4208751436}}, "(64, '14')": {"explain_plan": {"Plan": {"Node Type": "Aggregate", "Strategy": "Plain", "Startup Cost": 301602.84, "Total Cost": 301602.85, "Plan Rows": 1, "Plan Width": 144, "Plans": [{"Node Type": "Hash Join", "Parent Relationship": "Outer", "Join Type": "Inner", "Startup Cost": 226776.71, "Total Cost": 301601.77, "Plan Rows": 143, "Plan Width": 48, "Inner Unique": false, "Hash Cond": "(t.id = mk.movie_id)", "Plans": [{"Node Type": "Hash Join", "Parent Relationship": "Outer", "Join Type": "Inner", "Startup Cost": 150560.46, "Total Cost": 225355.07, "Plan Rows": 8117, "Plan Width": 40, "Inner Unique": true, "Hash Cond": "(ci.movie_id = t.id)", "Plans": [{"Node Type": "Streaming(type: LOCAL GATHER dop: 1/64)", "Parent Relationship": "Outer", "Startup Cost": 127639.09, "Total Cost": 202324.33, "Plan Rows": 7520, "Plan Width": 19, "Plans": [{"Node Type": "Hash Join", "Parent Relationship": "Outer", "Join Type": "Inner", "Startup Cost": 127639.09, "Total Cost": 202169.19, "Plan Rows": 7520, "Plan Width": 19, "Inner Unique": true, "Hash Cond": "(ci.person_id = n.id)", "Plans": [{"Node Type": "Seq Scan", "Parent Relationship": "Outer", "Relation Name": "cast_info", "Alias": "ci", "Startup Cost": 0.0, "Total Cost": 72404.34, "Plan Rows": 36259494, "Plan Width": 8}, {"Node Type": "Hash", "Parent Relationship": "Inner", "Startup Cost": 127633.9, "Total Cost": 127633.9, "Plan Rows": 26560, "Plan Width": 19, "Plans": [{"Node Type": "Streaming(type: BROADCAST dop: 64/64)", "Parent Relationship": "Outer", "Startup Cost": 0.0, "Total Cost": 127633.9, "Plan Rows": 26560, "Plan Width": 19, "Plans": [{"Node Type": "Seq Scan", "Parent Relationship": "Outer", "Relation Name": "name", "Alias": "n", "Startup Cost": 0.0, "Total Cost": 64617.04, "Plan Rows": 415, "Plan Width": 19, "Filter": "((name)::text ~~ '%Downey%Robert%'::text)"}]}]}]}]}, {"Node Type": "Hash", "Parent Relationship": "Inner", "Startup Cost": 72112.93, "Total Cost": 72112.93, "Plan Rows": 391451, "Plan Width": 21, "Plans": [{"Node Type": "Streaming(type: LOCAL GATHER dop: 1/64)", "Parent Relationship": "Outer", "Startup Cost": 0.0, "Total Cost": 72112.93, "Plan Rows": 391451, "Plan Width": 21, "Plans": [{"Node Type": "Seq Scan", "Parent Relationship": "Outer", "Relation Name": "title", "Alias": "t", "Startup Cost": 0.0, "Total Cost": 64037.34, "Plan Rows": 391451, "Plan Width": 21, "Filter": "(production_year > 2010), (LLVM Optimized)"}]}]}]}, {"Node Type": "Hash", "Parent Relationship": "Inner", "Startup Cost": 76215.84, "Total Cost": 76215.84, "Plan Rows": 33, "Plan Width": 20, "Plans": [{"Node Type": "Hash Join", "Parent Relationship": "Outer", "Join Type": "Inner", "Startup Cost": 2436.12, "Total Cost": 76215.84, "Plan Rows": 33, "Plan Width": 20, "Inner Unique": true, "Hash Cond": "(mk.keyword_id = k.id)", "Plans": [{"Node Type": "Seq Scan", "Parent Relationship": "Outer", "Relation Name": "movie_keyword", "Alias": "mk", "Startup Cost": 0.0, "Total Cost": 62441.29, "Plan Rows": 4523929, "Plan Width": 8}, {"Node Type": "Hash", "Parent Relationship": "Inner", "Startup Cost": 2436.11, "Total Cost": 2436.11, "Plan Rows": 1, "Plan Width": 20, "Plans": [{"Node Type": "Seq Scan", "Parent Relationship": "Outer", "Relation Name": "keyword", "Alias": "k", "Startup Cost": 0.0, "Total Cost": 2436.11, "Plan Rows": 1, "Plan Width": 20, "Filter": "((keyword)::text = 'marvel-cinematic-universe'::text)"}]}]}]}]}]}, "Unique SQL Id": 4208751436, "Planner Runtime": 17}, "explain_analyze_plan": null}, "(64, '15')": {"explain_plan": {"Plan": {"Node Type": "Aggregate", "Strategy": "Plain", "Startup Cost": 4973004114307.04, "Total Cost": 4973004114307.05, "Plan Rows": 1, "Plan Width": 144, "Plans": [{"Node Type": "Merge Join", "Parent Relationship": "Outer", "Join Type": "Inner", "Startup Cost": 50152554249.12, "Total Cost": 4973004114305.4, "Plan Rows": 218, "Plan Width": 48, "Inner Unique": true, "Merge Cond": "(mk.movie_id = t.id)", "Plans": [{"Node Type": "Nested Loop", "Parent Relationship": "Outer", "Join Type": "Inner", "Startup Cost": 40031158317.15, "Total Cost": 3973963636653.18, "Plan Rows": 202, "Plan Width": 39, "Inner Unique": false, "Join Filter": "(ci.movie_id = mk.movie_id)", "Plans": [{"Node Type": "Nested Loop", "Parent Relationship": "Outer", "Join Type": "Inner", "Startup Cost": 20000000000.0, "Total Cost": 2000015686764.79, "Plan Rows": 33, "Plan Width": 20, "Inner Unique": true, "Join Filter": "(k.id = mk.keyword_id)", "Plans": [{"Node Type": "Index Scan", "Parent Relationship": "Outer", "Scan Direction": "Forward", "Index Name": "movie_id_movie_keyword", "Relation Name": "movie_keyword", "Alias": "mk", "Startup Cost": 10000000000.0, "Total Cost": 1000015300634.17, "Plan Rows": 4523929, "Plan Width": 8}, {"Node Type": "Materialize", "Parent Relationship": "Inner", "Startup Cost": 10000000000.0, "Total Cost": 1000000318271.69, "Plan Rows": 1, "Plan Width": 20, "Plans": [{"Node Type": "Index Scan", "Parent Relationship": "Outer", "Scan Direction": "Forward", "Index Name": "keyword_pkey", "Relation Name": "keyword", "Alias": "k", "Startup Cost": 10000000000.0, "Total Cost": 1000000318271.68, "Plan Rows": 1, "Plan Width": 20, "Filter": "((keyword)::text = 'marvel-cinematic-universe'::text)"}]}]}, {"Node Type": "Materialize", "Parent Relationship": "Inner", "Startup Cost": 20031158317.15, "Total Cost": 1973947946184.79, "Plan Rows": 7520, "Plan Width": 19, "Plans": [{"Node Type": "Merge Join", "Parent Relationship": "Outer", "Join Type": "Inner", "Startup Cost": 20031158317.15, "Total Cost": 1973947946147.19, "Plan Rows": 7520, "Plan Width": 19, "Inner Unique": true, "Merge Cond": "(ci.person_id = n.id)", "Plans": [{"Node Type": "Index Scan", "Parent Relationship": "Outer", "Scan Direction": "Forward", "Index Name": "person_id_cast_info", "Relation Name": "cast_info", "Alias": "ci", "Startup Cost": 10000000000.0, "Total Cost": 1000170648833.21, "Plan Rows": 36259494, "Plan Width": 8}, {"Node Type": "Materialize", "Parent Relationship": "Inner", "Startup Cost": 10000000000.0, "Total Cost": 1000018665148.24, "Plan Rows": 415, "Plan Width": 19, "Plans": [{"Node Type": "Index Scan", "Parent Relationship": "Outer", "Scan Direction": "Forward", "Index Name": "name_pkey", "Relation Name": "name", "Alias": "n", "Startup Cost": 10000000000.0, "Total Cost": 1000018665147.2, "Plan Rows": 415, "Plan Width": 19, "Filter": "((name)::text ~~ '%Downey%Robert%'::text)"}]}]}]}]}, {"Node Type": "Index Scan", "Parent Relationship": "Inner", "Scan Direction": "Forward", "Index Name": "title_pkey", "Relation Name": "title", "Alias": "t", "Startup Cost": 10000000000.0, "Total Cost": 1000011644126.66, "Plan Rows": 391451, "Plan Width": 21, "Filter": "(production_year > 2010), (LLVM Optimized)"}]}]}, "Unique SQL Id": 4208751436, "Planner Runtime": 13}, "explain_analyze_plan": null}, "(64, '16')": {"explain_plan": {"Plan": {"Node Type": "Aggregate", "Strategy": "Plain", "Startup Cost": 2653.12, "Total Cost": 2653.13, "Plan Rows": 1, "Plan Width": 144, "Plans": [{"Node Type": "Nested Loop", "Parent Relationship": "Outer", "Join Type": "Inner", "Startup Cost": 4.51, "Total Cost": 2653.12, "Plan Rows": 1, "Plan Width": 48, "Inner Unique": true, "Join Filter": "(mk.movie_id = t.id)", "Plans": [{"Node Type": "Nested Loop", "Parent Relationship": "Outer", "Join Type": "Inner", "Startup Cost": 4.51, "Total Cost": 2652.83, "Plan Rows": 1, "Plan Width": 39, "Inner Unique": true, "Plans": [{"Node Type": "Nested Loop", "Parent Relationship": "Outer", "Join Type": "Inner", "Startup Cost": 4.51, "Total Cost": 2594.27, "Plan Rows": 202, "Plan Width": 28, "Inner Unique": false, "Plans": [{"Node Type": "Nested Loop", "Parent Relationship": "Outer", "Join Type": "Inner", "Startup Cost": 4.51, "Total Cost": 2569.02, "Plan Rows": 33, "Plan Width": 20, "Inner Unique": false, "Plans": [{"Node Type": "Seq Scan", "Parent Relationship": "Outer", "Relation Name": "keyword", "Alias": "k", "Startup Cost": 0.0, "Total Cost": 2436.11, "Plan Rows": 1, "Plan Width": 20, "Filter": "((keyword)::text = 'marvel-cinematic-universe'::text)"}, {"Node Type": "Bitmap Heap Scan", "Parent Relationship": "Inner", "Relation Name": "movie_keyword", "Alias": "mk", "Startup Cost": 4.51, "Total Cost": 132.58, "Plan Rows": 33, "Plan Width": 8, "Recheck Cond": "(keyword_id = k.id)", "Plans": [{"Node Type": "Bitmap Index Scan", "Parent Relationship": "Outer", "Index Name": "keyword_id_movie_keyword", "Startup Cost": 0.0, "Total Cost": 4.5, "Plan Rows": 33, "Plan Width": 0, "Index Cond": "(keyword_id = k.id)"}]}]}, {"Node Type": "Index Scan", "Parent Relationship": "Inner", "Scan Direction": "Forward", "Index Name": "movie_id_cast_info", "Relation Name": "cast_info", "Alias": "ci", "Startup Cost": 0.0, "Total Cost": 0.7, "Plan Rows": 6, "Plan Width": 8, "Index Cond": "(movie_id = mk.movie_id)"}]}, {"Node Type": "Index Scan", "Parent Relationship": "Inner", "Scan Direction": "Forward", "Index Name": "name_pkey", "Relation Name": "name", "Alias": "n", "Startup Cost": 0.0, "Total Cost": 0.28, "Plan Rows": 1, "Plan Width": 19, "Index Cond": "(id = ci.person_id)", "Filter": "((name)::text ~~ '%Downey%Robert%'::text)"}]}, {"Node Type": "Index Scan", "Parent Relationship": "Inner", "Scan Direction": "Forward", "Index Name": "title_pkey", "Relation Name": "title", "Alias": "t", "Startup Cost": 0.0, "Total Cost": 0.28, "Plan Rows": 1, "Plan Width": 21, "Index Cond": "(id = ci.movie_id)", "Filter": "(production_year > 2010)"}]}]}, "Unique SQL Id": 4208751436, "Planner Runtime": 6}, "explain_analyze_plan": {"Plan": {"Node Type": "Aggregate", "Strategy": "Plain", "Startup Cost": 2653.12, "Total Cost": 2653.13, "Plan Rows": 1, "Plan Width": 144, "Actual Startup Time": 53.108, "Actual Total Time": 53.108, "Actual Rows": 1, "Actual Loops": 1, "Plans": [{"Node Type": "Nested Loop", "Parent Relationship": "Outer", "Join Type": "Inner", "Startup Cost": 4.51, "Total Cost": 2653.12, "Plan Rows": 1, "Plan Width": 48, "Actual Startup Time": 3.077, "Actual Total Time": 53.078, "Actual Rows": 6, "Actual Loops": 1, "Inner Unique": true, "Join Filter": "(mk.movie_id = t.id)", "Rows Removed by Join Filter": 0, "Plans": [{"Node Type": "Nested Loop", "Parent Relationship": "Outer", "Join Type": "Inner", "Startup Cost": 4.51, "Total Cost": 2652.83, "Plan Rows": 1, "Plan Width": 39, "Actual Startup Time": 3.044, "Actual Total Time": 53.008, "Actual Rows": 6, "Actual Loops": 1, "Inner Unique": true, "Plans": [{"Node Type": "Nested Loop", "Parent Relationship": "Outer", "Join Type": "Inner", "Startup Cost": 4.51, "Total Cost": 2594.27, "Plan Rows": 202, "Plan Width": 28, "Actual Startup Time": 1.158, "Actual Total Time": 45.186, "Actual Rows": 1242, "Actual Loops": 1, "Inner Unique": false, "Plans": [{"Node Type": "Nested Loop", "Parent Relationship": "Outer", "Join Type": "Inner", "Startup Cost": 4.51, "Total Cost": 2569.02, "Plan Rows": 33, "Plan Width": 20, "Actual Startup Time": 1.138, "Actual Total Time": 42.528, "Actual Rows": 14, "Actual Loops": 1, "Inner Unique": false, "Plans": [{"Node Type": "Seq Scan", "Parent Relationship": "Outer", "Relation Name": "keyword", "Alias": "k", "Startup Cost": 0.0, "Total Cost": 2436.11, "Plan Rows": 1, "Plan Width": 20, "Actual Startup Time": 1.095, "Actual Total Time": 42.442, "Actual Rows": 1, "Actual Loops": 1, "Filter": "((keyword)::text = 'marvel-cinematic-universe'::text)", "Rows Removed by Filter": 134168}, {"Node Type": "Bitmap Heap Scan", "Parent Relationship": "Inner", "Relation Name": "movie_keyword", "Alias": "mk", "Startup Cost": 4.51, "Total Cost": 132.58, "Plan Rows": 33, "Plan Width": 8, "Actual Startup Time": 0.035, "Actual Total Time": 0.069, "Actual Rows": 14, "Actual Loops": 1, "Recheck Cond": "(keyword_id = k.id)", "Rows Removed by Index Recheck": 0, "Exact Heap Blocks": 13, "Lossy Heap Blocks": 13, "Plans": [{"Node Type": "Bitmap Index Scan", "Parent Relationship": "Outer", "Index Name": "keyword_id_movie_keyword", "Startup Cost": 0.0, "Total Cost": 4.5, "Plan Rows": 33, "Plan Width": 0, "Actual Startup Time": 0.021, "Actual Total Time": 0.021, "Actual Rows": 14, "Actual Loops": 1, "Index Cond": "(keyword_id = k.id)"}]}]}, {"Node Type": "Index Scan", "Parent Relationship": "Inner", "Scan Direction": "Forward", "Index Name": "movie_id_cast_info", "Relation Name": "cast_info", "Alias": "ci", "Startup Cost": 0.0, "Total Cost": 0.7, "Plan Rows": 6, "Plan Width": 8, "Actual Startup Time": 0.192, "Actual Total Time": 2.354, "Actual Rows": 1242, "Actual Loops": 14, "Index Cond": "(movie_id = mk.movie_id)", "Rows Removed by Index Recheck": 0}]}, {"Node Type": "Index Scan", "Parent Relationship": "Inner", "Scan Direction": "Forward", "Index Name": "name_pkey", "Relation Name": "name", "Alias": "n", "Startup Cost": 0.0, "Total Cost": 0.28, "Plan Rows": 1, "Plan Width": 19, "Actual Startup Time": 7.222, "Actual Total Time": 7.222, "Actual Rows": 6, "Actual Loops": 1242, "Index Cond": "(id = ci.person_id)", "Rows Removed by Index Recheck": 0, "Filter": "((name)::text ~~ '%Downey%Robert%'::text)", "Rows Removed by Filter": 1236}]}, {"Node Type": "Index Scan", "Parent Relationship": "Inner", "Scan Direction": "Forward", "Index Name": "title_pkey", "Relation Name": "title", "Alias": "t", "Startup Cost": 0.0, "Total Cost": 0.28, "Plan Rows": 1, "Plan Width": 21, "Actual Startup Time": 0.048, "Actual Total Time": 0.048, "Actual Rows": 6, "Actual Loops": 6, "Index Cond": "(id = ci.movie_id)", "Rows Removed by Index Recheck": 0, "Filter": "(production_year > 2010)", "Rows Removed by Filter": 0}]}]}, "Triggers": [], "Planner Runtime": 9.728, "Total Runtime": 53.358, "Unique SQL Id": 4208751436}}, "(64, '17')": {"explain_plan": {"Plan": {"Node Type": "Aggregate", "Strategy": "Plain", "Startup Cost": 3399.73, "Total Cost": 3399.74, "Plan Rows": 1, "Plan Width": 144, "Plans": [{"Node Type": "Nested Loop", "Parent Relationship": "Outer", "Join Type": "Inner", "Startup Cost": 4.51, "Total Cost": 3399.72, "Plan Rows": 1, "Plan Width": 48, "Inner Unique": true, "Join Filter": "(mk.movie_id = t.id)", "Plans": [{"Node Type": "Nested Loop", "Parent Relationship": "Outer", "Join Type": "Inner", "Startup Cost": 4.51, "Total Cost": 3399.43, "Plan Rows": 1, "Plan Width": 39, "Inner Unique": true, "Plans": [{"Node Type": "Nested Loop", "Parent Relationship": "Outer", "Join Type": "Inner", "Startup Cost": 4.51, "Total Cost": 3340.87, "Plan Rows": 202, "Plan Width": 28, "Inner Unique": false, "Plans": [{"Node Type": "Nested Loop", "Parent Relationship": "Outer", "Join Type": "Inner", "Startup Cost": 4.51, "Total Cost": 3315.63, "Plan Rows": 33, "Plan Width": 20, "Inner Unique": false, "Plans": [{"Node Type": "Index Scan", "Parent Relationship": "Outer", "Scan Direction": "Forward", "Index Name": "keyword_pkey", "Relation Name": "keyword", "Alias": "k", "Startup Cost": 0.0, "Total Cost": 3182.72, "Plan Rows": 1, "Plan Width": 20, "Filter": "((keyword)::text = 'marvel-cinematic-universe'::text)"}, {"Node Type": "Bitmap Heap Scan", "Parent Relationship": "Inner", "Relation Name": "movie_keyword", "Alias": "mk", "Startup Cost": 4.51, "Total Cost": 132.58, "Plan Rows": 33, "Plan Width": 8, "Recheck Cond": "(keyword_id = k.id)", "Plans": [{"Node Type": "Bitmap Index Scan", "Parent Relationship": "Outer", "Index Name": "keyword_id_movie_keyword", "Startup Cost": 0.0, "Total Cost": 4.5, "Plan Rows": 33, "Plan Width": 0, "Index Cond": "(keyword_id = k.id)"}]}]}, {"Node Type": "Index Scan", "Parent Relationship": "Inner", "Scan Direction": "Forward", "Index Name": "movie_id_cast_info", "Relation Name": "cast_info", "Alias": "ci", "Startup Cost": 0.0, "Total Cost": 0.7, "Plan Rows": 6, "Plan Width": 8, "Index Cond": "(movie_id = mk.movie_id)"}]}, {"Node Type": "Index Scan", "Parent Relationship": "Inner", "Scan Direction": "Forward", "Index Name": "name_pkey", "Relation Name": "name", "Alias": "n", "Startup Cost": 0.0, "Total Cost": 0.28, "Plan Rows": 1, "Plan Width": 19, "Index Cond": "(id = ci.person_id)", "Filter": "((name)::text ~~ '%Downey%Robert%'::text)"}]}, {"Node Type": "Index Scan", "Parent Relationship": "Inner", "Scan Direction": "Forward", "Index Name": "title_pkey", "Relation Name": "title", "Alias": "t", "Startup Cost": 0.0, "Total Cost": 0.28, "Plan Rows": 1, "Plan Width": 21, "Index Cond": "(id = ci.movie_id)", "Filter": "(production_year > 2010)"}]}]}, "Unique SQL Id": 4208751436, "Planner Runtime": 5}, "explain_analyze_plan": {"Plan": {"Node Type": "Aggregate", "Strategy": "Plain", "Startup Cost": 3399.73, "Total Cost": 3399.74, "Plan Rows": 1, "Plan Width": 144, "Actual Startup Time": 139.429, "Actual Total Time": 139.43, "Actual Rows": 1, "Actual Loops": 1, "Plans": [{"Node Type": "Nested Loop", "Parent Relationship": "Outer", "Join Type": "Inner", "Startup Cost": 4.51, "Total Cost": 3399.72, "Plan Rows": 1, "Plan Width": 48, "Actual Startup Time": 9.73, "Actual Total Time": 139.398, "Actual Rows": 6, "Actual Loops": 1, "Inner Unique": true, "Join Filter": "(mk.movie_id = t.id)", "Rows Removed by Join Filter": 0, "Plans": [{"Node Type": "Nested Loop", "Parent Relationship": "Outer", "Join Type": "Inner", "Startup Cost": 4.51, "Total Cost": 3399.43, "Plan Rows": 1, "Plan Width": 39, "Actual Startup Time": 9.698, "Actual Total Time": 139.332, "Actual Rows": 6, "Actual Loops": 1, "Inner Unique": true, "Plans": [{"Node Type": "Nested Loop", "Parent Relationship": "Outer", "Join Type": "Inner", "Startup Cost": 4.51, "Total Cost": 3340.87, "Plan Rows": 202, "Plan Width": 28, "Actual Startup Time": 8.151, "Actual Total Time": 132.477, "Actual Rows": 1242, "Actual Loops": 1, "Inner Unique": false, "Plans": [{"Node Type": "Nested Loop", "Parent Relationship": "Outer", "Join Type": "Inner", "Startup Cost": 4.51, "Total Cost": 3315.63, "Plan Rows": 33, "Plan Width": 20, "Actual Startup Time": 8.136, "Actual Total Time": 130.28, "Actual Rows": 14, "Actual Loops": 1, "Inner Unique": false, "Plans": [{"Node Type": "Index Scan", "Parent Relationship": "Outer", "Scan Direction": "Forward", "Index Name": "keyword_pkey", "Relation Name": "keyword", "Alias": "k", "Startup Cost": 0.0, "Total Cost": 3182.72, "Plan Rows": 1, "Plan Width": 20, "Actual Startup Time": 8.1, "Actual Total Time": 130.203, "Actual Rows": 1, "Actual Loops": 1, "Filter": "((keyword)::text = 'marvel-cinematic-universe'::text)", "Rows Removed by Filter": 134168}, {"Node Type": "Bitmap Heap Scan", "Parent Relationship": "Inner", "Relation Name": "movie_keyword", "Alias": "mk", "Startup Cost": 4.51, "Total Cost": 132.58, "Plan Rows": 33, "Plan Width": 8, "Actual Startup Time": 0.027, "Actual Total Time": 0.057, "Actual Rows": 14, "Actual Loops": 1, "Recheck Cond": "(keyword_id = k.id)", "Rows Removed by Index Recheck": 0, "Exact Heap Blocks": 13, "Lossy Heap Blocks": 13, "Plans": [{"Node Type": "Bitmap Index Scan", "Parent Relationship": "Outer", "Index Name": "keyword_id_movie_keyword", "Startup Cost": 0.0, "Total Cost": 4.5, "Plan Rows": 33, "Plan Width": 0, "Actual Startup Time": 0.016, "Actual Total Time": 0.016, "Actual Rows": 14, "Actual Loops": 1, "Index Cond": "(keyword_id = k.id)"}]}]}, {"Node Type": "Index Scan", "Parent Relationship": "Inner", "Scan Direction": "Forward", "Index Name": "movie_id_cast_info", "Relation Name": "cast_info", "Alias": "ci", "Startup Cost": 0.0, "Total Cost": 0.7, "Plan Rows": 6, "Plan Width": 8, "Actual Startup Time": 0.164, "Actual Total Time": 1.871, "Actual Rows": 1242, "Actual Loops": 14, "Index Cond": "(movie_id = mk.movie_id)", "Rows Removed by Index Recheck": 0}]}, {"Node Type": "Index Scan", "Parent Relationship": "Inner", "Scan Direction": "Forward", "Index Name": "name_pkey", "Relation Name": "name", "Alias": "n", "Startup Cost": 0.0, "Total Cost": 0.28, "Plan Rows": 1, "Plan Width": 19, "Actual Startup Time": 6.215, "Actual Total Time": 6.215, "Actual Rows": 6, "Actual Loops": 1242, "Index Cond": "(id = ci.person_id)", "Rows Removed by Index Recheck": 0, "Filter": "((name)::text ~~ '%Downey%Robert%'::text)", "Rows Removed by Filter": 1236}]}, {"Node Type": "Index Scan", "Parent Relationship": "Inner", "Scan Direction": "Forward", "Index Name": "title_pkey", "Relation Name": "title", "Alias": "t", "Startup Cost": 0.0, "Total Cost": 0.28, "Plan Rows": 1, "Plan Width": 21, "Actual Startup Time": 0.046, "Actual Total Time": 0.046, "Actual Rows": 6, "Actual Loops": 6, "Index Cond": "(id = ci.movie_id)", "Rows Removed by Index Recheck": 0, "Filter": "(production_year > 2010)", "Rows Removed by Filter": 0}]}]}, "Triggers": [], "Planner Runtime": 8.292, "Total Runtime": 139.725, "Unique SQL Id": 4208751436}}, "(64, '18')": {"explain_plan": {"Plan": {"Node Type": "Aggregate", "Strategy": "Plain", "Startup Cost": 3810.23, "Total Cost": 3810.24, "Plan Rows": 1, "Plan Width": 144, "Plans": [{"Node Type": "Nested Loop", "Parent Relationship": "Outer", "Join Type": "Inner", "Startup Cost": 5.45, "Total Cost": 3809.16, "Plan Rows": 143, "Plan Width": 48, "Inner Unique": true, "Plans": [{"Node Type": "Nested Loop", "Parent Relationship": "Outer", "Join Type": "Inner", "Startup Cost": 5.19, "Total Cost": 2875.14, "Plan Rows": 218, "Plan Width": 37, "Inner Unique": false, "Join Filter": "(t.id = ci.movie_id)", "Plans": [{"Node Type": "Nested Loop", "Parent Relationship": "Outer", "Join Type": "Inner", "Startup Cost": 4.77, "Total Cost": 2710.63, "Plan Rows": 36, "Plan Width": 41, "Inner Unique": true, "Plans": [{"Node Type": "Nested Loop", "Parent Relationship": "Outer", "Join Type": "Inner", "Startup Cost": 4.51, "Total Cost": 2569.02, "Plan Rows": 33, "Plan Width": 20, "Inner Unique": false, "Plans": [{"Node Type": "Seq Scan", "Parent Relationship": "Outer", "Relation Name": "keyword", "Alias": "k", "Startup Cost": 0.0, "Total Cost": 2436.11, "Plan Rows": 1, "Plan Width": 20, "Filter": "((keyword)::text = 'marvel-cinematic-universe'::text)"}, {"Node Type": "Bitmap Heap Scan", "Parent Relationship": "Inner", "Relation Name": "movie_keyword", "Alias": "mk", "Startup Cost": 4.51, "Total Cost": 132.58, "Plan Rows": 33, "Plan Width": 8, "Recheck Cond": "(keyword_id = k.id)", "Plans": [{"Node Type": "Bitmap Index Scan", "Parent Relationship": "Outer", "Index Name": "keyword_id_movie_keyword", "Startup Cost": 0.0, "Total Cost": 4.5, "Plan Rows": 33, "Plan Width": 0, "Index Cond": "(keyword_id = k.id)"}]}]}, {"Node Type": "Bitmap Heap Scan", "Parent Relationship": "Inner", "Relation Name": "title", "Alias": "t", "Startup Cost": 0.27, "Total Cost": 4.28, "Plan Rows": 1, "Plan Width": 21, "Recheck Cond": "(id = mk.movie_id)", "Filter": "(production_year > 2010)", "Plans": [{"Node Type": "Bitmap Index Scan", "Parent Relationship": "Outer", "Index Name": "title_pkey", "Startup Cost": 0.0, "Total Cost": 0.27, "Plan Rows": 1, "Plan Width": 0, "Index Cond": "(id = mk.movie_id)"}]}]}, {"Node Type": "Bitmap Heap Scan", "Parent Relationship": "Inner", "Relation Name": "cast_info", "Alias": "ci", "Startup Cost": 0.42, "Total Cost": 4.49, "Plan Rows": 6, "Plan Width": 8, "Recheck Cond": "(movie_id = mk.movie_id)", "Plans": [{"Node Type": "Bitmap Index Scan", "Parent Relationship": "Outer", "Index Name": "movie_id_cast_info", "Startup Cost": 0.0, "Total Cost": 0.42, "Plan Rows": 6, "Plan Width": 0, "Index Cond": "(movie_id = mk.movie_id)"}]}]}, {"Node Type": "Bitmap Heap Scan", "Parent Relationship": "Inner", "Relation Name": "name", "Alias": "n", "Startup Cost": 0.26, "Total Cost": 4.27, "Plan Rows": 1, "Plan Width": 19, "Recheck Cond": "(id = ci.person_id)", "Filter": "((name)::text ~~ '%Downey%Robert%'::text)", "Plans": [{"Node Type": "Bitmap Index Scan", "Parent Relationship": "Outer", "Index Name": "name_pkey", "Startup Cost": 0.0, "Total Cost": 0.26, "Plan Rows": 1, "Plan Width": 0, "Index Cond": "(id = ci.person_id)"}]}]}]}, "Unique SQL Id": 4208751436, "Planner Runtime": 6}, "explain_analyze_plan": {"Plan": {"Node Type": "Aggregate", "Strategy": "Plain", "Startup Cost": 3810.23, "Total Cost": 3810.24, "Plan Rows": 1, "Plan Width": 144, "Actual Startup Time": 56.348, "Actual Total Time": 56.348, "Actual Rows": 1, "Actual Loops": 1, "Plans": [{"Node Type": "Nested Loop", "Parent Relationship": "Outer", "Join Type": "Inner", "Startup Cost": 5.45, "Total Cost": 3809.16, "Plan Rows": 143, "Plan Width": 48, "Actual Startup Time": 4.076, "Actual Total Time": 56.316, "Actual Rows": 6, "Actual Loops": 1, "Inner Unique": true, "Plans": [{"Node Type": "Nested Loop", "Parent Relationship": "Outer", "Join Type": "Inner", "Startup Cost": 5.19, "Total Cost": 2875.14, "Plan Rows": 218, "Plan Width": 37, "Actual Startup Time": 1.279, "Actual Total Time": 46.811, "Actual Rows": 1224, "Actual Loops": 1, "Inner Unique": false, "Join Filter": "(t.id = ci.movie_id)", "Rows Removed by Join Filter": 0, "Plans": [{"Node Type": "Nested Loop", "Parent Relationship": "Outer", "Join Type": "Inner", "Startup Cost": 4.77, "Total Cost": 2710.63, "Plan Rows": 36, "Plan Width": 41, "Actual Startup Time": 1.241, "Actual Total Time": 43.379, "Actual Rows": 11, "Actual Loops": 1, "Inner Unique": true, "Plans": [{"Node Type": "Nested Loop", "Parent Relationship": "Outer", "Join Type": "Inner", "Startup Cost": 4.51, "Total Cost": 2569.02, "Plan Rows": 33, "Plan Width": 20, "Actual Startup Time": 1.135, "Actual Total Time": 42.397, "Actual Rows": 14, "Actual Loops": 1, "Inner Unique": false, "Plans": [{"Node Type": "Seq Scan", "Parent Relationship": "Outer", "Relation Name": "keyword", "Alias": "k", "Startup Cost": 0.0, "Total Cost": 2436.11, "Plan Rows": 1, "Plan Width": 20, "Actual Startup Time": 1.097, "Actual Total Time": 42.316, "Actual Rows": 1, "Actual Loops": 1, "Filter": "((keyword)::text = 'marvel-cinematic-universe'::text)", "Rows Removed by Filter": 134168}, {"Node Type": "Bitmap Heap Scan", "Parent Relationship": "Inner", "Relation Name": "movie_keyword", "Alias": "mk", "Startup Cost": 4.51, "Total Cost": 132.58, "Plan Rows": 33, "Plan Width": 8, "Actual Startup Time": 0.032, "Actual Total Time": 0.066, "Actual Rows": 14, "Actual Loops": 1, "Recheck Cond": "(keyword_id = k.id)", "Rows Removed by Index Recheck": 0, "Exact Heap Blocks": 13, "Lossy Heap Blocks": 13, "Plans": [{"Node Type": "Bitmap Index Scan", "Parent Relationship": "Outer", "Index Name": "keyword_id_movie_keyword", "Startup Cost": 0.0, "Total Cost": 4.5, "Plan Rows": 33, "Plan Width": 0, "Actual Startup Time": 0.019, "Actual Total Time": 0.019, "Actual Rows": 14, "Actual Loops": 1, "Index Cond": "(keyword_id = k.id)"}]}]}, {"Node Type": "Bitmap Heap Scan", "Parent Relationship": "Inner", "Relation Name": "title", "Alias": "t", "Startup Cost": 0.27, "Total Cost": 4.28, "Plan Rows": 1, "Plan Width": 21, "Actual Startup Time": 0.957, "Actual Total Time": 0.957, "Actual Rows": 11, "Actual Loops": 14, "Recheck Cond": "(id = mk.movie_id)", "Rows Removed by Index Recheck": 0, "Filter": "(production_year > 2010)", "Rows Removed by Filter": 3, "Exact Heap Blocks": 14, "Lossy Heap Blocks": 14, "Plans": [{"Node Type": "Bitmap Index Scan", "Parent Relationship": "Outer", "Index Name": "title_pkey", "Startup Cost": 0.0, "Total Cost": 0.27, "Plan Rows": 1, "Plan Width": 0, "Actual Startup Time": 0.544, "Actual Total Time": 0.544, "Actual Rows": 14, "Actual Loops": 14, "Index Cond": "(id = mk.movie_id)"}]}]}, {"Node Type": "Bitmap Heap Scan", "Parent Relationship": "Inner", "Relation Name": "cast_info", "Alias": "ci", "Startup Cost": 0.42, "Total Cost": 4.49, "Plan Rows": 6, "Plan Width": 8, "Actual Startup Time": 0.64, "Actual Total Time": 2.909, "Actual Rows": 1224, "Actual Loops": 11, "Recheck Cond": "(movie_id = mk.movie_id)", "Rows Removed by Index Recheck": 0, "Exact Heap Blocks": 1166, "Lossy Heap Blocks": 1166, "Plans": [{"Node Type": "Bitmap Index Scan", "Parent Relationship": "Outer", "Index Name": "movie_id_cast_info", "Startup Cost": 0.0, "Total Cost": 0.42, "Plan Rows": 6, "Plan Width": 0, "Actual Startup Time": 0.411, "Actual Total Time": 0.411, "Actual Rows": 1224, "Actual Loops": 11, "Index Cond": "(movie_id = mk.movie_id)"}]}]}, {"Node Type": "Bitmap Heap Scan", "Parent Relationship": "Inner", "Relation Name": "name", "Alias": "n", "Startup Cost": 0.26, "Total Cost": 4.27, "Plan Rows": 1, "Plan Width": 19, "Actual Startup Time": 8.076, "Actual Total Time": 8.076, "Actual Rows": 6, "Actual Loops": 1224, "Recheck Cond": "(id = ci.person_id)", "Rows Removed by Index Recheck": 0, "Filter": "((name)::text ~~ '%Downey%Robert%'::text)", "Rows Removed by Filter": 1218, "Exact Heap Blocks": 1224, "Lossy Heap Blocks": 1224, "Plans": [{"Node Type": "Bitmap Index Scan", "Parent Relationship": "Outer", "Index Name": "name_pkey", "Startup Cost": 0.0, "Total Cost": 0.26, "Plan Rows": 1, "Plan Width": 0, "Actual Startup Time": 4.777, "Actual Total Time": 4.777, "Actual Rows": 1224, "Actual Loops": 1224, "Index Cond": "(id = ci.person_id)"}]}]}]}, "Triggers": [], "Planner Runtime": 10.13, "Total Runtime": 56.603, "Unique SQL Id": 4208751436}}, "(64, '19')": {"explain_plan": {"Plan": {"Node Type": "Aggregate", "Strategy": "Plain", "Startup Cost": 4529.32, "Total Cost": 4529.33, "Plan Rows": 1, "Plan Width": 144, "Plans": [{"Node Type": "Nested Loop", "Parent Relationship": "Outer", "Join Type": "Inner", "Startup Cost": 724.55, "Total Cost": 4528.25, "Plan Rows": 143, "Plan Width": 48, "Inner Unique": true, "Plans": [{"Node Type": "Nested Loop", "Parent Relationship": "Outer", "Join Type": "Inner", "Startup Cost": 724.29, "Total Cost": 3594.24, "Plan Rows": 218, "Plan Width": 37, "Inner Unique": false, "Join Filter": "(t.id = ci.movie_id)", "Plans": [{"Node Type": "Nested Loop", "Parent Relationship": "Outer", "Join Type": "Inner", "Startup Cost": 723.87, "Total Cost": 3429.72, "Plan Rows": 36, "Plan Width": 41, "Inner Unique": true, "Plans": [{"Node Type": "Nested Loop", "Parent Relationship": "Outer", "Join Type": "Inner", "Startup Cost": 723.6, "Total Cost": 3288.12, "Plan Rows": 33, "Plan Width": 20, "Inner Unique": false, "Plans": [{"Node Type": "Bitmap Heap Scan", "Parent Relationship": "Outer", "Relation Name": "keyword", "Alias": "k", "Startup Cost": 719.1, "Total Cost": 3155.21, "Plan Rows": 1, "Plan Width": 20, "Filter": "((keyword)::text = 'marvel-cinematic-universe'::text)", "Plans": [{"Node Type": "Bitmap Index Scan", "Parent Relationship": "Outer", "Index Name": "keyword_pkey", "Startup Cost": 0.0, "Total Cost": 719.1, "Plan Rows": 134169, "Plan Width": 0}]}, {"Node Type": "Bitmap Heap Scan", "Parent Relationship": "Inner", "Relation Name": "movie_keyword", "Alias": "mk", "Startup Cost": 4.51, "Total Cost": 132.58, "Plan Rows": 33, "Plan Width": 8, "Recheck Cond": "(keyword_id = k.id)", "Plans": [{"Node Type": "Bitmap Index Scan", "Parent Relationship": "Outer", "Index Name": "keyword_id_movie_keyword", "Startup Cost": 0.0, "Total Cost": 4.5, "Plan Rows": 33, "Plan Width": 0, "Index Cond": "(keyword_id = k.id)"}]}]}, {"Node Type": "Bitmap Heap Scan", "Parent Relationship": "Inner", "Relation Name": "title", "Alias": "t", "Startup Cost": 0.27, "Total Cost": 4.28, "Plan Rows": 1, "Plan Width": 21, "Recheck Cond": "(id = mk.movie_id)", "Filter": "(production_year > 2010)", "Plans": [{"Node Type": "Bitmap Index Scan", "Parent Relationship": "Outer", "Index Name": "title_pkey", "Startup Cost": 0.0, "Total Cost": 0.27, "Plan Rows": 1, "Plan Width": 0, "Index Cond": "(id = mk.movie_id)"}]}]}, {"Node Type": "Bitmap Heap Scan", "Parent Relationship": "Inner", "Relation Name": "cast_info", "Alias": "ci", "Startup Cost": 0.42, "Total Cost": 4.49, "Plan Rows": 6, "Plan Width": 8, "Recheck Cond": "(movie_id = mk.movie_id)", "Plans": [{"Node Type": "Bitmap Index Scan", "Parent Relationship": "Outer", "Index Name": "movie_id_cast_info", "Startup Cost": 0.0, "Total Cost": 0.42, "Plan Rows": 6, "Plan Width": 0, "Index Cond": "(movie_id = mk.movie_id)"}]}]}, {"Node Type": "Bitmap Heap Scan", "Parent Relationship": "Inner", "Relation Name": "name", "Alias": "n", "Startup Cost": 0.26, "Total Cost": 4.27, "Plan Rows": 1, "Plan Width": 19, "Recheck Cond": "(id = ci.person_id)", "Filter": "((name)::text ~~ '%Downey%Robert%'::text)", "Plans": [{"Node Type": "Bitmap Index Scan", "Parent Relationship": "Outer", "Index Name": "name_pkey", "Startup Cost": 0.0, "Total Cost": 0.26, "Plan Rows": 1, "Plan Width": 0, "Index Cond": "(id = ci.person_id)"}]}]}]}, "Unique SQL Id": 4208751436, "Planner Runtime": 5}, "explain_analyze_plan": {"Plan": {"Node Type": "Aggregate", "Strategy": "Plain", "Startup Cost": 4529.32, "Total Cost": 4529.33, "Plan Rows": 1, "Plan Width": 144, "Actual Startup Time": 75.187, "Actual Total Time": 75.188, "Actual Rows": 1, "Actual Loops": 1, "Plans": [{"Node Type": "Nested Loop", "Parent Relationship": "Outer", "Join Type": "Inner", "Startup Cost": 724.55, "Total Cost": 4528.25, "Plan Rows": 143, "Plan Width": 48, "Actual Startup Time": 14.458, "Actual Total Time": 75.146, "Actual Rows": 6, "Actual Loops": 1, "Inner Unique": true, "Plans": [{"Node Type": "Nested Loop", "Parent Relationship": "Outer", "Join Type": "Inner", "Startup Cost": 724.29, "Total Cost": 3594.24, "Plan Rows": 218, "Plan Width": 37, "Actual Startup Time": 12.27, "Actual Total Time": 66.234, "Actual Rows": 1224, "Actual Loops": 1, "Inner Unique": false, "Join Filter": "(t.id = ci.movie_id)", "Rows Removed by Join Filter": 0, "Plans": [{"Node Type": "Nested Loop", "Parent Relationship": "Outer", "Join Type": "Inner", "Startup Cost": 723.87, "Total Cost": 3429.72, "Plan Rows": 36, "Plan Width": 41, "Actual Startup Time": 12.24, "Actual Total Time": 63.028, "Actual Rows": 11, "Actual Loops": 1, "Inner Unique": true, "Plans": [{"Node Type": "Nested Loop", "Parent Relationship": "Outer", "Join Type": "Inner", "Startup Cost": 723.6, "Total Cost": 3288.12, "Plan Rows": 33, "Plan Width": 20, "Actual Startup Time": 12.219, "Actual Total Time": 62.88, "Actual Rows": 14, "Actual Loops": 1, "Inner Unique": false, "Plans": [{"Node Type": "Bitmap Heap Scan", "Parent Relationship": "Outer", "Relation Name": "keyword", "Alias": "k", "Startup Cost": 719.1, "Total Cost": 3155.21, "Plan Rows": 1, "Plan Width": 20, "Actual Startup Time": 12.181, "Actual Total Time": 62.809, "Actual Rows": 1, "Actual Loops": 1, "Filter": "((keyword)::text = 'marvel-cinematic-universe'::text)", "Rows Removed by Filter": 134168, "Exact Heap Blocks": 759, "Lossy Heap Blocks": 759, "Plans": [{"Node Type": "Bitmap Index Scan", "Parent Relationship": "Outer", "Index Name": "keyword_pkey", "Startup Cost": 0.0, "Total Cost": 719.1, "Plan Rows": 134169, "Plan Width": 0, "Actual Startup Time": 10.737, "Actual Total Time": 10.737, "Actual Rows": 134169, "Actual Loops": 1}]}, {"Node Type": "Bitmap Heap Scan", "Parent Relationship": "Inner", "Relation Name": "movie_keyword", "Alias": "mk", "Startup Cost": 4.51, "Total Cost": 132.58, "Plan Rows": 33, "Plan Width": 8, "Actual Startup Time": 0.026, "Actual Total Time": 0.053, "Actual Rows": 14, "Actual Loops": 1, "Recheck Cond": "(keyword_id = k.id)", "Rows Removed by Index Recheck": 0, "Exact Heap Blocks": 13, "Lossy Heap Blocks": 13, "Plans": [{"Node Type": "Bitmap Index Scan", "Parent Relationship": "Outer", "Index Name": "keyword_id_movie_keyword", "Startup Cost": 0.0, "Total Cost": 4.5, "Plan Rows": 33, "Plan Width": 0, "Actual Startup Time": 0.017, "Actual Total Time": 0.017, "Actual Rows": 14, "Actual Loops": 1, "Index Cond": "(keyword_id = k.id)"}]}]}, {"Node Type": "Bitmap Heap Scan", "Parent Relationship": "Inner", "Relation Name": "title", "Alias": "t", "Startup Cost": 0.27, "Total Cost": 4.28, "Plan Rows": 1, "Plan Width": 21, "Actual Startup Time": 0.115, "Actual Total Time": 0.115, "Actual Rows": 11, "Actual Loops": 14, "Recheck Cond": "(id = mk.movie_id)", "Rows Removed by Index Recheck": 0, "Filter": "(production_year > 2010)", "Rows Removed by Filter": 3, "Exact Heap Blocks": 14, "Lossy Heap Blocks": 14, "Plans": [{"Node Type": "Bitmap Index Scan", "Parent Relationship": "Outer", "Index Name": "title_pkey", "Startup Cost": 0.0, "Total Cost": 0.27, "Plan Rows": 1, "Plan Width": 0, "Actual Startup Time": 0.07, "Actual Total Time": 0.07, "Actual Rows": 14, "Actual Loops": 14, "Index Cond": "(id = mk.movie_id)"}]}]}, {"Node Type": "Bitmap Heap Scan", "Parent Relationship": "Inner", "Relation Name": "cast_info", "Alias": "ci", "Startup Cost": 0.42, "Total Cost": 4.49, "Plan Rows": 6, "Plan Width": 8, "Actual Startup Time": 0.595, "Actual Total Time": 2.665, "Actual Rows": 1224, "Actual Loops": 11, "Recheck Cond": "(movie_id = mk.movie_id)", "Rows Removed by Index Recheck": 0, "Exact Heap Blocks": 1166, "Lossy Heap Blocks": 1166, "Plans": [{"Node Type": "Bitmap Index Scan", "Parent Relationship": "Outer", "Index Name": "movie_id_cast_info", "Startup Cost": 0.0, "Total Cost": 0.42, "Plan Rows": 6, "Plan Width": 0, "Actual Startup Time": 0.381, "Actual Total Time": 0.381, "Actual Rows": 1224, "Actual Loops": 11, "Index Cond": "(movie_id = mk.movie_id)"}]}]}, {"Node Type": "Bitmap Heap Scan", "Parent Relationship": "Inner", "Relation Name": "name", "Alias": "n", "Startup Cost": 0.26, "Total Cost": 4.27, "Plan Rows": 1, "Plan Width": 19, "Actual Startup Time": 7.491, "Actual Total Time": 7.491, "Actual Rows": 6, "Actual Loops": 1224, "Recheck Cond": "(id = ci.person_id)", "Rows Removed by Index Recheck": 0, "Filter": "((name)::text ~~ '%Downey%Robert%'::text)", "Rows Removed by Filter": 1218, "Exact Heap Blocks": 1224, "Lossy Heap Blocks": 1224, "Plans": [{"Node Type": "Bitmap Index Scan", "Parent Relationship": "Outer", "Index Name": "name_pkey", "Startup Cost": 0.0, "Total Cost": 0.26, "Plan Rows": 1, "Plan Width": 0, "Actual Startup Time": 4.492, "Actual Total Time": 4.492, "Actual Rows": 1224, "Actual Loops": 1224, "Index Cond": "(id = ci.person_id)"}]}]}]}, "Triggers": [], "Planner Runtime": 6.436, "Total Runtime": 75.551, "Unique SQL Id": 4208751436}}, "(64, '20')": {"explain_plan": {"Plan": {"Node Type": "Aggregate", "Strategy": "Plain", "Startup Cost": 2653.12, "Total Cost": 2653.13, "Plan Rows": 1, "Plan Width": 144, "Plans": [{"Node Type": "Nested Loop", "Parent Relationship": "Outer", "Join Type": "Inner", "Startup Cost": 4.51, "Total Cost": 2653.12, "Plan Rows": 1, "Plan Width": 48, "Inner Unique": true, "Join Filter": "(mk.movie_id = t.id)", "Plans": [{"Node Type": "Nested Loop", "Parent Relationship": "Outer", "Join Type": "Inner", "Startup Cost": 4.51, "Total Cost": 2652.83, "Plan Rows": 1, "Plan Width": 39, "Inner Unique": true, "Plans": [{"Node Type": "Nested Loop", "Parent Relationship": "Outer", "Join Type": "Inner", "Startup Cost": 4.51, "Total Cost": 2594.27, "Plan Rows": 202, "Plan Width": 28, "Inner Unique": false, "Plans": [{"Node Type": "Nested Loop", "Parent Relationship": "Outer", "Join Type": "Inner", "Startup Cost": 4.51, "Total Cost": 2569.02, "Plan Rows": 33, "Plan Width": 20, "Inner Unique": false, "Plans": [{"Node Type": "Seq Scan", "Parent Relationship": "Outer", "Relation Name": "keyword", "Alias": "k", "Startup Cost": 0.0, "Total Cost": 2436.11, "Plan Rows": 1, "Plan Width": 20, "Filter": "((keyword)::text = 'marvel-cinematic-universe'::text)"}, {"Node Type": "Bitmap Heap Scan", "Parent Relationship": "Inner", "Relation Name": "movie_keyword", "Alias": "mk", "Startup Cost": 4.51, "Total Cost": 132.58, "Plan Rows": 33, "Plan Width": 8, "Recheck Cond": "(keyword_id = k.id)", "Plans": [{"Node Type": "Bitmap Index Scan", "Parent Relationship": "Outer", "Index Name": "keyword_id_movie_keyword", "Startup Cost": 0.0, "Total Cost": 4.5, "Plan Rows": 33, "Plan Width": 0, "Index Cond": "(keyword_id = k.id)"}]}]}, {"Node Type": "Index Scan", "Parent Relationship": "Inner", "Scan Direction": "Forward", "Index Name": "movie_id_cast_info", "Relation Name": "cast_info", "Alias": "ci", "Startup Cost": 0.0, "Total Cost": 0.7, "Plan Rows": 6, "Plan Width": 8, "Index Cond": "(movie_id = mk.movie_id)"}]}, {"Node Type": "Index Scan", "Parent Relationship": "Inner", "Scan Direction": "Forward", "Index Name": "name_pkey", "Relation Name": "name", "Alias": "n", "Startup Cost": 0.0, "Total Cost": 0.28, "Plan Rows": 1, "Plan Width": 19, "Index Cond": "(id = ci.person_id)", "Filter": "((name)::text ~~ '%Downey%Robert%'::text)"}]}, {"Node Type": "Index Scan", "Parent Relationship": "Inner", "Scan Direction": "Forward", "Index Name": "title_pkey", "Relation Name": "title", "Alias": "t", "Startup Cost": 0.0, "Total Cost": 0.28, "Plan Rows": 1, "Plan Width": 21, "Index Cond": "(id = ci.movie_id)", "Filter": "(production_year > 2010)"}]}]}, "Unique SQL Id": 4208751436, "Planner Runtime": 6}, "explain_analyze_plan": {"Plan": {"Node Type": "Aggregate", "Strategy": "Plain", "Startup Cost": 2653.12, "Total Cost": 2653.13, "Plan Rows": 1, "Plan Width": 144, "Actual Startup Time": 53.108, "Actual Total Time": 53.108, "Actual Rows": 1, "Actual Loops": 1, "Plans": [{"Node Type": "Nested Loop", "Parent Relationship": "Outer", "Join Type": "Inner", "Startup Cost": 4.51, "Total Cost": 2653.12, "Plan Rows": 1, "Plan Width": 48, "Actual Startup Time": 3.077, "Actual Total Time": 53.078, "Actual Rows": 6, "Actual Loops": 1, "Inner Unique": true, "Join Filter": "(mk.movie_id = t.id)", "Rows Removed by Join Filter": 0, "Plans": [{"Node Type": "Nested Loop", "Parent Relationship": "Outer", "Join Type": "Inner", "Startup Cost": 4.51, "Total Cost": 2652.83, "Plan Rows": 1, "Plan Width": 39, "Actual Startup Time": 3.044, "Actual Total Time": 53.008, "Actual Rows": 6, "Actual Loops": 1, "Inner Unique": true, "Plans": [{"Node Type": "Nested Loop", "Parent Relationship": "Outer", "Join Type": "Inner", "Startup Cost": 4.51, "Total Cost": 2594.27, "Plan Rows": 202, "Plan Width": 28, "Actual Startup Time": 1.158, "Actual Total Time": 45.186, "Actual Rows": 1242, "Actual Loops": 1, "Inner Unique": false, "Plans": [{"Node Type": "Nested Loop", "Parent Relationship": "Outer", "Join Type": "Inner", "Startup Cost": 4.51, "Total Cost": 2569.02, "Plan Rows": 33, "Plan Width": 20, "Actual Startup Time": 1.138, "Actual Total Time": 42.528, "Actual Rows": 14, "Actual Loops": 1, "Inner Unique": false, "Plans": [{"Node Type": "Seq Scan", "Parent Relationship": "Outer", "Relation Name": "keyword", "Alias": "k", "Startup Cost": 0.0, "Total Cost": 2436.11, "Plan Rows": 1, "Plan Width": 20, "Actual Startup Time": 1.095, "Actual Total Time": 42.442, "Actual Rows": 1, "Actual Loops": 1, "Filter": "((keyword)::text = 'marvel-cinematic-universe'::text)", "Rows Removed by Filter": 134168}, {"Node Type": "Bitmap Heap Scan", "Parent Relationship": "Inner", "Relation Name": "movie_keyword", "Alias": "mk", "Startup Cost": 4.51, "Total Cost": 132.58, "Plan Rows": 33, "Plan Width": 8, "Actual Startup Time": 0.035, "Actual Total Time": 0.069, "Actual Rows": 14, "Actual Loops": 1, "Recheck Cond": "(keyword_id = k.id)", "Rows Removed by Index Recheck": 0, "Exact Heap Blocks": 13, "Lossy Heap Blocks": 13, "Plans": [{"Node Type": "Bitmap Index Scan", "Parent Relationship": "Outer", "Index Name": "keyword_id_movie_keyword", "Startup Cost": 0.0, "Total Cost": 4.5, "Plan Rows": 33, "Plan Width": 0, "Actual Startup Time": 0.021, "Actual Total Time": 0.021, "Actual Rows": 14, "Actual Loops": 1, "Index Cond": "(keyword_id = k.id)"}]}]}, {"Node Type": "Index Scan", "Parent Relationship": "Inner", "Scan Direction": "Forward", "Index Name": "movie_id_cast_info", "Relation Name": "cast_info", "Alias": "ci", "Startup Cost": 0.0, "Total Cost": 0.7, "Plan Rows": 6, "Plan Width": 8, "Actual Startup Time": 0.192, "Actual Total Time": 2.354, "Actual Rows": 1242, "Actual Loops": 14, "Index Cond": "(movie_id = mk.movie_id)", "Rows Removed by Index Recheck": 0}]}, {"Node Type": "Index Scan", "Parent Relationship": "Inner", "Scan Direction": "Forward", "Index Name": "name_pkey", "Relation Name": "name", "Alias": "n", "Startup Cost": 0.0, "Total Cost": 0.28, "Plan Rows": 1, "Plan Width": 19, "Actual Startup Time": 7.222, "Actual Total Time": 7.222, "Actual Rows": 6, "Actual Loops": 1242, "Index Cond": "(id = ci.person_id)", "Rows Removed by Index Recheck": 0, "Filter": "((name)::text ~~ '%Downey%Robert%'::text)", "Rows Removed by Filter": 1236}]}, {"Node Type": "Index Scan", "Parent Relationship": "Inner", "Scan Direction": "Forward", "Index Name": "title_pkey", "Relation Name": "title", "Alias": "t", "Startup Cost": 0.0, "Total Cost": 0.28, "Plan Rows": 1, "Plan Width": 21, "Actual Startup Time": 0.048, "Actual Total Time": 0.048, "Actual Rows": 6, "Actual Loops": 6, "Index Cond": "(id = ci.movie_id)", "Rows Removed by Index Recheck": 0, "Filter": "(production_year > 2010)", "Rows Removed by Filter": 0}]}]}, "Triggers": [], "Planner Runtime": 9.728, "Total Runtime": 53.358, "Unique SQL Id": 4208751436}}, "(64, '21')": {"explain_plan": {"Plan": {"Node Type": "Aggregate", "Strategy": "Plain", "Startup Cost": 3399.73, "Total Cost": 3399.74, "Plan Rows": 1, "Plan Width": 144, "Plans": [{"Node Type": "Nested Loop", "Parent Relationship": "Outer", "Join Type": "Inner", "Startup Cost": 4.51, "Total Cost": 3399.72, "Plan Rows": 1, "Plan Width": 48, "Inner Unique": true, "Join Filter": "(mk.movie_id = t.id)", "Plans": [{"Node Type": "Nested Loop", "Parent Relationship": "Outer", "Join Type": "Inner", "Startup Cost": 4.51, "Total Cost": 3399.43, "Plan Rows": 1, "Plan Width": 39, "Inner Unique": true, "Plans": [{"Node Type": "Nested Loop", "Parent Relationship": "Outer", "Join Type": "Inner", "Startup Cost": 4.51, "Total Cost": 3340.87, "Plan Rows": 202, "Plan Width": 28, "Inner Unique": false, "Plans": [{"Node Type": "Nested Loop", "Parent Relationship": "Outer", "Join Type": "Inner", "Startup Cost": 4.51, "Total Cost": 3315.63, "Plan Rows": 33, "Plan Width": 20, "Inner Unique": false, "Plans": [{"Node Type": "Index Scan", "Parent Relationship": "Outer", "Scan Direction": "Forward", "Index Name": "keyword_pkey", "Relation Name": "keyword", "Alias": "k", "Startup Cost": 0.0, "Total Cost": 3182.72, "Plan Rows": 1, "Plan Width": 20, "Filter": "((keyword)::text = 'marvel-cinematic-universe'::text)"}, {"Node Type": "Bitmap Heap Scan", "Parent Relationship": "Inner", "Relation Name": "movie_keyword", "Alias": "mk", "Startup Cost": 4.51, "Total Cost": 132.58, "Plan Rows": 33, "Plan Width": 8, "Recheck Cond": "(keyword_id = k.id)", "Plans": [{"Node Type": "Bitmap Index Scan", "Parent Relationship": "Outer", "Index Name": "keyword_id_movie_keyword", "Startup Cost": 0.0, "Total Cost": 4.5, "Plan Rows": 33, "Plan Width": 0, "Index Cond": "(keyword_id = k.id)"}]}]}, {"Node Type": "Index Scan", "Parent Relationship": "Inner", "Scan Direction": "Forward", "Index Name": "movie_id_cast_info", "Relation Name": "cast_info", "Alias": "ci", "Startup Cost": 0.0, "Total Cost": 0.7, "Plan Rows": 6, "Plan Width": 8, "Index Cond": "(movie_id = mk.movie_id)"}]}, {"Node Type": "Index Scan", "Parent Relationship": "Inner", "Scan Direction": "Forward", "Index Name": "name_pkey", "Relation Name": "name", "Alias": "n", "Startup Cost": 0.0, "Total Cost": 0.28, "Plan Rows": 1, "Plan Width": 19, "Index Cond": "(id = ci.person_id)", "Filter": "((name)::text ~~ '%Downey%Robert%'::text)"}]}, {"Node Type": "Index Scan", "Parent Relationship": "Inner", "Scan Direction": "Forward", "Index Name": "title_pkey", "Relation Name": "title", "Alias": "t", "Startup Cost": 0.0, "Total Cost": 0.28, "Plan Rows": 1, "Plan Width": 21, "Index Cond": "(id = ci.movie_id)", "Filter": "(production_year > 2010)"}]}]}, "Unique SQL Id": 4208751436, "Planner Runtime": 5}, "explain_analyze_plan": {"Plan": {"Node Type": "Aggregate", "Strategy": "Plain", "Startup Cost": 3399.73, "Total Cost": 3399.74, "Plan Rows": 1, "Plan Width": 144, "Actual Startup Time": 139.429, "Actual Total Time": 139.43, "Actual Rows": 1, "Actual Loops": 1, "Plans": [{"Node Type": "Nested Loop", "Parent Relationship": "Outer", "Join Type": "Inner", "Startup Cost": 4.51, "Total Cost": 3399.72, "Plan Rows": 1, "Plan Width": 48, "Actual Startup Time": 9.73, "Actual Total Time": 139.398, "Actual Rows": 6, "Actual Loops": 1, "Inner Unique": true, "Join Filter": "(mk.movie_id = t.id)", "Rows Removed by Join Filter": 0, "Plans": [{"Node Type": "Nested Loop", "Parent Relationship": "Outer", "Join Type": "Inner", "Startup Cost": 4.51, "Total Cost": 3399.43, "Plan Rows": 1, "Plan Width": 39, "Actual Startup Time": 9.698, "Actual Total Time": 139.332, "Actual Rows": 6, "Actual Loops": 1, "Inner Unique": true, "Plans": [{"Node Type": "Nested Loop", "Parent Relationship": "Outer", "Join Type": "Inner", "Startup Cost": 4.51, "Total Cost": 3340.87, "Plan Rows": 202, "Plan Width": 28, "Actual Startup Time": 8.151, "Actual Total Time": 132.477, "Actual Rows": 1242, "Actual Loops": 1, "Inner Unique": false, "Plans": [{"Node Type": "Nested Loop", "Parent Relationship": "Outer", "Join Type": "Inner", "Startup Cost": 4.51, "Total Cost": 3315.63, "Plan Rows": 33, "Plan Width": 20, "Actual Startup Time": 8.136, "Actual Total Time": 130.28, "Actual Rows": 14, "Actual Loops": 1, "Inner Unique": false, "Plans": [{"Node Type": "Index Scan", "Parent Relationship": "Outer", "Scan Direction": "Forward", "Index Name": "keyword_pkey", "Relation Name": "keyword", "Alias": "k", "Startup Cost": 0.0, "Total Cost": 3182.72, "Plan Rows": 1, "Plan Width": 20, "Actual Startup Time": 8.1, "Actual Total Time": 130.203, "Actual Rows": 1, "Actual Loops": 1, "Filter": "((keyword)::text = 'marvel-cinematic-universe'::text)", "Rows Removed by Filter": 134168}, {"Node Type": "Bitmap Heap Scan", "Parent Relationship": "Inner", "Relation Name": "movie_keyword", "Alias": "mk", "Startup Cost": 4.51, "Total Cost": 132.58, "Plan Rows": 33, "Plan Width": 8, "Actual Startup Time": 0.027, "Actual Total Time": 0.057, "Actual Rows": 14, "Actual Loops": 1, "Recheck Cond": "(keyword_id = k.id)", "Rows Removed by Index Recheck": 0, "Exact Heap Blocks": 13, "Lossy Heap Blocks": 13, "Plans": [{"Node Type": "Bitmap Index Scan", "Parent Relationship": "Outer", "Index Name": "keyword_id_movie_keyword", "Startup Cost": 0.0, "Total Cost": 4.5, "Plan Rows": 33, "Plan Width": 0, "Actual Startup Time": 0.016, "Actual Total Time": 0.016, "Actual Rows": 14, "Actual Loops": 1, "Index Cond": "(keyword_id = k.id)"}]}]}, {"Node Type": "Index Scan", "Parent Relationship": "Inner", "Scan Direction": "Forward", "Index Name": "movie_id_cast_info", "Relation Name": "cast_info", "Alias": "ci", "Startup Cost": 0.0, "Total Cost": 0.7, "Plan Rows": 6, "Plan Width": 8, "Actual Startup Time": 0.164, "Actual Total Time": 1.871, "Actual Rows": 1242, "Actual Loops": 14, "Index Cond": "(movie_id = mk.movie_id)", "Rows Removed by Index Recheck": 0}]}, {"Node Type": "Index Scan", "Parent Relationship": "Inner", "Scan Direction": "Forward", "Index Name": "name_pkey", "Relation Name": "name", "Alias": "n", "Startup Cost": 0.0, "Total Cost": 0.28, "Plan Rows": 1, "Plan Width": 19, "Actual Startup Time": 6.215, "Actual Total Time": 6.215, "Actual Rows": 6, "Actual Loops": 1242, "Index Cond": "(id = ci.person_id)", "Rows Removed by Index Recheck": 0, "Filter": "((name)::text ~~ '%Downey%Robert%'::text)", "Rows Removed by Filter": 1236}]}, {"Node Type": "Index Scan", "Parent Relationship": "Inner", "Scan Direction": "Forward", "Index Name": "title_pkey", "Relation Name": "title", "Alias": "t", "Startup Cost": 0.0, "Total Cost": 0.28, "Plan Rows": 1, "Plan Width": 21, "Actual Startup Time": 0.046, "Actual Total Time": 0.046, "Actual Rows": 6, "Actual Loops": 6, "Index Cond": "(id = ci.movie_id)", "Rows Removed by Index Recheck": 0, "Filter": "(production_year > 2010)", "Rows Removed by Filter": 0}]}]}, "Triggers": [], "Planner Runtime": 8.292, "Total Runtime": 139.725, "Unique SQL Id": 4208751436}}, "(64, '22')": {"explain_plan": {"Plan": {"Node Type": "Aggregate", "Strategy": "Plain", "Startup Cost": 3810.23, "Total Cost": 3810.24, "Plan Rows": 1, "Plan Width": 144, "Plans": [{"Node Type": "Nested Loop", "Parent Relationship": "Outer", "Join Type": "Inner", "Startup Cost": 5.45, "Total Cost": 3809.16, "Plan Rows": 143, "Plan Width": 48, "Inner Unique": true, "Plans": [{"Node Type": "Nested Loop", "Parent Relationship": "Outer", "Join Type": "Inner", "Startup Cost": 5.19, "Total Cost": 2875.14, "Plan Rows": 218, "Plan Width": 37, "Inner Unique": false, "Join Filter": "(t.id = ci.movie_id)", "Plans": [{"Node Type": "Nested Loop", "Parent Relationship": "Outer", "Join Type": "Inner", "Startup Cost": 4.77, "Total Cost": 2710.63, "Plan Rows": 36, "Plan Width": 41, "Inner Unique": true, "Plans": [{"Node Type": "Nested Loop", "Parent Relationship": "Outer", "Join Type": "Inner", "Startup Cost": 4.51, "Total Cost": 2569.02, "Plan Rows": 33, "Plan Width": 20, "Inner Unique": false, "Plans": [{"Node Type": "Seq Scan", "Parent Relationship": "Outer", "Relation Name": "keyword", "Alias": "k", "Startup Cost": 0.0, "Total Cost": 2436.11, "Plan Rows": 1, "Plan Width": 20, "Filter": "((keyword)::text = 'marvel-cinematic-universe'::text)"}, {"Node Type": "Bitmap Heap Scan", "Parent Relationship": "Inner", "Relation Name": "movie_keyword", "Alias": "mk", "Startup Cost": 4.51, "Total Cost": 132.58, "Plan Rows": 33, "Plan Width": 8, "Recheck Cond": "(keyword_id = k.id)", "Plans": [{"Node Type": "Bitmap Index Scan", "Parent Relationship": "Outer", "Index Name": "keyword_id_movie_keyword", "Startup Cost": 0.0, "Total Cost": 4.5, "Plan Rows": 33, "Plan Width": 0, "Index Cond": "(keyword_id = k.id)"}]}]}, {"Node Type": "Bitmap Heap Scan", "Parent Relationship": "Inner", "Relation Name": "title", "Alias": "t", "Startup Cost": 0.27, "Total Cost": 4.28, "Plan Rows": 1, "Plan Width": 21, "Recheck Cond": "(id = mk.movie_id)", "Filter": "(production_year > 2010)", "Plans": [{"Node Type": "Bitmap Index Scan", "Parent Relationship": "Outer", "Index Name": "title_pkey", "Startup Cost": 0.0, "Total Cost": 0.27, "Plan Rows": 1, "Plan Width": 0, "Index Cond": "(id = mk.movie_id)"}]}]}, {"Node Type": "Bitmap Heap Scan", "Parent Relationship": "Inner", "Relation Name": "cast_info", "Alias": "ci", "Startup Cost": 0.42, "Total Cost": 4.49, "Plan Rows": 6, "Plan Width": 8, "Recheck Cond": "(movie_id = mk.movie_id)", "Plans": [{"Node Type": "Bitmap Index Scan", "Parent Relationship": "Outer", "Index Name": "movie_id_cast_info", "Startup Cost": 0.0, "Total Cost": 0.42, "Plan Rows": 6, "Plan Width": 0, "Index Cond": "(movie_id = mk.movie_id)"}]}]}, {"Node Type": "Bitmap Heap Scan", "Parent Relationship": "Inner", "Relation Name": "name", "Alias": "n", "Startup Cost": 0.26, "Total Cost": 4.27, "Plan Rows": 1, "Plan Width": 19, "Recheck Cond": "(id = ci.person_id)", "Filter": "((name)::text ~~ '%Downey%Robert%'::text)", "Plans": [{"Node Type": "Bitmap Index Scan", "Parent Relationship": "Outer", "Index Name": "name_pkey", "Startup Cost": 0.0, "Total Cost": 0.26, "Plan Rows": 1, "Plan Width": 0, "Index Cond": "(id = ci.person_id)"}]}]}]}, "Unique SQL Id": 4208751436, "Planner Runtime": 6}, "explain_analyze_plan": {"Plan": {"Node Type": "Aggregate", "Strategy": "Plain", "Startup Cost": 3810.23, "Total Cost": 3810.24, "Plan Rows": 1, "Plan Width": 144, "Actual Startup Time": 56.348, "Actual Total Time": 56.348, "Actual Rows": 1, "Actual Loops": 1, "Plans": [{"Node Type": "Nested Loop", "Parent Relationship": "Outer", "Join Type": "Inner", "Startup Cost": 5.45, "Total Cost": 3809.16, "Plan Rows": 143, "Plan Width": 48, "Actual Startup Time": 4.076, "Actual Total Time": 56.316, "Actual Rows": 6, "Actual Loops": 1, "Inner Unique": true, "Plans": [{"Node Type": "Nested Loop", "Parent Relationship": "Outer", "Join Type": "Inner", "Startup Cost": 5.19, "Total Cost": 2875.14, "Plan Rows": 218, "Plan Width": 37, "Actual Startup Time": 1.279, "Actual Total Time": 46.811, "Actual Rows": 1224, "Actual Loops": 1, "Inner Unique": false, "Join Filter": "(t.id = ci.movie_id)", "Rows Removed by Join Filter": 0, "Plans": [{"Node Type": "Nested Loop", "Parent Relationship": "Outer", "Join Type": "Inner", "Startup Cost": 4.77, "Total Cost": 2710.63, "Plan Rows": 36, "Plan Width": 41, "Actual Startup Time": 1.241, "Actual Total Time": 43.379, "Actual Rows": 11, "Actual Loops": 1, "Inner Unique": true, "Plans": [{"Node Type": "Nested Loop", "Parent Relationship": "Outer", "Join Type": "Inner", "Startup Cost": 4.51, "Total Cost": 2569.02, "Plan Rows": 33, "Plan Width": 20, "Actual Startup Time": 1.135, "Actual Total Time": 42.397, "Actual Rows": 14, "Actual Loops": 1, "Inner Unique": false, "Plans": [{"Node Type": "Seq Scan", "Parent Relationship": "Outer", "Relation Name": "keyword", "Alias": "k", "Startup Cost": 0.0, "Total Cost": 2436.11, "Plan Rows": 1, "Plan Width": 20, "Actual Startup Time": 1.097, "Actual Total Time": 42.316, "Actual Rows": 1, "Actual Loops": 1, "Filter": "((keyword)::text = 'marvel-cinematic-universe'::text)", "Rows Removed by Filter": 134168}, {"Node Type": "Bitmap Heap Scan", "Parent Relationship": "Inner", "Relation Name": "movie_keyword", "Alias": "mk", "Startup Cost": 4.51, "Total Cost": 132.58, "Plan Rows": 33, "Plan Width": 8, "Actual Startup Time": 0.032, "Actual Total Time": 0.066, "Actual Rows": 14, "Actual Loops": 1, "Recheck Cond": "(keyword_id = k.id)", "Rows Removed by Index Recheck": 0, "Exact Heap Blocks": 13, "Lossy Heap Blocks": 13, "Plans": [{"Node Type": "Bitmap Index Scan", "Parent Relationship": "Outer", "Index Name": "keyword_id_movie_keyword", "Startup Cost": 0.0, "Total Cost": 4.5, "Plan Rows": 33, "Plan Width": 0, "Actual Startup Time": 0.019, "Actual Total Time": 0.019, "Actual Rows": 14, "Actual Loops": 1, "Index Cond": "(keyword_id = k.id)"}]}]}, {"Node Type": "Bitmap Heap Scan", "Parent Relationship": "Inner", "Relation Name": "title", "Alias": "t", "Startup Cost": 0.27, "Total Cost": 4.28, "Plan Rows": 1, "Plan Width": 21, "Actual Startup Time": 0.957, "Actual Total Time": 0.957, "Actual Rows": 11, "Actual Loops": 14, "Recheck Cond": "(id = mk.movie_id)", "Rows Removed by Index Recheck": 0, "Filter": "(production_year > 2010)", "Rows Removed by Filter": 3, "Exact Heap Blocks": 14, "Lossy Heap Blocks": 14, "Plans": [{"Node Type": "Bitmap Index Scan", "Parent Relationship": "Outer", "Index Name": "title_pkey", "Startup Cost": 0.0, "Total Cost": 0.27, "Plan Rows": 1, "Plan Width": 0, "Actual Startup Time": 0.544, "Actual Total Time": 0.544, "Actual Rows": 14, "Actual Loops": 14, "Index Cond": "(id = mk.movie_id)"}]}]}, {"Node Type": "Bitmap Heap Scan", "Parent Relationship": "Inner", "Relation Name": "cast_info", "Alias": "ci", "Startup Cost": 0.42, "Total Cost": 4.49, "Plan Rows": 6, "Plan Width": 8, "Actual Startup Time": 0.64, "Actual Total Time": 2.909, "Actual Rows": 1224, "Actual Loops": 11, "Recheck Cond": "(movie_id = mk.movie_id)", "Rows Removed by Index Recheck": 0, "Exact Heap Blocks": 1166, "Lossy Heap Blocks": 1166, "Plans": [{"Node Type": "Bitmap Index Scan", "Parent Relationship": "Outer", "Index Name": "movie_id_cast_info", "Startup Cost": 0.0, "Total Cost": 0.42, "Plan Rows": 6, "Plan Width": 0, "Actual Startup Time": 0.411, "Actual Total Time": 0.411, "Actual Rows": 1224, "Actual Loops": 11, "Index Cond": "(movie_id = mk.movie_id)"}]}]}, {"Node Type": "Bitmap Heap Scan", "Parent Relationship": "Inner", "Relation Name": "name", "Alias": "n", "Startup Cost": 0.26, "Total Cost": 4.27, "Plan Rows": 1, "Plan Width": 19, "Actual Startup Time": 8.076, "Actual Total Time": 8.076, "Actual Rows": 6, "Actual Loops": 1224, "Recheck Cond": "(id = ci.person_id)", "Rows Removed by Index Recheck": 0, "Filter": "((name)::text ~~ '%Downey%Robert%'::text)", "Rows Removed by Filter": 1218, "Exact Heap Blocks": 1224, "Lossy Heap Blocks": 1224, "Plans": [{"Node Type": "Bitmap Index Scan", "Parent Relationship": "Outer", "Index Name": "name_pkey", "Startup Cost": 0.0, "Total Cost": 0.26, "Plan Rows": 1, "Plan Width": 0, "Actual Startup Time": 4.777, "Actual Total Time": 4.777, "Actual Rows": 1224, "Actual Loops": 1224, "Index Cond": "(id = ci.person_id)"}]}]}]}, "Triggers": [], "Planner Runtime": 10.13, "Total Runtime": 56.603, "Unique SQL Id": 4208751436}}, "(64, '23')": {"explain_plan": {"Plan": {"Node Type": "Aggregate", "Strategy": "Plain", "Startup Cost": 4529.32, "Total Cost": 4529.33, "Plan Rows": 1, "Plan Width": 144, "Plans": [{"Node Type": "Nested Loop", "Parent Relationship": "Outer", "Join Type": "Inner", "Startup Cost": 724.55, "Total Cost": 4528.25, "Plan Rows": 143, "Plan Width": 48, "Inner Unique": true, "Plans": [{"Node Type": "Nested Loop", "Parent Relationship": "Outer", "Join Type": "Inner", "Startup Cost": 724.29, "Total Cost": 3594.24, "Plan Rows": 218, "Plan Width": 37, "Inner Unique": false, "Join Filter": "(t.id = ci.movie_id)", "Plans": [{"Node Type": "Nested Loop", "Parent Relationship": "Outer", "Join Type": "Inner", "Startup Cost": 723.87, "Total Cost": 3429.72, "Plan Rows": 36, "Plan Width": 41, "Inner Unique": true, "Plans": [{"Node Type": "Nested Loop", "Parent Relationship": "Outer", "Join Type": "Inner", "Startup Cost": 723.6, "Total Cost": 3288.12, "Plan Rows": 33, "Plan Width": 20, "Inner Unique": false, "Plans": [{"Node Type": "Bitmap Heap Scan", "Parent Relationship": "Outer", "Relation Name": "keyword", "Alias": "k", "Startup Cost": 719.1, "Total Cost": 3155.21, "Plan Rows": 1, "Plan Width": 20, "Filter": "((keyword)::text = 'marvel-cinematic-universe'::text)", "Plans": [{"Node Type": "Bitmap Index Scan", "Parent Relationship": "Outer", "Index Name": "keyword_pkey", "Startup Cost": 0.0, "Total Cost": 719.1, "Plan Rows": 134169, "Plan Width": 0}]}, {"Node Type": "Bitmap Heap Scan", "Parent Relationship": "Inner", "Relation Name": "movie_keyword", "Alias": "mk", "Startup Cost": 4.51, "Total Cost": 132.58, "Plan Rows": 33, "Plan Width": 8, "Recheck Cond": "(keyword_id = k.id)", "Plans": [{"Node Type": "Bitmap Index Scan", "Parent Relationship": "Outer", "Index Name": "keyword_id_movie_keyword", "Startup Cost": 0.0, "Total Cost": 4.5, "Plan Rows": 33, "Plan Width": 0, "Index Cond": "(keyword_id = k.id)"}]}]}, {"Node Type": "Bitmap Heap Scan", "Parent Relationship": "Inner", "Relation Name": "title", "Alias": "t", "Startup Cost": 0.27, "Total Cost": 4.28, "Plan Rows": 1, "Plan Width": 21, "Recheck Cond": "(id = mk.movie_id)", "Filter": "(production_year > 2010)", "Plans": [{"Node Type": "Bitmap Index Scan", "Parent Relationship": "Outer", "Index Name": "title_pkey", "Startup Cost": 0.0, "Total Cost": 0.27, "Plan Rows": 1, "Plan Width": 0, "Index Cond": "(id = mk.movie_id)"}]}]}, {"Node Type": "Bitmap Heap Scan", "Parent Relationship": "Inner", "Relation Name": "cast_info", "Alias": "ci", "Startup Cost": 0.42, "Total Cost": 4.49, "Plan Rows": 6, "Plan Width": 8, "Recheck Cond": "(movie_id = mk.movie_id)", "Plans": [{"Node Type": "Bitmap Index Scan", "Parent Relationship": "Outer", "Index Name": "movie_id_cast_info", "Startup Cost": 0.0, "Total Cost": 0.42, "Plan Rows": 6, "Plan Width": 0, "Index Cond": "(movie_id = mk.movie_id)"}]}]}, {"Node Type": "Bitmap Heap Scan", "Parent Relationship": "Inner", "Relation Name": "name", "Alias": "n", "Startup Cost": 0.26, "Total Cost": 4.27, "Plan Rows": 1, "Plan Width": 19, "Recheck Cond": "(id = ci.person_id)", "Filter": "((name)::text ~~ '%Downey%Robert%'::text)", "Plans": [{"Node Type": "Bitmap Index Scan", "Parent Relationship": "Outer", "Index Name": "name_pkey", "Startup Cost": 0.0, "Total Cost": 0.26, "Plan Rows": 1, "Plan Width": 0, "Index Cond": "(id = ci.person_id)"}]}]}]}, "Unique SQL Id": 4208751436, "Planner Runtime": 5}, "explain_analyze_plan": {"Plan": {"Node Type": "Aggregate", "Strategy": "Plain", "Startup Cost": 4529.32, "Total Cost": 4529.33, "Plan Rows": 1, "Plan Width": 144, "Actual Startup Time": 75.187, "Actual Total Time": 75.188, "Actual Rows": 1, "Actual Loops": 1, "Plans": [{"Node Type": "Nested Loop", "Parent Relationship": "Outer", "Join Type": "Inner", "Startup Cost": 724.55, "Total Cost": 4528.25, "Plan Rows": 143, "Plan Width": 48, "Actual Startup Time": 14.458, "Actual Total Time": 75.146, "Actual Rows": 6, "Actual Loops": 1, "Inner Unique": true, "Plans": [{"Node Type": "Nested Loop", "Parent Relationship": "Outer", "Join Type": "Inner", "Startup Cost": 724.29, "Total Cost": 3594.24, "Plan Rows": 218, "Plan Width": 37, "Actual Startup Time": 12.27, "Actual Total Time": 66.234, "Actual Rows": 1224, "Actual Loops": 1, "Inner Unique": false, "Join Filter": "(t.id = ci.movie_id)", "Rows Removed by Join Filter": 0, "Plans": [{"Node Type": "Nested Loop", "Parent Relationship": "Outer", "Join Type": "Inner", "Startup Cost": 723.87, "Total Cost": 3429.72, "Plan Rows": 36, "Plan Width": 41, "Actual Startup Time": 12.24, "Actual Total Time": 63.028, "Actual Rows": 11, "Actual Loops": 1, "Inner Unique": true, "Plans": [{"Node Type": "Nested Loop", "Parent Relationship": "Outer", "Join Type": "Inner", "Startup Cost": 723.6, "Total Cost": 3288.12, "Plan Rows": 33, "Plan Width": 20, "Actual Startup Time": 12.219, "Actual Total Time": 62.88, "Actual Rows": 14, "Actual Loops": 1, "Inner Unique": false, "Plans": [{"Node Type": "Bitmap Heap Scan", "Parent Relationship": "Outer", "Relation Name": "keyword", "Alias": "k", "Startup Cost": 719.1, "Total Cost": 3155.21, "Plan Rows": 1, "Plan Width": 20, "Actual Startup Time": 12.181, "Actual Total Time": 62.809, "Actual Rows": 1, "Actual Loops": 1, "Filter": "((keyword)::text = 'marvel-cinematic-universe'::text)", "Rows Removed by Filter": 134168, "Exact Heap Blocks": 759, "Lossy Heap Blocks": 759, "Plans": [{"Node Type": "Bitmap Index Scan", "Parent Relationship": "Outer", "Index Name": "keyword_pkey", "Startup Cost": 0.0, "Total Cost": 719.1, "Plan Rows": 134169, "Plan Width": 0, "Actual Startup Time": 10.737, "Actual Total Time": 10.737, "Actual Rows": 134169, "Actual Loops": 1}]}, {"Node Type": "Bitmap Heap Scan", "Parent Relationship": "Inner", "Relation Name": "movie_keyword", "Alias": "mk", "Startup Cost": 4.51, "Total Cost": 132.58, "Plan Rows": 33, "Plan Width": 8, "Actual Startup Time": 0.026, "Actual Total Time": 0.053, "Actual Rows": 14, "Actual Loops": 1, "Recheck Cond": "(keyword_id = k.id)", "Rows Removed by Index Recheck": 0, "Exact Heap Blocks": 13, "Lossy Heap Blocks": 13, "Plans": [{"Node Type": "Bitmap Index Scan", "Parent Relationship": "Outer", "Index Name": "keyword_id_movie_keyword", "Startup Cost": 0.0, "Total Cost": 4.5, "Plan Rows": 33, "Plan Width": 0, "Actual Startup Time": 0.017, "Actual Total Time": 0.017, "Actual Rows": 14, "Actual Loops": 1, "Index Cond": "(keyword_id = k.id)"}]}]}, {"Node Type": "Bitmap Heap Scan", "Parent Relationship": "Inner", "Relation Name": "title", "Alias": "t", "Startup Cost": 0.27, "Total Cost": 4.28, "Plan Rows": 1, "Plan Width": 21, "Actual Startup Time": 0.115, "Actual Total Time": 0.115, "Actual Rows": 11, "Actual Loops": 14, "Recheck Cond": "(id = mk.movie_id)", "Rows Removed by Index Recheck": 0, "Filter": "(production_year > 2010)", "Rows Removed by Filter": 3, "Exact Heap Blocks": 14, "Lossy Heap Blocks": 14, "Plans": [{"Node Type": "Bitmap Index Scan", "Parent Relationship": "Outer", "Index Name": "title_pkey", "Startup Cost": 0.0, "Total Cost": 0.27, "Plan Rows": 1, "Plan Width": 0, "Actual Startup Time": 0.07, "Actual Total Time": 0.07, "Actual Rows": 14, "Actual Loops": 14, "Index Cond": "(id = mk.movie_id)"}]}]}, {"Node Type": "Bitmap Heap Scan", "Parent Relationship": "Inner", "Relation Name": "cast_info", "Alias": "ci", "Startup Cost": 0.42, "Total Cost": 4.49, "Plan Rows": 6, "Plan Width": 8, "Actual Startup Time": 0.595, "Actual Total Time": 2.665, "Actual Rows": 1224, "Actual Loops": 11, "Recheck Cond": "(movie_id = mk.movie_id)", "Rows Removed by Index Recheck": 0, "Exact Heap Blocks": 1166, "Lossy Heap Blocks": 1166, "Plans": [{"Node Type": "Bitmap Index Scan", "Parent Relationship": "Outer", "Index Name": "movie_id_cast_info", "Startup Cost": 0.0, "Total Cost": 0.42, "Plan Rows": 6, "Plan Width": 0, "Actual Startup Time": 0.381, "Actual Total Time": 0.381, "Actual Rows": 1224, "Actual Loops": 11, "Index Cond": "(movie_id = mk.movie_id)"}]}]}, {"Node Type": "Bitmap Heap Scan", "Parent Relationship": "Inner", "Relation Name": "name", "Alias": "n", "Startup Cost": 0.26, "Total Cost": 4.27, "Plan Rows": 1, "Plan Width": 19, "Actual Startup Time": 7.491, "Actual Total Time": 7.491, "Actual Rows": 6, "Actual Loops": 1224, "Recheck Cond": "(id = ci.person_id)", "Rows Removed by Index Recheck": 0, "Filter": "((name)::text ~~ '%Downey%Robert%'::text)", "Rows Removed by Filter": 1218, "Exact Heap Blocks": 1224, "Lossy Heap Blocks": 1224, "Plans": [{"Node Type": "Bitmap Index Scan", "Parent Relationship": "Outer", "Index Name": "name_pkey", "Startup Cost": 0.0, "Total Cost": 0.26, "Plan Rows": 1, "Plan Width": 0, "Actual Startup Time": 4.492, "Actual Total Time": 4.492, "Actual Rows": 1224, "Actual Loops": 1224, "Index Cond": "(id = ci.person_id)"}]}]}]}, "Triggers": [], "Planner Runtime": 6.436, "Total Runtime": 75.551, "Unique SQL Id": 4208751436}}, "(64, '24')": {"explain_plan": {"Plan": {"Node Type": "Aggregate", "Strategy": "Plain", "Startup Cost": 2657.42, "Total Cost": 2657.43, "Plan Rows": 1, "Plan Width": 144, "Plans": [{"Node Type": "Nested Loop", "Parent Relationship": "Outer", "Join Type": "Inner", "Startup Cost": 0.0, "Total Cost": 2657.41, "Plan Rows": 1, "Plan Width": 48, "Inner Unique": true, "Join Filter": "(mk.movie_id = t.id)", "Plans": [{"Node Type": "Nested Loop", "Parent Relationship": "Outer", "Join Type": "Inner", "Startup Cost": 0.0, "Total Cost": 2657.12, "Plan Rows": 1, "Plan Width": 39, "Inner Unique": true, "Plans": [{"Node Type": "Nested Loop", "Parent Relationship": "Outer", "Join Type": "Inner", "Startup Cost": 0.0, "Total Cost": 2598.56, "Plan Rows": 202, "Plan Width": 28, "Inner Unique": false, "Plans": [{"Node Type": "Nested Loop", "Parent Relationship": "Outer", "Join Type": "Inner", "Startup Cost": 0.0, "Total Cost": 2573.32, "Plan Rows": 33, "Plan Width": 20, "Inner Unique": false, "Plans": [{"Node Type": "Seq Scan", "Parent Relationship": "Outer", "Relation Name": "keyword", "Alias": "k", "Startup Cost": 0.0, "Total Cost": 2436.11, "Plan Rows": 1, "Plan Width": 20, "Filter": "((keyword)::text = 'marvel-cinematic-universe'::text)"}, {"Node Type": "Index Scan", "Parent Relationship": "Inner", "Scan Direction": "Forward", "Index Name": "keyword_id_movie_keyword", "Relation Name": "movie_keyword", "Alias": "mk", "Startup Cost": 0.0, "Total Cost": 136.88, "Plan Rows": 33, "Plan Width": 8, "Index Cond": "(keyword_id = k.id)"}]}, {"Node Type": "Index Scan", "Parent Relationship": "Inner", "Scan Direction": "Forward", "Index Name": "movie_id_cast_info", "Relation Name": "cast_info", "Alias": "ci", "Startup Cost": 0.0, "Total Cost": 0.7, "Plan Rows": 6, "Plan Width": 8, "Index Cond": "(movie_id = mk.movie_id)"}]}, {"Node Type": "Index Scan", "Parent Relationship": "Inner", "Scan Direction": "Forward", "Index Name": "name_pkey", "Relation Name": "name", "Alias": "n", "Startup Cost": 0.0, "Total Cost": 0.28, "Plan Rows": 1, "Plan Width": 19, "Index Cond": "(id = ci.person_id)", "Filter": "((name)::text ~~ '%Downey%Robert%'::text)"}]}, {"Node Type": "Index Scan", "Parent Relationship": "Inner", "Scan Direction": "Forward", "Index Name": "title_pkey", "Relation Name": "title", "Alias": "t", "Startup Cost": 0.0, "Total Cost": 0.28, "Plan Rows": 1, "Plan Width": 21, "Index Cond": "(id = ci.movie_id)", "Filter": "(production_year > 2010)"}]}]}, "Unique SQL Id": 4208751436, "Planner Runtime": 6}, "explain_analyze_plan": {"Plan": {"Node Type": "Aggregate", "Strategy": "Plain", "Startup Cost": 2657.42, "Total Cost": 2657.43, "Plan Rows": 1, "Plan Width": 144, "Actual Startup Time": 53.179, "Actual Total Time": 53.179, "Actual Rows": 1, "Actual Loops": 1, "Plans": [{"Node Type": "Nested Loop", "Parent Relationship": "Outer", "Join Type": "Inner", "Startup Cost": 0.0, "Total Cost": 2657.41, "Plan Rows": 1, "Plan Width": 48, "Actual Startup Time": 3.067, "Actual Total Time": 53.134, "Actual Rows": 6, "Actual Loops": 1, "Inner Unique": true, "Join Filter": "(mk.movie_id = t.id)", "Rows Removed by Join Filter": 0, "Plans": [{"Node Type": "Nested Loop", "Parent Relationship": "Outer", "Join Type": "Inner", "Startup Cost": 0.0, "Total Cost": 2657.12, "Plan Rows": 1, "Plan Width": 39, "Actual Startup Time": 3.044, "Actual Total Time": 53.073, "Actual Rows": 6, "Actual Loops": 1, "Inner Unique": true, "Plans": [{"Node Type": "Nested Loop", "Parent Relationship": "Outer", "Join Type": "Inner", "Startup Cost": 0.0, "Total Cost": 2598.56, "Plan Rows": 202, "Plan Width": 28, "Actual Startup Time": 1.153, "Actual Total Time": 45.245, "Actual Rows": 1242, "Actual Loops": 1, "Inner Unique": false, "Plans": [{"Node Type": "Nested Loop", "Parent Relationship": "Outer", "Join Type": "Inner", "Startup Cost": 0.0, "Total Cost": 2573.32, "Plan Rows": 33, "Plan Width": 20, "Actual Startup Time": 1.139, "Actual Total Time": 42.599, "Actual Rows": 14, "Actual Loops": 1, "Inner Unique": false, "Plans": [{"Node Type": "Seq Scan", "Parent Relationship": "Outer", "Relation Name": "keyword", "Alias": "k", "Startup Cost": 0.0, "Total Cost": 2436.11, "Plan Rows": 1, "Plan Width": 20, "Actual Startup Time": 1.116, "Actual Total Time": 42.539, "Actual Rows": 1, "Actual Loops": 1, "Filter": "((keyword)::text = 'marvel-cinematic-universe'::text)", "Rows Removed by Filter": 134168}, {"Node Type": "Index Scan", "Parent Relationship": "Inner", "Scan Direction": "Forward", "Index Name": "keyword_id_movie_keyword", "Relation Name": "movie_keyword", "Alias": "mk", "Startup Cost": 0.0, "Total Cost": 136.88, "Plan Rows": 33, "Plan Width": 8, "Actual Startup Time": 0.018, "Actual Total Time": 0.043, "Actual Rows": 14, "Actual Loops": 1, "Index Cond": "(keyword_id = k.id)", "Rows Removed by Index Recheck": 0}]}, {"Node Type": "Index Scan", "Parent Relationship": "Inner", "Scan Direction": "Forward", "Index Name": "movie_id_cast_info", "Relation Name": "cast_info", "Alias": "ci", "Startup Cost": 0.0, "Total Cost": 0.7, "Plan Rows": 6, "Plan Width": 8, "Actual Startup Time": 0.179, "Actual Total Time": 2.353, "Actual Rows": 1242, "Actual Loops": 14, "Index Cond": "(movie_id = mk.movie_id)", "Rows Removed by Index Recheck": 0}]}, {"Node Type": "Index Scan", "Parent Relationship": "Inner", "Scan Direction": "Forward", "Index Name": "name_pkey", "Relation Name": "name", "Alias": "n", "Startup Cost": 0.0, "Total Cost": 0.28, "Plan Rows": 1, "Plan Width": 19, "Actual Startup Time": 7.21, "Actual Total Time": 7.21, "Actual Rows": 6, "Actual Loops": 1242, "Index Cond": "(id = ci.person_id)", "Rows Removed by Index Recheck": 0, "Filter": "((name)::text ~~ '%Downey%Robert%'::text)", "Rows Removed by Filter": 1236}]}, {"Node Type": "Index Scan", "Parent Relationship": "Inner", "Scan Direction": "Forward", "Index Name": "title_pkey", "Relation Name": "title", "Alias": "t", "Startup Cost": 0.0, "Total Cost": 0.28, "Plan Rows": 1, "Plan Width": 21, "Actual Startup Time": 0.042, "Actual Total Time": 0.042, "Actual Rows": 6, "Actual Loops": 6, "Index Cond": "(id = ci.movie_id)", "Rows Removed by Index Recheck": 0, "Filter": "(production_year > 2010)", "Rows Removed by Filter": 0}]}]}, "Triggers": [], "Planner Runtime": 9.561, "Total Runtime": 53.444, "Unique SQL Id": 4208751436}}, "(64, '25')": {"explain_plan": {"Plan": {"Node Type": "Aggregate", "Strategy": "Plain", "Startup Cost": 3404.02, "Total Cost": 3404.03, "Plan Rows": 1, "Plan Width": 144, "Plans": [{"Node Type": "Nested Loop", "Parent Relationship": "Outer", "Join Type": "Inner", "Startup Cost": 0.0, "Total Cost": 3404.01, "Plan Rows": 1, "Plan Width": 48, "Inner Unique": true, "Join Filter": "(mk.movie_id = t.id)", "Plans": [{"Node Type": "Nested Loop", "Parent Relationship": "Outer", "Join Type": "Inner", "Startup Cost": 0.0, "Total Cost": 3403.72, "Plan Rows": 1, "Plan Width": 39, "Inner Unique": true, "Plans": [{"Node Type": "Nested Loop", "Parent Relationship": "Outer", "Join Type": "Inner", "Startup Cost": 0.0, "Total Cost": 3345.17, "Plan Rows": 202, "Plan Width": 28, "Inner Unique": false, "Plans": [{"Node Type": "Nested Loop", "Parent Relationship": "Outer", "Join Type": "Inner", "Startup Cost": 0.0, "Total Cost": 3319.92, "Plan Rows": 33, "Plan Width": 20, "Inner Unique": false, "Plans": [{"Node Type": "Index Scan", "Parent Relationship": "Outer", "Scan Direction": "Forward", "Index Name": "keyword_pkey", "Relation Name": "keyword", "Alias": "k", "Startup Cost": 0.0, "Total Cost": 3182.72, "Plan Rows": 1, "Plan Width": 20, "Filter": "((keyword)::text = 'marvel-cinematic-universe'::text)"}, {"Node Type": "Index Scan", "Parent Relationship": "Inner", "Scan Direction": "Forward", "Index Name": "keyword_id_movie_keyword", "Relation Name": "movie_keyword", "Alias": "mk", "Startup Cost": 0.0, "Total Cost": 136.88, "Plan Rows": 33, "Plan Width": 8, "Index Cond": "(keyword_id = k.id)"}]}, {"Node Type": "Index Scan", "Parent Relationship": "Inner", "Scan Direction": "Forward", "Index Name": "movie_id_cast_info", "Relation Name": "cast_info", "Alias": "ci", "Startup Cost": 0.0, "Total Cost": 0.7, "Plan Rows": 6, "Plan Width": 8, "Index Cond": "(movie_id = mk.movie_id)"}]}, {"Node Type": "Index Scan", "Parent Relationship": "Inner", "Scan Direction": "Forward", "Index Name": "name_pkey", "Relation Name": "name", "Alias": "n", "Startup Cost": 0.0, "Total Cost": 0.28, "Plan Rows": 1, "Plan Width": 19, "Index Cond": "(id = ci.person_id)", "Filter": "((name)::text ~~ '%Downey%Robert%'::text)"}]}, {"Node Type": "Index Scan", "Parent Relationship": "Inner", "Scan Direction": "Forward", "Index Name": "title_pkey", "Relation Name": "title", "Alias": "t", "Startup Cost": 0.0, "Total Cost": 0.28, "Plan Rows": 1, "Plan Width": 21, "Index Cond": "(id = ci.movie_id)", "Filter": "(production_year > 2010)"}]}]}, "Unique SQL Id": 4208751436, "Planner Runtime": 5}, "explain_analyze_plan": {"Plan": {"Node Type": "Aggregate", "Strategy": "Plain", "Startup Cost": 3404.02, "Total Cost": 3404.03, "Plan Rows": 1, "Plan Width": 144, "Actual Startup Time": 123.981, "Actual Total Time": 123.983, "Actual Rows": 1, "Actual Loops": 1, "Plans": [{"Node Type": "Nested Loop", "Parent Relationship": "Outer", "Join Type": "Inner", "Startup Cost": 0.0, "Total Cost": 3404.01, "Plan Rows": 1, "Plan Width": 48, "Actual Startup Time": 8.671, "Actual Total Time": 123.935, "Actual Rows": 6, "Actual Loops": 1, "Inner Unique": true, "Join Filter": "(mk.movie_id = t.id)", "Rows Removed by Join Filter": 0, "Plans": [{"Node Type": "Nested Loop", "Parent Relationship": "Outer", "Join Type": "Inner", "Startup Cost": 0.0, "Total Cost": 3403.72, "Plan Rows": 1, "Plan Width": 39, "Actual Startup Time": 8.653, "Actual Total Time": 123.882, "Actual Rows": 6, "Actual Loops": 1, "Inner Unique": true, "Plans": [{"Node Type": "Nested Loop", "Parent Relationship": "Outer", "Join Type": "Inner", "Startup Cost": 0.0, "Total Cost": 3345.17, "Plan Rows": 202, "Plan Width": 28, "Actual Startup Time": 7.067, "Actual Total Time": 116.917, "Actual Rows": 1242, "Actual Loops": 1, "Inner Unique": false, "Plans": [{"Node Type": "Nested Loop", "Parent Relationship": "Outer", "Join Type": "Inner", "Startup Cost": 0.0, "Total Cost": 3319.92, "Plan Rows": 33, "Plan Width": 20, "Actual Startup Time": 7.054, "Actual Total Time": 114.743, "Actual Rows": 14, "Actual Loops": 1, "Inner Unique": false, "Plans": [{"Node Type": "Index Scan", "Parent Relationship": "Outer", "Scan Direction": "Forward", "Index Name": "keyword_pkey", "Relation Name": "keyword", "Alias": "k", "Startup Cost": 0.0, "Total Cost": 3182.72, "Plan Rows": 1, "Plan Width": 20, "Actual Startup Time": 7.038, "Actual Total Time": 114.697, "Actual Rows": 1, "Actual Loops": 1, "Filter": "((keyword)::text = 'marvel-cinematic-universe'::text)", "Rows Removed by Filter": 134168}, {"Node Type": "Index Scan", "Parent Relationship": "Inner", "Scan Direction": "Forward", "Index Name": "keyword_id_movie_keyword", "Relation Name": "movie_keyword", "Alias": "mk", "Startup Cost": 0.0, "Total Cost": 136.88, "Plan Rows": 33, "Plan Width": 8, "Actual Startup Time": 0.012, "Actual Total Time": 0.034, "Actual Rows": 14, "Actual Loops": 1, "Index Cond": "(keyword_id = k.id)", "Rows Removed by Index Recheck": 0}]}, {"Node Type": "Index Scan", "Parent Relationship": "Inner", "Scan Direction": "Forward", "Index Name": "movie_id_cast_info", "Relation Name": "cast_info", "Alias": "ci", "Startup Cost": 0.0, "Total Cost": 0.7, "Plan Rows": 6, "Plan Width": 8, "Actual Startup Time": 0.159, "Actual Total Time": 1.869, "Actual Rows": 1242, "Actual Loops": 14, "Index Cond": "(movie_id = mk.movie_id)", "Rows Removed by Index Recheck": 0}]}, {"Node Type": "Index Scan", "Parent Relationship": "Inner", "Scan Direction": "Forward", "Index Name": "name_pkey", "Relation Name": "name", "Alias": "n", "Startup Cost": 0.0, "Total Cost": 0.28, "Plan Rows": 1, "Plan Width": 19, "Actual Startup Time": 6.305, "Actual Total Time": 6.305, "Actual Rows": 6, "Actual Loops": 1242, "Index Cond": "(id = ci.person_id)", "Rows Removed by Index Recheck": 0, "Filter": "((name)::text ~~ '%Downey%Robert%'::text)", "Rows Removed by Filter": 1236}]}, {"Node Type": "Index Scan", "Parent Relationship": "Inner", "Scan Direction": "Forward", "Index Name": "title_pkey", "Relation Name": "title", "Alias": "t", "Startup Cost": 0.0, "Total Cost": 0.28, "Plan Rows": 1, "Plan Width": 21, "Actual Startup Time": 0.04, "Actual Total Time": 0.04, "Actual Rows": 6, "Actual Loops": 6, "Index Cond": "(id = ci.movie_id)", "Rows Removed by Index Recheck": 0, "Filter": "(production_year > 2010)", "Rows Removed by Filter": 0}]}]}, "Triggers": [], "Planner Runtime": 8.449, "Total Runtime": 124.25, "Unique SQL Id": 4208751436}}, "(64, '26')": {"explain_plan": {"Plan": {"Node Type": "Aggregate", "Strategy": "Plain", "Startup Cost": 554259.24, "Total Cost": 554259.25, "Plan Rows": 1, "Plan Width": 144, "Plans": [{"Node Type": "Nested Loop", "Parent Relationship": "Outer", "Join Type": "Inner", "Startup Cost": 0.0, "Total Cost": 554258.17, "Plan Rows": 143, "Plan Width": 48, "Inner Unique": false, "Join Filter": "(ci.person_id = n.id)", "Plans": [{"Node Type": "Streaming(type: LOCAL GATHER dop: 1/64)", "Parent Relationship": "Outer", "Startup Cost": 0.0, "Total Cost": 64625.6, "Plan Rows": 415, "Plan Width": 19, "Plans": [{"Node Type": "Seq Scan", "Parent Relationship": "Outer", "Relation Name": "name", "Alias": "n", "Startup Cost": 0.0, "Total Cost": 64617.04, "Plan Rows": 415, "Plan Width": 19, "Filter": "((name)::text ~~ '%Downey%Robert%'::text)"}]}, {"Node Type": "Materialize", "Parent Relationship": "Inner", "Startup Cost": 0.0, "Total Cost": 488276.06, "Plan Rows": 218, "Plan Width": 37, "Plans": [{"Node Type": "Streaming(type: LOCAL GATHER dop: 1/64)", "Parent Relationship": "Outer", "Startup Cost": 0.0, "Total Cost": 488274.97, "Plan Rows": 218, "Plan Width": 37, "Plans": [{"Node Type": "Nested Loop", "Parent Relationship": "Outer", "Join Type": "Inner", "Startup Cost": 0.0, "Total Cost": 488270.47, "Plan Rows": 218, "Plan Width": 37, "Inner Unique": false, "Join Filter": "(t.id = ci.movie_id)", "Plans": [{"Node Type": "Streaming(type: LOCAL REDISTRIBUTE dop: 64/64)", "Parent Relationship": "Outer", "Startup Cost": 0.0, "Total Cost": 314535.17, "Plan Rows": 36, "Plan Width": 41, "Plans": [{"Node Type": "Nested Loop", "Parent Relationship": "Outer", "Join Type": "Inner", "Startup Cost": 0.0, "Total Cost": 251535.14, "Plan Rows": 36, "Plan Width": 41, "Inner Unique": false, "Join Filter": "(mk.movie_id = t.id)", "Plans": [{"Node Type": "Seq Scan", "Parent Relationship": "Outer", "Relation Name": "title", "Alias": "t", "Startup Cost": 0.0, "Total Cost": 64037.34, "Plan Rows": 391451, "Plan Width": 21, "Filter": "(production_year > 2010), (LLVM Optimized)"}, {"Node Type": "Materialize", "Parent Relationship": "Inner", "Startup Cost": 0.0, "Total Cost": 184470.25, "Plan Rows": 2112, "Plan Width": 20, "Plans": [{"Node Type": "Streaming(type: BROADCAST dop: 64/1)", "Parent Relationship": "Outer", "Startup Cost": 0.0, "Total Cost": 184470.09, "Plan Rows": 2112, "Plan Width": 20, "Plans": [{"Node Type": "Nested Loop", "Parent Relationship": "Outer", "Join Type": "Inner", "Startup Cost": 0.0, "Total Cost": 121426.52, "Plan Rows": 33, "Plan Width": 20, "Inner Unique": false, "Join Filter": "(k.id = mk.keyword_id)", "Plans": [{"Node Type": "Seq Scan", "Parent Relationship": "Outer", "Relation Name": "keyword", "Alias": "k", "Startup Cost": 0.0, "Total Cost": 2436.11, "Plan Rows": 1, "Plan Width": 20, "Filter": "((keyword)::text = 'marvel-cinematic-universe'::text)"}, {"Node Type": "Seq Scan", "Parent Relationship": "Inner", "Relation Name": "movie_keyword", "Alias": "mk", "Startup Cost": 0.0, "Total Cost": 62441.29, "Plan Rows": 4523929, "Plan Width": 8}]}]}]}]}]}, {"Node Type": "Materialize", "Parent Relationship": "Inner", "Startup Cost": 0.0, "Total Cost": 260400.45, "Plan Rows": 36259494, "Plan Width": 8, "Plans": [{"Node Type": "Streaming(type: LOCAL REDISTRIBUTE dop: 64/64)", "Parent Relationship": "Outer", "Startup Cost": 0.0, "Total Cost": 169751.72, "Plan Rows": 36259494, "Plan Width": 8, "Plans": [{"Node Type": "Seq Scan", "Parent Relationship": "Outer", "Relation Name": "cast_info", "Alias": "ci", "Startup Cost": 0.0, "Total Cost": 72404.34, "Plan Rows": 36259494, "Plan Width": 8}]}]}]}]}]}]}]}, "Unique SQL Id": 4208751436, "Planner Runtime": 5}, "explain_analyze_plan": null}, "(64, '27')": {"explain_plan": {"Plan": {"Node Type": "Aggregate", "Strategy": "Plain", "Startup Cost": 4973004114307.04, "Total Cost": 4973004114307.05, "Plan Rows": 1, "Plan Width": 144, "Plans": [{"Node Type": "Merge Join", "Parent Relationship": "Outer", "Join Type": "Inner", "Startup Cost": 50152554249.12, "Total Cost": 4973004114305.4, "Plan Rows": 218, "Plan Width": 48, "Inner Unique": true, "Merge Cond": "(mk.movie_id = t.id)", "Plans": [{"Node Type": "Nested Loop", "Parent Relationship": "Outer", "Join Type": "Inner", "Startup Cost": 40031158317.15, "Total Cost": 3973963636653.18, "Plan Rows": 202, "Plan Width": 39, "Inner Unique": false, "Join Filter": "(ci.movie_id = mk.movie_id)", "Plans": [{"Node Type": "Nested Loop", "Parent Relationship": "Outer", "Join Type": "Inner", "Startup Cost": 20000000000.0, "Total Cost": 2000015686764.79, "Plan Rows": 33, "Plan Width": 20, "Inner Unique": true, "Join Filter": "(k.id = mk.keyword_id)", "Plans": [{"Node Type": "Index Scan", "Parent Relationship": "Outer", "Scan Direction": "Forward", "Index Name": "movie_id_movie_keyword", "Relation Name": "movie_keyword", "Alias": "mk", "Startup Cost": 10000000000.0, "Total Cost": 1000015300634.17, "Plan Rows": 4523929, "Plan Width": 8}, {"Node Type": "Materialize", "Parent Relationship": "Inner", "Startup Cost": 10000000000.0, "Total Cost": 1000000318271.69, "Plan Rows": 1, "Plan Width": 20, "Plans": [{"Node Type": "Index Scan", "Parent Relationship": "Outer", "Scan Direction": "Forward", "Index Name": "keyword_pkey", "Relation Name": "keyword", "Alias": "k", "Startup Cost": 10000000000.0, "Total Cost": 1000000318271.68, "Plan Rows": 1, "Plan Width": 20, "Filter": "((keyword)::text = 'marvel-cinematic-universe'::text)"}]}]}, {"Node Type": "Materialize", "Parent Relationship": "Inner", "Startup Cost": 20031158317.15, "Total Cost": 1973947946184.79, "Plan Rows": 7520, "Plan Width": 19, "Plans": [{"Node Type": "Merge Join", "Parent Relationship": "Outer", "Join Type": "Inner", "Startup Cost": 20031158317.15, "Total Cost": 1973947946147.19, "Plan Rows": 7520, "Plan Width": 19, "Inner Unique": true, "Merge Cond": "(ci.person_id = n.id)", "Plans": [{"Node Type": "Index Scan", "Parent Relationship": "Outer", "Scan Direction": "Forward", "Index Name": "person_id_cast_info", "Relation Name": "cast_info", "Alias": "ci", "Startup Cost": 10000000000.0, "Total Cost": 1000170648833.21, "Plan Rows": 36259494, "Plan Width": 8}, {"Node Type": "Materialize", "Parent Relationship": "Inner", "Startup Cost": 10000000000.0, "Total Cost": 1000018665148.24, "Plan Rows": 415, "Plan Width": 19, "Plans": [{"Node Type": "Index Scan", "Parent Relationship": "Outer", "Scan Direction": "Forward", "Index Name": "name_pkey", "Relation Name": "name", "Alias": "n", "Startup Cost": 10000000000.0, "Total Cost": 1000018665147.2, "Plan Rows": 415, "Plan Width": 19, "Filter": "((name)::text ~~ '%Downey%Robert%'::text)"}]}]}]}]}, {"Node Type": "Index Scan", "Parent Relationship": "Inner", "Scan Direction": "Forward", "Index Name": "title_pkey", "Relation Name": "title", "Alias": "t", "Startup Cost": 10000000000.0, "Total Cost": 1000011644126.66, "Plan Rows": 391451, "Plan Width": 21, "Filter": "(production_year > 2010), (LLVM Optimized)"}]}]}, "Unique SQL Id": 4208751436, "Planner Runtime": 10}, "explain_analyze_plan": null}, "(64, '28')": {"explain_plan": {"Plan": {"Node Type": "Aggregate", "Strategy": "Plain", "Startup Cost": 2657.42, "Total Cost": 2657.43, "Plan Rows": 1, "Plan Width": 144, "Plans": [{"Node Type": "Nested Loop", "Parent Relationship": "Outer", "Join Type": "Inner", "Startup Cost": 0.0, "Total Cost": 2657.41, "Plan Rows": 1, "Plan Width": 48, "Inner Unique": true, "Join Filter": "(mk.movie_id = t.id)", "Plans": [{"Node Type": "Nested Loop", "Parent Relationship": "Outer", "Join Type": "Inner", "Startup Cost": 0.0, "Total Cost": 2657.12, "Plan Rows": 1, "Plan Width": 39, "Inner Unique": true, "Plans": [{"Node Type": "Nested Loop", "Parent Relationship": "Outer", "Join Type": "Inner", "Startup Cost": 0.0, "Total Cost": 2598.56, "Plan Rows": 202, "Plan Width": 28, "Inner Unique": false, "Plans": [{"Node Type": "Nested Loop", "Parent Relationship": "Outer", "Join Type": "Inner", "Startup Cost": 0.0, "Total Cost": 2573.32, "Plan Rows": 33, "Plan Width": 20, "Inner Unique": false, "Plans": [{"Node Type": "Seq Scan", "Parent Relationship": "Outer", "Relation Name": "keyword", "Alias": "k", "Startup Cost": 0.0, "Total Cost": 2436.11, "Plan Rows": 1, "Plan Width": 20, "Filter": "((keyword)::text = 'marvel-cinematic-universe'::text)"}, {"Node Type": "Index Scan", "Parent Relationship": "Inner", "Scan Direction": "Forward", "Index Name": "keyword_id_movie_keyword", "Relation Name": "movie_keyword", "Alias": "mk", "Startup Cost": 0.0, "Total Cost": 136.88, "Plan Rows": 33, "Plan Width": 8, "Index Cond": "(keyword_id = k.id)"}]}, {"Node Type": "Index Scan", "Parent Relationship": "Inner", "Scan Direction": "Forward", "Index Name": "movie_id_cast_info", "Relation Name": "cast_info", "Alias": "ci", "Startup Cost": 0.0, "Total Cost": 0.7, "Plan Rows": 6, "Plan Width": 8, "Index Cond": "(movie_id = mk.movie_id)"}]}, {"Node Type": "Index Scan", "Parent Relationship": "Inner", "Scan Direction": "Forward", "Index Name": "name_pkey", "Relation Name": "name", "Alias": "n", "Startup Cost": 0.0, "Total Cost": 0.28, "Plan Rows": 1, "Plan Width": 19, "Index Cond": "(id = ci.person_id)", "Filter": "((name)::text ~~ '%Downey%Robert%'::text)"}]}, {"Node Type": "Index Scan", "Parent Relationship": "Inner", "Scan Direction": "Forward", "Index Name": "title_pkey", "Relation Name": "title", "Alias": "t", "Startup Cost": 0.0, "Total Cost": 0.28, "Plan Rows": 1, "Plan Width": 21, "Index Cond": "(id = ci.movie_id)", "Filter": "(production_year > 2010)"}]}]}, "Unique SQL Id": 4208751436, "Planner Runtime": 6}, "explain_analyze_plan": {"Plan": {"Node Type": "Aggregate", "Strategy": "Plain", "Startup Cost": 2657.42, "Total Cost": 2657.43, "Plan Rows": 1, "Plan Width": 144, "Actual Startup Time": 53.179, "Actual Total Time": 53.179, "Actual Rows": 1, "Actual Loops": 1, "Plans": [{"Node Type": "Nested Loop", "Parent Relationship": "Outer", "Join Type": "Inner", "Startup Cost": 0.0, "Total Cost": 2657.41, "Plan Rows": 1, "Plan Width": 48, "Actual Startup Time": 3.067, "Actual Total Time": 53.134, "Actual Rows": 6, "Actual Loops": 1, "Inner Unique": true, "Join Filter": "(mk.movie_id = t.id)", "Rows Removed by Join Filter": 0, "Plans": [{"Node Type": "Nested Loop", "Parent Relationship": "Outer", "Join Type": "Inner", "Startup Cost": 0.0, "Total Cost": 2657.12, "Plan Rows": 1, "Plan Width": 39, "Actual Startup Time": 3.044, "Actual Total Time": 53.073, "Actual Rows": 6, "Actual Loops": 1, "Inner Unique": true, "Plans": [{"Node Type": "Nested Loop", "Parent Relationship": "Outer", "Join Type": "Inner", "Startup Cost": 0.0, "Total Cost": 2598.56, "Plan Rows": 202, "Plan Width": 28, "Actual Startup Time": 1.153, "Actual Total Time": 45.245, "Actual Rows": 1242, "Actual Loops": 1, "Inner Unique": false, "Plans": [{"Node Type": "Nested Loop", "Parent Relationship": "Outer", "Join Type": "Inner", "Startup Cost": 0.0, "Total Cost": 2573.32, "Plan Rows": 33, "Plan Width": 20, "Actual Startup Time": 1.139, "Actual Total Time": 42.599, "Actual Rows": 14, "Actual Loops": 1, "Inner Unique": false, "Plans": [{"Node Type": "Seq Scan", "Parent Relationship": "Outer", "Relation Name": "keyword", "Alias": "k", "Startup Cost": 0.0, "Total Cost": 2436.11, "Plan Rows": 1, "Plan Width": 20, "Actual Startup Time": 1.116, "Actual Total Time": 42.539, "Actual Rows": 1, "Actual Loops": 1, "Filter": "((keyword)::text = 'marvel-cinematic-universe'::text)", "Rows Removed by Filter": 134168}, {"Node Type": "Index Scan", "Parent Relationship": "Inner", "Scan Direction": "Forward", "Index Name": "keyword_id_movie_keyword", "Relation Name": "movie_keyword", "Alias": "mk", "Startup Cost": 0.0, "Total Cost": 136.88, "Plan Rows": 33, "Plan Width": 8, "Actual Startup Time": 0.018, "Actual Total Time": 0.043, "Actual Rows": 14, "Actual Loops": 1, "Index Cond": "(keyword_id = k.id)", "Rows Removed by Index Recheck": 0}]}, {"Node Type": "Index Scan", "Parent Relationship": "Inner", "Scan Direction": "Forward", "Index Name": "movie_id_cast_info", "Relation Name": "cast_info", "Alias": "ci", "Startup Cost": 0.0, "Total Cost": 0.7, "Plan Rows": 6, "Plan Width": 8, "Actual Startup Time": 0.179, "Actual Total Time": 2.353, "Actual Rows": 1242, "Actual Loops": 14, "Index Cond": "(movie_id = mk.movie_id)", "Rows Removed by Index Recheck": 0}]}, {"Node Type": "Index Scan", "Parent Relationship": "Inner", "Scan Direction": "Forward", "Index Name": "name_pkey", "Relation Name": "name", "Alias": "n", "Startup Cost": 0.0, "Total Cost": 0.28, "Plan Rows": 1, "Plan Width": 19, "Actual Startup Time": 7.21, "Actual Total Time": 7.21, "Actual Rows": 6, "Actual Loops": 1242, "Index Cond": "(id = ci.person_id)", "Rows Removed by Index Recheck": 0, "Filter": "((name)::text ~~ '%Downey%Robert%'::text)", "Rows Removed by Filter": 1236}]}, {"Node Type": "Index Scan", "Parent Relationship": "Inner", "Scan Direction": "Forward", "Index Name": "title_pkey", "Relation Name": "title", "Alias": "t", "Startup Cost": 0.0, "Total Cost": 0.28, "Plan Rows": 1, "Plan Width": 21, "Actual Startup Time": 0.042, "Actual Total Time": 0.042, "Actual Rows": 6, "Actual Loops": 6, "Index Cond": "(id = ci.movie_id)", "Rows Removed by Index Recheck": 0, "Filter": "(production_year > 2010)", "Rows Removed by Filter": 0}]}]}, "Triggers": [], "Planner Runtime": 9.561, "Total Runtime": 53.444, "Unique SQL Id": 4208751436}}, "(64, '29')": {"explain_plan": {"Plan": {"Node Type": "Aggregate", "Strategy": "Plain", "Startup Cost": 3404.02, "Total Cost": 3404.03, "Plan Rows": 1, "Plan Width": 144, "Plans": [{"Node Type": "Nested Loop", "Parent Relationship": "Outer", "Join Type": "Inner", "Startup Cost": 0.0, "Total Cost": 3404.01, "Plan Rows": 1, "Plan Width": 48, "Inner Unique": true, "Join Filter": "(mk.movie_id = t.id)", "Plans": [{"Node Type": "Nested Loop", "Parent Relationship": "Outer", "Join Type": "Inner", "Startup Cost": 0.0, "Total Cost": 3403.72, "Plan Rows": 1, "Plan Width": 39, "Inner Unique": true, "Plans": [{"Node Type": "Nested Loop", "Parent Relationship": "Outer", "Join Type": "Inner", "Startup Cost": 0.0, "Total Cost": 3345.17, "Plan Rows": 202, "Plan Width": 28, "Inner Unique": false, "Plans": [{"Node Type": "Nested Loop", "Parent Relationship": "Outer", "Join Type": "Inner", "Startup Cost": 0.0, "Total Cost": 3319.92, "Plan Rows": 33, "Plan Width": 20, "Inner Unique": false, "Plans": [{"Node Type": "Index Scan", "Parent Relationship": "Outer", "Scan Direction": "Forward", "Index Name": "keyword_pkey", "Relation Name": "keyword", "Alias": "k", "Startup Cost": 0.0, "Total Cost": 3182.72, "Plan Rows": 1, "Plan Width": 20, "Filter": "((keyword)::text = 'marvel-cinematic-universe'::text)"}, {"Node Type": "Index Scan", "Parent Relationship": "Inner", "Scan Direction": "Forward", "Index Name": "keyword_id_movie_keyword", "Relation Name": "movie_keyword", "Alias": "mk", "Startup Cost": 0.0, "Total Cost": 136.88, "Plan Rows": 33, "Plan Width": 8, "Index Cond": "(keyword_id = k.id)"}]}, {"Node Type": "Index Scan", "Parent Relationship": "Inner", "Scan Direction": "Forward", "Index Name": "movie_id_cast_info", "Relation Name": "cast_info", "Alias": "ci", "Startup Cost": 0.0, "Total Cost": 0.7, "Plan Rows": 6, "Plan Width": 8, "Index Cond": "(movie_id = mk.movie_id)"}]}, {"Node Type": "Index Scan", "Parent Relationship": "Inner", "Scan Direction": "Forward", "Index Name": "name_pkey", "Relation Name": "name", "Alias": "n", "Startup Cost": 0.0, "Total Cost": 0.28, "Plan Rows": 1, "Plan Width": 19, "Index Cond": "(id = ci.person_id)", "Filter": "((name)::text ~~ '%Downey%Robert%'::text)"}]}, {"Node Type": "Index Scan", "Parent Relationship": "Inner", "Scan Direction": "Forward", "Index Name": "title_pkey", "Relation Name": "title", "Alias": "t", "Startup Cost": 0.0, "Total Cost": 0.28, "Plan Rows": 1, "Plan Width": 21, "Index Cond": "(id = ci.movie_id)", "Filter": "(production_year > 2010)"}]}]}, "Unique SQL Id": 4208751436, "Planner Runtime": 5}, "explain_analyze_plan": {"Plan": {"Node Type": "Aggregate", "Strategy": "Plain", "Startup Cost": 3404.02, "Total Cost": 3404.03, "Plan Rows": 1, "Plan Width": 144, "Actual Startup Time": 123.981, "Actual Total Time": 123.983, "Actual Rows": 1, "Actual Loops": 1, "Plans": [{"Node Type": "Nested Loop", "Parent Relationship": "Outer", "Join Type": "Inner", "Startup Cost": 0.0, "Total Cost": 3404.01, "Plan Rows": 1, "Plan Width": 48, "Actual Startup Time": 8.671, "Actual Total Time": 123.935, "Actual Rows": 6, "Actual Loops": 1, "Inner Unique": true, "Join Filter": "(mk.movie_id = t.id)", "Rows Removed by Join Filter": 0, "Plans": [{"Node Type": "Nested Loop", "Parent Relationship": "Outer", "Join Type": "Inner", "Startup Cost": 0.0, "Total Cost": 3403.72, "Plan Rows": 1, "Plan Width": 39, "Actual Startup Time": 8.653, "Actual Total Time": 123.882, "Actual Rows": 6, "Actual Loops": 1, "Inner Unique": true, "Plans": [{"Node Type": "Nested Loop", "Parent Relationship": "Outer", "Join Type": "Inner", "Startup Cost": 0.0, "Total Cost": 3345.17, "Plan Rows": 202, "Plan Width": 28, "Actual Startup Time": 7.067, "Actual Total Time": 116.917, "Actual Rows": 1242, "Actual Loops": 1, "Inner Unique": false, "Plans": [{"Node Type": "Nested Loop", "Parent Relationship": "Outer", "Join Type": "Inner", "Startup Cost": 0.0, "Total Cost": 3319.92, "Plan Rows": 33, "Plan Width": 20, "Actual Startup Time": 7.054, "Actual Total Time": 114.743, "Actual Rows": 14, "Actual Loops": 1, "Inner Unique": false, "Plans": [{"Node Type": "Index Scan", "Parent Relationship": "Outer", "Scan Direction": "Forward", "Index Name": "keyword_pkey", "Relation Name": "keyword", "Alias": "k", "Startup Cost": 0.0, "Total Cost": 3182.72, "Plan Rows": 1, "Plan Width": 20, "Actual Startup Time": 7.038, "Actual Total Time": 114.697, "Actual Rows": 1, "Actual Loops": 1, "Filter": "((keyword)::text = 'marvel-cinematic-universe'::text)", "Rows Removed by Filter": 134168}, {"Node Type": "Index Scan", "Parent Relationship": "Inner", "Scan Direction": "Forward", "Index Name": "keyword_id_movie_keyword", "Relation Name": "movie_keyword", "Alias": "mk", "Startup Cost": 0.0, "Total Cost": 136.88, "Plan Rows": 33, "Plan Width": 8, "Actual Startup Time": 0.012, "Actual Total Time": 0.034, "Actual Rows": 14, "Actual Loops": 1, "Index Cond": "(keyword_id = k.id)", "Rows Removed by Index Recheck": 0}]}, {"Node Type": "Index Scan", "Parent Relationship": "Inner", "Scan Direction": "Forward", "Index Name": "movie_id_cast_info", "Relation Name": "cast_info", "Alias": "ci", "Startup Cost": 0.0, "Total Cost": 0.7, "Plan Rows": 6, "Plan Width": 8, "Actual Startup Time": 0.159, "Actual Total Time": 1.869, "Actual Rows": 1242, "Actual Loops": 14, "Index Cond": "(movie_id = mk.movie_id)", "Rows Removed by Index Recheck": 0}]}, {"Node Type": "Index Scan", "Parent Relationship": "Inner", "Scan Direction": "Forward", "Index Name": "name_pkey", "Relation Name": "name", "Alias": "n", "Startup Cost": 0.0, "Total Cost": 0.28, "Plan Rows": 1, "Plan Width": 19, "Actual Startup Time": 6.305, "Actual Total Time": 6.305, "Actual Rows": 6, "Actual Loops": 1242, "Index Cond": "(id = ci.person_id)", "Rows Removed by Index Recheck": 0, "Filter": "((name)::text ~~ '%Downey%Robert%'::text)", "Rows Removed by Filter": 1236}]}, {"Node Type": "Index Scan", "Parent Relationship": "Inner", "Scan Direction": "Forward", "Index Name": "title_pkey", "Relation Name": "title", "Alias": "t", "Startup Cost": 0.0, "Total Cost": 0.28, "Plan Rows": 1, "Plan Width": 21, "Actual Startup Time": 0.04, "Actual Total Time": 0.04, "Actual Rows": 6, "Actual Loops": 6, "Index Cond": "(id = ci.movie_id)", "Rows Removed by Index Recheck": 0, "Filter": "(production_year > 2010)", "Rows Removed by Filter": 0}]}]}, "Triggers": [], "Planner Runtime": 8.449, "Total Runtime": 124.25, "Unique SQL Id": 4208751436}}, "(64, '30')": {"explain_plan": {"Plan": {"Node Type": "Aggregate", "Strategy": "Plain", "Startup Cost": 554259.24, "Total Cost": 554259.25, "Plan Rows": 1, "Plan Width": 144, "Plans": [{"Node Type": "Nested Loop", "Parent Relationship": "Outer", "Join Type": "Inner", "Startup Cost": 0.0, "Total Cost": 554258.17, "Plan Rows": 143, "Plan Width": 48, "Inner Unique": false, "Join Filter": "(ci.person_id = n.id)", "Plans": [{"Node Type": "Streaming(type: LOCAL GATHER dop: 1/64)", "Parent Relationship": "Outer", "Startup Cost": 0.0, "Total Cost": 64625.6, "Plan Rows": 415, "Plan Width": 19, "Plans": [{"Node Type": "Seq Scan", "Parent Relationship": "Outer", "Relation Name": "name", "Alias": "n", "Startup Cost": 0.0, "Total Cost": 64617.04, "Plan Rows": 415, "Plan Width": 19, "Filter": "((name)::text ~~ '%Downey%Robert%'::text)"}]}, {"Node Type": "Materialize", "Parent Relationship": "Inner", "Startup Cost": 0.0, "Total Cost": 488276.06, "Plan Rows": 218, "Plan Width": 37, "Plans": [{"Node Type": "Streaming(type: LOCAL GATHER dop: 1/64)", "Parent Relationship": "Outer", "Startup Cost": 0.0, "Total Cost": 488274.97, "Plan Rows": 218, "Plan Width": 37, "Plans": [{"Node Type": "Nested Loop", "Parent Relationship": "Outer", "Join Type": "Inner", "Startup Cost": 0.0, "Total Cost": 488270.47, "Plan Rows": 218, "Plan Width": 37, "Inner Unique": false, "Join Filter": "(t.id = ci.movie_id)", "Plans": [{"Node Type": "Streaming(type: LOCAL REDISTRIBUTE dop: 64/64)", "Parent Relationship": "Outer", "Startup Cost": 0.0, "Total Cost": 314535.17, "Plan Rows": 36, "Plan Width": 41, "Plans": [{"Node Type": "Nested Loop", "Parent Relationship": "Outer", "Join Type": "Inner", "Startup Cost": 0.0, "Total Cost": 251535.14, "Plan Rows": 36, "Plan Width": 41, "Inner Unique": false, "Join Filter": "(mk.movie_id = t.id)", "Plans": [{"Node Type": "Seq Scan", "Parent Relationship": "Outer", "Relation Name": "title", "Alias": "t", "Startup Cost": 0.0, "Total Cost": 64037.34, "Plan Rows": 391451, "Plan Width": 21, "Filter": "(production_year > 2010), (LLVM Optimized)"}, {"Node Type": "Materialize", "Parent Relationship": "Inner", "Startup Cost": 0.0, "Total Cost": 184470.25, "Plan Rows": 2112, "Plan Width": 20, "Plans": [{"Node Type": "Streaming(type: BROADCAST dop: 64/1)", "Parent Relationship": "Outer", "Startup Cost": 0.0, "Total Cost": 184470.09, "Plan Rows": 2112, "Plan Width": 20, "Plans": [{"Node Type": "Nested Loop", "Parent Relationship": "Outer", "Join Type": "Inner", "Startup Cost": 0.0, "Total Cost": 121426.52, "Plan Rows": 33, "Plan Width": 20, "Inner Unique": false, "Join Filter": "(k.id = mk.keyword_id)", "Plans": [{"Node Type": "Seq Scan", "Parent Relationship": "Outer", "Relation Name": "keyword", "Alias": "k", "Startup Cost": 0.0, "Total Cost": 2436.11, "Plan Rows": 1, "Plan Width": 20, "Filter": "((keyword)::text = 'marvel-cinematic-universe'::text)"}, {"Node Type": "Seq Scan", "Parent Relationship": "Inner", "Relation Name": "movie_keyword", "Alias": "mk", "Startup Cost": 0.0, "Total Cost": 62441.29, "Plan Rows": 4523929, "Plan Width": 8}]}]}]}]}]}, {"Node Type": "Materialize", "Parent Relationship": "Inner", "Startup Cost": 0.0, "Total Cost": 260400.45, "Plan Rows": 36259494, "Plan Width": 8, "Plans": [{"Node Type": "Streaming(type: LOCAL REDISTRIBUTE dop: 64/64)", "Parent Relationship": "Outer", "Startup Cost": 0.0, "Total Cost": 169751.72, "Plan Rows": 36259494, "Plan Width": 8, "Plans": [{"Node Type": "Seq Scan", "Parent Relationship": "Outer", "Relation Name": "cast_info", "Alias": "ci", "Startup Cost": 0.0, "Total Cost": 72404.34, "Plan Rows": 36259494, "Plan Width": 8}]}]}]}]}]}]}]}, "Unique SQL Id": 4208751436, "Planner Runtime": 5}, "explain_analyze_plan": null}, "(64, '31')": {"explain_plan": {"Plan": {"Node Type": "Aggregate", "Strategy": "Plain", "Startup Cost": 4973004114307.04, "Total Cost": 4973004114307.05, "Plan Rows": 1, "Plan Width": 144, "Plans": [{"Node Type": "Merge Join", "Parent Relationship": "Outer", "Join Type": "Inner", "Startup Cost": 50152554249.12, "Total Cost": 4973004114305.4, "Plan Rows": 218, "Plan Width": 48, "Inner Unique": true, "Merge Cond": "(mk.movie_id = t.id)", "Plans": [{"Node Type": "Nested Loop", "Parent Relationship": "Outer", "Join Type": "Inner", "Startup Cost": 40031158317.15, "Total Cost": 3973963636653.18, "Plan Rows": 202, "Plan Width": 39, "Inner Unique": false, "Join Filter": "(ci.movie_id = mk.movie_id)", "Plans": [{"Node Type": "Nested Loop", "Parent Relationship": "Outer", "Join Type": "Inner", "Startup Cost": 20000000000.0, "Total Cost": 2000015686764.79, "Plan Rows": 33, "Plan Width": 20, "Inner Unique": true, "Join Filter": "(k.id = mk.keyword_id)", "Plans": [{"Node Type": "Index Scan", "Parent Relationship": "Outer", "Scan Direction": "Forward", "Index Name": "movie_id_movie_keyword", "Relation Name": "movie_keyword", "Alias": "mk", "Startup Cost": 10000000000.0, "Total Cost": 1000015300634.17, "Plan Rows": 4523929, "Plan Width": 8}, {"Node Type": "Materialize", "Parent Relationship": "Inner", "Startup Cost": 10000000000.0, "Total Cost": 1000000318271.69, "Plan Rows": 1, "Plan Width": 20, "Plans": [{"Node Type": "Index Scan", "Parent Relationship": "Outer", "Scan Direction": "Forward", "Index Name": "keyword_pkey", "Relation Name": "keyword", "Alias": "k", "Startup Cost": 10000000000.0, "Total Cost": 1000000318271.68, "Plan Rows": 1, "Plan Width": 20, "Filter": "((keyword)::text = 'marvel-cinematic-universe'::text)"}]}]}, {"Node Type": "Materialize", "Parent Relationship": "Inner", "Startup Cost": 20031158317.15, "Total Cost": 1973947946184.79, "Plan Rows": 7520, "Plan Width": 19, "Plans": [{"Node Type": "Merge Join", "Parent Relationship": "Outer", "Join Type": "Inner", "Startup Cost": 20031158317.15, "Total Cost": 1973947946147.19, "Plan Rows": 7520, "Plan Width": 19, "Inner Unique": true, "Merge Cond": "(ci.person_id = n.id)", "Plans": [{"Node Type": "Index Scan", "Parent Relationship": "Outer", "Scan Direction": "Forward", "Index Name": "person_id_cast_info", "Relation Name": "cast_info", "Alias": "ci", "Startup Cost": 10000000000.0, "Total Cost": 1000170648833.21, "Plan Rows": 36259494, "Plan Width": 8}, {"Node Type": "Materialize", "Parent Relationship": "Inner", "Startup Cost": 10000000000.0, "Total Cost": 1000018665148.24, "Plan Rows": 415, "Plan Width": 19, "Plans": [{"Node Type": "Index Scan", "Parent Relationship": "Outer", "Scan Direction": "Forward", "Index Name": "name_pkey", "Relation Name": "name", "Alias": "n", "Startup Cost": 10000000000.0, "Total Cost": 1000018665147.2, "Plan Rows": 415, "Plan Width": 19, "Filter": "((name)::text ~~ '%Downey%Robert%'::text)"}]}]}]}]}, {"Node Type": "Index Scan", "Parent Relationship": "Inner", "Scan Direction": "Forward", "Index Name": "title_pkey", "Relation Name": "title", "Alias": "t", "Startup Cost": 10000000000.0, "Total Cost": 1000011644126.66, "Plan Rows": 391451, "Plan Width": 21, "Filter": "(production_year > 2010), (LLVM Optimized)"}]}]}, "Unique SQL Id": 4208751436, "Planner Runtime": 10}, "explain_analyze_plan": null}, "(64, '32')": {"explain_plan": {"Plan": {"Node Type": "Aggregate", "Strategy": "Plain", "Startup Cost": 2653.12, "Total Cost": 2653.13, "Plan Rows": 1, "Plan Width": 144, "Plans": [{"Node Type": "Nested Loop", "Parent Relationship": "Outer", "Join Type": "Inner", "Startup Cost": 4.51, "Total Cost": 2653.12, "Plan Rows": 1, "Plan Width": 48, "Inner Unique": true, "Join Filter": "(mk.movie_id = t.id)", "Plans": [{"Node Type": "Nested Loop", "Parent Relationship": "Outer", "Join Type": "Inner", "Startup Cost": 4.51, "Total Cost": 2652.83, "Plan Rows": 1, "Plan Width": 39, "Inner Unique": true, "Plans": [{"Node Type": "Nested Loop", "Parent Relationship": "Outer", "Join Type": "Inner", "Startup Cost": 4.51, "Total Cost": 2594.27, "Plan Rows": 202, "Plan Width": 28, "Inner Unique": false, "Plans": [{"Node Type": "Nested Loop", "Parent Relationship": "Outer", "Join Type": "Inner", "Startup Cost": 4.51, "Total Cost": 2569.02, "Plan Rows": 33, "Plan Width": 20, "Inner Unique": false, "Plans": [{"Node Type": "Seq Scan", "Parent Relationship": "Outer", "Relation Name": "keyword", "Alias": "k", "Startup Cost": 0.0, "Total Cost": 2436.11, "Plan Rows": 1, "Plan Width": 20, "Filter": "((keyword)::text = 'marvel-cinematic-universe'::text)"}, {"Node Type": "Bitmap Heap Scan", "Parent Relationship": "Inner", "Relation Name": "movie_keyword", "Alias": "mk", "Startup Cost": 4.51, "Total Cost": 132.58, "Plan Rows": 33, "Plan Width": 8, "Recheck Cond": "(keyword_id = k.id)", "Plans": [{"Node Type": "Bitmap Index Scan", "Parent Relationship": "Outer", "Index Name": "keyword_id_movie_keyword", "Startup Cost": 0.0, "Total Cost": 4.5, "Plan Rows": 33, "Plan Width": 0, "Index Cond": "(keyword_id = k.id)"}]}]}, {"Node Type": "Index Scan", "Parent Relationship": "Inner", "Scan Direction": "Forward", "Index Name": "movie_id_cast_info", "Relation Name": "cast_info", "Alias": "ci", "Startup Cost": 0.0, "Total Cost": 0.7, "Plan Rows": 6, "Plan Width": 8, "Index Cond": "(movie_id = mk.movie_id)"}]}, {"Node Type": "Index Scan", "Parent Relationship": "Inner", "Scan Direction": "Forward", "Index Name": "name_pkey", "Relation Name": "name", "Alias": "n", "Startup Cost": 0.0, "Total Cost": 0.28, "Plan Rows": 1, "Plan Width": 19, "Index Cond": "(id = ci.person_id)", "Filter": "((name)::text ~~ '%Downey%Robert%'::text)"}]}, {"Node Type": "Index Scan", "Parent Relationship": "Inner", "Scan Direction": "Forward", "Index Name": "title_pkey", "Relation Name": "title", "Alias": "t", "Startup Cost": 0.0, "Total Cost": 0.28, "Plan Rows": 1, "Plan Width": 21, "Index Cond": "(id = ci.movie_id)", "Filter": "(production_year > 2010)"}]}]}, "Unique SQL Id": 4208751436, "Planner Runtime": 5}, "explain_analyze_plan": {"Plan": {"Node Type": "Aggregate", "Strategy": "Plain", "Startup Cost": 2653.12, "Total Cost": 2653.13, "Plan Rows": 1, "Plan Width": 144, "Actual Startup Time": 53.108, "Actual Total Time": 53.108, "Actual Rows": 1, "Actual Loops": 1, "Plans": [{"Node Type": "Nested Loop", "Parent Relationship": "Outer", "Join Type": "Inner", "Startup Cost": 4.51, "Total Cost": 2653.12, "Plan Rows": 1, "Plan Width": 48, "Actual Startup Time": 3.077, "Actual Total Time": 53.078, "Actual Rows": 6, "Actual Loops": 1, "Inner Unique": true, "Join Filter": "(mk.movie_id = t.id)", "Rows Removed by Join Filter": 0, "Plans": [{"Node Type": "Nested Loop", "Parent Relationship": "Outer", "Join Type": "Inner", "Startup Cost": 4.51, "Total Cost": 2652.83, "Plan Rows": 1, "Plan Width": 39, "Actual Startup Time": 3.044, "Actual Total Time": 53.008, "Actual Rows": 6, "Actual Loops": 1, "Inner Unique": true, "Plans": [{"Node Type": "Nested Loop", "Parent Relationship": "Outer", "Join Type": "Inner", "Startup Cost": 4.51, "Total Cost": 2594.27, "Plan Rows": 202, "Plan Width": 28, "Actual Startup Time": 1.158, "Actual Total Time": 45.186, "Actual Rows": 1242, "Actual Loops": 1, "Inner Unique": false, "Plans": [{"Node Type": "Nested Loop", "Parent Relationship": "Outer", "Join Type": "Inner", "Startup Cost": 4.51, "Total Cost": 2569.02, "Plan Rows": 33, "Plan Width": 20, "Actual Startup Time": 1.138, "Actual Total Time": 42.528, "Actual Rows": 14, "Actual Loops": 1, "Inner Unique": false, "Plans": [{"Node Type": "Seq Scan", "Parent Relationship": "Outer", "Relation Name": "keyword", "Alias": "k", "Startup Cost": 0.0, "Total Cost": 2436.11, "Plan Rows": 1, "Plan Width": 20, "Actual Startup Time": 1.095, "Actual Total Time": 42.442, "Actual Rows": 1, "Actual Loops": 1, "Filter": "((keyword)::text = 'marvel-cinematic-universe'::text)", "Rows Removed by Filter": 134168}, {"Node Type": "Bitmap Heap Scan", "Parent Relationship": "Inner", "Relation Name": "movie_keyword", "Alias": "mk", "Startup Cost": 4.51, "Total Cost": 132.58, "Plan Rows": 33, "Plan Width": 8, "Actual Startup Time": 0.035, "Actual Total Time": 0.069, "Actual Rows": 14, "Actual Loops": 1, "Recheck Cond": "(keyword_id = k.id)", "Rows Removed by Index Recheck": 0, "Exact Heap Blocks": 13, "Lossy Heap Blocks": 13, "Plans": [{"Node Type": "Bitmap Index Scan", "Parent Relationship": "Outer", "Index Name": "keyword_id_movie_keyword", "Startup Cost": 0.0, "Total Cost": 4.5, "Plan Rows": 33, "Plan Width": 0, "Actual Startup Time": 0.021, "Actual Total Time": 0.021, "Actual Rows": 14, "Actual Loops": 1, "Index Cond": "(keyword_id = k.id)"}]}]}, {"Node Type": "Index Scan", "Parent Relationship": "Inner", "Scan Direction": "Forward", "Index Name": "movie_id_cast_info", "Relation Name": "cast_info", "Alias": "ci", "Startup Cost": 0.0, "Total Cost": 0.7, "Plan Rows": 6, "Plan Width": 8, "Actual Startup Time": 0.192, "Actual Total Time": 2.354, "Actual Rows": 1242, "Actual Loops": 14, "Index Cond": "(movie_id = mk.movie_id)", "Rows Removed by Index Recheck": 0}]}, {"Node Type": "Index Scan", "Parent Relationship": "Inner", "Scan Direction": "Forward", "Index Name": "name_pkey", "Relation Name": "name", "Alias": "n", "Startup Cost": 0.0, "Total Cost": 0.28, "Plan Rows": 1, "Plan Width": 19, "Actual Startup Time": 7.222, "Actual Total Time": 7.222, "Actual Rows": 6, "Actual Loops": 1242, "Index Cond": "(id = ci.person_id)", "Rows Removed by Index Recheck": 0, "Filter": "((name)::text ~~ '%Downey%Robert%'::text)", "Rows Removed by Filter": 1236}]}, {"Node Type": "Index Scan", "Parent Relationship": "Inner", "Scan Direction": "Forward", "Index Name": "title_pkey", "Relation Name": "title", "Alias": "t", "Startup Cost": 0.0, "Total Cost": 0.28, "Plan Rows": 1, "Plan Width": 21, "Actual Startup Time": 0.048, "Actual Total Time": 0.048, "Actual Rows": 6, "Actual Loops": 6, "Index Cond": "(id = ci.movie_id)", "Rows Removed by Index Recheck": 0, "Filter": "(production_year > 2010)", "Rows Removed by Filter": 0}]}]}, "Triggers": [], "Planner Runtime": 9.728, "Total Runtime": 53.358, "Unique SQL Id": 4208751436}}, "(64, '33')": {"explain_plan": {"Plan": {"Node Type": "Aggregate", "Strategy": "Plain", "Startup Cost": 3399.73, "Total Cost": 3399.74, "Plan Rows": 1, "Plan Width": 144, "Plans": [{"Node Type": "Nested Loop", "Parent Relationship": "Outer", "Join Type": "Inner", "Startup Cost": 4.51, "Total Cost": 3399.72, "Plan Rows": 1, "Plan Width": 48, "Inner Unique": true, "Join Filter": "(mk.movie_id = t.id)", "Plans": [{"Node Type": "Nested Loop", "Parent Relationship": "Outer", "Join Type": "Inner", "Startup Cost": 4.51, "Total Cost": 3399.43, "Plan Rows": 1, "Plan Width": 39, "Inner Unique": true, "Plans": [{"Node Type": "Nested Loop", "Parent Relationship": "Outer", "Join Type": "Inner", "Startup Cost": 4.51, "Total Cost": 3340.87, "Plan Rows": 202, "Plan Width": 28, "Inner Unique": false, "Plans": [{"Node Type": "Nested Loop", "Parent Relationship": "Outer", "Join Type": "Inner", "Startup Cost": 4.51, "Total Cost": 3315.63, "Plan Rows": 33, "Plan Width": 20, "Inner Unique": false, "Plans": [{"Node Type": "Index Scan", "Parent Relationship": "Outer", "Scan Direction": "Forward", "Index Name": "keyword_pkey", "Relation Name": "keyword", "Alias": "k", "Startup Cost": 0.0, "Total Cost": 3182.72, "Plan Rows": 1, "Plan Width": 20, "Filter": "((keyword)::text = 'marvel-cinematic-universe'::text)"}, {"Node Type": "Bitmap Heap Scan", "Parent Relationship": "Inner", "Relation Name": "movie_keyword", "Alias": "mk", "Startup Cost": 4.51, "Total Cost": 132.58, "Plan Rows": 33, "Plan Width": 8, "Recheck Cond": "(keyword_id = k.id)", "Plans": [{"Node Type": "Bitmap Index Scan", "Parent Relationship": "Outer", "Index Name": "keyword_id_movie_keyword", "Startup Cost": 0.0, "Total Cost": 4.5, "Plan Rows": 33, "Plan Width": 0, "Index Cond": "(keyword_id = k.id)"}]}]}, {"Node Type": "Index Scan", "Parent Relationship": "Inner", "Scan Direction": "Forward", "Index Name": "movie_id_cast_info", "Relation Name": "cast_info", "Alias": "ci", "Startup Cost": 0.0, "Total Cost": 0.7, "Plan Rows": 6, "Plan Width": 8, "Index Cond": "(movie_id = mk.movie_id)"}]}, {"Node Type": "Index Scan", "Parent Relationship": "Inner", "Scan Direction": "Forward", "Index Name": "name_pkey", "Relation Name": "name", "Alias": "n", "Startup Cost": 0.0, "Total Cost": 0.28, "Plan Rows": 1, "Plan Width": 19, "Index Cond": "(id = ci.person_id)", "Filter": "((name)::text ~~ '%Downey%Robert%'::text)"}]}, {"Node Type": "Index Scan", "Parent Relationship": "Inner", "Scan Direction": "Forward", "Index Name": "title_pkey", "Relation Name": "title", "Alias": "t", "Startup Cost": 0.0, "Total Cost": 0.28, "Plan Rows": 1, "Plan Width": 21, "Index Cond": "(id = ci.movie_id)", "Filter": "(production_year > 2010)"}]}]}, "Unique SQL Id": 4208751436, "Planner Runtime": 4}, "explain_analyze_plan": {"Plan": {"Node Type": "Aggregate", "Strategy": "Plain", "Startup Cost": 3399.73, "Total Cost": 3399.74, "Plan Rows": 1, "Plan Width": 144, "Actual Startup Time": 139.429, "Actual Total Time": 139.43, "Actual Rows": 1, "Actual Loops": 1, "Plans": [{"Node Type": "Nested Loop", "Parent Relationship": "Outer", "Join Type": "Inner", "Startup Cost": 4.51, "Total Cost": 3399.72, "Plan Rows": 1, "Plan Width": 48, "Actual Startup Time": 9.73, "Actual Total Time": 139.398, "Actual Rows": 6, "Actual Loops": 1, "Inner Unique": true, "Join Filter": "(mk.movie_id = t.id)", "Rows Removed by Join Filter": 0, "Plans": [{"Node Type": "Nested Loop", "Parent Relationship": "Outer", "Join Type": "Inner", "Startup Cost": 4.51, "Total Cost": 3399.43, "Plan Rows": 1, "Plan Width": 39, "Actual Startup Time": 9.698, "Actual Total Time": 139.332, "Actual Rows": 6, "Actual Loops": 1, "Inner Unique": true, "Plans": [{"Node Type": "Nested Loop", "Parent Relationship": "Outer", "Join Type": "Inner", "Startup Cost": 4.51, "Total Cost": 3340.87, "Plan Rows": 202, "Plan Width": 28, "Actual Startup Time": 8.151, "Actual Total Time": 132.477, "Actual Rows": 1242, "Actual Loops": 1, "Inner Unique": false, "Plans": [{"Node Type": "Nested Loop", "Parent Relationship": "Outer", "Join Type": "Inner", "Startup Cost": 4.51, "Total Cost": 3315.63, "Plan Rows": 33, "Plan Width": 20, "Actual Startup Time": 8.136, "Actual Total Time": 130.28, "Actual Rows": 14, "Actual Loops": 1, "Inner Unique": false, "Plans": [{"Node Type": "Index Scan", "Parent Relationship": "Outer", "Scan Direction": "Forward", "Index Name": "keyword_pkey", "Relation Name": "keyword", "Alias": "k", "Startup Cost": 0.0, "Total Cost": 3182.72, "Plan Rows": 1, "Plan Width": 20, "Actual Startup Time": 8.1, "Actual Total Time": 130.203, "Actual Rows": 1, "Actual Loops": 1, "Filter": "((keyword)::text = 'marvel-cinematic-universe'::text)", "Rows Removed by Filter": 134168}, {"Node Type": "Bitmap Heap Scan", "Parent Relationship": "Inner", "Relation Name": "movie_keyword", "Alias": "mk", "Startup Cost": 4.51, "Total Cost": 132.58, "Plan Rows": 33, "Plan Width": 8, "Actual Startup Time": 0.027, "Actual Total Time": 0.057, "Actual Rows": 14, "Actual Loops": 1, "Recheck Cond": "(keyword_id = k.id)", "Rows Removed by Index Recheck": 0, "Exact Heap Blocks": 13, "Lossy Heap Blocks": 13, "Plans": [{"Node Type": "Bitmap Index Scan", "Parent Relationship": "Outer", "Index Name": "keyword_id_movie_keyword", "Startup Cost": 0.0, "Total Cost": 4.5, "Plan Rows": 33, "Plan Width": 0, "Actual Startup Time": 0.016, "Actual Total Time": 0.016, "Actual Rows": 14, "Actual Loops": 1, "Index Cond": "(keyword_id = k.id)"}]}]}, {"Node Type": "Index Scan", "Parent Relationship": "Inner", "Scan Direction": "Forward", "Index Name": "movie_id_cast_info", "Relation Name": "cast_info", "Alias": "ci", "Startup Cost": 0.0, "Total Cost": 0.7, "Plan Rows": 6, "Plan Width": 8, "Actual Startup Time": 0.164, "Actual Total Time": 1.871, "Actual Rows": 1242, "Actual Loops": 14, "Index Cond": "(movie_id = mk.movie_id)", "Rows Removed by Index Recheck": 0}]}, {"Node Type": "Index Scan", "Parent Relationship": "Inner", "Scan Direction": "Forward", "Index Name": "name_pkey", "Relation Name": "name", "Alias": "n", "Startup Cost": 0.0, "Total Cost": 0.28, "Plan Rows": 1, "Plan Width": 19, "Actual Startup Time": 6.215, "Actual Total Time": 6.215, "Actual Rows": 6, "Actual Loops": 1242, "Index Cond": "(id = ci.person_id)", "Rows Removed by Index Recheck": 0, "Filter": "((name)::text ~~ '%Downey%Robert%'::text)", "Rows Removed by Filter": 1236}]}, {"Node Type": "Index Scan", "Parent Relationship": "Inner", "Scan Direction": "Forward", "Index Name": "title_pkey", "Relation Name": "title", "Alias": "t", "Startup Cost": 0.0, "Total Cost": 0.28, "Plan Rows": 1, "Plan Width": 21, "Actual Startup Time": 0.046, "Actual Total Time": 0.046, "Actual Rows": 6, "Actual Loops": 6, "Index Cond": "(id = ci.movie_id)", "Rows Removed by Index Recheck": 0, "Filter": "(production_year > 2010)", "Rows Removed by Filter": 0}]}]}, "Triggers": [], "Planner Runtime": 8.292, "Total Runtime": 139.725, "Unique SQL Id": 4208751436}}, "(64, '34')": {"explain_plan": {"Plan": {"Node Type": "Aggregate", "Strategy": "Plain", "Startup Cost": 3589.09, "Total Cost": 3589.1, "Plan Rows": 1, "Plan Width": 144, "Plans": [{"Node Type": "Nested Loop", "Parent Relationship": "Outer", "Join Type": "Inner", "Startup Cost": 5.44, "Total Cost": 3589.09, "Plan Rows": 1, "Plan Width": 48, "Inner Unique": true, "Join Filter": "(mk.movie_id = t.id)", "Plans": [{"Node Type": "Nested Loop", "Parent Relationship": "Outer", "Join Type": "Inner", "Startup Cost": 5.19, "Total Cost": 3584.8, "Plan Rows": 1, "Plan Width": 39, "Inner Unique": true, "Plans": [{"Node Type": "Nested Loop", "Parent Relationship": "Outer", "Join Type": "Inner", "Startup Cost": 4.93, "Total Cost": 2719.34, "Plan Rows": 202, "Plan Width": 28, "Inner Unique": false, "Plans": [{"Node Type": "Nested Loop", "Parent Relationship": "Outer", "Join Type": "Inner", "Startup Cost": 4.51, "Total Cost": 2569.02, "Plan Rows": 33, "Plan Width": 20, "Inner Unique": false, "Plans": [{"Node Type": "Seq Scan", "Parent Relationship": "Outer", "Relation Name": "keyword", "Alias": "k", "Startup Cost": 0.0, "Total Cost": 2436.11, "Plan Rows": 1, "Plan Width": 20, "Filter": "((keyword)::text = 'marvel-cinematic-universe'::text)"}, {"Node Type": "Bitmap Heap Scan", "Parent Relationship": "Inner", "Relation Name": "movie_keyword", "Alias": "mk", "Startup Cost": 4.51, "Total Cost": 132.58, "Plan Rows": 33, "Plan Width": 8, "Recheck Cond": "(keyword_id = k.id)", "Plans": [{"Node Type": "Bitmap Index Scan", "Parent Relationship": "Outer", "Index Name": "keyword_id_movie_keyword", "Startup Cost": 0.0, "Total Cost": 4.5, "Plan Rows": 33, "Plan Width": 0, "Index Cond": "(keyword_id = k.id)"}]}]}, {"Node Type": "Bitmap Heap Scan", "Parent Relationship": "Inner", "Relation Name": "cast_info", "Alias": "ci", "Startup Cost": 0.42, "Total Cost": 4.49, "Plan Rows": 6, "Plan Width": 8, "Recheck Cond": "(movie_id = mk.movie_id)", "Plans": [{"Node Type": "Bitmap Index Scan", "Parent Relationship": "Outer", "Index Name": "movie_id_cast_info", "Startup Cost": 0.0, "Total Cost": 0.42, "Plan Rows": 6, "Plan Width": 0, "Index Cond": "(movie_id = mk.movie_id)"}]}]}, {"Node Type": "Bitmap Heap Scan", "Parent Relationship": "Inner", "Relation Name": "name", "Alias": "n", "Startup Cost": 0.26, "Total Cost": 4.27, "Plan Rows": 1, "Plan Width": 19, "Recheck Cond": "(id = ci.person_id)", "Filter": "((name)::text ~~ '%Downey%Robert%'::text)", "Plans": [{"Node Type": "Bitmap Index Scan", "Parent Relationship": "Outer", "Index Name": "name_pkey", "Startup Cost": 0.0, "Total Cost": 0.26, "Plan Rows": 1, "Plan Width": 0, "Index Cond": "(id = ci.person_id)"}]}]}, {"Node Type": "Bitmap Heap Scan", "Parent Relationship": "Inner", "Relation Name": "title", "Alias": "t", "Startup Cost": 0.26, "Total Cost": 4.27, "Plan Rows": 1, "Plan Width": 21, "Recheck Cond": "(id = ci.movie_id)", "Filter": "(production_year > 2010)", "Plans": [{"Node Type": "Bitmap Index Scan", "Parent Relationship": "Outer", "Index Name": "title_pkey", "Startup Cost": 0.0, "Total Cost": 0.26, "Plan Rows": 1, "Plan Width": 0, "Index Cond": "(id = ci.movie_id)"}]}]}]}, "Unique SQL Id": 4208751436, "Planner Runtime": 6}, "explain_analyze_plan": {"Plan": {"Node Type": "Aggregate", "Strategy": "Plain", "Startup Cost": 3589.09, "Total Cost": 3589.1, "Plan Rows": 1, "Plan Width": 144, "Actual Startup Time": 56.399, "Actual Total Time": 56.4, "Actual Rows": 1, "Actual Loops": 1, "Plans": [{"Node Type": "Nested Loop", "Parent Relationship": "Outer", "Join Type": "Inner", "Startup Cost": 5.44, "Total Cost": 3589.09, "Plan Rows": 1, "Plan Width": 48, "Actual Startup Time": 3.751, "Actual Total Time": 56.357, "Actual Rows": 6, "Actual Loops": 1, "Inner Unique": true, "Join Filter": "(mk.movie_id = t.id)", "Rows Removed by Join Filter": 0, "Plans": [{"Node Type": "Nested Loop", "Parent Relationship": "Outer", "Join Type": "Inner", "Startup Cost": 5.19, "Total Cost": 3584.8, "Plan Rows": 1, "Plan Width": 39, "Actual Startup Time": 3.731, "Actual Total Time": 56.287, "Actual Rows": 6, "Actual Loops": 1, "Inner Unique": true, "Plans": [{"Node Type": "Nested Loop", "Parent Relationship": "Outer", "Join Type": "Inner", "Startup Cost": 4.93, "Total Cost": 2719.34, "Plan Rows": 202, "Plan Width": 28, "Actual Startup Time": 1.193, "Actual Total Time": 46.267, "Actual Rows": 1242, "Actual Loops": 1, "Inner Unique": false, "Plans": [{"Node Type": "Nested Loop", "Parent Relationship": "Outer", "Join Type": "Inner", "Startup Cost": 4.51, "Total Cost": 2569.02, "Plan Rows": 33, "Plan Width": 20, "Actual Startup Time": 1.162, "Actual Total Time": 42.805, "Actual Rows": 14, "Actual Loops": 1, "Inner Unique": false, "Plans": [{"Node Type": "Seq Scan", "Parent Relationship": "Outer", "Relation Name": "keyword", "Alias": "k", "Startup Cost": 0.0, "Total Cost": 2436.11, "Plan Rows": 1, "Plan Width": 20, "Actual Startup Time": 1.113, "Actual Total Time": 42.716, "Actual Rows": 1, "Actual Loops": 1, "Filter": "((keyword)::text = 'marvel-cinematic-universe'::text)", "Rows Removed by Filter": 134168}, {"Node Type": "Bitmap Heap Scan", "Parent Relationship": "Inner", "Relation Name": "movie_keyword", "Alias": "mk", "Startup Cost": 4.51, "Total Cost": 132.58, "Plan Rows": 33, "Plan Width": 8, "Actual Startup Time": 0.042, "Actual Total Time": 0.073, "Actual Rows": 14, "Actual Loops": 1, "Recheck Cond": "(keyword_id = k.id)", "Rows Removed by Index Recheck": 0, "Exact Heap Blocks": 13, "Lossy Heap Blocks": 13, "Plans": [{"Node Type": "Bitmap Index Scan", "Parent Relationship": "Outer", "Index Name": "keyword_id_movie_keyword", "Startup Cost": 0.0, "Total Cost": 4.5, "Plan Rows": 33, "Plan Width": 0, "Actual Startup Time": 0.025, "Actual Total Time": 0.025, "Actual Rows": 14, "Actual Loops": 1, "Index Cond": "(keyword_id = k.id)"}]}]}, {"Node Type": "Bitmap Heap Scan", "Parent Relationship": "Inner", "Relation Name": "cast_info", "Alias": "ci", "Startup Cost": 0.42, "Total Cost": 4.49, "Plan Rows": 6, "Plan Width": 8, "Actual Startup Time": 0.65, "Actual Total Time": 3.078, "Actual Rows": 1242, "Actual Loops": 14, "Recheck Cond": "(movie_id = mk.movie_id)", "Rows Removed by Index Recheck": 0, "Exact Heap Blocks": 1184, "Lossy Heap Blocks": 1184, "Plans": [{"Node Type": "Bitmap Index Scan", "Parent Relationship": "Outer", "Index Name": "movie_id_cast_info", "Startup Cost": 0.0, "Total Cost": 0.42, "Plan Rows": 6, "Plan Width": 0, "Actual Startup Time": 0.428, "Actual Total Time": 0.428, "Actual Rows": 1242, "Actual Loops": 14, "Index Cond": "(movie_id = mk.movie_id)"}]}]}, {"Node Type": "Bitmap Heap Scan", "Parent Relationship": "Inner", "Relation Name": "name", "Alias": "n", "Startup Cost": 0.26, "Total Cost": 4.27, "Plan Rows": 1, "Plan Width": 19, "Actual Startup Time": 8.61, "Actual Total Time": 8.61, "Actual Rows": 6, "Actual Loops": 1242, "Recheck Cond": "(id = ci.person_id)", "Rows Removed by Index Recheck": 0, "Filter": "((name)::text ~~ '%Downey%Robert%'::text)", "Rows Removed by Filter": 1236, "Exact Heap Blocks": 1242, "Lossy Heap Blocks": 1242, "Plans": [{"Node Type": "Bitmap Index Scan", "Parent Relationship": "Outer", "Index Name": "name_pkey", "Startup Cost": 0.0, "Total Cost": 0.26, "Plan Rows": 1, "Plan Width": 0, "Actual Startup Time": 5.106, "Actual Total Time": 5.106, "Actual Rows": 1242, "Actual Loops": 1242, "Index Cond": "(id = ci.person_id)"}]}]}, {"Node Type": "Bitmap Heap Scan", "Parent Relationship": "Inner", "Relation Name": "title", "Alias": "t", "Startup Cost": 0.26, "Total Cost": 4.27, "Plan Rows": 1, "Plan Width": 21, "Actual Startup Time": 0.052, "Actual Total Time": 0.052, "Actual Rows": 6, "Actual Loops": 6, "Recheck Cond": "(id = ci.movie_id)", "Rows Removed by Index Recheck": 0, "Filter": "(production_year > 2010)", "Rows Removed by Filter": 0, "Exact Heap Blocks": 6, "Lossy Heap Blocks": 6, "Plans": [{"Node Type": "Bitmap Index Scan", "Parent Relationship": "Outer", "Index Name": "title_pkey", "Startup Cost": 0.0, "Total Cost": 0.26, "Plan Rows": 1, "Plan Width": 0, "Actual Startup Time": 0.029, "Actual Total Time": 0.029, "Actual Rows": 6, "Actual Loops": 6, "Index Cond": "(id = ci.movie_id)"}]}]}]}, "Triggers": [], "Planner Runtime": 6.887, "Total Runtime": 56.702, "Unique SQL Id": 4208751436}}, "(64, '35')": {"explain_plan": {"Plan": {"Node Type": "Aggregate", "Strategy": "Plain", "Startup Cost": 4308.19, "Total Cost": 4308.2, "Plan Rows": 1, "Plan Width": 144, "Plans": [{"Node Type": "Nested Loop", "Parent Relationship": "Outer", "Join Type": "Inner", "Startup Cost": 724.54, "Total Cost": 4308.18, "Plan Rows": 1, "Plan Width": 48, "Inner Unique": true, "Join Filter": "(mk.movie_id = t.id)", "Plans": [{"Node Type": "Nested Loop", "Parent Relationship": "Outer", "Join Type": "Inner", "Startup Cost": 724.28, "Total Cost": 4303.89, "Plan Rows": 1, "Plan Width": 39, "Inner Unique": true, "Plans": [{"Node Type": "Nested Loop", "Parent Relationship": "Outer", "Join Type": "Inner", "Startup Cost": 724.02, "Total Cost": 3438.43, "Plan Rows": 202, "Plan Width": 28, "Inner Unique": false, "Plans": [{"Node Type": "Nested Loop", "Parent Relationship": "Outer", "Join Type": "Inner", "Startup Cost": 723.6, "Total Cost": 3288.12, "Plan Rows": 33, "Plan Width": 20, "Inner Unique": false, "Plans": [{"Node Type": "Bitmap Heap Scan", "Parent Relationship": "Outer", "Relation Name": "keyword", "Alias": "k", "Startup Cost": 719.1, "Total Cost": 3155.21, "Plan Rows": 1, "Plan Width": 20, "Filter": "((keyword)::text = 'marvel-cinematic-universe'::text)", "Plans": [{"Node Type": "Bitmap Index Scan", "Parent Relationship": "Outer", "Index Name": "keyword_pkey", "Startup Cost": 0.0, "Total Cost": 719.1, "Plan Rows": 134169, "Plan Width": 0}]}, {"Node Type": "Bitmap Heap Scan", "Parent Relationship": "Inner", "Relation Name": "movie_keyword", "Alias": "mk", "Startup Cost": 4.51, "Total Cost": 132.58, "Plan Rows": 33, "Plan Width": 8, "Recheck Cond": "(keyword_id = k.id)", "Plans": [{"Node Type": "Bitmap Index Scan", "Parent Relationship": "Outer", "Index Name": "keyword_id_movie_keyword", "Startup Cost": 0.0, "Total Cost": 4.5, "Plan Rows": 33, "Plan Width": 0, "Index Cond": "(keyword_id = k.id)"}]}]}, {"Node Type": "Bitmap Heap Scan", "Parent Relationship": "Inner", "Relation Name": "cast_info", "Alias": "ci", "Startup Cost": 0.42, "Total Cost": 4.49, "Plan Rows": 6, "Plan Width": 8, "Recheck Cond": "(movie_id = mk.movie_id)", "Plans": [{"Node Type": "Bitmap Index Scan", "Parent Relationship": "Outer", "Index Name": "movie_id_cast_info", "Startup Cost": 0.0, "Total Cost": 0.42, "Plan Rows": 6, "Plan Width": 0, "Index Cond": "(movie_id = mk.movie_id)"}]}]}, {"Node Type": "Bitmap Heap Scan", "Parent Relationship": "Inner", "Relation Name": "name", "Alias": "n", "Startup Cost": 0.26, "Total Cost": 4.27, "Plan Rows": 1, "Plan Width": 19, "Recheck Cond": "(id = ci.person_id)", "Filter": "((name)::text ~~ '%Downey%Robert%'::text)", "Plans": [{"Node Type": "Bitmap Index Scan", "Parent Relationship": "Outer", "Index Name": "name_pkey", "Startup Cost": 0.0, "Total Cost": 0.26, "Plan Rows": 1, "Plan Width": 0, "Index Cond": "(id = ci.person_id)"}]}]}, {"Node Type": "Bitmap Heap Scan", "Parent Relationship": "Inner", "Relation Name": "title", "Alias": "t", "Startup Cost": 0.26, "Total Cost": 4.27, "Plan Rows": 1, "Plan Width": 21, "Recheck Cond": "(id = ci.movie_id)", "Filter": "(production_year > 2010)", "Plans": [{"Node Type": "Bitmap Index Scan", "Parent Relationship": "Outer", "Index Name": "title_pkey", "Startup Cost": 0.0, "Total Cost": 0.26, "Plan Rows": 1, "Plan Width": 0, "Index Cond": "(id = ci.movie_id)"}]}]}]}, "Unique SQL Id": 4208751436, "Planner Runtime": 3}, "explain_analyze_plan": {"Plan": {"Node Type": "Aggregate", "Strategy": "Plain", "Startup Cost": 4308.19, "Total Cost": 4308.2, "Plan Rows": 1, "Plan Width": 144, "Actual Startup Time": 76.71, "Actual Total Time": 76.711, "Actual Rows": 1, "Actual Loops": 1, "Plans": [{"Node Type": "Nested Loop", "Parent Relationship": "Outer", "Join Type": "Inner", "Startup Cost": 724.54, "Total Cost": 4308.18, "Plan Rows": 1, "Plan Width": 48, "Actual Startup Time": 14.836, "Actual Total Time": 76.674, "Actual Rows": 6, "Actual Loops": 1, "Inner Unique": true, "Join Filter": "(mk.movie_id = t.id)", "Rows Removed by Join Filter": 0, "Plans": [{"Node Type": "Nested Loop", "Parent Relationship": "Outer", "Join Type": "Inner", "Startup Cost": 724.28, "Total Cost": 4303.89, "Plan Rows": 1, "Plan Width": 39, "Actual Startup Time": 14.813, "Actual Total Time": 76.604, "Actual Rows": 6, "Actual Loops": 1, "Inner Unique": true, "Plans": [{"Node Type": "Nested Loop", "Parent Relationship": "Outer", "Join Type": "Inner", "Startup Cost": 724.02, "Total Cost": 3438.43, "Plan Rows": 202, "Plan Width": 28, "Actual Startup Time": 12.392, "Actual Total Time": 66.845, "Actual Rows": 1242, "Actual Loops": 1, "Inner Unique": false, "Plans": [{"Node Type": "Nested Loop", "Parent Relationship": "Outer", "Join Type": "Inner", "Startup Cost": 723.6, "Total Cost": 3288.12, "Plan Rows": 33, "Plan Width": 20, "Actual Startup Time": 12.361, "Actual Total Time": 63.474, "Actual Rows": 14, "Actual Loops": 1, "Inner Unique": false, "Plans": [{"Node Type": "Bitmap Heap Scan", "Parent Relationship": "Outer", "Relation Name": "keyword", "Alias": "k", "Startup Cost": 719.1, "Total Cost": 3155.21, "Plan Rows": 1, "Plan Width": 20, "Actual Startup Time": 12.321, "Actual Total Time": 63.397, "Actual Rows": 1, "Actual Loops": 1, "Filter": "((keyword)::text = 'marvel-cinematic-universe'::text)", "Rows Removed by Filter": 134168, "Exact Heap Blocks": 759, "Lossy Heap Blocks": 759, "Plans": [{"Node Type": "Bitmap Index Scan", "Parent Relationship": "Outer", "Index Name": "keyword_pkey", "Startup Cost": 0.0, "Total Cost": 719.1, "Plan Rows": 134169, "Plan Width": 0, "Actual Startup Time": 10.793, "Actual Total Time": 10.793, "Actual Rows": 134169, "Actual Loops": 1}]}, {"Node Type": "Bitmap Heap Scan", "Parent Relationship": "Inner", "Relation Name": "movie_keyword", "Alias": "mk", "Startup Cost": 4.51, "Total Cost": 132.58, "Plan Rows": 33, "Plan Width": 8, "Actual Startup Time": 0.029, "Actual Total Time": 0.058, "Actual Rows": 14, "Actual Loops": 1, "Recheck Cond": "(keyword_id = k.id)", "Rows Removed by Index Recheck": 0, "Exact Heap Blocks": 13, "Lossy Heap Blocks": 13, "Plans": [{"Node Type": "Bitmap Index Scan", "Parent Relationship": "Outer", "Index Name": "keyword_id_movie_keyword", "Startup Cost": 0.0, "Total Cost": 4.5, "Plan Rows": 33, "Plan Width": 0, "Actual Startup Time": 0.02, "Actual Total Time": 0.02, "Actual Rows": 14, "Actual Loops": 1, "Index Cond": "(keyword_id = k.id)"}]}]}, {"Node Type": "Bitmap Heap Scan", "Parent Relationship": "Inner", "Relation Name": "cast_info", "Alias": "ci", "Startup Cost": 0.42, "Total Cost": 4.49, "Plan Rows": 6, "Plan Width": 8, "Actual Startup Time": 0.642, "Actual Total Time": 3.025, "Actual Rows": 1242, "Actual Loops": 14, "Recheck Cond": "(movie_id = mk.movie_id)", "Rows Removed by Index Recheck": 0, "Exact Heap Blocks": 1184, "Lossy Heap Blocks": 1184, "Plans": [{"Node Type": "Bitmap Index Scan", "Parent Relationship": "Outer", "Index Name": "movie_id_cast_info", "Startup Cost": 0.0, "Total Cost": 0.42, "Plan Rows": 6, "Plan Width": 0, "Actual Startup Time": 0.417, "Actual Total Time": 0.417, "Actual Rows": 1242, "Actual Loops": 14, "Index Cond": "(movie_id = mk.movie_id)"}]}]}, {"Node Type": "Bitmap Heap Scan", "Parent Relationship": "Inner", "Relation Name": "name", "Alias": "n", "Startup Cost": 0.26, "Total Cost": 4.27, "Plan Rows": 1, "Plan Width": 19, "Actual Startup Time": 8.355, "Actual Total Time": 8.355, "Actual Rows": 6, "Actual Loops": 1242, "Recheck Cond": "(id = ci.person_id)", "Rows Removed by Index Recheck": 0, "Filter": "((name)::text ~~ '%Downey%Robert%'::text)", "Rows Removed by Filter": 1236, "Exact Heap Blocks": 1242, "Lossy Heap Blocks": 1242, "Plans": [{"Node Type": "Bitmap Index Scan", "Parent Relationship": "Outer", "Index Name": "name_pkey", "Startup Cost": 0.0, "Total Cost": 0.26, "Plan Rows": 1, "Plan Width": 0, "Actual Startup Time": 4.979, "Actual Total Time": 4.979, "Actual Rows": 1242, "Actual Loops": 1242, "Index Cond": "(id = ci.person_id)"}]}]}, {"Node Type": "Bitmap Heap Scan", "Parent Relationship": "Inner", "Relation Name": "title", "Alias": "t", "Startup Cost": 0.26, "Total Cost": 4.27, "Plan Rows": 1, "Plan Width": 21, "Actual Startup Time": 0.051, "Actual Total Time": 0.051, "Actual Rows": 6, "Actual Loops": 6, "Recheck Cond": "(id = ci.movie_id)", "Rows Removed by Index Recheck": 0, "Filter": "(production_year > 2010)", "Rows Removed by Filter": 0, "Exact Heap Blocks": 6, "Lossy Heap Blocks": 6, "Plans": [{"Node Type": "Bitmap Index Scan", "Parent Relationship": "Outer", "Index Name": "title_pkey", "Startup Cost": 0.0, "Total Cost": 0.26, "Plan Rows": 1, "Plan Width": 0, "Actual Startup Time": 0.027, "Actual Total Time": 0.027, "Actual Rows": 6, "Actual Loops": 6, "Index Cond": "(id = ci.movie_id)"}]}]}]}, "Triggers": [], "Planner Runtime": 2.692, "Total Runtime": 77.002, "Unique SQL Id": 4208751436}}, "(64, '36')": {"explain_plan": {"Plan": {"Node Type": "Aggregate", "Strategy": "Plain", "Startup Cost": 2653.12, "Total Cost": 2653.13, "Plan Rows": 1, "Plan Width": 144, "Plans": [{"Node Type": "Nested Loop", "Parent Relationship": "Outer", "Join Type": "Inner", "Startup Cost": 4.51, "Total Cost": 2653.12, "Plan Rows": 1, "Plan Width": 48, "Inner Unique": true, "Join Filter": "(mk.movie_id = t.id)", "Plans": [{"Node Type": "Nested Loop", "Parent Relationship": "Outer", "Join Type": "Inner", "Startup Cost": 4.51, "Total Cost": 2652.83, "Plan Rows": 1, "Plan Width": 39, "Inner Unique": true, "Plans": [{"Node Type": "Nested Loop", "Parent Relationship": "Outer", "Join Type": "Inner", "Startup Cost": 4.51, "Total Cost": 2594.27, "Plan Rows": 202, "Plan Width": 28, "Inner Unique": false, "Plans": [{"Node Type": "Nested Loop", "Parent Relationship": "Outer", "Join Type": "Inner", "Startup Cost": 4.51, "Total Cost": 2569.02, "Plan Rows": 33, "Plan Width": 20, "Inner Unique": false, "Plans": [{"Node Type": "Seq Scan", "Parent Relationship": "Outer", "Relation Name": "keyword", "Alias": "k", "Startup Cost": 0.0, "Total Cost": 2436.11, "Plan Rows": 1, "Plan Width": 20, "Filter": "((keyword)::text = 'marvel-cinematic-universe'::text)"}, {"Node Type": "Bitmap Heap Scan", "Parent Relationship": "Inner", "Relation Name": "movie_keyword", "Alias": "mk", "Startup Cost": 4.51, "Total Cost": 132.58, "Plan Rows": 33, "Plan Width": 8, "Recheck Cond": "(keyword_id = k.id)", "Plans": [{"Node Type": "Bitmap Index Scan", "Parent Relationship": "Outer", "Index Name": "keyword_id_movie_keyword", "Startup Cost": 0.0, "Total Cost": 4.5, "Plan Rows": 33, "Plan Width": 0, "Index Cond": "(keyword_id = k.id)"}]}]}, {"Node Type": "Index Scan", "Parent Relationship": "Inner", "Scan Direction": "Forward", "Index Name": "movie_id_cast_info", "Relation Name": "cast_info", "Alias": "ci", "Startup Cost": 0.0, "Total Cost": 0.7, "Plan Rows": 6, "Plan Width": 8, "Index Cond": "(movie_id = mk.movie_id)"}]}, {"Node Type": "Index Scan", "Parent Relationship": "Inner", "Scan Direction": "Forward", "Index Name": "name_pkey", "Relation Name": "name", "Alias": "n", "Startup Cost": 0.0, "Total Cost": 0.28, "Plan Rows": 1, "Plan Width": 19, "Index Cond": "(id = ci.person_id)", "Filter": "((name)::text ~~ '%Downey%Robert%'::text)"}]}, {"Node Type": "Index Scan", "Parent Relationship": "Inner", "Scan Direction": "Forward", "Index Name": "title_pkey", "Relation Name": "title", "Alias": "t", "Startup Cost": 0.0, "Total Cost": 0.28, "Plan Rows": 1, "Plan Width": 21, "Index Cond": "(id = ci.movie_id)", "Filter": "(production_year > 2010)"}]}]}, "Unique SQL Id": 4208751436, "Planner Runtime": 6}, "explain_analyze_plan": {"Plan": {"Node Type": "Aggregate", "Strategy": "Plain", "Startup Cost": 2653.12, "Total Cost": 2653.13, "Plan Rows": 1, "Plan Width": 144, "Actual Startup Time": 53.108, "Actual Total Time": 53.108, "Actual Rows": 1, "Actual Loops": 1, "Plans": [{"Node Type": "Nested Loop", "Parent Relationship": "Outer", "Join Type": "Inner", "Startup Cost": 4.51, "Total Cost": 2653.12, "Plan Rows": 1, "Plan Width": 48, "Actual Startup Time": 3.077, "Actual Total Time": 53.078, "Actual Rows": 6, "Actual Loops": 1, "Inner Unique": true, "Join Filter": "(mk.movie_id = t.id)", "Rows Removed by Join Filter": 0, "Plans": [{"Node Type": "Nested Loop", "Parent Relationship": "Outer", "Join Type": "Inner", "Startup Cost": 4.51, "Total Cost": 2652.83, "Plan Rows": 1, "Plan Width": 39, "Actual Startup Time": 3.044, "Actual Total Time": 53.008, "Actual Rows": 6, "Actual Loops": 1, "Inner Unique": true, "Plans": [{"Node Type": "Nested Loop", "Parent Relationship": "Outer", "Join Type": "Inner", "Startup Cost": 4.51, "Total Cost": 2594.27, "Plan Rows": 202, "Plan Width": 28, "Actual Startup Time": 1.158, "Actual Total Time": 45.186, "Actual Rows": 1242, "Actual Loops": 1, "Inner Unique": false, "Plans": [{"Node Type": "Nested Loop", "Parent Relationship": "Outer", "Join Type": "Inner", "Startup Cost": 4.51, "Total Cost": 2569.02, "Plan Rows": 33, "Plan Width": 20, "Actual Startup Time": 1.138, "Actual Total Time": 42.528, "Actual Rows": 14, "Actual Loops": 1, "Inner Unique": false, "Plans": [{"Node Type": "Seq Scan", "Parent Relationship": "Outer", "Relation Name": "keyword", "Alias": "k", "Startup Cost": 0.0, "Total Cost": 2436.11, "Plan Rows": 1, "Plan Width": 20, "Actual Startup Time": 1.095, "Actual Total Time": 42.442, "Actual Rows": 1, "Actual Loops": 1, "Filter": "((keyword)::text = 'marvel-cinematic-universe'::text)", "Rows Removed by Filter": 134168}, {"Node Type": "Bitmap Heap Scan", "Parent Relationship": "Inner", "Relation Name": "movie_keyword", "Alias": "mk", "Startup Cost": 4.51, "Total Cost": 132.58, "Plan Rows": 33, "Plan Width": 8, "Actual Startup Time": 0.035, "Actual Total Time": 0.069, "Actual Rows": 14, "Actual Loops": 1, "Recheck Cond": "(keyword_id = k.id)", "Rows Removed by Index Recheck": 0, "Exact Heap Blocks": 13, "Lossy Heap Blocks": 13, "Plans": [{"Node Type": "Bitmap Index Scan", "Parent Relationship": "Outer", "Index Name": "keyword_id_movie_keyword", "Startup Cost": 0.0, "Total Cost": 4.5, "Plan Rows": 33, "Plan Width": 0, "Actual Startup Time": 0.021, "Actual Total Time": 0.021, "Actual Rows": 14, "Actual Loops": 1, "Index Cond": "(keyword_id = k.id)"}]}]}, {"Node Type": "Index Scan", "Parent Relationship": "Inner", "Scan Direction": "Forward", "Index Name": "movie_id_cast_info", "Relation Name": "cast_info", "Alias": "ci", "Startup Cost": 0.0, "Total Cost": 0.7, "Plan Rows": 6, "Plan Width": 8, "Actual Startup Time": 0.192, "Actual Total Time": 2.354, "Actual Rows": 1242, "Actual Loops": 14, "Index Cond": "(movie_id = mk.movie_id)", "Rows Removed by Index Recheck": 0}]}, {"Node Type": "Index Scan", "Parent Relationship": "Inner", "Scan Direction": "Forward", "Index Name": "name_pkey", "Relation Name": "name", "Alias": "n", "Startup Cost": 0.0, "Total Cost": 0.28, "Plan Rows": 1, "Plan Width": 19, "Actual Startup Time": 7.222, "Actual Total Time": 7.222, "Actual Rows": 6, "Actual Loops": 1242, "Index Cond": "(id = ci.person_id)", "Rows Removed by Index Recheck": 0, "Filter": "((name)::text ~~ '%Downey%Robert%'::text)", "Rows Removed by Filter": 1236}]}, {"Node Type": "Index Scan", "Parent Relationship": "Inner", "Scan Direction": "Forward", "Index Name": "title_pkey", "Relation Name": "title", "Alias": "t", "Startup Cost": 0.0, "Total Cost": 0.28, "Plan Rows": 1, "Plan Width": 21, "Actual Startup Time": 0.048, "Actual Total Time": 0.048, "Actual Rows": 6, "Actual Loops": 6, "Index Cond": "(id = ci.movie_id)", "Rows Removed by Index Recheck": 0, "Filter": "(production_year > 2010)", "Rows Removed by Filter": 0}]}]}, "Triggers": [], "Planner Runtime": 9.728, "Total Runtime": 53.358, "Unique SQL Id": 4208751436}}, "(64, '37')": {"explain_plan": {"Plan": {"Node Type": "Aggregate", "Strategy": "Plain", "Startup Cost": 3399.73, "Total Cost": 3399.74, "Plan Rows": 1, "Plan Width": 144, "Plans": [{"Node Type": "Nested Loop", "Parent Relationship": "Outer", "Join Type": "Inner", "Startup Cost": 4.51, "Total Cost": 3399.72, "Plan Rows": 1, "Plan Width": 48, "Inner Unique": true, "Join Filter": "(mk.movie_id = t.id)", "Plans": [{"Node Type": "Nested Loop", "Parent Relationship": "Outer", "Join Type": "Inner", "Startup Cost": 4.51, "Total Cost": 3399.43, "Plan Rows": 1, "Plan Width": 39, "Inner Unique": true, "Plans": [{"Node Type": "Nested Loop", "Parent Relationship": "Outer", "Join Type": "Inner", "Startup Cost": 4.51, "Total Cost": 3340.87, "Plan Rows": 202, "Plan Width": 28, "Inner Unique": false, "Plans": [{"Node Type": "Nested Loop", "Parent Relationship": "Outer", "Join Type": "Inner", "Startup Cost": 4.51, "Total Cost": 3315.63, "Plan Rows": 33, "Plan Width": 20, "Inner Unique": false, "Plans": [{"Node Type": "Index Scan", "Parent Relationship": "Outer", "Scan Direction": "Forward", "Index Name": "keyword_pkey", "Relation Name": "keyword", "Alias": "k", "Startup Cost": 0.0, "Total Cost": 3182.72, "Plan Rows": 1, "Plan Width": 20, "Filter": "((keyword)::text = 'marvel-cinematic-universe'::text)"}, {"Node Type": "Bitmap Heap Scan", "Parent Relationship": "Inner", "Relation Name": "movie_keyword", "Alias": "mk", "Startup Cost": 4.51, "Total Cost": 132.58, "Plan Rows": 33, "Plan Width": 8, "Recheck Cond": "(keyword_id = k.id)", "Plans": [{"Node Type": "Bitmap Index Scan", "Parent Relationship": "Outer", "Index Name": "keyword_id_movie_keyword", "Startup Cost": 0.0, "Total Cost": 4.5, "Plan Rows": 33, "Plan Width": 0, "Index Cond": "(keyword_id = k.id)"}]}]}, {"Node Type": "Index Scan", "Parent Relationship": "Inner", "Scan Direction": "Forward", "Index Name": "movie_id_cast_info", "Relation Name": "cast_info", "Alias": "ci", "Startup Cost": 0.0, "Total Cost": 0.7, "Plan Rows": 6, "Plan Width": 8, "Index Cond": "(movie_id = mk.movie_id)"}]}, {"Node Type": "Index Scan", "Parent Relationship": "Inner", "Scan Direction": "Forward", "Index Name": "name_pkey", "Relation Name": "name", "Alias": "n", "Startup Cost": 0.0, "Total Cost": 0.28, "Plan Rows": 1, "Plan Width": 19, "Index Cond": "(id = ci.person_id)", "Filter": "((name)::text ~~ '%Downey%Robert%'::text)"}]}, {"Node Type": "Index Scan", "Parent Relationship": "Inner", "Scan Direction": "Forward", "Index Name": "title_pkey", "Relation Name": "title", "Alias": "t", "Startup Cost": 0.0, "Total Cost": 0.28, "Plan Rows": 1, "Plan Width": 21, "Index Cond": "(id = ci.movie_id)", "Filter": "(production_year > 2010)"}]}]}, "Unique SQL Id": 4208751436, "Planner Runtime": 4}, "explain_analyze_plan": {"Plan": {"Node Type": "Aggregate", "Strategy": "Plain", "Startup Cost": 3399.73, "Total Cost": 3399.74, "Plan Rows": 1, "Plan Width": 144, "Actual Startup Time": 139.429, "Actual Total Time": 139.43, "Actual Rows": 1, "Actual Loops": 1, "Plans": [{"Node Type": "Nested Loop", "Parent Relationship": "Outer", "Join Type": "Inner", "Startup Cost": 4.51, "Total Cost": 3399.72, "Plan Rows": 1, "Plan Width": 48, "Actual Startup Time": 9.73, "Actual Total Time": 139.398, "Actual Rows": 6, "Actual Loops": 1, "Inner Unique": true, "Join Filter": "(mk.movie_id = t.id)", "Rows Removed by Join Filter": 0, "Plans": [{"Node Type": "Nested Loop", "Parent Relationship": "Outer", "Join Type": "Inner", "Startup Cost": 4.51, "Total Cost": 3399.43, "Plan Rows": 1, "Plan Width": 39, "Actual Startup Time": 9.698, "Actual Total Time": 139.332, "Actual Rows": 6, "Actual Loops": 1, "Inner Unique": true, "Plans": [{"Node Type": "Nested Loop", "Parent Relationship": "Outer", "Join Type": "Inner", "Startup Cost": 4.51, "Total Cost": 3340.87, "Plan Rows": 202, "Plan Width": 28, "Actual Startup Time": 8.151, "Actual Total Time": 132.477, "Actual Rows": 1242, "Actual Loops": 1, "Inner Unique": false, "Plans": [{"Node Type": "Nested Loop", "Parent Relationship": "Outer", "Join Type": "Inner", "Startup Cost": 4.51, "Total Cost": 3315.63, "Plan Rows": 33, "Plan Width": 20, "Actual Startup Time": 8.136, "Actual Total Time": 130.28, "Actual Rows": 14, "Actual Loops": 1, "Inner Unique": false, "Plans": [{"Node Type": "Index Scan", "Parent Relationship": "Outer", "Scan Direction": "Forward", "Index Name": "keyword_pkey", "Relation Name": "keyword", "Alias": "k", "Startup Cost": 0.0, "Total Cost": 3182.72, "Plan Rows": 1, "Plan Width": 20, "Actual Startup Time": 8.1, "Actual Total Time": 130.203, "Actual Rows": 1, "Actual Loops": 1, "Filter": "((keyword)::text = 'marvel-cinematic-universe'::text)", "Rows Removed by Filter": 134168}, {"Node Type": "Bitmap Heap Scan", "Parent Relationship": "Inner", "Relation Name": "movie_keyword", "Alias": "mk", "Startup Cost": 4.51, "Total Cost": 132.58, "Plan Rows": 33, "Plan Width": 8, "Actual Startup Time": 0.027, "Actual Total Time": 0.057, "Actual Rows": 14, "Actual Loops": 1, "Recheck Cond": "(keyword_id = k.id)", "Rows Removed by Index Recheck": 0, "Exact Heap Blocks": 13, "Lossy Heap Blocks": 13, "Plans": [{"Node Type": "Bitmap Index Scan", "Parent Relationship": "Outer", "Index Name": "keyword_id_movie_keyword", "Startup Cost": 0.0, "Total Cost": 4.5, "Plan Rows": 33, "Plan Width": 0, "Actual Startup Time": 0.016, "Actual Total Time": 0.016, "Actual Rows": 14, "Actual Loops": 1, "Index Cond": "(keyword_id = k.id)"}]}]}, {"Node Type": "Index Scan", "Parent Relationship": "Inner", "Scan Direction": "Forward", "Index Name": "movie_id_cast_info", "Relation Name": "cast_info", "Alias": "ci", "Startup Cost": 0.0, "Total Cost": 0.7, "Plan Rows": 6, "Plan Width": 8, "Actual Startup Time": 0.164, "Actual Total Time": 1.871, "Actual Rows": 1242, "Actual Loops": 14, "Index Cond": "(movie_id = mk.movie_id)", "Rows Removed by Index Recheck": 0}]}, {"Node Type": "Index Scan", "Parent Relationship": "Inner", "Scan Direction": "Forward", "Index Name": "name_pkey", "Relation Name": "name", "Alias": "n", "Startup Cost": 0.0, "Total Cost": 0.28, "Plan Rows": 1, "Plan Width": 19, "Actual Startup Time": 6.215, "Actual Total Time": 6.215, "Actual Rows": 6, "Actual Loops": 1242, "Index Cond": "(id = ci.person_id)", "Rows Removed by Index Recheck": 0, "Filter": "((name)::text ~~ '%Downey%Robert%'::text)", "Rows Removed by Filter": 1236}]}, {"Node Type": "Index Scan", "Parent Relationship": "Inner", "Scan Direction": "Forward", "Index Name": "title_pkey", "Relation Name": "title", "Alias": "t", "Startup Cost": 0.0, "Total Cost": 0.28, "Plan Rows": 1, "Plan Width": 21, "Actual Startup Time": 0.046, "Actual Total Time": 0.046, "Actual Rows": 6, "Actual Loops": 6, "Index Cond": "(id = ci.movie_id)", "Rows Removed by Index Recheck": 0, "Filter": "(production_year > 2010)", "Rows Removed by Filter": 0}]}]}, "Triggers": [], "Planner Runtime": 8.292, "Total Runtime": 139.725, "Unique SQL Id": 4208751436}}, "(64, '38')": {"explain_plan": {"Plan": {"Node Type": "Aggregate", "Strategy": "Plain", "Startup Cost": 3589.09, "Total Cost": 3589.1, "Plan Rows": 1, "Plan Width": 144, "Plans": [{"Node Type": "Nested Loop", "Parent Relationship": "Outer", "Join Type": "Inner", "Startup Cost": 5.44, "Total Cost": 3589.09, "Plan Rows": 1, "Plan Width": 48, "Inner Unique": true, "Join Filter": "(mk.movie_id = t.id)", "Plans": [{"Node Type": "Nested Loop", "Parent Relationship": "Outer", "Join Type": "Inner", "Startup Cost": 5.19, "Total Cost": 3584.8, "Plan Rows": 1, "Plan Width": 39, "Inner Unique": true, "Plans": [{"Node Type": "Nested Loop", "Parent Relationship": "Outer", "Join Type": "Inner", "Startup Cost": 4.93, "Total Cost": 2719.34, "Plan Rows": 202, "Plan Width": 28, "Inner Unique": false, "Plans": [{"Node Type": "Nested Loop", "Parent Relationship": "Outer", "Join Type": "Inner", "Startup Cost": 4.51, "Total Cost": 2569.02, "Plan Rows": 33, "Plan Width": 20, "Inner Unique": false, "Plans": [{"Node Type": "Seq Scan", "Parent Relationship": "Outer", "Relation Name": "keyword", "Alias": "k", "Startup Cost": 0.0, "Total Cost": 2436.11, "Plan Rows": 1, "Plan Width": 20, "Filter": "((keyword)::text = 'marvel-cinematic-universe'::text)"}, {"Node Type": "Bitmap Heap Scan", "Parent Relationship": "Inner", "Relation Name": "movie_keyword", "Alias": "mk", "Startup Cost": 4.51, "Total Cost": 132.58, "Plan Rows": 33, "Plan Width": 8, "Recheck Cond": "(keyword_id = k.id)", "Plans": [{"Node Type": "Bitmap Index Scan", "Parent Relationship": "Outer", "Index Name": "keyword_id_movie_keyword", "Startup Cost": 0.0, "Total Cost": 4.5, "Plan Rows": 33, "Plan Width": 0, "Index Cond": "(keyword_id = k.id)"}]}]}, {"Node Type": "Bitmap Heap Scan", "Parent Relationship": "Inner", "Relation Name": "cast_info", "Alias": "ci", "Startup Cost": 0.42, "Total Cost": 4.49, "Plan Rows": 6, "Plan Width": 8, "Recheck Cond": "(movie_id = mk.movie_id)", "Plans": [{"Node Type": "Bitmap Index Scan", "Parent Relationship": "Outer", "Index Name": "movie_id_cast_info", "Startup Cost": 0.0, "Total Cost": 0.42, "Plan Rows": 6, "Plan Width": 0, "Index Cond": "(movie_id = mk.movie_id)"}]}]}, {"Node Type": "Bitmap Heap Scan", "Parent Relationship": "Inner", "Relation Name": "name", "Alias": "n", "Startup Cost": 0.26, "Total Cost": 4.27, "Plan Rows": 1, "Plan Width": 19, "Recheck Cond": "(id = ci.person_id)", "Filter": "((name)::text ~~ '%Downey%Robert%'::text)", "Plans": [{"Node Type": "Bitmap Index Scan", "Parent Relationship": "Outer", "Index Name": "name_pkey", "Startup Cost": 0.0, "Total Cost": 0.26, "Plan Rows": 1, "Plan Width": 0, "Index Cond": "(id = ci.person_id)"}]}]}, {"Node Type": "Bitmap Heap Scan", "Parent Relationship": "Inner", "Relation Name": "title", "Alias": "t", "Startup Cost": 0.26, "Total Cost": 4.27, "Plan Rows": 1, "Plan Width": 21, "Recheck Cond": "(id = ci.movie_id)", "Filter": "(production_year > 2010)", "Plans": [{"Node Type": "Bitmap Index Scan", "Parent Relationship": "Outer", "Index Name": "title_pkey", "Startup Cost": 0.0, "Total Cost": 0.26, "Plan Rows": 1, "Plan Width": 0, "Index Cond": "(id = ci.movie_id)"}]}]}]}, "Unique SQL Id": 4208751436, "Planner Runtime": 6}, "explain_analyze_plan": {"Plan": {"Node Type": "Aggregate", "Strategy": "Plain", "Startup Cost": 3589.09, "Total Cost": 3589.1, "Plan Rows": 1, "Plan Width": 144, "Actual Startup Time": 56.399, "Actual Total Time": 56.4, "Actual Rows": 1, "Actual Loops": 1, "Plans": [{"Node Type": "Nested Loop", "Parent Relationship": "Outer", "Join Type": "Inner", "Startup Cost": 5.44, "Total Cost": 3589.09, "Plan Rows": 1, "Plan Width": 48, "Actual Startup Time": 3.751, "Actual Total Time": 56.357, "Actual Rows": 6, "Actual Loops": 1, "Inner Unique": true, "Join Filter": "(mk.movie_id = t.id)", "Rows Removed by Join Filter": 0, "Plans": [{"Node Type": "Nested Loop", "Parent Relationship": "Outer", "Join Type": "Inner", "Startup Cost": 5.19, "Total Cost": 3584.8, "Plan Rows": 1, "Plan Width": 39, "Actual Startup Time": 3.731, "Actual Total Time": 56.287, "Actual Rows": 6, "Actual Loops": 1, "Inner Unique": true, "Plans": [{"Node Type": "Nested Loop", "Parent Relationship": "Outer", "Join Type": "Inner", "Startup Cost": 4.93, "Total Cost": 2719.34, "Plan Rows": 202, "Plan Width": 28, "Actual Startup Time": 1.193, "Actual Total Time": 46.267, "Actual Rows": 1242, "Actual Loops": 1, "Inner Unique": false, "Plans": [{"Node Type": "Nested Loop", "Parent Relationship": "Outer", "Join Type": "Inner", "Startup Cost": 4.51, "Total Cost": 2569.02, "Plan Rows": 33, "Plan Width": 20, "Actual Startup Time": 1.162, "Actual Total Time": 42.805, "Actual Rows": 14, "Actual Loops": 1, "Inner Unique": false, "Plans": [{"Node Type": "Seq Scan", "Parent Relationship": "Outer", "Relation Name": "keyword", "Alias": "k", "Startup Cost": 0.0, "Total Cost": 2436.11, "Plan Rows": 1, "Plan Width": 20, "Actual Startup Time": 1.113, "Actual Total Time": 42.716, "Actual Rows": 1, "Actual Loops": 1, "Filter": "((keyword)::text = 'marvel-cinematic-universe'::text)", "Rows Removed by Filter": 134168}, {"Node Type": "Bitmap Heap Scan", "Parent Relationship": "Inner", "Relation Name": "movie_keyword", "Alias": "mk", "Startup Cost": 4.51, "Total Cost": 132.58, "Plan Rows": 33, "Plan Width": 8, "Actual Startup Time": 0.042, "Actual Total Time": 0.073, "Actual Rows": 14, "Actual Loops": 1, "Recheck Cond": "(keyword_id = k.id)", "Rows Removed by Index Recheck": 0, "Exact Heap Blocks": 13, "Lossy Heap Blocks": 13, "Plans": [{"Node Type": "Bitmap Index Scan", "Parent Relationship": "Outer", "Index Name": "keyword_id_movie_keyword", "Startup Cost": 0.0, "Total Cost": 4.5, "Plan Rows": 33, "Plan Width": 0, "Actual Startup Time": 0.025, "Actual Total Time": 0.025, "Actual Rows": 14, "Actual Loops": 1, "Index Cond": "(keyword_id = k.id)"}]}]}, {"Node Type": "Bitmap Heap Scan", "Parent Relationship": "Inner", "Relation Name": "cast_info", "Alias": "ci", "Startup Cost": 0.42, "Total Cost": 4.49, "Plan Rows": 6, "Plan Width": 8, "Actual Startup Time": 0.65, "Actual Total Time": 3.078, "Actual Rows": 1242, "Actual Loops": 14, "Recheck Cond": "(movie_id = mk.movie_id)", "Rows Removed by Index Recheck": 0, "Exact Heap Blocks": 1184, "Lossy Heap Blocks": 1184, "Plans": [{"Node Type": "Bitmap Index Scan", "Parent Relationship": "Outer", "Index Name": "movie_id_cast_info", "Startup Cost": 0.0, "Total Cost": 0.42, "Plan Rows": 6, "Plan Width": 0, "Actual Startup Time": 0.428, "Actual Total Time": 0.428, "Actual Rows": 1242, "Actual Loops": 14, "Index Cond": "(movie_id = mk.movie_id)"}]}]}, {"Node Type": "Bitmap Heap Scan", "Parent Relationship": "Inner", "Relation Name": "name", "Alias": "n", "Startup Cost": 0.26, "Total Cost": 4.27, "Plan Rows": 1, "Plan Width": 19, "Actual Startup Time": 8.61, "Actual Total Time": 8.61, "Actual Rows": 6, "Actual Loops": 1242, "Recheck Cond": "(id = ci.person_id)", "Rows Removed by Index Recheck": 0, "Filter": "((name)::text ~~ '%Downey%Robert%'::text)", "Rows Removed by Filter": 1236, "Exact Heap Blocks": 1242, "Lossy Heap Blocks": 1242, "Plans": [{"Node Type": "Bitmap Index Scan", "Parent Relationship": "Outer", "Index Name": "name_pkey", "Startup Cost": 0.0, "Total Cost": 0.26, "Plan Rows": 1, "Plan Width": 0, "Actual Startup Time": 5.106, "Actual Total Time": 5.106, "Actual Rows": 1242, "Actual Loops": 1242, "Index Cond": "(id = ci.person_id)"}]}]}, {"Node Type": "Bitmap Heap Scan", "Parent Relationship": "Inner", "Relation Name": "title", "Alias": "t", "Startup Cost": 0.26, "Total Cost": 4.27, "Plan Rows": 1, "Plan Width": 21, "Actual Startup Time": 0.052, "Actual Total Time": 0.052, "Actual Rows": 6, "Actual Loops": 6, "Recheck Cond": "(id = ci.movie_id)", "Rows Removed by Index Recheck": 0, "Filter": "(production_year > 2010)", "Rows Removed by Filter": 0, "Exact Heap Blocks": 6, "Lossy Heap Blocks": 6, "Plans": [{"Node Type": "Bitmap Index Scan", "Parent Relationship": "Outer", "Index Name": "title_pkey", "Startup Cost": 0.0, "Total Cost": 0.26, "Plan Rows": 1, "Plan Width": 0, "Actual Startup Time": 0.029, "Actual Total Time": 0.029, "Actual Rows": 6, "Actual Loops": 6, "Index Cond": "(id = ci.movie_id)"}]}]}]}, "Triggers": [], "Planner Runtime": 6.887, "Total Runtime": 56.702, "Unique SQL Id": 4208751436}}, "(64, '39')": {"explain_plan": {"Plan": {"Node Type": "Aggregate", "Strategy": "Plain", "Startup Cost": 4308.19, "Total Cost": 4308.2, "Plan Rows": 1, "Plan Width": 144, "Plans": [{"Node Type": "Nested Loop", "Parent Relationship": "Outer", "Join Type": "Inner", "Startup Cost": 724.54, "Total Cost": 4308.18, "Plan Rows": 1, "Plan Width": 48, "Inner Unique": true, "Join Filter": "(mk.movie_id = t.id)", "Plans": [{"Node Type": "Nested Loop", "Parent Relationship": "Outer", "Join Type": "Inner", "Startup Cost": 724.28, "Total Cost": 4303.89, "Plan Rows": 1, "Plan Width": 39, "Inner Unique": true, "Plans": [{"Node Type": "Nested Loop", "Parent Relationship": "Outer", "Join Type": "Inner", "Startup Cost": 724.02, "Total Cost": 3438.43, "Plan Rows": 202, "Plan Width": 28, "Inner Unique": false, "Plans": [{"Node Type": "Nested Loop", "Parent Relationship": "Outer", "Join Type": "Inner", "Startup Cost": 723.6, "Total Cost": 3288.12, "Plan Rows": 33, "Plan Width": 20, "Inner Unique": false, "Plans": [{"Node Type": "Bitmap Heap Scan", "Parent Relationship": "Outer", "Relation Name": "keyword", "Alias": "k", "Startup Cost": 719.1, "Total Cost": 3155.21, "Plan Rows": 1, "Plan Width": 20, "Filter": "((keyword)::text = 'marvel-cinematic-universe'::text)", "Plans": [{"Node Type": "Bitmap Index Scan", "Parent Relationship": "Outer", "Index Name": "keyword_pkey", "Startup Cost": 0.0, "Total Cost": 719.1, "Plan Rows": 134169, "Plan Width": 0}]}, {"Node Type": "Bitmap Heap Scan", "Parent Relationship": "Inner", "Relation Name": "movie_keyword", "Alias": "mk", "Startup Cost": 4.51, "Total Cost": 132.58, "Plan Rows": 33, "Plan Width": 8, "Recheck Cond": "(keyword_id = k.id)", "Plans": [{"Node Type": "Bitmap Index Scan", "Parent Relationship": "Outer", "Index Name": "keyword_id_movie_keyword", "Startup Cost": 0.0, "Total Cost": 4.5, "Plan Rows": 33, "Plan Width": 0, "Index Cond": "(keyword_id = k.id)"}]}]}, {"Node Type": "Bitmap Heap Scan", "Parent Relationship": "Inner", "Relation Name": "cast_info", "Alias": "ci", "Startup Cost": 0.42, "Total Cost": 4.49, "Plan Rows": 6, "Plan Width": 8, "Recheck Cond": "(movie_id = mk.movie_id)", "Plans": [{"Node Type": "Bitmap Index Scan", "Parent Relationship": "Outer", "Index Name": "movie_id_cast_info", "Startup Cost": 0.0, "Total Cost": 0.42, "Plan Rows": 6, "Plan Width": 0, "Index Cond": "(movie_id = mk.movie_id)"}]}]}, {"Node Type": "Bitmap Heap Scan", "Parent Relationship": "Inner", "Relation Name": "name", "Alias": "n", "Startup Cost": 0.26, "Total Cost": 4.27, "Plan Rows": 1, "Plan Width": 19, "Recheck Cond": "(id = ci.person_id)", "Filter": "((name)::text ~~ '%Downey%Robert%'::text)", "Plans": [{"Node Type": "Bitmap Index Scan", "Parent Relationship": "Outer", "Index Name": "name_pkey", "Startup Cost": 0.0, "Total Cost": 0.26, "Plan Rows": 1, "Plan Width": 0, "Index Cond": "(id = ci.person_id)"}]}]}, {"Node Type": "Bitmap Heap Scan", "Parent Relationship": "Inner", "Relation Name": "title", "Alias": "t", "Startup Cost": 0.26, "Total Cost": 4.27, "Plan Rows": 1, "Plan Width": 21, "Recheck Cond": "(id = ci.movie_id)", "Filter": "(production_year > 2010)", "Plans": [{"Node Type": "Bitmap Index Scan", "Parent Relationship": "Outer", "Index Name": "title_pkey", "Startup Cost": 0.0, "Total Cost": 0.26, "Plan Rows": 1, "Plan Width": 0, "Index Cond": "(id = ci.movie_id)"}]}]}]}, "Unique SQL Id": 4208751436, "Planner Runtime": 2}, "explain_analyze_plan": {"Plan": {"Node Type": "Aggregate", "Strategy": "Plain", "Startup Cost": 4308.19, "Total Cost": 4308.2, "Plan Rows": 1, "Plan Width": 144, "Actual Startup Time": 76.71, "Actual Total Time": 76.711, "Actual Rows": 1, "Actual Loops": 1, "Plans": [{"Node Type": "Nested Loop", "Parent Relationship": "Outer", "Join Type": "Inner", "Startup Cost": 724.54, "Total Cost": 4308.18, "Plan Rows": 1, "Plan Width": 48, "Actual Startup Time": 14.836, "Actual Total Time": 76.674, "Actual Rows": 6, "Actual Loops": 1, "Inner Unique": true, "Join Filter": "(mk.movie_id = t.id)", "Rows Removed by Join Filter": 0, "Plans": [{"Node Type": "Nested Loop", "Parent Relationship": "Outer", "Join Type": "Inner", "Startup Cost": 724.28, "Total Cost": 4303.89, "Plan Rows": 1, "Plan Width": 39, "Actual Startup Time": 14.813, "Actual Total Time": 76.604, "Actual Rows": 6, "Actual Loops": 1, "Inner Unique": true, "Plans": [{"Node Type": "Nested Loop", "Parent Relationship": "Outer", "Join Type": "Inner", "Startup Cost": 724.02, "Total Cost": 3438.43, "Plan Rows": 202, "Plan Width": 28, "Actual Startup Time": 12.392, "Actual Total Time": 66.845, "Actual Rows": 1242, "Actual Loops": 1, "Inner Unique": false, "Plans": [{"Node Type": "Nested Loop", "Parent Relationship": "Outer", "Join Type": "Inner", "Startup Cost": 723.6, "Total Cost": 3288.12, "Plan Rows": 33, "Plan Width": 20, "Actual Startup Time": 12.361, "Actual Total Time": 63.474, "Actual Rows": 14, "Actual Loops": 1, "Inner Unique": false, "Plans": [{"Node Type": "Bitmap Heap Scan", "Parent Relationship": "Outer", "Relation Name": "keyword", "Alias": "k", "Startup Cost": 719.1, "Total Cost": 3155.21, "Plan Rows": 1, "Plan Width": 20, "Actual Startup Time": 12.321, "Actual Total Time": 63.397, "Actual Rows": 1, "Actual Loops": 1, "Filter": "((keyword)::text = 'marvel-cinematic-universe'::text)", "Rows Removed by Filter": 134168, "Exact Heap Blocks": 759, "Lossy Heap Blocks": 759, "Plans": [{"Node Type": "Bitmap Index Scan", "Parent Relationship": "Outer", "Index Name": "keyword_pkey", "Startup Cost": 0.0, "Total Cost": 719.1, "Plan Rows": 134169, "Plan Width": 0, "Actual Startup Time": 10.793, "Actual Total Time": 10.793, "Actual Rows": 134169, "Actual Loops": 1}]}, {"Node Type": "Bitmap Heap Scan", "Parent Relationship": "Inner", "Relation Name": "movie_keyword", "Alias": "mk", "Startup Cost": 4.51, "Total Cost": 132.58, "Plan Rows": 33, "Plan Width": 8, "Actual Startup Time": 0.029, "Actual Total Time": 0.058, "Actual Rows": 14, "Actual Loops": 1, "Recheck Cond": "(keyword_id = k.id)", "Rows Removed by Index Recheck": 0, "Exact Heap Blocks": 13, "Lossy Heap Blocks": 13, "Plans": [{"Node Type": "Bitmap Index Scan", "Parent Relationship": "Outer", "Index Name": "keyword_id_movie_keyword", "Startup Cost": 0.0, "Total Cost": 4.5, "Plan Rows": 33, "Plan Width": 0, "Actual Startup Time": 0.02, "Actual Total Time": 0.02, "Actual Rows": 14, "Actual Loops": 1, "Index Cond": "(keyword_id = k.id)"}]}]}, {"Node Type": "Bitmap Heap Scan", "Parent Relationship": "Inner", "Relation Name": "cast_info", "Alias": "ci", "Startup Cost": 0.42, "Total Cost": 4.49, "Plan Rows": 6, "Plan Width": 8, "Actual Startup Time": 0.642, "Actual Total Time": 3.025, "Actual Rows": 1242, "Actual Loops": 14, "Recheck Cond": "(movie_id = mk.movie_id)", "Rows Removed by Index Recheck": 0, "Exact Heap Blocks": 1184, "Lossy Heap Blocks": 1184, "Plans": [{"Node Type": "Bitmap Index Scan", "Parent Relationship": "Outer", "Index Name": "movie_id_cast_info", "Startup Cost": 0.0, "Total Cost": 0.42, "Plan Rows": 6, "Plan Width": 0, "Actual Startup Time": 0.417, "Actual Total Time": 0.417, "Actual Rows": 1242, "Actual Loops": 14, "Index Cond": "(movie_id = mk.movie_id)"}]}]}, {"Node Type": "Bitmap Heap Scan", "Parent Relationship": "Inner", "Relation Name": "name", "Alias": "n", "Startup Cost": 0.26, "Total Cost": 4.27, "Plan Rows": 1, "Plan Width": 19, "Actual Startup Time": 8.355, "Actual Total Time": 8.355, "Actual Rows": 6, "Actual Loops": 1242, "Recheck Cond": "(id = ci.person_id)", "Rows Removed by Index Recheck": 0, "Filter": "((name)::text ~~ '%Downey%Robert%'::text)", "Rows Removed by Filter": 1236, "Exact Heap Blocks": 1242, "Lossy Heap Blocks": 1242, "Plans": [{"Node Type": "Bitmap Index Scan", "Parent Relationship": "Outer", "Index Name": "name_pkey", "Startup Cost": 0.0, "Total Cost": 0.26, "Plan Rows": 1, "Plan Width": 0, "Actual Startup Time": 4.979, "Actual Total Time": 4.979, "Actual Rows": 1242, "Actual Loops": 1242, "Index Cond": "(id = ci.person_id)"}]}]}, {"Node Type": "Bitmap Heap Scan", "Parent Relationship": "Inner", "Relation Name": "title", "Alias": "t", "Startup Cost": 0.26, "Total Cost": 4.27, "Plan Rows": 1, "Plan Width": 21, "Actual Startup Time": 0.051, "Actual Total Time": 0.051, "Actual Rows": 6, "Actual Loops": 6, "Recheck Cond": "(id = ci.movie_id)", "Rows Removed by Index Recheck": 0, "Filter": "(production_year > 2010)", "Rows Removed by Filter": 0, "Exact Heap Blocks": 6, "Lossy Heap Blocks": 6, "Plans": [{"Node Type": "Bitmap Index Scan", "Parent Relationship": "Outer", "Index Name": "title_pkey", "Startup Cost": 0.0, "Total Cost": 0.26, "Plan Rows": 1, "Plan Width": 0, "Actual Startup Time": 0.027, "Actual Total Time": 0.027, "Actual Rows": 6, "Actual Loops": 6, "Index Cond": "(id = ci.movie_id)"}]}]}]}, "Triggers": [], "Planner Runtime": 2.692, "Total Runtime": 77.002, "Unique SQL Id": 4208751436}}, "(64, '40')": {"explain_plan": {"Plan": {"Node Type": "Aggregate", "Strategy": "Plain", "Startup Cost": 2657.42, "Total Cost": 2657.43, "Plan Rows": 1, "Plan Width": 144, "Plans": [{"Node Type": "Nested Loop", "Parent Relationship": "Outer", "Join Type": "Inner", "Startup Cost": 0.0, "Total Cost": 2657.41, "Plan Rows": 1, "Plan Width": 48, "Inner Unique": true, "Join Filter": "(mk.movie_id = t.id)", "Plans": [{"Node Type": "Nested Loop", "Parent Relationship": "Outer", "Join Type": "Inner", "Startup Cost": 0.0, "Total Cost": 2657.12, "Plan Rows": 1, "Plan Width": 39, "Inner Unique": true, "Plans": [{"Node Type": "Nested Loop", "Parent Relationship": "Outer", "Join Type": "Inner", "Startup Cost": 0.0, "Total Cost": 2598.56, "Plan Rows": 202, "Plan Width": 28, "Inner Unique": false, "Plans": [{"Node Type": "Nested Loop", "Parent Relationship": "Outer", "Join Type": "Inner", "Startup Cost": 0.0, "Total Cost": 2573.32, "Plan Rows": 33, "Plan Width": 20, "Inner Unique": false, "Plans": [{"Node Type": "Seq Scan", "Parent Relationship": "Outer", "Relation Name": "keyword", "Alias": "k", "Startup Cost": 0.0, "Total Cost": 2436.11, "Plan Rows": 1, "Plan Width": 20, "Filter": "((keyword)::text = 'marvel-cinematic-universe'::text)"}, {"Node Type": "Index Scan", "Parent Relationship": "Inner", "Scan Direction": "Forward", "Index Name": "keyword_id_movie_keyword", "Relation Name": "movie_keyword", "Alias": "mk", "Startup Cost": 0.0, "Total Cost": 136.88, "Plan Rows": 33, "Plan Width": 8, "Index Cond": "(keyword_id = k.id)"}]}, {"Node Type": "Index Scan", "Parent Relationship": "Inner", "Scan Direction": "Forward", "Index Name": "movie_id_cast_info", "Relation Name": "cast_info", "Alias": "ci", "Startup Cost": 0.0, "Total Cost": 0.7, "Plan Rows": 6, "Plan Width": 8, "Index Cond": "(movie_id = mk.movie_id)"}]}, {"Node Type": "Index Scan", "Parent Relationship": "Inner", "Scan Direction": "Forward", "Index Name": "name_pkey", "Relation Name": "name", "Alias": "n", "Startup Cost": 0.0, "Total Cost": 0.28, "Plan Rows": 1, "Plan Width": 19, "Index Cond": "(id = ci.person_id)", "Filter": "((name)::text ~~ '%Downey%Robert%'::text)"}]}, {"Node Type": "Index Scan", "Parent Relationship": "Inner", "Scan Direction": "Forward", "Index Name": "title_pkey", "Relation Name": "title", "Alias": "t", "Startup Cost": 0.0, "Total Cost": 0.28, "Plan Rows": 1, "Plan Width": 21, "Index Cond": "(id = ci.movie_id)", "Filter": "(production_year > 2010)"}]}]}, "Unique SQL Id": 4208751436, "Planner Runtime": 5}, "explain_analyze_plan": {"Plan": {"Node Type": "Aggregate", "Strategy": "Plain", "Startup Cost": 2657.42, "Total Cost": 2657.43, "Plan Rows": 1, "Plan Width": 144, "Actual Startup Time": 53.179, "Actual Total Time": 53.179, "Actual Rows": 1, "Actual Loops": 1, "Plans": [{"Node Type": "Nested Loop", "Parent Relationship": "Outer", "Join Type": "Inner", "Startup Cost": 0.0, "Total Cost": 2657.41, "Plan Rows": 1, "Plan Width": 48, "Actual Startup Time": 3.067, "Actual Total Time": 53.134, "Actual Rows": 6, "Actual Loops": 1, "Inner Unique": true, "Join Filter": "(mk.movie_id = t.id)", "Rows Removed by Join Filter": 0, "Plans": [{"Node Type": "Nested Loop", "Parent Relationship": "Outer", "Join Type": "Inner", "Startup Cost": 0.0, "Total Cost": 2657.12, "Plan Rows": 1, "Plan Width": 39, "Actual Startup Time": 3.044, "Actual Total Time": 53.073, "Actual Rows": 6, "Actual Loops": 1, "Inner Unique": true, "Plans": [{"Node Type": "Nested Loop", "Parent Relationship": "Outer", "Join Type": "Inner", "Startup Cost": 0.0, "Total Cost": 2598.56, "Plan Rows": 202, "Plan Width": 28, "Actual Startup Time": 1.153, "Actual Total Time": 45.245, "Actual Rows": 1242, "Actual Loops": 1, "Inner Unique": false, "Plans": [{"Node Type": "Nested Loop", "Parent Relationship": "Outer", "Join Type": "Inner", "Startup Cost": 0.0, "Total Cost": 2573.32, "Plan Rows": 33, "Plan Width": 20, "Actual Startup Time": 1.139, "Actual Total Time": 42.599, "Actual Rows": 14, "Actual Loops": 1, "Inner Unique": false, "Plans": [{"Node Type": "Seq Scan", "Parent Relationship": "Outer", "Relation Name": "keyword", "Alias": "k", "Startup Cost": 0.0, "Total Cost": 2436.11, "Plan Rows": 1, "Plan Width": 20, "Actual Startup Time": 1.116, "Actual Total Time": 42.539, "Actual Rows": 1, "Actual Loops": 1, "Filter": "((keyword)::text = 'marvel-cinematic-universe'::text)", "Rows Removed by Filter": 134168}, {"Node Type": "Index Scan", "Parent Relationship": "Inner", "Scan Direction": "Forward", "Index Name": "keyword_id_movie_keyword", "Relation Name": "movie_keyword", "Alias": "mk", "Startup Cost": 0.0, "Total Cost": 136.88, "Plan Rows": 33, "Plan Width": 8, "Actual Startup Time": 0.018, "Actual Total Time": 0.043, "Actual Rows": 14, "Actual Loops": 1, "Index Cond": "(keyword_id = k.id)", "Rows Removed by Index Recheck": 0}]}, {"Node Type": "Index Scan", "Parent Relationship": "Inner", "Scan Direction": "Forward", "Index Name": "movie_id_cast_info", "Relation Name": "cast_info", "Alias": "ci", "Startup Cost": 0.0, "Total Cost": 0.7, "Plan Rows": 6, "Plan Width": 8, "Actual Startup Time": 0.179, "Actual Total Time": 2.353, "Actual Rows": 1242, "Actual Loops": 14, "Index Cond": "(movie_id = mk.movie_id)", "Rows Removed by Index Recheck": 0}]}, {"Node Type": "Index Scan", "Parent Relationship": "Inner", "Scan Direction": "Forward", "Index Name": "name_pkey", "Relation Name": "name", "Alias": "n", "Startup Cost": 0.0, "Total Cost": 0.28, "Plan Rows": 1, "Plan Width": 19, "Actual Startup Time": 7.21, "Actual Total Time": 7.21, "Actual Rows": 6, "Actual Loops": 1242, "Index Cond": "(id = ci.person_id)", "Rows Removed by Index Recheck": 0, "Filter": "((name)::text ~~ '%Downey%Robert%'::text)", "Rows Removed by Filter": 1236}]}, {"Node Type": "Index Scan", "Parent Relationship": "Inner", "Scan Direction": "Forward", "Index Name": "title_pkey", "Relation Name": "title", "Alias": "t", "Startup Cost": 0.0, "Total Cost": 0.28, "Plan Rows": 1, "Plan Width": 21, "Actual Startup Time": 0.042, "Actual Total Time": 0.042, "Actual Rows": 6, "Actual Loops": 6, "Index Cond": "(id = ci.movie_id)", "Rows Removed by Index Recheck": 0, "Filter": "(production_year > 2010)", "Rows Removed by Filter": 0}]}]}, "Triggers": [], "Planner Runtime": 9.561, "Total Runtime": 53.444, "Unique SQL Id": 4208751436}}, "(64, '41')": {"explain_plan": {"Plan": {"Node Type": "Aggregate", "Strategy": "Plain", "Startup Cost": 3404.02, "Total Cost": 3404.03, "Plan Rows": 1, "Plan Width": 144, "Plans": [{"Node Type": "Nested Loop", "Parent Relationship": "Outer", "Join Type": "Inner", "Startup Cost": 0.0, "Total Cost": 3404.01, "Plan Rows": 1, "Plan Width": 48, "Inner Unique": true, "Join Filter": "(mk.movie_id = t.id)", "Plans": [{"Node Type": "Nested Loop", "Parent Relationship": "Outer", "Join Type": "Inner", "Startup Cost": 0.0, "Total Cost": 3403.72, "Plan Rows": 1, "Plan Width": 39, "Inner Unique": true, "Plans": [{"Node Type": "Nested Loop", "Parent Relationship": "Outer", "Join Type": "Inner", "Startup Cost": 0.0, "Total Cost": 3345.17, "Plan Rows": 202, "Plan Width": 28, "Inner Unique": false, "Plans": [{"Node Type": "Nested Loop", "Parent Relationship": "Outer", "Join Type": "Inner", "Startup Cost": 0.0, "Total Cost": 3319.92, "Plan Rows": 33, "Plan Width": 20, "Inner Unique": false, "Plans": [{"Node Type": "Index Scan", "Parent Relationship": "Outer", "Scan Direction": "Forward", "Index Name": "keyword_pkey", "Relation Name": "keyword", "Alias": "k", "Startup Cost": 0.0, "Total Cost": 3182.72, "Plan Rows": 1, "Plan Width": 20, "Filter": "((keyword)::text = 'marvel-cinematic-universe'::text)"}, {"Node Type": "Index Scan", "Parent Relationship": "Inner", "Scan Direction": "Forward", "Index Name": "keyword_id_movie_keyword", "Relation Name": "movie_keyword", "Alias": "mk", "Startup Cost": 0.0, "Total Cost": 136.88, "Plan Rows": 33, "Plan Width": 8, "Index Cond": "(keyword_id = k.id)"}]}, {"Node Type": "Index Scan", "Parent Relationship": "Inner", "Scan Direction": "Forward", "Index Name": "movie_id_cast_info", "Relation Name": "cast_info", "Alias": "ci", "Startup Cost": 0.0, "Total Cost": 0.7, "Plan Rows": 6, "Plan Width": 8, "Index Cond": "(movie_id = mk.movie_id)"}]}, {"Node Type": "Index Scan", "Parent Relationship": "Inner", "Scan Direction": "Forward", "Index Name": "name_pkey", "Relation Name": "name", "Alias": "n", "Startup Cost": 0.0, "Total Cost": 0.28, "Plan Rows": 1, "Plan Width": 19, "Index Cond": "(id = ci.person_id)", "Filter": "((name)::text ~~ '%Downey%Robert%'::text)"}]}, {"Node Type": "Index Scan", "Parent Relationship": "Inner", "Scan Direction": "Forward", "Index Name": "title_pkey", "Relation Name": "title", "Alias": "t", "Startup Cost": 0.0, "Total Cost": 0.28, "Plan Rows": 1, "Plan Width": 21, "Index Cond": "(id = ci.movie_id)", "Filter": "(production_year > 2010)"}]}]}, "Unique SQL Id": 4208751436, "Planner Runtime": 4}, "explain_analyze_plan": {"Plan": {"Node Type": "Aggregate", "Strategy": "Plain", "Startup Cost": 3404.02, "Total Cost": 3404.03, "Plan Rows": 1, "Plan Width": 144, "Actual Startup Time": 123.981, "Actual Total Time": 123.983, "Actual Rows": 1, "Actual Loops": 1, "Plans": [{"Node Type": "Nested Loop", "Parent Relationship": "Outer", "Join Type": "Inner", "Startup Cost": 0.0, "Total Cost": 3404.01, "Plan Rows": 1, "Plan Width": 48, "Actual Startup Time": 8.671, "Actual Total Time": 123.935, "Actual Rows": 6, "Actual Loops": 1, "Inner Unique": true, "Join Filter": "(mk.movie_id = t.id)", "Rows Removed by Join Filter": 0, "Plans": [{"Node Type": "Nested Loop", "Parent Relationship": "Outer", "Join Type": "Inner", "Startup Cost": 0.0, "Total Cost": 3403.72, "Plan Rows": 1, "Plan Width": 39, "Actual Startup Time": 8.653, "Actual Total Time": 123.882, "Actual Rows": 6, "Actual Loops": 1, "Inner Unique": true, "Plans": [{"Node Type": "Nested Loop", "Parent Relationship": "Outer", "Join Type": "Inner", "Startup Cost": 0.0, "Total Cost": 3345.17, "Plan Rows": 202, "Plan Width": 28, "Actual Startup Time": 7.067, "Actual Total Time": 116.917, "Actual Rows": 1242, "Actual Loops": 1, "Inner Unique": false, "Plans": [{"Node Type": "Nested Loop", "Parent Relationship": "Outer", "Join Type": "Inner", "Startup Cost": 0.0, "Total Cost": 3319.92, "Plan Rows": 33, "Plan Width": 20, "Actual Startup Time": 7.054, "Actual Total Time": 114.743, "Actual Rows": 14, "Actual Loops": 1, "Inner Unique": false, "Plans": [{"Node Type": "Index Scan", "Parent Relationship": "Outer", "Scan Direction": "Forward", "Index Name": "keyword_pkey", "Relation Name": "keyword", "Alias": "k", "Startup Cost": 0.0, "Total Cost": 3182.72, "Plan Rows": 1, "Plan Width": 20, "Actual Startup Time": 7.038, "Actual Total Time": 114.697, "Actual Rows": 1, "Actual Loops": 1, "Filter": "((keyword)::text = 'marvel-cinematic-universe'::text)", "Rows Removed by Filter": 134168}, {"Node Type": "Index Scan", "Parent Relationship": "Inner", "Scan Direction": "Forward", "Index Name": "keyword_id_movie_keyword", "Relation Name": "movie_keyword", "Alias": "mk", "Startup Cost": 0.0, "Total Cost": 136.88, "Plan Rows": 33, "Plan Width": 8, "Actual Startup Time": 0.012, "Actual Total Time": 0.034, "Actual Rows": 14, "Actual Loops": 1, "Index Cond": "(keyword_id = k.id)", "Rows Removed by Index Recheck": 0}]}, {"Node Type": "Index Scan", "Parent Relationship": "Inner", "Scan Direction": "Forward", "Index Name": "movie_id_cast_info", "Relation Name": "cast_info", "Alias": "ci", "Startup Cost": 0.0, "Total Cost": 0.7, "Plan Rows": 6, "Plan Width": 8, "Actual Startup Time": 0.159, "Actual Total Time": 1.869, "Actual Rows": 1242, "Actual Loops": 14, "Index Cond": "(movie_id = mk.movie_id)", "Rows Removed by Index Recheck": 0}]}, {"Node Type": "Index Scan", "Parent Relationship": "Inner", "Scan Direction": "Forward", "Index Name": "name_pkey", "Relation Name": "name", "Alias": "n", "Startup Cost": 0.0, "Total Cost": 0.28, "Plan Rows": 1, "Plan Width": 19, "Actual Startup Time": 6.305, "Actual Total Time": 6.305, "Actual Rows": 6, "Actual Loops": 1242, "Index Cond": "(id = ci.person_id)", "Rows Removed by Index Recheck": 0, "Filter": "((name)::text ~~ '%Downey%Robert%'::text)", "Rows Removed by Filter": 1236}]}, {"Node Type": "Index Scan", "Parent Relationship": "Inner", "Scan Direction": "Forward", "Index Name": "title_pkey", "Relation Name": "title", "Alias": "t", "Startup Cost": 0.0, "Total Cost": 0.28, "Plan Rows": 1, "Plan Width": 21, "Actual Startup Time": 0.04, "Actual Total Time": 0.04, "Actual Rows": 6, "Actual Loops": 6, "Index Cond": "(id = ci.movie_id)", "Rows Removed by Index Recheck": 0, "Filter": "(production_year > 2010)", "Rows Removed by Filter": 0}]}]}, "Triggers": [], "Planner Runtime": 8.449, "Total Runtime": 124.25, "Unique SQL Id": 4208751436}}, "(64, '42')": {"explain_plan": {"Plan": {"Node Type": "Aggregate", "Strategy": "Plain", "Startup Cost": 301602.83, "Total Cost": 301602.84, "Plan Rows": 1, "Plan Width": 144, "Plans": [{"Node Type": "Hash Join", "Parent Relationship": "Outer", "Join Type": "Inner", "Startup Cost": 226776.71, "Total Cost": 301601.77, "Plan Rows": 141, "Plan Width": 48, "Inner Unique": false, "Hash Cond": "(t.id = mk.movie_id)", "Plans": [{"Node Type": "Hash Join", "Parent Relationship": "Outer", "Join Type": "Inner", "Startup Cost": 150560.46, "Total Cost": 225355.07, "Plan Rows": 8117, "Plan Width": 40, "Inner Unique": true, "Hash Cond": "(ci.movie_id = t.id)", "Plans": [{"Node Type": "Streaming(type: LOCAL GATHER dop: 1/64)", "Parent Relationship": "Outer", "Startup Cost": 127639.09, "Total Cost": 202324.33, "Plan Rows": 7520, "Plan Width": 19, "Plans": [{"Node Type": "Hash Join", "Parent Relationship": "Outer", "Join Type": "Inner", "Startup Cost": 127639.09, "Total Cost": 202169.19, "Plan Rows": 7520, "Plan Width": 19, "Inner Unique": true, "Hash Cond": "(ci.person_id = n.id)", "Plans": [{"Node Type": "Seq Scan", "Parent Relationship": "Outer", "Relation Name": "cast_info", "Alias": "ci", "Startup Cost": 0.0, "Total Cost": 72404.34, "Plan Rows": 36259494, "Plan Width": 8}, {"Node Type": "Hash", "Parent Relationship": "Inner", "Startup Cost": 127633.9, "Total Cost": 127633.9, "Plan Rows": 26560, "Plan Width": 19, "Plans": [{"Node Type": "Streaming(type: BROADCAST dop: 64/64)", "Parent Relationship": "Outer", "Startup Cost": 0.0, "Total Cost": 127633.9, "Plan Rows": 26560, "Plan Width": 19, "Plans": [{"Node Type": "Seq Scan", "Parent Relationship": "Outer", "Relation Name": "name", "Alias": "n", "Startup Cost": 0.0, "Total Cost": 64617.04, "Plan Rows": 415, "Plan Width": 19, "Filter": "((name)::text ~~ '%Downey%Robert%'::text)"}]}]}]}]}, {"Node Type": "Hash", "Parent Relationship": "Inner", "Startup Cost": 72112.93, "Total Cost": 72112.93, "Plan Rows": 391451, "Plan Width": 21, "Plans": [{"Node Type": "Streaming(type: LOCAL GATHER dop: 1/64)", "Parent Relationship": "Outer", "Startup Cost": 0.0, "Total Cost": 72112.93, "Plan Rows": 391451, "Plan Width": 21, "Plans": [{"Node Type": "Seq Scan", "Parent Relationship": "Outer", "Relation Name": "title", "Alias": "t", "Startup Cost": 0.0, "Total Cost": 64037.34, "Plan Rows": 391451, "Plan Width": 21, "Filter": "(production_year > 2010), (LLVM Optimized)"}]}]}]}, {"Node Type": "Hash", "Parent Relationship": "Inner", "Startup Cost": 76215.84, "Total Cost": 76215.84, "Plan Rows": 33, "Plan Width": 20, "Plans": [{"Node Type": "Hash Join", "Parent Relationship": "Outer", "Join Type": "Inner", "Startup Cost": 2436.12, "Total Cost": 76215.84, "Plan Rows": 33, "Plan Width": 20, "Inner Unique": true, "Hash Cond": "(mk.keyword_id = k.id)", "Plans": [{"Node Type": "Seq Scan", "Parent Relationship": "Outer", "Relation Name": "movie_keyword", "Alias": "mk", "Startup Cost": 0.0, "Total Cost": 62441.29, "Plan Rows": 4523929, "Plan Width": 8}, {"Node Type": "Hash", "Parent Relationship": "Inner", "Startup Cost": 2436.11, "Total Cost": 2436.11, "Plan Rows": 1, "Plan Width": 20, "Plans": [{"Node Type": "Seq Scan", "Parent Relationship": "Outer", "Relation Name": "keyword", "Alias": "k", "Startup Cost": 0.0, "Total Cost": 2436.11, "Plan Rows": 1, "Plan Width": 20, "Filter": "((keyword)::text = 'marvel-cinematic-universe'::text)"}]}]}]}]}]}, "Unique SQL Id": 4208751436, "Planner Runtime": 15}, "explain_analyze_plan": null}, "(64, '43')": {"explain_plan": {"Plan": {"Node Type": "Aggregate", "Strategy": "Plain", "Startup Cost": 5000235781756.36, "Total Cost": 5000235781756.37, "Plan Rows": 1, "Plan Width": 144, "Plans": [{"Node Type": "Nested Loop", "Parent Relationship": "Outer", "Join Type": "Inner", "Startup Cost": 50000000000.0, "Total Cost": 5000235781754.72, "Plan Rows": 218, "Plan Width": 48, "Inner Unique": true, "Join Filter": "(ci.person_id = n.id)", "Plans": [{"Node Type": "Nested Loop", "Parent Relationship": "Outer", "Join Type": "Inner", "Startup Cost": 40000000000.0, "Total Cost": 4000217115249.43, "Plan Rows": 218, "Plan Width": 37, "Inner Unique": true, "Join Filter": "(mk.movie_id = t.id)", "Plans": [{"Node Type": "Nested Loop", "Parent Relationship": "Outer", "Join Type": "Inner", "Startup Cost": 30000000000.0, "Total Cost": 3000204284047.61, "Plan Rows": 202, "Plan Width": 28, "Inner Unique": false, "Join Filter": "(mk.movie_id = ci.movie_id)", "Plans": [{"Node Type": "Index Scan", "Parent Relationship": "Outer", "Scan Direction": "Forward", "Index Name": "person_id_cast_info", "Relation Name": "cast_info", "Alias": "ci", "Startup Cost": 10000000000.0, "Total Cost": 1000170648833.21, "Plan Rows": 36259494, "Plan Width": 8}, {"Node Type": "Materialize", "Parent Relationship": "Inner", "Startup Cost": 20000000000.0, "Total Cost": 2000015686764.96, "Plan Rows": 33, "Plan Width": 20, "Plans": [{"Node Type": "Nested Loop", "Parent Relationship": "Outer", "Join Type": "Inner", "Startup Cost": 20000000000.0, "Total Cost": 2000015686764.79, "Plan Rows": 33, "Plan Width": 20, "Inner Unique": true, "Join Filter": "(k.id = mk.keyword_id)", "Plans": [{"Node Type": "Index Scan", "Parent Relationship": "Outer", "Scan Direction": "Forward", "Index Name": "movie_id_movie_keyword", "Relation Name": "movie_keyword", "Alias": "mk", "Startup Cost": 10000000000.0, "Total Cost": 1000015300634.17, "Plan Rows": 4523929, "Plan Width": 8}, {"Node Type": "Materialize", "Parent Relationship": "Inner", "Startup Cost": 10000000000.0, "Total Cost": 1000000318271.69, "Plan Rows": 1, "Plan Width": 20, "Plans": [{"Node Type": "Index Scan", "Parent Relationship": "Outer", "Scan Direction": "Forward", "Index Name": "keyword_pkey", "Relation Name": "keyword", "Alias": "k", "Startup Cost": 10000000000.0, "Total Cost": 1000000318271.68, "Plan Rows": 1, "Plan Width": 20, "Filter": "((keyword)::text = 'marvel-cinematic-universe'::text)"}]}]}]}]}, {"Node Type": "Materialize", "Parent Relationship": "Inner", "Startup Cost": 10000000000.0, "Total Cost": 1000011646083.92, "Plan Rows": 391451, "Plan Width": 21, "Plans": [{"Node Type": "Index Scan", "Parent Relationship": "Outer", "Scan Direction": "Forward", "Index Name": "title_pkey", "Relation Name": "title", "Alias": "t", "Startup Cost": 10000000000.0, "Total Cost": 1000011644126.66, "Plan Rows": 391451, "Plan Width": 21, "Filter": "(production_year > 2010), (LLVM Optimized)"}]}]}, {"Node Type": "Materialize", "Parent Relationship": "Inner", "Startup Cost": 10000000000.0, "Total Cost": 1000018665149.28, "Plan Rows": 415, "Plan Width": 19, "Plans": [{"Node Type": "Index Scan", "Parent Relationship": "Outer", "Scan Direction": "Forward", "Index Name": "name_pkey", "Relation Name": "name", "Alias": "n", "Startup Cost": 10000000000.0, "Total Cost": 1000018665147.2, "Plan Rows": 415, "Plan Width": 19, "Filter": "((name)::text ~~ '%Downey%Robert%'::text)"}]}]}]}, "Unique SQL Id": 4208751436, "Planner Runtime": 5}, "explain_analyze_plan": null}, "(64, '44')": {"explain_plan": {"Plan": {"Node Type": "Aggregate", "Strategy": "Plain", "Startup Cost": 2657.42, "Total Cost": 2657.43, "Plan Rows": 1, "Plan Width": 144, "Plans": [{"Node Type": "Nested Loop", "Parent Relationship": "Outer", "Join Type": "Inner", "Startup Cost": 0.0, "Total Cost": 2657.41, "Plan Rows": 1, "Plan Width": 48, "Inner Unique": true, "Join Filter": "(mk.movie_id = t.id)", "Plans": [{"Node Type": "Nested Loop", "Parent Relationship": "Outer", "Join Type": "Inner", "Startup Cost": 0.0, "Total Cost": 2657.12, "Plan Rows": 1, "Plan Width": 39, "Inner Unique": true, "Plans": [{"Node Type": "Nested Loop", "Parent Relationship": "Outer", "Join Type": "Inner", "Startup Cost": 0.0, "Total Cost": 2598.56, "Plan Rows": 202, "Plan Width": 28, "Inner Unique": false, "Plans": [{"Node Type": "Nested Loop", "Parent Relationship": "Outer", "Join Type": "Inner", "Startup Cost": 0.0, "Total Cost": 2573.32, "Plan Rows": 33, "Plan Width": 20, "Inner Unique": false, "Plans": [{"Node Type": "Seq Scan", "Parent Relationship": "Outer", "Relation Name": "keyword", "Alias": "k", "Startup Cost": 0.0, "Total Cost": 2436.11, "Plan Rows": 1, "Plan Width": 20, "Filter": "((keyword)::text = 'marvel-cinematic-universe'::text)"}, {"Node Type": "Index Scan", "Parent Relationship": "Inner", "Scan Direction": "Forward", "Index Name": "keyword_id_movie_keyword", "Relation Name": "movie_keyword", "Alias": "mk", "Startup Cost": 0.0, "Total Cost": 136.88, "Plan Rows": 33, "Plan Width": 8, "Index Cond": "(keyword_id = k.id)"}]}, {"Node Type": "Index Scan", "Parent Relationship": "Inner", "Scan Direction": "Forward", "Index Name": "movie_id_cast_info", "Relation Name": "cast_info", "Alias": "ci", "Startup Cost": 0.0, "Total Cost": 0.7, "Plan Rows": 6, "Plan Width": 8, "Index Cond": "(movie_id = mk.movie_id)"}]}, {"Node Type": "Index Scan", "Parent Relationship": "Inner", "Scan Direction": "Forward", "Index Name": "name_pkey", "Relation Name": "name", "Alias": "n", "Startup Cost": 0.0, "Total Cost": 0.28, "Plan Rows": 1, "Plan Width": 19, "Index Cond": "(id = ci.person_id)", "Filter": "((name)::text ~~ '%Downey%Robert%'::text)"}]}, {"Node Type": "Index Scan", "Parent Relationship": "Inner", "Scan Direction": "Forward", "Index Name": "title_pkey", "Relation Name": "title", "Alias": "t", "Startup Cost": 0.0, "Total Cost": 0.28, "Plan Rows": 1, "Plan Width": 21, "Index Cond": "(id = ci.movie_id)", "Filter": "(production_year > 2010)"}]}]}, "Unique SQL Id": 4208751436, "Planner Runtime": 6}, "explain_analyze_plan": {"Plan": {"Node Type": "Aggregate", "Strategy": "Plain", "Startup Cost": 2657.42, "Total Cost": 2657.43, "Plan Rows": 1, "Plan Width": 144, "Actual Startup Time": 53.179, "Actual Total Time": 53.179, "Actual Rows": 1, "Actual Loops": 1, "Plans": [{"Node Type": "Nested Loop", "Parent Relationship": "Outer", "Join Type": "Inner", "Startup Cost": 0.0, "Total Cost": 2657.41, "Plan Rows": 1, "Plan Width": 48, "Actual Startup Time": 3.067, "Actual Total Time": 53.134, "Actual Rows": 6, "Actual Loops": 1, "Inner Unique": true, "Join Filter": "(mk.movie_id = t.id)", "Rows Removed by Join Filter": 0, "Plans": [{"Node Type": "Nested Loop", "Parent Relationship": "Outer", "Join Type": "Inner", "Startup Cost": 0.0, "Total Cost": 2657.12, "Plan Rows": 1, "Plan Width": 39, "Actual Startup Time": 3.044, "Actual Total Time": 53.073, "Actual Rows": 6, "Actual Loops": 1, "Inner Unique": true, "Plans": [{"Node Type": "Nested Loop", "Parent Relationship": "Outer", "Join Type": "Inner", "Startup Cost": 0.0, "Total Cost": 2598.56, "Plan Rows": 202, "Plan Width": 28, "Actual Startup Time": 1.153, "Actual Total Time": 45.245, "Actual Rows": 1242, "Actual Loops": 1, "Inner Unique": false, "Plans": [{"Node Type": "Nested Loop", "Parent Relationship": "Outer", "Join Type": "Inner", "Startup Cost": 0.0, "Total Cost": 2573.32, "Plan Rows": 33, "Plan Width": 20, "Actual Startup Time": 1.139, "Actual Total Time": 42.599, "Actual Rows": 14, "Actual Loops": 1, "Inner Unique": false, "Plans": [{"Node Type": "Seq Scan", "Parent Relationship": "Outer", "Relation Name": "keyword", "Alias": "k", "Startup Cost": 0.0, "Total Cost": 2436.11, "Plan Rows": 1, "Plan Width": 20, "Actual Startup Time": 1.116, "Actual Total Time": 42.539, "Actual Rows": 1, "Actual Loops": 1, "Filter": "((keyword)::text = 'marvel-cinematic-universe'::text)", "Rows Removed by Filter": 134168}, {"Node Type": "Index Scan", "Parent Relationship": "Inner", "Scan Direction": "Forward", "Index Name": "keyword_id_movie_keyword", "Relation Name": "movie_keyword", "Alias": "mk", "Startup Cost": 0.0, "Total Cost": 136.88, "Plan Rows": 33, "Plan Width": 8, "Actual Startup Time": 0.018, "Actual Total Time": 0.043, "Actual Rows": 14, "Actual Loops": 1, "Index Cond": "(keyword_id = k.id)", "Rows Removed by Index Recheck": 0}]}, {"Node Type": "Index Scan", "Parent Relationship": "Inner", "Scan Direction": "Forward", "Index Name": "movie_id_cast_info", "Relation Name": "cast_info", "Alias": "ci", "Startup Cost": 0.0, "Total Cost": 0.7, "Plan Rows": 6, "Plan Width": 8, "Actual Startup Time": 0.179, "Actual Total Time": 2.353, "Actual Rows": 1242, "Actual Loops": 14, "Index Cond": "(movie_id = mk.movie_id)", "Rows Removed by Index Recheck": 0}]}, {"Node Type": "Index Scan", "Parent Relationship": "Inner", "Scan Direction": "Forward", "Index Name": "name_pkey", "Relation Name": "name", "Alias": "n", "Startup Cost": 0.0, "Total Cost": 0.28, "Plan Rows": 1, "Plan Width": 19, "Actual Startup Time": 7.21, "Actual Total Time": 7.21, "Actual Rows": 6, "Actual Loops": 1242, "Index Cond": "(id = ci.person_id)", "Rows Removed by Index Recheck": 0, "Filter": "((name)::text ~~ '%Downey%Robert%'::text)", "Rows Removed by Filter": 1236}]}, {"Node Type": "Index Scan", "Parent Relationship": "Inner", "Scan Direction": "Forward", "Index Name": "title_pkey", "Relation Name": "title", "Alias": "t", "Startup Cost": 0.0, "Total Cost": 0.28, "Plan Rows": 1, "Plan Width": 21, "Actual Startup Time": 0.042, "Actual Total Time": 0.042, "Actual Rows": 6, "Actual Loops": 6, "Index Cond": "(id = ci.movie_id)", "Rows Removed by Index Recheck": 0, "Filter": "(production_year > 2010)", "Rows Removed by Filter": 0}]}]}, "Triggers": [], "Planner Runtime": 9.561, "Total Runtime": 53.444, "Unique SQL Id": 4208751436}}, "(64, '45')": {"explain_plan": {"Plan": {"Node Type": "Aggregate", "Strategy": "Plain", "Startup Cost": 3404.02, "Total Cost": 3404.03, "Plan Rows": 1, "Plan Width": 144, "Plans": [{"Node Type": "Nested Loop", "Parent Relationship": "Outer", "Join Type": "Inner", "Startup Cost": 0.0, "Total Cost": 3404.01, "Plan Rows": 1, "Plan Width": 48, "Inner Unique": true, "Join Filter": "(mk.movie_id = t.id)", "Plans": [{"Node Type": "Nested Loop", "Parent Relationship": "Outer", "Join Type": "Inner", "Startup Cost": 0.0, "Total Cost": 3403.72, "Plan Rows": 1, "Plan Width": 39, "Inner Unique": true, "Plans": [{"Node Type": "Nested Loop", "Parent Relationship": "Outer", "Join Type": "Inner", "Startup Cost": 0.0, "Total Cost": 3345.17, "Plan Rows": 202, "Plan Width": 28, "Inner Unique": false, "Plans": [{"Node Type": "Nested Loop", "Parent Relationship": "Outer", "Join Type": "Inner", "Startup Cost": 0.0, "Total Cost": 3319.92, "Plan Rows": 33, "Plan Width": 20, "Inner Unique": false, "Plans": [{"Node Type": "Index Scan", "Parent Relationship": "Outer", "Scan Direction": "Forward", "Index Name": "keyword_pkey", "Relation Name": "keyword", "Alias": "k", "Startup Cost": 0.0, "Total Cost": 3182.72, "Plan Rows": 1, "Plan Width": 20, "Filter": "((keyword)::text = 'marvel-cinematic-universe'::text)"}, {"Node Type": "Index Scan", "Parent Relationship": "Inner", "Scan Direction": "Forward", "Index Name": "keyword_id_movie_keyword", "Relation Name": "movie_keyword", "Alias": "mk", "Startup Cost": 0.0, "Total Cost": 136.88, "Plan Rows": 33, "Plan Width": 8, "Index Cond": "(keyword_id = k.id)"}]}, {"Node Type": "Index Scan", "Parent Relationship": "Inner", "Scan Direction": "Forward", "Index Name": "movie_id_cast_info", "Relation Name": "cast_info", "Alias": "ci", "Startup Cost": 0.0, "Total Cost": 0.7, "Plan Rows": 6, "Plan Width": 8, "Index Cond": "(movie_id = mk.movie_id)"}]}, {"Node Type": "Index Scan", "Parent Relationship": "Inner", "Scan Direction": "Forward", "Index Name": "name_pkey", "Relation Name": "name", "Alias": "n", "Startup Cost": 0.0, "Total Cost": 0.28, "Plan Rows": 1, "Plan Width": 19, "Index Cond": "(id = ci.person_id)", "Filter": "((name)::text ~~ '%Downey%Robert%'::text)"}]}, {"Node Type": "Index Scan", "Parent Relationship": "Inner", "Scan Direction": "Forward", "Index Name": "title_pkey", "Relation Name": "title", "Alias": "t", "Startup Cost": 0.0, "Total Cost": 0.28, "Plan Rows": 1, "Plan Width": 21, "Index Cond": "(id = ci.movie_id)", "Filter": "(production_year > 2010)"}]}]}, "Unique SQL Id": 4208751436, "Planner Runtime": 4}, "explain_analyze_plan": {"Plan": {"Node Type": "Aggregate", "Strategy": "Plain", "Startup Cost": 3404.02, "Total Cost": 3404.03, "Plan Rows": 1, "Plan Width": 144, "Actual Startup Time": 123.981, "Actual Total Time": 123.983, "Actual Rows": 1, "Actual Loops": 1, "Plans": [{"Node Type": "Nested Loop", "Parent Relationship": "Outer", "Join Type": "Inner", "Startup Cost": 0.0, "Total Cost": 3404.01, "Plan Rows": 1, "Plan Width": 48, "Actual Startup Time": 8.671, "Actual Total Time": 123.935, "Actual Rows": 6, "Actual Loops": 1, "Inner Unique": true, "Join Filter": "(mk.movie_id = t.id)", "Rows Removed by Join Filter": 0, "Plans": [{"Node Type": "Nested Loop", "Parent Relationship": "Outer", "Join Type": "Inner", "Startup Cost": 0.0, "Total Cost": 3403.72, "Plan Rows": 1, "Plan Width": 39, "Actual Startup Time": 8.653, "Actual Total Time": 123.882, "Actual Rows": 6, "Actual Loops": 1, "Inner Unique": true, "Plans": [{"Node Type": "Nested Loop", "Parent Relationship": "Outer", "Join Type": "Inner", "Startup Cost": 0.0, "Total Cost": 3345.17, "Plan Rows": 202, "Plan Width": 28, "Actual Startup Time": 7.067, "Actual Total Time": 116.917, "Actual Rows": 1242, "Actual Loops": 1, "Inner Unique": false, "Plans": [{"Node Type": "Nested Loop", "Parent Relationship": "Outer", "Join Type": "Inner", "Startup Cost": 0.0, "Total Cost": 3319.92, "Plan Rows": 33, "Plan Width": 20, "Actual Startup Time": 7.054, "Actual Total Time": 114.743, "Actual Rows": 14, "Actual Loops": 1, "Inner Unique": false, "Plans": [{"Node Type": "Index Scan", "Parent Relationship": "Outer", "Scan Direction": "Forward", "Index Name": "keyword_pkey", "Relation Name": "keyword", "Alias": "k", "Startup Cost": 0.0, "Total Cost": 3182.72, "Plan Rows": 1, "Plan Width": 20, "Actual Startup Time": 7.038, "Actual Total Time": 114.697, "Actual Rows": 1, "Actual Loops": 1, "Filter": "((keyword)::text = 'marvel-cinematic-universe'::text)", "Rows Removed by Filter": 134168}, {"Node Type": "Index Scan", "Parent Relationship": "Inner", "Scan Direction": "Forward", "Index Name": "keyword_id_movie_keyword", "Relation Name": "movie_keyword", "Alias": "mk", "Startup Cost": 0.0, "Total Cost": 136.88, "Plan Rows": 33, "Plan Width": 8, "Actual Startup Time": 0.012, "Actual Total Time": 0.034, "Actual Rows": 14, "Actual Loops": 1, "Index Cond": "(keyword_id = k.id)", "Rows Removed by Index Recheck": 0}]}, {"Node Type": "Index Scan", "Parent Relationship": "Inner", "Scan Direction": "Forward", "Index Name": "movie_id_cast_info", "Relation Name": "cast_info", "Alias": "ci", "Startup Cost": 0.0, "Total Cost": 0.7, "Plan Rows": 6, "Plan Width": 8, "Actual Startup Time": 0.159, "Actual Total Time": 1.869, "Actual Rows": 1242, "Actual Loops": 14, "Index Cond": "(movie_id = mk.movie_id)", "Rows Removed by Index Recheck": 0}]}, {"Node Type": "Index Scan", "Parent Relationship": "Inner", "Scan Direction": "Forward", "Index Name": "name_pkey", "Relation Name": "name", "Alias": "n", "Startup Cost": 0.0, "Total Cost": 0.28, "Plan Rows": 1, "Plan Width": 19, "Actual Startup Time": 6.305, "Actual Total Time": 6.305, "Actual Rows": 6, "Actual Loops": 1242, "Index Cond": "(id = ci.person_id)", "Rows Removed by Index Recheck": 0, "Filter": "((name)::text ~~ '%Downey%Robert%'::text)", "Rows Removed by Filter": 1236}]}, {"Node Type": "Index Scan", "Parent Relationship": "Inner", "Scan Direction": "Forward", "Index Name": "title_pkey", "Relation Name": "title", "Alias": "t", "Startup Cost": 0.0, "Total Cost": 0.28, "Plan Rows": 1, "Plan Width": 21, "Actual Startup Time": 0.04, "Actual Total Time": 0.04, "Actual Rows": 6, "Actual Loops": 6, "Index Cond": "(id = ci.movie_id)", "Rows Removed by Index Recheck": 0, "Filter": "(production_year > 2010)", "Rows Removed by Filter": 0}]}]}, "Triggers": [], "Planner Runtime": 8.449, "Total Runtime": 124.25, "Unique SQL Id": 4208751436}}, "(64, '46')": {"explain_plan": {"Plan": {"Node Type": "Aggregate", "Strategy": "Plain", "Startup Cost": 301602.83, "Total Cost": 301602.84, "Plan Rows": 1, "Plan Width": 144, "Plans": [{"Node Type": "Hash Join", "Parent Relationship": "Outer", "Join Type": "Inner", "Startup Cost": 226776.71, "Total Cost": 301601.77, "Plan Rows": 141, "Plan Width": 48, "Inner Unique": false, "Hash Cond": "(t.id = mk.movie_id)", "Plans": [{"Node Type": "Hash Join", "Parent Relationship": "Outer", "Join Type": "Inner", "Startup Cost": 150560.46, "Total Cost": 225355.07, "Plan Rows": 8117, "Plan Width": 40, "Inner Unique": true, "Hash Cond": "(ci.movie_id = t.id)", "Plans": [{"Node Type": "Streaming(type: LOCAL GATHER dop: 1/64)", "Parent Relationship": "Outer", "Startup Cost": 127639.09, "Total Cost": 202324.33, "Plan Rows": 7520, "Plan Width": 19, "Plans": [{"Node Type": "Hash Join", "Parent Relationship": "Outer", "Join Type": "Inner", "Startup Cost": 127639.09, "Total Cost": 202169.19, "Plan Rows": 7520, "Plan Width": 19, "Inner Unique": true, "Hash Cond": "(ci.person_id = n.id)", "Plans": [{"Node Type": "Seq Scan", "Parent Relationship": "Outer", "Relation Name": "cast_info", "Alias": "ci", "Startup Cost": 0.0, "Total Cost": 72404.34, "Plan Rows": 36259494, "Plan Width": 8}, {"Node Type": "Hash", "Parent Relationship": "Inner", "Startup Cost": 127633.9, "Total Cost": 127633.9, "Plan Rows": 26560, "Plan Width": 19, "Plans": [{"Node Type": "Streaming(type: BROADCAST dop: 64/64)", "Parent Relationship": "Outer", "Startup Cost": 0.0, "Total Cost": 127633.9, "Plan Rows": 26560, "Plan Width": 19, "Plans": [{"Node Type": "Seq Scan", "Parent Relationship": "Outer", "Relation Name": "name", "Alias": "n", "Startup Cost": 0.0, "Total Cost": 64617.04, "Plan Rows": 415, "Plan Width": 19, "Filter": "((name)::text ~~ '%Downey%Robert%'::text)"}]}]}]}]}, {"Node Type": "Hash", "Parent Relationship": "Inner", "Startup Cost": 72112.93, "Total Cost": 72112.93, "Plan Rows": 391451, "Plan Width": 21, "Plans": [{"Node Type": "Streaming(type: LOCAL GATHER dop: 1/64)", "Parent Relationship": "Outer", "Startup Cost": 0.0, "Total Cost": 72112.93, "Plan Rows": 391451, "Plan Width": 21, "Plans": [{"Node Type": "Seq Scan", "Parent Relationship": "Outer", "Relation Name": "title", "Alias": "t", "Startup Cost": 0.0, "Total Cost": 64037.34, "Plan Rows": 391451, "Plan Width": 21, "Filter": "(production_year > 2010), (LLVM Optimized)"}]}]}]}, {"Node Type": "Hash", "Parent Relationship": "Inner", "Startup Cost": 76215.84, "Total Cost": 76215.84, "Plan Rows": 33, "Plan Width": 20, "Plans": [{"Node Type": "Hash Join", "Parent Relationship": "Outer", "Join Type": "Inner", "Startup Cost": 2436.12, "Total Cost": 76215.84, "Plan Rows": 33, "Plan Width": 20, "Inner Unique": true, "Hash Cond": "(mk.keyword_id = k.id)", "Plans": [{"Node Type": "Seq Scan", "Parent Relationship": "Outer", "Relation Name": "movie_keyword", "Alias": "mk", "Startup Cost": 0.0, "Total Cost": 62441.29, "Plan Rows": 4523929, "Plan Width": 8}, {"Node Type": "Hash", "Parent Relationship": "Inner", "Startup Cost": 2436.11, "Total Cost": 2436.11, "Plan Rows": 1, "Plan Width": 20, "Plans": [{"Node Type": "Seq Scan", "Parent Relationship": "Outer", "Relation Name": "keyword", "Alias": "k", "Startup Cost": 0.0, "Total Cost": 2436.11, "Plan Rows": 1, "Plan Width": 20, "Filter": "((keyword)::text = 'marvel-cinematic-universe'::text)"}]}]}]}]}]}, "Unique SQL Id": 4208751436, "Planner Runtime": 15}, "explain_analyze_plan": null}, "(64, '47')": {"explain_plan": {"Plan": {"Node Type": "Aggregate", "Strategy": "Plain", "Startup Cost": 5000235781756.36, "Total Cost": 5000235781756.37, "Plan Rows": 1, "Plan Width": 144, "Plans": [{"Node Type": "Nested Loop", "Parent Relationship": "Outer", "Join Type": "Inner", "Startup Cost": 50000000000.0, "Total Cost": 5000235781754.72, "Plan Rows": 218, "Plan Width": 48, "Inner Unique": true, "Join Filter": "(ci.person_id = n.id)", "Plans": [{"Node Type": "Nested Loop", "Parent Relationship": "Outer", "Join Type": "Inner", "Startup Cost": 40000000000.0, "Total Cost": 4000217115249.43, "Plan Rows": 218, "Plan Width": 37, "Inner Unique": true, "Join Filter": "(mk.movie_id = t.id)", "Plans": [{"Node Type": "Nested Loop", "Parent Relationship": "Outer", "Join Type": "Inner", "Startup Cost": 30000000000.0, "Total Cost": 3000204284047.61, "Plan Rows": 202, "Plan Width": 28, "Inner Unique": false, "Join Filter": "(mk.movie_id = ci.movie_id)", "Plans": [{"Node Type": "Index Scan", "Parent Relationship": "Outer", "Scan Direction": "Forward", "Index Name": "person_id_cast_info", "Relation Name": "cast_info", "Alias": "ci", "Startup Cost": 10000000000.0, "Total Cost": 1000170648833.21, "Plan Rows": 36259494, "Plan Width": 8}, {"Node Type": "Materialize", "Parent Relationship": "Inner", "Startup Cost": 20000000000.0, "Total Cost": 2000015686764.96, "Plan Rows": 33, "Plan Width": 20, "Plans": [{"Node Type": "Nested Loop", "Parent Relationship": "Outer", "Join Type": "Inner", "Startup Cost": 20000000000.0, "Total Cost": 2000015686764.79, "Plan Rows": 33, "Plan Width": 20, "Inner Unique": true, "Join Filter": "(k.id = mk.keyword_id)", "Plans": [{"Node Type": "Index Scan", "Parent Relationship": "Outer", "Scan Direction": "Forward", "Index Name": "movie_id_movie_keyword", "Relation Name": "movie_keyword", "Alias": "mk", "Startup Cost": 10000000000.0, "Total Cost": 1000015300634.17, "Plan Rows": 4523929, "Plan Width": 8}, {"Node Type": "Materialize", "Parent Relationship": "Inner", "Startup Cost": 10000000000.0, "Total Cost": 1000000318271.69, "Plan Rows": 1, "Plan Width": 20, "Plans": [{"Node Type": "Index Scan", "Parent Relationship": "Outer", "Scan Direction": "Forward", "Index Name": "keyword_pkey", "Relation Name": "keyword", "Alias": "k", "Startup Cost": 10000000000.0, "Total Cost": 1000000318271.68, "Plan Rows": 1, "Plan Width": 20, "Filter": "((keyword)::text = 'marvel-cinematic-universe'::text)"}]}]}]}]}, {"Node Type": "Materialize", "Parent Relationship": "Inner", "Startup Cost": 10000000000.0, "Total Cost": 1000011646083.92, "Plan Rows": 391451, "Plan Width": 21, "Plans": [{"Node Type": "Index Scan", "Parent Relationship": "Outer", "Scan Direction": "Forward", "Index Name": "title_pkey", "Relation Name": "title", "Alias": "t", "Startup Cost": 10000000000.0, "Total Cost": 1000011644126.66, "Plan Rows": 391451, "Plan Width": 21, "Filter": "(production_year > 2010), (LLVM Optimized)"}]}]}, {"Node Type": "Materialize", "Parent Relationship": "Inner", "Startup Cost": 10000000000.0, "Total Cost": 1000018665149.28, "Plan Rows": 415, "Plan Width": 19, "Plans": [{"Node Type": "Index Scan", "Parent Relationship": "Outer", "Scan Direction": "Forward", "Index Name": "name_pkey", "Relation Name": "name", "Alias": "n", "Startup Cost": 10000000000.0, "Total Cost": 1000018665147.2, "Plan Rows": 415, "Plan Width": 19, "Filter": "((name)::text ~~ '%Downey%Robert%'::text)"}]}]}]}, "Unique SQL Id": 4208751436, "Planner Runtime": 4}, "explain_analyze_plan": null}, "(64, '48')": {"explain_plan": {"Plan": {"Node Type": "Aggregate", "Strategy": "Plain", "Startup Cost": 2653.12, "Total Cost": 2653.13, "Plan Rows": 1, "Plan Width": 144, "Plans": [{"Node Type": "Nested Loop", "Parent Relationship": "Outer", "Join Type": "Inner", "Startup Cost": 4.51, "Total Cost": 2653.12, "Plan Rows": 1, "Plan Width": 48, "Inner Unique": true, "Join Filter": "(mk.movie_id = t.id)", "Plans": [{"Node Type": "Nested Loop", "Parent Relationship": "Outer", "Join Type": "Inner", "Startup Cost": 4.51, "Total Cost": 2652.83, "Plan Rows": 1, "Plan Width": 39, "Inner Unique": true, "Plans": [{"Node Type": "Nested Loop", "Parent Relationship": "Outer", "Join Type": "Inner", "Startup Cost": 4.51, "Total Cost": 2594.27, "Plan Rows": 202, "Plan Width": 28, "Inner Unique": false, "Plans": [{"Node Type": "Nested Loop", "Parent Relationship": "Outer", "Join Type": "Inner", "Startup Cost": 4.51, "Total Cost": 2569.02, "Plan Rows": 33, "Plan Width": 20, "Inner Unique": false, "Plans": [{"Node Type": "Seq Scan", "Parent Relationship": "Outer", "Relation Name": "keyword", "Alias": "k", "Startup Cost": 0.0, "Total Cost": 2436.11, "Plan Rows": 1, "Plan Width": 20, "Filter": "((keyword)::text = 'marvel-cinematic-universe'::text)"}, {"Node Type": "Bitmap Heap Scan", "Parent Relationship": "Inner", "Relation Name": "movie_keyword", "Alias": "mk", "Startup Cost": 4.51, "Total Cost": 132.58, "Plan Rows": 33, "Plan Width": 8, "Recheck Cond": "(keyword_id = k.id)", "Plans": [{"Node Type": "Bitmap Index Scan", "Parent Relationship": "Outer", "Index Name": "keyword_id_movie_keyword", "Startup Cost": 0.0, "Total Cost": 4.5, "Plan Rows": 33, "Plan Width": 0, "Index Cond": "(keyword_id = k.id)"}]}]}, {"Node Type": "Index Scan", "Parent Relationship": "Inner", "Scan Direction": "Forward", "Index Name": "movie_id_cast_info", "Relation Name": "cast_info", "Alias": "ci", "Startup Cost": 0.0, "Total Cost": 0.7, "Plan Rows": 6, "Plan Width": 8, "Index Cond": "(movie_id = mk.movie_id)"}]}, {"Node Type": "Index Scan", "Parent Relationship": "Inner", "Scan Direction": "Forward", "Index Name": "name_pkey", "Relation Name": "name", "Alias": "n", "Startup Cost": 0.0, "Total Cost": 0.28, "Plan Rows": 1, "Plan Width": 19, "Index Cond": "(id = ci.person_id)", "Filter": "((name)::text ~~ '%Downey%Robert%'::text)"}]}, {"Node Type": "Index Scan", "Parent Relationship": "Inner", "Scan Direction": "Forward", "Index Name": "title_pkey", "Relation Name": "title", "Alias": "t", "Startup Cost": 0.0, "Total Cost": 0.28, "Plan Rows": 1, "Plan Width": 21, "Index Cond": "(id = ci.movie_id)", "Filter": "(production_year > 2010)"}]}]}, "Unique SQL Id": 4208751436, "Planner Runtime": 2}, "explain_analyze_plan": {"Plan": {"Node Type": "Aggregate", "Strategy": "Plain", "Startup Cost": 2653.12, "Total Cost": 2653.13, "Plan Rows": 1, "Plan Width": 144, "Actual Startup Time": 53.108, "Actual Total Time": 53.108, "Actual Rows": 1, "Actual Loops": 1, "Plans": [{"Node Type": "Nested Loop", "Parent Relationship": "Outer", "Join Type": "Inner", "Startup Cost": 4.51, "Total Cost": 2653.12, "Plan Rows": 1, "Plan Width": 48, "Actual Startup Time": 3.077, "Actual Total Time": 53.078, "Actual Rows": 6, "Actual Loops": 1, "Inner Unique": true, "Join Filter": "(mk.movie_id = t.id)", "Rows Removed by Join Filter": 0, "Plans": [{"Node Type": "Nested Loop", "Parent Relationship": "Outer", "Join Type": "Inner", "Startup Cost": 4.51, "Total Cost": 2652.83, "Plan Rows": 1, "Plan Width": 39, "Actual Startup Time": 3.044, "Actual Total Time": 53.008, "Actual Rows": 6, "Actual Loops": 1, "Inner Unique": true, "Plans": [{"Node Type": "Nested Loop", "Parent Relationship": "Outer", "Join Type": "Inner", "Startup Cost": 4.51, "Total Cost": 2594.27, "Plan Rows": 202, "Plan Width": 28, "Actual Startup Time": 1.158, "Actual Total Time": 45.186, "Actual Rows": 1242, "Actual Loops": 1, "Inner Unique": false, "Plans": [{"Node Type": "Nested Loop", "Parent Relationship": "Outer", "Join Type": "Inner", "Startup Cost": 4.51, "Total Cost": 2569.02, "Plan Rows": 33, "Plan Width": 20, "Actual Startup Time": 1.138, "Actual Total Time": 42.528, "Actual Rows": 14, "Actual Loops": 1, "Inner Unique": false, "Plans": [{"Node Type": "Seq Scan", "Parent Relationship": "Outer", "Relation Name": "keyword", "Alias": "k", "Startup Cost": 0.0, "Total Cost": 2436.11, "Plan Rows": 1, "Plan Width": 20, "Actual Startup Time": 1.095, "Actual Total Time": 42.442, "Actual Rows": 1, "Actual Loops": 1, "Filter": "((keyword)::text = 'marvel-cinematic-universe'::text)", "Rows Removed by Filter": 134168}, {"Node Type": "Bitmap Heap Scan", "Parent Relationship": "Inner", "Relation Name": "movie_keyword", "Alias": "mk", "Startup Cost": 4.51, "Total Cost": 132.58, "Plan Rows": 33, "Plan Width": 8, "Actual Startup Time": 0.035, "Actual Total Time": 0.069, "Actual Rows": 14, "Actual Loops": 1, "Recheck Cond": "(keyword_id = k.id)", "Rows Removed by Index Recheck": 0, "Exact Heap Blocks": 13, "Lossy Heap Blocks": 13, "Plans": [{"Node Type": "Bitmap Index Scan", "Parent Relationship": "Outer", "Index Name": "keyword_id_movie_keyword", "Startup Cost": 0.0, "Total Cost": 4.5, "Plan Rows": 33, "Plan Width": 0, "Actual Startup Time": 0.021, "Actual Total Time": 0.021, "Actual Rows": 14, "Actual Loops": 1, "Index Cond": "(keyword_id = k.id)"}]}]}, {"Node Type": "Index Scan", "Parent Relationship": "Inner", "Scan Direction": "Forward", "Index Name": "movie_id_cast_info", "Relation Name": "cast_info", "Alias": "ci", "Startup Cost": 0.0, "Total Cost": 0.7, "Plan Rows": 6, "Plan Width": 8, "Actual Startup Time": 0.192, "Actual Total Time": 2.354, "Actual Rows": 1242, "Actual Loops": 14, "Index Cond": "(movie_id = mk.movie_id)", "Rows Removed by Index Recheck": 0}]}, {"Node Type": "Index Scan", "Parent Relationship": "Inner", "Scan Direction": "Forward", "Index Name": "name_pkey", "Relation Name": "name", "Alias": "n", "Startup Cost": 0.0, "Total Cost": 0.28, "Plan Rows": 1, "Plan Width": 19, "Actual Startup Time": 7.222, "Actual Total Time": 7.222, "Actual Rows": 6, "Actual Loops": 1242, "Index Cond": "(id = ci.person_id)", "Rows Removed by Index Recheck": 0, "Filter": "((name)::text ~~ '%Downey%Robert%'::text)", "Rows Removed by Filter": 1236}]}, {"Node Type": "Index Scan", "Parent Relationship": "Inner", "Scan Direction": "Forward", "Index Name": "title_pkey", "Relation Name": "title", "Alias": "t", "Startup Cost": 0.0, "Total Cost": 0.28, "Plan Rows": 1, "Plan Width": 21, "Actual Startup Time": 0.048, "Actual Total Time": 0.048, "Actual Rows": 6, "Actual Loops": 6, "Index Cond": "(id = ci.movie_id)", "Rows Removed by Index Recheck": 0, "Filter": "(production_year > 2010)", "Rows Removed by Filter": 0}]}]}, "Triggers": [], "Planner Runtime": 9.728, "Total Runtime": 53.358, "Unique SQL Id": 4208751436}}, "(64, '49')": {"explain_plan": {"Plan": {"Node Type": "Aggregate", "Strategy": "Plain", "Startup Cost": 3399.73, "Total Cost": 3399.74, "Plan Rows": 1, "Plan Width": 144, "Plans": [{"Node Type": "Nested Loop", "Parent Relationship": "Outer", "Join Type": "Inner", "Startup Cost": 4.51, "Total Cost": 3399.72, "Plan Rows": 1, "Plan Width": 48, "Inner Unique": true, "Join Filter": "(mk.movie_id = t.id)", "Plans": [{"Node Type": "Nested Loop", "Parent Relationship": "Outer", "Join Type": "Inner", "Startup Cost": 4.51, "Total Cost": 3399.43, "Plan Rows": 1, "Plan Width": 39, "Inner Unique": true, "Plans": [{"Node Type": "Nested Loop", "Parent Relationship": "Outer", "Join Type": "Inner", "Startup Cost": 4.51, "Total Cost": 3340.87, "Plan Rows": 202, "Plan Width": 28, "Inner Unique": false, "Plans": [{"Node Type": "Nested Loop", "Parent Relationship": "Outer", "Join Type": "Inner", "Startup Cost": 4.51, "Total Cost": 3315.63, "Plan Rows": 33, "Plan Width": 20, "Inner Unique": false, "Plans": [{"Node Type": "Index Scan", "Parent Relationship": "Outer", "Scan Direction": "Forward", "Index Name": "keyword_pkey", "Relation Name": "keyword", "Alias": "k", "Startup Cost": 0.0, "Total Cost": 3182.72, "Plan Rows": 1, "Plan Width": 20, "Filter": "((keyword)::text = 'marvel-cinematic-universe'::text)"}, {"Node Type": "Bitmap Heap Scan", "Parent Relationship": "Inner", "Relation Name": "movie_keyword", "Alias": "mk", "Startup Cost": 4.51, "Total Cost": 132.58, "Plan Rows": 33, "Plan Width": 8, "Recheck Cond": "(keyword_id = k.id)", "Plans": [{"Node Type": "Bitmap Index Scan", "Parent Relationship": "Outer", "Index Name": "keyword_id_movie_keyword", "Startup Cost": 0.0, "Total Cost": 4.5, "Plan Rows": 33, "Plan Width": 0, "Index Cond": "(keyword_id = k.id)"}]}]}, {"Node Type": "Index Scan", "Parent Relationship": "Inner", "Scan Direction": "Forward", "Index Name": "movie_id_cast_info", "Relation Name": "cast_info", "Alias": "ci", "Startup Cost": 0.0, "Total Cost": 0.7, "Plan Rows": 6, "Plan Width": 8, "Index Cond": "(movie_id = mk.movie_id)"}]}, {"Node Type": "Index Scan", "Parent Relationship": "Inner", "Scan Direction": "Forward", "Index Name": "name_pkey", "Relation Name": "name", "Alias": "n", "Startup Cost": 0.0, "Total Cost": 0.28, "Plan Rows": 1, "Plan Width": 19, "Index Cond": "(id = ci.person_id)", "Filter": "((name)::text ~~ '%Downey%Robert%'::text)"}]}, {"Node Type": "Index Scan", "Parent Relationship": "Inner", "Scan Direction": "Forward", "Index Name": "title_pkey", "Relation Name": "title", "Alias": "t", "Startup Cost": 0.0, "Total Cost": 0.28, "Plan Rows": 1, "Plan Width": 21, "Index Cond": "(id = ci.movie_id)", "Filter": "(production_year > 2010)"}]}]}, "Unique SQL Id": 4208751436, "Planner Runtime": 1}, "explain_analyze_plan": {"Plan": {"Node Type": "Aggregate", "Strategy": "Plain", "Startup Cost": 3399.73, "Total Cost": 3399.74, "Plan Rows": 1, "Plan Width": 144, "Actual Startup Time": 139.429, "Actual Total Time": 139.43, "Actual Rows": 1, "Actual Loops": 1, "Plans": [{"Node Type": "Nested Loop", "Parent Relationship": "Outer", "Join Type": "Inner", "Startup Cost": 4.51, "Total Cost": 3399.72, "Plan Rows": 1, "Plan Width": 48, "Actual Startup Time": 9.73, "Actual Total Time": 139.398, "Actual Rows": 6, "Actual Loops": 1, "Inner Unique": true, "Join Filter": "(mk.movie_id = t.id)", "Rows Removed by Join Filter": 0, "Plans": [{"Node Type": "Nested Loop", "Parent Relationship": "Outer", "Join Type": "Inner", "Startup Cost": 4.51, "Total Cost": 3399.43, "Plan Rows": 1, "Plan Width": 39, "Actual Startup Time": 9.698, "Actual Total Time": 139.332, "Actual Rows": 6, "Actual Loops": 1, "Inner Unique": true, "Plans": [{"Node Type": "Nested Loop", "Parent Relationship": "Outer", "Join Type": "Inner", "Startup Cost": 4.51, "Total Cost": 3340.87, "Plan Rows": 202, "Plan Width": 28, "Actual Startup Time": 8.151, "Actual Total Time": 132.477, "Actual Rows": 1242, "Actual Loops": 1, "Inner Unique": false, "Plans": [{"Node Type": "Nested Loop", "Parent Relationship": "Outer", "Join Type": "Inner", "Startup Cost": 4.51, "Total Cost": 3315.63, "Plan Rows": 33, "Plan Width": 20, "Actual Startup Time": 8.136, "Actual Total Time": 130.28, "Actual Rows": 14, "Actual Loops": 1, "Inner Unique": false, "Plans": [{"Node Type": "Index Scan", "Parent Relationship": "Outer", "Scan Direction": "Forward", "Index Name": "keyword_pkey", "Relation Name": "keyword", "Alias": "k", "Startup Cost": 0.0, "Total Cost": 3182.72, "Plan Rows": 1, "Plan Width": 20, "Actual Startup Time": 8.1, "Actual Total Time": 130.203, "Actual Rows": 1, "Actual Loops": 1, "Filter": "((keyword)::text = 'marvel-cinematic-universe'::text)", "Rows Removed by Filter": 134168}, {"Node Type": "Bitmap Heap Scan", "Parent Relationship": "Inner", "Relation Name": "movie_keyword", "Alias": "mk", "Startup Cost": 4.51, "Total Cost": 132.58, "Plan Rows": 33, "Plan Width": 8, "Actual Startup Time": 0.027, "Actual Total Time": 0.057, "Actual Rows": 14, "Actual Loops": 1, "Recheck Cond": "(keyword_id = k.id)", "Rows Removed by Index Recheck": 0, "Exact Heap Blocks": 13, "Lossy Heap Blocks": 13, "Plans": [{"Node Type": "Bitmap Index Scan", "Parent Relationship": "Outer", "Index Name": "keyword_id_movie_keyword", "Startup Cost": 0.0, "Total Cost": 4.5, "Plan Rows": 33, "Plan Width": 0, "Actual Startup Time": 0.016, "Actual Total Time": 0.016, "Actual Rows": 14, "Actual Loops": 1, "Index Cond": "(keyword_id = k.id)"}]}]}, {"Node Type": "Index Scan", "Parent Relationship": "Inner", "Scan Direction": "Forward", "Index Name": "movie_id_cast_info", "Relation Name": "cast_info", "Alias": "ci", "Startup Cost": 0.0, "Total Cost": 0.7, "Plan Rows": 6, "Plan Width": 8, "Actual Startup Time": 0.164, "Actual Total Time": 1.871, "Actual Rows": 1242, "Actual Loops": 14, "Index Cond": "(movie_id = mk.movie_id)", "Rows Removed by Index Recheck": 0}]}, {"Node Type": "Index Scan", "Parent Relationship": "Inner", "Scan Direction": "Forward", "Index Name": "name_pkey", "Relation Name": "name", "Alias": "n", "Startup Cost": 0.0, "Total Cost": 0.28, "Plan Rows": 1, "Plan Width": 19, "Actual Startup Time": 6.215, "Actual Total Time": 6.215, "Actual Rows": 6, "Actual Loops": 1242, "Index Cond": "(id = ci.person_id)", "Rows Removed by Index Recheck": 0, "Filter": "((name)::text ~~ '%Downey%Robert%'::text)", "Rows Removed by Filter": 1236}]}, {"Node Type": "Index Scan", "Parent Relationship": "Inner", "Scan Direction": "Forward", "Index Name": "title_pkey", "Relation Name": "title", "Alias": "t", "Startup Cost": 0.0, "Total Cost": 0.28, "Plan Rows": 1, "Plan Width": 21, "Actual Startup Time": 0.046, "Actual Total Time": 0.046, "Actual Rows": 6, "Actual Loops": 6, "Index Cond": "(id = ci.movie_id)", "Rows Removed by Index Recheck": 0, "Filter": "(production_year > 2010)", "Rows Removed by Filter": 0}]}]}, "Triggers": [], "Planner Runtime": 8.292, "Total Runtime": 139.725, "Unique SQL Id": 4208751436}}, "(64, '50')": {"explain_plan": {"Plan": {"Node Type": "Aggregate", "Strategy": "Plain", "Startup Cost": 3589.09, "Total Cost": 3589.1, "Plan Rows": 1, "Plan Width": 144, "Plans": [{"Node Type": "Nested Loop", "Parent Relationship": "Outer", "Join Type": "Inner", "Startup Cost": 5.44, "Total Cost": 3589.09, "Plan Rows": 1, "Plan Width": 48, "Inner Unique": true, "Join Filter": "(mk.movie_id = t.id)", "Plans": [{"Node Type": "Nested Loop", "Parent Relationship": "Outer", "Join Type": "Inner", "Startup Cost": 5.19, "Total Cost": 3584.8, "Plan Rows": 1, "Plan Width": 39, "Inner Unique": true, "Plans": [{"Node Type": "Nested Loop", "Parent Relationship": "Outer", "Join Type": "Inner", "Startup Cost": 4.93, "Total Cost": 2719.34, "Plan Rows": 202, "Plan Width": 28, "Inner Unique": false, "Plans": [{"Node Type": "Nested Loop", "Parent Relationship": "Outer", "Join Type": "Inner", "Startup Cost": 4.51, "Total Cost": 2569.02, "Plan Rows": 33, "Plan Width": 20, "Inner Unique": false, "Plans": [{"Node Type": "Seq Scan", "Parent Relationship": "Outer", "Relation Name": "keyword", "Alias": "k", "Startup Cost": 0.0, "Total Cost": 2436.11, "Plan Rows": 1, "Plan Width": 20, "Filter": "((keyword)::text = 'marvel-cinematic-universe'::text)"}, {"Node Type": "Bitmap Heap Scan", "Parent Relationship": "Inner", "Relation Name": "movie_keyword", "Alias": "mk", "Startup Cost": 4.51, "Total Cost": 132.58, "Plan Rows": 33, "Plan Width": 8, "Recheck Cond": "(keyword_id = k.id)", "Plans": [{"Node Type": "Bitmap Index Scan", "Parent Relationship": "Outer", "Index Name": "keyword_id_movie_keyword", "Startup Cost": 0.0, "Total Cost": 4.5, "Plan Rows": 33, "Plan Width": 0, "Index Cond": "(keyword_id = k.id)"}]}]}, {"Node Type": "Bitmap Heap Scan", "Parent Relationship": "Inner", "Relation Name": "cast_info", "Alias": "ci", "Startup Cost": 0.42, "Total Cost": 4.49, "Plan Rows": 6, "Plan Width": 8, "Recheck Cond": "(movie_id = mk.movie_id)", "Plans": [{"Node Type": "Bitmap Index Scan", "Parent Relationship": "Outer", "Index Name": "movie_id_cast_info", "Startup Cost": 0.0, "Total Cost": 0.42, "Plan Rows": 6, "Plan Width": 0, "Index Cond": "(movie_id = mk.movie_id)"}]}]}, {"Node Type": "Bitmap Heap Scan", "Parent Relationship": "Inner", "Relation Name": "name", "Alias": "n", "Startup Cost": 0.26, "Total Cost": 4.27, "Plan Rows": 1, "Plan Width": 19, "Recheck Cond": "(id = ci.person_id)", "Filter": "((name)::text ~~ '%Downey%Robert%'::text)", "Plans": [{"Node Type": "Bitmap Index Scan", "Parent Relationship": "Outer", "Index Name": "name_pkey", "Startup Cost": 0.0, "Total Cost": 0.26, "Plan Rows": 1, "Plan Width": 0, "Index Cond": "(id = ci.person_id)"}]}]}, {"Node Type": "Bitmap Heap Scan", "Parent Relationship": "Inner", "Relation Name": "title", "Alias": "t", "Startup Cost": 0.26, "Total Cost": 4.27, "Plan Rows": 1, "Plan Width": 21, "Recheck Cond": "(id = ci.movie_id)", "Filter": "(production_year > 2010)", "Plans": [{"Node Type": "Bitmap Index Scan", "Parent Relationship": "Outer", "Index Name": "title_pkey", "Startup Cost": 0.0, "Total Cost": 0.26, "Plan Rows": 1, "Plan Width": 0, "Index Cond": "(id = ci.movie_id)"}]}]}]}, "Unique SQL Id": 4208751436, "Planner Runtime": 3}, "explain_analyze_plan": {"Plan": {"Node Type": "Aggregate", "Strategy": "Plain", "Startup Cost": 3589.09, "Total Cost": 3589.1, "Plan Rows": 1, "Plan Width": 144, "Actual Startup Time": 56.399, "Actual Total Time": 56.4, "Actual Rows": 1, "Actual Loops": 1, "Plans": [{"Node Type": "Nested Loop", "Parent Relationship": "Outer", "Join Type": "Inner", "Startup Cost": 5.44, "Total Cost": 3589.09, "Plan Rows": 1, "Plan Width": 48, "Actual Startup Time": 3.751, "Actual Total Time": 56.357, "Actual Rows": 6, "Actual Loops": 1, "Inner Unique": true, "Join Filter": "(mk.movie_id = t.id)", "Rows Removed by Join Filter": 0, "Plans": [{"Node Type": "Nested Loop", "Parent Relationship": "Outer", "Join Type": "Inner", "Startup Cost": 5.19, "Total Cost": 3584.8, "Plan Rows": 1, "Plan Width": 39, "Actual Startup Time": 3.731, "Actual Total Time": 56.287, "Actual Rows": 6, "Actual Loops": 1, "Inner Unique": true, "Plans": [{"Node Type": "Nested Loop", "Parent Relationship": "Outer", "Join Type": "Inner", "Startup Cost": 4.93, "Total Cost": 2719.34, "Plan Rows": 202, "Plan Width": 28, "Actual Startup Time": 1.193, "Actual Total Time": 46.267, "Actual Rows": 1242, "Actual Loops": 1, "Inner Unique": false, "Plans": [{"Node Type": "Nested Loop", "Parent Relationship": "Outer", "Join Type": "Inner", "Startup Cost": 4.51, "Total Cost": 2569.02, "Plan Rows": 33, "Plan Width": 20, "Actual Startup Time": 1.162, "Actual Total Time": 42.805, "Actual Rows": 14, "Actual Loops": 1, "Inner Unique": false, "Plans": [{"Node Type": "Seq Scan", "Parent Relationship": "Outer", "Relation Name": "keyword", "Alias": "k", "Startup Cost": 0.0, "Total Cost": 2436.11, "Plan Rows": 1, "Plan Width": 20, "Actual Startup Time": 1.113, "Actual Total Time": 42.716, "Actual Rows": 1, "Actual Loops": 1, "Filter": "((keyword)::text = 'marvel-cinematic-universe'::text)", "Rows Removed by Filter": 134168}, {"Node Type": "Bitmap Heap Scan", "Parent Relationship": "Inner", "Relation Name": "movie_keyword", "Alias": "mk", "Startup Cost": 4.51, "Total Cost": 132.58, "Plan Rows": 33, "Plan Width": 8, "Actual Startup Time": 0.042, "Actual Total Time": 0.073, "Actual Rows": 14, "Actual Loops": 1, "Recheck Cond": "(keyword_id = k.id)", "Rows Removed by Index Recheck": 0, "Exact Heap Blocks": 13, "Lossy Heap Blocks": 13, "Plans": [{"Node Type": "Bitmap Index Scan", "Parent Relationship": "Outer", "Index Name": "keyword_id_movie_keyword", "Startup Cost": 0.0, "Total Cost": 4.5, "Plan Rows": 33, "Plan Width": 0, "Actual Startup Time": 0.025, "Actual Total Time": 0.025, "Actual Rows": 14, "Actual Loops": 1, "Index Cond": "(keyword_id = k.id)"}]}]}, {"Node Type": "Bitmap Heap Scan", "Parent Relationship": "Inner", "Relation Name": "cast_info", "Alias": "ci", "Startup Cost": 0.42, "Total Cost": 4.49, "Plan Rows": 6, "Plan Width": 8, "Actual Startup Time": 0.65, "Actual Total Time": 3.078, "Actual Rows": 1242, "Actual Loops": 14, "Recheck Cond": "(movie_id = mk.movie_id)", "Rows Removed by Index Recheck": 0, "Exact Heap Blocks": 1184, "Lossy Heap Blocks": 1184, "Plans": [{"Node Type": "Bitmap Index Scan", "Parent Relationship": "Outer", "Index Name": "movie_id_cast_info", "Startup Cost": 0.0, "Total Cost": 0.42, "Plan Rows": 6, "Plan Width": 0, "Actual Startup Time": 0.428, "Actual Total Time": 0.428, "Actual Rows": 1242, "Actual Loops": 14, "Index Cond": "(movie_id = mk.movie_id)"}]}]}, {"Node Type": "Bitmap Heap Scan", "Parent Relationship": "Inner", "Relation Name": "name", "Alias": "n", "Startup Cost": 0.26, "Total Cost": 4.27, "Plan Rows": 1, "Plan Width": 19, "Actual Startup Time": 8.61, "Actual Total Time": 8.61, "Actual Rows": 6, "Actual Loops": 1242, "Recheck Cond": "(id = ci.person_id)", "Rows Removed by Index Recheck": 0, "Filter": "((name)::text ~~ '%Downey%Robert%'::text)", "Rows Removed by Filter": 1236, "Exact Heap Blocks": 1242, "Lossy Heap Blocks": 1242, "Plans": [{"Node Type": "Bitmap Index Scan", "Parent Relationship": "Outer", "Index Name": "name_pkey", "Startup Cost": 0.0, "Total Cost": 0.26, "Plan Rows": 1, "Plan Width": 0, "Actual Startup Time": 5.106, "Actual Total Time": 5.106, "Actual Rows": 1242, "Actual Loops": 1242, "Index Cond": "(id = ci.person_id)"}]}]}, {"Node Type": "Bitmap Heap Scan", "Parent Relationship": "Inner", "Relation Name": "title", "Alias": "t", "Startup Cost": 0.26, "Total Cost": 4.27, "Plan Rows": 1, "Plan Width": 21, "Actual Startup Time": 0.052, "Actual Total Time": 0.052, "Actual Rows": 6, "Actual Loops": 6, "Recheck Cond": "(id = ci.movie_id)", "Rows Removed by Index Recheck": 0, "Filter": "(production_year > 2010)", "Rows Removed by Filter": 0, "Exact Heap Blocks": 6, "Lossy Heap Blocks": 6, "Plans": [{"Node Type": "Bitmap Index Scan", "Parent Relationship": "Outer", "Index Name": "title_pkey", "Startup Cost": 0.0, "Total Cost": 0.26, "Plan Rows": 1, "Plan Width": 0, "Actual Startup Time": 0.029, "Actual Total Time": 0.029, "Actual Rows": 6, "Actual Loops": 6, "Index Cond": "(id = ci.movie_id)"}]}]}]}, "Triggers": [], "Planner Runtime": 6.887, "Total Runtime": 56.702, "Unique SQL Id": 4208751436}}, "(64, '51')": {"explain_plan": {"Plan": {"Node Type": "Aggregate", "Strategy": "Plain", "Startup Cost": 4308.19, "Total Cost": 4308.2, "Plan Rows": 1, "Plan Width": 144, "Plans": [{"Node Type": "Nested Loop", "Parent Relationship": "Outer", "Join Type": "Inner", "Startup Cost": 724.54, "Total Cost": 4308.18, "Plan Rows": 1, "Plan Width": 48, "Inner Unique": true, "Join Filter": "(mk.movie_id = t.id)", "Plans": [{"Node Type": "Nested Loop", "Parent Relationship": "Outer", "Join Type": "Inner", "Startup Cost": 724.28, "Total Cost": 4303.89, "Plan Rows": 1, "Plan Width": 39, "Inner Unique": true, "Plans": [{"Node Type": "Nested Loop", "Parent Relationship": "Outer", "Join Type": "Inner", "Startup Cost": 724.02, "Total Cost": 3438.43, "Plan Rows": 202, "Plan Width": 28, "Inner Unique": false, "Plans": [{"Node Type": "Nested Loop", "Parent Relationship": "Outer", "Join Type": "Inner", "Startup Cost": 723.6, "Total Cost": 3288.12, "Plan Rows": 33, "Plan Width": 20, "Inner Unique": false, "Plans": [{"Node Type": "Bitmap Heap Scan", "Parent Relationship": "Outer", "Relation Name": "keyword", "Alias": "k", "Startup Cost": 719.1, "Total Cost": 3155.21, "Plan Rows": 1, "Plan Width": 20, "Filter": "((keyword)::text = 'marvel-cinematic-universe'::text)", "Plans": [{"Node Type": "Bitmap Index Scan", "Parent Relationship": "Outer", "Index Name": "keyword_pkey", "Startup Cost": 0.0, "Total Cost": 719.1, "Plan Rows": 134169, "Plan Width": 0}]}, {"Node Type": "Bitmap Heap Scan", "Parent Relationship": "Inner", "Relation Name": "movie_keyword", "Alias": "mk", "Startup Cost": 4.51, "Total Cost": 132.58, "Plan Rows": 33, "Plan Width": 8, "Recheck Cond": "(keyword_id = k.id)", "Plans": [{"Node Type": "Bitmap Index Scan", "Parent Relationship": "Outer", "Index Name": "keyword_id_movie_keyword", "Startup Cost": 0.0, "Total Cost": 4.5, "Plan Rows": 33, "Plan Width": 0, "Index Cond": "(keyword_id = k.id)"}]}]}, {"Node Type": "Bitmap Heap Scan", "Parent Relationship": "Inner", "Relation Name": "cast_info", "Alias": "ci", "Startup Cost": 0.42, "Total Cost": 4.49, "Plan Rows": 6, "Plan Width": 8, "Recheck Cond": "(movie_id = mk.movie_id)", "Plans": [{"Node Type": "Bitmap Index Scan", "Parent Relationship": "Outer", "Index Name": "movie_id_cast_info", "Startup Cost": 0.0, "Total Cost": 0.42, "Plan Rows": 6, "Plan Width": 0, "Index Cond": "(movie_id = mk.movie_id)"}]}]}, {"Node Type": "Bitmap Heap Scan", "Parent Relationship": "Inner", "Relation Name": "name", "Alias": "n", "Startup Cost": 0.26, "Total Cost": 4.27, "Plan Rows": 1, "Plan Width": 19, "Recheck Cond": "(id = ci.person_id)", "Filter": "((name)::text ~~ '%Downey%Robert%'::text)", "Plans": [{"Node Type": "Bitmap Index Scan", "Parent Relationship": "Outer", "Index Name": "name_pkey", "Startup Cost": 0.0, "Total Cost": 0.26, "Plan Rows": 1, "Plan Width": 0, "Index Cond": "(id = ci.person_id)"}]}]}, {"Node Type": "Bitmap Heap Scan", "Parent Relationship": "Inner", "Relation Name": "title", "Alias": "t", "Startup Cost": 0.26, "Total Cost": 4.27, "Plan Rows": 1, "Plan Width": 21, "Recheck Cond": "(id = ci.movie_id)", "Filter": "(production_year > 2010)", "Plans": [{"Node Type": "Bitmap Index Scan", "Parent Relationship": "Outer", "Index Name": "title_pkey", "Startup Cost": 0.0, "Total Cost": 0.26, "Plan Rows": 1, "Plan Width": 0, "Index Cond": "(id = ci.movie_id)"}]}]}]}, "Unique SQL Id": 4208751436, "Planner Runtime": 1}, "explain_analyze_plan": {"Plan": {"Node Type": "Aggregate", "Strategy": "Plain", "Startup Cost": 4308.19, "Total Cost": 4308.2, "Plan Rows": 1, "Plan Width": 144, "Actual Startup Time": 76.71, "Actual Total Time": 76.711, "Actual Rows": 1, "Actual Loops": 1, "Plans": [{"Node Type": "Nested Loop", "Parent Relationship": "Outer", "Join Type": "Inner", "Startup Cost": 724.54, "Total Cost": 4308.18, "Plan Rows": 1, "Plan Width": 48, "Actual Startup Time": 14.836, "Actual Total Time": 76.674, "Actual Rows": 6, "Actual Loops": 1, "Inner Unique": true, "Join Filter": "(mk.movie_id = t.id)", "Rows Removed by Join Filter": 0, "Plans": [{"Node Type": "Nested Loop", "Parent Relationship": "Outer", "Join Type": "Inner", "Startup Cost": 724.28, "Total Cost": 4303.89, "Plan Rows": 1, "Plan Width": 39, "Actual Startup Time": 14.813, "Actual Total Time": 76.604, "Actual Rows": 6, "Actual Loops": 1, "Inner Unique": true, "Plans": [{"Node Type": "Nested Loop", "Parent Relationship": "Outer", "Join Type": "Inner", "Startup Cost": 724.02, "Total Cost": 3438.43, "Plan Rows": 202, "Plan Width": 28, "Actual Startup Time": 12.392, "Actual Total Time": 66.845, "Actual Rows": 1242, "Actual Loops": 1, "Inner Unique": false, "Plans": [{"Node Type": "Nested Loop", "Parent Relationship": "Outer", "Join Type": "Inner", "Startup Cost": 723.6, "Total Cost": 3288.12, "Plan Rows": 33, "Plan Width": 20, "Actual Startup Time": 12.361, "Actual Total Time": 63.474, "Actual Rows": 14, "Actual Loops": 1, "Inner Unique": false, "Plans": [{"Node Type": "Bitmap Heap Scan", "Parent Relationship": "Outer", "Relation Name": "keyword", "Alias": "k", "Startup Cost": 719.1, "Total Cost": 3155.21, "Plan Rows": 1, "Plan Width": 20, "Actual Startup Time": 12.321, "Actual Total Time": 63.397, "Actual Rows": 1, "Actual Loops": 1, "Filter": "((keyword)::text = 'marvel-cinematic-universe'::text)", "Rows Removed by Filter": 134168, "Exact Heap Blocks": 759, "Lossy Heap Blocks": 759, "Plans": [{"Node Type": "Bitmap Index Scan", "Parent Relationship": "Outer", "Index Name": "keyword_pkey", "Startup Cost": 0.0, "Total Cost": 719.1, "Plan Rows": 134169, "Plan Width": 0, "Actual Startup Time": 10.793, "Actual Total Time": 10.793, "Actual Rows": 134169, "Actual Loops": 1}]}, {"Node Type": "Bitmap Heap Scan", "Parent Relationship": "Inner", "Relation Name": "movie_keyword", "Alias": "mk", "Startup Cost": 4.51, "Total Cost": 132.58, "Plan Rows": 33, "Plan Width": 8, "Actual Startup Time": 0.029, "Actual Total Time": 0.058, "Actual Rows": 14, "Actual Loops": 1, "Recheck Cond": "(keyword_id = k.id)", "Rows Removed by Index Recheck": 0, "Exact Heap Blocks": 13, "Lossy Heap Blocks": 13, "Plans": [{"Node Type": "Bitmap Index Scan", "Parent Relationship": "Outer", "Index Name": "keyword_id_movie_keyword", "Startup Cost": 0.0, "Total Cost": 4.5, "Plan Rows": 33, "Plan Width": 0, "Actual Startup Time": 0.02, "Actual Total Time": 0.02, "Actual Rows": 14, "Actual Loops": 1, "Index Cond": "(keyword_id = k.id)"}]}]}, {"Node Type": "Bitmap Heap Scan", "Parent Relationship": "Inner", "Relation Name": "cast_info", "Alias": "ci", "Startup Cost": 0.42, "Total Cost": 4.49, "Plan Rows": 6, "Plan Width": 8, "Actual Startup Time": 0.642, "Actual Total Time": 3.025, "Actual Rows": 1242, "Actual Loops": 14, "Recheck Cond": "(movie_id = mk.movie_id)", "Rows Removed by Index Recheck": 0, "Exact Heap Blocks": 1184, "Lossy Heap Blocks": 1184, "Plans": [{"Node Type": "Bitmap Index Scan", "Parent Relationship": "Outer", "Index Name": "movie_id_cast_info", "Startup Cost": 0.0, "Total Cost": 0.42, "Plan Rows": 6, "Plan Width": 0, "Actual Startup Time": 0.417, "Actual Total Time": 0.417, "Actual Rows": 1242, "Actual Loops": 14, "Index Cond": "(movie_id = mk.movie_id)"}]}]}, {"Node Type": "Bitmap Heap Scan", "Parent Relationship": "Inner", "Relation Name": "name", "Alias": "n", "Startup Cost": 0.26, "Total Cost": 4.27, "Plan Rows": 1, "Plan Width": 19, "Actual Startup Time": 8.355, "Actual Total Time": 8.355, "Actual Rows": 6, "Actual Loops": 1242, "Recheck Cond": "(id = ci.person_id)", "Rows Removed by Index Recheck": 0, "Filter": "((name)::text ~~ '%Downey%Robert%'::text)", "Rows Removed by Filter": 1236, "Exact Heap Blocks": 1242, "Lossy Heap Blocks": 1242, "Plans": [{"Node Type": "Bitmap Index Scan", "Parent Relationship": "Outer", "Index Name": "name_pkey", "Startup Cost": 0.0, "Total Cost": 0.26, "Plan Rows": 1, "Plan Width": 0, "Actual Startup Time": 4.979, "Actual Total Time": 4.979, "Actual Rows": 1242, "Actual Loops": 1242, "Index Cond": "(id = ci.person_id)"}]}]}, {"Node Type": "Bitmap Heap Scan", "Parent Relationship": "Inner", "Relation Name": "title", "Alias": "t", "Startup Cost": 0.26, "Total Cost": 4.27, "Plan Rows": 1, "Plan Width": 21, "Actual Startup Time": 0.051, "Actual Total Time": 0.051, "Actual Rows": 6, "Actual Loops": 6, "Recheck Cond": "(id = ci.movie_id)", "Rows Removed by Index Recheck": 0, "Filter": "(production_year > 2010)", "Rows Removed by Filter": 0, "Exact Heap Blocks": 6, "Lossy Heap Blocks": 6, "Plans": [{"Node Type": "Bitmap Index Scan", "Parent Relationship": "Outer", "Index Name": "title_pkey", "Startup Cost": 0.0, "Total Cost": 0.26, "Plan Rows": 1, "Plan Width": 0, "Actual Startup Time": 0.027, "Actual Total Time": 0.027, "Actual Rows": 6, "Actual Loops": 6, "Index Cond": "(id = ci.movie_id)"}]}]}]}, "Triggers": [], "Planner Runtime": 2.692, "Total Runtime": 77.002, "Unique SQL Id": 4208751436}}, "(64, '52')": {"explain_plan": {"Plan": {"Node Type": "Aggregate", "Strategy": "Plain", "Startup Cost": 2653.12, "Total Cost": 2653.13, "Plan Rows": 1, "Plan Width": 144, "Plans": [{"Node Type": "Nested Loop", "Parent Relationship": "Outer", "Join Type": "Inner", "Startup Cost": 4.51, "Total Cost": 2653.12, "Plan Rows": 1, "Plan Width": 48, "Inner Unique": true, "Join Filter": "(mk.movie_id = t.id)", "Plans": [{"Node Type": "Nested Loop", "Parent Relationship": "Outer", "Join Type": "Inner", "Startup Cost": 4.51, "Total Cost": 2652.83, "Plan Rows": 1, "Plan Width": 39, "Inner Unique": true, "Plans": [{"Node Type": "Nested Loop", "Parent Relationship": "Outer", "Join Type": "Inner", "Startup Cost": 4.51, "Total Cost": 2594.27, "Plan Rows": 202, "Plan Width": 28, "Inner Unique": false, "Plans": [{"Node Type": "Nested Loop", "Parent Relationship": "Outer", "Join Type": "Inner", "Startup Cost": 4.51, "Total Cost": 2569.02, "Plan Rows": 33, "Plan Width": 20, "Inner Unique": false, "Plans": [{"Node Type": "Seq Scan", "Parent Relationship": "Outer", "Relation Name": "keyword", "Alias": "k", "Startup Cost": 0.0, "Total Cost": 2436.11, "Plan Rows": 1, "Plan Width": 20, "Filter": "((keyword)::text = 'marvel-cinematic-universe'::text)"}, {"Node Type": "Bitmap Heap Scan", "Parent Relationship": "Inner", "Relation Name": "movie_keyword", "Alias": "mk", "Startup Cost": 4.51, "Total Cost": 132.58, "Plan Rows": 33, "Plan Width": 8, "Recheck Cond": "(keyword_id = k.id)", "Plans": [{"Node Type": "Bitmap Index Scan", "Parent Relationship": "Outer", "Index Name": "keyword_id_movie_keyword", "Startup Cost": 0.0, "Total Cost": 4.5, "Plan Rows": 33, "Plan Width": 0, "Index Cond": "(keyword_id = k.id)"}]}]}, {"Node Type": "Index Scan", "Parent Relationship": "Inner", "Scan Direction": "Forward", "Index Name": "movie_id_cast_info", "Relation Name": "cast_info", "Alias": "ci", "Startup Cost": 0.0, "Total Cost": 0.7, "Plan Rows": 6, "Plan Width": 8, "Index Cond": "(movie_id = mk.movie_id)"}]}, {"Node Type": "Index Scan", "Parent Relationship": "Inner", "Scan Direction": "Forward", "Index Name": "name_pkey", "Relation Name": "name", "Alias": "n", "Startup Cost": 0.0, "Total Cost": 0.28, "Plan Rows": 1, "Plan Width": 19, "Index Cond": "(id = ci.person_id)", "Filter": "((name)::text ~~ '%Downey%Robert%'::text)"}]}, {"Node Type": "Index Scan", "Parent Relationship": "Inner", "Scan Direction": "Forward", "Index Name": "title_pkey", "Relation Name": "title", "Alias": "t", "Startup Cost": 0.0, "Total Cost": 0.28, "Plan Rows": 1, "Plan Width": 21, "Index Cond": "(id = ci.movie_id)", "Filter": "(production_year > 2010)"}]}]}, "Unique SQL Id": 4208751436, "Planner Runtime": 2}, "explain_analyze_plan": {"Plan": {"Node Type": "Aggregate", "Strategy": "Plain", "Startup Cost": 2653.12, "Total Cost": 2653.13, "Plan Rows": 1, "Plan Width": 144, "Actual Startup Time": 53.108, "Actual Total Time": 53.108, "Actual Rows": 1, "Actual Loops": 1, "Plans": [{"Node Type": "Nested Loop", "Parent Relationship": "Outer", "Join Type": "Inner", "Startup Cost": 4.51, "Total Cost": 2653.12, "Plan Rows": 1, "Plan Width": 48, "Actual Startup Time": 3.077, "Actual Total Time": 53.078, "Actual Rows": 6, "Actual Loops": 1, "Inner Unique": true, "Join Filter": "(mk.movie_id = t.id)", "Rows Removed by Join Filter": 0, "Plans": [{"Node Type": "Nested Loop", "Parent Relationship": "Outer", "Join Type": "Inner", "Startup Cost": 4.51, "Total Cost": 2652.83, "Plan Rows": 1, "Plan Width": 39, "Actual Startup Time": 3.044, "Actual Total Time": 53.008, "Actual Rows": 6, "Actual Loops": 1, "Inner Unique": true, "Plans": [{"Node Type": "Nested Loop", "Parent Relationship": "Outer", "Join Type": "Inner", "Startup Cost": 4.51, "Total Cost": 2594.27, "Plan Rows": 202, "Plan Width": 28, "Actual Startup Time": 1.158, "Actual Total Time": 45.186, "Actual Rows": 1242, "Actual Loops": 1, "Inner Unique": false, "Plans": [{"Node Type": "Nested Loop", "Parent Relationship": "Outer", "Join Type": "Inner", "Startup Cost": 4.51, "Total Cost": 2569.02, "Plan Rows": 33, "Plan Width": 20, "Actual Startup Time": 1.138, "Actual Total Time": 42.528, "Actual Rows": 14, "Actual Loops": 1, "Inner Unique": false, "Plans": [{"Node Type": "Seq Scan", "Parent Relationship": "Outer", "Relation Name": "keyword", "Alias": "k", "Startup Cost": 0.0, "Total Cost": 2436.11, "Plan Rows": 1, "Plan Width": 20, "Actual Startup Time": 1.095, "Actual Total Time": 42.442, "Actual Rows": 1, "Actual Loops": 1, "Filter": "((keyword)::text = 'marvel-cinematic-universe'::text)", "Rows Removed by Filter": 134168}, {"Node Type": "Bitmap Heap Scan", "Parent Relationship": "Inner", "Relation Name": "movie_keyword", "Alias": "mk", "Startup Cost": 4.51, "Total Cost": 132.58, "Plan Rows": 33, "Plan Width": 8, "Actual Startup Time": 0.035, "Actual Total Time": 0.069, "Actual Rows": 14, "Actual Loops": 1, "Recheck Cond": "(keyword_id = k.id)", "Rows Removed by Index Recheck": 0, "Exact Heap Blocks": 13, "Lossy Heap Blocks": 13, "Plans": [{"Node Type": "Bitmap Index Scan", "Parent Relationship": "Outer", "Index Name": "keyword_id_movie_keyword", "Startup Cost": 0.0, "Total Cost": 4.5, "Plan Rows": 33, "Plan Width": 0, "Actual Startup Time": 0.021, "Actual Total Time": 0.021, "Actual Rows": 14, "Actual Loops": 1, "Index Cond": "(keyword_id = k.id)"}]}]}, {"Node Type": "Index Scan", "Parent Relationship": "Inner", "Scan Direction": "Forward", "Index Name": "movie_id_cast_info", "Relation Name": "cast_info", "Alias": "ci", "Startup Cost": 0.0, "Total Cost": 0.7, "Plan Rows": 6, "Plan Width": 8, "Actual Startup Time": 0.192, "Actual Total Time": 2.354, "Actual Rows": 1242, "Actual Loops": 14, "Index Cond": "(movie_id = mk.movie_id)", "Rows Removed by Index Recheck": 0}]}, {"Node Type": "Index Scan", "Parent Relationship": "Inner", "Scan Direction": "Forward", "Index Name": "name_pkey", "Relation Name": "name", "Alias": "n", "Startup Cost": 0.0, "Total Cost": 0.28, "Plan Rows": 1, "Plan Width": 19, "Actual Startup Time": 7.222, "Actual Total Time": 7.222, "Actual Rows": 6, "Actual Loops": 1242, "Index Cond": "(id = ci.person_id)", "Rows Removed by Index Recheck": 0, "Filter": "((name)::text ~~ '%Downey%Robert%'::text)", "Rows Removed by Filter": 1236}]}, {"Node Type": "Index Scan", "Parent Relationship": "Inner", "Scan Direction": "Forward", "Index Name": "title_pkey", "Relation Name": "title", "Alias": "t", "Startup Cost": 0.0, "Total Cost": 0.28, "Plan Rows": 1, "Plan Width": 21, "Actual Startup Time": 0.048, "Actual Total Time": 0.048, "Actual Rows": 6, "Actual Loops": 6, "Index Cond": "(id = ci.movie_id)", "Rows Removed by Index Recheck": 0, "Filter": "(production_year > 2010)", "Rows Removed by Filter": 0}]}]}, "Triggers": [], "Planner Runtime": 9.728, "Total Runtime": 53.358, "Unique SQL Id": 4208751436}}, "(64, '53')": {"explain_plan": {"Plan": {"Node Type": "Aggregate", "Strategy": "Plain", "Startup Cost": 3399.73, "Total Cost": 3399.74, "Plan Rows": 1, "Plan Width": 144, "Plans": [{"Node Type": "Nested Loop", "Parent Relationship": "Outer", "Join Type": "Inner", "Startup Cost": 4.51, "Total Cost": 3399.72, "Plan Rows": 1, "Plan Width": 48, "Inner Unique": true, "Join Filter": "(mk.movie_id = t.id)", "Plans": [{"Node Type": "Nested Loop", "Parent Relationship": "Outer", "Join Type": "Inner", "Startup Cost": 4.51, "Total Cost": 3399.43, "Plan Rows": 1, "Plan Width": 39, "Inner Unique": true, "Plans": [{"Node Type": "Nested Loop", "Parent Relationship": "Outer", "Join Type": "Inner", "Startup Cost": 4.51, "Total Cost": 3340.87, "Plan Rows": 202, "Plan Width": 28, "Inner Unique": false, "Plans": [{"Node Type": "Nested Loop", "Parent Relationship": "Outer", "Join Type": "Inner", "Startup Cost": 4.51, "Total Cost": 3315.63, "Plan Rows": 33, "Plan Width": 20, "Inner Unique": false, "Plans": [{"Node Type": "Index Scan", "Parent Relationship": "Outer", "Scan Direction": "Forward", "Index Name": "keyword_pkey", "Relation Name": "keyword", "Alias": "k", "Startup Cost": 0.0, "Total Cost": 3182.72, "Plan Rows": 1, "Plan Width": 20, "Filter": "((keyword)::text = 'marvel-cinematic-universe'::text)"}, {"Node Type": "Bitmap Heap Scan", "Parent Relationship": "Inner", "Relation Name": "movie_keyword", "Alias": "mk", "Startup Cost": 4.51, "Total Cost": 132.58, "Plan Rows": 33, "Plan Width": 8, "Recheck Cond": "(keyword_id = k.id)", "Plans": [{"Node Type": "Bitmap Index Scan", "Parent Relationship": "Outer", "Index Name": "keyword_id_movie_keyword", "Startup Cost": 0.0, "Total Cost": 4.5, "Plan Rows": 33, "Plan Width": 0, "Index Cond": "(keyword_id = k.id)"}]}]}, {"Node Type": "Index Scan", "Parent Relationship": "Inner", "Scan Direction": "Forward", "Index Name": "movie_id_cast_info", "Relation Name": "cast_info", "Alias": "ci", "Startup Cost": 0.0, "Total Cost": 0.7, "Plan Rows": 6, "Plan Width": 8, "Index Cond": "(movie_id = mk.movie_id)"}]}, {"Node Type": "Index Scan", "Parent Relationship": "Inner", "Scan Direction": "Forward", "Index Name": "name_pkey", "Relation Name": "name", "Alias": "n", "Startup Cost": 0.0, "Total Cost": 0.28, "Plan Rows": 1, "Plan Width": 19, "Index Cond": "(id = ci.person_id)", "Filter": "((name)::text ~~ '%Downey%Robert%'::text)"}]}, {"Node Type": "Index Scan", "Parent Relationship": "Inner", "Scan Direction": "Forward", "Index Name": "title_pkey", "Relation Name": "title", "Alias": "t", "Startup Cost": 0.0, "Total Cost": 0.28, "Plan Rows": 1, "Plan Width": 21, "Index Cond": "(id = ci.movie_id)", "Filter": "(production_year > 2010)"}]}]}, "Unique SQL Id": 4208751436, "Planner Runtime": 1}, "explain_analyze_plan": {"Plan": {"Node Type": "Aggregate", "Strategy": "Plain", "Startup Cost": 3399.73, "Total Cost": 3399.74, "Plan Rows": 1, "Plan Width": 144, "Actual Startup Time": 139.429, "Actual Total Time": 139.43, "Actual Rows": 1, "Actual Loops": 1, "Plans": [{"Node Type": "Nested Loop", "Parent Relationship": "Outer", "Join Type": "Inner", "Startup Cost": 4.51, "Total Cost": 3399.72, "Plan Rows": 1, "Plan Width": 48, "Actual Startup Time": 9.73, "Actual Total Time": 139.398, "Actual Rows": 6, "Actual Loops": 1, "Inner Unique": true, "Join Filter": "(mk.movie_id = t.id)", "Rows Removed by Join Filter": 0, "Plans": [{"Node Type": "Nested Loop", "Parent Relationship": "Outer", "Join Type": "Inner", "Startup Cost": 4.51, "Total Cost": 3399.43, "Plan Rows": 1, "Plan Width": 39, "Actual Startup Time": 9.698, "Actual Total Time": 139.332, "Actual Rows": 6, "Actual Loops": 1, "Inner Unique": true, "Plans": [{"Node Type": "Nested Loop", "Parent Relationship": "Outer", "Join Type": "Inner", "Startup Cost": 4.51, "Total Cost": 3340.87, "Plan Rows": 202, "Plan Width": 28, "Actual Startup Time": 8.151, "Actual Total Time": 132.477, "Actual Rows": 1242, "Actual Loops": 1, "Inner Unique": false, "Plans": [{"Node Type": "Nested Loop", "Parent Relationship": "Outer", "Join Type": "Inner", "Startup Cost": 4.51, "Total Cost": 3315.63, "Plan Rows": 33, "Plan Width": 20, "Actual Startup Time": 8.136, "Actual Total Time": 130.28, "Actual Rows": 14, "Actual Loops": 1, "Inner Unique": false, "Plans": [{"Node Type": "Index Scan", "Parent Relationship": "Outer", "Scan Direction": "Forward", "Index Name": "keyword_pkey", "Relation Name": "keyword", "Alias": "k", "Startup Cost": 0.0, "Total Cost": 3182.72, "Plan Rows": 1, "Plan Width": 20, "Actual Startup Time": 8.1, "Actual Total Time": 130.203, "Actual Rows": 1, "Actual Loops": 1, "Filter": "((keyword)::text = 'marvel-cinematic-universe'::text)", "Rows Removed by Filter": 134168}, {"Node Type": "Bitmap Heap Scan", "Parent Relationship": "Inner", "Relation Name": "movie_keyword", "Alias": "mk", "Startup Cost": 4.51, "Total Cost": 132.58, "Plan Rows": 33, "Plan Width": 8, "Actual Startup Time": 0.027, "Actual Total Time": 0.057, "Actual Rows": 14, "Actual Loops": 1, "Recheck Cond": "(keyword_id = k.id)", "Rows Removed by Index Recheck": 0, "Exact Heap Blocks": 13, "Lossy Heap Blocks": 13, "Plans": [{"Node Type": "Bitmap Index Scan", "Parent Relationship": "Outer", "Index Name": "keyword_id_movie_keyword", "Startup Cost": 0.0, "Total Cost": 4.5, "Plan Rows": 33, "Plan Width": 0, "Actual Startup Time": 0.016, "Actual Total Time": 0.016, "Actual Rows": 14, "Actual Loops": 1, "Index Cond": "(keyword_id = k.id)"}]}]}, {"Node Type": "Index Scan", "Parent Relationship": "Inner", "Scan Direction": "Forward", "Index Name": "movie_id_cast_info", "Relation Name": "cast_info", "Alias": "ci", "Startup Cost": 0.0, "Total Cost": 0.7, "Plan Rows": 6, "Plan Width": 8, "Actual Startup Time": 0.164, "Actual Total Time": 1.871, "Actual Rows": 1242, "Actual Loops": 14, "Index Cond": "(movie_id = mk.movie_id)", "Rows Removed by Index Recheck": 0}]}, {"Node Type": "Index Scan", "Parent Relationship": "Inner", "Scan Direction": "Forward", "Index Name": "name_pkey", "Relation Name": "name", "Alias": "n", "Startup Cost": 0.0, "Total Cost": 0.28, "Plan Rows": 1, "Plan Width": 19, "Actual Startup Time": 6.215, "Actual Total Time": 6.215, "Actual Rows": 6, "Actual Loops": 1242, "Index Cond": "(id = ci.person_id)", "Rows Removed by Index Recheck": 0, "Filter": "((name)::text ~~ '%Downey%Robert%'::text)", "Rows Removed by Filter": 1236}]}, {"Node Type": "Index Scan", "Parent Relationship": "Inner", "Scan Direction": "Forward", "Index Name": "title_pkey", "Relation Name": "title", "Alias": "t", "Startup Cost": 0.0, "Total Cost": 0.28, "Plan Rows": 1, "Plan Width": 21, "Actual Startup Time": 0.046, "Actual Total Time": 0.046, "Actual Rows": 6, "Actual Loops": 6, "Index Cond": "(id = ci.movie_id)", "Rows Removed by Index Recheck": 0, "Filter": "(production_year > 2010)", "Rows Removed by Filter": 0}]}]}, "Triggers": [], "Planner Runtime": 8.292, "Total Runtime": 139.725, "Unique SQL Id": 4208751436}}, "(64, '54')": {"explain_plan": {"Plan": {"Node Type": "Aggregate", "Strategy": "Plain", "Startup Cost": 3589.09, "Total Cost": 3589.1, "Plan Rows": 1, "Plan Width": 144, "Plans": [{"Node Type": "Nested Loop", "Parent Relationship": "Outer", "Join Type": "Inner", "Startup Cost": 5.44, "Total Cost": 3589.09, "Plan Rows": 1, "Plan Width": 48, "Inner Unique": true, "Join Filter": "(mk.movie_id = t.id)", "Plans": [{"Node Type": "Nested Loop", "Parent Relationship": "Outer", "Join Type": "Inner", "Startup Cost": 5.19, "Total Cost": 3584.8, "Plan Rows": 1, "Plan Width": 39, "Inner Unique": true, "Plans": [{"Node Type": "Nested Loop", "Parent Relationship": "Outer", "Join Type": "Inner", "Startup Cost": 4.93, "Total Cost": 2719.34, "Plan Rows": 202, "Plan Width": 28, "Inner Unique": false, "Plans": [{"Node Type": "Nested Loop", "Parent Relationship": "Outer", "Join Type": "Inner", "Startup Cost": 4.51, "Total Cost": 2569.02, "Plan Rows": 33, "Plan Width": 20, "Inner Unique": false, "Plans": [{"Node Type": "Seq Scan", "Parent Relationship": "Outer", "Relation Name": "keyword", "Alias": "k", "Startup Cost": 0.0, "Total Cost": 2436.11, "Plan Rows": 1, "Plan Width": 20, "Filter": "((keyword)::text = 'marvel-cinematic-universe'::text)"}, {"Node Type": "Bitmap Heap Scan", "Parent Relationship": "Inner", "Relation Name": "movie_keyword", "Alias": "mk", "Startup Cost": 4.51, "Total Cost": 132.58, "Plan Rows": 33, "Plan Width": 8, "Recheck Cond": "(keyword_id = k.id)", "Plans": [{"Node Type": "Bitmap Index Scan", "Parent Relationship": "Outer", "Index Name": "keyword_id_movie_keyword", "Startup Cost": 0.0, "Total Cost": 4.5, "Plan Rows": 33, "Plan Width": 0, "Index Cond": "(keyword_id = k.id)"}]}]}, {"Node Type": "Bitmap Heap Scan", "Parent Relationship": "Inner", "Relation Name": "cast_info", "Alias": "ci", "Startup Cost": 0.42, "Total Cost": 4.49, "Plan Rows": 6, "Plan Width": 8, "Recheck Cond": "(movie_id = mk.movie_id)", "Plans": [{"Node Type": "Bitmap Index Scan", "Parent Relationship": "Outer", "Index Name": "movie_id_cast_info", "Startup Cost": 0.0, "Total Cost": 0.42, "Plan Rows": 6, "Plan Width": 0, "Index Cond": "(movie_id = mk.movie_id)"}]}]}, {"Node Type": "Bitmap Heap Scan", "Parent Relationship": "Inner", "Relation Name": "name", "Alias": "n", "Startup Cost": 0.26, "Total Cost": 4.27, "Plan Rows": 1, "Plan Width": 19, "Recheck Cond": "(id = ci.person_id)", "Filter": "((name)::text ~~ '%Downey%Robert%'::text)", "Plans": [{"Node Type": "Bitmap Index Scan", "Parent Relationship": "Outer", "Index Name": "name_pkey", "Startup Cost": 0.0, "Total Cost": 0.26, "Plan Rows": 1, "Plan Width": 0, "Index Cond": "(id = ci.person_id)"}]}]}, {"Node Type": "Bitmap Heap Scan", "Parent Relationship": "Inner", "Relation Name": "title", "Alias": "t", "Startup Cost": 0.26, "Total Cost": 4.27, "Plan Rows": 1, "Plan Width": 21, "Recheck Cond": "(id = ci.movie_id)", "Filter": "(production_year > 2010)", "Plans": [{"Node Type": "Bitmap Index Scan", "Parent Relationship": "Outer", "Index Name": "title_pkey", "Startup Cost": 0.0, "Total Cost": 0.26, "Plan Rows": 1, "Plan Width": 0, "Index Cond": "(id = ci.movie_id)"}]}]}]}, "Unique SQL Id": 4208751436, "Planner Runtime": 3}, "explain_analyze_plan": {"Plan": {"Node Type": "Aggregate", "Strategy": "Plain", "Startup Cost": 3589.09, "Total Cost": 3589.1, "Plan Rows": 1, "Plan Width": 144, "Actual Startup Time": 56.399, "Actual Total Time": 56.4, "Actual Rows": 1, "Actual Loops": 1, "Plans": [{"Node Type": "Nested Loop", "Parent Relationship": "Outer", "Join Type": "Inner", "Startup Cost": 5.44, "Total Cost": 3589.09, "Plan Rows": 1, "Plan Width": 48, "Actual Startup Time": 3.751, "Actual Total Time": 56.357, "Actual Rows": 6, "Actual Loops": 1, "Inner Unique": true, "Join Filter": "(mk.movie_id = t.id)", "Rows Removed by Join Filter": 0, "Plans": [{"Node Type": "Nested Loop", "Parent Relationship": "Outer", "Join Type": "Inner", "Startup Cost": 5.19, "Total Cost": 3584.8, "Plan Rows": 1, "Plan Width": 39, "Actual Startup Time": 3.731, "Actual Total Time": 56.287, "Actual Rows": 6, "Actual Loops": 1, "Inner Unique": true, "Plans": [{"Node Type": "Nested Loop", "Parent Relationship": "Outer", "Join Type": "Inner", "Startup Cost": 4.93, "Total Cost": 2719.34, "Plan Rows": 202, "Plan Width": 28, "Actual Startup Time": 1.193, "Actual Total Time": 46.267, "Actual Rows": 1242, "Actual Loops": 1, "Inner Unique": false, "Plans": [{"Node Type": "Nested Loop", "Parent Relationship": "Outer", "Join Type": "Inner", "Startup Cost": 4.51, "Total Cost": 2569.02, "Plan Rows": 33, "Plan Width": 20, "Actual Startup Time": 1.162, "Actual Total Time": 42.805, "Actual Rows": 14, "Actual Loops": 1, "Inner Unique": false, "Plans": [{"Node Type": "Seq Scan", "Parent Relationship": "Outer", "Relation Name": "keyword", "Alias": "k", "Startup Cost": 0.0, "Total Cost": 2436.11, "Plan Rows": 1, "Plan Width": 20, "Actual Startup Time": 1.113, "Actual Total Time": 42.716, "Actual Rows": 1, "Actual Loops": 1, "Filter": "((keyword)::text = 'marvel-cinematic-universe'::text)", "Rows Removed by Filter": 134168}, {"Node Type": "Bitmap Heap Scan", "Parent Relationship": "Inner", "Relation Name": "movie_keyword", "Alias": "mk", "Startup Cost": 4.51, "Total Cost": 132.58, "Plan Rows": 33, "Plan Width": 8, "Actual Startup Time": 0.042, "Actual Total Time": 0.073, "Actual Rows": 14, "Actual Loops": 1, "Recheck Cond": "(keyword_id = k.id)", "Rows Removed by Index Recheck": 0, "Exact Heap Blocks": 13, "Lossy Heap Blocks": 13, "Plans": [{"Node Type": "Bitmap Index Scan", "Parent Relationship": "Outer", "Index Name": "keyword_id_movie_keyword", "Startup Cost": 0.0, "Total Cost": 4.5, "Plan Rows": 33, "Plan Width": 0, "Actual Startup Time": 0.025, "Actual Total Time": 0.025, "Actual Rows": 14, "Actual Loops": 1, "Index Cond": "(keyword_id = k.id)"}]}]}, {"Node Type": "Bitmap Heap Scan", "Parent Relationship": "Inner", "Relation Name": "cast_info", "Alias": "ci", "Startup Cost": 0.42, "Total Cost": 4.49, "Plan Rows": 6, "Plan Width": 8, "Actual Startup Time": 0.65, "Actual Total Time": 3.078, "Actual Rows": 1242, "Actual Loops": 14, "Recheck Cond": "(movie_id = mk.movie_id)", "Rows Removed by Index Recheck": 0, "Exact Heap Blocks": 1184, "Lossy Heap Blocks": 1184, "Plans": [{"Node Type": "Bitmap Index Scan", "Parent Relationship": "Outer", "Index Name": "movie_id_cast_info", "Startup Cost": 0.0, "Total Cost": 0.42, "Plan Rows": 6, "Plan Width": 0, "Actual Startup Time": 0.428, "Actual Total Time": 0.428, "Actual Rows": 1242, "Actual Loops": 14, "Index Cond": "(movie_id = mk.movie_id)"}]}]}, {"Node Type": "Bitmap Heap Scan", "Parent Relationship": "Inner", "Relation Name": "name", "Alias": "n", "Startup Cost": 0.26, "Total Cost": 4.27, "Plan Rows": 1, "Plan Width": 19, "Actual Startup Time": 8.61, "Actual Total Time": 8.61, "Actual Rows": 6, "Actual Loops": 1242, "Recheck Cond": "(id = ci.person_id)", "Rows Removed by Index Recheck": 0, "Filter": "((name)::text ~~ '%Downey%Robert%'::text)", "Rows Removed by Filter": 1236, "Exact Heap Blocks": 1242, "Lossy Heap Blocks": 1242, "Plans": [{"Node Type": "Bitmap Index Scan", "Parent Relationship": "Outer", "Index Name": "name_pkey", "Startup Cost": 0.0, "Total Cost": 0.26, "Plan Rows": 1, "Plan Width": 0, "Actual Startup Time": 5.106, "Actual Total Time": 5.106, "Actual Rows": 1242, "Actual Loops": 1242, "Index Cond": "(id = ci.person_id)"}]}]}, {"Node Type": "Bitmap Heap Scan", "Parent Relationship": "Inner", "Relation Name": "title", "Alias": "t", "Startup Cost": 0.26, "Total Cost": 4.27, "Plan Rows": 1, "Plan Width": 21, "Actual Startup Time": 0.052, "Actual Total Time": 0.052, "Actual Rows": 6, "Actual Loops": 6, "Recheck Cond": "(id = ci.movie_id)", "Rows Removed by Index Recheck": 0, "Filter": "(production_year > 2010)", "Rows Removed by Filter": 0, "Exact Heap Blocks": 6, "Lossy Heap Blocks": 6, "Plans": [{"Node Type": "Bitmap Index Scan", "Parent Relationship": "Outer", "Index Name": "title_pkey", "Startup Cost": 0.0, "Total Cost": 0.26, "Plan Rows": 1, "Plan Width": 0, "Actual Startup Time": 0.029, "Actual Total Time": 0.029, "Actual Rows": 6, "Actual Loops": 6, "Index Cond": "(id = ci.movie_id)"}]}]}]}, "Triggers": [], "Planner Runtime": 6.887, "Total Runtime": 56.702, "Unique SQL Id": 4208751436}}, "(64, '55')": {"explain_plan": {"Plan": {"Node Type": "Aggregate", "Strategy": "Plain", "Startup Cost": 4308.19, "Total Cost": 4308.2, "Plan Rows": 1, "Plan Width": 144, "Plans": [{"Node Type": "Nested Loop", "Parent Relationship": "Outer", "Join Type": "Inner", "Startup Cost": 724.54, "Total Cost": 4308.18, "Plan Rows": 1, "Plan Width": 48, "Inner Unique": true, "Join Filter": "(mk.movie_id = t.id)", "Plans": [{"Node Type": "Nested Loop", "Parent Relationship": "Outer", "Join Type": "Inner", "Startup Cost": 724.28, "Total Cost": 4303.89, "Plan Rows": 1, "Plan Width": 39, "Inner Unique": true, "Plans": [{"Node Type": "Nested Loop", "Parent Relationship": "Outer", "Join Type": "Inner", "Startup Cost": 724.02, "Total Cost": 3438.43, "Plan Rows": 202, "Plan Width": 28, "Inner Unique": false, "Plans": [{"Node Type": "Nested Loop", "Parent Relationship": "Outer", "Join Type": "Inner", "Startup Cost": 723.6, "Total Cost": 3288.12, "Plan Rows": 33, "Plan Width": 20, "Inner Unique": false, "Plans": [{"Node Type": "Bitmap Heap Scan", "Parent Relationship": "Outer", "Relation Name": "keyword", "Alias": "k", "Startup Cost": 719.1, "Total Cost": 3155.21, "Plan Rows": 1, "Plan Width": 20, "Filter": "((keyword)::text = 'marvel-cinematic-universe'::text)", "Plans": [{"Node Type": "Bitmap Index Scan", "Parent Relationship": "Outer", "Index Name": "keyword_pkey", "Startup Cost": 0.0, "Total Cost": 719.1, "Plan Rows": 134169, "Plan Width": 0}]}, {"Node Type": "Bitmap Heap Scan", "Parent Relationship": "Inner", "Relation Name": "movie_keyword", "Alias": "mk", "Startup Cost": 4.51, "Total Cost": 132.58, "Plan Rows": 33, "Plan Width": 8, "Recheck Cond": "(keyword_id = k.id)", "Plans": [{"Node Type": "Bitmap Index Scan", "Parent Relationship": "Outer", "Index Name": "keyword_id_movie_keyword", "Startup Cost": 0.0, "Total Cost": 4.5, "Plan Rows": 33, "Plan Width": 0, "Index Cond": "(keyword_id = k.id)"}]}]}, {"Node Type": "Bitmap Heap Scan", "Parent Relationship": "Inner", "Relation Name": "cast_info", "Alias": "ci", "Startup Cost": 0.42, "Total Cost": 4.49, "Plan Rows": 6, "Plan Width": 8, "Recheck Cond": "(movie_id = mk.movie_id)", "Plans": [{"Node Type": "Bitmap Index Scan", "Parent Relationship": "Outer", "Index Name": "movie_id_cast_info", "Startup Cost": 0.0, "Total Cost": 0.42, "Plan Rows": 6, "Plan Width": 0, "Index Cond": "(movie_id = mk.movie_id)"}]}]}, {"Node Type": "Bitmap Heap Scan", "Parent Relationship": "Inner", "Relation Name": "name", "Alias": "n", "Startup Cost": 0.26, "Total Cost": 4.27, "Plan Rows": 1, "Plan Width": 19, "Recheck Cond": "(id = ci.person_id)", "Filter": "((name)::text ~~ '%Downey%Robert%'::text)", "Plans": [{"Node Type": "Bitmap Index Scan", "Parent Relationship": "Outer", "Index Name": "name_pkey", "Startup Cost": 0.0, "Total Cost": 0.26, "Plan Rows": 1, "Plan Width": 0, "Index Cond": "(id = ci.person_id)"}]}]}, {"Node Type": "Bitmap Heap Scan", "Parent Relationship": "Inner", "Relation Name": "title", "Alias": "t", "Startup Cost": 0.26, "Total Cost": 4.27, "Plan Rows": 1, "Plan Width": 21, "Recheck Cond": "(id = ci.movie_id)", "Filter": "(production_year > 2010)", "Plans": [{"Node Type": "Bitmap Index Scan", "Parent Relationship": "Outer", "Index Name": "title_pkey", "Startup Cost": 0.0, "Total Cost": 0.26, "Plan Rows": 1, "Plan Width": 0, "Index Cond": "(id = ci.movie_id)"}]}]}]}, "Unique SQL Id": 4208751436, "Planner Runtime": 1}, "explain_analyze_plan": {"Plan": {"Node Type": "Aggregate", "Strategy": "Plain", "Startup Cost": 4308.19, "Total Cost": 4308.2, "Plan Rows": 1, "Plan Width": 144, "Actual Startup Time": 76.71, "Actual Total Time": 76.711, "Actual Rows": 1, "Actual Loops": 1, "Plans": [{"Node Type": "Nested Loop", "Parent Relationship": "Outer", "Join Type": "Inner", "Startup Cost": 724.54, "Total Cost": 4308.18, "Plan Rows": 1, "Plan Width": 48, "Actual Startup Time": 14.836, "Actual Total Time": 76.674, "Actual Rows": 6, "Actual Loops": 1, "Inner Unique": true, "Join Filter": "(mk.movie_id = t.id)", "Rows Removed by Join Filter": 0, "Plans": [{"Node Type": "Nested Loop", "Parent Relationship": "Outer", "Join Type": "Inner", "Startup Cost": 724.28, "Total Cost": 4303.89, "Plan Rows": 1, "Plan Width": 39, "Actual Startup Time": 14.813, "Actual Total Time": 76.604, "Actual Rows": 6, "Actual Loops": 1, "Inner Unique": true, "Plans": [{"Node Type": "Nested Loop", "Parent Relationship": "Outer", "Join Type": "Inner", "Startup Cost": 724.02, "Total Cost": 3438.43, "Plan Rows": 202, "Plan Width": 28, "Actual Startup Time": 12.392, "Actual Total Time": 66.845, "Actual Rows": 1242, "Actual Loops": 1, "Inner Unique": false, "Plans": [{"Node Type": "Nested Loop", "Parent Relationship": "Outer", "Join Type": "Inner", "Startup Cost": 723.6, "Total Cost": 3288.12, "Plan Rows": 33, "Plan Width": 20, "Actual Startup Time": 12.361, "Actual Total Time": 63.474, "Actual Rows": 14, "Actual Loops": 1, "Inner Unique": false, "Plans": [{"Node Type": "Bitmap Heap Scan", "Parent Relationship": "Outer", "Relation Name": "keyword", "Alias": "k", "Startup Cost": 719.1, "Total Cost": 3155.21, "Plan Rows": 1, "Plan Width": 20, "Actual Startup Time": 12.321, "Actual Total Time": 63.397, "Actual Rows": 1, "Actual Loops": 1, "Filter": "((keyword)::text = 'marvel-cinematic-universe'::text)", "Rows Removed by Filter": 134168, "Exact Heap Blocks": 759, "Lossy Heap Blocks": 759, "Plans": [{"Node Type": "Bitmap Index Scan", "Parent Relationship": "Outer", "Index Name": "keyword_pkey", "Startup Cost": 0.0, "Total Cost": 719.1, "Plan Rows": 134169, "Plan Width": 0, "Actual Startup Time": 10.793, "Actual Total Time": 10.793, "Actual Rows": 134169, "Actual Loops": 1}]}, {"Node Type": "Bitmap Heap Scan", "Parent Relationship": "Inner", "Relation Name": "movie_keyword", "Alias": "mk", "Startup Cost": 4.51, "Total Cost": 132.58, "Plan Rows": 33, "Plan Width": 8, "Actual Startup Time": 0.029, "Actual Total Time": 0.058, "Actual Rows": 14, "Actual Loops": 1, "Recheck Cond": "(keyword_id = k.id)", "Rows Removed by Index Recheck": 0, "Exact Heap Blocks": 13, "Lossy Heap Blocks": 13, "Plans": [{"Node Type": "Bitmap Index Scan", "Parent Relationship": "Outer", "Index Name": "keyword_id_movie_keyword", "Startup Cost": 0.0, "Total Cost": 4.5, "Plan Rows": 33, "Plan Width": 0, "Actual Startup Time": 0.02, "Actual Total Time": 0.02, "Actual Rows": 14, "Actual Loops": 1, "Index Cond": "(keyword_id = k.id)"}]}]}, {"Node Type": "Bitmap Heap Scan", "Parent Relationship": "Inner", "Relation Name": "cast_info", "Alias": "ci", "Startup Cost": 0.42, "Total Cost": 4.49, "Plan Rows": 6, "Plan Width": 8, "Actual Startup Time": 0.642, "Actual Total Time": 3.025, "Actual Rows": 1242, "Actual Loops": 14, "Recheck Cond": "(movie_id = mk.movie_id)", "Rows Removed by Index Recheck": 0, "Exact Heap Blocks": 1184, "Lossy Heap Blocks": 1184, "Plans": [{"Node Type": "Bitmap Index Scan", "Parent Relationship": "Outer", "Index Name": "movie_id_cast_info", "Startup Cost": 0.0, "Total Cost": 0.42, "Plan Rows": 6, "Plan Width": 0, "Actual Startup Time": 0.417, "Actual Total Time": 0.417, "Actual Rows": 1242, "Actual Loops": 14, "Index Cond": "(movie_id = mk.movie_id)"}]}]}, {"Node Type": "Bitmap Heap Scan", "Parent Relationship": "Inner", "Relation Name": "name", "Alias": "n", "Startup Cost": 0.26, "Total Cost": 4.27, "Plan Rows": 1, "Plan Width": 19, "Actual Startup Time": 8.355, "Actual Total Time": 8.355, "Actual Rows": 6, "Actual Loops": 1242, "Recheck Cond": "(id = ci.person_id)", "Rows Removed by Index Recheck": 0, "Filter": "((name)::text ~~ '%Downey%Robert%'::text)", "Rows Removed by Filter": 1236, "Exact Heap Blocks": 1242, "Lossy Heap Blocks": 1242, "Plans": [{"Node Type": "Bitmap Index Scan", "Parent Relationship": "Outer", "Index Name": "name_pkey", "Startup Cost": 0.0, "Total Cost": 0.26, "Plan Rows": 1, "Plan Width": 0, "Actual Startup Time": 4.979, "Actual Total Time": 4.979, "Actual Rows": 1242, "Actual Loops": 1242, "Index Cond": "(id = ci.person_id)"}]}]}, {"Node Type": "Bitmap Heap Scan", "Parent Relationship": "Inner", "Relation Name": "title", "Alias": "t", "Startup Cost": 0.26, "Total Cost": 4.27, "Plan Rows": 1, "Plan Width": 21, "Actual Startup Time": 0.051, "Actual Total Time": 0.051, "Actual Rows": 6, "Actual Loops": 6, "Recheck Cond": "(id = ci.movie_id)", "Rows Removed by Index Recheck": 0, "Filter": "(production_year > 2010)", "Rows Removed by Filter": 0, "Exact Heap Blocks": 6, "Lossy Heap Blocks": 6, "Plans": [{"Node Type": "Bitmap Index Scan", "Parent Relationship": "Outer", "Index Name": "title_pkey", "Startup Cost": 0.0, "Total Cost": 0.26, "Plan Rows": 1, "Plan Width": 0, "Actual Startup Time": 0.027, "Actual Total Time": 0.027, "Actual Rows": 6, "Actual Loops": 6, "Index Cond": "(id = ci.movie_id)"}]}]}]}, "Triggers": [], "Planner Runtime": 2.692, "Total Runtime": 77.002, "Unique SQL Id": 4208751436}}, "(64, '56')": {"explain_plan": {"Plan": {"Node Type": "Aggregate", "Strategy": "Plain", "Startup Cost": 2657.42, "Total Cost": 2657.43, "Plan Rows": 1, "Plan Width": 144, "Plans": [{"Node Type": "Nested Loop", "Parent Relationship": "Outer", "Join Type": "Inner", "Startup Cost": 0.0, "Total Cost": 2657.41, "Plan Rows": 1, "Plan Width": 48, "Inner Unique": true, "Join Filter": "(mk.movie_id = t.id)", "Plans": [{"Node Type": "Nested Loop", "Parent Relationship": "Outer", "Join Type": "Inner", "Startup Cost": 0.0, "Total Cost": 2657.12, "Plan Rows": 1, "Plan Width": 39, "Inner Unique": true, "Plans": [{"Node Type": "Nested Loop", "Parent Relationship": "Outer", "Join Type": "Inner", "Startup Cost": 0.0, "Total Cost": 2598.56, "Plan Rows": 202, "Plan Width": 28, "Inner Unique": false, "Plans": [{"Node Type": "Nested Loop", "Parent Relationship": "Outer", "Join Type": "Inner", "Startup Cost": 0.0, "Total Cost": 2573.32, "Plan Rows": 33, "Plan Width": 20, "Inner Unique": false, "Plans": [{"Node Type": "Seq Scan", "Parent Relationship": "Outer", "Relation Name": "keyword", "Alias": "k", "Startup Cost": 0.0, "Total Cost": 2436.11, "Plan Rows": 1, "Plan Width": 20, "Filter": "((keyword)::text = 'marvel-cinematic-universe'::text)"}, {"Node Type": "Index Scan", "Parent Relationship": "Inner", "Scan Direction": "Forward", "Index Name": "keyword_id_movie_keyword", "Relation Name": "movie_keyword", "Alias": "mk", "Startup Cost": 0.0, "Total Cost": 136.88, "Plan Rows": 33, "Plan Width": 8, "Index Cond": "(keyword_id = k.id)"}]}, {"Node Type": "Index Scan", "Parent Relationship": "Inner", "Scan Direction": "Forward", "Index Name": "movie_id_cast_info", "Relation Name": "cast_info", "Alias": "ci", "Startup Cost": 0.0, "Total Cost": 0.7, "Plan Rows": 6, "Plan Width": 8, "Index Cond": "(movie_id = mk.movie_id)"}]}, {"Node Type": "Index Scan", "Parent Relationship": "Inner", "Scan Direction": "Forward", "Index Name": "name_pkey", "Relation Name": "name", "Alias": "n", "Startup Cost": 0.0, "Total Cost": 0.28, "Plan Rows": 1, "Plan Width": 19, "Index Cond": "(id = ci.person_id)", "Filter": "((name)::text ~~ '%Downey%Robert%'::text)"}]}, {"Node Type": "Index Scan", "Parent Relationship": "Inner", "Scan Direction": "Forward", "Index Name": "title_pkey", "Relation Name": "title", "Alias": "t", "Startup Cost": 0.0, "Total Cost": 0.28, "Plan Rows": 1, "Plan Width": 21, "Index Cond": "(id = ci.movie_id)", "Filter": "(production_year > 2010)"}]}]}, "Unique SQL Id": 4208751436, "Planner Runtime": 2}, "explain_analyze_plan": {"Plan": {"Node Type": "Aggregate", "Strategy": "Plain", "Startup Cost": 2657.42, "Total Cost": 2657.43, "Plan Rows": 1, "Plan Width": 144, "Actual Startup Time": 53.179, "Actual Total Time": 53.179, "Actual Rows": 1, "Actual Loops": 1, "Plans": [{"Node Type": "Nested Loop", "Parent Relationship": "Outer", "Join Type": "Inner", "Startup Cost": 0.0, "Total Cost": 2657.41, "Plan Rows": 1, "Plan Width": 48, "Actual Startup Time": 3.067, "Actual Total Time": 53.134, "Actual Rows": 6, "Actual Loops": 1, "Inner Unique": true, "Join Filter": "(mk.movie_id = t.id)", "Rows Removed by Join Filter": 0, "Plans": [{"Node Type": "Nested Loop", "Parent Relationship": "Outer", "Join Type": "Inner", "Startup Cost": 0.0, "Total Cost": 2657.12, "Plan Rows": 1, "Plan Width": 39, "Actual Startup Time": 3.044, "Actual Total Time": 53.073, "Actual Rows": 6, "Actual Loops": 1, "Inner Unique": true, "Plans": [{"Node Type": "Nested Loop", "Parent Relationship": "Outer", "Join Type": "Inner", "Startup Cost": 0.0, "Total Cost": 2598.56, "Plan Rows": 202, "Plan Width": 28, "Actual Startup Time": 1.153, "Actual Total Time": 45.245, "Actual Rows": 1242, "Actual Loops": 1, "Inner Unique": false, "Plans": [{"Node Type": "Nested Loop", "Parent Relationship": "Outer", "Join Type": "Inner", "Startup Cost": 0.0, "Total Cost": 2573.32, "Plan Rows": 33, "Plan Width": 20, "Actual Startup Time": 1.139, "Actual Total Time": 42.599, "Actual Rows": 14, "Actual Loops": 1, "Inner Unique": false, "Plans": [{"Node Type": "Seq Scan", "Parent Relationship": "Outer", "Relation Name": "keyword", "Alias": "k", "Startup Cost": 0.0, "Total Cost": 2436.11, "Plan Rows": 1, "Plan Width": 20, "Actual Startup Time": 1.116, "Actual Total Time": 42.539, "Actual Rows": 1, "Actual Loops": 1, "Filter": "((keyword)::text = 'marvel-cinematic-universe'::text)", "Rows Removed by Filter": 134168}, {"Node Type": "Index Scan", "Parent Relationship": "Inner", "Scan Direction": "Forward", "Index Name": "keyword_id_movie_keyword", "Relation Name": "movie_keyword", "Alias": "mk", "Startup Cost": 0.0, "Total Cost": 136.88, "Plan Rows": 33, "Plan Width": 8, "Actual Startup Time": 0.018, "Actual Total Time": 0.043, "Actual Rows": 14, "Actual Loops": 1, "Index Cond": "(keyword_id = k.id)", "Rows Removed by Index Recheck": 0}]}, {"Node Type": "Index Scan", "Parent Relationship": "Inner", "Scan Direction": "Forward", "Index Name": "movie_id_cast_info", "Relation Name": "cast_info", "Alias": "ci", "Startup Cost": 0.0, "Total Cost": 0.7, "Plan Rows": 6, "Plan Width": 8, "Actual Startup Time": 0.179, "Actual Total Time": 2.353, "Actual Rows": 1242, "Actual Loops": 14, "Index Cond": "(movie_id = mk.movie_id)", "Rows Removed by Index Recheck": 0}]}, {"Node Type": "Index Scan", "Parent Relationship": "Inner", "Scan Direction": "Forward", "Index Name": "name_pkey", "Relation Name": "name", "Alias": "n", "Startup Cost": 0.0, "Total Cost": 0.28, "Plan Rows": 1, "Plan Width": 19, "Actual Startup Time": 7.21, "Actual Total Time": 7.21, "Actual Rows": 6, "Actual Loops": 1242, "Index Cond": "(id = ci.person_id)", "Rows Removed by Index Recheck": 0, "Filter": "((name)::text ~~ '%Downey%Robert%'::text)", "Rows Removed by Filter": 1236}]}, {"Node Type": "Index Scan", "Parent Relationship": "Inner", "Scan Direction": "Forward", "Index Name": "title_pkey", "Relation Name": "title", "Alias": "t", "Startup Cost": 0.0, "Total Cost": 0.28, "Plan Rows": 1, "Plan Width": 21, "Actual Startup Time": 0.042, "Actual Total Time": 0.042, "Actual Rows": 6, "Actual Loops": 6, "Index Cond": "(id = ci.movie_id)", "Rows Removed by Index Recheck": 0, "Filter": "(production_year > 2010)", "Rows Removed by Filter": 0}]}]}, "Triggers": [], "Planner Runtime": 9.561, "Total Runtime": 53.444, "Unique SQL Id": 4208751436}}, "(64, '57')": {"explain_plan": {"Plan": {"Node Type": "Aggregate", "Strategy": "Plain", "Startup Cost": 3404.02, "Total Cost": 3404.03, "Plan Rows": 1, "Plan Width": 144, "Plans": [{"Node Type": "Nested Loop", "Parent Relationship": "Outer", "Join Type": "Inner", "Startup Cost": 0.0, "Total Cost": 3404.01, "Plan Rows": 1, "Plan Width": 48, "Inner Unique": true, "Join Filter": "(mk.movie_id = t.id)", "Plans": [{"Node Type": "Nested Loop", "Parent Relationship": "Outer", "Join Type": "Inner", "Startup Cost": 0.0, "Total Cost": 3403.72, "Plan Rows": 1, "Plan Width": 39, "Inner Unique": true, "Plans": [{"Node Type": "Nested Loop", "Parent Relationship": "Outer", "Join Type": "Inner", "Startup Cost": 0.0, "Total Cost": 3345.17, "Plan Rows": 202, "Plan Width": 28, "Inner Unique": false, "Plans": [{"Node Type": "Nested Loop", "Parent Relationship": "Outer", "Join Type": "Inner", "Startup Cost": 0.0, "Total Cost": 3319.92, "Plan Rows": 33, "Plan Width": 20, "Inner Unique": false, "Plans": [{"Node Type": "Index Scan", "Parent Relationship": "Outer", "Scan Direction": "Forward", "Index Name": "keyword_pkey", "Relation Name": "keyword", "Alias": "k", "Startup Cost": 0.0, "Total Cost": 3182.72, "Plan Rows": 1, "Plan Width": 20, "Filter": "((keyword)::text = 'marvel-cinematic-universe'::text)"}, {"Node Type": "Index Scan", "Parent Relationship": "Inner", "Scan Direction": "Forward", "Index Name": "keyword_id_movie_keyword", "Relation Name": "movie_keyword", "Alias": "mk", "Startup Cost": 0.0, "Total Cost": 136.88, "Plan Rows": 33, "Plan Width": 8, "Index Cond": "(keyword_id = k.id)"}]}, {"Node Type": "Index Scan", "Parent Relationship": "Inner", "Scan Direction": "Forward", "Index Name": "movie_id_cast_info", "Relation Name": "cast_info", "Alias": "ci", "Startup Cost": 0.0, "Total Cost": 0.7, "Plan Rows": 6, "Plan Width": 8, "Index Cond": "(movie_id = mk.movie_id)"}]}, {"Node Type": "Index Scan", "Parent Relationship": "Inner", "Scan Direction": "Forward", "Index Name": "name_pkey", "Relation Name": "name", "Alias": "n", "Startup Cost": 0.0, "Total Cost": 0.28, "Plan Rows": 1, "Plan Width": 19, "Index Cond": "(id = ci.person_id)", "Filter": "((name)::text ~~ '%Downey%Robert%'::text)"}]}, {"Node Type": "Index Scan", "Parent Relationship": "Inner", "Scan Direction": "Forward", "Index Name": "title_pkey", "Relation Name": "title", "Alias": "t", "Startup Cost": 0.0, "Total Cost": 0.28, "Plan Rows": 1, "Plan Width": 21, "Index Cond": "(id = ci.movie_id)", "Filter": "(production_year > 2010)"}]}]}, "Unique SQL Id": 4208751436, "Planner Runtime": 1}, "explain_analyze_plan": {"Plan": {"Node Type": "Aggregate", "Strategy": "Plain", "Startup Cost": 3404.02, "Total Cost": 3404.03, "Plan Rows": 1, "Plan Width": 144, "Actual Startup Time": 123.981, "Actual Total Time": 123.983, "Actual Rows": 1, "Actual Loops": 1, "Plans": [{"Node Type": "Nested Loop", "Parent Relationship": "Outer", "Join Type": "Inner", "Startup Cost": 0.0, "Total Cost": 3404.01, "Plan Rows": 1, "Plan Width": 48, "Actual Startup Time": 8.671, "Actual Total Time": 123.935, "Actual Rows": 6, "Actual Loops": 1, "Inner Unique": true, "Join Filter": "(mk.movie_id = t.id)", "Rows Removed by Join Filter": 0, "Plans": [{"Node Type": "Nested Loop", "Parent Relationship": "Outer", "Join Type": "Inner", "Startup Cost": 0.0, "Total Cost": 3403.72, "Plan Rows": 1, "Plan Width": 39, "Actual Startup Time": 8.653, "Actual Total Time": 123.882, "Actual Rows": 6, "Actual Loops": 1, "Inner Unique": true, "Plans": [{"Node Type": "Nested Loop", "Parent Relationship": "Outer", "Join Type": "Inner", "Startup Cost": 0.0, "Total Cost": 3345.17, "Plan Rows": 202, "Plan Width": 28, "Actual Startup Time": 7.067, "Actual Total Time": 116.917, "Actual Rows": 1242, "Actual Loops": 1, "Inner Unique": false, "Plans": [{"Node Type": "Nested Loop", "Parent Relationship": "Outer", "Join Type": "Inner", "Startup Cost": 0.0, "Total Cost": 3319.92, "Plan Rows": 33, "Plan Width": 20, "Actual Startup Time": 7.054, "Actual Total Time": 114.743, "Actual Rows": 14, "Actual Loops": 1, "Inner Unique": false, "Plans": [{"Node Type": "Index Scan", "Parent Relationship": "Outer", "Scan Direction": "Forward", "Index Name": "keyword_pkey", "Relation Name": "keyword", "Alias": "k", "Startup Cost": 0.0, "Total Cost": 3182.72, "Plan Rows": 1, "Plan Width": 20, "Actual Startup Time": 7.038, "Actual Total Time": 114.697, "Actual Rows": 1, "Actual Loops": 1, "Filter": "((keyword)::text = 'marvel-cinematic-universe'::text)", "Rows Removed by Filter": 134168}, {"Node Type": "Index Scan", "Parent Relationship": "Inner", "Scan Direction": "Forward", "Index Name": "keyword_id_movie_keyword", "Relation Name": "movie_keyword", "Alias": "mk", "Startup Cost": 0.0, "Total Cost": 136.88, "Plan Rows": 33, "Plan Width": 8, "Actual Startup Time": 0.012, "Actual Total Time": 0.034, "Actual Rows": 14, "Actual Loops": 1, "Index Cond": "(keyword_id = k.id)", "Rows Removed by Index Recheck": 0}]}, {"Node Type": "Index Scan", "Parent Relationship": "Inner", "Scan Direction": "Forward", "Index Name": "movie_id_cast_info", "Relation Name": "cast_info", "Alias": "ci", "Startup Cost": 0.0, "Total Cost": 0.7, "Plan Rows": 6, "Plan Width": 8, "Actual Startup Time": 0.159, "Actual Total Time": 1.869, "Actual Rows": 1242, "Actual Loops": 14, "Index Cond": "(movie_id = mk.movie_id)", "Rows Removed by Index Recheck": 0}]}, {"Node Type": "Index Scan", "Parent Relationship": "Inner", "Scan Direction": "Forward", "Index Name": "name_pkey", "Relation Name": "name", "Alias": "n", "Startup Cost": 0.0, "Total Cost": 0.28, "Plan Rows": 1, "Plan Width": 19, "Actual Startup Time": 6.305, "Actual Total Time": 6.305, "Actual Rows": 6, "Actual Loops": 1242, "Index Cond": "(id = ci.person_id)", "Rows Removed by Index Recheck": 0, "Filter": "((name)::text ~~ '%Downey%Robert%'::text)", "Rows Removed by Filter": 1236}]}, {"Node Type": "Index Scan", "Parent Relationship": "Inner", "Scan Direction": "Forward", "Index Name": "title_pkey", "Relation Name": "title", "Alias": "t", "Startup Cost": 0.0, "Total Cost": 0.28, "Plan Rows": 1, "Plan Width": 21, "Actual Startup Time": 0.04, "Actual Total Time": 0.04, "Actual Rows": 6, "Actual Loops": 6, "Index Cond": "(id = ci.movie_id)", "Rows Removed by Index Recheck": 0, "Filter": "(production_year > 2010)", "Rows Removed by Filter": 0}]}]}, "Triggers": [], "Planner Runtime": 8.449, "Total Runtime": 124.25, "Unique SQL Id": 4208751436}}, "(64, '58')": {"explain_plan": {"Plan": {"Node Type": "Aggregate", "Strategy": "Plain", "Startup Cost": 500724.99, "Total Cost": 500725.0, "Plan Rows": 1, "Plan Width": 144, "Plans": [{"Node Type": "Nested Loop", "Parent Relationship": "Outer", "Join Type": "Inner", "Startup Cost": 0.0, "Total Cost": 500724.98, "Plan Rows": 1, "Plan Width": 48, "Inner Unique": true, "Join Filter": "(mk.movie_id = t.id)", "Plans": [{"Node Type": "Nested Loop", "Parent Relationship": "Outer", "Join Type": "Inner", "Startup Cost": 0.0, "Total Cost": 423718.92, "Plan Rows": 1, "Plan Width": 39, "Inner Unique": false, "Join Filter": "(ci.person_id = n.id)", "Plans": [{"Node Type": "Streaming(type: LOCAL GATHER dop: 1/64)", "Parent Relationship": "Outer", "Startup Cost": 0.0, "Total Cost": 64625.6, "Plan Rows": 415, "Plan Width": 19, "Plans": [{"Node Type": "Seq Scan", "Parent Relationship": "Outer", "Relation Name": "name", "Alias": "n", "Startup Cost": 0.0, "Total Cost": 64617.04, "Plan Rows": 415, "Plan Width": 19, "Filter": "((name)::text ~~ '%Downey%Robert%'::text)"}]}, {"Node Type": "Materialize", "Parent Relationship": "Inner", "Startup Cost": 0.0, "Total Cost": 357836.37, "Plan Rows": 202, "Plan Width": 28, "Plans": [{"Node Type": "Streaming(type: LOCAL GATHER dop: 1/64)", "Parent Relationship": "Outer", "Startup Cost": 0.0, "Total Cost": 357835.36, "Plan Rows": 202, "Plan Width": 28, "Plans": [{"Node Type": "Nested Loop", "Parent Relationship": "Outer", "Join Type": "Inner", "Startup Cost": 0.0, "Total Cost": 357831.19, "Plan Rows": 202, "Plan Width": 28, "Inner Unique": false, "Join Filter": "(mk.movie_id = ci.movie_id)", "Plans": [{"Node Type": "Streaming(type: LOCAL REDISTRIBUTE dop: 64/1)", "Parent Relationship": "Outer", "Startup Cost": 0.0, "Total Cost": 184427.86, "Plan Rows": 33, "Plan Width": 20, "Plans": [{"Node Type": "Nested Loop", "Parent Relationship": "Outer", "Join Type": "Inner", "Startup Cost": 0.0, "Total Cost": 121426.52, "Plan Rows": 33, "Plan Width": 20, "Inner Unique": false, "Join Filter": "(k.id = mk.keyword_id)", "Plans": [{"Node Type": "Seq Scan", "Parent Relationship": "Outer", "Relation Name": "keyword", "Alias": "k", "Startup Cost": 0.0, "Total Cost": 2436.11, "Plan Rows": 1, "Plan Width": 20, "Filter": "((keyword)::text = 'marvel-cinematic-universe'::text)"}, {"Node Type": "Seq Scan", "Parent Relationship": "Inner", "Relation Name": "movie_keyword", "Alias": "mk", "Startup Cost": 0.0, "Total Cost": 62441.29, "Plan Rows": 4523929, "Plan Width": 8}]}]}, {"Node Type": "Materialize", "Parent Relationship": "Inner", "Startup Cost": 0.0, "Total Cost": 260400.45, "Plan Rows": 36259494, "Plan Width": 8, "Plans": [{"Node Type": "Streaming(type: LOCAL REDISTRIBUTE dop: 64/64)", "Parent Relationship": "Outer", "Startup Cost": 0.0, "Total Cost": 169751.72, "Plan Rows": 36259494, "Plan Width": 8, "Plans": [{"Node Type": "Seq Scan", "Parent Relationship": "Outer", "Relation Name": "cast_info", "Alias": "ci", "Startup Cost": 0.0, "Total Cost": 72404.34, "Plan Rows": 36259494, "Plan Width": 8}]}]}]}]}]}]}, {"Node Type": "Materialize", "Parent Relationship": "Inner", "Startup Cost": 0.0, "Total Cost": 73091.56, "Plan Rows": 391451, "Plan Width": 21, "Plans": [{"Node Type": "Streaming(type: LOCAL GATHER dop: 1/64)", "Parent Relationship": "Outer", "Startup Cost": 0.0, "Total Cost": 72112.93, "Plan Rows": 391451, "Plan Width": 21, "Plans": [{"Node Type": "Seq Scan", "Parent Relationship": "Outer", "Relation Name": "title", "Alias": "t", "Startup Cost": 0.0, "Total Cost": 64037.34, "Plan Rows": 391451, "Plan Width": 21, "Filter": "(production_year > 2010), (LLVM Optimized)"}]}]}]}]}, "Unique SQL Id": 4208751436, "Planner Runtime": 2}, "explain_analyze_plan": null}, "(64, '59')": {"explain_plan": {"Plan": {"Node Type": "Aggregate", "Strategy": "Plain", "Startup Cost": 5000223041129.71, "Total Cost": 5000223041129.72, "Plan Rows": 1, "Plan Width": 144, "Plans": [{"Node Type": "Nested Loop", "Parent Relationship": "Outer", "Join Type": "Inner", "Startup Cost": 50000000000.0, "Total Cost": 5000223041129.7, "Plan Rows": 1, "Plan Width": 48, "Inner Unique": true, "Join Filter": "(mk.movie_id = t.id)", "Plans": [{"Node Type": "Nested Loop", "Parent Relationship": "Outer", "Join Type": "Inner", "Startup Cost": 40000000000.0, "Total Cost": 4000223041101.96, "Plan Rows": 1, "Plan Width": 39, "Inner Unique": true, "Join Filter": "(ci.person_id = n.id)", "Plans": [{"Node Type": "Nested Loop", "Parent Relationship": "Outer", "Join Type": "Inner", "Startup Cost": 30000000000.0, "Total Cost": 3000204374696.26, "Plan Rows": 202, "Plan Width": 28, "Inner Unique": false, "Join Filter": "(mk.movie_id = ci.movie_id)", "Plans": [{"Node Type": "Nested Loop", "Parent Relationship": "Outer", "Join Type": "Inner", "Startup Cost": 20000000000.0, "Total Cost": 2000015686764.79, "Plan Rows": 33, "Plan Width": 20, "Inner Unique": true, "Join Filter": "(k.id = mk.keyword_id)", "Plans": [{"Node Type": "Index Scan", "Parent Relationship": "Outer", "Scan Direction": "Forward", "Index Name": "movie_id_movie_keyword", "Relation Name": "movie_keyword", "Alias": "mk", "Startup Cost": 10000000000.0, "Total Cost": 1000015300634.17, "Plan Rows": 4523929, "Plan Width": 8}, {"Node Type": "Materialize", "Parent Relationship": "Inner", "Startup Cost": 10000000000.0, "Total Cost": 1000000318271.69, "Plan Rows": 1, "Plan Width": 20, "Plans": [{"Node Type": "Index Scan", "Parent Relationship": "Outer", "Scan Direction": "Forward", "Index Name": "keyword_pkey", "Relation Name": "keyword", "Alias": "k", "Startup Cost": 10000000000.0, "Total Cost": 1000000318271.68, "Plan Rows": 1, "Plan Width": 20, "Filter": "((keyword)::text = 'marvel-cinematic-universe'::text)"}]}]}, {"Node Type": "Materialize", "Parent Relationship": "Inner", "Startup Cost": 10000000000.0, "Total Cost": 1000170830130.68, "Plan Rows": 36259494, "Plan Width": 8, "Plans": [{"Node Type": "Index Scan", "Parent Relationship": "Outer", "Scan Direction": "Forward", "Index Name": "person_id_cast_info", "Relation Name": "cast_info", "Alias": "ci", "Startup Cost": 10000000000.0, "Total Cost": 1000170648833.21, "Plan Rows": 36259494, "Plan Width": 8}]}]}, {"Node Type": "Materialize", "Parent Relationship": "Inner", "Startup Cost": 10000000000.0, "Total Cost": 1000018665149.28, "Plan Rows": 415, "Plan Width": 19, "Plans": [{"Node Type": "Index Scan", "Parent Relationship": "Outer", "Scan Direction": "Forward", "Index Name": "name_pkey", "Relation Name": "name", "Alias": "n", "Startup Cost": 10000000000.0, "Total Cost": 1000018665147.2, "Plan Rows": 415, "Plan Width": 19, "Filter": "((name)::text ~~ '%Downey%Robert%'::text)"}]}]}, {"Node Type": "Index Scan", "Parent Relationship": "Inner", "Scan Direction": "Forward", "Index Name": "title_pkey", "Relation Name": "title", "Alias": "t", "Startup Cost": 10000000000.0, "Total Cost": 1000000000027.74, "Plan Rows": 1, "Plan Width": 21, "Index Cond": "(id = ci.movie_id)", "Filter": "(production_year > 2010)"}]}]}, "Unique SQL Id": 4208751436, "Planner Runtime": 3}, "explain_analyze_plan": null}, "(64, '60')": {"explain_plan": {"Plan": {"Node Type": "Aggregate", "Strategy": "Plain", "Startup Cost": 2657.42, "Total Cost": 2657.43, "Plan Rows": 1, "Plan Width": 144, "Plans": [{"Node Type": "Nested Loop", "Parent Relationship": "Outer", "Join Type": "Inner", "Startup Cost": 0.0, "Total Cost": 2657.41, "Plan Rows": 1, "Plan Width": 48, "Inner Unique": true, "Join Filter": "(mk.movie_id = t.id)", "Plans": [{"Node Type": "Nested Loop", "Parent Relationship": "Outer", "Join Type": "Inner", "Startup Cost": 0.0, "Total Cost": 2657.12, "Plan Rows": 1, "Plan Width": 39, "Inner Unique": true, "Plans": [{"Node Type": "Nested Loop", "Parent Relationship": "Outer", "Join Type": "Inner", "Startup Cost": 0.0, "Total Cost": 2598.56, "Plan Rows": 202, "Plan Width": 28, "Inner Unique": false, "Plans": [{"Node Type": "Nested Loop", "Parent Relationship": "Outer", "Join Type": "Inner", "Startup Cost": 0.0, "Total Cost": 2573.32, "Plan Rows": 33, "Plan Width": 20, "Inner Unique": false, "Plans": [{"Node Type": "Seq Scan", "Parent Relationship": "Outer", "Relation Name": "keyword", "Alias": "k", "Startup Cost": 0.0, "Total Cost": 2436.11, "Plan Rows": 1, "Plan Width": 20, "Filter": "((keyword)::text = 'marvel-cinematic-universe'::text)"}, {"Node Type": "Index Scan", "Parent Relationship": "Inner", "Scan Direction": "Forward", "Index Name": "keyword_id_movie_keyword", "Relation Name": "movie_keyword", "Alias": "mk", "Startup Cost": 0.0, "Total Cost": 136.88, "Plan Rows": 33, "Plan Width": 8, "Index Cond": "(keyword_id = k.id)"}]}, {"Node Type": "Index Scan", "Parent Relationship": "Inner", "Scan Direction": "Forward", "Index Name": "movie_id_cast_info", "Relation Name": "cast_info", "Alias": "ci", "Startup Cost": 0.0, "Total Cost": 0.7, "Plan Rows": 6, "Plan Width": 8, "Index Cond": "(movie_id = mk.movie_id)"}]}, {"Node Type": "Index Scan", "Parent Relationship": "Inner", "Scan Direction": "Forward", "Index Name": "name_pkey", "Relation Name": "name", "Alias": "n", "Startup Cost": 0.0, "Total Cost": 0.28, "Plan Rows": 1, "Plan Width": 19, "Index Cond": "(id = ci.person_id)", "Filter": "((name)::text ~~ '%Downey%Robert%'::text)"}]}, {"Node Type": "Index Scan", "Parent Relationship": "Inner", "Scan Direction": "Forward", "Index Name": "title_pkey", "Relation Name": "title", "Alias": "t", "Startup Cost": 0.0, "Total Cost": 0.28, "Plan Rows": 1, "Plan Width": 21, "Index Cond": "(id = ci.movie_id)", "Filter": "(production_year > 2010)"}]}]}, "Unique SQL Id": 4208751436, "Planner Runtime": 2}, "explain_analyze_plan": {"Plan": {"Node Type": "Aggregate", "Strategy": "Plain", "Startup Cost": 2657.42, "Total Cost": 2657.43, "Plan Rows": 1, "Plan Width": 144, "Actual Startup Time": 53.179, "Actual Total Time": 53.179, "Actual Rows": 1, "Actual Loops": 1, "Plans": [{"Node Type": "Nested Loop", "Parent Relationship": "Outer", "Join Type": "Inner", "Startup Cost": 0.0, "Total Cost": 2657.41, "Plan Rows": 1, "Plan Width": 48, "Actual Startup Time": 3.067, "Actual Total Time": 53.134, "Actual Rows": 6, "Actual Loops": 1, "Inner Unique": true, "Join Filter": "(mk.movie_id = t.id)", "Rows Removed by Join Filter": 0, "Plans": [{"Node Type": "Nested Loop", "Parent Relationship": "Outer", "Join Type": "Inner", "Startup Cost": 0.0, "Total Cost": 2657.12, "Plan Rows": 1, "Plan Width": 39, "Actual Startup Time": 3.044, "Actual Total Time": 53.073, "Actual Rows": 6, "Actual Loops": 1, "Inner Unique": true, "Plans": [{"Node Type": "Nested Loop", "Parent Relationship": "Outer", "Join Type": "Inner", "Startup Cost": 0.0, "Total Cost": 2598.56, "Plan Rows": 202, "Plan Width": 28, "Actual Startup Time": 1.153, "Actual Total Time": 45.245, "Actual Rows": 1242, "Actual Loops": 1, "Inner Unique": false, "Plans": [{"Node Type": "Nested Loop", "Parent Relationship": "Outer", "Join Type": "Inner", "Startup Cost": 0.0, "Total Cost": 2573.32, "Plan Rows": 33, "Plan Width": 20, "Actual Startup Time": 1.139, "Actual Total Time": 42.599, "Actual Rows": 14, "Actual Loops": 1, "Inner Unique": false, "Plans": [{"Node Type": "Seq Scan", "Parent Relationship": "Outer", "Relation Name": "keyword", "Alias": "k", "Startup Cost": 0.0, "Total Cost": 2436.11, "Plan Rows": 1, "Plan Width": 20, "Actual Startup Time": 1.116, "Actual Total Time": 42.539, "Actual Rows": 1, "Actual Loops": 1, "Filter": "((keyword)::text = 'marvel-cinematic-universe'::text)", "Rows Removed by Filter": 134168}, {"Node Type": "Index Scan", "Parent Relationship": "Inner", "Scan Direction": "Forward", "Index Name": "keyword_id_movie_keyword", "Relation Name": "movie_keyword", "Alias": "mk", "Startup Cost": 0.0, "Total Cost": 136.88, "Plan Rows": 33, "Plan Width": 8, "Actual Startup Time": 0.018, "Actual Total Time": 0.043, "Actual Rows": 14, "Actual Loops": 1, "Index Cond": "(keyword_id = k.id)", "Rows Removed by Index Recheck": 0}]}, {"Node Type": "Index Scan", "Parent Relationship": "Inner", "Scan Direction": "Forward", "Index Name": "movie_id_cast_info", "Relation Name": "cast_info", "Alias": "ci", "Startup Cost": 0.0, "Total Cost": 0.7, "Plan Rows": 6, "Plan Width": 8, "Actual Startup Time": 0.179, "Actual Total Time": 2.353, "Actual Rows": 1242, "Actual Loops": 14, "Index Cond": "(movie_id = mk.movie_id)", "Rows Removed by Index Recheck": 0}]}, {"Node Type": "Index Scan", "Parent Relationship": "Inner", "Scan Direction": "Forward", "Index Name": "name_pkey", "Relation Name": "name", "Alias": "n", "Startup Cost": 0.0, "Total Cost": 0.28, "Plan Rows": 1, "Plan Width": 19, "Actual Startup Time": 7.21, "Actual Total Time": 7.21, "Actual Rows": 6, "Actual Loops": 1242, "Index Cond": "(id = ci.person_id)", "Rows Removed by Index Recheck": 0, "Filter": "((name)::text ~~ '%Downey%Robert%'::text)", "Rows Removed by Filter": 1236}]}, {"Node Type": "Index Scan", "Parent Relationship": "Inner", "Scan Direction": "Forward", "Index Name": "title_pkey", "Relation Name": "title", "Alias": "t", "Startup Cost": 0.0, "Total Cost": 0.28, "Plan Rows": 1, "Plan Width": 21, "Actual Startup Time": 0.042, "Actual Total Time": 0.042, "Actual Rows": 6, "Actual Loops": 6, "Index Cond": "(id = ci.movie_id)", "Rows Removed by Index Recheck": 0, "Filter": "(production_year > 2010)", "Rows Removed by Filter": 0}]}]}, "Triggers": [], "Planner Runtime": 9.561, "Total Runtime": 53.444, "Unique SQL Id": 4208751436}}, "(64, '61')": {"explain_plan": {"Plan": {"Node Type": "Aggregate", "Strategy": "Plain", "Startup Cost": 3404.02, "Total Cost": 3404.03, "Plan Rows": 1, "Plan Width": 144, "Plans": [{"Node Type": "Nested Loop", "Parent Relationship": "Outer", "Join Type": "Inner", "Startup Cost": 0.0, "Total Cost": 3404.01, "Plan Rows": 1, "Plan Width": 48, "Inner Unique": true, "Join Filter": "(mk.movie_id = t.id)", "Plans": [{"Node Type": "Nested Loop", "Parent Relationship": "Outer", "Join Type": "Inner", "Startup Cost": 0.0, "Total Cost": 3403.72, "Plan Rows": 1, "Plan Width": 39, "Inner Unique": true, "Plans": [{"Node Type": "Nested Loop", "Parent Relationship": "Outer", "Join Type": "Inner", "Startup Cost": 0.0, "Total Cost": 3345.17, "Plan Rows": 202, "Plan Width": 28, "Inner Unique": false, "Plans": [{"Node Type": "Nested Loop", "Parent Relationship": "Outer", "Join Type": "Inner", "Startup Cost": 0.0, "Total Cost": 3319.92, "Plan Rows": 33, "Plan Width": 20, "Inner Unique": false, "Plans": [{"Node Type": "Index Scan", "Parent Relationship": "Outer", "Scan Direction": "Forward", "Index Name": "keyword_pkey", "Relation Name": "keyword", "Alias": "k", "Startup Cost": 0.0, "Total Cost": 3182.72, "Plan Rows": 1, "Plan Width": 20, "Filter": "((keyword)::text = 'marvel-cinematic-universe'::text)"}, {"Node Type": "Index Scan", "Parent Relationship": "Inner", "Scan Direction": "Forward", "Index Name": "keyword_id_movie_keyword", "Relation Name": "movie_keyword", "Alias": "mk", "Startup Cost": 0.0, "Total Cost": 136.88, "Plan Rows": 33, "Plan Width": 8, "Index Cond": "(keyword_id = k.id)"}]}, {"Node Type": "Index Scan", "Parent Relationship": "Inner", "Scan Direction": "Forward", "Index Name": "movie_id_cast_info", "Relation Name": "cast_info", "Alias": "ci", "Startup Cost": 0.0, "Total Cost": 0.7, "Plan Rows": 6, "Plan Width": 8, "Index Cond": "(movie_id = mk.movie_id)"}]}, {"Node Type": "Index Scan", "Parent Relationship": "Inner", "Scan Direction": "Forward", "Index Name": "name_pkey", "Relation Name": "name", "Alias": "n", "Startup Cost": 0.0, "Total Cost": 0.28, "Plan Rows": 1, "Plan Width": 19, "Index Cond": "(id = ci.person_id)", "Filter": "((name)::text ~~ '%Downey%Robert%'::text)"}]}, {"Node Type": "Index Scan", "Parent Relationship": "Inner", "Scan Direction": "Forward", "Index Name": "title_pkey", "Relation Name": "title", "Alias": "t", "Startup Cost": 0.0, "Total Cost": 0.28, "Plan Rows": 1, "Plan Width": 21, "Index Cond": "(id = ci.movie_id)", "Filter": "(production_year > 2010)"}]}]}, "Unique SQL Id": 4208751436, "Planner Runtime": 1}, "explain_analyze_plan": {"Plan": {"Node Type": "Aggregate", "Strategy": "Plain", "Startup Cost": 3404.02, "Total Cost": 3404.03, "Plan Rows": 1, "Plan Width": 144, "Actual Startup Time": 123.981, "Actual Total Time": 123.983, "Actual Rows": 1, "Actual Loops": 1, "Plans": [{"Node Type": "Nested Loop", "Parent Relationship": "Outer", "Join Type": "Inner", "Startup Cost": 0.0, "Total Cost": 3404.01, "Plan Rows": 1, "Plan Width": 48, "Actual Startup Time": 8.671, "Actual Total Time": 123.935, "Actual Rows": 6, "Actual Loops": 1, "Inner Unique": true, "Join Filter": "(mk.movie_id = t.id)", "Rows Removed by Join Filter": 0, "Plans": [{"Node Type": "Nested Loop", "Parent Relationship": "Outer", "Join Type": "Inner", "Startup Cost": 0.0, "Total Cost": 3403.72, "Plan Rows": 1, "Plan Width": 39, "Actual Startup Time": 8.653, "Actual Total Time": 123.882, "Actual Rows": 6, "Actual Loops": 1, "Inner Unique": true, "Plans": [{"Node Type": "Nested Loop", "Parent Relationship": "Outer", "Join Type": "Inner", "Startup Cost": 0.0, "Total Cost": 3345.17, "Plan Rows": 202, "Plan Width": 28, "Actual Startup Time": 7.067, "Actual Total Time": 116.917, "Actual Rows": 1242, "Actual Loops": 1, "Inner Unique": false, "Plans": [{"Node Type": "Nested Loop", "Parent Relationship": "Outer", "Join Type": "Inner", "Startup Cost": 0.0, "Total Cost": 3319.92, "Plan Rows": 33, "Plan Width": 20, "Actual Startup Time": 7.054, "Actual Total Time": 114.743, "Actual Rows": 14, "Actual Loops": 1, "Inner Unique": false, "Plans": [{"Node Type": "Index Scan", "Parent Relationship": "Outer", "Scan Direction": "Forward", "Index Name": "keyword_pkey", "Relation Name": "keyword", "Alias": "k", "Startup Cost": 0.0, "Total Cost": 3182.72, "Plan Rows": 1, "Plan Width": 20, "Actual Startup Time": 7.038, "Actual Total Time": 114.697, "Actual Rows": 1, "Actual Loops": 1, "Filter": "((keyword)::text = 'marvel-cinematic-universe'::text)", "Rows Removed by Filter": 134168}, {"Node Type": "Index Scan", "Parent Relationship": "Inner", "Scan Direction": "Forward", "Index Name": "keyword_id_movie_keyword", "Relation Name": "movie_keyword", "Alias": "mk", "Startup Cost": 0.0, "Total Cost": 136.88, "Plan Rows": 33, "Plan Width": 8, "Actual Startup Time": 0.012, "Actual Total Time": 0.034, "Actual Rows": 14, "Actual Loops": 1, "Index Cond": "(keyword_id = k.id)", "Rows Removed by Index Recheck": 0}]}, {"Node Type": "Index Scan", "Parent Relationship": "Inner", "Scan Direction": "Forward", "Index Name": "movie_id_cast_info", "Relation Name": "cast_info", "Alias": "ci", "Startup Cost": 0.0, "Total Cost": 0.7, "Plan Rows": 6, "Plan Width": 8, "Actual Startup Time": 0.159, "Actual Total Time": 1.869, "Actual Rows": 1242, "Actual Loops": 14, "Index Cond": "(movie_id = mk.movie_id)", "Rows Removed by Index Recheck": 0}]}, {"Node Type": "Index Scan", "Parent Relationship": "Inner", "Scan Direction": "Forward", "Index Name": "name_pkey", "Relation Name": "name", "Alias": "n", "Startup Cost": 0.0, "Total Cost": 0.28, "Plan Rows": 1, "Plan Width": 19, "Actual Startup Time": 6.305, "Actual Total Time": 6.305, "Actual Rows": 6, "Actual Loops": 1242, "Index Cond": "(id = ci.person_id)", "Rows Removed by Index Recheck": 0, "Filter": "((name)::text ~~ '%Downey%Robert%'::text)", "Rows Removed by Filter": 1236}]}, {"Node Type": "Index Scan", "Parent Relationship": "Inner", "Scan Direction": "Forward", "Index Name": "title_pkey", "Relation Name": "title", "Alias": "t", "Startup Cost": 0.0, "Total Cost": 0.28, "Plan Rows": 1, "Plan Width": 21, "Actual Startup Time": 0.04, "Actual Total Time": 0.04, "Actual Rows": 6, "Actual Loops": 6, "Index Cond": "(id = ci.movie_id)", "Rows Removed by Index Recheck": 0, "Filter": "(production_year > 2010)", "Rows Removed by Filter": 0}]}]}, "Triggers": [], "Planner Runtime": 8.449, "Total Runtime": 124.25, "Unique SQL Id": 4208751436}}, "(64, '62')": {"explain_plan": {"Plan": {"Node Type": "Aggregate", "Strategy": "Plain", "Startup Cost": 500724.99, "Total Cost": 500725.0, "Plan Rows": 1, "Plan Width": 144, "Plans": [{"Node Type": "Nested Loop", "Parent Relationship": "Outer", "Join Type": "Inner", "Startup Cost": 0.0, "Total Cost": 500724.98, "Plan Rows": 1, "Plan Width": 48, "Inner Unique": true, "Join Filter": "(mk.movie_id = t.id)", "Plans": [{"Node Type": "Nested Loop", "Parent Relationship": "Outer", "Join Type": "Inner", "Startup Cost": 0.0, "Total Cost": 423718.92, "Plan Rows": 1, "Plan Width": 39, "Inner Unique": false, "Join Filter": "(ci.person_id = n.id)", "Plans": [{"Node Type": "Streaming(type: LOCAL GATHER dop: 1/64)", "Parent Relationship": "Outer", "Startup Cost": 0.0, "Total Cost": 64625.6, "Plan Rows": 415, "Plan Width": 19, "Plans": [{"Node Type": "Seq Scan", "Parent Relationship": "Outer", "Relation Name": "name", "Alias": "n", "Startup Cost": 0.0, "Total Cost": 64617.04, "Plan Rows": 415, "Plan Width": 19, "Filter": "((name)::text ~~ '%Downey%Robert%'::text)"}]}, {"Node Type": "Materialize", "Parent Relationship": "Inner", "Startup Cost": 0.0, "Total Cost": 357836.37, "Plan Rows": 202, "Plan Width": 28, "Plans": [{"Node Type": "Streaming(type: LOCAL GATHER dop: 1/64)", "Parent Relationship": "Outer", "Startup Cost": 0.0, "Total Cost": 357835.36, "Plan Rows": 202, "Plan Width": 28, "Plans": [{"Node Type": "Nested Loop", "Parent Relationship": "Outer", "Join Type": "Inner", "Startup Cost": 0.0, "Total Cost": 357831.19, "Plan Rows": 202, "Plan Width": 28, "Inner Unique": false, "Join Filter": "(mk.movie_id = ci.movie_id)", "Plans": [{"Node Type": "Streaming(type: LOCAL REDISTRIBUTE dop: 64/1)", "Parent Relationship": "Outer", "Startup Cost": 0.0, "Total Cost": 184427.86, "Plan Rows": 33, "Plan Width": 20, "Plans": [{"Node Type": "Nested Loop", "Parent Relationship": "Outer", "Join Type": "Inner", "Startup Cost": 0.0, "Total Cost": 121426.52, "Plan Rows": 33, "Plan Width": 20, "Inner Unique": false, "Join Filter": "(k.id = mk.keyword_id)", "Plans": [{"Node Type": "Seq Scan", "Parent Relationship": "Outer", "Relation Name": "keyword", "Alias": "k", "Startup Cost": 0.0, "Total Cost": 2436.11, "Plan Rows": 1, "Plan Width": 20, "Filter": "((keyword)::text = 'marvel-cinematic-universe'::text)"}, {"Node Type": "Seq Scan", "Parent Relationship": "Inner", "Relation Name": "movie_keyword", "Alias": "mk", "Startup Cost": 0.0, "Total Cost": 62441.29, "Plan Rows": 4523929, "Plan Width": 8}]}]}, {"Node Type": "Materialize", "Parent Relationship": "Inner", "Startup Cost": 0.0, "Total Cost": 260400.45, "Plan Rows": 36259494, "Plan Width": 8, "Plans": [{"Node Type": "Streaming(type: LOCAL REDISTRIBUTE dop: 64/64)", "Parent Relationship": "Outer", "Startup Cost": 0.0, "Total Cost": 169751.72, "Plan Rows": 36259494, "Plan Width": 8, "Plans": [{"Node Type": "Seq Scan", "Parent Relationship": "Outer", "Relation Name": "cast_info", "Alias": "ci", "Startup Cost": 0.0, "Total Cost": 72404.34, "Plan Rows": 36259494, "Plan Width": 8}]}]}]}]}]}]}, {"Node Type": "Materialize", "Parent Relationship": "Inner", "Startup Cost": 0.0, "Total Cost": 73091.56, "Plan Rows": 391451, "Plan Width": 21, "Plans": [{"Node Type": "Streaming(type: LOCAL GATHER dop: 1/64)", "Parent Relationship": "Outer", "Startup Cost": 0.0, "Total Cost": 72112.93, "Plan Rows": 391451, "Plan Width": 21, "Plans": [{"Node Type": "Seq Scan", "Parent Relationship": "Outer", "Relation Name": "title", "Alias": "t", "Startup Cost": 0.0, "Total Cost": 64037.34, "Plan Rows": 391451, "Plan Width": 21, "Filter": "(production_year > 2010), (LLVM Optimized)"}]}]}]}]}, "Unique SQL Id": 4208751436, "Planner Runtime": 2}, "explain_analyze_plan": null}, "(64, '63')": {"explain_plan": {"Plan": {"Node Type": "Aggregate", "Strategy": "Plain", "Startup Cost": 5000223041129.71, "Total Cost": 5000223041129.72, "Plan Rows": 1, "Plan Width": 144, "Plans": [{"Node Type": "Nested Loop", "Parent Relationship": "Outer", "Join Type": "Inner", "Startup Cost": 50000000000.0, "Total Cost": 5000223041129.7, "Plan Rows": 1, "Plan Width": 48, "Inner Unique": true, "Join Filter": "(mk.movie_id = t.id)", "Plans": [{"Node Type": "Nested Loop", "Parent Relationship": "Outer", "Join Type": "Inner", "Startup Cost": 40000000000.0, "Total Cost": 4000223041101.96, "Plan Rows": 1, "Plan Width": 39, "Inner Unique": true, "Join Filter": "(ci.person_id = n.id)", "Plans": [{"Node Type": "Nested Loop", "Parent Relationship": "Outer", "Join Type": "Inner", "Startup Cost": 30000000000.0, "Total Cost": 3000204374696.26, "Plan Rows": 202, "Plan Width": 28, "Inner Unique": false, "Join Filter": "(mk.movie_id = ci.movie_id)", "Plans": [{"Node Type": "Nested Loop", "Parent Relationship": "Outer", "Join Type": "Inner", "Startup Cost": 20000000000.0, "Total Cost": 2000015686764.79, "Plan Rows": 33, "Plan Width": 20, "Inner Unique": true, "Join Filter": "(k.id = mk.keyword_id)", "Plans": [{"Node Type": "Index Scan", "Parent Relationship": "Outer", "Scan Direction": "Forward", "Index Name": "movie_id_movie_keyword", "Relation Name": "movie_keyword", "Alias": "mk", "Startup Cost": 10000000000.0, "Total Cost": 1000015300634.17, "Plan Rows": 4523929, "Plan Width": 8}, {"Node Type": "Materialize", "Parent Relationship": "Inner", "Startup Cost": 10000000000.0, "Total Cost": 1000000318271.69, "Plan Rows": 1, "Plan Width": 20, "Plans": [{"Node Type": "Index Scan", "Parent Relationship": "Outer", "Scan Direction": "Forward", "Index Name": "keyword_pkey", "Relation Name": "keyword", "Alias": "k", "Startup Cost": 10000000000.0, "Total Cost": 1000000318271.68, "Plan Rows": 1, "Plan Width": 20, "Filter": "((keyword)::text = 'marvel-cinematic-universe'::text)"}]}]}, {"Node Type": "Materialize", "Parent Relationship": "Inner", "Startup Cost": 10000000000.0, "Total Cost": 1000170830130.68, "Plan Rows": 36259494, "Plan Width": 8, "Plans": [{"Node Type": "Index Scan", "Parent Relationship": "Outer", "Scan Direction": "Forward", "Index Name": "person_id_cast_info", "Relation Name": "cast_info", "Alias": "ci", "Startup Cost": 10000000000.0, "Total Cost": 1000170648833.21, "Plan Rows": 36259494, "Plan Width": 8}]}]}, {"Node Type": "Materialize", "Parent Relationship": "Inner", "Startup Cost": 10000000000.0, "Total Cost": 1000018665149.28, "Plan Rows": 415, "Plan Width": 19, "Plans": [{"Node Type": "Index Scan", "Parent Relationship": "Outer", "Scan Direction": "Forward", "Index Name": "name_pkey", "Relation Name": "name", "Alias": "n", "Startup Cost": 10000000000.0, "Total Cost": 1000018665147.2, "Plan Rows": 415, "Plan Width": 19, "Filter": "((name)::text ~~ '%Downey%Robert%'::text)"}]}]}, {"Node Type": "Index Scan", "Parent Relationship": "Inner", "Scan Direction": "Forward", "Index Name": "title_pkey", "Relation Name": "title", "Alias": "t", "Startup Cost": 10000000000.0, "Total Cost": 1000000000027.74, "Plan Rows": 1, "Plan Width": 21, "Index Cond": "(id = ci.movie_id)", "Filter": "(production_year > 2010)"}]}]}, "Unique SQL Id": 4208751436, "Planner Runtime": 1}, "explain_analyze_plan": null}, "(64, '64')": {"explain_plan": {"Plan": {"Node Type": "Aggregate", "Strategy": "Plain", "Startup Cost": 2653.12, "Total Cost": 2653.13, "Plan Rows": 1, "Plan Width": 144, "Plans": [{"Node Type": "Nested Loop", "Parent Relationship": "Outer", "Join Type": "Inner", "Startup Cost": 4.51, "Total Cost": 2653.12, "Plan Rows": 1, "Plan Width": 48, "Inner Unique": true, "Join Filter": "(mk.movie_id = t.id)", "Plans": [{"Node Type": "Nested Loop", "Parent Relationship": "Outer", "Join Type": "Inner", "Startup Cost": 4.51, "Total Cost": 2652.83, "Plan Rows": 1, "Plan Width": 39, "Inner Unique": true, "Plans": [{"Node Type": "Nested Loop", "Parent Relationship": "Outer", "Join Type": "Inner", "Startup Cost": 4.51, "Total Cost": 2594.27, "Plan Rows": 202, "Plan Width": 28, "Inner Unique": false, "Plans": [{"Node Type": "Nested Loop", "Parent Relationship": "Outer", "Join Type": "Inner", "Startup Cost": 4.51, "Total Cost": 2569.02, "Plan Rows": 33, "Plan Width": 20, "Inner Unique": false, "Plans": [{"Node Type": "Seq Scan", "Parent Relationship": "Outer", "Relation Name": "keyword", "Alias": "k", "Startup Cost": 0.0, "Total Cost": 2436.11, "Plan Rows": 1, "Plan Width": 20, "Filter": "((keyword)::text = 'marvel-cinematic-universe'::text)"}, {"Node Type": "Bitmap Heap Scan", "Parent Relationship": "Inner", "Relation Name": "movie_keyword", "Alias": "mk", "Startup Cost": 4.51, "Total Cost": 132.58, "Plan Rows": 33, "Plan Width": 8, "Recheck Cond": "(keyword_id = k.id)", "Plans": [{"Node Type": "Bitmap Index Scan", "Parent Relationship": "Outer", "Index Name": "keyword_id_movie_keyword", "Startup Cost": 0.0, "Total Cost": 4.5, "Plan Rows": 33, "Plan Width": 0, "Index Cond": "(keyword_id = k.id)"}]}]}, {"Node Type": "Index Scan", "Parent Relationship": "Inner", "Scan Direction": "Forward", "Index Name": "movie_id_cast_info", "Relation Name": "cast_info", "Alias": "ci", "Startup Cost": 0.0, "Total Cost": 0.7, "Plan Rows": 6, "Plan Width": 8, "Index Cond": "(movie_id = mk.movie_id)"}]}, {"Node Type": "Index Scan", "Parent Relationship": "Inner", "Scan Direction": "Forward", "Index Name": "name_pkey", "Relation Name": "name", "Alias": "n", "Startup Cost": 0.0, "Total Cost": 0.28, "Plan Rows": 1, "Plan Width": 19, "Index Cond": "(id = ci.person_id)", "Filter": "((name)::text ~~ '%Downey%Robert%'::text)"}]}, {"Node Type": "Index Scan", "Parent Relationship": "Inner", "Scan Direction": "Forward", "Index Name": "title_pkey", "Relation Name": "title", "Alias": "t", "Startup Cost": 0.0, "Total Cost": 0.28, "Plan Rows": 1, "Plan Width": 21, "Index Cond": "(id = ci.movie_id)", "Filter": "(production_year > 2010)"}]}]}, "Unique SQL Id": 4208751436, "Planner Runtime": 10}, "explain_analyze_plan": {"Plan": {"Node Type": "Aggregate", "Strategy": "Plain", "Startup Cost": 2653.12, "Total Cost": 2653.13, "Plan Rows": 1, "Plan Width": 144, "Actual Startup Time": 53.108, "Actual Total Time": 53.108, "Actual Rows": 1, "Actual Loops": 1, "Plans": [{"Node Type": "Nested Loop", "Parent Relationship": "Outer", "Join Type": "Inner", "Startup Cost": 4.51, "Total Cost": 2653.12, "Plan Rows": 1, "Plan Width": 48, "Actual Startup Time": 3.077, "Actual Total Time": 53.078, "Actual Rows": 6, "Actual Loops": 1, "Inner Unique": true, "Join Filter": "(mk.movie_id = t.id)", "Rows Removed by Join Filter": 0, "Plans": [{"Node Type": "Nested Loop", "Parent Relationship": "Outer", "Join Type": "Inner", "Startup Cost": 4.51, "Total Cost": 2652.83, "Plan Rows": 1, "Plan Width": 39, "Actual Startup Time": 3.044, "Actual Total Time": 53.008, "Actual Rows": 6, "Actual Loops": 1, "Inner Unique": true, "Plans": [{"Node Type": "Nested Loop", "Parent Relationship": "Outer", "Join Type": "Inner", "Startup Cost": 4.51, "Total Cost": 2594.27, "Plan Rows": 202, "Plan Width": 28, "Actual Startup Time": 1.158, "Actual Total Time": 45.186, "Actual Rows": 1242, "Actual Loops": 1, "Inner Unique": false, "Plans": [{"Node Type": "Nested Loop", "Parent Relationship": "Outer", "Join Type": "Inner", "Startup Cost": 4.51, "Total Cost": 2569.02, "Plan Rows": 33, "Plan Width": 20, "Actual Startup Time": 1.138, "Actual Total Time": 42.528, "Actual Rows": 14, "Actual Loops": 1, "Inner Unique": false, "Plans": [{"Node Type": "Seq Scan", "Parent Relationship": "Outer", "Relation Name": "keyword", "Alias": "k", "Startup Cost": 0.0, "Total Cost": 2436.11, "Plan Rows": 1, "Plan Width": 20, "Actual Startup Time": 1.095, "Actual Total Time": 42.442, "Actual Rows": 1, "Actual Loops": 1, "Filter": "((keyword)::text = 'marvel-cinematic-universe'::text)", "Rows Removed by Filter": 134168}, {"Node Type": "Bitmap Heap Scan", "Parent Relationship": "Inner", "Relation Name": "movie_keyword", "Alias": "mk", "Startup Cost": 4.51, "Total Cost": 132.58, "Plan Rows": 33, "Plan Width": 8, "Actual Startup Time": 0.035, "Actual Total Time": 0.069, "Actual Rows": 14, "Actual Loops": 1, "Recheck Cond": "(keyword_id = k.id)", "Rows Removed by Index Recheck": 0, "Exact Heap Blocks": 13, "Lossy Heap Blocks": 13, "Plans": [{"Node Type": "Bitmap Index Scan", "Parent Relationship": "Outer", "Index Name": "keyword_id_movie_keyword", "Startup Cost": 0.0, "Total Cost": 4.5, "Plan Rows": 33, "Plan Width": 0, "Actual Startup Time": 0.021, "Actual Total Time": 0.021, "Actual Rows": 14, "Actual Loops": 1, "Index Cond": "(keyword_id = k.id)"}]}]}, {"Node Type": "Index Scan", "Parent Relationship": "Inner", "Scan Direction": "Forward", "Index Name": "movie_id_cast_info", "Relation Name": "cast_info", "Alias": "ci", "Startup Cost": 0.0, "Total Cost": 0.7, "Plan Rows": 6, "Plan Width": 8, "Actual Startup Time": 0.192, "Actual Total Time": 2.354, "Actual Rows": 1242, "Actual Loops": 14, "Index Cond": "(movie_id = mk.movie_id)", "Rows Removed by Index Recheck": 0}]}, {"Node Type": "Index Scan", "Parent Relationship": "Inner", "Scan Direction": "Forward", "Index Name": "name_pkey", "Relation Name": "name", "Alias": "n", "Startup Cost": 0.0, "Total Cost": 0.28, "Plan Rows": 1, "Plan Width": 19, "Actual Startup Time": 7.222, "Actual Total Time": 7.222, "Actual Rows": 6, "Actual Loops": 1242, "Index Cond": "(id = ci.person_id)", "Rows Removed by Index Recheck": 0, "Filter": "((name)::text ~~ '%Downey%Robert%'::text)", "Rows Removed by Filter": 1236}]}, {"Node Type": "Index Scan", "Parent Relationship": "Inner", "Scan Direction": "Forward", "Index Name": "title_pkey", "Relation Name": "title", "Alias": "t", "Startup Cost": 0.0, "Total Cost": 0.28, "Plan Rows": 1, "Plan Width": 21, "Actual Startup Time": 0.048, "Actual Total Time": 0.048, "Actual Rows": 6, "Actual Loops": 6, "Index Cond": "(id = ci.movie_id)", "Rows Removed by Index Recheck": 0, "Filter": "(production_year > 2010)", "Rows Removed by Filter": 0}]}]}, "Triggers": [], "Planner Runtime": 9.728, "Total Runtime": 53.358, "Unique SQL Id": 4208751436}}, "(64, '65')": {"explain_plan": {"Plan": {"Node Type": "Aggregate", "Strategy": "Plain", "Startup Cost": 3418.58, "Total Cost": 3418.59, "Plan Rows": 1, "Plan Width": 144, "Plans": [{"Node Type": "Nested Loop", "Parent Relationship": "Outer", "Join Type": "Inner", "Startup Cost": 4.51, "Total Cost": 3417.51, "Plan Rows": 143, "Plan Width": 48, "Inner Unique": true, "Plans": [{"Node Type": "Nested Loop", "Parent Relationship": "Outer", "Join Type": "Inner", "Startup Cost": 4.51, "Total Cost": 3354.32, "Plan Rows": 218, "Plan Width": 37, "Inner Unique": false, "Join Filter": "(t.id = ci.movie_id)", "Plans": [{"Node Type": "Nested Loop", "Parent Relationship": "Outer", "Join Type": "Inner", "Startup Cost": 4.51, "Total Cost": 3326.24, "Plan Rows": 36, "Plan Width": 41, "Inner Unique": true, "Plans": [{"Node Type": "Nested Loop", "Parent Relationship": "Outer", "Join Type": "Inner", "Startup Cost": 4.51, "Total Cost": 3315.63, "Plan Rows": 33, "Plan Width": 20, "Inner Unique": false, "Plans": [{"Node Type": "Index Scan", "Parent Relationship": "Outer", "Scan Direction": "Forward", "Index Name": "keyword_pkey", "Relation Name": "keyword", "Alias": "k", "Startup Cost": 0.0, "Total Cost": 3182.72, "Plan Rows": 1, "Plan Width": 20, "Filter": "((keyword)::text = 'marvel-cinematic-universe'::text)"}, {"Node Type": "Bitmap Heap Scan", "Parent Relationship": "Inner", "Relation Name": "movie_keyword", "Alias": "mk", "Startup Cost": 4.51, "Total Cost": 132.58, "Plan Rows": 33, "Plan Width": 8, "Recheck Cond": "(keyword_id = k.id)", "Plans": [{"Node Type": "Bitmap Index Scan", "Parent Relationship": "Outer", "Index Name": "keyword_id_movie_keyword", "Startup Cost": 0.0, "Total Cost": 4.5, "Plan Rows": 33, "Plan Width": 0, "Index Cond": "(keyword_id = k.id)"}]}]}, {"Node Type": "Index Scan", "Parent Relationship": "Inner", "Scan Direction": "Forward", "Index Name": "title_pkey", "Relation Name": "title", "Alias": "t", "Startup Cost": 0.0, "Total Cost": 0.31, "Plan Rows": 1, "Plan Width": 21, "Index Cond": "(id = mk.movie_id)", "Filter": "(production_year > 2010)"}]}, {"Node Type": "Index Scan", "Parent Relationship": "Inner", "Scan Direction": "Forward", "Index Name": "movie_id_cast_info", "Relation Name": "cast_info", "Alias": "ci", "Startup Cost": 0.0, "Total Cost": 0.7, "Plan Rows": 6, "Plan Width": 8, "Index Cond": "(movie_id = mk.movie_id)"}]}, {"Node Type": "Index Scan", "Parent Relationship": "Inner", "Scan Direction": "Forward", "Index Name": "name_pkey", "Relation Name": "name", "Alias": "n", "Startup Cost": 0.0, "Total Cost": 0.28, "Plan Rows": 1, "Plan Width": 19, "Index Cond": "(id = ci.person_id)", "Filter": "((name)::text ~~ '%Downey%Robert%'::text)"}]}]}, "Unique SQL Id": 4208751436, "Planner Runtime": 8}, "explain_analyze_plan": {"Plan": {"Node Type": "Aggregate", "Strategy": "Plain", "Startup Cost": 3418.58, "Total Cost": 3418.59, "Plan Rows": 1, "Plan Width": 144, "Actual Startup Time": 128.809, "Actual Total Time": 128.809, "Actual Rows": 1, "Actual Loops": 1, "Plans": [{"Node Type": "Nested Loop", "Parent Relationship": "Outer", "Join Type": "Inner", "Startup Cost": 4.51, "Total Cost": 3417.51, "Plan Rows": 143, "Plan Width": 48, "Actual Startup Time": 9.273, "Actual Total Time": 128.764, "Actual Rows": 6, "Actual Loops": 1, "Inner Unique": true, "Plans": [{"Node Type": "Nested Loop", "Parent Relationship": "Outer", "Join Type": "Inner", "Startup Cost": 4.51, "Total Cost": 3354.32, "Plan Rows": 218, "Plan Width": 37, "Actual Startup Time": 7.231, "Actual Total Time": 120.66, "Actual Rows": 1224, "Actual Loops": 1, "Inner Unique": false, "Join Filter": "(t.id = ci.movie_id)", "Rows Removed by Join Filter": 0, "Plans": [{"Node Type": "Nested Loop", "Parent Relationship": "Outer", "Join Type": "Inner", "Startup Cost": 4.51, "Total Cost": 3326.24, "Plan Rows": 36, "Plan Width": 41, "Actual Startup Time": 7.213, "Actual Total Time": 117.736, "Actual Rows": 11, "Actual Loops": 1, "Inner Unique": true, "Plans": [{"Node Type": "Nested Loop", "Parent Relationship": "Outer", "Join Type": "Inner", "Startup Cost": 4.51, "Total Cost": 3315.63, "Plan Rows": 33, "Plan Width": 20, "Actual Startup Time": 7.194, "Actual Total Time": 117.594, "Actual Rows": 14, "Actual Loops": 1, "Inner Unique": false, "Plans": [{"Node Type": "Index Scan", "Parent Relationship": "Outer", "Scan Direction": "Forward", "Index Name": "keyword_pkey", "Relation Name": "keyword", "Alias": "k", "Startup Cost": 0.0, "Total Cost": 3182.72, "Plan Rows": 1, "Plan Width": 20, "Actual Startup Time": 7.146, "Actual Total Time": 117.504, "Actual Rows": 1, "Actual Loops": 1, "Filter": "((keyword)::text = 'marvel-cinematic-universe'::text)", "Rows Removed by Filter": 134168}, {"Node Type": "Bitmap Heap Scan", "Parent Relationship": "Inner", "Relation Name": "movie_keyword", "Alias": "mk", "Startup Cost": 4.51, "Total Cost": 132.58, "Plan Rows": 33, "Plan Width": 8, "Actual Startup Time": 0.038, "Actual Total Time": 0.072, "Actual Rows": 14, "Actual Loops": 1, "Recheck Cond": "(keyword_id = k.id)", "Rows Removed by Index Recheck": 0, "Exact Heap Blocks": 13, "Lossy Heap Blocks": 13, "Plans": [{"Node Type": "Bitmap Index Scan", "Parent Relationship": "Outer", "Index Name": "keyword_id_movie_keyword", "Startup Cost": 0.0, "Total Cost": 4.5, "Plan Rows": 33, "Plan Width": 0, "Actual Startup Time": 0.022, "Actual Total Time": 0.022, "Actual Rows": 14, "Actual Loops": 1, "Index Cond": "(keyword_id = k.id)"}]}]}, {"Node Type": "Index Scan", "Parent Relationship": "Inner", "Scan Direction": "Forward", "Index Name": "title_pkey", "Relation Name": "title", "Alias": "t", "Startup Cost": 0.0, "Total Cost": 0.31, "Plan Rows": 1, "Plan Width": 21, "Actual Startup Time": 0.117, "Actual Total Time": 0.117, "Actual Rows": 11, "Actual Loops": 14, "Index Cond": "(id = mk.movie_id)", "Rows Removed by Index Recheck": 0, "Filter": "(production_year > 2010)", "Rows Removed by Filter": 3}]}, {"Node Type": "Index Scan", "Parent Relationship": "Inner", "Scan Direction": "Forward", "Index Name": "movie_id_cast_info", "Relation Name": "cast_info", "Alias": "ci", "Startup Cost": 0.0, "Total Cost": 0.7, "Plan Rows": 6, "Plan Width": 8, "Actual Startup Time": 0.169, "Actual Total Time": 2.426, "Actual Rows": 1224, "Actual Loops": 11, "Index Cond": "(movie_id = mk.movie_id)", "Rows Removed by Index Recheck": 0}]}, {"Node Type": "Index Scan", "Parent Relationship": "Inner", "Scan Direction": "Forward", "Index Name": "name_pkey", "Relation Name": "name", "Alias": "n", "Startup Cost": 0.0, "Total Cost": 0.28, "Plan Rows": 1, "Plan Width": 19, "Actual Startup Time": 7.516, "Actual Total Time": 7.516, "Actual Rows": 6, "Actual Loops": 1224, "Index Cond": "(id = ci.person_id)", "Rows Removed by Index Recheck": 0, "Filter": "((name)::text ~~ '%Downey%Robert%'::text)", "Rows Removed by Filter": 1218}]}]}, "Triggers": [], "Planner Runtime": 8.791, "Total Runtime": 129.107, "Unique SQL Id": 4208751436}}, "(64, '66')": {"explain_plan": {"Plan": {"Node Type": "Aggregate", "Strategy": "Plain", "Startup Cost": 3810.23, "Total Cost": 3810.24, "Plan Rows": 1, "Plan Width": 144, "Plans": [{"Node Type": "Nested Loop", "Parent Relationship": "Outer", "Join Type": "Inner", "Startup Cost": 5.45, "Total Cost": 3809.16, "Plan Rows": 143, "Plan Width": 48, "Inner Unique": true, "Plans": [{"Node Type": "Nested Loop", "Parent Relationship": "Outer", "Join Type": "Inner", "Startup Cost": 5.19, "Total Cost": 2875.14, "Plan Rows": 218, "Plan Width": 37, "Inner Unique": false, "Join Filter": "(t.id = ci.movie_id)", "Plans": [{"Node Type": "Nested Loop", "Parent Relationship": "Outer", "Join Type": "Inner", "Startup Cost": 4.77, "Total Cost": 2710.63, "Plan Rows": 36, "Plan Width": 41, "Inner Unique": true, "Plans": [{"Node Type": "Nested Loop", "Parent Relationship": "Outer", "Join Type": "Inner", "Startup Cost": 4.51, "Total Cost": 2569.02, "Plan Rows": 33, "Plan Width": 20, "Inner Unique": false, "Plans": [{"Node Type": "Seq Scan", "Parent Relationship": "Outer", "Relation Name": "keyword", "Alias": "k", "Startup Cost": 0.0, "Total Cost": 2436.11, "Plan Rows": 1, "Plan Width": 20, "Filter": "((keyword)::text = 'marvel-cinematic-universe'::text)"}, {"Node Type": "Bitmap Heap Scan", "Parent Relationship": "Inner", "Relation Name": "movie_keyword", "Alias": "mk", "Startup Cost": 4.51, "Total Cost": 132.58, "Plan Rows": 33, "Plan Width": 8, "Recheck Cond": "(keyword_id = k.id)", "Plans": [{"Node Type": "Bitmap Index Scan", "Parent Relationship": "Outer", "Index Name": "keyword_id_movie_keyword", "Startup Cost": 0.0, "Total Cost": 4.5, "Plan Rows": 33, "Plan Width": 0, "Index Cond": "(keyword_id = k.id)"}]}]}, {"Node Type": "Bitmap Heap Scan", "Parent Relationship": "Inner", "Relation Name": "title", "Alias": "t", "Startup Cost": 0.27, "Total Cost": 4.28, "Plan Rows": 1, "Plan Width": 21, "Recheck Cond": "(id = mk.movie_id)", "Filter": "(production_year > 2010)", "Plans": [{"Node Type": "Bitmap Index Scan", "Parent Relationship": "Outer", "Index Name": "title_pkey", "Startup Cost": 0.0, "Total Cost": 0.27, "Plan Rows": 1, "Plan Width": 0, "Index Cond": "(id = mk.movie_id)"}]}]}, {"Node Type": "Bitmap Heap Scan", "Parent Relationship": "Inner", "Relation Name": "cast_info", "Alias": "ci", "Startup Cost": 0.42, "Total Cost": 4.49, "Plan Rows": 6, "Plan Width": 8, "Recheck Cond": "(movie_id = mk.movie_id)", "Plans": [{"Node Type": "Bitmap Index Scan", "Parent Relationship": "Outer", "Index Name": "movie_id_cast_info", "Startup Cost": 0.0, "Total Cost": 0.42, "Plan Rows": 6, "Plan Width": 0, "Index Cond": "(movie_id = mk.movie_id)"}]}]}, {"Node Type": "Bitmap Heap Scan", "Parent Relationship": "Inner", "Relation Name": "name", "Alias": "n", "Startup Cost": 0.26, "Total Cost": 4.27, "Plan Rows": 1, "Plan Width": 19, "Recheck Cond": "(id = ci.person_id)", "Filter": "((name)::text ~~ '%Downey%Robert%'::text)", "Plans": [{"Node Type": "Bitmap Index Scan", "Parent Relationship": "Outer", "Index Name": "name_pkey", "Startup Cost": 0.0, "Total Cost": 0.26, "Plan Rows": 1, "Plan Width": 0, "Index Cond": "(id = ci.person_id)"}]}]}]}, "Unique SQL Id": 4208751436, "Planner Runtime": 10}, "explain_analyze_plan": {"Plan": {"Node Type": "Aggregate", "Strategy": "Plain", "Startup Cost": 3810.23, "Total Cost": 3810.24, "Plan Rows": 1, "Plan Width": 144, "Actual Startup Time": 56.348, "Actual Total Time": 56.348, "Actual Rows": 1, "Actual Loops": 1, "Plans": [{"Node Type": "Nested Loop", "Parent Relationship": "Outer", "Join Type": "Inner", "Startup Cost": 5.45, "Total Cost": 3809.16, "Plan Rows": 143, "Plan Width": 48, "Actual Startup Time": 4.076, "Actual Total Time": 56.316, "Actual Rows": 6, "Actual Loops": 1, "Inner Unique": true, "Plans": [{"Node Type": "Nested Loop", "Parent Relationship": "Outer", "Join Type": "Inner", "Startup Cost": 5.19, "Total Cost": 2875.14, "Plan Rows": 218, "Plan Width": 37, "Actual Startup Time": 1.279, "Actual Total Time": 46.811, "Actual Rows": 1224, "Actual Loops": 1, "Inner Unique": false, "Join Filter": "(t.id = ci.movie_id)", "Rows Removed by Join Filter": 0, "Plans": [{"Node Type": "Nested Loop", "Parent Relationship": "Outer", "Join Type": "Inner", "Startup Cost": 4.77, "Total Cost": 2710.63, "Plan Rows": 36, "Plan Width": 41, "Actual Startup Time": 1.241, "Actual Total Time": 43.379, "Actual Rows": 11, "Actual Loops": 1, "Inner Unique": true, "Plans": [{"Node Type": "Nested Loop", "Parent Relationship": "Outer", "Join Type": "Inner", "Startup Cost": 4.51, "Total Cost": 2569.02, "Plan Rows": 33, "Plan Width": 20, "Actual Startup Time": 1.135, "Actual Total Time": 42.397, "Actual Rows": 14, "Actual Loops": 1, "Inner Unique": false, "Plans": [{"Node Type": "Seq Scan", "Parent Relationship": "Outer", "Relation Name": "keyword", "Alias": "k", "Startup Cost": 0.0, "Total Cost": 2436.11, "Plan Rows": 1, "Plan Width": 20, "Actual Startup Time": 1.097, "Actual Total Time": 42.316, "Actual Rows": 1, "Actual Loops": 1, "Filter": "((keyword)::text = 'marvel-cinematic-universe'::text)", "Rows Removed by Filter": 134168}, {"Node Type": "Bitmap Heap Scan", "Parent Relationship": "Inner", "Relation Name": "movie_keyword", "Alias": "mk", "Startup Cost": 4.51, "Total Cost": 132.58, "Plan Rows": 33, "Plan Width": 8, "Actual Startup Time": 0.032, "Actual Total Time": 0.066, "Actual Rows": 14, "Actual Loops": 1, "Recheck Cond": "(keyword_id = k.id)", "Rows Removed by Index Recheck": 0, "Exact Heap Blocks": 13, "Lossy Heap Blocks": 13, "Plans": [{"Node Type": "Bitmap Index Scan", "Parent Relationship": "Outer", "Index Name": "keyword_id_movie_keyword", "Startup Cost": 0.0, "Total Cost": 4.5, "Plan Rows": 33, "Plan Width": 0, "Actual Startup Time": 0.019, "Actual Total Time": 0.019, "Actual Rows": 14, "Actual Loops": 1, "Index Cond": "(keyword_id = k.id)"}]}]}, {"Node Type": "Bitmap Heap Scan", "Parent Relationship": "Inner", "Relation Name": "title", "Alias": "t", "Startup Cost": 0.27, "Total Cost": 4.28, "Plan Rows": 1, "Plan Width": 21, "Actual Startup Time": 0.957, "Actual Total Time": 0.957, "Actual Rows": 11, "Actual Loops": 14, "Recheck Cond": "(id = mk.movie_id)", "Rows Removed by Index Recheck": 0, "Filter": "(production_year > 2010)", "Rows Removed by Filter": 3, "Exact Heap Blocks": 14, "Lossy Heap Blocks": 14, "Plans": [{"Node Type": "Bitmap Index Scan", "Parent Relationship": "Outer", "Index Name": "title_pkey", "Startup Cost": 0.0, "Total Cost": 0.27, "Plan Rows": 1, "Plan Width": 0, "Actual Startup Time": 0.544, "Actual Total Time": 0.544, "Actual Rows": 14, "Actual Loops": 14, "Index Cond": "(id = mk.movie_id)"}]}]}, {"Node Type": "Bitmap Heap Scan", "Parent Relationship": "Inner", "Relation Name": "cast_info", "Alias": "ci", "Startup Cost": 0.42, "Total Cost": 4.49, "Plan Rows": 6, "Plan Width": 8, "Actual Startup Time": 0.64, "Actual Total Time": 2.909, "Actual Rows": 1224, "Actual Loops": 11, "Recheck Cond": "(movie_id = mk.movie_id)", "Rows Removed by Index Recheck": 0, "Exact Heap Blocks": 1166, "Lossy Heap Blocks": 1166, "Plans": [{"Node Type": "Bitmap Index Scan", "Parent Relationship": "Outer", "Index Name": "movie_id_cast_info", "Startup Cost": 0.0, "Total Cost": 0.42, "Plan Rows": 6, "Plan Width": 0, "Actual Startup Time": 0.411, "Actual Total Time": 0.411, "Actual Rows": 1224, "Actual Loops": 11, "Index Cond": "(movie_id = mk.movie_id)"}]}]}, {"Node Type": "Bitmap Heap Scan", "Parent Relationship": "Inner", "Relation Name": "name", "Alias": "n", "Startup Cost": 0.26, "Total Cost": 4.27, "Plan Rows": 1, "Plan Width": 19, "Actual Startup Time": 8.076, "Actual Total Time": 8.076, "Actual Rows": 6, "Actual Loops": 1224, "Recheck Cond": "(id = ci.person_id)", "Rows Removed by Index Recheck": 0, "Filter": "((name)::text ~~ '%Downey%Robert%'::text)", "Rows Removed by Filter": 1218, "Exact Heap Blocks": 1224, "Lossy Heap Blocks": 1224, "Plans": [{"Node Type": "Bitmap Index Scan", "Parent Relationship": "Outer", "Index Name": "name_pkey", "Startup Cost": 0.0, "Total Cost": 0.26, "Plan Rows": 1, "Plan Width": 0, "Actual Startup Time": 4.777, "Actual Total Time": 4.777, "Actual Rows": 1224, "Actual Loops": 1224, "Index Cond": "(id = ci.person_id)"}]}]}]}, "Triggers": [], "Planner Runtime": 10.13, "Total Runtime": 56.603, "Unique SQL Id": 4208751436}}, "(64, '67')": {"explain_plan": {"Plan": {"Node Type": "Aggregate", "Strategy": "Plain", "Startup Cost": 4529.32, "Total Cost": 4529.33, "Plan Rows": 1, "Plan Width": 144, "Plans": [{"Node Type": "Nested Loop", "Parent Relationship": "Outer", "Join Type": "Inner", "Startup Cost": 724.55, "Total Cost": 4528.25, "Plan Rows": 143, "Plan Width": 48, "Inner Unique": true, "Plans": [{"Node Type": "Nested Loop", "Parent Relationship": "Outer", "Join Type": "Inner", "Startup Cost": 724.29, "Total Cost": 3594.24, "Plan Rows": 218, "Plan Width": 37, "Inner Unique": false, "Join Filter": "(t.id = ci.movie_id)", "Plans": [{"Node Type": "Nested Loop", "Parent Relationship": "Outer", "Join Type": "Inner", "Startup Cost": 723.87, "Total Cost": 3429.72, "Plan Rows": 36, "Plan Width": 41, "Inner Unique": true, "Plans": [{"Node Type": "Nested Loop", "Parent Relationship": "Outer", "Join Type": "Inner", "Startup Cost": 723.6, "Total Cost": 3288.12, "Plan Rows": 33, "Plan Width": 20, "Inner Unique": false, "Plans": [{"Node Type": "Bitmap Heap Scan", "Parent Relationship": "Outer", "Relation Name": "keyword", "Alias": "k", "Startup Cost": 719.1, "Total Cost": 3155.21, "Plan Rows": 1, "Plan Width": 20, "Filter": "((keyword)::text = 'marvel-cinematic-universe'::text)", "Plans": [{"Node Type": "Bitmap Index Scan", "Parent Relationship": "Outer", "Index Name": "keyword_pkey", "Startup Cost": 0.0, "Total Cost": 719.1, "Plan Rows": 134169, "Plan Width": 0}]}, {"Node Type": "Bitmap Heap Scan", "Parent Relationship": "Inner", "Relation Name": "movie_keyword", "Alias": "mk", "Startup Cost": 4.51, "Total Cost": 132.58, "Plan Rows": 33, "Plan Width": 8, "Recheck Cond": "(keyword_id = k.id)", "Plans": [{"Node Type": "Bitmap Index Scan", "Parent Relationship": "Outer", "Index Name": "keyword_id_movie_keyword", "Startup Cost": 0.0, "Total Cost": 4.5, "Plan Rows": 33, "Plan Width": 0, "Index Cond": "(keyword_id = k.id)"}]}]}, {"Node Type": "Bitmap Heap Scan", "Parent Relationship": "Inner", "Relation Name": "title", "Alias": "t", "Startup Cost": 0.27, "Total Cost": 4.28, "Plan Rows": 1, "Plan Width": 21, "Recheck Cond": "(id = mk.movie_id)", "Filter": "(production_year > 2010)", "Plans": [{"Node Type": "Bitmap Index Scan", "Parent Relationship": "Outer", "Index Name": "title_pkey", "Startup Cost": 0.0, "Total Cost": 0.27, "Plan Rows": 1, "Plan Width": 0, "Index Cond": "(id = mk.movie_id)"}]}]}, {"Node Type": "Bitmap Heap Scan", "Parent Relationship": "Inner", "Relation Name": "cast_info", "Alias": "ci", "Startup Cost": 0.42, "Total Cost": 4.49, "Plan Rows": 6, "Plan Width": 8, "Recheck Cond": "(movie_id = mk.movie_id)", "Plans": [{"Node Type": "Bitmap Index Scan", "Parent Relationship": "Outer", "Index Name": "movie_id_cast_info", "Startup Cost": 0.0, "Total Cost": 0.42, "Plan Rows": 6, "Plan Width": 0, "Index Cond": "(movie_id = mk.movie_id)"}]}]}, {"Node Type": "Bitmap Heap Scan", "Parent Relationship": "Inner", "Relation Name": "name", "Alias": "n", "Startup Cost": 0.26, "Total Cost": 4.27, "Plan Rows": 1, "Plan Width": 19, "Recheck Cond": "(id = ci.person_id)", "Filter": "((name)::text ~~ '%Downey%Robert%'::text)", "Plans": [{"Node Type": "Bitmap Index Scan", "Parent Relationship": "Outer", "Index Name": "name_pkey", "Startup Cost": 0.0, "Total Cost": 0.26, "Plan Rows": 1, "Plan Width": 0, "Index Cond": "(id = ci.person_id)"}]}]}]}, "Unique SQL Id": 4208751436, "Planner Runtime": 6}, "explain_analyze_plan": {"Plan": {"Node Type": "Aggregate", "Strategy": "Plain", "Startup Cost": 4529.32, "Total Cost": 4529.33, "Plan Rows": 1, "Plan Width": 144, "Actual Startup Time": 75.187, "Actual Total Time": 75.188, "Actual Rows": 1, "Actual Loops": 1, "Plans": [{"Node Type": "Nested Loop", "Parent Relationship": "Outer", "Join Type": "Inner", "Startup Cost": 724.55, "Total Cost": 4528.25, "Plan Rows": 143, "Plan Width": 48, "Actual Startup Time": 14.458, "Actual Total Time": 75.146, "Actual Rows": 6, "Actual Loops": 1, "Inner Unique": true, "Plans": [{"Node Type": "Nested Loop", "Parent Relationship": "Outer", "Join Type": "Inner", "Startup Cost": 724.29, "Total Cost": 3594.24, "Plan Rows": 218, "Plan Width": 37, "Actual Startup Time": 12.27, "Actual Total Time": 66.234, "Actual Rows": 1224, "Actual Loops": 1, "Inner Unique": false, "Join Filter": "(t.id = ci.movie_id)", "Rows Removed by Join Filter": 0, "Plans": [{"Node Type": "Nested Loop", "Parent Relationship": "Outer", "Join Type": "Inner", "Startup Cost": 723.87, "Total Cost": 3429.72, "Plan Rows": 36, "Plan Width": 41, "Actual Startup Time": 12.24, "Actual Total Time": 63.028, "Actual Rows": 11, "Actual Loops": 1, "Inner Unique": true, "Plans": [{"Node Type": "Nested Loop", "Parent Relationship": "Outer", "Join Type": "Inner", "Startup Cost": 723.6, "Total Cost": 3288.12, "Plan Rows": 33, "Plan Width": 20, "Actual Startup Time": 12.219, "Actual Total Time": 62.88, "Actual Rows": 14, "Actual Loops": 1, "Inner Unique": false, "Plans": [{"Node Type": "Bitmap Heap Scan", "Parent Relationship": "Outer", "Relation Name": "keyword", "Alias": "k", "Startup Cost": 719.1, "Total Cost": 3155.21, "Plan Rows": 1, "Plan Width": 20, "Actual Startup Time": 12.181, "Actual Total Time": 62.809, "Actual Rows": 1, "Actual Loops": 1, "Filter": "((keyword)::text = 'marvel-cinematic-universe'::text)", "Rows Removed by Filter": 134168, "Exact Heap Blocks": 759, "Lossy Heap Blocks": 759, "Plans": [{"Node Type": "Bitmap Index Scan", "Parent Relationship": "Outer", "Index Name": "keyword_pkey", "Startup Cost": 0.0, "Total Cost": 719.1, "Plan Rows": 134169, "Plan Width": 0, "Actual Startup Time": 10.737, "Actual Total Time": 10.737, "Actual Rows": 134169, "Actual Loops": 1}]}, {"Node Type": "Bitmap Heap Scan", "Parent Relationship": "Inner", "Relation Name": "movie_keyword", "Alias": "mk", "Startup Cost": 4.51, "Total Cost": 132.58, "Plan Rows": 33, "Plan Width": 8, "Actual Startup Time": 0.026, "Actual Total Time": 0.053, "Actual Rows": 14, "Actual Loops": 1, "Recheck Cond": "(keyword_id = k.id)", "Rows Removed by Index Recheck": 0, "Exact Heap Blocks": 13, "Lossy Heap Blocks": 13, "Plans": [{"Node Type": "Bitmap Index Scan", "Parent Relationship": "Outer", "Index Name": "keyword_id_movie_keyword", "Startup Cost": 0.0, "Total Cost": 4.5, "Plan Rows": 33, "Plan Width": 0, "Actual Startup Time": 0.017, "Actual Total Time": 0.017, "Actual Rows": 14, "Actual Loops": 1, "Index Cond": "(keyword_id = k.id)"}]}]}, {"Node Type": "Bitmap Heap Scan", "Parent Relationship": "Inner", "Relation Name": "title", "Alias": "t", "Startup Cost": 0.27, "Total Cost": 4.28, "Plan Rows": 1, "Plan Width": 21, "Actual Startup Time": 0.115, "Actual Total Time": 0.115, "Actual Rows": 11, "Actual Loops": 14, "Recheck Cond": "(id = mk.movie_id)", "Rows Removed by Index Recheck": 0, "Filter": "(production_year > 2010)", "Rows Removed by Filter": 3, "Exact Heap Blocks": 14, "Lossy Heap Blocks": 14, "Plans": [{"Node Type": "Bitmap Index Scan", "Parent Relationship": "Outer", "Index Name": "title_pkey", "Startup Cost": 0.0, "Total Cost": 0.27, "Plan Rows": 1, "Plan Width": 0, "Actual Startup Time": 0.07, "Actual Total Time": 0.07, "Actual Rows": 14, "Actual Loops": 14, "Index Cond": "(id = mk.movie_id)"}]}]}, {"Node Type": "Bitmap Heap Scan", "Parent Relationship": "Inner", "Relation Name": "cast_info", "Alias": "ci", "Startup Cost": 0.42, "Total Cost": 4.49, "Plan Rows": 6, "Plan Width": 8, "Actual Startup Time": 0.595, "Actual Total Time": 2.665, "Actual Rows": 1224, "Actual Loops": 11, "Recheck Cond": "(movie_id = mk.movie_id)", "Rows Removed by Index Recheck": 0, "Exact Heap Blocks": 1166, "Lossy Heap Blocks": 1166, "Plans": [{"Node Type": "Bitmap Index Scan", "Parent Relationship": "Outer", "Index Name": "movie_id_cast_info", "Startup Cost": 0.0, "Total Cost": 0.42, "Plan Rows": 6, "Plan Width": 0, "Actual Startup Time": 0.381, "Actual Total Time": 0.381, "Actual Rows": 1224, "Actual Loops": 11, "Index Cond": "(movie_id = mk.movie_id)"}]}]}, {"Node Type": "Bitmap Heap Scan", "Parent Relationship": "Inner", "Relation Name": "name", "Alias": "n", "Startup Cost": 0.26, "Total Cost": 4.27, "Plan Rows": 1, "Plan Width": 19, "Actual Startup Time": 7.491, "Actual Total Time": 7.491, "Actual Rows": 6, "Actual Loops": 1224, "Recheck Cond": "(id = ci.person_id)", "Rows Removed by Index Recheck": 0, "Filter": "((name)::text ~~ '%Downey%Robert%'::text)", "Rows Removed by Filter": 1218, "Exact Heap Blocks": 1224, "Lossy Heap Blocks": 1224, "Plans": [{"Node Type": "Bitmap Index Scan", "Parent Relationship": "Outer", "Index Name": "name_pkey", "Startup Cost": 0.0, "Total Cost": 0.26, "Plan Rows": 1, "Plan Width": 0, "Actual Startup Time": 4.492, "Actual Total Time": 4.492, "Actual Rows": 1224, "Actual Loops": 1224, "Index Cond": "(id = ci.person_id)"}]}]}]}, "Triggers": [], "Planner Runtime": 6.436, "Total Runtime": 75.551, "Unique SQL Id": 4208751436}}, "(64, '68')": {"explain_plan": {"Plan": {"Node Type": "Aggregate", "Strategy": "Plain", "Startup Cost": 2653.12, "Total Cost": 2653.13, "Plan Rows": 1, "Plan Width": 144, "Plans": [{"Node Type": "Nested Loop", "Parent Relationship": "Outer", "Join Type": "Inner", "Startup Cost": 4.51, "Total Cost": 2653.12, "Plan Rows": 1, "Plan Width": 48, "Inner Unique": true, "Join Filter": "(mk.movie_id = t.id)", "Plans": [{"Node Type": "Nested Loop", "Parent Relationship": "Outer", "Join Type": "Inner", "Startup Cost": 4.51, "Total Cost": 2652.83, "Plan Rows": 1, "Plan Width": 39, "Inner Unique": true, "Plans": [{"Node Type": "Nested Loop", "Parent Relationship": "Outer", "Join Type": "Inner", "Startup Cost": 4.51, "Total Cost": 2594.27, "Plan Rows": 202, "Plan Width": 28, "Inner Unique": false, "Plans": [{"Node Type": "Nested Loop", "Parent Relationship": "Outer", "Join Type": "Inner", "Startup Cost": 4.51, "Total Cost": 2569.02, "Plan Rows": 33, "Plan Width": 20, "Inner Unique": false, "Plans": [{"Node Type": "Seq Scan", "Parent Relationship": "Outer", "Relation Name": "keyword", "Alias": "k", "Startup Cost": 0.0, "Total Cost": 2436.11, "Plan Rows": 1, "Plan Width": 20, "Filter": "((keyword)::text = 'marvel-cinematic-universe'::text)"}, {"Node Type": "Bitmap Heap Scan", "Parent Relationship": "Inner", "Relation Name": "movie_keyword", "Alias": "mk", "Startup Cost": 4.51, "Total Cost": 132.58, "Plan Rows": 33, "Plan Width": 8, "Recheck Cond": "(keyword_id = k.id)", "Plans": [{"Node Type": "Bitmap Index Scan", "Parent Relationship": "Outer", "Index Name": "keyword_id_movie_keyword", "Startup Cost": 0.0, "Total Cost": 4.5, "Plan Rows": 33, "Plan Width": 0, "Index Cond": "(keyword_id = k.id)"}]}]}, {"Node Type": "Index Scan", "Parent Relationship": "Inner", "Scan Direction": "Forward", "Index Name": "movie_id_cast_info", "Relation Name": "cast_info", "Alias": "ci", "Startup Cost": 0.0, "Total Cost": 0.7, "Plan Rows": 6, "Plan Width": 8, "Index Cond": "(movie_id = mk.movie_id)"}]}, {"Node Type": "Index Scan", "Parent Relationship": "Inner", "Scan Direction": "Forward", "Index Name": "name_pkey", "Relation Name": "name", "Alias": "n", "Startup Cost": 0.0, "Total Cost": 0.28, "Plan Rows": 1, "Plan Width": 19, "Index Cond": "(id = ci.person_id)", "Filter": "((name)::text ~~ '%Downey%Robert%'::text)"}]}, {"Node Type": "Index Scan", "Parent Relationship": "Inner", "Scan Direction": "Forward", "Index Name": "title_pkey", "Relation Name": "title", "Alias": "t", "Startup Cost": 0.0, "Total Cost": 0.28, "Plan Rows": 1, "Plan Width": 21, "Index Cond": "(id = ci.movie_id)", "Filter": "(production_year > 2010)"}]}]}, "Unique SQL Id": 4208751436, "Planner Runtime": 9}, "explain_analyze_plan": {"Plan": {"Node Type": "Aggregate", "Strategy": "Plain", "Startup Cost": 2653.12, "Total Cost": 2653.13, "Plan Rows": 1, "Plan Width": 144, "Actual Startup Time": 53.108, "Actual Total Time": 53.108, "Actual Rows": 1, "Actual Loops": 1, "Plans": [{"Node Type": "Nested Loop", "Parent Relationship": "Outer", "Join Type": "Inner", "Startup Cost": 4.51, "Total Cost": 2653.12, "Plan Rows": 1, "Plan Width": 48, "Actual Startup Time": 3.077, "Actual Total Time": 53.078, "Actual Rows": 6, "Actual Loops": 1, "Inner Unique": true, "Join Filter": "(mk.movie_id = t.id)", "Rows Removed by Join Filter": 0, "Plans": [{"Node Type": "Nested Loop", "Parent Relationship": "Outer", "Join Type": "Inner", "Startup Cost": 4.51, "Total Cost": 2652.83, "Plan Rows": 1, "Plan Width": 39, "Actual Startup Time": 3.044, "Actual Total Time": 53.008, "Actual Rows": 6, "Actual Loops": 1, "Inner Unique": true, "Plans": [{"Node Type": "Nested Loop", "Parent Relationship": "Outer", "Join Type": "Inner", "Startup Cost": 4.51, "Total Cost": 2594.27, "Plan Rows": 202, "Plan Width": 28, "Actual Startup Time": 1.158, "Actual Total Time": 45.186, "Actual Rows": 1242, "Actual Loops": 1, "Inner Unique": false, "Plans": [{"Node Type": "Nested Loop", "Parent Relationship": "Outer", "Join Type": "Inner", "Startup Cost": 4.51, "Total Cost": 2569.02, "Plan Rows": 33, "Plan Width": 20, "Actual Startup Time": 1.138, "Actual Total Time": 42.528, "Actual Rows": 14, "Actual Loops": 1, "Inner Unique": false, "Plans": [{"Node Type": "Seq Scan", "Parent Relationship": "Outer", "Relation Name": "keyword", "Alias": "k", "Startup Cost": 0.0, "Total Cost": 2436.11, "Plan Rows": 1, "Plan Width": 20, "Actual Startup Time": 1.095, "Actual Total Time": 42.442, "Actual Rows": 1, "Actual Loops": 1, "Filter": "((keyword)::text = 'marvel-cinematic-universe'::text)", "Rows Removed by Filter": 134168}, {"Node Type": "Bitmap Heap Scan", "Parent Relationship": "Inner", "Relation Name": "movie_keyword", "Alias": "mk", "Startup Cost": 4.51, "Total Cost": 132.58, "Plan Rows": 33, "Plan Width": 8, "Actual Startup Time": 0.035, "Actual Total Time": 0.069, "Actual Rows": 14, "Actual Loops": 1, "Recheck Cond": "(keyword_id = k.id)", "Rows Removed by Index Recheck": 0, "Exact Heap Blocks": 13, "Lossy Heap Blocks": 13, "Plans": [{"Node Type": "Bitmap Index Scan", "Parent Relationship": "Outer", "Index Name": "keyword_id_movie_keyword", "Startup Cost": 0.0, "Total Cost": 4.5, "Plan Rows": 33, "Plan Width": 0, "Actual Startup Time": 0.021, "Actual Total Time": 0.021, "Actual Rows": 14, "Actual Loops": 1, "Index Cond": "(keyword_id = k.id)"}]}]}, {"Node Type": "Index Scan", "Parent Relationship": "Inner", "Scan Direction": "Forward", "Index Name": "movie_id_cast_info", "Relation Name": "cast_info", "Alias": "ci", "Startup Cost": 0.0, "Total Cost": 0.7, "Plan Rows": 6, "Plan Width": 8, "Actual Startup Time": 0.192, "Actual Total Time": 2.354, "Actual Rows": 1242, "Actual Loops": 14, "Index Cond": "(movie_id = mk.movie_id)", "Rows Removed by Index Recheck": 0}]}, {"Node Type": "Index Scan", "Parent Relationship": "Inner", "Scan Direction": "Forward", "Index Name": "name_pkey", "Relation Name": "name", "Alias": "n", "Startup Cost": 0.0, "Total Cost": 0.28, "Plan Rows": 1, "Plan Width": 19, "Actual Startup Time": 7.222, "Actual Total Time": 7.222, "Actual Rows": 6, "Actual Loops": 1242, "Index Cond": "(id = ci.person_id)", "Rows Removed by Index Recheck": 0, "Filter": "((name)::text ~~ '%Downey%Robert%'::text)", "Rows Removed by Filter": 1236}]}, {"Node Type": "Index Scan", "Parent Relationship": "Inner", "Scan Direction": "Forward", "Index Name": "title_pkey", "Relation Name": "title", "Alias": "t", "Startup Cost": 0.0, "Total Cost": 0.28, "Plan Rows": 1, "Plan Width": 21, "Actual Startup Time": 0.048, "Actual Total Time": 0.048, "Actual Rows": 6, "Actual Loops": 6, "Index Cond": "(id = ci.movie_id)", "Rows Removed by Index Recheck": 0, "Filter": "(production_year > 2010)", "Rows Removed by Filter": 0}]}]}, "Triggers": [], "Planner Runtime": 9.728, "Total Runtime": 53.358, "Unique SQL Id": 4208751436}}, "(64, '69')": {"explain_plan": {"Plan": {"Node Type": "Aggregate", "Strategy": "Plain", "Startup Cost": 3418.58, "Total Cost": 3418.59, "Plan Rows": 1, "Plan Width": 144, "Plans": [{"Node Type": "Nested Loop", "Parent Relationship": "Outer", "Join Type": "Inner", "Startup Cost": 4.51, "Total Cost": 3417.51, "Plan Rows": 143, "Plan Width": 48, "Inner Unique": true, "Plans": [{"Node Type": "Nested Loop", "Parent Relationship": "Outer", "Join Type": "Inner", "Startup Cost": 4.51, "Total Cost": 3354.32, "Plan Rows": 218, "Plan Width": 37, "Inner Unique": false, "Join Filter": "(t.id = ci.movie_id)", "Plans": [{"Node Type": "Nested Loop", "Parent Relationship": "Outer", "Join Type": "Inner", "Startup Cost": 4.51, "Total Cost": 3326.24, "Plan Rows": 36, "Plan Width": 41, "Inner Unique": true, "Plans": [{"Node Type": "Nested Loop", "Parent Relationship": "Outer", "Join Type": "Inner", "Startup Cost": 4.51, "Total Cost": 3315.63, "Plan Rows": 33, "Plan Width": 20, "Inner Unique": false, "Plans": [{"Node Type": "Index Scan", "Parent Relationship": "Outer", "Scan Direction": "Forward", "Index Name": "keyword_pkey", "Relation Name": "keyword", "Alias": "k", "Startup Cost": 0.0, "Total Cost": 3182.72, "Plan Rows": 1, "Plan Width": 20, "Filter": "((keyword)::text = 'marvel-cinematic-universe'::text)"}, {"Node Type": "Bitmap Heap Scan", "Parent Relationship": "Inner", "Relation Name": "movie_keyword", "Alias": "mk", "Startup Cost": 4.51, "Total Cost": 132.58, "Plan Rows": 33, "Plan Width": 8, "Recheck Cond": "(keyword_id = k.id)", "Plans": [{"Node Type": "Bitmap Index Scan", "Parent Relationship": "Outer", "Index Name": "keyword_id_movie_keyword", "Startup Cost": 0.0, "Total Cost": 4.5, "Plan Rows": 33, "Plan Width": 0, "Index Cond": "(keyword_id = k.id)"}]}]}, {"Node Type": "Index Scan", "Parent Relationship": "Inner", "Scan Direction": "Forward", "Index Name": "title_pkey", "Relation Name": "title", "Alias": "t", "Startup Cost": 0.0, "Total Cost": 0.31, "Plan Rows": 1, "Plan Width": 21, "Index Cond": "(id = mk.movie_id)", "Filter": "(production_year > 2010)"}]}, {"Node Type": "Index Scan", "Parent Relationship": "Inner", "Scan Direction": "Forward", "Index Name": "movie_id_cast_info", "Relation Name": "cast_info", "Alias": "ci", "Startup Cost": 0.0, "Total Cost": 0.7, "Plan Rows": 6, "Plan Width": 8, "Index Cond": "(movie_id = mk.movie_id)"}]}, {"Node Type": "Index Scan", "Parent Relationship": "Inner", "Scan Direction": "Forward", "Index Name": "name_pkey", "Relation Name": "name", "Alias": "n", "Startup Cost": 0.0, "Total Cost": 0.28, "Plan Rows": 1, "Plan Width": 19, "Index Cond": "(id = ci.person_id)", "Filter": "((name)::text ~~ '%Downey%Robert%'::text)"}]}]}, "Unique SQL Id": 4208751436, "Planner Runtime": 8}, "explain_analyze_plan": {"Plan": {"Node Type": "Aggregate", "Strategy": "Plain", "Startup Cost": 3418.58, "Total Cost": 3418.59, "Plan Rows": 1, "Plan Width": 144, "Actual Startup Time": 128.809, "Actual Total Time": 128.809, "Actual Rows": 1, "Actual Loops": 1, "Plans": [{"Node Type": "Nested Loop", "Parent Relationship": "Outer", "Join Type": "Inner", "Startup Cost": 4.51, "Total Cost": 3417.51, "Plan Rows": 143, "Plan Width": 48, "Actual Startup Time": 9.273, "Actual Total Time": 128.764, "Actual Rows": 6, "Actual Loops": 1, "Inner Unique": true, "Plans": [{"Node Type": "Nested Loop", "Parent Relationship": "Outer", "Join Type": "Inner", "Startup Cost": 4.51, "Total Cost": 3354.32, "Plan Rows": 218, "Plan Width": 37, "Actual Startup Time": 7.231, "Actual Total Time": 120.66, "Actual Rows": 1224, "Actual Loops": 1, "Inner Unique": false, "Join Filter": "(t.id = ci.movie_id)", "Rows Removed by Join Filter": 0, "Plans": [{"Node Type": "Nested Loop", "Parent Relationship": "Outer", "Join Type": "Inner", "Startup Cost": 4.51, "Total Cost": 3326.24, "Plan Rows": 36, "Plan Width": 41, "Actual Startup Time": 7.213, "Actual Total Time": 117.736, "Actual Rows": 11, "Actual Loops": 1, "Inner Unique": true, "Plans": [{"Node Type": "Nested Loop", "Parent Relationship": "Outer", "Join Type": "Inner", "Startup Cost": 4.51, "Total Cost": 3315.63, "Plan Rows": 33, "Plan Width": 20, "Actual Startup Time": 7.194, "Actual Total Time": 117.594, "Actual Rows": 14, "Actual Loops": 1, "Inner Unique": false, "Plans": [{"Node Type": "Index Scan", "Parent Relationship": "Outer", "Scan Direction": "Forward", "Index Name": "keyword_pkey", "Relation Name": "keyword", "Alias": "k", "Startup Cost": 0.0, "Total Cost": 3182.72, "Plan Rows": 1, "Plan Width": 20, "Actual Startup Time": 7.146, "Actual Total Time": 117.504, "Actual Rows": 1, "Actual Loops": 1, "Filter": "((keyword)::text = 'marvel-cinematic-universe'::text)", "Rows Removed by Filter": 134168}, {"Node Type": "Bitmap Heap Scan", "Parent Relationship": "Inner", "Relation Name": "movie_keyword", "Alias": "mk", "Startup Cost": 4.51, "Total Cost": 132.58, "Plan Rows": 33, "Plan Width": 8, "Actual Startup Time": 0.038, "Actual Total Time": 0.072, "Actual Rows": 14, "Actual Loops": 1, "Recheck Cond": "(keyword_id = k.id)", "Rows Removed by Index Recheck": 0, "Exact Heap Blocks": 13, "Lossy Heap Blocks": 13, "Plans": [{"Node Type": "Bitmap Index Scan", "Parent Relationship": "Outer", "Index Name": "keyword_id_movie_keyword", "Startup Cost": 0.0, "Total Cost": 4.5, "Plan Rows": 33, "Plan Width": 0, "Actual Startup Time": 0.022, "Actual Total Time": 0.022, "Actual Rows": 14, "Actual Loops": 1, "Index Cond": "(keyword_id = k.id)"}]}]}, {"Node Type": "Index Scan", "Parent Relationship": "Inner", "Scan Direction": "Forward", "Index Name": "title_pkey", "Relation Name": "title", "Alias": "t", "Startup Cost": 0.0, "Total Cost": 0.31, "Plan Rows": 1, "Plan Width": 21, "Actual Startup Time": 0.117, "Actual Total Time": 0.117, "Actual Rows": 11, "Actual Loops": 14, "Index Cond": "(id = mk.movie_id)", "Rows Removed by Index Recheck": 0, "Filter": "(production_year > 2010)", "Rows Removed by Filter": 3}]}, {"Node Type": "Index Scan", "Parent Relationship": "Inner", "Scan Direction": "Forward", "Index Name": "movie_id_cast_info", "Relation Name": "cast_info", "Alias": "ci", "Startup Cost": 0.0, "Total Cost": 0.7, "Plan Rows": 6, "Plan Width": 8, "Actual Startup Time": 0.169, "Actual Total Time": 2.426, "Actual Rows": 1224, "Actual Loops": 11, "Index Cond": "(movie_id = mk.movie_id)", "Rows Removed by Index Recheck": 0}]}, {"Node Type": "Index Scan", "Parent Relationship": "Inner", "Scan Direction": "Forward", "Index Name": "name_pkey", "Relation Name": "name", "Alias": "n", "Startup Cost": 0.0, "Total Cost": 0.28, "Plan Rows": 1, "Plan Width": 19, "Actual Startup Time": 7.516, "Actual Total Time": 7.516, "Actual Rows": 6, "Actual Loops": 1224, "Index Cond": "(id = ci.person_id)", "Rows Removed by Index Recheck": 0, "Filter": "((name)::text ~~ '%Downey%Robert%'::text)", "Rows Removed by Filter": 1218}]}]}, "Triggers": [], "Planner Runtime": 8.791, "Total Runtime": 129.107, "Unique SQL Id": 4208751436}}, "(64, '70')": {"explain_plan": {"Plan": {"Node Type": "Aggregate", "Strategy": "Plain", "Startup Cost": 3810.23, "Total Cost": 3810.24, "Plan Rows": 1, "Plan Width": 144, "Plans": [{"Node Type": "Nested Loop", "Parent Relationship": "Outer", "Join Type": "Inner", "Startup Cost": 5.45, "Total Cost": 3809.16, "Plan Rows": 143, "Plan Width": 48, "Inner Unique": true, "Plans": [{"Node Type": "Nested Loop", "Parent Relationship": "Outer", "Join Type": "Inner", "Startup Cost": 5.19, "Total Cost": 2875.14, "Plan Rows": 218, "Plan Width": 37, "Inner Unique": false, "Join Filter": "(t.id = ci.movie_id)", "Plans": [{"Node Type": "Nested Loop", "Parent Relationship": "Outer", "Join Type": "Inner", "Startup Cost": 4.77, "Total Cost": 2710.63, "Plan Rows": 36, "Plan Width": 41, "Inner Unique": true, "Plans": [{"Node Type": "Nested Loop", "Parent Relationship": "Outer", "Join Type": "Inner", "Startup Cost": 4.51, "Total Cost": 2569.02, "Plan Rows": 33, "Plan Width": 20, "Inner Unique": false, "Plans": [{"Node Type": "Seq Scan", "Parent Relationship": "Outer", "Relation Name": "keyword", "Alias": "k", "Startup Cost": 0.0, "Total Cost": 2436.11, "Plan Rows": 1, "Plan Width": 20, "Filter": "((keyword)::text = 'marvel-cinematic-universe'::text)"}, {"Node Type": "Bitmap Heap Scan", "Parent Relationship": "Inner", "Relation Name": "movie_keyword", "Alias": "mk", "Startup Cost": 4.51, "Total Cost": 132.58, "Plan Rows": 33, "Plan Width": 8, "Recheck Cond": "(keyword_id = k.id)", "Plans": [{"Node Type": "Bitmap Index Scan", "Parent Relationship": "Outer", "Index Name": "keyword_id_movie_keyword", "Startup Cost": 0.0, "Total Cost": 4.5, "Plan Rows": 33, "Plan Width": 0, "Index Cond": "(keyword_id = k.id)"}]}]}, {"Node Type": "Bitmap Heap Scan", "Parent Relationship": "Inner", "Relation Name": "title", "Alias": "t", "Startup Cost": 0.27, "Total Cost": 4.28, "Plan Rows": 1, "Plan Width": 21, "Recheck Cond": "(id = mk.movie_id)", "Filter": "(production_year > 2010)", "Plans": [{"Node Type": "Bitmap Index Scan", "Parent Relationship": "Outer", "Index Name": "title_pkey", "Startup Cost": 0.0, "Total Cost": 0.27, "Plan Rows": 1, "Plan Width": 0, "Index Cond": "(id = mk.movie_id)"}]}]}, {"Node Type": "Bitmap Heap Scan", "Parent Relationship": "Inner", "Relation Name": "cast_info", "Alias": "ci", "Startup Cost": 0.42, "Total Cost": 4.49, "Plan Rows": 6, "Plan Width": 8, "Recheck Cond": "(movie_id = mk.movie_id)", "Plans": [{"Node Type": "Bitmap Index Scan", "Parent Relationship": "Outer", "Index Name": "movie_id_cast_info", "Startup Cost": 0.0, "Total Cost": 0.42, "Plan Rows": 6, "Plan Width": 0, "Index Cond": "(movie_id = mk.movie_id)"}]}]}, {"Node Type": "Bitmap Heap Scan", "Parent Relationship": "Inner", "Relation Name": "name", "Alias": "n", "Startup Cost": 0.26, "Total Cost": 4.27, "Plan Rows": 1, "Plan Width": 19, "Recheck Cond": "(id = ci.person_id)", "Filter": "((name)::text ~~ '%Downey%Robert%'::text)", "Plans": [{"Node Type": "Bitmap Index Scan", "Parent Relationship": "Outer", "Index Name": "name_pkey", "Startup Cost": 0.0, "Total Cost": 0.26, "Plan Rows": 1, "Plan Width": 0, "Index Cond": "(id = ci.person_id)"}]}]}]}, "Unique SQL Id": 4208751436, "Planner Runtime": 10}, "explain_analyze_plan": {"Plan": {"Node Type": "Aggregate", "Strategy": "Plain", "Startup Cost": 3810.23, "Total Cost": 3810.24, "Plan Rows": 1, "Plan Width": 144, "Actual Startup Time": 56.348, "Actual Total Time": 56.348, "Actual Rows": 1, "Actual Loops": 1, "Plans": [{"Node Type": "Nested Loop", "Parent Relationship": "Outer", "Join Type": "Inner", "Startup Cost": 5.45, "Total Cost": 3809.16, "Plan Rows": 143, "Plan Width": 48, "Actual Startup Time": 4.076, "Actual Total Time": 56.316, "Actual Rows": 6, "Actual Loops": 1, "Inner Unique": true, "Plans": [{"Node Type": "Nested Loop", "Parent Relationship": "Outer", "Join Type": "Inner", "Startup Cost": 5.19, "Total Cost": 2875.14, "Plan Rows": 218, "Plan Width": 37, "Actual Startup Time": 1.279, "Actual Total Time": 46.811, "Actual Rows": 1224, "Actual Loops": 1, "Inner Unique": false, "Join Filter": "(t.id = ci.movie_id)", "Rows Removed by Join Filter": 0, "Plans": [{"Node Type": "Nested Loop", "Parent Relationship": "Outer", "Join Type": "Inner", "Startup Cost": 4.77, "Total Cost": 2710.63, "Plan Rows": 36, "Plan Width": 41, "Actual Startup Time": 1.241, "Actual Total Time": 43.379, "Actual Rows": 11, "Actual Loops": 1, "Inner Unique": true, "Plans": [{"Node Type": "Nested Loop", "Parent Relationship": "Outer", "Join Type": "Inner", "Startup Cost": 4.51, "Total Cost": 2569.02, "Plan Rows": 33, "Plan Width": 20, "Actual Startup Time": 1.135, "Actual Total Time": 42.397, "Actual Rows": 14, "Actual Loops": 1, "Inner Unique": false, "Plans": [{"Node Type": "Seq Scan", "Parent Relationship": "Outer", "Relation Name": "keyword", "Alias": "k", "Startup Cost": 0.0, "Total Cost": 2436.11, "Plan Rows": 1, "Plan Width": 20, "Actual Startup Time": 1.097, "Actual Total Time": 42.316, "Actual Rows": 1, "Actual Loops": 1, "Filter": "((keyword)::text = 'marvel-cinematic-universe'::text)", "Rows Removed by Filter": 134168}, {"Node Type": "Bitmap Heap Scan", "Parent Relationship": "Inner", "Relation Name": "movie_keyword", "Alias": "mk", "Startup Cost": 4.51, "Total Cost": 132.58, "Plan Rows": 33, "Plan Width": 8, "Actual Startup Time": 0.032, "Actual Total Time": 0.066, "Actual Rows": 14, "Actual Loops": 1, "Recheck Cond": "(keyword_id = k.id)", "Rows Removed by Index Recheck": 0, "Exact Heap Blocks": 13, "Lossy Heap Blocks": 13, "Plans": [{"Node Type": "Bitmap Index Scan", "Parent Relationship": "Outer", "Index Name": "keyword_id_movie_keyword", "Startup Cost": 0.0, "Total Cost": 4.5, "Plan Rows": 33, "Plan Width": 0, "Actual Startup Time": 0.019, "Actual Total Time": 0.019, "Actual Rows": 14, "Actual Loops": 1, "Index Cond": "(keyword_id = k.id)"}]}]}, {"Node Type": "Bitmap Heap Scan", "Parent Relationship": "Inner", "Relation Name": "title", "Alias": "t", "Startup Cost": 0.27, "Total Cost": 4.28, "Plan Rows": 1, "Plan Width": 21, "Actual Startup Time": 0.957, "Actual Total Time": 0.957, "Actual Rows": 11, "Actual Loops": 14, "Recheck Cond": "(id = mk.movie_id)", "Rows Removed by Index Recheck": 0, "Filter": "(production_year > 2010)", "Rows Removed by Filter": 3, "Exact Heap Blocks": 14, "Lossy Heap Blocks": 14, "Plans": [{"Node Type": "Bitmap Index Scan", "Parent Relationship": "Outer", "Index Name": "title_pkey", "Startup Cost": 0.0, "Total Cost": 0.27, "Plan Rows": 1, "Plan Width": 0, "Actual Startup Time": 0.544, "Actual Total Time": 0.544, "Actual Rows": 14, "Actual Loops": 14, "Index Cond": "(id = mk.movie_id)"}]}]}, {"Node Type": "Bitmap Heap Scan", "Parent Relationship": "Inner", "Relation Name": "cast_info", "Alias": "ci", "Startup Cost": 0.42, "Total Cost": 4.49, "Plan Rows": 6, "Plan Width": 8, "Actual Startup Time": 0.64, "Actual Total Time": 2.909, "Actual Rows": 1224, "Actual Loops": 11, "Recheck Cond": "(movie_id = mk.movie_id)", "Rows Removed by Index Recheck": 0, "Exact Heap Blocks": 1166, "Lossy Heap Blocks": 1166, "Plans": [{"Node Type": "Bitmap Index Scan", "Parent Relationship": "Outer", "Index Name": "movie_id_cast_info", "Startup Cost": 0.0, "Total Cost": 0.42, "Plan Rows": 6, "Plan Width": 0, "Actual Startup Time": 0.411, "Actual Total Time": 0.411, "Actual Rows": 1224, "Actual Loops": 11, "Index Cond": "(movie_id = mk.movie_id)"}]}]}, {"Node Type": "Bitmap Heap Scan", "Parent Relationship": "Inner", "Relation Name": "name", "Alias": "n", "Startup Cost": 0.26, "Total Cost": 4.27, "Plan Rows": 1, "Plan Width": 19, "Actual Startup Time": 8.076, "Actual Total Time": 8.076, "Actual Rows": 6, "Actual Loops": 1224, "Recheck Cond": "(id = ci.person_id)", "Rows Removed by Index Recheck": 0, "Filter": "((name)::text ~~ '%Downey%Robert%'::text)", "Rows Removed by Filter": 1218, "Exact Heap Blocks": 1224, "Lossy Heap Blocks": 1224, "Plans": [{"Node Type": "Bitmap Index Scan", "Parent Relationship": "Outer", "Index Name": "name_pkey", "Startup Cost": 0.0, "Total Cost": 0.26, "Plan Rows": 1, "Plan Width": 0, "Actual Startup Time": 4.777, "Actual Total Time": 4.777, "Actual Rows": 1224, "Actual Loops": 1224, "Index Cond": "(id = ci.person_id)"}]}]}]}, "Triggers": [], "Planner Runtime": 10.13, "Total Runtime": 56.603, "Unique SQL Id": 4208751436}}, "(64, '71')": {"explain_plan": {"Plan": {"Node Type": "Aggregate", "Strategy": "Plain", "Startup Cost": 4529.32, "Total Cost": 4529.33, "Plan Rows": 1, "Plan Width": 144, "Plans": [{"Node Type": "Nested Loop", "Parent Relationship": "Outer", "Join Type": "Inner", "Startup Cost": 724.55, "Total Cost": 4528.25, "Plan Rows": 143, "Plan Width": 48, "Inner Unique": true, "Plans": [{"Node Type": "Nested Loop", "Parent Relationship": "Outer", "Join Type": "Inner", "Startup Cost": 724.29, "Total Cost": 3594.24, "Plan Rows": 218, "Plan Width": 37, "Inner Unique": false, "Join Filter": "(t.id = ci.movie_id)", "Plans": [{"Node Type": "Nested Loop", "Parent Relationship": "Outer", "Join Type": "Inner", "Startup Cost": 723.87, "Total Cost": 3429.72, "Plan Rows": 36, "Plan Width": 41, "Inner Unique": true, "Plans": [{"Node Type": "Nested Loop", "Parent Relationship": "Outer", "Join Type": "Inner", "Startup Cost": 723.6, "Total Cost": 3288.12, "Plan Rows": 33, "Plan Width": 20, "Inner Unique": false, "Plans": [{"Node Type": "Bitmap Heap Scan", "Parent Relationship": "Outer", "Relation Name": "keyword", "Alias": "k", "Startup Cost": 719.1, "Total Cost": 3155.21, "Plan Rows": 1, "Plan Width": 20, "Filter": "((keyword)::text = 'marvel-cinematic-universe'::text)", "Plans": [{"Node Type": "Bitmap Index Scan", "Parent Relationship": "Outer", "Index Name": "keyword_pkey", "Startup Cost": 0.0, "Total Cost": 719.1, "Plan Rows": 134169, "Plan Width": 0}]}, {"Node Type": "Bitmap Heap Scan", "Parent Relationship": "Inner", "Relation Name": "movie_keyword", "Alias": "mk", "Startup Cost": 4.51, "Total Cost": 132.58, "Plan Rows": 33, "Plan Width": 8, "Recheck Cond": "(keyword_id = k.id)", "Plans": [{"Node Type": "Bitmap Index Scan", "Parent Relationship": "Outer", "Index Name": "keyword_id_movie_keyword", "Startup Cost": 0.0, "Total Cost": 4.5, "Plan Rows": 33, "Plan Width": 0, "Index Cond": "(keyword_id = k.id)"}]}]}, {"Node Type": "Bitmap Heap Scan", "Parent Relationship": "Inner", "Relation Name": "title", "Alias": "t", "Startup Cost": 0.27, "Total Cost": 4.28, "Plan Rows": 1, "Plan Width": 21, "Recheck Cond": "(id = mk.movie_id)", "Filter": "(production_year > 2010)", "Plans": [{"Node Type": "Bitmap Index Scan", "Parent Relationship": "Outer", "Index Name": "title_pkey", "Startup Cost": 0.0, "Total Cost": 0.27, "Plan Rows": 1, "Plan Width": 0, "Index Cond": "(id = mk.movie_id)"}]}]}, {"Node Type": "Bitmap Heap Scan", "Parent Relationship": "Inner", "Relation Name": "cast_info", "Alias": "ci", "Startup Cost": 0.42, "Total Cost": 4.49, "Plan Rows": 6, "Plan Width": 8, "Recheck Cond": "(movie_id = mk.movie_id)", "Plans": [{"Node Type": "Bitmap Index Scan", "Parent Relationship": "Outer", "Index Name": "movie_id_cast_info", "Startup Cost": 0.0, "Total Cost": 0.42, "Plan Rows": 6, "Plan Width": 0, "Index Cond": "(movie_id = mk.movie_id)"}]}]}, {"Node Type": "Bitmap Heap Scan", "Parent Relationship": "Inner", "Relation Name": "name", "Alias": "n", "Startup Cost": 0.26, "Total Cost": 4.27, "Plan Rows": 1, "Plan Width": 19, "Recheck Cond": "(id = ci.person_id)", "Filter": "((name)::text ~~ '%Downey%Robert%'::text)", "Plans": [{"Node Type": "Bitmap Index Scan", "Parent Relationship": "Outer", "Index Name": "name_pkey", "Startup Cost": 0.0, "Total Cost": 0.26, "Plan Rows": 1, "Plan Width": 0, "Index Cond": "(id = ci.person_id)"}]}]}]}, "Unique SQL Id": 4208751436, "Planner Runtime": 6}, "explain_analyze_plan": {"Plan": {"Node Type": "Aggregate", "Strategy": "Plain", "Startup Cost": 4529.32, "Total Cost": 4529.33, "Plan Rows": 1, "Plan Width": 144, "Actual Startup Time": 75.187, "Actual Total Time": 75.188, "Actual Rows": 1, "Actual Loops": 1, "Plans": [{"Node Type": "Nested Loop", "Parent Relationship": "Outer", "Join Type": "Inner", "Startup Cost": 724.55, "Total Cost": 4528.25, "Plan Rows": 143, "Plan Width": 48, "Actual Startup Time": 14.458, "Actual Total Time": 75.146, "Actual Rows": 6, "Actual Loops": 1, "Inner Unique": true, "Plans": [{"Node Type": "Nested Loop", "Parent Relationship": "Outer", "Join Type": "Inner", "Startup Cost": 724.29, "Total Cost": 3594.24, "Plan Rows": 218, "Plan Width": 37, "Actual Startup Time": 12.27, "Actual Total Time": 66.234, "Actual Rows": 1224, "Actual Loops": 1, "Inner Unique": false, "Join Filter": "(t.id = ci.movie_id)", "Rows Removed by Join Filter": 0, "Plans": [{"Node Type": "Nested Loop", "Parent Relationship": "Outer", "Join Type": "Inner", "Startup Cost": 723.87, "Total Cost": 3429.72, "Plan Rows": 36, "Plan Width": 41, "Actual Startup Time": 12.24, "Actual Total Time": 63.028, "Actual Rows": 11, "Actual Loops": 1, "Inner Unique": true, "Plans": [{"Node Type": "Nested Loop", "Parent Relationship": "Outer", "Join Type": "Inner", "Startup Cost": 723.6, "Total Cost": 3288.12, "Plan Rows": 33, "Plan Width": 20, "Actual Startup Time": 12.219, "Actual Total Time": 62.88, "Actual Rows": 14, "Actual Loops": 1, "Inner Unique": false, "Plans": [{"Node Type": "Bitmap Heap Scan", "Parent Relationship": "Outer", "Relation Name": "keyword", "Alias": "k", "Startup Cost": 719.1, "Total Cost": 3155.21, "Plan Rows": 1, "Plan Width": 20, "Actual Startup Time": 12.181, "Actual Total Time": 62.809, "Actual Rows": 1, "Actual Loops": 1, "Filter": "((keyword)::text = 'marvel-cinematic-universe'::text)", "Rows Removed by Filter": 134168, "Exact Heap Blocks": 759, "Lossy Heap Blocks": 759, "Plans": [{"Node Type": "Bitmap Index Scan", "Parent Relationship": "Outer", "Index Name": "keyword_pkey", "Startup Cost": 0.0, "Total Cost": 719.1, "Plan Rows": 134169, "Plan Width": 0, "Actual Startup Time": 10.737, "Actual Total Time": 10.737, "Actual Rows": 134169, "Actual Loops": 1}]}, {"Node Type": "Bitmap Heap Scan", "Parent Relationship": "Inner", "Relation Name": "movie_keyword", "Alias": "mk", "Startup Cost": 4.51, "Total Cost": 132.58, "Plan Rows": 33, "Plan Width": 8, "Actual Startup Time": 0.026, "Actual Total Time": 0.053, "Actual Rows": 14, "Actual Loops": 1, "Recheck Cond": "(keyword_id = k.id)", "Rows Removed by Index Recheck": 0, "Exact Heap Blocks": 13, "Lossy Heap Blocks": 13, "Plans": [{"Node Type": "Bitmap Index Scan", "Parent Relationship": "Outer", "Index Name": "keyword_id_movie_keyword", "Startup Cost": 0.0, "Total Cost": 4.5, "Plan Rows": 33, "Plan Width": 0, "Actual Startup Time": 0.017, "Actual Total Time": 0.017, "Actual Rows": 14, "Actual Loops": 1, "Index Cond": "(keyword_id = k.id)"}]}]}, {"Node Type": "Bitmap Heap Scan", "Parent Relationship": "Inner", "Relation Name": "title", "Alias": "t", "Startup Cost": 0.27, "Total Cost": 4.28, "Plan Rows": 1, "Plan Width": 21, "Actual Startup Time": 0.115, "Actual Total Time": 0.115, "Actual Rows": 11, "Actual Loops": 14, "Recheck Cond": "(id = mk.movie_id)", "Rows Removed by Index Recheck": 0, "Filter": "(production_year > 2010)", "Rows Removed by Filter": 3, "Exact Heap Blocks": 14, "Lossy Heap Blocks": 14, "Plans": [{"Node Type": "Bitmap Index Scan", "Parent Relationship": "Outer", "Index Name": "title_pkey", "Startup Cost": 0.0, "Total Cost": 0.27, "Plan Rows": 1, "Plan Width": 0, "Actual Startup Time": 0.07, "Actual Total Time": 0.07, "Actual Rows": 14, "Actual Loops": 14, "Index Cond": "(id = mk.movie_id)"}]}]}, {"Node Type": "Bitmap Heap Scan", "Parent Relationship": "Inner", "Relation Name": "cast_info", "Alias": "ci", "Startup Cost": 0.42, "Total Cost": 4.49, "Plan Rows": 6, "Plan Width": 8, "Actual Startup Time": 0.595, "Actual Total Time": 2.665, "Actual Rows": 1224, "Actual Loops": 11, "Recheck Cond": "(movie_id = mk.movie_id)", "Rows Removed by Index Recheck": 0, "Exact Heap Blocks": 1166, "Lossy Heap Blocks": 1166, "Plans": [{"Node Type": "Bitmap Index Scan", "Parent Relationship": "Outer", "Index Name": "movie_id_cast_info", "Startup Cost": 0.0, "Total Cost": 0.42, "Plan Rows": 6, "Plan Width": 0, "Actual Startup Time": 0.381, "Actual Total Time": 0.381, "Actual Rows": 1224, "Actual Loops": 11, "Index Cond": "(movie_id = mk.movie_id)"}]}]}, {"Node Type": "Bitmap Heap Scan", "Parent Relationship": "Inner", "Relation Name": "name", "Alias": "n", "Startup Cost": 0.26, "Total Cost": 4.27, "Plan Rows": 1, "Plan Width": 19, "Actual Startup Time": 7.491, "Actual Total Time": 7.491, "Actual Rows": 6, "Actual Loops": 1224, "Recheck Cond": "(id = ci.person_id)", "Rows Removed by Index Recheck": 0, "Filter": "((name)::text ~~ '%Downey%Robert%'::text)", "Rows Removed by Filter": 1218, "Exact Heap Blocks": 1224, "Lossy Heap Blocks": 1224, "Plans": [{"Node Type": "Bitmap Index Scan", "Parent Relationship": "Outer", "Index Name": "name_pkey", "Startup Cost": 0.0, "Total Cost": 0.26, "Plan Rows": 1, "Plan Width": 0, "Actual Startup Time": 4.492, "Actual Total Time": 4.492, "Actual Rows": 1224, "Actual Loops": 1224, "Index Cond": "(id = ci.person_id)"}]}]}]}, "Triggers": [], "Planner Runtime": 6.436, "Total Runtime": 75.551, "Unique SQL Id": 4208751436}}, "(64, '72')": {"explain_plan": {"Plan": {"Node Type": "Aggregate", "Strategy": "Plain", "Startup Cost": 2657.42, "Total Cost": 2657.43, "Plan Rows": 1, "Plan Width": 144, "Plans": [{"Node Type": "Nested Loop", "Parent Relationship": "Outer", "Join Type": "Inner", "Startup Cost": 0.0, "Total Cost": 2657.41, "Plan Rows": 1, "Plan Width": 48, "Inner Unique": true, "Join Filter": "(mk.movie_id = t.id)", "Plans": [{"Node Type": "Nested Loop", "Parent Relationship": "Outer", "Join Type": "Inner", "Startup Cost": 0.0, "Total Cost": 2657.12, "Plan Rows": 1, "Plan Width": 39, "Inner Unique": true, "Plans": [{"Node Type": "Nested Loop", "Parent Relationship": "Outer", "Join Type": "Inner", "Startup Cost": 0.0, "Total Cost": 2598.56, "Plan Rows": 202, "Plan Width": 28, "Inner Unique": false, "Plans": [{"Node Type": "Nested Loop", "Parent Relationship": "Outer", "Join Type": "Inner", "Startup Cost": 0.0, "Total Cost": 2573.32, "Plan Rows": 33, "Plan Width": 20, "Inner Unique": false, "Plans": [{"Node Type": "Seq Scan", "Parent Relationship": "Outer", "Relation Name": "keyword", "Alias": "k", "Startup Cost": 0.0, "Total Cost": 2436.11, "Plan Rows": 1, "Plan Width": 20, "Filter": "((keyword)::text = 'marvel-cinematic-universe'::text)"}, {"Node Type": "Index Scan", "Parent Relationship": "Inner", "Scan Direction": "Forward", "Index Name": "keyword_id_movie_keyword", "Relation Name": "movie_keyword", "Alias": "mk", "Startup Cost": 0.0, "Total Cost": 136.88, "Plan Rows": 33, "Plan Width": 8, "Index Cond": "(keyword_id = k.id)"}]}, {"Node Type": "Index Scan", "Parent Relationship": "Inner", "Scan Direction": "Forward", "Index Name": "movie_id_cast_info", "Relation Name": "cast_info", "Alias": "ci", "Startup Cost": 0.0, "Total Cost": 0.7, "Plan Rows": 6, "Plan Width": 8, "Index Cond": "(movie_id = mk.movie_id)"}]}, {"Node Type": "Index Scan", "Parent Relationship": "Inner", "Scan Direction": "Forward", "Index Name": "name_pkey", "Relation Name": "name", "Alias": "n", "Startup Cost": 0.0, "Total Cost": 0.28, "Plan Rows": 1, "Plan Width": 19, "Index Cond": "(id = ci.person_id)", "Filter": "((name)::text ~~ '%Downey%Robert%'::text)"}]}, {"Node Type": "Index Scan", "Parent Relationship": "Inner", "Scan Direction": "Forward", "Index Name": "title_pkey", "Relation Name": "title", "Alias": "t", "Startup Cost": 0.0, "Total Cost": 0.28, "Plan Rows": 1, "Plan Width": 21, "Index Cond": "(id = ci.movie_id)", "Filter": "(production_year > 2010)"}]}]}, "Unique SQL Id": 4208751436, "Planner Runtime": 10}, "explain_analyze_plan": {"Plan": {"Node Type": "Aggregate", "Strategy": "Plain", "Startup Cost": 2657.42, "Total Cost": 2657.43, "Plan Rows": 1, "Plan Width": 144, "Actual Startup Time": 53.179, "Actual Total Time": 53.179, "Actual Rows": 1, "Actual Loops": 1, "Plans": [{"Node Type": "Nested Loop", "Parent Relationship": "Outer", "Join Type": "Inner", "Startup Cost": 0.0, "Total Cost": 2657.41, "Plan Rows": 1, "Plan Width": 48, "Actual Startup Time": 3.067, "Actual Total Time": 53.134, "Actual Rows": 6, "Actual Loops": 1, "Inner Unique": true, "Join Filter": "(mk.movie_id = t.id)", "Rows Removed by Join Filter": 0, "Plans": [{"Node Type": "Nested Loop", "Parent Relationship": "Outer", "Join Type": "Inner", "Startup Cost": 0.0, "Total Cost": 2657.12, "Plan Rows": 1, "Plan Width": 39, "Actual Startup Time": 3.044, "Actual Total Time": 53.073, "Actual Rows": 6, "Actual Loops": 1, "Inner Unique": true, "Plans": [{"Node Type": "Nested Loop", "Parent Relationship": "Outer", "Join Type": "Inner", "Startup Cost": 0.0, "Total Cost": 2598.56, "Plan Rows": 202, "Plan Width": 28, "Actual Startup Time": 1.153, "Actual Total Time": 45.245, "Actual Rows": 1242, "Actual Loops": 1, "Inner Unique": false, "Plans": [{"Node Type": "Nested Loop", "Parent Relationship": "Outer", "Join Type": "Inner", "Startup Cost": 0.0, "Total Cost": 2573.32, "Plan Rows": 33, "Plan Width": 20, "Actual Startup Time": 1.139, "Actual Total Time": 42.599, "Actual Rows": 14, "Actual Loops": 1, "Inner Unique": false, "Plans": [{"Node Type": "Seq Scan", "Parent Relationship": "Outer", "Relation Name": "keyword", "Alias": "k", "Startup Cost": 0.0, "Total Cost": 2436.11, "Plan Rows": 1, "Plan Width": 20, "Actual Startup Time": 1.116, "Actual Total Time": 42.539, "Actual Rows": 1, "Actual Loops": 1, "Filter": "((keyword)::text = 'marvel-cinematic-universe'::text)", "Rows Removed by Filter": 134168}, {"Node Type": "Index Scan", "Parent Relationship": "Inner", "Scan Direction": "Forward", "Index Name": "keyword_id_movie_keyword", "Relation Name": "movie_keyword", "Alias": "mk", "Startup Cost": 0.0, "Total Cost": 136.88, "Plan Rows": 33, "Plan Width": 8, "Actual Startup Time": 0.018, "Actual Total Time": 0.043, "Actual Rows": 14, "Actual Loops": 1, "Index Cond": "(keyword_id = k.id)", "Rows Removed by Index Recheck": 0}]}, {"Node Type": "Index Scan", "Parent Relationship": "Inner", "Scan Direction": "Forward", "Index Name": "movie_id_cast_info", "Relation Name": "cast_info", "Alias": "ci", "Startup Cost": 0.0, "Total Cost": 0.7, "Plan Rows": 6, "Plan Width": 8, "Actual Startup Time": 0.179, "Actual Total Time": 2.353, "Actual Rows": 1242, "Actual Loops": 14, "Index Cond": "(movie_id = mk.movie_id)", "Rows Removed by Index Recheck": 0}]}, {"Node Type": "Index Scan", "Parent Relationship": "Inner", "Scan Direction": "Forward", "Index Name": "name_pkey", "Relation Name": "name", "Alias": "n", "Startup Cost": 0.0, "Total Cost": 0.28, "Plan Rows": 1, "Plan Width": 19, "Actual Startup Time": 7.21, "Actual Total Time": 7.21, "Actual Rows": 6, "Actual Loops": 1242, "Index Cond": "(id = ci.person_id)", "Rows Removed by Index Recheck": 0, "Filter": "((name)::text ~~ '%Downey%Robert%'::text)", "Rows Removed by Filter": 1236}]}, {"Node Type": "Index Scan", "Parent Relationship": "Inner", "Scan Direction": "Forward", "Index Name": "title_pkey", "Relation Name": "title", "Alias": "t", "Startup Cost": 0.0, "Total Cost": 0.28, "Plan Rows": 1, "Plan Width": 21, "Actual Startup Time": 0.042, "Actual Total Time": 0.042, "Actual Rows": 6, "Actual Loops": 6, "Index Cond": "(id = ci.movie_id)", "Rows Removed by Index Recheck": 0, "Filter": "(production_year > 2010)", "Rows Removed by Filter": 0}]}]}, "Triggers": [], "Planner Runtime": 9.561, "Total Runtime": 53.444, "Unique SQL Id": 4208751436}}, "(64, '73')": {"explain_plan": {"Plan": {"Node Type": "Aggregate", "Strategy": "Plain", "Startup Cost": 3404.02, "Total Cost": 3404.03, "Plan Rows": 1, "Plan Width": 144, "Plans": [{"Node Type": "Nested Loop", "Parent Relationship": "Outer", "Join Type": "Inner", "Startup Cost": 0.0, "Total Cost": 3404.01, "Plan Rows": 1, "Plan Width": 48, "Inner Unique": true, "Join Filter": "(mk.movie_id = t.id)", "Plans": [{"Node Type": "Nested Loop", "Parent Relationship": "Outer", "Join Type": "Inner", "Startup Cost": 0.0, "Total Cost": 3403.72, "Plan Rows": 1, "Plan Width": 39, "Inner Unique": true, "Plans": [{"Node Type": "Nested Loop", "Parent Relationship": "Outer", "Join Type": "Inner", "Startup Cost": 0.0, "Total Cost": 3345.17, "Plan Rows": 202, "Plan Width": 28, "Inner Unique": false, "Plans": [{"Node Type": "Nested Loop", "Parent Relationship": "Outer", "Join Type": "Inner", "Startup Cost": 0.0, "Total Cost": 3319.92, "Plan Rows": 33, "Plan Width": 20, "Inner Unique": false, "Plans": [{"Node Type": "Index Scan", "Parent Relationship": "Outer", "Scan Direction": "Forward", "Index Name": "keyword_pkey", "Relation Name": "keyword", "Alias": "k", "Startup Cost": 0.0, "Total Cost": 3182.72, "Plan Rows": 1, "Plan Width": 20, "Filter": "((keyword)::text = 'marvel-cinematic-universe'::text)"}, {"Node Type": "Index Scan", "Parent Relationship": "Inner", "Scan Direction": "Forward", "Index Name": "keyword_id_movie_keyword", "Relation Name": "movie_keyword", "Alias": "mk", "Startup Cost": 0.0, "Total Cost": 136.88, "Plan Rows": 33, "Plan Width": 8, "Index Cond": "(keyword_id = k.id)"}]}, {"Node Type": "Index Scan", "Parent Relationship": "Inner", "Scan Direction": "Forward", "Index Name": "movie_id_cast_info", "Relation Name": "cast_info", "Alias": "ci", "Startup Cost": 0.0, "Total Cost": 0.7, "Plan Rows": 6, "Plan Width": 8, "Index Cond": "(movie_id = mk.movie_id)"}]}, {"Node Type": "Index Scan", "Parent Relationship": "Inner", "Scan Direction": "Forward", "Index Name": "name_pkey", "Relation Name": "name", "Alias": "n", "Startup Cost": 0.0, "Total Cost": 0.28, "Plan Rows": 1, "Plan Width": 19, "Index Cond": "(id = ci.person_id)", "Filter": "((name)::text ~~ '%Downey%Robert%'::text)"}]}, {"Node Type": "Index Scan", "Parent Relationship": "Inner", "Scan Direction": "Forward", "Index Name": "title_pkey", "Relation Name": "title", "Alias": "t", "Startup Cost": 0.0, "Total Cost": 0.28, "Plan Rows": 1, "Plan Width": 21, "Index Cond": "(id = ci.movie_id)", "Filter": "(production_year > 2010)"}]}]}, "Unique SQL Id": 4208751436, "Planner Runtime": 8}, "explain_analyze_plan": {"Plan": {"Node Type": "Aggregate", "Strategy": "Plain", "Startup Cost": 3404.02, "Total Cost": 3404.03, "Plan Rows": 1, "Plan Width": 144, "Actual Startup Time": 123.981, "Actual Total Time": 123.983, "Actual Rows": 1, "Actual Loops": 1, "Plans": [{"Node Type": "Nested Loop", "Parent Relationship": "Outer", "Join Type": "Inner", "Startup Cost": 0.0, "Total Cost": 3404.01, "Plan Rows": 1, "Plan Width": 48, "Actual Startup Time": 8.671, "Actual Total Time": 123.935, "Actual Rows": 6, "Actual Loops": 1, "Inner Unique": true, "Join Filter": "(mk.movie_id = t.id)", "Rows Removed by Join Filter": 0, "Plans": [{"Node Type": "Nested Loop", "Parent Relationship": "Outer", "Join Type": "Inner", "Startup Cost": 0.0, "Total Cost": 3403.72, "Plan Rows": 1, "Plan Width": 39, "Actual Startup Time": 8.653, "Actual Total Time": 123.882, "Actual Rows": 6, "Actual Loops": 1, "Inner Unique": true, "Plans": [{"Node Type": "Nested Loop", "Parent Relationship": "Outer", "Join Type": "Inner", "Startup Cost": 0.0, "Total Cost": 3345.17, "Plan Rows": 202, "Plan Width": 28, "Actual Startup Time": 7.067, "Actual Total Time": 116.917, "Actual Rows": 1242, "Actual Loops": 1, "Inner Unique": false, "Plans": [{"Node Type": "Nested Loop", "Parent Relationship": "Outer", "Join Type": "Inner", "Startup Cost": 0.0, "Total Cost": 3319.92, "Plan Rows": 33, "Plan Width": 20, "Actual Startup Time": 7.054, "Actual Total Time": 114.743, "Actual Rows": 14, "Actual Loops": 1, "Inner Unique": false, "Plans": [{"Node Type": "Index Scan", "Parent Relationship": "Outer", "Scan Direction": "Forward", "Index Name": "keyword_pkey", "Relation Name": "keyword", "Alias": "k", "Startup Cost": 0.0, "Total Cost": 3182.72, "Plan Rows": 1, "Plan Width": 20, "Actual Startup Time": 7.038, "Actual Total Time": 114.697, "Actual Rows": 1, "Actual Loops": 1, "Filter": "((keyword)::text = 'marvel-cinematic-universe'::text)", "Rows Removed by Filter": 134168}, {"Node Type": "Index Scan", "Parent Relationship": "Inner", "Scan Direction": "Forward", "Index Name": "keyword_id_movie_keyword", "Relation Name": "movie_keyword", "Alias": "mk", "Startup Cost": 0.0, "Total Cost": 136.88, "Plan Rows": 33, "Plan Width": 8, "Actual Startup Time": 0.012, "Actual Total Time": 0.034, "Actual Rows": 14, "Actual Loops": 1, "Index Cond": "(keyword_id = k.id)", "Rows Removed by Index Recheck": 0}]}, {"Node Type": "Index Scan", "Parent Relationship": "Inner", "Scan Direction": "Forward", "Index Name": "movie_id_cast_info", "Relation Name": "cast_info", "Alias": "ci", "Startup Cost": 0.0, "Total Cost": 0.7, "Plan Rows": 6, "Plan Width": 8, "Actual Startup Time": 0.159, "Actual Total Time": 1.869, "Actual Rows": 1242, "Actual Loops": 14, "Index Cond": "(movie_id = mk.movie_id)", "Rows Removed by Index Recheck": 0}]}, {"Node Type": "Index Scan", "Parent Relationship": "Inner", "Scan Direction": "Forward", "Index Name": "name_pkey", "Relation Name": "name", "Alias": "n", "Startup Cost": 0.0, "Total Cost": 0.28, "Plan Rows": 1, "Plan Width": 19, "Actual Startup Time": 6.305, "Actual Total Time": 6.305, "Actual Rows": 6, "Actual Loops": 1242, "Index Cond": "(id = ci.person_id)", "Rows Removed by Index Recheck": 0, "Filter": "((name)::text ~~ '%Downey%Robert%'::text)", "Rows Removed by Filter": 1236}]}, {"Node Type": "Index Scan", "Parent Relationship": "Inner", "Scan Direction": "Forward", "Index Name": "title_pkey", "Relation Name": "title", "Alias": "t", "Startup Cost": 0.0, "Total Cost": 0.28, "Plan Rows": 1, "Plan Width": 21, "Actual Startup Time": 0.04, "Actual Total Time": 0.04, "Actual Rows": 6, "Actual Loops": 6, "Index Cond": "(id = ci.movie_id)", "Rows Removed by Index Recheck": 0, "Filter": "(production_year > 2010)", "Rows Removed by Filter": 0}]}]}, "Triggers": [], "Planner Runtime": 8.449, "Total Runtime": 124.25, "Unique SQL Id": 4208751436}}, "(64, '74')": {"explain_plan": {"Plan": {"Node Type": "Aggregate", "Strategy": "Plain", "Startup Cost": 301349.7, "Total Cost": 301349.71, "Plan Rows": 1, "Plan Width": 144, "Plans": [{"Node Type": "Hash Join", "Parent Relationship": "Outer", "Join Type": "Inner", "Startup Cost": 226811.99, "Total Cost": 301348.63, "Plan Rows": 143, "Plan Width": 48, "Inner Unique": true, "Hash Cond": "(ci.person_id = n.id)", "Plans": [{"Node Type": "Hash Join", "Parent Relationship": "Outer", "Join Type": "Inner", "Startup Cost": 162181.2, "Total Cost": 236717.25, "Plan Rows": 218, "Plan Width": 37, "Inner Unique": true, "Hash Cond": "(mk.movie_id = t.id)", "Plans": [{"Node Type": "Streaming(type: LOCAL GATHER dop: 1/64)", "Parent Relationship": "Outer", "Startup Cost": 139259.83, "Total Cost": 213792.95, "Plan Rows": 202, "Plan Width": 28, "Plans": [{"Node Type": "Hash Join", "Parent Relationship": "Outer", "Join Type": "Inner", "Startup Cost": 139259.83, "Total Cost": 213788.78, "Plan Rows": 202, "Plan Width": 28, "Inner Unique": false, "Hash Cond": "(ci.movie_id = mk.movie_id)", "Plans": [{"Node Type": "Seq Scan", "Parent Relationship": "Outer", "Relation Name": "cast_info", "Alias": "ci", "Startup Cost": 0.0, "Total Cost": 72404.34, "Plan Rows": 36259494, "Plan Width": 8}, {"Node Type": "Hash", "Parent Relationship": "Inner", "Startup Cost": 139259.41, "Total Cost": 139259.41, "Plan Rows": 2112, "Plan Width": 20, "Plans": [{"Node Type": "Streaming(type: BROADCAST dop: 64/1)", "Parent Relationship": "Outer", "Startup Cost": 2436.12, "Total Cost": 139259.41, "Plan Rows": 2112, "Plan Width": 20, "Plans": [{"Node Type": "Hash Join", "Parent Relationship": "Outer", "Join Type": "Inner", "Startup Cost": 2436.12, "Total Cost": 76215.84, "Plan Rows": 33, "Plan Width": 20, "Inner Unique": true, "Hash Cond": "(mk.keyword_id = k.id)", "Plans": [{"Node Type": "Seq Scan", "Parent Relationship": "Outer", "Relation Name": "movie_keyword", "Alias": "mk", "Startup Cost": 0.0, "Total Cost": 62441.29, "Plan Rows": 4523929, "Plan Width": 8}, {"Node Type": "Hash", "Parent Relationship": "Inner", "Startup Cost": 2436.11, "Total Cost": 2436.11, "Plan Rows": 1, "Plan Width": 20, "Plans": [{"Node Type": "Seq Scan", "Parent Relationship": "Outer", "Relation Name": "keyword", "Alias": "k", "Startup Cost": 0.0, "Total Cost": 2436.11, "Plan Rows": 1, "Plan Width": 20, "Filter": "((keyword)::text = 'marvel-cinematic-universe'::text)"}]}]}]}]}]}]}, {"Node Type": "Hash", "Parent Relationship": "Inner", "Startup Cost": 72112.93, "Total Cost": 72112.93, "Plan Rows": 391451, "Plan Width": 21, "Plans": [{"Node Type": "Streaming(type: LOCAL GATHER dop: 1/64)", "Parent Relationship": "Outer", "Startup Cost": 0.0, "Total Cost": 72112.93, "Plan Rows": 391451, "Plan Width": 21, "Plans": [{"Node Type": "Seq Scan", "Parent Relationship": "Outer", "Relation Name": "title", "Alias": "t", "Startup Cost": 0.0, "Total Cost": 64037.34, "Plan Rows": 391451, "Plan Width": 21, "Filter": "(production_year > 2010), (LLVM Optimized)"}]}]}]}, {"Node Type": "Hash", "Parent Relationship": "Inner", "Startup Cost": 64625.6, "Total Cost": 64625.6, "Plan Rows": 415, "Plan Width": 19, "Plans": [{"Node Type": "Streaming(type: LOCAL GATHER dop: 1/64)", "Parent Relationship": "Outer", "Startup Cost": 0.0, "Total Cost": 64625.6, "Plan Rows": 415, "Plan Width": 19, "Plans": [{"Node Type": "Seq Scan", "Parent Relationship": "Outer", "Relation Name": "name", "Alias": "n", "Startup Cost": 0.0, "Total Cost": 64617.04, "Plan Rows": 415, "Plan Width": 19, "Filter": "((name)::text ~~ '%Downey%Robert%'::text)"}]}]}]}]}, "Unique SQL Id": 4208751436, "Planner Runtime": 16}, "explain_analyze_plan": null}, "(64, '75')": {"explain_plan": {"Plan": {"Node Type": "Aggregate", "Strategy": "Plain", "Startup Cost": 4997516136472.81, "Total Cost": 4997516136472.82, "Plan Rows": 1, "Plan Width": 144, "Plans": [{"Node Type": "Hash Join", "Parent Relationship": "Outer", "Join Type": "Inner", "Startup Cost": 2030146687706.4, "Total Cost": 4997516136471.18, "Plan Rows": 218, "Plan Width": 48, "Inner Unique": true, "Hash Cond": "(ci.person_id = n.id)", "Plans": [{"Node Type": "Hash Join", "Parent Relationship": "Outer", "Join Type": "Inner", "Startup Cost": 1030128022554.01, "Total Cost": 3997497471318.2, "Plan Rows": 218, "Plan Width": 37, "Inner Unique": true, "Hash Cond": "(mk.keyword_id = k.id)", "Plans": [{"Node Type": "Merge Join", "Parent Relationship": "Outer", "Join Type": "Inner", "Startup Cost": 30127704282.31, "Total Cost": 2997497104207.24, "Plan Rows": 19486421, "Plan Width": 25, "Inner Unique": false, "Merge Cond": "(t.id = ci.movie_id)", "Plans": [{"Node Type": "Merge Join", "Parent Relationship": "Outer", "Join Type": "Inner", "Startup Cost": 20121395931.97, "Total Cost": 1999055821179.06, "Plan Rows": 3158553, "Plan Width": 29, "Inner Unique": false, "Merge Cond": "(t.id = mk.movie_id)", "Plans": [{"Node Type": "Index Scan", "Parent Relationship": "Outer", "Scan Direction": "Forward", "Index Name": "title_pkey", "Relation Name": "title", "Alias": "t", "Startup Cost": 10000000000.0, "Total Cost": 1000011644126.66, "Plan Rows": 391451, "Plan Width": 21, "Filter": "(production_year > 2010), (LLVM Optimized)"}, {"Node Type": "Index Scan", "Parent Relationship": "Inner", "Scan Direction": "Forward", "Index Name": "movie_id_movie_keyword", "Relation Name": "movie_keyword", "Alias": "mk", "Startup Cost": 10000000000.0, "Total Cost": 1000015300634.17, "Plan Rows": 4523929, "Plan Width": 8}]}, {"Node Type": "Index Scan", "Parent Relationship": "Inner", "Scan Direction": "Forward", "Index Name": "movie_id_cast_info", "Relation Name": "cast_info", "Alias": "ci", "Startup Cost": 10000000000.0, "Total Cost": 1000205932389.3, "Plan Rows": 36259494, "Plan Width": 8}]}, {"Node Type": "Hash", "Parent Relationship": "Inner", "Startup Cost": 1000000318271.68, "Total Cost": 1000000318271.68, "Plan Rows": 1, "Plan Width": 20, "Plans": [{"Node Type": "Index Scan", "Parent Relationship": "Outer", "Scan Direction": "Forward", "Index Name": "keyword_pkey", "Relation Name": "keyword", "Alias": "k", "Startup Cost": 10000000000.0, "Total Cost": 1000000318271.68, "Plan Rows": 1, "Plan Width": 20, "Filter": "((keyword)::text = 'marvel-cinematic-universe'::text)"}]}]}, {"Node Type": "Hash", "Parent Relationship": "Inner", "Startup Cost": 1000018665147.2, "Total Cost": 1000018665147.2, "Plan Rows": 415, "Plan Width": 19, "Plans": [{"Node Type": "Index Scan", "Parent Relationship": "Outer", "Scan Direction": "Forward", "Index Name": "name_pkey", "Relation Name": "name", "Alias": "n", "Startup Cost": 10000000000.0, "Total Cost": 1000018665147.2, "Plan Rows": 415, "Plan Width": 19, "Filter": "((name)::text ~~ '%Downey%Robert%'::text)"}]}]}]}, "Unique SQL Id": 4208751436, "Planner Runtime": 15}, "explain_analyze_plan": null}, "(64, '76')": {"explain_plan": {"Plan": {"Node Type": "Aggregate", "Strategy": "Plain", "Startup Cost": 2657.42, "Total Cost": 2657.43, "Plan Rows": 1, "Plan Width": 144, "Plans": [{"Node Type": "Nested Loop", "Parent Relationship": "Outer", "Join Type": "Inner", "Startup Cost": 0.0, "Total Cost": 2657.41, "Plan Rows": 1, "Plan Width": 48, "Inner Unique": true, "Join Filter": "(mk.movie_id = t.id)", "Plans": [{"Node Type": "Nested Loop", "Parent Relationship": "Outer", "Join Type": "Inner", "Startup Cost": 0.0, "Total Cost": 2657.12, "Plan Rows": 1, "Plan Width": 39, "Inner Unique": true, "Plans": [{"Node Type": "Nested Loop", "Parent Relationship": "Outer", "Join Type": "Inner", "Startup Cost": 0.0, "Total Cost": 2598.56, "Plan Rows": 202, "Plan Width": 28, "Inner Unique": false, "Plans": [{"Node Type": "Nested Loop", "Parent Relationship": "Outer", "Join Type": "Inner", "Startup Cost": 0.0, "Total Cost": 2573.32, "Plan Rows": 33, "Plan Width": 20, "Inner Unique": false, "Plans": [{"Node Type": "Seq Scan", "Parent Relationship": "Outer", "Relation Name": "keyword", "Alias": "k", "Startup Cost": 0.0, "Total Cost": 2436.11, "Plan Rows": 1, "Plan Width": 20, "Filter": "((keyword)::text = 'marvel-cinematic-universe'::text)"}, {"Node Type": "Index Scan", "Parent Relationship": "Inner", "Scan Direction": "Forward", "Index Name": "keyword_id_movie_keyword", "Relation Name": "movie_keyword", "Alias": "mk", "Startup Cost": 0.0, "Total Cost": 136.88, "Plan Rows": 33, "Plan Width": 8, "Index Cond": "(keyword_id = k.id)"}]}, {"Node Type": "Index Scan", "Parent Relationship": "Inner", "Scan Direction": "Forward", "Index Name": "movie_id_cast_info", "Relation Name": "cast_info", "Alias": "ci", "Startup Cost": 0.0, "Total Cost": 0.7, "Plan Rows": 6, "Plan Width": 8, "Index Cond": "(movie_id = mk.movie_id)"}]}, {"Node Type": "Index Scan", "Parent Relationship": "Inner", "Scan Direction": "Forward", "Index Name": "name_pkey", "Relation Name": "name", "Alias": "n", "Startup Cost": 0.0, "Total Cost": 0.28, "Plan Rows": 1, "Plan Width": 19, "Index Cond": "(id = ci.person_id)", "Filter": "((name)::text ~~ '%Downey%Robert%'::text)"}]}, {"Node Type": "Index Scan", "Parent Relationship": "Inner", "Scan Direction": "Forward", "Index Name": "title_pkey", "Relation Name": "title", "Alias": "t", "Startup Cost": 0.0, "Total Cost": 0.28, "Plan Rows": 1, "Plan Width": 21, "Index Cond": "(id = ci.movie_id)", "Filter": "(production_year > 2010)"}]}]}, "Unique SQL Id": 4208751436, "Planner Runtime": 10}, "explain_analyze_plan": {"Plan": {"Node Type": "Aggregate", "Strategy": "Plain", "Startup Cost": 2657.42, "Total Cost": 2657.43, "Plan Rows": 1, "Plan Width": 144, "Actual Startup Time": 53.179, "Actual Total Time": 53.179, "Actual Rows": 1, "Actual Loops": 1, "Plans": [{"Node Type": "Nested Loop", "Parent Relationship": "Outer", "Join Type": "Inner", "Startup Cost": 0.0, "Total Cost": 2657.41, "Plan Rows": 1, "Plan Width": 48, "Actual Startup Time": 3.067, "Actual Total Time": 53.134, "Actual Rows": 6, "Actual Loops": 1, "Inner Unique": true, "Join Filter": "(mk.movie_id = t.id)", "Rows Removed by Join Filter": 0, "Plans": [{"Node Type": "Nested Loop", "Parent Relationship": "Outer", "Join Type": "Inner", "Startup Cost": 0.0, "Total Cost": 2657.12, "Plan Rows": 1, "Plan Width": 39, "Actual Startup Time": 3.044, "Actual Total Time": 53.073, "Actual Rows": 6, "Actual Loops": 1, "Inner Unique": true, "Plans": [{"Node Type": "Nested Loop", "Parent Relationship": "Outer", "Join Type": "Inner", "Startup Cost": 0.0, "Total Cost": 2598.56, "Plan Rows": 202, "Plan Width": 28, "Actual Startup Time": 1.153, "Actual Total Time": 45.245, "Actual Rows": 1242, "Actual Loops": 1, "Inner Unique": false, "Plans": [{"Node Type": "Nested Loop", "Parent Relationship": "Outer", "Join Type": "Inner", "Startup Cost": 0.0, "Total Cost": 2573.32, "Plan Rows": 33, "Plan Width": 20, "Actual Startup Time": 1.139, "Actual Total Time": 42.599, "Actual Rows": 14, "Actual Loops": 1, "Inner Unique": false, "Plans": [{"Node Type": "Seq Scan", "Parent Relationship": "Outer", "Relation Name": "keyword", "Alias": "k", "Startup Cost": 0.0, "Total Cost": 2436.11, "Plan Rows": 1, "Plan Width": 20, "Actual Startup Time": 1.116, "Actual Total Time": 42.539, "Actual Rows": 1, "Actual Loops": 1, "Filter": "((keyword)::text = 'marvel-cinematic-universe'::text)", "Rows Removed by Filter": 134168}, {"Node Type": "Index Scan", "Parent Relationship": "Inner", "Scan Direction": "Forward", "Index Name": "keyword_id_movie_keyword", "Relation Name": "movie_keyword", "Alias": "mk", "Startup Cost": 0.0, "Total Cost": 136.88, "Plan Rows": 33, "Plan Width": 8, "Actual Startup Time": 0.018, "Actual Total Time": 0.043, "Actual Rows": 14, "Actual Loops": 1, "Index Cond": "(keyword_id = k.id)", "Rows Removed by Index Recheck": 0}]}, {"Node Type": "Index Scan", "Parent Relationship": "Inner", "Scan Direction": "Forward", "Index Name": "movie_id_cast_info", "Relation Name": "cast_info", "Alias": "ci", "Startup Cost": 0.0, "Total Cost": 0.7, "Plan Rows": 6, "Plan Width": 8, "Actual Startup Time": 0.179, "Actual Total Time": 2.353, "Actual Rows": 1242, "Actual Loops": 14, "Index Cond": "(movie_id = mk.movie_id)", "Rows Removed by Index Recheck": 0}]}, {"Node Type": "Index Scan", "Parent Relationship": "Inner", "Scan Direction": "Forward", "Index Name": "name_pkey", "Relation Name": "name", "Alias": "n", "Startup Cost": 0.0, "Total Cost": 0.28, "Plan Rows": 1, "Plan Width": 19, "Actual Startup Time": 7.21, "Actual Total Time": 7.21, "Actual Rows": 6, "Actual Loops": 1242, "Index Cond": "(id = ci.person_id)", "Rows Removed by Index Recheck": 0, "Filter": "((name)::text ~~ '%Downey%Robert%'::text)", "Rows Removed by Filter": 1236}]}, {"Node Type": "Index Scan", "Parent Relationship": "Inner", "Scan Direction": "Forward", "Index Name": "title_pkey", "Relation Name": "title", "Alias": "t", "Startup Cost": 0.0, "Total Cost": 0.28, "Plan Rows": 1, "Plan Width": 21, "Actual Startup Time": 0.042, "Actual Total Time": 0.042, "Actual Rows": 6, "Actual Loops": 6, "Index Cond": "(id = ci.movie_id)", "Rows Removed by Index Recheck": 0, "Filter": "(production_year > 2010)", "Rows Removed by Filter": 0}]}]}, "Triggers": [], "Planner Runtime": 9.561, "Total Runtime": 53.444, "Unique SQL Id": 4208751436}}, "(64, '77')": {"explain_plan": {"Plan": {"Node Type": "Aggregate", "Strategy": "Plain", "Startup Cost": 3404.02, "Total Cost": 3404.03, "Plan Rows": 1, "Plan Width": 144, "Plans": [{"Node Type": "Nested Loop", "Parent Relationship": "Outer", "Join Type": "Inner", "Startup Cost": 0.0, "Total Cost": 3404.01, "Plan Rows": 1, "Plan Width": 48, "Inner Unique": true, "Join Filter": "(mk.movie_id = t.id)", "Plans": [{"Node Type": "Nested Loop", "Parent Relationship": "Outer", "Join Type": "Inner", "Startup Cost": 0.0, "Total Cost": 3403.72, "Plan Rows": 1, "Plan Width": 39, "Inner Unique": true, "Plans": [{"Node Type": "Nested Loop", "Parent Relationship": "Outer", "Join Type": "Inner", "Startup Cost": 0.0, "Total Cost": 3345.17, "Plan Rows": 202, "Plan Width": 28, "Inner Unique": false, "Plans": [{"Node Type": "Nested Loop", "Parent Relationship": "Outer", "Join Type": "Inner", "Startup Cost": 0.0, "Total Cost": 3319.92, "Plan Rows": 33, "Plan Width": 20, "Inner Unique": false, "Plans": [{"Node Type": "Index Scan", "Parent Relationship": "Outer", "Scan Direction": "Forward", "Index Name": "keyword_pkey", "Relation Name": "keyword", "Alias": "k", "Startup Cost": 0.0, "Total Cost": 3182.72, "Plan Rows": 1, "Plan Width": 20, "Filter": "((keyword)::text = 'marvel-cinematic-universe'::text)"}, {"Node Type": "Index Scan", "Parent Relationship": "Inner", "Scan Direction": "Forward", "Index Name": "keyword_id_movie_keyword", "Relation Name": "movie_keyword", "Alias": "mk", "Startup Cost": 0.0, "Total Cost": 136.88, "Plan Rows": 33, "Plan Width": 8, "Index Cond": "(keyword_id = k.id)"}]}, {"Node Type": "Index Scan", "Parent Relationship": "Inner", "Scan Direction": "Forward", "Index Name": "movie_id_cast_info", "Relation Name": "cast_info", "Alias": "ci", "Startup Cost": 0.0, "Total Cost": 0.7, "Plan Rows": 6, "Plan Width": 8, "Index Cond": "(movie_id = mk.movie_id)"}]}, {"Node Type": "Index Scan", "Parent Relationship": "Inner", "Scan Direction": "Forward", "Index Name": "name_pkey", "Relation Name": "name", "Alias": "n", "Startup Cost": 0.0, "Total Cost": 0.28, "Plan Rows": 1, "Plan Width": 19, "Index Cond": "(id = ci.person_id)", "Filter": "((name)::text ~~ '%Downey%Robert%'::text)"}]}, {"Node Type": "Index Scan", "Parent Relationship": "Inner", "Scan Direction": "Forward", "Index Name": "title_pkey", "Relation Name": "title", "Alias": "t", "Startup Cost": 0.0, "Total Cost": 0.28, "Plan Rows": 1, "Plan Width": 21, "Index Cond": "(id = ci.movie_id)", "Filter": "(production_year > 2010)"}]}]}, "Unique SQL Id": 4208751436, "Planner Runtime": 8}, "explain_analyze_plan": {"Plan": {"Node Type": "Aggregate", "Strategy": "Plain", "Startup Cost": 3404.02, "Total Cost": 3404.03, "Plan Rows": 1, "Plan Width": 144, "Actual Startup Time": 123.981, "Actual Total Time": 123.983, "Actual Rows": 1, "Actual Loops": 1, "Plans": [{"Node Type": "Nested Loop", "Parent Relationship": "Outer", "Join Type": "Inner", "Startup Cost": 0.0, "Total Cost": 3404.01, "Plan Rows": 1, "Plan Width": 48, "Actual Startup Time": 8.671, "Actual Total Time": 123.935, "Actual Rows": 6, "Actual Loops": 1, "Inner Unique": true, "Join Filter": "(mk.movie_id = t.id)", "Rows Removed by Join Filter": 0, "Plans": [{"Node Type": "Nested Loop", "Parent Relationship": "Outer", "Join Type": "Inner", "Startup Cost": 0.0, "Total Cost": 3403.72, "Plan Rows": 1, "Plan Width": 39, "Actual Startup Time": 8.653, "Actual Total Time": 123.882, "Actual Rows": 6, "Actual Loops": 1, "Inner Unique": true, "Plans": [{"Node Type": "Nested Loop", "Parent Relationship": "Outer", "Join Type": "Inner", "Startup Cost": 0.0, "Total Cost": 3345.17, "Plan Rows": 202, "Plan Width": 28, "Actual Startup Time": 7.067, "Actual Total Time": 116.917, "Actual Rows": 1242, "Actual Loops": 1, "Inner Unique": false, "Plans": [{"Node Type": "Nested Loop", "Parent Relationship": "Outer", "Join Type": "Inner", "Startup Cost": 0.0, "Total Cost": 3319.92, "Plan Rows": 33, "Plan Width": 20, "Actual Startup Time": 7.054, "Actual Total Time": 114.743, "Actual Rows": 14, "Actual Loops": 1, "Inner Unique": false, "Plans": [{"Node Type": "Index Scan", "Parent Relationship": "Outer", "Scan Direction": "Forward", "Index Name": "keyword_pkey", "Relation Name": "keyword", "Alias": "k", "Startup Cost": 0.0, "Total Cost": 3182.72, "Plan Rows": 1, "Plan Width": 20, "Actual Startup Time": 7.038, "Actual Total Time": 114.697, "Actual Rows": 1, "Actual Loops": 1, "Filter": "((keyword)::text = 'marvel-cinematic-universe'::text)", "Rows Removed by Filter": 134168}, {"Node Type": "Index Scan", "Parent Relationship": "Inner", "Scan Direction": "Forward", "Index Name": "keyword_id_movie_keyword", "Relation Name": "movie_keyword", "Alias": "mk", "Startup Cost": 0.0, "Total Cost": 136.88, "Plan Rows": 33, "Plan Width": 8, "Actual Startup Time": 0.012, "Actual Total Time": 0.034, "Actual Rows": 14, "Actual Loops": 1, "Index Cond": "(keyword_id = k.id)", "Rows Removed by Index Recheck": 0}]}, {"Node Type": "Index Scan", "Parent Relationship": "Inner", "Scan Direction": "Forward", "Index Name": "movie_id_cast_info", "Relation Name": "cast_info", "Alias": "ci", "Startup Cost": 0.0, "Total Cost": 0.7, "Plan Rows": 6, "Plan Width": 8, "Actual Startup Time": 0.159, "Actual Total Time": 1.869, "Actual Rows": 1242, "Actual Loops": 14, "Index Cond": "(movie_id = mk.movie_id)", "Rows Removed by Index Recheck": 0}]}, {"Node Type": "Index Scan", "Parent Relationship": "Inner", "Scan Direction": "Forward", "Index Name": "name_pkey", "Relation Name": "name", "Alias": "n", "Startup Cost": 0.0, "Total Cost": 0.28, "Plan Rows": 1, "Plan Width": 19, "Actual Startup Time": 6.305, "Actual Total Time": 6.305, "Actual Rows": 6, "Actual Loops": 1242, "Index Cond": "(id = ci.person_id)", "Rows Removed by Index Recheck": 0, "Filter": "((name)::text ~~ '%Downey%Robert%'::text)", "Rows Removed by Filter": 1236}]}, {"Node Type": "Index Scan", "Parent Relationship": "Inner", "Scan Direction": "Forward", "Index Name": "title_pkey", "Relation Name": "title", "Alias": "t", "Startup Cost": 0.0, "Total Cost": 0.28, "Plan Rows": 1, "Plan Width": 21, "Actual Startup Time": 0.04, "Actual Total Time": 0.04, "Actual Rows": 6, "Actual Loops": 6, "Index Cond": "(id = ci.movie_id)", "Rows Removed by Index Recheck": 0, "Filter": "(production_year > 2010)", "Rows Removed by Filter": 0}]}]}, "Triggers": [], "Planner Runtime": 8.449, "Total Runtime": 124.25, "Unique SQL Id": 4208751436}}, "(64, '78')": {"explain_plan": {"Plan": {"Node Type": "Aggregate", "Strategy": "Plain", "Startup Cost": 301349.7, "Total Cost": 301349.71, "Plan Rows": 1, "Plan Width": 144, "Plans": [{"Node Type": "Hash Join", "Parent Relationship": "Outer", "Join Type": "Inner", "Startup Cost": 226811.99, "Total Cost": 301348.63, "Plan Rows": 143, "Plan Width": 48, "Inner Unique": true, "Hash Cond": "(ci.person_id = n.id)", "Plans": [{"Node Type": "Hash Join", "Parent Relationship": "Outer", "Join Type": "Inner", "Startup Cost": 162181.2, "Total Cost": 236717.25, "Plan Rows": 218, "Plan Width": 37, "Inner Unique": true, "Hash Cond": "(mk.movie_id = t.id)", "Plans": [{"Node Type": "Streaming(type: LOCAL GATHER dop: 1/64)", "Parent Relationship": "Outer", "Startup Cost": 139259.83, "Total Cost": 213792.95, "Plan Rows": 202, "Plan Width": 28, "Plans": [{"Node Type": "Hash Join", "Parent Relationship": "Outer", "Join Type": "Inner", "Startup Cost": 139259.83, "Total Cost": 213788.78, "Plan Rows": 202, "Plan Width": 28, "Inner Unique": false, "Hash Cond": "(ci.movie_id = mk.movie_id)", "Plans": [{"Node Type": "Seq Scan", "Parent Relationship": "Outer", "Relation Name": "cast_info", "Alias": "ci", "Startup Cost": 0.0, "Total Cost": 72404.34, "Plan Rows": 36259494, "Plan Width": 8}, {"Node Type": "Hash", "Parent Relationship": "Inner", "Startup Cost": 139259.41, "Total Cost": 139259.41, "Plan Rows": 2112, "Plan Width": 20, "Plans": [{"Node Type": "Streaming(type: BROADCAST dop: 64/1)", "Parent Relationship": "Outer", "Startup Cost": 2436.12, "Total Cost": 139259.41, "Plan Rows": 2112, "Plan Width": 20, "Plans": [{"Node Type": "Hash Join", "Parent Relationship": "Outer", "Join Type": "Inner", "Startup Cost": 2436.12, "Total Cost": 76215.84, "Plan Rows": 33, "Plan Width": 20, "Inner Unique": true, "Hash Cond": "(mk.keyword_id = k.id)", "Plans": [{"Node Type": "Seq Scan", "Parent Relationship": "Outer", "Relation Name": "movie_keyword", "Alias": "mk", "Startup Cost": 0.0, "Total Cost": 62441.29, "Plan Rows": 4523929, "Plan Width": 8}, {"Node Type": "Hash", "Parent Relationship": "Inner", "Startup Cost": 2436.11, "Total Cost": 2436.11, "Plan Rows": 1, "Plan Width": 20, "Plans": [{"Node Type": "Seq Scan", "Parent Relationship": "Outer", "Relation Name": "keyword", "Alias": "k", "Startup Cost": 0.0, "Total Cost": 2436.11, "Plan Rows": 1, "Plan Width": 20, "Filter": "((keyword)::text = 'marvel-cinematic-universe'::text)"}]}]}]}]}]}]}, {"Node Type": "Hash", "Parent Relationship": "Inner", "Startup Cost": 72112.93, "Total Cost": 72112.93, "Plan Rows": 391451, "Plan Width": 21, "Plans": [{"Node Type": "Streaming(type: LOCAL GATHER dop: 1/64)", "Parent Relationship": "Outer", "Startup Cost": 0.0, "Total Cost": 72112.93, "Plan Rows": 391451, "Plan Width": 21, "Plans": [{"Node Type": "Seq Scan", "Parent Relationship": "Outer", "Relation Name": "title", "Alias": "t", "Startup Cost": 0.0, "Total Cost": 64037.34, "Plan Rows": 391451, "Plan Width": 21, "Filter": "(production_year > 2010), (LLVM Optimized)"}]}]}]}, {"Node Type": "Hash", "Parent Relationship": "Inner", "Startup Cost": 64625.6, "Total Cost": 64625.6, "Plan Rows": 415, "Plan Width": 19, "Plans": [{"Node Type": "Streaming(type: LOCAL GATHER dop: 1/64)", "Parent Relationship": "Outer", "Startup Cost": 0.0, "Total Cost": 64625.6, "Plan Rows": 415, "Plan Width": 19, "Plans": [{"Node Type": "Seq Scan", "Parent Relationship": "Outer", "Relation Name": "name", "Alias": "n", "Startup Cost": 0.0, "Total Cost": 64617.04, "Plan Rows": 415, "Plan Width": 19, "Filter": "((name)::text ~~ '%Downey%Robert%'::text)"}]}]}]}]}, "Unique SQL Id": 4208751436, "Planner Runtime": 16}, "explain_analyze_plan": null}, "(64, '79')": {"explain_plan": {"Plan": {"Node Type": "Aggregate", "Strategy": "Plain", "Startup Cost": 4997516136472.81, "Total Cost": 4997516136472.82, "Plan Rows": 1, "Plan Width": 144, "Plans": [{"Node Type": "Hash Join", "Parent Relationship": "Outer", "Join Type": "Inner", "Startup Cost": 2030146687706.4, "Total Cost": 4997516136471.18, "Plan Rows": 218, "Plan Width": 48, "Inner Unique": true, "Hash Cond": "(ci.person_id = n.id)", "Plans": [{"Node Type": "Hash Join", "Parent Relationship": "Outer", "Join Type": "Inner", "Startup Cost": 1030128022554.01, "Total Cost": 3997497471318.2, "Plan Rows": 218, "Plan Width": 37, "Inner Unique": true, "Hash Cond": "(mk.keyword_id = k.id)", "Plans": [{"Node Type": "Merge Join", "Parent Relationship": "Outer", "Join Type": "Inner", "Startup Cost": 30127704282.31, "Total Cost": 2997497104207.24, "Plan Rows": 19486421, "Plan Width": 25, "Inner Unique": false, "Merge Cond": "(t.id = ci.movie_id)", "Plans": [{"Node Type": "Merge Join", "Parent Relationship": "Outer", "Join Type": "Inner", "Startup Cost": 20121395931.97, "Total Cost": 1999055821179.06, "Plan Rows": 3158553, "Plan Width": 29, "Inner Unique": false, "Merge Cond": "(t.id = mk.movie_id)", "Plans": [{"Node Type": "Index Scan", "Parent Relationship": "Outer", "Scan Direction": "Forward", "Index Name": "title_pkey", "Relation Name": "title", "Alias": "t", "Startup Cost": 10000000000.0, "Total Cost": 1000011644126.66, "Plan Rows": 391451, "Plan Width": 21, "Filter": "(production_year > 2010), (LLVM Optimized)"}, {"Node Type": "Index Scan", "Parent Relationship": "Inner", "Scan Direction": "Forward", "Index Name": "movie_id_movie_keyword", "Relation Name": "movie_keyword", "Alias": "mk", "Startup Cost": 10000000000.0, "Total Cost": 1000015300634.17, "Plan Rows": 4523929, "Plan Width": 8}]}, {"Node Type": "Index Scan", "Parent Relationship": "Inner", "Scan Direction": "Forward", "Index Name": "movie_id_cast_info", "Relation Name": "cast_info", "Alias": "ci", "Startup Cost": 10000000000.0, "Total Cost": 1000205932389.3, "Plan Rows": 36259494, "Plan Width": 8}]}, {"Node Type": "Hash", "Parent Relationship": "Inner", "Startup Cost": 1000000318271.68, "Total Cost": 1000000318271.68, "Plan Rows": 1, "Plan Width": 20, "Plans": [{"Node Type": "Index Scan", "Parent Relationship": "Outer", "Scan Direction": "Forward", "Index Name": "keyword_pkey", "Relation Name": "keyword", "Alias": "k", "Startup Cost": 10000000000.0, "Total Cost": 1000000318271.68, "Plan Rows": 1, "Plan Width": 20, "Filter": "((keyword)::text = 'marvel-cinematic-universe'::text)"}]}]}, {"Node Type": "Hash", "Parent Relationship": "Inner", "Startup Cost": 1000018665147.2, "Total Cost": 1000018665147.2, "Plan Rows": 415, "Plan Width": 19, "Plans": [{"Node Type": "Index Scan", "Parent Relationship": "Outer", "Scan Direction": "Forward", "Index Name": "name_pkey", "Relation Name": "name", "Alias": "n", "Startup Cost": 10000000000.0, "Total Cost": 1000018665147.2, "Plan Rows": 415, "Plan Width": 19, "Filter": "((name)::text ~~ '%Downey%Robert%'::text)"}]}]}]}, "Unique SQL Id": 4208751436, "Planner Runtime": 14}, "explain_analyze_plan": null}, "(64, '80')": {"explain_plan": {"Plan": {"Node Type": "Aggregate", "Strategy": "Plain", "Startup Cost": 2653.12, "Total Cost": 2653.13, "Plan Rows": 1, "Plan Width": 144, "Plans": [{"Node Type": "Nested Loop", "Parent Relationship": "Outer", "Join Type": "Inner", "Startup Cost": 4.51, "Total Cost": 2653.12, "Plan Rows": 1, "Plan Width": 48, "Inner Unique": true, "Join Filter": "(mk.movie_id = t.id)", "Plans": [{"Node Type": "Nested Loop", "Parent Relationship": "Outer", "Join Type": "Inner", "Startup Cost": 4.51, "Total Cost": 2652.83, "Plan Rows": 1, "Plan Width": 39, "Inner Unique": true, "Plans": [{"Node Type": "Nested Loop", "Parent Relationship": "Outer", "Join Type": "Inner", "Startup Cost": 4.51, "Total Cost": 2594.27, "Plan Rows": 202, "Plan Width": 28, "Inner Unique": false, "Plans": [{"Node Type": "Nested Loop", "Parent Relationship": "Outer", "Join Type": "Inner", "Startup Cost": 4.51, "Total Cost": 2569.02, "Plan Rows": 33, "Plan Width": 20, "Inner Unique": false, "Plans": [{"Node Type": "Seq Scan", "Parent Relationship": "Outer", "Relation Name": "keyword", "Alias": "k", "Startup Cost": 0.0, "Total Cost": 2436.11, "Plan Rows": 1, "Plan Width": 20, "Filter": "((keyword)::text = 'marvel-cinematic-universe'::text)"}, {"Node Type": "Bitmap Heap Scan", "Parent Relationship": "Inner", "Relation Name": "movie_keyword", "Alias": "mk", "Startup Cost": 4.51, "Total Cost": 132.58, "Plan Rows": 33, "Plan Width": 8, "Recheck Cond": "(keyword_id = k.id)", "Plans": [{"Node Type": "Bitmap Index Scan", "Parent Relationship": "Outer", "Index Name": "keyword_id_movie_keyword", "Startup Cost": 0.0, "Total Cost": 4.5, "Plan Rows": 33, "Plan Width": 0, "Index Cond": "(keyword_id = k.id)"}]}]}, {"Node Type": "Index Scan", "Parent Relationship": "Inner", "Scan Direction": "Forward", "Index Name": "movie_id_cast_info", "Relation Name": "cast_info", "Alias": "ci", "Startup Cost": 0.0, "Total Cost": 0.7, "Plan Rows": 6, "Plan Width": 8, "Index Cond": "(movie_id = mk.movie_id)"}]}, {"Node Type": "Index Scan", "Parent Relationship": "Inner", "Scan Direction": "Forward", "Index Name": "name_pkey", "Relation Name": "name", "Alias": "n", "Startup Cost": 0.0, "Total Cost": 0.28, "Plan Rows": 1, "Plan Width": 19, "Index Cond": "(id = ci.person_id)", "Filter": "((name)::text ~~ '%Downey%Robert%'::text)"}]}, {"Node Type": "Index Scan", "Parent Relationship": "Inner", "Scan Direction": "Forward", "Index Name": "title_pkey", "Relation Name": "title", "Alias": "t", "Startup Cost": 0.0, "Total Cost": 0.28, "Plan Rows": 1, "Plan Width": 21, "Index Cond": "(id = ci.movie_id)", "Filter": "(production_year > 2010)"}]}]}, "Unique SQL Id": 4208751436, "Planner Runtime": 6}, "explain_analyze_plan": {"Plan": {"Node Type": "Aggregate", "Strategy": "Plain", "Startup Cost": 2653.12, "Total Cost": 2653.13, "Plan Rows": 1, "Plan Width": 144, "Actual Startup Time": 53.108, "Actual Total Time": 53.108, "Actual Rows": 1, "Actual Loops": 1, "Plans": [{"Node Type": "Nested Loop", "Parent Relationship": "Outer", "Join Type": "Inner", "Startup Cost": 4.51, "Total Cost": 2653.12, "Plan Rows": 1, "Plan Width": 48, "Actual Startup Time": 3.077, "Actual Total Time": 53.078, "Actual Rows": 6, "Actual Loops": 1, "Inner Unique": true, "Join Filter": "(mk.movie_id = t.id)", "Rows Removed by Join Filter": 0, "Plans": [{"Node Type": "Nested Loop", "Parent Relationship": "Outer", "Join Type": "Inner", "Startup Cost": 4.51, "Total Cost": 2652.83, "Plan Rows": 1, "Plan Width": 39, "Actual Startup Time": 3.044, "Actual Total Time": 53.008, "Actual Rows": 6, "Actual Loops": 1, "Inner Unique": true, "Plans": [{"Node Type": "Nested Loop", "Parent Relationship": "Outer", "Join Type": "Inner", "Startup Cost": 4.51, "Total Cost": 2594.27, "Plan Rows": 202, "Plan Width": 28, "Actual Startup Time": 1.158, "Actual Total Time": 45.186, "Actual Rows": 1242, "Actual Loops": 1, "Inner Unique": false, "Plans": [{"Node Type": "Nested Loop", "Parent Relationship": "Outer", "Join Type": "Inner", "Startup Cost": 4.51, "Total Cost": 2569.02, "Plan Rows": 33, "Plan Width": 20, "Actual Startup Time": 1.138, "Actual Total Time": 42.528, "Actual Rows": 14, "Actual Loops": 1, "Inner Unique": false, "Plans": [{"Node Type": "Seq Scan", "Parent Relationship": "Outer", "Relation Name": "keyword", "Alias": "k", "Startup Cost": 0.0, "Total Cost": 2436.11, "Plan Rows": 1, "Plan Width": 20, "Actual Startup Time": 1.095, "Actual Total Time": 42.442, "Actual Rows": 1, "Actual Loops": 1, "Filter": "((keyword)::text = 'marvel-cinematic-universe'::text)", "Rows Removed by Filter": 134168}, {"Node Type": "Bitmap Heap Scan", "Parent Relationship": "Inner", "Relation Name": "movie_keyword", "Alias": "mk", "Startup Cost": 4.51, "Total Cost": 132.58, "Plan Rows": 33, "Plan Width": 8, "Actual Startup Time": 0.035, "Actual Total Time": 0.069, "Actual Rows": 14, "Actual Loops": 1, "Recheck Cond": "(keyword_id = k.id)", "Rows Removed by Index Recheck": 0, "Exact Heap Blocks": 13, "Lossy Heap Blocks": 13, "Plans": [{"Node Type": "Bitmap Index Scan", "Parent Relationship": "Outer", "Index Name": "keyword_id_movie_keyword", "Startup Cost": 0.0, "Total Cost": 4.5, "Plan Rows": 33, "Plan Width": 0, "Actual Startup Time": 0.021, "Actual Total Time": 0.021, "Actual Rows": 14, "Actual Loops": 1, "Index Cond": "(keyword_id = k.id)"}]}]}, {"Node Type": "Index Scan", "Parent Relationship": "Inner", "Scan Direction": "Forward", "Index Name": "movie_id_cast_info", "Relation Name": "cast_info", "Alias": "ci", "Startup Cost": 0.0, "Total Cost": 0.7, "Plan Rows": 6, "Plan Width": 8, "Actual Startup Time": 0.192, "Actual Total Time": 2.354, "Actual Rows": 1242, "Actual Loops": 14, "Index Cond": "(movie_id = mk.movie_id)", "Rows Removed by Index Recheck": 0}]}, {"Node Type": "Index Scan", "Parent Relationship": "Inner", "Scan Direction": "Forward", "Index Name": "name_pkey", "Relation Name": "name", "Alias": "n", "Startup Cost": 0.0, "Total Cost": 0.28, "Plan Rows": 1, "Plan Width": 19, "Actual Startup Time": 7.222, "Actual Total Time": 7.222, "Actual Rows": 6, "Actual Loops": 1242, "Index Cond": "(id = ci.person_id)", "Rows Removed by Index Recheck": 0, "Filter": "((name)::text ~~ '%Downey%Robert%'::text)", "Rows Removed by Filter": 1236}]}, {"Node Type": "Index Scan", "Parent Relationship": "Inner", "Scan Direction": "Forward", "Index Name": "title_pkey", "Relation Name": "title", "Alias": "t", "Startup Cost": 0.0, "Total Cost": 0.28, "Plan Rows": 1, "Plan Width": 21, "Actual Startup Time": 0.048, "Actual Total Time": 0.048, "Actual Rows": 6, "Actual Loops": 6, "Index Cond": "(id = ci.movie_id)", "Rows Removed by Index Recheck": 0, "Filter": "(production_year > 2010)", "Rows Removed by Filter": 0}]}]}, "Triggers": [], "Planner Runtime": 9.728, "Total Runtime": 53.358, "Unique SQL Id": 4208751436}}, "(64, '81')": {"explain_plan": {"Plan": {"Node Type": "Aggregate", "Strategy": "Plain", "Startup Cost": 3418.58, "Total Cost": 3418.59, "Plan Rows": 1, "Plan Width": 144, "Plans": [{"Node Type": "Nested Loop", "Parent Relationship": "Outer", "Join Type": "Inner", "Startup Cost": 4.51, "Total Cost": 3417.51, "Plan Rows": 143, "Plan Width": 48, "Inner Unique": true, "Plans": [{"Node Type": "Nested Loop", "Parent Relationship": "Outer", "Join Type": "Inner", "Startup Cost": 4.51, "Total Cost": 3354.32, "Plan Rows": 218, "Plan Width": 37, "Inner Unique": false, "Join Filter": "(t.id = ci.movie_id)", "Plans": [{"Node Type": "Nested Loop", "Parent Relationship": "Outer", "Join Type": "Inner", "Startup Cost": 4.51, "Total Cost": 3326.24, "Plan Rows": 36, "Plan Width": 41, "Inner Unique": true, "Plans": [{"Node Type": "Nested Loop", "Parent Relationship": "Outer", "Join Type": "Inner", "Startup Cost": 4.51, "Total Cost": 3315.63, "Plan Rows": 33, "Plan Width": 20, "Inner Unique": false, "Plans": [{"Node Type": "Index Scan", "Parent Relationship": "Outer", "Scan Direction": "Forward", "Index Name": "keyword_pkey", "Relation Name": "keyword", "Alias": "k", "Startup Cost": 0.0, "Total Cost": 3182.72, "Plan Rows": 1, "Plan Width": 20, "Filter": "((keyword)::text = 'marvel-cinematic-universe'::text)"}, {"Node Type": "Bitmap Heap Scan", "Parent Relationship": "Inner", "Relation Name": "movie_keyword", "Alias": "mk", "Startup Cost": 4.51, "Total Cost": 132.58, "Plan Rows": 33, "Plan Width": 8, "Recheck Cond": "(keyword_id = k.id)", "Plans": [{"Node Type": "Bitmap Index Scan", "Parent Relationship": "Outer", "Index Name": "keyword_id_movie_keyword", "Startup Cost": 0.0, "Total Cost": 4.5, "Plan Rows": 33, "Plan Width": 0, "Index Cond": "(keyword_id = k.id)"}]}]}, {"Node Type": "Index Scan", "Parent Relationship": "Inner", "Scan Direction": "Forward", "Index Name": "title_pkey", "Relation Name": "title", "Alias": "t", "Startup Cost": 0.0, "Total Cost": 0.31, "Plan Rows": 1, "Plan Width": 21, "Index Cond": "(id = mk.movie_id)", "Filter": "(production_year > 2010)"}]}, {"Node Type": "Index Scan", "Parent Relationship": "Inner", "Scan Direction": "Forward", "Index Name": "movie_id_cast_info", "Relation Name": "cast_info", "Alias": "ci", "Startup Cost": 0.0, "Total Cost": 0.7, "Plan Rows": 6, "Plan Width": 8, "Index Cond": "(movie_id = mk.movie_id)"}]}, {"Node Type": "Index Scan", "Parent Relationship": "Inner", "Scan Direction": "Forward", "Index Name": "name_pkey", "Relation Name": "name", "Alias": "n", "Startup Cost": 0.0, "Total Cost": 0.28, "Plan Rows": 1, "Plan Width": 19, "Index Cond": "(id = ci.person_id)", "Filter": "((name)::text ~~ '%Downey%Robert%'::text)"}]}]}, "Unique SQL Id": 4208751436, "Planner Runtime": 6}, "explain_analyze_plan": {"Plan": {"Node Type": "Aggregate", "Strategy": "Plain", "Startup Cost": 3418.58, "Total Cost": 3418.59, "Plan Rows": 1, "Plan Width": 144, "Actual Startup Time": 128.809, "Actual Total Time": 128.809, "Actual Rows": 1, "Actual Loops": 1, "Plans": [{"Node Type": "Nested Loop", "Parent Relationship": "Outer", "Join Type": "Inner", "Startup Cost": 4.51, "Total Cost": 3417.51, "Plan Rows": 143, "Plan Width": 48, "Actual Startup Time": 9.273, "Actual Total Time": 128.764, "Actual Rows": 6, "Actual Loops": 1, "Inner Unique": true, "Plans": [{"Node Type": "Nested Loop", "Parent Relationship": "Outer", "Join Type": "Inner", "Startup Cost": 4.51, "Total Cost": 3354.32, "Plan Rows": 218, "Plan Width": 37, "Actual Startup Time": 7.231, "Actual Total Time": 120.66, "Actual Rows": 1224, "Actual Loops": 1, "Inner Unique": false, "Join Filter": "(t.id = ci.movie_id)", "Rows Removed by Join Filter": 0, "Plans": [{"Node Type": "Nested Loop", "Parent Relationship": "Outer", "Join Type": "Inner", "Startup Cost": 4.51, "Total Cost": 3326.24, "Plan Rows": 36, "Plan Width": 41, "Actual Startup Time": 7.213, "Actual Total Time": 117.736, "Actual Rows": 11, "Actual Loops": 1, "Inner Unique": true, "Plans": [{"Node Type": "Nested Loop", "Parent Relationship": "Outer", "Join Type": "Inner", "Startup Cost": 4.51, "Total Cost": 3315.63, "Plan Rows": 33, "Plan Width": 20, "Actual Startup Time": 7.194, "Actual Total Time": 117.594, "Actual Rows": 14, "Actual Loops": 1, "Inner Unique": false, "Plans": [{"Node Type": "Index Scan", "Parent Relationship": "Outer", "Scan Direction": "Forward", "Index Name": "keyword_pkey", "Relation Name": "keyword", "Alias": "k", "Startup Cost": 0.0, "Total Cost": 3182.72, "Plan Rows": 1, "Plan Width": 20, "Actual Startup Time": 7.146, "Actual Total Time": 117.504, "Actual Rows": 1, "Actual Loops": 1, "Filter": "((keyword)::text = 'marvel-cinematic-universe'::text)", "Rows Removed by Filter": 134168}, {"Node Type": "Bitmap Heap Scan", "Parent Relationship": "Inner", "Relation Name": "movie_keyword", "Alias": "mk", "Startup Cost": 4.51, "Total Cost": 132.58, "Plan Rows": 33, "Plan Width": 8, "Actual Startup Time": 0.038, "Actual Total Time": 0.072, "Actual Rows": 14, "Actual Loops": 1, "Recheck Cond": "(keyword_id = k.id)", "Rows Removed by Index Recheck": 0, "Exact Heap Blocks": 13, "Lossy Heap Blocks": 13, "Plans": [{"Node Type": "Bitmap Index Scan", "Parent Relationship": "Outer", "Index Name": "keyword_id_movie_keyword", "Startup Cost": 0.0, "Total Cost": 4.5, "Plan Rows": 33, "Plan Width": 0, "Actual Startup Time": 0.022, "Actual Total Time": 0.022, "Actual Rows": 14, "Actual Loops": 1, "Index Cond": "(keyword_id = k.id)"}]}]}, {"Node Type": "Index Scan", "Parent Relationship": "Inner", "Scan Direction": "Forward", "Index Name": "title_pkey", "Relation Name": "title", "Alias": "t", "Startup Cost": 0.0, "Total Cost": 0.31, "Plan Rows": 1, "Plan Width": 21, "Actual Startup Time": 0.117, "Actual Total Time": 0.117, "Actual Rows": 11, "Actual Loops": 14, "Index Cond": "(id = mk.movie_id)", "Rows Removed by Index Recheck": 0, "Filter": "(production_year > 2010)", "Rows Removed by Filter": 3}]}, {"Node Type": "Index Scan", "Parent Relationship": "Inner", "Scan Direction": "Forward", "Index Name": "movie_id_cast_info", "Relation Name": "cast_info", "Alias": "ci", "Startup Cost": 0.0, "Total Cost": 0.7, "Plan Rows": 6, "Plan Width": 8, "Actual Startup Time": 0.169, "Actual Total Time": 2.426, "Actual Rows": 1224, "Actual Loops": 11, "Index Cond": "(movie_id = mk.movie_id)", "Rows Removed by Index Recheck": 0}]}, {"Node Type": "Index Scan", "Parent Relationship": "Inner", "Scan Direction": "Forward", "Index Name": "name_pkey", "Relation Name": "name", "Alias": "n", "Startup Cost": 0.0, "Total Cost": 0.28, "Plan Rows": 1, "Plan Width": 19, "Actual Startup Time": 7.516, "Actual Total Time": 7.516, "Actual Rows": 6, "Actual Loops": 1224, "Index Cond": "(id = ci.person_id)", "Rows Removed by Index Recheck": 0, "Filter": "((name)::text ~~ '%Downey%Robert%'::text)", "Rows Removed by Filter": 1218}]}]}, "Triggers": [], "Planner Runtime": 8.791, "Total Runtime": 129.107, "Unique SQL Id": 4208751436}}, "(64, '82')": {"explain_plan": {"Plan": {"Node Type": "Aggregate", "Strategy": "Plain", "Startup Cost": 3810.23, "Total Cost": 3810.24, "Plan Rows": 1, "Plan Width": 144, "Plans": [{"Node Type": "Nested Loop", "Parent Relationship": "Outer", "Join Type": "Inner", "Startup Cost": 5.45, "Total Cost": 3809.16, "Plan Rows": 143, "Plan Width": 48, "Inner Unique": true, "Plans": [{"Node Type": "Nested Loop", "Parent Relationship": "Outer", "Join Type": "Inner", "Startup Cost": 5.19, "Total Cost": 2875.14, "Plan Rows": 218, "Plan Width": 37, "Inner Unique": false, "Join Filter": "(t.id = ci.movie_id)", "Plans": [{"Node Type": "Nested Loop", "Parent Relationship": "Outer", "Join Type": "Inner", "Startup Cost": 4.77, "Total Cost": 2710.63, "Plan Rows": 36, "Plan Width": 41, "Inner Unique": true, "Plans": [{"Node Type": "Nested Loop", "Parent Relationship": "Outer", "Join Type": "Inner", "Startup Cost": 4.51, "Total Cost": 2569.02, "Plan Rows": 33, "Plan Width": 20, "Inner Unique": false, "Plans": [{"Node Type": "Seq Scan", "Parent Relationship": "Outer", "Relation Name": "keyword", "Alias": "k", "Startup Cost": 0.0, "Total Cost": 2436.11, "Plan Rows": 1, "Plan Width": 20, "Filter": "((keyword)::text = 'marvel-cinematic-universe'::text)"}, {"Node Type": "Bitmap Heap Scan", "Parent Relationship": "Inner", "Relation Name": "movie_keyword", "Alias": "mk", "Startup Cost": 4.51, "Total Cost": 132.58, "Plan Rows": 33, "Plan Width": 8, "Recheck Cond": "(keyword_id = k.id)", "Plans": [{"Node Type": "Bitmap Index Scan", "Parent Relationship": "Outer", "Index Name": "keyword_id_movie_keyword", "Startup Cost": 0.0, "Total Cost": 4.5, "Plan Rows": 33, "Plan Width": 0, "Index Cond": "(keyword_id = k.id)"}]}]}, {"Node Type": "Bitmap Heap Scan", "Parent Relationship": "Inner", "Relation Name": "title", "Alias": "t", "Startup Cost": 0.27, "Total Cost": 4.28, "Plan Rows": 1, "Plan Width": 21, "Recheck Cond": "(id = mk.movie_id)", "Filter": "(production_year > 2010)", "Plans": [{"Node Type": "Bitmap Index Scan", "Parent Relationship": "Outer", "Index Name": "title_pkey", "Startup Cost": 0.0, "Total Cost": 0.27, "Plan Rows": 1, "Plan Width": 0, "Index Cond": "(id = mk.movie_id)"}]}]}, {"Node Type": "Bitmap Heap Scan", "Parent Relationship": "Inner", "Relation Name": "cast_info", "Alias": "ci", "Startup Cost": 0.42, "Total Cost": 4.49, "Plan Rows": 6, "Plan Width": 8, "Recheck Cond": "(movie_id = mk.movie_id)", "Plans": [{"Node Type": "Bitmap Index Scan", "Parent Relationship": "Outer", "Index Name": "movie_id_cast_info", "Startup Cost": 0.0, "Total Cost": 0.42, "Plan Rows": 6, "Plan Width": 0, "Index Cond": "(movie_id = mk.movie_id)"}]}]}, {"Node Type": "Bitmap Heap Scan", "Parent Relationship": "Inner", "Relation Name": "name", "Alias": "n", "Startup Cost": 0.26, "Total Cost": 4.27, "Plan Rows": 1, "Plan Width": 19, "Recheck Cond": "(id = ci.person_id)", "Filter": "((name)::text ~~ '%Downey%Robert%'::text)", "Plans": [{"Node Type": "Bitmap Index Scan", "Parent Relationship": "Outer", "Index Name": "name_pkey", "Startup Cost": 0.0, "Total Cost": 0.26, "Plan Rows": 1, "Plan Width": 0, "Index Cond": "(id = ci.person_id)"}]}]}]}, "Unique SQL Id": 4208751436, "Planner Runtime": 6}, "explain_analyze_plan": {"Plan": {"Node Type": "Aggregate", "Strategy": "Plain", "Startup Cost": 3810.23, "Total Cost": 3810.24, "Plan Rows": 1, "Plan Width": 144, "Actual Startup Time": 56.348, "Actual Total Time": 56.348, "Actual Rows": 1, "Actual Loops": 1, "Plans": [{"Node Type": "Nested Loop", "Parent Relationship": "Outer", "Join Type": "Inner", "Startup Cost": 5.45, "Total Cost": 3809.16, "Plan Rows": 143, "Plan Width": 48, "Actual Startup Time": 4.076, "Actual Total Time": 56.316, "Actual Rows": 6, "Actual Loops": 1, "Inner Unique": true, "Plans": [{"Node Type": "Nested Loop", "Parent Relationship": "Outer", "Join Type": "Inner", "Startup Cost": 5.19, "Total Cost": 2875.14, "Plan Rows": 218, "Plan Width": 37, "Actual Startup Time": 1.279, "Actual Total Time": 46.811, "Actual Rows": 1224, "Actual Loops": 1, "Inner Unique": false, "Join Filter": "(t.id = ci.movie_id)", "Rows Removed by Join Filter": 0, "Plans": [{"Node Type": "Nested Loop", "Parent Relationship": "Outer", "Join Type": "Inner", "Startup Cost": 4.77, "Total Cost": 2710.63, "Plan Rows": 36, "Plan Width": 41, "Actual Startup Time": 1.241, "Actual Total Time": 43.379, "Actual Rows": 11, "Actual Loops": 1, "Inner Unique": true, "Plans": [{"Node Type": "Nested Loop", "Parent Relationship": "Outer", "Join Type": "Inner", "Startup Cost": 4.51, "Total Cost": 2569.02, "Plan Rows": 33, "Plan Width": 20, "Actual Startup Time": 1.135, "Actual Total Time": 42.397, "Actual Rows": 14, "Actual Loops": 1, "Inner Unique": false, "Plans": [{"Node Type": "Seq Scan", "Parent Relationship": "Outer", "Relation Name": "keyword", "Alias": "k", "Startup Cost": 0.0, "Total Cost": 2436.11, "Plan Rows": 1, "Plan Width": 20, "Actual Startup Time": 1.097, "Actual Total Time": 42.316, "Actual Rows": 1, "Actual Loops": 1, "Filter": "((keyword)::text = 'marvel-cinematic-universe'::text)", "Rows Removed by Filter": 134168}, {"Node Type": "Bitmap Heap Scan", "Parent Relationship": "Inner", "Relation Name": "movie_keyword", "Alias": "mk", "Startup Cost": 4.51, "Total Cost": 132.58, "Plan Rows": 33, "Plan Width": 8, "Actual Startup Time": 0.032, "Actual Total Time": 0.066, "Actual Rows": 14, "Actual Loops": 1, "Recheck Cond": "(keyword_id = k.id)", "Rows Removed by Index Recheck": 0, "Exact Heap Blocks": 13, "Lossy Heap Blocks": 13, "Plans": [{"Node Type": "Bitmap Index Scan", "Parent Relationship": "Outer", "Index Name": "keyword_id_movie_keyword", "Startup Cost": 0.0, "Total Cost": 4.5, "Plan Rows": 33, "Plan Width": 0, "Actual Startup Time": 0.019, "Actual Total Time": 0.019, "Actual Rows": 14, "Actual Loops": 1, "Index Cond": "(keyword_id = k.id)"}]}]}, {"Node Type": "Bitmap Heap Scan", "Parent Relationship": "Inner", "Relation Name": "title", "Alias": "t", "Startup Cost": 0.27, "Total Cost": 4.28, "Plan Rows": 1, "Plan Width": 21, "Actual Startup Time": 0.957, "Actual Total Time": 0.957, "Actual Rows": 11, "Actual Loops": 14, "Recheck Cond": "(id = mk.movie_id)", "Rows Removed by Index Recheck": 0, "Filter": "(production_year > 2010)", "Rows Removed by Filter": 3, "Exact Heap Blocks": 14, "Lossy Heap Blocks": 14, "Plans": [{"Node Type": "Bitmap Index Scan", "Parent Relationship": "Outer", "Index Name": "title_pkey", "Startup Cost": 0.0, "Total Cost": 0.27, "Plan Rows": 1, "Plan Width": 0, "Actual Startup Time": 0.544, "Actual Total Time": 0.544, "Actual Rows": 14, "Actual Loops": 14, "Index Cond": "(id = mk.movie_id)"}]}]}, {"Node Type": "Bitmap Heap Scan", "Parent Relationship": "Inner", "Relation Name": "cast_info", "Alias": "ci", "Startup Cost": 0.42, "Total Cost": 4.49, "Plan Rows": 6, "Plan Width": 8, "Actual Startup Time": 0.64, "Actual Total Time": 2.909, "Actual Rows": 1224, "Actual Loops": 11, "Recheck Cond": "(movie_id = mk.movie_id)", "Rows Removed by Index Recheck": 0, "Exact Heap Blocks": 1166, "Lossy Heap Blocks": 1166, "Plans": [{"Node Type": "Bitmap Index Scan", "Parent Relationship": "Outer", "Index Name": "movie_id_cast_info", "Startup Cost": 0.0, "Total Cost": 0.42, "Plan Rows": 6, "Plan Width": 0, "Actual Startup Time": 0.411, "Actual Total Time": 0.411, "Actual Rows": 1224, "Actual Loops": 11, "Index Cond": "(movie_id = mk.movie_id)"}]}]}, {"Node Type": "Bitmap Heap Scan", "Parent Relationship": "Inner", "Relation Name": "name", "Alias": "n", "Startup Cost": 0.26, "Total Cost": 4.27, "Plan Rows": 1, "Plan Width": 19, "Actual Startup Time": 8.076, "Actual Total Time": 8.076, "Actual Rows": 6, "Actual Loops": 1224, "Recheck Cond": "(id = ci.person_id)", "Rows Removed by Index Recheck": 0, "Filter": "((name)::text ~~ '%Downey%Robert%'::text)", "Rows Removed by Filter": 1218, "Exact Heap Blocks": 1224, "Lossy Heap Blocks": 1224, "Plans": [{"Node Type": "Bitmap Index Scan", "Parent Relationship": "Outer", "Index Name": "name_pkey", "Startup Cost": 0.0, "Total Cost": 0.26, "Plan Rows": 1, "Plan Width": 0, "Actual Startup Time": 4.777, "Actual Total Time": 4.777, "Actual Rows": 1224, "Actual Loops": 1224, "Index Cond": "(id = ci.person_id)"}]}]}]}, "Triggers": [], "Planner Runtime": 10.13, "Total Runtime": 56.603, "Unique SQL Id": 4208751436}}, "(64, '83')": {"explain_plan": {"Plan": {"Node Type": "Aggregate", "Strategy": "Plain", "Startup Cost": 4529.32, "Total Cost": 4529.33, "Plan Rows": 1, "Plan Width": 144, "Plans": [{"Node Type": "Nested Loop", "Parent Relationship": "Outer", "Join Type": "Inner", "Startup Cost": 724.55, "Total Cost": 4528.25, "Plan Rows": 143, "Plan Width": 48, "Inner Unique": true, "Plans": [{"Node Type": "Nested Loop", "Parent Relationship": "Outer", "Join Type": "Inner", "Startup Cost": 724.29, "Total Cost": 3594.24, "Plan Rows": 218, "Plan Width": 37, "Inner Unique": false, "Join Filter": "(t.id = ci.movie_id)", "Plans": [{"Node Type": "Nested Loop", "Parent Relationship": "Outer", "Join Type": "Inner", "Startup Cost": 723.87, "Total Cost": 3429.72, "Plan Rows": 36, "Plan Width": 41, "Inner Unique": true, "Plans": [{"Node Type": "Nested Loop", "Parent Relationship": "Outer", "Join Type": "Inner", "Startup Cost": 723.6, "Total Cost": 3288.12, "Plan Rows": 33, "Plan Width": 20, "Inner Unique": false, "Plans": [{"Node Type": "Bitmap Heap Scan", "Parent Relationship": "Outer", "Relation Name": "keyword", "Alias": "k", "Startup Cost": 719.1, "Total Cost": 3155.21, "Plan Rows": 1, "Plan Width": 20, "Filter": "((keyword)::text = 'marvel-cinematic-universe'::text)", "Plans": [{"Node Type": "Bitmap Index Scan", "Parent Relationship": "Outer", "Index Name": "keyword_pkey", "Startup Cost": 0.0, "Total Cost": 719.1, "Plan Rows": 134169, "Plan Width": 0}]}, {"Node Type": "Bitmap Heap Scan", "Parent Relationship": "Inner", "Relation Name": "movie_keyword", "Alias": "mk", "Startup Cost": 4.51, "Total Cost": 132.58, "Plan Rows": 33, "Plan Width": 8, "Recheck Cond": "(keyword_id = k.id)", "Plans": [{"Node Type": "Bitmap Index Scan", "Parent Relationship": "Outer", "Index Name": "keyword_id_movie_keyword", "Startup Cost": 0.0, "Total Cost": 4.5, "Plan Rows": 33, "Plan Width": 0, "Index Cond": "(keyword_id = k.id)"}]}]}, {"Node Type": "Bitmap Heap Scan", "Parent Relationship": "Inner", "Relation Name": "title", "Alias": "t", "Startup Cost": 0.27, "Total Cost": 4.28, "Plan Rows": 1, "Plan Width": 21, "Recheck Cond": "(id = mk.movie_id)", "Filter": "(production_year > 2010)", "Plans": [{"Node Type": "Bitmap Index Scan", "Parent Relationship": "Outer", "Index Name": "title_pkey", "Startup Cost": 0.0, "Total Cost": 0.27, "Plan Rows": 1, "Plan Width": 0, "Index Cond": "(id = mk.movie_id)"}]}]}, {"Node Type": "Bitmap Heap Scan", "Parent Relationship": "Inner", "Relation Name": "cast_info", "Alias": "ci", "Startup Cost": 0.42, "Total Cost": 4.49, "Plan Rows": 6, "Plan Width": 8, "Recheck Cond": "(movie_id = mk.movie_id)", "Plans": [{"Node Type": "Bitmap Index Scan", "Parent Relationship": "Outer", "Index Name": "movie_id_cast_info", "Startup Cost": 0.0, "Total Cost": 0.42, "Plan Rows": 6, "Plan Width": 0, "Index Cond": "(movie_id = mk.movie_id)"}]}]}, {"Node Type": "Bitmap Heap Scan", "Parent Relationship": "Inner", "Relation Name": "name", "Alias": "n", "Startup Cost": 0.26, "Total Cost": 4.27, "Plan Rows": 1, "Plan Width": 19, "Recheck Cond": "(id = ci.person_id)", "Filter": "((name)::text ~~ '%Downey%Robert%'::text)", "Plans": [{"Node Type": "Bitmap Index Scan", "Parent Relationship": "Outer", "Index Name": "name_pkey", "Startup Cost": 0.0, "Total Cost": 0.26, "Plan Rows": 1, "Plan Width": 0, "Index Cond": "(id = ci.person_id)"}]}]}]}, "Unique SQL Id": 4208751436, "Planner Runtime": 5}, "explain_analyze_plan": {"Plan": {"Node Type": "Aggregate", "Strategy": "Plain", "Startup Cost": 4529.32, "Total Cost": 4529.33, "Plan Rows": 1, "Plan Width": 144, "Actual Startup Time": 75.187, "Actual Total Time": 75.188, "Actual Rows": 1, "Actual Loops": 1, "Plans": [{"Node Type": "Nested Loop", "Parent Relationship": "Outer", "Join Type": "Inner", "Startup Cost": 724.55, "Total Cost": 4528.25, "Plan Rows": 143, "Plan Width": 48, "Actual Startup Time": 14.458, "Actual Total Time": 75.146, "Actual Rows": 6, "Actual Loops": 1, "Inner Unique": true, "Plans": [{"Node Type": "Nested Loop", "Parent Relationship": "Outer", "Join Type": "Inner", "Startup Cost": 724.29, "Total Cost": 3594.24, "Plan Rows": 218, "Plan Width": 37, "Actual Startup Time": 12.27, "Actual Total Time": 66.234, "Actual Rows": 1224, "Actual Loops": 1, "Inner Unique": false, "Join Filter": "(t.id = ci.movie_id)", "Rows Removed by Join Filter": 0, "Plans": [{"Node Type": "Nested Loop", "Parent Relationship": "Outer", "Join Type": "Inner", "Startup Cost": 723.87, "Total Cost": 3429.72, "Plan Rows": 36, "Plan Width": 41, "Actual Startup Time": 12.24, "Actual Total Time": 63.028, "Actual Rows": 11, "Actual Loops": 1, "Inner Unique": true, "Plans": [{"Node Type": "Nested Loop", "Parent Relationship": "Outer", "Join Type": "Inner", "Startup Cost": 723.6, "Total Cost": 3288.12, "Plan Rows": 33, "Plan Width": 20, "Actual Startup Time": 12.219, "Actual Total Time": 62.88, "Actual Rows": 14, "Actual Loops": 1, "Inner Unique": false, "Plans": [{"Node Type": "Bitmap Heap Scan", "Parent Relationship": "Outer", "Relation Name": "keyword", "Alias": "k", "Startup Cost": 719.1, "Total Cost": 3155.21, "Plan Rows": 1, "Plan Width": 20, "Actual Startup Time": 12.181, "Actual Total Time": 62.809, "Actual Rows": 1, "Actual Loops": 1, "Filter": "((keyword)::text = 'marvel-cinematic-universe'::text)", "Rows Removed by Filter": 134168, "Exact Heap Blocks": 759, "Lossy Heap Blocks": 759, "Plans": [{"Node Type": "Bitmap Index Scan", "Parent Relationship": "Outer", "Index Name": "keyword_pkey", "Startup Cost": 0.0, "Total Cost": 719.1, "Plan Rows": 134169, "Plan Width": 0, "Actual Startup Time": 10.737, "Actual Total Time": 10.737, "Actual Rows": 134169, "Actual Loops": 1}]}, {"Node Type": "Bitmap Heap Scan", "Parent Relationship": "Inner", "Relation Name": "movie_keyword", "Alias": "mk", "Startup Cost": 4.51, "Total Cost": 132.58, "Plan Rows": 33, "Plan Width": 8, "Actual Startup Time": 0.026, "Actual Total Time": 0.053, "Actual Rows": 14, "Actual Loops": 1, "Recheck Cond": "(keyword_id = k.id)", "Rows Removed by Index Recheck": 0, "Exact Heap Blocks": 13, "Lossy Heap Blocks": 13, "Plans": [{"Node Type": "Bitmap Index Scan", "Parent Relationship": "Outer", "Index Name": "keyword_id_movie_keyword", "Startup Cost": 0.0, "Total Cost": 4.5, "Plan Rows": 33, "Plan Width": 0, "Actual Startup Time": 0.017, "Actual Total Time": 0.017, "Actual Rows": 14, "Actual Loops": 1, "Index Cond": "(keyword_id = k.id)"}]}]}, {"Node Type": "Bitmap Heap Scan", "Parent Relationship": "Inner", "Relation Name": "title", "Alias": "t", "Startup Cost": 0.27, "Total Cost": 4.28, "Plan Rows": 1, "Plan Width": 21, "Actual Startup Time": 0.115, "Actual Total Time": 0.115, "Actual Rows": 11, "Actual Loops": 14, "Recheck Cond": "(id = mk.movie_id)", "Rows Removed by Index Recheck": 0, "Filter": "(production_year > 2010)", "Rows Removed by Filter": 3, "Exact Heap Blocks": 14, "Lossy Heap Blocks": 14, "Plans": [{"Node Type": "Bitmap Index Scan", "Parent Relationship": "Outer", "Index Name": "title_pkey", "Startup Cost": 0.0, "Total Cost": 0.27, "Plan Rows": 1, "Plan Width": 0, "Actual Startup Time": 0.07, "Actual Total Time": 0.07, "Actual Rows": 14, "Actual Loops": 14, "Index Cond": "(id = mk.movie_id)"}]}]}, {"Node Type": "Bitmap Heap Scan", "Parent Relationship": "Inner", "Relation Name": "cast_info", "Alias": "ci", "Startup Cost": 0.42, "Total Cost": 4.49, "Plan Rows": 6, "Plan Width": 8, "Actual Startup Time": 0.595, "Actual Total Time": 2.665, "Actual Rows": 1224, "Actual Loops": 11, "Recheck Cond": "(movie_id = mk.movie_id)", "Rows Removed by Index Recheck": 0, "Exact Heap Blocks": 1166, "Lossy Heap Blocks": 1166, "Plans": [{"Node Type": "Bitmap Index Scan", "Parent Relationship": "Outer", "Index Name": "movie_id_cast_info", "Startup Cost": 0.0, "Total Cost": 0.42, "Plan Rows": 6, "Plan Width": 0, "Actual Startup Time": 0.381, "Actual Total Time": 0.381, "Actual Rows": 1224, "Actual Loops": 11, "Index Cond": "(movie_id = mk.movie_id)"}]}]}, {"Node Type": "Bitmap Heap Scan", "Parent Relationship": "Inner", "Relation Name": "name", "Alias": "n", "Startup Cost": 0.26, "Total Cost": 4.27, "Plan Rows": 1, "Plan Width": 19, "Actual Startup Time": 7.491, "Actual Total Time": 7.491, "Actual Rows": 6, "Actual Loops": 1224, "Recheck Cond": "(id = ci.person_id)", "Rows Removed by Index Recheck": 0, "Filter": "((name)::text ~~ '%Downey%Robert%'::text)", "Rows Removed by Filter": 1218, "Exact Heap Blocks": 1224, "Lossy Heap Blocks": 1224, "Plans": [{"Node Type": "Bitmap Index Scan", "Parent Relationship": "Outer", "Index Name": "name_pkey", "Startup Cost": 0.0, "Total Cost": 0.26, "Plan Rows": 1, "Plan Width": 0, "Actual Startup Time": 4.492, "Actual Total Time": 4.492, "Actual Rows": 1224, "Actual Loops": 1224, "Index Cond": "(id = ci.person_id)"}]}]}]}, "Triggers": [], "Planner Runtime": 6.436, "Total Runtime": 75.551, "Unique SQL Id": 4208751436}}, "(64, '84')": {"explain_plan": {"Plan": {"Node Type": "Aggregate", "Strategy": "Plain", "Startup Cost": 2653.12, "Total Cost": 2653.13, "Plan Rows": 1, "Plan Width": 144, "Plans": [{"Node Type": "Nested Loop", "Parent Relationship": "Outer", "Join Type": "Inner", "Startup Cost": 4.51, "Total Cost": 2653.12, "Plan Rows": 1, "Plan Width": 48, "Inner Unique": true, "Join Filter": "(mk.movie_id = t.id)", "Plans": [{"Node Type": "Nested Loop", "Parent Relationship": "Outer", "Join Type": "Inner", "Startup Cost": 4.51, "Total Cost": 2652.83, "Plan Rows": 1, "Plan Width": 39, "Inner Unique": true, "Plans": [{"Node Type": "Nested Loop", "Parent Relationship": "Outer", "Join Type": "Inner", "Startup Cost": 4.51, "Total Cost": 2594.27, "Plan Rows": 202, "Plan Width": 28, "Inner Unique": false, "Plans": [{"Node Type": "Nested Loop", "Parent Relationship": "Outer", "Join Type": "Inner", "Startup Cost": 4.51, "Total Cost": 2569.02, "Plan Rows": 33, "Plan Width": 20, "Inner Unique": false, "Plans": [{"Node Type": "Seq Scan", "Parent Relationship": "Outer", "Relation Name": "keyword", "Alias": "k", "Startup Cost": 0.0, "Total Cost": 2436.11, "Plan Rows": 1, "Plan Width": 20, "Filter": "((keyword)::text = 'marvel-cinematic-universe'::text)"}, {"Node Type": "Bitmap Heap Scan", "Parent Relationship": "Inner", "Relation Name": "movie_keyword", "Alias": "mk", "Startup Cost": 4.51, "Total Cost": 132.58, "Plan Rows": 33, "Plan Width": 8, "Recheck Cond": "(keyword_id = k.id)", "Plans": [{"Node Type": "Bitmap Index Scan", "Parent Relationship": "Outer", "Index Name": "keyword_id_movie_keyword", "Startup Cost": 0.0, "Total Cost": 4.5, "Plan Rows": 33, "Plan Width": 0, "Index Cond": "(keyword_id = k.id)"}]}]}, {"Node Type": "Index Scan", "Parent Relationship": "Inner", "Scan Direction": "Forward", "Index Name": "movie_id_cast_info", "Relation Name": "cast_info", "Alias": "ci", "Startup Cost": 0.0, "Total Cost": 0.7, "Plan Rows": 6, "Plan Width": 8, "Index Cond": "(movie_id = mk.movie_id)"}]}, {"Node Type": "Index Scan", "Parent Relationship": "Inner", "Scan Direction": "Forward", "Index Name": "name_pkey", "Relation Name": "name", "Alias": "n", "Startup Cost": 0.0, "Total Cost": 0.28, "Plan Rows": 1, "Plan Width": 19, "Index Cond": "(id = ci.person_id)", "Filter": "((name)::text ~~ '%Downey%Robert%'::text)"}]}, {"Node Type": "Index Scan", "Parent Relationship": "Inner", "Scan Direction": "Forward", "Index Name": "title_pkey", "Relation Name": "title", "Alias": "t", "Startup Cost": 0.0, "Total Cost": 0.28, "Plan Rows": 1, "Plan Width": 21, "Index Cond": "(id = ci.movie_id)", "Filter": "(production_year > 2010)"}]}]}, "Unique SQL Id": 4208751436, "Planner Runtime": 6}, "explain_analyze_plan": {"Plan": {"Node Type": "Aggregate", "Strategy": "Plain", "Startup Cost": 2653.12, "Total Cost": 2653.13, "Plan Rows": 1, "Plan Width": 144, "Actual Startup Time": 53.108, "Actual Total Time": 53.108, "Actual Rows": 1, "Actual Loops": 1, "Plans": [{"Node Type": "Nested Loop", "Parent Relationship": "Outer", "Join Type": "Inner", "Startup Cost": 4.51, "Total Cost": 2653.12, "Plan Rows": 1, "Plan Width": 48, "Actual Startup Time": 3.077, "Actual Total Time": 53.078, "Actual Rows": 6, "Actual Loops": 1, "Inner Unique": true, "Join Filter": "(mk.movie_id = t.id)", "Rows Removed by Join Filter": 0, "Plans": [{"Node Type": "Nested Loop", "Parent Relationship": "Outer", "Join Type": "Inner", "Startup Cost": 4.51, "Total Cost": 2652.83, "Plan Rows": 1, "Plan Width": 39, "Actual Startup Time": 3.044, "Actual Total Time": 53.008, "Actual Rows": 6, "Actual Loops": 1, "Inner Unique": true, "Plans": [{"Node Type": "Nested Loop", "Parent Relationship": "Outer", "Join Type": "Inner", "Startup Cost": 4.51, "Total Cost": 2594.27, "Plan Rows": 202, "Plan Width": 28, "Actual Startup Time": 1.158, "Actual Total Time": 45.186, "Actual Rows": 1242, "Actual Loops": 1, "Inner Unique": false, "Plans": [{"Node Type": "Nested Loop", "Parent Relationship": "Outer", "Join Type": "Inner", "Startup Cost": 4.51, "Total Cost": 2569.02, "Plan Rows": 33, "Plan Width": 20, "Actual Startup Time": 1.138, "Actual Total Time": 42.528, "Actual Rows": 14, "Actual Loops": 1, "Inner Unique": false, "Plans": [{"Node Type": "Seq Scan", "Parent Relationship": "Outer", "Relation Name": "keyword", "Alias": "k", "Startup Cost": 0.0, "Total Cost": 2436.11, "Plan Rows": 1, "Plan Width": 20, "Actual Startup Time": 1.095, "Actual Total Time": 42.442, "Actual Rows": 1, "Actual Loops": 1, "Filter": "((keyword)::text = 'marvel-cinematic-universe'::text)", "Rows Removed by Filter": 134168}, {"Node Type": "Bitmap Heap Scan", "Parent Relationship": "Inner", "Relation Name": "movie_keyword", "Alias": "mk", "Startup Cost": 4.51, "Total Cost": 132.58, "Plan Rows": 33, "Plan Width": 8, "Actual Startup Time": 0.035, "Actual Total Time": 0.069, "Actual Rows": 14, "Actual Loops": 1, "Recheck Cond": "(keyword_id = k.id)", "Rows Removed by Index Recheck": 0, "Exact Heap Blocks": 13, "Lossy Heap Blocks": 13, "Plans": [{"Node Type": "Bitmap Index Scan", "Parent Relationship": "Outer", "Index Name": "keyword_id_movie_keyword", "Startup Cost": 0.0, "Total Cost": 4.5, "Plan Rows": 33, "Plan Width": 0, "Actual Startup Time": 0.021, "Actual Total Time": 0.021, "Actual Rows": 14, "Actual Loops": 1, "Index Cond": "(keyword_id = k.id)"}]}]}, {"Node Type": "Index Scan", "Parent Relationship": "Inner", "Scan Direction": "Forward", "Index Name": "movie_id_cast_info", "Relation Name": "cast_info", "Alias": "ci", "Startup Cost": 0.0, "Total Cost": 0.7, "Plan Rows": 6, "Plan Width": 8, "Actual Startup Time": 0.192, "Actual Total Time": 2.354, "Actual Rows": 1242, "Actual Loops": 14, "Index Cond": "(movie_id = mk.movie_id)", "Rows Removed by Index Recheck": 0}]}, {"Node Type": "Index Scan", "Parent Relationship": "Inner", "Scan Direction": "Forward", "Index Name": "name_pkey", "Relation Name": "name", "Alias": "n", "Startup Cost": 0.0, "Total Cost": 0.28, "Plan Rows": 1, "Plan Width": 19, "Actual Startup Time": 7.222, "Actual Total Time": 7.222, "Actual Rows": 6, "Actual Loops": 1242, "Index Cond": "(id = ci.person_id)", "Rows Removed by Index Recheck": 0, "Filter": "((name)::text ~~ '%Downey%Robert%'::text)", "Rows Removed by Filter": 1236}]}, {"Node Type": "Index Scan", "Parent Relationship": "Inner", "Scan Direction": "Forward", "Index Name": "title_pkey", "Relation Name": "title", "Alias": "t", "Startup Cost": 0.0, "Total Cost": 0.28, "Plan Rows": 1, "Plan Width": 21, "Actual Startup Time": 0.048, "Actual Total Time": 0.048, "Actual Rows": 6, "Actual Loops": 6, "Index Cond": "(id = ci.movie_id)", "Rows Removed by Index Recheck": 0, "Filter": "(production_year > 2010)", "Rows Removed by Filter": 0}]}]}, "Triggers": [], "Planner Runtime": 9.728, "Total Runtime": 53.358, "Unique SQL Id": 4208751436}}, "(64, '85')": {"explain_plan": {"Plan": {"Node Type": "Aggregate", "Strategy": "Plain", "Startup Cost": 3418.58, "Total Cost": 3418.59, "Plan Rows": 1, "Plan Width": 144, "Plans": [{"Node Type": "Nested Loop", "Parent Relationship": "Outer", "Join Type": "Inner", "Startup Cost": 4.51, "Total Cost": 3417.51, "Plan Rows": 143, "Plan Width": 48, "Inner Unique": true, "Plans": [{"Node Type": "Nested Loop", "Parent Relationship": "Outer", "Join Type": "Inner", "Startup Cost": 4.51, "Total Cost": 3354.32, "Plan Rows": 218, "Plan Width": 37, "Inner Unique": false, "Join Filter": "(t.id = ci.movie_id)", "Plans": [{"Node Type": "Nested Loop", "Parent Relationship": "Outer", "Join Type": "Inner", "Startup Cost": 4.51, "Total Cost": 3326.24, "Plan Rows": 36, "Plan Width": 41, "Inner Unique": true, "Plans": [{"Node Type": "Nested Loop", "Parent Relationship": "Outer", "Join Type": "Inner", "Startup Cost": 4.51, "Total Cost": 3315.63, "Plan Rows": 33, "Plan Width": 20, "Inner Unique": false, "Plans": [{"Node Type": "Index Scan", "Parent Relationship": "Outer", "Scan Direction": "Forward", "Index Name": "keyword_pkey", "Relation Name": "keyword", "Alias": "k", "Startup Cost": 0.0, "Total Cost": 3182.72, "Plan Rows": 1, "Plan Width": 20, "Filter": "((keyword)::text = 'marvel-cinematic-universe'::text)"}, {"Node Type": "Bitmap Heap Scan", "Parent Relationship": "Inner", "Relation Name": "movie_keyword", "Alias": "mk", "Startup Cost": 4.51, "Total Cost": 132.58, "Plan Rows": 33, "Plan Width": 8, "Recheck Cond": "(keyword_id = k.id)", "Plans": [{"Node Type": "Bitmap Index Scan", "Parent Relationship": "Outer", "Index Name": "keyword_id_movie_keyword", "Startup Cost": 0.0, "Total Cost": 4.5, "Plan Rows": 33, "Plan Width": 0, "Index Cond": "(keyword_id = k.id)"}]}]}, {"Node Type": "Index Scan", "Parent Relationship": "Inner", "Scan Direction": "Forward", "Index Name": "title_pkey", "Relation Name": "title", "Alias": "t", "Startup Cost": 0.0, "Total Cost": 0.31, "Plan Rows": 1, "Plan Width": 21, "Index Cond": "(id = mk.movie_id)", "Filter": "(production_year > 2010)"}]}, {"Node Type": "Index Scan", "Parent Relationship": "Inner", "Scan Direction": "Forward", "Index Name": "movie_id_cast_info", "Relation Name": "cast_info", "Alias": "ci", "Startup Cost": 0.0, "Total Cost": 0.7, "Plan Rows": 6, "Plan Width": 8, "Index Cond": "(movie_id = mk.movie_id)"}]}, {"Node Type": "Index Scan", "Parent Relationship": "Inner", "Scan Direction": "Forward", "Index Name": "name_pkey", "Relation Name": "name", "Alias": "n", "Startup Cost": 0.0, "Total Cost": 0.28, "Plan Rows": 1, "Plan Width": 19, "Index Cond": "(id = ci.person_id)", "Filter": "((name)::text ~~ '%Downey%Robert%'::text)"}]}]}, "Unique SQL Id": 4208751436, "Planner Runtime": 6}, "explain_analyze_plan": {"Plan": {"Node Type": "Aggregate", "Strategy": "Plain", "Startup Cost": 3418.58, "Total Cost": 3418.59, "Plan Rows": 1, "Plan Width": 144, "Actual Startup Time": 128.809, "Actual Total Time": 128.809, "Actual Rows": 1, "Actual Loops": 1, "Plans": [{"Node Type": "Nested Loop", "Parent Relationship": "Outer", "Join Type": "Inner", "Startup Cost": 4.51, "Total Cost": 3417.51, "Plan Rows": 143, "Plan Width": 48, "Actual Startup Time": 9.273, "Actual Total Time": 128.764, "Actual Rows": 6, "Actual Loops": 1, "Inner Unique": true, "Plans": [{"Node Type": "Nested Loop", "Parent Relationship": "Outer", "Join Type": "Inner", "Startup Cost": 4.51, "Total Cost": 3354.32, "Plan Rows": 218, "Plan Width": 37, "Actual Startup Time": 7.231, "Actual Total Time": 120.66, "Actual Rows": 1224, "Actual Loops": 1, "Inner Unique": false, "Join Filter": "(t.id = ci.movie_id)", "Rows Removed by Join Filter": 0, "Plans": [{"Node Type": "Nested Loop", "Parent Relationship": "Outer", "Join Type": "Inner", "Startup Cost": 4.51, "Total Cost": 3326.24, "Plan Rows": 36, "Plan Width": 41, "Actual Startup Time": 7.213, "Actual Total Time": 117.736, "Actual Rows": 11, "Actual Loops": 1, "Inner Unique": true, "Plans": [{"Node Type": "Nested Loop", "Parent Relationship": "Outer", "Join Type": "Inner", "Startup Cost": 4.51, "Total Cost": 3315.63, "Plan Rows": 33, "Plan Width": 20, "Actual Startup Time": 7.194, "Actual Total Time": 117.594, "Actual Rows": 14, "Actual Loops": 1, "Inner Unique": false, "Plans": [{"Node Type": "Index Scan", "Parent Relationship": "Outer", "Scan Direction": "Forward", "Index Name": "keyword_pkey", "Relation Name": "keyword", "Alias": "k", "Startup Cost": 0.0, "Total Cost": 3182.72, "Plan Rows": 1, "Plan Width": 20, "Actual Startup Time": 7.146, "Actual Total Time": 117.504, "Actual Rows": 1, "Actual Loops": 1, "Filter": "((keyword)::text = 'marvel-cinematic-universe'::text)", "Rows Removed by Filter": 134168}, {"Node Type": "Bitmap Heap Scan", "Parent Relationship": "Inner", "Relation Name": "movie_keyword", "Alias": "mk", "Startup Cost": 4.51, "Total Cost": 132.58, "Plan Rows": 33, "Plan Width": 8, "Actual Startup Time": 0.038, "Actual Total Time": 0.072, "Actual Rows": 14, "Actual Loops": 1, "Recheck Cond": "(keyword_id = k.id)", "Rows Removed by Index Recheck": 0, "Exact Heap Blocks": 13, "Lossy Heap Blocks": 13, "Plans": [{"Node Type": "Bitmap Index Scan", "Parent Relationship": "Outer", "Index Name": "keyword_id_movie_keyword", "Startup Cost": 0.0, "Total Cost": 4.5, "Plan Rows": 33, "Plan Width": 0, "Actual Startup Time": 0.022, "Actual Total Time": 0.022, "Actual Rows": 14, "Actual Loops": 1, "Index Cond": "(keyword_id = k.id)"}]}]}, {"Node Type": "Index Scan", "Parent Relationship": "Inner", "Scan Direction": "Forward", "Index Name": "title_pkey", "Relation Name": "title", "Alias": "t", "Startup Cost": 0.0, "Total Cost": 0.31, "Plan Rows": 1, "Plan Width": 21, "Actual Startup Time": 0.117, "Actual Total Time": 0.117, "Actual Rows": 11, "Actual Loops": 14, "Index Cond": "(id = mk.movie_id)", "Rows Removed by Index Recheck": 0, "Filter": "(production_year > 2010)", "Rows Removed by Filter": 3}]}, {"Node Type": "Index Scan", "Parent Relationship": "Inner", "Scan Direction": "Forward", "Index Name": "movie_id_cast_info", "Relation Name": "cast_info", "Alias": "ci", "Startup Cost": 0.0, "Total Cost": 0.7, "Plan Rows": 6, "Plan Width": 8, "Actual Startup Time": 0.169, "Actual Total Time": 2.426, "Actual Rows": 1224, "Actual Loops": 11, "Index Cond": "(movie_id = mk.movie_id)", "Rows Removed by Index Recheck": 0}]}, {"Node Type": "Index Scan", "Parent Relationship": "Inner", "Scan Direction": "Forward", "Index Name": "name_pkey", "Relation Name": "name", "Alias": "n", "Startup Cost": 0.0, "Total Cost": 0.28, "Plan Rows": 1, "Plan Width": 19, "Actual Startup Time": 7.516, "Actual Total Time": 7.516, "Actual Rows": 6, "Actual Loops": 1224, "Index Cond": "(id = ci.person_id)", "Rows Removed by Index Recheck": 0, "Filter": "((name)::text ~~ '%Downey%Robert%'::text)", "Rows Removed by Filter": 1218}]}]}, "Triggers": [], "Planner Runtime": 8.791, "Total Runtime": 129.107, "Unique SQL Id": 4208751436}}, "(64, '86')": {"explain_plan": {"Plan": {"Node Type": "Aggregate", "Strategy": "Plain", "Startup Cost": 3810.23, "Total Cost": 3810.24, "Plan Rows": 1, "Plan Width": 144, "Plans": [{"Node Type": "Nested Loop", "Parent Relationship": "Outer", "Join Type": "Inner", "Startup Cost": 5.45, "Total Cost": 3809.16, "Plan Rows": 143, "Plan Width": 48, "Inner Unique": true, "Plans": [{"Node Type": "Nested Loop", "Parent Relationship": "Outer", "Join Type": "Inner", "Startup Cost": 5.19, "Total Cost": 2875.14, "Plan Rows": 218, "Plan Width": 37, "Inner Unique": false, "Join Filter": "(t.id = ci.movie_id)", "Plans": [{"Node Type": "Nested Loop", "Parent Relationship": "Outer", "Join Type": "Inner", "Startup Cost": 4.77, "Total Cost": 2710.63, "Plan Rows": 36, "Plan Width": 41, "Inner Unique": true, "Plans": [{"Node Type": "Nested Loop", "Parent Relationship": "Outer", "Join Type": "Inner", "Startup Cost": 4.51, "Total Cost": 2569.02, "Plan Rows": 33, "Plan Width": 20, "Inner Unique": false, "Plans": [{"Node Type": "Seq Scan", "Parent Relationship": "Outer", "Relation Name": "keyword", "Alias": "k", "Startup Cost": 0.0, "Total Cost": 2436.11, "Plan Rows": 1, "Plan Width": 20, "Filter": "((keyword)::text = 'marvel-cinematic-universe'::text)"}, {"Node Type": "Bitmap Heap Scan", "Parent Relationship": "Inner", "Relation Name": "movie_keyword", "Alias": "mk", "Startup Cost": 4.51, "Total Cost": 132.58, "Plan Rows": 33, "Plan Width": 8, "Recheck Cond": "(keyword_id = k.id)", "Plans": [{"Node Type": "Bitmap Index Scan", "Parent Relationship": "Outer", "Index Name": "keyword_id_movie_keyword", "Startup Cost": 0.0, "Total Cost": 4.5, "Plan Rows": 33, "Plan Width": 0, "Index Cond": "(keyword_id = k.id)"}]}]}, {"Node Type": "Bitmap Heap Scan", "Parent Relationship": "Inner", "Relation Name": "title", "Alias": "t", "Startup Cost": 0.27, "Total Cost": 4.28, "Plan Rows": 1, "Plan Width": 21, "Recheck Cond": "(id = mk.movie_id)", "Filter": "(production_year > 2010)", "Plans": [{"Node Type": "Bitmap Index Scan", "Parent Relationship": "Outer", "Index Name": "title_pkey", "Startup Cost": 0.0, "Total Cost": 0.27, "Plan Rows": 1, "Plan Width": 0, "Index Cond": "(id = mk.movie_id)"}]}]}, {"Node Type": "Bitmap Heap Scan", "Parent Relationship": "Inner", "Relation Name": "cast_info", "Alias": "ci", "Startup Cost": 0.42, "Total Cost": 4.49, "Plan Rows": 6, "Plan Width": 8, "Recheck Cond": "(movie_id = mk.movie_id)", "Plans": [{"Node Type": "Bitmap Index Scan", "Parent Relationship": "Outer", "Index Name": "movie_id_cast_info", "Startup Cost": 0.0, "Total Cost": 0.42, "Plan Rows": 6, "Plan Width": 0, "Index Cond": "(movie_id = mk.movie_id)"}]}]}, {"Node Type": "Bitmap Heap Scan", "Parent Relationship": "Inner", "Relation Name": "name", "Alias": "n", "Startup Cost": 0.26, "Total Cost": 4.27, "Plan Rows": 1, "Plan Width": 19, "Recheck Cond": "(id = ci.person_id)", "Filter": "((name)::text ~~ '%Downey%Robert%'::text)", "Plans": [{"Node Type": "Bitmap Index Scan", "Parent Relationship": "Outer", "Index Name": "name_pkey", "Startup Cost": 0.0, "Total Cost": 0.26, "Plan Rows": 1, "Plan Width": 0, "Index Cond": "(id = ci.person_id)"}]}]}]}, "Unique SQL Id": 4208751436, "Planner Runtime": 6}, "explain_analyze_plan": {"Plan": {"Node Type": "Aggregate", "Strategy": "Plain", "Startup Cost": 3810.23, "Total Cost": 3810.24, "Plan Rows": 1, "Plan Width": 144, "Actual Startup Time": 56.348, "Actual Total Time": 56.348, "Actual Rows": 1, "Actual Loops": 1, "Plans": [{"Node Type": "Nested Loop", "Parent Relationship": "Outer", "Join Type": "Inner", "Startup Cost": 5.45, "Total Cost": 3809.16, "Plan Rows": 143, "Plan Width": 48, "Actual Startup Time": 4.076, "Actual Total Time": 56.316, "Actual Rows": 6, "Actual Loops": 1, "Inner Unique": true, "Plans": [{"Node Type": "Nested Loop", "Parent Relationship": "Outer", "Join Type": "Inner", "Startup Cost": 5.19, "Total Cost": 2875.14, "Plan Rows": 218, "Plan Width": 37, "Actual Startup Time": 1.279, "Actual Total Time": 46.811, "Actual Rows": 1224, "Actual Loops": 1, "Inner Unique": false, "Join Filter": "(t.id = ci.movie_id)", "Rows Removed by Join Filter": 0, "Plans": [{"Node Type": "Nested Loop", "Parent Relationship": "Outer", "Join Type": "Inner", "Startup Cost": 4.77, "Total Cost": 2710.63, "Plan Rows": 36, "Plan Width": 41, "Actual Startup Time": 1.241, "Actual Total Time": 43.379, "Actual Rows": 11, "Actual Loops": 1, "Inner Unique": true, "Plans": [{"Node Type": "Nested Loop", "Parent Relationship": "Outer", "Join Type": "Inner", "Startup Cost": 4.51, "Total Cost": 2569.02, "Plan Rows": 33, "Plan Width": 20, "Actual Startup Time": 1.135, "Actual Total Time": 42.397, "Actual Rows": 14, "Actual Loops": 1, "Inner Unique": false, "Plans": [{"Node Type": "Seq Scan", "Parent Relationship": "Outer", "Relation Name": "keyword", "Alias": "k", "Startup Cost": 0.0, "Total Cost": 2436.11, "Plan Rows": 1, "Plan Width": 20, "Actual Startup Time": 1.097, "Actual Total Time": 42.316, "Actual Rows": 1, "Actual Loops": 1, "Filter": "((keyword)::text = 'marvel-cinematic-universe'::text)", "Rows Removed by Filter": 134168}, {"Node Type": "Bitmap Heap Scan", "Parent Relationship": "Inner", "Relation Name": "movie_keyword", "Alias": "mk", "Startup Cost": 4.51, "Total Cost": 132.58, "Plan Rows": 33, "Plan Width": 8, "Actual Startup Time": 0.032, "Actual Total Time": 0.066, "Actual Rows": 14, "Actual Loops": 1, "Recheck Cond": "(keyword_id = k.id)", "Rows Removed by Index Recheck": 0, "Exact Heap Blocks": 13, "Lossy Heap Blocks": 13, "Plans": [{"Node Type": "Bitmap Index Scan", "Parent Relationship": "Outer", "Index Name": "keyword_id_movie_keyword", "Startup Cost": 0.0, "Total Cost": 4.5, "Plan Rows": 33, "Plan Width": 0, "Actual Startup Time": 0.019, "Actual Total Time": 0.019, "Actual Rows": 14, "Actual Loops": 1, "Index Cond": "(keyword_id = k.id)"}]}]}, {"Node Type": "Bitmap Heap Scan", "Parent Relationship": "Inner", "Relation Name": "title", "Alias": "t", "Startup Cost": 0.27, "Total Cost": 4.28, "Plan Rows": 1, "Plan Width": 21, "Actual Startup Time": 0.957, "Actual Total Time": 0.957, "Actual Rows": 11, "Actual Loops": 14, "Recheck Cond": "(id = mk.movie_id)", "Rows Removed by Index Recheck": 0, "Filter": "(production_year > 2010)", "Rows Removed by Filter": 3, "Exact Heap Blocks": 14, "Lossy Heap Blocks": 14, "Plans": [{"Node Type": "Bitmap Index Scan", "Parent Relationship": "Outer", "Index Name": "title_pkey", "Startup Cost": 0.0, "Total Cost": 0.27, "Plan Rows": 1, "Plan Width": 0, "Actual Startup Time": 0.544, "Actual Total Time": 0.544, "Actual Rows": 14, "Actual Loops": 14, "Index Cond": "(id = mk.movie_id)"}]}]}, {"Node Type": "Bitmap Heap Scan", "Parent Relationship": "Inner", "Relation Name": "cast_info", "Alias": "ci", "Startup Cost": 0.42, "Total Cost": 4.49, "Plan Rows": 6, "Plan Width": 8, "Actual Startup Time": 0.64, "Actual Total Time": 2.909, "Actual Rows": 1224, "Actual Loops": 11, "Recheck Cond": "(movie_id = mk.movie_id)", "Rows Removed by Index Recheck": 0, "Exact Heap Blocks": 1166, "Lossy Heap Blocks": 1166, "Plans": [{"Node Type": "Bitmap Index Scan", "Parent Relationship": "Outer", "Index Name": "movie_id_cast_info", "Startup Cost": 0.0, "Total Cost": 0.42, "Plan Rows": 6, "Plan Width": 0, "Actual Startup Time": 0.411, "Actual Total Time": 0.411, "Actual Rows": 1224, "Actual Loops": 11, "Index Cond": "(movie_id = mk.movie_id)"}]}]}, {"Node Type": "Bitmap Heap Scan", "Parent Relationship": "Inner", "Relation Name": "name", "Alias": "n", "Startup Cost": 0.26, "Total Cost": 4.27, "Plan Rows": 1, "Plan Width": 19, "Actual Startup Time": 8.076, "Actual Total Time": 8.076, "Actual Rows": 6, "Actual Loops": 1224, "Recheck Cond": "(id = ci.person_id)", "Rows Removed by Index Recheck": 0, "Filter": "((name)::text ~~ '%Downey%Robert%'::text)", "Rows Removed by Filter": 1218, "Exact Heap Blocks": 1224, "Lossy Heap Blocks": 1224, "Plans": [{"Node Type": "Bitmap Index Scan", "Parent Relationship": "Outer", "Index Name": "name_pkey", "Startup Cost": 0.0, "Total Cost": 0.26, "Plan Rows": 1, "Plan Width": 0, "Actual Startup Time": 4.777, "Actual Total Time": 4.777, "Actual Rows": 1224, "Actual Loops": 1224, "Index Cond": "(id = ci.person_id)"}]}]}]}, "Triggers": [], "Planner Runtime": 10.13, "Total Runtime": 56.603, "Unique SQL Id": 4208751436}}, "(64, '87')": {"explain_plan": {"Plan": {"Node Type": "Aggregate", "Strategy": "Plain", "Startup Cost": 4529.32, "Total Cost": 4529.33, "Plan Rows": 1, "Plan Width": 144, "Plans": [{"Node Type": "Nested Loop", "Parent Relationship": "Outer", "Join Type": "Inner", "Startup Cost": 724.55, "Total Cost": 4528.25, "Plan Rows": 143, "Plan Width": 48, "Inner Unique": true, "Plans": [{"Node Type": "Nested Loop", "Parent Relationship": "Outer", "Join Type": "Inner", "Startup Cost": 724.29, "Total Cost": 3594.24, "Plan Rows": 218, "Plan Width": 37, "Inner Unique": false, "Join Filter": "(t.id = ci.movie_id)", "Plans": [{"Node Type": "Nested Loop", "Parent Relationship": "Outer", "Join Type": "Inner", "Startup Cost": 723.87, "Total Cost": 3429.72, "Plan Rows": 36, "Plan Width": 41, "Inner Unique": true, "Plans": [{"Node Type": "Nested Loop", "Parent Relationship": "Outer", "Join Type": "Inner", "Startup Cost": 723.6, "Total Cost": 3288.12, "Plan Rows": 33, "Plan Width": 20, "Inner Unique": false, "Plans": [{"Node Type": "Bitmap Heap Scan", "Parent Relationship": "Outer", "Relation Name": "keyword", "Alias": "k", "Startup Cost": 719.1, "Total Cost": 3155.21, "Plan Rows": 1, "Plan Width": 20, "Filter": "((keyword)::text = 'marvel-cinematic-universe'::text)", "Plans": [{"Node Type": "Bitmap Index Scan", "Parent Relationship": "Outer", "Index Name": "keyword_pkey", "Startup Cost": 0.0, "Total Cost": 719.1, "Plan Rows": 134169, "Plan Width": 0}]}, {"Node Type": "Bitmap Heap Scan", "Parent Relationship": "Inner", "Relation Name": "movie_keyword", "Alias": "mk", "Startup Cost": 4.51, "Total Cost": 132.58, "Plan Rows": 33, "Plan Width": 8, "Recheck Cond": "(keyword_id = k.id)", "Plans": [{"Node Type": "Bitmap Index Scan", "Parent Relationship": "Outer", "Index Name": "keyword_id_movie_keyword", "Startup Cost": 0.0, "Total Cost": 4.5, "Plan Rows": 33, "Plan Width": 0, "Index Cond": "(keyword_id = k.id)"}]}]}, {"Node Type": "Bitmap Heap Scan", "Parent Relationship": "Inner", "Relation Name": "title", "Alias": "t", "Startup Cost": 0.27, "Total Cost": 4.28, "Plan Rows": 1, "Plan Width": 21, "Recheck Cond": "(id = mk.movie_id)", "Filter": "(production_year > 2010)", "Plans": [{"Node Type": "Bitmap Index Scan", "Parent Relationship": "Outer", "Index Name": "title_pkey", "Startup Cost": 0.0, "Total Cost": 0.27, "Plan Rows": 1, "Plan Width": 0, "Index Cond": "(id = mk.movie_id)"}]}]}, {"Node Type": "Bitmap Heap Scan", "Parent Relationship": "Inner", "Relation Name": "cast_info", "Alias": "ci", "Startup Cost": 0.42, "Total Cost": 4.49, "Plan Rows": 6, "Plan Width": 8, "Recheck Cond": "(movie_id = mk.movie_id)", "Plans": [{"Node Type": "Bitmap Index Scan", "Parent Relationship": "Outer", "Index Name": "movie_id_cast_info", "Startup Cost": 0.0, "Total Cost": 0.42, "Plan Rows": 6, "Plan Width": 0, "Index Cond": "(movie_id = mk.movie_id)"}]}]}, {"Node Type": "Bitmap Heap Scan", "Parent Relationship": "Inner", "Relation Name": "name", "Alias": "n", "Startup Cost": 0.26, "Total Cost": 4.27, "Plan Rows": 1, "Plan Width": 19, "Recheck Cond": "(id = ci.person_id)", "Filter": "((name)::text ~~ '%Downey%Robert%'::text)", "Plans": [{"Node Type": "Bitmap Index Scan", "Parent Relationship": "Outer", "Index Name": "name_pkey", "Startup Cost": 0.0, "Total Cost": 0.26, "Plan Rows": 1, "Plan Width": 0, "Index Cond": "(id = ci.person_id)"}]}]}]}, "Unique SQL Id": 4208751436, "Planner Runtime": 5}, "explain_analyze_plan": {"Plan": {"Node Type": "Aggregate", "Strategy": "Plain", "Startup Cost": 4529.32, "Total Cost": 4529.33, "Plan Rows": 1, "Plan Width": 144, "Actual Startup Time": 75.187, "Actual Total Time": 75.188, "Actual Rows": 1, "Actual Loops": 1, "Plans": [{"Node Type": "Nested Loop", "Parent Relationship": "Outer", "Join Type": "Inner", "Startup Cost": 724.55, "Total Cost": 4528.25, "Plan Rows": 143, "Plan Width": 48, "Actual Startup Time": 14.458, "Actual Total Time": 75.146, "Actual Rows": 6, "Actual Loops": 1, "Inner Unique": true, "Plans": [{"Node Type": "Nested Loop", "Parent Relationship": "Outer", "Join Type": "Inner", "Startup Cost": 724.29, "Total Cost": 3594.24, "Plan Rows": 218, "Plan Width": 37, "Actual Startup Time": 12.27, "Actual Total Time": 66.234, "Actual Rows": 1224, "Actual Loops": 1, "Inner Unique": false, "Join Filter": "(t.id = ci.movie_id)", "Rows Removed by Join Filter": 0, "Plans": [{"Node Type": "Nested Loop", "Parent Relationship": "Outer", "Join Type": "Inner", "Startup Cost": 723.87, "Total Cost": 3429.72, "Plan Rows": 36, "Plan Width": 41, "Actual Startup Time": 12.24, "Actual Total Time": 63.028, "Actual Rows": 11, "Actual Loops": 1, "Inner Unique": true, "Plans": [{"Node Type": "Nested Loop", "Parent Relationship": "Outer", "Join Type": "Inner", "Startup Cost": 723.6, "Total Cost": 3288.12, "Plan Rows": 33, "Plan Width": 20, "Actual Startup Time": 12.219, "Actual Total Time": 62.88, "Actual Rows": 14, "Actual Loops": 1, "Inner Unique": false, "Plans": [{"Node Type": "Bitmap Heap Scan", "Parent Relationship": "Outer", "Relation Name": "keyword", "Alias": "k", "Startup Cost": 719.1, "Total Cost": 3155.21, "Plan Rows": 1, "Plan Width": 20, "Actual Startup Time": 12.181, "Actual Total Time": 62.809, "Actual Rows": 1, "Actual Loops": 1, "Filter": "((keyword)::text = 'marvel-cinematic-universe'::text)", "Rows Removed by Filter": 134168, "Exact Heap Blocks": 759, "Lossy Heap Blocks": 759, "Plans": [{"Node Type": "Bitmap Index Scan", "Parent Relationship": "Outer", "Index Name": "keyword_pkey", "Startup Cost": 0.0, "Total Cost": 719.1, "Plan Rows": 134169, "Plan Width": 0, "Actual Startup Time": 10.737, "Actual Total Time": 10.737, "Actual Rows": 134169, "Actual Loops": 1}]}, {"Node Type": "Bitmap Heap Scan", "Parent Relationship": "Inner", "Relation Name": "movie_keyword", "Alias": "mk", "Startup Cost": 4.51, "Total Cost": 132.58, "Plan Rows": 33, "Plan Width": 8, "Actual Startup Time": 0.026, "Actual Total Time": 0.053, "Actual Rows": 14, "Actual Loops": 1, "Recheck Cond": "(keyword_id = k.id)", "Rows Removed by Index Recheck": 0, "Exact Heap Blocks": 13, "Lossy Heap Blocks": 13, "Plans": [{"Node Type": "Bitmap Index Scan", "Parent Relationship": "Outer", "Index Name": "keyword_id_movie_keyword", "Startup Cost": 0.0, "Total Cost": 4.5, "Plan Rows": 33, "Plan Width": 0, "Actual Startup Time": 0.017, "Actual Total Time": 0.017, "Actual Rows": 14, "Actual Loops": 1, "Index Cond": "(keyword_id = k.id)"}]}]}, {"Node Type": "Bitmap Heap Scan", "Parent Relationship": "Inner", "Relation Name": "title", "Alias": "t", "Startup Cost": 0.27, "Total Cost": 4.28, "Plan Rows": 1, "Plan Width": 21, "Actual Startup Time": 0.115, "Actual Total Time": 0.115, "Actual Rows": 11, "Actual Loops": 14, "Recheck Cond": "(id = mk.movie_id)", "Rows Removed by Index Recheck": 0, "Filter": "(production_year > 2010)", "Rows Removed by Filter": 3, "Exact Heap Blocks": 14, "Lossy Heap Blocks": 14, "Plans": [{"Node Type": "Bitmap Index Scan", "Parent Relationship": "Outer", "Index Name": "title_pkey", "Startup Cost": 0.0, "Total Cost": 0.27, "Plan Rows": 1, "Plan Width": 0, "Actual Startup Time": 0.07, "Actual Total Time": 0.07, "Actual Rows": 14, "Actual Loops": 14, "Index Cond": "(id = mk.movie_id)"}]}]}, {"Node Type": "Bitmap Heap Scan", "Parent Relationship": "Inner", "Relation Name": "cast_info", "Alias": "ci", "Startup Cost": 0.42, "Total Cost": 4.49, "Plan Rows": 6, "Plan Width": 8, "Actual Startup Time": 0.595, "Actual Total Time": 2.665, "Actual Rows": 1224, "Actual Loops": 11, "Recheck Cond": "(movie_id = mk.movie_id)", "Rows Removed by Index Recheck": 0, "Exact Heap Blocks": 1166, "Lossy Heap Blocks": 1166, "Plans": [{"Node Type": "Bitmap Index Scan", "Parent Relationship": "Outer", "Index Name": "movie_id_cast_info", "Startup Cost": 0.0, "Total Cost": 0.42, "Plan Rows": 6, "Plan Width": 0, "Actual Startup Time": 0.381, "Actual Total Time": 0.381, "Actual Rows": 1224, "Actual Loops": 11, "Index Cond": "(movie_id = mk.movie_id)"}]}]}, {"Node Type": "Bitmap Heap Scan", "Parent Relationship": "Inner", "Relation Name": "name", "Alias": "n", "Startup Cost": 0.26, "Total Cost": 4.27, "Plan Rows": 1, "Plan Width": 19, "Actual Startup Time": 7.491, "Actual Total Time": 7.491, "Actual Rows": 6, "Actual Loops": 1224, "Recheck Cond": "(id = ci.person_id)", "Rows Removed by Index Recheck": 0, "Filter": "((name)::text ~~ '%Downey%Robert%'::text)", "Rows Removed by Filter": 1218, "Exact Heap Blocks": 1224, "Lossy Heap Blocks": 1224, "Plans": [{"Node Type": "Bitmap Index Scan", "Parent Relationship": "Outer", "Index Name": "name_pkey", "Startup Cost": 0.0, "Total Cost": 0.26, "Plan Rows": 1, "Plan Width": 0, "Actual Startup Time": 4.492, "Actual Total Time": 4.492, "Actual Rows": 1224, "Actual Loops": 1224, "Index Cond": "(id = ci.person_id)"}]}]}]}, "Triggers": [], "Planner Runtime": 6.436, "Total Runtime": 75.551, "Unique SQL Id": 4208751436}}, "(64, '88')": {"explain_plan": {"Plan": {"Node Type": "Aggregate", "Strategy": "Plain", "Startup Cost": 2657.42, "Total Cost": 2657.43, "Plan Rows": 1, "Plan Width": 144, "Plans": [{"Node Type": "Nested Loop", "Parent Relationship": "Outer", "Join Type": "Inner", "Startup Cost": 0.0, "Total Cost": 2657.41, "Plan Rows": 1, "Plan Width": 48, "Inner Unique": true, "Join Filter": "(mk.movie_id = t.id)", "Plans": [{"Node Type": "Nested Loop", "Parent Relationship": "Outer", "Join Type": "Inner", "Startup Cost": 0.0, "Total Cost": 2657.12, "Plan Rows": 1, "Plan Width": 39, "Inner Unique": true, "Plans": [{"Node Type": "Nested Loop", "Parent Relationship": "Outer", "Join Type": "Inner", "Startup Cost": 0.0, "Total Cost": 2598.56, "Plan Rows": 202, "Plan Width": 28, "Inner Unique": false, "Plans": [{"Node Type": "Nested Loop", "Parent Relationship": "Outer", "Join Type": "Inner", "Startup Cost": 0.0, "Total Cost": 2573.32, "Plan Rows": 33, "Plan Width": 20, "Inner Unique": false, "Plans": [{"Node Type": "Seq Scan", "Parent Relationship": "Outer", "Relation Name": "keyword", "Alias": "k", "Startup Cost": 0.0, "Total Cost": 2436.11, "Plan Rows": 1, "Plan Width": 20, "Filter": "((keyword)::text = 'marvel-cinematic-universe'::text)"}, {"Node Type": "Index Scan", "Parent Relationship": "Inner", "Scan Direction": "Forward", "Index Name": "keyword_id_movie_keyword", "Relation Name": "movie_keyword", "Alias": "mk", "Startup Cost": 0.0, "Total Cost": 136.88, "Plan Rows": 33, "Plan Width": 8, "Index Cond": "(keyword_id = k.id)"}]}, {"Node Type": "Index Scan", "Parent Relationship": "Inner", "Scan Direction": "Forward", "Index Name": "movie_id_cast_info", "Relation Name": "cast_info", "Alias": "ci", "Startup Cost": 0.0, "Total Cost": 0.7, "Plan Rows": 6, "Plan Width": 8, "Index Cond": "(movie_id = mk.movie_id)"}]}, {"Node Type": "Index Scan", "Parent Relationship": "Inner", "Scan Direction": "Forward", "Index Name": "name_pkey", "Relation Name": "name", "Alias": "n", "Startup Cost": 0.0, "Total Cost": 0.28, "Plan Rows": 1, "Plan Width": 19, "Index Cond": "(id = ci.person_id)", "Filter": "((name)::text ~~ '%Downey%Robert%'::text)"}]}, {"Node Type": "Index Scan", "Parent Relationship": "Inner", "Scan Direction": "Forward", "Index Name": "title_pkey", "Relation Name": "title", "Alias": "t", "Startup Cost": 0.0, "Total Cost": 0.28, "Plan Rows": 1, "Plan Width": 21, "Index Cond": "(id = ci.movie_id)", "Filter": "(production_year > 2010)"}]}]}, "Unique SQL Id": 4208751436, "Planner Runtime": 6}, "explain_analyze_plan": {"Plan": {"Node Type": "Aggregate", "Strategy": "Plain", "Startup Cost": 2657.42, "Total Cost": 2657.43, "Plan Rows": 1, "Plan Width": 144, "Actual Startup Time": 53.179, "Actual Total Time": 53.179, "Actual Rows": 1, "Actual Loops": 1, "Plans": [{"Node Type": "Nested Loop", "Parent Relationship": "Outer", "Join Type": "Inner", "Startup Cost": 0.0, "Total Cost": 2657.41, "Plan Rows": 1, "Plan Width": 48, "Actual Startup Time": 3.067, "Actual Total Time": 53.134, "Actual Rows": 6, "Actual Loops": 1, "Inner Unique": true, "Join Filter": "(mk.movie_id = t.id)", "Rows Removed by Join Filter": 0, "Plans": [{"Node Type": "Nested Loop", "Parent Relationship": "Outer", "Join Type": "Inner", "Startup Cost": 0.0, "Total Cost": 2657.12, "Plan Rows": 1, "Plan Width": 39, "Actual Startup Time": 3.044, "Actual Total Time": 53.073, "Actual Rows": 6, "Actual Loops": 1, "Inner Unique": true, "Plans": [{"Node Type": "Nested Loop", "Parent Relationship": "Outer", "Join Type": "Inner", "Startup Cost": 0.0, "Total Cost": 2598.56, "Plan Rows": 202, "Plan Width": 28, "Actual Startup Time": 1.153, "Actual Total Time": 45.245, "Actual Rows": 1242, "Actual Loops": 1, "Inner Unique": false, "Plans": [{"Node Type": "Nested Loop", "Parent Relationship": "Outer", "Join Type": "Inner", "Startup Cost": 0.0, "Total Cost": 2573.32, "Plan Rows": 33, "Plan Width": 20, "Actual Startup Time": 1.139, "Actual Total Time": 42.599, "Actual Rows": 14, "Actual Loops": 1, "Inner Unique": false, "Plans": [{"Node Type": "Seq Scan", "Parent Relationship": "Outer", "Relation Name": "keyword", "Alias": "k", "Startup Cost": 0.0, "Total Cost": 2436.11, "Plan Rows": 1, "Plan Width": 20, "Actual Startup Time": 1.116, "Actual Total Time": 42.539, "Actual Rows": 1, "Actual Loops": 1, "Filter": "((keyword)::text = 'marvel-cinematic-universe'::text)", "Rows Removed by Filter": 134168}, {"Node Type": "Index Scan", "Parent Relationship": "Inner", "Scan Direction": "Forward", "Index Name": "keyword_id_movie_keyword", "Relation Name": "movie_keyword", "Alias": "mk", "Startup Cost": 0.0, "Total Cost": 136.88, "Plan Rows": 33, "Plan Width": 8, "Actual Startup Time": 0.018, "Actual Total Time": 0.043, "Actual Rows": 14, "Actual Loops": 1, "Index Cond": "(keyword_id = k.id)", "Rows Removed by Index Recheck": 0}]}, {"Node Type": "Index Scan", "Parent Relationship": "Inner", "Scan Direction": "Forward", "Index Name": "movie_id_cast_info", "Relation Name": "cast_info", "Alias": "ci", "Startup Cost": 0.0, "Total Cost": 0.7, "Plan Rows": 6, "Plan Width": 8, "Actual Startup Time": 0.179, "Actual Total Time": 2.353, "Actual Rows": 1242, "Actual Loops": 14, "Index Cond": "(movie_id = mk.movie_id)", "Rows Removed by Index Recheck": 0}]}, {"Node Type": "Index Scan", "Parent Relationship": "Inner", "Scan Direction": "Forward", "Index Name": "name_pkey", "Relation Name": "name", "Alias": "n", "Startup Cost": 0.0, "Total Cost": 0.28, "Plan Rows": 1, "Plan Width": 19, "Actual Startup Time": 7.21, "Actual Total Time": 7.21, "Actual Rows": 6, "Actual Loops": 1242, "Index Cond": "(id = ci.person_id)", "Rows Removed by Index Recheck": 0, "Filter": "((name)::text ~~ '%Downey%Robert%'::text)", "Rows Removed by Filter": 1236}]}, {"Node Type": "Index Scan", "Parent Relationship": "Inner", "Scan Direction": "Forward", "Index Name": "title_pkey", "Relation Name": "title", "Alias": "t", "Startup Cost": 0.0, "Total Cost": 0.28, "Plan Rows": 1, "Plan Width": 21, "Actual Startup Time": 0.042, "Actual Total Time": 0.042, "Actual Rows": 6, "Actual Loops": 6, "Index Cond": "(id = ci.movie_id)", "Rows Removed by Index Recheck": 0, "Filter": "(production_year > 2010)", "Rows Removed by Filter": 0}]}]}, "Triggers": [], "Planner Runtime": 9.561, "Total Runtime": 53.444, "Unique SQL Id": 4208751436}}, "(64, '89')": {"explain_plan": {"Plan": {"Node Type": "Aggregate", "Strategy": "Plain", "Startup Cost": 3404.02, "Total Cost": 3404.03, "Plan Rows": 1, "Plan Width": 144, "Plans": [{"Node Type": "Nested Loop", "Parent Relationship": "Outer", "Join Type": "Inner", "Startup Cost": 0.0, "Total Cost": 3404.01, "Plan Rows": 1, "Plan Width": 48, "Inner Unique": true, "Join Filter": "(mk.movie_id = t.id)", "Plans": [{"Node Type": "Nested Loop", "Parent Relationship": "Outer", "Join Type": "Inner", "Startup Cost": 0.0, "Total Cost": 3403.72, "Plan Rows": 1, "Plan Width": 39, "Inner Unique": true, "Plans": [{"Node Type": "Nested Loop", "Parent Relationship": "Outer", "Join Type": "Inner", "Startup Cost": 0.0, "Total Cost": 3345.17, "Plan Rows": 202, "Plan Width": 28, "Inner Unique": false, "Plans": [{"Node Type": "Nested Loop", "Parent Relationship": "Outer", "Join Type": "Inner", "Startup Cost": 0.0, "Total Cost": 3319.92, "Plan Rows": 33, "Plan Width": 20, "Inner Unique": false, "Plans": [{"Node Type": "Index Scan", "Parent Relationship": "Outer", "Scan Direction": "Forward", "Index Name": "keyword_pkey", "Relation Name": "keyword", "Alias": "k", "Startup Cost": 0.0, "Total Cost": 3182.72, "Plan Rows": 1, "Plan Width": 20, "Filter": "((keyword)::text = 'marvel-cinematic-universe'::text)"}, {"Node Type": "Index Scan", "Parent Relationship": "Inner", "Scan Direction": "Forward", "Index Name": "keyword_id_movie_keyword", "Relation Name": "movie_keyword", "Alias": "mk", "Startup Cost": 0.0, "Total Cost": 136.88, "Plan Rows": 33, "Plan Width": 8, "Index Cond": "(keyword_id = k.id)"}]}, {"Node Type": "Index Scan", "Parent Relationship": "Inner", "Scan Direction": "Forward", "Index Name": "movie_id_cast_info", "Relation Name": "cast_info", "Alias": "ci", "Startup Cost": 0.0, "Total Cost": 0.7, "Plan Rows": 6, "Plan Width": 8, "Index Cond": "(movie_id = mk.movie_id)"}]}, {"Node Type": "Index Scan", "Parent Relationship": "Inner", "Scan Direction": "Forward", "Index Name": "name_pkey", "Relation Name": "name", "Alias": "n", "Startup Cost": 0.0, "Total Cost": 0.28, "Plan Rows": 1, "Plan Width": 19, "Index Cond": "(id = ci.person_id)", "Filter": "((name)::text ~~ '%Downey%Robert%'::text)"}]}, {"Node Type": "Index Scan", "Parent Relationship": "Inner", "Scan Direction": "Forward", "Index Name": "title_pkey", "Relation Name": "title", "Alias": "t", "Startup Cost": 0.0, "Total Cost": 0.28, "Plan Rows": 1, "Plan Width": 21, "Index Cond": "(id = ci.movie_id)", "Filter": "(production_year > 2010)"}]}]}, "Unique SQL Id": 4208751436, "Planner Runtime": 5}, "explain_analyze_plan": {"Plan": {"Node Type": "Aggregate", "Strategy": "Plain", "Startup Cost": 3404.02, "Total Cost": 3404.03, "Plan Rows": 1, "Plan Width": 144, "Actual Startup Time": 123.981, "Actual Total Time": 123.983, "Actual Rows": 1, "Actual Loops": 1, "Plans": [{"Node Type": "Nested Loop", "Parent Relationship": "Outer", "Join Type": "Inner", "Startup Cost": 0.0, "Total Cost": 3404.01, "Plan Rows": 1, "Plan Width": 48, "Actual Startup Time": 8.671, "Actual Total Time": 123.935, "Actual Rows": 6, "Actual Loops": 1, "Inner Unique": true, "Join Filter": "(mk.movie_id = t.id)", "Rows Removed by Join Filter": 0, "Plans": [{"Node Type": "Nested Loop", "Parent Relationship": "Outer", "Join Type": "Inner", "Startup Cost": 0.0, "Total Cost": 3403.72, "Plan Rows": 1, "Plan Width": 39, "Actual Startup Time": 8.653, "Actual Total Time": 123.882, "Actual Rows": 6, "Actual Loops": 1, "Inner Unique": true, "Plans": [{"Node Type": "Nested Loop", "Parent Relationship": "Outer", "Join Type": "Inner", "Startup Cost": 0.0, "Total Cost": 3345.17, "Plan Rows": 202, "Plan Width": 28, "Actual Startup Time": 7.067, "Actual Total Time": 116.917, "Actual Rows": 1242, "Actual Loops": 1, "Inner Unique": false, "Plans": [{"Node Type": "Nested Loop", "Parent Relationship": "Outer", "Join Type": "Inner", "Startup Cost": 0.0, "Total Cost": 3319.92, "Plan Rows": 33, "Plan Width": 20, "Actual Startup Time": 7.054, "Actual Total Time": 114.743, "Actual Rows": 14, "Actual Loops": 1, "Inner Unique": false, "Plans": [{"Node Type": "Index Scan", "Parent Relationship": "Outer", "Scan Direction": "Forward", "Index Name": "keyword_pkey", "Relation Name": "keyword", "Alias": "k", "Startup Cost": 0.0, "Total Cost": 3182.72, "Plan Rows": 1, "Plan Width": 20, "Actual Startup Time": 7.038, "Actual Total Time": 114.697, "Actual Rows": 1, "Actual Loops": 1, "Filter": "((keyword)::text = 'marvel-cinematic-universe'::text)", "Rows Removed by Filter": 134168}, {"Node Type": "Index Scan", "Parent Relationship": "Inner", "Scan Direction": "Forward", "Index Name": "keyword_id_movie_keyword", "Relation Name": "movie_keyword", "Alias": "mk", "Startup Cost": 0.0, "Total Cost": 136.88, "Plan Rows": 33, "Plan Width": 8, "Actual Startup Time": 0.012, "Actual Total Time": 0.034, "Actual Rows": 14, "Actual Loops": 1, "Index Cond": "(keyword_id = k.id)", "Rows Removed by Index Recheck": 0}]}, {"Node Type": "Index Scan", "Parent Relationship": "Inner", "Scan Direction": "Forward", "Index Name": "movie_id_cast_info", "Relation Name": "cast_info", "Alias": "ci", "Startup Cost": 0.0, "Total Cost": 0.7, "Plan Rows": 6, "Plan Width": 8, "Actual Startup Time": 0.159, "Actual Total Time": 1.869, "Actual Rows": 1242, "Actual Loops": 14, "Index Cond": "(movie_id = mk.movie_id)", "Rows Removed by Index Recheck": 0}]}, {"Node Type": "Index Scan", "Parent Relationship": "Inner", "Scan Direction": "Forward", "Index Name": "name_pkey", "Relation Name": "name", "Alias": "n", "Startup Cost": 0.0, "Total Cost": 0.28, "Plan Rows": 1, "Plan Width": 19, "Actual Startup Time": 6.305, "Actual Total Time": 6.305, "Actual Rows": 6, "Actual Loops": 1242, "Index Cond": "(id = ci.person_id)", "Rows Removed by Index Recheck": 0, "Filter": "((name)::text ~~ '%Downey%Robert%'::text)", "Rows Removed by Filter": 1236}]}, {"Node Type": "Index Scan", "Parent Relationship": "Inner", "Scan Direction": "Forward", "Index Name": "title_pkey", "Relation Name": "title", "Alias": "t", "Startup Cost": 0.0, "Total Cost": 0.28, "Plan Rows": 1, "Plan Width": 21, "Actual Startup Time": 0.04, "Actual Total Time": 0.04, "Actual Rows": 6, "Actual Loops": 6, "Index Cond": "(id = ci.movie_id)", "Rows Removed by Index Recheck": 0, "Filter": "(production_year > 2010)", "Rows Removed by Filter": 0}]}]}, "Triggers": [], "Planner Runtime": 8.449, "Total Runtime": 124.25, "Unique SQL Id": 4208751436}}, "(64, '90')": {"explain_plan": {"Plan": {"Node Type": "Aggregate", "Strategy": "Plain", "Startup Cost": 2100107060416.63, "Total Cost": 2100107060416.64, "Plan Rows": 1, "Plan Width": 144, "Plans": [{"Node Type": "Nested Loop", "Parent Relationship": "Outer", "Join Type": "Inner", "Startup Cost": 30000564978.42, "Total Cost": 2100107060415.55, "Plan Rows": 143, "Plan Width": 48, "Inner Unique": false, "Join Filter": "(ci.movie_id = t.id)", "Plans": [{"Node Type": "Streaming(type: LOCAL GATHER dop: 1/64)", "Parent Relationship": "Outer", "Startup Cost": 10000000000.0, "Total Cost": 100003524909.66, "Plan Rows": 7520, "Plan Width": 19, "Plans": [{"Node Type": "Nested Loop", "Parent Relationship": "Outer", "Join Type": "Inner", "Startup Cost": 10000000000.0, "Total Cost": 100003524754.52, "Plan Rows": 7520, "Plan Width": 19, "Inner Unique": true, "Join Filter": "(ci.person_id = n.id)", "Plans": [{"Node Type": "Streaming(type: LOCAL REDISTRIBUTE dop: 64/64)", "Parent Relationship": "Outer", "Startup Cost": 0.0, "Total Cost": 169751.72, "Plan Rows": 36259494, "Plan Width": 8, "Plans": [{"Node Type": "Seq Scan", "Parent Relationship": "Outer", "Relation Name": "cast_info", "Alias": "ci", "Startup Cost": 0.0, "Total Cost": 72404.34, "Plan Rows": 36259494, "Plan Width": 8}]}, {"Node Type": "Materialize", "Parent Relationship": "Inner", "Startup Cost": 0.0, "Total Cost": 127617.47, "Plan Rows": 415, "Plan Width": 19, "Plans": [{"Node Type": "Streaming(type: LOCAL REDISTRIBUTE dop: 64/64)", "Parent Relationship": "Outer", "Startup Cost": 0.0, "Total Cost": 127617.43, "Plan Rows": 415, "Plan Width": 19, "Plans": [{"Node Type": "Seq Scan", "Parent Relationship": "Outer", "Relation Name": "name", "Alias": "n", "Startup Cost": 0.0, "Total Cost": 64617.04, "Plan Rows": 415, "Plan Width": 19, "Filter": "((name)::text ~~ '%Downey%Robert%'::text)"}]}]}]}]}, {"Node Type": "Materialize", "Parent Relationship": "Inner", "Startup Cost": 10000564978.42, "Total Cost": 100007177071.19, "Plan Rows": 36, "Plan Width": 41, "Plans": [{"Node Type": "Streaming(type: LOCAL GATHER dop: 1/64)", "Parent Relationship": "Outer", "Startup Cost": 10000564978.42, "Total Cost": 100007177071.01, "Plan Rows": 36, "Plan Width": 41, "Plans": [{"Node Type": "Nested Loop", "Parent Relationship": "Outer", "Join Type": "Inner", "Startup Cost": 10000564978.42, "Total Cost": 100007177070.27, "Plan Rows": 36, "Plan Width": 41, "Inner Unique": false, "Join Filter": "(mk.movie_id = t.id)", "Plans": [{"Node Type": "Seq Scan", "Parent Relationship": "Outer", "Relation Name": "title", "Alias": "t", "Startup Cost": 0.0, "Total Cost": 64037.34, "Plan Rows": 391451, "Plan Width": 21, "Filter": "(production_year > 2010), (LLVM Optimized)"}, {"Node Type": "Materialize", "Parent Relationship": "Inner", "Startup Cost": 564978.42, "Total Cost": 650642.14, "Plan Rows": 2112, "Plan Width": 20, "Plans": [{"Node Type": "Streaming(type: BROADCAST dop: 64/1)", "Parent Relationship": "Outer", "Startup Cost": 564978.42, "Total Cost": 650641.97, "Plan Rows": 2112, "Plan Width": 20, "Plans": [{"Node Type": "Merge Join", "Parent Relationship": "Outer", "Join Type": "Inner", "Startup Cost": 564978.42, "Total Cost": 587598.4, "Plan Rows": 33, "Plan Width": 20, "Inner Unique": false, "Merge Cond": "(k.id = mk.keyword_id)", "Plans": [{"Node Type": "Sort", "Parent Relationship": "Outer", "Startup Cost": 2436.12, "Total Cost": 2436.13, "Plan Rows": 1, "Plan Width": 20, "Sort Key": ["k.id"], "Plans": [{"Node Type": "Seq Scan", "Parent Relationship": "Outer", "Relation Name": "keyword", "Alias": "k", "Startup Cost": 0.0, "Total Cost": 2436.11, "Plan Rows": 1, "Plan Width": 20, "Filter": "((keyword)::text = 'marvel-cinematic-universe'::text)"}]}, {"Node Type": "Sort", "Parent Relationship": "Inner", "Startup Cost": 562542.3, "Total Cost": 573852.12, "Plan Rows": 4523929, "Plan Width": 8, "Sort Key": ["mk.keyword_id"], "Plans": [{"Node Type": "Seq Scan", "Parent Relationship": "Outer", "Relation Name": "movie_keyword", "Alias": "mk", "Startup Cost": 0.0, "Total Cost": 62441.29, "Plan Rows": 4523929, "Plan Width": 8}]}]}]}]}]}]}]}]}]}, "Unique SQL Id": 4208751436, "Planner Runtime": 7}, "explain_analyze_plan": null}, "(64, '91')": {"explain_plan": {"Plan": {"Node Type": "Aggregate", "Strategy": "Plain", "Startup Cost": 4971239154927.62, "Total Cost": 4971239154927.63, "Plan Rows": 1, "Plan Width": 144, "Plans": [{"Node Type": "Merge Join", "Parent Relationship": "Outer", "Join Type": "Inner", "Startup Cost": 3981238836616.52, "Total Cost": 4971239154925.99, "Plan Rows": 218, "Plan Width": 48, "Inner Unique": true, "Merge Cond": "(mk.keyword_id = k.id)", "Plans": [{"Node Type": "Sort", "Parent Relationship": "Outer", "Startup Cost": 3971238836616.52, "Total Cost": 3971238836635.41, "Plan Rows": 7553, "Plan Width": 36, "Sort Key": ["mk.keyword_id"], "Plans": [{"Node Type": "Merge Join", "Parent Relationship": "Outer", "Join Type": "Inner", "Startup Cost": 1994069342563.31, "Total Cost": 3971238836130.0, "Plan Rows": 7553, "Plan Width": 36, "Inner Unique": false, "Merge Cond": "(t.id = ci.movie_id)", "Plans": [{"Node Type": "Merge Join", "Parent Relationship": "Outer", "Join Type": "Inner", "Startup Cost": 20121395931.97, "Total Cost": 1999055821179.06, "Plan Rows": 3158553, "Plan Width": 29, "Inner Unique": false, "Merge Cond": "(t.id = mk.movie_id)", "Plans": [{"Node Type": "Index Scan", "Parent Relationship": "Outer", "Scan Direction": "Forward", "Index Name": "title_pkey", "Relation Name": "title", "Alias": "t", "Startup Cost": 10000000000.0, "Total Cost": 1000011644126.66, "Plan Rows": 391451, "Plan Width": 21, "Filter": "(production_year > 2010), (LLVM Optimized)"}, {"Node Type": "Index Scan", "Parent Relationship": "Inner", "Scan Direction": "Forward", "Index Name": "movie_id_movie_keyword", "Relation Name": "movie_keyword", "Alias": "mk", "Startup Cost": 10000000000.0, "Total Cost": 1000015300634.17, "Plan Rows": 4523929, "Plan Width": 8}]}, {"Node Type": "Sort", "Parent Relationship": "Inner", "Startup Cost": 1973947946631.34, "Total Cost": 1973947946650.14, "Plan Rows": 7520, "Plan Width": 19, "Sort Key": ["ci.movie_id"], "Plans": [{"Node Type": "Merge Join", "Parent Relationship": "Outer", "Join Type": "Inner", "Startup Cost": 20031158317.15, "Total Cost": 1973947946147.19, "Plan Rows": 7520, "Plan Width": 19, "Inner Unique": true, "Merge Cond": "(ci.person_id = n.id)", "Plans": [{"Node Type": "Index Scan", "Parent Relationship": "Outer", "Scan Direction": "Forward", "Index Name": "person_id_cast_info", "Relation Name": "cast_info", "Alias": "ci", "Startup Cost": 10000000000.0, "Total Cost": 1000170648833.21, "Plan Rows": 36259494, "Plan Width": 8}, {"Node Type": "Materialize", "Parent Relationship": "Inner", "Startup Cost": 10000000000.0, "Total Cost": 1000018665148.24, "Plan Rows": 415, "Plan Width": 19, "Plans": [{"Node Type": "Index Scan", "Parent Relationship": "Outer", "Scan Direction": "Forward", "Index Name": "name_pkey", "Relation Name": "name", "Alias": "n", "Startup Cost": 10000000000.0, "Total Cost": 1000018665147.2, "Plan Rows": 415, "Plan Width": 19, "Filter": "((name)::text ~~ '%Downey%Robert%'::text)"}]}]}]}]}]}, {"Node Type": "Index Scan", "Parent Relationship": "Inner", "Scan Direction": "Forward", "Index Name": "keyword_pkey", "Relation Name": "keyword", "Alias": "k", "Startup Cost": 10000000000.0, "Total Cost": 1000000318271.68, "Plan Rows": 1, "Plan Width": 20, "Filter": "((keyword)::text = 'marvel-cinematic-universe'::text)"}]}]}, "Unique SQL Id": 4208751436, "Planner Runtime": 27}, "explain_analyze_plan": null}, "(64, '92')": {"explain_plan": {"Plan": {"Node Type": "Aggregate", "Strategy": "Plain", "Startup Cost": 2657.42, "Total Cost": 2657.43, "Plan Rows": 1, "Plan Width": 144, "Plans": [{"Node Type": "Nested Loop", "Parent Relationship": "Outer", "Join Type": "Inner", "Startup Cost": 0.0, "Total Cost": 2657.41, "Plan Rows": 1, "Plan Width": 48, "Inner Unique": true, "Join Filter": "(mk.movie_id = t.id)", "Plans": [{"Node Type": "Nested Loop", "Parent Relationship": "Outer", "Join Type": "Inner", "Startup Cost": 0.0, "Total Cost": 2657.12, "Plan Rows": 1, "Plan Width": 39, "Inner Unique": true, "Plans": [{"Node Type": "Nested Loop", "Parent Relationship": "Outer", "Join Type": "Inner", "Startup Cost": 0.0, "Total Cost": 2598.56, "Plan Rows": 202, "Plan Width": 28, "Inner Unique": false, "Plans": [{"Node Type": "Nested Loop", "Parent Relationship": "Outer", "Join Type": "Inner", "Startup Cost": 0.0, "Total Cost": 2573.32, "Plan Rows": 33, "Plan Width": 20, "Inner Unique": false, "Plans": [{"Node Type": "Seq Scan", "Parent Relationship": "Outer", "Relation Name": "keyword", "Alias": "k", "Startup Cost": 0.0, "Total Cost": 2436.11, "Plan Rows": 1, "Plan Width": 20, "Filter": "((keyword)::text = 'marvel-cinematic-universe'::text)"}, {"Node Type": "Index Scan", "Parent Relationship": "Inner", "Scan Direction": "Forward", "Index Name": "keyword_id_movie_keyword", "Relation Name": "movie_keyword", "Alias": "mk", "Startup Cost": 0.0, "Total Cost": 136.88, "Plan Rows": 33, "Plan Width": 8, "Index Cond": "(keyword_id = k.id)"}]}, {"Node Type": "Index Scan", "Parent Relationship": "Inner", "Scan Direction": "Forward", "Index Name": "movie_id_cast_info", "Relation Name": "cast_info", "Alias": "ci", "Startup Cost": 0.0, "Total Cost": 0.7, "Plan Rows": 6, "Plan Width": 8, "Index Cond": "(movie_id = mk.movie_id)"}]}, {"Node Type": "Index Scan", "Parent Relationship": "Inner", "Scan Direction": "Forward", "Index Name": "name_pkey", "Relation Name": "name", "Alias": "n", "Startup Cost": 0.0, "Total Cost": 0.28, "Plan Rows": 1, "Plan Width": 19, "Index Cond": "(id = ci.person_id)", "Filter": "((name)::text ~~ '%Downey%Robert%'::text)"}]}, {"Node Type": "Index Scan", "Parent Relationship": "Inner", "Scan Direction": "Forward", "Index Name": "title_pkey", "Relation Name": "title", "Alias": "t", "Startup Cost": 0.0, "Total Cost": 0.28, "Plan Rows": 1, "Plan Width": 21, "Index Cond": "(id = ci.movie_id)", "Filter": "(production_year > 2010)"}]}]}, "Unique SQL Id": 4208751436, "Planner Runtime": 6}, "explain_analyze_plan": {"Plan": {"Node Type": "Aggregate", "Strategy": "Plain", "Startup Cost": 2657.42, "Total Cost": 2657.43, "Plan Rows": 1, "Plan Width": 144, "Actual Startup Time": 53.179, "Actual Total Time": 53.179, "Actual Rows": 1, "Actual Loops": 1, "Plans": [{"Node Type": "Nested Loop", "Parent Relationship": "Outer", "Join Type": "Inner", "Startup Cost": 0.0, "Total Cost": 2657.41, "Plan Rows": 1, "Plan Width": 48, "Actual Startup Time": 3.067, "Actual Total Time": 53.134, "Actual Rows": 6, "Actual Loops": 1, "Inner Unique": true, "Join Filter": "(mk.movie_id = t.id)", "Rows Removed by Join Filter": 0, "Plans": [{"Node Type": "Nested Loop", "Parent Relationship": "Outer", "Join Type": "Inner", "Startup Cost": 0.0, "Total Cost": 2657.12, "Plan Rows": 1, "Plan Width": 39, "Actual Startup Time": 3.044, "Actual Total Time": 53.073, "Actual Rows": 6, "Actual Loops": 1, "Inner Unique": true, "Plans": [{"Node Type": "Nested Loop", "Parent Relationship": "Outer", "Join Type": "Inner", "Startup Cost": 0.0, "Total Cost": 2598.56, "Plan Rows": 202, "Plan Width": 28, "Actual Startup Time": 1.153, "Actual Total Time": 45.245, "Actual Rows": 1242, "Actual Loops": 1, "Inner Unique": false, "Plans": [{"Node Type": "Nested Loop", "Parent Relationship": "Outer", "Join Type": "Inner", "Startup Cost": 0.0, "Total Cost": 2573.32, "Plan Rows": 33, "Plan Width": 20, "Actual Startup Time": 1.139, "Actual Total Time": 42.599, "Actual Rows": 14, "Actual Loops": 1, "Inner Unique": false, "Plans": [{"Node Type": "Seq Scan", "Parent Relationship": "Outer", "Relation Name": "keyword", "Alias": "k", "Startup Cost": 0.0, "Total Cost": 2436.11, "Plan Rows": 1, "Plan Width": 20, "Actual Startup Time": 1.116, "Actual Total Time": 42.539, "Actual Rows": 1, "Actual Loops": 1, "Filter": "((keyword)::text = 'marvel-cinematic-universe'::text)", "Rows Removed by Filter": 134168}, {"Node Type": "Index Scan", "Parent Relationship": "Inner", "Scan Direction": "Forward", "Index Name": "keyword_id_movie_keyword", "Relation Name": "movie_keyword", "Alias": "mk", "Startup Cost": 0.0, "Total Cost": 136.88, "Plan Rows": 33, "Plan Width": 8, "Actual Startup Time": 0.018, "Actual Total Time": 0.043, "Actual Rows": 14, "Actual Loops": 1, "Index Cond": "(keyword_id = k.id)", "Rows Removed by Index Recheck": 0}]}, {"Node Type": "Index Scan", "Parent Relationship": "Inner", "Scan Direction": "Forward", "Index Name": "movie_id_cast_info", "Relation Name": "cast_info", "Alias": "ci", "Startup Cost": 0.0, "Total Cost": 0.7, "Plan Rows": 6, "Plan Width": 8, "Actual Startup Time": 0.179, "Actual Total Time": 2.353, "Actual Rows": 1242, "Actual Loops": 14, "Index Cond": "(movie_id = mk.movie_id)", "Rows Removed by Index Recheck": 0}]}, {"Node Type": "Index Scan", "Parent Relationship": "Inner", "Scan Direction": "Forward", "Index Name": "name_pkey", "Relation Name": "name", "Alias": "n", "Startup Cost": 0.0, "Total Cost": 0.28, "Plan Rows": 1, "Plan Width": 19, "Actual Startup Time": 7.21, "Actual Total Time": 7.21, "Actual Rows": 6, "Actual Loops": 1242, "Index Cond": "(id = ci.person_id)", "Rows Removed by Index Recheck": 0, "Filter": "((name)::text ~~ '%Downey%Robert%'::text)", "Rows Removed by Filter": 1236}]}, {"Node Type": "Index Scan", "Parent Relationship": "Inner", "Scan Direction": "Forward", "Index Name": "title_pkey", "Relation Name": "title", "Alias": "t", "Startup Cost": 0.0, "Total Cost": 0.28, "Plan Rows": 1, "Plan Width": 21, "Actual Startup Time": 0.042, "Actual Total Time": 0.042, "Actual Rows": 6, "Actual Loops": 6, "Index Cond": "(id = ci.movie_id)", "Rows Removed by Index Recheck": 0, "Filter": "(production_year > 2010)", "Rows Removed by Filter": 0}]}]}, "Triggers": [], "Planner Runtime": 9.561, "Total Runtime": 53.444, "Unique SQL Id": 4208751436}}, "(64, '93')": {"explain_plan": {"Plan": {"Node Type": "Aggregate", "Strategy": "Plain", "Startup Cost": 3404.02, "Total Cost": 3404.03, "Plan Rows": 1, "Plan Width": 144, "Plans": [{"Node Type": "Nested Loop", "Parent Relationship": "Outer", "Join Type": "Inner", "Startup Cost": 0.0, "Total Cost": 3404.01, "Plan Rows": 1, "Plan Width": 48, "Inner Unique": true, "Join Filter": "(mk.movie_id = t.id)", "Plans": [{"Node Type": "Nested Loop", "Parent Relationship": "Outer", "Join Type": "Inner", "Startup Cost": 0.0, "Total Cost": 3403.72, "Plan Rows": 1, "Plan Width": 39, "Inner Unique": true, "Plans": [{"Node Type": "Nested Loop", "Parent Relationship": "Outer", "Join Type": "Inner", "Startup Cost": 0.0, "Total Cost": 3345.17, "Plan Rows": 202, "Plan Width": 28, "Inner Unique": false, "Plans": [{"Node Type": "Nested Loop", "Parent Relationship": "Outer", "Join Type": "Inner", "Startup Cost": 0.0, "Total Cost": 3319.92, "Plan Rows": 33, "Plan Width": 20, "Inner Unique": false, "Plans": [{"Node Type": "Index Scan", "Parent Relationship": "Outer", "Scan Direction": "Forward", "Index Name": "keyword_pkey", "Relation Name": "keyword", "Alias": "k", "Startup Cost": 0.0, "Total Cost": 3182.72, "Plan Rows": 1, "Plan Width": 20, "Filter": "((keyword)::text = 'marvel-cinematic-universe'::text)"}, {"Node Type": "Index Scan", "Parent Relationship": "Inner", "Scan Direction": "Forward", "Index Name": "keyword_id_movie_keyword", "Relation Name": "movie_keyword", "Alias": "mk", "Startup Cost": 0.0, "Total Cost": 136.88, "Plan Rows": 33, "Plan Width": 8, "Index Cond": "(keyword_id = k.id)"}]}, {"Node Type": "Index Scan", "Parent Relationship": "Inner", "Scan Direction": "Forward", "Index Name": "movie_id_cast_info", "Relation Name": "cast_info", "Alias": "ci", "Startup Cost": 0.0, "Total Cost": 0.7, "Plan Rows": 6, "Plan Width": 8, "Index Cond": "(movie_id = mk.movie_id)"}]}, {"Node Type": "Index Scan", "Parent Relationship": "Inner", "Scan Direction": "Forward", "Index Name": "name_pkey", "Relation Name": "name", "Alias": "n", "Startup Cost": 0.0, "Total Cost": 0.28, "Plan Rows": 1, "Plan Width": 19, "Index Cond": "(id = ci.person_id)", "Filter": "((name)::text ~~ '%Downey%Robert%'::text)"}]}, {"Node Type": "Index Scan", "Parent Relationship": "Inner", "Scan Direction": "Forward", "Index Name": "title_pkey", "Relation Name": "title", "Alias": "t", "Startup Cost": 0.0, "Total Cost": 0.28, "Plan Rows": 1, "Plan Width": 21, "Index Cond": "(id = ci.movie_id)", "Filter": "(production_year > 2010)"}]}]}, "Unique SQL Id": 4208751436, "Planner Runtime": 6}, "explain_analyze_plan": {"Plan": {"Node Type": "Aggregate", "Strategy": "Plain", "Startup Cost": 3404.02, "Total Cost": 3404.03, "Plan Rows": 1, "Plan Width": 144, "Actual Startup Time": 123.981, "Actual Total Time": 123.983, "Actual Rows": 1, "Actual Loops": 1, "Plans": [{"Node Type": "Nested Loop", "Parent Relationship": "Outer", "Join Type": "Inner", "Startup Cost": 0.0, "Total Cost": 3404.01, "Plan Rows": 1, "Plan Width": 48, "Actual Startup Time": 8.671, "Actual Total Time": 123.935, "Actual Rows": 6, "Actual Loops": 1, "Inner Unique": true, "Join Filter": "(mk.movie_id = t.id)", "Rows Removed by Join Filter": 0, "Plans": [{"Node Type": "Nested Loop", "Parent Relationship": "Outer", "Join Type": "Inner", "Startup Cost": 0.0, "Total Cost": 3403.72, "Plan Rows": 1, "Plan Width": 39, "Actual Startup Time": 8.653, "Actual Total Time": 123.882, "Actual Rows": 6, "Actual Loops": 1, "Inner Unique": true, "Plans": [{"Node Type": "Nested Loop", "Parent Relationship": "Outer", "Join Type": "Inner", "Startup Cost": 0.0, "Total Cost": 3345.17, "Plan Rows": 202, "Plan Width": 28, "Actual Startup Time": 7.067, "Actual Total Time": 116.917, "Actual Rows": 1242, "Actual Loops": 1, "Inner Unique": false, "Plans": [{"Node Type": "Nested Loop", "Parent Relationship": "Outer", "Join Type": "Inner", "Startup Cost": 0.0, "Total Cost": 3319.92, "Plan Rows": 33, "Plan Width": 20, "Actual Startup Time": 7.054, "Actual Total Time": 114.743, "Actual Rows": 14, "Actual Loops": 1, "Inner Unique": false, "Plans": [{"Node Type": "Index Scan", "Parent Relationship": "Outer", "Scan Direction": "Forward", "Index Name": "keyword_pkey", "Relation Name": "keyword", "Alias": "k", "Startup Cost": 0.0, "Total Cost": 3182.72, "Plan Rows": 1, "Plan Width": 20, "Actual Startup Time": 7.038, "Actual Total Time": 114.697, "Actual Rows": 1, "Actual Loops": 1, "Filter": "((keyword)::text = 'marvel-cinematic-universe'::text)", "Rows Removed by Filter": 134168}, {"Node Type": "Index Scan", "Parent Relationship": "Inner", "Scan Direction": "Forward", "Index Name": "keyword_id_movie_keyword", "Relation Name": "movie_keyword", "Alias": "mk", "Startup Cost": 0.0, "Total Cost": 136.88, "Plan Rows": 33, "Plan Width": 8, "Actual Startup Time": 0.012, "Actual Total Time": 0.034, "Actual Rows": 14, "Actual Loops": 1, "Index Cond": "(keyword_id = k.id)", "Rows Removed by Index Recheck": 0}]}, {"Node Type": "Index Scan", "Parent Relationship": "Inner", "Scan Direction": "Forward", "Index Name": "movie_id_cast_info", "Relation Name": "cast_info", "Alias": "ci", "Startup Cost": 0.0, "Total Cost": 0.7, "Plan Rows": 6, "Plan Width": 8, "Actual Startup Time": 0.159, "Actual Total Time": 1.869, "Actual Rows": 1242, "Actual Loops": 14, "Index Cond": "(movie_id = mk.movie_id)", "Rows Removed by Index Recheck": 0}]}, {"Node Type": "Index Scan", "Parent Relationship": "Inner", "Scan Direction": "Forward", "Index Name": "name_pkey", "Relation Name": "name", "Alias": "n", "Startup Cost": 0.0, "Total Cost": 0.28, "Plan Rows": 1, "Plan Width": 19, "Actual Startup Time": 6.305, "Actual Total Time": 6.305, "Actual Rows": 6, "Actual Loops": 1242, "Index Cond": "(id = ci.person_id)", "Rows Removed by Index Recheck": 0, "Filter": "((name)::text ~~ '%Downey%Robert%'::text)", "Rows Removed by Filter": 1236}]}, {"Node Type": "Index Scan", "Parent Relationship": "Inner", "Scan Direction": "Forward", "Index Name": "title_pkey", "Relation Name": "title", "Alias": "t", "Startup Cost": 0.0, "Total Cost": 0.28, "Plan Rows": 1, "Plan Width": 21, "Actual Startup Time": 0.04, "Actual Total Time": 0.04, "Actual Rows": 6, "Actual Loops": 6, "Index Cond": "(id = ci.movie_id)", "Rows Removed by Index Recheck": 0, "Filter": "(production_year > 2010)", "Rows Removed by Filter": 0}]}]}, "Triggers": [], "Planner Runtime": 8.449, "Total Runtime": 124.25, "Unique SQL Id": 4208751436}}, "(64, '94')": {"explain_plan": {"Plan": {"Node Type": "Aggregate", "Strategy": "Plain", "Startup Cost": 2100107060416.63, "Total Cost": 2100107060416.64, "Plan Rows": 1, "Plan Width": 144, "Plans": [{"Node Type": "Nested Loop", "Parent Relationship": "Outer", "Join Type": "Inner", "Startup Cost": 30000564978.42, "Total Cost": 2100107060415.55, "Plan Rows": 143, "Plan Width": 48, "Inner Unique": false, "Join Filter": "(ci.movie_id = t.id)", "Plans": [{"Node Type": "Streaming(type: LOCAL GATHER dop: 1/64)", "Parent Relationship": "Outer", "Startup Cost": 10000000000.0, "Total Cost": 100003524909.66, "Plan Rows": 7520, "Plan Width": 19, "Plans": [{"Node Type": "Nested Loop", "Parent Relationship": "Outer", "Join Type": "Inner", "Startup Cost": 10000000000.0, "Total Cost": 100003524754.52, "Plan Rows": 7520, "Plan Width": 19, "Inner Unique": true, "Join Filter": "(ci.person_id = n.id)", "Plans": [{"Node Type": "Streaming(type: LOCAL REDISTRIBUTE dop: 64/64)", "Parent Relationship": "Outer", "Startup Cost": 0.0, "Total Cost": 169751.72, "Plan Rows": 36259494, "Plan Width": 8, "Plans": [{"Node Type": "Seq Scan", "Parent Relationship": "Outer", "Relation Name": "cast_info", "Alias": "ci", "Startup Cost": 0.0, "Total Cost": 72404.34, "Plan Rows": 36259494, "Plan Width": 8}]}, {"Node Type": "Materialize", "Parent Relationship": "Inner", "Startup Cost": 0.0, "Total Cost": 127617.47, "Plan Rows": 415, "Plan Width": 19, "Plans": [{"Node Type": "Streaming(type: LOCAL REDISTRIBUTE dop: 64/64)", "Parent Relationship": "Outer", "Startup Cost": 0.0, "Total Cost": 127617.43, "Plan Rows": 415, "Plan Width": 19, "Plans": [{"Node Type": "Seq Scan", "Parent Relationship": "Outer", "Relation Name": "name", "Alias": "n", "Startup Cost": 0.0, "Total Cost": 64617.04, "Plan Rows": 415, "Plan Width": 19, "Filter": "((name)::text ~~ '%Downey%Robert%'::text)"}]}]}]}]}, {"Node Type": "Materialize", "Parent Relationship": "Inner", "Startup Cost": 10000564978.42, "Total Cost": 100007177071.19, "Plan Rows": 36, "Plan Width": 41, "Plans": [{"Node Type": "Streaming(type: LOCAL GATHER dop: 1/64)", "Parent Relationship": "Outer", "Startup Cost": 10000564978.42, "Total Cost": 100007177071.01, "Plan Rows": 36, "Plan Width": 41, "Plans": [{"Node Type": "Nested Loop", "Parent Relationship": "Outer", "Join Type": "Inner", "Startup Cost": 10000564978.42, "Total Cost": 100007177070.27, "Plan Rows": 36, "Plan Width": 41, "Inner Unique": false, "Join Filter": "(mk.movie_id = t.id)", "Plans": [{"Node Type": "Seq Scan", "Parent Relationship": "Outer", "Relation Name": "title", "Alias": "t", "Startup Cost": 0.0, "Total Cost": 64037.34, "Plan Rows": 391451, "Plan Width": 21, "Filter": "(production_year > 2010), (LLVM Optimized)"}, {"Node Type": "Materialize", "Parent Relationship": "Inner", "Startup Cost": 564978.42, "Total Cost": 650642.14, "Plan Rows": 2112, "Plan Width": 20, "Plans": [{"Node Type": "Streaming(type: BROADCAST dop: 64/1)", "Parent Relationship": "Outer", "Startup Cost": 564978.42, "Total Cost": 650641.97, "Plan Rows": 2112, "Plan Width": 20, "Plans": [{"Node Type": "Merge Join", "Parent Relationship": "Outer", "Join Type": "Inner", "Startup Cost": 564978.42, "Total Cost": 587598.4, "Plan Rows": 33, "Plan Width": 20, "Inner Unique": false, "Merge Cond": "(k.id = mk.keyword_id)", "Plans": [{"Node Type": "Sort", "Parent Relationship": "Outer", "Startup Cost": 2436.12, "Total Cost": 2436.13, "Plan Rows": 1, "Plan Width": 20, "Sort Key": ["k.id"], "Plans": [{"Node Type": "Seq Scan", "Parent Relationship": "Outer", "Relation Name": "keyword", "Alias": "k", "Startup Cost": 0.0, "Total Cost": 2436.11, "Plan Rows": 1, "Plan Width": 20, "Filter": "((keyword)::text = 'marvel-cinematic-universe'::text)"}]}, {"Node Type": "Sort", "Parent Relationship": "Inner", "Startup Cost": 562542.3, "Total Cost": 573852.12, "Plan Rows": 4523929, "Plan Width": 8, "Sort Key": ["mk.keyword_id"], "Plans": [{"Node Type": "Seq Scan", "Parent Relationship": "Outer", "Relation Name": "movie_keyword", "Alias": "mk", "Startup Cost": 0.0, "Total Cost": 62441.29, "Plan Rows": 4523929, "Plan Width": 8}]}]}]}]}]}]}]}]}]}, "Unique SQL Id": 4208751436, "Planner Runtime": 7}, "explain_analyze_plan": null}, "(64, '95')": {"explain_plan": {"Plan": {"Node Type": "Aggregate", "Strategy": "Plain", "Startup Cost": 4971239154927.62, "Total Cost": 4971239154927.63, "Plan Rows": 1, "Plan Width": 144, "Plans": [{"Node Type": "Merge Join", "Parent Relationship": "Outer", "Join Type": "Inner", "Startup Cost": 3981238836616.52, "Total Cost": 4971239154925.99, "Plan Rows": 218, "Plan Width": 48, "Inner Unique": true, "Merge Cond": "(mk.keyword_id = k.id)", "Plans": [{"Node Type": "Sort", "Parent Relationship": "Outer", "Startup Cost": 3971238836616.52, "Total Cost": 3971238836635.41, "Plan Rows": 7553, "Plan Width": 36, "Sort Key": ["mk.keyword_id"], "Plans": [{"Node Type": "Merge Join", "Parent Relationship": "Outer", "Join Type": "Inner", "Startup Cost": 1994069342563.31, "Total Cost": 3971238836130.0, "Plan Rows": 7553, "Plan Width": 36, "Inner Unique": false, "Merge Cond": "(t.id = ci.movie_id)", "Plans": [{"Node Type": "Merge Join", "Parent Relationship": "Outer", "Join Type": "Inner", "Startup Cost": 20121395931.97, "Total Cost": 1999055821179.06, "Plan Rows": 3158553, "Plan Width": 29, "Inner Unique": false, "Merge Cond": "(t.id = mk.movie_id)", "Plans": [{"Node Type": "Index Scan", "Parent Relationship": "Outer", "Scan Direction": "Forward", "Index Name": "title_pkey", "Relation Name": "title", "Alias": "t", "Startup Cost": 10000000000.0, "Total Cost": 1000011644126.66, "Plan Rows": 391451, "Plan Width": 21, "Filter": "(production_year > 2010), (LLVM Optimized)"}, {"Node Type": "Index Scan", "Parent Relationship": "Inner", "Scan Direction": "Forward", "Index Name": "movie_id_movie_keyword", "Relation Name": "movie_keyword", "Alias": "mk", "Startup Cost": 10000000000.0, "Total Cost": 1000015300634.17, "Plan Rows": 4523929, "Plan Width": 8}]}, {"Node Type": "Sort", "Parent Relationship": "Inner", "Startup Cost": 1973947946631.34, "Total Cost": 1973947946650.14, "Plan Rows": 7520, "Plan Width": 19, "Sort Key": ["ci.movie_id"], "Plans": [{"Node Type": "Merge Join", "Parent Relationship": "Outer", "Join Type": "Inner", "Startup Cost": 20031158317.15, "Total Cost": 1973947946147.19, "Plan Rows": 7520, "Plan Width": 19, "Inner Unique": true, "Merge Cond": "(ci.person_id = n.id)", "Plans": [{"Node Type": "Index Scan", "Parent Relationship": "Outer", "Scan Direction": "Forward", "Index Name": "person_id_cast_info", "Relation Name": "cast_info", "Alias": "ci", "Startup Cost": 10000000000.0, "Total Cost": 1000170648833.21, "Plan Rows": 36259494, "Plan Width": 8}, {"Node Type": "Materialize", "Parent Relationship": "Inner", "Startup Cost": 10000000000.0, "Total Cost": 1000018665148.24, "Plan Rows": 415, "Plan Width": 19, "Plans": [{"Node Type": "Index Scan", "Parent Relationship": "Outer", "Scan Direction": "Forward", "Index Name": "name_pkey", "Relation Name": "name", "Alias": "n", "Startup Cost": 10000000000.0, "Total Cost": 1000018665147.2, "Plan Rows": 415, "Plan Width": 19, "Filter": "((name)::text ~~ '%Downey%Robert%'::text)"}]}]}]}]}]}, {"Node Type": "Index Scan", "Parent Relationship": "Inner", "Scan Direction": "Forward", "Index Name": "keyword_pkey", "Relation Name": "keyword", "Alias": "k", "Startup Cost": 10000000000.0, "Total Cost": 1000000318271.68, "Plan Rows": 1, "Plan Width": 20, "Filter": "((keyword)::text = 'marvel-cinematic-universe'::text)"}]}]}, "Unique SQL Id": 4208751436, "Planner Runtime": 11}, "explain_analyze_plan": null}, "(64, '96')": {"explain_plan": {"Plan": {"Node Type": "Aggregate", "Strategy": "Plain", "Startup Cost": 2653.12, "Total Cost": 2653.13, "Plan Rows": 1, "Plan Width": 144, "Plans": [{"Node Type": "Nested Loop", "Parent Relationship": "Outer", "Join Type": "Inner", "Startup Cost": 4.51, "Total Cost": 2653.12, "Plan Rows": 1, "Plan Width": 48, "Inner Unique": true, "Join Filter": "(mk.movie_id = t.id)", "Plans": [{"Node Type": "Nested Loop", "Parent Relationship": "Outer", "Join Type": "Inner", "Startup Cost": 4.51, "Total Cost": 2652.83, "Plan Rows": 1, "Plan Width": 39, "Inner Unique": true, "Plans": [{"Node Type": "Nested Loop", "Parent Relationship": "Outer", "Join Type": "Inner", "Startup Cost": 4.51, "Total Cost": 2594.27, "Plan Rows": 202, "Plan Width": 28, "Inner Unique": false, "Plans": [{"Node Type": "Nested Loop", "Parent Relationship": "Outer", "Join Type": "Inner", "Startup Cost": 4.51, "Total Cost": 2569.02, "Plan Rows": 33, "Plan Width": 20, "Inner Unique": false, "Plans": [{"Node Type": "Seq Scan", "Parent Relationship": "Outer", "Relation Name": "keyword", "Alias": "k", "Startup Cost": 0.0, "Total Cost": 2436.11, "Plan Rows": 1, "Plan Width": 20, "Filter": "((keyword)::text = 'marvel-cinematic-universe'::text)"}, {"Node Type": "Bitmap Heap Scan", "Parent Relationship": "Inner", "Relation Name": "movie_keyword", "Alias": "mk", "Startup Cost": 4.51, "Total Cost": 132.58, "Plan Rows": 33, "Plan Width": 8, "Recheck Cond": "(keyword_id = k.id)", "Plans": [{"Node Type": "Bitmap Index Scan", "Parent Relationship": "Outer", "Index Name": "keyword_id_movie_keyword", "Startup Cost": 0.0, "Total Cost": 4.5, "Plan Rows": 33, "Plan Width": 0, "Index Cond": "(keyword_id = k.id)"}]}]}, {"Node Type": "Index Scan", "Parent Relationship": "Inner", "Scan Direction": "Forward", "Index Name": "movie_id_cast_info", "Relation Name": "cast_info", "Alias": "ci", "Startup Cost": 0.0, "Total Cost": 0.7, "Plan Rows": 6, "Plan Width": 8, "Index Cond": "(movie_id = mk.movie_id)"}]}, {"Node Type": "Index Scan", "Parent Relationship": "Inner", "Scan Direction": "Forward", "Index Name": "name_pkey", "Relation Name": "name", "Alias": "n", "Startup Cost": 0.0, "Total Cost": 0.28, "Plan Rows": 1, "Plan Width": 19, "Index Cond": "(id = ci.person_id)", "Filter": "((name)::text ~~ '%Downey%Robert%'::text)"}]}, {"Node Type": "Index Scan", "Parent Relationship": "Inner", "Scan Direction": "Forward", "Index Name": "title_pkey", "Relation Name": "title", "Alias": "t", "Startup Cost": 0.0, "Total Cost": 0.28, "Plan Rows": 1, "Plan Width": 21, "Index Cond": "(id = ci.movie_id)", "Filter": "(production_year > 2010)"}]}]}, "Unique SQL Id": 4208751436, "Planner Runtime": 5}, "explain_analyze_plan": {"Plan": {"Node Type": "Aggregate", "Strategy": "Plain", "Startup Cost": 2653.12, "Total Cost": 2653.13, "Plan Rows": 1, "Plan Width": 144, "Actual Startup Time": 53.108, "Actual Total Time": 53.108, "Actual Rows": 1, "Actual Loops": 1, "Plans": [{"Node Type": "Nested Loop", "Parent Relationship": "Outer", "Join Type": "Inner", "Startup Cost": 4.51, "Total Cost": 2653.12, "Plan Rows": 1, "Plan Width": 48, "Actual Startup Time": 3.077, "Actual Total Time": 53.078, "Actual Rows": 6, "Actual Loops": 1, "Inner Unique": true, "Join Filter": "(mk.movie_id = t.id)", "Rows Removed by Join Filter": 0, "Plans": [{"Node Type": "Nested Loop", "Parent Relationship": "Outer", "Join Type": "Inner", "Startup Cost": 4.51, "Total Cost": 2652.83, "Plan Rows": 1, "Plan Width": 39, "Actual Startup Time": 3.044, "Actual Total Time": 53.008, "Actual Rows": 6, "Actual Loops": 1, "Inner Unique": true, "Plans": [{"Node Type": "Nested Loop", "Parent Relationship": "Outer", "Join Type": "Inner", "Startup Cost": 4.51, "Total Cost": 2594.27, "Plan Rows": 202, "Plan Width": 28, "Actual Startup Time": 1.158, "Actual Total Time": 45.186, "Actual Rows": 1242, "Actual Loops": 1, "Inner Unique": false, "Plans": [{"Node Type": "Nested Loop", "Parent Relationship": "Outer", "Join Type": "Inner", "Startup Cost": 4.51, "Total Cost": 2569.02, "Plan Rows": 33, "Plan Width": 20, "Actual Startup Time": 1.138, "Actual Total Time": 42.528, "Actual Rows": 14, "Actual Loops": 1, "Inner Unique": false, "Plans": [{"Node Type": "Seq Scan", "Parent Relationship": "Outer", "Relation Name": "keyword", "Alias": "k", "Startup Cost": 0.0, "Total Cost": 2436.11, "Plan Rows": 1, "Plan Width": 20, "Actual Startup Time": 1.095, "Actual Total Time": 42.442, "Actual Rows": 1, "Actual Loops": 1, "Filter": "((keyword)::text = 'marvel-cinematic-universe'::text)", "Rows Removed by Filter": 134168}, {"Node Type": "Bitmap Heap Scan", "Parent Relationship": "Inner", "Relation Name": "movie_keyword", "Alias": "mk", "Startup Cost": 4.51, "Total Cost": 132.58, "Plan Rows": 33, "Plan Width": 8, "Actual Startup Time": 0.035, "Actual Total Time": 0.069, "Actual Rows": 14, "Actual Loops": 1, "Recheck Cond": "(keyword_id = k.id)", "Rows Removed by Index Recheck": 0, "Exact Heap Blocks": 13, "Lossy Heap Blocks": 13, "Plans": [{"Node Type": "Bitmap Index Scan", "Parent Relationship": "Outer", "Index Name": "keyword_id_movie_keyword", "Startup Cost": 0.0, "Total Cost": 4.5, "Plan Rows": 33, "Plan Width": 0, "Actual Startup Time": 0.021, "Actual Total Time": 0.021, "Actual Rows": 14, "Actual Loops": 1, "Index Cond": "(keyword_id = k.id)"}]}]}, {"Node Type": "Index Scan", "Parent Relationship": "Inner", "Scan Direction": "Forward", "Index Name": "movie_id_cast_info", "Relation Name": "cast_info", "Alias": "ci", "Startup Cost": 0.0, "Total Cost": 0.7, "Plan Rows": 6, "Plan Width": 8, "Actual Startup Time": 0.192, "Actual Total Time": 2.354, "Actual Rows": 1242, "Actual Loops": 14, "Index Cond": "(movie_id = mk.movie_id)", "Rows Removed by Index Recheck": 0}]}, {"Node Type": "Index Scan", "Parent Relationship": "Inner", "Scan Direction": "Forward", "Index Name": "name_pkey", "Relation Name": "name", "Alias": "n", "Startup Cost": 0.0, "Total Cost": 0.28, "Plan Rows": 1, "Plan Width": 19, "Actual Startup Time": 7.222, "Actual Total Time": 7.222, "Actual Rows": 6, "Actual Loops": 1242, "Index Cond": "(id = ci.person_id)", "Rows Removed by Index Recheck": 0, "Filter": "((name)::text ~~ '%Downey%Robert%'::text)", "Rows Removed by Filter": 1236}]}, {"Node Type": "Index Scan", "Parent Relationship": "Inner", "Scan Direction": "Forward", "Index Name": "title_pkey", "Relation Name": "title", "Alias": "t", "Startup Cost": 0.0, "Total Cost": 0.28, "Plan Rows": 1, "Plan Width": 21, "Actual Startup Time": 0.048, "Actual Total Time": 0.048, "Actual Rows": 6, "Actual Loops": 6, "Index Cond": "(id = ci.movie_id)", "Rows Removed by Index Recheck": 0, "Filter": "(production_year > 2010)", "Rows Removed by Filter": 0}]}]}, "Triggers": [], "Planner Runtime": 9.728, "Total Runtime": 53.358, "Unique SQL Id": 4208751436}}, "(64, '97')": {"explain_plan": {"Plan": {"Node Type": "Aggregate", "Strategy": "Plain", "Startup Cost": 3399.73, "Total Cost": 3399.74, "Plan Rows": 1, "Plan Width": 144, "Plans": [{"Node Type": "Nested Loop", "Parent Relationship": "Outer", "Join Type": "Inner", "Startup Cost": 4.51, "Total Cost": 3399.72, "Plan Rows": 1, "Plan Width": 48, "Inner Unique": true, "Join Filter": "(mk.movie_id = t.id)", "Plans": [{"Node Type": "Nested Loop", "Parent Relationship": "Outer", "Join Type": "Inner", "Startup Cost": 4.51, "Total Cost": 3399.43, "Plan Rows": 1, "Plan Width": 39, "Inner Unique": true, "Plans": [{"Node Type": "Nested Loop", "Parent Relationship": "Outer", "Join Type": "Inner", "Startup Cost": 4.51, "Total Cost": 3340.87, "Plan Rows": 202, "Plan Width": 28, "Inner Unique": false, "Plans": [{"Node Type": "Nested Loop", "Parent Relationship": "Outer", "Join Type": "Inner", "Startup Cost": 4.51, "Total Cost": 3315.63, "Plan Rows": 33, "Plan Width": 20, "Inner Unique": false, "Plans": [{"Node Type": "Index Scan", "Parent Relationship": "Outer", "Scan Direction": "Forward", "Index Name": "keyword_pkey", "Relation Name": "keyword", "Alias": "k", "Startup Cost": 0.0, "Total Cost": 3182.72, "Plan Rows": 1, "Plan Width": 20, "Filter": "((keyword)::text = 'marvel-cinematic-universe'::text)"}, {"Node Type": "Bitmap Heap Scan", "Parent Relationship": "Inner", "Relation Name": "movie_keyword", "Alias": "mk", "Startup Cost": 4.51, "Total Cost": 132.58, "Plan Rows": 33, "Plan Width": 8, "Recheck Cond": "(keyword_id = k.id)", "Plans": [{"Node Type": "Bitmap Index Scan", "Parent Relationship": "Outer", "Index Name": "keyword_id_movie_keyword", "Startup Cost": 0.0, "Total Cost": 4.5, "Plan Rows": 33, "Plan Width": 0, "Index Cond": "(keyword_id = k.id)"}]}]}, {"Node Type": "Index Scan", "Parent Relationship": "Inner", "Scan Direction": "Forward", "Index Name": "movie_id_cast_info", "Relation Name": "cast_info", "Alias": "ci", "Startup Cost": 0.0, "Total Cost": 0.7, "Plan Rows": 6, "Plan Width": 8, "Index Cond": "(movie_id = mk.movie_id)"}]}, {"Node Type": "Index Scan", "Parent Relationship": "Inner", "Scan Direction": "Forward", "Index Name": "name_pkey", "Relation Name": "name", "Alias": "n", "Startup Cost": 0.0, "Total Cost": 0.28, "Plan Rows": 1, "Plan Width": 19, "Index Cond": "(id = ci.person_id)", "Filter": "((name)::text ~~ '%Downey%Robert%'::text)"}]}, {"Node Type": "Index Scan", "Parent Relationship": "Inner", "Scan Direction": "Forward", "Index Name": "title_pkey", "Relation Name": "title", "Alias": "t", "Startup Cost": 0.0, "Total Cost": 0.28, "Plan Rows": 1, "Plan Width": 21, "Index Cond": "(id = ci.movie_id)", "Filter": "(production_year > 2010)"}]}]}, "Unique SQL Id": 4208751436, "Planner Runtime": 4}, "explain_analyze_plan": {"Plan": {"Node Type": "Aggregate", "Strategy": "Plain", "Startup Cost": 3399.73, "Total Cost": 3399.74, "Plan Rows": 1, "Plan Width": 144, "Actual Startup Time": 139.429, "Actual Total Time": 139.43, "Actual Rows": 1, "Actual Loops": 1, "Plans": [{"Node Type": "Nested Loop", "Parent Relationship": "Outer", "Join Type": "Inner", "Startup Cost": 4.51, "Total Cost": 3399.72, "Plan Rows": 1, "Plan Width": 48, "Actual Startup Time": 9.73, "Actual Total Time": 139.398, "Actual Rows": 6, "Actual Loops": 1, "Inner Unique": true, "Join Filter": "(mk.movie_id = t.id)", "Rows Removed by Join Filter": 0, "Plans": [{"Node Type": "Nested Loop", "Parent Relationship": "Outer", "Join Type": "Inner", "Startup Cost": 4.51, "Total Cost": 3399.43, "Plan Rows": 1, "Plan Width": 39, "Actual Startup Time": 9.698, "Actual Total Time": 139.332, "Actual Rows": 6, "Actual Loops": 1, "Inner Unique": true, "Plans": [{"Node Type": "Nested Loop", "Parent Relationship": "Outer", "Join Type": "Inner", "Startup Cost": 4.51, "Total Cost": 3340.87, "Plan Rows": 202, "Plan Width": 28, "Actual Startup Time": 8.151, "Actual Total Time": 132.477, "Actual Rows": 1242, "Actual Loops": 1, "Inner Unique": false, "Plans": [{"Node Type": "Nested Loop", "Parent Relationship": "Outer", "Join Type": "Inner", "Startup Cost": 4.51, "Total Cost": 3315.63, "Plan Rows": 33, "Plan Width": 20, "Actual Startup Time": 8.136, "Actual Total Time": 130.28, "Actual Rows": 14, "Actual Loops": 1, "Inner Unique": false, "Plans": [{"Node Type": "Index Scan", "Parent Relationship": "Outer", "Scan Direction": "Forward", "Index Name": "keyword_pkey", "Relation Name": "keyword", "Alias": "k", "Startup Cost": 0.0, "Total Cost": 3182.72, "Plan Rows": 1, "Plan Width": 20, "Actual Startup Time": 8.1, "Actual Total Time": 130.203, "Actual Rows": 1, "Actual Loops": 1, "Filter": "((keyword)::text = 'marvel-cinematic-universe'::text)", "Rows Removed by Filter": 134168}, {"Node Type": "Bitmap Heap Scan", "Parent Relationship": "Inner", "Relation Name": "movie_keyword", "Alias": "mk", "Startup Cost": 4.51, "Total Cost": 132.58, "Plan Rows": 33, "Plan Width": 8, "Actual Startup Time": 0.027, "Actual Total Time": 0.057, "Actual Rows": 14, "Actual Loops": 1, "Recheck Cond": "(keyword_id = k.id)", "Rows Removed by Index Recheck": 0, "Exact Heap Blocks": 13, "Lossy Heap Blocks": 13, "Plans": [{"Node Type": "Bitmap Index Scan", "Parent Relationship": "Outer", "Index Name": "keyword_id_movie_keyword", "Startup Cost": 0.0, "Total Cost": 4.5, "Plan Rows": 33, "Plan Width": 0, "Actual Startup Time": 0.016, "Actual Total Time": 0.016, "Actual Rows": 14, "Actual Loops": 1, "Index Cond": "(keyword_id = k.id)"}]}]}, {"Node Type": "Index Scan", "Parent Relationship": "Inner", "Scan Direction": "Forward", "Index Name": "movie_id_cast_info", "Relation Name": "cast_info", "Alias": "ci", "Startup Cost": 0.0, "Total Cost": 0.7, "Plan Rows": 6, "Plan Width": 8, "Actual Startup Time": 0.164, "Actual Total Time": 1.871, "Actual Rows": 1242, "Actual Loops": 14, "Index Cond": "(movie_id = mk.movie_id)", "Rows Removed by Index Recheck": 0}]}, {"Node Type": "Index Scan", "Parent Relationship": "Inner", "Scan Direction": "Forward", "Index Name": "name_pkey", "Relation Name": "name", "Alias": "n", "Startup Cost": 0.0, "Total Cost": 0.28, "Plan Rows": 1, "Plan Width": 19, "Actual Startup Time": 6.215, "Actual Total Time": 6.215, "Actual Rows": 6, "Actual Loops": 1242, "Index Cond": "(id = ci.person_id)", "Rows Removed by Index Recheck": 0, "Filter": "((name)::text ~~ '%Downey%Robert%'::text)", "Rows Removed by Filter": 1236}]}, {"Node Type": "Index Scan", "Parent Relationship": "Inner", "Scan Direction": "Forward", "Index Name": "title_pkey", "Relation Name": "title", "Alias": "t", "Startup Cost": 0.0, "Total Cost": 0.28, "Plan Rows": 1, "Plan Width": 21, "Actual Startup Time": 0.046, "Actual Total Time": 0.046, "Actual Rows": 6, "Actual Loops": 6, "Index Cond": "(id = ci.movie_id)", "Rows Removed by Index Recheck": 0, "Filter": "(production_year > 2010)", "Rows Removed by Filter": 0}]}]}, "Triggers": [], "Planner Runtime": 8.292, "Total Runtime": 139.725, "Unique SQL Id": 4208751436}}, "(64, '98')": {"explain_plan": {"Plan": {"Node Type": "Aggregate", "Strategy": "Plain", "Startup Cost": 3589.09, "Total Cost": 3589.1, "Plan Rows": 1, "Plan Width": 144, "Plans": [{"Node Type": "Nested Loop", "Parent Relationship": "Outer", "Join Type": "Inner", "Startup Cost": 5.44, "Total Cost": 3589.09, "Plan Rows": 1, "Plan Width": 48, "Inner Unique": true, "Join Filter": "(mk.movie_id = t.id)", "Plans": [{"Node Type": "Nested Loop", "Parent Relationship": "Outer", "Join Type": "Inner", "Startup Cost": 5.19, "Total Cost": 3584.8, "Plan Rows": 1, "Plan Width": 39, "Inner Unique": true, "Plans": [{"Node Type": "Nested Loop", "Parent Relationship": "Outer", "Join Type": "Inner", "Startup Cost": 4.93, "Total Cost": 2719.34, "Plan Rows": 202, "Plan Width": 28, "Inner Unique": false, "Plans": [{"Node Type": "Nested Loop", "Parent Relationship": "Outer", "Join Type": "Inner", "Startup Cost": 4.51, "Total Cost": 2569.02, "Plan Rows": 33, "Plan Width": 20, "Inner Unique": false, "Plans": [{"Node Type": "Seq Scan", "Parent Relationship": "Outer", "Relation Name": "keyword", "Alias": "k", "Startup Cost": 0.0, "Total Cost": 2436.11, "Plan Rows": 1, "Plan Width": 20, "Filter": "((keyword)::text = 'marvel-cinematic-universe'::text)"}, {"Node Type": "Bitmap Heap Scan", "Parent Relationship": "Inner", "Relation Name": "movie_keyword", "Alias": "mk", "Startup Cost": 4.51, "Total Cost": 132.58, "Plan Rows": 33, "Plan Width": 8, "Recheck Cond": "(keyword_id = k.id)", "Plans": [{"Node Type": "Bitmap Index Scan", "Parent Relationship": "Outer", "Index Name": "keyword_id_movie_keyword", "Startup Cost": 0.0, "Total Cost": 4.5, "Plan Rows": 33, "Plan Width": 0, "Index Cond": "(keyword_id = k.id)"}]}]}, {"Node Type": "Bitmap Heap Scan", "Parent Relationship": "Inner", "Relation Name": "cast_info", "Alias": "ci", "Startup Cost": 0.42, "Total Cost": 4.49, "Plan Rows": 6, "Plan Width": 8, "Recheck Cond": "(movie_id = mk.movie_id)", "Plans": [{"Node Type": "Bitmap Index Scan", "Parent Relationship": "Outer", "Index Name": "movie_id_cast_info", "Startup Cost": 0.0, "Total Cost": 0.42, "Plan Rows": 6, "Plan Width": 0, "Index Cond": "(movie_id = mk.movie_id)"}]}]}, {"Node Type": "Bitmap Heap Scan", "Parent Relationship": "Inner", "Relation Name": "name", "Alias": "n", "Startup Cost": 0.26, "Total Cost": 4.27, "Plan Rows": 1, "Plan Width": 19, "Recheck Cond": "(id = ci.person_id)", "Filter": "((name)::text ~~ '%Downey%Robert%'::text)", "Plans": [{"Node Type": "Bitmap Index Scan", "Parent Relationship": "Outer", "Index Name": "name_pkey", "Startup Cost": 0.0, "Total Cost": 0.26, "Plan Rows": 1, "Plan Width": 0, "Index Cond": "(id = ci.person_id)"}]}]}, {"Node Type": "Bitmap Heap Scan", "Parent Relationship": "Inner", "Relation Name": "title", "Alias": "t", "Startup Cost": 0.26, "Total Cost": 4.27, "Plan Rows": 1, "Plan Width": 21, "Recheck Cond": "(id = ci.movie_id)", "Filter": "(production_year > 2010)", "Plans": [{"Node Type": "Bitmap Index Scan", "Parent Relationship": "Outer", "Index Name": "title_pkey", "Startup Cost": 0.0, "Total Cost": 0.26, "Plan Rows": 1, "Plan Width": 0, "Index Cond": "(id = ci.movie_id)"}]}]}]}, "Unique SQL Id": 4208751436, "Planner Runtime": 6}, "explain_analyze_plan": {"Plan": {"Node Type": "Aggregate", "Strategy": "Plain", "Startup Cost": 3589.09, "Total Cost": 3589.1, "Plan Rows": 1, "Plan Width": 144, "Actual Startup Time": 56.399, "Actual Total Time": 56.4, "Actual Rows": 1, "Actual Loops": 1, "Plans": [{"Node Type": "Nested Loop", "Parent Relationship": "Outer", "Join Type": "Inner", "Startup Cost": 5.44, "Total Cost": 3589.09, "Plan Rows": 1, "Plan Width": 48, "Actual Startup Time": 3.751, "Actual Total Time": 56.357, "Actual Rows": 6, "Actual Loops": 1, "Inner Unique": true, "Join Filter": "(mk.movie_id = t.id)", "Rows Removed by Join Filter": 0, "Plans": [{"Node Type": "Nested Loop", "Parent Relationship": "Outer", "Join Type": "Inner", "Startup Cost": 5.19, "Total Cost": 3584.8, "Plan Rows": 1, "Plan Width": 39, "Actual Startup Time": 3.731, "Actual Total Time": 56.287, "Actual Rows": 6, "Actual Loops": 1, "Inner Unique": true, "Plans": [{"Node Type": "Nested Loop", "Parent Relationship": "Outer", "Join Type": "Inner", "Startup Cost": 4.93, "Total Cost": 2719.34, "Plan Rows": 202, "Plan Width": 28, "Actual Startup Time": 1.193, "Actual Total Time": 46.267, "Actual Rows": 1242, "Actual Loops": 1, "Inner Unique": false, "Plans": [{"Node Type": "Nested Loop", "Parent Relationship": "Outer", "Join Type": "Inner", "Startup Cost": 4.51, "Total Cost": 2569.02, "Plan Rows": 33, "Plan Width": 20, "Actual Startup Time": 1.162, "Actual Total Time": 42.805, "Actual Rows": 14, "Actual Loops": 1, "Inner Unique": false, "Plans": [{"Node Type": "Seq Scan", "Parent Relationship": "Outer", "Relation Name": "keyword", "Alias": "k", "Startup Cost": 0.0, "Total Cost": 2436.11, "Plan Rows": 1, "Plan Width": 20, "Actual Startup Time": 1.113, "Actual Total Time": 42.716, "Actual Rows": 1, "Actual Loops": 1, "Filter": "((keyword)::text = 'marvel-cinematic-universe'::text)", "Rows Removed by Filter": 134168}, {"Node Type": "Bitmap Heap Scan", "Parent Relationship": "Inner", "Relation Name": "movie_keyword", "Alias": "mk", "Startup Cost": 4.51, "Total Cost": 132.58, "Plan Rows": 33, "Plan Width": 8, "Actual Startup Time": 0.042, "Actual Total Time": 0.073, "Actual Rows": 14, "Actual Loops": 1, "Recheck Cond": "(keyword_id = k.id)", "Rows Removed by Index Recheck": 0, "Exact Heap Blocks": 13, "Lossy Heap Blocks": 13, "Plans": [{"Node Type": "Bitmap Index Scan", "Parent Relationship": "Outer", "Index Name": "keyword_id_movie_keyword", "Startup Cost": 0.0, "Total Cost": 4.5, "Plan Rows": 33, "Plan Width": 0, "Actual Startup Time": 0.025, "Actual Total Time": 0.025, "Actual Rows": 14, "Actual Loops": 1, "Index Cond": "(keyword_id = k.id)"}]}]}, {"Node Type": "Bitmap Heap Scan", "Parent Relationship": "Inner", "Relation Name": "cast_info", "Alias": "ci", "Startup Cost": 0.42, "Total Cost": 4.49, "Plan Rows": 6, "Plan Width": 8, "Actual Startup Time": 0.65, "Actual Total Time": 3.078, "Actual Rows": 1242, "Actual Loops": 14, "Recheck Cond": "(movie_id = mk.movie_id)", "Rows Removed by Index Recheck": 0, "Exact Heap Blocks": 1184, "Lossy Heap Blocks": 1184, "Plans": [{"Node Type": "Bitmap Index Scan", "Parent Relationship": "Outer", "Index Name": "movie_id_cast_info", "Startup Cost": 0.0, "Total Cost": 0.42, "Plan Rows": 6, "Plan Width": 0, "Actual Startup Time": 0.428, "Actual Total Time": 0.428, "Actual Rows": 1242, "Actual Loops": 14, "Index Cond": "(movie_id = mk.movie_id)"}]}]}, {"Node Type": "Bitmap Heap Scan", "Parent Relationship": "Inner", "Relation Name": "name", "Alias": "n", "Startup Cost": 0.26, "Total Cost": 4.27, "Plan Rows": 1, "Plan Width": 19, "Actual Startup Time": 8.61, "Actual Total Time": 8.61, "Actual Rows": 6, "Actual Loops": 1242, "Recheck Cond": "(id = ci.person_id)", "Rows Removed by Index Recheck": 0, "Filter": "((name)::text ~~ '%Downey%Robert%'::text)", "Rows Removed by Filter": 1236, "Exact Heap Blocks": 1242, "Lossy Heap Blocks": 1242, "Plans": [{"Node Type": "Bitmap Index Scan", "Parent Relationship": "Outer", "Index Name": "name_pkey", "Startup Cost": 0.0, "Total Cost": 0.26, "Plan Rows": 1, "Plan Width": 0, "Actual Startup Time": 5.106, "Actual Total Time": 5.106, "Actual Rows": 1242, "Actual Loops": 1242, "Index Cond": "(id = ci.person_id)"}]}]}, {"Node Type": "Bitmap Heap Scan", "Parent Relationship": "Inner", "Relation Name": "title", "Alias": "t", "Startup Cost": 0.26, "Total Cost": 4.27, "Plan Rows": 1, "Plan Width": 21, "Actual Startup Time": 0.052, "Actual Total Time": 0.052, "Actual Rows": 6, "Actual Loops": 6, "Recheck Cond": "(id = ci.movie_id)", "Rows Removed by Index Recheck": 0, "Filter": "(production_year > 2010)", "Rows Removed by Filter": 0, "Exact Heap Blocks": 6, "Lossy Heap Blocks": 6, "Plans": [{"Node Type": "Bitmap Index Scan", "Parent Relationship": "Outer", "Index Name": "title_pkey", "Startup Cost": 0.0, "Total Cost": 0.26, "Plan Rows": 1, "Plan Width": 0, "Actual Startup Time": 0.029, "Actual Total Time": 0.029, "Actual Rows": 6, "Actual Loops": 6, "Index Cond": "(id = ci.movie_id)"}]}]}]}, "Triggers": [], "Planner Runtime": 6.887, "Total Runtime": 56.702, "Unique SQL Id": 4208751436}}, "(64, '99')": {"explain_plan": {"Plan": {"Node Type": "Aggregate", "Strategy": "Plain", "Startup Cost": 4308.19, "Total Cost": 4308.2, "Plan Rows": 1, "Plan Width": 144, "Plans": [{"Node Type": "Nested Loop", "Parent Relationship": "Outer", "Join Type": "Inner", "Startup Cost": 724.54, "Total Cost": 4308.18, "Plan Rows": 1, "Plan Width": 48, "Inner Unique": true, "Join Filter": "(mk.movie_id = t.id)", "Plans": [{"Node Type": "Nested Loop", "Parent Relationship": "Outer", "Join Type": "Inner", "Startup Cost": 724.28, "Total Cost": 4303.89, "Plan Rows": 1, "Plan Width": 39, "Inner Unique": true, "Plans": [{"Node Type": "Nested Loop", "Parent Relationship": "Outer", "Join Type": "Inner", "Startup Cost": 724.02, "Total Cost": 3438.43, "Plan Rows": 202, "Plan Width": 28, "Inner Unique": false, "Plans": [{"Node Type": "Nested Loop", "Parent Relationship": "Outer", "Join Type": "Inner", "Startup Cost": 723.6, "Total Cost": 3288.12, "Plan Rows": 33, "Plan Width": 20, "Inner Unique": false, "Plans": [{"Node Type": "Bitmap Heap Scan", "Parent Relationship": "Outer", "Relation Name": "keyword", "Alias": "k", "Startup Cost": 719.1, "Total Cost": 3155.21, "Plan Rows": 1, "Plan Width": 20, "Filter": "((keyword)::text = 'marvel-cinematic-universe'::text)", "Plans": [{"Node Type": "Bitmap Index Scan", "Parent Relationship": "Outer", "Index Name": "keyword_pkey", "Startup Cost": 0.0, "Total Cost": 719.1, "Plan Rows": 134169, "Plan Width": 0}]}, {"Node Type": "Bitmap Heap Scan", "Parent Relationship": "Inner", "Relation Name": "movie_keyword", "Alias": "mk", "Startup Cost": 4.51, "Total Cost": 132.58, "Plan Rows": 33, "Plan Width": 8, "Recheck Cond": "(keyword_id = k.id)", "Plans": [{"Node Type": "Bitmap Index Scan", "Parent Relationship": "Outer", "Index Name": "keyword_id_movie_keyword", "Startup Cost": 0.0, "Total Cost": 4.5, "Plan Rows": 33, "Plan Width": 0, "Index Cond": "(keyword_id = k.id)"}]}]}, {"Node Type": "Bitmap Heap Scan", "Parent Relationship": "Inner", "Relation Name": "cast_info", "Alias": "ci", "Startup Cost": 0.42, "Total Cost": 4.49, "Plan Rows": 6, "Plan Width": 8, "Recheck Cond": "(movie_id = mk.movie_id)", "Plans": [{"Node Type": "Bitmap Index Scan", "Parent Relationship": "Outer", "Index Name": "movie_id_cast_info", "Startup Cost": 0.0, "Total Cost": 0.42, "Plan Rows": 6, "Plan Width": 0, "Index Cond": "(movie_id = mk.movie_id)"}]}]}, {"Node Type": "Bitmap Heap Scan", "Parent Relationship": "Inner", "Relation Name": "name", "Alias": "n", "Startup Cost": 0.26, "Total Cost": 4.27, "Plan Rows": 1, "Plan Width": 19, "Recheck Cond": "(id = ci.person_id)", "Filter": "((name)::text ~~ '%Downey%Robert%'::text)", "Plans": [{"Node Type": "Bitmap Index Scan", "Parent Relationship": "Outer", "Index Name": "name_pkey", "Startup Cost": 0.0, "Total Cost": 0.26, "Plan Rows": 1, "Plan Width": 0, "Index Cond": "(id = ci.person_id)"}]}]}, {"Node Type": "Bitmap Heap Scan", "Parent Relationship": "Inner", "Relation Name": "title", "Alias": "t", "Startup Cost": 0.26, "Total Cost": 4.27, "Plan Rows": 1, "Plan Width": 21, "Recheck Cond": "(id = ci.movie_id)", "Filter": "(production_year > 2010)", "Plans": [{"Node Type": "Bitmap Index Scan", "Parent Relationship": "Outer", "Index Name": "title_pkey", "Startup Cost": 0.0, "Total Cost": 0.26, "Plan Rows": 1, "Plan Width": 0, "Index Cond": "(id = ci.movie_id)"}]}]}]}, "Unique SQL Id": 4208751436, "Planner Runtime": 2}, "explain_analyze_plan": {"Plan": {"Node Type": "Aggregate", "Strategy": "Plain", "Startup Cost": 4308.19, "Total Cost": 4308.2, "Plan Rows": 1, "Plan Width": 144, "Actual Startup Time": 76.71, "Actual Total Time": 76.711, "Actual Rows": 1, "Actual Loops": 1, "Plans": [{"Node Type": "Nested Loop", "Parent Relationship": "Outer", "Join Type": "Inner", "Startup Cost": 724.54, "Total Cost": 4308.18, "Plan Rows": 1, "Plan Width": 48, "Actual Startup Time": 14.836, "Actual Total Time": 76.674, "Actual Rows": 6, "Actual Loops": 1, "Inner Unique": true, "Join Filter": "(mk.movie_id = t.id)", "Rows Removed by Join Filter": 0, "Plans": [{"Node Type": "Nested Loop", "Parent Relationship": "Outer", "Join Type": "Inner", "Startup Cost": 724.28, "Total Cost": 4303.89, "Plan Rows": 1, "Plan Width": 39, "Actual Startup Time": 14.813, "Actual Total Time": 76.604, "Actual Rows": 6, "Actual Loops": 1, "Inner Unique": true, "Plans": [{"Node Type": "Nested Loop", "Parent Relationship": "Outer", "Join Type": "Inner", "Startup Cost": 724.02, "Total Cost": 3438.43, "Plan Rows": 202, "Plan Width": 28, "Actual Startup Time": 12.392, "Actual Total Time": 66.845, "Actual Rows": 1242, "Actual Loops": 1, "Inner Unique": false, "Plans": [{"Node Type": "Nested Loop", "Parent Relationship": "Outer", "Join Type": "Inner", "Startup Cost": 723.6, "Total Cost": 3288.12, "Plan Rows": 33, "Plan Width": 20, "Actual Startup Time": 12.361, "Actual Total Time": 63.474, "Actual Rows": 14, "Actual Loops": 1, "Inner Unique": false, "Plans": [{"Node Type": "Bitmap Heap Scan", "Parent Relationship": "Outer", "Relation Name": "keyword", "Alias": "k", "Startup Cost": 719.1, "Total Cost": 3155.21, "Plan Rows": 1, "Plan Width": 20, "Actual Startup Time": 12.321, "Actual Total Time": 63.397, "Actual Rows": 1, "Actual Loops": 1, "Filter": "((keyword)::text = 'marvel-cinematic-universe'::text)", "Rows Removed by Filter": 134168, "Exact Heap Blocks": 759, "Lossy Heap Blocks": 759, "Plans": [{"Node Type": "Bitmap Index Scan", "Parent Relationship": "Outer", "Index Name": "keyword_pkey", "Startup Cost": 0.0, "Total Cost": 719.1, "Plan Rows": 134169, "Plan Width": 0, "Actual Startup Time": 10.793, "Actual Total Time": 10.793, "Actual Rows": 134169, "Actual Loops": 1}]}, {"Node Type": "Bitmap Heap Scan", "Parent Relationship": "Inner", "Relation Name": "movie_keyword", "Alias": "mk", "Startup Cost": 4.51, "Total Cost": 132.58, "Plan Rows": 33, "Plan Width": 8, "Actual Startup Time": 0.029, "Actual Total Time": 0.058, "Actual Rows": 14, "Actual Loops": 1, "Recheck Cond": "(keyword_id = k.id)", "Rows Removed by Index Recheck": 0, "Exact Heap Blocks": 13, "Lossy Heap Blocks": 13, "Plans": [{"Node Type": "Bitmap Index Scan", "Parent Relationship": "Outer", "Index Name": "keyword_id_movie_keyword", "Startup Cost": 0.0, "Total Cost": 4.5, "Plan Rows": 33, "Plan Width": 0, "Actual Startup Time": 0.02, "Actual Total Time": 0.02, "Actual Rows": 14, "Actual Loops": 1, "Index Cond": "(keyword_id = k.id)"}]}]}, {"Node Type": "Bitmap Heap Scan", "Parent Relationship": "Inner", "Relation Name": "cast_info", "Alias": "ci", "Startup Cost": 0.42, "Total Cost": 4.49, "Plan Rows": 6, "Plan Width": 8, "Actual Startup Time": 0.642, "Actual Total Time": 3.025, "Actual Rows": 1242, "Actual Loops": 14, "Recheck Cond": "(movie_id = mk.movie_id)", "Rows Removed by Index Recheck": 0, "Exact Heap Blocks": 1184, "Lossy Heap Blocks": 1184, "Plans": [{"Node Type": "Bitmap Index Scan", "Parent Relationship": "Outer", "Index Name": "movie_id_cast_info", "Startup Cost": 0.0, "Total Cost": 0.42, "Plan Rows": 6, "Plan Width": 0, "Actual Startup Time": 0.417, "Actual Total Time": 0.417, "Actual Rows": 1242, "Actual Loops": 14, "Index Cond": "(movie_id = mk.movie_id)"}]}]}, {"Node Type": "Bitmap Heap Scan", "Parent Relationship": "Inner", "Relation Name": "name", "Alias": "n", "Startup Cost": 0.26, "Total Cost": 4.27, "Plan Rows": 1, "Plan Width": 19, "Actual Startup Time": 8.355, "Actual Total Time": 8.355, "Actual Rows": 6, "Actual Loops": 1242, "Recheck Cond": "(id = ci.person_id)", "Rows Removed by Index Recheck": 0, "Filter": "((name)::text ~~ '%Downey%Robert%'::text)", "Rows Removed by Filter": 1236, "Exact Heap Blocks": 1242, "Lossy Heap Blocks": 1242, "Plans": [{"Node Type": "Bitmap Index Scan", "Parent Relationship": "Outer", "Index Name": "name_pkey", "Startup Cost": 0.0, "Total Cost": 0.26, "Plan Rows": 1, "Plan Width": 0, "Actual Startup Time": 4.979, "Actual Total Time": 4.979, "Actual Rows": 1242, "Actual Loops": 1242, "Index Cond": "(id = ci.person_id)"}]}]}, {"Node Type": "Bitmap Heap Scan", "Parent Relationship": "Inner", "Relation Name": "title", "Alias": "t", "Startup Cost": 0.26, "Total Cost": 4.27, "Plan Rows": 1, "Plan Width": 21, "Actual Startup Time": 0.051, "Actual Total Time": 0.051, "Actual Rows": 6, "Actual Loops": 6, "Recheck Cond": "(id = ci.movie_id)", "Rows Removed by Index Recheck": 0, "Filter": "(production_year > 2010)", "Rows Removed by Filter": 0, "Exact Heap Blocks": 6, "Lossy Heap Blocks": 6, "Plans": [{"Node Type": "Bitmap Index Scan", "Parent Relationship": "Outer", "Index Name": "title_pkey", "Startup Cost": 0.0, "Total Cost": 0.26, "Plan Rows": 1, "Plan Width": 0, "Actual Startup Time": 0.027, "Actual Total Time": 0.027, "Actual Rows": 6, "Actual Loops": 6, "Index Cond": "(id = ci.movie_id)"}]}]}]}, "Triggers": [], "Planner Runtime": 2.692, "Total Runtime": 77.002, "Unique SQL Id": 4208751436}}, "(64, '100')": {"explain_plan": {"Plan": {"Node Type": "Aggregate", "Strategy": "Plain", "Startup Cost": 2653.12, "Total Cost": 2653.13, "Plan Rows": 1, "Plan Width": 144, "Plans": [{"Node Type": "Nested Loop", "Parent Relationship": "Outer", "Join Type": "Inner", "Startup Cost": 4.51, "Total Cost": 2653.12, "Plan Rows": 1, "Plan Width": 48, "Inner Unique": true, "Join Filter": "(mk.movie_id = t.id)", "Plans": [{"Node Type": "Nested Loop", "Parent Relationship": "Outer", "Join Type": "Inner", "Startup Cost": 4.51, "Total Cost": 2652.83, "Plan Rows": 1, "Plan Width": 39, "Inner Unique": true, "Plans": [{"Node Type": "Nested Loop", "Parent Relationship": "Outer", "Join Type": "Inner", "Startup Cost": 4.51, "Total Cost": 2594.27, "Plan Rows": 202, "Plan Width": 28, "Inner Unique": false, "Plans": [{"Node Type": "Nested Loop", "Parent Relationship": "Outer", "Join Type": "Inner", "Startup Cost": 4.51, "Total Cost": 2569.02, "Plan Rows": 33, "Plan Width": 20, "Inner Unique": false, "Plans": [{"Node Type": "Seq Scan", "Parent Relationship": "Outer", "Relation Name": "keyword", "Alias": "k", "Startup Cost": 0.0, "Total Cost": 2436.11, "Plan Rows": 1, "Plan Width": 20, "Filter": "((keyword)::text = 'marvel-cinematic-universe'::text)"}, {"Node Type": "Bitmap Heap Scan", "Parent Relationship": "Inner", "Relation Name": "movie_keyword", "Alias": "mk", "Startup Cost": 4.51, "Total Cost": 132.58, "Plan Rows": 33, "Plan Width": 8, "Recheck Cond": "(keyword_id = k.id)", "Plans": [{"Node Type": "Bitmap Index Scan", "Parent Relationship": "Outer", "Index Name": "keyword_id_movie_keyword", "Startup Cost": 0.0, "Total Cost": 4.5, "Plan Rows": 33, "Plan Width": 0, "Index Cond": "(keyword_id = k.id)"}]}]}, {"Node Type": "Index Scan", "Parent Relationship": "Inner", "Scan Direction": "Forward", "Index Name": "movie_id_cast_info", "Relation Name": "cast_info", "Alias": "ci", "Startup Cost": 0.0, "Total Cost": 0.7, "Plan Rows": 6, "Plan Width": 8, "Index Cond": "(movie_id = mk.movie_id)"}]}, {"Node Type": "Index Scan", "Parent Relationship": "Inner", "Scan Direction": "Forward", "Index Name": "name_pkey", "Relation Name": "name", "Alias": "n", "Startup Cost": 0.0, "Total Cost": 0.28, "Plan Rows": 1, "Plan Width": 19, "Index Cond": "(id = ci.person_id)", "Filter": "((name)::text ~~ '%Downey%Robert%'::text)"}]}, {"Node Type": "Index Scan", "Parent Relationship": "Inner", "Scan Direction": "Forward", "Index Name": "title_pkey", "Relation Name": "title", "Alias": "t", "Startup Cost": 0.0, "Total Cost": 0.28, "Plan Rows": 1, "Plan Width": 21, "Index Cond": "(id = ci.movie_id)", "Filter": "(production_year > 2010)"}]}]}, "Unique SQL Id": 4208751436, "Planner Runtime": 5}, "explain_analyze_plan": {"Plan": {"Node Type": "Aggregate", "Strategy": "Plain", "Startup Cost": 2653.12, "Total Cost": 2653.13, "Plan Rows": 1, "Plan Width": 144, "Actual Startup Time": 53.108, "Actual Total Time": 53.108, "Actual Rows": 1, "Actual Loops": 1, "Plans": [{"Node Type": "Nested Loop", "Parent Relationship": "Outer", "Join Type": "Inner", "Startup Cost": 4.51, "Total Cost": 2653.12, "Plan Rows": 1, "Plan Width": 48, "Actual Startup Time": 3.077, "Actual Total Time": 53.078, "Actual Rows": 6, "Actual Loops": 1, "Inner Unique": true, "Join Filter": "(mk.movie_id = t.id)", "Rows Removed by Join Filter": 0, "Plans": [{"Node Type": "Nested Loop", "Parent Relationship": "Outer", "Join Type": "Inner", "Startup Cost": 4.51, "Total Cost": 2652.83, "Plan Rows": 1, "Plan Width": 39, "Actual Startup Time": 3.044, "Actual Total Time": 53.008, "Actual Rows": 6, "Actual Loops": 1, "Inner Unique": true, "Plans": [{"Node Type": "Nested Loop", "Parent Relationship": "Outer", "Join Type": "Inner", "Startup Cost": 4.51, "Total Cost": 2594.27, "Plan Rows": 202, "Plan Width": 28, "Actual Startup Time": 1.158, "Actual Total Time": 45.186, "Actual Rows": 1242, "Actual Loops": 1, "Inner Unique": false, "Plans": [{"Node Type": "Nested Loop", "Parent Relationship": "Outer", "Join Type": "Inner", "Startup Cost": 4.51, "Total Cost": 2569.02, "Plan Rows": 33, "Plan Width": 20, "Actual Startup Time": 1.138, "Actual Total Time": 42.528, "Actual Rows": 14, "Actual Loops": 1, "Inner Unique": false, "Plans": [{"Node Type": "Seq Scan", "Parent Relationship": "Outer", "Relation Name": "keyword", "Alias": "k", "Startup Cost": 0.0, "Total Cost": 2436.11, "Plan Rows": 1, "Plan Width": 20, "Actual Startup Time": 1.095, "Actual Total Time": 42.442, "Actual Rows": 1, "Actual Loops": 1, "Filter": "((keyword)::text = 'marvel-cinematic-universe'::text)", "Rows Removed by Filter": 134168}, {"Node Type": "Bitmap Heap Scan", "Parent Relationship": "Inner", "Relation Name": "movie_keyword", "Alias": "mk", "Startup Cost": 4.51, "Total Cost": 132.58, "Plan Rows": 33, "Plan Width": 8, "Actual Startup Time": 0.035, "Actual Total Time": 0.069, "Actual Rows": 14, "Actual Loops": 1, "Recheck Cond": "(keyword_id = k.id)", "Rows Removed by Index Recheck": 0, "Exact Heap Blocks": 13, "Lossy Heap Blocks": 13, "Plans": [{"Node Type": "Bitmap Index Scan", "Parent Relationship": "Outer", "Index Name": "keyword_id_movie_keyword", "Startup Cost": 0.0, "Total Cost": 4.5, "Plan Rows": 33, "Plan Width": 0, "Actual Startup Time": 0.021, "Actual Total Time": 0.021, "Actual Rows": 14, "Actual Loops": 1, "Index Cond": "(keyword_id = k.id)"}]}]}, {"Node Type": "Index Scan", "Parent Relationship": "Inner", "Scan Direction": "Forward", "Index Name": "movie_id_cast_info", "Relation Name": "cast_info", "Alias": "ci", "Startup Cost": 0.0, "Total Cost": 0.7, "Plan Rows": 6, "Plan Width": 8, "Actual Startup Time": 0.192, "Actual Total Time": 2.354, "Actual Rows": 1242, "Actual Loops": 14, "Index Cond": "(movie_id = mk.movie_id)", "Rows Removed by Index Recheck": 0}]}, {"Node Type": "Index Scan", "Parent Relationship": "Inner", "Scan Direction": "Forward", "Index Name": "name_pkey", "Relation Name": "name", "Alias": "n", "Startup Cost": 0.0, "Total Cost": 0.28, "Plan Rows": 1, "Plan Width": 19, "Actual Startup Time": 7.222, "Actual Total Time": 7.222, "Actual Rows": 6, "Actual Loops": 1242, "Index Cond": "(id = ci.person_id)", "Rows Removed by Index Recheck": 0, "Filter": "((name)::text ~~ '%Downey%Robert%'::text)", "Rows Removed by Filter": 1236}]}, {"Node Type": "Index Scan", "Parent Relationship": "Inner", "Scan Direction": "Forward", "Index Name": "title_pkey", "Relation Name": "title", "Alias": "t", "Startup Cost": 0.0, "Total Cost": 0.28, "Plan Rows": 1, "Plan Width": 21, "Actual Startup Time": 0.048, "Actual Total Time": 0.048, "Actual Rows": 6, "Actual Loops": 6, "Index Cond": "(id = ci.movie_id)", "Rows Removed by Index Recheck": 0, "Filter": "(production_year > 2010)", "Rows Removed by Filter": 0}]}]}, "Triggers": [], "Planner Runtime": 9.728, "Total Runtime": 53.358, "Unique SQL Id": 4208751436}}, "(64, '101')": {"explain_plan": {"Plan": {"Node Type": "Aggregate", "Strategy": "Plain", "Startup Cost": 3399.73, "Total Cost": 3399.74, "Plan Rows": 1, "Plan Width": 144, "Plans": [{"Node Type": "Nested Loop", "Parent Relationship": "Outer", "Join Type": "Inner", "Startup Cost": 4.51, "Total Cost": 3399.72, "Plan Rows": 1, "Plan Width": 48, "Inner Unique": true, "Join Filter": "(mk.movie_id = t.id)", "Plans": [{"Node Type": "Nested Loop", "Parent Relationship": "Outer", "Join Type": "Inner", "Startup Cost": 4.51, "Total Cost": 3399.43, "Plan Rows": 1, "Plan Width": 39, "Inner Unique": true, "Plans": [{"Node Type": "Nested Loop", "Parent Relationship": "Outer", "Join Type": "Inner", "Startup Cost": 4.51, "Total Cost": 3340.87, "Plan Rows": 202, "Plan Width": 28, "Inner Unique": false, "Plans": [{"Node Type": "Nested Loop", "Parent Relationship": "Outer", "Join Type": "Inner", "Startup Cost": 4.51, "Total Cost": 3315.63, "Plan Rows": 33, "Plan Width": 20, "Inner Unique": false, "Plans": [{"Node Type": "Index Scan", "Parent Relationship": "Outer", "Scan Direction": "Forward", "Index Name": "keyword_pkey", "Relation Name": "keyword", "Alias": "k", "Startup Cost": 0.0, "Total Cost": 3182.72, "Plan Rows": 1, "Plan Width": 20, "Filter": "((keyword)::text = 'marvel-cinematic-universe'::text)"}, {"Node Type": "Bitmap Heap Scan", "Parent Relationship": "Inner", "Relation Name": "movie_keyword", "Alias": "mk", "Startup Cost": 4.51, "Total Cost": 132.58, "Plan Rows": 33, "Plan Width": 8, "Recheck Cond": "(keyword_id = k.id)", "Plans": [{"Node Type": "Bitmap Index Scan", "Parent Relationship": "Outer", "Index Name": "keyword_id_movie_keyword", "Startup Cost": 0.0, "Total Cost": 4.5, "Plan Rows": 33, "Plan Width": 0, "Index Cond": "(keyword_id = k.id)"}]}]}, {"Node Type": "Index Scan", "Parent Relationship": "Inner", "Scan Direction": "Forward", "Index Name": "movie_id_cast_info", "Relation Name": "cast_info", "Alias": "ci", "Startup Cost": 0.0, "Total Cost": 0.7, "Plan Rows": 6, "Plan Width": 8, "Index Cond": "(movie_id = mk.movie_id)"}]}, {"Node Type": "Index Scan", "Parent Relationship": "Inner", "Scan Direction": "Forward", "Index Name": "name_pkey", "Relation Name": "name", "Alias": "n", "Startup Cost": 0.0, "Total Cost": 0.28, "Plan Rows": 1, "Plan Width": 19, "Index Cond": "(id = ci.person_id)", "Filter": "((name)::text ~~ '%Downey%Robert%'::text)"}]}, {"Node Type": "Index Scan", "Parent Relationship": "Inner", "Scan Direction": "Forward", "Index Name": "title_pkey", "Relation Name": "title", "Alias": "t", "Startup Cost": 0.0, "Total Cost": 0.28, "Plan Rows": 1, "Plan Width": 21, "Index Cond": "(id = ci.movie_id)", "Filter": "(production_year > 2010)"}]}]}, "Unique SQL Id": 4208751436, "Planner Runtime": 4}, "explain_analyze_plan": {"Plan": {"Node Type": "Aggregate", "Strategy": "Plain", "Startup Cost": 3399.73, "Total Cost": 3399.74, "Plan Rows": 1, "Plan Width": 144, "Actual Startup Time": 139.429, "Actual Total Time": 139.43, "Actual Rows": 1, "Actual Loops": 1, "Plans": [{"Node Type": "Nested Loop", "Parent Relationship": "Outer", "Join Type": "Inner", "Startup Cost": 4.51, "Total Cost": 3399.72, "Plan Rows": 1, "Plan Width": 48, "Actual Startup Time": 9.73, "Actual Total Time": 139.398, "Actual Rows": 6, "Actual Loops": 1, "Inner Unique": true, "Join Filter": "(mk.movie_id = t.id)", "Rows Removed by Join Filter": 0, "Plans": [{"Node Type": "Nested Loop", "Parent Relationship": "Outer", "Join Type": "Inner", "Startup Cost": 4.51, "Total Cost": 3399.43, "Plan Rows": 1, "Plan Width": 39, "Actual Startup Time": 9.698, "Actual Total Time": 139.332, "Actual Rows": 6, "Actual Loops": 1, "Inner Unique": true, "Plans": [{"Node Type": "Nested Loop", "Parent Relationship": "Outer", "Join Type": "Inner", "Startup Cost": 4.51, "Total Cost": 3340.87, "Plan Rows": 202, "Plan Width": 28, "Actual Startup Time": 8.151, "Actual Total Time": 132.477, "Actual Rows": 1242, "Actual Loops": 1, "Inner Unique": false, "Plans": [{"Node Type": "Nested Loop", "Parent Relationship": "Outer", "Join Type": "Inner", "Startup Cost": 4.51, "Total Cost": 3315.63, "Plan Rows": 33, "Plan Width": 20, "Actual Startup Time": 8.136, "Actual Total Time": 130.28, "Actual Rows": 14, "Actual Loops": 1, "Inner Unique": false, "Plans": [{"Node Type": "Index Scan", "Parent Relationship": "Outer", "Scan Direction": "Forward", "Index Name": "keyword_pkey", "Relation Name": "keyword", "Alias": "k", "Startup Cost": 0.0, "Total Cost": 3182.72, "Plan Rows": 1, "Plan Width": 20, "Actual Startup Time": 8.1, "Actual Total Time": 130.203, "Actual Rows": 1, "Actual Loops": 1, "Filter": "((keyword)::text = 'marvel-cinematic-universe'::text)", "Rows Removed by Filter": 134168}, {"Node Type": "Bitmap Heap Scan", "Parent Relationship": "Inner", "Relation Name": "movie_keyword", "Alias": "mk", "Startup Cost": 4.51, "Total Cost": 132.58, "Plan Rows": 33, "Plan Width": 8, "Actual Startup Time": 0.027, "Actual Total Time": 0.057, "Actual Rows": 14, "Actual Loops": 1, "Recheck Cond": "(keyword_id = k.id)", "Rows Removed by Index Recheck": 0, "Exact Heap Blocks": 13, "Lossy Heap Blocks": 13, "Plans": [{"Node Type": "Bitmap Index Scan", "Parent Relationship": "Outer", "Index Name": "keyword_id_movie_keyword", "Startup Cost": 0.0, "Total Cost": 4.5, "Plan Rows": 33, "Plan Width": 0, "Actual Startup Time": 0.016, "Actual Total Time": 0.016, "Actual Rows": 14, "Actual Loops": 1, "Index Cond": "(keyword_id = k.id)"}]}]}, {"Node Type": "Index Scan", "Parent Relationship": "Inner", "Scan Direction": "Forward", "Index Name": "movie_id_cast_info", "Relation Name": "cast_info", "Alias": "ci", "Startup Cost": 0.0, "Total Cost": 0.7, "Plan Rows": 6, "Plan Width": 8, "Actual Startup Time": 0.164, "Actual Total Time": 1.871, "Actual Rows": 1242, "Actual Loops": 14, "Index Cond": "(movie_id = mk.movie_id)", "Rows Removed by Index Recheck": 0}]}, {"Node Type": "Index Scan", "Parent Relationship": "Inner", "Scan Direction": "Forward", "Index Name": "name_pkey", "Relation Name": "name", "Alias": "n", "Startup Cost": 0.0, "Total Cost": 0.28, "Plan Rows": 1, "Plan Width": 19, "Actual Startup Time": 6.215, "Actual Total Time": 6.215, "Actual Rows": 6, "Actual Loops": 1242, "Index Cond": "(id = ci.person_id)", "Rows Removed by Index Recheck": 0, "Filter": "((name)::text ~~ '%Downey%Robert%'::text)", "Rows Removed by Filter": 1236}]}, {"Node Type": "Index Scan", "Parent Relationship": "Inner", "Scan Direction": "Forward", "Index Name": "title_pkey", "Relation Name": "title", "Alias": "t", "Startup Cost": 0.0, "Total Cost": 0.28, "Plan Rows": 1, "Plan Width": 21, "Actual Startup Time": 0.046, "Actual Total Time": 0.046, "Actual Rows": 6, "Actual Loops": 6, "Index Cond": "(id = ci.movie_id)", "Rows Removed by Index Recheck": 0, "Filter": "(production_year > 2010)", "Rows Removed by Filter": 0}]}]}, "Triggers": [], "Planner Runtime": 8.292, "Total Runtime": 139.725, "Unique SQL Id": 4208751436}}, "(64, '102')": {"explain_plan": {"Plan": {"Node Type": "Aggregate", "Strategy": "Plain", "Startup Cost": 3589.09, "Total Cost": 3589.1, "Plan Rows": 1, "Plan Width": 144, "Plans": [{"Node Type": "Nested Loop", "Parent Relationship": "Outer", "Join Type": "Inner", "Startup Cost": 5.44, "Total Cost": 3589.09, "Plan Rows": 1, "Plan Width": 48, "Inner Unique": true, "Join Filter": "(mk.movie_id = t.id)", "Plans": [{"Node Type": "Nested Loop", "Parent Relationship": "Outer", "Join Type": "Inner", "Startup Cost": 5.19, "Total Cost": 3584.8, "Plan Rows": 1, "Plan Width": 39, "Inner Unique": true, "Plans": [{"Node Type": "Nested Loop", "Parent Relationship": "Outer", "Join Type": "Inner", "Startup Cost": 4.93, "Total Cost": 2719.34, "Plan Rows": 202, "Plan Width": 28, "Inner Unique": false, "Plans": [{"Node Type": "Nested Loop", "Parent Relationship": "Outer", "Join Type": "Inner", "Startup Cost": 4.51, "Total Cost": 2569.02, "Plan Rows": 33, "Plan Width": 20, "Inner Unique": false, "Plans": [{"Node Type": "Seq Scan", "Parent Relationship": "Outer", "Relation Name": "keyword", "Alias": "k", "Startup Cost": 0.0, "Total Cost": 2436.11, "Plan Rows": 1, "Plan Width": 20, "Filter": "((keyword)::text = 'marvel-cinematic-universe'::text)"}, {"Node Type": "Bitmap Heap Scan", "Parent Relationship": "Inner", "Relation Name": "movie_keyword", "Alias": "mk", "Startup Cost": 4.51, "Total Cost": 132.58, "Plan Rows": 33, "Plan Width": 8, "Recheck Cond": "(keyword_id = k.id)", "Plans": [{"Node Type": "Bitmap Index Scan", "Parent Relationship": "Outer", "Index Name": "keyword_id_movie_keyword", "Startup Cost": 0.0, "Total Cost": 4.5, "Plan Rows": 33, "Plan Width": 0, "Index Cond": "(keyword_id = k.id)"}]}]}, {"Node Type": "Bitmap Heap Scan", "Parent Relationship": "Inner", "Relation Name": "cast_info", "Alias": "ci", "Startup Cost": 0.42, "Total Cost": 4.49, "Plan Rows": 6, "Plan Width": 8, "Recheck Cond": "(movie_id = mk.movie_id)", "Plans": [{"Node Type": "Bitmap Index Scan", "Parent Relationship": "Outer", "Index Name": "movie_id_cast_info", "Startup Cost": 0.0, "Total Cost": 0.42, "Plan Rows": 6, "Plan Width": 0, "Index Cond": "(movie_id = mk.movie_id)"}]}]}, {"Node Type": "Bitmap Heap Scan", "Parent Relationship": "Inner", "Relation Name": "name", "Alias": "n", "Startup Cost": 0.26, "Total Cost": 4.27, "Plan Rows": 1, "Plan Width": 19, "Recheck Cond": "(id = ci.person_id)", "Filter": "((name)::text ~~ '%Downey%Robert%'::text)", "Plans": [{"Node Type": "Bitmap Index Scan", "Parent Relationship": "Outer", "Index Name": "name_pkey", "Startup Cost": 0.0, "Total Cost": 0.26, "Plan Rows": 1, "Plan Width": 0, "Index Cond": "(id = ci.person_id)"}]}]}, {"Node Type": "Bitmap Heap Scan", "Parent Relationship": "Inner", "Relation Name": "title", "Alias": "t", "Startup Cost": 0.26, "Total Cost": 4.27, "Plan Rows": 1, "Plan Width": 21, "Recheck Cond": "(id = ci.movie_id)", "Filter": "(production_year > 2010)", "Plans": [{"Node Type": "Bitmap Index Scan", "Parent Relationship": "Outer", "Index Name": "title_pkey", "Startup Cost": 0.0, "Total Cost": 0.26, "Plan Rows": 1, "Plan Width": 0, "Index Cond": "(id = ci.movie_id)"}]}]}]}, "Unique SQL Id": 4208751436, "Planner Runtime": 6}, "explain_analyze_plan": {"Plan": {"Node Type": "Aggregate", "Strategy": "Plain", "Startup Cost": 3589.09, "Total Cost": 3589.1, "Plan Rows": 1, "Plan Width": 144, "Actual Startup Time": 56.399, "Actual Total Time": 56.4, "Actual Rows": 1, "Actual Loops": 1, "Plans": [{"Node Type": "Nested Loop", "Parent Relationship": "Outer", "Join Type": "Inner", "Startup Cost": 5.44, "Total Cost": 3589.09, "Plan Rows": 1, "Plan Width": 48, "Actual Startup Time": 3.751, "Actual Total Time": 56.357, "Actual Rows": 6, "Actual Loops": 1, "Inner Unique": true, "Join Filter": "(mk.movie_id = t.id)", "Rows Removed by Join Filter": 0, "Plans": [{"Node Type": "Nested Loop", "Parent Relationship": "Outer", "Join Type": "Inner", "Startup Cost": 5.19, "Total Cost": 3584.8, "Plan Rows": 1, "Plan Width": 39, "Actual Startup Time": 3.731, "Actual Total Time": 56.287, "Actual Rows": 6, "Actual Loops": 1, "Inner Unique": true, "Plans": [{"Node Type": "Nested Loop", "Parent Relationship": "Outer", "Join Type": "Inner", "Startup Cost": 4.93, "Total Cost": 2719.34, "Plan Rows": 202, "Plan Width": 28, "Actual Startup Time": 1.193, "Actual Total Time": 46.267, "Actual Rows": 1242, "Actual Loops": 1, "Inner Unique": false, "Plans": [{"Node Type": "Nested Loop", "Parent Relationship": "Outer", "Join Type": "Inner", "Startup Cost": 4.51, "Total Cost": 2569.02, "Plan Rows": 33, "Plan Width": 20, "Actual Startup Time": 1.162, "Actual Total Time": 42.805, "Actual Rows": 14, "Actual Loops": 1, "Inner Unique": false, "Plans": [{"Node Type": "Seq Scan", "Parent Relationship": "Outer", "Relation Name": "keyword", "Alias": "k", "Startup Cost": 0.0, "Total Cost": 2436.11, "Plan Rows": 1, "Plan Width": 20, "Actual Startup Time": 1.113, "Actual Total Time": 42.716, "Actual Rows": 1, "Actual Loops": 1, "Filter": "((keyword)::text = 'marvel-cinematic-universe'::text)", "Rows Removed by Filter": 134168}, {"Node Type": "Bitmap Heap Scan", "Parent Relationship": "Inner", "Relation Name": "movie_keyword", "Alias": "mk", "Startup Cost": 4.51, "Total Cost": 132.58, "Plan Rows": 33, "Plan Width": 8, "Actual Startup Time": 0.042, "Actual Total Time": 0.073, "Actual Rows": 14, "Actual Loops": 1, "Recheck Cond": "(keyword_id = k.id)", "Rows Removed by Index Recheck": 0, "Exact Heap Blocks": 13, "Lossy Heap Blocks": 13, "Plans": [{"Node Type": "Bitmap Index Scan", "Parent Relationship": "Outer", "Index Name": "keyword_id_movie_keyword", "Startup Cost": 0.0, "Total Cost": 4.5, "Plan Rows": 33, "Plan Width": 0, "Actual Startup Time": 0.025, "Actual Total Time": 0.025, "Actual Rows": 14, "Actual Loops": 1, "Index Cond": "(keyword_id = k.id)"}]}]}, {"Node Type": "Bitmap Heap Scan", "Parent Relationship": "Inner", "Relation Name": "cast_info", "Alias": "ci", "Startup Cost": 0.42, "Total Cost": 4.49, "Plan Rows": 6, "Plan Width": 8, "Actual Startup Time": 0.65, "Actual Total Time": 3.078, "Actual Rows": 1242, "Actual Loops": 14, "Recheck Cond": "(movie_id = mk.movie_id)", "Rows Removed by Index Recheck": 0, "Exact Heap Blocks": 1184, "Lossy Heap Blocks": 1184, "Plans": [{"Node Type": "Bitmap Index Scan", "Parent Relationship": "Outer", "Index Name": "movie_id_cast_info", "Startup Cost": 0.0, "Total Cost": 0.42, "Plan Rows": 6, "Plan Width": 0, "Actual Startup Time": 0.428, "Actual Total Time": 0.428, "Actual Rows": 1242, "Actual Loops": 14, "Index Cond": "(movie_id = mk.movie_id)"}]}]}, {"Node Type": "Bitmap Heap Scan", "Parent Relationship": "Inner", "Relation Name": "name", "Alias": "n", "Startup Cost": 0.26, "Total Cost": 4.27, "Plan Rows": 1, "Plan Width": 19, "Actual Startup Time": 8.61, "Actual Total Time": 8.61, "Actual Rows": 6, "Actual Loops": 1242, "Recheck Cond": "(id = ci.person_id)", "Rows Removed by Index Recheck": 0, "Filter": "((name)::text ~~ '%Downey%Robert%'::text)", "Rows Removed by Filter": 1236, "Exact Heap Blocks": 1242, "Lossy Heap Blocks": 1242, "Plans": [{"Node Type": "Bitmap Index Scan", "Parent Relationship": "Outer", "Index Name": "name_pkey", "Startup Cost": 0.0, "Total Cost": 0.26, "Plan Rows": 1, "Plan Width": 0, "Actual Startup Time": 5.106, "Actual Total Time": 5.106, "Actual Rows": 1242, "Actual Loops": 1242, "Index Cond": "(id = ci.person_id)"}]}]}, {"Node Type": "Bitmap Heap Scan", "Parent Relationship": "Inner", "Relation Name": "title", "Alias": "t", "Startup Cost": 0.26, "Total Cost": 4.27, "Plan Rows": 1, "Plan Width": 21, "Actual Startup Time": 0.052, "Actual Total Time": 0.052, "Actual Rows": 6, "Actual Loops": 6, "Recheck Cond": "(id = ci.movie_id)", "Rows Removed by Index Recheck": 0, "Filter": "(production_year > 2010)", "Rows Removed by Filter": 0, "Exact Heap Blocks": 6, "Lossy Heap Blocks": 6, "Plans": [{"Node Type": "Bitmap Index Scan", "Parent Relationship": "Outer", "Index Name": "title_pkey", "Startup Cost": 0.0, "Total Cost": 0.26, "Plan Rows": 1, "Plan Width": 0, "Actual Startup Time": 0.029, "Actual Total Time": 0.029, "Actual Rows": 6, "Actual Loops": 6, "Index Cond": "(id = ci.movie_id)"}]}]}]}, "Triggers": [], "Planner Runtime": 6.887, "Total Runtime": 56.702, "Unique SQL Id": 4208751436}}, "(64, '103')": {"explain_plan": {"Plan": {"Node Type": "Aggregate", "Strategy": "Plain", "Startup Cost": 4308.19, "Total Cost": 4308.2, "Plan Rows": 1, "Plan Width": 144, "Plans": [{"Node Type": "Nested Loop", "Parent Relationship": "Outer", "Join Type": "Inner", "Startup Cost": 724.54, "Total Cost": 4308.18, "Plan Rows": 1, "Plan Width": 48, "Inner Unique": true, "Join Filter": "(mk.movie_id = t.id)", "Plans": [{"Node Type": "Nested Loop", "Parent Relationship": "Outer", "Join Type": "Inner", "Startup Cost": 724.28, "Total Cost": 4303.89, "Plan Rows": 1, "Plan Width": 39, "Inner Unique": true, "Plans": [{"Node Type": "Nested Loop", "Parent Relationship": "Outer", "Join Type": "Inner", "Startup Cost": 724.02, "Total Cost": 3438.43, "Plan Rows": 202, "Plan Width": 28, "Inner Unique": false, "Plans": [{"Node Type": "Nested Loop", "Parent Relationship": "Outer", "Join Type": "Inner", "Startup Cost": 723.6, "Total Cost": 3288.12, "Plan Rows": 33, "Plan Width": 20, "Inner Unique": false, "Plans": [{"Node Type": "Bitmap Heap Scan", "Parent Relationship": "Outer", "Relation Name": "keyword", "Alias": "k", "Startup Cost": 719.1, "Total Cost": 3155.21, "Plan Rows": 1, "Plan Width": 20, "Filter": "((keyword)::text = 'marvel-cinematic-universe'::text)", "Plans": [{"Node Type": "Bitmap Index Scan", "Parent Relationship": "Outer", "Index Name": "keyword_pkey", "Startup Cost": 0.0, "Total Cost": 719.1, "Plan Rows": 134169, "Plan Width": 0}]}, {"Node Type": "Bitmap Heap Scan", "Parent Relationship": "Inner", "Relation Name": "movie_keyword", "Alias": "mk", "Startup Cost": 4.51, "Total Cost": 132.58, "Plan Rows": 33, "Plan Width": 8, "Recheck Cond": "(keyword_id = k.id)", "Plans": [{"Node Type": "Bitmap Index Scan", "Parent Relationship": "Outer", "Index Name": "keyword_id_movie_keyword", "Startup Cost": 0.0, "Total Cost": 4.5, "Plan Rows": 33, "Plan Width": 0, "Index Cond": "(keyword_id = k.id)"}]}]}, {"Node Type": "Bitmap Heap Scan", "Parent Relationship": "Inner", "Relation Name": "cast_info", "Alias": "ci", "Startup Cost": 0.42, "Total Cost": 4.49, "Plan Rows": 6, "Plan Width": 8, "Recheck Cond": "(movie_id = mk.movie_id)", "Plans": [{"Node Type": "Bitmap Index Scan", "Parent Relationship": "Outer", "Index Name": "movie_id_cast_info", "Startup Cost": 0.0, "Total Cost": 0.42, "Plan Rows": 6, "Plan Width": 0, "Index Cond": "(movie_id = mk.movie_id)"}]}]}, {"Node Type": "Bitmap Heap Scan", "Parent Relationship": "Inner", "Relation Name": "name", "Alias": "n", "Startup Cost": 0.26, "Total Cost": 4.27, "Plan Rows": 1, "Plan Width": 19, "Recheck Cond": "(id = ci.person_id)", "Filter": "((name)::text ~~ '%Downey%Robert%'::text)", "Plans": [{"Node Type": "Bitmap Index Scan", "Parent Relationship": "Outer", "Index Name": "name_pkey", "Startup Cost": 0.0, "Total Cost": 0.26, "Plan Rows": 1, "Plan Width": 0, "Index Cond": "(id = ci.person_id)"}]}]}, {"Node Type": "Bitmap Heap Scan", "Parent Relationship": "Inner", "Relation Name": "title", "Alias": "t", "Startup Cost": 0.26, "Total Cost": 4.27, "Plan Rows": 1, "Plan Width": 21, "Recheck Cond": "(id = ci.movie_id)", "Filter": "(production_year > 2010)", "Plans": [{"Node Type": "Bitmap Index Scan", "Parent Relationship": "Outer", "Index Name": "title_pkey", "Startup Cost": 0.0, "Total Cost": 0.26, "Plan Rows": 1, "Plan Width": 0, "Index Cond": "(id = ci.movie_id)"}]}]}]}, "Unique SQL Id": 4208751436, "Planner Runtime": 2}, "explain_analyze_plan": {"Plan": {"Node Type": "Aggregate", "Strategy": "Plain", "Startup Cost": 4308.19, "Total Cost": 4308.2, "Plan Rows": 1, "Plan Width": 144, "Actual Startup Time": 76.71, "Actual Total Time": 76.711, "Actual Rows": 1, "Actual Loops": 1, "Plans": [{"Node Type": "Nested Loop", "Parent Relationship": "Outer", "Join Type": "Inner", "Startup Cost": 724.54, "Total Cost": 4308.18, "Plan Rows": 1, "Plan Width": 48, "Actual Startup Time": 14.836, "Actual Total Time": 76.674, "Actual Rows": 6, "Actual Loops": 1, "Inner Unique": true, "Join Filter": "(mk.movie_id = t.id)", "Rows Removed by Join Filter": 0, "Plans": [{"Node Type": "Nested Loop", "Parent Relationship": "Outer", "Join Type": "Inner", "Startup Cost": 724.28, "Total Cost": 4303.89, "Plan Rows": 1, "Plan Width": 39, "Actual Startup Time": 14.813, "Actual Total Time": 76.604, "Actual Rows": 6, "Actual Loops": 1, "Inner Unique": true, "Plans": [{"Node Type": "Nested Loop", "Parent Relationship": "Outer", "Join Type": "Inner", "Startup Cost": 724.02, "Total Cost": 3438.43, "Plan Rows": 202, "Plan Width": 28, "Actual Startup Time": 12.392, "Actual Total Time": 66.845, "Actual Rows": 1242, "Actual Loops": 1, "Inner Unique": false, "Plans": [{"Node Type": "Nested Loop", "Parent Relationship": "Outer", "Join Type": "Inner", "Startup Cost": 723.6, "Total Cost": 3288.12, "Plan Rows": 33, "Plan Width": 20, "Actual Startup Time": 12.361, "Actual Total Time": 63.474, "Actual Rows": 14, "Actual Loops": 1, "Inner Unique": false, "Plans": [{"Node Type": "Bitmap Heap Scan", "Parent Relationship": "Outer", "Relation Name": "keyword", "Alias": "k", "Startup Cost": 719.1, "Total Cost": 3155.21, "Plan Rows": 1, "Plan Width": 20, "Actual Startup Time": 12.321, "Actual Total Time": 63.397, "Actual Rows": 1, "Actual Loops": 1, "Filter": "((keyword)::text = 'marvel-cinematic-universe'::text)", "Rows Removed by Filter": 134168, "Exact Heap Blocks": 759, "Lossy Heap Blocks": 759, "Plans": [{"Node Type": "Bitmap Index Scan", "Parent Relationship": "Outer", "Index Name": "keyword_pkey", "Startup Cost": 0.0, "Total Cost": 719.1, "Plan Rows": 134169, "Plan Width": 0, "Actual Startup Time": 10.793, "Actual Total Time": 10.793, "Actual Rows": 134169, "Actual Loops": 1}]}, {"Node Type": "Bitmap Heap Scan", "Parent Relationship": "Inner", "Relation Name": "movie_keyword", "Alias": "mk", "Startup Cost": 4.51, "Total Cost": 132.58, "Plan Rows": 33, "Plan Width": 8, "Actual Startup Time": 0.029, "Actual Total Time": 0.058, "Actual Rows": 14, "Actual Loops": 1, "Recheck Cond": "(keyword_id = k.id)", "Rows Removed by Index Recheck": 0, "Exact Heap Blocks": 13, "Lossy Heap Blocks": 13, "Plans": [{"Node Type": "Bitmap Index Scan", "Parent Relationship": "Outer", "Index Name": "keyword_id_movie_keyword", "Startup Cost": 0.0, "Total Cost": 4.5, "Plan Rows": 33, "Plan Width": 0, "Actual Startup Time": 0.02, "Actual Total Time": 0.02, "Actual Rows": 14, "Actual Loops": 1, "Index Cond": "(keyword_id = k.id)"}]}]}, {"Node Type": "Bitmap Heap Scan", "Parent Relationship": "Inner", "Relation Name": "cast_info", "Alias": "ci", "Startup Cost": 0.42, "Total Cost": 4.49, "Plan Rows": 6, "Plan Width": 8, "Actual Startup Time": 0.642, "Actual Total Time": 3.025, "Actual Rows": 1242, "Actual Loops": 14, "Recheck Cond": "(movie_id = mk.movie_id)", "Rows Removed by Index Recheck": 0, "Exact Heap Blocks": 1184, "Lossy Heap Blocks": 1184, "Plans": [{"Node Type": "Bitmap Index Scan", "Parent Relationship": "Outer", "Index Name": "movie_id_cast_info", "Startup Cost": 0.0, "Total Cost": 0.42, "Plan Rows": 6, "Plan Width": 0, "Actual Startup Time": 0.417, "Actual Total Time": 0.417, "Actual Rows": 1242, "Actual Loops": 14, "Index Cond": "(movie_id = mk.movie_id)"}]}]}, {"Node Type": "Bitmap Heap Scan", "Parent Relationship": "Inner", "Relation Name": "name", "Alias": "n", "Startup Cost": 0.26, "Total Cost": 4.27, "Plan Rows": 1, "Plan Width": 19, "Actual Startup Time": 8.355, "Actual Total Time": 8.355, "Actual Rows": 6, "Actual Loops": 1242, "Recheck Cond": "(id = ci.person_id)", "Rows Removed by Index Recheck": 0, "Filter": "((name)::text ~~ '%Downey%Robert%'::text)", "Rows Removed by Filter": 1236, "Exact Heap Blocks": 1242, "Lossy Heap Blocks": 1242, "Plans": [{"Node Type": "Bitmap Index Scan", "Parent Relationship": "Outer", "Index Name": "name_pkey", "Startup Cost": 0.0, "Total Cost": 0.26, "Plan Rows": 1, "Plan Width": 0, "Actual Startup Time": 4.979, "Actual Total Time": 4.979, "Actual Rows": 1242, "Actual Loops": 1242, "Index Cond": "(id = ci.person_id)"}]}]}, {"Node Type": "Bitmap Heap Scan", "Parent Relationship": "Inner", "Relation Name": "title", "Alias": "t", "Startup Cost": 0.26, "Total Cost": 4.27, "Plan Rows": 1, "Plan Width": 21, "Actual Startup Time": 0.051, "Actual Total Time": 0.051, "Actual Rows": 6, "Actual Loops": 6, "Recheck Cond": "(id = ci.movie_id)", "Rows Removed by Index Recheck": 0, "Filter": "(production_year > 2010)", "Rows Removed by Filter": 0, "Exact Heap Blocks": 6, "Lossy Heap Blocks": 6, "Plans": [{"Node Type": "Bitmap Index Scan", "Parent Relationship": "Outer", "Index Name": "title_pkey", "Startup Cost": 0.0, "Total Cost": 0.26, "Plan Rows": 1, "Plan Width": 0, "Actual Startup Time": 0.027, "Actual Total Time": 0.027, "Actual Rows": 6, "Actual Loops": 6, "Index Cond": "(id = ci.movie_id)"}]}]}]}, "Triggers": [], "Planner Runtime": 2.692, "Total Runtime": 77.002, "Unique SQL Id": 4208751436}}, "(64, '104')": {"explain_plan": {"Plan": {"Node Type": "Aggregate", "Strategy": "Plain", "Startup Cost": 2657.42, "Total Cost": 2657.43, "Plan Rows": 1, "Plan Width": 144, "Plans": [{"Node Type": "Nested Loop", "Parent Relationship": "Outer", "Join Type": "Inner", "Startup Cost": 0.0, "Total Cost": 2657.41, "Plan Rows": 1, "Plan Width": 48, "Inner Unique": true, "Join Filter": "(mk.movie_id = t.id)", "Plans": [{"Node Type": "Nested Loop", "Parent Relationship": "Outer", "Join Type": "Inner", "Startup Cost": 0.0, "Total Cost": 2657.12, "Plan Rows": 1, "Plan Width": 39, "Inner Unique": true, "Plans": [{"Node Type": "Nested Loop", "Parent Relationship": "Outer", "Join Type": "Inner", "Startup Cost": 0.0, "Total Cost": 2598.56, "Plan Rows": 202, "Plan Width": 28, "Inner Unique": false, "Plans": [{"Node Type": "Nested Loop", "Parent Relationship": "Outer", "Join Type": "Inner", "Startup Cost": 0.0, "Total Cost": 2573.32, "Plan Rows": 33, "Plan Width": 20, "Inner Unique": false, "Plans": [{"Node Type": "Seq Scan", "Parent Relationship": "Outer", "Relation Name": "keyword", "Alias": "k", "Startup Cost": 0.0, "Total Cost": 2436.11, "Plan Rows": 1, "Plan Width": 20, "Filter": "((keyword)::text = 'marvel-cinematic-universe'::text)"}, {"Node Type": "Index Scan", "Parent Relationship": "Inner", "Scan Direction": "Forward", "Index Name": "keyword_id_movie_keyword", "Relation Name": "movie_keyword", "Alias": "mk", "Startup Cost": 0.0, "Total Cost": 136.88, "Plan Rows": 33, "Plan Width": 8, "Index Cond": "(keyword_id = k.id)"}]}, {"Node Type": "Index Scan", "Parent Relationship": "Inner", "Scan Direction": "Forward", "Index Name": "movie_id_cast_info", "Relation Name": "cast_info", "Alias": "ci", "Startup Cost": 0.0, "Total Cost": 0.7, "Plan Rows": 6, "Plan Width": 8, "Index Cond": "(movie_id = mk.movie_id)"}]}, {"Node Type": "Index Scan", "Parent Relationship": "Inner", "Scan Direction": "Forward", "Index Name": "name_pkey", "Relation Name": "name", "Alias": "n", "Startup Cost": 0.0, "Total Cost": 0.28, "Plan Rows": 1, "Plan Width": 19, "Index Cond": "(id = ci.person_id)", "Filter": "((name)::text ~~ '%Downey%Robert%'::text)"}]}, {"Node Type": "Index Scan", "Parent Relationship": "Inner", "Scan Direction": "Forward", "Index Name": "title_pkey", "Relation Name": "title", "Alias": "t", "Startup Cost": 0.0, "Total Cost": 0.28, "Plan Rows": 1, "Plan Width": 21, "Index Cond": "(id = ci.movie_id)", "Filter": "(production_year > 2010)"}]}]}, "Unique SQL Id": 4208751436, "Planner Runtime": 5}, "explain_analyze_plan": {"Plan": {"Node Type": "Aggregate", "Strategy": "Plain", "Startup Cost": 2657.42, "Total Cost": 2657.43, "Plan Rows": 1, "Plan Width": 144, "Actual Startup Time": 53.179, "Actual Total Time": 53.179, "Actual Rows": 1, "Actual Loops": 1, "Plans": [{"Node Type": "Nested Loop", "Parent Relationship": "Outer", "Join Type": "Inner", "Startup Cost": 0.0, "Total Cost": 2657.41, "Plan Rows": 1, "Plan Width": 48, "Actual Startup Time": 3.067, "Actual Total Time": 53.134, "Actual Rows": 6, "Actual Loops": 1, "Inner Unique": true, "Join Filter": "(mk.movie_id = t.id)", "Rows Removed by Join Filter": 0, "Plans": [{"Node Type": "Nested Loop", "Parent Relationship": "Outer", "Join Type": "Inner", "Startup Cost": 0.0, "Total Cost": 2657.12, "Plan Rows": 1, "Plan Width": 39, "Actual Startup Time": 3.044, "Actual Total Time": 53.073, "Actual Rows": 6, "Actual Loops": 1, "Inner Unique": true, "Plans": [{"Node Type": "Nested Loop", "Parent Relationship": "Outer", "Join Type": "Inner", "Startup Cost": 0.0, "Total Cost": 2598.56, "Plan Rows": 202, "Plan Width": 28, "Actual Startup Time": 1.153, "Actual Total Time": 45.245, "Actual Rows": 1242, "Actual Loops": 1, "Inner Unique": false, "Plans": [{"Node Type": "Nested Loop", "Parent Relationship": "Outer", "Join Type": "Inner", "Startup Cost": 0.0, "Total Cost": 2573.32, "Plan Rows": 33, "Plan Width": 20, "Actual Startup Time": 1.139, "Actual Total Time": 42.599, "Actual Rows": 14, "Actual Loops": 1, "Inner Unique": false, "Plans": [{"Node Type": "Seq Scan", "Parent Relationship": "Outer", "Relation Name": "keyword", "Alias": "k", "Startup Cost": 0.0, "Total Cost": 2436.11, "Plan Rows": 1, "Plan Width": 20, "Actual Startup Time": 1.116, "Actual Total Time": 42.539, "Actual Rows": 1, "Actual Loops": 1, "Filter": "((keyword)::text = 'marvel-cinematic-universe'::text)", "Rows Removed by Filter": 134168}, {"Node Type": "Index Scan", "Parent Relationship": "Inner", "Scan Direction": "Forward", "Index Name": "keyword_id_movie_keyword", "Relation Name": "movie_keyword", "Alias": "mk", "Startup Cost": 0.0, "Total Cost": 136.88, "Plan Rows": 33, "Plan Width": 8, "Actual Startup Time": 0.018, "Actual Total Time": 0.043, "Actual Rows": 14, "Actual Loops": 1, "Index Cond": "(keyword_id = k.id)", "Rows Removed by Index Recheck": 0}]}, {"Node Type": "Index Scan", "Parent Relationship": "Inner", "Scan Direction": "Forward", "Index Name": "movie_id_cast_info", "Relation Name": "cast_info", "Alias": "ci", "Startup Cost": 0.0, "Total Cost": 0.7, "Plan Rows": 6, "Plan Width": 8, "Actual Startup Time": 0.179, "Actual Total Time": 2.353, "Actual Rows": 1242, "Actual Loops": 14, "Index Cond": "(movie_id = mk.movie_id)", "Rows Removed by Index Recheck": 0}]}, {"Node Type": "Index Scan", "Parent Relationship": "Inner", "Scan Direction": "Forward", "Index Name": "name_pkey", "Relation Name": "name", "Alias": "n", "Startup Cost": 0.0, "Total Cost": 0.28, "Plan Rows": 1, "Plan Width": 19, "Actual Startup Time": 7.21, "Actual Total Time": 7.21, "Actual Rows": 6, "Actual Loops": 1242, "Index Cond": "(id = ci.person_id)", "Rows Removed by Index Recheck": 0, "Filter": "((name)::text ~~ '%Downey%Robert%'::text)", "Rows Removed by Filter": 1236}]}, {"Node Type": "Index Scan", "Parent Relationship": "Inner", "Scan Direction": "Forward", "Index Name": "title_pkey", "Relation Name": "title", "Alias": "t", "Startup Cost": 0.0, "Total Cost": 0.28, "Plan Rows": 1, "Plan Width": 21, "Actual Startup Time": 0.042, "Actual Total Time": 0.042, "Actual Rows": 6, "Actual Loops": 6, "Index Cond": "(id = ci.movie_id)", "Rows Removed by Index Recheck": 0, "Filter": "(production_year > 2010)", "Rows Removed by Filter": 0}]}]}, "Triggers": [], "Planner Runtime": 9.561, "Total Runtime": 53.444, "Unique SQL Id": 4208751436}}, "(64, '105')": {"explain_plan": {"Plan": {"Node Type": "Aggregate", "Strategy": "Plain", "Startup Cost": 3404.02, "Total Cost": 3404.03, "Plan Rows": 1, "Plan Width": 144, "Plans": [{"Node Type": "Nested Loop", "Parent Relationship": "Outer", "Join Type": "Inner", "Startup Cost": 0.0, "Total Cost": 3404.01, "Plan Rows": 1, "Plan Width": 48, "Inner Unique": true, "Join Filter": "(mk.movie_id = t.id)", "Plans": [{"Node Type": "Nested Loop", "Parent Relationship": "Outer", "Join Type": "Inner", "Startup Cost": 0.0, "Total Cost": 3403.72, "Plan Rows": 1, "Plan Width": 39, "Inner Unique": true, "Plans": [{"Node Type": "Nested Loop", "Parent Relationship": "Outer", "Join Type": "Inner", "Startup Cost": 0.0, "Total Cost": 3345.17, "Plan Rows": 202, "Plan Width": 28, "Inner Unique": false, "Plans": [{"Node Type": "Nested Loop", "Parent Relationship": "Outer", "Join Type": "Inner", "Startup Cost": 0.0, "Total Cost": 3319.92, "Plan Rows": 33, "Plan Width": 20, "Inner Unique": false, "Plans": [{"Node Type": "Index Scan", "Parent Relationship": "Outer", "Scan Direction": "Forward", "Index Name": "keyword_pkey", "Relation Name": "keyword", "Alias": "k", "Startup Cost": 0.0, "Total Cost": 3182.72, "Plan Rows": 1, "Plan Width": 20, "Filter": "((keyword)::text = 'marvel-cinematic-universe'::text)"}, {"Node Type": "Index Scan", "Parent Relationship": "Inner", "Scan Direction": "Forward", "Index Name": "keyword_id_movie_keyword", "Relation Name": "movie_keyword", "Alias": "mk", "Startup Cost": 0.0, "Total Cost": 136.88, "Plan Rows": 33, "Plan Width": 8, "Index Cond": "(keyword_id = k.id)"}]}, {"Node Type": "Index Scan", "Parent Relationship": "Inner", "Scan Direction": "Forward", "Index Name": "movie_id_cast_info", "Relation Name": "cast_info", "Alias": "ci", "Startup Cost": 0.0, "Total Cost": 0.7, "Plan Rows": 6, "Plan Width": 8, "Index Cond": "(movie_id = mk.movie_id)"}]}, {"Node Type": "Index Scan", "Parent Relationship": "Inner", "Scan Direction": "Forward", "Index Name": "name_pkey", "Relation Name": "name", "Alias": "n", "Startup Cost": 0.0, "Total Cost": 0.28, "Plan Rows": 1, "Plan Width": 19, "Index Cond": "(id = ci.person_id)", "Filter": "((name)::text ~~ '%Downey%Robert%'::text)"}]}, {"Node Type": "Index Scan", "Parent Relationship": "Inner", "Scan Direction": "Forward", "Index Name": "title_pkey", "Relation Name": "title", "Alias": "t", "Startup Cost": 0.0, "Total Cost": 0.28, "Plan Rows": 1, "Plan Width": 21, "Index Cond": "(id = ci.movie_id)", "Filter": "(production_year > 2010)"}]}]}, "Unique SQL Id": 4208751436, "Planner Runtime": 4}, "explain_analyze_plan": {"Plan": {"Node Type": "Aggregate", "Strategy": "Plain", "Startup Cost": 3404.02, "Total Cost": 3404.03, "Plan Rows": 1, "Plan Width": 144, "Actual Startup Time": 123.981, "Actual Total Time": 123.983, "Actual Rows": 1, "Actual Loops": 1, "Plans": [{"Node Type": "Nested Loop", "Parent Relationship": "Outer", "Join Type": "Inner", "Startup Cost": 0.0, "Total Cost": 3404.01, "Plan Rows": 1, "Plan Width": 48, "Actual Startup Time": 8.671, "Actual Total Time": 123.935, "Actual Rows": 6, "Actual Loops": 1, "Inner Unique": true, "Join Filter": "(mk.movie_id = t.id)", "Rows Removed by Join Filter": 0, "Plans": [{"Node Type": "Nested Loop", "Parent Relationship": "Outer", "Join Type": "Inner", "Startup Cost": 0.0, "Total Cost": 3403.72, "Plan Rows": 1, "Plan Width": 39, "Actual Startup Time": 8.653, "Actual Total Time": 123.882, "Actual Rows": 6, "Actual Loops": 1, "Inner Unique": true, "Plans": [{"Node Type": "Nested Loop", "Parent Relationship": "Outer", "Join Type": "Inner", "Startup Cost": 0.0, "Total Cost": 3345.17, "Plan Rows": 202, "Plan Width": 28, "Actual Startup Time": 7.067, "Actual Total Time": 116.917, "Actual Rows": 1242, "Actual Loops": 1, "Inner Unique": false, "Plans": [{"Node Type": "Nested Loop", "Parent Relationship": "Outer", "Join Type": "Inner", "Startup Cost": 0.0, "Total Cost": 3319.92, "Plan Rows": 33, "Plan Width": 20, "Actual Startup Time": 7.054, "Actual Total Time": 114.743, "Actual Rows": 14, "Actual Loops": 1, "Inner Unique": false, "Plans": [{"Node Type": "Index Scan", "Parent Relationship": "Outer", "Scan Direction": "Forward", "Index Name": "keyword_pkey", "Relation Name": "keyword", "Alias": "k", "Startup Cost": 0.0, "Total Cost": 3182.72, "Plan Rows": 1, "Plan Width": 20, "Actual Startup Time": 7.038, "Actual Total Time": 114.697, "Actual Rows": 1, "Actual Loops": 1, "Filter": "((keyword)::text = 'marvel-cinematic-universe'::text)", "Rows Removed by Filter": 134168}, {"Node Type": "Index Scan", "Parent Relationship": "Inner", "Scan Direction": "Forward", "Index Name": "keyword_id_movie_keyword", "Relation Name": "movie_keyword", "Alias": "mk", "Startup Cost": 0.0, "Total Cost": 136.88, "Plan Rows": 33, "Plan Width": 8, "Actual Startup Time": 0.012, "Actual Total Time": 0.034, "Actual Rows": 14, "Actual Loops": 1, "Index Cond": "(keyword_id = k.id)", "Rows Removed by Index Recheck": 0}]}, {"Node Type": "Index Scan", "Parent Relationship": "Inner", "Scan Direction": "Forward", "Index Name": "movie_id_cast_info", "Relation Name": "cast_info", "Alias": "ci", "Startup Cost": 0.0, "Total Cost": 0.7, "Plan Rows": 6, "Plan Width": 8, "Actual Startup Time": 0.159, "Actual Total Time": 1.869, "Actual Rows": 1242, "Actual Loops": 14, "Index Cond": "(movie_id = mk.movie_id)", "Rows Removed by Index Recheck": 0}]}, {"Node Type": "Index Scan", "Parent Relationship": "Inner", "Scan Direction": "Forward", "Index Name": "name_pkey", "Relation Name": "name", "Alias": "n", "Startup Cost": 0.0, "Total Cost": 0.28, "Plan Rows": 1, "Plan Width": 19, "Actual Startup Time": 6.305, "Actual Total Time": 6.305, "Actual Rows": 6, "Actual Loops": 1242, "Index Cond": "(id = ci.person_id)", "Rows Removed by Index Recheck": 0, "Filter": "((name)::text ~~ '%Downey%Robert%'::text)", "Rows Removed by Filter": 1236}]}, {"Node Type": "Index Scan", "Parent Relationship": "Inner", "Scan Direction": "Forward", "Index Name": "title_pkey", "Relation Name": "title", "Alias": "t", "Startup Cost": 0.0, "Total Cost": 0.28, "Plan Rows": 1, "Plan Width": 21, "Actual Startup Time": 0.04, "Actual Total Time": 0.04, "Actual Rows": 6, "Actual Loops": 6, "Index Cond": "(id = ci.movie_id)", "Rows Removed by Index Recheck": 0, "Filter": "(production_year > 2010)", "Rows Removed by Filter": 0}]}]}, "Triggers": [], "Planner Runtime": 8.449, "Total Runtime": 124.25, "Unique SQL Id": 4208751436}}, "(64, '106')": {"explain_plan": {"Plan": {"Node Type": "Aggregate", "Strategy": "Plain", "Startup Cost": 301349.7, "Total Cost": 301349.71, "Plan Rows": 1, "Plan Width": 144, "Plans": [{"Node Type": "Hash Join", "Parent Relationship": "Outer", "Join Type": "Inner", "Startup Cost": 226811.99, "Total Cost": 301348.63, "Plan Rows": 143, "Plan Width": 48, "Inner Unique": true, "Hash Cond": "(ci.person_id = n.id)", "Plans": [{"Node Type": "Hash Join", "Parent Relationship": "Outer", "Join Type": "Inner", "Startup Cost": 162181.2, "Total Cost": 236717.25, "Plan Rows": 218, "Plan Width": 37, "Inner Unique": true, "Hash Cond": "(mk.movie_id = t.id)", "Plans": [{"Node Type": "Streaming(type: LOCAL GATHER dop: 1/64)", "Parent Relationship": "Outer", "Startup Cost": 139259.83, "Total Cost": 213792.95, "Plan Rows": 202, "Plan Width": 28, "Plans": [{"Node Type": "Hash Join", "Parent Relationship": "Outer", "Join Type": "Inner", "Startup Cost": 139259.83, "Total Cost": 213788.78, "Plan Rows": 202, "Plan Width": 28, "Inner Unique": false, "Hash Cond": "(ci.movie_id = mk.movie_id)", "Plans": [{"Node Type": "Seq Scan", "Parent Relationship": "Outer", "Relation Name": "cast_info", "Alias": "ci", "Startup Cost": 0.0, "Total Cost": 72404.34, "Plan Rows": 36259494, "Plan Width": 8}, {"Node Type": "Hash", "Parent Relationship": "Inner", "Startup Cost": 139259.41, "Total Cost": 139259.41, "Plan Rows": 2112, "Plan Width": 20, "Plans": [{"Node Type": "Streaming(type: BROADCAST dop: 64/1)", "Parent Relationship": "Outer", "Startup Cost": 2436.12, "Total Cost": 139259.41, "Plan Rows": 2112, "Plan Width": 20, "Plans": [{"Node Type": "Hash Join", "Parent Relationship": "Outer", "Join Type": "Inner", "Startup Cost": 2436.12, "Total Cost": 76215.84, "Plan Rows": 33, "Plan Width": 20, "Inner Unique": true, "Hash Cond": "(mk.keyword_id = k.id)", "Plans": [{"Node Type": "Seq Scan", "Parent Relationship": "Outer", "Relation Name": "movie_keyword", "Alias": "mk", "Startup Cost": 0.0, "Total Cost": 62441.29, "Plan Rows": 4523929, "Plan Width": 8}, {"Node Type": "Hash", "Parent Relationship": "Inner", "Startup Cost": 2436.11, "Total Cost": 2436.11, "Plan Rows": 1, "Plan Width": 20, "Plans": [{"Node Type": "Seq Scan", "Parent Relationship": "Outer", "Relation Name": "keyword", "Alias": "k", "Startup Cost": 0.0, "Total Cost": 2436.11, "Plan Rows": 1, "Plan Width": 20, "Filter": "((keyword)::text = 'marvel-cinematic-universe'::text)"}]}]}]}]}]}]}, {"Node Type": "Hash", "Parent Relationship": "Inner", "Startup Cost": 72112.93, "Total Cost": 72112.93, "Plan Rows": 391451, "Plan Width": 21, "Plans": [{"Node Type": "Streaming(type: LOCAL GATHER dop: 1/64)", "Parent Relationship": "Outer", "Startup Cost": 0.0, "Total Cost": 72112.93, "Plan Rows": 391451, "Plan Width": 21, "Plans": [{"Node Type": "Seq Scan", "Parent Relationship": "Outer", "Relation Name": "title", "Alias": "t", "Startup Cost": 0.0, "Total Cost": 64037.34, "Plan Rows": 391451, "Plan Width": 21, "Filter": "(production_year > 2010), (LLVM Optimized)"}]}]}]}, {"Node Type": "Hash", "Parent Relationship": "Inner", "Startup Cost": 64625.6, "Total Cost": 64625.6, "Plan Rows": 415, "Plan Width": 19, "Plans": [{"Node Type": "Streaming(type: LOCAL GATHER dop: 1/64)", "Parent Relationship": "Outer", "Startup Cost": 0.0, "Total Cost": 64625.6, "Plan Rows": 415, "Plan Width": 19, "Plans": [{"Node Type": "Seq Scan", "Parent Relationship": "Outer", "Relation Name": "name", "Alias": "n", "Startup Cost": 0.0, "Total Cost": 64617.04, "Plan Rows": 415, "Plan Width": 19, "Filter": "((name)::text ~~ '%Downey%Robert%'::text)"}]}]}]}]}, "Unique SQL Id": 4208751436, "Planner Runtime": 13}, "explain_analyze_plan": null}, "(64, '107')": {"explain_plan": {"Plan": {"Node Type": "Aggregate", "Strategy": "Plain", "Startup Cost": 5000201430682.96, "Total Cost": 5000201430682.97, "Plan Rows": 1, "Plan Width": 144, "Plans": [{"Node Type": "Hash Join", "Parent Relationship": "Outer", "Join Type": "Inner", "Startup Cost": 3020201099152.21, "Total Cost": 5000201430681.32, "Plan Rows": 218, "Plan Width": 48, "Inner Unique": true, "Hash Cond": "(mk.movie_id = t.id)", "Plans": [{"Node Type": "Hash Join", "Parent Relationship": "Outer", "Join Type": "Inner", "Startup Cost": 2020189450132.41, "Total Cost": 4000189781658.58, "Plan Rows": 202, "Plan Width": 39, "Inner Unique": false, "Hash Cond": "(mk.movie_id = ci.movie_id)", "Plans": [{"Node Type": "Nested Loop", "Parent Relationship": "Outer", "Join Type": "Inner", "Startup Cost": 20000000004.51, "Total Cost": 2000000331530.23, "Plan Rows": 33, "Plan Width": 20, "Inner Unique": false, "Plans": [{"Node Type": "Index Scan", "Parent Relationship": "Outer", "Scan Direction": "Forward", "Index Name": "keyword_pkey", "Relation Name": "keyword", "Alias": "k", "Startup Cost": 10000000000.0, "Total Cost": 1000000318271.68, "Plan Rows": 1, "Plan Width": 20, "Filter": "((keyword)::text = 'marvel-cinematic-universe'::text)"}, {"Node Type": "Bitmap Heap Scan", "Parent Relationship": "Inner", "Relation Name": "movie_keyword", "Alias": "mk", "Startup Cost": 10000000004.51, "Total Cost": 1000000013258.21, "Plan Rows": 33, "Plan Width": 8, "Recheck Cond": "(keyword_id = k.id)", "Plans": [{"Node Type": "Bitmap Index Scan", "Parent Relationship": "Outer", "Index Name": "keyword_id_movie_keyword", "Startup Cost": 0.0, "Total Cost": 4.5, "Plan Rows": 33, "Plan Width": 0, "Index Cond": "(keyword_id = k.id)"}]}]}, {"Node Type": "Hash", "Parent Relationship": "Inner", "Startup Cost": 2000189450033.9, "Total Cost": 2000189450033.9, "Plan Rows": 7520, "Plan Width": 19, "Plans": [{"Node Type": "Hash Join", "Parent Relationship": "Outer", "Join Type": "Inner", "Startup Cost": 1010018665152.39, "Total Cost": 2000189450033.9, "Plan Rows": 7520, "Plan Width": 19, "Inner Unique": true, "Hash Cond": "(ci.person_id = n.id)", "Plans": [{"Node Type": "Index Scan", "Parent Relationship": "Outer", "Scan Direction": "Forward", "Index Name": "person_id_cast_info", "Relation Name": "cast_info", "Alias": "ci", "Startup Cost": 10000000000.0, "Total Cost": 1000170648833.21, "Plan Rows": 36259494, "Plan Width": 8}, {"Node Type": "Hash", "Parent Relationship": "Inner", "Startup Cost": 1000018665147.2, "Total Cost": 1000018665147.2, "Plan Rows": 415, "Plan Width": 19, "Plans": [{"Node Type": "Index Scan", "Parent Relationship": "Outer", "Scan Direction": "Forward", "Index Name": "name_pkey", "Relation Name": "name", "Alias": "n", "Startup Cost": 10000000000.0, "Total Cost": 1000018665147.2, "Plan Rows": 415, "Plan Width": 19, "Filter": "((name)::text ~~ '%Downey%Robert%'::text)"}]}]}]}]}, {"Node Type": "Hash", "Parent Relationship": "Inner", "Startup Cost": 1000011644126.66, "Total Cost": 1000011644126.66, "Plan Rows": 391451, "Plan Width": 21, "Plans": [{"Node Type": "Index Scan", "Parent Relationship": "Outer", "Scan Direction": "Forward", "Index Name": "title_pkey", "Relation Name": "title", "Alias": "t", "Startup Cost": 10000000000.0, "Total Cost": 1000011644126.66, "Plan Rows": 391451, "Plan Width": 21, "Filter": "(production_year > 2010), (LLVM Optimized)"}]}]}]}, "Unique SQL Id": 4208751436, "Planner Runtime": 5}, "explain_analyze_plan": null}, "(64, '108')": {"explain_plan": {"Plan": {"Node Type": "Aggregate", "Strategy": "Plain", "Startup Cost": 2657.42, "Total Cost": 2657.43, "Plan Rows": 1, "Plan Width": 144, "Plans": [{"Node Type": "Nested Loop", "Parent Relationship": "Outer", "Join Type": "Inner", "Startup Cost": 0.0, "Total Cost": 2657.41, "Plan Rows": 1, "Plan Width": 48, "Inner Unique": true, "Join Filter": "(mk.movie_id = t.id)", "Plans": [{"Node Type": "Nested Loop", "Parent Relationship": "Outer", "Join Type": "Inner", "Startup Cost": 0.0, "Total Cost": 2657.12, "Plan Rows": 1, "Plan Width": 39, "Inner Unique": true, "Plans": [{"Node Type": "Nested Loop", "Parent Relationship": "Outer", "Join Type": "Inner", "Startup Cost": 0.0, "Total Cost": 2598.56, "Plan Rows": 202, "Plan Width": 28, "Inner Unique": false, "Plans": [{"Node Type": "Nested Loop", "Parent Relationship": "Outer", "Join Type": "Inner", "Startup Cost": 0.0, "Total Cost": 2573.32, "Plan Rows": 33, "Plan Width": 20, "Inner Unique": false, "Plans": [{"Node Type": "Seq Scan", "Parent Relationship": "Outer", "Relation Name": "keyword", "Alias": "k", "Startup Cost": 0.0, "Total Cost": 2436.11, "Plan Rows": 1, "Plan Width": 20, "Filter": "((keyword)::text = 'marvel-cinematic-universe'::text)"}, {"Node Type": "Index Scan", "Parent Relationship": "Inner", "Scan Direction": "Forward", "Index Name": "keyword_id_movie_keyword", "Relation Name": "movie_keyword", "Alias": "mk", "Startup Cost": 0.0, "Total Cost": 136.88, "Plan Rows": 33, "Plan Width": 8, "Index Cond": "(keyword_id = k.id)"}]}, {"Node Type": "Index Scan", "Parent Relationship": "Inner", "Scan Direction": "Forward", "Index Name": "movie_id_cast_info", "Relation Name": "cast_info", "Alias": "ci", "Startup Cost": 0.0, "Total Cost": 0.7, "Plan Rows": 6, "Plan Width": 8, "Index Cond": "(movie_id = mk.movie_id)"}]}, {"Node Type": "Index Scan", "Parent Relationship": "Inner", "Scan Direction": "Forward", "Index Name": "name_pkey", "Relation Name": "name", "Alias": "n", "Startup Cost": 0.0, "Total Cost": 0.28, "Plan Rows": 1, "Plan Width": 19, "Index Cond": "(id = ci.person_id)", "Filter": "((name)::text ~~ '%Downey%Robert%'::text)"}]}, {"Node Type": "Index Scan", "Parent Relationship": "Inner", "Scan Direction": "Forward", "Index Name": "title_pkey", "Relation Name": "title", "Alias": "t", "Startup Cost": 0.0, "Total Cost": 0.28, "Plan Rows": 1, "Plan Width": 21, "Index Cond": "(id = ci.movie_id)", "Filter": "(production_year > 2010)"}]}]}, "Unique SQL Id": 4208751436, "Planner Runtime": 6}, "explain_analyze_plan": {"Plan": {"Node Type": "Aggregate", "Strategy": "Plain", "Startup Cost": 2657.42, "Total Cost": 2657.43, "Plan Rows": 1, "Plan Width": 144, "Actual Startup Time": 53.179, "Actual Total Time": 53.179, "Actual Rows": 1, "Actual Loops": 1, "Plans": [{"Node Type": "Nested Loop", "Parent Relationship": "Outer", "Join Type": "Inner", "Startup Cost": 0.0, "Total Cost": 2657.41, "Plan Rows": 1, "Plan Width": 48, "Actual Startup Time": 3.067, "Actual Total Time": 53.134, "Actual Rows": 6, "Actual Loops": 1, "Inner Unique": true, "Join Filter": "(mk.movie_id = t.id)", "Rows Removed by Join Filter": 0, "Plans": [{"Node Type": "Nested Loop", "Parent Relationship": "Outer", "Join Type": "Inner", "Startup Cost": 0.0, "Total Cost": 2657.12, "Plan Rows": 1, "Plan Width": 39, "Actual Startup Time": 3.044, "Actual Total Time": 53.073, "Actual Rows": 6, "Actual Loops": 1, "Inner Unique": true, "Plans": [{"Node Type": "Nested Loop", "Parent Relationship": "Outer", "Join Type": "Inner", "Startup Cost": 0.0, "Total Cost": 2598.56, "Plan Rows": 202, "Plan Width": 28, "Actual Startup Time": 1.153, "Actual Total Time": 45.245, "Actual Rows": 1242, "Actual Loops": 1, "Inner Unique": false, "Plans": [{"Node Type": "Nested Loop", "Parent Relationship": "Outer", "Join Type": "Inner", "Startup Cost": 0.0, "Total Cost": 2573.32, "Plan Rows": 33, "Plan Width": 20, "Actual Startup Time": 1.139, "Actual Total Time": 42.599, "Actual Rows": 14, "Actual Loops": 1, "Inner Unique": false, "Plans": [{"Node Type": "Seq Scan", "Parent Relationship": "Outer", "Relation Name": "keyword", "Alias": "k", "Startup Cost": 0.0, "Total Cost": 2436.11, "Plan Rows": 1, "Plan Width": 20, "Actual Startup Time": 1.116, "Actual Total Time": 42.539, "Actual Rows": 1, "Actual Loops": 1, "Filter": "((keyword)::text = 'marvel-cinematic-universe'::text)", "Rows Removed by Filter": 134168}, {"Node Type": "Index Scan", "Parent Relationship": "Inner", "Scan Direction": "Forward", "Index Name": "keyword_id_movie_keyword", "Relation Name": "movie_keyword", "Alias": "mk", "Startup Cost": 0.0, "Total Cost": 136.88, "Plan Rows": 33, "Plan Width": 8, "Actual Startup Time": 0.018, "Actual Total Time": 0.043, "Actual Rows": 14, "Actual Loops": 1, "Index Cond": "(keyword_id = k.id)", "Rows Removed by Index Recheck": 0}]}, {"Node Type": "Index Scan", "Parent Relationship": "Inner", "Scan Direction": "Forward", "Index Name": "movie_id_cast_info", "Relation Name": "cast_info", "Alias": "ci", "Startup Cost": 0.0, "Total Cost": 0.7, "Plan Rows": 6, "Plan Width": 8, "Actual Startup Time": 0.179, "Actual Total Time": 2.353, "Actual Rows": 1242, "Actual Loops": 14, "Index Cond": "(movie_id = mk.movie_id)", "Rows Removed by Index Recheck": 0}]}, {"Node Type": "Index Scan", "Parent Relationship": "Inner", "Scan Direction": "Forward", "Index Name": "name_pkey", "Relation Name": "name", "Alias": "n", "Startup Cost": 0.0, "Total Cost": 0.28, "Plan Rows": 1, "Plan Width": 19, "Actual Startup Time": 7.21, "Actual Total Time": 7.21, "Actual Rows": 6, "Actual Loops": 1242, "Index Cond": "(id = ci.person_id)", "Rows Removed by Index Recheck": 0, "Filter": "((name)::text ~~ '%Downey%Robert%'::text)", "Rows Removed by Filter": 1236}]}, {"Node Type": "Index Scan", "Parent Relationship": "Inner", "Scan Direction": "Forward", "Index Name": "title_pkey", "Relation Name": "title", "Alias": "t", "Startup Cost": 0.0, "Total Cost": 0.28, "Plan Rows": 1, "Plan Width": 21, "Actual Startup Time": 0.042, "Actual Total Time": 0.042, "Actual Rows": 6, "Actual Loops": 6, "Index Cond": "(id = ci.movie_id)", "Rows Removed by Index Recheck": 0, "Filter": "(production_year > 2010)", "Rows Removed by Filter": 0}]}]}, "Triggers": [], "Planner Runtime": 9.561, "Total Runtime": 53.444, "Unique SQL Id": 4208751436}}, "(64, '109')": {"explain_plan": {"Plan": {"Node Type": "Aggregate", "Strategy": "Plain", "Startup Cost": 3404.02, "Total Cost": 3404.03, "Plan Rows": 1, "Plan Width": 144, "Plans": [{"Node Type": "Nested Loop", "Parent Relationship": "Outer", "Join Type": "Inner", "Startup Cost": 0.0, "Total Cost": 3404.01, "Plan Rows": 1, "Plan Width": 48, "Inner Unique": true, "Join Filter": "(mk.movie_id = t.id)", "Plans": [{"Node Type": "Nested Loop", "Parent Relationship": "Outer", "Join Type": "Inner", "Startup Cost": 0.0, "Total Cost": 3403.72, "Plan Rows": 1, "Plan Width": 39, "Inner Unique": true, "Plans": [{"Node Type": "Nested Loop", "Parent Relationship": "Outer", "Join Type": "Inner", "Startup Cost": 0.0, "Total Cost": 3345.17, "Plan Rows": 202, "Plan Width": 28, "Inner Unique": false, "Plans": [{"Node Type": "Nested Loop", "Parent Relationship": "Outer", "Join Type": "Inner", "Startup Cost": 0.0, "Total Cost": 3319.92, "Plan Rows": 33, "Plan Width": 20, "Inner Unique": false, "Plans": [{"Node Type": "Index Scan", "Parent Relationship": "Outer", "Scan Direction": "Forward", "Index Name": "keyword_pkey", "Relation Name": "keyword", "Alias": "k", "Startup Cost": 0.0, "Total Cost": 3182.72, "Plan Rows": 1, "Plan Width": 20, "Filter": "((keyword)::text = 'marvel-cinematic-universe'::text)"}, {"Node Type": "Index Scan", "Parent Relationship": "Inner", "Scan Direction": "Forward", "Index Name": "keyword_id_movie_keyword", "Relation Name": "movie_keyword", "Alias": "mk", "Startup Cost": 0.0, "Total Cost": 136.88, "Plan Rows": 33, "Plan Width": 8, "Index Cond": "(keyword_id = k.id)"}]}, {"Node Type": "Index Scan", "Parent Relationship": "Inner", "Scan Direction": "Forward", "Index Name": "movie_id_cast_info", "Relation Name": "cast_info", "Alias": "ci", "Startup Cost": 0.0, "Total Cost": 0.7, "Plan Rows": 6, "Plan Width": 8, "Index Cond": "(movie_id = mk.movie_id)"}]}, {"Node Type": "Index Scan", "Parent Relationship": "Inner", "Scan Direction": "Forward", "Index Name": "name_pkey", "Relation Name": "name", "Alias": "n", "Startup Cost": 0.0, "Total Cost": 0.28, "Plan Rows": 1, "Plan Width": 19, "Index Cond": "(id = ci.person_id)", "Filter": "((name)::text ~~ '%Downey%Robert%'::text)"}]}, {"Node Type": "Index Scan", "Parent Relationship": "Inner", "Scan Direction": "Forward", "Index Name": "title_pkey", "Relation Name": "title", "Alias": "t", "Startup Cost": 0.0, "Total Cost": 0.28, "Plan Rows": 1, "Plan Width": 21, "Index Cond": "(id = ci.movie_id)", "Filter": "(production_year > 2010)"}]}]}, "Unique SQL Id": 4208751436, "Planner Runtime": 4}, "explain_analyze_plan": {"Plan": {"Node Type": "Aggregate", "Strategy": "Plain", "Startup Cost": 3404.02, "Total Cost": 3404.03, "Plan Rows": 1, "Plan Width": 144, "Actual Startup Time": 123.981, "Actual Total Time": 123.983, "Actual Rows": 1, "Actual Loops": 1, "Plans": [{"Node Type": "Nested Loop", "Parent Relationship": "Outer", "Join Type": "Inner", "Startup Cost": 0.0, "Total Cost": 3404.01, "Plan Rows": 1, "Plan Width": 48, "Actual Startup Time": 8.671, "Actual Total Time": 123.935, "Actual Rows": 6, "Actual Loops": 1, "Inner Unique": true, "Join Filter": "(mk.movie_id = t.id)", "Rows Removed by Join Filter": 0, "Plans": [{"Node Type": "Nested Loop", "Parent Relationship": "Outer", "Join Type": "Inner", "Startup Cost": 0.0, "Total Cost": 3403.72, "Plan Rows": 1, "Plan Width": 39, "Actual Startup Time": 8.653, "Actual Total Time": 123.882, "Actual Rows": 6, "Actual Loops": 1, "Inner Unique": true, "Plans": [{"Node Type": "Nested Loop", "Parent Relationship": "Outer", "Join Type": "Inner", "Startup Cost": 0.0, "Total Cost": 3345.17, "Plan Rows": 202, "Plan Width": 28, "Actual Startup Time": 7.067, "Actual Total Time": 116.917, "Actual Rows": 1242, "Actual Loops": 1, "Inner Unique": false, "Plans": [{"Node Type": "Nested Loop", "Parent Relationship": "Outer", "Join Type": "Inner", "Startup Cost": 0.0, "Total Cost": 3319.92, "Plan Rows": 33, "Plan Width": 20, "Actual Startup Time": 7.054, "Actual Total Time": 114.743, "Actual Rows": 14, "Actual Loops": 1, "Inner Unique": false, "Plans": [{"Node Type": "Index Scan", "Parent Relationship": "Outer", "Scan Direction": "Forward", "Index Name": "keyword_pkey", "Relation Name": "keyword", "Alias": "k", "Startup Cost": 0.0, "Total Cost": 3182.72, "Plan Rows": 1, "Plan Width": 20, "Actual Startup Time": 7.038, "Actual Total Time": 114.697, "Actual Rows": 1, "Actual Loops": 1, "Filter": "((keyword)::text = 'marvel-cinematic-universe'::text)", "Rows Removed by Filter": 134168}, {"Node Type": "Index Scan", "Parent Relationship": "Inner", "Scan Direction": "Forward", "Index Name": "keyword_id_movie_keyword", "Relation Name": "movie_keyword", "Alias": "mk", "Startup Cost": 0.0, "Total Cost": 136.88, "Plan Rows": 33, "Plan Width": 8, "Actual Startup Time": 0.012, "Actual Total Time": 0.034, "Actual Rows": 14, "Actual Loops": 1, "Index Cond": "(keyword_id = k.id)", "Rows Removed by Index Recheck": 0}]}, {"Node Type": "Index Scan", "Parent Relationship": "Inner", "Scan Direction": "Forward", "Index Name": "movie_id_cast_info", "Relation Name": "cast_info", "Alias": "ci", "Startup Cost": 0.0, "Total Cost": 0.7, "Plan Rows": 6, "Plan Width": 8, "Actual Startup Time": 0.159, "Actual Total Time": 1.869, "Actual Rows": 1242, "Actual Loops": 14, "Index Cond": "(movie_id = mk.movie_id)", "Rows Removed by Index Recheck": 0}]}, {"Node Type": "Index Scan", "Parent Relationship": "Inner", "Scan Direction": "Forward", "Index Name": "name_pkey", "Relation Name": "name", "Alias": "n", "Startup Cost": 0.0, "Total Cost": 0.28, "Plan Rows": 1, "Plan Width": 19, "Actual Startup Time": 6.305, "Actual Total Time": 6.305, "Actual Rows": 6, "Actual Loops": 1242, "Index Cond": "(id = ci.person_id)", "Rows Removed by Index Recheck": 0, "Filter": "((name)::text ~~ '%Downey%Robert%'::text)", "Rows Removed by Filter": 1236}]}, {"Node Type": "Index Scan", "Parent Relationship": "Inner", "Scan Direction": "Forward", "Index Name": "title_pkey", "Relation Name": "title", "Alias": "t", "Startup Cost": 0.0, "Total Cost": 0.28, "Plan Rows": 1, "Plan Width": 21, "Actual Startup Time": 0.04, "Actual Total Time": 0.04, "Actual Rows": 6, "Actual Loops": 6, "Index Cond": "(id = ci.movie_id)", "Rows Removed by Index Recheck": 0, "Filter": "(production_year > 2010)", "Rows Removed by Filter": 0}]}]}, "Triggers": [], "Planner Runtime": 8.449, "Total Runtime": 124.25, "Unique SQL Id": 4208751436}}, "(64, '110')": {"explain_plan": {"Plan": {"Node Type": "Aggregate", "Strategy": "Plain", "Startup Cost": 301349.7, "Total Cost": 301349.71, "Plan Rows": 1, "Plan Width": 144, "Plans": [{"Node Type": "Hash Join", "Parent Relationship": "Outer", "Join Type": "Inner", "Startup Cost": 226811.99, "Total Cost": 301348.63, "Plan Rows": 143, "Plan Width": 48, "Inner Unique": true, "Hash Cond": "(ci.person_id = n.id)", "Plans": [{"Node Type": "Hash Join", "Parent Relationship": "Outer", "Join Type": "Inner", "Startup Cost": 162181.2, "Total Cost": 236717.25, "Plan Rows": 218, "Plan Width": 37, "Inner Unique": true, "Hash Cond": "(mk.movie_id = t.id)", "Plans": [{"Node Type": "Streaming(type: LOCAL GATHER dop: 1/64)", "Parent Relationship": "Outer", "Startup Cost": 139259.83, "Total Cost": 213792.95, "Plan Rows": 202, "Plan Width": 28, "Plans": [{"Node Type": "Hash Join", "Parent Relationship": "Outer", "Join Type": "Inner", "Startup Cost": 139259.83, "Total Cost": 213788.78, "Plan Rows": 202, "Plan Width": 28, "Inner Unique": false, "Hash Cond": "(ci.movie_id = mk.movie_id)", "Plans": [{"Node Type": "Seq Scan", "Parent Relationship": "Outer", "Relation Name": "cast_info", "Alias": "ci", "Startup Cost": 0.0, "Total Cost": 72404.34, "Plan Rows": 36259494, "Plan Width": 8}, {"Node Type": "Hash", "Parent Relationship": "Inner", "Startup Cost": 139259.41, "Total Cost": 139259.41, "Plan Rows": 2112, "Plan Width": 20, "Plans": [{"Node Type": "Streaming(type: BROADCAST dop: 64/1)", "Parent Relationship": "Outer", "Startup Cost": 2436.12, "Total Cost": 139259.41, "Plan Rows": 2112, "Plan Width": 20, "Plans": [{"Node Type": "Hash Join", "Parent Relationship": "Outer", "Join Type": "Inner", "Startup Cost": 2436.12, "Total Cost": 76215.84, "Plan Rows": 33, "Plan Width": 20, "Inner Unique": true, "Hash Cond": "(mk.keyword_id = k.id)", "Plans": [{"Node Type": "Seq Scan", "Parent Relationship": "Outer", "Relation Name": "movie_keyword", "Alias": "mk", "Startup Cost": 0.0, "Total Cost": 62441.29, "Plan Rows": 4523929, "Plan Width": 8}, {"Node Type": "Hash", "Parent Relationship": "Inner", "Startup Cost": 2436.11, "Total Cost": 2436.11, "Plan Rows": 1, "Plan Width": 20, "Plans": [{"Node Type": "Seq Scan", "Parent Relationship": "Outer", "Relation Name": "keyword", "Alias": "k", "Startup Cost": 0.0, "Total Cost": 2436.11, "Plan Rows": 1, "Plan Width": 20, "Filter": "((keyword)::text = 'marvel-cinematic-universe'::text)"}]}]}]}]}]}]}, {"Node Type": "Hash", "Parent Relationship": "Inner", "Startup Cost": 72112.93, "Total Cost": 72112.93, "Plan Rows": 391451, "Plan Width": 21, "Plans": [{"Node Type": "Streaming(type: LOCAL GATHER dop: 1/64)", "Parent Relationship": "Outer", "Startup Cost": 0.0, "Total Cost": 72112.93, "Plan Rows": 391451, "Plan Width": 21, "Plans": [{"Node Type": "Seq Scan", "Parent Relationship": "Outer", "Relation Name": "title", "Alias": "t", "Startup Cost": 0.0, "Total Cost": 64037.34, "Plan Rows": 391451, "Plan Width": 21, "Filter": "(production_year > 2010), (LLVM Optimized)"}]}]}]}, {"Node Type": "Hash", "Parent Relationship": "Inner", "Startup Cost": 64625.6, "Total Cost": 64625.6, "Plan Rows": 415, "Plan Width": 19, "Plans": [{"Node Type": "Streaming(type: LOCAL GATHER dop: 1/64)", "Parent Relationship": "Outer", "Startup Cost": 0.0, "Total Cost": 64625.6, "Plan Rows": 415, "Plan Width": 19, "Plans": [{"Node Type": "Seq Scan", "Parent Relationship": "Outer", "Relation Name": "name", "Alias": "n", "Startup Cost": 0.0, "Total Cost": 64617.04, "Plan Rows": 415, "Plan Width": 19, "Filter": "((name)::text ~~ '%Downey%Robert%'::text)"}]}]}]}]}, "Unique SQL Id": 4208751436, "Planner Runtime": 14}, "explain_analyze_plan": null}, "(64, '111')": {"explain_plan": {"Plan": {"Node Type": "Aggregate", "Strategy": "Plain", "Startup Cost": 5000201430682.96, "Total Cost": 5000201430682.97, "Plan Rows": 1, "Plan Width": 144, "Plans": [{"Node Type": "Hash Join", "Parent Relationship": "Outer", "Join Type": "Inner", "Startup Cost": 3020201099152.21, "Total Cost": 5000201430681.32, "Plan Rows": 218, "Plan Width": 48, "Inner Unique": true, "Hash Cond": "(mk.movie_id = t.id)", "Plans": [{"Node Type": "Hash Join", "Parent Relationship": "Outer", "Join Type": "Inner", "Startup Cost": 2020189450132.41, "Total Cost": 4000189781658.58, "Plan Rows": 202, "Plan Width": 39, "Inner Unique": false, "Hash Cond": "(mk.movie_id = ci.movie_id)", "Plans": [{"Node Type": "Nested Loop", "Parent Relationship": "Outer", "Join Type": "Inner", "Startup Cost": 20000000004.51, "Total Cost": 2000000331530.23, "Plan Rows": 33, "Plan Width": 20, "Inner Unique": false, "Plans": [{"Node Type": "Index Scan", "Parent Relationship": "Outer", "Scan Direction": "Forward", "Index Name": "keyword_pkey", "Relation Name": "keyword", "Alias": "k", "Startup Cost": 10000000000.0, "Total Cost": 1000000318271.68, "Plan Rows": 1, "Plan Width": 20, "Filter": "((keyword)::text = 'marvel-cinematic-universe'::text)"}, {"Node Type": "Bitmap Heap Scan", "Parent Relationship": "Inner", "Relation Name": "movie_keyword", "Alias": "mk", "Startup Cost": 10000000004.51, "Total Cost": 1000000013258.21, "Plan Rows": 33, "Plan Width": 8, "Recheck Cond": "(keyword_id = k.id)", "Plans": [{"Node Type": "Bitmap Index Scan", "Parent Relationship": "Outer", "Index Name": "keyword_id_movie_keyword", "Startup Cost": 0.0, "Total Cost": 4.5, "Plan Rows": 33, "Plan Width": 0, "Index Cond": "(keyword_id = k.id)"}]}]}, {"Node Type": "Hash", "Parent Relationship": "Inner", "Startup Cost": 2000189450033.9, "Total Cost": 2000189450033.9, "Plan Rows": 7520, "Plan Width": 19, "Plans": [{"Node Type": "Hash Join", "Parent Relationship": "Outer", "Join Type": "Inner", "Startup Cost": 1010018665152.39, "Total Cost": 2000189450033.9, "Plan Rows": 7520, "Plan Width": 19, "Inner Unique": true, "Hash Cond": "(ci.person_id = n.id)", "Plans": [{"Node Type": "Index Scan", "Parent Relationship": "Outer", "Scan Direction": "Forward", "Index Name": "person_id_cast_info", "Relation Name": "cast_info", "Alias": "ci", "Startup Cost": 10000000000.0, "Total Cost": 1000170648833.21, "Plan Rows": 36259494, "Plan Width": 8}, {"Node Type": "Hash", "Parent Relationship": "Inner", "Startup Cost": 1000018665147.2, "Total Cost": 1000018665147.2, "Plan Rows": 415, "Plan Width": 19, "Plans": [{"Node Type": "Index Scan", "Parent Relationship": "Outer", "Scan Direction": "Forward", "Index Name": "name_pkey", "Relation Name": "name", "Alias": "n", "Startup Cost": 10000000000.0, "Total Cost": 1000018665147.2, "Plan Rows": 415, "Plan Width": 19, "Filter": "((name)::text ~~ '%Downey%Robert%'::text)"}]}]}]}]}, {"Node Type": "Hash", "Parent Relationship": "Inner", "Startup Cost": 1000011644126.66, "Total Cost": 1000011644126.66, "Plan Rows": 391451, "Plan Width": 21, "Plans": [{"Node Type": "Index Scan", "Parent Relationship": "Outer", "Scan Direction": "Forward", "Index Name": "title_pkey", "Relation Name": "title", "Alias": "t", "Startup Cost": 10000000000.0, "Total Cost": 1000011644126.66, "Plan Rows": 391451, "Plan Width": 21, "Filter": "(production_year > 2010), (LLVM Optimized)"}]}]}]}, "Unique SQL Id": 4208751436, "Planner Runtime": 5}, "explain_analyze_plan": null}, "(64, '112')": {"explain_plan": {"Plan": {"Node Type": "Aggregate", "Strategy": "Plain", "Startup Cost": 2653.12, "Total Cost": 2653.13, "Plan Rows": 1, "Plan Width": 144, "Plans": [{"Node Type": "Nested Loop", "Parent Relationship": "Outer", "Join Type": "Inner", "Startup Cost": 4.51, "Total Cost": 2653.12, "Plan Rows": 1, "Plan Width": 48, "Inner Unique": true, "Join Filter": "(mk.movie_id = t.id)", "Plans": [{"Node Type": "Nested Loop", "Parent Relationship": "Outer", "Join Type": "Inner", "Startup Cost": 4.51, "Total Cost": 2652.83, "Plan Rows": 1, "Plan Width": 39, "Inner Unique": true, "Plans": [{"Node Type": "Nested Loop", "Parent Relationship": "Outer", "Join Type": "Inner", "Startup Cost": 4.51, "Total Cost": 2594.27, "Plan Rows": 202, "Plan Width": 28, "Inner Unique": false, "Plans": [{"Node Type": "Nested Loop", "Parent Relationship": "Outer", "Join Type": "Inner", "Startup Cost": 4.51, "Total Cost": 2569.02, "Plan Rows": 33, "Plan Width": 20, "Inner Unique": false, "Plans": [{"Node Type": "Seq Scan", "Parent Relationship": "Outer", "Relation Name": "keyword", "Alias": "k", "Startup Cost": 0.0, "Total Cost": 2436.11, "Plan Rows": 1, "Plan Width": 20, "Filter": "((keyword)::text = 'marvel-cinematic-universe'::text)"}, {"Node Type": "Bitmap Heap Scan", "Parent Relationship": "Inner", "Relation Name": "movie_keyword", "Alias": "mk", "Startup Cost": 4.51, "Total Cost": 132.58, "Plan Rows": 33, "Plan Width": 8, "Recheck Cond": "(keyword_id = k.id)", "Plans": [{"Node Type": "Bitmap Index Scan", "Parent Relationship": "Outer", "Index Name": "keyword_id_movie_keyword", "Startup Cost": 0.0, "Total Cost": 4.5, "Plan Rows": 33, "Plan Width": 0, "Index Cond": "(keyword_id = k.id)"}]}]}, {"Node Type": "Index Scan", "Parent Relationship": "Inner", "Scan Direction": "Forward", "Index Name": "movie_id_cast_info", "Relation Name": "cast_info", "Alias": "ci", "Startup Cost": 0.0, "Total Cost": 0.7, "Plan Rows": 6, "Plan Width": 8, "Index Cond": "(movie_id = mk.movie_id)"}]}, {"Node Type": "Index Scan", "Parent Relationship": "Inner", "Scan Direction": "Forward", "Index Name": "name_pkey", "Relation Name": "name", "Alias": "n", "Startup Cost": 0.0, "Total Cost": 0.28, "Plan Rows": 1, "Plan Width": 19, "Index Cond": "(id = ci.person_id)", "Filter": "((name)::text ~~ '%Downey%Robert%'::text)"}]}, {"Node Type": "Index Scan", "Parent Relationship": "Inner", "Scan Direction": "Forward", "Index Name": "title_pkey", "Relation Name": "title", "Alias": "t", "Startup Cost": 0.0, "Total Cost": 0.28, "Plan Rows": 1, "Plan Width": 21, "Index Cond": "(id = ci.movie_id)", "Filter": "(production_year > 2010)"}]}]}, "Unique SQL Id": 4208751436, "Planner Runtime": 2}, "explain_analyze_plan": {"Plan": {"Node Type": "Aggregate", "Strategy": "Plain", "Startup Cost": 2653.12, "Total Cost": 2653.13, "Plan Rows": 1, "Plan Width": 144, "Actual Startup Time": 53.108, "Actual Total Time": 53.108, "Actual Rows": 1, "Actual Loops": 1, "Plans": [{"Node Type": "Nested Loop", "Parent Relationship": "Outer", "Join Type": "Inner", "Startup Cost": 4.51, "Total Cost": 2653.12, "Plan Rows": 1, "Plan Width": 48, "Actual Startup Time": 3.077, "Actual Total Time": 53.078, "Actual Rows": 6, "Actual Loops": 1, "Inner Unique": true, "Join Filter": "(mk.movie_id = t.id)", "Rows Removed by Join Filter": 0, "Plans": [{"Node Type": "Nested Loop", "Parent Relationship": "Outer", "Join Type": "Inner", "Startup Cost": 4.51, "Total Cost": 2652.83, "Plan Rows": 1, "Plan Width": 39, "Actual Startup Time": 3.044, "Actual Total Time": 53.008, "Actual Rows": 6, "Actual Loops": 1, "Inner Unique": true, "Plans": [{"Node Type": "Nested Loop", "Parent Relationship": "Outer", "Join Type": "Inner", "Startup Cost": 4.51, "Total Cost": 2594.27, "Plan Rows": 202, "Plan Width": 28, "Actual Startup Time": 1.158, "Actual Total Time": 45.186, "Actual Rows": 1242, "Actual Loops": 1, "Inner Unique": false, "Plans": [{"Node Type": "Nested Loop", "Parent Relationship": "Outer", "Join Type": "Inner", "Startup Cost": 4.51, "Total Cost": 2569.02, "Plan Rows": 33, "Plan Width": 20, "Actual Startup Time": 1.138, "Actual Total Time": 42.528, "Actual Rows": 14, "Actual Loops": 1, "Inner Unique": false, "Plans": [{"Node Type": "Seq Scan", "Parent Relationship": "Outer", "Relation Name": "keyword", "Alias": "k", "Startup Cost": 0.0, "Total Cost": 2436.11, "Plan Rows": 1, "Plan Width": 20, "Actual Startup Time": 1.095, "Actual Total Time": 42.442, "Actual Rows": 1, "Actual Loops": 1, "Filter": "((keyword)::text = 'marvel-cinematic-universe'::text)", "Rows Removed by Filter": 134168}, {"Node Type": "Bitmap Heap Scan", "Parent Relationship": "Inner", "Relation Name": "movie_keyword", "Alias": "mk", "Startup Cost": 4.51, "Total Cost": 132.58, "Plan Rows": 33, "Plan Width": 8, "Actual Startup Time": 0.035, "Actual Total Time": 0.069, "Actual Rows": 14, "Actual Loops": 1, "Recheck Cond": "(keyword_id = k.id)", "Rows Removed by Index Recheck": 0, "Exact Heap Blocks": 13, "Lossy Heap Blocks": 13, "Plans": [{"Node Type": "Bitmap Index Scan", "Parent Relationship": "Outer", "Index Name": "keyword_id_movie_keyword", "Startup Cost": 0.0, "Total Cost": 4.5, "Plan Rows": 33, "Plan Width": 0, "Actual Startup Time": 0.021, "Actual Total Time": 0.021, "Actual Rows": 14, "Actual Loops": 1, "Index Cond": "(keyword_id = k.id)"}]}]}, {"Node Type": "Index Scan", "Parent Relationship": "Inner", "Scan Direction": "Forward", "Index Name": "movie_id_cast_info", "Relation Name": "cast_info", "Alias": "ci", "Startup Cost": 0.0, "Total Cost": 0.7, "Plan Rows": 6, "Plan Width": 8, "Actual Startup Time": 0.192, "Actual Total Time": 2.354, "Actual Rows": 1242, "Actual Loops": 14, "Index Cond": "(movie_id = mk.movie_id)", "Rows Removed by Index Recheck": 0}]}, {"Node Type": "Index Scan", "Parent Relationship": "Inner", "Scan Direction": "Forward", "Index Name": "name_pkey", "Relation Name": "name", "Alias": "n", "Startup Cost": 0.0, "Total Cost": 0.28, "Plan Rows": 1, "Plan Width": 19, "Actual Startup Time": 7.222, "Actual Total Time": 7.222, "Actual Rows": 6, "Actual Loops": 1242, "Index Cond": "(id = ci.person_id)", "Rows Removed by Index Recheck": 0, "Filter": "((name)::text ~~ '%Downey%Robert%'::text)", "Rows Removed by Filter": 1236}]}, {"Node Type": "Index Scan", "Parent Relationship": "Inner", "Scan Direction": "Forward", "Index Name": "title_pkey", "Relation Name": "title", "Alias": "t", "Startup Cost": 0.0, "Total Cost": 0.28, "Plan Rows": 1, "Plan Width": 21, "Actual Startup Time": 0.048, "Actual Total Time": 0.048, "Actual Rows": 6, "Actual Loops": 6, "Index Cond": "(id = ci.movie_id)", "Rows Removed by Index Recheck": 0, "Filter": "(production_year > 2010)", "Rows Removed by Filter": 0}]}]}, "Triggers": [], "Planner Runtime": 9.728, "Total Runtime": 53.358, "Unique SQL Id": 4208751436}}, "(64, '113')": {"explain_plan": {"Plan": {"Node Type": "Aggregate", "Strategy": "Plain", "Startup Cost": 3399.73, "Total Cost": 3399.74, "Plan Rows": 1, "Plan Width": 144, "Plans": [{"Node Type": "Nested Loop", "Parent Relationship": "Outer", "Join Type": "Inner", "Startup Cost": 4.51, "Total Cost": 3399.72, "Plan Rows": 1, "Plan Width": 48, "Inner Unique": true, "Join Filter": "(mk.movie_id = t.id)", "Plans": [{"Node Type": "Nested Loop", "Parent Relationship": "Outer", "Join Type": "Inner", "Startup Cost": 4.51, "Total Cost": 3399.43, "Plan Rows": 1, "Plan Width": 39, "Inner Unique": true, "Plans": [{"Node Type": "Nested Loop", "Parent Relationship": "Outer", "Join Type": "Inner", "Startup Cost": 4.51, "Total Cost": 3340.87, "Plan Rows": 202, "Plan Width": 28, "Inner Unique": false, "Plans": [{"Node Type": "Nested Loop", "Parent Relationship": "Outer", "Join Type": "Inner", "Startup Cost": 4.51, "Total Cost": 3315.63, "Plan Rows": 33, "Plan Width": 20, "Inner Unique": false, "Plans": [{"Node Type": "Index Scan", "Parent Relationship": "Outer", "Scan Direction": "Forward", "Index Name": "keyword_pkey", "Relation Name": "keyword", "Alias": "k", "Startup Cost": 0.0, "Total Cost": 3182.72, "Plan Rows": 1, "Plan Width": 20, "Filter": "((keyword)::text = 'marvel-cinematic-universe'::text)"}, {"Node Type": "Bitmap Heap Scan", "Parent Relationship": "Inner", "Relation Name": "movie_keyword", "Alias": "mk", "Startup Cost": 4.51, "Total Cost": 132.58, "Plan Rows": 33, "Plan Width": 8, "Recheck Cond": "(keyword_id = k.id)", "Plans": [{"Node Type": "Bitmap Index Scan", "Parent Relationship": "Outer", "Index Name": "keyword_id_movie_keyword", "Startup Cost": 0.0, "Total Cost": 4.5, "Plan Rows": 33, "Plan Width": 0, "Index Cond": "(keyword_id = k.id)"}]}]}, {"Node Type": "Index Scan", "Parent Relationship": "Inner", "Scan Direction": "Forward", "Index Name": "movie_id_cast_info", "Relation Name": "cast_info", "Alias": "ci", "Startup Cost": 0.0, "Total Cost": 0.7, "Plan Rows": 6, "Plan Width": 8, "Index Cond": "(movie_id = mk.movie_id)"}]}, {"Node Type": "Index Scan", "Parent Relationship": "Inner", "Scan Direction": "Forward", "Index Name": "name_pkey", "Relation Name": "name", "Alias": "n", "Startup Cost": 0.0, "Total Cost": 0.28, "Plan Rows": 1, "Plan Width": 19, "Index Cond": "(id = ci.person_id)", "Filter": "((name)::text ~~ '%Downey%Robert%'::text)"}]}, {"Node Type": "Index Scan", "Parent Relationship": "Inner", "Scan Direction": "Forward", "Index Name": "title_pkey", "Relation Name": "title", "Alias": "t", "Startup Cost": 0.0, "Total Cost": 0.28, "Plan Rows": 1, "Plan Width": 21, "Index Cond": "(id = ci.movie_id)", "Filter": "(production_year > 2010)"}]}]}, "Unique SQL Id": 4208751436, "Planner Runtime": 1}, "explain_analyze_plan": {"Plan": {"Node Type": "Aggregate", "Strategy": "Plain", "Startup Cost": 3399.73, "Total Cost": 3399.74, "Plan Rows": 1, "Plan Width": 144, "Actual Startup Time": 139.429, "Actual Total Time": 139.43, "Actual Rows": 1, "Actual Loops": 1, "Plans": [{"Node Type": "Nested Loop", "Parent Relationship": "Outer", "Join Type": "Inner", "Startup Cost": 4.51, "Total Cost": 3399.72, "Plan Rows": 1, "Plan Width": 48, "Actual Startup Time": 9.73, "Actual Total Time": 139.398, "Actual Rows": 6, "Actual Loops": 1, "Inner Unique": true, "Join Filter": "(mk.movie_id = t.id)", "Rows Removed by Join Filter": 0, "Plans": [{"Node Type": "Nested Loop", "Parent Relationship": "Outer", "Join Type": "Inner", "Startup Cost": 4.51, "Total Cost": 3399.43, "Plan Rows": 1, "Plan Width": 39, "Actual Startup Time": 9.698, "Actual Total Time": 139.332, "Actual Rows": 6, "Actual Loops": 1, "Inner Unique": true, "Plans": [{"Node Type": "Nested Loop", "Parent Relationship": "Outer", "Join Type": "Inner", "Startup Cost": 4.51, "Total Cost": 3340.87, "Plan Rows": 202, "Plan Width": 28, "Actual Startup Time": 8.151, "Actual Total Time": 132.477, "Actual Rows": 1242, "Actual Loops": 1, "Inner Unique": false, "Plans": [{"Node Type": "Nested Loop", "Parent Relationship": "Outer", "Join Type": "Inner", "Startup Cost": 4.51, "Total Cost": 3315.63, "Plan Rows": 33, "Plan Width": 20, "Actual Startup Time": 8.136, "Actual Total Time": 130.28, "Actual Rows": 14, "Actual Loops": 1, "Inner Unique": false, "Plans": [{"Node Type": "Index Scan", "Parent Relationship": "Outer", "Scan Direction": "Forward", "Index Name": "keyword_pkey", "Relation Name": "keyword", "Alias": "k", "Startup Cost": 0.0, "Total Cost": 3182.72, "Plan Rows": 1, "Plan Width": 20, "Actual Startup Time": 8.1, "Actual Total Time": 130.203, "Actual Rows": 1, "Actual Loops": 1, "Filter": "((keyword)::text = 'marvel-cinematic-universe'::text)", "Rows Removed by Filter": 134168}, {"Node Type": "Bitmap Heap Scan", "Parent Relationship": "Inner", "Relation Name": "movie_keyword", "Alias": "mk", "Startup Cost": 4.51, "Total Cost": 132.58, "Plan Rows": 33, "Plan Width": 8, "Actual Startup Time": 0.027, "Actual Total Time": 0.057, "Actual Rows": 14, "Actual Loops": 1, "Recheck Cond": "(keyword_id = k.id)", "Rows Removed by Index Recheck": 0, "Exact Heap Blocks": 13, "Lossy Heap Blocks": 13, "Plans": [{"Node Type": "Bitmap Index Scan", "Parent Relationship": "Outer", "Index Name": "keyword_id_movie_keyword", "Startup Cost": 0.0, "Total Cost": 4.5, "Plan Rows": 33, "Plan Width": 0, "Actual Startup Time": 0.016, "Actual Total Time": 0.016, "Actual Rows": 14, "Actual Loops": 1, "Index Cond": "(keyword_id = k.id)"}]}]}, {"Node Type": "Index Scan", "Parent Relationship": "Inner", "Scan Direction": "Forward", "Index Name": "movie_id_cast_info", "Relation Name": "cast_info", "Alias": "ci", "Startup Cost": 0.0, "Total Cost": 0.7, "Plan Rows": 6, "Plan Width": 8, "Actual Startup Time": 0.164, "Actual Total Time": 1.871, "Actual Rows": 1242, "Actual Loops": 14, "Index Cond": "(movie_id = mk.movie_id)", "Rows Removed by Index Recheck": 0}]}, {"Node Type": "Index Scan", "Parent Relationship": "Inner", "Scan Direction": "Forward", "Index Name": "name_pkey", "Relation Name": "name", "Alias": "n", "Startup Cost": 0.0, "Total Cost": 0.28, "Plan Rows": 1, "Plan Width": 19, "Actual Startup Time": 6.215, "Actual Total Time": 6.215, "Actual Rows": 6, "Actual Loops": 1242, "Index Cond": "(id = ci.person_id)", "Rows Removed by Index Recheck": 0, "Filter": "((name)::text ~~ '%Downey%Robert%'::text)", "Rows Removed by Filter": 1236}]}, {"Node Type": "Index Scan", "Parent Relationship": "Inner", "Scan Direction": "Forward", "Index Name": "title_pkey", "Relation Name": "title", "Alias": "t", "Startup Cost": 0.0, "Total Cost": 0.28, "Plan Rows": 1, "Plan Width": 21, "Actual Startup Time": 0.046, "Actual Total Time": 0.046, "Actual Rows": 6, "Actual Loops": 6, "Index Cond": "(id = ci.movie_id)", "Rows Removed by Index Recheck": 0, "Filter": "(production_year > 2010)", "Rows Removed by Filter": 0}]}]}, "Triggers": [], "Planner Runtime": 8.292, "Total Runtime": 139.725, "Unique SQL Id": 4208751436}}, "(64, '114')": {"explain_plan": {"Plan": {"Node Type": "Aggregate", "Strategy": "Plain", "Startup Cost": 3589.09, "Total Cost": 3589.1, "Plan Rows": 1, "Plan Width": 144, "Plans": [{"Node Type": "Nested Loop", "Parent Relationship": "Outer", "Join Type": "Inner", "Startup Cost": 5.44, "Total Cost": 3589.09, "Plan Rows": 1, "Plan Width": 48, "Inner Unique": true, "Join Filter": "(mk.movie_id = t.id)", "Plans": [{"Node Type": "Nested Loop", "Parent Relationship": "Outer", "Join Type": "Inner", "Startup Cost": 5.19, "Total Cost": 3584.8, "Plan Rows": 1, "Plan Width": 39, "Inner Unique": true, "Plans": [{"Node Type": "Nested Loop", "Parent Relationship": "Outer", "Join Type": "Inner", "Startup Cost": 4.93, "Total Cost": 2719.34, "Plan Rows": 202, "Plan Width": 28, "Inner Unique": false, "Plans": [{"Node Type": "Nested Loop", "Parent Relationship": "Outer", "Join Type": "Inner", "Startup Cost": 4.51, "Total Cost": 2569.02, "Plan Rows": 33, "Plan Width": 20, "Inner Unique": false, "Plans": [{"Node Type": "Seq Scan", "Parent Relationship": "Outer", "Relation Name": "keyword", "Alias": "k", "Startup Cost": 0.0, "Total Cost": 2436.11, "Plan Rows": 1, "Plan Width": 20, "Filter": "((keyword)::text = 'marvel-cinematic-universe'::text)"}, {"Node Type": "Bitmap Heap Scan", "Parent Relationship": "Inner", "Relation Name": "movie_keyword", "Alias": "mk", "Startup Cost": 4.51, "Total Cost": 132.58, "Plan Rows": 33, "Plan Width": 8, "Recheck Cond": "(keyword_id = k.id)", "Plans": [{"Node Type": "Bitmap Index Scan", "Parent Relationship": "Outer", "Index Name": "keyword_id_movie_keyword", "Startup Cost": 0.0, "Total Cost": 4.5, "Plan Rows": 33, "Plan Width": 0, "Index Cond": "(keyword_id = k.id)"}]}]}, {"Node Type": "Bitmap Heap Scan", "Parent Relationship": "Inner", "Relation Name": "cast_info", "Alias": "ci", "Startup Cost": 0.42, "Total Cost": 4.49, "Plan Rows": 6, "Plan Width": 8, "Recheck Cond": "(movie_id = mk.movie_id)", "Plans": [{"Node Type": "Bitmap Index Scan", "Parent Relationship": "Outer", "Index Name": "movie_id_cast_info", "Startup Cost": 0.0, "Total Cost": 0.42, "Plan Rows": 6, "Plan Width": 0, "Index Cond": "(movie_id = mk.movie_id)"}]}]}, {"Node Type": "Bitmap Heap Scan", "Parent Relationship": "Inner", "Relation Name": "name", "Alias": "n", "Startup Cost": 0.26, "Total Cost": 4.27, "Plan Rows": 1, "Plan Width": 19, "Recheck Cond": "(id = ci.person_id)", "Filter": "((name)::text ~~ '%Downey%Robert%'::text)", "Plans": [{"Node Type": "Bitmap Index Scan", "Parent Relationship": "Outer", "Index Name": "name_pkey", "Startup Cost": 0.0, "Total Cost": 0.26, "Plan Rows": 1, "Plan Width": 0, "Index Cond": "(id = ci.person_id)"}]}]}, {"Node Type": "Bitmap Heap Scan", "Parent Relationship": "Inner", "Relation Name": "title", "Alias": "t", "Startup Cost": 0.26, "Total Cost": 4.27, "Plan Rows": 1, "Plan Width": 21, "Recheck Cond": "(id = ci.movie_id)", "Filter": "(production_year > 2010)", "Plans": [{"Node Type": "Bitmap Index Scan", "Parent Relationship": "Outer", "Index Name": "title_pkey", "Startup Cost": 0.0, "Total Cost": 0.26, "Plan Rows": 1, "Plan Width": 0, "Index Cond": "(id = ci.movie_id)"}]}]}]}, "Unique SQL Id": 4208751436, "Planner Runtime": 3}, "explain_analyze_plan": {"Plan": {"Node Type": "Aggregate", "Strategy": "Plain", "Startup Cost": 3589.09, "Total Cost": 3589.1, "Plan Rows": 1, "Plan Width": 144, "Actual Startup Time": 56.399, "Actual Total Time": 56.4, "Actual Rows": 1, "Actual Loops": 1, "Plans": [{"Node Type": "Nested Loop", "Parent Relationship": "Outer", "Join Type": "Inner", "Startup Cost": 5.44, "Total Cost": 3589.09, "Plan Rows": 1, "Plan Width": 48, "Actual Startup Time": 3.751, "Actual Total Time": 56.357, "Actual Rows": 6, "Actual Loops": 1, "Inner Unique": true, "Join Filter": "(mk.movie_id = t.id)", "Rows Removed by Join Filter": 0, "Plans": [{"Node Type": "Nested Loop", "Parent Relationship": "Outer", "Join Type": "Inner", "Startup Cost": 5.19, "Total Cost": 3584.8, "Plan Rows": 1, "Plan Width": 39, "Actual Startup Time": 3.731, "Actual Total Time": 56.287, "Actual Rows": 6, "Actual Loops": 1, "Inner Unique": true, "Plans": [{"Node Type": "Nested Loop", "Parent Relationship": "Outer", "Join Type": "Inner", "Startup Cost": 4.93, "Total Cost": 2719.34, "Plan Rows": 202, "Plan Width": 28, "Actual Startup Time": 1.193, "Actual Total Time": 46.267, "Actual Rows": 1242, "Actual Loops": 1, "Inner Unique": false, "Plans": [{"Node Type": "Nested Loop", "Parent Relationship": "Outer", "Join Type": "Inner", "Startup Cost": 4.51, "Total Cost": 2569.02, "Plan Rows": 33, "Plan Width": 20, "Actual Startup Time": 1.162, "Actual Total Time": 42.805, "Actual Rows": 14, "Actual Loops": 1, "Inner Unique": false, "Plans": [{"Node Type": "Seq Scan", "Parent Relationship": "Outer", "Relation Name": "keyword", "Alias": "k", "Startup Cost": 0.0, "Total Cost": 2436.11, "Plan Rows": 1, "Plan Width": 20, "Actual Startup Time": 1.113, "Actual Total Time": 42.716, "Actual Rows": 1, "Actual Loops": 1, "Filter": "((keyword)::text = 'marvel-cinematic-universe'::text)", "Rows Removed by Filter": 134168}, {"Node Type": "Bitmap Heap Scan", "Parent Relationship": "Inner", "Relation Name": "movie_keyword", "Alias": "mk", "Startup Cost": 4.51, "Total Cost": 132.58, "Plan Rows": 33, "Plan Width": 8, "Actual Startup Time": 0.042, "Actual Total Time": 0.073, "Actual Rows": 14, "Actual Loops": 1, "Recheck Cond": "(keyword_id = k.id)", "Rows Removed by Index Recheck": 0, "Exact Heap Blocks": 13, "Lossy Heap Blocks": 13, "Plans": [{"Node Type": "Bitmap Index Scan", "Parent Relationship": "Outer", "Index Name": "keyword_id_movie_keyword", "Startup Cost": 0.0, "Total Cost": 4.5, "Plan Rows": 33, "Plan Width": 0, "Actual Startup Time": 0.025, "Actual Total Time": 0.025, "Actual Rows": 14, "Actual Loops": 1, "Index Cond": "(keyword_id = k.id)"}]}]}, {"Node Type": "Bitmap Heap Scan", "Parent Relationship": "Inner", "Relation Name": "cast_info", "Alias": "ci", "Startup Cost": 0.42, "Total Cost": 4.49, "Plan Rows": 6, "Plan Width": 8, "Actual Startup Time": 0.65, "Actual Total Time": 3.078, "Actual Rows": 1242, "Actual Loops": 14, "Recheck Cond": "(movie_id = mk.movie_id)", "Rows Removed by Index Recheck": 0, "Exact Heap Blocks": 1184, "Lossy Heap Blocks": 1184, "Plans": [{"Node Type": "Bitmap Index Scan", "Parent Relationship": "Outer", "Index Name": "movie_id_cast_info", "Startup Cost": 0.0, "Total Cost": 0.42, "Plan Rows": 6, "Plan Width": 0, "Actual Startup Time": 0.428, "Actual Total Time": 0.428, "Actual Rows": 1242, "Actual Loops": 14, "Index Cond": "(movie_id = mk.movie_id)"}]}]}, {"Node Type": "Bitmap Heap Scan", "Parent Relationship": "Inner", "Relation Name": "name", "Alias": "n", "Startup Cost": 0.26, "Total Cost": 4.27, "Plan Rows": 1, "Plan Width": 19, "Actual Startup Time": 8.61, "Actual Total Time": 8.61, "Actual Rows": 6, "Actual Loops": 1242, "Recheck Cond": "(id = ci.person_id)", "Rows Removed by Index Recheck": 0, "Filter": "((name)::text ~~ '%Downey%Robert%'::text)", "Rows Removed by Filter": 1236, "Exact Heap Blocks": 1242, "Lossy Heap Blocks": 1242, "Plans": [{"Node Type": "Bitmap Index Scan", "Parent Relationship": "Outer", "Index Name": "name_pkey", "Startup Cost": 0.0, "Total Cost": 0.26, "Plan Rows": 1, "Plan Width": 0, "Actual Startup Time": 5.106, "Actual Total Time": 5.106, "Actual Rows": 1242, "Actual Loops": 1242, "Index Cond": "(id = ci.person_id)"}]}]}, {"Node Type": "Bitmap Heap Scan", "Parent Relationship": "Inner", "Relation Name": "title", "Alias": "t", "Startup Cost": 0.26, "Total Cost": 4.27, "Plan Rows": 1, "Plan Width": 21, "Actual Startup Time": 0.052, "Actual Total Time": 0.052, "Actual Rows": 6, "Actual Loops": 6, "Recheck Cond": "(id = ci.movie_id)", "Rows Removed by Index Recheck": 0, "Filter": "(production_year > 2010)", "Rows Removed by Filter": 0, "Exact Heap Blocks": 6, "Lossy Heap Blocks": 6, "Plans": [{"Node Type": "Bitmap Index Scan", "Parent Relationship": "Outer", "Index Name": "title_pkey", "Startup Cost": 0.0, "Total Cost": 0.26, "Plan Rows": 1, "Plan Width": 0, "Actual Startup Time": 0.029, "Actual Total Time": 0.029, "Actual Rows": 6, "Actual Loops": 6, "Index Cond": "(id = ci.movie_id)"}]}]}]}, "Triggers": [], "Planner Runtime": 6.887, "Total Runtime": 56.702, "Unique SQL Id": 4208751436}}, "(64, '115')": {"explain_plan": {"Plan": {"Node Type": "Aggregate", "Strategy": "Plain", "Startup Cost": 4308.19, "Total Cost": 4308.2, "Plan Rows": 1, "Plan Width": 144, "Plans": [{"Node Type": "Nested Loop", "Parent Relationship": "Outer", "Join Type": "Inner", "Startup Cost": 724.54, "Total Cost": 4308.18, "Plan Rows": 1, "Plan Width": 48, "Inner Unique": true, "Join Filter": "(mk.movie_id = t.id)", "Plans": [{"Node Type": "Nested Loop", "Parent Relationship": "Outer", "Join Type": "Inner", "Startup Cost": 724.28, "Total Cost": 4303.89, "Plan Rows": 1, "Plan Width": 39, "Inner Unique": true, "Plans": [{"Node Type": "Nested Loop", "Parent Relationship": "Outer", "Join Type": "Inner", "Startup Cost": 724.02, "Total Cost": 3438.43, "Plan Rows": 202, "Plan Width": 28, "Inner Unique": false, "Plans": [{"Node Type": "Nested Loop", "Parent Relationship": "Outer", "Join Type": "Inner", "Startup Cost": 723.6, "Total Cost": 3288.12, "Plan Rows": 33, "Plan Width": 20, "Inner Unique": false, "Plans": [{"Node Type": "Bitmap Heap Scan", "Parent Relationship": "Outer", "Relation Name": "keyword", "Alias": "k", "Startup Cost": 719.1, "Total Cost": 3155.21, "Plan Rows": 1, "Plan Width": 20, "Filter": "((keyword)::text = 'marvel-cinematic-universe'::text)", "Plans": [{"Node Type": "Bitmap Index Scan", "Parent Relationship": "Outer", "Index Name": "keyword_pkey", "Startup Cost": 0.0, "Total Cost": 719.1, "Plan Rows": 134169, "Plan Width": 0}]}, {"Node Type": "Bitmap Heap Scan", "Parent Relationship": "Inner", "Relation Name": "movie_keyword", "Alias": "mk", "Startup Cost": 4.51, "Total Cost": 132.58, "Plan Rows": 33, "Plan Width": 8, "Recheck Cond": "(keyword_id = k.id)", "Plans": [{"Node Type": "Bitmap Index Scan", "Parent Relationship": "Outer", "Index Name": "keyword_id_movie_keyword", "Startup Cost": 0.0, "Total Cost": 4.5, "Plan Rows": 33, "Plan Width": 0, "Index Cond": "(keyword_id = k.id)"}]}]}, {"Node Type": "Bitmap Heap Scan", "Parent Relationship": "Inner", "Relation Name": "cast_info", "Alias": "ci", "Startup Cost": 0.42, "Total Cost": 4.49, "Plan Rows": 6, "Plan Width": 8, "Recheck Cond": "(movie_id = mk.movie_id)", "Plans": [{"Node Type": "Bitmap Index Scan", "Parent Relationship": "Outer", "Index Name": "movie_id_cast_info", "Startup Cost": 0.0, "Total Cost": 0.42, "Plan Rows": 6, "Plan Width": 0, "Index Cond": "(movie_id = mk.movie_id)"}]}]}, {"Node Type": "Bitmap Heap Scan", "Parent Relationship": "Inner", "Relation Name": "name", "Alias": "n", "Startup Cost": 0.26, "Total Cost": 4.27, "Plan Rows": 1, "Plan Width": 19, "Recheck Cond": "(id = ci.person_id)", "Filter": "((name)::text ~~ '%Downey%Robert%'::text)", "Plans": [{"Node Type": "Bitmap Index Scan", "Parent Relationship": "Outer", "Index Name": "name_pkey", "Startup Cost": 0.0, "Total Cost": 0.26, "Plan Rows": 1, "Plan Width": 0, "Index Cond": "(id = ci.person_id)"}]}]}, {"Node Type": "Bitmap Heap Scan", "Parent Relationship": "Inner", "Relation Name": "title", "Alias": "t", "Startup Cost": 0.26, "Total Cost": 4.27, "Plan Rows": 1, "Plan Width": 21, "Recheck Cond": "(id = ci.movie_id)", "Filter": "(production_year > 2010)", "Plans": [{"Node Type": "Bitmap Index Scan", "Parent Relationship": "Outer", "Index Name": "title_pkey", "Startup Cost": 0.0, "Total Cost": 0.26, "Plan Rows": 1, "Plan Width": 0, "Index Cond": "(id = ci.movie_id)"}]}]}]}, "Unique SQL Id": 4208751436, "Planner Runtime": 1}, "explain_analyze_plan": {"Plan": {"Node Type": "Aggregate", "Strategy": "Plain", "Startup Cost": 4308.19, "Total Cost": 4308.2, "Plan Rows": 1, "Plan Width": 144, "Actual Startup Time": 76.71, "Actual Total Time": 76.711, "Actual Rows": 1, "Actual Loops": 1, "Plans": [{"Node Type": "Nested Loop", "Parent Relationship": "Outer", "Join Type": "Inner", "Startup Cost": 724.54, "Total Cost": 4308.18, "Plan Rows": 1, "Plan Width": 48, "Actual Startup Time": 14.836, "Actual Total Time": 76.674, "Actual Rows": 6, "Actual Loops": 1, "Inner Unique": true, "Join Filter": "(mk.movie_id = t.id)", "Rows Removed by Join Filter": 0, "Plans": [{"Node Type": "Nested Loop", "Parent Relationship": "Outer", "Join Type": "Inner", "Startup Cost": 724.28, "Total Cost": 4303.89, "Plan Rows": 1, "Plan Width": 39, "Actual Startup Time": 14.813, "Actual Total Time": 76.604, "Actual Rows": 6, "Actual Loops": 1, "Inner Unique": true, "Plans": [{"Node Type": "Nested Loop", "Parent Relationship": "Outer", "Join Type": "Inner", "Startup Cost": 724.02, "Total Cost": 3438.43, "Plan Rows": 202, "Plan Width": 28, "Actual Startup Time": 12.392, "Actual Total Time": 66.845, "Actual Rows": 1242, "Actual Loops": 1, "Inner Unique": false, "Plans": [{"Node Type": "Nested Loop", "Parent Relationship": "Outer", "Join Type": "Inner", "Startup Cost": 723.6, "Total Cost": 3288.12, "Plan Rows": 33, "Plan Width": 20, "Actual Startup Time": 12.361, "Actual Total Time": 63.474, "Actual Rows": 14, "Actual Loops": 1, "Inner Unique": false, "Plans": [{"Node Type": "Bitmap Heap Scan", "Parent Relationship": "Outer", "Relation Name": "keyword", "Alias": "k", "Startup Cost": 719.1, "Total Cost": 3155.21, "Plan Rows": 1, "Plan Width": 20, "Actual Startup Time": 12.321, "Actual Total Time": 63.397, "Actual Rows": 1, "Actual Loops": 1, "Filter": "((keyword)::text = 'marvel-cinematic-universe'::text)", "Rows Removed by Filter": 134168, "Exact Heap Blocks": 759, "Lossy Heap Blocks": 759, "Plans": [{"Node Type": "Bitmap Index Scan", "Parent Relationship": "Outer", "Index Name": "keyword_pkey", "Startup Cost": 0.0, "Total Cost": 719.1, "Plan Rows": 134169, "Plan Width": 0, "Actual Startup Time": 10.793, "Actual Total Time": 10.793, "Actual Rows": 134169, "Actual Loops": 1}]}, {"Node Type": "Bitmap Heap Scan", "Parent Relationship": "Inner", "Relation Name": "movie_keyword", "Alias": "mk", "Startup Cost": 4.51, "Total Cost": 132.58, "Plan Rows": 33, "Plan Width": 8, "Actual Startup Time": 0.029, "Actual Total Time": 0.058, "Actual Rows": 14, "Actual Loops": 1, "Recheck Cond": "(keyword_id = k.id)", "Rows Removed by Index Recheck": 0, "Exact Heap Blocks": 13, "Lossy Heap Blocks": 13, "Plans": [{"Node Type": "Bitmap Index Scan", "Parent Relationship": "Outer", "Index Name": "keyword_id_movie_keyword", "Startup Cost": 0.0, "Total Cost": 4.5, "Plan Rows": 33, "Plan Width": 0, "Actual Startup Time": 0.02, "Actual Total Time": 0.02, "Actual Rows": 14, "Actual Loops": 1, "Index Cond": "(keyword_id = k.id)"}]}]}, {"Node Type": "Bitmap Heap Scan", "Parent Relationship": "Inner", "Relation Name": "cast_info", "Alias": "ci", "Startup Cost": 0.42, "Total Cost": 4.49, "Plan Rows": 6, "Plan Width": 8, "Actual Startup Time": 0.642, "Actual Total Time": 3.025, "Actual Rows": 1242, "Actual Loops": 14, "Recheck Cond": "(movie_id = mk.movie_id)", "Rows Removed by Index Recheck": 0, "Exact Heap Blocks": 1184, "Lossy Heap Blocks": 1184, "Plans": [{"Node Type": "Bitmap Index Scan", "Parent Relationship": "Outer", "Index Name": "movie_id_cast_info", "Startup Cost": 0.0, "Total Cost": 0.42, "Plan Rows": 6, "Plan Width": 0, "Actual Startup Time": 0.417, "Actual Total Time": 0.417, "Actual Rows": 1242, "Actual Loops": 14, "Index Cond": "(movie_id = mk.movie_id)"}]}]}, {"Node Type": "Bitmap Heap Scan", "Parent Relationship": "Inner", "Relation Name": "name", "Alias": "n", "Startup Cost": 0.26, "Total Cost": 4.27, "Plan Rows": 1, "Plan Width": 19, "Actual Startup Time": 8.355, "Actual Total Time": 8.355, "Actual Rows": 6, "Actual Loops": 1242, "Recheck Cond": "(id = ci.person_id)", "Rows Removed by Index Recheck": 0, "Filter": "((name)::text ~~ '%Downey%Robert%'::text)", "Rows Removed by Filter": 1236, "Exact Heap Blocks": 1242, "Lossy Heap Blocks": 1242, "Plans": [{"Node Type": "Bitmap Index Scan", "Parent Relationship": "Outer", "Index Name": "name_pkey", "Startup Cost": 0.0, "Total Cost": 0.26, "Plan Rows": 1, "Plan Width": 0, "Actual Startup Time": 4.979, "Actual Total Time": 4.979, "Actual Rows": 1242, "Actual Loops": 1242, "Index Cond": "(id = ci.person_id)"}]}]}, {"Node Type": "Bitmap Heap Scan", "Parent Relationship": "Inner", "Relation Name": "title", "Alias": "t", "Startup Cost": 0.26, "Total Cost": 4.27, "Plan Rows": 1, "Plan Width": 21, "Actual Startup Time": 0.051, "Actual Total Time": 0.051, "Actual Rows": 6, "Actual Loops": 6, "Recheck Cond": "(id = ci.movie_id)", "Rows Removed by Index Recheck": 0, "Filter": "(production_year > 2010)", "Rows Removed by Filter": 0, "Exact Heap Blocks": 6, "Lossy Heap Blocks": 6, "Plans": [{"Node Type": "Bitmap Index Scan", "Parent Relationship": "Outer", "Index Name": "title_pkey", "Startup Cost": 0.0, "Total Cost": 0.26, "Plan Rows": 1, "Plan Width": 0, "Actual Startup Time": 0.027, "Actual Total Time": 0.027, "Actual Rows": 6, "Actual Loops": 6, "Index Cond": "(id = ci.movie_id)"}]}]}]}, "Triggers": [], "Planner Runtime": 2.692, "Total Runtime": 77.002, "Unique SQL Id": 4208751436}}, "(64, '116')": {"explain_plan": {"Plan": {"Node Type": "Aggregate", "Strategy": "Plain", "Startup Cost": 2653.12, "Total Cost": 2653.13, "Plan Rows": 1, "Plan Width": 144, "Plans": [{"Node Type": "Nested Loop", "Parent Relationship": "Outer", "Join Type": "Inner", "Startup Cost": 4.51, "Total Cost": 2653.12, "Plan Rows": 1, "Plan Width": 48, "Inner Unique": true, "Join Filter": "(mk.movie_id = t.id)", "Plans": [{"Node Type": "Nested Loop", "Parent Relationship": "Outer", "Join Type": "Inner", "Startup Cost": 4.51, "Total Cost": 2652.83, "Plan Rows": 1, "Plan Width": 39, "Inner Unique": true, "Plans": [{"Node Type": "Nested Loop", "Parent Relationship": "Outer", "Join Type": "Inner", "Startup Cost": 4.51, "Total Cost": 2594.27, "Plan Rows": 202, "Plan Width": 28, "Inner Unique": false, "Plans": [{"Node Type": "Nested Loop", "Parent Relationship": "Outer", "Join Type": "Inner", "Startup Cost": 4.51, "Total Cost": 2569.02, "Plan Rows": 33, "Plan Width": 20, "Inner Unique": false, "Plans": [{"Node Type": "Seq Scan", "Parent Relationship": "Outer", "Relation Name": "keyword", "Alias": "k", "Startup Cost": 0.0, "Total Cost": 2436.11, "Plan Rows": 1, "Plan Width": 20, "Filter": "((keyword)::text = 'marvel-cinematic-universe'::text)"}, {"Node Type": "Bitmap Heap Scan", "Parent Relationship": "Inner", "Relation Name": "movie_keyword", "Alias": "mk", "Startup Cost": 4.51, "Total Cost": 132.58, "Plan Rows": 33, "Plan Width": 8, "Recheck Cond": "(keyword_id = k.id)", "Plans": [{"Node Type": "Bitmap Index Scan", "Parent Relationship": "Outer", "Index Name": "keyword_id_movie_keyword", "Startup Cost": 0.0, "Total Cost": 4.5, "Plan Rows": 33, "Plan Width": 0, "Index Cond": "(keyword_id = k.id)"}]}]}, {"Node Type": "Index Scan", "Parent Relationship": "Inner", "Scan Direction": "Forward", "Index Name": "movie_id_cast_info", "Relation Name": "cast_info", "Alias": "ci", "Startup Cost": 0.0, "Total Cost": 0.7, "Plan Rows": 6, "Plan Width": 8, "Index Cond": "(movie_id = mk.movie_id)"}]}, {"Node Type": "Index Scan", "Parent Relationship": "Inner", "Scan Direction": "Forward", "Index Name": "name_pkey", "Relation Name": "name", "Alias": "n", "Startup Cost": 0.0, "Total Cost": 0.28, "Plan Rows": 1, "Plan Width": 19, "Index Cond": "(id = ci.person_id)", "Filter": "((name)::text ~~ '%Downey%Robert%'::text)"}]}, {"Node Type": "Index Scan", "Parent Relationship": "Inner", "Scan Direction": "Forward", "Index Name": "title_pkey", "Relation Name": "title", "Alias": "t", "Startup Cost": 0.0, "Total Cost": 0.28, "Plan Rows": 1, "Plan Width": 21, "Index Cond": "(id = ci.movie_id)", "Filter": "(production_year > 2010)"}]}]}, "Unique SQL Id": 4208751436, "Planner Runtime": 2}, "explain_analyze_plan": {"Plan": {"Node Type": "Aggregate", "Strategy": "Plain", "Startup Cost": 2653.12, "Total Cost": 2653.13, "Plan Rows": 1, "Plan Width": 144, "Actual Startup Time": 53.108, "Actual Total Time": 53.108, "Actual Rows": 1, "Actual Loops": 1, "Plans": [{"Node Type": "Nested Loop", "Parent Relationship": "Outer", "Join Type": "Inner", "Startup Cost": 4.51, "Total Cost": 2653.12, "Plan Rows": 1, "Plan Width": 48, "Actual Startup Time": 3.077, "Actual Total Time": 53.078, "Actual Rows": 6, "Actual Loops": 1, "Inner Unique": true, "Join Filter": "(mk.movie_id = t.id)", "Rows Removed by Join Filter": 0, "Plans": [{"Node Type": "Nested Loop", "Parent Relationship": "Outer", "Join Type": "Inner", "Startup Cost": 4.51, "Total Cost": 2652.83, "Plan Rows": 1, "Plan Width": 39, "Actual Startup Time": 3.044, "Actual Total Time": 53.008, "Actual Rows": 6, "Actual Loops": 1, "Inner Unique": true, "Plans": [{"Node Type": "Nested Loop", "Parent Relationship": "Outer", "Join Type": "Inner", "Startup Cost": 4.51, "Total Cost": 2594.27, "Plan Rows": 202, "Plan Width": 28, "Actual Startup Time": 1.158, "Actual Total Time": 45.186, "Actual Rows": 1242, "Actual Loops": 1, "Inner Unique": false, "Plans": [{"Node Type": "Nested Loop", "Parent Relationship": "Outer", "Join Type": "Inner", "Startup Cost": 4.51, "Total Cost": 2569.02, "Plan Rows": 33, "Plan Width": 20, "Actual Startup Time": 1.138, "Actual Total Time": 42.528, "Actual Rows": 14, "Actual Loops": 1, "Inner Unique": false, "Plans": [{"Node Type": "Seq Scan", "Parent Relationship": "Outer", "Relation Name": "keyword", "Alias": "k", "Startup Cost": 0.0, "Total Cost": 2436.11, "Plan Rows": 1, "Plan Width": 20, "Actual Startup Time": 1.095, "Actual Total Time": 42.442, "Actual Rows": 1, "Actual Loops": 1, "Filter": "((keyword)::text = 'marvel-cinematic-universe'::text)", "Rows Removed by Filter": 134168}, {"Node Type": "Bitmap Heap Scan", "Parent Relationship": "Inner", "Relation Name": "movie_keyword", "Alias": "mk", "Startup Cost": 4.51, "Total Cost": 132.58, "Plan Rows": 33, "Plan Width": 8, "Actual Startup Time": 0.035, "Actual Total Time": 0.069, "Actual Rows": 14, "Actual Loops": 1, "Recheck Cond": "(keyword_id = k.id)", "Rows Removed by Index Recheck": 0, "Exact Heap Blocks": 13, "Lossy Heap Blocks": 13, "Plans": [{"Node Type": "Bitmap Index Scan", "Parent Relationship": "Outer", "Index Name": "keyword_id_movie_keyword", "Startup Cost": 0.0, "Total Cost": 4.5, "Plan Rows": 33, "Plan Width": 0, "Actual Startup Time": 0.021, "Actual Total Time": 0.021, "Actual Rows": 14, "Actual Loops": 1, "Index Cond": "(keyword_id = k.id)"}]}]}, {"Node Type": "Index Scan", "Parent Relationship": "Inner", "Scan Direction": "Forward", "Index Name": "movie_id_cast_info", "Relation Name": "cast_info", "Alias": "ci", "Startup Cost": 0.0, "Total Cost": 0.7, "Plan Rows": 6, "Plan Width": 8, "Actual Startup Time": 0.192, "Actual Total Time": 2.354, "Actual Rows": 1242, "Actual Loops": 14, "Index Cond": "(movie_id = mk.movie_id)", "Rows Removed by Index Recheck": 0}]}, {"Node Type": "Index Scan", "Parent Relationship": "Inner", "Scan Direction": "Forward", "Index Name": "name_pkey", "Relation Name": "name", "Alias": "n", "Startup Cost": 0.0, "Total Cost": 0.28, "Plan Rows": 1, "Plan Width": 19, "Actual Startup Time": 7.222, "Actual Total Time": 7.222, "Actual Rows": 6, "Actual Loops": 1242, "Index Cond": "(id = ci.person_id)", "Rows Removed by Index Recheck": 0, "Filter": "((name)::text ~~ '%Downey%Robert%'::text)", "Rows Removed by Filter": 1236}]}, {"Node Type": "Index Scan", "Parent Relationship": "Inner", "Scan Direction": "Forward", "Index Name": "title_pkey", "Relation Name": "title", "Alias": "t", "Startup Cost": 0.0, "Total Cost": 0.28, "Plan Rows": 1, "Plan Width": 21, "Actual Startup Time": 0.048, "Actual Total Time": 0.048, "Actual Rows": 6, "Actual Loops": 6, "Index Cond": "(id = ci.movie_id)", "Rows Removed by Index Recheck": 0, "Filter": "(production_year > 2010)", "Rows Removed by Filter": 0}]}]}, "Triggers": [], "Planner Runtime": 9.728, "Total Runtime": 53.358, "Unique SQL Id": 4208751436}}, "(64, '117')": {"explain_plan": {"Plan": {"Node Type": "Aggregate", "Strategy": "Plain", "Startup Cost": 3399.73, "Total Cost": 3399.74, "Plan Rows": 1, "Plan Width": 144, "Plans": [{"Node Type": "Nested Loop", "Parent Relationship": "Outer", "Join Type": "Inner", "Startup Cost": 4.51, "Total Cost": 3399.72, "Plan Rows": 1, "Plan Width": 48, "Inner Unique": true, "Join Filter": "(mk.movie_id = t.id)", "Plans": [{"Node Type": "Nested Loop", "Parent Relationship": "Outer", "Join Type": "Inner", "Startup Cost": 4.51, "Total Cost": 3399.43, "Plan Rows": 1, "Plan Width": 39, "Inner Unique": true, "Plans": [{"Node Type": "Nested Loop", "Parent Relationship": "Outer", "Join Type": "Inner", "Startup Cost": 4.51, "Total Cost": 3340.87, "Plan Rows": 202, "Plan Width": 28, "Inner Unique": false, "Plans": [{"Node Type": "Nested Loop", "Parent Relationship": "Outer", "Join Type": "Inner", "Startup Cost": 4.51, "Total Cost": 3315.63, "Plan Rows": 33, "Plan Width": 20, "Inner Unique": false, "Plans": [{"Node Type": "Index Scan", "Parent Relationship": "Outer", "Scan Direction": "Forward", "Index Name": "keyword_pkey", "Relation Name": "keyword", "Alias": "k", "Startup Cost": 0.0, "Total Cost": 3182.72, "Plan Rows": 1, "Plan Width": 20, "Filter": "((keyword)::text = 'marvel-cinematic-universe'::text)"}, {"Node Type": "Bitmap Heap Scan", "Parent Relationship": "Inner", "Relation Name": "movie_keyword", "Alias": "mk", "Startup Cost": 4.51, "Total Cost": 132.58, "Plan Rows": 33, "Plan Width": 8, "Recheck Cond": "(keyword_id = k.id)", "Plans": [{"Node Type": "Bitmap Index Scan", "Parent Relationship": "Outer", "Index Name": "keyword_id_movie_keyword", "Startup Cost": 0.0, "Total Cost": 4.5, "Plan Rows": 33, "Plan Width": 0, "Index Cond": "(keyword_id = k.id)"}]}]}, {"Node Type": "Index Scan", "Parent Relationship": "Inner", "Scan Direction": "Forward", "Index Name": "movie_id_cast_info", "Relation Name": "cast_info", "Alias": "ci", "Startup Cost": 0.0, "Total Cost": 0.7, "Plan Rows": 6, "Plan Width": 8, "Index Cond": "(movie_id = mk.movie_id)"}]}, {"Node Type": "Index Scan", "Parent Relationship": "Inner", "Scan Direction": "Forward", "Index Name": "name_pkey", "Relation Name": "name", "Alias": "n", "Startup Cost": 0.0, "Total Cost": 0.28, "Plan Rows": 1, "Plan Width": 19, "Index Cond": "(id = ci.person_id)", "Filter": "((name)::text ~~ '%Downey%Robert%'::text)"}]}, {"Node Type": "Index Scan", "Parent Relationship": "Inner", "Scan Direction": "Forward", "Index Name": "title_pkey", "Relation Name": "title", "Alias": "t", "Startup Cost": 0.0, "Total Cost": 0.28, "Plan Rows": 1, "Plan Width": 21, "Index Cond": "(id = ci.movie_id)", "Filter": "(production_year > 2010)"}]}]}, "Unique SQL Id": 4208751436, "Planner Runtime": 1}, "explain_analyze_plan": {"Plan": {"Node Type": "Aggregate", "Strategy": "Plain", "Startup Cost": 3399.73, "Total Cost": 3399.74, "Plan Rows": 1, "Plan Width": 144, "Actual Startup Time": 139.429, "Actual Total Time": 139.43, "Actual Rows": 1, "Actual Loops": 1, "Plans": [{"Node Type": "Nested Loop", "Parent Relationship": "Outer", "Join Type": "Inner", "Startup Cost": 4.51, "Total Cost": 3399.72, "Plan Rows": 1, "Plan Width": 48, "Actual Startup Time": 9.73, "Actual Total Time": 139.398, "Actual Rows": 6, "Actual Loops": 1, "Inner Unique": true, "Join Filter": "(mk.movie_id = t.id)", "Rows Removed by Join Filter": 0, "Plans": [{"Node Type": "Nested Loop", "Parent Relationship": "Outer", "Join Type": "Inner", "Startup Cost": 4.51, "Total Cost": 3399.43, "Plan Rows": 1, "Plan Width": 39, "Actual Startup Time": 9.698, "Actual Total Time": 139.332, "Actual Rows": 6, "Actual Loops": 1, "Inner Unique": true, "Plans": [{"Node Type": "Nested Loop", "Parent Relationship": "Outer", "Join Type": "Inner", "Startup Cost": 4.51, "Total Cost": 3340.87, "Plan Rows": 202, "Plan Width": 28, "Actual Startup Time": 8.151, "Actual Total Time": 132.477, "Actual Rows": 1242, "Actual Loops": 1, "Inner Unique": false, "Plans": [{"Node Type": "Nested Loop", "Parent Relationship": "Outer", "Join Type": "Inner", "Startup Cost": 4.51, "Total Cost": 3315.63, "Plan Rows": 33, "Plan Width": 20, "Actual Startup Time": 8.136, "Actual Total Time": 130.28, "Actual Rows": 14, "Actual Loops": 1, "Inner Unique": false, "Plans": [{"Node Type": "Index Scan", "Parent Relationship": "Outer", "Scan Direction": "Forward", "Index Name": "keyword_pkey", "Relation Name": "keyword", "Alias": "k", "Startup Cost": 0.0, "Total Cost": 3182.72, "Plan Rows": 1, "Plan Width": 20, "Actual Startup Time": 8.1, "Actual Total Time": 130.203, "Actual Rows": 1, "Actual Loops": 1, "Filter": "((keyword)::text = 'marvel-cinematic-universe'::text)", "Rows Removed by Filter": 134168}, {"Node Type": "Bitmap Heap Scan", "Parent Relationship": "Inner", "Relation Name": "movie_keyword", "Alias": "mk", "Startup Cost": 4.51, "Total Cost": 132.58, "Plan Rows": 33, "Plan Width": 8, "Actual Startup Time": 0.027, "Actual Total Time": 0.057, "Actual Rows": 14, "Actual Loops": 1, "Recheck Cond": "(keyword_id = k.id)", "Rows Removed by Index Recheck": 0, "Exact Heap Blocks": 13, "Lossy Heap Blocks": 13, "Plans": [{"Node Type": "Bitmap Index Scan", "Parent Relationship": "Outer", "Index Name": "keyword_id_movie_keyword", "Startup Cost": 0.0, "Total Cost": 4.5, "Plan Rows": 33, "Plan Width": 0, "Actual Startup Time": 0.016, "Actual Total Time": 0.016, "Actual Rows": 14, "Actual Loops": 1, "Index Cond": "(keyword_id = k.id)"}]}]}, {"Node Type": "Index Scan", "Parent Relationship": "Inner", "Scan Direction": "Forward", "Index Name": "movie_id_cast_info", "Relation Name": "cast_info", "Alias": "ci", "Startup Cost": 0.0, "Total Cost": 0.7, "Plan Rows": 6, "Plan Width": 8, "Actual Startup Time": 0.164, "Actual Total Time": 1.871, "Actual Rows": 1242, "Actual Loops": 14, "Index Cond": "(movie_id = mk.movie_id)", "Rows Removed by Index Recheck": 0}]}, {"Node Type": "Index Scan", "Parent Relationship": "Inner", "Scan Direction": "Forward", "Index Name": "name_pkey", "Relation Name": "name", "Alias": "n", "Startup Cost": 0.0, "Total Cost": 0.28, "Plan Rows": 1, "Plan Width": 19, "Actual Startup Time": 6.215, "Actual Total Time": 6.215, "Actual Rows": 6, "Actual Loops": 1242, "Index Cond": "(id = ci.person_id)", "Rows Removed by Index Recheck": 0, "Filter": "((name)::text ~~ '%Downey%Robert%'::text)", "Rows Removed by Filter": 1236}]}, {"Node Type": "Index Scan", "Parent Relationship": "Inner", "Scan Direction": "Forward", "Index Name": "title_pkey", "Relation Name": "title", "Alias": "t", "Startup Cost": 0.0, "Total Cost": 0.28, "Plan Rows": 1, "Plan Width": 21, "Actual Startup Time": 0.046, "Actual Total Time": 0.046, "Actual Rows": 6, "Actual Loops": 6, "Index Cond": "(id = ci.movie_id)", "Rows Removed by Index Recheck": 0, "Filter": "(production_year > 2010)", "Rows Removed by Filter": 0}]}]}, "Triggers": [], "Planner Runtime": 8.292, "Total Runtime": 139.725, "Unique SQL Id": 4208751436}}, "(64, '118')": {"explain_plan": {"Plan": {"Node Type": "Aggregate", "Strategy": "Plain", "Startup Cost": 3589.09, "Total Cost": 3589.1, "Plan Rows": 1, "Plan Width": 144, "Plans": [{"Node Type": "Nested Loop", "Parent Relationship": "Outer", "Join Type": "Inner", "Startup Cost": 5.44, "Total Cost": 3589.09, "Plan Rows": 1, "Plan Width": 48, "Inner Unique": true, "Join Filter": "(mk.movie_id = t.id)", "Plans": [{"Node Type": "Nested Loop", "Parent Relationship": "Outer", "Join Type": "Inner", "Startup Cost": 5.19, "Total Cost": 3584.8, "Plan Rows": 1, "Plan Width": 39, "Inner Unique": true, "Plans": [{"Node Type": "Nested Loop", "Parent Relationship": "Outer", "Join Type": "Inner", "Startup Cost": 4.93, "Total Cost": 2719.34, "Plan Rows": 202, "Plan Width": 28, "Inner Unique": false, "Plans": [{"Node Type": "Nested Loop", "Parent Relationship": "Outer", "Join Type": "Inner", "Startup Cost": 4.51, "Total Cost": 2569.02, "Plan Rows": 33, "Plan Width": 20, "Inner Unique": false, "Plans": [{"Node Type": "Seq Scan", "Parent Relationship": "Outer", "Relation Name": "keyword", "Alias": "k", "Startup Cost": 0.0, "Total Cost": 2436.11, "Plan Rows": 1, "Plan Width": 20, "Filter": "((keyword)::text = 'marvel-cinematic-universe'::text)"}, {"Node Type": "Bitmap Heap Scan", "Parent Relationship": "Inner", "Relation Name": "movie_keyword", "Alias": "mk", "Startup Cost": 4.51, "Total Cost": 132.58, "Plan Rows": 33, "Plan Width": 8, "Recheck Cond": "(keyword_id = k.id)", "Plans": [{"Node Type": "Bitmap Index Scan", "Parent Relationship": "Outer", "Index Name": "keyword_id_movie_keyword", "Startup Cost": 0.0, "Total Cost": 4.5, "Plan Rows": 33, "Plan Width": 0, "Index Cond": "(keyword_id = k.id)"}]}]}, {"Node Type": "Bitmap Heap Scan", "Parent Relationship": "Inner", "Relation Name": "cast_info", "Alias": "ci", "Startup Cost": 0.42, "Total Cost": 4.49, "Plan Rows": 6, "Plan Width": 8, "Recheck Cond": "(movie_id = mk.movie_id)", "Plans": [{"Node Type": "Bitmap Index Scan", "Parent Relationship": "Outer", "Index Name": "movie_id_cast_info", "Startup Cost": 0.0, "Total Cost": 0.42, "Plan Rows": 6, "Plan Width": 0, "Index Cond": "(movie_id = mk.movie_id)"}]}]}, {"Node Type": "Bitmap Heap Scan", "Parent Relationship": "Inner", "Relation Name": "name", "Alias": "n", "Startup Cost": 0.26, "Total Cost": 4.27, "Plan Rows": 1, "Plan Width": 19, "Recheck Cond": "(id = ci.person_id)", "Filter": "((name)::text ~~ '%Downey%Robert%'::text)", "Plans": [{"Node Type": "Bitmap Index Scan", "Parent Relationship": "Outer", "Index Name": "name_pkey", "Startup Cost": 0.0, "Total Cost": 0.26, "Plan Rows": 1, "Plan Width": 0, "Index Cond": "(id = ci.person_id)"}]}]}, {"Node Type": "Bitmap Heap Scan", "Parent Relationship": "Inner", "Relation Name": "title", "Alias": "t", "Startup Cost": 0.26, "Total Cost": 4.27, "Plan Rows": 1, "Plan Width": 21, "Recheck Cond": "(id = ci.movie_id)", "Filter": "(production_year > 2010)", "Plans": [{"Node Type": "Bitmap Index Scan", "Parent Relationship": "Outer", "Index Name": "title_pkey", "Startup Cost": 0.0, "Total Cost": 0.26, "Plan Rows": 1, "Plan Width": 0, "Index Cond": "(id = ci.movie_id)"}]}]}]}, "Unique SQL Id": 4208751436, "Planner Runtime": 3}, "explain_analyze_plan": {"Plan": {"Node Type": "Aggregate", "Strategy": "Plain", "Startup Cost": 3589.09, "Total Cost": 3589.1, "Plan Rows": 1, "Plan Width": 144, "Actual Startup Time": 56.399, "Actual Total Time": 56.4, "Actual Rows": 1, "Actual Loops": 1, "Plans": [{"Node Type": "Nested Loop", "Parent Relationship": "Outer", "Join Type": "Inner", "Startup Cost": 5.44, "Total Cost": 3589.09, "Plan Rows": 1, "Plan Width": 48, "Actual Startup Time": 3.751, "Actual Total Time": 56.357, "Actual Rows": 6, "Actual Loops": 1, "Inner Unique": true, "Join Filter": "(mk.movie_id = t.id)", "Rows Removed by Join Filter": 0, "Plans": [{"Node Type": "Nested Loop", "Parent Relationship": "Outer", "Join Type": "Inner", "Startup Cost": 5.19, "Total Cost": 3584.8, "Plan Rows": 1, "Plan Width": 39, "Actual Startup Time": 3.731, "Actual Total Time": 56.287, "Actual Rows": 6, "Actual Loops": 1, "Inner Unique": true, "Plans": [{"Node Type": "Nested Loop", "Parent Relationship": "Outer", "Join Type": "Inner", "Startup Cost": 4.93, "Total Cost": 2719.34, "Plan Rows": 202, "Plan Width": 28, "Actual Startup Time": 1.193, "Actual Total Time": 46.267, "Actual Rows": 1242, "Actual Loops": 1, "Inner Unique": false, "Plans": [{"Node Type": "Nested Loop", "Parent Relationship": "Outer", "Join Type": "Inner", "Startup Cost": 4.51, "Total Cost": 2569.02, "Plan Rows": 33, "Plan Width": 20, "Actual Startup Time": 1.162, "Actual Total Time": 42.805, "Actual Rows": 14, "Actual Loops": 1, "Inner Unique": false, "Plans": [{"Node Type": "Seq Scan", "Parent Relationship": "Outer", "Relation Name": "keyword", "Alias": "k", "Startup Cost": 0.0, "Total Cost": 2436.11, "Plan Rows": 1, "Plan Width": 20, "Actual Startup Time": 1.113, "Actual Total Time": 42.716, "Actual Rows": 1, "Actual Loops": 1, "Filter": "((keyword)::text = 'marvel-cinematic-universe'::text)", "Rows Removed by Filter": 134168}, {"Node Type": "Bitmap Heap Scan", "Parent Relationship": "Inner", "Relation Name": "movie_keyword", "Alias": "mk", "Startup Cost": 4.51, "Total Cost": 132.58, "Plan Rows": 33, "Plan Width": 8, "Actual Startup Time": 0.042, "Actual Total Time": 0.073, "Actual Rows": 14, "Actual Loops": 1, "Recheck Cond": "(keyword_id = k.id)", "Rows Removed by Index Recheck": 0, "Exact Heap Blocks": 13, "Lossy Heap Blocks": 13, "Plans": [{"Node Type": "Bitmap Index Scan", "Parent Relationship": "Outer", "Index Name": "keyword_id_movie_keyword", "Startup Cost": 0.0, "Total Cost": 4.5, "Plan Rows": 33, "Plan Width": 0, "Actual Startup Time": 0.025, "Actual Total Time": 0.025, "Actual Rows": 14, "Actual Loops": 1, "Index Cond": "(keyword_id = k.id)"}]}]}, {"Node Type": "Bitmap Heap Scan", "Parent Relationship": "Inner", "Relation Name": "cast_info", "Alias": "ci", "Startup Cost": 0.42, "Total Cost": 4.49, "Plan Rows": 6, "Plan Width": 8, "Actual Startup Time": 0.65, "Actual Total Time": 3.078, "Actual Rows": 1242, "Actual Loops": 14, "Recheck Cond": "(movie_id = mk.movie_id)", "Rows Removed by Index Recheck": 0, "Exact Heap Blocks": 1184, "Lossy Heap Blocks": 1184, "Plans": [{"Node Type": "Bitmap Index Scan", "Parent Relationship": "Outer", "Index Name": "movie_id_cast_info", "Startup Cost": 0.0, "Total Cost": 0.42, "Plan Rows": 6, "Plan Width": 0, "Actual Startup Time": 0.428, "Actual Total Time": 0.428, "Actual Rows": 1242, "Actual Loops": 14, "Index Cond": "(movie_id = mk.movie_id)"}]}]}, {"Node Type": "Bitmap Heap Scan", "Parent Relationship": "Inner", "Relation Name": "name", "Alias": "n", "Startup Cost": 0.26, "Total Cost": 4.27, "Plan Rows": 1, "Plan Width": 19, "Actual Startup Time": 8.61, "Actual Total Time": 8.61, "Actual Rows": 6, "Actual Loops": 1242, "Recheck Cond": "(id = ci.person_id)", "Rows Removed by Index Recheck": 0, "Filter": "((name)::text ~~ '%Downey%Robert%'::text)", "Rows Removed by Filter": 1236, "Exact Heap Blocks": 1242, "Lossy Heap Blocks": 1242, "Plans": [{"Node Type": "Bitmap Index Scan", "Parent Relationship": "Outer", "Index Name": "name_pkey", "Startup Cost": 0.0, "Total Cost": 0.26, "Plan Rows": 1, "Plan Width": 0, "Actual Startup Time": 5.106, "Actual Total Time": 5.106, "Actual Rows": 1242, "Actual Loops": 1242, "Index Cond": "(id = ci.person_id)"}]}]}, {"Node Type": "Bitmap Heap Scan", "Parent Relationship": "Inner", "Relation Name": "title", "Alias": "t", "Startup Cost": 0.26, "Total Cost": 4.27, "Plan Rows": 1, "Plan Width": 21, "Actual Startup Time": 0.052, "Actual Total Time": 0.052, "Actual Rows": 6, "Actual Loops": 6, "Recheck Cond": "(id = ci.movie_id)", "Rows Removed by Index Recheck": 0, "Filter": "(production_year > 2010)", "Rows Removed by Filter": 0, "Exact Heap Blocks": 6, "Lossy Heap Blocks": 6, "Plans": [{"Node Type": "Bitmap Index Scan", "Parent Relationship": "Outer", "Index Name": "title_pkey", "Startup Cost": 0.0, "Total Cost": 0.26, "Plan Rows": 1, "Plan Width": 0, "Actual Startup Time": 0.029, "Actual Total Time": 0.029, "Actual Rows": 6, "Actual Loops": 6, "Index Cond": "(id = ci.movie_id)"}]}]}]}, "Triggers": [], "Planner Runtime": 6.887, "Total Runtime": 56.702, "Unique SQL Id": 4208751436}}, "(64, '119')": {"explain_plan": {"Plan": {"Node Type": "Aggregate", "Strategy": "Plain", "Startup Cost": 4308.19, "Total Cost": 4308.2, "Plan Rows": 1, "Plan Width": 144, "Plans": [{"Node Type": "Nested Loop", "Parent Relationship": "Outer", "Join Type": "Inner", "Startup Cost": 724.54, "Total Cost": 4308.18, "Plan Rows": 1, "Plan Width": 48, "Inner Unique": true, "Join Filter": "(mk.movie_id = t.id)", "Plans": [{"Node Type": "Nested Loop", "Parent Relationship": "Outer", "Join Type": "Inner", "Startup Cost": 724.28, "Total Cost": 4303.89, "Plan Rows": 1, "Plan Width": 39, "Inner Unique": true, "Plans": [{"Node Type": "Nested Loop", "Parent Relationship": "Outer", "Join Type": "Inner", "Startup Cost": 724.02, "Total Cost": 3438.43, "Plan Rows": 202, "Plan Width": 28, "Inner Unique": false, "Plans": [{"Node Type": "Nested Loop", "Parent Relationship": "Outer", "Join Type": "Inner", "Startup Cost": 723.6, "Total Cost": 3288.12, "Plan Rows": 33, "Plan Width": 20, "Inner Unique": false, "Plans": [{"Node Type": "Bitmap Heap Scan", "Parent Relationship": "Outer", "Relation Name": "keyword", "Alias": "k", "Startup Cost": 719.1, "Total Cost": 3155.21, "Plan Rows": 1, "Plan Width": 20, "Filter": "((keyword)::text = 'marvel-cinematic-universe'::text)", "Plans": [{"Node Type": "Bitmap Index Scan", "Parent Relationship": "Outer", "Index Name": "keyword_pkey", "Startup Cost": 0.0, "Total Cost": 719.1, "Plan Rows": 134169, "Plan Width": 0}]}, {"Node Type": "Bitmap Heap Scan", "Parent Relationship": "Inner", "Relation Name": "movie_keyword", "Alias": "mk", "Startup Cost": 4.51, "Total Cost": 132.58, "Plan Rows": 33, "Plan Width": 8, "Recheck Cond": "(keyword_id = k.id)", "Plans": [{"Node Type": "Bitmap Index Scan", "Parent Relationship": "Outer", "Index Name": "keyword_id_movie_keyword", "Startup Cost": 0.0, "Total Cost": 4.5, "Plan Rows": 33, "Plan Width": 0, "Index Cond": "(keyword_id = k.id)"}]}]}, {"Node Type": "Bitmap Heap Scan", "Parent Relationship": "Inner", "Relation Name": "cast_info", "Alias": "ci", "Startup Cost": 0.42, "Total Cost": 4.49, "Plan Rows": 6, "Plan Width": 8, "Recheck Cond": "(movie_id = mk.movie_id)", "Plans": [{"Node Type": "Bitmap Index Scan", "Parent Relationship": "Outer", "Index Name": "movie_id_cast_info", "Startup Cost": 0.0, "Total Cost": 0.42, "Plan Rows": 6, "Plan Width": 0, "Index Cond": "(movie_id = mk.movie_id)"}]}]}, {"Node Type": "Bitmap Heap Scan", "Parent Relationship": "Inner", "Relation Name": "name", "Alias": "n", "Startup Cost": 0.26, "Total Cost": 4.27, "Plan Rows": 1, "Plan Width": 19, "Recheck Cond": "(id = ci.person_id)", "Filter": "((name)::text ~~ '%Downey%Robert%'::text)", "Plans": [{"Node Type": "Bitmap Index Scan", "Parent Relationship": "Outer", "Index Name": "name_pkey", "Startup Cost": 0.0, "Total Cost": 0.26, "Plan Rows": 1, "Plan Width": 0, "Index Cond": "(id = ci.person_id)"}]}]}, {"Node Type": "Bitmap Heap Scan", "Parent Relationship": "Inner", "Relation Name": "title", "Alias": "t", "Startup Cost": 0.26, "Total Cost": 4.27, "Plan Rows": 1, "Plan Width": 21, "Recheck Cond": "(id = ci.movie_id)", "Filter": "(production_year > 2010)", "Plans": [{"Node Type": "Bitmap Index Scan", "Parent Relationship": "Outer", "Index Name": "title_pkey", "Startup Cost": 0.0, "Total Cost": 0.26, "Plan Rows": 1, "Plan Width": 0, "Index Cond": "(id = ci.movie_id)"}]}]}]}, "Unique SQL Id": 4208751436, "Planner Runtime": 1}, "explain_analyze_plan": {"Plan": {"Node Type": "Aggregate", "Strategy": "Plain", "Startup Cost": 4308.19, "Total Cost": 4308.2, "Plan Rows": 1, "Plan Width": 144, "Actual Startup Time": 76.71, "Actual Total Time": 76.711, "Actual Rows": 1, "Actual Loops": 1, "Plans": [{"Node Type": "Nested Loop", "Parent Relationship": "Outer", "Join Type": "Inner", "Startup Cost": 724.54, "Total Cost": 4308.18, "Plan Rows": 1, "Plan Width": 48, "Actual Startup Time": 14.836, "Actual Total Time": 76.674, "Actual Rows": 6, "Actual Loops": 1, "Inner Unique": true, "Join Filter": "(mk.movie_id = t.id)", "Rows Removed by Join Filter": 0, "Plans": [{"Node Type": "Nested Loop", "Parent Relationship": "Outer", "Join Type": "Inner", "Startup Cost": 724.28, "Total Cost": 4303.89, "Plan Rows": 1, "Plan Width": 39, "Actual Startup Time": 14.813, "Actual Total Time": 76.604, "Actual Rows": 6, "Actual Loops": 1, "Inner Unique": true, "Plans": [{"Node Type": "Nested Loop", "Parent Relationship": "Outer", "Join Type": "Inner", "Startup Cost": 724.02, "Total Cost": 3438.43, "Plan Rows": 202, "Plan Width": 28, "Actual Startup Time": 12.392, "Actual Total Time": 66.845, "Actual Rows": 1242, "Actual Loops": 1, "Inner Unique": false, "Plans": [{"Node Type": "Nested Loop", "Parent Relationship": "Outer", "Join Type": "Inner", "Startup Cost": 723.6, "Total Cost": 3288.12, "Plan Rows": 33, "Plan Width": 20, "Actual Startup Time": 12.361, "Actual Total Time": 63.474, "Actual Rows": 14, "Actual Loops": 1, "Inner Unique": false, "Plans": [{"Node Type": "Bitmap Heap Scan", "Parent Relationship": "Outer", "Relation Name": "keyword", "Alias": "k", "Startup Cost": 719.1, "Total Cost": 3155.21, "Plan Rows": 1, "Plan Width": 20, "Actual Startup Time": 12.321, "Actual Total Time": 63.397, "Actual Rows": 1, "Actual Loops": 1, "Filter": "((keyword)::text = 'marvel-cinematic-universe'::text)", "Rows Removed by Filter": 134168, "Exact Heap Blocks": 759, "Lossy Heap Blocks": 759, "Plans": [{"Node Type": "Bitmap Index Scan", "Parent Relationship": "Outer", "Index Name": "keyword_pkey", "Startup Cost": 0.0, "Total Cost": 719.1, "Plan Rows": 134169, "Plan Width": 0, "Actual Startup Time": 10.793, "Actual Total Time": 10.793, "Actual Rows": 134169, "Actual Loops": 1}]}, {"Node Type": "Bitmap Heap Scan", "Parent Relationship": "Inner", "Relation Name": "movie_keyword", "Alias": "mk", "Startup Cost": 4.51, "Total Cost": 132.58, "Plan Rows": 33, "Plan Width": 8, "Actual Startup Time": 0.029, "Actual Total Time": 0.058, "Actual Rows": 14, "Actual Loops": 1, "Recheck Cond": "(keyword_id = k.id)", "Rows Removed by Index Recheck": 0, "Exact Heap Blocks": 13, "Lossy Heap Blocks": 13, "Plans": [{"Node Type": "Bitmap Index Scan", "Parent Relationship": "Outer", "Index Name": "keyword_id_movie_keyword", "Startup Cost": 0.0, "Total Cost": 4.5, "Plan Rows": 33, "Plan Width": 0, "Actual Startup Time": 0.02, "Actual Total Time": 0.02, "Actual Rows": 14, "Actual Loops": 1, "Index Cond": "(keyword_id = k.id)"}]}]}, {"Node Type": "Bitmap Heap Scan", "Parent Relationship": "Inner", "Relation Name": "cast_info", "Alias": "ci", "Startup Cost": 0.42, "Total Cost": 4.49, "Plan Rows": 6, "Plan Width": 8, "Actual Startup Time": 0.642, "Actual Total Time": 3.025, "Actual Rows": 1242, "Actual Loops": 14, "Recheck Cond": "(movie_id = mk.movie_id)", "Rows Removed by Index Recheck": 0, "Exact Heap Blocks": 1184, "Lossy Heap Blocks": 1184, "Plans": [{"Node Type": "Bitmap Index Scan", "Parent Relationship": "Outer", "Index Name": "movie_id_cast_info", "Startup Cost": 0.0, "Total Cost": 0.42, "Plan Rows": 6, "Plan Width": 0, "Actual Startup Time": 0.417, "Actual Total Time": 0.417, "Actual Rows": 1242, "Actual Loops": 14, "Index Cond": "(movie_id = mk.movie_id)"}]}]}, {"Node Type": "Bitmap Heap Scan", "Parent Relationship": "Inner", "Relation Name": "name", "Alias": "n", "Startup Cost": 0.26, "Total Cost": 4.27, "Plan Rows": 1, "Plan Width": 19, "Actual Startup Time": 8.355, "Actual Total Time": 8.355, "Actual Rows": 6, "Actual Loops": 1242, "Recheck Cond": "(id = ci.person_id)", "Rows Removed by Index Recheck": 0, "Filter": "((name)::text ~~ '%Downey%Robert%'::text)", "Rows Removed by Filter": 1236, "Exact Heap Blocks": 1242, "Lossy Heap Blocks": 1242, "Plans": [{"Node Type": "Bitmap Index Scan", "Parent Relationship": "Outer", "Index Name": "name_pkey", "Startup Cost": 0.0, "Total Cost": 0.26, "Plan Rows": 1, "Plan Width": 0, "Actual Startup Time": 4.979, "Actual Total Time": 4.979, "Actual Rows": 1242, "Actual Loops": 1242, "Index Cond": "(id = ci.person_id)"}]}]}, {"Node Type": "Bitmap Heap Scan", "Parent Relationship": "Inner", "Relation Name": "title", "Alias": "t", "Startup Cost": 0.26, "Total Cost": 4.27, "Plan Rows": 1, "Plan Width": 21, "Actual Startup Time": 0.051, "Actual Total Time": 0.051, "Actual Rows": 6, "Actual Loops": 6, "Recheck Cond": "(id = ci.movie_id)", "Rows Removed by Index Recheck": 0, "Filter": "(production_year > 2010)", "Rows Removed by Filter": 0, "Exact Heap Blocks": 6, "Lossy Heap Blocks": 6, "Plans": [{"Node Type": "Bitmap Index Scan", "Parent Relationship": "Outer", "Index Name": "title_pkey", "Startup Cost": 0.0, "Total Cost": 0.26, "Plan Rows": 1, "Plan Width": 0, "Actual Startup Time": 0.027, "Actual Total Time": 0.027, "Actual Rows": 6, "Actual Loops": 6, "Index Cond": "(id = ci.movie_id)"}]}]}]}, "Triggers": [], "Planner Runtime": 2.692, "Total Runtime": 77.002, "Unique SQL Id": 4208751436}}, "(64, '120')": {"explain_plan": {"Plan": {"Node Type": "Aggregate", "Strategy": "Plain", "Startup Cost": 2657.42, "Total Cost": 2657.43, "Plan Rows": 1, "Plan Width": 144, "Plans": [{"Node Type": "Nested Loop", "Parent Relationship": "Outer", "Join Type": "Inner", "Startup Cost": 0.0, "Total Cost": 2657.41, "Plan Rows": 1, "Plan Width": 48, "Inner Unique": true, "Join Filter": "(mk.movie_id = t.id)", "Plans": [{"Node Type": "Nested Loop", "Parent Relationship": "Outer", "Join Type": "Inner", "Startup Cost": 0.0, "Total Cost": 2657.12, "Plan Rows": 1, "Plan Width": 39, "Inner Unique": true, "Plans": [{"Node Type": "Nested Loop", "Parent Relationship": "Outer", "Join Type": "Inner", "Startup Cost": 0.0, "Total Cost": 2598.56, "Plan Rows": 202, "Plan Width": 28, "Inner Unique": false, "Plans": [{"Node Type": "Nested Loop", "Parent Relationship": "Outer", "Join Type": "Inner", "Startup Cost": 0.0, "Total Cost": 2573.32, "Plan Rows": 33, "Plan Width": 20, "Inner Unique": false, "Plans": [{"Node Type": "Seq Scan", "Parent Relationship": "Outer", "Relation Name": "keyword", "Alias": "k", "Startup Cost": 0.0, "Total Cost": 2436.11, "Plan Rows": 1, "Plan Width": 20, "Filter": "((keyword)::text = 'marvel-cinematic-universe'::text)"}, {"Node Type": "Index Scan", "Parent Relationship": "Inner", "Scan Direction": "Forward", "Index Name": "keyword_id_movie_keyword", "Relation Name": "movie_keyword", "Alias": "mk", "Startup Cost": 0.0, "Total Cost": 136.88, "Plan Rows": 33, "Plan Width": 8, "Index Cond": "(keyword_id = k.id)"}]}, {"Node Type": "Index Scan", "Parent Relationship": "Inner", "Scan Direction": "Forward", "Index Name": "movie_id_cast_info", "Relation Name": "cast_info", "Alias": "ci", "Startup Cost": 0.0, "Total Cost": 0.7, "Plan Rows": 6, "Plan Width": 8, "Index Cond": "(movie_id = mk.movie_id)"}]}, {"Node Type": "Index Scan", "Parent Relationship": "Inner", "Scan Direction": "Forward", "Index Name": "name_pkey", "Relation Name": "name", "Alias": "n", "Startup Cost": 0.0, "Total Cost": 0.28, "Plan Rows": 1, "Plan Width": 19, "Index Cond": "(id = ci.person_id)", "Filter": "((name)::text ~~ '%Downey%Robert%'::text)"}]}, {"Node Type": "Index Scan", "Parent Relationship": "Inner", "Scan Direction": "Forward", "Index Name": "title_pkey", "Relation Name": "title", "Alias": "t", "Startup Cost": 0.0, "Total Cost": 0.28, "Plan Rows": 1, "Plan Width": 21, "Index Cond": "(id = ci.movie_id)", "Filter": "(production_year > 2010)"}]}]}, "Unique SQL Id": 4208751436, "Planner Runtime": 2}, "explain_analyze_plan": {"Plan": {"Node Type": "Aggregate", "Strategy": "Plain", "Startup Cost": 2657.42, "Total Cost": 2657.43, "Plan Rows": 1, "Plan Width": 144, "Actual Startup Time": 53.179, "Actual Total Time": 53.179, "Actual Rows": 1, "Actual Loops": 1, "Plans": [{"Node Type": "Nested Loop", "Parent Relationship": "Outer", "Join Type": "Inner", "Startup Cost": 0.0, "Total Cost": 2657.41, "Plan Rows": 1, "Plan Width": 48, "Actual Startup Time": 3.067, "Actual Total Time": 53.134, "Actual Rows": 6, "Actual Loops": 1, "Inner Unique": true, "Join Filter": "(mk.movie_id = t.id)", "Rows Removed by Join Filter": 0, "Plans": [{"Node Type": "Nested Loop", "Parent Relationship": "Outer", "Join Type": "Inner", "Startup Cost": 0.0, "Total Cost": 2657.12, "Plan Rows": 1, "Plan Width": 39, "Actual Startup Time": 3.044, "Actual Total Time": 53.073, "Actual Rows": 6, "Actual Loops": 1, "Inner Unique": true, "Plans": [{"Node Type": "Nested Loop", "Parent Relationship": "Outer", "Join Type": "Inner", "Startup Cost": 0.0, "Total Cost": 2598.56, "Plan Rows": 202, "Plan Width": 28, "Actual Startup Time": 1.153, "Actual Total Time": 45.245, "Actual Rows": 1242, "Actual Loops": 1, "Inner Unique": false, "Plans": [{"Node Type": "Nested Loop", "Parent Relationship": "Outer", "Join Type": "Inner", "Startup Cost": 0.0, "Total Cost": 2573.32, "Plan Rows": 33, "Plan Width": 20, "Actual Startup Time": 1.139, "Actual Total Time": 42.599, "Actual Rows": 14, "Actual Loops": 1, "Inner Unique": false, "Plans": [{"Node Type": "Seq Scan", "Parent Relationship": "Outer", "Relation Name": "keyword", "Alias": "k", "Startup Cost": 0.0, "Total Cost": 2436.11, "Plan Rows": 1, "Plan Width": 20, "Actual Startup Time": 1.116, "Actual Total Time": 42.539, "Actual Rows": 1, "Actual Loops": 1, "Filter": "((keyword)::text = 'marvel-cinematic-universe'::text)", "Rows Removed by Filter": 134168}, {"Node Type": "Index Scan", "Parent Relationship": "Inner", "Scan Direction": "Forward", "Index Name": "keyword_id_movie_keyword", "Relation Name": "movie_keyword", "Alias": "mk", "Startup Cost": 0.0, "Total Cost": 136.88, "Plan Rows": 33, "Plan Width": 8, "Actual Startup Time": 0.018, "Actual Total Time": 0.043, "Actual Rows": 14, "Actual Loops": 1, "Index Cond": "(keyword_id = k.id)", "Rows Removed by Index Recheck": 0}]}, {"Node Type": "Index Scan", "Parent Relationship": "Inner", "Scan Direction": "Forward", "Index Name": "movie_id_cast_info", "Relation Name": "cast_info", "Alias": "ci", "Startup Cost": 0.0, "Total Cost": 0.7, "Plan Rows": 6, "Plan Width": 8, "Actual Startup Time": 0.179, "Actual Total Time": 2.353, "Actual Rows": 1242, "Actual Loops": 14, "Index Cond": "(movie_id = mk.movie_id)", "Rows Removed by Index Recheck": 0}]}, {"Node Type": "Index Scan", "Parent Relationship": "Inner", "Scan Direction": "Forward", "Index Name": "name_pkey", "Relation Name": "name", "Alias": "n", "Startup Cost": 0.0, "Total Cost": 0.28, "Plan Rows": 1, "Plan Width": 19, "Actual Startup Time": 7.21, "Actual Total Time": 7.21, "Actual Rows": 6, "Actual Loops": 1242, "Index Cond": "(id = ci.person_id)", "Rows Removed by Index Recheck": 0, "Filter": "((name)::text ~~ '%Downey%Robert%'::text)", "Rows Removed by Filter": 1236}]}, {"Node Type": "Index Scan", "Parent Relationship": "Inner", "Scan Direction": "Forward", "Index Name": "title_pkey", "Relation Name": "title", "Alias": "t", "Startup Cost": 0.0, "Total Cost": 0.28, "Plan Rows": 1, "Plan Width": 21, "Actual Startup Time": 0.042, "Actual Total Time": 0.042, "Actual Rows": 6, "Actual Loops": 6, "Index Cond": "(id = ci.movie_id)", "Rows Removed by Index Recheck": 0, "Filter": "(production_year > 2010)", "Rows Removed by Filter": 0}]}]}, "Triggers": [], "Planner Runtime": 9.561, "Total Runtime": 53.444, "Unique SQL Id": 4208751436}}, "(64, '121')": {"explain_plan": {"Plan": {"Node Type": "Aggregate", "Strategy": "Plain", "Startup Cost": 3404.02, "Total Cost": 3404.03, "Plan Rows": 1, "Plan Width": 144, "Plans": [{"Node Type": "Nested Loop", "Parent Relationship": "Outer", "Join Type": "Inner", "Startup Cost": 0.0, "Total Cost": 3404.01, "Plan Rows": 1, "Plan Width": 48, "Inner Unique": true, "Join Filter": "(mk.movie_id = t.id)", "Plans": [{"Node Type": "Nested Loop", "Parent Relationship": "Outer", "Join Type": "Inner", "Startup Cost": 0.0, "Total Cost": 3403.72, "Plan Rows": 1, "Plan Width": 39, "Inner Unique": true, "Plans": [{"Node Type": "Nested Loop", "Parent Relationship": "Outer", "Join Type": "Inner", "Startup Cost": 0.0, "Total Cost": 3345.17, "Plan Rows": 202, "Plan Width": 28, "Inner Unique": false, "Plans": [{"Node Type": "Nested Loop", "Parent Relationship": "Outer", "Join Type": "Inner", "Startup Cost": 0.0, "Total Cost": 3319.92, "Plan Rows": 33, "Plan Width": 20, "Inner Unique": false, "Plans": [{"Node Type": "Index Scan", "Parent Relationship": "Outer", "Scan Direction": "Forward", "Index Name": "keyword_pkey", "Relation Name": "keyword", "Alias": "k", "Startup Cost": 0.0, "Total Cost": 3182.72, "Plan Rows": 1, "Plan Width": 20, "Filter": "((keyword)::text = 'marvel-cinematic-universe'::text)"}, {"Node Type": "Index Scan", "Parent Relationship": "Inner", "Scan Direction": "Forward", "Index Name": "keyword_id_movie_keyword", "Relation Name": "movie_keyword", "Alias": "mk", "Startup Cost": 0.0, "Total Cost": 136.88, "Plan Rows": 33, "Plan Width": 8, "Index Cond": "(keyword_id = k.id)"}]}, {"Node Type": "Index Scan", "Parent Relationship": "Inner", "Scan Direction": "Forward", "Index Name": "movie_id_cast_info", "Relation Name": "cast_info", "Alias": "ci", "Startup Cost": 0.0, "Total Cost": 0.7, "Plan Rows": 6, "Plan Width": 8, "Index Cond": "(movie_id = mk.movie_id)"}]}, {"Node Type": "Index Scan", "Parent Relationship": "Inner", "Scan Direction": "Forward", "Index Name": "name_pkey", "Relation Name": "name", "Alias": "n", "Startup Cost": 0.0, "Total Cost": 0.28, "Plan Rows": 1, "Plan Width": 19, "Index Cond": "(id = ci.person_id)", "Filter": "((name)::text ~~ '%Downey%Robert%'::text)"}]}, {"Node Type": "Index Scan", "Parent Relationship": "Inner", "Scan Direction": "Forward", "Index Name": "title_pkey", "Relation Name": "title", "Alias": "t", "Startup Cost": 0.0, "Total Cost": 0.28, "Plan Rows": 1, "Plan Width": 21, "Index Cond": "(id = ci.movie_id)", "Filter": "(production_year > 2010)"}]}]}, "Unique SQL Id": 4208751436, "Planner Runtime": 1}, "explain_analyze_plan": {"Plan": {"Node Type": "Aggregate", "Strategy": "Plain", "Startup Cost": 3404.02, "Total Cost": 3404.03, "Plan Rows": 1, "Plan Width": 144, "Actual Startup Time": 123.981, "Actual Total Time": 123.983, "Actual Rows": 1, "Actual Loops": 1, "Plans": [{"Node Type": "Nested Loop", "Parent Relationship": "Outer", "Join Type": "Inner", "Startup Cost": 0.0, "Total Cost": 3404.01, "Plan Rows": 1, "Plan Width": 48, "Actual Startup Time": 8.671, "Actual Total Time": 123.935, "Actual Rows": 6, "Actual Loops": 1, "Inner Unique": true, "Join Filter": "(mk.movie_id = t.id)", "Rows Removed by Join Filter": 0, "Plans": [{"Node Type": "Nested Loop", "Parent Relationship": "Outer", "Join Type": "Inner", "Startup Cost": 0.0, "Total Cost": 3403.72, "Plan Rows": 1, "Plan Width": 39, "Actual Startup Time": 8.653, "Actual Total Time": 123.882, "Actual Rows": 6, "Actual Loops": 1, "Inner Unique": true, "Plans": [{"Node Type": "Nested Loop", "Parent Relationship": "Outer", "Join Type": "Inner", "Startup Cost": 0.0, "Total Cost": 3345.17, "Plan Rows": 202, "Plan Width": 28, "Actual Startup Time": 7.067, "Actual Total Time": 116.917, "Actual Rows": 1242, "Actual Loops": 1, "Inner Unique": false, "Plans": [{"Node Type": "Nested Loop", "Parent Relationship": "Outer", "Join Type": "Inner", "Startup Cost": 0.0, "Total Cost": 3319.92, "Plan Rows": 33, "Plan Width": 20, "Actual Startup Time": 7.054, "Actual Total Time": 114.743, "Actual Rows": 14, "Actual Loops": 1, "Inner Unique": false, "Plans": [{"Node Type": "Index Scan", "Parent Relationship": "Outer", "Scan Direction": "Forward", "Index Name": "keyword_pkey", "Relation Name": "keyword", "Alias": "k", "Startup Cost": 0.0, "Total Cost": 3182.72, "Plan Rows": 1, "Plan Width": 20, "Actual Startup Time": 7.038, "Actual Total Time": 114.697, "Actual Rows": 1, "Actual Loops": 1, "Filter": "((keyword)::text = 'marvel-cinematic-universe'::text)", "Rows Removed by Filter": 134168}, {"Node Type": "Index Scan", "Parent Relationship": "Inner", "Scan Direction": "Forward", "Index Name": "keyword_id_movie_keyword", "Relation Name": "movie_keyword", "Alias": "mk", "Startup Cost": 0.0, "Total Cost": 136.88, "Plan Rows": 33, "Plan Width": 8, "Actual Startup Time": 0.012, "Actual Total Time": 0.034, "Actual Rows": 14, "Actual Loops": 1, "Index Cond": "(keyword_id = k.id)", "Rows Removed by Index Recheck": 0}]}, {"Node Type": "Index Scan", "Parent Relationship": "Inner", "Scan Direction": "Forward", "Index Name": "movie_id_cast_info", "Relation Name": "cast_info", "Alias": "ci", "Startup Cost": 0.0, "Total Cost": 0.7, "Plan Rows": 6, "Plan Width": 8, "Actual Startup Time": 0.159, "Actual Total Time": 1.869, "Actual Rows": 1242, "Actual Loops": 14, "Index Cond": "(movie_id = mk.movie_id)", "Rows Removed by Index Recheck": 0}]}, {"Node Type": "Index Scan", "Parent Relationship": "Inner", "Scan Direction": "Forward", "Index Name": "name_pkey", "Relation Name": "name", "Alias": "n", "Startup Cost": 0.0, "Total Cost": 0.28, "Plan Rows": 1, "Plan Width": 19, "Actual Startup Time": 6.305, "Actual Total Time": 6.305, "Actual Rows": 6, "Actual Loops": 1242, "Index Cond": "(id = ci.person_id)", "Rows Removed by Index Recheck": 0, "Filter": "((name)::text ~~ '%Downey%Robert%'::text)", "Rows Removed by Filter": 1236}]}, {"Node Type": "Index Scan", "Parent Relationship": "Inner", "Scan Direction": "Forward", "Index Name": "title_pkey", "Relation Name": "title", "Alias": "t", "Startup Cost": 0.0, "Total Cost": 0.28, "Plan Rows": 1, "Plan Width": 21, "Actual Startup Time": 0.04, "Actual Total Time": 0.04, "Actual Rows": 6, "Actual Loops": 6, "Index Cond": "(id = ci.movie_id)", "Rows Removed by Index Recheck": 0, "Filter": "(production_year > 2010)", "Rows Removed by Filter": 0}]}]}, "Triggers": [], "Planner Runtime": 8.449, "Total Runtime": 124.25, "Unique SQL Id": 4208751436}}, "(64, '122')": {"explain_plan": {"Plan": {"Node Type": "Aggregate", "Strategy": "Plain", "Startup Cost": 500724.99, "Total Cost": 500725.0, "Plan Rows": 1, "Plan Width": 144, "Plans": [{"Node Type": "Nested Loop", "Parent Relationship": "Outer", "Join Type": "Inner", "Startup Cost": 0.0, "Total Cost": 500724.98, "Plan Rows": 1, "Plan Width": 48, "Inner Unique": true, "Join Filter": "(mk.movie_id = t.id)", "Plans": [{"Node Type": "Nested Loop", "Parent Relationship": "Outer", "Join Type": "Inner", "Startup Cost": 0.0, "Total Cost": 423718.92, "Plan Rows": 1, "Plan Width": 39, "Inner Unique": false, "Join Filter": "(ci.person_id = n.id)", "Plans": [{"Node Type": "Streaming(type: LOCAL GATHER dop: 1/64)", "Parent Relationship": "Outer", "Startup Cost": 0.0, "Total Cost": 64625.6, "Plan Rows": 415, "Plan Width": 19, "Plans": [{"Node Type": "Seq Scan", "Parent Relationship": "Outer", "Relation Name": "name", "Alias": "n", "Startup Cost": 0.0, "Total Cost": 64617.04, "Plan Rows": 415, "Plan Width": 19, "Filter": "((name)::text ~~ '%Downey%Robert%'::text)"}]}, {"Node Type": "Materialize", "Parent Relationship": "Inner", "Startup Cost": 0.0, "Total Cost": 357836.37, "Plan Rows": 202, "Plan Width": 28, "Plans": [{"Node Type": "Streaming(type: LOCAL GATHER dop: 1/64)", "Parent Relationship": "Outer", "Startup Cost": 0.0, "Total Cost": 357835.36, "Plan Rows": 202, "Plan Width": 28, "Plans": [{"Node Type": "Nested Loop", "Parent Relationship": "Outer", "Join Type": "Inner", "Startup Cost": 0.0, "Total Cost": 357831.19, "Plan Rows": 202, "Plan Width": 28, "Inner Unique": false, "Join Filter": "(mk.movie_id = ci.movie_id)", "Plans": [{"Node Type": "Streaming(type: LOCAL REDISTRIBUTE dop: 64/1)", "Parent Relationship": "Outer", "Startup Cost": 0.0, "Total Cost": 184427.86, "Plan Rows": 33, "Plan Width": 20, "Plans": [{"Node Type": "Nested Loop", "Parent Relationship": "Outer", "Join Type": "Inner", "Startup Cost": 0.0, "Total Cost": 121426.52, "Plan Rows": 33, "Plan Width": 20, "Inner Unique": false, "Join Filter": "(k.id = mk.keyword_id)", "Plans": [{"Node Type": "Seq Scan", "Parent Relationship": "Outer", "Relation Name": "keyword", "Alias": "k", "Startup Cost": 0.0, "Total Cost": 2436.11, "Plan Rows": 1, "Plan Width": 20, "Filter": "((keyword)::text = 'marvel-cinematic-universe'::text)"}, {"Node Type": "Seq Scan", "Parent Relationship": "Inner", "Relation Name": "movie_keyword", "Alias": "mk", "Startup Cost": 0.0, "Total Cost": 62441.29, "Plan Rows": 4523929, "Plan Width": 8}]}]}, {"Node Type": "Materialize", "Parent Relationship": "Inner", "Startup Cost": 0.0, "Total Cost": 260400.45, "Plan Rows": 36259494, "Plan Width": 8, "Plans": [{"Node Type": "Streaming(type: LOCAL REDISTRIBUTE dop: 64/64)", "Parent Relationship": "Outer", "Startup Cost": 0.0, "Total Cost": 169751.72, "Plan Rows": 36259494, "Plan Width": 8, "Plans": [{"Node Type": "Seq Scan", "Parent Relationship": "Outer", "Relation Name": "cast_info", "Alias": "ci", "Startup Cost": 0.0, "Total Cost": 72404.34, "Plan Rows": 36259494, "Plan Width": 8}]}]}]}]}]}]}, {"Node Type": "Materialize", "Parent Relationship": "Inner", "Startup Cost": 0.0, "Total Cost": 73091.56, "Plan Rows": 391451, "Plan Width": 21, "Plans": [{"Node Type": "Streaming(type: LOCAL GATHER dop: 1/64)", "Parent Relationship": "Outer", "Startup Cost": 0.0, "Total Cost": 72112.93, "Plan Rows": 391451, "Plan Width": 21, "Plans": [{"Node Type": "Seq Scan", "Parent Relationship": "Outer", "Relation Name": "title", "Alias": "t", "Startup Cost": 0.0, "Total Cost": 64037.34, "Plan Rows": 391451, "Plan Width": 21, "Filter": "(production_year > 2010), (LLVM Optimized)"}]}]}]}]}, "Unique SQL Id": 4208751436, "Planner Runtime": 2}, "explain_analyze_plan": null}, "(64, '123')": {"explain_plan": {"Plan": {"Node Type": "Aggregate", "Strategy": "Plain", "Startup Cost": 5000223041129.71, "Total Cost": 5000223041129.72, "Plan Rows": 1, "Plan Width": 144, "Plans": [{"Node Type": "Nested Loop", "Parent Relationship": "Outer", "Join Type": "Inner", "Startup Cost": 50000000000.0, "Total Cost": 5000223041129.7, "Plan Rows": 1, "Plan Width": 48, "Inner Unique": true, "Join Filter": "(mk.movie_id = t.id)", "Plans": [{"Node Type": "Nested Loop", "Parent Relationship": "Outer", "Join Type": "Inner", "Startup Cost": 40000000000.0, "Total Cost": 4000223041101.96, "Plan Rows": 1, "Plan Width": 39, "Inner Unique": true, "Join Filter": "(ci.person_id = n.id)", "Plans": [{"Node Type": "Nested Loop", "Parent Relationship": "Outer", "Join Type": "Inner", "Startup Cost": 30000000000.0, "Total Cost": 3000204374696.26, "Plan Rows": 202, "Plan Width": 28, "Inner Unique": false, "Join Filter": "(mk.movie_id = ci.movie_id)", "Plans": [{"Node Type": "Nested Loop", "Parent Relationship": "Outer", "Join Type": "Inner", "Startup Cost": 20000000000.0, "Total Cost": 2000015686764.79, "Plan Rows": 33, "Plan Width": 20, "Inner Unique": true, "Join Filter": "(k.id = mk.keyword_id)", "Plans": [{"Node Type": "Index Scan", "Parent Relationship": "Outer", "Scan Direction": "Forward", "Index Name": "movie_id_movie_keyword", "Relation Name": "movie_keyword", "Alias": "mk", "Startup Cost": 10000000000.0, "Total Cost": 1000015300634.17, "Plan Rows": 4523929, "Plan Width": 8}, {"Node Type": "Materialize", "Parent Relationship": "Inner", "Startup Cost": 10000000000.0, "Total Cost": 1000000318271.69, "Plan Rows": 1, "Plan Width": 20, "Plans": [{"Node Type": "Index Scan", "Parent Relationship": "Outer", "Scan Direction": "Forward", "Index Name": "keyword_pkey", "Relation Name": "keyword", "Alias": "k", "Startup Cost": 10000000000.0, "Total Cost": 1000000318271.68, "Plan Rows": 1, "Plan Width": 20, "Filter": "((keyword)::text = 'marvel-cinematic-universe'::text)"}]}]}, {"Node Type": "Materialize", "Parent Relationship": "Inner", "Startup Cost": 10000000000.0, "Total Cost": 1000170830130.68, "Plan Rows": 36259494, "Plan Width": 8, "Plans": [{"Node Type": "Index Scan", "Parent Relationship": "Outer", "Scan Direction": "Forward", "Index Name": "person_id_cast_info", "Relation Name": "cast_info", "Alias": "ci", "Startup Cost": 10000000000.0, "Total Cost": 1000170648833.21, "Plan Rows": 36259494, "Plan Width": 8}]}]}, {"Node Type": "Materialize", "Parent Relationship": "Inner", "Startup Cost": 10000000000.0, "Total Cost": 1000018665149.28, "Plan Rows": 415, "Plan Width": 19, "Plans": [{"Node Type": "Index Scan", "Parent Relationship": "Outer", "Scan Direction": "Forward", "Index Name": "name_pkey", "Relation Name": "name", "Alias": "n", "Startup Cost": 10000000000.0, "Total Cost": 1000018665147.2, "Plan Rows": 415, "Plan Width": 19, "Filter": "((name)::text ~~ '%Downey%Robert%'::text)"}]}]}, {"Node Type": "Index Scan", "Parent Relationship": "Inner", "Scan Direction": "Forward", "Index Name": "title_pkey", "Relation Name": "title", "Alias": "t", "Startup Cost": 10000000000.0, "Total Cost": 1000000000027.74, "Plan Rows": 1, "Plan Width": 21, "Index Cond": "(id = ci.movie_id)", "Filter": "(production_year > 2010)"}]}]}, "Unique SQL Id": 4208751436, "Planner Runtime": 1}, "explain_analyze_plan": null}, "(64, '124')": {"explain_plan": {"Plan": {"Node Type": "Aggregate", "Strategy": "Plain", "Startup Cost": 2657.42, "Total Cost": 2657.43, "Plan Rows": 1, "Plan Width": 144, "Plans": [{"Node Type": "Nested Loop", "Parent Relationship": "Outer", "Join Type": "Inner", "Startup Cost": 0.0, "Total Cost": 2657.41, "Plan Rows": 1, "Plan Width": 48, "Inner Unique": true, "Join Filter": "(mk.movie_id = t.id)", "Plans": [{"Node Type": "Nested Loop", "Parent Relationship": "Outer", "Join Type": "Inner", "Startup Cost": 0.0, "Total Cost": 2657.12, "Plan Rows": 1, "Plan Width": 39, "Inner Unique": true, "Plans": [{"Node Type": "Nested Loop", "Parent Relationship": "Outer", "Join Type": "Inner", "Startup Cost": 0.0, "Total Cost": 2598.56, "Plan Rows": 202, "Plan Width": 28, "Inner Unique": false, "Plans": [{"Node Type": "Nested Loop", "Parent Relationship": "Outer", "Join Type": "Inner", "Startup Cost": 0.0, "Total Cost": 2573.32, "Plan Rows": 33, "Plan Width": 20, "Inner Unique": false, "Plans": [{"Node Type": "Seq Scan", "Parent Relationship": "Outer", "Relation Name": "keyword", "Alias": "k", "Startup Cost": 0.0, "Total Cost": 2436.11, "Plan Rows": 1, "Plan Width": 20, "Filter": "((keyword)::text = 'marvel-cinematic-universe'::text)"}, {"Node Type": "Index Scan", "Parent Relationship": "Inner", "Scan Direction": "Forward", "Index Name": "keyword_id_movie_keyword", "Relation Name": "movie_keyword", "Alias": "mk", "Startup Cost": 0.0, "Total Cost": 136.88, "Plan Rows": 33, "Plan Width": 8, "Index Cond": "(keyword_id = k.id)"}]}, {"Node Type": "Index Scan", "Parent Relationship": "Inner", "Scan Direction": "Forward", "Index Name": "movie_id_cast_info", "Relation Name": "cast_info", "Alias": "ci", "Startup Cost": 0.0, "Total Cost": 0.7, "Plan Rows": 6, "Plan Width": 8, "Index Cond": "(movie_id = mk.movie_id)"}]}, {"Node Type": "Index Scan", "Parent Relationship": "Inner", "Scan Direction": "Forward", "Index Name": "name_pkey", "Relation Name": "name", "Alias": "n", "Startup Cost": 0.0, "Total Cost": 0.28, "Plan Rows": 1, "Plan Width": 19, "Index Cond": "(id = ci.person_id)", "Filter": "((name)::text ~~ '%Downey%Robert%'::text)"}]}, {"Node Type": "Index Scan", "Parent Relationship": "Inner", "Scan Direction": "Forward", "Index Name": "title_pkey", "Relation Name": "title", "Alias": "t", "Startup Cost": 0.0, "Total Cost": 0.28, "Plan Rows": 1, "Plan Width": 21, "Index Cond": "(id = ci.movie_id)", "Filter": "(production_year > 2010)"}]}]}, "Unique SQL Id": 4208751436, "Planner Runtime": 2}, "explain_analyze_plan": {"Plan": {"Node Type": "Aggregate", "Strategy": "Plain", "Startup Cost": 2657.42, "Total Cost": 2657.43, "Plan Rows": 1, "Plan Width": 144, "Actual Startup Time": 53.179, "Actual Total Time": 53.179, "Actual Rows": 1, "Actual Loops": 1, "Plans": [{"Node Type": "Nested Loop", "Parent Relationship": "Outer", "Join Type": "Inner", "Startup Cost": 0.0, "Total Cost": 2657.41, "Plan Rows": 1, "Plan Width": 48, "Actual Startup Time": 3.067, "Actual Total Time": 53.134, "Actual Rows": 6, "Actual Loops": 1, "Inner Unique": true, "Join Filter": "(mk.movie_id = t.id)", "Rows Removed by Join Filter": 0, "Plans": [{"Node Type": "Nested Loop", "Parent Relationship": "Outer", "Join Type": "Inner", "Startup Cost": 0.0, "Total Cost": 2657.12, "Plan Rows": 1, "Plan Width": 39, "Actual Startup Time": 3.044, "Actual Total Time": 53.073, "Actual Rows": 6, "Actual Loops": 1, "Inner Unique": true, "Plans": [{"Node Type": "Nested Loop", "Parent Relationship": "Outer", "Join Type": "Inner", "Startup Cost": 0.0, "Total Cost": 2598.56, "Plan Rows": 202, "Plan Width": 28, "Actual Startup Time": 1.153, "Actual Total Time": 45.245, "Actual Rows": 1242, "Actual Loops": 1, "Inner Unique": false, "Plans": [{"Node Type": "Nested Loop", "Parent Relationship": "Outer", "Join Type": "Inner", "Startup Cost": 0.0, "Total Cost": 2573.32, "Plan Rows": 33, "Plan Width": 20, "Actual Startup Time": 1.139, "Actual Total Time": 42.599, "Actual Rows": 14, "Actual Loops": 1, "Inner Unique": false, "Plans": [{"Node Type": "Seq Scan", "Parent Relationship": "Outer", "Relation Name": "keyword", "Alias": "k", "Startup Cost": 0.0, "Total Cost": 2436.11, "Plan Rows": 1, "Plan Width": 20, "Actual Startup Time": 1.116, "Actual Total Time": 42.539, "Actual Rows": 1, "Actual Loops": 1, "Filter": "((keyword)::text = 'marvel-cinematic-universe'::text)", "Rows Removed by Filter": 134168}, {"Node Type": "Index Scan", "Parent Relationship": "Inner", "Scan Direction": "Forward", "Index Name": "keyword_id_movie_keyword", "Relation Name": "movie_keyword", "Alias": "mk", "Startup Cost": 0.0, "Total Cost": 136.88, "Plan Rows": 33, "Plan Width": 8, "Actual Startup Time": 0.018, "Actual Total Time": 0.043, "Actual Rows": 14, "Actual Loops": 1, "Index Cond": "(keyword_id = k.id)", "Rows Removed by Index Recheck": 0}]}, {"Node Type": "Index Scan", "Parent Relationship": "Inner", "Scan Direction": "Forward", "Index Name": "movie_id_cast_info", "Relation Name": "cast_info", "Alias": "ci", "Startup Cost": 0.0, "Total Cost": 0.7, "Plan Rows": 6, "Plan Width": 8, "Actual Startup Time": 0.179, "Actual Total Time": 2.353, "Actual Rows": 1242, "Actual Loops": 14, "Index Cond": "(movie_id = mk.movie_id)", "Rows Removed by Index Recheck": 0}]}, {"Node Type": "Index Scan", "Parent Relationship": "Inner", "Scan Direction": "Forward", "Index Name": "name_pkey", "Relation Name": "name", "Alias": "n", "Startup Cost": 0.0, "Total Cost": 0.28, "Plan Rows": 1, "Plan Width": 19, "Actual Startup Time": 7.21, "Actual Total Time": 7.21, "Actual Rows": 6, "Actual Loops": 1242, "Index Cond": "(id = ci.person_id)", "Rows Removed by Index Recheck": 0, "Filter": "((name)::text ~~ '%Downey%Robert%'::text)", "Rows Removed by Filter": 1236}]}, {"Node Type": "Index Scan", "Parent Relationship": "Inner", "Scan Direction": "Forward", "Index Name": "title_pkey", "Relation Name": "title", "Alias": "t", "Startup Cost": 0.0, "Total Cost": 0.28, "Plan Rows": 1, "Plan Width": 21, "Actual Startup Time": 0.042, "Actual Total Time": 0.042, "Actual Rows": 6, "Actual Loops": 6, "Index Cond": "(id = ci.movie_id)", "Rows Removed by Index Recheck": 0, "Filter": "(production_year > 2010)", "Rows Removed by Filter": 0}]}]}, "Triggers": [], "Planner Runtime": 9.561, "Total Runtime": 53.444, "Unique SQL Id": 4208751436}}, "(64, '125')": {"explain_plan": {"Plan": {"Node Type": "Aggregate", "Strategy": "Plain", "Startup Cost": 3404.02, "Total Cost": 3404.03, "Plan Rows": 1, "Plan Width": 144, "Plans": [{"Node Type": "Nested Loop", "Parent Relationship": "Outer", "Join Type": "Inner", "Startup Cost": 0.0, "Total Cost": 3404.01, "Plan Rows": 1, "Plan Width": 48, "Inner Unique": true, "Join Filter": "(mk.movie_id = t.id)", "Plans": [{"Node Type": "Nested Loop", "Parent Relationship": "Outer", "Join Type": "Inner", "Startup Cost": 0.0, "Total Cost": 3403.72, "Plan Rows": 1, "Plan Width": 39, "Inner Unique": true, "Plans": [{"Node Type": "Nested Loop", "Parent Relationship": "Outer", "Join Type": "Inner", "Startup Cost": 0.0, "Total Cost": 3345.17, "Plan Rows": 202, "Plan Width": 28, "Inner Unique": false, "Plans": [{"Node Type": "Nested Loop", "Parent Relationship": "Outer", "Join Type": "Inner", "Startup Cost": 0.0, "Total Cost": 3319.92, "Plan Rows": 33, "Plan Width": 20, "Inner Unique": false, "Plans": [{"Node Type": "Index Scan", "Parent Relationship": "Outer", "Scan Direction": "Forward", "Index Name": "keyword_pkey", "Relation Name": "keyword", "Alias": "k", "Startup Cost": 0.0, "Total Cost": 3182.72, "Plan Rows": 1, "Plan Width": 20, "Filter": "((keyword)::text = 'marvel-cinematic-universe'::text)"}, {"Node Type": "Index Scan", "Parent Relationship": "Inner", "Scan Direction": "Forward", "Index Name": "keyword_id_movie_keyword", "Relation Name": "movie_keyword", "Alias": "mk", "Startup Cost": 0.0, "Total Cost": 136.88, "Plan Rows": 33, "Plan Width": 8, "Index Cond": "(keyword_id = k.id)"}]}, {"Node Type": "Index Scan", "Parent Relationship": "Inner", "Scan Direction": "Forward", "Index Name": "movie_id_cast_info", "Relation Name": "cast_info", "Alias": "ci", "Startup Cost": 0.0, "Total Cost": 0.7, "Plan Rows": 6, "Plan Width": 8, "Index Cond": "(movie_id = mk.movie_id)"}]}, {"Node Type": "Index Scan", "Parent Relationship": "Inner", "Scan Direction": "Forward", "Index Name": "name_pkey", "Relation Name": "name", "Alias": "n", "Startup Cost": 0.0, "Total Cost": 0.28, "Plan Rows": 1, "Plan Width": 19, "Index Cond": "(id = ci.person_id)", "Filter": "((name)::text ~~ '%Downey%Robert%'::text)"}]}, {"Node Type": "Index Scan", "Parent Relationship": "Inner", "Scan Direction": "Forward", "Index Name": "title_pkey", "Relation Name": "title", "Alias": "t", "Startup Cost": 0.0, "Total Cost": 0.28, "Plan Rows": 1, "Plan Width": 21, "Index Cond": "(id = ci.movie_id)", "Filter": "(production_year > 2010)"}]}]}, "Unique SQL Id": 4208751436, "Planner Runtime": 1}, "explain_analyze_plan": {"Plan": {"Node Type": "Aggregate", "Strategy": "Plain", "Startup Cost": 3404.02, "Total Cost": 3404.03, "Plan Rows": 1, "Plan Width": 144, "Actual Startup Time": 123.981, "Actual Total Time": 123.983, "Actual Rows": 1, "Actual Loops": 1, "Plans": [{"Node Type": "Nested Loop", "Parent Relationship": "Outer", "Join Type": "Inner", "Startup Cost": 0.0, "Total Cost": 3404.01, "Plan Rows": 1, "Plan Width": 48, "Actual Startup Time": 8.671, "Actual Total Time": 123.935, "Actual Rows": 6, "Actual Loops": 1, "Inner Unique": true, "Join Filter": "(mk.movie_id = t.id)", "Rows Removed by Join Filter": 0, "Plans": [{"Node Type": "Nested Loop", "Parent Relationship": "Outer", "Join Type": "Inner", "Startup Cost": 0.0, "Total Cost": 3403.72, "Plan Rows": 1, "Plan Width": 39, "Actual Startup Time": 8.653, "Actual Total Time": 123.882, "Actual Rows": 6, "Actual Loops": 1, "Inner Unique": true, "Plans": [{"Node Type": "Nested Loop", "Parent Relationship": "Outer", "Join Type": "Inner", "Startup Cost": 0.0, "Total Cost": 3345.17, "Plan Rows": 202, "Plan Width": 28, "Actual Startup Time": 7.067, "Actual Total Time": 116.917, "Actual Rows": 1242, "Actual Loops": 1, "Inner Unique": false, "Plans": [{"Node Type": "Nested Loop", "Parent Relationship": "Outer", "Join Type": "Inner", "Startup Cost": 0.0, "Total Cost": 3319.92, "Plan Rows": 33, "Plan Width": 20, "Actual Startup Time": 7.054, "Actual Total Time": 114.743, "Actual Rows": 14, "Actual Loops": 1, "Inner Unique": false, "Plans": [{"Node Type": "Index Scan", "Parent Relationship": "Outer", "Scan Direction": "Forward", "Index Name": "keyword_pkey", "Relation Name": "keyword", "Alias": "k", "Startup Cost": 0.0, "Total Cost": 3182.72, "Plan Rows": 1, "Plan Width": 20, "Actual Startup Time": 7.038, "Actual Total Time": 114.697, "Actual Rows": 1, "Actual Loops": 1, "Filter": "((keyword)::text = 'marvel-cinematic-universe'::text)", "Rows Removed by Filter": 134168}, {"Node Type": "Index Scan", "Parent Relationship": "Inner", "Scan Direction": "Forward", "Index Name": "keyword_id_movie_keyword", "Relation Name": "movie_keyword", "Alias": "mk", "Startup Cost": 0.0, "Total Cost": 136.88, "Plan Rows": 33, "Plan Width": 8, "Actual Startup Time": 0.012, "Actual Total Time": 0.034, "Actual Rows": 14, "Actual Loops": 1, "Index Cond": "(keyword_id = k.id)", "Rows Removed by Index Recheck": 0}]}, {"Node Type": "Index Scan", "Parent Relationship": "Inner", "Scan Direction": "Forward", "Index Name": "movie_id_cast_info", "Relation Name": "cast_info", "Alias": "ci", "Startup Cost": 0.0, "Total Cost": 0.7, "Plan Rows": 6, "Plan Width": 8, "Actual Startup Time": 0.159, "Actual Total Time": 1.869, "Actual Rows": 1242, "Actual Loops": 14, "Index Cond": "(movie_id = mk.movie_id)", "Rows Removed by Index Recheck": 0}]}, {"Node Type": "Index Scan", "Parent Relationship": "Inner", "Scan Direction": "Forward", "Index Name": "name_pkey", "Relation Name": "name", "Alias": "n", "Startup Cost": 0.0, "Total Cost": 0.28, "Plan Rows": 1, "Plan Width": 19, "Actual Startup Time": 6.305, "Actual Total Time": 6.305, "Actual Rows": 6, "Actual Loops": 1242, "Index Cond": "(id = ci.person_id)", "Rows Removed by Index Recheck": 0, "Filter": "((name)::text ~~ '%Downey%Robert%'::text)", "Rows Removed by Filter": 1236}]}, {"Node Type": "Index Scan", "Parent Relationship": "Inner", "Scan Direction": "Forward", "Index Name": "title_pkey", "Relation Name": "title", "Alias": "t", "Startup Cost": 0.0, "Total Cost": 0.28, "Plan Rows": 1, "Plan Width": 21, "Actual Startup Time": 0.04, "Actual Total Time": 0.04, "Actual Rows": 6, "Actual Loops": 6, "Index Cond": "(id = ci.movie_id)", "Rows Removed by Index Recheck": 0, "Filter": "(production_year > 2010)", "Rows Removed by Filter": 0}]}]}, "Triggers": [], "Planner Runtime": 8.449, "Total Runtime": 124.25, "Unique SQL Id": 4208751436}}, "(64, '126')": {"explain_plan": {"Plan": {"Node Type": "Aggregate", "Strategy": "Plain", "Startup Cost": 500724.99, "Total Cost": 500725.0, "Plan Rows": 1, "Plan Width": 144, "Plans": [{"Node Type": "Nested Loop", "Parent Relationship": "Outer", "Join Type": "Inner", "Startup Cost": 0.0, "Total Cost": 500724.98, "Plan Rows": 1, "Plan Width": 48, "Inner Unique": true, "Join Filter": "(mk.movie_id = t.id)", "Plans": [{"Node Type": "Nested Loop", "Parent Relationship": "Outer", "Join Type": "Inner", "Startup Cost": 0.0, "Total Cost": 423718.92, "Plan Rows": 1, "Plan Width": 39, "Inner Unique": false, "Join Filter": "(ci.person_id = n.id)", "Plans": [{"Node Type": "Streaming(type: LOCAL GATHER dop: 1/64)", "Parent Relationship": "Outer", "Startup Cost": 0.0, "Total Cost": 64625.6, "Plan Rows": 415, "Plan Width": 19, "Plans": [{"Node Type": "Seq Scan", "Parent Relationship": "Outer", "Relation Name": "name", "Alias": "n", "Startup Cost": 0.0, "Total Cost": 64617.04, "Plan Rows": 415, "Plan Width": 19, "Filter": "((name)::text ~~ '%Downey%Robert%'::text)"}]}, {"Node Type": "Materialize", "Parent Relationship": "Inner", "Startup Cost": 0.0, "Total Cost": 357836.37, "Plan Rows": 202, "Plan Width": 28, "Plans": [{"Node Type": "Streaming(type: LOCAL GATHER dop: 1/64)", "Parent Relationship": "Outer", "Startup Cost": 0.0, "Total Cost": 357835.36, "Plan Rows": 202, "Plan Width": 28, "Plans": [{"Node Type": "Nested Loop", "Parent Relationship": "Outer", "Join Type": "Inner", "Startup Cost": 0.0, "Total Cost": 357831.19, "Plan Rows": 202, "Plan Width": 28, "Inner Unique": false, "Join Filter": "(mk.movie_id = ci.movie_id)", "Plans": [{"Node Type": "Streaming(type: LOCAL REDISTRIBUTE dop: 64/1)", "Parent Relationship": "Outer", "Startup Cost": 0.0, "Total Cost": 184427.86, "Plan Rows": 33, "Plan Width": 20, "Plans": [{"Node Type": "Nested Loop", "Parent Relationship": "Outer", "Join Type": "Inner", "Startup Cost": 0.0, "Total Cost": 121426.52, "Plan Rows": 33, "Plan Width": 20, "Inner Unique": false, "Join Filter": "(k.id = mk.keyword_id)", "Plans": [{"Node Type": "Seq Scan", "Parent Relationship": "Outer", "Relation Name": "keyword", "Alias": "k", "Startup Cost": 0.0, "Total Cost": 2436.11, "Plan Rows": 1, "Plan Width": 20, "Filter": "((keyword)::text = 'marvel-cinematic-universe'::text)"}, {"Node Type": "Seq Scan", "Parent Relationship": "Inner", "Relation Name": "movie_keyword", "Alias": "mk", "Startup Cost": 0.0, "Total Cost": 62441.29, "Plan Rows": 4523929, "Plan Width": 8}]}]}, {"Node Type": "Materialize", "Parent Relationship": "Inner", "Startup Cost": 0.0, "Total Cost": 260400.45, "Plan Rows": 36259494, "Plan Width": 8, "Plans": [{"Node Type": "Streaming(type: LOCAL REDISTRIBUTE dop: 64/64)", "Parent Relationship": "Outer", "Startup Cost": 0.0, "Total Cost": 169751.72, "Plan Rows": 36259494, "Plan Width": 8, "Plans": [{"Node Type": "Seq Scan", "Parent Relationship": "Outer", "Relation Name": "cast_info", "Alias": "ci", "Startup Cost": 0.0, "Total Cost": 72404.34, "Plan Rows": 36259494, "Plan Width": 8}]}]}]}]}]}]}, {"Node Type": "Materialize", "Parent Relationship": "Inner", "Startup Cost": 0.0, "Total Cost": 73091.56, "Plan Rows": 391451, "Plan Width": 21, "Plans": [{"Node Type": "Streaming(type: LOCAL GATHER dop: 1/64)", "Parent Relationship": "Outer", "Startup Cost": 0.0, "Total Cost": 72112.93, "Plan Rows": 391451, "Plan Width": 21, "Plans": [{"Node Type": "Seq Scan", "Parent Relationship": "Outer", "Relation Name": "title", "Alias": "t", "Startup Cost": 0.0, "Total Cost": 64037.34, "Plan Rows": 391451, "Plan Width": 21, "Filter": "(production_year > 2010), (LLVM Optimized)"}]}]}]}]}, "Unique SQL Id": 4208751436, "Planner Runtime": 2}, "explain_analyze_plan": null}, "(64, '127')": {"explain_plan": {"Plan": {"Node Type": "Aggregate", "Strategy": "Plain", "Startup Cost": 5000223041129.71, "Total Cost": 5000223041129.72, "Plan Rows": 1, "Plan Width": 144, "Plans": [{"Node Type": "Nested Loop", "Parent Relationship": "Outer", "Join Type": "Inner", "Startup Cost": 50000000000.0, "Total Cost": 5000223041129.7, "Plan Rows": 1, "Plan Width": 48, "Inner Unique": true, "Join Filter": "(mk.movie_id = t.id)", "Plans": [{"Node Type": "Nested Loop", "Parent Relationship": "Outer", "Join Type": "Inner", "Startup Cost": 40000000000.0, "Total Cost": 4000223041101.96, "Plan Rows": 1, "Plan Width": 39, "Inner Unique": true, "Join Filter": "(ci.person_id = n.id)", "Plans": [{"Node Type": "Nested Loop", "Parent Relationship": "Outer", "Join Type": "Inner", "Startup Cost": 30000000000.0, "Total Cost": 3000204374696.26, "Plan Rows": 202, "Plan Width": 28, "Inner Unique": false, "Join Filter": "(mk.movie_id = ci.movie_id)", "Plans": [{"Node Type": "Nested Loop", "Parent Relationship": "Outer", "Join Type": "Inner", "Startup Cost": 20000000000.0, "Total Cost": 2000015686764.79, "Plan Rows": 33, "Plan Width": 20, "Inner Unique": true, "Join Filter": "(k.id = mk.keyword_id)", "Plans": [{"Node Type": "Index Scan", "Parent Relationship": "Outer", "Scan Direction": "Forward", "Index Name": "movie_id_movie_keyword", "Relation Name": "movie_keyword", "Alias": "mk", "Startup Cost": 10000000000.0, "Total Cost": 1000015300634.17, "Plan Rows": 4523929, "Plan Width": 8}, {"Node Type": "Materialize", "Parent Relationship": "Inner", "Startup Cost": 10000000000.0, "Total Cost": 1000000318271.69, "Plan Rows": 1, "Plan Width": 20, "Plans": [{"Node Type": "Index Scan", "Parent Relationship": "Outer", "Scan Direction": "Forward", "Index Name": "keyword_pkey", "Relation Name": "keyword", "Alias": "k", "Startup Cost": 10000000000.0, "Total Cost": 1000000318271.68, "Plan Rows": 1, "Plan Width": 20, "Filter": "((keyword)::text = 'marvel-cinematic-universe'::text)"}]}]}, {"Node Type": "Materialize", "Parent Relationship": "Inner", "Startup Cost": 10000000000.0, "Total Cost": 1000170830130.68, "Plan Rows": 36259494, "Plan Width": 8, "Plans": [{"Node Type": "Index Scan", "Parent Relationship": "Outer", "Scan Direction": "Forward", "Index Name": "person_id_cast_info", "Relation Name": "cast_info", "Alias": "ci", "Startup Cost": 10000000000.0, "Total Cost": 1000170648833.21, "Plan Rows": 36259494, "Plan Width": 8}]}]}, {"Node Type": "Materialize", "Parent Relationship": "Inner", "Startup Cost": 10000000000.0, "Total Cost": 1000018665149.28, "Plan Rows": 415, "Plan Width": 19, "Plans": [{"Node Type": "Index Scan", "Parent Relationship": "Outer", "Scan Direction": "Forward", "Index Name": "name_pkey", "Relation Name": "name", "Alias": "n", "Startup Cost": 10000000000.0, "Total Cost": 1000018665147.2, "Plan Rows": 415, "Plan Width": 19, "Filter": "((name)::text ~~ '%Downey%Robert%'::text)"}]}]}, {"Node Type": "Index Scan", "Parent Relationship": "Inner", "Scan Direction": "Forward", "Index Name": "title_pkey", "Relation Name": "title", "Alias": "t", "Startup Cost": 10000000000.0, "Total Cost": 1000000000027.74, "Plan Rows": 1, "Plan Width": 21, "Index Cond": "(id = ci.movie_id)", "Filter": "(production_year > 2010)"}]}]}, "Unique SQL Id": 4208751436, "Planner Runtime": 1}, "explain_analyze_plan": null}}